<?xml version="1.0" encoding="UTF-8"?>
<robot generator="Robot 7.0.1 (Python 3.12.4 on linux)" generated="2024-07-31T19:13:02.939137" rpa="false" schemaversion="5">
<suite id="s1" name="Tests" source="/home/runner/work/ApiRandomUser/ApiRandomUser/RamdonUser/tests">
<suite id="s1-s1" name="Random-User-Test" source="/home/runner/work/ApiRandomUser/ApiRandomUser/RamdonUser/tests/random-user-test.robot">
<test id="s1-s1-t1" name="Conectar" line="13">
<kw name="Conectar API" owner="random-user-service">
<kw name="Create Session" owner="RequestsLibrary">
<msg time="2024-07-31T19:13:03.352251" level="INFO">Creating Session using : alias=consultarAPI, url=https://randomuser.me/, headers={},                     cookies={}, auth=None, timeout=None, proxies=None, verify=False,                     debug=0 </msg>
<arg>consultarAPI</arg>
<arg>${URL}</arg>
<doc>Create Session: create a HTTP session to a server</doc>
<status status="PASS" start="2024-07-31T19:13:03.352047" elapsed="0.000389"/>
</kw>
<status status="PASS" start="2024-07-31T19:13:03.351006" elapsed="0.001829"/>
</kw>
<status status="PASS" start="2024-07-31T19:13:03.350443" elapsed="0.002585"/>
</test>
<test id="s1-s1-t2" name="Validar retorno 200 e JSON Válido" line="16">
<kw name="Teste de Requisicao Basica" owner="random-user-service">
<kw name="GET On Session" owner="RequestsLibrary">
<msg time="2024-07-31T19:13:03.547788" level="INFO">GET Request : url=https://randomuser.me/api 
 path_url=/api 
 headers={'User-Agent': 'python-requests/2.32.3', 'Accept-Encoding': 'gzip, deflate', 'Accept': '*/*', 'Connection': 'keep-alive'} 
 body=None 
 </msg>
<msg time="2024-07-31T19:13:03.547944" level="INFO">GET Response : url=https://randomuser.me/api 
 status=200, reason=OK 
 headers={'Date': 'Wed, 31 Jul 2024 19:13:03 GMT', 'Content-Type': 'application/json; charset=utf-8', 'Transfer-Encoding': 'chunked', 'Connection': 'keep-alive', 'X-Powered-By': 'Express', 'Access-Control-Allow-Origin': '*', 'Cache-Control': 'no-cache', 'ETag': 'W/"46c-YHbUQVhwrBvdjCTdkLETK1NavKY"', 'Vary': 'Accept-Encoding', 'Content-Encoding': 'gzip', 'CF-Cache-Status': 'DYNAMIC', 'Report-To': '{"endpoints":[{"url":"https:\\/\\/a.nel.cloudflare.com\\/report\\/v4?s=OdEwaRlD%2F4mdURdIkcAsGHQV8sAi0jDSWpopdh9Odk0xuwuR3Zk%2B4dvnfmTmhGcWtXG8H6rWdxyOBIGPyOdeFUGdWAJ9Z%2BQxAKkzuLpJi%2FJEsjG7Uwpi5PY6tZUMwHTl"}],"group":"cf-nel","max_age":604800}', 'NEL': '{"success_fraction":0,"report_to":"cf-nel","max_age":604800}', 'Server': 'cloudflare', 'CF-RAY': '8abfe74cdf820848-IAD', 'alt-svc': 'h3=":443"; ma=86400'} 
 body={"results":[{"gender":"male","name":{"title":"Mr","first":"Max","last":"Wood"},"location":{"street":{"number":9440,"name":"Napier-Hastings Expressway"},"city":"Greymouth","state":"Auckland","country":"New Zealand","postcode":79915,"coordinates":{"latitude":"52.4214","longitude":"-44.4383"},"timezone":{"offset":"+4:30","description":"Kabul"}},"email":"max.wood@example.com","login":{"uuid":"beaf930c-0e43-493c-90f5-61ddfa7cc1ab","username":"yellowgoose476","password":"5424","salt":"b3qoMmV1","md5":"96a42e6cba90b00b3497d2a2f1b70855","sha1":"62bb92913b4462cc63d4dedeb6cf4ea882a38a48","sha256":"ad7fdc57e0890eb8572252ecc35cebdc2e399006e0398683f0ca9e4123200ab7"},"dob":{"date":"1950-01-13T10:40:06.099Z","age":74},"registered":{"date":"2018-09-21T23:01:32.659Z","age":5},"phone":"(964)-780-6728","cell":"(048)-757-4998","id":{"name":"","value":null},"picture":{"large":"https://randomuser.me/api/portraits/men/82.jpg","medium":"https://randomuser.me/api/portraits/med/men/82.jpg","thumbnail":"https://randomuser.me/api/portraits/thumb/men/82.jpg"},"nat":"NZ"}],"info":{"seed":"de0fd5204058e6de","results":1,"page":1,"version":"1.4"}} 
 </msg>
<msg time="2024-07-31T19:13:03.548026" level="INFO">/opt/hostedtoolcache/Python/3.12.4/x64/lib/python3.12/site-packages/urllib3/connectionpool.py:1099: InsecureRequestWarning: Unverified HTTPS request is being made to host 'randomuser.me'. Adding certificate verification is strongly advised. See: https://urllib3.readthedocs.io/en/latest/advanced-usage.html#tls-warnings
  warnings.warn(</msg>
<msg time="2024-07-31T19:13:03.548194" level="INFO">${response} = &lt;Response [200]&gt;</msg>
<var>${response}</var>
<arg>consultarAPI</arg>
<arg>/api</arg>
<doc>Sends a GET request on a previously created HTTP Session.</doc>
<status status="PASS" start="2024-07-31T19:13:03.355590" elapsed="0.192648"/>
</kw>
<kw name="Should Be Equal As Numbers" owner="BuiltIn">
<msg time="2024-07-31T19:13:03.549352" level="INFO">Argument types are:
&lt;class 'int'&gt;
&lt;class 'str'&gt;</msg>
<arg>${response.status_code}</arg>
<arg>200</arg>
<doc>Fails if objects are unequal after converting them to real numbers.</doc>
<status status="PASS" start="2024-07-31T19:13:03.548830" elapsed="0.000593"/>
</kw>
<kw name="Log" owner="BuiltIn">
<msg time="2024-07-31T19:13:03.550208" level="INFO">200</msg>
<arg>${response.status_code}</arg>
<doc>Logs the given message with the given level.</doc>
<status status="PASS" start="2024-07-31T19:13:03.549821" elapsed="0.000432"/>
</kw>
<kw name="Set Variable" owner="BuiltIn">
<msg time="2024-07-31T19:13:03.551024" level="INFO">${json_data} = {'results': [{'gender': 'male', 'name': {'title': 'Mr', 'first': 'Max', 'last': 'Wood'}, 'location': {'street': {'number': 9440, 'name': 'Napier-Hastings Expressway'}, 'city': 'Greymouth', 'state': 'A...</msg>
<var>${json_data}</var>
<arg>${response.json()}</arg>
<doc>Returns the given values which can then be assigned to a variables.</doc>
<status status="PASS" start="2024-07-31T19:13:03.550576" elapsed="0.000476"/>
</kw>
<kw name="Dictionary Should Contain Key" owner="Collections">
<arg>${json_data}</arg>
<arg>results</arg>
<doc>Fails if ``key`` is not found from ``dictionary``.</doc>
<status status="PASS" start="2024-07-31T19:13:03.551370" elapsed="0.000341"/>
</kw>
<status status="PASS" start="2024-07-31T19:13:03.355337" elapsed="0.196531"/>
</kw>
<doc>Testa se a API responde corretamente e retorna um objeto JSON válido.</doc>
<tag>testeRequisicaoBasica</tag>
<status status="PASS" start="2024-07-31T19:13:03.354859" elapsed="0.197188"/>
</test>
<test id="s1-s1-t3" name="Validar estrutura de resposta" line="22">
<kw name="Teste de Estrutura de Resposta" owner="random-user-service">
<kw name="GET On Session" owner="RequestsLibrary">
<msg time="2024-07-31T19:13:03.686166" level="INFO">GET Request : url=https://randomuser.me/api 
 path_url=/api 
 headers={'User-Agent': 'python-requests/2.32.3', 'Accept-Encoding': 'gzip, deflate', 'Accept': '*/*', 'Connection': 'keep-alive'} 
 body=None 
 </msg>
<msg time="2024-07-31T19:13:03.686312" level="INFO">GET Response : url=https://randomuser.me/api 
 status=200, reason=OK 
 headers={'Date': 'Wed, 31 Jul 2024 19:13:03 GMT', 'Content-Type': 'application/json; charset=utf-8', 'Transfer-Encoding': 'chunked', 'Connection': 'keep-alive', 'X-Powered-By': 'Express', 'Access-Control-Allow-Origin': '*', 'Cache-Control': 'no-cache', 'ETag': 'W/"49d-LSAXElvQx0qTYUjnPRM/p6sQogs"', 'Vary': 'Accept-Encoding', 'Content-Encoding': 'gzip', 'CF-Cache-Status': 'DYNAMIC', 'Report-To': '{"endpoints":[{"url":"https:\\/\\/a.nel.cloudflare.com\\/report\\/v4?s=h7xgewgC04TtCpKJ6dlQhg42qTuP%2BtJeCVi23GPV5p3sawMz4sk5Z4y3f6PNvc0fjue9Y0EC5%2BkUfTeBQWCKVBMlXhPrTJk%2BJrJIJlumxyJFngV9NU7hJxhccMcLpeYt"}],"group":"cf-nel","max_age":604800}', 'NEL': '{"success_fraction":0,"report_to":"cf-nel","max_age":604800}', 'Server': 'cloudflare', 'CF-RAY': '8abfe74d3fe20848-IAD', 'alt-svc': 'h3=":443"; ma=86400'} 
 body={"results":[{"gender":"female","name":{"title":"Mrs","first":"Caroline","last":"Christiansen"},"location":{"street":{"number":8390,"name":"Skovtoften"},"city":"Gjern","state":"Hovedstaden","country":"Denmark","postcode":18367,"coordinates":{"latitude":"-41.1909","longitude":"38.5676"},"timezone":{"offset":"+11:00","description":"Magadan, Solomon Islands, New Caledonia"}},"email":"caroline.christiansen@example.com","login":{"uuid":"21afdb32-18f2-4410-a43b-2bc25cb03731","username":"silvercat718","password":"camel","salt":"G8ktgbOq","md5":"b49cba78e0c6bcd9c9c7ccb3d028c66a","sha1":"623c475bbaf2ffbe82bf42a528315fe4f4feb4c6","sha256":"9156ba9921cdd84b1091f6ff5789f2f8c6cabc9fbe9ad186cbce92c4aaa880c7"},"dob":{"date":"1990-09-22T08:26:44.692Z","age":33},"registered":{"date":"2005-06-08T14:01:08.072Z","age":19},"phone":"77024210","cell":"01919551","id":{"name":"CPR","value":"220990-4160"},"picture":{"large":"https://randomuser.me/api/portraits/women/34.jpg","medium":"https://randomuser.me/api/portraits/med/women/34.jpg","thumbnail":"https://randomuser.me/api/portraits/thumb/women/34.jpg"},"nat":"DK"}],"info":{"seed":"fe6b3af8bde19ac9","results":1,"page":1,"version":"1.4"}} 
 </msg>
<msg time="2024-07-31T19:13:03.686450" level="INFO">/opt/hostedtoolcache/Python/3.12.4/x64/lib/python3.12/site-packages/urllib3/connectionpool.py:1099: InsecureRequestWarning: Unverified HTTPS request is being made to host 'randomuser.me'. Adding certificate verification is strongly advised. See: https://urllib3.readthedocs.io/en/latest/advanced-usage.html#tls-warnings
  warnings.warn(</msg>
<msg time="2024-07-31T19:13:03.686603" level="INFO">${response} = &lt;Response [200]&gt;</msg>
<var>${response}</var>
<arg>consultarAPI</arg>
<arg>/api</arg>
<doc>Sends a GET request on a previously created HTTP Session.</doc>
<status status="PASS" start="2024-07-31T19:13:03.554726" elapsed="0.131923"/>
</kw>
<kw name="Set Variable" owner="BuiltIn">
<msg time="2024-07-31T19:13:03.687710" level="INFO">${json_data} = {'results': [{'gender': 'female', 'name': {'title': 'Mrs', 'first': 'Caroline', 'last': 'Christiansen'}, 'location': {'street': {'number': 8390, 'name': 'Skovtoften'}, 'city': 'Gjern', 'state': 'Hoved...</msg>
<var>${json_data}</var>
<arg>${response.json()}</arg>
<doc>Returns the given values which can then be assigned to a variables.</doc>
<status status="PASS" start="2024-07-31T19:13:03.687170" elapsed="0.000570"/>
</kw>
<kw name="Log" owner="BuiltIn">
<msg time="2024-07-31T19:13:03.688257" level="INFO">{'results': [{'gender': 'female', 'name': {'title': 'Mrs', 'first': 'Caroline', 'last': 'Christiansen'}, 'location': {'street': {'number': 8390, 'name': 'Skovtoften'}, 'city': 'Gjern', 'state': 'Hovedstaden', 'country': 'Denmark', 'postcode': 18367, 'coordinates': {'latitude': '-41.1909', 'longitude': '38.5676'}, 'timezone': {'offset': '+11:00', 'description': 'Magadan, Solomon Islands, New Caledonia'}}, 'email': 'caroline.christiansen@example.com', 'login': {'uuid': '21afdb32-18f2-4410-a43b-2bc25cb03731', 'username': 'silvercat718', 'password': 'camel', 'salt': 'G8ktgbOq', 'md5': 'b49cba78e0c6bcd9c9c7ccb3d028c66a', 'sha1': '623c475bbaf2ffbe82bf42a528315fe4f4feb4c6', 'sha256': '9156ba9921cdd84b1091f6ff5789f2f8c6cabc9fbe9ad186cbce92c4aaa880c7'}, 'dob': {'date': '1990-09-22T08:26:44.692Z', 'age': 33}, 'registered': {'date': '2005-06-08T14:01:08.072Z', 'age': 19}, 'phone': '77024210', 'cell': '01919551', 'id': {'name': 'CPR', 'value': '220990-4160'}, 'picture': {'large': 'https://randomuser.me/api/portraits/women/34.jpg', 'medium': 'https://randomuser.me/api/portraits/med/women/34.jpg', 'thumbnail': 'https://randomuser.me/api/portraits/thumb/women/34.jpg'}, 'nat': 'DK'}], 'info': {'seed': 'fe6b3af8bde19ac9', 'results': 1, 'page': 1, 'version': '1.4'}}</msg>
<arg>${json_data}</arg>
<doc>Logs the given message with the given level.</doc>
<status status="PASS" start="2024-07-31T19:13:03.688084" elapsed="0.000223"/>
</kw>
<kw name="Dictionary Should Contain Key" owner="Collections">
<arg>${json_data}</arg>
<arg>results</arg>
<doc>Fails if ``key`` is not found from ``dictionary``.</doc>
<status status="PASS" start="2024-07-31T19:13:03.688645" elapsed="0.000172"/>
</kw>
<kw name="Should Not Be Empty" owner="BuiltIn">
<msg time="2024-07-31T19:13:03.689137" level="INFO">Length is 2.</msg>
<arg>${json_data}</arg>
<doc>Verifies that the given item is not empty.</doc>
<status status="PASS" start="2024-07-31T19:13:03.689003" elapsed="0.000173"/>
</kw>
<kw name="Create List" owner="BuiltIn">
<msg time="2024-07-31T19:13:03.689628" level="INFO">${expected_keys} = ['gender', 'name', 'location', 'email', 'login']</msg>
<var>${expected_keys}</var>
<arg>gender</arg>
<arg>name</arg>
<arg>location</arg>
<arg>email</arg>
<arg>login</arg>
<doc>Returns a list containing given items.</doc>
<status status="PASS" start="2024-07-31T19:13:03.689470" elapsed="0.000191"/>
</kw>
<for flavor="IN">
<iter>
<kw name="Dictionary Should Contain Key" owner="Collections">
<arg>${json_data['results'][0]}</arg>
<arg>${key}</arg>
<doc>Fails if ``key`` is not found from ``dictionary``.</doc>
<status status="PASS" start="2024-07-31T19:13:03.690257" elapsed="0.000421"/>
</kw>
<kw name="Log" owner="BuiltIn">
<msg time="2024-07-31T19:13:03.691235" level="INFO">{'gender': 'female', 'name': {'title': 'Mrs', 'first': 'Caroline', 'last': 'Christiansen'}, 'location': {'street': {'number': 8390, 'name': 'Skovtoften'}, 'city': 'Gjern', 'state': 'Hovedstaden', 'country': 'Denmark', 'postcode': 18367, 'coordinates': {'latitude': '-41.1909', 'longitude': '38.5676'}, 'timezone': {'offset': '+11:00', 'description': 'Magadan, Solomon Islands, New Caledonia'}}, 'email': 'caroline.christiansen@example.com', 'login': {'uuid': '21afdb32-18f2-4410-a43b-2bc25cb03731', 'username': 'silvercat718', 'password': 'camel', 'salt': 'G8ktgbOq', 'md5': 'b49cba78e0c6bcd9c9c7ccb3d028c66a', 'sha1': '623c475bbaf2ffbe82bf42a528315fe4f4feb4c6', 'sha256': '9156ba9921cdd84b1091f6ff5789f2f8c6cabc9fbe9ad186cbce92c4aaa880c7'}, 'dob': {'date': '1990-09-22T08:26:44.692Z', 'age': 33}, 'registered': {'date': '2005-06-08T14:01:08.072Z', 'age': 19}, 'phone': '77024210', 'cell': '01919551', 'id': {'name': 'CPR', 'value': '220990-4160'}, 'picture': {'large': 'https://randomuser.me/api/portraits/women/34.jpg', 'medium': 'https://randomuser.me/api/portraits/med/women/34.jpg', 'thumbnail': 'https://randomuser.me/api/portraits/thumb/women/34.jpg'}, 'nat': 'DK'}</msg>
<arg>${json_data['results'][0]}</arg>
<doc>Logs the given message with the given level.</doc>
<status status="PASS" start="2024-07-31T19:13:03.690867" elapsed="0.000418"/>
</kw>
<kw name="Log" owner="BuiltIn">
<msg time="2024-07-31T19:13:03.691719" level="INFO">gender</msg>
<arg>${key}</arg>
<doc>Logs the given message with the given level.</doc>
<status status="PASS" start="2024-07-31T19:13:03.691589" elapsed="0.000168"/>
</kw>
<var name="${key}">gender</var>
<status status="PASS" start="2024-07-31T19:13:03.690128" elapsed="0.001851"/>
</iter>
<iter>
<kw name="Dictionary Should Contain Key" owner="Collections">
<arg>${json_data['results'][0]}</arg>
<arg>${key}</arg>
<doc>Fails if ``key`` is not found from ``dictionary``.</doc>
<status status="PASS" start="2024-07-31T19:13:03.692318" elapsed="0.000446"/>
</kw>
<kw name="Log" owner="BuiltIn">
<msg time="2024-07-31T19:13:03.693345" level="INFO">{'gender': 'female', 'name': {'title': 'Mrs', 'first': 'Caroline', 'last': 'Christiansen'}, 'location': {'street': {'number': 8390, 'name': 'Skovtoften'}, 'city': 'Gjern', 'state': 'Hovedstaden', 'country': 'Denmark', 'postcode': 18367, 'coordinates': {'latitude': '-41.1909', 'longitude': '38.5676'}, 'timezone': {'offset': '+11:00', 'description': 'Magadan, Solomon Islands, New Caledonia'}}, 'email': 'caroline.christiansen@example.com', 'login': {'uuid': '21afdb32-18f2-4410-a43b-2bc25cb03731', 'username': 'silvercat718', 'password': 'camel', 'salt': 'G8ktgbOq', 'md5': 'b49cba78e0c6bcd9c9c7ccb3d028c66a', 'sha1': '623c475bbaf2ffbe82bf42a528315fe4f4feb4c6', 'sha256': '9156ba9921cdd84b1091f6ff5789f2f8c6cabc9fbe9ad186cbce92c4aaa880c7'}, 'dob': {'date': '1990-09-22T08:26:44.692Z', 'age': 33}, 'registered': {'date': '2005-06-08T14:01:08.072Z', 'age': 19}, 'phone': '77024210', 'cell': '01919551', 'id': {'name': 'CPR', 'value': '220990-4160'}, 'picture': {'large': 'https://randomuser.me/api/portraits/women/34.jpg', 'medium': 'https://randomuser.me/api/portraits/med/women/34.jpg', 'thumbnail': 'https://randomuser.me/api/portraits/thumb/women/34.jpg'}, 'nat': 'DK'}</msg>
<arg>${json_data['results'][0]}</arg>
<doc>Logs the given message with the given level.</doc>
<status status="PASS" start="2024-07-31T19:13:03.692948" elapsed="0.000445"/>
</kw>
<kw name="Log" owner="BuiltIn">
<msg time="2024-07-31T19:13:03.693824" level="INFO">name</msg>
<arg>${key}</arg>
<doc>Logs the given message with the given level.</doc>
<status status="PASS" start="2024-07-31T19:13:03.693694" elapsed="0.000168"/>
</kw>
<var name="${key}">name</var>
<status status="PASS" start="2024-07-31T19:13:03.692192" elapsed="0.001888"/>
</iter>
<iter>
<kw name="Dictionary Should Contain Key" owner="Collections">
<arg>${json_data['results'][0]}</arg>
<arg>${key}</arg>
<doc>Fails if ``key`` is not found from ``dictionary``.</doc>
<status status="PASS" start="2024-07-31T19:13:03.694369" elapsed="0.000389"/>
</kw>
<kw name="Log" owner="BuiltIn">
<msg time="2024-07-31T19:13:03.695292" level="INFO">{'gender': 'female', 'name': {'title': 'Mrs', 'first': 'Caroline', 'last': 'Christiansen'}, 'location': {'street': {'number': 8390, 'name': 'Skovtoften'}, 'city': 'Gjern', 'state': 'Hovedstaden', 'country': 'Denmark', 'postcode': 18367, 'coordinates': {'latitude': '-41.1909', 'longitude': '38.5676'}, 'timezone': {'offset': '+11:00', 'description': 'Magadan, Solomon Islands, New Caledonia'}}, 'email': 'caroline.christiansen@example.com', 'login': {'uuid': '21afdb32-18f2-4410-a43b-2bc25cb03731', 'username': 'silvercat718', 'password': 'camel', 'salt': 'G8ktgbOq', 'md5': 'b49cba78e0c6bcd9c9c7ccb3d028c66a', 'sha1': '623c475bbaf2ffbe82bf42a528315fe4f4feb4c6', 'sha256': '9156ba9921cdd84b1091f6ff5789f2f8c6cabc9fbe9ad186cbce92c4aaa880c7'}, 'dob': {'date': '1990-09-22T08:26:44.692Z', 'age': 33}, 'registered': {'date': '2005-06-08T14:01:08.072Z', 'age': 19}, 'phone': '77024210', 'cell': '01919551', 'id': {'name': 'CPR', 'value': '220990-4160'}, 'picture': {'large': 'https://randomuser.me/api/portraits/women/34.jpg', 'medium': 'https://randomuser.me/api/portraits/med/women/34.jpg', 'thumbnail': 'https://randomuser.me/api/portraits/thumb/women/34.jpg'}, 'nat': 'DK'}</msg>
<arg>${json_data['results'][0]}</arg>
<doc>Logs the given message with the given level.</doc>
<status status="PASS" start="2024-07-31T19:13:03.694945" elapsed="0.000393"/>
</kw>
<kw name="Log" owner="BuiltIn">
<msg time="2024-07-31T19:13:03.695764" level="INFO">location</msg>
<arg>${key}</arg>
<doc>Logs the given message with the given level.</doc>
<status status="PASS" start="2024-07-31T19:13:03.695637" elapsed="0.000165"/>
</kw>
<var name="${key}">location</var>
<status status="PASS" start="2024-07-31T19:13:03.694262" elapsed="0.001762"/>
</iter>
<iter>
<kw name="Dictionary Should Contain Key" owner="Collections">
<arg>${json_data['results'][0]}</arg>
<arg>${key}</arg>
<doc>Fails if ``key`` is not found from ``dictionary``.</doc>
<status status="PASS" start="2024-07-31T19:13:03.696303" elapsed="0.000429"/>
</kw>
<kw name="Log" owner="BuiltIn">
<msg time="2024-07-31T19:13:03.697398" level="INFO">{'gender': 'female', 'name': {'title': 'Mrs', 'first': 'Caroline', 'last': 'Christiansen'}, 'location': {'street': {'number': 8390, 'name': 'Skovtoften'}, 'city': 'Gjern', 'state': 'Hovedstaden', 'country': 'Denmark', 'postcode': 18367, 'coordinates': {'latitude': '-41.1909', 'longitude': '38.5676'}, 'timezone': {'offset': '+11:00', 'description': 'Magadan, Solomon Islands, New Caledonia'}}, 'email': 'caroline.christiansen@example.com', 'login': {'uuid': '21afdb32-18f2-4410-a43b-2bc25cb03731', 'username': 'silvercat718', 'password': 'camel', 'salt': 'G8ktgbOq', 'md5': 'b49cba78e0c6bcd9c9c7ccb3d028c66a', 'sha1': '623c475bbaf2ffbe82bf42a528315fe4f4feb4c6', 'sha256': '9156ba9921cdd84b1091f6ff5789f2f8c6cabc9fbe9ad186cbce92c4aaa880c7'}, 'dob': {'date': '1990-09-22T08:26:44.692Z', 'age': 33}, 'registered': {'date': '2005-06-08T14:01:08.072Z', 'age': 19}, 'phone': '77024210', 'cell': '01919551', 'id': {'name': 'CPR', 'value': '220990-4160'}, 'picture': {'large': 'https://randomuser.me/api/portraits/women/34.jpg', 'medium': 'https://randomuser.me/api/portraits/med/women/34.jpg', 'thumbnail': 'https://randomuser.me/api/portraits/thumb/women/34.jpg'}, 'nat': 'DK'}</msg>
<arg>${json_data['results'][0]}</arg>
<doc>Logs the given message with the given level.</doc>
<status status="PASS" start="2024-07-31T19:13:03.697043" elapsed="0.000413"/>
</kw>
<kw name="Log" owner="BuiltIn">
<msg time="2024-07-31T19:13:03.697879" level="INFO">email</msg>
<arg>${key}</arg>
<doc>Logs the given message with the given level.</doc>
<status status="PASS" start="2024-07-31T19:13:03.697749" elapsed="0.000168"/>
</kw>
<var name="${key}">email</var>
<status status="PASS" start="2024-07-31T19:13:03.696198" elapsed="0.001962"/>
</iter>
<iter>
<kw name="Dictionary Should Contain Key" owner="Collections">
<arg>${json_data['results'][0]}</arg>
<arg>${key}</arg>
<doc>Fails if ``key`` is not found from ``dictionary``.</doc>
<status status="PASS" start="2024-07-31T19:13:03.698495" elapsed="0.000445"/>
</kw>
<kw name="Log" owner="BuiltIn">
<msg time="2024-07-31T19:13:03.699592" level="INFO">{'gender': 'female', 'name': {'title': 'Mrs', 'first': 'Caroline', 'last': 'Christiansen'}, 'location': {'street': {'number': 8390, 'name': 'Skovtoften'}, 'city': 'Gjern', 'state': 'Hovedstaden', 'country': 'Denmark', 'postcode': 18367, 'coordinates': {'latitude': '-41.1909', 'longitude': '38.5676'}, 'timezone': {'offset': '+11:00', 'description': 'Magadan, Solomon Islands, New Caledonia'}}, 'email': 'caroline.christiansen@example.com', 'login': {'uuid': '21afdb32-18f2-4410-a43b-2bc25cb03731', 'username': 'silvercat718', 'password': 'camel', 'salt': 'G8ktgbOq', 'md5': 'b49cba78e0c6bcd9c9c7ccb3d028c66a', 'sha1': '623c475bbaf2ffbe82bf42a528315fe4f4feb4c6', 'sha256': '9156ba9921cdd84b1091f6ff5789f2f8c6cabc9fbe9ad186cbce92c4aaa880c7'}, 'dob': {'date': '1990-09-22T08:26:44.692Z', 'age': 33}, 'registered': {'date': '2005-06-08T14:01:08.072Z', 'age': 19}, 'phone': '77024210', 'cell': '01919551', 'id': {'name': 'CPR', 'value': '220990-4160'}, 'picture': {'large': 'https://randomuser.me/api/portraits/women/34.jpg', 'medium': 'https://randomuser.me/api/portraits/med/women/34.jpg', 'thumbnail': 'https://randomuser.me/api/portraits/thumb/women/34.jpg'}, 'nat': 'DK'}</msg>
<arg>${json_data['results'][0]}</arg>
<doc>Logs the given message with the given level.</doc>
<status status="PASS" start="2024-07-31T19:13:03.699155" elapsed="0.000486"/>
</kw>
<kw name="Log" owner="BuiltIn">
<msg time="2024-07-31T19:13:03.700070" level="INFO">login</msg>
<arg>${key}</arg>
<doc>Logs the given message with the given level.</doc>
<status status="PASS" start="2024-07-31T19:13:03.699942" elapsed="0.000165"/>
</kw>
<var name="${key}">login</var>
<status status="PASS" start="2024-07-31T19:13:03.698362" elapsed="0.001960"/>
</iter>
<var>${key}</var>
<value>@{expected_keys}</value>
<status status="PASS" start="2024-07-31T19:13:03.689932" elapsed="0.010510"/>
</for>
<kw name="Create List" owner="BuiltIn">
<msg time="2024-07-31T19:13:03.700841" level="INFO">${expected_keysTwo} = ['username', 'password']</msg>
<var>${expected_keysTwo}</var>
<arg>username</arg>
<arg>password</arg>
<doc>Returns a list containing given items.</doc>
<status status="PASS" start="2024-07-31T19:13:03.700701" elapsed="0.000165"/>
</kw>
<for flavor="IN">
<iter>
<kw name="Dictionary Should Contain Key" owner="Collections">
<arg>${json_data['results'][0]['login']}</arg>
<arg>${keyTwo}</arg>
<doc>Fails if ``key`` is not found from ``dictionary``.</doc>
<status status="PASS" start="2024-07-31T19:13:03.701376" elapsed="0.000384"/>
</kw>
<kw name="Dictionary Should Contain Key" owner="Collections">
<arg>${json_data['results'][0]['login']}</arg>
<arg>${keyTwo}</arg>
<doc>Fails if ``key`` is not found from ``dictionary``.</doc>
<status status="PASS" start="2024-07-31T19:13:03.701940" elapsed="0.000372"/>
</kw>
<kw name="Log" owner="BuiltIn">
<msg time="2024-07-31T19:13:03.702610" level="INFO">username</msg>
<arg>${keyTwo}</arg>
<doc>Logs the given message with the given level.</doc>
<status status="PASS" start="2024-07-31T19:13:03.702490" elapsed="0.000156"/>
</kw>
<var name="${keyTwo}">username</var>
<status status="PASS" start="2024-07-31T19:13:03.701268" elapsed="0.001596"/>
</iter>
<iter>
<kw name="Dictionary Should Contain Key" owner="Collections">
<arg>${json_data['results'][0]['login']}</arg>
<arg>${keyTwo}</arg>
<doc>Fails if ``key`` is not found from ``dictionary``.</doc>
<status status="PASS" start="2024-07-31T19:13:03.703147" elapsed="0.000380"/>
</kw>
<kw name="Dictionary Should Contain Key" owner="Collections">
<arg>${json_data['results'][0]['login']}</arg>
<arg>${keyTwo}</arg>
<doc>Fails if ``key`` is not found from ``dictionary``.</doc>
<status status="PASS" start="2024-07-31T19:13:03.703704" elapsed="0.000373"/>
</kw>
<kw name="Log" owner="BuiltIn">
<msg time="2024-07-31T19:13:03.704377" level="INFO">password</msg>
<arg>${keyTwo}</arg>
<doc>Logs the given message with the given level.</doc>
<status status="PASS" start="2024-07-31T19:13:03.704254" elapsed="0.000160"/>
</kw>
<var name="${keyTwo}">password</var>
<status status="PASS" start="2024-07-31T19:13:03.703036" elapsed="0.001633"/>
</iter>
<var>${keyTwo}</var>
<value>@{expected_keysTwo}</value>
<status status="PASS" start="2024-07-31T19:13:03.701106" elapsed="0.003683"/>
</for>
<status status="PASS" start="2024-07-31T19:13:03.554484" elapsed="0.150447"/>
</kw>
<doc>Testa a estrutura da resposta da API.</doc>
<tag>testeEstruturaResposta</tag>
<status status="PASS" start="2024-07-31T19:13:03.553950" elapsed="0.151136"/>
</test>
<test id="s1-s1-t4" name="Validar tipos de dados" line="28">
<kw name="Teste de Tipos de Dados" owner="random-user-service">
<kw name="GET On Session" owner="RequestsLibrary">
<msg time="2024-07-31T19:13:03.792956" level="INFO">GET Request : url=https://randomuser.me/api 
 path_url=/api 
 headers={'User-Agent': 'python-requests/2.32.3', 'Accept-Encoding': 'gzip, deflate', 'Accept': '*/*', 'Connection': 'keep-alive'} 
 body=None 
 </msg>
<msg time="2024-07-31T19:13:03.793069" level="INFO">GET Response : url=https://randomuser.me/api 
 status=200, reason=OK 
 headers={'Date': 'Wed, 31 Jul 2024 19:13:03 GMT', 'Content-Type': 'application/json; charset=utf-8', 'Transfer-Encoding': 'chunked', 'Connection': 'keep-alive', 'X-Powered-By': 'Express', 'Access-Control-Allow-Origin': '*', 'Cache-Control': 'no-cache', 'ETag': 'W/"479-XiGXpfMjyXLmIcAIKCITPfygBY4"', 'Vary': 'Accept-Encoding', 'Content-Encoding': 'gzip', 'CF-Cache-Status': 'DYNAMIC', 'Report-To': '{"endpoints":[{"url":"https:\\/\\/a.nel.cloudflare.com\\/report\\/v4?s=IzgzJd%2F32%2F6jT6%2FcgQvZ0vmENn96yMuamZKYphkNDG2rykBjXjBHOjseEgo30HzEaLHViYcIZPAfEZQe8Mwy06h%2B5lkDge3TOoY4ADND%2BrF6YyN9G2h5phyAEDZB2lE8"}],"group":"cf-nel","max_age":604800}', 'NEL': '{"success_fraction":0,"report_to":"cf-nel","max_age":604800}', 'Server': 'cloudflare', 'CF-RAY': '8abfe74e38e30848-IAD', 'alt-svc': 'h3=":443"; ma=86400'} 
 body={"results":[{"gender":"male","name":{"title":"Mr","first":"Melco","last":"Farias"},"location":{"street":{"number":2998,"name":"Rua Dois"},"city":"Patos","state":"Amapá","country":"Brazil","postcode":79159,"coordinates":{"latitude":"-80.7159","longitude":"-68.5437"},"timezone":{"offset":"+7:00","description":"Bangkok, Hanoi, Jakarta"}},"email":"melco.farias@example.com","login":{"uuid":"a6d44a1c-bfc2-41dd-9424-12f659e4a345","username":"blackfish197","password":"doctor","salt":"T0Ukf11u","md5":"bd0a9c319c555fd379a70ed398edd432","sha1":"2a9b8ee71a30bbbff17519ca0d46ce921d7ea044","sha256":"8223974f4c5a669d337abdd0e68544dc2441a1caa728227ca13f501f082b6b7a"},"dob":{"date":"1952-02-06T08:07:37.034Z","age":72},"registered":{"date":"2022-03-30T16:41:33.161Z","age":2},"phone":"(35) 8262-2383","cell":"(24) 0919-4767","id":{"name":"CPF","value":"150.534.645-22"},"picture":{"large":"https://randomuser.me/api/portraits/men/42.jpg","medium":"https://randomuser.me/api/portraits/med/men/42.jpg","thumbnail":"https://randomuser.me/api/portraits/thumb/men/42.jpg"},"nat":"BR"}],"info":{"seed":"bede028cc04e1905","results":1,"page":1,"version":"1.4"}} 
 </msg>
<msg time="2024-07-31T19:13:03.793153" level="INFO">/opt/hostedtoolcache/Python/3.12.4/x64/lib/python3.12/site-packages/urllib3/connectionpool.py:1099: InsecureRequestWarning: Unverified HTTPS request is being made to host 'randomuser.me'. Adding certificate verification is strongly advised. See: https://urllib3.readthedocs.io/en/latest/advanced-usage.html#tls-warnings
  warnings.warn(</msg>
<msg time="2024-07-31T19:13:03.793292" level="INFO">${response} = &lt;Response [200]&gt;</msg>
<var>${response}</var>
<arg>consultarAPI</arg>
<arg>/api</arg>
<doc>Sends a GET request on a previously created HTTP Session.</doc>
<status status="PASS" start="2024-07-31T19:13:03.707490" elapsed="0.085842"/>
</kw>
<kw name="Set Variable" owner="BuiltIn">
<msg time="2024-07-31T19:13:03.794478" level="INFO">${json_data} = {'results': [{'gender': 'male', 'name': {'title': 'Mr', 'first': 'Melco', 'last': 'Farias'}, 'location': {'street': {'number': 2998, 'name': 'Rua Dois'}, 'city': 'Patos', 'state': 'Amapá', 'country': ...</msg>
<var>${json_data}</var>
<arg>${response.json()}</arg>
<doc>Returns the given values which can then be assigned to a variables.</doc>
<status status="PASS" start="2024-07-31T19:13:03.793936" elapsed="0.000572"/>
</kw>
<kw name="Log" owner="BuiltIn">
<msg time="2024-07-31T19:13:03.795028" level="INFO">{'results': [{'gender': 'male', 'name': {'title': 'Mr', 'first': 'Melco', 'last': 'Farias'}, 'location': {'street': {'number': 2998, 'name': 'Rua Dois'}, 'city': 'Patos', 'state': 'Amapá', 'country': 'Brazil', 'postcode': 79159, 'coordinates': {'latitude': '-80.7159', 'longitude': '-68.5437'}, 'timezone': {'offset': '+7:00', 'description': 'Bangkok, Hanoi, Jakarta'}}, 'email': 'melco.farias@example.com', 'login': {'uuid': 'a6d44a1c-bfc2-41dd-9424-12f659e4a345', 'username': 'blackfish197', 'password': 'doctor', 'salt': 'T0Ukf11u', 'md5': 'bd0a9c319c555fd379a70ed398edd432', 'sha1': '2a9b8ee71a30bbbff17519ca0d46ce921d7ea044', 'sha256': '8223974f4c5a669d337abdd0e68544dc2441a1caa728227ca13f501f082b6b7a'}, 'dob': {'date': '1952-02-06T08:07:37.034Z', 'age': 72}, 'registered': {'date': '2022-03-30T16:41:33.161Z', 'age': 2}, 'phone': '(35) 8262-2383', 'cell': '(24) 0919-4767', 'id': {'name': 'CPF', 'value': '150.534.645-22'}, 'picture': {'large': 'https://randomuser.me/api/portraits/men/42.jpg', 'medium': 'https://randomuser.me/api/portraits/med/men/42.jpg', 'thumbnail': 'https://randomuser.me/api/portraits/thumb/men/42.jpg'}, 'nat': 'BR'}], 'info': {'seed': 'bede028cc04e1905', 'results': 1, 'page': 1, 'version': '1.4'}}</msg>
<arg>${json_data}</arg>
<doc>Logs the given message with the given level.</doc>
<status status="PASS" start="2024-07-31T19:13:03.794857" elapsed="0.000220"/>
</kw>
<kw name="Should Be String" owner="String">
<arg>${json_data['results'][0]['gender']}</arg>
<doc>Fails if the given ``item`` is not a string.</doc>
<status status="PASS" start="2024-07-31T19:13:03.795386" elapsed="0.000384"/>
</kw>
<kw name="Should Match Regexp" owner="BuiltIn">
<arg>${json_data['results'][0]['email']}</arg>
<arg>^[a-zA-Z0-9._%+-]+@[a-zA-Z0-9.-]+\.[a-zA-Z]{2,}$</arg>
<doc>Fails if ``string`` does not match ``pattern`` as a regular expression.</doc>
<status status="PASS" start="2024-07-31T19:13:03.795963" elapsed="0.000613"/>
</kw>
<kw name="Should Match Regexp" owner="BuiltIn">
<arg>${json_data['results'][0]['dob']['date']}</arg>
<arg>\\d{4}-\\d{2}-\\d{2}T\\d{2}:\\d{2}:\\d{2}\\.\\d{3}Z</arg>
<doc>Fails if ``string`` does not match ``pattern`` as a regular expression.</doc>
<status status="PASS" start="2024-07-31T19:13:03.796778" elapsed="0.000655"/>
</kw>
<kw name="Should Match Regexp" owner="BuiltIn">
<arg>${json_data['results'][0]['registered']['date']}</arg>
<arg>\\d{4}-\\d{2}-\\d{2}T\\d{2}:\\d{2}:\\d{2}\\.\\d{3}Z</arg>
<doc>Fails if ``string`` does not match ``pattern`` as a regular expression.</doc>
<status status="PASS" start="2024-07-31T19:13:03.797633" elapsed="0.000380"/>
</kw>
<kw name="Should Match Regexp" owner="BuiltIn">
<arg>${json_data['results'][0]['picture']['large']}</arg>
<arg>^https?://.*\.(?:png|jpe?g|gif|bmp)$</arg>
<doc>Fails if ``string`` does not match ``pattern`` as a regular expression.</doc>
<status status="PASS" start="2024-07-31T19:13:03.798202" elapsed="0.000465"/>
</kw>
<kw name="Should Match Regexp" owner="BuiltIn">
<arg>${json_data['results'][0]['picture']['medium']}</arg>
<arg>^https?://.*\.(?:png|jpe?g|gif|bmp)$</arg>
<doc>Fails if ``string`` does not match ``pattern`` as a regular expression.</doc>
<status status="PASS" start="2024-07-31T19:13:03.798853" elapsed="0.000356"/>
</kw>
<kw name="Should Match Regexp" owner="BuiltIn">
<arg>${json_data['results'][0]['picture']['thumbnail']}</arg>
<arg>^https?://.*\.(?:png|jpe?g|gif|bmp)$</arg>
<doc>Fails if ``string`` does not match ``pattern`` as a regular expression.</doc>
<status status="PASS" start="2024-07-31T19:13:03.799393" elapsed="0.000352"/>
</kw>
<kw name="Log" owner="BuiltIn">
<msg time="2024-07-31T19:13:03.800258" level="INFO">{'large': 'https://randomuser.me/api/portraits/men/42.jpg', 'medium': 'https://randomuser.me/api/portraits/med/men/42.jpg', 'thumbnail': 'https://randomuser.me/api/portraits/thumb/men/42.jpg'}</msg>
<arg>${json_data['results'][0]['picture']}</arg>
<doc>Logs the given message with the given level.</doc>
<status status="PASS" start="2024-07-31T19:13:03.799930" elapsed="0.000370"/>
</kw>
<status status="PASS" start="2024-07-31T19:13:03.707266" elapsed="0.093327"/>
</kw>
<kw name="Teste de Tipos de Dados - Postcode" owner="random-user-service">
<kw name="GET On Session" owner="RequestsLibrary">
<msg time="2024-07-31T19:13:03.960359" level="INFO">GET Request : url=https://randomuser.me/api 
 path_url=/api 
 headers={'User-Agent': 'python-requests/2.32.3', 'Accept-Encoding': 'gzip, deflate', 'Accept': '*/*', 'Connection': 'keep-alive'} 
 body=None 
 </msg>
<msg time="2024-07-31T19:13:03.960457" level="INFO">GET Response : url=https://randomuser.me/api 
 status=200, reason=OK 
 headers={'Date': 'Wed, 31 Jul 2024 19:13:03 GMT', 'Content-Type': 'application/json; charset=utf-8', 'Transfer-Encoding': 'chunked', 'Connection': 'keep-alive', 'X-Powered-By': 'Express', 'Access-Control-Allow-Origin': '*', 'Cache-Control': 'no-cache', 'ETag': 'W/"475-YdUUSPHY2QcpGZLkzQz0JTs8HXo"', 'Vary': 'Accept-Encoding', 'Content-Encoding': 'gzip', 'CF-Cache-Status': 'DYNAMIC', 'Report-To': '{"endpoints":[{"url":"https:\\/\\/a.nel.cloudflare.com\\/report\\/v4?s=clJcJm7f7Op2tBUZQgtgHqjtlWf6ZMSL41vp7qp0adiZyD%2BetHYqDh7Yis5Q9kZpT5oOWgjx3YND6nnG1xoz0C0p%2BIO52qqGnqppHqtiJJghU%2BxQ4zt%2BXPsVvE1cbywb"}],"group":"cf-nel","max_age":604800}', 'NEL': '{"success_fraction":0,"report_to":"cf-nel","max_age":604800}', 'Server': 'cloudflare', 'CF-RAY': '8abfe74ec97f0848-IAD', 'alt-svc': 'h3=":443"; ma=86400'} 
 body={"results":[{"gender":"female","name":{"title":"Ms","first":"Angelina","last":"Holta"},"location":{"street":{"number":5974,"name":"Hauchs gate"},"city":"Stranda","state":"Aust-Agder","country":"Norway","postcode":"8087","coordinates":{"latitude":"41.9926","longitude":"137.4135"},"timezone":{"offset":"+9:30","description":"Adelaide, Darwin"}},"email":"angelina.holta@example.com","login":{"uuid":"15de95c1-485c-46dd-a41e-283aa917208d","username":"tinycat581","password":"alexis","salt":"HwXy1ZQr","md5":"065615373e958c6b96724a2edc1b4efe","sha1":"e2a49088fdb13e7a60a2be7dcf35b8b648311934","sha256":"fec91531a0c236ceaa77c29679c44b6dbcc7599a66058f0a32fd7665bd3a0bde"},"dob":{"date":"1956-10-30T18:53:12.633Z","age":67},"registered":{"date":"2016-01-25T10:17:45.974Z","age":8},"phone":"60410581","cell":"46520682","id":{"name":"FN","value":"30105601669"},"picture":{"large":"https://randomuser.me/api/portraits/women/62.jpg","medium":"https://randomuser.me/api/portraits/med/women/62.jpg","thumbnail":"https://randomuser.me/api/portraits/thumb/women/62.jpg"},"nat":"NO"}],"info":{"seed":"9db34cb2c308174d","results":1,"page":1,"version":"1.4"}} 
 </msg>
<msg time="2024-07-31T19:13:03.960557" level="INFO">/opt/hostedtoolcache/Python/3.12.4/x64/lib/python3.12/site-packages/urllib3/connectionpool.py:1099: InsecureRequestWarning: Unverified HTTPS request is being made to host 'randomuser.me'. Adding certificate verification is strongly advised. See: https://urllib3.readthedocs.io/en/latest/advanced-usage.html#tls-warnings
  warnings.warn(</msg>
<msg time="2024-07-31T19:13:03.960696" level="INFO">${response} = &lt;Response [200]&gt;</msg>
<var>${response}</var>
<arg>consultarAPI</arg>
<arg>/api</arg>
<doc>Sends a GET request on a previously created HTTP Session.</doc>
<status status="PASS" start="2024-07-31T19:13:03.801059" elapsed="0.159678"/>
</kw>
<kw name="Set Variable" owner="BuiltIn">
<msg time="2024-07-31T19:13:03.961814" level="INFO">${json_data} = {'results': [{'gender': 'female', 'name': {'title': 'Ms', 'first': 'Angelina', 'last': 'Holta'}, 'location': {'street': {'number': 5974, 'name': 'Hauchs gate'}, 'city': 'Stranda', 'state': 'Aust-Agder...</msg>
<var>${json_data}</var>
<arg>${response.json()}</arg>
<doc>Returns the given values which can then be assigned to a variables.</doc>
<status status="PASS" start="2024-07-31T19:13:03.961292" elapsed="0.000550"/>
</kw>
<kw name="Log" owner="BuiltIn">
<msg time="2024-07-31T19:13:03.962312" level="INFO">{'results': [{'gender': 'female', 'name': {'title': 'Ms', 'first': 'Angelina', 'last': 'Holta'}, 'location': {'street': {'number': 5974, 'name': 'Hauchs gate'}, 'city': 'Stranda', 'state': 'Aust-Agder', 'country': 'Norway', 'postcode': '8087', 'coordinates': {'latitude': '41.9926', 'longitude': '137.4135'}, 'timezone': {'offset': '+9:30', 'description': 'Adelaide, Darwin'}}, 'email': 'angelina.holta@example.com', 'login': {'uuid': '15de95c1-485c-46dd-a41e-283aa917208d', 'username': 'tinycat581', 'password': 'alexis', 'salt': 'HwXy1ZQr', 'md5': '065615373e958c6b96724a2edc1b4efe', 'sha1': 'e2a49088fdb13e7a60a2be7dcf35b8b648311934', 'sha256': 'fec91531a0c236ceaa77c29679c44b6dbcc7599a66058f0a32fd7665bd3a0bde'}, 'dob': {'date': '1956-10-30T18:53:12.633Z', 'age': 67}, 'registered': {'date': '2016-01-25T10:17:45.974Z', 'age': 8}, 'phone': '60410581', 'cell': '46520682', 'id': {'name': 'FN', 'value': '30105601669'}, 'picture': {'large': 'https://randomuser.me/api/portraits/women/62.jpg', 'medium': 'https://randomuser.me/api/portraits/med/women/62.jpg', 'thumbnail': 'https://randomuser.me/api/portraits/thumb/women/62.jpg'}, 'nat': 'NO'}], 'info': {'seed': '9db34cb2c308174d', 'results': 1, 'page': 1, 'version': '1.4'}}</msg>
<arg>${json_data}</arg>
<doc>Logs the given message with the given level.</doc>
<status status="PASS" start="2024-07-31T19:13:03.962153" elapsed="0.000207"/>
</kw>
<kw name="Should Be Equal As Numbers" owner="BuiltIn">
<arg>${json_data['results'][0]['location']['postcode']}</arg>
<arg>${json_data['results'][0]['location']['postcode']}</arg>
<doc>Fails if objects are unequal after converting them to real numbers.</doc>
<status status="PASS" start="2024-07-31T19:13:03.962657" elapsed="0.000624"/>
</kw>
<kw name="Log" owner="BuiltIn">
<msg time="2024-07-31T19:13:03.963818" level="INFO">8087</msg>
<arg>${json_data['results'][0]['location']['postcode']}</arg>
<doc>Logs the given message with the given level.</doc>
<status status="PASS" start="2024-07-31T19:13:03.963475" elapsed="0.000384"/>
</kw>
<status status="PASS" start="2024-07-31T19:13:03.800826" elapsed="0.163321"/>
</kw>
<doc>Testa se os tipos de dados na resposta da API estão corretos.</doc>
<tag>testeTiposDados</tag>
<status status="PASS" start="2024-07-31T19:13:03.706814" elapsed="0.257503"/>
</test>
<test id="s1-s1-t5" name="Validar conteudo" line="35">
<kw name="Teste de Tipos de Conteudo" owner="random-user-service">
<kw name="GET On Session" owner="RequestsLibrary">
<msg time="2024-07-31T19:13:04.065966" level="INFO">GET Request : url=https://randomuser.me/api 
 path_url=/api 
 headers={'User-Agent': 'python-requests/2.32.3', 'Accept-Encoding': 'gzip, deflate', 'Accept': '*/*', 'Connection': 'keep-alive'} 
 body=None 
 </msg>
<msg time="2024-07-31T19:13:04.066064" level="INFO">GET Response : url=https://randomuser.me/api 
 status=200, reason=OK 
 headers={'Date': 'Wed, 31 Jul 2024 19:13:04 GMT', 'Content-Type': 'application/json; charset=utf-8', 'Transfer-Encoding': 'chunked', 'Connection': 'keep-alive', 'X-Powered-By': 'Express', 'Access-Control-Allow-Origin': '*', 'Cache-Control': 'no-cache', 'ETag': 'W/"47a-LpT2d8b31q+iOEaJsCcKCsCivAg"', 'Vary': 'Accept-Encoding', 'Content-Encoding': 'gzip', 'CF-Cache-Status': 'DYNAMIC', 'Report-To': '{"endpoints":[{"url":"https:\\/\\/a.nel.cloudflare.com\\/report\\/v4?s=ySxuu5pa%2BLWyhMonEjtDSjV0aApa7PNr0oSUz9SijRJkxwkNpAryKm0gKagT2P8OW%2FSbSkwbo7Pc5sHkExIoN1x58TQlVrgNV5%2FQx8Os7PuFezd5N%2FpvUijtDKFlDqi2"}],"group":"cf-nel","max_age":604800}', 'NEL': '{"success_fraction":0,"report_to":"cf-nel","max_age":604800}', 'Server': 'cloudflare', 'CF-RAY': '8abfe74fdaca0848-IAD', 'alt-svc': 'h3=":443"; ma=86400'} 
 body={"results":[{"gender":"male","name":{"title":"Mr","first":"Pavel","last":"Theil"},"location":{"street":{"number":9241,"name":"Königsberger Straße"},"city":"Löffingen","state":"Hamburg","country":"Germany","postcode":25518,"coordinates":{"latitude":"-51.7509","longitude":"-19.4805"},"timezone":{"offset":"-10:00","description":"Hawaii"}},"email":"pavel.theil@example.com","login":{"uuid":"ce1e8852-adfd-4385-a5a5-2cf729e0fc42","username":"purplefrog221","password":"fatman","salt":"P192oIwj","md5":"5a1b102804c1a67371ed1dbee3590c1f","sha1":"a13d94f7e76141cbdfaa694719a33a673171a42b","sha256":"9f4d34f9166c255029392f309dfa83525fc6ac6e6d98facf7fb3b4b135d369cd"},"dob":{"date":"1989-11-16T05:37:01.117Z","age":34},"registered":{"date":"2022-01-21T17:45:59.672Z","age":2},"phone":"0169-0972160","cell":"0177-1946915","id":{"name":"SVNR","value":"16 151189 T 252"},"picture":{"large":"https://randomuser.me/api/portraits/men/46.jpg","medium":"https://randomuser.me/api/portraits/med/men/46.jpg","thumbnail":"https://randomuser.me/api/portraits/thumb/men/46.jpg"},"nat":"DE"}],"info":{"seed":"2bf1b2400be51486","results":1,"page":1,"version":"1.4"}} 
 </msg>
<msg time="2024-07-31T19:13:04.066137" level="INFO">/opt/hostedtoolcache/Python/3.12.4/x64/lib/python3.12/site-packages/urllib3/connectionpool.py:1099: InsecureRequestWarning: Unverified HTTPS request is being made to host 'randomuser.me'. Adding certificate verification is strongly advised. See: https://urllib3.readthedocs.io/en/latest/advanced-usage.html#tls-warnings
  warnings.warn(</msg>
<msg time="2024-07-31T19:13:04.066277" level="INFO">${response} = &lt;Response [200]&gt;</msg>
<var>${response}</var>
<arg>consultarAPI</arg>
<arg>/api</arg>
<doc>Sends a GET request on a previously created HTTP Session.</doc>
<status status="PASS" start="2024-07-31T19:13:03.967159" elapsed="0.099159"/>
</kw>
<kw name="Set Variable" owner="BuiltIn">
<msg time="2024-07-31T19:13:04.067401" level="INFO">${json_data} = {'results': [{'gender': 'male', 'name': {'title': 'Mr', 'first': 'Pavel', 'last': 'Theil'}, 'location': {'street': {'number': 9241, 'name': 'Königsberger Straße'}, 'city': 'Löffingen', 'state': 'Hambu...</msg>
<var>${json_data}</var>
<arg>${response.json()}</arg>
<doc>Returns the given values which can then be assigned to a variables.</doc>
<status status="PASS" start="2024-07-31T19:13:04.066862" elapsed="0.000571"/>
</kw>
<kw name="Set Variable" owner="BuiltIn">
<msg time="2024-07-31T19:13:04.068124" level="INFO">${name_title} = Mr</msg>
<var>${name_title}</var>
<arg>${json_data["results"][0]["name"]["title"]}</arg>
<doc>Returns the given values which can then be assigned to a variables.</doc>
<status status="PASS" start="2024-07-31T19:13:04.067744" elapsed="0.000406"/>
</kw>
<kw name="Create List" owner="BuiltIn">
<msg time="2024-07-31T19:13:04.068656" level="INFO">${allowed_titles} = ['Mr', 'Ms', 'Miss', 'Mrs', 'Madame', 'Monsieur']</msg>
<var>${allowed_titles}</var>
<arg>Mr</arg>
<arg>Ms</arg>
<arg>Miss</arg>
<arg>Mrs</arg>
<arg>Madame</arg>
<arg>Monsieur</arg>
<doc>Returns a list containing given items.</doc>
<status status="PASS" start="2024-07-31T19:13:04.068449" elapsed="0.000240"/>
</kw>
<kw name="List Should Contain Value" owner="Collections">
<arg>${allowed_titles}</arg>
<arg>${name_title}</arg>
<doc>Fails if the ``value`` is not found from ``list``.</doc>
<status status="PASS" start="2024-07-31T19:13:04.068989" elapsed="0.000187"/>
</kw>
<kw name="Set Variable" owner="BuiltIn">
<msg time="2024-07-31T19:13:04.069728" level="INFO">${name_country} = DE</msg>
<var>${name_country}</var>
<arg>${json_data["results"][0]["nat"]}</arg>
<doc>Returns the given values which can then be assigned to a variables.</doc>
<status status="PASS" start="2024-07-31T19:13:04.069355" elapsed="0.000398"/>
</kw>
<kw name="Create List" owner="BuiltIn">
<msg time="2024-07-31T19:13:04.070635" level="INFO">${list_country} = ['AD', 'AE', 'AF', 'AG', 'AI', 'AL', 'AM', 'AO', 'AQ', 'AR', 'AS', 'AT', 'AU', 'AW', 'AX', 'AZ', 'BA', 'BB', 'BD', 'BE', 'BF', 'BG', 'BH', 'BI', 'BJ', 'BL', 'BM', 'BN', 'BO', 'BQ', 'BR', 'BS', 'BT', '...</msg>
<var>${list_country}</var>
<arg>AD</arg>
<arg>AE</arg>
<arg>AF</arg>
<arg>AG</arg>
<arg>AI</arg>
<arg>AL</arg>
<arg>AM</arg>
<arg>AO</arg>
<arg>AQ</arg>
<arg>AR</arg>
<arg>AS</arg>
<arg>AT</arg>
<arg>AU</arg>
<arg>AW</arg>
<arg>AX</arg>
<arg>AZ</arg>
<arg>BA</arg>
<arg>BB</arg>
<arg>BD</arg>
<arg>BE</arg>
<arg>BF</arg>
<arg>BG</arg>
<arg>BH</arg>
<arg>BI</arg>
<arg>BJ</arg>
<arg>BL</arg>
<arg>BM</arg>
<arg>BN</arg>
<arg>BO</arg>
<arg>BQ</arg>
<arg>BR</arg>
<arg>BS</arg>
<arg>BT</arg>
<arg>BV</arg>
<arg>BW</arg>
<arg>BY</arg>
<arg>BZ</arg>
<arg>CA</arg>
<arg>CC</arg>
<arg>CD</arg>
<arg>CF</arg>
<arg>CG</arg>
<arg>CH</arg>
<arg>CI</arg>
<arg>CK</arg>
<arg>CL</arg>
<arg>CM</arg>
<arg>CN</arg>
<arg>CO</arg>
<arg>CR</arg>
<arg>CU</arg>
<arg>CV</arg>
<arg>CW</arg>
<arg>CX</arg>
<arg>CY</arg>
<arg>CZ</arg>
<arg>DE</arg>
<arg>DJ</arg>
<arg>DK</arg>
<arg>DM</arg>
<arg>DO</arg>
<arg>DZ</arg>
<arg>EC</arg>
<arg>EE</arg>
<arg>EG</arg>
<arg>EH</arg>
<arg>ER</arg>
<arg>ES</arg>
<arg>ET</arg>
<arg>FI</arg>
<arg>FJ</arg>
<arg>FK</arg>
<arg>FM</arg>
<arg>FO</arg>
<arg>FR</arg>
<arg>GA</arg>
<arg>GB</arg>
<arg>GD</arg>
<arg>GE</arg>
<arg>GF</arg>
<arg>GG</arg>
<arg>GH</arg>
<arg>GI</arg>
<arg>GL</arg>
<arg>GM</arg>
<arg>GN</arg>
<arg>GP</arg>
<arg>GQ</arg>
<arg>GR</arg>
<arg>GS</arg>
<arg>GT</arg>
<arg>GU</arg>
<arg>GW</arg>
<arg>GY</arg>
<arg>HK</arg>
<arg>HM</arg>
<arg>HN</arg>
<arg>HR</arg>
<arg>HT</arg>
<arg>HU</arg>
<arg>ID</arg>
<arg>IE</arg>
<arg>IL</arg>
<arg>IM</arg>
<arg>IN</arg>
<arg>IO</arg>
<arg>IQ</arg>
<arg>IR</arg>
<arg>IS</arg>
<arg>IT</arg>
<arg>JE</arg>
<arg>JM</arg>
<arg>JO</arg>
<arg>JP</arg>
<arg>KE</arg>
<arg>KG</arg>
<arg>KH</arg>
<arg>KI</arg>
<arg>KM</arg>
<arg>KN</arg>
<arg>KP</arg>
<arg>KR</arg>
<arg>KW</arg>
<arg>KY</arg>
<arg>KZ</arg>
<arg>LA</arg>
<arg>LB</arg>
<arg>LC</arg>
<arg>LI</arg>
<arg>LK</arg>
<arg>LR</arg>
<arg>LS</arg>
<arg>LT</arg>
<arg>LU</arg>
<arg>LV</arg>
<arg>LY</arg>
<arg>MA</arg>
<arg>MC</arg>
<arg>MD</arg>
<arg>ME</arg>
<arg>MF</arg>
<arg>MG</arg>
<arg>MH</arg>
<arg>MK</arg>
<arg>ML</arg>
<arg>MM</arg>
<arg>MN</arg>
<arg>MO</arg>
<arg>MP</arg>
<arg>MQ</arg>
<arg>MR</arg>
<arg>MS</arg>
<arg>MT</arg>
<arg>MU</arg>
<arg>MV</arg>
<arg>MW</arg>
<arg>MX</arg>
<arg>MY</arg>
<arg>MZ</arg>
<arg>NA</arg>
<arg>NC</arg>
<arg>NE</arg>
<arg>NF</arg>
<arg>NG</arg>
<arg>NI</arg>
<arg>NL</arg>
<arg>NO</arg>
<arg>NP</arg>
<arg>NR</arg>
<arg>NU</arg>
<arg>NZ</arg>
<arg>OM</arg>
<arg>PA</arg>
<arg>PE</arg>
<arg>PF</arg>
<arg>PG</arg>
<arg>PH</arg>
<arg>PK</arg>
<arg>PL</arg>
<arg>PM</arg>
<arg>PN</arg>
<arg>PR</arg>
<arg>PS</arg>
<arg>PT</arg>
<arg>PW</arg>
<arg>PY</arg>
<arg>QA</arg>
<arg>RE</arg>
<arg>RO</arg>
<arg>RS</arg>
<arg>RU</arg>
<arg>RW</arg>
<arg>SA</arg>
<arg>SB</arg>
<arg>SC</arg>
<arg>SD</arg>
<arg>SE</arg>
<arg>SG</arg>
<arg>SH</arg>
<arg>SI</arg>
<arg>SJ</arg>
<arg>SK</arg>
<arg>SL</arg>
<arg>SM</arg>
<arg>SN</arg>
<arg>SO</arg>
<arg>SR</arg>
<arg>SS</arg>
<arg>ST</arg>
<arg>SV</arg>
<arg>SX</arg>
<arg>SY</arg>
<arg>SZ</arg>
<arg>TC</arg>
<arg>TD</arg>
<arg>TF</arg>
<arg>TG</arg>
<arg>TH</arg>
<arg>TJ</arg>
<arg>TK</arg>
<arg>TL</arg>
<arg>TM</arg>
<arg>TN</arg>
<arg>TO</arg>
<arg>TR</arg>
<arg>TT</arg>
<arg>TV</arg>
<arg>TW</arg>
<arg>TZ</arg>
<arg>UA</arg>
<arg>UG</arg>
<arg>UM</arg>
<arg>US</arg>
<arg>UY</arg>
<arg>UZ</arg>
<arg>VA</arg>
<arg>VC</arg>
<arg>VE</arg>
<arg>VG</arg>
<arg>VI</arg>
<arg>VN</arg>
<arg>VU</arg>
<arg>WF</arg>
<arg>WS</arg>
<arg>XK</arg>
<arg>YE</arg>
<arg>YT</arg>
<arg>ZA</arg>
<arg>ZM</arg>
<arg>ZW</arg>
<doc>Returns a list containing given items.</doc>
<status status="PASS" start="2024-07-31T19:13:04.070039" elapsed="0.000624"/>
</kw>
<kw name="List Should Contain Value" owner="Collections">
<arg>${list_country}</arg>
<arg>${name_country}</arg>
<doc>Fails if the ``value`` is not found from ``list``.</doc>
<status status="PASS" start="2024-07-31T19:13:04.071653" elapsed="0.000209"/>
</kw>
<kw name="Run Keyword If" owner="BuiltIn">
<kw name="Should Be True" owner="BuiltIn">
<arg>${True}</arg>
<doc>Fails if the given condition is not true.</doc>
<status status="PASS" start="2024-07-31T19:13:04.072857" elapsed="0.000145"/>
</kw>
<arg>${json_data["results"][0]["location"]["coordinates"]["latitude"]} &gt;= -90 and ${json_data["results"][0]["location"]["coordinates"]["latitude"]} &lt;= 90</arg>
<arg>Should Be True</arg>
<arg>${True}</arg>
<doc>Runs the given keyword with the given arguments, if ``condition`` is true.</doc>
<status status="PASS" start="2024-07-31T19:13:04.072060" elapsed="0.001067"/>
</kw>
<kw name="Run Keyword If" owner="BuiltIn">
<kw name="Should Be True" owner="BuiltIn">
<arg>${True}</arg>
<doc>Fails if the given condition is not true.</doc>
<status status="PASS" start="2024-07-31T19:13:04.074003" elapsed="0.000138"/>
</kw>
<arg>${json_data["results"][0]["location"]["coordinates"]["longitude"]} &gt;= -180 and ${json_data["results"][0]["location"]["coordinates"]["longitude"]} &lt;= 180</arg>
<arg>Should Be True</arg>
<arg>${True}</arg>
<doc>Runs the given keyword with the given arguments, if ``condition`` is true.</doc>
<status status="PASS" start="2024-07-31T19:13:04.073307" elapsed="0.000957"/>
</kw>
<status status="PASS" start="2024-07-31T19:13:03.966786" elapsed="0.107608"/>
</kw>
<doc>Testa o conteúdo específico dos campos retornados pela API.</doc>
<tag>testeConteudo</tag>
<status status="PASS" start="2024-07-31T19:13:03.966119" elapsed="0.108427"/>
</test>
<status status="PASS" start="2024-07-31T19:13:02.998190" elapsed="1.078241"/>
</suite>
<status status="PASS" start="2024-07-31T19:13:02.983563" elapsed="1.097936"/>
</suite>
<statistics>
<total>
<stat pass="5" fail="0" skip="0">All Tests</stat>
</total>
<tag>
<stat pass="1" fail="0" skip="0">testeConteudo</stat>
<stat pass="1" fail="0" skip="0">testeEstruturaResposta</stat>
<stat pass="1" fail="0" skip="0">testeRequisicaoBasica</stat>
<stat pass="1" fail="0" skip="0">testeTiposDados</stat>
</tag>
<suite>
<stat pass="5" fail="0" skip="0" id="s1" name="Tests">Tests</stat>
<stat pass="5" fail="0" skip="0" id="s1-s1" name="Random-User-Test">Tests.Random-User-Test</stat>
</suite>
</statistics>
<errors>
</errors>
</robot>
