<?xml version="1.0" encoding="UTF-8"?>
<robot generator="Robot 7.0 (Python 3.12.2 on linux)" generated="2024-03-21T13:30:45.099494" rpa="false" schemaversion="5">
<suite id="s1" name="Tests" source="/home/runner/work/DesafioQAItauRogerioJordao/DesafioQAItauRogerioJordao/RamdonUser/tests">
<suite id="s1-s1" name="Random-User-Test" source="/home/runner/work/DesafioQAItauRogerioJordao/DesafioQAItauRogerioJordao/RamdonUser/tests/random-user-test.robot">
<test id="s1-s1-t1" name="Conectar" line="13">
<kw name="Conectar API" owner="random-user-service">
<kw name="Create Session" owner="RequestsLibrary">
<msg time="2024-03-21T13:30:45.522752" level="INFO">Creating Session using : alias=consultarAPI, url=https://randomuser.me/, headers={},                     cookies={}, auth=None, timeout=None, proxies=None, verify=False,                     debug=0 </msg>
<arg>consultarAPI</arg>
<arg>${URL}</arg>
<doc>Create Session: create a HTTP session to a server</doc>
<status status="PASS" start="2024-03-21T13:30:45.522537" elapsed="0.000401"/>
</kw>
<status status="PASS" start="2024-03-21T13:30:45.521317" elapsed="0.001991"/>
</kw>
<status status="PASS" start="2024-03-21T13:30:45.520679" elapsed="0.002832"/>
</test>
<test id="s1-s1-t2" name="Validar retorno 200 e JSON Válido" line="16">
<kw name="Teste de Requisicao Basica" owner="random-user-service">
<kw name="GET On Session" owner="RequestsLibrary">
<msg time="2024-03-21T13:30:45.749481" level="INFO">GET Request : url=https://randomuser.me/api 
 path_url=/api 
 headers={'User-Agent': 'python-requests/2.31.0', 'Accept-Encoding': 'gzip, deflate', 'Accept': '*/*', 'Connection': 'keep-alive'} 
 body=None 
 </msg>
<msg time="2024-03-21T13:30:45.749633" level="INFO">GET Response : url=https://randomuser.me/api 
 status=200, reason=OK 
 headers={'Date': 'Thu, 21 Mar 2024 13:30:45 GMT', 'Content-Type': 'application/json; charset=utf-8', 'Transfer-Encoding': 'chunked', 'Connection': 'keep-alive', 'X-Powered-By': 'Express', 'Access-Control-Allow-Origin': '*', 'Cache-Control': 'no-cache', 'ETag': 'W/"47a-o6Rye7bdaWSYyU5Jb5qInRBKQFA"', 'Vary': 'Accept-Encoding', 'Content-Encoding': 'gzip', 'CF-Cache-Status': 'DYNAMIC', 'Report-To': '{"endpoints":[{"url":"https:\\/\\/a.nel.cloudflare.com\\/report\\/v4?s=xO5zjoeuIrXbI5XzVGvx7y7N127QBboqGh3v5D9CaLhSK%2B4KWwbkm%2BAY0haYJ1e7vFLQbhDlKMhl9zrHydfxcNbrFgkGmp4qmH5XTyle60G0WMVtMj%2BJS6BQjE71B8dj"}],"group":"cf-nel","max_age":604800}', 'NEL': '{"success_fraction":0,"report_to":"cf-nel","max_age":604800}', 'Server': 'cloudflare', 'CF-RAY': '867e4c63494c1686-SJC', 'alt-svc': 'h3=":443"; ma=86400'} 
 body={"results":[{"gender":"female","name":{"title":"Miss","first":"Ece","last":"Evliyaoğlu"},"location":{"street":{"number":5431,"name":"Tunalı Hilmi Cd"},"city":"Amasya","state":"Ordu","country":"Turkey","postcode":67506,"coordinates":{"latitude":"65.2278","longitude":"42.4047"},"timezone":{"offset":"-12:00","description":"Eniwetok, Kwajalein"}},"email":"ece.evliyaoglu@example.com","login":{"uuid":"66408a0a-a618-4776-bb2d-5d6a24a013c3","username":"smallfrog847","password":"brown","salt":"zhFEDzmR","md5":"a4c3e2edfd4826caf9ca31e022fb28a2","sha1":"ac9d9aab95e19c8a181142f77031cb0288ff241f","sha256":"93b8ace64a74b300e0e9c98ad4d36cabd16219f8eab73de0ee5bd0ea16c22f13"},"dob":{"date":"1967-06-21T02:47:23.107Z","age":56},"registered":{"date":"2015-07-28T14:40:35.138Z","age":8},"phone":"(260)-127-2198","cell":"(515)-838-8067","id":{"name":"","value":null},"picture":{"large":"https://randomuser.me/api/portraits/women/16.jpg","medium":"https://randomuser.me/api/portraits/med/women/16.jpg","thumbnail":"https://randomuser.me/api/portraits/thumb/women/16.jpg"},"nat":"TR"}],"info":{"seed":"ac1808406560e3e2","results":1,"page":1,"version":"1.4"}} 
 </msg>
<msg time="2024-03-21T13:30:45.749747" level="INFO">/opt/hostedtoolcache/Python/3.12.2/x64/lib/python3.12/site-packages/urllib3/connectionpool.py:1103: InsecureRequestWarning: Unverified HTTPS request is being made to host 'randomuser.me'. Adding certificate verification is strongly advised. See: https://urllib3.readthedocs.io/en/latest/advanced-usage.html#tls-warnings
  warnings.warn(</msg>
<msg time="2024-03-21T13:30:45.749904" level="INFO">${response} = &lt;Response [200]&gt;</msg>
<var>${response}</var>
<arg>consultarAPI</arg>
<arg>/api</arg>
<doc>Sends a GET request on a previously created HTTP Session.</doc>
<status status="PASS" start="2024-03-21T13:30:45.526182" elapsed="0.223767"/>
</kw>
<kw name="Should Be Equal As Numbers" owner="BuiltIn">
<msg time="2024-03-21T13:30:45.751110" level="INFO">Argument types are:
&lt;class 'int'&gt;
&lt;class 'str'&gt;</msg>
<arg>${response.status_code}</arg>
<arg>200</arg>
<doc>Fails if objects are unequal after converting them to real numbers.</doc>
<status status="PASS" start="2024-03-21T13:30:45.750628" elapsed="0.000549"/>
</kw>
<kw name="Log" owner="BuiltIn">
<msg time="2024-03-21T13:30:45.751860" level="INFO">200</msg>
<arg>${response.status_code}</arg>
<doc>Logs the given message with the given level.</doc>
<status status="PASS" start="2024-03-21T13:30:45.751502" elapsed="0.000404"/>
</kw>
<kw name="Set Variable" owner="BuiltIn">
<msg time="2024-03-21T13:30:45.752733" level="INFO">${json_data} = {'results': [{'gender': 'female', 'name': {'title': 'Miss', 'first': 'Ece', 'last': 'Evliyaoğlu'}, 'location': {'street': {'number': 5431, 'name': 'Tunalı Hilmi Cd'}, 'city': 'Amasya', 'state': 'Ordu'...</msg>
<var>${json_data}</var>
<arg>${response.json()}</arg>
<doc>Returns the given values which can then be assigned to a variables.</doc>
<status status="PASS" start="2024-03-21T13:30:45.752270" elapsed="0.000494"/>
</kw>
<kw name="Dictionary Should Contain Key" owner="Collections">
<msg time="2024-03-21T13:30:45.753254" level="INFO">False</msg>
<arg>${json_data}</arg>
<arg>results</arg>
<doc>Fails if ``key`` is not found from ``dictionary``.</doc>
<status status="PASS" start="2024-03-21T13:30:45.753073" elapsed="0.000222"/>
</kw>
<status status="PASS" start="2024-03-21T13:30:45.525929" elapsed="0.227629"/>
</kw>
<doc>Testa se a API responde corretamente e retorna um objeto JSON válido.</doc>
<tag>testeRequisicaoBasica</tag>
<status status="PASS" start="2024-03-21T13:30:45.525438" elapsed="0.228315"/>
</test>
<test id="s1-s1-t3" name="Validar estrutura de resposta" line="22">
<kw name="Teste de Estrutura de Resposta" owner="random-user-service">
<kw name="GET On Session" owner="RequestsLibrary">
<msg time="2024-03-21T13:30:45.847666" level="INFO">GET Request : url=https://randomuser.me/api 
 path_url=/api 
 headers={'User-Agent': 'python-requests/2.31.0', 'Accept-Encoding': 'gzip, deflate', 'Accept': '*/*', 'Connection': 'keep-alive'} 
 body=None 
 </msg>
<msg time="2024-03-21T13:30:45.847765" level="INFO">GET Response : url=https://randomuser.me/api 
 status=200, reason=OK 
 headers={'Date': 'Thu, 21 Mar 2024 13:30:45 GMT', 'Content-Type': 'application/json; charset=utf-8', 'Transfer-Encoding': 'chunked', 'Connection': 'keep-alive', 'X-Powered-By': 'Express', 'Access-Control-Allow-Origin': '*', 'Cache-Control': 'no-cache', 'ETag': 'W/"494-dHo4I6ULwCnKR4uWdoNeIOtkGnc"', 'Vary': 'Accept-Encoding', 'Content-Encoding': 'gzip', 'CF-Cache-Status': 'DYNAMIC', 'Report-To': '{"endpoints":[{"url":"https:\\/\\/a.nel.cloudflare.com\\/report\\/v4?s=ylORt1WbneBD67k0wBD79GDtI9xwmAqbpBdUtxbO3ETy1sTd0E3DRnt4wguaTFGh7WL6G%2FtvJg%2Bn4TjTfM%2Fj%2F2786fuD5UPAheMjFb51%2BACmZifRGWQbHZXRsQ%2FhL5yN"}],"group":"cf-nel","max_age":604800}', 'NEL': '{"success_fraction":0,"report_to":"cf-nel","max_age":604800}', 'Server': 'cloudflare', 'CF-RAY': '867e4c63f9f51686-SJC', 'alt-svc': 'h3=":443"; ma=86400'} 
 body={"results":[{"gender":"male","name":{"title":"Mr","first":"Daniel","last":"Skorstad"},"location":{"street":{"number":5486,"name":"Madame Maren Juels vei"},"city":"Drag","state":"Sogn og Fjordane","country":"Norway","postcode":"9321","coordinates":{"latitude":"43.1445","longitude":"-69.7063"},"timezone":{"offset":"+1:00","description":"Brussels, Copenhagen, Madrid, Paris"}},"email":"daniel.skorstad@example.com","login":{"uuid":"2c7881bb-60fe-4680-ae58-669614ec9bae","username":"goldenlion482","password":"tickle","salt":"ya85yGbl","md5":"c409f8f9da30920d67d81ccaa94236b9","sha1":"0a47b0bd69cbc52a0c74bceef44d8073e25b9016","sha256":"f015a21fef6efb68807f75e8aafd5cc333cc30bec57e6e5729df663f49b80f84"},"dob":{"date":"1969-03-25T17:38:43.911Z","age":54},"registered":{"date":"2013-07-26T04:50:21.141Z","age":10},"phone":"22875768","cell":"95916755","id":{"name":"FN","value":"25036918708"},"picture":{"large":"https://randomuser.me/api/portraits/men/41.jpg","medium":"https://randomuser.me/api/portraits/med/men/41.jpg","thumbnail":"https://randomuser.me/api/portraits/thumb/men/41.jpg"},"nat":"NO"}],"info":{"seed":"ff53f07bb1d8f444","results":1,"page":1,"version":"1.4"}} 
 </msg>
<msg time="2024-03-21T13:30:45.847910" level="INFO">/opt/hostedtoolcache/Python/3.12.2/x64/lib/python3.12/site-packages/urllib3/connectionpool.py:1103: InsecureRequestWarning: Unverified HTTPS request is being made to host 'randomuser.me'. Adding certificate verification is strongly advised. See: https://urllib3.readthedocs.io/en/latest/advanced-usage.html#tls-warnings
  warnings.warn(</msg>
<msg time="2024-03-21T13:30:45.848040" level="INFO">${response} = &lt;Response [200]&gt;</msg>
<var>${response}</var>
<arg>consultarAPI</arg>
<arg>/api</arg>
<doc>Sends a GET request on a previously created HTTP Session.</doc>
<status status="PASS" start="2024-03-21T13:30:45.756676" elapsed="0.091405"/>
</kw>
<kw name="Set Variable" owner="BuiltIn">
<msg time="2024-03-21T13:30:45.849323" level="INFO">${json_data} = {'results': [{'gender': 'male', 'name': {'title': 'Mr', 'first': 'Daniel', 'last': 'Skorstad'}, 'location': {'street': {'number': 5486, 'name': 'Madame Maren Juels vei'}, 'city': 'Drag', 'state': 'Sog...</msg>
<var>${json_data}</var>
<arg>${response.json()}</arg>
<doc>Returns the given values which can then be assigned to a variables.</doc>
<status status="PASS" start="2024-03-21T13:30:45.848756" elapsed="0.000601"/>
</kw>
<kw name="Log" owner="BuiltIn">
<msg time="2024-03-21T13:30:45.849918" level="INFO">{'results': [{'gender': 'male', 'name': {'title': 'Mr', 'first': 'Daniel', 'last': 'Skorstad'}, 'location': {'street': {'number': 5486, 'name': 'Madame Maren Juels vei'}, 'city': 'Drag', 'state': 'Sogn og Fjordane', 'country': 'Norway', 'postcode': '9321', 'coordinates': {'latitude': '43.1445', 'longitude': '-69.7063'}, 'timezone': {'offset': '+1:00', 'description': 'Brussels, Copenhagen, Madrid, Paris'}}, 'email': 'daniel.skorstad@example.com', 'login': {'uuid': '2c7881bb-60fe-4680-ae58-669614ec9bae', 'username': 'goldenlion482', 'password': 'tickle', 'salt': 'ya85yGbl', 'md5': 'c409f8f9da30920d67d81ccaa94236b9', 'sha1': '0a47b0bd69cbc52a0c74bceef44d8073e25b9016', 'sha256': 'f015a21fef6efb68807f75e8aafd5cc333cc30bec57e6e5729df663f49b80f84'}, 'dob': {'date': '1969-03-25T17:38:43.911Z', 'age': 54}, 'registered': {'date': '2013-07-26T04:50:21.141Z', 'age': 10}, 'phone': '22875768', 'cell': '95916755', 'id': {'name': 'FN', 'value': '25036918708'}, 'picture': {'large': 'https://randomuser.me/api/portraits/men/41.jpg', 'medium': 'https://randomuser.me/api/portraits/med/men/41.jpg', 'thumbnail': 'https://randomuser.me/api/portraits/thumb/men/41.jpg'}, 'nat': 'NO'}], 'info': {'seed': 'ff53f07bb1d8f444', 'results': 1, 'page': 1, 'version': '1.4'}}</msg>
<arg>${json_data}</arg>
<doc>Logs the given message with the given level.</doc>
<status status="PASS" start="2024-03-21T13:30:45.849738" elapsed="0.000230"/>
</kw>
<kw name="Dictionary Should Contain Key" owner="Collections">
<msg time="2024-03-21T13:30:45.850439" level="INFO">False</msg>
<arg>${json_data}</arg>
<arg>results</arg>
<doc>Fails if ``key`` is not found from ``dictionary``.</doc>
<status status="PASS" start="2024-03-21T13:30:45.850274" elapsed="0.000202"/>
</kw>
<kw name="Should Not Be Empty" owner="BuiltIn">
<msg time="2024-03-21T13:30:45.850914" level="INFO">Length is 2.</msg>
<arg>${json_data}</arg>
<doc>Verifies that the given item is not empty.</doc>
<status status="PASS" start="2024-03-21T13:30:45.850778" elapsed="0.000174"/>
</kw>
<kw name="Create List" owner="BuiltIn">
<msg time="2024-03-21T13:30:45.851407" level="INFO">${expected_keys} = ['gender', 'name', 'location', 'email', 'login']</msg>
<var>${expected_keys}</var>
<arg>gender</arg>
<arg>name</arg>
<arg>location</arg>
<arg>email</arg>
<arg>login</arg>
<doc>Returns a list containing given items.</doc>
<status status="PASS" start="2024-03-21T13:30:45.851246" elapsed="0.000185"/>
</kw>
<for flavor="IN">
<iter>
<kw name="Dictionary Should Contain Key" owner="Collections">
<msg time="2024-03-21T13:30:45.852469" level="INFO">False</msg>
<arg>${json_data['results'][0]}</arg>
<arg>${key}</arg>
<doc>Fails if ``key`` is not found from ``dictionary``.</doc>
<status status="PASS" start="2024-03-21T13:30:45.852016" elapsed="0.000493"/>
</kw>
<kw name="Log" owner="BuiltIn">
<msg time="2024-03-21T13:30:45.853179" level="INFO">{'gender': 'male', 'name': {'title': 'Mr', 'first': 'Daniel', 'last': 'Skorstad'}, 'location': {'street': {'number': 5486, 'name': 'Madame Maren Juels vei'}, 'city': 'Drag', 'state': 'Sogn og Fjordane', 'country': 'Norway', 'postcode': '9321', 'coordinates': {'latitude': '43.1445', 'longitude': '-69.7063'}, 'timezone': {'offset': '+1:00', 'description': 'Brussels, Copenhagen, Madrid, Paris'}}, 'email': 'daniel.skorstad@example.com', 'login': {'uuid': '2c7881bb-60fe-4680-ae58-669614ec9bae', 'username': 'goldenlion482', 'password': 'tickle', 'salt': 'ya85yGbl', 'md5': 'c409f8f9da30920d67d81ccaa94236b9', 'sha1': '0a47b0bd69cbc52a0c74bceef44d8073e25b9016', 'sha256': 'f015a21fef6efb68807f75e8aafd5cc333cc30bec57e6e5729df663f49b80f84'}, 'dob': {'date': '1969-03-25T17:38:43.911Z', 'age': 54}, 'registered': {'date': '2013-07-26T04:50:21.141Z', 'age': 10}, 'phone': '22875768', 'cell': '95916755', 'id': {'name': 'FN', 'value': '25036918708'}, 'picture': {'large': 'https://randomuser.me/api/portraits/men/41.jpg', 'medium': 'https://randomuser.me/api/portraits/med/men/41.jpg', 'thumbnail': 'https://randomuser.me/api/portraits/thumb/men/41.jpg'}, 'nat': 'NO'}</msg>
<arg>${json_data['results'][0]}</arg>
<doc>Logs the given message with the given level.</doc>
<status status="PASS" start="2024-03-21T13:30:45.852817" elapsed="0.000416"/>
</kw>
<kw name="Log" owner="BuiltIn">
<msg time="2024-03-21T13:30:45.853666" level="INFO">gender</msg>
<arg>${key}</arg>
<doc>Logs the given message with the given level.</doc>
<status status="PASS" start="2024-03-21T13:30:45.853536" elapsed="0.000169"/>
</kw>
<var name="${key}">gender</var>
<status status="PASS" start="2024-03-21T13:30:45.851890" elapsed="0.002036"/>
</iter>
<iter>
<kw name="Dictionary Should Contain Key" owner="Collections">
<msg time="2024-03-21T13:30:45.854626" level="INFO">False</msg>
<arg>${json_data['results'][0]}</arg>
<arg>${key}</arg>
<doc>Fails if ``key`` is not found from ``dictionary``.</doc>
<status status="PASS" start="2024-03-21T13:30:45.854231" elapsed="0.000435"/>
</kw>
<kw name="Log" owner="BuiltIn">
<msg time="2024-03-21T13:30:45.855387" level="INFO">{'gender': 'male', 'name': {'title': 'Mr', 'first': 'Daniel', 'last': 'Skorstad'}, 'location': {'street': {'number': 5486, 'name': 'Madame Maren Juels vei'}, 'city': 'Drag', 'state': 'Sogn og Fjordane', 'country': 'Norway', 'postcode': '9321', 'coordinates': {'latitude': '43.1445', 'longitude': '-69.7063'}, 'timezone': {'offset': '+1:00', 'description': 'Brussels, Copenhagen, Madrid, Paris'}}, 'email': 'daniel.skorstad@example.com', 'login': {'uuid': '2c7881bb-60fe-4680-ae58-669614ec9bae', 'username': 'goldenlion482', 'password': 'tickle', 'salt': 'ya85yGbl', 'md5': 'c409f8f9da30920d67d81ccaa94236b9', 'sha1': '0a47b0bd69cbc52a0c74bceef44d8073e25b9016', 'sha256': 'f015a21fef6efb68807f75e8aafd5cc333cc30bec57e6e5729df663f49b80f84'}, 'dob': {'date': '1969-03-25T17:38:43.911Z', 'age': 54}, 'registered': {'date': '2013-07-26T04:50:21.141Z', 'age': 10}, 'phone': '22875768', 'cell': '95916755', 'id': {'name': 'FN', 'value': '25036918708'}, 'picture': {'large': 'https://randomuser.me/api/portraits/men/41.jpg', 'medium': 'https://randomuser.me/api/portraits/med/men/41.jpg', 'thumbnail': 'https://randomuser.me/api/portraits/thumb/men/41.jpg'}, 'nat': 'NO'}</msg>
<arg>${json_data['results'][0]}</arg>
<doc>Logs the given message with the given level.</doc>
<status status="PASS" start="2024-03-21T13:30:45.855008" elapsed="0.000427"/>
</kw>
<kw name="Log" owner="BuiltIn">
<msg time="2024-03-21T13:30:45.855868" level="INFO">name</msg>
<arg>${key}</arg>
<doc>Logs the given message with the given level.</doc>
<status status="PASS" start="2024-03-21T13:30:45.855740" elapsed="0.000165"/>
</kw>
<var name="${key}">name</var>
<status status="PASS" start="2024-03-21T13:30:45.854116" elapsed="0.002011"/>
</iter>
<iter>
<kw name="Dictionary Should Contain Key" owner="Collections">
<msg time="2024-03-21T13:30:45.856838" level="INFO">False</msg>
<arg>${json_data['results'][0]}</arg>
<arg>${key}</arg>
<doc>Fails if ``key`` is not found from ``dictionary``.</doc>
<status status="PASS" start="2024-03-21T13:30:45.856464" elapsed="0.000412"/>
</kw>
<kw name="Log" owner="BuiltIn">
<msg time="2024-03-21T13:30:45.857539" level="INFO">{'gender': 'male', 'name': {'title': 'Mr', 'first': 'Daniel', 'last': 'Skorstad'}, 'location': {'street': {'number': 5486, 'name': 'Madame Maren Juels vei'}, 'city': 'Drag', 'state': 'Sogn og Fjordane', 'country': 'Norway', 'postcode': '9321', 'coordinates': {'latitude': '43.1445', 'longitude': '-69.7063'}, 'timezone': {'offset': '+1:00', 'description': 'Brussels, Copenhagen, Madrid, Paris'}}, 'email': 'daniel.skorstad@example.com', 'login': {'uuid': '2c7881bb-60fe-4680-ae58-669614ec9bae', 'username': 'goldenlion482', 'password': 'tickle', 'salt': 'ya85yGbl', 'md5': 'c409f8f9da30920d67d81ccaa94236b9', 'sha1': '0a47b0bd69cbc52a0c74bceef44d8073e25b9016', 'sha256': 'f015a21fef6efb68807f75e8aafd5cc333cc30bec57e6e5729df663f49b80f84'}, 'dob': {'date': '1969-03-25T17:38:43.911Z', 'age': 54}, 'registered': {'date': '2013-07-26T04:50:21.141Z', 'age': 10}, 'phone': '22875768', 'cell': '95916755', 'id': {'name': 'FN', 'value': '25036918708'}, 'picture': {'large': 'https://randomuser.me/api/portraits/men/41.jpg', 'medium': 'https://randomuser.me/api/portraits/med/men/41.jpg', 'thumbnail': 'https://randomuser.me/api/portraits/thumb/men/41.jpg'}, 'nat': 'NO'}</msg>
<arg>${json_data['results'][0]}</arg>
<doc>Logs the given message with the given level.</doc>
<status status="PASS" start="2024-03-21T13:30:45.857177" elapsed="0.000414"/>
</kw>
<kw name="Log" owner="BuiltIn">
<msg time="2024-03-21T13:30:45.858011" level="INFO">location</msg>
<arg>${key}</arg>
<doc>Logs the given message with the given level.</doc>
<status status="PASS" start="2024-03-21T13:30:45.857885" elapsed="0.000164"/>
</kw>
<var name="${key}">location</var>
<status status="PASS" start="2024-03-21T13:30:45.856350" elapsed="0.001912"/>
</iter>
<iter>
<kw name="Dictionary Should Contain Key" owner="Collections">
<msg time="2024-03-21T13:30:45.858914" level="INFO">False</msg>
<arg>${json_data['results'][0]}</arg>
<arg>${key}</arg>
<doc>Fails if ``key`` is not found from ``dictionary``.</doc>
<status status="PASS" start="2024-03-21T13:30:45.858542" elapsed="0.000410"/>
</kw>
<kw name="Log" owner="BuiltIn">
<msg time="2024-03-21T13:30:45.859598" level="INFO">{'gender': 'male', 'name': {'title': 'Mr', 'first': 'Daniel', 'last': 'Skorstad'}, 'location': {'street': {'number': 5486, 'name': 'Madame Maren Juels vei'}, 'city': 'Drag', 'state': 'Sogn og Fjordane', 'country': 'Norway', 'postcode': '9321', 'coordinates': {'latitude': '43.1445', 'longitude': '-69.7063'}, 'timezone': {'offset': '+1:00', 'description': 'Brussels, Copenhagen, Madrid, Paris'}}, 'email': 'daniel.skorstad@example.com', 'login': {'uuid': '2c7881bb-60fe-4680-ae58-669614ec9bae', 'username': 'goldenlion482', 'password': 'tickle', 'salt': 'ya85yGbl', 'md5': 'c409f8f9da30920d67d81ccaa94236b9', 'sha1': '0a47b0bd69cbc52a0c74bceef44d8073e25b9016', 'sha256': 'f015a21fef6efb68807f75e8aafd5cc333cc30bec57e6e5729df663f49b80f84'}, 'dob': {'date': '1969-03-25T17:38:43.911Z', 'age': 54}, 'registered': {'date': '2013-07-26T04:50:21.141Z', 'age': 10}, 'phone': '22875768', 'cell': '95916755', 'id': {'name': 'FN', 'value': '25036918708'}, 'picture': {'large': 'https://randomuser.me/api/portraits/men/41.jpg', 'medium': 'https://randomuser.me/api/portraits/med/men/41.jpg', 'thumbnail': 'https://randomuser.me/api/portraits/thumb/men/41.jpg'}, 'nat': 'NO'}</msg>
<arg>${json_data['results'][0]}</arg>
<doc>Logs the given message with the given level.</doc>
<status status="PASS" start="2024-03-21T13:30:45.859247" elapsed="0.000398"/>
</kw>
<kw name="Log" owner="BuiltIn">
<msg time="2024-03-21T13:30:45.860060" level="INFO">email</msg>
<arg>${key}</arg>
<doc>Logs the given message with the given level.</doc>
<status status="PASS" start="2024-03-21T13:30:45.859935" elapsed="0.000163"/>
</kw>
<var name="${key}">email</var>
<status status="PASS" start="2024-03-21T13:30:45.858433" elapsed="0.001921"/>
</iter>
<iter>
<kw name="Dictionary Should Contain Key" owner="Collections">
<msg time="2024-03-21T13:30:45.861042" level="INFO">False</msg>
<arg>${json_data['results'][0]}</arg>
<arg>${key}</arg>
<doc>Fails if ``key`` is not found from ``dictionary``.</doc>
<status status="PASS" start="2024-03-21T13:30:45.860649" elapsed="0.000431"/>
</kw>
<kw name="Log" owner="BuiltIn">
<msg time="2024-03-21T13:30:45.861732" level="INFO">{'gender': 'male', 'name': {'title': 'Mr', 'first': 'Daniel', 'last': 'Skorstad'}, 'location': {'street': {'number': 5486, 'name': 'Madame Maren Juels vei'}, 'city': 'Drag', 'state': 'Sogn og Fjordane', 'country': 'Norway', 'postcode': '9321', 'coordinates': {'latitude': '43.1445', 'longitude': '-69.7063'}, 'timezone': {'offset': '+1:00', 'description': 'Brussels, Copenhagen, Madrid, Paris'}}, 'email': 'daniel.skorstad@example.com', 'login': {'uuid': '2c7881bb-60fe-4680-ae58-669614ec9bae', 'username': 'goldenlion482', 'password': 'tickle', 'salt': 'ya85yGbl', 'md5': 'c409f8f9da30920d67d81ccaa94236b9', 'sha1': '0a47b0bd69cbc52a0c74bceef44d8073e25b9016', 'sha256': 'f015a21fef6efb68807f75e8aafd5cc333cc30bec57e6e5729df663f49b80f84'}, 'dob': {'date': '1969-03-25T17:38:43.911Z', 'age': 54}, 'registered': {'date': '2013-07-26T04:50:21.141Z', 'age': 10}, 'phone': '22875768', 'cell': '95916755', 'id': {'name': 'FN', 'value': '25036918708'}, 'picture': {'large': 'https://randomuser.me/api/portraits/men/41.jpg', 'medium': 'https://randomuser.me/api/portraits/med/men/41.jpg', 'thumbnail': 'https://randomuser.me/api/portraits/thumb/men/41.jpg'}, 'nat': 'NO'}</msg>
<arg>${json_data['results'][0]}</arg>
<doc>Logs the given message with the given level.</doc>
<status status="PASS" start="2024-03-21T13:30:45.861373" elapsed="0.000406"/>
</kw>
<kw name="Log" owner="BuiltIn">
<msg time="2024-03-21T13:30:45.862194" level="INFO">login</msg>
<arg>${key}</arg>
<doc>Logs the given message with the given level.</doc>
<status status="PASS" start="2024-03-21T13:30:45.862068" elapsed="0.000273"/>
</kw>
<var name="${key}">login</var>
<status status="PASS" start="2024-03-21T13:30:45.860531" elapsed="0.002055"/>
</iter>
<var>${key}</var>
<value>@{expected_keys}</value>
<status status="PASS" start="2024-03-21T13:30:45.851694" elapsed="0.011020"/>
</for>
<kw name="Create List" owner="BuiltIn">
<msg time="2024-03-21T13:30:45.863097" level="INFO">${expected_keysTwo} = ['username', 'password']</msg>
<var>${expected_keysTwo}</var>
<arg>username</arg>
<arg>password</arg>
<doc>Returns a list containing given items.</doc>
<status status="PASS" start="2024-03-21T13:30:45.862936" elapsed="0.000190"/>
</kw>
<for flavor="IN">
<iter>
<kw name="Dictionary Should Contain Key" owner="Collections">
<msg time="2024-03-21T13:30:45.864087" level="INFO">False</msg>
<arg>${json_data['results'][0]['login']}</arg>
<arg>${keyTwo}</arg>
<doc>Fails if ``key`` is not found from ``dictionary``.</doc>
<status status="PASS" start="2024-03-21T13:30:45.863687" elapsed="0.000437"/>
</kw>
<kw name="Dictionary Should Contain Key" owner="Collections">
<msg time="2024-03-21T13:30:45.864852" level="INFO">False</msg>
<arg>${json_data['results'][0]['login']}</arg>
<arg>${keyTwo}</arg>
<doc>Fails if ``key`` is not found from ``dictionary``.</doc>
<status status="PASS" start="2024-03-21T13:30:45.864466" elapsed="0.000423"/>
</kw>
<kw name="Log" owner="BuiltIn">
<msg time="2024-03-21T13:30:45.865309" level="INFO">username</msg>
<arg>${keyTwo}</arg>
<doc>Logs the given message with the given level.</doc>
<status status="PASS" start="2024-03-21T13:30:45.865181" elapsed="0.000165"/>
</kw>
<var name="${keyTwo}">username</var>
<status status="PASS" start="2024-03-21T13:30:45.863570" elapsed="0.001992"/>
</iter>
<iter>
<kw name="Dictionary Should Contain Key" owner="Collections">
<msg time="2024-03-21T13:30:45.866223" level="INFO">False</msg>
<arg>${json_data['results'][0]['login']}</arg>
<arg>${keyTwo}</arg>
<doc>Fails if ``key`` is not found from ``dictionary``.</doc>
<status status="PASS" start="2024-03-21T13:30:45.865845" elapsed="0.000416"/>
</kw>
<kw name="Dictionary Should Contain Key" owner="Collections">
<msg time="2024-03-21T13:30:45.866937" level="INFO">False</msg>
<arg>${json_data['results'][0]['login']}</arg>
<arg>${keyTwo}</arg>
<doc>Fails if ``key`` is not found from ``dictionary``.</doc>
<status status="PASS" start="2024-03-21T13:30:45.866553" elapsed="0.000420"/>
</kw>
<kw name="Log" owner="BuiltIn">
<msg time="2024-03-21T13:30:45.867392" level="INFO">password</msg>
<arg>${keyTwo}</arg>
<doc>Logs the given message with the given level.</doc>
<status status="PASS" start="2024-03-21T13:30:45.867264" elapsed="0.000166"/>
</kw>
<var name="${keyTwo}">password</var>
<status status="PASS" start="2024-03-21T13:30:45.865736" elapsed="0.001910"/>
</iter>
<var>${keyTwo}</var>
<value>@{expected_keysTwo}</value>
<status status="PASS" start="2024-03-21T13:30:45.863407" elapsed="0.004359"/>
</for>
<status status="PASS" start="2024-03-21T13:30:45.756430" elapsed="0.111480"/>
</kw>
<doc>Testa a estrutura da resposta da API.</doc>
<tag>testeEstruturaResposta</tag>
<status status="PASS" start="2024-03-21T13:30:45.755628" elapsed="0.112448"/>
</test>
<test id="s1-s1-t4" name="Validar tipos de dados" line="28">
<kw name="Teste de Tipos de Dados" owner="random-user-service">
<kw name="GET On Session" owner="RequestsLibrary">
<msg time="2024-03-21T13:30:45.955331" level="INFO">GET Request : url=https://randomuser.me/api 
 path_url=/api 
 headers={'User-Agent': 'python-requests/2.31.0', 'Accept-Encoding': 'gzip, deflate', 'Accept': '*/*', 'Connection': 'keep-alive'} 
 body=None 
 </msg>
<msg time="2024-03-21T13:30:45.955444" level="INFO">GET Response : url=https://randomuser.me/api 
 status=200, reason=OK 
 headers={'Date': 'Thu, 21 Mar 2024 13:30:45 GMT', 'Content-Type': 'application/json; charset=utf-8', 'Transfer-Encoding': 'chunked', 'Connection': 'keep-alive', 'X-Powered-By': 'Express', 'Access-Control-Allow-Origin': '*', 'Cache-Control': 'no-cache', 'ETag': 'W/"49c-AFfJ0I12rqbk0oDwjPjovgD0Nfk"', 'Vary': 'Accept-Encoding', 'Content-Encoding': 'gzip', 'CF-Cache-Status': 'DYNAMIC', 'Report-To': '{"endpoints":[{"url":"https:\\/\\/a.nel.cloudflare.com\\/report\\/v4?s=VbEt8ddl2yhaV4H0k%2BVx%2FvOe5QPdGLxq%2Fmls0TfSQRsEvNN6JWlZrOguaKZkoutf9VsdAD3TfaH39N53WuizWaSiq3i0kq1wCOdCc%2BhvL61jgAu9xriIyWICs9W50py7"}],"group":"cf-nel","max_age":604800}', 'NEL': '{"success_fraction":0,"report_to":"cf-nel","max_age":604800}', 'Server': 'cloudflare', 'CF-RAY': '867e4c64bad31686-SJC', 'alt-svc': 'h3=":443"; ma=86400'} 
 body={"results":[{"gender":"male","name":{"title":"Monsieur","first":"Loïc","last":"Simon"},"location":{"street":{"number":7801,"name":"Rue des Chartreux"},"city":"Origlio","state":"Luzern","country":"Switzerland","postcode":1052,"coordinates":{"latitude":"-56.4851","longitude":"-17.5389"},"timezone":{"offset":"-5:00","description":"Eastern Time (US &amp; Canada), Bogota, Lima"}},"email":"loic.simon@example.com","login":{"uuid":"9f3cba7b-d0a1-4efb-96b8-30e90c18231b","username":"redlion289","password":"gamecube","salt":"ZbPf57Th","md5":"636344f8d29fe0177ae85923c5c2d224","sha1":"32fcfbf83e3e0cad892d3ef780b105523a16b44b","sha256":"71c6e0d735cdc6b94a0d203e8203682e68c11ddcc7a7bb3cdbf0638fe42736a9"},"dob":{"date":"1946-06-16T20:22:04.865Z","age":77},"registered":{"date":"2020-06-26T21:08:51.740Z","age":3},"phone":"079 051 21 76","cell":"075 311 75 58","id":{"name":"AVS","value":"756.4376.5479.97"},"picture":{"large":"https://randomuser.me/api/portraits/men/60.jpg","medium":"https://randomuser.me/api/portraits/med/men/60.jpg","thumbnail":"https://randomuser.me/api/portraits/thumb/men/60.jpg"},"nat":"CH"}],"info":{"seed":"f85fe900a099a06b","results":1,"page":1,"version":"1.4"}} 
 </msg>
<msg time="2024-03-21T13:30:45.955528" level="INFO">/opt/hostedtoolcache/Python/3.12.2/x64/lib/python3.12/site-packages/urllib3/connectionpool.py:1103: InsecureRequestWarning: Unverified HTTPS request is being made to host 'randomuser.me'. Adding certificate verification is strongly advised. See: https://urllib3.readthedocs.io/en/latest/advanced-usage.html#tls-warnings
  warnings.warn(</msg>
<msg time="2024-03-21T13:30:45.955651" level="INFO">${response} = &lt;Response [200]&gt;</msg>
<var>${response}</var>
<arg>consultarAPI</arg>
<arg>/api</arg>
<doc>Sends a GET request on a previously created HTTP Session.</doc>
<status status="PASS" start="2024-03-21T13:30:45.870800" elapsed="0.084890"/>
</kw>
<kw name="Set Variable" owner="BuiltIn">
<msg time="2024-03-21T13:30:45.956951" level="INFO">${json_data} = {'results': [{'gender': 'male', 'name': {'title': 'Monsieur', 'first': 'Loïc', 'last': 'Simon'}, 'location': {'street': {'number': 7801, 'name': 'Rue des Chartreux'}, 'city': 'Origlio', 'state': 'Luze...</msg>
<var>${json_data}</var>
<arg>${response.json()}</arg>
<doc>Returns the given values which can then be assigned to a variables.</doc>
<status status="PASS" start="2024-03-21T13:30:45.956367" elapsed="0.000615"/>
</kw>
<kw name="Log" owner="BuiltIn">
<msg time="2024-03-21T13:30:45.957510" level="INFO">{'results': [{'gender': 'male', 'name': {'title': 'Monsieur', 'first': 'Loïc', 'last': 'Simon'}, 'location': {'street': {'number': 7801, 'name': 'Rue des Chartreux'}, 'city': 'Origlio', 'state': 'Luzern', 'country': 'Switzerland', 'postcode': 1052, 'coordinates': {'latitude': '-56.4851', 'longitude': '-17.5389'}, 'timezone': {'offset': '-5:00', 'description': 'Eastern Time (US &amp; Canada), Bogota, Lima'}}, 'email': 'loic.simon@example.com', 'login': {'uuid': '9f3cba7b-d0a1-4efb-96b8-30e90c18231b', 'username': 'redlion289', 'password': 'gamecube', 'salt': 'ZbPf57Th', 'md5': '636344f8d29fe0177ae85923c5c2d224', 'sha1': '32fcfbf83e3e0cad892d3ef780b105523a16b44b', 'sha256': '71c6e0d735cdc6b94a0d203e8203682e68c11ddcc7a7bb3cdbf0638fe42736a9'}, 'dob': {'date': '1946-06-16T20:22:04.865Z', 'age': 77}, 'registered': {'date': '2020-06-26T21:08:51.740Z', 'age': 3}, 'phone': '079 051 21 76', 'cell': '075 311 75 58', 'id': {'name': 'AVS', 'value': '756.4376.5479.97'}, 'picture': {'large': 'https://randomuser.me/api/portraits/men/60.jpg', 'medium': 'https://randomuser.me/api/portraits/med/men/60.jpg', 'thumbnail': 'https://randomuser.me/api/portraits/thumb/men/60.jpg'}, 'nat': 'CH'}], 'info': {'seed': 'f85fe900a099a06b', 'results': 1, 'page': 1, 'version': '1.4'}}</msg>
<arg>${json_data}</arg>
<doc>Logs the given message with the given level.</doc>
<status status="PASS" start="2024-03-21T13:30:45.957339" elapsed="0.000261"/>
</kw>
<kw name="Should Be String" owner="String">
<arg>${json_data['results'][0]['gender']}</arg>
<doc>Fails if the given ``item`` is not a string.</doc>
<status status="PASS" start="2024-03-21T13:30:45.957923" elapsed="0.000390"/>
</kw>
<kw name="Should Match Regexp" owner="BuiltIn">
<arg>${json_data['results'][0]['email']}</arg>
<arg>^[a-zA-Z0-9._%+-]+@[a-zA-Z0-9.-]+\.[a-zA-Z]{2,}$</arg>
<doc>Fails if ``string`` does not match ``pattern`` as a regular expression.</doc>
<status status="PASS" start="2024-03-21T13:30:45.958532" elapsed="0.000525"/>
</kw>
<kw name="Should Match Regexp" owner="BuiltIn">
<arg>${json_data['results'][0]['dob']['date']}</arg>
<arg>\\d{4}-\\d{2}-\\d{2}T\\d{2}:\\d{2}:\\d{2}\\.\\d{3}Z</arg>
<doc>Fails if ``string`` does not match ``pattern`` as a regular expression.</doc>
<status status="PASS" start="2024-03-21T13:30:45.959256" elapsed="0.000493"/>
</kw>
<kw name="Should Match Regexp" owner="BuiltIn">
<arg>${json_data['results'][0]['registered']['date']}</arg>
<arg>\\d{4}-\\d{2}-\\d{2}T\\d{2}:\\d{2}:\\d{2}\\.\\d{3}Z</arg>
<doc>Fails if ``string`` does not match ``pattern`` as a regular expression.</doc>
<status status="PASS" start="2024-03-21T13:30:45.959951" elapsed="0.000410"/>
</kw>
<kw name="Should Match Regexp" owner="BuiltIn">
<arg>${json_data['results'][0]['picture']['large']}</arg>
<arg>^https?://.*\.(?:png|jpe?g|gif|bmp)$</arg>
<doc>Fails if ``string`` does not match ``pattern`` as a regular expression.</doc>
<status status="PASS" start="2024-03-21T13:30:45.960568" elapsed="0.000474"/>
</kw>
<kw name="Should Match Regexp" owner="BuiltIn">
<arg>${json_data['results'][0]['picture']['medium']}</arg>
<arg>^https?://.*\.(?:png|jpe?g|gif|bmp)$</arg>
<doc>Fails if ``string`` does not match ``pattern`` as a regular expression.</doc>
<status status="PASS" start="2024-03-21T13:30:45.961233" elapsed="0.000359"/>
</kw>
<kw name="Should Match Regexp" owner="BuiltIn">
<arg>${json_data['results'][0]['picture']['thumbnail']}</arg>
<arg>^https?://.*\.(?:png|jpe?g|gif|bmp)$</arg>
<doc>Fails if ``string`` does not match ``pattern`` as a regular expression.</doc>
<status status="PASS" start="2024-03-21T13:30:45.961778" elapsed="0.000348"/>
</kw>
<kw name="Log" owner="BuiltIn">
<msg time="2024-03-21T13:30:45.962629" level="INFO">{'large': 'https://randomuser.me/api/portraits/men/60.jpg', 'medium': 'https://randomuser.me/api/portraits/med/men/60.jpg', 'thumbnail': 'https://randomuser.me/api/portraits/thumb/men/60.jpg'}</msg>
<arg>${json_data['results'][0]['picture']}</arg>
<doc>Logs the given message with the given level.</doc>
<status status="PASS" start="2024-03-21T13:30:45.962305" elapsed="0.000371"/>
</kw>
<status status="PASS" start="2024-03-21T13:30:45.870562" elapsed="0.092372"/>
</kw>
<kw name="Teste de Tipos de Dados - Postcode" owner="random-user-service">
<kw name="GET On Session" owner="RequestsLibrary">
<msg time="2024-03-21T13:30:46.082005" level="INFO">GET Request : url=https://randomuser.me/api 
 path_url=/api 
 headers={'User-Agent': 'python-requests/2.31.0', 'Accept-Encoding': 'gzip, deflate', 'Accept': '*/*', 'Connection': 'keep-alive'} 
 body=None 
 </msg>
<msg time="2024-03-21T13:30:46.082124" level="INFO">GET Response : url=https://randomuser.me/api 
 status=200, reason=OK 
 headers={'Date': 'Thu, 21 Mar 2024 13:30:46 GMT', 'Content-Type': 'application/json; charset=utf-8', 'Transfer-Encoding': 'chunked', 'Connection': 'keep-alive', 'X-Powered-By': 'Express', 'Access-Control-Allow-Origin': '*', 'Cache-Control': 'no-cache', 'ETag': 'W/"485-ypazqARj0TJKaJhMkQapaJYZwJI"', 'Vary': 'Accept-Encoding', 'Content-Encoding': 'gzip', 'CF-Cache-Status': 'DYNAMIC', 'Report-To': '{"endpoints":[{"url":"https:\\/\\/a.nel.cloudflare.com\\/report\\/v4?s=9MZwHdCmq0N3XDo9lSYmAbDfttBP0%2FD4MJz2JxUtZ4CWUvIweC2RlpfLIwlIECQ6jkrJmG552sMbM820X1IRPVgTqKj2jeU2jgIandOJ3R8ugaD2aDtO5196XllS6HUC"}],"group":"cf-nel","max_age":604800}', 'NEL': '{"success_fraction":0,"report_to":"cf-nel","max_age":604800}', 'Server': 'cloudflare', 'CF-RAY': '867e4c654b4a1686-SJC', 'alt-svc': 'h3=":443"; ma=86400'} 
 body={"results":[{"gender":"female","name":{"title":"Ms","first":"Lumi","last":"Aho"},"location":{"street":{"number":988,"name":"Otavalankatu"},"city":"Paimio","state":"South Karelia","country":"Finland","postcode":86293,"coordinates":{"latitude":"-23.1062","longitude":"102.2137"},"timezone":{"offset":"-11:00","description":"Midway Island, Samoa"}},"email":"lumi.aho@example.com","login":{"uuid":"80e0189b-dae5-479e-bb48-2f38e43f86e5","username":"orangedog958","password":"diamonds","salt":"P5wBK68R","md5":"b8be19daf01296c915a66045c8016c56","sha1":"8c56170a908d3393cc251330f4f0f4c1c0bb4794","sha256":"dd4b5472f8b8ac78bb0366784aa3eae782e612d39c7792c26433d9af3cb4a90e"},"dob":{"date":"1957-05-30T06:52:40.774Z","age":66},"registered":{"date":"2013-02-27T00:44:17.147Z","age":11},"phone":"04-295-393","cell":"047-753-02-00","id":{"name":"HETU","value":"NaNNA140undefined"},"picture":{"large":"https://randomuser.me/api/portraits/women/90.jpg","medium":"https://randomuser.me/api/portraits/med/women/90.jpg","thumbnail":"https://randomuser.me/api/portraits/thumb/women/90.jpg"},"nat":"FI"}],"info":{"seed":"e73c9b21dfe8a451","results":1,"page":1,"version":"1.4"}} 
 </msg>
<msg time="2024-03-21T13:30:46.082238" level="INFO">/opt/hostedtoolcache/Python/3.12.2/x64/lib/python3.12/site-packages/urllib3/connectionpool.py:1103: InsecureRequestWarning: Unverified HTTPS request is being made to host 'randomuser.me'. Adding certificate verification is strongly advised. See: https://urllib3.readthedocs.io/en/latest/advanced-usage.html#tls-warnings
  warnings.warn(</msg>
<msg time="2024-03-21T13:30:46.082396" level="INFO">${response} = &lt;Response [200]&gt;</msg>
<var>${response}</var>
<arg>consultarAPI</arg>
<arg>/api</arg>
<doc>Sends a GET request on a previously created HTTP Session.</doc>
<status status="PASS" start="2024-03-21T13:30:45.963559" elapsed="0.118883"/>
</kw>
<kw name="Set Variable" owner="BuiltIn">
<msg time="2024-03-21T13:30:46.083778" level="INFO">${json_data} = {'results': [{'gender': 'female', 'name': {'title': 'Ms', 'first': 'Lumi', 'last': 'Aho'}, 'location': {'street': {'number': 988, 'name': 'Otavalankatu'}, 'city': 'Paimio', 'state': 'South Karelia', '...</msg>
<var>${json_data}</var>
<arg>${response.json()}</arg>
<doc>Returns the given values which can then be assigned to a variables.</doc>
<status status="PASS" start="2024-03-21T13:30:46.083179" elapsed="0.000629"/>
</kw>
<kw name="Log" owner="BuiltIn">
<msg time="2024-03-21T13:30:46.084322" level="INFO">{'results': [{'gender': 'female', 'name': {'title': 'Ms', 'first': 'Lumi', 'last': 'Aho'}, 'location': {'street': {'number': 988, 'name': 'Otavalankatu'}, 'city': 'Paimio', 'state': 'South Karelia', 'country': 'Finland', 'postcode': 86293, 'coordinates': {'latitude': '-23.1062', 'longitude': '102.2137'}, 'timezone': {'offset': '-11:00', 'description': 'Midway Island, Samoa'}}, 'email': 'lumi.aho@example.com', 'login': {'uuid': '80e0189b-dae5-479e-bb48-2f38e43f86e5', 'username': 'orangedog958', 'password': 'diamonds', 'salt': 'P5wBK68R', 'md5': 'b8be19daf01296c915a66045c8016c56', 'sha1': '8c56170a908d3393cc251330f4f0f4c1c0bb4794', 'sha256': 'dd4b5472f8b8ac78bb0366784aa3eae782e612d39c7792c26433d9af3cb4a90e'}, 'dob': {'date': '1957-05-30T06:52:40.774Z', 'age': 66}, 'registered': {'date': '2013-02-27T00:44:17.147Z', 'age': 11}, 'phone': '04-295-393', 'cell': '047-753-02-00', 'id': {'name': 'HETU', 'value': 'NaNNA140undefined'}, 'picture': {'large': 'https://randomuser.me/api/portraits/women/90.jpg', 'medium': 'https://randomuser.me/api/portraits/med/women/90.jpg', 'thumbnail': 'https://randomuser.me/api/portraits/thumb/women/90.jpg'}, 'nat': 'FI'}], 'info': {'seed': 'e73c9b21dfe8a451', 'results': 1, 'page': 1, 'version': '1.4'}}</msg>
<arg>${json_data}</arg>
<doc>Logs the given message with the given level.</doc>
<status status="PASS" start="2024-03-21T13:30:46.084125" elapsed="0.000281"/>
</kw>
<kw name="Should Be Equal As Numbers" owner="BuiltIn">
<arg>${json_data['results'][0]['location']['postcode']}</arg>
<arg>${json_data['results'][0]['location']['postcode']}</arg>
<doc>Fails if objects are unequal after converting them to real numbers.</doc>
<status status="PASS" start="2024-03-21T13:30:46.084716" elapsed="0.000628"/>
</kw>
<kw name="Log" owner="BuiltIn">
<msg time="2024-03-21T13:30:46.085865" level="INFO">86293</msg>
<arg>${json_data['results'][0]['location']['postcode']}</arg>
<doc>Logs the given message with the given level.</doc>
<status status="PASS" start="2024-03-21T13:30:46.085535" elapsed="0.000370"/>
</kw>
<status status="PASS" start="2024-03-21T13:30:45.963175" elapsed="0.122989"/>
</kw>
<doc>Testa se os tipos de dados na resposta da API estão corretos.</doc>
<tag>testeTiposDados</tag>
<status status="PASS" start="2024-03-21T13:30:45.869995" elapsed="0.216344"/>
</test>
<test id="s1-s1-t5" name="Validar conteudo" line="35">
<kw name="Teste de Tipos de Conteudo" owner="random-user-service">
<kw name="GET On Session" owner="RequestsLibrary">
<msg time="2024-03-21T13:30:46.185858" level="INFO">GET Request : url=https://randomuser.me/api 
 path_url=/api 
 headers={'User-Agent': 'python-requests/2.31.0', 'Accept-Encoding': 'gzip, deflate', 'Accept': '*/*', 'Connection': 'keep-alive'} 
 body=None 
 </msg>
<msg time="2024-03-21T13:30:46.185973" level="INFO">GET Response : url=https://randomuser.me/api 
 status=200, reason=OK 
 headers={'Date': 'Thu, 21 Mar 2024 13:30:46 GMT', 'Content-Type': 'application/json; charset=utf-8', 'Transfer-Encoding': 'chunked', 'Connection': 'keep-alive', 'X-Powered-By': 'Express', 'Access-Control-Allow-Origin': '*', 'Cache-Control': 'no-cache', 'ETag': 'W/"48f-tLPt2UaCKRxA/z8qg2Tj9HTthHc"', 'Vary': 'Accept-Encoding', 'Content-Encoding': 'gzip', 'CF-Cache-Status': 'DYNAMIC', 'Report-To': '{"endpoints":[{"url":"https:\\/\\/a.nel.cloudflare.com\\/report\\/v4?s=stmhREmAgkHgjdt5rmu2IV8JD5r8%2BqTZ0RzeIbO%2FGezw3EWX4PH14jzl2JYoylS0hP8zYkb2BkkacGOXwkf3UNE8Bt4v%2FXbCrIC0tq%2FrUqj3iNdg9ki0pbHqxjErTYOJ"}],"group":"cf-nel","max_age":604800}', 'NEL': '{"success_fraction":0,"report_to":"cf-nel","max_age":604800}', 'Server': 'cloudflare', 'CF-RAY': '867e4c661c1b1686-SJC', 'alt-svc': 'h3=":443"; ma=86400'} 
 body={"results":[{"gender":"male","name":{"title":"Mr","first":"Joshua","last":"Wells"},"location":{"street":{"number":8941,"name":"Paddock Way"},"city":"Los Angeles","state":"Alaska","country":"United States","postcode":92566,"coordinates":{"latitude":"87.4540","longitude":"-107.4932"},"timezone":{"offset":"+8:00","description":"Beijing, Perth, Singapore, Hong Kong"}},"email":"joshua.wells@example.com","login":{"uuid":"8fde980e-7b72-456c-9df4-d5b05cd621f3","username":"whitefish861","password":"susie","salt":"CTDiwxVx","md5":"ffac4cf3e55afa9dab2dd5c630f86a6d","sha1":"3342c2addbecce9877bed85c58977b744d976699","sha256":"59b3a70fb8cb67f60a86cd5a5783a8fe40ac0df73236cac01a0d69a17a284b09"},"dob":{"date":"1962-08-31T19:55:58.676Z","age":61},"registered":{"date":"2016-02-08T09:27:58.290Z","age":8},"phone":"(488) 510-9299","cell":"(860) 668-7290","id":{"name":"SSN","value":"642-04-1906"},"picture":{"large":"https://randomuser.me/api/portraits/men/1.jpg","medium":"https://randomuser.me/api/portraits/med/men/1.jpg","thumbnail":"https://randomuser.me/api/portraits/thumb/men/1.jpg"},"nat":"US"}],"info":{"seed":"918ffe23fe1283f2","results":1,"page":1,"version":"1.4"}} 
 </msg>
<msg time="2024-03-21T13:30:46.186041" level="INFO">/opt/hostedtoolcache/Python/3.12.2/x64/lib/python3.12/site-packages/urllib3/connectionpool.py:1103: InsecureRequestWarning: Unverified HTTPS request is being made to host 'randomuser.me'. Adding certificate verification is strongly advised. See: https://urllib3.readthedocs.io/en/latest/advanced-usage.html#tls-warnings
  warnings.warn(</msg>
<msg time="2024-03-21T13:30:46.186160" level="INFO">${response} = &lt;Response [200]&gt;</msg>
<var>${response}</var>
<arg>consultarAPI</arg>
<arg>/api</arg>
<doc>Sends a GET request on a previously created HTTP Session.</doc>
<status status="PASS" start="2024-03-21T13:30:46.088906" elapsed="0.097294"/>
</kw>
<kw name="Set Variable" owner="BuiltIn">
<msg time="2024-03-21T13:30:46.187469" level="INFO">${json_data} = {'results': [{'gender': 'male', 'name': {'title': 'Mr', 'first': 'Joshua', 'last': 'Wells'}, 'location': {'street': {'number': 8941, 'name': 'Paddock Way'}, 'city': 'Los Angeles', 'state': 'Alaska', '...</msg>
<var>${json_data}</var>
<arg>${response.json()}</arg>
<doc>Returns the given values which can then be assigned to a variables.</doc>
<status status="PASS" start="2024-03-21T13:30:46.186864" elapsed="0.000633"/>
</kw>
<kw name="Set Variable" owner="BuiltIn">
<msg time="2024-03-21T13:30:46.188202" level="INFO">${name_title} = Mr</msg>
<var>${name_title}</var>
<arg>${json_data["results"][0]["name"]["title"]}</arg>
<doc>Returns the given values which can then be assigned to a variables.</doc>
<status status="PASS" start="2024-03-21T13:30:46.187815" elapsed="0.000447"/>
</kw>
<kw name="Create List" owner="BuiltIn">
<msg time="2024-03-21T13:30:46.188735" level="INFO">${allowed_titles} = ['Mr', 'Ms', 'Miss', 'Mrs', 'Madame', 'Monsieur']</msg>
<var>${allowed_titles}</var>
<arg>Mr</arg>
<arg>Ms</arg>
<arg>Miss</arg>
<arg>Mrs</arg>
<arg>Madame</arg>
<arg>Monsieur</arg>
<doc>Returns a list containing given items.</doc>
<status status="PASS" start="2024-03-21T13:30:46.188582" elapsed="0.000177"/>
</kw>
<kw name="List Should Contain Value" owner="Collections">
<msg time="2024-03-21T13:30:46.189257" level="INFO">False</msg>
<arg>${allowed_titles}</arg>
<arg>${name_title}</arg>
<doc>Fails if the ``value`` is not found from ``list``.</doc>
<status status="PASS" start="2024-03-21T13:30:46.189067" elapsed="0.000228"/>
</kw>
<kw name="Set Variable" owner="BuiltIn">
<msg time="2024-03-21T13:30:46.189963" level="INFO">${name_country} = US</msg>
<var>${name_country}</var>
<arg>${json_data["results"][0]["nat"]}</arg>
<doc>Returns the given values which can then be assigned to a variables.</doc>
<status status="PASS" start="2024-03-21T13:30:46.189585" elapsed="0.000403"/>
</kw>
<kw name="Create List" owner="BuiltIn">
<msg time="2024-03-21T13:30:46.190894" level="INFO">${list_country} = ['AD', 'AE', 'AF', 'AG', 'AI', 'AL', 'AM', 'AO', 'AQ', 'AR', 'AS', 'AT', 'AU', 'AW', 'AX', 'AZ', 'BA', 'BB', 'BD', 'BE', 'BF', 'BG', 'BH', 'BI', 'BJ', 'BL', 'BM', 'BN', 'BO', 'BQ', 'BR', 'BS', 'BT', '...</msg>
<var>${list_country}</var>
<arg>AD</arg>
<arg>AE</arg>
<arg>AF</arg>
<arg>AG</arg>
<arg>AI</arg>
<arg>AL</arg>
<arg>AM</arg>
<arg>AO</arg>
<arg>AQ</arg>
<arg>AR</arg>
<arg>AS</arg>
<arg>AT</arg>
<arg>AU</arg>
<arg>AW</arg>
<arg>AX</arg>
<arg>AZ</arg>
<arg>BA</arg>
<arg>BB</arg>
<arg>BD</arg>
<arg>BE</arg>
<arg>BF</arg>
<arg>BG</arg>
<arg>BH</arg>
<arg>BI</arg>
<arg>BJ</arg>
<arg>BL</arg>
<arg>BM</arg>
<arg>BN</arg>
<arg>BO</arg>
<arg>BQ</arg>
<arg>BR</arg>
<arg>BS</arg>
<arg>BT</arg>
<arg>BV</arg>
<arg>BW</arg>
<arg>BY</arg>
<arg>BZ</arg>
<arg>CA</arg>
<arg>CC</arg>
<arg>CD</arg>
<arg>CF</arg>
<arg>CG</arg>
<arg>CH</arg>
<arg>CI</arg>
<arg>CK</arg>
<arg>CL</arg>
<arg>CM</arg>
<arg>CN</arg>
<arg>CO</arg>
<arg>CR</arg>
<arg>CU</arg>
<arg>CV</arg>
<arg>CW</arg>
<arg>CX</arg>
<arg>CY</arg>
<arg>CZ</arg>
<arg>DE</arg>
<arg>DJ</arg>
<arg>DK</arg>
<arg>DM</arg>
<arg>DO</arg>
<arg>DZ</arg>
<arg>EC</arg>
<arg>EE</arg>
<arg>EG</arg>
<arg>EH</arg>
<arg>ER</arg>
<arg>ES</arg>
<arg>ET</arg>
<arg>FI</arg>
<arg>FJ</arg>
<arg>FK</arg>
<arg>FM</arg>
<arg>FO</arg>
<arg>FR</arg>
<arg>GA</arg>
<arg>GB</arg>
<arg>GD</arg>
<arg>GE</arg>
<arg>GF</arg>
<arg>GG</arg>
<arg>GH</arg>
<arg>GI</arg>
<arg>GL</arg>
<arg>GM</arg>
<arg>GN</arg>
<arg>GP</arg>
<arg>GQ</arg>
<arg>GR</arg>
<arg>GS</arg>
<arg>GT</arg>
<arg>GU</arg>
<arg>GW</arg>
<arg>GY</arg>
<arg>HK</arg>
<arg>HM</arg>
<arg>HN</arg>
<arg>HR</arg>
<arg>HT</arg>
<arg>HU</arg>
<arg>ID</arg>
<arg>IE</arg>
<arg>IL</arg>
<arg>IM</arg>
<arg>IN</arg>
<arg>IO</arg>
<arg>IQ</arg>
<arg>IR</arg>
<arg>IS</arg>
<arg>IT</arg>
<arg>JE</arg>
<arg>JM</arg>
<arg>JO</arg>
<arg>JP</arg>
<arg>KE</arg>
<arg>KG</arg>
<arg>KH</arg>
<arg>KI</arg>
<arg>KM</arg>
<arg>KN</arg>
<arg>KP</arg>
<arg>KR</arg>
<arg>KW</arg>
<arg>KY</arg>
<arg>KZ</arg>
<arg>LA</arg>
<arg>LB</arg>
<arg>LC</arg>
<arg>LI</arg>
<arg>LK</arg>
<arg>LR</arg>
<arg>LS</arg>
<arg>LT</arg>
<arg>LU</arg>
<arg>LV</arg>
<arg>LY</arg>
<arg>MA</arg>
<arg>MC</arg>
<arg>MD</arg>
<arg>ME</arg>
<arg>MF</arg>
<arg>MG</arg>
<arg>MH</arg>
<arg>MK</arg>
<arg>ML</arg>
<arg>MM</arg>
<arg>MN</arg>
<arg>MO</arg>
<arg>MP</arg>
<arg>MQ</arg>
<arg>MR</arg>
<arg>MS</arg>
<arg>MT</arg>
<arg>MU</arg>
<arg>MV</arg>
<arg>MW</arg>
<arg>MX</arg>
<arg>MY</arg>
<arg>MZ</arg>
<arg>NA</arg>
<arg>NC</arg>
<arg>NE</arg>
<arg>NF</arg>
<arg>NG</arg>
<arg>NI</arg>
<arg>NL</arg>
<arg>NO</arg>
<arg>NP</arg>
<arg>NR</arg>
<arg>NU</arg>
<arg>NZ</arg>
<arg>OM</arg>
<arg>PA</arg>
<arg>PE</arg>
<arg>PF</arg>
<arg>PG</arg>
<arg>PH</arg>
<arg>PK</arg>
<arg>PL</arg>
<arg>PM</arg>
<arg>PN</arg>
<arg>PR</arg>
<arg>PS</arg>
<arg>PT</arg>
<arg>PW</arg>
<arg>PY</arg>
<arg>QA</arg>
<arg>RE</arg>
<arg>RO</arg>
<arg>RS</arg>
<arg>RU</arg>
<arg>RW</arg>
<arg>SA</arg>
<arg>SB</arg>
<arg>SC</arg>
<arg>SD</arg>
<arg>SE</arg>
<arg>SG</arg>
<arg>SH</arg>
<arg>SI</arg>
<arg>SJ</arg>
<arg>SK</arg>
<arg>SL</arg>
<arg>SM</arg>
<arg>SN</arg>
<arg>SO</arg>
<arg>SR</arg>
<arg>SS</arg>
<arg>ST</arg>
<arg>SV</arg>
<arg>SX</arg>
<arg>SY</arg>
<arg>SZ</arg>
<arg>TC</arg>
<arg>TD</arg>
<arg>TF</arg>
<arg>TG</arg>
<arg>TH</arg>
<arg>TJ</arg>
<arg>TK</arg>
<arg>TL</arg>
<arg>TM</arg>
<arg>TN</arg>
<arg>TO</arg>
<arg>TR</arg>
<arg>TT</arg>
<arg>TV</arg>
<arg>TW</arg>
<arg>TZ</arg>
<arg>UA</arg>
<arg>UG</arg>
<arg>UM</arg>
<arg>US</arg>
<arg>UY</arg>
<arg>UZ</arg>
<arg>VA</arg>
<arg>VC</arg>
<arg>VE</arg>
<arg>VG</arg>
<arg>VI</arg>
<arg>VN</arg>
<arg>VU</arg>
<arg>WF</arg>
<arg>WS</arg>
<arg>XK</arg>
<arg>YE</arg>
<arg>YT</arg>
<arg>ZA</arg>
<arg>ZM</arg>
<arg>ZW</arg>
<doc>Returns a list containing given items.</doc>
<status status="PASS" start="2024-03-21T13:30:46.190294" elapsed="0.000626"/>
</kw>
<kw name="List Should Contain Value" owner="Collections">
<msg time="2024-03-21T13:30:46.192043" level="INFO">False</msg>
<arg>${list_country}</arg>
<arg>${name_country}</arg>
<doc>Fails if the ``value`` is not found from ``list``.</doc>
<status status="PASS" start="2024-03-21T13:30:46.191835" elapsed="0.000245"/>
</kw>
<kw name="Run Keyword If" owner="BuiltIn">
<kw name="Should Be True" owner="BuiltIn">
<arg>${True}</arg>
<doc>Fails if the given condition is not true.</doc>
<status status="PASS" start="2024-03-21T13:30:46.193197" elapsed="0.000146"/>
</kw>
<arg>${json_data["results"][0]["location"]["coordinates"]["latitude"]} &gt;= -90 and ${json_data["results"][0]["location"]["coordinates"]["latitude"]} &lt;= 90</arg>
<arg>Should Be True</arg>
<arg>${True}</arg>
<doc>Runs the given keyword with the given arguments, if ``condition`` is true.</doc>
<status status="PASS" start="2024-03-21T13:30:46.192427" elapsed="0.001046"/>
</kw>
<kw name="Run Keyword If" owner="BuiltIn">
<kw name="Should Be True" owner="BuiltIn">
<arg>${True}</arg>
<doc>Fails if the given condition is not true.</doc>
<status status="PASS" start="2024-03-21T13:30:46.194368" elapsed="0.000139"/>
</kw>
<arg>${json_data["results"][0]["location"]["coordinates"]["longitude"]} &gt;= -180 and ${json_data["results"][0]["location"]["coordinates"]["longitude"]} &lt;= 180</arg>
<arg>Should Be True</arg>
<arg>${True}</arg>
<doc>Runs the given keyword with the given arguments, if ``condition`` is true.</doc>
<status status="PASS" start="2024-03-21T13:30:46.193660" elapsed="0.000973"/>
</kw>
<status status="PASS" start="2024-03-21T13:30:46.088666" elapsed="0.106102"/>
</kw>
<doc>Testa o conteúdo específico dos campos retornados pela API.</doc>
<tag>testeConteudo</tag>
<status status="PASS" start="2024-03-21T13:30:46.088085" elapsed="0.106838"/>
</test>
<status status="PASS" start="2024-03-21T13:30:45.153210" elapsed="1.043803"/>
</suite>
<status status="PASS" start="2024-03-21T13:30:45.139291" elapsed="1.063378"/>
</suite>
<statistics>
<total>
<stat pass="5" fail="0" skip="0">All Tests</stat>
</total>
<tag>
<stat pass="1" fail="0" skip="0">testeConteudo</stat>
<stat pass="1" fail="0" skip="0">testeEstruturaResposta</stat>
<stat pass="1" fail="0" skip="0">testeRequisicaoBasica</stat>
<stat pass="1" fail="0" skip="0">testeTiposDados</stat>
</tag>
<suite>
<stat pass="5" fail="0" skip="0" id="s1" name="Tests">Tests</stat>
<stat pass="5" fail="0" skip="0" id="s1-s1" name="Random-User-Test">Tests.Random-User-Test</stat>
</suite>
</statistics>
<errors>
</errors>
</robot>
