<?xml version="1.0" encoding="UTF-8"?>
<robot generator="Robot 7.0.1 (Python 3.12.3 on linux)" generated="2024-06-11T17:14:20.491665" rpa="false" schemaversion="5">
<suite id="s1" name="Tests" source="/home/runner/work/ApiRandomUser/ApiRandomUser/RamdonUser/tests">
<suite id="s1-s1" name="Random-User-Test" source="/home/runner/work/ApiRandomUser/ApiRandomUser/RamdonUser/tests/random-user-test.robot">
<test id="s1-s1-t1" name="Conectar" line="13">
<kw name="Conectar API" owner="random-user-service">
<kw name="Create Session" owner="RequestsLibrary">
<msg time="2024-06-11T17:14:20.887112" level="INFO">Creating Session using : alias=consultarAPI, url=https://randomuser.me/, headers={},                     cookies={}, auth=None, timeout=None, proxies=None, verify=False,                     debug=0 </msg>
<arg>consultarAPI</arg>
<arg>${URL}</arg>
<doc>Create Session: create a HTTP session to a server</doc>
<status status="PASS" start="2024-06-11T17:14:20.886886" elapsed="0.000439"/>
</kw>
<status status="PASS" start="2024-06-11T17:14:20.885698" elapsed="0.002002"/>
</kw>
<status status="PASS" start="2024-06-11T17:14:20.885029" elapsed="0.002870"/>
</test>
<test id="s1-s1-t2" name="Validar retorno 200 e JSON Válido" line="16">
<kw name="Teste de Requisicao Basica" owner="random-user-service">
<kw name="GET On Session" owner="RequestsLibrary">
<msg time="2024-06-11T17:14:20.970878" level="INFO">GET Request : url=https://randomuser.me/api 
 path_url=/api 
 headers={'User-Agent': 'python-requests/2.32.3', 'Accept-Encoding': 'gzip, deflate', 'Accept': '*/*', 'Connection': 'keep-alive'} 
 body=None 
 </msg>
<msg time="2024-06-11T17:14:20.971032" level="INFO">GET Response : url=https://randomuser.me/api 
 status=200, reason=OK 
 headers={'Date': 'Tue, 11 Jun 2024 17:14:20 GMT', 'Content-Type': 'application/json; charset=utf-8', 'Transfer-Encoding': 'chunked', 'Connection': 'keep-alive', 'X-Powered-By': 'Express', 'Access-Control-Allow-Origin': '*', 'Cache-Control': 'no-cache', 'ETag': 'W/"48c-JMVYZPdipeY8st7gNdagGFaxqEY"', 'Vary': 'Accept-Encoding', 'Content-Encoding': 'gzip', 'CF-Cache-Status': 'DYNAMIC', 'Report-To': '{"endpoints":[{"url":"https:\\/\\/a.nel.cloudflare.com\\/report\\/v4?s=s4oyefbfxzWS9WGCQ22O%2Fznht4ziEJApPZ3NELRw6izDZmbdKC6zvPyFib7fKo1Ytobkw1xpr38qcmotSb%2FxjJHq26R%2FgyUw%2Bb64Z8mBsmw8J544EIWs65GDWOfandX%2F"}],"group":"cf-nel","max_age":604800}', 'NEL': '{"success_fraction":0,"report_to":"cf-nel","max_age":604800}', 'Server': 'cloudflare', 'CF-RAY': '89233ca8bf5d81b7-IAD', 'alt-svc': 'h3=":443"; ma=86400'} 
 body={"results":[{"gender":"female","name":{"title":"Miss","first":"Iya","last":"Procenko"},"location":{"street":{"number":4863,"name":"Ploshcha Generala Grigorenka"},"city":"Saki","state":"Cherkaska","country":"Ukraine","postcode":20970,"coordinates":{"latitude":"76.5389","longitude":"81.2896"},"timezone":{"offset":"+2:00","description":"Kaliningrad, South Africa"}},"email":"iya.procenko@example.com","login":{"uuid":"5b4874ce-19ff-4025-82f1-9d7e7dc1bb10","username":"bigmeercat866","password":"zzzzzz","salt":"L09civIk","md5":"0f4c2048d66039e5498604377befdb86","sha1":"7f12ebfa20b977b3a7b202bc59b75a0a098d92db","sha256":"ab148d35ff7f2f4d671bd63dbc61cadea271c8e921a777593e8478ae07d44d81"},"dob":{"date":"1969-08-23T12:51:50.456Z","age":54},"registered":{"date":"2020-03-23T14:56:05.961Z","age":4},"phone":"(099) U07-7006","cell":"(096) O34-0038","id":{"name":"","value":null},"picture":{"large":"https://randomuser.me/api/portraits/women/46.jpg","medium":"https://randomuser.me/api/portraits/med/women/46.jpg","thumbnail":"https://randomuser.me/api/portraits/thumb/women/46.jpg"},"nat":"UA"}],"info":{"seed":"dd1bb38cef29ccf2","results":1,"page":1,"version":"1.4"}} 
 </msg>
<msg time="2024-06-11T17:14:20.971121" level="INFO">/opt/hostedtoolcache/Python/3.12.3/x64/lib/python3.12/site-packages/urllib3/connectionpool.py:1103: InsecureRequestWarning: Unverified HTTPS request is being made to host 'randomuser.me'. Adding certificate verification is strongly advised. See: https://urllib3.readthedocs.io/en/latest/advanced-usage.html#tls-warnings
  warnings.warn(</msg>
<msg time="2024-06-11T17:14:20.971269" level="INFO">${response} = &lt;Response [200]&gt;</msg>
<var>${response}</var>
<arg>consultarAPI</arg>
<arg>/api</arg>
<doc>Sends a GET request on a previously created HTTP Session.</doc>
<status status="PASS" start="2024-06-11T17:14:20.890611" elapsed="0.080700"/>
</kw>
<kw name="Should Be Equal As Numbers" owner="BuiltIn">
<msg time="2024-06-11T17:14:20.972347" level="INFO">Argument types are:
&lt;class 'int'&gt;
&lt;class 'str'&gt;</msg>
<arg>${response.status_code}</arg>
<arg>200</arg>
<doc>Fails if objects are unequal after converting them to real numbers.</doc>
<status status="PASS" start="2024-06-11T17:14:20.971871" elapsed="0.000542"/>
</kw>
<kw name="Log" owner="BuiltIn">
<msg time="2024-06-11T17:14:20.973103" level="INFO">200</msg>
<arg>${response.status_code}</arg>
<doc>Logs the given message with the given level.</doc>
<status status="PASS" start="2024-06-11T17:14:20.972758" elapsed="0.000394"/>
</kw>
<kw name="Set Variable" owner="BuiltIn">
<msg time="2024-06-11T17:14:20.973890" level="INFO">${json_data} = {'results': [{'gender': 'female', 'name': {'title': 'Miss', 'first': 'Iya', 'last': 'Procenko'}, 'location': {'street': {'number': 4863, 'name': 'Ploshcha Generala Grigorenka'}, 'city': 'Saki', 'state...</msg>
<var>${json_data}</var>
<arg>${response.json()}</arg>
<doc>Returns the given values which can then be assigned to a variables.</doc>
<status status="PASS" start="2024-06-11T17:14:20.973458" elapsed="0.000460"/>
</kw>
<kw name="Dictionary Should Contain Key" owner="Collections">
<arg>${json_data}</arg>
<arg>results</arg>
<doc>Fails if ``key`` is not found from ``dictionary``.</doc>
<status status="PASS" start="2024-06-11T17:14:20.974226" elapsed="0.000165"/>
</kw>
<status status="PASS" start="2024-06-11T17:14:20.890371" elapsed="0.084173"/>
</kw>
<doc>Testa se a API responde corretamente e retorna um objeto JSON válido.</doc>
<tag>testeRequisicaoBasica</tag>
<status status="PASS" start="2024-06-11T17:14:20.889783" elapsed="0.084997"/>
</test>
<test id="s1-s1-t3" name="Validar estrutura de resposta" line="22">
<kw name="Teste de Estrutura de Resposta" owner="random-user-service">
<kw name="GET On Session" owner="RequestsLibrary">
<msg time="2024-06-11T17:14:21.081986" level="INFO">GET Request : url=https://randomuser.me/api 
 path_url=/api 
 headers={'User-Agent': 'python-requests/2.32.3', 'Accept-Encoding': 'gzip, deflate', 'Accept': '*/*', 'Connection': 'keep-alive'} 
 body=None 
 </msg>
<msg time="2024-06-11T17:14:21.082088" level="INFO">GET Response : url=https://randomuser.me/api 
 status=200, reason=OK 
 headers={'Date': 'Tue, 11 Jun 2024 17:14:21 GMT', 'Content-Type': 'application/json; charset=utf-8', 'Transfer-Encoding': 'chunked', 'Connection': 'keep-alive', 'X-Powered-By': 'Express', 'Access-Control-Allow-Origin': '*', 'Cache-Control': 'no-cache', 'ETag': 'W/"47f-Czj45HpUr3aQt2tu+rW0Umsas60"', 'Vary': 'Accept-Encoding', 'Content-Encoding': 'gzip', 'CF-Cache-Status': 'DYNAMIC', 'Report-To': '{"endpoints":[{"url":"https:\\/\\/a.nel.cloudflare.com\\/report\\/v4?s=BpOqZFfezX6oUFpWLoehxXVjiUF%2FMXQ%2FEoLB5Oi7SaVVK5CHNFVl%2FMjrzHKi7RCqlw6hodDtkt8TVJu4urDEcdJgu4j%2F%2FnRXUh%2BhBog2u6o5wInaLoKS%2BFmKfYKvi8NR"}],"group":"cf-nel","max_age":604800}', 'NEL': '{"success_fraction":0,"report_to":"cf-nel","max_age":604800}', 'Server': 'cloudflare', 'CF-RAY': '89233ca91fc181b7-IAD', 'alt-svc': 'h3=":443"; ma=86400'} 
 body={"results":[{"gender":"male","name":{"title":"Mr","first":"Antoine","last":"Johnson"},"location":{"street":{"number":3807,"name":"Balmoral St"},"city":"St. Antoine","state":"Québec","country":"Canada","postcode":"K3I 8W6","coordinates":{"latitude":"-70.3375","longitude":"-75.3598"},"timezone":{"offset":"+9:30","description":"Adelaide, Darwin"}},"email":"antoine.johnson@example.com","login":{"uuid":"16e63dd7-523a-4b13-b5bb-9a7aeca4f560","username":"sadpanda623","password":"eternity","salt":"vknOTfpT","md5":"eaa2f49e8ddfcbc70feb3c211976edf1","sha1":"16348a631dc79391f2083451fa5c2f9bce783192","sha256":"ccaa18bd14eeadbf223ac6da3fa110922837191e31f8e91eabbd47f54cd931bd"},"dob":{"date":"1982-09-13T20:19:35.754Z","age":41},"registered":{"date":"2011-03-18T09:15:10.702Z","age":13},"phone":"W86 H93-4064","cell":"R76 M79-2606","id":{"name":"SIN","value":"188583801"},"picture":{"large":"https://randomuser.me/api/portraits/men/66.jpg","medium":"https://randomuser.me/api/portraits/med/men/66.jpg","thumbnail":"https://randomuser.me/api/portraits/thumb/men/66.jpg"},"nat":"CA"}],"info":{"seed":"74ba4c0ce1784f3d","results":1,"page":1,"version":"1.4"}} 
 </msg>
<msg time="2024-06-11T17:14:21.082252" level="INFO">/opt/hostedtoolcache/Python/3.12.3/x64/lib/python3.12/site-packages/urllib3/connectionpool.py:1103: InsecureRequestWarning: Unverified HTTPS request is being made to host 'randomuser.me'. Adding certificate verification is strongly advised. See: https://urllib3.readthedocs.io/en/latest/advanced-usage.html#tls-warnings
  warnings.warn(</msg>
<msg time="2024-06-11T17:14:21.082394" level="INFO">${response} = &lt;Response [200]&gt;</msg>
<var>${response}</var>
<arg>consultarAPI</arg>
<arg>/api</arg>
<doc>Sends a GET request on a previously created HTTP Session.</doc>
<status status="PASS" start="2024-06-11T17:14:20.977559" elapsed="0.104878"/>
</kw>
<kw name="Set Variable" owner="BuiltIn">
<msg time="2024-06-11T17:14:21.083625" level="INFO">${json_data} = {'results': [{'gender': 'male', 'name': {'title': 'Mr', 'first': 'Antoine', 'last': 'Johnson'}, 'location': {'street': {'number': 3807, 'name': 'Balmoral St'}, 'city': 'St. Antoine', 'state': 'Québec'...</msg>
<var>${json_data}</var>
<arg>${response.json()}</arg>
<doc>Returns the given values which can then be assigned to a variables.</doc>
<status status="PASS" start="2024-06-11T17:14:21.083045" elapsed="0.000610"/>
</kw>
<kw name="Log" owner="BuiltIn">
<msg time="2024-06-11T17:14:21.084135" level="INFO">{'results': [{'gender': 'male', 'name': {'title': 'Mr', 'first': 'Antoine', 'last': 'Johnson'}, 'location': {'street': {'number': 3807, 'name': 'Balmoral St'}, 'city': 'St. Antoine', 'state': 'Québec', 'country': 'Canada', 'postcode': 'K3I 8W6', 'coordinates': {'latitude': '-70.3375', 'longitude': '-75.3598'}, 'timezone': {'offset': '+9:30', 'description': 'Adelaide, Darwin'}}, 'email': 'antoine.johnson@example.com', 'login': {'uuid': '16e63dd7-523a-4b13-b5bb-9a7aeca4f560', 'username': 'sadpanda623', 'password': 'eternity', 'salt': 'vknOTfpT', 'md5': 'eaa2f49e8ddfcbc70feb3c211976edf1', 'sha1': '16348a631dc79391f2083451fa5c2f9bce783192', 'sha256': 'ccaa18bd14eeadbf223ac6da3fa110922837191e31f8e91eabbd47f54cd931bd'}, 'dob': {'date': '1982-09-13T20:19:35.754Z', 'age': 41}, 'registered': {'date': '2011-03-18T09:15:10.702Z', 'age': 13}, 'phone': 'W86 H93-4064', 'cell': 'R76 M79-2606', 'id': {'name': 'SIN', 'value': '188583801'}, 'picture': {'large': 'https://randomuser.me/api/portraits/men/66.jpg', 'medium': 'https://randomuser.me/api/portraits/med/men/66.jpg', 'thumbnail': 'https://randomuser.me/api/portraits/thumb/men/66.jpg'}, 'nat': 'CA'}], 'info': {'seed': '74ba4c0ce1784f3d', 'results': 1, 'page': 1, 'version': '1.4'}}</msg>
<arg>${json_data}</arg>
<doc>Logs the given message with the given level.</doc>
<status status="PASS" start="2024-06-11T17:14:21.083971" elapsed="0.000214"/>
</kw>
<kw name="Dictionary Should Contain Key" owner="Collections">
<arg>${json_data}</arg>
<arg>results</arg>
<doc>Fails if ``key`` is not found from ``dictionary``.</doc>
<status status="PASS" start="2024-06-11T17:14:21.084485" elapsed="0.000161"/>
</kw>
<kw name="Should Not Be Empty" owner="BuiltIn">
<msg time="2024-06-11T17:14:21.084959" level="INFO">Length is 2.</msg>
<arg>${json_data}</arg>
<doc>Verifies that the given item is not empty.</doc>
<status status="PASS" start="2024-06-11T17:14:21.084836" elapsed="0.000161"/>
</kw>
<kw name="Create List" owner="BuiltIn">
<msg time="2024-06-11T17:14:21.085436" level="INFO">${expected_keys} = ['gender', 'name', 'location', 'email', 'login']</msg>
<var>${expected_keys}</var>
<arg>gender</arg>
<arg>name</arg>
<arg>location</arg>
<arg>email</arg>
<arg>login</arg>
<doc>Returns a list containing given items.</doc>
<status status="PASS" start="2024-06-11T17:14:21.085287" elapsed="0.000173"/>
</kw>
<for flavor="IN">
<iter>
<kw name="Dictionary Should Contain Key" owner="Collections">
<arg>${json_data['results'][0]}</arg>
<arg>${key}</arg>
<doc>Fails if ``key`` is not found from ``dictionary``.</doc>
<status status="PASS" start="2024-06-11T17:14:21.086055" elapsed="0.000401"/>
</kw>
<kw name="Log" owner="BuiltIn">
<msg time="2024-06-11T17:14:21.087078" level="INFO">{'gender': 'male', 'name': {'title': 'Mr', 'first': 'Antoine', 'last': 'Johnson'}, 'location': {'street': {'number': 3807, 'name': 'Balmoral St'}, 'city': 'St. Antoine', 'state': 'Québec', 'country': 'Canada', 'postcode': 'K3I 8W6', 'coordinates': {'latitude': '-70.3375', 'longitude': '-75.3598'}, 'timezone': {'offset': '+9:30', 'description': 'Adelaide, Darwin'}}, 'email': 'antoine.johnson@example.com', 'login': {'uuid': '16e63dd7-523a-4b13-b5bb-9a7aeca4f560', 'username': 'sadpanda623', 'password': 'eternity', 'salt': 'vknOTfpT', 'md5': 'eaa2f49e8ddfcbc70feb3c211976edf1', 'sha1': '16348a631dc79391f2083451fa5c2f9bce783192', 'sha256': 'ccaa18bd14eeadbf223ac6da3fa110922837191e31f8e91eabbd47f54cd931bd'}, 'dob': {'date': '1982-09-13T20:19:35.754Z', 'age': 41}, 'registered': {'date': '2011-03-18T09:15:10.702Z', 'age': 13}, 'phone': 'W86 H93-4064', 'cell': 'R76 M79-2606', 'id': {'name': 'SIN', 'value': '188583801'}, 'picture': {'large': 'https://randomuser.me/api/portraits/men/66.jpg', 'medium': 'https://randomuser.me/api/portraits/med/men/66.jpg', 'thumbnail': 'https://randomuser.me/api/portraits/thumb/men/66.jpg'}, 'nat': 'CA'}</msg>
<arg>${json_data['results'][0]}</arg>
<doc>Logs the given message with the given level.</doc>
<status status="PASS" start="2024-06-11T17:14:21.086687" elapsed="0.000444"/>
</kw>
<kw name="Log" owner="BuiltIn">
<msg time="2024-06-11T17:14:21.087569" level="INFO">gender</msg>
<arg>${key}</arg>
<doc>Logs the given message with the given level.</doc>
<status status="PASS" start="2024-06-11T17:14:21.087438" elapsed="0.000170"/>
</kw>
<var name="${key}">gender</var>
<status status="PASS" start="2024-06-11T17:14:21.085929" elapsed="0.001906"/>
</iter>
<iter>
<kw name="Dictionary Should Contain Key" owner="Collections">
<arg>${json_data['results'][0]}</arg>
<arg>${key}</arg>
<doc>Fails if ``key`` is not found from ``dictionary``.</doc>
<status status="PASS" start="2024-06-11T17:14:21.088143" elapsed="0.000387"/>
</kw>
<kw name="Log" owner="BuiltIn">
<msg time="2024-06-11T17:14:21.089061" level="INFO">{'gender': 'male', 'name': {'title': 'Mr', 'first': 'Antoine', 'last': 'Johnson'}, 'location': {'street': {'number': 3807, 'name': 'Balmoral St'}, 'city': 'St. Antoine', 'state': 'Québec', 'country': 'Canada', 'postcode': 'K3I 8W6', 'coordinates': {'latitude': '-70.3375', 'longitude': '-75.3598'}, 'timezone': {'offset': '+9:30', 'description': 'Adelaide, Darwin'}}, 'email': 'antoine.johnson@example.com', 'login': {'uuid': '16e63dd7-523a-4b13-b5bb-9a7aeca4f560', 'username': 'sadpanda623', 'password': 'eternity', 'salt': 'vknOTfpT', 'md5': 'eaa2f49e8ddfcbc70feb3c211976edf1', 'sha1': '16348a631dc79391f2083451fa5c2f9bce783192', 'sha256': 'ccaa18bd14eeadbf223ac6da3fa110922837191e31f8e91eabbd47f54cd931bd'}, 'dob': {'date': '1982-09-13T20:19:35.754Z', 'age': 41}, 'registered': {'date': '2011-03-18T09:15:10.702Z', 'age': 13}, 'phone': 'W86 H93-4064', 'cell': 'R76 M79-2606', 'id': {'name': 'SIN', 'value': '188583801'}, 'picture': {'large': 'https://randomuser.me/api/portraits/men/66.jpg', 'medium': 'https://randomuser.me/api/portraits/med/men/66.jpg', 'thumbnail': 'https://randomuser.me/api/portraits/thumb/men/66.jpg'}, 'nat': 'CA'}</msg>
<arg>${json_data['results'][0]}</arg>
<doc>Logs the given message with the given level.</doc>
<status status="PASS" start="2024-06-11T17:14:21.088713" elapsed="0.000430"/>
</kw>
<kw name="Log" owner="BuiltIn">
<msg time="2024-06-11T17:14:21.089582" level="INFO">name</msg>
<arg>${key}</arg>
<doc>Logs the given message with the given level.</doc>
<status status="PASS" start="2024-06-11T17:14:21.089448" elapsed="0.000174"/>
</kw>
<var name="${key}">name</var>
<status status="PASS" start="2024-06-11T17:14:21.088027" elapsed="0.001814"/>
</iter>
<iter>
<kw name="Dictionary Should Contain Key" owner="Collections">
<arg>${json_data['results'][0]}</arg>
<arg>${key}</arg>
<doc>Fails if ``key`` is not found from ``dictionary``.</doc>
<status status="PASS" start="2024-06-11T17:14:21.090136" elapsed="0.000385"/>
</kw>
<kw name="Log" owner="BuiltIn">
<msg time="2024-06-11T17:14:21.091107" level="INFO">{'gender': 'male', 'name': {'title': 'Mr', 'first': 'Antoine', 'last': 'Johnson'}, 'location': {'street': {'number': 3807, 'name': 'Balmoral St'}, 'city': 'St. Antoine', 'state': 'Québec', 'country': 'Canada', 'postcode': 'K3I 8W6', 'coordinates': {'latitude': '-70.3375', 'longitude': '-75.3598'}, 'timezone': {'offset': '+9:30', 'description': 'Adelaide, Darwin'}}, 'email': 'antoine.johnson@example.com', 'login': {'uuid': '16e63dd7-523a-4b13-b5bb-9a7aeca4f560', 'username': 'sadpanda623', 'password': 'eternity', 'salt': 'vknOTfpT', 'md5': 'eaa2f49e8ddfcbc70feb3c211976edf1', 'sha1': '16348a631dc79391f2083451fa5c2f9bce783192', 'sha256': 'ccaa18bd14eeadbf223ac6da3fa110922837191e31f8e91eabbd47f54cd931bd'}, 'dob': {'date': '1982-09-13T20:19:35.754Z', 'age': 41}, 'registered': {'date': '2011-03-18T09:15:10.702Z', 'age': 13}, 'phone': 'W86 H93-4064', 'cell': 'R76 M79-2606', 'id': {'name': 'SIN', 'value': '188583801'}, 'picture': {'large': 'https://randomuser.me/api/portraits/men/66.jpg', 'medium': 'https://randomuser.me/api/portraits/med/men/66.jpg', 'thumbnail': 'https://randomuser.me/api/portraits/thumb/men/66.jpg'}, 'nat': 'CA'}</msg>
<arg>${json_data['results'][0]}</arg>
<doc>Logs the given message with the given level.</doc>
<status status="PASS" start="2024-06-11T17:14:21.090752" elapsed="0.000415"/>
</kw>
<kw name="Log" owner="BuiltIn">
<msg time="2024-06-11T17:14:21.091597" level="INFO">location</msg>
<arg>${key}</arg>
<doc>Logs the given message with the given level.</doc>
<status status="PASS" start="2024-06-11T17:14:21.091462" elapsed="0.000174"/>
</kw>
<var name="${key}">location</var>
<status status="PASS" start="2024-06-11T17:14:21.090025" elapsed="0.001846"/>
</iter>
<iter>
<kw name="Dictionary Should Contain Key" owner="Collections">
<arg>${json_data['results'][0]}</arg>
<arg>${key}</arg>
<doc>Fails if ``key`` is not found from ``dictionary``.</doc>
<status status="PASS" start="2024-06-11T17:14:21.092157" elapsed="0.000379"/>
</kw>
<kw name="Log" owner="BuiltIn">
<msg time="2024-06-11T17:14:21.093073" level="INFO">{'gender': 'male', 'name': {'title': 'Mr', 'first': 'Antoine', 'last': 'Johnson'}, 'location': {'street': {'number': 3807, 'name': 'Balmoral St'}, 'city': 'St. Antoine', 'state': 'Québec', 'country': 'Canada', 'postcode': 'K3I 8W6', 'coordinates': {'latitude': '-70.3375', 'longitude': '-75.3598'}, 'timezone': {'offset': '+9:30', 'description': 'Adelaide, Darwin'}}, 'email': 'antoine.johnson@example.com', 'login': {'uuid': '16e63dd7-523a-4b13-b5bb-9a7aeca4f560', 'username': 'sadpanda623', 'password': 'eternity', 'salt': 'vknOTfpT', 'md5': 'eaa2f49e8ddfcbc70feb3c211976edf1', 'sha1': '16348a631dc79391f2083451fa5c2f9bce783192', 'sha256': 'ccaa18bd14eeadbf223ac6da3fa110922837191e31f8e91eabbd47f54cd931bd'}, 'dob': {'date': '1982-09-13T20:19:35.754Z', 'age': 41}, 'registered': {'date': '2011-03-18T09:15:10.702Z', 'age': 13}, 'phone': 'W86 H93-4064', 'cell': 'R76 M79-2606', 'id': {'name': 'SIN', 'value': '188583801'}, 'picture': {'large': 'https://randomuser.me/api/portraits/men/66.jpg', 'medium': 'https://randomuser.me/api/portraits/med/men/66.jpg', 'thumbnail': 'https://randomuser.me/api/portraits/thumb/men/66.jpg'}, 'nat': 'CA'}</msg>
<arg>${json_data['results'][0]}</arg>
<doc>Logs the given message with the given level.</doc>
<status status="PASS" start="2024-06-11T17:14:21.092719" elapsed="0.000405"/>
</kw>
<kw name="Log" owner="BuiltIn">
<msg time="2024-06-11T17:14:21.093551" level="INFO">email</msg>
<arg>${key}</arg>
<doc>Logs the given message with the given level.</doc>
<status status="PASS" start="2024-06-11T17:14:21.093423" elapsed="0.000167"/>
</kw>
<var name="${key}">email</var>
<status status="PASS" start="2024-06-11T17:14:21.092049" elapsed="0.001757"/>
</iter>
<iter>
<kw name="Dictionary Should Contain Key" owner="Collections">
<arg>${json_data['results'][0]}</arg>
<arg>${key}</arg>
<doc>Fails if ``key`` is not found from ``dictionary``.</doc>
<status status="PASS" start="2024-06-11T17:14:21.094093" elapsed="0.000380"/>
</kw>
<kw name="Log" owner="BuiltIn">
<msg time="2024-06-11T17:14:21.095067" level="INFO">{'gender': 'male', 'name': {'title': 'Mr', 'first': 'Antoine', 'last': 'Johnson'}, 'location': {'street': {'number': 3807, 'name': 'Balmoral St'}, 'city': 'St. Antoine', 'state': 'Québec', 'country': 'Canada', 'postcode': 'K3I 8W6', 'coordinates': {'latitude': '-70.3375', 'longitude': '-75.3598'}, 'timezone': {'offset': '+9:30', 'description': 'Adelaide, Darwin'}}, 'email': 'antoine.johnson@example.com', 'login': {'uuid': '16e63dd7-523a-4b13-b5bb-9a7aeca4f560', 'username': 'sadpanda623', 'password': 'eternity', 'salt': 'vknOTfpT', 'md5': 'eaa2f49e8ddfcbc70feb3c211976edf1', 'sha1': '16348a631dc79391f2083451fa5c2f9bce783192', 'sha256': 'ccaa18bd14eeadbf223ac6da3fa110922837191e31f8e91eabbd47f54cd931bd'}, 'dob': {'date': '1982-09-13T20:19:35.754Z', 'age': 41}, 'registered': {'date': '2011-03-18T09:15:10.702Z', 'age': 13}, 'phone': 'W86 H93-4064', 'cell': 'R76 M79-2606', 'id': {'name': 'SIN', 'value': '188583801'}, 'picture': {'large': 'https://randomuser.me/api/portraits/men/66.jpg', 'medium': 'https://randomuser.me/api/portraits/med/men/66.jpg', 'thumbnail': 'https://randomuser.me/api/portraits/thumb/men/66.jpg'}, 'nat': 'CA'}</msg>
<arg>${json_data['results'][0]}</arg>
<doc>Logs the given message with the given level.</doc>
<status status="PASS" start="2024-06-11T17:14:21.094698" elapsed="0.000421"/>
</kw>
<kw name="Log" owner="BuiltIn">
<msg time="2024-06-11T17:14:21.095654" level="INFO">login</msg>
<arg>${key}</arg>
<doc>Logs the given message with the given level.</doc>
<status status="PASS" start="2024-06-11T17:14:21.095415" elapsed="0.000278"/>
</kw>
<var name="${key}">login</var>
<status status="PASS" start="2024-06-11T17:14:21.093983" elapsed="0.001928"/>
</iter>
<var>${key}</var>
<value>@{expected_keys}</value>
<status status="PASS" start="2024-06-11T17:14:21.085737" elapsed="0.010298"/>
</for>
<kw name="Create List" owner="BuiltIn">
<msg time="2024-06-11T17:14:21.096359" level="INFO">${expected_keysTwo} = ['username', 'password']</msg>
<var>${expected_keysTwo}</var>
<arg>username</arg>
<arg>password</arg>
<doc>Returns a list containing given items.</doc>
<status status="PASS" start="2024-06-11T17:14:21.096224" elapsed="0.000159"/>
</kw>
<for flavor="IN">
<iter>
<kw name="Dictionary Should Contain Key" owner="Collections">
<arg>${json_data['results'][0]['login']}</arg>
<arg>${keyTwo}</arg>
<doc>Fails if ``key`` is not found from ``dictionary``.</doc>
<status status="PASS" start="2024-06-11T17:14:21.096911" elapsed="0.000380"/>
</kw>
<kw name="Dictionary Should Contain Key" owner="Collections">
<arg>${json_data['results'][0]['login']}</arg>
<arg>${keyTwo}</arg>
<doc>Fails if ``key`` is not found from ``dictionary``.</doc>
<status status="PASS" start="2024-06-11T17:14:21.097474" elapsed="0.000377"/>
</kw>
<kw name="Log" owner="BuiltIn">
<msg time="2024-06-11T17:14:21.098150" level="INFO">username</msg>
<arg>${keyTwo}</arg>
<doc>Logs the given message with the given level.</doc>
<status status="PASS" start="2024-06-11T17:14:21.098030" elapsed="0.000158"/>
</kw>
<var name="${keyTwo}">username</var>
<status status="PASS" start="2024-06-11T17:14:21.096803" elapsed="0.001603"/>
</iter>
<iter>
<kw name="Dictionary Should Contain Key" owner="Collections">
<arg>${json_data['results'][0]['login']}</arg>
<arg>${keyTwo}</arg>
<doc>Fails if ``key`` is not found from ``dictionary``.</doc>
<status status="PASS" start="2024-06-11T17:14:21.098741" elapsed="0.000381"/>
</kw>
<kw name="Dictionary Should Contain Key" owner="Collections">
<arg>${json_data['results'][0]['login']}</arg>
<arg>${keyTwo}</arg>
<doc>Fails if ``key`` is not found from ``dictionary``.</doc>
<status status="PASS" start="2024-06-11T17:14:21.099305" elapsed="0.000370"/>
</kw>
<kw name="Log" owner="BuiltIn">
<msg time="2024-06-11T17:14:21.099976" level="INFO">password</msg>
<arg>${keyTwo}</arg>
<doc>Logs the given message with the given level.</doc>
<status status="PASS" start="2024-06-11T17:14:21.099856" elapsed="0.000156"/>
</kw>
<var name="${keyTwo}">password</var>
<status status="PASS" start="2024-06-11T17:14:21.098590" elapsed="0.001644"/>
</iter>
<var>${keyTwo}</var>
<value>@{expected_keysTwo}</value>
<status status="PASS" start="2024-06-11T17:14:21.096649" elapsed="0.003710"/>
</for>
<status status="PASS" start="2024-06-11T17:14:20.977329" elapsed="0.123177"/>
</kw>
<doc>Testa a estrutura da resposta da API.</doc>
<tag>testeEstruturaResposta</tag>
<status status="PASS" start="2024-06-11T17:14:20.976584" elapsed="0.124083"/>
</test>
<test id="s1-s1-t4" name="Validar tipos de dados" line="28">
<kw name="Teste de Tipos de Dados" owner="random-user-service">
<kw name="GET On Session" owner="RequestsLibrary">
<msg time="2024-06-11T17:14:21.168809" level="INFO">GET Request : url=https://randomuser.me/api 
 path_url=/api 
 headers={'User-Agent': 'python-requests/2.32.3', 'Accept-Encoding': 'gzip, deflate', 'Accept': '*/*', 'Connection': 'keep-alive'} 
 body=None 
 </msg>
<msg time="2024-06-11T17:14:21.168895" level="INFO">GET Response : url=https://randomuser.me/api 
 status=200, reason=OK 
 headers={'Date': 'Tue, 11 Jun 2024 17:14:21 GMT', 'Content-Type': 'application/json; charset=utf-8', 'Transfer-Encoding': 'chunked', 'Connection': 'keep-alive', 'X-Powered-By': 'Express', 'Access-Control-Allow-Origin': '*', 'Cache-Control': 'no-cache', 'ETag': 'W/"495-cP9w0YKvzma90BOvqCVRHH3oGy4"', 'Vary': 'Accept-Encoding', 'Content-Encoding': 'gzip', 'CF-Cache-Status': 'DYNAMIC', 'Report-To': '{"endpoints":[{"url":"https:\\/\\/a.nel.cloudflare.com\\/report\\/v4?s=h4Odj4X%2BmLUhG3yQdWVKlAraW2oCVv%2F1WBf2e4CLjndPB0wpbSDoW93bKuONk%2Fmdah8yMTPjaQz10bb%2BxK%2BribSpGaBs1bhBia2IzkwBPxWIb6t%2B27iD0FAMPJEQk082"}],"group":"cf-nel","max_age":604800}', 'NEL': '{"success_fraction":0,"report_to":"cf-nel","max_age":604800}', 'Server': 'cloudflare', 'CF-RAY': '89233ca9e8ab81b7-IAD', 'alt-svc': 'h3=":443"; ma=86400'} 
 body={"results":[{"gender":"male","name":{"title":"Mr","first":"Samuel","last":"Fleming"},"location":{"street":{"number":97,"name":"Queens Road"},"city":"Newcastle upon Tyne","state":"Durham","country":"United Kingdom","postcode":"BZ8J 0AF","coordinates":{"latitude":"-11.6247","longitude":"-76.9198"},"timezone":{"offset":"-12:00","description":"Eniwetok, Kwajalein"}},"email":"samuel.fleming@example.com","login":{"uuid":"d400a856-e2a2-41d7-a25a-fbb3084bc5ed","username":"greenmouse990","password":"billbill","salt":"6kQlg2Ei","md5":"6b6f17b05e8167d5374fe5f72d1c7f34","sha1":"02000406749446b464fb2cfc46392d6e2b973457","sha256":"1b247b22970f69ebf72d992c1bf38631055c051274cedfe105c752241a45cc49"},"dob":{"date":"1983-10-30T14:57:39.133Z","age":40},"registered":{"date":"2016-05-03T16:34:51.867Z","age":8},"phone":"015395 60775","cell":"07725 352801","id":{"name":"NINO","value":"GR 66 43 09 Y"},"picture":{"large":"https://randomuser.me/api/portraits/men/24.jpg","medium":"https://randomuser.me/api/portraits/med/men/24.jpg","thumbnail":"https://randomuser.me/api/portraits/thumb/men/24.jpg"},"nat":"GB"}],"info":{"seed":"d3046d06e94da09f","results":1,"page":1,"version":"1.4"}} 
 </msg>
<msg time="2024-06-11T17:14:21.168960" level="INFO">/opt/hostedtoolcache/Python/3.12.3/x64/lib/python3.12/site-packages/urllib3/connectionpool.py:1103: InsecureRequestWarning: Unverified HTTPS request is being made to host 'randomuser.me'. Adding certificate verification is strongly advised. See: https://urllib3.readthedocs.io/en/latest/advanced-usage.html#tls-warnings
  warnings.warn(</msg>
<msg time="2024-06-11T17:14:21.169071" level="INFO">${response} = &lt;Response [200]&gt;</msg>
<var>${response}</var>
<arg>consultarAPI</arg>
<arg>/api</arg>
<doc>Sends a GET request on a previously created HTTP Session.</doc>
<status status="PASS" start="2024-06-11T17:14:21.103255" elapsed="0.065857"/>
</kw>
<kw name="Set Variable" owner="BuiltIn">
<msg time="2024-06-11T17:14:21.170227" level="INFO">${json_data} = {'results': [{'gender': 'male', 'name': {'title': 'Mr', 'first': 'Samuel', 'last': 'Fleming'}, 'location': {'street': {'number': 97, 'name': 'Queens Road'}, 'city': 'Newcastle upon Tyne', 'state': 'Du...</msg>
<var>${json_data}</var>
<arg>${response.json()}</arg>
<doc>Returns the given values which can then be assigned to a variables.</doc>
<status status="PASS" start="2024-06-11T17:14:21.169677" elapsed="0.000579"/>
</kw>
<kw name="Log" owner="BuiltIn">
<msg time="2024-06-11T17:14:21.170757" level="INFO">{'results': [{'gender': 'male', 'name': {'title': 'Mr', 'first': 'Samuel', 'last': 'Fleming'}, 'location': {'street': {'number': 97, 'name': 'Queens Road'}, 'city': 'Newcastle upon Tyne', 'state': 'Durham', 'country': 'United Kingdom', 'postcode': 'BZ8J 0AF', 'coordinates': {'latitude': '-11.6247', 'longitude': '-76.9198'}, 'timezone': {'offset': '-12:00', 'description': 'Eniwetok, Kwajalein'}}, 'email': 'samuel.fleming@example.com', 'login': {'uuid': 'd400a856-e2a2-41d7-a25a-fbb3084bc5ed', 'username': 'greenmouse990', 'password': 'billbill', 'salt': '6kQlg2Ei', 'md5': '6b6f17b05e8167d5374fe5f72d1c7f34', 'sha1': '02000406749446b464fb2cfc46392d6e2b973457', 'sha256': '1b247b22970f69ebf72d992c1bf38631055c051274cedfe105c752241a45cc49'}, 'dob': {'date': '1983-10-30T14:57:39.133Z', 'age': 40}, 'registered': {'date': '2016-05-03T16:34:51.867Z', 'age': 8}, 'phone': '015395 60775', 'cell': '07725 352801', 'id': {'name': 'NINO', 'value': 'GR 66 43 09 Y'}, 'picture': {'large': 'https://randomuser.me/api/portraits/men/24.jpg', 'medium': 'https://randomuser.me/api/portraits/med/men/24.jpg', 'thumbnail': 'https://randomuser.me/api/portraits/thumb/men/24.jpg'}, 'nat': 'GB'}], 'info': {'seed': 'd3046d06e94da09f', 'results': 1, 'page': 1, 'version': '1.4'}}</msg>
<arg>${json_data}</arg>
<doc>Logs the given message with the given level.</doc>
<status status="PASS" start="2024-06-11T17:14:21.170567" elapsed="0.000242"/>
</kw>
<kw name="Should Be String" owner="String">
<arg>${json_data['results'][0]['gender']}</arg>
<doc>Fails if the given ``item`` is not a string.</doc>
<status status="PASS" start="2024-06-11T17:14:21.171108" elapsed="0.000371"/>
</kw>
<kw name="Should Match Regexp" owner="BuiltIn">
<arg>${json_data['results'][0]['email']}</arg>
<arg>^[a-zA-Z0-9._%+-]+@[a-zA-Z0-9.-]+\.[a-zA-Z]{2,}$</arg>
<doc>Fails if ``string`` does not match ``pattern`` as a regular expression.</doc>
<status status="PASS" start="2024-06-11T17:14:21.171671" elapsed="0.000510"/>
</kw>
<kw name="Should Match Regexp" owner="BuiltIn">
<arg>${json_data['results'][0]['dob']['date']}</arg>
<arg>\\d{4}-\\d{2}-\\d{2}T\\d{2}:\\d{2}:\\d{2}\\.\\d{3}Z</arg>
<doc>Fails if ``string`` does not match ``pattern`` as a regular expression.</doc>
<status status="PASS" start="2024-06-11T17:14:21.172410" elapsed="0.000496"/>
</kw>
<kw name="Should Match Regexp" owner="BuiltIn">
<arg>${json_data['results'][0]['registered']['date']}</arg>
<arg>\\d{4}-\\d{2}-\\d{2}T\\d{2}:\\d{2}:\\d{2}\\.\\d{3}Z</arg>
<doc>Fails if ``string`` does not match ``pattern`` as a regular expression.</doc>
<status status="PASS" start="2024-06-11T17:14:21.173099" elapsed="0.000369"/>
</kw>
<kw name="Should Match Regexp" owner="BuiltIn">
<arg>${json_data['results'][0]['picture']['large']}</arg>
<arg>^https?://.*\.(?:png|jpe?g|gif|bmp)$</arg>
<doc>Fails if ``string`` does not match ``pattern`` as a regular expression.</doc>
<status status="PASS" start="2024-06-11T17:14:21.173656" elapsed="0.000458"/>
</kw>
<kw name="Should Match Regexp" owner="BuiltIn">
<arg>${json_data['results'][0]['picture']['medium']}</arg>
<arg>^https?://.*\.(?:png|jpe?g|gif|bmp)$</arg>
<doc>Fails if ``string`` does not match ``pattern`` as a regular expression.</doc>
<status status="PASS" start="2024-06-11T17:14:21.174307" elapsed="0.000374"/>
</kw>
<kw name="Should Match Regexp" owner="BuiltIn">
<arg>${json_data['results'][0]['picture']['thumbnail']}</arg>
<arg>^https?://.*\.(?:png|jpe?g|gif|bmp)$</arg>
<doc>Fails if ``string`` does not match ``pattern`` as a regular expression.</doc>
<status status="PASS" start="2024-06-11T17:14:21.174884" elapsed="0.000347"/>
</kw>
<kw name="Log" owner="BuiltIn">
<msg time="2024-06-11T17:14:21.175739" level="INFO">{'large': 'https://randomuser.me/api/portraits/men/24.jpg', 'medium': 'https://randomuser.me/api/portraits/med/men/24.jpg', 'thumbnail': 'https://randomuser.me/api/portraits/thumb/men/24.jpg'}</msg>
<arg>${json_data['results'][0]['picture']}</arg>
<doc>Logs the given message with the given level.</doc>
<status status="PASS" start="2024-06-11T17:14:21.175413" elapsed="0.000368"/>
</kw>
<status status="PASS" start="2024-06-11T17:14:21.103023" elapsed="0.073018"/>
</kw>
<kw name="Teste de Tipos de Dados - Postcode" owner="random-user-service">
<kw name="GET On Session" owner="RequestsLibrary">
<msg time="2024-06-11T17:14:21.270064" level="INFO">GET Request : url=https://randomuser.me/api 
 path_url=/api 
 headers={'User-Agent': 'python-requests/2.32.3', 'Accept-Encoding': 'gzip, deflate', 'Accept': '*/*', 'Connection': 'keep-alive'} 
 body=None 
 </msg>
<msg time="2024-06-11T17:14:21.270165" level="INFO">GET Response : url=https://randomuser.me/api 
 status=200, reason=OK 
 headers={'Date': 'Tue, 11 Jun 2024 17:14:21 GMT', 'Content-Type': 'application/json; charset=utf-8', 'Transfer-Encoding': 'chunked', 'Connection': 'keep-alive', 'X-Powered-By': 'Express', 'Access-Control-Allow-Origin': '*', 'Cache-Control': 'no-cache', 'ETag': 'W/"465-98LbKm0v04n5ONMusFeHmz00ruY"', 'Vary': 'Accept-Encoding', 'Content-Encoding': 'gzip', 'CF-Cache-Status': 'DYNAMIC', 'Report-To': '{"endpoints":[{"url":"https:\\/\\/a.nel.cloudflare.com\\/report\\/v4?s=OHXfRsqHThZ5%2Ftp3%2Bgpgr6r7UEJcUY9CK0%2FjQVZ9PApGkNvxoNGgHrZ18jwXY8hw1yOijEvQvNQtVpbYbGmZOBzdIACyAcq%2BkaM282SXs9YbdLe%2BdtxFy72uabO2sriF"}],"group":"cf-nel","max_age":604800}', 'NEL': '{"success_fraction":0,"report_to":"cf-nel","max_age":604800}', 'Server': 'cloudflare', 'CF-RAY': '89233caa593b81b7-IAD', 'alt-svc': 'h3=":443"; ma=86400'} 
 body={"results":[{"gender":"male","name":{"title":"Mr","first":"Batur","last":"Toraman"},"location":{"street":{"number":1058,"name":"Talak Göktepe Cd"},"city":"Sivas","state":"Ağrı","country":"Turkey","postcode":60958,"coordinates":{"latitude":"69.3178","longitude":"-12.0774"},"timezone":{"offset":"-10:00","description":"Hawaii"}},"email":"batur.toraman@example.com","login":{"uuid":"1c114b09-5b27-4be4-80a6-1f2998251c1d","username":"purplekoala179","password":"2003","salt":"uTiDS4rb","md5":"b1c50fef484b0d5a18c881e3fcc17578","sha1":"fabdca962861ed0407575edc22e1d68eeaa21a83","sha256":"a0786ba8204f58ee72f7da296b2e511633ebd731236ed8800880cda79350f528"},"dob":{"date":"1998-12-06T21:04:22.502Z","age":25},"registered":{"date":"2004-10-29T12:15:12.232Z","age":19},"phone":"(551)-307-0833","cell":"(724)-371-9238","id":{"name":"","value":null},"picture":{"large":"https://randomuser.me/api/portraits/men/59.jpg","medium":"https://randomuser.me/api/portraits/med/men/59.jpg","thumbnail":"https://randomuser.me/api/portraits/thumb/men/59.jpg"},"nat":"TR"}],"info":{"seed":"5aa6a700ac449fa3","results":1,"page":1,"version":"1.4"}} 
 </msg>
<msg time="2024-06-11T17:14:21.270265" level="INFO">/opt/hostedtoolcache/Python/3.12.3/x64/lib/python3.12/site-packages/urllib3/connectionpool.py:1103: InsecureRequestWarning: Unverified HTTPS request is being made to host 'randomuser.me'. Adding certificate verification is strongly advised. See: https://urllib3.readthedocs.io/en/latest/advanced-usage.html#tls-warnings
  warnings.warn(</msg>
<msg time="2024-06-11T17:14:21.270400" level="INFO">${response} = &lt;Response [200]&gt;</msg>
<var>${response}</var>
<arg>consultarAPI</arg>
<arg>/api</arg>
<doc>Sends a GET request on a previously created HTTP Session.</doc>
<status status="PASS" start="2024-06-11T17:14:21.176510" elapsed="0.093940"/>
</kw>
<kw name="Set Variable" owner="BuiltIn">
<msg time="2024-06-11T17:14:21.271628" level="INFO">${json_data} = {'results': [{'gender': 'male', 'name': {'title': 'Mr', 'first': 'Batur', 'last': 'Toraman'}, 'location': {'street': {'number': 1058, 'name': 'Talak Göktepe Cd'}, 'city': 'Sivas', 'state': 'Ağrı', 'co...</msg>
<var>${json_data}</var>
<arg>${response.json()}</arg>
<doc>Returns the given values which can then be assigned to a variables.</doc>
<status status="PASS" start="2024-06-11T17:14:21.271068" elapsed="0.000590"/>
</kw>
<kw name="Log" owner="BuiltIn">
<msg time="2024-06-11T17:14:21.272130" level="INFO">{'results': [{'gender': 'male', 'name': {'title': 'Mr', 'first': 'Batur', 'last': 'Toraman'}, 'location': {'street': {'number': 1058, 'name': 'Talak Göktepe Cd'}, 'city': 'Sivas', 'state': 'Ağrı', 'country': 'Turkey', 'postcode': 60958, 'coordinates': {'latitude': '69.3178', 'longitude': '-12.0774'}, 'timezone': {'offset': '-10:00', 'description': 'Hawaii'}}, 'email': 'batur.toraman@example.com', 'login': {'uuid': '1c114b09-5b27-4be4-80a6-1f2998251c1d', 'username': 'purplekoala179', 'password': '2003', 'salt': 'uTiDS4rb', 'md5': 'b1c50fef484b0d5a18c881e3fcc17578', 'sha1': 'fabdca962861ed0407575edc22e1d68eeaa21a83', 'sha256': 'a0786ba8204f58ee72f7da296b2e511633ebd731236ed8800880cda79350f528'}, 'dob': {'date': '1998-12-06T21:04:22.502Z', 'age': 25}, 'registered': {'date': '2004-10-29T12:15:12.232Z', 'age': 19}, 'phone': '(551)-307-0833', 'cell': '(724)-371-9238', 'id': {'name': '', 'value': None}, 'picture': {'large': 'https://randomuser.me/api/portraits/men/59.jpg', 'medium': 'https://randomuser.me/api/portraits/med/men/59.jpg', 'thumbnail': 'https://randomuser.me/api/portraits/thumb/men/59.jpg'}, 'nat': 'TR'}], 'info': {'seed': '5aa6a700ac449fa3', 'results': 1, 'page': 1, 'version': '1.4'}}</msg>
<arg>${json_data}</arg>
<doc>Logs the given message with the given level.</doc>
<status status="PASS" start="2024-06-11T17:14:21.271971" elapsed="0.000210"/>
</kw>
<kw name="Should Be Equal As Numbers" owner="BuiltIn">
<arg>${json_data['results'][0]['location']['postcode']}</arg>
<arg>${json_data['results'][0]['location']['postcode']}</arg>
<doc>Fails if objects are unequal after converting them to real numbers.</doc>
<status status="PASS" start="2024-06-11T17:14:21.272481" elapsed="0.000620"/>
</kw>
<kw name="Log" owner="BuiltIn">
<msg time="2024-06-11T17:14:21.273627" level="INFO">60958</msg>
<arg>${json_data['results'][0]['location']['postcode']}</arg>
<doc>Logs the given message with the given level.</doc>
<status status="PASS" start="2024-06-11T17:14:21.273294" elapsed="0.000373"/>
</kw>
<status status="PASS" start="2024-06-11T17:14:21.176271" elapsed="0.097658"/>
</kw>
<doc>Testa se os tipos de dados na resposta da API estão corretos.</doc>
<tag>testeTiposDados</tag>
<status status="PASS" start="2024-06-11T17:14:21.102424" elapsed="0.171719"/>
</test>
<test id="s1-s1-t5" name="Validar conteudo" line="35">
<kw name="Teste de Tipos de Conteudo" owner="random-user-service">
<kw name="GET On Session" owner="RequestsLibrary">
<msg time="2024-06-11T17:14:21.386013" level="INFO">GET Request : url=https://randomuser.me/api 
 path_url=/api 
 headers={'User-Agent': 'python-requests/2.32.3', 'Accept-Encoding': 'gzip, deflate', 'Accept': '*/*', 'Connection': 'keep-alive'} 
 body=None 
 </msg>
<msg time="2024-06-11T17:14:21.386106" level="INFO">GET Response : url=https://randomuser.me/api 
 status=200, reason=OK 
 headers={'Date': 'Tue, 11 Jun 2024 17:14:21 GMT', 'Content-Type': 'application/json; charset=utf-8', 'Transfer-Encoding': 'chunked', 'Connection': 'keep-alive', 'X-Powered-By': 'Express', 'Access-Control-Allow-Origin': '*', 'Cache-Control': 'no-cache', 'ETag': 'W/"475-mTSMmwYPmKHHBFE6fH7GJR8vBbc"', 'Vary': 'Accept-Encoding', 'Content-Encoding': 'gzip', 'CF-Cache-Status': 'DYNAMIC', 'Report-To': '{"endpoints":[{"url":"https:\\/\\/a.nel.cloudflare.com\\/report\\/v4?s=4WOTDxIi0cZxUV%2FQdnsHzS%2F8uMCTrfdUiOiEaNPfcAa0SDp%2F9NbNctqtV6GQu6qH9AywXP4YBOCQokd2Mj9pXb9AzaOcL7uwOaOTFQebiV0KiEBm2jCNmdqWZgBChLtg"}],"group":"cf-nel","max_age":604800}', 'NEL': '{"success_fraction":0,"report_to":"cf-nel","max_age":604800}', 'Server': 'cloudflare', 'CF-RAY': '89233caafa0381b7-IAD', 'alt-svc': 'h3=":443"; ma=86400'} 
 body={"results":[{"gender":"male","name":{"title":"Mr","first":"Ronald","last":"Prause"},"location":{"street":{"number":6117,"name":"Wiesenstraße"},"city":"Frauenstein","state":"Bayern","country":"Germany","postcode":28799,"coordinates":{"latitude":"-54.1841","longitude":"-34.4280"},"timezone":{"offset":"-9:00","description":"Alaska"}},"email":"ronald.prause@example.com","login":{"uuid":"da19f413-a3a6-49e1-ac65-5fe7684b9ec9","username":"happygoose407","password":"sassy1","salt":"OoNzJ4fN","md5":"c4e3aaa255d2e2baac6c8424d614f987","sha1":"29aa824b2be4335ddd423ee43980a1dc977420aa","sha256":"a51aa21b2528b54c600c1581c5d862cb28691940577c19adcab3514a735b1f3c"},"dob":{"date":"1998-06-22T14:05:11.377Z","age":25},"registered":{"date":"2020-12-02T02:11:31.932Z","age":3},"phone":"0352-7587615","cell":"0170-1549895","id":{"name":"SVNR","value":"80 220698 P 302"},"picture":{"large":"https://randomuser.me/api/portraits/men/48.jpg","medium":"https://randomuser.me/api/portraits/med/men/48.jpg","thumbnail":"https://randomuser.me/api/portraits/thumb/men/48.jpg"},"nat":"DE"}],"info":{"seed":"8c30b53e2ace783c","results":1,"page":1,"version":"1.4"}} 
 </msg>
<msg time="2024-06-11T17:14:21.386174" level="INFO">/opt/hostedtoolcache/Python/3.12.3/x64/lib/python3.12/site-packages/urllib3/connectionpool.py:1103: InsecureRequestWarning: Unverified HTTPS request is being made to host 'randomuser.me'. Adding certificate verification is strongly advised. See: https://urllib3.readthedocs.io/en/latest/advanced-usage.html#tls-warnings
  warnings.warn(</msg>
<msg time="2024-06-11T17:14:21.386292" level="INFO">${response} = &lt;Response [200]&gt;</msg>
<var>${response}</var>
<arg>consultarAPI</arg>
<arg>/api</arg>
<doc>Sends a GET request on a previously created HTTP Session.</doc>
<status status="PASS" start="2024-06-11T17:14:21.276734" elapsed="0.109601"/>
</kw>
<kw name="Set Variable" owner="BuiltIn">
<msg time="2024-06-11T17:14:21.387521" level="INFO">${json_data} = {'results': [{'gender': 'male', 'name': {'title': 'Mr', 'first': 'Ronald', 'last': 'Prause'}, 'location': {'street': {'number': 6117, 'name': 'Wiesenstraße'}, 'city': 'Frauenstein', 'state': 'Bayern',...</msg>
<var>${json_data}</var>
<arg>${response.json()}</arg>
<doc>Returns the given values which can then be assigned to a variables.</doc>
<status status="PASS" start="2024-06-11T17:14:21.386968" elapsed="0.000583"/>
</kw>
<kw name="Set Variable" owner="BuiltIn">
<msg time="2024-06-11T17:14:21.388250" level="INFO">${name_title} = Mr</msg>
<var>${name_title}</var>
<arg>${json_data["results"][0]["name"]["title"]}</arg>
<doc>Returns the given values which can then be assigned to a variables.</doc>
<status status="PASS" start="2024-06-11T17:14:21.387863" elapsed="0.000413"/>
</kw>
<kw name="Create List" owner="BuiltIn">
<msg time="2024-06-11T17:14:21.388732" level="INFO">${allowed_titles} = ['Mr', 'Ms', 'Miss', 'Mrs', 'Madame', 'Monsieur']</msg>
<var>${allowed_titles}</var>
<arg>Mr</arg>
<arg>Ms</arg>
<arg>Miss</arg>
<arg>Mrs</arg>
<arg>Madame</arg>
<arg>Monsieur</arg>
<doc>Returns a list containing given items.</doc>
<status status="PASS" start="2024-06-11T17:14:21.388582" elapsed="0.000174"/>
</kw>
<kw name="List Should Contain Value" owner="Collections">
<arg>${allowed_titles}</arg>
<arg>${name_title}</arg>
<doc>Fails if the ``value`` is not found from ``list``.</doc>
<status status="PASS" start="2024-06-11T17:14:21.389061" elapsed="0.000177"/>
</kw>
<kw name="Set Variable" owner="BuiltIn">
<msg time="2024-06-11T17:14:21.389783" level="INFO">${name_country} = DE</msg>
<var>${name_country}</var>
<arg>${json_data["results"][0]["nat"]}</arg>
<doc>Returns the given values which can then be assigned to a variables.</doc>
<status status="PASS" start="2024-06-11T17:14:21.389418" elapsed="0.000390"/>
</kw>
<kw name="Create List" owner="BuiltIn">
<msg time="2024-06-11T17:14:21.390738" level="INFO">${list_country} = ['AD', 'AE', 'AF', 'AG', 'AI', 'AL', 'AM', 'AO', 'AQ', 'AR', 'AS', 'AT', 'AU', 'AW', 'AX', 'AZ', 'BA', 'BB', 'BD', 'BE', 'BF', 'BG', 'BH', 'BI', 'BJ', 'BL', 'BM', 'BN', 'BO', 'BQ', 'BR', 'BS', 'BT', '...</msg>
<var>${list_country}</var>
<arg>AD</arg>
<arg>AE</arg>
<arg>AF</arg>
<arg>AG</arg>
<arg>AI</arg>
<arg>AL</arg>
<arg>AM</arg>
<arg>AO</arg>
<arg>AQ</arg>
<arg>AR</arg>
<arg>AS</arg>
<arg>AT</arg>
<arg>AU</arg>
<arg>AW</arg>
<arg>AX</arg>
<arg>AZ</arg>
<arg>BA</arg>
<arg>BB</arg>
<arg>BD</arg>
<arg>BE</arg>
<arg>BF</arg>
<arg>BG</arg>
<arg>BH</arg>
<arg>BI</arg>
<arg>BJ</arg>
<arg>BL</arg>
<arg>BM</arg>
<arg>BN</arg>
<arg>BO</arg>
<arg>BQ</arg>
<arg>BR</arg>
<arg>BS</arg>
<arg>BT</arg>
<arg>BV</arg>
<arg>BW</arg>
<arg>BY</arg>
<arg>BZ</arg>
<arg>CA</arg>
<arg>CC</arg>
<arg>CD</arg>
<arg>CF</arg>
<arg>CG</arg>
<arg>CH</arg>
<arg>CI</arg>
<arg>CK</arg>
<arg>CL</arg>
<arg>CM</arg>
<arg>CN</arg>
<arg>CO</arg>
<arg>CR</arg>
<arg>CU</arg>
<arg>CV</arg>
<arg>CW</arg>
<arg>CX</arg>
<arg>CY</arg>
<arg>CZ</arg>
<arg>DE</arg>
<arg>DJ</arg>
<arg>DK</arg>
<arg>DM</arg>
<arg>DO</arg>
<arg>DZ</arg>
<arg>EC</arg>
<arg>EE</arg>
<arg>EG</arg>
<arg>EH</arg>
<arg>ER</arg>
<arg>ES</arg>
<arg>ET</arg>
<arg>FI</arg>
<arg>FJ</arg>
<arg>FK</arg>
<arg>FM</arg>
<arg>FO</arg>
<arg>FR</arg>
<arg>GA</arg>
<arg>GB</arg>
<arg>GD</arg>
<arg>GE</arg>
<arg>GF</arg>
<arg>GG</arg>
<arg>GH</arg>
<arg>GI</arg>
<arg>GL</arg>
<arg>GM</arg>
<arg>GN</arg>
<arg>GP</arg>
<arg>GQ</arg>
<arg>GR</arg>
<arg>GS</arg>
<arg>GT</arg>
<arg>GU</arg>
<arg>GW</arg>
<arg>GY</arg>
<arg>HK</arg>
<arg>HM</arg>
<arg>HN</arg>
<arg>HR</arg>
<arg>HT</arg>
<arg>HU</arg>
<arg>ID</arg>
<arg>IE</arg>
<arg>IL</arg>
<arg>IM</arg>
<arg>IN</arg>
<arg>IO</arg>
<arg>IQ</arg>
<arg>IR</arg>
<arg>IS</arg>
<arg>IT</arg>
<arg>JE</arg>
<arg>JM</arg>
<arg>JO</arg>
<arg>JP</arg>
<arg>KE</arg>
<arg>KG</arg>
<arg>KH</arg>
<arg>KI</arg>
<arg>KM</arg>
<arg>KN</arg>
<arg>KP</arg>
<arg>KR</arg>
<arg>KW</arg>
<arg>KY</arg>
<arg>KZ</arg>
<arg>LA</arg>
<arg>LB</arg>
<arg>LC</arg>
<arg>LI</arg>
<arg>LK</arg>
<arg>LR</arg>
<arg>LS</arg>
<arg>LT</arg>
<arg>LU</arg>
<arg>LV</arg>
<arg>LY</arg>
<arg>MA</arg>
<arg>MC</arg>
<arg>MD</arg>
<arg>ME</arg>
<arg>MF</arg>
<arg>MG</arg>
<arg>MH</arg>
<arg>MK</arg>
<arg>ML</arg>
<arg>MM</arg>
<arg>MN</arg>
<arg>MO</arg>
<arg>MP</arg>
<arg>MQ</arg>
<arg>MR</arg>
<arg>MS</arg>
<arg>MT</arg>
<arg>MU</arg>
<arg>MV</arg>
<arg>MW</arg>
<arg>MX</arg>
<arg>MY</arg>
<arg>MZ</arg>
<arg>NA</arg>
<arg>NC</arg>
<arg>NE</arg>
<arg>NF</arg>
<arg>NG</arg>
<arg>NI</arg>
<arg>NL</arg>
<arg>NO</arg>
<arg>NP</arg>
<arg>NR</arg>
<arg>NU</arg>
<arg>NZ</arg>
<arg>OM</arg>
<arg>PA</arg>
<arg>PE</arg>
<arg>PF</arg>
<arg>PG</arg>
<arg>PH</arg>
<arg>PK</arg>
<arg>PL</arg>
<arg>PM</arg>
<arg>PN</arg>
<arg>PR</arg>
<arg>PS</arg>
<arg>PT</arg>
<arg>PW</arg>
<arg>PY</arg>
<arg>QA</arg>
<arg>RE</arg>
<arg>RO</arg>
<arg>RS</arg>
<arg>RU</arg>
<arg>RW</arg>
<arg>SA</arg>
<arg>SB</arg>
<arg>SC</arg>
<arg>SD</arg>
<arg>SE</arg>
<arg>SG</arg>
<arg>SH</arg>
<arg>SI</arg>
<arg>SJ</arg>
<arg>SK</arg>
<arg>SL</arg>
<arg>SM</arg>
<arg>SN</arg>
<arg>SO</arg>
<arg>SR</arg>
<arg>SS</arg>
<arg>ST</arg>
<arg>SV</arg>
<arg>SX</arg>
<arg>SY</arg>
<arg>SZ</arg>
<arg>TC</arg>
<arg>TD</arg>
<arg>TF</arg>
<arg>TG</arg>
<arg>TH</arg>
<arg>TJ</arg>
<arg>TK</arg>
<arg>TL</arg>
<arg>TM</arg>
<arg>TN</arg>
<arg>TO</arg>
<arg>TR</arg>
<arg>TT</arg>
<arg>TV</arg>
<arg>TW</arg>
<arg>TZ</arg>
<arg>UA</arg>
<arg>UG</arg>
<arg>UM</arg>
<arg>US</arg>
<arg>UY</arg>
<arg>UZ</arg>
<arg>VA</arg>
<arg>VC</arg>
<arg>VE</arg>
<arg>VG</arg>
<arg>VI</arg>
<arg>VN</arg>
<arg>VU</arg>
<arg>WF</arg>
<arg>WS</arg>
<arg>XK</arg>
<arg>YE</arg>
<arg>YT</arg>
<arg>ZA</arg>
<arg>ZM</arg>
<arg>ZW</arg>
<doc>Returns a list containing given items.</doc>
<status status="PASS" start="2024-06-11T17:14:21.390101" elapsed="0.000664"/>
</kw>
<kw name="List Should Contain Value" owner="Collections">
<arg>${list_country}</arg>
<arg>${name_country}</arg>
<doc>Fails if the ``value`` is not found from ``list``.</doc>
<status status="PASS" start="2024-06-11T17:14:21.391578" elapsed="0.000202"/>
</kw>
<kw name="Run Keyword If" owner="BuiltIn">
<kw name="Should Be True" owner="BuiltIn">
<arg>${True}</arg>
<doc>Fails if the given condition is not true.</doc>
<status status="PASS" start="2024-06-11T17:14:21.392867" elapsed="0.000170"/>
</kw>
<arg>${json_data["results"][0]["location"]["coordinates"]["latitude"]} &gt;= -90 and ${json_data["results"][0]["location"]["coordinates"]["latitude"]} &lt;= 90</arg>
<arg>Should Be True</arg>
<arg>${True}</arg>
<doc>Runs the given keyword with the given arguments, if ``condition`` is true.</doc>
<status status="PASS" start="2024-06-11T17:14:21.391983" elapsed="0.001192"/>
</kw>
<kw name="Run Keyword If" owner="BuiltIn">
<kw name="Should Be True" owner="BuiltIn">
<arg>${True}</arg>
<doc>Fails if the given condition is not true.</doc>
<status status="PASS" start="2024-06-11T17:14:21.394053" elapsed="0.000139"/>
</kw>
<arg>${json_data["results"][0]["location"]["coordinates"]["longitude"]} &gt;= -180 and ${json_data["results"][0]["location"]["coordinates"]["longitude"]} &lt;= 180</arg>
<arg>Should Be True</arg>
<arg>${True}</arg>
<doc>Runs the given keyword with the given arguments, if ``condition`` is true.</doc>
<status status="PASS" start="2024-06-11T17:14:21.393360" elapsed="0.000957"/>
</kw>
<status status="PASS" start="2024-06-11T17:14:21.276509" elapsed="0.117941"/>
</kw>
<doc>Testa o conteúdo específico dos campos retornados pela API.</doc>
<tag>testeConteudo</tag>
<status status="PASS" start="2024-06-11T17:14:21.275964" elapsed="0.118641"/>
</test>
<status status="PASS" start="2024-06-11T17:14:20.549983" elapsed="0.846643"/>
</suite>
<status status="PASS" start="2024-06-11T17:14:20.536459" elapsed="0.865363"/>
</suite>
<statistics>
<total>
<stat pass="5" fail="0" skip="0">All Tests</stat>
</total>
<tag>
<stat pass="1" fail="0" skip="0">testeConteudo</stat>
<stat pass="1" fail="0" skip="0">testeEstruturaResposta</stat>
<stat pass="1" fail="0" skip="0">testeRequisicaoBasica</stat>
<stat pass="1" fail="0" skip="0">testeTiposDados</stat>
</tag>
<suite>
<stat pass="5" fail="0" skip="0" id="s1" name="Tests">Tests</stat>
<stat pass="5" fail="0" skip="0" id="s1-s1" name="Random-User-Test">Tests.Random-User-Test</stat>
</suite>
</statistics>
<errors>
</errors>
</robot>
