<?xml version="1.0" encoding="UTF-8"?>
<robot generator="Robot 7.0.1 (Python 3.12.4 on linux)" generated="2024-06-27T03:17:13.742201" rpa="false" schemaversion="5">
<suite id="s1" name="Tests" source="/home/runner/work/ApiRandomUser/ApiRandomUser/RamdonUser/tests">
<suite id="s1-s1" name="Random-User-Test" source="/home/runner/work/ApiRandomUser/ApiRandomUser/RamdonUser/tests/random-user-test.robot">
<test id="s1-s1-t1" name="Conectar" line="13">
<kw name="Conectar API" owner="random-user-service">
<kw name="Create Session" owner="RequestsLibrary">
<msg time="2024-06-27T03:17:14.159832" level="INFO">Creating Session using : alias=consultarAPI, url=https://randomuser.me/, headers={},                     cookies={}, auth=None, timeout=None, proxies=None, verify=False,                     debug=0 </msg>
<arg>consultarAPI</arg>
<arg>${URL}</arg>
<doc>Create Session: create a HTTP session to a server</doc>
<status status="PASS" start="2024-06-27T03:17:14.159624" elapsed="0.000381"/>
</kw>
<status status="PASS" start="2024-06-27T03:17:14.158654" elapsed="0.001704"/>
</kw>
<status status="PASS" start="2024-06-27T03:17:14.158133" elapsed="0.002417"/>
</test>
<test id="s1-s1-t2" name="Validar retorno 200 e JSON Válido" line="16">
<kw name="Teste de Requisicao Basica" owner="random-user-service">
<kw name="GET On Session" owner="RequestsLibrary">
<msg time="2024-06-27T03:17:14.448392" level="INFO">GET Request : url=https://randomuser.me/api 
 path_url=/api 
 headers={'User-Agent': 'python-requests/2.32.3', 'Accept-Encoding': 'gzip, deflate', 'Accept': '*/*', 'Connection': 'keep-alive'} 
 body=None 
 </msg>
<msg time="2024-06-27T03:17:14.448513" level="INFO">GET Response : url=https://randomuser.me/api 
 status=200, reason=OK 
 headers={'Date': 'Thu, 27 Jun 2024 03:17:14 GMT', 'Content-Type': 'application/json; charset=utf-8', 'Transfer-Encoding': 'chunked', 'Connection': 'keep-alive', 'X-Powered-By': 'Express', 'Access-Control-Allow-Origin': '*', 'Cache-Control': 'no-cache', 'ETag': 'W/"4a5-InxdZv7ekcKdU9V11CR9ke/wDPA"', 'Vary': 'Accept-Encoding', 'Content-Encoding': 'gzip', 'CF-Cache-Status': 'DYNAMIC', 'Report-To': '{"endpoints":[{"url":"https:\\/\\/a.nel.cloudflare.com\\/report\\/v4?s=eTZpSvDzD9k5OpJWq8XYnFTrWVn5naI0yBOZCYAYnsm%2BuKOtdPeCohUzKv6Br5KVpPq9lj7QN%2FDtVt13rvWFXaUthopK5yqKnDLB5D6iDfQGKZlWOwlkuMkcldVxrtwv"}],"group":"cf-nel","max_age":604800}', 'NEL': '{"success_fraction":0,"report_to":"cf-nel","max_age":604800}', 'Server': 'cloudflare', 'CF-RAY': '89a2486cae9a118b-ORD', 'alt-svc': 'h3=":443"; ma=86400'} 
 body={"results":[{"gender":"male","name":{"title":"Mr","first":"Zacarías","last":"Quiñones"},"location":{"street":{"number":6262,"name":"Calzada Norte Madrid"},"city":"Cerralvo","state":"Veracruz","country":"Mexico","postcode":53572,"coordinates":{"latitude":"21.7443","longitude":"-177.0519"},"timezone":{"offset":"-4:00","description":"Atlantic Time (Canada), Caracas, La Paz"}},"email":"zacarias.quinones@example.com","login":{"uuid":"fb4a41e7-88c5-41b1-8f71-9c13884cf10e","username":"lazycat617","password":"vixen","salt":"FHWueReI","md5":"2148c10302eb5c40b08246a6425af11c","sha1":"34d2acff79048a113b5de22ce45cf8cc0c915dd2","sha256":"a9c6b8cb1fcbc4af64651707050223310cb9e50a76e7a7723c6c9414a774a1e6"},"dob":{"date":"1990-07-07T16:18:53.057Z","age":33},"registered":{"date":"2003-07-19T11:15:23.909Z","age":20},"phone":"(655) 279 1092","cell":"(689) 102 3744","id":{"name":"NSS","value":"38 04 88 3732 5"},"picture":{"large":"https://randomuser.me/api/portraits/men/24.jpg","medium":"https://randomuser.me/api/portraits/med/men/24.jpg","thumbnail":"https://randomuser.me/api/portraits/thumb/men/24.jpg"},"nat":"MX"}],"info":{"seed":"36f4c8bfadacf6f1","results":1,"page":1,"version":"1.4"}} 
 </msg>
<msg time="2024-06-27T03:17:14.448589" level="INFO">/opt/hostedtoolcache/Python/3.12.4/x64/lib/python3.12/site-packages/urllib3/connectionpool.py:1099: InsecureRequestWarning: Unverified HTTPS request is being made to host 'randomuser.me'. Adding certificate verification is strongly advised. See: https://urllib3.readthedocs.io/en/latest/advanced-usage.html#tls-warnings
  warnings.warn(</msg>
<msg time="2024-06-27T03:17:14.448723" level="INFO">${response} = &lt;Response [200]&gt;</msg>
<var>${response}</var>
<arg>consultarAPI</arg>
<arg>/api</arg>
<doc>Sends a GET request on a previously created HTTP Session.</doc>
<status status="PASS" start="2024-06-27T03:17:14.163161" elapsed="0.285605"/>
</kw>
<kw name="Should Be Equal As Numbers" owner="BuiltIn">
<msg time="2024-06-27T03:17:14.449834" level="INFO">Argument types are:
&lt;class 'int'&gt;
&lt;class 'str'&gt;</msg>
<arg>${response.status_code}</arg>
<arg>200</arg>
<doc>Fails if objects are unequal after converting them to real numbers.</doc>
<status status="PASS" start="2024-06-27T03:17:14.449335" elapsed="0.000562"/>
</kw>
<kw name="Log" owner="BuiltIn">
<msg time="2024-06-27T03:17:14.450565" level="INFO">200</msg>
<arg>${response.status_code}</arg>
<doc>Logs the given message with the given level.</doc>
<status status="PASS" start="2024-06-27T03:17:14.450212" elapsed="0.000394"/>
</kw>
<kw name="Set Variable" owner="BuiltIn">
<msg time="2024-06-27T03:17:14.451396" level="INFO">${json_data} = {'results': [{'gender': 'male', 'name': {'title': 'Mr', 'first': 'Zacarías', 'last': 'Quiñones'}, 'location': {'street': {'number': 6262, 'name': 'Calzada Norte Madrid'}, 'city': 'Cerralvo', 'state': ...</msg>
<var>${json_data}</var>
<arg>${response.json()}</arg>
<doc>Returns the given values which can then be assigned to a variables.</doc>
<status status="PASS" start="2024-06-27T03:17:14.450905" elapsed="0.000521"/>
</kw>
<kw name="Dictionary Should Contain Key" owner="Collections">
<arg>${json_data}</arg>
<arg>results</arg>
<doc>Fails if ``key`` is not found from ``dictionary``.</doc>
<status status="PASS" start="2024-06-27T03:17:14.451730" elapsed="0.000164"/>
</kw>
<status status="PASS" start="2024-06-27T03:17:14.162913" elapsed="0.289125"/>
</kw>
<doc>Testa se a API responde corretamente e retorna um objeto JSON válido.</doc>
<tag>testeRequisicaoBasica</tag>
<status status="PASS" start="2024-06-27T03:17:14.162438" elapsed="0.289761"/>
</test>
<test id="s1-s1-t3" name="Validar estrutura de resposta" line="22">
<kw name="Teste de Estrutura de Resposta" owner="random-user-service">
<kw name="GET On Session" owner="RequestsLibrary">
<msg time="2024-06-27T03:17:14.496773" level="INFO">GET Request : url=https://randomuser.me/api 
 path_url=/api 
 headers={'User-Agent': 'python-requests/2.32.3', 'Accept-Encoding': 'gzip, deflate', 'Accept': '*/*', 'Connection': 'keep-alive'} 
 body=None 
 </msg>
<msg time="2024-06-27T03:17:14.496854" level="INFO">GET Response : url=https://randomuser.me/api 
 status=200, reason=OK 
 headers={'Date': 'Thu, 27 Jun 2024 03:17:14 GMT', 'Content-Type': 'application/json; charset=utf-8', 'Transfer-Encoding': 'chunked', 'Connection': 'keep-alive', 'X-Powered-By': 'Express', 'Access-Control-Allow-Origin': '*', 'Cache-Control': 'no-cache', 'ETag': 'W/"49d-QhzgUbNQr1Ht3FnvRa9jXy8AIqc"', 'Vary': 'Accept-Encoding', 'Content-Encoding': 'gzip', 'CF-Cache-Status': 'DYNAMIC', 'Report-To': '{"endpoints":[{"url":"https:\\/\\/a.nel.cloudflare.com\\/report\\/v4?s=Mob4i38DoYyEcW0LFxkFQD9d2Ju5DZiMHQA8p%2F9gM0j1Rq5bxh%2F1h%2Fq1GZWtZv0%2Fn162e2Rj4iQHhwDRMlfJOq7kS6R0ilnOmmDMqLhyPhiYFOQDj7vhFjSRbeFS0cyD"}],"group":"cf-nel","max_age":604800}', 'NEL': '{"success_fraction":0,"report_to":"cf-nel","max_age":604800}', 'Server': 'cloudflare', 'CF-RAY': '89a2486d5f72118b-ORD', 'alt-svc': 'h3=":443"; ma=86400'} 
 body={"results":[{"gender":"female","name":{"title":"Miss","first":"Avery","last":"Ma"},"location":{"street":{"number":2379,"name":"Richmond Ave"},"city":"Richmond","state":"Northwest Territories","country":"Canada","postcode":"O7O 8K7","coordinates":{"latitude":"-72.1908","longitude":"17.2267"},"timezone":{"offset":"+3:00","description":"Baghdad, Riyadh, Moscow, St. Petersburg"}},"email":"avery.ma@example.com","login":{"uuid":"39183cb6-aaf8-4908-9945-113d0fa9a8f1","username":"greenbutterfly165","password":"donnie","salt":"N8GMbGYM","md5":"94c096c6d87611fc6f36de9009c0674a","sha1":"bdf613307e884909ec6cdc87a379ecf8cde5b4ca","sha256":"c7ea7c3138a185c6393674546a3db9061ca1491addda73abbe0259d99b145bed"},"dob":{"date":"1957-02-11T00:31:28.737Z","age":67},"registered":{"date":"2018-10-25T18:59:49.470Z","age":5},"phone":"Z65 R59-0231","cell":"C85 X95-7601","id":{"name":"SIN","value":"007110729"},"picture":{"large":"https://randomuser.me/api/portraits/women/4.jpg","medium":"https://randomuser.me/api/portraits/med/women/4.jpg","thumbnail":"https://randomuser.me/api/portraits/thumb/women/4.jpg"},"nat":"CA"}],"info":{"seed":"449f17a2f0b2a15c","results":1,"page":1,"version":"1.4"}} 
 </msg>
<msg time="2024-06-27T03:17:14.496969" level="INFO">/opt/hostedtoolcache/Python/3.12.4/x64/lib/python3.12/site-packages/urllib3/connectionpool.py:1099: InsecureRequestWarning: Unverified HTTPS request is being made to host 'randomuser.me'. Adding certificate verification is strongly advised. See: https://urllib3.readthedocs.io/en/latest/advanced-usage.html#tls-warnings
  warnings.warn(</msg>
<msg time="2024-06-27T03:17:14.497081" level="INFO">${response} = &lt;Response [200]&gt;</msg>
<var>${response}</var>
<arg>consultarAPI</arg>
<arg>/api</arg>
<doc>Sends a GET request on a previously created HTTP Session.</doc>
<status status="PASS" start="2024-06-27T03:17:14.454703" elapsed="0.042432"/>
</kw>
<kw name="Set Variable" owner="BuiltIn">
<msg time="2024-06-27T03:17:14.498210" level="INFO">${json_data} = {'results': [{'gender': 'female', 'name': {'title': 'Miss', 'first': 'Avery', 'last': 'Ma'}, 'location': {'street': {'number': 2379, 'name': 'Richmond Ave'}, 'city': 'Richmond', 'state': 'Northwest Te...</msg>
<var>${json_data}</var>
<arg>${response.json()}</arg>
<doc>Returns the given values which can then be assigned to a variables.</doc>
<status status="PASS" start="2024-06-27T03:17:14.497624" elapsed="0.000616"/>
</kw>
<kw name="Log" owner="BuiltIn">
<msg time="2024-06-27T03:17:14.498702" level="INFO">{'results': [{'gender': 'female', 'name': {'title': 'Miss', 'first': 'Avery', 'last': 'Ma'}, 'location': {'street': {'number': 2379, 'name': 'Richmond Ave'}, 'city': 'Richmond', 'state': 'Northwest Territories', 'country': 'Canada', 'postcode': 'O7O 8K7', 'coordinates': {'latitude': '-72.1908', 'longitude': '17.2267'}, 'timezone': {'offset': '+3:00', 'description': 'Baghdad, Riyadh, Moscow, St. Petersburg'}}, 'email': 'avery.ma@example.com', 'login': {'uuid': '39183cb6-aaf8-4908-9945-113d0fa9a8f1', 'username': 'greenbutterfly165', 'password': 'donnie', 'salt': 'N8GMbGYM', 'md5': '94c096c6d87611fc6f36de9009c0674a', 'sha1': 'bdf613307e884909ec6cdc87a379ecf8cde5b4ca', 'sha256': 'c7ea7c3138a185c6393674546a3db9061ca1491addda73abbe0259d99b145bed'}, 'dob': {'date': '1957-02-11T00:31:28.737Z', 'age': 67}, 'registered': {'date': '2018-10-25T18:59:49.470Z', 'age': 5}, 'phone': 'Z65 R59-0231', 'cell': 'C85 X95-7601', 'id': {'name': 'SIN', 'value': '007110729'}, 'picture': {'large': 'https://randomuser.me/api/portraits/women/4.jpg', 'medium': 'https://randomuser.me/api/portraits/med/women/4.jpg', 'thumbnail': 'https://randomuser.me/api/portraits/thumb/women/4.jpg'}, 'nat': 'CA'}], 'info': {'seed': '449f17a2f0b2a15c', 'results': 1, 'page': 1, 'version': '1.4'}}</msg>
<arg>${json_data}</arg>
<doc>Logs the given message with the given level.</doc>
<status status="PASS" start="2024-06-27T03:17:14.498547" elapsed="0.000202"/>
</kw>
<kw name="Dictionary Should Contain Key" owner="Collections">
<arg>${json_data}</arg>
<arg>results</arg>
<doc>Fails if ``key`` is not found from ``dictionary``.</doc>
<status status="PASS" start="2024-06-27T03:17:14.499036" elapsed="0.000149"/>
</kw>
<kw name="Should Not Be Empty" owner="BuiltIn">
<msg time="2024-06-27T03:17:14.499557" level="INFO">Length is 2.</msg>
<arg>${json_data}</arg>
<doc>Verifies that the given item is not empty.</doc>
<status status="PASS" start="2024-06-27T03:17:14.499422" elapsed="0.000177"/>
</kw>
<kw name="Create List" owner="BuiltIn">
<msg time="2024-06-27T03:17:14.500168" level="INFO">${expected_keys} = ['gender', 'name', 'location', 'email', 'login']</msg>
<var>${expected_keys}</var>
<arg>gender</arg>
<arg>name</arg>
<arg>location</arg>
<arg>email</arg>
<arg>login</arg>
<doc>Returns a list containing given items.</doc>
<status status="PASS" start="2024-06-27T03:17:14.499892" elapsed="0.000301"/>
</kw>
<for flavor="IN">
<iter>
<kw name="Dictionary Should Contain Key" owner="Collections">
<arg>${json_data['results'][0]}</arg>
<arg>${key}</arg>
<doc>Fails if ``key`` is not found from ``dictionary``.</doc>
<status status="PASS" start="2024-06-27T03:17:14.500762" elapsed="0.000399"/>
</kw>
<kw name="Log" owner="BuiltIn">
<msg time="2024-06-27T03:17:14.501709" level="INFO">{'gender': 'female', 'name': {'title': 'Miss', 'first': 'Avery', 'last': 'Ma'}, 'location': {'street': {'number': 2379, 'name': 'Richmond Ave'}, 'city': 'Richmond', 'state': 'Northwest Territories', 'country': 'Canada', 'postcode': 'O7O 8K7', 'coordinates': {'latitude': '-72.1908', 'longitude': '17.2267'}, 'timezone': {'offset': '+3:00', 'description': 'Baghdad, Riyadh, Moscow, St. Petersburg'}}, 'email': 'avery.ma@example.com', 'login': {'uuid': '39183cb6-aaf8-4908-9945-113d0fa9a8f1', 'username': 'greenbutterfly165', 'password': 'donnie', 'salt': 'N8GMbGYM', 'md5': '94c096c6d87611fc6f36de9009c0674a', 'sha1': 'bdf613307e884909ec6cdc87a379ecf8cde5b4ca', 'sha256': 'c7ea7c3138a185c6393674546a3db9061ca1491addda73abbe0259d99b145bed'}, 'dob': {'date': '1957-02-11T00:31:28.737Z', 'age': 67}, 'registered': {'date': '2018-10-25T18:59:49.470Z', 'age': 5}, 'phone': 'Z65 R59-0231', 'cell': 'C85 X95-7601', 'id': {'name': 'SIN', 'value': '007110729'}, 'picture': {'large': 'https://randomuser.me/api/portraits/women/4.jpg', 'medium': 'https://randomuser.me/api/portraits/med/women/4.jpg', 'thumbnail': 'https://randomuser.me/api/portraits/thumb/women/4.jpg'}, 'nat': 'CA'}</msg>
<arg>${json_data['results'][0]}</arg>
<doc>Logs the given message with the given level.</doc>
<status status="PASS" start="2024-06-27T03:17:14.501348" elapsed="0.000409"/>
</kw>
<kw name="Log" owner="BuiltIn">
<msg time="2024-06-27T03:17:14.502179" level="INFO">gender</msg>
<arg>${key}</arg>
<doc>Logs the given message with the given level.</doc>
<status status="PASS" start="2024-06-27T03:17:14.502053" elapsed="0.000164"/>
</kw>
<var name="${key}">gender</var>
<status status="PASS" start="2024-06-27T03:17:14.500639" elapsed="0.001792"/>
</iter>
<iter>
<kw name="Dictionary Should Contain Key" owner="Collections">
<arg>${json_data['results'][0]}</arg>
<arg>${key}</arg>
<doc>Fails if ``key`` is not found from ``dictionary``.</doc>
<status status="PASS" start="2024-06-27T03:17:14.502727" elapsed="0.000385"/>
</kw>
<kw name="Log" owner="BuiltIn">
<msg time="2024-06-27T03:17:14.503707" level="INFO">{'gender': 'female', 'name': {'title': 'Miss', 'first': 'Avery', 'last': 'Ma'}, 'location': {'street': {'number': 2379, 'name': 'Richmond Ave'}, 'city': 'Richmond', 'state': 'Northwest Territories', 'country': 'Canada', 'postcode': 'O7O 8K7', 'coordinates': {'latitude': '-72.1908', 'longitude': '17.2267'}, 'timezone': {'offset': '+3:00', 'description': 'Baghdad, Riyadh, Moscow, St. Petersburg'}}, 'email': 'avery.ma@example.com', 'login': {'uuid': '39183cb6-aaf8-4908-9945-113d0fa9a8f1', 'username': 'greenbutterfly165', 'password': 'donnie', 'salt': 'N8GMbGYM', 'md5': '94c096c6d87611fc6f36de9009c0674a', 'sha1': 'bdf613307e884909ec6cdc87a379ecf8cde5b4ca', 'sha256': 'c7ea7c3138a185c6393674546a3db9061ca1491addda73abbe0259d99b145bed'}, 'dob': {'date': '1957-02-11T00:31:28.737Z', 'age': 67}, 'registered': {'date': '2018-10-25T18:59:49.470Z', 'age': 5}, 'phone': 'Z65 R59-0231', 'cell': 'C85 X95-7601', 'id': {'name': 'SIN', 'value': '007110729'}, 'picture': {'large': 'https://randomuser.me/api/portraits/women/4.jpg', 'medium': 'https://randomuser.me/api/portraits/med/women/4.jpg', 'thumbnail': 'https://randomuser.me/api/portraits/thumb/women/4.jpg'}, 'nat': 'CA'}</msg>
<arg>${json_data['results'][0]}</arg>
<doc>Logs the given message with the given level.</doc>
<status status="PASS" start="2024-06-27T03:17:14.503313" elapsed="0.000443"/>
</kw>
<kw name="Log" owner="BuiltIn">
<msg time="2024-06-27T03:17:14.504177" level="INFO">name</msg>
<arg>${key}</arg>
<doc>Logs the given message with the given level.</doc>
<status status="PASS" start="2024-06-27T03:17:14.504052" elapsed="0.000162"/>
</kw>
<var name="${key}">name</var>
<status status="PASS" start="2024-06-27T03:17:14.502612" elapsed="0.001817"/>
</iter>
<iter>
<kw name="Dictionary Should Contain Key" owner="Collections">
<arg>${json_data['results'][0]}</arg>
<arg>${key}</arg>
<doc>Fails if ``key`` is not found from ``dictionary``.</doc>
<status status="PASS" start="2024-06-27T03:17:14.504708" elapsed="0.000383"/>
</kw>
<kw name="Log" owner="BuiltIn">
<msg time="2024-06-27T03:17:14.505618" level="INFO">{'gender': 'female', 'name': {'title': 'Miss', 'first': 'Avery', 'last': 'Ma'}, 'location': {'street': {'number': 2379, 'name': 'Richmond Ave'}, 'city': 'Richmond', 'state': 'Northwest Territories', 'country': 'Canada', 'postcode': 'O7O 8K7', 'coordinates': {'latitude': '-72.1908', 'longitude': '17.2267'}, 'timezone': {'offset': '+3:00', 'description': 'Baghdad, Riyadh, Moscow, St. Petersburg'}}, 'email': 'avery.ma@example.com', 'login': {'uuid': '39183cb6-aaf8-4908-9945-113d0fa9a8f1', 'username': 'greenbutterfly165', 'password': 'donnie', 'salt': 'N8GMbGYM', 'md5': '94c096c6d87611fc6f36de9009c0674a', 'sha1': 'bdf613307e884909ec6cdc87a379ecf8cde5b4ca', 'sha256': 'c7ea7c3138a185c6393674546a3db9061ca1491addda73abbe0259d99b145bed'}, 'dob': {'date': '1957-02-11T00:31:28.737Z', 'age': 67}, 'registered': {'date': '2018-10-25T18:59:49.470Z', 'age': 5}, 'phone': 'Z65 R59-0231', 'cell': 'C85 X95-7601', 'id': {'name': 'SIN', 'value': '007110729'}, 'picture': {'large': 'https://randomuser.me/api/portraits/women/4.jpg', 'medium': 'https://randomuser.me/api/portraits/med/women/4.jpg', 'thumbnail': 'https://randomuser.me/api/portraits/thumb/women/4.jpg'}, 'nat': 'CA'}</msg>
<arg>${json_data['results'][0]}</arg>
<doc>Logs the given message with the given level.</doc>
<status status="PASS" start="2024-06-27T03:17:14.505272" elapsed="0.000402"/>
</kw>
<kw name="Log" owner="BuiltIn">
<msg time="2024-06-27T03:17:14.506100" level="INFO">location</msg>
<arg>${key}</arg>
<doc>Logs the given message with the given level.</doc>
<status status="PASS" start="2024-06-27T03:17:14.505975" elapsed="0.000161"/>
</kw>
<var name="${key}">location</var>
<status status="PASS" start="2024-06-27T03:17:14.504602" elapsed="0.001745"/>
</iter>
<iter>
<kw name="Dictionary Should Contain Key" owner="Collections">
<arg>${json_data['results'][0]}</arg>
<arg>${key}</arg>
<doc>Fails if ``key`` is not found from ``dictionary``.</doc>
<status status="PASS" start="2024-06-27T03:17:14.506620" elapsed="0.000382"/>
</kw>
<kw name="Log" owner="BuiltIn">
<msg time="2024-06-27T03:17:14.507578" level="INFO">{'gender': 'female', 'name': {'title': 'Miss', 'first': 'Avery', 'last': 'Ma'}, 'location': {'street': {'number': 2379, 'name': 'Richmond Ave'}, 'city': 'Richmond', 'state': 'Northwest Territories', 'country': 'Canada', 'postcode': 'O7O 8K7', 'coordinates': {'latitude': '-72.1908', 'longitude': '17.2267'}, 'timezone': {'offset': '+3:00', 'description': 'Baghdad, Riyadh, Moscow, St. Petersburg'}}, 'email': 'avery.ma@example.com', 'login': {'uuid': '39183cb6-aaf8-4908-9945-113d0fa9a8f1', 'username': 'greenbutterfly165', 'password': 'donnie', 'salt': 'N8GMbGYM', 'md5': '94c096c6d87611fc6f36de9009c0674a', 'sha1': 'bdf613307e884909ec6cdc87a379ecf8cde5b4ca', 'sha256': 'c7ea7c3138a185c6393674546a3db9061ca1491addda73abbe0259d99b145bed'}, 'dob': {'date': '1957-02-11T00:31:28.737Z', 'age': 67}, 'registered': {'date': '2018-10-25T18:59:49.470Z', 'age': 5}, 'phone': 'Z65 R59-0231', 'cell': 'C85 X95-7601', 'id': {'name': 'SIN', 'value': '007110729'}, 'picture': {'large': 'https://randomuser.me/api/portraits/women/4.jpg', 'medium': 'https://randomuser.me/api/portraits/med/women/4.jpg', 'thumbnail': 'https://randomuser.me/api/portraits/thumb/women/4.jpg'}, 'nat': 'CA'}</msg>
<arg>${json_data['results'][0]}</arg>
<doc>Logs the given message with the given level.</doc>
<status status="PASS" start="2024-06-27T03:17:14.507184" elapsed="0.000442"/>
</kw>
<kw name="Log" owner="BuiltIn">
<msg time="2024-06-27T03:17:14.508047" level="INFO">email</msg>
<arg>${key}</arg>
<doc>Logs the given message with the given level.</doc>
<status status="PASS" start="2024-06-27T03:17:14.507921" elapsed="0.000165"/>
</kw>
<var name="${key}">email</var>
<status status="PASS" start="2024-06-27T03:17:14.506514" elapsed="0.001792"/>
</iter>
<iter>
<kw name="Dictionary Should Contain Key" owner="Collections">
<arg>${json_data['results'][0]}</arg>
<arg>${key}</arg>
<doc>Fails if ``key`` is not found from ``dictionary``.</doc>
<status status="PASS" start="2024-06-27T03:17:14.508581" elapsed="0.000397"/>
</kw>
<kw name="Log" owner="BuiltIn">
<msg time="2024-06-27T03:17:14.509514" level="INFO">{'gender': 'female', 'name': {'title': 'Miss', 'first': 'Avery', 'last': 'Ma'}, 'location': {'street': {'number': 2379, 'name': 'Richmond Ave'}, 'city': 'Richmond', 'state': 'Northwest Territories', 'country': 'Canada', 'postcode': 'O7O 8K7', 'coordinates': {'latitude': '-72.1908', 'longitude': '17.2267'}, 'timezone': {'offset': '+3:00', 'description': 'Baghdad, Riyadh, Moscow, St. Petersburg'}}, 'email': 'avery.ma@example.com', 'login': {'uuid': '39183cb6-aaf8-4908-9945-113d0fa9a8f1', 'username': 'greenbutterfly165', 'password': 'donnie', 'salt': 'N8GMbGYM', 'md5': '94c096c6d87611fc6f36de9009c0674a', 'sha1': 'bdf613307e884909ec6cdc87a379ecf8cde5b4ca', 'sha256': 'c7ea7c3138a185c6393674546a3db9061ca1491addda73abbe0259d99b145bed'}, 'dob': {'date': '1957-02-11T00:31:28.737Z', 'age': 67}, 'registered': {'date': '2018-10-25T18:59:49.470Z', 'age': 5}, 'phone': 'Z65 R59-0231', 'cell': 'C85 X95-7601', 'id': {'name': 'SIN', 'value': '007110729'}, 'picture': {'large': 'https://randomuser.me/api/portraits/women/4.jpg', 'medium': 'https://randomuser.me/api/portraits/med/women/4.jpg', 'thumbnail': 'https://randomuser.me/api/portraits/thumb/women/4.jpg'}, 'nat': 'CA'}</msg>
<arg>${json_data['results'][0]}</arg>
<doc>Logs the given message with the given level.</doc>
<status status="PASS" start="2024-06-27T03:17:14.509158" elapsed="0.000403"/>
</kw>
<kw name="Log" owner="BuiltIn">
<msg time="2024-06-27T03:17:14.509976" level="INFO">login</msg>
<arg>${key}</arg>
<doc>Logs the given message with the given level.</doc>
<status status="PASS" start="2024-06-27T03:17:14.509849" elapsed="0.000166"/>
</kw>
<var name="${key}">login</var>
<status status="PASS" start="2024-06-27T03:17:14.508473" elapsed="0.001753"/>
</iter>
<var>${key}</var>
<value>@{expected_keys}</value>
<status status="PASS" start="2024-06-27T03:17:14.500452" elapsed="0.009895"/>
</for>
<kw name="Create List" owner="BuiltIn">
<msg time="2024-06-27T03:17:14.510699" level="INFO">${expected_keysTwo} = ['username', 'password']</msg>
<var>${expected_keysTwo}</var>
<arg>username</arg>
<arg>password</arg>
<doc>Returns a list containing given items.</doc>
<status status="PASS" start="2024-06-27T03:17:14.510563" elapsed="0.000161"/>
</kw>
<for flavor="IN">
<iter>
<kw name="Dictionary Should Contain Key" owner="Collections">
<arg>${json_data['results'][0]['login']}</arg>
<arg>${keyTwo}</arg>
<doc>Fails if ``key`` is not found from ``dictionary``.</doc>
<status status="PASS" start="2024-06-27T03:17:14.511234" elapsed="0.000443"/>
</kw>
<kw name="Dictionary Should Contain Key" owner="Collections">
<arg>${json_data['results'][0]['login']}</arg>
<arg>${keyTwo}</arg>
<doc>Fails if ``key`` is not found from ``dictionary``.</doc>
<status status="PASS" start="2024-06-27T03:17:14.511871" elapsed="0.000372"/>
</kw>
<kw name="Log" owner="BuiltIn">
<msg time="2024-06-27T03:17:14.512548" level="INFO">username</msg>
<arg>${keyTwo}</arg>
<doc>Logs the given message with the given level.</doc>
<status status="PASS" start="2024-06-27T03:17:14.512427" elapsed="0.000157"/>
</kw>
<var name="${keyTwo}">username</var>
<status status="PASS" start="2024-06-27T03:17:14.511121" elapsed="0.001691"/>
</iter>
<iter>
<kw name="Dictionary Should Contain Key" owner="Collections">
<arg>${json_data['results'][0]['login']}</arg>
<arg>${keyTwo}</arg>
<doc>Fails if ``key`` is not found from ``dictionary``.</doc>
<status status="PASS" start="2024-06-27T03:17:14.513088" elapsed="0.000381"/>
</kw>
<kw name="Dictionary Should Contain Key" owner="Collections">
<arg>${json_data['results'][0]['login']}</arg>
<arg>${keyTwo}</arg>
<doc>Fails if ``key`` is not found from ``dictionary``.</doc>
<status status="PASS" start="2024-06-27T03:17:14.513645" elapsed="0.000363"/>
</kw>
<kw name="Log" owner="BuiltIn">
<msg time="2024-06-27T03:17:14.514304" level="INFO">password</msg>
<arg>${keyTwo}</arg>
<doc>Logs the given message with the given level.</doc>
<status status="PASS" start="2024-06-27T03:17:14.514185" elapsed="0.000155"/>
</kw>
<var name="${keyTwo}">password</var>
<status status="PASS" start="2024-06-27T03:17:14.512982" elapsed="0.001668"/>
</iter>
<var>${keyTwo}</var>
<value>@{expected_keysTwo}</value>
<status status="PASS" start="2024-06-27T03:17:14.510968" elapsed="0.003802"/>
</for>
<status status="PASS" start="2024-06-27T03:17:14.454464" elapsed="0.060442"/>
</kw>
<doc>Testa a estrutura da resposta da API.</doc>
<tag>testeEstruturaResposta</tag>
<status status="PASS" start="2024-06-27T03:17:14.453971" elapsed="0.061076"/>
</test>
<test id="s1-s1-t4" name="Validar tipos de dados" line="28">
<kw name="Teste de Tipos de Dados" owner="random-user-service">
<kw name="GET On Session" owner="RequestsLibrary">
<msg time="2024-06-27T03:17:14.603218" level="INFO">GET Request : url=https://randomuser.me/api 
 path_url=/api 
 headers={'User-Agent': 'python-requests/2.32.3', 'Accept-Encoding': 'gzip, deflate', 'Accept': '*/*', 'Connection': 'keep-alive'} 
 body=None 
 </msg>
<msg time="2024-06-27T03:17:14.603324" level="INFO">GET Response : url=https://randomuser.me/api 
 status=200, reason=OK 
 headers={'Date': 'Thu, 27 Jun 2024 03:17:14 GMT', 'Content-Type': 'application/json; charset=utf-8', 'Transfer-Encoding': 'chunked', 'Connection': 'keep-alive', 'X-Powered-By': 'Express', 'Access-Control-Allow-Origin': '*', 'Cache-Control': 'no-cache', 'ETag': 'W/"48c-IE5WdJhl2/iz7ZHmJXrRv03zQwU"', 'Vary': 'Accept-Encoding', 'Content-Encoding': 'gzip', 'CF-Cache-Status': 'DYNAMIC', 'Report-To': '{"endpoints":[{"url":"https:\\/\\/a.nel.cloudflare.com\\/report\\/v4?s=kdsJvaszE6%2BcKCdi6e%2BG6njwY3sXxWLTxDcY8XohAE7P39HEX8oS72e09RvT5DyvxdAo9hSx0mswvh7VqSj0IOFDvM7r5rb9YOzJuvephTanNyfe8xRGN0lkWzFnJh3R"}],"group":"cf-nel","max_age":604800}', 'NEL': '{"success_fraction":0,"report_to":"cf-nel","max_age":604800}', 'Server': 'cloudflare', 'CF-RAY': '89a2486db800118b-ORD', 'alt-svc': 'h3=":443"; ma=86400'} 
 body={"results":[{"gender":"male","name":{"title":"Mr","first":"Jayanth","last":"Namnaik"},"location":{"street":{"number":620,"name":"Altamount Rd"},"city":"Proddatur","state":"Delhi","country":"India","postcode":62163,"coordinates":{"latitude":"5.7485","longitude":"-161.8408"},"timezone":{"offset":"-3:00","description":"Brazil, Buenos Aires, Georgetown"}},"email":"jayanth.namnaik@example.com","login":{"uuid":"89500b49-4c55-4d1d-a691-b74c1d9d208d","username":"organicbutterfly723","password":"heyyou","salt":"qUwv1e16","md5":"b613c8a97843439e4320f32ce50acd70","sha1":"a58eaad3da411b0cbbd63c955f4c9d0b846f79e4","sha256":"68db64e9714e5cb1afe441678a65ffddf089cad53991e4ae7ddc3c5dc1b2240f"},"dob":{"date":"1970-10-21T18:00:31.161Z","age":53},"registered":{"date":"2007-07-03T09:38:16.025Z","age":16},"phone":"7858105819","cell":"7778701865","id":{"name":"UIDAI","value":"103179464216"},"picture":{"large":"https://randomuser.me/api/portraits/men/79.jpg","medium":"https://randomuser.me/api/portraits/med/men/79.jpg","thumbnail":"https://randomuser.me/api/portraits/thumb/men/79.jpg"},"nat":"IN"}],"info":{"seed":"1dff501523f79d1c","results":1,"page":1,"version":"1.4"}} 
 </msg>
<msg time="2024-06-27T03:17:14.603397" level="INFO">/opt/hostedtoolcache/Python/3.12.4/x64/lib/python3.12/site-packages/urllib3/connectionpool.py:1099: InsecureRequestWarning: Unverified HTTPS request is being made to host 'randomuser.me'. Adding certificate verification is strongly advised. See: https://urllib3.readthedocs.io/en/latest/advanced-usage.html#tls-warnings
  warnings.warn(</msg>
<msg time="2024-06-27T03:17:14.603488" level="INFO">${response} = &lt;Response [200]&gt;</msg>
<var>${response}</var>
<arg>consultarAPI</arg>
<arg>/api</arg>
<doc>Sends a GET request on a previously created HTTP Session.</doc>
<status status="PASS" start="2024-06-27T03:17:14.517451" elapsed="0.086078"/>
</kw>
<kw name="Set Variable" owner="BuiltIn">
<msg time="2024-06-27T03:17:14.604570" level="INFO">${json_data} = {'results': [{'gender': 'male', 'name': {'title': 'Mr', 'first': 'Jayanth', 'last': 'Namnaik'}, 'location': {'street': {'number': 620, 'name': 'Altamount Rd'}, 'city': 'Proddatur', 'state': 'Delhi', '...</msg>
<var>${json_data}</var>
<arg>${response.json()}</arg>
<doc>Returns the given values which can then be assigned to a variables.</doc>
<status status="PASS" start="2024-06-27T03:17:14.603984" elapsed="0.000615"/>
</kw>
<kw name="Log" owner="BuiltIn">
<msg time="2024-06-27T03:17:14.605058" level="INFO">{'results': [{'gender': 'male', 'name': {'title': 'Mr', 'first': 'Jayanth', 'last': 'Namnaik'}, 'location': {'street': {'number': 620, 'name': 'Altamount Rd'}, 'city': 'Proddatur', 'state': 'Delhi', 'country': 'India', 'postcode': 62163, 'coordinates': {'latitude': '5.7485', 'longitude': '-161.8408'}, 'timezone': {'offset': '-3:00', 'description': 'Brazil, Buenos Aires, Georgetown'}}, 'email': 'jayanth.namnaik@example.com', 'login': {'uuid': '89500b49-4c55-4d1d-a691-b74c1d9d208d', 'username': 'organicbutterfly723', 'password': 'heyyou', 'salt': 'qUwv1e16', 'md5': 'b613c8a97843439e4320f32ce50acd70', 'sha1': 'a58eaad3da411b0cbbd63c955f4c9d0b846f79e4', 'sha256': '68db64e9714e5cb1afe441678a65ffddf089cad53991e4ae7ddc3c5dc1b2240f'}, 'dob': {'date': '1970-10-21T18:00:31.161Z', 'age': 53}, 'registered': {'date': '2007-07-03T09:38:16.025Z', 'age': 16}, 'phone': '7858105819', 'cell': '7778701865', 'id': {'name': 'UIDAI', 'value': '103179464216'}, 'picture': {'large': 'https://randomuser.me/api/portraits/men/79.jpg', 'medium': 'https://randomuser.me/api/portraits/med/men/79.jpg', 'thumbnail': 'https://randomuser.me/api/portraits/thumb/men/79.jpg'}, 'nat': 'IN'}], 'info': {'seed': '1dff501523f79d1c', 'results': 1, 'page': 1, 'version': '1.4'}}</msg>
<arg>${json_data}</arg>
<doc>Logs the given message with the given level.</doc>
<status status="PASS" start="2024-06-27T03:17:14.604908" elapsed="0.000196"/>
</kw>
<kw name="Should Be String" owner="String">
<arg>${json_data['results'][0]['gender']}</arg>
<doc>Fails if the given ``item`` is not a string.</doc>
<status status="PASS" start="2024-06-27T03:17:14.605392" elapsed="0.000354"/>
</kw>
<kw name="Should Match Regexp" owner="BuiltIn">
<arg>${json_data['results'][0]['email']}</arg>
<arg>^[a-zA-Z0-9._%+-]+@[a-zA-Z0-9.-]+\.[a-zA-Z]{2,}$</arg>
<doc>Fails if ``string`` does not match ``pattern`` as a regular expression.</doc>
<status status="PASS" start="2024-06-27T03:17:14.605931" elapsed="0.000554"/>
</kw>
<kw name="Should Match Regexp" owner="BuiltIn">
<arg>${json_data['results'][0]['dob']['date']}</arg>
<arg>\\d{4}-\\d{2}-\\d{2}T\\d{2}:\\d{2}:\\d{2}\\.\\d{3}Z</arg>
<doc>Fails if ``string`` does not match ``pattern`` as a regular expression.</doc>
<status status="PASS" start="2024-06-27T03:17:14.606685" elapsed="0.000489"/>
</kw>
<kw name="Should Match Regexp" owner="BuiltIn">
<arg>${json_data['results'][0]['registered']['date']}</arg>
<arg>\\d{4}-\\d{2}-\\d{2}T\\d{2}:\\d{2}:\\d{2}\\.\\d{3}Z</arg>
<doc>Fails if ``string`` does not match ``pattern`` as a regular expression.</doc>
<status status="PASS" start="2024-06-27T03:17:14.607408" elapsed="0.000370"/>
</kw>
<kw name="Should Match Regexp" owner="BuiltIn">
<arg>${json_data['results'][0]['picture']['large']}</arg>
<arg>^https?://.*\.(?:png|jpe?g|gif|bmp)$</arg>
<doc>Fails if ``string`` does not match ``pattern`` as a regular expression.</doc>
<status status="PASS" start="2024-06-27T03:17:14.607966" elapsed="0.000458"/>
</kw>
<kw name="Should Match Regexp" owner="BuiltIn">
<arg>${json_data['results'][0]['picture']['medium']}</arg>
<arg>^https?://.*\.(?:png|jpe?g|gif|bmp)$</arg>
<doc>Fails if ``string`` does not match ``pattern`` as a regular expression.</doc>
<status status="PASS" start="2024-06-27T03:17:14.608612" elapsed="0.000354"/>
</kw>
<kw name="Should Match Regexp" owner="BuiltIn">
<arg>${json_data['results'][0]['picture']['thumbnail']}</arg>
<arg>^https?://.*\.(?:png|jpe?g|gif|bmp)$</arg>
<doc>Fails if ``string`` does not match ``pattern`` as a regular expression.</doc>
<status status="PASS" start="2024-06-27T03:17:14.609151" elapsed="0.000346"/>
</kw>
<kw name="Log" owner="BuiltIn">
<msg time="2024-06-27T03:17:14.610005" level="INFO">{'large': 'https://randomuser.me/api/portraits/men/79.jpg', 'medium': 'https://randomuser.me/api/portraits/med/men/79.jpg', 'thumbnail': 'https://randomuser.me/api/portraits/thumb/men/79.jpg'}</msg>
<arg>${json_data['results'][0]['picture']}</arg>
<doc>Logs the given message with the given level.</doc>
<status status="PASS" start="2024-06-27T03:17:14.609677" elapsed="0.000372"/>
</kw>
<status status="PASS" start="2024-06-27T03:17:14.517227" elapsed="0.093078"/>
</kw>
<kw name="Teste de Tipos de Dados - Postcode" owner="random-user-service">
<kw name="GET On Session" owner="RequestsLibrary">
<msg time="2024-06-27T03:17:14.695580" level="INFO">GET Request : url=https://randomuser.me/api 
 path_url=/api 
 headers={'User-Agent': 'python-requests/2.32.3', 'Accept-Encoding': 'gzip, deflate', 'Accept': '*/*', 'Connection': 'keep-alive'} 
 body=None 
 </msg>
<msg time="2024-06-27T03:17:14.695651" level="INFO">GET Response : url=https://randomuser.me/api 
 status=200, reason=OK 
 headers={'Date': 'Thu, 27 Jun 2024 03:17:14 GMT', 'Content-Type': 'application/json; charset=utf-8', 'Transfer-Encoding': 'chunked', 'Connection': 'keep-alive', 'X-Powered-By': 'Express', 'Access-Control-Allow-Origin': '*', 'Cache-Control': 'no-cache', 'ETag': 'W/"477-knLL+oooXHcL/niSdryjw4WhK14"', 'Vary': 'Accept-Encoding', 'Content-Encoding': 'gzip', 'CF-Cache-Status': 'DYNAMIC', 'Report-To': '{"endpoints":[{"url":"https:\\/\\/a.nel.cloudflare.com\\/report\\/v4?s=7cqE1HofnLruVsTsTs1UG6vvHBl4sdDFKKMkGWTkTvoIDyHbhBq9JJbDtyt6996we2PbWenNPTAWckw1v1AsM9y25JjBCVDFb%2BFpE76wKPthq6JyJxzW9yXJgUuHQFpM"}],"group":"cf-nel","max_age":604800}', 'NEL': '{"success_fraction":0,"report_to":"cf-nel","max_age":604800}', 'Server': 'cloudflare', 'CF-RAY': '89a2486e58d6118b-ORD', 'alt-svc': 'h3=":443"; ma=86400'} 
 body={"results":[{"gender":"female","name":{"title":"Ms","first":"Andrea","last":"Jensen"},"location":{"street":{"number":7471,"name":"Kratvej"},"city":"København Sv","state":"Sjælland","country":"Denmark","postcode":22317,"coordinates":{"latitude":"-42.4365","longitude":"41.6093"},"timezone":{"offset":"-2:00","description":"Mid-Atlantic"}},"email":"andrea.jensen@example.com","login":{"uuid":"13e5b76c-277d-4c2f-8755-84ef2b30f151","username":"greenleopard374","password":"formula","salt":"DEZUj7sD","md5":"e44883d6f5c1cab5ee83fac3ffcefd9a","sha1":"b890c193cb36c15b3a0a7f03edbfce0f18c8e875","sha256":"faae9aad61b7d2afe1234724a055c0dfd28e5bc52ce2504ae62bebf901873951"},"dob":{"date":"1997-07-25T08:41:39.315Z","age":26},"registered":{"date":"2021-07-16T18:30:47.941Z","age":2},"phone":"72091309","cell":"71227555","id":{"name":"CPR","value":"250797-4395"},"picture":{"large":"https://randomuser.me/api/portraits/women/16.jpg","medium":"https://randomuser.me/api/portraits/med/women/16.jpg","thumbnail":"https://randomuser.me/api/portraits/thumb/women/16.jpg"},"nat":"DK"}],"info":{"seed":"19ec29272de01c73","results":1,"page":1,"version":"1.4"}} 
 </msg>
<msg time="2024-06-27T03:17:14.695710" level="INFO">/opt/hostedtoolcache/Python/3.12.4/x64/lib/python3.12/site-packages/urllib3/connectionpool.py:1099: InsecureRequestWarning: Unverified HTTPS request is being made to host 'randomuser.me'. Adding certificate verification is strongly advised. See: https://urllib3.readthedocs.io/en/latest/advanced-usage.html#tls-warnings
  warnings.warn(</msg>
<msg time="2024-06-27T03:17:14.695799" level="INFO">${response} = &lt;Response [200]&gt;</msg>
<var>${response}</var>
<arg>consultarAPI</arg>
<arg>/api</arg>
<doc>Sends a GET request on a previously created HTTP Session.</doc>
<status status="PASS" start="2024-06-27T03:17:14.610735" elapsed="0.085106"/>
</kw>
<kw name="Set Variable" owner="BuiltIn">
<msg time="2024-06-27T03:17:14.696939" level="INFO">${json_data} = {'results': [{'gender': 'female', 'name': {'title': 'Ms', 'first': 'Andrea', 'last': 'Jensen'}, 'location': {'street': {'number': 7471, 'name': 'Kratvej'}, 'city': 'København Sv', 'state': 'Sjælland',...</msg>
<var>${json_data}</var>
<arg>${response.json()}</arg>
<doc>Returns the given values which can then be assigned to a variables.</doc>
<status status="PASS" start="2024-06-27T03:17:14.696322" elapsed="0.000647"/>
</kw>
<kw name="Log" owner="BuiltIn">
<msg time="2024-06-27T03:17:14.697438" level="INFO">{'results': [{'gender': 'female', 'name': {'title': 'Ms', 'first': 'Andrea', 'last': 'Jensen'}, 'location': {'street': {'number': 7471, 'name': 'Kratvej'}, 'city': 'København Sv', 'state': 'Sjælland', 'country': 'Denmark', 'postcode': 22317, 'coordinates': {'latitude': '-42.4365', 'longitude': '41.6093'}, 'timezone': {'offset': '-2:00', 'description': 'Mid-Atlantic'}}, 'email': 'andrea.jensen@example.com', 'login': {'uuid': '13e5b76c-277d-4c2f-8755-84ef2b30f151', 'username': 'greenleopard374', 'password': 'formula', 'salt': 'DEZUj7sD', 'md5': 'e44883d6f5c1cab5ee83fac3ffcefd9a', 'sha1': 'b890c193cb36c15b3a0a7f03edbfce0f18c8e875', 'sha256': 'faae9aad61b7d2afe1234724a055c0dfd28e5bc52ce2504ae62bebf901873951'}, 'dob': {'date': '1997-07-25T08:41:39.315Z', 'age': 26}, 'registered': {'date': '2021-07-16T18:30:47.941Z', 'age': 2}, 'phone': '72091309', 'cell': '71227555', 'id': {'name': 'CPR', 'value': '250797-4395'}, 'picture': {'large': 'https://randomuser.me/api/portraits/women/16.jpg', 'medium': 'https://randomuser.me/api/portraits/med/women/16.jpg', 'thumbnail': 'https://randomuser.me/api/portraits/thumb/women/16.jpg'}, 'nat': 'DK'}], 'info': {'seed': '19ec29272de01c73', 'results': 1, 'page': 1, 'version': '1.4'}}</msg>
<arg>${json_data}</arg>
<doc>Logs the given message with the given level.</doc>
<status status="PASS" start="2024-06-27T03:17:14.697283" elapsed="0.000208"/>
</kw>
<kw name="Should Be Equal As Numbers" owner="BuiltIn">
<arg>${json_data['results'][0]['location']['postcode']}</arg>
<arg>${json_data['results'][0]['location']['postcode']}</arg>
<doc>Fails if objects are unequal after converting them to real numbers.</doc>
<status status="PASS" start="2024-06-27T03:17:14.697784" elapsed="0.000624"/>
</kw>
<kw name="Log" owner="BuiltIn">
<msg time="2024-06-27T03:17:14.699053" level="INFO">22317</msg>
<arg>${json_data['results'][0]['location']['postcode']}</arg>
<doc>Logs the given message with the given level.</doc>
<status status="PASS" start="2024-06-27T03:17:14.698594" elapsed="0.000501"/>
</kw>
<status status="PASS" start="2024-06-27T03:17:14.610519" elapsed="0.088886"/>
</kw>
<doc>Testa se os tipos de dados na resposta da API estão corretos.</doc>
<tag>testeTiposDados</tag>
<status status="PASS" start="2024-06-27T03:17:14.516818" elapsed="0.182740"/>
</test>
<test id="s1-s1-t5" name="Validar conteudo" line="35">
<kw name="Teste de Tipos de Conteudo" owner="random-user-service">
<kw name="GET On Session" owner="RequestsLibrary">
<msg time="2024-06-27T03:17:14.804292" level="INFO">GET Request : url=https://randomuser.me/api 
 path_url=/api 
 headers={'User-Agent': 'python-requests/2.32.3', 'Accept-Encoding': 'gzip, deflate', 'Accept': '*/*', 'Connection': 'keep-alive'} 
 body=None 
 </msg>
<msg time="2024-06-27T03:17:14.804369" level="INFO">GET Response : url=https://randomuser.me/api 
 status=200, reason=OK 
 headers={'Date': 'Thu, 27 Jun 2024 03:17:14 GMT', 'Content-Type': 'application/json; charset=utf-8', 'Transfer-Encoding': 'chunked', 'Connection': 'keep-alive', 'X-Powered-By': 'Express', 'Access-Control-Allow-Origin': '*', 'Cache-Control': 'no-cache', 'ETag': 'W/"4a1-PLmQy9C7lERHP3BJ/mmiEc5oKng"', 'Vary': 'Accept-Encoding', 'Content-Encoding': 'gzip', 'CF-Cache-Status': 'DYNAMIC', 'Report-To': '{"endpoints":[{"url":"https:\\/\\/a.nel.cloudflare.com\\/report\\/v4?s=rT0RBhzq2DK%2B7S%2BPJck%2F5GEN7GWi2G4aPOwHWac%2FLaH9sR5nRTNL7LYNGr3M4bITgIXwAUwBT2Ms73u%2Bm4DqyyJlxvd5kyh19Bawo%2BlWQ2Z7RhG86%2BETsn8UU0MMX6Vj"}],"group":"cf-nel","max_age":604800}', 'NEL': '{"success_fraction":0,"report_to":"cf-nel","max_age":604800}', 'Server': 'cloudflare', 'CF-RAY': '89a2486ee9b0118b-ORD', 'alt-svc': 'h3=":443"; ma=86400'} 
 body={"results":[{"gender":"male","name":{"title":"Mr","first":"Felix","last":"Reynolds"},"location":{"street":{"number":9947,"name":"E Pecan St"},"city":"Tweed","state":"Australian Capital Territory","country":"Australia","postcode":3130,"coordinates":{"latitude":"-87.1546","longitude":"-77.3451"},"timezone":{"offset":"+8:00","description":"Beijing, Perth, Singapore, Hong Kong"}},"email":"felix.reynolds@example.com","login":{"uuid":"5bdf3e19-95b6-4125-9b31-49d10e05bb0b","username":"bluebutterfly377","password":"qwertyui","salt":"KwQAgivM","md5":"7e9af059fb70fd4c8e4ea3332937b363","sha1":"6124c7e3f59d49308d0fbccfce759ce383c8b22f","sha256":"211503c27cb1ccbd5171c091abaa209e07e0ccab74cc85cc72caa0be1077a6d2"},"dob":{"date":"1977-07-24T09:42:58.055Z","age":46},"registered":{"date":"2018-11-24T15:13:52.487Z","age":5},"phone":"00-8037-7077","cell":"0463-237-305","id":{"name":"TFN","value":"929087482"},"picture":{"large":"https://randomuser.me/api/portraits/men/10.jpg","medium":"https://randomuser.me/api/portraits/med/men/10.jpg","thumbnail":"https://randomuser.me/api/portraits/thumb/men/10.jpg"},"nat":"AU"}],"info":{"seed":"d3f76a019fc558b3","results":1,"page":1,"version":"1.4"}} 
 </msg>
<msg time="2024-06-27T03:17:14.804446" level="INFO">/opt/hostedtoolcache/Python/3.12.4/x64/lib/python3.12/site-packages/urllib3/connectionpool.py:1099: InsecureRequestWarning: Unverified HTTPS request is being made to host 'randomuser.me'. Adding certificate verification is strongly advised. See: https://urllib3.readthedocs.io/en/latest/advanced-usage.html#tls-warnings
  warnings.warn(</msg>
<msg time="2024-06-27T03:17:14.804547" level="INFO">${response} = &lt;Response [200]&gt;</msg>
<var>${response}</var>
<arg>consultarAPI</arg>
<arg>/api</arg>
<doc>Sends a GET request on a previously created HTTP Session.</doc>
<status status="PASS" start="2024-06-27T03:17:14.701893" elapsed="0.102702"/>
</kw>
<kw name="Set Variable" owner="BuiltIn">
<msg time="2024-06-27T03:17:14.805422" level="INFO">${json_data} = {'results': [{'gender': 'male', 'name': {'title': 'Mr', 'first': 'Felix', 'last': 'Reynolds'}, 'location': {'street': {'number': 9947, 'name': 'E Pecan St'}, 'city': 'Tweed', 'state': 'Australian Capi...</msg>
<var>${json_data}</var>
<arg>${response.json()}</arg>
<doc>Returns the given values which can then be assigned to a variables.</doc>
<status status="PASS" start="2024-06-27T03:17:14.804995" elapsed="0.000455"/>
</kw>
<kw name="Set Variable" owner="BuiltIn">
<msg time="2024-06-27T03:17:14.806129" level="INFO">${name_title} = Mr</msg>
<var>${name_title}</var>
<arg>${json_data["results"][0]["name"]["title"]}</arg>
<doc>Returns the given values which can then be assigned to a variables.</doc>
<status status="PASS" start="2024-06-27T03:17:14.805750" elapsed="0.000404"/>
</kw>
<kw name="Create List" owner="BuiltIn">
<msg time="2024-06-27T03:17:14.806588" level="INFO">${allowed_titles} = ['Mr', 'Ms', 'Miss', 'Mrs', 'Madame', 'Monsieur']</msg>
<var>${allowed_titles}</var>
<arg>Mr</arg>
<arg>Ms</arg>
<arg>Miss</arg>
<arg>Mrs</arg>
<arg>Madame</arg>
<arg>Monsieur</arg>
<doc>Returns a list containing given items.</doc>
<status status="PASS" start="2024-06-27T03:17:14.806443" elapsed="0.000169"/>
</kw>
<kw name="List Should Contain Value" owner="Collections">
<arg>${allowed_titles}</arg>
<arg>${name_title}</arg>
<doc>Fails if the ``value`` is not found from ``list``.</doc>
<status status="PASS" start="2024-06-27T03:17:14.806903" elapsed="0.000173"/>
</kw>
<kw name="Set Variable" owner="BuiltIn">
<msg time="2024-06-27T03:17:14.807678" level="INFO">${name_country} = AU</msg>
<var>${name_country}</var>
<arg>${json_data["results"][0]["nat"]}</arg>
<doc>Returns the given values which can then be assigned to a variables.</doc>
<status status="PASS" start="2024-06-27T03:17:14.807291" elapsed="0.000412"/>
</kw>
<kw name="Create List" owner="BuiltIn">
<msg time="2024-06-27T03:17:14.808600" level="INFO">${list_country} = ['AD', 'AE', 'AF', 'AG', 'AI', 'AL', 'AM', 'AO', 'AQ', 'AR', 'AS', 'AT', 'AU', 'AW', 'AX', 'AZ', 'BA', 'BB', 'BD', 'BE', 'BF', 'BG', 'BH', 'BI', 'BJ', 'BL', 'BM', 'BN', 'BO', 'BQ', 'BR', 'BS', 'BT', '...</msg>
<var>${list_country}</var>
<arg>AD</arg>
<arg>AE</arg>
<arg>AF</arg>
<arg>AG</arg>
<arg>AI</arg>
<arg>AL</arg>
<arg>AM</arg>
<arg>AO</arg>
<arg>AQ</arg>
<arg>AR</arg>
<arg>AS</arg>
<arg>AT</arg>
<arg>AU</arg>
<arg>AW</arg>
<arg>AX</arg>
<arg>AZ</arg>
<arg>BA</arg>
<arg>BB</arg>
<arg>BD</arg>
<arg>BE</arg>
<arg>BF</arg>
<arg>BG</arg>
<arg>BH</arg>
<arg>BI</arg>
<arg>BJ</arg>
<arg>BL</arg>
<arg>BM</arg>
<arg>BN</arg>
<arg>BO</arg>
<arg>BQ</arg>
<arg>BR</arg>
<arg>BS</arg>
<arg>BT</arg>
<arg>BV</arg>
<arg>BW</arg>
<arg>BY</arg>
<arg>BZ</arg>
<arg>CA</arg>
<arg>CC</arg>
<arg>CD</arg>
<arg>CF</arg>
<arg>CG</arg>
<arg>CH</arg>
<arg>CI</arg>
<arg>CK</arg>
<arg>CL</arg>
<arg>CM</arg>
<arg>CN</arg>
<arg>CO</arg>
<arg>CR</arg>
<arg>CU</arg>
<arg>CV</arg>
<arg>CW</arg>
<arg>CX</arg>
<arg>CY</arg>
<arg>CZ</arg>
<arg>DE</arg>
<arg>DJ</arg>
<arg>DK</arg>
<arg>DM</arg>
<arg>DO</arg>
<arg>DZ</arg>
<arg>EC</arg>
<arg>EE</arg>
<arg>EG</arg>
<arg>EH</arg>
<arg>ER</arg>
<arg>ES</arg>
<arg>ET</arg>
<arg>FI</arg>
<arg>FJ</arg>
<arg>FK</arg>
<arg>FM</arg>
<arg>FO</arg>
<arg>FR</arg>
<arg>GA</arg>
<arg>GB</arg>
<arg>GD</arg>
<arg>GE</arg>
<arg>GF</arg>
<arg>GG</arg>
<arg>GH</arg>
<arg>GI</arg>
<arg>GL</arg>
<arg>GM</arg>
<arg>GN</arg>
<arg>GP</arg>
<arg>GQ</arg>
<arg>GR</arg>
<arg>GS</arg>
<arg>GT</arg>
<arg>GU</arg>
<arg>GW</arg>
<arg>GY</arg>
<arg>HK</arg>
<arg>HM</arg>
<arg>HN</arg>
<arg>HR</arg>
<arg>HT</arg>
<arg>HU</arg>
<arg>ID</arg>
<arg>IE</arg>
<arg>IL</arg>
<arg>IM</arg>
<arg>IN</arg>
<arg>IO</arg>
<arg>IQ</arg>
<arg>IR</arg>
<arg>IS</arg>
<arg>IT</arg>
<arg>JE</arg>
<arg>JM</arg>
<arg>JO</arg>
<arg>JP</arg>
<arg>KE</arg>
<arg>KG</arg>
<arg>KH</arg>
<arg>KI</arg>
<arg>KM</arg>
<arg>KN</arg>
<arg>KP</arg>
<arg>KR</arg>
<arg>KW</arg>
<arg>KY</arg>
<arg>KZ</arg>
<arg>LA</arg>
<arg>LB</arg>
<arg>LC</arg>
<arg>LI</arg>
<arg>LK</arg>
<arg>LR</arg>
<arg>LS</arg>
<arg>LT</arg>
<arg>LU</arg>
<arg>LV</arg>
<arg>LY</arg>
<arg>MA</arg>
<arg>MC</arg>
<arg>MD</arg>
<arg>ME</arg>
<arg>MF</arg>
<arg>MG</arg>
<arg>MH</arg>
<arg>MK</arg>
<arg>ML</arg>
<arg>MM</arg>
<arg>MN</arg>
<arg>MO</arg>
<arg>MP</arg>
<arg>MQ</arg>
<arg>MR</arg>
<arg>MS</arg>
<arg>MT</arg>
<arg>MU</arg>
<arg>MV</arg>
<arg>MW</arg>
<arg>MX</arg>
<arg>MY</arg>
<arg>MZ</arg>
<arg>NA</arg>
<arg>NC</arg>
<arg>NE</arg>
<arg>NF</arg>
<arg>NG</arg>
<arg>NI</arg>
<arg>NL</arg>
<arg>NO</arg>
<arg>NP</arg>
<arg>NR</arg>
<arg>NU</arg>
<arg>NZ</arg>
<arg>OM</arg>
<arg>PA</arg>
<arg>PE</arg>
<arg>PF</arg>
<arg>PG</arg>
<arg>PH</arg>
<arg>PK</arg>
<arg>PL</arg>
<arg>PM</arg>
<arg>PN</arg>
<arg>PR</arg>
<arg>PS</arg>
<arg>PT</arg>
<arg>PW</arg>
<arg>PY</arg>
<arg>QA</arg>
<arg>RE</arg>
<arg>RO</arg>
<arg>RS</arg>
<arg>RU</arg>
<arg>RW</arg>
<arg>SA</arg>
<arg>SB</arg>
<arg>SC</arg>
<arg>SD</arg>
<arg>SE</arg>
<arg>SG</arg>
<arg>SH</arg>
<arg>SI</arg>
<arg>SJ</arg>
<arg>SK</arg>
<arg>SL</arg>
<arg>SM</arg>
<arg>SN</arg>
<arg>SO</arg>
<arg>SR</arg>
<arg>SS</arg>
<arg>ST</arg>
<arg>SV</arg>
<arg>SX</arg>
<arg>SY</arg>
<arg>SZ</arg>
<arg>TC</arg>
<arg>TD</arg>
<arg>TF</arg>
<arg>TG</arg>
<arg>TH</arg>
<arg>TJ</arg>
<arg>TK</arg>
<arg>TL</arg>
<arg>TM</arg>
<arg>TN</arg>
<arg>TO</arg>
<arg>TR</arg>
<arg>TT</arg>
<arg>TV</arg>
<arg>TW</arg>
<arg>TZ</arg>
<arg>UA</arg>
<arg>UG</arg>
<arg>UM</arg>
<arg>US</arg>
<arg>UY</arg>
<arg>UZ</arg>
<arg>VA</arg>
<arg>VC</arg>
<arg>VE</arg>
<arg>VG</arg>
<arg>VI</arg>
<arg>VN</arg>
<arg>VU</arg>
<arg>WF</arg>
<arg>WS</arg>
<arg>XK</arg>
<arg>YE</arg>
<arg>YT</arg>
<arg>ZA</arg>
<arg>ZM</arg>
<arg>ZW</arg>
<doc>Returns a list containing given items.</doc>
<status status="PASS" start="2024-06-27T03:17:14.808005" elapsed="0.000620"/>
</kw>
<kw name="List Should Contain Value" owner="Collections">
<arg>${list_country}</arg>
<arg>${name_country}</arg>
<doc>Fails if the ``value`` is not found from ``list``.</doc>
<status status="PASS" start="2024-06-27T03:17:14.809416" elapsed="0.000200"/>
</kw>
<kw name="Run Keyword If" owner="BuiltIn">
<kw name="Should Be True" owner="BuiltIn">
<arg>${True}</arg>
<doc>Fails if the given condition is not true.</doc>
<status status="PASS" start="2024-06-27T03:17:14.810578" elapsed="0.000142"/>
</kw>
<arg>${json_data["results"][0]["location"]["coordinates"]["latitude"]} &gt;= -90 and ${json_data["results"][0]["location"]["coordinates"]["latitude"]} &lt;= 90</arg>
<arg>Should Be True</arg>
<arg>${True}</arg>
<doc>Runs the given keyword with the given arguments, if ``condition`` is true.</doc>
<status status="PASS" start="2024-06-27T03:17:14.809812" elapsed="0.001032"/>
</kw>
<kw name="Run Keyword If" owner="BuiltIn">
<kw name="Should Be True" owner="BuiltIn">
<arg>${True}</arg>
<doc>Fails if the given condition is not true.</doc>
<status status="PASS" start="2024-06-27T03:17:14.811746" elapsed="0.000229"/>
</kw>
<arg>${json_data["results"][0]["location"]["coordinates"]["longitude"]} &gt;= -180 and ${json_data["results"][0]["location"]["coordinates"]["longitude"]} &lt;= 180</arg>
<arg>Should Be True</arg>
<arg>${True}</arg>
<doc>Runs the given keyword with the given arguments, if ``condition`` is true.</doc>
<status status="PASS" start="2024-06-27T03:17:14.811024" elapsed="0.001081"/>
</kw>
<status status="PASS" start="2024-06-27T03:17:14.701681" elapsed="0.110553"/>
</kw>
<doc>Testa o conteúdo específico dos campos retornados pela API.</doc>
<tag>testeConteudo</tag>
<status status="PASS" start="2024-06-27T03:17:14.701260" elapsed="0.111117"/>
</test>
<status status="PASS" start="2024-06-27T03:17:13.801756" elapsed="1.012548"/>
</suite>
<status status="PASS" start="2024-06-27T03:17:13.787240" elapsed="1.032151"/>
</suite>
<statistics>
<total>
<stat pass="5" fail="0" skip="0">All Tests</stat>
</total>
<tag>
<stat pass="1" fail="0" skip="0">testeConteudo</stat>
<stat pass="1" fail="0" skip="0">testeEstruturaResposta</stat>
<stat pass="1" fail="0" skip="0">testeRequisicaoBasica</stat>
<stat pass="1" fail="0" skip="0">testeTiposDados</stat>
</tag>
<suite>
<stat pass="5" fail="0" skip="0" id="s1" name="Tests">Tests</stat>
<stat pass="5" fail="0" skip="0" id="s1-s1" name="Random-User-Test">Tests.Random-User-Test</stat>
</suite>
</statistics>
<errors>
</errors>
</robot>
