<?xml version="1.0" encoding="UTF-8"?>
<robot generator="Robot 7.0 (Python 3.12.3 on linux)" generated="2024-04-30T13:14:53.437528" rpa="false" schemaversion="5">
<suite id="s1" name="Tests" source="/home/runner/work/DesafioQAItauRogerioJordao/DesafioQAItauRogerioJordao/RamdonUser/tests">
<suite id="s1-s1" name="Random-User-Test" source="/home/runner/work/DesafioQAItauRogerioJordao/DesafioQAItauRogerioJordao/RamdonUser/tests/random-user-test.robot">
<test id="s1-s1-t1" name="Conectar" line="13">
<kw name="Conectar API" owner="random-user-service">
<kw name="Create Session" owner="RequestsLibrary">
<msg time="2024-04-30T13:14:53.838866" level="INFO">Creating Session using : alias=consultarAPI, url=https://randomuser.me/, headers={},                     cookies={}, auth=None, timeout=None, proxies=None, verify=False,                     debug=0 </msg>
<arg>consultarAPI</arg>
<arg>${URL}</arg>
<doc>Create Session: create a HTTP session to a server</doc>
<status status="PASS" start="2024-04-30T13:14:53.838665" elapsed="0.000387"/>
</kw>
<status status="PASS" start="2024-04-30T13:14:53.837675" elapsed="0.001775"/>
</kw>
<status status="PASS" start="2024-04-30T13:14:53.837071" elapsed="0.002574"/>
</test>
<test id="s1-s1-t2" name="Validar retorno 200 e JSON Válido" line="16">
<kw name="Teste de Requisicao Basica" owner="random-user-service">
<kw name="GET On Session" owner="RequestsLibrary">
<msg time="2024-04-30T13:14:54.104288" level="INFO">GET Request : url=https://randomuser.me/api 
 path_url=/api 
 headers={'User-Agent': 'python-requests/2.31.0', 'Accept-Encoding': 'gzip, deflate', 'Accept': '*/*', 'Connection': 'keep-alive'} 
 body=None 
 </msg>
<msg time="2024-04-30T13:14:54.104446" level="INFO">GET Response : url=https://randomuser.me/api 
 status=200, reason=OK 
 headers={'Date': 'Tue, 30 Apr 2024 13:14:54 GMT', 'Content-Type': 'application/json; charset=utf-8', 'Transfer-Encoding': 'chunked', 'Connection': 'keep-alive', 'X-Powered-By': 'Express', 'Access-Control-Allow-Origin': '*', 'Cache-Control': 'no-cache', 'ETag': 'W/"492-flbd+86xEQBm9B2i4U6jSa2tk7U"', 'Vary': 'Accept-Encoding', 'Content-Encoding': 'gzip', 'CF-Cache-Status': 'DYNAMIC', 'Report-To': '{"endpoints":[{"url":"https:\\/\\/a.nel.cloudflare.com\\/report\\/v4?s=zizlzdLV%2Br7yVwnZd5ja%2Br66RkJZkgi3%2BNjZ1wmBE2Ojdn8nPq0YzzkBwDhLyUZFdbCClfJ1u5MkS2ZTbf6Hn9DigvprRfwCErvy%2BhWzDvI8BY7AzoAEAVPxgNS8ys3w"}],"group":"cf-nel","max_age":604800}', 'NEL': '{"success_fraction":0,"report_to":"cf-nel","max_age":604800}', 'Server': 'cloudflare', 'CF-RAY': '87c7cc27bab861ca-ORD', 'alt-svc': 'h3=":443"; ma=86400'} 
 body={"results":[{"gender":"female","name":{"title":"Ms","first":"Mona","last":"Abdulla"},"location":{"street":{"number":5714,"name":"Frogner terrasse"},"city":"Siggerud","state":"Nord-Trøndelag","country":"Norway","postcode":"3772","coordinates":{"latitude":"46.5203","longitude":"139.1424"},"timezone":{"offset":"-3:00","description":"Brazil, Buenos Aires, Georgetown"}},"email":"mona.abdulla@example.com","login":{"uuid":"b0c593b6-15f6-4736-9353-b6238f301fcd","username":"brownpanda493","password":"flounder","salt":"x0xBoy1n","md5":"4dab69b7cea46159f4a124e97b96570b","sha1":"e42337fda086b1049d1760d8df351f87c61031f9","sha256":"4f255a3da6ec7c31871c9bfca16b9be5d77dae51f20e19d357d63bac4d2234d6"},"dob":{"date":"1954-11-18T12:25:56.150Z","age":69},"registered":{"date":"2006-05-18T08:00:59.212Z","age":17},"phone":"81009785","cell":"97776027","id":{"name":"FN","value":"18115417815"},"picture":{"large":"https://randomuser.me/api/portraits/women/51.jpg","medium":"https://randomuser.me/api/portraits/med/women/51.jpg","thumbnail":"https://randomuser.me/api/portraits/thumb/women/51.jpg"},"nat":"NO"}],"info":{"seed":"31c9fb89ac37d2ee","results":1,"page":1,"version":"1.4"}} 
 </msg>
<msg time="2024-04-30T13:14:54.104535" level="INFO">/opt/hostedtoolcache/Python/3.12.3/x64/lib/python3.12/site-packages/urllib3/connectionpool.py:1103: InsecureRequestWarning: Unverified HTTPS request is being made to host 'randomuser.me'. Adding certificate verification is strongly advised. See: https://urllib3.readthedocs.io/en/latest/advanced-usage.html#tls-warnings
  warnings.warn(</msg>
<msg time="2024-04-30T13:14:54.104682" level="INFO">${response} = &lt;Response [200]&gt;</msg>
<var>${response}</var>
<arg>consultarAPI</arg>
<arg>/api</arg>
<doc>Sends a GET request on a previously created HTTP Session.</doc>
<status status="PASS" start="2024-04-30T13:14:53.842236" elapsed="0.262488"/>
</kw>
<kw name="Should Be Equal As Numbers" owner="BuiltIn">
<msg time="2024-04-30T13:14:54.105995" level="INFO">Argument types are:
&lt;class 'int'&gt;
&lt;class 'str'&gt;</msg>
<arg>${response.status_code}</arg>
<arg>200</arg>
<doc>Fails if objects are unequal after converting them to real numbers.</doc>
<status status="PASS" start="2024-04-30T13:14:54.105451" elapsed="0.000611"/>
</kw>
<kw name="Log" owner="BuiltIn">
<msg time="2024-04-30T13:14:54.106783" level="INFO">200</msg>
<arg>${response.status_code}</arg>
<doc>Logs the given message with the given level.</doc>
<status status="PASS" start="2024-04-30T13:14:54.106433" elapsed="0.000391"/>
</kw>
<kw name="Set Variable" owner="BuiltIn">
<msg time="2024-04-30T13:14:54.107628" level="INFO">${json_data} = {'results': [{'gender': 'female', 'name': {'title': 'Ms', 'first': 'Mona', 'last': 'Abdulla'}, 'location': {'street': {'number': 5714, 'name': 'Frogner terrasse'}, 'city': 'Siggerud', 'state': 'Nord-T...</msg>
<var>${json_data}</var>
<arg>${response.json()}</arg>
<doc>Returns the given values which can then be assigned to a variables.</doc>
<status status="PASS" start="2024-04-30T13:14:54.107126" elapsed="0.000531"/>
</kw>
<kw name="Dictionary Should Contain Key" owner="Collections">
<msg time="2024-04-30T13:14:54.108129" level="INFO">False</msg>
<arg>${json_data}</arg>
<arg>results</arg>
<doc>Fails if ``key`` is not found from ``dictionary``.</doc>
<status status="PASS" start="2024-04-30T13:14:54.107961" elapsed="0.000212"/>
</kw>
<status status="PASS" start="2024-04-30T13:14:53.841994" elapsed="0.266442"/>
</kw>
<doc>Testa se a API responde corretamente e retorna um objeto JSON válido.</doc>
<tag>testeRequisicaoBasica</tag>
<status status="PASS" start="2024-04-30T13:14:53.841525" elapsed="0.267098"/>
</test>
<test id="s1-s1-t3" name="Validar estrutura de resposta" line="22">
<kw name="Teste de Estrutura de Resposta" owner="random-user-service">
<kw name="GET On Session" owner="RequestsLibrary">
<msg time="2024-04-30T13:14:54.184573" level="INFO">GET Request : url=https://randomuser.me/api 
 path_url=/api 
 headers={'User-Agent': 'python-requests/2.31.0', 'Accept-Encoding': 'gzip, deflate', 'Accept': '*/*', 'Connection': 'keep-alive'} 
 body=None 
 </msg>
<msg time="2024-04-30T13:14:54.184666" level="INFO">GET Response : url=https://randomuser.me/api 
 status=200, reason=OK 
 headers={'Date': 'Tue, 30 Apr 2024 13:14:54 GMT', 'Content-Type': 'application/json; charset=utf-8', 'Transfer-Encoding': 'chunked', 'Connection': 'keep-alive', 'X-Powered-By': 'Express', 'Access-Control-Allow-Origin': '*', 'Cache-Control': 'no-cache', 'ETag': 'W/"49d-XXNEgyqoiIerDZKmpZ8L2WIC12I"', 'Vary': 'Accept-Encoding', 'Content-Encoding': 'gzip', 'CF-Cache-Status': 'DYNAMIC', 'Report-To': '{"endpoints":[{"url":"https:\\/\\/a.nel.cloudflare.com\\/report\\/v4?s=GLeGDsByTz62Zur2yH0fOc%2B06XBSjtKnD7nTcQ0yjOCzCcXMNKwbVSXBj8haDx2L5WbLT0o2BJ1DmUI3yXeat2vAUleGiaeJU2pPFNOq%2FYZbXU%2BmBrWL%2BfVXf25FvgJN"}],"group":"cf-nel","max_age":604800}', 'NEL': '{"success_fraction":0,"report_to":"cf-nel","max_age":604800}', 'Server': 'cloudflare', 'CF-RAY': '87c7cc283b5361ca-ORD', 'alt-svc': 'h3=":443"; ma=86400'} 
 body={"results":[{"gender":"female","name":{"title":"Ms","first":"Arundhati","last":"Almeida"},"location":{"street":{"number":7102,"name":"Mirza Ismail Rd"},"city":"Bhusawal","state":"Odisha","country":"India","postcode":39185,"coordinates":{"latitude":"6.4950","longitude":"97.7378"},"timezone":{"offset":"+9:00","description":"Tokyo, Seoul, Osaka, Sapporo, Yakutsk"}},"email":"arundhati.almeida@example.com","login":{"uuid":"20beb92b-58fb-48fe-8939-6f3fed2ec0e3","username":"orangegorilla981","password":"comanche","salt":"H8SG83qK","md5":"f7bc4093f53132cf288bc8a831a8b27e","sha1":"9a8a337a639070e76a9e203b3d111c6e690a34f1","sha256":"a1ed87d0eb175437109f2ff34b01a74c9ae2b04b8d0e2d0cb9b8d09e43438197"},"dob":{"date":"1958-09-17T19:42:03.572Z","age":65},"registered":{"date":"2021-07-09T16:53:19.878Z","age":2},"phone":"9197082806","cell":"9938492503","id":{"name":"UIDAI","value":"896374569148"},"picture":{"large":"https://randomuser.me/api/portraits/women/85.jpg","medium":"https://randomuser.me/api/portraits/med/women/85.jpg","thumbnail":"https://randomuser.me/api/portraits/thumb/women/85.jpg"},"nat":"IN"}],"info":{"seed":"db6b7dc70a0d2e17","results":1,"page":1,"version":"1.4"}} 
 </msg>
<msg time="2024-04-30T13:14:54.184794" level="INFO">/opt/hostedtoolcache/Python/3.12.3/x64/lib/python3.12/site-packages/urllib3/connectionpool.py:1103: InsecureRequestWarning: Unverified HTTPS request is being made to host 'randomuser.me'. Adding certificate verification is strongly advised. See: https://urllib3.readthedocs.io/en/latest/advanced-usage.html#tls-warnings
  warnings.warn(</msg>
<msg time="2024-04-30T13:14:54.184913" level="INFO">${response} = &lt;Response [200]&gt;</msg>
<var>${response}</var>
<arg>consultarAPI</arg>
<arg>/api</arg>
<doc>Sends a GET request on a previously created HTTP Session.</doc>
<status status="PASS" start="2024-04-30T13:14:54.111655" elapsed="0.073286"/>
</kw>
<kw name="Set Variable" owner="BuiltIn">
<msg time="2024-04-30T13:14:54.185963" level="INFO">${json_data} = {'results': [{'gender': 'female', 'name': {'title': 'Ms', 'first': 'Arundhati', 'last': 'Almeida'}, 'location': {'street': {'number': 7102, 'name': 'Mirza Ismail Rd'}, 'city': 'Bhusawal', 'state': 'Od...</msg>
<var>${json_data}</var>
<arg>${response.json()}</arg>
<doc>Returns the given values which can then be assigned to a variables.</doc>
<status status="PASS" start="2024-04-30T13:14:54.185449" elapsed="0.000542"/>
</kw>
<kw name="Log" owner="BuiltIn">
<msg time="2024-04-30T13:14:54.186459" level="INFO">{'results': [{'gender': 'female', 'name': {'title': 'Ms', 'first': 'Arundhati', 'last': 'Almeida'}, 'location': {'street': {'number': 7102, 'name': 'Mirza Ismail Rd'}, 'city': 'Bhusawal', 'state': 'Odisha', 'country': 'India', 'postcode': 39185, 'coordinates': {'latitude': '6.4950', 'longitude': '97.7378'}, 'timezone': {'offset': '+9:00', 'description': 'Tokyo, Seoul, Osaka, Sapporo, Yakutsk'}}, 'email': 'arundhati.almeida@example.com', 'login': {'uuid': '20beb92b-58fb-48fe-8939-6f3fed2ec0e3', 'username': 'orangegorilla981', 'password': 'comanche', 'salt': 'H8SG83qK', 'md5': 'f7bc4093f53132cf288bc8a831a8b27e', 'sha1': '9a8a337a639070e76a9e203b3d111c6e690a34f1', 'sha256': 'a1ed87d0eb175437109f2ff34b01a74c9ae2b04b8d0e2d0cb9b8d09e43438197'}, 'dob': {'date': '1958-09-17T19:42:03.572Z', 'age': 65}, 'registered': {'date': '2021-07-09T16:53:19.878Z', 'age': 2}, 'phone': '9197082806', 'cell': '9938492503', 'id': {'name': 'UIDAI', 'value': '896374569148'}, 'picture': {'large': 'https://randomuser.me/api/portraits/women/85.jpg', 'medium': 'https://randomuser.me/api/portraits/med/women/85.jpg', 'thumbnail': 'https://randomuser.me/api/portraits/thumb/women/85.jpg'}, 'nat': 'IN'}], 'info': {'seed': 'db6b7dc70a0d2e17', 'results': 1, 'page': 1, 'version': '1.4'}}</msg>
<arg>${json_data}</arg>
<doc>Logs the given message with the given level.</doc>
<status status="PASS" start="2024-04-30T13:14:54.186297" elapsed="0.000210"/>
</kw>
<kw name="Dictionary Should Contain Key" owner="Collections">
<msg time="2024-04-30T13:14:54.186963" level="INFO">False</msg>
<arg>${json_data}</arg>
<arg>results</arg>
<doc>Fails if ``key`` is not found from ``dictionary``.</doc>
<status status="PASS" start="2024-04-30T13:14:54.186806" elapsed="0.000194"/>
</kw>
<kw name="Should Not Be Empty" owner="BuiltIn">
<msg time="2024-04-30T13:14:54.187470" level="INFO">Length is 2.</msg>
<arg>${json_data}</arg>
<doc>Verifies that the given item is not empty.</doc>
<status status="PASS" start="2024-04-30T13:14:54.187290" elapsed="0.000220"/>
</kw>
<kw name="Create List" owner="BuiltIn">
<msg time="2024-04-30T13:14:54.188110" level="INFO">${expected_keys} = ['gender', 'name', 'location', 'email', 'login']</msg>
<var>${expected_keys}</var>
<arg>gender</arg>
<arg>name</arg>
<arg>location</arg>
<arg>email</arg>
<arg>login</arg>
<doc>Returns a list containing given items.</doc>
<status status="PASS" start="2024-04-30T13:14:54.187799" elapsed="0.000336"/>
</kw>
<for flavor="IN">
<iter>
<kw name="Dictionary Should Contain Key" owner="Collections">
<msg time="2024-04-30T13:14:54.189128" level="INFO">False</msg>
<arg>${json_data['results'][0]}</arg>
<arg>${key}</arg>
<doc>Fails if ``key`` is not found from ``dictionary``.</doc>
<status status="PASS" start="2024-04-30T13:14:54.188734" elapsed="0.000432"/>
</kw>
<kw name="Log" owner="BuiltIn">
<msg time="2024-04-30T13:14:54.189829" level="INFO">{'gender': 'female', 'name': {'title': 'Ms', 'first': 'Arundhati', 'last': 'Almeida'}, 'location': {'street': {'number': 7102, 'name': 'Mirza Ismail Rd'}, 'city': 'Bhusawal', 'state': 'Odisha', 'country': 'India', 'postcode': 39185, 'coordinates': {'latitude': '6.4950', 'longitude': '97.7378'}, 'timezone': {'offset': '+9:00', 'description': 'Tokyo, Seoul, Osaka, Sapporo, Yakutsk'}}, 'email': 'arundhati.almeida@example.com', 'login': {'uuid': '20beb92b-58fb-48fe-8939-6f3fed2ec0e3', 'username': 'orangegorilla981', 'password': 'comanche', 'salt': 'H8SG83qK', 'md5': 'f7bc4093f53132cf288bc8a831a8b27e', 'sha1': '9a8a337a639070e76a9e203b3d111c6e690a34f1', 'sha256': 'a1ed87d0eb175437109f2ff34b01a74c9ae2b04b8d0e2d0cb9b8d09e43438197'}, 'dob': {'date': '1958-09-17T19:42:03.572Z', 'age': 65}, 'registered': {'date': '2021-07-09T16:53:19.878Z', 'age': 2}, 'phone': '9197082806', 'cell': '9938492503', 'id': {'name': 'UIDAI', 'value': '896374569148'}, 'picture': {'large': 'https://randomuser.me/api/portraits/women/85.jpg', 'medium': 'https://randomuser.me/api/portraits/med/women/85.jpg', 'thumbnail': 'https://randomuser.me/api/portraits/thumb/women/85.jpg'}, 'nat': 'IN'}</msg>
<arg>${json_data['results'][0]}</arg>
<doc>Logs the given message with the given level.</doc>
<status status="PASS" start="2024-04-30T13:14:54.189469" elapsed="0.000408"/>
</kw>
<kw name="Log" owner="BuiltIn">
<msg time="2024-04-30T13:14:54.190294" level="INFO">gender</msg>
<arg>${key}</arg>
<doc>Logs the given message with the given level.</doc>
<status status="PASS" start="2024-04-30T13:14:54.190168" elapsed="0.000164"/>
</kw>
<var name="${key}">gender</var>
<status status="PASS" start="2024-04-30T13:14:54.188609" elapsed="0.001932"/>
</iter>
<iter>
<kw name="Dictionary Should Contain Key" owner="Collections">
<msg time="2024-04-30T13:14:54.191230" level="INFO">False</msg>
<arg>${json_data['results'][0]}</arg>
<arg>${key}</arg>
<doc>Fails if ``key`` is not found from ``dictionary``.</doc>
<status status="PASS" start="2024-04-30T13:14:54.190839" elapsed="0.000427"/>
</kw>
<kw name="Log" owner="BuiltIn">
<msg time="2024-04-30T13:14:54.191982" level="INFO">{'gender': 'female', 'name': {'title': 'Ms', 'first': 'Arundhati', 'last': 'Almeida'}, 'location': {'street': {'number': 7102, 'name': 'Mirza Ismail Rd'}, 'city': 'Bhusawal', 'state': 'Odisha', 'country': 'India', 'postcode': 39185, 'coordinates': {'latitude': '6.4950', 'longitude': '97.7378'}, 'timezone': {'offset': '+9:00', 'description': 'Tokyo, Seoul, Osaka, Sapporo, Yakutsk'}}, 'email': 'arundhati.almeida@example.com', 'login': {'uuid': '20beb92b-58fb-48fe-8939-6f3fed2ec0e3', 'username': 'orangegorilla981', 'password': 'comanche', 'salt': 'H8SG83qK', 'md5': 'f7bc4093f53132cf288bc8a831a8b27e', 'sha1': '9a8a337a639070e76a9e203b3d111c6e690a34f1', 'sha256': 'a1ed87d0eb175437109f2ff34b01a74c9ae2b04b8d0e2d0cb9b8d09e43438197'}, 'dob': {'date': '1958-09-17T19:42:03.572Z', 'age': 65}, 'registered': {'date': '2021-07-09T16:53:19.878Z', 'age': 2}, 'phone': '9197082806', 'cell': '9938492503', 'id': {'name': 'UIDAI', 'value': '896374569148'}, 'picture': {'large': 'https://randomuser.me/api/portraits/women/85.jpg', 'medium': 'https://randomuser.me/api/portraits/med/women/85.jpg', 'thumbnail': 'https://randomuser.me/api/portraits/thumb/women/85.jpg'}, 'nat': 'IN'}</msg>
<arg>${json_data['results'][0]}</arg>
<doc>Logs the given message with the given level.</doc>
<status status="PASS" start="2024-04-30T13:14:54.191621" elapsed="0.000408"/>
</kw>
<kw name="Log" owner="BuiltIn">
<msg time="2024-04-30T13:14:54.192457" level="INFO">name</msg>
<arg>${key}</arg>
<doc>Logs the given message with the given level.</doc>
<status status="PASS" start="2024-04-30T13:14:54.192333" elapsed="0.000162"/>
</kw>
<var name="${key}">name</var>
<status status="PASS" start="2024-04-30T13:14:54.190725" elapsed="0.001980"/>
</iter>
<iter>
<kw name="Dictionary Should Contain Key" owner="Collections">
<msg time="2024-04-30T13:14:54.193383" level="INFO">False</msg>
<arg>${json_data['results'][0]}</arg>
<arg>${key}</arg>
<doc>Fails if ``key`` is not found from ``dictionary``.</doc>
<status status="PASS" start="2024-04-30T13:14:54.192988" elapsed="0.000431"/>
</kw>
<kw name="Log" owner="BuiltIn">
<msg time="2024-04-30T13:14:54.194071" level="INFO">{'gender': 'female', 'name': {'title': 'Ms', 'first': 'Arundhati', 'last': 'Almeida'}, 'location': {'street': {'number': 7102, 'name': 'Mirza Ismail Rd'}, 'city': 'Bhusawal', 'state': 'Odisha', 'country': 'India', 'postcode': 39185, 'coordinates': {'latitude': '6.4950', 'longitude': '97.7378'}, 'timezone': {'offset': '+9:00', 'description': 'Tokyo, Seoul, Osaka, Sapporo, Yakutsk'}}, 'email': 'arundhati.almeida@example.com', 'login': {'uuid': '20beb92b-58fb-48fe-8939-6f3fed2ec0e3', 'username': 'orangegorilla981', 'password': 'comanche', 'salt': 'H8SG83qK', 'md5': 'f7bc4093f53132cf288bc8a831a8b27e', 'sha1': '9a8a337a639070e76a9e203b3d111c6e690a34f1', 'sha256': 'a1ed87d0eb175437109f2ff34b01a74c9ae2b04b8d0e2d0cb9b8d09e43438197'}, 'dob': {'date': '1958-09-17T19:42:03.572Z', 'age': 65}, 'registered': {'date': '2021-07-09T16:53:19.878Z', 'age': 2}, 'phone': '9197082806', 'cell': '9938492503', 'id': {'name': 'UIDAI', 'value': '896374569148'}, 'picture': {'large': 'https://randomuser.me/api/portraits/women/85.jpg', 'medium': 'https://randomuser.me/api/portraits/med/women/85.jpg', 'thumbnail': 'https://randomuser.me/api/portraits/thumb/women/85.jpg'}, 'nat': 'IN'}</msg>
<arg>${json_data['results'][0]}</arg>
<doc>Logs the given message with the given level.</doc>
<status status="PASS" start="2024-04-30T13:14:54.193706" elapsed="0.000414"/>
</kw>
<kw name="Log" owner="BuiltIn">
<msg time="2024-04-30T13:14:54.194535" level="INFO">location</msg>
<arg>${key}</arg>
<doc>Logs the given message with the given level.</doc>
<status status="PASS" start="2024-04-30T13:14:54.194409" elapsed="0.000164"/>
</kw>
<var name="${key}">location</var>
<status status="PASS" start="2024-04-30T13:14:54.192878" elapsed="0.001906"/>
</iter>
<iter>
<kw name="Dictionary Should Contain Key" owner="Collections">
<msg time="2024-04-30T13:14:54.195491" level="INFO">False</msg>
<arg>${json_data['results'][0]}</arg>
<arg>${key}</arg>
<doc>Fails if ``key`` is not found from ``dictionary``.</doc>
<status status="PASS" start="2024-04-30T13:14:54.195063" elapsed="0.000475"/>
</kw>
<kw name="Log" owner="BuiltIn">
<msg time="2024-04-30T13:14:54.196196" level="INFO">{'gender': 'female', 'name': {'title': 'Ms', 'first': 'Arundhati', 'last': 'Almeida'}, 'location': {'street': {'number': 7102, 'name': 'Mirza Ismail Rd'}, 'city': 'Bhusawal', 'state': 'Odisha', 'country': 'India', 'postcode': 39185, 'coordinates': {'latitude': '6.4950', 'longitude': '97.7378'}, 'timezone': {'offset': '+9:00', 'description': 'Tokyo, Seoul, Osaka, Sapporo, Yakutsk'}}, 'email': 'arundhati.almeida@example.com', 'login': {'uuid': '20beb92b-58fb-48fe-8939-6f3fed2ec0e3', 'username': 'orangegorilla981', 'password': 'comanche', 'salt': 'H8SG83qK', 'md5': 'f7bc4093f53132cf288bc8a831a8b27e', 'sha1': '9a8a337a639070e76a9e203b3d111c6e690a34f1', 'sha256': 'a1ed87d0eb175437109f2ff34b01a74c9ae2b04b8d0e2d0cb9b8d09e43438197'}, 'dob': {'date': '1958-09-17T19:42:03.572Z', 'age': 65}, 'registered': {'date': '2021-07-09T16:53:19.878Z', 'age': 2}, 'phone': '9197082806', 'cell': '9938492503', 'id': {'name': 'UIDAI', 'value': '896374569148'}, 'picture': {'large': 'https://randomuser.me/api/portraits/women/85.jpg', 'medium': 'https://randomuser.me/api/portraits/med/women/85.jpg', 'thumbnail': 'https://randomuser.me/api/portraits/thumb/women/85.jpg'}, 'nat': 'IN'}</msg>
<arg>${json_data['results'][0]}</arg>
<doc>Logs the given message with the given level.</doc>
<status status="PASS" start="2024-04-30T13:14:54.195838" elapsed="0.000406"/>
</kw>
<kw name="Log" owner="BuiltIn">
<msg time="2024-04-30T13:14:54.196668" level="INFO">email</msg>
<arg>${key}</arg>
<doc>Logs the given message with the given level.</doc>
<status status="PASS" start="2024-04-30T13:14:54.196536" elapsed="0.000170"/>
</kw>
<var name="${key}">email</var>
<status status="PASS" start="2024-04-30T13:14:54.194954" elapsed="0.001967"/>
</iter>
<iter>
<kw name="Dictionary Should Contain Key" owner="Collections">
<msg time="2024-04-30T13:14:54.197591" level="INFO">False</msg>
<arg>${json_data['results'][0]}</arg>
<arg>${key}</arg>
<doc>Fails if ``key`` is not found from ``dictionary``.</doc>
<status status="PASS" start="2024-04-30T13:14:54.197202" elapsed="0.000427"/>
</kw>
<kw name="Log" owner="BuiltIn">
<msg time="2024-04-30T13:14:54.198278" level="INFO">{'gender': 'female', 'name': {'title': 'Ms', 'first': 'Arundhati', 'last': 'Almeida'}, 'location': {'street': {'number': 7102, 'name': 'Mirza Ismail Rd'}, 'city': 'Bhusawal', 'state': 'Odisha', 'country': 'India', 'postcode': 39185, 'coordinates': {'latitude': '6.4950', 'longitude': '97.7378'}, 'timezone': {'offset': '+9:00', 'description': 'Tokyo, Seoul, Osaka, Sapporo, Yakutsk'}}, 'email': 'arundhati.almeida@example.com', 'login': {'uuid': '20beb92b-58fb-48fe-8939-6f3fed2ec0e3', 'username': 'orangegorilla981', 'password': 'comanche', 'salt': 'H8SG83qK', 'md5': 'f7bc4093f53132cf288bc8a831a8b27e', 'sha1': '9a8a337a639070e76a9e203b3d111c6e690a34f1', 'sha256': 'a1ed87d0eb175437109f2ff34b01a74c9ae2b04b8d0e2d0cb9b8d09e43438197'}, 'dob': {'date': '1958-09-17T19:42:03.572Z', 'age': 65}, 'registered': {'date': '2021-07-09T16:53:19.878Z', 'age': 2}, 'phone': '9197082806', 'cell': '9938492503', 'id': {'name': 'UIDAI', 'value': '896374569148'}, 'picture': {'large': 'https://randomuser.me/api/portraits/women/85.jpg', 'medium': 'https://randomuser.me/api/portraits/med/women/85.jpg', 'thumbnail': 'https://randomuser.me/api/portraits/thumb/women/85.jpg'}, 'nat': 'IN'}</msg>
<arg>${json_data['results'][0]}</arg>
<doc>Logs the given message with the given level.</doc>
<status status="PASS" start="2024-04-30T13:14:54.197920" elapsed="0.000407"/>
</kw>
<kw name="Log" owner="BuiltIn">
<msg time="2024-04-30T13:14:54.198751" level="INFO">login</msg>
<arg>${key}</arg>
<doc>Logs the given message with the given level.</doc>
<status status="PASS" start="2024-04-30T13:14:54.198626" elapsed="0.000162"/>
</kw>
<var name="${key}">login</var>
<status status="PASS" start="2024-04-30T13:14:54.197092" elapsed="0.001928"/>
</iter>
<var>${key}</var>
<value>@{expected_keys}</value>
<status status="PASS" start="2024-04-30T13:14:54.188417" elapsed="0.010725"/>
</for>
<kw name="Create List" owner="BuiltIn">
<msg time="2024-04-30T13:14:54.199504" level="INFO">${expected_keysTwo} = ['username', 'password']</msg>
<var>${expected_keysTwo}</var>
<arg>username</arg>
<arg>password</arg>
<doc>Returns a list containing given items.</doc>
<status status="PASS" start="2024-04-30T13:14:54.199333" elapsed="0.000195"/>
</kw>
<for flavor="IN">
<iter>
<kw name="Dictionary Should Contain Key" owner="Collections">
<msg time="2024-04-30T13:14:54.200427" level="INFO">False</msg>
<arg>${json_data['results'][0]['login']}</arg>
<arg>${keyTwo}</arg>
<doc>Fails if ``key`` is not found from ``dictionary``.</doc>
<status status="PASS" start="2024-04-30T13:14:54.200027" elapsed="0.000437"/>
</kw>
<kw name="Dictionary Should Contain Key" owner="Collections">
<msg time="2024-04-30T13:14:54.201130" level="INFO">False</msg>
<arg>${json_data['results'][0]['login']}</arg>
<arg>${keyTwo}</arg>
<doc>Fails if ``key`` is not found from ``dictionary``.</doc>
<status status="PASS" start="2024-04-30T13:14:54.200753" elapsed="0.000413"/>
</kw>
<kw name="Log" owner="BuiltIn">
<msg time="2024-04-30T13:14:54.201586" level="INFO">username</msg>
<arg>${keyTwo}</arg>
<doc>Logs the given message with the given level.</doc>
<status status="PASS" start="2024-04-30T13:14:54.201453" elapsed="0.000189"/>
</kw>
<var name="${keyTwo}">username</var>
<status status="PASS" start="2024-04-30T13:14:54.199918" elapsed="0.001947"/>
</iter>
<iter>
<kw name="Dictionary Should Contain Key" owner="Collections">
<msg time="2024-04-30T13:14:54.202525" level="INFO">False</msg>
<arg>${json_data['results'][0]['login']}</arg>
<arg>${keyTwo}</arg>
<doc>Fails if ``key`` is not found from ``dictionary``.</doc>
<status status="PASS" start="2024-04-30T13:14:54.202145" elapsed="0.000417"/>
</kw>
<kw name="Dictionary Should Contain Key" owner="Collections">
<msg time="2024-04-30T13:14:54.203309" level="INFO">False</msg>
<arg>${json_data['results'][0]['login']}</arg>
<arg>${keyTwo}</arg>
<doc>Fails if ``key`` is not found from ``dictionary``.</doc>
<status status="PASS" start="2024-04-30T13:14:54.202850" elapsed="0.000527"/>
</kw>
<kw name="Log" owner="BuiltIn">
<msg time="2024-04-30T13:14:54.203888" level="INFO">password</msg>
<arg>${keyTwo}</arg>
<doc>Logs the given message with the given level.</doc>
<status status="PASS" start="2024-04-30T13:14:54.203721" elapsed="0.000206"/>
</kw>
<var name="${keyTwo}">password</var>
<status status="PASS" start="2024-04-30T13:14:54.202036" elapsed="0.002121"/>
</iter>
<var>${keyTwo}</var>
<value>@{expected_keysTwo}</value>
<status status="PASS" start="2024-04-30T13:14:54.199764" elapsed="0.004513"/>
</for>
<status status="PASS" start="2024-04-30T13:14:54.111287" elapsed="0.093141"/>
</kw>
<doc>Testa a estrutura da resposta da API.</doc>
<tag>testeEstruturaResposta</tag>
<status status="PASS" start="2024-04-30T13:14:54.110501" elapsed="0.094090"/>
</test>
<test id="s1-s1-t4" name="Validar tipos de dados" line="28">
<kw name="Teste de Tipos de Dados" owner="random-user-service">
<kw name="GET On Session" owner="RequestsLibrary">
<msg time="2024-04-30T13:14:54.290503" level="INFO">GET Request : url=https://randomuser.me/api 
 path_url=/api 
 headers={'User-Agent': 'python-requests/2.31.0', 'Accept-Encoding': 'gzip, deflate', 'Accept': '*/*', 'Connection': 'keep-alive'} 
 body=None 
 </msg>
<msg time="2024-04-30T13:14:54.290612" level="INFO">GET Response : url=https://randomuser.me/api 
 status=200, reason=OK 
 headers={'Date': 'Tue, 30 Apr 2024 13:14:54 GMT', 'Content-Type': 'application/json; charset=utf-8', 'Transfer-Encoding': 'chunked', 'Connection': 'keep-alive', 'X-Powered-By': 'Express', 'Access-Control-Allow-Origin': '*', 'Cache-Control': 'no-cache', 'ETag': 'W/"491-A9o0uu2vOccJsFxbhNc1BoWHiwM"', 'Vary': 'Accept-Encoding', 'Content-Encoding': 'gzip', 'CF-Cache-Status': 'DYNAMIC', 'Report-To': '{"endpoints":[{"url":"https:\\/\\/a.nel.cloudflare.com\\/report\\/v4?s=5ZhvUfoal3hL07%2B2sUkwURyynCngzt9g1pIgigD9WiH5CTzjfjJlknySc0sNRibd5%2Fedp7cAyAcczKPr9iAIz%2FYqSymgzVbsXXcjLpUkJLRM98iTNqU1YFiV3A5SqcUt"}],"group":"cf-nel","max_age":604800}', 'NEL': '{"success_fraction":0,"report_to":"cf-nel","max_age":604800}', 'Server': 'cloudflare', 'CF-RAY': '87c7cc28dc0261ca-ORD', 'alt-svc': 'h3=":443"; ma=86400'} 
 body={"results":[{"gender":"female","name":{"title":"Miss","first":"Sara","last":"Rendón"},"location":{"street":{"number":6106,"name":"Avenida Sur Guevara"},"city":"Jalapa (Xalapa)","state":"Baja California","country":"Mexico","postcode":61803,"coordinates":{"latitude":"28.1537","longitude":"43.9743"},"timezone":{"offset":"+3:30","description":"Tehran"}},"email":"sara.rendon@example.com","login":{"uuid":"eb099260-983f-4430-bd63-eb663b70d844","username":"browntiger759","password":"herbert","salt":"Fl8sobD2","md5":"95ef237c86b3eeb27e3613dd5953bacd","sha1":"b5dc7c1be61dead7cdcdfd9943110512b4807ee8","sha256":"7253901d3b1b4b931d5afac0c9bf74280e262f8932f921bf1139fe457347eec3"},"dob":{"date":"1969-05-05T13:34:44.325Z","age":54},"registered":{"date":"2010-05-03T19:18:19.352Z","age":13},"phone":"(664) 085 2204","cell":"(624) 357 8166","id":{"name":"NSS","value":"33 63 41 9921 9"},"picture":{"large":"https://randomuser.me/api/portraits/women/20.jpg","medium":"https://randomuser.me/api/portraits/med/women/20.jpg","thumbnail":"https://randomuser.me/api/portraits/thumb/women/20.jpg"},"nat":"MX"}],"info":{"seed":"c5bb3b798ad470ed","results":1,"page":1,"version":"1.4"}} 
 </msg>
<msg time="2024-04-30T13:14:54.290688" level="INFO">/opt/hostedtoolcache/Python/3.12.3/x64/lib/python3.12/site-packages/urllib3/connectionpool.py:1103: InsecureRequestWarning: Unverified HTTPS request is being made to host 'randomuser.me'. Adding certificate verification is strongly advised. See: https://urllib3.readthedocs.io/en/latest/advanced-usage.html#tls-warnings
  warnings.warn(</msg>
<msg time="2024-04-30T13:14:54.290812" level="INFO">${response} = &lt;Response [200]&gt;</msg>
<var>${response}</var>
<arg>consultarAPI</arg>
<arg>/api</arg>
<doc>Sends a GET request on a previously created HTTP Session.</doc>
<status status="PASS" start="2024-04-30T13:14:54.207173" elapsed="0.083679"/>
</kw>
<kw name="Set Variable" owner="BuiltIn">
<msg time="2024-04-30T13:14:54.292214" level="INFO">${json_data} = {'results': [{'gender': 'female', 'name': {'title': 'Miss', 'first': 'Sara', 'last': 'Rendón'}, 'location': {'street': {'number': 6106, 'name': 'Avenida Sur Guevara'}, 'city': 'Jalapa (Xalapa)', 'stat...</msg>
<var>${json_data}</var>
<arg>${response.json()}</arg>
<doc>Returns the given values which can then be assigned to a variables.</doc>
<status status="PASS" start="2024-04-30T13:14:54.291613" elapsed="0.000631"/>
</kw>
<kw name="Log" owner="BuiltIn">
<msg time="2024-04-30T13:14:54.292711" level="INFO">{'results': [{'gender': 'female', 'name': {'title': 'Miss', 'first': 'Sara', 'last': 'Rendón'}, 'location': {'street': {'number': 6106, 'name': 'Avenida Sur Guevara'}, 'city': 'Jalapa (Xalapa)', 'state': 'Baja California', 'country': 'Mexico', 'postcode': 61803, 'coordinates': {'latitude': '28.1537', 'longitude': '43.9743'}, 'timezone': {'offset': '+3:30', 'description': 'Tehran'}}, 'email': 'sara.rendon@example.com', 'login': {'uuid': 'eb099260-983f-4430-bd63-eb663b70d844', 'username': 'browntiger759', 'password': 'herbert', 'salt': 'Fl8sobD2', 'md5': '95ef237c86b3eeb27e3613dd5953bacd', 'sha1': 'b5dc7c1be61dead7cdcdfd9943110512b4807ee8', 'sha256': '7253901d3b1b4b931d5afac0c9bf74280e262f8932f921bf1139fe457347eec3'}, 'dob': {'date': '1969-05-05T13:34:44.325Z', 'age': 54}, 'registered': {'date': '2010-05-03T19:18:19.352Z', 'age': 13}, 'phone': '(664) 085 2204', 'cell': '(624) 357 8166', 'id': {'name': 'NSS', 'value': '33 63 41 9921 9'}, 'picture': {'large': 'https://randomuser.me/api/portraits/women/20.jpg', 'medium': 'https://randomuser.me/api/portraits/med/women/20.jpg', 'thumbnail': 'https://randomuser.me/api/portraits/thumb/women/20.jpg'}, 'nat': 'MX'}], 'info': {'seed': 'c5bb3b798ad470ed', 'results': 1, 'page': 1, 'version': '1.4'}}</msg>
<arg>${json_data}</arg>
<doc>Logs the given message with the given level.</doc>
<status status="PASS" start="2024-04-30T13:14:54.292552" elapsed="0.000249"/>
</kw>
<kw name="Should Be String" owner="String">
<arg>${json_data['results'][0]['gender']}</arg>
<doc>Fails if the given ``item`` is not a string.</doc>
<status status="PASS" start="2024-04-30T13:14:54.293102" elapsed="0.000360"/>
</kw>
<kw name="Should Match Regexp" owner="BuiltIn">
<arg>${json_data['results'][0]['email']}</arg>
<arg>^[a-zA-Z0-9._%+-]+@[a-zA-Z0-9.-]+\.[a-zA-Z]{2,}$</arg>
<doc>Fails if ``string`` does not match ``pattern`` as a regular expression.</doc>
<status status="PASS" start="2024-04-30T13:14:54.293653" elapsed="0.000525"/>
</kw>
<kw name="Should Match Regexp" owner="BuiltIn">
<arg>${json_data['results'][0]['dob']['date']}</arg>
<arg>\\d{4}-\\d{2}-\\d{2}T\\d{2}:\\d{2}:\\d{2}\\.\\d{3}Z</arg>
<doc>Fails if ``string`` does not match ``pattern`` as a regular expression.</doc>
<status status="PASS" start="2024-04-30T13:14:54.294373" elapsed="0.000488"/>
</kw>
<kw name="Should Match Regexp" owner="BuiltIn">
<arg>${json_data['results'][0]['registered']['date']}</arg>
<arg>\\d{4}-\\d{2}-\\d{2}T\\d{2}:\\d{2}:\\d{2}\\.\\d{3}Z</arg>
<doc>Fails if ``string`` does not match ``pattern`` as a regular expression.</doc>
<status status="PASS" start="2024-04-30T13:14:54.295051" elapsed="0.000408"/>
</kw>
<kw name="Should Match Regexp" owner="BuiltIn">
<arg>${json_data['results'][0]['picture']['large']}</arg>
<arg>^https?://.*\.(?:png|jpe?g|gif|bmp)$</arg>
<doc>Fails if ``string`` does not match ``pattern`` as a regular expression.</doc>
<status status="PASS" start="2024-04-30T13:14:54.295653" elapsed="0.000465"/>
</kw>
<kw name="Should Match Regexp" owner="BuiltIn">
<arg>${json_data['results'][0]['picture']['medium']}</arg>
<arg>^https?://.*\.(?:png|jpe?g|gif|bmp)$</arg>
<doc>Fails if ``string`` does not match ``pattern`` as a regular expression.</doc>
<status status="PASS" start="2024-04-30T13:14:54.296311" elapsed="0.000372"/>
</kw>
<kw name="Should Match Regexp" owner="BuiltIn">
<arg>${json_data['results'][0]['picture']['thumbnail']}</arg>
<arg>^https?://.*\.(?:png|jpe?g|gif|bmp)$</arg>
<doc>Fails if ``string`` does not match ``pattern`` as a regular expression.</doc>
<status status="PASS" start="2024-04-30T13:14:54.296871" elapsed="0.000348"/>
</kw>
<kw name="Log" owner="BuiltIn">
<msg time="2024-04-30T13:14:54.297724" level="INFO">{'large': 'https://randomuser.me/api/portraits/women/20.jpg', 'medium': 'https://randomuser.me/api/portraits/med/women/20.jpg', 'thumbnail': 'https://randomuser.me/api/portraits/thumb/women/20.jpg'}</msg>
<arg>${json_data['results'][0]['picture']}</arg>
<doc>Logs the given message with the given level.</doc>
<status status="PASS" start="2024-04-30T13:14:54.297396" elapsed="0.000370"/>
</kw>
<status status="PASS" start="2024-04-30T13:14:54.206947" elapsed="0.091075"/>
</kw>
<kw name="Teste de Tipos de Dados - Postcode" owner="random-user-service">
<kw name="GET On Session" owner="RequestsLibrary">
<msg time="2024-04-30T13:14:54.389227" level="INFO">GET Request : url=https://randomuser.me/api 
 path_url=/api 
 headers={'User-Agent': 'python-requests/2.31.0', 'Accept-Encoding': 'gzip, deflate', 'Accept': '*/*', 'Connection': 'keep-alive'} 
 body=None 
 </msg>
<msg time="2024-04-30T13:14:54.389339" level="INFO">GET Response : url=https://randomuser.me/api 
 status=200, reason=OK 
 headers={'Date': 'Tue, 30 Apr 2024 13:14:54 GMT', 'Content-Type': 'application/json; charset=utf-8', 'Transfer-Encoding': 'chunked', 'Connection': 'keep-alive', 'X-Powered-By': 'Express', 'Access-Control-Allow-Origin': '*', 'Cache-Control': 'no-cache', 'ETag': 'W/"47f-l4SQUBcCRP3SYb/REhjDVz4/v/s"', 'Vary': 'Accept-Encoding', 'Content-Encoding': 'gzip', 'CF-Cache-Status': 'DYNAMIC', 'Report-To': '{"endpoints":[{"url":"https:\\/\\/a.nel.cloudflare.com\\/report\\/v4?s=hT2hwVSCC9kj0K48%2BmxMAYmsY2DMA7ugDFMmldu0VWpIkbcFyEM1qmOBx3mxpPf3Jp8%2FnZfY3ryOyspsFi7bRXKjWmJVZmny5xHuuwkAG8dwHsos25vZ2NW0W3WO%2FwxK"}],"group":"cf-nel","max_age":604800}', 'NEL': '{"success_fraction":0,"report_to":"cf-nel","max_age":604800}', 'Server': 'cloudflare', 'CF-RAY': '87c7cc296cb461ca-ORD', 'alt-svc': 'h3=":443"; ma=86400'} 
 body={"results":[{"gender":"female","name":{"title":"Ms","first":"Iida","last":"Salminen"},"location":{"street":{"number":2099,"name":"Bulevardi"},"city":"Hollola","state":"Tavastia Proper","country":"Finland","postcode":28858,"coordinates":{"latitude":"-25.4172","longitude":"92.2855"},"timezone":{"offset":"+4:30","description":"Kabul"}},"email":"iida.salminen@example.com","login":{"uuid":"5dfa301e-3041-4ff9-853d-18af1cc358ea","username":"smallbutterfly583","password":"citizen","salt":"cqe78IVt","md5":"fee8b6d08f4c63408c2648b93111adbc","sha1":"b1c5f2872cc47e057103146d4261daca09e6ce41","sha256":"46ceee808c3d8377342e5afe19274beaddc4023d37f497dc16dd613b98ce1792"},"dob":{"date":"1980-03-15T02:53:53.315Z","age":44},"registered":{"date":"2022-03-10T12:11:34.586Z","age":2},"phone":"08-723-586","cell":"049-035-33-79","id":{"name":"HETU","value":"NaNNA864undefined"},"picture":{"large":"https://randomuser.me/api/portraits/women/9.jpg","medium":"https://randomuser.me/api/portraits/med/women/9.jpg","thumbnail":"https://randomuser.me/api/portraits/thumb/women/9.jpg"},"nat":"FI"}],"info":{"seed":"2eaed13bf31bc034","results":1,"page":1,"version":"1.4"}} 
 </msg>
<msg time="2024-04-30T13:14:54.389419" level="INFO">/opt/hostedtoolcache/Python/3.12.3/x64/lib/python3.12/site-packages/urllib3/connectionpool.py:1103: InsecureRequestWarning: Unverified HTTPS request is being made to host 'randomuser.me'. Adding certificate verification is strongly advised. See: https://urllib3.readthedocs.io/en/latest/advanced-usage.html#tls-warnings
  warnings.warn(</msg>
<msg time="2024-04-30T13:14:54.389563" level="INFO">${response} = &lt;Response [200]&gt;</msg>
<var>${response}</var>
<arg>consultarAPI</arg>
<arg>/api</arg>
<doc>Sends a GET request on a previously created HTTP Session.</doc>
<status status="PASS" start="2024-04-30T13:14:54.298493" elapsed="0.091129"/>
</kw>
<kw name="Set Variable" owner="BuiltIn">
<msg time="2024-04-30T13:14:54.390924" level="INFO">${json_data} = {'results': [{'gender': 'female', 'name': {'title': 'Ms', 'first': 'Iida', 'last': 'Salminen'}, 'location': {'street': {'number': 2099, 'name': 'Bulevardi'}, 'city': 'Hollola', 'state': 'Tavastia Prop...</msg>
<var>${json_data}</var>
<arg>${response.json()}</arg>
<doc>Returns the given values which can then be assigned to a variables.</doc>
<status status="PASS" start="2024-04-30T13:14:54.390314" elapsed="0.000638"/>
</kw>
<kw name="Log" owner="BuiltIn">
<msg time="2024-04-30T13:14:54.391480" level="INFO">{'results': [{'gender': 'female', 'name': {'title': 'Ms', 'first': 'Iida', 'last': 'Salminen'}, 'location': {'street': {'number': 2099, 'name': 'Bulevardi'}, 'city': 'Hollola', 'state': 'Tavastia Proper', 'country': 'Finland', 'postcode': 28858, 'coordinates': {'latitude': '-25.4172', 'longitude': '92.2855'}, 'timezone': {'offset': '+4:30', 'description': 'Kabul'}}, 'email': 'iida.salminen@example.com', 'login': {'uuid': '5dfa301e-3041-4ff9-853d-18af1cc358ea', 'username': 'smallbutterfly583', 'password': 'citizen', 'salt': 'cqe78IVt', 'md5': 'fee8b6d08f4c63408c2648b93111adbc', 'sha1': 'b1c5f2872cc47e057103146d4261daca09e6ce41', 'sha256': '46ceee808c3d8377342e5afe19274beaddc4023d37f497dc16dd613b98ce1792'}, 'dob': {'date': '1980-03-15T02:53:53.315Z', 'age': 44}, 'registered': {'date': '2022-03-10T12:11:34.586Z', 'age': 2}, 'phone': '08-723-586', 'cell': '049-035-33-79', 'id': {'name': 'HETU', 'value': 'NaNNA864undefined'}, 'picture': {'large': 'https://randomuser.me/api/portraits/women/9.jpg', 'medium': 'https://randomuser.me/api/portraits/med/women/9.jpg', 'thumbnail': 'https://randomuser.me/api/portraits/thumb/women/9.jpg'}, 'nat': 'FI'}], 'info': {'seed': '2eaed13bf31bc034', 'results': 1, 'page': 1, 'version': '1.4'}}</msg>
<arg>${json_data}</arg>
<doc>Logs the given message with the given level.</doc>
<status status="PASS" start="2024-04-30T13:14:54.391266" elapsed="0.000302"/>
</kw>
<kw name="Should Be Equal As Numbers" owner="BuiltIn">
<arg>${json_data['results'][0]['location']['postcode']}</arg>
<arg>${json_data['results'][0]['location']['postcode']}</arg>
<doc>Fails if objects are unequal after converting them to real numbers.</doc>
<status status="PASS" start="2024-04-30T13:14:54.391873" elapsed="0.000807"/>
</kw>
<kw name="Log" owner="BuiltIn">
<msg time="2024-04-30T13:14:54.393209" level="INFO">28858</msg>
<arg>${json_data['results'][0]['location']['postcode']}</arg>
<doc>Logs the given message with the given level.</doc>
<status status="PASS" start="2024-04-30T13:14:54.392876" elapsed="0.000374"/>
</kw>
<status status="PASS" start="2024-04-30T13:14:54.298255" elapsed="0.095247"/>
</kw>
<doc>Testa se os tipos de dados na resposta da API estão corretos.</doc>
<tag>testeTiposDados</tag>
<status status="PASS" start="2024-04-30T13:14:54.206375" elapsed="0.187296"/>
</test>
<test id="s1-s1-t5" name="Validar conteudo" line="35">
<kw name="Teste de Tipos de Conteudo" owner="random-user-service">
<kw name="GET On Session" owner="RequestsLibrary">
<msg time="2024-04-30T13:14:54.486017" level="INFO">GET Request : url=https://randomuser.me/api 
 path_url=/api 
 headers={'User-Agent': 'python-requests/2.31.0', 'Accept-Encoding': 'gzip, deflate', 'Accept': '*/*', 'Connection': 'keep-alive'} 
 body=None 
 </msg>
<msg time="2024-04-30T13:14:54.486120" level="INFO">GET Response : url=https://randomuser.me/api 
 status=200, reason=OK 
 headers={'Date': 'Tue, 30 Apr 2024 13:14:54 GMT', 'Content-Type': 'application/json; charset=utf-8', 'Transfer-Encoding': 'chunked', 'Connection': 'keep-alive', 'X-Powered-By': 'Express', 'Access-Control-Allow-Origin': '*', 'Cache-Control': 'no-cache', 'ETag': 'W/"48a-GK9wif/Z8rovkn9IBycty0zpJ6U"', 'Vary': 'Accept-Encoding', 'Content-Encoding': 'gzip', 'CF-Cache-Status': 'DYNAMIC', 'Report-To': '{"endpoints":[{"url":"https:\\/\\/a.nel.cloudflare.com\\/report\\/v4?s=r0P%2FYiANz5HgZqo2qGRyaOuZyfh8vGFDJMbTZSdid7i4fQm0ALRh0NrZzsL6KXvjFVQlXFdUnEjwZegSBqqk0SHEk8bHdUpr8mvkmktxbO%2BhxZdDOWe%2BC2cZwhclHSJU"}],"group":"cf-nel","max_age":604800}', 'NEL': '{"success_fraction":0,"report_to":"cf-nel","max_age":604800}', 'Server': 'cloudflare', 'CF-RAY': '87c7cc2a0d5861ca-ORD', 'alt-svc': 'h3=":443"; ma=86400'} 
 body={"results":[{"gender":"female","name":{"title":"Ms","first":"Meral","last":"Kahveci"},"location":{"street":{"number":9094,"name":"Atatürk Sk"},"city":"Sakarya","state":"Sakarya","country":"Turkey","postcode":61183,"coordinates":{"latitude":"70.8490","longitude":"169.6264"},"timezone":{"offset":"+8:00","description":"Beijing, Perth, Singapore, Hong Kong"}},"email":"meral.kahveci@example.com","login":{"uuid":"a7bde0aa-9103-47ec-b853-65e0e14cd375","username":"bluegorilla394","password":"duckman","salt":"hcmB4WDF","md5":"bdf75c4e532366a6d2d610cb317ea71a","sha1":"8ca20288c89a7ff5350b6170d5db6b585742eb1c","sha256":"65e0f715359849620d2501daaf0d368d30cc23eb5c5ba2fbe02dba55c03ca91f"},"dob":{"date":"1995-12-14T17:14:05.826Z","age":28},"registered":{"date":"2002-10-09T23:16:55.715Z","age":21},"phone":"(027)-814-3527","cell":"(139)-568-4492","id":{"name":"","value":null},"picture":{"large":"https://randomuser.me/api/portraits/women/87.jpg","medium":"https://randomuser.me/api/portraits/med/women/87.jpg","thumbnail":"https://randomuser.me/api/portraits/thumb/women/87.jpg"},"nat":"TR"}],"info":{"seed":"c58ffdeb049495c8","results":1,"page":1,"version":"1.4"}} 
 </msg>
<msg time="2024-04-30T13:14:54.486199" level="INFO">/opt/hostedtoolcache/Python/3.12.3/x64/lib/python3.12/site-packages/urllib3/connectionpool.py:1103: InsecureRequestWarning: Unverified HTTPS request is being made to host 'randomuser.me'. Adding certificate verification is strongly advised. See: https://urllib3.readthedocs.io/en/latest/advanced-usage.html#tls-warnings
  warnings.warn(</msg>
<msg time="2024-04-30T13:14:54.486330" level="INFO">${response} = &lt;Response [200]&gt;</msg>
<var>${response}</var>
<arg>consultarAPI</arg>
<arg>/api</arg>
<doc>Sends a GET request on a previously created HTTP Session.</doc>
<status status="PASS" start="2024-04-30T13:14:54.396243" elapsed="0.090137"/>
</kw>
<kw name="Set Variable" owner="BuiltIn">
<msg time="2024-04-30T13:14:54.487708" level="INFO">${json_data} = {'results': [{'gender': 'female', 'name': {'title': 'Ms', 'first': 'Meral', 'last': 'Kahveci'}, 'location': {'street': {'number': 9094, 'name': 'Atatürk Sk'}, 'city': 'Sakarya', 'state': 'Sakarya', 'c...</msg>
<var>${json_data}</var>
<arg>${response.json()}</arg>
<doc>Returns the given values which can then be assigned to a variables.</doc>
<status status="PASS" start="2024-04-30T13:14:54.487066" elapsed="0.000671"/>
</kw>
<kw name="Set Variable" owner="BuiltIn">
<msg time="2024-04-30T13:14:54.488442" level="INFO">${name_title} = Ms</msg>
<var>${name_title}</var>
<arg>${json_data["results"][0]["name"]["title"]}</arg>
<doc>Returns the given values which can then be assigned to a variables.</doc>
<status status="PASS" start="2024-04-30T13:14:54.488051" elapsed="0.000416"/>
</kw>
<kw name="Create List" owner="BuiltIn">
<msg time="2024-04-30T13:14:54.488913" level="INFO">${allowed_titles} = ['Mr', 'Ms', 'Miss', 'Mrs', 'Madame', 'Monsieur']</msg>
<var>${allowed_titles}</var>
<arg>Mr</arg>
<arg>Ms</arg>
<arg>Miss</arg>
<arg>Mrs</arg>
<arg>Madame</arg>
<arg>Monsieur</arg>
<doc>Returns a list containing given items.</doc>
<status status="PASS" start="2024-04-30T13:14:54.488765" elapsed="0.000172"/>
</kw>
<kw name="List Should Contain Value" owner="Collections">
<msg time="2024-04-30T13:14:54.489410" level="INFO">False</msg>
<arg>${allowed_titles}</arg>
<arg>${name_title}</arg>
<doc>Fails if the ``value`` is not found from ``list``.</doc>
<status status="PASS" start="2024-04-30T13:14:54.489236" elapsed="0.000209"/>
</kw>
<kw name="Set Variable" owner="BuiltIn">
<msg time="2024-04-30T13:14:54.490116" level="INFO">${name_country} = TR</msg>
<var>${name_country}</var>
<arg>${json_data["results"][0]["nat"]}</arg>
<doc>Returns the given values which can then be assigned to a variables.</doc>
<status status="PASS" start="2024-04-30T13:14:54.489732" elapsed="0.000408"/>
</kw>
<kw name="Create List" owner="BuiltIn">
<msg time="2024-04-30T13:14:54.491024" level="INFO">${list_country} = ['AD', 'AE', 'AF', 'AG', 'AI', 'AL', 'AM', 'AO', 'AQ', 'AR', 'AS', 'AT', 'AU', 'AW', 'AX', 'AZ', 'BA', 'BB', 'BD', 'BE', 'BF', 'BG', 'BH', 'BI', 'BJ', 'BL', 'BM', 'BN', 'BO', 'BQ', 'BR', 'BS', 'BT', '...</msg>
<var>${list_country}</var>
<arg>AD</arg>
<arg>AE</arg>
<arg>AF</arg>
<arg>AG</arg>
<arg>AI</arg>
<arg>AL</arg>
<arg>AM</arg>
<arg>AO</arg>
<arg>AQ</arg>
<arg>AR</arg>
<arg>AS</arg>
<arg>AT</arg>
<arg>AU</arg>
<arg>AW</arg>
<arg>AX</arg>
<arg>AZ</arg>
<arg>BA</arg>
<arg>BB</arg>
<arg>BD</arg>
<arg>BE</arg>
<arg>BF</arg>
<arg>BG</arg>
<arg>BH</arg>
<arg>BI</arg>
<arg>BJ</arg>
<arg>BL</arg>
<arg>BM</arg>
<arg>BN</arg>
<arg>BO</arg>
<arg>BQ</arg>
<arg>BR</arg>
<arg>BS</arg>
<arg>BT</arg>
<arg>BV</arg>
<arg>BW</arg>
<arg>BY</arg>
<arg>BZ</arg>
<arg>CA</arg>
<arg>CC</arg>
<arg>CD</arg>
<arg>CF</arg>
<arg>CG</arg>
<arg>CH</arg>
<arg>CI</arg>
<arg>CK</arg>
<arg>CL</arg>
<arg>CM</arg>
<arg>CN</arg>
<arg>CO</arg>
<arg>CR</arg>
<arg>CU</arg>
<arg>CV</arg>
<arg>CW</arg>
<arg>CX</arg>
<arg>CY</arg>
<arg>CZ</arg>
<arg>DE</arg>
<arg>DJ</arg>
<arg>DK</arg>
<arg>DM</arg>
<arg>DO</arg>
<arg>DZ</arg>
<arg>EC</arg>
<arg>EE</arg>
<arg>EG</arg>
<arg>EH</arg>
<arg>ER</arg>
<arg>ES</arg>
<arg>ET</arg>
<arg>FI</arg>
<arg>FJ</arg>
<arg>FK</arg>
<arg>FM</arg>
<arg>FO</arg>
<arg>FR</arg>
<arg>GA</arg>
<arg>GB</arg>
<arg>GD</arg>
<arg>GE</arg>
<arg>GF</arg>
<arg>GG</arg>
<arg>GH</arg>
<arg>GI</arg>
<arg>GL</arg>
<arg>GM</arg>
<arg>GN</arg>
<arg>GP</arg>
<arg>GQ</arg>
<arg>GR</arg>
<arg>GS</arg>
<arg>GT</arg>
<arg>GU</arg>
<arg>GW</arg>
<arg>GY</arg>
<arg>HK</arg>
<arg>HM</arg>
<arg>HN</arg>
<arg>HR</arg>
<arg>HT</arg>
<arg>HU</arg>
<arg>ID</arg>
<arg>IE</arg>
<arg>IL</arg>
<arg>IM</arg>
<arg>IN</arg>
<arg>IO</arg>
<arg>IQ</arg>
<arg>IR</arg>
<arg>IS</arg>
<arg>IT</arg>
<arg>JE</arg>
<arg>JM</arg>
<arg>JO</arg>
<arg>JP</arg>
<arg>KE</arg>
<arg>KG</arg>
<arg>KH</arg>
<arg>KI</arg>
<arg>KM</arg>
<arg>KN</arg>
<arg>KP</arg>
<arg>KR</arg>
<arg>KW</arg>
<arg>KY</arg>
<arg>KZ</arg>
<arg>LA</arg>
<arg>LB</arg>
<arg>LC</arg>
<arg>LI</arg>
<arg>LK</arg>
<arg>LR</arg>
<arg>LS</arg>
<arg>LT</arg>
<arg>LU</arg>
<arg>LV</arg>
<arg>LY</arg>
<arg>MA</arg>
<arg>MC</arg>
<arg>MD</arg>
<arg>ME</arg>
<arg>MF</arg>
<arg>MG</arg>
<arg>MH</arg>
<arg>MK</arg>
<arg>ML</arg>
<arg>MM</arg>
<arg>MN</arg>
<arg>MO</arg>
<arg>MP</arg>
<arg>MQ</arg>
<arg>MR</arg>
<arg>MS</arg>
<arg>MT</arg>
<arg>MU</arg>
<arg>MV</arg>
<arg>MW</arg>
<arg>MX</arg>
<arg>MY</arg>
<arg>MZ</arg>
<arg>NA</arg>
<arg>NC</arg>
<arg>NE</arg>
<arg>NF</arg>
<arg>NG</arg>
<arg>NI</arg>
<arg>NL</arg>
<arg>NO</arg>
<arg>NP</arg>
<arg>NR</arg>
<arg>NU</arg>
<arg>NZ</arg>
<arg>OM</arg>
<arg>PA</arg>
<arg>PE</arg>
<arg>PF</arg>
<arg>PG</arg>
<arg>PH</arg>
<arg>PK</arg>
<arg>PL</arg>
<arg>PM</arg>
<arg>PN</arg>
<arg>PR</arg>
<arg>PS</arg>
<arg>PT</arg>
<arg>PW</arg>
<arg>PY</arg>
<arg>QA</arg>
<arg>RE</arg>
<arg>RO</arg>
<arg>RS</arg>
<arg>RU</arg>
<arg>RW</arg>
<arg>SA</arg>
<arg>SB</arg>
<arg>SC</arg>
<arg>SD</arg>
<arg>SE</arg>
<arg>SG</arg>
<arg>SH</arg>
<arg>SI</arg>
<arg>SJ</arg>
<arg>SK</arg>
<arg>SL</arg>
<arg>SM</arg>
<arg>SN</arg>
<arg>SO</arg>
<arg>SR</arg>
<arg>SS</arg>
<arg>ST</arg>
<arg>SV</arg>
<arg>SX</arg>
<arg>SY</arg>
<arg>SZ</arg>
<arg>TC</arg>
<arg>TD</arg>
<arg>TF</arg>
<arg>TG</arg>
<arg>TH</arg>
<arg>TJ</arg>
<arg>TK</arg>
<arg>TL</arg>
<arg>TM</arg>
<arg>TN</arg>
<arg>TO</arg>
<arg>TR</arg>
<arg>TT</arg>
<arg>TV</arg>
<arg>TW</arg>
<arg>TZ</arg>
<arg>UA</arg>
<arg>UG</arg>
<arg>UM</arg>
<arg>US</arg>
<arg>UY</arg>
<arg>UZ</arg>
<arg>VA</arg>
<arg>VC</arg>
<arg>VE</arg>
<arg>VG</arg>
<arg>VI</arg>
<arg>VN</arg>
<arg>VU</arg>
<arg>WF</arg>
<arg>WS</arg>
<arg>XK</arg>
<arg>YE</arg>
<arg>YT</arg>
<arg>ZA</arg>
<arg>ZM</arg>
<arg>ZW</arg>
<doc>Returns a list containing given items.</doc>
<status status="PASS" start="2024-04-30T13:14:54.490438" elapsed="0.000610"/>
</kw>
<kw name="List Should Contain Value" owner="Collections">
<msg time="2024-04-30T13:14:54.492081" level="INFO">False</msg>
<arg>${list_country}</arg>
<arg>${name_country}</arg>
<doc>Fails if the ``value`` is not found from ``list``.</doc>
<status status="PASS" start="2024-04-30T13:14:54.491877" elapsed="0.000241"/>
</kw>
<kw name="Run Keyword If" owner="BuiltIn">
<kw name="Should Be True" owner="BuiltIn">
<arg>${True}</arg>
<doc>Fails if the given condition is not true.</doc>
<status status="PASS" start="2024-04-30T13:14:54.493200" elapsed="0.000144"/>
</kw>
<arg>${json_data["results"][0]["location"]["coordinates"]["latitude"]} &gt;= -90 and ${json_data["results"][0]["location"]["coordinates"]["latitude"]} &lt;= 90</arg>
<arg>Should Be True</arg>
<arg>${True}</arg>
<doc>Runs the given keyword with the given arguments, if ``condition`` is true.</doc>
<status status="PASS" start="2024-04-30T13:14:54.492441" elapsed="0.001030"/>
</kw>
<kw name="Run Keyword If" owner="BuiltIn">
<kw name="Should Be True" owner="BuiltIn">
<arg>${True}</arg>
<doc>Fails if the given condition is not true.</doc>
<status status="PASS" start="2024-04-30T13:14:54.494356" elapsed="0.000255"/>
</kw>
<arg>${json_data["results"][0]["location"]["coordinates"]["longitude"]} &gt;= -180 and ${json_data["results"][0]["location"]["coordinates"]["longitude"]} &lt;= 180</arg>
<arg>Should Be True</arg>
<arg>${True}</arg>
<doc>Runs the given keyword with the given arguments, if ``condition`` is true.</doc>
<status status="PASS" start="2024-04-30T13:14:54.493656" elapsed="0.001081"/>
</kw>
<status status="PASS" start="2024-04-30T13:14:54.396018" elapsed="0.098852"/>
</kw>
<doc>Testa o conteúdo específico dos campos retornados pela API.</doc>
<tag>testeConteudo</tag>
<status status="PASS" start="2024-04-30T13:14:54.395468" elapsed="0.099557"/>
</test>
<status status="PASS" start="2024-04-30T13:14:53.501049" elapsed="0.996030"/>
</suite>
<status status="PASS" start="2024-04-30T13:14:53.487623" elapsed="1.014753"/>
</suite>
<statistics>
<total>
<stat pass="5" fail="0" skip="0">All Tests</stat>
</total>
<tag>
<stat pass="1" fail="0" skip="0">testeConteudo</stat>
<stat pass="1" fail="0" skip="0">testeEstruturaResposta</stat>
<stat pass="1" fail="0" skip="0">testeRequisicaoBasica</stat>
<stat pass="1" fail="0" skip="0">testeTiposDados</stat>
</tag>
<suite>
<stat pass="5" fail="0" skip="0" id="s1" name="Tests">Tests</stat>
<stat pass="5" fail="0" skip="0" id="s1-s1" name="Random-User-Test">Tests.Random-User-Test</stat>
</suite>
</statistics>
<errors>
</errors>
</robot>
