<?xml version="1.0" encoding="UTF-8"?>
<robot generator="Robot 7.0.1 (Python 3.12.4 on linux)" generated="2024-07-23T06:21:35.846978" rpa="false" schemaversion="5">
<suite id="s1" name="Tests" source="/home/runner/work/ApiRandomUser/ApiRandomUser/RamdonUser/tests">
<suite id="s1-s1" name="Random-User-Test" source="/home/runner/work/ApiRandomUser/ApiRandomUser/RamdonUser/tests/random-user-test.robot">
<test id="s1-s1-t1" name="Conectar" line="13">
<kw name="Conectar API" owner="random-user-service">
<kw name="Create Session" owner="RequestsLibrary">
<msg time="2024-07-23T06:21:36.239929" level="INFO">Creating Session using : alias=consultarAPI, url=https://randomuser.me/, headers={},                     cookies={}, auth=None, timeout=None, proxies=None, verify=False,                     debug=0 </msg>
<arg>consultarAPI</arg>
<arg>${URL}</arg>
<doc>Create Session: create a HTTP session to a server</doc>
<status status="PASS" start="2024-07-23T06:21:36.239730" elapsed="0.000383"/>
</kw>
<status status="PASS" start="2024-07-23T06:21:36.238689" elapsed="0.001780"/>
</kw>
<status status="PASS" start="2024-07-23T06:21:36.238085" elapsed="0.002577"/>
</test>
<test id="s1-s1-t2" name="Validar retorno 200 e JSON Válido" line="16">
<kw name="Teste de Requisicao Basica" owner="random-user-service">
<kw name="GET On Session" owner="RequestsLibrary">
<msg time="2024-07-23T06:21:36.479096" level="INFO">GET Request : url=https://randomuser.me/api 
 path_url=/api 
 headers={'User-Agent': 'python-requests/2.32.3', 'Accept-Encoding': 'gzip, deflate', 'Accept': '*/*', 'Connection': 'keep-alive'} 
 body=None 
 </msg>
<msg time="2024-07-23T06:21:36.479261" level="INFO">GET Response : url=https://randomuser.me/api 
 status=200, reason=OK 
 headers={'Date': 'Tue, 23 Jul 2024 06:21:36 GMT', 'Content-Type': 'application/json; charset=utf-8', 'Transfer-Encoding': 'chunked', 'Connection': 'keep-alive', 'X-Powered-By': 'Express', 'Access-Control-Allow-Origin': '*', 'Cache-Control': 'no-cache', 'ETag': 'W/"491-pXbnPpSjygPdNvlClcQVxT2V3ac"', 'Vary': 'Accept-Encoding', 'Content-Encoding': 'gzip', 'CF-Cache-Status': 'DYNAMIC', 'Report-To': '{"endpoints":[{"url":"https:\\/\\/a.nel.cloudflare.com\\/report\\/v4?s=q54Mmgjs%2BiTcY1FRrTdAKVpZbMu7RdI8jJFwzkU2s0i6idySgFFlY1PJDACJ8zI2SafpAQb0oZ0h44uwLzpX2XG%2Femij%2Bme8Gg6EimbcwbtYF365rLQ3TLyFLpq3kA5B"}],"group":"cf-nel","max_age":604800}', 'NEL': '{"success_fraction":0,"report_to":"cf-nel","max_age":604800}', 'Server': 'cloudflare', 'CF-RAY': '8a79923eced40819-IAD', 'alt-svc': 'h3=":443"; ma=86400'} 
 body={"results":[{"gender":"female","name":{"title":"Ms","first":"Sara","last":"Gallardo"},"location":{"street":{"number":6844,"name":"Avenida de Burgos"},"city":"Palma de Mallorca","state":"La Rioja","country":"Spain","postcode":84613,"coordinates":{"latitude":"-36.9176","longitude":"157.9664"},"timezone":{"offset":"+7:00","description":"Bangkok, Hanoi, Jakarta"}},"email":"sara.gallardo@example.com","login":{"uuid":"d4fca1ab-dcdb-4f90-8154-cc3c6be373b6","username":"crazyrabbit788","password":"filthy","salt":"V2Q8Kcrf","md5":"ad47ca96c3eaa78cea3c89d67d2ba7ee","sha1":"668104e181d80ff2c96e06a159e42c00e2c3e5fe","sha256":"dc937b45a5eca63668091c50f10e8b1ae9fed579ebbd1d3bce2b3390edea0c17"},"dob":{"date":"1955-11-18T11:38:36.174Z","age":68},"registered":{"date":"2017-11-29T07:09:05.814Z","age":6},"phone":"968-242-731","cell":"654-860-459","id":{"name":"DNI","value":"40904958-P"},"picture":{"large":"https://randomuser.me/api/portraits/women/38.jpg","medium":"https://randomuser.me/api/portraits/med/women/38.jpg","thumbnail":"https://randomuser.me/api/portraits/thumb/women/38.jpg"},"nat":"ES"}],"info":{"seed":"a31da2186d6bd682","results":1,"page":1,"version":"1.4"}} 
 </msg>
<msg time="2024-07-23T06:21:36.479338" level="INFO">/opt/hostedtoolcache/Python/3.12.4/x64/lib/python3.12/site-packages/urllib3/connectionpool.py:1099: InsecureRequestWarning: Unverified HTTPS request is being made to host 'randomuser.me'. Adding certificate verification is strongly advised. See: https://urllib3.readthedocs.io/en/latest/advanced-usage.html#tls-warnings
  warnings.warn(</msg>
<msg time="2024-07-23T06:21:36.479542" level="INFO">${response} = &lt;Response [200]&gt;</msg>
<var>${response}</var>
<arg>consultarAPI</arg>
<arg>/api</arg>
<doc>Sends a GET request on a previously created HTTP Session.</doc>
<status status="PASS" start="2024-07-23T06:21:36.243422" elapsed="0.236161"/>
</kw>
<kw name="Should Be Equal As Numbers" owner="BuiltIn">
<msg time="2024-07-23T06:21:36.480527" level="INFO">Argument types are:
&lt;class 'int'&gt;
&lt;class 'str'&gt;</msg>
<arg>${response.status_code}</arg>
<arg>200</arg>
<doc>Fails if objects are unequal after converting them to real numbers.</doc>
<status status="PASS" start="2024-07-23T06:21:36.480078" elapsed="0.000514"/>
</kw>
<kw name="Log" owner="BuiltIn">
<msg time="2024-07-23T06:21:36.481263" level="INFO">200</msg>
<arg>${response.status_code}</arg>
<doc>Logs the given message with the given level.</doc>
<status status="PASS" start="2024-07-23T06:21:36.480901" elapsed="0.000404"/>
</kw>
<kw name="Set Variable" owner="BuiltIn">
<msg time="2024-07-23T06:21:36.482063" level="INFO">${json_data} = {'results': [{'gender': 'female', 'name': {'title': 'Ms', 'first': 'Sara', 'last': 'Gallardo'}, 'location': {'street': {'number': 6844, 'name': 'Avenida de Burgos'}, 'city': 'Palma de Mallorca', 'stat...</msg>
<var>${json_data}</var>
<arg>${response.json()}</arg>
<doc>Returns the given values which can then be assigned to a variables.</doc>
<status status="PASS" start="2024-07-23T06:21:36.481606" elapsed="0.000487"/>
</kw>
<kw name="Dictionary Should Contain Key" owner="Collections">
<arg>${json_data}</arg>
<arg>results</arg>
<doc>Fails if ``key`` is not found from ``dictionary``.</doc>
<status status="PASS" start="2024-07-23T06:21:36.482395" elapsed="0.000314"/>
</kw>
<status status="PASS" start="2024-07-23T06:21:36.243177" elapsed="0.239682"/>
</kw>
<doc>Testa se a API responde corretamente e retorna um objeto JSON válido.</doc>
<tag>testeRequisicaoBasica</tag>
<status status="PASS" start="2024-07-23T06:21:36.242629" elapsed="0.240401"/>
</test>
<test id="s1-s1-t3" name="Validar estrutura de resposta" line="22">
<kw name="Teste de Estrutura de Resposta" owner="random-user-service">
<kw name="GET On Session" owner="RequestsLibrary">
<msg time="2024-07-23T06:21:36.587286" level="INFO">GET Request : url=https://randomuser.me/api 
 path_url=/api 
 headers={'User-Agent': 'python-requests/2.32.3', 'Accept-Encoding': 'gzip, deflate', 'Accept': '*/*', 'Connection': 'keep-alive'} 
 body=None 
 </msg>
<msg time="2024-07-23T06:21:36.587380" level="INFO">GET Response : url=https://randomuser.me/api 
 status=200, reason=OK 
 headers={'Date': 'Tue, 23 Jul 2024 06:21:36 GMT', 'Content-Type': 'application/json; charset=utf-8', 'Transfer-Encoding': 'chunked', 'Connection': 'keep-alive', 'X-Powered-By': 'Express', 'Access-Control-Allow-Origin': '*', 'Cache-Control': 'no-cache', 'ETag': 'W/"48c-nb3sCmcEpgMKE/4bFbihqYRTnW4"', 'Vary': 'Accept-Encoding', 'Content-Encoding': 'gzip', 'CF-Cache-Status': 'DYNAMIC', 'Report-To': '{"endpoints":[{"url":"https:\\/\\/a.nel.cloudflare.com\\/report\\/v4?s=j0saZqZtN1cGVU2qLo03y%2BSD%2FTqbWjwjps7VwJab%2B6uwHzuoqMnUvfNefd%2BaYtDOtvM2bOJzGSApaxIJvsXmqUcIsdJNEFVvm%2Fjqo%2F6gSxC62f4BBdaTtJmnzhm28z2G"}],"group":"cf-nel","max_age":604800}', 'NEL': '{"success_fraction":0,"report_to":"cf-nel","max_age":604800}', 'Server': 'cloudflare', 'CF-RAY': '8a79923f1f020819-IAD', 'alt-svc': 'h3=":443"; ma=86400'} 
 body={"results":[{"gender":"female","name":{"title":"Miss","first":"Norma","last":"Zapata"},"location":{"street":{"number":1955,"name":"Circuito Norte Haro"},"city":"Tixkokob","state":"Queretaro","country":"Mexico","postcode":49647,"coordinates":{"latitude":"24.3247","longitude":"159.1893"},"timezone":{"offset":"-2:00","description":"Mid-Atlantic"}},"email":"norma.zapata@example.com","login":{"uuid":"cf1535ea-73f9-41cd-8892-771a33551ab1","username":"bigladybug549","password":"megatron","salt":"p0KgW1FG","md5":"b3598f94ef83d43d5e7ac17a01a5eb8d","sha1":"5eb5edd09a23fa56573011f38798d06e74dd76bc","sha256":"766615c0e1280fb5cc52de5f7bc47dd605b41d952156bfde0b926c5b6bffa890"},"dob":{"date":"1948-12-29T20:43:43.542Z","age":75},"registered":{"date":"2015-04-13T19:16:19.237Z","age":9},"phone":"(623) 316 6006","cell":"(662) 413 6741","id":{"name":"NSS","value":"58 44 77 1452 6"},"picture":{"large":"https://randomuser.me/api/portraits/women/20.jpg","medium":"https://randomuser.me/api/portraits/med/women/20.jpg","thumbnail":"https://randomuser.me/api/portraits/thumb/women/20.jpg"},"nat":"MX"}],"info":{"seed":"db1f2214ee8a4abf","results":1,"page":1,"version":"1.4"}} 
 </msg>
<msg time="2024-07-23T06:21:36.587496" level="INFO">/opt/hostedtoolcache/Python/3.12.4/x64/lib/python3.12/site-packages/urllib3/connectionpool.py:1099: InsecureRequestWarning: Unverified HTTPS request is being made to host 'randomuser.me'. Adding certificate verification is strongly advised. See: https://urllib3.readthedocs.io/en/latest/advanced-usage.html#tls-warnings
  warnings.warn(</msg>
<msg time="2024-07-23T06:21:36.587639" level="INFO">${response} = &lt;Response [200]&gt;</msg>
<var>${response}</var>
<arg>consultarAPI</arg>
<arg>/api</arg>
<doc>Sends a GET request on a previously created HTTP Session.</doc>
<status status="PASS" start="2024-07-23T06:21:36.486328" elapsed="0.101358"/>
</kw>
<kw name="Set Variable" owner="BuiltIn">
<msg time="2024-07-23T06:21:36.588677" level="INFO">${json_data} = {'results': [{'gender': 'female', 'name': {'title': 'Miss', 'first': 'Norma', 'last': 'Zapata'}, 'location': {'street': {'number': 1955, 'name': 'Circuito Norte Haro'}, 'city': 'Tixkokob', 'state': 'Q...</msg>
<var>${json_data}</var>
<arg>${response.json()}</arg>
<doc>Returns the given values which can then be assigned to a variables.</doc>
<status status="PASS" start="2024-07-23T06:21:36.588150" elapsed="0.000555"/>
</kw>
<kw name="Log" owner="BuiltIn">
<msg time="2024-07-23T06:21:36.589199" level="INFO">{'results': [{'gender': 'female', 'name': {'title': 'Miss', 'first': 'Norma', 'last': 'Zapata'}, 'location': {'street': {'number': 1955, 'name': 'Circuito Norte Haro'}, 'city': 'Tixkokob', 'state': 'Queretaro', 'country': 'Mexico', 'postcode': 49647, 'coordinates': {'latitude': '24.3247', 'longitude': '159.1893'}, 'timezone': {'offset': '-2:00', 'description': 'Mid-Atlantic'}}, 'email': 'norma.zapata@example.com', 'login': {'uuid': 'cf1535ea-73f9-41cd-8892-771a33551ab1', 'username': 'bigladybug549', 'password': 'megatron', 'salt': 'p0KgW1FG', 'md5': 'b3598f94ef83d43d5e7ac17a01a5eb8d', 'sha1': '5eb5edd09a23fa56573011f38798d06e74dd76bc', 'sha256': '766615c0e1280fb5cc52de5f7bc47dd605b41d952156bfde0b926c5b6bffa890'}, 'dob': {'date': '1948-12-29T20:43:43.542Z', 'age': 75}, 'registered': {'date': '2015-04-13T19:16:19.237Z', 'age': 9}, 'phone': '(623) 316 6006', 'cell': '(662) 413 6741', 'id': {'name': 'NSS', 'value': '58 44 77 1452 6'}, 'picture': {'large': 'https://randomuser.me/api/portraits/women/20.jpg', 'medium': 'https://randomuser.me/api/portraits/med/women/20.jpg', 'thumbnail': 'https://randomuser.me/api/portraits/thumb/women/20.jpg'}, 'nat': 'MX'}], 'info': {'seed': 'db1f2214ee8a4abf', 'results': 1, 'page': 1, 'version': '1.4'}}</msg>
<arg>${json_data}</arg>
<doc>Logs the given message with the given level.</doc>
<status status="PASS" start="2024-07-23T06:21:36.589028" elapsed="0.000221"/>
</kw>
<kw name="Dictionary Should Contain Key" owner="Collections">
<arg>${json_data}</arg>
<arg>results</arg>
<doc>Fails if ``key`` is not found from ``dictionary``.</doc>
<status status="PASS" start="2024-07-23T06:21:36.589547" elapsed="0.000166"/>
</kw>
<kw name="Should Not Be Empty" owner="BuiltIn">
<msg time="2024-07-23T06:21:36.590081" level="INFO">Length is 2.</msg>
<arg>${json_data}</arg>
<doc>Verifies that the given item is not empty.</doc>
<status status="PASS" start="2024-07-23T06:21:36.589901" elapsed="0.000221"/>
</kw>
<kw name="Create List" owner="BuiltIn">
<msg time="2024-07-23T06:21:36.590573" level="INFO">${expected_keys} = ['gender', 'name', 'location', 'email', 'login']</msg>
<var>${expected_keys}</var>
<arg>gender</arg>
<arg>name</arg>
<arg>location</arg>
<arg>email</arg>
<arg>login</arg>
<doc>Returns a list containing given items.</doc>
<status status="PASS" start="2024-07-23T06:21:36.590416" elapsed="0.000182"/>
</kw>
<for flavor="IN">
<iter>
<kw name="Dictionary Should Contain Key" owner="Collections">
<arg>${json_data['results'][0]}</arg>
<arg>${key}</arg>
<doc>Fails if ``key`` is not found from ``dictionary``.</doc>
<status status="PASS" start="2024-07-23T06:21:36.591189" elapsed="0.000419"/>
</kw>
<kw name="Log" owner="BuiltIn">
<msg time="2024-07-23T06:21:36.592157" level="INFO">{'gender': 'female', 'name': {'title': 'Miss', 'first': 'Norma', 'last': 'Zapata'}, 'location': {'street': {'number': 1955, 'name': 'Circuito Norte Haro'}, 'city': 'Tixkokob', 'state': 'Queretaro', 'country': 'Mexico', 'postcode': 49647, 'coordinates': {'latitude': '24.3247', 'longitude': '159.1893'}, 'timezone': {'offset': '-2:00', 'description': 'Mid-Atlantic'}}, 'email': 'norma.zapata@example.com', 'login': {'uuid': 'cf1535ea-73f9-41cd-8892-771a33551ab1', 'username': 'bigladybug549', 'password': 'megatron', 'salt': 'p0KgW1FG', 'md5': 'b3598f94ef83d43d5e7ac17a01a5eb8d', 'sha1': '5eb5edd09a23fa56573011f38798d06e74dd76bc', 'sha256': '766615c0e1280fb5cc52de5f7bc47dd605b41d952156bfde0b926c5b6bffa890'}, 'dob': {'date': '1948-12-29T20:43:43.542Z', 'age': 75}, 'registered': {'date': '2015-04-13T19:16:19.237Z', 'age': 9}, 'phone': '(623) 316 6006', 'cell': '(662) 413 6741', 'id': {'name': 'NSS', 'value': '58 44 77 1452 6'}, 'picture': {'large': 'https://randomuser.me/api/portraits/women/20.jpg', 'medium': 'https://randomuser.me/api/portraits/med/women/20.jpg', 'thumbnail': 'https://randomuser.me/api/portraits/thumb/women/20.jpg'}, 'nat': 'MX'}</msg>
<arg>${json_data['results'][0]}</arg>
<doc>Logs the given message with the given level.</doc>
<status status="PASS" start="2024-07-23T06:21:36.591796" elapsed="0.000412"/>
</kw>
<kw name="Log" owner="BuiltIn">
<msg time="2024-07-23T06:21:36.592643" level="INFO">gender</msg>
<arg>${key}</arg>
<doc>Logs the given message with the given level.</doc>
<status status="PASS" start="2024-07-23T06:21:36.592512" elapsed="0.000171"/>
</kw>
<var name="${key}">gender</var>
<status status="PASS" start="2024-07-23T06:21:36.591059" elapsed="0.001843"/>
</iter>
<iter>
<kw name="Dictionary Should Contain Key" owner="Collections">
<arg>${json_data['results'][0]}</arg>
<arg>${key}</arg>
<doc>Fails if ``key`` is not found from ``dictionary``.</doc>
<status status="PASS" start="2024-07-23T06:21:36.593203" elapsed="0.000395"/>
</kw>
<kw name="Log" owner="BuiltIn">
<msg time="2024-07-23T06:21:36.594176" level="INFO">{'gender': 'female', 'name': {'title': 'Miss', 'first': 'Norma', 'last': 'Zapata'}, 'location': {'street': {'number': 1955, 'name': 'Circuito Norte Haro'}, 'city': 'Tixkokob', 'state': 'Queretaro', 'country': 'Mexico', 'postcode': 49647, 'coordinates': {'latitude': '24.3247', 'longitude': '159.1893'}, 'timezone': {'offset': '-2:00', 'description': 'Mid-Atlantic'}}, 'email': 'norma.zapata@example.com', 'login': {'uuid': 'cf1535ea-73f9-41cd-8892-771a33551ab1', 'username': 'bigladybug549', 'password': 'megatron', 'salt': 'p0KgW1FG', 'md5': 'b3598f94ef83d43d5e7ac17a01a5eb8d', 'sha1': '5eb5edd09a23fa56573011f38798d06e74dd76bc', 'sha256': '766615c0e1280fb5cc52de5f7bc47dd605b41d952156bfde0b926c5b6bffa890'}, 'dob': {'date': '1948-12-29T20:43:43.542Z', 'age': 75}, 'registered': {'date': '2015-04-13T19:16:19.237Z', 'age': 9}, 'phone': '(623) 316 6006', 'cell': '(662) 413 6741', 'id': {'name': 'NSS', 'value': '58 44 77 1452 6'}, 'picture': {'large': 'https://randomuser.me/api/portraits/women/20.jpg', 'medium': 'https://randomuser.me/api/portraits/med/women/20.jpg', 'thumbnail': 'https://randomuser.me/api/portraits/thumb/women/20.jpg'}, 'nat': 'MX'}</msg>
<arg>${json_data['results'][0]}</arg>
<doc>Logs the given message with the given level.</doc>
<status status="PASS" start="2024-07-23T06:21:36.593780" elapsed="0.000478"/>
</kw>
<kw name="Log" owner="BuiltIn">
<msg time="2024-07-23T06:21:36.594691" level="INFO">name</msg>
<arg>${key}</arg>
<doc>Logs the given message with the given level.</doc>
<status status="PASS" start="2024-07-23T06:21:36.594560" elapsed="0.000171"/>
</kw>
<var name="${key}">name</var>
<status status="PASS" start="2024-07-23T06:21:36.593091" elapsed="0.001857"/>
</iter>
<iter>
<kw name="Dictionary Should Contain Key" owner="Collections">
<arg>${json_data['results'][0]}</arg>
<arg>${key}</arg>
<doc>Fails if ``key`` is not found from ``dictionary``.</doc>
<status status="PASS" start="2024-07-23T06:21:36.595238" elapsed="0.000386"/>
</kw>
<kw name="Log" owner="BuiltIn">
<msg time="2024-07-23T06:21:36.596170" level="INFO">{'gender': 'female', 'name': {'title': 'Miss', 'first': 'Norma', 'last': 'Zapata'}, 'location': {'street': {'number': 1955, 'name': 'Circuito Norte Haro'}, 'city': 'Tixkokob', 'state': 'Queretaro', 'country': 'Mexico', 'postcode': 49647, 'coordinates': {'latitude': '24.3247', 'longitude': '159.1893'}, 'timezone': {'offset': '-2:00', 'description': 'Mid-Atlantic'}}, 'email': 'norma.zapata@example.com', 'login': {'uuid': 'cf1535ea-73f9-41cd-8892-771a33551ab1', 'username': 'bigladybug549', 'password': 'megatron', 'salt': 'p0KgW1FG', 'md5': 'b3598f94ef83d43d5e7ac17a01a5eb8d', 'sha1': '5eb5edd09a23fa56573011f38798d06e74dd76bc', 'sha256': '766615c0e1280fb5cc52de5f7bc47dd605b41d952156bfde0b926c5b6bffa890'}, 'dob': {'date': '1948-12-29T20:43:43.542Z', 'age': 75}, 'registered': {'date': '2015-04-13T19:16:19.237Z', 'age': 9}, 'phone': '(623) 316 6006', 'cell': '(662) 413 6741', 'id': {'name': 'NSS', 'value': '58 44 77 1452 6'}, 'picture': {'large': 'https://randomuser.me/api/portraits/women/20.jpg', 'medium': 'https://randomuser.me/api/portraits/med/women/20.jpg', 'thumbnail': 'https://randomuser.me/api/portraits/thumb/women/20.jpg'}, 'nat': 'MX'}</msg>
<arg>${json_data['results'][0]}</arg>
<doc>Logs the given message with the given level.</doc>
<status status="PASS" start="2024-07-23T06:21:36.595814" elapsed="0.000406"/>
</kw>
<kw name="Log" owner="BuiltIn">
<msg time="2024-07-23T06:21:36.596652" level="INFO">location</msg>
<arg>${key}</arg>
<doc>Logs the given message with the given level.</doc>
<status status="PASS" start="2024-07-23T06:21:36.596523" elapsed="0.000167"/>
</kw>
<var name="${key}">location</var>
<status status="PASS" start="2024-07-23T06:21:36.595128" elapsed="0.001779"/>
</iter>
<iter>
<kw name="Dictionary Should Contain Key" owner="Collections">
<arg>${json_data['results'][0]}</arg>
<arg>${key}</arg>
<doc>Fails if ``key`` is not found from ``dictionary``.</doc>
<status status="PASS" start="2024-07-23T06:21:36.597186" elapsed="0.000388"/>
</kw>
<kw name="Log" owner="BuiltIn">
<msg time="2024-07-23T06:21:36.598281" level="INFO">{'gender': 'female', 'name': {'title': 'Miss', 'first': 'Norma', 'last': 'Zapata'}, 'location': {'street': {'number': 1955, 'name': 'Circuito Norte Haro'}, 'city': 'Tixkokob', 'state': 'Queretaro', 'country': 'Mexico', 'postcode': 49647, 'coordinates': {'latitude': '24.3247', 'longitude': '159.1893'}, 'timezone': {'offset': '-2:00', 'description': 'Mid-Atlantic'}}, 'email': 'norma.zapata@example.com', 'login': {'uuid': 'cf1535ea-73f9-41cd-8892-771a33551ab1', 'username': 'bigladybug549', 'password': 'megatron', 'salt': 'p0KgW1FG', 'md5': 'b3598f94ef83d43d5e7ac17a01a5eb8d', 'sha1': '5eb5edd09a23fa56573011f38798d06e74dd76bc', 'sha256': '766615c0e1280fb5cc52de5f7bc47dd605b41d952156bfde0b926c5b6bffa890'}, 'dob': {'date': '1948-12-29T20:43:43.542Z', 'age': 75}, 'registered': {'date': '2015-04-13T19:16:19.237Z', 'age': 9}, 'phone': '(623) 316 6006', 'cell': '(662) 413 6741', 'id': {'name': 'NSS', 'value': '58 44 77 1452 6'}, 'picture': {'large': 'https://randomuser.me/api/portraits/women/20.jpg', 'medium': 'https://randomuser.me/api/portraits/med/women/20.jpg', 'thumbnail': 'https://randomuser.me/api/portraits/thumb/women/20.jpg'}, 'nat': 'MX'}</msg>
<arg>${json_data['results'][0]}</arg>
<doc>Logs the given message with the given level.</doc>
<status status="PASS" start="2024-07-23T06:21:36.597882" elapsed="0.000449"/>
</kw>
<kw name="Log" owner="BuiltIn">
<msg time="2024-07-23T06:21:36.598763" level="INFO">email</msg>
<arg>${key}</arg>
<doc>Logs the given message with the given level.</doc>
<status status="PASS" start="2024-07-23T06:21:36.598631" elapsed="0.000171"/>
</kw>
<var name="${key}">email</var>
<status status="PASS" start="2024-07-23T06:21:36.597079" elapsed="0.001950"/>
</iter>
<iter>
<kw name="Dictionary Should Contain Key" owner="Collections">
<arg>${json_data['results'][0]}</arg>
<arg>${key}</arg>
<doc>Fails if ``key`` is not found from ``dictionary``.</doc>
<status status="PASS" start="2024-07-23T06:21:36.599330" elapsed="0.000385"/>
</kw>
<kw name="Log" owner="BuiltIn">
<msg time="2024-07-23T06:21:36.600253" level="INFO">{'gender': 'female', 'name': {'title': 'Miss', 'first': 'Norma', 'last': 'Zapata'}, 'location': {'street': {'number': 1955, 'name': 'Circuito Norte Haro'}, 'city': 'Tixkokob', 'state': 'Queretaro', 'country': 'Mexico', 'postcode': 49647, 'coordinates': {'latitude': '24.3247', 'longitude': '159.1893'}, 'timezone': {'offset': '-2:00', 'description': 'Mid-Atlantic'}}, 'email': 'norma.zapata@example.com', 'login': {'uuid': 'cf1535ea-73f9-41cd-8892-771a33551ab1', 'username': 'bigladybug549', 'password': 'megatron', 'salt': 'p0KgW1FG', 'md5': 'b3598f94ef83d43d5e7ac17a01a5eb8d', 'sha1': '5eb5edd09a23fa56573011f38798d06e74dd76bc', 'sha256': '766615c0e1280fb5cc52de5f7bc47dd605b41d952156bfde0b926c5b6bffa890'}, 'dob': {'date': '1948-12-29T20:43:43.542Z', 'age': 75}, 'registered': {'date': '2015-04-13T19:16:19.237Z', 'age': 9}, 'phone': '(623) 316 6006', 'cell': '(662) 413 6741', 'id': {'name': 'NSS', 'value': '58 44 77 1452 6'}, 'picture': {'large': 'https://randomuser.me/api/portraits/women/20.jpg', 'medium': 'https://randomuser.me/api/portraits/med/women/20.jpg', 'thumbnail': 'https://randomuser.me/api/portraits/thumb/women/20.jpg'}, 'nat': 'MX'}</msg>
<arg>${json_data['results'][0]}</arg>
<doc>Logs the given message with the given level.</doc>
<status status="PASS" start="2024-07-23T06:21:36.599901" elapsed="0.000401"/>
</kw>
<kw name="Log" owner="BuiltIn">
<msg time="2024-07-23T06:21:36.600752" level="INFO">login</msg>
<arg>${key}</arg>
<doc>Logs the given message with the given level.</doc>
<status status="PASS" start="2024-07-23T06:21:36.600614" elapsed="0.000177"/>
</kw>
<var name="${key}">login</var>
<status status="PASS" start="2024-07-23T06:21:36.599219" elapsed="0.001789"/>
</iter>
<var>${key}</var>
<value>@{expected_keys}</value>
<status status="PASS" start="2024-07-23T06:21:36.590862" elapsed="0.010274"/>
</for>
<kw name="Create List" owner="BuiltIn">
<msg time="2024-07-23T06:21:36.601484" level="INFO">${expected_keysTwo} = ['username', 'password']</msg>
<var>${expected_keysTwo}</var>
<arg>username</arg>
<arg>password</arg>
<doc>Returns a list containing given items.</doc>
<status status="PASS" start="2024-07-23T06:21:36.601348" elapsed="0.000190"/>
</kw>
<for flavor="IN">
<iter>
<kw name="Dictionary Should Contain Key" owner="Collections">
<arg>${json_data['results'][0]['login']}</arg>
<arg>${keyTwo}</arg>
<doc>Fails if ``key`` is not found from ``dictionary``.</doc>
<status status="PASS" start="2024-07-23T06:21:36.602085" elapsed="0.000403"/>
</kw>
<kw name="Dictionary Should Contain Key" owner="Collections">
<arg>${json_data['results'][0]['login']}</arg>
<arg>${keyTwo}</arg>
<doc>Fails if ``key`` is not found from ``dictionary``.</doc>
<status status="PASS" start="2024-07-23T06:21:36.602673" elapsed="0.000376"/>
</kw>
<kw name="Log" owner="BuiltIn">
<msg time="2024-07-23T06:21:36.603348" level="INFO">username</msg>
<arg>${keyTwo}</arg>
<doc>Logs the given message with the given level.</doc>
<status status="PASS" start="2024-07-23T06:21:36.603228" elapsed="0.000160"/>
</kw>
<var name="${keyTwo}">username</var>
<status status="PASS" start="2024-07-23T06:21:36.601971" elapsed="0.001640"/>
</iter>
<iter>
<kw name="Dictionary Should Contain Key" owner="Collections">
<arg>${json_data['results'][0]['login']}</arg>
<arg>${keyTwo}</arg>
<doc>Fails if ``key`` is not found from ``dictionary``.</doc>
<status status="PASS" start="2024-07-23T06:21:36.603899" elapsed="0.000376"/>
</kw>
<kw name="Dictionary Should Contain Key" owner="Collections">
<arg>${json_data['results'][0]['login']}</arg>
<arg>${keyTwo}</arg>
<doc>Fails if ``key`` is not found from ``dictionary``.</doc>
<status status="PASS" start="2024-07-23T06:21:36.604453" elapsed="0.000368"/>
</kw>
<kw name="Log" owner="BuiltIn">
<msg time="2024-07-23T06:21:36.605125" level="INFO">password</msg>
<arg>${keyTwo}</arg>
<doc>Logs the given message with the given level.</doc>
<status status="PASS" start="2024-07-23T06:21:36.604999" elapsed="0.000164"/>
</kw>
<var name="${keyTwo}">password</var>
<status status="PASS" start="2024-07-23T06:21:36.603787" elapsed="0.001597"/>
</iter>
<var>${keyTwo}</var>
<value>@{expected_keysTwo}</value>
<status status="PASS" start="2024-07-23T06:21:36.601798" elapsed="0.003711"/>
</for>
<status status="PASS" start="2024-07-23T06:21:36.486026" elapsed="0.119627"/>
</kw>
<doc>Testa a estrutura da resposta da API.</doc>
<tag>testeEstruturaResposta</tag>
<status status="PASS" start="2024-07-23T06:21:36.485265" elapsed="0.120551"/>
</test>
<test id="s1-s1-t4" name="Validar tipos de dados" line="28">
<kw name="Teste de Tipos de Dados" owner="random-user-service">
<kw name="GET On Session" owner="RequestsLibrary">
<msg time="2024-07-23T06:21:36.677096" level="INFO">GET Request : url=https://randomuser.me/api 
 path_url=/api 
 headers={'User-Agent': 'python-requests/2.32.3', 'Accept-Encoding': 'gzip, deflate', 'Accept': '*/*', 'Connection': 'keep-alive'} 
 body=None 
 </msg>
<msg time="2024-07-23T06:21:36.677185" level="INFO">GET Response : url=https://randomuser.me/api 
 status=200, reason=OK 
 headers={'Date': 'Tue, 23 Jul 2024 06:21:36 GMT', 'Content-Type': 'application/json; charset=utf-8', 'Transfer-Encoding': 'chunked', 'Connection': 'keep-alive', 'X-Powered-By': 'Express', 'Access-Control-Allow-Origin': '*', 'Cache-Control': 'no-cache', 'ETag': 'W/"47d-NfOQwB9eUIyckgyo8IcwkojhCwM"', 'Vary': 'Accept-Encoding', 'Content-Encoding': 'gzip', 'CF-Cache-Status': 'DYNAMIC', 'Report-To': '{"endpoints":[{"url":"https:\\/\\/a.nel.cloudflare.com\\/report\\/v4?s=o3Kg40pW8kgt0hWjc8dYNENQ3ACCk%2FmyaKPSD7uAK27gOeYvQzhRqGevpXLPPVmcHVtNk9sVg9XxSIlAZAb4S9H%2Bt0gHTMmUbk84i%2B50VInY382WfWGnBLS262LGmCs3"}],"group":"cf-nel","max_age":604800}', 'NEL': '{"success_fraction":0,"report_to":"cf-nel","max_age":604800}', 'Server': 'cloudflare', 'CF-RAY': '8a79923fdfa50819-IAD', 'alt-svc': 'h3=":443"; ma=86400'} 
 body={"results":[{"gender":"male","name":{"title":"Mr","first":"Gabriel","last":"Rodriquez"},"location":{"street":{"number":8073,"name":"Daisy Dr"},"city":"Warrnambool","state":"South Australia","country":"Australia","postcode":1602,"coordinates":{"latitude":"-87.7313","longitude":"-100.0873"},"timezone":{"offset":"-9:00","description":"Alaska"}},"email":"gabriel.rodriquez@example.com","login":{"uuid":"5c2c2f81-a63f-43a7-9285-01c8216bb73d","username":"orangefrog107","password":"bedford","salt":"NAm7oPCL","md5":"9226015fee284bb275a8b8c4f1f60b94","sha1":"630cbf4b5cacb41659219503af0516fcb408d8cc","sha256":"b175314d1ca4c91bc6e471015eadf60ef5858b973046323cdea81160b4f89a55"},"dob":{"date":"1949-04-03T06:28:20.846Z","age":75},"registered":{"date":"2018-03-24T17:06:02.670Z","age":6},"phone":"01-0477-4284","cell":"0497-352-354","id":{"name":"TFN","value":"118224944"},"picture":{"large":"https://randomuser.me/api/portraits/men/51.jpg","medium":"https://randomuser.me/api/portraits/med/men/51.jpg","thumbnail":"https://randomuser.me/api/portraits/thumb/men/51.jpg"},"nat":"AU"}],"info":{"seed":"520aa675156c194d","results":1,"page":1,"version":"1.4"}} 
 </msg>
<msg time="2024-07-23T06:21:36.677264" level="INFO">/opt/hostedtoolcache/Python/3.12.4/x64/lib/python3.12/site-packages/urllib3/connectionpool.py:1099: InsecureRequestWarning: Unverified HTTPS request is being made to host 'randomuser.me'. Adding certificate verification is strongly advised. See: https://urllib3.readthedocs.io/en/latest/advanced-usage.html#tls-warnings
  warnings.warn(</msg>
<msg time="2024-07-23T06:21:36.677407" level="INFO">${response} = &lt;Response [200]&gt;</msg>
<var>${response}</var>
<arg>consultarAPI</arg>
<arg>/api</arg>
<doc>Sends a GET request on a previously created HTTP Session.</doc>
<status status="PASS" start="2024-07-23T06:21:36.608437" elapsed="0.069012"/>
</kw>
<kw name="Set Variable" owner="BuiltIn">
<msg time="2024-07-23T06:21:36.678412" level="INFO">${json_data} = {'results': [{'gender': 'male', 'name': {'title': 'Mr', 'first': 'Gabriel', 'last': 'Rodriquez'}, 'location': {'street': {'number': 8073, 'name': 'Daisy Dr'}, 'city': 'Warrnambool', 'state': 'South Au...</msg>
<var>${json_data}</var>
<arg>${response.json()}</arg>
<doc>Returns the given values which can then be assigned to a variables.</doc>
<status status="PASS" start="2024-07-23T06:21:36.677882" elapsed="0.000560"/>
</kw>
<kw name="Log" owner="BuiltIn">
<msg time="2024-07-23T06:21:36.678956" level="INFO">{'results': [{'gender': 'male', 'name': {'title': 'Mr', 'first': 'Gabriel', 'last': 'Rodriquez'}, 'location': {'street': {'number': 8073, 'name': 'Daisy Dr'}, 'city': 'Warrnambool', 'state': 'South Australia', 'country': 'Australia', 'postcode': 1602, 'coordinates': {'latitude': '-87.7313', 'longitude': '-100.0873'}, 'timezone': {'offset': '-9:00', 'description': 'Alaska'}}, 'email': 'gabriel.rodriquez@example.com', 'login': {'uuid': '5c2c2f81-a63f-43a7-9285-01c8216bb73d', 'username': 'orangefrog107', 'password': 'bedford', 'salt': 'NAm7oPCL', 'md5': '9226015fee284bb275a8b8c4f1f60b94', 'sha1': '630cbf4b5cacb41659219503af0516fcb408d8cc', 'sha256': 'b175314d1ca4c91bc6e471015eadf60ef5858b973046323cdea81160b4f89a55'}, 'dob': {'date': '1949-04-03T06:28:20.846Z', 'age': 75}, 'registered': {'date': '2018-03-24T17:06:02.670Z', 'age': 6}, 'phone': '01-0477-4284', 'cell': '0497-352-354', 'id': {'name': 'TFN', 'value': '118224944'}, 'picture': {'large': 'https://randomuser.me/api/portraits/men/51.jpg', 'medium': 'https://randomuser.me/api/portraits/med/men/51.jpg', 'thumbnail': 'https://randomuser.me/api/portraits/thumb/men/51.jpg'}, 'nat': 'AU'}], 'info': {'seed': '520aa675156c194d', 'results': 1, 'page': 1, 'version': '1.4'}}</msg>
<arg>${json_data}</arg>
<doc>Logs the given message with the given level.</doc>
<status status="PASS" start="2024-07-23T06:21:36.678795" elapsed="0.000209"/>
</kw>
<kw name="Should Be String" owner="String">
<arg>${json_data['results'][0]['gender']}</arg>
<doc>Fails if the given ``item`` is not a string.</doc>
<status status="PASS" start="2024-07-23T06:21:36.679304" elapsed="0.000376"/>
</kw>
<kw name="Should Match Regexp" owner="BuiltIn">
<arg>${json_data['results'][0]['email']}</arg>
<arg>^[a-zA-Z0-9._%+-]+@[a-zA-Z0-9.-]+\.[a-zA-Z]{2,}$</arg>
<doc>Fails if ``string`` does not match ``pattern`` as a regular expression.</doc>
<status status="PASS" start="2024-07-23T06:21:36.679869" elapsed="0.000510"/>
</kw>
<kw name="Should Match Regexp" owner="BuiltIn">
<arg>${json_data['results'][0]['dob']['date']}</arg>
<arg>\\d{4}-\\d{2}-\\d{2}T\\d{2}:\\d{2}:\\d{2}\\.\\d{3}Z</arg>
<doc>Fails if ``string`` does not match ``pattern`` as a regular expression.</doc>
<status status="PASS" start="2024-07-23T06:21:36.680633" elapsed="0.000639"/>
</kw>
<kw name="Should Match Regexp" owner="BuiltIn">
<arg>${json_data['results'][0]['registered']['date']}</arg>
<arg>\\d{4}-\\d{2}-\\d{2}T\\d{2}:\\d{2}:\\d{2}\\.\\d{3}Z</arg>
<doc>Fails if ``string`` does not match ``pattern`` as a regular expression.</doc>
<status status="PASS" start="2024-07-23T06:21:36.681478" elapsed="0.000379"/>
</kw>
<kw name="Should Match Regexp" owner="BuiltIn">
<arg>${json_data['results'][0]['picture']['large']}</arg>
<arg>^https?://.*\.(?:png|jpe?g|gif|bmp)$</arg>
<doc>Fails if ``string`` does not match ``pattern`` as a regular expression.</doc>
<status status="PASS" start="2024-07-23T06:21:36.682078" elapsed="0.000488"/>
</kw>
<kw name="Should Match Regexp" owner="BuiltIn">
<arg>${json_data['results'][0]['picture']['medium']}</arg>
<arg>^https?://.*\.(?:png|jpe?g|gif|bmp)$</arg>
<doc>Fails if ``string`` does not match ``pattern`` as a regular expression.</doc>
<status status="PASS" start="2024-07-23T06:21:36.682759" elapsed="0.000361"/>
</kw>
<kw name="Should Match Regexp" owner="BuiltIn">
<arg>${json_data['results'][0]['picture']['thumbnail']}</arg>
<arg>^https?://.*\.(?:png|jpe?g|gif|bmp)$</arg>
<doc>Fails if ``string`` does not match ``pattern`` as a regular expression.</doc>
<status status="PASS" start="2024-07-23T06:21:36.683304" elapsed="0.000352"/>
</kw>
<kw name="Log" owner="BuiltIn">
<msg time="2024-07-23T06:21:36.684163" level="INFO">{'large': 'https://randomuser.me/api/portraits/men/51.jpg', 'medium': 'https://randomuser.me/api/portraits/med/men/51.jpg', 'thumbnail': 'https://randomuser.me/api/portraits/thumb/men/51.jpg'}</msg>
<arg>${json_data['results'][0]['picture']}</arg>
<doc>Logs the given message with the given level.</doc>
<status status="PASS" start="2024-07-23T06:21:36.683838" elapsed="0.000367"/>
</kw>
<status status="PASS" start="2024-07-23T06:21:36.608201" elapsed="0.076265"/>
</kw>
<kw name="Teste de Tipos de Dados - Postcode" owner="random-user-service">
<kw name="GET On Session" owner="RequestsLibrary">
<msg time="2024-07-23T06:21:36.774562" level="INFO">GET Request : url=https://randomuser.me/api 
 path_url=/api 
 headers={'User-Agent': 'python-requests/2.32.3', 'Accept-Encoding': 'gzip, deflate', 'Accept': '*/*', 'Connection': 'keep-alive'} 
 body=None 
 </msg>
<msg time="2024-07-23T06:21:36.774673" level="INFO">GET Response : url=https://randomuser.me/api 
 status=200, reason=OK 
 headers={'Date': 'Tue, 23 Jul 2024 06:21:36 GMT', 'Content-Type': 'application/json; charset=utf-8', 'Transfer-Encoding': 'chunked', 'Connection': 'keep-alive', 'X-Powered-By': 'Express', 'Access-Control-Allow-Origin': '*', 'Cache-Control': 'no-cache', 'ETag': 'W/"49a-cy9ejWzbF1qqSQWZwOKQfEHBHPg"', 'Vary': 'Accept-Encoding', 'Content-Encoding': 'gzip', 'CF-Cache-Status': 'DYNAMIC', 'Report-To': '{"endpoints":[{"url":"https:\\/\\/a.nel.cloudflare.com\\/report\\/v4?s=DW6%2Fhc526q%2BBEzmm1Mth2mPJYWOnqX84PEqF3cGA2Cn%2FhzZHrS2LWWX%2BNEs8YMOYfYqkPVLk0majfeIQP0fgJV5TQbj6z8SzDvHS%2F9IpSp1B7M7%2FyV9%2FgUM5ntTPZCc7"}],"group":"cf-nel","max_age":604800}', 'NEL': '{"success_fraction":0,"report_to":"cf-nel","max_age":604800}', 'Server': 'cloudflare', 'CF-RAY': '8a79924048090819-IAD', 'alt-svc': 'h3=":443"; ma=86400'} 
 body={"results":[{"gender":"male","name":{"title":"Mr","first":"Girindra","last":"Keshri"},"location":{"street":{"number":5630,"name":"Kazimar St"},"city":"Khora","state":"Arunachal Pradesh","country":"India","postcode":67240,"coordinates":{"latitude":"12.3006","longitude":"-131.6483"},"timezone":{"offset":"+5:00","description":"Ekaterinburg, Islamabad, Karachi, Tashkent"}},"email":"girindra.keshri@example.com","login":{"uuid":"66b9671a-7800-4b38-9add-419a6415b692","username":"ticklishsnake328","password":"panic","salt":"CHcaTnHw","md5":"12c28087b3428b2ad4c8dced07f719bd","sha1":"540eb9721a0bcdb28b969eeb469a677290922e11","sha256":"91c56eafa6bc3d32fa5503e7679d3690f44124b22ff157e5ffb3cdbf31d7f939"},"dob":{"date":"1949-09-16T21:48:09.187Z","age":74},"registered":{"date":"2014-07-17T08:05:30.499Z","age":10},"phone":"8203745102","cell":"8672800599","id":{"name":"UIDAI","value":"382498937440"},"picture":{"large":"https://randomuser.me/api/portraits/men/67.jpg","medium":"https://randomuser.me/api/portraits/med/men/67.jpg","thumbnail":"https://randomuser.me/api/portraits/thumb/men/67.jpg"},"nat":"IN"}],"info":{"seed":"fa1e7850a4b75446","results":1,"page":1,"version":"1.4"}} 
 </msg>
<msg time="2024-07-23T06:21:36.774756" level="INFO">/opt/hostedtoolcache/Python/3.12.4/x64/lib/python3.12/site-packages/urllib3/connectionpool.py:1099: InsecureRequestWarning: Unverified HTTPS request is being made to host 'randomuser.me'. Adding certificate verification is strongly advised. See: https://urllib3.readthedocs.io/en/latest/advanced-usage.html#tls-warnings
  warnings.warn(</msg>
<msg time="2024-07-23T06:21:36.774902" level="INFO">${response} = &lt;Response [200]&gt;</msg>
<var>${response}</var>
<arg>consultarAPI</arg>
<arg>/api</arg>
<doc>Sends a GET request on a previously created HTTP Session.</doc>
<status status="PASS" start="2024-07-23T06:21:36.684959" elapsed="0.089988"/>
</kw>
<kw name="Set Variable" owner="BuiltIn">
<msg time="2024-07-23T06:21:36.776094" level="INFO">${json_data} = {'results': [{'gender': 'male', 'name': {'title': 'Mr', 'first': 'Girindra', 'last': 'Keshri'}, 'location': {'street': {'number': 5630, 'name': 'Kazimar St'}, 'city': 'Khora', 'state': 'Arunachal Prad...</msg>
<var>${json_data}</var>
<arg>${response.json()}</arg>
<doc>Returns the given values which can then be assigned to a variables.</doc>
<status status="PASS" start="2024-07-23T06:21:36.775538" elapsed="0.000586"/>
</kw>
<kw name="Log" owner="BuiltIn">
<msg time="2024-07-23T06:21:36.776683" level="INFO">{'results': [{'gender': 'male', 'name': {'title': 'Mr', 'first': 'Girindra', 'last': 'Keshri'}, 'location': {'street': {'number': 5630, 'name': 'Kazimar St'}, 'city': 'Khora', 'state': 'Arunachal Pradesh', 'country': 'India', 'postcode': 67240, 'coordinates': {'latitude': '12.3006', 'longitude': '-131.6483'}, 'timezone': {'offset': '+5:00', 'description': 'Ekaterinburg, Islamabad, Karachi, Tashkent'}}, 'email': 'girindra.keshri@example.com', 'login': {'uuid': '66b9671a-7800-4b38-9add-419a6415b692', 'username': 'ticklishsnake328', 'password': 'panic', 'salt': 'CHcaTnHw', 'md5': '12c28087b3428b2ad4c8dced07f719bd', 'sha1': '540eb9721a0bcdb28b969eeb469a677290922e11', 'sha256': '91c56eafa6bc3d32fa5503e7679d3690f44124b22ff157e5ffb3cdbf31d7f939'}, 'dob': {'date': '1949-09-16T21:48:09.187Z', 'age': 74}, 'registered': {'date': '2014-07-17T08:05:30.499Z', 'age': 10}, 'phone': '8203745102', 'cell': '8672800599', 'id': {'name': 'UIDAI', 'value': '382498937440'}, 'picture': {'large': 'https://randomuser.me/api/portraits/men/67.jpg', 'medium': 'https://randomuser.me/api/portraits/med/men/67.jpg', 'thumbnail': 'https://randomuser.me/api/portraits/thumb/men/67.jpg'}, 'nat': 'IN'}], 'info': {'seed': 'fa1e7850a4b75446', 'results': 1, 'page': 1, 'version': '1.4'}}</msg>
<arg>${json_data}</arg>
<doc>Logs the given message with the given level.</doc>
<status status="PASS" start="2024-07-23T06:21:36.776487" elapsed="0.000247"/>
</kw>
<kw name="Should Be Equal As Numbers" owner="BuiltIn">
<arg>${json_data['results'][0]['location']['postcode']}</arg>
<arg>${json_data['results'][0]['location']['postcode']}</arg>
<doc>Fails if objects are unequal after converting them to real numbers.</doc>
<status status="PASS" start="2024-07-23T06:21:36.777056" elapsed="0.000715"/>
</kw>
<kw name="Log" owner="BuiltIn">
<msg time="2024-07-23T06:21:36.778377" level="INFO">67240</msg>
<arg>${json_data['results'][0]['location']['postcode']}</arg>
<doc>Logs the given message with the given level.</doc>
<status status="PASS" start="2024-07-23T06:21:36.778013" elapsed="0.000407"/>
</kw>
<status status="PASS" start="2024-07-23T06:21:36.684727" elapsed="0.094042"/>
</kw>
<doc>Testa se os tipos de dados na resposta da API estão corretos.</doc>
<tag>testeTiposDados</tag>
<status status="PASS" start="2024-07-23T06:21:36.607633" elapsed="0.171322"/>
</test>
<test id="s1-s1-t5" name="Validar conteudo" line="35">
<kw name="Teste de Tipos de Conteudo" owner="random-user-service">
<kw name="GET On Session" owner="RequestsLibrary">
<msg time="2024-07-23T06:21:36.875388" level="INFO">GET Request : url=https://randomuser.me/api 
 path_url=/api 
 headers={'User-Agent': 'python-requests/2.32.3', 'Accept-Encoding': 'gzip, deflate', 'Accept': '*/*', 'Connection': 'keep-alive'} 
 body=None 
 </msg>
<msg time="2024-07-23T06:21:36.875482" level="INFO">GET Response : url=https://randomuser.me/api 
 status=200, reason=OK 
 headers={'Date': 'Tue, 23 Jul 2024 06:21:36 GMT', 'Content-Type': 'application/json; charset=utf-8', 'Transfer-Encoding': 'chunked', 'Connection': 'keep-alive', 'X-Powered-By': 'Express', 'Access-Control-Allow-Origin': '*', 'Cache-Control': 'no-cache', 'ETag': 'W/"47d-7z3/FiO+F/xCdJ8QeBti1ZEOSgM"', 'Vary': 'Accept-Encoding', 'Content-Encoding': 'gzip', 'CF-Cache-Status': 'DYNAMIC', 'Report-To': '{"endpoints":[{"url":"https:\\/\\/a.nel.cloudflare.com\\/report\\/v4?s=e%2B1gNmgdUHI1F9sYBF0xrmtje4pYXfzvxoDyJO3wMo2YSpVriw3Tu7GpyyU4jHuC88yDjcgXeAmUB%2FAODYDEynOj1knWUZFghKfHQThgOkWm4OUeDG4liBC95uSL%2BNmE"}],"group":"cf-nel","max_age":604800}', 'NEL': '{"success_fraction":0,"report_to":"cf-nel","max_age":604800}', 'Server': 'cloudflare', 'CF-RAY': '8a799240e87c0819-IAD', 'alt-svc': 'h3=":443"; ma=86400'} 
 body={"results":[{"gender":"female","name":{"title":"Ms","first":"Brankica","last":"Trajković"},"location":{"street":{"number":4000,"name":"Bulevar Mladih"},"city":"Ražanj","state":"Srem","country":"Serbia","postcode":11374,"coordinates":{"latitude":"58.2438","longitude":"117.0709"},"timezone":{"offset":"+5:45","description":"Kathmandu"}},"email":"brankica.trajkovic@example.com","login":{"uuid":"2dbb61bd-02bc-4308-bf52-363475c6d760","username":"blackduck467","password":"elway7","salt":"kSWobGD8","md5":"5bf5b643143ccf3f3ebd5cde709a974c","sha1":"ddb7e14b8a2819dd69a21adf0442b959a1f6882d","sha256":"48d1e25647a4c7071be668afe0a42a9197295478692c20d78bcf76576efd9ab4"},"dob":{"date":"1955-09-24T18:08:08.916Z","age":68},"registered":{"date":"2007-09-19T15:19:45.213Z","age":16},"phone":"017-4844-083","cell":"064-1934-429","id":{"name":"SID","value":"254471596"},"picture":{"large":"https://randomuser.me/api/portraits/women/47.jpg","medium":"https://randomuser.me/api/portraits/med/women/47.jpg","thumbnail":"https://randomuser.me/api/portraits/thumb/women/47.jpg"},"nat":"RS"}],"info":{"seed":"2a23c23169194a8a","results":1,"page":1,"version":"1.4"}} 
 </msg>
<msg time="2024-07-23T06:21:36.875587" level="INFO">/opt/hostedtoolcache/Python/3.12.4/x64/lib/python3.12/site-packages/urllib3/connectionpool.py:1099: InsecureRequestWarning: Unverified HTTPS request is being made to host 'randomuser.me'. Adding certificate verification is strongly advised. See: https://urllib3.readthedocs.io/en/latest/advanced-usage.html#tls-warnings
  warnings.warn(</msg>
<msg time="2024-07-23T06:21:36.875732" level="INFO">${response} = &lt;Response [200]&gt;</msg>
<var>${response}</var>
<arg>consultarAPI</arg>
<arg>/api</arg>
<doc>Sends a GET request on a previously created HTTP Session.</doc>
<status status="PASS" start="2024-07-23T06:21:36.781504" elapsed="0.094280"/>
</kw>
<kw name="Set Variable" owner="BuiltIn">
<msg time="2024-07-23T06:21:36.876807" level="INFO">${json_data} = {'results': [{'gender': 'female', 'name': {'title': 'Ms', 'first': 'Brankica', 'last': 'Trajković'}, 'location': {'street': {'number': 4000, 'name': 'Bulevar Mladih'}, 'city': 'Ražanj', 'state': 'Srem...</msg>
<var>${json_data}</var>
<arg>${response.json()}</arg>
<doc>Returns the given values which can then be assigned to a variables.</doc>
<status status="PASS" start="2024-07-23T06:21:36.876290" elapsed="0.000548"/>
</kw>
<kw name="Set Variable" owner="BuiltIn">
<msg time="2024-07-23T06:21:36.877567" level="INFO">${name_title} = Ms</msg>
<var>${name_title}</var>
<arg>${json_data["results"][0]["name"]["title"]}</arg>
<doc>Returns the given values which can then be assigned to a variables.</doc>
<status status="PASS" start="2024-07-23T06:21:36.877168" elapsed="0.000426"/>
</kw>
<kw name="Create List" owner="BuiltIn">
<msg time="2024-07-23T06:21:36.878108" level="INFO">${allowed_titles} = ['Mr', 'Ms', 'Miss', 'Mrs', 'Madame', 'Monsieur']</msg>
<var>${allowed_titles}</var>
<arg>Mr</arg>
<arg>Ms</arg>
<arg>Miss</arg>
<arg>Mrs</arg>
<arg>Madame</arg>
<arg>Monsieur</arg>
<doc>Returns a list containing given items.</doc>
<status status="PASS" start="2024-07-23T06:21:36.877904" elapsed="0.000231"/>
</kw>
<kw name="List Should Contain Value" owner="Collections">
<arg>${allowed_titles}</arg>
<arg>${name_title}</arg>
<doc>Fails if the ``value`` is not found from ``list``.</doc>
<status status="PASS" start="2024-07-23T06:21:36.878444" elapsed="0.000187"/>
</kw>
<kw name="Set Variable" owner="BuiltIn">
<msg time="2024-07-23T06:21:36.879199" level="INFO">${name_country} = RS</msg>
<var>${name_country}</var>
<arg>${json_data["results"][0]["nat"]}</arg>
<doc>Returns the given values which can then be assigned to a variables.</doc>
<status status="PASS" start="2024-07-23T06:21:36.878817" elapsed="0.000408"/>
</kw>
<kw name="Create List" owner="BuiltIn">
<msg time="2024-07-23T06:21:36.880113" level="INFO">${list_country} = ['AD', 'AE', 'AF', 'AG', 'AI', 'AL', 'AM', 'AO', 'AQ', 'AR', 'AS', 'AT', 'AU', 'AW', 'AX', 'AZ', 'BA', 'BB', 'BD', 'BE', 'BF', 'BG', 'BH', 'BI', 'BJ', 'BL', 'BM', 'BN', 'BO', 'BQ', 'BR', 'BS', 'BT', '...</msg>
<var>${list_country}</var>
<arg>AD</arg>
<arg>AE</arg>
<arg>AF</arg>
<arg>AG</arg>
<arg>AI</arg>
<arg>AL</arg>
<arg>AM</arg>
<arg>AO</arg>
<arg>AQ</arg>
<arg>AR</arg>
<arg>AS</arg>
<arg>AT</arg>
<arg>AU</arg>
<arg>AW</arg>
<arg>AX</arg>
<arg>AZ</arg>
<arg>BA</arg>
<arg>BB</arg>
<arg>BD</arg>
<arg>BE</arg>
<arg>BF</arg>
<arg>BG</arg>
<arg>BH</arg>
<arg>BI</arg>
<arg>BJ</arg>
<arg>BL</arg>
<arg>BM</arg>
<arg>BN</arg>
<arg>BO</arg>
<arg>BQ</arg>
<arg>BR</arg>
<arg>BS</arg>
<arg>BT</arg>
<arg>BV</arg>
<arg>BW</arg>
<arg>BY</arg>
<arg>BZ</arg>
<arg>CA</arg>
<arg>CC</arg>
<arg>CD</arg>
<arg>CF</arg>
<arg>CG</arg>
<arg>CH</arg>
<arg>CI</arg>
<arg>CK</arg>
<arg>CL</arg>
<arg>CM</arg>
<arg>CN</arg>
<arg>CO</arg>
<arg>CR</arg>
<arg>CU</arg>
<arg>CV</arg>
<arg>CW</arg>
<arg>CX</arg>
<arg>CY</arg>
<arg>CZ</arg>
<arg>DE</arg>
<arg>DJ</arg>
<arg>DK</arg>
<arg>DM</arg>
<arg>DO</arg>
<arg>DZ</arg>
<arg>EC</arg>
<arg>EE</arg>
<arg>EG</arg>
<arg>EH</arg>
<arg>ER</arg>
<arg>ES</arg>
<arg>ET</arg>
<arg>FI</arg>
<arg>FJ</arg>
<arg>FK</arg>
<arg>FM</arg>
<arg>FO</arg>
<arg>FR</arg>
<arg>GA</arg>
<arg>GB</arg>
<arg>GD</arg>
<arg>GE</arg>
<arg>GF</arg>
<arg>GG</arg>
<arg>GH</arg>
<arg>GI</arg>
<arg>GL</arg>
<arg>GM</arg>
<arg>GN</arg>
<arg>GP</arg>
<arg>GQ</arg>
<arg>GR</arg>
<arg>GS</arg>
<arg>GT</arg>
<arg>GU</arg>
<arg>GW</arg>
<arg>GY</arg>
<arg>HK</arg>
<arg>HM</arg>
<arg>HN</arg>
<arg>HR</arg>
<arg>HT</arg>
<arg>HU</arg>
<arg>ID</arg>
<arg>IE</arg>
<arg>IL</arg>
<arg>IM</arg>
<arg>IN</arg>
<arg>IO</arg>
<arg>IQ</arg>
<arg>IR</arg>
<arg>IS</arg>
<arg>IT</arg>
<arg>JE</arg>
<arg>JM</arg>
<arg>JO</arg>
<arg>JP</arg>
<arg>KE</arg>
<arg>KG</arg>
<arg>KH</arg>
<arg>KI</arg>
<arg>KM</arg>
<arg>KN</arg>
<arg>KP</arg>
<arg>KR</arg>
<arg>KW</arg>
<arg>KY</arg>
<arg>KZ</arg>
<arg>LA</arg>
<arg>LB</arg>
<arg>LC</arg>
<arg>LI</arg>
<arg>LK</arg>
<arg>LR</arg>
<arg>LS</arg>
<arg>LT</arg>
<arg>LU</arg>
<arg>LV</arg>
<arg>LY</arg>
<arg>MA</arg>
<arg>MC</arg>
<arg>MD</arg>
<arg>ME</arg>
<arg>MF</arg>
<arg>MG</arg>
<arg>MH</arg>
<arg>MK</arg>
<arg>ML</arg>
<arg>MM</arg>
<arg>MN</arg>
<arg>MO</arg>
<arg>MP</arg>
<arg>MQ</arg>
<arg>MR</arg>
<arg>MS</arg>
<arg>MT</arg>
<arg>MU</arg>
<arg>MV</arg>
<arg>MW</arg>
<arg>MX</arg>
<arg>MY</arg>
<arg>MZ</arg>
<arg>NA</arg>
<arg>NC</arg>
<arg>NE</arg>
<arg>NF</arg>
<arg>NG</arg>
<arg>NI</arg>
<arg>NL</arg>
<arg>NO</arg>
<arg>NP</arg>
<arg>NR</arg>
<arg>NU</arg>
<arg>NZ</arg>
<arg>OM</arg>
<arg>PA</arg>
<arg>PE</arg>
<arg>PF</arg>
<arg>PG</arg>
<arg>PH</arg>
<arg>PK</arg>
<arg>PL</arg>
<arg>PM</arg>
<arg>PN</arg>
<arg>PR</arg>
<arg>PS</arg>
<arg>PT</arg>
<arg>PW</arg>
<arg>PY</arg>
<arg>QA</arg>
<arg>RE</arg>
<arg>RO</arg>
<arg>RS</arg>
<arg>RU</arg>
<arg>RW</arg>
<arg>SA</arg>
<arg>SB</arg>
<arg>SC</arg>
<arg>SD</arg>
<arg>SE</arg>
<arg>SG</arg>
<arg>SH</arg>
<arg>SI</arg>
<arg>SJ</arg>
<arg>SK</arg>
<arg>SL</arg>
<arg>SM</arg>
<arg>SN</arg>
<arg>SO</arg>
<arg>SR</arg>
<arg>SS</arg>
<arg>ST</arg>
<arg>SV</arg>
<arg>SX</arg>
<arg>SY</arg>
<arg>SZ</arg>
<arg>TC</arg>
<arg>TD</arg>
<arg>TF</arg>
<arg>TG</arg>
<arg>TH</arg>
<arg>TJ</arg>
<arg>TK</arg>
<arg>TL</arg>
<arg>TM</arg>
<arg>TN</arg>
<arg>TO</arg>
<arg>TR</arg>
<arg>TT</arg>
<arg>TV</arg>
<arg>TW</arg>
<arg>TZ</arg>
<arg>UA</arg>
<arg>UG</arg>
<arg>UM</arg>
<arg>US</arg>
<arg>UY</arg>
<arg>UZ</arg>
<arg>VA</arg>
<arg>VC</arg>
<arg>VE</arg>
<arg>VG</arg>
<arg>VI</arg>
<arg>VN</arg>
<arg>VU</arg>
<arg>WF</arg>
<arg>WS</arg>
<arg>XK</arg>
<arg>YE</arg>
<arg>YT</arg>
<arg>ZA</arg>
<arg>ZM</arg>
<arg>ZW</arg>
<doc>Returns a list containing given items.</doc>
<status status="PASS" start="2024-07-23T06:21:36.879517" elapsed="0.000622"/>
</kw>
<kw name="List Should Contain Value" owner="Collections">
<arg>${list_country}</arg>
<arg>${name_country}</arg>
<doc>Fails if the ``value`` is not found from ``list``.</doc>
<status status="PASS" start="2024-07-23T06:21:36.881116" elapsed="0.000215"/>
</kw>
<kw name="Run Keyword If" owner="BuiltIn">
<kw name="Should Be True" owner="BuiltIn">
<arg>${True}</arg>
<doc>Fails if the given condition is not true.</doc>
<status status="PASS" start="2024-07-23T06:21:36.882317" elapsed="0.000143"/>
</kw>
<arg>${json_data["results"][0]["location"]["coordinates"]["latitude"]} &gt;= -90 and ${json_data["results"][0]["location"]["coordinates"]["latitude"]} &lt;= 90</arg>
<arg>Should Be True</arg>
<arg>${True}</arg>
<doc>Runs the given keyword with the given arguments, if ``condition`` is true.</doc>
<status status="PASS" start="2024-07-23T06:21:36.881532" elapsed="0.001056"/>
</kw>
<kw name="Run Keyword If" owner="BuiltIn">
<kw name="Should Be True" owner="BuiltIn">
<arg>${True}</arg>
<doc>Fails if the given condition is not true.</doc>
<status status="PASS" start="2024-07-23T06:21:36.883474" elapsed="0.000138"/>
</kw>
<arg>${json_data["results"][0]["location"]["coordinates"]["longitude"]} &gt;= -180 and ${json_data["results"][0]["location"]["coordinates"]["longitude"]} &lt;= 180</arg>
<arg>Should Be True</arg>
<arg>${True}</arg>
<doc>Runs the given keyword with the given arguments, if ``condition`` is true.</doc>
<status status="PASS" start="2024-07-23T06:21:36.882774" elapsed="0.000963"/>
</kw>
<status status="PASS" start="2024-07-23T06:21:36.781273" elapsed="0.102605"/>
</kw>
<doc>Testa o conteúdo específico dos campos retornados pela API.</doc>
<tag>testeConteudo</tag>
<status status="PASS" start="2024-07-23T06:21:36.780799" elapsed="0.103234"/>
</test>
<status status="PASS" start="2024-07-23T06:21:35.905764" elapsed="0.980306"/>
</suite>
<status status="PASS" start="2024-07-23T06:21:35.891296" elapsed="0.999865"/>
</suite>
<statistics>
<total>
<stat pass="5" fail="0" skip="0">All Tests</stat>
</total>
<tag>
<stat pass="1" fail="0" skip="0">testeConteudo</stat>
<stat pass="1" fail="0" skip="0">testeEstruturaResposta</stat>
<stat pass="1" fail="0" skip="0">testeRequisicaoBasica</stat>
<stat pass="1" fail="0" skip="0">testeTiposDados</stat>
</tag>
<suite>
<stat pass="5" fail="0" skip="0" id="s1" name="Tests">Tests</stat>
<stat pass="5" fail="0" skip="0" id="s1-s1" name="Random-User-Test">Tests.Random-User-Test</stat>
</suite>
</statistics>
<errors>
</errors>
</robot>
