<?xml version="1.0" encoding="UTF-8"?>
<robot generator="Robot 7.0 (Python 3.12.3 on linux)" generated="2024-05-07T12:26:14.437470" rpa="false" schemaversion="5">
<suite id="s1" name="Tests" source="/home/runner/work/DesafioQAItauRogerioJordao/DesafioQAItauRogerioJordao/RamdonUser/tests">
<suite id="s1-s1" name="Random-User-Test" source="/home/runner/work/DesafioQAItauRogerioJordao/DesafioQAItauRogerioJordao/RamdonUser/tests/random-user-test.robot">
<test id="s1-s1-t1" name="Conectar" line="13">
<kw name="Conectar API" owner="random-user-service">
<kw name="Create Session" owner="RequestsLibrary">
<msg time="2024-05-07T12:26:14.823736" level="INFO">Creating Session using : alias=consultarAPI, url=https://randomuser.me/, headers={},                     cookies={}, auth=None, timeout=None, proxies=None, verify=False,                     debug=0 </msg>
<arg>consultarAPI</arg>
<arg>${URL}</arg>
<doc>Create Session: create a HTTP session to a server</doc>
<status status="PASS" start="2024-05-07T12:26:14.823523" elapsed="0.000418"/>
</kw>
<status status="PASS" start="2024-05-07T12:26:14.822466" elapsed="0.001846"/>
</kw>
<status status="PASS" start="2024-05-07T12:26:14.821790" elapsed="0.002715"/>
</test>
<test id="s1-s1-t2" name="Validar retorno 200 e JSON Válido" line="16">
<kw name="Teste de Requisicao Basica" owner="random-user-service">
<kw name="GET On Session" owner="RequestsLibrary">
<msg time="2024-05-07T12:26:14.996036" level="INFO">GET Request : url=https://randomuser.me/api 
 path_url=/api 
 headers={'User-Agent': 'python-requests/2.31.0', 'Accept-Encoding': 'gzip, deflate', 'Accept': '*/*', 'Connection': 'keep-alive'} 
 body=None 
 </msg>
<msg time="2024-05-07T12:26:14.996185" level="INFO">GET Response : url=https://randomuser.me/api 
 status=200, reason=OK 
 headers={'Date': 'Tue, 07 May 2024 12:26:14 GMT', 'Content-Type': 'application/json; charset=utf-8', 'Transfer-Encoding': 'chunked', 'Connection': 'keep-alive', 'X-Powered-By': 'Express', 'Access-Control-Allow-Origin': '*', 'Cache-Control': 'no-cache', 'ETag': 'W/"472-tEy1N1mKWMJoCkgePawqNL/jagA"', 'Vary': 'Accept-Encoding', 'Content-Encoding': 'gzip', 'CF-Cache-Status': 'DYNAMIC', 'Report-To': '{"endpoints":[{"url":"https:\\/\\/a.nel.cloudflare.com\\/report\\/v4?s=AN%2BYubzNGPU1ccOyM8l44lHFMMZ6zUp%2B8NTPL5j69AMBA6xAuR9X7PfZCd6AnNWmyw%2Bq1vHnOwuZZC3YfKBl3NaD9JmSEX5JGTfJGHQn3QTYEBq7gikJD370VomHrgdk"}],"group":"cf-nel","max_age":604800}', 'NEL': '{"success_fraction":0,"report_to":"cf-nel","max_age":604800}', 'Server': 'cloudflare', 'CF-RAY': '880132832b006094-ORD', 'alt-svc': 'h3=":443"; ma=86400'} 
 body={"results":[{"gender":"female","name":{"title":"Mrs","first":"Emma","last":"Brown"},"location":{"street":{"number":8769,"name":"Lake of Bays Road"},"city":"Elgin","state":"Yukon","country":"Canada","postcode":"G3W 7N4","coordinates":{"latitude":"-68.0479","longitude":"21.0146"},"timezone":{"offset":"-10:00","description":"Hawaii"}},"email":"emma.brown@example.com","login":{"uuid":"6261e94f-79bf-4f35-a3bb-9dc3804340ce","username":"sadmeercat877","password":"qwe123","salt":"LR97pujn","md5":"62d5a019d7ac0725df5dfaed83e97a9f","sha1":"455735731188797c9ed4a21eb6602ebf4a171302","sha256":"cf6ecb51ac0dc0e2b0b6ff4147651056c9462edb006c774fc7664738a77ac32b"},"dob":{"date":"1989-07-29T01:51:07.563Z","age":34},"registered":{"date":"2006-02-25T14:24:49.627Z","age":18},"phone":"A32 H08-8805","cell":"Y42 E32-0106","id":{"name":"SIN","value":"092173178"},"picture":{"large":"https://randomuser.me/api/portraits/women/52.jpg","medium":"https://randomuser.me/api/portraits/med/women/52.jpg","thumbnail":"https://randomuser.me/api/portraits/thumb/women/52.jpg"},"nat":"CA"}],"info":{"seed":"7e3b983131198e00","results":1,"page":1,"version":"1.4"}} 
 </msg>
<msg time="2024-05-07T12:26:14.996267" level="INFO">/opt/hostedtoolcache/Python/3.12.3/x64/lib/python3.12/site-packages/urllib3/connectionpool.py:1103: InsecureRequestWarning: Unverified HTTPS request is being made to host 'randomuser.me'. Adding certificate verification is strongly advised. See: https://urllib3.readthedocs.io/en/latest/advanced-usage.html#tls-warnings
  warnings.warn(</msg>
<msg time="2024-05-07T12:26:14.996429" level="INFO">${response} = &lt;Response [200]&gt;</msg>
<var>${response}</var>
<arg>consultarAPI</arg>
<arg>/api</arg>
<doc>Sends a GET request on a previously created HTTP Session.</doc>
<status status="PASS" start="2024-05-07T12:26:14.827310" elapsed="0.169162"/>
</kw>
<kw name="Should Be Equal As Numbers" owner="BuiltIn">
<msg time="2024-05-07T12:26:14.997460" level="INFO">Argument types are:
&lt;class 'int'&gt;
&lt;class 'str'&gt;</msg>
<arg>${response.status_code}</arg>
<arg>200</arg>
<doc>Fails if objects are unequal after converting them to real numbers.</doc>
<status status="PASS" start="2024-05-07T12:26:14.996990" elapsed="0.000537"/>
</kw>
<kw name="Log" owner="BuiltIn">
<msg time="2024-05-07T12:26:14.998230" level="INFO">200</msg>
<arg>${response.status_code}</arg>
<doc>Logs the given message with the given level.</doc>
<status status="PASS" start="2024-05-07T12:26:14.997875" elapsed="0.000398"/>
</kw>
<kw name="Set Variable" owner="BuiltIn">
<msg time="2024-05-07T12:26:14.999053" level="INFO">${json_data} = {'results': [{'gender': 'female', 'name': {'title': 'Mrs', 'first': 'Emma', 'last': 'Brown'}, 'location': {'street': {'number': 8769, 'name': 'Lake of Bays Road'}, 'city': 'Elgin', 'state': 'Yukon', '...</msg>
<var>${json_data}</var>
<arg>${response.json()}</arg>
<doc>Returns the given values which can then be assigned to a variables.</doc>
<status status="PASS" start="2024-05-07T12:26:14.998581" elapsed="0.000502"/>
</kw>
<kw name="Dictionary Should Contain Key" owner="Collections">
<msg time="2024-05-07T12:26:14.999561" level="INFO">False</msg>
<arg>${json_data}</arg>
<arg>results</arg>
<doc>Fails if ``key`` is not found from ``dictionary``.</doc>
<status status="PASS" start="2024-05-07T12:26:14.999387" elapsed="0.000216"/>
</kw>
<status status="PASS" start="2024-05-07T12:26:14.827035" elapsed="0.172829"/>
</kw>
<doc>Testa se a API responde corretamente e retorna um objeto JSON válido.</doc>
<tag>testeRequisicaoBasica</tag>
<status status="PASS" start="2024-05-07T12:26:14.826431" elapsed="0.173618"/>
</test>
<test id="s1-s1-t3" name="Validar estrutura de resposta" line="22">
<kw name="Teste de Estrutura de Resposta" owner="random-user-service">
<kw name="GET On Session" owner="RequestsLibrary">
<msg time="2024-05-07T12:26:15.100188" level="INFO">GET Request : url=https://randomuser.me/api 
 path_url=/api 
 headers={'User-Agent': 'python-requests/2.31.0', 'Accept-Encoding': 'gzip, deflate', 'Accept': '*/*', 'Connection': 'keep-alive'} 
 body=None 
 </msg>
<msg time="2024-05-07T12:26:15.100291" level="INFO">GET Response : url=https://randomuser.me/api 
 status=200, reason=OK 
 headers={'Date': 'Tue, 07 May 2024 12:26:15 GMT', 'Content-Type': 'application/json; charset=utf-8', 'Transfer-Encoding': 'chunked', 'Connection': 'keep-alive', 'X-Powered-By': 'Express', 'Access-Control-Allow-Origin': '*', 'Cache-Control': 'no-cache', 'ETag': 'W/"494-i5s2BOMsOJRdMZcpLIEPkInsa3o"', 'Vary': 'Accept-Encoding', 'Content-Encoding': 'gzip', 'CF-Cache-Status': 'DYNAMIC', 'Report-To': '{"endpoints":[{"url":"https:\\/\\/a.nel.cloudflare.com\\/report\\/v4?s=saynvHOBQq0cSDA%2BGYYkAhNCnW9BJ8CXIbRE%2B5NpvLlvF8GEH4EY67fLKIJIGN4dFfuSRJ4CuZbsIfGTY65r77yCE6G%2FfQ6u65ZGi44KY6TwCXYl82qeve%2BkuNmbLK5f"}],"group":"cf-nel","max_age":604800}', 'NEL': '{"success_fraction":0,"report_to":"cf-nel","max_age":604800}', 'Server': 'cloudflare', 'CF-RAY': '88013283cbcb6094-ORD', 'alt-svc': 'h3=":443"; ma=86400'} 
 body={"results":[{"gender":"male","name":{"title":"Mr","first":"Carter","last":"Lavigne"},"location":{"street":{"number":4555,"name":"Dufferin St"},"city":"Woodstock","state":"Manitoba","country":"Canada","postcode":"R2Q 6Z3","coordinates":{"latitude":"-69.8951","longitude":"-172.0384"},"timezone":{"offset":"-5:00","description":"Eastern Time (US &amp; Canada), Bogota, Lima"}},"email":"carter.lavigne@example.com","login":{"uuid":"38476f23-0b3a-4c5c-adb7-83dac53025e5","username":"sadladybug580","password":"stefan","salt":"bSoPVwXO","md5":"7f0b4f61510d1f0e282d2ba2dd0d794e","sha1":"efb3c77730b8b627a869f4b2a9ff6096f403324a","sha256":"0da9cd71b4316782b7c37f83f89e10a65e2cbd2aa2948d6e046c10deb7a1411c"},"dob":{"date":"1956-06-23T00:39:35.694Z","age":67},"registered":{"date":"2019-07-18T16:09:53.824Z","age":4},"phone":"T32 B13-9376","cell":"X65 P11-7642","id":{"name":"SIN","value":"877378588"},"picture":{"large":"https://randomuser.me/api/portraits/men/63.jpg","medium":"https://randomuser.me/api/portraits/med/men/63.jpg","thumbnail":"https://randomuser.me/api/portraits/thumb/men/63.jpg"},"nat":"CA"}],"info":{"seed":"ff0849308983b80b","results":1,"page":1,"version":"1.4"}} 
 </msg>
<msg time="2024-05-07T12:26:15.100426" level="INFO">/opt/hostedtoolcache/Python/3.12.3/x64/lib/python3.12/site-packages/urllib3/connectionpool.py:1103: InsecureRequestWarning: Unverified HTTPS request is being made to host 'randomuser.me'. Adding certificate verification is strongly advised. See: https://urllib3.readthedocs.io/en/latest/advanced-usage.html#tls-warnings
  warnings.warn(</msg>
<msg time="2024-05-07T12:26:15.100573" level="INFO">${response} = &lt;Response [200]&gt;</msg>
<var>${response}</var>
<arg>consultarAPI</arg>
<arg>/api</arg>
<doc>Sends a GET request on a previously created HTTP Session.</doc>
<status status="PASS" start="2024-05-07T12:26:15.002758" elapsed="0.097852"/>
</kw>
<kw name="Set Variable" owner="BuiltIn">
<msg time="2024-05-07T12:26:15.101658" level="INFO">${json_data} = {'results': [{'gender': 'male', 'name': {'title': 'Mr', 'first': 'Carter', 'last': 'Lavigne'}, 'location': {'street': {'number': 4555, 'name': 'Dufferin St'}, 'city': 'Woodstock', 'state': 'Manitoba',...</msg>
<var>${json_data}</var>
<arg>${response.json()}</arg>
<doc>Returns the given values which can then be assigned to a variables.</doc>
<status status="PASS" start="2024-05-07T12:26:15.101130" elapsed="0.000556"/>
</kw>
<kw name="Log" owner="BuiltIn">
<msg time="2024-05-07T12:26:15.102156" level="INFO">{'results': [{'gender': 'male', 'name': {'title': 'Mr', 'first': 'Carter', 'last': 'Lavigne'}, 'location': {'street': {'number': 4555, 'name': 'Dufferin St'}, 'city': 'Woodstock', 'state': 'Manitoba', 'country': 'Canada', 'postcode': 'R2Q 6Z3', 'coordinates': {'latitude': '-69.8951', 'longitude': '-172.0384'}, 'timezone': {'offset': '-5:00', 'description': 'Eastern Time (US &amp; Canada), Bogota, Lima'}}, 'email': 'carter.lavigne@example.com', 'login': {'uuid': '38476f23-0b3a-4c5c-adb7-83dac53025e5', 'username': 'sadladybug580', 'password': 'stefan', 'salt': 'bSoPVwXO', 'md5': '7f0b4f61510d1f0e282d2ba2dd0d794e', 'sha1': 'efb3c77730b8b627a869f4b2a9ff6096f403324a', 'sha256': '0da9cd71b4316782b7c37f83f89e10a65e2cbd2aa2948d6e046c10deb7a1411c'}, 'dob': {'date': '1956-06-23T00:39:35.694Z', 'age': 67}, 'registered': {'date': '2019-07-18T16:09:53.824Z', 'age': 4}, 'phone': 'T32 B13-9376', 'cell': 'X65 P11-7642', 'id': {'name': 'SIN', 'value': '877378588'}, 'picture': {'large': 'https://randomuser.me/api/portraits/men/63.jpg', 'medium': 'https://randomuser.me/api/portraits/med/men/63.jpg', 'thumbnail': 'https://randomuser.me/api/portraits/thumb/men/63.jpg'}, 'nat': 'CA'}], 'info': {'seed': 'ff0849308983b80b', 'results': 1, 'page': 1, 'version': '1.4'}}</msg>
<arg>${json_data}</arg>
<doc>Logs the given message with the given level.</doc>
<status status="PASS" start="2024-05-07T12:26:15.101997" elapsed="0.000207"/>
</kw>
<kw name="Dictionary Should Contain Key" owner="Collections">
<msg time="2024-05-07T12:26:15.102663" level="INFO">False</msg>
<arg>${json_data}</arg>
<arg>results</arg>
<doc>Fails if ``key`` is not found from ``dictionary``.</doc>
<status status="PASS" start="2024-05-07T12:26:15.102502" elapsed="0.000198"/>
</kw>
<kw name="Should Not Be Empty" owner="BuiltIn">
<msg time="2024-05-07T12:26:15.103197" level="INFO">Length is 2.</msg>
<arg>${json_data}</arg>
<doc>Verifies that the given item is not empty.</doc>
<status status="PASS" start="2024-05-07T12:26:15.103045" elapsed="0.000354"/>
</kw>
<kw name="Create List" owner="BuiltIn">
<msg time="2024-05-07T12:26:15.103864" level="INFO">${expected_keys} = ['gender', 'name', 'location', 'email', 'login']</msg>
<var>${expected_keys}</var>
<arg>gender</arg>
<arg>name</arg>
<arg>location</arg>
<arg>email</arg>
<arg>login</arg>
<doc>Returns a list containing given items.</doc>
<status status="PASS" start="2024-05-07T12:26:15.103705" elapsed="0.000184"/>
</kw>
<for flavor="IN">
<iter>
<kw name="Dictionary Should Contain Key" owner="Collections">
<msg time="2024-05-07T12:26:15.104884" level="INFO">False</msg>
<arg>${json_data['results'][0]}</arg>
<arg>${key}</arg>
<doc>Fails if ``key`` is not found from ``dictionary``.</doc>
<status status="PASS" start="2024-05-07T12:26:15.104478" elapsed="0.000444"/>
</kw>
<kw name="Log" owner="BuiltIn">
<msg time="2024-05-07T12:26:15.105594" level="INFO">{'gender': 'male', 'name': {'title': 'Mr', 'first': 'Carter', 'last': 'Lavigne'}, 'location': {'street': {'number': 4555, 'name': 'Dufferin St'}, 'city': 'Woodstock', 'state': 'Manitoba', 'country': 'Canada', 'postcode': 'R2Q 6Z3', 'coordinates': {'latitude': '-69.8951', 'longitude': '-172.0384'}, 'timezone': {'offset': '-5:00', 'description': 'Eastern Time (US &amp; Canada), Bogota, Lima'}}, 'email': 'carter.lavigne@example.com', 'login': {'uuid': '38476f23-0b3a-4c5c-adb7-83dac53025e5', 'username': 'sadladybug580', 'password': 'stefan', 'salt': 'bSoPVwXO', 'md5': '7f0b4f61510d1f0e282d2ba2dd0d794e', 'sha1': 'efb3c77730b8b627a869f4b2a9ff6096f403324a', 'sha256': '0da9cd71b4316782b7c37f83f89e10a65e2cbd2aa2948d6e046c10deb7a1411c'}, 'dob': {'date': '1956-06-23T00:39:35.694Z', 'age': 67}, 'registered': {'date': '2019-07-18T16:09:53.824Z', 'age': 4}, 'phone': 'T32 B13-9376', 'cell': 'X65 P11-7642', 'id': {'name': 'SIN', 'value': '877378588'}, 'picture': {'large': 'https://randomuser.me/api/portraits/men/63.jpg', 'medium': 'https://randomuser.me/api/portraits/med/men/63.jpg', 'thumbnail': 'https://randomuser.me/api/portraits/thumb/men/63.jpg'}, 'nat': 'CA'}</msg>
<arg>${json_data['results'][0]}</arg>
<doc>Logs the given message with the given level.</doc>
<status status="PASS" start="2024-05-07T12:26:15.105225" elapsed="0.000417"/>
</kw>
<kw name="Log" owner="BuiltIn">
<msg time="2024-05-07T12:26:15.106073" level="INFO">gender</msg>
<arg>${key}</arg>
<doc>Logs the given message with the given level.</doc>
<status status="PASS" start="2024-05-07T12:26:15.105946" elapsed="0.000164"/>
</kw>
<var name="${key}">gender</var>
<status status="PASS" start="2024-05-07T12:26:15.104352" elapsed="0.001972"/>
</iter>
<iter>
<kw name="Dictionary Should Contain Key" owner="Collections">
<msg time="2024-05-07T12:26:15.107032" level="INFO">False</msg>
<arg>${json_data['results'][0]}</arg>
<arg>${key}</arg>
<doc>Fails if ``key`` is not found from ``dictionary``.</doc>
<status status="PASS" start="2024-05-07T12:26:15.106624" elapsed="0.000446"/>
</kw>
<kw name="Log" owner="BuiltIn">
<msg time="2024-05-07T12:26:15.107764" level="INFO">{'gender': 'male', 'name': {'title': 'Mr', 'first': 'Carter', 'last': 'Lavigne'}, 'location': {'street': {'number': 4555, 'name': 'Dufferin St'}, 'city': 'Woodstock', 'state': 'Manitoba', 'country': 'Canada', 'postcode': 'R2Q 6Z3', 'coordinates': {'latitude': '-69.8951', 'longitude': '-172.0384'}, 'timezone': {'offset': '-5:00', 'description': 'Eastern Time (US &amp; Canada), Bogota, Lima'}}, 'email': 'carter.lavigne@example.com', 'login': {'uuid': '38476f23-0b3a-4c5c-adb7-83dac53025e5', 'username': 'sadladybug580', 'password': 'stefan', 'salt': 'bSoPVwXO', 'md5': '7f0b4f61510d1f0e282d2ba2dd0d794e', 'sha1': 'efb3c77730b8b627a869f4b2a9ff6096f403324a', 'sha256': '0da9cd71b4316782b7c37f83f89e10a65e2cbd2aa2948d6e046c10deb7a1411c'}, 'dob': {'date': '1956-06-23T00:39:35.694Z', 'age': 67}, 'registered': {'date': '2019-07-18T16:09:53.824Z', 'age': 4}, 'phone': 'T32 B13-9376', 'cell': 'X65 P11-7642', 'id': {'name': 'SIN', 'value': '877378588'}, 'picture': {'large': 'https://randomuser.me/api/portraits/men/63.jpg', 'medium': 'https://randomuser.me/api/portraits/med/men/63.jpg', 'thumbnail': 'https://randomuser.me/api/portraits/thumb/men/63.jpg'}, 'nat': 'CA'}</msg>
<arg>${json_data['results'][0]}</arg>
<doc>Logs the given message with the given level.</doc>
<status status="PASS" start="2024-05-07T12:26:15.107398" elapsed="0.000412"/>
</kw>
<kw name="Log" owner="BuiltIn">
<msg time="2024-05-07T12:26:15.108231" level="INFO">name</msg>
<arg>${key}</arg>
<doc>Logs the given message with the given level.</doc>
<status status="PASS" start="2024-05-07T12:26:15.108105" elapsed="0.000162"/>
</kw>
<var name="${key}">name</var>
<status status="PASS" start="2024-05-07T12:26:15.106510" elapsed="0.001968"/>
</iter>
<iter>
<kw name="Dictionary Should Contain Key" owner="Collections">
<msg time="2024-05-07T12:26:15.109158" level="INFO">False</msg>
<arg>${json_data['results'][0]}</arg>
<arg>${key}</arg>
<doc>Fails if ``key`` is not found from ``dictionary``.</doc>
<status status="PASS" start="2024-05-07T12:26:15.108772" elapsed="0.000422"/>
</kw>
<kw name="Log" owner="BuiltIn">
<msg time="2024-05-07T12:26:15.109849" level="INFO">{'gender': 'male', 'name': {'title': 'Mr', 'first': 'Carter', 'last': 'Lavigne'}, 'location': {'street': {'number': 4555, 'name': 'Dufferin St'}, 'city': 'Woodstock', 'state': 'Manitoba', 'country': 'Canada', 'postcode': 'R2Q 6Z3', 'coordinates': {'latitude': '-69.8951', 'longitude': '-172.0384'}, 'timezone': {'offset': '-5:00', 'description': 'Eastern Time (US &amp; Canada), Bogota, Lima'}}, 'email': 'carter.lavigne@example.com', 'login': {'uuid': '38476f23-0b3a-4c5c-adb7-83dac53025e5', 'username': 'sadladybug580', 'password': 'stefan', 'salt': 'bSoPVwXO', 'md5': '7f0b4f61510d1f0e282d2ba2dd0d794e', 'sha1': 'efb3c77730b8b627a869f4b2a9ff6096f403324a', 'sha256': '0da9cd71b4316782b7c37f83f89e10a65e2cbd2aa2948d6e046c10deb7a1411c'}, 'dob': {'date': '1956-06-23T00:39:35.694Z', 'age': 67}, 'registered': {'date': '2019-07-18T16:09:53.824Z', 'age': 4}, 'phone': 'T32 B13-9376', 'cell': 'X65 P11-7642', 'id': {'name': 'SIN', 'value': '877378588'}, 'picture': {'large': 'https://randomuser.me/api/portraits/men/63.jpg', 'medium': 'https://randomuser.me/api/portraits/med/men/63.jpg', 'thumbnail': 'https://randomuser.me/api/portraits/thumb/men/63.jpg'}, 'nat': 'CA'}</msg>
<arg>${json_data['results'][0]}</arg>
<doc>Logs the given message with the given level.</doc>
<status status="PASS" start="2024-05-07T12:26:15.109491" elapsed="0.000406"/>
</kw>
<kw name="Log" owner="BuiltIn">
<msg time="2024-05-07T12:26:15.110314" level="INFO">location</msg>
<arg>${key}</arg>
<doc>Logs the given message with the given level.</doc>
<status status="PASS" start="2024-05-07T12:26:15.110190" elapsed="0.000161"/>
</kw>
<var name="${key}">location</var>
<status status="PASS" start="2024-05-07T12:26:15.108659" elapsed="0.001907"/>
</iter>
<iter>
<kw name="Dictionary Should Contain Key" owner="Collections">
<msg time="2024-05-07T12:26:15.111301" level="INFO">False</msg>
<arg>${json_data['results'][0]}</arg>
<arg>${key}</arg>
<doc>Fails if ``key`` is not found from ``dictionary``.</doc>
<status status="PASS" start="2024-05-07T12:26:15.110854" elapsed="0.000485"/>
</kw>
<kw name="Log" owner="BuiltIn">
<msg time="2024-05-07T12:26:15.112006" level="INFO">{'gender': 'male', 'name': {'title': 'Mr', 'first': 'Carter', 'last': 'Lavigne'}, 'location': {'street': {'number': 4555, 'name': 'Dufferin St'}, 'city': 'Woodstock', 'state': 'Manitoba', 'country': 'Canada', 'postcode': 'R2Q 6Z3', 'coordinates': {'latitude': '-69.8951', 'longitude': '-172.0384'}, 'timezone': {'offset': '-5:00', 'description': 'Eastern Time (US &amp; Canada), Bogota, Lima'}}, 'email': 'carter.lavigne@example.com', 'login': {'uuid': '38476f23-0b3a-4c5c-adb7-83dac53025e5', 'username': 'sadladybug580', 'password': 'stefan', 'salt': 'bSoPVwXO', 'md5': '7f0b4f61510d1f0e282d2ba2dd0d794e', 'sha1': 'efb3c77730b8b627a869f4b2a9ff6096f403324a', 'sha256': '0da9cd71b4316782b7c37f83f89e10a65e2cbd2aa2948d6e046c10deb7a1411c'}, 'dob': {'date': '1956-06-23T00:39:35.694Z', 'age': 67}, 'registered': {'date': '2019-07-18T16:09:53.824Z', 'age': 4}, 'phone': 'T32 B13-9376', 'cell': 'X65 P11-7642', 'id': {'name': 'SIN', 'value': '877378588'}, 'picture': {'large': 'https://randomuser.me/api/portraits/men/63.jpg', 'medium': 'https://randomuser.me/api/portraits/med/men/63.jpg', 'thumbnail': 'https://randomuser.me/api/portraits/thumb/men/63.jpg'}, 'nat': 'CA'}</msg>
<arg>${json_data['results'][0]}</arg>
<doc>Logs the given message with the given level.</doc>
<status status="PASS" start="2024-05-07T12:26:15.111642" elapsed="0.000412"/>
</kw>
<kw name="Log" owner="BuiltIn">
<msg time="2024-05-07T12:26:15.112470" level="INFO">email</msg>
<arg>${key}</arg>
<doc>Logs the given message with the given level.</doc>
<status status="PASS" start="2024-05-07T12:26:15.112345" elapsed="0.000161"/>
</kw>
<var name="${key}">email</var>
<status status="PASS" start="2024-05-07T12:26:15.110740" elapsed="0.001978"/>
</iter>
<iter>
<kw name="Dictionary Should Contain Key" owner="Collections">
<msg time="2024-05-07T12:26:15.113381" level="INFO">False</msg>
<arg>${json_data['results'][0]}</arg>
<arg>${key}</arg>
<doc>Fails if ``key`` is not found from ``dictionary``.</doc>
<status status="PASS" start="2024-05-07T12:26:15.112997" elapsed="0.000420"/>
</kw>
<kw name="Log" owner="BuiltIn">
<msg time="2024-05-07T12:26:15.114073" level="INFO">{'gender': 'male', 'name': {'title': 'Mr', 'first': 'Carter', 'last': 'Lavigne'}, 'location': {'street': {'number': 4555, 'name': 'Dufferin St'}, 'city': 'Woodstock', 'state': 'Manitoba', 'country': 'Canada', 'postcode': 'R2Q 6Z3', 'coordinates': {'latitude': '-69.8951', 'longitude': '-172.0384'}, 'timezone': {'offset': '-5:00', 'description': 'Eastern Time (US &amp; Canada), Bogota, Lima'}}, 'email': 'carter.lavigne@example.com', 'login': {'uuid': '38476f23-0b3a-4c5c-adb7-83dac53025e5', 'username': 'sadladybug580', 'password': 'stefan', 'salt': 'bSoPVwXO', 'md5': '7f0b4f61510d1f0e282d2ba2dd0d794e', 'sha1': 'efb3c77730b8b627a869f4b2a9ff6096f403324a', 'sha256': '0da9cd71b4316782b7c37f83f89e10a65e2cbd2aa2948d6e046c10deb7a1411c'}, 'dob': {'date': '1956-06-23T00:39:35.694Z', 'age': 67}, 'registered': {'date': '2019-07-18T16:09:53.824Z', 'age': 4}, 'phone': 'T32 B13-9376', 'cell': 'X65 P11-7642', 'id': {'name': 'SIN', 'value': '877378588'}, 'picture': {'large': 'https://randomuser.me/api/portraits/men/63.jpg', 'medium': 'https://randomuser.me/api/portraits/med/men/63.jpg', 'thumbnail': 'https://randomuser.me/api/portraits/thumb/men/63.jpg'}, 'nat': 'CA'}</msg>
<arg>${json_data['results'][0]}</arg>
<doc>Logs the given message with the given level.</doc>
<status status="PASS" start="2024-05-07T12:26:15.113715" elapsed="0.000406"/>
</kw>
<kw name="Log" owner="BuiltIn">
<msg time="2024-05-07T12:26:15.114542" level="INFO">login</msg>
<arg>${key}</arg>
<doc>Logs the given message with the given level.</doc>
<status status="PASS" start="2024-05-07T12:26:15.114416" elapsed="0.000163"/>
</kw>
<var name="${key}">login</var>
<status status="PASS" start="2024-05-07T12:26:15.112888" elapsed="0.001933"/>
</iter>
<var>${key}</var>
<value>@{expected_keys}</value>
<status status="PASS" start="2024-05-07T12:26:15.104156" elapsed="0.010809"/>
</for>
<kw name="Create List" owner="BuiltIn">
<msg time="2024-05-07T12:26:15.115315" level="INFO">${expected_keysTwo} = ['username', 'password']</msg>
<var>${expected_keysTwo}</var>
<arg>username</arg>
<arg>password</arg>
<doc>Returns a list containing given items.</doc>
<status status="PASS" start="2024-05-07T12:26:15.115177" elapsed="0.000161"/>
</kw>
<for flavor="IN">
<iter>
<kw name="Dictionary Should Contain Key" owner="Collections">
<msg time="2024-05-07T12:26:15.116233" level="INFO">False</msg>
<arg>${json_data['results'][0]['login']}</arg>
<arg>${keyTwo}</arg>
<doc>Fails if ``key`` is not found from ``dictionary``.</doc>
<status status="PASS" start="2024-05-07T12:26:15.115843" elapsed="0.000426"/>
</kw>
<kw name="Dictionary Should Contain Key" owner="Collections">
<msg time="2024-05-07T12:26:15.116939" level="INFO">False</msg>
<arg>${json_data['results'][0]['login']}</arg>
<arg>${keyTwo}</arg>
<doc>Fails if ``key`` is not found from ``dictionary``.</doc>
<status status="PASS" start="2024-05-07T12:26:15.116561" elapsed="0.000414"/>
</kw>
<kw name="Log" owner="BuiltIn">
<msg time="2024-05-07T12:26:15.117390" level="INFO">username</msg>
<arg>${keyTwo}</arg>
<doc>Logs the given message with the given level.</doc>
<status status="PASS" start="2024-05-07T12:26:15.117266" elapsed="0.000171"/>
</kw>
<var name="${keyTwo}">username</var>
<status status="PASS" start="2024-05-07T12:26:15.115734" elapsed="0.001919"/>
</iter>
<iter>
<kw name="Dictionary Should Contain Key" owner="Collections">
<msg time="2024-05-07T12:26:15.118411" level="INFO">False</msg>
<arg>${json_data['results'][0]['login']}</arg>
<arg>${keyTwo}</arg>
<doc>Fails if ``key`` is not found from ``dictionary``.</doc>
<status status="PASS" start="2024-05-07T12:26:15.117941" elapsed="0.000511"/>
</kw>
<kw name="Dictionary Should Contain Key" owner="Collections">
<msg time="2024-05-07T12:26:15.119174" level="INFO">False</msg>
<arg>${json_data['results'][0]['login']}</arg>
<arg>${keyTwo}</arg>
<doc>Fails if ``key`` is not found from ``dictionary``.</doc>
<status status="PASS" start="2024-05-07T12:26:15.118751" elapsed="0.000460"/>
</kw>
<kw name="Log" owner="BuiltIn">
<msg time="2024-05-07T12:26:15.119635" level="INFO">password</msg>
<arg>${keyTwo}</arg>
<doc>Logs the given message with the given level.</doc>
<status status="PASS" start="2024-05-07T12:26:15.119508" elapsed="0.000165"/>
</kw>
<var name="${keyTwo}">password</var>
<status status="PASS" start="2024-05-07T12:26:15.117823" elapsed="0.002063"/>
</iter>
<var>${keyTwo}</var>
<value>@{expected_keysTwo}</value>
<status status="PASS" start="2024-05-07T12:26:15.115577" elapsed="0.004430"/>
</for>
<status status="PASS" start="2024-05-07T12:26:15.002520" elapsed="0.117632"/>
</kw>
<doc>Testa a estrutura da resposta da API.</doc>
<tag>testeEstruturaResposta</tag>
<status status="PASS" start="2024-05-07T12:26:15.001909" elapsed="0.118408"/>
</test>
<test id="s1-s1-t4" name="Validar tipos de dados" line="28">
<kw name="Teste de Tipos de Dados" owner="random-user-service">
<kw name="GET On Session" owner="RequestsLibrary">
<msg time="2024-05-07T12:26:15.203940" level="INFO">GET Request : url=https://randomuser.me/api 
 path_url=/api 
 headers={'User-Agent': 'python-requests/2.31.0', 'Accept-Encoding': 'gzip, deflate', 'Accept': '*/*', 'Connection': 'keep-alive'} 
 body=None 
 </msg>
<msg time="2024-05-07T12:26:15.204040" level="INFO">GET Response : url=https://randomuser.me/api 
 status=200, reason=OK 
 headers={'Date': 'Tue, 07 May 2024 12:26:15 GMT', 'Content-Type': 'application/json; charset=utf-8', 'Transfer-Encoding': 'chunked', 'Connection': 'keep-alive', 'X-Powered-By': 'Express', 'Access-Control-Allow-Origin': '*', 'Cache-Control': 'no-cache', 'ETag': 'W/"492-GNRdlpV8eY6tlPEe/o+O4CthTqg"', 'Vary': 'Accept-Encoding', 'Content-Encoding': 'gzip', 'CF-Cache-Status': 'DYNAMIC', 'Report-To': '{"endpoints":[{"url":"https:\\/\\/a.nel.cloudflare.com\\/report\\/v4?s=ttrj67xFl%2B3n1QC%2Bh%2Fg7hb3irpos%2B%2FfWC88MBTkXELaMku3g5fmK3URgr3cgUIEFcBmJOCwRqgyDVGOmEtz4Yl2nqnYfoDEU0Gf1xq2PIdx1DmWvxigEXmu1GjWenPVh"}],"group":"cf-nel","max_age":604800}', 'NEL': '{"success_fraction":0,"report_to":"cf-nel","max_age":604800}', 'Server': 'cloudflare', 'CF-RAY': '880132848c896094-ORD', 'alt-svc': 'h3=":443"; ma=86400'} 
 body={"results":[{"gender":"female","name":{"title":"Mrs","first":"Karla","last":"Møller"},"location":{"street":{"number":7842,"name":"Kirkebyvej"},"city":"Nørrebro","state":"Nordjylland","country":"Denmark","postcode":62712,"coordinates":{"latitude":"-41.6593","longitude":"21.0599"},"timezone":{"offset":"+9:00","description":"Tokyo, Seoul, Osaka, Sapporo, Yakutsk"}},"email":"karla.moller@example.com","login":{"uuid":"797dc69a-9614-47c8-adcd-c7c110594745","username":"ticklishrabbit516","password":"rightnow","salt":"AftBWHiY","md5":"94681f40a96c7d17e216f53b81f74370","sha1":"c48244a5fce5b2198d0940ee36699b8a8c5ae655","sha256":"66e89324e4c38707dd2f6e7754fc39865a43adf77c7098e37aeebe0229939720"},"dob":{"date":"1988-02-11T05:04:13.236Z","age":36},"registered":{"date":"2004-08-01T04:13:47.930Z","age":19},"phone":"03624235","cell":"37359823","id":{"name":"CPR","value":"100288-0625"},"picture":{"large":"https://randomuser.me/api/portraits/women/9.jpg","medium":"https://randomuser.me/api/portraits/med/women/9.jpg","thumbnail":"https://randomuser.me/api/portraits/thumb/women/9.jpg"},"nat":"DK"}],"info":{"seed":"0401be632e56aa62","results":1,"page":1,"version":"1.4"}} 
 </msg>
<msg time="2024-05-07T12:26:15.204111" level="INFO">/opt/hostedtoolcache/Python/3.12.3/x64/lib/python3.12/site-packages/urllib3/connectionpool.py:1103: InsecureRequestWarning: Unverified HTTPS request is being made to host 'randomuser.me'. Adding certificate verification is strongly advised. See: https://urllib3.readthedocs.io/en/latest/advanced-usage.html#tls-warnings
  warnings.warn(</msg>
<msg time="2024-05-07T12:26:15.204236" level="INFO">${response} = &lt;Response [200]&gt;</msg>
<var>${response}</var>
<arg>consultarAPI</arg>
<arg>/api</arg>
<doc>Sends a GET request on a previously created HTTP Session.</doc>
<status status="PASS" start="2024-05-07T12:26:15.122921" elapsed="0.081354"/>
</kw>
<kw name="Set Variable" owner="BuiltIn">
<msg time="2024-05-07T12:26:15.205450" level="INFO">${json_data} = {'results': [{'gender': 'female', 'name': {'title': 'Mrs', 'first': 'Karla', 'last': 'Møller'}, 'location': {'street': {'number': 7842, 'name': 'Kirkebyvej'}, 'city': 'Nørrebro', 'state': 'Nordjylland...</msg>
<var>${json_data}</var>
<arg>${response.json()}</arg>
<doc>Returns the given values which can then be assigned to a variables.</doc>
<status status="PASS" start="2024-05-07T12:26:15.204881" elapsed="0.000599"/>
</kw>
<kw name="Log" owner="BuiltIn">
<msg time="2024-05-07T12:26:15.205946" level="INFO">{'results': [{'gender': 'female', 'name': {'title': 'Mrs', 'first': 'Karla', 'last': 'Møller'}, 'location': {'street': {'number': 7842, 'name': 'Kirkebyvej'}, 'city': 'Nørrebro', 'state': 'Nordjylland', 'country': 'Denmark', 'postcode': 62712, 'coordinates': {'latitude': '-41.6593', 'longitude': '21.0599'}, 'timezone': {'offset': '+9:00', 'description': 'Tokyo, Seoul, Osaka, Sapporo, Yakutsk'}}, 'email': 'karla.moller@example.com', 'login': {'uuid': '797dc69a-9614-47c8-adcd-c7c110594745', 'username': 'ticklishrabbit516', 'password': 'rightnow', 'salt': 'AftBWHiY', 'md5': '94681f40a96c7d17e216f53b81f74370', 'sha1': 'c48244a5fce5b2198d0940ee36699b8a8c5ae655', 'sha256': '66e89324e4c38707dd2f6e7754fc39865a43adf77c7098e37aeebe0229939720'}, 'dob': {'date': '1988-02-11T05:04:13.236Z', 'age': 36}, 'registered': {'date': '2004-08-01T04:13:47.930Z', 'age': 19}, 'phone': '03624235', 'cell': '37359823', 'id': {'name': 'CPR', 'value': '100288-0625'}, 'picture': {'large': 'https://randomuser.me/api/portraits/women/9.jpg', 'medium': 'https://randomuser.me/api/portraits/med/women/9.jpg', 'thumbnail': 'https://randomuser.me/api/portraits/thumb/women/9.jpg'}, 'nat': 'DK'}], 'info': {'seed': '0401be632e56aa62', 'results': 1, 'page': 1, 'version': '1.4'}}</msg>
<arg>${json_data}</arg>
<doc>Logs the given message with the given level.</doc>
<status status="PASS" start="2024-05-07T12:26:15.205788" elapsed="0.000243"/>
</kw>
<kw name="Should Be String" owner="String">
<arg>${json_data['results'][0]['gender']}</arg>
<doc>Fails if the given ``item`` is not a string.</doc>
<status status="PASS" start="2024-05-07T12:26:15.206327" elapsed="0.000367"/>
</kw>
<kw name="Should Match Regexp" owner="BuiltIn">
<arg>${json_data['results'][0]['email']}</arg>
<arg>^[a-zA-Z0-9._%+-]+@[a-zA-Z0-9.-]+\.[a-zA-Z]{2,}$</arg>
<doc>Fails if ``string`` does not match ``pattern`` as a regular expression.</doc>
<status status="PASS" start="2024-05-07T12:26:15.206887" elapsed="0.000552"/>
</kw>
<kw name="Should Match Regexp" owner="BuiltIn">
<arg>${json_data['results'][0]['dob']['date']}</arg>
<arg>\\d{4}-\\d{2}-\\d{2}T\\d{2}:\\d{2}:\\d{2}\\.\\d{3}Z</arg>
<doc>Fails if ``string`` does not match ``pattern`` as a regular expression.</doc>
<status status="PASS" start="2024-05-07T12:26:15.207633" elapsed="0.000498"/>
</kw>
<kw name="Should Match Regexp" owner="BuiltIn">
<arg>${json_data['results'][0]['registered']['date']}</arg>
<arg>\\d{4}-\\d{2}-\\d{2}T\\d{2}:\\d{2}:\\d{2}\\.\\d{3}Z</arg>
<doc>Fails if ``string`` does not match ``pattern`` as a regular expression.</doc>
<status status="PASS" start="2024-05-07T12:26:15.208318" elapsed="0.000361"/>
</kw>
<kw name="Should Match Regexp" owner="BuiltIn">
<arg>${json_data['results'][0]['picture']['large']}</arg>
<arg>^https?://.*\.(?:png|jpe?g|gif|bmp)$</arg>
<doc>Fails if ``string`` does not match ``pattern`` as a regular expression.</doc>
<status status="PASS" start="2024-05-07T12:26:15.208868" elapsed="0.000454"/>
</kw>
<kw name="Should Match Regexp" owner="BuiltIn">
<arg>${json_data['results'][0]['picture']['medium']}</arg>
<arg>^https?://.*\.(?:png|jpe?g|gif|bmp)$</arg>
<doc>Fails if ``string`` does not match ``pattern`` as a regular expression.</doc>
<status status="PASS" start="2024-05-07T12:26:15.209504" elapsed="0.000359"/>
</kw>
<kw name="Should Match Regexp" owner="BuiltIn">
<arg>${json_data['results'][0]['picture']['thumbnail']}</arg>
<arg>^https?://.*\.(?:png|jpe?g|gif|bmp)$</arg>
<doc>Fails if ``string`` does not match ``pattern`` as a regular expression.</doc>
<status status="PASS" start="2024-05-07T12:26:15.210050" elapsed="0.000346"/>
</kw>
<kw name="Log" owner="BuiltIn">
<msg time="2024-05-07T12:26:15.210890" level="INFO">{'large': 'https://randomuser.me/api/portraits/women/9.jpg', 'medium': 'https://randomuser.me/api/portraits/med/women/9.jpg', 'thumbnail': 'https://randomuser.me/api/portraits/thumb/women/9.jpg'}</msg>
<arg>${json_data['results'][0]['picture']}</arg>
<doc>Logs the given message with the given level.</doc>
<status status="PASS" start="2024-05-07T12:26:15.210573" elapsed="0.000357"/>
</kw>
<status status="PASS" start="2024-05-07T12:26:15.122683" elapsed="0.088536"/>
</kw>
<kw name="Teste de Tipos de Dados - Postcode" owner="random-user-service">
<kw name="GET On Session" owner="RequestsLibrary">
<msg time="2024-05-07T12:26:15.318154" level="INFO">GET Request : url=https://randomuser.me/api 
 path_url=/api 
 headers={'User-Agent': 'python-requests/2.31.0', 'Accept-Encoding': 'gzip, deflate', 'Accept': '*/*', 'Connection': 'keep-alive'} 
 body=None 
 </msg>
<msg time="2024-05-07T12:26:15.318244" level="INFO">GET Response : url=https://randomuser.me/api 
 status=200, reason=OK 
 headers={'Date': 'Tue, 07 May 2024 12:26:15 GMT', 'Content-Type': 'application/json; charset=utf-8', 'Transfer-Encoding': 'chunked', 'Connection': 'keep-alive', 'X-Powered-By': 'Express', 'Access-Control-Allow-Origin': '*', 'Cache-Control': 'no-cache', 'ETag': 'W/"49a-eQnDqjIek4NzUFKbIfjiz5JB3Pw"', 'Vary': 'Accept-Encoding', 'Content-Encoding': 'gzip', 'CF-Cache-Status': 'DYNAMIC', 'Report-To': '{"endpoints":[{"url":"https:\\/\\/a.nel.cloudflare.com\\/report\\/v4?s=spZldy1K848QckqKxihQCk3RAJQXl4cPhXuRCUPELwG3n0pV%2FoNoMHMhxQR7LdhEu8gWBQVeJkTlzWteaBtRcoqtgUgLUJ3fEkB54n1Jgcl0miYxzP3uMJKiXdsALbkQ"}],"group":"cf-nel","max_age":604800}', 'NEL': '{"success_fraction":0,"report_to":"cf-nel","max_age":604800}', 'Server': 'cloudflare', 'CF-RAY': '880132851d276094-ORD', 'alt-svc': 'h3=":443"; ma=86400'} 
 body={"results":[{"gender":"male","name":{"title":"Monsieur","first":"Theo","last":"Lefebvre"},"location":{"street":{"number":7514,"name":"Rue de la Mairie"},"city":"Aegerten","state":"Schwyz","country":"Switzerland","postcode":1281,"coordinates":{"latitude":"-61.7549","longitude":"-55.2658"},"timezone":{"offset":"-3:00","description":"Brazil, Buenos Aires, Georgetown"}},"email":"theo.lefebvre@example.com","login":{"uuid":"e85ca099-7f68-4422-9e9f-263c05f3b655","username":"organicwolf236","password":"usmc","salt":"D7zHphl2","md5":"41789e80a071e461df402a48b2cdaa12","sha1":"ac18c153af4cc83c4299fb52995f78e43596e50d","sha256":"081f01d925ccc86c1ac5a14c1456596ba3b2e12fde71942d940926e586c064db"},"dob":{"date":"1969-03-16T01:18:23.545Z","age":55},"registered":{"date":"2006-10-27T10:52:03.592Z","age":17},"phone":"076 926 33 35","cell":"077 575 28 03","id":{"name":"AVS","value":"756.7872.7192.64"},"picture":{"large":"https://randomuser.me/api/portraits/men/80.jpg","medium":"https://randomuser.me/api/portraits/med/men/80.jpg","thumbnail":"https://randomuser.me/api/portraits/thumb/men/80.jpg"},"nat":"CH"}],"info":{"seed":"103421bf32782513","results":1,"page":1,"version":"1.4"}} 
 </msg>
<msg time="2024-05-07T12:26:15.318308" level="INFO">/opt/hostedtoolcache/Python/3.12.3/x64/lib/python3.12/site-packages/urllib3/connectionpool.py:1103: InsecureRequestWarning: Unverified HTTPS request is being made to host 'randomuser.me'. Adding certificate verification is strongly advised. See: https://urllib3.readthedocs.io/en/latest/advanced-usage.html#tls-warnings
  warnings.warn(</msg>
<msg time="2024-05-07T12:26:15.318432" level="INFO">${response} = &lt;Response [200]&gt;</msg>
<var>${response}</var>
<arg>consultarAPI</arg>
<arg>/api</arg>
<doc>Sends a GET request on a previously created HTTP Session.</doc>
<status status="PASS" start="2024-05-07T12:26:15.211680" elapsed="0.106791"/>
</kw>
<kw name="Set Variable" owner="BuiltIn">
<msg time="2024-05-07T12:26:15.319702" level="INFO">${json_data} = {'results': [{'gender': 'male', 'name': {'title': 'Monsieur', 'first': 'Theo', 'last': 'Lefebvre'}, 'location': {'street': {'number': 7514, 'name': 'Rue de la Mairie'}, 'city': 'Aegerten', 'state': 'S...</msg>
<var>${json_data}</var>
<arg>${response.json()}</arg>
<doc>Returns the given values which can then be assigned to a variables.</doc>
<status status="PASS" start="2024-05-07T12:26:15.319074" elapsed="0.000656"/>
</kw>
<kw name="Log" owner="BuiltIn">
<msg time="2024-05-07T12:26:15.320197" level="INFO">{'results': [{'gender': 'male', 'name': {'title': 'Monsieur', 'first': 'Theo', 'last': 'Lefebvre'}, 'location': {'street': {'number': 7514, 'name': 'Rue de la Mairie'}, 'city': 'Aegerten', 'state': 'Schwyz', 'country': 'Switzerland', 'postcode': 1281, 'coordinates': {'latitude': '-61.7549', 'longitude': '-55.2658'}, 'timezone': {'offset': '-3:00', 'description': 'Brazil, Buenos Aires, Georgetown'}}, 'email': 'theo.lefebvre@example.com', 'login': {'uuid': 'e85ca099-7f68-4422-9e9f-263c05f3b655', 'username': 'organicwolf236', 'password': 'usmc', 'salt': 'D7zHphl2', 'md5': '41789e80a071e461df402a48b2cdaa12', 'sha1': 'ac18c153af4cc83c4299fb52995f78e43596e50d', 'sha256': '081f01d925ccc86c1ac5a14c1456596ba3b2e12fde71942d940926e586c064db'}, 'dob': {'date': '1969-03-16T01:18:23.545Z', 'age': 55}, 'registered': {'date': '2006-10-27T10:52:03.592Z', 'age': 17}, 'phone': '076 926 33 35', 'cell': '077 575 28 03', 'id': {'name': 'AVS', 'value': '756.7872.7192.64'}, 'picture': {'large': 'https://randomuser.me/api/portraits/men/80.jpg', 'medium': 'https://randomuser.me/api/portraits/med/men/80.jpg', 'thumbnail': 'https://randomuser.me/api/portraits/thumb/men/80.jpg'}, 'nat': 'CH'}], 'info': {'seed': '103421bf32782513', 'results': 1, 'page': 1, 'version': '1.4'}}</msg>
<arg>${json_data}</arg>
<doc>Logs the given message with the given level.</doc>
<status status="PASS" start="2024-05-07T12:26:15.320043" elapsed="0.000234"/>
</kw>
<kw name="Should Be Equal As Numbers" owner="BuiltIn">
<arg>${json_data['results'][0]['location']['postcode']}</arg>
<arg>${json_data['results'][0]['location']['postcode']}</arg>
<doc>Fails if objects are unequal after converting them to real numbers.</doc>
<status status="PASS" start="2024-05-07T12:26:15.320750" elapsed="0.000616"/>
</kw>
<kw name="Log" owner="BuiltIn">
<msg time="2024-05-07T12:26:15.321892" level="INFO">1281</msg>
<arg>${json_data['results'][0]['location']['postcode']}</arg>
<doc>Logs the given message with the given level.</doc>
<status status="PASS" start="2024-05-07T12:26:15.321557" elapsed="0.000373"/>
</kw>
<status status="PASS" start="2024-05-07T12:26:15.211450" elapsed="0.110733"/>
</kw>
<doc>Testa se os tipos de dados na resposta da API estão corretos.</doc>
<tag>testeTiposDados</tag>
<status status="PASS" start="2024-05-07T12:26:15.122089" elapsed="0.200262"/>
</test>
<test id="s1-s1-t5" name="Validar conteudo" line="35">
<kw name="Teste de Tipos de Conteudo" owner="random-user-service">
<kw name="GET On Session" owner="RequestsLibrary">
<msg time="2024-05-07T12:26:15.402061" level="INFO">GET Request : url=https://randomuser.me/api 
 path_url=/api 
 headers={'User-Agent': 'python-requests/2.31.0', 'Accept-Encoding': 'gzip, deflate', 'Accept': '*/*', 'Connection': 'keep-alive'} 
 body=None 
 </msg>
<msg time="2024-05-07T12:26:15.402153" level="INFO">GET Response : url=https://randomuser.me/api 
 status=200, reason=OK 
 headers={'Date': 'Tue, 07 May 2024 12:26:15 GMT', 'Content-Type': 'application/json; charset=utf-8', 'Transfer-Encoding': 'chunked', 'Connection': 'keep-alive', 'X-Powered-By': 'Express', 'Access-Control-Allow-Origin': '*', 'Cache-Control': 'no-cache', 'ETag': 'W/"473-F9entck6FwighlwP31QX767PAdU"', 'Vary': 'Accept-Encoding', 'Content-Encoding': 'gzip', 'CF-Cache-Status': 'DYNAMIC', 'Report-To': '{"endpoints":[{"url":"https:\\/\\/a.nel.cloudflare.com\\/report\\/v4?s=fImnXG6MXsHhhE6bmkyFQlh1do6B%2FcEgdZim4AsBhBUVB1V%2BuMqNUMXt80oLH9MR%2BBDnhl1sffwZRrbft5ulzE%2F3m%2F1iw6op9KEgzJ0DBqUg4LmhzQ0WtT5Pir7BcfIO"}],"group":"cf-nel","max_age":604800}', 'NEL': '{"success_fraction":0,"report_to":"cf-nel","max_age":604800}', 'Server': 'cloudflare', 'CF-RAY': '88013285ce026094-ORD', 'alt-svc': 'h3=":443"; ma=86400'} 
 body={"results":[{"gender":"male","name":{"title":"Mr","first":"Yosef","last":"Heyerdahl"},"location":{"street":{"number":6807,"name":"Rasmus Winderens vei"},"city":"Skudeneshavn","state":"Akershus","country":"Norway","postcode":"2333","coordinates":{"latitude":"45.7884","longitude":"-3.0529"},"timezone":{"offset":"-3:30","description":"Newfoundland"}},"email":"yosef.heyerdahl@example.com","login":{"uuid":"f54aab06-c085-4c71-b330-758044b6620e","username":"bluebear538","password":"chef","salt":"XcFxWChB","md5":"4dd58b3fbc249b702a5eed20fbe6aa6d","sha1":"c19656fa59a1fe321f24de4889a0e4f31b7b37ae","sha256":"23add1d14b7887daf03d32157e8f9dbe6740c46e860f2342484de890d1c81c98"},"dob":{"date":"1965-04-30T07:35:43.922Z","age":59},"registered":{"date":"2013-05-25T21:37:24.479Z","age":10},"phone":"33744109","cell":"44556775","id":{"name":"FN","value":"30046533182"},"picture":{"large":"https://randomuser.me/api/portraits/men/3.jpg","medium":"https://randomuser.me/api/portraits/med/men/3.jpg","thumbnail":"https://randomuser.me/api/portraits/thumb/men/3.jpg"},"nat":"NO"}],"info":{"seed":"c59996c47302cdc4","results":1,"page":1,"version":"1.4"}} 
 </msg>
<msg time="2024-05-07T12:26:15.402227" level="INFO">/opt/hostedtoolcache/Python/3.12.3/x64/lib/python3.12/site-packages/urllib3/connectionpool.py:1103: InsecureRequestWarning: Unverified HTTPS request is being made to host 'randomuser.me'. Adding certificate verification is strongly advised. See: https://urllib3.readthedocs.io/en/latest/advanced-usage.html#tls-warnings
  warnings.warn(</msg>
<msg time="2024-05-07T12:26:15.402350" level="INFO">${response} = &lt;Response [200]&gt;</msg>
<var>${response}</var>
<arg>consultarAPI</arg>
<arg>/api</arg>
<doc>Sends a GET request on a previously created HTTP Session.</doc>
<status status="PASS" start="2024-05-07T12:26:15.325232" elapsed="0.077158"/>
</kw>
<kw name="Set Variable" owner="BuiltIn">
<msg time="2024-05-07T12:26:15.403537" level="INFO">${json_data} = {'results': [{'gender': 'male', 'name': {'title': 'Mr', 'first': 'Yosef', 'last': 'Heyerdahl'}, 'location': {'street': {'number': 6807, 'name': 'Rasmus Winderens vei'}, 'city': 'Skudeneshavn', 'state'...</msg>
<var>${json_data}</var>
<arg>${response.json()}</arg>
<doc>Returns the given values which can then be assigned to a variables.</doc>
<status status="PASS" start="2024-05-07T12:26:15.402930" elapsed="0.000635"/>
</kw>
<kw name="Set Variable" owner="BuiltIn">
<msg time="2024-05-07T12:26:15.404260" level="INFO">${name_title} = Mr</msg>
<var>${name_title}</var>
<arg>${json_data["results"][0]["name"]["title"]}</arg>
<doc>Returns the given values which can then be assigned to a variables.</doc>
<status status="PASS" start="2024-05-07T12:26:15.403872" elapsed="0.000414"/>
</kw>
<kw name="Create List" owner="BuiltIn">
<msg time="2024-05-07T12:26:15.404730" level="INFO">${allowed_titles} = ['Mr', 'Ms', 'Miss', 'Mrs', 'Madame', 'Monsieur']</msg>
<var>${allowed_titles}</var>
<arg>Mr</arg>
<arg>Ms</arg>
<arg>Miss</arg>
<arg>Mrs</arg>
<arg>Madame</arg>
<arg>Monsieur</arg>
<doc>Returns a list containing given items.</doc>
<status status="PASS" start="2024-05-07T12:26:15.404584" elapsed="0.000170"/>
</kw>
<kw name="List Should Contain Value" owner="Collections">
<msg time="2024-05-07T12:26:15.405219" level="INFO">False</msg>
<arg>${allowed_titles}</arg>
<arg>${name_title}</arg>
<doc>Fails if the ``value`` is not found from ``list``.</doc>
<status status="PASS" start="2024-05-07T12:26:15.405047" elapsed="0.000208"/>
</kw>
<kw name="Set Variable" owner="BuiltIn">
<msg time="2024-05-07T12:26:15.405909" level="INFO">${name_country} = NO</msg>
<var>${name_country}</var>
<arg>${json_data["results"][0]["nat"]}</arg>
<doc>Returns the given values which can then be assigned to a variables.</doc>
<status status="PASS" start="2024-05-07T12:26:15.405541" elapsed="0.000392"/>
</kw>
<kw name="Create List" owner="BuiltIn">
<msg time="2024-05-07T12:26:15.406816" level="INFO">${list_country} = ['AD', 'AE', 'AF', 'AG', 'AI', 'AL', 'AM', 'AO', 'AQ', 'AR', 'AS', 'AT', 'AU', 'AW', 'AX', 'AZ', 'BA', 'BB', 'BD', 'BE', 'BF', 'BG', 'BH', 'BI', 'BJ', 'BL', 'BM', 'BN', 'BO', 'BQ', 'BR', 'BS', 'BT', '...</msg>
<var>${list_country}</var>
<arg>AD</arg>
<arg>AE</arg>
<arg>AF</arg>
<arg>AG</arg>
<arg>AI</arg>
<arg>AL</arg>
<arg>AM</arg>
<arg>AO</arg>
<arg>AQ</arg>
<arg>AR</arg>
<arg>AS</arg>
<arg>AT</arg>
<arg>AU</arg>
<arg>AW</arg>
<arg>AX</arg>
<arg>AZ</arg>
<arg>BA</arg>
<arg>BB</arg>
<arg>BD</arg>
<arg>BE</arg>
<arg>BF</arg>
<arg>BG</arg>
<arg>BH</arg>
<arg>BI</arg>
<arg>BJ</arg>
<arg>BL</arg>
<arg>BM</arg>
<arg>BN</arg>
<arg>BO</arg>
<arg>BQ</arg>
<arg>BR</arg>
<arg>BS</arg>
<arg>BT</arg>
<arg>BV</arg>
<arg>BW</arg>
<arg>BY</arg>
<arg>BZ</arg>
<arg>CA</arg>
<arg>CC</arg>
<arg>CD</arg>
<arg>CF</arg>
<arg>CG</arg>
<arg>CH</arg>
<arg>CI</arg>
<arg>CK</arg>
<arg>CL</arg>
<arg>CM</arg>
<arg>CN</arg>
<arg>CO</arg>
<arg>CR</arg>
<arg>CU</arg>
<arg>CV</arg>
<arg>CW</arg>
<arg>CX</arg>
<arg>CY</arg>
<arg>CZ</arg>
<arg>DE</arg>
<arg>DJ</arg>
<arg>DK</arg>
<arg>DM</arg>
<arg>DO</arg>
<arg>DZ</arg>
<arg>EC</arg>
<arg>EE</arg>
<arg>EG</arg>
<arg>EH</arg>
<arg>ER</arg>
<arg>ES</arg>
<arg>ET</arg>
<arg>FI</arg>
<arg>FJ</arg>
<arg>FK</arg>
<arg>FM</arg>
<arg>FO</arg>
<arg>FR</arg>
<arg>GA</arg>
<arg>GB</arg>
<arg>GD</arg>
<arg>GE</arg>
<arg>GF</arg>
<arg>GG</arg>
<arg>GH</arg>
<arg>GI</arg>
<arg>GL</arg>
<arg>GM</arg>
<arg>GN</arg>
<arg>GP</arg>
<arg>GQ</arg>
<arg>GR</arg>
<arg>GS</arg>
<arg>GT</arg>
<arg>GU</arg>
<arg>GW</arg>
<arg>GY</arg>
<arg>HK</arg>
<arg>HM</arg>
<arg>HN</arg>
<arg>HR</arg>
<arg>HT</arg>
<arg>HU</arg>
<arg>ID</arg>
<arg>IE</arg>
<arg>IL</arg>
<arg>IM</arg>
<arg>IN</arg>
<arg>IO</arg>
<arg>IQ</arg>
<arg>IR</arg>
<arg>IS</arg>
<arg>IT</arg>
<arg>JE</arg>
<arg>JM</arg>
<arg>JO</arg>
<arg>JP</arg>
<arg>KE</arg>
<arg>KG</arg>
<arg>KH</arg>
<arg>KI</arg>
<arg>KM</arg>
<arg>KN</arg>
<arg>KP</arg>
<arg>KR</arg>
<arg>KW</arg>
<arg>KY</arg>
<arg>KZ</arg>
<arg>LA</arg>
<arg>LB</arg>
<arg>LC</arg>
<arg>LI</arg>
<arg>LK</arg>
<arg>LR</arg>
<arg>LS</arg>
<arg>LT</arg>
<arg>LU</arg>
<arg>LV</arg>
<arg>LY</arg>
<arg>MA</arg>
<arg>MC</arg>
<arg>MD</arg>
<arg>ME</arg>
<arg>MF</arg>
<arg>MG</arg>
<arg>MH</arg>
<arg>MK</arg>
<arg>ML</arg>
<arg>MM</arg>
<arg>MN</arg>
<arg>MO</arg>
<arg>MP</arg>
<arg>MQ</arg>
<arg>MR</arg>
<arg>MS</arg>
<arg>MT</arg>
<arg>MU</arg>
<arg>MV</arg>
<arg>MW</arg>
<arg>MX</arg>
<arg>MY</arg>
<arg>MZ</arg>
<arg>NA</arg>
<arg>NC</arg>
<arg>NE</arg>
<arg>NF</arg>
<arg>NG</arg>
<arg>NI</arg>
<arg>NL</arg>
<arg>NO</arg>
<arg>NP</arg>
<arg>NR</arg>
<arg>NU</arg>
<arg>NZ</arg>
<arg>OM</arg>
<arg>PA</arg>
<arg>PE</arg>
<arg>PF</arg>
<arg>PG</arg>
<arg>PH</arg>
<arg>PK</arg>
<arg>PL</arg>
<arg>PM</arg>
<arg>PN</arg>
<arg>PR</arg>
<arg>PS</arg>
<arg>PT</arg>
<arg>PW</arg>
<arg>PY</arg>
<arg>QA</arg>
<arg>RE</arg>
<arg>RO</arg>
<arg>RS</arg>
<arg>RU</arg>
<arg>RW</arg>
<arg>SA</arg>
<arg>SB</arg>
<arg>SC</arg>
<arg>SD</arg>
<arg>SE</arg>
<arg>SG</arg>
<arg>SH</arg>
<arg>SI</arg>
<arg>SJ</arg>
<arg>SK</arg>
<arg>SL</arg>
<arg>SM</arg>
<arg>SN</arg>
<arg>SO</arg>
<arg>SR</arg>
<arg>SS</arg>
<arg>ST</arg>
<arg>SV</arg>
<arg>SX</arg>
<arg>SY</arg>
<arg>SZ</arg>
<arg>TC</arg>
<arg>TD</arg>
<arg>TF</arg>
<arg>TG</arg>
<arg>TH</arg>
<arg>TJ</arg>
<arg>TK</arg>
<arg>TL</arg>
<arg>TM</arg>
<arg>TN</arg>
<arg>TO</arg>
<arg>TR</arg>
<arg>TT</arg>
<arg>TV</arg>
<arg>TW</arg>
<arg>TZ</arg>
<arg>UA</arg>
<arg>UG</arg>
<arg>UM</arg>
<arg>US</arg>
<arg>UY</arg>
<arg>UZ</arg>
<arg>VA</arg>
<arg>VC</arg>
<arg>VE</arg>
<arg>VG</arg>
<arg>VI</arg>
<arg>VN</arg>
<arg>VU</arg>
<arg>WF</arg>
<arg>WS</arg>
<arg>XK</arg>
<arg>YE</arg>
<arg>YT</arg>
<arg>ZA</arg>
<arg>ZM</arg>
<arg>ZW</arg>
<doc>Returns a list containing given items.</doc>
<status status="PASS" start="2024-05-07T12:26:15.406231" elapsed="0.000610"/>
</kw>
<kw name="List Should Contain Value" owner="Collections">
<msg time="2024-05-07T12:26:15.407870" level="INFO">False</msg>
<arg>${list_country}</arg>
<arg>${name_country}</arg>
<doc>Fails if the ``value`` is not found from ``list``.</doc>
<status status="PASS" start="2024-05-07T12:26:15.407672" elapsed="0.000234"/>
</kw>
<kw name="Run Keyword If" owner="BuiltIn">
<kw name="Should Be True" owner="BuiltIn">
<arg>${True}</arg>
<doc>Fails if the given condition is not true.</doc>
<status status="PASS" start="2024-05-07T12:26:15.408972" elapsed="0.000250"/>
</kw>
<arg>${json_data["results"][0]["location"]["coordinates"]["latitude"]} &gt;= -90 and ${json_data["results"][0]["location"]["coordinates"]["latitude"]} &lt;= 90</arg>
<arg>Should Be True</arg>
<arg>${True}</arg>
<doc>Runs the given keyword with the given arguments, if ``condition`` is true.</doc>
<status status="PASS" start="2024-05-07T12:26:15.408215" elapsed="0.001138"/>
</kw>
<kw name="Run Keyword If" owner="BuiltIn">
<kw name="Should Be True" owner="BuiltIn">
<arg>${True}</arg>
<doc>Fails if the given condition is not true.</doc>
<status status="PASS" start="2024-05-07T12:26:15.410238" elapsed="0.000137"/>
</kw>
<arg>${json_data["results"][0]["location"]["coordinates"]["longitude"]} &gt;= -180 and ${json_data["results"][0]["location"]["coordinates"]["longitude"]} &lt;= 180</arg>
<arg>Should Be True</arg>
<arg>${True}</arg>
<doc>Runs the given keyword with the given arguments, if ``condition`` is true.</doc>
<status status="PASS" start="2024-05-07T12:26:15.409540" elapsed="0.000957"/>
</kw>
<status status="PASS" start="2024-05-07T12:26:15.324856" elapsed="0.085771"/>
</kw>
<doc>Testa o conteúdo específico dos campos retornados pela API.</doc>
<tag>testeConteudo</tag>
<status status="PASS" start="2024-05-07T12:26:15.324165" elapsed="0.086622"/>
</test>
<status status="PASS" start="2024-05-07T12:26:14.494719" elapsed="0.918057"/>
</suite>
<status status="PASS" start="2024-05-07T12:26:14.481342" elapsed="0.936613"/>
</suite>
<statistics>
<total>
<stat pass="5" fail="0" skip="0">All Tests</stat>
</total>
<tag>
<stat pass="1" fail="0" skip="0">testeConteudo</stat>
<stat pass="1" fail="0" skip="0">testeEstruturaResposta</stat>
<stat pass="1" fail="0" skip="0">testeRequisicaoBasica</stat>
<stat pass="1" fail="0" skip="0">testeTiposDados</stat>
</tag>
<suite>
<stat pass="5" fail="0" skip="0" id="s1" name="Tests">Tests</stat>
<stat pass="5" fail="0" skip="0" id="s1-s1" name="Random-User-Test">Tests.Random-User-Test</stat>
</suite>
</statistics>
<errors>
</errors>
</robot>
