<?xml version="1.0" encoding="UTF-8"?>
<robot generator="Robot 7.0 (Python 3.12.2 on linux)" generated="2024-04-15T07:11:15.219899" rpa="false" schemaversion="5">
<suite id="s1" name="Tests" source="/home/runner/work/DesafioQAItauRogerioJordao/DesafioQAItauRogerioJordao/RamdonUser/tests">
<suite id="s1-s1" name="Random-User-Test" source="/home/runner/work/DesafioQAItauRogerioJordao/DesafioQAItauRogerioJordao/RamdonUser/tests/random-user-test.robot">
<test id="s1-s1-t1" name="Conectar" line="13">
<kw name="Conectar API" owner="random-user-service">
<kw name="Create Session" owner="RequestsLibrary">
<msg time="2024-04-15T07:11:15.588412" level="INFO">Creating Session using : alias=consultarAPI, url=https://randomuser.me/, headers={},                     cookies={}, auth=None, timeout=None, proxies=None, verify=False,                     debug=0 </msg>
<arg>consultarAPI</arg>
<arg>${URL}</arg>
<doc>Create Session: create a HTTP session to a server</doc>
<status status="PASS" start="2024-04-15T07:11:15.588199" elapsed="0.000378"/>
</kw>
<status status="PASS" start="2024-04-15T07:11:15.587161" elapsed="0.001739"/>
</kw>
<status status="PASS" start="2024-04-15T07:11:15.586636" elapsed="0.002449"/>
</test>
<test id="s1-s1-t2" name="Validar retorno 200 e JSON Válido" line="16">
<kw name="Teste de Requisicao Basica" owner="random-user-service">
<kw name="GET On Session" owner="RequestsLibrary">
<msg time="2024-04-15T07:11:15.763181" level="INFO">GET Request : url=https://randomuser.me/api 
 path_url=/api 
 headers={'User-Agent': 'python-requests/2.31.0', 'Accept-Encoding': 'gzip, deflate', 'Accept': '*/*', 'Connection': 'keep-alive'} 
 body=None 
 </msg>
<msg time="2024-04-15T07:11:15.763297" level="INFO">GET Response : url=https://randomuser.me/api 
 status=200, reason=OK 
 headers={'Date': 'Mon, 15 Apr 2024 07:11:15 GMT', 'Content-Type': 'application/json; charset=utf-8', 'Transfer-Encoding': 'chunked', 'Connection': 'keep-alive', 'X-Powered-By': 'Express', 'Access-Control-Allow-Origin': '*', 'Cache-Control': 'no-cache', 'ETag': 'W/"495-Q3gwZ9Oq5y88PpAFCYL3dScyPGM"', 'Vary': 'Accept-Encoding', 'Content-Encoding': 'gzip', 'CF-Cache-Status': 'DYNAMIC', 'Report-To': '{"endpoints":[{"url":"https:\\/\\/a.nel.cloudflare.com\\/report\\/v4?s=td738z5SxAhH%2Fplmo%2F4atZQYTbsKGXmB0UvJ%2ByhE8%2Bj1Z6wyDap%2BdB02olCOIStDTli48bRhGE6nPzzfv1Z348avVn%2BcVBc%2BBPws9zhBDyLfsgO1SupT2JANGqd6yKnn"}],"group":"cf-nel","max_age":604800}', 'NEL': '{"success_fraction":0,"report_to":"cf-nel","max_age":604800}', 'Server': 'cloudflare', 'CF-RAY': '874a1edb58a03b7a-IAD', 'alt-svc': 'h3=":443"; ma=86400'} 
 body={"results":[{"gender":"male","name":{"title":"Mr","first":"Aquila","last":"da Cruz"},"location":{"street":{"number":5729,"name":"Rua Carlos Gomes"},"city":"Rio Branco","state":"Paraíba","country":"Brazil","postcode":76464,"coordinates":{"latitude":"-74.2340","longitude":"-37.7191"},"timezone":{"offset":"-3:00","description":"Brazil, Buenos Aires, Georgetown"}},"email":"aquila.dacruz@example.com","login":{"uuid":"13592b8b-82e3-4985-9097-7ed5c7860e91","username":"organickoala534","password":"2626","salt":"Fk6mKFuu","md5":"e1e72f384c4c068fae49a2793b93bf95","sha1":"9386ca8a576464c287a712dcc7d081e4f5a3ee04","sha256":"e94186a063d8e999de83efcbc8697803044b0587098a980b8fcb2d3c6beb24d5"},"dob":{"date":"1997-08-24T08:01:45.614Z","age":26},"registered":{"date":"2019-10-22T00:02:11.169Z","age":4},"phone":"(74) 5309-5067","cell":"(60) 4935-8545","id":{"name":"CPF","value":"395.612.275-97"},"picture":{"large":"https://randomuser.me/api/portraits/men/36.jpg","medium":"https://randomuser.me/api/portraits/med/men/36.jpg","thumbnail":"https://randomuser.me/api/portraits/thumb/men/36.jpg"},"nat":"BR"}],"info":{"seed":"50abbf60bfd53f1a","results":1,"page":1,"version":"1.4"}} 
 </msg>
<msg time="2024-04-15T07:11:15.763374" level="INFO">/opt/hostedtoolcache/Python/3.12.2/x64/lib/python3.12/site-packages/urllib3/connectionpool.py:1103: InsecureRequestWarning: Unverified HTTPS request is being made to host 'randomuser.me'. Adding certificate verification is strongly advised. See: https://urllib3.readthedocs.io/en/latest/advanced-usage.html#tls-warnings
  warnings.warn(</msg>
<msg time="2024-04-15T07:11:15.763492" level="INFO">${response} = &lt;Response [200]&gt;</msg>
<var>${response}</var>
<arg>consultarAPI</arg>
<arg>/api</arg>
<doc>Sends a GET request on a previously created HTTP Session.</doc>
<status status="PASS" start="2024-04-15T07:11:15.591539" elapsed="0.171996"/>
</kw>
<kw name="Should Be Equal As Numbers" owner="BuiltIn">
<msg time="2024-04-15T07:11:15.764539" level="INFO">Argument types are:
&lt;class 'int'&gt;
&lt;class 'str'&gt;</msg>
<arg>${response.status_code}</arg>
<arg>200</arg>
<doc>Fails if objects are unequal after converting them to real numbers.</doc>
<status status="PASS" start="2024-04-15T07:11:15.764048" elapsed="0.000555"/>
</kw>
<kw name="Log" owner="BuiltIn">
<msg time="2024-04-15T07:11:15.765289" level="INFO">200</msg>
<arg>${response.status_code}</arg>
<doc>Logs the given message with the given level.</doc>
<status status="PASS" start="2024-04-15T07:11:15.764936" elapsed="0.000398"/>
</kw>
<kw name="Set Variable" owner="BuiltIn">
<msg time="2024-04-15T07:11:15.766097" level="INFO">${json_data} = {'results': [{'gender': 'male', 'name': {'title': 'Mr', 'first': 'Aquila', 'last': 'da Cruz'}, 'location': {'street': {'number': 5729, 'name': 'Rua Carlos Gomes'}, 'city': 'Rio Branco', 'state': 'Para...</msg>
<var>${json_data}</var>
<arg>${response.json()}</arg>
<doc>Returns the given values which can then be assigned to a variables.</doc>
<status status="PASS" start="2024-04-15T07:11:15.765658" elapsed="0.000468"/>
</kw>
<kw name="Dictionary Should Contain Key" owner="Collections">
<msg time="2024-04-15T07:11:15.766639" level="INFO">False</msg>
<arg>${json_data}</arg>
<arg>results</arg>
<doc>Fails if ``key`` is not found from ``dictionary``.</doc>
<status status="PASS" start="2024-04-15T07:11:15.766459" elapsed="0.000225"/>
</kw>
<status status="PASS" start="2024-04-15T07:11:15.591289" elapsed="0.175658"/>
</kw>
<doc>Testa se a API responde corretamente e retorna um objeto JSON válido.</doc>
<tag>testeRequisicaoBasica</tag>
<status status="PASS" start="2024-04-15T07:11:15.590816" elapsed="0.176307"/>
</test>
<test id="s1-s1-t3" name="Validar estrutura de resposta" line="22">
<kw name="Teste de Estrutura de Resposta" owner="random-user-service">
<kw name="GET On Session" owner="RequestsLibrary">
<msg time="2024-04-15T07:11:15.867886" level="INFO">GET Request : url=https://randomuser.me/api 
 path_url=/api 
 headers={'User-Agent': 'python-requests/2.31.0', 'Accept-Encoding': 'gzip, deflate', 'Accept': '*/*', 'Connection': 'keep-alive'} 
 body=None 
 </msg>
<msg time="2024-04-15T07:11:15.867967" level="INFO">GET Response : url=https://randomuser.me/api 
 status=200, reason=OK 
 headers={'Date': 'Mon, 15 Apr 2024 07:11:15 GMT', 'Content-Type': 'application/json; charset=utf-8', 'Transfer-Encoding': 'chunked', 'Connection': 'keep-alive', 'X-Powered-By': 'Express', 'Access-Control-Allow-Origin': '*', 'Cache-Control': 'no-cache', 'ETag': 'W/"496-xzDB6pJF8dsI9C6MvoZNJrxv3IE"', 'Vary': 'Accept-Encoding', 'Content-Encoding': 'gzip', 'CF-Cache-Status': 'DYNAMIC', 'Report-To': '{"endpoints":[{"url":"https:\\/\\/a.nel.cloudflare.com\\/report\\/v4?s=BSsTfbG%2FWybLwEPMF2RCAH%2Bp2HLUXe35jO0m2uxYZkSCIKPSSp8H6rbPMn2zofd1ZbSdAt89A465hjx3Bpiaw9OJKtHrEdZrjAh1pdm0XoYM6MmUEo9sKRm8ImsWqbY2"}],"group":"cf-nel","max_age":604800}', 'NEL': '{"success_fraction":0,"report_to":"cf-nel","max_age":604800}', 'Server': 'cloudflare', 'CF-RAY': '874a1edb98d43b7a-IAD', 'alt-svc': 'h3=":443"; ma=86400'} 
 body={"results":[{"gender":"female","name":{"title":"Miss","first":"Nadine","last":"Neuber"},"location":{"street":{"number":5357,"name":"Schillerstraße"},"city":"Lützen","state":"Niedersachsen","country":"Germany","postcode":55040,"coordinates":{"latitude":"-47.8346","longitude":"19.8608"},"timezone":{"offset":"+2:00","description":"Kaliningrad, South Africa"}},"email":"nadine.neuber@example.com","login":{"uuid":"c9088d88-8429-47ea-a285-a26d279c1132","username":"greenmouse255","password":"llllll","salt":"pjJB5NMh","md5":"8322d6128790e7b62dd085bb5a375ac1","sha1":"6d4c226fddc2382c8974ce3935381f08677f629e","sha256":"a7ce15e6f1575240e0d9d2d4b2f1c4cc3423692fda2170ec1fa0e2803e9a7440"},"dob":{"date":"1966-07-03T19:43:54.715Z","age":57},"registered":{"date":"2019-05-01T00:43:43.971Z","age":4},"phone":"0467-1011504","cell":"0172-7462940","id":{"name":"SVNR","value":"46 030766 N 885"},"picture":{"large":"https://randomuser.me/api/portraits/women/16.jpg","medium":"https://randomuser.me/api/portraits/med/women/16.jpg","thumbnail":"https://randomuser.me/api/portraits/thumb/women/16.jpg"},"nat":"DE"}],"info":{"seed":"f059d5117bbd316f","results":1,"page":1,"version":"1.4"}} 
 </msg>
<msg time="2024-04-15T07:11:15.868103" level="INFO">/opt/hostedtoolcache/Python/3.12.2/x64/lib/python3.12/site-packages/urllib3/connectionpool.py:1103: InsecureRequestWarning: Unverified HTTPS request is being made to host 'randomuser.me'. Adding certificate verification is strongly advised. See: https://urllib3.readthedocs.io/en/latest/advanced-usage.html#tls-warnings
  warnings.warn(</msg>
<msg time="2024-04-15T07:11:15.868223" level="INFO">${response} = &lt;Response [200]&gt;</msg>
<var>${response}</var>
<arg>consultarAPI</arg>
<arg>/api</arg>
<doc>Sends a GET request on a previously created HTTP Session.</doc>
<status status="PASS" start="2024-04-15T07:11:15.770227" elapsed="0.098047"/>
</kw>
<kw name="Set Variable" owner="BuiltIn">
<msg time="2024-04-15T07:11:15.869317" level="INFO">${json_data} = {'results': [{'gender': 'female', 'name': {'title': 'Miss', 'first': 'Nadine', 'last': 'Neuber'}, 'location': {'street': {'number': 5357, 'name': 'Schillerstraße'}, 'city': 'Lützen', 'state': 'Nieders...</msg>
<var>${json_data}</var>
<arg>${response.json()}</arg>
<doc>Returns the given values which can then be assigned to a variables.</doc>
<status status="PASS" start="2024-04-15T07:11:15.868757" elapsed="0.000590"/>
</kw>
<kw name="Log" owner="BuiltIn">
<msg time="2024-04-15T07:11:15.869823" level="INFO">{'results': [{'gender': 'female', 'name': {'title': 'Miss', 'first': 'Nadine', 'last': 'Neuber'}, 'location': {'street': {'number': 5357, 'name': 'Schillerstraße'}, 'city': 'Lützen', 'state': 'Niedersachsen', 'country': 'Germany', 'postcode': 55040, 'coordinates': {'latitude': '-47.8346', 'longitude': '19.8608'}, 'timezone': {'offset': '+2:00', 'description': 'Kaliningrad, South Africa'}}, 'email': 'nadine.neuber@example.com', 'login': {'uuid': 'c9088d88-8429-47ea-a285-a26d279c1132', 'username': 'greenmouse255', 'password': 'llllll', 'salt': 'pjJB5NMh', 'md5': '8322d6128790e7b62dd085bb5a375ac1', 'sha1': '6d4c226fddc2382c8974ce3935381f08677f629e', 'sha256': 'a7ce15e6f1575240e0d9d2d4b2f1c4cc3423692fda2170ec1fa0e2803e9a7440'}, 'dob': {'date': '1966-07-03T19:43:54.715Z', 'age': 57}, 'registered': {'date': '2019-05-01T00:43:43.971Z', 'age': 4}, 'phone': '0467-1011504', 'cell': '0172-7462940', 'id': {'name': 'SVNR', 'value': '46 030766 N 885'}, 'picture': {'large': 'https://randomuser.me/api/portraits/women/16.jpg', 'medium': 'https://randomuser.me/api/portraits/med/women/16.jpg', 'thumbnail': 'https://randomuser.me/api/portraits/thumb/women/16.jpg'}, 'nat': 'DE'}], 'info': {'seed': 'f059d5117bbd316f', 'results': 1, 'page': 1, 'version': '1.4'}}</msg>
<arg>${json_data}</arg>
<doc>Logs the given message with the given level.</doc>
<status status="PASS" start="2024-04-15T07:11:15.869662" elapsed="0.000210"/>
</kw>
<kw name="Dictionary Should Contain Key" owner="Collections">
<msg time="2024-04-15T07:11:15.870320" level="INFO">False</msg>
<arg>${json_data}</arg>
<arg>results</arg>
<doc>Fails if ``key`` is not found from ``dictionary``.</doc>
<status status="PASS" start="2024-04-15T07:11:15.870168" elapsed="0.000189"/>
</kw>
<kw name="Should Not Be Empty" owner="BuiltIn">
<msg time="2024-04-15T07:11:15.870860" level="INFO">Length is 2.</msg>
<arg>${json_data}</arg>
<doc>Verifies that the given item is not empty.</doc>
<status status="PASS" start="2024-04-15T07:11:15.870725" elapsed="0.000175"/>
</kw>
<kw name="Create List" owner="BuiltIn">
<msg time="2024-04-15T07:11:15.871350" level="INFO">${expected_keys} = ['gender', 'name', 'location', 'email', 'login']</msg>
<var>${expected_keys}</var>
<arg>gender</arg>
<arg>name</arg>
<arg>location</arg>
<arg>email</arg>
<arg>login</arg>
<doc>Returns a list containing given items.</doc>
<status status="PASS" start="2024-04-15T07:11:15.871192" elapsed="0.000184"/>
</kw>
<for flavor="IN">
<iter>
<kw name="Dictionary Should Contain Key" owner="Collections">
<msg time="2024-04-15T07:11:15.872349" level="INFO">False</msg>
<arg>${json_data['results'][0]}</arg>
<arg>${key}</arg>
<doc>Fails if ``key`` is not found from ``dictionary``.</doc>
<status status="PASS" start="2024-04-15T07:11:15.871941" elapsed="0.000448"/>
</kw>
<kw name="Log" owner="BuiltIn">
<msg time="2024-04-15T07:11:15.873058" level="INFO">{'gender': 'female', 'name': {'title': 'Miss', 'first': 'Nadine', 'last': 'Neuber'}, 'location': {'street': {'number': 5357, 'name': 'Schillerstraße'}, 'city': 'Lützen', 'state': 'Niedersachsen', 'country': 'Germany', 'postcode': 55040, 'coordinates': {'latitude': '-47.8346', 'longitude': '19.8608'}, 'timezone': {'offset': '+2:00', 'description': 'Kaliningrad, South Africa'}}, 'email': 'nadine.neuber@example.com', 'login': {'uuid': 'c9088d88-8429-47ea-a285-a26d279c1132', 'username': 'greenmouse255', 'password': 'llllll', 'salt': 'pjJB5NMh', 'md5': '8322d6128790e7b62dd085bb5a375ac1', 'sha1': '6d4c226fddc2382c8974ce3935381f08677f629e', 'sha256': 'a7ce15e6f1575240e0d9d2d4b2f1c4cc3423692fda2170ec1fa0e2803e9a7440'}, 'dob': {'date': '1966-07-03T19:43:54.715Z', 'age': 57}, 'registered': {'date': '2019-05-01T00:43:43.971Z', 'age': 4}, 'phone': '0467-1011504', 'cell': '0172-7462940', 'id': {'name': 'SVNR', 'value': '46 030766 N 885'}, 'picture': {'large': 'https://randomuser.me/api/portraits/women/16.jpg', 'medium': 'https://randomuser.me/api/portraits/med/women/16.jpg', 'thumbnail': 'https://randomuser.me/api/portraits/thumb/women/16.jpg'}, 'nat': 'DE'}</msg>
<arg>${json_data['results'][0]}</arg>
<doc>Logs the given message with the given level.</doc>
<status status="PASS" start="2024-04-15T07:11:15.872690" elapsed="0.000418"/>
</kw>
<kw name="Log" owner="BuiltIn">
<msg time="2024-04-15T07:11:15.873535" level="INFO">gender</msg>
<arg>${key}</arg>
<doc>Logs the given message with the given level.</doc>
<status status="PASS" start="2024-04-15T07:11:15.873410" elapsed="0.000161"/>
</kw>
<var name="${key}">gender</var>
<status status="PASS" start="2024-04-15T07:11:15.871818" elapsed="0.001957"/>
</iter>
<iter>
<kw name="Dictionary Should Contain Key" owner="Collections">
<msg time="2024-04-15T07:11:15.874408" level="INFO">False</msg>
<arg>${json_data['results'][0]}</arg>
<arg>${key}</arg>
<doc>Fails if ``key`` is not found from ``dictionary``.</doc>
<status status="PASS" start="2024-04-15T07:11:15.874050" elapsed="0.000422"/>
</kw>
<kw name="Log" owner="BuiltIn">
<msg time="2024-04-15T07:11:15.875177" level="INFO">{'gender': 'female', 'name': {'title': 'Miss', 'first': 'Nadine', 'last': 'Neuber'}, 'location': {'street': {'number': 5357, 'name': 'Schillerstraße'}, 'city': 'Lützen', 'state': 'Niedersachsen', 'country': 'Germany', 'postcode': 55040, 'coordinates': {'latitude': '-47.8346', 'longitude': '19.8608'}, 'timezone': {'offset': '+2:00', 'description': 'Kaliningrad, South Africa'}}, 'email': 'nadine.neuber@example.com', 'login': {'uuid': 'c9088d88-8429-47ea-a285-a26d279c1132', 'username': 'greenmouse255', 'password': 'llllll', 'salt': 'pjJB5NMh', 'md5': '8322d6128790e7b62dd085bb5a375ac1', 'sha1': '6d4c226fddc2382c8974ce3935381f08677f629e', 'sha256': 'a7ce15e6f1575240e0d9d2d4b2f1c4cc3423692fda2170ec1fa0e2803e9a7440'}, 'dob': {'date': '1966-07-03T19:43:54.715Z', 'age': 57}, 'registered': {'date': '2019-05-01T00:43:43.971Z', 'age': 4}, 'phone': '0467-1011504', 'cell': '0172-7462940', 'id': {'name': 'SVNR', 'value': '46 030766 N 885'}, 'picture': {'large': 'https://randomuser.me/api/portraits/women/16.jpg', 'medium': 'https://randomuser.me/api/portraits/med/women/16.jpg', 'thumbnail': 'https://randomuser.me/api/portraits/thumb/women/16.jpg'}, 'nat': 'DE'}</msg>
<arg>${json_data['results'][0]}</arg>
<doc>Logs the given message with the given level.</doc>
<status status="PASS" start="2024-04-15T07:11:15.874809" elapsed="0.000423"/>
</kw>
<kw name="Log" owner="BuiltIn">
<msg time="2024-04-15T07:11:15.875669" level="INFO">name</msg>
<arg>${key}</arg>
<doc>Logs the given message with the given level.</doc>
<status status="PASS" start="2024-04-15T07:11:15.875539" elapsed="0.000169"/>
</kw>
<var name="${key}">name</var>
<status status="PASS" start="2024-04-15T07:11:15.873946" elapsed="0.001983"/>
</iter>
<iter>
<kw name="Dictionary Should Contain Key" owner="Collections">
<msg time="2024-04-15T07:11:15.876601" level="INFO">False</msg>
<arg>${json_data['results'][0]}</arg>
<arg>${key}</arg>
<doc>Fails if ``key`` is not found from ``dictionary``.</doc>
<status status="PASS" start="2024-04-15T07:11:15.876223" elapsed="0.000413"/>
</kw>
<kw name="Log" owner="BuiltIn">
<msg time="2024-04-15T07:11:15.877250" level="INFO">{'gender': 'female', 'name': {'title': 'Miss', 'first': 'Nadine', 'last': 'Neuber'}, 'location': {'street': {'number': 5357, 'name': 'Schillerstraße'}, 'city': 'Lützen', 'state': 'Niedersachsen', 'country': 'Germany', 'postcode': 55040, 'coordinates': {'latitude': '-47.8346', 'longitude': '19.8608'}, 'timezone': {'offset': '+2:00', 'description': 'Kaliningrad, South Africa'}}, 'email': 'nadine.neuber@example.com', 'login': {'uuid': 'c9088d88-8429-47ea-a285-a26d279c1132', 'username': 'greenmouse255', 'password': 'llllll', 'salt': 'pjJB5NMh', 'md5': '8322d6128790e7b62dd085bb5a375ac1', 'sha1': '6d4c226fddc2382c8974ce3935381f08677f629e', 'sha256': 'a7ce15e6f1575240e0d9d2d4b2f1c4cc3423692fda2170ec1fa0e2803e9a7440'}, 'dob': {'date': '1966-07-03T19:43:54.715Z', 'age': 57}, 'registered': {'date': '2019-05-01T00:43:43.971Z', 'age': 4}, 'phone': '0467-1011504', 'cell': '0172-7462940', 'id': {'name': 'SVNR', 'value': '46 030766 N 885'}, 'picture': {'large': 'https://randomuser.me/api/portraits/women/16.jpg', 'medium': 'https://randomuser.me/api/portraits/med/women/16.jpg', 'thumbnail': 'https://randomuser.me/api/portraits/thumb/women/16.jpg'}, 'nat': 'DE'}</msg>
<arg>${json_data['results'][0]}</arg>
<doc>Logs the given message with the given level.</doc>
<status status="PASS" start="2024-04-15T07:11:15.876910" elapsed="0.000385"/>
</kw>
<kw name="Log" owner="BuiltIn">
<msg time="2024-04-15T07:11:15.877683" level="INFO">location</msg>
<arg>${key}</arg>
<doc>Logs the given message with the given level.</doc>
<status status="PASS" start="2024-04-15T07:11:15.877565" elapsed="0.000155"/>
</kw>
<var name="${key}">location</var>
<status status="PASS" start="2024-04-15T07:11:15.876111" elapsed="0.001811"/>
</iter>
<iter>
<kw name="Dictionary Should Contain Key" owner="Collections">
<msg time="2024-04-15T07:11:15.878570" level="INFO">False</msg>
<arg>${json_data['results'][0]}</arg>
<arg>${key}</arg>
<doc>Fails if ``key`` is not found from ``dictionary``.</doc>
<status status="PASS" start="2024-04-15T07:11:15.878193" elapsed="0.000423"/>
</kw>
<kw name="Log" owner="BuiltIn">
<msg time="2024-04-15T07:11:15.879293" level="INFO">{'gender': 'female', 'name': {'title': 'Miss', 'first': 'Nadine', 'last': 'Neuber'}, 'location': {'street': {'number': 5357, 'name': 'Schillerstraße'}, 'city': 'Lützen', 'state': 'Niedersachsen', 'country': 'Germany', 'postcode': 55040, 'coordinates': {'latitude': '-47.8346', 'longitude': '19.8608'}, 'timezone': {'offset': '+2:00', 'description': 'Kaliningrad, South Africa'}}, 'email': 'nadine.neuber@example.com', 'login': {'uuid': 'c9088d88-8429-47ea-a285-a26d279c1132', 'username': 'greenmouse255', 'password': 'llllll', 'salt': 'pjJB5NMh', 'md5': '8322d6128790e7b62dd085bb5a375ac1', 'sha1': '6d4c226fddc2382c8974ce3935381f08677f629e', 'sha256': 'a7ce15e6f1575240e0d9d2d4b2f1c4cc3423692fda2170ec1fa0e2803e9a7440'}, 'dob': {'date': '1966-07-03T19:43:54.715Z', 'age': 57}, 'registered': {'date': '2019-05-01T00:43:43.971Z', 'age': 4}, 'phone': '0467-1011504', 'cell': '0172-7462940', 'id': {'name': 'SVNR', 'value': '46 030766 N 885'}, 'picture': {'large': 'https://randomuser.me/api/portraits/women/16.jpg', 'medium': 'https://randomuser.me/api/portraits/med/women/16.jpg', 'thumbnail': 'https://randomuser.me/api/portraits/thumb/women/16.jpg'}, 'nat': 'DE'}</msg>
<arg>${json_data['results'][0]}</arg>
<doc>Logs the given message with the given level.</doc>
<status status="PASS" start="2024-04-15T07:11:15.878909" elapsed="0.000434"/>
</kw>
<kw name="Log" owner="BuiltIn">
<msg time="2024-04-15T07:11:15.879770" level="INFO">email</msg>
<arg>${key}</arg>
<doc>Logs the given message with the given level.</doc>
<status status="PASS" start="2024-04-15T07:11:15.879642" elapsed="0.000166"/>
</kw>
<var name="${key}">email</var>
<status status="PASS" start="2024-04-15T07:11:15.878084" elapsed="0.001938"/>
</iter>
<iter>
<kw name="Dictionary Should Contain Key" owner="Collections">
<msg time="2024-04-15T07:11:15.880702" level="INFO">False</msg>
<arg>${json_data['results'][0]}</arg>
<arg>${key}</arg>
<doc>Fails if ``key`` is not found from ``dictionary``.</doc>
<status status="PASS" start="2024-04-15T07:11:15.880305" elapsed="0.000432"/>
</kw>
<kw name="Log" owner="BuiltIn">
<msg time="2024-04-15T07:11:15.881344" level="INFO">{'gender': 'female', 'name': {'title': 'Miss', 'first': 'Nadine', 'last': 'Neuber'}, 'location': {'street': {'number': 5357, 'name': 'Schillerstraße'}, 'city': 'Lützen', 'state': 'Niedersachsen', 'country': 'Germany', 'postcode': 55040, 'coordinates': {'latitude': '-47.8346', 'longitude': '19.8608'}, 'timezone': {'offset': '+2:00', 'description': 'Kaliningrad, South Africa'}}, 'email': 'nadine.neuber@example.com', 'login': {'uuid': 'c9088d88-8429-47ea-a285-a26d279c1132', 'username': 'greenmouse255', 'password': 'llllll', 'salt': 'pjJB5NMh', 'md5': '8322d6128790e7b62dd085bb5a375ac1', 'sha1': '6d4c226fddc2382c8974ce3935381f08677f629e', 'sha256': 'a7ce15e6f1575240e0d9d2d4b2f1c4cc3423692fda2170ec1fa0e2803e9a7440'}, 'dob': {'date': '1966-07-03T19:43:54.715Z', 'age': 57}, 'registered': {'date': '2019-05-01T00:43:43.971Z', 'age': 4}, 'phone': '0467-1011504', 'cell': '0172-7462940', 'id': {'name': 'SVNR', 'value': '46 030766 N 885'}, 'picture': {'large': 'https://randomuser.me/api/portraits/women/16.jpg', 'medium': 'https://randomuser.me/api/portraits/med/women/16.jpg', 'thumbnail': 'https://randomuser.me/api/portraits/thumb/women/16.jpg'}, 'nat': 'DE'}</msg>
<arg>${json_data['results'][0]}</arg>
<doc>Logs the given message with the given level.</doc>
<status status="PASS" start="2024-04-15T07:11:15.881013" elapsed="0.000376"/>
</kw>
<kw name="Log" owner="BuiltIn">
<msg time="2024-04-15T07:11:15.881774" level="INFO">login</msg>
<arg>${key}</arg>
<doc>Logs the given message with the given level.</doc>
<status status="PASS" start="2024-04-15T07:11:15.881659" elapsed="0.000151"/>
</kw>
<var name="${key}">login</var>
<status status="PASS" start="2024-04-15T07:11:15.880195" elapsed="0.001842"/>
</iter>
<var>${key}</var>
<value>@{expected_keys}</value>
<status status="PASS" start="2024-04-15T07:11:15.871634" elapsed="0.010522"/>
</for>
<kw name="Create List" owner="BuiltIn">
<msg time="2024-04-15T07:11:15.882491" level="INFO">${expected_keysTwo} = ['username', 'password']</msg>
<var>${expected_keysTwo}</var>
<arg>username</arg>
<arg>password</arg>
<doc>Returns a list containing given items.</doc>
<status status="PASS" start="2024-04-15T07:11:15.882333" elapsed="0.000182"/>
</kw>
<for flavor="IN">
<iter>
<kw name="Dictionary Should Contain Key" owner="Collections">
<msg time="2024-04-15T07:11:15.883485" level="INFO">False</msg>
<arg>${json_data['results'][0]['login']}</arg>
<arg>${keyTwo}</arg>
<doc>Fails if ``key`` is not found from ``dictionary``.</doc>
<status status="PASS" start="2024-04-15T07:11:15.883098" elapsed="0.000425"/>
</kw>
<kw name="Dictionary Should Contain Key" owner="Collections">
<msg time="2024-04-15T07:11:15.884220" level="INFO">False</msg>
<arg>${json_data['results'][0]['login']}</arg>
<arg>${keyTwo}</arg>
<doc>Fails if ``key`` is not found from ``dictionary``.</doc>
<status status="PASS" start="2024-04-15T07:11:15.883839" elapsed="0.000419"/>
</kw>
<kw name="Log" owner="BuiltIn">
<msg time="2024-04-15T07:11:15.884681" level="INFO">username</msg>
<arg>${keyTwo}</arg>
<doc>Logs the given message with the given level.</doc>
<status status="PASS" start="2024-04-15T07:11:15.884554" elapsed="0.000165"/>
</kw>
<var name="${keyTwo}">username</var>
<status status="PASS" start="2024-04-15T07:11:15.882984" elapsed="0.001950"/>
</iter>
<iter>
<kw name="Dictionary Should Contain Key" owner="Collections">
<msg time="2024-04-15T07:11:15.885584" level="INFO">False</msg>
<arg>${json_data['results'][0]['login']}</arg>
<arg>${keyTwo}</arg>
<doc>Fails if ``key`` is not found from ``dictionary``.</doc>
<status status="PASS" start="2024-04-15T07:11:15.885215" elapsed="0.000405"/>
</kw>
<kw name="Dictionary Should Contain Key" owner="Collections">
<msg time="2024-04-15T07:11:15.886292" level="INFO">False</msg>
<arg>${json_data['results'][0]['login']}</arg>
<arg>${keyTwo}</arg>
<doc>Fails if ``key`` is not found from ``dictionary``.</doc>
<status status="PASS" start="2024-04-15T07:11:15.885899" elapsed="0.000429"/>
</kw>
<kw name="Log" owner="BuiltIn">
<msg time="2024-04-15T07:11:15.886789" level="INFO">password</msg>
<arg>${keyTwo}</arg>
<doc>Logs the given message with the given level.</doc>
<status status="PASS" start="2024-04-15T07:11:15.886661" elapsed="0.000167"/>
</kw>
<var name="${keyTwo}">password</var>
<status status="PASS" start="2024-04-15T07:11:15.885106" elapsed="0.001940"/>
</iter>
<var>${keyTwo}</var>
<value>@{expected_keysTwo}</value>
<status status="PASS" start="2024-04-15T07:11:15.882737" elapsed="0.004430"/>
</for>
<status status="PASS" start="2024-04-15T07:11:15.769914" elapsed="0.117395"/>
</kw>
<doc>Testa a estrutura da resposta da API.</doc>
<tag>testeEstruturaResposta</tag>
<status status="PASS" start="2024-04-15T07:11:15.768953" elapsed="0.118505"/>
</test>
<test id="s1-s1-t4" name="Validar tipos de dados" line="28">
<kw name="Teste de Tipos de Dados" owner="random-user-service">
<kw name="GET On Session" owner="RequestsLibrary">
<msg time="2024-04-15T07:11:15.970448" level="INFO">GET Request : url=https://randomuser.me/api 
 path_url=/api 
 headers={'User-Agent': 'python-requests/2.31.0', 'Accept-Encoding': 'gzip, deflate', 'Accept': '*/*', 'Connection': 'keep-alive'} 
 body=None 
 </msg>
<msg time="2024-04-15T07:11:15.970539" level="INFO">GET Response : url=https://randomuser.me/api 
 status=200, reason=OK 
 headers={'Date': 'Mon, 15 Apr 2024 07:11:15 GMT', 'Content-Type': 'application/json; charset=utf-8', 'Transfer-Encoding': 'chunked', 'Connection': 'keep-alive', 'X-Powered-By': 'Express', 'Access-Control-Allow-Origin': '*', 'Cache-Control': 'no-cache', 'ETag': 'W/"494-6up54ciHIInNKXinsGKKYm569Mk"', 'Vary': 'Accept-Encoding', 'Content-Encoding': 'gzip', 'CF-Cache-Status': 'DYNAMIC', 'Report-To': '{"endpoints":[{"url":"https:\\/\\/a.nel.cloudflare.com\\/report\\/v4?s=fm%2F0zkZMW1AKF9BlFPCpKofHVWtfAYuq4zbyHbqp1tu5mriVtyHrh4dS%2FOKRgXzqEt98mWs%2Bu984sNu%2FeiSzzZtJwQ4mBW4lZwpPuvVQ1TySNgHlQl2h%2F2XIDKkrKmnM"}],"group":"cf-nel","max_age":604800}', 'NEL': '{"success_fraction":0,"report_to":"cf-nel","max_age":604800}', 'Server': 'cloudflare', 'CF-RAY': '874a1edc59673b7a-IAD', 'alt-svc': 'h3=":443"; ma=86400'} 
 body={"results":[{"gender":"male","name":{"title":"Mr","first":"Quinn","last":"Turner"},"location":{"street":{"number":5991,"name":"Fitzgerald Avenue"},"city":"Auckland","state":"Wellington","country":"New Zealand","postcode":22382,"coordinates":{"latitude":"51.3129","longitude":"-93.1460"},"timezone":{"offset":"-4:00","description":"Atlantic Time (Canada), Caracas, La Paz"}},"email":"quinn.turner@example.com","login":{"uuid":"dc4940e2-ce9c-4117-a128-e8588118b43f","username":"blackleopard895","password":"aardvark","salt":"U3LVffEO","md5":"587e267ad0e1a93713ccb6a8430fd65c","sha1":"05af7115bf7aa06dfe314ca9c6328367debb53de","sha256":"d88829f47d58bf5440e3d0b105271af0312b7d6e0ae95708f7e110980b2c786d"},"dob":{"date":"1976-04-04T16:32:08.208Z","age":48},"registered":{"date":"2009-04-27T11:57:40.326Z","age":14},"phone":"(500)-572-2962","cell":"(817)-035-6824","id":{"name":"","value":null},"picture":{"large":"https://randomuser.me/api/portraits/men/52.jpg","medium":"https://randomuser.me/api/portraits/med/men/52.jpg","thumbnail":"https://randomuser.me/api/portraits/thumb/men/52.jpg"},"nat":"NZ"}],"info":{"seed":"910e47c0320fc476","results":1,"page":1,"version":"1.4"}} 
 </msg>
<msg time="2024-04-15T07:11:15.970612" level="INFO">/opt/hostedtoolcache/Python/3.12.2/x64/lib/python3.12/site-packages/urllib3/connectionpool.py:1103: InsecureRequestWarning: Unverified HTTPS request is being made to host 'randomuser.me'. Adding certificate verification is strongly advised. See: https://urllib3.readthedocs.io/en/latest/advanced-usage.html#tls-warnings
  warnings.warn(</msg>
<msg time="2024-04-15T07:11:15.970715" level="INFO">${response} = &lt;Response [200]&gt;</msg>
<var>${response}</var>
<arg>consultarAPI</arg>
<arg>/api</arg>
<doc>Sends a GET request on a previously created HTTP Session.</doc>
<status status="PASS" start="2024-04-15T07:11:15.889949" elapsed="0.080788"/>
</kw>
<kw name="Set Variable" owner="BuiltIn">
<msg time="2024-04-15T07:11:15.971721" level="INFO">${json_data} = {'results': [{'gender': 'male', 'name': {'title': 'Mr', 'first': 'Quinn', 'last': 'Turner'}, 'location': {'street': {'number': 5991, 'name': 'Fitzgerald Avenue'}, 'city': 'Auckland', 'state': 'Welling...</msg>
<var>${json_data}</var>
<arg>${response.json()}</arg>
<doc>Returns the given values which can then be assigned to a variables.</doc>
<status status="PASS" start="2024-04-15T07:11:15.971164" elapsed="0.000586"/>
</kw>
<kw name="Log" owner="BuiltIn">
<msg time="2024-04-15T07:11:15.972207" level="INFO">{'results': [{'gender': 'male', 'name': {'title': 'Mr', 'first': 'Quinn', 'last': 'Turner'}, 'location': {'street': {'number': 5991, 'name': 'Fitzgerald Avenue'}, 'city': 'Auckland', 'state': 'Wellington', 'country': 'New Zealand', 'postcode': 22382, 'coordinates': {'latitude': '51.3129', 'longitude': '-93.1460'}, 'timezone': {'offset': '-4:00', 'description': 'Atlantic Time (Canada), Caracas, La Paz'}}, 'email': 'quinn.turner@example.com', 'login': {'uuid': 'dc4940e2-ce9c-4117-a128-e8588118b43f', 'username': 'blackleopard895', 'password': 'aardvark', 'salt': 'U3LVffEO', 'md5': '587e267ad0e1a93713ccb6a8430fd65c', 'sha1': '05af7115bf7aa06dfe314ca9c6328367debb53de', 'sha256': 'd88829f47d58bf5440e3d0b105271af0312b7d6e0ae95708f7e110980b2c786d'}, 'dob': {'date': '1976-04-04T16:32:08.208Z', 'age': 48}, 'registered': {'date': '2009-04-27T11:57:40.326Z', 'age': 14}, 'phone': '(500)-572-2962', 'cell': '(817)-035-6824', 'id': {'name': '', 'value': None}, 'picture': {'large': 'https://randomuser.me/api/portraits/men/52.jpg', 'medium': 'https://randomuser.me/api/portraits/med/men/52.jpg', 'thumbnail': 'https://randomuser.me/api/portraits/thumb/men/52.jpg'}, 'nat': 'NZ'}], 'info': {'seed': '910e47c0320fc476', 'results': 1, 'page': 1, 'version': '1.4'}}</msg>
<arg>${json_data}</arg>
<doc>Logs the given message with the given level.</doc>
<status status="PASS" start="2024-04-15T07:11:15.972055" elapsed="0.000230"/>
</kw>
<kw name="Should Be String" owner="String">
<arg>${json_data['results'][0]['gender']}</arg>
<doc>Fails if the given ``item`` is not a string.</doc>
<status status="PASS" start="2024-04-15T07:11:15.972583" elapsed="0.000336"/>
</kw>
<kw name="Should Match Regexp" owner="BuiltIn">
<arg>${json_data['results'][0]['email']}</arg>
<arg>^[a-zA-Z0-9._%+-]+@[a-zA-Z0-9.-]+\.[a-zA-Z]{2,}$</arg>
<doc>Fails if ``string`` does not match ``pattern`` as a regular expression.</doc>
<status status="PASS" start="2024-04-15T07:11:15.973094" elapsed="0.000467"/>
</kw>
<kw name="Should Match Regexp" owner="BuiltIn">
<arg>${json_data['results'][0]['dob']['date']}</arg>
<arg>\\d{4}-\\d{2}-\\d{2}T\\d{2}:\\d{2}:\\d{2}\\.\\d{3}Z</arg>
<doc>Fails if ``string`` does not match ``pattern`` as a regular expression.</doc>
<status status="PASS" start="2024-04-15T07:11:15.973741" elapsed="0.000449"/>
</kw>
<kw name="Should Match Regexp" owner="BuiltIn">
<arg>${json_data['results'][0]['registered']['date']}</arg>
<arg>\\d{4}-\\d{2}-\\d{2}T\\d{2}:\\d{2}:\\d{2}\\.\\d{3}Z</arg>
<doc>Fails if ``string`` does not match ``pattern`` as a regular expression.</doc>
<status status="PASS" start="2024-04-15T07:11:15.974372" elapsed="0.000371"/>
</kw>
<kw name="Should Match Regexp" owner="BuiltIn">
<arg>${json_data['results'][0]['picture']['large']}</arg>
<arg>^https?://.*\.(?:png|jpe?g|gif|bmp)$</arg>
<doc>Fails if ``string`` does not match ``pattern`` as a regular expression.</doc>
<status status="PASS" start="2024-04-15T07:11:15.974915" elapsed="0.000424"/>
</kw>
<kw name="Should Match Regexp" owner="BuiltIn">
<arg>${json_data['results'][0]['picture']['medium']}</arg>
<arg>^https?://.*\.(?:png|jpe?g|gif|bmp)$</arg>
<doc>Fails if ``string`` does not match ``pattern`` as a regular expression.</doc>
<status status="PASS" start="2024-04-15T07:11:15.975513" elapsed="0.000321"/>
</kw>
<kw name="Should Match Regexp" owner="BuiltIn">
<arg>${json_data['results'][0]['picture']['thumbnail']}</arg>
<arg>^https?://.*\.(?:png|jpe?g|gif|bmp)$</arg>
<doc>Fails if ``string`` does not match ``pattern`` as a regular expression.</doc>
<status status="PASS" start="2024-04-15T07:11:15.976003" elapsed="0.000328"/>
</kw>
<kw name="Log" owner="BuiltIn">
<msg time="2024-04-15T07:11:15.976806" level="INFO">{'large': 'https://randomuser.me/api/portraits/men/52.jpg', 'medium': 'https://randomuser.me/api/portraits/med/men/52.jpg', 'thumbnail': 'https://randomuser.me/api/portraits/thumb/men/52.jpg'}</msg>
<arg>${json_data['results'][0]['picture']}</arg>
<doc>Logs the given message with the given level.</doc>
<status status="PASS" start="2024-04-15T07:11:15.976509" elapsed="0.000335"/>
</kw>
<status status="PASS" start="2024-04-15T07:11:15.889726" elapsed="0.087356"/>
</kw>
<kw name="Teste de Tipos de Dados - Postcode" owner="random-user-service">
<kw name="GET On Session" owner="RequestsLibrary">
<msg time="2024-04-15T07:11:16.112473" level="INFO">GET Request : url=https://randomuser.me/api 
 path_url=/api 
 headers={'User-Agent': 'python-requests/2.31.0', 'Accept-Encoding': 'gzip, deflate', 'Accept': '*/*', 'Connection': 'keep-alive'} 
 body=None 
 </msg>
<msg time="2024-04-15T07:11:16.112555" level="INFO">GET Response : url=https://randomuser.me/api 
 status=200, reason=OK 
 headers={'Date': 'Mon, 15 Apr 2024 07:11:16 GMT', 'Content-Type': 'application/json; charset=utf-8', 'Transfer-Encoding': 'chunked', 'Connection': 'keep-alive', 'X-Powered-By': 'Express', 'Access-Control-Allow-Origin': '*', 'Cache-Control': 'no-cache', 'ETag': 'W/"493-G5J1cCbEH7L6qQEgK5Byhk+qyTo"', 'Vary': 'Accept-Encoding', 'Content-Encoding': 'gzip', 'CF-Cache-Status': 'DYNAMIC', 'Report-To': '{"endpoints":[{"url":"https:\\/\\/a.nel.cloudflare.com\\/report\\/v4?s=LOGGpZwS8Yrif%2FuxTL2xZnTR5NZ%2Bp3hgMYdxEiQmn2lDfmaEffe9er1drDnGci4u5zi1L5JbsW8hKnx5u4XpGQx1mSVSDuX4laVGuCIx5nhAZj68gpcx8woJGvTWqWVw"}],"group":"cf-nel","max_age":604800}', 'NEL': '{"success_fraction":0,"report_to":"cf-nel","max_age":604800}', 'Server': 'cloudflare', 'CF-RAY': '874a1edce9db3b7a-IAD', 'alt-svc': 'h3=":443"; ma=86400'} 
 body={"results":[{"gender":"male","name":{"title":"Mr","first":"Fernando","last":"Bravo"},"location":{"street":{"number":2888,"name":"Calle de Pedro Bosch"},"city":"Granada","state":"Ceuta","country":"Spain","postcode":66018,"coordinates":{"latitude":"-30.5816","longitude":"-105.5551"},"timezone":{"offset":"-4:00","description":"Atlantic Time (Canada), Caracas, La Paz"}},"email":"fernando.bravo@example.com","login":{"uuid":"51449579-f6bb-48da-aa9b-0fc877286c87","username":"purplepeacock127","password":"ooooo","salt":"7zSQF3NP","md5":"056f8a32c918f5d983b59fe40ddb1c0b","sha1":"1acdccce47c15615718e65796ad9a929c636cabd","sha256":"adb4b89431f0a0c384c421300699556fbf9370d413d92344bd8748617cbdcb69"},"dob":{"date":"1999-10-23T01:25:06.955Z","age":24},"registered":{"date":"2017-07-20T10:43:59.681Z","age":6},"phone":"944-153-754","cell":"697-996-328","id":{"name":"DNI","value":"35274008-R"},"picture":{"large":"https://randomuser.me/api/portraits/men/53.jpg","medium":"https://randomuser.me/api/portraits/med/men/53.jpg","thumbnail":"https://randomuser.me/api/portraits/thumb/men/53.jpg"},"nat":"ES"}],"info":{"seed":"4bfcb4b001f76706","results":1,"page":1,"version":"1.4"}} 
 </msg>
<msg time="2024-04-15T07:11:16.112640" level="INFO">/opt/hostedtoolcache/Python/3.12.2/x64/lib/python3.12/site-packages/urllib3/connectionpool.py:1103: InsecureRequestWarning: Unverified HTTPS request is being made to host 'randomuser.me'. Adding certificate verification is strongly advised. See: https://urllib3.readthedocs.io/en/latest/advanced-usage.html#tls-warnings
  warnings.warn(</msg>
<msg time="2024-04-15T07:11:16.112752" level="INFO">${response} = &lt;Response [200]&gt;</msg>
<var>${response}</var>
<arg>consultarAPI</arg>
<arg>/api</arg>
<doc>Sends a GET request on a previously created HTTP Session.</doc>
<status status="PASS" start="2024-04-15T07:11:15.977492" elapsed="0.135292"/>
</kw>
<kw name="Set Variable" owner="BuiltIn">
<msg time="2024-04-15T07:11:16.113909" level="INFO">${json_data} = {'results': [{'gender': 'male', 'name': {'title': 'Mr', 'first': 'Fernando', 'last': 'Bravo'}, 'location': {'street': {'number': 2888, 'name': 'Calle de Pedro Bosch'}, 'city': 'Granada', 'state': 'Ceu...</msg>
<var>${json_data}</var>
<arg>${response.json()}</arg>
<doc>Returns the given values which can then be assigned to a variables.</doc>
<status status="PASS" start="2024-04-15T07:11:16.113295" elapsed="0.000643"/>
</kw>
<kw name="Log" owner="BuiltIn">
<msg time="2024-04-15T07:11:16.114392" level="INFO">{'results': [{'gender': 'male', 'name': {'title': 'Mr', 'first': 'Fernando', 'last': 'Bravo'}, 'location': {'street': {'number': 2888, 'name': 'Calle de Pedro Bosch'}, 'city': 'Granada', 'state': 'Ceuta', 'country': 'Spain', 'postcode': 66018, 'coordinates': {'latitude': '-30.5816', 'longitude': '-105.5551'}, 'timezone': {'offset': '-4:00', 'description': 'Atlantic Time (Canada), Caracas, La Paz'}}, 'email': 'fernando.bravo@example.com', 'login': {'uuid': '51449579-f6bb-48da-aa9b-0fc877286c87', 'username': 'purplepeacock127', 'password': 'ooooo', 'salt': '7zSQF3NP', 'md5': '056f8a32c918f5d983b59fe40ddb1c0b', 'sha1': '1acdccce47c15615718e65796ad9a929c636cabd', 'sha256': 'adb4b89431f0a0c384c421300699556fbf9370d413d92344bd8748617cbdcb69'}, 'dob': {'date': '1999-10-23T01:25:06.955Z', 'age': 24}, 'registered': {'date': '2017-07-20T10:43:59.681Z', 'age': 6}, 'phone': '944-153-754', 'cell': '697-996-328', 'id': {'name': 'DNI', 'value': '35274008-R'}, 'picture': {'large': 'https://randomuser.me/api/portraits/men/53.jpg', 'medium': 'https://randomuser.me/api/portraits/med/men/53.jpg', 'thumbnail': 'https://randomuser.me/api/portraits/thumb/men/53.jpg'}, 'nat': 'ES'}], 'info': {'seed': '4bfcb4b001f76706', 'results': 1, 'page': 1, 'version': '1.4'}}</msg>
<arg>${json_data}</arg>
<doc>Logs the given message with the given level.</doc>
<status status="PASS" start="2024-04-15T07:11:16.114242" elapsed="0.000276"/>
</kw>
<kw name="Should Be Equal As Numbers" owner="BuiltIn">
<arg>${json_data['results'][0]['location']['postcode']}</arg>
<arg>${json_data['results'][0]['location']['postcode']}</arg>
<doc>Fails if objects are unequal after converting them to real numbers.</doc>
<status status="PASS" start="2024-04-15T07:11:16.114821" elapsed="0.000612"/>
</kw>
<kw name="Log" owner="BuiltIn">
<msg time="2024-04-15T07:11:16.115956" level="INFO">66018</msg>
<arg>${json_data['results'][0]['location']['postcode']}</arg>
<doc>Logs the given message with the given level.</doc>
<status status="PASS" start="2024-04-15T07:11:16.115622" elapsed="0.000374"/>
</kw>
<status status="PASS" start="2024-04-15T07:11:15.977283" elapsed="0.138958"/>
</kw>
<doc>Testa se os tipos de dados na resposta da API estão corretos.</doc>
<tag>testeTiposDados</tag>
<status status="PASS" start="2024-04-15T07:11:15.889190" elapsed="0.227209"/>
</test>
<test id="s1-s1-t5" name="Validar conteudo" line="35">
<kw name="Teste de Tipos de Conteudo" owner="random-user-service">
<kw name="GET On Session" owner="RequestsLibrary">
<msg time="2024-04-15T07:11:16.161187" level="INFO">GET Request : url=https://randomuser.me/api 
 path_url=/api 
 headers={'User-Agent': 'python-requests/2.31.0', 'Accept-Encoding': 'gzip, deflate', 'Accept': '*/*', 'Connection': 'keep-alive'} 
 body=None 
 </msg>
<msg time="2024-04-15T07:11:16.161285" level="INFO">GET Response : url=https://randomuser.me/api 
 status=200, reason=OK 
 headers={'Date': 'Mon, 15 Apr 2024 07:11:16 GMT', 'Content-Type': 'application/json; charset=utf-8', 'Transfer-Encoding': 'chunked', 'Connection': 'keep-alive', 'X-Powered-By': 'Express', 'Access-Control-Allow-Origin': '*', 'Cache-Control': 'no-cache', 'ETag': 'W/"48d-1h1EY6v+fFEm9TymFN0B0g0kPvs"', 'Vary': 'Accept-Encoding', 'Content-Encoding': 'gzip', 'CF-Cache-Status': 'DYNAMIC', 'Report-To': '{"endpoints":[{"url":"https:\\/\\/a.nel.cloudflare.com\\/report\\/v4?s=acEGTjAQHd9nSeLW3k57e78zfsFkUA%2F%2FnFnLgU4U24QgR%2Fi3Vi1OAHEaCpW%2B5ZAB1UF8JJRAy9lPw1aY%2FqMTSd%2FLUv6CNX5GEdr%2BtqRstqsM0pqU7pzGG7afu7jngCNG"}],"group":"cf-nel","max_age":604800}', 'NEL': '{"success_fraction":0,"report_to":"cf-nel","max_age":604800}', 'Server': 'cloudflare', 'CF-RAY': '874a1eddca8b3b7a-IAD', 'alt-svc': 'h3=":443"; ma=86400'} 
 body={"results":[{"gender":"female","name":{"title":"Mrs","first":"Eileen","last":"Hunger"},"location":{"street":{"number":3261,"name":"Kapellenweg"},"city":"Waldsassen","state":"Sachsen","country":"Germany","postcode":71024,"coordinates":{"latitude":"-54.2927","longitude":"9.8389"},"timezone":{"offset":"-1:00","description":"Azores, Cape Verde Islands"}},"email":"eileen.hunger@example.com","login":{"uuid":"356657ec-adc5-4d88-8f84-2a345f6ae84e","username":"crazycat667","password":"leeann","salt":"1Xv1GGa8","md5":"4c07c0f7493a10d812511c46fbe00fe4","sha1":"70f004cc3c5cb72ca0ff07c323c450ba9bd8d65b","sha256":"42b060a818c1e558c00c4f27defd866005e6361ff9b1a3771ff7d929754d742a"},"dob":{"date":"1958-06-26T16:54:08.629Z","age":65},"registered":{"date":"2008-05-01T23:14:27.650Z","age":15},"phone":"0936-8529868","cell":"0173-6973495","id":{"name":"SVNR","value":"11 260658 H 972"},"picture":{"large":"https://randomuser.me/api/portraits/women/35.jpg","medium":"https://randomuser.me/api/portraits/med/women/35.jpg","thumbnail":"https://randomuser.me/api/portraits/thumb/women/35.jpg"},"nat":"DE"}],"info":{"seed":"c52bb503d04729cc","results":1,"page":1,"version":"1.4"}} 
 </msg>
<msg time="2024-04-15T07:11:16.161368" level="INFO">/opt/hostedtoolcache/Python/3.12.2/x64/lib/python3.12/site-packages/urllib3/connectionpool.py:1103: InsecureRequestWarning: Unverified HTTPS request is being made to host 'randomuser.me'. Adding certificate verification is strongly advised. See: https://urllib3.readthedocs.io/en/latest/advanced-usage.html#tls-warnings
  warnings.warn(</msg>
<msg time="2024-04-15T07:11:16.161464" level="INFO">${response} = &lt;Response [200]&gt;</msg>
<var>${response}</var>
<arg>consultarAPI</arg>
<arg>/api</arg>
<doc>Sends a GET request on a previously created HTTP Session.</doc>
<status status="PASS" start="2024-04-15T07:11:16.118826" elapsed="0.042674"/>
</kw>
<kw name="Set Variable" owner="BuiltIn">
<msg time="2024-04-15T07:11:16.162522" level="INFO">${json_data} = {'results': [{'gender': 'female', 'name': {'title': 'Mrs', 'first': 'Eileen', 'last': 'Hunger'}, 'location': {'street': {'number': 3261, 'name': 'Kapellenweg'}, 'city': 'Waldsassen', 'state': 'Sachsen...</msg>
<var>${json_data}</var>
<arg>${response.json()}</arg>
<doc>Returns the given values which can then be assigned to a variables.</doc>
<status status="PASS" start="2024-04-15T07:11:16.161934" elapsed="0.000622"/>
</kw>
<kw name="Set Variable" owner="BuiltIn">
<msg time="2024-04-15T07:11:16.163244" level="INFO">${name_title} = Mrs</msg>
<var>${name_title}</var>
<arg>${json_data["results"][0]["name"]["title"]}</arg>
<doc>Returns the given values which can then be assigned to a variables.</doc>
<status status="PASS" start="2024-04-15T07:11:16.162874" elapsed="0.000393"/>
</kw>
<kw name="Create List" owner="BuiltIn">
<msg time="2024-04-15T07:11:16.163687" level="INFO">${allowed_titles} = ['Mr', 'Ms', 'Miss', 'Mrs', 'Madame', 'Monsieur']</msg>
<var>${allowed_titles}</var>
<arg>Mr</arg>
<arg>Ms</arg>
<arg>Miss</arg>
<arg>Mrs</arg>
<arg>Madame</arg>
<arg>Monsieur</arg>
<doc>Returns a list containing given items.</doc>
<status status="PASS" start="2024-04-15T07:11:16.163540" elapsed="0.000171"/>
</kw>
<kw name="List Should Contain Value" owner="Collections">
<msg time="2024-04-15T07:11:16.164196" level="INFO">False</msg>
<arg>${allowed_titles}</arg>
<arg>${name_title}</arg>
<doc>Fails if the ``value`` is not found from ``list``.</doc>
<status status="PASS" start="2024-04-15T07:11:16.164014" elapsed="0.000220"/>
</kw>
<kw name="Set Variable" owner="BuiltIn">
<msg time="2024-04-15T07:11:16.164890" level="INFO">${name_country} = DE</msg>
<var>${name_country}</var>
<arg>${json_data["results"][0]["nat"]}</arg>
<doc>Returns the given values which can then be assigned to a variables.</doc>
<status status="PASS" start="2024-04-15T07:11:16.164516" elapsed="0.000398"/>
</kw>
<kw name="Create List" owner="BuiltIn">
<msg time="2024-04-15T07:11:16.165819" level="INFO">${list_country} = ['AD', 'AE', 'AF', 'AG', 'AI', 'AL', 'AM', 'AO', 'AQ', 'AR', 'AS', 'AT', 'AU', 'AW', 'AX', 'AZ', 'BA', 'BB', 'BD', 'BE', 'BF', 'BG', 'BH', 'BI', 'BJ', 'BL', 'BM', 'BN', 'BO', 'BQ', 'BR', 'BS', 'BT', '...</msg>
<var>${list_country}</var>
<arg>AD</arg>
<arg>AE</arg>
<arg>AF</arg>
<arg>AG</arg>
<arg>AI</arg>
<arg>AL</arg>
<arg>AM</arg>
<arg>AO</arg>
<arg>AQ</arg>
<arg>AR</arg>
<arg>AS</arg>
<arg>AT</arg>
<arg>AU</arg>
<arg>AW</arg>
<arg>AX</arg>
<arg>AZ</arg>
<arg>BA</arg>
<arg>BB</arg>
<arg>BD</arg>
<arg>BE</arg>
<arg>BF</arg>
<arg>BG</arg>
<arg>BH</arg>
<arg>BI</arg>
<arg>BJ</arg>
<arg>BL</arg>
<arg>BM</arg>
<arg>BN</arg>
<arg>BO</arg>
<arg>BQ</arg>
<arg>BR</arg>
<arg>BS</arg>
<arg>BT</arg>
<arg>BV</arg>
<arg>BW</arg>
<arg>BY</arg>
<arg>BZ</arg>
<arg>CA</arg>
<arg>CC</arg>
<arg>CD</arg>
<arg>CF</arg>
<arg>CG</arg>
<arg>CH</arg>
<arg>CI</arg>
<arg>CK</arg>
<arg>CL</arg>
<arg>CM</arg>
<arg>CN</arg>
<arg>CO</arg>
<arg>CR</arg>
<arg>CU</arg>
<arg>CV</arg>
<arg>CW</arg>
<arg>CX</arg>
<arg>CY</arg>
<arg>CZ</arg>
<arg>DE</arg>
<arg>DJ</arg>
<arg>DK</arg>
<arg>DM</arg>
<arg>DO</arg>
<arg>DZ</arg>
<arg>EC</arg>
<arg>EE</arg>
<arg>EG</arg>
<arg>EH</arg>
<arg>ER</arg>
<arg>ES</arg>
<arg>ET</arg>
<arg>FI</arg>
<arg>FJ</arg>
<arg>FK</arg>
<arg>FM</arg>
<arg>FO</arg>
<arg>FR</arg>
<arg>GA</arg>
<arg>GB</arg>
<arg>GD</arg>
<arg>GE</arg>
<arg>GF</arg>
<arg>GG</arg>
<arg>GH</arg>
<arg>GI</arg>
<arg>GL</arg>
<arg>GM</arg>
<arg>GN</arg>
<arg>GP</arg>
<arg>GQ</arg>
<arg>GR</arg>
<arg>GS</arg>
<arg>GT</arg>
<arg>GU</arg>
<arg>GW</arg>
<arg>GY</arg>
<arg>HK</arg>
<arg>HM</arg>
<arg>HN</arg>
<arg>HR</arg>
<arg>HT</arg>
<arg>HU</arg>
<arg>ID</arg>
<arg>IE</arg>
<arg>IL</arg>
<arg>IM</arg>
<arg>IN</arg>
<arg>IO</arg>
<arg>IQ</arg>
<arg>IR</arg>
<arg>IS</arg>
<arg>IT</arg>
<arg>JE</arg>
<arg>JM</arg>
<arg>JO</arg>
<arg>JP</arg>
<arg>KE</arg>
<arg>KG</arg>
<arg>KH</arg>
<arg>KI</arg>
<arg>KM</arg>
<arg>KN</arg>
<arg>KP</arg>
<arg>KR</arg>
<arg>KW</arg>
<arg>KY</arg>
<arg>KZ</arg>
<arg>LA</arg>
<arg>LB</arg>
<arg>LC</arg>
<arg>LI</arg>
<arg>LK</arg>
<arg>LR</arg>
<arg>LS</arg>
<arg>LT</arg>
<arg>LU</arg>
<arg>LV</arg>
<arg>LY</arg>
<arg>MA</arg>
<arg>MC</arg>
<arg>MD</arg>
<arg>ME</arg>
<arg>MF</arg>
<arg>MG</arg>
<arg>MH</arg>
<arg>MK</arg>
<arg>ML</arg>
<arg>MM</arg>
<arg>MN</arg>
<arg>MO</arg>
<arg>MP</arg>
<arg>MQ</arg>
<arg>MR</arg>
<arg>MS</arg>
<arg>MT</arg>
<arg>MU</arg>
<arg>MV</arg>
<arg>MW</arg>
<arg>MX</arg>
<arg>MY</arg>
<arg>MZ</arg>
<arg>NA</arg>
<arg>NC</arg>
<arg>NE</arg>
<arg>NF</arg>
<arg>NG</arg>
<arg>NI</arg>
<arg>NL</arg>
<arg>NO</arg>
<arg>NP</arg>
<arg>NR</arg>
<arg>NU</arg>
<arg>NZ</arg>
<arg>OM</arg>
<arg>PA</arg>
<arg>PE</arg>
<arg>PF</arg>
<arg>PG</arg>
<arg>PH</arg>
<arg>PK</arg>
<arg>PL</arg>
<arg>PM</arg>
<arg>PN</arg>
<arg>PR</arg>
<arg>PS</arg>
<arg>PT</arg>
<arg>PW</arg>
<arg>PY</arg>
<arg>QA</arg>
<arg>RE</arg>
<arg>RO</arg>
<arg>RS</arg>
<arg>RU</arg>
<arg>RW</arg>
<arg>SA</arg>
<arg>SB</arg>
<arg>SC</arg>
<arg>SD</arg>
<arg>SE</arg>
<arg>SG</arg>
<arg>SH</arg>
<arg>SI</arg>
<arg>SJ</arg>
<arg>SK</arg>
<arg>SL</arg>
<arg>SM</arg>
<arg>SN</arg>
<arg>SO</arg>
<arg>SR</arg>
<arg>SS</arg>
<arg>ST</arg>
<arg>SV</arg>
<arg>SX</arg>
<arg>SY</arg>
<arg>SZ</arg>
<arg>TC</arg>
<arg>TD</arg>
<arg>TF</arg>
<arg>TG</arg>
<arg>TH</arg>
<arg>TJ</arg>
<arg>TK</arg>
<arg>TL</arg>
<arg>TM</arg>
<arg>TN</arg>
<arg>TO</arg>
<arg>TR</arg>
<arg>TT</arg>
<arg>TV</arg>
<arg>TW</arg>
<arg>TZ</arg>
<arg>UA</arg>
<arg>UG</arg>
<arg>UM</arg>
<arg>US</arg>
<arg>UY</arg>
<arg>UZ</arg>
<arg>VA</arg>
<arg>VC</arg>
<arg>VE</arg>
<arg>VG</arg>
<arg>VI</arg>
<arg>VN</arg>
<arg>VU</arg>
<arg>WF</arg>
<arg>WS</arg>
<arg>XK</arg>
<arg>YE</arg>
<arg>YT</arg>
<arg>ZA</arg>
<arg>ZM</arg>
<arg>ZW</arg>
<doc>Returns a list containing given items.</doc>
<status status="PASS" start="2024-04-15T07:11:16.165223" elapsed="0.000621"/>
</kw>
<kw name="List Should Contain Value" owner="Collections">
<msg time="2024-04-15T07:11:16.166855" level="INFO">False</msg>
<arg>${list_country}</arg>
<arg>${name_country}</arg>
<doc>Fails if the ``value`` is not found from ``list``.</doc>
<status status="PASS" start="2024-04-15T07:11:16.166646" elapsed="0.000245"/>
</kw>
<kw name="Run Keyword If" owner="BuiltIn">
<kw name="Should Be True" owner="BuiltIn">
<arg>${True}</arg>
<doc>Fails if the given condition is not true.</doc>
<status status="PASS" start="2024-04-15T07:11:16.167987" elapsed="0.000134"/>
</kw>
<arg>${json_data["results"][0]["location"]["coordinates"]["latitude"]} &gt;= -90 and ${json_data["results"][0]["location"]["coordinates"]["latitude"]} &lt;= 90</arg>
<arg>Should Be True</arg>
<arg>${True}</arg>
<doc>Runs the given keyword with the given arguments, if ``condition`` is true.</doc>
<status status="PASS" start="2024-04-15T07:11:16.167192" elapsed="0.001048"/>
</kw>
<kw name="Run Keyword If" owner="BuiltIn">
<kw name="Should Be True" owner="BuiltIn">
<arg>${True}</arg>
<doc>Fails if the given condition is not true.</doc>
<status status="PASS" start="2024-04-15T07:11:16.169084" elapsed="0.000136"/>
</kw>
<arg>${json_data["results"][0]["location"]["coordinates"]["longitude"]} &gt;= -180 and ${json_data["results"][0]["location"]["coordinates"]["longitude"]} &lt;= 180</arg>
<arg>Should Be True</arg>
<arg>${True}</arg>
<doc>Runs the given keyword with the given arguments, if ``condition`` is true.</doc>
<status status="PASS" start="2024-04-15T07:11:16.168412" elapsed="0.000929"/>
</kw>
<status status="PASS" start="2024-04-15T07:11:16.118603" elapsed="0.050866"/>
</kw>
<doc>Testa o conteúdo específico dos campos retornados pela API.</doc>
<tag>testeConteudo</tag>
<status status="PASS" start="2024-04-15T07:11:16.118076" elapsed="0.051535"/>
</test>
<status status="PASS" start="2024-04-15T07:11:15.271978" elapsed="0.899606"/>
</suite>
<status status="PASS" start="2024-04-15T07:11:15.258365" elapsed="0.918496"/>
</suite>
<statistics>
<total>
<stat pass="5" fail="0" skip="0">All Tests</stat>
</total>
<tag>
<stat pass="1" fail="0" skip="0">testeConteudo</stat>
<stat pass="1" fail="0" skip="0">testeEstruturaResposta</stat>
<stat pass="1" fail="0" skip="0">testeRequisicaoBasica</stat>
<stat pass="1" fail="0" skip="0">testeTiposDados</stat>
</tag>
<suite>
<stat pass="5" fail="0" skip="0" id="s1" name="Tests">Tests</stat>
<stat pass="5" fail="0" skip="0" id="s1-s1" name="Random-User-Test">Tests.Random-User-Test</stat>
</suite>
</statistics>
<errors>
</errors>
</robot>
