<?xml version="1.0" encoding="UTF-8"?>
<robot generator="Robot 7.0.1 (Python 3.12.4 on linux)" generated="2024-06-25T10:16:05.141943" rpa="false" schemaversion="5">
<suite id="s1" name="Tests" source="/home/runner/work/ApiRandomUser/ApiRandomUser/RamdonUser/tests">
<suite id="s1-s1" name="Random-User-Test" source="/home/runner/work/ApiRandomUser/ApiRandomUser/RamdonUser/tests/random-user-test.robot">
<test id="s1-s1-t1" name="Conectar" line="13">
<kw name="Conectar API" owner="random-user-service">
<kw name="Create Session" owner="RequestsLibrary">
<msg time="2024-06-25T10:16:05.554510" level="INFO">Creating Session using : alias=consultarAPI, url=https://randomuser.me/, headers={},                     cookies={}, auth=None, timeout=None, proxies=None, verify=False,                     debug=0 </msg>
<arg>consultarAPI</arg>
<arg>${URL}</arg>
<doc>Create Session: create a HTTP session to a server</doc>
<status status="PASS" start="2024-06-25T10:16:05.554304" elapsed="0.000391"/>
</kw>
<status status="PASS" start="2024-06-25T10:16:05.553302" elapsed="0.001755"/>
</kw>
<status status="PASS" start="2024-06-25T10:16:05.552655" elapsed="0.002593"/>
</test>
<test id="s1-s1-t2" name="Validar retorno 200 e JSON Válido" line="16">
<kw name="Teste de Requisicao Basica" owner="random-user-service">
<kw name="GET On Session" owner="RequestsLibrary">
<msg time="2024-06-25T10:16:05.676708" level="INFO">GET Request : url=https://randomuser.me/api 
 path_url=/api 
 headers={'User-Agent': 'python-requests/2.32.3', 'Accept-Encoding': 'gzip, deflate', 'Accept': '*/*', 'Connection': 'keep-alive'} 
 body=None 
 </msg>
<msg time="2024-06-25T10:16:05.676912" level="INFO">GET Response : url=https://randomuser.me/api 
 status=200, reason=OK 
 headers={'Date': 'Tue, 25 Jun 2024 10:16:05 GMT', 'Content-Type': 'application/json; charset=utf-8', 'Transfer-Encoding': 'chunked', 'Connection': 'keep-alive', 'X-Powered-By': 'Express', 'Access-Control-Allow-Origin': '*', 'Cache-Control': 'no-cache', 'ETag': 'W/"4ac-1Yb8f2SuAxctQMnbmsPuYerdFuw"', 'Vary': 'Accept-Encoding', 'Content-Encoding': 'gzip', 'CF-Cache-Status': 'DYNAMIC', 'Report-To': '{"endpoints":[{"url":"https:\\/\\/a.nel.cloudflare.com\\/report\\/v4?s=SaIdWxjCdoplLJP%2FbXG5yrNZvcyAxUwPZi7OqzHBdzQ1Cfxs9ImTu%2F9renS%2FfRGhUvJIsB9xA8V3dDFwmfN7xnq7V3zePV6xATtH5LbWRIIFj5%2Fo2Nv91q3S7cO3jxag"}],"group":"cf-nel","max_age":604800}', 'NEL': '{"success_fraction":0,"report_to":"cf-nel","max_age":604800}', 'Server': 'cloudflare', 'CF-RAY': '8994333aedee96cb-SJC', 'alt-svc': 'h3=":443"; ma=86400'} 
 body={"results":[{"gender":"male","name":{"title":"Mr","first":"Uglješa","last":"Jakovljević"},"location":{"street":{"number":6368,"name":"Mihaila ćupovića"},"city":"Aleksinac","state":"Kosovska Mitrovica","country":"Serbia","postcode":49415,"coordinates":{"latitude":"57.4107","longitude":"-168.7944"},"timezone":{"offset":"-5:00","description":"Eastern Time (US &amp; Canada), Bogota, Lima"}},"email":"ugljesa.jakovljevic@example.com","login":{"uuid":"d33a7047-db47-458a-9b15-964ebb9249b9","username":"bigfrog615","password":"radiohea","salt":"3UpEuIQe","md5":"0bda1dc9064d8fa9e37b0a1b8d447980","sha1":"ace32363aa3f6c9ca41f05923a83b748e97c3274","sha256":"5225568d6907cfb0240ff43c0a6e8ffbdaf5a127efccbf7198c37de125c389d5"},"dob":{"date":"1967-09-16T01:59:10.055Z","age":56},"registered":{"date":"2007-08-19T02:55:42.571Z","age":16},"phone":"037-5125-763","cell":"061-9257-420","id":{"name":"SID","value":"845473773"},"picture":{"large":"https://randomuser.me/api/portraits/men/90.jpg","medium":"https://randomuser.me/api/portraits/med/men/90.jpg","thumbnail":"https://randomuser.me/api/portraits/thumb/men/90.jpg"},"nat":"RS"}],"info":{"seed":"874911ba73b8d90d","results":1,"page":1,"version":"1.4"}} 
 </msg>
<msg time="2024-06-25T10:16:05.677048" level="INFO">/opt/hostedtoolcache/Python/3.12.4/x64/lib/python3.12/site-packages/urllib3/connectionpool.py:1099: InsecureRequestWarning: Unverified HTTPS request is being made to host 'randomuser.me'. Adding certificate verification is strongly advised. See: https://urllib3.readthedocs.io/en/latest/advanced-usage.html#tls-warnings
  warnings.warn(</msg>
<msg time="2024-06-25T10:16:05.677229" level="INFO">${response} = &lt;Response [200]&gt;</msg>
<var>${response}</var>
<arg>consultarAPI</arg>
<arg>/api</arg>
<doc>Sends a GET request on a previously created HTTP Session.</doc>
<status status="PASS" start="2024-06-25T10:16:05.557947" elapsed="0.119328"/>
</kw>
<kw name="Should Be Equal As Numbers" owner="BuiltIn">
<msg time="2024-06-25T10:16:05.678459" level="INFO">Argument types are:
&lt;class 'int'&gt;
&lt;class 'str'&gt;</msg>
<arg>${response.status_code}</arg>
<arg>200</arg>
<doc>Fails if objects are unequal after converting them to real numbers.</doc>
<status status="PASS" start="2024-06-25T10:16:05.677989" elapsed="0.000537"/>
</kw>
<kw name="Log" owner="BuiltIn">
<msg time="2024-06-25T10:16:05.679219" level="INFO">200</msg>
<arg>${response.status_code}</arg>
<doc>Logs the given message with the given level.</doc>
<status status="PASS" start="2024-06-25T10:16:05.678856" elapsed="0.000406"/>
</kw>
<kw name="Set Variable" owner="BuiltIn">
<msg time="2024-06-25T10:16:05.680037" level="INFO">${json_data} = {'results': [{'gender': 'male', 'name': {'title': 'Mr', 'first': 'Uglješa', 'last': 'Jakovljević'}, 'location': {'street': {'number': 6368, 'name': 'Mihaila ćupovića'}, 'city': 'Aleksinac', 'state': '...</msg>
<var>${json_data}</var>
<arg>${response.json()}</arg>
<doc>Returns the given values which can then be assigned to a variables.</doc>
<status status="PASS" start="2024-06-25T10:16:05.679568" elapsed="0.000498"/>
</kw>
<kw name="Dictionary Should Contain Key" owner="Collections">
<arg>${json_data}</arg>
<arg>results</arg>
<doc>Fails if ``key`` is not found from ``dictionary``.</doc>
<status status="PASS" start="2024-06-25T10:16:05.680362" elapsed="0.000178"/>
</kw>
<status status="PASS" start="2024-06-25T10:16:05.557703" elapsed="0.122989"/>
</kw>
<doc>Testa se a API responde corretamente e retorna um objeto JSON válido.</doc>
<tag>testeRequisicaoBasica</tag>
<status status="PASS" start="2024-06-25T10:16:05.557112" elapsed="0.123754"/>
</test>
<test id="s1-s1-t3" name="Validar estrutura de resposta" line="22">
<kw name="Teste de Estrutura de Resposta" owner="random-user-service">
<kw name="GET On Session" owner="RequestsLibrary">
<msg time="2024-06-25T10:16:05.774876" level="INFO">GET Request : url=https://randomuser.me/api 
 path_url=/api 
 headers={'User-Agent': 'python-requests/2.32.3', 'Accept-Encoding': 'gzip, deflate', 'Accept': '*/*', 'Connection': 'keep-alive'} 
 body=None 
 </msg>
<msg time="2024-06-25T10:16:05.775007" level="INFO">GET Response : url=https://randomuser.me/api 
 status=200, reason=OK 
 headers={'Date': 'Tue, 25 Jun 2024 10:16:05 GMT', 'Content-Type': 'application/json; charset=utf-8', 'Transfer-Encoding': 'chunked', 'Connection': 'keep-alive', 'X-Powered-By': 'Express', 'Access-Control-Allow-Origin': '*', 'Cache-Control': 'no-cache', 'ETag': 'W/"486-1fGEi2Y0E3PHuTdUHHFFBDO296Q"', 'Vary': 'Accept-Encoding', 'Content-Encoding': 'gzip', 'CF-Cache-Status': 'DYNAMIC', 'Report-To': '{"endpoints":[{"url":"https:\\/\\/a.nel.cloudflare.com\\/report\\/v4?s=ZPAXOxt7Z1RLPZrP9rQ0PbMrCQT2dQHDCy1hCrk5ZMVyPWklDVD4yVjXxwQJQ2sdpSz04Z4AJ2sSFP8h%2BxSJLl7Dqrf8Yq3IRkoHLJmOuwAGEqJrvEsyJarbKWSYGU5I"}],"group":"cf-nel","max_age":604800}', 'NEL': '{"success_fraction":0,"report_to":"cf-nel","max_age":604800}', 'Server': 'cloudflare', 'CF-RAY': '8994333b8e3996cb-SJC', 'alt-svc': 'h3=":443"; ma=86400'} 
 body={"results":[{"gender":"male","name":{"title":"Mr","first":"Matias","last":"Autio"},"location":{"street":{"number":3053,"name":"Mechelininkatu"},"city":"Loimaa","state":"Central Ostrobothnia","country":"Finland","postcode":68419,"coordinates":{"latitude":"-26.3526","longitude":"-23.4916"},"timezone":{"offset":"-3:30","description":"Newfoundland"}},"email":"matias.autio@example.com","login":{"uuid":"9054671a-9163-448c-ac77-510c436a0176","username":"lazyladybug429","password":"riders","salt":"KhAoqIU5","md5":"b62df1daaa5e853027066b25552cd5ab","sha1":"5c9369ab2d184bd9ac459348469f37098f0028f1","sha256":"fa3374f1a28faaa091d2d4cd3bb234847bc0d9a1322ad64d4db27c46d91551af"},"dob":{"date":"1948-09-17T13:29:06.286Z","age":75},"registered":{"date":"2003-06-21T09:34:01.415Z","age":21},"phone":"04-236-004","cell":"044-567-38-37","id":{"name":"HETU","value":"NaNNA845undefined"},"picture":{"large":"https://randomuser.me/api/portraits/men/79.jpg","medium":"https://randomuser.me/api/portraits/med/men/79.jpg","thumbnail":"https://randomuser.me/api/portraits/thumb/men/79.jpg"},"nat":"FI"}],"info":{"seed":"0030f9a8fd89ab65","results":1,"page":1,"version":"1.4"}} 
 </msg>
<msg time="2024-06-25T10:16:05.775161" level="INFO">/opt/hostedtoolcache/Python/3.12.4/x64/lib/python3.12/site-packages/urllib3/connectionpool.py:1099: InsecureRequestWarning: Unverified HTTPS request is being made to host 'randomuser.me'. Adding certificate verification is strongly advised. See: https://urllib3.readthedocs.io/en/latest/advanced-usage.html#tls-warnings
  warnings.warn(</msg>
<msg time="2024-06-25T10:16:05.775322" level="INFO">${response} = &lt;Response [200]&gt;</msg>
<var>${response}</var>
<arg>consultarAPI</arg>
<arg>/api</arg>
<doc>Sends a GET request on a previously created HTTP Session.</doc>
<status status="PASS" start="2024-06-25T10:16:05.683618" elapsed="0.091750"/>
</kw>
<kw name="Set Variable" owner="BuiltIn">
<msg time="2024-06-25T10:16:05.776444" level="INFO">${json_data} = {'results': [{'gender': 'male', 'name': {'title': 'Mr', 'first': 'Matias', 'last': 'Autio'}, 'location': {'street': {'number': 3053, 'name': 'Mechelininkatu'}, 'city': 'Loimaa', 'state': 'Central Ostr...</msg>
<var>${json_data}</var>
<arg>${response.json()}</arg>
<doc>Returns the given values which can then be assigned to a variables.</doc>
<status status="PASS" start="2024-06-25T10:16:05.775890" elapsed="0.000584"/>
</kw>
<kw name="Log" owner="BuiltIn">
<msg time="2024-06-25T10:16:05.776993" level="INFO">{'results': [{'gender': 'male', 'name': {'title': 'Mr', 'first': 'Matias', 'last': 'Autio'}, 'location': {'street': {'number': 3053, 'name': 'Mechelininkatu'}, 'city': 'Loimaa', 'state': 'Central Ostrobothnia', 'country': 'Finland', 'postcode': 68419, 'coordinates': {'latitude': '-26.3526', 'longitude': '-23.4916'}, 'timezone': {'offset': '-3:30', 'description': 'Newfoundland'}}, 'email': 'matias.autio@example.com', 'login': {'uuid': '9054671a-9163-448c-ac77-510c436a0176', 'username': 'lazyladybug429', 'password': 'riders', 'salt': 'KhAoqIU5', 'md5': 'b62df1daaa5e853027066b25552cd5ab', 'sha1': '5c9369ab2d184bd9ac459348469f37098f0028f1', 'sha256': 'fa3374f1a28faaa091d2d4cd3bb234847bc0d9a1322ad64d4db27c46d91551af'}, 'dob': {'date': '1948-09-17T13:29:06.286Z', 'age': 75}, 'registered': {'date': '2003-06-21T09:34:01.415Z', 'age': 21}, 'phone': '04-236-004', 'cell': '044-567-38-37', 'id': {'name': 'HETU', 'value': 'NaNNA845undefined'}, 'picture': {'large': 'https://randomuser.me/api/portraits/men/79.jpg', 'medium': 'https://randomuser.me/api/portraits/med/men/79.jpg', 'thumbnail': 'https://randomuser.me/api/portraits/thumb/men/79.jpg'}, 'nat': 'FI'}], 'info': {'seed': '0030f9a8fd89ab65', 'results': 1, 'page': 1, 'version': '1.4'}}</msg>
<arg>${json_data}</arg>
<doc>Logs the given message with the given level.</doc>
<status status="PASS" start="2024-06-25T10:16:05.776822" elapsed="0.000219"/>
</kw>
<kw name="Dictionary Should Contain Key" owner="Collections">
<arg>${json_data}</arg>
<arg>results</arg>
<doc>Fails if ``key`` is not found from ``dictionary``.</doc>
<status status="PASS" start="2024-06-25T10:16:05.777352" elapsed="0.000162"/>
</kw>
<kw name="Should Not Be Empty" owner="BuiltIn">
<msg time="2024-06-25T10:16:05.777890" level="INFO">Length is 2.</msg>
<arg>${json_data}</arg>
<doc>Verifies that the given item is not empty.</doc>
<status status="PASS" start="2024-06-25T10:16:05.777749" elapsed="0.000185"/>
</kw>
<kw name="Create List" owner="BuiltIn">
<msg time="2024-06-25T10:16:05.778395" level="INFO">${expected_keys} = ['gender', 'name', 'location', 'email', 'login']</msg>
<var>${expected_keys}</var>
<arg>gender</arg>
<arg>name</arg>
<arg>location</arg>
<arg>email</arg>
<arg>login</arg>
<doc>Returns a list containing given items.</doc>
<status status="PASS" start="2024-06-25T10:16:05.778235" elapsed="0.000185"/>
</kw>
<for flavor="IN">
<iter>
<kw name="Dictionary Should Contain Key" owner="Collections">
<arg>${json_data['results'][0]}</arg>
<arg>${key}</arg>
<doc>Fails if ``key`` is not found from ``dictionary``.</doc>
<status status="PASS" start="2024-06-25T10:16:05.779193" elapsed="0.000407"/>
</kw>
<kw name="Log" owner="BuiltIn">
<msg time="2024-06-25T10:16:05.780151" level="INFO">{'gender': 'male', 'name': {'title': 'Mr', 'first': 'Matias', 'last': 'Autio'}, 'location': {'street': {'number': 3053, 'name': 'Mechelininkatu'}, 'city': 'Loimaa', 'state': 'Central Ostrobothnia', 'country': 'Finland', 'postcode': 68419, 'coordinates': {'latitude': '-26.3526', 'longitude': '-23.4916'}, 'timezone': {'offset': '-3:30', 'description': 'Newfoundland'}}, 'email': 'matias.autio@example.com', 'login': {'uuid': '9054671a-9163-448c-ac77-510c436a0176', 'username': 'lazyladybug429', 'password': 'riders', 'salt': 'KhAoqIU5', 'md5': 'b62df1daaa5e853027066b25552cd5ab', 'sha1': '5c9369ab2d184bd9ac459348469f37098f0028f1', 'sha256': 'fa3374f1a28faaa091d2d4cd3bb234847bc0d9a1322ad64d4db27c46d91551af'}, 'dob': {'date': '1948-09-17T13:29:06.286Z', 'age': 75}, 'registered': {'date': '2003-06-21T09:34:01.415Z', 'age': 21}, 'phone': '04-236-004', 'cell': '044-567-38-37', 'id': {'name': 'HETU', 'value': 'NaNNA845undefined'}, 'picture': {'large': 'https://randomuser.me/api/portraits/men/79.jpg', 'medium': 'https://randomuser.me/api/portraits/med/men/79.jpg', 'thumbnail': 'https://randomuser.me/api/portraits/thumb/men/79.jpg'}, 'nat': 'FI'}</msg>
<arg>${json_data['results'][0]}</arg>
<doc>Logs the given message with the given level.</doc>
<status status="PASS" start="2024-06-25T10:16:05.779790" elapsed="0.000408"/>
</kw>
<kw name="Log" owner="BuiltIn">
<msg time="2024-06-25T10:16:05.780620" level="INFO">gender</msg>
<arg>${key}</arg>
<doc>Logs the given message with the given level.</doc>
<status status="PASS" start="2024-06-25T10:16:05.780492" elapsed="0.000165"/>
</kw>
<var name="${key}">gender</var>
<status status="PASS" start="2024-06-25T10:16:05.779066" elapsed="0.001805"/>
</iter>
<iter>
<kw name="Dictionary Should Contain Key" owner="Collections">
<arg>${json_data['results'][0]}</arg>
<arg>${key}</arg>
<doc>Fails if ``key`` is not found from ``dictionary``.</doc>
<status status="PASS" start="2024-06-25T10:16:05.781170" elapsed="0.000397"/>
</kw>
<kw name="Log" owner="BuiltIn">
<msg time="2024-06-25T10:16:05.782119" level="INFO">{'gender': 'male', 'name': {'title': 'Mr', 'first': 'Matias', 'last': 'Autio'}, 'location': {'street': {'number': 3053, 'name': 'Mechelininkatu'}, 'city': 'Loimaa', 'state': 'Central Ostrobothnia', 'country': 'Finland', 'postcode': 68419, 'coordinates': {'latitude': '-26.3526', 'longitude': '-23.4916'}, 'timezone': {'offset': '-3:30', 'description': 'Newfoundland'}}, 'email': 'matias.autio@example.com', 'login': {'uuid': '9054671a-9163-448c-ac77-510c436a0176', 'username': 'lazyladybug429', 'password': 'riders', 'salt': 'KhAoqIU5', 'md5': 'b62df1daaa5e853027066b25552cd5ab', 'sha1': '5c9369ab2d184bd9ac459348469f37098f0028f1', 'sha256': 'fa3374f1a28faaa091d2d4cd3bb234847bc0d9a1322ad64d4db27c46d91551af'}, 'dob': {'date': '1948-09-17T13:29:06.286Z', 'age': 75}, 'registered': {'date': '2003-06-21T09:34:01.415Z', 'age': 21}, 'phone': '04-236-004', 'cell': '044-567-38-37', 'id': {'name': 'HETU', 'value': 'NaNNA845undefined'}, 'picture': {'large': 'https://randomuser.me/api/portraits/men/79.jpg', 'medium': 'https://randomuser.me/api/portraits/med/men/79.jpg', 'thumbnail': 'https://randomuser.me/api/portraits/thumb/men/79.jpg'}, 'nat': 'FI'}</msg>
<arg>${json_data['results'][0]}</arg>
<doc>Logs the given message with the given level.</doc>
<status status="PASS" start="2024-06-25T10:16:05.781772" elapsed="0.000427"/>
</kw>
<kw name="Log" owner="BuiltIn">
<msg time="2024-06-25T10:16:05.782622" level="INFO">name</msg>
<arg>${key}</arg>
<doc>Logs the given message with the given level.</doc>
<status status="PASS" start="2024-06-25T10:16:05.782494" elapsed="0.000168"/>
</kw>
<var name="${key}">name</var>
<status status="PASS" start="2024-06-25T10:16:05.781059" elapsed="0.001827"/>
</iter>
<iter>
<kw name="Dictionary Should Contain Key" owner="Collections">
<arg>${json_data['results'][0]}</arg>
<arg>${key}</arg>
<doc>Fails if ``key`` is not found from ``dictionary``.</doc>
<status status="PASS" start="2024-06-25T10:16:05.783170" elapsed="0.000425"/>
</kw>
<kw name="Log" owner="BuiltIn">
<msg time="2024-06-25T10:16:05.784175" level="INFO">{'gender': 'male', 'name': {'title': 'Mr', 'first': 'Matias', 'last': 'Autio'}, 'location': {'street': {'number': 3053, 'name': 'Mechelininkatu'}, 'city': 'Loimaa', 'state': 'Central Ostrobothnia', 'country': 'Finland', 'postcode': 68419, 'coordinates': {'latitude': '-26.3526', 'longitude': '-23.4916'}, 'timezone': {'offset': '-3:30', 'description': 'Newfoundland'}}, 'email': 'matias.autio@example.com', 'login': {'uuid': '9054671a-9163-448c-ac77-510c436a0176', 'username': 'lazyladybug429', 'password': 'riders', 'salt': 'KhAoqIU5', 'md5': 'b62df1daaa5e853027066b25552cd5ab', 'sha1': '5c9369ab2d184bd9ac459348469f37098f0028f1', 'sha256': 'fa3374f1a28faaa091d2d4cd3bb234847bc0d9a1322ad64d4db27c46d91551af'}, 'dob': {'date': '1948-09-17T13:29:06.286Z', 'age': 75}, 'registered': {'date': '2003-06-21T09:34:01.415Z', 'age': 21}, 'phone': '04-236-004', 'cell': '044-567-38-37', 'id': {'name': 'HETU', 'value': 'NaNNA845undefined'}, 'picture': {'large': 'https://randomuser.me/api/portraits/men/79.jpg', 'medium': 'https://randomuser.me/api/portraits/med/men/79.jpg', 'thumbnail': 'https://randomuser.me/api/portraits/thumb/men/79.jpg'}, 'nat': 'FI'}</msg>
<arg>${json_data['results'][0]}</arg>
<doc>Logs the given message with the given level.</doc>
<status status="PASS" start="2024-06-25T10:16:05.783824" elapsed="0.000398"/>
</kw>
<kw name="Log" owner="BuiltIn">
<msg time="2024-06-25T10:16:05.784637" level="INFO">location</msg>
<arg>${key}</arg>
<doc>Logs the given message with the given level.</doc>
<status status="PASS" start="2024-06-25T10:16:05.784512" elapsed="0.000161"/>
</kw>
<var name="${key}">location</var>
<status status="PASS" start="2024-06-25T10:16:05.783062" elapsed="0.001824"/>
</iter>
<iter>
<kw name="Dictionary Should Contain Key" owner="Collections">
<arg>${json_data['results'][0]}</arg>
<arg>${key}</arg>
<doc>Fails if ``key`` is not found from ``dictionary``.</doc>
<status status="PASS" start="2024-06-25T10:16:05.785160" elapsed="0.000390"/>
</kw>
<kw name="Log" owner="BuiltIn">
<msg time="2024-06-25T10:16:05.786120" level="INFO">{'gender': 'male', 'name': {'title': 'Mr', 'first': 'Matias', 'last': 'Autio'}, 'location': {'street': {'number': 3053, 'name': 'Mechelininkatu'}, 'city': 'Loimaa', 'state': 'Central Ostrobothnia', 'country': 'Finland', 'postcode': 68419, 'coordinates': {'latitude': '-26.3526', 'longitude': '-23.4916'}, 'timezone': {'offset': '-3:30', 'description': 'Newfoundland'}}, 'email': 'matias.autio@example.com', 'login': {'uuid': '9054671a-9163-448c-ac77-510c436a0176', 'username': 'lazyladybug429', 'password': 'riders', 'salt': 'KhAoqIU5', 'md5': 'b62df1daaa5e853027066b25552cd5ab', 'sha1': '5c9369ab2d184bd9ac459348469f37098f0028f1', 'sha256': 'fa3374f1a28faaa091d2d4cd3bb234847bc0d9a1322ad64d4db27c46d91551af'}, 'dob': {'date': '1948-09-17T13:29:06.286Z', 'age': 75}, 'registered': {'date': '2003-06-21T09:34:01.415Z', 'age': 21}, 'phone': '04-236-004', 'cell': '044-567-38-37', 'id': {'name': 'HETU', 'value': 'NaNNA845undefined'}, 'picture': {'large': 'https://randomuser.me/api/portraits/men/79.jpg', 'medium': 'https://randomuser.me/api/portraits/med/men/79.jpg', 'thumbnail': 'https://randomuser.me/api/portraits/thumb/men/79.jpg'}, 'nat': 'FI'}</msg>
<arg>${json_data['results'][0]}</arg>
<doc>Logs the given message with the given level.</doc>
<status status="PASS" start="2024-06-25T10:16:05.785771" elapsed="0.000398"/>
</kw>
<kw name="Log" owner="BuiltIn">
<msg time="2024-06-25T10:16:05.786582" level="INFO">email</msg>
<arg>${key}</arg>
<doc>Logs the given message with the given level.</doc>
<status status="PASS" start="2024-06-25T10:16:05.786457" elapsed="0.000162"/>
</kw>
<var name="${key}">email</var>
<status status="PASS" start="2024-06-25T10:16:05.785054" elapsed="0.001782"/>
</iter>
<iter>
<kw name="Dictionary Should Contain Key" owner="Collections">
<arg>${json_data['results'][0]}</arg>
<arg>${key}</arg>
<doc>Fails if ``key`` is not found from ``dictionary``.</doc>
<status status="PASS" start="2024-06-25T10:16:05.787109" elapsed="0.000379"/>
</kw>
<kw name="Log" owner="BuiltIn">
<msg time="2024-06-25T10:16:05.788020" level="INFO">{'gender': 'male', 'name': {'title': 'Mr', 'first': 'Matias', 'last': 'Autio'}, 'location': {'street': {'number': 3053, 'name': 'Mechelininkatu'}, 'city': 'Loimaa', 'state': 'Central Ostrobothnia', 'country': 'Finland', 'postcode': 68419, 'coordinates': {'latitude': '-26.3526', 'longitude': '-23.4916'}, 'timezone': {'offset': '-3:30', 'description': 'Newfoundland'}}, 'email': 'matias.autio@example.com', 'login': {'uuid': '9054671a-9163-448c-ac77-510c436a0176', 'username': 'lazyladybug429', 'password': 'riders', 'salt': 'KhAoqIU5', 'md5': 'b62df1daaa5e853027066b25552cd5ab', 'sha1': '5c9369ab2d184bd9ac459348469f37098f0028f1', 'sha256': 'fa3374f1a28faaa091d2d4cd3bb234847bc0d9a1322ad64d4db27c46d91551af'}, 'dob': {'date': '1948-09-17T13:29:06.286Z', 'age': 75}, 'registered': {'date': '2003-06-21T09:34:01.415Z', 'age': 21}, 'phone': '04-236-004', 'cell': '044-567-38-37', 'id': {'name': 'HETU', 'value': 'NaNNA845undefined'}, 'picture': {'large': 'https://randomuser.me/api/portraits/men/79.jpg', 'medium': 'https://randomuser.me/api/portraits/med/men/79.jpg', 'thumbnail': 'https://randomuser.me/api/portraits/thumb/men/79.jpg'}, 'nat': 'FI'}</msg>
<arg>${json_data['results'][0]}</arg>
<doc>Logs the given message with the given level.</doc>
<status status="PASS" start="2024-06-25T10:16:05.787671" elapsed="0.000396"/>
</kw>
<kw name="Log" owner="BuiltIn">
<msg time="2024-06-25T10:16:05.788494" level="INFO">login</msg>
<arg>${key}</arg>
<doc>Logs the given message with the given level.</doc>
<status status="PASS" start="2024-06-25T10:16:05.788360" elapsed="0.000171"/>
</kw>
<var name="${key}">login</var>
<status status="PASS" start="2024-06-25T10:16:05.787002" elapsed="0.001742"/>
</iter>
<var>${key}</var>
<value>@{expected_keys}</value>
<status status="PASS" start="2024-06-25T10:16:05.778856" elapsed="0.010007"/>
</for>
<kw name="Create List" owner="BuiltIn">
<msg time="2024-06-25T10:16:05.789186" level="INFO">${expected_keysTwo} = ['username', 'password']</msg>
<var>${expected_keysTwo}</var>
<arg>username</arg>
<arg>password</arg>
<doc>Returns a list containing given items.</doc>
<status status="PASS" start="2024-06-25T10:16:05.789049" elapsed="0.000161"/>
</kw>
<for flavor="IN">
<iter>
<kw name="Dictionary Should Contain Key" owner="Collections">
<arg>${json_data['results'][0]['login']}</arg>
<arg>${keyTwo}</arg>
<doc>Fails if ``key`` is not found from ``dictionary``.</doc>
<status status="PASS" start="2024-06-25T10:16:05.789756" elapsed="0.000376"/>
</kw>
<kw name="Dictionary Should Contain Key" owner="Collections">
<arg>${json_data['results'][0]['login']}</arg>
<arg>${keyTwo}</arg>
<doc>Fails if ``key`` is not found from ``dictionary``.</doc>
<status status="PASS" start="2024-06-25T10:16:05.790310" elapsed="0.000401"/>
</kw>
<kw name="Log" owner="BuiltIn">
<msg time="2024-06-25T10:16:05.791006" level="INFO">username</msg>
<arg>${keyTwo}</arg>
<doc>Logs the given message with the given level.</doc>
<status status="PASS" start="2024-06-25T10:16:05.790888" elapsed="0.000155"/>
</kw>
<var name="${keyTwo}">username</var>
<status status="PASS" start="2024-06-25T10:16:05.789648" elapsed="0.001612"/>
</iter>
<iter>
<kw name="Dictionary Should Contain Key" owner="Collections">
<arg>${json_data['results'][0]['login']}</arg>
<arg>${keyTwo}</arg>
<doc>Fails if ``key`` is not found from ``dictionary``.</doc>
<status status="PASS" start="2024-06-25T10:16:05.791537" elapsed="0.000381"/>
</kw>
<kw name="Dictionary Should Contain Key" owner="Collections">
<arg>${json_data['results'][0]['login']}</arg>
<arg>${keyTwo}</arg>
<doc>Fails if ``key`` is not found from ``dictionary``.</doc>
<status status="PASS" start="2024-06-25T10:16:05.792095" elapsed="0.000365"/>
</kw>
<kw name="Log" owner="BuiltIn">
<msg time="2024-06-25T10:16:05.792753" level="INFO">password</msg>
<arg>${keyTwo}</arg>
<doc>Logs the given message with the given level.</doc>
<status status="PASS" start="2024-06-25T10:16:05.792636" elapsed="0.000158"/>
</kw>
<var name="${keyTwo}">password</var>
<status status="PASS" start="2024-06-25T10:16:05.791427" elapsed="0.001587"/>
</iter>
<var>${keyTwo}</var>
<value>@{expected_keysTwo}</value>
<status status="PASS" start="2024-06-25T10:16:05.789469" elapsed="0.003662"/>
</for>
<status status="PASS" start="2024-06-25T10:16:05.683386" elapsed="0.109884"/>
</kw>
<doc>Testa a estrutura da resposta da API.</doc>
<tag>testeEstruturaResposta</tag>
<status status="PASS" start="2024-06-25T10:16:05.682782" elapsed="0.110646"/>
</test>
<test id="s1-s1-t4" name="Validar tipos de dados" line="28">
<kw name="Teste de Tipos de Dados" owner="random-user-service">
<kw name="GET On Session" owner="RequestsLibrary">
<msg time="2024-06-25T10:16:05.881898" level="INFO">GET Request : url=https://randomuser.me/api 
 path_url=/api 
 headers={'User-Agent': 'python-requests/2.32.3', 'Accept-Encoding': 'gzip, deflate', 'Accept': '*/*', 'Connection': 'keep-alive'} 
 body=None 
 </msg>
<msg time="2024-06-25T10:16:05.881986" level="INFO">GET Response : url=https://randomuser.me/api 
 status=200, reason=OK 
 headers={'Date': 'Tue, 25 Jun 2024 10:16:05 GMT', 'Content-Type': 'application/json; charset=utf-8', 'Transfer-Encoding': 'chunked', 'Connection': 'keep-alive', 'X-Powered-By': 'Express', 'Access-Control-Allow-Origin': '*', 'Cache-Control': 'no-cache', 'ETag': 'W/"4a6-c/YElbNS+E666p0BA35Atu3gmwI"', 'Vary': 'Accept-Encoding', 'Content-Encoding': 'gzip', 'CF-Cache-Status': 'DYNAMIC', 'Report-To': '{"endpoints":[{"url":"https:\\/\\/a.nel.cloudflare.com\\/report\\/v4?s=Op6D0RZofvAH5%2FzwrFVvYZGtKOTMrmMSbELrl7GKHddbeKMKkALK6XKTspkzU0pZC5kkuDDAETjitFwBBcceJyUGJZnQFzgfi%2BQZDwrQJoJFqOMVGsB4HUY2NqioQuDu"}],"group":"cf-nel","max_age":604800}', 'NEL': '{"success_fraction":0,"report_to":"cf-nel","max_age":604800}', 'Server': 'cloudflare', 'CF-RAY': '8994333c3e9596cb-SJC', 'alt-svc': 'h3=":443"; ma=86400'} 
 body={"results":[{"gender":"male","name":{"title":"Mr","first":"محمدپارسا","last":"احمدی"},"location":{"street":{"number":5354,"name":"پارک دانشجو"},"city":"قم","state":"خراسان شمالی","country":"Iran","postcode":29059,"coordinates":{"latitude":"15.5874","longitude":"-120.8161"},"timezone":{"offset":"+3:00","description":"Baghdad, Riyadh, Moscow, St. Petersburg"}},"email":"mhmdprs.hmdy@example.com","login":{"uuid":"d088eb53-b1b0-49b6-8c88-ea0e7773c530","username":"orangelion910","password":"rosario","salt":"ShUaMRza","md5":"8515856fd4a9cf3c047dcfb9968694e2","sha1":"99b2f15b499d0d02619686a701e487ff3c6a033d","sha256":"13660430f1dfdf857e1fd3045cdb28ffd25834c29fcd6ddbbaec8a8385870cda"},"dob":{"date":"1983-01-23T01:27:59.667Z","age":41},"registered":{"date":"2002-08-20T14:22:56.414Z","age":21},"phone":"044-42732076","cell":"0933-700-8945","id":{"name":"","value":null},"picture":{"large":"https://randomuser.me/api/portraits/men/89.jpg","medium":"https://randomuser.me/api/portraits/med/men/89.jpg","thumbnail":"https://randomuser.me/api/portraits/thumb/men/89.jpg"},"nat":"IR"}],"info":{"seed":"e16789578b49d3ab","results":1,"page":1,"version":"1.4"}} 
 </msg>
<msg time="2024-06-25T10:16:05.882067" level="INFO">/opt/hostedtoolcache/Python/3.12.4/x64/lib/python3.12/site-packages/urllib3/connectionpool.py:1099: InsecureRequestWarning: Unverified HTTPS request is being made to host 'randomuser.me'. Adding certificate verification is strongly advised. See: https://urllib3.readthedocs.io/en/latest/advanced-usage.html#tls-warnings
  warnings.warn(</msg>
<msg time="2024-06-25T10:16:05.882201" level="INFO">${response} = &lt;Response [200]&gt;</msg>
<var>${response}</var>
<arg>consultarAPI</arg>
<arg>/api</arg>
<doc>Sends a GET request on a previously created HTTP Session.</doc>
<status status="PASS" start="2024-06-25T10:16:05.796143" elapsed="0.086109"/>
</kw>
<kw name="Set Variable" owner="BuiltIn">
<msg time="2024-06-25T10:16:05.883188" level="INFO">${json_data} = {'results': [{'gender': 'male', 'name': {'title': 'Mr', 'first': 'محمدپارسا', 'last': 'احمدی'}, 'location': {'street': {'number': 5354, 'name': 'پارک دانشجو'}, 'city': 'قم', 'state': 'خراسان شمالی', '...</msg>
<var>${json_data}</var>
<arg>${response.json()}</arg>
<doc>Returns the given values which can then be assigned to a variables.</doc>
<status status="PASS" start="2024-06-25T10:16:05.882692" elapsed="0.000527"/>
</kw>
<kw name="Log" owner="BuiltIn">
<msg time="2024-06-25T10:16:05.883698" level="INFO">{'results': [{'gender': 'male', 'name': {'title': 'Mr', 'first': 'محمدپارسا', 'last': 'احمدی'}, 'location': {'street': {'number': 5354, 'name': 'پارک دانشجو'}, 'city': 'قم', 'state': 'خراسان شمالی', 'country': 'Iran', 'postcode': 29059, 'coordinates': {'latitude': '15.5874', 'longitude': '-120.8161'}, 'timezone': {'offset': '+3:00', 'description': 'Baghdad, Riyadh, Moscow, St. Petersburg'}}, 'email': 'mhmdprs.hmdy@example.com', 'login': {'uuid': 'd088eb53-b1b0-49b6-8c88-ea0e7773c530', 'username': 'orangelion910', 'password': 'rosario', 'salt': 'ShUaMRza', 'md5': '8515856fd4a9cf3c047dcfb9968694e2', 'sha1': '99b2f15b499d0d02619686a701e487ff3c6a033d', 'sha256': '13660430f1dfdf857e1fd3045cdb28ffd25834c29fcd6ddbbaec8a8385870cda'}, 'dob': {'date': '1983-01-23T01:27:59.667Z', 'age': 41}, 'registered': {'date': '2002-08-20T14:22:56.414Z', 'age': 21}, 'phone': '044-42732076', 'cell': '0933-700-8945', 'id': {'name': '', 'value': None}, 'picture': {'large': 'https://randomuser.me/api/portraits/men/89.jpg', 'medium': 'https://randomuser.me/api/portraits/med/men/89.jpg', 'thumbnail': 'https://randomuser.me/api/portraits/thumb/men/89.jpg'}, 'nat': 'IR'}], 'info': {'seed': 'e16789578b49d3ab', 'results': 1, 'page': 1, 'version': '1.4'}}</msg>
<arg>${json_data}</arg>
<doc>Logs the given message with the given level.</doc>
<status status="PASS" start="2024-06-25T10:16:05.883537" elapsed="0.000210"/>
</kw>
<kw name="Should Be String" owner="String">
<arg>${json_data['results'][0]['gender']}</arg>
<doc>Fails if the given ``item`` is not a string.</doc>
<status status="PASS" start="2024-06-25T10:16:05.884047" elapsed="0.000384"/>
</kw>
<kw name="Should Match Regexp" owner="BuiltIn">
<arg>${json_data['results'][0]['email']}</arg>
<arg>^[a-zA-Z0-9._%+-]+@[a-zA-Z0-9.-]+\.[a-zA-Z]{2,}$</arg>
<doc>Fails if ``string`` does not match ``pattern`` as a regular expression.</doc>
<status status="PASS" start="2024-06-25T10:16:05.884617" elapsed="0.000573"/>
</kw>
<kw name="Should Match Regexp" owner="BuiltIn">
<arg>${json_data['results'][0]['dob']['date']}</arg>
<arg>\\d{4}-\\d{2}-\\d{2}T\\d{2}:\\d{2}:\\d{2}\\.\\d{3}Z</arg>
<doc>Fails if ``string`` does not match ``pattern`` as a regular expression.</doc>
<status status="PASS" start="2024-06-25T10:16:05.885424" elapsed="0.000558"/>
</kw>
<kw name="Should Match Regexp" owner="BuiltIn">
<arg>${json_data['results'][0]['registered']['date']}</arg>
<arg>\\d{4}-\\d{2}-\\d{2}T\\d{2}:\\d{2}:\\d{2}\\.\\d{3}Z</arg>
<doc>Fails if ``string`` does not match ``pattern`` as a regular expression.</doc>
<status status="PASS" start="2024-06-25T10:16:05.886176" elapsed="0.000367"/>
</kw>
<kw name="Should Match Regexp" owner="BuiltIn">
<arg>${json_data['results'][0]['picture']['large']}</arg>
<arg>^https?://.*\.(?:png|jpe?g|gif|bmp)$</arg>
<doc>Fails if ``string`` does not match ``pattern`` as a regular expression.</doc>
<status status="PASS" start="2024-06-25T10:16:05.886730" elapsed="0.000456"/>
</kw>
<kw name="Should Match Regexp" owner="BuiltIn">
<arg>${json_data['results'][0]['picture']['medium']}</arg>
<arg>^https?://.*\.(?:png|jpe?g|gif|bmp)$</arg>
<doc>Fails if ``string`` does not match ``pattern`` as a regular expression.</doc>
<status status="PASS" start="2024-06-25T10:16:05.887371" elapsed="0.000351"/>
</kw>
<kw name="Should Match Regexp" owner="BuiltIn">
<arg>${json_data['results'][0]['picture']['thumbnail']}</arg>
<arg>^https?://.*\.(?:png|jpe?g|gif|bmp)$</arg>
<doc>Fails if ``string`` does not match ``pattern`` as a regular expression.</doc>
<status status="PASS" start="2024-06-25T10:16:05.887906" elapsed="0.000357"/>
</kw>
<kw name="Log" owner="BuiltIn">
<msg time="2024-06-25T10:16:05.888767" level="INFO">{'large': 'https://randomuser.me/api/portraits/men/89.jpg', 'medium': 'https://randomuser.me/api/portraits/med/men/89.jpg', 'thumbnail': 'https://randomuser.me/api/portraits/thumb/men/89.jpg'}</msg>
<arg>${json_data['results'][0]['picture']}</arg>
<doc>Logs the given message with the given level.</doc>
<status status="PASS" start="2024-06-25T10:16:05.888442" elapsed="0.000367"/>
</kw>
<status status="PASS" start="2024-06-25T10:16:05.795915" elapsed="0.093149"/>
</kw>
<kw name="Teste de Tipos de Dados - Postcode" owner="random-user-service">
<kw name="GET On Session" owner="RequestsLibrary">
<msg time="2024-06-25T10:16:05.985339" level="INFO">GET Request : url=https://randomuser.me/api 
 path_url=/api 
 headers={'User-Agent': 'python-requests/2.32.3', 'Accept-Encoding': 'gzip, deflate', 'Accept': '*/*', 'Connection': 'keep-alive'} 
 body=None 
 </msg>
<msg time="2024-06-25T10:16:05.985415" level="INFO">GET Response : url=https://randomuser.me/api 
 status=200, reason=OK 
 headers={'Date': 'Tue, 25 Jun 2024 10:16:05 GMT', 'Content-Type': 'application/json; charset=utf-8', 'Transfer-Encoding': 'chunked', 'Connection': 'keep-alive', 'X-Powered-By': 'Express', 'Access-Control-Allow-Origin': '*', 'Cache-Control': 'no-cache', 'ETag': 'W/"479-faG+U4fQFpfRXp7ZjhomI2qmCcI"', 'Vary': 'Accept-Encoding', 'Content-Encoding': 'gzip', 'CF-Cache-Status': 'DYNAMIC', 'Report-To': '{"endpoints":[{"url":"https:\\/\\/a.nel.cloudflare.com\\/report\\/v4?s=nh9s3b2AAk6QQgIQXeOtKDYKDhO0WblMHes6eygmkYg0e%2FSkI61V7B9Gu%2F4DeqNT7AGo9KOJtxEHA95jOJeDPhqm8HaZpeUt7gXUqRjVpTJEkG1T0Xm7S4dRAH5UB5EC"}],"group":"cf-nel","max_age":604800}', 'NEL': '{"success_fraction":0,"report_to":"cf-nel","max_age":604800}', 'Server': 'cloudflare', 'CF-RAY': '8994333cded896cb-SJC', 'alt-svc': 'h3=":443"; ma=86400'} 
 body={"results":[{"gender":"male","name":{"title":"Mr","first":"Marshall","last":"Hamilton"},"location":{"street":{"number":980,"name":"Marsh Ln"},"city":"Abilene","state":"Wisconsin","country":"United States","postcode":83234,"coordinates":{"latitude":"86.0231","longitude":"-61.6083"},"timezone":{"offset":"+4:30","description":"Kabul"}},"email":"marshall.hamilton@example.com","login":{"uuid":"a5a170fd-e253-4b98-93cd-f6ada80ca6c5","username":"smallswan947","password":"caramel","salt":"5jvmTMG2","md5":"964327110a7517014af400395312222e","sha1":"2aa994322a3e8f230350c49c727c2622fa768896","sha256":"05828cdcef7eaab59c3cd6d8785a070b0b9cab9916cc105868e76313efd661cc"},"dob":{"date":"1967-08-17T01:11:53.072Z","age":56},"registered":{"date":"2015-09-12T23:15:06.251Z","age":8},"phone":"(750) 864-8390","cell":"(592) 369-2195","id":{"name":"SSN","value":"262-63-7387"},"picture":{"large":"https://randomuser.me/api/portraits/men/82.jpg","medium":"https://randomuser.me/api/portraits/med/men/82.jpg","thumbnail":"https://randomuser.me/api/portraits/thumb/men/82.jpg"},"nat":"US"}],"info":{"seed":"18b2fe0ed71343d9","results":1,"page":1,"version":"1.4"}} 
 </msg>
<msg time="2024-06-25T10:16:05.985480" level="INFO">/opt/hostedtoolcache/Python/3.12.4/x64/lib/python3.12/site-packages/urllib3/connectionpool.py:1099: InsecureRequestWarning: Unverified HTTPS request is being made to host 'randomuser.me'. Adding certificate verification is strongly advised. See: https://urllib3.readthedocs.io/en/latest/advanced-usage.html#tls-warnings
  warnings.warn(</msg>
<msg time="2024-06-25T10:16:05.985608" level="INFO">${response} = &lt;Response [200]&gt;</msg>
<var>${response}</var>
<arg>consultarAPI</arg>
<arg>/api</arg>
<doc>Sends a GET request on a previously created HTTP Session.</doc>
<status status="PASS" start="2024-06-25T10:16:05.889514" elapsed="0.096140"/>
</kw>
<kw name="Set Variable" owner="BuiltIn">
<msg time="2024-06-25T10:16:05.986909" level="INFO">${json_data} = {'results': [{'gender': 'male', 'name': {'title': 'Mr', 'first': 'Marshall', 'last': 'Hamilton'}, 'location': {'street': {'number': 980, 'name': 'Marsh Ln'}, 'city': 'Abilene', 'state': 'Wisconsin', '...</msg>
<var>${json_data}</var>
<arg>${response.json()}</arg>
<doc>Returns the given values which can then be assigned to a variables.</doc>
<status status="PASS" start="2024-06-25T10:16:05.986233" elapsed="0.000705"/>
</kw>
<kw name="Log" owner="BuiltIn">
<msg time="2024-06-25T10:16:05.987439" level="INFO">{'results': [{'gender': 'male', 'name': {'title': 'Mr', 'first': 'Marshall', 'last': 'Hamilton'}, 'location': {'street': {'number': 980, 'name': 'Marsh Ln'}, 'city': 'Abilene', 'state': 'Wisconsin', 'country': 'United States', 'postcode': 83234, 'coordinates': {'latitude': '86.0231', 'longitude': '-61.6083'}, 'timezone': {'offset': '+4:30', 'description': 'Kabul'}}, 'email': 'marshall.hamilton@example.com', 'login': {'uuid': 'a5a170fd-e253-4b98-93cd-f6ada80ca6c5', 'username': 'smallswan947', 'password': 'caramel', 'salt': '5jvmTMG2', 'md5': '964327110a7517014af400395312222e', 'sha1': '2aa994322a3e8f230350c49c727c2622fa768896', 'sha256': '05828cdcef7eaab59c3cd6d8785a070b0b9cab9916cc105868e76313efd661cc'}, 'dob': {'date': '1967-08-17T01:11:53.072Z', 'age': 56}, 'registered': {'date': '2015-09-12T23:15:06.251Z', 'age': 8}, 'phone': '(750) 864-8390', 'cell': '(592) 369-2195', 'id': {'name': 'SSN', 'value': '262-63-7387'}, 'picture': {'large': 'https://randomuser.me/api/portraits/men/82.jpg', 'medium': 'https://randomuser.me/api/portraits/med/men/82.jpg', 'thumbnail': 'https://randomuser.me/api/portraits/thumb/men/82.jpg'}, 'nat': 'US'}], 'info': {'seed': '18b2fe0ed71343d9', 'results': 1, 'page': 1, 'version': '1.4'}}</msg>
<arg>${json_data}</arg>
<doc>Logs the given message with the given level.</doc>
<status status="PASS" start="2024-06-25T10:16:05.987268" elapsed="0.000219"/>
</kw>
<kw name="Should Be Equal As Numbers" owner="BuiltIn">
<arg>${json_data['results'][0]['location']['postcode']}</arg>
<arg>${json_data['results'][0]['location']['postcode']}</arg>
<doc>Fails if objects are unequal after converting them to real numbers.</doc>
<status status="PASS" start="2024-06-25T10:16:05.987787" elapsed="0.000638"/>
</kw>
<kw name="Log" owner="BuiltIn">
<msg time="2024-06-25T10:16:05.988963" level="INFO">83234</msg>
<arg>${json_data['results'][0]['location']['postcode']}</arg>
<doc>Logs the given message with the given level.</doc>
<status status="PASS" start="2024-06-25T10:16:05.988614" elapsed="0.000389"/>
</kw>
<status status="PASS" start="2024-06-25T10:16:05.889284" elapsed="0.099996"/>
</kw>
<doc>Testa se os tipos de dados na resposta da API estão corretos.</doc>
<tag>testeTiposDados</tag>
<status status="PASS" start="2024-06-25T10:16:05.795226" elapsed="0.194229"/>
</test>
<test id="s1-s1-t5" name="Validar conteudo" line="35">
<kw name="Teste de Tipos de Conteudo" owner="random-user-service">
<kw name="GET On Session" owner="RequestsLibrary">
<msg time="2024-06-25T10:16:06.083501" level="INFO">GET Request : url=https://randomuser.me/api 
 path_url=/api 
 headers={'User-Agent': 'python-requests/2.32.3', 'Accept-Encoding': 'gzip, deflate', 'Accept': '*/*', 'Connection': 'keep-alive'} 
 body=None 
 </msg>
<msg time="2024-06-25T10:16:06.083613" level="INFO">GET Response : url=https://randomuser.me/api 
 status=200, reason=OK 
 headers={'Date': 'Tue, 25 Jun 2024 10:16:06 GMT', 'Content-Type': 'application/json; charset=utf-8', 'Transfer-Encoding': 'chunked', 'Connection': 'keep-alive', 'X-Powered-By': 'Express', 'Access-Control-Allow-Origin': '*', 'Cache-Control': 'no-cache', 'ETag': 'W/"494-pTPik/ftlXb2wo2OGzr5Dzh/nSU"', 'Vary': 'Accept-Encoding', 'Content-Encoding': 'gzip', 'CF-Cache-Status': 'DYNAMIC', 'Report-To': '{"endpoints":[{"url":"https:\\/\\/a.nel.cloudflare.com\\/report\\/v4?s=rHu9nkFC6HNn%2F2gUUAsiIw5SE4HnWlh6hUpLlrIDfU6AMI7O%2F7NKnwPizxBz7chSXhqnJOcOWBSlno0rdSoxSmNx41VSsvyGFsQt2oYp8mJGzpqljSyIqTBLoGSUCPU9"}],"group":"cf-nel","max_age":604800}', 'NEL': '{"success_fraction":0,"report_to":"cf-nel","max_age":604800}', 'Server': 'cloudflare', 'CF-RAY': '8994333d7f2396cb-SJC', 'alt-svc': 'h3=":443"; ma=86400'} 
 body={"results":[{"gender":"male","name":{"title":"Mr","first":"Miomir","last":"Miljković"},"location":{"street":{"number":7259,"name":"Mileve Simić "},"city":"Plandište","state":"Moravica","country":"Serbia","postcode":42036,"coordinates":{"latitude":"56.2211","longitude":"-87.3026"},"timezone":{"offset":"+8:00","description":"Beijing, Perth, Singapore, Hong Kong"}},"email":"miomir.miljkovic@example.com","login":{"uuid":"86db8955-0272-477f-94ac-7ae45d2b8082","username":"redrabbit507","password":"costello","salt":"biClBC9Z","md5":"22d1774b8c11ea1a6fd410c2d1dad6c3","sha1":"a26f61535185ab4c3191f1bfb4697d85973db9ba","sha256":"866d628d529ae1450b41ad37a0e8d64f284a59ac8e942380222c38f1a04cecef"},"dob":{"date":"1982-10-23T03:12:15.571Z","age":41},"registered":{"date":"2020-12-18T22:08:40.001Z","age":3},"phone":"028-1650-518","cell":"064-3940-883","id":{"name":"SID","value":"246941069"},"picture":{"large":"https://randomuser.me/api/portraits/men/31.jpg","medium":"https://randomuser.me/api/portraits/med/men/31.jpg","thumbnail":"https://randomuser.me/api/portraits/thumb/men/31.jpg"},"nat":"RS"}],"info":{"seed":"a73c7f45866b59fa","results":1,"page":1,"version":"1.4"}} 
 </msg>
<msg time="2024-06-25T10:16:06.083724" level="INFO">/opt/hostedtoolcache/Python/3.12.4/x64/lib/python3.12/site-packages/urllib3/connectionpool.py:1099: InsecureRequestWarning: Unverified HTTPS request is being made to host 'randomuser.me'. Adding certificate verification is strongly advised. See: https://urllib3.readthedocs.io/en/latest/advanced-usage.html#tls-warnings
  warnings.warn(</msg>
<msg time="2024-06-25T10:16:06.083862" level="INFO">${response} = &lt;Response [200]&gt;</msg>
<var>${response}</var>
<arg>consultarAPI</arg>
<arg>/api</arg>
<doc>Sends a GET request on a previously created HTTP Session.</doc>
<status status="PASS" start="2024-06-25T10:16:05.993033" elapsed="0.090872"/>
</kw>
<kw name="Set Variable" owner="BuiltIn">
<msg time="2024-06-25T10:16:06.085186" level="INFO">${json_data} = {'results': [{'gender': 'male', 'name': {'title': 'Mr', 'first': 'Miomir', 'last': 'Miljković'}, 'location': {'street': {'number': 7259, 'name': 'Mileve Simić '}, 'city': 'Plandište', 'state': 'Moravi...</msg>
<var>${json_data}</var>
<arg>${response.json()}</arg>
<doc>Returns the given values which can then be assigned to a variables.</doc>
<status status="PASS" start="2024-06-25T10:16:06.084577" elapsed="0.000641"/>
</kw>
<kw name="Set Variable" owner="BuiltIn">
<msg time="2024-06-25T10:16:06.086018" level="INFO">${name_title} = Mr</msg>
<var>${name_title}</var>
<arg>${json_data["results"][0]["name"]["title"]}</arg>
<doc>Returns the given values which can then be assigned to a variables.</doc>
<status status="PASS" start="2024-06-25T10:16:06.085563" elapsed="0.000481"/>
</kw>
<kw name="Create List" owner="BuiltIn">
<msg time="2024-06-25T10:16:06.086511" level="INFO">${allowed_titles} = ['Mr', 'Ms', 'Miss', 'Mrs', 'Madame', 'Monsieur']</msg>
<var>${allowed_titles}</var>
<arg>Mr</arg>
<arg>Ms</arg>
<arg>Miss</arg>
<arg>Mrs</arg>
<arg>Madame</arg>
<arg>Monsieur</arg>
<doc>Returns a list containing given items.</doc>
<status status="PASS" start="2024-06-25T10:16:06.086352" elapsed="0.000184"/>
</kw>
<kw name="List Should Contain Value" owner="Collections">
<arg>${allowed_titles}</arg>
<arg>${name_title}</arg>
<doc>Fails if the ``value`` is not found from ``list``.</doc>
<status status="PASS" start="2024-06-25T10:16:06.086850" elapsed="0.000187"/>
</kw>
<kw name="Set Variable" owner="BuiltIn">
<msg time="2024-06-25T10:16:06.087594" level="INFO">${name_country} = RS</msg>
<var>${name_country}</var>
<arg>${json_data["results"][0]["nat"]}</arg>
<doc>Returns the given values which can then be assigned to a variables.</doc>
<status status="PASS" start="2024-06-25T10:16:06.087221" elapsed="0.000399"/>
</kw>
<kw name="Create List" owner="BuiltIn">
<msg time="2024-06-25T10:16:06.088545" level="INFO">${list_country} = ['AD', 'AE', 'AF', 'AG', 'AI', 'AL', 'AM', 'AO', 'AQ', 'AR', 'AS', 'AT', 'AU', 'AW', 'AX', 'AZ', 'BA', 'BB', 'BD', 'BE', 'BF', 'BG', 'BH', 'BI', 'BJ', 'BL', 'BM', 'BN', 'BO', 'BQ', 'BR', 'BS', 'BT', '...</msg>
<var>${list_country}</var>
<arg>AD</arg>
<arg>AE</arg>
<arg>AF</arg>
<arg>AG</arg>
<arg>AI</arg>
<arg>AL</arg>
<arg>AM</arg>
<arg>AO</arg>
<arg>AQ</arg>
<arg>AR</arg>
<arg>AS</arg>
<arg>AT</arg>
<arg>AU</arg>
<arg>AW</arg>
<arg>AX</arg>
<arg>AZ</arg>
<arg>BA</arg>
<arg>BB</arg>
<arg>BD</arg>
<arg>BE</arg>
<arg>BF</arg>
<arg>BG</arg>
<arg>BH</arg>
<arg>BI</arg>
<arg>BJ</arg>
<arg>BL</arg>
<arg>BM</arg>
<arg>BN</arg>
<arg>BO</arg>
<arg>BQ</arg>
<arg>BR</arg>
<arg>BS</arg>
<arg>BT</arg>
<arg>BV</arg>
<arg>BW</arg>
<arg>BY</arg>
<arg>BZ</arg>
<arg>CA</arg>
<arg>CC</arg>
<arg>CD</arg>
<arg>CF</arg>
<arg>CG</arg>
<arg>CH</arg>
<arg>CI</arg>
<arg>CK</arg>
<arg>CL</arg>
<arg>CM</arg>
<arg>CN</arg>
<arg>CO</arg>
<arg>CR</arg>
<arg>CU</arg>
<arg>CV</arg>
<arg>CW</arg>
<arg>CX</arg>
<arg>CY</arg>
<arg>CZ</arg>
<arg>DE</arg>
<arg>DJ</arg>
<arg>DK</arg>
<arg>DM</arg>
<arg>DO</arg>
<arg>DZ</arg>
<arg>EC</arg>
<arg>EE</arg>
<arg>EG</arg>
<arg>EH</arg>
<arg>ER</arg>
<arg>ES</arg>
<arg>ET</arg>
<arg>FI</arg>
<arg>FJ</arg>
<arg>FK</arg>
<arg>FM</arg>
<arg>FO</arg>
<arg>FR</arg>
<arg>GA</arg>
<arg>GB</arg>
<arg>GD</arg>
<arg>GE</arg>
<arg>GF</arg>
<arg>GG</arg>
<arg>GH</arg>
<arg>GI</arg>
<arg>GL</arg>
<arg>GM</arg>
<arg>GN</arg>
<arg>GP</arg>
<arg>GQ</arg>
<arg>GR</arg>
<arg>GS</arg>
<arg>GT</arg>
<arg>GU</arg>
<arg>GW</arg>
<arg>GY</arg>
<arg>HK</arg>
<arg>HM</arg>
<arg>HN</arg>
<arg>HR</arg>
<arg>HT</arg>
<arg>HU</arg>
<arg>ID</arg>
<arg>IE</arg>
<arg>IL</arg>
<arg>IM</arg>
<arg>IN</arg>
<arg>IO</arg>
<arg>IQ</arg>
<arg>IR</arg>
<arg>IS</arg>
<arg>IT</arg>
<arg>JE</arg>
<arg>JM</arg>
<arg>JO</arg>
<arg>JP</arg>
<arg>KE</arg>
<arg>KG</arg>
<arg>KH</arg>
<arg>KI</arg>
<arg>KM</arg>
<arg>KN</arg>
<arg>KP</arg>
<arg>KR</arg>
<arg>KW</arg>
<arg>KY</arg>
<arg>KZ</arg>
<arg>LA</arg>
<arg>LB</arg>
<arg>LC</arg>
<arg>LI</arg>
<arg>LK</arg>
<arg>LR</arg>
<arg>LS</arg>
<arg>LT</arg>
<arg>LU</arg>
<arg>LV</arg>
<arg>LY</arg>
<arg>MA</arg>
<arg>MC</arg>
<arg>MD</arg>
<arg>ME</arg>
<arg>MF</arg>
<arg>MG</arg>
<arg>MH</arg>
<arg>MK</arg>
<arg>ML</arg>
<arg>MM</arg>
<arg>MN</arg>
<arg>MO</arg>
<arg>MP</arg>
<arg>MQ</arg>
<arg>MR</arg>
<arg>MS</arg>
<arg>MT</arg>
<arg>MU</arg>
<arg>MV</arg>
<arg>MW</arg>
<arg>MX</arg>
<arg>MY</arg>
<arg>MZ</arg>
<arg>NA</arg>
<arg>NC</arg>
<arg>NE</arg>
<arg>NF</arg>
<arg>NG</arg>
<arg>NI</arg>
<arg>NL</arg>
<arg>NO</arg>
<arg>NP</arg>
<arg>NR</arg>
<arg>NU</arg>
<arg>NZ</arg>
<arg>OM</arg>
<arg>PA</arg>
<arg>PE</arg>
<arg>PF</arg>
<arg>PG</arg>
<arg>PH</arg>
<arg>PK</arg>
<arg>PL</arg>
<arg>PM</arg>
<arg>PN</arg>
<arg>PR</arg>
<arg>PS</arg>
<arg>PT</arg>
<arg>PW</arg>
<arg>PY</arg>
<arg>QA</arg>
<arg>RE</arg>
<arg>RO</arg>
<arg>RS</arg>
<arg>RU</arg>
<arg>RW</arg>
<arg>SA</arg>
<arg>SB</arg>
<arg>SC</arg>
<arg>SD</arg>
<arg>SE</arg>
<arg>SG</arg>
<arg>SH</arg>
<arg>SI</arg>
<arg>SJ</arg>
<arg>SK</arg>
<arg>SL</arg>
<arg>SM</arg>
<arg>SN</arg>
<arg>SO</arg>
<arg>SR</arg>
<arg>SS</arg>
<arg>ST</arg>
<arg>SV</arg>
<arg>SX</arg>
<arg>SY</arg>
<arg>SZ</arg>
<arg>TC</arg>
<arg>TD</arg>
<arg>TF</arg>
<arg>TG</arg>
<arg>TH</arg>
<arg>TJ</arg>
<arg>TK</arg>
<arg>TL</arg>
<arg>TM</arg>
<arg>TN</arg>
<arg>TO</arg>
<arg>TR</arg>
<arg>TT</arg>
<arg>TV</arg>
<arg>TW</arg>
<arg>TZ</arg>
<arg>UA</arg>
<arg>UG</arg>
<arg>UM</arg>
<arg>US</arg>
<arg>UY</arg>
<arg>UZ</arg>
<arg>VA</arg>
<arg>VC</arg>
<arg>VE</arg>
<arg>VG</arg>
<arg>VI</arg>
<arg>VN</arg>
<arg>VU</arg>
<arg>WF</arg>
<arg>WS</arg>
<arg>XK</arg>
<arg>YE</arg>
<arg>YT</arg>
<arg>ZA</arg>
<arg>ZM</arg>
<arg>ZW</arg>
<doc>Returns a list containing given items.</doc>
<status status="PASS" start="2024-06-25T10:16:06.087913" elapsed="0.000658"/>
</kw>
<kw name="List Should Contain Value" owner="Collections">
<arg>${list_country}</arg>
<arg>${name_country}</arg>
<doc>Fails if the ``value`` is not found from ``list``.</doc>
<status status="PASS" start="2024-06-25T10:16:06.089374" elapsed="0.000233"/>
</kw>
<kw name="Run Keyword If" owner="BuiltIn">
<kw name="Should Be True" owner="BuiltIn">
<arg>${True}</arg>
<doc>Fails if the given condition is not true.</doc>
<status status="PASS" start="2024-06-25T10:16:06.090569" elapsed="0.000142"/>
</kw>
<arg>${json_data["results"][0]["location"]["coordinates"]["latitude"]} &gt;= -90 and ${json_data["results"][0]["location"]["coordinates"]["latitude"]} &lt;= 90</arg>
<arg>Should Be True</arg>
<arg>${True}</arg>
<doc>Runs the given keyword with the given arguments, if ``condition`` is true.</doc>
<status status="PASS" start="2024-06-25T10:16:06.089811" elapsed="0.001025"/>
</kw>
<kw name="Run Keyword If" owner="BuiltIn">
<kw name="Should Be True" owner="BuiltIn">
<arg>${True}</arg>
<doc>Fails if the given condition is not true.</doc>
<status status="PASS" start="2024-06-25T10:16:06.091724" elapsed="0.000136"/>
</kw>
<arg>${json_data["results"][0]["location"]["coordinates"]["longitude"]} &gt;= -180 and ${json_data["results"][0]["location"]["coordinates"]["longitude"]} &lt;= 180</arg>
<arg>Should Be True</arg>
<arg>${True}</arg>
<doc>Runs the given keyword with the given arguments, if ``condition`` is true.</doc>
<status status="PASS" start="2024-06-25T10:16:06.091019" elapsed="0.000961"/>
</kw>
<status status="PASS" start="2024-06-25T10:16:05.992445" elapsed="0.099666"/>
</kw>
<doc>Testa o conteúdo específico dos campos retornados pela API.</doc>
<tag>testeConteudo</tag>
<status status="PASS" start="2024-06-25T10:16:05.991705" elapsed="0.100563"/>
</test>
<status status="PASS" start="2024-06-25T10:16:05.201864" elapsed="0.892450"/>
</suite>
<status status="PASS" start="2024-06-25T10:16:05.187338" elapsed="0.912319"/>
</suite>
<statistics>
<total>
<stat pass="5" fail="0" skip="0">All Tests</stat>
</total>
<tag>
<stat pass="1" fail="0" skip="0">testeConteudo</stat>
<stat pass="1" fail="0" skip="0">testeEstruturaResposta</stat>
<stat pass="1" fail="0" skip="0">testeRequisicaoBasica</stat>
<stat pass="1" fail="0" skip="0">testeTiposDados</stat>
</tag>
<suite>
<stat pass="5" fail="0" skip="0" id="s1" name="Tests">Tests</stat>
<stat pass="5" fail="0" skip="0" id="s1-s1" name="Random-User-Test">Tests.Random-User-Test</stat>
</suite>
</statistics>
<errors>
</errors>
</robot>
