<?xml version="1.0" encoding="UTF-8"?>
<robot generator="Robot 7.0 (Python 3.12.3 on linux)" generated="2024-05-18T12:25:16.795722" rpa="false" schemaversion="5">
<suite id="s1" name="Tests" source="/home/runner/work/DesafioQAItauRogerioJordao/DesafioQAItauRogerioJordao/RamdonUser/tests">
<suite id="s1-s1" name="Random-User-Test" source="/home/runner/work/DesafioQAItauRogerioJordao/DesafioQAItauRogerioJordao/RamdonUser/tests/random-user-test.robot">
<test id="s1-s1-t1" name="Conectar" line="13">
<kw name="Conectar API" owner="random-user-service">
<kw name="Create Session" owner="RequestsLibrary">
<msg time="2024-05-18T12:25:17.150816" level="INFO">Creating Session using : alias=consultarAPI, url=https://randomuser.me/, headers={},                     cookies={}, auth=None, timeout=None, proxies=None, verify=False,                     debug=0 </msg>
<arg>consultarAPI</arg>
<arg>${URL}</arg>
<doc>Create Session: create a HTTP session to a server</doc>
<status status="PASS" start="2024-05-18T12:25:17.150619" elapsed="0.000369"/>
</kw>
<status status="PASS" start="2024-05-18T12:25:17.149677" elapsed="0.001667"/>
</kw>
<status status="PASS" start="2024-05-18T12:25:17.149048" elapsed="0.002488"/>
</test>
<test id="s1-s1-t2" name="Validar retorno 200 e JSON Válido" line="16">
<kw name="Teste de Requisicao Basica" owner="random-user-service">
<kw name="GET On Session" owner="RequestsLibrary">
<msg time="2024-05-18T12:25:18.069877" level="INFO">GET Request : url=https://randomuser.me/api 
 path_url=/api 
 headers={'User-Agent': 'python-requests/2.31.0', 'Accept-Encoding': 'gzip, deflate', 'Accept': '*/*', 'Connection': 'keep-alive'} 
 body=None 
 </msg>
<msg time="2024-05-18T12:25:18.070024" level="INFO">GET Response : url=https://randomuser.me/api 
 status=200, reason=OK 
 headers={'Date': 'Sat, 18 May 2024 12:25:18 GMT', 'Content-Type': 'application/json; charset=utf-8', 'Transfer-Encoding': 'chunked', 'Connection': 'keep-alive', 'X-Powered-By': 'Express', 'Access-Control-Allow-Origin': '*', 'Cache-Control': 'no-cache', 'ETag': 'W/"485-EzbvFN3ity5I9ZiJKtltw/tKxOY"', 'Vary': 'Accept-Encoding', 'Content-Encoding': 'gzip', 'CF-Cache-Status': 'DYNAMIC', 'Report-To': '{"endpoints":[{"url":"https:\\/\\/a.nel.cloudflare.com\\/report\\/v4?s=ENNj5FjqYg5%2BgvMUEebpvu5%2BC9m303xoI4FsJl33hL9xGZ2FM%2F%2BgNiraWnxpvO6G6DvlECab7hyzbSN6yNNKxVovoTa53CA5jFl%2BHeS2ig0zwK4M07xyTksmvPByNTP6"}],"group":"cf-nel","max_age":604800}', 'NEL': '{"success_fraction":0,"report_to":"cf-nel","max_age":604800}', 'Server': 'cloudflare', 'CF-RAY': '885bd43b581c2220-ORD', 'alt-svc': 'h3=":443"; ma=86400'} 
 body={"results":[{"gender":"male","name":{"title":"Mr","first":"Brennan","last":"Reed"},"location":{"street":{"number":6989,"name":"Robinson Rd"},"city":"Geraldton","state":"Victoria","country":"Australia","postcode":4327,"coordinates":{"latitude":"-86.1274","longitude":"-175.3038"},"timezone":{"offset":"-7:00","description":"Mountain Time (US &amp; Canada)"}},"email":"brennan.reed@example.com","login":{"uuid":"1b2bb6d5-cfc9-4143-a29b-ad59194c17f0","username":"organicpanda698","password":"bristol","salt":"W9VKgtpy","md5":"8e6c6696044d479830d8737710dafca1","sha1":"fd2e6adb59ee1bbe062671551b22e87c489b7f0e","sha256":"a7ece3ae3b43403eb7c65994774f2a7fb4948c29590d467c6ff9d2554271f8c3"},"dob":{"date":"1993-11-16T07:27:43.057Z","age":30},"registered":{"date":"2009-09-14T14:59:53.800Z","age":14},"phone":"00-6380-4904","cell":"0432-775-511","id":{"name":"TFN","value":"042008543"},"picture":{"large":"https://randomuser.me/api/portraits/men/60.jpg","medium":"https://randomuser.me/api/portraits/med/men/60.jpg","thumbnail":"https://randomuser.me/api/portraits/thumb/men/60.jpg"},"nat":"AU"}],"info":{"seed":"5513164d41cd6122","results":1,"page":1,"version":"1.4"}} 
 </msg>
<msg time="2024-05-18T12:25:18.070106" level="INFO">/opt/hostedtoolcache/Python/3.12.3/x64/lib/python3.12/site-packages/urllib3/connectionpool.py:1103: InsecureRequestWarning: Unverified HTTPS request is being made to host 'randomuser.me'. Adding certificate verification is strongly advised. See: https://urllib3.readthedocs.io/en/latest/advanced-usage.html#tls-warnings
  warnings.warn(</msg>
<msg time="2024-05-18T12:25:18.070252" level="INFO">${response} = &lt;Response [200]&gt;</msg>
<var>${response}</var>
<arg>consultarAPI</arg>
<arg>/api</arg>
<doc>Sends a GET request on a previously created HTTP Session.</doc>
<status status="PASS" start="2024-05-18T12:25:17.154220" elapsed="0.916073"/>
</kw>
<kw name="Should Be Equal As Numbers" owner="BuiltIn">
<msg time="2024-05-18T12:25:18.071468" level="INFO">Argument types are:
&lt;class 'int'&gt;
&lt;class 'str'&gt;</msg>
<arg>${response.status_code}</arg>
<arg>200</arg>
<doc>Fails if objects are unequal after converting them to real numbers.</doc>
<status status="PASS" start="2024-05-18T12:25:18.070988" elapsed="0.000547"/>
</kw>
<kw name="Log" owner="BuiltIn">
<msg time="2024-05-18T12:25:18.072225" level="INFO">200</msg>
<arg>${response.status_code}</arg>
<doc>Logs the given message with the given level.</doc>
<status status="PASS" start="2024-05-18T12:25:18.071878" elapsed="0.000389"/>
</kw>
<kw name="Set Variable" owner="BuiltIn">
<msg time="2024-05-18T12:25:18.073015" level="INFO">${json_data} = {'results': [{'gender': 'male', 'name': {'title': 'Mr', 'first': 'Brennan', 'last': 'Reed'}, 'location': {'street': {'number': 6989, 'name': 'Robinson Rd'}, 'city': 'Geraldton', 'state': 'Victoria', '...</msg>
<var>${json_data}</var>
<arg>${response.json()}</arg>
<doc>Returns the given values which can then be assigned to a variables.</doc>
<status status="PASS" start="2024-05-18T12:25:18.072575" elapsed="0.000468"/>
</kw>
<kw name="Dictionary Should Contain Key" owner="Collections">
<msg time="2024-05-18T12:25:18.073557" level="INFO">False</msg>
<arg>${json_data}</arg>
<arg>results</arg>
<doc>Fails if ``key`` is not found from ``dictionary``.</doc>
<status status="PASS" start="2024-05-18T12:25:18.073381" elapsed="0.000217"/>
</kw>
<status status="PASS" start="2024-05-18T12:25:17.153979" elapsed="0.919881"/>
</kw>
<doc>Testa se a API responde corretamente e retorna um objeto JSON válido.</doc>
<tag>testeRequisicaoBasica</tag>
<status status="PASS" start="2024-05-18T12:25:17.153440" elapsed="0.920603"/>
</test>
<test id="s1-s1-t3" name="Validar estrutura de resposta" line="22">
<kw name="Teste de Estrutura de Resposta" owner="random-user-service">
<kw name="GET On Session" owner="RequestsLibrary">
<msg time="2024-05-18T12:25:18.172969" level="INFO">GET Request : url=https://randomuser.me/api 
 path_url=/api 
 headers={'User-Agent': 'python-requests/2.31.0', 'Accept-Encoding': 'gzip, deflate', 'Accept': '*/*', 'Connection': 'keep-alive'} 
 body=None 
 </msg>
<msg time="2024-05-18T12:25:18.173059" level="INFO">GET Response : url=https://randomuser.me/api 
 status=200, reason=OK 
 headers={'Date': 'Sat, 18 May 2024 12:25:18 GMT', 'Content-Type': 'application/json; charset=utf-8', 'Transfer-Encoding': 'chunked', 'Connection': 'keep-alive', 'X-Powered-By': 'Express', 'Access-Control-Allow-Origin': '*', 'Cache-Control': 'no-cache', 'ETag': 'W/"483-xle7uwXDkhivXGMkzk+Ejf8YIwI"', 'Vary': 'Accept-Encoding', 'Content-Encoding': 'gzip', 'CF-Cache-Status': 'DYNAMIC', 'Report-To': '{"endpoints":[{"url":"https:\\/\\/a.nel.cloudflare.com\\/report\\/v4?s=KCISkX22nH9NzO3aDqY7WO%2B1BTr%2FjfdMJHXBjapStTut11P5EsUUXDX938jSuorZJnS4JMk3CaKpUuQDxBjQL46yMxwi0ASL4qHsJh%2BGSJpv7K3PlnbEP1X42gqzMcOK"}],"group":"cf-nel","max_age":604800}', 'NEL': '{"success_fraction":0,"report_to":"cf-nel","max_age":604800}', 'Server': 'cloudflare', 'CF-RAY': '885bd43ffcc92220-ORD', 'alt-svc': 'h3=":443"; ma=86400'} 
 body={"results":[{"gender":"female","name":{"title":"Ms","first":"Jessica","last":"Hudson"},"location":{"street":{"number":3975,"name":"The Crescent"},"city":"Carlow","state":"Leitrim","country":"Ireland","postcode":88278,"coordinates":{"latitude":"2.5490","longitude":"132.2175"},"timezone":{"offset":"+6:00","description":"Almaty, Dhaka, Colombo"}},"email":"jessica.hudson@example.com","login":{"uuid":"77cc6d27-da10-4db9-a0e5-ca5ecf809a41","username":"greenpeacock709","password":"torpedo","salt":"NeaYSIia","md5":"cced6c27f399baa14f4e3ae391554493","sha1":"93063f47917420cf50acf97f5d807e24f50fd608","sha256":"4fbc63fe1164ab2fdecbb675888495962852ec416815f6e407eedbcaf6bf1e9c"},"dob":{"date":"1965-05-31T08:33:35.109Z","age":58},"registered":{"date":"2020-10-21T06:28:22.228Z","age":3},"phone":"071-505-6306","cell":"081-957-5225","id":{"name":"PPS","value":"0749386T"},"picture":{"large":"https://randomuser.me/api/portraits/women/77.jpg","medium":"https://randomuser.me/api/portraits/med/women/77.jpg","thumbnail":"https://randomuser.me/api/portraits/thumb/women/77.jpg"},"nat":"IE"}],"info":{"seed":"00238a5f5230c72e","results":1,"page":1,"version":"1.4"}} 
 </msg>
<msg time="2024-05-18T12:25:18.173180" level="INFO">/opt/hostedtoolcache/Python/3.12.3/x64/lib/python3.12/site-packages/urllib3/connectionpool.py:1103: InsecureRequestWarning: Unverified HTTPS request is being made to host 'randomuser.me'. Adding certificate verification is strongly advised. See: https://urllib3.readthedocs.io/en/latest/advanced-usage.html#tls-warnings
  warnings.warn(</msg>
<msg time="2024-05-18T12:25:18.173334" level="INFO">${response} = &lt;Response [200]&gt;</msg>
<var>${response}</var>
<arg>consultarAPI</arg>
<arg>/api</arg>
<doc>Sends a GET request on a previously created HTTP Session.</doc>
<status status="PASS" start="2024-05-18T12:25:18.076744" elapsed="0.096639"/>
</kw>
<kw name="Set Variable" owner="BuiltIn">
<msg time="2024-05-18T12:25:18.174435" level="INFO">${json_data} = {'results': [{'gender': 'female', 'name': {'title': 'Ms', 'first': 'Jessica', 'last': 'Hudson'}, 'location': {'street': {'number': 3975, 'name': 'The Crescent'}, 'city': 'Carlow', 'state': 'Leitrim', ...</msg>
<var>${json_data}</var>
<arg>${response.json()}</arg>
<doc>Returns the given values which can then be assigned to a variables.</doc>
<status status="PASS" start="2024-05-18T12:25:18.173885" elapsed="0.000578"/>
</kw>
<kw name="Log" owner="BuiltIn">
<msg time="2024-05-18T12:25:18.174928" level="INFO">{'results': [{'gender': 'female', 'name': {'title': 'Ms', 'first': 'Jessica', 'last': 'Hudson'}, 'location': {'street': {'number': 3975, 'name': 'The Crescent'}, 'city': 'Carlow', 'state': 'Leitrim', 'country': 'Ireland', 'postcode': 88278, 'coordinates': {'latitude': '2.5490', 'longitude': '132.2175'}, 'timezone': {'offset': '+6:00', 'description': 'Almaty, Dhaka, Colombo'}}, 'email': 'jessica.hudson@example.com', 'login': {'uuid': '77cc6d27-da10-4db9-a0e5-ca5ecf809a41', 'username': 'greenpeacock709', 'password': 'torpedo', 'salt': 'NeaYSIia', 'md5': 'cced6c27f399baa14f4e3ae391554493', 'sha1': '93063f47917420cf50acf97f5d807e24f50fd608', 'sha256': '4fbc63fe1164ab2fdecbb675888495962852ec416815f6e407eedbcaf6bf1e9c'}, 'dob': {'date': '1965-05-31T08:33:35.109Z', 'age': 58}, 'registered': {'date': '2020-10-21T06:28:22.228Z', 'age': 3}, 'phone': '071-505-6306', 'cell': '081-957-5225', 'id': {'name': 'PPS', 'value': '0749386T'}, 'picture': {'large': 'https://randomuser.me/api/portraits/women/77.jpg', 'medium': 'https://randomuser.me/api/portraits/med/women/77.jpg', 'thumbnail': 'https://randomuser.me/api/portraits/thumb/women/77.jpg'}, 'nat': 'IE'}], 'info': {'seed': '00238a5f5230c72e', 'results': 1, 'page': 1, 'version': '1.4'}}</msg>
<arg>${json_data}</arg>
<doc>Logs the given message with the given level.</doc>
<status status="PASS" start="2024-05-18T12:25:18.174771" elapsed="0.000204"/>
</kw>
<kw name="Dictionary Should Contain Key" owner="Collections">
<msg time="2024-05-18T12:25:18.175425" level="INFO">False</msg>
<arg>${json_data}</arg>
<arg>results</arg>
<doc>Fails if ``key`` is not found from ``dictionary``.</doc>
<status status="PASS" start="2024-05-18T12:25:18.175270" elapsed="0.000191"/>
</kw>
<kw name="Should Not Be Empty" owner="BuiltIn">
<msg time="2024-05-18T12:25:18.175885" level="INFO">Length is 2.</msg>
<arg>${json_data}</arg>
<doc>Verifies that the given item is not empty.</doc>
<status status="PASS" start="2024-05-18T12:25:18.175756" elapsed="0.000320"/>
</kw>
<kw name="Create List" owner="BuiltIn">
<msg time="2024-05-18T12:25:18.176552" level="INFO">${expected_keys} = ['gender', 'name', 'location', 'email', 'login']</msg>
<var>${expected_keys}</var>
<arg>gender</arg>
<arg>name</arg>
<arg>location</arg>
<arg>email</arg>
<arg>login</arg>
<doc>Returns a list containing given items.</doc>
<status status="PASS" start="2024-05-18T12:25:18.176392" elapsed="0.000185"/>
</kw>
<for flavor="IN">
<iter>
<kw name="Dictionary Should Contain Key" owner="Collections">
<msg time="2024-05-18T12:25:18.177615" level="INFO">False</msg>
<arg>${json_data['results'][0]}</arg>
<arg>${key}</arg>
<doc>Fails if ``key`` is not found from ``dictionary``.</doc>
<status status="PASS" start="2024-05-18T12:25:18.177170" elapsed="0.000484"/>
</kw>
<kw name="Log" owner="BuiltIn">
<msg time="2024-05-18T12:25:18.178308" level="INFO">{'gender': 'female', 'name': {'title': 'Ms', 'first': 'Jessica', 'last': 'Hudson'}, 'location': {'street': {'number': 3975, 'name': 'The Crescent'}, 'city': 'Carlow', 'state': 'Leitrim', 'country': 'Ireland', 'postcode': 88278, 'coordinates': {'latitude': '2.5490', 'longitude': '132.2175'}, 'timezone': {'offset': '+6:00', 'description': 'Almaty, Dhaka, Colombo'}}, 'email': 'jessica.hudson@example.com', 'login': {'uuid': '77cc6d27-da10-4db9-a0e5-ca5ecf809a41', 'username': 'greenpeacock709', 'password': 'torpedo', 'salt': 'NeaYSIia', 'md5': 'cced6c27f399baa14f4e3ae391554493', 'sha1': '93063f47917420cf50acf97f5d807e24f50fd608', 'sha256': '4fbc63fe1164ab2fdecbb675888495962852ec416815f6e407eedbcaf6bf1e9c'}, 'dob': {'date': '1965-05-31T08:33:35.109Z', 'age': 58}, 'registered': {'date': '2020-10-21T06:28:22.228Z', 'age': 3}, 'phone': '071-505-6306', 'cell': '081-957-5225', 'id': {'name': 'PPS', 'value': '0749386T'}, 'picture': {'large': 'https://randomuser.me/api/portraits/women/77.jpg', 'medium': 'https://randomuser.me/api/portraits/med/women/77.jpg', 'thumbnail': 'https://randomuser.me/api/portraits/thumb/women/77.jpg'}, 'nat': 'IE'}</msg>
<arg>${json_data['results'][0]}</arg>
<doc>Logs the given message with the given level.</doc>
<status status="PASS" start="2024-05-18T12:25:18.177952" elapsed="0.000403"/>
</kw>
<kw name="Log" owner="BuiltIn">
<msg time="2024-05-18T12:25:18.178782" level="INFO">gender</msg>
<arg>${key}</arg>
<doc>Logs the given message with the given level.</doc>
<status status="PASS" start="2024-05-18T12:25:18.178654" elapsed="0.000164"/>
</kw>
<var name="${key}">gender</var>
<status status="PASS" start="2024-05-18T12:25:18.177044" elapsed="0.001990"/>
</iter>
<iter>
<kw name="Dictionary Should Contain Key" owner="Collections">
<msg time="2024-05-18T12:25:18.179716" level="INFO">False</msg>
<arg>${json_data['results'][0]}</arg>
<arg>${key}</arg>
<doc>Fails if ``key`` is not found from ``dictionary``.</doc>
<status status="PASS" start="2024-05-18T12:25:18.179335" elapsed="0.000418"/>
</kw>
<kw name="Log" owner="BuiltIn">
<msg time="2024-05-18T12:25:18.180439" level="INFO">{'gender': 'female', 'name': {'title': 'Ms', 'first': 'Jessica', 'last': 'Hudson'}, 'location': {'street': {'number': 3975, 'name': 'The Crescent'}, 'city': 'Carlow', 'state': 'Leitrim', 'country': 'Ireland', 'postcode': 88278, 'coordinates': {'latitude': '2.5490', 'longitude': '132.2175'}, 'timezone': {'offset': '+6:00', 'description': 'Almaty, Dhaka, Colombo'}}, 'email': 'jessica.hudson@example.com', 'login': {'uuid': '77cc6d27-da10-4db9-a0e5-ca5ecf809a41', 'username': 'greenpeacock709', 'password': 'torpedo', 'salt': 'NeaYSIia', 'md5': 'cced6c27f399baa14f4e3ae391554493', 'sha1': '93063f47917420cf50acf97f5d807e24f50fd608', 'sha256': '4fbc63fe1164ab2fdecbb675888495962852ec416815f6e407eedbcaf6bf1e9c'}, 'dob': {'date': '1965-05-31T08:33:35.109Z', 'age': 58}, 'registered': {'date': '2020-10-21T06:28:22.228Z', 'age': 3}, 'phone': '071-505-6306', 'cell': '081-957-5225', 'id': {'name': 'PPS', 'value': '0749386T'}, 'picture': {'large': 'https://randomuser.me/api/portraits/women/77.jpg', 'medium': 'https://randomuser.me/api/portraits/med/women/77.jpg', 'thumbnail': 'https://randomuser.me/api/portraits/thumb/women/77.jpg'}, 'nat': 'IE'}</msg>
<arg>${json_data['results'][0]}</arg>
<doc>Logs the given message with the given level.</doc>
<status status="PASS" start="2024-05-18T12:25:18.180073" elapsed="0.000412"/>
</kw>
<kw name="Log" owner="BuiltIn">
<msg time="2024-05-18T12:25:18.180905" level="INFO">name</msg>
<arg>${key}</arg>
<doc>Logs the given message with the given level.</doc>
<status status="PASS" start="2024-05-18T12:25:18.180779" elapsed="0.000162"/>
</kw>
<var name="${key}">name</var>
<status status="PASS" start="2024-05-18T12:25:18.179220" elapsed="0.001936"/>
</iter>
<iter>
<kw name="Dictionary Should Contain Key" owner="Collections">
<msg time="2024-05-18T12:25:18.181865" level="INFO">False</msg>
<arg>${json_data['results'][0]}</arg>
<arg>${key}</arg>
<doc>Fails if ``key`` is not found from ``dictionary``.</doc>
<status status="PASS" start="2024-05-18T12:25:18.181484" elapsed="0.000417"/>
</kw>
<kw name="Log" owner="BuiltIn">
<msg time="2024-05-18T12:25:18.182553" level="INFO">{'gender': 'female', 'name': {'title': 'Ms', 'first': 'Jessica', 'last': 'Hudson'}, 'location': {'street': {'number': 3975, 'name': 'The Crescent'}, 'city': 'Carlow', 'state': 'Leitrim', 'country': 'Ireland', 'postcode': 88278, 'coordinates': {'latitude': '2.5490', 'longitude': '132.2175'}, 'timezone': {'offset': '+6:00', 'description': 'Almaty, Dhaka, Colombo'}}, 'email': 'jessica.hudson@example.com', 'login': {'uuid': '77cc6d27-da10-4db9-a0e5-ca5ecf809a41', 'username': 'greenpeacock709', 'password': 'torpedo', 'salt': 'NeaYSIia', 'md5': 'cced6c27f399baa14f4e3ae391554493', 'sha1': '93063f47917420cf50acf97f5d807e24f50fd608', 'sha256': '4fbc63fe1164ab2fdecbb675888495962852ec416815f6e407eedbcaf6bf1e9c'}, 'dob': {'date': '1965-05-31T08:33:35.109Z', 'age': 58}, 'registered': {'date': '2020-10-21T06:28:22.228Z', 'age': 3}, 'phone': '071-505-6306', 'cell': '081-957-5225', 'id': {'name': 'PPS', 'value': '0749386T'}, 'picture': {'large': 'https://randomuser.me/api/portraits/women/77.jpg', 'medium': 'https://randomuser.me/api/portraits/med/women/77.jpg', 'thumbnail': 'https://randomuser.me/api/portraits/thumb/women/77.jpg'}, 'nat': 'IE'}</msg>
<arg>${json_data['results'][0]}</arg>
<doc>Logs the given message with the given level.</doc>
<status status="PASS" start="2024-05-18T12:25:18.182196" elapsed="0.000404"/>
</kw>
<kw name="Log" owner="BuiltIn">
<msg time="2024-05-18T12:25:18.183019" level="INFO">location</msg>
<arg>${key}</arg>
<doc>Logs the given message with the given level.</doc>
<status status="PASS" start="2024-05-18T12:25:18.182891" elapsed="0.000166"/>
</kw>
<var name="${key}">location</var>
<status status="PASS" start="2024-05-18T12:25:18.181370" elapsed="0.001906"/>
</iter>
<iter>
<kw name="Dictionary Should Contain Key" owner="Collections">
<msg time="2024-05-18T12:25:18.183936" level="INFO">False</msg>
<arg>${json_data['results'][0]}</arg>
<arg>${key}</arg>
<doc>Fails if ``key`` is not found from ``dictionary``.</doc>
<status status="PASS" start="2024-05-18T12:25:18.183560" elapsed="0.000413"/>
</kw>
<kw name="Log" owner="BuiltIn">
<msg time="2024-05-18T12:25:18.184617" level="INFO">{'gender': 'female', 'name': {'title': 'Ms', 'first': 'Jessica', 'last': 'Hudson'}, 'location': {'street': {'number': 3975, 'name': 'The Crescent'}, 'city': 'Carlow', 'state': 'Leitrim', 'country': 'Ireland', 'postcode': 88278, 'coordinates': {'latitude': '2.5490', 'longitude': '132.2175'}, 'timezone': {'offset': '+6:00', 'description': 'Almaty, Dhaka, Colombo'}}, 'email': 'jessica.hudson@example.com', 'login': {'uuid': '77cc6d27-da10-4db9-a0e5-ca5ecf809a41', 'username': 'greenpeacock709', 'password': 'torpedo', 'salt': 'NeaYSIia', 'md5': 'cced6c27f399baa14f4e3ae391554493', 'sha1': '93063f47917420cf50acf97f5d807e24f50fd608', 'sha256': '4fbc63fe1164ab2fdecbb675888495962852ec416815f6e407eedbcaf6bf1e9c'}, 'dob': {'date': '1965-05-31T08:33:35.109Z', 'age': 58}, 'registered': {'date': '2020-10-21T06:28:22.228Z', 'age': 3}, 'phone': '071-505-6306', 'cell': '081-957-5225', 'id': {'name': 'PPS', 'value': '0749386T'}, 'picture': {'large': 'https://randomuser.me/api/portraits/women/77.jpg', 'medium': 'https://randomuser.me/api/portraits/med/women/77.jpg', 'thumbnail': 'https://randomuser.me/api/portraits/thumb/women/77.jpg'}, 'nat': 'IE'}</msg>
<arg>${json_data['results'][0]}</arg>
<doc>Logs the given message with the given level.</doc>
<status status="PASS" start="2024-05-18T12:25:18.184267" elapsed="0.000397"/>
</kw>
<kw name="Log" owner="BuiltIn">
<msg time="2024-05-18T12:25:18.185077" level="INFO">email</msg>
<arg>${key}</arg>
<doc>Logs the given message with the given level.</doc>
<status status="PASS" start="2024-05-18T12:25:18.184951" elapsed="0.000162"/>
</kw>
<var name="${key}">email</var>
<status status="PASS" start="2024-05-18T12:25:18.183450" elapsed="0.001931"/>
</iter>
<iter>
<kw name="Dictionary Should Contain Key" owner="Collections">
<msg time="2024-05-18T12:25:18.186050" level="INFO">False</msg>
<arg>${json_data['results'][0]}</arg>
<arg>${key}</arg>
<doc>Fails if ``key`` is not found from ``dictionary``.</doc>
<status status="PASS" start="2024-05-18T12:25:18.185665" elapsed="0.000423"/>
</kw>
<kw name="Log" owner="BuiltIn">
<msg time="2024-05-18T12:25:18.186742" level="INFO">{'gender': 'female', 'name': {'title': 'Ms', 'first': 'Jessica', 'last': 'Hudson'}, 'location': {'street': {'number': 3975, 'name': 'The Crescent'}, 'city': 'Carlow', 'state': 'Leitrim', 'country': 'Ireland', 'postcode': 88278, 'coordinates': {'latitude': '2.5490', 'longitude': '132.2175'}, 'timezone': {'offset': '+6:00', 'description': 'Almaty, Dhaka, Colombo'}}, 'email': 'jessica.hudson@example.com', 'login': {'uuid': '77cc6d27-da10-4db9-a0e5-ca5ecf809a41', 'username': 'greenpeacock709', 'password': 'torpedo', 'salt': 'NeaYSIia', 'md5': 'cced6c27f399baa14f4e3ae391554493', 'sha1': '93063f47917420cf50acf97f5d807e24f50fd608', 'sha256': '4fbc63fe1164ab2fdecbb675888495962852ec416815f6e407eedbcaf6bf1e9c'}, 'dob': {'date': '1965-05-31T08:33:35.109Z', 'age': 58}, 'registered': {'date': '2020-10-21T06:28:22.228Z', 'age': 3}, 'phone': '071-505-6306', 'cell': '081-957-5225', 'id': {'name': 'PPS', 'value': '0749386T'}, 'picture': {'large': 'https://randomuser.me/api/portraits/women/77.jpg', 'medium': 'https://randomuser.me/api/portraits/med/women/77.jpg', 'thumbnail': 'https://randomuser.me/api/portraits/thumb/women/77.jpg'}, 'nat': 'IE'}</msg>
<arg>${json_data['results'][0]}</arg>
<doc>Logs the given message with the given level.</doc>
<status status="PASS" start="2024-05-18T12:25:18.186383" elapsed="0.000406"/>
</kw>
<kw name="Log" owner="BuiltIn">
<msg time="2024-05-18T12:25:18.187211" level="INFO">login</msg>
<arg>${key}</arg>
<doc>Logs the given message with the given level.</doc>
<status status="PASS" start="2024-05-18T12:25:18.187085" elapsed="0.000163"/>
</kw>
<var name="${key}">login</var>
<status status="PASS" start="2024-05-18T12:25:18.185553" elapsed="0.001915"/>
</iter>
<var>${key}</var>
<value>@{expected_keys}</value>
<status status="PASS" start="2024-05-18T12:25:18.176845" elapsed="0.010771"/>
</for>
<kw name="Create List" owner="BuiltIn">
<msg time="2024-05-18T12:25:18.187958" level="INFO">${expected_keysTwo} = ['username', 'password']</msg>
<var>${expected_keysTwo}</var>
<arg>username</arg>
<arg>password</arg>
<doc>Returns a list containing given items.</doc>
<status status="PASS" start="2024-05-18T12:25:18.187822" elapsed="0.000159"/>
</kw>
<for flavor="IN">
<iter>
<kw name="Dictionary Should Contain Key" owner="Collections">
<msg time="2024-05-18T12:25:18.188856" level="INFO">False</msg>
<arg>${json_data['results'][0]['login']}</arg>
<arg>${keyTwo}</arg>
<doc>Fails if ``key`` is not found from ``dictionary``.</doc>
<status status="PASS" start="2024-05-18T12:25:18.188474" elapsed="0.000419"/>
</kw>
<kw name="Dictionary Should Contain Key" owner="Collections">
<msg time="2024-05-18T12:25:18.189604" level="INFO">False</msg>
<arg>${json_data['results'][0]['login']}</arg>
<arg>${keyTwo}</arg>
<doc>Fails if ``key`` is not found from ``dictionary``.</doc>
<status status="PASS" start="2024-05-18T12:25:18.189188" elapsed="0.000453"/>
</kw>
<kw name="Log" owner="BuiltIn">
<msg time="2024-05-18T12:25:18.190060" level="INFO">username</msg>
<arg>${keyTwo}</arg>
<doc>Logs the given message with the given level.</doc>
<status status="PASS" start="2024-05-18T12:25:18.189935" elapsed="0.000167"/>
</kw>
<var name="${keyTwo}">username</var>
<status status="PASS" start="2024-05-18T12:25:18.188366" elapsed="0.001950"/>
</iter>
<iter>
<kw name="Dictionary Should Contain Key" owner="Collections">
<msg time="2024-05-18T12:25:18.191060" level="INFO">False</msg>
<arg>${json_data['results'][0]['login']}</arg>
<arg>${keyTwo}</arg>
<doc>Fails if ``key`` is not found from ``dictionary``.</doc>
<status status="PASS" start="2024-05-18T12:25:18.190600" elapsed="0.000499"/>
</kw>
<kw name="Dictionary Should Contain Key" owner="Collections">
<msg time="2024-05-18T12:25:18.191768" level="INFO">False</msg>
<arg>${json_data['results'][0]['login']}</arg>
<arg>${keyTwo}</arg>
<doc>Fails if ``key`` is not found from ``dictionary``.</doc>
<status status="PASS" start="2024-05-18T12:25:18.191397" elapsed="0.000406"/>
</kw>
<kw name="Log" owner="BuiltIn">
<msg time="2024-05-18T12:25:18.192223" level="INFO">password</msg>
<arg>${keyTwo}</arg>
<doc>Logs the given message with the given level.</doc>
<status status="PASS" start="2024-05-18T12:25:18.192095" elapsed="0.000164"/>
</kw>
<var name="${keyTwo}">password</var>
<status status="PASS" start="2024-05-18T12:25:18.190490" elapsed="0.001983"/>
</iter>
<var>${keyTwo}</var>
<value>@{expected_keysTwo}</value>
<status status="PASS" start="2024-05-18T12:25:18.188215" elapsed="0.004382"/>
</for>
<status status="PASS" start="2024-05-18T12:25:18.076505" elapsed="0.116251"/>
</kw>
<doc>Testa a estrutura da resposta da API.</doc>
<tag>testeEstruturaResposta</tag>
<status status="PASS" start="2024-05-18T12:25:18.075861" elapsed="0.117045"/>
</test>
<test id="s1-s1-t4" name="Validar tipos de dados" line="28">
<kw name="Teste de Tipos de Dados" owner="random-user-service">
<kw name="GET On Session" owner="RequestsLibrary">
<msg time="2024-05-18T12:25:18.242066" level="INFO">GET Request : url=https://randomuser.me/api 
 path_url=/api 
 headers={'User-Agent': 'python-requests/2.31.0', 'Accept-Encoding': 'gzip, deflate', 'Accept': '*/*', 'Connection': 'keep-alive'} 
 body=None 
 </msg>
<msg time="2024-05-18T12:25:18.242147" level="INFO">GET Response : url=https://randomuser.me/api 
 status=200, reason=OK 
 headers={'Date': 'Sat, 18 May 2024 12:25:18 GMT', 'Content-Type': 'application/json; charset=utf-8', 'Transfer-Encoding': 'chunked', 'Connection': 'keep-alive', 'X-Powered-By': 'Express', 'Access-Control-Allow-Origin': '*', 'Cache-Control': 'no-cache', 'ETag': 'W/"4a2-QRisHsQfHB4C8r4pKk/w9921OzU"', 'Vary': 'Accept-Encoding', 'Content-Encoding': 'gzip', 'CF-Cache-Status': 'DYNAMIC', 'Report-To': '{"endpoints":[{"url":"https:\\/\\/a.nel.cloudflare.com\\/report\\/v4?s=aVlubXZMaShritkulBTotzl0j%2F1zDdafJ0gFmYVp8TliSIwbIq9cK%2Bk%2BVnivc05JeDOiSKOyaz6MrSx9aXLoR%2Fi1evfUtkjxSLchbcYRq0WhCRc5WpD9kwhpeqHXXfBT"}],"group":"cf-nel","max_age":604800}', 'NEL': '{"success_fraction":0,"report_to":"cf-nel","max_age":604800}', 'Server': 'cloudflare', 'CF-RAY': '885bd440bd712220-ORD', 'alt-svc': 'h3=":443"; ma=86400'} 
 body={"results":[{"gender":"male","name":{"title":"Mr","first":"Niklas","last":"Haataja"},"location":{"street":{"number":9675,"name":"Nordenskiöldinkatu"},"city":"Liperi","state":"Pirkanmaa","country":"Finland","postcode":89731,"coordinates":{"latitude":"-25.5437","longitude":"-113.1212"},"timezone":{"offset":"+3:00","description":"Baghdad, Riyadh, Moscow, St. Petersburg"}},"email":"niklas.haataja@example.com","login":{"uuid":"a18f779e-0ea8-4443-9568-122ed31c6b01","username":"happyleopard181","password":"feeling","salt":"c3PIqpoL","md5":"7d0263e8c8e99aacfaa65c696923cc98","sha1":"f2913f89edb990f248ee25e4383aeceddb4cb77d","sha256":"c192a759d38ee549b7b7089f1dc2217d13c1cd6cfe2d61d7b594f1b2975f1051"},"dob":{"date":"1954-08-05T10:50:36.737Z","age":69},"registered":{"date":"2005-01-02T22:03:57.912Z","age":19},"phone":"08-217-360","cell":"041-416-20-54","id":{"name":"HETU","value":"NaNNA035undefined"},"picture":{"large":"https://randomuser.me/api/portraits/men/89.jpg","medium":"https://randomuser.me/api/portraits/med/men/89.jpg","thumbnail":"https://randomuser.me/api/portraits/thumb/men/89.jpg"},"nat":"FI"}],"info":{"seed":"ec2a7f8bd3402940","results":1,"page":1,"version":"1.4"}} 
 </msg>
<msg time="2024-05-18T12:25:18.242222" level="INFO">/opt/hostedtoolcache/Python/3.12.3/x64/lib/python3.12/site-packages/urllib3/connectionpool.py:1103: InsecureRequestWarning: Unverified HTTPS request is being made to host 'randomuser.me'. Adding certificate verification is strongly advised. See: https://urllib3.readthedocs.io/en/latest/advanced-usage.html#tls-warnings
  warnings.warn(</msg>
<msg time="2024-05-18T12:25:18.242336" level="INFO">${response} = &lt;Response [200]&gt;</msg>
<var>${response}</var>
<arg>consultarAPI</arg>
<arg>/api</arg>
<doc>Sends a GET request on a previously created HTTP Session.</doc>
<status status="PASS" start="2024-05-18T12:25:18.195443" elapsed="0.046946"/>
</kw>
<kw name="Set Variable" owner="BuiltIn">
<msg time="2024-05-18T12:25:18.243509" level="INFO">${json_data} = {'results': [{'gender': 'male', 'name': {'title': 'Mr', 'first': 'Niklas', 'last': 'Haataja'}, 'location': {'street': {'number': 9675, 'name': 'Nordenskiöldinkatu'}, 'city': 'Liperi', 'state': 'Pirkan...</msg>
<var>${json_data}</var>
<arg>${response.json()}</arg>
<doc>Returns the given values which can then be assigned to a variables.</doc>
<status status="PASS" start="2024-05-18T12:25:18.242926" elapsed="0.000613"/>
</kw>
<kw name="Log" owner="BuiltIn">
<msg time="2024-05-18T12:25:18.244012" level="INFO">{'results': [{'gender': 'male', 'name': {'title': 'Mr', 'first': 'Niklas', 'last': 'Haataja'}, 'location': {'street': {'number': 9675, 'name': 'Nordenskiöldinkatu'}, 'city': 'Liperi', 'state': 'Pirkanmaa', 'country': 'Finland', 'postcode': 89731, 'coordinates': {'latitude': '-25.5437', 'longitude': '-113.1212'}, 'timezone': {'offset': '+3:00', 'description': 'Baghdad, Riyadh, Moscow, St. Petersburg'}}, 'email': 'niklas.haataja@example.com', 'login': {'uuid': 'a18f779e-0ea8-4443-9568-122ed31c6b01', 'username': 'happyleopard181', 'password': 'feeling', 'salt': 'c3PIqpoL', 'md5': '7d0263e8c8e99aacfaa65c696923cc98', 'sha1': 'f2913f89edb990f248ee25e4383aeceddb4cb77d', 'sha256': 'c192a759d38ee549b7b7089f1dc2217d13c1cd6cfe2d61d7b594f1b2975f1051'}, 'dob': {'date': '1954-08-05T10:50:36.737Z', 'age': 69}, 'registered': {'date': '2005-01-02T22:03:57.912Z', 'age': 19}, 'phone': '08-217-360', 'cell': '041-416-20-54', 'id': {'name': 'HETU', 'value': 'NaNNA035undefined'}, 'picture': {'large': 'https://randomuser.me/api/portraits/men/89.jpg', 'medium': 'https://randomuser.me/api/portraits/med/men/89.jpg', 'thumbnail': 'https://randomuser.me/api/portraits/thumb/men/89.jpg'}, 'nat': 'FI'}], 'info': {'seed': 'ec2a7f8bd3402940', 'results': 1, 'page': 1, 'version': '1.4'}}</msg>
<arg>${json_data}</arg>
<doc>Logs the given message with the given level.</doc>
<status status="PASS" start="2024-05-18T12:25:18.243855" elapsed="0.000236"/>
</kw>
<kw name="Should Be String" owner="String">
<arg>${json_data['results'][0]['gender']}</arg>
<doc>Fails if the given ``item`` is not a string.</doc>
<status status="PASS" start="2024-05-18T12:25:18.244394" elapsed="0.000361"/>
</kw>
<kw name="Should Match Regexp" owner="BuiltIn">
<arg>${json_data['results'][0]['email']}</arg>
<arg>^[a-zA-Z0-9._%+-]+@[a-zA-Z0-9.-]+\.[a-zA-Z]{2,}$</arg>
<doc>Fails if ``string`` does not match ``pattern`` as a regular expression.</doc>
<status status="PASS" start="2024-05-18T12:25:18.244947" elapsed="0.000546"/>
</kw>
<kw name="Should Match Regexp" owner="BuiltIn">
<arg>${json_data['results'][0]['dob']['date']}</arg>
<arg>\\d{4}-\\d{2}-\\d{2}T\\d{2}:\\d{2}:\\d{2}\\.\\d{3}Z</arg>
<doc>Fails if ``string`` does not match ``pattern`` as a regular expression.</doc>
<status status="PASS" start="2024-05-18T12:25:18.245694" elapsed="0.000500"/>
</kw>
<kw name="Should Match Regexp" owner="BuiltIn">
<arg>${json_data['results'][0]['registered']['date']}</arg>
<arg>\\d{4}-\\d{2}-\\d{2}T\\d{2}:\\d{2}:\\d{2}\\.\\d{3}Z</arg>
<doc>Fails if ``string`` does not match ``pattern`` as a regular expression.</doc>
<status status="PASS" start="2024-05-18T12:25:18.246388" elapsed="0.000371"/>
</kw>
<kw name="Should Match Regexp" owner="BuiltIn">
<arg>${json_data['results'][0]['picture']['large']}</arg>
<arg>^https?://.*\.(?:png|jpe?g|gif|bmp)$</arg>
<doc>Fails if ``string`` does not match ``pattern`` as a regular expression.</doc>
<status status="PASS" start="2024-05-18T12:25:18.246953" elapsed="0.000460"/>
</kw>
<kw name="Should Match Regexp" owner="BuiltIn">
<arg>${json_data['results'][0]['picture']['medium']}</arg>
<arg>^https?://.*\.(?:png|jpe?g|gif|bmp)$</arg>
<doc>Fails if ``string`` does not match ``pattern`` as a regular expression.</doc>
<status status="PASS" start="2024-05-18T12:25:18.247604" elapsed="0.000355"/>
</kw>
<kw name="Should Match Regexp" owner="BuiltIn">
<arg>${json_data['results'][0]['picture']['thumbnail']}</arg>
<arg>^https?://.*\.(?:png|jpe?g|gif|bmp)$</arg>
<doc>Fails if ``string`` does not match ``pattern`` as a regular expression.</doc>
<status status="PASS" start="2024-05-18T12:25:18.248150" elapsed="0.000362"/>
</kw>
<kw name="Log" owner="BuiltIn">
<msg time="2024-05-18T12:25:18.249013" level="INFO">{'large': 'https://randomuser.me/api/portraits/men/89.jpg', 'medium': 'https://randomuser.me/api/portraits/med/men/89.jpg', 'thumbnail': 'https://randomuser.me/api/portraits/thumb/men/89.jpg'}</msg>
<arg>${json_data['results'][0]['picture']}</arg>
<doc>Logs the given message with the given level.</doc>
<status status="PASS" start="2024-05-18T12:25:18.248694" elapsed="0.000361"/>
</kw>
<status status="PASS" start="2024-05-18T12:25:18.195218" elapsed="0.054118"/>
</kw>
<kw name="Teste de Tipos de Dados - Postcode" owner="random-user-service">
<kw name="GET On Session" owner="RequestsLibrary">
<msg time="2024-05-18T12:25:18.342842" level="INFO">GET Request : url=https://randomuser.me/api 
 path_url=/api 
 headers={'User-Agent': 'python-requests/2.31.0', 'Accept-Encoding': 'gzip, deflate', 'Accept': '*/*', 'Connection': 'keep-alive'} 
 body=None 
 </msg>
<msg time="2024-05-18T12:25:18.342911" level="INFO">GET Response : url=https://randomuser.me/api 
 status=200, reason=OK 
 headers={'Date': 'Sat, 18 May 2024 12:25:18 GMT', 'Content-Type': 'application/json; charset=utf-8', 'Transfer-Encoding': 'chunked', 'Connection': 'keep-alive', 'X-Powered-By': 'Express', 'Access-Control-Allow-Origin': '*', 'Cache-Control': 'no-cache', 'ETag': 'W/"492-W5oAyXVTxMI8fmlff5V8H2MtFTY"', 'Vary': 'Accept-Encoding', 'Content-Encoding': 'gzip', 'CF-Cache-Status': 'DYNAMIC', 'Report-To': '{"endpoints":[{"url":"https:\\/\\/a.nel.cloudflare.com\\/report\\/v4?s=JfB7IPwVayczgtojnK1uD6ltEXtYD8JfoB5Ur0vGoocfyh%2F%2F5KpPUZAgOBQtzBCPLm%2BI%2F6ZQUKZxyw%2FW6piIyvfogWpChBzVDqheeof%2BieiBoLyIcm2Fnl2Oa1INnB2T"}],"group":"cf-nel","max_age":604800}', 'NEL': '{"success_fraction":0,"report_to":"cf-nel","max_age":604800}', 'Server': 'cloudflare', 'CF-RAY': '885bd4411de02220-ORD', 'alt-svc': 'h3=":443"; ma=86400'} 
 body={"results":[{"gender":"male","name":{"title":"Mr","first":"Radoslav","last":"Tomašević"},"location":{"street":{"number":5039,"name":"Jermska"},"city":"Ruma","state":"Central Banat","country":"Serbia","postcode":95315,"coordinates":{"latitude":"56.2809","longitude":"-39.9483"},"timezone":{"offset":"+10:00","description":"Eastern Australia, Guam, Vladivostok"}},"email":"radoslav.tomasevic@example.com","login":{"uuid":"adf85b1f-4383-43b4-9970-cb5e729cf26e","username":"heavybird793","password":"mermaid","salt":"pmHnnUqe","md5":"46a5e4a60eac22617b7c462ac5209178","sha1":"20a24fe6d11c1ed26786ce319a7d968707e211a6","sha256":"161901e232076329962b78a9dbd695c7b0ef2cfd7065e32a8514cf0eda24d53f"},"dob":{"date":"1986-02-22T13:54:28.177Z","age":38},"registered":{"date":"2009-02-13T16:23:05.078Z","age":15},"phone":"021-5791-499","cell":"069-6717-692","id":{"name":"SID","value":"297179172"},"picture":{"large":"https://randomuser.me/api/portraits/men/88.jpg","medium":"https://randomuser.me/api/portraits/med/men/88.jpg","thumbnail":"https://randomuser.me/api/portraits/thumb/men/88.jpg"},"nat":"RS"}],"info":{"seed":"2f42c6ca306bc385","results":1,"page":1,"version":"1.4"}} 
 </msg>
<msg time="2024-05-18T12:25:18.342972" level="INFO">/opt/hostedtoolcache/Python/3.12.3/x64/lib/python3.12/site-packages/urllib3/connectionpool.py:1103: InsecureRequestWarning: Unverified HTTPS request is being made to host 'randomuser.me'. Adding certificate verification is strongly advised. See: https://urllib3.readthedocs.io/en/latest/advanced-usage.html#tls-warnings
  warnings.warn(</msg>
<msg time="2024-05-18T12:25:18.343066" level="INFO">${response} = &lt;Response [200]&gt;</msg>
<var>${response}</var>
<arg>consultarAPI</arg>
<arg>/api</arg>
<doc>Sends a GET request on a previously created HTTP Session.</doc>
<status status="PASS" start="2024-05-18T12:25:18.249768" elapsed="0.093339"/>
</kw>
<kw name="Set Variable" owner="BuiltIn">
<msg time="2024-05-18T12:25:18.344169" level="INFO">${json_data} = {'results': [{'gender': 'male', 'name': {'title': 'Mr', 'first': 'Radoslav', 'last': 'Tomašević'}, 'location': {'street': {'number': 5039, 'name': 'Jermska'}, 'city': 'Ruma', 'state': 'Central Banat',...</msg>
<var>${json_data}</var>
<arg>${response.json()}</arg>
<doc>Returns the given values which can then be assigned to a variables.</doc>
<status status="PASS" start="2024-05-18T12:25:18.343599" elapsed="0.000602"/>
</kw>
<kw name="Log" owner="BuiltIn">
<msg time="2024-05-18T12:25:18.344669" level="INFO">{'results': [{'gender': 'male', 'name': {'title': 'Mr', 'first': 'Radoslav', 'last': 'Tomašević'}, 'location': {'street': {'number': 5039, 'name': 'Jermska'}, 'city': 'Ruma', 'state': 'Central Banat', 'country': 'Serbia', 'postcode': 95315, 'coordinates': {'latitude': '56.2809', 'longitude': '-39.9483'}, 'timezone': {'offset': '+10:00', 'description': 'Eastern Australia, Guam, Vladivostok'}}, 'email': 'radoslav.tomasevic@example.com', 'login': {'uuid': 'adf85b1f-4383-43b4-9970-cb5e729cf26e', 'username': 'heavybird793', 'password': 'mermaid', 'salt': 'pmHnnUqe', 'md5': '46a5e4a60eac22617b7c462ac5209178', 'sha1': '20a24fe6d11c1ed26786ce319a7d968707e211a6', 'sha256': '161901e232076329962b78a9dbd695c7b0ef2cfd7065e32a8514cf0eda24d53f'}, 'dob': {'date': '1986-02-22T13:54:28.177Z', 'age': 38}, 'registered': {'date': '2009-02-13T16:23:05.078Z', 'age': 15}, 'phone': '021-5791-499', 'cell': '069-6717-692', 'id': {'name': 'SID', 'value': '297179172'}, 'picture': {'large': 'https://randomuser.me/api/portraits/men/88.jpg', 'medium': 'https://randomuser.me/api/portraits/med/men/88.jpg', 'thumbnail': 'https://randomuser.me/api/portraits/thumb/men/88.jpg'}, 'nat': 'RS'}], 'info': {'seed': '2f42c6ca306bc385', 'results': 1, 'page': 1, 'version': '1.4'}}</msg>
<arg>${json_data}</arg>
<doc>Logs the given message with the given level.</doc>
<status status="PASS" start="2024-05-18T12:25:18.344512" elapsed="0.000237"/>
</kw>
<kw name="Should Be Equal As Numbers" owner="BuiltIn">
<arg>${json_data['results'][0]['location']['postcode']}</arg>
<arg>${json_data['results'][0]['location']['postcode']}</arg>
<doc>Fails if objects are unequal after converting them to real numbers.</doc>
<status status="PASS" start="2024-05-18T12:25:18.345189" elapsed="0.000674"/>
</kw>
<kw name="Log" owner="BuiltIn">
<msg time="2024-05-18T12:25:18.346393" level="INFO">95315</msg>
<arg>${json_data['results'][0]['location']['postcode']}</arg>
<doc>Logs the given message with the given level.</doc>
<status status="PASS" start="2024-05-18T12:25:18.346056" elapsed="0.000376"/>
</kw>
<status status="PASS" start="2024-05-18T12:25:18.249549" elapsed="0.097135"/>
</kw>
<doc>Testa se os tipos de dados na resposta da API estão corretos.</doc>
<tag>testeTiposDados</tag>
<status status="PASS" start="2024-05-18T12:25:18.194674" elapsed="0.152182"/>
</test>
<test id="s1-s1-t5" name="Validar conteudo" line="35">
<kw name="Teste de Tipos de Conteudo" owner="random-user-service">
<kw name="GET On Session" owner="RequestsLibrary">
<msg time="2024-05-18T12:25:18.441116" level="INFO">GET Request : url=https://randomuser.me/api 
 path_url=/api 
 headers={'User-Agent': 'python-requests/2.31.0', 'Accept-Encoding': 'gzip, deflate', 'Accept': '*/*', 'Connection': 'keep-alive'} 
 body=None 
 </msg>
<msg time="2024-05-18T12:25:18.441182" level="INFO">GET Response : url=https://randomuser.me/api 
 status=200, reason=OK 
 headers={'Date': 'Sat, 18 May 2024 12:25:18 GMT', 'Content-Type': 'application/json; charset=utf-8', 'Transfer-Encoding': 'chunked', 'Connection': 'keep-alive', 'X-Powered-By': 'Express', 'Access-Control-Allow-Origin': '*', 'Cache-Control': 'no-cache', 'ETag': 'W/"485-6vfCVv5kryVT6lFkmrRNolY4PWU"', 'Vary': 'Accept-Encoding', 'Content-Encoding': 'gzip', 'CF-Cache-Status': 'DYNAMIC', 'Report-To': '{"endpoints":[{"url":"https:\\/\\/a.nel.cloudflare.com\\/report\\/v4?s=ZJCZFUbRgL07JkVaDjVZLjvg9vTr2b5mxH96fslCbczuY4Zerk12XPUGtN%2FLR1Xib0dZcK9zLhwEsMJkS2KRaoB0sqz6y%2BC1a6tBE8OtmgBKzVkowskbnG5OKG953VFN"}],"group":"cf-nel","max_age":604800}', 'NEL': '{"success_fraction":0,"report_to":"cf-nel","max_age":604800}', 'Server': 'cloudflare', 'CF-RAY': '885bd441be972220-ORD', 'alt-svc': 'h3=":443"; ma=86400'} 
 body={"results":[{"gender":"female","name":{"title":"Miss","first":"Gorana","last":"Daničić"},"location":{"street":{"number":3463,"name":"Janjevska"},"city":"Pećinci","state":"Nišava","country":"Serbia","postcode":80249,"coordinates":{"latitude":"60.2806","longitude":"72.5135"},"timezone":{"offset":"-11:00","description":"Midway Island, Samoa"}},"email":"gorana.danicic@example.com","login":{"uuid":"41305495-cac5-4948-9122-7cc26552bef1","username":"blackladybug829","password":"buffy1","salt":"MXwKqGee","md5":"a544294ad3aea614876230385af40af4","sha1":"ccb8de151d4a2272033ec6b77d5487e8d22bb077","sha256":"4d675e34b7c61eef5bef0f21f0c48bfb006b3475b53cefc4d02e2e337d5fad0a"},"dob":{"date":"1989-03-06T00:52:33.361Z","age":35},"registered":{"date":"2005-06-24T20:57:22.814Z","age":18},"phone":"023-1699-050","cell":"064-1350-395","id":{"name":"SID","value":"943971488"},"picture":{"large":"https://randomuser.me/api/portraits/women/36.jpg","medium":"https://randomuser.me/api/portraits/med/women/36.jpg","thumbnail":"https://randomuser.me/api/portraits/thumb/women/36.jpg"},"nat":"RS"}],"info":{"seed":"249f3f9e6d5f9188","results":1,"page":1,"version":"1.4"}} 
 </msg>
<msg time="2024-05-18T12:25:18.441265" level="INFO">/opt/hostedtoolcache/Python/3.12.3/x64/lib/python3.12/site-packages/urllib3/connectionpool.py:1103: InsecureRequestWarning: Unverified HTTPS request is being made to host 'randomuser.me'. Adding certificate verification is strongly advised. See: https://urllib3.readthedocs.io/en/latest/advanced-usage.html#tls-warnings
  warnings.warn(</msg>
<msg time="2024-05-18T12:25:18.441358" level="INFO">${response} = &lt;Response [200]&gt;</msg>
<var>${response}</var>
<arg>consultarAPI</arg>
<arg>/api</arg>
<doc>Sends a GET request on a previously created HTTP Session.</doc>
<status status="PASS" start="2024-05-18T12:25:18.349322" elapsed="0.092077"/>
</kw>
<kw name="Set Variable" owner="BuiltIn">
<msg time="2024-05-18T12:25:18.442443" level="INFO">${json_data} = {'results': [{'gender': 'female', 'name': {'title': 'Miss', 'first': 'Gorana', 'last': 'Daničić'}, 'location': {'street': {'number': 3463, 'name': 'Janjevska'}, 'city': 'Pećinci', 'state': 'Nišava', '...</msg>
<var>${json_data}</var>
<arg>${response.json()}</arg>
<doc>Returns the given values which can then be assigned to a variables.</doc>
<status status="PASS" start="2024-05-18T12:25:18.441867" elapsed="0.000608"/>
</kw>
<kw name="Set Variable" owner="BuiltIn">
<msg time="2024-05-18T12:25:18.443190" level="INFO">${name_title} = Miss</msg>
<var>${name_title}</var>
<arg>${json_data["results"][0]["name"]["title"]}</arg>
<doc>Returns the given values which can then be assigned to a variables.</doc>
<status status="PASS" start="2024-05-18T12:25:18.442787" elapsed="0.000428"/>
</kw>
<kw name="Create List" owner="BuiltIn">
<msg time="2024-05-18T12:25:18.443676" level="INFO">${allowed_titles} = ['Mr', 'Ms', 'Miss', 'Mrs', 'Madame', 'Monsieur']</msg>
<var>${allowed_titles}</var>
<arg>Mr</arg>
<arg>Ms</arg>
<arg>Miss</arg>
<arg>Mrs</arg>
<arg>Madame</arg>
<arg>Monsieur</arg>
<doc>Returns a list containing given items.</doc>
<status status="PASS" start="2024-05-18T12:25:18.443528" elapsed="0.000172"/>
</kw>
<kw name="List Should Contain Value" owner="Collections">
<msg time="2024-05-18T12:25:18.444165" level="INFO">False</msg>
<arg>${allowed_titles}</arg>
<arg>${name_title}</arg>
<doc>Fails if the ``value`` is not found from ``list``.</doc>
<status status="PASS" start="2024-05-18T12:25:18.443997" elapsed="0.000204"/>
</kw>
<kw name="Set Variable" owner="BuiltIn">
<msg time="2024-05-18T12:25:18.444864" level="INFO">${name_country} = RS</msg>
<var>${name_country}</var>
<arg>${json_data["results"][0]["nat"]}</arg>
<doc>Returns the given values which can then be assigned to a variables.</doc>
<status status="PASS" start="2024-05-18T12:25:18.444491" elapsed="0.000398"/>
</kw>
<kw name="Create List" owner="BuiltIn">
<msg time="2024-05-18T12:25:18.445837" level="INFO">${list_country} = ['AD', 'AE', 'AF', 'AG', 'AI', 'AL', 'AM', 'AO', 'AQ', 'AR', 'AS', 'AT', 'AU', 'AW', 'AX', 'AZ', 'BA', 'BB', 'BD', 'BE', 'BF', 'BG', 'BH', 'BI', 'BJ', 'BL', 'BM', 'BN', 'BO', 'BQ', 'BR', 'BS', 'BT', '...</msg>
<var>${list_country}</var>
<arg>AD</arg>
<arg>AE</arg>
<arg>AF</arg>
<arg>AG</arg>
<arg>AI</arg>
<arg>AL</arg>
<arg>AM</arg>
<arg>AO</arg>
<arg>AQ</arg>
<arg>AR</arg>
<arg>AS</arg>
<arg>AT</arg>
<arg>AU</arg>
<arg>AW</arg>
<arg>AX</arg>
<arg>AZ</arg>
<arg>BA</arg>
<arg>BB</arg>
<arg>BD</arg>
<arg>BE</arg>
<arg>BF</arg>
<arg>BG</arg>
<arg>BH</arg>
<arg>BI</arg>
<arg>BJ</arg>
<arg>BL</arg>
<arg>BM</arg>
<arg>BN</arg>
<arg>BO</arg>
<arg>BQ</arg>
<arg>BR</arg>
<arg>BS</arg>
<arg>BT</arg>
<arg>BV</arg>
<arg>BW</arg>
<arg>BY</arg>
<arg>BZ</arg>
<arg>CA</arg>
<arg>CC</arg>
<arg>CD</arg>
<arg>CF</arg>
<arg>CG</arg>
<arg>CH</arg>
<arg>CI</arg>
<arg>CK</arg>
<arg>CL</arg>
<arg>CM</arg>
<arg>CN</arg>
<arg>CO</arg>
<arg>CR</arg>
<arg>CU</arg>
<arg>CV</arg>
<arg>CW</arg>
<arg>CX</arg>
<arg>CY</arg>
<arg>CZ</arg>
<arg>DE</arg>
<arg>DJ</arg>
<arg>DK</arg>
<arg>DM</arg>
<arg>DO</arg>
<arg>DZ</arg>
<arg>EC</arg>
<arg>EE</arg>
<arg>EG</arg>
<arg>EH</arg>
<arg>ER</arg>
<arg>ES</arg>
<arg>ET</arg>
<arg>FI</arg>
<arg>FJ</arg>
<arg>FK</arg>
<arg>FM</arg>
<arg>FO</arg>
<arg>FR</arg>
<arg>GA</arg>
<arg>GB</arg>
<arg>GD</arg>
<arg>GE</arg>
<arg>GF</arg>
<arg>GG</arg>
<arg>GH</arg>
<arg>GI</arg>
<arg>GL</arg>
<arg>GM</arg>
<arg>GN</arg>
<arg>GP</arg>
<arg>GQ</arg>
<arg>GR</arg>
<arg>GS</arg>
<arg>GT</arg>
<arg>GU</arg>
<arg>GW</arg>
<arg>GY</arg>
<arg>HK</arg>
<arg>HM</arg>
<arg>HN</arg>
<arg>HR</arg>
<arg>HT</arg>
<arg>HU</arg>
<arg>ID</arg>
<arg>IE</arg>
<arg>IL</arg>
<arg>IM</arg>
<arg>IN</arg>
<arg>IO</arg>
<arg>IQ</arg>
<arg>IR</arg>
<arg>IS</arg>
<arg>IT</arg>
<arg>JE</arg>
<arg>JM</arg>
<arg>JO</arg>
<arg>JP</arg>
<arg>KE</arg>
<arg>KG</arg>
<arg>KH</arg>
<arg>KI</arg>
<arg>KM</arg>
<arg>KN</arg>
<arg>KP</arg>
<arg>KR</arg>
<arg>KW</arg>
<arg>KY</arg>
<arg>KZ</arg>
<arg>LA</arg>
<arg>LB</arg>
<arg>LC</arg>
<arg>LI</arg>
<arg>LK</arg>
<arg>LR</arg>
<arg>LS</arg>
<arg>LT</arg>
<arg>LU</arg>
<arg>LV</arg>
<arg>LY</arg>
<arg>MA</arg>
<arg>MC</arg>
<arg>MD</arg>
<arg>ME</arg>
<arg>MF</arg>
<arg>MG</arg>
<arg>MH</arg>
<arg>MK</arg>
<arg>ML</arg>
<arg>MM</arg>
<arg>MN</arg>
<arg>MO</arg>
<arg>MP</arg>
<arg>MQ</arg>
<arg>MR</arg>
<arg>MS</arg>
<arg>MT</arg>
<arg>MU</arg>
<arg>MV</arg>
<arg>MW</arg>
<arg>MX</arg>
<arg>MY</arg>
<arg>MZ</arg>
<arg>NA</arg>
<arg>NC</arg>
<arg>NE</arg>
<arg>NF</arg>
<arg>NG</arg>
<arg>NI</arg>
<arg>NL</arg>
<arg>NO</arg>
<arg>NP</arg>
<arg>NR</arg>
<arg>NU</arg>
<arg>NZ</arg>
<arg>OM</arg>
<arg>PA</arg>
<arg>PE</arg>
<arg>PF</arg>
<arg>PG</arg>
<arg>PH</arg>
<arg>PK</arg>
<arg>PL</arg>
<arg>PM</arg>
<arg>PN</arg>
<arg>PR</arg>
<arg>PS</arg>
<arg>PT</arg>
<arg>PW</arg>
<arg>PY</arg>
<arg>QA</arg>
<arg>RE</arg>
<arg>RO</arg>
<arg>RS</arg>
<arg>RU</arg>
<arg>RW</arg>
<arg>SA</arg>
<arg>SB</arg>
<arg>SC</arg>
<arg>SD</arg>
<arg>SE</arg>
<arg>SG</arg>
<arg>SH</arg>
<arg>SI</arg>
<arg>SJ</arg>
<arg>SK</arg>
<arg>SL</arg>
<arg>SM</arg>
<arg>SN</arg>
<arg>SO</arg>
<arg>SR</arg>
<arg>SS</arg>
<arg>ST</arg>
<arg>SV</arg>
<arg>SX</arg>
<arg>SY</arg>
<arg>SZ</arg>
<arg>TC</arg>
<arg>TD</arg>
<arg>TF</arg>
<arg>TG</arg>
<arg>TH</arg>
<arg>TJ</arg>
<arg>TK</arg>
<arg>TL</arg>
<arg>TM</arg>
<arg>TN</arg>
<arg>TO</arg>
<arg>TR</arg>
<arg>TT</arg>
<arg>TV</arg>
<arg>TW</arg>
<arg>TZ</arg>
<arg>UA</arg>
<arg>UG</arg>
<arg>UM</arg>
<arg>US</arg>
<arg>UY</arg>
<arg>UZ</arg>
<arg>VA</arg>
<arg>VC</arg>
<arg>VE</arg>
<arg>VG</arg>
<arg>VI</arg>
<arg>VN</arg>
<arg>VU</arg>
<arg>WF</arg>
<arg>WS</arg>
<arg>XK</arg>
<arg>YE</arg>
<arg>YT</arg>
<arg>ZA</arg>
<arg>ZM</arg>
<arg>ZW</arg>
<doc>Returns a list containing given items.</doc>
<status status="PASS" start="2024-05-18T12:25:18.445192" elapsed="0.000671"/>
</kw>
<kw name="List Should Contain Value" owner="Collections">
<msg time="2024-05-18T12:25:18.446859" level="INFO">False</msg>
<arg>${list_country}</arg>
<arg>${name_country}</arg>
<doc>Fails if the ``value`` is not found from ``list``.</doc>
<status status="PASS" start="2024-05-18T12:25:18.446656" elapsed="0.000239"/>
</kw>
<kw name="Run Keyword If" owner="BuiltIn">
<kw name="Should Be True" owner="BuiltIn">
<arg>${True}</arg>
<doc>Fails if the given condition is not true.</doc>
<status status="PASS" start="2024-05-18T12:25:18.447959" elapsed="0.000246"/>
</kw>
<arg>${json_data["results"][0]["location"]["coordinates"]["latitude"]} &gt;= -90 and ${json_data["results"][0]["location"]["coordinates"]["latitude"]} &lt;= 90</arg>
<arg>Should Be True</arg>
<arg>${True}</arg>
<doc>Runs the given keyword with the given arguments, if ``condition`` is true.</doc>
<status status="PASS" start="2024-05-18T12:25:18.447209" elapsed="0.001129"/>
</kw>
<kw name="Run Keyword If" owner="BuiltIn">
<kw name="Should Be True" owner="BuiltIn">
<arg>${True}</arg>
<doc>Fails if the given condition is not true.</doc>
<status status="PASS" start="2024-05-18T12:25:18.449246" elapsed="0.000144"/>
</kw>
<arg>${json_data["results"][0]["location"]["coordinates"]["longitude"]} &gt;= -180 and ${json_data["results"][0]["location"]["coordinates"]["longitude"]} &lt;= 180</arg>
<arg>Should Be True</arg>
<arg>${True}</arg>
<doc>Runs the given keyword with the given arguments, if ``condition`` is true.</doc>
<status status="PASS" start="2024-05-18T12:25:18.448526" elapsed="0.000989"/>
</kw>
<status status="PASS" start="2024-05-18T12:25:18.349073" elapsed="0.100572"/>
</kw>
<doc>Testa o conteúdo específico dos campos retornados pela API.</doc>
<tag>testeConteudo</tag>
<status status="PASS" start="2024-05-18T12:25:18.348565" elapsed="0.101223"/>
</test>
<status status="PASS" start="2024-05-18T12:25:16.853092" elapsed="1.598653"/>
</suite>
<status status="PASS" start="2024-05-18T12:25:16.839733" elapsed="1.617193"/>
</suite>
<statistics>
<total>
<stat pass="5" fail="0" skip="0">All Tests</stat>
</total>
<tag>
<stat pass="1" fail="0" skip="0">testeConteudo</stat>
<stat pass="1" fail="0" skip="0">testeEstruturaResposta</stat>
<stat pass="1" fail="0" skip="0">testeRequisicaoBasica</stat>
<stat pass="1" fail="0" skip="0">testeTiposDados</stat>
</tag>
<suite>
<stat pass="5" fail="0" skip="0" id="s1" name="Tests">Tests</stat>
<stat pass="5" fail="0" skip="0" id="s1-s1" name="Random-User-Test">Tests.Random-User-Test</stat>
</suite>
</statistics>
<errors>
</errors>
</robot>
