<?xml version="1.0" encoding="UTF-8"?>
<robot generator="Robot 7.0 (Python 3.12.3 on linux)" generated="2024-05-27T22:13:03.018083" rpa="false" schemaversion="5">
<suite id="s1" name="Tests" source="/home/runner/work/ApiRandomUser/ApiRandomUser/RamdonUser/tests">
<suite id="s1-s1" name="Random-User-Test" source="/home/runner/work/ApiRandomUser/ApiRandomUser/RamdonUser/tests/random-user-test.robot">
<test id="s1-s1-t1" name="Conectar" line="13">
<kw name="Conectar API" owner="random-user-service">
<kw name="Create Session" owner="RequestsLibrary">
<msg time="2024-05-27T22:13:03.408288" level="INFO">Creating Session using : alias=consultarAPI, url=https://randomuser.me/, headers={},                     cookies={}, auth=None, timeout=None, proxies=None, verify=False,                     debug=0 </msg>
<arg>consultarAPI</arg>
<arg>${URL}</arg>
<doc>Create Session: create a HTTP session to a server</doc>
<status status="PASS" start="2024-05-27T22:13:03.408078" elapsed="0.000392"/>
</kw>
<status status="PASS" start="2024-05-27T22:13:03.406977" elapsed="0.001851"/>
</kw>
<status status="PASS" start="2024-05-27T22:13:03.406377" elapsed="0.002645"/>
</test>
<test id="s1-s1-t2" name="Validar retorno 200 e JSON Válido" line="16">
<kw name="Teste de Requisicao Basica" owner="random-user-service">
<kw name="GET On Session" owner="RequestsLibrary">
<msg time="2024-05-27T22:13:03.670044" level="INFO">GET Request : url=https://randomuser.me/api 
 path_url=/api 
 headers={'User-Agent': 'python-requests/2.32.2', 'Accept-Encoding': 'gzip, deflate', 'Accept': '*/*', 'Connection': 'keep-alive'} 
 body=None 
 </msg>
<msg time="2024-05-27T22:13:03.670206" level="INFO">GET Response : url=https://randomuser.me/api 
 status=200, reason=OK 
 headers={'Date': 'Mon, 27 May 2024 22:13:03 GMT', 'Content-Type': 'application/json; charset=utf-8', 'Transfer-Encoding': 'chunked', 'Connection': 'keep-alive', 'X-Powered-By': 'Express', 'Access-Control-Allow-Origin': '*', 'Cache-Control': 'no-cache', 'ETag': 'W/"496-xGwkoqDfkuWfLE7pxt3sFpZKa2I"', 'Vary': 'Accept-Encoding', 'Content-Encoding': 'gzip', 'CF-Cache-Status': 'DYNAMIC', 'Report-To': '{"endpoints":[{"url":"https:\\/\\/a.nel.cloudflare.com\\/report\\/v4?s=ztsIrhPBO939vA4hSBjrNyMI8Jb31sH7YMNiLLi1MSIjKrf2gL%2B3%2F4ymoxgVPr%2F7O6F5IOD%2FvhhylWcT%2Bk2ud59dncFRT%2By3sx4qDbqQAKEtZcKoCTv81l4JY46NUtEQ"}],"group":"cf-nel","max_age":604800}', 'NEL': '{"success_fraction":0,"report_to":"cf-nel","max_age":604800}', 'Server': 'cloudflare', 'CF-RAY': '88a959996bad986c-SJC', 'alt-svc': 'h3=":443"; ma=86400'} 
 body={"results":[{"gender":"male","name":{"title":"Mr","first":"Max","last":"Hella"},"location":{"street":{"number":6458,"name":"Mauritz Hansens gate"},"city":"Hjelmelandsvågen","state":"Aust-Agder","country":"Norway","postcode":"7506","coordinates":{"latitude":"40.9149","longitude":"-113.0768"},"timezone":{"offset":"0:00","description":"Western Europe Time, London, Lisbon, Casablanca"}},"email":"max.hella@example.com","login":{"uuid":"957a8411-5fba-43f5-bc8f-9ce1766a121d","username":"orangewolf662","password":"sampson","salt":"w9SNm0u9","md5":"406605f239fc4494a190914b8b27a39c","sha1":"c1dc2ce8b7f2ad072a51423193fe0c44648ecf2d","sha256":"5a99ab70690880cab441c845b6fed3f8a19680d88affcf56caa76f43f84ddab9"},"dob":{"date":"1987-12-22T18:41:45.749Z","age":36},"registered":{"date":"2020-10-06T15:18:20.072Z","age":3},"phone":"54460108","cell":"97473907","id":{"name":"FN","value":"22128734787"},"picture":{"large":"https://randomuser.me/api/portraits/men/7.jpg","medium":"https://randomuser.me/api/portraits/med/men/7.jpg","thumbnail":"https://randomuser.me/api/portraits/thumb/men/7.jpg"},"nat":"NO"}],"info":{"seed":"b0963d9f107c7d46","results":1,"page":1,"version":"1.4"}} 
 </msg>
<msg time="2024-05-27T22:13:03.670291" level="INFO">/opt/hostedtoolcache/Python/3.12.3/x64/lib/python3.12/site-packages/urllib3/connectionpool.py:1103: InsecureRequestWarning: Unverified HTTPS request is being made to host 'randomuser.me'. Adding certificate verification is strongly advised. See: https://urllib3.readthedocs.io/en/latest/advanced-usage.html#tls-warnings
  warnings.warn(</msg>
<msg time="2024-05-27T22:13:03.670434" level="INFO">${response} = &lt;Response [200]&gt;</msg>
<var>${response}</var>
<arg>consultarAPI</arg>
<arg>/api</arg>
<doc>Sends a GET request on a previously created HTTP Session.</doc>
<status status="PASS" start="2024-05-27T22:13:03.411704" elapsed="0.258772"/>
</kw>
<kw name="Should Be Equal As Numbers" owner="BuiltIn">
<msg time="2024-05-27T22:13:03.671625" level="INFO">Argument types are:
&lt;class 'int'&gt;
&lt;class 'str'&gt;</msg>
<arg>${response.status_code}</arg>
<arg>200</arg>
<doc>Fails if objects are unequal after converting them to real numbers.</doc>
<status status="PASS" start="2024-05-27T22:13:03.671128" elapsed="0.000566"/>
</kw>
<kw name="Log" owner="BuiltIn">
<msg time="2024-05-27T22:13:03.672445" level="INFO">200</msg>
<arg>${response.status_code}</arg>
<doc>Logs the given message with the given level.</doc>
<status status="PASS" start="2024-05-27T22:13:03.672091" elapsed="0.000404"/>
</kw>
<kw name="Set Variable" owner="BuiltIn">
<msg time="2024-05-27T22:13:03.673246" level="INFO">${json_data} = {'results': [{'gender': 'male', 'name': {'title': 'Mr', 'first': 'Max', 'last': 'Hella'}, 'location': {'street': {'number': 6458, 'name': 'Mauritz Hansens gate'}, 'city': 'Hjelmelandsvågen', 'state': ...</msg>
<var>${json_data}</var>
<arg>${response.json()}</arg>
<doc>Returns the given values which can then be assigned to a variables.</doc>
<status status="PASS" start="2024-05-27T22:13:03.672804" elapsed="0.000471"/>
</kw>
<kw name="Dictionary Should Contain Key" owner="Collections">
<msg time="2024-05-27T22:13:03.673756" level="INFO">False</msg>
<arg>${json_data}</arg>
<arg>results</arg>
<doc>Fails if ``key`` is not found from ``dictionary``.</doc>
<status status="PASS" start="2024-05-27T22:13:03.673581" elapsed="0.000371"/>
</kw>
<status status="PASS" start="2024-05-27T22:13:03.411453" elapsed="0.262769"/>
</kw>
<doc>Testa se a API responde corretamente e retorna um objeto JSON válido.</doc>
<tag>testeRequisicaoBasica</tag>
<status status="PASS" start="2024-05-27T22:13:03.410911" elapsed="0.263493"/>
</test>
<test id="s1-s1-t3" name="Validar estrutura de resposta" line="22">
<kw name="Teste de Estrutura de Resposta" owner="random-user-service">
<kw name="GET On Session" owner="RequestsLibrary">
<msg time="2024-05-27T22:13:03.775093" level="INFO">GET Request : url=https://randomuser.me/api 
 path_url=/api 
 headers={'User-Agent': 'python-requests/2.32.2', 'Accept-Encoding': 'gzip, deflate', 'Accept': '*/*', 'Connection': 'keep-alive'} 
 body=None 
 </msg>
<msg time="2024-05-27T22:13:03.775208" level="INFO">GET Response : url=https://randomuser.me/api 
 status=200, reason=OK 
 headers={'Date': 'Mon, 27 May 2024 22:13:03 GMT', 'Content-Type': 'application/json; charset=utf-8', 'Transfer-Encoding': 'chunked', 'Connection': 'keep-alive', 'X-Powered-By': 'Express', 'Access-Control-Allow-Origin': '*', 'Cache-Control': 'no-cache', 'ETag': 'W/"498-nx+P4jBWZAjzCFpZemPYnrjiupQ"', 'Vary': 'Accept-Encoding', 'Content-Encoding': 'gzip', 'CF-Cache-Status': 'DYNAMIC', 'Report-To': '{"endpoints":[{"url":"https:\\/\\/a.nel.cloudflare.com\\/report\\/v4?s=XBaCbW1By4%2BSDT0BrsTTYB%2FtqM%2BzGzMQ%2BeyUwktT1dzqcX0%2FOCUqGanZEF%2BfQxaA2KcZcl1ChQRfGRu2xoh1SlXnY6ZoQ9RQ0pLSyzII4r8BAzwueiqSfzQUYEg%2BKMpt"}],"group":"cf-nel","max_age":604800}', 'NEL': '{"success_fraction":0,"report_to":"cf-nel","max_age":604800}', 'Server': 'cloudflare', 'CF-RAY': '88a95999fc0a986c-SJC', 'alt-svc': 'h3=":443"; ma=86400'} 
 body={"results":[{"gender":"female","name":{"title":"Miss","first":"کیمیا","last":"کوتی"},"location":{"street":{"number":7684,"name":"آزادی"},"city":"نجف‌آباد","state":"گیلان","country":"Iran","postcode":14960,"coordinates":{"latitude":"17.1248","longitude":"168.2262"},"timezone":{"offset":"+8:00","description":"Beijing, Perth, Singapore, Hong Kong"}},"email":"khymy.khwty@example.com","login":{"uuid":"ee4dc0ce-000d-438a-a529-ff79539b3c27","username":"organiczebra992","password":"burrito","salt":"ab1mFO6v","md5":"2df291cbdbf0e890f0a3470632d70946","sha1":"f25729fd68e7bfd27df5bc0d71ba1ce25bc8d67a","sha256":"812f58efb1e5197537b2ec95d5e37679e4f1855534304ed0314e16be4021e73c"},"dob":{"date":"1970-11-11T06:49:00.249Z","age":53},"registered":{"date":"2014-05-08T13:14:40.022Z","age":10},"phone":"015-71714516","cell":"0941-308-3338","id":{"name":"","value":null},"picture":{"large":"https://randomuser.me/api/portraits/women/33.jpg","medium":"https://randomuser.me/api/portraits/med/women/33.jpg","thumbnail":"https://randomuser.me/api/portraits/thumb/women/33.jpg"},"nat":"IR"}],"info":{"seed":"23a6d7f11ff5b326","results":1,"page":1,"version":"1.4"}} 
 </msg>
<msg time="2024-05-27T22:13:03.775359" level="INFO">/opt/hostedtoolcache/Python/3.12.3/x64/lib/python3.12/site-packages/urllib3/connectionpool.py:1103: InsecureRequestWarning: Unverified HTTPS request is being made to host 'randomuser.me'. Adding certificate verification is strongly advised. See: https://urllib3.readthedocs.io/en/latest/advanced-usage.html#tls-warnings
  warnings.warn(</msg>
<msg time="2024-05-27T22:13:03.775489" level="INFO">${response} = &lt;Response [200]&gt;</msg>
<var>${response}</var>
<arg>consultarAPI</arg>
<arg>/api</arg>
<doc>Sends a GET request on a previously created HTTP Session.</doc>
<status status="PASS" start="2024-05-27T22:13:03.677419" elapsed="0.098102"/>
</kw>
<kw name="Set Variable" owner="BuiltIn">
<msg time="2024-05-27T22:13:03.776614" level="INFO">${json_data} = {'results': [{'gender': 'female', 'name': {'title': 'Miss', 'first': 'کیمیا', 'last': 'کوتی'}, 'location': {'street': {'number': 7684, 'name': 'آزادی'}, 'city': 'نجف\u200cآباد', 'state': 'گیلان', 'cou...</msg>
<var>${json_data}</var>
<arg>${response.json()}</arg>
<doc>Returns the given values which can then be assigned to a variables.</doc>
<status status="PASS" start="2024-05-27T22:13:03.776065" elapsed="0.000581"/>
</kw>
<kw name="Log" owner="BuiltIn">
<msg time="2024-05-27T22:13:03.777118" level="INFO">{'results': [{'gender': 'female', 'name': {'title': 'Miss', 'first': 'کیمیا', 'last': 'کوتی'}, 'location': {'street': {'number': 7684, 'name': 'آزادی'}, 'city': 'نجف\u200cآباد', 'state': 'گیلان', 'country': 'Iran', 'postcode': 14960, 'coordinates': {'latitude': '17.1248', 'longitude': '168.2262'}, 'timezone': {'offset': '+8:00', 'description': 'Beijing, Perth, Singapore, Hong Kong'}}, 'email': 'khymy.khwty@example.com', 'login': {'uuid': 'ee4dc0ce-000d-438a-a529-ff79539b3c27', 'username': 'organiczebra992', 'password': 'burrito', 'salt': 'ab1mFO6v', 'md5': '2df291cbdbf0e890f0a3470632d70946', 'sha1': 'f25729fd68e7bfd27df5bc0d71ba1ce25bc8d67a', 'sha256': '812f58efb1e5197537b2ec95d5e37679e4f1855534304ed0314e16be4021e73c'}, 'dob': {'date': '1970-11-11T06:49:00.249Z', 'age': 53}, 'registered': {'date': '2014-05-08T13:14:40.022Z', 'age': 10}, 'phone': '015-71714516', 'cell': '0941-308-3338', 'id': {'name': '', 'value': None}, 'picture': {'large': 'https://randomuser.me/api/portraits/women/33.jpg', 'medium': 'https://randomuser.me/api/portraits/med/women/33.jpg', 'thumbnail': 'https://randomuser.me/api/portraits/thumb/women/33.jpg'}, 'nat': 'IR'}], 'info': {'seed': '23a6d7f11ff5b326', 'results': 1, 'page': 1, 'version': '1.4'}}</msg>
<arg>${json_data}</arg>
<doc>Logs the given message with the given level.</doc>
<status status="PASS" start="2024-05-27T22:13:03.776952" elapsed="0.000216"/>
</kw>
<kw name="Dictionary Should Contain Key" owner="Collections">
<msg time="2024-05-27T22:13:03.777623" level="INFO">False</msg>
<arg>${json_data}</arg>
<arg>results</arg>
<doc>Fails if ``key`` is not found from ``dictionary``.</doc>
<status status="PASS" start="2024-05-27T22:13:03.777464" elapsed="0.000196"/>
</kw>
<kw name="Should Not Be Empty" owner="BuiltIn">
<msg time="2024-05-27T22:13:03.778088" level="INFO">Length is 2.</msg>
<arg>${json_data}</arg>
<doc>Verifies that the given item is not empty.</doc>
<status status="PASS" start="2024-05-27T22:13:03.777951" elapsed="0.000176"/>
</kw>
<kw name="Create List" owner="BuiltIn">
<msg time="2024-05-27T22:13:03.778564" level="INFO">${expected_keys} = ['gender', 'name', 'location', 'email', 'login']</msg>
<var>${expected_keys}</var>
<arg>gender</arg>
<arg>name</arg>
<arg>location</arg>
<arg>email</arg>
<arg>login</arg>
<doc>Returns a list containing given items.</doc>
<status status="PASS" start="2024-05-27T22:13:03.778417" elapsed="0.000171"/>
</kw>
<for flavor="IN">
<iter>
<kw name="Dictionary Should Contain Key" owner="Collections">
<msg time="2024-05-27T22:13:03.779580" level="INFO">False</msg>
<arg>${json_data['results'][0]}</arg>
<arg>${key}</arg>
<doc>Fails if ``key`` is not found from ``dictionary``.</doc>
<status status="PASS" start="2024-05-27T22:13:03.779168" elapsed="0.000451"/>
</kw>
<kw name="Log" owner="BuiltIn">
<msg time="2024-05-27T22:13:03.780343" level="INFO">{'gender': 'female', 'name': {'title': 'Miss', 'first': 'کیمیا', 'last': 'کوتی'}, 'location': {'street': {'number': 7684, 'name': 'آزادی'}, 'city': 'نجف\u200cآباد', 'state': 'گیلان', 'country': 'Iran', 'postcode': 14960, 'coordinates': {'latitude': '17.1248', 'longitude': '168.2262'}, 'timezone': {'offset': '+8:00', 'description': 'Beijing, Perth, Singapore, Hong Kong'}}, 'email': 'khymy.khwty@example.com', 'login': {'uuid': 'ee4dc0ce-000d-438a-a529-ff79539b3c27', 'username': 'organiczebra992', 'password': 'burrito', 'salt': 'ab1mFO6v', 'md5': '2df291cbdbf0e890f0a3470632d70946', 'sha1': 'f25729fd68e7bfd27df5bc0d71ba1ce25bc8d67a', 'sha256': '812f58efb1e5197537b2ec95d5e37679e4f1855534304ed0314e16be4021e73c'}, 'dob': {'date': '1970-11-11T06:49:00.249Z', 'age': 53}, 'registered': {'date': '2014-05-08T13:14:40.022Z', 'age': 10}, 'phone': '015-71714516', 'cell': '0941-308-3338', 'id': {'name': '', 'value': None}, 'picture': {'large': 'https://randomuser.me/api/portraits/women/33.jpg', 'medium': 'https://randomuser.me/api/portraits/med/women/33.jpg', 'thumbnail': 'https://randomuser.me/api/portraits/thumb/women/33.jpg'}, 'nat': 'IR'}</msg>
<arg>${json_data['results'][0]}</arg>
<doc>Logs the given message with the given level.</doc>
<status status="PASS" start="2024-05-27T22:13:03.779967" elapsed="0.000430"/>
</kw>
<kw name="Log" owner="BuiltIn">
<msg time="2024-05-27T22:13:03.780831" level="INFO">gender</msg>
<arg>${key}</arg>
<doc>Logs the given message with the given level.</doc>
<status status="PASS" start="2024-05-27T22:13:03.780700" elapsed="0.000169"/>
</kw>
<var name="${key}">gender</var>
<status status="PASS" start="2024-05-27T22:13:03.779039" elapsed="0.002044"/>
</iter>
<iter>
<kw name="Dictionary Should Contain Key" owner="Collections">
<msg time="2024-05-27T22:13:03.781765" level="INFO">False</msg>
<arg>${json_data['results'][0]}</arg>
<arg>${key}</arg>
<doc>Fails if ``key`` is not found from ``dictionary``.</doc>
<status status="PASS" start="2024-05-27T22:13:03.781380" elapsed="0.000423"/>
</kw>
<kw name="Log" owner="BuiltIn">
<msg time="2024-05-27T22:13:03.782505" level="INFO">{'gender': 'female', 'name': {'title': 'Miss', 'first': 'کیمیا', 'last': 'کوتی'}, 'location': {'street': {'number': 7684, 'name': 'آزادی'}, 'city': 'نجف\u200cآباد', 'state': 'گیلان', 'country': 'Iran', 'postcode': 14960, 'coordinates': {'latitude': '17.1248', 'longitude': '168.2262'}, 'timezone': {'offset': '+8:00', 'description': 'Beijing, Perth, Singapore, Hong Kong'}}, 'email': 'khymy.khwty@example.com', 'login': {'uuid': 'ee4dc0ce-000d-438a-a529-ff79539b3c27', 'username': 'organiczebra992', 'password': 'burrito', 'salt': 'ab1mFO6v', 'md5': '2df291cbdbf0e890f0a3470632d70946', 'sha1': 'f25729fd68e7bfd27df5bc0d71ba1ce25bc8d67a', 'sha256': '812f58efb1e5197537b2ec95d5e37679e4f1855534304ed0314e16be4021e73c'}, 'dob': {'date': '1970-11-11T06:49:00.249Z', 'age': 53}, 'registered': {'date': '2014-05-08T13:14:40.022Z', 'age': 10}, 'phone': '015-71714516', 'cell': '0941-308-3338', 'id': {'name': '', 'value': None}, 'picture': {'large': 'https://randomuser.me/api/portraits/women/33.jpg', 'medium': 'https://randomuser.me/api/portraits/med/women/33.jpg', 'thumbnail': 'https://randomuser.me/api/portraits/thumb/women/33.jpg'}, 'nat': 'IR'}</msg>
<arg>${json_data['results'][0]}</arg>
<doc>Logs the given message with the given level.</doc>
<status status="PASS" start="2024-05-27T22:13:03.782132" elapsed="0.000424"/>
</kw>
<kw name="Log" owner="BuiltIn">
<msg time="2024-05-27T22:13:03.782984" level="INFO">name</msg>
<arg>${key}</arg>
<doc>Logs the given message with the given level.</doc>
<status status="PASS" start="2024-05-27T22:13:03.782855" elapsed="0.000166"/>
</kw>
<var name="${key}">name</var>
<status status="PASS" start="2024-05-27T22:13:03.781266" elapsed="0.001975"/>
</iter>
<iter>
<kw name="Dictionary Should Contain Key" owner="Collections">
<msg time="2024-05-27T22:13:03.783962" level="INFO">False</msg>
<arg>${json_data['results'][0]}</arg>
<arg>${key}</arg>
<doc>Fails if ``key`` is not found from ``dictionary``.</doc>
<status status="PASS" start="2024-05-27T22:13:03.783532" elapsed="0.000470"/>
</kw>
<kw name="Log" owner="BuiltIn">
<msg time="2024-05-27T22:13:03.784689" level="INFO">{'gender': 'female', 'name': {'title': 'Miss', 'first': 'کیمیا', 'last': 'کوتی'}, 'location': {'street': {'number': 7684, 'name': 'آزادی'}, 'city': 'نجف\u200cآباد', 'state': 'گیلان', 'country': 'Iran', 'postcode': 14960, 'coordinates': {'latitude': '17.1248', 'longitude': '168.2262'}, 'timezone': {'offset': '+8:00', 'description': 'Beijing, Perth, Singapore, Hong Kong'}}, 'email': 'khymy.khwty@example.com', 'login': {'uuid': 'ee4dc0ce-000d-438a-a529-ff79539b3c27', 'username': 'organiczebra992', 'password': 'burrito', 'salt': 'ab1mFO6v', 'md5': '2df291cbdbf0e890f0a3470632d70946', 'sha1': 'f25729fd68e7bfd27df5bc0d71ba1ce25bc8d67a', 'sha256': '812f58efb1e5197537b2ec95d5e37679e4f1855534304ed0314e16be4021e73c'}, 'dob': {'date': '1970-11-11T06:49:00.249Z', 'age': 53}, 'registered': {'date': '2014-05-08T13:14:40.022Z', 'age': 10}, 'phone': '015-71714516', 'cell': '0941-308-3338', 'id': {'name': '', 'value': None}, 'picture': {'large': 'https://randomuser.me/api/portraits/women/33.jpg', 'medium': 'https://randomuser.me/api/portraits/med/women/33.jpg', 'thumbnail': 'https://randomuser.me/api/portraits/thumb/women/33.jpg'}, 'nat': 'IR'}</msg>
<arg>${json_data['results'][0]}</arg>
<doc>Logs the given message with the given level.</doc>
<status status="PASS" start="2024-05-27T22:13:03.784312" elapsed="0.000430"/>
</kw>
<kw name="Log" owner="BuiltIn">
<msg time="2024-05-27T22:13:03.785177" level="INFO">location</msg>
<arg>${key}</arg>
<doc>Logs the given message with the given level.</doc>
<status status="PASS" start="2024-05-27T22:13:03.785047" elapsed="0.000168"/>
</kw>
<var name="${key}">location</var>
<status status="PASS" start="2024-05-27T22:13:03.783419" elapsed="0.002012"/>
</iter>
<iter>
<kw name="Dictionary Should Contain Key" owner="Collections">
<msg time="2024-05-27T22:13:03.786207" level="INFO">False</msg>
<arg>${json_data['results'][0]}</arg>
<arg>${key}</arg>
<doc>Fails if ``key`` is not found from ``dictionary``.</doc>
<status status="PASS" start="2024-05-27T22:13:03.785714" elapsed="0.000531"/>
</kw>
<kw name="Log" owner="BuiltIn">
<msg time="2024-05-27T22:13:03.786918" level="INFO">{'gender': 'female', 'name': {'title': 'Miss', 'first': 'کیمیا', 'last': 'کوتی'}, 'location': {'street': {'number': 7684, 'name': 'آزادی'}, 'city': 'نجف\u200cآباد', 'state': 'گیلان', 'country': 'Iran', 'postcode': 14960, 'coordinates': {'latitude': '17.1248', 'longitude': '168.2262'}, 'timezone': {'offset': '+8:00', 'description': 'Beijing, Perth, Singapore, Hong Kong'}}, 'email': 'khymy.khwty@example.com', 'login': {'uuid': 'ee4dc0ce-000d-438a-a529-ff79539b3c27', 'username': 'organiczebra992', 'password': 'burrito', 'salt': 'ab1mFO6v', 'md5': '2df291cbdbf0e890f0a3470632d70946', 'sha1': 'f25729fd68e7bfd27df5bc0d71ba1ce25bc8d67a', 'sha256': '812f58efb1e5197537b2ec95d5e37679e4f1855534304ed0314e16be4021e73c'}, 'dob': {'date': '1970-11-11T06:49:00.249Z', 'age': 53}, 'registered': {'date': '2014-05-08T13:14:40.022Z', 'age': 10}, 'phone': '015-71714516', 'cell': '0941-308-3338', 'id': {'name': '', 'value': None}, 'picture': {'large': 'https://randomuser.me/api/portraits/women/33.jpg', 'medium': 'https://randomuser.me/api/portraits/med/women/33.jpg', 'thumbnail': 'https://randomuser.me/api/portraits/thumb/women/33.jpg'}, 'nat': 'IR'}</msg>
<arg>${json_data['results'][0]}</arg>
<doc>Logs the given message with the given level.</doc>
<status status="PASS" start="2024-05-27T22:13:03.786552" elapsed="0.000417"/>
</kw>
<kw name="Log" owner="BuiltIn">
<msg time="2024-05-27T22:13:03.787399" level="INFO">email</msg>
<arg>${key}</arg>
<doc>Logs the given message with the given level.</doc>
<status status="PASS" start="2024-05-27T22:13:03.787269" elapsed="0.000167"/>
</kw>
<var name="${key}">email</var>
<status status="PASS" start="2024-05-27T22:13:03.785603" elapsed="0.002049"/>
</iter>
<iter>
<kw name="Dictionary Should Contain Key" owner="Collections">
<msg time="2024-05-27T22:13:03.788389" level="INFO">False</msg>
<arg>${json_data['results'][0]}</arg>
<arg>${key}</arg>
<doc>Fails if ``key`` is not found from ``dictionary``.</doc>
<status status="PASS" start="2024-05-27T22:13:03.788000" elapsed="0.000428"/>
</kw>
<kw name="Log" owner="BuiltIn">
<msg time="2024-05-27T22:13:03.789104" level="INFO">{'gender': 'female', 'name': {'title': 'Miss', 'first': 'کیمیا', 'last': 'کوتی'}, 'location': {'street': {'number': 7684, 'name': 'آزادی'}, 'city': 'نجف\u200cآباد', 'state': 'گیلان', 'country': 'Iran', 'postcode': 14960, 'coordinates': {'latitude': '17.1248', 'longitude': '168.2262'}, 'timezone': {'offset': '+8:00', 'description': 'Beijing, Perth, Singapore, Hong Kong'}}, 'email': 'khymy.khwty@example.com', 'login': {'uuid': 'ee4dc0ce-000d-438a-a529-ff79539b3c27', 'username': 'organiczebra992', 'password': 'burrito', 'salt': 'ab1mFO6v', 'md5': '2df291cbdbf0e890f0a3470632d70946', 'sha1': 'f25729fd68e7bfd27df5bc0d71ba1ce25bc8d67a', 'sha256': '812f58efb1e5197537b2ec95d5e37679e4f1855534304ed0314e16be4021e73c'}, 'dob': {'date': '1970-11-11T06:49:00.249Z', 'age': 53}, 'registered': {'date': '2014-05-08T13:14:40.022Z', 'age': 10}, 'phone': '015-71714516', 'cell': '0941-308-3338', 'id': {'name': '', 'value': None}, 'picture': {'large': 'https://randomuser.me/api/portraits/women/33.jpg', 'medium': 'https://randomuser.me/api/portraits/med/women/33.jpg', 'thumbnail': 'https://randomuser.me/api/portraits/thumb/women/33.jpg'}, 'nat': 'IR'}</msg>
<arg>${json_data['results'][0]}</arg>
<doc>Logs the given message with the given level.</doc>
<status status="PASS" start="2024-05-27T22:13:03.788735" elapsed="0.000421"/>
</kw>
<kw name="Log" owner="BuiltIn">
<msg time="2024-05-27T22:13:03.789581" level="INFO">login</msg>
<arg>${key}</arg>
<doc>Logs the given message with the given level.</doc>
<status status="PASS" start="2024-05-27T22:13:03.789452" elapsed="0.000167"/>
</kw>
<var name="${key}">login</var>
<status status="PASS" start="2024-05-27T22:13:03.787883" elapsed="0.001977"/>
</iter>
<var>${key}</var>
<value>@{expected_keys}</value>
<status status="PASS" start="2024-05-27T22:13:03.778847" elapsed="0.011139"/>
</for>
<kw name="Create List" owner="BuiltIn">
<msg time="2024-05-27T22:13:03.790336" level="INFO">${expected_keysTwo} = ['username', 'password']</msg>
<var>${expected_keysTwo}</var>
<arg>username</arg>
<arg>password</arg>
<doc>Returns a list containing given items.</doc>
<status status="PASS" start="2024-05-27T22:13:03.790197" elapsed="0.000163"/>
</kw>
<for flavor="IN">
<iter>
<kw name="Dictionary Should Contain Key" owner="Collections">
<msg time="2024-05-27T22:13:03.791240" level="INFO">False</msg>
<arg>${json_data['results'][0]['login']}</arg>
<arg>${keyTwo}</arg>
<doc>Fails if ``key`` is not found from ``dictionary``.</doc>
<status status="PASS" start="2024-05-27T22:13:03.790853" elapsed="0.000426"/>
</kw>
<kw name="Dictionary Should Contain Key" owner="Collections">
<msg time="2024-05-27T22:13:03.791981" level="INFO">False</msg>
<arg>${json_data['results'][0]['login']}</arg>
<arg>${keyTwo}</arg>
<doc>Fails if ``key`` is not found from ``dictionary``.</doc>
<status status="PASS" start="2024-05-27T22:13:03.791575" elapsed="0.000445"/>
</kw>
<kw name="Log" owner="BuiltIn">
<msg time="2024-05-27T22:13:03.792443" level="INFO">username</msg>
<arg>${keyTwo}</arg>
<doc>Logs the given message with the given level.</doc>
<status status="PASS" start="2024-05-27T22:13:03.792314" elapsed="0.000167"/>
</kw>
<var name="${keyTwo}">username</var>
<status status="PASS" start="2024-05-27T22:13:03.790745" elapsed="0.001952"/>
</iter>
<iter>
<kw name="Dictionary Should Contain Key" owner="Collections">
<msg time="2024-05-27T22:13:03.793365" level="INFO">False</msg>
<arg>${json_data['results'][0]['login']}</arg>
<arg>${keyTwo}</arg>
<doc>Fails if ``key`` is not found from ``dictionary``.</doc>
<status status="PASS" start="2024-05-27T22:13:03.792979" elapsed="0.000425"/>
</kw>
<kw name="Dictionary Should Contain Key" owner="Collections">
<msg time="2024-05-27T22:13:03.794121" level="INFO">False</msg>
<arg>${json_data['results'][0]['login']}</arg>
<arg>${keyTwo}</arg>
<doc>Fails if ``key`` is not found from ``dictionary``.</doc>
<status status="PASS" start="2024-05-27T22:13:03.793734" elapsed="0.000424"/>
</kw>
<kw name="Log" owner="BuiltIn">
<msg time="2024-05-27T22:13:03.794584" level="INFO">password</msg>
<arg>${keyTwo}</arg>
<doc>Logs the given message with the given level.</doc>
<status status="PASS" start="2024-05-27T22:13:03.794455" elapsed="0.000176"/>
</kw>
<var name="${keyTwo}">password</var>
<status status="PASS" start="2024-05-27T22:13:03.792867" elapsed="0.001982"/>
</iter>
<var>${keyTwo}</var>
<value>@{expected_keysTwo}</value>
<status status="PASS" start="2024-05-27T22:13:03.790595" elapsed="0.004374"/>
</for>
<status status="PASS" start="2024-05-27T22:13:03.677076" elapsed="0.118036"/>
</kw>
<doc>Testa a estrutura da resposta da API.</doc>
<tag>testeEstruturaResposta</tag>
<status status="PASS" start="2024-05-27T22:13:03.676291" elapsed="0.118997"/>
</test>
<test id="s1-s1-t4" name="Validar tipos de dados" line="28">
<kw name="Teste de Tipos de Dados" owner="random-user-service">
<kw name="GET On Session" owner="RequestsLibrary">
<msg time="2024-05-27T22:13:03.890471" level="INFO">GET Request : url=https://randomuser.me/api 
 path_url=/api 
 headers={'User-Agent': 'python-requests/2.32.2', 'Accept-Encoding': 'gzip, deflate', 'Accept': '*/*', 'Connection': 'keep-alive'} 
 body=None 
 </msg>
<msg time="2024-05-27T22:13:03.890577" level="INFO">GET Response : url=https://randomuser.me/api 
 status=200, reason=OK 
 headers={'Date': 'Mon, 27 May 2024 22:13:03 GMT', 'Content-Type': 'application/json; charset=utf-8', 'Transfer-Encoding': 'chunked', 'Connection': 'keep-alive', 'X-Powered-By': 'Express', 'Access-Control-Allow-Origin': '*', 'Cache-Control': 'no-cache', 'ETag': 'W/"4a1-nV4ye+nwJV1NNC5VhQVySCkZ9rQ"', 'Vary': 'Accept-Encoding', 'Content-Encoding': 'gzip', 'CF-Cache-Status': 'DYNAMIC', 'Report-To': '{"endpoints":[{"url":"https:\\/\\/a.nel.cloudflare.com\\/report\\/v4?s=UzUtsLi3R55uDZE4F0MTElEVI7c2wuKadJ0HmsbXC%2B%2FJtiMnecvmzU7%2Fen04A40h007waMSoq0Szbl2H2HQv78E73CW64r2yr96UNoG%2BdRMvX1P709WspGVZc0yA4T28"}],"group":"cf-nel","max_age":604800}', 'NEL': '{"success_fraction":0,"report_to":"cf-nel","max_age":604800}', 'Server': 'cloudflare', 'CF-RAY': '88a9599acc82986c-SJC', 'alt-svc': 'h3=":443"; ma=86400'} 
 body={"results":[{"gender":"female","name":{"title":"Miss","first":"Oona","last":"Kotila"},"location":{"street":{"number":3479,"name":"Esplanadi"},"city":"Juupajoki","state":"Central Finland","country":"Finland","postcode":50099,"coordinates":{"latitude":"-25.4937","longitude":"148.5630"},"timezone":{"offset":"-6:00","description":"Central Time (US &amp; Canada), Mexico City"}},"email":"oona.kotila@example.com","login":{"uuid":"b6335130-7813-4825-bcf8-5bd3364b0c04","username":"lazygoose741","password":"wannabe","salt":"IhnFiwpV","md5":"e5f25b6f0fa2eda693b345f1c0654e3f","sha1":"c8345f2603270f289abcfba64c438db000219fd6","sha256":"9ef32d8d3566d38d4b8ad6f5ef130ca5f3f4bead77939436a7d160c48dfeff54"},"dob":{"date":"1993-09-03T12:29:52.524Z","age":30},"registered":{"date":"2006-11-24T05:22:56.344Z","age":17},"phone":"05-270-703","cell":"049-741-94-28","id":{"name":"HETU","value":"NaNNA372undefined"},"picture":{"large":"https://randomuser.me/api/portraits/women/19.jpg","medium":"https://randomuser.me/api/portraits/med/women/19.jpg","thumbnail":"https://randomuser.me/api/portraits/thumb/women/19.jpg"},"nat":"FI"}],"info":{"seed":"bcd2afed23028e73","results":1,"page":1,"version":"1.4"}} 
 </msg>
<msg time="2024-05-27T22:13:03.890656" level="INFO">/opt/hostedtoolcache/Python/3.12.3/x64/lib/python3.12/site-packages/urllib3/connectionpool.py:1103: InsecureRequestWarning: Unverified HTTPS request is being made to host 'randomuser.me'. Adding certificate verification is strongly advised. See: https://urllib3.readthedocs.io/en/latest/advanced-usage.html#tls-warnings
  warnings.warn(</msg>
<msg time="2024-05-27T22:13:03.890795" level="INFO">${response} = &lt;Response [200]&gt;</msg>
<var>${response}</var>
<arg>consultarAPI</arg>
<arg>/api</arg>
<doc>Sends a GET request on a previously created HTTP Session.</doc>
<status status="PASS" start="2024-05-27T22:13:03.797903" elapsed="0.092940"/>
</kw>
<kw name="Set Variable" owner="BuiltIn">
<msg time="2024-05-27T22:13:03.891906" level="INFO">${json_data} = {'results': [{'gender': 'female', 'name': {'title': 'Miss', 'first': 'Oona', 'last': 'Kotila'}, 'location': {'street': {'number': 3479, 'name': 'Esplanadi'}, 'city': 'Juupajoki', 'state': 'Central Fin...</msg>
<var>${json_data}</var>
<arg>${response.json()}</arg>
<doc>Returns the given values which can then be assigned to a variables.</doc>
<status status="PASS" start="2024-05-27T22:13:03.891356" elapsed="0.000580"/>
</kw>
<kw name="Log" owner="BuiltIn">
<msg time="2024-05-27T22:13:03.892449" level="INFO">{'results': [{'gender': 'female', 'name': {'title': 'Miss', 'first': 'Oona', 'last': 'Kotila'}, 'location': {'street': {'number': 3479, 'name': 'Esplanadi'}, 'city': 'Juupajoki', 'state': 'Central Finland', 'country': 'Finland', 'postcode': 50099, 'coordinates': {'latitude': '-25.4937', 'longitude': '148.5630'}, 'timezone': {'offset': '-6:00', 'description': 'Central Time (US &amp; Canada), Mexico City'}}, 'email': 'oona.kotila@example.com', 'login': {'uuid': 'b6335130-7813-4825-bcf8-5bd3364b0c04', 'username': 'lazygoose741', 'password': 'wannabe', 'salt': 'IhnFiwpV', 'md5': 'e5f25b6f0fa2eda693b345f1c0654e3f', 'sha1': 'c8345f2603270f289abcfba64c438db000219fd6', 'sha256': '9ef32d8d3566d38d4b8ad6f5ef130ca5f3f4bead77939436a7d160c48dfeff54'}, 'dob': {'date': '1993-09-03T12:29:52.524Z', 'age': 30}, 'registered': {'date': '2006-11-24T05:22:56.344Z', 'age': 17}, 'phone': '05-270-703', 'cell': '049-741-94-28', 'id': {'name': 'HETU', 'value': 'NaNNA372undefined'}, 'picture': {'large': 'https://randomuser.me/api/portraits/women/19.jpg', 'medium': 'https://randomuser.me/api/portraits/med/women/19.jpg', 'thumbnail': 'https://randomuser.me/api/portraits/thumb/women/19.jpg'}, 'nat': 'FI'}], 'info': {'seed': 'bcd2afed23028e73', 'results': 1, 'page': 1, 'version': '1.4'}}</msg>
<arg>${json_data}</arg>
<doc>Logs the given message with the given level.</doc>
<status status="PASS" start="2024-05-27T22:13:03.892281" elapsed="0.000259"/>
</kw>
<kw name="Should Be String" owner="String">
<arg>${json_data['results'][0]['gender']}</arg>
<doc>Fails if the given ``item`` is not a string.</doc>
<status status="PASS" start="2024-05-27T22:13:03.892854" elapsed="0.000378"/>
</kw>
<kw name="Should Match Regexp" owner="BuiltIn">
<arg>${json_data['results'][0]['email']}</arg>
<arg>^[a-zA-Z0-9._%+-]+@[a-zA-Z0-9.-]+\.[a-zA-Z]{2,}$</arg>
<doc>Fails if ``string`` does not match ``pattern`` as a regular expression.</doc>
<status status="PASS" start="2024-05-27T22:13:03.893428" elapsed="0.000665"/>
</kw>
<kw name="Should Match Regexp" owner="BuiltIn">
<arg>${json_data['results'][0]['dob']['date']}</arg>
<arg>\\d{4}-\\d{2}-\\d{2}T\\d{2}:\\d{2}:\\d{2}\\.\\d{3}Z</arg>
<doc>Fails if ``string`` does not match ``pattern`` as a regular expression.</doc>
<status status="PASS" start="2024-05-27T22:13:03.894293" elapsed="0.000489"/>
</kw>
<kw name="Should Match Regexp" owner="BuiltIn">
<arg>${json_data['results'][0]['registered']['date']}</arg>
<arg>\\d{4}-\\d{2}-\\d{2}T\\d{2}:\\d{2}:\\d{2}\\.\\d{3}Z</arg>
<doc>Fails if ``string`` does not match ``pattern`` as a regular expression.</doc>
<status status="PASS" start="2024-05-27T22:13:03.894977" elapsed="0.000381"/>
</kw>
<kw name="Should Match Regexp" owner="BuiltIn">
<arg>${json_data['results'][0]['picture']['large']}</arg>
<arg>^https?://.*\.(?:png|jpe?g|gif|bmp)$</arg>
<doc>Fails if ``string`` does not match ``pattern`` as a regular expression.</doc>
<status status="PASS" start="2024-05-27T22:13:03.895548" elapsed="0.000519"/>
</kw>
<kw name="Should Match Regexp" owner="BuiltIn">
<arg>${json_data['results'][0]['picture']['medium']}</arg>
<arg>^https?://.*\.(?:png|jpe?g|gif|bmp)$</arg>
<doc>Fails if ``string`` does not match ``pattern`` as a regular expression.</doc>
<status status="PASS" start="2024-05-27T22:13:03.896264" elapsed="0.000359"/>
</kw>
<kw name="Should Match Regexp" owner="BuiltIn">
<arg>${json_data['results'][0]['picture']['thumbnail']}</arg>
<arg>^https?://.*\.(?:png|jpe?g|gif|bmp)$</arg>
<doc>Fails if ``string`` does not match ``pattern`` as a regular expression.</doc>
<status status="PASS" start="2024-05-27T22:13:03.896812" elapsed="0.000349"/>
</kw>
<kw name="Log" owner="BuiltIn">
<msg time="2024-05-27T22:13:03.897666" level="INFO">{'large': 'https://randomuser.me/api/portraits/women/19.jpg', 'medium': 'https://randomuser.me/api/portraits/med/women/19.jpg', 'thumbnail': 'https://randomuser.me/api/portraits/thumb/women/19.jpg'}</msg>
<arg>${json_data['results'][0]['picture']}</arg>
<doc>Logs the given message with the given level.</doc>
<status status="PASS" start="2024-05-27T22:13:03.897342" elapsed="0.000367"/>
</kw>
<status status="PASS" start="2024-05-27T22:13:03.797661" elapsed="0.100319"/>
</kw>
<kw name="Teste de Tipos de Dados - Postcode" owner="random-user-service">
<kw name="GET On Session" owner="RequestsLibrary">
<msg time="2024-05-27T22:13:03.987627" level="INFO">GET Request : url=https://randomuser.me/api 
 path_url=/api 
 headers={'User-Agent': 'python-requests/2.32.2', 'Accept-Encoding': 'gzip, deflate', 'Accept': '*/*', 'Connection': 'keep-alive'} 
 body=None 
 </msg>
<msg time="2024-05-27T22:13:03.987765" level="INFO">GET Response : url=https://randomuser.me/api 
 status=200, reason=OK 
 headers={'Date': 'Mon, 27 May 2024 22:13:03 GMT', 'Content-Type': 'application/json; charset=utf-8', 'Transfer-Encoding': 'chunked', 'Connection': 'keep-alive', 'X-Powered-By': 'Express', 'Access-Control-Allow-Origin': '*', 'Cache-Control': 'no-cache', 'ETag': 'W/"483-OeGC3s/sHtQi+SDYuvKvi/TIRck"', 'Vary': 'Accept-Encoding', 'Content-Encoding': 'gzip', 'CF-Cache-Status': 'DYNAMIC', 'Report-To': '{"endpoints":[{"url":"https:\\/\\/a.nel.cloudflare.com\\/report\\/v4?s=Q9VtF%2FKkQQwgeTDwAzOzLFL2WqKate2p%2FBRhUWFPpLQKJdyabUKZRJH2ariaPS9rfSPqvSyqTVSHrV7EVNHbJ%2BLgcgNjhdHZ4dYy2sQwcvHdz7hwYGE1mRBCLHoxopMf"}],"group":"cf-nel","max_age":604800}', 'NEL': '{"success_fraction":0,"report_to":"cf-nel","max_age":604800}', 'Server': 'cloudflare', 'CF-RAY': '88a9599b5cf9986c-SJC', 'alt-svc': 'h3=":443"; ma=86400'} 
 body={"results":[{"gender":"female","name":{"title":"Miss","first":"Olive","last":"Wilson"},"location":{"street":{"number":5486,"name":"Carlton Avenue"},"city":"New Plymouth","state":"Otago","country":"New Zealand","postcode":31883,"coordinates":{"latitude":"47.3474","longitude":"36.9725"},"timezone":{"offset":"+7:00","description":"Bangkok, Hanoi, Jakarta"}},"email":"olive.wilson@example.com","login":{"uuid":"be2c8189-3086-4805-9441-f9a8ee7a9007","username":"bigzebra609","password":"doobie","salt":"aFAIavfq","md5":"712e79d3a1c80d63775d590e40b7b84f","sha1":"55f9f89edc8d6ef4eaf5fcd0726a6ab83101d102","sha256":"afc3666f0523b38c528e2e369809d9ea05f0d1f9d0841c81cf48f50f1a54b5fa"},"dob":{"date":"1983-06-09T22:56:39.609Z","age":40},"registered":{"date":"2013-01-30T20:30:36.786Z","age":11},"phone":"(946)-500-4577","cell":"(375)-175-4374","id":{"name":"","value":null},"picture":{"large":"https://randomuser.me/api/portraits/women/88.jpg","medium":"https://randomuser.me/api/portraits/med/women/88.jpg","thumbnail":"https://randomuser.me/api/portraits/thumb/women/88.jpg"},"nat":"NZ"}],"info":{"seed":"c83da51d27959404","results":1,"page":1,"version":"1.4"}} 
 </msg>
<msg time="2024-05-27T22:13:03.987838" level="INFO">/opt/hostedtoolcache/Python/3.12.3/x64/lib/python3.12/site-packages/urllib3/connectionpool.py:1103: InsecureRequestWarning: Unverified HTTPS request is being made to host 'randomuser.me'. Adding certificate verification is strongly advised. See: https://urllib3.readthedocs.io/en/latest/advanced-usage.html#tls-warnings
  warnings.warn(</msg>
<msg time="2024-05-27T22:13:03.987958" level="INFO">${response} = &lt;Response [200]&gt;</msg>
<var>${response}</var>
<arg>consultarAPI</arg>
<arg>/api</arg>
<doc>Sends a GET request on a previously created HTTP Session.</doc>
<status status="PASS" start="2024-05-27T22:13:03.898444" elapsed="0.089553"/>
</kw>
<kw name="Set Variable" owner="BuiltIn">
<msg time="2024-05-27T22:13:03.989166" level="INFO">${json_data} = {'results': [{'gender': 'female', 'name': {'title': 'Miss', 'first': 'Olive', 'last': 'Wilson'}, 'location': {'street': {'number': 5486, 'name': 'Carlton Avenue'}, 'city': 'New Plymouth', 'state': 'Ot...</msg>
<var>${json_data}</var>
<arg>${response.json()}</arg>
<doc>Returns the given values which can then be assigned to a variables.</doc>
<status status="PASS" start="2024-05-27T22:13:03.988600" elapsed="0.000595"/>
</kw>
<kw name="Log" owner="BuiltIn">
<msg time="2024-05-27T22:13:03.989671" level="INFO">{'results': [{'gender': 'female', 'name': {'title': 'Miss', 'first': 'Olive', 'last': 'Wilson'}, 'location': {'street': {'number': 5486, 'name': 'Carlton Avenue'}, 'city': 'New Plymouth', 'state': 'Otago', 'country': 'New Zealand', 'postcode': 31883, 'coordinates': {'latitude': '47.3474', 'longitude': '36.9725'}, 'timezone': {'offset': '+7:00', 'description': 'Bangkok, Hanoi, Jakarta'}}, 'email': 'olive.wilson@example.com', 'login': {'uuid': 'be2c8189-3086-4805-9441-f9a8ee7a9007', 'username': 'bigzebra609', 'password': 'doobie', 'salt': 'aFAIavfq', 'md5': '712e79d3a1c80d63775d590e40b7b84f', 'sha1': '55f9f89edc8d6ef4eaf5fcd0726a6ab83101d102', 'sha256': 'afc3666f0523b38c528e2e369809d9ea05f0d1f9d0841c81cf48f50f1a54b5fa'}, 'dob': {'date': '1983-06-09T22:56:39.609Z', 'age': 40}, 'registered': {'date': '2013-01-30T20:30:36.786Z', 'age': 11}, 'phone': '(946)-500-4577', 'cell': '(375)-175-4374', 'id': {'name': '', 'value': None}, 'picture': {'large': 'https://randomuser.me/api/portraits/women/88.jpg', 'medium': 'https://randomuser.me/api/portraits/med/women/88.jpg', 'thumbnail': 'https://randomuser.me/api/portraits/thumb/women/88.jpg'}, 'nat': 'NZ'}], 'info': {'seed': 'c83da51d27959404', 'results': 1, 'page': 1, 'version': '1.4'}}</msg>
<arg>${json_data}</arg>
<doc>Logs the given message with the given level.</doc>
<status status="PASS" start="2024-05-27T22:13:03.989515" elapsed="0.000237"/>
</kw>
<kw name="Should Be Equal As Numbers" owner="BuiltIn">
<arg>${json_data['results'][0]['location']['postcode']}</arg>
<arg>${json_data['results'][0]['location']['postcode']}</arg>
<doc>Fails if objects are unequal after converting them to real numbers.</doc>
<status status="PASS" start="2024-05-27T22:13:03.990059" elapsed="0.000616"/>
</kw>
<kw name="Log" owner="BuiltIn">
<msg time="2024-05-27T22:13:03.991206" level="INFO">31883</msg>
<arg>${json_data['results'][0]['location']['postcode']}</arg>
<doc>Logs the given message with the given level.</doc>
<status status="PASS" start="2024-05-27T22:13:03.990871" elapsed="0.000375"/>
</kw>
<status status="PASS" start="2024-05-27T22:13:03.898207" elapsed="0.093303"/>
</kw>
<doc>Testa se os tipos de dados na resposta da API estão corretos.</doc>
<tag>testeTiposDados</tag>
<status status="PASS" start="2024-05-27T22:13:03.797177" elapsed="0.194502"/>
</test>
<test id="s1-s1-t5" name="Validar conteudo" line="35">
<kw name="Teste de Tipos de Conteudo" owner="random-user-service">
<kw name="GET On Session" owner="RequestsLibrary">
<msg time="2024-05-27T22:13:04.103956" level="INFO">GET Request : url=https://randomuser.me/api 
 path_url=/api 
 headers={'User-Agent': 'python-requests/2.32.2', 'Accept-Encoding': 'gzip, deflate', 'Accept': '*/*', 'Connection': 'keep-alive'} 
 body=None 
 </msg>
<msg time="2024-05-27T22:13:04.104056" level="INFO">GET Response : url=https://randomuser.me/api 
 status=200, reason=OK 
 headers={'Date': 'Mon, 27 May 2024 22:13:04 GMT', 'Content-Type': 'application/json; charset=utf-8', 'Transfer-Encoding': 'chunked', 'Connection': 'keep-alive', 'X-Powered-By': 'Express', 'Access-Control-Allow-Origin': '*', 'Cache-Control': 'no-cache', 'ETag': 'W/"480-dPiQHh69WECbaqJC/xC7SSTloKU"', 'Vary': 'Accept-Encoding', 'Content-Encoding': 'gzip', 'CF-Cache-Status': 'DYNAMIC', 'Report-To': '{"endpoints":[{"url":"https:\\/\\/a.nel.cloudflare.com\\/report\\/v4?s=j4W%2BZaTjgufZW7Er%2BacmzQu630mrpnx3Wo40QoW2Xg3PGG5KqqqMuq03%2FB6gbIhbf8wI4GmjLo5RN5b9tiidcNbyfVEAnUJFphP25DOnv9%2Fq0ZOt5tFlBBOvBrDjHk3m"}],"group":"cf-nel","max_age":604800}', 'NEL': '{"success_fraction":0,"report_to":"cf-nel","max_age":604800}', 'Server': 'cloudflare', 'CF-RAY': '88a9599bfd59986c-SJC', 'alt-svc': 'h3=":443"; ma=86400'} 
 body={"results":[{"gender":"male","name":{"title":"Mr","first":"Marko","last":"Kuzemskiy"},"location":{"street":{"number":9384,"name":"Izmayilskiy provulok"},"city":"Nizhin","state":"Lvivska","country":"Ukraine","postcode":99699,"coordinates":{"latitude":"74.3241","longitude":"-91.7954"},"timezone":{"offset":"+7:00","description":"Bangkok, Hanoi, Jakarta"}},"email":"marko.kuzemskiy@example.com","login":{"uuid":"87cf598f-68ae-4951-926f-9332db2c573d","username":"happywolf613","password":"biscuit","salt":"zIP6JvfY","md5":"a479258ac735ee23a74cf73d6ed40a81","sha1":"407ee708e115537dc0f1064146687b53d8eb1fbb","sha256":"970aa9d3aa6effff2ea7fd93780f252bf6232d1c3e7fa6ba83ac9e6acbf86df2"},"dob":{"date":"1955-05-14T12:19:46.053Z","age":69},"registered":{"date":"2006-03-01T04:59:02.909Z","age":18},"phone":"(098) S17-3428","cell":"(068) N32-4931","id":{"name":"","value":null},"picture":{"large":"https://randomuser.me/api/portraits/men/16.jpg","medium":"https://randomuser.me/api/portraits/med/men/16.jpg","thumbnail":"https://randomuser.me/api/portraits/thumb/men/16.jpg"},"nat":"UA"}],"info":{"seed":"bb456237e95cece2","results":1,"page":1,"version":"1.4"}} 
 </msg>
<msg time="2024-05-27T22:13:04.104122" level="INFO">/opt/hostedtoolcache/Python/3.12.3/x64/lib/python3.12/site-packages/urllib3/connectionpool.py:1103: InsecureRequestWarning: Unverified HTTPS request is being made to host 'randomuser.me'. Adding certificate verification is strongly advised. See: https://urllib3.readthedocs.io/en/latest/advanced-usage.html#tls-warnings
  warnings.warn(</msg>
<msg time="2024-05-27T22:13:04.104239" level="INFO">${response} = &lt;Response [200]&gt;</msg>
<var>${response}</var>
<arg>consultarAPI</arg>
<arg>/api</arg>
<doc>Sends a GET request on a previously created HTTP Session.</doc>
<status status="PASS" start="2024-05-27T22:13:03.994179" elapsed="0.110103"/>
</kw>
<kw name="Set Variable" owner="BuiltIn">
<msg time="2024-05-27T22:13:04.105462" level="INFO">${json_data} = {'results': [{'gender': 'male', 'name': {'title': 'Mr', 'first': 'Marko', 'last': 'Kuzemskiy'}, 'location': {'street': {'number': 9384, 'name': 'Izmayilskiy provulok'}, 'city': 'Nizhin', 'state': 'Lvi...</msg>
<var>${json_data}</var>
<arg>${response.json()}</arg>
<doc>Returns the given values which can then be assigned to a variables.</doc>
<status status="PASS" start="2024-05-27T22:13:04.104894" elapsed="0.000596"/>
</kw>
<kw name="Set Variable" owner="BuiltIn">
<msg time="2024-05-27T22:13:04.106178" level="INFO">${name_title} = Mr</msg>
<var>${name_title}</var>
<arg>${json_data["results"][0]["name"]["title"]}</arg>
<doc>Returns the given values which can then be assigned to a variables.</doc>
<status status="PASS" start="2024-05-27T22:13:04.105793" elapsed="0.000410"/>
</kw>
<kw name="Create List" owner="BuiltIn">
<msg time="2024-05-27T22:13:04.106647" level="INFO">${allowed_titles} = ['Mr', 'Ms', 'Miss', 'Mrs', 'Madame', 'Monsieur']</msg>
<var>${allowed_titles}</var>
<arg>Mr</arg>
<arg>Ms</arg>
<arg>Miss</arg>
<arg>Mrs</arg>
<arg>Madame</arg>
<arg>Monsieur</arg>
<doc>Returns a list containing given items.</doc>
<status status="PASS" start="2024-05-27T22:13:04.106499" elapsed="0.000172"/>
</kw>
<kw name="List Should Contain Value" owner="Collections">
<msg time="2024-05-27T22:13:04.107149" level="INFO">False</msg>
<arg>${allowed_titles}</arg>
<arg>${name_title}</arg>
<doc>Fails if the ``value`` is not found from ``list``.</doc>
<status status="PASS" start="2024-05-27T22:13:04.106972" elapsed="0.000214"/>
</kw>
<kw name="Set Variable" owner="BuiltIn">
<msg time="2024-05-27T22:13:04.108075" level="INFO">${name_country} = UA</msg>
<var>${name_country}</var>
<arg>${json_data["results"][0]["nat"]}</arg>
<doc>Returns the given values which can then be assigned to a variables.</doc>
<status status="PASS" start="2024-05-27T22:13:04.107478" elapsed="0.000623"/>
</kw>
<kw name="Create List" owner="BuiltIn">
<msg time="2024-05-27T22:13:04.109011" level="INFO">${list_country} = ['AD', 'AE', 'AF', 'AG', 'AI', 'AL', 'AM', 'AO', 'AQ', 'AR', 'AS', 'AT', 'AU', 'AW', 'AX', 'AZ', 'BA', 'BB', 'BD', 'BE', 'BF', 'BG', 'BH', 'BI', 'BJ', 'BL', 'BM', 'BN', 'BO', 'BQ', 'BR', 'BS', 'BT', '...</msg>
<var>${list_country}</var>
<arg>AD</arg>
<arg>AE</arg>
<arg>AF</arg>
<arg>AG</arg>
<arg>AI</arg>
<arg>AL</arg>
<arg>AM</arg>
<arg>AO</arg>
<arg>AQ</arg>
<arg>AR</arg>
<arg>AS</arg>
<arg>AT</arg>
<arg>AU</arg>
<arg>AW</arg>
<arg>AX</arg>
<arg>AZ</arg>
<arg>BA</arg>
<arg>BB</arg>
<arg>BD</arg>
<arg>BE</arg>
<arg>BF</arg>
<arg>BG</arg>
<arg>BH</arg>
<arg>BI</arg>
<arg>BJ</arg>
<arg>BL</arg>
<arg>BM</arg>
<arg>BN</arg>
<arg>BO</arg>
<arg>BQ</arg>
<arg>BR</arg>
<arg>BS</arg>
<arg>BT</arg>
<arg>BV</arg>
<arg>BW</arg>
<arg>BY</arg>
<arg>BZ</arg>
<arg>CA</arg>
<arg>CC</arg>
<arg>CD</arg>
<arg>CF</arg>
<arg>CG</arg>
<arg>CH</arg>
<arg>CI</arg>
<arg>CK</arg>
<arg>CL</arg>
<arg>CM</arg>
<arg>CN</arg>
<arg>CO</arg>
<arg>CR</arg>
<arg>CU</arg>
<arg>CV</arg>
<arg>CW</arg>
<arg>CX</arg>
<arg>CY</arg>
<arg>CZ</arg>
<arg>DE</arg>
<arg>DJ</arg>
<arg>DK</arg>
<arg>DM</arg>
<arg>DO</arg>
<arg>DZ</arg>
<arg>EC</arg>
<arg>EE</arg>
<arg>EG</arg>
<arg>EH</arg>
<arg>ER</arg>
<arg>ES</arg>
<arg>ET</arg>
<arg>FI</arg>
<arg>FJ</arg>
<arg>FK</arg>
<arg>FM</arg>
<arg>FO</arg>
<arg>FR</arg>
<arg>GA</arg>
<arg>GB</arg>
<arg>GD</arg>
<arg>GE</arg>
<arg>GF</arg>
<arg>GG</arg>
<arg>GH</arg>
<arg>GI</arg>
<arg>GL</arg>
<arg>GM</arg>
<arg>GN</arg>
<arg>GP</arg>
<arg>GQ</arg>
<arg>GR</arg>
<arg>GS</arg>
<arg>GT</arg>
<arg>GU</arg>
<arg>GW</arg>
<arg>GY</arg>
<arg>HK</arg>
<arg>HM</arg>
<arg>HN</arg>
<arg>HR</arg>
<arg>HT</arg>
<arg>HU</arg>
<arg>ID</arg>
<arg>IE</arg>
<arg>IL</arg>
<arg>IM</arg>
<arg>IN</arg>
<arg>IO</arg>
<arg>IQ</arg>
<arg>IR</arg>
<arg>IS</arg>
<arg>IT</arg>
<arg>JE</arg>
<arg>JM</arg>
<arg>JO</arg>
<arg>JP</arg>
<arg>KE</arg>
<arg>KG</arg>
<arg>KH</arg>
<arg>KI</arg>
<arg>KM</arg>
<arg>KN</arg>
<arg>KP</arg>
<arg>KR</arg>
<arg>KW</arg>
<arg>KY</arg>
<arg>KZ</arg>
<arg>LA</arg>
<arg>LB</arg>
<arg>LC</arg>
<arg>LI</arg>
<arg>LK</arg>
<arg>LR</arg>
<arg>LS</arg>
<arg>LT</arg>
<arg>LU</arg>
<arg>LV</arg>
<arg>LY</arg>
<arg>MA</arg>
<arg>MC</arg>
<arg>MD</arg>
<arg>ME</arg>
<arg>MF</arg>
<arg>MG</arg>
<arg>MH</arg>
<arg>MK</arg>
<arg>ML</arg>
<arg>MM</arg>
<arg>MN</arg>
<arg>MO</arg>
<arg>MP</arg>
<arg>MQ</arg>
<arg>MR</arg>
<arg>MS</arg>
<arg>MT</arg>
<arg>MU</arg>
<arg>MV</arg>
<arg>MW</arg>
<arg>MX</arg>
<arg>MY</arg>
<arg>MZ</arg>
<arg>NA</arg>
<arg>NC</arg>
<arg>NE</arg>
<arg>NF</arg>
<arg>NG</arg>
<arg>NI</arg>
<arg>NL</arg>
<arg>NO</arg>
<arg>NP</arg>
<arg>NR</arg>
<arg>NU</arg>
<arg>NZ</arg>
<arg>OM</arg>
<arg>PA</arg>
<arg>PE</arg>
<arg>PF</arg>
<arg>PG</arg>
<arg>PH</arg>
<arg>PK</arg>
<arg>PL</arg>
<arg>PM</arg>
<arg>PN</arg>
<arg>PR</arg>
<arg>PS</arg>
<arg>PT</arg>
<arg>PW</arg>
<arg>PY</arg>
<arg>QA</arg>
<arg>RE</arg>
<arg>RO</arg>
<arg>RS</arg>
<arg>RU</arg>
<arg>RW</arg>
<arg>SA</arg>
<arg>SB</arg>
<arg>SC</arg>
<arg>SD</arg>
<arg>SE</arg>
<arg>SG</arg>
<arg>SH</arg>
<arg>SI</arg>
<arg>SJ</arg>
<arg>SK</arg>
<arg>SL</arg>
<arg>SM</arg>
<arg>SN</arg>
<arg>SO</arg>
<arg>SR</arg>
<arg>SS</arg>
<arg>ST</arg>
<arg>SV</arg>
<arg>SX</arg>
<arg>SY</arg>
<arg>SZ</arg>
<arg>TC</arg>
<arg>TD</arg>
<arg>TF</arg>
<arg>TG</arg>
<arg>TH</arg>
<arg>TJ</arg>
<arg>TK</arg>
<arg>TL</arg>
<arg>TM</arg>
<arg>TN</arg>
<arg>TO</arg>
<arg>TR</arg>
<arg>TT</arg>
<arg>TV</arg>
<arg>TW</arg>
<arg>TZ</arg>
<arg>UA</arg>
<arg>UG</arg>
<arg>UM</arg>
<arg>US</arg>
<arg>UY</arg>
<arg>UZ</arg>
<arg>VA</arg>
<arg>VC</arg>
<arg>VE</arg>
<arg>VG</arg>
<arg>VI</arg>
<arg>VN</arg>
<arg>VU</arg>
<arg>WF</arg>
<arg>WS</arg>
<arg>XK</arg>
<arg>YE</arg>
<arg>YT</arg>
<arg>ZA</arg>
<arg>ZM</arg>
<arg>ZW</arg>
<doc>Returns a list containing given items.</doc>
<status status="PASS" start="2024-05-27T22:13:04.108410" elapsed="0.000627"/>
</kw>
<kw name="List Should Contain Value" owner="Collections">
<msg time="2024-05-27T22:13:04.110021" level="INFO">False</msg>
<arg>${list_country}</arg>
<arg>${name_country}</arg>
<doc>Fails if the ``value`` is not found from ``list``.</doc>
<status status="PASS" start="2024-05-27T22:13:04.109818" elapsed="0.000239"/>
</kw>
<kw name="Run Keyword If" owner="BuiltIn">
<kw name="Should Be True" owner="BuiltIn">
<arg>${True}</arg>
<doc>Fails if the given condition is not true.</doc>
<status status="PASS" start="2024-05-27T22:13:04.111123" elapsed="0.000143"/>
</kw>
<arg>${json_data["results"][0]["location"]["coordinates"]["latitude"]} &gt;= -90 and ${json_data["results"][0]["location"]["coordinates"]["latitude"]} &lt;= 90</arg>
<arg>Should Be True</arg>
<arg>${True}</arg>
<doc>Runs the given keyword with the given arguments, if ``condition`` is true.</doc>
<status status="PASS" start="2024-05-27T22:13:04.110369" elapsed="0.001021"/>
</kw>
<kw name="Run Keyword If" owner="BuiltIn">
<kw name="Should Be True" owner="BuiltIn">
<arg>${True}</arg>
<doc>Fails if the given condition is not true.</doc>
<status status="PASS" start="2024-05-27T22:13:04.112305" elapsed="0.000139"/>
</kw>
<arg>${json_data["results"][0]["location"]["coordinates"]["longitude"]} &gt;= -180 and ${json_data["results"][0]["location"]["coordinates"]["longitude"]} &lt;= 180</arg>
<arg>Should Be True</arg>
<arg>${True}</arg>
<doc>Runs the given keyword with the given arguments, if ``condition`` is true.</doc>
<status status="PASS" start="2024-05-27T22:13:04.111575" elapsed="0.000992"/>
</kw>
<status status="PASS" start="2024-05-27T22:13:03.993933" elapsed="0.118764"/>
</kw>
<doc>Testa o conteúdo específico dos campos retornados pela API.</doc>
<tag>testeConteudo</tag>
<status status="PASS" start="2024-05-27T22:13:03.993477" elapsed="0.119370"/>
</test>
<status status="PASS" start="2024-05-27T22:13:03.076638" elapsed="1.038189"/>
</suite>
<status status="PASS" start="2024-05-27T22:13:03.063069" elapsed="1.057187"/>
</suite>
<statistics>
<total>
<stat pass="5" fail="0" skip="0">All Tests</stat>
</total>
<tag>
<stat pass="1" fail="0" skip="0">testeConteudo</stat>
<stat pass="1" fail="0" skip="0">testeEstruturaResposta</stat>
<stat pass="1" fail="0" skip="0">testeRequisicaoBasica</stat>
<stat pass="1" fail="0" skip="0">testeTiposDados</stat>
</tag>
<suite>
<stat pass="5" fail="0" skip="0" id="s1" name="Tests">Tests</stat>
<stat pass="5" fail="0" skip="0" id="s1-s1" name="Random-User-Test">Tests.Random-User-Test</stat>
</suite>
</statistics>
<errors>
</errors>
</robot>
