<?xml version="1.0" encoding="UTF-8"?>
<robot generator="Robot 7.0 (Python 3.12.3 on linux)" generated="2024-04-25T18:17:38.078427" rpa="false" schemaversion="5">
<suite id="s1" name="Tests" source="/home/runner/work/DesafioQAItauRogerioJordao/DesafioQAItauRogerioJordao/RamdonUser/tests">
<suite id="s1-s1" name="Random-User-Test" source="/home/runner/work/DesafioQAItauRogerioJordao/DesafioQAItauRogerioJordao/RamdonUser/tests/random-user-test.robot">
<test id="s1-s1-t1" name="Conectar" line="13">
<kw name="Conectar API" owner="random-user-service">
<kw name="Create Session" owner="RequestsLibrary">
<msg time="2024-04-25T18:17:38.436733" level="INFO">Creating Session using : alias=consultarAPI, url=https://randomuser.me/, headers={},                     cookies={}, auth=None, timeout=None, proxies=None, verify=False,                     debug=0 </msg>
<arg>consultarAPI</arg>
<arg>${URL}</arg>
<doc>Create Session: create a HTTP session to a server</doc>
<status status="PASS" start="2024-04-25T18:17:38.436536" elapsed="0.000400"/>
</kw>
<status status="PASS" start="2024-04-25T18:17:38.435556" elapsed="0.001744"/>
</kw>
<status status="PASS" start="2024-04-25T18:17:38.435022" elapsed="0.002478"/>
</test>
<test id="s1-s1-t2" name="Validar retorno 200 e JSON Válido" line="16">
<kw name="Teste de Requisicao Basica" owner="random-user-service">
<kw name="GET On Session" owner="RequestsLibrary">
<msg time="2024-04-25T18:17:38.986074" level="INFO">GET Request : url=https://randomuser.me/api 
 path_url=/api 
 headers={'User-Agent': 'python-requests/2.31.0', 'Accept-Encoding': 'gzip, deflate', 'Accept': '*/*', 'Connection': 'keep-alive'} 
 body=None 
 </msg>
<msg time="2024-04-25T18:17:38.986221" level="INFO">GET Response : url=https://randomuser.me/api 
 status=200, reason=OK 
 headers={'Date': 'Thu, 25 Apr 2024 18:17:38 GMT', 'Content-Type': 'application/json; charset=utf-8', 'Transfer-Encoding': 'chunked', 'Connection': 'keep-alive', 'X-Powered-By': 'Express', 'Access-Control-Allow-Origin': '*', 'Cache-Control': 'no-cache', 'ETag': 'W/"4a4-Fnybxj8hdC6zFX/KbXVyJySlutQ"', 'Vary': 'Accept-Encoding', 'Content-Encoding': 'gzip', 'CF-Cache-Status': 'DYNAMIC', 'Report-To': '{"endpoints":[{"url":"https:\\/\\/a.nel.cloudflare.com\\/report\\/v4?s=DlE%2BbXnh%2FcIFZcKz0mW3D1kHUrHZiJYuWfxxnFZkd2cN2Ijh%2Fgo301pEfVC2ZtnGn12oBBK78LlbBsh16o5WD%2BG7kIoCb89I%2FKdzIL5MK1duSVSAmxTxsJR986mJVDVH"}],"group":"cf-nel","max_age":604800}', 'NEL': '{"success_fraction":0,"report_to":"cf-nel","max_age":604800}', 'Server': 'cloudflare', 'CF-RAY': '87a054bf7e755a5d-IAD', 'alt-svc': 'h3=":443"; ma=86400'} 
 body={"results":[{"gender":"male","name":{"title":"Monsieur","first":"Leonard","last":"Fontai"},"location":{"street":{"number":112,"name":"Avenue du Fort-Caire"},"city":"Herisau","state":"Appenzell Innerrhoden","country":"Switzerland","postcode":5741,"coordinates":{"latitude":"-62.1840","longitude":"-70.3337"},"timezone":{"offset":"-8:00","description":"Pacific Time (US &amp; Canada)"}},"email":"leonard.fontai@example.com","login":{"uuid":"84201619-df91-42b8-9d4e-754180963d67","username":"browntiger546","password":"strat","salt":"20JgjSHu","md5":"a14d3f0c8cb8f9c9e98817ca72aa4f83","sha1":"146023e4504a575ad2f573c969e6d6bc0264fddc","sha256":"b5c8accf42290162a2d84fd8f6aab80caf7bbb9da52b7160b4ff00c39cbf258f"},"dob":{"date":"1962-10-14T17:34:45.317Z","age":61},"registered":{"date":"2008-05-02T06:32:35.283Z","age":15},"phone":"075 542 83 45","cell":"079 706 23 43","id":{"name":"AVS","value":"756.5770.0315.59"},"picture":{"large":"https://randomuser.me/api/portraits/men/8.jpg","medium":"https://randomuser.me/api/portraits/med/men/8.jpg","thumbnail":"https://randomuser.me/api/portraits/thumb/men/8.jpg"},"nat":"CH"}],"info":{"seed":"37b81702b4a5003d","results":1,"page":1,"version":"1.4"}} 
 </msg>
<msg time="2024-04-25T18:17:38.986301" level="INFO">/opt/hostedtoolcache/Python/3.12.3/x64/lib/python3.12/site-packages/urllib3/connectionpool.py:1103: InsecureRequestWarning: Unverified HTTPS request is being made to host 'randomuser.me'. Adding certificate verification is strongly advised. See: https://urllib3.readthedocs.io/en/latest/advanced-usage.html#tls-warnings
  warnings.warn(</msg>
<msg time="2024-04-25T18:17:38.986435" level="INFO">${response} = &lt;Response [200]&gt;</msg>
<var>${response}</var>
<arg>consultarAPI</arg>
<arg>/api</arg>
<doc>Sends a GET request on a previously created HTTP Session.</doc>
<status status="PASS" start="2024-04-25T18:17:38.440035" elapsed="0.546460"/>
</kw>
<kw name="Should Be Equal As Numbers" owner="BuiltIn">
<msg time="2024-04-25T18:17:38.987476" level="INFO">Argument types are:
&lt;class 'int'&gt;
&lt;class 'str'&gt;</msg>
<arg>${response.status_code}</arg>
<arg>200</arg>
<doc>Fails if objects are unequal after converting them to real numbers.</doc>
<status status="PASS" start="2024-04-25T18:17:38.987021" elapsed="0.000517"/>
</kw>
<kw name="Log" owner="BuiltIn">
<msg time="2024-04-25T18:17:38.988237" level="INFO">200</msg>
<arg>${response.status_code}</arg>
<doc>Logs the given message with the given level.</doc>
<status status="PASS" start="2024-04-25T18:17:38.987887" elapsed="0.000391"/>
</kw>
<kw name="Set Variable" owner="BuiltIn">
<msg time="2024-04-25T18:17:38.989088" level="INFO">${json_data} = {'results': [{'gender': 'male', 'name': {'title': 'Monsieur', 'first': 'Leonard', 'last': 'Fontai'}, 'location': {'street': {'number': 112, 'name': 'Avenue du Fort-Caire'}, 'city': 'Herisau', 'state':...</msg>
<var>${json_data}</var>
<arg>${response.json()}</arg>
<doc>Returns the given values which can then be assigned to a variables.</doc>
<status status="PASS" start="2024-04-25T18:17:38.988579" elapsed="0.000538"/>
</kw>
<kw name="Dictionary Should Contain Key" owner="Collections">
<msg time="2024-04-25T18:17:38.989590" level="INFO">False</msg>
<arg>${json_data}</arg>
<arg>results</arg>
<doc>Fails if ``key`` is not found from ``dictionary``.</doc>
<status status="PASS" start="2024-04-25T18:17:38.989422" elapsed="0.000207"/>
</kw>
<status status="PASS" start="2024-04-25T18:17:38.439798" elapsed="0.550100"/>
</kw>
<doc>Testa se a API responde corretamente e retorna um objeto JSON válido.</doc>
<tag>testeRequisicaoBasica</tag>
<status status="PASS" start="2024-04-25T18:17:38.439356" elapsed="0.550722"/>
</test>
<test id="s1-s1-t3" name="Validar estrutura de resposta" line="22">
<kw name="Teste de Estrutura de Resposta" owner="random-user-service">
<kw name="GET On Session" owner="RequestsLibrary">
<msg time="2024-04-25T18:17:39.233945" level="INFO">GET Request : url=https://randomuser.me/api 
 path_url=/api 
 headers={'User-Agent': 'python-requests/2.31.0', 'Accept-Encoding': 'gzip, deflate', 'Accept': '*/*', 'Connection': 'keep-alive'} 
 body=None 
 </msg>
<msg time="2024-04-25T18:17:39.234057" level="INFO">GET Response : url=https://randomuser.me/api 
 status=200, reason=OK 
 headers={'Date': 'Thu, 25 Apr 2024 18:17:39 GMT', 'Content-Type': 'application/json; charset=utf-8', 'Transfer-Encoding': 'chunked', 'Connection': 'keep-alive', 'X-Powered-By': 'Express', 'Access-Control-Allow-Origin': '*', 'Cache-Control': 'no-cache', 'ETag': 'W/"49b-pugFMpD08v6gvw8t7h3PpFBmDPM"', 'Vary': 'Accept-Encoding', 'Content-Encoding': 'gzip', 'CF-Cache-Status': 'DYNAMIC', 'Report-To': '{"endpoints":[{"url":"https:\\/\\/a.nel.cloudflare.com\\/report\\/v4?s=05cjtAccc2hx1VdjZyubQlqnSnZ6ci5QVuVCLj5Vy9%2BswuMGAMtDELshRGDxXvOcWpT71cDFMyLXD1ML0LDdluKf88RwOqcMs0iMCrt05%2B2aJWTk%2BBSyZFoVb1abhP5R"}],"group":"cf-nel","max_age":604800}', 'NEL': '{"success_fraction":0,"report_to":"cf-nel","max_age":604800}', 'Server': 'cloudflare', 'CF-RAY': '87a054c2b9d25a5d-IAD', 'alt-svc': 'h3=":443"; ma=86400'} 
 body={"results":[{"gender":"female","name":{"title":"Mrs","first":"Kate","last":"Banks"},"location":{"street":{"number":1875,"name":"The Drive"},"city":"Carlisle","state":"Gwent","country":"United Kingdom","postcode":"GG33 3EY","coordinates":{"latitude":"-12.4667","longitude":"31.0353"},"timezone":{"offset":"+5:00","description":"Ekaterinburg, Islamabad, Karachi, Tashkent"}},"email":"kate.banks@example.com","login":{"uuid":"807a2d26-dbfd-44b6-a18a-e070723a35b3","username":"redswan142","password":"legolas","salt":"T7ZrUAOf","md5":"4604ed3e8bd550bee1d37a1f3856e65b","sha1":"7c25d5d991c0708f0481267e01dc64e83d72b75b","sha256":"387c417f5bac3d1a1975522eb1cefbab2a4f73152bad62a2584e13d0bcf8922f"},"dob":{"date":"1972-02-06T02:31:03.543Z","age":52},"registered":{"date":"2002-05-11T03:04:34.788Z","age":21},"phone":"01126 23722","cell":"07302 929453","id":{"name":"NINO","value":"ZZ 53 04 23 N"},"picture":{"large":"https://randomuser.me/api/portraits/women/46.jpg","medium":"https://randomuser.me/api/portraits/med/women/46.jpg","thumbnail":"https://randomuser.me/api/portraits/thumb/women/46.jpg"},"nat":"GB"}],"info":{"seed":"619e12f7412a7684","results":1,"page":1,"version":"1.4"}} 
 </msg>
<msg time="2024-04-25T18:17:39.234205" level="INFO">/opt/hostedtoolcache/Python/3.12.3/x64/lib/python3.12/site-packages/urllib3/connectionpool.py:1103: InsecureRequestWarning: Unverified HTTPS request is being made to host 'randomuser.me'. Adding certificate verification is strongly advised. See: https://urllib3.readthedocs.io/en/latest/advanced-usage.html#tls-warnings
  warnings.warn(</msg>
<msg time="2024-04-25T18:17:39.234354" level="INFO">${response} = &lt;Response [200]&gt;</msg>
<var>${response}</var>
<arg>consultarAPI</arg>
<arg>/api</arg>
<doc>Sends a GET request on a previously created HTTP Session.</doc>
<status status="PASS" start="2024-04-25T18:17:38.992681" elapsed="0.241727"/>
</kw>
<kw name="Set Variable" owner="BuiltIn">
<msg time="2024-04-25T18:17:39.235421" level="INFO">${json_data} = {'results': [{'gender': 'female', 'name': {'title': 'Mrs', 'first': 'Kate', 'last': 'Banks'}, 'location': {'street': {'number': 1875, 'name': 'The Drive'}, 'city': 'Carlisle', 'state': 'Gwent', 'count...</msg>
<var>${json_data}</var>
<arg>${response.json()}</arg>
<doc>Returns the given values which can then be assigned to a variables.</doc>
<status status="PASS" start="2024-04-25T18:17:39.234904" elapsed="0.000545"/>
</kw>
<kw name="Log" owner="BuiltIn">
<msg time="2024-04-25T18:17:39.235911" level="INFO">{'results': [{'gender': 'female', 'name': {'title': 'Mrs', 'first': 'Kate', 'last': 'Banks'}, 'location': {'street': {'number': 1875, 'name': 'The Drive'}, 'city': 'Carlisle', 'state': 'Gwent', 'country': 'United Kingdom', 'postcode': 'GG33 3EY', 'coordinates': {'latitude': '-12.4667', 'longitude': '31.0353'}, 'timezone': {'offset': '+5:00', 'description': 'Ekaterinburg, Islamabad, Karachi, Tashkent'}}, 'email': 'kate.banks@example.com', 'login': {'uuid': '807a2d26-dbfd-44b6-a18a-e070723a35b3', 'username': 'redswan142', 'password': 'legolas', 'salt': 'T7ZrUAOf', 'md5': '4604ed3e8bd550bee1d37a1f3856e65b', 'sha1': '7c25d5d991c0708f0481267e01dc64e83d72b75b', 'sha256': '387c417f5bac3d1a1975522eb1cefbab2a4f73152bad62a2584e13d0bcf8922f'}, 'dob': {'date': '1972-02-06T02:31:03.543Z', 'age': 52}, 'registered': {'date': '2002-05-11T03:04:34.788Z', 'age': 21}, 'phone': '01126 23722', 'cell': '07302 929453', 'id': {'name': 'NINO', 'value': 'ZZ 53 04 23 N'}, 'picture': {'large': 'https://randomuser.me/api/portraits/women/46.jpg', 'medium': 'https://randomuser.me/api/portraits/med/women/46.jpg', 'thumbnail': 'https://randomuser.me/api/portraits/thumb/women/46.jpg'}, 'nat': 'GB'}], 'info': {'seed': '619e12f7412a7684', 'results': 1, 'page': 1, 'version': '1.4'}}</msg>
<arg>${json_data}</arg>
<doc>Logs the given message with the given level.</doc>
<status status="PASS" start="2024-04-25T18:17:39.235751" elapsed="0.000207"/>
</kw>
<kw name="Dictionary Should Contain Key" owner="Collections">
<msg time="2024-04-25T18:17:39.236407" level="INFO">False</msg>
<arg>${json_data}</arg>
<arg>results</arg>
<doc>Fails if ``key`` is not found from ``dictionary``.</doc>
<status status="PASS" start="2024-04-25T18:17:39.236253" elapsed="0.000190"/>
</kw>
<kw name="Should Not Be Empty" owner="BuiltIn">
<msg time="2024-04-25T18:17:39.236869" level="INFO">Length is 2.</msg>
<arg>${json_data}</arg>
<doc>Verifies that the given item is not empty.</doc>
<status status="PASS" start="2024-04-25T18:17:39.236732" elapsed="0.000221"/>
</kw>
<kw name="Create List" owner="BuiltIn">
<msg time="2024-04-25T18:17:39.237565" level="INFO">${expected_keys} = ['gender', 'name', 'location', 'email', 'login']</msg>
<var>${expected_keys}</var>
<arg>gender</arg>
<arg>name</arg>
<arg>location</arg>
<arg>email</arg>
<arg>login</arg>
<doc>Returns a list containing given items.</doc>
<status status="PASS" start="2024-04-25T18:17:39.237263" elapsed="0.000330"/>
</kw>
<for flavor="IN">
<iter>
<kw name="Dictionary Should Contain Key" owner="Collections">
<msg time="2024-04-25T18:17:39.238626" level="INFO">False</msg>
<arg>${json_data['results'][0]}</arg>
<arg>${key}</arg>
<doc>Fails if ``key`` is not found from ``dictionary``.</doc>
<status status="PASS" start="2024-04-25T18:17:39.238217" elapsed="0.000464"/>
</kw>
<kw name="Log" owner="BuiltIn">
<msg time="2024-04-25T18:17:39.239405" level="INFO">{'gender': 'female', 'name': {'title': 'Mrs', 'first': 'Kate', 'last': 'Banks'}, 'location': {'street': {'number': 1875, 'name': 'The Drive'}, 'city': 'Carlisle', 'state': 'Gwent', 'country': 'United Kingdom', 'postcode': 'GG33 3EY', 'coordinates': {'latitude': '-12.4667', 'longitude': '31.0353'}, 'timezone': {'offset': '+5:00', 'description': 'Ekaterinburg, Islamabad, Karachi, Tashkent'}}, 'email': 'kate.banks@example.com', 'login': {'uuid': '807a2d26-dbfd-44b6-a18a-e070723a35b3', 'username': 'redswan142', 'password': 'legolas', 'salt': 'T7ZrUAOf', 'md5': '4604ed3e8bd550bee1d37a1f3856e65b', 'sha1': '7c25d5d991c0708f0481267e01dc64e83d72b75b', 'sha256': '387c417f5bac3d1a1975522eb1cefbab2a4f73152bad62a2584e13d0bcf8922f'}, 'dob': {'date': '1972-02-06T02:31:03.543Z', 'age': 52}, 'registered': {'date': '2002-05-11T03:04:34.788Z', 'age': 21}, 'phone': '01126 23722', 'cell': '07302 929453', 'id': {'name': 'NINO', 'value': 'ZZ 53 04 23 N'}, 'picture': {'large': 'https://randomuser.me/api/portraits/women/46.jpg', 'medium': 'https://randomuser.me/api/portraits/med/women/46.jpg', 'thumbnail': 'https://randomuser.me/api/portraits/thumb/women/46.jpg'}, 'nat': 'GB'}</msg>
<arg>${json_data['results'][0]}</arg>
<doc>Logs the given message with the given level.</doc>
<status status="PASS" start="2024-04-25T18:17:39.239029" elapsed="0.000434"/>
</kw>
<kw name="Log" owner="BuiltIn">
<msg time="2024-04-25T18:17:39.239890" level="INFO">gender</msg>
<arg>${key}</arg>
<doc>Logs the given message with the given level.</doc>
<status status="PASS" start="2024-04-25T18:17:39.239761" elapsed="0.000167"/>
</kw>
<var name="${key}">gender</var>
<status status="PASS" start="2024-04-25T18:17:39.238082" elapsed="0.002062"/>
</iter>
<iter>
<kw name="Dictionary Should Contain Key" owner="Collections">
<msg time="2024-04-25T18:17:39.240839" level="INFO">False</msg>
<arg>${json_data['results'][0]}</arg>
<arg>${key}</arg>
<doc>Fails if ``key`` is not found from ``dictionary``.</doc>
<status status="PASS" start="2024-04-25T18:17:39.240446" elapsed="0.000430"/>
</kw>
<kw name="Log" owner="BuiltIn">
<msg time="2024-04-25T18:17:39.241612" level="INFO">{'gender': 'female', 'name': {'title': 'Mrs', 'first': 'Kate', 'last': 'Banks'}, 'location': {'street': {'number': 1875, 'name': 'The Drive'}, 'city': 'Carlisle', 'state': 'Gwent', 'country': 'United Kingdom', 'postcode': 'GG33 3EY', 'coordinates': {'latitude': '-12.4667', 'longitude': '31.0353'}, 'timezone': {'offset': '+5:00', 'description': 'Ekaterinburg, Islamabad, Karachi, Tashkent'}}, 'email': 'kate.banks@example.com', 'login': {'uuid': '807a2d26-dbfd-44b6-a18a-e070723a35b3', 'username': 'redswan142', 'password': 'legolas', 'salt': 'T7ZrUAOf', 'md5': '4604ed3e8bd550bee1d37a1f3856e65b', 'sha1': '7c25d5d991c0708f0481267e01dc64e83d72b75b', 'sha256': '387c417f5bac3d1a1975522eb1cefbab2a4f73152bad62a2584e13d0bcf8922f'}, 'dob': {'date': '1972-02-06T02:31:03.543Z', 'age': 52}, 'registered': {'date': '2002-05-11T03:04:34.788Z', 'age': 21}, 'phone': '01126 23722', 'cell': '07302 929453', 'id': {'name': 'NINO', 'value': 'ZZ 53 04 23 N'}, 'picture': {'large': 'https://randomuser.me/api/portraits/women/46.jpg', 'medium': 'https://randomuser.me/api/portraits/med/women/46.jpg', 'thumbnail': 'https://randomuser.me/api/portraits/thumb/women/46.jpg'}, 'nat': 'GB'}</msg>
<arg>${json_data['results'][0]}</arg>
<doc>Logs the given message with the given level.</doc>
<status status="PASS" start="2024-04-25T18:17:39.241243" elapsed="0.000417"/>
</kw>
<kw name="Log" owner="BuiltIn">
<msg time="2024-04-25T18:17:39.242081" level="INFO">name</msg>
<arg>${key}</arg>
<doc>Logs the given message with the given level.</doc>
<status status="PASS" start="2024-04-25T18:17:39.241954" elapsed="0.000165"/>
</kw>
<var name="${key}">name</var>
<status status="PASS" start="2024-04-25T18:17:39.240333" elapsed="0.002004"/>
</iter>
<iter>
<kw name="Dictionary Should Contain Key" owner="Collections">
<msg time="2024-04-25T18:17:39.243010" level="INFO">False</msg>
<arg>${json_data['results'][0]}</arg>
<arg>${key}</arg>
<doc>Fails if ``key`` is not found from ``dictionary``.</doc>
<status status="PASS" start="2024-04-25T18:17:39.242625" elapsed="0.000422"/>
</kw>
<kw name="Log" owner="BuiltIn">
<msg time="2024-04-25T18:17:39.243694" level="INFO">{'gender': 'female', 'name': {'title': 'Mrs', 'first': 'Kate', 'last': 'Banks'}, 'location': {'street': {'number': 1875, 'name': 'The Drive'}, 'city': 'Carlisle', 'state': 'Gwent', 'country': 'United Kingdom', 'postcode': 'GG33 3EY', 'coordinates': {'latitude': '-12.4667', 'longitude': '31.0353'}, 'timezone': {'offset': '+5:00', 'description': 'Ekaterinburg, Islamabad, Karachi, Tashkent'}}, 'email': 'kate.banks@example.com', 'login': {'uuid': '807a2d26-dbfd-44b6-a18a-e070723a35b3', 'username': 'redswan142', 'password': 'legolas', 'salt': 'T7ZrUAOf', 'md5': '4604ed3e8bd550bee1d37a1f3856e65b', 'sha1': '7c25d5d991c0708f0481267e01dc64e83d72b75b', 'sha256': '387c417f5bac3d1a1975522eb1cefbab2a4f73152bad62a2584e13d0bcf8922f'}, 'dob': {'date': '1972-02-06T02:31:03.543Z', 'age': 52}, 'registered': {'date': '2002-05-11T03:04:34.788Z', 'age': 21}, 'phone': '01126 23722', 'cell': '07302 929453', 'id': {'name': 'NINO', 'value': 'ZZ 53 04 23 N'}, 'picture': {'large': 'https://randomuser.me/api/portraits/women/46.jpg', 'medium': 'https://randomuser.me/api/portraits/med/women/46.jpg', 'thumbnail': 'https://randomuser.me/api/portraits/thumb/women/46.jpg'}, 'nat': 'GB'}</msg>
<arg>${json_data['results'][0]}</arg>
<doc>Logs the given message with the given level.</doc>
<status status="PASS" start="2024-04-25T18:17:39.243338" elapsed="0.000401"/>
</kw>
<kw name="Log" owner="BuiltIn">
<msg time="2024-04-25T18:17:39.244158" level="INFO">location</msg>
<arg>${key}</arg>
<doc>Logs the given message with the given level.</doc>
<status status="PASS" start="2024-04-25T18:17:39.244033" elapsed="0.000162"/>
</kw>
<var name="${key}">location</var>
<status status="PASS" start="2024-04-25T18:17:39.242514" elapsed="0.001893"/>
</iter>
<iter>
<kw name="Dictionary Should Contain Key" owner="Collections">
<msg time="2024-04-25T18:17:39.245107" level="INFO">False</msg>
<arg>${json_data['results'][0]}</arg>
<arg>${key}</arg>
<doc>Fails if ``key`` is not found from ``dictionary``.</doc>
<status status="PASS" start="2024-04-25T18:17:39.244688" elapsed="0.000457"/>
</kw>
<kw name="Log" owner="BuiltIn">
<msg time="2024-04-25T18:17:39.245821" level="INFO">{'gender': 'female', 'name': {'title': 'Mrs', 'first': 'Kate', 'last': 'Banks'}, 'location': {'street': {'number': 1875, 'name': 'The Drive'}, 'city': 'Carlisle', 'state': 'Gwent', 'country': 'United Kingdom', 'postcode': 'GG33 3EY', 'coordinates': {'latitude': '-12.4667', 'longitude': '31.0353'}, 'timezone': {'offset': '+5:00', 'description': 'Ekaterinburg, Islamabad, Karachi, Tashkent'}}, 'email': 'kate.banks@example.com', 'login': {'uuid': '807a2d26-dbfd-44b6-a18a-e070723a35b3', 'username': 'redswan142', 'password': 'legolas', 'salt': 'T7ZrUAOf', 'md5': '4604ed3e8bd550bee1d37a1f3856e65b', 'sha1': '7c25d5d991c0708f0481267e01dc64e83d72b75b', 'sha256': '387c417f5bac3d1a1975522eb1cefbab2a4f73152bad62a2584e13d0bcf8922f'}, 'dob': {'date': '1972-02-06T02:31:03.543Z', 'age': 52}, 'registered': {'date': '2002-05-11T03:04:34.788Z', 'age': 21}, 'phone': '01126 23722', 'cell': '07302 929453', 'id': {'name': 'NINO', 'value': 'ZZ 53 04 23 N'}, 'picture': {'large': 'https://randomuser.me/api/portraits/women/46.jpg', 'medium': 'https://randomuser.me/api/portraits/med/women/46.jpg', 'thumbnail': 'https://randomuser.me/api/portraits/thumb/women/46.jpg'}, 'nat': 'GB'}</msg>
<arg>${json_data['results'][0]}</arg>
<doc>Logs the given message with the given level.</doc>
<status status="PASS" start="2024-04-25T18:17:39.245459" elapsed="0.000407"/>
</kw>
<kw name="Log" owner="BuiltIn">
<msg time="2024-04-25T18:17:39.246298" level="INFO">email</msg>
<arg>${key}</arg>
<doc>Logs the given message with the given level.</doc>
<status status="PASS" start="2024-04-25T18:17:39.246172" elapsed="0.000161"/>
</kw>
<var name="${key}">email</var>
<status status="PASS" start="2024-04-25T18:17:39.244579" elapsed="0.001967"/>
</iter>
<iter>
<kw name="Dictionary Should Contain Key" owner="Collections">
<msg time="2024-04-25T18:17:39.247221" level="INFO">False</msg>
<arg>${json_data['results'][0]}</arg>
<arg>${key}</arg>
<doc>Fails if ``key`` is not found from ``dictionary``.</doc>
<status status="PASS" start="2024-04-25T18:17:39.246824" elapsed="0.000434"/>
</kw>
<kw name="Log" owner="BuiltIn">
<msg time="2024-04-25T18:17:39.247906" level="INFO">{'gender': 'female', 'name': {'title': 'Mrs', 'first': 'Kate', 'last': 'Banks'}, 'location': {'street': {'number': 1875, 'name': 'The Drive'}, 'city': 'Carlisle', 'state': 'Gwent', 'country': 'United Kingdom', 'postcode': 'GG33 3EY', 'coordinates': {'latitude': '-12.4667', 'longitude': '31.0353'}, 'timezone': {'offset': '+5:00', 'description': 'Ekaterinburg, Islamabad, Karachi, Tashkent'}}, 'email': 'kate.banks@example.com', 'login': {'uuid': '807a2d26-dbfd-44b6-a18a-e070723a35b3', 'username': 'redswan142', 'password': 'legolas', 'salt': 'T7ZrUAOf', 'md5': '4604ed3e8bd550bee1d37a1f3856e65b', 'sha1': '7c25d5d991c0708f0481267e01dc64e83d72b75b', 'sha256': '387c417f5bac3d1a1975522eb1cefbab2a4f73152bad62a2584e13d0bcf8922f'}, 'dob': {'date': '1972-02-06T02:31:03.543Z', 'age': 52}, 'registered': {'date': '2002-05-11T03:04:34.788Z', 'age': 21}, 'phone': '01126 23722', 'cell': '07302 929453', 'id': {'name': 'NINO', 'value': 'ZZ 53 04 23 N'}, 'picture': {'large': 'https://randomuser.me/api/portraits/women/46.jpg', 'medium': 'https://randomuser.me/api/portraits/med/women/46.jpg', 'thumbnail': 'https://randomuser.me/api/portraits/thumb/women/46.jpg'}, 'nat': 'GB'}</msg>
<arg>${json_data['results'][0]}</arg>
<doc>Logs the given message with the given level.</doc>
<status status="PASS" start="2024-04-25T18:17:39.247545" elapsed="0.000408"/>
</kw>
<kw name="Log" owner="BuiltIn">
<msg time="2024-04-25T18:17:39.248366" level="INFO">login</msg>
<arg>${key}</arg>
<doc>Logs the given message with the given level.</doc>
<status status="PASS" start="2024-04-25T18:17:39.248242" elapsed="0.000160"/>
</kw>
<var name="${key}">login</var>
<status status="PASS" start="2024-04-25T18:17:39.246715" elapsed="0.001938"/>
</iter>
<var>${key}</var>
<value>@{expected_keys}</value>
<status status="PASS" start="2024-04-25T18:17:39.237878" elapsed="0.010897"/>
</for>
<kw name="Create List" owner="BuiltIn">
<msg time="2024-04-25T18:17:39.249143" level="INFO">${expected_keysTwo} = ['username', 'password']</msg>
<var>${expected_keysTwo}</var>
<arg>username</arg>
<arg>password</arg>
<doc>Returns a list containing given items.</doc>
<status status="PASS" start="2024-04-25T18:17:39.249001" elapsed="0.000165"/>
</kw>
<for flavor="IN">
<iter>
<kw name="Dictionary Should Contain Key" owner="Collections">
<msg time="2024-04-25T18:17:39.250059" level="INFO">False</msg>
<arg>${json_data['results'][0]['login']}</arg>
<arg>${keyTwo}</arg>
<doc>Fails if ``key`` is not found from ``dictionary``.</doc>
<status status="PASS" start="2024-04-25T18:17:39.249663" elapsed="0.000432"/>
</kw>
<kw name="Dictionary Should Contain Key" owner="Collections">
<msg time="2024-04-25T18:17:39.250768" level="INFO">False</msg>
<arg>${json_data['results'][0]['login']}</arg>
<arg>${keyTwo}</arg>
<doc>Fails if ``key`` is not found from ``dictionary``.</doc>
<status status="PASS" start="2024-04-25T18:17:39.250385" elapsed="0.000419"/>
</kw>
<kw name="Log" owner="BuiltIn">
<msg time="2024-04-25T18:17:39.251228" level="INFO">username</msg>
<arg>${keyTwo}</arg>
<doc>Logs the given message with the given level.</doc>
<status status="PASS" start="2024-04-25T18:17:39.251094" elapsed="0.000175"/>
</kw>
<var name="${keyTwo}">username</var>
<status status="PASS" start="2024-04-25T18:17:39.249555" elapsed="0.001927"/>
</iter>
<iter>
<kw name="Dictionary Should Contain Key" owner="Collections">
<msg time="2024-04-25T18:17:39.252141" level="INFO">False</msg>
<arg>${json_data['results'][0]['login']}</arg>
<arg>${keyTwo}</arg>
<doc>Fails if ``key`` is not found from ``dictionary``.</doc>
<status status="PASS" start="2024-04-25T18:17:39.251764" elapsed="0.000424"/>
</kw>
<kw name="Dictionary Should Contain Key" owner="Collections">
<msg time="2024-04-25T18:17:39.252975" level="INFO">False</msg>
<arg>${json_data['results'][0]['login']}</arg>
<arg>${keyTwo}</arg>
<doc>Fails if ``key`` is not found from ``dictionary``.</doc>
<status status="PASS" start="2024-04-25T18:17:39.252479" elapsed="0.000538"/>
</kw>
<kw name="Log" owner="BuiltIn">
<msg time="2024-04-25T18:17:39.253453" level="INFO">password</msg>
<arg>${keyTwo}</arg>
<doc>Logs the given message with the given level.</doc>
<status status="PASS" start="2024-04-25T18:17:39.253322" elapsed="0.000169"/>
</kw>
<var name="${keyTwo}">password</var>
<status status="PASS" start="2024-04-25T18:17:39.251651" elapsed="0.002059"/>
</iter>
<var>${keyTwo}</var>
<value>@{expected_keysTwo}</value>
<status status="PASS" start="2024-04-25T18:17:39.249403" elapsed="0.004432"/>
</for>
<status status="PASS" start="2024-04-25T18:17:38.992448" elapsed="0.261531"/>
</kw>
<doc>Testa a estrutura da resposta da API.</doc>
<tag>testeEstruturaResposta</tag>
<status status="PASS" start="2024-04-25T18:17:38.991913" elapsed="0.262224"/>
</test>
<test id="s1-s1-t4" name="Validar tipos de dados" line="28">
<kw name="Teste de Tipos de Dados" owner="random-user-service">
<kw name="GET On Session" owner="RequestsLibrary">
<msg time="2024-04-25T18:17:39.322641" level="INFO">GET Request : url=https://randomuser.me/api 
 path_url=/api 
 headers={'User-Agent': 'python-requests/2.31.0', 'Accept-Encoding': 'gzip, deflate', 'Accept': '*/*', 'Connection': 'keep-alive'} 
 body=None 
 </msg>
<msg time="2024-04-25T18:17:39.322717" level="INFO">GET Response : url=https://randomuser.me/api 
 status=200, reason=OK 
 headers={'Date': 'Thu, 25 Apr 2024 18:17:39 GMT', 'Content-Type': 'application/json; charset=utf-8', 'Transfer-Encoding': 'chunked', 'Connection': 'keep-alive', 'X-Powered-By': 'Express', 'Access-Control-Allow-Origin': '*', 'Cache-Control': 'no-cache', 'ETag': 'W/"492-6cgaXaz0ZFAKZTqxmtTVaQSzEgo"', 'Vary': 'Accept-Encoding', 'Content-Encoding': 'gzip', 'CF-Cache-Status': 'DYNAMIC', 'Report-To': '{"endpoints":[{"url":"https:\\/\\/a.nel.cloudflare.com\\/report\\/v4?s=hQazy7vOW7O6qfOuaVCsznAFH89X4LRwcT84Pd938HQP%2B%2FcvWPhRf%2F4O3V3zh8feLhWAinLMnlne%2FKQpcuuPyeuALSB%2F9FM38reBSLDhhYkEUmJbQnoXEqyEQD4M6qRM"}],"group":"cf-nel","max_age":604800}', 'NEL': '{"success_fraction":0,"report_to":"cf-nel","max_age":604800}', 'Server': 'cloudflare', 'CF-RAY': '87a054c46b905a5d-IAD', 'alt-svc': 'h3=":443"; ma=86400'} 
 body={"results":[{"gender":"female","name":{"title":"Mrs","first":"Savannah","last":"Green"},"location":{"street":{"number":5201,"name":"Mahia Road"},"city":"Masterton","state":"Wellington","country":"New Zealand","postcode":95668,"coordinates":{"latitude":"52.5623","longitude":"38.2953"},"timezone":{"offset":"+5:30","description":"Bombay, Calcutta, Madras, New Delhi"}},"email":"savannah.green@example.com","login":{"uuid":"d38b877e-f734-44a9-988f-1522bc6ac643","username":"yellowbird391","password":"madmax","salt":"CnrqMLvH","md5":"6cb102f0b02726ce3c4d7affa9b3c9bd","sha1":"0d6398d0937f01d468a0ec61a407345f6e25833a","sha256":"eb3deec1314038a004775039e971e6b152fddcffce5d9efc6e486465f24890fa"},"dob":{"date":"1954-12-25T12:10:45.204Z","age":69},"registered":{"date":"2005-08-18T03:10:11.214Z","age":18},"phone":"(736)-742-1558","cell":"(810)-460-7513","id":{"name":"","value":null},"picture":{"large":"https://randomuser.me/api/portraits/women/67.jpg","medium":"https://randomuser.me/api/portraits/med/women/67.jpg","thumbnail":"https://randomuser.me/api/portraits/thumb/women/67.jpg"},"nat":"NZ"}],"info":{"seed":"7b4a8b091251687f","results":1,"page":1,"version":"1.4"}} 
 </msg>
<msg time="2024-04-25T18:17:39.322782" level="INFO">/opt/hostedtoolcache/Python/3.12.3/x64/lib/python3.12/site-packages/urllib3/connectionpool.py:1103: InsecureRequestWarning: Unverified HTTPS request is being made to host 'randomuser.me'. Adding certificate verification is strongly advised. See: https://urllib3.readthedocs.io/en/latest/advanced-usage.html#tls-warnings
  warnings.warn(</msg>
<msg time="2024-04-25T18:17:39.322888" level="INFO">${response} = &lt;Response [200]&gt;</msg>
<var>${response}</var>
<arg>consultarAPI</arg>
<arg>/api</arg>
<doc>Sends a GET request on a previously created HTTP Session.</doc>
<status status="PASS" start="2024-04-25T18:17:39.256615" elapsed="0.066306"/>
</kw>
<kw name="Set Variable" owner="BuiltIn">
<msg time="2024-04-25T18:17:39.323825" level="INFO">${json_data} = {'results': [{'gender': 'female', 'name': {'title': 'Mrs', 'first': 'Savannah', 'last': 'Green'}, 'location': {'street': {'number': 5201, 'name': 'Mahia Road'}, 'city': 'Masterton', 'state': 'Wellingt...</msg>
<var>${json_data}</var>
<arg>${response.json()}</arg>
<doc>Returns the given values which can then be assigned to a variables.</doc>
<status status="PASS" start="2024-04-25T18:17:39.323350" elapsed="0.000503"/>
</kw>
<kw name="Log" owner="BuiltIn">
<msg time="2024-04-25T18:17:39.324302" level="INFO">{'results': [{'gender': 'female', 'name': {'title': 'Mrs', 'first': 'Savannah', 'last': 'Green'}, 'location': {'street': {'number': 5201, 'name': 'Mahia Road'}, 'city': 'Masterton', 'state': 'Wellington', 'country': 'New Zealand', 'postcode': 95668, 'coordinates': {'latitude': '52.5623', 'longitude': '38.2953'}, 'timezone': {'offset': '+5:30', 'description': 'Bombay, Calcutta, Madras, New Delhi'}}, 'email': 'savannah.green@example.com', 'login': {'uuid': 'd38b877e-f734-44a9-988f-1522bc6ac643', 'username': 'yellowbird391', 'password': 'madmax', 'salt': 'CnrqMLvH', 'md5': '6cb102f0b02726ce3c4d7affa9b3c9bd', 'sha1': '0d6398d0937f01d468a0ec61a407345f6e25833a', 'sha256': 'eb3deec1314038a004775039e971e6b152fddcffce5d9efc6e486465f24890fa'}, 'dob': {'date': '1954-12-25T12:10:45.204Z', 'age': 69}, 'registered': {'date': '2005-08-18T03:10:11.214Z', 'age': 18}, 'phone': '(736)-742-1558', 'cell': '(810)-460-7513', 'id': {'name': '', 'value': None}, 'picture': {'large': 'https://randomuser.me/api/portraits/women/67.jpg', 'medium': 'https://randomuser.me/api/portraits/med/women/67.jpg', 'thumbnail': 'https://randomuser.me/api/portraits/thumb/women/67.jpg'}, 'nat': 'NZ'}], 'info': {'seed': '7b4a8b091251687f', 'results': 1, 'page': 1, 'version': '1.4'}}</msg>
<arg>${json_data}</arg>
<doc>Logs the given message with the given level.</doc>
<status status="PASS" start="2024-04-25T18:17:39.324153" elapsed="0.000227"/>
</kw>
<kw name="Should Be String" owner="String">
<arg>${json_data['results'][0]['gender']}</arg>
<doc>Fails if the given ``item`` is not a string.</doc>
<status status="PASS" start="2024-04-25T18:17:39.324685" elapsed="0.000415"/>
</kw>
<kw name="Should Match Regexp" owner="BuiltIn">
<arg>${json_data['results'][0]['email']}</arg>
<arg>^[a-zA-Z0-9._%+-]+@[a-zA-Z0-9.-]+\.[a-zA-Z]{2,}$</arg>
<doc>Fails if ``string`` does not match ``pattern`` as a regular expression.</doc>
<status status="PASS" start="2024-04-25T18:17:39.325291" elapsed="0.000507"/>
</kw>
<kw name="Should Match Regexp" owner="BuiltIn">
<arg>${json_data['results'][0]['dob']['date']}</arg>
<arg>\\d{4}-\\d{2}-\\d{2}T\\d{2}:\\d{2}:\\d{2}\\.\\d{3}Z</arg>
<doc>Fails if ``string`` does not match ``pattern`` as a regular expression.</doc>
<status status="PASS" start="2024-04-25T18:17:39.325991" elapsed="0.000484"/>
</kw>
<kw name="Should Match Regexp" owner="BuiltIn">
<arg>${json_data['results'][0]['registered']['date']}</arg>
<arg>\\d{4}-\\d{2}-\\d{2}T\\d{2}:\\d{2}:\\d{2}\\.\\d{3}Z</arg>
<doc>Fails if ``string`` does not match ``pattern`` as a regular expression.</doc>
<status status="PASS" start="2024-04-25T18:17:39.326663" elapsed="0.000373"/>
</kw>
<kw name="Should Match Regexp" owner="BuiltIn">
<arg>${json_data['results'][0]['picture']['large']}</arg>
<arg>^https?://.*\.(?:png|jpe?g|gif|bmp)$</arg>
<doc>Fails if ``string`` does not match ``pattern`` as a regular expression.</doc>
<status status="PASS" start="2024-04-25T18:17:39.327220" elapsed="0.000451"/>
</kw>
<kw name="Should Match Regexp" owner="BuiltIn">
<arg>${json_data['results'][0]['picture']['medium']}</arg>
<arg>^https?://.*\.(?:png|jpe?g|gif|bmp)$</arg>
<doc>Fails if ``string`` does not match ``pattern`` as a regular expression.</doc>
<status status="PASS" start="2024-04-25T18:17:39.327864" elapsed="0.000353"/>
</kw>
<kw name="Should Match Regexp" owner="BuiltIn">
<arg>${json_data['results'][0]['picture']['thumbnail']}</arg>
<arg>^https?://.*\.(?:png|jpe?g|gif|bmp)$</arg>
<doc>Fails if ``string`` does not match ``pattern`` as a regular expression.</doc>
<status status="PASS" start="2024-04-25T18:17:39.328404" elapsed="0.000348"/>
</kw>
<kw name="Log" owner="BuiltIn">
<msg time="2024-04-25T18:17:39.329269" level="INFO">{'large': 'https://randomuser.me/api/portraits/women/67.jpg', 'medium': 'https://randomuser.me/api/portraits/med/women/67.jpg', 'thumbnail': 'https://randomuser.me/api/portraits/thumb/women/67.jpg'}</msg>
<arg>${json_data['results'][0]['picture']}</arg>
<doc>Logs the given message with the given level.</doc>
<status status="PASS" start="2024-04-25T18:17:39.328947" elapsed="0.000362"/>
</kw>
<status status="PASS" start="2024-04-25T18:17:39.256378" elapsed="0.073180"/>
</kw>
<kw name="Teste de Tipos de Dados - Postcode" owner="random-user-service">
<kw name="GET On Session" owner="RequestsLibrary">
<msg time="2024-04-25T18:17:39.394086" level="INFO">GET Request : url=https://randomuser.me/api 
 path_url=/api 
 headers={'User-Agent': 'python-requests/2.31.0', 'Accept-Encoding': 'gzip, deflate', 'Accept': '*/*', 'Connection': 'keep-alive'} 
 body=None 
 </msg>
<msg time="2024-04-25T18:17:39.394165" level="INFO">GET Response : url=https://randomuser.me/api 
 status=200, reason=OK 
 headers={'Date': 'Thu, 25 Apr 2024 18:17:39 GMT', 'Content-Type': 'application/json; charset=utf-8', 'Transfer-Encoding': 'chunked', 'Connection': 'keep-alive', 'X-Powered-By': 'Express', 'Access-Control-Allow-Origin': '*', 'Cache-Control': 'no-cache', 'ETag': 'W/"469-YepVES3HZRd4Ss1rUZ7aeeosfKY"', 'Vary': 'Accept-Encoding', 'Content-Encoding': 'gzip', 'CF-Cache-Status': 'DYNAMIC', 'Report-To': '{"endpoints":[{"url":"https:\\/\\/a.nel.cloudflare.com\\/report\\/v4?s=ZyIfiqNDbVWAQH0y7eRzu9k20Ph1RoLYLOJ6A2UOW%2BnfzmZUE%2FR7lKvuNlSPHm5bDcg2A0ue57X8UAQbiJ2ZVqcilegKiBzwEp2U73M0q6XxF47fMCYb10Sxni%2BQfjCP"}],"group":"cf-nel","max_age":604800}', 'NEL': '{"success_fraction":0,"report_to":"cf-nel","max_age":604800}', 'Server': 'cloudflare', 'CF-RAY': '87a054c4dc085a5d-IAD', 'alt-svc': 'h3=":443"; ma=86400'} 
 body={"results":[{"gender":"male","name":{"title":"Mr","first":"Torstein","last":"Rimstad"},"location":{"street":{"number":8268,"name":"Blåsbortveien"},"city":"Torsken","state":"Akershus","country":"Norway","postcode":"0586","coordinates":{"latitude":"39.9721","longitude":"-84.2446"},"timezone":{"offset":"+3:30","description":"Tehran"}},"email":"torstein.rimstad@example.com","login":{"uuid":"ea9d1d07-76f4-49c9-aacf-01f0258af682","username":"smallzebra117","password":"objects","salt":"Ez9qMUMh","md5":"790cad0a396cd2cda3c8dd2409021a74","sha1":"00ad1030a45c54a70568d4e81f211492edffa69d","sha256":"9139d2cba481e034642193cb856a29aef26ced640bef93313f591056fc4d4b47"},"dob":{"date":"1949-04-18T02:04:42.432Z","age":75},"registered":{"date":"2022-01-03T14:48:45.672Z","age":2},"phone":"23569351","cell":"40456085","id":{"name":"FN","value":"18044913115"},"picture":{"large":"https://randomuser.me/api/portraits/men/6.jpg","medium":"https://randomuser.me/api/portraits/med/men/6.jpg","thumbnail":"https://randomuser.me/api/portraits/thumb/men/6.jpg"},"nat":"NO"}],"info":{"seed":"748821b20912a603","results":1,"page":1,"version":"1.4"}} 
 </msg>
<msg time="2024-04-25T18:17:39.394236" level="INFO">/opt/hostedtoolcache/Python/3.12.3/x64/lib/python3.12/site-packages/urllib3/connectionpool.py:1103: InsecureRequestWarning: Unverified HTTPS request is being made to host 'randomuser.me'. Adding certificate verification is strongly advised. See: https://urllib3.readthedocs.io/en/latest/advanced-usage.html#tls-warnings
  warnings.warn(</msg>
<msg time="2024-04-25T18:17:39.394339" level="INFO">${response} = &lt;Response [200]&gt;</msg>
<var>${response}</var>
<arg>consultarAPI</arg>
<arg>/api</arg>
<doc>Sends a GET request on a previously created HTTP Session.</doc>
<status status="PASS" start="2024-04-25T18:17:39.329996" elapsed="0.064380"/>
</kw>
<kw name="Set Variable" owner="BuiltIn">
<msg time="2024-04-25T18:17:39.395250" level="INFO">${json_data} = {'results': [{'gender': 'male', 'name': {'title': 'Mr', 'first': 'Torstein', 'last': 'Rimstad'}, 'location': {'street': {'number': 8268, 'name': 'Blåsbortveien'}, 'city': 'Torsken', 'state': 'Akershus...</msg>
<var>${json_data}</var>
<arg>${response.json()}</arg>
<doc>Returns the given values which can then be assigned to a variables.</doc>
<status status="PASS" start="2024-04-25T18:17:39.394795" elapsed="0.000484"/>
</kw>
<kw name="Log" owner="BuiltIn">
<msg time="2024-04-25T18:17:39.395742" level="INFO">{'results': [{'gender': 'male', 'name': {'title': 'Mr', 'first': 'Torstein', 'last': 'Rimstad'}, 'location': {'street': {'number': 8268, 'name': 'Blåsbortveien'}, 'city': 'Torsken', 'state': 'Akershus', 'country': 'Norway', 'postcode': '0586', 'coordinates': {'latitude': '39.9721', 'longitude': '-84.2446'}, 'timezone': {'offset': '+3:30', 'description': 'Tehran'}}, 'email': 'torstein.rimstad@example.com', 'login': {'uuid': 'ea9d1d07-76f4-49c9-aacf-01f0258af682', 'username': 'smallzebra117', 'password': 'objects', 'salt': 'Ez9qMUMh', 'md5': '790cad0a396cd2cda3c8dd2409021a74', 'sha1': '00ad1030a45c54a70568d4e81f211492edffa69d', 'sha256': '9139d2cba481e034642193cb856a29aef26ced640bef93313f591056fc4d4b47'}, 'dob': {'date': '1949-04-18T02:04:42.432Z', 'age': 75}, 'registered': {'date': '2022-01-03T14:48:45.672Z', 'age': 2}, 'phone': '23569351', 'cell': '40456085', 'id': {'name': 'FN', 'value': '18044913115'}, 'picture': {'large': 'https://randomuser.me/api/portraits/men/6.jpg', 'medium': 'https://randomuser.me/api/portraits/med/men/6.jpg', 'thumbnail': 'https://randomuser.me/api/portraits/thumb/men/6.jpg'}, 'nat': 'NO'}], 'info': {'seed': '748821b20912a603', 'results': 1, 'page': 1, 'version': '1.4'}}</msg>
<arg>${json_data}</arg>
<doc>Logs the given message with the given level.</doc>
<status status="PASS" start="2024-04-25T18:17:39.395582" elapsed="0.000237"/>
</kw>
<kw name="Should Be Equal As Numbers" owner="BuiltIn">
<arg>${json_data['results'][0]['location']['postcode']}</arg>
<arg>${json_data['results'][0]['location']['postcode']}</arg>
<doc>Fails if objects are unequal after converting them to real numbers.</doc>
<status status="PASS" start="2024-04-25T18:17:39.396121" elapsed="0.000753"/>
</kw>
<kw name="Log" owner="BuiltIn">
<msg time="2024-04-25T18:17:39.397496" level="INFO">0586</msg>
<arg>${json_data['results'][0]['location']['postcode']}</arg>
<doc>Logs the given message with the given level.</doc>
<status status="PASS" start="2024-04-25T18:17:39.397143" elapsed="0.000393"/>
</kw>
<status status="PASS" start="2024-04-25T18:17:39.329771" elapsed="0.068019"/>
</kw>
<doc>Testa se os tipos de dados na resposta da API estão corretos.</doc>
<tag>testeTiposDados</tag>
<status status="PASS" start="2024-04-25T18:17:39.255916" elapsed="0.142035"/>
</test>
<test id="s1-s1-t5" name="Validar conteudo" line="35">
<kw name="Teste de Tipos de Conteudo" owner="random-user-service">
<kw name="GET On Session" owner="RequestsLibrary">
<msg time="2024-04-25T18:17:39.498693" level="INFO">GET Request : url=https://randomuser.me/api 
 path_url=/api 
 headers={'User-Agent': 'python-requests/2.31.0', 'Accept-Encoding': 'gzip, deflate', 'Accept': '*/*', 'Connection': 'keep-alive'} 
 body=None 
 </msg>
<msg time="2024-04-25T18:17:39.498770" level="INFO">GET Response : url=https://randomuser.me/api 
 status=200, reason=OK 
 headers={'Date': 'Thu, 25 Apr 2024 18:17:39 GMT', 'Content-Type': 'application/json; charset=utf-8', 'Transfer-Encoding': 'chunked', 'Connection': 'keep-alive', 'X-Powered-By': 'Express', 'Access-Control-Allow-Origin': '*', 'Cache-Control': 'no-cache', 'ETag': 'W/"478-KSQTe4J1zaktWcFOR4GB62A6Xog"', 'Vary': 'Accept-Encoding', 'Content-Encoding': 'gzip', 'CF-Cache-Status': 'DYNAMIC', 'Report-To': '{"endpoints":[{"url":"https:\\/\\/a.nel.cloudflare.com\\/report\\/v4?s=k4UNfuOc1xvG%2FaUYTRBEEIKFEZdGdBrVeEPFCgtZ3eGcpRTjjBp6mEtXyxQis4cxxqjJc4hZMd5yMobVGo%2BdyMvZOR2Pi7EW5nZhY9PuLnadz6Q%2Fz6lYZ7%2BtPw5U7stJ"}],"group":"cf-nel","max_age":604800}', 'NEL': '{"success_fraction":0,"report_to":"cf-nel","max_age":604800}', 'Server': 'cloudflare', 'CF-RAY': '87a054c54c7f5a5d-IAD', 'alt-svc': 'h3=":443"; ma=86400'} 
 body={"results":[{"gender":"male","name":{"title":"Mr","first":"Kuzey","last":"Sinanoğlu"},"location":{"street":{"number":7935,"name":"Necatibey Cd"},"city":"Kırklareli","state":"Çorum","country":"Turkey","postcode":66281,"coordinates":{"latitude":"68.0561","longitude":"-9.5329"},"timezone":{"offset":"+9:30","description":"Adelaide, Darwin"}},"email":"kuzey.sinanoglu@example.com","login":{"uuid":"8bec873a-0639-465c-8851-33ceddf56f7d","username":"greenbutterfly273","password":"lazarus","salt":"bzmLyvWH","md5":"c23adaaf0233cb13ca624b1b1d1aa57d","sha1":"9ba289a6282e566e930759e886e6d697906ec620","sha256":"c8224a24ff659f31f0556f3fc8e7fe03deb0ab12bc0ebfc6783fbd8e1de9f338"},"dob":{"date":"1956-05-18T16:32:49.689Z","age":67},"registered":{"date":"2018-03-25T20:41:01.115Z","age":6},"phone":"(889)-339-4869","cell":"(496)-514-4734","id":{"name":"","value":null},"picture":{"large":"https://randomuser.me/api/portraits/men/91.jpg","medium":"https://randomuser.me/api/portraits/med/men/91.jpg","thumbnail":"https://randomuser.me/api/portraits/thumb/men/91.jpg"},"nat":"TR"}],"info":{"seed":"f012aae3084d8618","results":1,"page":1,"version":"1.4"}} 
 </msg>
<msg time="2024-04-25T18:17:39.498834" level="INFO">/opt/hostedtoolcache/Python/3.12.3/x64/lib/python3.12/site-packages/urllib3/connectionpool.py:1103: InsecureRequestWarning: Unverified HTTPS request is being made to host 'randomuser.me'. Adding certificate verification is strongly advised. See: https://urllib3.readthedocs.io/en/latest/advanced-usage.html#tls-warnings
  warnings.warn(</msg>
<msg time="2024-04-25T18:17:39.498931" level="INFO">${response} = &lt;Response [200]&gt;</msg>
<var>${response}</var>
<arg>consultarAPI</arg>
<arg>/api</arg>
<doc>Sends a GET request on a previously created HTTP Session.</doc>
<status status="PASS" start="2024-04-25T18:17:39.400389" elapsed="0.098576"/>
</kw>
<kw name="Set Variable" owner="BuiltIn">
<msg time="2024-04-25T18:17:39.499876" level="INFO">${json_data} = {'results': [{'gender': 'male', 'name': {'title': 'Mr', 'first': 'Kuzey', 'last': 'Sinanoğlu'}, 'location': {'street': {'number': 7935, 'name': 'Necatibey Cd'}, 'city': 'Kırklareli', 'state': 'Çorum',...</msg>
<var>${json_data}</var>
<arg>${response.json()}</arg>
<doc>Returns the given values which can then be assigned to a variables.</doc>
<status status="PASS" start="2024-04-25T18:17:39.499402" elapsed="0.000504"/>
</kw>
<kw name="Set Variable" owner="BuiltIn">
<msg time="2024-04-25T18:17:39.500592" level="INFO">${name_title} = Mr</msg>
<var>${name_title}</var>
<arg>${json_data["results"][0]["name"]["title"]}</arg>
<doc>Returns the given values which can then be assigned to a variables.</doc>
<status status="PASS" start="2024-04-25T18:17:39.500208" elapsed="0.000408"/>
</kw>
<kw name="Create List" owner="BuiltIn">
<msg time="2024-04-25T18:17:39.501110" level="INFO">${allowed_titles} = ['Mr', 'Ms', 'Miss', 'Mrs', 'Madame', 'Monsieur']</msg>
<var>${allowed_titles}</var>
<arg>Mr</arg>
<arg>Ms</arg>
<arg>Miss</arg>
<arg>Mrs</arg>
<arg>Madame</arg>
<arg>Monsieur</arg>
<doc>Returns a list containing given items.</doc>
<status status="PASS" start="2024-04-25T18:17:39.500949" elapsed="0.000186"/>
</kw>
<kw name="List Should Contain Value" owner="Collections">
<msg time="2024-04-25T18:17:39.501613" level="INFO">False</msg>
<arg>${allowed_titles}</arg>
<arg>${name_title}</arg>
<doc>Fails if the ``value`` is not found from ``list``.</doc>
<status status="PASS" start="2024-04-25T18:17:39.501439" elapsed="0.000210"/>
</kw>
<kw name="Set Variable" owner="BuiltIn">
<msg time="2024-04-25T18:17:39.502318" level="INFO">${name_country} = TR</msg>
<var>${name_country}</var>
<arg>${json_data["results"][0]["nat"]}</arg>
<doc>Returns the given values which can then be assigned to a variables.</doc>
<status status="PASS" start="2024-04-25T18:17:39.501942" elapsed="0.000400"/>
</kw>
<kw name="Create List" owner="BuiltIn">
<msg time="2024-04-25T18:17:39.503224" level="INFO">${list_country} = ['AD', 'AE', 'AF', 'AG', 'AI', 'AL', 'AM', 'AO', 'AQ', 'AR', 'AS', 'AT', 'AU', 'AW', 'AX', 'AZ', 'BA', 'BB', 'BD', 'BE', 'BF', 'BG', 'BH', 'BI', 'BJ', 'BL', 'BM', 'BN', 'BO', 'BQ', 'BR', 'BS', 'BT', '...</msg>
<var>${list_country}</var>
<arg>AD</arg>
<arg>AE</arg>
<arg>AF</arg>
<arg>AG</arg>
<arg>AI</arg>
<arg>AL</arg>
<arg>AM</arg>
<arg>AO</arg>
<arg>AQ</arg>
<arg>AR</arg>
<arg>AS</arg>
<arg>AT</arg>
<arg>AU</arg>
<arg>AW</arg>
<arg>AX</arg>
<arg>AZ</arg>
<arg>BA</arg>
<arg>BB</arg>
<arg>BD</arg>
<arg>BE</arg>
<arg>BF</arg>
<arg>BG</arg>
<arg>BH</arg>
<arg>BI</arg>
<arg>BJ</arg>
<arg>BL</arg>
<arg>BM</arg>
<arg>BN</arg>
<arg>BO</arg>
<arg>BQ</arg>
<arg>BR</arg>
<arg>BS</arg>
<arg>BT</arg>
<arg>BV</arg>
<arg>BW</arg>
<arg>BY</arg>
<arg>BZ</arg>
<arg>CA</arg>
<arg>CC</arg>
<arg>CD</arg>
<arg>CF</arg>
<arg>CG</arg>
<arg>CH</arg>
<arg>CI</arg>
<arg>CK</arg>
<arg>CL</arg>
<arg>CM</arg>
<arg>CN</arg>
<arg>CO</arg>
<arg>CR</arg>
<arg>CU</arg>
<arg>CV</arg>
<arg>CW</arg>
<arg>CX</arg>
<arg>CY</arg>
<arg>CZ</arg>
<arg>DE</arg>
<arg>DJ</arg>
<arg>DK</arg>
<arg>DM</arg>
<arg>DO</arg>
<arg>DZ</arg>
<arg>EC</arg>
<arg>EE</arg>
<arg>EG</arg>
<arg>EH</arg>
<arg>ER</arg>
<arg>ES</arg>
<arg>ET</arg>
<arg>FI</arg>
<arg>FJ</arg>
<arg>FK</arg>
<arg>FM</arg>
<arg>FO</arg>
<arg>FR</arg>
<arg>GA</arg>
<arg>GB</arg>
<arg>GD</arg>
<arg>GE</arg>
<arg>GF</arg>
<arg>GG</arg>
<arg>GH</arg>
<arg>GI</arg>
<arg>GL</arg>
<arg>GM</arg>
<arg>GN</arg>
<arg>GP</arg>
<arg>GQ</arg>
<arg>GR</arg>
<arg>GS</arg>
<arg>GT</arg>
<arg>GU</arg>
<arg>GW</arg>
<arg>GY</arg>
<arg>HK</arg>
<arg>HM</arg>
<arg>HN</arg>
<arg>HR</arg>
<arg>HT</arg>
<arg>HU</arg>
<arg>ID</arg>
<arg>IE</arg>
<arg>IL</arg>
<arg>IM</arg>
<arg>IN</arg>
<arg>IO</arg>
<arg>IQ</arg>
<arg>IR</arg>
<arg>IS</arg>
<arg>IT</arg>
<arg>JE</arg>
<arg>JM</arg>
<arg>JO</arg>
<arg>JP</arg>
<arg>KE</arg>
<arg>KG</arg>
<arg>KH</arg>
<arg>KI</arg>
<arg>KM</arg>
<arg>KN</arg>
<arg>KP</arg>
<arg>KR</arg>
<arg>KW</arg>
<arg>KY</arg>
<arg>KZ</arg>
<arg>LA</arg>
<arg>LB</arg>
<arg>LC</arg>
<arg>LI</arg>
<arg>LK</arg>
<arg>LR</arg>
<arg>LS</arg>
<arg>LT</arg>
<arg>LU</arg>
<arg>LV</arg>
<arg>LY</arg>
<arg>MA</arg>
<arg>MC</arg>
<arg>MD</arg>
<arg>ME</arg>
<arg>MF</arg>
<arg>MG</arg>
<arg>MH</arg>
<arg>MK</arg>
<arg>ML</arg>
<arg>MM</arg>
<arg>MN</arg>
<arg>MO</arg>
<arg>MP</arg>
<arg>MQ</arg>
<arg>MR</arg>
<arg>MS</arg>
<arg>MT</arg>
<arg>MU</arg>
<arg>MV</arg>
<arg>MW</arg>
<arg>MX</arg>
<arg>MY</arg>
<arg>MZ</arg>
<arg>NA</arg>
<arg>NC</arg>
<arg>NE</arg>
<arg>NF</arg>
<arg>NG</arg>
<arg>NI</arg>
<arg>NL</arg>
<arg>NO</arg>
<arg>NP</arg>
<arg>NR</arg>
<arg>NU</arg>
<arg>NZ</arg>
<arg>OM</arg>
<arg>PA</arg>
<arg>PE</arg>
<arg>PF</arg>
<arg>PG</arg>
<arg>PH</arg>
<arg>PK</arg>
<arg>PL</arg>
<arg>PM</arg>
<arg>PN</arg>
<arg>PR</arg>
<arg>PS</arg>
<arg>PT</arg>
<arg>PW</arg>
<arg>PY</arg>
<arg>QA</arg>
<arg>RE</arg>
<arg>RO</arg>
<arg>RS</arg>
<arg>RU</arg>
<arg>RW</arg>
<arg>SA</arg>
<arg>SB</arg>
<arg>SC</arg>
<arg>SD</arg>
<arg>SE</arg>
<arg>SG</arg>
<arg>SH</arg>
<arg>SI</arg>
<arg>SJ</arg>
<arg>SK</arg>
<arg>SL</arg>
<arg>SM</arg>
<arg>SN</arg>
<arg>SO</arg>
<arg>SR</arg>
<arg>SS</arg>
<arg>ST</arg>
<arg>SV</arg>
<arg>SX</arg>
<arg>SY</arg>
<arg>SZ</arg>
<arg>TC</arg>
<arg>TD</arg>
<arg>TF</arg>
<arg>TG</arg>
<arg>TH</arg>
<arg>TJ</arg>
<arg>TK</arg>
<arg>TL</arg>
<arg>TM</arg>
<arg>TN</arg>
<arg>TO</arg>
<arg>TR</arg>
<arg>TT</arg>
<arg>TV</arg>
<arg>TW</arg>
<arg>TZ</arg>
<arg>UA</arg>
<arg>UG</arg>
<arg>UM</arg>
<arg>US</arg>
<arg>UY</arg>
<arg>UZ</arg>
<arg>VA</arg>
<arg>VC</arg>
<arg>VE</arg>
<arg>VG</arg>
<arg>VI</arg>
<arg>VN</arg>
<arg>VU</arg>
<arg>WF</arg>
<arg>WS</arg>
<arg>XK</arg>
<arg>YE</arg>
<arg>YT</arg>
<arg>ZA</arg>
<arg>ZM</arg>
<arg>ZW</arg>
<doc>Returns a list containing given items.</doc>
<status status="PASS" start="2024-04-25T18:17:39.502642" elapsed="0.000607"/>
</kw>
<kw name="List Should Contain Value" owner="Collections">
<msg time="2024-04-25T18:17:39.504237" level="INFO">False</msg>
<arg>${list_country}</arg>
<arg>${name_country}</arg>
<doc>Fails if the ``value`` is not found from ``list``.</doc>
<status status="PASS" start="2024-04-25T18:17:39.504037" elapsed="0.000236"/>
</kw>
<kw name="Run Keyword If" owner="BuiltIn">
<kw name="Should Be True" owner="BuiltIn">
<arg>${True}</arg>
<doc>Fails if the given condition is not true.</doc>
<status status="PASS" start="2024-04-25T18:17:39.505368" elapsed="0.000144"/>
</kw>
<arg>${json_data["results"][0]["location"]["coordinates"]["latitude"]} &gt;= -90 and ${json_data["results"][0]["location"]["coordinates"]["latitude"]} &lt;= 90</arg>
<arg>Should Be True</arg>
<arg>${True}</arg>
<doc>Runs the given keyword with the given arguments, if ``condition`` is true.</doc>
<status status="PASS" start="2024-04-25T18:17:39.504581" elapsed="0.001057"/>
</kw>
<kw name="Run Keyword If" owner="BuiltIn">
<kw name="Should Be True" owner="BuiltIn">
<arg>${True}</arg>
<doc>Fails if the given condition is not true.</doc>
<status status="PASS" start="2024-04-25T18:17:39.506534" elapsed="0.000272"/>
</kw>
<arg>${json_data["results"][0]["location"]["coordinates"]["longitude"]} &gt;= -180 and ${json_data["results"][0]["location"]["coordinates"]["longitude"]} &lt;= 180</arg>
<arg>Should Be True</arg>
<arg>${True}</arg>
<doc>Runs the given keyword with the given arguments, if ``condition`` is true.</doc>
<status status="PASS" start="2024-04-25T18:17:39.505821" elapsed="0.001114"/>
</kw>
<status status="PASS" start="2024-04-25T18:17:39.400165" elapsed="0.106900"/>
</kw>
<doc>Testa o conteúdo específico dos campos retornados pela API.</doc>
<tag>testeConteudo</tag>
<status status="PASS" start="2024-04-25T18:17:39.399722" elapsed="0.107491"/>
</test>
<status status="PASS" start="2024-04-25T18:17:38.136949" elapsed="1.372227"/>
</suite>
<status status="PASS" start="2024-04-25T18:17:38.123422" elapsed="1.390859"/>
</suite>
<statistics>
<total>
<stat pass="5" fail="0" skip="0">All Tests</stat>
</total>
<tag>
<stat pass="1" fail="0" skip="0">testeConteudo</stat>
<stat pass="1" fail="0" skip="0">testeEstruturaResposta</stat>
<stat pass="1" fail="0" skip="0">testeRequisicaoBasica</stat>
<stat pass="1" fail="0" skip="0">testeTiposDados</stat>
</tag>
<suite>
<stat pass="5" fail="0" skip="0" id="s1" name="Tests">Tests</stat>
<stat pass="5" fail="0" skip="0" id="s1-s1" name="Random-User-Test">Tests.Random-User-Test</stat>
</suite>
</statistics>
<errors>
</errors>
</robot>
