<?xml version="1.0" encoding="UTF-8"?>
<robot generator="Robot 7.0 (Python 3.12.3 on linux)" generated="2024-06-03T17:14:38.557818" rpa="false" schemaversion="5">
<suite id="s1" name="Tests" source="/home/runner/work/ApiRandomUser/ApiRandomUser/RamdonUser/tests">
<suite id="s1-s1" name="Random-User-Test" source="/home/runner/work/ApiRandomUser/ApiRandomUser/RamdonUser/tests/random-user-test.robot">
<test id="s1-s1-t1" name="Conectar" line="13">
<kw name="Conectar API" owner="random-user-service">
<kw name="Create Session" owner="RequestsLibrary">
<msg time="2024-06-03T17:14:38.943903" level="INFO">Creating Session using : alias=consultarAPI, url=https://randomuser.me/, headers={},                     cookies={}, auth=None, timeout=None, proxies=None, verify=False,                     debug=0 </msg>
<arg>consultarAPI</arg>
<arg>${URL}</arg>
<doc>Create Session: create a HTTP session to a server</doc>
<status status="PASS" start="2024-06-03T17:14:38.943698" elapsed="0.000429"/>
</kw>
<status status="PASS" start="2024-06-03T17:14:38.942629" elapsed="0.001869"/>
</kw>
<status status="PASS" start="2024-06-03T17:14:38.941986" elapsed="0.002704"/>
</test>
<test id="s1-s1-t2" name="Validar retorno 200 e JSON Válido" line="16">
<kw name="Teste de Requisicao Basica" owner="random-user-service">
<kw name="GET On Session" owner="RequestsLibrary">
<msg time="2024-06-03T17:14:39.154276" level="INFO">GET Request : url=https://randomuser.me/api 
 path_url=/api 
 headers={'User-Agent': 'python-requests/2.32.3', 'Accept-Encoding': 'gzip, deflate', 'Accept': '*/*', 'Connection': 'keep-alive'} 
 body=None 
 </msg>
<msg time="2024-06-03T17:14:39.154434" level="INFO">GET Response : url=https://randomuser.me/api 
 status=200, reason=OK 
 headers={'Date': 'Mon, 03 Jun 2024 17:14:39 GMT', 'Content-Type': 'application/json; charset=utf-8', 'Transfer-Encoding': 'chunked', 'Connection': 'keep-alive', 'X-Powered-By': 'Express', 'Access-Control-Allow-Origin': '*', 'Cache-Control': 'no-cache', 'ETag': 'W/"494-9f2bdjUDy+SSLU1VmQ519hXgoBA"', 'Vary': 'Accept-Encoding', 'Content-Encoding': 'gzip', 'CF-Cache-Status': 'DYNAMIC', 'Report-To': '{"endpoints":[{"url":"https:\\/\\/a.nel.cloudflare.com\\/report\\/v4?s=XlsUNICuU%2Bea05jEgklTTvAvOcN5kQpje6eAXWZlrbxNB2NB3nc%2FRORLbhwE1yuHTeqX2fPuyh9%2B8qoGYc10qEgvZnzy0F2Qy48Gpai7tmccmSdyJz7oGuqqriTo7ger"}],"group":"cf-nel","max_age":604800}', 'NEL': '{"success_fraction":0,"report_to":"cf-nel","max_age":604800}', 'Server': 'cloudflare', 'CF-RAY': '88e1521a5b0d112f-ORD', 'alt-svc': 'h3=":443"; ma=86400'} 
 body={"results":[{"gender":"male","name":{"title":"Mr","first":"Justin","last":"Martin"},"location":{"street":{"number":3160,"name":"Victoria Road"},"city":"Edenderry","state":"Fingal","country":"Ireland","postcode":32873,"coordinates":{"latitude":"3.8924","longitude":"-43.6762"},"timezone":{"offset":"0:00","description":"Western Europe Time, London, Lisbon, Casablanca"}},"email":"justin.martin@example.com","login":{"uuid":"9975e544-c231-4420-bf2c-17a5d79ecc98","username":"blacksnake187","password":"wrestling","salt":"VlmftibD","md5":"cc1c86b39dbea52268544ee6125006ae","sha1":"c920f5e6ee65b1707a09e4ec52f8c9a632fcf462","sha256":"d8d596b7b9b76d611f3b563918addc58d481a4270fbd868e130133334cec337b"},"dob":{"date":"1972-12-04T16:49:14.056Z","age":51},"registered":{"date":"2015-07-29T14:49:24.580Z","age":8},"phone":"061-469-7755","cell":"081-760-4139","id":{"name":"PPS","value":"3287073T"},"picture":{"large":"https://randomuser.me/api/portraits/men/36.jpg","medium":"https://randomuser.me/api/portraits/med/men/36.jpg","thumbnail":"https://randomuser.me/api/portraits/thumb/men/36.jpg"},"nat":"IE"}],"info":{"seed":"38c38414edede6bf","results":1,"page":1,"version":"1.4"}} 
 </msg>
<msg time="2024-06-03T17:14:39.154523" level="INFO">/opt/hostedtoolcache/Python/3.12.3/x64/lib/python3.12/site-packages/urllib3/connectionpool.py:1103: InsecureRequestWarning: Unverified HTTPS request is being made to host 'randomuser.me'. Adding certificate verification is strongly advised. See: https://urllib3.readthedocs.io/en/latest/advanced-usage.html#tls-warnings
  warnings.warn(</msg>
<msg time="2024-06-03T17:14:39.154678" level="INFO">${response} = &lt;Response [200]&gt;</msg>
<var>${response}</var>
<arg>consultarAPI</arg>
<arg>/api</arg>
<doc>Sends a GET request on a previously created HTTP Session.</doc>
<status status="PASS" start="2024-06-03T17:14:38.947388" elapsed="0.207333"/>
</kw>
<kw name="Should Be Equal As Numbers" owner="BuiltIn">
<msg time="2024-06-03T17:14:39.155912" level="INFO">Argument types are:
&lt;class 'int'&gt;
&lt;class 'str'&gt;</msg>
<arg>${response.status_code}</arg>
<arg>200</arg>
<doc>Fails if objects are unequal after converting them to real numbers.</doc>
<status status="PASS" start="2024-06-03T17:14:39.155410" elapsed="0.000570"/>
</kw>
<kw name="Log" owner="BuiltIn">
<msg time="2024-06-03T17:14:39.156716" level="INFO">200</msg>
<arg>${response.status_code}</arg>
<doc>Logs the given message with the given level.</doc>
<status status="PASS" start="2024-06-03T17:14:39.156367" elapsed="0.000398"/>
</kw>
<kw name="Set Variable" owner="BuiltIn">
<msg time="2024-06-03T17:14:39.157515" level="INFO">${json_data} = {'results': [{'gender': 'male', 'name': {'title': 'Mr', 'first': 'Justin', 'last': 'Martin'}, 'location': {'street': {'number': 3160, 'name': 'Victoria Road'}, 'city': 'Edenderry', 'state': 'Fingal', ...</msg>
<var>${json_data}</var>
<arg>${response.json()}</arg>
<doc>Returns the given values which can then be assigned to a variables.</doc>
<status status="PASS" start="2024-06-03T17:14:39.157078" elapsed="0.000466"/>
</kw>
<kw name="Dictionary Should Contain Key" owner="Collections">
<msg time="2024-06-03T17:14:39.158026" level="INFO">False</msg>
<arg>${json_data}</arg>
<arg>results</arg>
<doc>Fails if ``key`` is not found from ``dictionary``.</doc>
<status status="PASS" start="2024-06-03T17:14:39.157855" elapsed="0.000370"/>
</kw>
<status status="PASS" start="2024-06-03T17:14:38.947131" elapsed="0.211369"/>
</kw>
<doc>Testa se a API responde corretamente e retorna um objeto JSON válido.</doc>
<tag>testeRequisicaoBasica</tag>
<status status="PASS" start="2024-06-03T17:14:38.946579" elapsed="0.212108"/>
</test>
<test id="s1-s1-t3" name="Validar estrutura de resposta" line="22">
<kw name="Teste de Estrutura de Resposta" owner="random-user-service">
<kw name="GET On Session" owner="RequestsLibrary">
<msg time="2024-06-03T17:14:39.252379" level="INFO">GET Request : url=https://randomuser.me/api 
 path_url=/api 
 headers={'User-Agent': 'python-requests/2.32.3', 'Accept-Encoding': 'gzip, deflate', 'Accept': '*/*', 'Connection': 'keep-alive'} 
 body=None 
 </msg>
<msg time="2024-06-03T17:14:39.252483" level="INFO">GET Response : url=https://randomuser.me/api 
 status=200, reason=OK 
 headers={'Date': 'Mon, 03 Jun 2024 17:14:39 GMT', 'Content-Type': 'application/json; charset=utf-8', 'Transfer-Encoding': 'chunked', 'Connection': 'keep-alive', 'X-Powered-By': 'Express', 'Access-Control-Allow-Origin': '*', 'Cache-Control': 'no-cache', 'ETag': 'W/"49c-AZzLFTQzj+H5Je7l8XJh4tG2qBs"', 'Vary': 'Accept-Encoding', 'Content-Encoding': 'gzip', 'CF-Cache-Status': 'DYNAMIC', 'Report-To': '{"endpoints":[{"url":"https:\\/\\/a.nel.cloudflare.com\\/report\\/v4?s=raBkrzoQCxTnNwdPUfVlHBDwZjxmoWOFtjBjhV506pa9JygqrYlbUmOdt0yN13mIp%2FNvSaW5b0BZkd6uzLLUrsc8baMip%2F5gRl%2FOTnWfM6mLjUBbXkJnp3vbqpM25Ke5"}],"group":"cf-nel","max_age":604800}', 'NEL': '{"success_fraction":0,"report_to":"cf-nel","max_age":604800}', 'Server': 'cloudflare', 'CF-RAY': '88e1521acbce112f-ORD', 'alt-svc': 'h3=":443"; ma=86400'} 
 body={"results":[{"gender":"male","name":{"title":"Mr","first":"حامد","last":"نكو نظر"},"location":{"street":{"number":1650,"name":"میدان صادقیه"},"city":"قرچک","state":"سیستان و بلوچستان","country":"Iran","postcode":96011,"coordinates":{"latitude":"19.8233","longitude":"-18.0938"},"timezone":{"offset":"-7:00","description":"Mountain Time (US &amp; Canada)"}},"email":"hmd.nkwnzr@example.com","login":{"uuid":"5c22ca7f-1f44-4ed2-a6cd-a5d010cad364","username":"smallsnake699","password":"hannibal","salt":"h7qq41jO","md5":"4c233141916f40768756e8e65e46c220","sha1":"bc40835df2a4aa4f3476bd447ceddb4c27e73700","sha256":"86fdd65821bb649fd25e3e0eb41b2367d562772a8c9dabd6497ea795118fc3f3"},"dob":{"date":"1964-10-23T16:17:39.590Z","age":59},"registered":{"date":"2019-05-17T13:21:26.732Z","age":5},"phone":"010-86823308","cell":"0940-342-7537","id":{"name":"","value":null},"picture":{"large":"https://randomuser.me/api/portraits/men/5.jpg","medium":"https://randomuser.me/api/portraits/med/men/5.jpg","thumbnail":"https://randomuser.me/api/portraits/thumb/men/5.jpg"},"nat":"IR"}],"info":{"seed":"b0fe1ebfea28e1e5","results":1,"page":1,"version":"1.4"}} 
 </msg>
<msg time="2024-06-03T17:14:39.252618" level="INFO">/opt/hostedtoolcache/Python/3.12.3/x64/lib/python3.12/site-packages/urllib3/connectionpool.py:1103: InsecureRequestWarning: Unverified HTTPS request is being made to host 'randomuser.me'. Adding certificate verification is strongly advised. See: https://urllib3.readthedocs.io/en/latest/advanced-usage.html#tls-warnings
  warnings.warn(</msg>
<msg time="2024-06-03T17:14:39.252753" level="INFO">${response} = &lt;Response [200]&gt;</msg>
<var>${response}</var>
<arg>consultarAPI</arg>
<arg>/api</arg>
<doc>Sends a GET request on a previously created HTTP Session.</doc>
<status status="PASS" start="2024-06-03T17:14:39.161301" elapsed="0.091493"/>
</kw>
<kw name="Set Variable" owner="BuiltIn">
<msg time="2024-06-03T17:14:39.254057" level="INFO">${json_data} = {'results': [{'gender': 'male', 'name': {'title': 'Mr', 'first': 'حامد', 'last': 'نكو نظر'}, 'location': {'street': {'number': 1650, 'name': 'میدان صادقیه'}, 'city': 'قرچک', 'state': 'سیستان و بلوچستا...</msg>
<var>${json_data}</var>
<arg>${response.json()}</arg>
<doc>Returns the given values which can then be assigned to a variables.</doc>
<status status="PASS" start="2024-06-03T17:14:39.253459" elapsed="0.000632"/>
</kw>
<kw name="Log" owner="BuiltIn">
<msg time="2024-06-03T17:14:39.254573" level="INFO">{'results': [{'gender': 'male', 'name': {'title': 'Mr', 'first': 'حامد', 'last': 'نكو نظر'}, 'location': {'street': {'number': 1650, 'name': 'میدان صادقیه'}, 'city': 'قرچک', 'state': 'سیستان و بلوچستان', 'country': 'Iran', 'postcode': 96011, 'coordinates': {'latitude': '19.8233', 'longitude': '-18.0938'}, 'timezone': {'offset': '-7:00', 'description': 'Mountain Time (US &amp; Canada)'}}, 'email': 'hmd.nkwnzr@example.com', 'login': {'uuid': '5c22ca7f-1f44-4ed2-a6cd-a5d010cad364', 'username': 'smallsnake699', 'password': 'hannibal', 'salt': 'h7qq41jO', 'md5': '4c233141916f40768756e8e65e46c220', 'sha1': 'bc40835df2a4aa4f3476bd447ceddb4c27e73700', 'sha256': '86fdd65821bb649fd25e3e0eb41b2367d562772a8c9dabd6497ea795118fc3f3'}, 'dob': {'date': '1964-10-23T16:17:39.590Z', 'age': 59}, 'registered': {'date': '2019-05-17T13:21:26.732Z', 'age': 5}, 'phone': '010-86823308', 'cell': '0940-342-7537', 'id': {'name': '', 'value': None}, 'picture': {'large': 'https://randomuser.me/api/portraits/men/5.jpg', 'medium': 'https://randomuser.me/api/portraits/med/men/5.jpg', 'thumbnail': 'https://randomuser.me/api/portraits/thumb/men/5.jpg'}, 'nat': 'IR'}], 'info': {'seed': 'b0fe1ebfea28e1e5', 'results': 1, 'page': 1, 'version': '1.4'}}</msg>
<arg>${json_data}</arg>
<doc>Logs the given message with the given level.</doc>
<status status="PASS" start="2024-06-03T17:14:39.254408" elapsed="0.000222"/>
</kw>
<kw name="Dictionary Should Contain Key" owner="Collections">
<msg time="2024-06-03T17:14:39.255083" level="INFO">False</msg>
<arg>${json_data}</arg>
<arg>results</arg>
<doc>Fails if ``key`` is not found from ``dictionary``.</doc>
<status status="PASS" start="2024-06-03T17:14:39.254925" elapsed="0.000195"/>
</kw>
<kw name="Should Not Be Empty" owner="BuiltIn">
<msg time="2024-06-03T17:14:39.255558" level="INFO">Length is 2.</msg>
<arg>${json_data}</arg>
<doc>Verifies that the given item is not empty.</doc>
<status status="PASS" start="2024-06-03T17:14:39.255414" elapsed="0.000185"/>
</kw>
<kw name="Create List" owner="BuiltIn">
<msg time="2024-06-03T17:14:39.256078" level="INFO">${expected_keys} = ['gender', 'name', 'location', 'email', 'login']</msg>
<var>${expected_keys}</var>
<arg>gender</arg>
<arg>name</arg>
<arg>location</arg>
<arg>email</arg>
<arg>login</arg>
<doc>Returns a list containing given items.</doc>
<status status="PASS" start="2024-06-03T17:14:39.255891" elapsed="0.000216"/>
</kw>
<for flavor="IN">
<iter>
<kw name="Dictionary Should Contain Key" owner="Collections">
<msg time="2024-06-03T17:14:39.257121" level="INFO">False</msg>
<arg>${json_data['results'][0]}</arg>
<arg>${key}</arg>
<doc>Fails if ``key`` is not found from ``dictionary``.</doc>
<status status="PASS" start="2024-06-03T17:14:39.256710" elapsed="0.000455"/>
</kw>
<kw name="Log" owner="BuiltIn">
<msg time="2024-06-03T17:14:39.257846" level="INFO">{'gender': 'male', 'name': {'title': 'Mr', 'first': 'حامد', 'last': 'نكو نظر'}, 'location': {'street': {'number': 1650, 'name': 'میدان صادقیه'}, 'city': 'قرچک', 'state': 'سیستان و بلوچستان', 'country': 'Iran', 'postcode': 96011, 'coordinates': {'latitude': '19.8233', 'longitude': '-18.0938'}, 'timezone': {'offset': '-7:00', 'description': 'Mountain Time (US &amp; Canada)'}}, 'email': 'hmd.nkwnzr@example.com', 'login': {'uuid': '5c22ca7f-1f44-4ed2-a6cd-a5d010cad364', 'username': 'smallsnake699', 'password': 'hannibal', 'salt': 'h7qq41jO', 'md5': '4c233141916f40768756e8e65e46c220', 'sha1': 'bc40835df2a4aa4f3476bd447ceddb4c27e73700', 'sha256': '86fdd65821bb649fd25e3e0eb41b2367d562772a8c9dabd6497ea795118fc3f3'}, 'dob': {'date': '1964-10-23T16:17:39.590Z', 'age': 59}, 'registered': {'date': '2019-05-17T13:21:26.732Z', 'age': 5}, 'phone': '010-86823308', 'cell': '0940-342-7537', 'id': {'name': '', 'value': None}, 'picture': {'large': 'https://randomuser.me/api/portraits/men/5.jpg', 'medium': 'https://randomuser.me/api/portraits/med/men/5.jpg', 'thumbnail': 'https://randomuser.me/api/portraits/thumb/men/5.jpg'}, 'nat': 'IR'}</msg>
<arg>${json_data['results'][0]}</arg>
<doc>Logs the given message with the given level.</doc>
<status status="PASS" start="2024-06-03T17:14:39.257468" elapsed="0.000441"/>
</kw>
<kw name="Log" owner="BuiltIn">
<msg time="2024-06-03T17:14:39.258347" level="INFO">gender</msg>
<arg>${key}</arg>
<doc>Logs the given message with the given level.</doc>
<status status="PASS" start="2024-06-03T17:14:39.258215" elapsed="0.000172"/>
</kw>
<var name="${key}">gender</var>
<status status="PASS" start="2024-06-03T17:14:39.256585" elapsed="0.002021"/>
</iter>
<iter>
<kw name="Dictionary Should Contain Key" owner="Collections">
<msg time="2024-06-03T17:14:39.259311" level="INFO">False</msg>
<arg>${json_data['results'][0]}</arg>
<arg>${key}</arg>
<doc>Fails if ``key`` is not found from ``dictionary``.</doc>
<status status="PASS" start="2024-06-03T17:14:39.258911" elapsed="0.000471"/>
</kw>
<kw name="Log" owner="BuiltIn">
<msg time="2024-06-03T17:14:39.260077" level="INFO">{'gender': 'male', 'name': {'title': 'Mr', 'first': 'حامد', 'last': 'نكو نظر'}, 'location': {'street': {'number': 1650, 'name': 'میدان صادقیه'}, 'city': 'قرچک', 'state': 'سیستان و بلوچستان', 'country': 'Iran', 'postcode': 96011, 'coordinates': {'latitude': '19.8233', 'longitude': '-18.0938'}, 'timezone': {'offset': '-7:00', 'description': 'Mountain Time (US &amp; Canada)'}}, 'email': 'hmd.nkwnzr@example.com', 'login': {'uuid': '5c22ca7f-1f44-4ed2-a6cd-a5d010cad364', 'username': 'smallsnake699', 'password': 'hannibal', 'salt': 'h7qq41jO', 'md5': '4c233141916f40768756e8e65e46c220', 'sha1': 'bc40835df2a4aa4f3476bd447ceddb4c27e73700', 'sha256': '86fdd65821bb649fd25e3e0eb41b2367d562772a8c9dabd6497ea795118fc3f3'}, 'dob': {'date': '1964-10-23T16:17:39.590Z', 'age': 59}, 'registered': {'date': '2019-05-17T13:21:26.732Z', 'age': 5}, 'phone': '010-86823308', 'cell': '0940-342-7537', 'id': {'name': '', 'value': None}, 'picture': {'large': 'https://randomuser.me/api/portraits/men/5.jpg', 'medium': 'https://randomuser.me/api/portraits/med/men/5.jpg', 'thumbnail': 'https://randomuser.me/api/portraits/thumb/men/5.jpg'}, 'nat': 'IR'}</msg>
<arg>${json_data['results'][0]}</arg>
<doc>Logs the given message with the given level.</doc>
<status status="PASS" start="2024-06-03T17:14:39.259690" elapsed="0.000441"/>
</kw>
<kw name="Log" owner="BuiltIn">
<msg time="2024-06-03T17:14:39.260561" level="INFO">name</msg>
<arg>${key}</arg>
<doc>Logs the given message with the given level.</doc>
<status status="PASS" start="2024-06-03T17:14:39.260433" elapsed="0.000166"/>
</kw>
<var name="${key}">name</var>
<status status="PASS" start="2024-06-03T17:14:39.258795" elapsed="0.002026"/>
</iter>
<iter>
<kw name="Dictionary Should Contain Key" owner="Collections">
<msg time="2024-06-03T17:14:39.261498" level="INFO">False</msg>
<arg>${json_data['results'][0]}</arg>
<arg>${key}</arg>
<doc>Fails if ``key`` is not found from ``dictionary``.</doc>
<status status="PASS" start="2024-06-03T17:14:39.261113" elapsed="0.000423"/>
</kw>
<kw name="Log" owner="BuiltIn">
<msg time="2024-06-03T17:14:39.262208" level="INFO">{'gender': 'male', 'name': {'title': 'Mr', 'first': 'حامد', 'last': 'نكو نظر'}, 'location': {'street': {'number': 1650, 'name': 'میدان صادقیه'}, 'city': 'قرچک', 'state': 'سیستان و بلوچستان', 'country': 'Iran', 'postcode': 96011, 'coordinates': {'latitude': '19.8233', 'longitude': '-18.0938'}, 'timezone': {'offset': '-7:00', 'description': 'Mountain Time (US &amp; Canada)'}}, 'email': 'hmd.nkwnzr@example.com', 'login': {'uuid': '5c22ca7f-1f44-4ed2-a6cd-a5d010cad364', 'username': 'smallsnake699', 'password': 'hannibal', 'salt': 'h7qq41jO', 'md5': '4c233141916f40768756e8e65e46c220', 'sha1': 'bc40835df2a4aa4f3476bd447ceddb4c27e73700', 'sha256': '86fdd65821bb649fd25e3e0eb41b2367d562772a8c9dabd6497ea795118fc3f3'}, 'dob': {'date': '1964-10-23T16:17:39.590Z', 'age': 59}, 'registered': {'date': '2019-05-17T13:21:26.732Z', 'age': 5}, 'phone': '010-86823308', 'cell': '0940-342-7537', 'id': {'name': '', 'value': None}, 'picture': {'large': 'https://randomuser.me/api/portraits/men/5.jpg', 'medium': 'https://randomuser.me/api/portraits/med/men/5.jpg', 'thumbnail': 'https://randomuser.me/api/portraits/thumb/men/5.jpg'}, 'nat': 'IR'}</msg>
<arg>${json_data['results'][0]}</arg>
<doc>Logs the given message with the given level.</doc>
<status status="PASS" start="2024-06-03T17:14:39.261841" elapsed="0.000422"/>
</kw>
<kw name="Log" owner="BuiltIn">
<msg time="2024-06-03T17:14:39.262690" level="INFO">location</msg>
<arg>${key}</arg>
<doc>Logs the given message with the given level.</doc>
<status status="PASS" start="2024-06-03T17:14:39.262561" elapsed="0.000168"/>
</kw>
<var name="${key}">location</var>
<status status="PASS" start="2024-06-03T17:14:39.260999" elapsed="0.001947"/>
</iter>
<iter>
<kw name="Dictionary Should Contain Key" owner="Collections">
<msg time="2024-06-03T17:14:39.263733" level="INFO">False</msg>
<arg>${json_data['results'][0]}</arg>
<arg>${key}</arg>
<doc>Fails if ``key`` is not found from ``dictionary``.</doc>
<status status="PASS" start="2024-06-03T17:14:39.263231" elapsed="0.000541"/>
</kw>
<kw name="Log" owner="BuiltIn">
<msg time="2024-06-03T17:14:39.264469" level="INFO">{'gender': 'male', 'name': {'title': 'Mr', 'first': 'حامد', 'last': 'نكو نظر'}, 'location': {'street': {'number': 1650, 'name': 'میدان صادقیه'}, 'city': 'قرچک', 'state': 'سیستان و بلوچستان', 'country': 'Iran', 'postcode': 96011, 'coordinates': {'latitude': '19.8233', 'longitude': '-18.0938'}, 'timezone': {'offset': '-7:00', 'description': 'Mountain Time (US &amp; Canada)'}}, 'email': 'hmd.nkwnzr@example.com', 'login': {'uuid': '5c22ca7f-1f44-4ed2-a6cd-a5d010cad364', 'username': 'smallsnake699', 'password': 'hannibal', 'salt': 'h7qq41jO', 'md5': '4c233141916f40768756e8e65e46c220', 'sha1': 'bc40835df2a4aa4f3476bd447ceddb4c27e73700', 'sha256': '86fdd65821bb649fd25e3e0eb41b2367d562772a8c9dabd6497ea795118fc3f3'}, 'dob': {'date': '1964-10-23T16:17:39.590Z', 'age': 59}, 'registered': {'date': '2019-05-17T13:21:26.732Z', 'age': 5}, 'phone': '010-86823308', 'cell': '0940-342-7537', 'id': {'name': '', 'value': None}, 'picture': {'large': 'https://randomuser.me/api/portraits/men/5.jpg', 'medium': 'https://randomuser.me/api/portraits/med/men/5.jpg', 'thumbnail': 'https://randomuser.me/api/portraits/thumb/men/5.jpg'}, 'nat': 'IR'}</msg>
<arg>${json_data['results'][0]}</arg>
<doc>Logs the given message with the given level.</doc>
<status status="PASS" start="2024-06-03T17:14:39.264093" elapsed="0.000467"/>
</kw>
<kw name="Log" owner="BuiltIn">
<msg time="2024-06-03T17:14:39.265154" level="INFO">email</msg>
<arg>${key}</arg>
<doc>Logs the given message with the given level.</doc>
<status status="PASS" start="2024-06-03T17:14:39.264966" elapsed="0.000248"/>
</kw>
<var name="${key}">email</var>
<status status="PASS" start="2024-06-03T17:14:39.263120" elapsed="0.002382"/>
</iter>
<iter>
<kw name="Dictionary Should Contain Key" owner="Collections">
<msg time="2024-06-03T17:14:39.266449" level="INFO">False</msg>
<arg>${json_data['results'][0]}</arg>
<arg>${key}</arg>
<doc>Fails if ``key`` is not found from ``dictionary``.</doc>
<status status="PASS" start="2024-06-03T17:14:39.265910" elapsed="0.000589"/>
</kw>
<kw name="Log" owner="BuiltIn">
<msg time="2024-06-03T17:14:39.267419" level="INFO">{'gender': 'male', 'name': {'title': 'Mr', 'first': 'حامد', 'last': 'نكو نظر'}, 'location': {'street': {'number': 1650, 'name': 'میدان صادقیه'}, 'city': 'قرچک', 'state': 'سیستان و بلوچستان', 'country': 'Iran', 'postcode': 96011, 'coordinates': {'latitude': '19.8233', 'longitude': '-18.0938'}, 'timezone': {'offset': '-7:00', 'description': 'Mountain Time (US &amp; Canada)'}}, 'email': 'hmd.nkwnzr@example.com', 'login': {'uuid': '5c22ca7f-1f44-4ed2-a6cd-a5d010cad364', 'username': 'smallsnake699', 'password': 'hannibal', 'salt': 'h7qq41jO', 'md5': '4c233141916f40768756e8e65e46c220', 'sha1': 'bc40835df2a4aa4f3476bd447ceddb4c27e73700', 'sha256': '86fdd65821bb649fd25e3e0eb41b2367d562772a8c9dabd6497ea795118fc3f3'}, 'dob': {'date': '1964-10-23T16:17:39.590Z', 'age': 59}, 'registered': {'date': '2019-05-17T13:21:26.732Z', 'age': 5}, 'phone': '010-86823308', 'cell': '0940-342-7537', 'id': {'name': '', 'value': None}, 'picture': {'large': 'https://randomuser.me/api/portraits/men/5.jpg', 'medium': 'https://randomuser.me/api/portraits/med/men/5.jpg', 'thumbnail': 'https://randomuser.me/api/portraits/thumb/men/5.jpg'}, 'nat': 'IR'}</msg>
<arg>${json_data['results'][0]}</arg>
<doc>Logs the given message with the given level.</doc>
<status status="PASS" start="2024-06-03T17:14:39.266906" elapsed="0.000594"/>
</kw>
<kw name="Log" owner="BuiltIn">
<msg time="2024-06-03T17:14:39.268068" level="INFO">login</msg>
<arg>${key}</arg>
<doc>Logs the given message with the given level.</doc>
<status status="PASS" start="2024-06-03T17:14:39.267874" elapsed="0.000294"/>
</kw>
<var name="${key}">login</var>
<status status="PASS" start="2024-06-03T17:14:39.265754" elapsed="0.002709"/>
</iter>
<var>${key}</var>
<value>@{expected_keys}</value>
<status status="PASS" start="2024-06-03T17:14:39.256384" elapsed="0.012257"/>
</for>
<kw name="Create List" owner="BuiltIn">
<msg time="2024-06-03T17:14:39.269125" level="INFO">${expected_keysTwo} = ['username', 'password']</msg>
<var>${expected_keysTwo}</var>
<arg>username</arg>
<arg>password</arg>
<doc>Returns a list containing given items.</doc>
<status status="PASS" start="2024-06-03T17:14:39.268930" elapsed="0.000230"/>
</kw>
<for flavor="IN">
<iter>
<kw name="Dictionary Should Contain Key" owner="Collections">
<msg time="2024-06-03T17:14:39.270429" level="INFO">False</msg>
<arg>${json_data['results'][0]['login']}</arg>
<arg>${keyTwo}</arg>
<doc>Fails if ``key`` is not found from ``dictionary``.</doc>
<status status="PASS" start="2024-06-03T17:14:39.269874" elapsed="0.000606"/>
</kw>
<kw name="Dictionary Should Contain Key" owner="Collections">
<msg time="2024-06-03T17:14:39.271434" level="INFO">False</msg>
<arg>${json_data['results'][0]['login']}</arg>
<arg>${keyTwo}</arg>
<doc>Fails if ``key`` is not found from ``dictionary``.</doc>
<status status="PASS" start="2024-06-03T17:14:39.270893" elapsed="0.000593"/>
</kw>
<kw name="Log" owner="BuiltIn">
<msg time="2024-06-03T17:14:39.272095" level="INFO">username</msg>
<arg>${keyTwo}</arg>
<doc>Logs the given message with the given level.</doc>
<status status="PASS" start="2024-06-03T17:14:39.271899" elapsed="0.000255"/>
</kw>
<var name="${keyTwo}">username</var>
<status status="PASS" start="2024-06-03T17:14:39.269701" elapsed="0.002750"/>
</iter>
<iter>
<kw name="Dictionary Should Contain Key" owner="Collections">
<msg time="2024-06-03T17:14:39.273440" level="INFO">False</msg>
<arg>${json_data['results'][0]['login']}</arg>
<arg>${keyTwo}</arg>
<doc>Fails if ``key`` is not found from ``dictionary``.</doc>
<status status="PASS" start="2024-06-03T17:14:39.272861" elapsed="0.000631"/>
</kw>
<kw name="Dictionary Should Contain Key" owner="Collections">
<msg time="2024-06-03T17:14:39.274440" level="INFO">False</msg>
<arg>${json_data['results'][0]['login']}</arg>
<arg>${keyTwo}</arg>
<doc>Fails if ``key`` is not found from ``dictionary``.</doc>
<status status="PASS" start="2024-06-03T17:14:39.273909" elapsed="0.000583"/>
</kw>
<kw name="Log" owner="BuiltIn">
<msg time="2024-06-03T17:14:39.275071" level="INFO">password</msg>
<arg>${keyTwo}</arg>
<doc>Logs the given message with the given level.</doc>
<status status="PASS" start="2024-06-03T17:14:39.274901" elapsed="0.000223"/>
</kw>
<var name="${keyTwo}">password</var>
<status status="PASS" start="2024-06-03T17:14:39.272690" elapsed="0.002742"/>
</iter>
<var>${keyTwo}</var>
<value>@{expected_keysTwo}</value>
<status status="PASS" start="2024-06-03T17:14:39.269493" elapsed="0.006105"/>
</for>
<status status="PASS" start="2024-06-03T17:14:39.161053" elapsed="0.114756"/>
</kw>
<doc>Testa a estrutura da resposta da API.</doc>
<tag>testeEstruturaResposta</tag>
<status status="PASS" start="2024-06-03T17:14:39.160546" elapsed="0.115511"/>
</test>
<test id="s1-s1-t4" name="Validar tipos de dados" line="28">
<kw name="Teste de Tipos de Dados" owner="random-user-service">
<kw name="GET On Session" owner="RequestsLibrary">
<msg time="2024-06-03T17:14:39.343779" level="INFO">GET Request : url=https://randomuser.me/api 
 path_url=/api 
 headers={'User-Agent': 'python-requests/2.32.3', 'Accept-Encoding': 'gzip, deflate', 'Accept': '*/*', 'Connection': 'keep-alive'} 
 body=None 
 </msg>
<msg time="2024-06-03T17:14:39.343880" level="INFO">GET Response : url=https://randomuser.me/api 
 status=200, reason=OK 
 headers={'Date': 'Mon, 03 Jun 2024 17:14:39 GMT', 'Content-Type': 'application/json; charset=utf-8', 'Transfer-Encoding': 'chunked', 'Connection': 'keep-alive', 'X-Powered-By': 'Express', 'Access-Control-Allow-Origin': '*', 'Cache-Control': 'no-cache', 'ETag': 'W/"469-ZRIqGKL8TRTOBn5wWUOz9Suv9Ug"', 'Vary': 'Accept-Encoding', 'Content-Encoding': 'gzip', 'CF-Cache-Status': 'DYNAMIC', 'Report-To': '{"endpoints":[{"url":"https:\\/\\/a.nel.cloudflare.com\\/report\\/v4?s=wwAsf1Z7T655dp%2BYgPTsY%2F76JZ8maAW2y9L8coEub4dlJ85M8esvydNZFHlCWNtGNyPiAF4NWUnAKxtHE0TiTgWn684OwlKVWh6Ko2M3z8T8GvFCCT6z0Xhk8IwyGNG%2F"}],"group":"cf-nel","max_age":604800}', 'NEL': '{"success_fraction":0,"report_to":"cf-nel","max_age":604800}', 'Server': 'cloudflare', 'CF-RAY': '88e1521b8d15112f-ORD', 'alt-svc': 'h3=":443"; ma=86400'} 
 body={"results":[{"gender":"female","name":{"title":"Ms","first":"Vildan","last":"Akışık"},"location":{"street":{"number":610,"name":"Maçka Cd"},"city":"Karaman","state":"Balıkesir","country":"Turkey","postcode":76154,"coordinates":{"latitude":"69.6096","longitude":"71.4895"},"timezone":{"offset":"+3:30","description":"Tehran"}},"email":"vildan.akisik@example.com","login":{"uuid":"f1f90bd1-b92e-47a4-9b4c-2d5e98e4865b","username":"smallcat836","password":"delta1","salt":"Mk3DQpLT","md5":"944d990133cf7e480937ad6a52caeb79","sha1":"5c4d4bcd412383620d019c2dba965e6bc62817e0","sha256":"91555c2e802cfc09a08f92b49aab150d06aaad2f0ba948b76ab6d2795d7fb651"},"dob":{"date":"1963-12-08T03:13:09.327Z","age":60},"registered":{"date":"2020-11-08T14:57:54.304Z","age":3},"phone":"(592)-533-7315","cell":"(679)-185-5517","id":{"name":"","value":null},"picture":{"large":"https://randomuser.me/api/portraits/women/60.jpg","medium":"https://randomuser.me/api/portraits/med/women/60.jpg","thumbnail":"https://randomuser.me/api/portraits/thumb/women/60.jpg"},"nat":"TR"}],"info":{"seed":"305dfc875995af26","results":1,"page":1,"version":"1.4"}} 
 </msg>
<msg time="2024-06-03T17:14:39.343957" level="INFO">/opt/hostedtoolcache/Python/3.12.3/x64/lib/python3.12/site-packages/urllib3/connectionpool.py:1103: InsecureRequestWarning: Unverified HTTPS request is being made to host 'randomuser.me'. Adding certificate verification is strongly advised. See: https://urllib3.readthedocs.io/en/latest/advanced-usage.html#tls-warnings
  warnings.warn(</msg>
<msg time="2024-06-03T17:14:39.344118" level="INFO">${response} = &lt;Response [200]&gt;</msg>
<var>${response}</var>
<arg>consultarAPI</arg>
<arg>/api</arg>
<doc>Sends a GET request on a previously created HTTP Session.</doc>
<status status="PASS" start="2024-06-03T17:14:39.279717" elapsed="0.064443"/>
</kw>
<kw name="Set Variable" owner="BuiltIn">
<msg time="2024-06-03T17:14:39.345501" level="INFO">${json_data} = {'results': [{'gender': 'female', 'name': {'title': 'Ms', 'first': 'Vildan', 'last': 'Akışık'}, 'location': {'street': {'number': 610, 'name': 'Maçka Cd'}, 'city': 'Karaman', 'state': 'Balıkesir', 'co...</msg>
<var>${json_data}</var>
<arg>${response.json()}</arg>
<doc>Returns the given values which can then be assigned to a variables.</doc>
<status status="PASS" start="2024-06-03T17:14:39.344792" elapsed="0.000754"/>
</kw>
<kw name="Log" owner="BuiltIn">
<msg time="2024-06-03T17:14:39.346174" level="INFO">{'results': [{'gender': 'female', 'name': {'title': 'Ms', 'first': 'Vildan', 'last': 'Akışık'}, 'location': {'street': {'number': 610, 'name': 'Maçka Cd'}, 'city': 'Karaman', 'state': 'Balıkesir', 'country': 'Turkey', 'postcode': 76154, 'coordinates': {'latitude': '69.6096', 'longitude': '71.4895'}, 'timezone': {'offset': '+3:30', 'description': 'Tehran'}}, 'email': 'vildan.akisik@example.com', 'login': {'uuid': 'f1f90bd1-b92e-47a4-9b4c-2d5e98e4865b', 'username': 'smallcat836', 'password': 'delta1', 'salt': 'Mk3DQpLT', 'md5': '944d990133cf7e480937ad6a52caeb79', 'sha1': '5c4d4bcd412383620d019c2dba965e6bc62817e0', 'sha256': '91555c2e802cfc09a08f92b49aab150d06aaad2f0ba948b76ab6d2795d7fb651'}, 'dob': {'date': '1963-12-08T03:13:09.327Z', 'age': 60}, 'registered': {'date': '2020-11-08T14:57:54.304Z', 'age': 3}, 'phone': '(592)-533-7315', 'cell': '(679)-185-5517', 'id': {'name': '', 'value': None}, 'picture': {'large': 'https://randomuser.me/api/portraits/women/60.jpg', 'medium': 'https://randomuser.me/api/portraits/med/women/60.jpg', 'thumbnail': 'https://randomuser.me/api/portraits/thumb/women/60.jpg'}, 'nat': 'TR'}], 'info': {'seed': '305dfc875995af26', 'results': 1, 'page': 1, 'version': '1.4'}}</msg>
<arg>${json_data}</arg>
<doc>Logs the given message with the given level.</doc>
<status status="PASS" start="2024-06-03T17:14:39.345956" elapsed="0.000319"/>
</kw>
<kw name="Should Be String" owner="String">
<arg>${json_data['results'][0]['gender']}</arg>
<doc>Fails if the given ``item`` is not a string.</doc>
<status status="PASS" start="2024-06-03T17:14:39.346672" elapsed="0.000499"/>
</kw>
<kw name="Should Match Regexp" owner="BuiltIn">
<arg>${json_data['results'][0]['email']}</arg>
<arg>^[a-zA-Z0-9._%+-]+@[a-zA-Z0-9.-]+\.[a-zA-Z]{2,}$</arg>
<doc>Fails if ``string`` does not match ``pattern`` as a regular expression.</doc>
<status status="PASS" start="2024-06-03T17:14:39.347420" elapsed="0.000889"/>
</kw>
<kw name="Should Match Regexp" owner="BuiltIn">
<arg>${json_data['results'][0]['dob']['date']}</arg>
<arg>\\d{4}-\\d{2}-\\d{2}T\\d{2}:\\d{2}:\\d{2}\\.\\d{3}Z</arg>
<doc>Fails if ``string`` does not match ``pattern`` as a regular expression.</doc>
<status status="PASS" start="2024-06-03T17:14:39.348568" elapsed="0.000671"/>
</kw>
<kw name="Should Match Regexp" owner="BuiltIn">
<arg>${json_data['results'][0]['registered']['date']}</arg>
<arg>\\d{4}-\\d{2}-\\d{2}T\\d{2}:\\d{2}:\\d{2}\\.\\d{3}Z</arg>
<doc>Fails if ``string`` does not match ``pattern`` as a regular expression.</doc>
<status status="PASS" start="2024-06-03T17:14:39.349501" elapsed="0.000509"/>
</kw>
<kw name="Should Match Regexp" owner="BuiltIn">
<arg>${json_data['results'][0]['picture']['large']}</arg>
<arg>^https?://.*\.(?:png|jpe?g|gif|bmp)$</arg>
<doc>Fails if ``string`` does not match ``pattern`` as a regular expression.</doc>
<status status="PASS" start="2024-06-03T17:14:39.350253" elapsed="0.000642"/>
</kw>
<kw name="Should Match Regexp" owner="BuiltIn">
<arg>${json_data['results'][0]['picture']['medium']}</arg>
<arg>^https?://.*\.(?:png|jpe?g|gif|bmp)$</arg>
<doc>Fails if ``string`` does not match ``pattern`` as a regular expression.</doc>
<status status="PASS" start="2024-06-03T17:14:39.351147" elapsed="0.000501"/>
</kw>
<kw name="Should Match Regexp" owner="BuiltIn">
<arg>${json_data['results'][0]['picture']['thumbnail']}</arg>
<arg>^https?://.*\.(?:png|jpe?g|gif|bmp)$</arg>
<doc>Fails if ``string`` does not match ``pattern`` as a regular expression.</doc>
<status status="PASS" start="2024-06-03T17:14:39.351915" elapsed="0.000489"/>
</kw>
<kw name="Log" owner="BuiltIn">
<msg time="2024-06-03T17:14:39.353104" level="INFO">{'large': 'https://randomuser.me/api/portraits/women/60.jpg', 'medium': 'https://randomuser.me/api/portraits/med/women/60.jpg', 'thumbnail': 'https://randomuser.me/api/portraits/thumb/women/60.jpg'}</msg>
<arg>${json_data['results'][0]['picture']}</arg>
<doc>Logs the given message with the given level.</doc>
<status status="PASS" start="2024-06-03T17:14:39.352650" elapsed="0.000509"/>
</kw>
<status status="PASS" start="2024-06-03T17:14:39.279398" elapsed="0.074082"/>
</kw>
<kw name="Teste de Tipos de Dados - Postcode" owner="random-user-service">
<kw name="GET On Session" owner="RequestsLibrary">
<msg time="2024-06-03T17:14:39.464687" level="INFO">GET Request : url=https://randomuser.me/api 
 path_url=/api 
 headers={'User-Agent': 'python-requests/2.32.3', 'Accept-Encoding': 'gzip, deflate', 'Accept': '*/*', 'Connection': 'keep-alive'} 
 body=None 
 </msg>
<msg time="2024-06-03T17:14:39.464792" level="INFO">GET Response : url=https://randomuser.me/api 
 status=200, reason=OK 
 headers={'Date': 'Mon, 03 Jun 2024 17:14:39 GMT', 'Content-Type': 'application/json; charset=utf-8', 'Transfer-Encoding': 'chunked', 'Connection': 'keep-alive', 'X-Powered-By': 'Express', 'Access-Control-Allow-Origin': '*', 'Cache-Control': 'no-cache', 'ETag': 'W/"49d-ZeMB8GNl4Jsv4elj3kHK2Sl8x7U"', 'Vary': 'Accept-Encoding', 'Content-Encoding': 'gzip', 'CF-Cache-Status': 'DYNAMIC', 'Report-To': '{"endpoints":[{"url":"https:\\/\\/a.nel.cloudflare.com\\/report\\/v4?s=dVpafNwfg94wIu2YNbWjbOO8g7h1RNkEp2Gs%2F1plgraCoKt%2F9uOCq9K3z8cxy8Z8L85gSE1P0ehkGmOFDOTScHE8gSsBDvyLyArmgjgkNpPDzBwoay1ZDXwCdsSpDvb0"}],"group":"cf-nel","max_age":604800}', 'NEL': '{"success_fraction":0,"report_to":"cf-nel","max_age":604800}', 'Server': 'cloudflare', 'CF-RAY': '88e1521bfdf7112f-ORD', 'alt-svc': 'h3=":443"; ma=86400'} 
 body={"results":[{"gender":"male","name":{"title":"Mr","first":"Serafim","last":"Osinchuk"},"location":{"street":{"number":7422,"name":"Prospekt 50-richchya Peremogi"},"city":"Zugres","state":"Avtonomna Respublika Krim","country":"Ukraine","postcode":95128,"coordinates":{"latitude":"73.5998","longitude":"-40.9122"},"timezone":{"offset":"-1:00","description":"Azores, Cape Verde Islands"}},"email":"serafim.osinchuk@example.com","login":{"uuid":"ca6bb50f-8ee5-4622-9ce9-866e20afc740","username":"whitelion570","password":"roxy","salt":"I34uxiiu","md5":"015449159b29da16a0b3de0d9eb9f285","sha1":"c52e0b9585229dffd9ea9f34cebbc26f599b2308","sha256":"65eda1c8d518deadc1e6d18f2eb0eeaf384b0f8a3594f54a8a0ed62ac0a5d134"},"dob":{"date":"1967-09-11T22:52:33.396Z","age":56},"registered":{"date":"2010-12-23T21:26:34.815Z","age":13},"phone":"(067) A69-7420","cell":"(066) B74-4214","id":{"name":"","value":null},"picture":{"large":"https://randomuser.me/api/portraits/men/90.jpg","medium":"https://randomuser.me/api/portraits/med/men/90.jpg","thumbnail":"https://randomuser.me/api/portraits/thumb/men/90.jpg"},"nat":"UA"}],"info":{"seed":"0c526c763a1b39ca","results":1,"page":1,"version":"1.4"}} 
 </msg>
<msg time="2024-06-03T17:14:39.464865" level="INFO">/opt/hostedtoolcache/Python/3.12.3/x64/lib/python3.12/site-packages/urllib3/connectionpool.py:1103: InsecureRequestWarning: Unverified HTTPS request is being made to host 'randomuser.me'. Adding certificate verification is strongly advised. See: https://urllib3.readthedocs.io/en/latest/advanced-usage.html#tls-warnings
  warnings.warn(</msg>
<msg time="2024-06-03T17:14:39.465008" level="INFO">${response} = &lt;Response [200]&gt;</msg>
<var>${response}</var>
<arg>consultarAPI</arg>
<arg>/api</arg>
<doc>Sends a GET request on a previously created HTTP Session.</doc>
<status status="PASS" start="2024-06-03T17:14:39.354075" elapsed="0.110973"/>
</kw>
<kw name="Set Variable" owner="BuiltIn">
<msg time="2024-06-03T17:14:39.466098" level="INFO">${json_data} = {'results': [{'gender': 'male', 'name': {'title': 'Mr', 'first': 'Serafim', 'last': 'Osinchuk'}, 'location': {'street': {'number': 7422, 'name': 'Prospekt 50-richchya Peremogi'}, 'city': 'Zugres', 'st...</msg>
<var>${json_data}</var>
<arg>${response.json()}</arg>
<doc>Returns the given values which can then be assigned to a variables.</doc>
<status status="PASS" start="2024-06-03T17:14:39.465577" elapsed="0.000550"/>
</kw>
<kw name="Log" owner="BuiltIn">
<msg time="2024-06-03T17:14:39.466599" level="INFO">{'results': [{'gender': 'male', 'name': {'title': 'Mr', 'first': 'Serafim', 'last': 'Osinchuk'}, 'location': {'street': {'number': 7422, 'name': 'Prospekt 50-richchya Peremogi'}, 'city': 'Zugres', 'state': 'Avtonomna Respublika Krim', 'country': 'Ukraine', 'postcode': 95128, 'coordinates': {'latitude': '73.5998', 'longitude': '-40.9122'}, 'timezone': {'offset': '-1:00', 'description': 'Azores, Cape Verde Islands'}}, 'email': 'serafim.osinchuk@example.com', 'login': {'uuid': 'ca6bb50f-8ee5-4622-9ce9-866e20afc740', 'username': 'whitelion570', 'password': 'roxy', 'salt': 'I34uxiiu', 'md5': '015449159b29da16a0b3de0d9eb9f285', 'sha1': 'c52e0b9585229dffd9ea9f34cebbc26f599b2308', 'sha256': '65eda1c8d518deadc1e6d18f2eb0eeaf384b0f8a3594f54a8a0ed62ac0a5d134'}, 'dob': {'date': '1967-09-11T22:52:33.396Z', 'age': 56}, 'registered': {'date': '2010-12-23T21:26:34.815Z', 'age': 13}, 'phone': '(067) A69-7420', 'cell': '(066) B74-4214', 'id': {'name': '', 'value': None}, 'picture': {'large': 'https://randomuser.me/api/portraits/men/90.jpg', 'medium': 'https://randomuser.me/api/portraits/med/men/90.jpg', 'thumbnail': 'https://randomuser.me/api/portraits/thumb/men/90.jpg'}, 'nat': 'UA'}], 'info': {'seed': '0c526c763a1b39ca', 'results': 1, 'page': 1, 'version': '1.4'}}</msg>
<arg>${json_data}</arg>
<doc>Logs the given message with the given level.</doc>
<status status="PASS" start="2024-06-03T17:14:39.466442" elapsed="0.000239"/>
</kw>
<kw name="Should Be Equal As Numbers" owner="BuiltIn">
<arg>${json_data['results'][0]['location']['postcode']}</arg>
<arg>${json_data['results'][0]['location']['postcode']}</arg>
<doc>Fails if objects are unequal after converting them to real numbers.</doc>
<status status="PASS" start="2024-06-03T17:14:39.466987" elapsed="0.000615"/>
</kw>
<kw name="Log" owner="BuiltIn">
<msg time="2024-06-03T17:14:39.468163" level="INFO">95128</msg>
<arg>${json_data['results'][0]['location']['postcode']}</arg>
<doc>Logs the given message with the given level.</doc>
<status status="PASS" start="2024-06-03T17:14:39.467793" elapsed="0.000411"/>
</kw>
<status status="PASS" start="2024-06-03T17:14:39.353762" elapsed="0.114701"/>
</kw>
<doc>Testa se os tipos de dados na resposta da API estão corretos.</doc>
<tag>testeTiposDados</tag>
<status status="PASS" start="2024-06-03T17:14:39.278709" elapsed="0.189928"/>
</test>
<test id="s1-s1-t5" name="Validar conteudo" line="35">
<kw name="Teste de Tipos de Conteudo" owner="random-user-service">
<kw name="GET On Session" owner="RequestsLibrary">
<msg time="2024-06-03T17:14:39.553407" level="INFO">GET Request : url=https://randomuser.me/api 
 path_url=/api 
 headers={'User-Agent': 'python-requests/2.32.3', 'Accept-Encoding': 'gzip, deflate', 'Accept': '*/*', 'Connection': 'keep-alive'} 
 body=None 
 </msg>
<msg time="2024-06-03T17:14:39.553502" level="INFO">GET Response : url=https://randomuser.me/api 
 status=200, reason=OK 
 headers={'Date': 'Mon, 03 Jun 2024 17:14:39 GMT', 'Content-Type': 'application/json; charset=utf-8', 'Transfer-Encoding': 'chunked', 'Connection': 'keep-alive', 'X-Powered-By': 'Express', 'Access-Control-Allow-Origin': '*', 'Cache-Control': 'no-cache', 'ETag': 'W/"488-zovj2a1n15yoUYQmP13b+Jov+e8"', 'Vary': 'Accept-Encoding', 'Content-Encoding': 'gzip', 'CF-Cache-Status': 'DYNAMIC', 'Report-To': '{"endpoints":[{"url":"https:\\/\\/a.nel.cloudflare.com\\/report\\/v4?s=k%2FeVwJkSkFt%2FZ%2Fz%2B%2FA%2BUFbEQYlTA2HF2qFgimcZomvpxt42e%2FOnqRQqcEfJD7smqrgXSsiwFjbY9%2F4TPe40PCTpw1A9rpPDtVEARS4BMeMhFMWBwMyDKgc3CVK5hjZbM"}],"group":"cf-nel","max_age":604800}', 'NEL': '{"success_fraction":0,"report_to":"cf-nel","max_age":604800}', 'Server': 'cloudflare', 'CF-RAY': '88e1521cbf3d112f-ORD', 'alt-svc': 'h3=":443"; ma=86400'} 
 body={"results":[{"gender":"female","name":{"title":"Miss","first":"Kavitha","last":"Dsouza"},"location":{"street":{"number":1926,"name":"Somwar Peth"},"city":"Bathinda","state":"Goa","country":"India","postcode":27654,"coordinates":{"latitude":"11.8823","longitude":"60.8704"},"timezone":{"offset":"-3:00","description":"Brazil, Buenos Aires, Georgetown"}},"email":"kavitha.dsouza@example.com","login":{"uuid":"44153e14-3879-432b-88cc-b4d4850b6218","username":"smallpanda340","password":"rico","salt":"HEMokRdI","md5":"ed9caddb57d06cf627a9dbdf67cd802d","sha1":"ab7805f8bfdac39c67b987c2d89453968190b716","sha256":"237e0b22359c2a36690a18d6ffa31805f49f60511ca8dea2ab9012ab7882fd64"},"dob":{"date":"1993-08-27T14:33:18.971Z","age":30},"registered":{"date":"2008-04-06T06:26:30.636Z","age":16},"phone":"7063105703","cell":"7742743590","id":{"name":"UIDAI","value":"976089384612"},"picture":{"large":"https://randomuser.me/api/portraits/women/53.jpg","medium":"https://randomuser.me/api/portraits/med/women/53.jpg","thumbnail":"https://randomuser.me/api/portraits/thumb/women/53.jpg"},"nat":"IN"}],"info":{"seed":"282e3c0362465a97","results":1,"page":1,"version":"1.4"}} 
 </msg>
<msg time="2024-06-03T17:14:39.553575" level="INFO">/opt/hostedtoolcache/Python/3.12.3/x64/lib/python3.12/site-packages/urllib3/connectionpool.py:1103: InsecureRequestWarning: Unverified HTTPS request is being made to host 'randomuser.me'. Adding certificate verification is strongly advised. See: https://urllib3.readthedocs.io/en/latest/advanced-usage.html#tls-warnings
  warnings.warn(</msg>
<msg time="2024-06-03T17:14:39.553716" level="INFO">${response} = &lt;Response [200]&gt;</msg>
<var>${response}</var>
<arg>consultarAPI</arg>
<arg>/api</arg>
<doc>Sends a GET request on a previously created HTTP Session.</doc>
<status status="PASS" start="2024-06-03T17:14:39.471407" elapsed="0.082350"/>
</kw>
<kw name="Set Variable" owner="BuiltIn">
<msg time="2024-06-03T17:14:39.554785" level="INFO">${json_data} = {'results': [{'gender': 'female', 'name': {'title': 'Miss', 'first': 'Kavitha', 'last': 'Dsouza'}, 'location': {'street': {'number': 1926, 'name': 'Somwar Peth'}, 'city': 'Bathinda', 'state': 'Goa', '...</msg>
<var>${json_data}</var>
<arg>${response.json()}</arg>
<doc>Returns the given values which can then be assigned to a variables.</doc>
<status status="PASS" start="2024-06-03T17:14:39.554245" elapsed="0.000570"/>
</kw>
<kw name="Set Variable" owner="BuiltIn">
<msg time="2024-06-03T17:14:39.555540" level="INFO">${name_title} = Miss</msg>
<var>${name_title}</var>
<arg>${json_data["results"][0]["name"]["title"]}</arg>
<doc>Returns the given values which can then be assigned to a variables.</doc>
<status status="PASS" start="2024-06-03T17:14:39.555142" elapsed="0.000425"/>
</kw>
<kw name="Create List" owner="BuiltIn">
<msg time="2024-06-03T17:14:39.556064" level="INFO">${allowed_titles} = ['Mr', 'Ms', 'Miss', 'Mrs', 'Madame', 'Monsieur']</msg>
<var>${allowed_titles}</var>
<arg>Mr</arg>
<arg>Ms</arg>
<arg>Miss</arg>
<arg>Mrs</arg>
<arg>Madame</arg>
<arg>Monsieur</arg>
<doc>Returns a list containing given items.</doc>
<status status="PASS" start="2024-06-03T17:14:39.555884" elapsed="0.000208"/>
</kw>
<kw name="List Should Contain Value" owner="Collections">
<msg time="2024-06-03T17:14:39.556588" level="INFO">False</msg>
<arg>${allowed_titles}</arg>
<arg>${name_title}</arg>
<doc>Fails if the ``value`` is not found from ``list``.</doc>
<status status="PASS" start="2024-06-03T17:14:39.556409" elapsed="0.000217"/>
</kw>
<kw name="Set Variable" owner="BuiltIn">
<msg time="2024-06-03T17:14:39.557498" level="INFO">${name_country} = IN</msg>
<var>${name_country}</var>
<arg>${json_data["results"][0]["nat"]}</arg>
<doc>Returns the given values which can then be assigned to a variables.</doc>
<status status="PASS" start="2024-06-03T17:14:39.556935" elapsed="0.000590"/>
</kw>
<kw name="Create List" owner="BuiltIn">
<msg time="2024-06-03T17:14:39.558437" level="INFO">${list_country} = ['AD', 'AE', 'AF', 'AG', 'AI', 'AL', 'AM', 'AO', 'AQ', 'AR', 'AS', 'AT', 'AU', 'AW', 'AX', 'AZ', 'BA', 'BB', 'BD', 'BE', 'BF', 'BG', 'BH', 'BI', 'BJ', 'BL', 'BM', 'BN', 'BO', 'BQ', 'BR', 'BS', 'BT', '...</msg>
<var>${list_country}</var>
<arg>AD</arg>
<arg>AE</arg>
<arg>AF</arg>
<arg>AG</arg>
<arg>AI</arg>
<arg>AL</arg>
<arg>AM</arg>
<arg>AO</arg>
<arg>AQ</arg>
<arg>AR</arg>
<arg>AS</arg>
<arg>AT</arg>
<arg>AU</arg>
<arg>AW</arg>
<arg>AX</arg>
<arg>AZ</arg>
<arg>BA</arg>
<arg>BB</arg>
<arg>BD</arg>
<arg>BE</arg>
<arg>BF</arg>
<arg>BG</arg>
<arg>BH</arg>
<arg>BI</arg>
<arg>BJ</arg>
<arg>BL</arg>
<arg>BM</arg>
<arg>BN</arg>
<arg>BO</arg>
<arg>BQ</arg>
<arg>BR</arg>
<arg>BS</arg>
<arg>BT</arg>
<arg>BV</arg>
<arg>BW</arg>
<arg>BY</arg>
<arg>BZ</arg>
<arg>CA</arg>
<arg>CC</arg>
<arg>CD</arg>
<arg>CF</arg>
<arg>CG</arg>
<arg>CH</arg>
<arg>CI</arg>
<arg>CK</arg>
<arg>CL</arg>
<arg>CM</arg>
<arg>CN</arg>
<arg>CO</arg>
<arg>CR</arg>
<arg>CU</arg>
<arg>CV</arg>
<arg>CW</arg>
<arg>CX</arg>
<arg>CY</arg>
<arg>CZ</arg>
<arg>DE</arg>
<arg>DJ</arg>
<arg>DK</arg>
<arg>DM</arg>
<arg>DO</arg>
<arg>DZ</arg>
<arg>EC</arg>
<arg>EE</arg>
<arg>EG</arg>
<arg>EH</arg>
<arg>ER</arg>
<arg>ES</arg>
<arg>ET</arg>
<arg>FI</arg>
<arg>FJ</arg>
<arg>FK</arg>
<arg>FM</arg>
<arg>FO</arg>
<arg>FR</arg>
<arg>GA</arg>
<arg>GB</arg>
<arg>GD</arg>
<arg>GE</arg>
<arg>GF</arg>
<arg>GG</arg>
<arg>GH</arg>
<arg>GI</arg>
<arg>GL</arg>
<arg>GM</arg>
<arg>GN</arg>
<arg>GP</arg>
<arg>GQ</arg>
<arg>GR</arg>
<arg>GS</arg>
<arg>GT</arg>
<arg>GU</arg>
<arg>GW</arg>
<arg>GY</arg>
<arg>HK</arg>
<arg>HM</arg>
<arg>HN</arg>
<arg>HR</arg>
<arg>HT</arg>
<arg>HU</arg>
<arg>ID</arg>
<arg>IE</arg>
<arg>IL</arg>
<arg>IM</arg>
<arg>IN</arg>
<arg>IO</arg>
<arg>IQ</arg>
<arg>IR</arg>
<arg>IS</arg>
<arg>IT</arg>
<arg>JE</arg>
<arg>JM</arg>
<arg>JO</arg>
<arg>JP</arg>
<arg>KE</arg>
<arg>KG</arg>
<arg>KH</arg>
<arg>KI</arg>
<arg>KM</arg>
<arg>KN</arg>
<arg>KP</arg>
<arg>KR</arg>
<arg>KW</arg>
<arg>KY</arg>
<arg>KZ</arg>
<arg>LA</arg>
<arg>LB</arg>
<arg>LC</arg>
<arg>LI</arg>
<arg>LK</arg>
<arg>LR</arg>
<arg>LS</arg>
<arg>LT</arg>
<arg>LU</arg>
<arg>LV</arg>
<arg>LY</arg>
<arg>MA</arg>
<arg>MC</arg>
<arg>MD</arg>
<arg>ME</arg>
<arg>MF</arg>
<arg>MG</arg>
<arg>MH</arg>
<arg>MK</arg>
<arg>ML</arg>
<arg>MM</arg>
<arg>MN</arg>
<arg>MO</arg>
<arg>MP</arg>
<arg>MQ</arg>
<arg>MR</arg>
<arg>MS</arg>
<arg>MT</arg>
<arg>MU</arg>
<arg>MV</arg>
<arg>MW</arg>
<arg>MX</arg>
<arg>MY</arg>
<arg>MZ</arg>
<arg>NA</arg>
<arg>NC</arg>
<arg>NE</arg>
<arg>NF</arg>
<arg>NG</arg>
<arg>NI</arg>
<arg>NL</arg>
<arg>NO</arg>
<arg>NP</arg>
<arg>NR</arg>
<arg>NU</arg>
<arg>NZ</arg>
<arg>OM</arg>
<arg>PA</arg>
<arg>PE</arg>
<arg>PF</arg>
<arg>PG</arg>
<arg>PH</arg>
<arg>PK</arg>
<arg>PL</arg>
<arg>PM</arg>
<arg>PN</arg>
<arg>PR</arg>
<arg>PS</arg>
<arg>PT</arg>
<arg>PW</arg>
<arg>PY</arg>
<arg>QA</arg>
<arg>RE</arg>
<arg>RO</arg>
<arg>RS</arg>
<arg>RU</arg>
<arg>RW</arg>
<arg>SA</arg>
<arg>SB</arg>
<arg>SC</arg>
<arg>SD</arg>
<arg>SE</arg>
<arg>SG</arg>
<arg>SH</arg>
<arg>SI</arg>
<arg>SJ</arg>
<arg>SK</arg>
<arg>SL</arg>
<arg>SM</arg>
<arg>SN</arg>
<arg>SO</arg>
<arg>SR</arg>
<arg>SS</arg>
<arg>ST</arg>
<arg>SV</arg>
<arg>SX</arg>
<arg>SY</arg>
<arg>SZ</arg>
<arg>TC</arg>
<arg>TD</arg>
<arg>TF</arg>
<arg>TG</arg>
<arg>TH</arg>
<arg>TJ</arg>
<arg>TK</arg>
<arg>TL</arg>
<arg>TM</arg>
<arg>TN</arg>
<arg>TO</arg>
<arg>TR</arg>
<arg>TT</arg>
<arg>TV</arg>
<arg>TW</arg>
<arg>TZ</arg>
<arg>UA</arg>
<arg>UG</arg>
<arg>UM</arg>
<arg>US</arg>
<arg>UY</arg>
<arg>UZ</arg>
<arg>VA</arg>
<arg>VC</arg>
<arg>VE</arg>
<arg>VG</arg>
<arg>VI</arg>
<arg>VN</arg>
<arg>VU</arg>
<arg>WF</arg>
<arg>WS</arg>
<arg>XK</arg>
<arg>YE</arg>
<arg>YT</arg>
<arg>ZA</arg>
<arg>ZM</arg>
<arg>ZW</arg>
<doc>Returns a list containing given items.</doc>
<status status="PASS" start="2024-06-03T17:14:39.557835" elapsed="0.000628"/>
</kw>
<kw name="List Should Contain Value" owner="Collections">
<msg time="2024-06-03T17:14:39.559452" level="INFO">False</msg>
<arg>${list_country}</arg>
<arg>${name_country}</arg>
<doc>Fails if the ``value`` is not found from ``list``.</doc>
<status status="PASS" start="2024-06-03T17:14:39.559247" elapsed="0.000242"/>
</kw>
<kw name="Run Keyword If" owner="BuiltIn">
<kw name="Should Be True" owner="BuiltIn">
<arg>${True}</arg>
<doc>Fails if the given condition is not true.</doc>
<status status="PASS" start="2024-06-03T17:14:39.560582" elapsed="0.000148"/>
</kw>
<arg>${json_data["results"][0]["location"]["coordinates"]["latitude"]} &gt;= -90 and ${json_data["results"][0]["location"]["coordinates"]["latitude"]} &lt;= 90</arg>
<arg>Should Be True</arg>
<arg>${True}</arg>
<doc>Runs the given keyword with the given arguments, if ``condition`` is true.</doc>
<status status="PASS" start="2024-06-03T17:14:39.559805" elapsed="0.001056"/>
</kw>
<kw name="Run Keyword If" owner="BuiltIn">
<kw name="Should Be True" owner="BuiltIn">
<arg>${True}</arg>
<doc>Fails if the given condition is not true.</doc>
<status status="PASS" start="2024-06-03T17:14:39.561759" elapsed="0.000139"/>
</kw>
<arg>${json_data["results"][0]["location"]["coordinates"]["longitude"]} &gt;= -180 and ${json_data["results"][0]["location"]["coordinates"]["longitude"]} &lt;= 180</arg>
<arg>Should Be True</arg>
<arg>${True}</arg>
<doc>Runs the given keyword with the given arguments, if ``condition`` is true.</doc>
<status status="PASS" start="2024-06-03T17:14:39.561057" elapsed="0.000966"/>
</kw>
<status status="PASS" start="2024-06-03T17:14:39.471025" elapsed="0.091129"/>
</kw>
<doc>Testa o conteúdo específico dos campos retornados pela API.</doc>
<tag>testeConteudo</tag>
<status status="PASS" start="2024-06-03T17:14:39.470374" elapsed="0.091933"/>
</test>
<status status="PASS" start="2024-06-03T17:14:38.614586" elapsed="0.949659"/>
</suite>
<status status="PASS" start="2024-06-03T17:14:38.601277" elapsed="0.970051"/>
</suite>
<statistics>
<total>
<stat pass="5" fail="0" skip="0">All Tests</stat>
</total>
<tag>
<stat pass="1" fail="0" skip="0">testeConteudo</stat>
<stat pass="1" fail="0" skip="0">testeEstruturaResposta</stat>
<stat pass="1" fail="0" skip="0">testeRequisicaoBasica</stat>
<stat pass="1" fail="0" skip="0">testeTiposDados</stat>
</tag>
<suite>
<stat pass="5" fail="0" skip="0" id="s1" name="Tests">Tests</stat>
<stat pass="5" fail="0" skip="0" id="s1-s1" name="Random-User-Test">Tests.Random-User-Test</stat>
</suite>
</statistics>
<errors>
</errors>
</robot>
