<?xml version="1.0" encoding="UTF-8"?>
<robot generator="Robot 7.0.1 (Python 3.12.3 on linux)" generated="2024-06-12T02:31:57.965803" rpa="false" schemaversion="5">
<suite id="s1" name="Tests" source="/home/runner/work/ApiRandomUser/ApiRandomUser/RamdonUser/tests">
<suite id="s1-s1" name="Random-User-Test" source="/home/runner/work/ApiRandomUser/ApiRandomUser/RamdonUser/tests/random-user-test.robot">
<test id="s1-s1-t1" name="Conectar" line="13">
<kw name="Conectar API" owner="random-user-service">
<kw name="Create Session" owner="RequestsLibrary">
<msg time="2024-06-12T02:31:58.362379" level="INFO">Creating Session using : alias=consultarAPI, url=https://randomuser.me/, headers={},                     cookies={}, auth=None, timeout=None, proxies=None, verify=False,                     debug=0 </msg>
<arg>consultarAPI</arg>
<arg>${URL}</arg>
<doc>Create Session: create a HTTP session to a server</doc>
<status status="PASS" start="2024-06-12T02:31:58.362162" elapsed="0.000415"/>
</kw>
<status status="PASS" start="2024-06-12T02:31:58.361045" elapsed="0.001911"/>
</kw>
<status status="PASS" start="2024-06-12T02:31:58.360361" elapsed="0.002796"/>
</test>
<test id="s1-s1-t2" name="Validar retorno 200 e JSON Válido" line="16">
<kw name="Teste de Requisicao Basica" owner="random-user-service">
<kw name="GET On Session" owner="RequestsLibrary">
<msg time="2024-06-12T02:31:58.471974" level="INFO">GET Request : url=https://randomuser.me/api 
 path_url=/api 
 headers={'User-Agent': 'python-requests/2.32.3', 'Accept-Encoding': 'gzip, deflate', 'Accept': '*/*', 'Connection': 'keep-alive'} 
 body=None 
 </msg>
<msg time="2024-06-12T02:31:58.472145" level="INFO">GET Response : url=https://randomuser.me/api 
 status=200, reason=OK 
 headers={'Date': 'Wed, 12 Jun 2024 02:31:58 GMT', 'Content-Type': 'application/json; charset=utf-8', 'Transfer-Encoding': 'chunked', 'Connection': 'keep-alive', 'X-Powered-By': 'Express', 'Access-Control-Allow-Origin': '*', 'Cache-Control': 'no-cache', 'ETag': 'W/"475-COE+avF5Va6fbZ7SD3ppi9z9Y24"', 'Vary': 'Accept-Encoding', 'Content-Encoding': 'gzip', 'CF-Cache-Status': 'DYNAMIC', 'Report-To': '{"endpoints":[{"url":"https:\\/\\/a.nel.cloudflare.com\\/report\\/v4?s=W%2F5TE5VQ1UzBUQbTQsInOGUKZcQ0cAhtCqNkdKfcr0AyFPBuEq7rbRmecbKHx0rzxFqks8CXmEf7urvofuh2dqp%2Fzoy%2BKh76tAOkcbstvFnaSbuUXFJY4nOOumPpkn4q"}],"group":"cf-nel","max_age":604800}', 'NEL': '{"success_fraction":0,"report_to":"cf-nel","max_age":604800}', 'Server': 'cloudflare', 'CF-RAY': '89266d7e1cda3b53-IAD', 'alt-svc': 'h3=":443"; ma=86400'} 
 body={"results":[{"gender":"female","name":{"title":"Ms","first":"Angela","last":"Wahlstrøm"},"location":{"street":{"number":8610,"name":"Vårveien"},"city":"Øvre Årdal","state":"Oppland","country":"Norway","postcode":"3748","coordinates":{"latitude":"40.8672","longitude":"93.1852"},"timezone":{"offset":"+3:30","description":"Tehran"}},"email":"angela.wahlstrom@example.com","login":{"uuid":"1ed9dff9-52c9-450a-83ec-ccd98dedc1bf","username":"silverpeacock788","password":"test1","salt":"kWMvbPVo","md5":"ab168f061acecf203eec61e6adcb9e04","sha1":"3d50fe0263545d564fe36ab42f795313b28eba23","sha256":"e95b83feb2ae165f6d9de56543de867e96c310c75966a46b1d0bf06d99fd2d85"},"dob":{"date":"1992-07-07T00:40:06.750Z","age":31},"registered":{"date":"2014-06-02T06:14:10.367Z","age":10},"phone":"89870794","cell":"99913394","id":{"name":"FN","value":"07079224884"},"picture":{"large":"https://randomuser.me/api/portraits/women/52.jpg","medium":"https://randomuser.me/api/portraits/med/women/52.jpg","thumbnail":"https://randomuser.me/api/portraits/thumb/women/52.jpg"},"nat":"NO"}],"info":{"seed":"c3c7a000966f20a7","results":1,"page":1,"version":"1.4"}} 
 </msg>
<msg time="2024-06-12T02:31:58.472239" level="INFO">/opt/hostedtoolcache/Python/3.12.3/x64/lib/python3.12/site-packages/urllib3/connectionpool.py:1103: InsecureRequestWarning: Unverified HTTPS request is being made to host 'randomuser.me'. Adding certificate verification is strongly advised. See: https://urllib3.readthedocs.io/en/latest/advanced-usage.html#tls-warnings
  warnings.warn(</msg>
<msg time="2024-06-12T02:31:58.472385" level="INFO">${response} = &lt;Response [200]&gt;</msg>
<var>${response}</var>
<arg>consultarAPI</arg>
<arg>/api</arg>
<doc>Sends a GET request on a previously created HTTP Session.</doc>
<status status="PASS" start="2024-06-12T02:31:58.365915" elapsed="0.106498"/>
</kw>
<kw name="Should Be Equal As Numbers" owner="BuiltIn">
<msg time="2024-06-12T02:31:58.473694" level="INFO">Argument types are:
&lt;class 'int'&gt;
&lt;class 'str'&gt;</msg>
<arg>${response.status_code}</arg>
<arg>200</arg>
<doc>Fails if objects are unequal after converting them to real numbers.</doc>
<status status="PASS" start="2024-06-12T02:31:58.473151" elapsed="0.000616"/>
</kw>
<kw name="Log" owner="BuiltIn">
<msg time="2024-06-12T02:31:58.474580" level="INFO">200</msg>
<arg>${response.status_code}</arg>
<doc>Logs the given message with the given level.</doc>
<status status="PASS" start="2024-06-12T02:31:58.474196" elapsed="0.000437"/>
</kw>
<kw name="Set Variable" owner="BuiltIn">
<msg time="2024-06-12T02:31:58.475437" level="INFO">${json_data} = {'results': [{'gender': 'female', 'name': {'title': 'Ms', 'first': 'Angela', 'last': 'Wahlstrøm'}, 'location': {'street': {'number': 8610, 'name': 'Vårveien'}, 'city': 'Øvre Årdal', 'state': 'Oppland'...</msg>
<var>${json_data}</var>
<arg>${response.json()}</arg>
<doc>Returns the given values which can then be assigned to a variables.</doc>
<status status="PASS" start="2024-06-12T02:31:58.474974" elapsed="0.000495"/>
</kw>
<kw name="Dictionary Should Contain Key" owner="Collections">
<arg>${json_data}</arg>
<arg>results</arg>
<doc>Fails if ``key`` is not found from ``dictionary``.</doc>
<status status="PASS" start="2024-06-12T02:31:58.475787" elapsed="0.000177"/>
</kw>
<status status="PASS" start="2024-06-12T02:31:58.365658" elapsed="0.110462"/>
</kw>
<doc>Testa se a API responde corretamente e retorna um objeto JSON válido.</doc>
<tag>testeRequisicaoBasica</tag>
<status status="PASS" start="2024-06-12T02:31:58.365049" elapsed="0.111252"/>
</test>
<test id="s1-s1-t3" name="Validar estrutura de resposta" line="22">
<kw name="Teste de Estrutura de Resposta" owner="random-user-service">
<kw name="GET On Session" owner="RequestsLibrary">
<msg time="2024-06-12T02:31:58.559631" level="INFO">GET Request : url=https://randomuser.me/api 
 path_url=/api 
 headers={'User-Agent': 'python-requests/2.32.3', 'Accept-Encoding': 'gzip, deflate', 'Accept': '*/*', 'Connection': 'keep-alive'} 
 body=None 
 </msg>
<msg time="2024-06-12T02:31:58.559757" level="INFO">GET Response : url=https://randomuser.me/api 
 status=200, reason=OK 
 headers={'Date': 'Wed, 12 Jun 2024 02:31:58 GMT', 'Content-Type': 'application/json; charset=utf-8', 'Transfer-Encoding': 'chunked', 'Connection': 'keep-alive', 'X-Powered-By': 'Express', 'Access-Control-Allow-Origin': '*', 'Cache-Control': 'no-cache', 'ETag': 'W/"47e-x07R5W9dreqDn4oYiK05kT/4ecU"', 'Vary': 'Accept-Encoding', 'Content-Encoding': 'gzip', 'CF-Cache-Status': 'DYNAMIC', 'Report-To': '{"endpoints":[{"url":"https:\\/\\/a.nel.cloudflare.com\\/report\\/v4?s=1a0Mu234DnpSRMVElGAL0xEq%2BVVUzfsZPdGMTPgQ8h49yn%2F7jHrchRcggEzN8qSWdmPa%2BC7f5OS6GDhT%2BQxN99DtX2iQ7wWUg9yVDHpwwWyMjucwDvfqH5E%2BZgN76JlX"}],"group":"cf-nel","max_age":604800}', 'NEL': '{"success_fraction":0,"report_to":"cf-nel","max_age":604800}', 'Server': 'cloudflare', 'CF-RAY': '89266d7e8d6a3b53-IAD', 'alt-svc': 'h3=":443"; ma=86400'} 
 body={"results":[{"gender":"female","name":{"title":"Mrs","first":"Gwendolyn","last":"Lawson"},"location":{"street":{"number":9932,"name":"College St"},"city":"Warragul","state":"Tasmania","country":"Australia","postcode":9597,"coordinates":{"latitude":"-87.3155","longitude":"47.4051"},"timezone":{"offset":"+3:30","description":"Tehran"}},"email":"gwendolyn.lawson@example.com","login":{"uuid":"6869f1fa-0813-4d31-8ef7-19fee30b3191","username":"heavybutterfly617","password":"vikings","salt":"Feo2mfF4","md5":"c9da48ee8acd7a2e270ac3115906f701","sha1":"d158c432923c9e2f481afd0751922cb0ad818aca","sha256":"c737dcd4e98a6193c3b3bdffb6fc59fac6a66d20a6b9571e525872cb1b806121"},"dob":{"date":"2000-07-31T21:10:12.019Z","age":23},"registered":{"date":"2020-04-09T23:50:13.148Z","age":4},"phone":"02-0710-6086","cell":"0485-226-170","id":{"name":"TFN","value":"113851232"},"picture":{"large":"https://randomuser.me/api/portraits/women/86.jpg","medium":"https://randomuser.me/api/portraits/med/women/86.jpg","thumbnail":"https://randomuser.me/api/portraits/thumb/women/86.jpg"},"nat":"AU"}],"info":{"seed":"827c2bf562abd12e","results":1,"page":1,"version":"1.4"}} 
 </msg>
<msg time="2024-06-12T02:31:58.559929" level="INFO">/opt/hostedtoolcache/Python/3.12.3/x64/lib/python3.12/site-packages/urllib3/connectionpool.py:1103: InsecureRequestWarning: Unverified HTTPS request is being made to host 'randomuser.me'. Adding certificate verification is strongly advised. See: https://urllib3.readthedocs.io/en/latest/advanced-usage.html#tls-warnings
  warnings.warn(</msg>
<msg time="2024-06-12T02:31:58.560078" level="INFO">${response} = &lt;Response [200]&gt;</msg>
<var>${response}</var>
<arg>consultarAPI</arg>
<arg>/api</arg>
<doc>Sends a GET request on a previously created HTTP Session.</doc>
<status status="PASS" start="2024-06-12T02:31:58.479231" elapsed="0.080890"/>
</kw>
<kw name="Set Variable" owner="BuiltIn">
<msg time="2024-06-12T02:31:58.561451" level="INFO">${json_data} = {'results': [{'gender': 'female', 'name': {'title': 'Mrs', 'first': 'Gwendolyn', 'last': 'Lawson'}, 'location': {'street': {'number': 9932, 'name': 'College St'}, 'city': 'Warragul', 'state': 'Tasmani...</msg>
<var>${json_data}</var>
<arg>${response.json()}</arg>
<doc>Returns the given values which can then be assigned to a variables.</doc>
<status status="PASS" start="2024-06-12T02:31:58.560832" elapsed="0.000649"/>
</kw>
<kw name="Log" owner="BuiltIn">
<msg time="2024-06-12T02:31:58.562045" level="INFO">{'results': [{'gender': 'female', 'name': {'title': 'Mrs', 'first': 'Gwendolyn', 'last': 'Lawson'}, 'location': {'street': {'number': 9932, 'name': 'College St'}, 'city': 'Warragul', 'state': 'Tasmania', 'country': 'Australia', 'postcode': 9597, 'coordinates': {'latitude': '-87.3155', 'longitude': '47.4051'}, 'timezone': {'offset': '+3:30', 'description': 'Tehran'}}, 'email': 'gwendolyn.lawson@example.com', 'login': {'uuid': '6869f1fa-0813-4d31-8ef7-19fee30b3191', 'username': 'heavybutterfly617', 'password': 'vikings', 'salt': 'Feo2mfF4', 'md5': 'c9da48ee8acd7a2e270ac3115906f701', 'sha1': 'd158c432923c9e2f481afd0751922cb0ad818aca', 'sha256': 'c737dcd4e98a6193c3b3bdffb6fc59fac6a66d20a6b9571e525872cb1b806121'}, 'dob': {'date': '2000-07-31T21:10:12.019Z', 'age': 23}, 'registered': {'date': '2020-04-09T23:50:13.148Z', 'age': 4}, 'phone': '02-0710-6086', 'cell': '0485-226-170', 'id': {'name': 'TFN', 'value': '113851232'}, 'picture': {'large': 'https://randomuser.me/api/portraits/women/86.jpg', 'medium': 'https://randomuser.me/api/portraits/med/women/86.jpg', 'thumbnail': 'https://randomuser.me/api/portraits/thumb/women/86.jpg'}, 'nat': 'AU'}], 'info': {'seed': '827c2bf562abd12e', 'results': 1, 'page': 1, 'version': '1.4'}}</msg>
<arg>${json_data}</arg>
<doc>Logs the given message with the given level.</doc>
<status status="PASS" start="2024-06-12T02:31:58.561865" elapsed="0.000230"/>
</kw>
<kw name="Dictionary Should Contain Key" owner="Collections">
<arg>${json_data}</arg>
<arg>results</arg>
<doc>Fails if ``key`` is not found from ``dictionary``.</doc>
<status status="PASS" start="2024-06-12T02:31:58.562426" elapsed="0.000169"/>
</kw>
<kw name="Should Not Be Empty" owner="BuiltIn">
<msg time="2024-06-12T02:31:58.562919" level="INFO">Length is 2.</msg>
<arg>${json_data}</arg>
<doc>Verifies that the given item is not empty.</doc>
<status status="PASS" start="2024-06-12T02:31:58.562788" elapsed="0.000171"/>
</kw>
<kw name="Create List" owner="BuiltIn">
<msg time="2024-06-12T02:31:58.563405" level="INFO">${expected_keys} = ['gender', 'name', 'location', 'email', 'login']</msg>
<var>${expected_keys}</var>
<arg>gender</arg>
<arg>name</arg>
<arg>location</arg>
<arg>email</arg>
<arg>login</arg>
<doc>Returns a list containing given items.</doc>
<status status="PASS" start="2024-06-12T02:31:58.563256" elapsed="0.000173"/>
</kw>
<for flavor="IN">
<iter>
<kw name="Dictionary Should Contain Key" owner="Collections">
<arg>${json_data['results'][0]}</arg>
<arg>${key}</arg>
<doc>Fails if ``key`` is not found from ``dictionary``.</doc>
<status status="PASS" start="2024-06-12T02:31:58.564040" elapsed="0.000435"/>
</kw>
<kw name="Log" owner="BuiltIn">
<msg time="2024-06-12T02:31:58.565045" level="INFO">{'gender': 'female', 'name': {'title': 'Mrs', 'first': 'Gwendolyn', 'last': 'Lawson'}, 'location': {'street': {'number': 9932, 'name': 'College St'}, 'city': 'Warragul', 'state': 'Tasmania', 'country': 'Australia', 'postcode': 9597, 'coordinates': {'latitude': '-87.3155', 'longitude': '47.4051'}, 'timezone': {'offset': '+3:30', 'description': 'Tehran'}}, 'email': 'gwendolyn.lawson@example.com', 'login': {'uuid': '6869f1fa-0813-4d31-8ef7-19fee30b3191', 'username': 'heavybutterfly617', 'password': 'vikings', 'salt': 'Feo2mfF4', 'md5': 'c9da48ee8acd7a2e270ac3115906f701', 'sha1': 'd158c432923c9e2f481afd0751922cb0ad818aca', 'sha256': 'c737dcd4e98a6193c3b3bdffb6fc59fac6a66d20a6b9571e525872cb1b806121'}, 'dob': {'date': '2000-07-31T21:10:12.019Z', 'age': 23}, 'registered': {'date': '2020-04-09T23:50:13.148Z', 'age': 4}, 'phone': '02-0710-6086', 'cell': '0485-226-170', 'id': {'name': 'TFN', 'value': '113851232'}, 'picture': {'large': 'https://randomuser.me/api/portraits/women/86.jpg', 'medium': 'https://randomuser.me/api/portraits/med/women/86.jpg', 'thumbnail': 'https://randomuser.me/api/portraits/thumb/women/86.jpg'}, 'nat': 'AU'}</msg>
<arg>${json_data['results'][0]}</arg>
<doc>Logs the given message with the given level.</doc>
<status status="PASS" start="2024-06-12T02:31:58.564672" elapsed="0.000422"/>
</kw>
<kw name="Log" owner="BuiltIn">
<msg time="2024-06-12T02:31:58.565575" level="INFO">gender</msg>
<arg>${key}</arg>
<doc>Logs the given message with the given level.</doc>
<status status="PASS" start="2024-06-12T02:31:58.565442" elapsed="0.000176"/>
</kw>
<var name="${key}">gender</var>
<status status="PASS" start="2024-06-12T02:31:58.563907" elapsed="0.001941"/>
</iter>
<iter>
<kw name="Dictionary Should Contain Key" owner="Collections">
<arg>${json_data['results'][0]}</arg>
<arg>${key}</arg>
<doc>Fails if ``key`` is not found from ``dictionary``.</doc>
<status status="PASS" start="2024-06-12T02:31:58.566169" elapsed="0.000399"/>
</kw>
<kw name="Log" owner="BuiltIn">
<msg time="2024-06-12T02:31:58.567109" level="INFO">{'gender': 'female', 'name': {'title': 'Mrs', 'first': 'Gwendolyn', 'last': 'Lawson'}, 'location': {'street': {'number': 9932, 'name': 'College St'}, 'city': 'Warragul', 'state': 'Tasmania', 'country': 'Australia', 'postcode': 9597, 'coordinates': {'latitude': '-87.3155', 'longitude': '47.4051'}, 'timezone': {'offset': '+3:30', 'description': 'Tehran'}}, 'email': 'gwendolyn.lawson@example.com', 'login': {'uuid': '6869f1fa-0813-4d31-8ef7-19fee30b3191', 'username': 'heavybutterfly617', 'password': 'vikings', 'salt': 'Feo2mfF4', 'md5': 'c9da48ee8acd7a2e270ac3115906f701', 'sha1': 'd158c432923c9e2f481afd0751922cb0ad818aca', 'sha256': 'c737dcd4e98a6193c3b3bdffb6fc59fac6a66d20a6b9571e525872cb1b806121'}, 'dob': {'date': '2000-07-31T21:10:12.019Z', 'age': 23}, 'registered': {'date': '2020-04-09T23:50:13.148Z', 'age': 4}, 'phone': '02-0710-6086', 'cell': '0485-226-170', 'id': {'name': 'TFN', 'value': '113851232'}, 'picture': {'large': 'https://randomuser.me/api/portraits/women/86.jpg', 'medium': 'https://randomuser.me/api/portraits/med/women/86.jpg', 'thumbnail': 'https://randomuser.me/api/portraits/thumb/women/86.jpg'}, 'nat': 'AU'}</msg>
<arg>${json_data['results'][0]}</arg>
<doc>Logs the given message with the given level.</doc>
<status status="PASS" start="2024-06-12T02:31:58.566755" elapsed="0.000448"/>
</kw>
<kw name="Log" owner="BuiltIn">
<msg time="2024-06-12T02:31:58.567639" level="INFO">name</msg>
<arg>${key}</arg>
<doc>Logs the given message with the given level.</doc>
<status status="PASS" start="2024-06-12T02:31:58.567510" elapsed="0.000167"/>
</kw>
<var name="${key}">name</var>
<status status="PASS" start="2024-06-12T02:31:58.566052" elapsed="0.001842"/>
</iter>
<iter>
<kw name="Dictionary Should Contain Key" owner="Collections">
<arg>${json_data['results'][0]}</arg>
<arg>${key}</arg>
<doc>Fails if ``key`` is not found from ``dictionary``.</doc>
<status status="PASS" start="2024-06-12T02:31:58.568196" elapsed="0.000378"/>
</kw>
<kw name="Log" owner="BuiltIn">
<msg time="2024-06-12T02:31:58.569107" level="INFO">{'gender': 'female', 'name': {'title': 'Mrs', 'first': 'Gwendolyn', 'last': 'Lawson'}, 'location': {'street': {'number': 9932, 'name': 'College St'}, 'city': 'Warragul', 'state': 'Tasmania', 'country': 'Australia', 'postcode': 9597, 'coordinates': {'latitude': '-87.3155', 'longitude': '47.4051'}, 'timezone': {'offset': '+3:30', 'description': 'Tehran'}}, 'email': 'gwendolyn.lawson@example.com', 'login': {'uuid': '6869f1fa-0813-4d31-8ef7-19fee30b3191', 'username': 'heavybutterfly617', 'password': 'vikings', 'salt': 'Feo2mfF4', 'md5': 'c9da48ee8acd7a2e270ac3115906f701', 'sha1': 'd158c432923c9e2f481afd0751922cb0ad818aca', 'sha256': 'c737dcd4e98a6193c3b3bdffb6fc59fac6a66d20a6b9571e525872cb1b806121'}, 'dob': {'date': '2000-07-31T21:10:12.019Z', 'age': 23}, 'registered': {'date': '2020-04-09T23:50:13.148Z', 'age': 4}, 'phone': '02-0710-6086', 'cell': '0485-226-170', 'id': {'name': 'TFN', 'value': '113851232'}, 'picture': {'large': 'https://randomuser.me/api/portraits/women/86.jpg', 'medium': 'https://randomuser.me/api/portraits/med/women/86.jpg', 'thumbnail': 'https://randomuser.me/api/portraits/thumb/women/86.jpg'}, 'nat': 'AU'}</msg>
<arg>${json_data['results'][0]}</arg>
<doc>Logs the given message with the given level.</doc>
<status status="PASS" start="2024-06-12T02:31:58.568761" elapsed="0.000394"/>
</kw>
<kw name="Log" owner="BuiltIn">
<msg time="2024-06-12T02:31:58.569613" level="INFO">location</msg>
<arg>${key}</arg>
<doc>Logs the given message with the given level.</doc>
<status status="PASS" start="2024-06-12T02:31:58.569487" elapsed="0.000168"/>
</kw>
<var name="${key}">location</var>
<status status="PASS" start="2024-06-12T02:31:58.568085" elapsed="0.001789"/>
</iter>
<iter>
<kw name="Dictionary Should Contain Key" owner="Collections">
<arg>${json_data['results'][0]}</arg>
<arg>${key}</arg>
<doc>Fails if ``key`` is not found from ``dictionary``.</doc>
<status status="PASS" start="2024-06-12T02:31:58.570160" elapsed="0.000386"/>
</kw>
<kw name="Log" owner="BuiltIn">
<msg time="2024-06-12T02:31:58.571076" level="INFO">{'gender': 'female', 'name': {'title': 'Mrs', 'first': 'Gwendolyn', 'last': 'Lawson'}, 'location': {'street': {'number': 9932, 'name': 'College St'}, 'city': 'Warragul', 'state': 'Tasmania', 'country': 'Australia', 'postcode': 9597, 'coordinates': {'latitude': '-87.3155', 'longitude': '47.4051'}, 'timezone': {'offset': '+3:30', 'description': 'Tehran'}}, 'email': 'gwendolyn.lawson@example.com', 'login': {'uuid': '6869f1fa-0813-4d31-8ef7-19fee30b3191', 'username': 'heavybutterfly617', 'password': 'vikings', 'salt': 'Feo2mfF4', 'md5': 'c9da48ee8acd7a2e270ac3115906f701', 'sha1': 'd158c432923c9e2f481afd0751922cb0ad818aca', 'sha256': 'c737dcd4e98a6193c3b3bdffb6fc59fac6a66d20a6b9571e525872cb1b806121'}, 'dob': {'date': '2000-07-31T21:10:12.019Z', 'age': 23}, 'registered': {'date': '2020-04-09T23:50:13.148Z', 'age': 4}, 'phone': '02-0710-6086', 'cell': '0485-226-170', 'id': {'name': 'TFN', 'value': '113851232'}, 'picture': {'large': 'https://randomuser.me/api/portraits/women/86.jpg', 'medium': 'https://randomuser.me/api/portraits/med/women/86.jpg', 'thumbnail': 'https://randomuser.me/api/portraits/thumb/women/86.jpg'}, 'nat': 'AU'}</msg>
<arg>${json_data['results'][0]}</arg>
<doc>Logs the given message with the given level.</doc>
<status status="PASS" start="2024-06-12T02:31:58.570726" elapsed="0.000406"/>
</kw>
<kw name="Log" owner="BuiltIn">
<msg time="2024-06-12T02:31:58.571552" level="INFO">email</msg>
<arg>${key}</arg>
<doc>Logs the given message with the given level.</doc>
<status status="PASS" start="2024-06-12T02:31:58.571427" elapsed="0.000162"/>
</kw>
<var name="${key}">email</var>
<status status="PASS" start="2024-06-12T02:31:58.570052" elapsed="0.001750"/>
</iter>
<iter>
<kw name="Dictionary Should Contain Key" owner="Collections">
<arg>${json_data['results'][0]}</arg>
<arg>${key}</arg>
<doc>Fails if ``key`` is not found from ``dictionary``.</doc>
<status status="PASS" start="2024-06-12T02:31:58.572084" elapsed="0.000372"/>
</kw>
<kw name="Log" owner="BuiltIn">
<msg time="2024-06-12T02:31:58.572991" level="INFO">{'gender': 'female', 'name': {'title': 'Mrs', 'first': 'Gwendolyn', 'last': 'Lawson'}, 'location': {'street': {'number': 9932, 'name': 'College St'}, 'city': 'Warragul', 'state': 'Tasmania', 'country': 'Australia', 'postcode': 9597, 'coordinates': {'latitude': '-87.3155', 'longitude': '47.4051'}, 'timezone': {'offset': '+3:30', 'description': 'Tehran'}}, 'email': 'gwendolyn.lawson@example.com', 'login': {'uuid': '6869f1fa-0813-4d31-8ef7-19fee30b3191', 'username': 'heavybutterfly617', 'password': 'vikings', 'salt': 'Feo2mfF4', 'md5': 'c9da48ee8acd7a2e270ac3115906f701', 'sha1': 'd158c432923c9e2f481afd0751922cb0ad818aca', 'sha256': 'c737dcd4e98a6193c3b3bdffb6fc59fac6a66d20a6b9571e525872cb1b806121'}, 'dob': {'date': '2000-07-31T21:10:12.019Z', 'age': 23}, 'registered': {'date': '2020-04-09T23:50:13.148Z', 'age': 4}, 'phone': '02-0710-6086', 'cell': '0485-226-170', 'id': {'name': 'TFN', 'value': '113851232'}, 'picture': {'large': 'https://randomuser.me/api/portraits/women/86.jpg', 'medium': 'https://randomuser.me/api/portraits/med/women/86.jpg', 'thumbnail': 'https://randomuser.me/api/portraits/thumb/women/86.jpg'}, 'nat': 'AU'}</msg>
<arg>${json_data['results'][0]}</arg>
<doc>Logs the given message with the given level.</doc>
<status status="PASS" start="2024-06-12T02:31:58.572642" elapsed="0.000396"/>
</kw>
<kw name="Log" owner="BuiltIn">
<msg time="2024-06-12T02:31:58.573500" level="INFO">login</msg>
<arg>${key}</arg>
<doc>Logs the given message with the given level.</doc>
<status status="PASS" start="2024-06-12T02:31:58.573362" elapsed="0.000174"/>
</kw>
<var name="${key}">login</var>
<status status="PASS" start="2024-06-12T02:31:58.571977" elapsed="0.001780"/>
</iter>
<var>${key}</var>
<value>@{expected_keys}</value>
<status status="PASS" start="2024-06-12T02:31:58.563693" elapsed="0.010184"/>
</for>
<kw name="Create List" owner="BuiltIn">
<msg time="2024-06-12T02:31:58.574207" level="INFO">${expected_keysTwo} = ['username', 'password']</msg>
<var>${expected_keysTwo}</var>
<arg>username</arg>
<arg>password</arg>
<doc>Returns a list containing given items.</doc>
<status status="PASS" start="2024-06-12T02:31:58.574073" elapsed="0.000158"/>
</kw>
<for flavor="IN">
<iter>
<kw name="Dictionary Should Contain Key" owner="Collections">
<arg>${json_data['results'][0]['login']}</arg>
<arg>${keyTwo}</arg>
<doc>Fails if ``key`` is not found from ``dictionary``.</doc>
<status status="PASS" start="2024-06-12T02:31:58.574780" elapsed="0.000388"/>
</kw>
<kw name="Dictionary Should Contain Key" owner="Collections">
<arg>${json_data['results'][0]['login']}</arg>
<arg>${keyTwo}</arg>
<doc>Fails if ``key`` is not found from ``dictionary``.</doc>
<status status="PASS" start="2024-06-12T02:31:58.575351" elapsed="0.000493"/>
</kw>
<kw name="Log" owner="BuiltIn">
<msg time="2024-06-12T02:31:58.576149" level="INFO">username</msg>
<arg>${keyTwo}</arg>
<doc>Logs the given message with the given level.</doc>
<status status="PASS" start="2024-06-12T02:31:58.576028" elapsed="0.000157"/>
</kw>
<var name="${keyTwo}">username</var>
<status status="PASS" start="2024-06-12T02:31:58.574674" elapsed="0.001734"/>
</iter>
<iter>
<kw name="Dictionary Should Contain Key" owner="Collections">
<arg>${json_data['results'][0]['login']}</arg>
<arg>${keyTwo}</arg>
<doc>Fails if ``key`` is not found from ``dictionary``.</doc>
<status status="PASS" start="2024-06-12T02:31:58.576688" elapsed="0.000374"/>
</kw>
<kw name="Dictionary Should Contain Key" owner="Collections">
<arg>${json_data['results'][0]['login']}</arg>
<arg>${keyTwo}</arg>
<doc>Fails if ``key`` is not found from ``dictionary``.</doc>
<status status="PASS" start="2024-06-12T02:31:58.577239" elapsed="0.000412"/>
</kw>
<kw name="Log" owner="BuiltIn">
<msg time="2024-06-12T02:31:58.577950" level="INFO">password</msg>
<arg>${keyTwo}</arg>
<doc>Logs the given message with the given level.</doc>
<status status="PASS" start="2024-06-12T02:31:58.577831" elapsed="0.000154"/>
</kw>
<var name="${keyTwo}">password</var>
<status status="PASS" start="2024-06-12T02:31:58.576582" elapsed="0.001623"/>
</iter>
<var>${keyTwo}</var>
<value>@{expected_keysTwo}</value>
<status status="PASS" start="2024-06-12T02:31:58.574503" elapsed="0.003822"/>
</for>
<status status="PASS" start="2024-06-12T02:31:58.478816" elapsed="0.099653"/>
</kw>
<doc>Testa a estrutura da resposta da API.</doc>
<tag>testeEstruturaResposta</tag>
<status status="PASS" start="2024-06-12T02:31:58.478202" elapsed="0.100428"/>
</test>
<test id="s1-s1-t4" name="Validar tipos de dados" line="28">
<kw name="Teste de Tipos de Dados" owner="random-user-service">
<kw name="GET On Session" owner="RequestsLibrary">
<msg time="2024-06-12T02:31:58.659219" level="INFO">GET Request : url=https://randomuser.me/api 
 path_url=/api 
 headers={'User-Agent': 'python-requests/2.32.3', 'Accept-Encoding': 'gzip, deflate', 'Accept': '*/*', 'Connection': 'keep-alive'} 
 body=None 
 </msg>
<msg time="2024-06-12T02:31:58.659324" level="INFO">GET Response : url=https://randomuser.me/api 
 status=200, reason=OK 
 headers={'Date': 'Wed, 12 Jun 2024 02:31:58 GMT', 'Content-Type': 'application/json; charset=utf-8', 'Transfer-Encoding': 'chunked', 'Connection': 'keep-alive', 'X-Powered-By': 'Express', 'Access-Control-Allow-Origin': '*', 'Cache-Control': 'no-cache', 'ETag': 'W/"496-tyvPWnSxS0spdh1hcWDsnkb6Sxk"', 'Vary': 'Accept-Encoding', 'Content-Encoding': 'gzip', 'CF-Cache-Status': 'DYNAMIC', 'Report-To': '{"endpoints":[{"url":"https:\\/\\/a.nel.cloudflare.com\\/report\\/v4?s=aw2fvVbEu93mzmcyY16GSrfdr7Mp3lvXYT5%2F00dzlwIZNUoGsxNnLVyd0L%2F6uNQJgYVcfM%2BwrJmBwKIRXdAOE3SnPenFb1ZNFNJ2LEK5v5mzwnpQDWRm5vdFhQ5a%2FFWx"}],"group":"cf-nel","max_age":604800}', 'NEL': '{"success_fraction":0,"report_to":"cf-nel","max_age":604800}', 'Server': 'cloudflare', 'CF-RAY': '89266d7f2e103b53-IAD', 'alt-svc': 'h3=":443"; ma=86400'} 
 body={"results":[{"gender":"male","name":{"title":"Mr","first":"Atanasije","last":"Bekić"},"location":{"street":{"number":6613,"name":"Stefana Anđelića"},"city":"Prijepolje","state":"Bor","country":"Serbia","postcode":59861,"coordinates":{"latitude":"58.5192","longitude":"-89.6188"},"timezone":{"offset":"+11:00","description":"Magadan, Solomon Islands, New Caledonia"}},"email":"atanasije.bekic@example.com","login":{"uuid":"00faca08-738a-4ece-b96a-536a09da37a0","username":"happyostrich390","password":"marty","salt":"CnGN5V7m","md5":"5d5505b1ae3e03d39c0364d4ad4e3c82","sha1":"c19fafa6eff6389a542390add10f2c1e3e3ae2a0","sha256":"a2fd2ba46d3497446ce1b90ebed1d1737e622df2e452365f0dec62ca7fab5e8c"},"dob":{"date":"1956-08-29T11:18:37.187Z","age":67},"registered":{"date":"2009-12-04T02:05:06.899Z","age":14},"phone":"016-8624-602","cell":"063-6306-163","id":{"name":"SID","value":"317624445"},"picture":{"large":"https://randomuser.me/api/portraits/men/64.jpg","medium":"https://randomuser.me/api/portraits/med/men/64.jpg","thumbnail":"https://randomuser.me/api/portraits/thumb/men/64.jpg"},"nat":"RS"}],"info":{"seed":"92ec037b3adbd106","results":1,"page":1,"version":"1.4"}} 
 </msg>
<msg time="2024-06-12T02:31:58.659407" level="INFO">/opt/hostedtoolcache/Python/3.12.3/x64/lib/python3.12/site-packages/urllib3/connectionpool.py:1103: InsecureRequestWarning: Unverified HTTPS request is being made to host 'randomuser.me'. Adding certificate verification is strongly advised. See: https://urllib3.readthedocs.io/en/latest/advanced-usage.html#tls-warnings
  warnings.warn(</msg>
<msg time="2024-06-12T02:31:58.659535" level="INFO">${response} = &lt;Response [200]&gt;</msg>
<var>${response}</var>
<arg>consultarAPI</arg>
<arg>/api</arg>
<doc>Sends a GET request on a previously created HTTP Session.</doc>
<status status="PASS" start="2024-06-12T02:31:58.581243" elapsed="0.078332"/>
</kw>
<kw name="Set Variable" owner="BuiltIn">
<msg time="2024-06-12T02:31:58.660926" level="INFO">${json_data} = {'results': [{'gender': 'male', 'name': {'title': 'Mr', 'first': 'Atanasije', 'last': 'Bekić'}, 'location': {'street': {'number': 6613, 'name': 'Stefana Anđelića'}, 'city': 'Prijepolje', 'state': 'Bor...</msg>
<var>${json_data}</var>
<arg>${response.json()}</arg>
<doc>Returns the given values which can then be assigned to a variables.</doc>
<status status="PASS" start="2024-06-12T02:31:58.660288" elapsed="0.000670"/>
</kw>
<kw name="Log" owner="BuiltIn">
<msg time="2024-06-12T02:31:58.661576" level="INFO">{'results': [{'gender': 'male', 'name': {'title': 'Mr', 'first': 'Atanasije', 'last': 'Bekić'}, 'location': {'street': {'number': 6613, 'name': 'Stefana Anđelića'}, 'city': 'Prijepolje', 'state': 'Bor', 'country': 'Serbia', 'postcode': 59861, 'coordinates': {'latitude': '58.5192', 'longitude': '-89.6188'}, 'timezone': {'offset': '+11:00', 'description': 'Magadan, Solomon Islands, New Caledonia'}}, 'email': 'atanasije.bekic@example.com', 'login': {'uuid': '00faca08-738a-4ece-b96a-536a09da37a0', 'username': 'happyostrich390', 'password': 'marty', 'salt': 'CnGN5V7m', 'md5': '5d5505b1ae3e03d39c0364d4ad4e3c82', 'sha1': 'c19fafa6eff6389a542390add10f2c1e3e3ae2a0', 'sha256': 'a2fd2ba46d3497446ce1b90ebed1d1737e622df2e452365f0dec62ca7fab5e8c'}, 'dob': {'date': '1956-08-29T11:18:37.187Z', 'age': 67}, 'registered': {'date': '2009-12-04T02:05:06.899Z', 'age': 14}, 'phone': '016-8624-602', 'cell': '063-6306-163', 'id': {'name': 'SID', 'value': '317624445'}, 'picture': {'large': 'https://randomuser.me/api/portraits/men/64.jpg', 'medium': 'https://randomuser.me/api/portraits/med/men/64.jpg', 'thumbnail': 'https://randomuser.me/api/portraits/thumb/men/64.jpg'}, 'nat': 'RS'}], 'info': {'seed': '92ec037b3adbd106', 'results': 1, 'page': 1, 'version': '1.4'}}</msg>
<arg>${json_data}</arg>
<doc>Logs the given message with the given level.</doc>
<status status="PASS" start="2024-06-12T02:31:58.661372" elapsed="0.000259"/>
</kw>
<kw name="Should Be String" owner="String">
<arg>${json_data['results'][0]['gender']}</arg>
<doc>Fails if the given ``item`` is not a string.</doc>
<status status="PASS" start="2024-06-12T02:31:58.661978" elapsed="0.000389"/>
</kw>
<kw name="Should Match Regexp" owner="BuiltIn">
<arg>${json_data['results'][0]['email']}</arg>
<arg>^[a-zA-Z0-9._%+-]+@[a-zA-Z0-9.-]+\.[a-zA-Z]{2,}$</arg>
<doc>Fails if ``string`` does not match ``pattern`` as a regular expression.</doc>
<status status="PASS" start="2024-06-12T02:31:58.662568" elapsed="0.000528"/>
</kw>
<kw name="Should Match Regexp" owner="BuiltIn">
<arg>${json_data['results'][0]['dob']['date']}</arg>
<arg>\\d{4}-\\d{2}-\\d{2}T\\d{2}:\\d{2}:\\d{2}\\.\\d{3}Z</arg>
<doc>Fails if ``string`` does not match ``pattern`` as a regular expression.</doc>
<status status="PASS" start="2024-06-12T02:31:58.663342" elapsed="0.000512"/>
</kw>
<kw name="Should Match Regexp" owner="BuiltIn">
<arg>${json_data['results'][0]['registered']['date']}</arg>
<arg>\\d{4}-\\d{2}-\\d{2}T\\d{2}:\\d{2}:\\d{2}\\.\\d{3}Z</arg>
<doc>Fails if ``string`` does not match ``pattern`` as a regular expression.</doc>
<status status="PASS" start="2024-06-12T02:31:58.664050" elapsed="0.000366"/>
</kw>
<kw name="Should Match Regexp" owner="BuiltIn">
<arg>${json_data['results'][0]['picture']['large']}</arg>
<arg>^https?://.*\.(?:png|jpe?g|gif|bmp)$</arg>
<doc>Fails if ``string`` does not match ``pattern`` as a regular expression.</doc>
<status status="PASS" start="2024-06-12T02:31:58.664604" elapsed="0.000461"/>
</kw>
<kw name="Should Match Regexp" owner="BuiltIn">
<arg>${json_data['results'][0]['picture']['medium']}</arg>
<arg>^https?://.*\.(?:png|jpe?g|gif|bmp)$</arg>
<doc>Fails if ``string`` does not match ``pattern`` as a regular expression.</doc>
<status status="PASS" start="2024-06-12T02:31:58.665286" elapsed="0.000364"/>
</kw>
<kw name="Should Match Regexp" owner="BuiltIn">
<arg>${json_data['results'][0]['picture']['thumbnail']}</arg>
<arg>^https?://.*\.(?:png|jpe?g|gif|bmp)$</arg>
<doc>Fails if ``string`` does not match ``pattern`` as a regular expression.</doc>
<status status="PASS" start="2024-06-12T02:31:58.665837" elapsed="0.000346"/>
</kw>
<kw name="Log" owner="BuiltIn">
<msg time="2024-06-12T02:31:58.666696" level="INFO">{'large': 'https://randomuser.me/api/portraits/men/64.jpg', 'medium': 'https://randomuser.me/api/portraits/med/men/64.jpg', 'thumbnail': 'https://randomuser.me/api/portraits/thumb/men/64.jpg'}</msg>
<arg>${json_data['results'][0]['picture']}</arg>
<doc>Logs the given message with the given level.</doc>
<status status="PASS" start="2024-06-12T02:31:58.666374" elapsed="0.000366"/>
</kw>
<status status="PASS" start="2024-06-12T02:31:58.581003" elapsed="0.086012"/>
</kw>
<kw name="Teste de Tipos de Dados - Postcode" owner="random-user-service">
<kw name="GET On Session" owner="RequestsLibrary">
<msg time="2024-06-12T02:31:58.792350" level="INFO">GET Request : url=https://randomuser.me/api 
 path_url=/api 
 headers={'User-Agent': 'python-requests/2.32.3', 'Accept-Encoding': 'gzip, deflate', 'Accept': '*/*', 'Connection': 'keep-alive'} 
 body=None 
 </msg>
<msg time="2024-06-12T02:31:58.792475" level="INFO">GET Response : url=https://randomuser.me/api 
 status=200, reason=OK 
 headers={'Date': 'Wed, 12 Jun 2024 02:31:58 GMT', 'Content-Type': 'application/json; charset=utf-8', 'Transfer-Encoding': 'chunked', 'Connection': 'keep-alive', 'X-Powered-By': 'Express', 'Access-Control-Allow-Origin': '*', 'Cache-Control': 'no-cache', 'ETag': 'W/"490-TKFfez12SksZNL7KwxmwCFTZMhs"', 'Vary': 'Accept-Encoding', 'Content-Encoding': 'gzip', 'CF-Cache-Status': 'DYNAMIC', 'Report-To': '{"endpoints":[{"url":"https:\\/\\/a.nel.cloudflare.com\\/report\\/v4?s=0XVTXMnKP6ttykAxQOtTiHGDneQsJpUcKj5m13g1yY6LDF8qFv23lKb8sh9LubMQ6EGtDY1BBqxDnX9HGjSVW%2F2k4%2B5YCVu%2Bw%2FCa6sTkzCF0dWo4l%2BqJmIk%2B3w6GJ5m5"}],"group":"cf-nel","max_age":604800}', 'NEL': '{"success_fraction":0,"report_to":"cf-nel","max_age":604800}', 'Server': 'cloudflare', 'CF-RAY': '89266d7faebc3b53-IAD', 'alt-svc': 'h3=":443"; ma=86400'} 
 body={"results":[{"gender":"male","name":{"title":"Mr","first":"Samuel","last":"Domínguez"},"location":{"street":{"number":2705,"name":"Paseo de Zorrilla"},"city":"Lugo","state":"Asturias","country":"Spain","postcode":93502,"coordinates":{"latitude":"-31.9863","longitude":"-15.3703"},"timezone":{"offset":"+5:30","description":"Bombay, Calcutta, Madras, New Delhi"}},"email":"samuel.dominguez@example.com","login":{"uuid":"e3b4f71e-774b-4215-8495-8535073d7f54","username":"organicfrog565","password":"conrad","salt":"EBsUjfwW","md5":"c692c83718d6001f8e94a02c48c90076","sha1":"35f8744090adf949a3813307cc2a93db51967095","sha256":"cb8f676334b811aa79eafe25d61ced640c4b65c5e9fe10c53721ef03170ca24c"},"dob":{"date":"1964-10-20T04:05:14.667Z","age":59},"registered":{"date":"2006-10-09T00:06:39.741Z","age":17},"phone":"904-284-932","cell":"671-452-503","id":{"name":"DNI","value":"64586224-N"},"picture":{"large":"https://randomuser.me/api/portraits/men/33.jpg","medium":"https://randomuser.me/api/portraits/med/men/33.jpg","thumbnail":"https://randomuser.me/api/portraits/thumb/men/33.jpg"},"nat":"ES"}],"info":{"seed":"25c9871af7e70304","results":1,"page":1,"version":"1.4"}} 
 </msg>
<msg time="2024-06-12T02:31:58.792567" level="INFO">/opt/hostedtoolcache/Python/3.12.3/x64/lib/python3.12/site-packages/urllib3/connectionpool.py:1103: InsecureRequestWarning: Unverified HTTPS request is being made to host 'randomuser.me'. Adding certificate verification is strongly advised. See: https://urllib3.readthedocs.io/en/latest/advanced-usage.html#tls-warnings
  warnings.warn(</msg>
<msg time="2024-06-12T02:31:58.792723" level="INFO">${response} = &lt;Response [200]&gt;</msg>
<var>${response}</var>
<arg>consultarAPI</arg>
<arg>/api</arg>
<doc>Sends a GET request on a previously created HTTP Session.</doc>
<status status="PASS" start="2024-06-12T02:31:58.667484" elapsed="0.125289"/>
</kw>
<kw name="Set Variable" owner="BuiltIn">
<msg time="2024-06-12T02:31:58.793928" level="INFO">${json_data} = {'results': [{'gender': 'male', 'name': {'title': 'Mr', 'first': 'Samuel', 'last': 'Domínguez'}, 'location': {'street': {'number': 2705, 'name': 'Paseo de Zorrilla'}, 'city': 'Lugo', 'state': 'Asturia...</msg>
<var>${json_data}</var>
<arg>${response.json()}</arg>
<doc>Returns the given values which can then be assigned to a variables.</doc>
<status status="PASS" start="2024-06-12T02:31:58.793380" elapsed="0.000581"/>
</kw>
<kw name="Log" owner="BuiltIn">
<msg time="2024-06-12T02:31:58.794723" level="INFO">{'results': [{'gender': 'male', 'name': {'title': 'Mr', 'first': 'Samuel', 'last': 'Domínguez'}, 'location': {'street': {'number': 2705, 'name': 'Paseo de Zorrilla'}, 'city': 'Lugo', 'state': 'Asturias', 'country': 'Spain', 'postcode': 93502, 'coordinates': {'latitude': '-31.9863', 'longitude': '-15.3703'}, 'timezone': {'offset': '+5:30', 'description': 'Bombay, Calcutta, Madras, New Delhi'}}, 'email': 'samuel.dominguez@example.com', 'login': {'uuid': 'e3b4f71e-774b-4215-8495-8535073d7f54', 'username': 'organicfrog565', 'password': 'conrad', 'salt': 'EBsUjfwW', 'md5': 'c692c83718d6001f8e94a02c48c90076', 'sha1': '35f8744090adf949a3813307cc2a93db51967095', 'sha256': 'cb8f676334b811aa79eafe25d61ced640c4b65c5e9fe10c53721ef03170ca24c'}, 'dob': {'date': '1964-10-20T04:05:14.667Z', 'age': 59}, 'registered': {'date': '2006-10-09T00:06:39.741Z', 'age': 17}, 'phone': '904-284-932', 'cell': '671-452-503', 'id': {'name': 'DNI', 'value': '64586224-N'}, 'picture': {'large': 'https://randomuser.me/api/portraits/men/33.jpg', 'medium': 'https://randomuser.me/api/portraits/med/men/33.jpg', 'thumbnail': 'https://randomuser.me/api/portraits/thumb/men/33.jpg'}, 'nat': 'ES'}], 'info': {'seed': '25c9871af7e70304', 'results': 1, 'page': 1, 'version': '1.4'}}</msg>
<arg>${json_data}</arg>
<doc>Logs the given message with the given level.</doc>
<status status="PASS" start="2024-06-12T02:31:58.794542" elapsed="0.000234"/>
</kw>
<kw name="Should Be Equal As Numbers" owner="BuiltIn">
<arg>${json_data['results'][0]['location']['postcode']}</arg>
<arg>${json_data['results'][0]['location']['postcode']}</arg>
<doc>Fails if objects are unequal after converting them to real numbers.</doc>
<status status="PASS" start="2024-06-12T02:31:58.795109" elapsed="0.000655"/>
</kw>
<kw name="Log" owner="BuiltIn">
<msg time="2024-06-12T02:31:58.796337" level="INFO">93502</msg>
<arg>${json_data['results'][0]['location']['postcode']}</arg>
<doc>Logs the given message with the given level.</doc>
<status status="PASS" start="2024-06-12T02:31:58.795969" elapsed="0.000410"/>
</kw>
<status status="PASS" start="2024-06-12T02:31:58.667247" elapsed="0.129440"/>
</kw>
<doc>Testa se os tipos de dados na resposta da API estão corretos.</doc>
<tag>testeTiposDados</tag>
<status status="PASS" start="2024-06-12T02:31:58.580430" elapsed="0.216433"/>
</test>
<test id="s1-s1-t5" name="Validar conteudo" line="35">
<kw name="Teste de Tipos de Conteudo" owner="random-user-service">
<kw name="GET On Session" owner="RequestsLibrary">
<msg time="2024-06-12T02:31:58.869354" level="INFO">GET Request : url=https://randomuser.me/api 
 path_url=/api 
 headers={'User-Agent': 'python-requests/2.32.3', 'Accept-Encoding': 'gzip, deflate', 'Accept': '*/*', 'Connection': 'keep-alive'} 
 body=None 
 </msg>
<msg time="2024-06-12T02:31:58.869470" level="INFO">GET Response : url=https://randomuser.me/api 
 status=200, reason=OK 
 headers={'Date': 'Wed, 12 Jun 2024 02:31:58 GMT', 'Content-Type': 'application/json; charset=utf-8', 'Transfer-Encoding': 'chunked', 'Connection': 'keep-alive', 'X-Powered-By': 'Express', 'Access-Control-Allow-Origin': '*', 'Cache-Control': 'no-cache', 'ETag': 'W/"47a-f+ZRlqTW7tWU8gNOHjBZAf8cAiA"', 'Vary': 'Accept-Encoding', 'Content-Encoding': 'gzip', 'CF-Cache-Status': 'DYNAMIC', 'Report-To': '{"endpoints":[{"url":"https:\\/\\/a.nel.cloudflare.com\\/report\\/v4?s=MG596QyrSsAKXQdfveBIY3axkYl%2F%2BsqcMVFqIP1Wh7v%2B5sBSHtHus87hYwwzznZtc4JcXasJ%2ByY7i9OjX%2BGZ33QxH4dFV0iCJYKC0td7FjwH868kEMUB%2FZse9z%2BREP2Z"}],"group":"cf-nel","max_age":604800}', 'NEL': '{"success_fraction":0,"report_to":"cf-nel","max_age":604800}', 'Server': 'cloudflare', 'CF-RAY': '89266d808fc43b53-IAD', 'alt-svc': 'h3=":443"; ma=86400'} 
 body={"results":[{"gender":"male","name":{"title":"Mr","first":"Logan","last":"Addy"},"location":{"street":{"number":396,"name":"Elgin St"},"city":"Springfield","state":"Yukon","country":"Canada","postcode":"X6G 0U3","coordinates":{"latitude":"-72.5309","longitude":"-61.2130"},"timezone":{"offset":"-7:00","description":"Mountain Time (US &amp; Canada)"}},"email":"logan.addy@example.com","login":{"uuid":"80207cee-d763-412a-97ca-d8cd013c0db1","username":"silvermouse846","password":"jacob1","salt":"2CylhlQw","md5":"014be20b573b82fc3c0f5270a5c50fcb","sha1":"fd4b2650abdcb9662fb1917d8d639a5de136c640","sha256":"b83b17861645e9cac657db6fd837352cd8fcf79dd1f2227e0feb4b6532194e25"},"dob":{"date":"1973-03-12T15:17:42.883Z","age":51},"registered":{"date":"2017-06-25T15:12:05.289Z","age":6},"phone":"A12 T08-7188","cell":"K77 H71-3375","id":{"name":"SIN","value":"277003612"},"picture":{"large":"https://randomuser.me/api/portraits/men/82.jpg","medium":"https://randomuser.me/api/portraits/med/men/82.jpg","thumbnail":"https://randomuser.me/api/portraits/thumb/men/82.jpg"},"nat":"CA"}],"info":{"seed":"69f66f87ba1a67a9","results":1,"page":1,"version":"1.4"}} 
 </msg>
<msg time="2024-06-12T02:31:58.869552" level="INFO">/opt/hostedtoolcache/Python/3.12.3/x64/lib/python3.12/site-packages/urllib3/connectionpool.py:1103: InsecureRequestWarning: Unverified HTTPS request is being made to host 'randomuser.me'. Adding certificate verification is strongly advised. See: https://urllib3.readthedocs.io/en/latest/advanced-usage.html#tls-warnings
  warnings.warn(</msg>
<msg time="2024-06-12T02:31:58.869679" level="INFO">${response} = &lt;Response [200]&gt;</msg>
<var>${response}</var>
<arg>consultarAPI</arg>
<arg>/api</arg>
<doc>Sends a GET request on a previously created HTTP Session.</doc>
<status status="PASS" start="2024-06-12T02:31:58.799508" elapsed="0.070214"/>
</kw>
<kw name="Set Variable" owner="BuiltIn">
<msg time="2024-06-12T02:31:58.871123" level="INFO">${json_data} = {'results': [{'gender': 'male', 'name': {'title': 'Mr', 'first': 'Logan', 'last': 'Addy'}, 'location': {'street': {'number': 396, 'name': 'Elgin St'}, 'city': 'Springfield', 'state': 'Yukon', 'country...</msg>
<var>${json_data}</var>
<arg>${response.json()}</arg>
<doc>Returns the given values which can then be assigned to a variables.</doc>
<status status="PASS" start="2024-06-12T02:31:58.870475" elapsed="0.000678"/>
</kw>
<kw name="Set Variable" owner="BuiltIn">
<msg time="2024-06-12T02:31:58.871959" level="INFO">${name_title} = Mr</msg>
<var>${name_title}</var>
<arg>${json_data["results"][0]["name"]["title"]}</arg>
<doc>Returns the given values which can then be assigned to a variables.</doc>
<status status="PASS" start="2024-06-12T02:31:58.871536" elapsed="0.000449"/>
</kw>
<kw name="Create List" owner="BuiltIn">
<msg time="2024-06-12T02:31:58.872478" level="INFO">${allowed_titles} = ['Mr', 'Ms', 'Miss', 'Mrs', 'Madame', 'Monsieur']</msg>
<var>${allowed_titles}</var>
<arg>Mr</arg>
<arg>Ms</arg>
<arg>Miss</arg>
<arg>Mrs</arg>
<arg>Madame</arg>
<arg>Monsieur</arg>
<doc>Returns a list containing given items.</doc>
<status status="PASS" start="2024-06-12T02:31:58.872316" elapsed="0.000186"/>
</kw>
<kw name="List Should Contain Value" owner="Collections">
<arg>${allowed_titles}</arg>
<arg>${name_title}</arg>
<doc>Fails if the ``value`` is not found from ``list``.</doc>
<status status="PASS" start="2024-06-12T02:31:58.872820" elapsed="0.000188"/>
</kw>
<kw name="Set Variable" owner="BuiltIn">
<msg time="2024-06-12T02:31:58.873637" level="INFO">${name_country} = CA</msg>
<var>${name_country}</var>
<arg>${json_data["results"][0]["nat"]}</arg>
<doc>Returns the given values which can then be assigned to a variables.</doc>
<status status="PASS" start="2024-06-12T02:31:58.873195" elapsed="0.000468"/>
</kw>
<kw name="Create List" owner="BuiltIn">
<msg time="2024-06-12T02:31:58.874574" level="INFO">${list_country} = ['AD', 'AE', 'AF', 'AG', 'AI', 'AL', 'AM', 'AO', 'AQ', 'AR', 'AS', 'AT', 'AU', 'AW', 'AX', 'AZ', 'BA', 'BB', 'BD', 'BE', 'BF', 'BG', 'BH', 'BI', 'BJ', 'BL', 'BM', 'BN', 'BO', 'BQ', 'BR', 'BS', 'BT', '...</msg>
<var>${list_country}</var>
<arg>AD</arg>
<arg>AE</arg>
<arg>AF</arg>
<arg>AG</arg>
<arg>AI</arg>
<arg>AL</arg>
<arg>AM</arg>
<arg>AO</arg>
<arg>AQ</arg>
<arg>AR</arg>
<arg>AS</arg>
<arg>AT</arg>
<arg>AU</arg>
<arg>AW</arg>
<arg>AX</arg>
<arg>AZ</arg>
<arg>BA</arg>
<arg>BB</arg>
<arg>BD</arg>
<arg>BE</arg>
<arg>BF</arg>
<arg>BG</arg>
<arg>BH</arg>
<arg>BI</arg>
<arg>BJ</arg>
<arg>BL</arg>
<arg>BM</arg>
<arg>BN</arg>
<arg>BO</arg>
<arg>BQ</arg>
<arg>BR</arg>
<arg>BS</arg>
<arg>BT</arg>
<arg>BV</arg>
<arg>BW</arg>
<arg>BY</arg>
<arg>BZ</arg>
<arg>CA</arg>
<arg>CC</arg>
<arg>CD</arg>
<arg>CF</arg>
<arg>CG</arg>
<arg>CH</arg>
<arg>CI</arg>
<arg>CK</arg>
<arg>CL</arg>
<arg>CM</arg>
<arg>CN</arg>
<arg>CO</arg>
<arg>CR</arg>
<arg>CU</arg>
<arg>CV</arg>
<arg>CW</arg>
<arg>CX</arg>
<arg>CY</arg>
<arg>CZ</arg>
<arg>DE</arg>
<arg>DJ</arg>
<arg>DK</arg>
<arg>DM</arg>
<arg>DO</arg>
<arg>DZ</arg>
<arg>EC</arg>
<arg>EE</arg>
<arg>EG</arg>
<arg>EH</arg>
<arg>ER</arg>
<arg>ES</arg>
<arg>ET</arg>
<arg>FI</arg>
<arg>FJ</arg>
<arg>FK</arg>
<arg>FM</arg>
<arg>FO</arg>
<arg>FR</arg>
<arg>GA</arg>
<arg>GB</arg>
<arg>GD</arg>
<arg>GE</arg>
<arg>GF</arg>
<arg>GG</arg>
<arg>GH</arg>
<arg>GI</arg>
<arg>GL</arg>
<arg>GM</arg>
<arg>GN</arg>
<arg>GP</arg>
<arg>GQ</arg>
<arg>GR</arg>
<arg>GS</arg>
<arg>GT</arg>
<arg>GU</arg>
<arg>GW</arg>
<arg>GY</arg>
<arg>HK</arg>
<arg>HM</arg>
<arg>HN</arg>
<arg>HR</arg>
<arg>HT</arg>
<arg>HU</arg>
<arg>ID</arg>
<arg>IE</arg>
<arg>IL</arg>
<arg>IM</arg>
<arg>IN</arg>
<arg>IO</arg>
<arg>IQ</arg>
<arg>IR</arg>
<arg>IS</arg>
<arg>IT</arg>
<arg>JE</arg>
<arg>JM</arg>
<arg>JO</arg>
<arg>JP</arg>
<arg>KE</arg>
<arg>KG</arg>
<arg>KH</arg>
<arg>KI</arg>
<arg>KM</arg>
<arg>KN</arg>
<arg>KP</arg>
<arg>KR</arg>
<arg>KW</arg>
<arg>KY</arg>
<arg>KZ</arg>
<arg>LA</arg>
<arg>LB</arg>
<arg>LC</arg>
<arg>LI</arg>
<arg>LK</arg>
<arg>LR</arg>
<arg>LS</arg>
<arg>LT</arg>
<arg>LU</arg>
<arg>LV</arg>
<arg>LY</arg>
<arg>MA</arg>
<arg>MC</arg>
<arg>MD</arg>
<arg>ME</arg>
<arg>MF</arg>
<arg>MG</arg>
<arg>MH</arg>
<arg>MK</arg>
<arg>ML</arg>
<arg>MM</arg>
<arg>MN</arg>
<arg>MO</arg>
<arg>MP</arg>
<arg>MQ</arg>
<arg>MR</arg>
<arg>MS</arg>
<arg>MT</arg>
<arg>MU</arg>
<arg>MV</arg>
<arg>MW</arg>
<arg>MX</arg>
<arg>MY</arg>
<arg>MZ</arg>
<arg>NA</arg>
<arg>NC</arg>
<arg>NE</arg>
<arg>NF</arg>
<arg>NG</arg>
<arg>NI</arg>
<arg>NL</arg>
<arg>NO</arg>
<arg>NP</arg>
<arg>NR</arg>
<arg>NU</arg>
<arg>NZ</arg>
<arg>OM</arg>
<arg>PA</arg>
<arg>PE</arg>
<arg>PF</arg>
<arg>PG</arg>
<arg>PH</arg>
<arg>PK</arg>
<arg>PL</arg>
<arg>PM</arg>
<arg>PN</arg>
<arg>PR</arg>
<arg>PS</arg>
<arg>PT</arg>
<arg>PW</arg>
<arg>PY</arg>
<arg>QA</arg>
<arg>RE</arg>
<arg>RO</arg>
<arg>RS</arg>
<arg>RU</arg>
<arg>RW</arg>
<arg>SA</arg>
<arg>SB</arg>
<arg>SC</arg>
<arg>SD</arg>
<arg>SE</arg>
<arg>SG</arg>
<arg>SH</arg>
<arg>SI</arg>
<arg>SJ</arg>
<arg>SK</arg>
<arg>SL</arg>
<arg>SM</arg>
<arg>SN</arg>
<arg>SO</arg>
<arg>SR</arg>
<arg>SS</arg>
<arg>ST</arg>
<arg>SV</arg>
<arg>SX</arg>
<arg>SY</arg>
<arg>SZ</arg>
<arg>TC</arg>
<arg>TD</arg>
<arg>TF</arg>
<arg>TG</arg>
<arg>TH</arg>
<arg>TJ</arg>
<arg>TK</arg>
<arg>TL</arg>
<arg>TM</arg>
<arg>TN</arg>
<arg>TO</arg>
<arg>TR</arg>
<arg>TT</arg>
<arg>TV</arg>
<arg>TW</arg>
<arg>TZ</arg>
<arg>UA</arg>
<arg>UG</arg>
<arg>UM</arg>
<arg>US</arg>
<arg>UY</arg>
<arg>UZ</arg>
<arg>VA</arg>
<arg>VC</arg>
<arg>VE</arg>
<arg>VG</arg>
<arg>VI</arg>
<arg>VN</arg>
<arg>VU</arg>
<arg>WF</arg>
<arg>WS</arg>
<arg>XK</arg>
<arg>YE</arg>
<arg>YT</arg>
<arg>ZA</arg>
<arg>ZM</arg>
<arg>ZW</arg>
<doc>Returns a list containing given items.</doc>
<status status="PASS" start="2024-06-12T02:31:58.873976" elapsed="0.000624"/>
</kw>
<kw name="List Should Contain Value" owner="Collections">
<arg>${list_country}</arg>
<arg>${name_country}</arg>
<doc>Fails if the ``value`` is not found from ``list``.</doc>
<status status="PASS" start="2024-06-12T02:31:58.875625" elapsed="0.000310"/>
</kw>
<kw name="Run Keyword If" owner="BuiltIn">
<kw name="Should Be True" owner="BuiltIn">
<arg>${True}</arg>
<doc>Fails if the given condition is not true.</doc>
<status status="PASS" start="2024-06-12T02:31:58.877002" elapsed="0.000302"/>
</kw>
<arg>${json_data["results"][0]["location"]["coordinates"]["latitude"]} &gt;= -90 and ${json_data["results"][0]["location"]["coordinates"]["latitude"]} &lt;= 90</arg>
<arg>Should Be True</arg>
<arg>${True}</arg>
<doc>Runs the given keyword with the given arguments, if ``condition`` is true.</doc>
<status status="PASS" start="2024-06-12T02:31:58.876228" elapsed="0.001219"/>
</kw>
<kw name="Run Keyword If" owner="BuiltIn">
<kw name="Should Be True" owner="BuiltIn">
<arg>${True}</arg>
<doc>Fails if the given condition is not true.</doc>
<status status="PASS" start="2024-06-12T02:31:58.878353" elapsed="0.000138"/>
</kw>
<arg>${json_data["results"][0]["location"]["coordinates"]["longitude"]} &gt;= -180 and ${json_data["results"][0]["location"]["coordinates"]["longitude"]} &lt;= 180</arg>
<arg>Should Be True</arg>
<arg>${True}</arg>
<doc>Runs the given keyword with the given arguments, if ``condition`` is true.</doc>
<status status="PASS" start="2024-06-12T02:31:58.877639" elapsed="0.000974"/>
</kw>
<status status="PASS" start="2024-06-12T02:31:58.799270" elapsed="0.079477"/>
</kw>
<doc>Testa o conteúdo específico dos campos retornados pela API.</doc>
<tag>testeConteudo</tag>
<status status="PASS" start="2024-06-12T02:31:58.798772" elapsed="0.080129"/>
</test>
<status status="PASS" start="2024-06-12T02:31:58.024942" elapsed="0.855949"/>
</suite>
<status status="PASS" start="2024-06-12T02:31:58.011182" elapsed="0.874768"/>
</suite>
<statistics>
<total>
<stat pass="5" fail="0" skip="0">All Tests</stat>
</total>
<tag>
<stat pass="1" fail="0" skip="0">testeConteudo</stat>
<stat pass="1" fail="0" skip="0">testeEstruturaResposta</stat>
<stat pass="1" fail="0" skip="0">testeRequisicaoBasica</stat>
<stat pass="1" fail="0" skip="0">testeTiposDados</stat>
</tag>
<suite>
<stat pass="5" fail="0" skip="0" id="s1" name="Tests">Tests</stat>
<stat pass="5" fail="0" skip="0" id="s1-s1" name="Random-User-Test">Tests.Random-User-Test</stat>
</suite>
</statistics>
<errors>
</errors>
</robot>
