<?xml version="1.0" encoding="UTF-8"?>
<robot generator="Robot 7.0 (Python 3.12.3 on linux)" generated="2024-04-25T19:12:07.088166" rpa="false" schemaversion="5">
<suite id="s1" name="Tests" source="/home/runner/work/DesafioQAItauRogerioJordao/DesafioQAItauRogerioJordao/RamdonUser/tests">
<suite id="s1-s1" name="Random-User-Test" source="/home/runner/work/DesafioQAItauRogerioJordao/DesafioQAItauRogerioJordao/RamdonUser/tests/random-user-test.robot">
<test id="s1-s1-t1" name="Conectar" line="13">
<kw name="Conectar API" owner="random-user-service">
<kw name="Create Session" owner="RequestsLibrary">
<msg time="2024-04-25T19:12:07.444547" level="INFO">Creating Session using : alias=consultarAPI, url=https://randomuser.me/, headers={},                     cookies={}, auth=None, timeout=None, proxies=None, verify=False,                     debug=0 </msg>
<arg>consultarAPI</arg>
<arg>${URL}</arg>
<doc>Create Session: create a HTTP session to a server</doc>
<status status="PASS" start="2024-04-25T19:12:07.444353" elapsed="0.000359"/>
</kw>
<status status="PASS" start="2024-04-25T19:12:07.443422" elapsed="0.001633"/>
</kw>
<status status="PASS" start="2024-04-25T19:12:07.442828" elapsed="0.002420"/>
</test>
<test id="s1-s1-t2" name="Validar retorno 200 e JSON Válido" line="16">
<kw name="Teste de Requisicao Basica" owner="random-user-service">
<kw name="GET On Session" owner="RequestsLibrary">
<msg time="2024-04-25T19:12:07.668970" level="INFO">GET Request : url=https://randomuser.me/api 
 path_url=/api 
 headers={'User-Agent': 'python-requests/2.31.0', 'Accept-Encoding': 'gzip, deflate', 'Accept': '*/*', 'Connection': 'keep-alive'} 
 body=None 
 </msg>
<msg time="2024-04-25T19:12:07.669096" level="INFO">GET Response : url=https://randomuser.me/api 
 status=200, reason=OK 
 headers={'Date': 'Thu, 25 Apr 2024 19:12:07 GMT', 'Content-Type': 'application/json; charset=utf-8', 'Transfer-Encoding': 'chunked', 'Connection': 'keep-alive', 'X-Powered-By': 'Express', 'Access-Control-Allow-Origin': '*', 'Cache-Control': 'no-cache', 'ETag': 'W/"490-DfEgYsKL1GMBBKucXxpEWlRLpAk"', 'Vary': 'Accept-Encoding', 'Content-Encoding': 'gzip', 'CF-Cache-Status': 'DYNAMIC', 'Report-To': '{"endpoints":[{"url":"https:\\/\\/a.nel.cloudflare.com\\/report\\/v4?s=UbDHPIrxh6aenPZHbvZzRX%2Bohh7Wi5%2Fl4fwfLaD6sTQLxzMgNE%2BPZww%2BhxcYNIRrfHnL5wjDuWL5ht3TC%2BLr0L%2Bq%2FwvCN2IbZeGbnBALj5ybAQ828wgSc4ipfapvYOf%2B"}],"group":"cf-nel","max_age":604800}', 'NEL': '{"success_fraction":0,"report_to":"cf-nel","max_age":604800}', 'Server': 'cloudflare', 'CF-RAY': '87a0a48faccf5b41-IAD', 'alt-svc': 'h3=":443"; ma=86400'} 
 body={"results":[{"gender":"male","name":{"title":"Mr","first":"Oliver","last":"Kowalski"},"location":{"street":{"number":3122,"name":"Richmond Ave"},"city":"Borden","state":"Ontario","country":"Canada","postcode":"T9K 2A6","coordinates":{"latitude":"-66.3881","longitude":"-22.3058"},"timezone":{"offset":"+1:00","description":"Brussels, Copenhagen, Madrid, Paris"}},"email":"oliver.kowalski@example.com","login":{"uuid":"b774c1a0-f9de-402f-ad0d-344d1542dabf","username":"angrysnake316","password":"summer99","salt":"9JY7aj0z","md5":"ce144ac107e9986036ce1359fbbd0b11","sha1":"d45f54963914192006dd1a9519f740fb23fd35f2","sha256":"cd1aa29d9b423aa58890fafcd8b741f2a1fad7b51ffcb18a6ab91b3d470badfe"},"dob":{"date":"1958-11-23T07:21:29.472Z","age":65},"registered":{"date":"2008-02-11T01:16:26.362Z","age":16},"phone":"C33 D86-6903","cell":"D01 V11-4932","id":{"name":"SIN","value":"610084196"},"picture":{"large":"https://randomuser.me/api/portraits/men/86.jpg","medium":"https://randomuser.me/api/portraits/med/men/86.jpg","thumbnail":"https://randomuser.me/api/portraits/thumb/men/86.jpg"},"nat":"CA"}],"info":{"seed":"8c60816f0743da0f","results":1,"page":1,"version":"1.4"}} 
 </msg>
<msg time="2024-04-25T19:12:07.669176" level="INFO">/opt/hostedtoolcache/Python/3.12.3/x64/lib/python3.12/site-packages/urllib3/connectionpool.py:1103: InsecureRequestWarning: Unverified HTTPS request is being made to host 'randomuser.me'. Adding certificate verification is strongly advised. See: https://urllib3.readthedocs.io/en/latest/advanced-usage.html#tls-warnings
  warnings.warn(</msg>
<msg time="2024-04-25T19:12:07.669320" level="INFO">${response} = &lt;Response [200]&gt;</msg>
<var>${response}</var>
<arg>consultarAPI</arg>
<arg>/api</arg>
<doc>Sends a GET request on a previously created HTTP Session.</doc>
<status status="PASS" start="2024-04-25T19:12:07.447956" elapsed="0.221405"/>
</kw>
<kw name="Should Be Equal As Numbers" owner="BuiltIn">
<msg time="2024-04-25T19:12:07.670264" level="INFO">Argument types are:
&lt;class 'int'&gt;
&lt;class 'str'&gt;</msg>
<arg>${response.status_code}</arg>
<arg>200</arg>
<doc>Fails if objects are unequal after converting them to real numbers.</doc>
<status status="PASS" start="2024-04-25T19:12:07.669833" elapsed="0.000494"/>
</kw>
<kw name="Log" owner="BuiltIn">
<msg time="2024-04-25T19:12:07.671011" level="INFO">200</msg>
<arg>${response.status_code}</arg>
<doc>Logs the given message with the given level.</doc>
<status status="PASS" start="2024-04-25T19:12:07.670653" elapsed="0.000402"/>
</kw>
<kw name="Set Variable" owner="BuiltIn">
<msg time="2024-04-25T19:12:07.671835" level="INFO">${json_data} = {'results': [{'gender': 'male', 'name': {'title': 'Mr', 'first': 'Oliver', 'last': 'Kowalski'}, 'location': {'street': {'number': 3122, 'name': 'Richmond Ave'}, 'city': 'Borden', 'state': 'Ontario', '...</msg>
<var>${json_data}</var>
<arg>${response.json()}</arg>
<doc>Returns the given values which can then be assigned to a variables.</doc>
<status status="PASS" start="2024-04-25T19:12:07.671361" elapsed="0.000502"/>
</kw>
<kw name="Dictionary Should Contain Key" owner="Collections">
<msg time="2024-04-25T19:12:07.672340" level="INFO">False</msg>
<arg>${json_data}</arg>
<arg>results</arg>
<doc>Fails if ``key`` is not found from ``dictionary``.</doc>
<status status="PASS" start="2024-04-25T19:12:07.672169" elapsed="0.000212"/>
</kw>
<status status="PASS" start="2024-04-25T19:12:07.447700" elapsed="0.224942"/>
</kw>
<doc>Testa se a API responde corretamente e retorna um objeto JSON válido.</doc>
<tag>testeRequisicaoBasica</tag>
<status status="PASS" start="2024-04-25T19:12:07.447132" elapsed="0.225692"/>
</test>
<test id="s1-s1-t3" name="Validar estrutura de resposta" line="22">
<kw name="Teste de Estrutura de Resposta" owner="random-user-service">
<kw name="GET On Session" owner="RequestsLibrary">
<msg time="2024-04-25T19:12:07.756744" level="INFO">GET Request : url=https://randomuser.me/api 
 path_url=/api 
 headers={'User-Agent': 'python-requests/2.31.0', 'Accept-Encoding': 'gzip, deflate', 'Accept': '*/*', 'Connection': 'keep-alive'} 
 body=None 
 </msg>
<msg time="2024-04-25T19:12:07.756826" level="INFO">GET Response : url=https://randomuser.me/api 
 status=200, reason=OK 
 headers={'Date': 'Thu, 25 Apr 2024 19:12:07 GMT', 'Content-Type': 'application/json; charset=utf-8', 'Transfer-Encoding': 'chunked', 'Connection': 'keep-alive', 'X-Powered-By': 'Express', 'Access-Control-Allow-Origin': '*', 'Cache-Control': 'no-cache', 'ETag': 'W/"483-kuKjvwuoJGTGFtK86Qtr9WkScsQ"', 'Vary': 'Accept-Encoding', 'Content-Encoding': 'gzip', 'CF-Cache-Status': 'DYNAMIC', 'Report-To': '{"endpoints":[{"url":"https:\\/\\/a.nel.cloudflare.com\\/report\\/v4?s=HRksSuzL5OdwAe5ezNfFOcwWdjzuhWIfJJ0rF9vpkaPAsgDLNjiDkjSGVxZijz94pHDYGQKEHqRTkCTemmSSVuUKvm9EfNhphHtFZ7N4GPmsTSI%2F%2BjslFwQQx8Laf0Cc"}],"group":"cf-nel","max_age":604800}', 'NEL': '{"success_fraction":0,"report_to":"cf-nel","max_age":604800}', 'Server': 'cloudflare', 'CF-RAY': '87a0a48ffd235b41-IAD', 'alt-svc': 'h3=":443"; ma=86400'} 
 body={"results":[{"gender":"female","name":{"title":"Ms","first":"کیمیا","last":"گلشن"},"location":{"street":{"number":1873,"name":"شورا"},"city":"سنندج","state":"مازندران","country":"Iran","postcode":30095,"coordinates":{"latitude":"21.3337","longitude":"84.0966"},"timezone":{"offset":"-7:00","description":"Mountain Time (US &amp; Canada)"}},"email":"khymy.glshn@example.com","login":{"uuid":"efe3288a-3dc5-4f1c-bf42-6c0dec712e58","username":"blackgoose776","password":"ding","salt":"YUw8fXT8","md5":"e2b1f561411e2b738bf5aed04f267ce0","sha1":"6769762bc52dbdf13f5b52586b22b4df076ed84f","sha256":"a67bf95d64bbb6c2ddd58d2c4b982404ee2fbab14f05041afd066d033448294d"},"dob":{"date":"1947-03-05T17:15:00.966Z","age":77},"registered":{"date":"2019-02-06T01:26:34.474Z","age":5},"phone":"074-01935233","cell":"0996-092-3986","id":{"name":"","value":null},"picture":{"large":"https://randomuser.me/api/portraits/women/87.jpg","medium":"https://randomuser.me/api/portraits/med/women/87.jpg","thumbnail":"https://randomuser.me/api/portraits/thumb/women/87.jpg"},"nat":"IR"}],"info":{"seed":"d1f443309cd1ce79","results":1,"page":1,"version":"1.4"}} 
 </msg>
<msg time="2024-04-25T19:12:07.756934" level="INFO">/opt/hostedtoolcache/Python/3.12.3/x64/lib/python3.12/site-packages/urllib3/connectionpool.py:1103: InsecureRequestWarning: Unverified HTTPS request is being made to host 'randomuser.me'. Adding certificate verification is strongly advised. See: https://urllib3.readthedocs.io/en/latest/advanced-usage.html#tls-warnings
  warnings.warn(</msg>
<msg time="2024-04-25T19:12:07.757045" level="INFO">${response} = &lt;Response [200]&gt;</msg>
<var>${response}</var>
<arg>consultarAPI</arg>
<arg>/api</arg>
<doc>Sends a GET request on a previously created HTTP Session.</doc>
<status status="PASS" start="2024-04-25T19:12:07.675471" elapsed="0.081615"/>
</kw>
<kw name="Set Variable" owner="BuiltIn">
<msg time="2024-04-25T19:12:07.757903" level="INFO">${json_data} = {'results': [{'gender': 'female', 'name': {'title': 'Ms', 'first': 'کیمیا', 'last': 'گلشن'}, 'location': {'street': {'number': 1873, 'name': 'شورا'}, 'city': 'سنندج', 'state': 'مازندران', 'country': '...</msg>
<var>${json_data}</var>
<arg>${response.json()}</arg>
<doc>Returns the given values which can then be assigned to a variables.</doc>
<status status="PASS" start="2024-04-25T19:12:07.757443" elapsed="0.000490"/>
</kw>
<kw name="Log" owner="BuiltIn">
<msg time="2024-04-25T19:12:07.758408" level="INFO">{'results': [{'gender': 'female', 'name': {'title': 'Ms', 'first': 'کیمیا', 'last': 'گلشن'}, 'location': {'street': {'number': 1873, 'name': 'شورا'}, 'city': 'سنندج', 'state': 'مازندران', 'country': 'Iran', 'postcode': 30095, 'coordinates': {'latitude': '21.3337', 'longitude': '84.0966'}, 'timezone': {'offset': '-7:00', 'description': 'Mountain Time (US &amp; Canada)'}}, 'email': 'khymy.glshn@example.com', 'login': {'uuid': 'efe3288a-3dc5-4f1c-bf42-6c0dec712e58', 'username': 'blackgoose776', 'password': 'ding', 'salt': 'YUw8fXT8', 'md5': 'e2b1f561411e2b738bf5aed04f267ce0', 'sha1': '6769762bc52dbdf13f5b52586b22b4df076ed84f', 'sha256': 'a67bf95d64bbb6c2ddd58d2c4b982404ee2fbab14f05041afd066d033448294d'}, 'dob': {'date': '1947-03-05T17:15:00.966Z', 'age': 77}, 'registered': {'date': '2019-02-06T01:26:34.474Z', 'age': 5}, 'phone': '074-01935233', 'cell': '0996-092-3986', 'id': {'name': '', 'value': None}, 'picture': {'large': 'https://randomuser.me/api/portraits/women/87.jpg', 'medium': 'https://randomuser.me/api/portraits/med/women/87.jpg', 'thumbnail': 'https://randomuser.me/api/portraits/thumb/women/87.jpg'}, 'nat': 'IR'}], 'info': {'seed': 'd1f443309cd1ce79', 'results': 1, 'page': 1, 'version': '1.4'}}</msg>
<arg>${json_data}</arg>
<doc>Logs the given message with the given level.</doc>
<status status="PASS" start="2024-04-25T19:12:07.758238" elapsed="0.000223"/>
</kw>
<kw name="Dictionary Should Contain Key" owner="Collections">
<msg time="2024-04-25T19:12:07.758917" level="INFO">False</msg>
<arg>${json_data}</arg>
<arg>results</arg>
<doc>Fails if ``key`` is not found from ``dictionary``.</doc>
<status status="PASS" start="2024-04-25T19:12:07.758762" elapsed="0.000192"/>
</kw>
<kw name="Should Not Be Empty" owner="BuiltIn">
<msg time="2024-04-25T19:12:07.759382" level="INFO">Length is 2.</msg>
<arg>${json_data}</arg>
<doc>Verifies that the given item is not empty.</doc>
<status status="PASS" start="2024-04-25T19:12:07.759247" elapsed="0.000305"/>
</kw>
<kw name="Create List" owner="BuiltIn">
<msg time="2024-04-25T19:12:07.760056" level="INFO">${expected_keys} = ['gender', 'name', 'location', 'email', 'login']</msg>
<var>${expected_keys}</var>
<arg>gender</arg>
<arg>name</arg>
<arg>location</arg>
<arg>email</arg>
<arg>login</arg>
<doc>Returns a list containing given items.</doc>
<status status="PASS" start="2024-04-25T19:12:07.759897" elapsed="0.000184"/>
</kw>
<for flavor="IN">
<iter>
<kw name="Dictionary Should Contain Key" owner="Collections">
<msg time="2024-04-25T19:12:07.761052" level="INFO">False</msg>
<arg>${json_data['results'][0]}</arg>
<arg>${key}</arg>
<doc>Fails if ``key`` is not found from ``dictionary``.</doc>
<status status="PASS" start="2024-04-25T19:12:07.760650" elapsed="0.000441"/>
</kw>
<kw name="Log" owner="BuiltIn">
<msg time="2024-04-25T19:12:07.761762" level="INFO">{'gender': 'female', 'name': {'title': 'Ms', 'first': 'کیمیا', 'last': 'گلشن'}, 'location': {'street': {'number': 1873, 'name': 'شورا'}, 'city': 'سنندج', 'state': 'مازندران', 'country': 'Iran', 'postcode': 30095, 'coordinates': {'latitude': '21.3337', 'longitude': '84.0966'}, 'timezone': {'offset': '-7:00', 'description': 'Mountain Time (US &amp; Canada)'}}, 'email': 'khymy.glshn@example.com', 'login': {'uuid': 'efe3288a-3dc5-4f1c-bf42-6c0dec712e58', 'username': 'blackgoose776', 'password': 'ding', 'salt': 'YUw8fXT8', 'md5': 'e2b1f561411e2b738bf5aed04f267ce0', 'sha1': '6769762bc52dbdf13f5b52586b22b4df076ed84f', 'sha256': 'a67bf95d64bbb6c2ddd58d2c4b982404ee2fbab14f05041afd066d033448294d'}, 'dob': {'date': '1947-03-05T17:15:00.966Z', 'age': 77}, 'registered': {'date': '2019-02-06T01:26:34.474Z', 'age': 5}, 'phone': '074-01935233', 'cell': '0996-092-3986', 'id': {'name': '', 'value': None}, 'picture': {'large': 'https://randomuser.me/api/portraits/women/87.jpg', 'medium': 'https://randomuser.me/api/portraits/med/women/87.jpg', 'thumbnail': 'https://randomuser.me/api/portraits/thumb/women/87.jpg'}, 'nat': 'IR'}</msg>
<arg>${json_data['results'][0]}</arg>
<doc>Logs the given message with the given level.</doc>
<status status="PASS" start="2024-04-25T19:12:07.761392" elapsed="0.000423"/>
</kw>
<kw name="Log" owner="BuiltIn">
<msg time="2024-04-25T19:12:07.762243" level="INFO">gender</msg>
<arg>${key}</arg>
<doc>Logs the given message with the given level.</doc>
<status status="PASS" start="2024-04-25T19:12:07.762114" elapsed="0.000167"/>
</kw>
<var name="${key}">gender</var>
<status status="PASS" start="2024-04-25T19:12:07.760525" elapsed="0.001974"/>
</iter>
<iter>
<kw name="Dictionary Should Contain Key" owner="Collections">
<msg time="2024-04-25T19:12:07.763194" level="INFO">False</msg>
<arg>${json_data['results'][0]}</arg>
<arg>${key}</arg>
<doc>Fails if ``key`` is not found from ``dictionary``.</doc>
<status status="PASS" start="2024-04-25T19:12:07.762803" elapsed="0.000429"/>
</kw>
<kw name="Log" owner="BuiltIn">
<msg time="2024-04-25T19:12:07.763947" level="INFO">{'gender': 'female', 'name': {'title': 'Ms', 'first': 'کیمیا', 'last': 'گلشن'}, 'location': {'street': {'number': 1873, 'name': 'شورا'}, 'city': 'سنندج', 'state': 'مازندران', 'country': 'Iran', 'postcode': 30095, 'coordinates': {'latitude': '21.3337', 'longitude': '84.0966'}, 'timezone': {'offset': '-7:00', 'description': 'Mountain Time (US &amp; Canada)'}}, 'email': 'khymy.glshn@example.com', 'login': {'uuid': 'efe3288a-3dc5-4f1c-bf42-6c0dec712e58', 'username': 'blackgoose776', 'password': 'ding', 'salt': 'YUw8fXT8', 'md5': 'e2b1f561411e2b738bf5aed04f267ce0', 'sha1': '6769762bc52dbdf13f5b52586b22b4df076ed84f', 'sha256': 'a67bf95d64bbb6c2ddd58d2c4b982404ee2fbab14f05041afd066d033448294d'}, 'dob': {'date': '1947-03-05T17:15:00.966Z', 'age': 77}, 'registered': {'date': '2019-02-06T01:26:34.474Z', 'age': 5}, 'phone': '074-01935233', 'cell': '0996-092-3986', 'id': {'name': '', 'value': None}, 'picture': {'large': 'https://randomuser.me/api/portraits/women/87.jpg', 'medium': 'https://randomuser.me/api/portraits/med/women/87.jpg', 'thumbnail': 'https://randomuser.me/api/portraits/thumb/women/87.jpg'}, 'nat': 'IR'}</msg>
<arg>${json_data['results'][0]}</arg>
<doc>Logs the given message with the given level.</doc>
<status status="PASS" start="2024-04-25T19:12:07.763555" elapsed="0.000445"/>
</kw>
<kw name="Log" owner="BuiltIn">
<msg time="2024-04-25T19:12:07.764429" level="INFO">name</msg>
<arg>${key}</arg>
<doc>Logs the given message with the given level.</doc>
<status status="PASS" start="2024-04-25T19:12:07.764302" elapsed="0.000164"/>
</kw>
<var name="${key}">name</var>
<status status="PASS" start="2024-04-25T19:12:07.762686" elapsed="0.001998"/>
</iter>
<iter>
<kw name="Dictionary Should Contain Key" owner="Collections">
<msg time="2024-04-25T19:12:07.765396" level="INFO">False</msg>
<arg>${json_data['results'][0]}</arg>
<arg>${key}</arg>
<doc>Fails if ``key`` is not found from ``dictionary``.</doc>
<status status="PASS" start="2024-04-25T19:12:07.764978" elapsed="0.000456"/>
</kw>
<kw name="Log" owner="BuiltIn">
<msg time="2024-04-25T19:12:07.766121" level="INFO">{'gender': 'female', 'name': {'title': 'Ms', 'first': 'کیمیا', 'last': 'گلشن'}, 'location': {'street': {'number': 1873, 'name': 'شورا'}, 'city': 'سنندج', 'state': 'مازندران', 'country': 'Iran', 'postcode': 30095, 'coordinates': {'latitude': '21.3337', 'longitude': '84.0966'}, 'timezone': {'offset': '-7:00', 'description': 'Mountain Time (US &amp; Canada)'}}, 'email': 'khymy.glshn@example.com', 'login': {'uuid': 'efe3288a-3dc5-4f1c-bf42-6c0dec712e58', 'username': 'blackgoose776', 'password': 'ding', 'salt': 'YUw8fXT8', 'md5': 'e2b1f561411e2b738bf5aed04f267ce0', 'sha1': '6769762bc52dbdf13f5b52586b22b4df076ed84f', 'sha256': 'a67bf95d64bbb6c2ddd58d2c4b982404ee2fbab14f05041afd066d033448294d'}, 'dob': {'date': '1947-03-05T17:15:00.966Z', 'age': 77}, 'registered': {'date': '2019-02-06T01:26:34.474Z', 'age': 5}, 'phone': '074-01935233', 'cell': '0996-092-3986', 'id': {'name': '', 'value': None}, 'picture': {'large': 'https://randomuser.me/api/portraits/women/87.jpg', 'medium': 'https://randomuser.me/api/portraits/med/women/87.jpg', 'thumbnail': 'https://randomuser.me/api/portraits/thumb/women/87.jpg'}, 'nat': 'IR'}</msg>
<arg>${json_data['results'][0]}</arg>
<doc>Logs the given message with the given level.</doc>
<status status="PASS" start="2024-04-25T19:12:07.765738" elapsed="0.000442"/>
</kw>
<kw name="Log" owner="BuiltIn">
<msg time="2024-04-25T19:12:07.766606" level="INFO">location</msg>
<arg>${key}</arg>
<doc>Logs the given message with the given level.</doc>
<status status="PASS" start="2024-04-25T19:12:07.766479" elapsed="0.000166"/>
</kw>
<var name="${key}">location</var>
<status status="PASS" start="2024-04-25T19:12:07.764865" elapsed="0.001994"/>
</iter>
<iter>
<kw name="Dictionary Should Contain Key" owner="Collections">
<msg time="2024-04-25T19:12:07.767529" level="INFO">False</msg>
<arg>${json_data['results'][0]}</arg>
<arg>${key}</arg>
<doc>Fails if ``key`` is not found from ``dictionary``.</doc>
<status status="PASS" start="2024-04-25T19:12:07.767146" elapsed="0.000422"/>
</kw>
<kw name="Log" owner="BuiltIn">
<msg time="2024-04-25T19:12:07.768275" level="INFO">{'gender': 'female', 'name': {'title': 'Ms', 'first': 'کیمیا', 'last': 'گلشن'}, 'location': {'street': {'number': 1873, 'name': 'شورا'}, 'city': 'سنندج', 'state': 'مازندران', 'country': 'Iran', 'postcode': 30095, 'coordinates': {'latitude': '21.3337', 'longitude': '84.0966'}, 'timezone': {'offset': '-7:00', 'description': 'Mountain Time (US &amp; Canada)'}}, 'email': 'khymy.glshn@example.com', 'login': {'uuid': 'efe3288a-3dc5-4f1c-bf42-6c0dec712e58', 'username': 'blackgoose776', 'password': 'ding', 'salt': 'YUw8fXT8', 'md5': 'e2b1f561411e2b738bf5aed04f267ce0', 'sha1': '6769762bc52dbdf13f5b52586b22b4df076ed84f', 'sha256': 'a67bf95d64bbb6c2ddd58d2c4b982404ee2fbab14f05041afd066d033448294d'}, 'dob': {'date': '1947-03-05T17:15:00.966Z', 'age': 77}, 'registered': {'date': '2019-02-06T01:26:34.474Z', 'age': 5}, 'phone': '074-01935233', 'cell': '0996-092-3986', 'id': {'name': '', 'value': None}, 'picture': {'large': 'https://randomuser.me/api/portraits/women/87.jpg', 'medium': 'https://randomuser.me/api/portraits/med/women/87.jpg', 'thumbnail': 'https://randomuser.me/api/portraits/thumb/women/87.jpg'}, 'nat': 'IR'}</msg>
<arg>${json_data['results'][0]}</arg>
<doc>Logs the given message with the given level.</doc>
<status status="PASS" start="2024-04-25T19:12:07.767906" elapsed="0.000427"/>
</kw>
<kw name="Log" owner="BuiltIn">
<msg time="2024-04-25T19:12:07.768757" level="INFO">email</msg>
<arg>${key}</arg>
<doc>Logs the given message with the given level.</doc>
<status status="PASS" start="2024-04-25T19:12:07.768629" elapsed="0.000166"/>
</kw>
<var name="${key}">email</var>
<status status="PASS" start="2024-04-25T19:12:07.767035" elapsed="0.001973"/>
</iter>
<iter>
<kw name="Dictionary Should Contain Key" owner="Collections">
<msg time="2024-04-25T19:12:07.769683" level="INFO">False</msg>
<arg>${json_data['results'][0]}</arg>
<arg>${key}</arg>
<doc>Fails if ``key`` is not found from ``dictionary``.</doc>
<status status="PASS" start="2024-04-25T19:12:07.769292" elapsed="0.000430"/>
</kw>
<kw name="Log" owner="BuiltIn">
<msg time="2024-04-25T19:12:07.770377" level="INFO">{'gender': 'female', 'name': {'title': 'Ms', 'first': 'کیمیا', 'last': 'گلشن'}, 'location': {'street': {'number': 1873, 'name': 'شورا'}, 'city': 'سنندج', 'state': 'مازندران', 'country': 'Iran', 'postcode': 30095, 'coordinates': {'latitude': '21.3337', 'longitude': '84.0966'}, 'timezone': {'offset': '-7:00', 'description': 'Mountain Time (US &amp; Canada)'}}, 'email': 'khymy.glshn@example.com', 'login': {'uuid': 'efe3288a-3dc5-4f1c-bf42-6c0dec712e58', 'username': 'blackgoose776', 'password': 'ding', 'salt': 'YUw8fXT8', 'md5': 'e2b1f561411e2b738bf5aed04f267ce0', 'sha1': '6769762bc52dbdf13f5b52586b22b4df076ed84f', 'sha256': 'a67bf95d64bbb6c2ddd58d2c4b982404ee2fbab14f05041afd066d033448294d'}, 'dob': {'date': '1947-03-05T17:15:00.966Z', 'age': 77}, 'registered': {'date': '2019-02-06T01:26:34.474Z', 'age': 5}, 'phone': '074-01935233', 'cell': '0996-092-3986', 'id': {'name': '', 'value': None}, 'picture': {'large': 'https://randomuser.me/api/portraits/women/87.jpg', 'medium': 'https://randomuser.me/api/portraits/med/women/87.jpg', 'thumbnail': 'https://randomuser.me/api/portraits/thumb/women/87.jpg'}, 'nat': 'IR'}</msg>
<arg>${json_data['results'][0]}</arg>
<doc>Logs the given message with the given level.</doc>
<status status="PASS" start="2024-04-25T19:12:07.770017" elapsed="0.000411"/>
</kw>
<kw name="Log" owner="BuiltIn">
<msg time="2024-04-25T19:12:07.770854" level="INFO">login</msg>
<arg>${key}</arg>
<doc>Logs the given message with the given level.</doc>
<status status="PASS" start="2024-04-25T19:12:07.770726" elapsed="0.000165"/>
</kw>
<var name="${key}">login</var>
<status status="PASS" start="2024-04-25T19:12:07.769181" elapsed="0.001950"/>
</iter>
<var>${key}</var>
<value>@{expected_keys}</value>
<status status="PASS" start="2024-04-25T19:12:07.760341" elapsed="0.010920"/>
</for>
<kw name="Create List" owner="BuiltIn">
<msg time="2024-04-25T19:12:07.771594" level="INFO">${expected_keysTwo} = ['username', 'password']</msg>
<var>${expected_keysTwo}</var>
<arg>username</arg>
<arg>password</arg>
<doc>Returns a list containing given items.</doc>
<status status="PASS" start="2024-04-25T19:12:07.771457" elapsed="0.000161"/>
</kw>
<for flavor="IN">
<iter>
<kw name="Dictionary Should Contain Key" owner="Collections">
<msg time="2024-04-25T19:12:07.772566" level="INFO">False</msg>
<arg>${json_data['results'][0]['login']}</arg>
<arg>${keyTwo}</arg>
<doc>Fails if ``key`` is not found from ``dictionary``.</doc>
<status status="PASS" start="2024-04-25T19:12:07.772170" elapsed="0.000434"/>
</kw>
<kw name="Dictionary Should Contain Key" owner="Collections">
<msg time="2024-04-25T19:12:07.773282" level="INFO">False</msg>
<arg>${json_data['results'][0]['login']}</arg>
<arg>${keyTwo}</arg>
<doc>Fails if ``key`` is not found from ``dictionary``.</doc>
<status status="PASS" start="2024-04-25T19:12:07.772900" elapsed="0.000419"/>
</kw>
<kw name="Log" owner="BuiltIn">
<msg time="2024-04-25T19:12:07.773735" level="INFO">username</msg>
<arg>${keyTwo}</arg>
<doc>Logs the given message with the given level.</doc>
<status status="PASS" start="2024-04-25T19:12:07.773610" elapsed="0.000167"/>
</kw>
<var name="${keyTwo}">username</var>
<status status="PASS" start="2024-04-25T19:12:07.772060" elapsed="0.001935"/>
</iter>
<iter>
<kw name="Dictionary Should Contain Key" owner="Collections">
<msg time="2024-04-25T19:12:07.774752" level="INFO">False</msg>
<arg>${json_data['results'][0]['login']}</arg>
<arg>${keyTwo}</arg>
<doc>Fails if ``key`` is not found from ``dictionary``.</doc>
<status status="PASS" start="2024-04-25T19:12:07.774283" elapsed="0.000514"/>
</kw>
<kw name="Dictionary Should Contain Key" owner="Collections">
<msg time="2024-04-25T19:12:07.775496" level="INFO">False</msg>
<arg>${json_data['results'][0]['login']}</arg>
<arg>${keyTwo}</arg>
<doc>Fails if ``key`` is not found from ``dictionary``.</doc>
<status status="PASS" start="2024-04-25T19:12:07.775093" elapsed="0.000441"/>
</kw>
<kw name="Log" owner="BuiltIn">
<msg time="2024-04-25T19:12:07.776004" level="INFO">password</msg>
<arg>${keyTwo}</arg>
<doc>Logs the given message with the given level.</doc>
<status status="PASS" start="2024-04-25T19:12:07.775873" elapsed="0.000169"/>
</kw>
<var name="${keyTwo}">password</var>
<status status="PASS" start="2024-04-25T19:12:07.774168" elapsed="0.002090"/>
</iter>
<var>${keyTwo}</var>
<value>@{expected_keysTwo}</value>
<status status="PASS" start="2024-04-25T19:12:07.771904" elapsed="0.004476"/>
</for>
<status status="PASS" start="2024-04-25T19:12:07.675236" elapsed="0.101284"/>
</kw>
<doc>Testa a estrutura da resposta da API.</doc>
<tag>testeEstruturaResposta</tag>
<status status="PASS" start="2024-04-25T19:12:07.674670" elapsed="0.102004"/>
</test>
<test id="s1-s1-t4" name="Validar tipos de dados" line="28">
<kw name="Teste de Tipos de Dados" owner="random-user-service">
<kw name="GET On Session" owner="RequestsLibrary">
<msg time="2024-04-25T19:12:07.867189" level="INFO">GET Request : url=https://randomuser.me/api 
 path_url=/api 
 headers={'User-Agent': 'python-requests/2.31.0', 'Accept-Encoding': 'gzip, deflate', 'Accept': '*/*', 'Connection': 'keep-alive'} 
 body=None 
 </msg>
<msg time="2024-04-25T19:12:07.867254" level="INFO">GET Response : url=https://randomuser.me/api 
 status=200, reason=OK 
 headers={'Date': 'Thu, 25 Apr 2024 19:12:07 GMT', 'Content-Type': 'application/json; charset=utf-8', 'Transfer-Encoding': 'chunked', 'Connection': 'keep-alive', 'X-Powered-By': 'Express', 'Access-Control-Allow-Origin': '*', 'Cache-Control': 'no-cache', 'ETag': 'W/"485-7d+VrVFDTC2bmbr9M+Q4/rfGW+c"', 'Vary': 'Accept-Encoding', 'Content-Encoding': 'gzip', 'CF-Cache-Status': 'DYNAMIC', 'Report-To': '{"endpoints":[{"url":"https:\\/\\/a.nel.cloudflare.com\\/report\\/v4?s=BDSD615udlo%2FNGv47JGa4c3cndnoJnymrWIIivDQLfmxPscGNIRCtPdizrGNvvLCpPcQZUvwXG3xF5ZvVeRxwkFVnevQLQsTPbKzC9kYoqTdFaqsoumGyz9EGlq2ocB3"}],"group":"cf-nel","max_age":604800}', 'NEL': '{"success_fraction":0,"report_to":"cf-nel","max_age":604800}', 'Server': 'cloudflare', 'CF-RAY': '87a0a490addb5b41-IAD', 'alt-svc': 'h3=":443"; ma=86400'} 
 body={"results":[{"gender":"male","name":{"title":"Mr","first":"Hoang","last":"Sjoerdsma"},"location":{"street":{"number":3934,"name":"Carolinalaan"},"city":"Tonden","state":"Friesland","country":"Netherlands","postcode":"4197 RI","coordinates":{"latitude":"35.3147","longitude":"-2.3479"},"timezone":{"offset":"-11:00","description":"Midway Island, Samoa"}},"email":"hoang.sjoerdsma@example.com","login":{"uuid":"6a064d32-f94e-4384-93a1-1677e8b6362a","username":"redbird162","password":"colorado","salt":"8Kq6nGqu","md5":"66247310d6e0a5da39c8ce64bd0f722a","sha1":"d96d2dc18d8aacd0bb978306bcaaad798cce938a","sha256":"62d47bbfe63e8e02060736da855c89d1f42fb87d47162353bb289fd30d40f648"},"dob":{"date":"1967-01-23T10:28:30.258Z","age":57},"registered":{"date":"2011-06-25T08:48:09.092Z","age":12},"phone":"(0043) 446126","cell":"(06) 21392705","id":{"name":"BSN","value":"91490475"},"picture":{"large":"https://randomuser.me/api/portraits/men/46.jpg","medium":"https://randomuser.me/api/portraits/med/men/46.jpg","thumbnail":"https://randomuser.me/api/portraits/thumb/men/46.jpg"},"nat":"NL"}],"info":{"seed":"581abc50bcfae0b4","results":1,"page":1,"version":"1.4"}} 
 </msg>
<msg time="2024-04-25T19:12:07.867311" level="INFO">/opt/hostedtoolcache/Python/3.12.3/x64/lib/python3.12/site-packages/urllib3/connectionpool.py:1103: InsecureRequestWarning: Unverified HTTPS request is being made to host 'randomuser.me'. Adding certificate verification is strongly advised. See: https://urllib3.readthedocs.io/en/latest/advanced-usage.html#tls-warnings
  warnings.warn(</msg>
<msg time="2024-04-25T19:12:07.867415" level="INFO">${response} = &lt;Response [200]&gt;</msg>
<var>${response}</var>
<arg>consultarAPI</arg>
<arg>/api</arg>
<doc>Sends a GET request on a previously created HTTP Session.</doc>
<status status="PASS" start="2024-04-25T19:12:07.779221" elapsed="0.088235"/>
</kw>
<kw name="Set Variable" owner="BuiltIn">
<msg time="2024-04-25T19:12:07.868263" level="INFO">${json_data} = {'results': [{'gender': 'male', 'name': {'title': 'Mr', 'first': 'Hoang', 'last': 'Sjoerdsma'}, 'location': {'street': {'number': 3934, 'name': 'Carolinalaan'}, 'city': 'Tonden', 'state': 'Friesland',...</msg>
<var>${json_data}</var>
<arg>${response.json()}</arg>
<doc>Returns the given values which can then be assigned to a variables.</doc>
<status status="PASS" start="2024-04-25T19:12:07.867822" elapsed="0.000469"/>
</kw>
<kw name="Log" owner="BuiltIn">
<msg time="2024-04-25T19:12:07.868745" level="INFO">{'results': [{'gender': 'male', 'name': {'title': 'Mr', 'first': 'Hoang', 'last': 'Sjoerdsma'}, 'location': {'street': {'number': 3934, 'name': 'Carolinalaan'}, 'city': 'Tonden', 'state': 'Friesland', 'country': 'Netherlands', 'postcode': '4197 RI', 'coordinates': {'latitude': '35.3147', 'longitude': '-2.3479'}, 'timezone': {'offset': '-11:00', 'description': 'Midway Island, Samoa'}}, 'email': 'hoang.sjoerdsma@example.com', 'login': {'uuid': '6a064d32-f94e-4384-93a1-1677e8b6362a', 'username': 'redbird162', 'password': 'colorado', 'salt': '8Kq6nGqu', 'md5': '66247310d6e0a5da39c8ce64bd0f722a', 'sha1': 'd96d2dc18d8aacd0bb978306bcaaad798cce938a', 'sha256': '62d47bbfe63e8e02060736da855c89d1f42fb87d47162353bb289fd30d40f648'}, 'dob': {'date': '1967-01-23T10:28:30.258Z', 'age': 57}, 'registered': {'date': '2011-06-25T08:48:09.092Z', 'age': 12}, 'phone': '(0043) 446126', 'cell': '(06) 21392705', 'id': {'name': 'BSN', 'value': '91490475'}, 'picture': {'large': 'https://randomuser.me/api/portraits/men/46.jpg', 'medium': 'https://randomuser.me/api/portraits/med/men/46.jpg', 'thumbnail': 'https://randomuser.me/api/portraits/thumb/men/46.jpg'}, 'nat': 'NL'}], 'info': {'seed': '581abc50bcfae0b4', 'results': 1, 'page': 1, 'version': '1.4'}}</msg>
<arg>${json_data}</arg>
<doc>Logs the given message with the given level.</doc>
<status status="PASS" start="2024-04-25T19:12:07.868593" elapsed="0.000231"/>
</kw>
<kw name="Should Be String" owner="String">
<arg>${json_data['results'][0]['gender']}</arg>
<doc>Fails if the given ``item`` is not a string.</doc>
<status status="PASS" start="2024-04-25T19:12:07.869122" elapsed="0.000361"/>
</kw>
<kw name="Should Match Regexp" owner="BuiltIn">
<arg>${json_data['results'][0]['email']}</arg>
<arg>^[a-zA-Z0-9._%+-]+@[a-zA-Z0-9.-]+\.[a-zA-Z]{2,}$</arg>
<doc>Fails if ``string`` does not match ``pattern`` as a regular expression.</doc>
<status status="PASS" start="2024-04-25T19:12:07.869674" elapsed="0.000506"/>
</kw>
<kw name="Should Match Regexp" owner="BuiltIn">
<arg>${json_data['results'][0]['dob']['date']}</arg>
<arg>\\d{4}-\\d{2}-\\d{2}T\\d{2}:\\d{2}:\\d{2}\\.\\d{3}Z</arg>
<doc>Fails if ``string`` does not match ``pattern`` as a regular expression.</doc>
<status status="PASS" start="2024-04-25T19:12:07.870373" elapsed="0.000482"/>
</kw>
<kw name="Should Match Regexp" owner="BuiltIn">
<arg>${json_data['results'][0]['registered']['date']}</arg>
<arg>\\d{4}-\\d{2}-\\d{2}T\\d{2}:\\d{2}:\\d{2}\\.\\d{3}Z</arg>
<doc>Fails if ``string`` does not match ``pattern`` as a regular expression.</doc>
<status status="PASS" start="2024-04-25T19:12:07.871044" elapsed="0.000372"/>
</kw>
<kw name="Should Match Regexp" owner="BuiltIn">
<arg>${json_data['results'][0]['picture']['large']}</arg>
<arg>^https?://.*\.(?:png|jpe?g|gif|bmp)$</arg>
<doc>Fails if ``string`` does not match ``pattern`` as a regular expression.</doc>
<status status="PASS" start="2024-04-25T19:12:07.871602" elapsed="0.000516"/>
</kw>
<kw name="Should Match Regexp" owner="BuiltIn">
<arg>${json_data['results'][0]['picture']['medium']}</arg>
<arg>^https?://.*\.(?:png|jpe?g|gif|bmp)$</arg>
<doc>Fails if ``string`` does not match ``pattern`` as a regular expression.</doc>
<status status="PASS" start="2024-04-25T19:12:07.872306" elapsed="0.000360"/>
</kw>
<kw name="Should Match Regexp" owner="BuiltIn">
<arg>${json_data['results'][0]['picture']['thumbnail']}</arg>
<arg>^https?://.*\.(?:png|jpe?g|gif|bmp)$</arg>
<doc>Fails if ``string`` does not match ``pattern`` as a regular expression.</doc>
<status status="PASS" start="2024-04-25T19:12:07.872852" elapsed="0.000350"/>
</kw>
<kw name="Log" owner="BuiltIn">
<msg time="2024-04-25T19:12:07.873709" level="INFO">{'large': 'https://randomuser.me/api/portraits/men/46.jpg', 'medium': 'https://randomuser.me/api/portraits/med/men/46.jpg', 'thumbnail': 'https://randomuser.me/api/portraits/thumb/men/46.jpg'}</msg>
<arg>${json_data['results'][0]['picture']}</arg>
<doc>Logs the given message with the given level.</doc>
<status status="PASS" start="2024-04-25T19:12:07.873381" elapsed="0.000369"/>
</kw>
<status status="PASS" start="2024-04-25T19:12:07.778994" elapsed="0.095013"/>
</kw>
<kw name="Teste de Tipos de Dados - Postcode" owner="random-user-service">
<kw name="GET On Session" owner="RequestsLibrary">
<msg time="2024-04-25T19:12:07.968180" level="INFO">GET Request : url=https://randomuser.me/api 
 path_url=/api 
 headers={'User-Agent': 'python-requests/2.31.0', 'Accept-Encoding': 'gzip, deflate', 'Accept': '*/*', 'Connection': 'keep-alive'} 
 body=None 
 </msg>
<msg time="2024-04-25T19:12:07.968270" level="INFO">GET Response : url=https://randomuser.me/api 
 status=200, reason=OK 
 headers={'Date': 'Thu, 25 Apr 2024 19:12:07 GMT', 'Content-Type': 'application/json; charset=utf-8', 'Transfer-Encoding': 'chunked', 'Connection': 'keep-alive', 'X-Powered-By': 'Express', 'Access-Control-Allow-Origin': '*', 'Cache-Control': 'no-cache', 'ETag': 'W/"480-dLrd4iaRj9V9R+QQRVmdarB65qU"', 'Vary': 'Accept-Encoding', 'Content-Encoding': 'gzip', 'CF-Cache-Status': 'DYNAMIC', 'Report-To': '{"endpoints":[{"url":"https:\\/\\/a.nel.cloudflare.com\\/report\\/v4?s=JjNyNpMGuk1iTLIKlZ8hHk4msTzb9vxVuFQENo%2Frm6oLzjFq99JQEujjYAm1i%2FiNXhr68vpw6n5mHpNi9fDx%2FwjbUgHV8GWxK00u8XOYQTgDFxR%2FcpPKNnOZxe9IT6Mg"}],"group":"cf-nel","max_age":604800}', 'NEL': '{"success_fraction":0,"report_to":"cf-nel","max_age":604800}', 'Server': 'cloudflare', 'CF-RAY': '87a0a4913e8a5b41-IAD', 'alt-svc': 'h3=":443"; ma=86400'} 
 body={"results":[{"gender":"female","name":{"title":"Mrs","first":"Tina","last":"Pejić"},"location":{"street":{"number":6707,"name":"Ivka Milosavljevića"},"city":"Bačka Topola","state":"Moravica","country":"Serbia","postcode":70119,"coordinates":{"latitude":"56.1906","longitude":"86.9192"},"timezone":{"offset":"+4:30","description":"Kabul"}},"email":"tina.pejic@example.com","login":{"uuid":"e86aa415-a59c-43b4-a4a0-d930a0f6efe6","username":"beautifulsnake654","password":"packers1","salt":"wKVoSq3r","md5":"064219a4a352792b45793f78bcd3e4ba","sha1":"da17314d75f2c89b546a53572fe306ad537bd2ed","sha256":"95b893fd4604a09cce46a47730474e39ff3cb1db3fdb83a692ab6065a2d154da"},"dob":{"date":"1955-10-21T00:31:04.974Z","age":68},"registered":{"date":"2003-05-21T10:55:27.557Z","age":20},"phone":"019-4998-481","cell":"060-2505-113","id":{"name":"SID","value":"932707696"},"picture":{"large":"https://randomuser.me/api/portraits/women/63.jpg","medium":"https://randomuser.me/api/portraits/med/women/63.jpg","thumbnail":"https://randomuser.me/api/portraits/thumb/women/63.jpg"},"nat":"RS"}],"info":{"seed":"8da4d0ed14cffceb","results":1,"page":1,"version":"1.4"}} 
 </msg>
<msg time="2024-04-25T19:12:07.968341" level="INFO">/opt/hostedtoolcache/Python/3.12.3/x64/lib/python3.12/site-packages/urllib3/connectionpool.py:1103: InsecureRequestWarning: Unverified HTTPS request is being made to host 'randomuser.me'. Adding certificate verification is strongly advised. See: https://urllib3.readthedocs.io/en/latest/advanced-usage.html#tls-warnings
  warnings.warn(</msg>
<msg time="2024-04-25T19:12:07.968448" level="INFO">${response} = &lt;Response [200]&gt;</msg>
<var>${response}</var>
<arg>consultarAPI</arg>
<arg>/api</arg>
<doc>Sends a GET request on a previously created HTTP Session.</doc>
<status status="PASS" start="2024-04-25T19:12:07.874445" elapsed="0.094045"/>
</kw>
<kw name="Set Variable" owner="BuiltIn">
<msg time="2024-04-25T19:12:07.969376" level="INFO">${json_data} = {'results': [{'gender': 'female', 'name': {'title': 'Mrs', 'first': 'Tina', 'last': 'Pejić'}, 'location': {'street': {'number': 6707, 'name': 'Ivka Milosavljevića'}, 'city': 'Bačka Topola', 'state': '...</msg>
<var>${json_data}</var>
<arg>${response.json()}</arg>
<doc>Returns the given values which can then be assigned to a variables.</doc>
<status status="PASS" start="2024-04-25T19:12:07.968855" elapsed="0.000550"/>
</kw>
<kw name="Log" owner="BuiltIn">
<msg time="2024-04-25T19:12:07.969872" level="INFO">{'results': [{'gender': 'female', 'name': {'title': 'Mrs', 'first': 'Tina', 'last': 'Pejić'}, 'location': {'street': {'number': 6707, 'name': 'Ivka Milosavljevića'}, 'city': 'Bačka Topola', 'state': 'Moravica', 'country': 'Serbia', 'postcode': 70119, 'coordinates': {'latitude': '56.1906', 'longitude': '86.9192'}, 'timezone': {'offset': '+4:30', 'description': 'Kabul'}}, 'email': 'tina.pejic@example.com', 'login': {'uuid': 'e86aa415-a59c-43b4-a4a0-d930a0f6efe6', 'username': 'beautifulsnake654', 'password': 'packers1', 'salt': 'wKVoSq3r', 'md5': '064219a4a352792b45793f78bcd3e4ba', 'sha1': 'da17314d75f2c89b546a53572fe306ad537bd2ed', 'sha256': '95b893fd4604a09cce46a47730474e39ff3cb1db3fdb83a692ab6065a2d154da'}, 'dob': {'date': '1955-10-21T00:31:04.974Z', 'age': 68}, 'registered': {'date': '2003-05-21T10:55:27.557Z', 'age': 20}, 'phone': '019-4998-481', 'cell': '060-2505-113', 'id': {'name': 'SID', 'value': '932707696'}, 'picture': {'large': 'https://randomuser.me/api/portraits/women/63.jpg', 'medium': 'https://randomuser.me/api/portraits/med/women/63.jpg', 'thumbnail': 'https://randomuser.me/api/portraits/thumb/women/63.jpg'}, 'nat': 'RS'}], 'info': {'seed': '8da4d0ed14cffceb', 'results': 1, 'page': 1, 'version': '1.4'}}</msg>
<arg>${json_data}</arg>
<doc>Logs the given message with the given level.</doc>
<status status="PASS" start="2024-04-25T19:12:07.969714" elapsed="0.000238"/>
</kw>
<kw name="Should Be Equal As Numbers" owner="BuiltIn">
<arg>${json_data['results'][0]['location']['postcode']}</arg>
<arg>${json_data['results'][0]['location']['postcode']}</arg>
<doc>Fails if objects are unequal after converting them to real numbers.</doc>
<status status="PASS" start="2024-04-25T19:12:07.970389" elapsed="0.000617"/>
</kw>
<kw name="Log" owner="BuiltIn">
<msg time="2024-04-25T19:12:07.971534" level="INFO">70119</msg>
<arg>${json_data['results'][0]['location']['postcode']}</arg>
<doc>Logs the given message with the given level.</doc>
<status status="PASS" start="2024-04-25T19:12:07.971195" elapsed="0.000378"/>
</kw>
<status status="PASS" start="2024-04-25T19:12:07.874221" elapsed="0.097659"/>
</kw>
<doc>Testa se os tipos de dados na resposta da API estão corretos.</doc>
<tag>testeTiposDados</tag>
<status status="PASS" start="2024-04-25T19:12:07.778464" elapsed="0.193573"/>
</test>
<test id="s1-s1-t5" name="Validar conteudo" line="35">
<kw name="Teste de Tipos de Conteudo" owner="random-user-service">
<kw name="GET On Session" owner="RequestsLibrary">
<msg time="2024-04-25T19:12:08.064586" level="INFO">GET Request : url=https://randomuser.me/api 
 path_url=/api 
 headers={'User-Agent': 'python-requests/2.31.0', 'Accept-Encoding': 'gzip, deflate', 'Accept': '*/*', 'Connection': 'keep-alive'} 
 body=None 
 </msg>
<msg time="2024-04-25T19:12:08.064662" level="INFO">GET Response : url=https://randomuser.me/api 
 status=200, reason=OK 
 headers={'Date': 'Thu, 25 Apr 2024 19:12:08 GMT', 'Content-Type': 'application/json; charset=utf-8', 'Transfer-Encoding': 'chunked', 'Connection': 'keep-alive', 'X-Powered-By': 'Express', 'Access-Control-Allow-Origin': '*', 'Cache-Control': 'no-cache', 'ETag': 'W/"4a9-6UfOlUqDUCUFUfc2GaV/P5llQt4"', 'Vary': 'Accept-Encoding', 'Content-Encoding': 'gzip', 'CF-Cache-Status': 'DYNAMIC', 'Report-To': '{"endpoints":[{"url":"https:\\/\\/a.nel.cloudflare.com\\/report\\/v4?s=%2BqgjNaxTOBJmbX1tM2IyL4J96gj%2BKJDAElZKqoTtxJV08PcGK%2Fddy%2F%2FUnSwAj7qO6TU%2BgbPFa01f3bvh%2Bpu%2BYcuMwQfkbQHp72OJaBP5n61PuctaaSwSu1EFWe14NZgB"}],"group":"cf-nel","max_age":604800}', 'NEL': '{"success_fraction":0,"report_to":"cf-nel","max_age":604800}', 'Server': 'cloudflare', 'CF-RAY': '87a0a491df4b5b41-IAD', 'alt-svc': 'h3=":443"; ma=86400'} 
 body={"results":[{"gender":"female","name":{"title":"Ms","first":"Sylvia","last":"Oliver"},"location":{"street":{"number":7844,"name":"E Center St"},"city":"Sydney","state":"Australian Capital Territory","country":"Australia","postcode":9433,"coordinates":{"latitude":"-88.2963","longitude":"137.2707"},"timezone":{"offset":"-6:00","description":"Central Time (US &amp; Canada), Mexico City"}},"email":"sylvia.oliver@example.com","login":{"uuid":"eac3c3c1-b559-4dca-9a73-7f4c647215d7","username":"brownladybug945","password":"houhou","salt":"xuL1VPhM","md5":"71ed0b9b11c205e8f6662c9ef5a731ff","sha1":"2f3eec3aa88409fa7ccfdaaae3759edf344db316","sha256":"02431610c27f7c6ab56ae368dbc4cd37cf78ba666860113491601bb1b5393e58"},"dob":{"date":"1962-03-15T14:43:02.289Z","age":62},"registered":{"date":"2018-08-08T23:05:09.316Z","age":5},"phone":"03-4113-8498","cell":"0445-529-558","id":{"name":"TFN","value":"416663873"},"picture":{"large":"https://randomuser.me/api/portraits/women/36.jpg","medium":"https://randomuser.me/api/portraits/med/women/36.jpg","thumbnail":"https://randomuser.me/api/portraits/thumb/women/36.jpg"},"nat":"AU"}],"info":{"seed":"47a2b652360b7007","results":1,"page":1,"version":"1.4"}} 
 </msg>
<msg time="2024-04-25T19:12:08.064731" level="INFO">/opt/hostedtoolcache/Python/3.12.3/x64/lib/python3.12/site-packages/urllib3/connectionpool.py:1103: InsecureRequestWarning: Unverified HTTPS request is being made to host 'randomuser.me'. Adding certificate verification is strongly advised. See: https://urllib3.readthedocs.io/en/latest/advanced-usage.html#tls-warnings
  warnings.warn(</msg>
<msg time="2024-04-25T19:12:08.064857" level="INFO">${response} = &lt;Response [200]&gt;</msg>
<var>${response}</var>
<arg>consultarAPI</arg>
<arg>/api</arg>
<doc>Sends a GET request on a previously created HTTP Session.</doc>
<status status="PASS" start="2024-04-25T19:12:07.974421" elapsed="0.090488"/>
</kw>
<kw name="Set Variable" owner="BuiltIn">
<msg time="2024-04-25T19:12:08.065803" level="INFO">${json_data} = {'results': [{'gender': 'female', 'name': {'title': 'Ms', 'first': 'Sylvia', 'last': 'Oliver'}, 'location': {'street': {'number': 7844, 'name': 'E Center St'}, 'city': 'Sydney', 'state': 'Australian C...</msg>
<var>${json_data}</var>
<arg>${response.json()}</arg>
<doc>Returns the given values which can then be assigned to a variables.</doc>
<status status="PASS" start="2024-04-25T19:12:08.065326" elapsed="0.000506"/>
</kw>
<kw name="Set Variable" owner="BuiltIn">
<msg time="2024-04-25T19:12:08.066511" level="INFO">${name_title} = Ms</msg>
<var>${name_title}</var>
<arg>${json_data["results"][0]["name"]["title"]}</arg>
<doc>Returns the given values which can then be assigned to a variables.</doc>
<status status="PASS" start="2024-04-25T19:12:08.066132" elapsed="0.000404"/>
</kw>
<kw name="Create List" owner="BuiltIn">
<msg time="2024-04-25T19:12:08.066976" level="INFO">${allowed_titles} = ['Mr', 'Ms', 'Miss', 'Mrs', 'Madame', 'Monsieur']</msg>
<var>${allowed_titles}</var>
<arg>Mr</arg>
<arg>Ms</arg>
<arg>Miss</arg>
<arg>Mrs</arg>
<arg>Madame</arg>
<arg>Monsieur</arg>
<doc>Returns a list containing given items.</doc>
<status status="PASS" start="2024-04-25T19:12:08.066830" elapsed="0.000169"/>
</kw>
<kw name="List Should Contain Value" owner="Collections">
<msg time="2024-04-25T19:12:08.067465" level="INFO">False</msg>
<arg>${allowed_titles}</arg>
<arg>${name_title}</arg>
<doc>Fails if the ``value`` is not found from ``list``.</doc>
<status status="PASS" start="2024-04-25T19:12:08.067293" elapsed="0.000208"/>
</kw>
<kw name="Set Variable" owner="BuiltIn">
<msg time="2024-04-25T19:12:08.068238" level="INFO">${name_country} = AU</msg>
<var>${name_country}</var>
<arg>${json_data["results"][0]["nat"]}</arg>
<doc>Returns the given values which can then be assigned to a variables.</doc>
<status status="PASS" start="2024-04-25T19:12:08.067855" elapsed="0.000408"/>
</kw>
<kw name="Create List" owner="BuiltIn">
<msg time="2024-04-25T19:12:08.069155" level="INFO">${list_country} = ['AD', 'AE', 'AF', 'AG', 'AI', 'AL', 'AM', 'AO', 'AQ', 'AR', 'AS', 'AT', 'AU', 'AW', 'AX', 'AZ', 'BA', 'BB', 'BD', 'BE', 'BF', 'BG', 'BH', 'BI', 'BJ', 'BL', 'BM', 'BN', 'BO', 'BQ', 'BR', 'BS', 'BT', '...</msg>
<var>${list_country}</var>
<arg>AD</arg>
<arg>AE</arg>
<arg>AF</arg>
<arg>AG</arg>
<arg>AI</arg>
<arg>AL</arg>
<arg>AM</arg>
<arg>AO</arg>
<arg>AQ</arg>
<arg>AR</arg>
<arg>AS</arg>
<arg>AT</arg>
<arg>AU</arg>
<arg>AW</arg>
<arg>AX</arg>
<arg>AZ</arg>
<arg>BA</arg>
<arg>BB</arg>
<arg>BD</arg>
<arg>BE</arg>
<arg>BF</arg>
<arg>BG</arg>
<arg>BH</arg>
<arg>BI</arg>
<arg>BJ</arg>
<arg>BL</arg>
<arg>BM</arg>
<arg>BN</arg>
<arg>BO</arg>
<arg>BQ</arg>
<arg>BR</arg>
<arg>BS</arg>
<arg>BT</arg>
<arg>BV</arg>
<arg>BW</arg>
<arg>BY</arg>
<arg>BZ</arg>
<arg>CA</arg>
<arg>CC</arg>
<arg>CD</arg>
<arg>CF</arg>
<arg>CG</arg>
<arg>CH</arg>
<arg>CI</arg>
<arg>CK</arg>
<arg>CL</arg>
<arg>CM</arg>
<arg>CN</arg>
<arg>CO</arg>
<arg>CR</arg>
<arg>CU</arg>
<arg>CV</arg>
<arg>CW</arg>
<arg>CX</arg>
<arg>CY</arg>
<arg>CZ</arg>
<arg>DE</arg>
<arg>DJ</arg>
<arg>DK</arg>
<arg>DM</arg>
<arg>DO</arg>
<arg>DZ</arg>
<arg>EC</arg>
<arg>EE</arg>
<arg>EG</arg>
<arg>EH</arg>
<arg>ER</arg>
<arg>ES</arg>
<arg>ET</arg>
<arg>FI</arg>
<arg>FJ</arg>
<arg>FK</arg>
<arg>FM</arg>
<arg>FO</arg>
<arg>FR</arg>
<arg>GA</arg>
<arg>GB</arg>
<arg>GD</arg>
<arg>GE</arg>
<arg>GF</arg>
<arg>GG</arg>
<arg>GH</arg>
<arg>GI</arg>
<arg>GL</arg>
<arg>GM</arg>
<arg>GN</arg>
<arg>GP</arg>
<arg>GQ</arg>
<arg>GR</arg>
<arg>GS</arg>
<arg>GT</arg>
<arg>GU</arg>
<arg>GW</arg>
<arg>GY</arg>
<arg>HK</arg>
<arg>HM</arg>
<arg>HN</arg>
<arg>HR</arg>
<arg>HT</arg>
<arg>HU</arg>
<arg>ID</arg>
<arg>IE</arg>
<arg>IL</arg>
<arg>IM</arg>
<arg>IN</arg>
<arg>IO</arg>
<arg>IQ</arg>
<arg>IR</arg>
<arg>IS</arg>
<arg>IT</arg>
<arg>JE</arg>
<arg>JM</arg>
<arg>JO</arg>
<arg>JP</arg>
<arg>KE</arg>
<arg>KG</arg>
<arg>KH</arg>
<arg>KI</arg>
<arg>KM</arg>
<arg>KN</arg>
<arg>KP</arg>
<arg>KR</arg>
<arg>KW</arg>
<arg>KY</arg>
<arg>KZ</arg>
<arg>LA</arg>
<arg>LB</arg>
<arg>LC</arg>
<arg>LI</arg>
<arg>LK</arg>
<arg>LR</arg>
<arg>LS</arg>
<arg>LT</arg>
<arg>LU</arg>
<arg>LV</arg>
<arg>LY</arg>
<arg>MA</arg>
<arg>MC</arg>
<arg>MD</arg>
<arg>ME</arg>
<arg>MF</arg>
<arg>MG</arg>
<arg>MH</arg>
<arg>MK</arg>
<arg>ML</arg>
<arg>MM</arg>
<arg>MN</arg>
<arg>MO</arg>
<arg>MP</arg>
<arg>MQ</arg>
<arg>MR</arg>
<arg>MS</arg>
<arg>MT</arg>
<arg>MU</arg>
<arg>MV</arg>
<arg>MW</arg>
<arg>MX</arg>
<arg>MY</arg>
<arg>MZ</arg>
<arg>NA</arg>
<arg>NC</arg>
<arg>NE</arg>
<arg>NF</arg>
<arg>NG</arg>
<arg>NI</arg>
<arg>NL</arg>
<arg>NO</arg>
<arg>NP</arg>
<arg>NR</arg>
<arg>NU</arg>
<arg>NZ</arg>
<arg>OM</arg>
<arg>PA</arg>
<arg>PE</arg>
<arg>PF</arg>
<arg>PG</arg>
<arg>PH</arg>
<arg>PK</arg>
<arg>PL</arg>
<arg>PM</arg>
<arg>PN</arg>
<arg>PR</arg>
<arg>PS</arg>
<arg>PT</arg>
<arg>PW</arg>
<arg>PY</arg>
<arg>QA</arg>
<arg>RE</arg>
<arg>RO</arg>
<arg>RS</arg>
<arg>RU</arg>
<arg>RW</arg>
<arg>SA</arg>
<arg>SB</arg>
<arg>SC</arg>
<arg>SD</arg>
<arg>SE</arg>
<arg>SG</arg>
<arg>SH</arg>
<arg>SI</arg>
<arg>SJ</arg>
<arg>SK</arg>
<arg>SL</arg>
<arg>SM</arg>
<arg>SN</arg>
<arg>SO</arg>
<arg>SR</arg>
<arg>SS</arg>
<arg>ST</arg>
<arg>SV</arg>
<arg>SX</arg>
<arg>SY</arg>
<arg>SZ</arg>
<arg>TC</arg>
<arg>TD</arg>
<arg>TF</arg>
<arg>TG</arg>
<arg>TH</arg>
<arg>TJ</arg>
<arg>TK</arg>
<arg>TL</arg>
<arg>TM</arg>
<arg>TN</arg>
<arg>TO</arg>
<arg>TR</arg>
<arg>TT</arg>
<arg>TV</arg>
<arg>TW</arg>
<arg>TZ</arg>
<arg>UA</arg>
<arg>UG</arg>
<arg>UM</arg>
<arg>US</arg>
<arg>UY</arg>
<arg>UZ</arg>
<arg>VA</arg>
<arg>VC</arg>
<arg>VE</arg>
<arg>VG</arg>
<arg>VI</arg>
<arg>VN</arg>
<arg>VU</arg>
<arg>WF</arg>
<arg>WS</arg>
<arg>XK</arg>
<arg>YE</arg>
<arg>YT</arg>
<arg>ZA</arg>
<arg>ZM</arg>
<arg>ZW</arg>
<doc>Returns a list containing given items.</doc>
<status status="PASS" start="2024-04-25T19:12:08.068565" elapsed="0.000614"/>
</kw>
<kw name="List Should Contain Value" owner="Collections">
<msg time="2024-04-25T19:12:08.070157" level="INFO">False</msg>
<arg>${list_country}</arg>
<arg>${name_country}</arg>
<doc>Fails if the ``value`` is not found from ``list``.</doc>
<status status="PASS" start="2024-04-25T19:12:08.069962" elapsed="0.000230"/>
</kw>
<kw name="Run Keyword If" owner="BuiltIn">
<kw name="Should Be True" owner="BuiltIn">
<arg>${True}</arg>
<doc>Fails if the given condition is not true.</doc>
<status status="PASS" start="2024-04-25T19:12:08.071250" elapsed="0.000239"/>
</kw>
<arg>${json_data["results"][0]["location"]["coordinates"]["latitude"]} &gt;= -90 and ${json_data["results"][0]["location"]["coordinates"]["latitude"]} &lt;= 90</arg>
<arg>Should Be True</arg>
<arg>${True}</arg>
<doc>Runs the given keyword with the given arguments, if ``condition`` is true.</doc>
<status status="PASS" start="2024-04-25T19:12:08.070500" elapsed="0.001120"/>
</kw>
<kw name="Run Keyword If" owner="BuiltIn">
<kw name="Should Be True" owner="BuiltIn">
<arg>${True}</arg>
<doc>Fails if the given condition is not true.</doc>
<status status="PASS" start="2024-04-25T19:12:08.072547" elapsed="0.000135"/>
</kw>
<arg>${json_data["results"][0]["location"]["coordinates"]["longitude"]} &gt;= -180 and ${json_data["results"][0]["location"]["coordinates"]["longitude"]} &lt;= 180</arg>
<arg>Should Be True</arg>
<arg>${True}</arg>
<doc>Runs the given keyword with the given arguments, if ``condition`` is true.</doc>
<status status="PASS" start="2024-04-25T19:12:08.071842" elapsed="0.000962"/>
</kw>
<status status="PASS" start="2024-04-25T19:12:07.974199" elapsed="0.098731"/>
</kw>
<doc>Testa o conteúdo específico dos campos retornados pela API.</doc>
<tag>testeConteudo</tag>
<status status="PASS" start="2024-04-25T19:12:07.973765" elapsed="0.099303"/>
</test>
<status status="PASS" start="2024-04-25T19:12:07.145026" elapsed="0.929975"/>
</suite>
<status status="PASS" start="2024-04-25T19:12:07.131659" elapsed="0.948500"/>
</suite>
<statistics>
<total>
<stat pass="5" fail="0" skip="0">All Tests</stat>
</total>
<tag>
<stat pass="1" fail="0" skip="0">testeConteudo</stat>
<stat pass="1" fail="0" skip="0">testeEstruturaResposta</stat>
<stat pass="1" fail="0" skip="0">testeRequisicaoBasica</stat>
<stat pass="1" fail="0" skip="0">testeTiposDados</stat>
</tag>
<suite>
<stat pass="5" fail="0" skip="0" id="s1" name="Tests">Tests</stat>
<stat pass="5" fail="0" skip="0" id="s1-s1" name="Random-User-Test">Tests.Random-User-Test</stat>
</suite>
</statistics>
<errors>
</errors>
</robot>
