<?xml version="1.0" encoding="UTF-8"?>
<robot generator="Robot 7.0.1 (Python 3.12.3 on linux)" generated="2024-06-16T23:17:47.343673" rpa="false" schemaversion="5">
<suite id="s1" name="Tests" source="/home/runner/work/ApiRandomUser/ApiRandomUser/RamdonUser/tests">
<suite id="s1-s1" name="Random-User-Test" source="/home/runner/work/ApiRandomUser/ApiRandomUser/RamdonUser/tests/random-user-test.robot">
<test id="s1-s1-t1" name="Conectar" line="13">
<kw name="Conectar API" owner="random-user-service">
<kw name="Create Session" owner="RequestsLibrary">
<msg time="2024-06-16T23:17:47.752080" level="INFO">Creating Session using : alias=consultarAPI, url=https://randomuser.me/, headers={},                     cookies={}, auth=None, timeout=None, proxies=None, verify=False,                     debug=0 </msg>
<arg>consultarAPI</arg>
<arg>${URL}</arg>
<doc>Create Session: create a HTTP session to a server</doc>
<status status="PASS" start="2024-06-16T23:17:47.751878" elapsed="0.000376"/>
</kw>
<status status="PASS" start="2024-06-16T23:17:47.750858" elapsed="0.001766"/>
</kw>
<status status="PASS" start="2024-06-16T23:17:47.750253" elapsed="0.002569"/>
</test>
<test id="s1-s1-t2" name="Validar retorno 200 e JSON Válido" line="16">
<kw name="Teste de Requisicao Basica" owner="random-user-service">
<kw name="GET On Session" owner="RequestsLibrary">
<msg time="2024-06-16T23:17:47.935329" level="INFO">GET Request : url=https://randomuser.me/api 
 path_url=/api 
 headers={'User-Agent': 'python-requests/2.32.3', 'Accept-Encoding': 'gzip, deflate', 'Accept': '*/*', 'Connection': 'keep-alive'} 
 body=None 
 </msg>
<msg time="2024-06-16T23:17:47.935476" level="INFO">GET Response : url=https://randomuser.me/api 
 status=200, reason=OK 
 headers={'Date': 'Sun, 16 Jun 2024 23:17:47 GMT', 'Content-Type': 'application/json; charset=utf-8', 'Transfer-Encoding': 'chunked', 'Connection': 'keep-alive', 'X-Powered-By': 'Express', 'Access-Control-Allow-Origin': '*', 'Cache-Control': 'no-cache', 'ETag': 'W/"4be-BQX3xDcV/+o5CSAoMtQyY2y34Do"', 'Vary': 'Accept-Encoding', 'Content-Encoding': 'gzip', 'CF-Cache-Status': 'DYNAMIC', 'Report-To': '{"endpoints":[{"url":"https:\\/\\/a.nel.cloudflare.com\\/report\\/v4?s=ddpe2QzeIPN38sHPSVD0koWCXFWBULJrgmdbmRBbsDDInf7hUiY3FnjZca5D5JOQn%2FtcCJCrwU9bDTwmDVnpU%2B%2FigQbLk1CSOpvxSFNJ0mmtxQ8gqSYiz8rkg4WjdYRE"}],"group":"cf-nel","max_age":604800}', 'NEL': '{"success_fraction":0,"report_to":"cf-nel","max_age":604800}', 'Server': 'cloudflare', 'CF-RAY': '894e83ee6db23922-IAD', 'alt-svc': 'h3=":443"; ma=86400'} 
 body={"results":[{"gender":"female","name":{"title":"Mrs","first":"Citlali","last":"Alemán"},"location":{"street":{"number":6396,"name":"Prolongación Norte Arce"},"city":"Campo Diecisiete (La Honda)","state":"Nayarit","country":"Mexico","postcode":23774,"coordinates":{"latitude":"26.8412","longitude":"119.7543"},"timezone":{"offset":"+8:00","description":"Beijing, Perth, Singapore, Hong Kong"}},"email":"citlali.aleman@example.com","login":{"uuid":"307dae18-28bb-47ed-8915-484faf978e2c","username":"goldenfish560","password":"abcd1234","salt":"IRTB6ZcL","md5":"0b30543b2133eb6dee57b5d7dc3aca16","sha1":"aff321610a303f1bee66505d1de6d570eb86c9a7","sha256":"d60eed4fad03e8d96819f2525d76e89ff2f5334119e74fb8aa53ae750f39a88d"},"dob":{"date":"1960-04-08T00:58:34.733Z","age":64},"registered":{"date":"2022-05-20T08:53:39.206Z","age":2},"phone":"(696) 459 1798","cell":"(604) 100 3347","id":{"name":"NSS","value":"20 76 53 3739 3"},"picture":{"large":"https://randomuser.me/api/portraits/women/65.jpg","medium":"https://randomuser.me/api/portraits/med/women/65.jpg","thumbnail":"https://randomuser.me/api/portraits/thumb/women/65.jpg"},"nat":"MX"}],"info":{"seed":"948a0d93226bbdec","results":1,"page":1,"version":"1.4"}} 
 </msg>
<msg time="2024-06-16T23:17:47.935562" level="INFO">/opt/hostedtoolcache/Python/3.12.3/x64/lib/python3.12/site-packages/urllib3/connectionpool.py:1103: InsecureRequestWarning: Unverified HTTPS request is being made to host 'randomuser.me'. Adding certificate verification is strongly advised. See: https://urllib3.readthedocs.io/en/latest/advanced-usage.html#tls-warnings
  warnings.warn(</msg>
<msg time="2024-06-16T23:17:47.935691" level="INFO">${response} = &lt;Response [200]&gt;</msg>
<var>${response}</var>
<arg>consultarAPI</arg>
<arg>/api</arg>
<doc>Sends a GET request on a previously created HTTP Session.</doc>
<status status="PASS" start="2024-06-16T23:17:47.755519" elapsed="0.180215"/>
</kw>
<kw name="Should Be Equal As Numbers" owner="BuiltIn">
<msg time="2024-06-16T23:17:47.936680" level="INFO">Argument types are:
&lt;class 'int'&gt;
&lt;class 'str'&gt;</msg>
<arg>${response.status_code}</arg>
<arg>200</arg>
<doc>Fails if objects are unequal after converting them to real numbers.</doc>
<status status="PASS" start="2024-06-16T23:17:47.936224" elapsed="0.000524"/>
</kw>
<kw name="Log" owner="BuiltIn">
<msg time="2024-06-16T23:17:47.937471" level="INFO">200</msg>
<arg>${response.status_code}</arg>
<doc>Logs the given message with the given level.</doc>
<status status="PASS" start="2024-06-16T23:17:47.937110" elapsed="0.000412"/>
</kw>
<kw name="Set Variable" owner="BuiltIn">
<msg time="2024-06-16T23:17:47.938330" level="INFO">${json_data} = {'results': [{'gender': 'female', 'name': {'title': 'Mrs', 'first': 'Citlali', 'last': 'Alemán'}, 'location': {'street': {'number': 6396, 'name': 'Prolongación Norte Arce'}, 'city': 'Campo Diecisiete ...</msg>
<var>${json_data}</var>
<arg>${response.json()}</arg>
<doc>Returns the given values which can then be assigned to a variables.</doc>
<status status="PASS" start="2024-06-16T23:17:47.937838" elapsed="0.000522"/>
</kw>
<kw name="Dictionary Should Contain Key" owner="Collections">
<arg>${json_data}</arg>
<arg>results</arg>
<doc>Fails if ``key`` is not found from ``dictionary``.</doc>
<status status="PASS" start="2024-06-16T23:17:47.938682" elapsed="0.000167"/>
</kw>
<status status="PASS" start="2024-06-16T23:17:47.755278" elapsed="0.183730"/>
</kw>
<doc>Testa se a API responde corretamente e retorna um objeto JSON válido.</doc>
<tag>testeRequisicaoBasica</tag>
<status status="PASS" start="2024-06-16T23:17:47.754736" elapsed="0.184448"/>
</test>
<test id="s1-s1-t3" name="Validar estrutura de resposta" line="22">
<kw name="Teste de Estrutura de Resposta" owner="random-user-service">
<kw name="GET On Session" owner="RequestsLibrary">
<msg time="2024-06-16T23:17:48.039525" level="INFO">GET Request : url=https://randomuser.me/api 
 path_url=/api 
 headers={'User-Agent': 'python-requests/2.32.3', 'Accept-Encoding': 'gzip, deflate', 'Accept': '*/*', 'Connection': 'keep-alive'} 
 body=None 
 </msg>
<msg time="2024-06-16T23:17:48.039619" level="INFO">GET Response : url=https://randomuser.me/api 
 status=200, reason=OK 
 headers={'Date': 'Sun, 16 Jun 2024 23:17:48 GMT', 'Content-Type': 'application/json; charset=utf-8', 'Transfer-Encoding': 'chunked', 'Connection': 'keep-alive', 'X-Powered-By': 'Express', 'Access-Control-Allow-Origin': '*', 'Cache-Control': 'no-cache', 'ETag': 'W/"487-aZrWir4Zh4lGMzhfyaC5ehsQDWc"', 'Vary': 'Accept-Encoding', 'Content-Encoding': 'gzip', 'CF-Cache-Status': 'DYNAMIC', 'Report-To': '{"endpoints":[{"url":"https:\\/\\/a.nel.cloudflare.com\\/report\\/v4?s=mGR2zSY922kpidrUgkttBQLh4j0yuLBAloUABJl854feSbSehgGq4z6OLVOgw%2Bb7xPgKuwdtje2cwa2KFiBWg%2BZLCIctZmDRl6M6oxVUWQV14a7%2FiiatAyczNkImmfA4"}],"group":"cf-nel","max_age":604800}', 'NEL': '{"success_fraction":0,"report_to":"cf-nel","max_age":604800}', 'Server': 'cloudflare', 'CF-RAY': '894e83eeadf63922-IAD', 'alt-svc': 'h3=":443"; ma=86400'} 
 body={"results":[{"gender":"male","name":{"title":"Mr","first":"Vujadin","last":"Simeonović"},"location":{"street":{"number":8130,"name":"Doktora Branka I Jelene"},"city":"Sokobanja","state":"Zaječar","country":"Serbia","postcode":70843,"coordinates":{"latitude":"59.2721","longitude":"-73.6729"},"timezone":{"offset":"+4:30","description":"Kabul"}},"email":"vujadin.simeonovic@example.com","login":{"uuid":"ebad2cfa-1368-45d7-8d96-98eaa1a6a62e","username":"organicgorilla651","password":"stonecold","salt":"gmyGu3DF","md5":"7922c8abdd4849c8cc001a6b1f4aa0e2","sha1":"500d28075fde57cd71e771de42c7fb1345e3fed8","sha256":"65d511ec4f2615a9357d859c0098b4981b58bb4ef2a3b3c61eb33c9cfaab535f"},"dob":{"date":"1976-04-02T07:47:51.289Z","age":48},"registered":{"date":"2020-12-18T06:39:01.123Z","age":3},"phone":"020-6364-196","cell":"067-1955-814","id":{"name":"SID","value":"309332213"},"picture":{"large":"https://randomuser.me/api/portraits/men/68.jpg","medium":"https://randomuser.me/api/portraits/med/men/68.jpg","thumbnail":"https://randomuser.me/api/portraits/thumb/men/68.jpg"},"nat":"RS"}],"info":{"seed":"5d35265ae26eac8e","results":1,"page":1,"version":"1.4"}} 
 </msg>
<msg time="2024-06-16T23:17:48.039769" level="INFO">/opt/hostedtoolcache/Python/3.12.3/x64/lib/python3.12/site-packages/urllib3/connectionpool.py:1103: InsecureRequestWarning: Unverified HTTPS request is being made to host 'randomuser.me'. Adding certificate verification is strongly advised. See: https://urllib3.readthedocs.io/en/latest/advanced-usage.html#tls-warnings
  warnings.warn(</msg>
<msg time="2024-06-16T23:17:48.039896" level="INFO">${response} = &lt;Response [200]&gt;</msg>
<var>${response}</var>
<arg>consultarAPI</arg>
<arg>/api</arg>
<doc>Sends a GET request on a previously created HTTP Session.</doc>
<status status="PASS" start="2024-06-16T23:17:47.941913" elapsed="0.098031"/>
</kw>
<kw name="Set Variable" owner="BuiltIn">
<msg time="2024-06-16T23:17:48.040862" level="INFO">${json_data} = {'results': [{'gender': 'male', 'name': {'title': 'Mr', 'first': 'Vujadin', 'last': 'Simeonović'}, 'location': {'street': {'number': 8130, 'name': 'Doktora Branka I Jelene'}, 'city': 'Sokobanja', 'sta...</msg>
<var>${json_data}</var>
<arg>${response.json()}</arg>
<doc>Returns the given values which can then be assigned to a variables.</doc>
<status status="PASS" start="2024-06-16T23:17:48.040397" elapsed="0.000496"/>
</kw>
<kw name="Log" owner="BuiltIn">
<msg time="2024-06-16T23:17:48.041365" level="INFO">{'results': [{'gender': 'male', 'name': {'title': 'Mr', 'first': 'Vujadin', 'last': 'Simeonović'}, 'location': {'street': {'number': 8130, 'name': 'Doktora Branka I Jelene'}, 'city': 'Sokobanja', 'state': 'Zaječar', 'country': 'Serbia', 'postcode': 70843, 'coordinates': {'latitude': '59.2721', 'longitude': '-73.6729'}, 'timezone': {'offset': '+4:30', 'description': 'Kabul'}}, 'email': 'vujadin.simeonovic@example.com', 'login': {'uuid': 'ebad2cfa-1368-45d7-8d96-98eaa1a6a62e', 'username': 'organicgorilla651', 'password': 'stonecold', 'salt': 'gmyGu3DF', 'md5': '7922c8abdd4849c8cc001a6b1f4aa0e2', 'sha1': '500d28075fde57cd71e771de42c7fb1345e3fed8', 'sha256': '65d511ec4f2615a9357d859c0098b4981b58bb4ef2a3b3c61eb33c9cfaab535f'}, 'dob': {'date': '1976-04-02T07:47:51.289Z', 'age': 48}, 'registered': {'date': '2020-12-18T06:39:01.123Z', 'age': 3}, 'phone': '020-6364-196', 'cell': '067-1955-814', 'id': {'name': 'SID', 'value': '309332213'}, 'picture': {'large': 'https://randomuser.me/api/portraits/men/68.jpg', 'medium': 'https://randomuser.me/api/portraits/med/men/68.jpg', 'thumbnail': 'https://randomuser.me/api/portraits/thumb/men/68.jpg'}, 'nat': 'RS'}], 'info': {'seed': '5d35265ae26eac8e', 'results': 1, 'page': 1, 'version': '1.4'}}</msg>
<arg>${json_data}</arg>
<doc>Logs the given message with the given level.</doc>
<status status="PASS" start="2024-06-16T23:17:48.041203" elapsed="0.000214"/>
</kw>
<kw name="Dictionary Should Contain Key" owner="Collections">
<arg>${json_data}</arg>
<arg>results</arg>
<doc>Fails if ``key`` is not found from ``dictionary``.</doc>
<status status="PASS" start="2024-06-16T23:17:48.041715" elapsed="0.000158"/>
</kw>
<kw name="Should Not Be Empty" owner="BuiltIn">
<msg time="2024-06-16T23:17:48.042224" level="INFO">Length is 2.</msg>
<arg>${json_data}</arg>
<doc>Verifies that the given item is not empty.</doc>
<status status="PASS" start="2024-06-16T23:17:48.042098" elapsed="0.000164"/>
</kw>
<kw name="Create List" owner="BuiltIn">
<msg time="2024-06-16T23:17:48.042703" level="INFO">${expected_keys} = ['gender', 'name', 'location', 'email', 'login']</msg>
<var>${expected_keys}</var>
<arg>gender</arg>
<arg>name</arg>
<arg>location</arg>
<arg>email</arg>
<arg>login</arg>
<doc>Returns a list containing given items.</doc>
<status status="PASS" start="2024-06-16T23:17:48.042555" elapsed="0.000173"/>
</kw>
<for flavor="IN">
<iter>
<kw name="Dictionary Should Contain Key" owner="Collections">
<arg>${json_data['results'][0]}</arg>
<arg>${key}</arg>
<doc>Fails if ``key`` is not found from ``dictionary``.</doc>
<status status="PASS" start="2024-06-16T23:17:48.043303" elapsed="0.000419"/>
</kw>
<kw name="Log" owner="BuiltIn">
<msg time="2024-06-16T23:17:48.044300" level="INFO">{'gender': 'male', 'name': {'title': 'Mr', 'first': 'Vujadin', 'last': 'Simeonović'}, 'location': {'street': {'number': 8130, 'name': 'Doktora Branka I Jelene'}, 'city': 'Sokobanja', 'state': 'Zaječar', 'country': 'Serbia', 'postcode': 70843, 'coordinates': {'latitude': '59.2721', 'longitude': '-73.6729'}, 'timezone': {'offset': '+4:30', 'description': 'Kabul'}}, 'email': 'vujadin.simeonovic@example.com', 'login': {'uuid': 'ebad2cfa-1368-45d7-8d96-98eaa1a6a62e', 'username': 'organicgorilla651', 'password': 'stonecold', 'salt': 'gmyGu3DF', 'md5': '7922c8abdd4849c8cc001a6b1f4aa0e2', 'sha1': '500d28075fde57cd71e771de42c7fb1345e3fed8', 'sha256': '65d511ec4f2615a9357d859c0098b4981b58bb4ef2a3b3c61eb33c9cfaab535f'}, 'dob': {'date': '1976-04-02T07:47:51.289Z', 'age': 48}, 'registered': {'date': '2020-12-18T06:39:01.123Z', 'age': 3}, 'phone': '020-6364-196', 'cell': '067-1955-814', 'id': {'name': 'SID', 'value': '309332213'}, 'picture': {'large': 'https://randomuser.me/api/portraits/men/68.jpg', 'medium': 'https://randomuser.me/api/portraits/med/men/68.jpg', 'thumbnail': 'https://randomuser.me/api/portraits/thumb/men/68.jpg'}, 'nat': 'RS'}</msg>
<arg>${json_data['results'][0]}</arg>
<doc>Logs the given message with the given level.</doc>
<status status="PASS" start="2024-06-16T23:17:48.043922" elapsed="0.000441"/>
</kw>
<kw name="Log" owner="BuiltIn">
<msg time="2024-06-16T23:17:48.044804" level="INFO">gender</msg>
<arg>${key}</arg>
<doc>Logs the given message with the given level.</doc>
<status status="PASS" start="2024-06-16T23:17:48.044664" elapsed="0.000180"/>
</kw>
<var name="${key}">gender</var>
<status status="PASS" start="2024-06-16T23:17:48.043172" elapsed="0.001895"/>
</iter>
<iter>
<kw name="Dictionary Should Contain Key" owner="Collections">
<arg>${json_data['results'][0]}</arg>
<arg>${key}</arg>
<doc>Fails if ``key`` is not found from ``dictionary``.</doc>
<status status="PASS" start="2024-06-16T23:17:48.045375" elapsed="0.000402"/>
</kw>
<kw name="Log" owner="BuiltIn">
<msg time="2024-06-16T23:17:48.046361" level="INFO">{'gender': 'male', 'name': {'title': 'Mr', 'first': 'Vujadin', 'last': 'Simeonović'}, 'location': {'street': {'number': 8130, 'name': 'Doktora Branka I Jelene'}, 'city': 'Sokobanja', 'state': 'Zaječar', 'country': 'Serbia', 'postcode': 70843, 'coordinates': {'latitude': '59.2721', 'longitude': '-73.6729'}, 'timezone': {'offset': '+4:30', 'description': 'Kabul'}}, 'email': 'vujadin.simeonovic@example.com', 'login': {'uuid': 'ebad2cfa-1368-45d7-8d96-98eaa1a6a62e', 'username': 'organicgorilla651', 'password': 'stonecold', 'salt': 'gmyGu3DF', 'md5': '7922c8abdd4849c8cc001a6b1f4aa0e2', 'sha1': '500d28075fde57cd71e771de42c7fb1345e3fed8', 'sha256': '65d511ec4f2615a9357d859c0098b4981b58bb4ef2a3b3c61eb33c9cfaab535f'}, 'dob': {'date': '1976-04-02T07:47:51.289Z', 'age': 48}, 'registered': {'date': '2020-12-18T06:39:01.123Z', 'age': 3}, 'phone': '020-6364-196', 'cell': '067-1955-814', 'id': {'name': 'SID', 'value': '309332213'}, 'picture': {'large': 'https://randomuser.me/api/portraits/men/68.jpg', 'medium': 'https://randomuser.me/api/portraits/med/men/68.jpg', 'thumbnail': 'https://randomuser.me/api/portraits/thumb/men/68.jpg'}, 'nat': 'RS'}</msg>
<arg>${json_data['results'][0]}</arg>
<doc>Logs the given message with the given level.</doc>
<status status="PASS" start="2024-06-16T23:17:48.045992" elapsed="0.000455"/>
</kw>
<kw name="Log" owner="BuiltIn">
<msg time="2024-06-16T23:17:48.046897" level="INFO">name</msg>
<arg>${key}</arg>
<doc>Logs the given message with the given level.</doc>
<status status="PASS" start="2024-06-16T23:17:48.046763" elapsed="0.000173"/>
</kw>
<var name="${key}">name</var>
<status status="PASS" start="2024-06-16T23:17:48.045261" elapsed="0.001897"/>
</iter>
<iter>
<kw name="Dictionary Should Contain Key" owner="Collections">
<arg>${json_data['results'][0]}</arg>
<arg>${key}</arg>
<doc>Fails if ``key`` is not found from ``dictionary``.</doc>
<status status="PASS" start="2024-06-16T23:17:48.047451" elapsed="0.000402"/>
</kw>
<kw name="Log" owner="BuiltIn">
<msg time="2024-06-16T23:17:48.048391" level="INFO">{'gender': 'male', 'name': {'title': 'Mr', 'first': 'Vujadin', 'last': 'Simeonović'}, 'location': {'street': {'number': 8130, 'name': 'Doktora Branka I Jelene'}, 'city': 'Sokobanja', 'state': 'Zaječar', 'country': 'Serbia', 'postcode': 70843, 'coordinates': {'latitude': '59.2721', 'longitude': '-73.6729'}, 'timezone': {'offset': '+4:30', 'description': 'Kabul'}}, 'email': 'vujadin.simeonovic@example.com', 'login': {'uuid': 'ebad2cfa-1368-45d7-8d96-98eaa1a6a62e', 'username': 'organicgorilla651', 'password': 'stonecold', 'salt': 'gmyGu3DF', 'md5': '7922c8abdd4849c8cc001a6b1f4aa0e2', 'sha1': '500d28075fde57cd71e771de42c7fb1345e3fed8', 'sha256': '65d511ec4f2615a9357d859c0098b4981b58bb4ef2a3b3c61eb33c9cfaab535f'}, 'dob': {'date': '1976-04-02T07:47:51.289Z', 'age': 48}, 'registered': {'date': '2020-12-18T06:39:01.123Z', 'age': 3}, 'phone': '020-6364-196', 'cell': '067-1955-814', 'id': {'name': 'SID', 'value': '309332213'}, 'picture': {'large': 'https://randomuser.me/api/portraits/men/68.jpg', 'medium': 'https://randomuser.me/api/portraits/med/men/68.jpg', 'thumbnail': 'https://randomuser.me/api/portraits/thumb/men/68.jpg'}, 'nat': 'RS'}</msg>
<arg>${json_data['results'][0]}</arg>
<doc>Logs the given message with the given level.</doc>
<status status="PASS" start="2024-06-16T23:17:48.048042" elapsed="0.000400"/>
</kw>
<kw name="Log" owner="BuiltIn">
<msg time="2024-06-16T23:17:48.048864" level="INFO">location</msg>
<arg>${key}</arg>
<doc>Logs the given message with the given level.</doc>
<status status="PASS" start="2024-06-16T23:17:48.048738" elapsed="0.000164"/>
</kw>
<var name="${key}">location</var>
<status status="PASS" start="2024-06-16T23:17:48.047340" elapsed="0.001784"/>
</iter>
<iter>
<kw name="Dictionary Should Contain Key" owner="Collections">
<arg>${json_data['results'][0]}</arg>
<arg>${key}</arg>
<doc>Fails if ``key`` is not found from ``dictionary``.</doc>
<status status="PASS" start="2024-06-16T23:17:48.049415" elapsed="0.000387"/>
</kw>
<kw name="Log" owner="BuiltIn">
<msg time="2024-06-16T23:17:48.050389" level="INFO">{'gender': 'male', 'name': {'title': 'Mr', 'first': 'Vujadin', 'last': 'Simeonović'}, 'location': {'street': {'number': 8130, 'name': 'Doktora Branka I Jelene'}, 'city': 'Sokobanja', 'state': 'Zaječar', 'country': 'Serbia', 'postcode': 70843, 'coordinates': {'latitude': '59.2721', 'longitude': '-73.6729'}, 'timezone': {'offset': '+4:30', 'description': 'Kabul'}}, 'email': 'vujadin.simeonovic@example.com', 'login': {'uuid': 'ebad2cfa-1368-45d7-8d96-98eaa1a6a62e', 'username': 'organicgorilla651', 'password': 'stonecold', 'salt': 'gmyGu3DF', 'md5': '7922c8abdd4849c8cc001a6b1f4aa0e2', 'sha1': '500d28075fde57cd71e771de42c7fb1345e3fed8', 'sha256': '65d511ec4f2615a9357d859c0098b4981b58bb4ef2a3b3c61eb33c9cfaab535f'}, 'dob': {'date': '1976-04-02T07:47:51.289Z', 'age': 48}, 'registered': {'date': '2020-12-18T06:39:01.123Z', 'age': 3}, 'phone': '020-6364-196', 'cell': '067-1955-814', 'id': {'name': 'SID', 'value': '309332213'}, 'picture': {'large': 'https://randomuser.me/api/portraits/men/68.jpg', 'medium': 'https://randomuser.me/api/portraits/med/men/68.jpg', 'thumbnail': 'https://randomuser.me/api/portraits/thumb/men/68.jpg'}, 'nat': 'RS'}</msg>
<arg>${json_data['results'][0]}</arg>
<doc>Logs the given message with the given level.</doc>
<status status="PASS" start="2024-06-16T23:17:48.050014" elapsed="0.000426"/>
</kw>
<kw name="Log" owner="BuiltIn">
<msg time="2024-06-16T23:17:48.050869" level="INFO">email</msg>
<arg>${key}</arg>
<doc>Logs the given message with the given level.</doc>
<status status="PASS" start="2024-06-16T23:17:48.050740" elapsed="0.000168"/>
</kw>
<var name="${key}">email</var>
<status status="PASS" start="2024-06-16T23:17:48.049301" elapsed="0.001822"/>
</iter>
<iter>
<kw name="Dictionary Should Contain Key" owner="Collections">
<arg>${json_data['results'][0]}</arg>
<arg>${key}</arg>
<doc>Fails if ``key`` is not found from ``dictionary``.</doc>
<status status="PASS" start="2024-06-16T23:17:48.051411" elapsed="0.000381"/>
</kw>
<kw name="Log" owner="BuiltIn">
<msg time="2024-06-16T23:17:48.052333" level="INFO">{'gender': 'male', 'name': {'title': 'Mr', 'first': 'Vujadin', 'last': 'Simeonović'}, 'location': {'street': {'number': 8130, 'name': 'Doktora Branka I Jelene'}, 'city': 'Sokobanja', 'state': 'Zaječar', 'country': 'Serbia', 'postcode': 70843, 'coordinates': {'latitude': '59.2721', 'longitude': '-73.6729'}, 'timezone': {'offset': '+4:30', 'description': 'Kabul'}}, 'email': 'vujadin.simeonovic@example.com', 'login': {'uuid': 'ebad2cfa-1368-45d7-8d96-98eaa1a6a62e', 'username': 'organicgorilla651', 'password': 'stonecold', 'salt': 'gmyGu3DF', 'md5': '7922c8abdd4849c8cc001a6b1f4aa0e2', 'sha1': '500d28075fde57cd71e771de42c7fb1345e3fed8', 'sha256': '65d511ec4f2615a9357d859c0098b4981b58bb4ef2a3b3c61eb33c9cfaab535f'}, 'dob': {'date': '1976-04-02T07:47:51.289Z', 'age': 48}, 'registered': {'date': '2020-12-18T06:39:01.123Z', 'age': 3}, 'phone': '020-6364-196', 'cell': '067-1955-814', 'id': {'name': 'SID', 'value': '309332213'}, 'picture': {'large': 'https://randomuser.me/api/portraits/men/68.jpg', 'medium': 'https://randomuser.me/api/portraits/med/men/68.jpg', 'thumbnail': 'https://randomuser.me/api/portraits/thumb/men/68.jpg'}, 'nat': 'RS'}</msg>
<arg>${json_data['results'][0]}</arg>
<doc>Logs the given message with the given level.</doc>
<status status="PASS" start="2024-06-16T23:17:48.051982" elapsed="0.000401"/>
</kw>
<kw name="Log" owner="BuiltIn">
<msg time="2024-06-16T23:17:48.052913" level="INFO">login</msg>
<arg>${key}</arg>
<doc>Logs the given message with the given level.</doc>
<status status="PASS" start="2024-06-16T23:17:48.052677" elapsed="0.000274"/>
</kw>
<var name="${key}">login</var>
<status status="PASS" start="2024-06-16T23:17:48.051296" elapsed="0.001875"/>
</iter>
<var>${key}</var>
<value>@{expected_keys}</value>
<status status="PASS" start="2024-06-16T23:17:48.042986" elapsed="0.010309"/>
</for>
<kw name="Create List" owner="BuiltIn">
<msg time="2024-06-16T23:17:48.053623" level="INFO">${expected_keysTwo} = ['username', 'password']</msg>
<var>${expected_keysTwo}</var>
<arg>username</arg>
<arg>password</arg>
<doc>Returns a list containing given items.</doc>
<status status="PASS" start="2024-06-16T23:17:48.053487" elapsed="0.000160"/>
</kw>
<for flavor="IN">
<iter>
<kw name="Dictionary Should Contain Key" owner="Collections">
<arg>${json_data['results'][0]['login']}</arg>
<arg>${keyTwo}</arg>
<doc>Fails if ``key`` is not found from ``dictionary``.</doc>
<status status="PASS" start="2024-06-16T23:17:48.054227" elapsed="0.000379"/>
</kw>
<kw name="Dictionary Should Contain Key" owner="Collections">
<arg>${json_data['results'][0]['login']}</arg>
<arg>${keyTwo}</arg>
<doc>Fails if ``key`` is not found from ``dictionary``.</doc>
<status status="PASS" start="2024-06-16T23:17:48.054788" elapsed="0.000389"/>
</kw>
<kw name="Log" owner="BuiltIn">
<msg time="2024-06-16T23:17:48.055475" level="INFO">username</msg>
<arg>${keyTwo}</arg>
<doc>Logs the given message with the given level.</doc>
<status status="PASS" start="2024-06-16T23:17:48.055356" elapsed="0.000157"/>
</kw>
<var name="${keyTwo}">username</var>
<status status="PASS" start="2024-06-16T23:17:48.054117" elapsed="0.001616"/>
</iter>
<iter>
<kw name="Dictionary Should Contain Key" owner="Collections">
<arg>${json_data['results'][0]['login']}</arg>
<arg>${keyTwo}</arg>
<doc>Fails if ``key`` is not found from ``dictionary``.</doc>
<status status="PASS" start="2024-06-16T23:17:48.056030" elapsed="0.000382"/>
</kw>
<kw name="Dictionary Should Contain Key" owner="Collections">
<arg>${json_data['results'][0]['login']}</arg>
<arg>${keyTwo}</arg>
<doc>Fails if ``key`` is not found from ``dictionary``.</doc>
<status status="PASS" start="2024-06-16T23:17:48.056593" elapsed="0.000374"/>
</kw>
<kw name="Log" owner="BuiltIn">
<msg time="2024-06-16T23:17:48.057264" level="INFO">password</msg>
<arg>${keyTwo}</arg>
<doc>Logs the given message with the given level.</doc>
<status status="PASS" start="2024-06-16T23:17:48.057145" elapsed="0.000156"/>
</kw>
<var name="${keyTwo}">password</var>
<status status="PASS" start="2024-06-16T23:17:48.055920" elapsed="0.001598"/>
</iter>
<var>${keyTwo}</var>
<value>@{expected_keysTwo}</value>
<status status="PASS" start="2024-06-16T23:17:48.053944" elapsed="0.003697"/>
</for>
<status status="PASS" start="2024-06-16T23:17:47.941677" elapsed="0.116103"/>
</kw>
<doc>Testa a estrutura da resposta da API.</doc>
<tag>testeEstruturaResposta</tag>
<status status="PASS" start="2024-06-16T23:17:47.940998" elapsed="0.116952"/>
</test>
<test id="s1-s1-t4" name="Validar tipos de dados" line="28">
<kw name="Teste de Tipos de Dados" owner="random-user-service">
<kw name="GET On Session" owner="RequestsLibrary">
<msg time="2024-06-16T23:17:48.312103" level="INFO">GET Request : url=https://randomuser.me/api 
 path_url=/api 
 headers={'User-Agent': 'python-requests/2.32.3', 'Accept-Encoding': 'gzip, deflate', 'Accept': '*/*', 'Connection': 'keep-alive'} 
 body=None 
 </msg>
<msg time="2024-06-16T23:17:48.312195" level="INFO">GET Response : url=https://randomuser.me/api 
 status=200, reason=OK 
 headers={'Date': 'Sun, 16 Jun 2024 23:17:48 GMT', 'Content-Type': 'application/json; charset=utf-8', 'Transfer-Encoding': 'chunked', 'Connection': 'keep-alive', 'X-Powered-By': 'Express', 'Access-Control-Allow-Origin': '*', 'Cache-Control': 'no-cache', 'ETag': 'W/"496-dLjH10HU+A3fPmk2WohJSv11aWo"', 'Vary': 'Accept-Encoding', 'Content-Encoding': 'gzip', 'CF-Cache-Status': 'DYNAMIC', 'Report-To': '{"endpoints":[{"url":"https:\\/\\/a.nel.cloudflare.com\\/report\\/v4?s=KYgJP4e5QrSHRfjoN1EqRqhFArPoYWavlU4KjrvH8wgMqF72udcvAX5mt1vX62Zb60KZdIolpcWrTMgpJyNvqacMIfnn5kDuivF5Q6BB8mLfrDY6qq9gcylMye56kZyc"}],"group":"cf-nel","max_age":604800}', 'NEL': '{"success_fraction":0,"report_to":"cf-nel","max_age":604800}', 'Server': 'cloudflare', 'CF-RAY': '894e83ef6eb93922-IAD', 'alt-svc': 'h3=":443"; ma=86400'} 
 body={"results":[{"gender":"female","name":{"title":"Mrs","first":"Cherly","last":"Mitchelle"},"location":{"street":{"number":4651,"name":"Plum St"},"city":"Shepparton","state":"Tasmania","country":"Australia","postcode":830,"coordinates":{"latitude":"-88.6098","longitude":"5.0630"},"timezone":{"offset":"+8:00","description":"Beijing, Perth, Singapore, Hong Kong"}},"email":"cherly.mitchelle@example.com","login":{"uuid":"298d7acb-8588-4138-9988-bc4d467457fe","username":"orangepanda823","password":"lantern","salt":"uIHenGgL","md5":"4d1f9332af8612beca2966871d628410","sha1":"c9c934e61525faf73bc64e04b04376a7447b20aa","sha256":"f139c3b5cb2443b4e333fceb4beaf1434de1454eff080d0efa808e72fa4731ec"},"dob":{"date":"1960-04-08T11:34:51.682Z","age":64},"registered":{"date":"2019-08-14T10:36:11.057Z","age":4},"phone":"04-4234-9885","cell":"0439-614-087","id":{"name":"TFN","value":"441043296"},"picture":{"large":"https://randomuser.me/api/portraits/women/24.jpg","medium":"https://randomuser.me/api/portraits/med/women/24.jpg","thumbnail":"https://randomuser.me/api/portraits/thumb/women/24.jpg"},"nat":"AU"}],"info":{"seed":"0275b28086affcb9","results":1,"page":1,"version":"1.4"}} 
 </msg>
<msg time="2024-06-16T23:17:48.312270" level="INFO">/opt/hostedtoolcache/Python/3.12.3/x64/lib/python3.12/site-packages/urllib3/connectionpool.py:1103: InsecureRequestWarning: Unverified HTTPS request is being made to host 'randomuser.me'. Adding certificate verification is strongly advised. See: https://urllib3.readthedocs.io/en/latest/advanced-usage.html#tls-warnings
  warnings.warn(</msg>
<msg time="2024-06-16T23:17:48.312386" level="INFO">${response} = &lt;Response [200]&gt;</msg>
<var>${response}</var>
<arg>consultarAPI</arg>
<arg>/api</arg>
<doc>Sends a GET request on a previously created HTTP Session.</doc>
<status status="PASS" start="2024-06-16T23:17:48.060407" elapsed="0.252016"/>
</kw>
<kw name="Set Variable" owner="BuiltIn">
<msg time="2024-06-16T23:17:48.313402" level="INFO">${json_data} = {'results': [{'gender': 'female', 'name': {'title': 'Mrs', 'first': 'Cherly', 'last': 'Mitchelle'}, 'location': {'street': {'number': 4651, 'name': 'Plum St'}, 'city': 'Shepparton', 'state': 'Tasmania...</msg>
<var>${json_data}</var>
<arg>${response.json()}</arg>
<doc>Returns the given values which can then be assigned to a variables.</doc>
<status status="PASS" start="2024-06-16T23:17:48.312920" elapsed="0.000511"/>
</kw>
<kw name="Log" owner="BuiltIn">
<msg time="2024-06-16T23:17:48.313894" level="INFO">{'results': [{'gender': 'female', 'name': {'title': 'Mrs', 'first': 'Cherly', 'last': 'Mitchelle'}, 'location': {'street': {'number': 4651, 'name': 'Plum St'}, 'city': 'Shepparton', 'state': 'Tasmania', 'country': 'Australia', 'postcode': 830, 'coordinates': {'latitude': '-88.6098', 'longitude': '5.0630'}, 'timezone': {'offset': '+8:00', 'description': 'Beijing, Perth, Singapore, Hong Kong'}}, 'email': 'cherly.mitchelle@example.com', 'login': {'uuid': '298d7acb-8588-4138-9988-bc4d467457fe', 'username': 'orangepanda823', 'password': 'lantern', 'salt': 'uIHenGgL', 'md5': '4d1f9332af8612beca2966871d628410', 'sha1': 'c9c934e61525faf73bc64e04b04376a7447b20aa', 'sha256': 'f139c3b5cb2443b4e333fceb4beaf1434de1454eff080d0efa808e72fa4731ec'}, 'dob': {'date': '1960-04-08T11:34:51.682Z', 'age': 64}, 'registered': {'date': '2019-08-14T10:36:11.057Z', 'age': 4}, 'phone': '04-4234-9885', 'cell': '0439-614-087', 'id': {'name': 'TFN', 'value': '441043296'}, 'picture': {'large': 'https://randomuser.me/api/portraits/women/24.jpg', 'medium': 'https://randomuser.me/api/portraits/med/women/24.jpg', 'thumbnail': 'https://randomuser.me/api/portraits/thumb/women/24.jpg'}, 'nat': 'AU'}], 'info': {'seed': '0275b28086affcb9', 'results': 1, 'page': 1, 'version': '1.4'}}</msg>
<arg>${json_data}</arg>
<doc>Logs the given message with the given level.</doc>
<status status="PASS" start="2024-06-16T23:17:48.313742" elapsed="0.000229"/>
</kw>
<kw name="Should Be String" owner="String">
<arg>${json_data['results'][0]['gender']}</arg>
<doc>Fails if the given ``item`` is not a string.</doc>
<status status="PASS" start="2024-06-16T23:17:48.314302" elapsed="0.000360"/>
</kw>
<kw name="Should Match Regexp" owner="BuiltIn">
<arg>${json_data['results'][0]['email']}</arg>
<arg>^[a-zA-Z0-9._%+-]+@[a-zA-Z0-9.-]+\.[a-zA-Z]{2,}$</arg>
<doc>Fails if ``string`` does not match ``pattern`` as a regular expression.</doc>
<status status="PASS" start="2024-06-16T23:17:48.314851" elapsed="0.000517"/>
</kw>
<kw name="Should Match Regexp" owner="BuiltIn">
<arg>${json_data['results'][0]['dob']['date']}</arg>
<arg>\\d{4}-\\d{2}-\\d{2}T\\d{2}:\\d{2}:\\d{2}\\.\\d{3}Z</arg>
<doc>Fails if ``string`` does not match ``pattern`` as a regular expression.</doc>
<status status="PASS" start="2024-06-16T23:17:48.315602" elapsed="0.000501"/>
</kw>
<kw name="Should Match Regexp" owner="BuiltIn">
<arg>${json_data['results'][0]['registered']['date']}</arg>
<arg>\\d{4}-\\d{2}-\\d{2}T\\d{2}:\\d{2}:\\d{2}\\.\\d{3}Z</arg>
<doc>Fails if ``string`` does not match ``pattern`` as a regular expression.</doc>
<status status="PASS" start="2024-06-16T23:17:48.316296" elapsed="0.000403"/>
</kw>
<kw name="Should Match Regexp" owner="BuiltIn">
<arg>${json_data['results'][0]['picture']['large']}</arg>
<arg>^https?://.*\.(?:png|jpe?g|gif|bmp)$</arg>
<doc>Fails if ``string`` does not match ``pattern`` as a regular expression.</doc>
<status status="PASS" start="2024-06-16T23:17:48.316885" elapsed="0.000450"/>
</kw>
<kw name="Should Match Regexp" owner="BuiltIn">
<arg>${json_data['results'][0]['picture']['medium']}</arg>
<arg>^https?://.*\.(?:png|jpe?g|gif|bmp)$</arg>
<doc>Fails if ``string`` does not match ``pattern`` as a regular expression.</doc>
<status status="PASS" start="2024-06-16T23:17:48.317526" elapsed="0.000350"/>
</kw>
<kw name="Should Match Regexp" owner="BuiltIn">
<arg>${json_data['results'][0]['picture']['thumbnail']}</arg>
<arg>^https?://.*\.(?:png|jpe?g|gif|bmp)$</arg>
<doc>Fails if ``string`` does not match ``pattern`` as a regular expression.</doc>
<status status="PASS" start="2024-06-16T23:17:48.318098" elapsed="0.000353"/>
</kw>
<kw name="Log" owner="BuiltIn">
<msg time="2024-06-16T23:17:48.318952" level="INFO">{'large': 'https://randomuser.me/api/portraits/women/24.jpg', 'medium': 'https://randomuser.me/api/portraits/med/women/24.jpg', 'thumbnail': 'https://randomuser.me/api/portraits/thumb/women/24.jpg'}</msg>
<arg>${json_data['results'][0]['picture']}</arg>
<doc>Logs the given message with the given level.</doc>
<status status="PASS" start="2024-06-16T23:17:48.318631" elapsed="0.000363"/>
</kw>
<status status="PASS" start="2024-06-16T23:17:48.060177" elapsed="0.259068"/>
</kw>
<kw name="Teste de Tipos de Dados - Postcode" owner="random-user-service">
<kw name="GET On Session" owner="RequestsLibrary">
<msg time="2024-06-16T23:17:48.366541" level="INFO">GET Request : url=https://randomuser.me/api 
 path_url=/api 
 headers={'User-Agent': 'python-requests/2.32.3', 'Accept-Encoding': 'gzip, deflate', 'Accept': '*/*', 'Connection': 'keep-alive'} 
 body=None 
 </msg>
<msg time="2024-06-16T23:17:48.366629" level="INFO">GET Response : url=https://randomuser.me/api 
 status=200, reason=OK 
 headers={'Date': 'Sun, 16 Jun 2024 23:17:48 GMT', 'Content-Type': 'application/json; charset=utf-8', 'Transfer-Encoding': 'chunked', 'Connection': 'keep-alive', 'X-Powered-By': 'Express', 'Access-Control-Allow-Origin': '*', 'Cache-Control': 'no-cache', 'ETag': 'W/"473-l9+GdhLtcocaN/eGUzWFLNpGuL0"', 'Vary': 'Accept-Encoding', 'Content-Encoding': 'gzip', 'CF-Cache-Status': 'DYNAMIC', 'Report-To': '{"endpoints":[{"url":"https:\\/\\/a.nel.cloudflare.com\\/report\\/v4?s=Sf2dA6EUL0%2Ba6fYn02yKjk%2Fa2nvG1I2HtowMArBNMAT%2Fk4gkQMnU199gD%2BrmHtzTmd9qXLdiwHURY0%2BWLZFFVHIn0ChI9%2FDk2%2FnQJiNuIuzh%2BN%2BplWNdneWhjSD7qUac"}],"group":"cf-nel","max_age":604800}', 'NEL': '{"success_fraction":0,"report_to":"cf-nel","max_age":604800}', 'Server': 'cloudflare', 'CF-RAY': '894e83f108a73922-IAD', 'alt-svc': 'h3=":443"; ma=86400'} 
 body={"results":[{"gender":"male","name":{"title":"Mr","first":"Vedat","last":"Öztürk"},"location":{"street":{"number":6428,"name":"Abanoz Sk"},"city":"Tokat","state":"Bartın","country":"Turkey","postcode":52075,"coordinates":{"latitude":"69.1481","longitude":"-33.3310"},"timezone":{"offset":"-7:00","description":"Mountain Time (US &amp; Canada)"}},"email":"vedat.ozturk@example.com","login":{"uuid":"ff2a6be7-ad83-4b2d-b431-af4d4655570c","username":"bluebird681","password":"darkness","salt":"OYGoRjYB","md5":"471da181b0b27a2f9610f15f1cbe76aa","sha1":"d58c5540c1ee2611097b64b91406f9ed375ba6bd","sha256":"5539f49278dee9734542b8577fd084054b98ff0cd23bb3f3397e43ac960284b9"},"dob":{"date":"1999-09-04T11:21:22.629Z","age":24},"registered":{"date":"2008-01-13T22:44:31.318Z","age":16},"phone":"(233)-334-0778","cell":"(547)-590-0613","id":{"name":"","value":null},"picture":{"large":"https://randomuser.me/api/portraits/men/83.jpg","medium":"https://randomuser.me/api/portraits/med/men/83.jpg","thumbnail":"https://randomuser.me/api/portraits/thumb/men/83.jpg"},"nat":"TR"}],"info":{"seed":"6635adec785603a1","results":1,"page":1,"version":"1.4"}} 
 </msg>
<msg time="2024-06-16T23:17:48.366723" level="INFO">/opt/hostedtoolcache/Python/3.12.3/x64/lib/python3.12/site-packages/urllib3/connectionpool.py:1103: InsecureRequestWarning: Unverified HTTPS request is being made to host 'randomuser.me'. Adding certificate verification is strongly advised. See: https://urllib3.readthedocs.io/en/latest/advanced-usage.html#tls-warnings
  warnings.warn(</msg>
<msg time="2024-06-16T23:17:48.366838" level="INFO">${response} = &lt;Response [200]&gt;</msg>
<var>${response}</var>
<arg>consultarAPI</arg>
<arg>/api</arg>
<doc>Sends a GET request on a previously created HTTP Session.</doc>
<status status="PASS" start="2024-06-16T23:17:48.319696" elapsed="0.047174"/>
</kw>
<kw name="Set Variable" owner="BuiltIn">
<msg time="2024-06-16T23:17:48.367702" level="INFO">${json_data} = {'results': [{'gender': 'male', 'name': {'title': 'Mr', 'first': 'Vedat', 'last': 'Öztürk'}, 'location': {'street': {'number': 6428, 'name': 'Abanoz Sk'}, 'city': 'Tokat', 'state': 'Bartın', 'country'...</msg>
<var>${json_data}</var>
<arg>${response.json()}</arg>
<doc>Returns the given values which can then be assigned to a variables.</doc>
<status status="PASS" start="2024-06-16T23:17:48.367251" elapsed="0.000481"/>
</kw>
<kw name="Log" owner="BuiltIn">
<msg time="2024-06-16T23:17:48.368196" level="INFO">{'results': [{'gender': 'male', 'name': {'title': 'Mr', 'first': 'Vedat', 'last': 'Öztürk'}, 'location': {'street': {'number': 6428, 'name': 'Abanoz Sk'}, 'city': 'Tokat', 'state': 'Bartın', 'country': 'Turkey', 'postcode': 52075, 'coordinates': {'latitude': '69.1481', 'longitude': '-33.3310'}, 'timezone': {'offset': '-7:00', 'description': 'Mountain Time (US &amp; Canada)'}}, 'email': 'vedat.ozturk@example.com', 'login': {'uuid': 'ff2a6be7-ad83-4b2d-b431-af4d4655570c', 'username': 'bluebird681', 'password': 'darkness', 'salt': 'OYGoRjYB', 'md5': '471da181b0b27a2f9610f15f1cbe76aa', 'sha1': 'd58c5540c1ee2611097b64b91406f9ed375ba6bd', 'sha256': '5539f49278dee9734542b8577fd084054b98ff0cd23bb3f3397e43ac960284b9'}, 'dob': {'date': '1999-09-04T11:21:22.629Z', 'age': 24}, 'registered': {'date': '2008-01-13T22:44:31.318Z', 'age': 16}, 'phone': '(233)-334-0778', 'cell': '(547)-590-0613', 'id': {'name': '', 'value': None}, 'picture': {'large': 'https://randomuser.me/api/portraits/men/83.jpg', 'medium': 'https://randomuser.me/api/portraits/med/men/83.jpg', 'thumbnail': 'https://randomuser.me/api/portraits/thumb/men/83.jpg'}, 'nat': 'TR'}], 'info': {'seed': '6635adec785603a1', 'results': 1, 'page': 1, 'version': '1.4'}}</msg>
<arg>${json_data}</arg>
<doc>Logs the given message with the given level.</doc>
<status status="PASS" start="2024-06-16T23:17:48.368037" elapsed="0.000210"/>
</kw>
<kw name="Should Be Equal As Numbers" owner="BuiltIn">
<arg>${json_data['results'][0]['location']['postcode']}</arg>
<arg>${json_data['results'][0]['location']['postcode']}</arg>
<doc>Fails if objects are unequal after converting them to real numbers.</doc>
<status status="PASS" start="2024-06-16T23:17:48.368552" elapsed="0.000636"/>
</kw>
<kw name="Log" owner="BuiltIn">
<msg time="2024-06-16T23:17:48.369711" level="INFO">52075</msg>
<arg>${json_data['results'][0]['location']['postcode']}</arg>
<doc>Logs the given message with the given level.</doc>
<status status="PASS" start="2024-06-16T23:17:48.369379" elapsed="0.000372"/>
</kw>
<status status="PASS" start="2024-06-16T23:17:48.319468" elapsed="0.050595"/>
</kw>
<doc>Testa se os tipos de dados na resposta da API estão corretos.</doc>
<tag>testeTiposDados</tag>
<status status="PASS" start="2024-06-16T23:17:48.059723" elapsed="0.310505"/>
</test>
<test id="s1-s1-t5" name="Validar conteudo" line="35">
<kw name="Teste de Tipos de Conteudo" owner="random-user-service">
<kw name="GET On Session" owner="RequestsLibrary">
<msg time="2024-06-16T23:17:48.463391" level="INFO">GET Request : url=https://randomuser.me/api 
 path_url=/api 
 headers={'User-Agent': 'python-requests/2.32.3', 'Accept-Encoding': 'gzip, deflate', 'Accept': '*/*', 'Connection': 'keep-alive'} 
 body=None 
 </msg>
<msg time="2024-06-16T23:17:48.463486" level="INFO">GET Response : url=https://randomuser.me/api 
 status=200, reason=OK 
 headers={'Date': 'Sun, 16 Jun 2024 23:17:48 GMT', 'Content-Type': 'application/json; charset=utf-8', 'Transfer-Encoding': 'chunked', 'Connection': 'keep-alive', 'X-Powered-By': 'Express', 'Access-Control-Allow-Origin': '*', 'Cache-Control': 'no-cache', 'ETag': 'W/"479-8kc3gQUMS6OX1OdwY5cHK4XZiOk"', 'Vary': 'Accept-Encoding', 'Content-Encoding': 'gzip', 'CF-Cache-Status': 'DYNAMIC', 'Report-To': '{"endpoints":[{"url":"https:\\/\\/a.nel.cloudflare.com\\/report\\/v4?s=CWOWUa8LPoRtvnF8Z%2FExYksnXMhnm%2BHB1mAeKhllUtS9LEBVynfwvuDe0mav%2BFhX6wkYO84CzWj4OyD2kPXv4YYEseBhKu%2FLQFSqnk26kW0TyGTosQga%2FK7OrBCP3TBV"}],"group":"cf-nel","max_age":604800}', 'NEL': '{"success_fraction":0,"report_to":"cf-nel","max_age":604800}', 'Server': 'cloudflare', 'CF-RAY': '894e83f159093922-IAD', 'alt-svc': 'h3=":443"; ma=86400'} 
 body={"results":[{"gender":"male","name":{"title":"Mr","first":"Goran","last":"Mladenović"},"location":{"street":{"number":7804,"name":"Ivana Gorana Kovačića"},"city":"Bosilegrad","state":"Toplica","country":"Serbia","postcode":61671,"coordinates":{"latitude":"63.9047","longitude":"-0.7528"},"timezone":{"offset":"-10:00","description":"Hawaii"}},"email":"goran.mladenovic@example.com","login":{"uuid":"461c42e9-834c-4f3b-bd1a-09e8f34bd853","username":"bigmouse150","password":"site","salt":"HlrY8nQp","md5":"53903e5fd9e0253bae4463c45a13c372","sha1":"fbb83e3af8fc9cec21e3fc8fcb77d08340f5df9e","sha256":"46221cf82872a4ab713a2986b5d706d938a256477374c9365e56eb137cbee79a"},"dob":{"date":"1979-09-20T05:45:41.004Z","age":44},"registered":{"date":"2020-10-13T03:08:40.332Z","age":3},"phone":"032-2785-329","cell":"065-6844-859","id":{"name":"SID","value":"618643036"},"picture":{"large":"https://randomuser.me/api/portraits/men/50.jpg","medium":"https://randomuser.me/api/portraits/med/men/50.jpg","thumbnail":"https://randomuser.me/api/portraits/thumb/men/50.jpg"},"nat":"RS"}],"info":{"seed":"c7b08ef39afebb78","results":1,"page":1,"version":"1.4"}} 
 </msg>
<msg time="2024-06-16T23:17:48.463568" level="INFO">/opt/hostedtoolcache/Python/3.12.3/x64/lib/python3.12/site-packages/urllib3/connectionpool.py:1103: InsecureRequestWarning: Unverified HTTPS request is being made to host 'randomuser.me'. Adding certificate verification is strongly advised. See: https://urllib3.readthedocs.io/en/latest/advanced-usage.html#tls-warnings
  warnings.warn(</msg>
<msg time="2024-06-16T23:17:48.463688" level="INFO">${response} = &lt;Response [200]&gt;</msg>
<var>${response}</var>
<arg>consultarAPI</arg>
<arg>/api</arg>
<doc>Sends a GET request on a previously created HTTP Session.</doc>
<status status="PASS" start="2024-06-16T23:17:48.372643" elapsed="0.091088"/>
</kw>
<kw name="Set Variable" owner="BuiltIn">
<msg time="2024-06-16T23:17:48.464691" level="INFO">${json_data} = {'results': [{'gender': 'male', 'name': {'title': 'Mr', 'first': 'Goran', 'last': 'Mladenović'}, 'location': {'street': {'number': 7804, 'name': 'Ivana Gorana Kovačića'}, 'city': 'Bosilegrad', 'state'...</msg>
<var>${json_data}</var>
<arg>${response.json()}</arg>
<doc>Returns the given values which can then be assigned to a variables.</doc>
<status status="PASS" start="2024-06-16T23:17:48.464208" elapsed="0.000514"/>
</kw>
<kw name="Set Variable" owner="BuiltIn">
<msg time="2024-06-16T23:17:48.465405" level="INFO">${name_title} = Mr</msg>
<var>${name_title}</var>
<arg>${json_data["results"][0]["name"]["title"]}</arg>
<doc>Returns the given values which can then be assigned to a variables.</doc>
<status status="PASS" start="2024-06-16T23:17:48.465024" elapsed="0.000407"/>
</kw>
<kw name="Create List" owner="BuiltIn">
<msg time="2024-06-16T23:17:48.465891" level="INFO">${allowed_titles} = ['Mr', 'Ms', 'Miss', 'Mrs', 'Madame', 'Monsieur']</msg>
<var>${allowed_titles}</var>
<arg>Mr</arg>
<arg>Ms</arg>
<arg>Miss</arg>
<arg>Mrs</arg>
<arg>Madame</arg>
<arg>Monsieur</arg>
<doc>Returns a list containing given items.</doc>
<status status="PASS" start="2024-06-16T23:17:48.465731" elapsed="0.000185"/>
</kw>
<kw name="List Should Contain Value" owner="Collections">
<arg>${allowed_titles}</arg>
<arg>${name_title}</arg>
<doc>Fails if the ``value`` is not found from ``list``.</doc>
<status status="PASS" start="2024-06-16T23:17:48.466275" elapsed="0.000179"/>
</kw>
<kw name="Set Variable" owner="BuiltIn">
<msg time="2024-06-16T23:17:48.467012" level="INFO">${name_country} = RS</msg>
<var>${name_country}</var>
<arg>${json_data["results"][0]["nat"]}</arg>
<doc>Returns the given values which can then be assigned to a variables.</doc>
<status status="PASS" start="2024-06-16T23:17:48.466634" elapsed="0.000403"/>
</kw>
<kw name="Create List" owner="BuiltIn">
<msg time="2024-06-16T23:17:48.467940" level="INFO">${list_country} = ['AD', 'AE', 'AF', 'AG', 'AI', 'AL', 'AM', 'AO', 'AQ', 'AR', 'AS', 'AT', 'AU', 'AW', 'AX', 'AZ', 'BA', 'BB', 'BD', 'BE', 'BF', 'BG', 'BH', 'BI', 'BJ', 'BL', 'BM', 'BN', 'BO', 'BQ', 'BR', 'BS', 'BT', '...</msg>
<var>${list_country}</var>
<arg>AD</arg>
<arg>AE</arg>
<arg>AF</arg>
<arg>AG</arg>
<arg>AI</arg>
<arg>AL</arg>
<arg>AM</arg>
<arg>AO</arg>
<arg>AQ</arg>
<arg>AR</arg>
<arg>AS</arg>
<arg>AT</arg>
<arg>AU</arg>
<arg>AW</arg>
<arg>AX</arg>
<arg>AZ</arg>
<arg>BA</arg>
<arg>BB</arg>
<arg>BD</arg>
<arg>BE</arg>
<arg>BF</arg>
<arg>BG</arg>
<arg>BH</arg>
<arg>BI</arg>
<arg>BJ</arg>
<arg>BL</arg>
<arg>BM</arg>
<arg>BN</arg>
<arg>BO</arg>
<arg>BQ</arg>
<arg>BR</arg>
<arg>BS</arg>
<arg>BT</arg>
<arg>BV</arg>
<arg>BW</arg>
<arg>BY</arg>
<arg>BZ</arg>
<arg>CA</arg>
<arg>CC</arg>
<arg>CD</arg>
<arg>CF</arg>
<arg>CG</arg>
<arg>CH</arg>
<arg>CI</arg>
<arg>CK</arg>
<arg>CL</arg>
<arg>CM</arg>
<arg>CN</arg>
<arg>CO</arg>
<arg>CR</arg>
<arg>CU</arg>
<arg>CV</arg>
<arg>CW</arg>
<arg>CX</arg>
<arg>CY</arg>
<arg>CZ</arg>
<arg>DE</arg>
<arg>DJ</arg>
<arg>DK</arg>
<arg>DM</arg>
<arg>DO</arg>
<arg>DZ</arg>
<arg>EC</arg>
<arg>EE</arg>
<arg>EG</arg>
<arg>EH</arg>
<arg>ER</arg>
<arg>ES</arg>
<arg>ET</arg>
<arg>FI</arg>
<arg>FJ</arg>
<arg>FK</arg>
<arg>FM</arg>
<arg>FO</arg>
<arg>FR</arg>
<arg>GA</arg>
<arg>GB</arg>
<arg>GD</arg>
<arg>GE</arg>
<arg>GF</arg>
<arg>GG</arg>
<arg>GH</arg>
<arg>GI</arg>
<arg>GL</arg>
<arg>GM</arg>
<arg>GN</arg>
<arg>GP</arg>
<arg>GQ</arg>
<arg>GR</arg>
<arg>GS</arg>
<arg>GT</arg>
<arg>GU</arg>
<arg>GW</arg>
<arg>GY</arg>
<arg>HK</arg>
<arg>HM</arg>
<arg>HN</arg>
<arg>HR</arg>
<arg>HT</arg>
<arg>HU</arg>
<arg>ID</arg>
<arg>IE</arg>
<arg>IL</arg>
<arg>IM</arg>
<arg>IN</arg>
<arg>IO</arg>
<arg>IQ</arg>
<arg>IR</arg>
<arg>IS</arg>
<arg>IT</arg>
<arg>JE</arg>
<arg>JM</arg>
<arg>JO</arg>
<arg>JP</arg>
<arg>KE</arg>
<arg>KG</arg>
<arg>KH</arg>
<arg>KI</arg>
<arg>KM</arg>
<arg>KN</arg>
<arg>KP</arg>
<arg>KR</arg>
<arg>KW</arg>
<arg>KY</arg>
<arg>KZ</arg>
<arg>LA</arg>
<arg>LB</arg>
<arg>LC</arg>
<arg>LI</arg>
<arg>LK</arg>
<arg>LR</arg>
<arg>LS</arg>
<arg>LT</arg>
<arg>LU</arg>
<arg>LV</arg>
<arg>LY</arg>
<arg>MA</arg>
<arg>MC</arg>
<arg>MD</arg>
<arg>ME</arg>
<arg>MF</arg>
<arg>MG</arg>
<arg>MH</arg>
<arg>MK</arg>
<arg>ML</arg>
<arg>MM</arg>
<arg>MN</arg>
<arg>MO</arg>
<arg>MP</arg>
<arg>MQ</arg>
<arg>MR</arg>
<arg>MS</arg>
<arg>MT</arg>
<arg>MU</arg>
<arg>MV</arg>
<arg>MW</arg>
<arg>MX</arg>
<arg>MY</arg>
<arg>MZ</arg>
<arg>NA</arg>
<arg>NC</arg>
<arg>NE</arg>
<arg>NF</arg>
<arg>NG</arg>
<arg>NI</arg>
<arg>NL</arg>
<arg>NO</arg>
<arg>NP</arg>
<arg>NR</arg>
<arg>NU</arg>
<arg>NZ</arg>
<arg>OM</arg>
<arg>PA</arg>
<arg>PE</arg>
<arg>PF</arg>
<arg>PG</arg>
<arg>PH</arg>
<arg>PK</arg>
<arg>PL</arg>
<arg>PM</arg>
<arg>PN</arg>
<arg>PR</arg>
<arg>PS</arg>
<arg>PT</arg>
<arg>PW</arg>
<arg>PY</arg>
<arg>QA</arg>
<arg>RE</arg>
<arg>RO</arg>
<arg>RS</arg>
<arg>RU</arg>
<arg>RW</arg>
<arg>SA</arg>
<arg>SB</arg>
<arg>SC</arg>
<arg>SD</arg>
<arg>SE</arg>
<arg>SG</arg>
<arg>SH</arg>
<arg>SI</arg>
<arg>SJ</arg>
<arg>SK</arg>
<arg>SL</arg>
<arg>SM</arg>
<arg>SN</arg>
<arg>SO</arg>
<arg>SR</arg>
<arg>SS</arg>
<arg>ST</arg>
<arg>SV</arg>
<arg>SX</arg>
<arg>SY</arg>
<arg>SZ</arg>
<arg>TC</arg>
<arg>TD</arg>
<arg>TF</arg>
<arg>TG</arg>
<arg>TH</arg>
<arg>TJ</arg>
<arg>TK</arg>
<arg>TL</arg>
<arg>TM</arg>
<arg>TN</arg>
<arg>TO</arg>
<arg>TR</arg>
<arg>TT</arg>
<arg>TV</arg>
<arg>TW</arg>
<arg>TZ</arg>
<arg>UA</arg>
<arg>UG</arg>
<arg>UM</arg>
<arg>US</arg>
<arg>UY</arg>
<arg>UZ</arg>
<arg>VA</arg>
<arg>VC</arg>
<arg>VE</arg>
<arg>VG</arg>
<arg>VI</arg>
<arg>VN</arg>
<arg>VU</arg>
<arg>WF</arg>
<arg>WS</arg>
<arg>XK</arg>
<arg>YE</arg>
<arg>YT</arg>
<arg>ZA</arg>
<arg>ZM</arg>
<arg>ZW</arg>
<doc>Returns a list containing given items.</doc>
<status status="PASS" start="2024-06-16T23:17:48.467333" elapsed="0.000633"/>
</kw>
<kw name="List Should Contain Value" owner="Collections">
<arg>${list_country}</arg>
<arg>${name_country}</arg>
<doc>Fails if the ``value`` is not found from ``list``.</doc>
<status status="PASS" start="2024-06-16T23:17:48.468763" elapsed="0.000204"/>
</kw>
<kw name="Run Keyword If" owner="BuiltIn">
<kw name="Should Be True" owner="BuiltIn">
<arg>${True}</arg>
<doc>Fails if the given condition is not true.</doc>
<status status="PASS" start="2024-06-16T23:17:48.470046" elapsed="0.000144"/>
</kw>
<arg>${json_data["results"][0]["location"]["coordinates"]["latitude"]} &gt;= -90 and ${json_data["results"][0]["location"]["coordinates"]["latitude"]} &lt;= 90</arg>
<arg>Should Be True</arg>
<arg>${True}</arg>
<doc>Runs the given keyword with the given arguments, if ``condition`` is true.</doc>
<status status="PASS" start="2024-06-16T23:17:48.469158" elapsed="0.001157"/>
</kw>
<kw name="Run Keyword If" owner="BuiltIn">
<kw name="Should Be True" owner="BuiltIn">
<arg>${True}</arg>
<doc>Fails if the given condition is not true.</doc>
<status status="PASS" start="2024-06-16T23:17:48.471180" elapsed="0.000136"/>
</kw>
<arg>${json_data["results"][0]["location"]["coordinates"]["longitude"]} &gt;= -180 and ${json_data["results"][0]["location"]["coordinates"]["longitude"]} &lt;= 180</arg>
<arg>Should Be True</arg>
<arg>${True}</arg>
<doc>Runs the given keyword with the given arguments, if ``condition`` is true.</doc>
<status status="PASS" start="2024-06-16T23:17:48.470497" elapsed="0.000949"/>
</kw>
<status status="PASS" start="2024-06-16T23:17:48.372427" elapsed="0.099145"/>
</kw>
<doc>Testa o conteúdo específico dos campos retornados pela API.</doc>
<tag>testeConteudo</tag>
<status status="PASS" start="2024-06-16T23:17:48.371983" elapsed="0.099731"/>
</test>
<status status="PASS" start="2024-06-16T23:17:47.401069" elapsed="1.072523"/>
</suite>
<status status="PASS" start="2024-06-16T23:17:47.387475" elapsed="1.091121"/>
</suite>
<statistics>
<total>
<stat pass="5" fail="0" skip="0">All Tests</stat>
</total>
<tag>
<stat pass="1" fail="0" skip="0">testeConteudo</stat>
<stat pass="1" fail="0" skip="0">testeEstruturaResposta</stat>
<stat pass="1" fail="0" skip="0">testeRequisicaoBasica</stat>
<stat pass="1" fail="0" skip="0">testeTiposDados</stat>
</tag>
<suite>
<stat pass="5" fail="0" skip="0" id="s1" name="Tests">Tests</stat>
<stat pass="5" fail="0" skip="0" id="s1-s1" name="Random-User-Test">Tests.Random-User-Test</stat>
</suite>
</statistics>
<errors>
</errors>
</robot>
