<?xml version="1.0" encoding="UTF-8"?>
<robot generator="Robot 7.0 (Python 3.12.2 on linux)" generated="2024-04-03T04:17:04.942086" rpa="false" schemaversion="5">
<suite id="s1" name="Tests" source="/home/runner/work/DesafioQAItauRogerioJordao/DesafioQAItauRogerioJordao/RamdonUser/tests">
<suite id="s1-s1" name="Random-User-Test" source="/home/runner/work/DesafioQAItauRogerioJordao/DesafioQAItauRogerioJordao/RamdonUser/tests/random-user-test.robot">
<test id="s1-s1-t1" name="Conectar" line="13">
<kw name="Conectar API" owner="random-user-service">
<kw name="Create Session" owner="RequestsLibrary">
<msg time="2024-04-03T04:17:05.301740" level="INFO">Creating Session using : alias=consultarAPI, url=https://randomuser.me/, headers={},                     cookies={}, auth=None, timeout=None, proxies=None, verify=False,                     debug=0 </msg>
<arg>consultarAPI</arg>
<arg>${URL}</arg>
<doc>Create Session: create a HTTP session to a server</doc>
<status status="PASS" start="2024-04-03T04:17:05.301545" elapsed="0.000355"/>
</kw>
<status status="PASS" start="2024-04-03T04:17:05.300535" elapsed="0.001768"/>
</kw>
<status status="PASS" start="2024-04-03T04:17:05.299936" elapsed="0.002574"/>
</test>
<test id="s1-s1-t2" name="Validar retorno 200 e JSON Válido" line="16">
<kw name="Teste de Requisicao Basica" owner="random-user-service">
<kw name="GET On Session" owner="RequestsLibrary">
<msg time="2024-04-03T04:17:05.622726" level="INFO">GET Request : url=https://randomuser.me/api 
 path_url=/api 
 headers={'User-Agent': 'python-requests/2.31.0', 'Accept-Encoding': 'gzip, deflate', 'Accept': '*/*', 'Connection': 'keep-alive'} 
 body=None 
 </msg>
<msg time="2024-04-03T04:17:05.622874" level="INFO">GET Response : url=https://randomuser.me/api 
 status=200, reason=OK 
 headers={'Date': 'Wed, 03 Apr 2024 04:17:05 GMT', 'Content-Type': 'application/json; charset=utf-8', 'Transfer-Encoding': 'chunked', 'Connection': 'keep-alive', 'X-Powered-By': 'Express', 'Access-Control-Allow-Origin': '*', 'Cache-Control': 'no-cache', 'ETag': 'W/"4a7-8SjZeDMGskC6kA4SIMrFAMJLLPs"', 'Vary': 'Accept-Encoding', 'Content-Encoding': 'gzip', 'CF-Cache-Status': 'DYNAMIC', 'Report-To': '{"endpoints":[{"url":"https:\\/\\/a.nel.cloudflare.com\\/report\\/v4?s=gf1%2BwoUSEPv4LXXqFBCfTr5HgACXCWqZCCPGpGvnGTfLfrHQiIfdf54o0bRErdQupzAgbYgX6lUF6RX%2B1tMFQv2fNeZETpAWcZch1I%2F1ioGJs7ZeI%2FXqLz3ZHGvOT8yC"}],"group":"cf-nel","max_age":604800}', 'NEL': '{"success_fraction":0,"report_to":"cf-nel","max_age":604800}', 'Server': 'cloudflare', 'CF-RAY': '86e63f390d90606c-ORD', 'alt-svc': 'h3=":443"; ma=86400'} 
 body={"results":[{"gender":"female","name":{"title":"Mademoiselle","first":"Elisa","last":"Brun"},"location":{"street":{"number":6810,"name":"Rue Saint-Georges"},"city":"Hüttikon","state":"Fribourg","country":"Switzerland","postcode":6703,"coordinates":{"latitude":"-60.3533","longitude":"160.4308"},"timezone":{"offset":"+8:00","description":"Beijing, Perth, Singapore, Hong Kong"}},"email":"elisa.brun@example.com","login":{"uuid":"418daf64-d417-4fa3-97d6-37de21a7ea66","username":"happyduck522","password":"sixers","salt":"rgE8Nm1C","md5":"c4d82c6893b47aca881d60ba97b27d92","sha1":"3063b24488e0d97ca1ec63aaa7167d38418d3922","sha256":"14db54f7d19426af3e3d7473de4324398dd1f5ced648d7f5ac1623ed20ff01a2"},"dob":{"date":"1993-10-07T00:36:20.472Z","age":30},"registered":{"date":"2020-04-06T23:42:42.361Z","age":3},"phone":"077 963 30 89","cell":"079 774 79 39","id":{"name":"AVS","value":"756.6374.8655.89"},"picture":{"large":"https://randomuser.me/api/portraits/women/14.jpg","medium":"https://randomuser.me/api/portraits/med/women/14.jpg","thumbnail":"https://randomuser.me/api/portraits/thumb/women/14.jpg"},"nat":"CH"}],"info":{"seed":"4651c338504674b8","results":1,"page":1,"version":"1.4"}} 
 </msg>
<msg time="2024-04-03T04:17:05.622985" level="INFO">/opt/hostedtoolcache/Python/3.12.2/x64/lib/python3.12/site-packages/urllib3/connectionpool.py:1103: InsecureRequestWarning: Unverified HTTPS request is being made to host 'randomuser.me'. Adding certificate verification is strongly advised. See: https://urllib3.readthedocs.io/en/latest/advanced-usage.html#tls-warnings
  warnings.warn(</msg>
<msg time="2024-04-03T04:17:05.623126" level="INFO">${response} = &lt;Response [200]&gt;</msg>
<var>${response}</var>
<arg>consultarAPI</arg>
<arg>/api</arg>
<doc>Sends a GET request on a previously created HTTP Session.</doc>
<status status="PASS" start="2024-04-03T04:17:05.305163" elapsed="0.318005"/>
</kw>
<kw name="Should Be Equal As Numbers" owner="BuiltIn">
<msg time="2024-04-03T04:17:05.624145" level="INFO">Argument types are:
&lt;class 'int'&gt;
&lt;class 'str'&gt;</msg>
<arg>${response.status_code}</arg>
<arg>200</arg>
<doc>Fails if objects are unequal after converting them to real numbers.</doc>
<status status="PASS" start="2024-04-03T04:17:05.623686" elapsed="0.000528"/>
</kw>
<kw name="Log" owner="BuiltIn">
<msg time="2024-04-03T04:17:05.624922" level="INFO">200</msg>
<arg>${response.status_code}</arg>
<doc>Logs the given message with the given level.</doc>
<status status="PASS" start="2024-04-03T04:17:05.624546" elapsed="0.000422"/>
</kw>
<kw name="Set Variable" owner="BuiltIn">
<msg time="2024-04-03T04:17:05.625770" level="INFO">${json_data} = {'results': [{'gender': 'female', 'name': {'title': 'Mademoiselle', 'first': 'Elisa', 'last': 'Brun'}, 'location': {'street': {'number': 6810, 'name': 'Rue Saint-Georges'}, 'city': 'Hüttikon', 'state'...</msg>
<var>${json_data}</var>
<arg>${response.json()}</arg>
<doc>Returns the given values which can then be assigned to a variables.</doc>
<status status="PASS" start="2024-04-03T04:17:05.625287" elapsed="0.000514"/>
</kw>
<kw name="Dictionary Should Contain Key" owner="Collections">
<msg time="2024-04-03T04:17:05.626324" level="INFO">False</msg>
<arg>${json_data}</arg>
<arg>results</arg>
<doc>Fails if ``key`` is not found from ``dictionary``.</doc>
<status status="PASS" start="2024-04-03T04:17:05.626150" elapsed="0.000216"/>
</kw>
<status status="PASS" start="2024-04-03T04:17:05.304911" elapsed="0.321727"/>
</kw>
<doc>Testa se a API responde corretamente e retorna um objeto JSON válido.</doc>
<tag>testeRequisicaoBasica</tag>
<status status="PASS" start="2024-04-03T04:17:05.304356" elapsed="0.322476"/>
</test>
<test id="s1-s1-t3" name="Validar estrutura de resposta" line="22">
<kw name="Teste de Estrutura de Resposta" owner="random-user-service">
<kw name="GET On Session" owner="RequestsLibrary">
<msg time="2024-04-03T04:17:05.693840" level="INFO">GET Request : url=https://randomuser.me/api 
 path_url=/api 
 headers={'User-Agent': 'python-requests/2.31.0', 'Accept-Encoding': 'gzip, deflate', 'Accept': '*/*', 'Connection': 'keep-alive'} 
 body=None 
 </msg>
<msg time="2024-04-03T04:17:05.693954" level="INFO">GET Response : url=https://randomuser.me/api 
 status=200, reason=OK 
 headers={'Date': 'Wed, 03 Apr 2024 04:17:05 GMT', 'Content-Type': 'application/json; charset=utf-8', 'Transfer-Encoding': 'chunked', 'Connection': 'keep-alive', 'X-Powered-By': 'Express', 'Access-Control-Allow-Origin': '*', 'Cache-Control': 'no-cache', 'ETag': 'W/"49f-7EhLsj3mzhWOsD7LKRcs/0EEk3w"', 'Vary': 'Accept-Encoding', 'Content-Encoding': 'gzip', 'CF-Cache-Status': 'DYNAMIC', 'Report-To': '{"endpoints":[{"url":"https:\\/\\/a.nel.cloudflare.com\\/report\\/v4?s=M8zn0ZepCzI8u00jkA7n%2F4aXOFYvREwHIujk6TLKp7tPe88Xhiou08Vy5HyWKsWV02UIb6PjHEBwPWrbvG1JgJA95KlUvMax7y4ISbKuharaIOqegWJoTzPKOqPNya39"}],"group":"cf-nel","max_age":604800}', 'NEL': '{"success_fraction":0,"report_to":"cf-nel","max_age":604800}', 'Server': 'cloudflare', 'CF-RAY': '86e63f3a2e69606c-ORD', 'alt-svc': 'h3=":443"; ma=86400'} 
 body={"results":[{"gender":"male","name":{"title":"Mr","first":"Eduardo","last":"Morgan"},"location":{"street":{"number":6514,"name":"E North St"},"city":"Cape Fear","state":"North Carolina","country":"United States","postcode":61104,"coordinates":{"latitude":"85.4340","longitude":"-132.9123"},"timezone":{"offset":"+3:00","description":"Baghdad, Riyadh, Moscow, St. Petersburg"}},"email":"eduardo.morgan@example.com","login":{"uuid":"498a32a9-142f-4446-b2b3-650bbc2f3010","username":"sadduck457","password":"bentley","salt":"eqi9pqAC","md5":"e1f5c5643dea11f2f74a93cefff6fb7d","sha1":"a68b4dcd863c2a89af5a7ac3cce02ca9701a3147","sha256":"6ee800de069982d58ecf9eab54b81a03bd68b4bae289ea70f2765f5e582f97a4"},"dob":{"date":"1965-07-05T07:02:46.316Z","age":58},"registered":{"date":"2002-05-15T17:06:38.624Z","age":21},"phone":"(771) 920-0012","cell":"(507) 633-0678","id":{"name":"SSN","value":"216-57-6947"},"picture":{"large":"https://randomuser.me/api/portraits/men/74.jpg","medium":"https://randomuser.me/api/portraits/med/men/74.jpg","thumbnail":"https://randomuser.me/api/portraits/thumb/men/74.jpg"},"nat":"US"}],"info":{"seed":"53cd8a45249447f4","results":1,"page":1,"version":"1.4"}} 
 </msg>
<msg time="2024-04-03T04:17:05.694077" level="INFO">/opt/hostedtoolcache/Python/3.12.2/x64/lib/python3.12/site-packages/urllib3/connectionpool.py:1103: InsecureRequestWarning: Unverified HTTPS request is being made to host 'randomuser.me'. Adding certificate verification is strongly advised. See: https://urllib3.readthedocs.io/en/latest/advanced-usage.html#tls-warnings
  warnings.warn(</msg>
<msg time="2024-04-03T04:17:05.694178" level="INFO">${response} = &lt;Response [200]&gt;</msg>
<var>${response}</var>
<arg>consultarAPI</arg>
<arg>/api</arg>
<doc>Sends a GET request on a previously created HTTP Session.</doc>
<status status="PASS" start="2024-04-03T04:17:05.629613" elapsed="0.064602"/>
</kw>
<kw name="Set Variable" owner="BuiltIn">
<msg time="2024-04-03T04:17:05.695097" level="INFO">${json_data} = {'results': [{'gender': 'male', 'name': {'title': 'Mr', 'first': 'Eduardo', 'last': 'Morgan'}, 'location': {'street': {'number': 6514, 'name': 'E North St'}, 'city': 'Cape Fear', 'state': 'North Carol...</msg>
<var>${json_data}</var>
<arg>${response.json()}</arg>
<doc>Returns the given values which can then be assigned to a variables.</doc>
<status status="PASS" start="2024-04-03T04:17:05.694633" elapsed="0.000492"/>
</kw>
<kw name="Log" owner="BuiltIn">
<msg time="2024-04-03T04:17:05.695598" level="INFO">{'results': [{'gender': 'male', 'name': {'title': 'Mr', 'first': 'Eduardo', 'last': 'Morgan'}, 'location': {'street': {'number': 6514, 'name': 'E North St'}, 'city': 'Cape Fear', 'state': 'North Carolina', 'country': 'United States', 'postcode': 61104, 'coordinates': {'latitude': '85.4340', 'longitude': '-132.9123'}, 'timezone': {'offset': '+3:00', 'description': 'Baghdad, Riyadh, Moscow, St. Petersburg'}}, 'email': 'eduardo.morgan@example.com', 'login': {'uuid': '498a32a9-142f-4446-b2b3-650bbc2f3010', 'username': 'sadduck457', 'password': 'bentley', 'salt': 'eqi9pqAC', 'md5': 'e1f5c5643dea11f2f74a93cefff6fb7d', 'sha1': 'a68b4dcd863c2a89af5a7ac3cce02ca9701a3147', 'sha256': '6ee800de069982d58ecf9eab54b81a03bd68b4bae289ea70f2765f5e582f97a4'}, 'dob': {'date': '1965-07-05T07:02:46.316Z', 'age': 58}, 'registered': {'date': '2002-05-15T17:06:38.624Z', 'age': 21}, 'phone': '(771) 920-0012', 'cell': '(507) 633-0678', 'id': {'name': 'SSN', 'value': '216-57-6947'}, 'picture': {'large': 'https://randomuser.me/api/portraits/men/74.jpg', 'medium': 'https://randomuser.me/api/portraits/med/men/74.jpg', 'thumbnail': 'https://randomuser.me/api/portraits/thumb/men/74.jpg'}, 'nat': 'US'}], 'info': {'seed': '53cd8a45249447f4', 'results': 1, 'page': 1, 'version': '1.4'}}</msg>
<arg>${json_data}</arg>
<doc>Logs the given message with the given level.</doc>
<status status="PASS" start="2024-04-03T04:17:05.695439" elapsed="0.000208"/>
</kw>
<kw name="Dictionary Should Contain Key" owner="Collections">
<msg time="2024-04-03T04:17:05.696107" level="INFO">False</msg>
<arg>${json_data}</arg>
<arg>results</arg>
<doc>Fails if ``key`` is not found from ``dictionary``.</doc>
<status status="PASS" start="2024-04-03T04:17:05.695950" elapsed="0.000195"/>
</kw>
<kw name="Should Not Be Empty" owner="BuiltIn">
<msg time="2024-04-03T04:17:05.696581" level="INFO">Length is 2.</msg>
<arg>${json_data}</arg>
<doc>Verifies that the given item is not empty.</doc>
<status status="PASS" start="2024-04-03T04:17:05.696445" elapsed="0.000175"/>
</kw>
<kw name="Create List" owner="BuiltIn">
<msg time="2024-04-03T04:17:05.697072" level="INFO">${expected_keys} = ['gender', 'name', 'location', 'email', 'login']</msg>
<var>${expected_keys}</var>
<arg>gender</arg>
<arg>name</arg>
<arg>location</arg>
<arg>email</arg>
<arg>login</arg>
<doc>Returns a list containing given items.</doc>
<status status="PASS" start="2024-04-03T04:17:05.696916" elapsed="0.000182"/>
</kw>
<for flavor="IN">
<iter>
<kw name="Dictionary Should Contain Key" owner="Collections">
<msg time="2024-04-03T04:17:05.698123" level="INFO">False</msg>
<arg>${json_data['results'][0]}</arg>
<arg>${key}</arg>
<doc>Fails if ``key`` is not found from ``dictionary``.</doc>
<status status="PASS" start="2024-04-03T04:17:05.697681" elapsed="0.000481"/>
</kw>
<kw name="Log" owner="BuiltIn">
<msg time="2024-04-03T04:17:05.698849" level="INFO">{'gender': 'male', 'name': {'title': 'Mr', 'first': 'Eduardo', 'last': 'Morgan'}, 'location': {'street': {'number': 6514, 'name': 'E North St'}, 'city': 'Cape Fear', 'state': 'North Carolina', 'country': 'United States', 'postcode': 61104, 'coordinates': {'latitude': '85.4340', 'longitude': '-132.9123'}, 'timezone': {'offset': '+3:00', 'description': 'Baghdad, Riyadh, Moscow, St. Petersburg'}}, 'email': 'eduardo.morgan@example.com', 'login': {'uuid': '498a32a9-142f-4446-b2b3-650bbc2f3010', 'username': 'sadduck457', 'password': 'bentley', 'salt': 'eqi9pqAC', 'md5': 'e1f5c5643dea11f2f74a93cefff6fb7d', 'sha1': 'a68b4dcd863c2a89af5a7ac3cce02ca9701a3147', 'sha256': '6ee800de069982d58ecf9eab54b81a03bd68b4bae289ea70f2765f5e582f97a4'}, 'dob': {'date': '1965-07-05T07:02:46.316Z', 'age': 58}, 'registered': {'date': '2002-05-15T17:06:38.624Z', 'age': 21}, 'phone': '(771) 920-0012', 'cell': '(507) 633-0678', 'id': {'name': 'SSN', 'value': '216-57-6947'}, 'picture': {'large': 'https://randomuser.me/api/portraits/men/74.jpg', 'medium': 'https://randomuser.me/api/portraits/med/men/74.jpg', 'thumbnail': 'https://randomuser.me/api/portraits/thumb/men/74.jpg'}, 'nat': 'US'}</msg>
<arg>${json_data['results'][0]}</arg>
<doc>Logs the given message with the given level.</doc>
<status status="PASS" start="2024-04-03T04:17:05.698474" elapsed="0.000430"/>
</kw>
<kw name="Log" owner="BuiltIn">
<msg time="2024-04-03T04:17:05.699345" level="INFO">gender</msg>
<arg>${key}</arg>
<doc>Logs the given message with the given level.</doc>
<status status="PASS" start="2024-04-03T04:17:05.699212" elapsed="0.000173"/>
</kw>
<var name="${key}">gender</var>
<status status="PASS" start="2024-04-03T04:17:05.697554" elapsed="0.002059"/>
</iter>
<iter>
<kw name="Dictionary Should Contain Key" owner="Collections">
<msg time="2024-04-03T04:17:05.700315" level="INFO">False</msg>
<arg>${json_data['results'][0]}</arg>
<arg>${key}</arg>
<doc>Fails if ``key`` is not found from ``dictionary``.</doc>
<status status="PASS" start="2024-04-03T04:17:05.699926" elapsed="0.000427"/>
</kw>
<kw name="Log" owner="BuiltIn">
<msg time="2024-04-03T04:17:05.701050" level="INFO">{'gender': 'male', 'name': {'title': 'Mr', 'first': 'Eduardo', 'last': 'Morgan'}, 'location': {'street': {'number': 6514, 'name': 'E North St'}, 'city': 'Cape Fear', 'state': 'North Carolina', 'country': 'United States', 'postcode': 61104, 'coordinates': {'latitude': '85.4340', 'longitude': '-132.9123'}, 'timezone': {'offset': '+3:00', 'description': 'Baghdad, Riyadh, Moscow, St. Petersburg'}}, 'email': 'eduardo.morgan@example.com', 'login': {'uuid': '498a32a9-142f-4446-b2b3-650bbc2f3010', 'username': 'sadduck457', 'password': 'bentley', 'salt': 'eqi9pqAC', 'md5': 'e1f5c5643dea11f2f74a93cefff6fb7d', 'sha1': 'a68b4dcd863c2a89af5a7ac3cce02ca9701a3147', 'sha256': '6ee800de069982d58ecf9eab54b81a03bd68b4bae289ea70f2765f5e582f97a4'}, 'dob': {'date': '1965-07-05T07:02:46.316Z', 'age': 58}, 'registered': {'date': '2002-05-15T17:06:38.624Z', 'age': 21}, 'phone': '(771) 920-0012', 'cell': '(507) 633-0678', 'id': {'name': 'SSN', 'value': '216-57-6947'}, 'picture': {'large': 'https://randomuser.me/api/portraits/men/74.jpg', 'medium': 'https://randomuser.me/api/portraits/med/men/74.jpg', 'thumbnail': 'https://randomuser.me/api/portraits/thumb/men/74.jpg'}, 'nat': 'US'}</msg>
<arg>${json_data['results'][0]}</arg>
<doc>Logs the given message with the given level.</doc>
<status status="PASS" start="2024-04-03T04:17:05.700688" elapsed="0.000409"/>
</kw>
<kw name="Log" owner="BuiltIn">
<msg time="2024-04-03T04:17:05.701536" level="INFO">name</msg>
<arg>${key}</arg>
<doc>Logs the given message with the given level.</doc>
<status status="PASS" start="2024-04-03T04:17:05.701405" elapsed="0.000169"/>
</kw>
<var name="${key}">name</var>
<status status="PASS" start="2024-04-03T04:17:05.699807" elapsed="0.001987"/>
</iter>
<iter>
<kw name="Dictionary Should Contain Key" owner="Collections">
<msg time="2024-04-03T04:17:05.702506" level="INFO">False</msg>
<arg>${json_data['results'][0]}</arg>
<arg>${key}</arg>
<doc>Fails if ``key`` is not found from ``dictionary``.</doc>
<status status="PASS" start="2024-04-03T04:17:05.702124" elapsed="0.000420"/>
</kw>
<kw name="Log" owner="BuiltIn">
<msg time="2024-04-03T04:17:05.703206" level="INFO">{'gender': 'male', 'name': {'title': 'Mr', 'first': 'Eduardo', 'last': 'Morgan'}, 'location': {'street': {'number': 6514, 'name': 'E North St'}, 'city': 'Cape Fear', 'state': 'North Carolina', 'country': 'United States', 'postcode': 61104, 'coordinates': {'latitude': '85.4340', 'longitude': '-132.9123'}, 'timezone': {'offset': '+3:00', 'description': 'Baghdad, Riyadh, Moscow, St. Petersburg'}}, 'email': 'eduardo.morgan@example.com', 'login': {'uuid': '498a32a9-142f-4446-b2b3-650bbc2f3010', 'username': 'sadduck457', 'password': 'bentley', 'salt': 'eqi9pqAC', 'md5': 'e1f5c5643dea11f2f74a93cefff6fb7d', 'sha1': 'a68b4dcd863c2a89af5a7ac3cce02ca9701a3147', 'sha256': '6ee800de069982d58ecf9eab54b81a03bd68b4bae289ea70f2765f5e582f97a4'}, 'dob': {'date': '1965-07-05T07:02:46.316Z', 'age': 58}, 'registered': {'date': '2002-05-15T17:06:38.624Z', 'age': 21}, 'phone': '(771) 920-0012', 'cell': '(507) 633-0678', 'id': {'name': 'SSN', 'value': '216-57-6947'}, 'picture': {'large': 'https://randomuser.me/api/portraits/men/74.jpg', 'medium': 'https://randomuser.me/api/portraits/med/men/74.jpg', 'thumbnail': 'https://randomuser.me/api/portraits/thumb/men/74.jpg'}, 'nat': 'US'}</msg>
<arg>${json_data['results'][0]}</arg>
<doc>Logs the given message with the given level.</doc>
<status status="PASS" start="2024-04-03T04:17:05.702848" elapsed="0.000410"/>
</kw>
<kw name="Log" owner="BuiltIn">
<msg time="2024-04-03T04:17:05.703686" level="INFO">location</msg>
<arg>${key}</arg>
<doc>Logs the given message with the given level.</doc>
<status status="PASS" start="2024-04-03T04:17:05.703556" elapsed="0.000169"/>
</kw>
<var name="${key}">location</var>
<status status="PASS" start="2024-04-03T04:17:05.702000" elapsed="0.001942"/>
</iter>
<iter>
<kw name="Dictionary Should Contain Key" owner="Collections">
<msg time="2024-04-03T04:17:05.704606" level="INFO">False</msg>
<arg>${json_data['results'][0]}</arg>
<arg>${key}</arg>
<doc>Fails if ``key`` is not found from ``dictionary``.</doc>
<status status="PASS" start="2024-04-03T04:17:05.704230" elapsed="0.000413"/>
</kw>
<kw name="Log" owner="BuiltIn">
<msg time="2024-04-03T04:17:05.705306" level="INFO">{'gender': 'male', 'name': {'title': 'Mr', 'first': 'Eduardo', 'last': 'Morgan'}, 'location': {'street': {'number': 6514, 'name': 'E North St'}, 'city': 'Cape Fear', 'state': 'North Carolina', 'country': 'United States', 'postcode': 61104, 'coordinates': {'latitude': '85.4340', 'longitude': '-132.9123'}, 'timezone': {'offset': '+3:00', 'description': 'Baghdad, Riyadh, Moscow, St. Petersburg'}}, 'email': 'eduardo.morgan@example.com', 'login': {'uuid': '498a32a9-142f-4446-b2b3-650bbc2f3010', 'username': 'sadduck457', 'password': 'bentley', 'salt': 'eqi9pqAC', 'md5': 'e1f5c5643dea11f2f74a93cefff6fb7d', 'sha1': 'a68b4dcd863c2a89af5a7ac3cce02ca9701a3147', 'sha256': '6ee800de069982d58ecf9eab54b81a03bd68b4bae289ea70f2765f5e582f97a4'}, 'dob': {'date': '1965-07-05T07:02:46.316Z', 'age': 58}, 'registered': {'date': '2002-05-15T17:06:38.624Z', 'age': 21}, 'phone': '(771) 920-0012', 'cell': '(507) 633-0678', 'id': {'name': 'SSN', 'value': '216-57-6947'}, 'picture': {'large': 'https://randomuser.me/api/portraits/men/74.jpg', 'medium': 'https://randomuser.me/api/portraits/med/men/74.jpg', 'thumbnail': 'https://randomuser.me/api/portraits/thumb/men/74.jpg'}, 'nat': 'US'}</msg>
<arg>${json_data['results'][0]}</arg>
<doc>Logs the given message with the given level.</doc>
<status status="PASS" start="2024-04-03T04:17:05.704942" elapsed="0.000411"/>
</kw>
<kw name="Log" owner="BuiltIn">
<msg time="2024-04-03T04:17:05.705775" level="INFO">email</msg>
<arg>${key}</arg>
<doc>Logs the given message with the given level.</doc>
<status status="PASS" start="2024-04-03T04:17:05.705646" elapsed="0.000168"/>
</kw>
<var name="${key}">email</var>
<status status="PASS" start="2024-04-03T04:17:05.704118" elapsed="0.001944"/>
</iter>
<iter>
<kw name="Dictionary Should Contain Key" owner="Collections">
<msg time="2024-04-03T04:17:05.706739" level="INFO">False</msg>
<arg>${json_data['results'][0]}</arg>
<arg>${key}</arg>
<doc>Fails if ``key`` is not found from ``dictionary``.</doc>
<status status="PASS" start="2024-04-03T04:17:05.706358" elapsed="0.000419"/>
</kw>
<kw name="Log" owner="BuiltIn">
<msg time="2024-04-03T04:17:05.707481" level="INFO">{'gender': 'male', 'name': {'title': 'Mr', 'first': 'Eduardo', 'last': 'Morgan'}, 'location': {'street': {'number': 6514, 'name': 'E North St'}, 'city': 'Cape Fear', 'state': 'North Carolina', 'country': 'United States', 'postcode': 61104, 'coordinates': {'latitude': '85.4340', 'longitude': '-132.9123'}, 'timezone': {'offset': '+3:00', 'description': 'Baghdad, Riyadh, Moscow, St. Petersburg'}}, 'email': 'eduardo.morgan@example.com', 'login': {'uuid': '498a32a9-142f-4446-b2b3-650bbc2f3010', 'username': 'sadduck457', 'password': 'bentley', 'salt': 'eqi9pqAC', 'md5': 'e1f5c5643dea11f2f74a93cefff6fb7d', 'sha1': 'a68b4dcd863c2a89af5a7ac3cce02ca9701a3147', 'sha256': '6ee800de069982d58ecf9eab54b81a03bd68b4bae289ea70f2765f5e582f97a4'}, 'dob': {'date': '1965-07-05T07:02:46.316Z', 'age': 58}, 'registered': {'date': '2002-05-15T17:06:38.624Z', 'age': 21}, 'phone': '(771) 920-0012', 'cell': '(507) 633-0678', 'id': {'name': 'SSN', 'value': '216-57-6947'}, 'picture': {'large': 'https://randomuser.me/api/portraits/men/74.jpg', 'medium': 'https://randomuser.me/api/portraits/med/men/74.jpg', 'thumbnail': 'https://randomuser.me/api/portraits/thumb/men/74.jpg'}, 'nat': 'US'}</msg>
<arg>${json_data['results'][0]}</arg>
<doc>Logs the given message with the given level.</doc>
<status status="PASS" start="2024-04-03T04:17:05.707112" elapsed="0.000417"/>
</kw>
<kw name="Log" owner="BuiltIn">
<msg time="2024-04-03T04:17:05.707958" level="INFO">login</msg>
<arg>${key}</arg>
<doc>Logs the given message with the given level.</doc>
<status status="PASS" start="2024-04-03T04:17:05.707827" elapsed="0.000272"/>
</kw>
<var name="${key}">login</var>
<status status="PASS" start="2024-04-03T04:17:05.706239" elapsed="0.002115"/>
</iter>
<var>${key}</var>
<value>@{expected_keys}</value>
<status status="PASS" start="2024-04-03T04:17:05.697363" elapsed="0.011121"/>
</for>
<kw name="Create List" owner="BuiltIn">
<msg time="2024-04-03T04:17:05.708822" level="INFO">${expected_keysTwo} = ['username', 'password']</msg>
<var>${expected_keysTwo}</var>
<arg>username</arg>
<arg>password</arg>
<doc>Returns a list containing given items.</doc>
<status status="PASS" start="2024-04-03T04:17:05.708682" elapsed="0.000164"/>
</kw>
<for flavor="IN">
<iter>
<kw name="Dictionary Should Contain Key" owner="Collections">
<msg time="2024-04-03T04:17:05.709732" level="INFO">False</msg>
<arg>${json_data['results'][0]['login']}</arg>
<arg>${keyTwo}</arg>
<doc>Fails if ``key`` is not found from ``dictionary``.</doc>
<status status="PASS" start="2024-04-03T04:17:05.709350" elapsed="0.000420"/>
</kw>
<kw name="Dictionary Should Contain Key" owner="Collections">
<msg time="2024-04-03T04:17:05.710487" level="INFO">False</msg>
<arg>${json_data['results'][0]['login']}</arg>
<arg>${keyTwo}</arg>
<doc>Fails if ``key`` is not found from ``dictionary``.</doc>
<status status="PASS" start="2024-04-03T04:17:05.710105" elapsed="0.000419"/>
</kw>
<kw name="Log" owner="BuiltIn">
<msg time="2024-04-03T04:17:05.710951" level="INFO">username</msg>
<arg>${keyTwo}</arg>
<doc>Logs the given message with the given level.</doc>
<status status="PASS" start="2024-04-03T04:17:05.710821" elapsed="0.000167"/>
</kw>
<var name="${keyTwo}">username</var>
<status status="PASS" start="2024-04-03T04:17:05.709238" elapsed="0.001970"/>
</iter>
<iter>
<kw name="Dictionary Should Contain Key" owner="Collections">
<msg time="2024-04-03T04:17:05.711881" level="INFO">False</msg>
<arg>${json_data['results'][0]['login']}</arg>
<arg>${keyTwo}</arg>
<doc>Fails if ``key`` is not found from ``dictionary``.</doc>
<status status="PASS" start="2024-04-03T04:17:05.711501" elapsed="0.000418"/>
</kw>
<kw name="Dictionary Should Contain Key" owner="Collections">
<msg time="2024-04-03T04:17:05.712586" level="INFO">False</msg>
<arg>${json_data['results'][0]['login']}</arg>
<arg>${keyTwo}</arg>
<doc>Fails if ``key`` is not found from ``dictionary``.</doc>
<status status="PASS" start="2024-04-03T04:17:05.712214" elapsed="0.000408"/>
</kw>
<kw name="Log" owner="BuiltIn">
<msg time="2024-04-03T04:17:05.713045" level="INFO">password</msg>
<arg>${keyTwo}</arg>
<doc>Logs the given message with the given level.</doc>
<status status="PASS" start="2024-04-03T04:17:05.712915" elapsed="0.000169"/>
</kw>
<var name="${keyTwo}">password</var>
<status status="PASS" start="2024-04-03T04:17:05.711389" elapsed="0.001912"/>
</iter>
<var>${keyTwo}</var>
<value>@{expected_keysTwo}</value>
<status status="PASS" start="2024-04-03T04:17:05.709086" elapsed="0.004337"/>
</for>
<status status="PASS" start="2024-04-03T04:17:05.629363" elapsed="0.084202"/>
</kw>
<doc>Testa a estrutura da resposta da API.</doc>
<tag>testeEstruturaResposta</tag>
<status status="PASS" start="2024-04-03T04:17:05.628695" elapsed="0.085028"/>
</test>
<test id="s1-s1-t4" name="Validar tipos de dados" line="28">
<kw name="Teste de Tipos de Dados" owner="random-user-service">
<kw name="GET On Session" owner="RequestsLibrary">
<msg time="2024-04-03T04:17:05.770485" level="INFO">GET Request : url=https://randomuser.me/api 
 path_url=/api 
 headers={'User-Agent': 'python-requests/2.31.0', 'Accept-Encoding': 'gzip, deflate', 'Accept': '*/*', 'Connection': 'keep-alive'} 
 body=None 
 </msg>
<msg time="2024-04-03T04:17:05.770566" level="INFO">GET Response : url=https://randomuser.me/api 
 status=200, reason=OK 
 headers={'Date': 'Wed, 03 Apr 2024 04:17:05 GMT', 'Content-Type': 'application/json; charset=utf-8', 'Transfer-Encoding': 'chunked', 'Connection': 'keep-alive', 'X-Powered-By': 'Express', 'Access-Control-Allow-Origin': '*', 'Cache-Control': 'no-cache', 'ETag': 'W/"496-DS+OyWfkUgoqvx/CL116qtjvR7c"', 'Vary': 'Accept-Encoding', 'Content-Encoding': 'gzip', 'CF-Cache-Status': 'DYNAMIC', 'Report-To': '{"endpoints":[{"url":"https:\\/\\/a.nel.cloudflare.com\\/report\\/v4?s=uZibDGLytXBUHZsWwPW6BJlXwbDSXNYY7uRLKDvLylcRKLvF170Askf0c8kM5Oy2ILLj8hAMem9fGk72nTr8%2BGhbyIj59Ub9wQ%2FfCHfi9HQjtDmSnFbUQcPxYzptln%2Fd"}],"group":"cf-nel","max_age":604800}', 'NEL': '{"success_fraction":0,"report_to":"cf-nel","max_age":604800}', 'Server': 'cloudflare', 'CF-RAY': '86e63f3abed7606c-ORD', 'alt-svc': 'h3=":443"; ma=86400'} 
 body={"results":[{"gender":"female","name":{"title":"Ms","first":"Natalia","last":"Šakić"},"location":{"street":{"number":9902,"name":"Klinska"},"city":"Beočin","state":"Šumadija","country":"Serbia","postcode":50698,"coordinates":{"latitude":"56.5166","longitude":"86.7430"},"timezone":{"offset":"+5:00","description":"Ekaterinburg, Islamabad, Karachi, Tashkent"}},"email":"natalia.sakic@example.com","login":{"uuid":"aaebf51e-76a9-4c2a-b86d-f37f69582883","username":"ticklishzebra310","password":"hannah1","salt":"zQKWkORF","md5":"ad831dbf484eea94d709aa24ea0cf723","sha1":"b74b65b0b5a75112f0ebc4429b51c17fb2819fe7","sha256":"ae02c63bc492bce9c2de237e32f07c37578237e85a90ed843806bdd5b679df03"},"dob":{"date":"1973-01-08T21:06:31.304Z","age":51},"registered":{"date":"2021-09-27T01:43:26.311Z","age":2},"phone":"023-5155-225","cell":"063-9663-864","id":{"name":"SID","value":"765823965"},"picture":{"large":"https://randomuser.me/api/portraits/women/41.jpg","medium":"https://randomuser.me/api/portraits/med/women/41.jpg","thumbnail":"https://randomuser.me/api/portraits/thumb/women/41.jpg"},"nat":"RS"}],"info":{"seed":"b41b5831b37f89f3","results":1,"page":1,"version":"1.4"}} 
 </msg>
<msg time="2024-04-03T04:17:05.770639" level="INFO">/opt/hostedtoolcache/Python/3.12.2/x64/lib/python3.12/site-packages/urllib3/connectionpool.py:1103: InsecureRequestWarning: Unverified HTTPS request is being made to host 'randomuser.me'. Adding certificate verification is strongly advised. See: https://urllib3.readthedocs.io/en/latest/advanced-usage.html#tls-warnings
  warnings.warn(</msg>
<msg time="2024-04-03T04:17:05.770746" level="INFO">${response} = &lt;Response [200]&gt;</msg>
<var>${response}</var>
<arg>consultarAPI</arg>
<arg>/api</arg>
<doc>Sends a GET request on a previously created HTTP Session.</doc>
<status status="PASS" start="2024-04-03T04:17:05.716213" elapsed="0.054575"/>
</kw>
<kw name="Set Variable" owner="BuiltIn">
<msg time="2024-04-03T04:17:05.771717" level="INFO">${json_data} = {'results': [{'gender': 'female', 'name': {'title': 'Ms', 'first': 'Natalia', 'last': 'Šakić'}, 'location': {'street': {'number': 9902, 'name': 'Klinska'}, 'city': 'Beočin', 'state': 'Šumadija', 'coun...</msg>
<var>${json_data}</var>
<arg>${response.json()}</arg>
<doc>Returns the given values which can then be assigned to a variables.</doc>
<status status="PASS" start="2024-04-03T04:17:05.771242" elapsed="0.000507"/>
</kw>
<kw name="Log" owner="BuiltIn">
<msg time="2024-04-03T04:17:05.772235" level="INFO">{'results': [{'gender': 'female', 'name': {'title': 'Ms', 'first': 'Natalia', 'last': 'Šakić'}, 'location': {'street': {'number': 9902, 'name': 'Klinska'}, 'city': 'Beočin', 'state': 'Šumadija', 'country': 'Serbia', 'postcode': 50698, 'coordinates': {'latitude': '56.5166', 'longitude': '86.7430'}, 'timezone': {'offset': '+5:00', 'description': 'Ekaterinburg, Islamabad, Karachi, Tashkent'}}, 'email': 'natalia.sakic@example.com', 'login': {'uuid': 'aaebf51e-76a9-4c2a-b86d-f37f69582883', 'username': 'ticklishzebra310', 'password': 'hannah1', 'salt': 'zQKWkORF', 'md5': 'ad831dbf484eea94d709aa24ea0cf723', 'sha1': 'b74b65b0b5a75112f0ebc4429b51c17fb2819fe7', 'sha256': 'ae02c63bc492bce9c2de237e32f07c37578237e85a90ed843806bdd5b679df03'}, 'dob': {'date': '1973-01-08T21:06:31.304Z', 'age': 51}, 'registered': {'date': '2021-09-27T01:43:26.311Z', 'age': 2}, 'phone': '023-5155-225', 'cell': '063-9663-864', 'id': {'name': 'SID', 'value': '765823965'}, 'picture': {'large': 'https://randomuser.me/api/portraits/women/41.jpg', 'medium': 'https://randomuser.me/api/portraits/med/women/41.jpg', 'thumbnail': 'https://randomuser.me/api/portraits/thumb/women/41.jpg'}, 'nat': 'RS'}], 'info': {'seed': 'b41b5831b37f89f3', 'results': 1, 'page': 1, 'version': '1.4'}}</msg>
<arg>${json_data}</arg>
<doc>Logs the given message with the given level.</doc>
<status status="PASS" start="2024-04-03T04:17:05.772067" elapsed="0.000253"/>
</kw>
<kw name="Should Be String" owner="String">
<arg>${json_data['results'][0]['gender']}</arg>
<doc>Fails if the given ``item`` is not a string.</doc>
<status status="PASS" start="2024-04-03T04:17:05.772633" elapsed="0.000373"/>
</kw>
<kw name="Should Match Regexp" owner="BuiltIn">
<arg>${json_data['results'][0]['email']}</arg>
<arg>^[a-zA-Z0-9._%+-]+@[a-zA-Z0-9.-]+\.[a-zA-Z]{2,}$</arg>
<doc>Fails if ``string`` does not match ``pattern`` as a regular expression.</doc>
<status status="PASS" start="2024-04-03T04:17:05.773205" elapsed="0.000547"/>
</kw>
<kw name="Should Match Regexp" owner="BuiltIn">
<arg>${json_data['results'][0]['dob']['date']}</arg>
<arg>\\d{4}-\\d{2}-\\d{2}T\\d{2}:\\d{2}:\\d{2}\\.\\d{3}Z</arg>
<doc>Fails if ``string`` does not match ``pattern`` as a regular expression.</doc>
<status status="PASS" start="2024-04-03T04:17:05.773984" elapsed="0.000514"/>
</kw>
<kw name="Should Match Regexp" owner="BuiltIn">
<arg>${json_data['results'][0]['registered']['date']}</arg>
<arg>\\d{4}-\\d{2}-\\d{2}T\\d{2}:\\d{2}:\\d{2}\\.\\d{3}Z</arg>
<doc>Fails if ``string`` does not match ``pattern`` as a regular expression.</doc>
<status status="PASS" start="2024-04-03T04:17:05.774697" elapsed="0.000377"/>
</kw>
<kw name="Should Match Regexp" owner="BuiltIn">
<arg>${json_data['results'][0]['picture']['large']}</arg>
<arg>^https?://.*\.(?:png|jpe?g|gif|bmp)$</arg>
<doc>Fails if ``string`` does not match ``pattern`` as a regular expression.</doc>
<status status="PASS" start="2024-04-03T04:17:05.775274" elapsed="0.000472"/>
</kw>
<kw name="Should Match Regexp" owner="BuiltIn">
<arg>${json_data['results'][0]['picture']['medium']}</arg>
<arg>^https?://.*\.(?:png|jpe?g|gif|bmp)$</arg>
<doc>Fails if ``string`` does not match ``pattern`` as a regular expression.</doc>
<status status="PASS" start="2024-04-03T04:17:05.775938" elapsed="0.000369"/>
</kw>
<kw name="Should Match Regexp" owner="BuiltIn">
<arg>${json_data['results'][0]['picture']['thumbnail']}</arg>
<arg>^https?://.*\.(?:png|jpe?g|gif|bmp)$</arg>
<doc>Fails if ``string`` does not match ``pattern`` as a regular expression.</doc>
<status status="PASS" start="2024-04-03T04:17:05.776504" elapsed="0.000356"/>
</kw>
<kw name="Log" owner="BuiltIn">
<msg time="2024-04-03T04:17:05.777385" level="INFO">{'large': 'https://randomuser.me/api/portraits/women/41.jpg', 'medium': 'https://randomuser.me/api/portraits/med/women/41.jpg', 'thumbnail': 'https://randomuser.me/api/portraits/thumb/women/41.jpg'}</msg>
<arg>${json_data['results'][0]['picture']}</arg>
<doc>Logs the given message with the given level.</doc>
<status status="PASS" start="2024-04-03T04:17:05.777045" elapsed="0.000388"/>
</kw>
<status status="PASS" start="2024-04-03T04:17:05.715976" elapsed="0.061715"/>
</kw>
<kw name="Teste de Tipos de Dados - Postcode" owner="random-user-service">
<kw name="GET On Session" owner="RequestsLibrary">
<msg time="2024-04-03T04:17:05.868519" level="INFO">GET Request : url=https://randomuser.me/api 
 path_url=/api 
 headers={'User-Agent': 'python-requests/2.31.0', 'Accept-Encoding': 'gzip, deflate', 'Accept': '*/*', 'Connection': 'keep-alive'} 
 body=None 
 </msg>
<msg time="2024-04-03T04:17:05.868583" level="INFO">GET Response : url=https://randomuser.me/api 
 status=200, reason=OK 
 headers={'Date': 'Wed, 03 Apr 2024 04:17:05 GMT', 'Content-Type': 'application/json; charset=utf-8', 'Transfer-Encoding': 'chunked', 'Connection': 'keep-alive', 'X-Powered-By': 'Express', 'Access-Control-Allow-Origin': '*', 'Cache-Control': 'no-cache', 'ETag': 'W/"48c-+IebFOZvISS/G5sc/JTl9Qa0DTQ"', 'Vary': 'Accept-Encoding', 'Content-Encoding': 'gzip', 'CF-Cache-Status': 'DYNAMIC', 'Report-To': '{"endpoints":[{"url":"https:\\/\\/a.nel.cloudflare.com\\/report\\/v4?s=4yrsC%2Bq%2BOLvs5wck7urG8N9IOdBpvaASRTB6Bwhi02CsIMFPXnWjnyWjGs1M9bJx6VPaXS7ojZ45%2FjdfQ8qdQHFcXFlEI7OCOS6l3DE5C%2B9mPT1OEU4rExmZttGSwkG%2B"}],"group":"cf-nel","max_age":604800}', 'NEL': '{"success_fraction":0,"report_to":"cf-nel","max_age":604800}', 'Server': 'cloudflare', 'CF-RAY': '86e63f3b1f31606c-ORD', 'alt-svc': 'h3=":443"; ma=86400'} 
 body={"results":[{"gender":"female","name":{"title":"Mrs","first":"Sudha","last":"Almeida"},"location":{"street":{"number":156,"name":"S.A Rd"},"city":"Ramagundam","state":"Manipur","country":"India","postcode":18571,"coordinates":{"latitude":"12.8127","longitude":"72.3114"},"timezone":{"offset":"-5:00","description":"Eastern Time (US &amp; Canada), Bogota, Lima"}},"email":"sudha.almeida@example.com","login":{"uuid":"d0830cc9-1bc0-4935-b039-467e04fc0eb4","username":"organicfish445","password":"callum","salt":"TXbLmu7a","md5":"0f1daa92873a59955f4f0e7bb6de3653","sha1":"0623eb2d127abd5c26b5a48c3ce56ee9ebdc30e9","sha256":"bfd88526d5c96d694e7579ac290b4362360c83769e0c2350c347a5ac8ee6f877"},"dob":{"date":"1972-01-04T10:18:20.068Z","age":52},"registered":{"date":"2021-01-10T18:08:41.672Z","age":3},"phone":"7970872496","cell":"9704470023","id":{"name":"UIDAI","value":"060450700102"},"picture":{"large":"https://randomuser.me/api/portraits/women/4.jpg","medium":"https://randomuser.me/api/portraits/med/women/4.jpg","thumbnail":"https://randomuser.me/api/portraits/thumb/women/4.jpg"},"nat":"IN"}],"info":{"seed":"5d3b29d0ad3308f2","results":1,"page":1,"version":"1.4"}} 
 </msg>
<msg time="2024-04-03T04:17:05.868651" level="INFO">/opt/hostedtoolcache/Python/3.12.2/x64/lib/python3.12/site-packages/urllib3/connectionpool.py:1103: InsecureRequestWarning: Unverified HTTPS request is being made to host 'randomuser.me'. Adding certificate verification is strongly advised. See: https://urllib3.readthedocs.io/en/latest/advanced-usage.html#tls-warnings
  warnings.warn(</msg>
<msg time="2024-04-03T04:17:05.868741" level="INFO">${response} = &lt;Response [200]&gt;</msg>
<var>${response}</var>
<arg>consultarAPI</arg>
<arg>/api</arg>
<doc>Sends a GET request on a previously created HTTP Session.</doc>
<status status="PASS" start="2024-04-03T04:17:05.778293" elapsed="0.090473"/>
</kw>
<kw name="Set Variable" owner="BuiltIn">
<msg time="2024-04-03T04:17:05.869603" level="INFO">${json_data} = {'results': [{'gender': 'female', 'name': {'title': 'Mrs', 'first': 'Sudha', 'last': 'Almeida'}, 'location': {'street': {'number': 156, 'name': 'S.A Rd'}, 'city': 'Ramagundam', 'state': 'Manipur', 'co...</msg>
<var>${json_data}</var>
<arg>${response.json()}</arg>
<doc>Returns the given values which can then be assigned to a variables.</doc>
<status status="PASS" start="2024-04-03T04:17:05.869160" elapsed="0.000471"/>
</kw>
<kw name="Log" owner="BuiltIn">
<msg time="2024-04-03T04:17:05.870139" level="INFO">{'results': [{'gender': 'female', 'name': {'title': 'Mrs', 'first': 'Sudha', 'last': 'Almeida'}, 'location': {'street': {'number': 156, 'name': 'S.A Rd'}, 'city': 'Ramagundam', 'state': 'Manipur', 'country': 'India', 'postcode': 18571, 'coordinates': {'latitude': '12.8127', 'longitude': '72.3114'}, 'timezone': {'offset': '-5:00', 'description': 'Eastern Time (US &amp; Canada), Bogota, Lima'}}, 'email': 'sudha.almeida@example.com', 'login': {'uuid': 'd0830cc9-1bc0-4935-b039-467e04fc0eb4', 'username': 'organicfish445', 'password': 'callum', 'salt': 'TXbLmu7a', 'md5': '0f1daa92873a59955f4f0e7bb6de3653', 'sha1': '0623eb2d127abd5c26b5a48c3ce56ee9ebdc30e9', 'sha256': 'bfd88526d5c96d694e7579ac290b4362360c83769e0c2350c347a5ac8ee6f877'}, 'dob': {'date': '1972-01-04T10:18:20.068Z', 'age': 52}, 'registered': {'date': '2021-01-10T18:08:41.672Z', 'age': 3}, 'phone': '7970872496', 'cell': '9704470023', 'id': {'name': 'UIDAI', 'value': '060450700102'}, 'picture': {'large': 'https://randomuser.me/api/portraits/women/4.jpg', 'medium': 'https://randomuser.me/api/portraits/med/women/4.jpg', 'thumbnail': 'https://randomuser.me/api/portraits/thumb/women/4.jpg'}, 'nat': 'IN'}], 'info': {'seed': '5d3b29d0ad3308f2', 'results': 1, 'page': 1, 'version': '1.4'}}</msg>
<arg>${json_data}</arg>
<doc>Logs the given message with the given level.</doc>
<status status="PASS" start="2024-04-03T04:17:05.869971" elapsed="0.000248"/>
</kw>
<kw name="Should Be Equal As Numbers" owner="BuiltIn">
<arg>${json_data['results'][0]['location']['postcode']}</arg>
<arg>${json_data['results'][0]['location']['postcode']}</arg>
<doc>Fails if objects are unequal after converting them to real numbers.</doc>
<status status="PASS" start="2024-04-03T04:17:05.870530" elapsed="0.000636"/>
</kw>
<kw name="Log" owner="BuiltIn">
<msg time="2024-04-03T04:17:05.871709" level="INFO">18571</msg>
<arg>${json_data['results'][0]['location']['postcode']}</arg>
<doc>Logs the given message with the given level.</doc>
<status status="PASS" start="2024-04-03T04:17:05.871367" elapsed="0.000383"/>
</kw>
<status status="PASS" start="2024-04-03T04:17:05.777911" elapsed="0.094096"/>
</kw>
<doc>Testa se os tipos de dados na resposta da API estão corretos.</doc>
<tag>testeTiposDados</tag>
<status status="PASS" start="2024-04-03T04:17:05.715508" elapsed="0.156665"/>
</test>
<test id="s1-s1-t5" name="Validar conteudo" line="35">
<kw name="Teste de Tipos de Conteudo" owner="random-user-service">
<kw name="GET On Session" owner="RequestsLibrary">
<msg time="2024-04-03T04:17:05.977818" level="INFO">GET Request : url=https://randomuser.me/api 
 path_url=/api 
 headers={'User-Agent': 'python-requests/2.31.0', 'Accept-Encoding': 'gzip, deflate', 'Accept': '*/*', 'Connection': 'keep-alive'} 
 body=None 
 </msg>
<msg time="2024-04-03T04:17:05.977905" level="INFO">GET Response : url=https://randomuser.me/api 
 status=200, reason=OK 
 headers={'Date': 'Wed, 03 Apr 2024 04:17:05 GMT', 'Content-Type': 'application/json; charset=utf-8', 'Transfer-Encoding': 'chunked', 'Connection': 'keep-alive', 'X-Powered-By': 'Express', 'Access-Control-Allow-Origin': '*', 'Cache-Control': 'no-cache', 'ETag': 'W/"48a-JfbLwTZULa0NHY8lbdH4SQlL73I"', 'Vary': 'Accept-Encoding', 'Content-Encoding': 'gzip', 'CF-Cache-Status': 'DYNAMIC', 'Report-To': '{"endpoints":[{"url":"https:\\/\\/a.nel.cloudflare.com\\/report\\/v4?s=EeF34Squ%2BHt9JALh2Ec2dNWRBtVhmKMkjVYDdEF9bQgRVX0sgX6CZJZJtWLDaY%2FETW%2B3Df6yiM7hlFrV9hHmvCvjajiyZpPTNTuryl9C7Y8SPy94PScsMZi17W3chkGj"}],"group":"cf-nel","max_age":604800}', 'NEL': '{"success_fraction":0,"report_to":"cf-nel","max_age":604800}', 'Server': 'cloudflare', 'CF-RAY': '86e63f3bbfda606c-ORD', 'alt-svc': 'h3=":443"; ma=86400'} 
 body={"results":[{"gender":"male","name":{"title":"Mr","first":"Carl","last":"Jørgensen"},"location":{"street":{"number":8293,"name":"Ryttervej"},"city":"Lintrup","state":"Nordjylland","country":"Denmark","postcode":11055,"coordinates":{"latitude":"-40.5656","longitude":"-39.1321"},"timezone":{"offset":"+9:00","description":"Tokyo, Seoul, Osaka, Sapporo, Yakutsk"}},"email":"carl.jorgensen@example.com","login":{"uuid":"25eda790-daa6-4906-92e1-ecf7db90579d","username":"whitebutterfly941","password":"bubba","salt":"2PPAMaAv","md5":"beaaef5d359a8a8ea37b2dbf1a741514","sha1":"1a0232db3aa04aa19fe6482146bb887674df3101","sha256":"1b71155ceb3696c73cbd7eec73fc69cd9580419dcb0de7cb40eb793a3f89abaa"},"dob":{"date":"1988-09-26T13:36:17.324Z","age":35},"registered":{"date":"2021-03-08T11:36:26.781Z","age":3},"phone":"87603458","cell":"13169085","id":{"name":"CPR","value":"260988-2627"},"picture":{"large":"https://randomuser.me/api/portraits/men/46.jpg","medium":"https://randomuser.me/api/portraits/med/men/46.jpg","thumbnail":"https://randomuser.me/api/portraits/thumb/men/46.jpg"},"nat":"DK"}],"info":{"seed":"4a57f36b80ec929a","results":1,"page":1,"version":"1.4"}} 
 </msg>
<msg time="2024-04-03T04:17:05.978017" level="INFO">/opt/hostedtoolcache/Python/3.12.2/x64/lib/python3.12/site-packages/urllib3/connectionpool.py:1103: InsecureRequestWarning: Unverified HTTPS request is being made to host 'randomuser.me'. Adding certificate verification is strongly advised. See: https://urllib3.readthedocs.io/en/latest/advanced-usage.html#tls-warnings
  warnings.warn(</msg>
<msg time="2024-04-03T04:17:05.978147" level="INFO">${response} = &lt;Response [200]&gt;</msg>
<var>${response}</var>
<arg>consultarAPI</arg>
<arg>/api</arg>
<doc>Sends a GET request on a previously created HTTP Session.</doc>
<status status="PASS" start="2024-04-03T04:17:05.874658" elapsed="0.103535"/>
</kw>
<kw name="Set Variable" owner="BuiltIn">
<msg time="2024-04-03T04:17:05.979230" level="INFO">${json_data} = {'results': [{'gender': 'male', 'name': {'title': 'Mr', 'first': 'Carl', 'last': 'Jørgensen'}, 'location': {'street': {'number': 8293, 'name': 'Ryttervej'}, 'city': 'Lintrup', 'state': 'Nordjylland', ...</msg>
<var>${json_data}</var>
<arg>${response.json()}</arg>
<doc>Returns the given values which can then be assigned to a variables.</doc>
<status status="PASS" start="2024-04-03T04:17:05.978681" elapsed="0.000578"/>
</kw>
<kw name="Set Variable" owner="BuiltIn">
<msg time="2024-04-03T04:17:05.979941" level="INFO">${name_title} = Mr</msg>
<var>${name_title}</var>
<arg>${json_data["results"][0]["name"]["title"]}</arg>
<doc>Returns the given values which can then be assigned to a variables.</doc>
<status status="PASS" start="2024-04-03T04:17:05.979563" elapsed="0.000403"/>
</kw>
<kw name="Create List" owner="BuiltIn">
<msg time="2024-04-03T04:17:05.980418" level="INFO">${allowed_titles} = ['Mr', 'Ms', 'Miss', 'Mrs', 'Madame', 'Monsieur']</msg>
<var>${allowed_titles}</var>
<arg>Mr</arg>
<arg>Ms</arg>
<arg>Miss</arg>
<arg>Mrs</arg>
<arg>Madame</arg>
<arg>Monsieur</arg>
<doc>Returns a list containing given items.</doc>
<status status="PASS" start="2024-04-03T04:17:05.980268" elapsed="0.000174"/>
</kw>
<kw name="List Should Contain Value" owner="Collections">
<msg time="2024-04-03T04:17:05.980934" level="INFO">False</msg>
<arg>${allowed_titles}</arg>
<arg>${name_title}</arg>
<doc>Fails if the ``value`` is not found from ``list``.</doc>
<status status="PASS" start="2024-04-03T04:17:05.980751" elapsed="0.000221"/>
</kw>
<kw name="Set Variable" owner="BuiltIn">
<msg time="2024-04-03T04:17:05.981644" level="INFO">${name_country} = DK</msg>
<var>${name_country}</var>
<arg>${json_data["results"][0]["nat"]}</arg>
<doc>Returns the given values which can then be assigned to a variables.</doc>
<status status="PASS" start="2024-04-03T04:17:05.981266" elapsed="0.000403"/>
</kw>
<kw name="Create List" owner="BuiltIn">
<msg time="2024-04-03T04:17:05.982634" level="INFO">${list_country} = ['AD', 'AE', 'AF', 'AG', 'AI', 'AL', 'AM', 'AO', 'AQ', 'AR', 'AS', 'AT', 'AU', 'AW', 'AX', 'AZ', 'BA', 'BB', 'BD', 'BE', 'BF', 'BG', 'BH', 'BI', 'BJ', 'BL', 'BM', 'BN', 'BO', 'BQ', 'BR', 'BS', 'BT', '...</msg>
<var>${list_country}</var>
<arg>AD</arg>
<arg>AE</arg>
<arg>AF</arg>
<arg>AG</arg>
<arg>AI</arg>
<arg>AL</arg>
<arg>AM</arg>
<arg>AO</arg>
<arg>AQ</arg>
<arg>AR</arg>
<arg>AS</arg>
<arg>AT</arg>
<arg>AU</arg>
<arg>AW</arg>
<arg>AX</arg>
<arg>AZ</arg>
<arg>BA</arg>
<arg>BB</arg>
<arg>BD</arg>
<arg>BE</arg>
<arg>BF</arg>
<arg>BG</arg>
<arg>BH</arg>
<arg>BI</arg>
<arg>BJ</arg>
<arg>BL</arg>
<arg>BM</arg>
<arg>BN</arg>
<arg>BO</arg>
<arg>BQ</arg>
<arg>BR</arg>
<arg>BS</arg>
<arg>BT</arg>
<arg>BV</arg>
<arg>BW</arg>
<arg>BY</arg>
<arg>BZ</arg>
<arg>CA</arg>
<arg>CC</arg>
<arg>CD</arg>
<arg>CF</arg>
<arg>CG</arg>
<arg>CH</arg>
<arg>CI</arg>
<arg>CK</arg>
<arg>CL</arg>
<arg>CM</arg>
<arg>CN</arg>
<arg>CO</arg>
<arg>CR</arg>
<arg>CU</arg>
<arg>CV</arg>
<arg>CW</arg>
<arg>CX</arg>
<arg>CY</arg>
<arg>CZ</arg>
<arg>DE</arg>
<arg>DJ</arg>
<arg>DK</arg>
<arg>DM</arg>
<arg>DO</arg>
<arg>DZ</arg>
<arg>EC</arg>
<arg>EE</arg>
<arg>EG</arg>
<arg>EH</arg>
<arg>ER</arg>
<arg>ES</arg>
<arg>ET</arg>
<arg>FI</arg>
<arg>FJ</arg>
<arg>FK</arg>
<arg>FM</arg>
<arg>FO</arg>
<arg>FR</arg>
<arg>GA</arg>
<arg>GB</arg>
<arg>GD</arg>
<arg>GE</arg>
<arg>GF</arg>
<arg>GG</arg>
<arg>GH</arg>
<arg>GI</arg>
<arg>GL</arg>
<arg>GM</arg>
<arg>GN</arg>
<arg>GP</arg>
<arg>GQ</arg>
<arg>GR</arg>
<arg>GS</arg>
<arg>GT</arg>
<arg>GU</arg>
<arg>GW</arg>
<arg>GY</arg>
<arg>HK</arg>
<arg>HM</arg>
<arg>HN</arg>
<arg>HR</arg>
<arg>HT</arg>
<arg>HU</arg>
<arg>ID</arg>
<arg>IE</arg>
<arg>IL</arg>
<arg>IM</arg>
<arg>IN</arg>
<arg>IO</arg>
<arg>IQ</arg>
<arg>IR</arg>
<arg>IS</arg>
<arg>IT</arg>
<arg>JE</arg>
<arg>JM</arg>
<arg>JO</arg>
<arg>JP</arg>
<arg>KE</arg>
<arg>KG</arg>
<arg>KH</arg>
<arg>KI</arg>
<arg>KM</arg>
<arg>KN</arg>
<arg>KP</arg>
<arg>KR</arg>
<arg>KW</arg>
<arg>KY</arg>
<arg>KZ</arg>
<arg>LA</arg>
<arg>LB</arg>
<arg>LC</arg>
<arg>LI</arg>
<arg>LK</arg>
<arg>LR</arg>
<arg>LS</arg>
<arg>LT</arg>
<arg>LU</arg>
<arg>LV</arg>
<arg>LY</arg>
<arg>MA</arg>
<arg>MC</arg>
<arg>MD</arg>
<arg>ME</arg>
<arg>MF</arg>
<arg>MG</arg>
<arg>MH</arg>
<arg>MK</arg>
<arg>ML</arg>
<arg>MM</arg>
<arg>MN</arg>
<arg>MO</arg>
<arg>MP</arg>
<arg>MQ</arg>
<arg>MR</arg>
<arg>MS</arg>
<arg>MT</arg>
<arg>MU</arg>
<arg>MV</arg>
<arg>MW</arg>
<arg>MX</arg>
<arg>MY</arg>
<arg>MZ</arg>
<arg>NA</arg>
<arg>NC</arg>
<arg>NE</arg>
<arg>NF</arg>
<arg>NG</arg>
<arg>NI</arg>
<arg>NL</arg>
<arg>NO</arg>
<arg>NP</arg>
<arg>NR</arg>
<arg>NU</arg>
<arg>NZ</arg>
<arg>OM</arg>
<arg>PA</arg>
<arg>PE</arg>
<arg>PF</arg>
<arg>PG</arg>
<arg>PH</arg>
<arg>PK</arg>
<arg>PL</arg>
<arg>PM</arg>
<arg>PN</arg>
<arg>PR</arg>
<arg>PS</arg>
<arg>PT</arg>
<arg>PW</arg>
<arg>PY</arg>
<arg>QA</arg>
<arg>RE</arg>
<arg>RO</arg>
<arg>RS</arg>
<arg>RU</arg>
<arg>RW</arg>
<arg>SA</arg>
<arg>SB</arg>
<arg>SC</arg>
<arg>SD</arg>
<arg>SE</arg>
<arg>SG</arg>
<arg>SH</arg>
<arg>SI</arg>
<arg>SJ</arg>
<arg>SK</arg>
<arg>SL</arg>
<arg>SM</arg>
<arg>SN</arg>
<arg>SO</arg>
<arg>SR</arg>
<arg>SS</arg>
<arg>ST</arg>
<arg>SV</arg>
<arg>SX</arg>
<arg>SY</arg>
<arg>SZ</arg>
<arg>TC</arg>
<arg>TD</arg>
<arg>TF</arg>
<arg>TG</arg>
<arg>TH</arg>
<arg>TJ</arg>
<arg>TK</arg>
<arg>TL</arg>
<arg>TM</arg>
<arg>TN</arg>
<arg>TO</arg>
<arg>TR</arg>
<arg>TT</arg>
<arg>TV</arg>
<arg>TW</arg>
<arg>TZ</arg>
<arg>UA</arg>
<arg>UG</arg>
<arg>UM</arg>
<arg>US</arg>
<arg>UY</arg>
<arg>UZ</arg>
<arg>VA</arg>
<arg>VC</arg>
<arg>VE</arg>
<arg>VG</arg>
<arg>VI</arg>
<arg>VN</arg>
<arg>VU</arg>
<arg>WF</arg>
<arg>WS</arg>
<arg>XK</arg>
<arg>YE</arg>
<arg>YT</arg>
<arg>ZA</arg>
<arg>ZM</arg>
<arg>ZW</arg>
<doc>Returns a list containing given items.</doc>
<status status="PASS" start="2024-04-03T04:17:05.982022" elapsed="0.000638"/>
</kw>
<kw name="List Should Contain Value" owner="Collections">
<msg time="2024-04-03T04:17:05.983784" level="INFO">False</msg>
<arg>${list_country}</arg>
<arg>${name_country}</arg>
<doc>Fails if the ``value`` is not found from ``list``.</doc>
<status status="PASS" start="2024-04-03T04:17:05.983575" elapsed="0.000248"/>
</kw>
<kw name="Run Keyword If" owner="BuiltIn">
<kw name="Should Be True" owner="BuiltIn">
<arg>${True}</arg>
<doc>Fails if the given condition is not true.</doc>
<status status="PASS" start="2024-04-03T04:17:05.984911" elapsed="0.000148"/>
</kw>
<arg>${json_data["results"][0]["location"]["coordinates"]["latitude"]} &gt;= -90 and ${json_data["results"][0]["location"]["coordinates"]["latitude"]} &lt;= 90</arg>
<arg>Should Be True</arg>
<arg>${True}</arg>
<doc>Runs the given keyword with the given arguments, if ``condition`` is true.</doc>
<status status="PASS" start="2024-04-03T04:17:05.984142" elapsed="0.001048"/>
</kw>
<kw name="Run Keyword If" owner="BuiltIn">
<kw name="Should Be True" owner="BuiltIn">
<arg>${True}</arg>
<doc>Fails if the given condition is not true.</doc>
<status status="PASS" start="2024-04-03T04:17:05.986126" elapsed="0.000147"/>
</kw>
<arg>${json_data["results"][0]["location"]["coordinates"]["longitude"]} &gt;= -180 and ${json_data["results"][0]["location"]["coordinates"]["longitude"]} &lt;= 180</arg>
<arg>Should Be True</arg>
<arg>${True}</arg>
<doc>Runs the given keyword with the given arguments, if ``condition`` is true.</doc>
<status status="PASS" start="2024-04-03T04:17:05.985377" elapsed="0.001024"/>
</kw>
<status status="PASS" start="2024-04-03T04:17:05.874432" elapsed="0.112101"/>
</kw>
<doc>Testa o conteúdo específico dos campos retornados pela API.</doc>
<tag>testeConteudo</tag>
<status status="PASS" start="2024-04-03T04:17:05.873990" elapsed="0.112695"/>
</test>
<status status="PASS" start="2024-04-03T04:17:04.994604" elapsed="0.994025"/>
</suite>
<status status="PASS" start="2024-04-03T04:17:04.980899" elapsed="1.013209"/>
</suite>
<statistics>
<total>
<stat pass="5" fail="0" skip="0">All Tests</stat>
</total>
<tag>
<stat pass="1" fail="0" skip="0">testeConteudo</stat>
<stat pass="1" fail="0" skip="0">testeEstruturaResposta</stat>
<stat pass="1" fail="0" skip="0">testeRequisicaoBasica</stat>
<stat pass="1" fail="0" skip="0">testeTiposDados</stat>
</tag>
<suite>
<stat pass="5" fail="0" skip="0" id="s1" name="Tests">Tests</stat>
<stat pass="5" fail="0" skip="0" id="s1-s1" name="Random-User-Test">Tests.Random-User-Test</stat>
</suite>
</statistics>
<errors>
</errors>
</robot>
