<?xml version="1.0" encoding="UTF-8"?>
<robot generator="Robot 7.0 (Python 3.12.3 on linux)" generated="2024-05-20T22:13:08.759389" rpa="false" schemaversion="5">
<suite id="s1" name="Tests" source="/home/runner/work/DesafioQAItauRogerioJordao/DesafioQAItauRogerioJordao/RamdonUser/tests">
<suite id="s1-s1" name="Random-User-Test" source="/home/runner/work/DesafioQAItauRogerioJordao/DesafioQAItauRogerioJordao/RamdonUser/tests/random-user-test.robot">
<test id="s1-s1-t1" name="Conectar" line="13">
<kw name="Conectar API" owner="random-user-service">
<kw name="Create Session" owner="RequestsLibrary">
<msg time="2024-05-20T22:13:09.160366" level="INFO">Creating Session using : alias=consultarAPI, url=https://randomuser.me/, headers={},                     cookies={}, auth=None, timeout=None, proxies=None, verify=False,                     debug=0 </msg>
<arg>consultarAPI</arg>
<arg>${URL}</arg>
<doc>Create Session: create a HTTP session to a server</doc>
<status status="PASS" start="2024-05-20T22:13:09.160081" elapsed="0.000569"/>
</kw>
<status status="PASS" start="2024-05-20T22:13:09.158364" elapsed="0.002848"/>
</kw>
<status status="PASS" start="2024-05-20T22:13:09.157567" elapsed="0.003964"/>
</test>
<test id="s1-s1-t2" name="Validar retorno 200 e JSON Válido" line="16">
<kw name="Teste de Requisicao Basica" owner="random-user-service">
<kw name="GET On Session" owner="RequestsLibrary">
<msg time="2024-05-20T22:13:09.401929" level="INFO">GET Request : url=https://randomuser.me/api 
 path_url=/api 
 headers={'User-Agent': 'python-requests/2.32.1', 'Accept-Encoding': 'gzip, deflate', 'Accept': '*/*', 'Connection': 'keep-alive'} 
 body=None 
 </msg>
<msg time="2024-05-20T22:13:09.402082" level="INFO">GET Response : url=https://randomuser.me/api 
 status=200, reason=OK 
 headers={'Date': 'Mon, 20 May 2024 22:13:09 GMT', 'Content-Type': 'application/json; charset=utf-8', 'Transfer-Encoding': 'chunked', 'Connection': 'keep-alive', 'X-Powered-By': 'Express', 'Access-Control-Allow-Origin': '*', 'Cache-Control': 'no-cache', 'ETag': 'W/"47a-7RwLEvKbkBaN7eue4vRan+3STUg"', 'Vary': 'Accept-Encoding', 'Content-Encoding': 'gzip', 'CF-Cache-Status': 'DYNAMIC', 'Report-To': '{"endpoints":[{"url":"https:\\/\\/a.nel.cloudflare.com\\/report\\/v4?s=ZJtUt9NQ8xoSRHUUS0egVxErOxA4KiSDLdZwyLXIVaoUPqN1n%2BSx85150gq2STf%2BYBBInE%2FqJydnALpIMexfYrTnDj59bwhDUfZ1qKkFi4b1wiVaKYaczYYEFwrWar%2FM"}],"group":"cf-nel","max_age":604800}', 'NEL': '{"success_fraction":0,"report_to":"cf-nel","max_age":604800}', 'Server': 'cloudflare', 'CF-RAY': '886fac1d79aa5943-IAD', 'alt-svc': 'h3=":443"; ma=86400'} 
 body={"results":[{"gender":"female","name":{"title":"Ms","first":"Luz","last":"Moya"},"location":{"street":{"number":8481,"name":"Paseo de Extremadura"},"city":"Madrid","state":"Castilla y León","country":"Spain","postcode":58269,"coordinates":{"latitude":"-34.3106","longitude":"146.6976"},"timezone":{"offset":"+5:45","description":"Kathmandu"}},"email":"luz.moya@example.com","login":{"uuid":"99fcde85-86ab-491f-a0bf-e46fca673f33","username":"whitetiger380","password":"pimpdadd","salt":"yOSLe75d","md5":"ac9456eed524d79cea633ac690b9bcb2","sha1":"220d2445ca0f95b8e3bd2891e43daf0f53aa686b","sha256":"0b63e0d00569d43f9d3ce3932838939f96a20532a2cb33eb598054c83dc34d19"},"dob":{"date":"1967-02-03T17:46:57.059Z","age":57},"registered":{"date":"2021-06-01T11:22:09.953Z","age":2},"phone":"963-429-219","cell":"605-721-782","id":{"name":"DNI","value":"13731304-I"},"picture":{"large":"https://randomuser.me/api/portraits/women/76.jpg","medium":"https://randomuser.me/api/portraits/med/women/76.jpg","thumbnail":"https://randomuser.me/api/portraits/thumb/women/76.jpg"},"nat":"ES"}],"info":{"seed":"e615b069db8d8e42","results":1,"page":1,"version":"1.4"}} 
 </msg>
<msg time="2024-05-20T22:13:09.402169" level="INFO">/opt/hostedtoolcache/Python/3.12.3/x64/lib/python3.12/site-packages/urllib3/connectionpool.py:1103: InsecureRequestWarning: Unverified HTTPS request is being made to host 'randomuser.me'. Adding certificate verification is strongly advised. See: https://urllib3.readthedocs.io/en/latest/advanced-usage.html#tls-warnings
  warnings.warn(</msg>
<msg time="2024-05-20T22:13:09.402335" level="INFO">${response} = &lt;Response [200]&gt;</msg>
<var>${response}</var>
<arg>consultarAPI</arg>
<arg>/api</arg>
<doc>Sends a GET request on a previously created HTTP Session.</doc>
<status status="PASS" start="2024-05-20T22:13:09.165942" elapsed="0.236428"/>
</kw>
<kw name="Should Be Equal As Numbers" owner="BuiltIn">
<msg time="2024-05-20T22:13:09.403364" level="INFO">Argument types are:
&lt;class 'int'&gt;
&lt;class 'str'&gt;</msg>
<arg>${response.status_code}</arg>
<arg>200</arg>
<doc>Fails if objects are unequal after converting them to real numbers.</doc>
<status status="PASS" start="2024-05-20T22:13:09.402894" elapsed="0.000537"/>
</kw>
<kw name="Log" owner="BuiltIn">
<msg time="2024-05-20T22:13:09.404138" level="INFO">200</msg>
<arg>${response.status_code}</arg>
<doc>Logs the given message with the given level.</doc>
<status status="PASS" start="2024-05-20T22:13:09.403767" elapsed="0.000419"/>
</kw>
<kw name="Set Variable" owner="BuiltIn">
<msg time="2024-05-20T22:13:09.404940" level="INFO">${json_data} = {'results': [{'gender': 'female', 'name': {'title': 'Ms', 'first': 'Luz', 'last': 'Moya'}, 'location': {'street': {'number': 8481, 'name': 'Paseo de Extremadura'}, 'city': 'Madrid', 'state': 'Castilla...</msg>
<var>${json_data}</var>
<arg>${response.json()}</arg>
<doc>Returns the given values which can then be assigned to a variables.</doc>
<status status="PASS" start="2024-05-20T22:13:09.404496" elapsed="0.000473"/>
</kw>
<kw name="Dictionary Should Contain Key" owner="Collections">
<msg time="2024-05-20T22:13:09.405481" level="INFO">False</msg>
<arg>${json_data}</arg>
<arg>results</arg>
<doc>Fails if ``key`` is not found from ``dictionary``.</doc>
<status status="PASS" start="2024-05-20T22:13:09.405310" elapsed="0.000210"/>
</kw>
<status status="PASS" start="2024-05-20T22:13:09.165544" elapsed="0.240237"/>
</kw>
<doc>Testa se a API responde corretamente e retorna um objeto JSON válido.</doc>
<tag>testeRequisicaoBasica</tag>
<status status="PASS" start="2024-05-20T22:13:09.164847" elapsed="0.241124"/>
</test>
<test id="s1-s1-t3" name="Validar estrutura de resposta" line="22">
<kw name="Teste de Estrutura de Resposta" owner="random-user-service">
<kw name="GET On Session" owner="RequestsLibrary">
<msg time="2024-05-20T22:13:09.552990" level="INFO">GET Request : url=https://randomuser.me/api 
 path_url=/api 
 headers={'User-Agent': 'python-requests/2.32.1', 'Accept-Encoding': 'gzip, deflate', 'Accept': '*/*', 'Connection': 'keep-alive'} 
 body=None 
 </msg>
<msg time="2024-05-20T22:13:09.553133" level="INFO">GET Response : url=https://randomuser.me/api 
 status=200, reason=OK 
 headers={'Date': 'Mon, 20 May 2024 22:13:09 GMT', 'Content-Type': 'application/json; charset=utf-8', 'Transfer-Encoding': 'chunked', 'Connection': 'keep-alive', 'X-Powered-By': 'Express', 'Access-Control-Allow-Origin': '*', 'Cache-Control': 'no-cache', 'ETag': 'W/"491-ybIGT6SlagikNZCEudYHHfdN7pM"', 'Vary': 'Accept-Encoding', 'Content-Encoding': 'gzip', 'CF-Cache-Status': 'DYNAMIC', 'Report-To': '{"endpoints":[{"url":"https:\\/\\/a.nel.cloudflare.com\\/report\\/v4?s=neZi0bZK3duznobCHbfjDpSg2Tjc3n4v5ryxWL3stbXy8XmDhjumCmvpSrJf1yt%2BZU8v6pZKPNZA0Rf91QbWUua3zwkNt%2B9doBMFrHMHhljhWJMrvqXoFZsl49ZXV9pR"}],"group":"cf-nel","max_age":604800}', 'NEL': '{"success_fraction":0,"report_to":"cf-nel","max_age":604800}', 'Server': 'cloudflare', 'CF-RAY': '886fac1dc9fa5943-IAD', 'alt-svc': 'h3=":443"; ma=86400'} 
 body={"results":[{"gender":"female","name":{"title":"Mrs","first":"آوینا","last":"یاسمی"},"location":{"street":{"number":3542,"name":"جلال آل احمد"},"city":"نیشابور","state":"همدان","country":"Iran","postcode":32204,"coordinates":{"latitude":"16.7763","longitude":"43.9703"},"timezone":{"offset":"+2:00","description":"Kaliningrad, South Africa"}},"email":"awyn.ysmy@example.com","login":{"uuid":"1f7852cb-396f-4a55-a75e-d8f677ae97e5","username":"tinysnake564","password":"duchess","salt":"MA8NxwjC","md5":"864adeefd327709890fe4a0b0d5067c0","sha1":"b3cbf8d42b785bcc7c94b2698e057840bff2ed4b","sha256":"eaef878352bde3751d592ddecfe43cc9e54ab5724b74a63cfbbaf1894cc186ce"},"dob":{"date":"1999-05-19T18:05:51.391Z","age":25},"registered":{"date":"2010-07-03T23:10:12.667Z","age":13},"phone":"046-96493241","cell":"0924-224-5049","id":{"name":"","value":null},"picture":{"large":"https://randomuser.me/api/portraits/women/48.jpg","medium":"https://randomuser.me/api/portraits/med/women/48.jpg","thumbnail":"https://randomuser.me/api/portraits/thumb/women/48.jpg"},"nat":"IR"}],"info":{"seed":"2efba496ca12f178","results":1,"page":1,"version":"1.4"}} 
 </msg>
<msg time="2024-05-20T22:13:09.553277" level="INFO">/opt/hostedtoolcache/Python/3.12.3/x64/lib/python3.12/site-packages/urllib3/connectionpool.py:1103: InsecureRequestWarning: Unverified HTTPS request is being made to host 'randomuser.me'. Adding certificate verification is strongly advised. See: https://urllib3.readthedocs.io/en/latest/advanced-usage.html#tls-warnings
  warnings.warn(</msg>
<msg time="2024-05-20T22:13:09.553428" level="INFO">${response} = &lt;Response [200]&gt;</msg>
<var>${response}</var>
<arg>consultarAPI</arg>
<arg>/api</arg>
<doc>Sends a GET request on a previously created HTTP Session.</doc>
<status status="PASS" start="2024-05-20T22:13:09.408676" elapsed="0.144788"/>
</kw>
<kw name="Set Variable" owner="BuiltIn">
<msg time="2024-05-20T22:13:09.554487" level="INFO">${json_data} = {'results': [{'gender': 'female', 'name': {'title': 'Mrs', 'first': 'آوینا', 'last': 'یاسمی'}, 'location': {'street': {'number': 3542, 'name': 'جلال آل احمد'}, 'city': 'نیشابور', 'state': 'همدان', 'co...</msg>
<var>${json_data}</var>
<arg>${response.json()}</arg>
<doc>Returns the given values which can then be assigned to a variables.</doc>
<status status="PASS" start="2024-05-20T22:13:09.553958" elapsed="0.000562"/>
</kw>
<kw name="Log" owner="BuiltIn">
<msg time="2024-05-20T22:13:09.554994" level="INFO">{'results': [{'gender': 'female', 'name': {'title': 'Mrs', 'first': 'آوینا', 'last': 'یاسمی'}, 'location': {'street': {'number': 3542, 'name': 'جلال آل احمد'}, 'city': 'نیشابور', 'state': 'همدان', 'country': 'Iran', 'postcode': 32204, 'coordinates': {'latitude': '16.7763', 'longitude': '43.9703'}, 'timezone': {'offset': '+2:00', 'description': 'Kaliningrad, South Africa'}}, 'email': 'awyn.ysmy@example.com', 'login': {'uuid': '1f7852cb-396f-4a55-a75e-d8f677ae97e5', 'username': 'tinysnake564', 'password': 'duchess', 'salt': 'MA8NxwjC', 'md5': '864adeefd327709890fe4a0b0d5067c0', 'sha1': 'b3cbf8d42b785bcc7c94b2698e057840bff2ed4b', 'sha256': 'eaef878352bde3751d592ddecfe43cc9e54ab5724b74a63cfbbaf1894cc186ce'}, 'dob': {'date': '1999-05-19T18:05:51.391Z', 'age': 25}, 'registered': {'date': '2010-07-03T23:10:12.667Z', 'age': 13}, 'phone': '046-96493241', 'cell': '0924-224-5049', 'id': {'name': '', 'value': None}, 'picture': {'large': 'https://randomuser.me/api/portraits/women/48.jpg', 'medium': 'https://randomuser.me/api/portraits/med/women/48.jpg', 'thumbnail': 'https://randomuser.me/api/portraits/thumb/women/48.jpg'}, 'nat': 'IR'}], 'info': {'seed': '2efba496ca12f178', 'results': 1, 'page': 1, 'version': '1.4'}}</msg>
<arg>${json_data}</arg>
<doc>Logs the given message with the given level.</doc>
<status status="PASS" start="2024-05-20T22:13:09.554830" elapsed="0.000219"/>
</kw>
<kw name="Dictionary Should Contain Key" owner="Collections">
<msg time="2024-05-20T22:13:09.555507" level="INFO">False</msg>
<arg>${json_data}</arg>
<arg>results</arg>
<doc>Fails if ``key`` is not found from ``dictionary``.</doc>
<status status="PASS" start="2024-05-20T22:13:09.555350" elapsed="0.000193"/>
</kw>
<kw name="Should Not Be Empty" owner="BuiltIn">
<msg time="2024-05-20T22:13:09.555967" level="INFO">Length is 2.</msg>
<arg>${json_data}</arg>
<doc>Verifies that the given item is not empty.</doc>
<status status="PASS" start="2024-05-20T22:13:09.555832" elapsed="0.000172"/>
</kw>
<kw name="Create List" owner="BuiltIn">
<msg time="2024-05-20T22:13:09.556604" level="INFO">${expected_keys} = ['gender', 'name', 'location', 'email', 'login']</msg>
<var>${expected_keys}</var>
<arg>gender</arg>
<arg>name</arg>
<arg>location</arg>
<arg>email</arg>
<arg>login</arg>
<doc>Returns a list containing given items.</doc>
<status status="PASS" start="2024-05-20T22:13:09.556293" elapsed="0.000336"/>
</kw>
<for flavor="IN">
<iter>
<kw name="Dictionary Should Contain Key" owner="Collections">
<msg time="2024-05-20T22:13:09.557660" level="INFO">False</msg>
<arg>${json_data['results'][0]}</arg>
<arg>${key}</arg>
<doc>Fails if ``key`` is not found from ``dictionary``.</doc>
<status status="PASS" start="2024-05-20T22:13:09.557247" elapsed="0.000451"/>
</kw>
<kw name="Log" owner="BuiltIn">
<msg time="2024-05-20T22:13:09.558369" level="INFO">{'gender': 'female', 'name': {'title': 'Mrs', 'first': 'آوینا', 'last': 'یاسمی'}, 'location': {'street': {'number': 3542, 'name': 'جلال آل احمد'}, 'city': 'نیشابور', 'state': 'همدان', 'country': 'Iran', 'postcode': 32204, 'coordinates': {'latitude': '16.7763', 'longitude': '43.9703'}, 'timezone': {'offset': '+2:00', 'description': 'Kaliningrad, South Africa'}}, 'email': 'awyn.ysmy@example.com', 'login': {'uuid': '1f7852cb-396f-4a55-a75e-d8f677ae97e5', 'username': 'tinysnake564', 'password': 'duchess', 'salt': 'MA8NxwjC', 'md5': '864adeefd327709890fe4a0b0d5067c0', 'sha1': 'b3cbf8d42b785bcc7c94b2698e057840bff2ed4b', 'sha256': 'eaef878352bde3751d592ddecfe43cc9e54ab5724b74a63cfbbaf1894cc186ce'}, 'dob': {'date': '1999-05-19T18:05:51.391Z', 'age': 25}, 'registered': {'date': '2010-07-03T23:10:12.667Z', 'age': 13}, 'phone': '046-96493241', 'cell': '0924-224-5049', 'id': {'name': '', 'value': None}, 'picture': {'large': 'https://randomuser.me/api/portraits/women/48.jpg', 'medium': 'https://randomuser.me/api/portraits/med/women/48.jpg', 'thumbnail': 'https://randomuser.me/api/portraits/thumb/women/48.jpg'}, 'nat': 'IR'}</msg>
<arg>${json_data['results'][0]}</arg>
<doc>Logs the given message with the given level.</doc>
<status status="PASS" start="2024-05-20T22:13:09.557997" elapsed="0.000424"/>
</kw>
<kw name="Log" owner="BuiltIn">
<msg time="2024-05-20T22:13:09.558856" level="INFO">gender</msg>
<arg>${key}</arg>
<doc>Logs the given message with the given level.</doc>
<status status="PASS" start="2024-05-20T22:13:09.558719" elapsed="0.000174"/>
</kw>
<var name="${key}">gender</var>
<status status="PASS" start="2024-05-20T22:13:09.557111" elapsed="0.001993"/>
</iter>
<iter>
<kw name="Dictionary Should Contain Key" owner="Collections">
<msg time="2024-05-20T22:13:09.559783" level="INFO">False</msg>
<arg>${json_data['results'][0]}</arg>
<arg>${key}</arg>
<doc>Fails if ``key`` is not found from ``dictionary``.</doc>
<status status="PASS" start="2024-05-20T22:13:09.559402" elapsed="0.000417"/>
</kw>
<kw name="Log" owner="BuiltIn">
<msg time="2024-05-20T22:13:09.560513" level="INFO">{'gender': 'female', 'name': {'title': 'Mrs', 'first': 'آوینا', 'last': 'یاسمی'}, 'location': {'street': {'number': 3542, 'name': 'جلال آل احمد'}, 'city': 'نیشابور', 'state': 'همدان', 'country': 'Iran', 'postcode': 32204, 'coordinates': {'latitude': '16.7763', 'longitude': '43.9703'}, 'timezone': {'offset': '+2:00', 'description': 'Kaliningrad, South Africa'}}, 'email': 'awyn.ysmy@example.com', 'login': {'uuid': '1f7852cb-396f-4a55-a75e-d8f677ae97e5', 'username': 'tinysnake564', 'password': 'duchess', 'salt': 'MA8NxwjC', 'md5': '864adeefd327709890fe4a0b0d5067c0', 'sha1': 'b3cbf8d42b785bcc7c94b2698e057840bff2ed4b', 'sha256': 'eaef878352bde3751d592ddecfe43cc9e54ab5724b74a63cfbbaf1894cc186ce'}, 'dob': {'date': '1999-05-19T18:05:51.391Z', 'age': 25}, 'registered': {'date': '2010-07-03T23:10:12.667Z', 'age': 13}, 'phone': '046-96493241', 'cell': '0924-224-5049', 'id': {'name': '', 'value': None}, 'picture': {'large': 'https://randomuser.me/api/portraits/women/48.jpg', 'medium': 'https://randomuser.me/api/portraits/med/women/48.jpg', 'thumbnail': 'https://randomuser.me/api/portraits/thumb/women/48.jpg'}, 'nat': 'IR'}</msg>
<arg>${json_data['results'][0]}</arg>
<doc>Logs the given message with the given level.</doc>
<status status="PASS" start="2024-05-20T22:13:09.560145" elapsed="0.000419"/>
</kw>
<kw name="Log" owner="BuiltIn">
<msg time="2024-05-20T22:13:09.560992" level="INFO">name</msg>
<arg>${key}</arg>
<doc>Logs the given message with the given level.</doc>
<status status="PASS" start="2024-05-20T22:13:09.560864" elapsed="0.000165"/>
</kw>
<var name="${key}">name</var>
<status status="PASS" start="2024-05-20T22:13:09.559287" elapsed="0.002000"/>
</iter>
<iter>
<kw name="Dictionary Should Contain Key" owner="Collections">
<msg time="2024-05-20T22:13:09.561963" level="INFO">False</msg>
<arg>${json_data['results'][0]}</arg>
<arg>${key}</arg>
<doc>Fails if ``key`` is not found from ``dictionary``.</doc>
<status status="PASS" start="2024-05-20T22:13:09.561581" elapsed="0.000419"/>
</kw>
<kw name="Log" owner="BuiltIn">
<msg time="2024-05-20T22:13:09.562665" level="INFO">{'gender': 'female', 'name': {'title': 'Mrs', 'first': 'آوینا', 'last': 'یاسمی'}, 'location': {'street': {'number': 3542, 'name': 'جلال آل احمد'}, 'city': 'نیشابور', 'state': 'همدان', 'country': 'Iran', 'postcode': 32204, 'coordinates': {'latitude': '16.7763', 'longitude': '43.9703'}, 'timezone': {'offset': '+2:00', 'description': 'Kaliningrad, South Africa'}}, 'email': 'awyn.ysmy@example.com', 'login': {'uuid': '1f7852cb-396f-4a55-a75e-d8f677ae97e5', 'username': 'tinysnake564', 'password': 'duchess', 'salt': 'MA8NxwjC', 'md5': '864adeefd327709890fe4a0b0d5067c0', 'sha1': 'b3cbf8d42b785bcc7c94b2698e057840bff2ed4b', 'sha256': 'eaef878352bde3751d592ddecfe43cc9e54ab5724b74a63cfbbaf1894cc186ce'}, 'dob': {'date': '1999-05-19T18:05:51.391Z', 'age': 25}, 'registered': {'date': '2010-07-03T23:10:12.667Z', 'age': 13}, 'phone': '046-96493241', 'cell': '0924-224-5049', 'id': {'name': '', 'value': None}, 'picture': {'large': 'https://randomuser.me/api/portraits/women/48.jpg', 'medium': 'https://randomuser.me/api/portraits/med/women/48.jpg', 'thumbnail': 'https://randomuser.me/api/portraits/thumb/women/48.jpg'}, 'nat': 'IR'}</msg>
<arg>${json_data['results'][0]}</arg>
<doc>Logs the given message with the given level.</doc>
<status status="PASS" start="2024-05-20T22:13:09.562303" elapsed="0.000413"/>
</kw>
<kw name="Log" owner="BuiltIn">
<msg time="2024-05-20T22:13:09.563138" level="INFO">location</msg>
<arg>${key}</arg>
<doc>Logs the given message with the given level.</doc>
<status status="PASS" start="2024-05-20T22:13:09.563014" elapsed="0.000160"/>
</kw>
<var name="${key}">location</var>
<status status="PASS" start="2024-05-20T22:13:09.561468" elapsed="0.001918"/>
</iter>
<iter>
<kw name="Dictionary Should Contain Key" owner="Collections">
<msg time="2024-05-20T22:13:09.564053" level="INFO">False</msg>
<arg>${json_data['results'][0]}</arg>
<arg>${key}</arg>
<doc>Fails if ``key`` is not found from ``dictionary``.</doc>
<status status="PASS" start="2024-05-20T22:13:09.563668" elapsed="0.000422"/>
</kw>
<kw name="Log" owner="BuiltIn">
<msg time="2024-05-20T22:13:09.564766" level="INFO">{'gender': 'female', 'name': {'title': 'Mrs', 'first': 'آوینا', 'last': 'یاسمی'}, 'location': {'street': {'number': 3542, 'name': 'جلال آل احمد'}, 'city': 'نیشابور', 'state': 'همدان', 'country': 'Iran', 'postcode': 32204, 'coordinates': {'latitude': '16.7763', 'longitude': '43.9703'}, 'timezone': {'offset': '+2:00', 'description': 'Kaliningrad, South Africa'}}, 'email': 'awyn.ysmy@example.com', 'login': {'uuid': '1f7852cb-396f-4a55-a75e-d8f677ae97e5', 'username': 'tinysnake564', 'password': 'duchess', 'salt': 'MA8NxwjC', 'md5': '864adeefd327709890fe4a0b0d5067c0', 'sha1': 'b3cbf8d42b785bcc7c94b2698e057840bff2ed4b', 'sha256': 'eaef878352bde3751d592ddecfe43cc9e54ab5724b74a63cfbbaf1894cc186ce'}, 'dob': {'date': '1999-05-19T18:05:51.391Z', 'age': 25}, 'registered': {'date': '2010-07-03T23:10:12.667Z', 'age': 13}, 'phone': '046-96493241', 'cell': '0924-224-5049', 'id': {'name': '', 'value': None}, 'picture': {'large': 'https://randomuser.me/api/portraits/women/48.jpg', 'medium': 'https://randomuser.me/api/portraits/med/women/48.jpg', 'thumbnail': 'https://randomuser.me/api/portraits/thumb/women/48.jpg'}, 'nat': 'IR'}</msg>
<arg>${json_data['results'][0]}</arg>
<doc>Logs the given message with the given level.</doc>
<status status="PASS" start="2024-05-20T22:13:09.564393" elapsed="0.000424"/>
</kw>
<kw name="Log" owner="BuiltIn">
<msg time="2024-05-20T22:13:09.565284" level="INFO">email</msg>
<arg>${key}</arg>
<doc>Logs the given message with the given level.</doc>
<status status="PASS" start="2024-05-20T22:13:09.565148" elapsed="0.000179"/>
</kw>
<var name="${key}">email</var>
<status status="PASS" start="2024-05-20T22:13:09.563558" elapsed="0.001992"/>
</iter>
<iter>
<kw name="Dictionary Should Contain Key" owner="Collections">
<msg time="2024-05-20T22:13:09.566217" level="INFO">False</msg>
<arg>${json_data['results'][0]}</arg>
<arg>${key}</arg>
<doc>Fails if ``key`` is not found from ``dictionary``.</doc>
<status status="PASS" start="2024-05-20T22:13:09.565837" elapsed="0.000417"/>
</kw>
<kw name="Log" owner="BuiltIn">
<msg time="2024-05-20T22:13:09.566911" level="INFO">{'gender': 'female', 'name': {'title': 'Mrs', 'first': 'آوینا', 'last': 'یاسمی'}, 'location': {'street': {'number': 3542, 'name': 'جلال آل احمد'}, 'city': 'نیشابور', 'state': 'همدان', 'country': 'Iran', 'postcode': 32204, 'coordinates': {'latitude': '16.7763', 'longitude': '43.9703'}, 'timezone': {'offset': '+2:00', 'description': 'Kaliningrad, South Africa'}}, 'email': 'awyn.ysmy@example.com', 'login': {'uuid': '1f7852cb-396f-4a55-a75e-d8f677ae97e5', 'username': 'tinysnake564', 'password': 'duchess', 'salt': 'MA8NxwjC', 'md5': '864adeefd327709890fe4a0b0d5067c0', 'sha1': 'b3cbf8d42b785bcc7c94b2698e057840bff2ed4b', 'sha256': 'eaef878352bde3751d592ddecfe43cc9e54ab5724b74a63cfbbaf1894cc186ce'}, 'dob': {'date': '1999-05-19T18:05:51.391Z', 'age': 25}, 'registered': {'date': '2010-07-03T23:10:12.667Z', 'age': 13}, 'phone': '046-96493241', 'cell': '0924-224-5049', 'id': {'name': '', 'value': None}, 'picture': {'large': 'https://randomuser.me/api/portraits/women/48.jpg', 'medium': 'https://randomuser.me/api/portraits/med/women/48.jpg', 'thumbnail': 'https://randomuser.me/api/portraits/thumb/women/48.jpg'}, 'nat': 'IR'}</msg>
<arg>${json_data['results'][0]}</arg>
<doc>Logs the given message with the given level.</doc>
<status status="PASS" start="2024-05-20T22:13:09.566546" elapsed="0.000416"/>
</kw>
<kw name="Log" owner="BuiltIn">
<msg time="2024-05-20T22:13:09.567383" level="INFO">login</msg>
<arg>${key}</arg>
<doc>Logs the given message with the given level.</doc>
<status status="PASS" start="2024-05-20T22:13:09.567257" elapsed="0.000163"/>
</kw>
<var name="${key}">login</var>
<status status="PASS" start="2024-05-20T22:13:09.565724" elapsed="0.001942"/>
</iter>
<var>${key}</var>
<value>@{expected_keys}</value>
<status status="PASS" start="2024-05-20T22:13:09.556894" elapsed="0.010898"/>
</for>
<kw name="Create List" owner="BuiltIn">
<msg time="2024-05-20T22:13:09.568128" level="INFO">${expected_keysTwo} = ['username', 'password']</msg>
<var>${expected_keysTwo}</var>
<arg>username</arg>
<arg>password</arg>
<doc>Returns a list containing given items.</doc>
<status status="PASS" start="2024-05-20T22:13:09.567984" elapsed="0.000168"/>
</kw>
<for flavor="IN">
<iter>
<kw name="Dictionary Should Contain Key" owner="Collections">
<msg time="2024-05-20T22:13:09.569069" level="INFO">False</msg>
<arg>${json_data['results'][0]['login']}</arg>
<arg>${keyTwo}</arg>
<doc>Fails if ``key`` is not found from ``dictionary``.</doc>
<status status="PASS" start="2024-05-20T22:13:09.568669" elapsed="0.000458"/>
</kw>
<kw name="Dictionary Should Contain Key" owner="Collections">
<msg time="2024-05-20T22:13:09.569797" level="INFO">False</msg>
<arg>${json_data['results'][0]['login']}</arg>
<arg>${keyTwo}</arg>
<doc>Fails if ``key`` is not found from ``dictionary``.</doc>
<status status="PASS" start="2024-05-20T22:13:09.569423" elapsed="0.000410"/>
</kw>
<kw name="Log" owner="BuiltIn">
<msg time="2024-05-20T22:13:09.570254" level="INFO">username</msg>
<arg>${keyTwo}</arg>
<doc>Logs the given message with the given level.</doc>
<status status="PASS" start="2024-05-20T22:13:09.570128" elapsed="0.000163"/>
</kw>
<var name="${keyTwo}">username</var>
<status status="PASS" start="2024-05-20T22:13:09.568560" elapsed="0.001941"/>
</iter>
<iter>
<kw name="Dictionary Should Contain Key" owner="Collections">
<msg time="2024-05-20T22:13:09.571155" level="INFO">False</msg>
<arg>${json_data['results'][0]['login']}</arg>
<arg>${keyTwo}</arg>
<doc>Fails if ``key`` is not found from ``dictionary``.</doc>
<status status="PASS" start="2024-05-20T22:13:09.570778" elapsed="0.000413"/>
</kw>
<kw name="Dictionary Should Contain Key" owner="Collections">
<msg time="2024-05-20T22:13:09.571952" level="INFO">False</msg>
<arg>${json_data['results'][0]['login']}</arg>
<arg>${keyTwo}</arg>
<doc>Fails if ``key`` is not found from ``dictionary``.</doc>
<status status="PASS" start="2024-05-20T22:13:09.571482" elapsed="0.000506"/>
</kw>
<kw name="Log" owner="BuiltIn">
<msg time="2024-05-20T22:13:09.572423" level="INFO">password</msg>
<arg>${keyTwo}</arg>
<doc>Logs the given message with the given level.</doc>
<status status="PASS" start="2024-05-20T22:13:09.572296" elapsed="0.000174"/>
</kw>
<var name="${keyTwo}">password</var>
<status status="PASS" start="2024-05-20T22:13:09.570671" elapsed="0.002013"/>
</iter>
<var>${keyTwo}</var>
<value>@{expected_keysTwo}</value>
<status status="PASS" start="2024-05-20T22:13:09.568410" elapsed="0.004402"/>
</for>
<status status="PASS" start="2024-05-20T22:13:09.408437" elapsed="0.164515"/>
</kw>
<doc>Testa a estrutura da resposta da API.</doc>
<tag>testeEstruturaResposta</tag>
<status status="PASS" start="2024-05-20T22:13:09.407854" elapsed="0.165289"/>
</test>
<test id="s1-s1-t4" name="Validar tipos de dados" line="28">
<kw name="Teste de Tipos de Dados" owner="random-user-service">
<kw name="GET On Session" owner="RequestsLibrary">
<msg time="2024-05-20T22:13:09.674735" level="INFO">GET Request : url=https://randomuser.me/api 
 path_url=/api 
 headers={'User-Agent': 'python-requests/2.32.1', 'Accept-Encoding': 'gzip, deflate', 'Accept': '*/*', 'Connection': 'keep-alive'} 
 body=None 
 </msg>
<msg time="2024-05-20T22:13:09.674839" level="INFO">GET Response : url=https://randomuser.me/api 
 status=200, reason=OK 
 headers={'Date': 'Mon, 20 May 2024 22:13:09 GMT', 'Content-Type': 'application/json; charset=utf-8', 'Transfer-Encoding': 'chunked', 'Connection': 'keep-alive', 'X-Powered-By': 'Express', 'Access-Control-Allow-Origin': '*', 'Cache-Control': 'no-cache', 'ETag': 'W/"49e-wgxD6e7utnO38NlV+dD2oFobLIE"', 'Vary': 'Accept-Encoding', 'Content-Encoding': 'gzip', 'CF-Cache-Status': 'DYNAMIC', 'Report-To': '{"endpoints":[{"url":"https:\\/\\/a.nel.cloudflare.com\\/report\\/v4?s=oRBCvMvJG31bKfWVmCCaDXvkAScA6FC8TDDviCjtKtrmAJWOQdh7M2FgoxlWiguSqO1RnPQRquvFZY4%2BS14djqod0w%2Bc3jUrfMBVtCXYleBIASiqRMmTfof3tdh9RMAx"}],"group":"cf-nel","max_age":604800}', 'NEL': '{"success_fraction":0,"report_to":"cf-nel","max_age":604800}', 'Server': 'cloudflare', 'CF-RAY': '886fac1edb1a5943-IAD', 'alt-svc': 'h3=":443"; ma=86400'} 
 body={"results":[{"gender":"female","name":{"title":"Mrs","first":"Lola","last":"Andre"},"location":{"street":{"number":8739,"name":"Rue de L'Église"},"city":"Nantes","state":"Corse-du-Sud","country":"France","postcode":74342,"coordinates":{"latitude":"-15.5735","longitude":"83.7533"},"timezone":{"offset":"+4:00","description":"Abu Dhabi, Muscat, Baku, Tbilisi"}},"email":"lola.andre@example.com","login":{"uuid":"9089d993-bb62-4571-a7a0-a1f5b75149a8","username":"angryostrich186","password":"pepsi1","salt":"SzkuBg5D","md5":"40da3534ad1d4912154f4fe00cc5541f","sha1":"cb8ffcb004cf9e24229e4b8f659b644fd1a09659","sha256":"68f4ca11fabdd3e0cecd46ae4fb642d3d784da523ef8df19de4c9c5c122883af"},"dob":{"date":"2000-07-26T23:32:48.023Z","age":23},"registered":{"date":"2008-10-09T02:03:31.756Z","age":15},"phone":"03-31-25-65-63","cell":"06-86-43-52-21","id":{"name":"INSEE","value":"21000603675372 71"},"picture":{"large":"https://randomuser.me/api/portraits/women/70.jpg","medium":"https://randomuser.me/api/portraits/med/women/70.jpg","thumbnail":"https://randomuser.me/api/portraits/thumb/women/70.jpg"},"nat":"FR"}],"info":{"seed":"40c0c9efe3b16d4a","results":1,"page":1,"version":"1.4"}} 
 </msg>
<msg time="2024-05-20T22:13:09.674926" level="INFO">/opt/hostedtoolcache/Python/3.12.3/x64/lib/python3.12/site-packages/urllib3/connectionpool.py:1103: InsecureRequestWarning: Unverified HTTPS request is being made to host 'randomuser.me'. Adding certificate verification is strongly advised. See: https://urllib3.readthedocs.io/en/latest/advanced-usage.html#tls-warnings
  warnings.warn(</msg>
<msg time="2024-05-20T22:13:09.675080" level="INFO">${response} = &lt;Response [200]&gt;</msg>
<var>${response}</var>
<arg>consultarAPI</arg>
<arg>/api</arg>
<doc>Sends a GET request on a previously created HTTP Session.</doc>
<status status="PASS" start="2024-05-20T22:13:09.575855" elapsed="0.099269"/>
</kw>
<kw name="Set Variable" owner="BuiltIn">
<msg time="2024-05-20T22:13:09.676184" level="INFO">${json_data} = {'results': [{'gender': 'female', 'name': {'title': 'Mrs', 'first': 'Lola', 'last': 'Andre'}, 'location': {'street': {'number': 8739, 'name': "Rue de L'Église"}, 'city': 'Nantes', 'state': 'Corse-du-S...</msg>
<var>${json_data}</var>
<arg>${response.json()}</arg>
<doc>Returns the given values which can then be assigned to a variables.</doc>
<status status="PASS" start="2024-05-20T22:13:09.675650" elapsed="0.000564"/>
</kw>
<kw name="Log" owner="BuiltIn">
<msg time="2024-05-20T22:13:09.676678" level="INFO">{'results': [{'gender': 'female', 'name': {'title': 'Mrs', 'first': 'Lola', 'last': 'Andre'}, 'location': {'street': {'number': 8739, 'name': "Rue de L'Église"}, 'city': 'Nantes', 'state': 'Corse-du-Sud', 'country': 'France', 'postcode': 74342, 'coordinates': {'latitude': '-15.5735', 'longitude': '83.7533'}, 'timezone': {'offset': '+4:00', 'description': 'Abu Dhabi, Muscat, Baku, Tbilisi'}}, 'email': 'lola.andre@example.com', 'login': {'uuid': '9089d993-bb62-4571-a7a0-a1f5b75149a8', 'username': 'angryostrich186', 'password': 'pepsi1', 'salt': 'SzkuBg5D', 'md5': '40da3534ad1d4912154f4fe00cc5541f', 'sha1': 'cb8ffcb004cf9e24229e4b8f659b644fd1a09659', 'sha256': '68f4ca11fabdd3e0cecd46ae4fb642d3d784da523ef8df19de4c9c5c122883af'}, 'dob': {'date': '2000-07-26T23:32:48.023Z', 'age': 23}, 'registered': {'date': '2008-10-09T02:03:31.756Z', 'age': 15}, 'phone': '03-31-25-65-63', 'cell': '06-86-43-52-21', 'id': {'name': 'INSEE', 'value': '21000603675372 71'}, 'picture': {'large': 'https://randomuser.me/api/portraits/women/70.jpg', 'medium': 'https://randomuser.me/api/portraits/med/women/70.jpg', 'thumbnail': 'https://randomuser.me/api/portraits/thumb/women/70.jpg'}, 'nat': 'FR'}], 'info': {'seed': '40c0c9efe3b16d4a', 'results': 1, 'page': 1, 'version': '1.4'}}</msg>
<arg>${json_data}</arg>
<doc>Logs the given message with the given level.</doc>
<status status="PASS" start="2024-05-20T22:13:09.676521" elapsed="0.000245"/>
</kw>
<kw name="Should Be String" owner="String">
<arg>${json_data['results'][0]['gender']}</arg>
<doc>Fails if the given ``item`` is not a string.</doc>
<status status="PASS" start="2024-05-20T22:13:09.677067" elapsed="0.000397"/>
</kw>
<kw name="Should Match Regexp" owner="BuiltIn">
<arg>${json_data['results'][0]['email']}</arg>
<arg>^[a-zA-Z0-9._%+-]+@[a-zA-Z0-9.-]+\.[a-zA-Z]{2,}$</arg>
<doc>Fails if ``string`` does not match ``pattern`` as a regular expression.</doc>
<status status="PASS" start="2024-05-20T22:13:09.677675" elapsed="0.000534"/>
</kw>
<kw name="Should Match Regexp" owner="BuiltIn">
<arg>${json_data['results'][0]['dob']['date']}</arg>
<arg>\\d{4}-\\d{2}-\\d{2}T\\d{2}:\\d{2}:\\d{2}\\.\\d{3}Z</arg>
<doc>Fails if ``string`` does not match ``pattern`` as a regular expression.</doc>
<status status="PASS" start="2024-05-20T22:13:09.678406" elapsed="0.000485"/>
</kw>
<kw name="Should Match Regexp" owner="BuiltIn">
<arg>${json_data['results'][0]['registered']['date']}</arg>
<arg>\\d{4}-\\d{2}-\\d{2}T\\d{2}:\\d{2}:\\d{2}\\.\\d{3}Z</arg>
<doc>Fails if ``string`` does not match ``pattern`` as a regular expression.</doc>
<status status="PASS" start="2024-05-20T22:13:09.679083" elapsed="0.000365"/>
</kw>
<kw name="Should Match Regexp" owner="BuiltIn">
<arg>${json_data['results'][0]['picture']['large']}</arg>
<arg>^https?://.*\.(?:png|jpe?g|gif|bmp)$</arg>
<doc>Fails if ``string`` does not match ``pattern`` as a regular expression.</doc>
<status status="PASS" start="2024-05-20T22:13:09.679635" elapsed="0.000470"/>
</kw>
<kw name="Should Match Regexp" owner="BuiltIn">
<arg>${json_data['results'][0]['picture']['medium']}</arg>
<arg>^https?://.*\.(?:png|jpe?g|gif|bmp)$</arg>
<doc>Fails if ``string`` does not match ``pattern`` as a regular expression.</doc>
<status status="PASS" start="2024-05-20T22:13:09.680295" elapsed="0.000357"/>
</kw>
<kw name="Should Match Regexp" owner="BuiltIn">
<arg>${json_data['results'][0]['picture']['thumbnail']}</arg>
<arg>^https?://.*\.(?:png|jpe?g|gif|bmp)$</arg>
<doc>Fails if ``string`` does not match ``pattern`` as a regular expression.</doc>
<status status="PASS" start="2024-05-20T22:13:09.680844" elapsed="0.000381"/>
</kw>
<kw name="Log" owner="BuiltIn">
<msg time="2024-05-20T22:13:09.681745" level="INFO">{'large': 'https://randomuser.me/api/portraits/women/70.jpg', 'medium': 'https://randomuser.me/api/portraits/med/women/70.jpg', 'thumbnail': 'https://randomuser.me/api/portraits/thumb/women/70.jpg'}</msg>
<arg>${json_data['results'][0]['picture']}</arg>
<doc>Logs the given message with the given level.</doc>
<status status="PASS" start="2024-05-20T22:13:09.681412" elapsed="0.000375"/>
</kw>
<status status="PASS" start="2024-05-20T22:13:09.575547" elapsed="0.106498"/>
</kw>
<kw name="Teste de Tipos de Dados - Postcode" owner="random-user-service">
<kw name="GET On Session" owner="RequestsLibrary">
<msg time="2024-05-20T22:13:09.739940" level="INFO">GET Request : url=https://randomuser.me/api 
 path_url=/api 
 headers={'User-Agent': 'python-requests/2.32.1', 'Accept-Encoding': 'gzip, deflate', 'Accept': '*/*', 'Connection': 'keep-alive'} 
 body=None 
 </msg>
<msg time="2024-05-20T22:13:09.740034" level="INFO">GET Response : url=https://randomuser.me/api 
 status=200, reason=OK 
 headers={'Date': 'Mon, 20 May 2024 22:13:09 GMT', 'Content-Type': 'application/json; charset=utf-8', 'Transfer-Encoding': 'chunked', 'Connection': 'keep-alive', 'X-Powered-By': 'Express', 'Access-Control-Allow-Origin': '*', 'Cache-Control': 'no-cache', 'ETag': 'W/"48b-EOU8uAzaJjhAd11h/qXkKMnkR9s"', 'Vary': 'Accept-Encoding', 'Content-Encoding': 'gzip', 'CF-Cache-Status': 'DYNAMIC', 'Report-To': '{"endpoints":[{"url":"https:\\/\\/a.nel.cloudflare.com\\/report\\/v4?s=94aUsCtaIbf7wZmz1lqxXiqqjY4brGk%2BXc8eO4UHrVIk8D0iMDdA%2FoHb4zIK%2B%2Fh0x8yvTiNsmpfsD5V7JZKoSYD9iqhTnTB62LLVdLMeJmFg6IpDq6pQR%2BKYq9yOTNIt"}],"group":"cf-nel","max_age":604800}', 'NEL': '{"success_fraction":0,"report_to":"cf-nel","max_age":604800}', 'Server': 'cloudflare', 'CF-RAY': '886fac1f8bab5943-IAD', 'alt-svc': 'h3=":443"; ma=86400'} 
 body={"results":[{"gender":"female","name":{"title":"Miss","first":"Ivanka","last":"Weinmann"},"location":{"street":{"number":7614,"name":"Im Winkel"},"city":"Eibelstadt","state":"Bremen","country":"Germany","postcode":84355,"coordinates":{"latitude":"-48.8174","longitude":"141.1949"},"timezone":{"offset":"+9:30","description":"Adelaide, Darwin"}},"email":"ivanka.weinmann@example.com","login":{"uuid":"7f2ec634-d2dc-4de1-a169-6aa93610ad47","username":"organickoala709","password":"glasgow","salt":"k1X14gig","md5":"df862a3e4b4fda53e84281e1b0453ab6","sha1":"f16d3084c0bbe9a1c7d791cf98f657f875db2311","sha256":"51194c26a2e7fe66bfac7aeb4323aec1faf263c11c4765cbc8c8ad4c9dd0e372"},"dob":{"date":"1980-04-28T17:11:21.591Z","age":44},"registered":{"date":"2014-06-19T16:16:00.621Z","age":9},"phone":"0400-6824669","cell":"0171-2930529","id":{"name":"SVNR","value":"82 280480 W 528"},"picture":{"large":"https://randomuser.me/api/portraits/women/20.jpg","medium":"https://randomuser.me/api/portraits/med/women/20.jpg","thumbnail":"https://randomuser.me/api/portraits/thumb/women/20.jpg"},"nat":"DE"}],"info":{"seed":"a9bb5e8dc2506df0","results":1,"page":1,"version":"1.4"}} 
 </msg>
<msg time="2024-05-20T22:13:09.740107" level="INFO">/opt/hostedtoolcache/Python/3.12.3/x64/lib/python3.12/site-packages/urllib3/connectionpool.py:1103: InsecureRequestWarning: Unverified HTTPS request is being made to host 'randomuser.me'. Adding certificate verification is strongly advised. See: https://urllib3.readthedocs.io/en/latest/advanced-usage.html#tls-warnings
  warnings.warn(</msg>
<msg time="2024-05-20T22:13:09.740227" level="INFO">${response} = &lt;Response [200]&gt;</msg>
<var>${response}</var>
<arg>consultarAPI</arg>
<arg>/api</arg>
<doc>Sends a GET request on a previously created HTTP Session.</doc>
<status status="PASS" start="2024-05-20T22:13:09.682504" elapsed="0.057751"/>
</kw>
<kw name="Set Variable" owner="BuiltIn">
<msg time="2024-05-20T22:13:09.741438" level="INFO">${json_data} = {'results': [{'gender': 'female', 'name': {'title': 'Miss', 'first': 'Ivanka', 'last': 'Weinmann'}, 'location': {'street': {'number': 7614, 'name': 'Im Winkel'}, 'city': 'Eibelstadt', 'state': 'Bremen...</msg>
<var>${json_data}</var>
<arg>${response.json()}</arg>
<doc>Returns the given values which can then be assigned to a variables.</doc>
<status status="PASS" start="2024-05-20T22:13:09.740818" elapsed="0.000648"/>
</kw>
<kw name="Log" owner="BuiltIn">
<msg time="2024-05-20T22:13:09.741936" level="INFO">{'results': [{'gender': 'female', 'name': {'title': 'Miss', 'first': 'Ivanka', 'last': 'Weinmann'}, 'location': {'street': {'number': 7614, 'name': 'Im Winkel'}, 'city': 'Eibelstadt', 'state': 'Bremen', 'country': 'Germany', 'postcode': 84355, 'coordinates': {'latitude': '-48.8174', 'longitude': '141.1949'}, 'timezone': {'offset': '+9:30', 'description': 'Adelaide, Darwin'}}, 'email': 'ivanka.weinmann@example.com', 'login': {'uuid': '7f2ec634-d2dc-4de1-a169-6aa93610ad47', 'username': 'organickoala709', 'password': 'glasgow', 'salt': 'k1X14gig', 'md5': 'df862a3e4b4fda53e84281e1b0453ab6', 'sha1': 'f16d3084c0bbe9a1c7d791cf98f657f875db2311', 'sha256': '51194c26a2e7fe66bfac7aeb4323aec1faf263c11c4765cbc8c8ad4c9dd0e372'}, 'dob': {'date': '1980-04-28T17:11:21.591Z', 'age': 44}, 'registered': {'date': '2014-06-19T16:16:00.621Z', 'age': 9}, 'phone': '0400-6824669', 'cell': '0171-2930529', 'id': {'name': 'SVNR', 'value': '82 280480 W 528'}, 'picture': {'large': 'https://randomuser.me/api/portraits/women/20.jpg', 'medium': 'https://randomuser.me/api/portraits/med/women/20.jpg', 'thumbnail': 'https://randomuser.me/api/portraits/thumb/women/20.jpg'}, 'nat': 'DE'}], 'info': {'seed': 'a9bb5e8dc2506df0', 'results': 1, 'page': 1, 'version': '1.4'}}</msg>
<arg>${json_data}</arg>
<doc>Logs the given message with the given level.</doc>
<status status="PASS" start="2024-05-20T22:13:09.741784" elapsed="0.000233"/>
</kw>
<kw name="Should Be Equal As Numbers" owner="BuiltIn">
<arg>${json_data['results'][0]['location']['postcode']}</arg>
<arg>${json_data['results'][0]['location']['postcode']}</arg>
<doc>Fails if objects are unequal after converting them to real numbers.</doc>
<status status="PASS" start="2024-05-20T22:13:09.742327" elapsed="0.000784"/>
</kw>
<kw name="Log" owner="BuiltIn">
<msg time="2024-05-20T22:13:09.743649" level="INFO">84355</msg>
<arg>${json_data['results'][0]['location']['postcode']}</arg>
<doc>Logs the given message with the given level.</doc>
<status status="PASS" start="2024-05-20T22:13:09.743306" elapsed="0.000383"/>
</kw>
<status status="PASS" start="2024-05-20T22:13:09.682273" elapsed="0.061671"/>
</kw>
<doc>Testa se os tipos de dados na resposta da API estão corretos.</doc>
<tag>testeTiposDados</tag>
<status status="PASS" start="2024-05-20T22:13:09.574934" elapsed="0.169176"/>
</test>
<test id="s1-s1-t5" name="Validar conteudo" line="35">
<kw name="Teste de Tipos de Conteudo" owner="random-user-service">
<kw name="GET On Session" owner="RequestsLibrary">
<msg time="2024-05-20T22:13:09.824938" level="INFO">GET Request : url=https://randomuser.me/api 
 path_url=/api 
 headers={'User-Agent': 'python-requests/2.32.1', 'Accept-Encoding': 'gzip, deflate', 'Accept': '*/*', 'Connection': 'keep-alive'} 
 body=None 
 </msg>
<msg time="2024-05-20T22:13:09.825053" level="INFO">GET Response : url=https://randomuser.me/api 
 status=200, reason=OK 
 headers={'Date': 'Mon, 20 May 2024 22:13:09 GMT', 'Content-Type': 'application/json; charset=utf-8', 'Transfer-Encoding': 'chunked', 'Connection': 'keep-alive', 'X-Powered-By': 'Express', 'Access-Control-Allow-Origin': '*', 'Cache-Control': 'no-cache', 'ETag': 'W/"4a5-EcMA4xXR9eCYPnsJDd1Y+q375rE"', 'Vary': 'Accept-Encoding', 'Content-Encoding': 'gzip', 'CF-Cache-Status': 'DYNAMIC', 'Report-To': '{"endpoints":[{"url":"https:\\/\\/a.nel.cloudflare.com\\/report\\/v4?s=z3NlwhjcRTpnZktVapiUnRrVo3T3dlTcBHlPJ3pxZyIbzrV5n5%2Beb%2BTdK0hzZ2uyj%2FJn%2B70jEK%2FUk1DxJOFlRipw6%2B4eiz72fQXyOeUob8g%2B3bcjoXegSKWgnVzZcPM9"}],"group":"cf-nel","max_age":604800}', 'NEL': '{"success_fraction":0,"report_to":"cf-nel","max_age":604800}', 'Server': 'cloudflare', 'CF-RAY': '886fac1fec105943-IAD', 'alt-svc': 'h3=":443"; ma=86400'} 
 body={"results":[{"gender":"female","name":{"title":"Ms","first":"Frida","last":"Rico"},"location":{"street":{"number":3548,"name":"Eje vial Sur Romero"},"city":"Paso de Cuarenta","state":"Durango","country":"Mexico","postcode":80361,"coordinates":{"latitude":"25.9739","longitude":"111.5295"},"timezone":{"offset":"+3:00","description":"Baghdad, Riyadh, Moscow, St. Petersburg"}},"email":"frida.rico@example.com","login":{"uuid":"6be85a94-cc1e-4af6-aa32-b5a176243621","username":"blackpanda393","password":"butts","salt":"Ve6O8xkQ","md5":"7c39fde3be7d37fa4b33416e73586073","sha1":"77a729a92497a84bbcad5a931980a9a6f699fe2a","sha256":"27a019e6e5f61809ec88b916fe20c66571560e8cb37ae07d74cb7f9dc1e65d18"},"dob":{"date":"1982-03-02T17:19:07.026Z","age":42},"registered":{"date":"2003-08-02T22:57:04.839Z","age":20},"phone":"(641) 213 1046","cell":"(697) 379 8225","id":{"name":"NSS","value":"95 20 52 5539 7"},"picture":{"large":"https://randomuser.me/api/portraits/women/46.jpg","medium":"https://randomuser.me/api/portraits/med/women/46.jpg","thumbnail":"https://randomuser.me/api/portraits/thumb/women/46.jpg"},"nat":"MX"}],"info":{"seed":"168b2d3300121fff","results":1,"page":1,"version":"1.4"}} 
 </msg>
<msg time="2024-05-20T22:13:09.825169" level="INFO">/opt/hostedtoolcache/Python/3.12.3/x64/lib/python3.12/site-packages/urllib3/connectionpool.py:1103: InsecureRequestWarning: Unverified HTTPS request is being made to host 'randomuser.me'. Adding certificate verification is strongly advised. See: https://urllib3.readthedocs.io/en/latest/advanced-usage.html#tls-warnings
  warnings.warn(</msg>
<msg time="2024-05-20T22:13:09.825319" level="INFO">${response} = &lt;Response [200]&gt;</msg>
<var>${response}</var>
<arg>consultarAPI</arg>
<arg>/api</arg>
<doc>Sends a GET request on a previously created HTTP Session.</doc>
<status status="PASS" start="2024-05-20T22:13:09.746621" elapsed="0.078743"/>
</kw>
<kw name="Set Variable" owner="BuiltIn">
<msg time="2024-05-20T22:13:09.826595" level="INFO">${json_data} = {'results': [{'gender': 'female', 'name': {'title': 'Ms', 'first': 'Frida', 'last': 'Rico'}, 'location': {'street': {'number': 3548, 'name': 'Eje vial Sur Romero'}, 'city': 'Paso de Cuarenta', 'state'...</msg>
<var>${json_data}</var>
<arg>${response.json()}</arg>
<doc>Returns the given values which can then be assigned to a variables.</doc>
<status status="PASS" start="2024-05-20T22:13:09.826015" elapsed="0.000610"/>
</kw>
<kw name="Set Variable" owner="BuiltIn">
<msg time="2024-05-20T22:13:09.827343" level="INFO">${name_title} = Ms</msg>
<var>${name_title}</var>
<arg>${json_data["results"][0]["name"]["title"]}</arg>
<doc>Returns the given values which can then be assigned to a variables.</doc>
<status status="PASS" start="2024-05-20T22:13:09.826945" elapsed="0.000424"/>
</kw>
<kw name="Create List" owner="BuiltIn">
<msg time="2024-05-20T22:13:09.827828" level="INFO">${allowed_titles} = ['Mr', 'Ms', 'Miss', 'Mrs', 'Madame', 'Monsieur']</msg>
<var>${allowed_titles}</var>
<arg>Mr</arg>
<arg>Ms</arg>
<arg>Miss</arg>
<arg>Mrs</arg>
<arg>Madame</arg>
<arg>Monsieur</arg>
<doc>Returns a list containing given items.</doc>
<status status="PASS" start="2024-05-20T22:13:09.827676" elapsed="0.000177"/>
</kw>
<kw name="List Should Contain Value" owner="Collections">
<msg time="2024-05-20T22:13:09.828333" level="INFO">False</msg>
<arg>${allowed_titles}</arg>
<arg>${name_title}</arg>
<doc>Fails if the ``value`` is not found from ``list``.</doc>
<status status="PASS" start="2024-05-20T22:13:09.828155" elapsed="0.000227"/>
</kw>
<kw name="Set Variable" owner="BuiltIn">
<msg time="2024-05-20T22:13:09.829051" level="INFO">${name_country} = MX</msg>
<var>${name_country}</var>
<arg>${json_data["results"][0]["nat"]}</arg>
<doc>Returns the given values which can then be assigned to a variables.</doc>
<status status="PASS" start="2024-05-20T22:13:09.828671" elapsed="0.000406"/>
</kw>
<kw name="Create List" owner="BuiltIn">
<msg time="2024-05-20T22:13:09.830046" level="INFO">${list_country} = ['AD', 'AE', 'AF', 'AG', 'AI', 'AL', 'AM', 'AO', 'AQ', 'AR', 'AS', 'AT', 'AU', 'AW', 'AX', 'AZ', 'BA', 'BB', 'BD', 'BE', 'BF', 'BG', 'BH', 'BI', 'BJ', 'BL', 'BM', 'BN', 'BO', 'BQ', 'BR', 'BS', 'BT', '...</msg>
<var>${list_country}</var>
<arg>AD</arg>
<arg>AE</arg>
<arg>AF</arg>
<arg>AG</arg>
<arg>AI</arg>
<arg>AL</arg>
<arg>AM</arg>
<arg>AO</arg>
<arg>AQ</arg>
<arg>AR</arg>
<arg>AS</arg>
<arg>AT</arg>
<arg>AU</arg>
<arg>AW</arg>
<arg>AX</arg>
<arg>AZ</arg>
<arg>BA</arg>
<arg>BB</arg>
<arg>BD</arg>
<arg>BE</arg>
<arg>BF</arg>
<arg>BG</arg>
<arg>BH</arg>
<arg>BI</arg>
<arg>BJ</arg>
<arg>BL</arg>
<arg>BM</arg>
<arg>BN</arg>
<arg>BO</arg>
<arg>BQ</arg>
<arg>BR</arg>
<arg>BS</arg>
<arg>BT</arg>
<arg>BV</arg>
<arg>BW</arg>
<arg>BY</arg>
<arg>BZ</arg>
<arg>CA</arg>
<arg>CC</arg>
<arg>CD</arg>
<arg>CF</arg>
<arg>CG</arg>
<arg>CH</arg>
<arg>CI</arg>
<arg>CK</arg>
<arg>CL</arg>
<arg>CM</arg>
<arg>CN</arg>
<arg>CO</arg>
<arg>CR</arg>
<arg>CU</arg>
<arg>CV</arg>
<arg>CW</arg>
<arg>CX</arg>
<arg>CY</arg>
<arg>CZ</arg>
<arg>DE</arg>
<arg>DJ</arg>
<arg>DK</arg>
<arg>DM</arg>
<arg>DO</arg>
<arg>DZ</arg>
<arg>EC</arg>
<arg>EE</arg>
<arg>EG</arg>
<arg>EH</arg>
<arg>ER</arg>
<arg>ES</arg>
<arg>ET</arg>
<arg>FI</arg>
<arg>FJ</arg>
<arg>FK</arg>
<arg>FM</arg>
<arg>FO</arg>
<arg>FR</arg>
<arg>GA</arg>
<arg>GB</arg>
<arg>GD</arg>
<arg>GE</arg>
<arg>GF</arg>
<arg>GG</arg>
<arg>GH</arg>
<arg>GI</arg>
<arg>GL</arg>
<arg>GM</arg>
<arg>GN</arg>
<arg>GP</arg>
<arg>GQ</arg>
<arg>GR</arg>
<arg>GS</arg>
<arg>GT</arg>
<arg>GU</arg>
<arg>GW</arg>
<arg>GY</arg>
<arg>HK</arg>
<arg>HM</arg>
<arg>HN</arg>
<arg>HR</arg>
<arg>HT</arg>
<arg>HU</arg>
<arg>ID</arg>
<arg>IE</arg>
<arg>IL</arg>
<arg>IM</arg>
<arg>IN</arg>
<arg>IO</arg>
<arg>IQ</arg>
<arg>IR</arg>
<arg>IS</arg>
<arg>IT</arg>
<arg>JE</arg>
<arg>JM</arg>
<arg>JO</arg>
<arg>JP</arg>
<arg>KE</arg>
<arg>KG</arg>
<arg>KH</arg>
<arg>KI</arg>
<arg>KM</arg>
<arg>KN</arg>
<arg>KP</arg>
<arg>KR</arg>
<arg>KW</arg>
<arg>KY</arg>
<arg>KZ</arg>
<arg>LA</arg>
<arg>LB</arg>
<arg>LC</arg>
<arg>LI</arg>
<arg>LK</arg>
<arg>LR</arg>
<arg>LS</arg>
<arg>LT</arg>
<arg>LU</arg>
<arg>LV</arg>
<arg>LY</arg>
<arg>MA</arg>
<arg>MC</arg>
<arg>MD</arg>
<arg>ME</arg>
<arg>MF</arg>
<arg>MG</arg>
<arg>MH</arg>
<arg>MK</arg>
<arg>ML</arg>
<arg>MM</arg>
<arg>MN</arg>
<arg>MO</arg>
<arg>MP</arg>
<arg>MQ</arg>
<arg>MR</arg>
<arg>MS</arg>
<arg>MT</arg>
<arg>MU</arg>
<arg>MV</arg>
<arg>MW</arg>
<arg>MX</arg>
<arg>MY</arg>
<arg>MZ</arg>
<arg>NA</arg>
<arg>NC</arg>
<arg>NE</arg>
<arg>NF</arg>
<arg>NG</arg>
<arg>NI</arg>
<arg>NL</arg>
<arg>NO</arg>
<arg>NP</arg>
<arg>NR</arg>
<arg>NU</arg>
<arg>NZ</arg>
<arg>OM</arg>
<arg>PA</arg>
<arg>PE</arg>
<arg>PF</arg>
<arg>PG</arg>
<arg>PH</arg>
<arg>PK</arg>
<arg>PL</arg>
<arg>PM</arg>
<arg>PN</arg>
<arg>PR</arg>
<arg>PS</arg>
<arg>PT</arg>
<arg>PW</arg>
<arg>PY</arg>
<arg>QA</arg>
<arg>RE</arg>
<arg>RO</arg>
<arg>RS</arg>
<arg>RU</arg>
<arg>RW</arg>
<arg>SA</arg>
<arg>SB</arg>
<arg>SC</arg>
<arg>SD</arg>
<arg>SE</arg>
<arg>SG</arg>
<arg>SH</arg>
<arg>SI</arg>
<arg>SJ</arg>
<arg>SK</arg>
<arg>SL</arg>
<arg>SM</arg>
<arg>SN</arg>
<arg>SO</arg>
<arg>SR</arg>
<arg>SS</arg>
<arg>ST</arg>
<arg>SV</arg>
<arg>SX</arg>
<arg>SY</arg>
<arg>SZ</arg>
<arg>TC</arg>
<arg>TD</arg>
<arg>TF</arg>
<arg>TG</arg>
<arg>TH</arg>
<arg>TJ</arg>
<arg>TK</arg>
<arg>TL</arg>
<arg>TM</arg>
<arg>TN</arg>
<arg>TO</arg>
<arg>TR</arg>
<arg>TT</arg>
<arg>TV</arg>
<arg>TW</arg>
<arg>TZ</arg>
<arg>UA</arg>
<arg>UG</arg>
<arg>UM</arg>
<arg>US</arg>
<arg>UY</arg>
<arg>UZ</arg>
<arg>VA</arg>
<arg>VC</arg>
<arg>VE</arg>
<arg>VG</arg>
<arg>VI</arg>
<arg>VN</arg>
<arg>VU</arg>
<arg>WF</arg>
<arg>WS</arg>
<arg>XK</arg>
<arg>YE</arg>
<arg>YT</arg>
<arg>ZA</arg>
<arg>ZM</arg>
<arg>ZW</arg>
<doc>Returns a list containing given items.</doc>
<status status="PASS" start="2024-05-20T22:13:09.829439" elapsed="0.000636"/>
</kw>
<kw name="List Should Contain Value" owner="Collections">
<msg time="2024-05-20T22:13:09.831083" level="INFO">False</msg>
<arg>${list_country}</arg>
<arg>${name_country}</arg>
<doc>Fails if the ``value`` is not found from ``list``.</doc>
<status status="PASS" start="2024-05-20T22:13:09.830876" elapsed="0.000245"/>
</kw>
<kw name="Run Keyword If" owner="BuiltIn">
<kw name="Should Be True" owner="BuiltIn">
<arg>${True}</arg>
<doc>Fails if the given condition is not true.</doc>
<status status="PASS" start="2024-05-20T22:13:09.832223" elapsed="0.000145"/>
</kw>
<arg>${json_data["results"][0]["location"]["coordinates"]["latitude"]} &gt;= -90 and ${json_data["results"][0]["location"]["coordinates"]["latitude"]} &lt;= 90</arg>
<arg>Should Be True</arg>
<arg>${True}</arg>
<doc>Runs the given keyword with the given arguments, if ``condition`` is true.</doc>
<status status="PASS" start="2024-05-20T22:13:09.831444" elapsed="0.001051"/>
</kw>
<kw name="Run Keyword If" owner="BuiltIn">
<kw name="Should Be True" owner="BuiltIn">
<arg>${True}</arg>
<doc>Fails if the given condition is not true.</doc>
<status status="PASS" start="2024-05-20T22:13:09.833437" elapsed="0.000275"/>
</kw>
<arg>${json_data["results"][0]["location"]["coordinates"]["longitude"]} &gt;= -180 and ${json_data["results"][0]["location"]["coordinates"]["longitude"]} &lt;= 180</arg>
<arg>Should Be True</arg>
<arg>${True}</arg>
<doc>Runs the given keyword with the given arguments, if ``condition`` is true.</doc>
<status status="PASS" start="2024-05-20T22:13:09.832695" elapsed="0.001146"/>
</kw>
<status status="PASS" start="2024-05-20T22:13:09.746385" elapsed="0.087596"/>
</kw>
<doc>Testa o conteúdo específico dos campos retornados pela API.</doc>
<tag>testeConteudo</tag>
<status status="PASS" start="2024-05-20T22:13:09.745935" elapsed="0.088218"/>
</test>
<status status="PASS" start="2024-05-20T22:13:08.818591" elapsed="1.017576"/>
</suite>
<status status="PASS" start="2024-05-20T22:13:08.804814" elapsed="1.036649"/>
</suite>
<statistics>
<total>
<stat pass="5" fail="0" skip="0">All Tests</stat>
</total>
<tag>
<stat pass="1" fail="0" skip="0">testeConteudo</stat>
<stat pass="1" fail="0" skip="0">testeEstruturaResposta</stat>
<stat pass="1" fail="0" skip="0">testeRequisicaoBasica</stat>
<stat pass="1" fail="0" skip="0">testeTiposDados</stat>
</tag>
<suite>
<stat pass="5" fail="0" skip="0" id="s1" name="Tests">Tests</stat>
<stat pass="5" fail="0" skip="0" id="s1-s1" name="Random-User-Test">Tests.Random-User-Test</stat>
</suite>
</statistics>
<errors>
</errors>
</robot>
