<?xml version="1.0" encoding="UTF-8"?>
<robot generator="Robot 7.0 (Python 3.12.2 on linux)" generated="2024-04-14T22:04:42.458648" rpa="false" schemaversion="5">
<suite id="s1" name="Tests" source="/home/runner/work/DesafioQAItauRogerioJordao/DesafioQAItauRogerioJordao/RamdonUser/tests">
<suite id="s1-s1" name="Random-User-Test" source="/home/runner/work/DesafioQAItauRogerioJordao/DesafioQAItauRogerioJordao/RamdonUser/tests/random-user-test.robot">
<test id="s1-s1-t1" name="Conectar" line="13">
<kw name="Conectar API" owner="random-user-service">
<kw name="Create Session" owner="RequestsLibrary">
<msg time="2024-04-14T22:04:42.875075" level="INFO">Creating Session using : alias=consultarAPI, url=https://randomuser.me/, headers={},                     cookies={}, auth=None, timeout=None, proxies=None, verify=False,                     debug=0 </msg>
<arg>consultarAPI</arg>
<arg>${URL}</arg>
<doc>Create Session: create a HTTP session to a server</doc>
<status status="PASS" start="2024-04-14T22:04:42.874868" elapsed="0.000408"/>
</kw>
<status status="PASS" start="2024-04-14T22:04:42.873799" elapsed="0.001884"/>
</kw>
<status status="PASS" start="2024-04-14T22:04:42.873154" elapsed="0.002738"/>
</test>
<test id="s1-s1-t2" name="Validar retorno 200 e JSON Válido" line="16">
<kw name="Teste de Requisicao Basica" owner="random-user-service">
<kw name="GET On Session" owner="RequestsLibrary">
<msg time="2024-04-14T22:04:43.069187" level="INFO">GET Request : url=https://randomuser.me/api 
 path_url=/api 
 headers={'User-Agent': 'python-requests/2.31.0', 'Accept-Encoding': 'gzip, deflate', 'Accept': '*/*', 'Connection': 'keep-alive'} 
 body=None 
 </msg>
<msg time="2024-04-14T22:04:43.069343" level="INFO">GET Response : url=https://randomuser.me/api 
 status=200, reason=OK 
 headers={'Date': 'Sun, 14 Apr 2024 22:04:43 GMT', 'Content-Type': 'application/json; charset=utf-8', 'Transfer-Encoding': 'chunked', 'Connection': 'keep-alive', 'X-Powered-By': 'Express', 'Access-Control-Allow-Origin': '*', 'Cache-Control': 'no-cache', 'ETag': 'W/"47b-dRetA6djsv6SOSTKcxAJjwgVB0Q"', 'Vary': 'Accept-Encoding', 'Content-Encoding': 'gzip', 'CF-Cache-Status': 'DYNAMIC', 'Report-To': '{"endpoints":[{"url":"https:\\/\\/a.nel.cloudflare.com\\/report\\/v4?s=nYSP4xtczBuDszPpJhHO4HAXH%2Flk4a%2BrqlM5uvqky5FvCdskZlPsHhXQXhwHIKruu3%2FRWEzF5cL1X2ipZUQoQ9lEgET4HEGKMj%2B9dHY%2BwkaLbAQivWutrEYmL9HMH6Cy"}],"group":"cf-nel","max_age":604800}', 'NEL': '{"success_fraction":0,"report_to":"cf-nel","max_age":604800}', 'Server': 'cloudflare', 'CF-RAY': '8746fe40d8712036-IAD', 'alt-svc': 'h3=":443"; ma=86400'} 
 body={"results":[{"gender":"female","name":{"title":"Ms","first":"Teresa","last":"Diaz"},"location":{"street":{"number":6057,"name":"Spring St"},"city":"Rockhampton","state":"South Australia","country":"Australia","postcode":5395,"coordinates":{"latitude":"-89.4490","longitude":"167.5111"},"timezone":{"offset":"-3:30","description":"Newfoundland"}},"email":"teresa.diaz@example.com","login":{"uuid":"e3e59cb9-027e-49fa-8f2e-e05ac65de99a","username":"tinytiger125","password":"beng","salt":"lE6K9Ob7","md5":"6f17b5d0d7861670a00762e78c6cd569","sha1":"87b2c80aaff79e30946bd924dd2efc66673482d2","sha256":"04e4868e649db28b7a88f057ec4fb17ef44a639783ea7b664957afc072b2051f"},"dob":{"date":"1964-01-17T23:24:51.790Z","age":60},"registered":{"date":"2015-03-31T05:00:55.651Z","age":9},"phone":"04-3895-6652","cell":"0499-380-389","id":{"name":"TFN","value":"184745274"},"picture":{"large":"https://randomuser.me/api/portraits/women/73.jpg","medium":"https://randomuser.me/api/portraits/med/women/73.jpg","thumbnail":"https://randomuser.me/api/portraits/thumb/women/73.jpg"},"nat":"AU"}],"info":{"seed":"a0c5c5620d22697d","results":1,"page":1,"version":"1.4"}} 
 </msg>
<msg time="2024-04-14T22:04:43.069426" level="INFO">/opt/hostedtoolcache/Python/3.12.2/x64/lib/python3.12/site-packages/urllib3/connectionpool.py:1103: InsecureRequestWarning: Unverified HTTPS request is being made to host 'randomuser.me'. Adding certificate verification is strongly advised. See: https://urllib3.readthedocs.io/en/latest/advanced-usage.html#tls-warnings
  warnings.warn(</msg>
<msg time="2024-04-14T22:04:43.069576" level="INFO">${response} = &lt;Response [200]&gt;</msg>
<var>${response}</var>
<arg>consultarAPI</arg>
<arg>/api</arg>
<doc>Sends a GET request on a previously created HTTP Session.</doc>
<status status="PASS" start="2024-04-14T22:04:42.879143" elapsed="0.190475"/>
</kw>
<kw name="Should Be Equal As Numbers" owner="BuiltIn">
<msg time="2024-04-14T22:04:43.070633" level="INFO">Argument types are:
&lt;class 'int'&gt;
&lt;class 'str'&gt;</msg>
<arg>${response.status_code}</arg>
<arg>200</arg>
<doc>Fails if objects are unequal after converting them to real numbers.</doc>
<status status="PASS" start="2024-04-14T22:04:43.070172" elapsed="0.000530"/>
</kw>
<kw name="Log" owner="BuiltIn">
<msg time="2024-04-14T22:04:43.071430" level="INFO">200</msg>
<arg>${response.status_code}</arg>
<doc>Logs the given message with the given level.</doc>
<status status="PASS" start="2024-04-14T22:04:43.071030" elapsed="0.000446"/>
</kw>
<kw name="Set Variable" owner="BuiltIn">
<msg time="2024-04-14T22:04:43.072265" level="INFO">${json_data} = {'results': [{'gender': 'female', 'name': {'title': 'Ms', 'first': 'Teresa', 'last': 'Diaz'}, 'location': {'street': {'number': 6057, 'name': 'Spring St'}, 'city': 'Rockhampton', 'state': 'South Austr...</msg>
<var>${json_data}</var>
<arg>${response.json()}</arg>
<doc>Returns the given values which can then be assigned to a variables.</doc>
<status status="PASS" start="2024-04-14T22:04:43.071819" elapsed="0.000474"/>
</kw>
<kw name="Dictionary Should Contain Key" owner="Collections">
<msg time="2024-04-14T22:04:43.072774" level="INFO">False</msg>
<arg>${json_data}</arg>
<arg>results</arg>
<doc>Fails if ``key`` is not found from ``dictionary``.</doc>
<status status="PASS" start="2024-04-14T22:04:43.072603" elapsed="0.000217"/>
</kw>
<status status="PASS" start="2024-04-14T22:04:42.878873" elapsed="0.194214"/>
</kw>
<doc>Testa se a API responde corretamente e retorna um objeto JSON válido.</doc>
<tag>testeRequisicaoBasica</tag>
<status status="PASS" start="2024-04-14T22:04:42.878328" elapsed="0.194954"/>
</test>
<test id="s1-s1-t3" name="Validar estrutura de resposta" line="22">
<kw name="Teste de Estrutura de Resposta" owner="random-user-service">
<kw name="GET On Session" owner="RequestsLibrary">
<msg time="2024-04-14T22:04:43.172984" level="INFO">GET Request : url=https://randomuser.me/api 
 path_url=/api 
 headers={'User-Agent': 'python-requests/2.31.0', 'Accept-Encoding': 'gzip, deflate', 'Accept': '*/*', 'Connection': 'keep-alive'} 
 body=None 
 </msg>
<msg time="2024-04-14T22:04:43.173098" level="INFO">GET Response : url=https://randomuser.me/api 
 status=200, reason=OK 
 headers={'Date': 'Sun, 14 Apr 2024 22:04:43 GMT', 'Content-Type': 'application/json; charset=utf-8', 'Transfer-Encoding': 'chunked', 'Connection': 'keep-alive', 'X-Powered-By': 'Express', 'Access-Control-Allow-Origin': '*', 'Cache-Control': 'no-cache', 'ETag': 'W/"494-qx/ENQHK55yOHAcPGTdi7lMVraY"', 'Vary': 'Accept-Encoding', 'Content-Encoding': 'gzip', 'CF-Cache-Status': 'DYNAMIC', 'Report-To': '{"endpoints":[{"url":"https:\\/\\/a.nel.cloudflare.com\\/report\\/v4?s=li01FC7UjnwmUNGuDoh0f9i6xV8wkPFuUFNlzaP7rouVUG9o9S1HhZlQk0XxAYn%2FiRareMlKQJbAQDgCjsJydDRZuT0bRXl%2BdiAx85F5kMB4K8X%2FovfOv%2FdpnR0n6dCy"}],"group":"cf-nel","max_age":604800}', 'NEL': '{"success_fraction":0,"report_to":"cf-nel","max_age":604800}', 'Server': 'cloudflare', 'CF-RAY': '8746fe4138d02036-IAD', 'alt-svc': 'h3=":443"; ma=86400'} 
 body={"results":[{"gender":"female","name":{"title":"Mrs","first":"Ioanna","last":"De Lijster"},"location":{"street":{"number":6946,"name":"Avenue"},"city":"Holwerd","state":"Gelderland","country":"Netherlands","postcode":"7479 IK","coordinates":{"latitude":"31.8263","longitude":"111.2225"},"timezone":{"offset":"-1:00","description":"Azores, Cape Verde Islands"}},"email":"ioanna.delijster@example.com","login":{"uuid":"6266b154-7de4-48f3-8342-8f007f9cfe4c","username":"bigleopard954","password":"dexter","salt":"Z6qF7oam","md5":"a3eca25b2b8b8158ec473070de3fe57c","sha1":"cfbba23c4af98c3e1a02dbccc5f4545b7e62b049","sha256":"4716e6730dad9fbc1fb6d38262993c35f5027446197f5b7c241e27bbbe50b6d5"},"dob":{"date":"1947-01-20T10:50:32.584Z","age":77},"registered":{"date":"2002-11-23T20:27:29.467Z","age":21},"phone":"(095) 7992714","cell":"(06) 89906090","id":{"name":"BSN","value":"99486600"},"picture":{"large":"https://randomuser.me/api/portraits/women/48.jpg","medium":"https://randomuser.me/api/portraits/med/women/48.jpg","thumbnail":"https://randomuser.me/api/portraits/thumb/women/48.jpg"},"nat":"NL"}],"info":{"seed":"717abfa7282d3130","results":1,"page":1,"version":"1.4"}} 
 </msg>
<msg time="2024-04-14T22:04:43.173268" level="INFO">/opt/hostedtoolcache/Python/3.12.2/x64/lib/python3.12/site-packages/urllib3/connectionpool.py:1103: InsecureRequestWarning: Unverified HTTPS request is being made to host 'randomuser.me'. Adding certificate verification is strongly advised. See: https://urllib3.readthedocs.io/en/latest/advanced-usage.html#tls-warnings
  warnings.warn(</msg>
<msg time="2024-04-14T22:04:43.173401" level="INFO">${response} = &lt;Response [200]&gt;</msg>
<var>${response}</var>
<arg>consultarAPI</arg>
<arg>/api</arg>
<doc>Sends a GET request on a previously created HTTP Session.</doc>
<status status="PASS" start="2024-04-14T22:04:43.076236" elapsed="0.097206"/>
</kw>
<kw name="Set Variable" owner="BuiltIn">
<msg time="2024-04-14T22:04:43.174671" level="INFO">${json_data} = {'results': [{'gender': 'female', 'name': {'title': 'Mrs', 'first': 'Ioanna', 'last': 'De Lijster'}, 'location': {'street': {'number': 6946, 'name': 'Avenue'}, 'city': 'Holwerd', 'state': 'Gelderland'...</msg>
<var>${json_data}</var>
<arg>${response.json()}</arg>
<doc>Returns the given values which can then be assigned to a variables.</doc>
<status status="PASS" start="2024-04-14T22:04:43.174085" elapsed="0.000615"/>
</kw>
<kw name="Log" owner="BuiltIn">
<msg time="2024-04-14T22:04:43.175246" level="INFO">{'results': [{'gender': 'female', 'name': {'title': 'Mrs', 'first': 'Ioanna', 'last': 'De Lijster'}, 'location': {'street': {'number': 6946, 'name': 'Avenue'}, 'city': 'Holwerd', 'state': 'Gelderland', 'country': 'Netherlands', 'postcode': '7479 IK', 'coordinates': {'latitude': '31.8263', 'longitude': '111.2225'}, 'timezone': {'offset': '-1:00', 'description': 'Azores, Cape Verde Islands'}}, 'email': 'ioanna.delijster@example.com', 'login': {'uuid': '6266b154-7de4-48f3-8342-8f007f9cfe4c', 'username': 'bigleopard954', 'password': 'dexter', 'salt': 'Z6qF7oam', 'md5': 'a3eca25b2b8b8158ec473070de3fe57c', 'sha1': 'cfbba23c4af98c3e1a02dbccc5f4545b7e62b049', 'sha256': '4716e6730dad9fbc1fb6d38262993c35f5027446197f5b7c241e27bbbe50b6d5'}, 'dob': {'date': '1947-01-20T10:50:32.584Z', 'age': 77}, 'registered': {'date': '2002-11-23T20:27:29.467Z', 'age': 21}, 'phone': '(095) 7992714', 'cell': '(06) 89906090', 'id': {'name': 'BSN', 'value': '99486600'}, 'picture': {'large': 'https://randomuser.me/api/portraits/women/48.jpg', 'medium': 'https://randomuser.me/api/portraits/med/women/48.jpg', 'thumbnail': 'https://randomuser.me/api/portraits/thumb/women/48.jpg'}, 'nat': 'NL'}], 'info': {'seed': '717abfa7282d3130', 'results': 1, 'page': 1, 'version': '1.4'}}</msg>
<arg>${json_data}</arg>
<doc>Logs the given message with the given level.</doc>
<status status="PASS" start="2024-04-14T22:04:43.175065" elapsed="0.000234"/>
</kw>
<kw name="Dictionary Should Contain Key" owner="Collections">
<msg time="2024-04-14T22:04:43.175819" level="INFO">False</msg>
<arg>${json_data}</arg>
<arg>results</arg>
<doc>Fails if ``key`` is not found from ``dictionary``.</doc>
<status status="PASS" start="2024-04-14T22:04:43.175657" elapsed="0.000200"/>
</kw>
<kw name="Should Not Be Empty" owner="BuiltIn">
<msg time="2024-04-14T22:04:43.176303" level="INFO">Length is 2.</msg>
<arg>${json_data}</arg>
<doc>Verifies that the given item is not empty.</doc>
<status status="PASS" start="2024-04-14T22:04:43.176167" elapsed="0.000175"/>
</kw>
<kw name="Create List" owner="BuiltIn">
<msg time="2024-04-14T22:04:43.176807" level="INFO">${expected_keys} = ['gender', 'name', 'location', 'email', 'login']</msg>
<var>${expected_keys}</var>
<arg>gender</arg>
<arg>name</arg>
<arg>location</arg>
<arg>email</arg>
<arg>login</arg>
<doc>Returns a list containing given items.</doc>
<status status="PASS" start="2024-04-14T22:04:43.176647" elapsed="0.000185"/>
</kw>
<for flavor="IN">
<iter>
<kw name="Dictionary Should Contain Key" owner="Collections">
<msg time="2024-04-14T22:04:43.177843" level="INFO">False</msg>
<arg>${json_data['results'][0]}</arg>
<arg>${key}</arg>
<doc>Fails if ``key`` is not found from ``dictionary``.</doc>
<status status="PASS" start="2024-04-14T22:04:43.177431" elapsed="0.000452"/>
</kw>
<kw name="Log" owner="BuiltIn">
<msg time="2024-04-14T22:04:43.178567" level="INFO">{'gender': 'female', 'name': {'title': 'Mrs', 'first': 'Ioanna', 'last': 'De Lijster'}, 'location': {'street': {'number': 6946, 'name': 'Avenue'}, 'city': 'Holwerd', 'state': 'Gelderland', 'country': 'Netherlands', 'postcode': '7479 IK', 'coordinates': {'latitude': '31.8263', 'longitude': '111.2225'}, 'timezone': {'offset': '-1:00', 'description': 'Azores, Cape Verde Islands'}}, 'email': 'ioanna.delijster@example.com', 'login': {'uuid': '6266b154-7de4-48f3-8342-8f007f9cfe4c', 'username': 'bigleopard954', 'password': 'dexter', 'salt': 'Z6qF7oam', 'md5': 'a3eca25b2b8b8158ec473070de3fe57c', 'sha1': 'cfbba23c4af98c3e1a02dbccc5f4545b7e62b049', 'sha256': '4716e6730dad9fbc1fb6d38262993c35f5027446197f5b7c241e27bbbe50b6d5'}, 'dob': {'date': '1947-01-20T10:50:32.584Z', 'age': 77}, 'registered': {'date': '2002-11-23T20:27:29.467Z', 'age': 21}, 'phone': '(095) 7992714', 'cell': '(06) 89906090', 'id': {'name': 'BSN', 'value': '99486600'}, 'picture': {'large': 'https://randomuser.me/api/portraits/women/48.jpg', 'medium': 'https://randomuser.me/api/portraits/med/women/48.jpg', 'thumbnail': 'https://randomuser.me/api/portraits/thumb/women/48.jpg'}, 'nat': 'NL'}</msg>
<arg>${json_data['results'][0]}</arg>
<doc>Logs the given message with the given level.</doc>
<status status="PASS" start="2024-04-14T22:04:43.178190" elapsed="0.000426"/>
</kw>
<kw name="Log" owner="BuiltIn">
<msg time="2024-04-14T22:04:43.179058" level="INFO">gender</msg>
<arg>${key}</arg>
<doc>Logs the given message with the given level.</doc>
<status status="PASS" start="2024-04-14T22:04:43.178928" elapsed="0.000170"/>
</kw>
<var name="${key}">gender</var>
<status status="PASS" start="2024-04-14T22:04:43.177303" elapsed="0.002020"/>
</iter>
<iter>
<kw name="Dictionary Should Contain Key" owner="Collections">
<msg time="2024-04-14T22:04:43.180055" level="INFO">False</msg>
<arg>${json_data['results'][0]}</arg>
<arg>${key}</arg>
<doc>Fails if ``key`` is not found from ``dictionary``.</doc>
<status status="PASS" start="2024-04-14T22:04:43.179663" elapsed="0.000431"/>
</kw>
<kw name="Log" owner="BuiltIn">
<msg time="2024-04-14T22:04:43.180797" level="INFO">{'gender': 'female', 'name': {'title': 'Mrs', 'first': 'Ioanna', 'last': 'De Lijster'}, 'location': {'street': {'number': 6946, 'name': 'Avenue'}, 'city': 'Holwerd', 'state': 'Gelderland', 'country': 'Netherlands', 'postcode': '7479 IK', 'coordinates': {'latitude': '31.8263', 'longitude': '111.2225'}, 'timezone': {'offset': '-1:00', 'description': 'Azores, Cape Verde Islands'}}, 'email': 'ioanna.delijster@example.com', 'login': {'uuid': '6266b154-7de4-48f3-8342-8f007f9cfe4c', 'username': 'bigleopard954', 'password': 'dexter', 'salt': 'Z6qF7oam', 'md5': 'a3eca25b2b8b8158ec473070de3fe57c', 'sha1': 'cfbba23c4af98c3e1a02dbccc5f4545b7e62b049', 'sha256': '4716e6730dad9fbc1fb6d38262993c35f5027446197f5b7c241e27bbbe50b6d5'}, 'dob': {'date': '1947-01-20T10:50:32.584Z', 'age': 77}, 'registered': {'date': '2002-11-23T20:27:29.467Z', 'age': 21}, 'phone': '(095) 7992714', 'cell': '(06) 89906090', 'id': {'name': 'BSN', 'value': '99486600'}, 'picture': {'large': 'https://randomuser.me/api/portraits/women/48.jpg', 'medium': 'https://randomuser.me/api/portraits/med/women/48.jpg', 'thumbnail': 'https://randomuser.me/api/portraits/thumb/women/48.jpg'}, 'nat': 'NL'}</msg>
<arg>${json_data['results'][0]}</arg>
<doc>Logs the given message with the given level.</doc>
<status status="PASS" start="2024-04-14T22:04:43.180425" elapsed="0.000426"/>
</kw>
<kw name="Log" owner="BuiltIn">
<msg time="2024-04-14T22:04:43.181286" level="INFO">name</msg>
<arg>${key}</arg>
<doc>Logs the given message with the given level.</doc>
<status status="PASS" start="2024-04-14T22:04:43.181156" elapsed="0.000169"/>
</kw>
<var name="${key}">name</var>
<status status="PASS" start="2024-04-14T22:04:43.179545" elapsed="0.001997"/>
</iter>
<iter>
<kw name="Dictionary Should Contain Key" owner="Collections">
<msg time="2024-04-14T22:04:43.182215" level="INFO">False</msg>
<arg>${json_data['results'][0]}</arg>
<arg>${key}</arg>
<doc>Fails if ``key`` is not found from ``dictionary``.</doc>
<status status="PASS" start="2024-04-14T22:04:43.181837" elapsed="0.000417"/>
</kw>
<kw name="Log" owner="BuiltIn">
<msg time="2024-04-14T22:04:43.182914" level="INFO">{'gender': 'female', 'name': {'title': 'Mrs', 'first': 'Ioanna', 'last': 'De Lijster'}, 'location': {'street': {'number': 6946, 'name': 'Avenue'}, 'city': 'Holwerd', 'state': 'Gelderland', 'country': 'Netherlands', 'postcode': '7479 IK', 'coordinates': {'latitude': '31.8263', 'longitude': '111.2225'}, 'timezone': {'offset': '-1:00', 'description': 'Azores, Cape Verde Islands'}}, 'email': 'ioanna.delijster@example.com', 'login': {'uuid': '6266b154-7de4-48f3-8342-8f007f9cfe4c', 'username': 'bigleopard954', 'password': 'dexter', 'salt': 'Z6qF7oam', 'md5': 'a3eca25b2b8b8158ec473070de3fe57c', 'sha1': 'cfbba23c4af98c3e1a02dbccc5f4545b7e62b049', 'sha256': '4716e6730dad9fbc1fb6d38262993c35f5027446197f5b7c241e27bbbe50b6d5'}, 'dob': {'date': '1947-01-20T10:50:32.584Z', 'age': 77}, 'registered': {'date': '2002-11-23T20:27:29.467Z', 'age': 21}, 'phone': '(095) 7992714', 'cell': '(06) 89906090', 'id': {'name': 'BSN', 'value': '99486600'}, 'picture': {'large': 'https://randomuser.me/api/portraits/women/48.jpg', 'medium': 'https://randomuser.me/api/portraits/med/women/48.jpg', 'thumbnail': 'https://randomuser.me/api/portraits/thumb/women/48.jpg'}, 'nat': 'NL'}</msg>
<arg>${json_data['results'][0]}</arg>
<doc>Logs the given message with the given level.</doc>
<status status="PASS" start="2024-04-14T22:04:43.182554" elapsed="0.000408"/>
</kw>
<kw name="Log" owner="BuiltIn">
<msg time="2024-04-14T22:04:43.183417" level="INFO">location</msg>
<arg>${key}</arg>
<doc>Logs the given message with the given level.</doc>
<status status="PASS" start="2024-04-14T22:04:43.183260" elapsed="0.000207"/>
</kw>
<var name="${key}">location</var>
<status status="PASS" start="2024-04-14T22:04:43.181724" elapsed="0.001965"/>
</iter>
<iter>
<kw name="Dictionary Should Contain Key" owner="Collections">
<msg time="2024-04-14T22:04:43.184393" level="INFO">False</msg>
<arg>${json_data['results'][0]}</arg>
<arg>${key}</arg>
<doc>Fails if ``key`` is not found from ``dictionary``.</doc>
<status status="PASS" start="2024-04-14T22:04:43.184004" elapsed="0.000446"/>
</kw>
<kw name="Log" owner="BuiltIn">
<msg time="2024-04-14T22:04:43.185121" level="INFO">{'gender': 'female', 'name': {'title': 'Mrs', 'first': 'Ioanna', 'last': 'De Lijster'}, 'location': {'street': {'number': 6946, 'name': 'Avenue'}, 'city': 'Holwerd', 'state': 'Gelderland', 'country': 'Netherlands', 'postcode': '7479 IK', 'coordinates': {'latitude': '31.8263', 'longitude': '111.2225'}, 'timezone': {'offset': '-1:00', 'description': 'Azores, Cape Verde Islands'}}, 'email': 'ioanna.delijster@example.com', 'login': {'uuid': '6266b154-7de4-48f3-8342-8f007f9cfe4c', 'username': 'bigleopard954', 'password': 'dexter', 'salt': 'Z6qF7oam', 'md5': 'a3eca25b2b8b8158ec473070de3fe57c', 'sha1': 'cfbba23c4af98c3e1a02dbccc5f4545b7e62b049', 'sha256': '4716e6730dad9fbc1fb6d38262993c35f5027446197f5b7c241e27bbbe50b6d5'}, 'dob': {'date': '1947-01-20T10:50:32.584Z', 'age': 77}, 'registered': {'date': '2002-11-23T20:27:29.467Z', 'age': 21}, 'phone': '(095) 7992714', 'cell': '(06) 89906090', 'id': {'name': 'BSN', 'value': '99486600'}, 'picture': {'large': 'https://randomuser.me/api/portraits/women/48.jpg', 'medium': 'https://randomuser.me/api/portraits/med/women/48.jpg', 'thumbnail': 'https://randomuser.me/api/portraits/thumb/women/48.jpg'}, 'nat': 'NL'}</msg>
<arg>${json_data['results'][0]}</arg>
<doc>Logs the given message with the given level.</doc>
<status status="PASS" start="2024-04-14T22:04:43.184761" elapsed="0.000409"/>
</kw>
<kw name="Log" owner="BuiltIn">
<msg time="2024-04-14T22:04:43.185602" level="INFO">email</msg>
<arg>${key}</arg>
<doc>Logs the given message with the given level.</doc>
<status status="PASS" start="2024-04-14T22:04:43.185472" elapsed="0.000169"/>
</kw>
<var name="${key}">email</var>
<status status="PASS" start="2024-04-14T22:04:43.183883" elapsed="0.001973"/>
</iter>
<iter>
<kw name="Dictionary Should Contain Key" owner="Collections">
<msg time="2024-04-14T22:04:43.186528" level="INFO">False</msg>
<arg>${json_data['results'][0]}</arg>
<arg>${key}</arg>
<doc>Fails if ``key`` is not found from ``dictionary``.</doc>
<status status="PASS" start="2024-04-14T22:04:43.186142" elapsed="0.000423"/>
</kw>
<kw name="Log" owner="BuiltIn">
<msg time="2024-04-14T22:04:43.187233" level="INFO">{'gender': 'female', 'name': {'title': 'Mrs', 'first': 'Ioanna', 'last': 'De Lijster'}, 'location': {'street': {'number': 6946, 'name': 'Avenue'}, 'city': 'Holwerd', 'state': 'Gelderland', 'country': 'Netherlands', 'postcode': '7479 IK', 'coordinates': {'latitude': '31.8263', 'longitude': '111.2225'}, 'timezone': {'offset': '-1:00', 'description': 'Azores, Cape Verde Islands'}}, 'email': 'ioanna.delijster@example.com', 'login': {'uuid': '6266b154-7de4-48f3-8342-8f007f9cfe4c', 'username': 'bigleopard954', 'password': 'dexter', 'salt': 'Z6qF7oam', 'md5': 'a3eca25b2b8b8158ec473070de3fe57c', 'sha1': 'cfbba23c4af98c3e1a02dbccc5f4545b7e62b049', 'sha256': '4716e6730dad9fbc1fb6d38262993c35f5027446197f5b7c241e27bbbe50b6d5'}, 'dob': {'date': '1947-01-20T10:50:32.584Z', 'age': 77}, 'registered': {'date': '2002-11-23T20:27:29.467Z', 'age': 21}, 'phone': '(095) 7992714', 'cell': '(06) 89906090', 'id': {'name': 'BSN', 'value': '99486600'}, 'picture': {'large': 'https://randomuser.me/api/portraits/women/48.jpg', 'medium': 'https://randomuser.me/api/portraits/med/women/48.jpg', 'thumbnail': 'https://randomuser.me/api/portraits/thumb/women/48.jpg'}, 'nat': 'NL'}</msg>
<arg>${json_data['results'][0]}</arg>
<doc>Logs the given message with the given level.</doc>
<status status="PASS" start="2024-04-14T22:04:43.186876" elapsed="0.000403"/>
</kw>
<kw name="Log" owner="BuiltIn">
<msg time="2024-04-14T22:04:43.187735" level="INFO">login</msg>
<arg>${key}</arg>
<doc>Logs the given message with the given level.</doc>
<status status="PASS" start="2024-04-14T22:04:43.187608" elapsed="0.000166"/>
</kw>
<var name="${key}">login</var>
<status status="PASS" start="2024-04-14T22:04:43.186031" elapsed="0.001985"/>
</iter>
<var>${key}</var>
<value>@{expected_keys}</value>
<status status="PASS" start="2024-04-14T22:04:43.177101" elapsed="0.011042"/>
</for>
<kw name="Create List" owner="BuiltIn">
<msg time="2024-04-14T22:04:43.188489" level="INFO">${expected_keysTwo} = ['username', 'password']</msg>
<var>${expected_keysTwo}</var>
<arg>username</arg>
<arg>password</arg>
<doc>Returns a list containing given items.</doc>
<status status="PASS" start="2024-04-14T22:04:43.188343" elapsed="0.000170"/>
</kw>
<for flavor="IN">
<iter>
<kw name="Dictionary Should Contain Key" owner="Collections">
<msg time="2024-04-14T22:04:43.189508" level="INFO">False</msg>
<arg>${json_data['results'][0]['login']}</arg>
<arg>${keyTwo}</arg>
<doc>Fails if ``key`` is not found from ``dictionary``.</doc>
<status status="PASS" start="2024-04-14T22:04:43.189124" elapsed="0.000422"/>
</kw>
<kw name="Dictionary Should Contain Key" owner="Collections">
<msg time="2024-04-14T22:04:43.190223" level="INFO">False</msg>
<arg>${json_data['results'][0]['login']}</arg>
<arg>${keyTwo}</arg>
<doc>Fails if ``key`` is not found from ``dictionary``.</doc>
<status status="PASS" start="2024-04-14T22:04:43.189842" elapsed="0.000419"/>
</kw>
<kw name="Log" owner="BuiltIn">
<msg time="2024-04-14T22:04:43.190679" level="INFO">username</msg>
<arg>${keyTwo}</arg>
<doc>Logs the given message with the given level.</doc>
<status status="PASS" start="2024-04-14T22:04:43.190553" elapsed="0.000163"/>
</kw>
<var name="${keyTwo}">username</var>
<status status="PASS" start="2024-04-14T22:04:43.189009" elapsed="0.001922"/>
</iter>
<iter>
<kw name="Dictionary Should Contain Key" owner="Collections">
<msg time="2024-04-14T22:04:43.191632" level="INFO">False</msg>
<arg>${json_data['results'][0]['login']}</arg>
<arg>${keyTwo}</arg>
<doc>Fails if ``key`` is not found from ``dictionary``.</doc>
<status status="PASS" start="2024-04-14T22:04:43.191215" elapsed="0.000454"/>
</kw>
<kw name="Dictionary Should Contain Key" owner="Collections">
<msg time="2024-04-14T22:04:43.192345" level="INFO">False</msg>
<arg>${json_data['results'][0]['login']}</arg>
<arg>${keyTwo}</arg>
<doc>Fails if ``key`` is not found from ``dictionary``.</doc>
<status status="PASS" start="2024-04-14T22:04:43.191963" elapsed="0.000419"/>
</kw>
<kw name="Log" owner="BuiltIn">
<msg time="2024-04-14T22:04:43.193003" level="INFO">password</msg>
<arg>${keyTwo}</arg>
<doc>Logs the given message with the given level.</doc>
<status status="PASS" start="2024-04-14T22:04:43.192787" elapsed="0.000268"/>
</kw>
<var name="${keyTwo}">password</var>
<status status="PASS" start="2024-04-14T22:04:43.191105" elapsed="0.002202"/>
</iter>
<var>${keyTwo}</var>
<value>@{expected_keysTwo}</value>
<status status="PASS" start="2024-04-14T22:04:43.188751" elapsed="0.004678"/>
</for>
<status status="PASS" start="2024-04-14T22:04:43.075990" elapsed="0.117586"/>
</kw>
<doc>Testa a estrutura da resposta da API.</doc>
<tag>testeEstruturaResposta</tag>
<status status="PASS" start="2024-04-14T22:04:43.075182" elapsed="0.118566"/>
</test>
<test id="s1-s1-t4" name="Validar tipos de dados" line="28">
<kw name="Teste de Tipos de Dados" owner="random-user-service">
<kw name="GET On Session" owner="RequestsLibrary">
<msg time="2024-04-14T22:04:43.251947" level="INFO">GET Request : url=https://randomuser.me/api 
 path_url=/api 
 headers={'User-Agent': 'python-requests/2.31.0', 'Accept-Encoding': 'gzip, deflate', 'Accept': '*/*', 'Connection': 'keep-alive'} 
 body=None 
 </msg>
<msg time="2024-04-14T22:04:43.252057" level="INFO">GET Response : url=https://randomuser.me/api 
 status=200, reason=OK 
 headers={'Date': 'Sun, 14 Apr 2024 22:04:43 GMT', 'Content-Type': 'application/json; charset=utf-8', 'Transfer-Encoding': 'chunked', 'Connection': 'keep-alive', 'X-Powered-By': 'Express', 'Access-Control-Allow-Origin': '*', 'Cache-Control': 'no-cache', 'ETag': 'W/"4a7-QTx7V8H2vPXqWToQGTurk9hx7fE"', 'Vary': 'Accept-Encoding', 'Content-Encoding': 'gzip', 'CF-Cache-Status': 'DYNAMIC', 'Report-To': '{"endpoints":[{"url":"https:\\/\\/a.nel.cloudflare.com\\/report\\/v4?s=1svRaab%2Bc03%2Bn%2FQ0Dyu%2BLlcZESnP6ZYcvb85KAnPJGmZRb5JWZDg9q7XKkNJu7ovyNprLVz88OS2i%2FE5o7Nl1qcsrYaX8YlC2SsnwKgQe1QnB3h%2Bqs%2FsTccndbM0VJwo"}],"group":"cf-nel","max_age":604800}', 'NEL': '{"success_fraction":0,"report_to":"cf-nel","max_age":604800}', 'Server': 'cloudflare', 'CF-RAY': '8746fe41f9722036-IAD', 'alt-svc': 'h3=":443"; ma=86400'} 
 body={"results":[{"gender":"male","name":{"title":"Mr","first":"Cildo","last":"da Rocha"},"location":{"street":{"number":1192,"name":"Rua Dezenove de Outubro"},"city":"Rio das Ostras","state":"Amapá","country":"Brazil","postcode":26014,"coordinates":{"latitude":"-78.6554","longitude":"-112.2749"},"timezone":{"offset":"+4:00","description":"Abu Dhabi, Muscat, Baku, Tbilisi"}},"email":"cildo.darocha@example.com","login":{"uuid":"35913b12-101a-4622-94f1-bb3d6d4de4b0","username":"yellowbutterfly727","password":"digital1","salt":"hagNyikt","md5":"5861b3a45efccfc76c5cac9a07287369","sha1":"669d40a11d51940f8bcb2466fb6085b50eca5442","sha256":"d9329695dda72a3e556106920d96a15a044a926d152694f4ac8fa37f517d23b0"},"dob":{"date":"1985-02-20T04:50:51.593Z","age":39},"registered":{"date":"2006-07-18T02:32:30.179Z","age":17},"phone":"(38) 2892-7051","cell":"(67) 4219-8680","id":{"name":"CPF","value":"834.792.464-57"},"picture":{"large":"https://randomuser.me/api/portraits/men/87.jpg","medium":"https://randomuser.me/api/portraits/med/men/87.jpg","thumbnail":"https://randomuser.me/api/portraits/thumb/men/87.jpg"},"nat":"BR"}],"info":{"seed":"cb347d860ec20ef8","results":1,"page":1,"version":"1.4"}} 
 </msg>
<msg time="2024-04-14T22:04:43.252150" level="INFO">/opt/hostedtoolcache/Python/3.12.2/x64/lib/python3.12/site-packages/urllib3/connectionpool.py:1103: InsecureRequestWarning: Unverified HTTPS request is being made to host 'randomuser.me'. Adding certificate verification is strongly advised. See: https://urllib3.readthedocs.io/en/latest/advanced-usage.html#tls-warnings
  warnings.warn(</msg>
<msg time="2024-04-14T22:04:43.252293" level="INFO">${response} = &lt;Response [200]&gt;</msg>
<var>${response}</var>
<arg>consultarAPI</arg>
<arg>/api</arg>
<doc>Sends a GET request on a previously created HTTP Session.</doc>
<status status="PASS" start="2024-04-14T22:04:43.196369" elapsed="0.055971"/>
</kw>
<kw name="Set Variable" owner="BuiltIn">
<msg time="2024-04-14T22:04:43.253576" level="INFO">${json_data} = {'results': [{'gender': 'male', 'name': {'title': 'Mr', 'first': 'Cildo', 'last': 'da Rocha'}, 'location': {'street': {'number': 1192, 'name': 'Rua Dezenove de Outubro'}, 'city': 'Rio das Ostras', 'st...</msg>
<var>${json_data}</var>
<arg>${response.json()}</arg>
<doc>Returns the given values which can then be assigned to a variables.</doc>
<status status="PASS" start="2024-04-14T22:04:43.252998" elapsed="0.000608"/>
</kw>
<kw name="Log" owner="BuiltIn">
<msg time="2024-04-14T22:04:43.254096" level="INFO">{'results': [{'gender': 'male', 'name': {'title': 'Mr', 'first': 'Cildo', 'last': 'da Rocha'}, 'location': {'street': {'number': 1192, 'name': 'Rua Dezenove de Outubro'}, 'city': 'Rio das Ostras', 'state': 'Amapá', 'country': 'Brazil', 'postcode': 26014, 'coordinates': {'latitude': '-78.6554', 'longitude': '-112.2749'}, 'timezone': {'offset': '+4:00', 'description': 'Abu Dhabi, Muscat, Baku, Tbilisi'}}, 'email': 'cildo.darocha@example.com', 'login': {'uuid': '35913b12-101a-4622-94f1-bb3d6d4de4b0', 'username': 'yellowbutterfly727', 'password': 'digital1', 'salt': 'hagNyikt', 'md5': '5861b3a45efccfc76c5cac9a07287369', 'sha1': '669d40a11d51940f8bcb2466fb6085b50eca5442', 'sha256': 'd9329695dda72a3e556106920d96a15a044a926d152694f4ac8fa37f517d23b0'}, 'dob': {'date': '1985-02-20T04:50:51.593Z', 'age': 39}, 'registered': {'date': '2006-07-18T02:32:30.179Z', 'age': 17}, 'phone': '(38) 2892-7051', 'cell': '(67) 4219-8680', 'id': {'name': 'CPF', 'value': '834.792.464-57'}, 'picture': {'large': 'https://randomuser.me/api/portraits/men/87.jpg', 'medium': 'https://randomuser.me/api/portraits/med/men/87.jpg', 'thumbnail': 'https://randomuser.me/api/portraits/thumb/men/87.jpg'}, 'nat': 'BR'}], 'info': {'seed': 'cb347d860ec20ef8', 'results': 1, 'page': 1, 'version': '1.4'}}</msg>
<arg>${json_data}</arg>
<doc>Logs the given message with the given level.</doc>
<status status="PASS" start="2024-04-14T22:04:43.253919" elapsed="0.000266"/>
</kw>
<kw name="Should Be String" owner="String">
<arg>${json_data['results'][0]['gender']}</arg>
<doc>Fails if the given ``item`` is not a string.</doc>
<status status="PASS" start="2024-04-14T22:04:43.254491" elapsed="0.000375"/>
</kw>
<kw name="Should Match Regexp" owner="BuiltIn">
<arg>${json_data['results'][0]['email']}</arg>
<arg>^[a-zA-Z0-9._%+-]+@[a-zA-Z0-9.-]+\.[a-zA-Z]{2,}$</arg>
<doc>Fails if ``string`` does not match ``pattern`` as a regular expression.</doc>
<status status="PASS" start="2024-04-14T22:04:43.255066" elapsed="0.000578"/>
</kw>
<kw name="Should Match Regexp" owner="BuiltIn">
<arg>${json_data['results'][0]['dob']['date']}</arg>
<arg>\\d{4}-\\d{2}-\\d{2}T\\d{2}:\\d{2}:\\d{2}\\.\\d{3}Z</arg>
<doc>Fails if ``string`` does not match ``pattern`` as a regular expression.</doc>
<status status="PASS" start="2024-04-14T22:04:43.255846" elapsed="0.000496"/>
</kw>
<kw name="Should Match Regexp" owner="BuiltIn">
<arg>${json_data['results'][0]['registered']['date']}</arg>
<arg>\\d{4}-\\d{2}-\\d{2}T\\d{2}:\\d{2}:\\d{2}\\.\\d{3}Z</arg>
<doc>Fails if ``string`` does not match ``pattern`` as a regular expression.</doc>
<status status="PASS" start="2024-04-14T22:04:43.256542" elapsed="0.000378"/>
</kw>
<kw name="Should Match Regexp" owner="BuiltIn">
<arg>${json_data['results'][0]['picture']['large']}</arg>
<arg>^https?://.*\.(?:png|jpe?g|gif|bmp)$</arg>
<doc>Fails if ``string`` does not match ``pattern`` as a regular expression.</doc>
<status status="PASS" start="2024-04-14T22:04:43.257110" elapsed="0.000463"/>
</kw>
<kw name="Should Match Regexp" owner="BuiltIn">
<arg>${json_data['results'][0]['picture']['medium']}</arg>
<arg>^https?://.*\.(?:png|jpe?g|gif|bmp)$</arg>
<doc>Fails if ``string`` does not match ``pattern`` as a regular expression.</doc>
<status status="PASS" start="2024-04-14T22:04:43.257764" elapsed="0.000352"/>
</kw>
<kw name="Should Match Regexp" owner="BuiltIn">
<arg>${json_data['results'][0]['picture']['thumbnail']}</arg>
<arg>^https?://.*\.(?:png|jpe?g|gif|bmp)$</arg>
<doc>Fails if ``string`` does not match ``pattern`` as a regular expression.</doc>
<status status="PASS" start="2024-04-14T22:04:43.258311" elapsed="0.000355"/>
</kw>
<kw name="Log" owner="BuiltIn">
<msg time="2024-04-14T22:04:43.259181" level="INFO">{'large': 'https://randomuser.me/api/portraits/men/87.jpg', 'medium': 'https://randomuser.me/api/portraits/med/men/87.jpg', 'thumbnail': 'https://randomuser.me/api/portraits/thumb/men/87.jpg'}</msg>
<arg>${json_data['results'][0]['picture']}</arg>
<doc>Logs the given message with the given level.</doc>
<status status="PASS" start="2024-04-14T22:04:43.258848" elapsed="0.000375"/>
</kw>
<status status="PASS" start="2024-04-14T22:04:43.196136" elapsed="0.063367"/>
</kw>
<kw name="Teste de Tipos de Dados - Postcode" owner="random-user-service">
<kw name="GET On Session" owner="RequestsLibrary">
<msg time="2024-04-14T22:04:43.354026" level="INFO">GET Request : url=https://randomuser.me/api 
 path_url=/api 
 headers={'User-Agent': 'python-requests/2.31.0', 'Accept-Encoding': 'gzip, deflate', 'Accept': '*/*', 'Connection': 'keep-alive'} 
 body=None 
 </msg>
<msg time="2024-04-14T22:04:43.354135" level="INFO">GET Response : url=https://randomuser.me/api 
 status=200, reason=OK 
 headers={'Date': 'Sun, 14 Apr 2024 22:04:43 GMT', 'Content-Type': 'application/json; charset=utf-8', 'Transfer-Encoding': 'chunked', 'Connection': 'keep-alive', 'X-Powered-By': 'Express', 'Access-Control-Allow-Origin': '*', 'Cache-Control': 'no-cache', 'ETag': 'W/"490-yHXWYzVA4ZeuihSHgBSnGTV2i/Y"', 'Vary': 'Accept-Encoding', 'Content-Encoding': 'gzip', 'CF-Cache-Status': 'DYNAMIC', 'Report-To': '{"endpoints":[{"url":"https:\\/\\/a.nel.cloudflare.com\\/report\\/v4?s=3sE5S9Wl3F8hep0kulGHL9ex7OMPmZ07ekelOWlI6zpLR%2By%2FbqQs2lZp7Sb7M%2FDr0ZZqbdaOZhCnkMRDCWTy2rAIFzX7v1RT%2BZrNFcMDRU747d6ol1xi8MnLKHJwQ4YO"}],"group":"cf-nel","max_age":604800}', 'NEL': '{"success_fraction":0,"report_to":"cf-nel","max_age":604800}', 'Server': 'cloudflare', 'CF-RAY': '8746fe4269ce2036-IAD', 'alt-svc': 'h3=":443"; ma=86400'} 
 body={"results":[{"gender":"female","name":{"title":"Miss","first":"Tava","last":"Kalishevskiy"},"location":{"street":{"number":4150,"name":"Tereshchenkivska"},"city":"Mar'yinka","state":"Sumska","country":"Ukraine","postcode":17569,"coordinates":{"latitude":"75.0376","longitude":"111.4525"},"timezone":{"offset":"-3:00","description":"Brazil, Buenos Aires, Georgetown"}},"email":"tava.kalishevskiy@example.com","login":{"uuid":"e5456e8b-1e63-4ef9-ad75-229d194b6736","username":"goldendog227","password":"hootie","salt":"3Ap69LA1","md5":"64a217c3c6cbfaef8050653ea9f09f61","sha1":"130806e2bad64cc0d5afd9feae8b17bab1438b75","sha256":"bbb416d1d24df14446d50338a9d90b6b9a68be17bff4a488a181b93d043d4a83"},"dob":{"date":"1979-07-29T16:28:22.289Z","age":44},"registered":{"date":"2018-12-04T23:51:28.317Z","age":5},"phone":"(097) H64-4231","cell":"(097) U43-0697","id":{"name":"","value":null},"picture":{"large":"https://randomuser.me/api/portraits/women/6.jpg","medium":"https://randomuser.me/api/portraits/med/women/6.jpg","thumbnail":"https://randomuser.me/api/portraits/thumb/women/6.jpg"},"nat":"UA"}],"info":{"seed":"5889d2fa45caee90","results":1,"page":1,"version":"1.4"}} 
 </msg>
<msg time="2024-04-14T22:04:43.354238" level="INFO">/opt/hostedtoolcache/Python/3.12.2/x64/lib/python3.12/site-packages/urllib3/connectionpool.py:1103: InsecureRequestWarning: Unverified HTTPS request is being made to host 'randomuser.me'. Adding certificate verification is strongly advised. See: https://urllib3.readthedocs.io/en/latest/advanced-usage.html#tls-warnings
  warnings.warn(</msg>
<msg time="2024-04-14T22:04:43.354381" level="INFO">${response} = &lt;Response [200]&gt;</msg>
<var>${response}</var>
<arg>consultarAPI</arg>
<arg>/api</arg>
<doc>Sends a GET request on a previously created HTTP Session.</doc>
<status status="PASS" start="2024-04-14T22:04:43.259986" elapsed="0.094441"/>
</kw>
<kw name="Set Variable" owner="BuiltIn">
<msg time="2024-04-14T22:04:43.355664" level="INFO">${json_data} = {'results': [{'gender': 'female', 'name': {'title': 'Miss', 'first': 'Tava', 'last': 'Kalishevskiy'}, 'location': {'street': {'number': 4150, 'name': 'Tereshchenkivska'}, 'city': "Mar'yinka", 'state':...</msg>
<var>${json_data}</var>
<arg>${response.json()}</arg>
<doc>Returns the given values which can then be assigned to a variables.</doc>
<status status="PASS" start="2024-04-14T22:04:43.355070" elapsed="0.000623"/>
</kw>
<kw name="Log" owner="BuiltIn">
<msg time="2024-04-14T22:04:43.356170" level="INFO">{'results': [{'gender': 'female', 'name': {'title': 'Miss', 'first': 'Tava', 'last': 'Kalishevskiy'}, 'location': {'street': {'number': 4150, 'name': 'Tereshchenkivska'}, 'city': "Mar'yinka", 'state': 'Sumska', 'country': 'Ukraine', 'postcode': 17569, 'coordinates': {'latitude': '75.0376', 'longitude': '111.4525'}, 'timezone': {'offset': '-3:00', 'description': 'Brazil, Buenos Aires, Georgetown'}}, 'email': 'tava.kalishevskiy@example.com', 'login': {'uuid': 'e5456e8b-1e63-4ef9-ad75-229d194b6736', 'username': 'goldendog227', 'password': 'hootie', 'salt': '3Ap69LA1', 'md5': '64a217c3c6cbfaef8050653ea9f09f61', 'sha1': '130806e2bad64cc0d5afd9feae8b17bab1438b75', 'sha256': 'bbb416d1d24df14446d50338a9d90b6b9a68be17bff4a488a181b93d043d4a83'}, 'dob': {'date': '1979-07-29T16:28:22.289Z', 'age': 44}, 'registered': {'date': '2018-12-04T23:51:28.317Z', 'age': 5}, 'phone': '(097) H64-4231', 'cell': '(097) U43-0697', 'id': {'name': '', 'value': None}, 'picture': {'large': 'https://randomuser.me/api/portraits/women/6.jpg', 'medium': 'https://randomuser.me/api/portraits/med/women/6.jpg', 'thumbnail': 'https://randomuser.me/api/portraits/thumb/women/6.jpg'}, 'nat': 'UA'}], 'info': {'seed': '5889d2fa45caee90', 'results': 1, 'page': 1, 'version': '1.4'}}</msg>
<arg>${json_data}</arg>
<doc>Logs the given message with the given level.</doc>
<status status="PASS" start="2024-04-14T22:04:43.356011" elapsed="0.000241"/>
</kw>
<kw name="Should Be Equal As Numbers" owner="BuiltIn">
<arg>${json_data['results'][0]['location']['postcode']}</arg>
<arg>${json_data['results'][0]['location']['postcode']}</arg>
<doc>Fails if objects are unequal after converting them to real numbers.</doc>
<status status="PASS" start="2024-04-14T22:04:43.356556" elapsed="0.000629"/>
</kw>
<kw name="Log" owner="BuiltIn">
<msg time="2024-04-14T22:04:43.357727" level="INFO">17569</msg>
<arg>${json_data['results'][0]['location']['postcode']}</arg>
<doc>Logs the given message with the given level.</doc>
<status status="PASS" start="2024-04-14T22:04:43.357378" elapsed="0.000390"/>
</kw>
<status status="PASS" start="2024-04-14T22:04:43.259743" elapsed="0.098285"/>
</kw>
<doc>Testa se os tipos de dados na resposta da API estão corretos.</doc>
<tag>testeTiposDados</tag>
<status status="PASS" start="2024-04-14T22:04:43.195545" elapsed="0.162660"/>
</test>
<test id="s1-s1-t5" name="Validar conteudo" line="35">
<kw name="Teste de Tipos de Conteudo" owner="random-user-service">
<kw name="GET On Session" owner="RequestsLibrary">
<msg time="2024-04-14T22:04:43.468707" level="INFO">GET Request : url=https://randomuser.me/api 
 path_url=/api 
 headers={'User-Agent': 'python-requests/2.31.0', 'Accept-Encoding': 'gzip, deflate', 'Accept': '*/*', 'Connection': 'keep-alive'} 
 body=None 
 </msg>
<msg time="2024-04-14T22:04:43.468811" level="INFO">GET Response : url=https://randomuser.me/api 
 status=200, reason=OK 
 headers={'Date': 'Sun, 14 Apr 2024 22:04:43 GMT', 'Content-Type': 'application/json; charset=utf-8', 'Transfer-Encoding': 'chunked', 'Connection': 'keep-alive', 'X-Powered-By': 'Express', 'Access-Control-Allow-Origin': '*', 'Cache-Control': 'no-cache', 'ETag': 'W/"48d-osNgCk8dXq5RoBU4HY5z28eA4QE"', 'Vary': 'Accept-Encoding', 'Content-Encoding': 'gzip', 'CF-Cache-Status': 'DYNAMIC', 'Report-To': '{"endpoints":[{"url":"https:\\/\\/a.nel.cloudflare.com\\/report\\/v4?s=4FH2SEtuV8LRLlBioEu3WXEYhEqlJ6NT%2BWTXrd6uqU4MY93lTXa0R28flS6gBPZ0xGd3scuxmujIkpK6gEs7JYvwgw0ydDwQdA6w9vG7nyC4ZOP%2FPkH0hBy3d2sQp5QD"}],"group":"cf-nel","max_age":604800}', 'NEL': '{"success_fraction":0,"report_to":"cf-nel","max_age":604800}', 'Server': 'cloudflare', 'CF-RAY': '8746fe430a802036-IAD', 'alt-svc': 'h3=":443"; ma=86400'} 
 body={"results":[{"gender":"female","name":{"title":"Miss","first":"Alfreda","last":"Santos"},"location":{"street":{"number":3481,"name":"Rua Tiradentes "},"city":"Itapipoca","state":"Mato Grosso","country":"Brazil","postcode":12100,"coordinates":{"latitude":"-77.9361","longitude":"39.9864"},"timezone":{"offset":"-2:00","description":"Mid-Atlantic"}},"email":"alfreda.santos@example.com","login":{"uuid":"0e565d66-0990-4800-8cac-39f17f5d6968","username":"silverduck611","password":"nylons","salt":"KMdFdabX","md5":"b6704da830cfce83ca8d17676b021454","sha1":"e3d4fb8fd6da0f3a39d95789a99434640490d8bd","sha256":"e1837140d8e422b2a6c4660802d7fdb2c7af82e761491a0a3d6727b699dd9ef1"},"dob":{"date":"1998-09-03T09:54:51.296Z","age":25},"registered":{"date":"2003-08-27T19:54:32.390Z","age":20},"phone":"(93) 8354-5895","cell":"(06) 3332-9703","id":{"name":"CPF","value":"216.425.029-02"},"picture":{"large":"https://randomuser.me/api/portraits/women/44.jpg","medium":"https://randomuser.me/api/portraits/med/women/44.jpg","thumbnail":"https://randomuser.me/api/portraits/thumb/women/44.jpg"},"nat":"BR"}],"info":{"seed":"b4e0b6574993b328","results":1,"page":1,"version":"1.4"}} 
 </msg>
<msg time="2024-04-14T22:04:43.468886" level="INFO">/opt/hostedtoolcache/Python/3.12.2/x64/lib/python3.12/site-packages/urllib3/connectionpool.py:1103: InsecureRequestWarning: Unverified HTTPS request is being made to host 'randomuser.me'. Adding certificate verification is strongly advised. See: https://urllib3.readthedocs.io/en/latest/advanced-usage.html#tls-warnings
  warnings.warn(</msg>
<msg time="2024-04-14T22:04:43.469009" level="INFO">${response} = &lt;Response [200]&gt;</msg>
<var>${response}</var>
<arg>consultarAPI</arg>
<arg>/api</arg>
<doc>Sends a GET request on a previously created HTTP Session.</doc>
<status status="PASS" start="2024-04-14T22:04:43.360827" elapsed="0.108222"/>
</kw>
<kw name="Set Variable" owner="BuiltIn">
<msg time="2024-04-14T22:04:43.470246" level="INFO">${json_data} = {'results': [{'gender': 'female', 'name': {'title': 'Miss', 'first': 'Alfreda', 'last': 'Santos'}, 'location': {'street': {'number': 3481, 'name': 'Rua Tiradentes '}, 'city': 'Itapipoca', 'state': 'Ma...</msg>
<var>${json_data}</var>
<arg>${response.json()}</arg>
<doc>Returns the given values which can then be assigned to a variables.</doc>
<status status="PASS" start="2024-04-14T22:04:43.469679" elapsed="0.000595"/>
</kw>
<kw name="Set Variable" owner="BuiltIn">
<msg time="2024-04-14T22:04:43.470977" level="INFO">${name_title} = Miss</msg>
<var>${name_title}</var>
<arg>${json_data["results"][0]["name"]["title"]}</arg>
<doc>Returns the given values which can then be assigned to a variables.</doc>
<status status="PASS" start="2024-04-14T22:04:43.470586" elapsed="0.000417"/>
</kw>
<kw name="Create List" owner="BuiltIn">
<msg time="2024-04-14T22:04:43.471517" level="INFO">${allowed_titles} = ['Mr', 'Ms', 'Miss', 'Mrs', 'Madame', 'Monsieur']</msg>
<var>${allowed_titles}</var>
<arg>Mr</arg>
<arg>Ms</arg>
<arg>Miss</arg>
<arg>Mrs</arg>
<arg>Madame</arg>
<arg>Monsieur</arg>
<doc>Returns a list containing given items.</doc>
<status status="PASS" start="2024-04-14T22:04:43.471316" elapsed="0.000225"/>
</kw>
<kw name="List Should Contain Value" owner="Collections">
<msg time="2024-04-14T22:04:43.472032" level="INFO">False</msg>
<arg>${allowed_titles}</arg>
<arg>${name_title}</arg>
<doc>Fails if the ``value`` is not found from ``list``.</doc>
<status status="PASS" start="2024-04-14T22:04:43.471850" elapsed="0.000221"/>
</kw>
<kw name="Set Variable" owner="BuiltIn">
<msg time="2024-04-14T22:04:43.472749" level="INFO">${name_country} = BR</msg>
<var>${name_country}</var>
<arg>${json_data["results"][0]["nat"]}</arg>
<doc>Returns the given values which can then be assigned to a variables.</doc>
<status status="PASS" start="2024-04-14T22:04:43.472360" elapsed="0.000415"/>
</kw>
<kw name="Create List" owner="BuiltIn">
<msg time="2024-04-14T22:04:43.473689" level="INFO">${list_country} = ['AD', 'AE', 'AF', 'AG', 'AI', 'AL', 'AM', 'AO', 'AQ', 'AR', 'AS', 'AT', 'AU', 'AW', 'AX', 'AZ', 'BA', 'BB', 'BD', 'BE', 'BF', 'BG', 'BH', 'BI', 'BJ', 'BL', 'BM', 'BN', 'BO', 'BQ', 'BR', 'BS', 'BT', '...</msg>
<var>${list_country}</var>
<arg>AD</arg>
<arg>AE</arg>
<arg>AF</arg>
<arg>AG</arg>
<arg>AI</arg>
<arg>AL</arg>
<arg>AM</arg>
<arg>AO</arg>
<arg>AQ</arg>
<arg>AR</arg>
<arg>AS</arg>
<arg>AT</arg>
<arg>AU</arg>
<arg>AW</arg>
<arg>AX</arg>
<arg>AZ</arg>
<arg>BA</arg>
<arg>BB</arg>
<arg>BD</arg>
<arg>BE</arg>
<arg>BF</arg>
<arg>BG</arg>
<arg>BH</arg>
<arg>BI</arg>
<arg>BJ</arg>
<arg>BL</arg>
<arg>BM</arg>
<arg>BN</arg>
<arg>BO</arg>
<arg>BQ</arg>
<arg>BR</arg>
<arg>BS</arg>
<arg>BT</arg>
<arg>BV</arg>
<arg>BW</arg>
<arg>BY</arg>
<arg>BZ</arg>
<arg>CA</arg>
<arg>CC</arg>
<arg>CD</arg>
<arg>CF</arg>
<arg>CG</arg>
<arg>CH</arg>
<arg>CI</arg>
<arg>CK</arg>
<arg>CL</arg>
<arg>CM</arg>
<arg>CN</arg>
<arg>CO</arg>
<arg>CR</arg>
<arg>CU</arg>
<arg>CV</arg>
<arg>CW</arg>
<arg>CX</arg>
<arg>CY</arg>
<arg>CZ</arg>
<arg>DE</arg>
<arg>DJ</arg>
<arg>DK</arg>
<arg>DM</arg>
<arg>DO</arg>
<arg>DZ</arg>
<arg>EC</arg>
<arg>EE</arg>
<arg>EG</arg>
<arg>EH</arg>
<arg>ER</arg>
<arg>ES</arg>
<arg>ET</arg>
<arg>FI</arg>
<arg>FJ</arg>
<arg>FK</arg>
<arg>FM</arg>
<arg>FO</arg>
<arg>FR</arg>
<arg>GA</arg>
<arg>GB</arg>
<arg>GD</arg>
<arg>GE</arg>
<arg>GF</arg>
<arg>GG</arg>
<arg>GH</arg>
<arg>GI</arg>
<arg>GL</arg>
<arg>GM</arg>
<arg>GN</arg>
<arg>GP</arg>
<arg>GQ</arg>
<arg>GR</arg>
<arg>GS</arg>
<arg>GT</arg>
<arg>GU</arg>
<arg>GW</arg>
<arg>GY</arg>
<arg>HK</arg>
<arg>HM</arg>
<arg>HN</arg>
<arg>HR</arg>
<arg>HT</arg>
<arg>HU</arg>
<arg>ID</arg>
<arg>IE</arg>
<arg>IL</arg>
<arg>IM</arg>
<arg>IN</arg>
<arg>IO</arg>
<arg>IQ</arg>
<arg>IR</arg>
<arg>IS</arg>
<arg>IT</arg>
<arg>JE</arg>
<arg>JM</arg>
<arg>JO</arg>
<arg>JP</arg>
<arg>KE</arg>
<arg>KG</arg>
<arg>KH</arg>
<arg>KI</arg>
<arg>KM</arg>
<arg>KN</arg>
<arg>KP</arg>
<arg>KR</arg>
<arg>KW</arg>
<arg>KY</arg>
<arg>KZ</arg>
<arg>LA</arg>
<arg>LB</arg>
<arg>LC</arg>
<arg>LI</arg>
<arg>LK</arg>
<arg>LR</arg>
<arg>LS</arg>
<arg>LT</arg>
<arg>LU</arg>
<arg>LV</arg>
<arg>LY</arg>
<arg>MA</arg>
<arg>MC</arg>
<arg>MD</arg>
<arg>ME</arg>
<arg>MF</arg>
<arg>MG</arg>
<arg>MH</arg>
<arg>MK</arg>
<arg>ML</arg>
<arg>MM</arg>
<arg>MN</arg>
<arg>MO</arg>
<arg>MP</arg>
<arg>MQ</arg>
<arg>MR</arg>
<arg>MS</arg>
<arg>MT</arg>
<arg>MU</arg>
<arg>MV</arg>
<arg>MW</arg>
<arg>MX</arg>
<arg>MY</arg>
<arg>MZ</arg>
<arg>NA</arg>
<arg>NC</arg>
<arg>NE</arg>
<arg>NF</arg>
<arg>NG</arg>
<arg>NI</arg>
<arg>NL</arg>
<arg>NO</arg>
<arg>NP</arg>
<arg>NR</arg>
<arg>NU</arg>
<arg>NZ</arg>
<arg>OM</arg>
<arg>PA</arg>
<arg>PE</arg>
<arg>PF</arg>
<arg>PG</arg>
<arg>PH</arg>
<arg>PK</arg>
<arg>PL</arg>
<arg>PM</arg>
<arg>PN</arg>
<arg>PR</arg>
<arg>PS</arg>
<arg>PT</arg>
<arg>PW</arg>
<arg>PY</arg>
<arg>QA</arg>
<arg>RE</arg>
<arg>RO</arg>
<arg>RS</arg>
<arg>RU</arg>
<arg>RW</arg>
<arg>SA</arg>
<arg>SB</arg>
<arg>SC</arg>
<arg>SD</arg>
<arg>SE</arg>
<arg>SG</arg>
<arg>SH</arg>
<arg>SI</arg>
<arg>SJ</arg>
<arg>SK</arg>
<arg>SL</arg>
<arg>SM</arg>
<arg>SN</arg>
<arg>SO</arg>
<arg>SR</arg>
<arg>SS</arg>
<arg>ST</arg>
<arg>SV</arg>
<arg>SX</arg>
<arg>SY</arg>
<arg>SZ</arg>
<arg>TC</arg>
<arg>TD</arg>
<arg>TF</arg>
<arg>TG</arg>
<arg>TH</arg>
<arg>TJ</arg>
<arg>TK</arg>
<arg>TL</arg>
<arg>TM</arg>
<arg>TN</arg>
<arg>TO</arg>
<arg>TR</arg>
<arg>TT</arg>
<arg>TV</arg>
<arg>TW</arg>
<arg>TZ</arg>
<arg>UA</arg>
<arg>UG</arg>
<arg>UM</arg>
<arg>US</arg>
<arg>UY</arg>
<arg>UZ</arg>
<arg>VA</arg>
<arg>VC</arg>
<arg>VE</arg>
<arg>VG</arg>
<arg>VI</arg>
<arg>VN</arg>
<arg>VU</arg>
<arg>WF</arg>
<arg>WS</arg>
<arg>XK</arg>
<arg>YE</arg>
<arg>YT</arg>
<arg>ZA</arg>
<arg>ZM</arg>
<arg>ZW</arg>
<doc>Returns a list containing given items.</doc>
<status status="PASS" start="2024-04-14T22:04:43.473087" elapsed="0.000628"/>
</kw>
<kw name="List Should Contain Value" owner="Collections">
<msg time="2024-04-14T22:04:43.474708" level="INFO">False</msg>
<arg>${list_country}</arg>
<arg>${name_country}</arg>
<doc>Fails if the ``value`` is not found from ``list``.</doc>
<status status="PASS" start="2024-04-14T22:04:43.474503" elapsed="0.000242"/>
</kw>
<kw name="Run Keyword If" owner="BuiltIn">
<kw name="Should Be True" owner="BuiltIn">
<arg>${True}</arg>
<doc>Fails if the given condition is not true.</doc>
<status status="PASS" start="2024-04-14T22:04:43.475996" elapsed="0.000147"/>
</kw>
<arg>${json_data["results"][0]["location"]["coordinates"]["latitude"]} &gt;= -90 and ${json_data["results"][0]["location"]["coordinates"]["latitude"]} &lt;= 90</arg>
<arg>Should Be True</arg>
<arg>${True}</arg>
<doc>Runs the given keyword with the given arguments, if ``condition`` is true.</doc>
<status status="PASS" start="2024-04-14T22:04:43.475063" elapsed="0.001208"/>
</kw>
<kw name="Run Keyword If" owner="BuiltIn">
<kw name="Should Be True" owner="BuiltIn">
<arg>${True}</arg>
<doc>Fails if the given condition is not true.</doc>
<status status="PASS" start="2024-04-14T22:04:43.477154" elapsed="0.000136"/>
</kw>
<arg>${json_data["results"][0]["location"]["coordinates"]["longitude"]} &gt;= -180 and ${json_data["results"][0]["location"]["coordinates"]["longitude"]} &lt;= 180</arg>
<arg>Should Be True</arg>
<arg>${True}</arg>
<doc>Runs the given keyword with the given arguments, if ``condition`` is true.</doc>
<status status="PASS" start="2024-04-14T22:04:43.476457" elapsed="0.000957"/>
</kw>
<status status="PASS" start="2024-04-14T22:04:43.360589" elapsed="0.116959"/>
</kw>
<doc>Testa o conteúdo específico dos campos retornados pela API.</doc>
<tag>testeConteudo</tag>
<status status="PASS" start="2024-04-14T22:04:43.360022" elapsed="0.117686"/>
</test>
<status status="PASS" start="2024-04-14T22:04:42.511406" elapsed="0.968334"/>
</suite>
<status status="PASS" start="2024-04-14T22:04:42.497496" elapsed="0.987631"/>
</suite>
<statistics>
<total>
<stat pass="5" fail="0" skip="0">All Tests</stat>
</total>
<tag>
<stat pass="1" fail="0" skip="0">testeConteudo</stat>
<stat pass="1" fail="0" skip="0">testeEstruturaResposta</stat>
<stat pass="1" fail="0" skip="0">testeRequisicaoBasica</stat>
<stat pass="1" fail="0" skip="0">testeTiposDados</stat>
</tag>
<suite>
<stat pass="5" fail="0" skip="0" id="s1" name="Tests">Tests</stat>
<stat pass="5" fail="0" skip="0" id="s1-s1" name="Random-User-Test">Tests.Random-User-Test</stat>
</suite>
</statistics>
<errors>
</errors>
</robot>
