<?xml version="1.0" encoding="UTF-8"?>
<robot generator="Robot 7.0 (Python 3.12.3 on linux)" generated="2024-04-22T04:16:46.408748" rpa="false" schemaversion="5">
<suite id="s1" name="Tests" source="/home/runner/work/DesafioQAItauRogerioJordao/DesafioQAItauRogerioJordao/RamdonUser/tests">
<suite id="s1-s1" name="Random-User-Test" source="/home/runner/work/DesafioQAItauRogerioJordao/DesafioQAItauRogerioJordao/RamdonUser/tests/random-user-test.robot">
<test id="s1-s1-t1" name="Conectar" line="13">
<kw name="Conectar API" owner="random-user-service">
<kw name="Create Session" owner="RequestsLibrary">
<msg time="2024-04-22T04:16:46.764767" level="INFO">Creating Session using : alias=consultarAPI, url=https://randomuser.me/, headers={},                     cookies={}, auth=None, timeout=None, proxies=None, verify=False,                     debug=0 </msg>
<arg>consultarAPI</arg>
<arg>${URL}</arg>
<doc>Create Session: create a HTTP session to a server</doc>
<status status="PASS" start="2024-04-22T04:16:46.764565" elapsed="0.000378"/>
</kw>
<status status="PASS" start="2024-04-22T04:16:46.763613" elapsed="0.001688"/>
</kw>
<status status="PASS" start="2024-04-22T04:16:46.763036" elapsed="0.002459"/>
</test>
<test id="s1-s1-t2" name="Validar retorno 200 e JSON Válido" line="16">
<kw name="Teste de Requisicao Basica" owner="random-user-service">
<kw name="GET On Session" owner="RequestsLibrary">
<msg time="2024-04-22T04:16:46.884228" level="INFO">GET Request : url=https://randomuser.me/api 
 path_url=/api 
 headers={'User-Agent': 'python-requests/2.31.0', 'Accept-Encoding': 'gzip, deflate', 'Accept': '*/*', 'Connection': 'keep-alive'} 
 body=None 
 </msg>
<msg time="2024-04-22T04:16:46.884343" level="INFO">GET Response : url=https://randomuser.me/api 
 status=200, reason=OK 
 headers={'Date': 'Mon, 22 Apr 2024 04:16:46 GMT', 'Content-Type': 'application/json; charset=utf-8', 'Transfer-Encoding': 'chunked', 'Connection': 'keep-alive', 'X-Powered-By': 'Express', 'Access-Control-Allow-Origin': '*', 'Cache-Control': 'no-cache', 'ETag': 'W/"49d-PBJDbgFNLlI3R/kgBl1O/fHmz1o"', 'Vary': 'Accept-Encoding', 'Content-Encoding': 'gzip', 'CF-Cache-Status': 'DYNAMIC', 'Report-To': '{"endpoints":[{"url":"https:\\/\\/a.nel.cloudflare.com\\/report\\/v4?s=ME60v8SbzlyvJEQKLmXQsxnNoGpYfPxKUnsBybJq%2F2fGyhpotL7JR6iTdgptnwRf3piln6Djet5sT7IiWKekuCeItCLWO7eFwakFHP2xCafG8f5JmKeDxq1hZDAZW3pd"}],"group":"cf-nel","max_age":604800}', 'NEL': '{"success_fraction":0,"report_to":"cf-nel","max_age":604800}', 'Server': 'cloudflare', 'CF-RAY': '8782cce479a3fb44-SJC', 'alt-svc': 'h3=":443"; ma=86400'} 
 body={"results":[{"gender":"female","name":{"title":"Ms","first":"Justine","last":"Clark"},"location":{"street":{"number":5548,"name":"Maple Ave"},"city":"Cadillac","state":"Prince Edward Island","country":"Canada","postcode":"O9Z 6H3","coordinates":{"latitude":"-71.0503","longitude":"125.3383"},"timezone":{"offset":"+4:00","description":"Abu Dhabi, Muscat, Baku, Tbilisi"}},"email":"justine.clark@example.com","login":{"uuid":"a3a98a1c-37ad-4176-bab6-5c35a8137fc3","username":"happygoose783","password":"printing","salt":"EOZhExTP","md5":"6fd91f919c8a2af2f486136db68b7328","sha1":"5db665a2e27588df943dc8ff1eaa9331511da5d7","sha256":"56574f60757e27eb1fce7958e70cee9f6a8398e122a712b15c758cbbfedea29d"},"dob":{"date":"1958-02-15T22:10:18.570Z","age":66},"registered":{"date":"2009-02-04T10:39:20.356Z","age":15},"phone":"O02 M97-2761","cell":"R45 H94-9300","id":{"name":"SIN","value":"212948822"},"picture":{"large":"https://randomuser.me/api/portraits/women/62.jpg","medium":"https://randomuser.me/api/portraits/med/women/62.jpg","thumbnail":"https://randomuser.me/api/portraits/thumb/women/62.jpg"},"nat":"CA"}],"info":{"seed":"a3ef190143bc9b11","results":1,"page":1,"version":"1.4"}} 
 </msg>
<msg time="2024-04-22T04:16:46.884418" level="INFO">/opt/hostedtoolcache/Python/3.12.3/x64/lib/python3.12/site-packages/urllib3/connectionpool.py:1103: InsecureRequestWarning: Unverified HTTPS request is being made to host 'randomuser.me'. Adding certificate verification is strongly advised. See: https://urllib3.readthedocs.io/en/latest/advanced-usage.html#tls-warnings
  warnings.warn(</msg>
<msg time="2024-04-22T04:16:46.884533" level="INFO">${response} = &lt;Response [200]&gt;</msg>
<var>${response}</var>
<arg>consultarAPI</arg>
<arg>/api</arg>
<doc>Sends a GET request on a previously created HTTP Session.</doc>
<status status="PASS" start="2024-04-22T04:16:46.768105" elapsed="0.116472"/>
</kw>
<kw name="Should Be Equal As Numbers" owner="BuiltIn">
<msg time="2024-04-22T04:16:46.885458" level="INFO">Argument types are:
&lt;class 'int'&gt;
&lt;class 'str'&gt;</msg>
<arg>${response.status_code}</arg>
<arg>200</arg>
<doc>Fails if objects are unequal after converting them to real numbers.</doc>
<status status="PASS" start="2024-04-22T04:16:46.885020" elapsed="0.000504"/>
</kw>
<kw name="Log" owner="BuiltIn">
<msg time="2024-04-22T04:16:46.886240" level="INFO">200</msg>
<arg>${response.status_code}</arg>
<doc>Logs the given message with the given level.</doc>
<status status="PASS" start="2024-04-22T04:16:46.885878" elapsed="0.000407"/>
</kw>
<kw name="Set Variable" owner="BuiltIn">
<msg time="2024-04-22T04:16:46.887077" level="INFO">${json_data} = {'results': [{'gender': 'female', 'name': {'title': 'Ms', 'first': 'Justine', 'last': 'Clark'}, 'location': {'street': {'number': 5548, 'name': 'Maple Ave'}, 'city': 'Cadillac', 'state': 'Prince Edwar...</msg>
<var>${json_data}</var>
<arg>${response.json()}</arg>
<doc>Returns the given values which can then be assigned to a variables.</doc>
<status status="PASS" start="2024-04-22T04:16:46.886598" elapsed="0.000508"/>
</kw>
<kw name="Dictionary Should Contain Key" owner="Collections">
<msg time="2024-04-22T04:16:46.887588" level="INFO">False</msg>
<arg>${json_data}</arg>
<arg>results</arg>
<doc>Fails if ``key`` is not found from ``dictionary``.</doc>
<status status="PASS" start="2024-04-22T04:16:46.887416" elapsed="0.000214"/>
</kw>
<status status="PASS" start="2024-04-22T04:16:46.767861" elapsed="0.120034"/>
</kw>
<doc>Testa se a API responde corretamente e retorna um objeto JSON válido.</doc>
<tag>testeRequisicaoBasica</tag>
<status status="PASS" start="2024-04-22T04:16:46.767387" elapsed="0.120688"/>
</test>
<test id="s1-s1-t3" name="Validar estrutura de resposta" line="22">
<kw name="Teste de Estrutura de Resposta" owner="random-user-service">
<kw name="GET On Session" owner="RequestsLibrary">
<msg time="2024-04-22T04:16:46.986120" level="INFO">GET Request : url=https://randomuser.me/api 
 path_url=/api 
 headers={'User-Agent': 'python-requests/2.31.0', 'Accept-Encoding': 'gzip, deflate', 'Accept': '*/*', 'Connection': 'keep-alive'} 
 body=None 
 </msg>
<msg time="2024-04-22T04:16:46.986205" level="INFO">GET Response : url=https://randomuser.me/api 
 status=200, reason=OK 
 headers={'Date': 'Mon, 22 Apr 2024 04:16:46 GMT', 'Content-Type': 'application/json; charset=utf-8', 'Transfer-Encoding': 'chunked', 'Connection': 'keep-alive', 'X-Powered-By': 'Express', 'Access-Control-Allow-Origin': '*', 'Cache-Control': 'no-cache', 'ETag': 'W/"47c-TeB/Bb8AEyKlcSODXd4b3bmV0/8"', 'Vary': 'Accept-Encoding', 'Content-Encoding': 'gzip', 'CF-Cache-Status': 'DYNAMIC', 'Report-To': '{"endpoints":[{"url":"https:\\/\\/a.nel.cloudflare.com\\/report\\/v4?s=DRI1Delz30NU8YoCehxGZPudZMY5fc4b6TWJlhfWYcykbxIOs%2B5lc1in9IetBCAGsSpkrhsEehy%2F6jb87zot%2FXdOrXNzc2oN9jptqWs7rG%2BNgL9Mo8aE4USST2JHzX7n"}],"group":"cf-nel","max_age":604800}', 'NEL': '{"success_fraction":0,"report_to":"cf-nel","max_age":604800}', 'Server': 'cloudflare', 'CF-RAY': '8782cce51a3bfb44-SJC', 'alt-svc': 'h3=":443"; ma=86400'} 
 body={"results":[{"gender":"female","name":{"title":"Miss","first":"Hannah","last":"Mitchell"},"location":{"street":{"number":89,"name":"Victoria Ave"},"city":"Chatham","state":"Alberta","country":"Canada","postcode":"F9V 1P9","coordinates":{"latitude":"-64.3086","longitude":"36.1069"},"timezone":{"offset":"-2:00","description":"Mid-Atlantic"}},"email":"hannah.mitchell@example.com","login":{"uuid":"8a260e20-b2ac-4f50-bbcc-e02fbfc3c3db","username":"smallwolf136","password":"sambo","salt":"kNX8ub8T","md5":"cd7b5a8cc2e2f01a1c8abd3e3b7f3368","sha1":"e6521173b81682892c35a466ab84e6db89a28c76","sha256":"2114913add71a66e30c68917a9341a4985b902bca393fb2053b18527d39f321f"},"dob":{"date":"1952-12-28T20:02:41.597Z","age":71},"registered":{"date":"2022-02-15T03:34:03.799Z","age":2},"phone":"Z82 U28-7283","cell":"R73 I83-0124","id":{"name":"SIN","value":"562157016"},"picture":{"large":"https://randomuser.me/api/portraits/women/70.jpg","medium":"https://randomuser.me/api/portraits/med/women/70.jpg","thumbnail":"https://randomuser.me/api/portraits/thumb/women/70.jpg"},"nat":"CA"}],"info":{"seed":"03b9492f8a495079","results":1,"page":1,"version":"1.4"}} 
 </msg>
<msg time="2024-04-22T04:16:46.986328" level="INFO">/opt/hostedtoolcache/Python/3.12.3/x64/lib/python3.12/site-packages/urllib3/connectionpool.py:1103: InsecureRequestWarning: Unverified HTTPS request is being made to host 'randomuser.me'. Adding certificate verification is strongly advised. See: https://urllib3.readthedocs.io/en/latest/advanced-usage.html#tls-warnings
  warnings.warn(</msg>
<msg time="2024-04-22T04:16:46.986436" level="INFO">${response} = &lt;Response [200]&gt;</msg>
<var>${response}</var>
<arg>consultarAPI</arg>
<arg>/api</arg>
<doc>Sends a GET request on a previously created HTTP Session.</doc>
<status status="PASS" start="2024-04-22T04:16:46.890624" elapsed="0.095848"/>
</kw>
<kw name="Set Variable" owner="BuiltIn">
<msg time="2024-04-22T04:16:46.987322" level="INFO">${json_data} = {'results': [{'gender': 'female', 'name': {'title': 'Miss', 'first': 'Hannah', 'last': 'Mitchell'}, 'location': {'street': {'number': 89, 'name': 'Victoria Ave'}, 'city': 'Chatham', 'state': 'Alberta'...</msg>
<var>${json_data}</var>
<arg>${response.json()}</arg>
<doc>Returns the given values which can then be assigned to a variables.</doc>
<status status="PASS" start="2024-04-22T04:16:46.986843" elapsed="0.000507"/>
</kw>
<kw name="Log" owner="BuiltIn">
<msg time="2024-04-22T04:16:46.987827" level="INFO">{'results': [{'gender': 'female', 'name': {'title': 'Miss', 'first': 'Hannah', 'last': 'Mitchell'}, 'location': {'street': {'number': 89, 'name': 'Victoria Ave'}, 'city': 'Chatham', 'state': 'Alberta', 'country': 'Canada', 'postcode': 'F9V 1P9', 'coordinates': {'latitude': '-64.3086', 'longitude': '36.1069'}, 'timezone': {'offset': '-2:00', 'description': 'Mid-Atlantic'}}, 'email': 'hannah.mitchell@example.com', 'login': {'uuid': '8a260e20-b2ac-4f50-bbcc-e02fbfc3c3db', 'username': 'smallwolf136', 'password': 'sambo', 'salt': 'kNX8ub8T', 'md5': 'cd7b5a8cc2e2f01a1c8abd3e3b7f3368', 'sha1': 'e6521173b81682892c35a466ab84e6db89a28c76', 'sha256': '2114913add71a66e30c68917a9341a4985b902bca393fb2053b18527d39f321f'}, 'dob': {'date': '1952-12-28T20:02:41.597Z', 'age': 71}, 'registered': {'date': '2022-02-15T03:34:03.799Z', 'age': 2}, 'phone': 'Z82 U28-7283', 'cell': 'R73 I83-0124', 'id': {'name': 'SIN', 'value': '562157016'}, 'picture': {'large': 'https://randomuser.me/api/portraits/women/70.jpg', 'medium': 'https://randomuser.me/api/portraits/med/women/70.jpg', 'thumbnail': 'https://randomuser.me/api/portraits/thumb/women/70.jpg'}, 'nat': 'CA'}], 'info': {'seed': '03b9492f8a495079', 'results': 1, 'page': 1, 'version': '1.4'}}</msg>
<arg>${json_data}</arg>
<doc>Logs the given message with the given level.</doc>
<status status="PASS" start="2024-04-22T04:16:46.987659" elapsed="0.000232"/>
</kw>
<kw name="Dictionary Should Contain Key" owner="Collections">
<msg time="2024-04-22T04:16:46.988351" level="INFO">False</msg>
<arg>${json_data}</arg>
<arg>results</arg>
<doc>Fails if ``key`` is not found from ``dictionary``.</doc>
<status status="PASS" start="2024-04-22T04:16:46.988185" elapsed="0.000204"/>
</kw>
<kw name="Should Not Be Empty" owner="BuiltIn">
<msg time="2024-04-22T04:16:46.988825" level="INFO">Length is 2.</msg>
<arg>${json_data}</arg>
<doc>Verifies that the given item is not empty.</doc>
<status status="PASS" start="2024-04-22T04:16:46.988685" elapsed="0.000308"/>
</kw>
<kw name="Create List" owner="BuiltIn">
<msg time="2024-04-22T04:16:46.989447" level="INFO">${expected_keys} = ['gender', 'name', 'location', 'email', 'login']</msg>
<var>${expected_keys}</var>
<arg>gender</arg>
<arg>name</arg>
<arg>location</arg>
<arg>email</arg>
<arg>login</arg>
<doc>Returns a list containing given items.</doc>
<status status="PASS" start="2024-04-22T04:16:46.989293" elapsed="0.000178"/>
</kw>
<for flavor="IN">
<iter>
<kw name="Dictionary Should Contain Key" owner="Collections">
<msg time="2024-04-22T04:16:46.990451" level="INFO">False</msg>
<arg>${json_data['results'][0]}</arg>
<arg>${key}</arg>
<doc>Fails if ``key`` is not found from ``dictionary``.</doc>
<status status="PASS" start="2024-04-22T04:16:46.990055" elapsed="0.000436"/>
</kw>
<kw name="Log" owner="BuiltIn">
<msg time="2024-04-22T04:16:46.991193" level="INFO">{'gender': 'female', 'name': {'title': 'Miss', 'first': 'Hannah', 'last': 'Mitchell'}, 'location': {'street': {'number': 89, 'name': 'Victoria Ave'}, 'city': 'Chatham', 'state': 'Alberta', 'country': 'Canada', 'postcode': 'F9V 1P9', 'coordinates': {'latitude': '-64.3086', 'longitude': '36.1069'}, 'timezone': {'offset': '-2:00', 'description': 'Mid-Atlantic'}}, 'email': 'hannah.mitchell@example.com', 'login': {'uuid': '8a260e20-b2ac-4f50-bbcc-e02fbfc3c3db', 'username': 'smallwolf136', 'password': 'sambo', 'salt': 'kNX8ub8T', 'md5': 'cd7b5a8cc2e2f01a1c8abd3e3b7f3368', 'sha1': 'e6521173b81682892c35a466ab84e6db89a28c76', 'sha256': '2114913add71a66e30c68917a9341a4985b902bca393fb2053b18527d39f321f'}, 'dob': {'date': '1952-12-28T20:02:41.597Z', 'age': 71}, 'registered': {'date': '2022-02-15T03:34:03.799Z', 'age': 2}, 'phone': 'Z82 U28-7283', 'cell': 'R73 I83-0124', 'id': {'name': 'SIN', 'value': '562157016'}, 'picture': {'large': 'https://randomuser.me/api/portraits/women/70.jpg', 'medium': 'https://randomuser.me/api/portraits/med/women/70.jpg', 'thumbnail': 'https://randomuser.me/api/portraits/thumb/women/70.jpg'}, 'nat': 'CA'}</msg>
<arg>${json_data['results'][0]}</arg>
<doc>Logs the given message with the given level.</doc>
<status status="PASS" start="2024-04-22T04:16:46.990794" elapsed="0.000448"/>
</kw>
<kw name="Log" owner="BuiltIn">
<msg time="2024-04-22T04:16:46.991669" level="INFO">gender</msg>
<arg>${key}</arg>
<doc>Logs the given message with the given level.</doc>
<status status="PASS" start="2024-04-22T04:16:46.991540" elapsed="0.000167"/>
</kw>
<var name="${key}">gender</var>
<status status="PASS" start="2024-04-22T04:16:46.989911" elapsed="0.002013"/>
</iter>
<iter>
<kw name="Dictionary Should Contain Key" owner="Collections">
<msg time="2024-04-22T04:16:46.992612" level="INFO">False</msg>
<arg>${json_data['results'][0]}</arg>
<arg>${key}</arg>
<doc>Fails if ``key`` is not found from ``dictionary``.</doc>
<status status="PASS" start="2024-04-22T04:16:46.992227" elapsed="0.000423"/>
</kw>
<kw name="Log" owner="BuiltIn">
<msg time="2024-04-22T04:16:46.993348" level="INFO">{'gender': 'female', 'name': {'title': 'Miss', 'first': 'Hannah', 'last': 'Mitchell'}, 'location': {'street': {'number': 89, 'name': 'Victoria Ave'}, 'city': 'Chatham', 'state': 'Alberta', 'country': 'Canada', 'postcode': 'F9V 1P9', 'coordinates': {'latitude': '-64.3086', 'longitude': '36.1069'}, 'timezone': {'offset': '-2:00', 'description': 'Mid-Atlantic'}}, 'email': 'hannah.mitchell@example.com', 'login': {'uuid': '8a260e20-b2ac-4f50-bbcc-e02fbfc3c3db', 'username': 'smallwolf136', 'password': 'sambo', 'salt': 'kNX8ub8T', 'md5': 'cd7b5a8cc2e2f01a1c8abd3e3b7f3368', 'sha1': 'e6521173b81682892c35a466ab84e6db89a28c76', 'sha256': '2114913add71a66e30c68917a9341a4985b902bca393fb2053b18527d39f321f'}, 'dob': {'date': '1952-12-28T20:02:41.597Z', 'age': 71}, 'registered': {'date': '2022-02-15T03:34:03.799Z', 'age': 2}, 'phone': 'Z82 U28-7283', 'cell': 'R73 I83-0124', 'id': {'name': 'SIN', 'value': '562157016'}, 'picture': {'large': 'https://randomuser.me/api/portraits/women/70.jpg', 'medium': 'https://randomuser.me/api/portraits/med/women/70.jpg', 'thumbnail': 'https://randomuser.me/api/portraits/thumb/women/70.jpg'}, 'nat': 'CA'}</msg>
<arg>${json_data['results'][0]}</arg>
<doc>Logs the given message with the given level.</doc>
<status status="PASS" start="2024-04-22T04:16:46.992976" elapsed="0.000420"/>
</kw>
<kw name="Log" owner="BuiltIn">
<msg time="2024-04-22T04:16:46.993821" level="INFO">name</msg>
<arg>${key}</arg>
<doc>Logs the given message with the given level.</doc>
<status status="PASS" start="2024-04-22T04:16:46.993694" elapsed="0.000165"/>
</kw>
<var name="${key}">name</var>
<status status="PASS" start="2024-04-22T04:16:46.992112" elapsed="0.001964"/>
</iter>
<iter>
<kw name="Dictionary Should Contain Key" owner="Collections">
<msg time="2024-04-22T04:16:46.994754" level="INFO">False</msg>
<arg>${json_data['results'][0]}</arg>
<arg>${key}</arg>
<doc>Fails if ``key`` is not found from ``dictionary``.</doc>
<status status="PASS" start="2024-04-22T04:16:46.994369" elapsed="0.000423"/>
</kw>
<kw name="Log" owner="BuiltIn">
<msg time="2024-04-22T04:16:46.995498" level="INFO">{'gender': 'female', 'name': {'title': 'Miss', 'first': 'Hannah', 'last': 'Mitchell'}, 'location': {'street': {'number': 89, 'name': 'Victoria Ave'}, 'city': 'Chatham', 'state': 'Alberta', 'country': 'Canada', 'postcode': 'F9V 1P9', 'coordinates': {'latitude': '-64.3086', 'longitude': '36.1069'}, 'timezone': {'offset': '-2:00', 'description': 'Mid-Atlantic'}}, 'email': 'hannah.mitchell@example.com', 'login': {'uuid': '8a260e20-b2ac-4f50-bbcc-e02fbfc3c3db', 'username': 'smallwolf136', 'password': 'sambo', 'salt': 'kNX8ub8T', 'md5': 'cd7b5a8cc2e2f01a1c8abd3e3b7f3368', 'sha1': 'e6521173b81682892c35a466ab84e6db89a28c76', 'sha256': '2114913add71a66e30c68917a9341a4985b902bca393fb2053b18527d39f321f'}, 'dob': {'date': '1952-12-28T20:02:41.597Z', 'age': 71}, 'registered': {'date': '2022-02-15T03:34:03.799Z', 'age': 2}, 'phone': 'Z82 U28-7283', 'cell': 'R73 I83-0124', 'id': {'name': 'SIN', 'value': '562157016'}, 'picture': {'large': 'https://randomuser.me/api/portraits/women/70.jpg', 'medium': 'https://randomuser.me/api/portraits/med/women/70.jpg', 'thumbnail': 'https://randomuser.me/api/portraits/thumb/women/70.jpg'}, 'nat': 'CA'}</msg>
<arg>${json_data['results'][0]}</arg>
<doc>Logs the given message with the given level.</doc>
<status status="PASS" start="2024-04-22T04:16:46.995137" elapsed="0.000409"/>
</kw>
<kw name="Log" owner="BuiltIn">
<msg time="2024-04-22T04:16:46.995967" level="INFO">location</msg>
<arg>${key}</arg>
<doc>Logs the given message with the given level.</doc>
<status status="PASS" start="2024-04-22T04:16:46.995842" elapsed="0.000163"/>
</kw>
<var name="${key}">location</var>
<status status="PASS" start="2024-04-22T04:16:46.994256" elapsed="0.001966"/>
</iter>
<iter>
<kw name="Dictionary Should Contain Key" owner="Collections">
<msg time="2024-04-22T04:16:46.996899" level="INFO">False</msg>
<arg>${json_data['results'][0]}</arg>
<arg>${key}</arg>
<doc>Fails if ``key`` is not found from ``dictionary``.</doc>
<status status="PASS" start="2024-04-22T04:16:46.996511" elapsed="0.000425"/>
</kw>
<kw name="Log" owner="BuiltIn">
<msg time="2024-04-22T04:16:46.997590" level="INFO">{'gender': 'female', 'name': {'title': 'Miss', 'first': 'Hannah', 'last': 'Mitchell'}, 'location': {'street': {'number': 89, 'name': 'Victoria Ave'}, 'city': 'Chatham', 'state': 'Alberta', 'country': 'Canada', 'postcode': 'F9V 1P9', 'coordinates': {'latitude': '-64.3086', 'longitude': '36.1069'}, 'timezone': {'offset': '-2:00', 'description': 'Mid-Atlantic'}}, 'email': 'hannah.mitchell@example.com', 'login': {'uuid': '8a260e20-b2ac-4f50-bbcc-e02fbfc3c3db', 'username': 'smallwolf136', 'password': 'sambo', 'salt': 'kNX8ub8T', 'md5': 'cd7b5a8cc2e2f01a1c8abd3e3b7f3368', 'sha1': 'e6521173b81682892c35a466ab84e6db89a28c76', 'sha256': '2114913add71a66e30c68917a9341a4985b902bca393fb2053b18527d39f321f'}, 'dob': {'date': '1952-12-28T20:02:41.597Z', 'age': 71}, 'registered': {'date': '2022-02-15T03:34:03.799Z', 'age': 2}, 'phone': 'Z82 U28-7283', 'cell': 'R73 I83-0124', 'id': {'name': 'SIN', 'value': '562157016'}, 'picture': {'large': 'https://randomuser.me/api/portraits/women/70.jpg', 'medium': 'https://randomuser.me/api/portraits/med/women/70.jpg', 'thumbnail': 'https://randomuser.me/api/portraits/thumb/women/70.jpg'}, 'nat': 'CA'}</msg>
<arg>${json_data['results'][0]}</arg>
<doc>Logs the given message with the given level.</doc>
<status status="PASS" start="2024-04-22T04:16:46.997234" elapsed="0.000403"/>
</kw>
<kw name="Log" owner="BuiltIn">
<msg time="2024-04-22T04:16:46.998059" level="INFO">email</msg>
<arg>${key}</arg>
<doc>Logs the given message with the given level.</doc>
<status status="PASS" start="2024-04-22T04:16:46.997931" elapsed="0.000166"/>
</kw>
<var name="${key}">email</var>
<status status="PASS" start="2024-04-22T04:16:46.996400" elapsed="0.001909"/>
</iter>
<iter>
<kw name="Dictionary Should Contain Key" owner="Collections">
<msg time="2024-04-22T04:16:46.999012" level="INFO">False</msg>
<arg>${json_data['results'][0]}</arg>
<arg>${key}</arg>
<doc>Fails if ``key`` is not found from ``dictionary``.</doc>
<status status="PASS" start="2024-04-22T04:16:46.998591" elapsed="0.000460"/>
</kw>
<kw name="Log" owner="BuiltIn">
<msg time="2024-04-22T04:16:46.999714" level="INFO">{'gender': 'female', 'name': {'title': 'Miss', 'first': 'Hannah', 'last': 'Mitchell'}, 'location': {'street': {'number': 89, 'name': 'Victoria Ave'}, 'city': 'Chatham', 'state': 'Alberta', 'country': 'Canada', 'postcode': 'F9V 1P9', 'coordinates': {'latitude': '-64.3086', 'longitude': '36.1069'}, 'timezone': {'offset': '-2:00', 'description': 'Mid-Atlantic'}}, 'email': 'hannah.mitchell@example.com', 'login': {'uuid': '8a260e20-b2ac-4f50-bbcc-e02fbfc3c3db', 'username': 'smallwolf136', 'password': 'sambo', 'salt': 'kNX8ub8T', 'md5': 'cd7b5a8cc2e2f01a1c8abd3e3b7f3368', 'sha1': 'e6521173b81682892c35a466ab84e6db89a28c76', 'sha256': '2114913add71a66e30c68917a9341a4985b902bca393fb2053b18527d39f321f'}, 'dob': {'date': '1952-12-28T20:02:41.597Z', 'age': 71}, 'registered': {'date': '2022-02-15T03:34:03.799Z', 'age': 2}, 'phone': 'Z82 U28-7283', 'cell': 'R73 I83-0124', 'id': {'name': 'SIN', 'value': '562157016'}, 'picture': {'large': 'https://randomuser.me/api/portraits/women/70.jpg', 'medium': 'https://randomuser.me/api/portraits/med/women/70.jpg', 'thumbnail': 'https://randomuser.me/api/portraits/thumb/women/70.jpg'}, 'nat': 'CA'}</msg>
<arg>${json_data['results'][0]}</arg>
<doc>Logs the given message with the given level.</doc>
<status status="PASS" start="2024-04-22T04:16:46.999348" elapsed="0.000414"/>
</kw>
<kw name="Log" owner="BuiltIn">
<msg time="2024-04-22T04:16:47.000182" level="INFO">login</msg>
<arg>${key}</arg>
<doc>Logs the given message with the given level.</doc>
<status status="PASS" start="2024-04-22T04:16:47.000057" elapsed="0.000164"/>
</kw>
<var name="${key}">login</var>
<status status="PASS" start="2024-04-22T04:16:46.998481" elapsed="0.001954"/>
</iter>
<var>${key}</var>
<value>@{expected_keys}</value>
<status status="PASS" start="2024-04-22T04:16:46.989723" elapsed="0.010859"/>
</for>
<kw name="Create List" owner="BuiltIn">
<msg time="2024-04-22T04:16:47.000916" level="INFO">${expected_keysTwo} = ['username', 'password']</msg>
<var>${expected_keysTwo}</var>
<arg>username</arg>
<arg>password</arg>
<doc>Returns a list containing given items.</doc>
<status status="PASS" start="2024-04-22T04:16:47.000780" elapsed="0.000160"/>
</kw>
<for flavor="IN">
<iter>
<kw name="Dictionary Should Contain Key" owner="Collections">
<msg time="2024-04-22T04:16:47.001829" level="INFO">False</msg>
<arg>${json_data['results'][0]['login']}</arg>
<arg>${keyTwo}</arg>
<doc>Fails if ``key`` is not found from ``dictionary``.</doc>
<status status="PASS" start="2024-04-22T04:16:47.001439" elapsed="0.000427"/>
</kw>
<kw name="Dictionary Should Contain Key" owner="Collections">
<msg time="2024-04-22T04:16:47.002555" level="INFO">False</msg>
<arg>${json_data['results'][0]['login']}</arg>
<arg>${keyTwo}</arg>
<doc>Fails if ``key`` is not found from ``dictionary``.</doc>
<status status="PASS" start="2024-04-22T04:16:47.002163" elapsed="0.000430"/>
</kw>
<kw name="Log" owner="BuiltIn">
<msg time="2024-04-22T04:16:47.003046" level="INFO">username</msg>
<arg>${keyTwo}</arg>
<doc>Logs the given message with the given level.</doc>
<status status="PASS" start="2024-04-22T04:16:47.002906" elapsed="0.000183"/>
</kw>
<var name="${keyTwo}">username</var>
<status status="PASS" start="2024-04-22T04:16:47.001329" elapsed="0.001977"/>
</iter>
<iter>
<kw name="Dictionary Should Contain Key" owner="Collections">
<msg time="2024-04-22T04:16:47.004056" level="INFO">False</msg>
<arg>${json_data['results'][0]['login']}</arg>
<arg>${keyTwo}</arg>
<doc>Fails if ``key`` is not found from ``dictionary``.</doc>
<status status="PASS" start="2024-04-22T04:16:47.003593" elapsed="0.000508"/>
</kw>
<kw name="Dictionary Should Contain Key" owner="Collections">
<msg time="2024-04-22T04:16:47.004780" level="INFO">False</msg>
<arg>${json_data['results'][0]['login']}</arg>
<arg>${keyTwo}</arg>
<doc>Fails if ``key`` is not found from ``dictionary``.</doc>
<status status="PASS" start="2024-04-22T04:16:47.004400" elapsed="0.000417"/>
</kw>
<kw name="Log" owner="BuiltIn">
<msg time="2024-04-22T04:16:47.005237" level="INFO">password</msg>
<arg>${keyTwo}</arg>
<doc>Logs the given message with the given level.</doc>
<status status="PASS" start="2024-04-22T04:16:47.005109" elapsed="0.000165"/>
</kw>
<var name="${keyTwo}">password</var>
<status status="PASS" start="2024-04-22T04:16:47.003478" elapsed="0.002012"/>
</iter>
<var>${keyTwo}</var>
<value>@{expected_keysTwo}</value>
<status status="PASS" start="2024-04-22T04:16:47.001176" elapsed="0.004439"/>
</for>
<status status="PASS" start="2024-04-22T04:16:46.890391" elapsed="0.115362"/>
</kw>
<doc>Testa a estrutura da resposta da API.</doc>
<tag>testeEstruturaResposta</tag>
<status status="PASS" start="2024-04-22T04:16:46.889904" elapsed="0.115997"/>
</test>
<test id="s1-s1-t4" name="Validar tipos de dados" line="28">
<kw name="Teste de Tipos de Dados" owner="random-user-service">
<kw name="GET On Session" owner="RequestsLibrary">
<msg time="2024-04-22T04:16:47.095717" level="INFO">GET Request : url=https://randomuser.me/api 
 path_url=/api 
 headers={'User-Agent': 'python-requests/2.31.0', 'Accept-Encoding': 'gzip, deflate', 'Accept': '*/*', 'Connection': 'keep-alive'} 
 body=None 
 </msg>
<msg time="2024-04-22T04:16:47.095797" level="INFO">GET Response : url=https://randomuser.me/api 
 status=200, reason=OK 
 headers={'Date': 'Mon, 22 Apr 2024 04:16:47 GMT', 'Content-Type': 'application/json; charset=utf-8', 'Transfer-Encoding': 'chunked', 'Connection': 'keep-alive', 'X-Powered-By': 'Express', 'Access-Control-Allow-Origin': '*', 'Cache-Control': 'no-cache', 'ETag': 'W/"46c-0vtB6Yn/YMNWL8lcfWVNCV+4L9U"', 'Vary': 'Accept-Encoding', 'Content-Encoding': 'gzip', 'CF-Cache-Status': 'DYNAMIC', 'Report-To': '{"endpoints":[{"url":"https:\\/\\/a.nel.cloudflare.com\\/report\\/v4?s=BFAea1Hq%2BNWc5oucl5K3ZI2leRJ4nymzRHdfeq8vRt%2Fa7nQ3U6K%2B2Ho6ArQTCK1BXEis0QdSmRYdpQPlD%2Fo6C7X0eTsT7VOk%2BJ2PIOoRxHQ8Q%2F0I%2B7Wr1DraCdZVSyn6"}],"group":"cf-nel","max_age":604800}', 'NEL': '{"success_fraction":0,"report_to":"cf-nel","max_age":604800}', 'Server': 'cloudflare', 'CF-RAY': '8782cce5dae2fb44-SJC', 'alt-svc': 'h3=":443"; ma=86400'} 
 body={"results":[{"gender":"female","name":{"title":"Ms","first":"Izzie","last":"Davies"},"location":{"street":{"number":7043,"name":"School Lane"},"city":"Balbriggan","state":"Mayo","country":"Ireland","postcode":83737,"coordinates":{"latitude":"-2.3466","longitude":"90.7924"},"timezone":{"offset":"-9:00","description":"Alaska"}},"email":"izzie.davies@example.com","login":{"uuid":"73d2bb0a-d380-4802-8e94-fe3b95724fb4","username":"goldenzebra892","password":"mannn","salt":"oFdIdld6","md5":"6876da51ef156a4ef31cb5f7525aca89","sha1":"d4d1bf58d15f8f02de53eb08fc39ea6824249426","sha256":"52560348eefcced3a26814b9c70ce6e832cada231ab9774d7e443158bcc8ca68"},"dob":{"date":"1956-04-18T23:36:31.664Z","age":68},"registered":{"date":"2017-04-04T01:22:32.566Z","age":7},"phone":"031-412-9720","cell":"081-316-4823","id":{"name":"PPS","value":"4936398T"},"picture":{"large":"https://randomuser.me/api/portraits/women/55.jpg","medium":"https://randomuser.me/api/portraits/med/women/55.jpg","thumbnail":"https://randomuser.me/api/portraits/thumb/women/55.jpg"},"nat":"IE"}],"info":{"seed":"5360b4bee0e6fc58","results":1,"page":1,"version":"1.4"}} 
 </msg>
<msg time="2024-04-22T04:16:47.095863" level="INFO">/opt/hostedtoolcache/Python/3.12.3/x64/lib/python3.12/site-packages/urllib3/connectionpool.py:1103: InsecureRequestWarning: Unverified HTTPS request is being made to host 'randomuser.me'. Adding certificate verification is strongly advised. See: https://urllib3.readthedocs.io/en/latest/advanced-usage.html#tls-warnings
  warnings.warn(</msg>
<msg time="2024-04-22T04:16:47.095964" level="INFO">${response} = &lt;Response [200]&gt;</msg>
<var>${response}</var>
<arg>consultarAPI</arg>
<arg>/api</arg>
<doc>Sends a GET request on a previously created HTTP Session.</doc>
<status status="PASS" start="2024-04-22T04:16:47.008334" elapsed="0.087669"/>
</kw>
<kw name="Set Variable" owner="BuiltIn">
<msg time="2024-04-22T04:16:47.096921" level="INFO">${json_data} = {'results': [{'gender': 'female', 'name': {'title': 'Ms', 'first': 'Izzie', 'last': 'Davies'}, 'location': {'street': {'number': 7043, 'name': 'School Lane'}, 'city': 'Balbriggan', 'state': 'Mayo', 'c...</msg>
<var>${json_data}</var>
<arg>${response.json()}</arg>
<doc>Returns the given values which can then be assigned to a variables.</doc>
<status status="PASS" start="2024-04-22T04:16:47.096434" elapsed="0.000516"/>
</kw>
<kw name="Log" owner="BuiltIn">
<msg time="2024-04-22T04:16:47.097417" level="INFO">{'results': [{'gender': 'female', 'name': {'title': 'Ms', 'first': 'Izzie', 'last': 'Davies'}, 'location': {'street': {'number': 7043, 'name': 'School Lane'}, 'city': 'Balbriggan', 'state': 'Mayo', 'country': 'Ireland', 'postcode': 83737, 'coordinates': {'latitude': '-2.3466', 'longitude': '90.7924'}, 'timezone': {'offset': '-9:00', 'description': 'Alaska'}}, 'email': 'izzie.davies@example.com', 'login': {'uuid': '73d2bb0a-d380-4802-8e94-fe3b95724fb4', 'username': 'goldenzebra892', 'password': 'mannn', 'salt': 'oFdIdld6', 'md5': '6876da51ef156a4ef31cb5f7525aca89', 'sha1': 'd4d1bf58d15f8f02de53eb08fc39ea6824249426', 'sha256': '52560348eefcced3a26814b9c70ce6e832cada231ab9774d7e443158bcc8ca68'}, 'dob': {'date': '1956-04-18T23:36:31.664Z', 'age': 68}, 'registered': {'date': '2017-04-04T01:22:32.566Z', 'age': 7}, 'phone': '031-412-9720', 'cell': '081-316-4823', 'id': {'name': 'PPS', 'value': '4936398T'}, 'picture': {'large': 'https://randomuser.me/api/portraits/women/55.jpg', 'medium': 'https://randomuser.me/api/portraits/med/women/55.jpg', 'thumbnail': 'https://randomuser.me/api/portraits/thumb/women/55.jpg'}, 'nat': 'IE'}], 'info': {'seed': '5360b4bee0e6fc58', 'results': 1, 'page': 1, 'version': '1.4'}}</msg>
<arg>${json_data}</arg>
<doc>Logs the given message with the given level.</doc>
<status status="PASS" start="2024-04-22T04:16:47.097261" elapsed="0.000237"/>
</kw>
<kw name="Should Be String" owner="String">
<arg>${json_data['results'][0]['gender']}</arg>
<doc>Fails if the given ``item`` is not a string.</doc>
<status status="PASS" start="2024-04-22T04:16:47.097805" elapsed="0.000372"/>
</kw>
<kw name="Should Match Regexp" owner="BuiltIn">
<arg>${json_data['results'][0]['email']}</arg>
<arg>^[a-zA-Z0-9._%+-]+@[a-zA-Z0-9.-]+\.[a-zA-Z]{2,}$</arg>
<doc>Fails if ``string`` does not match ``pattern`` as a regular expression.</doc>
<status status="PASS" start="2024-04-22T04:16:47.098371" elapsed="0.000546"/>
</kw>
<kw name="Should Match Regexp" owner="BuiltIn">
<arg>${json_data['results'][0]['dob']['date']}</arg>
<arg>\\d{4}-\\d{2}-\\d{2}T\\d{2}:\\d{2}:\\d{2}\\.\\d{3}Z</arg>
<doc>Fails if ``string`` does not match ``pattern`` as a regular expression.</doc>
<status status="PASS" start="2024-04-22T04:16:47.099124" elapsed="0.000523"/>
</kw>
<kw name="Should Match Regexp" owner="BuiltIn">
<arg>${json_data['results'][0]['registered']['date']}</arg>
<arg>\\d{4}-\\d{2}-\\d{2}T\\d{2}:\\d{2}:\\d{2}\\.\\d{3}Z</arg>
<doc>Fails if ``string`` does not match ``pattern`` as a regular expression.</doc>
<status status="PASS" start="2024-04-22T04:16:47.099842" elapsed="0.000385"/>
</kw>
<kw name="Should Match Regexp" owner="BuiltIn">
<arg>${json_data['results'][0]['picture']['large']}</arg>
<arg>^https?://.*\.(?:png|jpe?g|gif|bmp)$</arg>
<doc>Fails if ``string`` does not match ``pattern`` as a regular expression.</doc>
<status status="PASS" start="2024-04-22T04:16:47.100412" elapsed="0.000478"/>
</kw>
<kw name="Should Match Regexp" owner="BuiltIn">
<arg>${json_data['results'][0]['picture']['medium']}</arg>
<arg>^https?://.*\.(?:png|jpe?g|gif|bmp)$</arg>
<doc>Fails if ``string`` does not match ``pattern`` as a regular expression.</doc>
<status status="PASS" start="2024-04-22T04:16:47.101080" elapsed="0.000358"/>
</kw>
<kw name="Should Match Regexp" owner="BuiltIn">
<arg>${json_data['results'][0]['picture']['thumbnail']}</arg>
<arg>^https?://.*\.(?:png|jpe?g|gif|bmp)$</arg>
<doc>Fails if ``string`` does not match ``pattern`` as a regular expression.</doc>
<status status="PASS" start="2024-04-22T04:16:47.101629" elapsed="0.000350"/>
</kw>
<kw name="Log" owner="BuiltIn">
<msg time="2024-04-22T04:16:47.102490" level="INFO">{'large': 'https://randomuser.me/api/portraits/women/55.jpg', 'medium': 'https://randomuser.me/api/portraits/med/women/55.jpg', 'thumbnail': 'https://randomuser.me/api/portraits/thumb/women/55.jpg'}</msg>
<arg>${json_data['results'][0]['picture']}</arg>
<doc>Logs the given message with the given level.</doc>
<status status="PASS" start="2024-04-22T04:16:47.102160" elapsed="0.000371"/>
</kw>
<status status="PASS" start="2024-04-22T04:16:47.008112" elapsed="0.094678"/>
</kw>
<kw name="Teste de Tipos de Dados - Postcode" owner="random-user-service">
<kw name="GET On Session" owner="RequestsLibrary">
<msg time="2024-04-22T04:16:47.198055" level="INFO">GET Request : url=https://randomuser.me/api 
 path_url=/api 
 headers={'User-Agent': 'python-requests/2.31.0', 'Accept-Encoding': 'gzip, deflate', 'Accept': '*/*', 'Connection': 'keep-alive'} 
 body=None 
 </msg>
<msg time="2024-04-22T04:16:47.198138" level="INFO">GET Response : url=https://randomuser.me/api 
 status=200, reason=OK 
 headers={'Date': 'Mon, 22 Apr 2024 04:16:47 GMT', 'Content-Type': 'application/json; charset=utf-8', 'Transfer-Encoding': 'chunked', 'Connection': 'keep-alive', 'X-Powered-By': 'Express', 'Access-Control-Allow-Origin': '*', 'Cache-Control': 'no-cache', 'ETag': 'W/"49e-+qZGtGdCaefm8UOZM90hkjYrY5k"', 'Vary': 'Accept-Encoding', 'Content-Encoding': 'gzip', 'CF-Cache-Status': 'DYNAMIC', 'Report-To': '{"endpoints":[{"url":"https:\\/\\/a.nel.cloudflare.com\\/report\\/v4?s=EQ2Hrhr4dlhEfOM2Pw4C3%2F6QFCd%2FrBbCKtVXIyW8O7YuB2JFy7LQd4qnaTUtwX2yamW%2F4yS7ulA%2BXXn%2FlOuwXC4LMqp5Vky%2BHvwyKDoSbbrcC4v1FEh5pUM%2FQY8C6W8f"}],"group":"cf-nel","max_age":604800}', 'NEL': '{"success_fraction":0,"report_to":"cf-nel","max_age":604800}', 'Server': 'cloudflare', 'CF-RAY': '8782cce66b5cfb44-SJC', 'alt-svc': 'h3=":443"; ma=86400'} 
 body={"results":[{"gender":"female","name":{"title":"Miss","first":"Glafira","last":"Getmanchuk"},"location":{"street":{"number":3980,"name":"Inzhenerniy provulok"},"city":"Burin","state":"Zaporizka","country":"Ukraine","postcode":35758,"coordinates":{"latitude":"74.2401","longitude":"172.5588"},"timezone":{"offset":"+1:00","description":"Brussels, Copenhagen, Madrid, Paris"}},"email":"glafira.getmanchuk@example.com","login":{"uuid":"32376624-4613-45f9-b8a9-cdcf90db0edc","username":"organicpeacock850","password":"over","salt":"Ahow7LnI","md5":"208999fe6fb0fd64b0aadf966907054d","sha1":"598b75a3004d8d5cedc1fa26694f823effcc9627","sha256":"43834ace1f8034964961ad5f22821cffdd2ba28a0ca08f297a7aa8c0a0eac2e5"},"dob":{"date":"1989-04-25T09:57:53.175Z","age":34},"registered":{"date":"2022-03-22T15:21:21.885Z","age":2},"phone":"(066) W70-8876","cell":"(097) J29-6955","id":{"name":"","value":null},"picture":{"large":"https://randomuser.me/api/portraits/women/56.jpg","medium":"https://randomuser.me/api/portraits/med/women/56.jpg","thumbnail":"https://randomuser.me/api/portraits/thumb/women/56.jpg"},"nat":"UA"}],"info":{"seed":"66323356c6baa0ef","results":1,"page":1,"version":"1.4"}} 
 </msg>
<msg time="2024-04-22T04:16:47.198206" level="INFO">/opt/hostedtoolcache/Python/3.12.3/x64/lib/python3.12/site-packages/urllib3/connectionpool.py:1103: InsecureRequestWarning: Unverified HTTPS request is being made to host 'randomuser.me'. Adding certificate verification is strongly advised. See: https://urllib3.readthedocs.io/en/latest/advanced-usage.html#tls-warnings
  warnings.warn(</msg>
<msg time="2024-04-22T04:16:47.198311" level="INFO">${response} = &lt;Response [200]&gt;</msg>
<var>${response}</var>
<arg>consultarAPI</arg>
<arg>/api</arg>
<doc>Sends a GET request on a previously created HTTP Session.</doc>
<status status="PASS" start="2024-04-22T04:16:47.103293" elapsed="0.095055"/>
</kw>
<kw name="Set Variable" owner="BuiltIn">
<msg time="2024-04-22T04:16:47.199345" level="INFO">${json_data} = {'results': [{'gender': 'female', 'name': {'title': 'Miss', 'first': 'Glafira', 'last': 'Getmanchuk'}, 'location': {'street': {'number': 3980, 'name': 'Inzhenerniy provulok'}, 'city': 'Burin', 'state'...</msg>
<var>${json_data}</var>
<arg>${response.json()}</arg>
<doc>Returns the given values which can then be assigned to a variables.</doc>
<status status="PASS" start="2024-04-22T04:16:47.198813" elapsed="0.000561"/>
</kw>
<kw name="Log" owner="BuiltIn">
<msg time="2024-04-22T04:16:47.199863" level="INFO">{'results': [{'gender': 'female', 'name': {'title': 'Miss', 'first': 'Glafira', 'last': 'Getmanchuk'}, 'location': {'street': {'number': 3980, 'name': 'Inzhenerniy provulok'}, 'city': 'Burin', 'state': 'Zaporizka', 'country': 'Ukraine', 'postcode': 35758, 'coordinates': {'latitude': '74.2401', 'longitude': '172.5588'}, 'timezone': {'offset': '+1:00', 'description': 'Brussels, Copenhagen, Madrid, Paris'}}, 'email': 'glafira.getmanchuk@example.com', 'login': {'uuid': '32376624-4613-45f9-b8a9-cdcf90db0edc', 'username': 'organicpeacock850', 'password': 'over', 'salt': 'Ahow7LnI', 'md5': '208999fe6fb0fd64b0aadf966907054d', 'sha1': '598b75a3004d8d5cedc1fa26694f823effcc9627', 'sha256': '43834ace1f8034964961ad5f22821cffdd2ba28a0ca08f297a7aa8c0a0eac2e5'}, 'dob': {'date': '1989-04-25T09:57:53.175Z', 'age': 34}, 'registered': {'date': '2022-03-22T15:21:21.885Z', 'age': 2}, 'phone': '(066) W70-8876', 'cell': '(097) J29-6955', 'id': {'name': '', 'value': None}, 'picture': {'large': 'https://randomuser.me/api/portraits/women/56.jpg', 'medium': 'https://randomuser.me/api/portraits/med/women/56.jpg', 'thumbnail': 'https://randomuser.me/api/portraits/thumb/women/56.jpg'}, 'nat': 'UA'}], 'info': {'seed': '66323356c6baa0ef', 'results': 1, 'page': 1, 'version': '1.4'}}</msg>
<arg>${json_data}</arg>
<doc>Logs the given message with the given level.</doc>
<status status="PASS" start="2024-04-22T04:16:47.199701" elapsed="0.000247"/>
</kw>
<kw name="Should Be Equal As Numbers" owner="BuiltIn">
<arg>${json_data['results'][0]['location']['postcode']}</arg>
<arg>${json_data['results'][0]['location']['postcode']}</arg>
<doc>Fails if objects are unequal after converting them to real numbers.</doc>
<status status="PASS" start="2024-04-22T04:16:47.200428" elapsed="0.000641"/>
</kw>
<kw name="Log" owner="BuiltIn">
<msg time="2024-04-22T04:16:47.201609" level="INFO">35758</msg>
<arg>${json_data['results'][0]['location']['postcode']}</arg>
<doc>Logs the given message with the given level.</doc>
<status status="PASS" start="2024-04-22T04:16:47.201267" elapsed="0.000383"/>
</kw>
<status status="PASS" start="2024-04-22T04:16:47.103050" elapsed="0.098860"/>
</kw>
<doc>Testa se os tipos de dados na resposta da API estão corretos.</doc>
<tag>testeTiposDados</tag>
<status status="PASS" start="2024-04-22T04:16:47.007680" elapsed="0.194407"/>
</test>
<test id="s1-s1-t5" name="Validar conteudo" line="35">
<kw name="Teste de Tipos de Conteudo" owner="random-user-service">
<kw name="GET On Session" owner="RequestsLibrary">
<msg time="2024-04-22T04:16:47.295521" level="INFO">GET Request : url=https://randomuser.me/api 
 path_url=/api 
 headers={'User-Agent': 'python-requests/2.31.0', 'Accept-Encoding': 'gzip, deflate', 'Accept': '*/*', 'Connection': 'keep-alive'} 
 body=None 
 </msg>
<msg time="2024-04-22T04:16:47.295607" level="INFO">GET Response : url=https://randomuser.me/api 
 status=200, reason=OK 
 headers={'Date': 'Mon, 22 Apr 2024 04:16:47 GMT', 'Content-Type': 'application/json; charset=utf-8', 'Transfer-Encoding': 'chunked', 'Connection': 'keep-alive', 'X-Powered-By': 'Express', 'Access-Control-Allow-Origin': '*', 'Cache-Control': 'no-cache', 'ETag': 'W/"460-AzCkEDAultMbOfEhq+3B8WBi/2g"', 'Vary': 'Accept-Encoding', 'Content-Encoding': 'gzip', 'CF-Cache-Status': 'DYNAMIC', 'Report-To': '{"endpoints":[{"url":"https:\\/\\/a.nel.cloudflare.com\\/report\\/v4?s=Ay1t%2BtGLHoSOXAETJuoKvnJVdaT7CH%2FMnQVTQYSu9LIw88rNp7fM%2BxTar4JeTIr6WnoSPG8tnKI0sEAWFsp1pAmzww1zzbHqC%2FafJzUibbPjl%2BpZNg%2FwYIx0cM0ko2BX"}],"group":"cf-nel","max_age":604800}', 'NEL': '{"success_fraction":0,"report_to":"cf-nel","max_age":604800}', 'Server': 'cloudflare', 'CF-RAY': '8782cce70c0bfb44-SJC', 'alt-svc': 'h3=":443"; ma=86400'} 
 body={"results":[{"gender":"female","name":{"title":"Miss","first":"Maida","last":"Rana"},"location":{"street":{"number":3195,"name":"Ole Moes vei"},"city":"Hegra","state":"Buskerud","country":"Norway","postcode":"7072","coordinates":{"latitude":"41.4478","longitude":"117.0372"},"timezone":{"offset":"+3:30","description":"Tehran"}},"email":"maida.rana@example.com","login":{"uuid":"9a295a42-d445-4e48-9a66-267a004dd7ff","username":"happycat485","password":"grinch","salt":"sqw3rHvO","md5":"8995de982db1fee485edbe962da06261","sha1":"4cd797b1eb460404bc3a37b11ef90c9a303c3704","sha256":"e9f77a4d0b5d4dd28879e43f692e54cdfcd0a2f8ea5ac7f193c88d2a70c81bfb"},"dob":{"date":"1970-06-01T12:59:05.188Z","age":53},"registered":{"date":"2015-08-16T20:38:06.690Z","age":8},"phone":"22884994","cell":"95094167","id":{"name":"FN","value":"01067003043"},"picture":{"large":"https://randomuser.me/api/portraits/women/1.jpg","medium":"https://randomuser.me/api/portraits/med/women/1.jpg","thumbnail":"https://randomuser.me/api/portraits/thumb/women/1.jpg"},"nat":"NO"}],"info":{"seed":"6b60a2feb67b7228","results":1,"page":1,"version":"1.4"}} 
 </msg>
<msg time="2024-04-22T04:16:47.295682" level="INFO">/opt/hostedtoolcache/Python/3.12.3/x64/lib/python3.12/site-packages/urllib3/connectionpool.py:1103: InsecureRequestWarning: Unverified HTTPS request is being made to host 'randomuser.me'. Adding certificate verification is strongly advised. See: https://urllib3.readthedocs.io/en/latest/advanced-usage.html#tls-warnings
  warnings.warn(</msg>
<msg time="2024-04-22T04:16:47.295796" level="INFO">${response} = &lt;Response [200]&gt;</msg>
<var>${response}</var>
<arg>consultarAPI</arg>
<arg>/api</arg>
<doc>Sends a GET request on a previously created HTTP Session.</doc>
<status status="PASS" start="2024-04-22T04:16:47.204614" elapsed="0.091234"/>
</kw>
<kw name="Set Variable" owner="BuiltIn">
<msg time="2024-04-22T04:16:47.296700" level="INFO">${json_data} = {'results': [{'gender': 'female', 'name': {'title': 'Miss', 'first': 'Maida', 'last': 'Rana'}, 'location': {'street': {'number': 3195, 'name': 'Ole Moes vei'}, 'city': 'Hegra', 'state': 'Buskerud', 'c...</msg>
<var>${json_data}</var>
<arg>${response.json()}</arg>
<doc>Returns the given values which can then be assigned to a variables.</doc>
<status status="PASS" start="2024-04-22T04:16:47.296252" elapsed="0.000476"/>
</kw>
<kw name="Set Variable" owner="BuiltIn">
<msg time="2024-04-22T04:16:47.297422" level="INFO">${name_title} = Miss</msg>
<var>${name_title}</var>
<arg>${json_data["results"][0]["name"]["title"]}</arg>
<doc>Returns the given values which can then be assigned to a variables.</doc>
<status status="PASS" start="2024-04-22T04:16:47.297037" elapsed="0.000411"/>
</kw>
<kw name="Create List" owner="BuiltIn">
<msg time="2024-04-22T04:16:47.297899" level="INFO">${allowed_titles} = ['Mr', 'Ms', 'Miss', 'Mrs', 'Madame', 'Monsieur']</msg>
<var>${allowed_titles}</var>
<arg>Mr</arg>
<arg>Ms</arg>
<arg>Miss</arg>
<arg>Mrs</arg>
<arg>Madame</arg>
<arg>Monsieur</arg>
<doc>Returns a list containing given items.</doc>
<status status="PASS" start="2024-04-22T04:16:47.297751" elapsed="0.000172"/>
</kw>
<kw name="List Should Contain Value" owner="Collections">
<msg time="2024-04-22T04:16:47.298427" level="INFO">False</msg>
<arg>${allowed_titles}</arg>
<arg>${name_title}</arg>
<doc>Fails if the ``value`` is not found from ``list``.</doc>
<status status="PASS" start="2024-04-22T04:16:47.298244" elapsed="0.000222"/>
</kw>
<kw name="Set Variable" owner="BuiltIn">
<msg time="2024-04-22T04:16:47.299178" level="INFO">${name_country} = NO</msg>
<var>${name_country}</var>
<arg>${json_data["results"][0]["nat"]}</arg>
<doc>Returns the given values which can then be assigned to a variables.</doc>
<status status="PASS" start="2024-04-22T04:16:47.298760" elapsed="0.000443"/>
</kw>
<kw name="Create List" owner="BuiltIn">
<msg time="2024-04-22T04:16:47.300099" level="INFO">${list_country} = ['AD', 'AE', 'AF', 'AG', 'AI', 'AL', 'AM', 'AO', 'AQ', 'AR', 'AS', 'AT', 'AU', 'AW', 'AX', 'AZ', 'BA', 'BB', 'BD', 'BE', 'BF', 'BG', 'BH', 'BI', 'BJ', 'BL', 'BM', 'BN', 'BO', 'BQ', 'BR', 'BS', 'BT', '...</msg>
<var>${list_country}</var>
<arg>AD</arg>
<arg>AE</arg>
<arg>AF</arg>
<arg>AG</arg>
<arg>AI</arg>
<arg>AL</arg>
<arg>AM</arg>
<arg>AO</arg>
<arg>AQ</arg>
<arg>AR</arg>
<arg>AS</arg>
<arg>AT</arg>
<arg>AU</arg>
<arg>AW</arg>
<arg>AX</arg>
<arg>AZ</arg>
<arg>BA</arg>
<arg>BB</arg>
<arg>BD</arg>
<arg>BE</arg>
<arg>BF</arg>
<arg>BG</arg>
<arg>BH</arg>
<arg>BI</arg>
<arg>BJ</arg>
<arg>BL</arg>
<arg>BM</arg>
<arg>BN</arg>
<arg>BO</arg>
<arg>BQ</arg>
<arg>BR</arg>
<arg>BS</arg>
<arg>BT</arg>
<arg>BV</arg>
<arg>BW</arg>
<arg>BY</arg>
<arg>BZ</arg>
<arg>CA</arg>
<arg>CC</arg>
<arg>CD</arg>
<arg>CF</arg>
<arg>CG</arg>
<arg>CH</arg>
<arg>CI</arg>
<arg>CK</arg>
<arg>CL</arg>
<arg>CM</arg>
<arg>CN</arg>
<arg>CO</arg>
<arg>CR</arg>
<arg>CU</arg>
<arg>CV</arg>
<arg>CW</arg>
<arg>CX</arg>
<arg>CY</arg>
<arg>CZ</arg>
<arg>DE</arg>
<arg>DJ</arg>
<arg>DK</arg>
<arg>DM</arg>
<arg>DO</arg>
<arg>DZ</arg>
<arg>EC</arg>
<arg>EE</arg>
<arg>EG</arg>
<arg>EH</arg>
<arg>ER</arg>
<arg>ES</arg>
<arg>ET</arg>
<arg>FI</arg>
<arg>FJ</arg>
<arg>FK</arg>
<arg>FM</arg>
<arg>FO</arg>
<arg>FR</arg>
<arg>GA</arg>
<arg>GB</arg>
<arg>GD</arg>
<arg>GE</arg>
<arg>GF</arg>
<arg>GG</arg>
<arg>GH</arg>
<arg>GI</arg>
<arg>GL</arg>
<arg>GM</arg>
<arg>GN</arg>
<arg>GP</arg>
<arg>GQ</arg>
<arg>GR</arg>
<arg>GS</arg>
<arg>GT</arg>
<arg>GU</arg>
<arg>GW</arg>
<arg>GY</arg>
<arg>HK</arg>
<arg>HM</arg>
<arg>HN</arg>
<arg>HR</arg>
<arg>HT</arg>
<arg>HU</arg>
<arg>ID</arg>
<arg>IE</arg>
<arg>IL</arg>
<arg>IM</arg>
<arg>IN</arg>
<arg>IO</arg>
<arg>IQ</arg>
<arg>IR</arg>
<arg>IS</arg>
<arg>IT</arg>
<arg>JE</arg>
<arg>JM</arg>
<arg>JO</arg>
<arg>JP</arg>
<arg>KE</arg>
<arg>KG</arg>
<arg>KH</arg>
<arg>KI</arg>
<arg>KM</arg>
<arg>KN</arg>
<arg>KP</arg>
<arg>KR</arg>
<arg>KW</arg>
<arg>KY</arg>
<arg>KZ</arg>
<arg>LA</arg>
<arg>LB</arg>
<arg>LC</arg>
<arg>LI</arg>
<arg>LK</arg>
<arg>LR</arg>
<arg>LS</arg>
<arg>LT</arg>
<arg>LU</arg>
<arg>LV</arg>
<arg>LY</arg>
<arg>MA</arg>
<arg>MC</arg>
<arg>MD</arg>
<arg>ME</arg>
<arg>MF</arg>
<arg>MG</arg>
<arg>MH</arg>
<arg>MK</arg>
<arg>ML</arg>
<arg>MM</arg>
<arg>MN</arg>
<arg>MO</arg>
<arg>MP</arg>
<arg>MQ</arg>
<arg>MR</arg>
<arg>MS</arg>
<arg>MT</arg>
<arg>MU</arg>
<arg>MV</arg>
<arg>MW</arg>
<arg>MX</arg>
<arg>MY</arg>
<arg>MZ</arg>
<arg>NA</arg>
<arg>NC</arg>
<arg>NE</arg>
<arg>NF</arg>
<arg>NG</arg>
<arg>NI</arg>
<arg>NL</arg>
<arg>NO</arg>
<arg>NP</arg>
<arg>NR</arg>
<arg>NU</arg>
<arg>NZ</arg>
<arg>OM</arg>
<arg>PA</arg>
<arg>PE</arg>
<arg>PF</arg>
<arg>PG</arg>
<arg>PH</arg>
<arg>PK</arg>
<arg>PL</arg>
<arg>PM</arg>
<arg>PN</arg>
<arg>PR</arg>
<arg>PS</arg>
<arg>PT</arg>
<arg>PW</arg>
<arg>PY</arg>
<arg>QA</arg>
<arg>RE</arg>
<arg>RO</arg>
<arg>RS</arg>
<arg>RU</arg>
<arg>RW</arg>
<arg>SA</arg>
<arg>SB</arg>
<arg>SC</arg>
<arg>SD</arg>
<arg>SE</arg>
<arg>SG</arg>
<arg>SH</arg>
<arg>SI</arg>
<arg>SJ</arg>
<arg>SK</arg>
<arg>SL</arg>
<arg>SM</arg>
<arg>SN</arg>
<arg>SO</arg>
<arg>SR</arg>
<arg>SS</arg>
<arg>ST</arg>
<arg>SV</arg>
<arg>SX</arg>
<arg>SY</arg>
<arg>SZ</arg>
<arg>TC</arg>
<arg>TD</arg>
<arg>TF</arg>
<arg>TG</arg>
<arg>TH</arg>
<arg>TJ</arg>
<arg>TK</arg>
<arg>TL</arg>
<arg>TM</arg>
<arg>TN</arg>
<arg>TO</arg>
<arg>TR</arg>
<arg>TT</arg>
<arg>TV</arg>
<arg>TW</arg>
<arg>TZ</arg>
<arg>UA</arg>
<arg>UG</arg>
<arg>UM</arg>
<arg>US</arg>
<arg>UY</arg>
<arg>UZ</arg>
<arg>VA</arg>
<arg>VC</arg>
<arg>VE</arg>
<arg>VG</arg>
<arg>VI</arg>
<arg>VN</arg>
<arg>VU</arg>
<arg>WF</arg>
<arg>WS</arg>
<arg>XK</arg>
<arg>YE</arg>
<arg>YT</arg>
<arg>ZA</arg>
<arg>ZM</arg>
<arg>ZW</arg>
<doc>Returns a list containing given items.</doc>
<status status="PASS" start="2024-04-22T04:16:47.299514" elapsed="0.000610"/>
</kw>
<kw name="List Should Contain Value" owner="Collections">
<msg time="2024-04-22T04:16:47.301117" level="INFO">False</msg>
<arg>${list_country}</arg>
<arg>${name_country}</arg>
<doc>Fails if the ``value`` is not found from ``list``.</doc>
<status status="PASS" start="2024-04-22T04:16:47.300916" elapsed="0.000238"/>
</kw>
<kw name="Run Keyword If" owner="BuiltIn">
<kw name="Should Be True" owner="BuiltIn">
<arg>${True}</arg>
<doc>Fails if the given condition is not true.</doc>
<status status="PASS" start="2024-04-22T04:16:47.302234" elapsed="0.000272"/>
</kw>
<arg>${json_data["results"][0]["location"]["coordinates"]["latitude"]} &gt;= -90 and ${json_data["results"][0]["location"]["coordinates"]["latitude"]} &lt;= 90</arg>
<arg>Should Be True</arg>
<arg>${True}</arg>
<doc>Runs the given keyword with the given arguments, if ``condition`` is true.</doc>
<status status="PASS" start="2024-04-22T04:16:47.301469" elapsed="0.001180"/>
</kw>
<kw name="Run Keyword If" owner="BuiltIn">
<kw name="Should Be True" owner="BuiltIn">
<arg>${True}</arg>
<doc>Fails if the given condition is not true.</doc>
<status status="PASS" start="2024-04-22T04:16:47.303594" elapsed="0.000139"/>
</kw>
<arg>${json_data["results"][0]["location"]["coordinates"]["longitude"]} &gt;= -180 and ${json_data["results"][0]["location"]["coordinates"]["longitude"]} &lt;= 180</arg>
<arg>Should Be True</arg>
<arg>${True}</arg>
<doc>Runs the given keyword with the given arguments, if ``condition`` is true.</doc>
<status status="PASS" start="2024-04-22T04:16:47.302837" elapsed="0.001020"/>
</kw>
<status status="PASS" start="2024-04-22T04:16:47.204382" elapsed="0.099605"/>
</kw>
<doc>Testa o conteúdo específico dos campos retornados pela API.</doc>
<tag>testeConteudo</tag>
<status status="PASS" start="2024-04-22T04:16:47.203915" elapsed="0.100216"/>
</test>
<status status="PASS" start="2024-04-22T04:16:46.466899" elapsed="0.839142"/>
</suite>
<status status="PASS" start="2024-04-22T04:16:46.453375" elapsed="0.857779"/>
</suite>
<statistics>
<total>
<stat pass="5" fail="0" skip="0">All Tests</stat>
</total>
<tag>
<stat pass="1" fail="0" skip="0">testeConteudo</stat>
<stat pass="1" fail="0" skip="0">testeEstruturaResposta</stat>
<stat pass="1" fail="0" skip="0">testeRequisicaoBasica</stat>
<stat pass="1" fail="0" skip="0">testeTiposDados</stat>
</tag>
<suite>
<stat pass="5" fail="0" skip="0" id="s1" name="Tests">Tests</stat>
<stat pass="5" fail="0" skip="0" id="s1-s1" name="Random-User-Test">Tests.Random-User-Test</stat>
</suite>
</statistics>
<errors>
</errors>
</robot>
