<?xml version="1.0" encoding="UTF-8"?>
<robot generator="Robot 7.0.1 (Python 3.12.4 on linux)" generated="2024-07-08T21:15:12.587388" rpa="false" schemaversion="5">
<suite id="s1" name="Tests" source="/home/runner/work/ApiRandomUser/ApiRandomUser/RamdonUser/tests">
<suite id="s1-s1" name="Random-User-Test" source="/home/runner/work/ApiRandomUser/ApiRandomUser/RamdonUser/tests/random-user-test.robot">
<test id="s1-s1-t1" name="Conectar" line="13">
<kw name="Conectar API" owner="random-user-service">
<kw name="Create Session" owner="RequestsLibrary">
<msg time="2024-07-08T21:15:13.000905" level="INFO">Creating Session using : alias=consultarAPI, url=https://randomuser.me/, headers={},                     cookies={}, auth=None, timeout=None, proxies=None, verify=False,                     debug=0 </msg>
<arg>consultarAPI</arg>
<arg>${URL}</arg>
<doc>Create Session: create a HTTP session to a server</doc>
<status status="PASS" start="2024-07-08T21:15:13.000692" elapsed="0.000415"/>
</kw>
<status status="PASS" start="2024-07-08T21:15:12.999689" elapsed="0.001789"/>
</kw>
<status status="PASS" start="2024-07-08T21:15:12.999095" elapsed="0.002580"/>
</test>
<test id="s1-s1-t2" name="Validar retorno 200 e JSON Válido" line="16">
<kw name="Teste de Requisicao Basica" owner="random-user-service">
<kw name="GET On Session" owner="RequestsLibrary">
<msg time="2024-07-08T21:15:13.111630" level="INFO">GET Request : url=https://randomuser.me/api 
 path_url=/api 
 headers={'User-Agent': 'python-requests/2.32.3', 'Accept-Encoding': 'gzip, deflate', 'Accept': '*/*', 'Connection': 'keep-alive'} 
 body=None 
 </msg>
<msg time="2024-07-08T21:15:13.111785" level="INFO">GET Response : url=https://randomuser.me/api 
 status=200, reason=OK 
 headers={'Date': 'Mon, 08 Jul 2024 21:15:13 GMT', 'Content-Type': 'application/json; charset=utf-8', 'Transfer-Encoding': 'chunked', 'Connection': 'keep-alive', 'X-Powered-By': 'Express', 'Access-Control-Allow-Origin': '*', 'Cache-Control': 'no-cache', 'ETag': 'W/"4a5-Ww+C11B+PP2bL7etuVctxUlHG38"', 'Vary': 'Accept-Encoding', 'Content-Encoding': 'gzip', 'CF-Cache-Status': 'DYNAMIC', 'Report-To': '{"endpoints":[{"url":"https:\\/\\/a.nel.cloudflare.com\\/report\\/v4?s=Vj1wStUfXX%2F%2B2kdDvvxTtaSisZRW22XKi%2FNrQAYjwWeU2VjaFhaw%2F8DCcnpa%2B7f10rRWzWaUgG8Yz9%2BFGyZ7ycvBQx8ps6D6xR8l7tjymOxekJx93fwCQgCPhSLP1Z4M"}],"group":"cf-nel","max_age":604800}', 'NEL': '{"success_fraction":0,"report_to":"cf-nel","max_age":604800}', 'Server': 'cloudflare', 'CF-RAY': '8a03169eaaad5974-IAD', 'alt-svc': 'h3=":443"; ma=86400'} 
 body={"results":[{"gender":"male","name":{"title":"Mr","first":"Alexandrino","last":"Carvalho"},"location":{"street":{"number":5186,"name":"Rua Minas Gerais "},"city":"Criciúma","state":"Roraima","country":"Brazil","postcode":89035,"coordinates":{"latitude":"-79.3577","longitude":"-81.2554"},"timezone":{"offset":"+10:00","description":"Eastern Australia, Guam, Vladivostok"}},"email":"alexandrino.carvalho@example.com","login":{"uuid":"12f864de-026b-4e36-a5e1-7b89fd9c85e2","username":"tinybird500","password":"dunbar","salt":"ahyR4mA3","md5":"0531d766f5715d52cc4fdda216d8f7a1","sha1":"66dd08155ad2dd479d2a639fdf39ba4f2415b8a3","sha256":"00b433658135ec2894c4a608748da0154fb8f22fa1c8eb2a0aab2b5fb6c5ccc3"},"dob":{"date":"1985-10-23T22:50:10.617Z","age":38},"registered":{"date":"2012-07-07T07:04:11.174Z","age":12},"phone":"(98) 5853-9176","cell":"(44) 8857-3083","id":{"name":"CPF","value":"507.003.124-45"},"picture":{"large":"https://randomuser.me/api/portraits/men/60.jpg","medium":"https://randomuser.me/api/portraits/med/men/60.jpg","thumbnail":"https://randomuser.me/api/portraits/thumb/men/60.jpg"},"nat":"BR"}],"info":{"seed":"6441d291c0d52c2f","results":1,"page":1,"version":"1.4"}} 
 </msg>
<msg time="2024-07-08T21:15:13.111875" level="INFO">/opt/hostedtoolcache/Python/3.12.4/x64/lib/python3.12/site-packages/urllib3/connectionpool.py:1099: InsecureRequestWarning: Unverified HTTPS request is being made to host 'randomuser.me'. Adding certificate verification is strongly advised. See: https://urllib3.readthedocs.io/en/latest/advanced-usage.html#tls-warnings
  warnings.warn(</msg>
<msg time="2024-07-08T21:15:13.112031" level="INFO">${response} = &lt;Response [200]&gt;</msg>
<var>${response}</var>
<arg>consultarAPI</arg>
<arg>/api</arg>
<doc>Sends a GET request on a previously created HTTP Session.</doc>
<status status="PASS" start="2024-07-08T21:15:13.004261" elapsed="0.107814"/>
</kw>
<kw name="Should Be Equal As Numbers" owner="BuiltIn">
<msg time="2024-07-08T21:15:13.113071" level="INFO">Argument types are:
&lt;class 'int'&gt;
&lt;class 'str'&gt;</msg>
<arg>${response.status_code}</arg>
<arg>200</arg>
<doc>Fails if objects are unequal after converting them to real numbers.</doc>
<status status="PASS" start="2024-07-08T21:15:13.112606" elapsed="0.000530"/>
</kw>
<kw name="Log" owner="BuiltIn">
<msg time="2024-07-08T21:15:13.113820" level="INFO">200</msg>
<arg>${response.status_code}</arg>
<doc>Logs the given message with the given level.</doc>
<status status="PASS" start="2024-07-08T21:15:13.113459" elapsed="0.000404"/>
</kw>
<kw name="Set Variable" owner="BuiltIn">
<msg time="2024-07-08T21:15:13.114612" level="INFO">${json_data} = {'results': [{'gender': 'male', 'name': {'title': 'Mr', 'first': 'Alexandrino', 'last': 'Carvalho'}, 'location': {'street': {'number': 5186, 'name': 'Rua Minas Gerais '}, 'city': 'Criciúma', 'state': ...</msg>
<var>${json_data}</var>
<arg>${response.json()}</arg>
<doc>Returns the given values which can then be assigned to a variables.</doc>
<status status="PASS" start="2024-07-08T21:15:13.114170" elapsed="0.000472"/>
</kw>
<kw name="Dictionary Should Contain Key" owner="Collections">
<arg>${json_data}</arg>
<arg>results</arg>
<doc>Fails if ``key`` is not found from ``dictionary``.</doc>
<status status="PASS" start="2024-07-08T21:15:13.114950" elapsed="0.000166"/>
</kw>
<status status="PASS" start="2024-07-08T21:15:13.004011" elapsed="0.111266"/>
</kw>
<doc>Testa se a API responde corretamente e retorna um objeto JSON válido.</doc>
<tag>testeRequisicaoBasica</tag>
<status status="PASS" start="2024-07-08T21:15:13.003562" elapsed="0.111939"/>
</test>
<test id="s1-s1-t3" name="Validar estrutura de resposta" line="22">
<kw name="Teste de Estrutura de Resposta" owner="random-user-service">
<kw name="GET On Session" owner="RequestsLibrary">
<msg time="2024-07-08T21:15:13.213136" level="INFO">GET Request : url=https://randomuser.me/api 
 path_url=/api 
 headers={'User-Agent': 'python-requests/2.32.3', 'Accept-Encoding': 'gzip, deflate', 'Accept': '*/*', 'Connection': 'keep-alive'} 
 body=None 
 </msg>
<msg time="2024-07-08T21:15:13.213239" level="INFO">GET Response : url=https://randomuser.me/api 
 status=200, reason=OK 
 headers={'Date': 'Mon, 08 Jul 2024 21:15:13 GMT', 'Content-Type': 'application/json; charset=utf-8', 'Transfer-Encoding': 'chunked', 'Connection': 'keep-alive', 'X-Powered-By': 'Express', 'Access-Control-Allow-Origin': '*', 'Cache-Control': 'no-cache', 'ETag': 'W/"48a-jMCYmgwY248pcK6n9lHUj9+01QI"', 'Vary': 'Accept-Encoding', 'Content-Encoding': 'gzip', 'CF-Cache-Status': 'DYNAMIC', 'Report-To': '{"endpoints":[{"url":"https:\\/\\/a.nel.cloudflare.com\\/report\\/v4?s=WHviRpFLDtFhbaEc8%2BEOg9iQxAf5q3r3CUgeZEdF883X0LfILHg1TcNq670%2BcUEguRpeStjQY759xa0%2BwrFtuGyguGVBzSmsrYEVsUiUGwTRKY2tYRWxNb5o7BwWM0CR"}],"group":"cf-nel","max_age":604800}', 'NEL': '{"success_fraction":0,"report_to":"cf-nel","max_age":604800}', 'Server': 'cloudflare', 'CF-RAY': '8a03169f0b255974-IAD', 'alt-svc': 'h3=":443"; ma=86400'} 
 body={"results":[{"gender":"male","name":{"title":"Mr","first":"Soham","last":"Martinez"},"location":{"street":{"number":3205,"name":"North Road"},"city":"City of London","state":"Humberside","country":"United Kingdom","postcode":"H1F 3HJ","coordinates":{"latitude":"-5.5243","longitude":"-30.4857"},"timezone":{"offset":"-10:00","description":"Hawaii"}},"email":"soham.martinez@example.com","login":{"uuid":"e9158388-97f2-44c0-b03a-35e9f5898a91","username":"brownostrich276","password":"111222","salt":"LB0irWdD","md5":"e338426480e7bc15e6d6e25d3da882da","sha1":"b54777fa562b49fc473edd267b11fddd067e5473","sha256":"a2be83e1fc742ae0841e0789461a091058fd7ebf337dc2db72670c57ddf5fae9"},"dob":{"date":"1963-10-05T00:50:52.852Z","age":60},"registered":{"date":"2019-11-27T18:58:55.804Z","age":4},"phone":"0114606 332 9103","cell":"07401 130296","id":{"name":"NINO","value":"EL 43 75 17 K"},"picture":{"large":"https://randomuser.me/api/portraits/men/58.jpg","medium":"https://randomuser.me/api/portraits/med/men/58.jpg","thumbnail":"https://randomuser.me/api/portraits/thumb/men/58.jpg"},"nat":"GB"}],"info":{"seed":"a17dd7d7dc9b34e4","results":1,"page":1,"version":"1.4"}} 
 </msg>
<msg time="2024-07-08T21:15:13.213365" level="INFO">/opt/hostedtoolcache/Python/3.12.4/x64/lib/python3.12/site-packages/urllib3/connectionpool.py:1099: InsecureRequestWarning: Unverified HTTPS request is being made to host 'randomuser.me'. Adding certificate verification is strongly advised. See: https://urllib3.readthedocs.io/en/latest/advanced-usage.html#tls-warnings
  warnings.warn(</msg>
<msg time="2024-07-08T21:15:13.213505" level="INFO">${response} = &lt;Response [200]&gt;</msg>
<var>${response}</var>
<arg>consultarAPI</arg>
<arg>/api</arg>
<doc>Sends a GET request on a previously created HTTP Session.</doc>
<status status="PASS" start="2024-07-08T21:15:13.118447" elapsed="0.095102"/>
</kw>
<kw name="Set Variable" owner="BuiltIn">
<msg time="2024-07-08T21:15:13.214721" level="INFO">${json_data} = {'results': [{'gender': 'male', 'name': {'title': 'Mr', 'first': 'Soham', 'last': 'Martinez'}, 'location': {'street': {'number': 3205, 'name': 'North Road'}, 'city': 'City of London', 'state': 'Humber...</msg>
<var>${json_data}</var>
<arg>${response.json()}</arg>
<doc>Returns the given values which can then be assigned to a variables.</doc>
<status status="PASS" start="2024-07-08T21:15:13.214172" elapsed="0.000578"/>
</kw>
<kw name="Log" owner="BuiltIn">
<msg time="2024-07-08T21:15:13.215224" level="INFO">{'results': [{'gender': 'male', 'name': {'title': 'Mr', 'first': 'Soham', 'last': 'Martinez'}, 'location': {'street': {'number': 3205, 'name': 'North Road'}, 'city': 'City of London', 'state': 'Humberside', 'country': 'United Kingdom', 'postcode': 'H1F 3HJ', 'coordinates': {'latitude': '-5.5243', 'longitude': '-30.4857'}, 'timezone': {'offset': '-10:00', 'description': 'Hawaii'}}, 'email': 'soham.martinez@example.com', 'login': {'uuid': 'e9158388-97f2-44c0-b03a-35e9f5898a91', 'username': 'brownostrich276', 'password': '111222', 'salt': 'LB0irWdD', 'md5': 'e338426480e7bc15e6d6e25d3da882da', 'sha1': 'b54777fa562b49fc473edd267b11fddd067e5473', 'sha256': 'a2be83e1fc742ae0841e0789461a091058fd7ebf337dc2db72670c57ddf5fae9'}, 'dob': {'date': '1963-10-05T00:50:52.852Z', 'age': 60}, 'registered': {'date': '2019-11-27T18:58:55.804Z', 'age': 4}, 'phone': '0114606 332 9103', 'cell': '07401 130296', 'id': {'name': 'NINO', 'value': 'EL 43 75 17 K'}, 'picture': {'large': 'https://randomuser.me/api/portraits/men/58.jpg', 'medium': 'https://randomuser.me/api/portraits/med/men/58.jpg', 'thumbnail': 'https://randomuser.me/api/portraits/thumb/men/58.jpg'}, 'nat': 'GB'}], 'info': {'seed': 'a17dd7d7dc9b34e4', 'results': 1, 'page': 1, 'version': '1.4'}}</msg>
<arg>${json_data}</arg>
<doc>Logs the given message with the given level.</doc>
<status status="PASS" start="2024-07-08T21:15:13.215065" elapsed="0.000218"/>
</kw>
<kw name="Dictionary Should Contain Key" owner="Collections">
<arg>${json_data}</arg>
<arg>results</arg>
<doc>Fails if ``key`` is not found from ``dictionary``.</doc>
<status status="PASS" start="2024-07-08T21:15:13.215632" elapsed="0.000165"/>
</kw>
<kw name="Should Not Be Empty" owner="BuiltIn">
<msg time="2024-07-08T21:15:13.216172" level="INFO">Length is 2.</msg>
<arg>${json_data}</arg>
<doc>Verifies that the given item is not empty.</doc>
<status status="PASS" start="2024-07-08T21:15:13.216033" elapsed="0.000179"/>
</kw>
<kw name="Create List" owner="BuiltIn">
<msg time="2024-07-08T21:15:13.216658" level="INFO">${expected_keys} = ['gender', 'name', 'location', 'email', 'login']</msg>
<var>${expected_keys}</var>
<arg>gender</arg>
<arg>name</arg>
<arg>location</arg>
<arg>email</arg>
<arg>login</arg>
<doc>Returns a list containing given items.</doc>
<status status="PASS" start="2024-07-08T21:15:13.216510" elapsed="0.000172"/>
</kw>
<for flavor="IN">
<iter>
<kw name="Dictionary Should Contain Key" owner="Collections">
<arg>${json_data['results'][0]}</arg>
<arg>${key}</arg>
<doc>Fails if ``key`` is not found from ``dictionary``.</doc>
<status status="PASS" start="2024-07-08T21:15:13.217461" elapsed="0.000401"/>
</kw>
<kw name="Log" owner="BuiltIn">
<msg time="2024-07-08T21:15:13.218424" level="INFO">{'gender': 'male', 'name': {'title': 'Mr', 'first': 'Soham', 'last': 'Martinez'}, 'location': {'street': {'number': 3205, 'name': 'North Road'}, 'city': 'City of London', 'state': 'Humberside', 'country': 'United Kingdom', 'postcode': 'H1F 3HJ', 'coordinates': {'latitude': '-5.5243', 'longitude': '-30.4857'}, 'timezone': {'offset': '-10:00', 'description': 'Hawaii'}}, 'email': 'soham.martinez@example.com', 'login': {'uuid': 'e9158388-97f2-44c0-b03a-35e9f5898a91', 'username': 'brownostrich276', 'password': '111222', 'salt': 'LB0irWdD', 'md5': 'e338426480e7bc15e6d6e25d3da882da', 'sha1': 'b54777fa562b49fc473edd267b11fddd067e5473', 'sha256': 'a2be83e1fc742ae0841e0789461a091058fd7ebf337dc2db72670c57ddf5fae9'}, 'dob': {'date': '1963-10-05T00:50:52.852Z', 'age': 60}, 'registered': {'date': '2019-11-27T18:58:55.804Z', 'age': 4}, 'phone': '0114606 332 9103', 'cell': '07401 130296', 'id': {'name': 'NINO', 'value': 'EL 43 75 17 K'}, 'picture': {'large': 'https://randomuser.me/api/portraits/men/58.jpg', 'medium': 'https://randomuser.me/api/portraits/med/men/58.jpg', 'thumbnail': 'https://randomuser.me/api/portraits/thumb/men/58.jpg'}, 'nat': 'GB'}</msg>
<arg>${json_data['results'][0]}</arg>
<doc>Logs the given message with the given level.</doc>
<status status="PASS" start="2024-07-08T21:15:13.218056" elapsed="0.000418"/>
</kw>
<kw name="Log" owner="BuiltIn">
<msg time="2024-07-08T21:15:13.218913" level="INFO">gender</msg>
<arg>${key}</arg>
<doc>Logs the given message with the given level.</doc>
<status status="PASS" start="2024-07-08T21:15:13.218782" elapsed="0.000168"/>
</kw>
<var name="${key}">gender</var>
<status status="PASS" start="2024-07-08T21:15:13.217329" elapsed="0.001844"/>
</iter>
<iter>
<kw name="Dictionary Should Contain Key" owner="Collections">
<arg>${json_data['results'][0]}</arg>
<arg>${key}</arg>
<doc>Fails if ``key`` is not found from ``dictionary``.</doc>
<status status="PASS" start="2024-07-08T21:15:13.219519" elapsed="0.000387"/>
</kw>
<kw name="Log" owner="BuiltIn">
<msg time="2024-07-08T21:15:13.220440" level="INFO">{'gender': 'male', 'name': {'title': 'Mr', 'first': 'Soham', 'last': 'Martinez'}, 'location': {'street': {'number': 3205, 'name': 'North Road'}, 'city': 'City of London', 'state': 'Humberside', 'country': 'United Kingdom', 'postcode': 'H1F 3HJ', 'coordinates': {'latitude': '-5.5243', 'longitude': '-30.4857'}, 'timezone': {'offset': '-10:00', 'description': 'Hawaii'}}, 'email': 'soham.martinez@example.com', 'login': {'uuid': 'e9158388-97f2-44c0-b03a-35e9f5898a91', 'username': 'brownostrich276', 'password': '111222', 'salt': 'LB0irWdD', 'md5': 'e338426480e7bc15e6d6e25d3da882da', 'sha1': 'b54777fa562b49fc473edd267b11fddd067e5473', 'sha256': 'a2be83e1fc742ae0841e0789461a091058fd7ebf337dc2db72670c57ddf5fae9'}, 'dob': {'date': '1963-10-05T00:50:52.852Z', 'age': 60}, 'registered': {'date': '2019-11-27T18:58:55.804Z', 'age': 4}, 'phone': '0114606 332 9103', 'cell': '07401 130296', 'id': {'name': 'NINO', 'value': 'EL 43 75 17 K'}, 'picture': {'large': 'https://randomuser.me/api/portraits/men/58.jpg', 'medium': 'https://randomuser.me/api/portraits/med/men/58.jpg', 'thumbnail': 'https://randomuser.me/api/portraits/thumb/men/58.jpg'}, 'nat': 'GB'}</msg>
<arg>${json_data['results'][0]}</arg>
<doc>Logs the given message with the given level.</doc>
<status status="PASS" start="2024-07-08T21:15:13.220090" elapsed="0.000432"/>
</kw>
<kw name="Log" owner="BuiltIn">
<msg time="2024-07-08T21:15:13.220952" level="INFO">name</msg>
<arg>${key}</arg>
<doc>Logs the given message with the given level.</doc>
<status status="PASS" start="2024-07-08T21:15:13.220826" elapsed="0.000163"/>
</kw>
<var name="${key}">name</var>
<status status="PASS" start="2024-07-08T21:15:13.219401" elapsed="0.001802"/>
</iter>
<iter>
<kw name="Dictionary Should Contain Key" owner="Collections">
<arg>${json_data['results'][0]}</arg>
<arg>${key}</arg>
<doc>Fails if ``key`` is not found from ``dictionary``.</doc>
<status status="PASS" start="2024-07-08T21:15:13.221487" elapsed="0.000372"/>
</kw>
<kw name="Log" owner="BuiltIn">
<msg time="2024-07-08T21:15:13.222378" level="INFO">{'gender': 'male', 'name': {'title': 'Mr', 'first': 'Soham', 'last': 'Martinez'}, 'location': {'street': {'number': 3205, 'name': 'North Road'}, 'city': 'City of London', 'state': 'Humberside', 'country': 'United Kingdom', 'postcode': 'H1F 3HJ', 'coordinates': {'latitude': '-5.5243', 'longitude': '-30.4857'}, 'timezone': {'offset': '-10:00', 'description': 'Hawaii'}}, 'email': 'soham.martinez@example.com', 'login': {'uuid': 'e9158388-97f2-44c0-b03a-35e9f5898a91', 'username': 'brownostrich276', 'password': '111222', 'salt': 'LB0irWdD', 'md5': 'e338426480e7bc15e6d6e25d3da882da', 'sha1': 'b54777fa562b49fc473edd267b11fddd067e5473', 'sha256': 'a2be83e1fc742ae0841e0789461a091058fd7ebf337dc2db72670c57ddf5fae9'}, 'dob': {'date': '1963-10-05T00:50:52.852Z', 'age': 60}, 'registered': {'date': '2019-11-27T18:58:55.804Z', 'age': 4}, 'phone': '0114606 332 9103', 'cell': '07401 130296', 'id': {'name': 'NINO', 'value': 'EL 43 75 17 K'}, 'picture': {'large': 'https://randomuser.me/api/portraits/men/58.jpg', 'medium': 'https://randomuser.me/api/portraits/med/men/58.jpg', 'thumbnail': 'https://randomuser.me/api/portraits/thumb/men/58.jpg'}, 'nat': 'GB'}</msg>
<arg>${json_data['results'][0]}</arg>
<doc>Logs the given message with the given level.</doc>
<status status="PASS" start="2024-07-08T21:15:13.222038" elapsed="0.000387"/>
</kw>
<kw name="Log" owner="BuiltIn">
<msg time="2024-07-08T21:15:13.222842" level="INFO">location</msg>
<arg>${key}</arg>
<doc>Logs the given message with the given level.</doc>
<status status="PASS" start="2024-07-08T21:15:13.222717" elapsed="0.000161"/>
</kw>
<var name="${key}">location</var>
<status status="PASS" start="2024-07-08T21:15:13.221380" elapsed="0.001714"/>
</iter>
<iter>
<kw name="Dictionary Should Contain Key" owner="Collections">
<arg>${json_data['results'][0]}</arg>
<arg>${key}</arg>
<doc>Fails if ``key`` is not found from ``dictionary``.</doc>
<status status="PASS" start="2024-07-08T21:15:13.223404" elapsed="0.000389"/>
</kw>
<kw name="Log" owner="BuiltIn">
<msg time="2024-07-08T21:15:13.224318" level="INFO">{'gender': 'male', 'name': {'title': 'Mr', 'first': 'Soham', 'last': 'Martinez'}, 'location': {'street': {'number': 3205, 'name': 'North Road'}, 'city': 'City of London', 'state': 'Humberside', 'country': 'United Kingdom', 'postcode': 'H1F 3HJ', 'coordinates': {'latitude': '-5.5243', 'longitude': '-30.4857'}, 'timezone': {'offset': '-10:00', 'description': 'Hawaii'}}, 'email': 'soham.martinez@example.com', 'login': {'uuid': 'e9158388-97f2-44c0-b03a-35e9f5898a91', 'username': 'brownostrich276', 'password': '111222', 'salt': 'LB0irWdD', 'md5': 'e338426480e7bc15e6d6e25d3da882da', 'sha1': 'b54777fa562b49fc473edd267b11fddd067e5473', 'sha256': 'a2be83e1fc742ae0841e0789461a091058fd7ebf337dc2db72670c57ddf5fae9'}, 'dob': {'date': '1963-10-05T00:50:52.852Z', 'age': 60}, 'registered': {'date': '2019-11-27T18:58:55.804Z', 'age': 4}, 'phone': '0114606 332 9103', 'cell': '07401 130296', 'id': {'name': 'NINO', 'value': 'EL 43 75 17 K'}, 'picture': {'large': 'https://randomuser.me/api/portraits/men/58.jpg', 'medium': 'https://randomuser.me/api/portraits/med/men/58.jpg', 'thumbnail': 'https://randomuser.me/api/portraits/thumb/men/58.jpg'}, 'nat': 'GB'}</msg>
<arg>${json_data['results'][0]}</arg>
<doc>Logs the given message with the given level.</doc>
<status status="PASS" start="2024-07-08T21:15:13.223974" elapsed="0.000393"/>
</kw>
<kw name="Log" owner="BuiltIn">
<msg time="2024-07-08T21:15:13.224788" level="INFO">email</msg>
<arg>${key}</arg>
<doc>Logs the given message with the given level.</doc>
<status status="PASS" start="2024-07-08T21:15:13.224663" elapsed="0.000163"/>
</kw>
<var name="${key}">email</var>
<status status="PASS" start="2024-07-08T21:15:13.223264" elapsed="0.001778"/>
</iter>
<iter>
<kw name="Dictionary Should Contain Key" owner="Collections">
<arg>${json_data['results'][0]}</arg>
<arg>${key}</arg>
<doc>Fails if ``key`` is not found from ``dictionary``.</doc>
<status status="PASS" start="2024-07-08T21:15:13.225324" elapsed="0.000375"/>
</kw>
<kw name="Log" owner="BuiltIn">
<msg time="2024-07-08T21:15:13.226231" level="INFO">{'gender': 'male', 'name': {'title': 'Mr', 'first': 'Soham', 'last': 'Martinez'}, 'location': {'street': {'number': 3205, 'name': 'North Road'}, 'city': 'City of London', 'state': 'Humberside', 'country': 'United Kingdom', 'postcode': 'H1F 3HJ', 'coordinates': {'latitude': '-5.5243', 'longitude': '-30.4857'}, 'timezone': {'offset': '-10:00', 'description': 'Hawaii'}}, 'email': 'soham.martinez@example.com', 'login': {'uuid': 'e9158388-97f2-44c0-b03a-35e9f5898a91', 'username': 'brownostrich276', 'password': '111222', 'salt': 'LB0irWdD', 'md5': 'e338426480e7bc15e6d6e25d3da882da', 'sha1': 'b54777fa562b49fc473edd267b11fddd067e5473', 'sha256': 'a2be83e1fc742ae0841e0789461a091058fd7ebf337dc2db72670c57ddf5fae9'}, 'dob': {'date': '1963-10-05T00:50:52.852Z', 'age': 60}, 'registered': {'date': '2019-11-27T18:58:55.804Z', 'age': 4}, 'phone': '0114606 332 9103', 'cell': '07401 130296', 'id': {'name': 'NINO', 'value': 'EL 43 75 17 K'}, 'picture': {'large': 'https://randomuser.me/api/portraits/men/58.jpg', 'medium': 'https://randomuser.me/api/portraits/med/men/58.jpg', 'thumbnail': 'https://randomuser.me/api/portraits/thumb/men/58.jpg'}, 'nat': 'GB'}</msg>
<arg>${json_data['results'][0]}</arg>
<doc>Logs the given message with the given level.</doc>
<status status="PASS" start="2024-07-08T21:15:13.225879" elapsed="0.000399"/>
</kw>
<kw name="Log" owner="BuiltIn">
<msg time="2024-07-08T21:15:13.226696" level="INFO">login</msg>
<arg>${key}</arg>
<doc>Logs the given message with the given level.</doc>
<status status="PASS" start="2024-07-08T21:15:13.226569" elapsed="0.000168"/>
</kw>
<var name="${key}">login</var>
<status status="PASS" start="2024-07-08T21:15:13.225212" elapsed="0.001765"/>
</iter>
<var>${key}</var>
<value>@{expected_keys}</value>
<status status="PASS" start="2024-07-08T21:15:13.217131" elapsed="0.009978"/>
</for>
<kw name="Create List" owner="BuiltIn">
<msg time="2024-07-08T21:15:13.227477" level="INFO">${expected_keysTwo} = ['username', 'password']</msg>
<var>${expected_keysTwo}</var>
<arg>username</arg>
<arg>password</arg>
<doc>Returns a list containing given items.</doc>
<status status="PASS" start="2024-07-08T21:15:13.227305" elapsed="0.000197"/>
</kw>
<for flavor="IN">
<iter>
<kw name="Dictionary Should Contain Key" owner="Collections">
<arg>${json_data['results'][0]['login']}</arg>
<arg>${keyTwo}</arg>
<doc>Fails if ``key`` is not found from ``dictionary``.</doc>
<status status="PASS" start="2024-07-08T21:15:13.228039" elapsed="0.000379"/>
</kw>
<kw name="Dictionary Should Contain Key" owner="Collections">
<arg>${json_data['results'][0]['login']}</arg>
<arg>${keyTwo}</arg>
<doc>Fails if ``key`` is not found from ``dictionary``.</doc>
<status status="PASS" start="2024-07-08T21:15:13.228598" elapsed="0.000376"/>
</kw>
<kw name="Log" owner="BuiltIn">
<msg time="2024-07-08T21:15:13.229273" level="INFO">username</msg>
<arg>${keyTwo}</arg>
<doc>Logs the given message with the given level.</doc>
<status status="PASS" start="2024-07-08T21:15:13.229154" elapsed="0.000155"/>
</kw>
<var name="${keyTwo}">username</var>
<status status="PASS" start="2024-07-08T21:15:13.227932" elapsed="0.001601"/>
</iter>
<iter>
<kw name="Dictionary Should Contain Key" owner="Collections">
<arg>${json_data['results'][0]['login']}</arg>
<arg>${keyTwo}</arg>
<doc>Fails if ``key`` is not found from ``dictionary``.</doc>
<status status="PASS" start="2024-07-08T21:15:13.229809" elapsed="0.000375"/>
</kw>
<kw name="Dictionary Should Contain Key" owner="Collections">
<arg>${json_data['results'][0]['login']}</arg>
<arg>${keyTwo}</arg>
<doc>Fails if ``key`` is not found from ``dictionary``.</doc>
<status status="PASS" start="2024-07-08T21:15:13.230361" elapsed="0.000362"/>
</kw>
<kw name="Log" owner="BuiltIn">
<msg time="2024-07-08T21:15:13.231020" level="INFO">password</msg>
<arg>${keyTwo}</arg>
<doc>Logs the given message with the given level.</doc>
<status status="PASS" start="2024-07-08T21:15:13.230903" elapsed="0.000153"/>
</kw>
<var name="${keyTwo}">password</var>
<status status="PASS" start="2024-07-08T21:15:13.229703" elapsed="0.001573"/>
</iter>
<var>${keyTwo}</var>
<value>@{expected_keysTwo}</value>
<status status="PASS" start="2024-07-08T21:15:13.227775" elapsed="0.003663"/>
</for>
<status status="PASS" start="2024-07-08T21:15:13.118175" elapsed="0.113409"/>
</kw>
<doc>Testa a estrutura da resposta da API.</doc>
<tag>testeEstruturaResposta</tag>
<status status="PASS" start="2024-07-08T21:15:13.117462" elapsed="0.114276"/>
</test>
<test id="s1-s1-t4" name="Validar tipos de dados" line="28">
<kw name="Teste de Tipos de Dados" owner="random-user-service">
<kw name="GET On Session" owner="RequestsLibrary">
<msg time="2024-07-08T21:15:13.318636" level="INFO">GET Request : url=https://randomuser.me/api 
 path_url=/api 
 headers={'User-Agent': 'python-requests/2.32.3', 'Accept-Encoding': 'gzip, deflate', 'Accept': '*/*', 'Connection': 'keep-alive'} 
 body=None 
 </msg>
<msg time="2024-07-08T21:15:13.318735" level="INFO">GET Response : url=https://randomuser.me/api 
 status=200, reason=OK 
 headers={'Date': 'Mon, 08 Jul 2024 21:15:13 GMT', 'Content-Type': 'application/json; charset=utf-8', 'Transfer-Encoding': 'chunked', 'Connection': 'keep-alive', 'X-Powered-By': 'Express', 'Access-Control-Allow-Origin': '*', 'Cache-Control': 'no-cache', 'ETag': 'W/"482-esco5jL9JRgk+rrUgEqBw4+KZlU"', 'Vary': 'Accept-Encoding', 'Content-Encoding': 'gzip', 'CF-Cache-Status': 'DYNAMIC', 'Report-To': '{"endpoints":[{"url":"https:\\/\\/a.nel.cloudflare.com\\/report\\/v4?s=ZmWdOBF0D8JCcNz%2FnB5FEx5VLAJALuEElo%2F9BKZ37PTZ8CgdQ3Zdk5%2Fdor3eFmYQ09IEItXiOSX%2Boyetx9p%2FSesE8zRHy5hK4%2FbHi9bp4v8CGJfdrQWgBx1kNN7hN19L"}],"group":"cf-nel","max_age":604800}', 'NEL': '{"success_fraction":0,"report_to":"cf-nel","max_age":604800}', 'Server': 'cloudflare', 'CF-RAY': '8a03169fbbf75974-IAD', 'alt-svc': 'h3=":443"; ma=86400'} 
 body={"results":[{"gender":"female","name":{"title":"Miss","first":"Clara","last":"León"},"location":{"street":{"number":2172,"name":"Calle de Argumosa"},"city":"Alcalá de Henares","state":"Galicia","country":"Spain","postcode":22930,"coordinates":{"latitude":"-34.2388","longitude":"102.7329"},"timezone":{"offset":"-10:00","description":"Hawaii"}},"email":"clara.leon@example.com","login":{"uuid":"3711350a-2db6-4ef3-af3f-b892efbb67ea","username":"yellowostrich586","password":"calibra","salt":"ZSx58oz7","md5":"50d29a65e9d398183e57afb3e1e81f31","sha1":"0e15a3bab3fffe8182eb7fa1a1276d62fa3bdec7","sha256":"52eda2a25b1fa54fe380e741b97a6ec05ee1caae22b1a645f67d3bb47f2d8571"},"dob":{"date":"1977-11-21T00:54:34.905Z","age":46},"registered":{"date":"2005-07-29T22:43:48.717Z","age":18},"phone":"997-644-869","cell":"676-986-873","id":{"name":"DNI","value":"32903843-W"},"picture":{"large":"https://randomuser.me/api/portraits/women/87.jpg","medium":"https://randomuser.me/api/portraits/med/women/87.jpg","thumbnail":"https://randomuser.me/api/portraits/thumb/women/87.jpg"},"nat":"ES"}],"info":{"seed":"08959338be7be6f8","results":1,"page":1,"version":"1.4"}} 
 </msg>
<msg time="2024-07-08T21:15:13.318807" level="INFO">/opt/hostedtoolcache/Python/3.12.4/x64/lib/python3.12/site-packages/urllib3/connectionpool.py:1099: InsecureRequestWarning: Unverified HTTPS request is being made to host 'randomuser.me'. Adding certificate verification is strongly advised. See: https://urllib3.readthedocs.io/en/latest/advanced-usage.html#tls-warnings
  warnings.warn(</msg>
<msg time="2024-07-08T21:15:13.318931" level="INFO">${response} = &lt;Response [200]&gt;</msg>
<var>${response}</var>
<arg>consultarAPI</arg>
<arg>/api</arg>
<doc>Sends a GET request on a previously created HTTP Session.</doc>
<status status="PASS" start="2024-07-08T21:15:13.234298" elapsed="0.084675"/>
</kw>
<kw name="Set Variable" owner="BuiltIn">
<msg time="2024-07-08T21:15:13.320126" level="INFO">${json_data} = {'results': [{'gender': 'female', 'name': {'title': 'Miss', 'first': 'Clara', 'last': 'León'}, 'location': {'street': {'number': 2172, 'name': 'Calle de Argumosa'}, 'city': 'Alcalá de Henares', 'state...</msg>
<var>${json_data}</var>
<arg>${response.json()}</arg>
<doc>Returns the given values which can then be assigned to a variables.</doc>
<status status="PASS" start="2024-07-08T21:15:13.319589" elapsed="0.000569"/>
</kw>
<kw name="Log" owner="BuiltIn">
<msg time="2024-07-08T21:15:13.320634" level="INFO">{'results': [{'gender': 'female', 'name': {'title': 'Miss', 'first': 'Clara', 'last': 'León'}, 'location': {'street': {'number': 2172, 'name': 'Calle de Argumosa'}, 'city': 'Alcalá de Henares', 'state': 'Galicia', 'country': 'Spain', 'postcode': 22930, 'coordinates': {'latitude': '-34.2388', 'longitude': '102.7329'}, 'timezone': {'offset': '-10:00', 'description': 'Hawaii'}}, 'email': 'clara.leon@example.com', 'login': {'uuid': '3711350a-2db6-4ef3-af3f-b892efbb67ea', 'username': 'yellowostrich586', 'password': 'calibra', 'salt': 'ZSx58oz7', 'md5': '50d29a65e9d398183e57afb3e1e81f31', 'sha1': '0e15a3bab3fffe8182eb7fa1a1276d62fa3bdec7', 'sha256': '52eda2a25b1fa54fe380e741b97a6ec05ee1caae22b1a645f67d3bb47f2d8571'}, 'dob': {'date': '1977-11-21T00:54:34.905Z', 'age': 46}, 'registered': {'date': '2005-07-29T22:43:48.717Z', 'age': 18}, 'phone': '997-644-869', 'cell': '676-986-873', 'id': {'name': 'DNI', 'value': '32903843-W'}, 'picture': {'large': 'https://randomuser.me/api/portraits/women/87.jpg', 'medium': 'https://randomuser.me/api/portraits/med/women/87.jpg', 'thumbnail': 'https://randomuser.me/api/portraits/thumb/women/87.jpg'}, 'nat': 'ES'}], 'info': {'seed': '08959338be7be6f8', 'results': 1, 'page': 1, 'version': '1.4'}}</msg>
<arg>${json_data}</arg>
<doc>Logs the given message with the given level.</doc>
<status status="PASS" start="2024-07-08T21:15:13.320475" elapsed="0.000210"/>
</kw>
<kw name="Should Be String" owner="String">
<arg>${json_data['results'][0]['gender']}</arg>
<doc>Fails if the given ``item`` is not a string.</doc>
<status status="PASS" start="2024-07-08T21:15:13.320989" elapsed="0.000363"/>
</kw>
<kw name="Should Match Regexp" owner="BuiltIn">
<arg>${json_data['results'][0]['email']}</arg>
<arg>^[a-zA-Z0-9._%+-]+@[a-zA-Z0-9.-]+\.[a-zA-Z]{2,}$</arg>
<doc>Fails if ``string`` does not match ``pattern`` as a regular expression.</doc>
<status status="PASS" start="2024-07-08T21:15:13.321540" elapsed="0.000522"/>
</kw>
<kw name="Should Match Regexp" owner="BuiltIn">
<arg>${json_data['results'][0]['dob']['date']}</arg>
<arg>\\d{4}-\\d{2}-\\d{2}T\\d{2}:\\d{2}:\\d{2}\\.\\d{3}Z</arg>
<doc>Fails if ``string`` does not match ``pattern`` as a regular expression.</doc>
<status status="PASS" start="2024-07-08T21:15:13.322294" elapsed="0.000492"/>
</kw>
<kw name="Should Match Regexp" owner="BuiltIn">
<arg>${json_data['results'][0]['registered']['date']}</arg>
<arg>\\d{4}-\\d{2}-\\d{2}T\\d{2}:\\d{2}:\\d{2}\\.\\d{3}Z</arg>
<doc>Fails if ``string`` does not match ``pattern`` as a regular expression.</doc>
<status status="PASS" start="2024-07-08T21:15:13.322977" elapsed="0.000403"/>
</kw>
<kw name="Should Match Regexp" owner="BuiltIn">
<arg>${json_data['results'][0]['picture']['large']}</arg>
<arg>^https?://.*\.(?:png|jpe?g|gif|bmp)$</arg>
<doc>Fails if ``string`` does not match ``pattern`` as a regular expression.</doc>
<status status="PASS" start="2024-07-08T21:15:13.323571" elapsed="0.000459"/>
</kw>
<kw name="Should Match Regexp" owner="BuiltIn">
<arg>${json_data['results'][0]['picture']['medium']}</arg>
<arg>^https?://.*\.(?:png|jpe?g|gif|bmp)$</arg>
<doc>Fails if ``string`` does not match ``pattern`` as a regular expression.</doc>
<status status="PASS" start="2024-07-08T21:15:13.324218" elapsed="0.000352"/>
</kw>
<kw name="Should Match Regexp" owner="BuiltIn">
<arg>${json_data['results'][0]['picture']['thumbnail']}</arg>
<arg>^https?://.*\.(?:png|jpe?g|gif|bmp)$</arg>
<doc>Fails if ``string`` does not match ``pattern`` as a regular expression.</doc>
<status status="PASS" start="2024-07-08T21:15:13.324756" elapsed="0.000348"/>
</kw>
<kw name="Log" owner="BuiltIn">
<msg time="2024-07-08T21:15:13.325621" level="INFO">{'large': 'https://randomuser.me/api/portraits/women/87.jpg', 'medium': 'https://randomuser.me/api/portraits/med/women/87.jpg', 'thumbnail': 'https://randomuser.me/api/portraits/thumb/women/87.jpg'}</msg>
<arg>${json_data['results'][0]['picture']}</arg>
<doc>Logs the given message with the given level.</doc>
<status status="PASS" start="2024-07-08T21:15:13.325290" elapsed="0.000372"/>
</kw>
<status status="PASS" start="2024-07-08T21:15:13.234071" elapsed="0.091865"/>
</kw>
<kw name="Teste de Tipos de Dados - Postcode" owner="random-user-service">
<kw name="GET On Session" owner="RequestsLibrary">
<msg time="2024-07-08T21:15:13.406151" level="INFO">GET Request : url=https://randomuser.me/api 
 path_url=/api 
 headers={'User-Agent': 'python-requests/2.32.3', 'Accept-Encoding': 'gzip, deflate', 'Accept': '*/*', 'Connection': 'keep-alive'} 
 body=None 
 </msg>
<msg time="2024-07-08T21:15:13.406261" level="INFO">GET Response : url=https://randomuser.me/api 
 status=200, reason=OK 
 headers={'Date': 'Mon, 08 Jul 2024 21:15:13 GMT', 'Content-Type': 'application/json; charset=utf-8', 'Transfer-Encoding': 'chunked', 'Connection': 'keep-alive', 'X-Powered-By': 'Express', 'Access-Control-Allow-Origin': '*', 'Cache-Control': 'no-cache', 'ETag': 'W/"471-SgD2LDVM5EvpR26eDuuKlwOjyy0"', 'Vary': 'Accept-Encoding', 'Content-Encoding': 'gzip', 'CF-Cache-Status': 'DYNAMIC', 'Report-To': '{"endpoints":[{"url":"https:\\/\\/a.nel.cloudflare.com\\/report\\/v4?s=%2BjZwXA7DGG4W7RyQz%2FVJMTAh%2FKqybl6FmhFyuPhk3OCzGqAHZHY9RgBrQZbpTCoYcYYxGhHpov508%2BHb2OqAssa%2FJz1Lm%2BwVh9fIGGaech4%2Fh9nTF1WF24SzdieRzsRO"}],"group":"cf-nel","max_age":604800}', 'NEL': '{"success_fraction":0,"report_to":"cf-nel","max_age":604800}', 'Server': 'cloudflare', 'CF-RAY': '8a0316a05ca35974-IAD', 'alt-svc': 'h3=":443"; ma=86400'} 
 body={"results":[{"gender":"male","name":{"title":"Mr","first":"Harold","last":"Murray"},"location":{"street":{"number":6282,"name":"Church Street"},"city":"Leixlip","state":"Kilkenny","country":"Ireland","postcode":15088,"coordinates":{"latitude":"-3.6014","longitude":"-27.3784"},"timezone":{"offset":"-10:00","description":"Hawaii"}},"email":"harold.murray@example.com","login":{"uuid":"6a1a1860-3e46-4454-badf-ea0959cb8461","username":"ticklishzebra914","password":"mushroom","salt":"m6pxpvqB","md5":"289a531d1cfed8cff8f354b78399c013","sha1":"5daf9348e8b91aa86c56b4fc116fde39fad627db","sha256":"a6033b043be2d78c96c0bb0a704b4dd9084c26646a5d9440dee96e025224802f"},"dob":{"date":"1980-07-12T02:03:50.831Z","age":43},"registered":{"date":"2003-03-05T06:56:36.068Z","age":21},"phone":"031-687-5241","cell":"081-310-2262","id":{"name":"PPS","value":"5708671T"},"picture":{"large":"https://randomuser.me/api/portraits/men/62.jpg","medium":"https://randomuser.me/api/portraits/med/men/62.jpg","thumbnail":"https://randomuser.me/api/portraits/thumb/men/62.jpg"},"nat":"IE"}],"info":{"seed":"d9a06132e91accd7","results":1,"page":1,"version":"1.4"}} 
 </msg>
<msg time="2024-07-08T21:15:13.406342" level="INFO">/opt/hostedtoolcache/Python/3.12.4/x64/lib/python3.12/site-packages/urllib3/connectionpool.py:1099: InsecureRequestWarning: Unverified HTTPS request is being made to host 'randomuser.me'. Adding certificate verification is strongly advised. See: https://urllib3.readthedocs.io/en/latest/advanced-usage.html#tls-warnings
  warnings.warn(</msg>
<msg time="2024-07-08T21:15:13.406478" level="INFO">${response} = &lt;Response [200]&gt;</msg>
<var>${response}</var>
<arg>consultarAPI</arg>
<arg>/api</arg>
<doc>Sends a GET request on a previously created HTTP Session.</doc>
<status status="PASS" start="2024-07-08T21:15:13.326397" elapsed="0.080123"/>
</kw>
<kw name="Set Variable" owner="BuiltIn">
<msg time="2024-07-08T21:15:13.407648" level="INFO">${json_data} = {'results': [{'gender': 'male', 'name': {'title': 'Mr', 'first': 'Harold', 'last': 'Murray'}, 'location': {'street': {'number': 6282, 'name': 'Church Street'}, 'city': 'Leixlip', 'state': 'Kilkenny', ...</msg>
<var>${json_data}</var>
<arg>${response.json()}</arg>
<doc>Returns the given values which can then be assigned to a variables.</doc>
<status status="PASS" start="2024-07-08T21:15:13.407075" elapsed="0.000600"/>
</kw>
<kw name="Log" owner="BuiltIn">
<msg time="2024-07-08T21:15:13.408147" level="INFO">{'results': [{'gender': 'male', 'name': {'title': 'Mr', 'first': 'Harold', 'last': 'Murray'}, 'location': {'street': {'number': 6282, 'name': 'Church Street'}, 'city': 'Leixlip', 'state': 'Kilkenny', 'country': 'Ireland', 'postcode': 15088, 'coordinates': {'latitude': '-3.6014', 'longitude': '-27.3784'}, 'timezone': {'offset': '-10:00', 'description': 'Hawaii'}}, 'email': 'harold.murray@example.com', 'login': {'uuid': '6a1a1860-3e46-4454-badf-ea0959cb8461', 'username': 'ticklishzebra914', 'password': 'mushroom', 'salt': 'm6pxpvqB', 'md5': '289a531d1cfed8cff8f354b78399c013', 'sha1': '5daf9348e8b91aa86c56b4fc116fde39fad627db', 'sha256': 'a6033b043be2d78c96c0bb0a704b4dd9084c26646a5d9440dee96e025224802f'}, 'dob': {'date': '1980-07-12T02:03:50.831Z', 'age': 43}, 'registered': {'date': '2003-03-05T06:56:36.068Z', 'age': 21}, 'phone': '031-687-5241', 'cell': '081-310-2262', 'id': {'name': 'PPS', 'value': '5708671T'}, 'picture': {'large': 'https://randomuser.me/api/portraits/men/62.jpg', 'medium': 'https://randomuser.me/api/portraits/med/men/62.jpg', 'thumbnail': 'https://randomuser.me/api/portraits/thumb/men/62.jpg'}, 'nat': 'IE'}], 'info': {'seed': 'd9a06132e91accd7', 'results': 1, 'page': 1, 'version': '1.4'}}</msg>
<arg>${json_data}</arg>
<doc>Logs the given message with the given level.</doc>
<status status="PASS" start="2024-07-08T21:15:13.407986" elapsed="0.000207"/>
</kw>
<kw name="Should Be Equal As Numbers" owner="BuiltIn">
<arg>${json_data['results'][0]['location']['postcode']}</arg>
<arg>${json_data['results'][0]['location']['postcode']}</arg>
<doc>Fails if objects are unequal after converting them to real numbers.</doc>
<status status="PASS" start="2024-07-08T21:15:13.408496" elapsed="0.000628"/>
</kw>
<kw name="Log" owner="BuiltIn">
<msg time="2024-07-08T21:15:13.409641" level="INFO">15088</msg>
<arg>${json_data['results'][0]['location']['postcode']}</arg>
<doc>Logs the given message with the given level.</doc>
<status status="PASS" start="2024-07-08T21:15:13.409309" elapsed="0.000371"/>
</kw>
<status status="PASS" start="2024-07-08T21:15:13.326170" elapsed="0.083796"/>
</kw>
<doc>Testa se os tipos de dados na resposta da API estão corretos.</doc>
<tag>testeTiposDados</tag>
<status status="PASS" start="2024-07-08T21:15:13.233477" elapsed="0.176662"/>
</test>
<test id="s1-s1-t5" name="Validar conteudo" line="35">
<kw name="Teste de Tipos de Conteudo" owner="random-user-service">
<kw name="GET On Session" owner="RequestsLibrary">
<msg time="2024-07-08T21:15:13.502041" level="INFO">GET Request : url=https://randomuser.me/api 
 path_url=/api 
 headers={'User-Agent': 'python-requests/2.32.3', 'Accept-Encoding': 'gzip, deflate', 'Accept': '*/*', 'Connection': 'keep-alive'} 
 body=None 
 </msg>
<msg time="2024-07-08T21:15:13.502139" level="INFO">GET Response : url=https://randomuser.me/api 
 status=200, reason=OK 
 headers={'Date': 'Mon, 08 Jul 2024 21:15:13 GMT', 'Content-Type': 'application/json; charset=utf-8', 'Transfer-Encoding': 'chunked', 'Connection': 'keep-alive', 'X-Powered-By': 'Express', 'Access-Control-Allow-Origin': '*', 'Cache-Control': 'no-cache', 'ETag': 'W/"499-iy1fya7uVMeJAeG/vnSvFHF5KH0"', 'Vary': 'Accept-Encoding', 'Content-Encoding': 'gzip', 'CF-Cache-Status': 'DYNAMIC', 'Report-To': '{"endpoints":[{"url":"https:\\/\\/a.nel.cloudflare.com\\/report\\/v4?s=ovzxZI6QOJIAgNV2kfqQ1JIe1B%2FNmL5I0OapaO%2ByNgHvjQ%2Br%2Bj9pnXHT9FEPWGArgtmJMymz7G9ap1n2IdN4Gzb5%2BY8v%2B4bCj1fXjMR%2FrwzfLCBdDzAEmzsspRAs%2BROq"}],"group":"cf-nel","max_age":604800}', 'NEL': '{"success_fraction":0,"report_to":"cf-nel","max_age":604800}', 'Server': 'cloudflare', 'CF-RAY': '8a0316a0dd685974-IAD', 'alt-svc': 'h3=":443"; ma=86400'} 
 body={"results":[{"gender":"female","name":{"title":"Mrs","first":"Megan","last":"Steward"},"location":{"street":{"number":293,"name":"Harrison Ct"},"city":"Cairns","state":"Queensland","country":"Australia","postcode":401,"coordinates":{"latitude":"-84.1390","longitude":"83.1032"},"timezone":{"offset":"0:00","description":"Western Europe Time, London, Lisbon, Casablanca"}},"email":"megan.steward@example.com","login":{"uuid":"ad870547-edc5-4606-8d06-eb946d9dbeb4","username":"happytiger746","password":"7894","salt":"1WwzazX2","md5":"8232613b172583074d3ec11d69cc0538","sha1":"0c8b4f4e98dab6bdcfe7db06fc093c60f63e0d2e","sha256":"93babad18a1c256072abaf407925719fef31fff40c97083248d40a8196b507c7"},"dob":{"date":"1977-03-15T03:42:12.312Z","age":47},"registered":{"date":"2007-12-03T16:35:51.502Z","age":16},"phone":"08-6878-7213","cell":"0464-480-862","id":{"name":"TFN","value":"589471206"},"picture":{"large":"https://randomuser.me/api/portraits/women/41.jpg","medium":"https://randomuser.me/api/portraits/med/women/41.jpg","thumbnail":"https://randomuser.me/api/portraits/thumb/women/41.jpg"},"nat":"AU"}],"info":{"seed":"c09ad96cb68557f9","results":1,"page":1,"version":"1.4"}} 
 </msg>
<msg time="2024-07-08T21:15:13.502229" level="INFO">/opt/hostedtoolcache/Python/3.12.4/x64/lib/python3.12/site-packages/urllib3/connectionpool.py:1099: InsecureRequestWarning: Unverified HTTPS request is being made to host 'randomuser.me'. Adding certificate verification is strongly advised. See: https://urllib3.readthedocs.io/en/latest/advanced-usage.html#tls-warnings
  warnings.warn(</msg>
<msg time="2024-07-08T21:15:13.502351" level="INFO">${response} = &lt;Response [200]&gt;</msg>
<var>${response}</var>
<arg>consultarAPI</arg>
<arg>/api</arg>
<doc>Sends a GET request on a previously created HTTP Session.</doc>
<status status="PASS" start="2024-07-08T21:15:13.412823" elapsed="0.089566"/>
</kw>
<kw name="Set Variable" owner="BuiltIn">
<msg time="2024-07-08T21:15:13.503505" level="INFO">${json_data} = {'results': [{'gender': 'female', 'name': {'title': 'Mrs', 'first': 'Megan', 'last': 'Steward'}, 'location': {'street': {'number': 293, 'name': 'Harrison Ct'}, 'city': 'Cairns', 'state': 'Queensland',...</msg>
<var>${json_data}</var>
<arg>${response.json()}</arg>
<doc>Returns the given values which can then be assigned to a variables.</doc>
<status status="PASS" start="2024-07-08T21:15:13.502931" elapsed="0.000604"/>
</kw>
<kw name="Set Variable" owner="BuiltIn">
<msg time="2024-07-08T21:15:13.504242" level="INFO">${name_title} = Mrs</msg>
<var>${name_title}</var>
<arg>${json_data["results"][0]["name"]["title"]}</arg>
<doc>Returns the given values which can then be assigned to a variables.</doc>
<status status="PASS" start="2024-07-08T21:15:13.503859" elapsed="0.000410"/>
</kw>
<kw name="Create List" owner="BuiltIn">
<msg time="2024-07-08T21:15:13.504722" level="INFO">${allowed_titles} = ['Mr', 'Ms', 'Miss', 'Mrs', 'Madame', 'Monsieur']</msg>
<var>${allowed_titles}</var>
<arg>Mr</arg>
<arg>Ms</arg>
<arg>Miss</arg>
<arg>Mrs</arg>
<arg>Madame</arg>
<arg>Monsieur</arg>
<doc>Returns a list containing given items.</doc>
<status status="PASS" start="2024-07-08T21:15:13.504569" elapsed="0.000178"/>
</kw>
<kw name="List Should Contain Value" owner="Collections">
<arg>${allowed_titles}</arg>
<arg>${name_title}</arg>
<doc>Fails if the ``value`` is not found from ``list``.</doc>
<status status="PASS" start="2024-07-08T21:15:13.505051" elapsed="0.000181"/>
</kw>
<kw name="Set Variable" owner="BuiltIn">
<msg time="2024-07-08T21:15:13.505780" level="INFO">${name_country} = AU</msg>
<var>${name_country}</var>
<arg>${json_data["results"][0]["nat"]}</arg>
<doc>Returns the given values which can then be assigned to a variables.</doc>
<status status="PASS" start="2024-07-08T21:15:13.505414" elapsed="0.000391"/>
</kw>
<kw name="Create List" owner="BuiltIn">
<msg time="2024-07-08T21:15:13.506685" level="INFO">${list_country} = ['AD', 'AE', 'AF', 'AG', 'AI', 'AL', 'AM', 'AO', 'AQ', 'AR', 'AS', 'AT', 'AU', 'AW', 'AX', 'AZ', 'BA', 'BB', 'BD', 'BE', 'BF', 'BG', 'BH', 'BI', 'BJ', 'BL', 'BM', 'BN', 'BO', 'BQ', 'BR', 'BS', 'BT', '...</msg>
<var>${list_country}</var>
<arg>AD</arg>
<arg>AE</arg>
<arg>AF</arg>
<arg>AG</arg>
<arg>AI</arg>
<arg>AL</arg>
<arg>AM</arg>
<arg>AO</arg>
<arg>AQ</arg>
<arg>AR</arg>
<arg>AS</arg>
<arg>AT</arg>
<arg>AU</arg>
<arg>AW</arg>
<arg>AX</arg>
<arg>AZ</arg>
<arg>BA</arg>
<arg>BB</arg>
<arg>BD</arg>
<arg>BE</arg>
<arg>BF</arg>
<arg>BG</arg>
<arg>BH</arg>
<arg>BI</arg>
<arg>BJ</arg>
<arg>BL</arg>
<arg>BM</arg>
<arg>BN</arg>
<arg>BO</arg>
<arg>BQ</arg>
<arg>BR</arg>
<arg>BS</arg>
<arg>BT</arg>
<arg>BV</arg>
<arg>BW</arg>
<arg>BY</arg>
<arg>BZ</arg>
<arg>CA</arg>
<arg>CC</arg>
<arg>CD</arg>
<arg>CF</arg>
<arg>CG</arg>
<arg>CH</arg>
<arg>CI</arg>
<arg>CK</arg>
<arg>CL</arg>
<arg>CM</arg>
<arg>CN</arg>
<arg>CO</arg>
<arg>CR</arg>
<arg>CU</arg>
<arg>CV</arg>
<arg>CW</arg>
<arg>CX</arg>
<arg>CY</arg>
<arg>CZ</arg>
<arg>DE</arg>
<arg>DJ</arg>
<arg>DK</arg>
<arg>DM</arg>
<arg>DO</arg>
<arg>DZ</arg>
<arg>EC</arg>
<arg>EE</arg>
<arg>EG</arg>
<arg>EH</arg>
<arg>ER</arg>
<arg>ES</arg>
<arg>ET</arg>
<arg>FI</arg>
<arg>FJ</arg>
<arg>FK</arg>
<arg>FM</arg>
<arg>FO</arg>
<arg>FR</arg>
<arg>GA</arg>
<arg>GB</arg>
<arg>GD</arg>
<arg>GE</arg>
<arg>GF</arg>
<arg>GG</arg>
<arg>GH</arg>
<arg>GI</arg>
<arg>GL</arg>
<arg>GM</arg>
<arg>GN</arg>
<arg>GP</arg>
<arg>GQ</arg>
<arg>GR</arg>
<arg>GS</arg>
<arg>GT</arg>
<arg>GU</arg>
<arg>GW</arg>
<arg>GY</arg>
<arg>HK</arg>
<arg>HM</arg>
<arg>HN</arg>
<arg>HR</arg>
<arg>HT</arg>
<arg>HU</arg>
<arg>ID</arg>
<arg>IE</arg>
<arg>IL</arg>
<arg>IM</arg>
<arg>IN</arg>
<arg>IO</arg>
<arg>IQ</arg>
<arg>IR</arg>
<arg>IS</arg>
<arg>IT</arg>
<arg>JE</arg>
<arg>JM</arg>
<arg>JO</arg>
<arg>JP</arg>
<arg>KE</arg>
<arg>KG</arg>
<arg>KH</arg>
<arg>KI</arg>
<arg>KM</arg>
<arg>KN</arg>
<arg>KP</arg>
<arg>KR</arg>
<arg>KW</arg>
<arg>KY</arg>
<arg>KZ</arg>
<arg>LA</arg>
<arg>LB</arg>
<arg>LC</arg>
<arg>LI</arg>
<arg>LK</arg>
<arg>LR</arg>
<arg>LS</arg>
<arg>LT</arg>
<arg>LU</arg>
<arg>LV</arg>
<arg>LY</arg>
<arg>MA</arg>
<arg>MC</arg>
<arg>MD</arg>
<arg>ME</arg>
<arg>MF</arg>
<arg>MG</arg>
<arg>MH</arg>
<arg>MK</arg>
<arg>ML</arg>
<arg>MM</arg>
<arg>MN</arg>
<arg>MO</arg>
<arg>MP</arg>
<arg>MQ</arg>
<arg>MR</arg>
<arg>MS</arg>
<arg>MT</arg>
<arg>MU</arg>
<arg>MV</arg>
<arg>MW</arg>
<arg>MX</arg>
<arg>MY</arg>
<arg>MZ</arg>
<arg>NA</arg>
<arg>NC</arg>
<arg>NE</arg>
<arg>NF</arg>
<arg>NG</arg>
<arg>NI</arg>
<arg>NL</arg>
<arg>NO</arg>
<arg>NP</arg>
<arg>NR</arg>
<arg>NU</arg>
<arg>NZ</arg>
<arg>OM</arg>
<arg>PA</arg>
<arg>PE</arg>
<arg>PF</arg>
<arg>PG</arg>
<arg>PH</arg>
<arg>PK</arg>
<arg>PL</arg>
<arg>PM</arg>
<arg>PN</arg>
<arg>PR</arg>
<arg>PS</arg>
<arg>PT</arg>
<arg>PW</arg>
<arg>PY</arg>
<arg>QA</arg>
<arg>RE</arg>
<arg>RO</arg>
<arg>RS</arg>
<arg>RU</arg>
<arg>RW</arg>
<arg>SA</arg>
<arg>SB</arg>
<arg>SC</arg>
<arg>SD</arg>
<arg>SE</arg>
<arg>SG</arg>
<arg>SH</arg>
<arg>SI</arg>
<arg>SJ</arg>
<arg>SK</arg>
<arg>SL</arg>
<arg>SM</arg>
<arg>SN</arg>
<arg>SO</arg>
<arg>SR</arg>
<arg>SS</arg>
<arg>ST</arg>
<arg>SV</arg>
<arg>SX</arg>
<arg>SY</arg>
<arg>SZ</arg>
<arg>TC</arg>
<arg>TD</arg>
<arg>TF</arg>
<arg>TG</arg>
<arg>TH</arg>
<arg>TJ</arg>
<arg>TK</arg>
<arg>TL</arg>
<arg>TM</arg>
<arg>TN</arg>
<arg>TO</arg>
<arg>TR</arg>
<arg>TT</arg>
<arg>TV</arg>
<arg>TW</arg>
<arg>TZ</arg>
<arg>UA</arg>
<arg>UG</arg>
<arg>UM</arg>
<arg>US</arg>
<arg>UY</arg>
<arg>UZ</arg>
<arg>VA</arg>
<arg>VC</arg>
<arg>VE</arg>
<arg>VG</arg>
<arg>VI</arg>
<arg>VN</arg>
<arg>VU</arg>
<arg>WF</arg>
<arg>WS</arg>
<arg>XK</arg>
<arg>YE</arg>
<arg>YT</arg>
<arg>ZA</arg>
<arg>ZM</arg>
<arg>ZW</arg>
<doc>Returns a list containing given items.</doc>
<status status="PASS" start="2024-07-08T21:15:13.506098" elapsed="0.000613"/>
</kw>
<kw name="List Should Contain Value" owner="Collections">
<arg>${list_country}</arg>
<arg>${name_country}</arg>
<doc>Fails if the ``value`` is not found from ``list``.</doc>
<status status="PASS" start="2024-07-08T21:15:13.507532" elapsed="0.000204"/>
</kw>
<kw name="Run Keyword If" owner="BuiltIn">
<kw name="Should Be True" owner="BuiltIn">
<arg>${True}</arg>
<doc>Fails if the given condition is not true.</doc>
<status status="PASS" start="2024-07-08T21:15:13.508697" elapsed="0.000143"/>
</kw>
<arg>${json_data["results"][0]["location"]["coordinates"]["latitude"]} &gt;= -90 and ${json_data["results"][0]["location"]["coordinates"]["latitude"]} &lt;= 90</arg>
<arg>Should Be True</arg>
<arg>${True}</arg>
<doc>Runs the given keyword with the given arguments, if ``condition`` is true.</doc>
<status status="PASS" start="2024-07-08T21:15:13.507940" elapsed="0.001026"/>
</kw>
<kw name="Run Keyword If" owner="BuiltIn">
<kw name="Should Be True" owner="BuiltIn">
<arg>${True}</arg>
<doc>Fails if the given condition is not true.</doc>
<status status="PASS" start="2024-07-08T21:15:13.509838" elapsed="0.000136"/>
</kw>
<arg>${json_data["results"][0]["location"]["coordinates"]["longitude"]} &gt;= -180 and ${json_data["results"][0]["location"]["coordinates"]["longitude"]} &lt;= 180</arg>
<arg>Should Be True</arg>
<arg>${True}</arg>
<doc>Runs the given keyword with the given arguments, if ``condition`` is true.</doc>
<status status="PASS" start="2024-07-08T21:15:13.509148" elapsed="0.000948"/>
</kw>
<status status="PASS" start="2024-07-08T21:15:13.412432" elapsed="0.097798"/>
</kw>
<doc>Testa o conteúdo específico dos campos retornados pela API.</doc>
<tag>testeConteudo</tag>
<status status="PASS" start="2024-07-08T21:15:13.411965" elapsed="0.098430"/>
</test>
<status status="PASS" start="2024-07-08T21:15:12.649189" elapsed="0.863301"/>
</suite>
<status status="PASS" start="2024-07-08T21:15:12.634169" elapsed="0.883469"/>
</suite>
<statistics>
<total>
<stat pass="5" fail="0" skip="0">All Tests</stat>
</total>
<tag>
<stat pass="1" fail="0" skip="0">testeConteudo</stat>
<stat pass="1" fail="0" skip="0">testeEstruturaResposta</stat>
<stat pass="1" fail="0" skip="0">testeRequisicaoBasica</stat>
<stat pass="1" fail="0" skip="0">testeTiposDados</stat>
</tag>
<suite>
<stat pass="5" fail="0" skip="0" id="s1" name="Tests">Tests</stat>
<stat pass="5" fail="0" skip="0" id="s1-s1" name="Random-User-Test">Tests.Random-User-Test</stat>
</suite>
</statistics>
<errors>
</errors>
</robot>
