<?xml version="1.0" encoding="UTF-8"?>
<robot generator="Robot 7.0.1 (Python 3.12.3 on linux)" generated="2024-06-14T12:28:20.469641" rpa="false" schemaversion="5">
<suite id="s1" name="Tests" source="/home/runner/work/ApiRandomUser/ApiRandomUser/RamdonUser/tests">
<suite id="s1-s1" name="Random-User-Test" source="/home/runner/work/ApiRandomUser/ApiRandomUser/RamdonUser/tests/random-user-test.robot">
<test id="s1-s1-t1" name="Conectar" line="13">
<kw name="Conectar API" owner="random-user-service">
<kw name="Create Session" owner="RequestsLibrary">
<msg time="2024-06-14T12:28:20.887158" level="INFO">Creating Session using : alias=consultarAPI, url=https://randomuser.me/, headers={},                     cookies={}, auth=None, timeout=None, proxies=None, verify=False,                     debug=0 </msg>
<arg>consultarAPI</arg>
<arg>${URL}</arg>
<doc>Create Session: create a HTTP session to a server</doc>
<status status="PASS" start="2024-06-14T12:28:20.886944" elapsed="0.000411"/>
</kw>
<status status="PASS" start="2024-06-14T12:28:20.885799" elapsed="0.001956"/>
</kw>
<status status="PASS" start="2024-06-14T12:28:20.885141" elapsed="0.002837"/>
</test>
<test id="s1-s1-t2" name="Validar retorno 200 e JSON Válido" line="16">
<kw name="Teste de Requisicao Basica" owner="random-user-service">
<kw name="GET On Session" owner="RequestsLibrary">
<msg time="2024-06-14T12:28:20.981613" level="INFO">GET Request : url=https://randomuser.me/api 
 path_url=/api 
 headers={'User-Agent': 'python-requests/2.32.3', 'Accept-Encoding': 'gzip, deflate', 'Accept': '*/*', 'Connection': 'keep-alive'} 
 body=None 
 </msg>
<msg time="2024-06-14T12:28:20.981780" level="INFO">GET Response : url=https://randomuser.me/api 
 status=200, reason=OK 
 headers={'Date': 'Fri, 14 Jun 2024 12:28:20 GMT', 'Content-Type': 'application/json; charset=utf-8', 'Transfer-Encoding': 'chunked', 'Connection': 'keep-alive', 'X-Powered-By': 'Express', 'Access-Control-Allow-Origin': '*', 'Cache-Control': 'no-cache', 'ETag': 'W/"4b7-pYAn88UtAca67XtAOP9GBjL6rfE"', 'Vary': 'Accept-Encoding', 'Content-Encoding': 'gzip', 'CF-Cache-Status': 'DYNAMIC', 'Report-To': '{"endpoints":[{"url":"https:\\/\\/a.nel.cloudflare.com\\/report\\/v4?s=ZvbKXV0mo%2FXwubM%2FrJME%2FEOkkk2xhf%2F2S%2BopY6s8h7FXzFz8%2FNr52fIh%2FwI%2BnAsArscbm4lxQ8PQscV4Qbr7fWXk9d8RGWmYOvqZJIusJYjBXn2BEFNXinnwONDC7U2A"}],"group":"cf-nel","max_age":604800}', 'NEL': '{"success_fraction":0,"report_to":"cf-nel","max_age":604800}', 'Server': 'cloudflare', 'CF-RAY': '893a51d6daef8250-IAD', 'alt-svc': 'h3=":443"; ma=86400'} 
 body={"results":[{"gender":"female","name":{"title":"Ms","first":"Cassandra","last":"Marchand"},"location":{"street":{"number":3784,"name":"Rue Docteur-Bonhomme"},"city":"Reims","state":"Alpes-Maritimes","country":"France","postcode":36727,"coordinates":{"latitude":"-20.6648","longitude":"9.4558"},"timezone":{"offset":"-6:00","description":"Central Time (US &amp; Canada), Mexico City"}},"email":"cassandra.marchand@example.com","login":{"uuid":"29b36cb0-4a80-457f-8e2c-d29998c95497","username":"silversnake214","password":"bobcat","salt":"MFduC7d5","md5":"bc2a60c5f443caa172fd036b3f17ef79","sha1":"5564b31bf17580841a7ad2df5714003001177405","sha256":"9a60de840530f1aac8ef183d8f1a307ae22426c95c5bc03d9fd2b8803ea53d38"},"dob":{"date":"1980-01-24T11:23:21.824Z","age":44},"registered":{"date":"2014-04-18T07:18:08.847Z","age":10},"phone":"03-76-32-64-35","cell":"06-83-26-12-01","id":{"name":"INSEE","value":"2800064175942 88"},"picture":{"large":"https://randomuser.me/api/portraits/women/60.jpg","medium":"https://randomuser.me/api/portraits/med/women/60.jpg","thumbnail":"https://randomuser.me/api/portraits/thumb/women/60.jpg"},"nat":"FR"}],"info":{"seed":"3975d07b145371b3","results":1,"page":1,"version":"1.4"}} 
 </msg>
<msg time="2024-06-14T12:28:20.981870" level="INFO">/opt/hostedtoolcache/Python/3.12.3/x64/lib/python3.12/site-packages/urllib3/connectionpool.py:1103: InsecureRequestWarning: Unverified HTTPS request is being made to host 'randomuser.me'. Adding certificate verification is strongly advised. See: https://urllib3.readthedocs.io/en/latest/advanced-usage.html#tls-warnings
  warnings.warn(</msg>
<msg time="2024-06-14T12:28:20.982011" level="INFO">${response} = &lt;Response [200]&gt;</msg>
<var>${response}</var>
<arg>consultarAPI</arg>
<arg>/api</arg>
<doc>Sends a GET request on a previously created HTTP Session.</doc>
<status status="PASS" start="2024-06-14T12:28:20.890841" elapsed="0.091232"/>
</kw>
<kw name="Should Be Equal As Numbers" owner="BuiltIn">
<msg time="2024-06-14T12:28:20.983216" level="INFO">Argument types are:
&lt;class 'int'&gt;
&lt;class 'str'&gt;</msg>
<arg>${response.status_code}</arg>
<arg>200</arg>
<doc>Fails if objects are unequal after converting them to real numbers.</doc>
<status status="PASS" start="2024-06-14T12:28:20.982730" elapsed="0.000552"/>
</kw>
<kw name="Log" owner="BuiltIn">
<msg time="2024-06-14T12:28:20.983967" level="INFO">200</msg>
<arg>${response.status_code}</arg>
<doc>Logs the given message with the given level.</doc>
<status status="PASS" start="2024-06-14T12:28:20.983618" elapsed="0.000397"/>
</kw>
<kw name="Set Variable" owner="BuiltIn">
<msg time="2024-06-14T12:28:20.984756" level="INFO">${json_data} = {'results': [{'gender': 'female', 'name': {'title': 'Ms', 'first': 'Cassandra', 'last': 'Marchand'}, 'location': {'street': {'number': 3784, 'name': 'Rue Docteur-Bonhomme'}, 'city': 'Reims', 'state': ...</msg>
<var>${json_data}</var>
<arg>${response.json()}</arg>
<doc>Returns the given values which can then be assigned to a variables.</doc>
<status status="PASS" start="2024-06-14T12:28:20.984328" elapsed="0.000459"/>
</kw>
<kw name="Dictionary Should Contain Key" owner="Collections">
<arg>${json_data}</arg>
<arg>results</arg>
<doc>Fails if ``key`` is not found from ``dictionary``.</doc>
<status status="PASS" start="2024-06-14T12:28:20.985085" elapsed="0.000173"/>
</kw>
<status status="PASS" start="2024-06-14T12:28:20.890588" elapsed="0.094822"/>
</kw>
<doc>Testa se a API responde corretamente e retorna um objeto JSON válido.</doc>
<tag>testeRequisicaoBasica</tag>
<status status="PASS" start="2024-06-14T12:28:20.889997" elapsed="0.095588"/>
</test>
<test id="s1-s1-t3" name="Validar estrutura de resposta" line="22">
<kw name="Teste de Estrutura de Resposta" owner="random-user-service">
<kw name="GET On Session" owner="RequestsLibrary">
<msg time="2024-06-14T12:28:21.075755" level="INFO">GET Request : url=https://randomuser.me/api 
 path_url=/api 
 headers={'User-Agent': 'python-requests/2.32.3', 'Accept-Encoding': 'gzip, deflate', 'Accept': '*/*', 'Connection': 'keep-alive'} 
 body=None 
 </msg>
<msg time="2024-06-14T12:28:21.075871" level="INFO">GET Response : url=https://randomuser.me/api 
 status=200, reason=OK 
 headers={'Date': 'Fri, 14 Jun 2024 12:28:21 GMT', 'Content-Type': 'application/json; charset=utf-8', 'Transfer-Encoding': 'chunked', 'Connection': 'keep-alive', 'X-Powered-By': 'Express', 'Access-Control-Allow-Origin': '*', 'Cache-Control': 'no-cache', 'ETag': 'W/"492-vXPrTGxuX+yfTJhy7GfQtCOM4ME"', 'Vary': 'Accept-Encoding', 'Content-Encoding': 'gzip', 'CF-Cache-Status': 'DYNAMIC', 'Report-To': '{"endpoints":[{"url":"https:\\/\\/a.nel.cloudflare.com\\/report\\/v4?s=9TVHPD7ycCD6huUnYBKdjtRx7IaMZdMQWClmSWvubWoFjiSXDXfz9ynqnp58bGROC%2BBxd4DyUgTnq%2BGdD8Dbn08KmTPEi%2Fm%2Fz1TdXN5TFP37pUQBV1PKkkDP0jChxMMv"}],"group":"cf-nel","max_age":604800}', 'NEL': '{"success_fraction":0,"report_to":"cf-nel","max_age":604800}', 'Server': 'cloudflare', 'CF-RAY': '893a51d73b568250-IAD', 'alt-svc': 'h3=":443"; ma=86400'} 
 body={"results":[{"gender":"male","name":{"title":"Mr","first":"Matz","last":"Lanser"},"location":{"street":{"number":2580,"name":"Hortensiaplein"},"city":"Peperga","state":"Groningen","country":"Netherlands","postcode":"9028 NK","coordinates":{"latitude":"32.5549","longitude":"-19.2602"},"timezone":{"offset":"-6:00","description":"Central Time (US &amp; Canada), Mexico City"}},"email":"matz.lanser@example.com","login":{"uuid":"9634ca5b-0111-4a55-bc3d-5dd296125d9b","username":"bluesnake408","password":"sheila","salt":"bgfgPwwT","md5":"a811d60cad35da3c7b3be581759e9534","sha1":"fb7f057fb0c2ae9fc94c753b611fc2160cd1087e","sha256":"2f56385d5f3b119ab4b503573f6aa1e0ea6a2f80e39cf0e7fc60d39f93876290"},"dob":{"date":"1993-05-16T11:47:51.658Z","age":31},"registered":{"date":"2019-09-03T03:34:09.727Z","age":4},"phone":"(0012) 406311","cell":"(06) 96074763","id":{"name":"BSN","value":"25401106"},"picture":{"large":"https://randomuser.me/api/portraits/men/15.jpg","medium":"https://randomuser.me/api/portraits/med/men/15.jpg","thumbnail":"https://randomuser.me/api/portraits/thumb/men/15.jpg"},"nat":"NL"}],"info":{"seed":"cfee12942d296141","results":1,"page":1,"version":"1.4"}} 
 </msg>
<msg time="2024-06-14T12:28:21.076040" level="INFO">/opt/hostedtoolcache/Python/3.12.3/x64/lib/python3.12/site-packages/urllib3/connectionpool.py:1103: InsecureRequestWarning: Unverified HTTPS request is being made to host 'randomuser.me'. Adding certificate verification is strongly advised. See: https://urllib3.readthedocs.io/en/latest/advanced-usage.html#tls-warnings
  warnings.warn(</msg>
<msg time="2024-06-14T12:28:21.076171" level="INFO">${response} = &lt;Response [200]&gt;</msg>
<var>${response}</var>
<arg>consultarAPI</arg>
<arg>/api</arg>
<doc>Sends a GET request on a previously created HTTP Session.</doc>
<status status="PASS" start="2024-06-14T12:28:20.988508" elapsed="0.087706"/>
</kw>
<kw name="Set Variable" owner="BuiltIn">
<msg time="2024-06-14T12:28:21.077402" level="INFO">${json_data} = {'results': [{'gender': 'male', 'name': {'title': 'Mr', 'first': 'Matz', 'last': 'Lanser'}, 'location': {'street': {'number': 2580, 'name': 'Hortensiaplein'}, 'city': 'Peperga', 'state': 'Groningen', ...</msg>
<var>${json_data}</var>
<arg>${response.json()}</arg>
<doc>Returns the given values which can then be assigned to a variables.</doc>
<status status="PASS" start="2024-06-14T12:28:21.076828" elapsed="0.000603"/>
</kw>
<kw name="Log" owner="BuiltIn">
<msg time="2024-06-14T12:28:21.077904" level="INFO">{'results': [{'gender': 'male', 'name': {'title': 'Mr', 'first': 'Matz', 'last': 'Lanser'}, 'location': {'street': {'number': 2580, 'name': 'Hortensiaplein'}, 'city': 'Peperga', 'state': 'Groningen', 'country': 'Netherlands', 'postcode': '9028 NK', 'coordinates': {'latitude': '32.5549', 'longitude': '-19.2602'}, 'timezone': {'offset': '-6:00', 'description': 'Central Time (US &amp; Canada), Mexico City'}}, 'email': 'matz.lanser@example.com', 'login': {'uuid': '9634ca5b-0111-4a55-bc3d-5dd296125d9b', 'username': 'bluesnake408', 'password': 'sheila', 'salt': 'bgfgPwwT', 'md5': 'a811d60cad35da3c7b3be581759e9534', 'sha1': 'fb7f057fb0c2ae9fc94c753b611fc2160cd1087e', 'sha256': '2f56385d5f3b119ab4b503573f6aa1e0ea6a2f80e39cf0e7fc60d39f93876290'}, 'dob': {'date': '1993-05-16T11:47:51.658Z', 'age': 31}, 'registered': {'date': '2019-09-03T03:34:09.727Z', 'age': 4}, 'phone': '(0012) 406311', 'cell': '(06) 96074763', 'id': {'name': 'BSN', 'value': '25401106'}, 'picture': {'large': 'https://randomuser.me/api/portraits/men/15.jpg', 'medium': 'https://randomuser.me/api/portraits/med/men/15.jpg', 'thumbnail': 'https://randomuser.me/api/portraits/thumb/men/15.jpg'}, 'nat': 'NL'}], 'info': {'seed': 'cfee12942d296141', 'results': 1, 'page': 1, 'version': '1.4'}}</msg>
<arg>${json_data}</arg>
<doc>Logs the given message with the given level.</doc>
<status status="PASS" start="2024-06-14T12:28:21.077745" elapsed="0.000207"/>
</kw>
<kw name="Dictionary Should Contain Key" owner="Collections">
<arg>${json_data}</arg>
<arg>results</arg>
<doc>Fails if ``key`` is not found from ``dictionary``.</doc>
<status status="PASS" start="2024-06-14T12:28:21.078306" elapsed="0.000161"/>
</kw>
<kw name="Should Not Be Empty" owner="BuiltIn">
<msg time="2024-06-14T12:28:21.078780" level="INFO">Length is 2.</msg>
<arg>${json_data}</arg>
<doc>Verifies that the given item is not empty.</doc>
<status status="PASS" start="2024-06-14T12:28:21.078655" elapsed="0.000162"/>
</kw>
<kw name="Create List" owner="BuiltIn">
<msg time="2024-06-14T12:28:21.079252" level="INFO">${expected_keys} = ['gender', 'name', 'location', 'email', 'login']</msg>
<var>${expected_keys}</var>
<arg>gender</arg>
<arg>name</arg>
<arg>location</arg>
<arg>email</arg>
<arg>login</arg>
<doc>Returns a list containing given items.</doc>
<status status="PASS" start="2024-06-14T12:28:21.079105" elapsed="0.000171"/>
</kw>
<for flavor="IN">
<iter>
<kw name="Dictionary Should Contain Key" owner="Collections">
<arg>${json_data['results'][0]}</arg>
<arg>${key}</arg>
<doc>Fails if ``key`` is not found from ``dictionary``.</doc>
<status status="PASS" start="2024-06-14T12:28:21.079857" elapsed="0.000401"/>
</kw>
<kw name="Log" owner="BuiltIn">
<msg time="2024-06-14T12:28:21.080803" level="INFO">{'gender': 'male', 'name': {'title': 'Mr', 'first': 'Matz', 'last': 'Lanser'}, 'location': {'street': {'number': 2580, 'name': 'Hortensiaplein'}, 'city': 'Peperga', 'state': 'Groningen', 'country': 'Netherlands', 'postcode': '9028 NK', 'coordinates': {'latitude': '32.5549', 'longitude': '-19.2602'}, 'timezone': {'offset': '-6:00', 'description': 'Central Time (US &amp; Canada), Mexico City'}}, 'email': 'matz.lanser@example.com', 'login': {'uuid': '9634ca5b-0111-4a55-bc3d-5dd296125d9b', 'username': 'bluesnake408', 'password': 'sheila', 'salt': 'bgfgPwwT', 'md5': 'a811d60cad35da3c7b3be581759e9534', 'sha1': 'fb7f057fb0c2ae9fc94c753b611fc2160cd1087e', 'sha256': '2f56385d5f3b119ab4b503573f6aa1e0ea6a2f80e39cf0e7fc60d39f93876290'}, 'dob': {'date': '1993-05-16T11:47:51.658Z', 'age': 31}, 'registered': {'date': '2019-09-03T03:34:09.727Z', 'age': 4}, 'phone': '(0012) 406311', 'cell': '(06) 96074763', 'id': {'name': 'BSN', 'value': '25401106'}, 'picture': {'large': 'https://randomuser.me/api/portraits/men/15.jpg', 'medium': 'https://randomuser.me/api/portraits/med/men/15.jpg', 'thumbnail': 'https://randomuser.me/api/portraits/thumb/men/15.jpg'}, 'nat': 'NL'}</msg>
<arg>${json_data['results'][0]}</arg>
<doc>Logs the given message with the given level.</doc>
<status status="PASS" start="2024-06-14T12:28:21.080450" elapsed="0.000405"/>
</kw>
<kw name="Log" owner="BuiltIn">
<msg time="2024-06-14T12:28:21.081275" level="INFO">gender</msg>
<arg>${key}</arg>
<doc>Logs the given message with the given level.</doc>
<status status="PASS" start="2024-06-14T12:28:21.081148" elapsed="0.000166"/>
</kw>
<var name="${key}">gender</var>
<status status="PASS" start="2024-06-14T12:28:21.079727" elapsed="0.001811"/>
</iter>
<iter>
<kw name="Dictionary Should Contain Key" owner="Collections">
<arg>${json_data['results'][0]}</arg>
<arg>${key}</arg>
<doc>Fails if ``key`` is not found from ``dictionary``.</doc>
<status status="PASS" start="2024-06-14T12:28:21.081835" elapsed="0.000416"/>
</kw>
<kw name="Log" owner="BuiltIn">
<msg time="2024-06-14T12:28:21.082798" level="INFO">{'gender': 'male', 'name': {'title': 'Mr', 'first': 'Matz', 'last': 'Lanser'}, 'location': {'street': {'number': 2580, 'name': 'Hortensiaplein'}, 'city': 'Peperga', 'state': 'Groningen', 'country': 'Netherlands', 'postcode': '9028 NK', 'coordinates': {'latitude': '32.5549', 'longitude': '-19.2602'}, 'timezone': {'offset': '-6:00', 'description': 'Central Time (US &amp; Canada), Mexico City'}}, 'email': 'matz.lanser@example.com', 'login': {'uuid': '9634ca5b-0111-4a55-bc3d-5dd296125d9b', 'username': 'bluesnake408', 'password': 'sheila', 'salt': 'bgfgPwwT', 'md5': 'a811d60cad35da3c7b3be581759e9534', 'sha1': 'fb7f057fb0c2ae9fc94c753b611fc2160cd1087e', 'sha256': '2f56385d5f3b119ab4b503573f6aa1e0ea6a2f80e39cf0e7fc60d39f93876290'}, 'dob': {'date': '1993-05-16T11:47:51.658Z', 'age': 31}, 'registered': {'date': '2019-09-03T03:34:09.727Z', 'age': 4}, 'phone': '(0012) 406311', 'cell': '(06) 96074763', 'id': {'name': 'BSN', 'value': '25401106'}, 'picture': {'large': 'https://randomuser.me/api/portraits/men/15.jpg', 'medium': 'https://randomuser.me/api/portraits/med/men/15.jpg', 'thumbnail': 'https://randomuser.me/api/portraits/thumb/men/15.jpg'}, 'nat': 'NL'}</msg>
<arg>${json_data['results'][0]}</arg>
<doc>Logs the given message with the given level.</doc>
<status status="PASS" start="2024-06-14T12:28:21.082441" elapsed="0.000439"/>
</kw>
<kw name="Log" owner="BuiltIn">
<msg time="2024-06-14T12:28:21.083318" level="INFO">name</msg>
<arg>${key}</arg>
<doc>Logs the given message with the given level.</doc>
<status status="PASS" start="2024-06-14T12:28:21.083179" elapsed="0.000179"/>
</kw>
<var name="${key}">name</var>
<status status="PASS" start="2024-06-14T12:28:21.081725" elapsed="0.001856"/>
</iter>
<iter>
<kw name="Dictionary Should Contain Key" owner="Collections">
<arg>${json_data['results'][0]}</arg>
<arg>${key}</arg>
<doc>Fails if ``key`` is not found from ``dictionary``.</doc>
<status status="PASS" start="2024-06-14T12:28:21.083878" elapsed="0.000375"/>
</kw>
<kw name="Log" owner="BuiltIn">
<msg time="2024-06-14T12:28:21.084783" level="INFO">{'gender': 'male', 'name': {'title': 'Mr', 'first': 'Matz', 'last': 'Lanser'}, 'location': {'street': {'number': 2580, 'name': 'Hortensiaplein'}, 'city': 'Peperga', 'state': 'Groningen', 'country': 'Netherlands', 'postcode': '9028 NK', 'coordinates': {'latitude': '32.5549', 'longitude': '-19.2602'}, 'timezone': {'offset': '-6:00', 'description': 'Central Time (US &amp; Canada), Mexico City'}}, 'email': 'matz.lanser@example.com', 'login': {'uuid': '9634ca5b-0111-4a55-bc3d-5dd296125d9b', 'username': 'bluesnake408', 'password': 'sheila', 'salt': 'bgfgPwwT', 'md5': 'a811d60cad35da3c7b3be581759e9534', 'sha1': 'fb7f057fb0c2ae9fc94c753b611fc2160cd1087e', 'sha256': '2f56385d5f3b119ab4b503573f6aa1e0ea6a2f80e39cf0e7fc60d39f93876290'}, 'dob': {'date': '1993-05-16T11:47:51.658Z', 'age': 31}, 'registered': {'date': '2019-09-03T03:34:09.727Z', 'age': 4}, 'phone': '(0012) 406311', 'cell': '(06) 96074763', 'id': {'name': 'BSN', 'value': '25401106'}, 'picture': {'large': 'https://randomuser.me/api/portraits/men/15.jpg', 'medium': 'https://randomuser.me/api/portraits/med/men/15.jpg', 'thumbnail': 'https://randomuser.me/api/portraits/thumb/men/15.jpg'}, 'nat': 'NL'}</msg>
<arg>${json_data['results'][0]}</arg>
<doc>Logs the given message with the given level.</doc>
<status status="PASS" start="2024-06-14T12:28:21.084439" elapsed="0.000394"/>
</kw>
<kw name="Log" owner="BuiltIn">
<msg time="2024-06-14T12:28:21.085249" level="INFO">location</msg>
<arg>${key}</arg>
<doc>Logs the given message with the given level.</doc>
<status status="PASS" start="2024-06-14T12:28:21.085125" elapsed="0.000162"/>
</kw>
<var name="${key}">location</var>
<status status="PASS" start="2024-06-14T12:28:21.083759" elapsed="0.001746"/>
</iter>
<iter>
<kw name="Dictionary Should Contain Key" owner="Collections">
<arg>${json_data['results'][0]}</arg>
<arg>${key}</arg>
<doc>Fails if ``key`` is not found from ``dictionary``.</doc>
<status status="PASS" start="2024-06-14T12:28:21.085781" elapsed="0.000422"/>
</kw>
<kw name="Log" owner="BuiltIn">
<msg time="2024-06-14T12:28:21.086737" level="INFO">{'gender': 'male', 'name': {'title': 'Mr', 'first': 'Matz', 'last': 'Lanser'}, 'location': {'street': {'number': 2580, 'name': 'Hortensiaplein'}, 'city': 'Peperga', 'state': 'Groningen', 'country': 'Netherlands', 'postcode': '9028 NK', 'coordinates': {'latitude': '32.5549', 'longitude': '-19.2602'}, 'timezone': {'offset': '-6:00', 'description': 'Central Time (US &amp; Canada), Mexico City'}}, 'email': 'matz.lanser@example.com', 'login': {'uuid': '9634ca5b-0111-4a55-bc3d-5dd296125d9b', 'username': 'bluesnake408', 'password': 'sheila', 'salt': 'bgfgPwwT', 'md5': 'a811d60cad35da3c7b3be581759e9534', 'sha1': 'fb7f057fb0c2ae9fc94c753b611fc2160cd1087e', 'sha256': '2f56385d5f3b119ab4b503573f6aa1e0ea6a2f80e39cf0e7fc60d39f93876290'}, 'dob': {'date': '1993-05-16T11:47:51.658Z', 'age': 31}, 'registered': {'date': '2019-09-03T03:34:09.727Z', 'age': 4}, 'phone': '(0012) 406311', 'cell': '(06) 96074763', 'id': {'name': 'BSN', 'value': '25401106'}, 'picture': {'large': 'https://randomuser.me/api/portraits/men/15.jpg', 'medium': 'https://randomuser.me/api/portraits/med/men/15.jpg', 'thumbnail': 'https://randomuser.me/api/portraits/thumb/men/15.jpg'}, 'nat': 'NL'}</msg>
<arg>${json_data['results'][0]}</arg>
<doc>Logs the given message with the given level.</doc>
<status status="PASS" start="2024-06-14T12:28:21.086387" elapsed="0.000418"/>
</kw>
<kw name="Log" owner="BuiltIn">
<msg time="2024-06-14T12:28:21.087388" level="INFO">email</msg>
<arg>${key}</arg>
<doc>Logs the given message with the given level.</doc>
<status status="PASS" start="2024-06-14T12:28:21.087213" elapsed="0.000233"/>
</kw>
<var name="${key}">email</var>
<status status="PASS" start="2024-06-14T12:28:21.085676" elapsed="0.002079"/>
</iter>
<iter>
<kw name="Dictionary Should Contain Key" owner="Collections">
<arg>${json_data['results'][0]}</arg>
<arg>${key}</arg>
<doc>Fails if ``key`` is not found from ``dictionary``.</doc>
<status status="PASS" start="2024-06-14T12:28:21.088051" elapsed="0.000408"/>
</kw>
<kw name="Log" owner="BuiltIn">
<msg time="2024-06-14T12:28:21.089003" level="INFO">{'gender': 'male', 'name': {'title': 'Mr', 'first': 'Matz', 'last': 'Lanser'}, 'location': {'street': {'number': 2580, 'name': 'Hortensiaplein'}, 'city': 'Peperga', 'state': 'Groningen', 'country': 'Netherlands', 'postcode': '9028 NK', 'coordinates': {'latitude': '32.5549', 'longitude': '-19.2602'}, 'timezone': {'offset': '-6:00', 'description': 'Central Time (US &amp; Canada), Mexico City'}}, 'email': 'matz.lanser@example.com', 'login': {'uuid': '9634ca5b-0111-4a55-bc3d-5dd296125d9b', 'username': 'bluesnake408', 'password': 'sheila', 'salt': 'bgfgPwwT', 'md5': 'a811d60cad35da3c7b3be581759e9534', 'sha1': 'fb7f057fb0c2ae9fc94c753b611fc2160cd1087e', 'sha256': '2f56385d5f3b119ab4b503573f6aa1e0ea6a2f80e39cf0e7fc60d39f93876290'}, 'dob': {'date': '1993-05-16T11:47:51.658Z', 'age': 31}, 'registered': {'date': '2019-09-03T03:34:09.727Z', 'age': 4}, 'phone': '(0012) 406311', 'cell': '(06) 96074763', 'id': {'name': 'BSN', 'value': '25401106'}, 'picture': {'large': 'https://randomuser.me/api/portraits/men/15.jpg', 'medium': 'https://randomuser.me/api/portraits/med/men/15.jpg', 'thumbnail': 'https://randomuser.me/api/portraits/thumb/men/15.jpg'}, 'nat': 'NL'}</msg>
<arg>${json_data['results'][0]}</arg>
<doc>Logs the given message with the given level.</doc>
<status status="PASS" start="2024-06-14T12:28:21.088649" elapsed="0.000403"/>
</kw>
<kw name="Log" owner="BuiltIn">
<msg time="2024-06-14T12:28:21.089583" level="INFO">login</msg>
<arg>${key}</arg>
<doc>Logs the given message with the given level.</doc>
<status status="PASS" start="2024-06-14T12:28:21.089344" elapsed="0.000277"/>
</kw>
<var name="${key}">login</var>
<status status="PASS" start="2024-06-14T12:28:21.087939" elapsed="0.001899"/>
</iter>
<var>${key}</var>
<value>@{expected_keys}</value>
<status status="PASS" start="2024-06-14T12:28:21.079535" elapsed="0.010426"/>
</for>
<kw name="Create List" owner="BuiltIn">
<msg time="2024-06-14T12:28:21.090332" level="INFO">${expected_keysTwo} = ['username', 'password']</msg>
<var>${expected_keysTwo}</var>
<arg>username</arg>
<arg>password</arg>
<doc>Returns a list containing given items.</doc>
<status status="PASS" start="2024-06-14T12:28:21.090194" elapsed="0.000193"/>
</kw>
<for flavor="IN">
<iter>
<kw name="Dictionary Should Contain Key" owner="Collections">
<arg>${json_data['results'][0]['login']}</arg>
<arg>${keyTwo}</arg>
<doc>Fails if ``key`` is not found from ``dictionary``.</doc>
<status status="PASS" start="2024-06-14T12:28:21.090902" elapsed="0.000388"/>
</kw>
<kw name="Dictionary Should Contain Key" owner="Collections">
<arg>${json_data['results'][0]['login']}</arg>
<arg>${keyTwo}</arg>
<doc>Fails if ``key`` is not found from ``dictionary``.</doc>
<status status="PASS" start="2024-06-14T12:28:21.091470" elapsed="0.000378"/>
</kw>
<kw name="Log" owner="BuiltIn">
<msg time="2024-06-14T12:28:21.092146" level="INFO">username</msg>
<arg>${keyTwo}</arg>
<doc>Logs the given message with the given level.</doc>
<status status="PASS" start="2024-06-14T12:28:21.092025" elapsed="0.000157"/>
</kw>
<var name="${keyTwo}">username</var>
<status status="PASS" start="2024-06-14T12:28:21.090794" elapsed="0.001607"/>
</iter>
<iter>
<kw name="Dictionary Should Contain Key" owner="Collections">
<arg>${json_data['results'][0]['login']}</arg>
<arg>${keyTwo}</arg>
<doc>Fails if ``key`` is not found from ``dictionary``.</doc>
<status status="PASS" start="2024-06-14T12:28:21.092684" elapsed="0.000373"/>
</kw>
<kw name="Dictionary Should Contain Key" owner="Collections">
<arg>${json_data['results'][0]['login']}</arg>
<arg>${keyTwo}</arg>
<doc>Fails if ``key`` is not found from ``dictionary``.</doc>
<status status="PASS" start="2024-06-14T12:28:21.093243" elapsed="0.000367"/>
</kw>
<kw name="Log" owner="BuiltIn">
<msg time="2024-06-14T12:28:21.093903" level="INFO">password</msg>
<arg>${keyTwo}</arg>
<doc>Logs the given message with the given level.</doc>
<status status="PASS" start="2024-06-14T12:28:21.093785" elapsed="0.000191"/>
</kw>
<var name="${keyTwo}">password</var>
<status status="PASS" start="2024-06-14T12:28:21.092577" elapsed="0.001733"/>
</iter>
<var>${keyTwo}</var>
<value>@{expected_keysTwo}</value>
<status status="PASS" start="2024-06-14T12:28:21.090639" elapsed="0.003845"/>
</for>
<status status="PASS" start="2024-06-14T12:28:20.988267" elapsed="0.106457"/>
</kw>
<doc>Testa a estrutura da resposta da API.</doc>
<tag>testeEstruturaResposta</tag>
<status status="PASS" start="2024-06-14T12:28:20.987485" elapsed="0.107473"/>
</test>
<test id="s1-s1-t4" name="Validar tipos de dados" line="28">
<kw name="Teste de Tipos de Dados" owner="random-user-service">
<kw name="GET On Session" owner="RequestsLibrary">
<msg time="2024-06-14T12:28:21.176869" level="INFO">GET Request : url=https://randomuser.me/api 
 path_url=/api 
 headers={'User-Agent': 'python-requests/2.32.3', 'Accept-Encoding': 'gzip, deflate', 'Accept': '*/*', 'Connection': 'keep-alive'} 
 body=None 
 </msg>
<msg time="2024-06-14T12:28:21.176964" level="INFO">GET Response : url=https://randomuser.me/api 
 status=200, reason=OK 
 headers={'Date': 'Fri, 14 Jun 2024 12:28:21 GMT', 'Content-Type': 'application/json; charset=utf-8', 'Transfer-Encoding': 'chunked', 'Connection': 'keep-alive', 'X-Powered-By': 'Express', 'Access-Control-Allow-Origin': '*', 'Cache-Control': 'no-cache', 'ETag': 'W/"48b-ikXeVRKhwRmDcSOpq+spx5yFYpk"', 'Vary': 'Accept-Encoding', 'Content-Encoding': 'gzip', 'CF-Cache-Status': 'DYNAMIC', 'Report-To': '{"endpoints":[{"url":"https:\\/\\/a.nel.cloudflare.com\\/report\\/v4?s=I3NoQufKI4aKaizO0dMqJ5rC76a%2BlnpnAfudvXz9T85QwjAbsla8FejxLTKtU1zt8xHmS5Vthq25PKDIUFEJiqF%2Bcq6uLwlAemYtwtp3R%2BMINQYyFdAJPjOguRPHjRZr"}],"group":"cf-nel","max_age":604800}', 'NEL': '{"success_fraction":0,"report_to":"cf-nel","max_age":604800}', 'Server': 'cloudflare', 'CF-RAY': '893a51d7ebf58250-IAD', 'alt-svc': 'h3=":443"; ma=86400'} 
 body={"results":[{"gender":"female","name":{"title":"Miss","first":"Rosa","last":"Pedersen"},"location":{"street":{"number":1415,"name":"Rugmarken"},"city":"Branderup J","state":"Midtjylland","country":"Denmark","postcode":42057,"coordinates":{"latitude":"-41.6818","longitude":"137.0371"},"timezone":{"offset":"-3:00","description":"Brazil, Buenos Aires, Georgetown"}},"email":"rosa.pedersen@example.com","login":{"uuid":"cb452a27-5b90-414e-941a-6214b84868e5","username":"redkoala267","password":"arrow","salt":"TKcer6Jt","md5":"d918e369783f3ea665ac724a0913b938","sha1":"9ade1f7c22d9aa4eca66f4be7191bb29980ca9ae","sha256":"744d64a913f5a40e2db8247b7c3e4906fe049393bd4fdbe4b57dbc371c6fdbb6"},"dob":{"date":"1948-07-31T05:29:58.006Z","age":75},"registered":{"date":"2007-08-31T04:24:32.182Z","age":16},"phone":"52535939","cell":"36291433","id":{"name":"CPR","value":"310748-0602"},"picture":{"large":"https://randomuser.me/api/portraits/women/68.jpg","medium":"https://randomuser.me/api/portraits/med/women/68.jpg","thumbnail":"https://randomuser.me/api/portraits/thumb/women/68.jpg"},"nat":"DK"}],"info":{"seed":"458abeaf0f5c5b3c","results":1,"page":1,"version":"1.4"}} 
 </msg>
<msg time="2024-06-14T12:28:21.177034" level="INFO">/opt/hostedtoolcache/Python/3.12.3/x64/lib/python3.12/site-packages/urllib3/connectionpool.py:1103: InsecureRequestWarning: Unverified HTTPS request is being made to host 'randomuser.me'. Adding certificate verification is strongly advised. See: https://urllib3.readthedocs.io/en/latest/advanced-usage.html#tls-warnings
  warnings.warn(</msg>
<msg time="2024-06-14T12:28:21.177161" level="INFO">${response} = &lt;Response [200]&gt;</msg>
<var>${response}</var>
<arg>consultarAPI</arg>
<arg>/api</arg>
<doc>Sends a GET request on a previously created HTTP Session.</doc>
<status status="PASS" start="2024-06-14T12:28:21.097764" elapsed="0.079435"/>
</kw>
<kw name="Set Variable" owner="BuiltIn">
<msg time="2024-06-14T12:28:21.178382" level="INFO">${json_data} = {'results': [{'gender': 'female', 'name': {'title': 'Miss', 'first': 'Rosa', 'last': 'Pedersen'}, 'location': {'street': {'number': 1415, 'name': 'Rugmarken'}, 'city': 'Branderup J', 'state': 'Midtjyl...</msg>
<var>${json_data}</var>
<arg>${response.json()}</arg>
<doc>Returns the given values which can then be assigned to a variables.</doc>
<status status="PASS" start="2024-06-14T12:28:21.177797" elapsed="0.000614"/>
</kw>
<kw name="Log" owner="BuiltIn">
<msg time="2024-06-14T12:28:21.178887" level="INFO">{'results': [{'gender': 'female', 'name': {'title': 'Miss', 'first': 'Rosa', 'last': 'Pedersen'}, 'location': {'street': {'number': 1415, 'name': 'Rugmarken'}, 'city': 'Branderup J', 'state': 'Midtjylland', 'country': 'Denmark', 'postcode': 42057, 'coordinates': {'latitude': '-41.6818', 'longitude': '137.0371'}, 'timezone': {'offset': '-3:00', 'description': 'Brazil, Buenos Aires, Georgetown'}}, 'email': 'rosa.pedersen@example.com', 'login': {'uuid': 'cb452a27-5b90-414e-941a-6214b84868e5', 'username': 'redkoala267', 'password': 'arrow', 'salt': 'TKcer6Jt', 'md5': 'd918e369783f3ea665ac724a0913b938', 'sha1': '9ade1f7c22d9aa4eca66f4be7191bb29980ca9ae', 'sha256': '744d64a913f5a40e2db8247b7c3e4906fe049393bd4fdbe4b57dbc371c6fdbb6'}, 'dob': {'date': '1948-07-31T05:29:58.006Z', 'age': 75}, 'registered': {'date': '2007-08-31T04:24:32.182Z', 'age': 16}, 'phone': '52535939', 'cell': '36291433', 'id': {'name': 'CPR', 'value': '310748-0602'}, 'picture': {'large': 'https://randomuser.me/api/portraits/women/68.jpg', 'medium': 'https://randomuser.me/api/portraits/med/women/68.jpg', 'thumbnail': 'https://randomuser.me/api/portraits/thumb/women/68.jpg'}, 'nat': 'DK'}], 'info': {'seed': '458abeaf0f5c5b3c', 'results': 1, 'page': 1, 'version': '1.4'}}</msg>
<arg>${json_data}</arg>
<doc>Logs the given message with the given level.</doc>
<status status="PASS" start="2024-06-14T12:28:21.178729" elapsed="0.000205"/>
</kw>
<kw name="Should Be String" owner="String">
<arg>${json_data['results'][0]['gender']}</arg>
<doc>Fails if the given ``item`` is not a string.</doc>
<status status="PASS" start="2024-06-14T12:28:21.179223" elapsed="0.000363"/>
</kw>
<kw name="Should Match Regexp" owner="BuiltIn">
<arg>${json_data['results'][0]['email']}</arg>
<arg>^[a-zA-Z0-9._%+-]+@[a-zA-Z0-9.-]+\.[a-zA-Z]{2,}$</arg>
<doc>Fails if ``string`` does not match ``pattern`` as a regular expression.</doc>
<status status="PASS" start="2024-06-14T12:28:21.179782" elapsed="0.000513"/>
</kw>
<kw name="Should Match Regexp" owner="BuiltIn">
<arg>${json_data['results'][0]['dob']['date']}</arg>
<arg>\\d{4}-\\d{2}-\\d{2}T\\d{2}:\\d{2}:\\d{2}\\.\\d{3}Z</arg>
<doc>Fails if ``string`` does not match ``pattern`` as a regular expression.</doc>
<status status="PASS" start="2024-06-14T12:28:21.180529" elapsed="0.000495"/>
</kw>
<kw name="Should Match Regexp" owner="BuiltIn">
<arg>${json_data['results'][0]['registered']['date']}</arg>
<arg>\\d{4}-\\d{2}-\\d{2}T\\d{2}:\\d{2}:\\d{2}\\.\\d{3}Z</arg>
<doc>Fails if ``string`` does not match ``pattern`` as a regular expression.</doc>
<status status="PASS" start="2024-06-14T12:28:21.181216" elapsed="0.000380"/>
</kw>
<kw name="Should Match Regexp" owner="BuiltIn">
<arg>${json_data['results'][0]['picture']['large']}</arg>
<arg>^https?://.*\.(?:png|jpe?g|gif|bmp)$</arg>
<doc>Fails if ``string`` does not match ``pattern`` as a regular expression.</doc>
<status status="PASS" start="2024-06-14T12:28:21.181782" elapsed="0.000493"/>
</kw>
<kw name="Should Match Regexp" owner="BuiltIn">
<arg>${json_data['results'][0]['picture']['medium']}</arg>
<arg>^https?://.*\.(?:png|jpe?g|gif|bmp)$</arg>
<doc>Fails if ``string`` does not match ``pattern`` as a regular expression.</doc>
<status status="PASS" start="2024-06-14T12:28:21.182470" elapsed="0.000354"/>
</kw>
<kw name="Should Match Regexp" owner="BuiltIn">
<arg>${json_data['results'][0]['picture']['thumbnail']}</arg>
<arg>^https?://.*\.(?:png|jpe?g|gif|bmp)$</arg>
<doc>Fails if ``string`` does not match ``pattern`` as a regular expression.</doc>
<status status="PASS" start="2024-06-14T12:28:21.183013" elapsed="0.000349"/>
</kw>
<kw name="Log" owner="BuiltIn">
<msg time="2024-06-14T12:28:21.183870" level="INFO">{'large': 'https://randomuser.me/api/portraits/women/68.jpg', 'medium': 'https://randomuser.me/api/portraits/med/women/68.jpg', 'thumbnail': 'https://randomuser.me/api/portraits/thumb/women/68.jpg'}</msg>
<arg>${json_data['results'][0]['picture']}</arg>
<doc>Logs the given message with the given level.</doc>
<status status="PASS" start="2024-06-14T12:28:21.183544" elapsed="0.000369"/>
</kw>
<status status="PASS" start="2024-06-14T12:28:21.097534" elapsed="0.086634"/>
</kw>
<kw name="Teste de Tipos de Dados - Postcode" owner="random-user-service">
<kw name="GET On Session" owner="RequestsLibrary">
<msg time="2024-06-14T12:28:21.285294" level="INFO">GET Request : url=https://randomuser.me/api 
 path_url=/api 
 headers={'User-Agent': 'python-requests/2.32.3', 'Accept-Encoding': 'gzip, deflate', 'Accept': '*/*', 'Connection': 'keep-alive'} 
 body=None 
 </msg>
<msg time="2024-06-14T12:28:21.285402" level="INFO">GET Response : url=https://randomuser.me/api 
 status=200, reason=OK 
 headers={'Date': 'Fri, 14 Jun 2024 12:28:21 GMT', 'Content-Type': 'application/json; charset=utf-8', 'Transfer-Encoding': 'chunked', 'Connection': 'keep-alive', 'X-Powered-By': 'Express', 'Access-Control-Allow-Origin': '*', 'Cache-Control': 'no-cache', 'ETag': 'W/"482-tAF1yklZTdCWO7KqculH5hRC7wk"', 'Vary': 'Accept-Encoding', 'Content-Encoding': 'gzip', 'CF-Cache-Status': 'DYNAMIC', 'Report-To': '{"endpoints":[{"url":"https:\\/\\/a.nel.cloudflare.com\\/report\\/v4?s=78ph2SFJ0kFhWVhnqzGm2OQUXcnp7pW8xwb%2FBfpC0rOpc2D1W7cToohAJ1qbw0i7e0TljwoFjIqhPj%2F03A6OU4rDf5Upc%2FM%2FUtPbLyx5v9IE1wAoNZ9jsgQvcAxjfE92"}],"group":"cf-nel","max_age":604800}', 'NEL': '{"success_fraction":0,"report_to":"cf-nel","max_age":604800}', 'Server': 'cloudflare', 'CF-RAY': '893a51d86c958250-IAD', 'alt-svc': 'h3=":443"; ma=86400'} 
 body={"results":[{"gender":"male","name":{"title":"Mr","first":"Vadim","last":"Kuropas"},"location":{"street":{"number":8216,"name":"Steblista"},"city":"Kiliya","state":"Cherkaska","country":"Ukraine","postcode":75313,"coordinates":{"latitude":"73.9720","longitude":"-166.8277"},"timezone":{"offset":"-6:00","description":"Central Time (US &amp; Canada), Mexico City"}},"email":"vadim.kuropas@example.com","login":{"uuid":"273dd6fb-c6ad-443f-9efd-f2f64114cabb","username":"yellowswan989","password":"trees","salt":"XyQ1rm7u","md5":"b031ea4f09df78e24aaf5f5adef4ca82","sha1":"10968a57afc450d11ae41dd75014ecb3efccbb34","sha256":"0b89d21310ef5bb13ce864f0c8e77e911e842379a76bc89e011d75cadfd7fbf8"},"dob":{"date":"1955-03-14T01:16:17.398Z","age":69},"registered":{"date":"2022-03-11T04:14:30.458Z","age":2},"phone":"(068) C03-7667","cell":"(098) U21-3480","id":{"name":"","value":null},"picture":{"large":"https://randomuser.me/api/portraits/men/41.jpg","medium":"https://randomuser.me/api/portraits/med/men/41.jpg","thumbnail":"https://randomuser.me/api/portraits/thumb/men/41.jpg"},"nat":"UA"}],"info":{"seed":"0a928a5152e76482","results":1,"page":1,"version":"1.4"}} 
 </msg>
<msg time="2024-06-14T12:28:21.285493" level="INFO">/opt/hostedtoolcache/Python/3.12.3/x64/lib/python3.12/site-packages/urllib3/connectionpool.py:1103: InsecureRequestWarning: Unverified HTTPS request is being made to host 'randomuser.me'. Adding certificate verification is strongly advised. See: https://urllib3.readthedocs.io/en/latest/advanced-usage.html#tls-warnings
  warnings.warn(</msg>
<msg time="2024-06-14T12:28:21.285632" level="INFO">${response} = &lt;Response [200]&gt;</msg>
<var>${response}</var>
<arg>consultarAPI</arg>
<arg>/api</arg>
<doc>Sends a GET request on a previously created HTTP Session.</doc>
<status status="PASS" start="2024-06-14T12:28:21.184646" elapsed="0.101025"/>
</kw>
<kw name="Set Variable" owner="BuiltIn">
<msg time="2024-06-14T12:28:21.286839" level="INFO">${json_data} = {'results': [{'gender': 'male', 'name': {'title': 'Mr', 'first': 'Vadim', 'last': 'Kuropas'}, 'location': {'street': {'number': 8216, 'name': 'Steblista'}, 'city': 'Kiliya', 'state': 'Cherkaska', 'cou...</msg>
<var>${json_data}</var>
<arg>${response.json()}</arg>
<doc>Returns the given values which can then be assigned to a variables.</doc>
<status status="PASS" start="2024-06-14T12:28:21.286314" elapsed="0.000556"/>
</kw>
<kw name="Log" owner="BuiltIn">
<msg time="2024-06-14T12:28:21.287352" level="INFO">{'results': [{'gender': 'male', 'name': {'title': 'Mr', 'first': 'Vadim', 'last': 'Kuropas'}, 'location': {'street': {'number': 8216, 'name': 'Steblista'}, 'city': 'Kiliya', 'state': 'Cherkaska', 'country': 'Ukraine', 'postcode': 75313, 'coordinates': {'latitude': '73.9720', 'longitude': '-166.8277'}, 'timezone': {'offset': '-6:00', 'description': 'Central Time (US &amp; Canada), Mexico City'}}, 'email': 'vadim.kuropas@example.com', 'login': {'uuid': '273dd6fb-c6ad-443f-9efd-f2f64114cabb', 'username': 'yellowswan989', 'password': 'trees', 'salt': 'XyQ1rm7u', 'md5': 'b031ea4f09df78e24aaf5f5adef4ca82', 'sha1': '10968a57afc450d11ae41dd75014ecb3efccbb34', 'sha256': '0b89d21310ef5bb13ce864f0c8e77e911e842379a76bc89e011d75cadfd7fbf8'}, 'dob': {'date': '1955-03-14T01:16:17.398Z', 'age': 69}, 'registered': {'date': '2022-03-11T04:14:30.458Z', 'age': 2}, 'phone': '(068) C03-7667', 'cell': '(098) U21-3480', 'id': {'name': '', 'value': None}, 'picture': {'large': 'https://randomuser.me/api/portraits/men/41.jpg', 'medium': 'https://randomuser.me/api/portraits/med/men/41.jpg', 'thumbnail': 'https://randomuser.me/api/portraits/thumb/men/41.jpg'}, 'nat': 'UA'}], 'info': {'seed': '0a928a5152e76482', 'results': 1, 'page': 1, 'version': '1.4'}}</msg>
<arg>${json_data}</arg>
<doc>Logs the given message with the given level.</doc>
<status status="PASS" start="2024-06-14T12:28:21.287190" elapsed="0.000211"/>
</kw>
<kw name="Should Be Equal As Numbers" owner="BuiltIn">
<arg>${json_data['results'][0]['location']['postcode']}</arg>
<arg>${json_data['results'][0]['location']['postcode']}</arg>
<doc>Fails if objects are unequal after converting them to real numbers.</doc>
<status status="PASS" start="2024-06-14T12:28:21.287708" elapsed="0.000637"/>
</kw>
<kw name="Log" owner="BuiltIn">
<msg time="2024-06-14T12:28:21.288879" level="INFO">75313</msg>
<arg>${json_data['results'][0]['location']['postcode']}</arg>
<doc>Logs the given message with the given level.</doc>
<status status="PASS" start="2024-06-14T12:28:21.288544" elapsed="0.000376"/>
</kw>
<status status="PASS" start="2024-06-14T12:28:21.184402" elapsed="0.104799"/>
</kw>
<doc>Testa se os tipos de dados na resposta da API estão corretos.</doc>
<tag>testeTiposDados</tag>
<status status="PASS" start="2024-06-14T12:28:21.096994" elapsed="0.192377"/>
</test>
<test id="s1-s1-t5" name="Validar conteudo" line="35">
<kw name="Teste de Tipos de Conteudo" owner="random-user-service">
<kw name="GET On Session" owner="RequestsLibrary">
<msg time="2024-06-14T12:28:21.378201" level="INFO">GET Request : url=https://randomuser.me/api 
 path_url=/api 
 headers={'User-Agent': 'python-requests/2.32.3', 'Accept-Encoding': 'gzip, deflate', 'Accept': '*/*', 'Connection': 'keep-alive'} 
 body=None 
 </msg>
<msg time="2024-06-14T12:28:21.378311" level="INFO">GET Response : url=https://randomuser.me/api 
 status=200, reason=OK 
 headers={'Date': 'Fri, 14 Jun 2024 12:28:21 GMT', 'Content-Type': 'application/json; charset=utf-8', 'Transfer-Encoding': 'chunked', 'Connection': 'keep-alive', 'X-Powered-By': 'Express', 'Access-Control-Allow-Origin': '*', 'Cache-Control': 'no-cache', 'ETag': 'W/"4a4-Hgt4ZC5gd5+q75Zy7VR8SSgMVHs"', 'Vary': 'Accept-Encoding', 'Content-Encoding': 'gzip', 'CF-Cache-Status': 'DYNAMIC', 'Report-To': '{"endpoints":[{"url":"https:\\/\\/a.nel.cloudflare.com\\/report\\/v4?s=NdAuAVqxoY5qOhSx%2FDMoh%2BpTW1O2blq0csG9hMAPeQn7FbYgLuCeORywAcrHQ5IJ97MtjYiauoz0JhVB%2F1wCRhJcJX4s5ufoADeqc4ByeLGAXy3fOZnCFCVo9yRiE0%2BL"}],"group":"cf-nel","max_age":604800}', 'NEL': '{"success_fraction":0,"report_to":"cf-nel","max_age":604800}', 'Server': 'cloudflare', 'CF-RAY': '893a51d91d648250-IAD', 'alt-svc': 'h3=":443"; ma=86400'} 
 body={"results":[{"gender":"male","name":{"title":"Mr","first":"Zvenigor","last":"Kocyubinskiy"},"location":{"street":{"number":9639,"name":"20 rokiv Peremogi"},"city":"Seredina-Buda","state":"Zakarpatska","country":"Ukraine","postcode":94692,"coordinates":{"latitude":"80.7651","longitude":"-101.0944"},"timezone":{"offset":"+11:00","description":"Magadan, Solomon Islands, New Caledonia"}},"email":"zvenigor.kocyubinskiy@example.com","login":{"uuid":"67ff2c4f-cc8a-47d7-8601-3675761ebbe4","username":"angrybird279","password":"guess","salt":"WUFODYEF","md5":"ac735fc2de9b74d127b6454c97c91019","sha1":"70ec84b9d6704b82beb063b7b23afda972478d6f","sha256":"c9f696d59e52fc7da34a5aaa42032ccb16e58914bb686700a761ed332549e417"},"dob":{"date":"1967-07-12T03:58:11.622Z","age":56},"registered":{"date":"2011-02-28T11:45:37.136Z","age":13},"phone":"(096) L19-7792","cell":"(099) J47-1559","id":{"name":"","value":null},"picture":{"large":"https://randomuser.me/api/portraits/men/37.jpg","medium":"https://randomuser.me/api/portraits/med/men/37.jpg","thumbnail":"https://randomuser.me/api/portraits/thumb/men/37.jpg"},"nat":"UA"}],"info":{"seed":"0ab4a92c5939db03","results":1,"page":1,"version":"1.4"}} 
 </msg>
<msg time="2024-06-14T12:28:21.378395" level="INFO">/opt/hostedtoolcache/Python/3.12.3/x64/lib/python3.12/site-packages/urllib3/connectionpool.py:1103: InsecureRequestWarning: Unverified HTTPS request is being made to host 'randomuser.me'. Adding certificate verification is strongly advised. See: https://urllib3.readthedocs.io/en/latest/advanced-usage.html#tls-warnings
  warnings.warn(</msg>
<msg time="2024-06-14T12:28:21.378535" level="INFO">${response} = &lt;Response [200]&gt;</msg>
<var>${response}</var>
<arg>consultarAPI</arg>
<arg>/api</arg>
<doc>Sends a GET request on a previously created HTTP Session.</doc>
<status status="PASS" start="2024-06-14T12:28:21.291946" elapsed="0.086634"/>
</kw>
<kw name="Set Variable" owner="BuiltIn">
<msg time="2024-06-14T12:28:21.379764" level="INFO">${json_data} = {'results': [{'gender': 'male', 'name': {'title': 'Mr', 'first': 'Zvenigor', 'last': 'Kocyubinskiy'}, 'location': {'street': {'number': 9639, 'name': '20 rokiv Peremogi'}, 'city': 'Seredina-Buda', 'st...</msg>
<var>${json_data}</var>
<arg>${response.json()}</arg>
<doc>Returns the given values which can then be assigned to a variables.</doc>
<status status="PASS" start="2024-06-14T12:28:21.379195" elapsed="0.000597"/>
</kw>
<kw name="Set Variable" owner="BuiltIn">
<msg time="2024-06-14T12:28:21.380478" level="INFO">${name_title} = Mr</msg>
<var>${name_title}</var>
<arg>${json_data["results"][0]["name"]["title"]}</arg>
<doc>Returns the given values which can then be assigned to a variables.</doc>
<status status="PASS" start="2024-06-14T12:28:21.380094" elapsed="0.000410"/>
</kw>
<kw name="Create List" owner="BuiltIn">
<msg time="2024-06-14T12:28:21.380965" level="INFO">${allowed_titles} = ['Mr', 'Ms', 'Miss', 'Mrs', 'Madame', 'Monsieur']</msg>
<var>${allowed_titles}</var>
<arg>Mr</arg>
<arg>Ms</arg>
<arg>Miss</arg>
<arg>Mrs</arg>
<arg>Madame</arg>
<arg>Monsieur</arg>
<doc>Returns a list containing given items.</doc>
<status status="PASS" start="2024-06-14T12:28:21.380817" elapsed="0.000172"/>
</kw>
<kw name="List Should Contain Value" owner="Collections">
<arg>${allowed_titles}</arg>
<arg>${name_title}</arg>
<doc>Fails if the ``value`` is not found from ``list``.</doc>
<status status="PASS" start="2024-06-14T12:28:21.381283" elapsed="0.000178"/>
</kw>
<kw name="Set Variable" owner="BuiltIn">
<msg time="2024-06-14T12:28:21.382012" level="INFO">${name_country} = UA</msg>
<var>${name_country}</var>
<arg>${json_data["results"][0]["nat"]}</arg>
<doc>Returns the given values which can then be assigned to a variables.</doc>
<status status="PASS" start="2024-06-14T12:28:21.381645" elapsed="0.000420"/>
</kw>
<kw name="Create List" owner="BuiltIn">
<msg time="2024-06-14T12:28:21.382966" level="INFO">${list_country} = ['AD', 'AE', 'AF', 'AG', 'AI', 'AL', 'AM', 'AO', 'AQ', 'AR', 'AS', 'AT', 'AU', 'AW', 'AX', 'AZ', 'BA', 'BB', 'BD', 'BE', 'BF', 'BG', 'BH', 'BI', 'BJ', 'BL', 'BM', 'BN', 'BO', 'BQ', 'BR', 'BS', 'BT', '...</msg>
<var>${list_country}</var>
<arg>AD</arg>
<arg>AE</arg>
<arg>AF</arg>
<arg>AG</arg>
<arg>AI</arg>
<arg>AL</arg>
<arg>AM</arg>
<arg>AO</arg>
<arg>AQ</arg>
<arg>AR</arg>
<arg>AS</arg>
<arg>AT</arg>
<arg>AU</arg>
<arg>AW</arg>
<arg>AX</arg>
<arg>AZ</arg>
<arg>BA</arg>
<arg>BB</arg>
<arg>BD</arg>
<arg>BE</arg>
<arg>BF</arg>
<arg>BG</arg>
<arg>BH</arg>
<arg>BI</arg>
<arg>BJ</arg>
<arg>BL</arg>
<arg>BM</arg>
<arg>BN</arg>
<arg>BO</arg>
<arg>BQ</arg>
<arg>BR</arg>
<arg>BS</arg>
<arg>BT</arg>
<arg>BV</arg>
<arg>BW</arg>
<arg>BY</arg>
<arg>BZ</arg>
<arg>CA</arg>
<arg>CC</arg>
<arg>CD</arg>
<arg>CF</arg>
<arg>CG</arg>
<arg>CH</arg>
<arg>CI</arg>
<arg>CK</arg>
<arg>CL</arg>
<arg>CM</arg>
<arg>CN</arg>
<arg>CO</arg>
<arg>CR</arg>
<arg>CU</arg>
<arg>CV</arg>
<arg>CW</arg>
<arg>CX</arg>
<arg>CY</arg>
<arg>CZ</arg>
<arg>DE</arg>
<arg>DJ</arg>
<arg>DK</arg>
<arg>DM</arg>
<arg>DO</arg>
<arg>DZ</arg>
<arg>EC</arg>
<arg>EE</arg>
<arg>EG</arg>
<arg>EH</arg>
<arg>ER</arg>
<arg>ES</arg>
<arg>ET</arg>
<arg>FI</arg>
<arg>FJ</arg>
<arg>FK</arg>
<arg>FM</arg>
<arg>FO</arg>
<arg>FR</arg>
<arg>GA</arg>
<arg>GB</arg>
<arg>GD</arg>
<arg>GE</arg>
<arg>GF</arg>
<arg>GG</arg>
<arg>GH</arg>
<arg>GI</arg>
<arg>GL</arg>
<arg>GM</arg>
<arg>GN</arg>
<arg>GP</arg>
<arg>GQ</arg>
<arg>GR</arg>
<arg>GS</arg>
<arg>GT</arg>
<arg>GU</arg>
<arg>GW</arg>
<arg>GY</arg>
<arg>HK</arg>
<arg>HM</arg>
<arg>HN</arg>
<arg>HR</arg>
<arg>HT</arg>
<arg>HU</arg>
<arg>ID</arg>
<arg>IE</arg>
<arg>IL</arg>
<arg>IM</arg>
<arg>IN</arg>
<arg>IO</arg>
<arg>IQ</arg>
<arg>IR</arg>
<arg>IS</arg>
<arg>IT</arg>
<arg>JE</arg>
<arg>JM</arg>
<arg>JO</arg>
<arg>JP</arg>
<arg>KE</arg>
<arg>KG</arg>
<arg>KH</arg>
<arg>KI</arg>
<arg>KM</arg>
<arg>KN</arg>
<arg>KP</arg>
<arg>KR</arg>
<arg>KW</arg>
<arg>KY</arg>
<arg>KZ</arg>
<arg>LA</arg>
<arg>LB</arg>
<arg>LC</arg>
<arg>LI</arg>
<arg>LK</arg>
<arg>LR</arg>
<arg>LS</arg>
<arg>LT</arg>
<arg>LU</arg>
<arg>LV</arg>
<arg>LY</arg>
<arg>MA</arg>
<arg>MC</arg>
<arg>MD</arg>
<arg>ME</arg>
<arg>MF</arg>
<arg>MG</arg>
<arg>MH</arg>
<arg>MK</arg>
<arg>ML</arg>
<arg>MM</arg>
<arg>MN</arg>
<arg>MO</arg>
<arg>MP</arg>
<arg>MQ</arg>
<arg>MR</arg>
<arg>MS</arg>
<arg>MT</arg>
<arg>MU</arg>
<arg>MV</arg>
<arg>MW</arg>
<arg>MX</arg>
<arg>MY</arg>
<arg>MZ</arg>
<arg>NA</arg>
<arg>NC</arg>
<arg>NE</arg>
<arg>NF</arg>
<arg>NG</arg>
<arg>NI</arg>
<arg>NL</arg>
<arg>NO</arg>
<arg>NP</arg>
<arg>NR</arg>
<arg>NU</arg>
<arg>NZ</arg>
<arg>OM</arg>
<arg>PA</arg>
<arg>PE</arg>
<arg>PF</arg>
<arg>PG</arg>
<arg>PH</arg>
<arg>PK</arg>
<arg>PL</arg>
<arg>PM</arg>
<arg>PN</arg>
<arg>PR</arg>
<arg>PS</arg>
<arg>PT</arg>
<arg>PW</arg>
<arg>PY</arg>
<arg>QA</arg>
<arg>RE</arg>
<arg>RO</arg>
<arg>RS</arg>
<arg>RU</arg>
<arg>RW</arg>
<arg>SA</arg>
<arg>SB</arg>
<arg>SC</arg>
<arg>SD</arg>
<arg>SE</arg>
<arg>SG</arg>
<arg>SH</arg>
<arg>SI</arg>
<arg>SJ</arg>
<arg>SK</arg>
<arg>SL</arg>
<arg>SM</arg>
<arg>SN</arg>
<arg>SO</arg>
<arg>SR</arg>
<arg>SS</arg>
<arg>ST</arg>
<arg>SV</arg>
<arg>SX</arg>
<arg>SY</arg>
<arg>SZ</arg>
<arg>TC</arg>
<arg>TD</arg>
<arg>TF</arg>
<arg>TG</arg>
<arg>TH</arg>
<arg>TJ</arg>
<arg>TK</arg>
<arg>TL</arg>
<arg>TM</arg>
<arg>TN</arg>
<arg>TO</arg>
<arg>TR</arg>
<arg>TT</arg>
<arg>TV</arg>
<arg>TW</arg>
<arg>TZ</arg>
<arg>UA</arg>
<arg>UG</arg>
<arg>UM</arg>
<arg>US</arg>
<arg>UY</arg>
<arg>UZ</arg>
<arg>VA</arg>
<arg>VC</arg>
<arg>VE</arg>
<arg>VG</arg>
<arg>VI</arg>
<arg>VN</arg>
<arg>VU</arg>
<arg>WF</arg>
<arg>WS</arg>
<arg>XK</arg>
<arg>YE</arg>
<arg>YT</arg>
<arg>ZA</arg>
<arg>ZM</arg>
<arg>ZW</arg>
<doc>Returns a list containing given items.</doc>
<status status="PASS" start="2024-06-14T12:28:21.382371" elapsed="0.000620"/>
</kw>
<kw name="List Should Contain Value" owner="Collections">
<arg>${list_country}</arg>
<arg>${name_country}</arg>
<doc>Fails if the ``value`` is not found from ``list``.</doc>
<status status="PASS" start="2024-06-14T12:28:21.383772" elapsed="0.000205"/>
</kw>
<kw name="Run Keyword If" owner="BuiltIn">
<kw name="Should Be True" owner="BuiltIn">
<arg>${True}</arg>
<doc>Fails if the given condition is not true.</doc>
<status status="PASS" start="2024-06-14T12:28:21.385055" elapsed="0.000143"/>
</kw>
<arg>${json_data["results"][0]["location"]["coordinates"]["latitude"]} &gt;= -90 and ${json_data["results"][0]["location"]["coordinates"]["latitude"]} &lt;= 90</arg>
<arg>Should Be True</arg>
<arg>${True}</arg>
<doc>Runs the given keyword with the given arguments, if ``condition`` is true.</doc>
<status status="PASS" start="2024-06-14T12:28:21.384176" elapsed="0.001147"/>
</kw>
<kw name="Run Keyword If" owner="BuiltIn">
<kw name="Should Be True" owner="BuiltIn">
<arg>${True}</arg>
<doc>Fails if the given condition is not true.</doc>
<status status="PASS" start="2024-06-14T12:28:21.386223" elapsed="0.000142"/>
</kw>
<arg>${json_data["results"][0]["location"]["coordinates"]["longitude"]} &gt;= -180 and ${json_data["results"][0]["location"]["coordinates"]["longitude"]} &lt;= 180</arg>
<arg>Should Be True</arg>
<arg>${True}</arg>
<doc>Runs the given keyword with the given arguments, if ``condition`` is true.</doc>
<status status="PASS" start="2024-06-14T12:28:21.385503" elapsed="0.000986"/>
</kw>
<status status="PASS" start="2024-06-14T12:28:21.291712" elapsed="0.094907"/>
</kw>
<doc>Testa o conteúdo específico dos campos retornados pela API.</doc>
<tag>testeConteudo</tag>
<status status="PASS" start="2024-06-14T12:28:21.291191" elapsed="0.095581"/>
</test>
<status status="PASS" start="2024-06-14T12:28:20.531173" elapsed="0.857588"/>
</suite>
<status status="PASS" start="2024-06-14T12:28:20.516569" elapsed="0.877283"/>
</suite>
<statistics>
<total>
<stat pass="5" fail="0" skip="0">All Tests</stat>
</total>
<tag>
<stat pass="1" fail="0" skip="0">testeConteudo</stat>
<stat pass="1" fail="0" skip="0">testeEstruturaResposta</stat>
<stat pass="1" fail="0" skip="0">testeRequisicaoBasica</stat>
<stat pass="1" fail="0" skip="0">testeTiposDados</stat>
</tag>
<suite>
<stat pass="5" fail="0" skip="0" id="s1" name="Tests">Tests</stat>
<stat pass="5" fail="0" skip="0" id="s1-s1" name="Random-User-Test">Tests.Random-User-Test</stat>
</suite>
</statistics>
<errors>
</errors>
</robot>
