<?xml version="1.0" encoding="UTF-8"?>
<robot generator="Robot 7.0.1 (Python 3.12.3 on linux)" generated="2024-06-11T12:29:05.564585" rpa="false" schemaversion="5">
<suite id="s1" name="Tests" source="/home/runner/work/ApiRandomUser/ApiRandomUser/RamdonUser/tests">
<suite id="s1-s1" name="Random-User-Test" source="/home/runner/work/ApiRandomUser/ApiRandomUser/RamdonUser/tests/random-user-test.robot">
<test id="s1-s1-t1" name="Conectar" line="13">
<kw name="Conectar API" owner="random-user-service">
<kw name="Create Session" owner="RequestsLibrary">
<msg time="2024-06-11T12:29:05.956316" level="INFO">Creating Session using : alias=consultarAPI, url=https://randomuser.me/, headers={},                     cookies={}, auth=None, timeout=None, proxies=None, verify=False,                     debug=0 </msg>
<arg>consultarAPI</arg>
<arg>${URL}</arg>
<doc>Create Session: create a HTTP session to a server</doc>
<status status="PASS" start="2024-06-11T12:29:05.956105" elapsed="0.000421"/>
</kw>
<status status="PASS" start="2024-06-11T12:29:05.955052" elapsed="0.001837"/>
</kw>
<status status="PASS" start="2024-06-11T12:29:05.954524" elapsed="0.002579"/>
</test>
<test id="s1-s1-t2" name="Validar retorno 200 e JSON Válido" line="16">
<kw name="Teste de Requisicao Basica" owner="random-user-service">
<kw name="GET On Session" owner="RequestsLibrary">
<msg time="2024-06-11T12:29:06.201214" level="INFO">GET Request : url=https://randomuser.me/api 
 path_url=/api 
 headers={'User-Agent': 'python-requests/2.32.3', 'Accept-Encoding': 'gzip, deflate', 'Accept': '*/*', 'Connection': 'keep-alive'} 
 body=None 
 </msg>
<msg time="2024-06-11T12:29:06.201366" level="INFO">GET Response : url=https://randomuser.me/api 
 status=200, reason=OK 
 headers={'Date': 'Tue, 11 Jun 2024 12:29:06 GMT', 'Content-Type': 'application/json; charset=utf-8', 'Transfer-Encoding': 'chunked', 'Connection': 'keep-alive', 'X-Powered-By': 'Express', 'Access-Control-Allow-Origin': '*', 'Cache-Control': 'no-cache', 'ETag': 'W/"47e-JQE7hH46gXDtmKVlzs11TaG0fj4"', 'Vary': 'Accept-Encoding', 'Content-Encoding': 'gzip', 'CF-Cache-Status': 'DYNAMIC', 'Report-To': '{"endpoints":[{"url":"https:\\/\\/a.nel.cloudflare.com\\/report\\/v4?s=mO58xCtJb6NxwTLnXtQC9dSrCRZ4K5%2B4uwd44yOqsNxzGGwg4RAjJyoAPr1G2AZ4KJYGHPILtUqxVtemc%2F05DtXnkY6wck35nE7CSypd53ELX6rnA1nvc2760E6l6dzA"}],"group":"cf-nel","max_age":604800}', 'NEL': '{"success_fraction":0,"report_to":"cf-nel","max_age":604800}', 'Server': 'cloudflare', 'CF-RAY': '89219ad12b0e9129-ORD', 'alt-svc': 'h3=":443"; ma=86400'} 
 body={"results":[{"gender":"female","name":{"title":"Miss","first":"Othelia","last":"Akram"},"location":{"street":{"number":7101,"name":"Svaneveien"},"city":"Bremsnes","state":"Description","country":"Norway","postcode":"3321","coordinates":{"latitude":"45.3989","longitude":"2.6994"},"timezone":{"offset":"+6:00","description":"Almaty, Dhaka, Colombo"}},"email":"othelia.akram@example.com","login":{"uuid":"c02cbd13-dd32-4840-aab5-7a2e19e2754f","username":"goldenladybug707","password":"pitbull","salt":"YnlGqbjQ","md5":"51706cd64cd030e3f0c064047d9a41c7","sha1":"8d77e86e93ef42d7d0acf64d499ac634108d3c88","sha256":"99c3f2e398097449eb6da2e17b1a043cd70f1f4acb71ebf886a0caefc212ee23"},"dob":{"date":"1951-10-16T04:29:47.475Z","age":72},"registered":{"date":"2020-05-29T02:55:36.676Z","age":4},"phone":"69143292","cell":"41286366","id":{"name":"FN","value":"16105129878"},"picture":{"large":"https://randomuser.me/api/portraits/women/7.jpg","medium":"https://randomuser.me/api/portraits/med/women/7.jpg","thumbnail":"https://randomuser.me/api/portraits/thumb/women/7.jpg"},"nat":"NO"}],"info":{"seed":"78c4cff9f4966449","results":1,"page":1,"version":"1.4"}} 
 </msg>
<msg time="2024-06-11T12:29:06.201449" level="INFO">/opt/hostedtoolcache/Python/3.12.3/x64/lib/python3.12/site-packages/urllib3/connectionpool.py:1103: InsecureRequestWarning: Unverified HTTPS request is being made to host 'randomuser.me'. Adding certificate verification is strongly advised. See: https://urllib3.readthedocs.io/en/latest/advanced-usage.html#tls-warnings
  warnings.warn(</msg>
<msg time="2024-06-11T12:29:06.201607" level="INFO">${response} = &lt;Response [200]&gt;</msg>
<var>${response}</var>
<arg>consultarAPI</arg>
<arg>/api</arg>
<doc>Sends a GET request on a previously created HTTP Session.</doc>
<status status="PASS" start="2024-06-11T12:29:05.959737" elapsed="0.241916"/>
</kw>
<kw name="Should Be Equal As Numbers" owner="BuiltIn">
<msg time="2024-06-11T12:29:06.202624" level="INFO">Argument types are:
&lt;class 'int'&gt;
&lt;class 'str'&gt;</msg>
<arg>${response.status_code}</arg>
<arg>200</arg>
<doc>Fails if objects are unequal after converting them to real numbers.</doc>
<status status="PASS" start="2024-06-11T12:29:06.202155" elapsed="0.000536"/>
</kw>
<kw name="Log" owner="BuiltIn">
<msg time="2024-06-11T12:29:06.203368" level="INFO">200</msg>
<arg>${response.status_code}</arg>
<doc>Logs the given message with the given level.</doc>
<status status="PASS" start="2024-06-11T12:29:06.203013" elapsed="0.000403"/>
</kw>
<kw name="Set Variable" owner="BuiltIn">
<msg time="2024-06-11T12:29:06.204163" level="INFO">${json_data} = {'results': [{'gender': 'female', 'name': {'title': 'Miss', 'first': 'Othelia', 'last': 'Akram'}, 'location': {'street': {'number': 7101, 'name': 'Svaneveien'}, 'city': 'Bremsnes', 'state': 'Descripti...</msg>
<var>${json_data}</var>
<arg>${response.json()}</arg>
<doc>Returns the given values which can then be assigned to a variables.</doc>
<status status="PASS" start="2024-06-11T12:29:06.203724" elapsed="0.000468"/>
</kw>
<kw name="Dictionary Should Contain Key" owner="Collections">
<arg>${json_data}</arg>
<arg>results</arg>
<doc>Fails if ``key`` is not found from ``dictionary``.</doc>
<status status="PASS" start="2024-06-11T12:29:06.204496" elapsed="0.000166"/>
</kw>
<status status="PASS" start="2024-06-11T12:29:05.959500" elapsed="0.245323"/>
</kw>
<doc>Testa se a API responde corretamente e retorna um objeto JSON válido.</doc>
<tag>testeRequisicaoBasica</tag>
<status status="PASS" start="2024-06-11T12:29:05.958957" elapsed="0.246076"/>
</test>
<test id="s1-s1-t3" name="Validar estrutura de resposta" line="22">
<kw name="Teste de Estrutura de Resposta" owner="random-user-service">
<kw name="GET On Session" owner="RequestsLibrary">
<msg time="2024-06-11T12:29:06.257633" level="INFO">GET Request : url=https://randomuser.me/api 
 path_url=/api 
 headers={'User-Agent': 'python-requests/2.32.3', 'Accept-Encoding': 'gzip, deflate', 'Accept': '*/*', 'Connection': 'keep-alive'} 
 body=None 
 </msg>
<msg time="2024-06-11T12:29:06.257718" level="INFO">GET Response : url=https://randomuser.me/api 
 status=200, reason=OK 
 headers={'Date': 'Tue, 11 Jun 2024 12:29:06 GMT', 'Content-Type': 'application/json; charset=utf-8', 'Transfer-Encoding': 'chunked', 'Connection': 'keep-alive', 'X-Powered-By': 'Express', 'Access-Control-Allow-Origin': '*', 'Cache-Control': 'no-cache', 'ETag': 'W/"48b-ocLi+GST058L7m3CTSNhUOOwo1E"', 'Vary': 'Accept-Encoding', 'Content-Encoding': 'gzip', 'CF-Cache-Status': 'DYNAMIC', 'Report-To': '{"endpoints":[{"url":"https:\\/\\/a.nel.cloudflare.com\\/report\\/v4?s=i2Kxuca66N6KtQPTG%2F9C8ryWkfVXcNrPvZh1KjvVHvNpxyKjH55bbwNpIvLYBM0elEwL4DzKHLWD4nbXBw4ZTXNcDuF%2BaNwScSporMbmQTFkzqX6HWG2Hj7n74KjFbMd"}],"group":"cf-nel","max_age":604800}', 'NEL': '{"success_fraction":0,"report_to":"cf-nel","max_age":604800}', 'Server': 'cloudflare', 'CF-RAY': '89219ad1dc839129-ORD', 'alt-svc': 'h3=":443"; ma=86400'} 
 body={"results":[{"gender":"male","name":{"title":"Mr","first":"Zack","last":"Carpenter"},"location":{"street":{"number":6420,"name":"Hillcrest Rd"},"city":"Antioch","state":"Alaska","country":"United States","postcode":59524,"coordinates":{"latitude":"89.8066","longitude":"-10.7068"},"timezone":{"offset":"-7:00","description":"Mountain Time (US &amp; Canada)"}},"email":"zack.carpenter@example.com","login":{"uuid":"f12a5008-0cca-4634-abc0-e3c79944f7c6","username":"silverbird917","password":"plasma","salt":"dUVOynsj","md5":"3e9be76a1931d554f7b1f673d3c7fd6e","sha1":"601144166a28872cf5271fd820238be9c3e23918","sha256":"766f51c2f48655574de932b0de7162b24067da077fb01ee7cced6de07dbd6888"},"dob":{"date":"1956-07-08T21:30:53.925Z","age":67},"registered":{"date":"2017-09-11T02:42:36.431Z","age":6},"phone":"(652) 494-8389","cell":"(693) 201-4237","id":{"name":"SSN","value":"745-99-7282"},"picture":{"large":"https://randomuser.me/api/portraits/men/45.jpg","medium":"https://randomuser.me/api/portraits/med/men/45.jpg","thumbnail":"https://randomuser.me/api/portraits/thumb/men/45.jpg"},"nat":"US"}],"info":{"seed":"1f658f3a03d904cc","results":1,"page":1,"version":"1.4"}} 
 </msg>
<msg time="2024-06-11T12:29:06.257860" level="INFO">/opt/hostedtoolcache/Python/3.12.3/x64/lib/python3.12/site-packages/urllib3/connectionpool.py:1103: InsecureRequestWarning: Unverified HTTPS request is being made to host 'randomuser.me'. Adding certificate verification is strongly advised. See: https://urllib3.readthedocs.io/en/latest/advanced-usage.html#tls-warnings
  warnings.warn(</msg>
<msg time="2024-06-11T12:29:06.258011" level="INFO">${response} = &lt;Response [200]&gt;</msg>
<var>${response}</var>
<arg>consultarAPI</arg>
<arg>/api</arg>
<doc>Sends a GET request on a previously created HTTP Session.</doc>
<status status="PASS" start="2024-06-11T12:29:06.207907" elapsed="0.050164"/>
</kw>
<kw name="Set Variable" owner="BuiltIn">
<msg time="2024-06-11T12:29:06.258929" level="INFO">${json_data} = {'results': [{'gender': 'male', 'name': {'title': 'Mr', 'first': 'Zack', 'last': 'Carpenter'}, 'location': {'street': {'number': 6420, 'name': 'Hillcrest Rd'}, 'city': 'Antioch', 'state': 'Alaska', 'c...</msg>
<var>${json_data}</var>
<arg>${response.json()}</arg>
<doc>Returns the given values which can then be assigned to a variables.</doc>
<status status="PASS" start="2024-06-11T12:29:06.258481" elapsed="0.000478"/>
</kw>
<kw name="Log" owner="BuiltIn">
<msg time="2024-06-11T12:29:06.259423" level="INFO">{'results': [{'gender': 'male', 'name': {'title': 'Mr', 'first': 'Zack', 'last': 'Carpenter'}, 'location': {'street': {'number': 6420, 'name': 'Hillcrest Rd'}, 'city': 'Antioch', 'state': 'Alaska', 'country': 'United States', 'postcode': 59524, 'coordinates': {'latitude': '89.8066', 'longitude': '-10.7068'}, 'timezone': {'offset': '-7:00', 'description': 'Mountain Time (US &amp; Canada)'}}, 'email': 'zack.carpenter@example.com', 'login': {'uuid': 'f12a5008-0cca-4634-abc0-e3c79944f7c6', 'username': 'silverbird917', 'password': 'plasma', 'salt': 'dUVOynsj', 'md5': '3e9be76a1931d554f7b1f673d3c7fd6e', 'sha1': '601144166a28872cf5271fd820238be9c3e23918', 'sha256': '766f51c2f48655574de932b0de7162b24067da077fb01ee7cced6de07dbd6888'}, 'dob': {'date': '1956-07-08T21:30:53.925Z', 'age': 67}, 'registered': {'date': '2017-09-11T02:42:36.431Z', 'age': 6}, 'phone': '(652) 494-8389', 'cell': '(693) 201-4237', 'id': {'name': 'SSN', 'value': '745-99-7282'}, 'picture': {'large': 'https://randomuser.me/api/portraits/men/45.jpg', 'medium': 'https://randomuser.me/api/portraits/med/men/45.jpg', 'thumbnail': 'https://randomuser.me/api/portraits/thumb/men/45.jpg'}, 'nat': 'US'}], 'info': {'seed': '1f658f3a03d904cc', 'results': 1, 'page': 1, 'version': '1.4'}}</msg>
<arg>${json_data}</arg>
<doc>Logs the given message with the given level.</doc>
<status status="PASS" start="2024-06-11T12:29:06.259268" elapsed="0.000204"/>
</kw>
<kw name="Dictionary Should Contain Key" owner="Collections">
<arg>${json_data}</arg>
<arg>results</arg>
<doc>Fails if ``key`` is not found from ``dictionary``.</doc>
<status status="PASS" start="2024-06-11T12:29:06.259769" elapsed="0.000155"/>
</kw>
<kw name="Should Not Be Empty" owner="BuiltIn">
<msg time="2024-06-11T12:29:06.260236" level="INFO">Length is 2.</msg>
<arg>${json_data}</arg>
<doc>Verifies that the given item is not empty.</doc>
<status status="PASS" start="2024-06-11T12:29:06.260110" elapsed="0.000164"/>
</kw>
<kw name="Create List" owner="BuiltIn">
<msg time="2024-06-11T12:29:06.260715" level="INFO">${expected_keys} = ['gender', 'name', 'location', 'email', 'login']</msg>
<var>${expected_keys}</var>
<arg>gender</arg>
<arg>name</arg>
<arg>location</arg>
<arg>email</arg>
<arg>login</arg>
<doc>Returns a list containing given items.</doc>
<status status="PASS" start="2024-06-11T12:29:06.260568" elapsed="0.000171"/>
</kw>
<for flavor="IN">
<iter>
<kw name="Dictionary Should Contain Key" owner="Collections">
<arg>${json_data['results'][0]}</arg>
<arg>${key}</arg>
<doc>Fails if ``key`` is not found from ``dictionary``.</doc>
<status status="PASS" start="2024-06-11T12:29:06.261342" elapsed="0.000400"/>
</kw>
<kw name="Log" owner="BuiltIn">
<msg time="2024-06-11T12:29:06.262298" level="INFO">{'gender': 'male', 'name': {'title': 'Mr', 'first': 'Zack', 'last': 'Carpenter'}, 'location': {'street': {'number': 6420, 'name': 'Hillcrest Rd'}, 'city': 'Antioch', 'state': 'Alaska', 'country': 'United States', 'postcode': 59524, 'coordinates': {'latitude': '89.8066', 'longitude': '-10.7068'}, 'timezone': {'offset': '-7:00', 'description': 'Mountain Time (US &amp; Canada)'}}, 'email': 'zack.carpenter@example.com', 'login': {'uuid': 'f12a5008-0cca-4634-abc0-e3c79944f7c6', 'username': 'silverbird917', 'password': 'plasma', 'salt': 'dUVOynsj', 'md5': '3e9be76a1931d554f7b1f673d3c7fd6e', 'sha1': '601144166a28872cf5271fd820238be9c3e23918', 'sha256': '766f51c2f48655574de932b0de7162b24067da077fb01ee7cced6de07dbd6888'}, 'dob': {'date': '1956-07-08T21:30:53.925Z', 'age': 67}, 'registered': {'date': '2017-09-11T02:42:36.431Z', 'age': 6}, 'phone': '(652) 494-8389', 'cell': '(693) 201-4237', 'id': {'name': 'SSN', 'value': '745-99-7282'}, 'picture': {'large': 'https://randomuser.me/api/portraits/men/45.jpg', 'medium': 'https://randomuser.me/api/portraits/med/men/45.jpg', 'thumbnail': 'https://randomuser.me/api/portraits/thumb/men/45.jpg'}, 'nat': 'US'}</msg>
<arg>${json_data['results'][0]}</arg>
<doc>Logs the given message with the given level.</doc>
<status status="PASS" start="2024-06-11T12:29:06.261933" elapsed="0.000425"/>
</kw>
<kw name="Log" owner="BuiltIn">
<msg time="2024-06-11T12:29:06.262787" level="INFO">gender</msg>
<arg>${key}</arg>
<doc>Logs the given message with the given level.</doc>
<status status="PASS" start="2024-06-11T12:29:06.262658" elapsed="0.000169"/>
</kw>
<var name="${key}">gender</var>
<status status="PASS" start="2024-06-11T12:29:06.261218" elapsed="0.001845"/>
</iter>
<iter>
<kw name="Dictionary Should Contain Key" owner="Collections">
<arg>${json_data['results'][0]}</arg>
<arg>${key}</arg>
<doc>Fails if ``key`` is not found from ``dictionary``.</doc>
<status status="PASS" start="2024-06-11T12:29:06.263368" elapsed="0.000383"/>
</kw>
<kw name="Log" owner="BuiltIn">
<msg time="2024-06-11T12:29:06.264281" level="INFO">{'gender': 'male', 'name': {'title': 'Mr', 'first': 'Zack', 'last': 'Carpenter'}, 'location': {'street': {'number': 6420, 'name': 'Hillcrest Rd'}, 'city': 'Antioch', 'state': 'Alaska', 'country': 'United States', 'postcode': 59524, 'coordinates': {'latitude': '89.8066', 'longitude': '-10.7068'}, 'timezone': {'offset': '-7:00', 'description': 'Mountain Time (US &amp; Canada)'}}, 'email': 'zack.carpenter@example.com', 'login': {'uuid': 'f12a5008-0cca-4634-abc0-e3c79944f7c6', 'username': 'silverbird917', 'password': 'plasma', 'salt': 'dUVOynsj', 'md5': '3e9be76a1931d554f7b1f673d3c7fd6e', 'sha1': '601144166a28872cf5271fd820238be9c3e23918', 'sha256': '766f51c2f48655574de932b0de7162b24067da077fb01ee7cced6de07dbd6888'}, 'dob': {'date': '1956-07-08T21:30:53.925Z', 'age': 67}, 'registered': {'date': '2017-09-11T02:42:36.431Z', 'age': 6}, 'phone': '(652) 494-8389', 'cell': '(693) 201-4237', 'id': {'name': 'SSN', 'value': '745-99-7282'}, 'picture': {'large': 'https://randomuser.me/api/portraits/men/45.jpg', 'medium': 'https://randomuser.me/api/portraits/med/men/45.jpg', 'thumbnail': 'https://randomuser.me/api/portraits/thumb/men/45.jpg'}, 'nat': 'US'}</msg>
<arg>${json_data['results'][0]}</arg>
<doc>Logs the given message with the given level.</doc>
<status status="PASS" start="2024-06-11T12:29:06.263934" elapsed="0.000438"/>
</kw>
<kw name="Log" owner="BuiltIn">
<msg time="2024-06-11T12:29:06.264803" level="INFO">name</msg>
<arg>${key}</arg>
<doc>Logs the given message with the given level.</doc>
<status status="PASS" start="2024-06-11T12:29:06.264671" elapsed="0.000172"/>
</kw>
<var name="${key}">name</var>
<status status="PASS" start="2024-06-11T12:29:06.263254" elapsed="0.001851"/>
</iter>
<iter>
<kw name="Dictionary Should Contain Key" owner="Collections">
<arg>${json_data['results'][0]}</arg>
<arg>${key}</arg>
<doc>Fails if ``key`` is not found from ``dictionary``.</doc>
<status status="PASS" start="2024-06-11T12:29:06.265399" elapsed="0.000386"/>
</kw>
<kw name="Log" owner="BuiltIn">
<msg time="2024-06-11T12:29:06.266327" level="INFO">{'gender': 'male', 'name': {'title': 'Mr', 'first': 'Zack', 'last': 'Carpenter'}, 'location': {'street': {'number': 6420, 'name': 'Hillcrest Rd'}, 'city': 'Antioch', 'state': 'Alaska', 'country': 'United States', 'postcode': 59524, 'coordinates': {'latitude': '89.8066', 'longitude': '-10.7068'}, 'timezone': {'offset': '-7:00', 'description': 'Mountain Time (US &amp; Canada)'}}, 'email': 'zack.carpenter@example.com', 'login': {'uuid': 'f12a5008-0cca-4634-abc0-e3c79944f7c6', 'username': 'silverbird917', 'password': 'plasma', 'salt': 'dUVOynsj', 'md5': '3e9be76a1931d554f7b1f673d3c7fd6e', 'sha1': '601144166a28872cf5271fd820238be9c3e23918', 'sha256': '766f51c2f48655574de932b0de7162b24067da077fb01ee7cced6de07dbd6888'}, 'dob': {'date': '1956-07-08T21:30:53.925Z', 'age': 67}, 'registered': {'date': '2017-09-11T02:42:36.431Z', 'age': 6}, 'phone': '(652) 494-8389', 'cell': '(693) 201-4237', 'id': {'name': 'SSN', 'value': '745-99-7282'}, 'picture': {'large': 'https://randomuser.me/api/portraits/men/45.jpg', 'medium': 'https://randomuser.me/api/portraits/med/men/45.jpg', 'thumbnail': 'https://randomuser.me/api/portraits/thumb/men/45.jpg'}, 'nat': 'US'}</msg>
<arg>${json_data['results'][0]}</arg>
<doc>Logs the given message with the given level.</doc>
<status status="PASS" start="2024-06-11T12:29:06.265974" elapsed="0.000412"/>
</kw>
<kw name="Log" owner="BuiltIn">
<msg time="2024-06-11T12:29:06.266824" level="INFO">location</msg>
<arg>${key}</arg>
<doc>Logs the given message with the given level.</doc>
<status status="PASS" start="2024-06-11T12:29:06.266691" elapsed="0.000170"/>
</kw>
<var name="${key}">location</var>
<status status="PASS" start="2024-06-11T12:29:06.265290" elapsed="0.001792"/>
</iter>
<iter>
<kw name="Dictionary Should Contain Key" owner="Collections">
<arg>${json_data['results'][0]}</arg>
<arg>${key}</arg>
<doc>Fails if ``key`` is not found from ``dictionary``.</doc>
<status status="PASS" start="2024-06-11T12:29:06.267365" elapsed="0.000385"/>
</kw>
<kw name="Log" owner="BuiltIn">
<msg time="2024-06-11T12:29:06.268282" level="INFO">{'gender': 'male', 'name': {'title': 'Mr', 'first': 'Zack', 'last': 'Carpenter'}, 'location': {'street': {'number': 6420, 'name': 'Hillcrest Rd'}, 'city': 'Antioch', 'state': 'Alaska', 'country': 'United States', 'postcode': 59524, 'coordinates': {'latitude': '89.8066', 'longitude': '-10.7068'}, 'timezone': {'offset': '-7:00', 'description': 'Mountain Time (US &amp; Canada)'}}, 'email': 'zack.carpenter@example.com', 'login': {'uuid': 'f12a5008-0cca-4634-abc0-e3c79944f7c6', 'username': 'silverbird917', 'password': 'plasma', 'salt': 'dUVOynsj', 'md5': '3e9be76a1931d554f7b1f673d3c7fd6e', 'sha1': '601144166a28872cf5271fd820238be9c3e23918', 'sha256': '766f51c2f48655574de932b0de7162b24067da077fb01ee7cced6de07dbd6888'}, 'dob': {'date': '1956-07-08T21:30:53.925Z', 'age': 67}, 'registered': {'date': '2017-09-11T02:42:36.431Z', 'age': 6}, 'phone': '(652) 494-8389', 'cell': '(693) 201-4237', 'id': {'name': 'SSN', 'value': '745-99-7282'}, 'picture': {'large': 'https://randomuser.me/api/portraits/men/45.jpg', 'medium': 'https://randomuser.me/api/portraits/med/men/45.jpg', 'thumbnail': 'https://randomuser.me/api/portraits/thumb/men/45.jpg'}, 'nat': 'US'}</msg>
<arg>${json_data['results'][0]}</arg>
<doc>Logs the given message with the given level.</doc>
<status status="PASS" start="2024-06-11T12:29:06.267931" elapsed="0.000401"/>
</kw>
<kw name="Log" owner="BuiltIn">
<msg time="2024-06-11T12:29:06.268758" level="INFO">email</msg>
<arg>${key}</arg>
<doc>Logs the given message with the given level.</doc>
<status status="PASS" start="2024-06-11T12:29:06.268630" elapsed="0.000176"/>
</kw>
<var name="${key}">email</var>
<status status="PASS" start="2024-06-11T12:29:06.267258" elapsed="0.001784"/>
</iter>
<iter>
<kw name="Dictionary Should Contain Key" owner="Collections">
<arg>${json_data['results'][0]}</arg>
<arg>${key}</arg>
<doc>Fails if ``key`` is not found from ``dictionary``.</doc>
<status status="PASS" start="2024-06-11T12:29:06.269334" elapsed="0.000383"/>
</kw>
<kw name="Log" owner="BuiltIn">
<msg time="2024-06-11T12:29:06.270248" level="INFO">{'gender': 'male', 'name': {'title': 'Mr', 'first': 'Zack', 'last': 'Carpenter'}, 'location': {'street': {'number': 6420, 'name': 'Hillcrest Rd'}, 'city': 'Antioch', 'state': 'Alaska', 'country': 'United States', 'postcode': 59524, 'coordinates': {'latitude': '89.8066', 'longitude': '-10.7068'}, 'timezone': {'offset': '-7:00', 'description': 'Mountain Time (US &amp; Canada)'}}, 'email': 'zack.carpenter@example.com', 'login': {'uuid': 'f12a5008-0cca-4634-abc0-e3c79944f7c6', 'username': 'silverbird917', 'password': 'plasma', 'salt': 'dUVOynsj', 'md5': '3e9be76a1931d554f7b1f673d3c7fd6e', 'sha1': '601144166a28872cf5271fd820238be9c3e23918', 'sha256': '766f51c2f48655574de932b0de7162b24067da077fb01ee7cced6de07dbd6888'}, 'dob': {'date': '1956-07-08T21:30:53.925Z', 'age': 67}, 'registered': {'date': '2017-09-11T02:42:36.431Z', 'age': 6}, 'phone': '(652) 494-8389', 'cell': '(693) 201-4237', 'id': {'name': 'SSN', 'value': '745-99-7282'}, 'picture': {'large': 'https://randomuser.me/api/portraits/men/45.jpg', 'medium': 'https://randomuser.me/api/portraits/med/men/45.jpg', 'thumbnail': 'https://randomuser.me/api/portraits/thumb/men/45.jpg'}, 'nat': 'US'}</msg>
<arg>${json_data['results'][0]}</arg>
<doc>Logs the given message with the given level.</doc>
<status status="PASS" start="2024-06-11T12:29:06.269905" elapsed="0.000401"/>
</kw>
<kw name="Log" owner="BuiltIn">
<msg time="2024-06-11T12:29:06.270830" level="INFO">login</msg>
<arg>${key}</arg>
<doc>Logs the given message with the given level.</doc>
<status status="PASS" start="2024-06-11T12:29:06.270601" elapsed="0.000268"/>
</kw>
<var name="${key}">login</var>
<status status="PASS" start="2024-06-11T12:29:06.269226" elapsed="0.001862"/>
</iter>
<var>${key}</var>
<value>@{expected_keys}</value>
<status status="PASS" start="2024-06-11T12:29:06.261027" elapsed="0.010182"/>
</for>
<kw name="Create List" owner="BuiltIn">
<msg time="2024-06-11T12:29:06.271530" level="INFO">${expected_keysTwo} = ['username', 'password']</msg>
<var>${expected_keysTwo}</var>
<arg>username</arg>
<arg>password</arg>
<doc>Returns a list containing given items.</doc>
<status status="PASS" start="2024-06-11T12:29:06.271398" elapsed="0.000183"/>
</kw>
<for flavor="IN">
<iter>
<kw name="Dictionary Should Contain Key" owner="Collections">
<arg>${json_data['results'][0]['login']}</arg>
<arg>${keyTwo}</arg>
<doc>Fails if ``key`` is not found from ``dictionary``.</doc>
<status status="PASS" start="2024-06-11T12:29:06.272082" elapsed="0.000383"/>
</kw>
<kw name="Dictionary Should Contain Key" owner="Collections">
<arg>${json_data['results'][0]['login']}</arg>
<arg>${keyTwo}</arg>
<doc>Fails if ``key`` is not found from ``dictionary``.</doc>
<status status="PASS" start="2024-06-11T12:29:06.272644" elapsed="0.000425"/>
</kw>
<kw name="Log" owner="BuiltIn">
<msg time="2024-06-11T12:29:06.273369" level="INFO">username</msg>
<arg>${keyTwo}</arg>
<doc>Logs the given message with the given level.</doc>
<status status="PASS" start="2024-06-11T12:29:06.273250" elapsed="0.000156"/>
</kw>
<var name="${keyTwo}">username</var>
<status status="PASS" start="2024-06-11T12:29:06.271975" elapsed="0.001649"/>
</iter>
<iter>
<kw name="Dictionary Should Contain Key" owner="Collections">
<arg>${json_data['results'][0]['login']}</arg>
<arg>${keyTwo}</arg>
<doc>Fails if ``key`` is not found from ``dictionary``.</doc>
<status status="PASS" start="2024-06-11T12:29:06.273908" elapsed="0.000381"/>
</kw>
<kw name="Dictionary Should Contain Key" owner="Collections">
<arg>${json_data['results'][0]['login']}</arg>
<arg>${keyTwo}</arg>
<doc>Fails if ``key`` is not found from ``dictionary``.</doc>
<status status="PASS" start="2024-06-11T12:29:06.274469" elapsed="0.000362"/>
</kw>
<kw name="Log" owner="BuiltIn">
<msg time="2024-06-11T12:29:06.275121" level="INFO">password</msg>
<arg>${keyTwo}</arg>
<doc>Logs the given message with the given level.</doc>
<status status="PASS" start="2024-06-11T12:29:06.275004" elapsed="0.000153"/>
</kw>
<var name="${keyTwo}">password</var>
<status status="PASS" start="2024-06-11T12:29:06.273801" elapsed="0.001571"/>
</iter>
<var>${keyTwo}</var>
<value>@{expected_keysTwo}</value>
<status status="PASS" start="2024-06-11T12:29:06.271824" elapsed="0.003669"/>
</for>
<status status="PASS" start="2024-06-11T12:29:06.207673" elapsed="0.067958"/>
</kw>
<doc>Testa a estrutura da resposta da API.</doc>
<tag>testeEstruturaResposta</tag>
<status status="PASS" start="2024-06-11T12:29:06.206910" elapsed="0.068870"/>
</test>
<test id="s1-s1-t4" name="Validar tipos de dados" line="28">
<kw name="Teste de Tipos de Dados" owner="random-user-service">
<kw name="GET On Session" owner="RequestsLibrary">
<msg time="2024-06-11T12:29:06.391147" level="INFO">GET Request : url=https://randomuser.me/api 
 path_url=/api 
 headers={'User-Agent': 'python-requests/2.32.3', 'Accept-Encoding': 'gzip, deflate', 'Accept': '*/*', 'Connection': 'keep-alive'} 
 body=None 
 </msg>
<msg time="2024-06-11T12:29:06.391229" level="INFO">GET Response : url=https://randomuser.me/api 
 status=200, reason=OK 
 headers={'Date': 'Tue, 11 Jun 2024 12:29:06 GMT', 'Content-Type': 'application/json; charset=utf-8', 'Transfer-Encoding': 'chunked', 'Connection': 'keep-alive', 'X-Powered-By': 'Express', 'Access-Control-Allow-Origin': '*', 'Cache-Control': 'no-cache', 'ETag': 'W/"493-B3VBQ2E+/ZvHDin78lUq7fS6ycU"', 'Vary': 'Accept-Encoding', 'Content-Encoding': 'gzip', 'CF-Cache-Status': 'DYNAMIC', 'Report-To': '{"endpoints":[{"url":"https:\\/\\/a.nel.cloudflare.com\\/report\\/v4?s=rTA3eQ%2B4kXo85qhZiIbjI18tNDIZTXunqhqtzz0RHw%2BEf9J05TC1jj7bVHD56a%2BV6DFGlUYA0z0hBsrjgDLFUxY0bsCEZSl4Yf1uYyuJpusul6t8gJCKkbf09BeuJoFs"}],"group":"cf-nel","max_age":604800}', 'NEL': '{"success_fraction":0,"report_to":"cf-nel","max_age":604800}', 'Server': 'cloudflare', 'CF-RAY': '89219ad24d669129-ORD', 'alt-svc': 'h3=":443"; ma=86400'} 
 body={"results":[{"gender":"male","name":{"title":"Mr","first":"Marc","last":"Walker"},"location":{"street":{"number":5670,"name":"Harrison Ct"},"city":"Toledo","state":"South Dakota","country":"United States","postcode":74503,"coordinates":{"latitude":"87.1941","longitude":"-103.2742"},"timezone":{"offset":"+3:00","description":"Baghdad, Riyadh, Moscow, St. Petersburg"}},"email":"marc.walker@example.com","login":{"uuid":"ae895ecb-6935-448b-b512-71853e8df290","username":"bigdog521","password":"excess","salt":"zInurIR0","md5":"6c5e22608c547bbf8dc6b8c16841ddcf","sha1":"efeb5042a29a0b2194f5ec88a0b0bcb0105d197f","sha256":"ae713c1b595a809e73d37b0614fa9c235c06f2ae7f949a9a4228b716370101b0"},"dob":{"date":"1951-09-18T05:52:38.194Z","age":72},"registered":{"date":"2012-09-22T03:58:30.755Z","age":11},"phone":"(385) 891-5037","cell":"(253) 827-4632","id":{"name":"SSN","value":"729-51-2888"},"picture":{"large":"https://randomuser.me/api/portraits/men/37.jpg","medium":"https://randomuser.me/api/portraits/med/men/37.jpg","thumbnail":"https://randomuser.me/api/portraits/thumb/men/37.jpg"},"nat":"US"}],"info":{"seed":"6361b6cea21b85c7","results":1,"page":1,"version":"1.4"}} 
 </msg>
<msg time="2024-06-11T12:29:06.391300" level="INFO">/opt/hostedtoolcache/Python/3.12.3/x64/lib/python3.12/site-packages/urllib3/connectionpool.py:1103: InsecureRequestWarning: Unverified HTTPS request is being made to host 'randomuser.me'. Adding certificate verification is strongly advised. See: https://urllib3.readthedocs.io/en/latest/advanced-usage.html#tls-warnings
  warnings.warn(</msg>
<msg time="2024-06-11T12:29:06.391437" level="INFO">${response} = &lt;Response [200]&gt;</msg>
<var>${response}</var>
<arg>consultarAPI</arg>
<arg>/api</arg>
<doc>Sends a GET request on a previously created HTTP Session.</doc>
<status status="PASS" start="2024-06-11T12:29:06.278315" elapsed="0.113176"/>
</kw>
<kw name="Set Variable" owner="BuiltIn">
<msg time="2024-06-11T12:29:06.392308" level="INFO">${json_data} = {'results': [{'gender': 'male', 'name': {'title': 'Mr', 'first': 'Marc', 'last': 'Walker'}, 'location': {'street': {'number': 5670, 'name': 'Harrison Ct'}, 'city': 'Toledo', 'state': 'South Dakota', '...</msg>
<var>${json_data}</var>
<arg>${response.json()}</arg>
<doc>Returns the given values which can then be assigned to a variables.</doc>
<status status="PASS" start="2024-06-11T12:29:06.391865" elapsed="0.000471"/>
</kw>
<kw name="Log" owner="BuiltIn">
<msg time="2024-06-11T12:29:06.392788" level="INFO">{'results': [{'gender': 'male', 'name': {'title': 'Mr', 'first': 'Marc', 'last': 'Walker'}, 'location': {'street': {'number': 5670, 'name': 'Harrison Ct'}, 'city': 'Toledo', 'state': 'South Dakota', 'country': 'United States', 'postcode': 74503, 'coordinates': {'latitude': '87.1941', 'longitude': '-103.2742'}, 'timezone': {'offset': '+3:00', 'description': 'Baghdad, Riyadh, Moscow, St. Petersburg'}}, 'email': 'marc.walker@example.com', 'login': {'uuid': 'ae895ecb-6935-448b-b512-71853e8df290', 'username': 'bigdog521', 'password': 'excess', 'salt': 'zInurIR0', 'md5': '6c5e22608c547bbf8dc6b8c16841ddcf', 'sha1': 'efeb5042a29a0b2194f5ec88a0b0bcb0105d197f', 'sha256': 'ae713c1b595a809e73d37b0614fa9c235c06f2ae7f949a9a4228b716370101b0'}, 'dob': {'date': '1951-09-18T05:52:38.194Z', 'age': 72}, 'registered': {'date': '2012-09-22T03:58:30.755Z', 'age': 11}, 'phone': '(385) 891-5037', 'cell': '(253) 827-4632', 'id': {'name': 'SSN', 'value': '729-51-2888'}, 'picture': {'large': 'https://randomuser.me/api/portraits/men/37.jpg', 'medium': 'https://randomuser.me/api/portraits/med/men/37.jpg', 'thumbnail': 'https://randomuser.me/api/portraits/thumb/men/37.jpg'}, 'nat': 'US'}], 'info': {'seed': '6361b6cea21b85c7', 'results': 1, 'page': 1, 'version': '1.4'}}</msg>
<arg>${json_data}</arg>
<doc>Logs the given message with the given level.</doc>
<status status="PASS" start="2024-06-11T12:29:06.392638" elapsed="0.000201"/>
</kw>
<kw name="Should Be String" owner="String">
<arg>${json_data['results'][0]['gender']}</arg>
<doc>Fails if the given ``item`` is not a string.</doc>
<status status="PASS" start="2024-06-11T12:29:06.393186" elapsed="0.000371"/>
</kw>
<kw name="Should Match Regexp" owner="BuiltIn">
<arg>${json_data['results'][0]['email']}</arg>
<arg>^[a-zA-Z0-9._%+-]+@[a-zA-Z0-9.-]+\.[a-zA-Z]{2,}$</arg>
<doc>Fails if ``string`` does not match ``pattern`` as a regular expression.</doc>
<status status="PASS" start="2024-06-11T12:29:06.393745" elapsed="0.000555"/>
</kw>
<kw name="Should Match Regexp" owner="BuiltIn">
<arg>${json_data['results'][0]['dob']['date']}</arg>
<arg>\\d{4}-\\d{2}-\\d{2}T\\d{2}:\\d{2}:\\d{2}\\.\\d{3}Z</arg>
<doc>Fails if ``string`` does not match ``pattern`` as a regular expression.</doc>
<status status="PASS" start="2024-06-11T12:29:06.394497" elapsed="0.000490"/>
</kw>
<kw name="Should Match Regexp" owner="BuiltIn">
<arg>${json_data['results'][0]['registered']['date']}</arg>
<arg>\\d{4}-\\d{2}-\\d{2}T\\d{2}:\\d{2}:\\d{2}\\.\\d{3}Z</arg>
<doc>Fails if ``string`` does not match ``pattern`` as a regular expression.</doc>
<status status="PASS" start="2024-06-11T12:29:06.395175" elapsed="0.000364"/>
</kw>
<kw name="Should Match Regexp" owner="BuiltIn">
<arg>${json_data['results'][0]['picture']['large']}</arg>
<arg>^https?://.*\.(?:png|jpe?g|gif|bmp)$</arg>
<doc>Fails if ``string`` does not match ``pattern`` as a regular expression.</doc>
<status status="PASS" start="2024-06-11T12:29:06.395722" elapsed="0.000463"/>
</kw>
<kw name="Should Match Regexp" owner="BuiltIn">
<arg>${json_data['results'][0]['picture']['medium']}</arg>
<arg>^https?://.*\.(?:png|jpe?g|gif|bmp)$</arg>
<doc>Fails if ``string`` does not match ``pattern`` as a regular expression.</doc>
<status status="PASS" start="2024-06-11T12:29:06.396381" elapsed="0.000351"/>
</kw>
<kw name="Should Match Regexp" owner="BuiltIn">
<arg>${json_data['results'][0]['picture']['thumbnail']}</arg>
<arg>^https?://.*\.(?:png|jpe?g|gif|bmp)$</arg>
<doc>Fails if ``string`` does not match ``pattern`` as a regular expression.</doc>
<status status="PASS" start="2024-06-11T12:29:06.396921" elapsed="0.000385"/>
</kw>
<kw name="Log" owner="BuiltIn">
<msg time="2024-06-11T12:29:06.397805" level="INFO">{'large': 'https://randomuser.me/api/portraits/men/37.jpg', 'medium': 'https://randomuser.me/api/portraits/med/men/37.jpg', 'thumbnail': 'https://randomuser.me/api/portraits/thumb/men/37.jpg'}</msg>
<arg>${json_data['results'][0]['picture']}</arg>
<doc>Logs the given message with the given level.</doc>
<status status="PASS" start="2024-06-11T12:29:06.397485" elapsed="0.000362"/>
</kw>
<status status="PASS" start="2024-06-11T12:29:06.278091" elapsed="0.120007"/>
</kw>
<kw name="Teste de Tipos de Dados - Postcode" owner="random-user-service">
<kw name="GET On Session" owner="RequestsLibrary">
<msg time="2024-06-11T12:29:06.472108" level="INFO">GET Request : url=https://randomuser.me/api 
 path_url=/api 
 headers={'User-Agent': 'python-requests/2.32.3', 'Accept-Encoding': 'gzip, deflate', 'Accept': '*/*', 'Connection': 'keep-alive'} 
 body=None 
 </msg>
<msg time="2024-06-11T12:29:06.472185" level="INFO">GET Response : url=https://randomuser.me/api 
 status=200, reason=OK 
 headers={'Date': 'Tue, 11 Jun 2024 12:29:06 GMT', 'Content-Type': 'application/json; charset=utf-8', 'Transfer-Encoding': 'chunked', 'Connection': 'keep-alive', 'X-Powered-By': 'Express', 'Access-Control-Allow-Origin': '*', 'Cache-Control': 'no-cache', 'ETag': 'W/"491-UbkosB5peHlZIgyOzidquu4wg6Y"', 'Vary': 'Accept-Encoding', 'Content-Encoding': 'gzip', 'CF-Cache-Status': 'DYNAMIC', 'Report-To': '{"endpoints":[{"url":"https:\\/\\/a.nel.cloudflare.com\\/report\\/v4?s=r1AKQmEFo7AhvmUKUI730dQppeWzW89HvJJgsqLdP8s%2Fp9R85d8RtBAsiSy%2B3sSCYOFBrZ3DKSuNeyY%2Fj2JeGBJ3HOM0428mIZNjrNyFGtI0J0NljBteIR7xOFgw9EmJ"}],"group":"cf-nel","max_age":604800}', 'NEL': '{"success_fraction":0,"report_to":"cf-nel","max_age":604800}', 'Server': 'cloudflare', 'CF-RAY': '89219ad30f1c9129-ORD', 'alt-svc': 'h3=":443"; ma=86400'} 
 body={"results":[{"gender":"male","name":{"title":"Mr","first":"Julius","last":"Makinen"},"location":{"street":{"number":9856,"name":"Reijolankatu"},"city":"Huittinen","state":"Pirkanmaa","country":"Finland","postcode":34880,"coordinates":{"latitude":"-25.8400","longitude":"-123.1335"},"timezone":{"offset":"-7:00","description":"Mountain Time (US &amp; Canada)"}},"email":"julius.makinen@example.com","login":{"uuid":"683fb184-3509-4d81-ac43-a9735fcef9d2","username":"goldenduck675","password":"scarface","salt":"nudM2Ihl","md5":"ce75391bbad166714a5eaf487b1a9a1c","sha1":"8d0d1eb10fe85d03b7b680fee1dd72c1b5ea250a","sha256":"cbb9a596f93cbf9706c34fb5cabd24cbb1396c9a2fbdac9cb076329d6dcabb6a"},"dob":{"date":"1979-12-30T17:00:31.896Z","age":44},"registered":{"date":"2011-04-07T05:12:20.412Z","age":13},"phone":"04-979-958","cell":"041-226-45-98","id":{"name":"HETU","value":"NaNNA373undefined"},"picture":{"large":"https://randomuser.me/api/portraits/men/22.jpg","medium":"https://randomuser.me/api/portraits/med/men/22.jpg","thumbnail":"https://randomuser.me/api/portraits/thumb/men/22.jpg"},"nat":"FI"}],"info":{"seed":"989f875da3087bfe","results":1,"page":1,"version":"1.4"}} 
 </msg>
<msg time="2024-06-11T12:29:06.472281" level="INFO">/opt/hostedtoolcache/Python/3.12.3/x64/lib/python3.12/site-packages/urllib3/connectionpool.py:1103: InsecureRequestWarning: Unverified HTTPS request is being made to host 'randomuser.me'. Adding certificate verification is strongly advised. See: https://urllib3.readthedocs.io/en/latest/advanced-usage.html#tls-warnings
  warnings.warn(</msg>
<msg time="2024-06-11T12:29:06.472384" level="INFO">${response} = &lt;Response [200]&gt;</msg>
<var>${response}</var>
<arg>consultarAPI</arg>
<arg>/api</arg>
<doc>Sends a GET request on a previously created HTTP Session.</doc>
<status status="PASS" start="2024-06-11T12:29:06.398528" elapsed="0.073894"/>
</kw>
<kw name="Set Variable" owner="BuiltIn">
<msg time="2024-06-11T12:29:06.473288" level="INFO">${json_data} = {'results': [{'gender': 'male', 'name': {'title': 'Mr', 'first': 'Julius', 'last': 'Makinen'}, 'location': {'street': {'number': 9856, 'name': 'Reijolankatu'}, 'city': 'Huittinen', 'state': 'Pirkanmaa...</msg>
<var>${json_data}</var>
<arg>${response.json()}</arg>
<doc>Returns the given values which can then be assigned to a variables.</doc>
<status status="PASS" start="2024-06-11T12:29:06.472818" elapsed="0.000499"/>
</kw>
<kw name="Log" owner="BuiltIn">
<msg time="2024-06-11T12:29:06.473766" level="INFO">{'results': [{'gender': 'male', 'name': {'title': 'Mr', 'first': 'Julius', 'last': 'Makinen'}, 'location': {'street': {'number': 9856, 'name': 'Reijolankatu'}, 'city': 'Huittinen', 'state': 'Pirkanmaa', 'country': 'Finland', 'postcode': 34880, 'coordinates': {'latitude': '-25.8400', 'longitude': '-123.1335'}, 'timezone': {'offset': '-7:00', 'description': 'Mountain Time (US &amp; Canada)'}}, 'email': 'julius.makinen@example.com', 'login': {'uuid': '683fb184-3509-4d81-ac43-a9735fcef9d2', 'username': 'goldenduck675', 'password': 'scarface', 'salt': 'nudM2Ihl', 'md5': 'ce75391bbad166714a5eaf487b1a9a1c', 'sha1': '8d0d1eb10fe85d03b7b680fee1dd72c1b5ea250a', 'sha256': 'cbb9a596f93cbf9706c34fb5cabd24cbb1396c9a2fbdac9cb076329d6dcabb6a'}, 'dob': {'date': '1979-12-30T17:00:31.896Z', 'age': 44}, 'registered': {'date': '2011-04-07T05:12:20.412Z', 'age': 13}, 'phone': '04-979-958', 'cell': '041-226-45-98', 'id': {'name': 'HETU', 'value': 'NaNNA373undefined'}, 'picture': {'large': 'https://randomuser.me/api/portraits/men/22.jpg', 'medium': 'https://randomuser.me/api/portraits/med/men/22.jpg', 'thumbnail': 'https://randomuser.me/api/portraits/thumb/men/22.jpg'}, 'nat': 'FI'}], 'info': {'seed': '989f875da3087bfe', 'results': 1, 'page': 1, 'version': '1.4'}}</msg>
<arg>${json_data}</arg>
<doc>Logs the given message with the given level.</doc>
<status status="PASS" start="2024-06-11T12:29:06.473617" elapsed="0.000197"/>
</kw>
<kw name="Should Be Equal As Numbers" owner="BuiltIn">
<arg>${json_data['results'][0]['location']['postcode']}</arg>
<arg>${json_data['results'][0]['location']['postcode']}</arg>
<doc>Fails if objects are unequal after converting them to real numbers.</doc>
<status status="PASS" start="2024-06-11T12:29:06.474108" elapsed="0.000620"/>
</kw>
<kw name="Log" owner="BuiltIn">
<msg time="2024-06-11T12:29:06.475250" level="INFO">34880</msg>
<arg>${json_data['results'][0]['location']['postcode']}</arg>
<doc>Logs the given message with the given level.</doc>
<status status="PASS" start="2024-06-11T12:29:06.474918" elapsed="0.000403"/>
</kw>
<status status="PASS" start="2024-06-11T12:29:06.398306" elapsed="0.077265"/>
</kw>
<doc>Testa se os tipos de dados na resposta da API estão corretos.</doc>
<tag>testeTiposDados</tag>
<status status="PASS" start="2024-06-11T12:29:06.277563" elapsed="0.198167"/>
</test>
<test id="s1-s1-t5" name="Validar conteudo" line="35">
<kw name="Teste de Tipos de Conteudo" owner="random-user-service">
<kw name="GET On Session" owner="RequestsLibrary">
<msg time="2024-06-11T12:29:06.576303" level="INFO">GET Request : url=https://randomuser.me/api 
 path_url=/api 
 headers={'User-Agent': 'python-requests/2.32.3', 'Accept-Encoding': 'gzip, deflate', 'Accept': '*/*', 'Connection': 'keep-alive'} 
 body=None 
 </msg>
<msg time="2024-06-11T12:29:06.576387" level="INFO">GET Response : url=https://randomuser.me/api 
 status=200, reason=OK 
 headers={'Date': 'Tue, 11 Jun 2024 12:29:06 GMT', 'Content-Type': 'application/json; charset=utf-8', 'Transfer-Encoding': 'chunked', 'Connection': 'keep-alive', 'X-Powered-By': 'Express', 'Access-Control-Allow-Origin': '*', 'Cache-Control': 'no-cache', 'ETag': 'W/"493-OFsDHWusIqIDGgVlcHVDWf5dRXY"', 'Vary': 'Accept-Encoding', 'Content-Encoding': 'gzip', 'CF-Cache-Status': 'DYNAMIC', 'Report-To': '{"endpoints":[{"url":"https:\\/\\/a.nel.cloudflare.com\\/report\\/v4?s=WDFPv3mC0QonctrmKieTGnazeM8vWd2loggL4rBVKuyit76Es2TZGXh1TdLYYBpUWLuQzasRfkyv3qwoe9RCH4JnofDcLY64SxpPh%2BK3SFW6o5%2F%2FAZ%2B2ukd%2BVyLHeVm0"}],"group":"cf-nel","max_age":604800}', 'NEL': '{"success_fraction":0,"report_to":"cf-nel","max_age":604800}', 'Server': 'cloudflare', 'CF-RAY': '89219ad388419129-ORD', 'alt-svc': 'h3=":443"; ma=86400'} 
 body={"results":[{"gender":"female","name":{"title":"Miss","first":"Buse","last":"Duygulu"},"location":{"street":{"number":8587,"name":"Fatih Sultan Mehmet Cd"},"city":"Bayburt","state":"Mardin","country":"Turkey","postcode":39829,"coordinates":{"latitude":"64.5117","longitude":"60.0497"},"timezone":{"offset":"+10:00","description":"Eastern Australia, Guam, Vladivostok"}},"email":"buse.duygulu@example.com","login":{"uuid":"243edcd9-54ba-4ba0-a9b4-dfb845458d2a","username":"crazysnake953","password":"rebecca","salt":"tQOSOcOK","md5":"7489a703596cb24a36f33c5f56288950","sha1":"2306a69c7d7c6ddcbe79c6830195ce1ae4e7f04a","sha256":"1c969b7e32fe80b9145da52eb59697c0828bb0a63bb49b17603f858d88c53c82"},"dob":{"date":"1984-05-22T20:26:17.478Z","age":40},"registered":{"date":"2013-06-17T04:24:51.978Z","age":10},"phone":"(323)-581-6262","cell":"(061)-124-3535","id":{"name":"","value":null},"picture":{"large":"https://randomuser.me/api/portraits/women/27.jpg","medium":"https://randomuser.me/api/portraits/med/women/27.jpg","thumbnail":"https://randomuser.me/api/portraits/thumb/women/27.jpg"},"nat":"TR"}],"info":{"seed":"46018efc87075c87","results":1,"page":1,"version":"1.4"}} 
 </msg>
<msg time="2024-06-11T12:29:06.576464" level="INFO">/opt/hostedtoolcache/Python/3.12.3/x64/lib/python3.12/site-packages/urllib3/connectionpool.py:1103: InsecureRequestWarning: Unverified HTTPS request is being made to host 'randomuser.me'. Adding certificate verification is strongly advised. See: https://urllib3.readthedocs.io/en/latest/advanced-usage.html#tls-warnings
  warnings.warn(</msg>
<msg time="2024-06-11T12:29:06.576578" level="INFO">${response} = &lt;Response [200]&gt;</msg>
<var>${response}</var>
<arg>consultarAPI</arg>
<arg>/api</arg>
<doc>Sends a GET request on a previously created HTTP Session.</doc>
<status status="PASS" start="2024-06-11T12:29:06.478219" elapsed="0.098399"/>
</kw>
<kw name="Set Variable" owner="BuiltIn">
<msg time="2024-06-11T12:29:06.577555" level="INFO">${json_data} = {'results': [{'gender': 'female', 'name': {'title': 'Miss', 'first': 'Buse', 'last': 'Duygulu'}, 'location': {'street': {'number': 8587, 'name': 'Fatih Sultan Mehmet Cd'}, 'city': 'Bayburt', 'state': ...</msg>
<var>${json_data}</var>
<arg>${response.json()}</arg>
<doc>Returns the given values which can then be assigned to a variables.</doc>
<status status="PASS" start="2024-06-11T12:29:06.577111" elapsed="0.000472"/>
</kw>
<kw name="Set Variable" owner="BuiltIn">
<msg time="2024-06-11T12:29:06.578277" level="INFO">${name_title} = Miss</msg>
<var>${name_title}</var>
<arg>${json_data["results"][0]["name"]["title"]}</arg>
<doc>Returns the given values which can then be assigned to a variables.</doc>
<status status="PASS" start="2024-06-11T12:29:06.577887" elapsed="0.000414"/>
</kw>
<kw name="Create List" owner="BuiltIn">
<msg time="2024-06-11T12:29:06.578746" level="INFO">${allowed_titles} = ['Mr', 'Ms', 'Miss', 'Mrs', 'Madame', 'Monsieur']</msg>
<var>${allowed_titles}</var>
<arg>Mr</arg>
<arg>Ms</arg>
<arg>Miss</arg>
<arg>Mrs</arg>
<arg>Madame</arg>
<arg>Monsieur</arg>
<doc>Returns a list containing given items.</doc>
<status status="PASS" start="2024-06-11T12:29:06.578599" elapsed="0.000171"/>
</kw>
<kw name="List Should Contain Value" owner="Collections">
<arg>${allowed_titles}</arg>
<arg>${name_title}</arg>
<doc>Fails if the ``value`` is not found from ``list``.</doc>
<status status="PASS" start="2024-06-11T12:29:06.579063" elapsed="0.000181"/>
</kw>
<kw name="Set Variable" owner="BuiltIn">
<msg time="2024-06-11T12:29:06.579791" level="INFO">${name_country} = TR</msg>
<var>${name_country}</var>
<arg>${json_data["results"][0]["nat"]}</arg>
<doc>Returns the given values which can then be assigned to a variables.</doc>
<status status="PASS" start="2024-06-11T12:29:06.579423" elapsed="0.000393"/>
</kw>
<kw name="Create List" owner="BuiltIn">
<msg time="2024-06-11T12:29:06.580697" level="INFO">${list_country} = ['AD', 'AE', 'AF', 'AG', 'AI', 'AL', 'AM', 'AO', 'AQ', 'AR', 'AS', 'AT', 'AU', 'AW', 'AX', 'AZ', 'BA', 'BB', 'BD', 'BE', 'BF', 'BG', 'BH', 'BI', 'BJ', 'BL', 'BM', 'BN', 'BO', 'BQ', 'BR', 'BS', 'BT', '...</msg>
<var>${list_country}</var>
<arg>AD</arg>
<arg>AE</arg>
<arg>AF</arg>
<arg>AG</arg>
<arg>AI</arg>
<arg>AL</arg>
<arg>AM</arg>
<arg>AO</arg>
<arg>AQ</arg>
<arg>AR</arg>
<arg>AS</arg>
<arg>AT</arg>
<arg>AU</arg>
<arg>AW</arg>
<arg>AX</arg>
<arg>AZ</arg>
<arg>BA</arg>
<arg>BB</arg>
<arg>BD</arg>
<arg>BE</arg>
<arg>BF</arg>
<arg>BG</arg>
<arg>BH</arg>
<arg>BI</arg>
<arg>BJ</arg>
<arg>BL</arg>
<arg>BM</arg>
<arg>BN</arg>
<arg>BO</arg>
<arg>BQ</arg>
<arg>BR</arg>
<arg>BS</arg>
<arg>BT</arg>
<arg>BV</arg>
<arg>BW</arg>
<arg>BY</arg>
<arg>BZ</arg>
<arg>CA</arg>
<arg>CC</arg>
<arg>CD</arg>
<arg>CF</arg>
<arg>CG</arg>
<arg>CH</arg>
<arg>CI</arg>
<arg>CK</arg>
<arg>CL</arg>
<arg>CM</arg>
<arg>CN</arg>
<arg>CO</arg>
<arg>CR</arg>
<arg>CU</arg>
<arg>CV</arg>
<arg>CW</arg>
<arg>CX</arg>
<arg>CY</arg>
<arg>CZ</arg>
<arg>DE</arg>
<arg>DJ</arg>
<arg>DK</arg>
<arg>DM</arg>
<arg>DO</arg>
<arg>DZ</arg>
<arg>EC</arg>
<arg>EE</arg>
<arg>EG</arg>
<arg>EH</arg>
<arg>ER</arg>
<arg>ES</arg>
<arg>ET</arg>
<arg>FI</arg>
<arg>FJ</arg>
<arg>FK</arg>
<arg>FM</arg>
<arg>FO</arg>
<arg>FR</arg>
<arg>GA</arg>
<arg>GB</arg>
<arg>GD</arg>
<arg>GE</arg>
<arg>GF</arg>
<arg>GG</arg>
<arg>GH</arg>
<arg>GI</arg>
<arg>GL</arg>
<arg>GM</arg>
<arg>GN</arg>
<arg>GP</arg>
<arg>GQ</arg>
<arg>GR</arg>
<arg>GS</arg>
<arg>GT</arg>
<arg>GU</arg>
<arg>GW</arg>
<arg>GY</arg>
<arg>HK</arg>
<arg>HM</arg>
<arg>HN</arg>
<arg>HR</arg>
<arg>HT</arg>
<arg>HU</arg>
<arg>ID</arg>
<arg>IE</arg>
<arg>IL</arg>
<arg>IM</arg>
<arg>IN</arg>
<arg>IO</arg>
<arg>IQ</arg>
<arg>IR</arg>
<arg>IS</arg>
<arg>IT</arg>
<arg>JE</arg>
<arg>JM</arg>
<arg>JO</arg>
<arg>JP</arg>
<arg>KE</arg>
<arg>KG</arg>
<arg>KH</arg>
<arg>KI</arg>
<arg>KM</arg>
<arg>KN</arg>
<arg>KP</arg>
<arg>KR</arg>
<arg>KW</arg>
<arg>KY</arg>
<arg>KZ</arg>
<arg>LA</arg>
<arg>LB</arg>
<arg>LC</arg>
<arg>LI</arg>
<arg>LK</arg>
<arg>LR</arg>
<arg>LS</arg>
<arg>LT</arg>
<arg>LU</arg>
<arg>LV</arg>
<arg>LY</arg>
<arg>MA</arg>
<arg>MC</arg>
<arg>MD</arg>
<arg>ME</arg>
<arg>MF</arg>
<arg>MG</arg>
<arg>MH</arg>
<arg>MK</arg>
<arg>ML</arg>
<arg>MM</arg>
<arg>MN</arg>
<arg>MO</arg>
<arg>MP</arg>
<arg>MQ</arg>
<arg>MR</arg>
<arg>MS</arg>
<arg>MT</arg>
<arg>MU</arg>
<arg>MV</arg>
<arg>MW</arg>
<arg>MX</arg>
<arg>MY</arg>
<arg>MZ</arg>
<arg>NA</arg>
<arg>NC</arg>
<arg>NE</arg>
<arg>NF</arg>
<arg>NG</arg>
<arg>NI</arg>
<arg>NL</arg>
<arg>NO</arg>
<arg>NP</arg>
<arg>NR</arg>
<arg>NU</arg>
<arg>NZ</arg>
<arg>OM</arg>
<arg>PA</arg>
<arg>PE</arg>
<arg>PF</arg>
<arg>PG</arg>
<arg>PH</arg>
<arg>PK</arg>
<arg>PL</arg>
<arg>PM</arg>
<arg>PN</arg>
<arg>PR</arg>
<arg>PS</arg>
<arg>PT</arg>
<arg>PW</arg>
<arg>PY</arg>
<arg>QA</arg>
<arg>RE</arg>
<arg>RO</arg>
<arg>RS</arg>
<arg>RU</arg>
<arg>RW</arg>
<arg>SA</arg>
<arg>SB</arg>
<arg>SC</arg>
<arg>SD</arg>
<arg>SE</arg>
<arg>SG</arg>
<arg>SH</arg>
<arg>SI</arg>
<arg>SJ</arg>
<arg>SK</arg>
<arg>SL</arg>
<arg>SM</arg>
<arg>SN</arg>
<arg>SO</arg>
<arg>SR</arg>
<arg>SS</arg>
<arg>ST</arg>
<arg>SV</arg>
<arg>SX</arg>
<arg>SY</arg>
<arg>SZ</arg>
<arg>TC</arg>
<arg>TD</arg>
<arg>TF</arg>
<arg>TG</arg>
<arg>TH</arg>
<arg>TJ</arg>
<arg>TK</arg>
<arg>TL</arg>
<arg>TM</arg>
<arg>TN</arg>
<arg>TO</arg>
<arg>TR</arg>
<arg>TT</arg>
<arg>TV</arg>
<arg>TW</arg>
<arg>TZ</arg>
<arg>UA</arg>
<arg>UG</arg>
<arg>UM</arg>
<arg>US</arg>
<arg>UY</arg>
<arg>UZ</arg>
<arg>VA</arg>
<arg>VC</arg>
<arg>VE</arg>
<arg>VG</arg>
<arg>VI</arg>
<arg>VN</arg>
<arg>VU</arg>
<arg>WF</arg>
<arg>WS</arg>
<arg>XK</arg>
<arg>YE</arg>
<arg>YT</arg>
<arg>ZA</arg>
<arg>ZM</arg>
<arg>ZW</arg>
<doc>Returns a list containing given items.</doc>
<status status="PASS" start="2024-06-11T12:29:06.580105" elapsed="0.000617"/>
</kw>
<kw name="List Should Contain Value" owner="Collections">
<arg>${list_country}</arg>
<arg>${name_country}</arg>
<doc>Fails if the ``value`` is not found from ``list``.</doc>
<status status="PASS" start="2024-06-11T12:29:06.581537" elapsed="0.000211"/>
</kw>
<kw name="Run Keyword If" owner="BuiltIn">
<kw name="Should Be True" owner="BuiltIn">
<arg>${True}</arg>
<doc>Fails if the given condition is not true.</doc>
<status status="PASS" start="2024-06-11T12:29:06.582791" elapsed="0.000142"/>
</kw>
<arg>${json_data["results"][0]["location"]["coordinates"]["latitude"]} &gt;= -90 and ${json_data["results"][0]["location"]["coordinates"]["latitude"]} &lt;= 90</arg>
<arg>Should Be True</arg>
<arg>${True}</arg>
<doc>Runs the given keyword with the given arguments, if ``condition`` is true.</doc>
<status status="PASS" start="2024-06-11T12:29:06.581947" elapsed="0.001113"/>
</kw>
<kw name="Run Keyword If" owner="BuiltIn">
<kw name="Should Be True" owner="BuiltIn">
<arg>${True}</arg>
<doc>Fails if the given condition is not true.</doc>
<status status="PASS" start="2024-06-11T12:29:06.583928" elapsed="0.000138"/>
</kw>
<arg>${json_data["results"][0]["location"]["coordinates"]["longitude"]} &gt;= -180 and ${json_data["results"][0]["location"]["coordinates"]["longitude"]} &lt;= 180</arg>
<arg>Should Be True</arg>
<arg>${True}</arg>
<doc>Runs the given keyword with the given arguments, if ``condition`` is true.</doc>
<status status="PASS" start="2024-06-11T12:29:06.583241" elapsed="0.000948"/>
</kw>
<status status="PASS" start="2024-06-11T12:29:06.478001" elapsed="0.106315"/>
</kw>
<doc>Testa o conteúdo específico dos campos retornados pela API.</doc>
<tag>testeConteudo</tag>
<status status="PASS" start="2024-06-11T12:29:06.477495" elapsed="0.106962"/>
</test>
<status status="PASS" start="2024-06-11T12:29:05.633296" elapsed="0.953067"/>
</suite>
<status status="PASS" start="2024-06-11T12:29:05.619536" elapsed="0.971802"/>
</suite>
<statistics>
<total>
<stat pass="5" fail="0" skip="0">All Tests</stat>
</total>
<tag>
<stat pass="1" fail="0" skip="0">testeConteudo</stat>
<stat pass="1" fail="0" skip="0">testeEstruturaResposta</stat>
<stat pass="1" fail="0" skip="0">testeRequisicaoBasica</stat>
<stat pass="1" fail="0" skip="0">testeTiposDados</stat>
</tag>
<suite>
<stat pass="5" fail="0" skip="0" id="s1" name="Tests">Tests</stat>
<stat pass="5" fail="0" skip="0" id="s1-s1" name="Random-User-Test">Tests.Random-User-Test</stat>
</suite>
</statistics>
<errors>
</errors>
</robot>
