<?xml version="1.0" encoding="UTF-8"?>
<robot generator="Robot 7.0 (Python 3.12.3 on linux)" generated="2024-04-19T03:15:32.098413" rpa="false" schemaversion="5">
<suite id="s1" name="Tests" source="/home/runner/work/DesafioQAItauRogerioJordao/DesafioQAItauRogerioJordao/RamdonUser/tests">
<suite id="s1-s1" name="Random-User-Test" source="/home/runner/work/DesafioQAItauRogerioJordao/DesafioQAItauRogerioJordao/RamdonUser/tests/random-user-test.robot">
<test id="s1-s1-t1" name="Conectar" line="13">
<kw name="Conectar API" owner="random-user-service">
<kw name="Create Session" owner="RequestsLibrary">
<msg time="2024-04-19T03:15:32.448341" level="INFO">Creating Session using : alias=consultarAPI, url=https://randomuser.me/, headers={},                     cookies={}, auth=None, timeout=None, proxies=None, verify=False,                     debug=0 </msg>
<arg>consultarAPI</arg>
<arg>${URL}</arg>
<doc>Create Session: create a HTTP session to a server</doc>
<status status="PASS" start="2024-04-19T03:15:32.448142" elapsed="0.000366"/>
</kw>
<status status="PASS" start="2024-04-19T03:15:32.447187" elapsed="0.001664"/>
</kw>
<status status="PASS" start="2024-04-19T03:15:32.446687" elapsed="0.002355"/>
</test>
<test id="s1-s1-t2" name="Validar retorno 200 e JSON Válido" line="16">
<kw name="Teste de Requisicao Basica" owner="random-user-service">
<kw name="GET On Session" owner="RequestsLibrary">
<msg time="2024-04-19T03:15:32.646595" level="INFO">GET Request : url=https://randomuser.me/api 
 path_url=/api 
 headers={'User-Agent': 'python-requests/2.31.0', 'Accept-Encoding': 'gzip, deflate', 'Accept': '*/*', 'Connection': 'keep-alive'} 
 body=None 
 </msg>
<msg time="2024-04-19T03:15:32.646705" level="INFO">GET Response : url=https://randomuser.me/api 
 status=200, reason=OK 
 headers={'Date': 'Fri, 19 Apr 2024 03:15:32 GMT', 'Content-Type': 'application/json; charset=utf-8', 'Transfer-Encoding': 'chunked', 'Connection': 'keep-alive', 'X-Powered-By': 'Express', 'Access-Control-Allow-Origin': '*', 'Cache-Control': 'no-cache', 'ETag': 'W/"471-BeAhgDY0GE6WWAXqhgj6xU/ym84"', 'Vary': 'Accept-Encoding', 'Content-Encoding': 'gzip', 'CF-Cache-Status': 'DYNAMIC', 'Report-To': '{"endpoints":[{"url":"https:\\/\\/a.nel.cloudflare.com\\/report\\/v4?s=RXtd7yyx1xf4N%2BqHv2ImjpNfhHAkXeCbYGGvjyShqD51jt14E5VIMms1KpvVfUVXQOWO6aHKlml8n%2FYyyHNkqV3scaxrzYRdLoLrYD6A4fDOQnsVk4IgqG1F3X75%2BWxt"}],"group":"cf-nel","max_age":604800}', 'NEL': '{"success_fraction":0,"report_to":"cf-nel","max_age":604800}', 'Server': 'cloudflare', 'CF-RAY': '8769bb10bca82afa-ORD', 'alt-svc': 'h3=":443"; ma=86400'} 
 body={"results":[{"gender":"male","name":{"title":"Mr","first":"George","last":"Walters"},"location":{"street":{"number":1429,"name":"Pearse Street"},"city":"Swords","state":"Cork","country":"Ireland","postcode":47944,"coordinates":{"latitude":"2.5616","longitude":"-144.9047"},"timezone":{"offset":"-3:30","description":"Newfoundland"}},"email":"george.walters@example.com","login":{"uuid":"6e52ad16-2a44-4d95-8836-853d48eb0e3d","username":"bluegorilla595","password":"laurence","salt":"iPtq2Lwq","md5":"0b65e2d46558e5a2dc000b8eae7b2481","sha1":"8be1451d23e4dd950ca816e94850e98a02c64c42","sha256":"96cf8c8e8aaf8345de819a1aa7ac5b290e612069342e70c6181391c4ba42dea4"},"dob":{"date":"1964-11-13T05:13:52.404Z","age":59},"registered":{"date":"2006-11-15T01:32:15.948Z","age":17},"phone":"021-587-0918","cell":"081-208-8271","id":{"name":"PPS","value":"9309137T"},"picture":{"large":"https://randomuser.me/api/portraits/men/82.jpg","medium":"https://randomuser.me/api/portraits/med/men/82.jpg","thumbnail":"https://randomuser.me/api/portraits/thumb/men/82.jpg"},"nat":"IE"}],"info":{"seed":"0941f5442ecbfefb","results":1,"page":1,"version":"1.4"}} 
 </msg>
<msg time="2024-04-19T03:15:32.646772" level="INFO">/opt/hostedtoolcache/Python/3.12.3/x64/lib/python3.12/site-packages/urllib3/connectionpool.py:1103: InsecureRequestWarning: Unverified HTTPS request is being made to host 'randomuser.me'. Adding certificate verification is strongly advised. See: https://urllib3.readthedocs.io/en/latest/advanced-usage.html#tls-warnings
  warnings.warn(</msg>
<msg time="2024-04-19T03:15:32.646885" level="INFO">${response} = &lt;Response [200]&gt;</msg>
<var>${response}</var>
<arg>consultarAPI</arg>
<arg>/api</arg>
<doc>Sends a GET request on a previously created HTTP Session.</doc>
<status status="PASS" start="2024-04-19T03:15:32.451612" elapsed="0.195315"/>
</kw>
<kw name="Should Be Equal As Numbers" owner="BuiltIn">
<msg time="2024-04-19T03:15:32.647921" level="INFO">Argument types are:
&lt;class 'int'&gt;
&lt;class 'str'&gt;</msg>
<arg>${response.status_code}</arg>
<arg>200</arg>
<doc>Fails if objects are unequal after converting them to real numbers.</doc>
<status status="PASS" start="2024-04-19T03:15:32.647436" elapsed="0.000548"/>
</kw>
<kw name="Log" owner="BuiltIn">
<msg time="2024-04-19T03:15:32.648712" level="INFO">200</msg>
<arg>${response.status_code}</arg>
<doc>Logs the given message with the given level.</doc>
<status status="PASS" start="2024-04-19T03:15:32.648363" elapsed="0.000393"/>
</kw>
<kw name="Set Variable" owner="BuiltIn">
<msg time="2024-04-19T03:15:32.649492" level="INFO">${json_data} = {'results': [{'gender': 'male', 'name': {'title': 'Mr', 'first': 'George', 'last': 'Walters'}, 'location': {'street': {'number': 1429, 'name': 'Pearse Street'}, 'city': 'Swords', 'state': 'Cork', 'cou...</msg>
<var>${json_data}</var>
<arg>${response.json()}</arg>
<doc>Returns the given values which can then be assigned to a variables.</doc>
<status status="PASS" start="2024-04-19T03:15:32.649063" elapsed="0.000457"/>
</kw>
<kw name="Dictionary Should Contain Key" owner="Collections">
<msg time="2024-04-19T03:15:32.649984" level="INFO">False</msg>
<arg>${json_data}</arg>
<arg>results</arg>
<doc>Fails if ``key`` is not found from ``dictionary``.</doc>
<status status="PASS" start="2024-04-19T03:15:32.649817" elapsed="0.000206"/>
</kw>
<status status="PASS" start="2024-04-19T03:15:32.451365" elapsed="0.198910"/>
</kw>
<doc>Testa se a API responde corretamente e retorna um objeto JSON válido.</doc>
<tag>testeRequisicaoBasica</tag>
<status status="PASS" start="2024-04-19T03:15:32.450897" elapsed="0.199547"/>
</test>
<test id="s1-s1-t3" name="Validar estrutura de resposta" line="22">
<kw name="Teste de Estrutura de Resposta" owner="random-user-service">
<kw name="GET On Session" owner="RequestsLibrary">
<msg time="2024-04-19T03:15:32.739179" level="INFO">GET Request : url=https://randomuser.me/api 
 path_url=/api 
 headers={'User-Agent': 'python-requests/2.31.0', 'Accept-Encoding': 'gzip, deflate', 'Accept': '*/*', 'Connection': 'keep-alive'} 
 body=None 
 </msg>
<msg time="2024-04-19T03:15:32.739265" level="INFO">GET Response : url=https://randomuser.me/api 
 status=200, reason=OK 
 headers={'Date': 'Fri, 19 Apr 2024 03:15:32 GMT', 'Content-Type': 'application/json; charset=utf-8', 'Transfer-Encoding': 'chunked', 'Connection': 'keep-alive', 'X-Powered-By': 'Express', 'Access-Control-Allow-Origin': '*', 'Cache-Control': 'no-cache', 'ETag': 'W/"498-e9kXqpqErNCiYQ2TR+2lNyMfQoI"', 'Vary': 'Accept-Encoding', 'Content-Encoding': 'gzip', 'CF-Cache-Status': 'DYNAMIC', 'Report-To': '{"endpoints":[{"url":"https:\\/\\/a.nel.cloudflare.com\\/report\\/v4?s=%2Fx7vcg5WlStbLv8jtNN1bzvIQZt%2BFqKoyxDiZivApil6KVqD3WCNvKuqx2lA2Qy6JMYuZxD0gx13P0t2k%2B0ruup%2BnOAdvGILKmTdcYTJqNX8Y3xBO9yDi%2FYgeXTrgaRh"}],"group":"cf-nel","max_age":604800}', 'NEL': '{"success_fraction":0,"report_to":"cf-nel","max_age":604800}', 'Server': 'cloudflare', 'CF-RAY': '8769bb111d082afa-ORD', 'alt-svc': 'h3=":443"; ma=86400'} 
 body={"results":[{"gender":"male","name":{"title":"Mr","first":"Thomas","last":"Robert"},"location":{"street":{"number":2063,"name":"Rue de la Fontaine"},"city":"Villeurbanne","state":"Haute-Marne","country":"France","postcode":56544,"coordinates":{"latitude":"-16.4315","longitude":"-159.6771"},"timezone":{"offset":"+6:00","description":"Almaty, Dhaka, Colombo"}},"email":"thomas.robert@example.com","login":{"uuid":"edc3af68-ecd8-4c78-b067-65fa867cb207","username":"happykoala479","password":"20002000","salt":"4WYIXEHo","md5":"1e41bb60345cfbc6d27ac7a9283c7f63","sha1":"5c28084b87e92faa98570145657d53d8efd48a4c","sha256":"275b9b02bb61bedd042a60095c971fbaa3377a01ee69d596e47e22fdd8c3bfff"},"dob":{"date":"1962-09-11T07:34:41.299Z","age":61},"registered":{"date":"2021-11-17T08:16:18.944Z","age":2},"phone":"03-34-77-10-43","cell":"06-40-83-18-15","id":{"name":"INSEE","value":"1620809283835 82"},"picture":{"large":"https://randomuser.me/api/portraits/men/63.jpg","medium":"https://randomuser.me/api/portraits/med/men/63.jpg","thumbnail":"https://randomuser.me/api/portraits/thumb/men/63.jpg"},"nat":"FR"}],"info":{"seed":"fe96bbd8d87449a0","results":1,"page":1,"version":"1.4"}} 
 </msg>
<msg time="2024-04-19T03:15:32.739386" level="INFO">/opt/hostedtoolcache/Python/3.12.3/x64/lib/python3.12/site-packages/urllib3/connectionpool.py:1103: InsecureRequestWarning: Unverified HTTPS request is being made to host 'randomuser.me'. Adding certificate verification is strongly advised. See: https://urllib3.readthedocs.io/en/latest/advanced-usage.html#tls-warnings
  warnings.warn(</msg>
<msg time="2024-04-19T03:15:32.739528" level="INFO">${response} = &lt;Response [200]&gt;</msg>
<var>${response}</var>
<arg>consultarAPI</arg>
<arg>/api</arg>
<doc>Sends a GET request on a previously created HTTP Session.</doc>
<status status="PASS" start="2024-04-19T03:15:32.653118" elapsed="0.086462"/>
</kw>
<kw name="Set Variable" owner="BuiltIn">
<msg time="2024-04-19T03:15:32.740653" level="INFO">${json_data} = {'results': [{'gender': 'male', 'name': {'title': 'Mr', 'first': 'Thomas', 'last': 'Robert'}, 'location': {'street': {'number': 2063, 'name': 'Rue de la Fontaine'}, 'city': 'Villeurbanne', 'state': 'H...</msg>
<var>${json_data}</var>
<arg>${response.json()}</arg>
<doc>Returns the given values which can then be assigned to a variables.</doc>
<status status="PASS" start="2024-04-19T03:15:32.740097" elapsed="0.000586"/>
</kw>
<kw name="Log" owner="BuiltIn">
<msg time="2024-04-19T03:15:32.741145" level="INFO">{'results': [{'gender': 'male', 'name': {'title': 'Mr', 'first': 'Thomas', 'last': 'Robert'}, 'location': {'street': {'number': 2063, 'name': 'Rue de la Fontaine'}, 'city': 'Villeurbanne', 'state': 'Haute-Marne', 'country': 'France', 'postcode': 56544, 'coordinates': {'latitude': '-16.4315', 'longitude': '-159.6771'}, 'timezone': {'offset': '+6:00', 'description': 'Almaty, Dhaka, Colombo'}}, 'email': 'thomas.robert@example.com', 'login': {'uuid': 'edc3af68-ecd8-4c78-b067-65fa867cb207', 'username': 'happykoala479', 'password': '20002000', 'salt': '4WYIXEHo', 'md5': '1e41bb60345cfbc6d27ac7a9283c7f63', 'sha1': '5c28084b87e92faa98570145657d53d8efd48a4c', 'sha256': '275b9b02bb61bedd042a60095c971fbaa3377a01ee69d596e47e22fdd8c3bfff'}, 'dob': {'date': '1962-09-11T07:34:41.299Z', 'age': 61}, 'registered': {'date': '2021-11-17T08:16:18.944Z', 'age': 2}, 'phone': '03-34-77-10-43', 'cell': '06-40-83-18-15', 'id': {'name': 'INSEE', 'value': '1620809283835 82'}, 'picture': {'large': 'https://randomuser.me/api/portraits/men/63.jpg', 'medium': 'https://randomuser.me/api/portraits/med/men/63.jpg', 'thumbnail': 'https://randomuser.me/api/portraits/thumb/men/63.jpg'}, 'nat': 'FR'}], 'info': {'seed': 'fe96bbd8d87449a0', 'results': 1, 'page': 1, 'version': '1.4'}}</msg>
<arg>${json_data}</arg>
<doc>Logs the given message with the given level.</doc>
<status status="PASS" start="2024-04-19T03:15:32.740990" elapsed="0.000203"/>
</kw>
<kw name="Dictionary Should Contain Key" owner="Collections">
<msg time="2024-04-19T03:15:32.741636" level="INFO">False</msg>
<arg>${json_data}</arg>
<arg>results</arg>
<doc>Fails if ``key`` is not found from ``dictionary``.</doc>
<status status="PASS" start="2024-04-19T03:15:32.741482" elapsed="0.000191"/>
</kw>
<kw name="Should Not Be Empty" owner="BuiltIn">
<msg time="2024-04-19T03:15:32.742092" level="INFO">Length is 2.</msg>
<arg>${json_data}</arg>
<doc>Verifies that the given item is not empty.</doc>
<status status="PASS" start="2024-04-19T03:15:32.741963" elapsed="0.000293"/>
</kw>
<kw name="Create List" owner="BuiltIn">
<msg time="2024-04-19T03:15:32.742700" level="INFO">${expected_keys} = ['gender', 'name', 'location', 'email', 'login']</msg>
<var>${expected_keys}</var>
<arg>gender</arg>
<arg>name</arg>
<arg>location</arg>
<arg>email</arg>
<arg>login</arg>
<doc>Returns a list containing given items.</doc>
<status status="PASS" start="2024-04-19T03:15:32.742551" elapsed="0.000174"/>
</kw>
<for flavor="IN">
<iter>
<kw name="Dictionary Should Contain Key" owner="Collections">
<msg time="2024-04-19T03:15:32.743691" level="INFO">False</msg>
<arg>${json_data['results'][0]}</arg>
<arg>${key}</arg>
<doc>Fails if ``key`` is not found from ``dictionary``.</doc>
<status status="PASS" start="2024-04-19T03:15:32.743291" elapsed="0.000439"/>
</kw>
<kw name="Log" owner="BuiltIn">
<msg time="2024-04-19T03:15:32.744443" level="INFO">{'gender': 'male', 'name': {'title': 'Mr', 'first': 'Thomas', 'last': 'Robert'}, 'location': {'street': {'number': 2063, 'name': 'Rue de la Fontaine'}, 'city': 'Villeurbanne', 'state': 'Haute-Marne', 'country': 'France', 'postcode': 56544, 'coordinates': {'latitude': '-16.4315', 'longitude': '-159.6771'}, 'timezone': {'offset': '+6:00', 'description': 'Almaty, Dhaka, Colombo'}}, 'email': 'thomas.robert@example.com', 'login': {'uuid': 'edc3af68-ecd8-4c78-b067-65fa867cb207', 'username': 'happykoala479', 'password': '20002000', 'salt': '4WYIXEHo', 'md5': '1e41bb60345cfbc6d27ac7a9283c7f63', 'sha1': '5c28084b87e92faa98570145657d53d8efd48a4c', 'sha256': '275b9b02bb61bedd042a60095c971fbaa3377a01ee69d596e47e22fdd8c3bfff'}, 'dob': {'date': '1962-09-11T07:34:41.299Z', 'age': 61}, 'registered': {'date': '2021-11-17T08:16:18.944Z', 'age': 2}, 'phone': '03-34-77-10-43', 'cell': '06-40-83-18-15', 'id': {'name': 'INSEE', 'value': '1620809283835 82'}, 'picture': {'large': 'https://randomuser.me/api/portraits/men/63.jpg', 'medium': 'https://randomuser.me/api/portraits/med/men/63.jpg', 'thumbnail': 'https://randomuser.me/api/portraits/thumb/men/63.jpg'}, 'nat': 'FR'}</msg>
<arg>${json_data['results'][0]}</arg>
<doc>Logs the given message with the given level.</doc>
<status status="PASS" start="2024-04-19T03:15:32.744072" elapsed="0.000419"/>
</kw>
<kw name="Log" owner="BuiltIn">
<msg time="2024-04-19T03:15:32.744915" level="INFO">gender</msg>
<arg>${key}</arg>
<doc>Logs the given message with the given level.</doc>
<status status="PASS" start="2024-04-19T03:15:32.744788" elapsed="0.000164"/>
</kw>
<var name="${key}">gender</var>
<status status="PASS" start="2024-04-19T03:15:32.743166" elapsed="0.001999"/>
</iter>
<iter>
<kw name="Dictionary Should Contain Key" owner="Collections">
<msg time="2024-04-19T03:15:32.745856" level="INFO">False</msg>
<arg>${json_data['results'][0]}</arg>
<arg>${key}</arg>
<doc>Fails if ``key`` is not found from ``dictionary``.</doc>
<status status="PASS" start="2024-04-19T03:15:32.745467" elapsed="0.000427"/>
</kw>
<kw name="Log" owner="BuiltIn">
<msg time="2024-04-19T03:15:32.746744" level="INFO">{'gender': 'male', 'name': {'title': 'Mr', 'first': 'Thomas', 'last': 'Robert'}, 'location': {'street': {'number': 2063, 'name': 'Rue de la Fontaine'}, 'city': 'Villeurbanne', 'state': 'Haute-Marne', 'country': 'France', 'postcode': 56544, 'coordinates': {'latitude': '-16.4315', 'longitude': '-159.6771'}, 'timezone': {'offset': '+6:00', 'description': 'Almaty, Dhaka, Colombo'}}, 'email': 'thomas.robert@example.com', 'login': {'uuid': 'edc3af68-ecd8-4c78-b067-65fa867cb207', 'username': 'happykoala479', 'password': '20002000', 'salt': '4WYIXEHo', 'md5': '1e41bb60345cfbc6d27ac7a9283c7f63', 'sha1': '5c28084b87e92faa98570145657d53d8efd48a4c', 'sha256': '275b9b02bb61bedd042a60095c971fbaa3377a01ee69d596e47e22fdd8c3bfff'}, 'dob': {'date': '1962-09-11T07:34:41.299Z', 'age': 61}, 'registered': {'date': '2021-11-17T08:16:18.944Z', 'age': 2}, 'phone': '03-34-77-10-43', 'cell': '06-40-83-18-15', 'id': {'name': 'INSEE', 'value': '1620809283835 82'}, 'picture': {'large': 'https://randomuser.me/api/portraits/men/63.jpg', 'medium': 'https://randomuser.me/api/portraits/med/men/63.jpg', 'thumbnail': 'https://randomuser.me/api/portraits/thumb/men/63.jpg'}, 'nat': 'FR'}</msg>
<arg>${json_data['results'][0]}</arg>
<doc>Logs the given message with the given level.</doc>
<status status="PASS" start="2024-04-19T03:15:32.746221" elapsed="0.000598"/>
</kw>
<kw name="Log" owner="BuiltIn">
<msg time="2024-04-19T03:15:32.747355" level="INFO">name</msg>
<arg>${key}</arg>
<doc>Logs the given message with the given level.</doc>
<status status="PASS" start="2024-04-19T03:15:32.747218" elapsed="0.000176"/>
</kw>
<var name="${key}">name</var>
<status status="PASS" start="2024-04-19T03:15:32.745350" elapsed="0.002265"/>
</iter>
<iter>
<kw name="Dictionary Should Contain Key" owner="Collections">
<msg time="2024-04-19T03:15:32.748333" level="INFO">False</msg>
<arg>${json_data['results'][0]}</arg>
<arg>${key}</arg>
<doc>Fails if ``key`` is not found from ``dictionary``.</doc>
<status status="PASS" start="2024-04-19T03:15:32.747909" elapsed="0.000462"/>
</kw>
<kw name="Log" owner="BuiltIn">
<msg time="2024-04-19T03:15:32.749099" level="INFO">{'gender': 'male', 'name': {'title': 'Mr', 'first': 'Thomas', 'last': 'Robert'}, 'location': {'street': {'number': 2063, 'name': 'Rue de la Fontaine'}, 'city': 'Villeurbanne', 'state': 'Haute-Marne', 'country': 'France', 'postcode': 56544, 'coordinates': {'latitude': '-16.4315', 'longitude': '-159.6771'}, 'timezone': {'offset': '+6:00', 'description': 'Almaty, Dhaka, Colombo'}}, 'email': 'thomas.robert@example.com', 'login': {'uuid': 'edc3af68-ecd8-4c78-b067-65fa867cb207', 'username': 'happykoala479', 'password': '20002000', 'salt': '4WYIXEHo', 'md5': '1e41bb60345cfbc6d27ac7a9283c7f63', 'sha1': '5c28084b87e92faa98570145657d53d8efd48a4c', 'sha256': '275b9b02bb61bedd042a60095c971fbaa3377a01ee69d596e47e22fdd8c3bfff'}, 'dob': {'date': '1962-09-11T07:34:41.299Z', 'age': 61}, 'registered': {'date': '2021-11-17T08:16:18.944Z', 'age': 2}, 'phone': '03-34-77-10-43', 'cell': '06-40-83-18-15', 'id': {'name': 'INSEE', 'value': '1620809283835 82'}, 'picture': {'large': 'https://randomuser.me/api/portraits/men/63.jpg', 'medium': 'https://randomuser.me/api/portraits/med/men/63.jpg', 'thumbnail': 'https://randomuser.me/api/portraits/thumb/men/63.jpg'}, 'nat': 'FR'}</msg>
<arg>${json_data['results'][0]}</arg>
<doc>Logs the given message with the given level.</doc>
<status status="PASS" start="2024-04-19T03:15:32.748726" elapsed="0.000422"/>
</kw>
<kw name="Log" owner="BuiltIn">
<msg time="2024-04-19T03:15:32.749568" level="INFO">location</msg>
<arg>${key}</arg>
<doc>Logs the given message with the given level.</doc>
<status status="PASS" start="2024-04-19T03:15:32.749442" elapsed="0.000164"/>
</kw>
<var name="${key}">location</var>
<status status="PASS" start="2024-04-19T03:15:32.747795" elapsed="0.002026"/>
</iter>
<iter>
<kw name="Dictionary Should Contain Key" owner="Collections">
<msg time="2024-04-19T03:15:32.750492" level="INFO">False</msg>
<arg>${json_data['results'][0]}</arg>
<arg>${key}</arg>
<doc>Fails if ``key`` is not found from ``dictionary``.</doc>
<status status="PASS" start="2024-04-19T03:15:32.750106" elapsed="0.000424"/>
</kw>
<kw name="Log" owner="BuiltIn">
<msg time="2024-04-19T03:15:32.751189" level="INFO">{'gender': 'male', 'name': {'title': 'Mr', 'first': 'Thomas', 'last': 'Robert'}, 'location': {'street': {'number': 2063, 'name': 'Rue de la Fontaine'}, 'city': 'Villeurbanne', 'state': 'Haute-Marne', 'country': 'France', 'postcode': 56544, 'coordinates': {'latitude': '-16.4315', 'longitude': '-159.6771'}, 'timezone': {'offset': '+6:00', 'description': 'Almaty, Dhaka, Colombo'}}, 'email': 'thomas.robert@example.com', 'login': {'uuid': 'edc3af68-ecd8-4c78-b067-65fa867cb207', 'username': 'happykoala479', 'password': '20002000', 'salt': '4WYIXEHo', 'md5': '1e41bb60345cfbc6d27ac7a9283c7f63', 'sha1': '5c28084b87e92faa98570145657d53d8efd48a4c', 'sha256': '275b9b02bb61bedd042a60095c971fbaa3377a01ee69d596e47e22fdd8c3bfff'}, 'dob': {'date': '1962-09-11T07:34:41.299Z', 'age': 61}, 'registered': {'date': '2021-11-17T08:16:18.944Z', 'age': 2}, 'phone': '03-34-77-10-43', 'cell': '06-40-83-18-15', 'id': {'name': 'INSEE', 'value': '1620809283835 82'}, 'picture': {'large': 'https://randomuser.me/api/portraits/men/63.jpg', 'medium': 'https://randomuser.me/api/portraits/med/men/63.jpg', 'thumbnail': 'https://randomuser.me/api/portraits/thumb/men/63.jpg'}, 'nat': 'FR'}</msg>
<arg>${json_data['results'][0]}</arg>
<doc>Logs the given message with the given level.</doc>
<status status="PASS" start="2024-04-19T03:15:32.750829" elapsed="0.000407"/>
</kw>
<kw name="Log" owner="BuiltIn">
<msg time="2024-04-19T03:15:32.751652" level="INFO">email</msg>
<arg>${key}</arg>
<doc>Logs the given message with the given level.</doc>
<status status="PASS" start="2024-04-19T03:15:32.751526" elapsed="0.000163"/>
</kw>
<var name="${key}">email</var>
<status status="PASS" start="2024-04-19T03:15:32.749995" elapsed="0.001905"/>
</iter>
<iter>
<kw name="Dictionary Should Contain Key" owner="Collections">
<msg time="2024-04-19T03:15:32.752608" level="INFO">False</msg>
<arg>${json_data['results'][0]}</arg>
<arg>${key}</arg>
<doc>Fails if ``key`` is not found from ``dictionary``.</doc>
<status status="PASS" start="2024-04-19T03:15:32.752223" elapsed="0.000421"/>
</kw>
<kw name="Log" owner="BuiltIn">
<msg time="2024-04-19T03:15:32.753312" level="INFO">{'gender': 'male', 'name': {'title': 'Mr', 'first': 'Thomas', 'last': 'Robert'}, 'location': {'street': {'number': 2063, 'name': 'Rue de la Fontaine'}, 'city': 'Villeurbanne', 'state': 'Haute-Marne', 'country': 'France', 'postcode': 56544, 'coordinates': {'latitude': '-16.4315', 'longitude': '-159.6771'}, 'timezone': {'offset': '+6:00', 'description': 'Almaty, Dhaka, Colombo'}}, 'email': 'thomas.robert@example.com', 'login': {'uuid': 'edc3af68-ecd8-4c78-b067-65fa867cb207', 'username': 'happykoala479', 'password': '20002000', 'salt': '4WYIXEHo', 'md5': '1e41bb60345cfbc6d27ac7a9283c7f63', 'sha1': '5c28084b87e92faa98570145657d53d8efd48a4c', 'sha256': '275b9b02bb61bedd042a60095c971fbaa3377a01ee69d596e47e22fdd8c3bfff'}, 'dob': {'date': '1962-09-11T07:34:41.299Z', 'age': 61}, 'registered': {'date': '2021-11-17T08:16:18.944Z', 'age': 2}, 'phone': '03-34-77-10-43', 'cell': '06-40-83-18-15', 'id': {'name': 'INSEE', 'value': '1620809283835 82'}, 'picture': {'large': 'https://randomuser.me/api/portraits/men/63.jpg', 'medium': 'https://randomuser.me/api/portraits/med/men/63.jpg', 'thumbnail': 'https://randomuser.me/api/portraits/thumb/men/63.jpg'}, 'nat': 'FR'}</msg>
<arg>${json_data['results'][0]}</arg>
<doc>Logs the given message with the given level.</doc>
<status status="PASS" start="2024-04-19T03:15:32.752947" elapsed="0.000411"/>
</kw>
<kw name="Log" owner="BuiltIn">
<msg time="2024-04-19T03:15:32.753775" level="INFO">login</msg>
<arg>${key}</arg>
<doc>Logs the given message with the given level.</doc>
<status status="PASS" start="2024-04-19T03:15:32.753647" elapsed="0.000166"/>
</kw>
<var name="${key}">login</var>
<status status="PASS" start="2024-04-19T03:15:32.752109" elapsed="0.001948"/>
</iter>
<var>${key}</var>
<value>@{expected_keys}</value>
<status status="PASS" start="2024-04-19T03:15:32.742980" elapsed="0.011203"/>
</for>
<kw name="Create List" owner="BuiltIn">
<msg time="2024-04-19T03:15:32.754513" level="INFO">${expected_keysTwo} = ['username', 'password']</msg>
<var>${expected_keysTwo}</var>
<arg>username</arg>
<arg>password</arg>
<doc>Returns a list containing given items.</doc>
<status status="PASS" start="2024-04-19T03:15:32.754377" elapsed="0.000160"/>
</kw>
<for flavor="IN">
<iter>
<kw name="Dictionary Should Contain Key" owner="Collections">
<msg time="2024-04-19T03:15:32.755430" level="INFO">False</msg>
<arg>${json_data['results'][0]['login']}</arg>
<arg>${keyTwo}</arg>
<doc>Fails if ``key`` is not found from ``dictionary``.</doc>
<status status="PASS" start="2024-04-19T03:15:32.755039" elapsed="0.000429"/>
</kw>
<kw name="Dictionary Should Contain Key" owner="Collections">
<msg time="2024-04-19T03:15:32.756184" level="INFO">False</msg>
<arg>${json_data['results'][0]['login']}</arg>
<arg>${keyTwo}</arg>
<doc>Fails if ``key`` is not found from ``dictionary``.</doc>
<status status="PASS" start="2024-04-19T03:15:32.755760" elapsed="0.000462"/>
</kw>
<kw name="Log" owner="BuiltIn">
<msg time="2024-04-19T03:15:32.756641" level="INFO">username</msg>
<arg>${keyTwo}</arg>
<doc>Logs the given message with the given level.</doc>
<status status="PASS" start="2024-04-19T03:15:32.756515" elapsed="0.000168"/>
</kw>
<var name="${keyTwo}">username</var>
<status status="PASS" start="2024-04-19T03:15:32.754924" elapsed="0.001972"/>
</iter>
<iter>
<kw name="Dictionary Should Contain Key" owner="Collections">
<msg time="2024-04-19T03:15:32.757645" level="INFO">False</msg>
<arg>${json_data['results'][0]['login']}</arg>
<arg>${keyTwo}</arg>
<doc>Fails if ``key`` is not found from ``dictionary``.</doc>
<status status="PASS" start="2024-04-19T03:15:32.757178" elapsed="0.000513"/>
</kw>
<kw name="Dictionary Should Contain Key" owner="Collections">
<msg time="2024-04-19T03:15:32.758365" level="INFO">False</msg>
<arg>${json_data['results'][0]['login']}</arg>
<arg>${keyTwo}</arg>
<doc>Fails if ``key`` is not found from ``dictionary``.</doc>
<status status="PASS" start="2024-04-19T03:15:32.757988" elapsed="0.000413"/>
</kw>
<kw name="Log" owner="BuiltIn">
<msg time="2024-04-19T03:15:32.758821" level="INFO">password</msg>
<arg>${keyTwo}</arg>
<doc>Logs the given message with the given level.</doc>
<status status="PASS" start="2024-04-19T03:15:32.758697" elapsed="0.000160"/>
</kw>
<var name="${keyTwo}">password</var>
<status status="PASS" start="2024-04-19T03:15:32.757068" elapsed="0.002005"/>
</iter>
<var>${keyTwo}</var>
<value>@{expected_keysTwo}</value>
<status status="PASS" start="2024-04-19T03:15:32.754772" elapsed="0.004423"/>
</for>
<status status="PASS" start="2024-04-19T03:15:32.652888" elapsed="0.106445"/>
</kw>
<doc>Testa a estrutura da resposta da API.</doc>
<tag>testeEstruturaResposta</tag>
<status status="PASS" start="2024-04-19T03:15:32.652295" elapsed="0.107184"/>
</test>
<test id="s1-s1-t4" name="Validar tipos de dados" line="28">
<kw name="Teste de Tipos de Dados" owner="random-user-service">
<kw name="GET On Session" owner="RequestsLibrary">
<msg time="2024-04-19T03:15:32.839153" level="INFO">GET Request : url=https://randomuser.me/api 
 path_url=/api 
 headers={'User-Agent': 'python-requests/2.31.0', 'Accept-Encoding': 'gzip, deflate', 'Accept': '*/*', 'Connection': 'keep-alive'} 
 body=None 
 </msg>
<msg time="2024-04-19T03:15:32.839237" level="INFO">GET Response : url=https://randomuser.me/api 
 status=200, reason=OK 
 headers={'Date': 'Fri, 19 Apr 2024 03:15:32 GMT', 'Content-Type': 'application/json; charset=utf-8', 'Transfer-Encoding': 'chunked', 'Connection': 'keep-alive', 'X-Powered-By': 'Express', 'Access-Control-Allow-Origin': '*', 'Cache-Control': 'no-cache', 'ETag': 'W/"486-ISiCuMW8eQ39GzfEHeEVoveAVLI"', 'Vary': 'Accept-Encoding', 'Content-Encoding': 'gzip', 'CF-Cache-Status': 'DYNAMIC', 'Report-To': '{"endpoints":[{"url":"https:\\/\\/a.nel.cloudflare.com\\/report\\/v4?s=fHRYBQC2heAzxp4RunQLCQ5RzbI9VXpwdvlPzJaz4B0HhiA%2FtRotsXJEFZ5gy0ee1fCq1opkqq9CQlr%2Fi5KUyuBjyEOVSjwHyHqxQmTxec%2F4L5AdqyunS9vvcZga88Tj"}],"group":"cf-nel","max_age":604800}', 'NEL': '{"success_fraction":0,"report_to":"cf-nel","max_age":604800}', 'Server': 'cloudflare', 'CF-RAY': '8769bb11cd982afa-ORD', 'alt-svc': 'h3=":443"; ma=86400'} 
 body={"results":[{"gender":"male","name":{"title":"Mr","first":"Danny","last":"Russell"},"location":{"street":{"number":7322,"name":"Central St"},"city":"Savannah","state":"Washington","country":"United States","postcode":95798,"coordinates":{"latitude":"81.5533","longitude":"-138.7307"},"timezone":{"offset":"+9:30","description":"Adelaide, Darwin"}},"email":"danny.russell@example.com","login":{"uuid":"3ceb1cef-4c44-4ad9-9453-48d935233293","username":"greenelephant328","password":"compaq1","salt":"sUssQ3Lg","md5":"85a7a9cf21721195c189c02e10dc7199","sha1":"f591024581595a1f1f7b1f28d4171f41cecb0285","sha256":"5b7056c17fea96cd6278433f62d51ee06acf60051c702ac7156fca4d3c851fa2"},"dob":{"date":"1976-05-08T03:17:22.858Z","age":47},"registered":{"date":"2018-12-23T09:29:15.921Z","age":5},"phone":"(331) 321-6260","cell":"(526) 863-8596","id":{"name":"SSN","value":"353-81-8821"},"picture":{"large":"https://randomuser.me/api/portraits/men/56.jpg","medium":"https://randomuser.me/api/portraits/med/men/56.jpg","thumbnail":"https://randomuser.me/api/portraits/thumb/men/56.jpg"},"nat":"US"}],"info":{"seed":"3b07d7d3ada5d577","results":1,"page":1,"version":"1.4"}} 
 </msg>
<msg time="2024-04-19T03:15:32.839309" level="INFO">/opt/hostedtoolcache/Python/3.12.3/x64/lib/python3.12/site-packages/urllib3/connectionpool.py:1103: InsecureRequestWarning: Unverified HTTPS request is being made to host 'randomuser.me'. Adding certificate verification is strongly advised. See: https://urllib3.readthedocs.io/en/latest/advanced-usage.html#tls-warnings
  warnings.warn(</msg>
<msg time="2024-04-19T03:15:32.839424" level="INFO">${response} = &lt;Response [200]&gt;</msg>
<var>${response}</var>
<arg>consultarAPI</arg>
<arg>/api</arg>
<doc>Sends a GET request on a previously created HTTP Session.</doc>
<status status="PASS" start="2024-04-19T03:15:32.761932" elapsed="0.077542"/>
</kw>
<kw name="Set Variable" owner="BuiltIn">
<msg time="2024-04-19T03:15:32.840447" level="INFO">${json_data} = {'results': [{'gender': 'male', 'name': {'title': 'Mr', 'first': 'Danny', 'last': 'Russell'}, 'location': {'street': {'number': 7322, 'name': 'Central St'}, 'city': 'Savannah', 'state': 'Washington', ...</msg>
<var>${json_data}</var>
<arg>${response.json()}</arg>
<doc>Returns the given values which can then be assigned to a variables.</doc>
<status status="PASS" start="2024-04-19T03:15:32.839956" elapsed="0.000520"/>
</kw>
<kw name="Log" owner="BuiltIn">
<msg time="2024-04-19T03:15:32.840931" level="INFO">{'results': [{'gender': 'male', 'name': {'title': 'Mr', 'first': 'Danny', 'last': 'Russell'}, 'location': {'street': {'number': 7322, 'name': 'Central St'}, 'city': 'Savannah', 'state': 'Washington', 'country': 'United States', 'postcode': 95798, 'coordinates': {'latitude': '81.5533', 'longitude': '-138.7307'}, 'timezone': {'offset': '+9:30', 'description': 'Adelaide, Darwin'}}, 'email': 'danny.russell@example.com', 'login': {'uuid': '3ceb1cef-4c44-4ad9-9453-48d935233293', 'username': 'greenelephant328', 'password': 'compaq1', 'salt': 'sUssQ3Lg', 'md5': '85a7a9cf21721195c189c02e10dc7199', 'sha1': 'f591024581595a1f1f7b1f28d4171f41cecb0285', 'sha256': '5b7056c17fea96cd6278433f62d51ee06acf60051c702ac7156fca4d3c851fa2'}, 'dob': {'date': '1976-05-08T03:17:22.858Z', 'age': 47}, 'registered': {'date': '2018-12-23T09:29:15.921Z', 'age': 5}, 'phone': '(331) 321-6260', 'cell': '(526) 863-8596', 'id': {'name': 'SSN', 'value': '353-81-8821'}, 'picture': {'large': 'https://randomuser.me/api/portraits/men/56.jpg', 'medium': 'https://randomuser.me/api/portraits/med/men/56.jpg', 'thumbnail': 'https://randomuser.me/api/portraits/thumb/men/56.jpg'}, 'nat': 'US'}], 'info': {'seed': '3b07d7d3ada5d577', 'results': 1, 'page': 1, 'version': '1.4'}}</msg>
<arg>${json_data}</arg>
<doc>Logs the given message with the given level.</doc>
<status status="PASS" start="2024-04-19T03:15:32.840780" elapsed="0.000229"/>
</kw>
<kw name="Should Be String" owner="String">
<arg>${json_data['results'][0]['gender']}</arg>
<doc>Fails if the given ``item`` is not a string.</doc>
<status status="PASS" start="2024-04-19T03:15:32.841308" elapsed="0.000353"/>
</kw>
<kw name="Should Match Regexp" owner="BuiltIn">
<arg>${json_data['results'][0]['email']}</arg>
<arg>^[a-zA-Z0-9._%+-]+@[a-zA-Z0-9.-]+\.[a-zA-Z]{2,}$</arg>
<doc>Fails if ``string`` does not match ``pattern`` as a regular expression.</doc>
<status status="PASS" start="2024-04-19T03:15:32.841854" elapsed="0.000509"/>
</kw>
<kw name="Should Match Regexp" owner="BuiltIn">
<arg>${json_data['results'][0]['dob']['date']}</arg>
<arg>\\d{4}-\\d{2}-\\d{2}T\\d{2}:\\d{2}:\\d{2}\\.\\d{3}Z</arg>
<doc>Fails if ``string`` does not match ``pattern`` as a regular expression.</doc>
<status status="PASS" start="2024-04-19T03:15:32.842556" elapsed="0.000484"/>
</kw>
<kw name="Should Match Regexp" owner="BuiltIn">
<arg>${json_data['results'][0]['registered']['date']}</arg>
<arg>\\d{4}-\\d{2}-\\d{2}T\\d{2}:\\d{2}:\\d{2}\\.\\d{3}Z</arg>
<doc>Fails if ``string`` does not match ``pattern`` as a regular expression.</doc>
<status status="PASS" start="2024-04-19T03:15:32.843233" elapsed="0.000367"/>
</kw>
<kw name="Should Match Regexp" owner="BuiltIn">
<arg>${json_data['results'][0]['picture']['large']}</arg>
<arg>^https?://.*\.(?:png|jpe?g|gif|bmp)$</arg>
<doc>Fails if ``string`` does not match ``pattern`` as a regular expression.</doc>
<status status="PASS" start="2024-04-19T03:15:32.843792" elapsed="0.000509"/>
</kw>
<kw name="Should Match Regexp" owner="BuiltIn">
<arg>${json_data['results'][0]['picture']['medium']}</arg>
<arg>^https?://.*\.(?:png|jpe?g|gif|bmp)$</arg>
<doc>Fails if ``string`` does not match ``pattern`` as a regular expression.</doc>
<status status="PASS" start="2024-04-19T03:15:32.844494" elapsed="0.000361"/>
</kw>
<kw name="Should Match Regexp" owner="BuiltIn">
<arg>${json_data['results'][0]['picture']['thumbnail']}</arg>
<arg>^https?://.*\.(?:png|jpe?g|gif|bmp)$</arg>
<doc>Fails if ``string`` does not match ``pattern`` as a regular expression.</doc>
<status status="PASS" start="2024-04-19T03:15:32.845044" elapsed="0.000348"/>
</kw>
<kw name="Log" owner="BuiltIn">
<msg time="2024-04-19T03:15:32.845894" level="INFO">{'large': 'https://randomuser.me/api/portraits/men/56.jpg', 'medium': 'https://randomuser.me/api/portraits/med/men/56.jpg', 'thumbnail': 'https://randomuser.me/api/portraits/thumb/men/56.jpg'}</msg>
<arg>${json_data['results'][0]['picture']}</arg>
<doc>Logs the given message with the given level.</doc>
<status status="PASS" start="2024-04-19T03:15:32.845574" elapsed="0.000362"/>
</kw>
<status status="PASS" start="2024-04-19T03:15:32.761709" elapsed="0.084479"/>
</kw>
<kw name="Teste de Tipos de Dados - Postcode" owner="random-user-service">
<kw name="GET On Session" owner="RequestsLibrary">
<msg time="2024-04-19T03:15:32.940908" level="INFO">GET Request : url=https://randomuser.me/api 
 path_url=/api 
 headers={'User-Agent': 'python-requests/2.31.0', 'Accept-Encoding': 'gzip, deflate', 'Accept': '*/*', 'Connection': 'keep-alive'} 
 body=None 
 </msg>
<msg time="2024-04-19T03:15:32.940992" level="INFO">GET Response : url=https://randomuser.me/api 
 status=200, reason=OK 
 headers={'Date': 'Fri, 19 Apr 2024 03:15:32 GMT', 'Content-Type': 'application/json; charset=utf-8', 'Transfer-Encoding': 'chunked', 'Connection': 'keep-alive', 'X-Powered-By': 'Express', 'Access-Control-Allow-Origin': '*', 'Cache-Control': 'no-cache', 'ETag': 'W/"478-BFmTCYtKuCjqg0XYkxcqMYZW5nk"', 'Vary': 'Accept-Encoding', 'Content-Encoding': 'gzip', 'CF-Cache-Status': 'DYNAMIC', 'Report-To': '{"endpoints":[{"url":"https:\\/\\/a.nel.cloudflare.com\\/report\\/v4?s=z3fTxEdlf30zyWyQeIzbz8Zbeuv1YGjVZcTiDPJqFPdaB4VaugcLHjOg3JA0SQw2%2B%2F7KMCeL6oTh93wN34vPzQEBEfYZn4rgir0ejcVt9O4giqdvqc6RRh%2FHADvws0nE"}],"group":"cf-nel","max_age":604800}', 'NEL': '{"success_fraction":0,"report_to":"cf-nel","max_age":604800}', 'Server': 'cloudflare', 'CF-RAY': '8769bb124e192afa-ORD', 'alt-svc': 'h3=":443"; ma=86400'} 
 body={"results":[{"gender":"male","name":{"title":"Mr","first":"Arttu","last":"Wiitala"},"location":{"street":{"number":3514,"name":"Tahmelantie"},"city":"Espoo","state":"Finland Proper","country":"Finland","postcode":65582,"coordinates":{"latitude":"-22.6738","longitude":"-174.2348"},"timezone":{"offset":"-10:00","description":"Hawaii"}},"email":"arttu.wiitala@example.com","login":{"uuid":"1f15d019-e47e-4c61-b584-772ae24c4c33","username":"lazyfish527","password":"fishman","salt":"4rB6VAgE","md5":"548a5e9191c32340478ea36b037436e7","sha1":"b632a68c7ae0fcb19de1aebd12439306fe6f776d","sha256":"c3b60e3bb5e98bab9bdcac70d05d516ce16041a88ce2379931b64c5c896fbf5e"},"dob":{"date":"1970-12-01T18:37:50.052Z","age":53},"registered":{"date":"2005-07-05T07:18:49.913Z","age":18},"phone":"09-128-271","cell":"042-197-04-97","id":{"name":"HETU","value":"NaNNA079undefined"},"picture":{"large":"https://randomuser.me/api/portraits/men/63.jpg","medium":"https://randomuser.me/api/portraits/med/men/63.jpg","thumbnail":"https://randomuser.me/api/portraits/thumb/men/63.jpg"},"nat":"FI"}],"info":{"seed":"8f154ba0512e1904","results":1,"page":1,"version":"1.4"}} 
 </msg>
<msg time="2024-04-19T03:15:32.941068" level="INFO">/opt/hostedtoolcache/Python/3.12.3/x64/lib/python3.12/site-packages/urllib3/connectionpool.py:1103: InsecureRequestWarning: Unverified HTTPS request is being made to host 'randomuser.me'. Adding certificate verification is strongly advised. See: https://urllib3.readthedocs.io/en/latest/advanced-usage.html#tls-warnings
  warnings.warn(</msg>
<msg time="2024-04-19T03:15:32.941192" level="INFO">${response} = &lt;Response [200]&gt;</msg>
<var>${response}</var>
<arg>consultarAPI</arg>
<arg>/api</arg>
<doc>Sends a GET request on a previously created HTTP Session.</doc>
<status status="PASS" start="2024-04-19T03:15:32.846626" elapsed="0.094594"/>
</kw>
<kw name="Set Variable" owner="BuiltIn">
<msg time="2024-04-19T03:15:32.942069" level="INFO">${json_data} = {'results': [{'gender': 'male', 'name': {'title': 'Mr', 'first': 'Arttu', 'last': 'Wiitala'}, 'location': {'street': {'number': 3514, 'name': 'Tahmelantie'}, 'city': 'Espoo', 'state': 'Finland Proper'...</msg>
<var>${json_data}</var>
<arg>${response.json()}</arg>
<doc>Returns the given values which can then be assigned to a variables.</doc>
<status status="PASS" start="2024-04-19T03:15:32.941601" elapsed="0.000497"/>
</kw>
<kw name="Log" owner="BuiltIn">
<msg time="2024-04-19T03:15:32.942574" level="INFO">{'results': [{'gender': 'male', 'name': {'title': 'Mr', 'first': 'Arttu', 'last': 'Wiitala'}, 'location': {'street': {'number': 3514, 'name': 'Tahmelantie'}, 'city': 'Espoo', 'state': 'Finland Proper', 'country': 'Finland', 'postcode': 65582, 'coordinates': {'latitude': '-22.6738', 'longitude': '-174.2348'}, 'timezone': {'offset': '-10:00', 'description': 'Hawaii'}}, 'email': 'arttu.wiitala@example.com', 'login': {'uuid': '1f15d019-e47e-4c61-b584-772ae24c4c33', 'username': 'lazyfish527', 'password': 'fishman', 'salt': '4rB6VAgE', 'md5': '548a5e9191c32340478ea36b037436e7', 'sha1': 'b632a68c7ae0fcb19de1aebd12439306fe6f776d', 'sha256': 'c3b60e3bb5e98bab9bdcac70d05d516ce16041a88ce2379931b64c5c896fbf5e'}, 'dob': {'date': '1970-12-01T18:37:50.052Z', 'age': 53}, 'registered': {'date': '2005-07-05T07:18:49.913Z', 'age': 18}, 'phone': '09-128-271', 'cell': '042-197-04-97', 'id': {'name': 'HETU', 'value': 'NaNNA079undefined'}, 'picture': {'large': 'https://randomuser.me/api/portraits/men/63.jpg', 'medium': 'https://randomuser.me/api/portraits/med/men/63.jpg', 'thumbnail': 'https://randomuser.me/api/portraits/thumb/men/63.jpg'}, 'nat': 'FI'}], 'info': {'seed': '8f154ba0512e1904', 'results': 1, 'page': 1, 'version': '1.4'}}</msg>
<arg>${json_data}</arg>
<doc>Logs the given message with the given level.</doc>
<status status="PASS" start="2024-04-19T03:15:32.942416" elapsed="0.000235"/>
</kw>
<kw name="Should Be Equal As Numbers" owner="BuiltIn">
<arg>${json_data['results'][0]['location']['postcode']}</arg>
<arg>${json_data['results'][0]['location']['postcode']}</arg>
<doc>Fails if objects are unequal after converting them to real numbers.</doc>
<status status="PASS" start="2024-04-19T03:15:32.943083" elapsed="0.000626"/>
</kw>
<kw name="Log" owner="BuiltIn">
<msg time="2024-04-19T03:15:32.944295" level="INFO">65582</msg>
<arg>${json_data['results'][0]['location']['postcode']}</arg>
<doc>Logs the given message with the given level.</doc>
<status status="PASS" start="2024-04-19T03:15:32.943906" elapsed="0.000432"/>
</kw>
<status status="PASS" start="2024-04-19T03:15:32.846399" elapsed="0.098198"/>
</kw>
<doc>Testa se os tipos de dados na resposta da API estão corretos.</doc>
<tag>testeTiposDados</tag>
<status status="PASS" start="2024-04-19T03:15:32.761280" elapsed="0.183479"/>
</test>
<test id="s1-s1-t5" name="Validar conteudo" line="35">
<kw name="Teste de Tipos de Conteudo" owner="random-user-service">
<kw name="GET On Session" owner="RequestsLibrary">
<msg time="2024-04-19T03:15:33.050907" level="INFO">GET Request : url=https://randomuser.me/api 
 path_url=/api 
 headers={'User-Agent': 'python-requests/2.31.0', 'Accept-Encoding': 'gzip, deflate', 'Accept': '*/*', 'Connection': 'keep-alive'} 
 body=None 
 </msg>
<msg time="2024-04-19T03:15:33.050991" level="INFO">GET Response : url=https://randomuser.me/api 
 status=200, reason=OK 
 headers={'Date': 'Fri, 19 Apr 2024 03:15:33 GMT', 'Content-Type': 'application/json; charset=utf-8', 'Transfer-Encoding': 'chunked', 'Connection': 'keep-alive', 'X-Powered-By': 'Express', 'Access-Control-Allow-Origin': '*', 'Cache-Control': 'no-cache', 'ETag': 'W/"488-+WG9ru0/I7nrwzG8OKRO5qT+7y4"', 'Vary': 'Accept-Encoding', 'Content-Encoding': 'gzip', 'CF-Cache-Status': 'DYNAMIC', 'Report-To': '{"endpoints":[{"url":"https:\\/\\/a.nel.cloudflare.com\\/report\\/v4?s=9DCI1wY5D9L1xEonZi2MIsTzkX1N1gvNcngonyj7eMRfCzCgzrj%2BWFoIbHHDSjKD3eHNmGr6OqDb4elVd0RXgktA9pmjhC%2BgvuqbnhHtxU2MfCqfl5At48WZq9WcO4V5"}],"group":"cf-nel","max_age":604800}', 'NEL': '{"success_fraction":0,"report_to":"cf-nel","max_age":604800}', 'Server': 'cloudflare', 'CF-RAY': '8769bb12eeb92afa-ORD', 'alt-svc': 'h3=":443"; ma=86400'} 
 body={"results":[{"gender":"female","name":{"title":"Ms","first":"Lola","last":"Parker"},"location":{"street":{"number":9723,"name":"New Road"},"city":"Kinsale","state":"Westmeath","country":"Ireland","postcode":37141,"coordinates":{"latitude":"-2.5324","longitude":"128.4236"},"timezone":{"offset":"+8:00","description":"Beijing, Perth, Singapore, Hong Kong"}},"email":"lola.parker@example.com","login":{"uuid":"abadf78e-410e-4cc2-aa45-449e43e79720","username":"greenfish363","password":"denmark","salt":"fc4XXikN","md5":"52b8ca6d3d31cfc9a1480fce53e760f8","sha1":"6014f2db800595c9b90371517c313bb5935b0066","sha256":"b609c565856a9cc8120920a2e86c45b301038621d1132884528e71f63448a47e"},"dob":{"date":"1977-05-26T21:38:32.716Z","age":46},"registered":{"date":"2020-02-22T18:21:14.970Z","age":4},"phone":"021-946-4106","cell":"081-406-2359","id":{"name":"PPS","value":"1983774T"},"picture":{"large":"https://randomuser.me/api/portraits/women/26.jpg","medium":"https://randomuser.me/api/portraits/med/women/26.jpg","thumbnail":"https://randomuser.me/api/portraits/thumb/women/26.jpg"},"nat":"IE"}],"info":{"seed":"46611c2fadeef648","results":1,"page":1,"version":"1.4"}} 
 </msg>
<msg time="2024-04-19T03:15:33.051064" level="INFO">/opt/hostedtoolcache/Python/3.12.3/x64/lib/python3.12/site-packages/urllib3/connectionpool.py:1103: InsecureRequestWarning: Unverified HTTPS request is being made to host 'randomuser.me'. Adding certificate verification is strongly advised. See: https://urllib3.readthedocs.io/en/latest/advanced-usage.html#tls-warnings
  warnings.warn(</msg>
<msg time="2024-04-19T03:15:33.051177" level="INFO">${response} = &lt;Response [200]&gt;</msg>
<var>${response}</var>
<arg>consultarAPI</arg>
<arg>/api</arg>
<doc>Sends a GET request on a previously created HTTP Session.</doc>
<status status="PASS" start="2024-04-19T03:15:32.947177" elapsed="0.104055"/>
</kw>
<kw name="Set Variable" owner="BuiltIn">
<msg time="2024-04-19T03:15:33.052294" level="INFO">${json_data} = {'results': [{'gender': 'female', 'name': {'title': 'Ms', 'first': 'Lola', 'last': 'Parker'}, 'location': {'street': {'number': 9723, 'name': 'New Road'}, 'city': 'Kinsale', 'state': 'Westmeath', 'cou...</msg>
<var>${json_data}</var>
<arg>${response.json()}</arg>
<doc>Returns the given values which can then be assigned to a variables.</doc>
<status status="PASS" start="2024-04-19T03:15:33.051708" elapsed="0.000615"/>
</kw>
<kw name="Set Variable" owner="BuiltIn">
<msg time="2024-04-19T03:15:33.053025" level="INFO">${name_title} = Ms</msg>
<var>${name_title}</var>
<arg>${json_data["results"][0]["name"]["title"]}</arg>
<doc>Returns the given values which can then be assigned to a variables.</doc>
<status status="PASS" start="2024-04-19T03:15:33.052634" elapsed="0.000417"/>
</kw>
<kw name="Create List" owner="BuiltIn">
<msg time="2024-04-19T03:15:33.053502" level="INFO">${allowed_titles} = ['Mr', 'Ms', 'Miss', 'Mrs', 'Madame', 'Monsieur']</msg>
<var>${allowed_titles}</var>
<arg>Mr</arg>
<arg>Ms</arg>
<arg>Miss</arg>
<arg>Mrs</arg>
<arg>Madame</arg>
<arg>Monsieur</arg>
<doc>Returns a list containing given items.</doc>
<status status="PASS" start="2024-04-19T03:15:33.053353" elapsed="0.000174"/>
</kw>
<kw name="List Should Contain Value" owner="Collections">
<msg time="2024-04-19T03:15:33.053996" level="INFO">False</msg>
<arg>${allowed_titles}</arg>
<arg>${name_title}</arg>
<doc>Fails if the ``value`` is not found from ``list``.</doc>
<status status="PASS" start="2024-04-19T03:15:33.053827" elapsed="0.000206"/>
</kw>
<kw name="Set Variable" owner="BuiltIn">
<msg time="2024-04-19T03:15:33.054707" level="INFO">${name_country} = IE</msg>
<var>${name_country}</var>
<arg>${json_data["results"][0]["nat"]}</arg>
<doc>Returns the given values which can then be assigned to a variables.</doc>
<status status="PASS" start="2024-04-19T03:15:33.054322" elapsed="0.000411"/>
</kw>
<kw name="Create List" owner="BuiltIn">
<msg time="2024-04-19T03:15:33.055619" level="INFO">${list_country} = ['AD', 'AE', 'AF', 'AG', 'AI', 'AL', 'AM', 'AO', 'AQ', 'AR', 'AS', 'AT', 'AU', 'AW', 'AX', 'AZ', 'BA', 'BB', 'BD', 'BE', 'BF', 'BG', 'BH', 'BI', 'BJ', 'BL', 'BM', 'BN', 'BO', 'BQ', 'BR', 'BS', 'BT', '...</msg>
<var>${list_country}</var>
<arg>AD</arg>
<arg>AE</arg>
<arg>AF</arg>
<arg>AG</arg>
<arg>AI</arg>
<arg>AL</arg>
<arg>AM</arg>
<arg>AO</arg>
<arg>AQ</arg>
<arg>AR</arg>
<arg>AS</arg>
<arg>AT</arg>
<arg>AU</arg>
<arg>AW</arg>
<arg>AX</arg>
<arg>AZ</arg>
<arg>BA</arg>
<arg>BB</arg>
<arg>BD</arg>
<arg>BE</arg>
<arg>BF</arg>
<arg>BG</arg>
<arg>BH</arg>
<arg>BI</arg>
<arg>BJ</arg>
<arg>BL</arg>
<arg>BM</arg>
<arg>BN</arg>
<arg>BO</arg>
<arg>BQ</arg>
<arg>BR</arg>
<arg>BS</arg>
<arg>BT</arg>
<arg>BV</arg>
<arg>BW</arg>
<arg>BY</arg>
<arg>BZ</arg>
<arg>CA</arg>
<arg>CC</arg>
<arg>CD</arg>
<arg>CF</arg>
<arg>CG</arg>
<arg>CH</arg>
<arg>CI</arg>
<arg>CK</arg>
<arg>CL</arg>
<arg>CM</arg>
<arg>CN</arg>
<arg>CO</arg>
<arg>CR</arg>
<arg>CU</arg>
<arg>CV</arg>
<arg>CW</arg>
<arg>CX</arg>
<arg>CY</arg>
<arg>CZ</arg>
<arg>DE</arg>
<arg>DJ</arg>
<arg>DK</arg>
<arg>DM</arg>
<arg>DO</arg>
<arg>DZ</arg>
<arg>EC</arg>
<arg>EE</arg>
<arg>EG</arg>
<arg>EH</arg>
<arg>ER</arg>
<arg>ES</arg>
<arg>ET</arg>
<arg>FI</arg>
<arg>FJ</arg>
<arg>FK</arg>
<arg>FM</arg>
<arg>FO</arg>
<arg>FR</arg>
<arg>GA</arg>
<arg>GB</arg>
<arg>GD</arg>
<arg>GE</arg>
<arg>GF</arg>
<arg>GG</arg>
<arg>GH</arg>
<arg>GI</arg>
<arg>GL</arg>
<arg>GM</arg>
<arg>GN</arg>
<arg>GP</arg>
<arg>GQ</arg>
<arg>GR</arg>
<arg>GS</arg>
<arg>GT</arg>
<arg>GU</arg>
<arg>GW</arg>
<arg>GY</arg>
<arg>HK</arg>
<arg>HM</arg>
<arg>HN</arg>
<arg>HR</arg>
<arg>HT</arg>
<arg>HU</arg>
<arg>ID</arg>
<arg>IE</arg>
<arg>IL</arg>
<arg>IM</arg>
<arg>IN</arg>
<arg>IO</arg>
<arg>IQ</arg>
<arg>IR</arg>
<arg>IS</arg>
<arg>IT</arg>
<arg>JE</arg>
<arg>JM</arg>
<arg>JO</arg>
<arg>JP</arg>
<arg>KE</arg>
<arg>KG</arg>
<arg>KH</arg>
<arg>KI</arg>
<arg>KM</arg>
<arg>KN</arg>
<arg>KP</arg>
<arg>KR</arg>
<arg>KW</arg>
<arg>KY</arg>
<arg>KZ</arg>
<arg>LA</arg>
<arg>LB</arg>
<arg>LC</arg>
<arg>LI</arg>
<arg>LK</arg>
<arg>LR</arg>
<arg>LS</arg>
<arg>LT</arg>
<arg>LU</arg>
<arg>LV</arg>
<arg>LY</arg>
<arg>MA</arg>
<arg>MC</arg>
<arg>MD</arg>
<arg>ME</arg>
<arg>MF</arg>
<arg>MG</arg>
<arg>MH</arg>
<arg>MK</arg>
<arg>ML</arg>
<arg>MM</arg>
<arg>MN</arg>
<arg>MO</arg>
<arg>MP</arg>
<arg>MQ</arg>
<arg>MR</arg>
<arg>MS</arg>
<arg>MT</arg>
<arg>MU</arg>
<arg>MV</arg>
<arg>MW</arg>
<arg>MX</arg>
<arg>MY</arg>
<arg>MZ</arg>
<arg>NA</arg>
<arg>NC</arg>
<arg>NE</arg>
<arg>NF</arg>
<arg>NG</arg>
<arg>NI</arg>
<arg>NL</arg>
<arg>NO</arg>
<arg>NP</arg>
<arg>NR</arg>
<arg>NU</arg>
<arg>NZ</arg>
<arg>OM</arg>
<arg>PA</arg>
<arg>PE</arg>
<arg>PF</arg>
<arg>PG</arg>
<arg>PH</arg>
<arg>PK</arg>
<arg>PL</arg>
<arg>PM</arg>
<arg>PN</arg>
<arg>PR</arg>
<arg>PS</arg>
<arg>PT</arg>
<arg>PW</arg>
<arg>PY</arg>
<arg>QA</arg>
<arg>RE</arg>
<arg>RO</arg>
<arg>RS</arg>
<arg>RU</arg>
<arg>RW</arg>
<arg>SA</arg>
<arg>SB</arg>
<arg>SC</arg>
<arg>SD</arg>
<arg>SE</arg>
<arg>SG</arg>
<arg>SH</arg>
<arg>SI</arg>
<arg>SJ</arg>
<arg>SK</arg>
<arg>SL</arg>
<arg>SM</arg>
<arg>SN</arg>
<arg>SO</arg>
<arg>SR</arg>
<arg>SS</arg>
<arg>ST</arg>
<arg>SV</arg>
<arg>SX</arg>
<arg>SY</arg>
<arg>SZ</arg>
<arg>TC</arg>
<arg>TD</arg>
<arg>TF</arg>
<arg>TG</arg>
<arg>TH</arg>
<arg>TJ</arg>
<arg>TK</arg>
<arg>TL</arg>
<arg>TM</arg>
<arg>TN</arg>
<arg>TO</arg>
<arg>TR</arg>
<arg>TT</arg>
<arg>TV</arg>
<arg>TW</arg>
<arg>TZ</arg>
<arg>UA</arg>
<arg>UG</arg>
<arg>UM</arg>
<arg>US</arg>
<arg>UY</arg>
<arg>UZ</arg>
<arg>VA</arg>
<arg>VC</arg>
<arg>VE</arg>
<arg>VG</arg>
<arg>VI</arg>
<arg>VN</arg>
<arg>VU</arg>
<arg>WF</arg>
<arg>WS</arg>
<arg>XK</arg>
<arg>YE</arg>
<arg>YT</arg>
<arg>ZA</arg>
<arg>ZM</arg>
<arg>ZW</arg>
<doc>Returns a list containing given items.</doc>
<status status="PASS" start="2024-04-19T03:15:33.055036" elapsed="0.000609"/>
</kw>
<kw name="List Should Contain Value" owner="Collections">
<msg time="2024-04-19T03:15:33.056683" level="INFO">False</msg>
<arg>${list_country}</arg>
<arg>${name_country}</arg>
<doc>Fails if the ``value`` is not found from ``list``.</doc>
<status status="PASS" start="2024-04-19T03:15:33.056480" elapsed="0.000240"/>
</kw>
<kw name="Run Keyword If" owner="BuiltIn">
<kw name="Should Be True" owner="BuiltIn">
<arg>${True}</arg>
<doc>Fails if the given condition is not true.</doc>
<status status="PASS" start="2024-04-19T03:15:33.057797" elapsed="0.000246"/>
</kw>
<arg>${json_data["results"][0]["location"]["coordinates"]["latitude"]} &gt;= -90 and ${json_data["results"][0]["location"]["coordinates"]["latitude"]} &lt;= 90</arg>
<arg>Should Be True</arg>
<arg>${True}</arg>
<doc>Runs the given keyword with the given arguments, if ``condition`` is true.</doc>
<status status="PASS" start="2024-04-19T03:15:33.057036" elapsed="0.001142"/>
</kw>
<kw name="Run Keyword If" owner="BuiltIn">
<kw name="Should Be True" owner="BuiltIn">
<arg>${True}</arg>
<doc>Fails if the given condition is not true.</doc>
<status status="PASS" start="2024-04-19T03:15:33.059079" elapsed="0.000141"/>
</kw>
<arg>${json_data["results"][0]["location"]["coordinates"]["longitude"]} &gt;= -180 and ${json_data["results"][0]["location"]["coordinates"]["longitude"]} &lt;= 180</arg>
<arg>Should Be True</arg>
<arg>${True}</arg>
<doc>Runs the given keyword with the given arguments, if ``condition`` is true.</doc>
<status status="PASS" start="2024-04-19T03:15:33.058368" elapsed="0.000980"/>
</kw>
<status status="PASS" start="2024-04-19T03:15:32.946953" elapsed="0.112529"/>
</kw>
<doc>Testa o conteúdo específico dos campos retornados pela API.</doc>
<tag>testeConteudo</tag>
<status status="PASS" start="2024-04-19T03:15:32.946540" elapsed="0.113088"/>
</test>
<status status="PASS" start="2024-04-19T03:15:32.155257" elapsed="0.906337"/>
</suite>
<status status="PASS" start="2024-04-19T03:15:32.142014" elapsed="0.924651"/>
</suite>
<statistics>
<total>
<stat pass="5" fail="0" skip="0">All Tests</stat>
</total>
<tag>
<stat pass="1" fail="0" skip="0">testeConteudo</stat>
<stat pass="1" fail="0" skip="0">testeEstruturaResposta</stat>
<stat pass="1" fail="0" skip="0">testeRequisicaoBasica</stat>
<stat pass="1" fail="0" skip="0">testeTiposDados</stat>
</tag>
<suite>
<stat pass="5" fail="0" skip="0" id="s1" name="Tests">Tests</stat>
<stat pass="5" fail="0" skip="0" id="s1-s1" name="Random-User-Test">Tests.Random-User-Test</stat>
</suite>
</statistics>
<errors>
</errors>
</robot>
