<?xml version="1.0" encoding="UTF-8"?>
<robot generator="Robot 7.0.1 (Python 3.12.4 on linux)" generated="2024-08-08T13:18:45.560855" rpa="false" schemaversion="5">
<suite id="s1" name="Tests" source="/home/runner/work/ApiRandomUser/ApiRandomUser/RamdonUser/tests">
<suite id="s1-s1" name="Random-User-Test" source="/home/runner/work/ApiRandomUser/ApiRandomUser/RamdonUser/tests/random-user-test.robot">
<test id="s1-s1-t1" name="Conectar" line="13">
<kw name="Conectar API" owner="random-user-service">
<kw name="Create Session" owner="RequestsLibrary">
<msg time="2024-08-08T13:18:45.988534" level="INFO">Creating Session using : alias=consultarAPI, url=https://randomuser.me/, headers={},                     cookies={}, auth=None, timeout=None, proxies=None, verify=False,                     debug=0 </msg>
<arg>consultarAPI</arg>
<arg>${URL}</arg>
<doc>Create Session: create a HTTP session to a server</doc>
<status status="PASS" start="2024-08-08T13:18:45.988336" elapsed="0.000376"/>
</kw>
<status status="PASS" start="2024-08-08T13:18:45.987299" elapsed="0.001775"/>
</kw>
<status status="PASS" start="2024-08-08T13:18:45.986727" elapsed="0.002540"/>
</test>
<test id="s1-s1-t2" name="Validar retorno 200 e JSON Válido" line="16">
<kw name="Teste de Requisicao Basica" owner="random-user-service">
<kw name="GET On Session" owner="RequestsLibrary">
<msg time="2024-08-08T13:18:54.843991" level="INFO">GET Request : url=https://randomuser.me/api 
 path_url=/api 
 headers={'User-Agent': 'python-requests/2.32.3', 'Accept-Encoding': 'gzip, deflate', 'Accept': '*/*', 'Connection': 'keep-alive'} 
 body=None 
 </msg>
<msg time="2024-08-08T13:18:54.844147" level="INFO">GET Response : url=https://randomuser.me/api 
 status=200, reason=OK 
 headers={'Date': 'Thu, 08 Aug 2024 13:18:54 GMT', 'Content-Type': 'application/json; charset=utf-8', 'Transfer-Encoding': 'chunked', 'Connection': 'keep-alive', 'X-Powered-By': 'Express', 'Access-Control-Allow-Origin': '*', 'Cache-Control': 'no-cache', 'ETag': 'W/"489-ewtncFgveYPCMm2Etd+KNl26HNE"', 'Vary': 'Accept-Encoding', 'Content-Encoding': 'gzip', 'CF-Cache-Status': 'DYNAMIC', 'Report-To': '{"endpoints":[{"url":"https:\\/\\/a.nel.cloudflare.com\\/report\\/v4?s=aTcL4oSGmIiujUw%2Br5EHjkkjJSolHePhfEBHc4pNyl3GhwSouu9NSM1hhnh8zcCLK0Op%2F400U%2Fh65nwCTfbQZ2S3hesrY54P5sNxTI98Ammnyq0kU57Bgp8zmWsCx%2F2g"}],"group":"cf-nel","max_age":604800}', 'NEL': '{"success_fraction":0,"report_to":"cf-nel","max_age":604800}', 'Server': 'cloudflare', 'CF-RAY': '8affcb529ec78f14-IAD', 'alt-svc': 'h3=":443"; ma=86400'} 
 body={"results":[{"gender":"female","name":{"title":"Mrs","first":"Sam","last":"Ferguson"},"location":{"street":{"number":8140,"name":"Mill Road"},"city":"Chichester","state":"Lothian","country":"United Kingdom","postcode":"AD38 8PW","coordinates":{"latitude":"-6.8690","longitude":"32.3608"},"timezone":{"offset":"-2:00","description":"Mid-Atlantic"}},"email":"sam.ferguson@example.com","login":{"uuid":"d375d739-0e1a-45b6-9a3f-db1a783c5105","username":"yellowsnake754","password":"christma","salt":"3gOtUALN","md5":"89c357b561bcd3c7bbc309ea1af08622","sha1":"a4652fbecea9be1fdfd07ef7a1c04a2a3e7ab059","sha256":"3ee8c163bcd4c0016dd05438294e15f430e33861ecd56239f619ca6e7287e1c4"},"dob":{"date":"1950-01-18T00:49:22.715Z","age":74},"registered":{"date":"2015-07-01T16:11:16.970Z","age":9},"phone":"015242 58138","cell":"07248 068958","id":{"name":"NINO","value":"XL 63 55 56 C"},"picture":{"large":"https://randomuser.me/api/portraits/women/43.jpg","medium":"https://randomuser.me/api/portraits/med/women/43.jpg","thumbnail":"https://randomuser.me/api/portraits/thumb/women/43.jpg"},"nat":"GB"}],"info":{"seed":"b0ea3827098db897","results":1,"page":1,"version":"1.4"}} 
 </msg>
<msg time="2024-08-08T13:18:54.844229" level="INFO">/opt/hostedtoolcache/Python/3.12.4/x64/lib/python3.12/site-packages/urllib3/connectionpool.py:1099: InsecureRequestWarning: Unverified HTTPS request is being made to host 'randomuser.me'. Adding certificate verification is strongly advised. See: https://urllib3.readthedocs.io/en/latest/advanced-usage.html#tls-warnings
  warnings.warn(</msg>
<msg time="2024-08-08T13:18:54.844375" level="INFO">${response} = &lt;Response [200]&gt;</msg>
<var>${response}</var>
<arg>consultarAPI</arg>
<arg>/api</arg>
<doc>Sends a GET request on a previously created HTTP Session.</doc>
<status status="PASS" start="2024-08-08T13:18:45.991851" elapsed="8.852589"/>
</kw>
<kw name="Should Be Equal As Numbers" owner="BuiltIn">
<msg time="2024-08-08T13:18:54.845437" level="INFO">Argument types are:
&lt;class 'int'&gt;
&lt;class 'str'&gt;</msg>
<arg>${response.status_code}</arg>
<arg>200</arg>
<doc>Fails if objects are unequal after converting them to real numbers.</doc>
<status status="PASS" start="2024-08-08T13:18:54.844976" elapsed="0.000525"/>
</kw>
<kw name="Log" owner="BuiltIn">
<msg time="2024-08-08T13:18:54.846152" level="INFO">200</msg>
<arg>${response.status_code}</arg>
<doc>Logs the given message with the given level.</doc>
<status status="PASS" start="2024-08-08T13:18:54.845809" elapsed="0.000442"/>
</kw>
<kw name="Set Variable" owner="BuiltIn">
<msg time="2024-08-08T13:18:54.846988" level="INFO">${json_data} = {'results': [{'gender': 'female', 'name': {'title': 'Mrs', 'first': 'Sam', 'last': 'Ferguson'}, 'location': {'street': {'number': 8140, 'name': 'Mill Road'}, 'city': 'Chichester', 'state': 'Lothian', ...</msg>
<var>${json_data}</var>
<arg>${response.json()}</arg>
<doc>Returns the given values which can then be assigned to a variables.</doc>
<status status="PASS" start="2024-08-08T13:18:54.846569" elapsed="0.000447"/>
</kw>
<kw name="Dictionary Should Contain Key" owner="Collections">
<arg>${json_data}</arg>
<arg>results</arg>
<doc>Fails if ``key`` is not found from ``dictionary``.</doc>
<status status="PASS" start="2024-08-08T13:18:54.847316" elapsed="0.000320"/>
</kw>
<status status="PASS" start="2024-08-08T13:18:45.991606" elapsed="8.856182"/>
</kw>
<doc>Testa se a API responde corretamente e retorna um objeto JSON válido.</doc>
<tag>testeRequisicaoBasica</tag>
<status status="PASS" start="2024-08-08T13:18:45.991147" elapsed="8.856815"/>
</test>
<test id="s1-s1-t3" name="Validar estrutura de resposta" line="22">
<kw name="Teste de Estrutura de Resposta" owner="random-user-service">
<kw name="GET On Session" owner="RequestsLibrary">
<msg time="2024-08-08T13:19:00.843975" level="INFO">GET Request : url=https://randomuser.me/api 
 path_url=/api 
 headers={'User-Agent': 'python-requests/2.32.3', 'Accept-Encoding': 'gzip, deflate', 'Accept': '*/*', 'Connection': 'keep-alive'} 
 body=None 
 </msg>
<msg time="2024-08-08T13:19:00.844077" level="INFO">GET Response : url=https://randomuser.me/api 
 status=200, reason=OK 
 headers={'Date': 'Thu, 08 Aug 2024 13:19:00 GMT', 'Content-Type': 'application/json; charset=utf-8', 'Transfer-Encoding': 'chunked', 'Connection': 'keep-alive', 'X-Powered-By': 'Express', 'Access-Control-Allow-Origin': '*', 'Cache-Control': 'no-cache', 'ETag': 'W/"48d-ZoY8US+vcjzq2xPSpc9DU2NgipA"', 'Vary': 'Accept-Encoding', 'Content-Encoding': 'gzip', 'CF-Cache-Status': 'DYNAMIC', 'Report-To': '{"endpoints":[{"url":"https:\\/\\/a.nel.cloudflare.com\\/report\\/v4?s=YuK%2FXQSAkQP5QzPcwlR2AWrgJLJumX%2F29oZ14RgjsC6GBfr7VXV2hZSboXcIB%2FiUx6K7oSohQatu3wWinNiBcLwu8z18uA9vdsuW8hUXk2HVCE61jykTPk80yOg0fUOA"}],"group":"cf-nel","max_age":604800}', 'NEL': '{"success_fraction":0,"report_to":"cf-nel","max_age":604800}', 'Server': 'cloudflare', 'CF-RAY': '8affcb88db2e8f14-IAD', 'alt-svc': 'h3=":443"; ma=86400'} 
 body={"results":[{"gender":"female","name":{"title":"Mrs","first":"Kvitka","last":"Boratinskiy"},"location":{"street":{"number":1303,"name":"Pidvalna"},"city":"Zhovkva","state":"Mikolayivska","country":"Ukraine","postcode":93153,"coordinates":{"latitude":"78.1696","longitude":"178.8211"},"timezone":{"offset":"+2:00","description":"Kaliningrad, South Africa"}},"email":"kvitka.boratinskiy@example.com","login":{"uuid":"61882b49-e269-4d3b-9e0c-c30c54486fac","username":"smallrabbit294","password":"98765432","salt":"lyJ3nQM4","md5":"5314994173353c4d14715d86553db0db","sha1":"1bbf86b5b9923d4c74c91a75981a233a77edc9c1","sha256":"09825557fab3af37f21536991660a091336d251e9e2927d500e0e8e2ebeca71f"},"dob":{"date":"1947-10-12T09:58:03.198Z","age":76},"registered":{"date":"2018-01-16T09:04:34.543Z","age":6},"phone":"(067) H54-9676","cell":"(068) J79-5789","id":{"name":"","value":null},"picture":{"large":"https://randomuser.me/api/portraits/women/33.jpg","medium":"https://randomuser.me/api/portraits/med/women/33.jpg","thumbnail":"https://randomuser.me/api/portraits/thumb/women/33.jpg"},"nat":"UA"}],"info":{"seed":"30879dfc54b42f0d","results":1,"page":1,"version":"1.4"}} 
 </msg>
<msg time="2024-08-08T13:19:00.844210" level="INFO">/opt/hostedtoolcache/Python/3.12.4/x64/lib/python3.12/site-packages/urllib3/connectionpool.py:1099: InsecureRequestWarning: Unverified HTTPS request is being made to host 'randomuser.me'. Adding certificate verification is strongly advised. See: https://urllib3.readthedocs.io/en/latest/advanced-usage.html#tls-warnings
  warnings.warn(</msg>
<msg time="2024-08-08T13:19:00.844338" level="INFO">${response} = &lt;Response [200]&gt;</msg>
<var>${response}</var>
<arg>consultarAPI</arg>
<arg>/api</arg>
<doc>Sends a GET request on a previously created HTTP Session.</doc>
<status status="PASS" start="2024-08-08T13:18:54.850536" elapsed="5.993843"/>
</kw>
<kw name="Set Variable" owner="BuiltIn">
<msg time="2024-08-08T13:19:00.845406" level="INFO">${json_data} = {'results': [{'gender': 'female', 'name': {'title': 'Mrs', 'first': 'Kvitka', 'last': 'Boratinskiy'}, 'location': {'street': {'number': 1303, 'name': 'Pidvalna'}, 'city': 'Zhovkva', 'state': 'Mikolayi...</msg>
<var>${json_data}</var>
<arg>${response.json()}</arg>
<doc>Returns the given values which can then be assigned to a variables.</doc>
<status status="PASS" start="2024-08-08T13:19:00.844895" elapsed="0.000540"/>
</kw>
<kw name="Log" owner="BuiltIn">
<msg time="2024-08-08T13:19:00.845893" level="INFO">{'results': [{'gender': 'female', 'name': {'title': 'Mrs', 'first': 'Kvitka', 'last': 'Boratinskiy'}, 'location': {'street': {'number': 1303, 'name': 'Pidvalna'}, 'city': 'Zhovkva', 'state': 'Mikolayivska', 'country': 'Ukraine', 'postcode': 93153, 'coordinates': {'latitude': '78.1696', 'longitude': '178.8211'}, 'timezone': {'offset': '+2:00', 'description': 'Kaliningrad, South Africa'}}, 'email': 'kvitka.boratinskiy@example.com', 'login': {'uuid': '61882b49-e269-4d3b-9e0c-c30c54486fac', 'username': 'smallrabbit294', 'password': '98765432', 'salt': 'lyJ3nQM4', 'md5': '5314994173353c4d14715d86553db0db', 'sha1': '1bbf86b5b9923d4c74c91a75981a233a77edc9c1', 'sha256': '09825557fab3af37f21536991660a091336d251e9e2927d500e0e8e2ebeca71f'}, 'dob': {'date': '1947-10-12T09:58:03.198Z', 'age': 76}, 'registered': {'date': '2018-01-16T09:04:34.543Z', 'age': 6}, 'phone': '(067) H54-9676', 'cell': '(068) J79-5789', 'id': {'name': '', 'value': None}, 'picture': {'large': 'https://randomuser.me/api/portraits/women/33.jpg', 'medium': 'https://randomuser.me/api/portraits/med/women/33.jpg', 'thumbnail': 'https://randomuser.me/api/portraits/thumb/women/33.jpg'}, 'nat': 'UA'}], 'info': {'seed': '30879dfc54b42f0d', 'results': 1, 'page': 1, 'version': '1.4'}}</msg>
<arg>${json_data}</arg>
<doc>Logs the given message with the given level.</doc>
<status status="PASS" start="2024-08-08T13:19:00.845735" elapsed="0.000206"/>
</kw>
<kw name="Dictionary Should Contain Key" owner="Collections">
<arg>${json_data}</arg>
<arg>results</arg>
<doc>Fails if ``key`` is not found from ``dictionary``.</doc>
<status status="PASS" start="2024-08-08T13:19:00.846256" elapsed="0.000173"/>
</kw>
<kw name="Should Not Be Empty" owner="BuiltIn">
<msg time="2024-08-08T13:19:00.846736" level="INFO">Length is 2.</msg>
<arg>${json_data}</arg>
<doc>Verifies that the given item is not empty.</doc>
<status status="PASS" start="2024-08-08T13:19:00.846611" elapsed="0.000162"/>
</kw>
<kw name="Create List" owner="BuiltIn">
<msg time="2024-08-08T13:19:00.847215" level="INFO">${expected_keys} = ['gender', 'name', 'location', 'email', 'login']</msg>
<var>${expected_keys}</var>
<arg>gender</arg>
<arg>name</arg>
<arg>location</arg>
<arg>email</arg>
<arg>login</arg>
<doc>Returns a list containing given items.</doc>
<status status="PASS" start="2024-08-08T13:19:00.847066" elapsed="0.000172"/>
</kw>
<for flavor="IN">
<iter>
<kw name="Dictionary Should Contain Key" owner="Collections">
<arg>${json_data['results'][0]}</arg>
<arg>${key}</arg>
<doc>Fails if ``key`` is not found from ``dictionary``.</doc>
<status status="PASS" start="2024-08-08T13:19:00.847808" elapsed="0.000400"/>
</kw>
<kw name="Log" owner="BuiltIn">
<msg time="2024-08-08T13:19:00.848743" level="INFO">{'gender': 'female', 'name': {'title': 'Mrs', 'first': 'Kvitka', 'last': 'Boratinskiy'}, 'location': {'street': {'number': 1303, 'name': 'Pidvalna'}, 'city': 'Zhovkva', 'state': 'Mikolayivska', 'country': 'Ukraine', 'postcode': 93153, 'coordinates': {'latitude': '78.1696', 'longitude': '178.8211'}, 'timezone': {'offset': '+2:00', 'description': 'Kaliningrad, South Africa'}}, 'email': 'kvitka.boratinskiy@example.com', 'login': {'uuid': '61882b49-e269-4d3b-9e0c-c30c54486fac', 'username': 'smallrabbit294', 'password': '98765432', 'salt': 'lyJ3nQM4', 'md5': '5314994173353c4d14715d86553db0db', 'sha1': '1bbf86b5b9923d4c74c91a75981a233a77edc9c1', 'sha256': '09825557fab3af37f21536991660a091336d251e9e2927d500e0e8e2ebeca71f'}, 'dob': {'date': '1947-10-12T09:58:03.198Z', 'age': 76}, 'registered': {'date': '2018-01-16T09:04:34.543Z', 'age': 6}, 'phone': '(067) H54-9676', 'cell': '(068) J79-5789', 'id': {'name': '', 'value': None}, 'picture': {'large': 'https://randomuser.me/api/portraits/women/33.jpg', 'medium': 'https://randomuser.me/api/portraits/med/women/33.jpg', 'thumbnail': 'https://randomuser.me/api/portraits/thumb/women/33.jpg'}, 'nat': 'UA'}</msg>
<arg>${json_data['results'][0]}</arg>
<doc>Logs the given message with the given level.</doc>
<status status="PASS" start="2024-08-08T13:19:00.848395" elapsed="0.000397"/>
</kw>
<kw name="Log" owner="BuiltIn">
<msg time="2024-08-08T13:19:00.849214" level="INFO">gender</msg>
<arg>${key}</arg>
<doc>Logs the given message with the given level.</doc>
<status status="PASS" start="2024-08-08T13:19:00.849086" elapsed="0.000166"/>
</kw>
<var name="${key}">gender</var>
<status status="PASS" start="2024-08-08T13:19:00.847684" elapsed="0.001781"/>
</iter>
<iter>
<kw name="Dictionary Should Contain Key" owner="Collections">
<arg>${json_data['results'][0]}</arg>
<arg>${key}</arg>
<doc>Fails if ``key`` is not found from ``dictionary``.</doc>
<status status="PASS" start="2024-08-08T13:19:00.849760" elapsed="0.000386"/>
</kw>
<kw name="Log" owner="BuiltIn">
<msg time="2024-08-08T13:19:00.850711" level="INFO">{'gender': 'female', 'name': {'title': 'Mrs', 'first': 'Kvitka', 'last': 'Boratinskiy'}, 'location': {'street': {'number': 1303, 'name': 'Pidvalna'}, 'city': 'Zhovkva', 'state': 'Mikolayivska', 'country': 'Ukraine', 'postcode': 93153, 'coordinates': {'latitude': '78.1696', 'longitude': '178.8211'}, 'timezone': {'offset': '+2:00', 'description': 'Kaliningrad, South Africa'}}, 'email': 'kvitka.boratinskiy@example.com', 'login': {'uuid': '61882b49-e269-4d3b-9e0c-c30c54486fac', 'username': 'smallrabbit294', 'password': '98765432', 'salt': 'lyJ3nQM4', 'md5': '5314994173353c4d14715d86553db0db', 'sha1': '1bbf86b5b9923d4c74c91a75981a233a77edc9c1', 'sha256': '09825557fab3af37f21536991660a091336d251e9e2927d500e0e8e2ebeca71f'}, 'dob': {'date': '1947-10-12T09:58:03.198Z', 'age': 76}, 'registered': {'date': '2018-01-16T09:04:34.543Z', 'age': 6}, 'phone': '(067) H54-9676', 'cell': '(068) J79-5789', 'id': {'name': '', 'value': None}, 'picture': {'large': 'https://randomuser.me/api/portraits/women/33.jpg', 'medium': 'https://randomuser.me/api/portraits/med/women/33.jpg', 'thumbnail': 'https://randomuser.me/api/portraits/thumb/women/33.jpg'}, 'nat': 'UA'}</msg>
<arg>${json_data['results'][0]}</arg>
<doc>Logs the given message with the given level.</doc>
<status status="PASS" start="2024-08-08T13:19:00.850359" elapsed="0.000440"/>
</kw>
<kw name="Log" owner="BuiltIn">
<msg time="2024-08-08T13:19:00.851221" level="INFO">name</msg>
<arg>${key}</arg>
<doc>Logs the given message with the given level.</doc>
<status status="PASS" start="2024-08-08T13:19:00.851092" elapsed="0.000166"/>
</kw>
<var name="${key}">name</var>
<status status="PASS" start="2024-08-08T13:19:00.849647" elapsed="0.001826"/>
</iter>
<iter>
<kw name="Dictionary Should Contain Key" owner="Collections">
<arg>${json_data['results'][0]}</arg>
<arg>${key}</arg>
<doc>Fails if ``key`` is not found from ``dictionary``.</doc>
<status status="PASS" start="2024-08-08T13:19:00.851754" elapsed="0.000374"/>
</kw>
<kw name="Log" owner="BuiltIn">
<msg time="2024-08-08T13:19:00.852646" level="INFO">{'gender': 'female', 'name': {'title': 'Mrs', 'first': 'Kvitka', 'last': 'Boratinskiy'}, 'location': {'street': {'number': 1303, 'name': 'Pidvalna'}, 'city': 'Zhovkva', 'state': 'Mikolayivska', 'country': 'Ukraine', 'postcode': 93153, 'coordinates': {'latitude': '78.1696', 'longitude': '178.8211'}, 'timezone': {'offset': '+2:00', 'description': 'Kaliningrad, South Africa'}}, 'email': 'kvitka.boratinskiy@example.com', 'login': {'uuid': '61882b49-e269-4d3b-9e0c-c30c54486fac', 'username': 'smallrabbit294', 'password': '98765432', 'salt': 'lyJ3nQM4', 'md5': '5314994173353c4d14715d86553db0db', 'sha1': '1bbf86b5b9923d4c74c91a75981a233a77edc9c1', 'sha256': '09825557fab3af37f21536991660a091336d251e9e2927d500e0e8e2ebeca71f'}, 'dob': {'date': '1947-10-12T09:58:03.198Z', 'age': 76}, 'registered': {'date': '2018-01-16T09:04:34.543Z', 'age': 6}, 'phone': '(067) H54-9676', 'cell': '(068) J79-5789', 'id': {'name': '', 'value': None}, 'picture': {'large': 'https://randomuser.me/api/portraits/women/33.jpg', 'medium': 'https://randomuser.me/api/portraits/med/women/33.jpg', 'thumbnail': 'https://randomuser.me/api/portraits/thumb/women/33.jpg'}, 'nat': 'UA'}</msg>
<arg>${json_data['results'][0]}</arg>
<doc>Logs the given message with the given level.</doc>
<status status="PASS" start="2024-08-08T13:19:00.852308" elapsed="0.000394"/>
</kw>
<kw name="Log" owner="BuiltIn">
<msg time="2024-08-08T13:19:00.853134" level="INFO">location</msg>
<arg>${key}</arg>
<doc>Logs the given message with the given level.</doc>
<status status="PASS" start="2024-08-08T13:19:00.853004" elapsed="0.000167"/>
</kw>
<var name="${key}">location</var>
<status status="PASS" start="2024-08-08T13:19:00.851647" elapsed="0.001740"/>
</iter>
<iter>
<kw name="Dictionary Should Contain Key" owner="Collections">
<arg>${json_data['results'][0]}</arg>
<arg>${key}</arg>
<doc>Fails if ``key`` is not found from ``dictionary``.</doc>
<status status="PASS" start="2024-08-08T13:19:00.853660" elapsed="0.000381"/>
</kw>
<kw name="Log" owner="BuiltIn">
<msg time="2024-08-08T13:19:00.854724" level="INFO">{'gender': 'female', 'name': {'title': 'Mrs', 'first': 'Kvitka', 'last': 'Boratinskiy'}, 'location': {'street': {'number': 1303, 'name': 'Pidvalna'}, 'city': 'Zhovkva', 'state': 'Mikolayivska', 'country': 'Ukraine', 'postcode': 93153, 'coordinates': {'latitude': '78.1696', 'longitude': '178.8211'}, 'timezone': {'offset': '+2:00', 'description': 'Kaliningrad, South Africa'}}, 'email': 'kvitka.boratinskiy@example.com', 'login': {'uuid': '61882b49-e269-4d3b-9e0c-c30c54486fac', 'username': 'smallrabbit294', 'password': '98765432', 'salt': 'lyJ3nQM4', 'md5': '5314994173353c4d14715d86553db0db', 'sha1': '1bbf86b5b9923d4c74c91a75981a233a77edc9c1', 'sha256': '09825557fab3af37f21536991660a091336d251e9e2927d500e0e8e2ebeca71f'}, 'dob': {'date': '1947-10-12T09:58:03.198Z', 'age': 76}, 'registered': {'date': '2018-01-16T09:04:34.543Z', 'age': 6}, 'phone': '(067) H54-9676', 'cell': '(068) J79-5789', 'id': {'name': '', 'value': None}, 'picture': {'large': 'https://randomuser.me/api/portraits/women/33.jpg', 'medium': 'https://randomuser.me/api/portraits/med/women/33.jpg', 'thumbnail': 'https://randomuser.me/api/portraits/thumb/women/33.jpg'}, 'nat': 'UA'}</msg>
<arg>${json_data['results'][0]}</arg>
<doc>Logs the given message with the given level.</doc>
<status status="PASS" start="2024-08-08T13:19:00.854375" elapsed="0.000396"/>
</kw>
<kw name="Log" owner="BuiltIn">
<msg time="2024-08-08T13:19:00.855193" level="INFO">email</msg>
<arg>${key}</arg>
<doc>Logs the given message with the given level.</doc>
<status status="PASS" start="2024-08-08T13:19:00.855064" elapsed="0.000168"/>
</kw>
<var name="${key}">email</var>
<status status="PASS" start="2024-08-08T13:19:00.853555" elapsed="0.001891"/>
</iter>
<iter>
<kw name="Dictionary Should Contain Key" owner="Collections">
<arg>${json_data['results'][0]}</arg>
<arg>${key}</arg>
<doc>Fails if ``key`` is not found from ``dictionary``.</doc>
<status status="PASS" start="2024-08-08T13:19:00.855724" elapsed="0.000371"/>
</kw>
<kw name="Log" owner="BuiltIn">
<msg time="2024-08-08T13:19:00.856612" level="INFO">{'gender': 'female', 'name': {'title': 'Mrs', 'first': 'Kvitka', 'last': 'Boratinskiy'}, 'location': {'street': {'number': 1303, 'name': 'Pidvalna'}, 'city': 'Zhovkva', 'state': 'Mikolayivska', 'country': 'Ukraine', 'postcode': 93153, 'coordinates': {'latitude': '78.1696', 'longitude': '178.8211'}, 'timezone': {'offset': '+2:00', 'description': 'Kaliningrad, South Africa'}}, 'email': 'kvitka.boratinskiy@example.com', 'login': {'uuid': '61882b49-e269-4d3b-9e0c-c30c54486fac', 'username': 'smallrabbit294', 'password': '98765432', 'salt': 'lyJ3nQM4', 'md5': '5314994173353c4d14715d86553db0db', 'sha1': '1bbf86b5b9923d4c74c91a75981a233a77edc9c1', 'sha256': '09825557fab3af37f21536991660a091336d251e9e2927d500e0e8e2ebeca71f'}, 'dob': {'date': '1947-10-12T09:58:03.198Z', 'age': 76}, 'registered': {'date': '2018-01-16T09:04:34.543Z', 'age': 6}, 'phone': '(067) H54-9676', 'cell': '(068) J79-5789', 'id': {'name': '', 'value': None}, 'picture': {'large': 'https://randomuser.me/api/portraits/women/33.jpg', 'medium': 'https://randomuser.me/api/portraits/med/women/33.jpg', 'thumbnail': 'https://randomuser.me/api/portraits/thumb/women/33.jpg'}, 'nat': 'UA'}</msg>
<arg>${json_data['results'][0]}</arg>
<doc>Logs the given message with the given level.</doc>
<status status="PASS" start="2024-08-08T13:19:00.856275" elapsed="0.000384"/>
</kw>
<kw name="Log" owner="BuiltIn">
<msg time="2024-08-08T13:19:00.857076" level="INFO">login</msg>
<arg>${key}</arg>
<doc>Logs the given message with the given level.</doc>
<status status="PASS" start="2024-08-08T13:19:00.856948" elapsed="0.000164"/>
</kw>
<var name="${key}">login</var>
<status status="PASS" start="2024-08-08T13:19:00.855618" elapsed="0.001707"/>
</iter>
<var>${key}</var>
<value>@{expected_keys}</value>
<status status="PASS" start="2024-08-08T13:19:00.847491" elapsed="0.009954"/>
</for>
<kw name="Create List" owner="BuiltIn">
<msg time="2024-08-08T13:19:00.857770" level="INFO">${expected_keysTwo} = ['username', 'password']</msg>
<var>${expected_keysTwo}</var>
<arg>username</arg>
<arg>password</arg>
<doc>Returns a list containing given items.</doc>
<status status="PASS" start="2024-08-08T13:19:00.857633" elapsed="0.000189"/>
</kw>
<for flavor="IN">
<iter>
<kw name="Dictionary Should Contain Key" owner="Collections">
<arg>${json_data['results'][0]['login']}</arg>
<arg>${keyTwo}</arg>
<doc>Fails if ``key`` is not found from ``dictionary``.</doc>
<status status="PASS" start="2024-08-08T13:19:00.858351" elapsed="0.000391"/>
</kw>
<kw name="Dictionary Should Contain Key" owner="Collections">
<arg>${json_data['results'][0]['login']}</arg>
<arg>${keyTwo}</arg>
<doc>Fails if ``key`` is not found from ``dictionary``.</doc>
<status status="PASS" start="2024-08-08T13:19:00.858923" elapsed="0.000378"/>
</kw>
<kw name="Log" owner="BuiltIn">
<msg time="2024-08-08T13:19:00.859595" level="INFO">username</msg>
<arg>${keyTwo}</arg>
<doc>Logs the given message with the given level.</doc>
<status status="PASS" start="2024-08-08T13:19:00.859476" elapsed="0.000156"/>
</kw>
<var name="${keyTwo}">username</var>
<status status="PASS" start="2024-08-08T13:19:00.858242" elapsed="0.001607"/>
</iter>
<iter>
<kw name="Dictionary Should Contain Key" owner="Collections">
<arg>${json_data['results'][0]['login']}</arg>
<arg>${keyTwo}</arg>
<doc>Fails if ``key`` is not found from ``dictionary``.</doc>
<status status="PASS" start="2024-08-08T13:19:00.860122" elapsed="0.000383"/>
</kw>
<kw name="Dictionary Should Contain Key" owner="Collections">
<arg>${json_data['results'][0]['login']}</arg>
<arg>${keyTwo}</arg>
<doc>Fails if ``key`` is not found from ``dictionary``.</doc>
<status status="PASS" start="2024-08-08T13:19:00.860679" elapsed="0.000365"/>
</kw>
<kw name="Log" owner="BuiltIn">
<msg time="2024-08-08T13:19:00.861335" level="INFO">password</msg>
<arg>${keyTwo}</arg>
<doc>Logs the given message with the given level.</doc>
<status status="PASS" start="2024-08-08T13:19:00.861217" elapsed="0.000156"/>
</kw>
<var name="${keyTwo}">password</var>
<status status="PASS" start="2024-08-08T13:19:00.860018" elapsed="0.001574"/>
</iter>
<var>${keyTwo}</var>
<value>@{expected_keysTwo}</value>
<status status="PASS" start="2024-08-08T13:19:00.858067" elapsed="0.003645"/>
</for>
<status status="PASS" start="2024-08-08T13:18:54.850305" elapsed="6.011551"/>
</kw>
<doc>Testa a estrutura da resposta da API.</doc>
<tag>testeEstruturaResposta</tag>
<status status="PASS" start="2024-08-08T13:18:54.849763" elapsed="6.012255"/>
</test>
<test id="s1-s1-t4" name="Validar tipos de dados" line="28">
<kw name="Teste de Tipos de Dados" owner="random-user-service">
<kw name="GET On Session" owner="RequestsLibrary">
<msg time="2024-08-08T13:19:08.800734" level="INFO">GET Request : url=https://randomuser.me/api 
 path_url=/api 
 headers={'User-Agent': 'python-requests/2.32.3', 'Accept-Encoding': 'gzip, deflate', 'Accept': '*/*', 'Connection': 'keep-alive'} 
 body=None 
 </msg>
<msg time="2024-08-08T13:19:08.800847" level="INFO">GET Response : url=https://randomuser.me/api 
 status=200, reason=OK 
 headers={'Date': 'Thu, 08 Aug 2024 13:19:08 GMT', 'Content-Type': 'application/json; charset=utf-8', 'Transfer-Encoding': 'chunked', 'Connection': 'keep-alive', 'X-Powered-By': 'Express', 'Access-Control-Allow-Origin': '*', 'Cache-Control': 'no-cache', 'ETag': 'W/"483-l69yP00CxMQl3Hu/Vk5b2++tiw0"', 'Vary': 'Accept-Encoding', 'Content-Encoding': 'gzip', 'CF-Cache-Status': 'DYNAMIC', 'Report-To': '{"endpoints":[{"url":"https:\\/\\/a.nel.cloudflare.com\\/report\\/v4?s=EFchHOfje%2BAEh9ImMLmNuWKvGejqMK3FnYX%2Fr6Fy8mb%2B1weA%2B%2F9jg6fh05psaXHrxx5cfCiK2MjgMhULzsynWW%2FJWqS4oXR2Lrt1dRVywgxRS%2BxQTHPaWvgoh7nHspe5"}],"group":"cf-nel","max_age":604800}', 'NEL': '{"success_fraction":0,"report_to":"cf-nel","max_age":604800}', 'Server': 'cloudflare', 'CF-RAY': '8affcbae6c4d8f14-IAD', 'alt-svc': 'h3=":443"; ma=86400'} 
 body={"results":[{"gender":"male","name":{"title":"Mr","first":"Lasse","last":"Sharif"},"location":{"street":{"number":3539,"name":"Kronprinsesse Märthas plass"},"city":"Evenskjær","state":"Nord-Trøndelag","country":"Norway","postcode":"6264","coordinates":{"latitude":"38.8897","longitude":"-143.2504"},"timezone":{"offset":"-3:30","description":"Newfoundland"}},"email":"lasse.sharif@example.com","login":{"uuid":"8b55727e-fbe7-460a-90bc-b614193977b7","username":"sadpeacock740","password":"282828","salt":"0T4EyaPK","md5":"b256041524cc18771d3d5b734cdac079","sha1":"7a69d6d9660b784ed3ace399f0ec74c101818603","sha256":"70131ad3c37022a582543f7d3d5ee76b3daee6d108690ad1c8b871e0bdf06992"},"dob":{"date":"1968-04-04T13:44:05.792Z","age":56},"registered":{"date":"2004-03-09T17:56:11.100Z","age":20},"phone":"26254474","cell":"90173824","id":{"name":"FN","value":"04046816795"},"picture":{"large":"https://randomuser.me/api/portraits/men/29.jpg","medium":"https://randomuser.me/api/portraits/med/men/29.jpg","thumbnail":"https://randomuser.me/api/portraits/thumb/men/29.jpg"},"nat":"NO"}],"info":{"seed":"1a19bf7b8ea627de","results":1,"page":1,"version":"1.4"}} 
 </msg>
<msg time="2024-08-08T13:19:08.800932" level="INFO">/opt/hostedtoolcache/Python/3.12.4/x64/lib/python3.12/site-packages/urllib3/connectionpool.py:1099: InsecureRequestWarning: Unverified HTTPS request is being made to host 'randomuser.me'. Adding certificate verification is strongly advised. See: https://urllib3.readthedocs.io/en/latest/advanced-usage.html#tls-warnings
  warnings.warn(</msg>
<msg time="2024-08-08T13:19:08.801047" level="INFO">${response} = &lt;Response [200]&gt;</msg>
<var>${response}</var>
<arg>consultarAPI</arg>
<arg>/api</arg>
<doc>Sends a GET request on a previously created HTTP Session.</doc>
<status status="PASS" start="2024-08-08T13:19:00.864478" elapsed="7.936606"/>
</kw>
<kw name="Set Variable" owner="BuiltIn">
<msg time="2024-08-08T13:19:08.802108" level="INFO">${json_data} = {'results': [{'gender': 'male', 'name': {'title': 'Mr', 'first': 'Lasse', 'last': 'Sharif'}, 'location': {'street': {'number': 3539, 'name': 'Kronprinsesse Märthas plass'}, 'city': 'Evenskjær', 'state...</msg>
<var>${json_data}</var>
<arg>${response.json()}</arg>
<doc>Returns the given values which can then be assigned to a variables.</doc>
<status status="PASS" start="2024-08-08T13:19:08.801587" elapsed="0.000550"/>
</kw>
<kw name="Log" owner="BuiltIn">
<msg time="2024-08-08T13:19:08.802632" level="INFO">{'results': [{'gender': 'male', 'name': {'title': 'Mr', 'first': 'Lasse', 'last': 'Sharif'}, 'location': {'street': {'number': 3539, 'name': 'Kronprinsesse Märthas plass'}, 'city': 'Evenskjær', 'state': 'Nord-Trøndelag', 'country': 'Norway', 'postcode': '6264', 'coordinates': {'latitude': '38.8897', 'longitude': '-143.2504'}, 'timezone': {'offset': '-3:30', 'description': 'Newfoundland'}}, 'email': 'lasse.sharif@example.com', 'login': {'uuid': '8b55727e-fbe7-460a-90bc-b614193977b7', 'username': 'sadpeacock740', 'password': '282828', 'salt': '0T4EyaPK', 'md5': 'b256041524cc18771d3d5b734cdac079', 'sha1': '7a69d6d9660b784ed3ace399f0ec74c101818603', 'sha256': '70131ad3c37022a582543f7d3d5ee76b3daee6d108690ad1c8b871e0bdf06992'}, 'dob': {'date': '1968-04-04T13:44:05.792Z', 'age': 56}, 'registered': {'date': '2004-03-09T17:56:11.100Z', 'age': 20}, 'phone': '26254474', 'cell': '90173824', 'id': {'name': 'FN', 'value': '04046816795'}, 'picture': {'large': 'https://randomuser.me/api/portraits/men/29.jpg', 'medium': 'https://randomuser.me/api/portraits/med/men/29.jpg', 'thumbnail': 'https://randomuser.me/api/portraits/thumb/men/29.jpg'}, 'nat': 'NO'}], 'info': {'seed': '1a19bf7b8ea627de', 'results': 1, 'page': 1, 'version': '1.4'}}</msg>
<arg>${json_data}</arg>
<doc>Logs the given message with the given level.</doc>
<status status="PASS" start="2024-08-08T13:19:08.802475" elapsed="0.000205"/>
</kw>
<kw name="Should Be String" owner="String">
<arg>${json_data['results'][0]['gender']}</arg>
<doc>Fails if the given ``item`` is not a string.</doc>
<status status="PASS" start="2024-08-08T13:19:08.802969" elapsed="0.000364"/>
</kw>
<kw name="Should Match Regexp" owner="BuiltIn">
<arg>${json_data['results'][0]['email']}</arg>
<arg>^[a-zA-Z0-9._%+-]+@[a-zA-Z0-9.-]+\.[a-zA-Z]{2,}$</arg>
<doc>Fails if ``string`` does not match ``pattern`` as a regular expression.</doc>
<status status="PASS" start="2024-08-08T13:19:08.803522" elapsed="0.000519"/>
</kw>
<kw name="Should Match Regexp" owner="BuiltIn">
<arg>${json_data['results'][0]['dob']['date']}</arg>
<arg>\\d{4}-\\d{2}-\\d{2}T\\d{2}:\\d{2}:\\d{2}\\.\\d{3}Z</arg>
<doc>Fails if ``string`` does not match ``pattern`` as a regular expression.</doc>
<status status="PASS" start="2024-08-08T13:19:08.804273" elapsed="0.000624"/>
</kw>
<kw name="Should Match Regexp" owner="BuiltIn">
<arg>${json_data['results'][0]['registered']['date']}</arg>
<arg>\\d{4}-\\d{2}-\\d{2}T\\d{2}:\\d{2}:\\d{2}\\.\\d{3}Z</arg>
<doc>Fails if ``string`` does not match ``pattern`` as a regular expression.</doc>
<status status="PASS" start="2024-08-08T13:19:08.805086" elapsed="0.000366"/>
</kw>
<kw name="Should Match Regexp" owner="BuiltIn">
<arg>${json_data['results'][0]['picture']['large']}</arg>
<arg>^https?://.*\.(?:png|jpe?g|gif|bmp)$</arg>
<doc>Fails if ``string`` does not match ``pattern`` as a regular expression.</doc>
<status status="PASS" start="2024-08-08T13:19:08.805632" elapsed="0.000453"/>
</kw>
<kw name="Should Match Regexp" owner="BuiltIn">
<arg>${json_data['results'][0]['picture']['medium']}</arg>
<arg>^https?://.*\.(?:png|jpe?g|gif|bmp)$</arg>
<doc>Fails if ``string`` does not match ``pattern`` as a regular expression.</doc>
<status status="PASS" start="2024-08-08T13:19:08.806306" elapsed="0.000356"/>
</kw>
<kw name="Should Match Regexp" owner="BuiltIn">
<arg>${json_data['results'][0]['picture']['thumbnail']}</arg>
<arg>^https?://.*\.(?:png|jpe?g|gif|bmp)$</arg>
<doc>Fails if ``string`` does not match ``pattern`` as a regular expression.</doc>
<status status="PASS" start="2024-08-08T13:19:08.806843" elapsed="0.000344"/>
</kw>
<kw name="Log" owner="BuiltIn">
<msg time="2024-08-08T13:19:08.807688" level="INFO">{'large': 'https://randomuser.me/api/portraits/men/29.jpg', 'medium': 'https://randomuser.me/api/portraits/med/men/29.jpg', 'thumbnail': 'https://randomuser.me/api/portraits/thumb/men/29.jpg'}</msg>
<arg>${json_data['results'][0]['picture']}</arg>
<doc>Logs the given message with the given level.</doc>
<status status="PASS" start="2024-08-08T13:19:08.807366" elapsed="0.000367"/>
</kw>
<status status="PASS" start="2024-08-08T13:19:00.864255" elapsed="7.943735"/>
</kw>
<kw name="Teste de Tipos de Dados - Postcode" owner="random-user-service">
<kw name="GET On Session" owner="RequestsLibrary">
<msg time="2024-08-08T13:19:17.043260" level="INFO">GET Request : url=https://randomuser.me/api 
 path_url=/api 
 headers={'User-Agent': 'python-requests/2.32.3', 'Accept-Encoding': 'gzip, deflate', 'Accept': '*/*', 'Connection': 'keep-alive'} 
 body=None 
 </msg>
<msg time="2024-08-08T13:19:17.043370" level="INFO">GET Response : url=https://randomuser.me/api 
 status=200, reason=OK 
 headers={'Date': 'Thu, 08 Aug 2024 13:19:17 GMT', 'Content-Type': 'application/json; charset=utf-8', 'Transfer-Encoding': 'chunked', 'Connection': 'keep-alive', 'X-Powered-By': 'Express', 'Access-Control-Allow-Origin': '*', 'Cache-Control': 'no-cache', 'ETag': 'W/"47b-FZ4qxU10PRx1JAb6DlDGVwWrJ0c"', 'Vary': 'Accept-Encoding', 'Content-Encoding': 'gzip', 'CF-Cache-Status': 'DYNAMIC', 'Report-To': '{"endpoints":[{"url":"https:\\/\\/a.nel.cloudflare.com\\/report\\/v4?s=ndJb3WixZshssf5kG2otBZoc2mrx6PT1NWqJzM85Y8pUE%2FSu4hLR7Uh5IG%2BZUYaJxvunLl5swMm2UccgjxBzrQesJgkMs5Y91bMuqnYKJYHYY%2FBRWZEMaUYnug%2FYFwt1"}],"group":"cf-nel","max_age":604800}', 'NEL': '{"success_fraction":0,"report_to":"cf-nel","max_age":604800}', 'Server': 'cloudflare', 'CF-RAY': '8affcbe00db78f14-IAD', 'alt-svc': 'h3=":443"; ma=86400'} 
 body={"results":[{"gender":"male","name":{"title":"Mr","first":"Felipe","last":"Escobar"},"location":{"street":{"number":3598,"name":"Viaducto Honduras"},"city":"Chapalilla","state":"Veracruz","country":"Mexico","postcode":80497,"coordinates":{"latitude":"23.8772","longitude":"-68.0770"},"timezone":{"offset":"-9:00","description":"Alaska"}},"email":"felipe.escobar@example.com","login":{"uuid":"4415f2ec-38d7-44eb-95a2-10557d45f9d8","username":"redcat207","password":"feeling","salt":"nG2Bs6Rv","md5":"6990acf13a0a378ba715e41d9046ffa9","sha1":"305397192e229105c37fa37a652877cd158ae348","sha256":"c3c4017dad59c3c79c1e889a53312b2a209ed1c0000812b9d507f845d624a8dc"},"dob":{"date":"1945-04-04T15:48:34.201Z","age":79},"registered":{"date":"2008-09-09T07:07:38.236Z","age":15},"phone":"(648) 339 5856","cell":"(672) 787 9076","id":{"name":"NSS","value":"70 12 00 9572 3"},"picture":{"large":"https://randomuser.me/api/portraits/men/33.jpg","medium":"https://randomuser.me/api/portraits/med/men/33.jpg","thumbnail":"https://randomuser.me/api/portraits/thumb/men/33.jpg"},"nat":"MX"}],"info":{"seed":"aceb0419674f6421","results":1,"page":1,"version":"1.4"}} 
 </msg>
<msg time="2024-08-08T13:19:17.043448" level="INFO">/opt/hostedtoolcache/Python/3.12.4/x64/lib/python3.12/site-packages/urllib3/connectionpool.py:1099: InsecureRequestWarning: Unverified HTTPS request is being made to host 'randomuser.me'. Adding certificate verification is strongly advised. See: https://urllib3.readthedocs.io/en/latest/advanced-usage.html#tls-warnings
  warnings.warn(</msg>
<msg time="2024-08-08T13:19:17.043569" level="INFO">${response} = &lt;Response [200]&gt;</msg>
<var>${response}</var>
<arg>consultarAPI</arg>
<arg>/api</arg>
<doc>Sends a GET request on a previously created HTTP Session.</doc>
<status status="PASS" start="2024-08-08T13:19:08.808444" elapsed="8.235161"/>
</kw>
<kw name="Set Variable" owner="BuiltIn">
<msg time="2024-08-08T13:19:17.044647" level="INFO">${json_data} = {'results': [{'gender': 'male', 'name': {'title': 'Mr', 'first': 'Felipe', 'last': 'Escobar'}, 'location': {'street': {'number': 3598, 'name': 'Viaducto Honduras'}, 'city': 'Chapalilla', 'state': 'Ver...</msg>
<var>${json_data}</var>
<arg>${response.json()}</arg>
<doc>Returns the given values which can then be assigned to a variables.</doc>
<status status="PASS" start="2024-08-08T13:19:17.044124" elapsed="0.000552"/>
</kw>
<kw name="Log" owner="BuiltIn">
<msg time="2024-08-08T13:19:17.045132" level="INFO">{'results': [{'gender': 'male', 'name': {'title': 'Mr', 'first': 'Felipe', 'last': 'Escobar'}, 'location': {'street': {'number': 3598, 'name': 'Viaducto Honduras'}, 'city': 'Chapalilla', 'state': 'Veracruz', 'country': 'Mexico', 'postcode': 80497, 'coordinates': {'latitude': '23.8772', 'longitude': '-68.0770'}, 'timezone': {'offset': '-9:00', 'description': 'Alaska'}}, 'email': 'felipe.escobar@example.com', 'login': {'uuid': '4415f2ec-38d7-44eb-95a2-10557d45f9d8', 'username': 'redcat207', 'password': 'feeling', 'salt': 'nG2Bs6Rv', 'md5': '6990acf13a0a378ba715e41d9046ffa9', 'sha1': '305397192e229105c37fa37a652877cd158ae348', 'sha256': 'c3c4017dad59c3c79c1e889a53312b2a209ed1c0000812b9d507f845d624a8dc'}, 'dob': {'date': '1945-04-04T15:48:34.201Z', 'age': 79}, 'registered': {'date': '2008-09-09T07:07:38.236Z', 'age': 15}, 'phone': '(648) 339 5856', 'cell': '(672) 787 9076', 'id': {'name': 'NSS', 'value': '70 12 00 9572 3'}, 'picture': {'large': 'https://randomuser.me/api/portraits/men/33.jpg', 'medium': 'https://randomuser.me/api/portraits/med/men/33.jpg', 'thumbnail': 'https://randomuser.me/api/portraits/thumb/men/33.jpg'}, 'nat': 'MX'}], 'info': {'seed': 'aceb0419674f6421', 'results': 1, 'page': 1, 'version': '1.4'}}</msg>
<arg>${json_data}</arg>
<doc>Logs the given message with the given level.</doc>
<status status="PASS" start="2024-08-08T13:19:17.044976" elapsed="0.000202"/>
</kw>
<kw name="Should Be Equal As Numbers" owner="BuiltIn">
<arg>${json_data['results'][0]['location']['postcode']}</arg>
<arg>${json_data['results'][0]['location']['postcode']}</arg>
<doc>Fails if objects are unequal after converting them to real numbers.</doc>
<status status="PASS" start="2024-08-08T13:19:17.045476" elapsed="0.000620"/>
</kw>
<kw name="Log" owner="BuiltIn">
<msg time="2024-08-08T13:19:17.046678" level="INFO">80497</msg>
<arg>${json_data['results'][0]['location']['postcode']}</arg>
<doc>Logs the given message with the given level.</doc>
<status status="PASS" start="2024-08-08T13:19:17.046333" elapsed="0.000385"/>
</kw>
<status status="PASS" start="2024-08-08T13:19:08.808217" elapsed="8.238787"/>
</kw>
<doc>Testa se os tipos de dados na resposta da API estão corretos.</doc>
<tag>testeTiposDados</tag>
<status status="PASS" start="2024-08-08T13:19:00.863805" elapsed="16.183376"/>
</test>
<test id="s1-s1-t5" name="Validar conteudo" line="35">
<kw name="Teste de Tipos de Conteudo" owner="random-user-service">
<kw name="GET On Session" owner="RequestsLibrary">
<msg time="2024-08-08T13:19:25.566924" level="INFO">GET Request : url=https://randomuser.me/api 
 path_url=/api 
 headers={'User-Agent': 'python-requests/2.32.3', 'Accept-Encoding': 'gzip, deflate', 'Accept': '*/*', 'Connection': 'keep-alive'} 
 body=None 
 </msg>
<msg time="2024-08-08T13:19:25.567037" level="INFO">GET Response : url=https://randomuser.me/api 
 status=200, reason=OK 
 headers={'Date': 'Thu, 08 Aug 2024 13:19:25 GMT', 'Content-Type': 'application/json; charset=utf-8', 'Transfer-Encoding': 'chunked', 'Connection': 'keep-alive', 'X-Powered-By': 'Express', 'Access-Control-Allow-Origin': '*', 'Cache-Control': 'no-cache', 'ETag': 'W/"48d-dOVSGrg+mE8Nsr5xx2ZIx05vpYw"', 'Vary': 'Accept-Encoding', 'Content-Encoding': 'gzip', 'CF-Cache-Status': 'DYNAMIC', 'Report-To': '{"endpoints":[{"url":"https:\\/\\/a.nel.cloudflare.com\\/report\\/v4?s=1v9aZy4c9LhiYq%2BFtv%2FPXug%2FsHaNDJe3YnAQO%2BAt%2BtT4bbST1PsgvuBoOsG1KIgJ6vil2QaxqN5zCRD0CEXVBY45Vn5ce90ONQ7pjivE%2FNjnNwYVIHelSfIXtVtPh25i"}],"group":"cf-nel","max_age":604800}', 'NEL': '{"success_fraction":0,"report_to":"cf-nel","max_age":604800}', 'Server': 'cloudflare', 'CF-RAY': '8affcc139a5b8f14-IAD', 'alt-svc': 'h3=":443"; ma=86400'} 
 body={"results":[{"gender":"female","name":{"title":"Ms","first":"Zofia","last":"Holtet"},"location":{"street":{"number":2234,"name":"Kringveien"},"city":"Årnes","state":"Sør-Trøndelag","country":"Norway","postcode":"3943","coordinates":{"latitude":"40.3265","longitude":"23.5935"},"timezone":{"offset":"+3:00","description":"Baghdad, Riyadh, Moscow, St. Petersburg"}},"email":"zofia.holtet@example.com","login":{"uuid":"f5c837fc-815d-4c34-afc4-516f631657df","username":"browngoose156","password":"school","salt":"hw1Vosh7","md5":"5e792d76b12b4beb2b67e5f81c2a7798","sha1":"32ce74881e9e852d1b5e1eeb112f455e213f4296","sha256":"bcbcf46324300d0a2d37f2c36744a0d918b497ac5f8dea86421230eb18e9c829"},"dob":{"date":"1967-04-23T17:54:11.245Z","age":57},"registered":{"date":"2021-08-04T23:27:36.519Z","age":3},"phone":"31434896","cell":"95410013","id":{"name":"FN","value":"23046740823"},"picture":{"large":"https://randomuser.me/api/portraits/women/36.jpg","medium":"https://randomuser.me/api/portraits/med/women/36.jpg","thumbnail":"https://randomuser.me/api/portraits/thumb/women/36.jpg"},"nat":"NO"}],"info":{"seed":"43bf78b54f98afd5","results":1,"page":1,"version":"1.4"}} 
 </msg>
<msg time="2024-08-08T13:19:25.567123" level="INFO">/opt/hostedtoolcache/Python/3.12.4/x64/lib/python3.12/site-packages/urllib3/connectionpool.py:1099: InsecureRequestWarning: Unverified HTTPS request is being made to host 'randomuser.me'. Adding certificate verification is strongly advised. See: https://urllib3.readthedocs.io/en/latest/advanced-usage.html#tls-warnings
  warnings.warn(</msg>
<msg time="2024-08-08T13:19:25.567259" level="INFO">${response} = &lt;Response [200]&gt;</msg>
<var>${response}</var>
<arg>consultarAPI</arg>
<arg>/api</arg>
<doc>Sends a GET request on a previously created HTTP Session.</doc>
<status status="PASS" start="2024-08-08T13:19:17.049617" elapsed="8.517691"/>
</kw>
<kw name="Set Variable" owner="BuiltIn">
<msg time="2024-08-08T13:19:25.568359" level="INFO">${json_data} = {'results': [{'gender': 'female', 'name': {'title': 'Ms', 'first': 'Zofia', 'last': 'Holtet'}, 'location': {'street': {'number': 2234, 'name': 'Kringveien'}, 'city': 'Årnes', 'state': 'Sør-Trøndelag',...</msg>
<var>${json_data}</var>
<arg>${response.json()}</arg>
<doc>Returns the given values which can then be assigned to a variables.</doc>
<status status="PASS" start="2024-08-08T13:19:25.567828" elapsed="0.000561"/>
</kw>
<kw name="Set Variable" owner="BuiltIn">
<msg time="2024-08-08T13:19:25.569071" level="INFO">${name_title} = Ms</msg>
<var>${name_title}</var>
<arg>${json_data["results"][0]["name"]["title"]}</arg>
<doc>Returns the given values which can then be assigned to a variables.</doc>
<status status="PASS" start="2024-08-08T13:19:25.568687" elapsed="0.000410"/>
</kw>
<kw name="Create List" owner="BuiltIn">
<msg time="2024-08-08T13:19:25.569693" level="INFO">${allowed_titles} = ['Mr', 'Ms', 'Miss', 'Mrs', 'Madame', 'Monsieur']</msg>
<var>${allowed_titles}</var>
<arg>Mr</arg>
<arg>Ms</arg>
<arg>Miss</arg>
<arg>Mrs</arg>
<arg>Madame</arg>
<arg>Monsieur</arg>
<doc>Returns a list containing given items.</doc>
<status status="PASS" start="2024-08-08T13:19:25.569456" elapsed="0.000279"/>
</kw>
<kw name="List Should Contain Value" owner="Collections">
<arg>${allowed_titles}</arg>
<arg>${name_title}</arg>
<doc>Fails if the ``value`` is not found from ``list``.</doc>
<status status="PASS" start="2024-08-08T13:19:25.570135" elapsed="0.000257"/>
</kw>
<kw name="Set Variable" owner="BuiltIn">
<msg time="2024-08-08T13:19:25.571140" level="INFO">${name_country} = NO</msg>
<var>${name_country}</var>
<arg>${json_data["results"][0]["nat"]}</arg>
<doc>Returns the given values which can then be assigned to a variables.</doc>
<status status="PASS" start="2024-08-08T13:19:25.570626" elapsed="0.000547"/>
</kw>
<kw name="Create List" owner="BuiltIn">
<msg time="2024-08-08T13:19:25.572504" level="INFO">${list_country} = ['AD', 'AE', 'AF', 'AG', 'AI', 'AL', 'AM', 'AO', 'AQ', 'AR', 'AS', 'AT', 'AU', 'AW', 'AX', 'AZ', 'BA', 'BB', 'BD', 'BE', 'BF', 'BG', 'BH', 'BI', 'BJ', 'BL', 'BM', 'BN', 'BO', 'BQ', 'BR', 'BS', 'BT', '...</msg>
<var>${list_country}</var>
<arg>AD</arg>
<arg>AE</arg>
<arg>AF</arg>
<arg>AG</arg>
<arg>AI</arg>
<arg>AL</arg>
<arg>AM</arg>
<arg>AO</arg>
<arg>AQ</arg>
<arg>AR</arg>
<arg>AS</arg>
<arg>AT</arg>
<arg>AU</arg>
<arg>AW</arg>
<arg>AX</arg>
<arg>AZ</arg>
<arg>BA</arg>
<arg>BB</arg>
<arg>BD</arg>
<arg>BE</arg>
<arg>BF</arg>
<arg>BG</arg>
<arg>BH</arg>
<arg>BI</arg>
<arg>BJ</arg>
<arg>BL</arg>
<arg>BM</arg>
<arg>BN</arg>
<arg>BO</arg>
<arg>BQ</arg>
<arg>BR</arg>
<arg>BS</arg>
<arg>BT</arg>
<arg>BV</arg>
<arg>BW</arg>
<arg>BY</arg>
<arg>BZ</arg>
<arg>CA</arg>
<arg>CC</arg>
<arg>CD</arg>
<arg>CF</arg>
<arg>CG</arg>
<arg>CH</arg>
<arg>CI</arg>
<arg>CK</arg>
<arg>CL</arg>
<arg>CM</arg>
<arg>CN</arg>
<arg>CO</arg>
<arg>CR</arg>
<arg>CU</arg>
<arg>CV</arg>
<arg>CW</arg>
<arg>CX</arg>
<arg>CY</arg>
<arg>CZ</arg>
<arg>DE</arg>
<arg>DJ</arg>
<arg>DK</arg>
<arg>DM</arg>
<arg>DO</arg>
<arg>DZ</arg>
<arg>EC</arg>
<arg>EE</arg>
<arg>EG</arg>
<arg>EH</arg>
<arg>ER</arg>
<arg>ES</arg>
<arg>ET</arg>
<arg>FI</arg>
<arg>FJ</arg>
<arg>FK</arg>
<arg>FM</arg>
<arg>FO</arg>
<arg>FR</arg>
<arg>GA</arg>
<arg>GB</arg>
<arg>GD</arg>
<arg>GE</arg>
<arg>GF</arg>
<arg>GG</arg>
<arg>GH</arg>
<arg>GI</arg>
<arg>GL</arg>
<arg>GM</arg>
<arg>GN</arg>
<arg>GP</arg>
<arg>GQ</arg>
<arg>GR</arg>
<arg>GS</arg>
<arg>GT</arg>
<arg>GU</arg>
<arg>GW</arg>
<arg>GY</arg>
<arg>HK</arg>
<arg>HM</arg>
<arg>HN</arg>
<arg>HR</arg>
<arg>HT</arg>
<arg>HU</arg>
<arg>ID</arg>
<arg>IE</arg>
<arg>IL</arg>
<arg>IM</arg>
<arg>IN</arg>
<arg>IO</arg>
<arg>IQ</arg>
<arg>IR</arg>
<arg>IS</arg>
<arg>IT</arg>
<arg>JE</arg>
<arg>JM</arg>
<arg>JO</arg>
<arg>JP</arg>
<arg>KE</arg>
<arg>KG</arg>
<arg>KH</arg>
<arg>KI</arg>
<arg>KM</arg>
<arg>KN</arg>
<arg>KP</arg>
<arg>KR</arg>
<arg>KW</arg>
<arg>KY</arg>
<arg>KZ</arg>
<arg>LA</arg>
<arg>LB</arg>
<arg>LC</arg>
<arg>LI</arg>
<arg>LK</arg>
<arg>LR</arg>
<arg>LS</arg>
<arg>LT</arg>
<arg>LU</arg>
<arg>LV</arg>
<arg>LY</arg>
<arg>MA</arg>
<arg>MC</arg>
<arg>MD</arg>
<arg>ME</arg>
<arg>MF</arg>
<arg>MG</arg>
<arg>MH</arg>
<arg>MK</arg>
<arg>ML</arg>
<arg>MM</arg>
<arg>MN</arg>
<arg>MO</arg>
<arg>MP</arg>
<arg>MQ</arg>
<arg>MR</arg>
<arg>MS</arg>
<arg>MT</arg>
<arg>MU</arg>
<arg>MV</arg>
<arg>MW</arg>
<arg>MX</arg>
<arg>MY</arg>
<arg>MZ</arg>
<arg>NA</arg>
<arg>NC</arg>
<arg>NE</arg>
<arg>NF</arg>
<arg>NG</arg>
<arg>NI</arg>
<arg>NL</arg>
<arg>NO</arg>
<arg>NP</arg>
<arg>NR</arg>
<arg>NU</arg>
<arg>NZ</arg>
<arg>OM</arg>
<arg>PA</arg>
<arg>PE</arg>
<arg>PF</arg>
<arg>PG</arg>
<arg>PH</arg>
<arg>PK</arg>
<arg>PL</arg>
<arg>PM</arg>
<arg>PN</arg>
<arg>PR</arg>
<arg>PS</arg>
<arg>PT</arg>
<arg>PW</arg>
<arg>PY</arg>
<arg>QA</arg>
<arg>RE</arg>
<arg>RO</arg>
<arg>RS</arg>
<arg>RU</arg>
<arg>RW</arg>
<arg>SA</arg>
<arg>SB</arg>
<arg>SC</arg>
<arg>SD</arg>
<arg>SE</arg>
<arg>SG</arg>
<arg>SH</arg>
<arg>SI</arg>
<arg>SJ</arg>
<arg>SK</arg>
<arg>SL</arg>
<arg>SM</arg>
<arg>SN</arg>
<arg>SO</arg>
<arg>SR</arg>
<arg>SS</arg>
<arg>ST</arg>
<arg>SV</arg>
<arg>SX</arg>
<arg>SY</arg>
<arg>SZ</arg>
<arg>TC</arg>
<arg>TD</arg>
<arg>TF</arg>
<arg>TG</arg>
<arg>TH</arg>
<arg>TJ</arg>
<arg>TK</arg>
<arg>TL</arg>
<arg>TM</arg>
<arg>TN</arg>
<arg>TO</arg>
<arg>TR</arg>
<arg>TT</arg>
<arg>TV</arg>
<arg>TW</arg>
<arg>TZ</arg>
<arg>UA</arg>
<arg>UG</arg>
<arg>UM</arg>
<arg>US</arg>
<arg>UY</arg>
<arg>UZ</arg>
<arg>VA</arg>
<arg>VC</arg>
<arg>VE</arg>
<arg>VG</arg>
<arg>VI</arg>
<arg>VN</arg>
<arg>VU</arg>
<arg>WF</arg>
<arg>WS</arg>
<arg>XK</arg>
<arg>YE</arg>
<arg>YT</arg>
<arg>ZA</arg>
<arg>ZM</arg>
<arg>ZW</arg>
<doc>Returns a list containing given items.</doc>
<status status="PASS" start="2024-08-08T13:19:25.571543" elapsed="0.001002"/>
</kw>
<kw name="List Should Contain Value" owner="Collections">
<arg>${list_country}</arg>
<arg>${name_country}</arg>
<doc>Fails if the ``value`` is not found from ``list``.</doc>
<status status="PASS" start="2024-08-08T13:19:25.573547" elapsed="0.000213"/>
</kw>
<kw name="Run Keyword If" owner="BuiltIn">
<kw name="Should Be True" owner="BuiltIn">
<arg>${True}</arg>
<doc>Fails if the given condition is not true.</doc>
<status status="PASS" start="2024-08-08T13:19:25.574742" elapsed="0.000144"/>
</kw>
<arg>${json_data["results"][0]["location"]["coordinates"]["latitude"]} &gt;= -90 and ${json_data["results"][0]["location"]["coordinates"]["latitude"]} &lt;= 90</arg>
<arg>Should Be True</arg>
<arg>${True}</arg>
<doc>Runs the given keyword with the given arguments, if ``condition`` is true.</doc>
<status status="PASS" start="2024-08-08T13:19:25.573959" elapsed="0.001053"/>
</kw>
<kw name="Run Keyword If" owner="BuiltIn">
<kw name="Should Be True" owner="BuiltIn">
<arg>${True}</arg>
<doc>Fails if the given condition is not true.</doc>
<status status="PASS" start="2024-08-08T13:19:25.575895" elapsed="0.000141"/>
</kw>
<arg>${json_data["results"][0]["location"]["coordinates"]["longitude"]} &gt;= -180 and ${json_data["results"][0]["location"]["coordinates"]["longitude"]} &lt;= 180</arg>
<arg>Should Be True</arg>
<arg>${True}</arg>
<doc>Runs the given keyword with the given arguments, if ``condition`` is true.</doc>
<status status="PASS" start="2024-08-08T13:19:25.575191" elapsed="0.000969"/>
</kw>
<status status="PASS" start="2024-08-08T13:19:17.049387" elapsed="8.526902"/>
</kw>
<doc>Testa o conteúdo específico dos campos retornados pela API.</doc>
<tag>testeConteudo</tag>
<status status="PASS" start="2024-08-08T13:19:17.048930" elapsed="8.527516"/>
</test>
<status status="PASS" start="2024-08-08T13:18:45.622934" elapsed="39.955475"/>
</suite>
<status status="PASS" start="2024-08-08T13:18:45.608149" elapsed="39.975363"/>
</suite>
<statistics>
<total>
<stat pass="5" fail="0" skip="0">All Tests</stat>
</total>
<tag>
<stat pass="1" fail="0" skip="0">testeConteudo</stat>
<stat pass="1" fail="0" skip="0">testeEstruturaResposta</stat>
<stat pass="1" fail="0" skip="0">testeRequisicaoBasica</stat>
<stat pass="1" fail="0" skip="0">testeTiposDados</stat>
</tag>
<suite>
<stat pass="5" fail="0" skip="0" id="s1" name="Tests">Tests</stat>
<stat pass="5" fail="0" skip="0" id="s1-s1" name="Random-User-Test">Tests.Random-User-Test</stat>
</suite>
</statistics>
<errors>
</errors>
</robot>
