<?xml version="1.0" encoding="UTF-8"?>
<robot generator="Robot 7.0 (Python 3.12.3 on linux)" generated="2024-05-23T08:18:06.530923" rpa="false" schemaversion="5">
<suite id="s1" name="Tests" source="/home/runner/work/DesafioQAItauRogerioJordao/DesafioQAItauRogerioJordao/RamdonUser/tests">
<suite id="s1-s1" name="Random-User-Test" source="/home/runner/work/DesafioQAItauRogerioJordao/DesafioQAItauRogerioJordao/RamdonUser/tests/random-user-test.robot">
<test id="s1-s1-t1" name="Conectar" line="13">
<kw name="Conectar API" owner="random-user-service">
<kw name="Create Session" owner="RequestsLibrary">
<msg time="2024-05-23T08:18:06.924159" level="INFO">Creating Session using : alias=consultarAPI, url=https://randomuser.me/, headers={},                     cookies={}, auth=None, timeout=None, proxies=None, verify=False,                     debug=0 </msg>
<arg>consultarAPI</arg>
<arg>${URL}</arg>
<doc>Create Session: create a HTTP session to a server</doc>
<status status="PASS" start="2024-05-23T08:18:06.923942" elapsed="0.000402"/>
</kw>
<status status="PASS" start="2024-05-23T08:18:06.922802" elapsed="0.001910"/>
</kw>
<status status="PASS" start="2024-05-23T08:18:06.922242" elapsed="0.002664"/>
</test>
<test id="s1-s1-t2" name="Validar retorno 200 e JSON Válido" line="16">
<kw name="Teste de Requisicao Basica" owner="random-user-service">
<kw name="GET On Session" owner="RequestsLibrary">
<msg time="2024-05-23T08:18:07.095293" level="INFO">GET Request : url=https://randomuser.me/api 
 path_url=/api 
 headers={'User-Agent': 'python-requests/2.32.2', 'Accept-Encoding': 'gzip, deflate', 'Accept': '*/*', 'Connection': 'keep-alive'} 
 body=None 
 </msg>
<msg time="2024-05-23T08:18:07.095449" level="INFO">GET Response : url=https://randomuser.me/api 
 status=200, reason=OK 
 headers={'Date': 'Thu, 23 May 2024 08:18:07 GMT', 'Content-Type': 'application/json; charset=utf-8', 'Transfer-Encoding': 'chunked', 'Connection': 'keep-alive', 'X-Powered-By': 'Express', 'Access-Control-Allow-Origin': '*', 'Cache-Control': 'no-cache', 'ETag': 'W/"492-8KkGDNzL6uf/+hpj/hvmEPmFoFQ"', 'Vary': 'Accept-Encoding', 'Content-Encoding': 'gzip', 'CF-Cache-Status': 'DYNAMIC', 'Report-To': '{"endpoints":[{"url":"https:\\/\\/a.nel.cloudflare.com\\/report\\/v4?s=Gu8p0rizIRzAwVBqw4xWABiYLevlG%2BC30BuDwiTMpR79pwmy%2F%2FLzpscxINO20oEi8t3X5clW%2FeihbnIECQ%2Bi%2B550kFiSMlww2dwnIpbk1QkwBNRR%2Bf%2FEnNcoK4rXnHzl"}],"group":"cf-nel","max_age":604800}', 'NEL': '{"success_fraction":0,"report_to":"cf-nel","max_age":604800}', 'Server': 'cloudflare', 'CF-RAY': '88839d0a2efb3b3c-IAD', 'alt-svc': 'h3=":443"; ma=86400'} 
 body={"results":[{"gender":"female","name":{"title":"Ms","first":"Isabel","last":"Jackson"},"location":{"street":{"number":1497,"name":"Fendalton Road"},"city":"Blenheim","state":"Wellington","country":"New Zealand","postcode":43828,"coordinates":{"latitude":"55.3355","longitude":"43.1924"},"timezone":{"offset":"+1:00","description":"Brussels, Copenhagen, Madrid, Paris"}},"email":"isabel.jackson@example.com","login":{"uuid":"64d7240e-6768-4cc6-8018-ad9f2eb5ec80","username":"lazymouse832","password":"angelo","salt":"BxGVVxpc","md5":"6213d606226ed7ba2cb8215ff3072228","sha1":"037e49715dfa932652c52a48755f34c97e575ab5","sha256":"add4ee9b524a75f47a2a02d151dd4b8cccfaebce6e8a85c82b119ad3b233af42"},"dob":{"date":"1979-06-05T19:39:42.366Z","age":44},"registered":{"date":"2021-09-23T17:00:14.857Z","age":2},"phone":"(873)-975-0666","cell":"(397)-829-5292","id":{"name":"","value":null},"picture":{"large":"https://randomuser.me/api/portraits/women/14.jpg","medium":"https://randomuser.me/api/portraits/med/women/14.jpg","thumbnail":"https://randomuser.me/api/portraits/thumb/women/14.jpg"},"nat":"NZ"}],"info":{"seed":"b7b7201810d4abdb","results":1,"page":1,"version":"1.4"}} 
 </msg>
<msg time="2024-05-23T08:18:07.095532" level="INFO">/opt/hostedtoolcache/Python/3.12.3/x64/lib/python3.12/site-packages/urllib3/connectionpool.py:1103: InsecureRequestWarning: Unverified HTTPS request is being made to host 'randomuser.me'. Adding certificate verification is strongly advised. See: https://urllib3.readthedocs.io/en/latest/advanced-usage.html#tls-warnings
  warnings.warn(</msg>
<msg time="2024-05-23T08:18:07.095676" level="INFO">${response} = &lt;Response [200]&gt;</msg>
<var>${response}</var>
<arg>consultarAPI</arg>
<arg>/api</arg>
<doc>Sends a GET request on a previously created HTTP Session.</doc>
<status status="PASS" start="2024-05-23T08:18:06.927534" elapsed="0.168191"/>
</kw>
<kw name="Should Be Equal As Numbers" owner="BuiltIn">
<msg time="2024-05-23T08:18:07.096769" level="INFO">Argument types are:
&lt;class 'int'&gt;
&lt;class 'str'&gt;</msg>
<arg>${response.status_code}</arg>
<arg>200</arg>
<doc>Fails if objects are unequal after converting them to real numbers.</doc>
<status status="PASS" start="2024-05-23T08:18:07.096294" elapsed="0.000545"/>
</kw>
<kw name="Log" owner="BuiltIn">
<msg time="2024-05-23T08:18:07.097639" level="INFO">200</msg>
<arg>${response.status_code}</arg>
<doc>Logs the given message with the given level.</doc>
<status status="PASS" start="2024-05-23T08:18:07.097265" elapsed="0.000423"/>
</kw>
<kw name="Set Variable" owner="BuiltIn">
<msg time="2024-05-23T08:18:07.098443" level="INFO">${json_data} = {'results': [{'gender': 'female', 'name': {'title': 'Ms', 'first': 'Isabel', 'last': 'Jackson'}, 'location': {'street': {'number': 1497, 'name': 'Fendalton Road'}, 'city': 'Blenheim', 'state': 'Wellin...</msg>
<var>${json_data}</var>
<arg>${response.json()}</arg>
<doc>Returns the given values which can then be assigned to a variables.</doc>
<status status="PASS" start="2024-05-23T08:18:07.098008" elapsed="0.000464"/>
</kw>
<kw name="Dictionary Should Contain Key" owner="Collections">
<msg time="2024-05-23T08:18:07.098952" level="INFO">False</msg>
<arg>${json_data}</arg>
<arg>results</arg>
<doc>Fails if ``key`` is not found from ``dictionary``.</doc>
<status status="PASS" start="2024-05-23T08:18:07.098778" elapsed="0.000387"/>
</kw>
<status status="PASS" start="2024-05-23T08:18:06.927276" elapsed="0.172159"/>
</kw>
<doc>Testa se a API responde corretamente e retorna um objeto JSON válido.</doc>
<tag>testeRequisicaoBasica</tag>
<status status="PASS" start="2024-05-23T08:18:06.926810" elapsed="0.172811"/>
</test>
<test id="s1-s1-t3" name="Validar estrutura de resposta" line="22">
<kw name="Teste de Estrutura de Resposta" owner="random-user-service">
<kw name="GET On Session" owner="RequestsLibrary">
<msg time="2024-05-23T08:18:07.205901" level="INFO">GET Request : url=https://randomuser.me/api 
 path_url=/api 
 headers={'User-Agent': 'python-requests/2.32.2', 'Accept-Encoding': 'gzip, deflate', 'Accept': '*/*', 'Connection': 'keep-alive'} 
 body=None 
 </msg>
<msg time="2024-05-23T08:18:07.206021" level="INFO">GET Response : url=https://randomuser.me/api 
 status=200, reason=OK 
 headers={'Date': 'Thu, 23 May 2024 08:18:07 GMT', 'Content-Type': 'application/json; charset=utf-8', 'Transfer-Encoding': 'chunked', 'Connection': 'keep-alive', 'X-Powered-By': 'Express', 'Access-Control-Allow-Origin': '*', 'Cache-Control': 'no-cache', 'ETag': 'W/"48b-RmuqRZUXMQQVZirGtbvms5rAFEc"', 'Vary': 'Accept-Encoding', 'Content-Encoding': 'gzip', 'CF-Cache-Status': 'DYNAMIC', 'Report-To': '{"endpoints":[{"url":"https:\\/\\/a.nel.cloudflare.com\\/report\\/v4?s=Ok3iCwZZedHoY6m0gKrVWdAc7O6OGWVNhe%2Fo3NBN7t1pqMdtOK7f9i3wYcye5H%2FT%2FL3jXHkS9MpsYI1HahjsKR2gszqhZEayZPnkcSDTSlE%2B%2Fn9DZD4n576LPnXcK3XP"}],"group":"cf-nel","max_age":604800}', 'NEL': '{"success_fraction":0,"report_to":"cf-nel","max_age":604800}', 'Server': 'cloudflare', 'CF-RAY': '88839d0a6f353b3c-IAD', 'alt-svc': 'h3=":443"; ma=86400'} 
 body={"results":[{"gender":"female","name":{"title":"Ms","first":"Vicki","last":"Frazier"},"location":{"street":{"number":2804,"name":"Woodland St"},"city":"Wichita","state":"Colorado","country":"United States","postcode":39636,"coordinates":{"latitude":"82.8181","longitude":"56.1386"},"timezone":{"offset":"-11:00","description":"Midway Island, Samoa"}},"email":"vicki.frazier@example.com","login":{"uuid":"f4d04ff1-5748-4114-bf41-84c015d3e2af","username":"biglion375","password":"consumer","salt":"BrIgfrT0","md5":"08e901e8e4bb82a141d0d787c8d59f65","sha1":"e638f2ecaf6fb4826e51d05aed5eaf247def60ae","sha256":"de8f709a1685a76422f6d90fcd695749c57ece653d99920a2ad41429f5a9a835"},"dob":{"date":"1987-10-11T03:33:30.144Z","age":36},"registered":{"date":"2003-02-18T19:44:44.014Z","age":21},"phone":"(482) 916-9632","cell":"(429) 258-6950","id":{"name":"SSN","value":"025-43-3510"},"picture":{"large":"https://randomuser.me/api/portraits/women/10.jpg","medium":"https://randomuser.me/api/portraits/med/women/10.jpg","thumbnail":"https://randomuser.me/api/portraits/thumb/women/10.jpg"},"nat":"US"}],"info":{"seed":"395618a4364134a4","results":1,"page":1,"version":"1.4"}} 
 </msg>
<msg time="2024-05-23T08:18:07.206169" level="INFO">/opt/hostedtoolcache/Python/3.12.3/x64/lib/python3.12/site-packages/urllib3/connectionpool.py:1103: InsecureRequestWarning: Unverified HTTPS request is being made to host 'randomuser.me'. Adding certificate verification is strongly advised. See: https://urllib3.readthedocs.io/en/latest/advanced-usage.html#tls-warnings
  warnings.warn(</msg>
<msg time="2024-05-23T08:18:07.206309" level="INFO">${response} = &lt;Response [200]&gt;</msg>
<var>${response}</var>
<arg>consultarAPI</arg>
<arg>/api</arg>
<doc>Sends a GET request on a previously created HTTP Session.</doc>
<status status="PASS" start="2024-05-23T08:18:07.102237" elapsed="0.104115"/>
</kw>
<kw name="Set Variable" owner="BuiltIn">
<msg time="2024-05-23T08:18:07.207449" level="INFO">${json_data} = {'results': [{'gender': 'female', 'name': {'title': 'Ms', 'first': 'Vicki', 'last': 'Frazier'}, 'location': {'street': {'number': 2804, 'name': 'Woodland St'}, 'city': 'Wichita', 'state': 'Colorado', ...</msg>
<var>${json_data}</var>
<arg>${response.json()}</arg>
<doc>Returns the given values which can then be assigned to a variables.</doc>
<status status="PASS" start="2024-05-23T08:18:07.206888" elapsed="0.000593"/>
</kw>
<kw name="Log" owner="BuiltIn">
<msg time="2024-05-23T08:18:07.208011" level="INFO">{'results': [{'gender': 'female', 'name': {'title': 'Ms', 'first': 'Vicki', 'last': 'Frazier'}, 'location': {'street': {'number': 2804, 'name': 'Woodland St'}, 'city': 'Wichita', 'state': 'Colorado', 'country': 'United States', 'postcode': 39636, 'coordinates': {'latitude': '82.8181', 'longitude': '56.1386'}, 'timezone': {'offset': '-11:00', 'description': 'Midway Island, Samoa'}}, 'email': 'vicki.frazier@example.com', 'login': {'uuid': 'f4d04ff1-5748-4114-bf41-84c015d3e2af', 'username': 'biglion375', 'password': 'consumer', 'salt': 'BrIgfrT0', 'md5': '08e901e8e4bb82a141d0d787c8d59f65', 'sha1': 'e638f2ecaf6fb4826e51d05aed5eaf247def60ae', 'sha256': 'de8f709a1685a76422f6d90fcd695749c57ece653d99920a2ad41429f5a9a835'}, 'dob': {'date': '1987-10-11T03:33:30.144Z', 'age': 36}, 'registered': {'date': '2003-02-18T19:44:44.014Z', 'age': 21}, 'phone': '(482) 916-9632', 'cell': '(429) 258-6950', 'id': {'name': 'SSN', 'value': '025-43-3510'}, 'picture': {'large': 'https://randomuser.me/api/portraits/women/10.jpg', 'medium': 'https://randomuser.me/api/portraits/med/women/10.jpg', 'thumbnail': 'https://randomuser.me/api/portraits/thumb/women/10.jpg'}, 'nat': 'US'}], 'info': {'seed': '395618a4364134a4', 'results': 1, 'page': 1, 'version': '1.4'}}</msg>
<arg>${json_data}</arg>
<doc>Logs the given message with the given level.</doc>
<status status="PASS" start="2024-05-23T08:18:07.207839" elapsed="0.000221"/>
</kw>
<kw name="Dictionary Should Contain Key" owner="Collections">
<msg time="2024-05-23T08:18:07.208539" level="INFO">False</msg>
<arg>${json_data}</arg>
<arg>results</arg>
<doc>Fails if ``key`` is not found from ``dictionary``.</doc>
<status status="PASS" start="2024-05-23T08:18:07.208368" elapsed="0.000209"/>
</kw>
<kw name="Should Not Be Empty" owner="BuiltIn">
<msg time="2024-05-23T08:18:07.209022" level="INFO">Length is 2.</msg>
<arg>${json_data}</arg>
<doc>Verifies that the given item is not empty.</doc>
<status status="PASS" start="2024-05-23T08:18:07.208882" elapsed="0.000228"/>
</kw>
<kw name="Create List" owner="BuiltIn">
<msg time="2024-05-23T08:18:07.209586" level="INFO">${expected_keys} = ['gender', 'name', 'location', 'email', 'login']</msg>
<var>${expected_keys}</var>
<arg>gender</arg>
<arg>name</arg>
<arg>location</arg>
<arg>email</arg>
<arg>login</arg>
<doc>Returns a list containing given items.</doc>
<status status="PASS" start="2024-05-23T08:18:07.209429" elapsed="0.000180"/>
</kw>
<for flavor="IN">
<iter>
<kw name="Dictionary Should Contain Key" owner="Collections">
<msg time="2024-05-23T08:18:07.210639" level="INFO">False</msg>
<arg>${json_data['results'][0]}</arg>
<arg>${key}</arg>
<doc>Fails if ``key`` is not found from ``dictionary``.</doc>
<status status="PASS" start="2024-05-23T08:18:07.210212" elapsed="0.000471"/>
</kw>
<kw name="Log" owner="BuiltIn">
<msg time="2024-05-23T08:18:07.211362" level="INFO">{'gender': 'female', 'name': {'title': 'Ms', 'first': 'Vicki', 'last': 'Frazier'}, 'location': {'street': {'number': 2804, 'name': 'Woodland St'}, 'city': 'Wichita', 'state': 'Colorado', 'country': 'United States', 'postcode': 39636, 'coordinates': {'latitude': '82.8181', 'longitude': '56.1386'}, 'timezone': {'offset': '-11:00', 'description': 'Midway Island, Samoa'}}, 'email': 'vicki.frazier@example.com', 'login': {'uuid': 'f4d04ff1-5748-4114-bf41-84c015d3e2af', 'username': 'biglion375', 'password': 'consumer', 'salt': 'BrIgfrT0', 'md5': '08e901e8e4bb82a141d0d787c8d59f65', 'sha1': 'e638f2ecaf6fb4826e51d05aed5eaf247def60ae', 'sha256': 'de8f709a1685a76422f6d90fcd695749c57ece653d99920a2ad41429f5a9a835'}, 'dob': {'date': '1987-10-11T03:33:30.144Z', 'age': 36}, 'registered': {'date': '2003-02-18T19:44:44.014Z', 'age': 21}, 'phone': '(482) 916-9632', 'cell': '(429) 258-6950', 'id': {'name': 'SSN', 'value': '025-43-3510'}, 'picture': {'large': 'https://randomuser.me/api/portraits/women/10.jpg', 'medium': 'https://randomuser.me/api/portraits/med/women/10.jpg', 'thumbnail': 'https://randomuser.me/api/portraits/thumb/women/10.jpg'}, 'nat': 'US'}</msg>
<arg>${json_data['results'][0]}</arg>
<doc>Logs the given message with the given level.</doc>
<status status="PASS" start="2024-05-23T08:18:07.210985" elapsed="0.000427"/>
</kw>
<kw name="Log" owner="BuiltIn">
<msg time="2024-05-23T08:18:07.211837" level="INFO">gender</msg>
<arg>${key}</arg>
<doc>Logs the given message with the given level.</doc>
<status status="PASS" start="2024-05-23T08:18:07.211707" elapsed="0.000168"/>
</kw>
<var name="${key}">gender</var>
<status status="PASS" start="2024-05-23T08:18:07.210083" elapsed="0.002007"/>
</iter>
<iter>
<kw name="Dictionary Should Contain Key" owner="Collections">
<msg time="2024-05-23T08:18:07.212791" level="INFO">False</msg>
<arg>${json_data['results'][0]}</arg>
<arg>${key}</arg>
<doc>Fails if ``key`` is not found from ``dictionary``.</doc>
<status status="PASS" start="2024-05-23T08:18:07.212402" elapsed="0.000426"/>
</kw>
<kw name="Log" owner="BuiltIn">
<msg time="2024-05-23T08:18:07.213547" level="INFO">{'gender': 'female', 'name': {'title': 'Ms', 'first': 'Vicki', 'last': 'Frazier'}, 'location': {'street': {'number': 2804, 'name': 'Woodland St'}, 'city': 'Wichita', 'state': 'Colorado', 'country': 'United States', 'postcode': 39636, 'coordinates': {'latitude': '82.8181', 'longitude': '56.1386'}, 'timezone': {'offset': '-11:00', 'description': 'Midway Island, Samoa'}}, 'email': 'vicki.frazier@example.com', 'login': {'uuid': 'f4d04ff1-5748-4114-bf41-84c015d3e2af', 'username': 'biglion375', 'password': 'consumer', 'salt': 'BrIgfrT0', 'md5': '08e901e8e4bb82a141d0d787c8d59f65', 'sha1': 'e638f2ecaf6fb4826e51d05aed5eaf247def60ae', 'sha256': 'de8f709a1685a76422f6d90fcd695749c57ece653d99920a2ad41429f5a9a835'}, 'dob': {'date': '1987-10-11T03:33:30.144Z', 'age': 36}, 'registered': {'date': '2003-02-18T19:44:44.014Z', 'age': 21}, 'phone': '(482) 916-9632', 'cell': '(429) 258-6950', 'id': {'name': 'SSN', 'value': '025-43-3510'}, 'picture': {'large': 'https://randomuser.me/api/portraits/women/10.jpg', 'medium': 'https://randomuser.me/api/portraits/med/women/10.jpg', 'thumbnail': 'https://randomuser.me/api/portraits/thumb/women/10.jpg'}, 'nat': 'US'}</msg>
<arg>${json_data['results'][0]}</arg>
<doc>Logs the given message with the given level.</doc>
<status status="PASS" start="2024-05-23T08:18:07.213184" elapsed="0.000412"/>
</kw>
<kw name="Log" owner="BuiltIn">
<msg time="2024-05-23T08:18:07.214017" level="INFO">name</msg>
<arg>${key}</arg>
<doc>Logs the given message with the given level.</doc>
<status status="PASS" start="2024-05-23T08:18:07.213891" elapsed="0.000163"/>
</kw>
<var name="${key}">name</var>
<status status="PASS" start="2024-05-23T08:18:07.212286" elapsed="0.002003"/>
</iter>
<iter>
<kw name="Dictionary Should Contain Key" owner="Collections">
<msg time="2024-05-23T08:18:07.214983" level="INFO">False</msg>
<arg>${json_data['results'][0]}</arg>
<arg>${key}</arg>
<doc>Fails if ``key`` is not found from ``dictionary``.</doc>
<status status="PASS" start="2024-05-23T08:18:07.214602" elapsed="0.000419"/>
</kw>
<kw name="Log" owner="BuiltIn">
<msg time="2024-05-23T08:18:07.215690" level="INFO">{'gender': 'female', 'name': {'title': 'Ms', 'first': 'Vicki', 'last': 'Frazier'}, 'location': {'street': {'number': 2804, 'name': 'Woodland St'}, 'city': 'Wichita', 'state': 'Colorado', 'country': 'United States', 'postcode': 39636, 'coordinates': {'latitude': '82.8181', 'longitude': '56.1386'}, 'timezone': {'offset': '-11:00', 'description': 'Midway Island, Samoa'}}, 'email': 'vicki.frazier@example.com', 'login': {'uuid': 'f4d04ff1-5748-4114-bf41-84c015d3e2af', 'username': 'biglion375', 'password': 'consumer', 'salt': 'BrIgfrT0', 'md5': '08e901e8e4bb82a141d0d787c8d59f65', 'sha1': 'e638f2ecaf6fb4826e51d05aed5eaf247def60ae', 'sha256': 'de8f709a1685a76422f6d90fcd695749c57ece653d99920a2ad41429f5a9a835'}, 'dob': {'date': '1987-10-11T03:33:30.144Z', 'age': 36}, 'registered': {'date': '2003-02-18T19:44:44.014Z', 'age': 21}, 'phone': '(482) 916-9632', 'cell': '(429) 258-6950', 'id': {'name': 'SSN', 'value': '025-43-3510'}, 'picture': {'large': 'https://randomuser.me/api/portraits/women/10.jpg', 'medium': 'https://randomuser.me/api/portraits/med/women/10.jpg', 'thumbnail': 'https://randomuser.me/api/portraits/thumb/women/10.jpg'}, 'nat': 'US'}</msg>
<arg>${json_data['results'][0]}</arg>
<doc>Logs the given message with the given level.</doc>
<status status="PASS" start="2024-05-23T08:18:07.215327" elapsed="0.000422"/>
</kw>
<kw name="Log" owner="BuiltIn">
<msg time="2024-05-23T08:18:07.216172" level="INFO">location</msg>
<arg>${key}</arg>
<doc>Logs the given message with the given level.</doc>
<status status="PASS" start="2024-05-23T08:18:07.216044" elapsed="0.000167"/>
</kw>
<var name="${key}">location</var>
<status status="PASS" start="2024-05-23T08:18:07.214488" elapsed="0.001942"/>
</iter>
<iter>
<kw name="Dictionary Should Contain Key" owner="Collections">
<msg time="2024-05-23T08:18:07.217284" level="INFO">False</msg>
<arg>${json_data['results'][0]}</arg>
<arg>${key}</arg>
<doc>Fails if ``key`` is not found from ``dictionary``.</doc>
<status status="PASS" start="2024-05-23T08:18:07.216720" elapsed="0.000603"/>
</kw>
<kw name="Log" owner="BuiltIn">
<msg time="2024-05-23T08:18:07.217981" level="INFO">{'gender': 'female', 'name': {'title': 'Ms', 'first': 'Vicki', 'last': 'Frazier'}, 'location': {'street': {'number': 2804, 'name': 'Woodland St'}, 'city': 'Wichita', 'state': 'Colorado', 'country': 'United States', 'postcode': 39636, 'coordinates': {'latitude': '82.8181', 'longitude': '56.1386'}, 'timezone': {'offset': '-11:00', 'description': 'Midway Island, Samoa'}}, 'email': 'vicki.frazier@example.com', 'login': {'uuid': 'f4d04ff1-5748-4114-bf41-84c015d3e2af', 'username': 'biglion375', 'password': 'consumer', 'salt': 'BrIgfrT0', 'md5': '08e901e8e4bb82a141d0d787c8d59f65', 'sha1': 'e638f2ecaf6fb4826e51d05aed5eaf247def60ae', 'sha256': 'de8f709a1685a76422f6d90fcd695749c57ece653d99920a2ad41429f5a9a835'}, 'dob': {'date': '1987-10-11T03:33:30.144Z', 'age': 36}, 'registered': {'date': '2003-02-18T19:44:44.014Z', 'age': 21}, 'phone': '(482) 916-9632', 'cell': '(429) 258-6950', 'id': {'name': 'SSN', 'value': '025-43-3510'}, 'picture': {'large': 'https://randomuser.me/api/portraits/women/10.jpg', 'medium': 'https://randomuser.me/api/portraits/med/women/10.jpg', 'thumbnail': 'https://randomuser.me/api/portraits/thumb/women/10.jpg'}, 'nat': 'US'}</msg>
<arg>${json_data['results'][0]}</arg>
<doc>Logs the given message with the given level.</doc>
<status status="PASS" start="2024-05-23T08:18:07.217625" elapsed="0.000404"/>
</kw>
<kw name="Log" owner="BuiltIn">
<msg time="2024-05-23T08:18:07.218448" level="INFO">email</msg>
<arg>${key}</arg>
<doc>Logs the given message with the given level.</doc>
<status status="PASS" start="2024-05-23T08:18:07.218321" elapsed="0.000164"/>
</kw>
<var name="${key}">email</var>
<status status="PASS" start="2024-05-23T08:18:07.216608" elapsed="0.002088"/>
</iter>
<iter>
<kw name="Dictionary Should Contain Key" owner="Collections">
<msg time="2024-05-23T08:18:07.219357" level="INFO">False</msg>
<arg>${json_data['results'][0]}</arg>
<arg>${key}</arg>
<doc>Fails if ``key`` is not found from ``dictionary``.</doc>
<status status="PASS" start="2024-05-23T08:18:07.218982" elapsed="0.000412"/>
</kw>
<kw name="Log" owner="BuiltIn">
<msg time="2024-05-23T08:18:07.220045" level="INFO">{'gender': 'female', 'name': {'title': 'Ms', 'first': 'Vicki', 'last': 'Frazier'}, 'location': {'street': {'number': 2804, 'name': 'Woodland St'}, 'city': 'Wichita', 'state': 'Colorado', 'country': 'United States', 'postcode': 39636, 'coordinates': {'latitude': '82.8181', 'longitude': '56.1386'}, 'timezone': {'offset': '-11:00', 'description': 'Midway Island, Samoa'}}, 'email': 'vicki.frazier@example.com', 'login': {'uuid': 'f4d04ff1-5748-4114-bf41-84c015d3e2af', 'username': 'biglion375', 'password': 'consumer', 'salt': 'BrIgfrT0', 'md5': '08e901e8e4bb82a141d0d787c8d59f65', 'sha1': 'e638f2ecaf6fb4826e51d05aed5eaf247def60ae', 'sha256': 'de8f709a1685a76422f6d90fcd695749c57ece653d99920a2ad41429f5a9a835'}, 'dob': {'date': '1987-10-11T03:33:30.144Z', 'age': 36}, 'registered': {'date': '2003-02-18T19:44:44.014Z', 'age': 21}, 'phone': '(482) 916-9632', 'cell': '(429) 258-6950', 'id': {'name': 'SSN', 'value': '025-43-3510'}, 'picture': {'large': 'https://randomuser.me/api/portraits/women/10.jpg', 'medium': 'https://randomuser.me/api/portraits/med/women/10.jpg', 'thumbnail': 'https://randomuser.me/api/portraits/thumb/women/10.jpg'}, 'nat': 'US'}</msg>
<arg>${json_data['results'][0]}</arg>
<doc>Logs the given message with the given level.</doc>
<status status="PASS" start="2024-05-23T08:18:07.219689" elapsed="0.000404"/>
</kw>
<kw name="Log" owner="BuiltIn">
<msg time="2024-05-23T08:18:07.220524" level="INFO">login</msg>
<arg>${key}</arg>
<doc>Logs the given message with the given level.</doc>
<status status="PASS" start="2024-05-23T08:18:07.220398" elapsed="0.000163"/>
</kw>
<var name="${key}">login</var>
<status status="PASS" start="2024-05-23T08:18:07.218872" elapsed="0.001925"/>
</iter>
<var>${key}</var>
<value>@{expected_keys}</value>
<status status="PASS" start="2024-05-23T08:18:07.209884" elapsed="0.011039"/>
</for>
<kw name="Create List" owner="BuiltIn">
<msg time="2024-05-23T08:18:07.221288" level="INFO">${expected_keysTwo} = ['username', 'password']</msg>
<var>${expected_keysTwo}</var>
<arg>username</arg>
<arg>password</arg>
<doc>Returns a list containing given items.</doc>
<status status="PASS" start="2024-05-23T08:18:07.221150" elapsed="0.000162"/>
</kw>
<for flavor="IN">
<iter>
<kw name="Dictionary Should Contain Key" owner="Collections">
<msg time="2024-05-23T08:18:07.222193" level="INFO">False</msg>
<arg>${json_data['results'][0]['login']}</arg>
<arg>${keyTwo}</arg>
<doc>Fails if ``key`` is not found from ``dictionary``.</doc>
<status status="PASS" start="2024-05-23T08:18:07.221813" elapsed="0.000416"/>
</kw>
<kw name="Dictionary Should Contain Key" owner="Collections">
<msg time="2024-05-23T08:18:07.222894" level="INFO">False</msg>
<arg>${json_data['results'][0]['login']}</arg>
<arg>${keyTwo}</arg>
<doc>Fails if ``key`` is not found from ``dictionary``.</doc>
<status status="PASS" start="2024-05-23T08:18:07.222522" elapsed="0.000408"/>
</kw>
<kw name="Log" owner="BuiltIn">
<msg time="2024-05-23T08:18:07.223347" level="INFO">username</msg>
<arg>${keyTwo}</arg>
<doc>Logs the given message with the given level.</doc>
<status status="PASS" start="2024-05-23T08:18:07.223221" elapsed="0.000162"/>
</kw>
<var name="${keyTwo}">username</var>
<status status="PASS" start="2024-05-23T08:18:07.221706" elapsed="0.001887"/>
</iter>
<iter>
<kw name="Dictionary Should Contain Key" owner="Collections">
<msg time="2024-05-23T08:18:07.224253" level="INFO">False</msg>
<arg>${json_data['results'][0]['login']}</arg>
<arg>${keyTwo}</arg>
<doc>Fails if ``key`` is not found from ``dictionary``.</doc>
<status status="PASS" start="2024-05-23T08:18:07.223873" elapsed="0.000418"/>
</kw>
<kw name="Dictionary Should Contain Key" owner="Collections">
<msg time="2024-05-23T08:18:07.224950" level="INFO">False</msg>
<arg>${json_data['results'][0]['login']}</arg>
<arg>${keyTwo}</arg>
<doc>Fails if ``key`` is not found from ``dictionary``.</doc>
<status status="PASS" start="2024-05-23T08:18:07.224581" elapsed="0.000406"/>
</kw>
<kw name="Log" owner="BuiltIn">
<msg time="2024-05-23T08:18:07.225445" level="INFO">password</msg>
<arg>${keyTwo}</arg>
<doc>Logs the given message with the given level.</doc>
<status status="PASS" start="2024-05-23T08:18:07.225321" elapsed="0.000160"/>
</kw>
<var name="${keyTwo}">password</var>
<status status="PASS" start="2024-05-23T08:18:07.223764" elapsed="0.001928"/>
</iter>
<var>${keyTwo}</var>
<value>@{expected_keysTwo}</value>
<status status="PASS" start="2024-05-23T08:18:07.221551" elapsed="0.004261"/>
</for>
<status status="PASS" start="2024-05-23T08:18:07.101994" elapsed="0.123961"/>
</kw>
<doc>Testa a estrutura da resposta da API.</doc>
<tag>testeEstruturaResposta</tag>
<status status="PASS" start="2024-05-23T08:18:07.101474" elapsed="0.124639"/>
</test>
<test id="s1-s1-t4" name="Validar tipos de dados" line="28">
<kw name="Teste de Tipos de Dados" owner="random-user-service">
<kw name="GET On Session" owner="RequestsLibrary">
<msg time="2024-05-23T08:18:07.307208" level="INFO">GET Request : url=https://randomuser.me/api 
 path_url=/api 
 headers={'User-Agent': 'python-requests/2.32.2', 'Accept-Encoding': 'gzip, deflate', 'Accept': '*/*', 'Connection': 'keep-alive'} 
 body=None 
 </msg>
<msg time="2024-05-23T08:18:07.307318" level="INFO">GET Response : url=https://randomuser.me/api 
 status=200, reason=OK 
 headers={'Date': 'Thu, 23 May 2024 08:18:07 GMT', 'Content-Type': 'application/json; charset=utf-8', 'Transfer-Encoding': 'chunked', 'Connection': 'keep-alive', 'X-Powered-By': 'Express', 'Access-Control-Allow-Origin': '*', 'Cache-Control': 'no-cache', 'ETag': 'W/"4a3-lbsJJa4N9MUkOknJPFZAK95crco"', 'Vary': 'Accept-Encoding', 'Content-Encoding': 'gzip', 'CF-Cache-Status': 'DYNAMIC', 'Report-To': '{"endpoints":[{"url":"https:\\/\\/a.nel.cloudflare.com\\/report\\/v4?s=teP%2F%2F%2FpVU0mpKOhgXSTqotMrYJFTkr8S0oJuPgYy%2F5ungWc839LnXU1%2Fno%2FjULwkH8Zd7Zk%2FkhDYpBsBREVx%2BX26P7du2MSuWqHc0%2B67j4cSk6%2BScGeUes0CtUhUx12O"}],"group":"cf-nel","max_age":604800}', 'NEL': '{"success_fraction":0,"report_to":"cf-nel","max_age":604800}', 'Server': 'cloudflare', 'CF-RAY': '88839d0b2ff13b3c-IAD', 'alt-svc': 'h3=":443"; ma=86400'} 
 body={"results":[{"gender":"female","name":{"title":"Mrs","first":"Marika","last":"Meinhardt"},"location":{"street":{"number":4074,"name":"Kirchplatz"},"city":"Frankenberg/Sa.","state":"Saarland","country":"Germany","postcode":66557,"coordinates":{"latitude":"-49.9678","longitude":"81.6416"},"timezone":{"offset":"+1:00","description":"Brussels, Copenhagen, Madrid, Paris"}},"email":"marika.meinhardt@example.com","login":{"uuid":"b987684b-a4d2-4c18-8737-af4efe9fcd8c","username":"heavymouse954","password":"chopin","salt":"s2iUgGqB","md5":"56e1b77077716254979d18a02267878e","sha1":"48455c6eb6ba1858fddb59dcea48533b974bfc74","sha256":"89436a18b020d2ce41645326694ae3b675e0544e07e686d72828fe3ab83ed0f3"},"dob":{"date":"1960-11-28T15:45:55.743Z","age":63},"registered":{"date":"2020-11-22T03:52:17.923Z","age":3},"phone":"0959-7857839","cell":"0174-5840706","id":{"name":"SVNR","value":"78 281160 M 850"},"picture":{"large":"https://randomuser.me/api/portraits/women/93.jpg","medium":"https://randomuser.me/api/portraits/med/women/93.jpg","thumbnail":"https://randomuser.me/api/portraits/thumb/women/93.jpg"},"nat":"DE"}],"info":{"seed":"6eb3f6e43d3ab349","results":1,"page":1,"version":"1.4"}} 
 </msg>
<msg time="2024-05-23T08:18:07.307398" level="INFO">/opt/hostedtoolcache/Python/3.12.3/x64/lib/python3.12/site-packages/urllib3/connectionpool.py:1103: InsecureRequestWarning: Unverified HTTPS request is being made to host 'randomuser.me'. Adding certificate verification is strongly advised. See: https://urllib3.readthedocs.io/en/latest/advanced-usage.html#tls-warnings
  warnings.warn(</msg>
<msg time="2024-05-23T08:18:07.307529" level="INFO">${response} = &lt;Response [200]&gt;</msg>
<var>${response}</var>
<arg>consultarAPI</arg>
<arg>/api</arg>
<doc>Sends a GET request on a previously created HTTP Session.</doc>
<status status="PASS" start="2024-05-23T08:18:07.228626" elapsed="0.078941"/>
</kw>
<kw name="Set Variable" owner="BuiltIn">
<msg time="2024-05-23T08:18:07.308634" level="INFO">${json_data} = {'results': [{'gender': 'female', 'name': {'title': 'Mrs', 'first': 'Marika', 'last': 'Meinhardt'}, 'location': {'street': {'number': 4074, 'name': 'Kirchplatz'}, 'city': 'Frankenberg/Sa.', 'state': '...</msg>
<var>${json_data}</var>
<arg>${response.json()}</arg>
<doc>Returns the given values which can then be assigned to a variables.</doc>
<status status="PASS" start="2024-05-23T08:18:07.308110" elapsed="0.000553"/>
</kw>
<kw name="Log" owner="BuiltIn">
<msg time="2024-05-23T08:18:07.309221" level="INFO">{'results': [{'gender': 'female', 'name': {'title': 'Mrs', 'first': 'Marika', 'last': 'Meinhardt'}, 'location': {'street': {'number': 4074, 'name': 'Kirchplatz'}, 'city': 'Frankenberg/Sa.', 'state': 'Saarland', 'country': 'Germany', 'postcode': 66557, 'coordinates': {'latitude': '-49.9678', 'longitude': '81.6416'}, 'timezone': {'offset': '+1:00', 'description': 'Brussels, Copenhagen, Madrid, Paris'}}, 'email': 'marika.meinhardt@example.com', 'login': {'uuid': 'b987684b-a4d2-4c18-8737-af4efe9fcd8c', 'username': 'heavymouse954', 'password': 'chopin', 'salt': 's2iUgGqB', 'md5': '56e1b77077716254979d18a02267878e', 'sha1': '48455c6eb6ba1858fddb59dcea48533b974bfc74', 'sha256': '89436a18b020d2ce41645326694ae3b675e0544e07e686d72828fe3ab83ed0f3'}, 'dob': {'date': '1960-11-28T15:45:55.743Z', 'age': 63}, 'registered': {'date': '2020-11-22T03:52:17.923Z', 'age': 3}, 'phone': '0959-7857839', 'cell': '0174-5840706', 'id': {'name': 'SVNR', 'value': '78 281160 M 850'}, 'picture': {'large': 'https://randomuser.me/api/portraits/women/93.jpg', 'medium': 'https://randomuser.me/api/portraits/med/women/93.jpg', 'thumbnail': 'https://randomuser.me/api/portraits/thumb/women/93.jpg'}, 'nat': 'DE'}], 'info': {'seed': '6eb3f6e43d3ab349', 'results': 1, 'page': 1, 'version': '1.4'}}</msg>
<arg>${json_data}</arg>
<doc>Logs the given message with the given level.</doc>
<status status="PASS" start="2024-05-23T08:18:07.309011" elapsed="0.000302"/>
</kw>
<kw name="Should Be String" owner="String">
<arg>${json_data['results'][0]['gender']}</arg>
<doc>Fails if the given ``item`` is not a string.</doc>
<status status="PASS" start="2024-05-23T08:18:07.309625" elapsed="0.000377"/>
</kw>
<kw name="Should Match Regexp" owner="BuiltIn">
<arg>${json_data['results'][0]['email']}</arg>
<arg>^[a-zA-Z0-9._%+-]+@[a-zA-Z0-9.-]+\.[a-zA-Z]{2,}$</arg>
<doc>Fails if ``string`` does not match ``pattern`` as a regular expression.</doc>
<status status="PASS" start="2024-05-23T08:18:07.310201" elapsed="0.000684"/>
</kw>
<kw name="Should Match Regexp" owner="BuiltIn">
<arg>${json_data['results'][0]['dob']['date']}</arg>
<arg>\\d{4}-\\d{2}-\\d{2}T\\d{2}:\\d{2}:\\d{2}\\.\\d{3}Z</arg>
<doc>Fails if ``string`` does not match ``pattern`` as a regular expression.</doc>
<status status="PASS" start="2024-05-23T08:18:07.311088" elapsed="0.000495"/>
</kw>
<kw name="Should Match Regexp" owner="BuiltIn">
<arg>${json_data['results'][0]['registered']['date']}</arg>
<arg>\\d{4}-\\d{2}-\\d{2}T\\d{2}:\\d{2}:\\d{2}\\.\\d{3}Z</arg>
<doc>Fails if ``string`` does not match ``pattern`` as a regular expression.</doc>
<status status="PASS" start="2024-05-23T08:18:07.311780" elapsed="0.000365"/>
</kw>
<kw name="Should Match Regexp" owner="BuiltIn">
<arg>${json_data['results'][0]['picture']['large']}</arg>
<arg>^https?://.*\.(?:png|jpe?g|gif|bmp)$</arg>
<doc>Fails if ``string`` does not match ``pattern`` as a regular expression.</doc>
<status status="PASS" start="2024-05-23T08:18:07.312335" elapsed="0.000465"/>
</kw>
<kw name="Should Match Regexp" owner="BuiltIn">
<arg>${json_data['results'][0]['picture']['medium']}</arg>
<arg>^https?://.*\.(?:png|jpe?g|gif|bmp)$</arg>
<doc>Fails if ``string`` does not match ``pattern`` as a regular expression.</doc>
<status status="PASS" start="2024-05-23T08:18:07.312993" elapsed="0.000403"/>
</kw>
<kw name="Should Match Regexp" owner="BuiltIn">
<arg>${json_data['results'][0]['picture']['thumbnail']}</arg>
<arg>^https?://.*\.(?:png|jpe?g|gif|bmp)$</arg>
<doc>Fails if ``string`` does not match ``pattern`` as a regular expression.</doc>
<status status="PASS" start="2024-05-23T08:18:07.313589" elapsed="0.000353"/>
</kw>
<kw name="Log" owner="BuiltIn">
<msg time="2024-05-23T08:18:07.314456" level="INFO">{'large': 'https://randomuser.me/api/portraits/women/93.jpg', 'medium': 'https://randomuser.me/api/portraits/med/women/93.jpg', 'thumbnail': 'https://randomuser.me/api/portraits/thumb/women/93.jpg'}</msg>
<arg>${json_data['results'][0]['picture']}</arg>
<doc>Logs the given message with the given level.</doc>
<status status="PASS" start="2024-05-23T08:18:07.314129" elapsed="0.000368"/>
</kw>
<status status="PASS" start="2024-05-23T08:18:07.228388" elapsed="0.086370"/>
</kw>
<kw name="Teste de Tipos de Dados - Postcode" owner="random-user-service">
<kw name="GET On Session" owner="RequestsLibrary">
<msg time="2024-05-23T08:18:07.398494" level="INFO">GET Request : url=https://randomuser.me/api 
 path_url=/api 
 headers={'User-Agent': 'python-requests/2.32.2', 'Accept-Encoding': 'gzip, deflate', 'Accept': '*/*', 'Connection': 'keep-alive'} 
 body=None 
 </msg>
<msg time="2024-05-23T08:18:07.398592" level="INFO">GET Response : url=https://randomuser.me/api 
 status=200, reason=OK 
 headers={'Date': 'Thu, 23 May 2024 08:18:07 GMT', 'Content-Type': 'application/json; charset=utf-8', 'Transfer-Encoding': 'chunked', 'Connection': 'keep-alive', 'X-Powered-By': 'Express', 'Access-Control-Allow-Origin': '*', 'Cache-Control': 'no-cache', 'ETag': 'W/"48f-st5CIDPMY8c3jfbCo+xNgDBwkTo"', 'Vary': 'Accept-Encoding', 'Content-Encoding': 'gzip', 'CF-Cache-Status': 'DYNAMIC', 'Report-To': '{"endpoints":[{"url":"https:\\/\\/a.nel.cloudflare.com\\/report\\/v4?s=UdU6bT4uef3Zx6d67k0gKPJ%2Fqnh%2FruWxD%2B1OAJMwD7WlyXKOL5qdTR9kxS2is10pGcDZqVmC8EC1lt6%2FaTyfxGVhW3uDcVf2PApMmAjjqeZyqOZ6Ca2qwbKAxKGnx61q"}],"group":"cf-nel","max_age":604800}', 'NEL': '{"success_fraction":0,"report_to":"cf-nel","max_age":604800}', 'Server': 'cloudflare', 'CF-RAY': '88839d0bb88f3b3c-IAD', 'alt-svc': 'h3=":443"; ma=86400'} 
 body={"results":[{"gender":"female","name":{"title":"Miss","first":"Milia","last":"Nordrum"},"location":{"street":{"number":5630,"name":"Nøkleveien"},"city":"Gaupne","state":"Nordland","country":"Norway","postcode":"7088","coordinates":{"latitude":"45.7805","longitude":"77.1484"},"timezone":{"offset":"0:00","description":"Western Europe Time, London, Lisbon, Casablanca"}},"email":"milia.nordrum@example.com","login":{"uuid":"b9379a37-777a-4745-b7c2-2b00777782f2","username":"blackdog738","password":"shan","salt":"BEQCquoB","md5":"3842c61e6bbffef1492ce15402420e1d","sha1":"1da490a2286906b4097660a526bfe370f50cd1b1","sha256":"c00f95db7b1b477c786f4242eec604dfb5a30274e8ba164cb15d3fba7ab981ee"},"dob":{"date":"1946-02-21T03:29:28.794Z","age":78},"registered":{"date":"2003-06-22T16:07:25.986Z","age":20},"phone":"54451912","cell":"92469124","id":{"name":"FN","value":"21024629438"},"picture":{"large":"https://randomuser.me/api/portraits/women/42.jpg","medium":"https://randomuser.me/api/portraits/med/women/42.jpg","thumbnail":"https://randomuser.me/api/portraits/thumb/women/42.jpg"},"nat":"NO"}],"info":{"seed":"d597183feb63b92f","results":1,"page":1,"version":"1.4"}} 
 </msg>
<msg time="2024-05-23T08:18:07.398659" level="INFO">/opt/hostedtoolcache/Python/3.12.3/x64/lib/python3.12/site-packages/urllib3/connectionpool.py:1103: InsecureRequestWarning: Unverified HTTPS request is being made to host 'randomuser.me'. Adding certificate verification is strongly advised. See: https://urllib3.readthedocs.io/en/latest/advanced-usage.html#tls-warnings
  warnings.warn(</msg>
<msg time="2024-05-23T08:18:07.398766" level="INFO">${response} = &lt;Response [200]&gt;</msg>
<var>${response}</var>
<arg>consultarAPI</arg>
<arg>/api</arg>
<doc>Sends a GET request on a previously created HTTP Session.</doc>
<status status="PASS" start="2024-05-23T08:18:07.315219" elapsed="0.083582"/>
</kw>
<kw name="Set Variable" owner="BuiltIn">
<msg time="2024-05-23T08:18:07.399855" level="INFO">${json_data} = {'results': [{'gender': 'female', 'name': {'title': 'Miss', 'first': 'Milia', 'last': 'Nordrum'}, 'location': {'street': {'number': 5630, 'name': 'Nøkleveien'}, 'city': 'Gaupne', 'state': 'Nordland', ...</msg>
<var>${json_data}</var>
<arg>${response.json()}</arg>
<doc>Returns the given values which can then be assigned to a variables.</doc>
<status status="PASS" start="2024-05-23T08:18:07.399336" elapsed="0.000548"/>
</kw>
<kw name="Log" owner="BuiltIn">
<msg time="2024-05-23T08:18:07.400390" level="INFO">{'results': [{'gender': 'female', 'name': {'title': 'Miss', 'first': 'Milia', 'last': 'Nordrum'}, 'location': {'street': {'number': 5630, 'name': 'Nøkleveien'}, 'city': 'Gaupne', 'state': 'Nordland', 'country': 'Norway', 'postcode': '7088', 'coordinates': {'latitude': '45.7805', 'longitude': '77.1484'}, 'timezone': {'offset': '0:00', 'description': 'Western Europe Time, London, Lisbon, Casablanca'}}, 'email': 'milia.nordrum@example.com', 'login': {'uuid': 'b9379a37-777a-4745-b7c2-2b00777782f2', 'username': 'blackdog738', 'password': 'shan', 'salt': 'BEQCquoB', 'md5': '3842c61e6bbffef1492ce15402420e1d', 'sha1': '1da490a2286906b4097660a526bfe370f50cd1b1', 'sha256': 'c00f95db7b1b477c786f4242eec604dfb5a30274e8ba164cb15d3fba7ab981ee'}, 'dob': {'date': '1946-02-21T03:29:28.794Z', 'age': 78}, 'registered': {'date': '2003-06-22T16:07:25.986Z', 'age': 20}, 'phone': '54451912', 'cell': '92469124', 'id': {'name': 'FN', 'value': '21024629438'}, 'picture': {'large': 'https://randomuser.me/api/portraits/women/42.jpg', 'medium': 'https://randomuser.me/api/portraits/med/women/42.jpg', 'thumbnail': 'https://randomuser.me/api/portraits/thumb/women/42.jpg'}, 'nat': 'NO'}], 'info': {'seed': 'd597183feb63b92f', 'results': 1, 'page': 1, 'version': '1.4'}}</msg>
<arg>${json_data}</arg>
<doc>Logs the given message with the given level.</doc>
<status status="PASS" start="2024-05-23T08:18:07.400225" elapsed="0.000254"/>
</kw>
<kw name="Should Be Equal As Numbers" owner="BuiltIn">
<arg>${json_data['results'][0]['location']['postcode']}</arg>
<arg>${json_data['results'][0]['location']['postcode']}</arg>
<doc>Fails if objects are unequal after converting them to real numbers.</doc>
<status status="PASS" start="2024-05-23T08:18:07.400789" elapsed="0.000691"/>
</kw>
<kw name="Log" owner="BuiltIn">
<msg time="2024-05-23T08:18:07.402037" level="INFO">7088</msg>
<arg>${json_data['results'][0]['location']['postcode']}</arg>
<doc>Logs the given message with the given level.</doc>
<status status="PASS" start="2024-05-23T08:18:07.401685" elapsed="0.000392"/>
</kw>
<status status="PASS" start="2024-05-23T08:18:07.314986" elapsed="0.087356"/>
</kw>
<doc>Testa se os tipos de dados na resposta da API estão corretos.</doc>
<tag>testeTiposDados</tag>
<status status="PASS" start="2024-05-23T08:18:07.227901" elapsed="0.174614"/>
</test>
<test id="s1-s1-t5" name="Validar conteudo" line="35">
<kw name="Teste de Tipos de Conteudo" owner="random-user-service">
<kw name="GET On Session" owner="RequestsLibrary">
<msg time="2024-05-23T08:18:07.504565" level="INFO">GET Request : url=https://randomuser.me/api 
 path_url=/api 
 headers={'User-Agent': 'python-requests/2.32.2', 'Accept-Encoding': 'gzip, deflate', 'Accept': '*/*', 'Connection': 'keep-alive'} 
 body=None 
 </msg>
<msg time="2024-05-23T08:18:07.504670" level="INFO">GET Response : url=https://randomuser.me/api 
 status=200, reason=OK 
 headers={'Date': 'Thu, 23 May 2024 08:18:07 GMT', 'Content-Type': 'application/json; charset=utf-8', 'Transfer-Encoding': 'chunked', 'Connection': 'keep-alive', 'X-Powered-By': 'Express', 'Access-Control-Allow-Origin': '*', 'Cache-Control': 'no-cache', 'ETag': 'W/"4b6-cT0vkHT6kNJRh7jRzhKmfEzk3so"', 'Vary': 'Accept-Encoding', 'Content-Encoding': 'gzip', 'CF-Cache-Status': 'DYNAMIC', 'Report-To': '{"endpoints":[{"url":"https:\\/\\/a.nel.cloudflare.com\\/report\\/v4?s=1AohK3n4X4nOBqX2a2T5Oo7mRwwSjy31f6tOVLbOW%2FVP6cquyd%2FAUDgKzUdhusHeV6yey8NXC8WuNbFkWquuEDg1tdNGSuzAF0HDFtafvOaSwitRcYKcxo3dYRb3JqO8"}],"group":"cf-nel","max_age":604800}', 'NEL': '{"success_fraction":0,"report_to":"cf-nel","max_age":604800}', 'Server': 'cloudflare', 'CF-RAY': '88839d0c49203b3c-IAD', 'alt-svc': 'h3=":443"; ma=86400'} 
 body={"results":[{"gender":"female","name":{"title":"Ms","first":"Emeline","last":"Martinez"},"location":{"street":{"number":643,"name":"Rue Denfert-Rochereau"},"city":"Villeurbanne","state":"Tarn-et-Garonne","country":"France","postcode":83969,"coordinates":{"latitude":"-19.9948","longitude":"162.0539"},"timezone":{"offset":"+9:00","description":"Tokyo, Seoul, Osaka, Sapporo, Yakutsk"}},"email":"emeline.martinez@example.com","login":{"uuid":"5afe1afe-d501-4f14-827e-8e4fb0cddbba","username":"whitelion916","password":"jello","salt":"tcf0fsGk","md5":"016de3b73c6d12e4215a9731ca933040","sha1":"3e774413eb27dd51ccdfb4c5c7cc56f8a94054f1","sha256":"0e1787d34bba26d19ab0ca89ab5dc81aeccab99151b99ecd867ab3e3215b8822"},"dob":{"date":"1961-05-08T06:10:13.428Z","age":63},"registered":{"date":"2022-04-24T09:43:56.049Z","age":2},"phone":"01-78-87-76-47","cell":"06-06-27-96-15","id":{"name":"INSEE","value":"2610430392364 46"},"picture":{"large":"https://randomuser.me/api/portraits/women/66.jpg","medium":"https://randomuser.me/api/portraits/med/women/66.jpg","thumbnail":"https://randomuser.me/api/portraits/thumb/women/66.jpg"},"nat":"FR"}],"info":{"seed":"2dc8d6d7c8cd6317","results":1,"page":1,"version":"1.4"}} 
 </msg>
<msg time="2024-05-23T08:18:07.504745" level="INFO">/opt/hostedtoolcache/Python/3.12.3/x64/lib/python3.12/site-packages/urllib3/connectionpool.py:1103: InsecureRequestWarning: Unverified HTTPS request is being made to host 'randomuser.me'. Adding certificate verification is strongly advised. See: https://urllib3.readthedocs.io/en/latest/advanced-usage.html#tls-warnings
  warnings.warn(</msg>
<msg time="2024-05-23T08:18:07.504871" level="INFO">${response} = &lt;Response [200]&gt;</msg>
<var>${response}</var>
<arg>consultarAPI</arg>
<arg>/api</arg>
<doc>Sends a GET request on a previously created HTTP Session.</doc>
<status status="PASS" start="2024-05-23T08:18:07.405121" elapsed="0.099790"/>
</kw>
<kw name="Set Variable" owner="BuiltIn">
<msg time="2024-05-23T08:18:07.505935" level="INFO">${json_data} = {'results': [{'gender': 'female', 'name': {'title': 'Ms', 'first': 'Emeline', 'last': 'Martinez'}, 'location': {'street': {'number': 643, 'name': 'Rue Denfert-Rochereau'}, 'city': 'Villeurbanne', 'sta...</msg>
<var>${json_data}</var>
<arg>${response.json()}</arg>
<doc>Returns the given values which can then be assigned to a variables.</doc>
<status status="PASS" start="2024-05-23T08:18:07.505429" elapsed="0.000535"/>
</kw>
<kw name="Set Variable" owner="BuiltIn">
<msg time="2024-05-23T08:18:07.506647" level="INFO">${name_title} = Ms</msg>
<var>${name_title}</var>
<arg>${json_data["results"][0]["name"]["title"]}</arg>
<doc>Returns the given values which can then be assigned to a variables.</doc>
<status status="PASS" start="2024-05-23T08:18:07.506268" elapsed="0.000404"/>
</kw>
<kw name="Create List" owner="BuiltIn">
<msg time="2024-05-23T08:18:07.507119" level="INFO">${allowed_titles} = ['Mr', 'Ms', 'Miss', 'Mrs', 'Madame', 'Monsieur']</msg>
<var>${allowed_titles}</var>
<arg>Mr</arg>
<arg>Ms</arg>
<arg>Miss</arg>
<arg>Mrs</arg>
<arg>Madame</arg>
<arg>Monsieur</arg>
<doc>Returns a list containing given items.</doc>
<status status="PASS" start="2024-05-23T08:18:07.506971" elapsed="0.000173"/>
</kw>
<kw name="List Should Contain Value" owner="Collections">
<msg time="2024-05-23T08:18:07.507620" level="INFO">False</msg>
<arg>${allowed_titles}</arg>
<arg>${name_title}</arg>
<doc>Fails if the ``value`` is not found from ``list``.</doc>
<status status="PASS" start="2024-05-23T08:18:07.507441" elapsed="0.000217"/>
</kw>
<kw name="Set Variable" owner="BuiltIn">
<msg time="2024-05-23T08:18:07.508500" level="INFO">${name_country} = FR</msg>
<var>${name_country}</var>
<arg>${json_data["results"][0]["nat"]}</arg>
<doc>Returns the given values which can then be assigned to a variables.</doc>
<status status="PASS" start="2024-05-23T08:18:07.507943" elapsed="0.000582"/>
</kw>
<kw name="Create List" owner="BuiltIn">
<msg time="2024-05-23T08:18:07.509462" level="INFO">${list_country} = ['AD', 'AE', 'AF', 'AG', 'AI', 'AL', 'AM', 'AO', 'AQ', 'AR', 'AS', 'AT', 'AU', 'AW', 'AX', 'AZ', 'BA', 'BB', 'BD', 'BE', 'BF', 'BG', 'BH', 'BI', 'BJ', 'BL', 'BM', 'BN', 'BO', 'BQ', 'BR', 'BS', 'BT', '...</msg>
<var>${list_country}</var>
<arg>AD</arg>
<arg>AE</arg>
<arg>AF</arg>
<arg>AG</arg>
<arg>AI</arg>
<arg>AL</arg>
<arg>AM</arg>
<arg>AO</arg>
<arg>AQ</arg>
<arg>AR</arg>
<arg>AS</arg>
<arg>AT</arg>
<arg>AU</arg>
<arg>AW</arg>
<arg>AX</arg>
<arg>AZ</arg>
<arg>BA</arg>
<arg>BB</arg>
<arg>BD</arg>
<arg>BE</arg>
<arg>BF</arg>
<arg>BG</arg>
<arg>BH</arg>
<arg>BI</arg>
<arg>BJ</arg>
<arg>BL</arg>
<arg>BM</arg>
<arg>BN</arg>
<arg>BO</arg>
<arg>BQ</arg>
<arg>BR</arg>
<arg>BS</arg>
<arg>BT</arg>
<arg>BV</arg>
<arg>BW</arg>
<arg>BY</arg>
<arg>BZ</arg>
<arg>CA</arg>
<arg>CC</arg>
<arg>CD</arg>
<arg>CF</arg>
<arg>CG</arg>
<arg>CH</arg>
<arg>CI</arg>
<arg>CK</arg>
<arg>CL</arg>
<arg>CM</arg>
<arg>CN</arg>
<arg>CO</arg>
<arg>CR</arg>
<arg>CU</arg>
<arg>CV</arg>
<arg>CW</arg>
<arg>CX</arg>
<arg>CY</arg>
<arg>CZ</arg>
<arg>DE</arg>
<arg>DJ</arg>
<arg>DK</arg>
<arg>DM</arg>
<arg>DO</arg>
<arg>DZ</arg>
<arg>EC</arg>
<arg>EE</arg>
<arg>EG</arg>
<arg>EH</arg>
<arg>ER</arg>
<arg>ES</arg>
<arg>ET</arg>
<arg>FI</arg>
<arg>FJ</arg>
<arg>FK</arg>
<arg>FM</arg>
<arg>FO</arg>
<arg>FR</arg>
<arg>GA</arg>
<arg>GB</arg>
<arg>GD</arg>
<arg>GE</arg>
<arg>GF</arg>
<arg>GG</arg>
<arg>GH</arg>
<arg>GI</arg>
<arg>GL</arg>
<arg>GM</arg>
<arg>GN</arg>
<arg>GP</arg>
<arg>GQ</arg>
<arg>GR</arg>
<arg>GS</arg>
<arg>GT</arg>
<arg>GU</arg>
<arg>GW</arg>
<arg>GY</arg>
<arg>HK</arg>
<arg>HM</arg>
<arg>HN</arg>
<arg>HR</arg>
<arg>HT</arg>
<arg>HU</arg>
<arg>ID</arg>
<arg>IE</arg>
<arg>IL</arg>
<arg>IM</arg>
<arg>IN</arg>
<arg>IO</arg>
<arg>IQ</arg>
<arg>IR</arg>
<arg>IS</arg>
<arg>IT</arg>
<arg>JE</arg>
<arg>JM</arg>
<arg>JO</arg>
<arg>JP</arg>
<arg>KE</arg>
<arg>KG</arg>
<arg>KH</arg>
<arg>KI</arg>
<arg>KM</arg>
<arg>KN</arg>
<arg>KP</arg>
<arg>KR</arg>
<arg>KW</arg>
<arg>KY</arg>
<arg>KZ</arg>
<arg>LA</arg>
<arg>LB</arg>
<arg>LC</arg>
<arg>LI</arg>
<arg>LK</arg>
<arg>LR</arg>
<arg>LS</arg>
<arg>LT</arg>
<arg>LU</arg>
<arg>LV</arg>
<arg>LY</arg>
<arg>MA</arg>
<arg>MC</arg>
<arg>MD</arg>
<arg>ME</arg>
<arg>MF</arg>
<arg>MG</arg>
<arg>MH</arg>
<arg>MK</arg>
<arg>ML</arg>
<arg>MM</arg>
<arg>MN</arg>
<arg>MO</arg>
<arg>MP</arg>
<arg>MQ</arg>
<arg>MR</arg>
<arg>MS</arg>
<arg>MT</arg>
<arg>MU</arg>
<arg>MV</arg>
<arg>MW</arg>
<arg>MX</arg>
<arg>MY</arg>
<arg>MZ</arg>
<arg>NA</arg>
<arg>NC</arg>
<arg>NE</arg>
<arg>NF</arg>
<arg>NG</arg>
<arg>NI</arg>
<arg>NL</arg>
<arg>NO</arg>
<arg>NP</arg>
<arg>NR</arg>
<arg>NU</arg>
<arg>NZ</arg>
<arg>OM</arg>
<arg>PA</arg>
<arg>PE</arg>
<arg>PF</arg>
<arg>PG</arg>
<arg>PH</arg>
<arg>PK</arg>
<arg>PL</arg>
<arg>PM</arg>
<arg>PN</arg>
<arg>PR</arg>
<arg>PS</arg>
<arg>PT</arg>
<arg>PW</arg>
<arg>PY</arg>
<arg>QA</arg>
<arg>RE</arg>
<arg>RO</arg>
<arg>RS</arg>
<arg>RU</arg>
<arg>RW</arg>
<arg>SA</arg>
<arg>SB</arg>
<arg>SC</arg>
<arg>SD</arg>
<arg>SE</arg>
<arg>SG</arg>
<arg>SH</arg>
<arg>SI</arg>
<arg>SJ</arg>
<arg>SK</arg>
<arg>SL</arg>
<arg>SM</arg>
<arg>SN</arg>
<arg>SO</arg>
<arg>SR</arg>
<arg>SS</arg>
<arg>ST</arg>
<arg>SV</arg>
<arg>SX</arg>
<arg>SY</arg>
<arg>SZ</arg>
<arg>TC</arg>
<arg>TD</arg>
<arg>TF</arg>
<arg>TG</arg>
<arg>TH</arg>
<arg>TJ</arg>
<arg>TK</arg>
<arg>TL</arg>
<arg>TM</arg>
<arg>TN</arg>
<arg>TO</arg>
<arg>TR</arg>
<arg>TT</arg>
<arg>TV</arg>
<arg>TW</arg>
<arg>TZ</arg>
<arg>UA</arg>
<arg>UG</arg>
<arg>UM</arg>
<arg>US</arg>
<arg>UY</arg>
<arg>UZ</arg>
<arg>VA</arg>
<arg>VC</arg>
<arg>VE</arg>
<arg>VG</arg>
<arg>VI</arg>
<arg>VN</arg>
<arg>VU</arg>
<arg>WF</arg>
<arg>WS</arg>
<arg>XK</arg>
<arg>YE</arg>
<arg>YT</arg>
<arg>ZA</arg>
<arg>ZM</arg>
<arg>ZW</arg>
<doc>Returns a list containing given items.</doc>
<status status="PASS" start="2024-05-23T08:18:07.508831" elapsed="0.000656"/>
</kw>
<kw name="List Should Contain Value" owner="Collections">
<msg time="2024-05-23T08:18:07.510466" level="INFO">False</msg>
<arg>${list_country}</arg>
<arg>${name_country}</arg>
<doc>Fails if the ``value`` is not found from ``list``.</doc>
<status status="PASS" start="2024-05-23T08:18:07.510267" elapsed="0.000234"/>
</kw>
<kw name="Run Keyword If" owner="BuiltIn">
<kw name="Should Be True" owner="BuiltIn">
<arg>${True}</arg>
<doc>Fails if the given condition is not true.</doc>
<status status="PASS" start="2024-05-23T08:18:07.511558" elapsed="0.000142"/>
</kw>
<arg>${json_data["results"][0]["location"]["coordinates"]["latitude"]} &gt;= -90 and ${json_data["results"][0]["location"]["coordinates"]["latitude"]} &lt;= 90</arg>
<arg>Should Be True</arg>
<arg>${True}</arg>
<doc>Runs the given keyword with the given arguments, if ``condition`` is true.</doc>
<status status="PASS" start="2024-05-23T08:18:07.510806" elapsed="0.001020"/>
</kw>
<kw name="Run Keyword If" owner="BuiltIn">
<kw name="Should Be True" owner="BuiltIn">
<arg>${True}</arg>
<doc>Fails if the given condition is not true.</doc>
<status status="PASS" start="2024-05-23T08:18:07.512702" elapsed="0.000138"/>
</kw>
<arg>${json_data["results"][0]["location"]["coordinates"]["longitude"]} &gt;= -180 and ${json_data["results"][0]["location"]["coordinates"]["longitude"]} &lt;= 180</arg>
<arg>Should Be True</arg>
<arg>${True}</arg>
<doc>Runs the given keyword with the given arguments, if ``condition`` is true.</doc>
<status status="PASS" start="2024-05-23T08:18:07.512012" elapsed="0.000950"/>
</kw>
<status status="PASS" start="2024-05-23T08:18:07.404863" elapsed="0.108265"/>
</kw>
<doc>Testa o conteúdo específico dos campos retornados pela API.</doc>
<tag>testeConteudo</tag>
<status status="PASS" start="2024-05-23T08:18:07.404315" elapsed="0.108967"/>
</test>
<status status="PASS" start="2024-05-23T08:18:06.590253" elapsed="0.924935"/>
</suite>
<status status="PASS" start="2024-05-23T08:18:06.576289" elapsed="0.944040"/>
</suite>
<statistics>
<total>
<stat pass="5" fail="0" skip="0">All Tests</stat>
</total>
<tag>
<stat pass="1" fail="0" skip="0">testeConteudo</stat>
<stat pass="1" fail="0" skip="0">testeEstruturaResposta</stat>
<stat pass="1" fail="0" skip="0">testeRequisicaoBasica</stat>
<stat pass="1" fail="0" skip="0">testeTiposDados</stat>
</tag>
<suite>
<stat pass="5" fail="0" skip="0" id="s1" name="Tests">Tests</stat>
<stat pass="5" fail="0" skip="0" id="s1-s1" name="Random-User-Test">Tests.Random-User-Test</stat>
</suite>
</statistics>
<errors>
</errors>
</robot>
