<?xml version="1.0" encoding="UTF-8"?>
<robot generator="Robot 7.0.1 (Python 3.12.3 on linux)" generated="2024-06-15T05:14:45.097856" rpa="false" schemaversion="5">
<suite id="s1" name="Tests" source="/home/runner/work/ApiRandomUser/ApiRandomUser/RamdonUser/tests">
<suite id="s1-s1" name="Random-User-Test" source="/home/runner/work/ApiRandomUser/ApiRandomUser/RamdonUser/tests/random-user-test.robot">
<test id="s1-s1-t1" name="Conectar" line="13">
<kw name="Conectar API" owner="random-user-service">
<kw name="Create Session" owner="RequestsLibrary">
<msg time="2024-06-15T05:14:45.475185" level="INFO">Creating Session using : alias=consultarAPI, url=https://randomuser.me/, headers={},                     cookies={}, auth=None, timeout=None, proxies=None, verify=False,                     debug=0 </msg>
<arg>consultarAPI</arg>
<arg>${URL}</arg>
<doc>Create Session: create a HTTP session to a server</doc>
<status status="PASS" start="2024-06-15T05:14:45.474988" elapsed="0.000377"/>
</kw>
<status status="PASS" start="2024-06-15T05:14:45.473970" elapsed="0.001746"/>
</kw>
<status status="PASS" start="2024-06-15T05:14:45.473429" elapsed="0.002477"/>
</test>
<test id="s1-s1-t2" name="Validar retorno 200 e JSON Válido" line="16">
<kw name="Teste de Requisicao Basica" owner="random-user-service">
<kw name="GET On Session" owner="RequestsLibrary">
<msg time="2024-06-15T05:14:45.621895" level="INFO">GET Request : url=https://randomuser.me/api 
 path_url=/api 
 headers={'User-Agent': 'python-requests/2.32.3', 'Accept-Encoding': 'gzip, deflate', 'Accept': '*/*', 'Connection': 'keep-alive'} 
 body=None 
 </msg>
<msg time="2024-06-15T05:14:45.622038" level="INFO">GET Response : url=https://randomuser.me/api 
 status=200, reason=OK 
 headers={'Date': 'Sat, 15 Jun 2024 05:14:45 GMT', 'Content-Type': 'application/json; charset=utf-8', 'Transfer-Encoding': 'chunked', 'Connection': 'keep-alive', 'X-Powered-By': 'Express', 'Access-Control-Allow-Origin': '*', 'Cache-Control': 'no-cache', 'ETag': 'W/"479-WMrWL8icMtGPm7ojA4yRRubmSqc"', 'Vary': 'Accept-Encoding', 'Content-Encoding': 'gzip', 'CF-Cache-Status': 'DYNAMIC', 'Report-To': '{"endpoints":[{"url":"https:\\/\\/a.nel.cloudflare.com\\/report\\/v4?s=fxGhpV4zqHlggUc%2F0JG9Et9vGbwdN00jLazW3FQ5Axw%2Bco2K6ye7pGjlV2ktrhNbvDQk2O6dshh81gVrFm%2Bi8UQGmp6%2BJyvztCUMY%2BAPswnhYcoixq1UxEWsUp%2FUSZss"}],"group":"cf-nel","max_age":604800}', 'NEL': '{"success_fraction":0,"report_to":"cf-nel","max_age":604800}', 'Server': 'cloudflare', 'CF-RAY': '89401412884c9432-SJC', 'alt-svc': 'h3=":443"; ma=86400'} 
 body={"results":[{"gender":"female","name":{"title":"Miss","first":"Milena","last":"Karadžić"},"location":{"street":{"number":5526,"name":"Rekovačka Ulica"},"city":"Senta","state":"Kosovo","country":"Serbia","postcode":20729,"coordinates":{"latitude":"62.9581","longitude":"78.8980"},"timezone":{"offset":"+4:30","description":"Kabul"}},"email":"milena.karadzic@example.com","login":{"uuid":"843a8bb2-1d74-4b42-8045-06284748b3fe","username":"greenbear462","password":"corvette","salt":"3BsRrjbb","md5":"5e2c50b74e645567109d82b22b67d49d","sha1":"d08678cf528f1bdb62fa61b6fe4fb6591bcdd460","sha256":"13f7beaa59f33d2d9db699a3c1d50a03fac85e8b3b92f867c0514c50263db457"},"dob":{"date":"1954-07-17T21:06:27.985Z","age":69},"registered":{"date":"2012-12-09T07:56:50.624Z","age":11},"phone":"023-5729-915","cell":"067-9709-357","id":{"name":"SID","value":"967457096"},"picture":{"large":"https://randomuser.me/api/portraits/women/26.jpg","medium":"https://randomuser.me/api/portraits/med/women/26.jpg","thumbnail":"https://randomuser.me/api/portraits/thumb/women/26.jpg"},"nat":"RS"}],"info":{"seed":"386be3a99f874523","results":1,"page":1,"version":"1.4"}} 
 </msg>
<msg time="2024-06-15T05:14:45.622129" level="INFO">/opt/hostedtoolcache/Python/3.12.3/x64/lib/python3.12/site-packages/urllib3/connectionpool.py:1103: InsecureRequestWarning: Unverified HTTPS request is being made to host 'randomuser.me'. Adding certificate verification is strongly advised. See: https://urllib3.readthedocs.io/en/latest/advanced-usage.html#tls-warnings
  warnings.warn(</msg>
<msg time="2024-06-15T05:14:45.622292" level="INFO">${response} = &lt;Response [200]&gt;</msg>
<var>${response}</var>
<arg>consultarAPI</arg>
<arg>/api</arg>
<doc>Sends a GET request on a previously created HTTP Session.</doc>
<status status="PASS" start="2024-06-15T05:14:45.478611" elapsed="0.143733"/>
</kw>
<kw name="Should Be Equal As Numbers" owner="BuiltIn">
<msg time="2024-06-15T05:14:45.623258" level="INFO">Argument types are:
&lt;class 'int'&gt;
&lt;class 'str'&gt;</msg>
<arg>${response.status_code}</arg>
<arg>200</arg>
<doc>Fails if objects are unequal after converting them to real numbers.</doc>
<status status="PASS" start="2024-06-15T05:14:45.622822" elapsed="0.000500"/>
</kw>
<kw name="Log" owner="BuiltIn">
<msg time="2024-06-15T05:14:45.624028" level="INFO">200</msg>
<arg>${response.status_code}</arg>
<doc>Logs the given message with the given level.</doc>
<status status="PASS" start="2024-06-15T05:14:45.623680" elapsed="0.000396"/>
</kw>
<kw name="Set Variable" owner="BuiltIn">
<msg time="2024-06-15T05:14:45.624834" level="INFO">${json_data} = {'results': [{'gender': 'female', 'name': {'title': 'Miss', 'first': 'Milena', 'last': 'Karadžić'}, 'location': {'street': {'number': 5526, 'name': 'Rekovačka Ulica'}, 'city': 'Senta', 'state': 'Kosov...</msg>
<var>${json_data}</var>
<arg>${response.json()}</arg>
<doc>Returns the given values which can then be assigned to a variables.</doc>
<status status="PASS" start="2024-06-15T05:14:45.624385" elapsed="0.000479"/>
</kw>
<kw name="Dictionary Should Contain Key" owner="Collections">
<arg>${json_data}</arg>
<arg>results</arg>
<doc>Fails if ``key`` is not found from ``dictionary``.</doc>
<status status="PASS" start="2024-06-15T05:14:45.625195" elapsed="0.000168"/>
</kw>
<status status="PASS" start="2024-06-15T05:14:45.478375" elapsed="0.147135"/>
</kw>
<doc>Testa se a API responde corretamente e retorna um objeto JSON válido.</doc>
<tag>testeRequisicaoBasica</tag>
<status status="PASS" start="2024-06-15T05:14:45.477805" elapsed="0.147872"/>
</test>
<test id="s1-s1-t3" name="Validar estrutura de resposta" line="22">
<kw name="Teste de Estrutura de Resposta" owner="random-user-service">
<kw name="GET On Session" owner="RequestsLibrary">
<msg time="2024-06-15T05:14:45.717664" level="INFO">GET Request : url=https://randomuser.me/api 
 path_url=/api 
 headers={'User-Agent': 'python-requests/2.32.3', 'Accept-Encoding': 'gzip, deflate', 'Accept': '*/*', 'Connection': 'keep-alive'} 
 body=None 
 </msg>
<msg time="2024-06-15T05:14:45.717730" level="INFO">GET Response : url=https://randomuser.me/api 
 status=200, reason=OK 
 headers={'Date': 'Sat, 15 Jun 2024 05:14:45 GMT', 'Content-Type': 'application/json; charset=utf-8', 'Transfer-Encoding': 'chunked', 'Connection': 'keep-alive', 'X-Powered-By': 'Express', 'Access-Control-Allow-Origin': '*', 'Cache-Control': 'no-cache', 'ETag': 'W/"4a5-0Ll/jBfyi7A/M1zSKMyPoKSwq68"', 'Vary': 'Accept-Encoding', 'Content-Encoding': 'gzip', 'CF-Cache-Status': 'DYNAMIC', 'Report-To': '{"endpoints":[{"url":"https:\\/\\/a.nel.cloudflare.com\\/report\\/v4?s=FWaBE6tAh67I3C7PiEqxv2vQt3Q7T82Es7xEzL%2Bw03VH7hKRbYRC4p9neC81aO76Ozw%2F%2BzaBEYBiQIF6TICY2UAj9br59ZrNMO3Trsa%2FAOq9j9kBefktprfRSHN7S14%2F"}],"group":"cf-nel","max_age":604800}', 'NEL': '{"success_fraction":0,"report_to":"cf-nel","max_age":604800}', 'Server': 'cloudflare', 'CF-RAY': '89401413389a9432-SJC', 'alt-svc': 'h3=":443"; ma=86400'} 
 body={"results":[{"gender":"female","name":{"title":"Madame","first":"Marlène","last":"Guerin"},"location":{"street":{"number":8402,"name":"Rue de L'Abbé-De-L'Épée"},"city":"Münchenbuchsee","state":"Valais","country":"Switzerland","postcode":5226,"coordinates":{"latitude":"-56.0594","longitude":"21.0446"},"timezone":{"offset":"-11:00","description":"Midway Island, Samoa"}},"email":"marlene.guerin@example.com","login":{"uuid":"a640d89d-1bde-4ba4-870f-3b89f976de2a","username":"whiteduck745","password":"1218","salt":"R25UQrGD","md5":"c47338b1730a493ae8ac79c6c2cb87c8","sha1":"89ffc09135729280f9ec2500aa67e83f9cb92755","sha256":"1329fde791fd26c6fc0276af5bd6573a857262b7b08611190fe13833d50aede3"},"dob":{"date":"1974-12-11T09:15:40.263Z","age":49},"registered":{"date":"2014-08-17T02:07:01.810Z","age":9},"phone":"076 881 65 04","cell":"077 505 43 88","id":{"name":"AVS","value":"756.0464.4259.42"},"picture":{"large":"https://randomuser.me/api/portraits/women/92.jpg","medium":"https://randomuser.me/api/portraits/med/women/92.jpg","thumbnail":"https://randomuser.me/api/portraits/thumb/women/92.jpg"},"nat":"CH"}],"info":{"seed":"50bab6b1968aa22b","results":1,"page":1,"version":"1.4"}} 
 </msg>
<msg time="2024-06-15T05:14:45.717839" level="INFO">/opt/hostedtoolcache/Python/3.12.3/x64/lib/python3.12/site-packages/urllib3/connectionpool.py:1103: InsecureRequestWarning: Unverified HTTPS request is being made to host 'randomuser.me'. Adding certificate verification is strongly advised. See: https://urllib3.readthedocs.io/en/latest/advanced-usage.html#tls-warnings
  warnings.warn(</msg>
<msg time="2024-06-15T05:14:45.717951" level="INFO">${response} = &lt;Response [200]&gt;</msg>
<var>${response}</var>
<arg>consultarAPI</arg>
<arg>/api</arg>
<doc>Sends a GET request on a previously created HTTP Session.</doc>
<status status="PASS" start="2024-06-15T05:14:45.628404" elapsed="0.089590"/>
</kw>
<kw name="Set Variable" owner="BuiltIn">
<msg time="2024-06-15T05:14:45.718823" level="INFO">${json_data} = {'results': [{'gender': 'female', 'name': {'title': 'Madame', 'first': 'Marlène', 'last': 'Guerin'}, 'location': {'street': {'number': 8402, 'name': "Rue de L'Abbé-De-L'Épée"}, 'city': 'Münchenbuchsee...</msg>
<var>${json_data}</var>
<arg>${response.json()}</arg>
<doc>Returns the given values which can then be assigned to a variables.</doc>
<status status="PASS" start="2024-06-15T05:14:45.718371" elapsed="0.000482"/>
</kw>
<kw name="Log" owner="BuiltIn">
<msg time="2024-06-15T05:14:45.719325" level="INFO">{'results': [{'gender': 'female', 'name': {'title': 'Madame', 'first': 'Marlène', 'last': 'Guerin'}, 'location': {'street': {'number': 8402, 'name': "Rue de L'Abbé-De-L'Épée"}, 'city': 'Münchenbuchsee', 'state': 'Valais', 'country': 'Switzerland', 'postcode': 5226, 'coordinates': {'latitude': '-56.0594', 'longitude': '21.0446'}, 'timezone': {'offset': '-11:00', 'description': 'Midway Island, Samoa'}}, 'email': 'marlene.guerin@example.com', 'login': {'uuid': 'a640d89d-1bde-4ba4-870f-3b89f976de2a', 'username': 'whiteduck745', 'password': '1218', 'salt': 'R25UQrGD', 'md5': 'c47338b1730a493ae8ac79c6c2cb87c8', 'sha1': '89ffc09135729280f9ec2500aa67e83f9cb92755', 'sha256': '1329fde791fd26c6fc0276af5bd6573a857262b7b08611190fe13833d50aede3'}, 'dob': {'date': '1974-12-11T09:15:40.263Z', 'age': 49}, 'registered': {'date': '2014-08-17T02:07:01.810Z', 'age': 9}, 'phone': '076 881 65 04', 'cell': '077 505 43 88', 'id': {'name': 'AVS', 'value': '756.0464.4259.42'}, 'picture': {'large': 'https://randomuser.me/api/portraits/women/92.jpg', 'medium': 'https://randomuser.me/api/portraits/med/women/92.jpg', 'thumbnail': 'https://randomuser.me/api/portraits/thumb/women/92.jpg'}, 'nat': 'CH'}], 'info': {'seed': '50bab6b1968aa22b', 'results': 1, 'page': 1, 'version': '1.4'}}</msg>
<arg>${json_data}</arg>
<doc>Logs the given message with the given level.</doc>
<status status="PASS" start="2024-06-15T05:14:45.719161" elapsed="0.000225"/>
</kw>
<kw name="Dictionary Should Contain Key" owner="Collections">
<arg>${json_data}</arg>
<arg>results</arg>
<doc>Fails if ``key`` is not found from ``dictionary``.</doc>
<status status="PASS" start="2024-06-15T05:14:45.719682" elapsed="0.000155"/>
</kw>
<kw name="Should Not Be Empty" owner="BuiltIn">
<msg time="2024-06-15T05:14:45.720145" level="INFO">Length is 2.</msg>
<arg>${json_data}</arg>
<doc>Verifies that the given item is not empty.</doc>
<status status="PASS" start="2024-06-15T05:14:45.720021" elapsed="0.000162"/>
</kw>
<kw name="Create List" owner="BuiltIn">
<msg time="2024-06-15T05:14:45.720620" level="INFO">${expected_keys} = ['gender', 'name', 'location', 'email', 'login']</msg>
<var>${expected_keys}</var>
<arg>gender</arg>
<arg>name</arg>
<arg>location</arg>
<arg>email</arg>
<arg>login</arg>
<doc>Returns a list containing given items.</doc>
<status status="PASS" start="2024-06-15T05:14:45.720473" elapsed="0.000171"/>
</kw>
<for flavor="IN">
<iter>
<kw name="Dictionary Should Contain Key" owner="Collections">
<arg>${json_data['results'][0]}</arg>
<arg>${key}</arg>
<doc>Fails if ``key`` is not found from ``dictionary``.</doc>
<status status="PASS" start="2024-06-15T05:14:45.721264" elapsed="0.000401"/>
</kw>
<kw name="Log" owner="BuiltIn">
<msg time="2024-06-15T05:14:45.722218" level="INFO">{'gender': 'female', 'name': {'title': 'Madame', 'first': 'Marlène', 'last': 'Guerin'}, 'location': {'street': {'number': 8402, 'name': "Rue de L'Abbé-De-L'Épée"}, 'city': 'Münchenbuchsee', 'state': 'Valais', 'country': 'Switzerland', 'postcode': 5226, 'coordinates': {'latitude': '-56.0594', 'longitude': '21.0446'}, 'timezone': {'offset': '-11:00', 'description': 'Midway Island, Samoa'}}, 'email': 'marlene.guerin@example.com', 'login': {'uuid': 'a640d89d-1bde-4ba4-870f-3b89f976de2a', 'username': 'whiteduck745', 'password': '1218', 'salt': 'R25UQrGD', 'md5': 'c47338b1730a493ae8ac79c6c2cb87c8', 'sha1': '89ffc09135729280f9ec2500aa67e83f9cb92755', 'sha256': '1329fde791fd26c6fc0276af5bd6573a857262b7b08611190fe13833d50aede3'}, 'dob': {'date': '1974-12-11T09:15:40.263Z', 'age': 49}, 'registered': {'date': '2014-08-17T02:07:01.810Z', 'age': 9}, 'phone': '076 881 65 04', 'cell': '077 505 43 88', 'id': {'name': 'AVS', 'value': '756.0464.4259.42'}, 'picture': {'large': 'https://randomuser.me/api/portraits/women/92.jpg', 'medium': 'https://randomuser.me/api/portraits/med/women/92.jpg', 'thumbnail': 'https://randomuser.me/api/portraits/thumb/women/92.jpg'}, 'nat': 'CH'}</msg>
<arg>${json_data['results'][0]}</arg>
<doc>Logs the given message with the given level.</doc>
<status status="PASS" start="2024-06-15T05:14:45.721858" elapsed="0.000411"/>
</kw>
<kw name="Log" owner="BuiltIn">
<msg time="2024-06-15T05:14:45.722697" level="INFO">gender</msg>
<arg>${key}</arg>
<doc>Logs the given message with the given level.</doc>
<status status="PASS" start="2024-06-15T05:14:45.722568" elapsed="0.000167"/>
</kw>
<var name="${key}">gender</var>
<status status="PASS" start="2024-06-15T05:14:45.721090" elapsed="0.001867"/>
</iter>
<iter>
<kw name="Dictionary Should Contain Key" owner="Collections">
<arg>${json_data['results'][0]}</arg>
<arg>${key}</arg>
<doc>Fails if ``key`` is not found from ``dictionary``.</doc>
<status status="PASS" start="2024-06-15T05:14:45.723257" elapsed="0.000385"/>
</kw>
<kw name="Log" owner="BuiltIn">
<msg time="2024-06-15T05:14:45.724220" level="INFO">{'gender': 'female', 'name': {'title': 'Madame', 'first': 'Marlène', 'last': 'Guerin'}, 'location': {'street': {'number': 8402, 'name': "Rue de L'Abbé-De-L'Épée"}, 'city': 'Münchenbuchsee', 'state': 'Valais', 'country': 'Switzerland', 'postcode': 5226, 'coordinates': {'latitude': '-56.0594', 'longitude': '21.0446'}, 'timezone': {'offset': '-11:00', 'description': 'Midway Island, Samoa'}}, 'email': 'marlene.guerin@example.com', 'login': {'uuid': 'a640d89d-1bde-4ba4-870f-3b89f976de2a', 'username': 'whiteduck745', 'password': '1218', 'salt': 'R25UQrGD', 'md5': 'c47338b1730a493ae8ac79c6c2cb87c8', 'sha1': '89ffc09135729280f9ec2500aa67e83f9cb92755', 'sha256': '1329fde791fd26c6fc0276af5bd6573a857262b7b08611190fe13833d50aede3'}, 'dob': {'date': '1974-12-11T09:15:40.263Z', 'age': 49}, 'registered': {'date': '2014-08-17T02:07:01.810Z', 'age': 9}, 'phone': '076 881 65 04', 'cell': '077 505 43 88', 'id': {'name': 'AVS', 'value': '756.0464.4259.42'}, 'picture': {'large': 'https://randomuser.me/api/portraits/women/92.jpg', 'medium': 'https://randomuser.me/api/portraits/med/women/92.jpg', 'thumbnail': 'https://randomuser.me/api/portraits/thumb/women/92.jpg'}, 'nat': 'CH'}</msg>
<arg>${json_data['results'][0]}</arg>
<doc>Logs the given message with the given level.</doc>
<status status="PASS" start="2024-06-15T05:14:45.723857" elapsed="0.000414"/>
</kw>
<kw name="Log" owner="BuiltIn">
<msg time="2024-06-15T05:14:45.724707" level="INFO">name</msg>
<arg>${key}</arg>
<doc>Logs the given message with the given level.</doc>
<status status="PASS" start="2024-06-15T05:14:45.724572" elapsed="0.000174"/>
</kw>
<var name="${key}">name</var>
<status status="PASS" start="2024-06-15T05:14:45.723144" elapsed="0.001823"/>
</iter>
<iter>
<kw name="Dictionary Should Contain Key" owner="Collections">
<arg>${json_data['results'][0]}</arg>
<arg>${key}</arg>
<doc>Fails if ``key`` is not found from ``dictionary``.</doc>
<status status="PASS" start="2024-06-15T05:14:45.725312" elapsed="0.000387"/>
</kw>
<kw name="Log" owner="BuiltIn">
<msg time="2024-06-15T05:14:45.726242" level="INFO">{'gender': 'female', 'name': {'title': 'Madame', 'first': 'Marlène', 'last': 'Guerin'}, 'location': {'street': {'number': 8402, 'name': "Rue de L'Abbé-De-L'Épée"}, 'city': 'Münchenbuchsee', 'state': 'Valais', 'country': 'Switzerland', 'postcode': 5226, 'coordinates': {'latitude': '-56.0594', 'longitude': '21.0446'}, 'timezone': {'offset': '-11:00', 'description': 'Midway Island, Samoa'}}, 'email': 'marlene.guerin@example.com', 'login': {'uuid': 'a640d89d-1bde-4ba4-870f-3b89f976de2a', 'username': 'whiteduck745', 'password': '1218', 'salt': 'R25UQrGD', 'md5': 'c47338b1730a493ae8ac79c6c2cb87c8', 'sha1': '89ffc09135729280f9ec2500aa67e83f9cb92755', 'sha256': '1329fde791fd26c6fc0276af5bd6573a857262b7b08611190fe13833d50aede3'}, 'dob': {'date': '1974-12-11T09:15:40.263Z', 'age': 49}, 'registered': {'date': '2014-08-17T02:07:01.810Z', 'age': 9}, 'phone': '076 881 65 04', 'cell': '077 505 43 88', 'id': {'name': 'AVS', 'value': '756.0464.4259.42'}, 'picture': {'large': 'https://randomuser.me/api/portraits/women/92.jpg', 'medium': 'https://randomuser.me/api/portraits/med/women/92.jpg', 'thumbnail': 'https://randomuser.me/api/portraits/thumb/women/92.jpg'}, 'nat': 'CH'}</msg>
<arg>${json_data['results'][0]}</arg>
<doc>Logs the given message with the given level.</doc>
<status status="PASS" start="2024-06-15T05:14:45.725891" elapsed="0.000401"/>
</kw>
<kw name="Log" owner="BuiltIn">
<msg time="2024-06-15T05:14:45.726712" level="INFO">location</msg>
<arg>${key}</arg>
<doc>Logs the given message with the given level.</doc>
<status status="PASS" start="2024-06-15T05:14:45.726584" elapsed="0.000165"/>
</kw>
<var name="${key}">location</var>
<status status="PASS" start="2024-06-15T05:14:45.725190" elapsed="0.001782"/>
</iter>
<iter>
<kw name="Dictionary Should Contain Key" owner="Collections">
<arg>${json_data['results'][0]}</arg>
<arg>${key}</arg>
<doc>Fails if ``key`` is not found from ``dictionary``.</doc>
<status status="PASS" start="2024-06-15T05:14:45.727254" elapsed="0.000377"/>
</kw>
<kw name="Log" owner="BuiltIn">
<msg time="2024-06-15T05:14:45.728168" level="INFO">{'gender': 'female', 'name': {'title': 'Madame', 'first': 'Marlène', 'last': 'Guerin'}, 'location': {'street': {'number': 8402, 'name': "Rue de L'Abbé-De-L'Épée"}, 'city': 'Münchenbuchsee', 'state': 'Valais', 'country': 'Switzerland', 'postcode': 5226, 'coordinates': {'latitude': '-56.0594', 'longitude': '21.0446'}, 'timezone': {'offset': '-11:00', 'description': 'Midway Island, Samoa'}}, 'email': 'marlene.guerin@example.com', 'login': {'uuid': 'a640d89d-1bde-4ba4-870f-3b89f976de2a', 'username': 'whiteduck745', 'password': '1218', 'salt': 'R25UQrGD', 'md5': 'c47338b1730a493ae8ac79c6c2cb87c8', 'sha1': '89ffc09135729280f9ec2500aa67e83f9cb92755', 'sha256': '1329fde791fd26c6fc0276af5bd6573a857262b7b08611190fe13833d50aede3'}, 'dob': {'date': '1974-12-11T09:15:40.263Z', 'age': 49}, 'registered': {'date': '2014-08-17T02:07:01.810Z', 'age': 9}, 'phone': '076 881 65 04', 'cell': '077 505 43 88', 'id': {'name': 'AVS', 'value': '756.0464.4259.42'}, 'picture': {'large': 'https://randomuser.me/api/portraits/women/92.jpg', 'medium': 'https://randomuser.me/api/portraits/med/women/92.jpg', 'thumbnail': 'https://randomuser.me/api/portraits/thumb/women/92.jpg'}, 'nat': 'CH'}</msg>
<arg>${json_data['results'][0]}</arg>
<doc>Logs the given message with the given level.</doc>
<status status="PASS" start="2024-06-15T05:14:45.727812" elapsed="0.000416"/>
</kw>
<kw name="Log" owner="BuiltIn">
<msg time="2024-06-15T05:14:45.728659" level="INFO">email</msg>
<arg>${key}</arg>
<doc>Logs the given message with the given level.</doc>
<status status="PASS" start="2024-06-15T05:14:45.728530" elapsed="0.000167"/>
</kw>
<var name="${key}">email</var>
<status status="PASS" start="2024-06-15T05:14:45.727145" elapsed="0.001769"/>
</iter>
<iter>
<kw name="Dictionary Should Contain Key" owner="Collections">
<arg>${json_data['results'][0]}</arg>
<arg>${key}</arg>
<doc>Fails if ``key`` is not found from ``dictionary``.</doc>
<status status="PASS" start="2024-06-15T05:14:45.729244" elapsed="0.000387"/>
</kw>
<kw name="Log" owner="BuiltIn">
<msg time="2024-06-15T05:14:45.730174" level="INFO">{'gender': 'female', 'name': {'title': 'Madame', 'first': 'Marlène', 'last': 'Guerin'}, 'location': {'street': {'number': 8402, 'name': "Rue de L'Abbé-De-L'Épée"}, 'city': 'Münchenbuchsee', 'state': 'Valais', 'country': 'Switzerland', 'postcode': 5226, 'coordinates': {'latitude': '-56.0594', 'longitude': '21.0446'}, 'timezone': {'offset': '-11:00', 'description': 'Midway Island, Samoa'}}, 'email': 'marlene.guerin@example.com', 'login': {'uuid': 'a640d89d-1bde-4ba4-870f-3b89f976de2a', 'username': 'whiteduck745', 'password': '1218', 'salt': 'R25UQrGD', 'md5': 'c47338b1730a493ae8ac79c6c2cb87c8', 'sha1': '89ffc09135729280f9ec2500aa67e83f9cb92755', 'sha256': '1329fde791fd26c6fc0276af5bd6573a857262b7b08611190fe13833d50aede3'}, 'dob': {'date': '1974-12-11T09:15:40.263Z', 'age': 49}, 'registered': {'date': '2014-08-17T02:07:01.810Z', 'age': 9}, 'phone': '076 881 65 04', 'cell': '077 505 43 88', 'id': {'name': 'AVS', 'value': '756.0464.4259.42'}, 'picture': {'large': 'https://randomuser.me/api/portraits/women/92.jpg', 'medium': 'https://randomuser.me/api/portraits/med/women/92.jpg', 'thumbnail': 'https://randomuser.me/api/portraits/thumb/women/92.jpg'}, 'nat': 'CH'}</msg>
<arg>${json_data['results'][0]}</arg>
<doc>Logs the given message with the given level.</doc>
<status status="PASS" start="2024-06-15T05:14:45.729820" elapsed="0.000404"/>
</kw>
<kw name="Log" owner="BuiltIn">
<msg time="2024-06-15T05:14:45.730748" level="INFO">login</msg>
<arg>${key}</arg>
<doc>Logs the given message with the given level.</doc>
<status status="PASS" start="2024-06-15T05:14:45.730515" elapsed="0.000272"/>
</kw>
<var name="${key}">login</var>
<status status="PASS" start="2024-06-15T05:14:45.729090" elapsed="0.001922"/>
</iter>
<var>${key}</var>
<value>@{expected_keys}</value>
<status status="PASS" start="2024-06-15T05:14:45.720904" elapsed="0.010230"/>
</for>
<kw name="Create List" owner="BuiltIn">
<msg time="2024-06-15T05:14:45.731513" level="INFO">${expected_keysTwo} = ['username', 'password']</msg>
<var>${expected_keysTwo}</var>
<arg>username</arg>
<arg>password</arg>
<doc>Returns a list containing given items.</doc>
<status status="PASS" start="2024-06-15T05:14:45.731354" elapsed="0.000184"/>
</kw>
<for flavor="IN">
<iter>
<kw name="Dictionary Should Contain Key" owner="Collections">
<arg>${json_data['results'][0]['login']}</arg>
<arg>${keyTwo}</arg>
<doc>Fails if ``key`` is not found from ``dictionary``.</doc>
<status status="PASS" start="2024-06-15T05:14:45.732060" elapsed="0.000400"/>
</kw>
<kw name="Dictionary Should Contain Key" owner="Collections">
<arg>${json_data['results'][0]['login']}</arg>
<arg>${keyTwo}</arg>
<doc>Fails if ``key`` is not found from ``dictionary``.</doc>
<status status="PASS" start="2024-06-15T05:14:45.732668" elapsed="0.000383"/>
</kw>
<kw name="Log" owner="BuiltIn">
<msg time="2024-06-15T05:14:45.733395" level="INFO">username</msg>
<arg>${keyTwo}</arg>
<doc>Logs the given message with the given level.</doc>
<status status="PASS" start="2024-06-15T05:14:45.733272" elapsed="0.000159"/>
</kw>
<var name="${keyTwo}">username</var>
<status status="PASS" start="2024-06-15T05:14:45.731942" elapsed="0.001709"/>
</iter>
<iter>
<kw name="Dictionary Should Contain Key" owner="Collections">
<arg>${json_data['results'][0]['login']}</arg>
<arg>${keyTwo}</arg>
<doc>Fails if ``key`` is not found from ``dictionary``.</doc>
<status status="PASS" start="2024-06-15T05:14:45.733939" elapsed="0.000371"/>
</kw>
<kw name="Dictionary Should Contain Key" owner="Collections">
<arg>${json_data['results'][0]['login']}</arg>
<arg>${keyTwo}</arg>
<doc>Fails if ``key`` is not found from ``dictionary``.</doc>
<status status="PASS" start="2024-06-15T05:14:45.734487" elapsed="0.000362"/>
</kw>
<kw name="Log" owner="BuiltIn">
<msg time="2024-06-15T05:14:45.735148" level="INFO">password</msg>
<arg>${keyTwo}</arg>
<doc>Logs the given message with the given level.</doc>
<status status="PASS" start="2024-06-15T05:14:45.735024" elapsed="0.000160"/>
</kw>
<var name="${keyTwo}">password</var>
<status status="PASS" start="2024-06-15T05:14:45.733831" elapsed="0.001570"/>
</iter>
<var>${keyTwo}</var>
<value>@{expected_keysTwo}</value>
<status status="PASS" start="2024-06-15T05:14:45.731780" elapsed="0.003743"/>
</for>
<status status="PASS" start="2024-06-15T05:14:45.628176" elapsed="0.107484"/>
</kw>
<doc>Testa a estrutura da resposta da API.</doc>
<tag>testeEstruturaResposta</tag>
<status status="PASS" start="2024-06-15T05:14:45.627476" elapsed="0.108332"/>
</test>
<test id="s1-s1-t4" name="Validar tipos de dados" line="28">
<kw name="Teste de Tipos de Dados" owner="random-user-service">
<kw name="GET On Session" owner="RequestsLibrary">
<msg time="2024-06-15T05:14:45.821228" level="INFO">GET Request : url=https://randomuser.me/api 
 path_url=/api 
 headers={'User-Agent': 'python-requests/2.32.3', 'Accept-Encoding': 'gzip, deflate', 'Accept': '*/*', 'Connection': 'keep-alive'} 
 body=None 
 </msg>
<msg time="2024-06-15T05:14:45.821312" level="INFO">GET Response : url=https://randomuser.me/api 
 status=200, reason=OK 
 headers={'Date': 'Sat, 15 Jun 2024 05:14:45 GMT', 'Content-Type': 'application/json; charset=utf-8', 'Transfer-Encoding': 'chunked', 'Connection': 'keep-alive', 'X-Powered-By': 'Express', 'Access-Control-Allow-Origin': '*', 'Cache-Control': 'no-cache', 'ETag': 'W/"486-xw2XOyF1HdG0x/b1MWgwRzJ5iO8"', 'Vary': 'Accept-Encoding', 'Content-Encoding': 'gzip', 'CF-Cache-Status': 'DYNAMIC', 'Report-To': '{"endpoints":[{"url":"https:\\/\\/a.nel.cloudflare.com\\/report\\/v4?s=2XQvdYwngAxG9rWf%2BJAnEnuL%2FtMRilwZjnykPslLj5N9Tbcf3vmWNZrASXTNGvVyK3L%2FqfH6m0d1ApVrK1UI6Z%2B2e0IKnjGLRnIBJKrVtjfuIE5S%2BVgY8cwTv4d0FSd7"}],"group":"cf-nel","max_age":604800}', 'NEL': '{"success_fraction":0,"report_to":"cf-nel","max_age":604800}', 'Server': 'cloudflare', 'CF-RAY': '89401413e8e89432-SJC', 'alt-svc': 'h3=":443"; ma=86400'} 
 body={"results":[{"gender":"male","name":{"title":"Mr","first":"Harvey","last":"Tucker"},"location":{"street":{"number":8644,"name":"Cork Street"},"city":"Longford","state":"Galway","country":"Ireland","postcode":57267,"coordinates":{"latitude":"2.0961","longitude":"-79.3074"},"timezone":{"offset":"+5:30","description":"Bombay, Calcutta, Madras, New Delhi"}},"email":"harvey.tucker@example.com","login":{"uuid":"6ebd1958-19bd-48ea-aed1-0370cf102e4d","username":"ticklishbutterfly141","password":"tony","salt":"gKSZI5O6","md5":"9fc08ba1a55ea8f71e877a8b27110de8","sha1":"d0d61ba6c4a7082ab30c81e86eff29a396483c68","sha256":"6d460a5682c0973468a828e22236744f5faab88a41619b6523e13db959fb5a63"},"dob":{"date":"1957-07-11T09:43:55.978Z","age":66},"registered":{"date":"2012-03-11T05:53:05.841Z","age":12},"phone":"061-900-1928","cell":"081-457-1231","id":{"name":"PPS","value":"8062806T"},"picture":{"large":"https://randomuser.me/api/portraits/men/1.jpg","medium":"https://randomuser.me/api/portraits/med/men/1.jpg","thumbnail":"https://randomuser.me/api/portraits/thumb/men/1.jpg"},"nat":"IE"}],"info":{"seed":"993ff42b78cd4171","results":1,"page":1,"version":"1.4"}} 
 </msg>
<msg time="2024-06-15T05:14:45.821379" level="INFO">/opt/hostedtoolcache/Python/3.12.3/x64/lib/python3.12/site-packages/urllib3/connectionpool.py:1103: InsecureRequestWarning: Unverified HTTPS request is being made to host 'randomuser.me'. Adding certificate verification is strongly advised. See: https://urllib3.readthedocs.io/en/latest/advanced-usage.html#tls-warnings
  warnings.warn(</msg>
<msg time="2024-06-15T05:14:45.821485" level="INFO">${response} = &lt;Response [200]&gt;</msg>
<var>${response}</var>
<arg>consultarAPI</arg>
<arg>/api</arg>
<doc>Sends a GET request on a previously created HTTP Session.</doc>
<status status="PASS" start="2024-06-15T05:14:45.738891" elapsed="0.082644"/>
</kw>
<kw name="Set Variable" owner="BuiltIn">
<msg time="2024-06-15T05:14:45.822571" level="INFO">${json_data} = {'results': [{'gender': 'male', 'name': {'title': 'Mr', 'first': 'Harvey', 'last': 'Tucker'}, 'location': {'street': {'number': 8644, 'name': 'Cork Street'}, 'city': 'Longford', 'state': 'Galway', 'co...</msg>
<var>${json_data}</var>
<arg>${response.json()}</arg>
<doc>Returns the given values which can then be assigned to a variables.</doc>
<status status="PASS" start="2024-06-15T05:14:45.822013" elapsed="0.000586"/>
</kw>
<kw name="Log" owner="BuiltIn">
<msg time="2024-06-15T05:14:45.823056" level="INFO">{'results': [{'gender': 'male', 'name': {'title': 'Mr', 'first': 'Harvey', 'last': 'Tucker'}, 'location': {'street': {'number': 8644, 'name': 'Cork Street'}, 'city': 'Longford', 'state': 'Galway', 'country': 'Ireland', 'postcode': 57267, 'coordinates': {'latitude': '2.0961', 'longitude': '-79.3074'}, 'timezone': {'offset': '+5:30', 'description': 'Bombay, Calcutta, Madras, New Delhi'}}, 'email': 'harvey.tucker@example.com', 'login': {'uuid': '6ebd1958-19bd-48ea-aed1-0370cf102e4d', 'username': 'ticklishbutterfly141', 'password': 'tony', 'salt': 'gKSZI5O6', 'md5': '9fc08ba1a55ea8f71e877a8b27110de8', 'sha1': 'd0d61ba6c4a7082ab30c81e86eff29a396483c68', 'sha256': '6d460a5682c0973468a828e22236744f5faab88a41619b6523e13db959fb5a63'}, 'dob': {'date': '1957-07-11T09:43:55.978Z', 'age': 66}, 'registered': {'date': '2012-03-11T05:53:05.841Z', 'age': 12}, 'phone': '061-900-1928', 'cell': '081-457-1231', 'id': {'name': 'PPS', 'value': '8062806T'}, 'picture': {'large': 'https://randomuser.me/api/portraits/men/1.jpg', 'medium': 'https://randomuser.me/api/portraits/med/men/1.jpg', 'thumbnail': 'https://randomuser.me/api/portraits/thumb/men/1.jpg'}, 'nat': 'IE'}], 'info': {'seed': '993ff42b78cd4171', 'results': 1, 'page': 1, 'version': '1.4'}}</msg>
<arg>${json_data}</arg>
<doc>Logs the given message with the given level.</doc>
<status status="PASS" start="2024-06-15T05:14:45.822906" elapsed="0.000198"/>
</kw>
<kw name="Should Be String" owner="String">
<arg>${json_data['results'][0]['gender']}</arg>
<doc>Fails if the given ``item`` is not a string.</doc>
<status status="PASS" start="2024-06-15T05:14:45.823395" elapsed="0.000363"/>
</kw>
<kw name="Should Match Regexp" owner="BuiltIn">
<arg>${json_data['results'][0]['email']}</arg>
<arg>^[a-zA-Z0-9._%+-]+@[a-zA-Z0-9.-]+\.[a-zA-Z]{2,}$</arg>
<doc>Fails if ``string`` does not match ``pattern`` as a regular expression.</doc>
<status status="PASS" start="2024-06-15T05:14:45.823981" elapsed="0.000512"/>
</kw>
<kw name="Should Match Regexp" owner="BuiltIn">
<arg>${json_data['results'][0]['dob']['date']}</arg>
<arg>\\d{4}-\\d{2}-\\d{2}T\\d{2}:\\d{2}:\\d{2}\\.\\d{3}Z</arg>
<doc>Fails if ``string`` does not match ``pattern`` as a regular expression.</doc>
<status status="PASS" start="2024-06-15T05:14:45.824690" elapsed="0.000530"/>
</kw>
<kw name="Should Match Regexp" owner="BuiltIn">
<arg>${json_data['results'][0]['registered']['date']}</arg>
<arg>\\d{4}-\\d{2}-\\d{2}T\\d{2}:\\d{2}:\\d{2}\\.\\d{3}Z</arg>
<doc>Fails if ``string`` does not match ``pattern`` as a regular expression.</doc>
<status status="PASS" start="2024-06-15T05:14:45.825417" elapsed="0.000365"/>
</kw>
<kw name="Should Match Regexp" owner="BuiltIn">
<arg>${json_data['results'][0]['picture']['large']}</arg>
<arg>^https?://.*\.(?:png|jpe?g|gif|bmp)$</arg>
<doc>Fails if ``string`` does not match ``pattern`` as a regular expression.</doc>
<status status="PASS" start="2024-06-15T05:14:45.825969" elapsed="0.000457"/>
</kw>
<kw name="Should Match Regexp" owner="BuiltIn">
<arg>${json_data['results'][0]['picture']['medium']}</arg>
<arg>^https?://.*\.(?:png|jpe?g|gif|bmp)$</arg>
<doc>Fails if ``string`` does not match ``pattern`` as a regular expression.</doc>
<status status="PASS" start="2024-06-15T05:14:45.826619" elapsed="0.000350"/>
</kw>
<kw name="Should Match Regexp" owner="BuiltIn">
<arg>${json_data['results'][0]['picture']['thumbnail']}</arg>
<arg>^https?://.*\.(?:png|jpe?g|gif|bmp)$</arg>
<doc>Fails if ``string`` does not match ``pattern`` as a regular expression.</doc>
<status status="PASS" start="2024-06-15T05:14:45.827158" elapsed="0.000346"/>
</kw>
<kw name="Log" owner="BuiltIn">
<msg time="2024-06-15T05:14:45.828012" level="INFO">{'large': 'https://randomuser.me/api/portraits/men/1.jpg', 'medium': 'https://randomuser.me/api/portraits/med/men/1.jpg', 'thumbnail': 'https://randomuser.me/api/portraits/thumb/men/1.jpg'}</msg>
<arg>${json_data['results'][0]['picture']}</arg>
<doc>Logs the given message with the given level.</doc>
<status status="PASS" start="2024-06-15T05:14:45.827686" elapsed="0.000368"/>
</kw>
<status status="PASS" start="2024-06-15T05:14:45.738666" elapsed="0.089641"/>
</kw>
<kw name="Teste de Tipos de Dados - Postcode" owner="random-user-service">
<kw name="GET On Session" owner="RequestsLibrary">
<msg time="2024-06-15T05:14:45.922030" level="INFO">GET Request : url=https://randomuser.me/api 
 path_url=/api 
 headers={'User-Agent': 'python-requests/2.32.3', 'Accept-Encoding': 'gzip, deflate', 'Accept': '*/*', 'Connection': 'keep-alive'} 
 body=None 
 </msg>
<msg time="2024-06-15T05:14:45.922098" level="INFO">GET Response : url=https://randomuser.me/api 
 status=200, reason=OK 
 headers={'Date': 'Sat, 15 Jun 2024 05:14:45 GMT', 'Content-Type': 'application/json; charset=utf-8', 'Transfer-Encoding': 'chunked', 'Connection': 'keep-alive', 'X-Powered-By': 'Express', 'Access-Control-Allow-Origin': '*', 'Cache-Control': 'no-cache', 'ETag': 'W/"4a8-Ryh4THRAvZHqIn4y5gJ/aGztogA"', 'Vary': 'Accept-Encoding', 'Content-Encoding': 'gzip', 'CF-Cache-Status': 'DYNAMIC', 'Report-To': '{"endpoints":[{"url":"https:\\/\\/a.nel.cloudflare.com\\/report\\/v4?s=rtc5hurMbpN4SvG7YhQbEcLzenv%2FstXO3PyB9E%2F50Rp76NltIUDTRRcKqGSB1EXKJInzo%2BBz6W8fl0hsPtlfZ7SAFR9DD7hQl37xfvOe%2FPLOeNee4lsxGScfzhY5Z2EQ"}],"group":"cf-nel","max_age":604800}', 'NEL': '{"success_fraction":0,"report_to":"cf-nel","max_age":604800}', 'Server': 'cloudflare', 'CF-RAY': '89401414793a9432-SJC', 'alt-svc': 'h3=":443"; ma=86400'} 
 body={"results":[{"gender":"male","name":{"title":"Mr","first":"Zacarías","last":"Olivares"},"location":{"street":{"number":1235,"name":"Peatonal Distrito Federal"},"city":"San Andrés La Venta","state":"Zacatecas","country":"Mexico","postcode":17871,"coordinates":{"latitude":"26.0151","longitude":"-131.8515"},"timezone":{"offset":"-8:00","description":"Pacific Time (US &amp; Canada)"}},"email":"zacarias.olivares@example.com","login":{"uuid":"fa21baf1-6856-4bb5-a8ba-b9d51b2315a3","username":"sadmouse752","password":"lara","salt":"AGtySSvO","md5":"e3220a3c46635a763ee5906fbf3040d8","sha1":"9b1bd22109c63db60aa06a272beb640ceac3c7fb","sha256":"0ca32c1df8925f49155a348c7f067ed67a6ca144c183b4cee6582ff92e558f47"},"dob":{"date":"1977-07-19T18:31:25.354Z","age":46},"registered":{"date":"2018-12-16T10:46:49.423Z","age":5},"phone":"(617) 121 3620","cell":"(616) 157 3647","id":{"name":"NSS","value":"25 71 91 4042 3"},"picture":{"large":"https://randomuser.me/api/portraits/men/31.jpg","medium":"https://randomuser.me/api/portraits/med/men/31.jpg","thumbnail":"https://randomuser.me/api/portraits/thumb/men/31.jpg"},"nat":"MX"}],"info":{"seed":"42cf02bad2769d4e","results":1,"page":1,"version":"1.4"}} 
 </msg>
<msg time="2024-06-15T05:14:45.922170" level="INFO">/opt/hostedtoolcache/Python/3.12.3/x64/lib/python3.12/site-packages/urllib3/connectionpool.py:1103: InsecureRequestWarning: Unverified HTTPS request is being made to host 'randomuser.me'. Adding certificate verification is strongly advised. See: https://urllib3.readthedocs.io/en/latest/advanced-usage.html#tls-warnings
  warnings.warn(</msg>
<msg time="2024-06-15T05:14:45.922274" level="INFO">${response} = &lt;Response [200]&gt;</msg>
<var>${response}</var>
<arg>consultarAPI</arg>
<arg>/api</arg>
<doc>Sends a GET request on a previously created HTTP Session.</doc>
<status status="PASS" start="2024-06-15T05:14:45.828746" elapsed="0.093566"/>
</kw>
<kw name="Set Variable" owner="BuiltIn">
<msg time="2024-06-15T05:14:45.923326" level="INFO">${json_data} = {'results': [{'gender': 'male', 'name': {'title': 'Mr', 'first': 'Zacarías', 'last': 'Olivares'}, 'location': {'street': {'number': 1235, 'name': 'Peatonal Distrito Federal'}, 'city': 'San Andrés La V...</msg>
<var>${json_data}</var>
<arg>${response.json()}</arg>
<doc>Returns the given values which can then be assigned to a variables.</doc>
<status status="PASS" start="2024-06-15T05:14:45.922773" elapsed="0.000582"/>
</kw>
<kw name="Log" owner="BuiltIn">
<msg time="2024-06-15T05:14:45.923817" level="INFO">{'results': [{'gender': 'male', 'name': {'title': 'Mr', 'first': 'Zacarías', 'last': 'Olivares'}, 'location': {'street': {'number': 1235, 'name': 'Peatonal Distrito Federal'}, 'city': 'San Andrés La Venta', 'state': 'Zacatecas', 'country': 'Mexico', 'postcode': 17871, 'coordinates': {'latitude': '26.0151', 'longitude': '-131.8515'}, 'timezone': {'offset': '-8:00', 'description': 'Pacific Time (US &amp; Canada)'}}, 'email': 'zacarias.olivares@example.com', 'login': {'uuid': 'fa21baf1-6856-4bb5-a8ba-b9d51b2315a3', 'username': 'sadmouse752', 'password': 'lara', 'salt': 'AGtySSvO', 'md5': 'e3220a3c46635a763ee5906fbf3040d8', 'sha1': '9b1bd22109c63db60aa06a272beb640ceac3c7fb', 'sha256': '0ca32c1df8925f49155a348c7f067ed67a6ca144c183b4cee6582ff92e558f47'}, 'dob': {'date': '1977-07-19T18:31:25.354Z', 'age': 46}, 'registered': {'date': '2018-12-16T10:46:49.423Z', 'age': 5}, 'phone': '(617) 121 3620', 'cell': '(616) 157 3647', 'id': {'name': 'NSS', 'value': '25 71 91 4042 3'}, 'picture': {'large': 'https://randomuser.me/api/portraits/men/31.jpg', 'medium': 'https://randomuser.me/api/portraits/med/men/31.jpg', 'thumbnail': 'https://randomuser.me/api/portraits/thumb/men/31.jpg'}, 'nat': 'MX'}], 'info': {'seed': '42cf02bad2769d4e', 'results': 1, 'page': 1, 'version': '1.4'}}</msg>
<arg>${json_data}</arg>
<doc>Logs the given message with the given level.</doc>
<status status="PASS" start="2024-06-15T05:14:45.923661" elapsed="0.000216"/>
</kw>
<kw name="Should Be Equal As Numbers" owner="BuiltIn">
<arg>${json_data['results'][0]['location']['postcode']}</arg>
<arg>${json_data['results'][0]['location']['postcode']}</arg>
<doc>Fails if objects are unequal after converting them to real numbers.</doc>
<status status="PASS" start="2024-06-15T05:14:45.924172" elapsed="0.000600"/>
</kw>
<kw name="Log" owner="BuiltIn">
<msg time="2024-06-15T05:14:45.925368" level="INFO">17871</msg>
<arg>${json_data['results'][0]['location']['postcode']}</arg>
<doc>Logs the given message with the given level.</doc>
<status status="PASS" start="2024-06-15T05:14:45.924992" elapsed="0.000416"/>
</kw>
<status status="PASS" start="2024-06-15T05:14:45.828519" elapsed="0.097140"/>
</kw>
<doc>Testa se os tipos de dados na resposta da API estão corretos.</doc>
<tag>testeTiposDados</tag>
<status status="PASS" start="2024-06-15T05:14:45.738173" elapsed="0.187647"/>
</test>
<test id="s1-s1-t5" name="Validar conteudo" line="35">
<kw name="Teste de Tipos de Conteudo" owner="random-user-service">
<kw name="GET On Session" owner="RequestsLibrary">
<msg time="2024-06-15T05:14:46.021422" level="INFO">GET Request : url=https://randomuser.me/api 
 path_url=/api 
 headers={'User-Agent': 'python-requests/2.32.3', 'Accept-Encoding': 'gzip, deflate', 'Accept': '*/*', 'Connection': 'keep-alive'} 
 body=None 
 </msg>
<msg time="2024-06-15T05:14:46.021501" level="INFO">GET Response : url=https://randomuser.me/api 
 status=200, reason=OK 
 headers={'Date': 'Sat, 15 Jun 2024 05:14:46 GMT', 'Content-Type': 'application/json; charset=utf-8', 'Transfer-Encoding': 'chunked', 'Connection': 'keep-alive', 'X-Powered-By': 'Express', 'Access-Control-Allow-Origin': '*', 'Cache-Control': 'no-cache', 'ETag': 'W/"489-JTJbsbCYIrdeBrBLBK4lMwO4cKA"', 'Vary': 'Accept-Encoding', 'Content-Encoding': 'gzip', 'CF-Cache-Status': 'DYNAMIC', 'Report-To': '{"endpoints":[{"url":"https:\\/\\/a.nel.cloudflare.com\\/report\\/v4?s=6M%2BAiZBcRYHNqGq8Sc7%2FbTJa1Grg8MVKaEBumEtonU9g5i4nqWBECNj5y7DVDnP3Cd63X4R0zkZ1OjhEHxQsCvqra1lLvzEB9W7V5qsKgmD6ggY9jraEGAeJnmWKbuLq"}],"group":"cf-nel","max_age":604800}', 'NEL': '{"success_fraction":0,"report_to":"cf-nel","max_age":604800}', 'Server': 'cloudflare', 'CF-RAY': '8940141519849432-SJC', 'alt-svc': 'h3=":443"; ma=86400'} 
 body={"results":[{"gender":"male","name":{"title":"Mr","first":"Parv","last":"Moolya"},"location":{"street":{"number":6616,"name":"Linking Rd"},"city":"Burhanpur","state":"Lakshadweep","country":"India","postcode":26316,"coordinates":{"latitude":"7.9347","longitude":"-17.5039"},"timezone":{"offset":"+9:00","description":"Tokyo, Seoul, Osaka, Sapporo, Yakutsk"}},"email":"parv.moolya@example.com","login":{"uuid":"b8da7382-ef00-47ff-808b-48d9d5c5a932","username":"lazyostrich370","password":"10101010","salt":"48ccC70X","md5":"d0c8db577446f71aa923b1da94692ae8","sha1":"dc602f6845c735694cf4bd2c6d83c329ab8fccc4","sha256":"76aeba5faec1a2cd920f8526e1492e9c820a4c5694e0bdb43ecf82e72b161ab8"},"dob":{"date":"1974-10-08T18:38:31.323Z","age":49},"registered":{"date":"2019-11-09T02:47:34.096Z","age":4},"phone":"9373652105","cell":"7806608874","id":{"name":"UIDAI","value":"509369130918"},"picture":{"large":"https://randomuser.me/api/portraits/men/56.jpg","medium":"https://randomuser.me/api/portraits/med/men/56.jpg","thumbnail":"https://randomuser.me/api/portraits/thumb/men/56.jpg"},"nat":"IN"}],"info":{"seed":"a65990b734ff1da5","results":1,"page":1,"version":"1.4"}} 
 </msg>
<msg time="2024-06-15T05:14:46.021568" level="INFO">/opt/hostedtoolcache/Python/3.12.3/x64/lib/python3.12/site-packages/urllib3/connectionpool.py:1103: InsecureRequestWarning: Unverified HTTPS request is being made to host 'randomuser.me'. Adding certificate verification is strongly advised. See: https://urllib3.readthedocs.io/en/latest/advanced-usage.html#tls-warnings
  warnings.warn(</msg>
<msg time="2024-06-15T05:14:46.021687" level="INFO">${response} = &lt;Response [200]&gt;</msg>
<var>${response}</var>
<arg>consultarAPI</arg>
<arg>/api</arg>
<doc>Sends a GET request on a previously created HTTP Session.</doc>
<status status="PASS" start="2024-06-15T05:14:45.928277" elapsed="0.093459"/>
</kw>
<kw name="Set Variable" owner="BuiltIn">
<msg time="2024-06-15T05:14:46.022806" level="INFO">${json_data} = {'results': [{'gender': 'male', 'name': {'title': 'Mr', 'first': 'Parv', 'last': 'Moolya'}, 'location': {'street': {'number': 6616, 'name': 'Linking Rd'}, 'city': 'Burhanpur', 'state': 'Lakshadweep', ...</msg>
<var>${json_data}</var>
<arg>${response.json()}</arg>
<doc>Returns the given values which can then be assigned to a variables.</doc>
<status status="PASS" start="2024-06-15T05:14:46.022254" elapsed="0.000579"/>
</kw>
<kw name="Set Variable" owner="BuiltIn">
<msg time="2024-06-15T05:14:46.023526" level="INFO">${name_title} = Mr</msg>
<var>${name_title}</var>
<arg>${json_data["results"][0]["name"]["title"]}</arg>
<doc>Returns the given values which can then be assigned to a variables.</doc>
<status status="PASS" start="2024-06-15T05:14:46.023139" elapsed="0.000412"/>
</kw>
<kw name="Create List" owner="BuiltIn">
<msg time="2024-06-15T05:14:46.024003" level="INFO">${allowed_titles} = ['Mr', 'Ms', 'Miss', 'Mrs', 'Madame', 'Monsieur']</msg>
<var>${allowed_titles}</var>
<arg>Mr</arg>
<arg>Ms</arg>
<arg>Miss</arg>
<arg>Mrs</arg>
<arg>Madame</arg>
<arg>Monsieur</arg>
<doc>Returns a list containing given items.</doc>
<status status="PASS" start="2024-06-15T05:14:46.023854" elapsed="0.000173"/>
</kw>
<kw name="List Should Contain Value" owner="Collections">
<arg>${allowed_titles}</arg>
<arg>${name_title}</arg>
<doc>Fails if the ``value`` is not found from ``list``.</doc>
<status status="PASS" start="2024-06-15T05:14:46.024323" elapsed="0.000174"/>
</kw>
<kw name="Set Variable" owner="BuiltIn">
<msg time="2024-06-15T05:14:46.025062" level="INFO">${name_country} = IN</msg>
<var>${name_country}</var>
<arg>${json_data["results"][0]["nat"]}</arg>
<doc>Returns the given values which can then be assigned to a variables.</doc>
<status status="PASS" start="2024-06-15T05:14:46.024678" elapsed="0.000409"/>
</kw>
<kw name="Create List" owner="BuiltIn">
<msg time="2024-06-15T05:14:46.026019" level="INFO">${list_country} = ['AD', 'AE', 'AF', 'AG', 'AI', 'AL', 'AM', 'AO', 'AQ', 'AR', 'AS', 'AT', 'AU', 'AW', 'AX', 'AZ', 'BA', 'BB', 'BD', 'BE', 'BF', 'BG', 'BH', 'BI', 'BJ', 'BL', 'BM', 'BN', 'BO', 'BQ', 'BR', 'BS', 'BT', '...</msg>
<var>${list_country}</var>
<arg>AD</arg>
<arg>AE</arg>
<arg>AF</arg>
<arg>AG</arg>
<arg>AI</arg>
<arg>AL</arg>
<arg>AM</arg>
<arg>AO</arg>
<arg>AQ</arg>
<arg>AR</arg>
<arg>AS</arg>
<arg>AT</arg>
<arg>AU</arg>
<arg>AW</arg>
<arg>AX</arg>
<arg>AZ</arg>
<arg>BA</arg>
<arg>BB</arg>
<arg>BD</arg>
<arg>BE</arg>
<arg>BF</arg>
<arg>BG</arg>
<arg>BH</arg>
<arg>BI</arg>
<arg>BJ</arg>
<arg>BL</arg>
<arg>BM</arg>
<arg>BN</arg>
<arg>BO</arg>
<arg>BQ</arg>
<arg>BR</arg>
<arg>BS</arg>
<arg>BT</arg>
<arg>BV</arg>
<arg>BW</arg>
<arg>BY</arg>
<arg>BZ</arg>
<arg>CA</arg>
<arg>CC</arg>
<arg>CD</arg>
<arg>CF</arg>
<arg>CG</arg>
<arg>CH</arg>
<arg>CI</arg>
<arg>CK</arg>
<arg>CL</arg>
<arg>CM</arg>
<arg>CN</arg>
<arg>CO</arg>
<arg>CR</arg>
<arg>CU</arg>
<arg>CV</arg>
<arg>CW</arg>
<arg>CX</arg>
<arg>CY</arg>
<arg>CZ</arg>
<arg>DE</arg>
<arg>DJ</arg>
<arg>DK</arg>
<arg>DM</arg>
<arg>DO</arg>
<arg>DZ</arg>
<arg>EC</arg>
<arg>EE</arg>
<arg>EG</arg>
<arg>EH</arg>
<arg>ER</arg>
<arg>ES</arg>
<arg>ET</arg>
<arg>FI</arg>
<arg>FJ</arg>
<arg>FK</arg>
<arg>FM</arg>
<arg>FO</arg>
<arg>FR</arg>
<arg>GA</arg>
<arg>GB</arg>
<arg>GD</arg>
<arg>GE</arg>
<arg>GF</arg>
<arg>GG</arg>
<arg>GH</arg>
<arg>GI</arg>
<arg>GL</arg>
<arg>GM</arg>
<arg>GN</arg>
<arg>GP</arg>
<arg>GQ</arg>
<arg>GR</arg>
<arg>GS</arg>
<arg>GT</arg>
<arg>GU</arg>
<arg>GW</arg>
<arg>GY</arg>
<arg>HK</arg>
<arg>HM</arg>
<arg>HN</arg>
<arg>HR</arg>
<arg>HT</arg>
<arg>HU</arg>
<arg>ID</arg>
<arg>IE</arg>
<arg>IL</arg>
<arg>IM</arg>
<arg>IN</arg>
<arg>IO</arg>
<arg>IQ</arg>
<arg>IR</arg>
<arg>IS</arg>
<arg>IT</arg>
<arg>JE</arg>
<arg>JM</arg>
<arg>JO</arg>
<arg>JP</arg>
<arg>KE</arg>
<arg>KG</arg>
<arg>KH</arg>
<arg>KI</arg>
<arg>KM</arg>
<arg>KN</arg>
<arg>KP</arg>
<arg>KR</arg>
<arg>KW</arg>
<arg>KY</arg>
<arg>KZ</arg>
<arg>LA</arg>
<arg>LB</arg>
<arg>LC</arg>
<arg>LI</arg>
<arg>LK</arg>
<arg>LR</arg>
<arg>LS</arg>
<arg>LT</arg>
<arg>LU</arg>
<arg>LV</arg>
<arg>LY</arg>
<arg>MA</arg>
<arg>MC</arg>
<arg>MD</arg>
<arg>ME</arg>
<arg>MF</arg>
<arg>MG</arg>
<arg>MH</arg>
<arg>MK</arg>
<arg>ML</arg>
<arg>MM</arg>
<arg>MN</arg>
<arg>MO</arg>
<arg>MP</arg>
<arg>MQ</arg>
<arg>MR</arg>
<arg>MS</arg>
<arg>MT</arg>
<arg>MU</arg>
<arg>MV</arg>
<arg>MW</arg>
<arg>MX</arg>
<arg>MY</arg>
<arg>MZ</arg>
<arg>NA</arg>
<arg>NC</arg>
<arg>NE</arg>
<arg>NF</arg>
<arg>NG</arg>
<arg>NI</arg>
<arg>NL</arg>
<arg>NO</arg>
<arg>NP</arg>
<arg>NR</arg>
<arg>NU</arg>
<arg>NZ</arg>
<arg>OM</arg>
<arg>PA</arg>
<arg>PE</arg>
<arg>PF</arg>
<arg>PG</arg>
<arg>PH</arg>
<arg>PK</arg>
<arg>PL</arg>
<arg>PM</arg>
<arg>PN</arg>
<arg>PR</arg>
<arg>PS</arg>
<arg>PT</arg>
<arg>PW</arg>
<arg>PY</arg>
<arg>QA</arg>
<arg>RE</arg>
<arg>RO</arg>
<arg>RS</arg>
<arg>RU</arg>
<arg>RW</arg>
<arg>SA</arg>
<arg>SB</arg>
<arg>SC</arg>
<arg>SD</arg>
<arg>SE</arg>
<arg>SG</arg>
<arg>SH</arg>
<arg>SI</arg>
<arg>SJ</arg>
<arg>SK</arg>
<arg>SL</arg>
<arg>SM</arg>
<arg>SN</arg>
<arg>SO</arg>
<arg>SR</arg>
<arg>SS</arg>
<arg>ST</arg>
<arg>SV</arg>
<arg>SX</arg>
<arg>SY</arg>
<arg>SZ</arg>
<arg>TC</arg>
<arg>TD</arg>
<arg>TF</arg>
<arg>TG</arg>
<arg>TH</arg>
<arg>TJ</arg>
<arg>TK</arg>
<arg>TL</arg>
<arg>TM</arg>
<arg>TN</arg>
<arg>TO</arg>
<arg>TR</arg>
<arg>TT</arg>
<arg>TV</arg>
<arg>TW</arg>
<arg>TZ</arg>
<arg>UA</arg>
<arg>UG</arg>
<arg>UM</arg>
<arg>US</arg>
<arg>UY</arg>
<arg>UZ</arg>
<arg>VA</arg>
<arg>VC</arg>
<arg>VE</arg>
<arg>VG</arg>
<arg>VI</arg>
<arg>VN</arg>
<arg>VU</arg>
<arg>WF</arg>
<arg>WS</arg>
<arg>XK</arg>
<arg>YE</arg>
<arg>YT</arg>
<arg>ZA</arg>
<arg>ZM</arg>
<arg>ZW</arg>
<doc>Returns a list containing given items.</doc>
<status status="PASS" start="2024-06-15T05:14:46.025426" elapsed="0.000618"/>
</kw>
<kw name="List Should Contain Value" owner="Collections">
<arg>${list_country}</arg>
<arg>${name_country}</arg>
<doc>Fails if the ``value`` is not found from ``list``.</doc>
<status status="PASS" start="2024-06-15T05:14:46.026832" elapsed="0.000204"/>
</kw>
<kw name="Run Keyword If" owner="BuiltIn">
<kw name="Should Be True" owner="BuiltIn">
<arg>${True}</arg>
<doc>Fails if the given condition is not true.</doc>
<status status="PASS" start="2024-06-15T05:14:46.028071" elapsed="0.000141"/>
</kw>
<arg>${json_data["results"][0]["location"]["coordinates"]["latitude"]} &gt;= -90 and ${json_data["results"][0]["location"]["coordinates"]["latitude"]} &lt;= 90</arg>
<arg>Should Be True</arg>
<arg>${True}</arg>
<doc>Runs the given keyword with the given arguments, if ``condition`` is true.</doc>
<status status="PASS" start="2024-06-15T05:14:46.027237" elapsed="0.001100"/>
</kw>
<kw name="Run Keyword If" owner="BuiltIn">
<kw name="Should Be True" owner="BuiltIn">
<arg>${True}</arg>
<doc>Fails if the given condition is not true.</doc>
<status status="PASS" start="2024-06-15T05:14:46.029243" elapsed="0.000143"/>
</kw>
<arg>${json_data["results"][0]["location"]["coordinates"]["longitude"]} &gt;= -180 and ${json_data["results"][0]["location"]["coordinates"]["longitude"]} &lt;= 180</arg>
<arg>Should Be True</arg>
<arg>${True}</arg>
<doc>Runs the given keyword with the given arguments, if ``condition`` is true.</doc>
<status status="PASS" start="2024-06-15T05:14:46.028517" elapsed="0.000994"/>
</kw>
<status status="PASS" start="2024-06-15T05:14:45.928061" elapsed="0.101579"/>
</kw>
<doc>Testa o conteúdo específico dos campos retornados pela API.</doc>
<tag>testeConteudo</tag>
<status status="PASS" start="2024-06-15T05:14:45.927563" elapsed="0.102217"/>
</test>
<status status="PASS" start="2024-06-15T05:14:45.154310" elapsed="0.877418"/>
</suite>
<status status="PASS" start="2024-06-15T05:14:45.141031" elapsed="0.895733"/>
</suite>
<statistics>
<total>
<stat pass="5" fail="0" skip="0">All Tests</stat>
</total>
<tag>
<stat pass="1" fail="0" skip="0">testeConteudo</stat>
<stat pass="1" fail="0" skip="0">testeEstruturaResposta</stat>
<stat pass="1" fail="0" skip="0">testeRequisicaoBasica</stat>
<stat pass="1" fail="0" skip="0">testeTiposDados</stat>
</tag>
<suite>
<stat pass="5" fail="0" skip="0" id="s1" name="Tests">Tests</stat>
<stat pass="5" fail="0" skip="0" id="s1-s1" name="Random-User-Test">Tests.Random-User-Test</stat>
</suite>
</statistics>
<errors>
</errors>
</robot>
