<?xml version="1.0" encoding="UTF-8"?>
<robot generator="Robot 7.0.1 (Python 3.12.4 on linux)" generated="2024-07-06T16:17:15.507625" rpa="false" schemaversion="5">
<suite id="s1" name="Tests" source="/home/runner/work/ApiRandomUser/ApiRandomUser/RamdonUser/tests">
<suite id="s1-s1" name="Random-User-Test" source="/home/runner/work/ApiRandomUser/ApiRandomUser/RamdonUser/tests/random-user-test.robot">
<test id="s1-s1-t1" name="Conectar" line="13">
<kw name="Conectar API" owner="random-user-service">
<kw name="Create Session" owner="RequestsLibrary">
<msg time="2024-07-06T16:17:15.902214" level="INFO">Creating Session using : alias=consultarAPI, url=https://randomuser.me/, headers={},                     cookies={}, auth=None, timeout=None, proxies=None, verify=False,                     debug=0 </msg>
<arg>consultarAPI</arg>
<arg>${URL}</arg>
<doc>Create Session: create a HTTP session to a server</doc>
<status status="PASS" start="2024-07-06T16:17:15.902014" elapsed="0.000422"/>
</kw>
<status status="PASS" start="2024-07-06T16:17:15.901106" elapsed="0.001684"/>
</kw>
<status status="PASS" start="2024-07-06T16:17:15.900598" elapsed="0.002384"/>
</test>
<test id="s1-s1-t2" name="Validar retorno 200 e JSON Válido" line="16">
<kw name="Teste de Requisicao Basica" owner="random-user-service">
<kw name="GET On Session" owner="RequestsLibrary">
<msg time="2024-07-06T16:17:16.020641" level="INFO">GET Request : url=https://randomuser.me/api 
 path_url=/api 
 headers={'User-Agent': 'python-requests/2.32.3', 'Accept-Encoding': 'gzip, deflate', 'Accept': '*/*', 'Connection': 'keep-alive'} 
 body=None 
 </msg>
<msg time="2024-07-06T16:17:16.020781" level="INFO">GET Response : url=https://randomuser.me/api 
 status=200, reason=OK 
 headers={'Date': 'Sat, 06 Jul 2024 16:17:16 GMT', 'Content-Type': 'application/json; charset=utf-8', 'Transfer-Encoding': 'chunked', 'Connection': 'keep-alive', 'X-Powered-By': 'Express', 'Access-Control-Allow-Origin': '*', 'Cache-Control': 'no-cache', 'ETag': 'W/"498-1YcIm0aCXAMrqbGRMrE51J9k+zU"', 'Vary': 'Accept-Encoding', 'Content-Encoding': 'gzip', 'CF-Cache-Status': 'DYNAMIC', 'Report-To': '{"endpoints":[{"url":"https:\\/\\/a.nel.cloudflare.com\\/report\\/v4?s=kzxvkAn6iZYlpTLBcJd0s9rvHTVt%2FzpxedAIXYiBSIZ2F%2B7kaJ70GVZIXCLM7R1nk5NBZv6O5qnE4h4krfSK2ktPWqyhNEu%2FRt3Qpq9XFooigczSgglCy4QCK%2FVDUvGu"}],"group":"cf-nel","max_age":604800}', 'NEL': '{"success_fraction":0,"report_to":"cf-nel","max_age":604800}', 'Server': 'cloudflare', 'CF-RAY': '89f0e76aeacc596d-IAD', 'alt-svc': 'h3=":443"; ma=86400'} 
 body={"results":[{"gender":"female","name":{"title":"Mrs","first":"Andrea","last":"Nielsen"},"location":{"street":{"number":4554,"name":"Ryesgade"},"city":"Ishoej","state":"Hovedstaden","country":"Denmark","postcode":97948,"coordinates":{"latitude":"-44.5240","longitude":"97.0959"},"timezone":{"offset":"0:00","description":"Western Europe Time, London, Lisbon, Casablanca"}},"email":"andrea.nielsen@example.com","login":{"uuid":"19767a53-fa78-4f3f-86c4-c7fe965674ba","username":"crazyrabbit537","password":"robocop","salt":"NBF9m7sy","md5":"b54a38b422d4543630fccba0bbdad4be","sha1":"e07384c2f38e8bb29e213d7ad7440ed570931dde","sha256":"81b6704079d850cbb98e8b9f43a6adb65c475889a6fb83fa70e1176c590dabbe"},"dob":{"date":"2000-03-08T15:12:02.994Z","age":24},"registered":{"date":"2020-05-09T08:59:45.797Z","age":4},"phone":"43442767","cell":"37962609","id":{"name":"CPR","value":"0803100-3026"},"picture":{"large":"https://randomuser.me/api/portraits/women/60.jpg","medium":"https://randomuser.me/api/portraits/med/women/60.jpg","thumbnail":"https://randomuser.me/api/portraits/thumb/women/60.jpg"},"nat":"DK"}],"info":{"seed":"832f6c2149b9a64d","results":1,"page":1,"version":"1.4"}} 
 </msg>
<msg time="2024-07-06T16:17:16.020877" level="INFO">/opt/hostedtoolcache/Python/3.12.4/x64/lib/python3.12/site-packages/urllib3/connectionpool.py:1099: InsecureRequestWarning: Unverified HTTPS request is being made to host 'randomuser.me'. Adding certificate verification is strongly advised. See: https://urllib3.readthedocs.io/en/latest/advanced-usage.html#tls-warnings
  warnings.warn(</msg>
<msg time="2024-07-06T16:17:16.021036" level="INFO">${response} = &lt;Response [200]&gt;</msg>
<var>${response}</var>
<arg>consultarAPI</arg>
<arg>/api</arg>
<doc>Sends a GET request on a previously created HTTP Session.</doc>
<status status="PASS" start="2024-07-06T16:17:15.905505" elapsed="0.115588"/>
</kw>
<kw name="Should Be Equal As Numbers" owner="BuiltIn">
<msg time="2024-07-06T16:17:16.021947" level="INFO">Argument types are:
&lt;class 'int'&gt;
&lt;class 'str'&gt;</msg>
<arg>${response.status_code}</arg>
<arg>200</arg>
<doc>Fails if objects are unequal after converting them to real numbers.</doc>
<status status="PASS" start="2024-07-06T16:17:16.021525" elapsed="0.000487"/>
</kw>
<kw name="Log" owner="BuiltIn">
<msg time="2024-07-06T16:17:16.022722" level="INFO">200</msg>
<arg>${response.status_code}</arg>
<doc>Logs the given message with the given level.</doc>
<status status="PASS" start="2024-07-06T16:17:16.022367" elapsed="0.000399"/>
</kw>
<kw name="Set Variable" owner="BuiltIn">
<msg time="2024-07-06T16:17:16.023505" level="INFO">${json_data} = {'results': [{'gender': 'female', 'name': {'title': 'Mrs', 'first': 'Andrea', 'last': 'Nielsen'}, 'location': {'street': {'number': 4554, 'name': 'Ryesgade'}, 'city': 'Ishoej', 'state': 'Hovedstaden',...</msg>
<var>${json_data}</var>
<arg>${response.json()}</arg>
<doc>Returns the given values which can then be assigned to a variables.</doc>
<status status="PASS" start="2024-07-06T16:17:16.023073" elapsed="0.000461"/>
</kw>
<kw name="Dictionary Should Contain Key" owner="Collections">
<arg>${json_data}</arg>
<arg>results</arg>
<doc>Fails if ``key`` is not found from ``dictionary``.</doc>
<status status="PASS" start="2024-07-06T16:17:16.023833" elapsed="0.000167"/>
</kw>
<status status="PASS" start="2024-07-06T16:17:15.905259" elapsed="0.118896"/>
</kw>
<doc>Testa se a API responde corretamente e retorna um objeto JSON válido.</doc>
<tag>testeRequisicaoBasica</tag>
<status status="PASS" start="2024-07-06T16:17:15.904814" elapsed="0.119513"/>
</test>
<test id="s1-s1-t3" name="Validar estrutura de resposta" line="22">
<kw name="Teste de Estrutura de Resposta" owner="random-user-service">
<kw name="GET On Session" owner="RequestsLibrary">
<msg time="2024-07-06T16:17:16.118499" level="INFO">GET Request : url=https://randomuser.me/api 
 path_url=/api 
 headers={'User-Agent': 'python-requests/2.32.3', 'Accept-Encoding': 'gzip, deflate', 'Accept': '*/*', 'Connection': 'keep-alive'} 
 body=None 
 </msg>
<msg time="2024-07-06T16:17:16.118571" level="INFO">GET Response : url=https://randomuser.me/api 
 status=200, reason=OK 
 headers={'Date': 'Sat, 06 Jul 2024 16:17:16 GMT', 'Content-Type': 'application/json; charset=utf-8', 'Transfer-Encoding': 'chunked', 'Connection': 'keep-alive', 'X-Powered-By': 'Express', 'Access-Control-Allow-Origin': '*', 'Cache-Control': 'no-cache', 'ETag': 'W/"482-puom5NLkicwzPUicH4nKD3/llWE"', 'Vary': 'Accept-Encoding', 'Content-Encoding': 'gzip', 'CF-Cache-Status': 'DYNAMIC', 'Report-To': '{"endpoints":[{"url":"https:\\/\\/a.nel.cloudflare.com\\/report\\/v4?s=1tvNAasSCsrx8D7PXPIs1TkQ9pjYk6Mf6YJwI%2F5xzlvvrobjPPX%2BtG%2FpTkDM9sFiCiYEX0yR2PGr%2BIAnUAxpKzNdzJ43idSxdANihmrWdf3FIEX8Ku7mk9pABp2FpeTU"}],"group":"cf-nel","max_age":604800}', 'NEL': '{"success_fraction":0,"report_to":"cf-nel","max_age":604800}', 'Server': 'cloudflare', 'CF-RAY': '89f0e76b3af9596d-IAD', 'alt-svc': 'h3=":443"; ma=86400'} 
 body={"results":[{"gender":"female","name":{"title":"Miss","first":"Sandra","last":"Guillot"},"location":{"street":{"number":6485,"name":"Rue du Bât-D'Argent"},"city":"Brest","state":"Lot","country":"France","postcode":52491,"coordinates":{"latitude":"-14.4115","longitude":"134.1631"},"timezone":{"offset":"-9:00","description":"Alaska"}},"email":"sandra.guillot@example.com","login":{"uuid":"e621ac39-75e6-4658-af47-93d2053b3e42","username":"heavylion270","password":"crusher","salt":"t7yBtIN8","md5":"1c8678e7dbcf6a96cbc52cf600f113ff","sha1":"cb92d1d1c326346986181355cbb18b8a7b17442f","sha256":"a504660714c1ce7a8fc801835a2ae07456195e9f51cdedf504c22c36e2e87920"},"dob":{"date":"1992-05-29T17:52:29.605Z","age":32},"registered":{"date":"2005-05-11T00:36:31.213Z","age":19},"phone":"02-27-29-21-44","cell":"06-83-54-42-82","id":{"name":"INSEE","value":"2920466514999 50"},"picture":{"large":"https://randomuser.me/api/portraits/women/5.jpg","medium":"https://randomuser.me/api/portraits/med/women/5.jpg","thumbnail":"https://randomuser.me/api/portraits/thumb/women/5.jpg"},"nat":"FR"}],"info":{"seed":"886250f149573d57","results":1,"page":1,"version":"1.4"}} 
 </msg>
<msg time="2024-07-06T16:17:16.118672" level="INFO">/opt/hostedtoolcache/Python/3.12.4/x64/lib/python3.12/site-packages/urllib3/connectionpool.py:1099: InsecureRequestWarning: Unverified HTTPS request is being made to host 'randomuser.me'. Adding certificate verification is strongly advised. See: https://urllib3.readthedocs.io/en/latest/advanced-usage.html#tls-warnings
  warnings.warn(</msg>
<msg time="2024-07-06T16:17:16.118767" level="INFO">${response} = &lt;Response [200]&gt;</msg>
<var>${response}</var>
<arg>consultarAPI</arg>
<arg>/api</arg>
<doc>Sends a GET request on a previously created HTTP Session.</doc>
<status status="PASS" start="2024-07-06T16:17:16.026858" elapsed="0.091947"/>
</kw>
<kw name="Set Variable" owner="BuiltIn">
<msg time="2024-07-06T16:17:16.119652" level="INFO">${json_data} = {'results': [{'gender': 'female', 'name': {'title': 'Miss', 'first': 'Sandra', 'last': 'Guillot'}, 'location': {'street': {'number': 6485, 'name': "Rue du Bât-D'Argent"}, 'city': 'Brest', 'state': 'Lo...</msg>
<var>${json_data}</var>
<arg>${response.json()}</arg>
<doc>Returns the given values which can then be assigned to a variables.</doc>
<status status="PASS" start="2024-07-06T16:17:16.119188" elapsed="0.000495"/>
</kw>
<kw name="Log" owner="BuiltIn">
<msg time="2024-07-06T16:17:16.120160" level="INFO">{'results': [{'gender': 'female', 'name': {'title': 'Miss', 'first': 'Sandra', 'last': 'Guillot'}, 'location': {'street': {'number': 6485, 'name': "Rue du Bât-D'Argent"}, 'city': 'Brest', 'state': 'Lot', 'country': 'France', 'postcode': 52491, 'coordinates': {'latitude': '-14.4115', 'longitude': '134.1631'}, 'timezone': {'offset': '-9:00', 'description': 'Alaska'}}, 'email': 'sandra.guillot@example.com', 'login': {'uuid': 'e621ac39-75e6-4658-af47-93d2053b3e42', 'username': 'heavylion270', 'password': 'crusher', 'salt': 't7yBtIN8', 'md5': '1c8678e7dbcf6a96cbc52cf600f113ff', 'sha1': 'cb92d1d1c326346986181355cbb18b8a7b17442f', 'sha256': 'a504660714c1ce7a8fc801835a2ae07456195e9f51cdedf504c22c36e2e87920'}, 'dob': {'date': '1992-05-29T17:52:29.605Z', 'age': 32}, 'registered': {'date': '2005-05-11T00:36:31.213Z', 'age': 19}, 'phone': '02-27-29-21-44', 'cell': '06-83-54-42-82', 'id': {'name': 'INSEE', 'value': '2920466514999 50'}, 'picture': {'large': 'https://randomuser.me/api/portraits/women/5.jpg', 'medium': 'https://randomuser.me/api/portraits/med/women/5.jpg', 'thumbnail': 'https://randomuser.me/api/portraits/thumb/women/5.jpg'}, 'nat': 'FR'}], 'info': {'seed': '886250f149573d57', 'results': 1, 'page': 1, 'version': '1.4'}}</msg>
<arg>${json_data}</arg>
<doc>Logs the given message with the given level.</doc>
<status status="PASS" start="2024-07-06T16:17:16.119997" elapsed="0.000217"/>
</kw>
<kw name="Dictionary Should Contain Key" owner="Collections">
<arg>${json_data}</arg>
<arg>results</arg>
<doc>Fails if ``key`` is not found from ``dictionary``.</doc>
<status status="PASS" start="2024-07-06T16:17:16.120521" elapsed="0.000164"/>
</kw>
<kw name="Should Not Be Empty" owner="BuiltIn">
<msg time="2024-07-06T16:17:16.121007" level="INFO">Length is 2.</msg>
<arg>${json_data}</arg>
<doc>Verifies that the given item is not empty.</doc>
<status status="PASS" start="2024-07-06T16:17:16.120875" elapsed="0.000173"/>
</kw>
<kw name="Create List" owner="BuiltIn">
<msg time="2024-07-06T16:17:16.121642" level="INFO">${expected_keys} = ['gender', 'name', 'location', 'email', 'login']</msg>
<var>${expected_keys}</var>
<arg>gender</arg>
<arg>name</arg>
<arg>location</arg>
<arg>email</arg>
<arg>login</arg>
<doc>Returns a list containing given items.</doc>
<status status="PASS" start="2024-07-06T16:17:16.121355" elapsed="0.000312"/>
</kw>
<for flavor="IN">
<iter>
<kw name="Dictionary Should Contain Key" owner="Collections">
<arg>${json_data['results'][0]}</arg>
<arg>${key}</arg>
<doc>Fails if ``key`` is not found from ``dictionary``.</doc>
<status status="PASS" start="2024-07-06T16:17:16.122249" elapsed="0.000441"/>
</kw>
<kw name="Log" owner="BuiltIn">
<msg time="2024-07-06T16:17:16.123253" level="INFO">{'gender': 'female', 'name': {'title': 'Miss', 'first': 'Sandra', 'last': 'Guillot'}, 'location': {'street': {'number': 6485, 'name': "Rue du Bât-D'Argent"}, 'city': 'Brest', 'state': 'Lot', 'country': 'France', 'postcode': 52491, 'coordinates': {'latitude': '-14.4115', 'longitude': '134.1631'}, 'timezone': {'offset': '-9:00', 'description': 'Alaska'}}, 'email': 'sandra.guillot@example.com', 'login': {'uuid': 'e621ac39-75e6-4658-af47-93d2053b3e42', 'username': 'heavylion270', 'password': 'crusher', 'salt': 't7yBtIN8', 'md5': '1c8678e7dbcf6a96cbc52cf600f113ff', 'sha1': 'cb92d1d1c326346986181355cbb18b8a7b17442f', 'sha256': 'a504660714c1ce7a8fc801835a2ae07456195e9f51cdedf504c22c36e2e87920'}, 'dob': {'date': '1992-05-29T17:52:29.605Z', 'age': 32}, 'registered': {'date': '2005-05-11T00:36:31.213Z', 'age': 19}, 'phone': '02-27-29-21-44', 'cell': '06-83-54-42-82', 'id': {'name': 'INSEE', 'value': '2920466514999 50'}, 'picture': {'large': 'https://randomuser.me/api/portraits/women/5.jpg', 'medium': 'https://randomuser.me/api/portraits/med/women/5.jpg', 'thumbnail': 'https://randomuser.me/api/portraits/thumb/women/5.jpg'}, 'nat': 'FR'}</msg>
<arg>${json_data['results'][0]}</arg>
<doc>Logs the given message with the given level.</doc>
<status status="PASS" start="2024-07-06T16:17:16.122884" elapsed="0.000421"/>
</kw>
<kw name="Log" owner="BuiltIn">
<msg time="2024-07-06T16:17:16.123739" level="INFO">gender</msg>
<arg>${key}</arg>
<doc>Logs the given message with the given level.</doc>
<status status="PASS" start="2024-07-06T16:17:16.123609" elapsed="0.000170"/>
</kw>
<var name="${key}">gender</var>
<status status="PASS" start="2024-07-06T16:17:16.122122" elapsed="0.001876"/>
</iter>
<iter>
<kw name="Dictionary Should Contain Key" owner="Collections">
<arg>${json_data['results'][0]}</arg>
<arg>${key}</arg>
<doc>Fails if ``key`` is not found from ``dictionary``.</doc>
<status status="PASS" start="2024-07-06T16:17:16.124304" elapsed="0.000394"/>
</kw>
<kw name="Log" owner="BuiltIn">
<msg time="2024-07-06T16:17:16.125236" level="INFO">{'gender': 'female', 'name': {'title': 'Miss', 'first': 'Sandra', 'last': 'Guillot'}, 'location': {'street': {'number': 6485, 'name': "Rue du Bât-D'Argent"}, 'city': 'Brest', 'state': 'Lot', 'country': 'France', 'postcode': 52491, 'coordinates': {'latitude': '-14.4115', 'longitude': '134.1631'}, 'timezone': {'offset': '-9:00', 'description': 'Alaska'}}, 'email': 'sandra.guillot@example.com', 'login': {'uuid': 'e621ac39-75e6-4658-af47-93d2053b3e42', 'username': 'heavylion270', 'password': 'crusher', 'salt': 't7yBtIN8', 'md5': '1c8678e7dbcf6a96cbc52cf600f113ff', 'sha1': 'cb92d1d1c326346986181355cbb18b8a7b17442f', 'sha256': 'a504660714c1ce7a8fc801835a2ae07456195e9f51cdedf504c22c36e2e87920'}, 'dob': {'date': '1992-05-29T17:52:29.605Z', 'age': 32}, 'registered': {'date': '2005-05-11T00:36:31.213Z', 'age': 19}, 'phone': '02-27-29-21-44', 'cell': '06-83-54-42-82', 'id': {'name': 'INSEE', 'value': '2920466514999 50'}, 'picture': {'large': 'https://randomuser.me/api/portraits/women/5.jpg', 'medium': 'https://randomuser.me/api/portraits/med/women/5.jpg', 'thumbnail': 'https://randomuser.me/api/portraits/thumb/women/5.jpg'}, 'nat': 'FR'}</msg>
<arg>${json_data['results'][0]}</arg>
<doc>Logs the given message with the given level.</doc>
<status status="PASS" start="2024-07-06T16:17:16.124883" elapsed="0.000436"/>
</kw>
<kw name="Log" owner="BuiltIn">
<msg time="2024-07-06T16:17:16.125753" level="INFO">name</msg>
<arg>${key}</arg>
<doc>Logs the given message with the given level.</doc>
<status status="PASS" start="2024-07-06T16:17:16.125623" elapsed="0.000167"/>
</kw>
<var name="${key}">name</var>
<status status="PASS" start="2024-07-06T16:17:16.124185" elapsed="0.001826"/>
</iter>
<iter>
<kw name="Dictionary Should Contain Key" owner="Collections">
<arg>${json_data['results'][0]}</arg>
<arg>${key}</arg>
<doc>Fails if ``key`` is not found from ``dictionary``.</doc>
<status status="PASS" start="2024-07-06T16:17:16.126317" elapsed="0.000394"/>
</kw>
<kw name="Log" owner="BuiltIn">
<msg time="2024-07-06T16:17:16.127254" level="INFO">{'gender': 'female', 'name': {'title': 'Miss', 'first': 'Sandra', 'last': 'Guillot'}, 'location': {'street': {'number': 6485, 'name': "Rue du Bât-D'Argent"}, 'city': 'Brest', 'state': 'Lot', 'country': 'France', 'postcode': 52491, 'coordinates': {'latitude': '-14.4115', 'longitude': '134.1631'}, 'timezone': {'offset': '-9:00', 'description': 'Alaska'}}, 'email': 'sandra.guillot@example.com', 'login': {'uuid': 'e621ac39-75e6-4658-af47-93d2053b3e42', 'username': 'heavylion270', 'password': 'crusher', 'salt': 't7yBtIN8', 'md5': '1c8678e7dbcf6a96cbc52cf600f113ff', 'sha1': 'cb92d1d1c326346986181355cbb18b8a7b17442f', 'sha256': 'a504660714c1ce7a8fc801835a2ae07456195e9f51cdedf504c22c36e2e87920'}, 'dob': {'date': '1992-05-29T17:52:29.605Z', 'age': 32}, 'registered': {'date': '2005-05-11T00:36:31.213Z', 'age': 19}, 'phone': '02-27-29-21-44', 'cell': '06-83-54-42-82', 'id': {'name': 'INSEE', 'value': '2920466514999 50'}, 'picture': {'large': 'https://randomuser.me/api/portraits/women/5.jpg', 'medium': 'https://randomuser.me/api/portraits/med/women/5.jpg', 'thumbnail': 'https://randomuser.me/api/portraits/thumb/women/5.jpg'}, 'nat': 'FR'}</msg>
<arg>${json_data['results'][0]}</arg>
<doc>Logs the given message with the given level.</doc>
<status status="PASS" start="2024-07-06T16:17:16.126894" elapsed="0.000409"/>
</kw>
<kw name="Log" owner="BuiltIn">
<msg time="2024-07-06T16:17:16.127730" level="INFO">location</msg>
<arg>${key}</arg>
<doc>Logs the given message with the given level.</doc>
<status status="PASS" start="2024-07-06T16:17:16.127603" elapsed="0.000164"/>
</kw>
<var name="${key}">location</var>
<status status="PASS" start="2024-07-06T16:17:16.126187" elapsed="0.001792"/>
</iter>
<iter>
<kw name="Dictionary Should Contain Key" owner="Collections">
<arg>${json_data['results'][0]}</arg>
<arg>${key}</arg>
<doc>Fails if ``key`` is not found from ``dictionary``.</doc>
<status status="PASS" start="2024-07-06T16:17:16.128255" elapsed="0.000386"/>
</kw>
<kw name="Log" owner="BuiltIn">
<msg time="2024-07-06T16:17:16.129169" level="INFO">{'gender': 'female', 'name': {'title': 'Miss', 'first': 'Sandra', 'last': 'Guillot'}, 'location': {'street': {'number': 6485, 'name': "Rue du Bât-D'Argent"}, 'city': 'Brest', 'state': 'Lot', 'country': 'France', 'postcode': 52491, 'coordinates': {'latitude': '-14.4115', 'longitude': '134.1631'}, 'timezone': {'offset': '-9:00', 'description': 'Alaska'}}, 'email': 'sandra.guillot@example.com', 'login': {'uuid': 'e621ac39-75e6-4658-af47-93d2053b3e42', 'username': 'heavylion270', 'password': 'crusher', 'salt': 't7yBtIN8', 'md5': '1c8678e7dbcf6a96cbc52cf600f113ff', 'sha1': 'cb92d1d1c326346986181355cbb18b8a7b17442f', 'sha256': 'a504660714c1ce7a8fc801835a2ae07456195e9f51cdedf504c22c36e2e87920'}, 'dob': {'date': '1992-05-29T17:52:29.605Z', 'age': 32}, 'registered': {'date': '2005-05-11T00:36:31.213Z', 'age': 19}, 'phone': '02-27-29-21-44', 'cell': '06-83-54-42-82', 'id': {'name': 'INSEE', 'value': '2920466514999 50'}, 'picture': {'large': 'https://randomuser.me/api/portraits/women/5.jpg', 'medium': 'https://randomuser.me/api/portraits/med/women/5.jpg', 'thumbnail': 'https://randomuser.me/api/portraits/thumb/women/5.jpg'}, 'nat': 'FR'}</msg>
<arg>${json_data['results'][0]}</arg>
<doc>Logs the given message with the given level.</doc>
<status status="PASS" start="2024-07-06T16:17:16.128821" elapsed="0.000397"/>
</kw>
<kw name="Log" owner="BuiltIn">
<msg time="2024-07-06T16:17:16.129642" level="INFO">email</msg>
<arg>${key}</arg>
<doc>Logs the given message with the given level.</doc>
<status status="PASS" start="2024-07-06T16:17:16.129516" elapsed="0.000164"/>
</kw>
<var name="${key}">email</var>
<status status="PASS" start="2024-07-06T16:17:16.128149" elapsed="0.001749"/>
</iter>
<iter>
<kw name="Dictionary Should Contain Key" owner="Collections">
<arg>${json_data['results'][0]}</arg>
<arg>${key}</arg>
<doc>Fails if ``key`` is not found from ``dictionary``.</doc>
<status status="PASS" start="2024-07-06T16:17:16.130182" elapsed="0.000417"/>
</kw>
<kw name="Log" owner="BuiltIn">
<msg time="2024-07-06T16:17:16.131142" level="INFO">{'gender': 'female', 'name': {'title': 'Miss', 'first': 'Sandra', 'last': 'Guillot'}, 'location': {'street': {'number': 6485, 'name': "Rue du Bât-D'Argent"}, 'city': 'Brest', 'state': 'Lot', 'country': 'France', 'postcode': 52491, 'coordinates': {'latitude': '-14.4115', 'longitude': '134.1631'}, 'timezone': {'offset': '-9:00', 'description': 'Alaska'}}, 'email': 'sandra.guillot@example.com', 'login': {'uuid': 'e621ac39-75e6-4658-af47-93d2053b3e42', 'username': 'heavylion270', 'password': 'crusher', 'salt': 't7yBtIN8', 'md5': '1c8678e7dbcf6a96cbc52cf600f113ff', 'sha1': 'cb92d1d1c326346986181355cbb18b8a7b17442f', 'sha256': 'a504660714c1ce7a8fc801835a2ae07456195e9f51cdedf504c22c36e2e87920'}, 'dob': {'date': '1992-05-29T17:52:29.605Z', 'age': 32}, 'registered': {'date': '2005-05-11T00:36:31.213Z', 'age': 19}, 'phone': '02-27-29-21-44', 'cell': '06-83-54-42-82', 'id': {'name': 'INSEE', 'value': '2920466514999 50'}, 'picture': {'large': 'https://randomuser.me/api/portraits/women/5.jpg', 'medium': 'https://randomuser.me/api/portraits/med/women/5.jpg', 'thumbnail': 'https://randomuser.me/api/portraits/thumb/women/5.jpg'}, 'nat': 'FR'}</msg>
<arg>${json_data['results'][0]}</arg>
<doc>Logs the given message with the given level.</doc>
<status status="PASS" start="2024-07-06T16:17:16.130784" elapsed="0.000408"/>
</kw>
<kw name="Log" owner="BuiltIn">
<msg time="2024-07-06T16:17:16.131613" level="INFO">login</msg>
<arg>${key}</arg>
<doc>Logs the given message with the given level.</doc>
<status status="PASS" start="2024-07-06T16:17:16.131487" elapsed="0.000164"/>
</kw>
<var name="${key}">login</var>
<status status="PASS" start="2024-07-06T16:17:16.130069" elapsed="0.001797"/>
</iter>
<var>${key}</var>
<value>@{expected_keys}</value>
<status status="PASS" start="2024-07-06T16:17:16.121932" elapsed="0.010056"/>
</for>
<kw name="Create List" owner="BuiltIn">
<msg time="2024-07-06T16:17:16.132323" level="INFO">${expected_keysTwo} = ['username', 'password']</msg>
<var>${expected_keysTwo}</var>
<arg>username</arg>
<arg>password</arg>
<doc>Returns a list containing given items.</doc>
<status status="PASS" start="2024-07-06T16:17:16.132181" elapsed="0.000168"/>
</kw>
<for flavor="IN">
<iter>
<kw name="Dictionary Should Contain Key" owner="Collections">
<arg>${json_data['results'][0]['login']}</arg>
<arg>${keyTwo}</arg>
<doc>Fails if ``key`` is not found from ``dictionary``.</doc>
<status status="PASS" start="2024-07-06T16:17:16.132878" elapsed="0.000388"/>
</kw>
<kw name="Dictionary Should Contain Key" owner="Collections">
<arg>${json_data['results'][0]['login']}</arg>
<arg>${keyTwo}</arg>
<doc>Fails if ``key`` is not found from ``dictionary``.</doc>
<status status="PASS" start="2024-07-06T16:17:16.133449" elapsed="0.000402"/>
</kw>
<kw name="Log" owner="BuiltIn">
<msg time="2024-07-06T16:17:16.134159" level="INFO">username</msg>
<arg>${keyTwo}</arg>
<doc>Logs the given message with the given level.</doc>
<status status="PASS" start="2024-07-06T16:17:16.134036" elapsed="0.000162"/>
</kw>
<var name="${keyTwo}">username</var>
<status status="PASS" start="2024-07-06T16:17:16.132769" elapsed="0.001686"/>
</iter>
<iter>
<kw name="Dictionary Should Contain Key" owner="Collections">
<arg>${json_data['results'][0]['login']}</arg>
<arg>${keyTwo}</arg>
<doc>Fails if ``key`` is not found from ``dictionary``.</doc>
<status status="PASS" start="2024-07-06T16:17:16.134741" elapsed="0.000386"/>
</kw>
<kw name="Dictionary Should Contain Key" owner="Collections">
<arg>${json_data['results'][0]['login']}</arg>
<arg>${keyTwo}</arg>
<doc>Fails if ``key`` is not found from ``dictionary``.</doc>
<status status="PASS" start="2024-07-06T16:17:16.135309" elapsed="0.000369"/>
</kw>
<kw name="Log" owner="BuiltIn">
<msg time="2024-07-06T16:17:16.135977" level="INFO">password</msg>
<arg>${keyTwo}</arg>
<doc>Logs the given message with the given level.</doc>
<status status="PASS" start="2024-07-06T16:17:16.135858" elapsed="0.000162"/>
</kw>
<var name="${keyTwo}">password</var>
<status status="PASS" start="2024-07-06T16:17:16.134633" elapsed="0.001704"/>
</iter>
<var>${keyTwo}</var>
<value>@{expected_keysTwo}</value>
<status status="PASS" start="2024-07-06T16:17:16.132612" elapsed="0.003847"/>
</for>
<status status="PASS" start="2024-07-06T16:17:16.026628" elapsed="0.109972"/>
</kw>
<doc>Testa a estrutura da resposta da API.</doc>
<tag>testeEstruturaResposta</tag>
<status status="PASS" start="2024-07-06T16:17:16.026136" elapsed="0.110611"/>
</test>
<test id="s1-s1-t4" name="Validar tipos de dados" line="28">
<kw name="Teste de Tipos de Dados" owner="random-user-service">
<kw name="GET On Session" owner="RequestsLibrary">
<msg time="2024-07-06T16:17:16.226741" level="INFO">GET Request : url=https://randomuser.me/api 
 path_url=/api 
 headers={'User-Agent': 'python-requests/2.32.3', 'Accept-Encoding': 'gzip, deflate', 'Accept': '*/*', 'Connection': 'keep-alive'} 
 body=None 
 </msg>
<msg time="2024-07-06T16:17:16.226855" level="INFO">GET Response : url=https://randomuser.me/api 
 status=200, reason=OK 
 headers={'Date': 'Sat, 06 Jul 2024 16:17:16 GMT', 'Content-Type': 'application/json; charset=utf-8', 'Transfer-Encoding': 'chunked', 'Connection': 'keep-alive', 'X-Powered-By': 'Express', 'Access-Control-Allow-Origin': '*', 'Cache-Control': 'no-cache', 'ETag': 'W/"498-B91MSGnPMRwCDLWMtzymvgtXk2Q"', 'Vary': 'Accept-Encoding', 'Content-Encoding': 'gzip', 'CF-Cache-Status': 'DYNAMIC', 'Report-To': '{"endpoints":[{"url":"https:\\/\\/a.nel.cloudflare.com\\/report\\/v4?s=NVOXyUD2d%2F417NPkGThx7mqjM7VJOOengraRWoU7jAyz0959Zwzb7wlYLKr7jzwI7lf1pd96akx8%2FEmPRG3ABdkUu%2FM1IYUigdgDE%2F0FE5b7rRZivR9VvaCLrhoIygxb"}],"group":"cf-nel","max_age":604800}', 'NEL': '{"success_fraction":0,"report_to":"cf-nel","max_age":604800}', 'Server': 'cloudflare', 'CF-RAY': '89f0e76beb81596d-IAD', 'alt-svc': 'h3=":443"; ma=86400'} 
 body={"results":[{"gender":"male","name":{"title":"Mr","first":"Sakarias","last":"Nørstebø"},"location":{"street":{"number":3931,"name":"Ljan terrasse"},"city":"Ølen","state":"Sogn og Fjordane","country":"Norway","postcode":"6886","coordinates":{"latitude":"46.7426","longitude":"-31.1286"},"timezone":{"offset":"-5:00","description":"Eastern Time (US &amp; Canada), Bogota, Lima"}},"email":"sakarias.norstebo@example.com","login":{"uuid":"c9368fb3-d2a7-4781-8603-bf95568bf293","username":"angryduck757","password":"ginscoot","salt":"YkNDBIgr","md5":"d73149304e3f0b7aad06e14725492072","sha1":"0100cefd892d5f92e0bad4e8fe175c8e20c4736d","sha256":"2e6de9a0e8c70d20f0dde8fb369cefb5882082c80d036a0ffdc036cc7a643679"},"dob":{"date":"1997-12-18T18:46:28.304Z","age":26},"registered":{"date":"2013-09-14T23:19:13.808Z","age":10},"phone":"53569162","cell":"98561883","id":{"name":"FN","value":"18129718745"},"picture":{"large":"https://randomuser.me/api/portraits/men/36.jpg","medium":"https://randomuser.me/api/portraits/med/men/36.jpg","thumbnail":"https://randomuser.me/api/portraits/thumb/men/36.jpg"},"nat":"NO"}],"info":{"seed":"5a468a0aa10a3b10","results":1,"page":1,"version":"1.4"}} 
 </msg>
<msg time="2024-07-06T16:17:16.226945" level="INFO">/opt/hostedtoolcache/Python/3.12.4/x64/lib/python3.12/site-packages/urllib3/connectionpool.py:1099: InsecureRequestWarning: Unverified HTTPS request is being made to host 'randomuser.me'. Adding certificate verification is strongly advised. See: https://urllib3.readthedocs.io/en/latest/advanced-usage.html#tls-warnings
  warnings.warn(</msg>
<msg time="2024-07-06T16:17:16.227109" level="INFO">${response} = &lt;Response [200]&gt;</msg>
<var>${response}</var>
<arg>consultarAPI</arg>
<arg>/api</arg>
<doc>Sends a GET request on a previously created HTTP Session.</doc>
<status status="PASS" start="2024-07-06T16:17:16.139212" elapsed="0.087944"/>
</kw>
<kw name="Set Variable" owner="BuiltIn">
<msg time="2024-07-06T16:17:16.228387" level="INFO">${json_data} = {'results': [{'gender': 'male', 'name': {'title': 'Mr', 'first': 'Sakarias', 'last': 'Nørstebø'}, 'location': {'street': {'number': 3931, 'name': 'Ljan terrasse'}, 'city': 'Ølen', 'state': 'Sogn og Fj...</msg>
<var>${json_data}</var>
<arg>${response.json()}</arg>
<doc>Returns the given values which can then be assigned to a variables.</doc>
<status status="PASS" start="2024-07-06T16:17:16.227798" elapsed="0.000621"/>
</kw>
<kw name="Log" owner="BuiltIn">
<msg time="2024-07-06T16:17:16.228950" level="INFO">{'results': [{'gender': 'male', 'name': {'title': 'Mr', 'first': 'Sakarias', 'last': 'Nørstebø'}, 'location': {'street': {'number': 3931, 'name': 'Ljan terrasse'}, 'city': 'Ølen', 'state': 'Sogn og Fjordane', 'country': 'Norway', 'postcode': '6886', 'coordinates': {'latitude': '46.7426', 'longitude': '-31.1286'}, 'timezone': {'offset': '-5:00', 'description': 'Eastern Time (US &amp; Canada), Bogota, Lima'}}, 'email': 'sakarias.norstebo@example.com', 'login': {'uuid': 'c9368fb3-d2a7-4781-8603-bf95568bf293', 'username': 'angryduck757', 'password': 'ginscoot', 'salt': 'YkNDBIgr', 'md5': 'd73149304e3f0b7aad06e14725492072', 'sha1': '0100cefd892d5f92e0bad4e8fe175c8e20c4736d', 'sha256': '2e6de9a0e8c70d20f0dde8fb369cefb5882082c80d036a0ffdc036cc7a643679'}, 'dob': {'date': '1997-12-18T18:46:28.304Z', 'age': 26}, 'registered': {'date': '2013-09-14T23:19:13.808Z', 'age': 10}, 'phone': '53569162', 'cell': '98561883', 'id': {'name': 'FN', 'value': '18129718745'}, 'picture': {'large': 'https://randomuser.me/api/portraits/men/36.jpg', 'medium': 'https://randomuser.me/api/portraits/med/men/36.jpg', 'thumbnail': 'https://randomuser.me/api/portraits/thumb/men/36.jpg'}, 'nat': 'NO'}], 'info': {'seed': '5a468a0aa10a3b10', 'results': 1, 'page': 1, 'version': '1.4'}}</msg>
<arg>${json_data}</arg>
<doc>Logs the given message with the given level.</doc>
<status status="PASS" start="2024-07-06T16:17:16.228771" elapsed="0.000234"/>
</kw>
<kw name="Should Be String" owner="String">
<arg>${json_data['results'][0]['gender']}</arg>
<doc>Fails if the given ``item`` is not a string.</doc>
<status status="PASS" start="2024-07-06T16:17:16.229309" elapsed="0.000385"/>
</kw>
<kw name="Should Match Regexp" owner="BuiltIn">
<arg>${json_data['results'][0]['email']}</arg>
<arg>^[a-zA-Z0-9._%+-]+@[a-zA-Z0-9.-]+\.[a-zA-Z]{2,}$</arg>
<doc>Fails if ``string`` does not match ``pattern`` as a regular expression.</doc>
<status status="PASS" start="2024-07-06T16:17:16.229889" elapsed="0.000557"/>
</kw>
<kw name="Should Match Regexp" owner="BuiltIn">
<arg>${json_data['results'][0]['dob']['date']}</arg>
<arg>\\d{4}-\\d{2}-\\d{2}T\\d{2}:\\d{2}:\\d{2}\\.\\d{3}Z</arg>
<doc>Fails if ``string`` does not match ``pattern`` as a regular expression.</doc>
<status status="PASS" start="2024-07-06T16:17:16.230687" elapsed="0.000497"/>
</kw>
<kw name="Should Match Regexp" owner="BuiltIn">
<arg>${json_data['results'][0]['registered']['date']}</arg>
<arg>\\d{4}-\\d{2}-\\d{2}T\\d{2}:\\d{2}:\\d{2}\\.\\d{3}Z</arg>
<doc>Fails if ``string`` does not match ``pattern`` as a regular expression.</doc>
<status status="PASS" start="2024-07-06T16:17:16.231380" elapsed="0.000371"/>
</kw>
<kw name="Should Match Regexp" owner="BuiltIn">
<arg>${json_data['results'][0]['picture']['large']}</arg>
<arg>^https?://.*\.(?:png|jpe?g|gif|bmp)$</arg>
<doc>Fails if ``string`` does not match ``pattern`` as a regular expression.</doc>
<status status="PASS" start="2024-07-06T16:17:16.231938" elapsed="0.000459"/>
</kw>
<kw name="Should Match Regexp" owner="BuiltIn">
<arg>${json_data['results'][0]['picture']['medium']}</arg>
<arg>^https?://.*\.(?:png|jpe?g|gif|bmp)$</arg>
<doc>Fails if ``string`` does not match ``pattern`` as a regular expression.</doc>
<status status="PASS" start="2024-07-06T16:17:16.232585" elapsed="0.000352"/>
</kw>
<kw name="Should Match Regexp" owner="BuiltIn">
<arg>${json_data['results'][0]['picture']['thumbnail']}</arg>
<arg>^https?://.*\.(?:png|jpe?g|gif|bmp)$</arg>
<doc>Fails if ``string`` does not match ``pattern`` as a regular expression.</doc>
<status status="PASS" start="2024-07-06T16:17:16.233121" elapsed="0.000349"/>
</kw>
<kw name="Log" owner="BuiltIn">
<msg time="2024-07-06T16:17:16.233985" level="INFO">{'large': 'https://randomuser.me/api/portraits/men/36.jpg', 'medium': 'https://randomuser.me/api/portraits/med/men/36.jpg', 'thumbnail': 'https://randomuser.me/api/portraits/thumb/men/36.jpg'}</msg>
<arg>${json_data['results'][0]['picture']}</arg>
<doc>Logs the given message with the given level.</doc>
<status status="PASS" start="2024-07-06T16:17:16.233651" elapsed="0.000378"/>
</kw>
<status status="PASS" start="2024-07-06T16:17:16.138995" elapsed="0.095317"/>
</kw>
<kw name="Teste de Tipos de Dados - Postcode" owner="random-user-service">
<kw name="GET On Session" owner="RequestsLibrary">
<msg time="2024-07-06T16:17:16.327781" level="INFO">GET Request : url=https://randomuser.me/api 
 path_url=/api 
 headers={'User-Agent': 'python-requests/2.32.3', 'Accept-Encoding': 'gzip, deflate', 'Accept': '*/*', 'Connection': 'keep-alive'} 
 body=None 
 </msg>
<msg time="2024-07-06T16:17:16.327853" level="INFO">GET Response : url=https://randomuser.me/api 
 status=200, reason=OK 
 headers={'Date': 'Sat, 06 Jul 2024 16:17:16 GMT', 'Content-Type': 'application/json; charset=utf-8', 'Transfer-Encoding': 'chunked', 'Connection': 'keep-alive', 'X-Powered-By': 'Express', 'Access-Control-Allow-Origin': '*', 'Cache-Control': 'no-cache', 'ETag': 'W/"489-da6vnhyFYV/RMcGGbpBPsfaWMmU"', 'Vary': 'Accept-Encoding', 'Content-Encoding': 'gzip', 'CF-Cache-Status': 'DYNAMIC', 'Report-To': '{"endpoints":[{"url":"https:\\/\\/a.nel.cloudflare.com\\/report\\/v4?s=M1F6CpwPwhtoWx0t41ajUdFpHLdz0C%2F%2FDQwJv4bytAhOawEgj%2BRDbJuCAT7%2FkkHXbJ71FgD7Reu5nVJ8Hj%2FndWtepyrEdcWL8p8aK1RS7OcehkPsjNNnCYwjY5HSaV%2Bg"}],"group":"cf-nel","max_age":604800}', 'NEL': '{"success_fraction":0,"report_to":"cf-nel","max_age":604800}', 'Server': 'cloudflare', 'CF-RAY': '89f0e76c7c13596d-IAD', 'alt-svc': 'h3=":443"; ma=86400'} 
 body={"results":[{"gender":"male","name":{"title":"Mr","first":"Herman","last":"Mckinney"},"location":{"street":{"number":1323,"name":"Mockingbird Hill"},"city":"Vancouver","state":"North Carolina","country":"United States","postcode":48276,"coordinates":{"latitude":"83.6821","longitude":"-75.5229"},"timezone":{"offset":"-10:00","description":"Hawaii"}},"email":"herman.mckinney@example.com","login":{"uuid":"69128ea6-9a0e-41d1-8ef9-085f71c172c9","username":"yellowlion126","password":"terrell","salt":"KQb6f1eH","md5":"d4581caa9ccfc7c2a9e8b97b3d36b2cd","sha1":"bf3efcfb2d6734f68c61295b6f2c5bc5c974341a","sha256":"3a7c1f503820ad958e5e3c285490fbcf117c07923af68296c8e1ad7ca73f0055"},"dob":{"date":"1974-01-29T08:48:05.669Z","age":50},"registered":{"date":"2009-08-22T06:12:41.495Z","age":14},"phone":"(517) 241-8589","cell":"(289) 606-3762","id":{"name":"SSN","value":"634-45-8967"},"picture":{"large":"https://randomuser.me/api/portraits/men/99.jpg","medium":"https://randomuser.me/api/portraits/med/men/99.jpg","thumbnail":"https://randomuser.me/api/portraits/thumb/men/99.jpg"},"nat":"US"}],"info":{"seed":"640c1b10853ed97a","results":1,"page":1,"version":"1.4"}} 
 </msg>
<msg time="2024-07-06T16:17:16.327915" level="INFO">/opt/hostedtoolcache/Python/3.12.4/x64/lib/python3.12/site-packages/urllib3/connectionpool.py:1099: InsecureRequestWarning: Unverified HTTPS request is being made to host 'randomuser.me'. Adding certificate verification is strongly advised. See: https://urllib3.readthedocs.io/en/latest/advanced-usage.html#tls-warnings
  warnings.warn(</msg>
<msg time="2024-07-06T16:17:16.328016" level="INFO">${response} = &lt;Response [200]&gt;</msg>
<var>${response}</var>
<arg>consultarAPI</arg>
<arg>/api</arg>
<doc>Sends a GET request on a previously created HTTP Session.</doc>
<status status="PASS" start="2024-07-06T16:17:16.234793" elapsed="0.093265"/>
</kw>
<kw name="Set Variable" owner="BuiltIn">
<msg time="2024-07-06T16:17:16.329123" level="INFO">${json_data} = {'results': [{'gender': 'male', 'name': {'title': 'Mr', 'first': 'Herman', 'last': 'Mckinney'}, 'location': {'street': {'number': 1323, 'name': 'Mockingbird Hill'}, 'city': 'Vancouver', 'state': 'Nort...</msg>
<var>${json_data}</var>
<arg>${response.json()}</arg>
<doc>Returns the given values which can then be assigned to a variables.</doc>
<status status="PASS" start="2024-07-06T16:17:16.328528" elapsed="0.000625"/>
</kw>
<kw name="Log" owner="BuiltIn">
<msg time="2024-07-06T16:17:16.329617" level="INFO">{'results': [{'gender': 'male', 'name': {'title': 'Mr', 'first': 'Herman', 'last': 'Mckinney'}, 'location': {'street': {'number': 1323, 'name': 'Mockingbird Hill'}, 'city': 'Vancouver', 'state': 'North Carolina', 'country': 'United States', 'postcode': 48276, 'coordinates': {'latitude': '83.6821', 'longitude': '-75.5229'}, 'timezone': {'offset': '-10:00', 'description': 'Hawaii'}}, 'email': 'herman.mckinney@example.com', 'login': {'uuid': '69128ea6-9a0e-41d1-8ef9-085f71c172c9', 'username': 'yellowlion126', 'password': 'terrell', 'salt': 'KQb6f1eH', 'md5': 'd4581caa9ccfc7c2a9e8b97b3d36b2cd', 'sha1': 'bf3efcfb2d6734f68c61295b6f2c5bc5c974341a', 'sha256': '3a7c1f503820ad958e5e3c285490fbcf117c07923af68296c8e1ad7ca73f0055'}, 'dob': {'date': '1974-01-29T08:48:05.669Z', 'age': 50}, 'registered': {'date': '2009-08-22T06:12:41.495Z', 'age': 14}, 'phone': '(517) 241-8589', 'cell': '(289) 606-3762', 'id': {'name': 'SSN', 'value': '634-45-8967'}, 'picture': {'large': 'https://randomuser.me/api/portraits/men/99.jpg', 'medium': 'https://randomuser.me/api/portraits/med/men/99.jpg', 'thumbnail': 'https://randomuser.me/api/portraits/thumb/men/99.jpg'}, 'nat': 'US'}], 'info': {'seed': '640c1b10853ed97a', 'results': 1, 'page': 1, 'version': '1.4'}}</msg>
<arg>${json_data}</arg>
<doc>Logs the given message with the given level.</doc>
<status status="PASS" start="2024-07-06T16:17:16.329462" elapsed="0.000202"/>
</kw>
<kw name="Should Be Equal As Numbers" owner="BuiltIn">
<arg>${json_data['results'][0]['location']['postcode']}</arg>
<arg>${json_data['results'][0]['location']['postcode']}</arg>
<doc>Fails if objects are unequal after converting them to real numbers.</doc>
<status status="PASS" start="2024-07-06T16:17:16.329957" elapsed="0.000676"/>
</kw>
<kw name="Log" owner="BuiltIn">
<msg time="2024-07-06T16:17:16.331311" level="INFO">48276</msg>
<arg>${json_data['results'][0]['location']['postcode']}</arg>
<doc>Logs the given message with the given level.</doc>
<status status="PASS" start="2024-07-06T16:17:16.330831" elapsed="0.000524"/>
</kw>
<status status="PASS" start="2024-07-06T16:17:16.234558" elapsed="0.097081"/>
</kw>
<doc>Testa se os tipos de dados na resposta da API estão corretos.</doc>
<tag>testeTiposDados</tag>
<status status="PASS" start="2024-07-06T16:17:16.138566" elapsed="0.193246"/>
</test>
<test id="s1-s1-t5" name="Validar conteudo" line="35">
<kw name="Teste de Tipos de Conteudo" owner="random-user-service">
<kw name="GET On Session" owner="RequestsLibrary">
<msg time="2024-07-06T16:17:16.420982" level="INFO">GET Request : url=https://randomuser.me/api 
 path_url=/api 
 headers={'User-Agent': 'python-requests/2.32.3', 'Accept-Encoding': 'gzip, deflate', 'Accept': '*/*', 'Connection': 'keep-alive'} 
 body=None 
 </msg>
<msg time="2024-07-06T16:17:16.421050" level="INFO">GET Response : url=https://randomuser.me/api 
 status=200, reason=OK 
 headers={'Date': 'Sat, 06 Jul 2024 16:17:16 GMT', 'Content-Type': 'application/json; charset=utf-8', 'Transfer-Encoding': 'chunked', 'Connection': 'keep-alive', 'X-Powered-By': 'Express', 'Access-Control-Allow-Origin': '*', 'Cache-Control': 'no-cache', 'ETag': 'W/"474-TUtsC8HfLuvLFbyccFvizNx0lBM"', 'Vary': 'Accept-Encoding', 'Content-Encoding': 'gzip', 'CF-Cache-Status': 'DYNAMIC', 'Report-To': '{"endpoints":[{"url":"https:\\/\\/a.nel.cloudflare.com\\/report\\/v4?s=M65TGNl4MfUH7Rx7Bw9EMMOMV9LaFVOdm0PtDGnQ%2F53M6djGViNi87%2F27nq6qirbhEyjv6OBPwf4G70FHx0UPZXP7TCWQoSMkbaVrsJ3sO1Tcq0odlba1sANIrnW%2Fykn"}],"group":"cf-nel","max_age":604800}', 'NEL': '{"success_fraction":0,"report_to":"cf-nel","max_age":604800}', 'Server': 'cloudflare', 'CF-RAY': '89f0e76d1ca2596d-IAD', 'alt-svc': 'h3=":443"; ma=86400'} 
 body={"results":[{"gender":"male","name":{"title":"Mr","first":"Adam","last":"Gagnon"},"location":{"street":{"number":8126,"name":"Dufferin St"},"city":"New Glasgow","state":"Québec","country":"Canada","postcode":"W2Z 9I3","coordinates":{"latitude":"-72.1719","longitude":"-142.6138"},"timezone":{"offset":"-3:30","description":"Newfoundland"}},"email":"adam.gagnon@example.com","login":{"uuid":"054d69cd-7ed7-4dc5-bb2c-afded99da231","username":"blackrabbit695","password":"report","salt":"C6YC2Xu0","md5":"7b96595f06b0e7428b6057cbc0f16bd4","sha1":"cba7c2c954ace94fdfc9336be6ab19ad2619f0d6","sha256":"20676133298b612180a57487e7491931ab39217f447caa4cff30cae4c4b9a82d"},"dob":{"date":"1999-05-07T00:27:14.376Z","age":25},"registered":{"date":"2019-01-21T16:19:54.765Z","age":5},"phone":"W55 W61-1079","cell":"X54 M92-6193","id":{"name":"SIN","value":"328854799"},"picture":{"large":"https://randomuser.me/api/portraits/men/90.jpg","medium":"https://randomuser.me/api/portraits/med/men/90.jpg","thumbnail":"https://randomuser.me/api/portraits/thumb/men/90.jpg"},"nat":"CA"}],"info":{"seed":"a32b692e13a8f954","results":1,"page":1,"version":"1.4"}} 
 </msg>
<msg time="2024-07-06T16:17:16.421113" level="INFO">/opt/hostedtoolcache/Python/3.12.4/x64/lib/python3.12/site-packages/urllib3/connectionpool.py:1099: InsecureRequestWarning: Unverified HTTPS request is being made to host 'randomuser.me'. Adding certificate verification is strongly advised. See: https://urllib3.readthedocs.io/en/latest/advanced-usage.html#tls-warnings
  warnings.warn(</msg>
<msg time="2024-07-06T16:17:16.421208" level="INFO">${response} = &lt;Response [200]&gt;</msg>
<var>${response}</var>
<arg>consultarAPI</arg>
<arg>/api</arg>
<doc>Sends a GET request on a previously created HTTP Session.</doc>
<status status="PASS" start="2024-07-06T16:17:16.334405" elapsed="0.086846"/>
</kw>
<kw name="Set Variable" owner="BuiltIn">
<msg time="2024-07-06T16:17:16.422341" level="INFO">${json_data} = {'results': [{'gender': 'male', 'name': {'title': 'Mr', 'first': 'Adam', 'last': 'Gagnon'}, 'location': {'street': {'number': 8126, 'name': 'Dufferin St'}, 'city': 'New Glasgow', 'state': 'Québec', 'c...</msg>
<var>${json_data}</var>
<arg>${response.json()}</arg>
<doc>Returns the given values which can then be assigned to a variables.</doc>
<status status="PASS" start="2024-07-06T16:17:16.421718" elapsed="0.000662"/>
</kw>
<kw name="Set Variable" owner="BuiltIn">
<msg time="2024-07-06T16:17:16.423088" level="INFO">${name_title} = Mr</msg>
<var>${name_title}</var>
<arg>${json_data["results"][0]["name"]["title"]}</arg>
<doc>Returns the given values which can then be assigned to a variables.</doc>
<status status="PASS" start="2024-07-06T16:17:16.422697" elapsed="0.000418"/>
</kw>
<kw name="Create List" owner="BuiltIn">
<msg time="2024-07-06T16:17:16.423568" level="INFO">${allowed_titles} = ['Mr', 'Ms', 'Miss', 'Mrs', 'Madame', 'Monsieur']</msg>
<var>${allowed_titles}</var>
<arg>Mr</arg>
<arg>Ms</arg>
<arg>Miss</arg>
<arg>Mrs</arg>
<arg>Madame</arg>
<arg>Monsieur</arg>
<doc>Returns a list containing given items.</doc>
<status status="PASS" start="2024-07-06T16:17:16.423419" elapsed="0.000176"/>
</kw>
<kw name="List Should Contain Value" owner="Collections">
<arg>${allowed_titles}</arg>
<arg>${name_title}</arg>
<doc>Fails if the ``value`` is not found from ``list``.</doc>
<status status="PASS" start="2024-07-06T16:17:16.423898" elapsed="0.000186"/>
</kw>
<kw name="Set Variable" owner="BuiltIn">
<msg time="2024-07-06T16:17:16.424649" level="INFO">${name_country} = CA</msg>
<var>${name_country}</var>
<arg>${json_data["results"][0]["nat"]}</arg>
<doc>Returns the given values which can then be assigned to a variables.</doc>
<status status="PASS" start="2024-07-06T16:17:16.424271" elapsed="0.000404"/>
</kw>
<kw name="Create List" owner="BuiltIn">
<msg time="2024-07-06T16:17:16.425564" level="INFO">${list_country} = ['AD', 'AE', 'AF', 'AG', 'AI', 'AL', 'AM', 'AO', 'AQ', 'AR', 'AS', 'AT', 'AU', 'AW', 'AX', 'AZ', 'BA', 'BB', 'BD', 'BE', 'BF', 'BG', 'BH', 'BI', 'BJ', 'BL', 'BM', 'BN', 'BO', 'BQ', 'BR', 'BS', 'BT', '...</msg>
<var>${list_country}</var>
<arg>AD</arg>
<arg>AE</arg>
<arg>AF</arg>
<arg>AG</arg>
<arg>AI</arg>
<arg>AL</arg>
<arg>AM</arg>
<arg>AO</arg>
<arg>AQ</arg>
<arg>AR</arg>
<arg>AS</arg>
<arg>AT</arg>
<arg>AU</arg>
<arg>AW</arg>
<arg>AX</arg>
<arg>AZ</arg>
<arg>BA</arg>
<arg>BB</arg>
<arg>BD</arg>
<arg>BE</arg>
<arg>BF</arg>
<arg>BG</arg>
<arg>BH</arg>
<arg>BI</arg>
<arg>BJ</arg>
<arg>BL</arg>
<arg>BM</arg>
<arg>BN</arg>
<arg>BO</arg>
<arg>BQ</arg>
<arg>BR</arg>
<arg>BS</arg>
<arg>BT</arg>
<arg>BV</arg>
<arg>BW</arg>
<arg>BY</arg>
<arg>BZ</arg>
<arg>CA</arg>
<arg>CC</arg>
<arg>CD</arg>
<arg>CF</arg>
<arg>CG</arg>
<arg>CH</arg>
<arg>CI</arg>
<arg>CK</arg>
<arg>CL</arg>
<arg>CM</arg>
<arg>CN</arg>
<arg>CO</arg>
<arg>CR</arg>
<arg>CU</arg>
<arg>CV</arg>
<arg>CW</arg>
<arg>CX</arg>
<arg>CY</arg>
<arg>CZ</arg>
<arg>DE</arg>
<arg>DJ</arg>
<arg>DK</arg>
<arg>DM</arg>
<arg>DO</arg>
<arg>DZ</arg>
<arg>EC</arg>
<arg>EE</arg>
<arg>EG</arg>
<arg>EH</arg>
<arg>ER</arg>
<arg>ES</arg>
<arg>ET</arg>
<arg>FI</arg>
<arg>FJ</arg>
<arg>FK</arg>
<arg>FM</arg>
<arg>FO</arg>
<arg>FR</arg>
<arg>GA</arg>
<arg>GB</arg>
<arg>GD</arg>
<arg>GE</arg>
<arg>GF</arg>
<arg>GG</arg>
<arg>GH</arg>
<arg>GI</arg>
<arg>GL</arg>
<arg>GM</arg>
<arg>GN</arg>
<arg>GP</arg>
<arg>GQ</arg>
<arg>GR</arg>
<arg>GS</arg>
<arg>GT</arg>
<arg>GU</arg>
<arg>GW</arg>
<arg>GY</arg>
<arg>HK</arg>
<arg>HM</arg>
<arg>HN</arg>
<arg>HR</arg>
<arg>HT</arg>
<arg>HU</arg>
<arg>ID</arg>
<arg>IE</arg>
<arg>IL</arg>
<arg>IM</arg>
<arg>IN</arg>
<arg>IO</arg>
<arg>IQ</arg>
<arg>IR</arg>
<arg>IS</arg>
<arg>IT</arg>
<arg>JE</arg>
<arg>JM</arg>
<arg>JO</arg>
<arg>JP</arg>
<arg>KE</arg>
<arg>KG</arg>
<arg>KH</arg>
<arg>KI</arg>
<arg>KM</arg>
<arg>KN</arg>
<arg>KP</arg>
<arg>KR</arg>
<arg>KW</arg>
<arg>KY</arg>
<arg>KZ</arg>
<arg>LA</arg>
<arg>LB</arg>
<arg>LC</arg>
<arg>LI</arg>
<arg>LK</arg>
<arg>LR</arg>
<arg>LS</arg>
<arg>LT</arg>
<arg>LU</arg>
<arg>LV</arg>
<arg>LY</arg>
<arg>MA</arg>
<arg>MC</arg>
<arg>MD</arg>
<arg>ME</arg>
<arg>MF</arg>
<arg>MG</arg>
<arg>MH</arg>
<arg>MK</arg>
<arg>ML</arg>
<arg>MM</arg>
<arg>MN</arg>
<arg>MO</arg>
<arg>MP</arg>
<arg>MQ</arg>
<arg>MR</arg>
<arg>MS</arg>
<arg>MT</arg>
<arg>MU</arg>
<arg>MV</arg>
<arg>MW</arg>
<arg>MX</arg>
<arg>MY</arg>
<arg>MZ</arg>
<arg>NA</arg>
<arg>NC</arg>
<arg>NE</arg>
<arg>NF</arg>
<arg>NG</arg>
<arg>NI</arg>
<arg>NL</arg>
<arg>NO</arg>
<arg>NP</arg>
<arg>NR</arg>
<arg>NU</arg>
<arg>NZ</arg>
<arg>OM</arg>
<arg>PA</arg>
<arg>PE</arg>
<arg>PF</arg>
<arg>PG</arg>
<arg>PH</arg>
<arg>PK</arg>
<arg>PL</arg>
<arg>PM</arg>
<arg>PN</arg>
<arg>PR</arg>
<arg>PS</arg>
<arg>PT</arg>
<arg>PW</arg>
<arg>PY</arg>
<arg>QA</arg>
<arg>RE</arg>
<arg>RO</arg>
<arg>RS</arg>
<arg>RU</arg>
<arg>RW</arg>
<arg>SA</arg>
<arg>SB</arg>
<arg>SC</arg>
<arg>SD</arg>
<arg>SE</arg>
<arg>SG</arg>
<arg>SH</arg>
<arg>SI</arg>
<arg>SJ</arg>
<arg>SK</arg>
<arg>SL</arg>
<arg>SM</arg>
<arg>SN</arg>
<arg>SO</arg>
<arg>SR</arg>
<arg>SS</arg>
<arg>ST</arg>
<arg>SV</arg>
<arg>SX</arg>
<arg>SY</arg>
<arg>SZ</arg>
<arg>TC</arg>
<arg>TD</arg>
<arg>TF</arg>
<arg>TG</arg>
<arg>TH</arg>
<arg>TJ</arg>
<arg>TK</arg>
<arg>TL</arg>
<arg>TM</arg>
<arg>TN</arg>
<arg>TO</arg>
<arg>TR</arg>
<arg>TT</arg>
<arg>TV</arg>
<arg>TW</arg>
<arg>TZ</arg>
<arg>UA</arg>
<arg>UG</arg>
<arg>UM</arg>
<arg>US</arg>
<arg>UY</arg>
<arg>UZ</arg>
<arg>VA</arg>
<arg>VC</arg>
<arg>VE</arg>
<arg>VG</arg>
<arg>VI</arg>
<arg>VN</arg>
<arg>VU</arg>
<arg>WF</arg>
<arg>WS</arg>
<arg>XK</arg>
<arg>YE</arg>
<arg>YT</arg>
<arg>ZA</arg>
<arg>ZM</arg>
<arg>ZW</arg>
<doc>Returns a list containing given items.</doc>
<status status="PASS" start="2024-07-06T16:17:16.424974" elapsed="0.000616"/>
</kw>
<kw name="List Should Contain Value" owner="Collections">
<arg>${list_country}</arg>
<arg>${name_country}</arg>
<doc>Fails if the ``value`` is not found from ``list``.</doc>
<status status="PASS" start="2024-07-06T16:17:16.426403" elapsed="0.000206"/>
</kw>
<kw name="Run Keyword If" owner="BuiltIn">
<kw name="Should Be True" owner="BuiltIn">
<arg>${True}</arg>
<doc>Fails if the given condition is not true.</doc>
<status status="PASS" start="2024-07-06T16:17:16.427566" elapsed="0.000143"/>
</kw>
<arg>${json_data["results"][0]["location"]["coordinates"]["latitude"]} &gt;= -90 and ${json_data["results"][0]["location"]["coordinates"]["latitude"]} &lt;= 90</arg>
<arg>Should Be True</arg>
<arg>${True}</arg>
<doc>Runs the given keyword with the given arguments, if ``condition`` is true.</doc>
<status status="PASS" start="2024-07-06T16:17:16.426804" elapsed="0.001033"/>
</kw>
<kw name="Run Keyword If" owner="BuiltIn">
<kw name="Should Be True" owner="BuiltIn">
<arg>${True}</arg>
<doc>Fails if the given condition is not true.</doc>
<status status="PASS" start="2024-07-06T16:17:16.428731" elapsed="0.000235"/>
</kw>
<arg>${json_data["results"][0]["location"]["coordinates"]["longitude"]} &gt;= -180 and ${json_data["results"][0]["location"]["coordinates"]["longitude"]} &lt;= 180</arg>
<arg>Should Be True</arg>
<arg>${True}</arg>
<doc>Runs the given keyword with the given arguments, if ``condition`` is true.</doc>
<status status="PASS" start="2024-07-06T16:17:16.428032" elapsed="0.001067"/>
</kw>
<status status="PASS" start="2024-07-06T16:17:16.334157" elapsed="0.095079"/>
</kw>
<doc>Testa o conteúdo específico dos campos retornados pela API.</doc>
<tag>testeConteudo</tag>
<status status="PASS" start="2024-07-06T16:17:16.333609" elapsed="0.095777"/>
</test>
<status status="PASS" start="2024-07-06T16:17:15.566230" elapsed="0.865229"/>
</suite>
<status status="PASS" start="2024-07-06T16:17:15.551972" elapsed="0.884633"/>
</suite>
<statistics>
<total>
<stat pass="5" fail="0" skip="0">All Tests</stat>
</total>
<tag>
<stat pass="1" fail="0" skip="0">testeConteudo</stat>
<stat pass="1" fail="0" skip="0">testeEstruturaResposta</stat>
<stat pass="1" fail="0" skip="0">testeRequisicaoBasica</stat>
<stat pass="1" fail="0" skip="0">testeTiposDados</stat>
</tag>
<suite>
<stat pass="5" fail="0" skip="0" id="s1" name="Tests">Tests</stat>
<stat pass="5" fail="0" skip="0" id="s1-s1" name="Random-User-Test">Tests.Random-User-Test</stat>
</suite>
</statistics>
<errors>
</errors>
</robot>
