<?xml version="1.0" encoding="UTF-8"?>
<robot generator="Robot 7.0 (Python 3.12.3 on linux)" generated="2024-06-07T09:15:58.529231" rpa="false" schemaversion="5">
<suite id="s1" name="Tests" source="/home/runner/work/ApiRandomUser/ApiRandomUser/RamdonUser/tests">
<suite id="s1-s1" name="Random-User-Test" source="/home/runner/work/ApiRandomUser/ApiRandomUser/RamdonUser/tests/random-user-test.robot">
<test id="s1-s1-t1" name="Conectar" line="13">
<kw name="Conectar API" owner="random-user-service">
<kw name="Create Session" owner="RequestsLibrary">
<msg time="2024-06-07T09:15:58.971748" level="INFO">Creating Session using : alias=consultarAPI, url=https://randomuser.me/, headers={},                     cookies={}, auth=None, timeout=None, proxies=None, verify=False,                     debug=0 </msg>
<arg>consultarAPI</arg>
<arg>${URL}</arg>
<doc>Create Session: create a HTTP session to a server</doc>
<status status="PASS" start="2024-06-07T09:15:58.971535" elapsed="0.000396"/>
</kw>
<status status="PASS" start="2024-06-07T09:15:58.970436" elapsed="0.001873"/>
</kw>
<status status="PASS" start="2024-06-07T09:15:58.969880" elapsed="0.002626"/>
</test>
<test id="s1-s1-t2" name="Validar retorno 200 e JSON Válido" line="16">
<kw name="Teste de Requisicao Basica" owner="random-user-service">
<kw name="GET On Session" owner="RequestsLibrary">
<msg time="2024-06-07T09:15:59.164999" level="INFO">GET Request : url=https://randomuser.me/api 
 path_url=/api 
 headers={'User-Agent': 'python-requests/2.32.3', 'Accept-Encoding': 'gzip, deflate', 'Accept': '*/*', 'Connection': 'keep-alive'} 
 body=None 
 </msg>
<msg time="2024-06-07T09:15:59.165184" level="INFO">GET Response : url=https://randomuser.me/api 
 status=200, reason=OK 
 headers={'Date': 'Fri, 07 Jun 2024 09:15:59 GMT', 'Content-Type': 'application/json; charset=utf-8', 'Transfer-Encoding': 'chunked', 'Connection': 'keep-alive', 'X-Powered-By': 'Express', 'Access-Control-Allow-Origin': '*', 'Cache-Control': 'no-cache', 'ETag': 'W/"496-OHj2/4HUGrVxfZuYvbTs7VUg08g"', 'Vary': 'Accept-Encoding', 'Content-Encoding': 'gzip', 'CF-Cache-Status': 'DYNAMIC', 'Report-To': '{"endpoints":[{"url":"https:\\/\\/a.nel.cloudflare.com\\/report\\/v4?s=PdtCjaRmbcAcfSBb6jSqanDSxubL9DrgkSHbVqJjoAZ%2Bc8gvLHv5voeFsoXCBMfab3ywMcy%2BpFulVINIYw4lj9nNXzOxBLqN6drsngKDaByg0ZBog2D2%2B%2F%2B4Bt5C%2FCw5"}],"group":"cf-nel","max_age":604800}', 'NEL': '{"success_fraction":0,"report_to":"cf-nel","max_age":604800}', 'Server': 'cloudflare', 'CF-RAY': '88ff8a6e78ec61fd-ORD', 'alt-svc': 'h3=":443"; ma=86400'} 
 body={"results":[{"gender":"male","name":{"title":"Mr","first":"Emil","last":"Hietala"},"location":{"street":{"number":6439,"name":"Fredrikinkatu"},"city":"Alavieska","state":"Kymenlaakso","country":"Finland","postcode":87492,"coordinates":{"latitude":"-22.1637","longitude":"-57.2081"},"timezone":{"offset":"-3:00","description":"Brazil, Buenos Aires, Georgetown"}},"email":"emil.hietala@example.com","login":{"uuid":"425a103d-f251-4d2b-9389-734daec5462b","username":"orangemeercat499","password":"chester","salt":"9ixeYiUf","md5":"fe5b653cf7f1216c4b1f33b4a6cc6153","sha1":"ba8f75983b7f38b848d00b9b1f37405b6b08741b","sha256":"fbdced14a15797ac70ef0db1c1b64f04ca979dfcdac4da8c416e8fa12a281de7"},"dob":{"date":"1958-05-08T11:15:01.305Z","age":66},"registered":{"date":"2008-01-07T23:27:53.229Z","age":16},"phone":"07-973-331","cell":"047-150-74-25","id":{"name":"HETU","value":"NaNNA265undefined"},"picture":{"large":"https://randomuser.me/api/portraits/men/86.jpg","medium":"https://randomuser.me/api/portraits/med/men/86.jpg","thumbnail":"https://randomuser.me/api/portraits/thumb/men/86.jpg"},"nat":"FI"}],"info":{"seed":"1d8ea5559bb239bc","results":1,"page":1,"version":"1.4"}} 
 </msg>
<msg time="2024-06-07T09:15:59.165281" level="INFO">/opt/hostedtoolcache/Python/3.12.3/x64/lib/python3.12/site-packages/urllib3/connectionpool.py:1103: InsecureRequestWarning: Unverified HTTPS request is being made to host 'randomuser.me'. Adding certificate verification is strongly advised. See: https://urllib3.readthedocs.io/en/latest/advanced-usage.html#tls-warnings
  warnings.warn(</msg>
<msg time="2024-06-07T09:15:59.165450" level="INFO">${response} = &lt;Response [200]&gt;</msg>
<var>${response}</var>
<arg>consultarAPI</arg>
<arg>/api</arg>
<doc>Sends a GET request on a previously created HTTP Session.</doc>
<status status="PASS" start="2024-06-07T09:15:58.975123" elapsed="0.190370"/>
</kw>
<kw name="Should Be Equal As Numbers" owner="BuiltIn">
<msg time="2024-06-07T09:15:59.166871" level="INFO">Argument types are:
&lt;class 'int'&gt;
&lt;class 'str'&gt;</msg>
<arg>${response.status_code}</arg>
<arg>200</arg>
<doc>Fails if objects are unequal after converting them to real numbers.</doc>
<status status="PASS" start="2024-06-07T09:15:59.166206" elapsed="0.000743"/>
</kw>
<kw name="Log" owner="BuiltIn">
<msg time="2024-06-07T09:15:59.167711" level="INFO">200</msg>
<arg>${response.status_code}</arg>
<doc>Logs the given message with the given level.</doc>
<status status="PASS" start="2024-06-07T09:15:59.167349" elapsed="0.000411"/>
</kw>
<kw name="Set Variable" owner="BuiltIn">
<msg time="2024-06-07T09:15:59.168514" level="INFO">${json_data} = {'results': [{'gender': 'male', 'name': {'title': 'Mr', 'first': 'Emil', 'last': 'Hietala'}, 'location': {'street': {'number': 6439, 'name': 'Fredrikinkatu'}, 'city': 'Alavieska', 'state': 'Kymenlaaks...</msg>
<var>${json_data}</var>
<arg>${response.json()}</arg>
<doc>Returns the given values which can then be assigned to a variables.</doc>
<status status="PASS" start="2024-06-07T09:15:59.168077" elapsed="0.000465"/>
</kw>
<kw name="Dictionary Should Contain Key" owner="Collections">
<msg time="2024-06-07T09:15:59.169019" level="INFO">False</msg>
<arg>${json_data}</arg>
<arg>results</arg>
<doc>Fails if ``key`` is not found from ``dictionary``.</doc>
<status status="PASS" start="2024-06-07T09:15:59.168843" elapsed="0.000382"/>
</kw>
<status status="PASS" start="2024-06-07T09:15:58.974848" elapsed="0.194652"/>
</kw>
<doc>Testa se a API responde corretamente e retorna um objeto JSON válido.</doc>
<tag>testeRequisicaoBasica</tag>
<status status="PASS" start="2024-06-07T09:15:58.974388" elapsed="0.195303"/>
</test>
<test id="s1-s1-t3" name="Validar estrutura de resposta" line="22">
<kw name="Teste de Estrutura de Resposta" owner="random-user-service">
<kw name="GET On Session" owner="RequestsLibrary">
<msg time="2024-06-07T09:15:59.261792" level="INFO">GET Request : url=https://randomuser.me/api 
 path_url=/api 
 headers={'User-Agent': 'python-requests/2.32.3', 'Accept-Encoding': 'gzip, deflate', 'Accept': '*/*', 'Connection': 'keep-alive'} 
 body=None 
 </msg>
<msg time="2024-06-07T09:15:59.261896" level="INFO">GET Response : url=https://randomuser.me/api 
 status=200, reason=OK 
 headers={'Date': 'Fri, 07 Jun 2024 09:15:59 GMT', 'Content-Type': 'application/json; charset=utf-8', 'Transfer-Encoding': 'chunked', 'Connection': 'keep-alive', 'X-Powered-By': 'Express', 'Access-Control-Allow-Origin': '*', 'Cache-Control': 'no-cache', 'ETag': 'W/"488-lCpwEnurddImzwXQ19DGzXJcepc"', 'Vary': 'Accept-Encoding', 'Content-Encoding': 'gzip', 'CF-Cache-Status': 'DYNAMIC', 'Report-To': '{"endpoints":[{"url":"https:\\/\\/a.nel.cloudflare.com\\/report\\/v4?s=LhxleW3LqytS%2FVp51lfjUCbLSBZKm%2Fp5wX8BSBJrw7RVDyaqlrYAbuucjuq80kbmwAkM7yHML5m4eg7oPLAPMO7t5T0d3WCcL4%2FZMT01Qxz25Le3qv0PK33JRQmvd7tF"}],"group":"cf-nel","max_age":604800}', 'NEL': '{"success_fraction":0,"report_to":"cf-nel","max_age":604800}', 'Server': 'cloudflare', 'CF-RAY': '88ff8a6ed91561fd-ORD', 'alt-svc': 'h3=":443"; ma=86400'} 
 body={"results":[{"gender":"male","name":{"title":"Mr","first":"Fabian","last":"Kolnes"},"location":{"street":{"number":9143,"name":"Trosterudstien"},"city":"Namnå","state":"Oslo","country":"Norway","postcode":"8027","coordinates":{"latitude":"41.6042","longitude":"-49.0386"},"timezone":{"offset":"+5:00","description":"Ekaterinburg, Islamabad, Karachi, Tashkent"}},"email":"fabian.kolnes@example.com","login":{"uuid":"47bee890-f2c2-4a81-9331-1f53fe9195a0","username":"bluebutterfly205","password":"chris1","salt":"8jVkPHge","md5":"1dbd343dfb444fbe90b74f27bf605c3a","sha1":"4b2a8cf27913d8e7ba63e6d10725c480c0f79a85","sha256":"ce02e01dd8d576cf518161c836f3fad52edd08eaa57d9eedf661c72734a3e288"},"dob":{"date":"2000-01-28T20:46:35.853Z","age":24},"registered":{"date":"2008-10-15T23:04:29.881Z","age":15},"phone":"89506360","cell":"44118725","id":{"name":"FN","value":"28010085367"},"picture":{"large":"https://randomuser.me/api/portraits/men/24.jpg","medium":"https://randomuser.me/api/portraits/med/men/24.jpg","thumbnail":"https://randomuser.me/api/portraits/thumb/men/24.jpg"},"nat":"NO"}],"info":{"seed":"50ad3496ba7d1504","results":1,"page":1,"version":"1.4"}} 
 </msg>
<msg time="2024-06-07T09:15:59.262030" level="INFO">/opt/hostedtoolcache/Python/3.12.3/x64/lib/python3.12/site-packages/urllib3/connectionpool.py:1103: InsecureRequestWarning: Unverified HTTPS request is being made to host 'randomuser.me'. Adding certificate verification is strongly advised. See: https://urllib3.readthedocs.io/en/latest/advanced-usage.html#tls-warnings
  warnings.warn(</msg>
<msg time="2024-06-07T09:15:59.262168" level="INFO">${response} = &lt;Response [200]&gt;</msg>
<var>${response}</var>
<arg>consultarAPI</arg>
<arg>/api</arg>
<doc>Sends a GET request on a previously created HTTP Session.</doc>
<status status="PASS" start="2024-06-07T09:15:59.172339" elapsed="0.089873"/>
</kw>
<kw name="Set Variable" owner="BuiltIn">
<msg time="2024-06-07T09:15:59.263330" level="INFO">${json_data} = {'results': [{'gender': 'male', 'name': {'title': 'Mr', 'first': 'Fabian', 'last': 'Kolnes'}, 'location': {'street': {'number': 9143, 'name': 'Trosterudstien'}, 'city': 'Namnå', 'state': 'Oslo', 'coun...</msg>
<var>${json_data}</var>
<arg>${response.json()}</arg>
<doc>Returns the given values which can then be assigned to a variables.</doc>
<status status="PASS" start="2024-06-07T09:15:59.262748" elapsed="0.000615"/>
</kw>
<kw name="Log" owner="BuiltIn">
<msg time="2024-06-07T09:15:59.263859" level="INFO">{'results': [{'gender': 'male', 'name': {'title': 'Mr', 'first': 'Fabian', 'last': 'Kolnes'}, 'location': {'street': {'number': 9143, 'name': 'Trosterudstien'}, 'city': 'Namnå', 'state': 'Oslo', 'country': 'Norway', 'postcode': '8027', 'coordinates': {'latitude': '41.6042', 'longitude': '-49.0386'}, 'timezone': {'offset': '+5:00', 'description': 'Ekaterinburg, Islamabad, Karachi, Tashkent'}}, 'email': 'fabian.kolnes@example.com', 'login': {'uuid': '47bee890-f2c2-4a81-9331-1f53fe9195a0', 'username': 'bluebutterfly205', 'password': 'chris1', 'salt': '8jVkPHge', 'md5': '1dbd343dfb444fbe90b74f27bf605c3a', 'sha1': '4b2a8cf27913d8e7ba63e6d10725c480c0f79a85', 'sha256': 'ce02e01dd8d576cf518161c836f3fad52edd08eaa57d9eedf661c72734a3e288'}, 'dob': {'date': '2000-01-28T20:46:35.853Z', 'age': 24}, 'registered': {'date': '2008-10-15T23:04:29.881Z', 'age': 15}, 'phone': '89506360', 'cell': '44118725', 'id': {'name': 'FN', 'value': '28010085367'}, 'picture': {'large': 'https://randomuser.me/api/portraits/men/24.jpg', 'medium': 'https://randomuser.me/api/portraits/med/men/24.jpg', 'thumbnail': 'https://randomuser.me/api/portraits/thumb/men/24.jpg'}, 'nat': 'NO'}], 'info': {'seed': '50ad3496ba7d1504', 'results': 1, 'page': 1, 'version': '1.4'}}</msg>
<arg>${json_data}</arg>
<doc>Logs the given message with the given level.</doc>
<status status="PASS" start="2024-06-07T09:15:59.263689" elapsed="0.000223"/>
</kw>
<kw name="Dictionary Should Contain Key" owner="Collections">
<msg time="2024-06-07T09:15:59.264380" level="INFO">False</msg>
<arg>${json_data}</arg>
<arg>results</arg>
<doc>Fails if ``key`` is not found from ``dictionary``.</doc>
<status status="PASS" start="2024-06-07T09:15:59.264215" elapsed="0.000204"/>
</kw>
<kw name="Should Not Be Empty" owner="BuiltIn">
<msg time="2024-06-07T09:15:59.264860" level="INFO">Length is 2.</msg>
<arg>${json_data}</arg>
<doc>Verifies that the given item is not empty.</doc>
<status status="PASS" start="2024-06-07T09:15:59.264719" elapsed="0.000181"/>
</kw>
<kw name="Create List" owner="BuiltIn">
<msg time="2024-06-07T09:15:59.265341" level="INFO">${expected_keys} = ['gender', 'name', 'location', 'email', 'login']</msg>
<var>${expected_keys}</var>
<arg>gender</arg>
<arg>name</arg>
<arg>location</arg>
<arg>email</arg>
<arg>login</arg>
<doc>Returns a list containing given items.</doc>
<status status="PASS" start="2024-06-07T09:15:59.265193" elapsed="0.000173"/>
</kw>
<for flavor="IN">
<iter>
<kw name="Dictionary Should Contain Key" owner="Collections">
<msg time="2024-06-07T09:15:59.266385" level="INFO">False</msg>
<arg>${json_data['results'][0]}</arg>
<arg>${key}</arg>
<doc>Fails if ``key`` is not found from ``dictionary``.</doc>
<status status="PASS" start="2024-06-07T09:15:59.265964" elapsed="0.000466"/>
</kw>
<kw name="Log" owner="BuiltIn">
<msg time="2024-06-07T09:15:59.267140" level="INFO">{'gender': 'male', 'name': {'title': 'Mr', 'first': 'Fabian', 'last': 'Kolnes'}, 'location': {'street': {'number': 9143, 'name': 'Trosterudstien'}, 'city': 'Namnå', 'state': 'Oslo', 'country': 'Norway', 'postcode': '8027', 'coordinates': {'latitude': '41.6042', 'longitude': '-49.0386'}, 'timezone': {'offset': '+5:00', 'description': 'Ekaterinburg, Islamabad, Karachi, Tashkent'}}, 'email': 'fabian.kolnes@example.com', 'login': {'uuid': '47bee890-f2c2-4a81-9331-1f53fe9195a0', 'username': 'bluebutterfly205', 'password': 'chris1', 'salt': '8jVkPHge', 'md5': '1dbd343dfb444fbe90b74f27bf605c3a', 'sha1': '4b2a8cf27913d8e7ba63e6d10725c480c0f79a85', 'sha256': 'ce02e01dd8d576cf518161c836f3fad52edd08eaa57d9eedf661c72734a3e288'}, 'dob': {'date': '2000-01-28T20:46:35.853Z', 'age': 24}, 'registered': {'date': '2008-10-15T23:04:29.881Z', 'age': 15}, 'phone': '89506360', 'cell': '44118725', 'id': {'name': 'FN', 'value': '28010085367'}, 'picture': {'large': 'https://randomuser.me/api/portraits/men/24.jpg', 'medium': 'https://randomuser.me/api/portraits/med/men/24.jpg', 'thumbnail': 'https://randomuser.me/api/portraits/thumb/men/24.jpg'}, 'nat': 'NO'}</msg>
<arg>${json_data['results'][0]}</arg>
<doc>Logs the given message with the given level.</doc>
<status status="PASS" start="2024-06-07T09:15:59.266739" elapsed="0.000454"/>
</kw>
<kw name="Log" owner="BuiltIn">
<msg time="2024-06-07T09:15:59.267634" level="INFO">gender</msg>
<arg>${key}</arg>
<doc>Logs the given message with the given level.</doc>
<status status="PASS" start="2024-06-07T09:15:59.267503" elapsed="0.000169"/>
</kw>
<var name="${key}">gender</var>
<status status="PASS" start="2024-06-07T09:15:59.265835" elapsed="0.002057"/>
</iter>
<iter>
<kw name="Dictionary Should Contain Key" owner="Collections">
<msg time="2024-06-07T09:15:59.268601" level="INFO">False</msg>
<arg>${json_data['results'][0]}</arg>
<arg>${key}</arg>
<doc>Fails if ``key`` is not found from ``dictionary``.</doc>
<status status="PASS" start="2024-06-07T09:15:59.268203" elapsed="0.000437"/>
</kw>
<kw name="Log" owner="BuiltIn">
<msg time="2024-06-07T09:15:59.269336" level="INFO">{'gender': 'male', 'name': {'title': 'Mr', 'first': 'Fabian', 'last': 'Kolnes'}, 'location': {'street': {'number': 9143, 'name': 'Trosterudstien'}, 'city': 'Namnå', 'state': 'Oslo', 'country': 'Norway', 'postcode': '8027', 'coordinates': {'latitude': '41.6042', 'longitude': '-49.0386'}, 'timezone': {'offset': '+5:00', 'description': 'Ekaterinburg, Islamabad, Karachi, Tashkent'}}, 'email': 'fabian.kolnes@example.com', 'login': {'uuid': '47bee890-f2c2-4a81-9331-1f53fe9195a0', 'username': 'bluebutterfly205', 'password': 'chris1', 'salt': '8jVkPHge', 'md5': '1dbd343dfb444fbe90b74f27bf605c3a', 'sha1': '4b2a8cf27913d8e7ba63e6d10725c480c0f79a85', 'sha256': 'ce02e01dd8d576cf518161c836f3fad52edd08eaa57d9eedf661c72734a3e288'}, 'dob': {'date': '2000-01-28T20:46:35.853Z', 'age': 24}, 'registered': {'date': '2008-10-15T23:04:29.881Z', 'age': 15}, 'phone': '89506360', 'cell': '44118725', 'id': {'name': 'FN', 'value': '28010085367'}, 'picture': {'large': 'https://randomuser.me/api/portraits/men/24.jpg', 'medium': 'https://randomuser.me/api/portraits/med/men/24.jpg', 'thumbnail': 'https://randomuser.me/api/portraits/thumb/men/24.jpg'}, 'nat': 'NO'}</msg>
<arg>${json_data['results'][0]}</arg>
<doc>Logs the given message with the given level.</doc>
<status status="PASS" start="2024-06-07T09:15:59.268970" elapsed="0.000416"/>
</kw>
<kw name="Log" owner="BuiltIn">
<msg time="2024-06-07T09:15:59.269814" level="INFO">name</msg>
<arg>${key}</arg>
<doc>Logs the given message with the given level.</doc>
<status status="PASS" start="2024-06-07T09:15:59.269686" elapsed="0.000166"/>
</kw>
<var name="${key}">name</var>
<status status="PASS" start="2024-06-07T09:15:59.268087" elapsed="0.001991"/>
</iter>
<iter>
<kw name="Dictionary Should Contain Key" owner="Collections">
<msg time="2024-06-07T09:15:59.270760" level="INFO">False</msg>
<arg>${json_data['results'][0]}</arg>
<arg>${key}</arg>
<doc>Fails if ``key`` is not found from ``dictionary``.</doc>
<status status="PASS" start="2024-06-07T09:15:59.270371" elapsed="0.000427"/>
</kw>
<kw name="Log" owner="BuiltIn">
<msg time="2024-06-07T09:15:59.271505" level="INFO">{'gender': 'male', 'name': {'title': 'Mr', 'first': 'Fabian', 'last': 'Kolnes'}, 'location': {'street': {'number': 9143, 'name': 'Trosterudstien'}, 'city': 'Namnå', 'state': 'Oslo', 'country': 'Norway', 'postcode': '8027', 'coordinates': {'latitude': '41.6042', 'longitude': '-49.0386'}, 'timezone': {'offset': '+5:00', 'description': 'Ekaterinburg, Islamabad, Karachi, Tashkent'}}, 'email': 'fabian.kolnes@example.com', 'login': {'uuid': '47bee890-f2c2-4a81-9331-1f53fe9195a0', 'username': 'bluebutterfly205', 'password': 'chris1', 'salt': '8jVkPHge', 'md5': '1dbd343dfb444fbe90b74f27bf605c3a', 'sha1': '4b2a8cf27913d8e7ba63e6d10725c480c0f79a85', 'sha256': 'ce02e01dd8d576cf518161c836f3fad52edd08eaa57d9eedf661c72734a3e288'}, 'dob': {'date': '2000-01-28T20:46:35.853Z', 'age': 24}, 'registered': {'date': '2008-10-15T23:04:29.881Z', 'age': 15}, 'phone': '89506360', 'cell': '44118725', 'id': {'name': 'FN', 'value': '28010085367'}, 'picture': {'large': 'https://randomuser.me/api/portraits/men/24.jpg', 'medium': 'https://randomuser.me/api/portraits/med/men/24.jpg', 'thumbnail': 'https://randomuser.me/api/portraits/thumb/men/24.jpg'}, 'nat': 'NO'}</msg>
<arg>${json_data['results'][0]}</arg>
<doc>Logs the given message with the given level.</doc>
<status status="PASS" start="2024-06-07T09:15:59.271127" elapsed="0.000429"/>
</kw>
<kw name="Log" owner="BuiltIn">
<msg time="2024-06-07T09:15:59.271992" level="INFO">location</msg>
<arg>${key}</arg>
<doc>Logs the given message with the given level.</doc>
<status status="PASS" start="2024-06-07T09:15:59.271863" elapsed="0.000167"/>
</kw>
<var name="${key}">location</var>
<status status="PASS" start="2024-06-07T09:15:59.270258" elapsed="0.001992"/>
</iter>
<iter>
<kw name="Dictionary Should Contain Key" owner="Collections">
<msg time="2024-06-07T09:15:59.273038" level="INFO">False</msg>
<arg>${json_data['results'][0]}</arg>
<arg>${key}</arg>
<doc>Fails if ``key`` is not found from ``dictionary``.</doc>
<status status="PASS" start="2024-06-07T09:15:59.272536" elapsed="0.000540"/>
</kw>
<kw name="Log" owner="BuiltIn">
<msg time="2024-06-07T09:15:59.273745" level="INFO">{'gender': 'male', 'name': {'title': 'Mr', 'first': 'Fabian', 'last': 'Kolnes'}, 'location': {'street': {'number': 9143, 'name': 'Trosterudstien'}, 'city': 'Namnå', 'state': 'Oslo', 'country': 'Norway', 'postcode': '8027', 'coordinates': {'latitude': '41.6042', 'longitude': '-49.0386'}, 'timezone': {'offset': '+5:00', 'description': 'Ekaterinburg, Islamabad, Karachi, Tashkent'}}, 'email': 'fabian.kolnes@example.com', 'login': {'uuid': '47bee890-f2c2-4a81-9331-1f53fe9195a0', 'username': 'bluebutterfly205', 'password': 'chris1', 'salt': '8jVkPHge', 'md5': '1dbd343dfb444fbe90b74f27bf605c3a', 'sha1': '4b2a8cf27913d8e7ba63e6d10725c480c0f79a85', 'sha256': 'ce02e01dd8d576cf518161c836f3fad52edd08eaa57d9eedf661c72734a3e288'}, 'dob': {'date': '2000-01-28T20:46:35.853Z', 'age': 24}, 'registered': {'date': '2008-10-15T23:04:29.881Z', 'age': 15}, 'phone': '89506360', 'cell': '44118725', 'id': {'name': 'FN', 'value': '28010085367'}, 'picture': {'large': 'https://randomuser.me/api/portraits/men/24.jpg', 'medium': 'https://randomuser.me/api/portraits/med/men/24.jpg', 'thumbnail': 'https://randomuser.me/api/portraits/thumb/men/24.jpg'}, 'nat': 'NO'}</msg>
<arg>${json_data['results'][0]}</arg>
<doc>Logs the given message with the given level.</doc>
<status status="PASS" start="2024-06-07T09:15:59.273379" elapsed="0.000416"/>
</kw>
<kw name="Log" owner="BuiltIn">
<msg time="2024-06-07T09:15:59.274223" level="INFO">email</msg>
<arg>${key}</arg>
<doc>Logs the given message with the given level.</doc>
<status status="PASS" start="2024-06-07T09:15:59.274094" elapsed="0.000167"/>
</kw>
<var name="${key}">email</var>
<status status="PASS" start="2024-06-07T09:15:59.272425" elapsed="0.002057"/>
</iter>
<iter>
<kw name="Dictionary Should Contain Key" owner="Collections">
<msg time="2024-06-07T09:15:59.275171" level="INFO">False</msg>
<arg>${json_data['results'][0]}</arg>
<arg>${key}</arg>
<doc>Fails if ``key`` is not found from ``dictionary``.</doc>
<status status="PASS" start="2024-06-07T09:15:59.274769" elapsed="0.000440"/>
</kw>
<kw name="Log" owner="BuiltIn">
<msg time="2024-06-07T09:15:59.275876" level="INFO">{'gender': 'male', 'name': {'title': 'Mr', 'first': 'Fabian', 'last': 'Kolnes'}, 'location': {'street': {'number': 9143, 'name': 'Trosterudstien'}, 'city': 'Namnå', 'state': 'Oslo', 'country': 'Norway', 'postcode': '8027', 'coordinates': {'latitude': '41.6042', 'longitude': '-49.0386'}, 'timezone': {'offset': '+5:00', 'description': 'Ekaterinburg, Islamabad, Karachi, Tashkent'}}, 'email': 'fabian.kolnes@example.com', 'login': {'uuid': '47bee890-f2c2-4a81-9331-1f53fe9195a0', 'username': 'bluebutterfly205', 'password': 'chris1', 'salt': '8jVkPHge', 'md5': '1dbd343dfb444fbe90b74f27bf605c3a', 'sha1': '4b2a8cf27913d8e7ba63e6d10725c480c0f79a85', 'sha256': 'ce02e01dd8d576cf518161c836f3fad52edd08eaa57d9eedf661c72734a3e288'}, 'dob': {'date': '2000-01-28T20:46:35.853Z', 'age': 24}, 'registered': {'date': '2008-10-15T23:04:29.881Z', 'age': 15}, 'phone': '89506360', 'cell': '44118725', 'id': {'name': 'FN', 'value': '28010085367'}, 'picture': {'large': 'https://randomuser.me/api/portraits/men/24.jpg', 'medium': 'https://randomuser.me/api/portraits/med/men/24.jpg', 'thumbnail': 'https://randomuser.me/api/portraits/thumb/men/24.jpg'}, 'nat': 'NO'}</msg>
<arg>${json_data['results'][0]}</arg>
<doc>Logs the given message with the given level.</doc>
<status status="PASS" start="2024-06-07T09:15:59.275507" elapsed="0.000418"/>
</kw>
<kw name="Log" owner="BuiltIn">
<msg time="2024-06-07T09:15:59.276350" level="INFO">login</msg>
<arg>${key}</arg>
<doc>Logs the given message with the given level.</doc>
<status status="PASS" start="2024-06-07T09:15:59.276221" elapsed="0.000167"/>
</kw>
<var name="${key}">login</var>
<status status="PASS" start="2024-06-07T09:15:59.274656" elapsed="0.001973"/>
</iter>
<var>${key}</var>
<value>@{expected_keys}</value>
<status status="PASS" start="2024-06-07T09:15:59.265632" elapsed="0.011126"/>
</for>
<kw name="Create List" owner="BuiltIn">
<msg time="2024-06-07T09:15:59.277097" level="INFO">${expected_keysTwo} = ['username', 'password']</msg>
<var>${expected_keysTwo}</var>
<arg>username</arg>
<arg>password</arg>
<doc>Returns a list containing given items.</doc>
<status status="PASS" start="2024-06-07T09:15:59.276957" elapsed="0.000163"/>
</kw>
<for flavor="IN">
<iter>
<kw name="Dictionary Should Contain Key" owner="Collections">
<msg time="2024-06-07T09:15:59.278021" level="INFO">False</msg>
<arg>${json_data['results'][0]['login']}</arg>
<arg>${keyTwo}</arg>
<doc>Fails if ``key`` is not found from ``dictionary``.</doc>
<status status="PASS" start="2024-06-07T09:15:59.277632" elapsed="0.000427"/>
</kw>
<kw name="Dictionary Should Contain Key" owner="Collections">
<msg time="2024-06-07T09:15:59.278745" level="INFO">False</msg>
<arg>${json_data['results'][0]['login']}</arg>
<arg>${keyTwo}</arg>
<doc>Fails if ``key`` is not found from ``dictionary``.</doc>
<status status="PASS" start="2024-06-07T09:15:59.278357" elapsed="0.000427"/>
</kw>
<kw name="Log" owner="BuiltIn">
<msg time="2024-06-07T09:15:59.279234" level="INFO">username</msg>
<arg>${keyTwo}</arg>
<doc>Logs the given message with the given level.</doc>
<status status="PASS" start="2024-06-07T09:15:59.279103" elapsed="0.000168"/>
</kw>
<var name="${keyTwo}">username</var>
<status status="PASS" start="2024-06-07T09:15:59.277520" elapsed="0.001971"/>
</iter>
<iter>
<kw name="Dictionary Should Contain Key" owner="Collections">
<msg time="2024-06-07T09:15:59.280152" level="INFO">False</msg>
<arg>${json_data['results'][0]['login']}</arg>
<arg>${keyTwo}</arg>
<doc>Fails if ``key`` is not found from ``dictionary``.</doc>
<status status="PASS" start="2024-06-07T09:15:59.279771" elapsed="0.000419"/>
</kw>
<kw name="Dictionary Should Contain Key" owner="Collections">
<msg time="2024-06-07T09:15:59.280877" level="INFO">False</msg>
<arg>${json_data['results'][0]['login']}</arg>
<arg>${keyTwo}</arg>
<doc>Fails if ``key`` is not found from ``dictionary``.</doc>
<status status="PASS" start="2024-06-07T09:15:59.280486" elapsed="0.000429"/>
</kw>
<kw name="Log" owner="BuiltIn">
<msg time="2024-06-07T09:15:59.281337" level="INFO">password</msg>
<arg>${keyTwo}</arg>
<doc>Logs the given message with the given level.</doc>
<status status="PASS" start="2024-06-07T09:15:59.281210" elapsed="0.000164"/>
</kw>
<var name="${keyTwo}">password</var>
<status status="PASS" start="2024-06-07T09:15:59.279662" elapsed="0.001932"/>
</iter>
<var>${keyTwo}</var>
<value>@{expected_keysTwo}</value>
<status status="PASS" start="2024-06-07T09:15:59.277362" elapsed="0.004352"/>
</for>
<status status="PASS" start="2024-06-07T09:15:59.172089" elapsed="0.109767"/>
</kw>
<doc>Testa a estrutura da resposta da API.</doc>
<tag>testeEstruturaResposta</tag>
<status status="PASS" start="2024-06-07T09:15:59.171559" elapsed="0.110460"/>
</test>
<test id="s1-s1-t4" name="Validar tipos de dados" line="28">
<kw name="Teste de Tipos de Dados" owner="random-user-service">
<kw name="GET On Session" owner="RequestsLibrary">
<msg time="2024-06-07T09:15:59.352715" level="INFO">GET Request : url=https://randomuser.me/api 
 path_url=/api 
 headers={'User-Agent': 'python-requests/2.32.3', 'Accept-Encoding': 'gzip, deflate', 'Accept': '*/*', 'Connection': 'keep-alive'} 
 body=None 
 </msg>
<msg time="2024-06-07T09:15:59.352817" level="INFO">GET Response : url=https://randomuser.me/api 
 status=200, reason=OK 
 headers={'Date': 'Fri, 07 Jun 2024 09:15:59 GMT', 'Content-Type': 'application/json; charset=utf-8', 'Transfer-Encoding': 'chunked', 'Connection': 'keep-alive', 'X-Powered-By': 'Express', 'Access-Control-Allow-Origin': '*', 'Cache-Control': 'no-cache', 'ETag': 'W/"494-v/B5BAa6GcZWio9rZDxRPNqHCZw"', 'Vary': 'Accept-Encoding', 'Content-Encoding': 'gzip', 'CF-Cache-Status': 'DYNAMIC', 'Report-To': '{"endpoints":[{"url":"https:\\/\\/a.nel.cloudflare.com\\/report\\/v4?s=ap%2FqoWzNW7LLJ6FdwVrCNevHjC8jq2kuo4E6wNDB%2BJtcqiZsmrMhKNlIMPOXPo0xqmGd9zQFppj1sAzVHtNKIz8wrmTw4%2F2mQL%2FnT4MgQ5F8ui9ETOlesFPMESc1Mf3%2F"}],"group":"cf-nel","max_age":604800}', 'NEL': '{"success_fraction":0,"report_to":"cf-nel","max_age":604800}', 'Server': 'cloudflare', 'CF-RAY': '88ff8a6f897661fd-ORD', 'alt-svc': 'h3=":443"; ma=86400'} 
 body={"results":[{"gender":"male","name":{"title":"Mr","first":"Jacinto","last":"Carvajal"},"location":{"street":{"number":3741,"name":"Cerrada Sandoval"},"city":"Inde","state":"San Luis Potosí","country":"Mexico","postcode":32981,"coordinates":{"latitude":"23.2678","longitude":"-69.9065"},"timezone":{"offset":"+6:00","description":"Almaty, Dhaka, Colombo"}},"email":"jacinto.carvajal@example.com","login":{"uuid":"73c555b4-eff2-4911-b72a-3bd857855f4a","username":"blackmouse279","password":"holidays","salt":"479iMeeE","md5":"51df22fcf4fef225f950cbd719eec465","sha1":"9a9457f552e41fcd3cf610b90dcc8f80f4f38a04","sha256":"336e067e7a4a74c7e613d43d9c8df1eaed31a28d24cc11310f3c4b5f054d5e30"},"dob":{"date":"1983-09-16T16:01:15.627Z","age":40},"registered":{"date":"2019-04-13T05:57:35.422Z","age":5},"phone":"(634) 533 9269","cell":"(634) 750 3346","id":{"name":"NSS","value":"22 42 96 2407 5"},"picture":{"large":"https://randomuser.me/api/portraits/men/50.jpg","medium":"https://randomuser.me/api/portraits/med/men/50.jpg","thumbnail":"https://randomuser.me/api/portraits/thumb/men/50.jpg"},"nat":"MX"}],"info":{"seed":"9dffe3dd8d768dc8","results":1,"page":1,"version":"1.4"}} 
 </msg>
<msg time="2024-06-07T09:15:59.352892" level="INFO">/opt/hostedtoolcache/Python/3.12.3/x64/lib/python3.12/site-packages/urllib3/connectionpool.py:1103: InsecureRequestWarning: Unverified HTTPS request is being made to host 'randomuser.me'. Adding certificate verification is strongly advised. See: https://urllib3.readthedocs.io/en/latest/advanced-usage.html#tls-warnings
  warnings.warn(</msg>
<msg time="2024-06-07T09:15:59.353008" level="INFO">${response} = &lt;Response [200]&gt;</msg>
<var>${response}</var>
<arg>consultarAPI</arg>
<arg>/api</arg>
<doc>Sends a GET request on a previously created HTTP Session.</doc>
<status status="PASS" start="2024-06-07T09:15:59.284597" elapsed="0.068448"/>
</kw>
<kw name="Set Variable" owner="BuiltIn">
<msg time="2024-06-07T09:15:59.354127" level="INFO">${json_data} = {'results': [{'gender': 'male', 'name': {'title': 'Mr', 'first': 'Jacinto', 'last': 'Carvajal'}, 'location': {'street': {'number': 3741, 'name': 'Cerrada Sandoval'}, 'city': 'Inde', 'state': 'San Luis...</msg>
<var>${json_data}</var>
<arg>${response.json()}</arg>
<doc>Returns the given values which can then be assigned to a variables.</doc>
<status status="PASS" start="2024-06-07T09:15:59.353585" elapsed="0.000573"/>
</kw>
<kw name="Log" owner="BuiltIn">
<msg time="2024-06-07T09:15:59.354648" level="INFO">{'results': [{'gender': 'male', 'name': {'title': 'Mr', 'first': 'Jacinto', 'last': 'Carvajal'}, 'location': {'street': {'number': 3741, 'name': 'Cerrada Sandoval'}, 'city': 'Inde', 'state': 'San Luis Potosí', 'country': 'Mexico', 'postcode': 32981, 'coordinates': {'latitude': '23.2678', 'longitude': '-69.9065'}, 'timezone': {'offset': '+6:00', 'description': 'Almaty, Dhaka, Colombo'}}, 'email': 'jacinto.carvajal@example.com', 'login': {'uuid': '73c555b4-eff2-4911-b72a-3bd857855f4a', 'username': 'blackmouse279', 'password': 'holidays', 'salt': '479iMeeE', 'md5': '51df22fcf4fef225f950cbd719eec465', 'sha1': '9a9457f552e41fcd3cf610b90dcc8f80f4f38a04', 'sha256': '336e067e7a4a74c7e613d43d9c8df1eaed31a28d24cc11310f3c4b5f054d5e30'}, 'dob': {'date': '1983-09-16T16:01:15.627Z', 'age': 40}, 'registered': {'date': '2019-04-13T05:57:35.422Z', 'age': 5}, 'phone': '(634) 533 9269', 'cell': '(634) 750 3346', 'id': {'name': 'NSS', 'value': '22 42 96 2407 5'}, 'picture': {'large': 'https://randomuser.me/api/portraits/men/50.jpg', 'medium': 'https://randomuser.me/api/portraits/med/men/50.jpg', 'thumbnail': 'https://randomuser.me/api/portraits/thumb/men/50.jpg'}, 'nat': 'MX'}], 'info': {'seed': '9dffe3dd8d768dc8', 'results': 1, 'page': 1, 'version': '1.4'}}</msg>
<arg>${json_data}</arg>
<doc>Logs the given message with the given level.</doc>
<status status="PASS" start="2024-06-07T09:15:59.354481" elapsed="0.000257"/>
</kw>
<kw name="Should Be String" owner="String">
<arg>${json_data['results'][0]['gender']}</arg>
<doc>Fails if the given ``item`` is not a string.</doc>
<status status="PASS" start="2024-06-07T09:15:59.355077" elapsed="0.000374"/>
</kw>
<kw name="Should Match Regexp" owner="BuiltIn">
<arg>${json_data['results'][0]['email']}</arg>
<arg>^[a-zA-Z0-9._%+-]+@[a-zA-Z0-9.-]+\.[a-zA-Z]{2,}$</arg>
<doc>Fails if ``string`` does not match ``pattern`` as a regular expression.</doc>
<status status="PASS" start="2024-06-07T09:15:59.355647" elapsed="0.000688"/>
</kw>
<kw name="Should Match Regexp" owner="BuiltIn">
<arg>${json_data['results'][0]['dob']['date']}</arg>
<arg>\\d{4}-\\d{2}-\\d{2}T\\d{2}:\\d{2}:\\d{2}\\.\\d{3}Z</arg>
<doc>Fails if ``string`` does not match ``pattern`` as a regular expression.</doc>
<status status="PASS" start="2024-06-07T09:15:59.356538" elapsed="0.000486"/>
</kw>
<kw name="Should Match Regexp" owner="BuiltIn">
<arg>${json_data['results'][0]['registered']['date']}</arg>
<arg>\\d{4}-\\d{2}-\\d{2}T\\d{2}:\\d{2}:\\d{2}\\.\\d{3}Z</arg>
<doc>Fails if ``string`` does not match ``pattern`` as a regular expression.</doc>
<status status="PASS" start="2024-06-07T09:15:59.357219" elapsed="0.000366"/>
</kw>
<kw name="Should Match Regexp" owner="BuiltIn">
<arg>${json_data['results'][0]['picture']['large']}</arg>
<arg>^https?://.*\.(?:png|jpe?g|gif|bmp)$</arg>
<doc>Fails if ``string`` does not match ``pattern`` as a regular expression.</doc>
<status status="PASS" start="2024-06-07T09:15:59.357774" elapsed="0.000459"/>
</kw>
<kw name="Should Match Regexp" owner="BuiltIn">
<arg>${json_data['results'][0]['picture']['medium']}</arg>
<arg>^https?://.*\.(?:png|jpe?g|gif|bmp)$</arg>
<doc>Fails if ``string`` does not match ``pattern`` as a regular expression.</doc>
<status status="PASS" start="2024-06-07T09:15:59.358424" elapsed="0.000352"/>
</kw>
<kw name="Should Match Regexp" owner="BuiltIn">
<arg>${json_data['results'][0]['picture']['thumbnail']}</arg>
<arg>^https?://.*\.(?:png|jpe?g|gif|bmp)$</arg>
<doc>Fails if ``string`` does not match ``pattern`` as a regular expression.</doc>
<status status="PASS" start="2024-06-07T09:15:59.358966" elapsed="0.000389"/>
</kw>
<kw name="Log" owner="BuiltIn">
<msg time="2024-06-07T09:15:59.359869" level="INFO">{'large': 'https://randomuser.me/api/portraits/men/50.jpg', 'medium': 'https://randomuser.me/api/portraits/med/men/50.jpg', 'thumbnail': 'https://randomuser.me/api/portraits/thumb/men/50.jpg'}</msg>
<arg>${json_data['results'][0]['picture']}</arg>
<doc>Logs the given message with the given level.</doc>
<status status="PASS" start="2024-06-07T09:15:59.359544" elapsed="0.000367"/>
</kw>
<status status="PASS" start="2024-06-07T09:15:59.284359" elapsed="0.075812"/>
</kw>
<kw name="Teste de Tipos de Dados - Postcode" owner="random-user-service">
<kw name="GET On Session" owner="RequestsLibrary">
<msg time="2024-06-07T09:15:59.458839" level="INFO">GET Request : url=https://randomuser.me/api 
 path_url=/api 
 headers={'User-Agent': 'python-requests/2.32.3', 'Accept-Encoding': 'gzip, deflate', 'Accept': '*/*', 'Connection': 'keep-alive'} 
 body=None 
 </msg>
<msg time="2024-06-07T09:15:59.458954" level="INFO">GET Response : url=https://randomuser.me/api 
 status=200, reason=OK 
 headers={'Date': 'Fri, 07 Jun 2024 09:15:59 GMT', 'Content-Type': 'application/json; charset=utf-8', 'Transfer-Encoding': 'chunked', 'Connection': 'keep-alive', 'X-Powered-By': 'Express', 'Access-Control-Allow-Origin': '*', 'Cache-Control': 'no-cache', 'ETag': 'W/"47a-4ZeX8nJekaxhm5W9eUUZQj42FPg"', 'Vary': 'Accept-Encoding', 'Content-Encoding': 'gzip', 'CF-Cache-Status': 'DYNAMIC', 'Report-To': '{"endpoints":[{"url":"https:\\/\\/a.nel.cloudflare.com\\/report\\/v4?s=50aG5aTcI%2FW%2Fs8MNy9OX1UUCRI%2FQ%2FzYAmmlpPUXP4ZlKq4%2Bu%2FaaDqJG7Y4sd0wlruQzj0z8tS3f8R54PcEZpcDhzEidFiMBOw3yVuU5rHLBbDTI1OK%2B%2Fvenc23AYh5hg"}],"group":"cf-nel","max_age":604800}', 'NEL': '{"success_fraction":0,"report_to":"cf-nel","max_age":604800}', 'Server': 'cloudflare', 'CF-RAY': '88ff8a7009ad61fd-ORD', 'alt-svc': 'h3=":443"; ma=86400'} 
 body={"results":[{"gender":"male","name":{"title":"Mr","first":"Juan","last":"Hernández"},"location":{"street":{"number":2740,"name":"Calle del Prado"},"city":"Alicante","state":"Castilla la Mancha","country":"Spain","postcode":34332,"coordinates":{"latitude":"-31.8308","longitude":"-47.1785"},"timezone":{"offset":"+4:30","description":"Kabul"}},"email":"juan.hernandez@example.com","login":{"uuid":"a6a4d044-c10b-4f15-a6ce-cf82cb3abfba","username":"silvertiger810","password":"gasman","salt":"VgaS8fv4","md5":"d92b83c75a5b7b6d577cc6bdd0fe8a1f","sha1":"5a2d9890bedb2380d967850baafc681a8ab494c5","sha256":"dcaac6b24bd8052ee919d8df7df1c654a025ce652d0e9d65369bb48c9412182d"},"dob":{"date":"2000-12-25T01:54:23.447Z","age":23},"registered":{"date":"2013-04-08T22:51:17.761Z","age":11},"phone":"977-267-976","cell":"665-291-734","id":{"name":"DNI","value":"48533938-A"},"picture":{"large":"https://randomuser.me/api/portraits/men/18.jpg","medium":"https://randomuser.me/api/portraits/med/men/18.jpg","thumbnail":"https://randomuser.me/api/portraits/thumb/men/18.jpg"},"nat":"ES"}],"info":{"seed":"f1e1da1e07d760b3","results":1,"page":1,"version":"1.4"}} 
 </msg>
<msg time="2024-06-07T09:15:59.459055" level="INFO">/opt/hostedtoolcache/Python/3.12.3/x64/lib/python3.12/site-packages/urllib3/connectionpool.py:1103: InsecureRequestWarning: Unverified HTTPS request is being made to host 'randomuser.me'. Adding certificate verification is strongly advised. See: https://urllib3.readthedocs.io/en/latest/advanced-usage.html#tls-warnings
  warnings.warn(</msg>
<msg time="2024-06-07T09:15:59.459191" level="INFO">${response} = &lt;Response [200]&gt;</msg>
<var>${response}</var>
<arg>consultarAPI</arg>
<arg>/api</arg>
<doc>Sends a GET request on a previously created HTTP Session.</doc>
<status status="PASS" start="2024-06-07T09:15:59.360639" elapsed="0.098592"/>
</kw>
<kw name="Set Variable" owner="BuiltIn">
<msg time="2024-06-07T09:15:59.460478" level="INFO">${json_data} = {'results': [{'gender': 'male', 'name': {'title': 'Mr', 'first': 'Juan', 'last': 'Hernández'}, 'location': {'street': {'number': 2740, 'name': 'Calle del Prado'}, 'city': 'Alicante', 'state': 'Castill...</msg>
<var>${json_data}</var>
<arg>${response.json()}</arg>
<doc>Returns the given values which can then be assigned to a variables.</doc>
<status status="PASS" start="2024-06-07T09:15:59.459900" elapsed="0.000608"/>
</kw>
<kw name="Log" owner="BuiltIn">
<msg time="2024-06-07T09:15:59.460998" level="INFO">{'results': [{'gender': 'male', 'name': {'title': 'Mr', 'first': 'Juan', 'last': 'Hernández'}, 'location': {'street': {'number': 2740, 'name': 'Calle del Prado'}, 'city': 'Alicante', 'state': 'Castilla la Mancha', 'country': 'Spain', 'postcode': 34332, 'coordinates': {'latitude': '-31.8308', 'longitude': '-47.1785'}, 'timezone': {'offset': '+4:30', 'description': 'Kabul'}}, 'email': 'juan.hernandez@example.com', 'login': {'uuid': 'a6a4d044-c10b-4f15-a6ce-cf82cb3abfba', 'username': 'silvertiger810', 'password': 'gasman', 'salt': 'VgaS8fv4', 'md5': 'd92b83c75a5b7b6d577cc6bdd0fe8a1f', 'sha1': '5a2d9890bedb2380d967850baafc681a8ab494c5', 'sha256': 'dcaac6b24bd8052ee919d8df7df1c654a025ce652d0e9d65369bb48c9412182d'}, 'dob': {'date': '2000-12-25T01:54:23.447Z', 'age': 23}, 'registered': {'date': '2013-04-08T22:51:17.761Z', 'age': 11}, 'phone': '977-267-976', 'cell': '665-291-734', 'id': {'name': 'DNI', 'value': '48533938-A'}, 'picture': {'large': 'https://randomuser.me/api/portraits/men/18.jpg', 'medium': 'https://randomuser.me/api/portraits/med/men/18.jpg', 'thumbnail': 'https://randomuser.me/api/portraits/thumb/men/18.jpg'}, 'nat': 'ES'}], 'info': {'seed': 'f1e1da1e07d760b3', 'results': 1, 'page': 1, 'version': '1.4'}}</msg>
<arg>${json_data}</arg>
<doc>Logs the given message with the given level.</doc>
<status status="PASS" start="2024-06-07T09:15:59.460834" elapsed="0.000254"/>
</kw>
<kw name="Should Be Equal As Numbers" owner="BuiltIn">
<arg>${json_data['results'][0]['location']['postcode']}</arg>
<arg>${json_data['results'][0]['location']['postcode']}</arg>
<doc>Fails if objects are unequal after converting them to real numbers.</doc>
<status status="PASS" start="2024-06-07T09:15:59.461396" elapsed="0.000641"/>
</kw>
<kw name="Log" owner="BuiltIn">
<msg time="2024-06-07T09:15:59.462568" level="INFO">34332</msg>
<arg>${json_data['results'][0]['location']['postcode']}</arg>
<doc>Logs the given message with the given level.</doc>
<status status="PASS" start="2024-06-07T09:15:59.462232" elapsed="0.000377"/>
</kw>
<status status="PASS" start="2024-06-07T09:15:59.360401" elapsed="0.102470"/>
</kw>
<doc>Testa se os tipos de dados na resposta da API estão corretos.</doc>
<tag>testeTiposDados</tag>
<status status="PASS" start="2024-06-07T09:15:59.283880" elapsed="0.179198"/>
</test>
<test id="s1-s1-t5" name="Validar conteudo" line="35">
<kw name="Teste de Tipos de Conteudo" owner="random-user-service">
<kw name="GET On Session" owner="RequestsLibrary">
<msg time="2024-06-07T09:15:59.565276" level="INFO">GET Request : url=https://randomuser.me/api 
 path_url=/api 
 headers={'User-Agent': 'python-requests/2.32.3', 'Accept-Encoding': 'gzip, deflate', 'Accept': '*/*', 'Connection': 'keep-alive'} 
 body=None 
 </msg>
<msg time="2024-06-07T09:15:59.565378" level="INFO">GET Response : url=https://randomuser.me/api 
 status=200, reason=OK 
 headers={'Date': 'Fri, 07 Jun 2024 09:15:59 GMT', 'Content-Type': 'application/json; charset=utf-8', 'Transfer-Encoding': 'chunked', 'Connection': 'keep-alive', 'X-Powered-By': 'Express', 'Access-Control-Allow-Origin': '*', 'Cache-Control': 'no-cache', 'ETag': 'W/"47a-zfghXO5PN0kZOac067JVgDo+Dmo"', 'Vary': 'Accept-Encoding', 'Content-Encoding': 'gzip', 'CF-Cache-Status': 'DYNAMIC', 'Report-To': '{"endpoints":[{"url":"https:\\/\\/a.nel.cloudflare.com\\/report\\/v4?s=St5NUMJwH0DwRyCq%2BzFBn8PwGRT8rmap2jZM6PBOPHJ0ZJ4gXQVfhZqJhSxII8I8rjAlYYSCJjYdgmgCojb%2FYNi%2BIdtJPG6Q3fOcLbnFuDAoS66bzKAk6Alg%2FXrXYjtG"}],"group":"cf-nel","max_age":604800}', 'NEL': '{"success_fraction":0,"report_to":"cf-nel","max_age":604800}', 'Server': 'cloudflare', 'CF-RAY': '88ff8a70aa1a61fd-ORD', 'alt-svc': 'h3=":443"; ma=86400'} 
 body={"results":[{"gender":"female","name":{"title":"Mrs","first":"Alison","last":"Horton"},"location":{"street":{"number":610,"name":"George Street"},"city":"Ely","state":"Kent","country":"United Kingdom","postcode":"KK88 4QP","coordinates":{"latitude":"-10.3452","longitude":"40.0104"},"timezone":{"offset":"+3:30","description":"Tehran"}},"email":"alison.horton@example.com","login":{"uuid":"06a90358-5452-4a7e-bbcf-04cf42a3f3f7","username":"whitebear377","password":"ringo","salt":"tujOB7BT","md5":"726c68afd9503785de9246327d5d5855","sha1":"98e1759e0a1f275126146bd3aa5cea457e5309aa","sha256":"b2191abf6cbfe893ed4a5e4a3e6b0c652183b2ae7fbf42634d21f0a19e8ad04d"},"dob":{"date":"1989-11-21T01:51:14.631Z","age":34},"registered":{"date":"2021-10-19T22:25:01.112Z","age":2},"phone":"017683 01697","cell":"07248 923830","id":{"name":"NINO","value":"WA 91 35 94 Z"},"picture":{"large":"https://randomuser.me/api/portraits/women/24.jpg","medium":"https://randomuser.me/api/portraits/med/women/24.jpg","thumbnail":"https://randomuser.me/api/portraits/thumb/women/24.jpg"},"nat":"GB"}],"info":{"seed":"b483a0149f8d37f2","results":1,"page":1,"version":"1.4"}} 
 </msg>
<msg time="2024-06-07T09:15:59.565447" level="INFO">/opt/hostedtoolcache/Python/3.12.3/x64/lib/python3.12/site-packages/urllib3/connectionpool.py:1103: InsecureRequestWarning: Unverified HTTPS request is being made to host 'randomuser.me'. Adding certificate verification is strongly advised. See: https://urllib3.readthedocs.io/en/latest/advanced-usage.html#tls-warnings
  warnings.warn(</msg>
<msg time="2024-06-07T09:15:59.565573" level="INFO">${response} = &lt;Response [200]&gt;</msg>
<var>${response}</var>
<arg>consultarAPI</arg>
<arg>/api</arg>
<doc>Sends a GET request on a previously created HTTP Session.</doc>
<status status="PASS" start="2024-06-07T09:15:59.465967" elapsed="0.099646"/>
</kw>
<kw name="Set Variable" owner="BuiltIn">
<msg time="2024-06-07T09:15:59.566822" level="INFO">${json_data} = {'results': [{'gender': 'female', 'name': {'title': 'Mrs', 'first': 'Alison', 'last': 'Horton'}, 'location': {'street': {'number': 610, 'name': 'George Street'}, 'city': 'Ely', 'state': 'Kent', 'count...</msg>
<var>${json_data}</var>
<arg>${response.json()}</arg>
<doc>Returns the given values which can then be assigned to a variables.</doc>
<status status="PASS" start="2024-06-07T09:15:59.566250" elapsed="0.000601"/>
</kw>
<kw name="Set Variable" owner="BuiltIn">
<msg time="2024-06-07T09:15:59.567618" level="INFO">${name_title} = Mrs</msg>
<var>${name_title}</var>
<arg>${json_data["results"][0]["name"]["title"]}</arg>
<doc>Returns the given values which can then be assigned to a variables.</doc>
<status status="PASS" start="2024-06-07T09:15:59.567226" elapsed="0.000417"/>
</kw>
<kw name="Create List" owner="BuiltIn">
<msg time="2024-06-07T09:15:59.568101" level="INFO">${allowed_titles} = ['Mr', 'Ms', 'Miss', 'Mrs', 'Madame', 'Monsieur']</msg>
<var>${allowed_titles}</var>
<arg>Mr</arg>
<arg>Ms</arg>
<arg>Miss</arg>
<arg>Mrs</arg>
<arg>Madame</arg>
<arg>Monsieur</arg>
<doc>Returns a list containing given items.</doc>
<status status="PASS" start="2024-06-07T09:15:59.567951" elapsed="0.000174"/>
</kw>
<kw name="List Should Contain Value" owner="Collections">
<msg time="2024-06-07T09:15:59.568600" level="INFO">False</msg>
<arg>${allowed_titles}</arg>
<arg>${name_title}</arg>
<doc>Fails if the ``value`` is not found from ``list``.</doc>
<status status="PASS" start="2024-06-07T09:15:59.568428" elapsed="0.000209"/>
</kw>
<kw name="Set Variable" owner="BuiltIn">
<msg time="2024-06-07T09:15:59.569489" level="INFO">${name_country} = GB</msg>
<var>${name_country}</var>
<arg>${json_data["results"][0]["nat"]}</arg>
<doc>Returns the given values which can then be assigned to a variables.</doc>
<status status="PASS" start="2024-06-07T09:15:59.568928" elapsed="0.000587"/>
</kw>
<kw name="Create List" owner="BuiltIn">
<msg time="2024-06-07T09:15:59.570424" level="INFO">${list_country} = ['AD', 'AE', 'AF', 'AG', 'AI', 'AL', 'AM', 'AO', 'AQ', 'AR', 'AS', 'AT', 'AU', 'AW', 'AX', 'AZ', 'BA', 'BB', 'BD', 'BE', 'BF', 'BG', 'BH', 'BI', 'BJ', 'BL', 'BM', 'BN', 'BO', 'BQ', 'BR', 'BS', 'BT', '...</msg>
<var>${list_country}</var>
<arg>AD</arg>
<arg>AE</arg>
<arg>AF</arg>
<arg>AG</arg>
<arg>AI</arg>
<arg>AL</arg>
<arg>AM</arg>
<arg>AO</arg>
<arg>AQ</arg>
<arg>AR</arg>
<arg>AS</arg>
<arg>AT</arg>
<arg>AU</arg>
<arg>AW</arg>
<arg>AX</arg>
<arg>AZ</arg>
<arg>BA</arg>
<arg>BB</arg>
<arg>BD</arg>
<arg>BE</arg>
<arg>BF</arg>
<arg>BG</arg>
<arg>BH</arg>
<arg>BI</arg>
<arg>BJ</arg>
<arg>BL</arg>
<arg>BM</arg>
<arg>BN</arg>
<arg>BO</arg>
<arg>BQ</arg>
<arg>BR</arg>
<arg>BS</arg>
<arg>BT</arg>
<arg>BV</arg>
<arg>BW</arg>
<arg>BY</arg>
<arg>BZ</arg>
<arg>CA</arg>
<arg>CC</arg>
<arg>CD</arg>
<arg>CF</arg>
<arg>CG</arg>
<arg>CH</arg>
<arg>CI</arg>
<arg>CK</arg>
<arg>CL</arg>
<arg>CM</arg>
<arg>CN</arg>
<arg>CO</arg>
<arg>CR</arg>
<arg>CU</arg>
<arg>CV</arg>
<arg>CW</arg>
<arg>CX</arg>
<arg>CY</arg>
<arg>CZ</arg>
<arg>DE</arg>
<arg>DJ</arg>
<arg>DK</arg>
<arg>DM</arg>
<arg>DO</arg>
<arg>DZ</arg>
<arg>EC</arg>
<arg>EE</arg>
<arg>EG</arg>
<arg>EH</arg>
<arg>ER</arg>
<arg>ES</arg>
<arg>ET</arg>
<arg>FI</arg>
<arg>FJ</arg>
<arg>FK</arg>
<arg>FM</arg>
<arg>FO</arg>
<arg>FR</arg>
<arg>GA</arg>
<arg>GB</arg>
<arg>GD</arg>
<arg>GE</arg>
<arg>GF</arg>
<arg>GG</arg>
<arg>GH</arg>
<arg>GI</arg>
<arg>GL</arg>
<arg>GM</arg>
<arg>GN</arg>
<arg>GP</arg>
<arg>GQ</arg>
<arg>GR</arg>
<arg>GS</arg>
<arg>GT</arg>
<arg>GU</arg>
<arg>GW</arg>
<arg>GY</arg>
<arg>HK</arg>
<arg>HM</arg>
<arg>HN</arg>
<arg>HR</arg>
<arg>HT</arg>
<arg>HU</arg>
<arg>ID</arg>
<arg>IE</arg>
<arg>IL</arg>
<arg>IM</arg>
<arg>IN</arg>
<arg>IO</arg>
<arg>IQ</arg>
<arg>IR</arg>
<arg>IS</arg>
<arg>IT</arg>
<arg>JE</arg>
<arg>JM</arg>
<arg>JO</arg>
<arg>JP</arg>
<arg>KE</arg>
<arg>KG</arg>
<arg>KH</arg>
<arg>KI</arg>
<arg>KM</arg>
<arg>KN</arg>
<arg>KP</arg>
<arg>KR</arg>
<arg>KW</arg>
<arg>KY</arg>
<arg>KZ</arg>
<arg>LA</arg>
<arg>LB</arg>
<arg>LC</arg>
<arg>LI</arg>
<arg>LK</arg>
<arg>LR</arg>
<arg>LS</arg>
<arg>LT</arg>
<arg>LU</arg>
<arg>LV</arg>
<arg>LY</arg>
<arg>MA</arg>
<arg>MC</arg>
<arg>MD</arg>
<arg>ME</arg>
<arg>MF</arg>
<arg>MG</arg>
<arg>MH</arg>
<arg>MK</arg>
<arg>ML</arg>
<arg>MM</arg>
<arg>MN</arg>
<arg>MO</arg>
<arg>MP</arg>
<arg>MQ</arg>
<arg>MR</arg>
<arg>MS</arg>
<arg>MT</arg>
<arg>MU</arg>
<arg>MV</arg>
<arg>MW</arg>
<arg>MX</arg>
<arg>MY</arg>
<arg>MZ</arg>
<arg>NA</arg>
<arg>NC</arg>
<arg>NE</arg>
<arg>NF</arg>
<arg>NG</arg>
<arg>NI</arg>
<arg>NL</arg>
<arg>NO</arg>
<arg>NP</arg>
<arg>NR</arg>
<arg>NU</arg>
<arg>NZ</arg>
<arg>OM</arg>
<arg>PA</arg>
<arg>PE</arg>
<arg>PF</arg>
<arg>PG</arg>
<arg>PH</arg>
<arg>PK</arg>
<arg>PL</arg>
<arg>PM</arg>
<arg>PN</arg>
<arg>PR</arg>
<arg>PS</arg>
<arg>PT</arg>
<arg>PW</arg>
<arg>PY</arg>
<arg>QA</arg>
<arg>RE</arg>
<arg>RO</arg>
<arg>RS</arg>
<arg>RU</arg>
<arg>RW</arg>
<arg>SA</arg>
<arg>SB</arg>
<arg>SC</arg>
<arg>SD</arg>
<arg>SE</arg>
<arg>SG</arg>
<arg>SH</arg>
<arg>SI</arg>
<arg>SJ</arg>
<arg>SK</arg>
<arg>SL</arg>
<arg>SM</arg>
<arg>SN</arg>
<arg>SO</arg>
<arg>SR</arg>
<arg>SS</arg>
<arg>ST</arg>
<arg>SV</arg>
<arg>SX</arg>
<arg>SY</arg>
<arg>SZ</arg>
<arg>TC</arg>
<arg>TD</arg>
<arg>TF</arg>
<arg>TG</arg>
<arg>TH</arg>
<arg>TJ</arg>
<arg>TK</arg>
<arg>TL</arg>
<arg>TM</arg>
<arg>TN</arg>
<arg>TO</arg>
<arg>TR</arg>
<arg>TT</arg>
<arg>TV</arg>
<arg>TW</arg>
<arg>TZ</arg>
<arg>UA</arg>
<arg>UG</arg>
<arg>UM</arg>
<arg>US</arg>
<arg>UY</arg>
<arg>UZ</arg>
<arg>VA</arg>
<arg>VC</arg>
<arg>VE</arg>
<arg>VG</arg>
<arg>VI</arg>
<arg>VN</arg>
<arg>VU</arg>
<arg>WF</arg>
<arg>WS</arg>
<arg>XK</arg>
<arg>YE</arg>
<arg>YT</arg>
<arg>ZA</arg>
<arg>ZM</arg>
<arg>ZW</arg>
<doc>Returns a list containing given items.</doc>
<status status="PASS" start="2024-06-07T09:15:59.569821" elapsed="0.000628"/>
</kw>
<kw name="List Should Contain Value" owner="Collections">
<msg time="2024-06-07T09:15:59.571481" level="INFO">False</msg>
<arg>${list_country}</arg>
<arg>${name_country}</arg>
<doc>Fails if the ``value`` is not found from ``list``.</doc>
<status status="PASS" start="2024-06-07T09:15:59.571276" elapsed="0.000241"/>
</kw>
<kw name="Run Keyword If" owner="BuiltIn">
<kw name="Should Be True" owner="BuiltIn">
<arg>${True}</arg>
<doc>Fails if the given condition is not true.</doc>
<status status="PASS" start="2024-06-07T09:15:59.572598" elapsed="0.000146"/>
</kw>
<arg>${json_data["results"][0]["location"]["coordinates"]["latitude"]} &gt;= -90 and ${json_data["results"][0]["location"]["coordinates"]["latitude"]} &lt;= 90</arg>
<arg>Should Be True</arg>
<arg>${True}</arg>
<doc>Runs the given keyword with the given arguments, if ``condition`` is true.</doc>
<status status="PASS" start="2024-06-07T09:15:59.571838" elapsed="0.001033"/>
</kw>
<kw name="Run Keyword If" owner="BuiltIn">
<kw name="Should Be True" owner="BuiltIn">
<arg>${True}</arg>
<doc>Fails if the given condition is not true.</doc>
<status status="PASS" start="2024-06-07T09:15:59.573753" elapsed="0.000137"/>
</kw>
<arg>${json_data["results"][0]["location"]["coordinates"]["longitude"]} &gt;= -180 and ${json_data["results"][0]["location"]["coordinates"]["longitude"]} &lt;= 180</arg>
<arg>Should Be True</arg>
<arg>${True}</arg>
<doc>Runs the given keyword with the given arguments, if ``condition`` is true.</doc>
<status status="PASS" start="2024-06-07T09:15:59.573061" elapsed="0.000950"/>
</kw>
<status status="PASS" start="2024-06-07T09:15:59.465587" elapsed="0.108552"/>
</kw>
<doc>Testa o conteúdo específico dos campos retornados pela API.</doc>
<tag>testeConteudo</tag>
<status status="PASS" start="2024-06-07T09:15:59.464887" elapsed="0.109404"/>
</test>
<status status="PASS" start="2024-06-07T09:15:58.598754" elapsed="0.977495"/>
</suite>
<status status="PASS" start="2024-06-07T09:15:58.583867" elapsed="0.997609"/>
</suite>
<statistics>
<total>
<stat pass="5" fail="0" skip="0">All Tests</stat>
</total>
<tag>
<stat pass="1" fail="0" skip="0">testeConteudo</stat>
<stat pass="1" fail="0" skip="0">testeEstruturaResposta</stat>
<stat pass="1" fail="0" skip="0">testeRequisicaoBasica</stat>
<stat pass="1" fail="0" skip="0">testeTiposDados</stat>
</tag>
<suite>
<stat pass="5" fail="0" skip="0" id="s1" name="Tests">Tests</stat>
<stat pass="5" fail="0" skip="0" id="s1-s1" name="Random-User-Test">Tests.Random-User-Test</stat>
</suite>
</statistics>
<errors>
</errors>
</robot>
