<?xml version="1.0" encoding="UTF-8"?>
<robot generator="Robot 7.0 (Python 3.12.2 on linux)" generated="2024-03-28T04:15:24.985143" rpa="false" schemaversion="5">
<suite id="s1" name="Tests" source="/home/runner/work/DesafioQAItauRogerioJordao/DesafioQAItauRogerioJordao/RamdonUser/tests">
<suite id="s1-s1" name="Random-User-Test" source="/home/runner/work/DesafioQAItauRogerioJordao/DesafioQAItauRogerioJordao/RamdonUser/tests/random-user-test.robot">
<test id="s1-s1-t1" name="Conectar" line="13">
<kw name="Conectar API" owner="random-user-service">
<kw name="Create Session" owner="RequestsLibrary">
<msg time="2024-03-28T04:15:25.336547" level="INFO">Creating Session using : alias=consultarAPI, url=https://randomuser.me/, headers={},                     cookies={}, auth=None, timeout=None, proxies=None, verify=False,                     debug=0 </msg>
<arg>consultarAPI</arg>
<arg>${URL}</arg>
<doc>Create Session: create a HTTP session to a server</doc>
<status status="PASS" start="2024-03-28T04:15:25.336347" elapsed="0.000367"/>
</kw>
<status status="PASS" start="2024-03-28T04:15:25.335293" elapsed="0.001785"/>
</kw>
<status status="PASS" start="2024-03-28T04:15:25.334762" elapsed="0.002518"/>
</test>
<test id="s1-s1-t2" name="Validar retorno 200 e JSON Válido" line="16">
<kw name="Teste de Requisicao Basica" owner="random-user-service">
<kw name="GET On Session" owner="RequestsLibrary">
<msg time="2024-03-28T04:15:25.412178" level="INFO">GET Request : url=https://randomuser.me/api 
 path_url=/api 
 headers={'User-Agent': 'python-requests/2.31.0', 'Accept-Encoding': 'gzip, deflate', 'Accept': '*/*', 'Connection': 'keep-alive'} 
 body=None 
 </msg>
<msg time="2024-03-28T04:15:25.412324" level="INFO">GET Response : url=https://randomuser.me/api 
 status=200, reason=OK 
 headers={'Date': 'Thu, 28 Mar 2024 04:15:25 GMT', 'Content-Type': 'application/json; charset=utf-8', 'Transfer-Encoding': 'chunked', 'Connection': 'keep-alive', 'X-Powered-By': 'Express', 'Access-Control-Allow-Origin': '*', 'Cache-Control': 'no-cache', 'ETag': 'W/"47a-xhA6T10Itz7OOiIHZhrYKflt2Zs"', 'Vary': 'Accept-Encoding', 'Content-Encoding': 'gzip', 'CF-Cache-Status': 'DYNAMIC', 'Report-To': '{"endpoints":[{"url":"https:\\/\\/a.nel.cloudflare.com\\/report\\/v4?s=sAjjkp%2BVUkLaN13qVNKV9YFPUec0OaGKivz3Dwi4cNVCeuXHl2sp4P3jviGLhQ6XOD6Pakp5Qdb33JSEIEdThLBEyTpgfzFeyqiEsPBw%2Fpo3PSkXxKhjoHxJTrhPgUYb"}],"group":"cf-nel","max_age":604800}', 'NEL': '{"success_fraction":0,"report_to":"cf-nel","max_age":604800}', 'Server': 'cloudflare', 'CF-RAY': '86b4cc879abf3925-IAD', 'alt-svc': 'h3=":443"; ma=86400'} 
 body={"results":[{"gender":"female","name":{"title":"Mrs","first":"Trupti","last":"Kamath"},"location":{"street":{"number":2097,"name":"Tank Bund Rd"},"city":"Meerut","state":"Andhra Pradesh","country":"India","postcode":90869,"coordinates":{"latitude":"8.0501","longitude":"143.6739"},"timezone":{"offset":"-2:00","description":"Mid-Atlantic"}},"email":"trupti.kamath@example.com","login":{"uuid":"e6663f90-ea35-49f5-be9e-b2ae02b37209","username":"tinypanda243","password":"michaela","salt":"PmwL9tT5","md5":"3ab887987f5feab2b2108ac922d84c27","sha1":"0bddae75319d8d583b3e3b9648bedf5f937ba652","sha256":"fa02c0b556da4d2a75f6c25be0d2bc68d528d4adba8b7fddfad33db315db5d82"},"dob":{"date":"1981-10-09T19:48:17.058Z","age":42},"registered":{"date":"2020-04-08T04:29:50.543Z","age":3},"phone":"7724105602","cell":"7579137199","id":{"name":"UIDAI","value":"384213599899"},"picture":{"large":"https://randomuser.me/api/portraits/women/0.jpg","medium":"https://randomuser.me/api/portraits/med/women/0.jpg","thumbnail":"https://randomuser.me/api/portraits/thumb/women/0.jpg"},"nat":"IN"}],"info":{"seed":"1719e1dccadb4674","results":1,"page":1,"version":"1.4"}} 
 </msg>
<msg time="2024-03-28T04:15:25.412432" level="INFO">/opt/hostedtoolcache/Python/3.12.2/x64/lib/python3.12/site-packages/urllib3/connectionpool.py:1103: InsecureRequestWarning: Unverified HTTPS request is being made to host 'randomuser.me'. Adding certificate verification is strongly advised. See: https://urllib3.readthedocs.io/en/latest/advanced-usage.html#tls-warnings
  warnings.warn(</msg>
<msg time="2024-03-28T04:15:25.412591" level="INFO">${response} = &lt;Response [200]&gt;</msg>
<var>${response}</var>
<arg>consultarAPI</arg>
<arg>/api</arg>
<doc>Sends a GET request on a previously created HTTP Session.</doc>
<status status="PASS" start="2024-03-28T04:15:25.339858" elapsed="0.072775"/>
</kw>
<kw name="Should Be Equal As Numbers" owner="BuiltIn">
<msg time="2024-03-28T04:15:25.413623" level="INFO">Argument types are:
&lt;class 'int'&gt;
&lt;class 'str'&gt;</msg>
<arg>${response.status_code}</arg>
<arg>200</arg>
<doc>Fails if objects are unequal after converting them to real numbers.</doc>
<status status="PASS" start="2024-03-28T04:15:25.413161" elapsed="0.000528"/>
</kw>
<kw name="Log" owner="BuiltIn">
<msg time="2024-03-28T04:15:25.414371" level="INFO">200</msg>
<arg>${response.status_code}</arg>
<doc>Logs the given message with the given level.</doc>
<status status="PASS" start="2024-03-28T04:15:25.414007" elapsed="0.000407"/>
</kw>
<kw name="Set Variable" owner="BuiltIn">
<msg time="2024-03-28T04:15:25.415173" level="INFO">${json_data} = {'results': [{'gender': 'female', 'name': {'title': 'Mrs', 'first': 'Trupti', 'last': 'Kamath'}, 'location': {'street': {'number': 2097, 'name': 'Tank Bund Rd'}, 'city': 'Meerut', 'state': 'Andhra Pra...</msg>
<var>${json_data}</var>
<arg>${response.json()}</arg>
<doc>Returns the given values which can then be assigned to a variables.</doc>
<status status="PASS" start="2024-03-28T04:15:25.414742" elapsed="0.000459"/>
</kw>
<kw name="Dictionary Should Contain Key" owner="Collections">
<msg time="2024-03-28T04:15:25.415664" level="INFO">False</msg>
<arg>${json_data}</arg>
<arg>results</arg>
<doc>Fails if ``key`` is not found from ``dictionary``.</doc>
<status status="PASS" start="2024-03-28T04:15:25.415498" elapsed="0.000205"/>
</kw>
<status status="PASS" start="2024-03-28T04:15:25.339570" elapsed="0.076462"/>
</kw>
<doc>Testa se a API responde corretamente e retorna um objeto JSON válido.</doc>
<tag>testeRequisicaoBasica</tag>
<status status="PASS" start="2024-03-28T04:15:25.339103" elapsed="0.077113"/>
</test>
<test id="s1-s1-t3" name="Validar estrutura de resposta" line="22">
<kw name="Teste de Estrutura de Resposta" owner="random-user-service">
<kw name="GET On Session" owner="RequestsLibrary">
<msg time="2024-03-28T04:15:25.505231" level="INFO">GET Request : url=https://randomuser.me/api 
 path_url=/api 
 headers={'User-Agent': 'python-requests/2.31.0', 'Accept-Encoding': 'gzip, deflate', 'Accept': '*/*', 'Connection': 'keep-alive'} 
 body=None 
 </msg>
<msg time="2024-03-28T04:15:25.505325" level="INFO">GET Response : url=https://randomuser.me/api 
 status=200, reason=OK 
 headers={'Date': 'Thu, 28 Mar 2024 04:15:25 GMT', 'Content-Type': 'application/json; charset=utf-8', 'Transfer-Encoding': 'chunked', 'Connection': 'keep-alive', 'X-Powered-By': 'Express', 'Access-Control-Allow-Origin': '*', 'Cache-Control': 'no-cache', 'ETag': 'W/"49a-f4fETjJTugu11qafMc6nzaoPp+o"', 'Vary': 'Accept-Encoding', 'Content-Encoding': 'gzip', 'CF-Cache-Status': 'DYNAMIC', 'Report-To': '{"endpoints":[{"url":"https:\\/\\/a.nel.cloudflare.com\\/report\\/v4?s=mrv%2B3iBxLWKSgujB9o7nkOgKnC5rjopGfbnZNq56iiIJLavJQ%2FykkZ7YN9uZhA12qXyeXakIWAOB5wCwzZn6X7%2BGh2%2BHeVg0vWD3IlSMCY%2F4P93ZuCMQI0SCZVn1vunP"}],"group":"cf-nel","max_age":604800}', 'NEL': '{"success_fraction":0,"report_to":"cf-nel","max_age":604800}', 'Server': 'cloudflare', 'CF-RAY': '86b4cc87eb0e3925-IAD', 'alt-svc': 'h3=":443"; ma=86400'} 
 body={"results":[{"gender":"female","name":{"title":"Mrs","first":"Aida","last":"Portillo"},"location":{"street":{"number":799,"name":"Eje vial Sur Miramontes"},"city":"Villa Manuel","state":"Quintana Roo","country":"Mexico","postcode":12659,"coordinates":{"latitude":"23.5400","longitude":"28.1832"},"timezone":{"offset":"-12:00","description":"Eniwetok, Kwajalein"}},"email":"aida.portillo@example.com","login":{"uuid":"0ba01afb-01ed-41fa-8eeb-23523d314098","username":"reddog291","password":"tracker","salt":"f6Yf9Nc5","md5":"6d3d17a01bea4b28b20c39bafb85d9bb","sha1":"5664a18d90f4eb32ebd263ef471f0975e417bea5","sha256":"775bec04f6f50400d05846c1e38fdbc20d77e488112b07e49c27a8be4e13d9ea"},"dob":{"date":"1964-04-10T23:01:23.580Z","age":59},"registered":{"date":"2005-04-15T10:57:21.718Z","age":18},"phone":"(682) 020 5540","cell":"(631) 448 7222","id":{"name":"NSS","value":"43 17 58 6040 7"},"picture":{"large":"https://randomuser.me/api/portraits/women/22.jpg","medium":"https://randomuser.me/api/portraits/med/women/22.jpg","thumbnail":"https://randomuser.me/api/portraits/thumb/women/22.jpg"},"nat":"MX"}],"info":{"seed":"6684b222901844ca","results":1,"page":1,"version":"1.4"}} 
 </msg>
<msg time="2024-03-28T04:15:25.505456" level="INFO">/opt/hostedtoolcache/Python/3.12.2/x64/lib/python3.12/site-packages/urllib3/connectionpool.py:1103: InsecureRequestWarning: Unverified HTTPS request is being made to host 'randomuser.me'. Adding certificate verification is strongly advised. See: https://urllib3.readthedocs.io/en/latest/advanced-usage.html#tls-warnings
  warnings.warn(</msg>
<msg time="2024-03-28T04:15:25.505598" level="INFO">${response} = &lt;Response [200]&gt;</msg>
<var>${response}</var>
<arg>consultarAPI</arg>
<arg>/api</arg>
<doc>Sends a GET request on a previously created HTTP Session.</doc>
<status status="PASS" start="2024-03-28T04:15:25.418960" elapsed="0.086682"/>
</kw>
<kw name="Set Variable" owner="BuiltIn">
<msg time="2024-03-28T04:15:25.506630" level="INFO">${json_data} = {'results': [{'gender': 'female', 'name': {'title': 'Mrs', 'first': 'Aida', 'last': 'Portillo'}, 'location': {'street': {'number': 799, 'name': 'Eje vial Sur Miramontes'}, 'city': 'Villa Manuel', 'sta...</msg>
<var>${json_data}</var>
<arg>${response.json()}</arg>
<doc>Returns the given values which can then be assigned to a variables.</doc>
<status status="PASS" start="2024-03-28T04:15:25.506135" elapsed="0.000523"/>
</kw>
<kw name="Log" owner="BuiltIn">
<msg time="2024-03-28T04:15:25.507152" level="INFO">{'results': [{'gender': 'female', 'name': {'title': 'Mrs', 'first': 'Aida', 'last': 'Portillo'}, 'location': {'street': {'number': 799, 'name': 'Eje vial Sur Miramontes'}, 'city': 'Villa Manuel', 'state': 'Quintana Roo', 'country': 'Mexico', 'postcode': 12659, 'coordinates': {'latitude': '23.5400', 'longitude': '28.1832'}, 'timezone': {'offset': '-12:00', 'description': 'Eniwetok, Kwajalein'}}, 'email': 'aida.portillo@example.com', 'login': {'uuid': '0ba01afb-01ed-41fa-8eeb-23523d314098', 'username': 'reddog291', 'password': 'tracker', 'salt': 'f6Yf9Nc5', 'md5': '6d3d17a01bea4b28b20c39bafb85d9bb', 'sha1': '5664a18d90f4eb32ebd263ef471f0975e417bea5', 'sha256': '775bec04f6f50400d05846c1e38fdbc20d77e488112b07e49c27a8be4e13d9ea'}, 'dob': {'date': '1964-04-10T23:01:23.580Z', 'age': 59}, 'registered': {'date': '2005-04-15T10:57:21.718Z', 'age': 18}, 'phone': '(682) 020 5540', 'cell': '(631) 448 7222', 'id': {'name': 'NSS', 'value': '43 17 58 6040 7'}, 'picture': {'large': 'https://randomuser.me/api/portraits/women/22.jpg', 'medium': 'https://randomuser.me/api/portraits/med/women/22.jpg', 'thumbnail': 'https://randomuser.me/api/portraits/thumb/women/22.jpg'}, 'nat': 'MX'}], 'info': {'seed': '6684b222901844ca', 'results': 1, 'page': 1, 'version': '1.4'}}</msg>
<arg>${json_data}</arg>
<doc>Logs the given message with the given level.</doc>
<status status="PASS" start="2024-03-28T04:15:25.506992" elapsed="0.000206"/>
</kw>
<kw name="Dictionary Should Contain Key" owner="Collections">
<msg time="2024-03-28T04:15:25.507651" level="INFO">False</msg>
<arg>${json_data}</arg>
<arg>results</arg>
<doc>Fails if ``key`` is not found from ``dictionary``.</doc>
<status status="PASS" start="2024-03-28T04:15:25.507495" elapsed="0.000192"/>
</kw>
<kw name="Should Not Be Empty" owner="BuiltIn">
<msg time="2024-03-28T04:15:25.508149" level="INFO">Length is 2.</msg>
<arg>${json_data}</arg>
<doc>Verifies that the given item is not empty.</doc>
<status status="PASS" start="2024-03-28T04:15:25.508016" elapsed="0.000170"/>
</kw>
<kw name="Create List" owner="BuiltIn">
<msg time="2024-03-28T04:15:25.508619" level="INFO">${expected_keys} = ['gender', 'name', 'location', 'email', 'login']</msg>
<var>${expected_keys}</var>
<arg>gender</arg>
<arg>name</arg>
<arg>location</arg>
<arg>email</arg>
<arg>login</arg>
<doc>Returns a list containing given items.</doc>
<status status="PASS" start="2024-03-28T04:15:25.508473" elapsed="0.000170"/>
</kw>
<for flavor="IN">
<iter>
<kw name="Dictionary Should Contain Key" owner="Collections">
<msg time="2024-03-28T04:15:25.509633" level="INFO">False</msg>
<arg>${json_data['results'][0]}</arg>
<arg>${key}</arg>
<doc>Fails if ``key`` is not found from ``dictionary``.</doc>
<status status="PASS" start="2024-03-28T04:15:25.509224" elapsed="0.000448"/>
</kw>
<kw name="Log" owner="BuiltIn">
<msg time="2024-03-28T04:15:25.510341" level="INFO">{'gender': 'female', 'name': {'title': 'Mrs', 'first': 'Aida', 'last': 'Portillo'}, 'location': {'street': {'number': 799, 'name': 'Eje vial Sur Miramontes'}, 'city': 'Villa Manuel', 'state': 'Quintana Roo', 'country': 'Mexico', 'postcode': 12659, 'coordinates': {'latitude': '23.5400', 'longitude': '28.1832'}, 'timezone': {'offset': '-12:00', 'description': 'Eniwetok, Kwajalein'}}, 'email': 'aida.portillo@example.com', 'login': {'uuid': '0ba01afb-01ed-41fa-8eeb-23523d314098', 'username': 'reddog291', 'password': 'tracker', 'salt': 'f6Yf9Nc5', 'md5': '6d3d17a01bea4b28b20c39bafb85d9bb', 'sha1': '5664a18d90f4eb32ebd263ef471f0975e417bea5', 'sha256': '775bec04f6f50400d05846c1e38fdbc20d77e488112b07e49c27a8be4e13d9ea'}, 'dob': {'date': '1964-04-10T23:01:23.580Z', 'age': 59}, 'registered': {'date': '2005-04-15T10:57:21.718Z', 'age': 18}, 'phone': '(682) 020 5540', 'cell': '(631) 448 7222', 'id': {'name': 'NSS', 'value': '43 17 58 6040 7'}, 'picture': {'large': 'https://randomuser.me/api/portraits/women/22.jpg', 'medium': 'https://randomuser.me/api/portraits/med/women/22.jpg', 'thumbnail': 'https://randomuser.me/api/portraits/thumb/women/22.jpg'}, 'nat': 'MX'}</msg>
<arg>${json_data['results'][0]}</arg>
<doc>Logs the given message with the given level.</doc>
<status status="PASS" start="2024-03-28T04:15:25.509979" elapsed="0.000415"/>
</kw>
<kw name="Log" owner="BuiltIn">
<msg time="2024-03-28T04:15:25.510819" level="INFO">gender</msg>
<arg>${key}</arg>
<doc>Logs the given message with the given level.</doc>
<status status="PASS" start="2024-03-28T04:15:25.510691" elapsed="0.000166"/>
</kw>
<var name="${key}">gender</var>
<status status="PASS" start="2024-03-28T04:15:25.509100" elapsed="0.001978"/>
</iter>
<iter>
<kw name="Dictionary Should Contain Key" owner="Collections">
<msg time="2024-03-28T04:15:25.511797" level="INFO">False</msg>
<arg>${json_data['results'][0]}</arg>
<arg>${key}</arg>
<doc>Fails if ``key`` is not found from ``dictionary``.</doc>
<status status="PASS" start="2024-03-28T04:15:25.511379" elapsed="0.000458"/>
</kw>
<kw name="Log" owner="BuiltIn">
<msg time="2024-03-28T04:15:25.512524" level="INFO">{'gender': 'female', 'name': {'title': 'Mrs', 'first': 'Aida', 'last': 'Portillo'}, 'location': {'street': {'number': 799, 'name': 'Eje vial Sur Miramontes'}, 'city': 'Villa Manuel', 'state': 'Quintana Roo', 'country': 'Mexico', 'postcode': 12659, 'coordinates': {'latitude': '23.5400', 'longitude': '28.1832'}, 'timezone': {'offset': '-12:00', 'description': 'Eniwetok, Kwajalein'}}, 'email': 'aida.portillo@example.com', 'login': {'uuid': '0ba01afb-01ed-41fa-8eeb-23523d314098', 'username': 'reddog291', 'password': 'tracker', 'salt': 'f6Yf9Nc5', 'md5': '6d3d17a01bea4b28b20c39bafb85d9bb', 'sha1': '5664a18d90f4eb32ebd263ef471f0975e417bea5', 'sha256': '775bec04f6f50400d05846c1e38fdbc20d77e488112b07e49c27a8be4e13d9ea'}, 'dob': {'date': '1964-04-10T23:01:23.580Z', 'age': 59}, 'registered': {'date': '2005-04-15T10:57:21.718Z', 'age': 18}, 'phone': '(682) 020 5540', 'cell': '(631) 448 7222', 'id': {'name': 'NSS', 'value': '43 17 58 6040 7'}, 'picture': {'large': 'https://randomuser.me/api/portraits/women/22.jpg', 'medium': 'https://randomuser.me/api/portraits/med/women/22.jpg', 'thumbnail': 'https://randomuser.me/api/portraits/thumb/women/22.jpg'}, 'nat': 'MX'}</msg>
<arg>${json_data['results'][0]}</arg>
<doc>Logs the given message with the given level.</doc>
<status status="PASS" start="2024-03-28T04:15:25.512168" elapsed="0.000403"/>
</kw>
<kw name="Log" owner="BuiltIn">
<msg time="2024-03-28T04:15:25.512996" level="INFO">name</msg>
<arg>${key}</arg>
<doc>Logs the given message with the given level.</doc>
<status status="PASS" start="2024-03-28T04:15:25.512869" elapsed="0.000165"/>
</kw>
<var name="${key}">name</var>
<status status="PASS" start="2024-03-28T04:15:25.511264" elapsed="0.001985"/>
</iter>
<iter>
<kw name="Dictionary Should Contain Key" owner="Collections">
<msg time="2024-03-28T04:15:25.514092" level="INFO">False</msg>
<arg>${json_data['results'][0]}</arg>
<arg>${key}</arg>
<doc>Fails if ``key`` is not found from ``dictionary``.</doc>
<status status="PASS" start="2024-03-28T04:15:25.513538" elapsed="0.000613"/>
</kw>
<kw name="Log" owner="BuiltIn">
<msg time="2024-03-28T04:15:25.514964" level="INFO">{'gender': 'female', 'name': {'title': 'Mrs', 'first': 'Aida', 'last': 'Portillo'}, 'location': {'street': {'number': 799, 'name': 'Eje vial Sur Miramontes'}, 'city': 'Villa Manuel', 'state': 'Quintana Roo', 'country': 'Mexico', 'postcode': 12659, 'coordinates': {'latitude': '23.5400', 'longitude': '28.1832'}, 'timezone': {'offset': '-12:00', 'description': 'Eniwetok, Kwajalein'}}, 'email': 'aida.portillo@example.com', 'login': {'uuid': '0ba01afb-01ed-41fa-8eeb-23523d314098', 'username': 'reddog291', 'password': 'tracker', 'salt': 'f6Yf9Nc5', 'md5': '6d3d17a01bea4b28b20c39bafb85d9bb', 'sha1': '5664a18d90f4eb32ebd263ef471f0975e417bea5', 'sha256': '775bec04f6f50400d05846c1e38fdbc20d77e488112b07e49c27a8be4e13d9ea'}, 'dob': {'date': '1964-04-10T23:01:23.580Z', 'age': 59}, 'registered': {'date': '2005-04-15T10:57:21.718Z', 'age': 18}, 'phone': '(682) 020 5540', 'cell': '(631) 448 7222', 'id': {'name': 'NSS', 'value': '43 17 58 6040 7'}, 'picture': {'large': 'https://randomuser.me/api/portraits/women/22.jpg', 'medium': 'https://randomuser.me/api/portraits/med/women/22.jpg', 'thumbnail': 'https://randomuser.me/api/portraits/thumb/women/22.jpg'}, 'nat': 'MX'}</msg>
<arg>${json_data['results'][0]}</arg>
<doc>Logs the given message with the given level.</doc>
<status status="PASS" start="2024-03-28T04:15:25.514565" elapsed="0.000452"/>
</kw>
<kw name="Log" owner="BuiltIn">
<msg time="2024-03-28T04:15:25.515436" level="INFO">location</msg>
<arg>${key}</arg>
<doc>Logs the given message with the given level.</doc>
<status status="PASS" start="2024-03-28T04:15:25.515311" elapsed="0.000164"/>
</kw>
<var name="${key}">location</var>
<status status="PASS" start="2024-03-28T04:15:25.513428" elapsed="0.002260"/>
</iter>
<iter>
<kw name="Dictionary Should Contain Key" owner="Collections">
<msg time="2024-03-28T04:15:25.516385" level="INFO">False</msg>
<arg>${json_data['results'][0]}</arg>
<arg>${key}</arg>
<doc>Fails if ``key`` is not found from ``dictionary``.</doc>
<status status="PASS" start="2024-03-28T04:15:25.516009" elapsed="0.000413"/>
</kw>
<kw name="Log" owner="BuiltIn">
<msg time="2024-03-28T04:15:25.517076" level="INFO">{'gender': 'female', 'name': {'title': 'Mrs', 'first': 'Aida', 'last': 'Portillo'}, 'location': {'street': {'number': 799, 'name': 'Eje vial Sur Miramontes'}, 'city': 'Villa Manuel', 'state': 'Quintana Roo', 'country': 'Mexico', 'postcode': 12659, 'coordinates': {'latitude': '23.5400', 'longitude': '28.1832'}, 'timezone': {'offset': '-12:00', 'description': 'Eniwetok, Kwajalein'}}, 'email': 'aida.portillo@example.com', 'login': {'uuid': '0ba01afb-01ed-41fa-8eeb-23523d314098', 'username': 'reddog291', 'password': 'tracker', 'salt': 'f6Yf9Nc5', 'md5': '6d3d17a01bea4b28b20c39bafb85d9bb', 'sha1': '5664a18d90f4eb32ebd263ef471f0975e417bea5', 'sha256': '775bec04f6f50400d05846c1e38fdbc20d77e488112b07e49c27a8be4e13d9ea'}, 'dob': {'date': '1964-04-10T23:01:23.580Z', 'age': 59}, 'registered': {'date': '2005-04-15T10:57:21.718Z', 'age': 18}, 'phone': '(682) 020 5540', 'cell': '(631) 448 7222', 'id': {'name': 'NSS', 'value': '43 17 58 6040 7'}, 'picture': {'large': 'https://randomuser.me/api/portraits/women/22.jpg', 'medium': 'https://randomuser.me/api/portraits/med/women/22.jpg', 'thumbnail': 'https://randomuser.me/api/portraits/thumb/women/22.jpg'}, 'nat': 'MX'}</msg>
<arg>${json_data['results'][0]}</arg>
<doc>Logs the given message with the given level.</doc>
<status status="PASS" start="2024-03-28T04:15:25.516719" elapsed="0.000404"/>
</kw>
<kw name="Log" owner="BuiltIn">
<msg time="2024-03-28T04:15:25.517547" level="INFO">email</msg>
<arg>${key}</arg>
<doc>Logs the given message with the given level.</doc>
<status status="PASS" start="2024-03-28T04:15:25.517418" elapsed="0.000166"/>
</kw>
<var name="${key}">email</var>
<status status="PASS" start="2024-03-28T04:15:25.515896" elapsed="0.001899"/>
</iter>
<iter>
<kw name="Dictionary Should Contain Key" owner="Collections">
<msg time="2024-03-28T04:15:25.518471" level="INFO">False</msg>
<arg>${json_data['results'][0]}</arg>
<arg>${key}</arg>
<doc>Fails if ``key`` is not found from ``dictionary``.</doc>
<status status="PASS" start="2024-03-28T04:15:25.518091" elapsed="0.000417"/>
</kw>
<kw name="Log" owner="BuiltIn">
<msg time="2024-03-28T04:15:25.519156" level="INFO">{'gender': 'female', 'name': {'title': 'Mrs', 'first': 'Aida', 'last': 'Portillo'}, 'location': {'street': {'number': 799, 'name': 'Eje vial Sur Miramontes'}, 'city': 'Villa Manuel', 'state': 'Quintana Roo', 'country': 'Mexico', 'postcode': 12659, 'coordinates': {'latitude': '23.5400', 'longitude': '28.1832'}, 'timezone': {'offset': '-12:00', 'description': 'Eniwetok, Kwajalein'}}, 'email': 'aida.portillo@example.com', 'login': {'uuid': '0ba01afb-01ed-41fa-8eeb-23523d314098', 'username': 'reddog291', 'password': 'tracker', 'salt': 'f6Yf9Nc5', 'md5': '6d3d17a01bea4b28b20c39bafb85d9bb', 'sha1': '5664a18d90f4eb32ebd263ef471f0975e417bea5', 'sha256': '775bec04f6f50400d05846c1e38fdbc20d77e488112b07e49c27a8be4e13d9ea'}, 'dob': {'date': '1964-04-10T23:01:23.580Z', 'age': 59}, 'registered': {'date': '2005-04-15T10:57:21.718Z', 'age': 18}, 'phone': '(682) 020 5540', 'cell': '(631) 448 7222', 'id': {'name': 'NSS', 'value': '43 17 58 6040 7'}, 'picture': {'large': 'https://randomuser.me/api/portraits/women/22.jpg', 'medium': 'https://randomuser.me/api/portraits/med/women/22.jpg', 'thumbnail': 'https://randomuser.me/api/portraits/thumb/women/22.jpg'}, 'nat': 'MX'}</msg>
<arg>${json_data['results'][0]}</arg>
<doc>Logs the given message with the given level.</doc>
<status status="PASS" start="2024-03-28T04:15:25.518799" elapsed="0.000403"/>
</kw>
<kw name="Log" owner="BuiltIn">
<msg time="2024-03-28T04:15:25.519619" level="INFO">login</msg>
<arg>${key}</arg>
<doc>Logs the given message with the given level.</doc>
<status status="PASS" start="2024-03-28T04:15:25.519493" elapsed="0.000303"/>
</kw>
<var name="${key}">login</var>
<status status="PASS" start="2024-03-28T04:15:25.517975" elapsed="0.002080"/>
</iter>
<var>${key}</var>
<value>@{expected_keys}</value>
<status status="PASS" start="2024-03-28T04:15:25.508900" elapsed="0.011279"/>
</for>
<kw name="Create List" owner="BuiltIn">
<msg time="2024-03-28T04:15:25.520511" level="INFO">${expected_keysTwo} = ['username', 'password']</msg>
<var>${expected_keysTwo}</var>
<arg>username</arg>
<arg>password</arg>
<doc>Returns a list containing given items.</doc>
<status status="PASS" start="2024-03-28T04:15:25.520372" elapsed="0.000162"/>
</kw>
<for flavor="IN">
<iter>
<kw name="Dictionary Should Contain Key" owner="Collections">
<msg time="2024-03-28T04:15:25.521413" level="INFO">False</msg>
<arg>${json_data['results'][0]['login']}</arg>
<arg>${keyTwo}</arg>
<doc>Fails if ``key`` is not found from ``dictionary``.</doc>
<status status="PASS" start="2024-03-28T04:15:25.521033" elapsed="0.000417"/>
</kw>
<kw name="Dictionary Should Contain Key" owner="Collections">
<msg time="2024-03-28T04:15:25.522112" level="INFO">False</msg>
<arg>${json_data['results'][0]['login']}</arg>
<arg>${keyTwo}</arg>
<doc>Fails if ``key`` is not found from ``dictionary``.</doc>
<status status="PASS" start="2024-03-28T04:15:25.521741" elapsed="0.000408"/>
</kw>
<kw name="Log" owner="BuiltIn">
<msg time="2024-03-28T04:15:25.522565" level="INFO">username</msg>
<arg>${keyTwo}</arg>
<doc>Logs the given message with the given level.</doc>
<status status="PASS" start="2024-03-28T04:15:25.522438" elapsed="0.000164"/>
</kw>
<var name="${keyTwo}">username</var>
<status status="PASS" start="2024-03-28T04:15:25.520923" elapsed="0.001890"/>
</iter>
<iter>
<kw name="Dictionary Should Contain Key" owner="Collections">
<msg time="2024-03-28T04:15:25.523459" level="INFO">False</msg>
<arg>${json_data['results'][0]['login']}</arg>
<arg>${keyTwo}</arg>
<doc>Fails if ``key`` is not found from ``dictionary``.</doc>
<status status="PASS" start="2024-03-28T04:15:25.523091" elapsed="0.000405"/>
</kw>
<kw name="Dictionary Should Contain Key" owner="Collections">
<msg time="2024-03-28T04:15:25.524194" level="INFO">False</msg>
<arg>${json_data['results'][0]['login']}</arg>
<arg>${keyTwo}</arg>
<doc>Fails if ``key`` is not found from ``dictionary``.</doc>
<status status="PASS" start="2024-03-28T04:15:25.523818" elapsed="0.000413"/>
</kw>
<kw name="Log" owner="BuiltIn">
<msg time="2024-03-28T04:15:25.524658" level="INFO">password</msg>
<arg>${keyTwo}</arg>
<doc>Logs the given message with the given level.</doc>
<status status="PASS" start="2024-03-28T04:15:25.524531" elapsed="0.000164"/>
</kw>
<var name="${keyTwo}">password</var>
<status status="PASS" start="2024-03-28T04:15:25.522982" elapsed="0.001925"/>
</iter>
<var>${keyTwo}</var>
<value>@{expected_keysTwo}</value>
<status status="PASS" start="2024-03-28T04:15:25.520772" elapsed="0.004255"/>
</for>
<status status="PASS" start="2024-03-28T04:15:25.418726" elapsed="0.106441"/>
</kw>
<doc>Testa a estrutura da resposta da API.</doc>
<tag>testeEstruturaResposta</tag>
<status status="PASS" start="2024-03-28T04:15:25.418016" elapsed="0.107380"/>
</test>
<test id="s1-s1-t4" name="Validar tipos de dados" line="28">
<kw name="Teste de Tipos de Dados" owner="random-user-service">
<kw name="GET On Session" owner="RequestsLibrary">
<msg time="2024-03-28T04:15:25.611278" level="INFO">GET Request : url=https://randomuser.me/api 
 path_url=/api 
 headers={'User-Agent': 'python-requests/2.31.0', 'Accept-Encoding': 'gzip, deflate', 'Accept': '*/*', 'Connection': 'keep-alive'} 
 body=None 
 </msg>
<msg time="2024-03-28T04:15:25.611373" level="INFO">GET Response : url=https://randomuser.me/api 
 status=200, reason=OK 
 headers={'Date': 'Thu, 28 Mar 2024 04:15:25 GMT', 'Content-Type': 'application/json; charset=utf-8', 'Transfer-Encoding': 'chunked', 'Connection': 'keep-alive', 'X-Powered-By': 'Express', 'Access-Control-Allow-Origin': '*', 'Cache-Control': 'no-cache', 'ETag': 'W/"468-VQKjTjOdorrv4y1Je84hfOKyKSg"', 'Vary': 'Accept-Encoding', 'Content-Encoding': 'gzip', 'CF-Cache-Status': 'DYNAMIC', 'Report-To': '{"endpoints":[{"url":"https:\\/\\/a.nel.cloudflare.com\\/report\\/v4?s=5Mh95qvNdKBMHSJEhl3OojpEeMQZYz%2BvQ9ZuQJABCWUK9JQKf9gNEaztV3clfIRhyr7TVBI%2Bmkj64FiLUApYnfFXHRGfbSAGVhtItEjgTwqOsDjeIJWcpagTKf04I%2BL5"}],"group":"cf-nel","max_age":604800}', 'NEL': '{"success_fraction":0,"report_to":"cf-nel","max_age":604800}', 'Server': 'cloudflare', 'CF-RAY': '86b4cc889bce3925-IAD', 'alt-svc': 'h3=":443"; ma=86400'} 
 body={"results":[{"gender":"male","name":{"title":"Mr","first":"Dexter","last":"Hageland"},"location":{"street":{"number":2035,"name":"Munkegata"},"city":"Svarstad","state":"Trøndelag","country":"Norway","postcode":"4492","coordinates":{"latitude":"41.7003","longitude":"-22.2588"},"timezone":{"offset":"-10:00","description":"Hawaii"}},"email":"dexter.hageland@example.com","login":{"uuid":"34139cd6-f0d4-4a6f-9e37-05e7227d6a34","username":"brownkoala139","password":"thekid","salt":"0b1rOz8J","md5":"e2d1247a7a25dc4a1c7ac801d090c64f","sha1":"ebf4a48304acc114b1b72ad191f7da6f278ed426","sha256":"29c02b25c6855706f7fa8c1b3a099c395971249b40d476abc4e23baa0c65068f"},"dob":{"date":"1965-02-27T10:56:52.665Z","age":59},"registered":{"date":"2020-06-15T08:37:43.791Z","age":3},"phone":"31484622","cell":"44995516","id":{"name":"FN","value":"27026535943"},"picture":{"large":"https://randomuser.me/api/portraits/men/44.jpg","medium":"https://randomuser.me/api/portraits/med/men/44.jpg","thumbnail":"https://randomuser.me/api/portraits/thumb/men/44.jpg"},"nat":"NO"}],"info":{"seed":"8e62bdb744d20dae","results":1,"page":1,"version":"1.4"}} 
 </msg>
<msg time="2024-03-28T04:15:25.611443" level="INFO">/opt/hostedtoolcache/Python/3.12.2/x64/lib/python3.12/site-packages/urllib3/connectionpool.py:1103: InsecureRequestWarning: Unverified HTTPS request is being made to host 'randomuser.me'. Adding certificate verification is strongly advised. See: https://urllib3.readthedocs.io/en/latest/advanced-usage.html#tls-warnings
  warnings.warn(</msg>
<msg time="2024-03-28T04:15:25.611582" level="INFO">${response} = &lt;Response [200]&gt;</msg>
<var>${response}</var>
<arg>consultarAPI</arg>
<arg>/api</arg>
<doc>Sends a GET request on a previously created HTTP Session.</doc>
<status status="PASS" start="2024-03-28T04:15:25.528577" elapsed="0.083043"/>
</kw>
<kw name="Set Variable" owner="BuiltIn">
<msg time="2024-03-28T04:15:25.612648" level="INFO">${json_data} = {'results': [{'gender': 'male', 'name': {'title': 'Mr', 'first': 'Dexter', 'last': 'Hageland'}, 'location': {'street': {'number': 2035, 'name': 'Munkegata'}, 'city': 'Svarstad', 'state': 'Trøndelag', ...</msg>
<var>${json_data}</var>
<arg>${response.json()}</arg>
<doc>Returns the given values which can then be assigned to a variables.</doc>
<status status="PASS" start="2024-03-28T04:15:25.612135" elapsed="0.000542"/>
</kw>
<kw name="Log" owner="BuiltIn">
<msg time="2024-03-28T04:15:25.613155" level="INFO">{'results': [{'gender': 'male', 'name': {'title': 'Mr', 'first': 'Dexter', 'last': 'Hageland'}, 'location': {'street': {'number': 2035, 'name': 'Munkegata'}, 'city': 'Svarstad', 'state': 'Trøndelag', 'country': 'Norway', 'postcode': '4492', 'coordinates': {'latitude': '41.7003', 'longitude': '-22.2588'}, 'timezone': {'offset': '-10:00', 'description': 'Hawaii'}}, 'email': 'dexter.hageland@example.com', 'login': {'uuid': '34139cd6-f0d4-4a6f-9e37-05e7227d6a34', 'username': 'brownkoala139', 'password': 'thekid', 'salt': '0b1rOz8J', 'md5': 'e2d1247a7a25dc4a1c7ac801d090c64f', 'sha1': 'ebf4a48304acc114b1b72ad191f7da6f278ed426', 'sha256': '29c02b25c6855706f7fa8c1b3a099c395971249b40d476abc4e23baa0c65068f'}, 'dob': {'date': '1965-02-27T10:56:52.665Z', 'age': 59}, 'registered': {'date': '2020-06-15T08:37:43.791Z', 'age': 3}, 'phone': '31484622', 'cell': '44995516', 'id': {'name': 'FN', 'value': '27026535943'}, 'picture': {'large': 'https://randomuser.me/api/portraits/men/44.jpg', 'medium': 'https://randomuser.me/api/portraits/med/men/44.jpg', 'thumbnail': 'https://randomuser.me/api/portraits/thumb/men/44.jpg'}, 'nat': 'NO'}], 'info': {'seed': '8e62bdb744d20dae', 'results': 1, 'page': 1, 'version': '1.4'}}</msg>
<arg>${json_data}</arg>
<doc>Logs the given message with the given level.</doc>
<status status="PASS" start="2024-03-28T04:15:25.612991" elapsed="0.000249"/>
</kw>
<kw name="Should Be String" owner="String">
<arg>${json_data['results'][0]['gender']}</arg>
<doc>Fails if the given ``item`` is not a string.</doc>
<status status="PASS" start="2024-03-28T04:15:25.613543" elapsed="0.000365"/>
</kw>
<kw name="Should Match Regexp" owner="BuiltIn">
<arg>${json_data['results'][0]['email']}</arg>
<arg>^[a-zA-Z0-9._%+-]+@[a-zA-Z0-9.-]+\.[a-zA-Z]{2,}$</arg>
<doc>Fails if ``string`` does not match ``pattern`` as a regular expression.</doc>
<status status="PASS" start="2024-03-28T04:15:25.614102" elapsed="0.000517"/>
</kw>
<kw name="Should Match Regexp" owner="BuiltIn">
<arg>${json_data['results'][0]['dob']['date']}</arg>
<arg>\\d{4}-\\d{2}-\\d{2}T\\d{2}:\\d{2}:\\d{2}\\.\\d{3}Z</arg>
<doc>Fails if ``string`` does not match ``pattern`` as a regular expression.</doc>
<status status="PASS" start="2024-03-28T04:15:25.614816" elapsed="0.000496"/>
</kw>
<kw name="Should Match Regexp" owner="BuiltIn">
<arg>${json_data['results'][0]['registered']['date']}</arg>
<arg>\\d{4}-\\d{2}-\\d{2}T\\d{2}:\\d{2}:\\d{2}\\.\\d{3}Z</arg>
<doc>Fails if ``string`` does not match ``pattern`` as a regular expression.</doc>
<status status="PASS" start="2024-03-28T04:15:25.615504" elapsed="0.000403"/>
</kw>
<kw name="Should Match Regexp" owner="BuiltIn">
<arg>${json_data['results'][0]['picture']['large']}</arg>
<arg>^https?://.*\.(?:png|jpe?g|gif|bmp)$</arg>
<doc>Fails if ``string`` does not match ``pattern`` as a regular expression.</doc>
<status status="PASS" start="2024-03-28T04:15:25.616094" elapsed="0.000454"/>
</kw>
<kw name="Should Match Regexp" owner="BuiltIn">
<arg>${json_data['results'][0]['picture']['medium']}</arg>
<arg>^https?://.*\.(?:png|jpe?g|gif|bmp)$</arg>
<doc>Fails if ``string`` does not match ``pattern`` as a regular expression.</doc>
<status status="PASS" start="2024-03-28T04:15:25.616743" elapsed="0.000357"/>
</kw>
<kw name="Should Match Regexp" owner="BuiltIn">
<arg>${json_data['results'][0]['picture']['thumbnail']}</arg>
<arg>^https?://.*\.(?:png|jpe?g|gif|bmp)$</arg>
<doc>Fails if ``string`` does not match ``pattern`` as a regular expression.</doc>
<status status="PASS" start="2024-03-28T04:15:25.617286" elapsed="0.000350"/>
</kw>
<kw name="Log" owner="BuiltIn">
<msg time="2024-03-28T04:15:25.618136" level="INFO">{'large': 'https://randomuser.me/api/portraits/men/44.jpg', 'medium': 'https://randomuser.me/api/portraits/med/men/44.jpg', 'thumbnail': 'https://randomuser.me/api/portraits/thumb/men/44.jpg'}</msg>
<arg>${json_data['results'][0]['picture']}</arg>
<doc>Logs the given message with the given level.</doc>
<status status="PASS" start="2024-03-28T04:15:25.617817" elapsed="0.000365"/>
</kw>
<status status="PASS" start="2024-03-28T04:15:25.528339" elapsed="0.090112"/>
</kw>
<kw name="Teste de Tipos de Dados - Postcode" owner="random-user-service">
<kw name="GET On Session" owner="RequestsLibrary">
<msg time="2024-03-28T04:15:25.704765" level="INFO">GET Request : url=https://randomuser.me/api 
 path_url=/api 
 headers={'User-Agent': 'python-requests/2.31.0', 'Accept-Encoding': 'gzip, deflate', 'Accept': '*/*', 'Connection': 'keep-alive'} 
 body=None 
 </msg>
<msg time="2024-03-28T04:15:25.704866" level="INFO">GET Response : url=https://randomuser.me/api 
 status=200, reason=OK 
 headers={'Date': 'Thu, 28 Mar 2024 04:15:25 GMT', 'Content-Type': 'application/json; charset=utf-8', 'Transfer-Encoding': 'chunked', 'Connection': 'keep-alive', 'X-Powered-By': 'Express', 'Access-Control-Allow-Origin': '*', 'Cache-Control': 'no-cache', 'ETag': 'W/"494-zaNkm8dssTz+hni+shsT+fGh4Lw"', 'Vary': 'Accept-Encoding', 'Content-Encoding': 'gzip', 'CF-Cache-Status': 'DYNAMIC', 'Report-To': '{"endpoints":[{"url":"https:\\/\\/a.nel.cloudflare.com\\/report\\/v4?s=QginPqoLx7slJA8KrsMAgS01DzxV9Fflb7IfLEuxfD2eq%2F6DGgGyjdTlOd6d5FFqr3nOhRALYsU3DDHCufhzK7u%2BEs1ArkIoNXOqCMyOSVyhl6n7EPdZyFuRhJosIkeS"}],"group":"cf-nel","max_age":604800}', 'NEL': '{"success_fraction":0,"report_to":"cf-nel","max_age":604800}', 'Server': 'cloudflare', 'CF-RAY': '86b4cc892c4c3925-IAD', 'alt-svc': 'h3=":443"; ma=86400'} 
 body={"results":[{"gender":"female","name":{"title":"Miss","first":"Zoryana","last":"Lavreckiy"},"location":{"street":{"number":2303,"name":"Chernishova"},"city":"Novovolinsk","state":"Lvivska","country":"Ukraine","postcode":57588,"coordinates":{"latitude":"74.0632","longitude":"69.8200"},"timezone":{"offset":"+5:30","description":"Bombay, Calcutta, Madras, New Delhi"}},"email":"zoryana.lavreckiy@example.com","login":{"uuid":"571b3f98-8f53-48fb-84eb-b2a34761ee52","username":"sadpeacock232","password":"thumb","salt":"7woG9RWr","md5":"241b97945242af43de38ee33a0409e7e","sha1":"b046ffac50686e3a57325a53783b5fee6e5aac3a","sha256":"8c99ab1816e029e045b835871574e88778673a2b5dc6439c898b2c196889d126"},"dob":{"date":"1981-11-07T17:08:16.913Z","age":42},"registered":{"date":"2007-03-15T00:47:44.035Z","age":17},"phone":"(096) K19-9313","cell":"(097) J43-1127","id":{"name":"","value":null},"picture":{"large":"https://randomuser.me/api/portraits/women/25.jpg","medium":"https://randomuser.me/api/portraits/med/women/25.jpg","thumbnail":"https://randomuser.me/api/portraits/thumb/women/25.jpg"},"nat":"UA"}],"info":{"seed":"aa8b19c07d659e9b","results":1,"page":1,"version":"1.4"}} 
 </msg>
<msg time="2024-03-28T04:15:25.704959" level="INFO">/opt/hostedtoolcache/Python/3.12.2/x64/lib/python3.12/site-packages/urllib3/connectionpool.py:1103: InsecureRequestWarning: Unverified HTTPS request is being made to host 'randomuser.me'. Adding certificate verification is strongly advised. See: https://urllib3.readthedocs.io/en/latest/advanced-usage.html#tls-warnings
  warnings.warn(</msg>
<msg time="2024-03-28T04:15:25.705112" level="INFO">${response} = &lt;Response [200]&gt;</msg>
<var>${response}</var>
<arg>consultarAPI</arg>
<arg>/api</arg>
<doc>Sends a GET request on a previously created HTTP Session.</doc>
<status status="PASS" start="2024-03-28T04:15:25.619059" elapsed="0.086104"/>
</kw>
<kw name="Set Variable" owner="BuiltIn">
<msg time="2024-03-28T04:15:25.706144" level="INFO">${json_data} = {'results': [{'gender': 'female', 'name': {'title': 'Miss', 'first': 'Zoryana', 'last': 'Lavreckiy'}, 'location': {'street': {'number': 2303, 'name': 'Chernishova'}, 'city': 'Novovolinsk', 'state': 'L...</msg>
<var>${json_data}</var>
<arg>${response.json()}</arg>
<doc>Returns the given values which can then be assigned to a variables.</doc>
<status status="PASS" start="2024-03-28T04:15:25.705659" elapsed="0.000512"/>
</kw>
<kw name="Log" owner="BuiltIn">
<msg time="2024-03-28T04:15:25.706625" level="INFO">{'results': [{'gender': 'female', 'name': {'title': 'Miss', 'first': 'Zoryana', 'last': 'Lavreckiy'}, 'location': {'street': {'number': 2303, 'name': 'Chernishova'}, 'city': 'Novovolinsk', 'state': 'Lvivska', 'country': 'Ukraine', 'postcode': 57588, 'coordinates': {'latitude': '74.0632', 'longitude': '69.8200'}, 'timezone': {'offset': '+5:30', 'description': 'Bombay, Calcutta, Madras, New Delhi'}}, 'email': 'zoryana.lavreckiy@example.com', 'login': {'uuid': '571b3f98-8f53-48fb-84eb-b2a34761ee52', 'username': 'sadpeacock232', 'password': 'thumb', 'salt': '7woG9RWr', 'md5': '241b97945242af43de38ee33a0409e7e', 'sha1': 'b046ffac50686e3a57325a53783b5fee6e5aac3a', 'sha256': '8c99ab1816e029e045b835871574e88778673a2b5dc6439c898b2c196889d126'}, 'dob': {'date': '1981-11-07T17:08:16.913Z', 'age': 42}, 'registered': {'date': '2007-03-15T00:47:44.035Z', 'age': 17}, 'phone': '(096) K19-9313', 'cell': '(097) J43-1127', 'id': {'name': '', 'value': None}, 'picture': {'large': 'https://randomuser.me/api/portraits/women/25.jpg', 'medium': 'https://randomuser.me/api/portraits/med/women/25.jpg', 'thumbnail': 'https://randomuser.me/api/portraits/thumb/women/25.jpg'}, 'nat': 'UA'}], 'info': {'seed': 'aa8b19c07d659e9b', 'results': 1, 'page': 1, 'version': '1.4'}}</msg>
<arg>${json_data}</arg>
<doc>Logs the given message with the given level.</doc>
<status status="PASS" start="2024-03-28T04:15:25.706471" elapsed="0.000235"/>
</kw>
<kw name="Should Be Equal As Numbers" owner="BuiltIn">
<arg>${json_data['results'][0]['location']['postcode']}</arg>
<arg>${json_data['results'][0]['location']['postcode']}</arg>
<doc>Fails if objects are unequal after converting them to real numbers.</doc>
<status status="PASS" start="2024-03-28T04:15:25.707003" elapsed="0.000618"/>
</kw>
<kw name="Log" owner="BuiltIn">
<msg time="2024-03-28T04:15:25.708196" level="INFO">57588</msg>
<arg>${json_data['results'][0]['location']['postcode']}</arg>
<doc>Logs the given message with the given level.</doc>
<status status="PASS" start="2024-03-28T04:15:25.707856" elapsed="0.000381"/>
</kw>
<status status="PASS" start="2024-03-28T04:15:25.618682" elapsed="0.089809"/>
</kw>
<doc>Testa se os tipos de dados na resposta da API estão corretos.</doc>
<tag>testeTiposDados</tag>
<status status="PASS" start="2024-03-28T04:15:25.527815" elapsed="0.180843"/>
</test>
<test id="s1-s1-t5" name="Validar conteudo" line="35">
<kw name="Teste de Tipos de Conteudo" owner="random-user-service">
<kw name="GET On Session" owner="RequestsLibrary">
<msg time="2024-03-28T04:15:25.806477" level="INFO">GET Request : url=https://randomuser.me/api 
 path_url=/api 
 headers={'User-Agent': 'python-requests/2.31.0', 'Accept-Encoding': 'gzip, deflate', 'Accept': '*/*', 'Connection': 'keep-alive'} 
 body=None 
 </msg>
<msg time="2024-03-28T04:15:25.806583" level="INFO">GET Response : url=https://randomuser.me/api 
 status=200, reason=OK 
 headers={'Date': 'Thu, 28 Mar 2024 04:15:25 GMT', 'Content-Type': 'application/json; charset=utf-8', 'Transfer-Encoding': 'chunked', 'Connection': 'keep-alive', 'X-Powered-By': 'Express', 'Access-Control-Allow-Origin': '*', 'Cache-Control': 'no-cache', 'ETag': 'W/"488-QuyHP9vOPyvB/GgHhtFbqN3eqDM"', 'Vary': 'Accept-Encoding', 'Content-Encoding': 'gzip', 'CF-Cache-Status': 'DYNAMIC', 'Report-To': '{"endpoints":[{"url":"https:\\/\\/a.nel.cloudflare.com\\/report\\/v4?s=vmTk4HOSyf4E67hMg01MAvRH5FPzu6J%2FSt%2FFGKBb3wTgGqDAoPr8DDJnPSVzvl8pIze0UjF6y0qWhFZWjtfR4v1LFGcUzvn8etE5iXv%2BfAa9QljokvOLlNVxrkC2KaJg"}],"group":"cf-nel","max_age":604800}', 'NEL': '{"success_fraction":0,"report_to":"cf-nel","max_age":604800}', 'Server': 'cloudflare', 'CF-RAY': '86b4cc89bcc33925-IAD', 'alt-svc': 'h3=":443"; ma=86400'} 
 body={"results":[{"gender":"male","name":{"title":"Mr","first":"Kurt","last":"Gibson"},"location":{"street":{"number":3765,"name":"The Grove"},"city":"Malahide","state":"Longford","country":"Ireland","postcode":14297,"coordinates":{"latitude":"1.2601","longitude":"-24.1472"},"timezone":{"offset":"0:00","description":"Western Europe Time, London, Lisbon, Casablanca"}},"email":"kurt.gibson@example.com","login":{"uuid":"9576e980-595a-4801-8d0b-bad7a99c92bc","username":"angrypanda763","password":"soul","salt":"vMwNHbgH","md5":"62729cf7ee698bb15fbe27f71c9bfe8b","sha1":"b51161a4845b980c8b10db8dd0e9f8d0d04eb348","sha256":"21b9d2e23fbd55dcf17e8507715b1b45948e327d06570b7d96e42a8c76d908a8"},"dob":{"date":"1981-06-27T08:26:11.881Z","age":42},"registered":{"date":"2018-08-19T19:01:06.657Z","age":5},"phone":"051-567-5168","cell":"081-601-8555","id":{"name":"PPS","value":"8555654T"},"picture":{"large":"https://randomuser.me/api/portraits/men/49.jpg","medium":"https://randomuser.me/api/portraits/med/men/49.jpg","thumbnail":"https://randomuser.me/api/portraits/thumb/men/49.jpg"},"nat":"IE"}],"info":{"seed":"bca8610c5517df80","results":1,"page":1,"version":"1.4"}} 
 </msg>
<msg time="2024-03-28T04:15:25.806651" level="INFO">/opt/hostedtoolcache/Python/3.12.2/x64/lib/python3.12/site-packages/urllib3/connectionpool.py:1103: InsecureRequestWarning: Unverified HTTPS request is being made to host 'randomuser.me'. Adding certificate verification is strongly advised. See: https://urllib3.readthedocs.io/en/latest/advanced-usage.html#tls-warnings
  warnings.warn(</msg>
<msg time="2024-03-28T04:15:25.806786" level="INFO">${response} = &lt;Response [200]&gt;</msg>
<var>${response}</var>
<arg>consultarAPI</arg>
<arg>/api</arg>
<doc>Sends a GET request on a previously created HTTP Session.</doc>
<status status="PASS" start="2024-03-28T04:15:25.711068" elapsed="0.095757"/>
</kw>
<kw name="Set Variable" owner="BuiltIn">
<msg time="2024-03-28T04:15:25.807840" level="INFO">${json_data} = {'results': [{'gender': 'male', 'name': {'title': 'Mr', 'first': 'Kurt', 'last': 'Gibson'}, 'location': {'street': {'number': 3765, 'name': 'The Grove'}, 'city': 'Malahide', 'state': 'Longford', 'coun...</msg>
<var>${json_data}</var>
<arg>${response.json()}</arg>
<doc>Returns the given values which can then be assigned to a variables.</doc>
<status status="PASS" start="2024-03-28T04:15:25.807299" elapsed="0.000570"/>
</kw>
<kw name="Set Variable" owner="BuiltIn">
<msg time="2024-03-28T04:15:25.808553" level="INFO">${name_title} = Mr</msg>
<var>${name_title}</var>
<arg>${json_data["results"][0]["name"]["title"]}</arg>
<doc>Returns the given values which can then be assigned to a variables.</doc>
<status status="PASS" start="2024-03-28T04:15:25.808176" elapsed="0.000402"/>
</kw>
<kw name="Create List" owner="BuiltIn">
<msg time="2024-03-28T04:15:25.809021" level="INFO">${allowed_titles} = ['Mr', 'Ms', 'Miss', 'Mrs', 'Madame', 'Monsieur']</msg>
<var>${allowed_titles}</var>
<arg>Mr</arg>
<arg>Ms</arg>
<arg>Miss</arg>
<arg>Mrs</arg>
<arg>Madame</arg>
<arg>Monsieur</arg>
<doc>Returns a list containing given items.</doc>
<status status="PASS" start="2024-03-28T04:15:25.808872" elapsed="0.000173"/>
</kw>
<kw name="List Should Contain Value" owner="Collections">
<msg time="2024-03-28T04:15:25.809526" level="INFO">False</msg>
<arg>${allowed_titles}</arg>
<arg>${name_title}</arg>
<doc>Fails if the ``value`` is not found from ``list``.</doc>
<status status="PASS" start="2024-03-28T04:15:25.809350" elapsed="0.000212"/>
</kw>
<kw name="Set Variable" owner="BuiltIn">
<msg time="2024-03-28T04:15:25.810230" level="INFO">${name_country} = IE</msg>
<var>${name_country}</var>
<arg>${json_data["results"][0]["nat"]}</arg>
<doc>Returns the given values which can then be assigned to a variables.</doc>
<status status="PASS" start="2024-03-28T04:15:25.809856" elapsed="0.000398"/>
</kw>
<kw name="Create List" owner="BuiltIn">
<msg time="2024-03-28T04:15:25.811158" level="INFO">${list_country} = ['AD', 'AE', 'AF', 'AG', 'AI', 'AL', 'AM', 'AO', 'AQ', 'AR', 'AS', 'AT', 'AU', 'AW', 'AX', 'AZ', 'BA', 'BB', 'BD', 'BE', 'BF', 'BG', 'BH', 'BI', 'BJ', 'BL', 'BM', 'BN', 'BO', 'BQ', 'BR', 'BS', 'BT', '...</msg>
<var>${list_country}</var>
<arg>AD</arg>
<arg>AE</arg>
<arg>AF</arg>
<arg>AG</arg>
<arg>AI</arg>
<arg>AL</arg>
<arg>AM</arg>
<arg>AO</arg>
<arg>AQ</arg>
<arg>AR</arg>
<arg>AS</arg>
<arg>AT</arg>
<arg>AU</arg>
<arg>AW</arg>
<arg>AX</arg>
<arg>AZ</arg>
<arg>BA</arg>
<arg>BB</arg>
<arg>BD</arg>
<arg>BE</arg>
<arg>BF</arg>
<arg>BG</arg>
<arg>BH</arg>
<arg>BI</arg>
<arg>BJ</arg>
<arg>BL</arg>
<arg>BM</arg>
<arg>BN</arg>
<arg>BO</arg>
<arg>BQ</arg>
<arg>BR</arg>
<arg>BS</arg>
<arg>BT</arg>
<arg>BV</arg>
<arg>BW</arg>
<arg>BY</arg>
<arg>BZ</arg>
<arg>CA</arg>
<arg>CC</arg>
<arg>CD</arg>
<arg>CF</arg>
<arg>CG</arg>
<arg>CH</arg>
<arg>CI</arg>
<arg>CK</arg>
<arg>CL</arg>
<arg>CM</arg>
<arg>CN</arg>
<arg>CO</arg>
<arg>CR</arg>
<arg>CU</arg>
<arg>CV</arg>
<arg>CW</arg>
<arg>CX</arg>
<arg>CY</arg>
<arg>CZ</arg>
<arg>DE</arg>
<arg>DJ</arg>
<arg>DK</arg>
<arg>DM</arg>
<arg>DO</arg>
<arg>DZ</arg>
<arg>EC</arg>
<arg>EE</arg>
<arg>EG</arg>
<arg>EH</arg>
<arg>ER</arg>
<arg>ES</arg>
<arg>ET</arg>
<arg>FI</arg>
<arg>FJ</arg>
<arg>FK</arg>
<arg>FM</arg>
<arg>FO</arg>
<arg>FR</arg>
<arg>GA</arg>
<arg>GB</arg>
<arg>GD</arg>
<arg>GE</arg>
<arg>GF</arg>
<arg>GG</arg>
<arg>GH</arg>
<arg>GI</arg>
<arg>GL</arg>
<arg>GM</arg>
<arg>GN</arg>
<arg>GP</arg>
<arg>GQ</arg>
<arg>GR</arg>
<arg>GS</arg>
<arg>GT</arg>
<arg>GU</arg>
<arg>GW</arg>
<arg>GY</arg>
<arg>HK</arg>
<arg>HM</arg>
<arg>HN</arg>
<arg>HR</arg>
<arg>HT</arg>
<arg>HU</arg>
<arg>ID</arg>
<arg>IE</arg>
<arg>IL</arg>
<arg>IM</arg>
<arg>IN</arg>
<arg>IO</arg>
<arg>IQ</arg>
<arg>IR</arg>
<arg>IS</arg>
<arg>IT</arg>
<arg>JE</arg>
<arg>JM</arg>
<arg>JO</arg>
<arg>JP</arg>
<arg>KE</arg>
<arg>KG</arg>
<arg>KH</arg>
<arg>KI</arg>
<arg>KM</arg>
<arg>KN</arg>
<arg>KP</arg>
<arg>KR</arg>
<arg>KW</arg>
<arg>KY</arg>
<arg>KZ</arg>
<arg>LA</arg>
<arg>LB</arg>
<arg>LC</arg>
<arg>LI</arg>
<arg>LK</arg>
<arg>LR</arg>
<arg>LS</arg>
<arg>LT</arg>
<arg>LU</arg>
<arg>LV</arg>
<arg>LY</arg>
<arg>MA</arg>
<arg>MC</arg>
<arg>MD</arg>
<arg>ME</arg>
<arg>MF</arg>
<arg>MG</arg>
<arg>MH</arg>
<arg>MK</arg>
<arg>ML</arg>
<arg>MM</arg>
<arg>MN</arg>
<arg>MO</arg>
<arg>MP</arg>
<arg>MQ</arg>
<arg>MR</arg>
<arg>MS</arg>
<arg>MT</arg>
<arg>MU</arg>
<arg>MV</arg>
<arg>MW</arg>
<arg>MX</arg>
<arg>MY</arg>
<arg>MZ</arg>
<arg>NA</arg>
<arg>NC</arg>
<arg>NE</arg>
<arg>NF</arg>
<arg>NG</arg>
<arg>NI</arg>
<arg>NL</arg>
<arg>NO</arg>
<arg>NP</arg>
<arg>NR</arg>
<arg>NU</arg>
<arg>NZ</arg>
<arg>OM</arg>
<arg>PA</arg>
<arg>PE</arg>
<arg>PF</arg>
<arg>PG</arg>
<arg>PH</arg>
<arg>PK</arg>
<arg>PL</arg>
<arg>PM</arg>
<arg>PN</arg>
<arg>PR</arg>
<arg>PS</arg>
<arg>PT</arg>
<arg>PW</arg>
<arg>PY</arg>
<arg>QA</arg>
<arg>RE</arg>
<arg>RO</arg>
<arg>RS</arg>
<arg>RU</arg>
<arg>RW</arg>
<arg>SA</arg>
<arg>SB</arg>
<arg>SC</arg>
<arg>SD</arg>
<arg>SE</arg>
<arg>SG</arg>
<arg>SH</arg>
<arg>SI</arg>
<arg>SJ</arg>
<arg>SK</arg>
<arg>SL</arg>
<arg>SM</arg>
<arg>SN</arg>
<arg>SO</arg>
<arg>SR</arg>
<arg>SS</arg>
<arg>ST</arg>
<arg>SV</arg>
<arg>SX</arg>
<arg>SY</arg>
<arg>SZ</arg>
<arg>TC</arg>
<arg>TD</arg>
<arg>TF</arg>
<arg>TG</arg>
<arg>TH</arg>
<arg>TJ</arg>
<arg>TK</arg>
<arg>TL</arg>
<arg>TM</arg>
<arg>TN</arg>
<arg>TO</arg>
<arg>TR</arg>
<arg>TT</arg>
<arg>TV</arg>
<arg>TW</arg>
<arg>TZ</arg>
<arg>UA</arg>
<arg>UG</arg>
<arg>UM</arg>
<arg>US</arg>
<arg>UY</arg>
<arg>UZ</arg>
<arg>VA</arg>
<arg>VC</arg>
<arg>VE</arg>
<arg>VG</arg>
<arg>VI</arg>
<arg>VN</arg>
<arg>VU</arg>
<arg>WF</arg>
<arg>WS</arg>
<arg>XK</arg>
<arg>YE</arg>
<arg>YT</arg>
<arg>ZA</arg>
<arg>ZM</arg>
<arg>ZW</arg>
<doc>Returns a list containing given items.</doc>
<status status="PASS" start="2024-03-28T04:15:25.810558" elapsed="0.000625"/>
</kw>
<kw name="List Should Contain Value" owner="Collections">
<msg time="2024-03-28T04:15:25.812331" level="INFO">False</msg>
<arg>${list_country}</arg>
<arg>${name_country}</arg>
<doc>Fails if the ``value`` is not found from ``list``.</doc>
<status status="PASS" start="2024-03-28T04:15:25.812127" elapsed="0.000241"/>
</kw>
<kw name="Run Keyword If" owner="BuiltIn">
<kw name="Should Be True" owner="BuiltIn">
<arg>${True}</arg>
<doc>Fails if the given condition is not true.</doc>
<status status="PASS" start="2024-03-28T04:15:25.813452" elapsed="0.000146"/>
</kw>
<arg>${json_data["results"][0]["location"]["coordinates"]["latitude"]} &gt;= -90 and ${json_data["results"][0]["location"]["coordinates"]["latitude"]} &lt;= 90</arg>
<arg>Should Be True</arg>
<arg>${True}</arg>
<doc>Runs the given keyword with the given arguments, if ``condition`` is true.</doc>
<status status="PASS" start="2024-03-28T04:15:25.812678" elapsed="0.001048"/>
</kw>
<kw name="Run Keyword If" owner="BuiltIn">
<kw name="Should Be True" owner="BuiltIn">
<arg>${True}</arg>
<doc>Fails if the given condition is not true.</doc>
<status status="PASS" start="2024-03-28T04:15:25.814615" elapsed="0.000138"/>
</kw>
<arg>${json_data["results"][0]["location"]["coordinates"]["longitude"]} &gt;= -180 and ${json_data["results"][0]["location"]["coordinates"]["longitude"]} &lt;= 180</arg>
<arg>Should Be True</arg>
<arg>${True}</arg>
<doc>Runs the given keyword with the given arguments, if ``condition`` is true.</doc>
<status status="PASS" start="2024-03-28T04:15:25.813908" elapsed="0.000970"/>
</kw>
<status status="PASS" start="2024-03-28T04:15:25.710843" elapsed="0.104166"/>
</kw>
<doc>Testa o conteúdo específico dos campos retornados pela API.</doc>
<tag>testeConteudo</tag>
<status status="PASS" start="2024-03-28T04:15:25.710388" elapsed="0.104775"/>
</test>
<status status="PASS" start="2024-03-28T04:15:25.038221" elapsed="0.778895"/>
</suite>
<status status="PASS" start="2024-03-28T04:15:25.024493" elapsed="0.797837"/>
</suite>
<statistics>
<total>
<stat pass="5" fail="0" skip="0">All Tests</stat>
</total>
<tag>
<stat pass="1" fail="0" skip="0">testeConteudo</stat>
<stat pass="1" fail="0" skip="0">testeEstruturaResposta</stat>
<stat pass="1" fail="0" skip="0">testeRequisicaoBasica</stat>
<stat pass="1" fail="0" skip="0">testeTiposDados</stat>
</tag>
<suite>
<stat pass="5" fail="0" skip="0" id="s1" name="Tests">Tests</stat>
<stat pass="5" fail="0" skip="0" id="s1-s1" name="Random-User-Test">Tests.Random-User-Test</stat>
</suite>
</statistics>
<errors>
</errors>
</robot>
