<?xml version="1.0" encoding="UTF-8"?>
<robot generator="Robot 7.0.1 (Python 3.12.3 on linux)" generated="2024-06-11T03:16:59.662594" rpa="false" schemaversion="5">
<suite id="s1" name="Tests" source="/home/runner/work/ApiRandomUser/ApiRandomUser/RamdonUser/tests">
<suite id="s1-s1" name="Random-User-Test" source="/home/runner/work/ApiRandomUser/ApiRandomUser/RamdonUser/tests/random-user-test.robot">
<test id="s1-s1-t1" name="Conectar" line="13">
<kw name="Conectar API" owner="random-user-service">
<kw name="Create Session" owner="RequestsLibrary">
<msg time="2024-06-11T03:17:00.089945" level="INFO">Creating Session using : alias=consultarAPI, url=https://randomuser.me/, headers={},                     cookies={}, auth=None, timeout=None, proxies=None, verify=False,                     debug=0 </msg>
<arg>consultarAPI</arg>
<arg>${URL}</arg>
<doc>Create Session: create a HTTP session to a server</doc>
<status status="PASS" start="2024-06-11T03:17:00.089745" elapsed="0.000389"/>
</kw>
<status status="PASS" start="2024-06-11T03:17:00.088751" elapsed="0.001753"/>
</kw>
<status status="PASS" start="2024-06-11T03:17:00.088182" elapsed="0.002531"/>
</test>
<test id="s1-s1-t2" name="Validar retorno 200 e JSON Válido" line="16">
<kw name="Teste de Requisicao Basica" owner="random-user-service">
<kw name="GET On Session" owner="RequestsLibrary">
<msg time="2024-06-11T03:17:00.378978" level="INFO">GET Request : url=https://randomuser.me/api 
 path_url=/api 
 headers={'User-Agent': 'python-requests/2.32.3', 'Accept-Encoding': 'gzip, deflate', 'Accept': '*/*', 'Connection': 'keep-alive'} 
 body=None 
 </msg>
<msg time="2024-06-11T03:17:00.379141" level="INFO">GET Response : url=https://randomuser.me/api 
 status=200, reason=OK 
 headers={'Date': 'Tue, 11 Jun 2024 03:17:00 GMT', 'Content-Type': 'application/json; charset=utf-8', 'Transfer-Encoding': 'chunked', 'Connection': 'keep-alive', 'X-Powered-By': 'Express', 'Access-Control-Allow-Origin': '*', 'Cache-Control': 'no-cache', 'ETag': 'W/"4a0-zRUwSY8wxwyK4j+0BKxn5r4t54g"', 'Vary': 'Accept-Encoding', 'Content-Encoding': 'gzip', 'CF-Cache-Status': 'DYNAMIC', 'Report-To': '{"endpoints":[{"url":"https:\\/\\/a.nel.cloudflare.com\\/report\\/v4?s=0Sg206RmnKUtkyQtybjk0FszyxBkQV8yo05LFJ854gdaQIrTDGbchRwiXTeNAPcLyzN3HfmVaOsFv2b0ykcFoGaQT4O2DJx8S%2BcvgIyD6Dgui7sg%2BYiNN7p6Y9R79Ru7"}],"group":"cf-nel","max_age":604800}', 'NEL': '{"success_fraction":0,"report_to":"cf-nel","max_age":604800}', 'Server': 'cloudflare', 'CF-RAY': '891e7213ce97cf9b-SJC', 'alt-svc': 'h3=":443"; ma=86400'} 
 body={"results":[{"gender":"male","name":{"title":"Mr","first":"میلاد","last":"علیزاده"},"location":{"street":{"number":9581,"name":"میدان استقلال"},"city":"همدان","state":"هرمزگان","country":"Iran","postcode":16028,"coordinates":{"latitude":"17.6950","longitude":"-16.1541"},"timezone":{"offset":"+3:00","description":"Baghdad, Riyadh, Moscow, St. Petersburg"}},"email":"myld.aalyzdh@example.com","login":{"uuid":"e78fadb1-e31b-4cbb-bf24-6025c44e5d24","username":"bluefish449","password":"winston","salt":"3pgSWTTm","md5":"1866435116d4a09d62d206307137f2cb","sha1":"28443fcf142ad4355f8692ad91e2f56b91ac0f7a","sha256":"c234f7c5674cab9a22e76094435f201acfc3654fd71f1c793a0164eca498a8d9"},"dob":{"date":"1946-11-10T22:16:50.925Z","age":77},"registered":{"date":"2005-06-05T06:58:51.194Z","age":19},"phone":"082-28381238","cell":"0955-139-9809","id":{"name":"","value":null},"picture":{"large":"https://randomuser.me/api/portraits/men/35.jpg","medium":"https://randomuser.me/api/portraits/med/men/35.jpg","thumbnail":"https://randomuser.me/api/portraits/thumb/men/35.jpg"},"nat":"IR"}],"info":{"seed":"b2cba02b90962099","results":1,"page":1,"version":"1.4"}} 
 </msg>
<msg time="2024-06-11T03:17:00.379239" level="INFO">/opt/hostedtoolcache/Python/3.12.3/x64/lib/python3.12/site-packages/urllib3/connectionpool.py:1103: InsecureRequestWarning: Unverified HTTPS request is being made to host 'randomuser.me'. Adding certificate verification is strongly advised. See: https://urllib3.readthedocs.io/en/latest/advanced-usage.html#tls-warnings
  warnings.warn(</msg>
<msg time="2024-06-11T03:17:00.379421" level="INFO">${response} = &lt;Response [200]&gt;</msg>
<var>${response}</var>
<arg>consultarAPI</arg>
<arg>/api</arg>
<doc>Sends a GET request on a previously created HTTP Session.</doc>
<status status="PASS" start="2024-06-11T03:17:00.093389" elapsed="0.286078"/>
</kw>
<kw name="Should Be Equal As Numbers" owner="BuiltIn">
<msg time="2024-06-11T03:17:00.380513" level="INFO">Argument types are:
&lt;class 'int'&gt;
&lt;class 'str'&gt;</msg>
<arg>${response.status_code}</arg>
<arg>200</arg>
<doc>Fails if objects are unequal after converting them to real numbers.</doc>
<status status="PASS" start="2024-06-11T03:17:00.380006" elapsed="0.000574"/>
</kw>
<kw name="Log" owner="BuiltIn">
<msg time="2024-06-11T03:17:00.381281" level="INFO">200</msg>
<arg>${response.status_code}</arg>
<doc>Logs the given message with the given level.</doc>
<status status="PASS" start="2024-06-11T03:17:00.380921" elapsed="0.000407"/>
</kw>
<kw name="Set Variable" owner="BuiltIn">
<msg time="2024-06-11T03:17:00.382090" level="INFO">${json_data} = {'results': [{'gender': 'male', 'name': {'title': 'Mr', 'first': 'میلاد', 'last': 'علیزاده'}, 'location': {'street': {'number': 9581, 'name': 'میدان استقلال'}, 'city': 'همدان', 'state': 'هرمزگان', 'co...</msg>
<var>${json_data}</var>
<arg>${response.json()}</arg>
<doc>Returns the given values which can then be assigned to a variables.</doc>
<status status="PASS" start="2024-06-11T03:17:00.381637" elapsed="0.000485"/>
</kw>
<kw name="Dictionary Should Contain Key" owner="Collections">
<arg>${json_data}</arg>
<arg>results</arg>
<doc>Fails if ``key`` is not found from ``dictionary``.</doc>
<status status="PASS" start="2024-06-11T03:17:00.382431" elapsed="0.000165"/>
</kw>
<status status="PASS" start="2024-06-11T03:17:00.093151" elapsed="0.289601"/>
</kw>
<doc>Testa se a API responde corretamente e retorna um objeto JSON válido.</doc>
<tag>testeRequisicaoBasica</tag>
<status status="PASS" start="2024-06-11T03:17:00.092689" elapsed="0.290244"/>
</test>
<test id="s1-s1-t3" name="Validar estrutura de resposta" line="22">
<kw name="Teste de Estrutura de Resposta" owner="random-user-service">
<kw name="GET On Session" owner="RequestsLibrary">
<msg time="2024-06-11T03:17:00.509726" level="INFO">GET Request : url=https://randomuser.me/api 
 path_url=/api 
 headers={'User-Agent': 'python-requests/2.32.3', 'Accept-Encoding': 'gzip, deflate', 'Accept': '*/*', 'Connection': 'keep-alive'} 
 body=None 
 </msg>
<msg time="2024-06-11T03:17:00.509835" level="INFO">GET Response : url=https://randomuser.me/api 
 status=200, reason=OK 
 headers={'Date': 'Tue, 11 Jun 2024 03:17:00 GMT', 'Content-Type': 'application/json; charset=utf-8', 'Transfer-Encoding': 'chunked', 'Connection': 'keep-alive', 'X-Powered-By': 'Express', 'Access-Control-Allow-Origin': '*', 'Cache-Control': 'no-cache', 'ETag': 'W/"477-aqNN2JJtBAOHyhL/TlADob1pdEw"', 'Vary': 'Accept-Encoding', 'Content-Encoding': 'gzip', 'CF-Cache-Status': 'DYNAMIC', 'Report-To': '{"endpoints":[{"url":"https:\\/\\/a.nel.cloudflare.com\\/report\\/v4?s=mzDb73wpXJVEe2Hgww80RRygBpyEDDMrdc0UMlcbCVpT%2BmaRQgaDD1wlNjQFmdp8qg1qegA8hmEl9VFCNAxLyCIpDvF0tEFf%2BG1xY2ONZo8pz%2BMVlHj6e02EXEhtZohr"}],"group":"cf-nel","max_age":604800}', 'NEL': '{"success_fraction":0,"report_to":"cf-nel","max_age":604800}', 'Server': 'cloudflare', 'CF-RAY': '891e72156fe6cf9b-SJC', 'alt-svc': 'h3=":443"; ma=86400'} 
 body={"results":[{"gender":"male","name":{"title":"Mr","first":"Marius","last":"Rasmussen"},"location":{"street":{"number":169,"name":"Lyngbyvej"},"city":"Argerskov","state":"Midtjylland","country":"Denmark","postcode":65951,"coordinates":{"latitude":"-42.1511","longitude":"-153.5290"},"timezone":{"offset":"-2:00","description":"Mid-Atlantic"}},"email":"marius.rasmussen@example.com","login":{"uuid":"9e607179-5df6-4285-a8e4-4496e2d0e752","username":"whiteelephant326","password":"lilith","salt":"u28AiIux","md5":"0e137a2f7ed7a121d76a605bf7cc47d1","sha1":"fe87916f52de989c5abef484df32c1ac9d8cf647","sha256":"76830c638c2524af9064dd9f0f0849f889fb3983c2a527419838b432e0874a6f"},"dob":{"date":"1960-12-19T00:24:23.362Z","age":63},"registered":{"date":"2013-08-15T21:00:30.419Z","age":10},"phone":"91809431","cell":"06904625","id":{"name":"CPR","value":"181260-6743"},"picture":{"large":"https://randomuser.me/api/portraits/men/38.jpg","medium":"https://randomuser.me/api/portraits/med/men/38.jpg","thumbnail":"https://randomuser.me/api/portraits/thumb/men/38.jpg"},"nat":"DK"}],"info":{"seed":"4b7c52531cde3a68","results":1,"page":1,"version":"1.4"}} 
 </msg>
<msg time="2024-06-11T03:17:00.509973" level="INFO">/opt/hostedtoolcache/Python/3.12.3/x64/lib/python3.12/site-packages/urllib3/connectionpool.py:1103: InsecureRequestWarning: Unverified HTTPS request is being made to host 'randomuser.me'. Adding certificate verification is strongly advised. See: https://urllib3.readthedocs.io/en/latest/advanced-usage.html#tls-warnings
  warnings.warn(</msg>
<msg time="2024-06-11T03:17:00.510128" level="INFO">${response} = &lt;Response [200]&gt;</msg>
<var>${response}</var>
<arg>consultarAPI</arg>
<arg>/api</arg>
<doc>Sends a GET request on a previously created HTTP Session.</doc>
<status status="PASS" start="2024-06-11T03:17:00.385608" elapsed="0.124565"/>
</kw>
<kw name="Set Variable" owner="BuiltIn">
<msg time="2024-06-11T03:17:00.511173" level="INFO">${json_data} = {'results': [{'gender': 'male', 'name': {'title': 'Mr', 'first': 'Marius', 'last': 'Rasmussen'}, 'location': {'street': {'number': 169, 'name': 'Lyngbyvej'}, 'city': 'Argerskov', 'state': 'Midtjylland...</msg>
<var>${json_data}</var>
<arg>${response.json()}</arg>
<doc>Returns the given values which can then be assigned to a variables.</doc>
<status status="PASS" start="2024-06-11T03:17:00.510640" elapsed="0.000562"/>
</kw>
<kw name="Log" owner="BuiltIn">
<msg time="2024-06-11T03:17:00.511672" level="INFO">{'results': [{'gender': 'male', 'name': {'title': 'Mr', 'first': 'Marius', 'last': 'Rasmussen'}, 'location': {'street': {'number': 169, 'name': 'Lyngbyvej'}, 'city': 'Argerskov', 'state': 'Midtjylland', 'country': 'Denmark', 'postcode': 65951, 'coordinates': {'latitude': '-42.1511', 'longitude': '-153.5290'}, 'timezone': {'offset': '-2:00', 'description': 'Mid-Atlantic'}}, 'email': 'marius.rasmussen@example.com', 'login': {'uuid': '9e607179-5df6-4285-a8e4-4496e2d0e752', 'username': 'whiteelephant326', 'password': 'lilith', 'salt': 'u28AiIux', 'md5': '0e137a2f7ed7a121d76a605bf7cc47d1', 'sha1': 'fe87916f52de989c5abef484df32c1ac9d8cf647', 'sha256': '76830c638c2524af9064dd9f0f0849f889fb3983c2a527419838b432e0874a6f'}, 'dob': {'date': '1960-12-19T00:24:23.362Z', 'age': 63}, 'registered': {'date': '2013-08-15T21:00:30.419Z', 'age': 10}, 'phone': '91809431', 'cell': '06904625', 'id': {'name': 'CPR', 'value': '181260-6743'}, 'picture': {'large': 'https://randomuser.me/api/portraits/men/38.jpg', 'medium': 'https://randomuser.me/api/portraits/med/men/38.jpg', 'thumbnail': 'https://randomuser.me/api/portraits/thumb/men/38.jpg'}, 'nat': 'DK'}], 'info': {'seed': '4b7c52531cde3a68', 'results': 1, 'page': 1, 'version': '1.4'}}</msg>
<arg>${json_data}</arg>
<doc>Logs the given message with the given level.</doc>
<status status="PASS" start="2024-06-11T03:17:00.511511" elapsed="0.000215"/>
</kw>
<kw name="Dictionary Should Contain Key" owner="Collections">
<arg>${json_data}</arg>
<arg>results</arg>
<doc>Fails if ``key`` is not found from ``dictionary``.</doc>
<status status="PASS" start="2024-06-11T03:17:00.512022" elapsed="0.000206"/>
</kw>
<kw name="Should Not Be Empty" owner="BuiltIn">
<msg time="2024-06-11T03:17:00.512548" level="INFO">Length is 2.</msg>
<arg>${json_data}</arg>
<doc>Verifies that the given item is not empty.</doc>
<status status="PASS" start="2024-06-11T03:17:00.512419" elapsed="0.000168"/>
</kw>
<kw name="Create List" owner="BuiltIn">
<msg time="2024-06-11T03:17:00.513032" level="INFO">${expected_keys} = ['gender', 'name', 'location', 'email', 'login']</msg>
<var>${expected_keys}</var>
<arg>gender</arg>
<arg>name</arg>
<arg>location</arg>
<arg>email</arg>
<arg>login</arg>
<doc>Returns a list containing given items.</doc>
<status status="PASS" start="2024-06-11T03:17:00.512875" elapsed="0.000180"/>
</kw>
<for flavor="IN">
<iter>
<kw name="Dictionary Should Contain Key" owner="Collections">
<arg>${json_data['results'][0]}</arg>
<arg>${key}</arg>
<doc>Fails if ``key`` is not found from ``dictionary``.</doc>
<status status="PASS" start="2024-06-11T03:17:00.513808" elapsed="0.000405"/>
</kw>
<kw name="Log" owner="BuiltIn">
<msg time="2024-06-11T03:17:00.514764" level="INFO">{'gender': 'male', 'name': {'title': 'Mr', 'first': 'Marius', 'last': 'Rasmussen'}, 'location': {'street': {'number': 169, 'name': 'Lyngbyvej'}, 'city': 'Argerskov', 'state': 'Midtjylland', 'country': 'Denmark', 'postcode': 65951, 'coordinates': {'latitude': '-42.1511', 'longitude': '-153.5290'}, 'timezone': {'offset': '-2:00', 'description': 'Mid-Atlantic'}}, 'email': 'marius.rasmussen@example.com', 'login': {'uuid': '9e607179-5df6-4285-a8e4-4496e2d0e752', 'username': 'whiteelephant326', 'password': 'lilith', 'salt': 'u28AiIux', 'md5': '0e137a2f7ed7a121d76a605bf7cc47d1', 'sha1': 'fe87916f52de989c5abef484df32c1ac9d8cf647', 'sha256': '76830c638c2524af9064dd9f0f0849f889fb3983c2a527419838b432e0874a6f'}, 'dob': {'date': '1960-12-19T00:24:23.362Z', 'age': 63}, 'registered': {'date': '2013-08-15T21:00:30.419Z', 'age': 10}, 'phone': '91809431', 'cell': '06904625', 'id': {'name': 'CPR', 'value': '181260-6743'}, 'picture': {'large': 'https://randomuser.me/api/portraits/men/38.jpg', 'medium': 'https://randomuser.me/api/portraits/med/men/38.jpg', 'thumbnail': 'https://randomuser.me/api/portraits/thumb/men/38.jpg'}, 'nat': 'DK'}</msg>
<arg>${json_data['results'][0]}</arg>
<doc>Logs the given message with the given level.</doc>
<status status="PASS" start="2024-06-11T03:17:00.514403" elapsed="0.000409"/>
</kw>
<kw name="Log" owner="BuiltIn">
<msg time="2024-06-11T03:17:00.515238" level="INFO">gender</msg>
<arg>${key}</arg>
<doc>Logs the given message with the given level.</doc>
<status status="PASS" start="2024-06-11T03:17:00.515110" elapsed="0.000166"/>
</kw>
<var name="${key}">gender</var>
<status status="PASS" start="2024-06-11T03:17:00.513676" elapsed="0.001816"/>
</iter>
<iter>
<kw name="Dictionary Should Contain Key" owner="Collections">
<arg>${json_data['results'][0]}</arg>
<arg>${key}</arg>
<doc>Fails if ``key`` is not found from ``dictionary``.</doc>
<status status="PASS" start="2024-06-11T03:17:00.515792" elapsed="0.000423"/>
</kw>
<kw name="Log" owner="BuiltIn">
<msg time="2024-06-11T03:17:00.516757" level="INFO">{'gender': 'male', 'name': {'title': 'Mr', 'first': 'Marius', 'last': 'Rasmussen'}, 'location': {'street': {'number': 169, 'name': 'Lyngbyvej'}, 'city': 'Argerskov', 'state': 'Midtjylland', 'country': 'Denmark', 'postcode': 65951, 'coordinates': {'latitude': '-42.1511', 'longitude': '-153.5290'}, 'timezone': {'offset': '-2:00', 'description': 'Mid-Atlantic'}}, 'email': 'marius.rasmussen@example.com', 'login': {'uuid': '9e607179-5df6-4285-a8e4-4496e2d0e752', 'username': 'whiteelephant326', 'password': 'lilith', 'salt': 'u28AiIux', 'md5': '0e137a2f7ed7a121d76a605bf7cc47d1', 'sha1': 'fe87916f52de989c5abef484df32c1ac9d8cf647', 'sha256': '76830c638c2524af9064dd9f0f0849f889fb3983c2a527419838b432e0874a6f'}, 'dob': {'date': '1960-12-19T00:24:23.362Z', 'age': 63}, 'registered': {'date': '2013-08-15T21:00:30.419Z', 'age': 10}, 'phone': '91809431', 'cell': '06904625', 'id': {'name': 'CPR', 'value': '181260-6743'}, 'picture': {'large': 'https://randomuser.me/api/portraits/men/38.jpg', 'medium': 'https://randomuser.me/api/portraits/med/men/38.jpg', 'thumbnail': 'https://randomuser.me/api/portraits/thumb/men/38.jpg'}, 'nat': 'DK'}</msg>
<arg>${json_data['results'][0]}</arg>
<doc>Logs the given message with the given level.</doc>
<status status="PASS" start="2024-06-11T03:17:00.516406" elapsed="0.000432"/>
</kw>
<kw name="Log" owner="BuiltIn">
<msg time="2024-06-11T03:17:00.517265" level="INFO">name</msg>
<arg>${key}</arg>
<doc>Logs the given message with the given level.</doc>
<status status="PASS" start="2024-06-11T03:17:00.517137" elapsed="0.000166"/>
</kw>
<var name="${key}">name</var>
<status status="PASS" start="2024-06-11T03:17:00.515680" elapsed="0.001841"/>
</iter>
<iter>
<kw name="Dictionary Should Contain Key" owner="Collections">
<arg>${json_data['results'][0]}</arg>
<arg>${key}</arg>
<doc>Fails if ``key`` is not found from ``dictionary``.</doc>
<status status="PASS" start="2024-06-11T03:17:00.517804" elapsed="0.000387"/>
</kw>
<kw name="Log" owner="BuiltIn">
<msg time="2024-06-11T03:17:00.518718" level="INFO">{'gender': 'male', 'name': {'title': 'Mr', 'first': 'Marius', 'last': 'Rasmussen'}, 'location': {'street': {'number': 169, 'name': 'Lyngbyvej'}, 'city': 'Argerskov', 'state': 'Midtjylland', 'country': 'Denmark', 'postcode': 65951, 'coordinates': {'latitude': '-42.1511', 'longitude': '-153.5290'}, 'timezone': {'offset': '-2:00', 'description': 'Mid-Atlantic'}}, 'email': 'marius.rasmussen@example.com', 'login': {'uuid': '9e607179-5df6-4285-a8e4-4496e2d0e752', 'username': 'whiteelephant326', 'password': 'lilith', 'salt': 'u28AiIux', 'md5': '0e137a2f7ed7a121d76a605bf7cc47d1', 'sha1': 'fe87916f52de989c5abef484df32c1ac9d8cf647', 'sha256': '76830c638c2524af9064dd9f0f0849f889fb3983c2a527419838b432e0874a6f'}, 'dob': {'date': '1960-12-19T00:24:23.362Z', 'age': 63}, 'registered': {'date': '2013-08-15T21:00:30.419Z', 'age': 10}, 'phone': '91809431', 'cell': '06904625', 'id': {'name': 'CPR', 'value': '181260-6743'}, 'picture': {'large': 'https://randomuser.me/api/portraits/men/38.jpg', 'medium': 'https://randomuser.me/api/portraits/med/men/38.jpg', 'thumbnail': 'https://randomuser.me/api/portraits/thumb/men/38.jpg'}, 'nat': 'DK'}</msg>
<arg>${json_data['results'][0]}</arg>
<doc>Logs the given message with the given level.</doc>
<status status="PASS" start="2024-06-11T03:17:00.518372" elapsed="0.000393"/>
</kw>
<kw name="Log" owner="BuiltIn">
<msg time="2024-06-11T03:17:00.519182" level="INFO">location</msg>
<arg>${key}</arg>
<doc>Logs the given message with the given level.</doc>
<status status="PASS" start="2024-06-11T03:17:00.519055" elapsed="0.000163"/>
</kw>
<var name="${key}">location</var>
<status status="PASS" start="2024-06-11T03:17:00.517696" elapsed="0.001737"/>
</iter>
<iter>
<kw name="Dictionary Should Contain Key" owner="Collections">
<arg>${json_data['results'][0]}</arg>
<arg>${key}</arg>
<doc>Fails if ``key`` is not found from ``dictionary``.</doc>
<status status="PASS" start="2024-06-11T03:17:00.519719" elapsed="0.000407"/>
</kw>
<kw name="Log" owner="BuiltIn">
<msg time="2024-06-11T03:17:00.520671" level="INFO">{'gender': 'male', 'name': {'title': 'Mr', 'first': 'Marius', 'last': 'Rasmussen'}, 'location': {'street': {'number': 169, 'name': 'Lyngbyvej'}, 'city': 'Argerskov', 'state': 'Midtjylland', 'country': 'Denmark', 'postcode': 65951, 'coordinates': {'latitude': '-42.1511', 'longitude': '-153.5290'}, 'timezone': {'offset': '-2:00', 'description': 'Mid-Atlantic'}}, 'email': 'marius.rasmussen@example.com', 'login': {'uuid': '9e607179-5df6-4285-a8e4-4496e2d0e752', 'username': 'whiteelephant326', 'password': 'lilith', 'salt': 'u28AiIux', 'md5': '0e137a2f7ed7a121d76a605bf7cc47d1', 'sha1': 'fe87916f52de989c5abef484df32c1ac9d8cf647', 'sha256': '76830c638c2524af9064dd9f0f0849f889fb3983c2a527419838b432e0874a6f'}, 'dob': {'date': '1960-12-19T00:24:23.362Z', 'age': 63}, 'registered': {'date': '2013-08-15T21:00:30.419Z', 'age': 10}, 'phone': '91809431', 'cell': '06904625', 'id': {'name': 'CPR', 'value': '181260-6743'}, 'picture': {'large': 'https://randomuser.me/api/portraits/men/38.jpg', 'medium': 'https://randomuser.me/api/portraits/med/men/38.jpg', 'thumbnail': 'https://randomuser.me/api/portraits/thumb/men/38.jpg'}, 'nat': 'DK'}</msg>
<arg>${json_data['results'][0]}</arg>
<doc>Logs the given message with the given level.</doc>
<status status="PASS" start="2024-06-11T03:17:00.520323" elapsed="0.000397"/>
</kw>
<kw name="Log" owner="BuiltIn">
<msg time="2024-06-11T03:17:00.521157" level="INFO">email</msg>
<arg>${key}</arg>
<doc>Logs the given message with the given level.</doc>
<status status="PASS" start="2024-06-11T03:17:00.521025" elapsed="0.000171"/>
</kw>
<var name="${key}">email</var>
<status status="PASS" start="2024-06-11T03:17:00.519613" elapsed="0.001805"/>
</iter>
<iter>
<kw name="Dictionary Should Contain Key" owner="Collections">
<arg>${json_data['results'][0]}</arg>
<arg>${key}</arg>
<doc>Fails if ``key`` is not found from ``dictionary``.</doc>
<status status="PASS" start="2024-06-11T03:17:00.521698" elapsed="0.000403"/>
</kw>
<kw name="Log" owner="BuiltIn">
<msg time="2024-06-11T03:17:00.522640" level="INFO">{'gender': 'male', 'name': {'title': 'Mr', 'first': 'Marius', 'last': 'Rasmussen'}, 'location': {'street': {'number': 169, 'name': 'Lyngbyvej'}, 'city': 'Argerskov', 'state': 'Midtjylland', 'country': 'Denmark', 'postcode': 65951, 'coordinates': {'latitude': '-42.1511', 'longitude': '-153.5290'}, 'timezone': {'offset': '-2:00', 'description': 'Mid-Atlantic'}}, 'email': 'marius.rasmussen@example.com', 'login': {'uuid': '9e607179-5df6-4285-a8e4-4496e2d0e752', 'username': 'whiteelephant326', 'password': 'lilith', 'salt': 'u28AiIux', 'md5': '0e137a2f7ed7a121d76a605bf7cc47d1', 'sha1': 'fe87916f52de989c5abef484df32c1ac9d8cf647', 'sha256': '76830c638c2524af9064dd9f0f0849f889fb3983c2a527419838b432e0874a6f'}, 'dob': {'date': '1960-12-19T00:24:23.362Z', 'age': 63}, 'registered': {'date': '2013-08-15T21:00:30.419Z', 'age': 10}, 'phone': '91809431', 'cell': '06904625', 'id': {'name': 'CPR', 'value': '181260-6743'}, 'picture': {'large': 'https://randomuser.me/api/portraits/men/38.jpg', 'medium': 'https://randomuser.me/api/portraits/med/men/38.jpg', 'thumbnail': 'https://randomuser.me/api/portraits/thumb/men/38.jpg'}, 'nat': 'DK'}</msg>
<arg>${json_data['results'][0]}</arg>
<doc>Logs the given message with the given level.</doc>
<status status="PASS" start="2024-06-11T03:17:00.522285" elapsed="0.000402"/>
</kw>
<kw name="Log" owner="BuiltIn">
<msg time="2024-06-11T03:17:00.523109" level="INFO">login</msg>
<arg>${key}</arg>
<doc>Logs the given message with the given level.</doc>
<status status="PASS" start="2024-06-11T03:17:00.522981" elapsed="0.000166"/>
</kw>
<var name="${key}">login</var>
<status status="PASS" start="2024-06-11T03:17:00.521589" elapsed="0.001774"/>
</iter>
<var>${key}</var>
<value>@{expected_keys}</value>
<status status="PASS" start="2024-06-11T03:17:00.513480" elapsed="0.010005"/>
</for>
<kw name="Create List" owner="BuiltIn">
<msg time="2024-06-11T03:17:00.523816" level="INFO">${expected_keysTwo} = ['username', 'password']</msg>
<var>${expected_keysTwo}</var>
<arg>username</arg>
<arg>password</arg>
<doc>Returns a list containing given items.</doc>
<status status="PASS" start="2024-06-11T03:17:00.523677" elapsed="0.000163"/>
</kw>
<for flavor="IN">
<iter>
<kw name="Dictionary Should Contain Key" owner="Collections">
<arg>${json_data['results'][0]['login']}</arg>
<arg>${keyTwo}</arg>
<doc>Fails if ``key`` is not found from ``dictionary``.</doc>
<status status="PASS" start="2024-06-11T03:17:00.524399" elapsed="0.000396"/>
</kw>
<kw name="Dictionary Should Contain Key" owner="Collections">
<arg>${json_data['results'][0]['login']}</arg>
<arg>${keyTwo}</arg>
<doc>Fails if ``key`` is not found from ``dictionary``.</doc>
<status status="PASS" start="2024-06-11T03:17:00.524978" elapsed="0.000382"/>
</kw>
<kw name="Log" owner="BuiltIn">
<msg time="2024-06-11T03:17:00.525660" level="INFO">username</msg>
<arg>${keyTwo}</arg>
<doc>Logs the given message with the given level.</doc>
<status status="PASS" start="2024-06-11T03:17:00.525540" elapsed="0.000162"/>
</kw>
<var name="${keyTwo}">username</var>
<status status="PASS" start="2024-06-11T03:17:00.524292" elapsed="0.001636"/>
</iter>
<iter>
<kw name="Dictionary Should Contain Key" owner="Collections">
<arg>${json_data['results'][0]['login']}</arg>
<arg>${keyTwo}</arg>
<doc>Fails if ``key`` is not found from ``dictionary``.</doc>
<status status="PASS" start="2024-06-11T03:17:00.526210" elapsed="0.000379"/>
</kw>
<kw name="Dictionary Should Contain Key" owner="Collections">
<arg>${json_data['results'][0]['login']}</arg>
<arg>${keyTwo}</arg>
<doc>Fails if ``key`` is not found from ``dictionary``.</doc>
<status status="PASS" start="2024-06-11T03:17:00.526767" elapsed="0.000370"/>
</kw>
<kw name="Log" owner="BuiltIn">
<msg time="2024-06-11T03:17:00.527428" level="INFO">password</msg>
<arg>${keyTwo}</arg>
<doc>Logs the given message with the given level.</doc>
<status status="PASS" start="2024-06-11T03:17:00.527311" elapsed="0.000153"/>
</kw>
<var name="${keyTwo}">password</var>
<status status="PASS" start="2024-06-11T03:17:00.526103" elapsed="0.001590"/>
</iter>
<var>${keyTwo}</var>
<value>@{expected_keysTwo}</value>
<status status="PASS" start="2024-06-11T03:17:00.524125" elapsed="0.003687"/>
</for>
<status status="PASS" start="2024-06-11T03:17:00.385368" elapsed="0.142584"/>
</kw>
<doc>Testa a estrutura da resposta da API.</doc>
<tag>testeEstruturaResposta</tag>
<status status="PASS" start="2024-06-11T03:17:00.384853" elapsed="0.143273"/>
</test>
<test id="s1-s1-t4" name="Validar tipos de dados" line="28">
<kw name="Teste de Tipos de Dados" owner="random-user-service">
<kw name="GET On Session" owner="RequestsLibrary">
<msg time="2024-06-11T03:17:00.616024" level="INFO">GET Request : url=https://randomuser.me/api 
 path_url=/api 
 headers={'User-Agent': 'python-requests/2.32.3', 'Accept-Encoding': 'gzip, deflate', 'Accept': '*/*', 'Connection': 'keep-alive'} 
 body=None 
 </msg>
<msg time="2024-06-11T03:17:00.616176" level="INFO">GET Response : url=https://randomuser.me/api 
 status=200, reason=OK 
 headers={'Date': 'Tue, 11 Jun 2024 03:17:00 GMT', 'Content-Type': 'application/json; charset=utf-8', 'Transfer-Encoding': 'chunked', 'Connection': 'keep-alive', 'X-Powered-By': 'Express', 'Access-Control-Allow-Origin': '*', 'Cache-Control': 'no-cache', 'ETag': 'W/"486-ECJHupb8xXDC45BGYguL5fKPVXw"', 'Vary': 'Accept-Encoding', 'Content-Encoding': 'gzip', 'CF-Cache-Status': 'DYNAMIC', 'Report-To': '{"endpoints":[{"url":"https:\\/\\/a.nel.cloudflare.com\\/report\\/v4?s=2mRSlArQJIs5PNh8Tc1W53wa7JQ4q7jq021w6Qx40YZRH1iQ%2FWxpYy2wljpK4k8UlEQlHhSMLScMOM4%2BivNl0g7iEewSHCDF74atHn46iDCSGz363cMhIa20a%2F6ibrOI"}],"group":"cf-nel","max_age":604800}', 'NEL': '{"success_fraction":0,"report_to":"cf-nel","max_age":604800}', 'Server': 'cloudflare', 'CF-RAY': '891e721658c1cf9b-SJC', 'alt-svc': 'h3=":443"; ma=86400'} 
 body={"results":[{"gender":"male","name":{"title":"Mr","first":"نيما","last":"کوتی"},"location":{"street":{"number":7771,"name":"نوفل لوشاتو"},"city":"نجف‌آباد","state":"اصفهان","country":"Iran","postcode":83076,"coordinates":{"latitude":"20.8133","longitude":"-70.7189"},"timezone":{"offset":"-12:00","description":"Eniwetok, Kwajalein"}},"email":"nym.khwty@example.com","login":{"uuid":"ee0cdc1c-353c-4f11-9519-59442e726bff","username":"bigmeercat429","password":"fletcher","salt":"mxoW0fgI","md5":"0553baa50157d942ec3eb9bc6a0e4512","sha1":"516eedf844a2ebf1d74820ba732163ddef6d58e1","sha256":"94f5cd3d52badeab27f168189601a573c8db20a019da02e6c9ca4c279e891b34"},"dob":{"date":"1979-04-08T10:09:35.292Z","age":45},"registered":{"date":"2007-07-26T21:01:58.147Z","age":16},"phone":"018-41479965","cell":"0997-652-8282","id":{"name":"","value":null},"picture":{"large":"https://randomuser.me/api/portraits/men/29.jpg","medium":"https://randomuser.me/api/portraits/med/men/29.jpg","thumbnail":"https://randomuser.me/api/portraits/thumb/men/29.jpg"},"nat":"IR"}],"info":{"seed":"ff12edf2a99414fc","results":1,"page":1,"version":"1.4"}} 
 </msg>
<msg time="2024-06-11T03:17:00.616274" level="INFO">/opt/hostedtoolcache/Python/3.12.3/x64/lib/python3.12/site-packages/urllib3/connectionpool.py:1103: InsecureRequestWarning: Unverified HTTPS request is being made to host 'randomuser.me'. Adding certificate verification is strongly advised. See: https://urllib3.readthedocs.io/en/latest/advanced-usage.html#tls-warnings
  warnings.warn(</msg>
<msg time="2024-06-11T03:17:00.616403" level="INFO">${response} = &lt;Response [200]&gt;</msg>
<var>${response}</var>
<arg>consultarAPI</arg>
<arg>/api</arg>
<doc>Sends a GET request on a previously created HTTP Session.</doc>
<status status="PASS" start="2024-06-11T03:17:00.530764" elapsed="0.085679"/>
</kw>
<kw name="Set Variable" owner="BuiltIn">
<msg time="2024-06-11T03:17:00.617666" level="INFO">${json_data} = {'results': [{'gender': 'male', 'name': {'title': 'Mr', 'first': 'نيما', 'last': 'کوتی'}, 'location': {'street': {'number': 7771, 'name': 'نوفل لوشاتو'}, 'city': 'نجف\u200cآباد', 'state': 'اصفهان', 'c...</msg>
<var>${json_data}</var>
<arg>${response.json()}</arg>
<doc>Returns the given values which can then be assigned to a variables.</doc>
<status status="PASS" start="2024-06-11T03:17:00.617090" elapsed="0.000608"/>
</kw>
<kw name="Log" owner="BuiltIn">
<msg time="2024-06-11T03:17:00.618190" level="INFO">{'results': [{'gender': 'male', 'name': {'title': 'Mr', 'first': 'نيما', 'last': 'کوتی'}, 'location': {'street': {'number': 7771, 'name': 'نوفل لوشاتو'}, 'city': 'نجف\u200cآباد', 'state': 'اصفهان', 'country': 'Iran', 'postcode': 83076, 'coordinates': {'latitude': '20.8133', 'longitude': '-70.7189'}, 'timezone': {'offset': '-12:00', 'description': 'Eniwetok, Kwajalein'}}, 'email': 'nym.khwty@example.com', 'login': {'uuid': 'ee0cdc1c-353c-4f11-9519-59442e726bff', 'username': 'bigmeercat429', 'password': 'fletcher', 'salt': 'mxoW0fgI', 'md5': '0553baa50157d942ec3eb9bc6a0e4512', 'sha1': '516eedf844a2ebf1d74820ba732163ddef6d58e1', 'sha256': '94f5cd3d52badeab27f168189601a573c8db20a019da02e6c9ca4c279e891b34'}, 'dob': {'date': '1979-04-08T10:09:35.292Z', 'age': 45}, 'registered': {'date': '2007-07-26T21:01:58.147Z', 'age': 16}, 'phone': '018-41479965', 'cell': '0997-652-8282', 'id': {'name': '', 'value': None}, 'picture': {'large': 'https://randomuser.me/api/portraits/men/29.jpg', 'medium': 'https://randomuser.me/api/portraits/med/men/29.jpg', 'thumbnail': 'https://randomuser.me/api/portraits/thumb/men/29.jpg'}, 'nat': 'IR'}], 'info': {'seed': 'ff12edf2a99414fc', 'results': 1, 'page': 1, 'version': '1.4'}}</msg>
<arg>${json_data}</arg>
<doc>Logs the given message with the given level.</doc>
<status status="PASS" start="2024-06-11T03:17:00.618024" elapsed="0.000218"/>
</kw>
<kw name="Should Be String" owner="String">
<arg>${json_data['results'][0]['gender']}</arg>
<doc>Fails if the given ``item`` is not a string.</doc>
<status status="PASS" start="2024-06-11T03:17:00.618542" elapsed="0.000370"/>
</kw>
<kw name="Should Match Regexp" owner="BuiltIn">
<arg>${json_data['results'][0]['email']}</arg>
<arg>^[a-zA-Z0-9._%+-]+@[a-zA-Z0-9.-]+\.[a-zA-Z]{2,}$</arg>
<doc>Fails if ``string`` does not match ``pattern`` as a regular expression.</doc>
<status status="PASS" start="2024-06-11T03:17:00.619108" elapsed="0.000529"/>
</kw>
<kw name="Should Match Regexp" owner="BuiltIn">
<arg>${json_data['results'][0]['dob']['date']}</arg>
<arg>\\d{4}-\\d{2}-\\d{2}T\\d{2}:\\d{2}:\\d{2}\\.\\d{3}Z</arg>
<doc>Fails if ``string`` does not match ``pattern`` as a regular expression.</doc>
<status status="PASS" start="2024-06-11T03:17:00.619875" elapsed="0.000529"/>
</kw>
<kw name="Should Match Regexp" owner="BuiltIn">
<arg>${json_data['results'][0]['registered']['date']}</arg>
<arg>\\d{4}-\\d{2}-\\d{2}T\\d{2}:\\d{2}:\\d{2}\\.\\d{3}Z</arg>
<doc>Fails if ``string`` does not match ``pattern`` as a regular expression.</doc>
<status status="PASS" start="2024-06-11T03:17:00.620602" elapsed="0.000370"/>
</kw>
<kw name="Should Match Regexp" owner="BuiltIn">
<arg>${json_data['results'][0]['picture']['large']}</arg>
<arg>^https?://.*\.(?:png|jpe?g|gif|bmp)$</arg>
<doc>Fails if ``string`` does not match ``pattern`` as a regular expression.</doc>
<status status="PASS" start="2024-06-11T03:17:00.621162" elapsed="0.000463"/>
</kw>
<kw name="Should Match Regexp" owner="BuiltIn">
<arg>${json_data['results'][0]['picture']['medium']}</arg>
<arg>^https?://.*\.(?:png|jpe?g|gif|bmp)$</arg>
<doc>Fails if ``string`` does not match ``pattern`` as a regular expression.</doc>
<status status="PASS" start="2024-06-11T03:17:00.621816" elapsed="0.000356"/>
</kw>
<kw name="Should Match Regexp" owner="BuiltIn">
<arg>${json_data['results'][0]['picture']['thumbnail']}</arg>
<arg>^https?://.*\.(?:png|jpe?g|gif|bmp)$</arg>
<doc>Fails if ``string`` does not match ``pattern`` as a regular expression.</doc>
<status status="PASS" start="2024-06-11T03:17:00.622358" elapsed="0.000349"/>
</kw>
<kw name="Log" owner="BuiltIn">
<msg time="2024-06-11T03:17:00.623209" level="INFO">{'large': 'https://randomuser.me/api/portraits/men/29.jpg', 'medium': 'https://randomuser.me/api/portraits/med/men/29.jpg', 'thumbnail': 'https://randomuser.me/api/portraits/thumb/men/29.jpg'}</msg>
<arg>${json_data['results'][0]['picture']}</arg>
<doc>Logs the given message with the given level.</doc>
<status status="PASS" start="2024-06-11T03:17:00.622888" elapsed="0.000364"/>
</kw>
<status status="PASS" start="2024-06-11T03:17:00.530535" elapsed="0.092973"/>
</kw>
<kw name="Teste de Tipos de Dados - Postcode" owner="random-user-service">
<kw name="GET On Session" owner="RequestsLibrary">
<msg time="2024-06-11T03:17:00.716741" level="INFO">GET Request : url=https://randomuser.me/api 
 path_url=/api 
 headers={'User-Agent': 'python-requests/2.32.3', 'Accept-Encoding': 'gzip, deflate', 'Accept': '*/*', 'Connection': 'keep-alive'} 
 body=None 
 </msg>
<msg time="2024-06-11T03:17:00.716842" level="INFO">GET Response : url=https://randomuser.me/api 
 status=200, reason=OK 
 headers={'Date': 'Tue, 11 Jun 2024 03:17:00 GMT', 'Content-Type': 'application/json; charset=utf-8', 'Transfer-Encoding': 'chunked', 'Connection': 'keep-alive', 'X-Powered-By': 'Express', 'Access-Control-Allow-Origin': '*', 'Cache-Control': 'no-cache', 'ETag': 'W/"493-PL1MsKL/moaJpMI3kbz+Hpmvyb0"', 'Vary': 'Accept-Encoding', 'Content-Encoding': 'gzip', 'CF-Cache-Status': 'DYNAMIC', 'Report-To': '{"endpoints":[{"url":"https:\\/\\/a.nel.cloudflare.com\\/report\\/v4?s=U1REjf64orvDwJHZNwG3uF3AMD%2BA2Pe7TwdkVL%2BRjri7PJTwAq3Oc3NYlM9xRQdzXOPIVApYO0anNiUgy6WLKdLxxu3RGCH3505%2Fco196jEgLfCZXNwoIWH5uSRhZuDA"}],"group":"cf-nel","max_age":604800}', 'NEL': '{"success_fraction":0,"report_to":"cf-nel","max_age":604800}', 'Server': 'cloudflare', 'CF-RAY': '891e7216e933cf9b-SJC', 'alt-svc': 'h3=":443"; ma=86400'} 
 body={"results":[{"gender":"male","name":{"title":"Mr","first":"Rushil","last":"Singh"},"location":{"street":{"number":1669,"name":"Old Jail Rd"},"city":"Alappuzha","state":"Haryana","country":"India","postcode":36007,"coordinates":{"latitude":"12.3349","longitude":"-52.5645"},"timezone":{"offset":"0:00","description":"Western Europe Time, London, Lisbon, Casablanca"}},"email":"rushil.singh@example.com","login":{"uuid":"de729054-6eb4-4292-a0e9-b825b3ccc69a","username":"whitemeercat727","password":"1111111","salt":"A6TpkLiz","md5":"1273e862090edf10b9ebf093af491ffb","sha1":"395cc4a9008d0dd8f601ac4ac04ca62499d3e1ce","sha256":"f6e462f5ca0b76304482fbc6645e44a677e536e2c83d6acd72ab7f27c347447b"},"dob":{"date":"1973-11-18T22:22:30.194Z","age":50},"registered":{"date":"2005-11-13T14:01:19.064Z","age":18},"phone":"9277746663","cell":"7750479501","id":{"name":"UIDAI","value":"238884774542"},"picture":{"large":"https://randomuser.me/api/portraits/men/34.jpg","medium":"https://randomuser.me/api/portraits/med/men/34.jpg","thumbnail":"https://randomuser.me/api/portraits/thumb/men/34.jpg"},"nat":"IN"}],"info":{"seed":"a2d5d6032d36a0de","results":1,"page":1,"version":"1.4"}} 
 </msg>
<msg time="2024-06-11T03:17:00.716920" level="INFO">/opt/hostedtoolcache/Python/3.12.3/x64/lib/python3.12/site-packages/urllib3/connectionpool.py:1103: InsecureRequestWarning: Unverified HTTPS request is being made to host 'randomuser.me'. Adding certificate verification is strongly advised. See: https://urllib3.readthedocs.io/en/latest/advanced-usage.html#tls-warnings
  warnings.warn(</msg>
<msg time="2024-06-11T03:17:00.717048" level="INFO">${response} = &lt;Response [200]&gt;</msg>
<var>${response}</var>
<arg>consultarAPI</arg>
<arg>/api</arg>
<doc>Sends a GET request on a previously created HTTP Session.</doc>
<status status="PASS" start="2024-06-11T03:17:00.623970" elapsed="0.093119"/>
</kw>
<kw name="Set Variable" owner="BuiltIn">
<msg time="2024-06-11T03:17:00.718337" level="INFO">${json_data} = {'results': [{'gender': 'male', 'name': {'title': 'Mr', 'first': 'Rushil', 'last': 'Singh'}, 'location': {'street': {'number': 1669, 'name': 'Old Jail Rd'}, 'city': 'Alappuzha', 'state': 'Haryana', 'c...</msg>
<var>${json_data}</var>
<arg>${response.json()}</arg>
<doc>Returns the given values which can then be assigned to a variables.</doc>
<status status="PASS" start="2024-06-11T03:17:00.717761" elapsed="0.000605"/>
</kw>
<kw name="Log" owner="BuiltIn">
<msg time="2024-06-11T03:17:00.718835" level="INFO">{'results': [{'gender': 'male', 'name': {'title': 'Mr', 'first': 'Rushil', 'last': 'Singh'}, 'location': {'street': {'number': 1669, 'name': 'Old Jail Rd'}, 'city': 'Alappuzha', 'state': 'Haryana', 'country': 'India', 'postcode': 36007, 'coordinates': {'latitude': '12.3349', 'longitude': '-52.5645'}, 'timezone': {'offset': '0:00', 'description': 'Western Europe Time, London, Lisbon, Casablanca'}}, 'email': 'rushil.singh@example.com', 'login': {'uuid': 'de729054-6eb4-4292-a0e9-b825b3ccc69a', 'username': 'whitemeercat727', 'password': '1111111', 'salt': 'A6TpkLiz', 'md5': '1273e862090edf10b9ebf093af491ffb', 'sha1': '395cc4a9008d0dd8f601ac4ac04ca62499d3e1ce', 'sha256': 'f6e462f5ca0b76304482fbc6645e44a677e536e2c83d6acd72ab7f27c347447b'}, 'dob': {'date': '1973-11-18T22:22:30.194Z', 'age': 50}, 'registered': {'date': '2005-11-13T14:01:19.064Z', 'age': 18}, 'phone': '9277746663', 'cell': '7750479501', 'id': {'name': 'UIDAI', 'value': '238884774542'}, 'picture': {'large': 'https://randomuser.me/api/portraits/men/34.jpg', 'medium': 'https://randomuser.me/api/portraits/med/men/34.jpg', 'thumbnail': 'https://randomuser.me/api/portraits/thumb/men/34.jpg'}, 'nat': 'IN'}], 'info': {'seed': 'a2d5d6032d36a0de', 'results': 1, 'page': 1, 'version': '1.4'}}</msg>
<arg>${json_data}</arg>
<doc>Logs the given message with the given level.</doc>
<status status="PASS" start="2024-06-11T03:17:00.718675" elapsed="0.000209"/>
</kw>
<kw name="Should Be Equal As Numbers" owner="BuiltIn">
<arg>${json_data['results'][0]['location']['postcode']}</arg>
<arg>${json_data['results'][0]['location']['postcode']}</arg>
<doc>Fails if objects are unequal after converting them to real numbers.</doc>
<status status="PASS" start="2024-06-11T03:17:00.719183" elapsed="0.000637"/>
</kw>
<kw name="Log" owner="BuiltIn">
<msg time="2024-06-11T03:17:00.720398" level="INFO">36007</msg>
<arg>${json_data['results'][0]['location']['postcode']}</arg>
<doc>Logs the given message with the given level.</doc>
<status status="PASS" start="2024-06-11T03:17:00.720019" elapsed="0.000420"/>
</kw>
<status status="PASS" start="2024-06-11T03:17:00.623738" elapsed="0.096992"/>
</kw>
<doc>Testa se os tipos de dados na resposta da API estão corretos.</doc>
<tag>testeTiposDados</tag>
<status status="PASS" start="2024-06-11T03:17:00.529911" elapsed="0.190999"/>
</test>
<test id="s1-s1-t5" name="Validar conteudo" line="35">
<kw name="Teste de Tipos de Conteudo" owner="random-user-service">
<kw name="GET On Session" owner="RequestsLibrary">
<msg time="2024-06-11T03:17:00.833346" level="INFO">GET Request : url=https://randomuser.me/api 
 path_url=/api 
 headers={'User-Agent': 'python-requests/2.32.3', 'Accept-Encoding': 'gzip, deflate', 'Accept': '*/*', 'Connection': 'keep-alive'} 
 body=None 
 </msg>
<msg time="2024-06-11T03:17:00.833459" level="INFO">GET Response : url=https://randomuser.me/api 
 status=200, reason=OK 
 headers={'Date': 'Tue, 11 Jun 2024 03:17:00 GMT', 'Content-Type': 'application/json; charset=utf-8', 'Transfer-Encoding': 'chunked', 'Connection': 'keep-alive', 'X-Powered-By': 'Express', 'Access-Control-Allow-Origin': '*', 'Cache-Control': 'no-cache', 'ETag': 'W/"49d-REFheNNUIbmTnmtcEBJCPZ8TvtI"', 'Vary': 'Accept-Encoding', 'Content-Encoding': 'gzip', 'CF-Cache-Status': 'DYNAMIC', 'Report-To': '{"endpoints":[{"url":"https:\\/\\/a.nel.cloudflare.com\\/report\\/v4?s=Bt5E7JulILDcMUB6i7hXiDGPI1d0BTVP8z4w7M2xy9IhUuYZ4tFCr7%2F3UAmaI53li0YVnv86OgDoRYbPqfKnHpkGQTCBDcdtslOmEIZkr3%2BqVkvZDjR3SYbBd90R4yee"}],"group":"cf-nel","max_age":604800}', 'NEL': '{"success_fraction":0,"report_to":"cf-nel","max_age":604800}', 'Server': 'cloudflare', 'CF-RAY': '891e721789bdcf9b-SJC', 'alt-svc': 'h3=":443"; ma=86400'} 
 body={"results":[{"gender":"male","name":{"title":"Mr","first":"Isaac","last":"Caballero"},"location":{"street":{"number":9918,"name":"Calle de Atocha"},"city":"Toledo","state":"Castilla la Mancha","country":"Spain","postcode":14217,"coordinates":{"latitude":"-35.9034","longitude":"-34.9836"},"timezone":{"offset":"-4:00","description":"Atlantic Time (Canada), Caracas, La Paz"}},"email":"isaac.caballero@example.com","login":{"uuid":"814f6d40-bb68-41c2-b45a-7c018cf51d0e","username":"goldenostrich507","password":"curtis","salt":"TQyHeYjo","md5":"05f1c6edbda6ec7e717579148b51512a","sha1":"03b6e77f3f2377b9cdbfb0cf0204f1563e815e0c","sha256":"07cbe3a50539877ababa9ed4878da5fc2dc84d097f3294f04cf99947691c0e19"},"dob":{"date":"1990-05-15T15:01:22.290Z","age":34},"registered":{"date":"2003-06-09T12:57:08.790Z","age":21},"phone":"958-931-808","cell":"618-226-258","id":{"name":"DNI","value":"64907749-D"},"picture":{"large":"https://randomuser.me/api/portraits/men/10.jpg","medium":"https://randomuser.me/api/portraits/med/men/10.jpg","thumbnail":"https://randomuser.me/api/portraits/thumb/men/10.jpg"},"nat":"ES"}],"info":{"seed":"61a349f8e15332a3","results":1,"page":1,"version":"1.4"}} 
 </msg>
<msg time="2024-06-11T03:17:00.833567" level="INFO">/opt/hostedtoolcache/Python/3.12.3/x64/lib/python3.12/site-packages/urllib3/connectionpool.py:1103: InsecureRequestWarning: Unverified HTTPS request is being made to host 'randomuser.me'. Adding certificate verification is strongly advised. See: https://urllib3.readthedocs.io/en/latest/advanced-usage.html#tls-warnings
  warnings.warn(</msg>
<msg time="2024-06-11T03:17:00.833702" level="INFO">${response} = &lt;Response [200]&gt;</msg>
<var>${response}</var>
<arg>consultarAPI</arg>
<arg>/api</arg>
<doc>Sends a GET request on a previously created HTTP Session.</doc>
<status status="PASS" start="2024-06-11T03:17:00.723666" elapsed="0.110078"/>
</kw>
<kw name="Set Variable" owner="BuiltIn">
<msg time="2024-06-11T03:17:00.835070" level="INFO">${json_data} = {'results': [{'gender': 'male', 'name': {'title': 'Mr', 'first': 'Isaac', 'last': 'Caballero'}, 'location': {'street': {'number': 9918, 'name': 'Calle de Atocha'}, 'city': 'Toledo', 'state': 'Castilla...</msg>
<var>${json_data}</var>
<arg>${response.json()}</arg>
<doc>Returns the given values which can then be assigned to a variables.</doc>
<status status="PASS" start="2024-06-11T03:17:00.834434" elapsed="0.000664"/>
</kw>
<kw name="Set Variable" owner="BuiltIn">
<msg time="2024-06-11T03:17:00.835784" level="INFO">${name_title} = Mr</msg>
<var>${name_title}</var>
<arg>${json_data["results"][0]["name"]["title"]}</arg>
<doc>Returns the given values which can then be assigned to a variables.</doc>
<status status="PASS" start="2024-06-11T03:17:00.835406" elapsed="0.000404"/>
</kw>
<kw name="Create List" owner="BuiltIn">
<msg time="2024-06-11T03:17:00.836342" level="INFO">${allowed_titles} = ['Mr', 'Ms', 'Miss', 'Mrs', 'Madame', 'Monsieur']</msg>
<var>${allowed_titles}</var>
<arg>Mr</arg>
<arg>Ms</arg>
<arg>Miss</arg>
<arg>Mrs</arg>
<arg>Madame</arg>
<arg>Monsieur</arg>
<doc>Returns a list containing given items.</doc>
<status status="PASS" start="2024-06-11T03:17:00.836146" elapsed="0.000233"/>
</kw>
<kw name="List Should Contain Value" owner="Collections">
<arg>${allowed_titles}</arg>
<arg>${name_title}</arg>
<doc>Fails if the ``value`` is not found from ``list``.</doc>
<status status="PASS" start="2024-06-11T03:17:00.836814" elapsed="0.000186"/>
</kw>
<kw name="Set Variable" owner="BuiltIn">
<msg time="2024-06-11T03:17:00.837548" level="INFO">${name_country} = ES</msg>
<var>${name_country}</var>
<arg>${json_data["results"][0]["nat"]}</arg>
<doc>Returns the given values which can then be assigned to a variables.</doc>
<status status="PASS" start="2024-06-11T03:17:00.837182" elapsed="0.000391"/>
</kw>
<kw name="Create List" owner="BuiltIn">
<msg time="2024-06-11T03:17:00.838456" level="INFO">${list_country} = ['AD', 'AE', 'AF', 'AG', 'AI', 'AL', 'AM', 'AO', 'AQ', 'AR', 'AS', 'AT', 'AU', 'AW', 'AX', 'AZ', 'BA', 'BB', 'BD', 'BE', 'BF', 'BG', 'BH', 'BI', 'BJ', 'BL', 'BM', 'BN', 'BO', 'BQ', 'BR', 'BS', 'BT', '...</msg>
<var>${list_country}</var>
<arg>AD</arg>
<arg>AE</arg>
<arg>AF</arg>
<arg>AG</arg>
<arg>AI</arg>
<arg>AL</arg>
<arg>AM</arg>
<arg>AO</arg>
<arg>AQ</arg>
<arg>AR</arg>
<arg>AS</arg>
<arg>AT</arg>
<arg>AU</arg>
<arg>AW</arg>
<arg>AX</arg>
<arg>AZ</arg>
<arg>BA</arg>
<arg>BB</arg>
<arg>BD</arg>
<arg>BE</arg>
<arg>BF</arg>
<arg>BG</arg>
<arg>BH</arg>
<arg>BI</arg>
<arg>BJ</arg>
<arg>BL</arg>
<arg>BM</arg>
<arg>BN</arg>
<arg>BO</arg>
<arg>BQ</arg>
<arg>BR</arg>
<arg>BS</arg>
<arg>BT</arg>
<arg>BV</arg>
<arg>BW</arg>
<arg>BY</arg>
<arg>BZ</arg>
<arg>CA</arg>
<arg>CC</arg>
<arg>CD</arg>
<arg>CF</arg>
<arg>CG</arg>
<arg>CH</arg>
<arg>CI</arg>
<arg>CK</arg>
<arg>CL</arg>
<arg>CM</arg>
<arg>CN</arg>
<arg>CO</arg>
<arg>CR</arg>
<arg>CU</arg>
<arg>CV</arg>
<arg>CW</arg>
<arg>CX</arg>
<arg>CY</arg>
<arg>CZ</arg>
<arg>DE</arg>
<arg>DJ</arg>
<arg>DK</arg>
<arg>DM</arg>
<arg>DO</arg>
<arg>DZ</arg>
<arg>EC</arg>
<arg>EE</arg>
<arg>EG</arg>
<arg>EH</arg>
<arg>ER</arg>
<arg>ES</arg>
<arg>ET</arg>
<arg>FI</arg>
<arg>FJ</arg>
<arg>FK</arg>
<arg>FM</arg>
<arg>FO</arg>
<arg>FR</arg>
<arg>GA</arg>
<arg>GB</arg>
<arg>GD</arg>
<arg>GE</arg>
<arg>GF</arg>
<arg>GG</arg>
<arg>GH</arg>
<arg>GI</arg>
<arg>GL</arg>
<arg>GM</arg>
<arg>GN</arg>
<arg>GP</arg>
<arg>GQ</arg>
<arg>GR</arg>
<arg>GS</arg>
<arg>GT</arg>
<arg>GU</arg>
<arg>GW</arg>
<arg>GY</arg>
<arg>HK</arg>
<arg>HM</arg>
<arg>HN</arg>
<arg>HR</arg>
<arg>HT</arg>
<arg>HU</arg>
<arg>ID</arg>
<arg>IE</arg>
<arg>IL</arg>
<arg>IM</arg>
<arg>IN</arg>
<arg>IO</arg>
<arg>IQ</arg>
<arg>IR</arg>
<arg>IS</arg>
<arg>IT</arg>
<arg>JE</arg>
<arg>JM</arg>
<arg>JO</arg>
<arg>JP</arg>
<arg>KE</arg>
<arg>KG</arg>
<arg>KH</arg>
<arg>KI</arg>
<arg>KM</arg>
<arg>KN</arg>
<arg>KP</arg>
<arg>KR</arg>
<arg>KW</arg>
<arg>KY</arg>
<arg>KZ</arg>
<arg>LA</arg>
<arg>LB</arg>
<arg>LC</arg>
<arg>LI</arg>
<arg>LK</arg>
<arg>LR</arg>
<arg>LS</arg>
<arg>LT</arg>
<arg>LU</arg>
<arg>LV</arg>
<arg>LY</arg>
<arg>MA</arg>
<arg>MC</arg>
<arg>MD</arg>
<arg>ME</arg>
<arg>MF</arg>
<arg>MG</arg>
<arg>MH</arg>
<arg>MK</arg>
<arg>ML</arg>
<arg>MM</arg>
<arg>MN</arg>
<arg>MO</arg>
<arg>MP</arg>
<arg>MQ</arg>
<arg>MR</arg>
<arg>MS</arg>
<arg>MT</arg>
<arg>MU</arg>
<arg>MV</arg>
<arg>MW</arg>
<arg>MX</arg>
<arg>MY</arg>
<arg>MZ</arg>
<arg>NA</arg>
<arg>NC</arg>
<arg>NE</arg>
<arg>NF</arg>
<arg>NG</arg>
<arg>NI</arg>
<arg>NL</arg>
<arg>NO</arg>
<arg>NP</arg>
<arg>NR</arg>
<arg>NU</arg>
<arg>NZ</arg>
<arg>OM</arg>
<arg>PA</arg>
<arg>PE</arg>
<arg>PF</arg>
<arg>PG</arg>
<arg>PH</arg>
<arg>PK</arg>
<arg>PL</arg>
<arg>PM</arg>
<arg>PN</arg>
<arg>PR</arg>
<arg>PS</arg>
<arg>PT</arg>
<arg>PW</arg>
<arg>PY</arg>
<arg>QA</arg>
<arg>RE</arg>
<arg>RO</arg>
<arg>RS</arg>
<arg>RU</arg>
<arg>RW</arg>
<arg>SA</arg>
<arg>SB</arg>
<arg>SC</arg>
<arg>SD</arg>
<arg>SE</arg>
<arg>SG</arg>
<arg>SH</arg>
<arg>SI</arg>
<arg>SJ</arg>
<arg>SK</arg>
<arg>SL</arg>
<arg>SM</arg>
<arg>SN</arg>
<arg>SO</arg>
<arg>SR</arg>
<arg>SS</arg>
<arg>ST</arg>
<arg>SV</arg>
<arg>SX</arg>
<arg>SY</arg>
<arg>SZ</arg>
<arg>TC</arg>
<arg>TD</arg>
<arg>TF</arg>
<arg>TG</arg>
<arg>TH</arg>
<arg>TJ</arg>
<arg>TK</arg>
<arg>TL</arg>
<arg>TM</arg>
<arg>TN</arg>
<arg>TO</arg>
<arg>TR</arg>
<arg>TT</arg>
<arg>TV</arg>
<arg>TW</arg>
<arg>TZ</arg>
<arg>UA</arg>
<arg>UG</arg>
<arg>UM</arg>
<arg>US</arg>
<arg>UY</arg>
<arg>UZ</arg>
<arg>VA</arg>
<arg>VC</arg>
<arg>VE</arg>
<arg>VG</arg>
<arg>VI</arg>
<arg>VN</arg>
<arg>VU</arg>
<arg>WF</arg>
<arg>WS</arg>
<arg>XK</arg>
<arg>YE</arg>
<arg>YT</arg>
<arg>ZA</arg>
<arg>ZM</arg>
<arg>ZW</arg>
<doc>Returns a list containing given items.</doc>
<status status="PASS" start="2024-06-11T03:17:00.837863" elapsed="0.000617"/>
</kw>
<kw name="List Should Contain Value" owner="Collections">
<arg>${list_country}</arg>
<arg>${name_country}</arg>
<doc>Fails if the ``value`` is not found from ``list``.</doc>
<status status="PASS" start="2024-06-11T03:17:00.839280" elapsed="0.000204"/>
</kw>
<kw name="Run Keyword If" owner="BuiltIn">
<kw name="Should Be True" owner="BuiltIn">
<arg>${True}</arg>
<doc>Fails if the given condition is not true.</doc>
<status status="PASS" start="2024-06-11T03:17:00.840464" elapsed="0.000144"/>
</kw>
<arg>${json_data["results"][0]["location"]["coordinates"]["latitude"]} &gt;= -90 and ${json_data["results"][0]["location"]["coordinates"]["latitude"]} &lt;= 90</arg>
<arg>Should Be True</arg>
<arg>${True}</arg>
<doc>Runs the given keyword with the given arguments, if ``condition`` is true.</doc>
<status status="PASS" start="2024-06-11T03:17:00.839682" elapsed="0.001054"/>
</kw>
<kw name="Run Keyword If" owner="BuiltIn">
<kw name="Should Be True" owner="BuiltIn">
<arg>${True}</arg>
<doc>Fails if the given condition is not true.</doc>
<status status="PASS" start="2024-06-11T03:17:00.841625" elapsed="0.000140"/>
</kw>
<arg>${json_data["results"][0]["location"]["coordinates"]["longitude"]} &gt;= -180 and ${json_data["results"][0]["location"]["coordinates"]["longitude"]} &lt;= 180</arg>
<arg>Should Be True</arg>
<arg>${True}</arg>
<doc>Runs the given keyword with the given arguments, if ``condition`` is true.</doc>
<status status="PASS" start="2024-06-11T03:17:00.840920" elapsed="0.000970"/>
</kw>
<status status="PASS" start="2024-06-11T03:17:00.723260" elapsed="0.118763"/>
</kw>
<doc>Testa o conteúdo específico dos campos retornados pela API.</doc>
<tag>testeConteudo</tag>
<status status="PASS" start="2024-06-11T03:17:00.722719" elapsed="0.119462"/>
</test>
<status status="PASS" start="2024-06-11T03:16:59.719634" elapsed="1.124568"/>
</suite>
<status status="PASS" start="2024-06-11T03:16:59.706145" elapsed="1.143238"/>
</suite>
<statistics>
<total>
<stat pass="5" fail="0" skip="0">All Tests</stat>
</total>
<tag>
<stat pass="1" fail="0" skip="0">testeConteudo</stat>
<stat pass="1" fail="0" skip="0">testeEstruturaResposta</stat>
<stat pass="1" fail="0" skip="0">testeRequisicaoBasica</stat>
<stat pass="1" fail="0" skip="0">testeTiposDados</stat>
</tag>
<suite>
<stat pass="5" fail="0" skip="0" id="s1" name="Tests">Tests</stat>
<stat pass="5" fail="0" skip="0" id="s1-s1" name="Random-User-Test">Tests.Random-User-Test</stat>
</suite>
</statistics>
<errors>
</errors>
</robot>
