<?xml version="1.0" encoding="UTF-8"?>
<robot generator="Robot 7.0 (Python 3.12.3 on linux)" generated="2024-04-27T02:23:51.203263" rpa="false" schemaversion="5">
<suite id="s1" name="Tests" source="/home/runner/work/DesafioQAItauRogerioJordao/DesafioQAItauRogerioJordao/RamdonUser/tests">
<suite id="s1-s1" name="Random-User-Test" source="/home/runner/work/DesafioQAItauRogerioJordao/DesafioQAItauRogerioJordao/RamdonUser/tests/random-user-test.robot">
<test id="s1-s1-t1" name="Conectar" line="13">
<kw name="Conectar API" owner="random-user-service">
<kw name="Create Session" owner="RequestsLibrary">
<msg time="2024-04-27T02:23:51.563524" level="INFO">Creating Session using : alias=consultarAPI, url=https://randomuser.me/, headers={},                     cookies={}, auth=None, timeout=None, proxies=None, verify=False,                     debug=0 </msg>
<arg>consultarAPI</arg>
<arg>${URL}</arg>
<doc>Create Session: create a HTTP session to a server</doc>
<status status="PASS" start="2024-04-27T02:23:51.563325" elapsed="0.000374"/>
</kw>
<status status="PASS" start="2024-04-27T02:23:51.562365" elapsed="0.001714"/>
</kw>
<status status="PASS" start="2024-04-27T02:23:51.561754" elapsed="0.002517"/>
</test>
<test id="s1-s1-t2" name="Validar retorno 200 e JSON Válido" line="16">
<kw name="Teste de Requisicao Basica" owner="random-user-service">
<kw name="GET On Session" owner="RequestsLibrary">
<msg time="2024-04-27T02:23:51.633510" level="INFO">GET Request : url=https://randomuser.me/api 
 path_url=/api 
 headers={'User-Agent': 'python-requests/2.31.0', 'Accept-Encoding': 'gzip, deflate', 'Accept': '*/*', 'Connection': 'keep-alive'} 
 body=None 
 </msg>
<msg time="2024-04-27T02:23:51.633620" level="INFO">GET Response : url=https://randomuser.me/api 
 status=200, reason=OK 
 headers={'Date': 'Sat, 27 Apr 2024 02:23:51 GMT', 'Content-Type': 'application/json; charset=utf-8', 'Transfer-Encoding': 'chunked', 'Connection': 'keep-alive', 'X-Powered-By': 'Express', 'Access-Control-Allow-Origin': '*', 'Cache-Control': 'no-cache', 'ETag': 'W/"49d-hef78+gZzrAr41onFuyKhcvoEfU"', 'Vary': 'Accept-Encoding', 'Content-Encoding': 'gzip', 'CF-Cache-Status': 'DYNAMIC', 'Report-To': '{"endpoints":[{"url":"https:\\/\\/a.nel.cloudflare.com\\/report\\/v4?s=SEXlzDJ4SsGsNWkeiPcx%2B1fMHODGh1lrjXO1XBJzv7uRIzGcr46AY%2BGimKAG1qt%2Bn3SN4ArxVtsCT%2BWFc865KRP80L5uiuXa7qk%2BMrxcZhWnAyF8AHi5r0efXaNKBa2Q"}],"group":"cf-nel","max_age":604800}', 'NEL': '{"success_fraction":0,"report_to":"cf-nel","max_age":604800}', 'Server': 'cloudflare', 'CF-RAY': '87ab5a5b8ec087a2-IAD', 'alt-svc': 'h3=":443"; ma=86400'} 
 body={"results":[{"gender":"male","name":{"title":"Mr","first":"Alex","last":"Fontai"},"location":{"street":{"number":694,"name":"Avenue Vauban"},"city":"Rueil-Malmaison","state":"Haute-Vienne","country":"France","postcode":31429,"coordinates":{"latitude":"-14.0220","longitude":"-57.7878"},"timezone":{"offset":"+1:00","description":"Brussels, Copenhagen, Madrid, Paris"}},"email":"alex.fontai@example.com","login":{"uuid":"04712c63-208d-4cd8-9d42-a2359147ea85","username":"crazydog683","password":"stafford","salt":"kdG2VZH1","md5":"4ef40fd772dd025cdf806da3bfde141b","sha1":"f11722769378bef7d833c3d310a23b490d840237","sha256":"3ffe311241dca341ecec3d08ac8522a5ae98762f2b5a28b4d90a0793cdb8ad4b"},"dob":{"date":"1953-12-18T06:43:30.878Z","age":70},"registered":{"date":"2006-04-07T21:21:38.058Z","age":18},"phone":"03-03-48-65-32","cell":"06-41-75-12-06","id":{"name":"INSEE","value":"1531152313716 84"},"picture":{"large":"https://randomuser.me/api/portraits/men/32.jpg","medium":"https://randomuser.me/api/portraits/med/men/32.jpg","thumbnail":"https://randomuser.me/api/portraits/thumb/men/32.jpg"},"nat":"FR"}],"info":{"seed":"fb3516e151acf6d3","results":1,"page":1,"version":"1.4"}} 
 </msg>
<msg time="2024-04-27T02:23:51.633691" level="INFO">/opt/hostedtoolcache/Python/3.12.3/x64/lib/python3.12/site-packages/urllib3/connectionpool.py:1103: InsecureRequestWarning: Unverified HTTPS request is being made to host 'randomuser.me'. Adding certificate verification is strongly advised. See: https://urllib3.readthedocs.io/en/latest/advanced-usage.html#tls-warnings
  warnings.warn(</msg>
<msg time="2024-04-27T02:23:51.633826" level="INFO">${response} = &lt;Response [200]&gt;</msg>
<var>${response}</var>
<arg>consultarAPI</arg>
<arg>/api</arg>
<doc>Sends a GET request on a previously created HTTP Session.</doc>
<status status="PASS" start="2024-04-27T02:23:51.566991" elapsed="0.066875"/>
</kw>
<kw name="Should Be Equal As Numbers" owner="BuiltIn">
<msg time="2024-04-27T02:23:51.634706" level="INFO">Argument types are:
&lt;class 'int'&gt;
&lt;class 'str'&gt;</msg>
<arg>${response.status_code}</arg>
<arg>200</arg>
<doc>Fails if objects are unequal after converting them to real numbers.</doc>
<status status="PASS" start="2024-04-27T02:23:51.634291" elapsed="0.000478"/>
</kw>
<kw name="Log" owner="BuiltIn">
<msg time="2024-04-27T02:23:51.635477" level="INFO">200</msg>
<arg>${response.status_code}</arg>
<doc>Logs the given message with the given level.</doc>
<status status="PASS" start="2024-04-27T02:23:51.635131" elapsed="0.000388"/>
</kw>
<kw name="Set Variable" owner="BuiltIn">
<msg time="2024-04-27T02:23:51.636260" level="INFO">${json_data} = {'results': [{'gender': 'male', 'name': {'title': 'Mr', 'first': 'Alex', 'last': 'Fontai'}, 'location': {'street': {'number': 694, 'name': 'Avenue Vauban'}, 'city': 'Rueil-Malmaison', 'state': 'Haute-...</msg>
<var>${json_data}</var>
<arg>${response.json()}</arg>
<doc>Returns the given values which can then be assigned to a variables.</doc>
<status status="PASS" start="2024-04-27T02:23:51.635826" elapsed="0.000462"/>
</kw>
<kw name="Dictionary Should Contain Key" owner="Collections">
<msg time="2024-04-27T02:23:51.636761" level="INFO">False</msg>
<arg>${json_data}</arg>
<arg>results</arg>
<doc>Fails if ``key`` is not found from ``dictionary``.</doc>
<status status="PASS" start="2024-04-27T02:23:51.636591" elapsed="0.000210"/>
</kw>
<status status="PASS" start="2024-04-27T02:23:51.566748" elapsed="0.070339"/>
</kw>
<doc>Testa se a API responde corretamente e retorna um objeto JSON válido.</doc>
<tag>testeRequisicaoBasica</tag>
<status status="PASS" start="2024-04-27T02:23:51.566187" elapsed="0.071078"/>
</test>
<test id="s1-s1-t3" name="Validar estrutura de resposta" line="22">
<kw name="Teste de Estrutura de Resposta" owner="random-user-service">
<kw name="GET On Session" owner="RequestsLibrary">
<msg time="2024-04-27T02:23:51.740963" level="INFO">GET Request : url=https://randomuser.me/api 
 path_url=/api 
 headers={'User-Agent': 'python-requests/2.31.0', 'Accept-Encoding': 'gzip, deflate', 'Accept': '*/*', 'Connection': 'keep-alive'} 
 body=None 
 </msg>
<msg time="2024-04-27T02:23:51.741037" level="INFO">GET Response : url=https://randomuser.me/api 
 status=200, reason=OK 
 headers={'Date': 'Sat, 27 Apr 2024 02:23:51 GMT', 'Content-Type': 'application/json; charset=utf-8', 'Transfer-Encoding': 'chunked', 'Connection': 'keep-alive', 'X-Powered-By': 'Express', 'Access-Control-Allow-Origin': '*', 'Cache-Control': 'no-cache', 'ETag': 'W/"48e-Pa1VjcFm+iQ/y7N38OAEkrmMsew"', 'Vary': 'Accept-Encoding', 'Content-Encoding': 'gzip', 'CF-Cache-Status': 'DYNAMIC', 'Report-To': '{"endpoints":[{"url":"https:\\/\\/a.nel.cloudflare.com\\/report\\/v4?s=BlKAxBkq2Q1Nx435Ym78j7k%2Bt7Z3BHL8BWneQw%2FS5b2hIX0nqS4tNQv9zw97wpJxNXRbgn0EtQrQqcDrozGX2aQ4IfRcEjGns9RtYcPkJVQATNqB80w%2FKASWtf9Zi5%2Fd"}],"group":"cf-nel","max_age":604800}', 'NEL': '{"success_fraction":0,"report_to":"cf-nel","max_age":604800}', 'Server': 'cloudflare', 'CF-RAY': '87ab5a5bcf2c87a2-IAD', 'alt-svc': 'h3=":443"; ma=86400'} 
 body={"results":[{"gender":"male","name":{"title":"Mr","first":"Karl-Hermann","last":"Möhle"},"location":{"street":{"number":6755,"name":"Erlenweg"},"city":"Weil Der Stadt","state":"Rheinland-Pfalz","country":"Germany","postcode":79266,"coordinates":{"latitude":"-48.8820","longitude":"-171.2898"},"timezone":{"offset":"+5:45","description":"Kathmandu"}},"email":"karl-hermann.mohle@example.com","login":{"uuid":"99ba4eac-4a20-4b11-ab96-7e1fb27ac437","username":"organicgoose522","password":"pumper","salt":"qOjdTghA","md5":"bee0a9ed77702e1ba383918f7aff9616","sha1":"a711402957e0666dc85cc2f4218811da1054d135","sha256":"10f4545e9046873cb7a306a5e0eb271e503ce7290ed75cc9f7ccc79ac6a72529"},"dob":{"date":"1995-03-12T12:09:50.151Z","age":29},"registered":{"date":"2003-10-01T06:36:43.249Z","age":20},"phone":"0714-6832493","cell":"0171-2374167","id":{"name":"SVNR","value":"21 120395 M 006"},"picture":{"large":"https://randomuser.me/api/portraits/men/99.jpg","medium":"https://randomuser.me/api/portraits/med/men/99.jpg","thumbnail":"https://randomuser.me/api/portraits/thumb/men/99.jpg"},"nat":"DE"}],"info":{"seed":"5da67ff7e47be52e","results":1,"page":1,"version":"1.4"}} 
 </msg>
<msg time="2024-04-27T02:23:51.741146" level="INFO">/opt/hostedtoolcache/Python/3.12.3/x64/lib/python3.12/site-packages/urllib3/connectionpool.py:1103: InsecureRequestWarning: Unverified HTTPS request is being made to host 'randomuser.me'. Adding certificate verification is strongly advised. See: https://urllib3.readthedocs.io/en/latest/advanced-usage.html#tls-warnings
  warnings.warn(</msg>
<msg time="2024-04-27T02:23:51.741268" level="INFO">${response} = &lt;Response [200]&gt;</msg>
<var>${response}</var>
<arg>consultarAPI</arg>
<arg>/api</arg>
<doc>Sends a GET request on a previously created HTTP Session.</doc>
<status status="PASS" start="2024-04-27T02:23:51.639866" elapsed="0.101440"/>
</kw>
<kw name="Set Variable" owner="BuiltIn">
<msg time="2024-04-27T02:23:51.742172" level="INFO">${json_data} = {'results': [{'gender': 'male', 'name': {'title': 'Mr', 'first': 'Karl-Hermann', 'last': 'Möhle'}, 'location': {'street': {'number': 6755, 'name': 'Erlenweg'}, 'city': 'Weil Der Stadt', 'state': 'Rhei...</msg>
<var>${json_data}</var>
<arg>${response.json()}</arg>
<doc>Returns the given values which can then be assigned to a variables.</doc>
<status status="PASS" start="2024-04-27T02:23:51.741697" elapsed="0.000504"/>
</kw>
<kw name="Log" owner="BuiltIn">
<msg time="2024-04-27T02:23:51.742677" level="INFO">{'results': [{'gender': 'male', 'name': {'title': 'Mr', 'first': 'Karl-Hermann', 'last': 'Möhle'}, 'location': {'street': {'number': 6755, 'name': 'Erlenweg'}, 'city': 'Weil Der Stadt', 'state': 'Rheinland-Pfalz', 'country': 'Germany', 'postcode': 79266, 'coordinates': {'latitude': '-48.8820', 'longitude': '-171.2898'}, 'timezone': {'offset': '+5:45', 'description': 'Kathmandu'}}, 'email': 'karl-hermann.mohle@example.com', 'login': {'uuid': '99ba4eac-4a20-4b11-ab96-7e1fb27ac437', 'username': 'organicgoose522', 'password': 'pumper', 'salt': 'qOjdTghA', 'md5': 'bee0a9ed77702e1ba383918f7aff9616', 'sha1': 'a711402957e0666dc85cc2f4218811da1054d135', 'sha256': '10f4545e9046873cb7a306a5e0eb271e503ce7290ed75cc9f7ccc79ac6a72529'}, 'dob': {'date': '1995-03-12T12:09:50.151Z', 'age': 29}, 'registered': {'date': '2003-10-01T06:36:43.249Z', 'age': 20}, 'phone': '0714-6832493', 'cell': '0171-2374167', 'id': {'name': 'SVNR', 'value': '21 120395 M 006'}, 'picture': {'large': 'https://randomuser.me/api/portraits/men/99.jpg', 'medium': 'https://randomuser.me/api/portraits/med/men/99.jpg', 'thumbnail': 'https://randomuser.me/api/portraits/thumb/men/99.jpg'}, 'nat': 'DE'}], 'info': {'seed': '5da67ff7e47be52e', 'results': 1, 'page': 1, 'version': '1.4'}}</msg>
<arg>${json_data}</arg>
<doc>Logs the given message with the given level.</doc>
<status status="PASS" start="2024-04-27T02:23:51.742518" elapsed="0.000209"/>
</kw>
<kw name="Dictionary Should Contain Key" owner="Collections">
<msg time="2024-04-27T02:23:51.743181" level="INFO">False</msg>
<arg>${json_data}</arg>
<arg>results</arg>
<doc>Fails if ``key`` is not found from ``dictionary``.</doc>
<status status="PASS" start="2024-04-27T02:23:51.743023" elapsed="0.000195"/>
</kw>
<kw name="Should Not Be Empty" owner="BuiltIn">
<msg time="2024-04-27T02:23:51.743650" level="INFO">Length is 2.</msg>
<arg>${json_data}</arg>
<doc>Verifies that the given item is not empty.</doc>
<status status="PASS" start="2024-04-27T02:23:51.743511" elapsed="0.000320"/>
</kw>
<kw name="Create List" owner="BuiltIn">
<msg time="2024-04-27T02:23:51.744285" level="INFO">${expected_keys} = ['gender', 'name', 'location', 'email', 'login']</msg>
<var>${expected_keys}</var>
<arg>gender</arg>
<arg>name</arg>
<arg>location</arg>
<arg>email</arg>
<arg>login</arg>
<doc>Returns a list containing given items.</doc>
<status status="PASS" start="2024-04-27T02:23:51.744130" elapsed="0.000180"/>
</kw>
<for flavor="IN">
<iter>
<kw name="Dictionary Should Contain Key" owner="Collections">
<msg time="2024-04-27T02:23:51.745322" level="INFO">False</msg>
<arg>${json_data['results'][0]}</arg>
<arg>${key}</arg>
<doc>Fails if ``key`` is not found from ``dictionary``.</doc>
<status status="PASS" start="2024-04-27T02:23:51.744916" elapsed="0.000445"/>
</kw>
<kw name="Log" owner="BuiltIn">
<msg time="2024-04-27T02:23:51.746029" level="INFO">{'gender': 'male', 'name': {'title': 'Mr', 'first': 'Karl-Hermann', 'last': 'Möhle'}, 'location': {'street': {'number': 6755, 'name': 'Erlenweg'}, 'city': 'Weil Der Stadt', 'state': 'Rheinland-Pfalz', 'country': 'Germany', 'postcode': 79266, 'coordinates': {'latitude': '-48.8820', 'longitude': '-171.2898'}, 'timezone': {'offset': '+5:45', 'description': 'Kathmandu'}}, 'email': 'karl-hermann.mohle@example.com', 'login': {'uuid': '99ba4eac-4a20-4b11-ab96-7e1fb27ac437', 'username': 'organicgoose522', 'password': 'pumper', 'salt': 'qOjdTghA', 'md5': 'bee0a9ed77702e1ba383918f7aff9616', 'sha1': 'a711402957e0666dc85cc2f4218811da1054d135', 'sha256': '10f4545e9046873cb7a306a5e0eb271e503ce7290ed75cc9f7ccc79ac6a72529'}, 'dob': {'date': '1995-03-12T12:09:50.151Z', 'age': 29}, 'registered': {'date': '2003-10-01T06:36:43.249Z', 'age': 20}, 'phone': '0714-6832493', 'cell': '0171-2374167', 'id': {'name': 'SVNR', 'value': '21 120395 M 006'}, 'picture': {'large': 'https://randomuser.me/api/portraits/men/99.jpg', 'medium': 'https://randomuser.me/api/portraits/med/men/99.jpg', 'thumbnail': 'https://randomuser.me/api/portraits/thumb/men/99.jpg'}, 'nat': 'DE'}</msg>
<arg>${json_data['results'][0]}</arg>
<doc>Logs the given message with the given level.</doc>
<status status="PASS" start="2024-04-27T02:23:51.745665" elapsed="0.000413"/>
</kw>
<kw name="Log" owner="BuiltIn">
<msg time="2024-04-27T02:23:51.746498" level="INFO">gender</msg>
<arg>${key}</arg>
<doc>Logs the given message with the given level.</doc>
<status status="PASS" start="2024-04-27T02:23:51.746373" elapsed="0.000163"/>
</kw>
<var name="${key}">gender</var>
<status status="PASS" start="2024-04-27T02:23:51.744758" elapsed="0.001994"/>
</iter>
<iter>
<kw name="Dictionary Should Contain Key" owner="Collections">
<msg time="2024-04-27T02:23:51.747445" level="INFO">False</msg>
<arg>${json_data['results'][0]}</arg>
<arg>${key}</arg>
<doc>Fails if ``key`` is not found from ``dictionary``.</doc>
<status status="PASS" start="2024-04-27T02:23:51.747051" elapsed="0.000430"/>
</kw>
<kw name="Log" owner="BuiltIn">
<msg time="2024-04-27T02:23:51.748167" level="INFO">{'gender': 'male', 'name': {'title': 'Mr', 'first': 'Karl-Hermann', 'last': 'Möhle'}, 'location': {'street': {'number': 6755, 'name': 'Erlenweg'}, 'city': 'Weil Der Stadt', 'state': 'Rheinland-Pfalz', 'country': 'Germany', 'postcode': 79266, 'coordinates': {'latitude': '-48.8820', 'longitude': '-171.2898'}, 'timezone': {'offset': '+5:45', 'description': 'Kathmandu'}}, 'email': 'karl-hermann.mohle@example.com', 'login': {'uuid': '99ba4eac-4a20-4b11-ab96-7e1fb27ac437', 'username': 'organicgoose522', 'password': 'pumper', 'salt': 'qOjdTghA', 'md5': 'bee0a9ed77702e1ba383918f7aff9616', 'sha1': 'a711402957e0666dc85cc2f4218811da1054d135', 'sha256': '10f4545e9046873cb7a306a5e0eb271e503ce7290ed75cc9f7ccc79ac6a72529'}, 'dob': {'date': '1995-03-12T12:09:50.151Z', 'age': 29}, 'registered': {'date': '2003-10-01T06:36:43.249Z', 'age': 20}, 'phone': '0714-6832493', 'cell': '0171-2374167', 'id': {'name': 'SVNR', 'value': '21 120395 M 006'}, 'picture': {'large': 'https://randomuser.me/api/portraits/men/99.jpg', 'medium': 'https://randomuser.me/api/portraits/med/men/99.jpg', 'thumbnail': 'https://randomuser.me/api/portraits/thumb/men/99.jpg'}, 'nat': 'DE'}</msg>
<arg>${json_data['results'][0]}</arg>
<doc>Logs the given message with the given level.</doc>
<status status="PASS" start="2024-04-27T02:23:51.747803" elapsed="0.000413"/>
</kw>
<kw name="Log" owner="BuiltIn">
<msg time="2024-04-27T02:23:51.748640" level="INFO">name</msg>
<arg>${key}</arg>
<doc>Logs the given message with the given level.</doc>
<status status="PASS" start="2024-04-27T02:23:51.748514" elapsed="0.000163"/>
</kw>
<var name="${key}">name</var>
<status status="PASS" start="2024-04-27T02:23:51.746935" elapsed="0.001988"/>
</iter>
<iter>
<kw name="Dictionary Should Contain Key" owner="Collections">
<msg time="2024-04-27T02:23:51.749602" level="INFO">False</msg>
<arg>${json_data['results'][0]}</arg>
<arg>${key}</arg>
<doc>Fails if ``key`` is not found from ``dictionary``.</doc>
<status status="PASS" start="2024-04-27T02:23:51.749220" elapsed="0.000418"/>
</kw>
<kw name="Log" owner="BuiltIn">
<msg time="2024-04-27T02:23:51.750381" level="INFO">{'gender': 'male', 'name': {'title': 'Mr', 'first': 'Karl-Hermann', 'last': 'Möhle'}, 'location': {'street': {'number': 6755, 'name': 'Erlenweg'}, 'city': 'Weil Der Stadt', 'state': 'Rheinland-Pfalz', 'country': 'Germany', 'postcode': 79266, 'coordinates': {'latitude': '-48.8820', 'longitude': '-171.2898'}, 'timezone': {'offset': '+5:45', 'description': 'Kathmandu'}}, 'email': 'karl-hermann.mohle@example.com', 'login': {'uuid': '99ba4eac-4a20-4b11-ab96-7e1fb27ac437', 'username': 'organicgoose522', 'password': 'pumper', 'salt': 'qOjdTghA', 'md5': 'bee0a9ed77702e1ba383918f7aff9616', 'sha1': 'a711402957e0666dc85cc2f4218811da1054d135', 'sha256': '10f4545e9046873cb7a306a5e0eb271e503ce7290ed75cc9f7ccc79ac6a72529'}, 'dob': {'date': '1995-03-12T12:09:50.151Z', 'age': 29}, 'registered': {'date': '2003-10-01T06:36:43.249Z', 'age': 20}, 'phone': '0714-6832493', 'cell': '0171-2374167', 'id': {'name': 'SVNR', 'value': '21 120395 M 006'}, 'picture': {'large': 'https://randomuser.me/api/portraits/men/99.jpg', 'medium': 'https://randomuser.me/api/portraits/med/men/99.jpg', 'thumbnail': 'https://randomuser.me/api/portraits/thumb/men/99.jpg'}, 'nat': 'DE'}</msg>
<arg>${json_data['results'][0]}</arg>
<doc>Logs the given message with the given level.</doc>
<status status="PASS" start="2024-04-27T02:23:51.749974" elapsed="0.000457"/>
</kw>
<kw name="Log" owner="BuiltIn">
<msg time="2024-04-27T02:23:51.750901" level="INFO">location</msg>
<arg>${key}</arg>
<doc>Logs the given message with the given level.</doc>
<status status="PASS" start="2024-04-27T02:23:51.750751" elapsed="0.000205"/>
</kw>
<var name="${key}">location</var>
<status status="PASS" start="2024-04-27T02:23:51.749106" elapsed="0.002103"/>
</iter>
<iter>
<kw name="Dictionary Should Contain Key" owner="Collections">
<msg time="2024-04-27T02:23:51.751878" level="INFO">False</msg>
<arg>${json_data['results'][0]}</arg>
<arg>${key}</arg>
<doc>Fails if ``key`` is not found from ``dictionary``.</doc>
<status status="PASS" start="2024-04-27T02:23:51.751495" elapsed="0.000420"/>
</kw>
<kw name="Log" owner="BuiltIn">
<msg time="2024-04-27T02:23:51.752590" level="INFO">{'gender': 'male', 'name': {'title': 'Mr', 'first': 'Karl-Hermann', 'last': 'Möhle'}, 'location': {'street': {'number': 6755, 'name': 'Erlenweg'}, 'city': 'Weil Der Stadt', 'state': 'Rheinland-Pfalz', 'country': 'Germany', 'postcode': 79266, 'coordinates': {'latitude': '-48.8820', 'longitude': '-171.2898'}, 'timezone': {'offset': '+5:45', 'description': 'Kathmandu'}}, 'email': 'karl-hermann.mohle@example.com', 'login': {'uuid': '99ba4eac-4a20-4b11-ab96-7e1fb27ac437', 'username': 'organicgoose522', 'password': 'pumper', 'salt': 'qOjdTghA', 'md5': 'bee0a9ed77702e1ba383918f7aff9616', 'sha1': 'a711402957e0666dc85cc2f4218811da1054d135', 'sha256': '10f4545e9046873cb7a306a5e0eb271e503ce7290ed75cc9f7ccc79ac6a72529'}, 'dob': {'date': '1995-03-12T12:09:50.151Z', 'age': 29}, 'registered': {'date': '2003-10-01T06:36:43.249Z', 'age': 20}, 'phone': '0714-6832493', 'cell': '0171-2374167', 'id': {'name': 'SVNR', 'value': '21 120395 M 006'}, 'picture': {'large': 'https://randomuser.me/api/portraits/men/99.jpg', 'medium': 'https://randomuser.me/api/portraits/med/men/99.jpg', 'thumbnail': 'https://randomuser.me/api/portraits/thumb/men/99.jpg'}, 'nat': 'DE'}</msg>
<arg>${json_data['results'][0]}</arg>
<doc>Logs the given message with the given level.</doc>
<status status="PASS" start="2024-04-27T02:23:51.752225" elapsed="0.000414"/>
</kw>
<kw name="Log" owner="BuiltIn">
<msg time="2024-04-27T02:23:51.753094" level="INFO">email</msg>
<arg>${key}</arg>
<doc>Logs the given message with the given level.</doc>
<status status="PASS" start="2024-04-27T02:23:51.752964" elapsed="0.000169"/>
</kw>
<var name="${key}">email</var>
<status status="PASS" start="2024-04-27T02:23:51.751383" elapsed="0.001968"/>
</iter>
<iter>
<kw name="Dictionary Should Contain Key" owner="Collections">
<msg time="2024-04-27T02:23:51.754009" level="INFO">False</msg>
<arg>${json_data['results'][0]}</arg>
<arg>${key}</arg>
<doc>Fails if ``key`` is not found from ``dictionary``.</doc>
<status status="PASS" start="2024-04-27T02:23:51.753630" elapsed="0.000416"/>
</kw>
<kw name="Log" owner="BuiltIn">
<msg time="2024-04-27T02:23:51.754718" level="INFO">{'gender': 'male', 'name': {'title': 'Mr', 'first': 'Karl-Hermann', 'last': 'Möhle'}, 'location': {'street': {'number': 6755, 'name': 'Erlenweg'}, 'city': 'Weil Der Stadt', 'state': 'Rheinland-Pfalz', 'country': 'Germany', 'postcode': 79266, 'coordinates': {'latitude': '-48.8820', 'longitude': '-171.2898'}, 'timezone': {'offset': '+5:45', 'description': 'Kathmandu'}}, 'email': 'karl-hermann.mohle@example.com', 'login': {'uuid': '99ba4eac-4a20-4b11-ab96-7e1fb27ac437', 'username': 'organicgoose522', 'password': 'pumper', 'salt': 'qOjdTghA', 'md5': 'bee0a9ed77702e1ba383918f7aff9616', 'sha1': 'a711402957e0666dc85cc2f4218811da1054d135', 'sha256': '10f4545e9046873cb7a306a5e0eb271e503ce7290ed75cc9f7ccc79ac6a72529'}, 'dob': {'date': '1995-03-12T12:09:50.151Z', 'age': 29}, 'registered': {'date': '2003-10-01T06:36:43.249Z', 'age': 20}, 'phone': '0714-6832493', 'cell': '0171-2374167', 'id': {'name': 'SVNR', 'value': '21 120395 M 006'}, 'picture': {'large': 'https://randomuser.me/api/portraits/men/99.jpg', 'medium': 'https://randomuser.me/api/portraits/med/men/99.jpg', 'thumbnail': 'https://randomuser.me/api/portraits/thumb/men/99.jpg'}, 'nat': 'DE'}</msg>
<arg>${json_data['results'][0]}</arg>
<doc>Logs the given message with the given level.</doc>
<status status="PASS" start="2024-04-27T02:23:51.754342" elapsed="0.000425"/>
</kw>
<kw name="Log" owner="BuiltIn">
<msg time="2024-04-27T02:23:51.755230" level="INFO">login</msg>
<arg>${key}</arg>
<doc>Logs the given message with the given level.</doc>
<status status="PASS" start="2024-04-27T02:23:51.755088" elapsed="0.000181"/>
</kw>
<var name="${key}">login</var>
<status status="PASS" start="2024-04-27T02:23:51.753520" elapsed="0.001990"/>
</iter>
<var>${key}</var>
<value>@{expected_keys}</value>
<status status="PASS" start="2024-04-27T02:23:51.744568" elapsed="0.011067"/>
</for>
<kw name="Create List" owner="BuiltIn">
<msg time="2024-04-27T02:23:51.755984" level="INFO">${expected_keysTwo} = ['username', 'password']</msg>
<var>${expected_keysTwo}</var>
<arg>username</arg>
<arg>password</arg>
<doc>Returns a list containing given items.</doc>
<status status="PASS" start="2024-04-27T02:23:51.755827" elapsed="0.000181"/>
</kw>
<for flavor="IN">
<iter>
<kw name="Dictionary Should Contain Key" owner="Collections">
<msg time="2024-04-27T02:23:51.756975" level="INFO">False</msg>
<arg>${json_data['results'][0]['login']}</arg>
<arg>${keyTwo}</arg>
<doc>Fails if ``key`` is not found from ``dictionary``.</doc>
<status status="PASS" start="2024-04-27T02:23:51.756541" elapsed="0.000473"/>
</kw>
<kw name="Dictionary Should Contain Key" owner="Collections">
<msg time="2024-04-27T02:23:51.757694" level="INFO">False</msg>
<arg>${json_data['results'][0]['login']}</arg>
<arg>${keyTwo}</arg>
<doc>Fails if ``key`` is not found from ``dictionary``.</doc>
<status status="PASS" start="2024-04-27T02:23:51.757312" elapsed="0.000419"/>
</kw>
<kw name="Log" owner="BuiltIn">
<msg time="2024-04-27T02:23:51.758151" level="INFO">username</msg>
<arg>${keyTwo}</arg>
<doc>Logs the given message with the given level.</doc>
<status status="PASS" start="2024-04-27T02:23:51.758025" elapsed="0.000168"/>
</kw>
<var name="${keyTwo}">username</var>
<status status="PASS" start="2024-04-27T02:23:51.756430" elapsed="0.001978"/>
</iter>
<iter>
<kw name="Dictionary Should Contain Key" owner="Collections">
<msg time="2024-04-27T02:23:51.759151" level="INFO">False</msg>
<arg>${json_data['results'][0]['login']}</arg>
<arg>${keyTwo}</arg>
<doc>Fails if ``key`` is not found from ``dictionary``.</doc>
<status status="PASS" start="2024-04-27T02:23:51.758687" elapsed="0.000511"/>
</kw>
<kw name="Dictionary Should Contain Key" owner="Collections">
<msg time="2024-04-27T02:23:51.759873" level="INFO">False</msg>
<arg>${json_data['results'][0]['login']}</arg>
<arg>${keyTwo}</arg>
<doc>Fails if ``key`` is not found from ``dictionary``.</doc>
<status status="PASS" start="2024-04-27T02:23:51.759494" elapsed="0.000416"/>
</kw>
<kw name="Log" owner="BuiltIn">
<msg time="2024-04-27T02:23:51.760335" level="INFO">password</msg>
<arg>${keyTwo}</arg>
<doc>Logs the given message with the given level.</doc>
<status status="PASS" start="2024-04-27T02:23:51.760207" elapsed="0.000164"/>
</kw>
<var name="${keyTwo}">password</var>
<status status="PASS" start="2024-04-27T02:23:51.758577" elapsed="0.002010"/>
</iter>
<var>${keyTwo}</var>
<value>@{expected_keysTwo}</value>
<status status="PASS" start="2024-04-27T02:23:51.756271" elapsed="0.004438"/>
</for>
<status status="PASS" start="2024-04-27T02:23:51.639631" elapsed="0.121240"/>
</kw>
<doc>Testa a estrutura da resposta da API.</doc>
<tag>testeEstruturaResposta</tag>
<status status="PASS" start="2024-04-27T02:23:51.639082" elapsed="0.121952"/>
</test>
<test id="s1-s1-t4" name="Validar tipos de dados" line="28">
<kw name="Teste de Tipos de Dados" owner="random-user-service">
<kw name="GET On Session" owner="RequestsLibrary">
<msg time="2024-04-27T02:23:51.836168" level="INFO">GET Request : url=https://randomuser.me/api 
 path_url=/api 
 headers={'User-Agent': 'python-requests/2.31.0', 'Accept-Encoding': 'gzip, deflate', 'Accept': '*/*', 'Connection': 'keep-alive'} 
 body=None 
 </msg>
<msg time="2024-04-27T02:23:51.836265" level="INFO">GET Response : url=https://randomuser.me/api 
 status=200, reason=OK 
 headers={'Date': 'Sat, 27 Apr 2024 02:23:51 GMT', 'Content-Type': 'application/json; charset=utf-8', 'Transfer-Encoding': 'chunked', 'Connection': 'keep-alive', 'X-Powered-By': 'Express', 'Access-Control-Allow-Origin': '*', 'Cache-Control': 'no-cache', 'ETag': 'W/"48b-QgUwR4HpmDRevlLjVfogk7BPgDg"', 'Vary': 'Accept-Encoding', 'Content-Encoding': 'gzip', 'CF-Cache-Status': 'DYNAMIC', 'Report-To': '{"endpoints":[{"url":"https:\\/\\/a.nel.cloudflare.com\\/report\\/v4?s=WwiDAqBAonM%2BYG240D6WEzq1DxXygfSF4nqyzh9A0di511Hzm030JqJEveFceriBBOMNoARjFgCdsBNz55hKfGkU1o66wofyowa2aldcdHd0atu4o248GA3yPHTP%2FAGq"}],"group":"cf-nel","max_age":604800}', 'NEL': '{"success_fraction":0,"report_to":"cf-nel","max_age":604800}', 'Server': 'cloudflare', 'CF-RAY': '87ab5a5c887f87a2-IAD', 'alt-svc': 'h3=":443"; ma=86400'} 
 body={"results":[{"gender":"female","name":{"title":"Ms","first":"Olga","last":"Popović"},"location":{"street":{"number":1941,"name":"Radomira Putnika"},"city":"Lučani","state":"West Bačka","country":"Serbia","postcode":89077,"coordinates":{"latitude":"60.6645","longitude":"67.9794"},"timezone":{"offset":"-8:00","description":"Pacific Time (US &amp; Canada)"}},"email":"olga.popovic@example.com","login":{"uuid":"a8e23b7f-e730-428c-b8ba-745c3f1d4285","username":"purplekoala348","password":"ranger","salt":"EpckGW8H","md5":"012df82e2837863827dbf4b0c5f3d747","sha1":"f4f47131e3941895d4846c1f4f6f90a53139d486","sha256":"20856160df6dd28198d6721ae86531bb4df6f36fd27e7f33cff295e4cd64b9fa"},"dob":{"date":"1965-01-07T19:58:51.995Z","age":59},"registered":{"date":"2017-07-24T14:36:54.902Z","age":6},"phone":"030-8215-330","cell":"063-6572-278","id":{"name":"SID","value":"433841274"},"picture":{"large":"https://randomuser.me/api/portraits/women/18.jpg","medium":"https://randomuser.me/api/portraits/med/women/18.jpg","thumbnail":"https://randomuser.me/api/portraits/thumb/women/18.jpg"},"nat":"RS"}],"info":{"seed":"b3a5e7b3a72ea25e","results":1,"page":1,"version":"1.4"}} 
 </msg>
<msg time="2024-04-27T02:23:51.836351" level="INFO">/opt/hostedtoolcache/Python/3.12.3/x64/lib/python3.12/site-packages/urllib3/connectionpool.py:1103: InsecureRequestWarning: Unverified HTTPS request is being made to host 'randomuser.me'. Adding certificate verification is strongly advised. See: https://urllib3.readthedocs.io/en/latest/advanced-usage.html#tls-warnings
  warnings.warn(</msg>
<msg time="2024-04-27T02:23:51.836505" level="INFO">${response} = &lt;Response [200]&gt;</msg>
<var>${response}</var>
<arg>consultarAPI</arg>
<arg>/api</arg>
<doc>Sends a GET request on a previously created HTTP Session.</doc>
<status status="PASS" start="2024-04-27T02:23:51.763563" elapsed="0.072993"/>
</kw>
<kw name="Set Variable" owner="BuiltIn">
<msg time="2024-04-27T02:23:51.837516" level="INFO">${json_data} = {'results': [{'gender': 'female', 'name': {'title': 'Ms', 'first': 'Olga', 'last': 'Popović'}, 'location': {'street': {'number': 1941, 'name': 'Radomira Putnika'}, 'city': 'Lučani', 'state': 'West Bač...</msg>
<var>${json_data}</var>
<arg>${response.json()}</arg>
<doc>Returns the given values which can then be assigned to a variables.</doc>
<status status="PASS" start="2024-04-27T02:23:51.837027" elapsed="0.000520"/>
</kw>
<kw name="Log" owner="BuiltIn">
<msg time="2024-04-27T02:23:51.838025" level="INFO">{'results': [{'gender': 'female', 'name': {'title': 'Ms', 'first': 'Olga', 'last': 'Popović'}, 'location': {'street': {'number': 1941, 'name': 'Radomira Putnika'}, 'city': 'Lučani', 'state': 'West Bačka', 'country': 'Serbia', 'postcode': 89077, 'coordinates': {'latitude': '60.6645', 'longitude': '67.9794'}, 'timezone': {'offset': '-8:00', 'description': 'Pacific Time (US &amp; Canada)'}}, 'email': 'olga.popovic@example.com', 'login': {'uuid': 'a8e23b7f-e730-428c-b8ba-745c3f1d4285', 'username': 'purplekoala348', 'password': 'ranger', 'salt': 'EpckGW8H', 'md5': '012df82e2837863827dbf4b0c5f3d747', 'sha1': 'f4f47131e3941895d4846c1f4f6f90a53139d486', 'sha256': '20856160df6dd28198d6721ae86531bb4df6f36fd27e7f33cff295e4cd64b9fa'}, 'dob': {'date': '1965-01-07T19:58:51.995Z', 'age': 59}, 'registered': {'date': '2017-07-24T14:36:54.902Z', 'age': 6}, 'phone': '030-8215-330', 'cell': '063-6572-278', 'id': {'name': 'SID', 'value': '433841274'}, 'picture': {'large': 'https://randomuser.me/api/portraits/women/18.jpg', 'medium': 'https://randomuser.me/api/portraits/med/women/18.jpg', 'thumbnail': 'https://randomuser.me/api/portraits/thumb/women/18.jpg'}, 'nat': 'RS'}], 'info': {'seed': 'b3a5e7b3a72ea25e', 'results': 1, 'page': 1, 'version': '1.4'}}</msg>
<arg>${json_data}</arg>
<doc>Logs the given message with the given level.</doc>
<status status="PASS" start="2024-04-27T02:23:51.837867" elapsed="0.000244"/>
</kw>
<kw name="Should Be String" owner="String">
<arg>${json_data['results'][0]['gender']}</arg>
<doc>Fails if the given ``item`` is not a string.</doc>
<status status="PASS" start="2024-04-27T02:23:51.838412" elapsed="0.000367"/>
</kw>
<kw name="Should Match Regexp" owner="BuiltIn">
<arg>${json_data['results'][0]['email']}</arg>
<arg>^[a-zA-Z0-9._%+-]+@[a-zA-Z0-9.-]+\.[a-zA-Z]{2,}$</arg>
<doc>Fails if ``string`` does not match ``pattern`` as a regular expression.</doc>
<status status="PASS" start="2024-04-27T02:23:51.838976" elapsed="0.000522"/>
</kw>
<kw name="Should Match Regexp" owner="BuiltIn">
<arg>${json_data['results'][0]['dob']['date']}</arg>
<arg>\\d{4}-\\d{2}-\\d{2}T\\d{2}:\\d{2}:\\d{2}\\.\\d{3}Z</arg>
<doc>Fails if ``string`` does not match ``pattern`` as a regular expression.</doc>
<status status="PASS" start="2024-04-27T02:23:51.839696" elapsed="0.000485"/>
</kw>
<kw name="Should Match Regexp" owner="BuiltIn">
<arg>${json_data['results'][0]['registered']['date']}</arg>
<arg>\\d{4}-\\d{2}-\\d{2}T\\d{2}:\\d{2}:\\d{2}\\.\\d{3}Z</arg>
<doc>Fails if ``string`` does not match ``pattern`` as a regular expression.</doc>
<status status="PASS" start="2024-04-27T02:23:51.840374" elapsed="0.000373"/>
</kw>
<kw name="Should Match Regexp" owner="BuiltIn">
<arg>${json_data['results'][0]['picture']['large']}</arg>
<arg>^https?://.*\.(?:png|jpe?g|gif|bmp)$</arg>
<doc>Fails if ``string`` does not match ``pattern`` as a regular expression.</doc>
<status status="PASS" start="2024-04-27T02:23:51.840965" elapsed="0.000473"/>
</kw>
<kw name="Should Match Regexp" owner="BuiltIn">
<arg>${json_data['results'][0]['picture']['medium']}</arg>
<arg>^https?://.*\.(?:png|jpe?g|gif|bmp)$</arg>
<doc>Fails if ``string`` does not match ``pattern`` as a regular expression.</doc>
<status status="PASS" start="2024-04-27T02:23:51.841630" elapsed="0.000362"/>
</kw>
<kw name="Should Match Regexp" owner="BuiltIn">
<arg>${json_data['results'][0]['picture']['thumbnail']}</arg>
<arg>^https?://.*\.(?:png|jpe?g|gif|bmp)$</arg>
<doc>Fails if ``string`` does not match ``pattern`` as a regular expression.</doc>
<status status="PASS" start="2024-04-27T02:23:51.842181" elapsed="0.000354"/>
</kw>
<kw name="Log" owner="BuiltIn">
<msg time="2024-04-27T02:23:51.843039" level="INFO">{'large': 'https://randomuser.me/api/portraits/women/18.jpg', 'medium': 'https://randomuser.me/api/portraits/med/women/18.jpg', 'thumbnail': 'https://randomuser.me/api/portraits/thumb/women/18.jpg'}</msg>
<arg>${json_data['results'][0]['picture']}</arg>
<doc>Logs the given message with the given level.</doc>
<status status="PASS" start="2024-04-27T02:23:51.842717" elapsed="0.000364"/>
</kw>
<status status="PASS" start="2024-04-27T02:23:51.763334" elapsed="0.080002"/>
</kw>
<kw name="Teste de Tipos de Dados - Postcode" owner="random-user-service">
<kw name="GET On Session" owner="RequestsLibrary">
<msg time="2024-04-27T02:23:51.936461" level="INFO">GET Request : url=https://randomuser.me/api 
 path_url=/api 
 headers={'User-Agent': 'python-requests/2.31.0', 'Accept-Encoding': 'gzip, deflate', 'Accept': '*/*', 'Connection': 'keep-alive'} 
 body=None 
 </msg>
<msg time="2024-04-27T02:23:51.936564" level="INFO">GET Response : url=https://randomuser.me/api 
 status=200, reason=OK 
 headers={'Date': 'Sat, 27 Apr 2024 02:23:51 GMT', 'Content-Type': 'application/json; charset=utf-8', 'Transfer-Encoding': 'chunked', 'Connection': 'keep-alive', 'X-Powered-By': 'Express', 'Access-Control-Allow-Origin': '*', 'Cache-Control': 'no-cache', 'ETag': 'W/"4a5-k32kX5lsmH6ODynbgMRJR7vP94A"', 'Vary': 'Accept-Encoding', 'Content-Encoding': 'gzip', 'CF-Cache-Status': 'DYNAMIC', 'Report-To': '{"endpoints":[{"url":"https:\\/\\/a.nel.cloudflare.com\\/report\\/v4?s=HbpULaMr0uNDfy52t2Hls85mm5ayjcTLDfo1iQwakkWcpXT9h96YkaIkMtD2soTAKVR9vMrMlFJltH4wzTLhbUWrk%2B6wpLXc5MNRqTDjynElQTHIC54oWBl9%2BWxswcAc"}],"group":"cf-nel","max_age":604800}', 'NEL': '{"success_fraction":0,"report_to":"cf-nel","max_age":604800}', 'Server': 'cloudflare', 'CF-RAY': '87ab5a5d095d87a2-IAD', 'alt-svc': 'h3=":443"; ma=86400'} 
 body={"results":[{"gender":"female","name":{"title":"Mrs","first":"Anka","last":"Damjanović"},"location":{"street":{"number":5254,"name":"Žiže Markovića"},"city":"Zaječar","state":"Zaječar","country":"Serbia","postcode":28847,"coordinates":{"latitude":"61.6169","longitude":"177.6131"},"timezone":{"offset":"+5:00","description":"Ekaterinburg, Islamabad, Karachi, Tashkent"}},"email":"anka.damjanovic@example.com","login":{"uuid":"118a8fff-32b6-4cee-ac77-38b5515f4699","username":"heavyelephant552","password":"janine","salt":"iTyV45kW","md5":"dcd2e5369d6ef0c350298d402c3ec4a2","sha1":"1d83072eed6fe7d96d944624a3889c1f9413154e","sha256":"ef0da95fe49489bed9ffbe5f7d087818fafd75ed77b42267d00bf3548d281a0e"},"dob":{"date":"1984-08-06T00:22:03.207Z","age":39},"registered":{"date":"2009-01-18T10:49:55.275Z","age":15},"phone":"013-9236-568","cell":"069-6129-610","id":{"name":"SID","value":"925643691"},"picture":{"large":"https://randomuser.me/api/portraits/women/31.jpg","medium":"https://randomuser.me/api/portraits/med/women/31.jpg","thumbnail":"https://randomuser.me/api/portraits/thumb/women/31.jpg"},"nat":"RS"}],"info":{"seed":"95835746185e0363","results":1,"page":1,"version":"1.4"}} 
 </msg>
<msg time="2024-04-27T02:23:51.936650" level="INFO">/opt/hostedtoolcache/Python/3.12.3/x64/lib/python3.12/site-packages/urllib3/connectionpool.py:1103: InsecureRequestWarning: Unverified HTTPS request is being made to host 'randomuser.me'. Adding certificate verification is strongly advised. See: https://urllib3.readthedocs.io/en/latest/advanced-usage.html#tls-warnings
  warnings.warn(</msg>
<msg time="2024-04-27T02:23:51.936807" level="INFO">${response} = &lt;Response [200]&gt;</msg>
<var>${response}</var>
<arg>consultarAPI</arg>
<arg>/api</arg>
<doc>Sends a GET request on a previously created HTTP Session.</doc>
<status status="PASS" start="2024-04-27T02:23:51.843791" elapsed="0.093094"/>
</kw>
<kw name="Set Variable" owner="BuiltIn">
<msg time="2024-04-27T02:23:51.937888" level="INFO">${json_data} = {'results': [{'gender': 'female', 'name': {'title': 'Mrs', 'first': 'Anka', 'last': 'Damjanović'}, 'location': {'street': {'number': 5254, 'name': 'Žiže Markovića'}, 'city': 'Zaječar', 'state': 'Zaječ...</msg>
<var>${json_data}</var>
<arg>${response.json()}</arg>
<doc>Returns the given values which can then be assigned to a variables.</doc>
<status status="PASS" start="2024-04-27T02:23:51.937360" elapsed="0.000558"/>
</kw>
<kw name="Log" owner="BuiltIn">
<msg time="2024-04-27T02:23:51.938414" level="INFO">{'results': [{'gender': 'female', 'name': {'title': 'Mrs', 'first': 'Anka', 'last': 'Damjanović'}, 'location': {'street': {'number': 5254, 'name': 'Žiže Markovića'}, 'city': 'Zaječar', 'state': 'Zaječar', 'country': 'Serbia', 'postcode': 28847, 'coordinates': {'latitude': '61.6169', 'longitude': '177.6131'}, 'timezone': {'offset': '+5:00', 'description': 'Ekaterinburg, Islamabad, Karachi, Tashkent'}}, 'email': 'anka.damjanovic@example.com', 'login': {'uuid': '118a8fff-32b6-4cee-ac77-38b5515f4699', 'username': 'heavyelephant552', 'password': 'janine', 'salt': 'iTyV45kW', 'md5': 'dcd2e5369d6ef0c350298d402c3ec4a2', 'sha1': '1d83072eed6fe7d96d944624a3889c1f9413154e', 'sha256': 'ef0da95fe49489bed9ffbe5f7d087818fafd75ed77b42267d00bf3548d281a0e'}, 'dob': {'date': '1984-08-06T00:22:03.207Z', 'age': 39}, 'registered': {'date': '2009-01-18T10:49:55.275Z', 'age': 15}, 'phone': '013-9236-568', 'cell': '069-6129-610', 'id': {'name': 'SID', 'value': '925643691'}, 'picture': {'large': 'https://randomuser.me/api/portraits/women/31.jpg', 'medium': 'https://randomuser.me/api/portraits/med/women/31.jpg', 'thumbnail': 'https://randomuser.me/api/portraits/thumb/women/31.jpg'}, 'nat': 'RS'}], 'info': {'seed': '95835746185e0363', 'results': 1, 'page': 1, 'version': '1.4'}}</msg>
<arg>${json_data}</arg>
<doc>Logs the given message with the given level.</doc>
<status status="PASS" start="2024-04-27T02:23:51.938252" elapsed="0.000246"/>
</kw>
<kw name="Should Be Equal As Numbers" owner="BuiltIn">
<arg>${json_data['results'][0]['location']['postcode']}</arg>
<arg>${json_data['results'][0]['location']['postcode']}</arg>
<doc>Fails if objects are unequal after converting them to real numbers.</doc>
<status status="PASS" start="2024-04-27T02:23:51.938975" elapsed="0.000640"/>
</kw>
<kw name="Log" owner="BuiltIn">
<msg time="2024-04-27T02:23:51.940148" level="INFO">28847</msg>
<arg>${json_data['results'][0]['location']['postcode']}</arg>
<doc>Logs the given message with the given level.</doc>
<status status="PASS" start="2024-04-27T02:23:51.939811" elapsed="0.000385"/>
</kw>
<status status="PASS" start="2024-04-27T02:23:51.843558" elapsed="0.096907"/>
</kw>
<doc>Testa se os tipos de dados na resposta da API estão corretos.</doc>
<tag>testeTiposDados</tag>
<status status="PASS" start="2024-04-27T02:23:51.762795" elapsed="0.177841"/>
</test>
<test id="s1-s1-t5" name="Validar conteudo" line="35">
<kw name="Teste de Tipos de Conteudo" owner="random-user-service">
<kw name="GET On Session" owner="RequestsLibrary">
<msg time="2024-04-27T02:23:52.033220" level="INFO">GET Request : url=https://randomuser.me/api 
 path_url=/api 
 headers={'User-Agent': 'python-requests/2.31.0', 'Accept-Encoding': 'gzip, deflate', 'Accept': '*/*', 'Connection': 'keep-alive'} 
 body=None 
 </msg>
<msg time="2024-04-27T02:23:52.033300" level="INFO">GET Response : url=https://randomuser.me/api 
 status=200, reason=OK 
 headers={'Date': 'Sat, 27 Apr 2024 02:23:52 GMT', 'Content-Type': 'application/json; charset=utf-8', 'Transfer-Encoding': 'chunked', 'Connection': 'keep-alive', 'X-Powered-By': 'Express', 'Access-Control-Allow-Origin': '*', 'Cache-Control': 'no-cache', 'ETag': 'W/"4a0-I9cQ4v96HPpBjB4cjHAjT/NYoos"', 'Vary': 'Accept-Encoding', 'Content-Encoding': 'gzip', 'CF-Cache-Status': 'DYNAMIC', 'Report-To': '{"endpoints":[{"url":"https:\\/\\/a.nel.cloudflare.com\\/report\\/v4?s=APiR3nBG0X9NYgBjMVgwWfasBP9IuRejHb5pFhTW5JUGRseonUKMComFIjAH4vG%2BeockBDsxNh0PK6a7yms4nCvWYstnDohjRu1%2Bx1Va3rsgS2EnAN9%2FPPlhr8rV%2FdsL"}],"group":"cf-nel","max_age":604800}', 'NEL': '{"success_fraction":0,"report_to":"cf-nel","max_age":604800}', 'Server': 'cloudflare', 'CF-RAY': '87ab5a5daa4387a2-IAD', 'alt-svc': 'h3=":443"; ma=86400'} 
 body={"results":[{"gender":"female","name":{"title":"Mrs","first":"Amy","last":"Meyer"},"location":{"street":{"number":2941,"name":"W Pecan St"},"city":"San Bernardino","state":"Arkansas","country":"United States","postcode":59667,"coordinates":{"latitude":"84.9795","longitude":"36.6375"},"timezone":{"offset":"-5:00","description":"Eastern Time (US &amp; Canada), Bogota, Lima"}},"email":"amy.meyer@example.com","login":{"uuid":"09644ec1-832f-4b77-b6a2-ad8d1eec89ac","username":"blackostrich850","password":"october","salt":"ph7RCB8y","md5":"396fe3c6e3cc9ffc603e96016997d56b","sha1":"904740475b81cb1fb1fbc84e23a3d2fb0d5cf184","sha256":"f86672c660df5f22182acf1bbf1ce9ccf29e49217523684991a5064ffc07d8cf"},"dob":{"date":"1974-12-27T07:19:09.667Z","age":49},"registered":{"date":"2018-08-11T16:18:26.327Z","age":5},"phone":"(987) 666-8457","cell":"(728) 641-5908","id":{"name":"SSN","value":"692-01-5712"},"picture":{"large":"https://randomuser.me/api/portraits/women/10.jpg","medium":"https://randomuser.me/api/portraits/med/women/10.jpg","thumbnail":"https://randomuser.me/api/portraits/thumb/women/10.jpg"},"nat":"US"}],"info":{"seed":"9ca09eec5fca881f","results":1,"page":1,"version":"1.4"}} 
 </msg>
<msg time="2024-04-27T02:23:52.033366" level="INFO">/opt/hostedtoolcache/Python/3.12.3/x64/lib/python3.12/site-packages/urllib3/connectionpool.py:1103: InsecureRequestWarning: Unverified HTTPS request is being made to host 'randomuser.me'. Adding certificate verification is strongly advised. See: https://urllib3.readthedocs.io/en/latest/advanced-usage.html#tls-warnings
  warnings.warn(</msg>
<msg time="2024-04-27T02:23:52.033488" level="INFO">${response} = &lt;Response [200]&gt;</msg>
<var>${response}</var>
<arg>consultarAPI</arg>
<arg>/api</arg>
<doc>Sends a GET request on a previously created HTTP Session.</doc>
<status status="PASS" start="2024-04-27T02:23:51.943257" elapsed="0.090273"/>
</kw>
<kw name="Set Variable" owner="BuiltIn">
<msg time="2024-04-27T02:23:52.034428" level="INFO">${json_data} = {'results': [{'gender': 'female', 'name': {'title': 'Mrs', 'first': 'Amy', 'last': 'Meyer'}, 'location': {'street': {'number': 2941, 'name': 'W Pecan St'}, 'city': 'San Bernardino', 'state': 'Arkansas...</msg>
<var>${json_data}</var>
<arg>${response.json()}</arg>
<doc>Returns the given values which can then be assigned to a variables.</doc>
<status status="PASS" start="2024-04-27T02:23:52.033958" elapsed="0.000499"/>
</kw>
<kw name="Set Variable" owner="BuiltIn">
<msg time="2024-04-27T02:23:52.035150" level="INFO">${name_title} = Mrs</msg>
<var>${name_title}</var>
<arg>${json_data["results"][0]["name"]["title"]}</arg>
<doc>Returns the given values which can then be assigned to a variables.</doc>
<status status="PASS" start="2024-04-27T02:23:52.034765" elapsed="0.000411"/>
</kw>
<kw name="Create List" owner="BuiltIn">
<msg time="2024-04-27T02:23:52.035621" level="INFO">${allowed_titles} = ['Mr', 'Ms', 'Miss', 'Mrs', 'Madame', 'Monsieur']</msg>
<var>${allowed_titles}</var>
<arg>Mr</arg>
<arg>Ms</arg>
<arg>Miss</arg>
<arg>Mrs</arg>
<arg>Madame</arg>
<arg>Monsieur</arg>
<doc>Returns a list containing given items.</doc>
<status status="PASS" start="2024-04-27T02:23:52.035475" elapsed="0.000170"/>
</kw>
<kw name="List Should Contain Value" owner="Collections">
<msg time="2024-04-27T02:23:52.036116" level="INFO">False</msg>
<arg>${allowed_titles}</arg>
<arg>${name_title}</arg>
<doc>Fails if the ``value`` is not found from ``list``.</doc>
<status status="PASS" start="2024-04-27T02:23:52.035943" elapsed="0.000210"/>
</kw>
<kw name="Set Variable" owner="BuiltIn">
<msg time="2024-04-27T02:23:52.036821" level="INFO">${name_country} = US</msg>
<var>${name_country}</var>
<arg>${json_data["results"][0]["nat"]}</arg>
<doc>Returns the given values which can then be assigned to a variables.</doc>
<status status="PASS" start="2024-04-27T02:23:52.036440" elapsed="0.000429"/>
</kw>
<kw name="Create List" owner="BuiltIn">
<msg time="2024-04-27T02:23:52.037763" level="INFO">${list_country} = ['AD', 'AE', 'AF', 'AG', 'AI', 'AL', 'AM', 'AO', 'AQ', 'AR', 'AS', 'AT', 'AU', 'AW', 'AX', 'AZ', 'BA', 'BB', 'BD', 'BE', 'BF', 'BG', 'BH', 'BI', 'BJ', 'BL', 'BM', 'BN', 'BO', 'BQ', 'BR', 'BS', 'BT', '...</msg>
<var>${list_country}</var>
<arg>AD</arg>
<arg>AE</arg>
<arg>AF</arg>
<arg>AG</arg>
<arg>AI</arg>
<arg>AL</arg>
<arg>AM</arg>
<arg>AO</arg>
<arg>AQ</arg>
<arg>AR</arg>
<arg>AS</arg>
<arg>AT</arg>
<arg>AU</arg>
<arg>AW</arg>
<arg>AX</arg>
<arg>AZ</arg>
<arg>BA</arg>
<arg>BB</arg>
<arg>BD</arg>
<arg>BE</arg>
<arg>BF</arg>
<arg>BG</arg>
<arg>BH</arg>
<arg>BI</arg>
<arg>BJ</arg>
<arg>BL</arg>
<arg>BM</arg>
<arg>BN</arg>
<arg>BO</arg>
<arg>BQ</arg>
<arg>BR</arg>
<arg>BS</arg>
<arg>BT</arg>
<arg>BV</arg>
<arg>BW</arg>
<arg>BY</arg>
<arg>BZ</arg>
<arg>CA</arg>
<arg>CC</arg>
<arg>CD</arg>
<arg>CF</arg>
<arg>CG</arg>
<arg>CH</arg>
<arg>CI</arg>
<arg>CK</arg>
<arg>CL</arg>
<arg>CM</arg>
<arg>CN</arg>
<arg>CO</arg>
<arg>CR</arg>
<arg>CU</arg>
<arg>CV</arg>
<arg>CW</arg>
<arg>CX</arg>
<arg>CY</arg>
<arg>CZ</arg>
<arg>DE</arg>
<arg>DJ</arg>
<arg>DK</arg>
<arg>DM</arg>
<arg>DO</arg>
<arg>DZ</arg>
<arg>EC</arg>
<arg>EE</arg>
<arg>EG</arg>
<arg>EH</arg>
<arg>ER</arg>
<arg>ES</arg>
<arg>ET</arg>
<arg>FI</arg>
<arg>FJ</arg>
<arg>FK</arg>
<arg>FM</arg>
<arg>FO</arg>
<arg>FR</arg>
<arg>GA</arg>
<arg>GB</arg>
<arg>GD</arg>
<arg>GE</arg>
<arg>GF</arg>
<arg>GG</arg>
<arg>GH</arg>
<arg>GI</arg>
<arg>GL</arg>
<arg>GM</arg>
<arg>GN</arg>
<arg>GP</arg>
<arg>GQ</arg>
<arg>GR</arg>
<arg>GS</arg>
<arg>GT</arg>
<arg>GU</arg>
<arg>GW</arg>
<arg>GY</arg>
<arg>HK</arg>
<arg>HM</arg>
<arg>HN</arg>
<arg>HR</arg>
<arg>HT</arg>
<arg>HU</arg>
<arg>ID</arg>
<arg>IE</arg>
<arg>IL</arg>
<arg>IM</arg>
<arg>IN</arg>
<arg>IO</arg>
<arg>IQ</arg>
<arg>IR</arg>
<arg>IS</arg>
<arg>IT</arg>
<arg>JE</arg>
<arg>JM</arg>
<arg>JO</arg>
<arg>JP</arg>
<arg>KE</arg>
<arg>KG</arg>
<arg>KH</arg>
<arg>KI</arg>
<arg>KM</arg>
<arg>KN</arg>
<arg>KP</arg>
<arg>KR</arg>
<arg>KW</arg>
<arg>KY</arg>
<arg>KZ</arg>
<arg>LA</arg>
<arg>LB</arg>
<arg>LC</arg>
<arg>LI</arg>
<arg>LK</arg>
<arg>LR</arg>
<arg>LS</arg>
<arg>LT</arg>
<arg>LU</arg>
<arg>LV</arg>
<arg>LY</arg>
<arg>MA</arg>
<arg>MC</arg>
<arg>MD</arg>
<arg>ME</arg>
<arg>MF</arg>
<arg>MG</arg>
<arg>MH</arg>
<arg>MK</arg>
<arg>ML</arg>
<arg>MM</arg>
<arg>MN</arg>
<arg>MO</arg>
<arg>MP</arg>
<arg>MQ</arg>
<arg>MR</arg>
<arg>MS</arg>
<arg>MT</arg>
<arg>MU</arg>
<arg>MV</arg>
<arg>MW</arg>
<arg>MX</arg>
<arg>MY</arg>
<arg>MZ</arg>
<arg>NA</arg>
<arg>NC</arg>
<arg>NE</arg>
<arg>NF</arg>
<arg>NG</arg>
<arg>NI</arg>
<arg>NL</arg>
<arg>NO</arg>
<arg>NP</arg>
<arg>NR</arg>
<arg>NU</arg>
<arg>NZ</arg>
<arg>OM</arg>
<arg>PA</arg>
<arg>PE</arg>
<arg>PF</arg>
<arg>PG</arg>
<arg>PH</arg>
<arg>PK</arg>
<arg>PL</arg>
<arg>PM</arg>
<arg>PN</arg>
<arg>PR</arg>
<arg>PS</arg>
<arg>PT</arg>
<arg>PW</arg>
<arg>PY</arg>
<arg>QA</arg>
<arg>RE</arg>
<arg>RO</arg>
<arg>RS</arg>
<arg>RU</arg>
<arg>RW</arg>
<arg>SA</arg>
<arg>SB</arg>
<arg>SC</arg>
<arg>SD</arg>
<arg>SE</arg>
<arg>SG</arg>
<arg>SH</arg>
<arg>SI</arg>
<arg>SJ</arg>
<arg>SK</arg>
<arg>SL</arg>
<arg>SM</arg>
<arg>SN</arg>
<arg>SO</arg>
<arg>SR</arg>
<arg>SS</arg>
<arg>ST</arg>
<arg>SV</arg>
<arg>SX</arg>
<arg>SY</arg>
<arg>SZ</arg>
<arg>TC</arg>
<arg>TD</arg>
<arg>TF</arg>
<arg>TG</arg>
<arg>TH</arg>
<arg>TJ</arg>
<arg>TK</arg>
<arg>TL</arg>
<arg>TM</arg>
<arg>TN</arg>
<arg>TO</arg>
<arg>TR</arg>
<arg>TT</arg>
<arg>TV</arg>
<arg>TW</arg>
<arg>TZ</arg>
<arg>UA</arg>
<arg>UG</arg>
<arg>UM</arg>
<arg>US</arg>
<arg>UY</arg>
<arg>UZ</arg>
<arg>VA</arg>
<arg>VC</arg>
<arg>VE</arg>
<arg>VG</arg>
<arg>VI</arg>
<arg>VN</arg>
<arg>VU</arg>
<arg>WF</arg>
<arg>WS</arg>
<arg>XK</arg>
<arg>YE</arg>
<arg>YT</arg>
<arg>ZA</arg>
<arg>ZM</arg>
<arg>ZW</arg>
<doc>Returns a list containing given items.</doc>
<status status="PASS" start="2024-04-27T02:23:52.037179" elapsed="0.000609"/>
</kw>
<kw name="List Should Contain Value" owner="Collections">
<msg time="2024-04-27T02:23:52.038790" level="INFO">False</msg>
<arg>${list_country}</arg>
<arg>${name_country}</arg>
<doc>Fails if the ``value`` is not found from ``list``.</doc>
<status status="PASS" start="2024-04-27T02:23:52.038588" elapsed="0.000238"/>
</kw>
<kw name="Run Keyword If" owner="BuiltIn">
<kw name="Should Be True" owner="BuiltIn">
<arg>${True}</arg>
<doc>Fails if the given condition is not true.</doc>
<status status="PASS" start="2024-04-27T02:23:52.039905" elapsed="0.000256"/>
</kw>
<arg>${json_data["results"][0]["location"]["coordinates"]["latitude"]} &gt;= -90 and ${json_data["results"][0]["location"]["coordinates"]["latitude"]} &lt;= 90</arg>
<arg>Should Be True</arg>
<arg>${True}</arg>
<doc>Runs the given keyword with the given arguments, if ``condition`` is true.</doc>
<status status="PASS" start="2024-04-27T02:23:52.039142" elapsed="0.001152"/>
</kw>
<kw name="Run Keyword If" owner="BuiltIn">
<kw name="Should Be True" owner="BuiltIn">
<arg>${True}</arg>
<doc>Fails if the given condition is not true.</doc>
<status status="PASS" start="2024-04-27T02:23:52.041219" elapsed="0.000138"/>
</kw>
<arg>${json_data["results"][0]["location"]["coordinates"]["longitude"]} &gt;= -180 and ${json_data["results"][0]["location"]["coordinates"]["longitude"]} &lt;= 180</arg>
<arg>Should Be True</arg>
<arg>${True}</arg>
<doc>Runs the given keyword with the given arguments, if ``condition`` is true.</doc>
<status status="PASS" start="2024-04-27T02:23:52.040482" elapsed="0.000998"/>
</kw>
<status status="PASS" start="2024-04-27T02:23:51.943023" elapsed="0.098588"/>
</kw>
<doc>Testa o conteúdo específico dos campos retornados pela API.</doc>
<tag>testeConteudo</tag>
<status status="PASS" start="2024-04-27T02:23:51.942472" elapsed="0.099291"/>
</test>
<status status="PASS" start="2024-04-27T02:23:51.260254" elapsed="0.783489"/>
</suite>
<status status="PASS" start="2024-04-27T02:23:51.246807" elapsed="0.802164"/>
</suite>
<statistics>
<total>
<stat pass="5" fail="0" skip="0">All Tests</stat>
</total>
<tag>
<stat pass="1" fail="0" skip="0">testeConteudo</stat>
<stat pass="1" fail="0" skip="0">testeEstruturaResposta</stat>
<stat pass="1" fail="0" skip="0">testeRequisicaoBasica</stat>
<stat pass="1" fail="0" skip="0">testeTiposDados</stat>
</tag>
<suite>
<stat pass="5" fail="0" skip="0" id="s1" name="Tests">Tests</stat>
<stat pass="5" fail="0" skip="0" id="s1-s1" name="Random-User-Test">Tests.Random-User-Test</stat>
</suite>
</statistics>
<errors>
</errors>
</robot>
