<?xml version="1.0" encoding="UTF-8"?>
<robot generator="Robot 7.0.1 (Python 3.12.4 on linux)" generated="2024-06-20T18:20:34.865599" rpa="false" schemaversion="5">
<suite id="s1" name="Tests" source="/home/runner/work/ApiRandomUser/ApiRandomUser/RamdonUser/tests">
<suite id="s1-s1" name="Random-User-Test" source="/home/runner/work/ApiRandomUser/ApiRandomUser/RamdonUser/tests/random-user-test.robot">
<test id="s1-s1-t1" name="Conectar" line="13">
<kw name="Conectar API" owner="random-user-service">
<kw name="Create Session" owner="RequestsLibrary">
<msg time="2024-06-20T18:20:35.263201" level="INFO">Creating Session using : alias=consultarAPI, url=https://randomuser.me/, headers={},                     cookies={}, auth=None, timeout=None, proxies=None, verify=False,                     debug=0 </msg>
<arg>consultarAPI</arg>
<arg>${URL}</arg>
<doc>Create Session: create a HTTP session to a server</doc>
<status status="PASS" start="2024-06-20T18:20:35.262987" elapsed="0.000389"/>
</kw>
<status status="PASS" start="2024-06-20T18:20:35.261937" elapsed="0.001796"/>
</kw>
<status status="PASS" start="2024-06-20T18:20:35.261376" elapsed="0.002549"/>
</test>
<test id="s1-s1-t2" name="Validar retorno 200 e JSON Válido" line="16">
<kw name="Teste de Requisicao Basica" owner="random-user-service">
<kw name="GET On Session" owner="RequestsLibrary">
<msg time="2024-06-20T18:20:36.273273" level="INFO">GET Request : url=https://randomuser.me/api 
 path_url=/api 
 headers={'User-Agent': 'python-requests/2.32.3', 'Accept-Encoding': 'gzip, deflate', 'Accept': '*/*', 'Connection': 'keep-alive'} 
 body=None 
 </msg>
<msg time="2024-06-20T18:20:36.273433" level="INFO">GET Response : url=https://randomuser.me/api 
 status=200, reason=OK 
 headers={'Date': 'Thu, 20 Jun 2024 18:20:36 GMT', 'Content-Type': 'application/json; charset=utf-8', 'Transfer-Encoding': 'chunked', 'Connection': 'keep-alive', 'X-Powered-By': 'Express', 'Access-Control-Allow-Origin': '*', 'Cache-Control': 'no-cache', 'ETag': 'W/"46e-jHn57CtmJB+ueWlocjuT1Q4A8NM"', 'Vary': 'Accept-Encoding', 'Content-Encoding': 'gzip', 'CF-Cache-Status': 'DYNAMIC', 'Report-To': '{"endpoints":[{"url":"https:\\/\\/a.nel.cloudflare.com\\/report\\/v4?s=C80jfV9c13fpaHdsgLmTY7ZxReA0foKrwLJNvQ1RBX4eqsOqSVhSrt%2BQyAA07oET%2BAa1Sa%2FbEn2tOnzkN4kbMO9gsf1PoS3YmPunVbdF7uVlcFSxsnFsrIU4O%2F6l%2BPzq"}],"group":"cf-nel","max_age":604800}', 'NEL': '{"success_fraction":0,"report_to":"cf-nel","max_age":604800}', 'Server': 'cloudflare', 'CF-RAY': '896dc6148ef96e63-HKG', 'alt-svc': 'h3=":443"; ma=86400'} 
 body={"results":[{"gender":"male","name":{"title":"Mr","first":"Simeon","last":"Glavaš"},"location":{"street":{"number":4086,"name":"Sedam Stražara"},"city":"Žagubica","state":"Mačva","country":"Serbia","postcode":69028,"coordinates":{"latitude":"62.6194","longitude":"-2.8536"},"timezone":{"offset":"-9:00","description":"Alaska"}},"email":"simeon.glavas@example.com","login":{"uuid":"b226cf4a-840d-417c-8778-9895d02d1306","username":"lazyleopard649","password":"hollie","salt":"HsaYhDYs","md5":"3aa761bad55ac26b0964607a4b354988","sha1":"d969a57886cdbae9cda1f1235aa443b1b416c609","sha256":"8ee2fd081cd87110fb93aa45e398a04168a80c45359bbe395830d01408f98ea6"},"dob":{"date":"1974-10-19T11:46:19.436Z","age":49},"registered":{"date":"2014-01-21T00:49:04.067Z","age":10},"phone":"030-1801-047","cell":"064-0485-922","id":{"name":"SID","value":"146159799"},"picture":{"large":"https://randomuser.me/api/portraits/men/36.jpg","medium":"https://randomuser.me/api/portraits/med/men/36.jpg","thumbnail":"https://randomuser.me/api/portraits/thumb/men/36.jpg"},"nat":"RS"}],"info":{"seed":"005c452e28b6db58","results":1,"page":1,"version":"1.4"}} 
 </msg>
<msg time="2024-06-20T18:20:36.273523" level="INFO">/opt/hostedtoolcache/Python/3.12.4/x64/lib/python3.12/site-packages/urllib3/connectionpool.py:1099: InsecureRequestWarning: Unverified HTTPS request is being made to host 'randomuser.me'. Adding certificate verification is strongly advised. See: https://urllib3.readthedocs.io/en/latest/advanced-usage.html#tls-warnings
  warnings.warn(</msg>
<msg time="2024-06-20T18:20:36.273673" level="INFO">${response} = &lt;Response [200]&gt;</msg>
<var>${response}</var>
<arg>consultarAPI</arg>
<arg>/api</arg>
<doc>Sends a GET request on a previously created HTTP Session.</doc>
<status status="PASS" start="2024-06-20T18:20:35.266505" elapsed="1.007211"/>
</kw>
<kw name="Should Be Equal As Numbers" owner="BuiltIn">
<msg time="2024-06-20T18:20:36.274950" level="INFO">Argument types are:
&lt;class 'int'&gt;
&lt;class 'str'&gt;</msg>
<arg>${response.status_code}</arg>
<arg>200</arg>
<doc>Fails if objects are unequal after converting them to real numbers.</doc>
<status status="PASS" start="2024-06-20T18:20:36.274395" elapsed="0.000627"/>
</kw>
<kw name="Log" owner="BuiltIn">
<msg time="2024-06-20T18:20:36.275691" level="INFO">200</msg>
<arg>${response.status_code}</arg>
<doc>Logs the given message with the given level.</doc>
<status status="PASS" start="2024-06-20T18:20:36.275344" elapsed="0.000390"/>
</kw>
<kw name="Set Variable" owner="BuiltIn">
<msg time="2024-06-20T18:20:36.276474" level="INFO">${json_data} = {'results': [{'gender': 'male', 'name': {'title': 'Mr', 'first': 'Simeon', 'last': 'Glavaš'}, 'location': {'street': {'number': 4086, 'name': 'Sedam Stražara'}, 'city': 'Žagubica', 'state': 'Mačva', '...</msg>
<var>${json_data}</var>
<arg>${response.json()}</arg>
<doc>Returns the given values which can then be assigned to a variables.</doc>
<status status="PASS" start="2024-06-20T18:20:36.276034" elapsed="0.000471"/>
</kw>
<kw name="Dictionary Should Contain Key" owner="Collections">
<arg>${json_data}</arg>
<arg>results</arg>
<doc>Fails if ``key`` is not found from ``dictionary``.</doc>
<status status="PASS" start="2024-06-20T18:20:36.276802" elapsed="0.000170"/>
</kw>
<status status="PASS" start="2024-06-20T18:20:35.266256" elapsed="1.010867"/>
</kw>
<doc>Testa se a API responde corretamente e retorna um objeto JSON válido.</doc>
<tag>testeRequisicaoBasica</tag>
<status status="PASS" start="2024-06-20T18:20:35.265799" elapsed="1.011496"/>
</test>
<test id="s1-s1-t3" name="Validar estrutura de resposta" line="22">
<kw name="Teste de Estrutura de Resposta" owner="random-user-service">
<kw name="GET On Session" owner="RequestsLibrary">
<msg time="2024-06-20T18:20:36.750177" level="INFO">GET Request : url=https://randomuser.me/api 
 path_url=/api 
 headers={'User-Agent': 'python-requests/2.32.3', 'Accept-Encoding': 'gzip, deflate', 'Accept': '*/*', 'Connection': 'keep-alive'} 
 body=None 
 </msg>
<msg time="2024-06-20T18:20:36.750294" level="INFO">GET Response : url=https://randomuser.me/api 
 status=200, reason=OK 
 headers={'Date': 'Thu, 20 Jun 2024 18:20:36 GMT', 'Content-Type': 'application/json; charset=utf-8', 'Transfer-Encoding': 'chunked', 'Connection': 'keep-alive', 'X-Powered-By': 'Express', 'Access-Control-Allow-Origin': '*', 'Cache-Control': 'no-cache', 'ETag': 'W/"48f-XjiFTfzcydasXuDxUaN9ATUNDII"', 'Vary': 'Accept-Encoding', 'Content-Encoding': 'gzip', 'CF-Cache-Status': 'DYNAMIC', 'Report-To': '{"endpoints":[{"url":"https:\\/\\/a.nel.cloudflare.com\\/report\\/v4?s=pq48vQzC0y%2FUhxNEWWpoF6KpqweI2x0OqDGfMazUnNOWy6FGx14ROfZ0qJnpi89RezX0i6MCneraE9RpY8TZY7ffnhs8vdqW1xnkQQZTEFsZ6KH57U6bPF4fgRTNFynF"}],"group":"cf-nel","max_age":604800}', 'NEL': '{"success_fraction":0,"report_to":"cf-nel","max_age":604800}', 'Server': 'cloudflare', 'CF-RAY': '896dc6177b6e6e63-HKG', 'alt-svc': 'h3=":443"; ma=86400'} 
 body={"results":[{"gender":"female","name":{"title":"Ms","first":"Amoli","last":"Uchil"},"location":{"street":{"number":7959,"name":"Gali Paranthe Wali"},"city":"Durg","state":"Gujarat","country":"India","postcode":89424,"coordinates":{"latitude":"6.0030","longitude":"106.4494"},"timezone":{"offset":"+9:00","description":"Tokyo, Seoul, Osaka, Sapporo, Yakutsk"}},"email":"amoli.uchil@example.com","login":{"uuid":"0fddc445-e498-413b-9fe2-a6dd485f1499","username":"blackostrich447","password":"swords","salt":"tKFfoS18","md5":"dc3aa2148567b1a37c2d8d44a35d96db","sha1":"604a26a3b370c1751408966d2335ef0db16e2834","sha256":"930bf1449f346ba52fbc23852e06d0870f4da404b0ef565d237b43d5d01e091a"},"dob":{"date":"1993-05-19T03:04:33.121Z","age":31},"registered":{"date":"2018-08-20T08:52:16.821Z","age":5},"phone":"8390265289","cell":"8757759696","id":{"name":"UIDAI","value":"320369397117"},"picture":{"large":"https://randomuser.me/api/portraits/women/28.jpg","medium":"https://randomuser.me/api/portraits/med/women/28.jpg","thumbnail":"https://randomuser.me/api/portraits/thumb/women/28.jpg"},"nat":"IN"}],"info":{"seed":"0e01877d529614af","results":1,"page":1,"version":"1.4"}} 
 </msg>
<msg time="2024-06-20T18:20:36.750446" level="INFO">/opt/hostedtoolcache/Python/3.12.4/x64/lib/python3.12/site-packages/urllib3/connectionpool.py:1099: InsecureRequestWarning: Unverified HTTPS request is being made to host 'randomuser.me'. Adding certificate verification is strongly advised. See: https://urllib3.readthedocs.io/en/latest/advanced-usage.html#tls-warnings
  warnings.warn(</msg>
<msg time="2024-06-20T18:20:36.750626" level="INFO">${response} = &lt;Response [200]&gt;</msg>
<var>${response}</var>
<arg>consultarAPI</arg>
<arg>/api</arg>
<doc>Sends a GET request on a previously created HTTP Session.</doc>
<status status="PASS" start="2024-06-20T18:20:36.280303" elapsed="0.470374"/>
</kw>
<kw name="Set Variable" owner="BuiltIn">
<msg time="2024-06-20T18:20:36.751884" level="INFO">${json_data} = {'results': [{'gender': 'female', 'name': {'title': 'Ms', 'first': 'Amoli', 'last': 'Uchil'}, 'location': {'street': {'number': 7959, 'name': 'Gali Paranthe Wali'}, 'city': 'Durg', 'state': 'Gujarat',...</msg>
<var>${json_data}</var>
<arg>${response.json()}</arg>
<doc>Returns the given values which can then be assigned to a variables.</doc>
<status status="PASS" start="2024-06-20T18:20:36.751304" elapsed="0.000609"/>
</kw>
<kw name="Log" owner="BuiltIn">
<msg time="2024-06-20T18:20:36.752393" level="INFO">{'results': [{'gender': 'female', 'name': {'title': 'Ms', 'first': 'Amoli', 'last': 'Uchil'}, 'location': {'street': {'number': 7959, 'name': 'Gali Paranthe Wali'}, 'city': 'Durg', 'state': 'Gujarat', 'country': 'India', 'postcode': 89424, 'coordinates': {'latitude': '6.0030', 'longitude': '106.4494'}, 'timezone': {'offset': '+9:00', 'description': 'Tokyo, Seoul, Osaka, Sapporo, Yakutsk'}}, 'email': 'amoli.uchil@example.com', 'login': {'uuid': '0fddc445-e498-413b-9fe2-a6dd485f1499', 'username': 'blackostrich447', 'password': 'swords', 'salt': 'tKFfoS18', 'md5': 'dc3aa2148567b1a37c2d8d44a35d96db', 'sha1': '604a26a3b370c1751408966d2335ef0db16e2834', 'sha256': '930bf1449f346ba52fbc23852e06d0870f4da404b0ef565d237b43d5d01e091a'}, 'dob': {'date': '1993-05-19T03:04:33.121Z', 'age': 31}, 'registered': {'date': '2018-08-20T08:52:16.821Z', 'age': 5}, 'phone': '8390265289', 'cell': '8757759696', 'id': {'name': 'UIDAI', 'value': '320369397117'}, 'picture': {'large': 'https://randomuser.me/api/portraits/women/28.jpg', 'medium': 'https://randomuser.me/api/portraits/med/women/28.jpg', 'thumbnail': 'https://randomuser.me/api/portraits/thumb/women/28.jpg'}, 'nat': 'IN'}], 'info': {'seed': '0e01877d529614af', 'results': 1, 'page': 1, 'version': '1.4'}}</msg>
<arg>${json_data}</arg>
<doc>Logs the given message with the given level.</doc>
<status status="PASS" start="2024-06-20T18:20:36.752232" elapsed="0.000210"/>
</kw>
<kw name="Dictionary Should Contain Key" owner="Collections">
<arg>${json_data}</arg>
<arg>results</arg>
<doc>Fails if ``key`` is not found from ``dictionary``.</doc>
<status status="PASS" start="2024-06-20T18:20:36.752748" elapsed="0.000167"/>
</kw>
<kw name="Should Not Be Empty" owner="BuiltIn">
<msg time="2024-06-20T18:20:36.753224" level="INFO">Length is 2.</msg>
<arg>${json_data}</arg>
<doc>Verifies that the given item is not empty.</doc>
<status status="PASS" start="2024-06-20T18:20:36.753099" elapsed="0.000163"/>
</kw>
<kw name="Create List" owner="BuiltIn">
<msg time="2024-06-20T18:20:36.753858" level="INFO">${expected_keys} = ['gender', 'name', 'location', 'email', 'login']</msg>
<var>${expected_keys}</var>
<arg>gender</arg>
<arg>name</arg>
<arg>location</arg>
<arg>email</arg>
<arg>login</arg>
<doc>Returns a list containing given items.</doc>
<status status="PASS" start="2024-06-20T18:20:36.753550" elapsed="0.000334"/>
</kw>
<for flavor="IN">
<iter>
<kw name="Dictionary Should Contain Key" owner="Collections">
<arg>${json_data['results'][0]}</arg>
<arg>${key}</arg>
<doc>Fails if ``key`` is not found from ``dictionary``.</doc>
<status status="PASS" start="2024-06-20T18:20:36.754469" elapsed="0.000444"/>
</kw>
<kw name="Log" owner="BuiltIn">
<msg time="2024-06-20T18:20:36.755458" level="INFO">{'gender': 'female', 'name': {'title': 'Ms', 'first': 'Amoli', 'last': 'Uchil'}, 'location': {'street': {'number': 7959, 'name': 'Gali Paranthe Wali'}, 'city': 'Durg', 'state': 'Gujarat', 'country': 'India', 'postcode': 89424, 'coordinates': {'latitude': '6.0030', 'longitude': '106.4494'}, 'timezone': {'offset': '+9:00', 'description': 'Tokyo, Seoul, Osaka, Sapporo, Yakutsk'}}, 'email': 'amoli.uchil@example.com', 'login': {'uuid': '0fddc445-e498-413b-9fe2-a6dd485f1499', 'username': 'blackostrich447', 'password': 'swords', 'salt': 'tKFfoS18', 'md5': 'dc3aa2148567b1a37c2d8d44a35d96db', 'sha1': '604a26a3b370c1751408966d2335ef0db16e2834', 'sha256': '930bf1449f346ba52fbc23852e06d0870f4da404b0ef565d237b43d5d01e091a'}, 'dob': {'date': '1993-05-19T03:04:33.121Z', 'age': 31}, 'registered': {'date': '2018-08-20T08:52:16.821Z', 'age': 5}, 'phone': '8390265289', 'cell': '8757759696', 'id': {'name': 'UIDAI', 'value': '320369397117'}, 'picture': {'large': 'https://randomuser.me/api/portraits/women/28.jpg', 'medium': 'https://randomuser.me/api/portraits/med/women/28.jpg', 'thumbnail': 'https://randomuser.me/api/portraits/thumb/women/28.jpg'}, 'nat': 'IN'}</msg>
<arg>${json_data['results'][0]}</arg>
<doc>Logs the given message with the given level.</doc>
<status status="PASS" start="2024-06-20T18:20:36.755105" elapsed="0.000401"/>
</kw>
<kw name="Log" owner="BuiltIn">
<msg time="2024-06-20T18:20:36.755931" level="INFO">gender</msg>
<arg>${key}</arg>
<doc>Logs the given message with the given level.</doc>
<status status="PASS" start="2024-06-20T18:20:36.755804" elapsed="0.000165"/>
</kw>
<var name="${key}">gender</var>
<status status="PASS" start="2024-06-20T18:20:36.754347" elapsed="0.001833"/>
</iter>
<iter>
<kw name="Dictionary Should Contain Key" owner="Collections">
<arg>${json_data['results'][0]}</arg>
<arg>${key}</arg>
<doc>Fails if ``key`` is not found from ``dictionary``.</doc>
<status status="PASS" start="2024-06-20T18:20:36.756475" elapsed="0.000384"/>
</kw>
<kw name="Log" owner="BuiltIn">
<msg time="2024-06-20T18:20:36.757401" level="INFO">{'gender': 'female', 'name': {'title': 'Ms', 'first': 'Amoli', 'last': 'Uchil'}, 'location': {'street': {'number': 7959, 'name': 'Gali Paranthe Wali'}, 'city': 'Durg', 'state': 'Gujarat', 'country': 'India', 'postcode': 89424, 'coordinates': {'latitude': '6.0030', 'longitude': '106.4494'}, 'timezone': {'offset': '+9:00', 'description': 'Tokyo, Seoul, Osaka, Sapporo, Yakutsk'}}, 'email': 'amoli.uchil@example.com', 'login': {'uuid': '0fddc445-e498-413b-9fe2-a6dd485f1499', 'username': 'blackostrich447', 'password': 'swords', 'salt': 'tKFfoS18', 'md5': 'dc3aa2148567b1a37c2d8d44a35d96db', 'sha1': '604a26a3b370c1751408966d2335ef0db16e2834', 'sha256': '930bf1449f346ba52fbc23852e06d0870f4da404b0ef565d237b43d5d01e091a'}, 'dob': {'date': '1993-05-19T03:04:33.121Z', 'age': 31}, 'registered': {'date': '2018-08-20T08:52:16.821Z', 'age': 5}, 'phone': '8390265289', 'cell': '8757759696', 'id': {'name': 'UIDAI', 'value': '320369397117'}, 'picture': {'large': 'https://randomuser.me/api/portraits/women/28.jpg', 'medium': 'https://randomuser.me/api/portraits/med/women/28.jpg', 'thumbnail': 'https://randomuser.me/api/portraits/thumb/women/28.jpg'}, 'nat': 'IN'}</msg>
<arg>${json_data['results'][0]}</arg>
<doc>Logs the given message with the given level.</doc>
<status status="PASS" start="2024-06-20T18:20:36.757044" elapsed="0.000437"/>
</kw>
<kw name="Log" owner="BuiltIn">
<msg time="2024-06-20T18:20:36.757902" level="INFO">name</msg>
<arg>${key}</arg>
<doc>Logs the given message with the given level.</doc>
<status status="PASS" start="2024-06-20T18:20:36.757776" elapsed="0.000163"/>
</kw>
<var name="${key}">name</var>
<status status="PASS" start="2024-06-20T18:20:36.756364" elapsed="0.001788"/>
</iter>
<iter>
<kw name="Dictionary Should Contain Key" owner="Collections">
<arg>${json_data['results'][0]}</arg>
<arg>${key}</arg>
<doc>Fails if ``key`` is not found from ``dictionary``.</doc>
<status status="PASS" start="2024-06-20T18:20:36.758434" elapsed="0.000412"/>
</kw>
<kw name="Log" owner="BuiltIn">
<msg time="2024-06-20T18:20:36.759382" level="INFO">{'gender': 'female', 'name': {'title': 'Ms', 'first': 'Amoli', 'last': 'Uchil'}, 'location': {'street': {'number': 7959, 'name': 'Gali Paranthe Wali'}, 'city': 'Durg', 'state': 'Gujarat', 'country': 'India', 'postcode': 89424, 'coordinates': {'latitude': '6.0030', 'longitude': '106.4494'}, 'timezone': {'offset': '+9:00', 'description': 'Tokyo, Seoul, Osaka, Sapporo, Yakutsk'}}, 'email': 'amoli.uchil@example.com', 'login': {'uuid': '0fddc445-e498-413b-9fe2-a6dd485f1499', 'username': 'blackostrich447', 'password': 'swords', 'salt': 'tKFfoS18', 'md5': 'dc3aa2148567b1a37c2d8d44a35d96db', 'sha1': '604a26a3b370c1751408966d2335ef0db16e2834', 'sha256': '930bf1449f346ba52fbc23852e06d0870f4da404b0ef565d237b43d5d01e091a'}, 'dob': {'date': '1993-05-19T03:04:33.121Z', 'age': 31}, 'registered': {'date': '2018-08-20T08:52:16.821Z', 'age': 5}, 'phone': '8390265289', 'cell': '8757759696', 'id': {'name': 'UIDAI', 'value': '320369397117'}, 'picture': {'large': 'https://randomuser.me/api/portraits/women/28.jpg', 'medium': 'https://randomuser.me/api/portraits/med/women/28.jpg', 'thumbnail': 'https://randomuser.me/api/portraits/thumb/women/28.jpg'}, 'nat': 'IN'}</msg>
<arg>${json_data['results'][0]}</arg>
<doc>Logs the given message with the given level.</doc>
<status status="PASS" start="2024-06-20T18:20:36.759030" elapsed="0.000401"/>
</kw>
<kw name="Log" owner="BuiltIn">
<msg time="2024-06-20T18:20:36.759852" level="INFO">location</msg>
<arg>${key}</arg>
<doc>Logs the given message with the given level.</doc>
<status status="PASS" start="2024-06-20T18:20:36.759725" elapsed="0.000163"/>
</kw>
<var name="${key}">location</var>
<status status="PASS" start="2024-06-20T18:20:36.758326" elapsed="0.001776"/>
</iter>
<iter>
<kw name="Dictionary Should Contain Key" owner="Collections">
<arg>${json_data['results'][0]}</arg>
<arg>${key}</arg>
<doc>Fails if ``key`` is not found from ``dictionary``.</doc>
<status status="PASS" start="2024-06-20T18:20:36.760379" elapsed="0.000382"/>
</kw>
<kw name="Log" owner="BuiltIn">
<msg time="2024-06-20T18:20:36.761293" level="INFO">{'gender': 'female', 'name': {'title': 'Ms', 'first': 'Amoli', 'last': 'Uchil'}, 'location': {'street': {'number': 7959, 'name': 'Gali Paranthe Wali'}, 'city': 'Durg', 'state': 'Gujarat', 'country': 'India', 'postcode': 89424, 'coordinates': {'latitude': '6.0030', 'longitude': '106.4494'}, 'timezone': {'offset': '+9:00', 'description': 'Tokyo, Seoul, Osaka, Sapporo, Yakutsk'}}, 'email': 'amoli.uchil@example.com', 'login': {'uuid': '0fddc445-e498-413b-9fe2-a6dd485f1499', 'username': 'blackostrich447', 'password': 'swords', 'salt': 'tKFfoS18', 'md5': 'dc3aa2148567b1a37c2d8d44a35d96db', 'sha1': '604a26a3b370c1751408966d2335ef0db16e2834', 'sha256': '930bf1449f346ba52fbc23852e06d0870f4da404b0ef565d237b43d5d01e091a'}, 'dob': {'date': '1993-05-19T03:04:33.121Z', 'age': 31}, 'registered': {'date': '2018-08-20T08:52:16.821Z', 'age': 5}, 'phone': '8390265289', 'cell': '8757759696', 'id': {'name': 'UIDAI', 'value': '320369397117'}, 'picture': {'large': 'https://randomuser.me/api/portraits/women/28.jpg', 'medium': 'https://randomuser.me/api/portraits/med/women/28.jpg', 'thumbnail': 'https://randomuser.me/api/portraits/thumb/women/28.jpg'}, 'nat': 'IN'}</msg>
<arg>${json_data['results'][0]}</arg>
<doc>Logs the given message with the given level.</doc>
<status status="PASS" start="2024-06-20T18:20:36.760942" elapsed="0.000404"/>
</kw>
<kw name="Log" owner="BuiltIn">
<msg time="2024-06-20T18:20:36.761760" level="INFO">email</msg>
<arg>${key}</arg>
<doc>Logs the given message with the given level.</doc>
<status status="PASS" start="2024-06-20T18:20:36.761637" elapsed="0.000160"/>
</kw>
<var name="${key}">email</var>
<status status="PASS" start="2024-06-20T18:20:36.760274" elapsed="0.001735"/>
</iter>
<iter>
<kw name="Dictionary Should Contain Key" owner="Collections">
<arg>${json_data['results'][0]}</arg>
<arg>${key}</arg>
<doc>Fails if ``key`` is not found from ``dictionary``.</doc>
<status status="PASS" start="2024-06-20T18:20:36.762284" elapsed="0.000434"/>
</kw>
<kw name="Log" owner="BuiltIn">
<msg time="2024-06-20T18:20:36.763244" level="INFO">{'gender': 'female', 'name': {'title': 'Ms', 'first': 'Amoli', 'last': 'Uchil'}, 'location': {'street': {'number': 7959, 'name': 'Gali Paranthe Wali'}, 'city': 'Durg', 'state': 'Gujarat', 'country': 'India', 'postcode': 89424, 'coordinates': {'latitude': '6.0030', 'longitude': '106.4494'}, 'timezone': {'offset': '+9:00', 'description': 'Tokyo, Seoul, Osaka, Sapporo, Yakutsk'}}, 'email': 'amoli.uchil@example.com', 'login': {'uuid': '0fddc445-e498-413b-9fe2-a6dd485f1499', 'username': 'blackostrich447', 'password': 'swords', 'salt': 'tKFfoS18', 'md5': 'dc3aa2148567b1a37c2d8d44a35d96db', 'sha1': '604a26a3b370c1751408966d2335ef0db16e2834', 'sha256': '930bf1449f346ba52fbc23852e06d0870f4da404b0ef565d237b43d5d01e091a'}, 'dob': {'date': '1993-05-19T03:04:33.121Z', 'age': 31}, 'registered': {'date': '2018-08-20T08:52:16.821Z', 'age': 5}, 'phone': '8390265289', 'cell': '8757759696', 'id': {'name': 'UIDAI', 'value': '320369397117'}, 'picture': {'large': 'https://randomuser.me/api/portraits/women/28.jpg', 'medium': 'https://randomuser.me/api/portraits/med/women/28.jpg', 'thumbnail': 'https://randomuser.me/api/portraits/thumb/women/28.jpg'}, 'nat': 'IN'}</msg>
<arg>${json_data['results'][0]}</arg>
<doc>Logs the given message with the given level.</doc>
<status status="PASS" start="2024-06-20T18:20:36.762899" elapsed="0.000392"/>
</kw>
<kw name="Log" owner="BuiltIn">
<msg time="2024-06-20T18:20:36.763708" level="INFO">login</msg>
<arg>${key}</arg>
<doc>Logs the given message with the given level.</doc>
<status status="PASS" start="2024-06-20T18:20:36.763583" elapsed="0.000161"/>
</kw>
<var name="${key}">login</var>
<status status="PASS" start="2024-06-20T18:20:36.762178" elapsed="0.001779"/>
</iter>
<var>${key}</var>
<value>@{expected_keys}</value>
<status status="PASS" start="2024-06-20T18:20:36.754148" elapsed="0.009929"/>
</for>
<kw name="Create List" owner="BuiltIn">
<msg time="2024-06-20T18:20:36.764400" level="INFO">${expected_keysTwo} = ['username', 'password']</msg>
<var>${expected_keysTwo}</var>
<arg>username</arg>
<arg>password</arg>
<doc>Returns a list containing given items.</doc>
<status status="PASS" start="2024-06-20T18:20:36.764264" elapsed="0.000189"/>
</kw>
<for flavor="IN">
<iter>
<kw name="Dictionary Should Contain Key" owner="Collections">
<arg>${json_data['results'][0]['login']}</arg>
<arg>${keyTwo}</arg>
<doc>Fails if ``key`` is not found from ``dictionary``.</doc>
<status status="PASS" start="2024-06-20T18:20:36.764989" elapsed="0.000391"/>
</kw>
<kw name="Dictionary Should Contain Key" owner="Collections">
<arg>${json_data['results'][0]['login']}</arg>
<arg>${keyTwo}</arg>
<doc>Fails if ``key`` is not found from ``dictionary``.</doc>
<status status="PASS" start="2024-06-20T18:20:36.765566" elapsed="0.000372"/>
</kw>
<kw name="Log" owner="BuiltIn">
<msg time="2024-06-20T18:20:36.766237" level="INFO">username</msg>
<arg>${keyTwo}</arg>
<doc>Logs the given message with the given level.</doc>
<status status="PASS" start="2024-06-20T18:20:36.766118" elapsed="0.000156"/>
</kw>
<var name="${keyTwo}">username</var>
<status status="PASS" start="2024-06-20T18:20:36.764875" elapsed="0.001620"/>
</iter>
<iter>
<kw name="Dictionary Should Contain Key" owner="Collections">
<arg>${json_data['results'][0]['login']}</arg>
<arg>${keyTwo}</arg>
<doc>Fails if ``key`` is not found from ``dictionary``.</doc>
<status status="PASS" start="2024-06-20T18:20:36.766810" elapsed="0.000389"/>
</kw>
<kw name="Dictionary Should Contain Key" owner="Collections">
<arg>${json_data['results'][0]['login']}</arg>
<arg>${keyTwo}</arg>
<doc>Fails if ``key`` is not found from ``dictionary``.</doc>
<status status="PASS" start="2024-06-20T18:20:36.767380" elapsed="0.000383"/>
</kw>
<kw name="Log" owner="BuiltIn">
<msg time="2024-06-20T18:20:36.768060" level="INFO">password</msg>
<arg>${keyTwo}</arg>
<doc>Logs the given message with the given level.</doc>
<status status="PASS" start="2024-06-20T18:20:36.767941" elapsed="0.000155"/>
</kw>
<var name="${keyTwo}">password</var>
<status status="PASS" start="2024-06-20T18:20:36.766702" elapsed="0.001706"/>
</iter>
<var>${keyTwo}</var>
<value>@{expected_keysTwo}</value>
<status status="PASS" start="2024-06-20T18:20:36.764694" elapsed="0.003835"/>
</for>
<status status="PASS" start="2024-06-20T18:20:36.279961" elapsed="0.488708"/>
</kw>
<doc>Testa a estrutura da resposta da API.</doc>
<tag>testeEstruturaResposta</tag>
<status status="PASS" start="2024-06-20T18:20:36.279173" elapsed="0.489655"/>
</test>
<test id="s1-s1-t4" name="Validar tipos de dados" line="28">
<kw name="Teste de Tipos de Dados" owner="random-user-service">
<kw name="GET On Session" owner="RequestsLibrary">
<msg time="2024-06-20T18:20:37.218915" level="INFO">GET Request : url=https://randomuser.me/api 
 path_url=/api 
 headers={'User-Agent': 'python-requests/2.32.3', 'Accept-Encoding': 'gzip, deflate', 'Accept': '*/*', 'Connection': 'keep-alive'} 
 body=None 
 </msg>
<msg time="2024-06-20T18:20:37.219017" level="INFO">GET Response : url=https://randomuser.me/api 
 status=200, reason=OK 
 headers={'Date': 'Thu, 20 Jun 2024 18:20:37 GMT', 'Content-Type': 'application/json; charset=utf-8', 'Transfer-Encoding': 'chunked', 'Connection': 'keep-alive', 'X-Powered-By': 'Express', 'Access-Control-Allow-Origin': '*', 'Cache-Control': 'no-cache', 'ETag': 'W/"47e-s2ZJ0DqTlHn3MLpwJHUD1V3GMhw"', 'Vary': 'Accept-Encoding', 'Content-Encoding': 'gzip', 'CF-Cache-Status': 'DYNAMIC', 'Report-To': '{"endpoints":[{"url":"https:\\/\\/a.nel.cloudflare.com\\/report\\/v4?s=aRhyCWVs%2B47PnRESbDV33H7U%2FL6zHxFpNZoOI97et%2FuOcVQift%2FkFR0l34VfaB9v4J0lahCo9Gjkp%2BjOfukqSxkZMybo%2FIHjkBYuJilEvstwTjSL17El%2FpaT3k5CbzTs"}],"group":"cf-nel","max_age":604800}', 'NEL': '{"success_fraction":0,"report_to":"cf-nel","max_age":604800}', 'Server': 'cloudflare', 'CF-RAY': '896dc61a883e6e63-HKG', 'alt-svc': 'h3=":443"; ma=86400'} 
 body={"results":[{"gender":"female","name":{"title":"Ms","first":"Vaishnavi","last":"Kamath"},"location":{"street":{"number":8154,"name":"Carter Rd Promenade"},"city":"Ranchi","state":"Puducherry","country":"India","postcode":18617,"coordinates":{"latitude":"5.6402","longitude":"4.7389"},"timezone":{"offset":"-10:00","description":"Hawaii"}},"email":"vaishnavi.kamath@example.com","login":{"uuid":"f6b1d2cc-1460-4446-b3ac-e31f3feab9de","username":"silvertiger316","password":"nobody","salt":"rydrrACn","md5":"61b34d199ada2afd27dbe974395e5f95","sha1":"aadd1622016d29e417c5c0520fc8f4f82aee7a40","sha256":"fae6a354bee7fcab3fd6cc9aee32dadd340094f03b7bdb32e47aae456e4d9270"},"dob":{"date":"1948-07-30T14:08:16.538Z","age":75},"registered":{"date":"2022-04-30T17:05:42.644Z","age":2},"phone":"9967689147","cell":"7388254499","id":{"name":"UIDAI","value":"373202140530"},"picture":{"large":"https://randomuser.me/api/portraits/women/21.jpg","medium":"https://randomuser.me/api/portraits/med/women/21.jpg","thumbnail":"https://randomuser.me/api/portraits/thumb/women/21.jpg"},"nat":"IN"}],"info":{"seed":"f8a14bbf88f8f6bb","results":1,"page":1,"version":"1.4"}} 
 </msg>
<msg time="2024-06-20T18:20:37.219087" level="INFO">/opt/hostedtoolcache/Python/3.12.4/x64/lib/python3.12/site-packages/urllib3/connectionpool.py:1099: InsecureRequestWarning: Unverified HTTPS request is being made to host 'randomuser.me'. Adding certificate verification is strongly advised. See: https://urllib3.readthedocs.io/en/latest/advanced-usage.html#tls-warnings
  warnings.warn(</msg>
<msg time="2024-06-20T18:20:37.219216" level="INFO">${response} = &lt;Response [200]&gt;</msg>
<var>${response}</var>
<arg>consultarAPI</arg>
<arg>/api</arg>
<doc>Sends a GET request on a previously created HTTP Session.</doc>
<status status="PASS" start="2024-06-20T18:20:36.771345" elapsed="0.447911"/>
</kw>
<kw name="Set Variable" owner="BuiltIn">
<msg time="2024-06-20T18:20:37.220457" level="INFO">${json_data} = {'results': [{'gender': 'female', 'name': {'title': 'Ms', 'first': 'Vaishnavi', 'last': 'Kamath'}, 'location': {'street': {'number': 8154, 'name': 'Carter Rd Promenade'}, 'city': 'Ranchi', 'state': 'P...</msg>
<var>${json_data}</var>
<arg>${response.json()}</arg>
<doc>Returns the given values which can then be assigned to a variables.</doc>
<status status="PASS" start="2024-06-20T18:20:37.219906" elapsed="0.000583"/>
</kw>
<kw name="Log" owner="BuiltIn">
<msg time="2024-06-20T18:20:37.220961" level="INFO">{'results': [{'gender': 'female', 'name': {'title': 'Ms', 'first': 'Vaishnavi', 'last': 'Kamath'}, 'location': {'street': {'number': 8154, 'name': 'Carter Rd Promenade'}, 'city': 'Ranchi', 'state': 'Puducherry', 'country': 'India', 'postcode': 18617, 'coordinates': {'latitude': '5.6402', 'longitude': '4.7389'}, 'timezone': {'offset': '-10:00', 'description': 'Hawaii'}}, 'email': 'vaishnavi.kamath@example.com', 'login': {'uuid': 'f6b1d2cc-1460-4446-b3ac-e31f3feab9de', 'username': 'silvertiger316', 'password': 'nobody', 'salt': 'rydrrACn', 'md5': '61b34d199ada2afd27dbe974395e5f95', 'sha1': 'aadd1622016d29e417c5c0520fc8f4f82aee7a40', 'sha256': 'fae6a354bee7fcab3fd6cc9aee32dadd340094f03b7bdb32e47aae456e4d9270'}, 'dob': {'date': '1948-07-30T14:08:16.538Z', 'age': 75}, 'registered': {'date': '2022-04-30T17:05:42.644Z', 'age': 2}, 'phone': '9967689147', 'cell': '7388254499', 'id': {'name': 'UIDAI', 'value': '373202140530'}, 'picture': {'large': 'https://randomuser.me/api/portraits/women/21.jpg', 'medium': 'https://randomuser.me/api/portraits/med/women/21.jpg', 'thumbnail': 'https://randomuser.me/api/portraits/thumb/women/21.jpg'}, 'nat': 'IN'}], 'info': {'seed': 'f8a14bbf88f8f6bb', 'results': 1, 'page': 1, 'version': '1.4'}}</msg>
<arg>${json_data}</arg>
<doc>Logs the given message with the given level.</doc>
<status status="PASS" start="2024-06-20T18:20:37.220797" elapsed="0.000214"/>
</kw>
<kw name="Should Be String" owner="String">
<arg>${json_data['results'][0]['gender']}</arg>
<doc>Fails if the given ``item`` is not a string.</doc>
<status status="PASS" start="2024-06-20T18:20:37.221303" elapsed="0.000369"/>
</kw>
<kw name="Should Match Regexp" owner="BuiltIn">
<arg>${json_data['results'][0]['email']}</arg>
<arg>^[a-zA-Z0-9._%+-]+@[a-zA-Z0-9.-]+\.[a-zA-Z]{2,}$</arg>
<doc>Fails if ``string`` does not match ``pattern`` as a regular expression.</doc>
<status status="PASS" start="2024-06-20T18:20:37.221860" elapsed="0.000523"/>
</kw>
<kw name="Should Match Regexp" owner="BuiltIn">
<arg>${json_data['results'][0]['dob']['date']}</arg>
<arg>\\d{4}-\\d{2}-\\d{2}T\\d{2}:\\d{2}:\\d{2}\\.\\d{3}Z</arg>
<doc>Fails if ``string`` does not match ``pattern`` as a regular expression.</doc>
<status status="PASS" start="2024-06-20T18:20:37.222651" elapsed="0.000509"/>
</kw>
<kw name="Should Match Regexp" owner="BuiltIn">
<arg>${json_data['results'][0]['registered']['date']}</arg>
<arg>\\d{4}-\\d{2}-\\d{2}T\\d{2}:\\d{2}:\\d{2}\\.\\d{3}Z</arg>
<doc>Fails if ``string`` does not match ``pattern`` as a regular expression.</doc>
<status status="PASS" start="2024-06-20T18:20:37.223350" elapsed="0.000373"/>
</kw>
<kw name="Should Match Regexp" owner="BuiltIn">
<arg>${json_data['results'][0]['picture']['large']}</arg>
<arg>^https?://.*\.(?:png|jpe?g|gif|bmp)$</arg>
<doc>Fails if ``string`` does not match ``pattern`` as a regular expression.</doc>
<status status="PASS" start="2024-06-20T18:20:37.223911" elapsed="0.000458"/>
</kw>
<kw name="Should Match Regexp" owner="BuiltIn">
<arg>${json_data['results'][0]['picture']['medium']}</arg>
<arg>^https?://.*\.(?:png|jpe?g|gif|bmp)$</arg>
<doc>Fails if ``string`` does not match ``pattern`` as a regular expression.</doc>
<status status="PASS" start="2024-06-20T18:20:37.224557" elapsed="0.000356"/>
</kw>
<kw name="Should Match Regexp" owner="BuiltIn">
<arg>${json_data['results'][0]['picture']['thumbnail']}</arg>
<arg>^https?://.*\.(?:png|jpe?g|gif|bmp)$</arg>
<doc>Fails if ``string`` does not match ``pattern`` as a regular expression.</doc>
<status status="PASS" start="2024-06-20T18:20:37.225097" elapsed="0.000359"/>
</kw>
<kw name="Log" owner="BuiltIn">
<msg time="2024-06-20T18:20:37.225963" level="INFO">{'large': 'https://randomuser.me/api/portraits/women/21.jpg', 'medium': 'https://randomuser.me/api/portraits/med/women/21.jpg', 'thumbnail': 'https://randomuser.me/api/portraits/thumb/women/21.jpg'}</msg>
<arg>${json_data['results'][0]['picture']}</arg>
<doc>Logs the given message with the given level.</doc>
<status status="PASS" start="2024-06-20T18:20:37.225638" elapsed="0.000369"/>
</kw>
<status status="PASS" start="2024-06-20T18:20:36.771120" elapsed="0.455145"/>
</kw>
<kw name="Teste de Tipos de Dados - Postcode" owner="random-user-service">
<kw name="GET On Session" owner="RequestsLibrary">
<msg time="2024-06-20T18:20:37.811087" level="INFO">GET Request : url=https://randomuser.me/api 
 path_url=/api 
 headers={'User-Agent': 'python-requests/2.32.3', 'Accept-Encoding': 'gzip, deflate', 'Accept': '*/*', 'Connection': 'keep-alive'} 
 body=None 
 </msg>
<msg time="2024-06-20T18:20:37.811228" level="INFO">GET Response : url=https://randomuser.me/api 
 status=200, reason=OK 
 headers={'Date': 'Thu, 20 Jun 2024 18:20:37 GMT', 'Content-Type': 'application/json; charset=utf-8', 'Transfer-Encoding': 'chunked', 'Connection': 'keep-alive', 'X-Powered-By': 'Express', 'Access-Control-Allow-Origin': '*', 'Cache-Control': 'no-cache', 'ETag': 'W/"48b-0787eULSIFah9K2OotE/iYRsIPk"', 'Vary': 'Accept-Encoding', 'Content-Encoding': 'gzip', 'CF-Cache-Status': 'DYNAMIC', 'Report-To': '{"endpoints":[{"url":"https:\\/\\/a.nel.cloudflare.com\\/report\\/v4?s=pJjLHhLq1xgxixnsZuxNTdnntej1ZjKcSO0p%2FyqFIKnAtseTpTuZJS9BTHe4ze9Wp1lrjcNLySoPP9p%2FV%2FHddwhVxdyxgh48gW%2FJGuTQhJ2bvhCjKxa3ZqzJxznSJNUU"}],"group":"cf-nel","max_age":604800}', 'NEL': '{"success_fraction":0,"report_to":"cf-nel","max_age":604800}', 'Server': 'cloudflare', 'CF-RAY': '896dc61d5ca76e63-HKG', 'alt-svc': 'h3=":443"; ma=86400'} 
 body={"results":[{"gender":"female","name":{"title":"Ms","first":"Kelly","last":"Black"},"location":{"street":{"number":957,"name":"O'Connell Street"},"city":"Passage West","state":"Dún Laoghaire–Rathdown","country":"Ireland","postcode":19420,"coordinates":{"latitude":"-0.1520","longitude":"21.9814"},"timezone":{"offset":"-3:30","description":"Newfoundland"}},"email":"kelly.black@example.com","login":{"uuid":"91f518b4-18b9-4016-8e12-1332e97ba0a3","username":"blackbird298","password":"basset","salt":"HUJagAW6","md5":"e7c716c505673f5dfa22272737d5ad9c","sha1":"6727a0962f595fc81f4866e6880b038c76a6f0a3","sha256":"cd8294f0f5b3f311faf53e16d3ec8da6eca0a9381a614b69457817efa16ee4fb"},"dob":{"date":"1958-07-06T07:11:18.563Z","age":65},"registered":{"date":"2005-06-12T20:42:25.517Z","age":19},"phone":"041-476-0629","cell":"081-817-3902","id":{"name":"PPS","value":"3712138T"},"picture":{"large":"https://randomuser.me/api/portraits/women/85.jpg","medium":"https://randomuser.me/api/portraits/med/women/85.jpg","thumbnail":"https://randomuser.me/api/portraits/thumb/women/85.jpg"},"nat":"IE"}],"info":{"seed":"7855a4233b3ef902","results":1,"page":1,"version":"1.4"}} 
 </msg>
<msg time="2024-06-20T18:20:37.811307" level="INFO">/opt/hostedtoolcache/Python/3.12.4/x64/lib/python3.12/site-packages/urllib3/connectionpool.py:1099: InsecureRequestWarning: Unverified HTTPS request is being made to host 'randomuser.me'. Adding certificate verification is strongly advised. See: https://urllib3.readthedocs.io/en/latest/advanced-usage.html#tls-warnings
  warnings.warn(</msg>
<msg time="2024-06-20T18:20:37.811448" level="INFO">${response} = &lt;Response [200]&gt;</msg>
<var>${response}</var>
<arg>consultarAPI</arg>
<arg>/api</arg>
<doc>Sends a GET request on a previously created HTTP Session.</doc>
<status status="PASS" start="2024-06-20T18:20:37.226747" elapsed="0.584740"/>
</kw>
<kw name="Set Variable" owner="BuiltIn">
<msg time="2024-06-20T18:20:37.812702" level="INFO">${json_data} = {'results': [{'gender': 'female', 'name': {'title': 'Ms', 'first': 'Kelly', 'last': 'Black'}, 'location': {'street': {'number': 957, 'name': "O'Connell Street"}, 'city': 'Passage West', 'state': 'Dún ...</msg>
<var>${json_data}</var>
<arg>${response.json()}</arg>
<doc>Returns the given values which can then be assigned to a variables.</doc>
<status status="PASS" start="2024-06-20T18:20:37.812122" elapsed="0.000613"/>
</kw>
<kw name="Log" owner="BuiltIn">
<msg time="2024-06-20T18:20:37.813205" level="INFO">{'results': [{'gender': 'female', 'name': {'title': 'Ms', 'first': 'Kelly', 'last': 'Black'}, 'location': {'street': {'number': 957, 'name': "O'Connell Street"}, 'city': 'Passage West', 'state': 'Dún Laoghaire–Rathdown', 'country': 'Ireland', 'postcode': 19420, 'coordinates': {'latitude': '-0.1520', 'longitude': '21.9814'}, 'timezone': {'offset': '-3:30', 'description': 'Newfoundland'}}, 'email': 'kelly.black@example.com', 'login': {'uuid': '91f518b4-18b9-4016-8e12-1332e97ba0a3', 'username': 'blackbird298', 'password': 'basset', 'salt': 'HUJagAW6', 'md5': 'e7c716c505673f5dfa22272737d5ad9c', 'sha1': '6727a0962f595fc81f4866e6880b038c76a6f0a3', 'sha256': 'cd8294f0f5b3f311faf53e16d3ec8da6eca0a9381a614b69457817efa16ee4fb'}, 'dob': {'date': '1958-07-06T07:11:18.563Z', 'age': 65}, 'registered': {'date': '2005-06-12T20:42:25.517Z', 'age': 19}, 'phone': '041-476-0629', 'cell': '081-817-3902', 'id': {'name': 'PPS', 'value': '3712138T'}, 'picture': {'large': 'https://randomuser.me/api/portraits/women/85.jpg', 'medium': 'https://randomuser.me/api/portraits/med/women/85.jpg', 'thumbnail': 'https://randomuser.me/api/portraits/thumb/women/85.jpg'}, 'nat': 'IE'}], 'info': {'seed': '7855a4233b3ef902', 'results': 1, 'page': 1, 'version': '1.4'}}</msg>
<arg>${json_data}</arg>
<doc>Logs the given message with the given level.</doc>
<status status="PASS" start="2024-06-20T18:20:37.813047" elapsed="0.000210"/>
</kw>
<kw name="Should Be Equal As Numbers" owner="BuiltIn">
<arg>${json_data['results'][0]['location']['postcode']}</arg>
<arg>${json_data['results'][0]['location']['postcode']}</arg>
<doc>Fails if objects are unequal after converting them to real numbers.</doc>
<status status="PASS" start="2024-06-20T18:20:37.813562" elapsed="0.000634"/>
</kw>
<kw name="Log" owner="BuiltIn">
<msg time="2024-06-20T18:20:37.814950" level="INFO">19420</msg>
<arg>${json_data['results'][0]['location']['postcode']}</arg>
<doc>Logs the given message with the given level.</doc>
<status status="PASS" start="2024-06-20T18:20:37.814384" elapsed="0.000608"/>
</kw>
<status status="PASS" start="2024-06-20T18:20:37.226494" elapsed="0.588785"/>
</kw>
<doc>Testa se os tipos de dados na resposta da API estão corretos.</doc>
<tag>testeTiposDados</tag>
<status status="PASS" start="2024-06-20T18:20:36.770653" elapsed="1.044797"/>
</test>
<test id="s1-s1-t5" name="Validar conteudo" line="35">
<kw name="Teste de Tipos de Conteudo" owner="random-user-service">
<kw name="GET On Session" owner="RequestsLibrary">
<msg time="2024-06-20T18:20:38.551916" level="INFO">GET Request : url=https://randomuser.me/api 
 path_url=/api 
 headers={'User-Agent': 'python-requests/2.32.3', 'Accept-Encoding': 'gzip, deflate', 'Accept': '*/*', 'Connection': 'keep-alive'} 
 body=None 
 </msg>
<msg time="2024-06-20T18:20:38.552016" level="INFO">GET Response : url=https://randomuser.me/api 
 status=200, reason=OK 
 headers={'Date': 'Thu, 20 Jun 2024 18:20:38 GMT', 'Content-Type': 'application/json; charset=utf-8', 'Transfer-Encoding': 'chunked', 'Connection': 'keep-alive', 'X-Powered-By': 'Express', 'Access-Control-Allow-Origin': '*', 'Cache-Control': 'no-cache', 'ETag': 'W/"485-bgi9gvY33b+BgF1GLjK1G9Sifd8"', 'Vary': 'Accept-Encoding', 'Content-Encoding': 'gzip', 'CF-Cache-Status': 'DYNAMIC', 'Report-To': '{"endpoints":[{"url":"https:\\/\\/a.nel.cloudflare.com\\/report\\/v4?s=jrfhdQBcpZBasiSC5N01UiPe%2Buhvmj4rnrGmNKGwL1Ym9wiqUboUJ8iitoeDMeYhTy5Eoq0SspdTnDwxqSNedFiGc1LV841jX%2BbIBv9kcRC4OimkgveaY%2BGA7hxJ4Aqo"}],"group":"cf-nel","max_age":604800}', 'NEL': '{"success_fraction":0,"report_to":"cf-nel","max_age":604800}', 'Server': 'cloudflare', 'CF-RAY': '896dc6210a9f6e63-HKG', 'alt-svc': 'h3=":443"; ma=86400'} 
 body={"results":[{"gender":"female","name":{"title":"Ms","first":"Jusseline","last":"Carvalho"},"location":{"street":{"number":5463,"name":"Rua Doze "},"city":"Praia Grande","state":"Roraima","country":"Brazil","postcode":17988,"coordinates":{"latitude":"-76.1135","longitude":"71.7538"},"timezone":{"offset":"+3:30","description":"Tehran"}},"email":"jusseline.carvalho@example.com","login":{"uuid":"82c985bd-1f0e-435f-8832-e76c394b26c4","username":"blacktiger494","password":"carpet","salt":"9b4mw0HF","md5":"68f3a12eb563fda7e48cdb466e6d4e4f","sha1":"a19b1cdfe91bb395ae7d3ff5c71681167f044502","sha256":"cf1d9d96a5923c97496176ea5088d1934c03e104a1eb17fcb2d639d3ad5957d0"},"dob":{"date":"1966-01-24T09:29:18.482Z","age":58},"registered":{"date":"2018-07-06T15:59:51.190Z","age":5},"phone":"(53) 7137-2832","cell":"(20) 6306-7585","id":{"name":"CPF","value":"094.535.657-65"},"picture":{"large":"https://randomuser.me/api/portraits/women/21.jpg","medium":"https://randomuser.me/api/portraits/med/women/21.jpg","thumbnail":"https://randomuser.me/api/portraits/thumb/women/21.jpg"},"nat":"BR"}],"info":{"seed":"a926c79c09cd9036","results":1,"page":1,"version":"1.4"}} 
 </msg>
<msg time="2024-06-20T18:20:38.552087" level="INFO">/opt/hostedtoolcache/Python/3.12.4/x64/lib/python3.12/site-packages/urllib3/connectionpool.py:1099: InsecureRequestWarning: Unverified HTTPS request is being made to host 'randomuser.me'. Adding certificate verification is strongly advised. See: https://urllib3.readthedocs.io/en/latest/advanced-usage.html#tls-warnings
  warnings.warn(</msg>
<msg time="2024-06-20T18:20:38.552207" level="INFO">${response} = &lt;Response [200]&gt;</msg>
<var>${response}</var>
<arg>consultarAPI</arg>
<arg>/api</arg>
<doc>Sends a GET request on a previously created HTTP Session.</doc>
<status status="PASS" start="2024-06-20T18:20:37.818271" elapsed="0.733964"/>
</kw>
<kw name="Set Variable" owner="BuiltIn">
<msg time="2024-06-20T18:20:38.553284" level="INFO">${json_data} = {'results': [{'gender': 'female', 'name': {'title': 'Ms', 'first': 'Jusseline', 'last': 'Carvalho'}, 'location': {'street': {'number': 5463, 'name': 'Rua Doze '}, 'city': 'Praia Grande', 'state': 'Ror...</msg>
<var>${json_data}</var>
<arg>${response.json()}</arg>
<doc>Returns the given values which can then be assigned to a variables.</doc>
<status status="PASS" start="2024-06-20T18:20:38.552763" elapsed="0.000552"/>
</kw>
<kw name="Set Variable" owner="BuiltIn">
<msg time="2024-06-20T18:20:38.554004" level="INFO">${name_title} = Ms</msg>
<var>${name_title}</var>
<arg>${json_data["results"][0]["name"]["title"]}</arg>
<doc>Returns the given values which can then be assigned to a variables.</doc>
<status status="PASS" start="2024-06-20T18:20:38.553620" elapsed="0.000410"/>
</kw>
<kw name="Create List" owner="BuiltIn">
<msg time="2024-06-20T18:20:38.554475" level="INFO">${allowed_titles} = ['Mr', 'Ms', 'Miss', 'Mrs', 'Madame', 'Monsieur']</msg>
<var>${allowed_titles}</var>
<arg>Mr</arg>
<arg>Ms</arg>
<arg>Miss</arg>
<arg>Mrs</arg>
<arg>Madame</arg>
<arg>Monsieur</arg>
<doc>Returns a list containing given items.</doc>
<status status="PASS" start="2024-06-20T18:20:38.554325" elapsed="0.000175"/>
</kw>
<kw name="List Should Contain Value" owner="Collections">
<arg>${allowed_titles}</arg>
<arg>${name_title}</arg>
<doc>Fails if the ``value`` is not found from ``list``.</doc>
<status status="PASS" start="2024-06-20T18:20:38.554847" elapsed="0.000181"/>
</kw>
<kw name="Set Variable" owner="BuiltIn">
<msg time="2024-06-20T18:20:38.555579" level="INFO">${name_country} = BR</msg>
<var>${name_country}</var>
<arg>${json_data["results"][0]["nat"]}</arg>
<doc>Returns the given values which can then be assigned to a variables.</doc>
<status status="PASS" start="2024-06-20T18:20:38.555208" elapsed="0.000395"/>
</kw>
<kw name="Create List" owner="BuiltIn">
<msg time="2024-06-20T18:20:38.556501" level="INFO">${list_country} = ['AD', 'AE', 'AF', 'AG', 'AI', 'AL', 'AM', 'AO', 'AQ', 'AR', 'AS', 'AT', 'AU', 'AW', 'AX', 'AZ', 'BA', 'BB', 'BD', 'BE', 'BF', 'BG', 'BH', 'BI', 'BJ', 'BL', 'BM', 'BN', 'BO', 'BQ', 'BR', 'BS', 'BT', '...</msg>
<var>${list_country}</var>
<arg>AD</arg>
<arg>AE</arg>
<arg>AF</arg>
<arg>AG</arg>
<arg>AI</arg>
<arg>AL</arg>
<arg>AM</arg>
<arg>AO</arg>
<arg>AQ</arg>
<arg>AR</arg>
<arg>AS</arg>
<arg>AT</arg>
<arg>AU</arg>
<arg>AW</arg>
<arg>AX</arg>
<arg>AZ</arg>
<arg>BA</arg>
<arg>BB</arg>
<arg>BD</arg>
<arg>BE</arg>
<arg>BF</arg>
<arg>BG</arg>
<arg>BH</arg>
<arg>BI</arg>
<arg>BJ</arg>
<arg>BL</arg>
<arg>BM</arg>
<arg>BN</arg>
<arg>BO</arg>
<arg>BQ</arg>
<arg>BR</arg>
<arg>BS</arg>
<arg>BT</arg>
<arg>BV</arg>
<arg>BW</arg>
<arg>BY</arg>
<arg>BZ</arg>
<arg>CA</arg>
<arg>CC</arg>
<arg>CD</arg>
<arg>CF</arg>
<arg>CG</arg>
<arg>CH</arg>
<arg>CI</arg>
<arg>CK</arg>
<arg>CL</arg>
<arg>CM</arg>
<arg>CN</arg>
<arg>CO</arg>
<arg>CR</arg>
<arg>CU</arg>
<arg>CV</arg>
<arg>CW</arg>
<arg>CX</arg>
<arg>CY</arg>
<arg>CZ</arg>
<arg>DE</arg>
<arg>DJ</arg>
<arg>DK</arg>
<arg>DM</arg>
<arg>DO</arg>
<arg>DZ</arg>
<arg>EC</arg>
<arg>EE</arg>
<arg>EG</arg>
<arg>EH</arg>
<arg>ER</arg>
<arg>ES</arg>
<arg>ET</arg>
<arg>FI</arg>
<arg>FJ</arg>
<arg>FK</arg>
<arg>FM</arg>
<arg>FO</arg>
<arg>FR</arg>
<arg>GA</arg>
<arg>GB</arg>
<arg>GD</arg>
<arg>GE</arg>
<arg>GF</arg>
<arg>GG</arg>
<arg>GH</arg>
<arg>GI</arg>
<arg>GL</arg>
<arg>GM</arg>
<arg>GN</arg>
<arg>GP</arg>
<arg>GQ</arg>
<arg>GR</arg>
<arg>GS</arg>
<arg>GT</arg>
<arg>GU</arg>
<arg>GW</arg>
<arg>GY</arg>
<arg>HK</arg>
<arg>HM</arg>
<arg>HN</arg>
<arg>HR</arg>
<arg>HT</arg>
<arg>HU</arg>
<arg>ID</arg>
<arg>IE</arg>
<arg>IL</arg>
<arg>IM</arg>
<arg>IN</arg>
<arg>IO</arg>
<arg>IQ</arg>
<arg>IR</arg>
<arg>IS</arg>
<arg>IT</arg>
<arg>JE</arg>
<arg>JM</arg>
<arg>JO</arg>
<arg>JP</arg>
<arg>KE</arg>
<arg>KG</arg>
<arg>KH</arg>
<arg>KI</arg>
<arg>KM</arg>
<arg>KN</arg>
<arg>KP</arg>
<arg>KR</arg>
<arg>KW</arg>
<arg>KY</arg>
<arg>KZ</arg>
<arg>LA</arg>
<arg>LB</arg>
<arg>LC</arg>
<arg>LI</arg>
<arg>LK</arg>
<arg>LR</arg>
<arg>LS</arg>
<arg>LT</arg>
<arg>LU</arg>
<arg>LV</arg>
<arg>LY</arg>
<arg>MA</arg>
<arg>MC</arg>
<arg>MD</arg>
<arg>ME</arg>
<arg>MF</arg>
<arg>MG</arg>
<arg>MH</arg>
<arg>MK</arg>
<arg>ML</arg>
<arg>MM</arg>
<arg>MN</arg>
<arg>MO</arg>
<arg>MP</arg>
<arg>MQ</arg>
<arg>MR</arg>
<arg>MS</arg>
<arg>MT</arg>
<arg>MU</arg>
<arg>MV</arg>
<arg>MW</arg>
<arg>MX</arg>
<arg>MY</arg>
<arg>MZ</arg>
<arg>NA</arg>
<arg>NC</arg>
<arg>NE</arg>
<arg>NF</arg>
<arg>NG</arg>
<arg>NI</arg>
<arg>NL</arg>
<arg>NO</arg>
<arg>NP</arg>
<arg>NR</arg>
<arg>NU</arg>
<arg>NZ</arg>
<arg>OM</arg>
<arg>PA</arg>
<arg>PE</arg>
<arg>PF</arg>
<arg>PG</arg>
<arg>PH</arg>
<arg>PK</arg>
<arg>PL</arg>
<arg>PM</arg>
<arg>PN</arg>
<arg>PR</arg>
<arg>PS</arg>
<arg>PT</arg>
<arg>PW</arg>
<arg>PY</arg>
<arg>QA</arg>
<arg>RE</arg>
<arg>RO</arg>
<arg>RS</arg>
<arg>RU</arg>
<arg>RW</arg>
<arg>SA</arg>
<arg>SB</arg>
<arg>SC</arg>
<arg>SD</arg>
<arg>SE</arg>
<arg>SG</arg>
<arg>SH</arg>
<arg>SI</arg>
<arg>SJ</arg>
<arg>SK</arg>
<arg>SL</arg>
<arg>SM</arg>
<arg>SN</arg>
<arg>SO</arg>
<arg>SR</arg>
<arg>SS</arg>
<arg>ST</arg>
<arg>SV</arg>
<arg>SX</arg>
<arg>SY</arg>
<arg>SZ</arg>
<arg>TC</arg>
<arg>TD</arg>
<arg>TF</arg>
<arg>TG</arg>
<arg>TH</arg>
<arg>TJ</arg>
<arg>TK</arg>
<arg>TL</arg>
<arg>TM</arg>
<arg>TN</arg>
<arg>TO</arg>
<arg>TR</arg>
<arg>TT</arg>
<arg>TV</arg>
<arg>TW</arg>
<arg>TZ</arg>
<arg>UA</arg>
<arg>UG</arg>
<arg>UM</arg>
<arg>US</arg>
<arg>UY</arg>
<arg>UZ</arg>
<arg>VA</arg>
<arg>VC</arg>
<arg>VE</arg>
<arg>VG</arg>
<arg>VI</arg>
<arg>VN</arg>
<arg>VU</arg>
<arg>WF</arg>
<arg>WS</arg>
<arg>XK</arg>
<arg>YE</arg>
<arg>YT</arg>
<arg>ZA</arg>
<arg>ZM</arg>
<arg>ZW</arg>
<doc>Returns a list containing given items.</doc>
<status status="PASS" start="2024-06-20T18:20:38.555896" elapsed="0.000631"/>
</kw>
<kw name="List Should Contain Value" owner="Collections">
<arg>${list_country}</arg>
<arg>${name_country}</arg>
<doc>Fails if the ``value`` is not found from ``list``.</doc>
<status status="PASS" start="2024-06-20T18:20:38.557326" elapsed="0.000206"/>
</kw>
<kw name="Run Keyword If" owner="BuiltIn">
<kw name="Should Be True" owner="BuiltIn">
<arg>${True}</arg>
<doc>Fails if the given condition is not true.</doc>
<status status="PASS" start="2024-06-20T18:20:38.558479" elapsed="0.000168"/>
</kw>
<arg>${json_data["results"][0]["location"]["coordinates"]["latitude"]} &gt;= -90 and ${json_data["results"][0]["location"]["coordinates"]["latitude"]} &lt;= 90</arg>
<arg>Should Be True</arg>
<arg>${True}</arg>
<doc>Runs the given keyword with the given arguments, if ``condition`` is true.</doc>
<status status="PASS" start="2024-06-20T18:20:38.557735" elapsed="0.001046"/>
</kw>
<kw name="Run Keyword If" owner="BuiltIn">
<kw name="Should Be True" owner="BuiltIn">
<arg>${True}</arg>
<doc>Fails if the given condition is not true.</doc>
<status status="PASS" start="2024-06-20T18:20:38.559654" elapsed="0.000243"/>
</kw>
<arg>${json_data["results"][0]["location"]["coordinates"]["longitude"]} &gt;= -180 and ${json_data["results"][0]["location"]["coordinates"]["longitude"]} &lt;= 180</arg>
<arg>Should Be True</arg>
<arg>${True}</arg>
<doc>Runs the given keyword with the given arguments, if ``condition`` is true.</doc>
<status status="PASS" start="2024-06-20T18:20:38.558960" elapsed="0.001068"/>
</kw>
<status status="PASS" start="2024-06-20T18:20:37.817893" elapsed="0.742273"/>
</kw>
<doc>Testa o conteúdo específico dos campos retornados pela API.</doc>
<tag>testeConteudo</tag>
<status status="PASS" start="2024-06-20T18:20:37.817245" elapsed="0.743078"/>
</test>
<status status="PASS" start="2024-06-20T18:20:34.923788" elapsed="3.638500"/>
</suite>
<status status="PASS" start="2024-06-20T18:20:34.909354" elapsed="3.658056"/>
</suite>
<statistics>
<total>
<stat pass="5" fail="0" skip="0">All Tests</stat>
</total>
<tag>
<stat pass="1" fail="0" skip="0">testeConteudo</stat>
<stat pass="1" fail="0" skip="0">testeEstruturaResposta</stat>
<stat pass="1" fail="0" skip="0">testeRequisicaoBasica</stat>
<stat pass="1" fail="0" skip="0">testeTiposDados</stat>
</tag>
<suite>
<stat pass="5" fail="0" skip="0" id="s1" name="Tests">Tests</stat>
<stat pass="5" fail="0" skip="0" id="s1-s1" name="Random-User-Test">Tests.Random-User-Test</stat>
</suite>
</statistics>
<errors>
</errors>
</robot>
