<?xml version="1.0" encoding="UTF-8"?>
<robot generator="Robot 7.0 (Python 3.12.3 on linux)" generated="2024-05-17T22:13:42.628000" rpa="false" schemaversion="5">
<suite id="s1" name="Tests" source="/home/runner/work/DesafioQAItauRogerioJordao/DesafioQAItauRogerioJordao/RamdonUser/tests">
<suite id="s1-s1" name="Random-User-Test" source="/home/runner/work/DesafioQAItauRogerioJordao/DesafioQAItauRogerioJordao/RamdonUser/tests/random-user-test.robot">
<test id="s1-s1-t1" name="Conectar" line="13">
<kw name="Conectar API" owner="random-user-service">
<kw name="Create Session" owner="RequestsLibrary">
<msg time="2024-05-17T22:13:42.999153" level="INFO">Creating Session using : alias=consultarAPI, url=https://randomuser.me/, headers={},                     cookies={}, auth=None, timeout=None, proxies=None, verify=False,                     debug=0 </msg>
<arg>consultarAPI</arg>
<arg>${URL}</arg>
<doc>Create Session: create a HTTP session to a server</doc>
<status status="PASS" start="2024-05-17T22:13:42.998941" elapsed="0.000397"/>
</kw>
<status status="PASS" start="2024-05-17T22:13:42.997700" elapsed="0.002038"/>
</kw>
<status status="PASS" start="2024-05-17T22:13:42.997063" elapsed="0.002875"/>
</test>
<test id="s1-s1-t2" name="Validar retorno 200 e JSON Válido" line="16">
<kw name="Teste de Requisicao Basica" owner="random-user-service">
<kw name="GET On Session" owner="RequestsLibrary">
<msg time="2024-05-17T22:13:43.227831" level="INFO">GET Request : url=https://randomuser.me/api 
 path_url=/api 
 headers={'User-Agent': 'python-requests/2.31.0', 'Accept-Encoding': 'gzip, deflate', 'Accept': '*/*', 'Connection': 'keep-alive'} 
 body=None 
 </msg>
<msg time="2024-05-17T22:13:43.227998" level="INFO">GET Response : url=https://randomuser.me/api 
 status=200, reason=OK 
 headers={'Date': 'Fri, 17 May 2024 22:13:43 GMT', 'Content-Type': 'application/json; charset=utf-8', 'Transfer-Encoding': 'chunked', 'Connection': 'keep-alive', 'X-Powered-By': 'Express', 'Access-Control-Allow-Origin': '*', 'Cache-Control': 'no-cache', 'ETag': 'W/"494-zwg3wQQ1UEwdeisoXF/oeNBSg7M"', 'Vary': 'Accept-Encoding', 'Content-Encoding': 'gzip', 'CF-Cache-Status': 'DYNAMIC', 'Report-To': '{"endpoints":[{"url":"https:\\/\\/a.nel.cloudflare.com\\/report\\/v4?s=K84A7WnoJHGdBq1wifLjBrE3jM%2FplPPLcCDrLOPUc2v2RAnFEpL48vvSqc57Ozln3kOEjsHoFq4Tr7C6fH1rRaHipfXOcINsKxUFmx6%2F0zoD5pV%2BwDmTr%2BYyj7eECXUH"}],"group":"cf-nel","max_age":604800}', 'NEL': '{"success_fraction":0,"report_to":"cf-nel","max_age":604800}', 'Server': 'cloudflare', 'CF-RAY': '8856f4d0eccf3975-IAD', 'alt-svc': 'h3=":443"; ma=86400'} 
 body={"results":[{"gender":"male","name":{"title":"Mr","first":"Justin","last":"Ambrose"},"location":{"street":{"number":7540,"name":"George St"},"city":"New Glasgow","state":"Manitoba","country":"Canada","postcode":"A5C 7Z3","coordinates":{"latitude":"-68.7317","longitude":"-0.5149"},"timezone":{"offset":"+3:00","description":"Baghdad, Riyadh, Moscow, St. Petersburg"}},"email":"justin.ambrose@example.com","login":{"uuid":"808c893f-a593-48d2-acf7-e1ecffccc88b","username":"whitekoala930","password":"sebastian","salt":"OwLpI2ik","md5":"f5503bc227899e9d0ee963fa44846bde","sha1":"6212aa3ee49753b04609a2d83cf75c943daeb653","sha256":"765a2dc1d4293204f42867c558cad2c68e67aabbd82bf8ae5dee4f1b0f567fe3"},"dob":{"date":"1948-03-16T23:15:54.087Z","age":76},"registered":{"date":"2020-08-20T10:18:44.532Z","age":3},"phone":"Z97 U75-5737","cell":"F86 A63-9606","id":{"name":"SIN","value":"304717069"},"picture":{"large":"https://randomuser.me/api/portraits/men/75.jpg","medium":"https://randomuser.me/api/portraits/med/men/75.jpg","thumbnail":"https://randomuser.me/api/portraits/thumb/men/75.jpg"},"nat":"CA"}],"info":{"seed":"82bc83cfd1478e5f","results":1,"page":1,"version":"1.4"}} 
 </msg>
<msg time="2024-05-17T22:13:43.228087" level="INFO">/opt/hostedtoolcache/Python/3.12.3/x64/lib/python3.12/site-packages/urllib3/connectionpool.py:1103: InsecureRequestWarning: Unverified HTTPS request is being made to host 'randomuser.me'. Adding certificate verification is strongly advised. See: https://urllib3.readthedocs.io/en/latest/advanced-usage.html#tls-warnings
  warnings.warn(</msg>
<msg time="2024-05-17T22:13:43.228248" level="INFO">${response} = &lt;Response [200]&gt;</msg>
<var>${response}</var>
<arg>consultarAPI</arg>
<arg>/api</arg>
<doc>Sends a GET request on a previously created HTTP Session.</doc>
<status status="PASS" start="2024-05-17T22:13:43.002607" elapsed="0.225689"/>
</kw>
<kw name="Should Be Equal As Numbers" owner="BuiltIn">
<msg time="2024-05-17T22:13:43.229497" level="INFO">Argument types are:
&lt;class 'int'&gt;
&lt;class 'str'&gt;</msg>
<arg>${response.status_code}</arg>
<arg>200</arg>
<doc>Fails if objects are unequal after converting them to real numbers.</doc>
<status status="PASS" start="2024-05-17T22:13:43.228992" elapsed="0.000573"/>
</kw>
<kw name="Log" owner="BuiltIn">
<msg time="2024-05-17T22:13:43.230246" level="INFO">200</msg>
<arg>${response.status_code}</arg>
<doc>Logs the given message with the given level.</doc>
<status status="PASS" start="2024-05-17T22:13:43.229899" elapsed="0.000391"/>
</kw>
<kw name="Set Variable" owner="BuiltIn">
<msg time="2024-05-17T22:13:43.231024" level="INFO">${json_data} = {'results': [{'gender': 'male', 'name': {'title': 'Mr', 'first': 'Justin', 'last': 'Ambrose'}, 'location': {'street': {'number': 7540, 'name': 'George St'}, 'city': 'New Glasgow', 'state': 'Manitoba',...</msg>
<var>${json_data}</var>
<arg>${response.json()}</arg>
<doc>Returns the given values which can then be assigned to a variables.</doc>
<status status="PASS" start="2024-05-17T22:13:43.230596" elapsed="0.000458"/>
</kw>
<kw name="Dictionary Should Contain Key" owner="Collections">
<msg time="2024-05-17T22:13:43.231566" level="INFO">False</msg>
<arg>${json_data}</arg>
<arg>results</arg>
<doc>Fails if ``key`` is not found from ``dictionary``.</doc>
<status status="PASS" start="2024-05-17T22:13:43.231357" elapsed="0.000254"/>
</kw>
<status status="PASS" start="2024-05-17T22:13:43.002356" elapsed="0.229520"/>
</kw>
<doc>Testa se a API responde corretamente e retorna um objeto JSON válido.</doc>
<tag>testeRequisicaoBasica</tag>
<status status="PASS" start="2024-05-17T22:13:43.001842" elapsed="0.230226"/>
</test>
<test id="s1-s1-t3" name="Validar estrutura de resposta" line="22">
<kw name="Teste de Estrutura de Resposta" owner="random-user-service">
<kw name="GET On Session" owner="RequestsLibrary">
<msg time="2024-05-17T22:13:43.328534" level="INFO">GET Request : url=https://randomuser.me/api 
 path_url=/api 
 headers={'User-Agent': 'python-requests/2.31.0', 'Accept-Encoding': 'gzip, deflate', 'Accept': '*/*', 'Connection': 'keep-alive'} 
 body=None 
 </msg>
<msg time="2024-05-17T22:13:43.328637" level="INFO">GET Response : url=https://randomuser.me/api 
 status=200, reason=OK 
 headers={'Date': 'Fri, 17 May 2024 22:13:43 GMT', 'Content-Type': 'application/json; charset=utf-8', 'Transfer-Encoding': 'chunked', 'Connection': 'keep-alive', 'X-Powered-By': 'Express', 'Access-Control-Allow-Origin': '*', 'Cache-Control': 'no-cache', 'ETag': 'W/"48f-8kosVVxGuokLXJ+iZ4yjEWcPRWU"', 'Vary': 'Accept-Encoding', 'Content-Encoding': 'gzip', 'CF-Cache-Status': 'DYNAMIC', 'Report-To': '{"endpoints":[{"url":"https:\\/\\/a.nel.cloudflare.com\\/report\\/v4?s=fQa6TSBH1huztzM0Ptmr0pyLra32VHT%2FfDUMYuvx9XRBPZLS4RUjg8Hn%2FBjRvg%2FGN5WMg7A3WQFzxSlYcW9z217RcDnGFg6bvyfKFH129d5iTMwvQmwUrw3a8p8ztDDI"}],"group":"cf-nel","max_age":604800}', 'NEL': '{"success_fraction":0,"report_to":"cf-nel","max_age":604800}', 'Server': 'cloudflare', 'CF-RAY': '8856f4d13d4c3975-IAD', 'alt-svc': 'h3=":443"; ma=86400'} 
 body={"results":[{"gender":"male","name":{"title":"Mr","first":"Slaven","last":"Cvejić"},"location":{"street":{"number":6392,"name":"Mihaila ćupovića"},"city":"Rekovac","state":"Kosovo-Pomoravlje","country":"Serbia","postcode":38679,"coordinates":{"latitude":"62.0118","longitude":"-176.4298"},"timezone":{"offset":"+6:00","description":"Almaty, Dhaka, Colombo"}},"email":"slaven.cvejic@example.com","login":{"uuid":"b1ca7b35-e54b-4344-840a-679327c54dfe","username":"beautifulmouse442","password":"dogface","salt":"4utToqsG","md5":"d0d70ca7afd0c25b12c1211ee90de5ea","sha1":"f1724f4455b8f3249e9ded981a4ece9e52e2352c","sha256":"b6b0b9cabf58fc3a03a06c6c1ecbcc3d60009cdca6a0a6d8e0f0cdbc0bac9678"},"dob":{"date":"1970-01-07T19:29:10.058Z","age":54},"registered":{"date":"2014-06-11T21:14:18.339Z","age":9},"phone":"014-7328-981","cell":"062-9810-707","id":{"name":"SID","value":"630243360"},"picture":{"large":"https://randomuser.me/api/portraits/men/19.jpg","medium":"https://randomuser.me/api/portraits/med/men/19.jpg","thumbnail":"https://randomuser.me/api/portraits/thumb/men/19.jpg"},"nat":"RS"}],"info":{"seed":"6d96feee1e36a699","results":1,"page":1,"version":"1.4"}} 
 </msg>
<msg time="2024-05-17T22:13:43.328769" level="INFO">/opt/hostedtoolcache/Python/3.12.3/x64/lib/python3.12/site-packages/urllib3/connectionpool.py:1103: InsecureRequestWarning: Unverified HTTPS request is being made to host 'randomuser.me'. Adding certificate verification is strongly advised. See: https://urllib3.readthedocs.io/en/latest/advanced-usage.html#tls-warnings
  warnings.warn(</msg>
<msg time="2024-05-17T22:13:43.328897" level="INFO">${response} = &lt;Response [200]&gt;</msg>
<var>${response}</var>
<arg>consultarAPI</arg>
<arg>/api</arg>
<doc>Sends a GET request on a previously created HTTP Session.</doc>
<status status="PASS" start="2024-05-17T22:13:43.234776" elapsed="0.094167"/>
</kw>
<kw name="Set Variable" owner="BuiltIn">
<msg time="2024-05-17T22:13:43.330221" level="INFO">${json_data} = {'results': [{'gender': 'male', 'name': {'title': 'Mr', 'first': 'Slaven', 'last': 'Cvejić'}, 'location': {'street': {'number': 6392, 'name': 'Mihaila ćupovića'}, 'city': 'Rekovac', 'state': 'Kosovo-P...</msg>
<var>${json_data}</var>
<arg>${response.json()}</arg>
<doc>Returns the given values which can then be assigned to a variables.</doc>
<status status="PASS" start="2024-05-17T22:13:43.329568" elapsed="0.000684"/>
</kw>
<kw name="Log" owner="BuiltIn">
<msg time="2024-05-17T22:13:43.330731" level="INFO">{'results': [{'gender': 'male', 'name': {'title': 'Mr', 'first': 'Slaven', 'last': 'Cvejić'}, 'location': {'street': {'number': 6392, 'name': 'Mihaila ćupovića'}, 'city': 'Rekovac', 'state': 'Kosovo-Pomoravlje', 'country': 'Serbia', 'postcode': 38679, 'coordinates': {'latitude': '62.0118', 'longitude': '-176.4298'}, 'timezone': {'offset': '+6:00', 'description': 'Almaty, Dhaka, Colombo'}}, 'email': 'slaven.cvejic@example.com', 'login': {'uuid': 'b1ca7b35-e54b-4344-840a-679327c54dfe', 'username': 'beautifulmouse442', 'password': 'dogface', 'salt': '4utToqsG', 'md5': 'd0d70ca7afd0c25b12c1211ee90de5ea', 'sha1': 'f1724f4455b8f3249e9ded981a4ece9e52e2352c', 'sha256': 'b6b0b9cabf58fc3a03a06c6c1ecbcc3d60009cdca6a0a6d8e0f0cdbc0bac9678'}, 'dob': {'date': '1970-01-07T19:29:10.058Z', 'age': 54}, 'registered': {'date': '2014-06-11T21:14:18.339Z', 'age': 9}, 'phone': '014-7328-981', 'cell': '062-9810-707', 'id': {'name': 'SID', 'value': '630243360'}, 'picture': {'large': 'https://randomuser.me/api/portraits/men/19.jpg', 'medium': 'https://randomuser.me/api/portraits/med/men/19.jpg', 'thumbnail': 'https://randomuser.me/api/portraits/thumb/men/19.jpg'}, 'nat': 'RS'}], 'info': {'seed': '6d96feee1e36a699', 'results': 1, 'page': 1, 'version': '1.4'}}</msg>
<arg>${json_data}</arg>
<doc>Logs the given message with the given level.</doc>
<status status="PASS" start="2024-05-17T22:13:43.330566" elapsed="0.000216"/>
</kw>
<kw name="Dictionary Should Contain Key" owner="Collections">
<msg time="2024-05-17T22:13:43.331241" level="INFO">False</msg>
<arg>${json_data}</arg>
<arg>results</arg>
<doc>Fails if ``key`` is not found from ``dictionary``.</doc>
<status status="PASS" start="2024-05-17T22:13:43.331080" elapsed="0.000198"/>
</kw>
<kw name="Should Not Be Empty" owner="BuiltIn">
<msg time="2024-05-17T22:13:43.331760" level="INFO">Length is 2.</msg>
<arg>${json_data}</arg>
<doc>Verifies that the given item is not empty.</doc>
<status status="PASS" start="2024-05-17T22:13:43.331614" elapsed="0.000337"/>
</kw>
<kw name="Create List" owner="BuiltIn">
<msg time="2024-05-17T22:13:43.332404" level="INFO">${expected_keys} = ['gender', 'name', 'location', 'email', 'login']</msg>
<var>${expected_keys}</var>
<arg>gender</arg>
<arg>name</arg>
<arg>location</arg>
<arg>email</arg>
<arg>login</arg>
<doc>Returns a list containing given items.</doc>
<status status="PASS" start="2024-05-17T22:13:43.332251" elapsed="0.000178"/>
</kw>
<for flavor="IN">
<iter>
<kw name="Dictionary Should Contain Key" owner="Collections">
<msg time="2024-05-17T22:13:43.333413" level="INFO">False</msg>
<arg>${json_data['results'][0]}</arg>
<arg>${key}</arg>
<doc>Fails if ``key`` is not found from ``dictionary``.</doc>
<status status="PASS" start="2024-05-17T22:13:43.333013" elapsed="0.000439"/>
</kw>
<kw name="Log" owner="BuiltIn">
<msg time="2024-05-17T22:13:43.334123" level="INFO">{'gender': 'male', 'name': {'title': 'Mr', 'first': 'Slaven', 'last': 'Cvejić'}, 'location': {'street': {'number': 6392, 'name': 'Mihaila ćupovića'}, 'city': 'Rekovac', 'state': 'Kosovo-Pomoravlje', 'country': 'Serbia', 'postcode': 38679, 'coordinates': {'latitude': '62.0118', 'longitude': '-176.4298'}, 'timezone': {'offset': '+6:00', 'description': 'Almaty, Dhaka, Colombo'}}, 'email': 'slaven.cvejic@example.com', 'login': {'uuid': 'b1ca7b35-e54b-4344-840a-679327c54dfe', 'username': 'beautifulmouse442', 'password': 'dogface', 'salt': '4utToqsG', 'md5': 'd0d70ca7afd0c25b12c1211ee90de5ea', 'sha1': 'f1724f4455b8f3249e9ded981a4ece9e52e2352c', 'sha256': 'b6b0b9cabf58fc3a03a06c6c1ecbcc3d60009cdca6a0a6d8e0f0cdbc0bac9678'}, 'dob': {'date': '1970-01-07T19:29:10.058Z', 'age': 54}, 'registered': {'date': '2014-06-11T21:14:18.339Z', 'age': 9}, 'phone': '014-7328-981', 'cell': '062-9810-707', 'id': {'name': 'SID', 'value': '630243360'}, 'picture': {'large': 'https://randomuser.me/api/portraits/men/19.jpg', 'medium': 'https://randomuser.me/api/portraits/med/men/19.jpg', 'thumbnail': 'https://randomuser.me/api/portraits/thumb/men/19.jpg'}, 'nat': 'RS'}</msg>
<arg>${json_data['results'][0]}</arg>
<doc>Logs the given message with the given level.</doc>
<status status="PASS" start="2024-05-17T22:13:43.333753" elapsed="0.000432"/>
</kw>
<kw name="Log" owner="BuiltIn">
<msg time="2024-05-17T22:13:43.334616" level="INFO">gender</msg>
<arg>${key}</arg>
<doc>Logs the given message with the given level.</doc>
<status status="PASS" start="2024-05-17T22:13:43.334489" elapsed="0.000165"/>
</kw>
<var name="${key}">gender</var>
<status status="PASS" start="2024-05-17T22:13:43.332886" elapsed="0.001991"/>
</iter>
<iter>
<kw name="Dictionary Should Contain Key" owner="Collections">
<msg time="2024-05-17T22:13:43.335596" level="INFO">False</msg>
<arg>${json_data['results'][0]}</arg>
<arg>${key}</arg>
<doc>Fails if ``key`` is not found from ``dictionary``.</doc>
<status status="PASS" start="2024-05-17T22:13:43.335177" elapsed="0.000459"/>
</kw>
<kw name="Log" owner="BuiltIn">
<msg time="2024-05-17T22:13:43.336333" level="INFO">{'gender': 'male', 'name': {'title': 'Mr', 'first': 'Slaven', 'last': 'Cvejić'}, 'location': {'street': {'number': 6392, 'name': 'Mihaila ćupovića'}, 'city': 'Rekovac', 'state': 'Kosovo-Pomoravlje', 'country': 'Serbia', 'postcode': 38679, 'coordinates': {'latitude': '62.0118', 'longitude': '-176.4298'}, 'timezone': {'offset': '+6:00', 'description': 'Almaty, Dhaka, Colombo'}}, 'email': 'slaven.cvejic@example.com', 'login': {'uuid': 'b1ca7b35-e54b-4344-840a-679327c54dfe', 'username': 'beautifulmouse442', 'password': 'dogface', 'salt': '4utToqsG', 'md5': 'd0d70ca7afd0c25b12c1211ee90de5ea', 'sha1': 'f1724f4455b8f3249e9ded981a4ece9e52e2352c', 'sha256': 'b6b0b9cabf58fc3a03a06c6c1ecbcc3d60009cdca6a0a6d8e0f0cdbc0bac9678'}, 'dob': {'date': '1970-01-07T19:29:10.058Z', 'age': 54}, 'registered': {'date': '2014-06-11T21:14:18.339Z', 'age': 9}, 'phone': '014-7328-981', 'cell': '062-9810-707', 'id': {'name': 'SID', 'value': '630243360'}, 'picture': {'large': 'https://randomuser.me/api/portraits/men/19.jpg', 'medium': 'https://randomuser.me/api/portraits/med/men/19.jpg', 'thumbnail': 'https://randomuser.me/api/portraits/thumb/men/19.jpg'}, 'nat': 'RS'}</msg>
<arg>${json_data['results'][0]}</arg>
<doc>Logs the given message with the given level.</doc>
<status status="PASS" start="2024-05-17T22:13:43.335971" elapsed="0.000414"/>
</kw>
<kw name="Log" owner="BuiltIn">
<msg time="2024-05-17T22:13:43.336808" level="INFO">name</msg>
<arg>${key}</arg>
<doc>Logs the given message with the given level.</doc>
<status status="PASS" start="2024-05-17T22:13:43.336682" elapsed="0.000163"/>
</kw>
<var name="${key}">name</var>
<status status="PASS" start="2024-05-17T22:13:43.335062" elapsed="0.001997"/>
</iter>
<iter>
<kw name="Dictionary Should Contain Key" owner="Collections">
<msg time="2024-05-17T22:13:43.337724" level="INFO">False</msg>
<arg>${json_data['results'][0]}</arg>
<arg>${key}</arg>
<doc>Fails if ``key`` is not found from ``dictionary``.</doc>
<status status="PASS" start="2024-05-17T22:13:43.337345" elapsed="0.000417"/>
</kw>
<kw name="Log" owner="BuiltIn">
<msg time="2024-05-17T22:13:43.338424" level="INFO">{'gender': 'male', 'name': {'title': 'Mr', 'first': 'Slaven', 'last': 'Cvejić'}, 'location': {'street': {'number': 6392, 'name': 'Mihaila ćupovića'}, 'city': 'Rekovac', 'state': 'Kosovo-Pomoravlje', 'country': 'Serbia', 'postcode': 38679, 'coordinates': {'latitude': '62.0118', 'longitude': '-176.4298'}, 'timezone': {'offset': '+6:00', 'description': 'Almaty, Dhaka, Colombo'}}, 'email': 'slaven.cvejic@example.com', 'login': {'uuid': 'b1ca7b35-e54b-4344-840a-679327c54dfe', 'username': 'beautifulmouse442', 'password': 'dogface', 'salt': '4utToqsG', 'md5': 'd0d70ca7afd0c25b12c1211ee90de5ea', 'sha1': 'f1724f4455b8f3249e9ded981a4ece9e52e2352c', 'sha256': 'b6b0b9cabf58fc3a03a06c6c1ecbcc3d60009cdca6a0a6d8e0f0cdbc0bac9678'}, 'dob': {'date': '1970-01-07T19:29:10.058Z', 'age': 54}, 'registered': {'date': '2014-06-11T21:14:18.339Z', 'age': 9}, 'phone': '014-7328-981', 'cell': '062-9810-707', 'id': {'name': 'SID', 'value': '630243360'}, 'picture': {'large': 'https://randomuser.me/api/portraits/men/19.jpg', 'medium': 'https://randomuser.me/api/portraits/med/men/19.jpg', 'thumbnail': 'https://randomuser.me/api/portraits/thumb/men/19.jpg'}, 'nat': 'RS'}</msg>
<arg>${json_data['results'][0]}</arg>
<doc>Logs the given message with the given level.</doc>
<status status="PASS" start="2024-05-17T22:13:43.338061" elapsed="0.000415"/>
</kw>
<kw name="Log" owner="BuiltIn">
<msg time="2024-05-17T22:13:43.338905" level="INFO">location</msg>
<arg>${key}</arg>
<doc>Logs the given message with the given level.</doc>
<status status="PASS" start="2024-05-17T22:13:43.338770" elapsed="0.000172"/>
</kw>
<var name="${key}">location</var>
<status status="PASS" start="2024-05-17T22:13:43.337235" elapsed="0.001918"/>
</iter>
<iter>
<kw name="Dictionary Should Contain Key" owner="Collections">
<msg time="2024-05-17T22:13:43.339851" level="INFO">False</msg>
<arg>${json_data['results'][0]}</arg>
<arg>${key}</arg>
<doc>Fails if ``key`` is not found from ``dictionary``.</doc>
<status status="PASS" start="2024-05-17T22:13:43.339434" elapsed="0.000455"/>
</kw>
<kw name="Log" owner="BuiltIn">
<msg time="2024-05-17T22:13:43.340554" level="INFO">{'gender': 'male', 'name': {'title': 'Mr', 'first': 'Slaven', 'last': 'Cvejić'}, 'location': {'street': {'number': 6392, 'name': 'Mihaila ćupovića'}, 'city': 'Rekovac', 'state': 'Kosovo-Pomoravlje', 'country': 'Serbia', 'postcode': 38679, 'coordinates': {'latitude': '62.0118', 'longitude': '-176.4298'}, 'timezone': {'offset': '+6:00', 'description': 'Almaty, Dhaka, Colombo'}}, 'email': 'slaven.cvejic@example.com', 'login': {'uuid': 'b1ca7b35-e54b-4344-840a-679327c54dfe', 'username': 'beautifulmouse442', 'password': 'dogface', 'salt': '4utToqsG', 'md5': 'd0d70ca7afd0c25b12c1211ee90de5ea', 'sha1': 'f1724f4455b8f3249e9ded981a4ece9e52e2352c', 'sha256': 'b6b0b9cabf58fc3a03a06c6c1ecbcc3d60009cdca6a0a6d8e0f0cdbc0bac9678'}, 'dob': {'date': '1970-01-07T19:29:10.058Z', 'age': 54}, 'registered': {'date': '2014-06-11T21:14:18.339Z', 'age': 9}, 'phone': '014-7328-981', 'cell': '062-9810-707', 'id': {'name': 'SID', 'value': '630243360'}, 'picture': {'large': 'https://randomuser.me/api/portraits/men/19.jpg', 'medium': 'https://randomuser.me/api/portraits/med/men/19.jpg', 'thumbnail': 'https://randomuser.me/api/portraits/thumb/men/19.jpg'}, 'nat': 'RS'}</msg>
<arg>${json_data['results'][0]}</arg>
<doc>Logs the given message with the given level.</doc>
<status status="PASS" start="2024-05-17T22:13:43.340192" elapsed="0.000415"/>
</kw>
<kw name="Log" owner="BuiltIn">
<msg time="2024-05-17T22:13:43.341031" level="INFO">email</msg>
<arg>${key}</arg>
<doc>Logs the given message with the given level.</doc>
<status status="PASS" start="2024-05-17T22:13:43.340906" elapsed="0.000162"/>
</kw>
<var name="${key}">email</var>
<status status="PASS" start="2024-05-17T22:13:43.339324" elapsed="0.001957"/>
</iter>
<iter>
<kw name="Dictionary Should Contain Key" owner="Collections">
<msg time="2024-05-17T22:13:43.341946" level="INFO">False</msg>
<arg>${json_data['results'][0]}</arg>
<arg>${key}</arg>
<doc>Fails if ``key`` is not found from ``dictionary``.</doc>
<status status="PASS" start="2024-05-17T22:13:43.341562" elapsed="0.000422"/>
</kw>
<kw name="Log" owner="BuiltIn">
<msg time="2024-05-17T22:13:43.342639" level="INFO">{'gender': 'male', 'name': {'title': 'Mr', 'first': 'Slaven', 'last': 'Cvejić'}, 'location': {'street': {'number': 6392, 'name': 'Mihaila ćupovića'}, 'city': 'Rekovac', 'state': 'Kosovo-Pomoravlje', 'country': 'Serbia', 'postcode': 38679, 'coordinates': {'latitude': '62.0118', 'longitude': '-176.4298'}, 'timezone': {'offset': '+6:00', 'description': 'Almaty, Dhaka, Colombo'}}, 'email': 'slaven.cvejic@example.com', 'login': {'uuid': 'b1ca7b35-e54b-4344-840a-679327c54dfe', 'username': 'beautifulmouse442', 'password': 'dogface', 'salt': '4utToqsG', 'md5': 'd0d70ca7afd0c25b12c1211ee90de5ea', 'sha1': 'f1724f4455b8f3249e9ded981a4ece9e52e2352c', 'sha256': 'b6b0b9cabf58fc3a03a06c6c1ecbcc3d60009cdca6a0a6d8e0f0cdbc0bac9678'}, 'dob': {'date': '1970-01-07T19:29:10.058Z', 'age': 54}, 'registered': {'date': '2014-06-11T21:14:18.339Z', 'age': 9}, 'phone': '014-7328-981', 'cell': '062-9810-707', 'id': {'name': 'SID', 'value': '630243360'}, 'picture': {'large': 'https://randomuser.me/api/portraits/men/19.jpg', 'medium': 'https://randomuser.me/api/portraits/med/men/19.jpg', 'thumbnail': 'https://randomuser.me/api/portraits/thumb/men/19.jpg'}, 'nat': 'RS'}</msg>
<arg>${json_data['results'][0]}</arg>
<doc>Logs the given message with the given level.</doc>
<status status="PASS" start="2024-05-17T22:13:43.342278" elapsed="0.000414"/>
</kw>
<kw name="Log" owner="BuiltIn">
<msg time="2024-05-17T22:13:43.343134" level="INFO">login</msg>
<arg>${key}</arg>
<doc>Logs the given message with the given level.</doc>
<status status="PASS" start="2024-05-17T22:13:43.343007" elapsed="0.000164"/>
</kw>
<var name="${key}">login</var>
<status status="PASS" start="2024-05-17T22:13:43.341452" elapsed="0.001970"/>
</iter>
<var>${key}</var>
<value>@{expected_keys}</value>
<status status="PASS" start="2024-05-17T22:13:43.332692" elapsed="0.010893"/>
</for>
<kw name="Create List" owner="BuiltIn">
<msg time="2024-05-17T22:13:43.343932" level="INFO">${expected_keysTwo} = ['username', 'password']</msg>
<var>${expected_keysTwo}</var>
<arg>username</arg>
<arg>password</arg>
<doc>Returns a list containing given items.</doc>
<status status="PASS" start="2024-05-17T22:13:43.343793" elapsed="0.000162"/>
</kw>
<for flavor="IN">
<iter>
<kw name="Dictionary Should Contain Key" owner="Collections">
<msg time="2024-05-17T22:13:43.344863" level="INFO">False</msg>
<arg>${json_data['results'][0]['login']}</arg>
<arg>${keyTwo}</arg>
<doc>Fails if ``key`` is not found from ``dictionary``.</doc>
<status status="PASS" start="2024-05-17T22:13:43.344455" elapsed="0.000444"/>
</kw>
<kw name="Dictionary Should Contain Key" owner="Collections">
<msg time="2024-05-17T22:13:43.345578" level="INFO">False</msg>
<arg>${json_data['results'][0]['login']}</arg>
<arg>${keyTwo}</arg>
<doc>Fails if ``key`` is not found from ``dictionary``.</doc>
<status status="PASS" start="2024-05-17T22:13:43.345201" elapsed="0.000414"/>
</kw>
<kw name="Log" owner="BuiltIn">
<msg time="2024-05-17T22:13:43.346036" level="INFO">username</msg>
<arg>${keyTwo}</arg>
<doc>Logs the given message with the given level.</doc>
<status status="PASS" start="2024-05-17T22:13:43.345909" elapsed="0.000169"/>
</kw>
<var name="${keyTwo}">username</var>
<status status="PASS" start="2024-05-17T22:13:43.344345" elapsed="0.001948"/>
</iter>
<iter>
<kw name="Dictionary Should Contain Key" owner="Collections">
<msg time="2024-05-17T22:13:43.347035" level="INFO">False</msg>
<arg>${json_data['results'][0]['login']}</arg>
<arg>${keyTwo}</arg>
<doc>Fails if ``key`` is not found from ``dictionary``.</doc>
<status status="PASS" start="2024-05-17T22:13:43.346576" elapsed="0.000499"/>
</kw>
<kw name="Dictionary Should Contain Key" owner="Collections">
<msg time="2024-05-17T22:13:43.347798" level="INFO">False</msg>
<arg>${json_data['results'][0]['login']}</arg>
<arg>${keyTwo}</arg>
<doc>Fails if ``key`` is not found from ``dictionary``.</doc>
<status status="PASS" start="2024-05-17T22:13:43.347374" elapsed="0.000460"/>
</kw>
<kw name="Log" owner="BuiltIn">
<msg time="2024-05-17T22:13:43.348256" level="INFO">password</msg>
<arg>${keyTwo}</arg>
<doc>Logs the given message with the given level.</doc>
<status status="PASS" start="2024-05-17T22:13:43.348130" elapsed="0.000172"/>
</kw>
<var name="${keyTwo}">password</var>
<status status="PASS" start="2024-05-17T22:13:43.346466" elapsed="0.002050"/>
</iter>
<var>${keyTwo}</var>
<value>@{expected_keysTwo}</value>
<status status="PASS" start="2024-05-17T22:13:43.344193" elapsed="0.004442"/>
</for>
<status status="PASS" start="2024-05-17T22:13:43.234537" elapsed="0.114238"/>
</kw>
<doc>Testa a estrutura da resposta da API.</doc>
<tag>testeEstruturaResposta</tag>
<status status="PASS" start="2024-05-17T22:13:43.233920" elapsed="0.115009"/>
</test>
<test id="s1-s1-t4" name="Validar tipos de dados" line="28">
<kw name="Teste de Tipos de Dados" owner="random-user-service">
<kw name="GET On Session" owner="RequestsLibrary">
<msg time="2024-05-17T22:13:43.469713" level="INFO">GET Request : url=https://randomuser.me/api 
 path_url=/api 
 headers={'User-Agent': 'python-requests/2.31.0', 'Accept-Encoding': 'gzip, deflate', 'Accept': '*/*', 'Connection': 'keep-alive'} 
 body=None 
 </msg>
<msg time="2024-05-17T22:13:43.469818" level="INFO">GET Response : url=https://randomuser.me/api 
 status=200, reason=OK 
 headers={'Date': 'Fri, 17 May 2024 22:13:43 GMT', 'Content-Type': 'application/json; charset=utf-8', 'Transfer-Encoding': 'chunked', 'Connection': 'keep-alive', 'X-Powered-By': 'Express', 'Access-Control-Allow-Origin': '*', 'Cache-Control': 'no-cache', 'ETag': 'W/"468-PQ2dk2NprcgNTNiRy0B5i9DczQo"', 'Vary': 'Accept-Encoding', 'Content-Encoding': 'gzip', 'CF-Cache-Status': 'DYNAMIC', 'Report-To': '{"endpoints":[{"url":"https:\\/\\/a.nel.cloudflare.com\\/report\\/v4?s=IqCx193kfx3OLIuRpr2eAruAGCgBdPdvmVO8uVad3GYERCKXnuCD%2BQiu1VBI5HnXgBuMr7lm7N1JISkW6XFCAa6HNjxckAHT9B0WufojpVTgwLd9gmIohyNqS%2F45bZlU"}],"group":"cf-nel","max_age":604800}', 'NEL': '{"success_fraction":0,"report_to":"cf-nel","max_age":604800}', 'Server': 'cloudflare', 'CF-RAY': '8856f4d1fe553975-IAD', 'alt-svc': 'h3=":443"; ma=86400'} 
 body={"results":[{"gender":"female","name":{"title":"Ms","first":"Ellie","last":"Davis"},"location":{"street":{"number":7240,"name":"Green Lane"},"city":"Fermoy","state":"Limerick","country":"Ireland","postcode":80040,"coordinates":{"latitude":"1.6702","longitude":"2.4915"},"timezone":{"offset":"-10:00","description":"Hawaii"}},"email":"ellie.davis@example.com","login":{"uuid":"53c1b468-cbdc-48c2-8f0f-25c79e683b67","username":"yellowcat395","password":"420247","salt":"TYVIVjc0","md5":"515b544aa96c476f6115ee5f222641c5","sha1":"98a38e9181498349d79645955a86bf17e853f33d","sha256":"ef17c38f08910012f75adc656018b09da69e87d9a1ac1aad4191d57f1353456a"},"dob":{"date":"1989-08-11T06:50:27.120Z","age":34},"registered":{"date":"2011-11-26T15:43:25.629Z","age":12},"phone":"071-452-6347","cell":"081-195-9191","id":{"name":"PPS","value":"8411674T"},"picture":{"large":"https://randomuser.me/api/portraits/women/58.jpg","medium":"https://randomuser.me/api/portraits/med/women/58.jpg","thumbnail":"https://randomuser.me/api/portraits/thumb/women/58.jpg"},"nat":"IE"}],"info":{"seed":"b77f102a446aa7f1","results":1,"page":1,"version":"1.4"}} 
 </msg>
<msg time="2024-05-17T22:13:43.469897" level="INFO">/opt/hostedtoolcache/Python/3.12.3/x64/lib/python3.12/site-packages/urllib3/connectionpool.py:1103: InsecureRequestWarning: Unverified HTTPS request is being made to host 'randomuser.me'. Adding certificate verification is strongly advised. See: https://urllib3.readthedocs.io/en/latest/advanced-usage.html#tls-warnings
  warnings.warn(</msg>
<msg time="2024-05-17T22:13:43.470031" level="INFO">${response} = &lt;Response [200]&gt;</msg>
<var>${response}</var>
<arg>consultarAPI</arg>
<arg>/api</arg>
<doc>Sends a GET request on a previously created HTTP Session.</doc>
<status status="PASS" start="2024-05-17T22:13:43.351454" elapsed="0.118619"/>
</kw>
<kw name="Set Variable" owner="BuiltIn">
<msg time="2024-05-17T22:13:43.471437" level="INFO">${json_data} = {'results': [{'gender': 'female', 'name': {'title': 'Ms', 'first': 'Ellie', 'last': 'Davis'}, 'location': {'street': {'number': 7240, 'name': 'Green Lane'}, 'city': 'Fermoy', 'state': 'Limerick', 'cou...</msg>
<var>${json_data}</var>
<arg>${response.json()}</arg>
<doc>Returns the given values which can then be assigned to a variables.</doc>
<status status="PASS" start="2024-05-17T22:13:43.470810" elapsed="0.000659"/>
</kw>
<kw name="Log" owner="BuiltIn">
<msg time="2024-05-17T22:13:43.471975" level="INFO">{'results': [{'gender': 'female', 'name': {'title': 'Ms', 'first': 'Ellie', 'last': 'Davis'}, 'location': {'street': {'number': 7240, 'name': 'Green Lane'}, 'city': 'Fermoy', 'state': 'Limerick', 'country': 'Ireland', 'postcode': 80040, 'coordinates': {'latitude': '1.6702', 'longitude': '2.4915'}, 'timezone': {'offset': '-10:00', 'description': 'Hawaii'}}, 'email': 'ellie.davis@example.com', 'login': {'uuid': '53c1b468-cbdc-48c2-8f0f-25c79e683b67', 'username': 'yellowcat395', 'password': '420247', 'salt': 'TYVIVjc0', 'md5': '515b544aa96c476f6115ee5f222641c5', 'sha1': '98a38e9181498349d79645955a86bf17e853f33d', 'sha256': 'ef17c38f08910012f75adc656018b09da69e87d9a1ac1aad4191d57f1353456a'}, 'dob': {'date': '1989-08-11T06:50:27.120Z', 'age': 34}, 'registered': {'date': '2011-11-26T15:43:25.629Z', 'age': 12}, 'phone': '071-452-6347', 'cell': '081-195-9191', 'id': {'name': 'PPS', 'value': '8411674T'}, 'picture': {'large': 'https://randomuser.me/api/portraits/women/58.jpg', 'medium': 'https://randomuser.me/api/portraits/med/women/58.jpg', 'thumbnail': 'https://randomuser.me/api/portraits/thumb/women/58.jpg'}, 'nat': 'IE'}], 'info': {'seed': 'b77f102a446aa7f1', 'results': 1, 'page': 1, 'version': '1.4'}}</msg>
<arg>${json_data}</arg>
<doc>Logs the given message with the given level.</doc>
<status status="PASS" start="2024-05-17T22:13:43.471821" elapsed="0.000238"/>
</kw>
<kw name="Should Be String" owner="String">
<arg>${json_data['results'][0]['gender']}</arg>
<doc>Fails if the given ``item`` is not a string.</doc>
<status status="PASS" start="2024-05-17T22:13:43.472357" elapsed="0.000364"/>
</kw>
<kw name="Should Match Regexp" owner="BuiltIn">
<arg>${json_data['results'][0]['email']}</arg>
<arg>^[a-zA-Z0-9._%+-]+@[a-zA-Z0-9.-]+\.[a-zA-Z]{2,}$</arg>
<doc>Fails if ``string`` does not match ``pattern`` as a regular expression.</doc>
<status status="PASS" start="2024-05-17T22:13:43.472915" elapsed="0.000518"/>
</kw>
<kw name="Should Match Regexp" owner="BuiltIn">
<arg>${json_data['results'][0]['dob']['date']}</arg>
<arg>\\d{4}-\\d{2}-\\d{2}T\\d{2}:\\d{2}:\\d{2}\\.\\d{3}Z</arg>
<doc>Fails if ``string`` does not match ``pattern`` as a regular expression.</doc>
<status status="PASS" start="2024-05-17T22:13:43.473629" elapsed="0.000493"/>
</kw>
<kw name="Should Match Regexp" owner="BuiltIn">
<arg>${json_data['results'][0]['registered']['date']}</arg>
<arg>\\d{4}-\\d{2}-\\d{2}T\\d{2}:\\d{2}:\\d{2}\\.\\d{3}Z</arg>
<doc>Fails if ``string`` does not match ``pattern`` as a regular expression.</doc>
<status status="PASS" start="2024-05-17T22:13:43.474315" elapsed="0.000365"/>
</kw>
<kw name="Should Match Regexp" owner="BuiltIn">
<arg>${json_data['results'][0]['picture']['large']}</arg>
<arg>^https?://.*\.(?:png|jpe?g|gif|bmp)$</arg>
<doc>Fails if ``string`` does not match ``pattern`` as a regular expression.</doc>
<status status="PASS" start="2024-05-17T22:13:43.474876" elapsed="0.000461"/>
</kw>
<kw name="Should Match Regexp" owner="BuiltIn">
<arg>${json_data['results'][0]['picture']['medium']}</arg>
<arg>^https?://.*\.(?:png|jpe?g|gif|bmp)$</arg>
<doc>Fails if ``string`` does not match ``pattern`` as a regular expression.</doc>
<status status="PASS" start="2024-05-17T22:13:43.475555" elapsed="0.000393"/>
</kw>
<kw name="Should Match Regexp" owner="BuiltIn">
<arg>${json_data['results'][0]['picture']['thumbnail']}</arg>
<arg>^https?://.*\.(?:png|jpe?g|gif|bmp)$</arg>
<doc>Fails if ``string`` does not match ``pattern`` as a regular expression.</doc>
<status status="PASS" start="2024-05-17T22:13:43.476142" elapsed="0.000366"/>
</kw>
<kw name="Log" owner="BuiltIn">
<msg time="2024-05-17T22:13:43.477012" level="INFO">{'large': 'https://randomuser.me/api/portraits/women/58.jpg', 'medium': 'https://randomuser.me/api/portraits/med/women/58.jpg', 'thumbnail': 'https://randomuser.me/api/portraits/thumb/women/58.jpg'}</msg>
<arg>${json_data['results'][0]['picture']}</arg>
<doc>Logs the given message with the given level.</doc>
<status status="PASS" start="2024-05-17T22:13:43.476690" elapsed="0.000364"/>
</kw>
<status status="PASS" start="2024-05-17T22:13:43.351227" elapsed="0.126090"/>
</kw>
<kw name="Teste de Tipos de Dados - Postcode" owner="random-user-service">
<kw name="GET On Session" owner="RequestsLibrary">
<msg time="2024-05-17T22:13:43.536939" level="INFO">GET Request : url=https://randomuser.me/api 
 path_url=/api 
 headers={'User-Agent': 'python-requests/2.31.0', 'Accept-Encoding': 'gzip, deflate', 'Accept': '*/*', 'Connection': 'keep-alive'} 
 body=None 
 </msg>
<msg time="2024-05-17T22:13:43.537047" level="INFO">GET Response : url=https://randomuser.me/api 
 status=200, reason=OK 
 headers={'Date': 'Fri, 17 May 2024 22:13:43 GMT', 'Content-Type': 'application/json; charset=utf-8', 'Transfer-Encoding': 'chunked', 'Connection': 'keep-alive', 'X-Powered-By': 'Express', 'Access-Control-Allow-Origin': '*', 'Cache-Control': 'no-cache', 'ETag': 'W/"488-Ou1TlQ8csco5phqSfSjPbiap3ZM"', 'Vary': 'Accept-Encoding', 'Content-Encoding': 'gzip', 'CF-Cache-Status': 'DYNAMIC', 'Report-To': '{"endpoints":[{"url":"https:\\/\\/a.nel.cloudflare.com\\/report\\/v4?s=aw1yP3TJRgDP%2B4gfXBwXNCu0da7Hp0%2BnLNrruTlIeanLceNzUToMWXmdFRUflqx3L4uGnNSYDRH84AjG3wKcouvYiwrTIZ%2BaJN9M8LD1RLJqJLXer%2FkBtQhDLT5ffxBr"}],"group":"cf-nel","max_age":604800}', 'NEL': '{"success_fraction":0,"report_to":"cf-nel","max_age":604800}', 'Server': 'cloudflare', 'CF-RAY': '8856f4d2cf973975-IAD', 'alt-svc': 'h3=":443"; ma=86400'} 
 body={"results":[{"gender":"male","name":{"title":"Mr","first":"Lawrence","last":"Oliver"},"location":{"street":{"number":1579,"name":"W Gray St"},"city":"Atlanta","state":"Pennsylvania","country":"United States","postcode":72954,"coordinates":{"latitude":"84.6803","longitude":"-163.9946"},"timezone":{"offset":"+6:00","description":"Almaty, Dhaka, Colombo"}},"email":"lawrence.oliver@example.com","login":{"uuid":"9ac2e0bb-a859-481c-ba8b-46b19402f248","username":"orangepanda354","password":"neon","salt":"QGtLHeW7","md5":"7efda0236402d2975e1680e3d6ffa1dc","sha1":"015d242102abac1c4f42c754dc46b954812b6f3a","sha256":"6c89f22025d60a5b629abb5cadff30ad157e1be0165a8c4afcbb63a9903e0b6e"},"dob":{"date":"1968-11-01T01:42:16.035Z","age":55},"registered":{"date":"2016-03-31T08:11:45.737Z","age":8},"phone":"(620) 391-2531","cell":"(596) 668-5411","id":{"name":"SSN","value":"858-71-7852"},"picture":{"large":"https://randomuser.me/api/portraits/men/9.jpg","medium":"https://randomuser.me/api/portraits/med/men/9.jpg","thumbnail":"https://randomuser.me/api/portraits/thumb/men/9.jpg"},"nat":"US"}],"info":{"seed":"09afd4923dc2529d","results":1,"page":1,"version":"1.4"}} 
 </msg>
<msg time="2024-05-17T22:13:43.537135" level="INFO">/opt/hostedtoolcache/Python/3.12.3/x64/lib/python3.12/site-packages/urllib3/connectionpool.py:1103: InsecureRequestWarning: Unverified HTTPS request is being made to host 'randomuser.me'. Adding certificate verification is strongly advised. See: https://urllib3.readthedocs.io/en/latest/advanced-usage.html#tls-warnings
  warnings.warn(</msg>
<msg time="2024-05-17T22:13:43.537264" level="INFO">${response} = &lt;Response [200]&gt;</msg>
<var>${response}</var>
<arg>consultarAPI</arg>
<arg>/api</arg>
<doc>Sends a GET request on a previously created HTTP Session.</doc>
<status status="PASS" start="2024-05-17T22:13:43.477786" elapsed="0.059521"/>
</kw>
<kw name="Set Variable" owner="BuiltIn">
<msg time="2024-05-17T22:13:43.538722" level="INFO">${json_data} = {'results': [{'gender': 'male', 'name': {'title': 'Mr', 'first': 'Lawrence', 'last': 'Oliver'}, 'location': {'street': {'number': 1579, 'name': 'W Gray St'}, 'city': 'Atlanta', 'state': 'Pennsylvania'...</msg>
<var>${json_data}</var>
<arg>${response.json()}</arg>
<doc>Returns the given values which can then be assigned to a variables.</doc>
<status status="PASS" start="2024-05-17T22:13:43.538018" elapsed="0.000733"/>
</kw>
<kw name="Log" owner="BuiltIn">
<msg time="2024-05-17T22:13:43.539224" level="INFO">{'results': [{'gender': 'male', 'name': {'title': 'Mr', 'first': 'Lawrence', 'last': 'Oliver'}, 'location': {'street': {'number': 1579, 'name': 'W Gray St'}, 'city': 'Atlanta', 'state': 'Pennsylvania', 'country': 'United States', 'postcode': 72954, 'coordinates': {'latitude': '84.6803', 'longitude': '-163.9946'}, 'timezone': {'offset': '+6:00', 'description': 'Almaty, Dhaka, Colombo'}}, 'email': 'lawrence.oliver@example.com', 'login': {'uuid': '9ac2e0bb-a859-481c-ba8b-46b19402f248', 'username': 'orangepanda354', 'password': 'neon', 'salt': 'QGtLHeW7', 'md5': '7efda0236402d2975e1680e3d6ffa1dc', 'sha1': '015d242102abac1c4f42c754dc46b954812b6f3a', 'sha256': '6c89f22025d60a5b629abb5cadff30ad157e1be0165a8c4afcbb63a9903e0b6e'}, 'dob': {'date': '1968-11-01T01:42:16.035Z', 'age': 55}, 'registered': {'date': '2016-03-31T08:11:45.737Z', 'age': 8}, 'phone': '(620) 391-2531', 'cell': '(596) 668-5411', 'id': {'name': 'SSN', 'value': '858-71-7852'}, 'picture': {'large': 'https://randomuser.me/api/portraits/men/9.jpg', 'medium': 'https://randomuser.me/api/portraits/med/men/9.jpg', 'thumbnail': 'https://randomuser.me/api/portraits/thumb/men/9.jpg'}, 'nat': 'US'}], 'info': {'seed': '09afd4923dc2529d', 'results': 1, 'page': 1, 'version': '1.4'}}</msg>
<arg>${json_data}</arg>
<doc>Logs the given message with the given level.</doc>
<status status="PASS" start="2024-05-17T22:13:43.539068" elapsed="0.000241"/>
</kw>
<kw name="Should Be Equal As Numbers" owner="BuiltIn">
<arg>${json_data['results'][0]['location']['postcode']}</arg>
<arg>${json_data['results'][0]['location']['postcode']}</arg>
<doc>Fails if objects are unequal after converting them to real numbers.</doc>
<status status="PASS" start="2024-05-17T22:13:43.539834" elapsed="0.000628"/>
</kw>
<kw name="Log" owner="BuiltIn">
<msg time="2024-05-17T22:13:43.540992" level="INFO">72954</msg>
<arg>${json_data['results'][0]['location']['postcode']}</arg>
<doc>Logs the given message with the given level.</doc>
<status status="PASS" start="2024-05-17T22:13:43.540655" elapsed="0.000378"/>
</kw>
<status status="PASS" start="2024-05-17T22:13:43.477551" elapsed="0.063740"/>
</kw>
<doc>Testa se os tipos de dados na resposta da API estão corretos.</doc>
<tag>testeTiposDados</tag>
<status status="PASS" start="2024-05-17T22:13:43.350676" elapsed="0.190786"/>
</test>
<test id="s1-s1-t5" name="Validar conteudo" line="35">
<kw name="Teste de Tipos de Conteudo" owner="random-user-service">
<kw name="GET On Session" owner="RequestsLibrary">
<msg time="2024-05-17T22:13:43.629971" level="INFO">GET Request : url=https://randomuser.me/api 
 path_url=/api 
 headers={'User-Agent': 'python-requests/2.31.0', 'Accept-Encoding': 'gzip, deflate', 'Accept': '*/*', 'Connection': 'keep-alive'} 
 body=None 
 </msg>
<msg time="2024-05-17T22:13:43.630087" level="INFO">GET Response : url=https://randomuser.me/api 
 status=200, reason=OK 
 headers={'Date': 'Fri, 17 May 2024 22:13:43 GMT', 'Content-Type': 'application/json; charset=utf-8', 'Transfer-Encoding': 'chunked', 'Connection': 'keep-alive', 'X-Powered-By': 'Express', 'Access-Control-Allow-Origin': '*', 'Cache-Control': 'no-cache', 'ETag': 'W/"495-Nc9XYxKihP4MnWXPmt8ufNCaokM"', 'Vary': 'Accept-Encoding', 'Content-Encoding': 'gzip', 'CF-Cache-Status': 'DYNAMIC', 'Report-To': '{"endpoints":[{"url":"https:\\/\\/a.nel.cloudflare.com\\/report\\/v4?s=TjwOKmSXZcCjKdAuxEQN8oETdM0zoLkX2jbC42aI6WCupa6IoptACFuF2tU%2FtT7tw3vQWrztMKa5xBzk1SbWkhDVlbZBCh8AMjjMtopoa6UzJrzkSOEfLwDP5p7ko3j5"}],"group":"cf-nel","max_age":604800}', 'NEL': '{"success_fraction":0,"report_to":"cf-nel","max_age":604800}', 'Server': 'cloudflare', 'CF-RAY': '8856f4d328163975-IAD', 'alt-svc': 'h3=":443"; ma=86400'} 
 body={"results":[{"gender":"male","name":{"title":"Mr","first":"Michal","last":"Van Rumpt"},"location":{"street":{"number":3726,"name":"De Friso"},"city":"Opeinde","state":"Friesland","country":"Netherlands","postcode":"6019 AW","coordinates":{"latitude":"32.7625","longitude":"-30.7344"},"timezone":{"offset":"+3:00","description":"Baghdad, Riyadh, Moscow, St. Petersburg"}},"email":"michal.vanrumpt@example.com","login":{"uuid":"9d855a34-6b1b-4b49-b3eb-6fcfaf1c783b","username":"tinypanda466","password":"chivas","salt":"xTeTSqLB","md5":"51b67dea2b51982448816cf19eecc556","sha1":"7bee198a3b8d0c323a666a81c4ab52898626102d","sha256":"daf4a5f7291a5e147823cd576ee50b896bbc113cc7f91f49ff057065951c6f39"},"dob":{"date":"1998-01-07T02:07:54.588Z","age":26},"registered":{"date":"2018-01-22T10:39:29.526Z","age":6},"phone":"(0141) 622503","cell":"(06) 82767806","id":{"name":"BSN","value":"38456275"},"picture":{"large":"https://randomuser.me/api/portraits/men/96.jpg","medium":"https://randomuser.me/api/portraits/med/men/96.jpg","thumbnail":"https://randomuser.me/api/portraits/thumb/men/96.jpg"},"nat":"NL"}],"info":{"seed":"c3b7ddbb373d819d","results":1,"page":1,"version":"1.4"}} 
 </msg>
<msg time="2024-05-17T22:13:43.630176" level="INFO">/opt/hostedtoolcache/Python/3.12.3/x64/lib/python3.12/site-packages/urllib3/connectionpool.py:1103: InsecureRequestWarning: Unverified HTTPS request is being made to host 'randomuser.me'. Adding certificate verification is strongly advised. See: https://urllib3.readthedocs.io/en/latest/advanced-usage.html#tls-warnings
  warnings.warn(</msg>
<msg time="2024-05-17T22:13:43.630317" level="INFO">${response} = &lt;Response [200]&gt;</msg>
<var>${response}</var>
<arg>consultarAPI</arg>
<arg>/api</arg>
<doc>Sends a GET request on a previously created HTTP Session.</doc>
<status status="PASS" start="2024-05-17T22:13:43.544036" elapsed="0.086324"/>
</kw>
<kw name="Set Variable" owner="BuiltIn">
<msg time="2024-05-17T22:13:43.631811" level="INFO">${json_data} = {'results': [{'gender': 'male', 'name': {'title': 'Mr', 'first': 'Michal', 'last': 'Van Rumpt'}, 'location': {'street': {'number': 3726, 'name': 'De Friso'}, 'city': 'Opeinde', 'state': 'Friesland', '...</msg>
<var>${json_data}</var>
<arg>${response.json()}</arg>
<doc>Returns the given values which can then be assigned to a variables.</doc>
<status status="PASS" start="2024-05-17T22:13:43.631089" elapsed="0.000752"/>
</kw>
<kw name="Set Variable" owner="BuiltIn">
<msg time="2024-05-17T22:13:43.632580" level="INFO">${name_title} = Mr</msg>
<var>${name_title}</var>
<arg>${json_data["results"][0]["name"]["title"]}</arg>
<doc>Returns the given values which can then be assigned to a variables.</doc>
<status status="PASS" start="2024-05-17T22:13:43.632179" elapsed="0.000426"/>
</kw>
<kw name="Create List" owner="BuiltIn">
<msg time="2024-05-17T22:13:43.633064" level="INFO">${allowed_titles} = ['Mr', 'Ms', 'Miss', 'Mrs', 'Madame', 'Monsieur']</msg>
<var>${allowed_titles}</var>
<arg>Mr</arg>
<arg>Ms</arg>
<arg>Miss</arg>
<arg>Mrs</arg>
<arg>Madame</arg>
<arg>Monsieur</arg>
<doc>Returns a list containing given items.</doc>
<status status="PASS" start="2024-05-17T22:13:43.632913" elapsed="0.000176"/>
</kw>
<kw name="List Should Contain Value" owner="Collections">
<msg time="2024-05-17T22:13:43.633566" level="INFO">False</msg>
<arg>${allowed_titles}</arg>
<arg>${name_title}</arg>
<doc>Fails if the ``value`` is not found from ``list``.</doc>
<status status="PASS" start="2024-05-17T22:13:43.633390" elapsed="0.000213"/>
</kw>
<kw name="Set Variable" owner="BuiltIn">
<msg time="2024-05-17T22:13:43.634278" level="INFO">${name_country} = NL</msg>
<var>${name_country}</var>
<arg>${json_data["results"][0]["nat"]}</arg>
<doc>Returns the given values which can then be assigned to a variables.</doc>
<status status="PASS" start="2024-05-17T22:13:43.633901" elapsed="0.000401"/>
</kw>
<kw name="Create List" owner="BuiltIn">
<msg time="2024-05-17T22:13:43.635202" level="INFO">${list_country} = ['AD', 'AE', 'AF', 'AG', 'AI', 'AL', 'AM', 'AO', 'AQ', 'AR', 'AS', 'AT', 'AU', 'AW', 'AX', 'AZ', 'BA', 'BB', 'BD', 'BE', 'BF', 'BG', 'BH', 'BI', 'BJ', 'BL', 'BM', 'BN', 'BO', 'BQ', 'BR', 'BS', 'BT', '...</msg>
<var>${list_country}</var>
<arg>AD</arg>
<arg>AE</arg>
<arg>AF</arg>
<arg>AG</arg>
<arg>AI</arg>
<arg>AL</arg>
<arg>AM</arg>
<arg>AO</arg>
<arg>AQ</arg>
<arg>AR</arg>
<arg>AS</arg>
<arg>AT</arg>
<arg>AU</arg>
<arg>AW</arg>
<arg>AX</arg>
<arg>AZ</arg>
<arg>BA</arg>
<arg>BB</arg>
<arg>BD</arg>
<arg>BE</arg>
<arg>BF</arg>
<arg>BG</arg>
<arg>BH</arg>
<arg>BI</arg>
<arg>BJ</arg>
<arg>BL</arg>
<arg>BM</arg>
<arg>BN</arg>
<arg>BO</arg>
<arg>BQ</arg>
<arg>BR</arg>
<arg>BS</arg>
<arg>BT</arg>
<arg>BV</arg>
<arg>BW</arg>
<arg>BY</arg>
<arg>BZ</arg>
<arg>CA</arg>
<arg>CC</arg>
<arg>CD</arg>
<arg>CF</arg>
<arg>CG</arg>
<arg>CH</arg>
<arg>CI</arg>
<arg>CK</arg>
<arg>CL</arg>
<arg>CM</arg>
<arg>CN</arg>
<arg>CO</arg>
<arg>CR</arg>
<arg>CU</arg>
<arg>CV</arg>
<arg>CW</arg>
<arg>CX</arg>
<arg>CY</arg>
<arg>CZ</arg>
<arg>DE</arg>
<arg>DJ</arg>
<arg>DK</arg>
<arg>DM</arg>
<arg>DO</arg>
<arg>DZ</arg>
<arg>EC</arg>
<arg>EE</arg>
<arg>EG</arg>
<arg>EH</arg>
<arg>ER</arg>
<arg>ES</arg>
<arg>ET</arg>
<arg>FI</arg>
<arg>FJ</arg>
<arg>FK</arg>
<arg>FM</arg>
<arg>FO</arg>
<arg>FR</arg>
<arg>GA</arg>
<arg>GB</arg>
<arg>GD</arg>
<arg>GE</arg>
<arg>GF</arg>
<arg>GG</arg>
<arg>GH</arg>
<arg>GI</arg>
<arg>GL</arg>
<arg>GM</arg>
<arg>GN</arg>
<arg>GP</arg>
<arg>GQ</arg>
<arg>GR</arg>
<arg>GS</arg>
<arg>GT</arg>
<arg>GU</arg>
<arg>GW</arg>
<arg>GY</arg>
<arg>HK</arg>
<arg>HM</arg>
<arg>HN</arg>
<arg>HR</arg>
<arg>HT</arg>
<arg>HU</arg>
<arg>ID</arg>
<arg>IE</arg>
<arg>IL</arg>
<arg>IM</arg>
<arg>IN</arg>
<arg>IO</arg>
<arg>IQ</arg>
<arg>IR</arg>
<arg>IS</arg>
<arg>IT</arg>
<arg>JE</arg>
<arg>JM</arg>
<arg>JO</arg>
<arg>JP</arg>
<arg>KE</arg>
<arg>KG</arg>
<arg>KH</arg>
<arg>KI</arg>
<arg>KM</arg>
<arg>KN</arg>
<arg>KP</arg>
<arg>KR</arg>
<arg>KW</arg>
<arg>KY</arg>
<arg>KZ</arg>
<arg>LA</arg>
<arg>LB</arg>
<arg>LC</arg>
<arg>LI</arg>
<arg>LK</arg>
<arg>LR</arg>
<arg>LS</arg>
<arg>LT</arg>
<arg>LU</arg>
<arg>LV</arg>
<arg>LY</arg>
<arg>MA</arg>
<arg>MC</arg>
<arg>MD</arg>
<arg>ME</arg>
<arg>MF</arg>
<arg>MG</arg>
<arg>MH</arg>
<arg>MK</arg>
<arg>ML</arg>
<arg>MM</arg>
<arg>MN</arg>
<arg>MO</arg>
<arg>MP</arg>
<arg>MQ</arg>
<arg>MR</arg>
<arg>MS</arg>
<arg>MT</arg>
<arg>MU</arg>
<arg>MV</arg>
<arg>MW</arg>
<arg>MX</arg>
<arg>MY</arg>
<arg>MZ</arg>
<arg>NA</arg>
<arg>NC</arg>
<arg>NE</arg>
<arg>NF</arg>
<arg>NG</arg>
<arg>NI</arg>
<arg>NL</arg>
<arg>NO</arg>
<arg>NP</arg>
<arg>NR</arg>
<arg>NU</arg>
<arg>NZ</arg>
<arg>OM</arg>
<arg>PA</arg>
<arg>PE</arg>
<arg>PF</arg>
<arg>PG</arg>
<arg>PH</arg>
<arg>PK</arg>
<arg>PL</arg>
<arg>PM</arg>
<arg>PN</arg>
<arg>PR</arg>
<arg>PS</arg>
<arg>PT</arg>
<arg>PW</arg>
<arg>PY</arg>
<arg>QA</arg>
<arg>RE</arg>
<arg>RO</arg>
<arg>RS</arg>
<arg>RU</arg>
<arg>RW</arg>
<arg>SA</arg>
<arg>SB</arg>
<arg>SC</arg>
<arg>SD</arg>
<arg>SE</arg>
<arg>SG</arg>
<arg>SH</arg>
<arg>SI</arg>
<arg>SJ</arg>
<arg>SK</arg>
<arg>SL</arg>
<arg>SM</arg>
<arg>SN</arg>
<arg>SO</arg>
<arg>SR</arg>
<arg>SS</arg>
<arg>ST</arg>
<arg>SV</arg>
<arg>SX</arg>
<arg>SY</arg>
<arg>SZ</arg>
<arg>TC</arg>
<arg>TD</arg>
<arg>TF</arg>
<arg>TG</arg>
<arg>TH</arg>
<arg>TJ</arg>
<arg>TK</arg>
<arg>TL</arg>
<arg>TM</arg>
<arg>TN</arg>
<arg>TO</arg>
<arg>TR</arg>
<arg>TT</arg>
<arg>TV</arg>
<arg>TW</arg>
<arg>TZ</arg>
<arg>UA</arg>
<arg>UG</arg>
<arg>UM</arg>
<arg>US</arg>
<arg>UY</arg>
<arg>UZ</arg>
<arg>VA</arg>
<arg>VC</arg>
<arg>VE</arg>
<arg>VG</arg>
<arg>VI</arg>
<arg>VN</arg>
<arg>VU</arg>
<arg>WF</arg>
<arg>WS</arg>
<arg>XK</arg>
<arg>YE</arg>
<arg>YT</arg>
<arg>ZA</arg>
<arg>ZM</arg>
<arg>ZW</arg>
<doc>Returns a list containing given items.</doc>
<status status="PASS" start="2024-05-17T22:13:43.634608" elapsed="0.000620"/>
</kw>
<kw name="List Should Contain Value" owner="Collections">
<msg time="2024-05-17T22:13:43.636245" level="INFO">False</msg>
<arg>${list_country}</arg>
<arg>${name_country}</arg>
<doc>Fails if the ``value`` is not found from ``list``.</doc>
<status status="PASS" start="2024-05-17T22:13:43.636043" elapsed="0.000238"/>
</kw>
<kw name="Run Keyword If" owner="BuiltIn">
<kw name="Should Be True" owner="BuiltIn">
<arg>${True}</arg>
<doc>Fails if the given condition is not true.</doc>
<status status="PASS" start="2024-05-17T22:13:43.637346" elapsed="0.000268"/>
</kw>
<arg>${json_data["results"][0]["location"]["coordinates"]["latitude"]} &gt;= -90 and ${json_data["results"][0]["location"]["coordinates"]["latitude"]} &lt;= 90</arg>
<arg>Should Be True</arg>
<arg>${True}</arg>
<doc>Runs the given keyword with the given arguments, if ``condition`` is true.</doc>
<status status="PASS" start="2024-05-17T22:13:43.636591" elapsed="0.001155"/>
</kw>
<kw name="Run Keyword If" owner="BuiltIn">
<kw name="Should Be True" owner="BuiltIn">
<arg>${True}</arg>
<doc>Fails if the given condition is not true.</doc>
<status status="PASS" start="2024-05-17T22:13:43.638639" elapsed="0.000138"/>
</kw>
<arg>${json_data["results"][0]["location"]["coordinates"]["longitude"]} &gt;= -180 and ${json_data["results"][0]["location"]["coordinates"]["longitude"]} &lt;= 180</arg>
<arg>Should Be True</arg>
<arg>${True}</arg>
<doc>Runs the given keyword with the given arguments, if ``condition`` is true.</doc>
<status status="PASS" start="2024-05-17T22:13:43.637932" elapsed="0.000969"/>
</kw>
<status status="PASS" start="2024-05-17T22:13:43.543797" elapsed="0.095235"/>
</kw>
<doc>Testa o conteúdo específico dos campos retornados pela API.</doc>
<tag>testeConteudo</tag>
<status status="PASS" start="2024-05-17T22:13:43.543211" elapsed="0.095974"/>
</test>
<status status="PASS" start="2024-05-17T22:13:42.685278" elapsed="0.955937"/>
</suite>
<status status="PASS" start="2024-05-17T22:13:42.671867" elapsed="0.974617"/>
</suite>
<statistics>
<total>
<stat pass="5" fail="0" skip="0">All Tests</stat>
</total>
<tag>
<stat pass="1" fail="0" skip="0">testeConteudo</stat>
<stat pass="1" fail="0" skip="0">testeEstruturaResposta</stat>
<stat pass="1" fail="0" skip="0">testeRequisicaoBasica</stat>
<stat pass="1" fail="0" skip="0">testeTiposDados</stat>
</tag>
<suite>
<stat pass="5" fail="0" skip="0" id="s1" name="Tests">Tests</stat>
<stat pass="5" fail="0" skip="0" id="s1-s1" name="Random-User-Test">Tests.Random-User-Test</stat>
</suite>
</statistics>
<errors>
</errors>
</robot>
