<?xml version="1.0" encoding="UTF-8"?>
<robot generator="Robot 7.0 (Python 3.12.3 on linux)" generated="2024-05-19T14:12:57.805488" rpa="false" schemaversion="5">
<suite id="s1" name="Tests" source="/home/runner/work/DesafioQAItauRogerioJordao/DesafioQAItauRogerioJordao/RamdonUser/tests">
<suite id="s1-s1" name="Random-User-Test" source="/home/runner/work/DesafioQAItauRogerioJordao/DesafioQAItauRogerioJordao/RamdonUser/tests/random-user-test.robot">
<test id="s1-s1-t1" name="Conectar" line="13">
<kw name="Conectar API" owner="random-user-service">
<kw name="Create Session" owner="RequestsLibrary">
<msg time="2024-05-19T14:12:58.166612" level="INFO">Creating Session using : alias=consultarAPI, url=https://randomuser.me/, headers={},                     cookies={}, auth=None, timeout=None, proxies=None, verify=False,                     debug=0 </msg>
<arg>consultarAPI</arg>
<arg>${URL}</arg>
<doc>Create Session: create a HTTP session to a server</doc>
<status status="PASS" start="2024-05-19T14:12:58.166380" elapsed="0.000423"/>
</kw>
<status status="PASS" start="2024-05-19T14:12:58.165399" elapsed="0.001791"/>
</kw>
<status status="PASS" start="2024-05-19T14:12:58.164772" elapsed="0.002615"/>
</test>
<test id="s1-s1-t2" name="Validar retorno 200 e JSON Válido" line="16">
<kw name="Teste de Requisicao Basica" owner="random-user-service">
<kw name="GET On Session" owner="RequestsLibrary">
<msg time="2024-05-19T14:12:58.371041" level="INFO">GET Request : url=https://randomuser.me/api 
 path_url=/api 
 headers={'User-Agent': 'python-requests/2.31.0', 'Accept-Encoding': 'gzip, deflate', 'Accept': '*/*', 'Connection': 'keep-alive'} 
 body=None 
 </msg>
<msg time="2024-05-19T14:12:58.371210" level="INFO">GET Response : url=https://randomuser.me/api 
 status=200, reason=OK 
 headers={'Date': 'Sun, 19 May 2024 14:12:58 GMT', 'Content-Type': 'application/json; charset=utf-8', 'Transfer-Encoding': 'chunked', 'Connection': 'keep-alive', 'X-Powered-By': 'Express', 'Access-Control-Allow-Origin': '*', 'Cache-Control': 'no-cache', 'ETag': 'W/"477-IUFMeb0sLymZ4Vhog4HGDyvp39I"', 'Vary': 'Accept-Encoding', 'Content-Encoding': 'gzip', 'CF-Cache-Status': 'DYNAMIC', 'Report-To': '{"endpoints":[{"url":"https:\\/\\/a.nel.cloudflare.com\\/report\\/v4?s=fVqnBniFvyeDwg9ROoDAxX7RQ0Yh7t%2Bw2ZQVhyAbVvHeAHdyFEm0lJN3A8ZgkgqRD%2FchE5JZK1wRaLvZtHHVhgMOUnSa02JijRiV3mdrGQURDJHRia%2FnWxB%2BZL2jD9Ws"}],"group":"cf-nel","max_age":604800}', 'NEL': '{"success_fraction":0,"report_to":"cf-nel","max_age":604800}', 'Server': 'cloudflare', 'CF-RAY': '8864af587fda0939-IAD', 'alt-svc': 'h3=":443"; ma=86400'} 
 body={"results":[{"gender":"female","name":{"title":"Ms","first":"Eleanor","last":"Johnston"},"location":{"street":{"number":5075,"name":"Rookery Road"},"city":"Wicklow","state":"Carlow","country":"Ireland","postcode":58609,"coordinates":{"latitude":"-2.0967","longitude":"151.6187"},"timezone":{"offset":"+4:30","description":"Kabul"}},"email":"eleanor.johnston@example.com","login":{"uuid":"57ea8bf0-8e3e-4727-aea7-15275f3d8e9d","username":"heavybutterfly400","password":"nnnn","salt":"4l6CjC55","md5":"1a0632ae592d69fcd5ed659d4d954464","sha1":"d06ce29b263c909e789736640b8485bf9a79ea3f","sha256":"1a1a410117247c75c344dc48809cb69e855eb2d8c85258cc9afd77083432e2ba"},"dob":{"date":"1954-12-19T06:11:51.616Z","age":69},"registered":{"date":"2011-08-08T05:30:37.036Z","age":12},"phone":"071-185-8582","cell":"081-568-8210","id":{"name":"PPS","value":"2901129T"},"picture":{"large":"https://randomuser.me/api/portraits/women/33.jpg","medium":"https://randomuser.me/api/portraits/med/women/33.jpg","thumbnail":"https://randomuser.me/api/portraits/thumb/women/33.jpg"},"nat":"IE"}],"info":{"seed":"66f62fb02ac49192","results":1,"page":1,"version":"1.4"}} 
 </msg>
<msg time="2024-05-19T14:12:58.371305" level="INFO">/opt/hostedtoolcache/Python/3.12.3/x64/lib/python3.12/site-packages/urllib3/connectionpool.py:1103: InsecureRequestWarning: Unverified HTTPS request is being made to host 'randomuser.me'. Adding certificate verification is strongly advised. See: https://urllib3.readthedocs.io/en/latest/advanced-usage.html#tls-warnings
  warnings.warn(</msg>
<msg time="2024-05-19T14:12:58.371478" level="INFO">${response} = &lt;Response [200]&gt;</msg>
<var>${response}</var>
<arg>consultarAPI</arg>
<arg>/api</arg>
<doc>Sends a GET request on a previously created HTTP Session.</doc>
<status status="PASS" start="2024-05-19T14:12:58.170029" elapsed="0.201496"/>
</kw>
<kw name="Should Be Equal As Numbers" owner="BuiltIn">
<msg time="2024-05-19T14:12:58.372618" level="INFO">Argument types are:
&lt;class 'int'&gt;
&lt;class 'str'&gt;</msg>
<arg>${response.status_code}</arg>
<arg>200</arg>
<doc>Fails if objects are unequal after converting them to real numbers.</doc>
<status status="PASS" start="2024-05-19T14:12:58.372141" elapsed="0.000546"/>
</kw>
<kw name="Log" owner="BuiltIn">
<msg time="2024-05-19T14:12:58.373407" level="INFO">200</msg>
<arg>${response.status_code}</arg>
<doc>Logs the given message with the given level.</doc>
<status status="PASS" start="2024-05-19T14:12:58.373042" elapsed="0.000410"/>
</kw>
<kw name="Set Variable" owner="BuiltIn">
<msg time="2024-05-19T14:12:58.374213" level="INFO">${json_data} = {'results': [{'gender': 'female', 'name': {'title': 'Ms', 'first': 'Eleanor', 'last': 'Johnston'}, 'location': {'street': {'number': 5075, 'name': 'Rookery Road'}, 'city': 'Wicklow', 'state': 'Carlow'...</msg>
<var>${json_data}</var>
<arg>${response.json()}</arg>
<doc>Returns the given values which can then be assigned to a variables.</doc>
<status status="PASS" start="2024-05-19T14:12:58.373774" elapsed="0.000471"/>
</kw>
<kw name="Dictionary Should Contain Key" owner="Collections">
<msg time="2024-05-19T14:12:58.374794" level="INFO">False</msg>
<arg>${json_data}</arg>
<arg>results</arg>
<doc>Fails if ``key`` is not found from ``dictionary``.</doc>
<status status="PASS" start="2024-05-19T14:12:58.374597" elapsed="0.000241"/>
</kw>
<status status="PASS" start="2024-05-19T14:12:58.169789" elapsed="0.205327"/>
</kw>
<doc>Testa se a API responde corretamente e retorna um objeto JSON válido.</doc>
<tag>testeRequisicaoBasica</tag>
<status status="PASS" start="2024-05-19T14:12:58.169272" elapsed="0.206032"/>
</test>
<test id="s1-s1-t3" name="Validar estrutura de resposta" line="22">
<kw name="Teste de Estrutura de Resposta" owner="random-user-service">
<kw name="GET On Session" owner="RequestsLibrary">
<msg time="2024-05-19T14:12:58.477623" level="INFO">GET Request : url=https://randomuser.me/api 
 path_url=/api 
 headers={'User-Agent': 'python-requests/2.31.0', 'Accept-Encoding': 'gzip, deflate', 'Accept': '*/*', 'Connection': 'keep-alive'} 
 body=None 
 </msg>
<msg time="2024-05-19T14:12:58.477692" level="INFO">GET Response : url=https://randomuser.me/api 
 status=200, reason=OK 
 headers={'Date': 'Sun, 19 May 2024 14:12:58 GMT', 'Content-Type': 'application/json; charset=utf-8', 'Transfer-Encoding': 'chunked', 'Connection': 'keep-alive', 'X-Powered-By': 'Express', 'Access-Control-Allow-Origin': '*', 'Cache-Control': 'no-cache', 'ETag': 'W/"47f-MbweIpCeEJVShGon+DYu4G2hdco"', 'Vary': 'Accept-Encoding', 'Content-Encoding': 'gzip', 'CF-Cache-Status': 'DYNAMIC', 'Report-To': '{"endpoints":[{"url":"https:\\/\\/a.nel.cloudflare.com\\/report\\/v4?s=%2BtK11K2MSNGyXfoBuKOgnWlZPXnwu3M%2F0XqXg0VBHO8o%2F8SMgct6dD2eyYXefpxdjhALnc3f6PiXfuo%2F57Q7J50WNlTGUxSQ9k82iUWCGTWbxJYo58YX03NA3c5VNA0d"}],"group":"cf-nel","max_age":604800}', 'NEL': '{"success_fraction":0,"report_to":"cf-nel","max_age":604800}', 'Server': 'cloudflare', 'CF-RAY': '8864af58e8250939-IAD', 'alt-svc': 'h3=":443"; ma=86400'} 
 body={"results":[{"gender":"male","name":{"title":"Mr","first":"شایان","last":"رضایی"},"location":{"street":{"number":4110,"name":"کلاهدوز"},"city":"ارومیه","state":"بوشهر","country":"Iran","postcode":58751,"coordinates":{"latitude":"14.7018","longitude":"-1.2348"},"timezone":{"offset":"-8:00","description":"Pacific Time (US &amp; Canada)"}},"email":"shyn.rdyy@example.com","login":{"uuid":"8326f138-1ce6-4a03-bff3-2505e4ce29f1","username":"yellowduck224","password":"whales","salt":"hX6zPamB","md5":"5bd50ff17b04dcd1f2cf4ed40e70a88a","sha1":"c89a0efa5185b4312d019c1e13beddeafe874ed8","sha256":"760946a28cc3153e8a0895d5b0748f67b899e6bbc1fdbb24306357b1b60c31fd"},"dob":{"date":"1965-05-22T06:46:18.737Z","age":58},"registered":{"date":"2002-12-21T16:53:44.698Z","age":21},"phone":"092-79159112","cell":"0917-346-0979","id":{"name":"","value":null},"picture":{"large":"https://randomuser.me/api/portraits/men/37.jpg","medium":"https://randomuser.me/api/portraits/med/men/37.jpg","thumbnail":"https://randomuser.me/api/portraits/thumb/men/37.jpg"},"nat":"IR"}],"info":{"seed":"692655ae256a94d3","results":1,"page":1,"version":"1.4"}} 
 </msg>
<msg time="2024-05-19T14:12:58.477801" level="INFO">/opt/hostedtoolcache/Python/3.12.3/x64/lib/python3.12/site-packages/urllib3/connectionpool.py:1103: InsecureRequestWarning: Unverified HTTPS request is being made to host 'randomuser.me'. Adding certificate verification is strongly advised. See: https://urllib3.readthedocs.io/en/latest/advanced-usage.html#tls-warnings
  warnings.warn(</msg>
<msg time="2024-05-19T14:12:58.477899" level="INFO">${response} = &lt;Response [200]&gt;</msg>
<var>${response}</var>
<arg>consultarAPI</arg>
<arg>/api</arg>
<doc>Sends a GET request on a previously created HTTP Session.</doc>
<status status="PASS" start="2024-05-19T14:12:58.378048" elapsed="0.099886"/>
</kw>
<kw name="Set Variable" owner="BuiltIn">
<msg time="2024-05-19T14:12:58.478847" level="INFO">${json_data} = {'results': [{'gender': 'male', 'name': {'title': 'Mr', 'first': 'شایان', 'last': 'رضایی'}, 'location': {'street': {'number': 4110, 'name': 'کلاهدوز'}, 'city': 'ارومیه', 'state': 'بوشهر', 'country': '...</msg>
<var>${json_data}</var>
<arg>${response.json()}</arg>
<doc>Returns the given values which can then be assigned to a variables.</doc>
<status status="PASS" start="2024-05-19T14:12:58.478326" elapsed="0.000555"/>
</kw>
<kw name="Log" owner="BuiltIn">
<msg time="2024-05-19T14:12:58.479371" level="INFO">{'results': [{'gender': 'male', 'name': {'title': 'Mr', 'first': 'شایان', 'last': 'رضایی'}, 'location': {'street': {'number': 4110, 'name': 'کلاهدوز'}, 'city': 'ارومیه', 'state': 'بوشهر', 'country': 'Iran', 'postcode': 58751, 'coordinates': {'latitude': '14.7018', 'longitude': '-1.2348'}, 'timezone': {'offset': '-8:00', 'description': 'Pacific Time (US &amp; Canada)'}}, 'email': 'shyn.rdyy@example.com', 'login': {'uuid': '8326f138-1ce6-4a03-bff3-2505e4ce29f1', 'username': 'yellowduck224', 'password': 'whales', 'salt': 'hX6zPamB', 'md5': '5bd50ff17b04dcd1f2cf4ed40e70a88a', 'sha1': 'c89a0efa5185b4312d019c1e13beddeafe874ed8', 'sha256': '760946a28cc3153e8a0895d5b0748f67b899e6bbc1fdbb24306357b1b60c31fd'}, 'dob': {'date': '1965-05-22T06:46:18.737Z', 'age': 58}, 'registered': {'date': '2002-12-21T16:53:44.698Z', 'age': 21}, 'phone': '092-79159112', 'cell': '0917-346-0979', 'id': {'name': '', 'value': None}, 'picture': {'large': 'https://randomuser.me/api/portraits/men/37.jpg', 'medium': 'https://randomuser.me/api/portraits/med/men/37.jpg', 'thumbnail': 'https://randomuser.me/api/portraits/thumb/men/37.jpg'}, 'nat': 'IR'}], 'info': {'seed': '692655ae256a94d3', 'results': 1, 'page': 1, 'version': '1.4'}}</msg>
<arg>${json_data}</arg>
<doc>Logs the given message with the given level.</doc>
<status status="PASS" start="2024-05-19T14:12:58.479196" elapsed="0.000228"/>
</kw>
<kw name="Dictionary Should Contain Key" owner="Collections">
<msg time="2024-05-19T14:12:58.479888" level="INFO">False</msg>
<arg>${json_data}</arg>
<arg>results</arg>
<doc>Fails if ``key`` is not found from ``dictionary``.</doc>
<status status="PASS" start="2024-05-19T14:12:58.479728" elapsed="0.000197"/>
</kw>
<kw name="Should Not Be Empty" owner="BuiltIn">
<msg time="2024-05-19T14:12:58.480353" level="INFO">Length is 2.</msg>
<arg>${json_data}</arg>
<doc>Verifies that the given item is not empty.</doc>
<status status="PASS" start="2024-05-19T14:12:58.480221" elapsed="0.000318"/>
</kw>
<kw name="Create List" owner="BuiltIn">
<msg time="2024-05-19T14:12:58.480998" level="INFO">${expected_keys} = ['gender', 'name', 'location', 'email', 'login']</msg>
<var>${expected_keys}</var>
<arg>gender</arg>
<arg>name</arg>
<arg>location</arg>
<arg>email</arg>
<arg>login</arg>
<doc>Returns a list containing given items.</doc>
<status status="PASS" start="2024-05-19T14:12:58.480842" elapsed="0.000181"/>
</kw>
<for flavor="IN">
<iter>
<kw name="Dictionary Should Contain Key" owner="Collections">
<msg time="2024-05-19T14:12:58.482021" level="INFO">False</msg>
<arg>${json_data['results'][0]}</arg>
<arg>${key}</arg>
<doc>Fails if ``key`` is not found from ``dictionary``.</doc>
<status status="PASS" start="2024-05-19T14:12:58.481607" elapsed="0.000452"/>
</kw>
<kw name="Log" owner="BuiltIn">
<msg time="2024-05-19T14:12:58.482763" level="INFO">{'gender': 'male', 'name': {'title': 'Mr', 'first': 'شایان', 'last': 'رضایی'}, 'location': {'street': {'number': 4110, 'name': 'کلاهدوز'}, 'city': 'ارومیه', 'state': 'بوشهر', 'country': 'Iran', 'postcode': 58751, 'coordinates': {'latitude': '14.7018', 'longitude': '-1.2348'}, 'timezone': {'offset': '-8:00', 'description': 'Pacific Time (US &amp; Canada)'}}, 'email': 'shyn.rdyy@example.com', 'login': {'uuid': '8326f138-1ce6-4a03-bff3-2505e4ce29f1', 'username': 'yellowduck224', 'password': 'whales', 'salt': 'hX6zPamB', 'md5': '5bd50ff17b04dcd1f2cf4ed40e70a88a', 'sha1': 'c89a0efa5185b4312d019c1e13beddeafe874ed8', 'sha256': '760946a28cc3153e8a0895d5b0748f67b899e6bbc1fdbb24306357b1b60c31fd'}, 'dob': {'date': '1965-05-22T06:46:18.737Z', 'age': 58}, 'registered': {'date': '2002-12-21T16:53:44.698Z', 'age': 21}, 'phone': '092-79159112', 'cell': '0917-346-0979', 'id': {'name': '', 'value': None}, 'picture': {'large': 'https://randomuser.me/api/portraits/men/37.jpg', 'medium': 'https://randomuser.me/api/portraits/med/men/37.jpg', 'thumbnail': 'https://randomuser.me/api/portraits/thumb/men/37.jpg'}, 'nat': 'IR'}</msg>
<arg>${json_data['results'][0]}</arg>
<doc>Logs the given message with the given level.</doc>
<status status="PASS" start="2024-05-19T14:12:58.482365" elapsed="0.000462"/>
</kw>
<kw name="Log" owner="BuiltIn">
<msg time="2024-05-19T14:12:58.483264" level="INFO">gender</msg>
<arg>${key}</arg>
<doc>Logs the given message with the given level.</doc>
<status status="PASS" start="2024-05-19T14:12:58.483136" elapsed="0.000166"/>
</kw>
<var name="${key}">gender</var>
<status status="PASS" start="2024-05-19T14:12:58.481478" elapsed="0.002041"/>
</iter>
<iter>
<kw name="Dictionary Should Contain Key" owner="Collections">
<msg time="2024-05-19T14:12:58.484215" level="INFO">False</msg>
<arg>${json_data['results'][0]}</arg>
<arg>${key}</arg>
<doc>Fails if ``key`` is not found from ``dictionary``.</doc>
<status status="PASS" start="2024-05-19T14:12:58.483822" elapsed="0.000431"/>
</kw>
<kw name="Log" owner="BuiltIn">
<msg time="2024-05-19T14:12:58.484940" level="INFO">{'gender': 'male', 'name': {'title': 'Mr', 'first': 'شایان', 'last': 'رضایی'}, 'location': {'street': {'number': 4110, 'name': 'کلاهدوز'}, 'city': 'ارومیه', 'state': 'بوشهر', 'country': 'Iran', 'postcode': 58751, 'coordinates': {'latitude': '14.7018', 'longitude': '-1.2348'}, 'timezone': {'offset': '-8:00', 'description': 'Pacific Time (US &amp; Canada)'}}, 'email': 'shyn.rdyy@example.com', 'login': {'uuid': '8326f138-1ce6-4a03-bff3-2505e4ce29f1', 'username': 'yellowduck224', 'password': 'whales', 'salt': 'hX6zPamB', 'md5': '5bd50ff17b04dcd1f2cf4ed40e70a88a', 'sha1': 'c89a0efa5185b4312d019c1e13beddeafe874ed8', 'sha256': '760946a28cc3153e8a0895d5b0748f67b899e6bbc1fdbb24306357b1b60c31fd'}, 'dob': {'date': '1965-05-22T06:46:18.737Z', 'age': 58}, 'registered': {'date': '2002-12-21T16:53:44.698Z', 'age': 21}, 'phone': '092-79159112', 'cell': '0917-346-0979', 'id': {'name': '', 'value': None}, 'picture': {'large': 'https://randomuser.me/api/portraits/men/37.jpg', 'medium': 'https://randomuser.me/api/portraits/med/men/37.jpg', 'thumbnail': 'https://randomuser.me/api/portraits/thumb/men/37.jpg'}, 'nat': 'IR'}</msg>
<arg>${json_data['results'][0]}</arg>
<doc>Logs the given message with the given level.</doc>
<status status="PASS" start="2024-05-19T14:12:58.484576" elapsed="0.000417"/>
</kw>
<kw name="Log" owner="BuiltIn">
<msg time="2024-05-19T14:12:58.485418" level="INFO">name</msg>
<arg>${key}</arg>
<doc>Logs the given message with the given level.</doc>
<status status="PASS" start="2024-05-19T14:12:58.485292" elapsed="0.000163"/>
</kw>
<var name="${key}">name</var>
<status status="PASS" start="2024-05-19T14:12:58.483707" elapsed="0.001961"/>
</iter>
<iter>
<kw name="Dictionary Should Contain Key" owner="Collections">
<msg time="2024-05-19T14:12:58.486339" level="INFO">False</msg>
<arg>${json_data['results'][0]}</arg>
<arg>${key}</arg>
<doc>Fails if ``key`` is not found from ``dictionary``.</doc>
<status status="PASS" start="2024-05-19T14:12:58.485960" elapsed="0.000417"/>
</kw>
<kw name="Log" owner="BuiltIn">
<msg time="2024-05-19T14:12:58.487083" level="INFO">{'gender': 'male', 'name': {'title': 'Mr', 'first': 'شایان', 'last': 'رضایی'}, 'location': {'street': {'number': 4110, 'name': 'کلاهدوز'}, 'city': 'ارومیه', 'state': 'بوشهر', 'country': 'Iran', 'postcode': 58751, 'coordinates': {'latitude': '14.7018', 'longitude': '-1.2348'}, 'timezone': {'offset': '-8:00', 'description': 'Pacific Time (US &amp; Canada)'}}, 'email': 'shyn.rdyy@example.com', 'login': {'uuid': '8326f138-1ce6-4a03-bff3-2505e4ce29f1', 'username': 'yellowduck224', 'password': 'whales', 'salt': 'hX6zPamB', 'md5': '5bd50ff17b04dcd1f2cf4ed40e70a88a', 'sha1': 'c89a0efa5185b4312d019c1e13beddeafe874ed8', 'sha256': '760946a28cc3153e8a0895d5b0748f67b899e6bbc1fdbb24306357b1b60c31fd'}, 'dob': {'date': '1965-05-22T06:46:18.737Z', 'age': 58}, 'registered': {'date': '2002-12-21T16:53:44.698Z', 'age': 21}, 'phone': '092-79159112', 'cell': '0917-346-0979', 'id': {'name': '', 'value': None}, 'picture': {'large': 'https://randomuser.me/api/portraits/men/37.jpg', 'medium': 'https://randomuser.me/api/portraits/med/men/37.jpg', 'thumbnail': 'https://randomuser.me/api/portraits/thumb/men/37.jpg'}, 'nat': 'IR'}</msg>
<arg>${json_data['results'][0]}</arg>
<doc>Logs the given message with the given level.</doc>
<status status="PASS" start="2024-05-19T14:12:58.486713" elapsed="0.000423"/>
</kw>
<kw name="Log" owner="BuiltIn">
<msg time="2024-05-19T14:12:58.487561" level="INFO">location</msg>
<arg>${key}</arg>
<doc>Logs the given message with the given level.</doc>
<status status="PASS" start="2024-05-19T14:12:58.487435" elapsed="0.000163"/>
</kw>
<var name="${key}">location</var>
<status status="PASS" start="2024-05-19T14:12:58.485847" elapsed="0.001965"/>
</iter>
<iter>
<kw name="Dictionary Should Contain Key" owner="Collections">
<msg time="2024-05-19T14:12:58.488480" level="INFO">False</msg>
<arg>${json_data['results'][0]}</arg>
<arg>${key}</arg>
<doc>Fails if ``key`` is not found from ``dictionary``.</doc>
<status status="PASS" start="2024-05-19T14:12:58.488094" elapsed="0.000424"/>
</kw>
<kw name="Log" owner="BuiltIn">
<msg time="2024-05-19T14:12:58.489177" level="INFO">{'gender': 'male', 'name': {'title': 'Mr', 'first': 'شایان', 'last': 'رضایی'}, 'location': {'street': {'number': 4110, 'name': 'کلاهدوز'}, 'city': 'ارومیه', 'state': 'بوشهر', 'country': 'Iran', 'postcode': 58751, 'coordinates': {'latitude': '14.7018', 'longitude': '-1.2348'}, 'timezone': {'offset': '-8:00', 'description': 'Pacific Time (US &amp; Canada)'}}, 'email': 'shyn.rdyy@example.com', 'login': {'uuid': '8326f138-1ce6-4a03-bff3-2505e4ce29f1', 'username': 'yellowduck224', 'password': 'whales', 'salt': 'hX6zPamB', 'md5': '5bd50ff17b04dcd1f2cf4ed40e70a88a', 'sha1': 'c89a0efa5185b4312d019c1e13beddeafe874ed8', 'sha256': '760946a28cc3153e8a0895d5b0748f67b899e6bbc1fdbb24306357b1b60c31fd'}, 'dob': {'date': '1965-05-22T06:46:18.737Z', 'age': 58}, 'registered': {'date': '2002-12-21T16:53:44.698Z', 'age': 21}, 'phone': '092-79159112', 'cell': '0917-346-0979', 'id': {'name': '', 'value': None}, 'picture': {'large': 'https://randomuser.me/api/portraits/men/37.jpg', 'medium': 'https://randomuser.me/api/portraits/med/men/37.jpg', 'thumbnail': 'https://randomuser.me/api/portraits/thumb/men/37.jpg'}, 'nat': 'IR'}</msg>
<arg>${json_data['results'][0]}</arg>
<doc>Logs the given message with the given level.</doc>
<status status="PASS" start="2024-05-19T14:12:58.488819" elapsed="0.000411"/>
</kw>
<kw name="Log" owner="BuiltIn">
<msg time="2024-05-19T14:12:58.489650" level="INFO">email</msg>
<arg>${key}</arg>
<doc>Logs the given message with the given level.</doc>
<status status="PASS" start="2024-05-19T14:12:58.489524" elapsed="0.000161"/>
</kw>
<var name="${key}">email</var>
<status status="PASS" start="2024-05-19T14:12:58.487982" elapsed="0.001905"/>
</iter>
<iter>
<kw name="Dictionary Should Contain Key" owner="Collections">
<msg time="2024-05-19T14:12:58.490550" level="INFO">False</msg>
<arg>${json_data['results'][0]}</arg>
<arg>${key}</arg>
<doc>Fails if ``key`` is not found from ``dictionary``.</doc>
<status status="PASS" start="2024-05-19T14:12:58.490146" elapsed="0.000442"/>
</kw>
<kw name="Log" owner="BuiltIn">
<msg time="2024-05-19T14:12:58.491256" level="INFO">{'gender': 'male', 'name': {'title': 'Mr', 'first': 'شایان', 'last': 'رضایی'}, 'location': {'street': {'number': 4110, 'name': 'کلاهدوز'}, 'city': 'ارومیه', 'state': 'بوشهر', 'country': 'Iran', 'postcode': 58751, 'coordinates': {'latitude': '14.7018', 'longitude': '-1.2348'}, 'timezone': {'offset': '-8:00', 'description': 'Pacific Time (US &amp; Canada)'}}, 'email': 'shyn.rdyy@example.com', 'login': {'uuid': '8326f138-1ce6-4a03-bff3-2505e4ce29f1', 'username': 'yellowduck224', 'password': 'whales', 'salt': 'hX6zPamB', 'md5': '5bd50ff17b04dcd1f2cf4ed40e70a88a', 'sha1': 'c89a0efa5185b4312d019c1e13beddeafe874ed8', 'sha256': '760946a28cc3153e8a0895d5b0748f67b899e6bbc1fdbb24306357b1b60c31fd'}, 'dob': {'date': '1965-05-22T06:46:18.737Z', 'age': 58}, 'registered': {'date': '2002-12-21T16:53:44.698Z', 'age': 21}, 'phone': '092-79159112', 'cell': '0917-346-0979', 'id': {'name': '', 'value': None}, 'picture': {'large': 'https://randomuser.me/api/portraits/men/37.jpg', 'medium': 'https://randomuser.me/api/portraits/med/men/37.jpg', 'thumbnail': 'https://randomuser.me/api/portraits/thumb/men/37.jpg'}, 'nat': 'IR'}</msg>
<arg>${json_data['results'][0]}</arg>
<doc>Logs the given message with the given level.</doc>
<status status="PASS" start="2024-05-19T14:12:58.490884" elapsed="0.000426"/>
</kw>
<kw name="Log" owner="BuiltIn">
<msg time="2024-05-19T14:12:58.491734" level="INFO">login</msg>
<arg>${key}</arg>
<doc>Logs the given message with the given level.</doc>
<status status="PASS" start="2024-05-19T14:12:58.491609" elapsed="0.000163"/>
</kw>
<var name="${key}">login</var>
<status status="PASS" start="2024-05-19T14:12:58.490042" elapsed="0.001957"/>
</iter>
<var>${key}</var>
<value>@{expected_keys}</value>
<status status="PASS" start="2024-05-19T14:12:58.481286" elapsed="0.010863"/>
</for>
<kw name="Create List" owner="BuiltIn">
<msg time="2024-05-19T14:12:58.492484" level="INFO">${expected_keysTwo} = ['username', 'password']</msg>
<var>${expected_keysTwo}</var>
<arg>username</arg>
<arg>password</arg>
<doc>Returns a list containing given items.</doc>
<status status="PASS" start="2024-05-19T14:12:58.492346" elapsed="0.000162"/>
</kw>
<for flavor="IN">
<iter>
<kw name="Dictionary Should Contain Key" owner="Collections">
<msg time="2024-05-19T14:12:58.493340" level="INFO">False</msg>
<arg>${json_data['results'][0]['login']}</arg>
<arg>${keyTwo}</arg>
<doc>Fails if ``key`` is not found from ``dictionary``.</doc>
<status status="PASS" start="2024-05-19T14:12:58.492984" elapsed="0.000391"/>
</kw>
<kw name="Dictionary Should Contain Key" owner="Collections">
<msg time="2024-05-19T14:12:58.493993" level="INFO">False</msg>
<arg>${json_data['results'][0]['login']}</arg>
<arg>${keyTwo}</arg>
<doc>Fails if ``key`` is not found from ``dictionary``.</doc>
<status status="PASS" start="2024-05-19T14:12:58.493648" elapsed="0.000380"/>
</kw>
<kw name="Log" owner="BuiltIn">
<msg time="2024-05-19T14:12:58.494411" level="INFO">username</msg>
<arg>${keyTwo}</arg>
<doc>Logs the given message with the given level.</doc>
<status status="PASS" start="2024-05-19T14:12:58.494296" elapsed="0.000153"/>
</kw>
<var name="${keyTwo}">username</var>
<status status="PASS" start="2024-05-19T14:12:58.492883" elapsed="0.001816"/>
</iter>
<iter>
<kw name="Dictionary Should Contain Key" owner="Collections">
<msg time="2024-05-19T14:12:58.495486" level="INFO">False</msg>
<arg>${json_data['results'][0]['login']}</arg>
<arg>${keyTwo}</arg>
<doc>Fails if ``key`` is not found from ``dictionary``.</doc>
<status status="PASS" start="2024-05-19T14:12:58.494993" elapsed="0.000534"/>
</kw>
<kw name="Dictionary Should Contain Key" owner="Collections">
<msg time="2024-05-19T14:12:58.496207" level="INFO">False</msg>
<arg>${json_data['results'][0]['login']}</arg>
<arg>${keyTwo}</arg>
<doc>Fails if ``key`` is not found from ``dictionary``.</doc>
<status status="PASS" start="2024-05-19T14:12:58.495829" elapsed="0.000416"/>
</kw>
<kw name="Log" owner="BuiltIn">
<msg time="2024-05-19T14:12:58.496669" level="INFO">password</msg>
<arg>${keyTwo}</arg>
<doc>Logs the given message with the given level.</doc>
<status status="PASS" start="2024-05-19T14:12:58.496541" elapsed="0.000165"/>
</kw>
<var name="${keyTwo}">password</var>
<status status="PASS" start="2024-05-19T14:12:58.494862" elapsed="0.002060"/>
</iter>
<var>${keyTwo}</var>
<value>@{expected_keysTwo}</value>
<status status="PASS" start="2024-05-19T14:12:58.492742" elapsed="0.004300"/>
</for>
<status status="PASS" start="2024-05-19T14:12:58.377800" elapsed="0.119381"/>
</kw>
<doc>Testa a estrutura da resposta da API.</doc>
<tag>testeEstruturaResposta</tag>
<status status="PASS" start="2024-05-19T14:12:58.377172" elapsed="0.120158"/>
</test>
<test id="s1-s1-t4" name="Validar tipos de dados" line="28">
<kw name="Teste de Tipos de Dados" owner="random-user-service">
<kw name="GET On Session" owner="RequestsLibrary">
<msg time="2024-05-19T14:12:58.610647" level="INFO">GET Request : url=https://randomuser.me/api 
 path_url=/api 
 headers={'User-Agent': 'python-requests/2.31.0', 'Accept-Encoding': 'gzip, deflate', 'Accept': '*/*', 'Connection': 'keep-alive'} 
 body=None 
 </msg>
<msg time="2024-05-19T14:12:58.610755" level="INFO">GET Response : url=https://randomuser.me/api 
 status=200, reason=OK 
 headers={'Date': 'Sun, 19 May 2024 14:12:58 GMT', 'Content-Type': 'application/json; charset=utf-8', 'Transfer-Encoding': 'chunked', 'Connection': 'keep-alive', 'X-Powered-By': 'Express', 'Access-Control-Allow-Origin': '*', 'Cache-Control': 'no-cache', 'ETag': 'W/"48e-0YK6Gmff6Lq2/lYfgIedjNP944Q"', 'Vary': 'Accept-Encoding', 'Content-Encoding': 'gzip', 'CF-Cache-Status': 'DYNAMIC', 'Report-To': '{"endpoints":[{"url":"https:\\/\\/a.nel.cloudflare.com\\/report\\/v4?s=yCFpic39%2FELvTkClnDNt1teHiRKj%2FxQPXtE3PvM%2FicU2zdlDz2aiP%2BoVx3ge1hUDC4GS6M2t8cBsQmMaumJfViH%2BdTHU%2BA1So2cN9ta2cPaDLVXNIc1F9ktzv7dgQvo8"}],"group":"cf-nel","max_age":604800}', 'NEL': '{"success_fraction":0,"report_to":"cf-nel","max_age":604800}', 'Server': 'cloudflare', 'CF-RAY': '8864af59a8a70939-IAD', 'alt-svc': 'h3=":443"; ma=86400'} 
 body={"results":[{"gender":"male","name":{"title":"Monsieur","first":"Jean-Marc","last":"Duval"},"location":{"street":{"number":9400,"name":"Rue de L'Abbé-Grégoire"},"city":"Aefligen","state":"Luzern","country":"Switzerland","postcode":6038,"coordinates":{"latitude":"-58.0059","longitude":"-20.7587"},"timezone":{"offset":"-9:00","description":"Alaska"}},"email":"jean-marc.duval@example.com","login":{"uuid":"741f8060-3b1e-48d3-8703-464a89fb3410","username":"angryduck326","password":"hounddog","salt":"nSg5H2oa","md5":"437b9150a38758f5d51fc07e0cb7cd0c","sha1":"3963bdbef34c8d098e81a379ebc1e095a3e63c0f","sha256":"1f6c2d7f323b23df86b781909c30f39f0e63cd80c9bb8bb6005f69ea194df48b"},"dob":{"date":"1967-11-04T11:20:04.495Z","age":56},"registered":{"date":"2007-11-05T14:48:59.782Z","age":16},"phone":"077 972 20 05","cell":"077 415 53 05","id":{"name":"AVS","value":"756.5332.2741.17"},"picture":{"large":"https://randomuser.me/api/portraits/men/68.jpg","medium":"https://randomuser.me/api/portraits/med/men/68.jpg","thumbnail":"https://randomuser.me/api/portraits/thumb/men/68.jpg"},"nat":"CH"}],"info":{"seed":"97ccbb732369e2e5","results":1,"page":1,"version":"1.4"}} 
 </msg>
<msg time="2024-05-19T14:12:58.610837" level="INFO">/opt/hostedtoolcache/Python/3.12.3/x64/lib/python3.12/site-packages/urllib3/connectionpool.py:1103: InsecureRequestWarning: Unverified HTTPS request is being made to host 'randomuser.me'. Adding certificate verification is strongly advised. See: https://urllib3.readthedocs.io/en/latest/advanced-usage.html#tls-warnings
  warnings.warn(</msg>
<msg time="2024-05-19T14:12:58.610954" level="INFO">${response} = &lt;Response [200]&gt;</msg>
<var>${response}</var>
<arg>consultarAPI</arg>
<arg>/api</arg>
<doc>Sends a GET request on a previously created HTTP Session.</doc>
<status status="PASS" start="2024-05-19T14:12:58.499715" elapsed="0.111268"/>
</kw>
<kw name="Set Variable" owner="BuiltIn">
<msg time="2024-05-19T14:12:58.612070" level="INFO">${json_data} = {'results': [{'gender': 'male', 'name': {'title': 'Monsieur', 'first': 'Jean-Marc', 'last': 'Duval'}, 'location': {'street': {'number': 9400, 'name': "Rue de L'Abbé-Grégoire"}, 'city': 'Aefligen', 'st...</msg>
<var>${json_data}</var>
<arg>${response.json()}</arg>
<doc>Returns the given values which can then be assigned to a variables.</doc>
<status status="PASS" start="2024-05-19T14:12:58.611534" elapsed="0.000565"/>
</kw>
<kw name="Log" owner="BuiltIn">
<msg time="2024-05-19T14:12:58.612539" level="INFO">{'results': [{'gender': 'male', 'name': {'title': 'Monsieur', 'first': 'Jean-Marc', 'last': 'Duval'}, 'location': {'street': {'number': 9400, 'name': "Rue de L'Abbé-Grégoire"}, 'city': 'Aefligen', 'state': 'Luzern', 'country': 'Switzerland', 'postcode': 6038, 'coordinates': {'latitude': '-58.0059', 'longitude': '-20.7587'}, 'timezone': {'offset': '-9:00', 'description': 'Alaska'}}, 'email': 'jean-marc.duval@example.com', 'login': {'uuid': '741f8060-3b1e-48d3-8703-464a89fb3410', 'username': 'angryduck326', 'password': 'hounddog', 'salt': 'nSg5H2oa', 'md5': '437b9150a38758f5d51fc07e0cb7cd0c', 'sha1': '3963bdbef34c8d098e81a379ebc1e095a3e63c0f', 'sha256': '1f6c2d7f323b23df86b781909c30f39f0e63cd80c9bb8bb6005f69ea194df48b'}, 'dob': {'date': '1967-11-04T11:20:04.495Z', 'age': 56}, 'registered': {'date': '2007-11-05T14:48:59.782Z', 'age': 16}, 'phone': '077 972 20 05', 'cell': '077 415 53 05', 'id': {'name': 'AVS', 'value': '756.5332.2741.17'}, 'picture': {'large': 'https://randomuser.me/api/portraits/men/68.jpg', 'medium': 'https://randomuser.me/api/portraits/med/men/68.jpg', 'thumbnail': 'https://randomuser.me/api/portraits/thumb/men/68.jpg'}, 'nat': 'CH'}], 'info': {'seed': '97ccbb732369e2e5', 'results': 1, 'page': 1, 'version': '1.4'}}</msg>
<arg>${json_data}</arg>
<doc>Logs the given message with the given level.</doc>
<status status="PASS" start="2024-05-19T14:12:58.612393" elapsed="0.000227"/>
</kw>
<kw name="Should Be String" owner="String">
<arg>${json_data['results'][0]['gender']}</arg>
<doc>Fails if the given ``item`` is not a string.</doc>
<status status="PASS" start="2024-05-19T14:12:58.612896" elapsed="0.000332"/>
</kw>
<kw name="Should Match Regexp" owner="BuiltIn">
<arg>${json_data['results'][0]['email']}</arg>
<arg>^[a-zA-Z0-9._%+-]+@[a-zA-Z0-9.-]+\.[a-zA-Z]{2,}$</arg>
<doc>Fails if ``string`` does not match ``pattern`` as a regular expression.</doc>
<status status="PASS" start="2024-05-19T14:12:58.613404" elapsed="0.000473"/>
</kw>
<kw name="Should Match Regexp" owner="BuiltIn">
<arg>${json_data['results'][0]['dob']['date']}</arg>
<arg>\\d{4}-\\d{2}-\\d{2}T\\d{2}:\\d{2}:\\d{2}\\.\\d{3}Z</arg>
<doc>Fails if ``string`` does not match ``pattern`` as a regular expression.</doc>
<status status="PASS" start="2024-05-19T14:12:58.614059" elapsed="0.000481"/>
</kw>
<kw name="Should Match Regexp" owner="BuiltIn">
<arg>${json_data['results'][0]['registered']['date']}</arg>
<arg>\\d{4}-\\d{2}-\\d{2}T\\d{2}:\\d{2}:\\d{2}\\.\\d{3}Z</arg>
<doc>Fails if ``string`` does not match ``pattern`` as a regular expression.</doc>
<status status="PASS" start="2024-05-19T14:12:58.614732" elapsed="0.000333"/>
</kw>
<kw name="Should Match Regexp" owner="BuiltIn">
<arg>${json_data['results'][0]['picture']['large']}</arg>
<arg>^https?://.*\.(?:png|jpe?g|gif|bmp)$</arg>
<doc>Fails if ``string`` does not match ``pattern`` as a regular expression.</doc>
<status status="PASS" start="2024-05-19T14:12:58.615245" elapsed="0.000420"/>
</kw>
<kw name="Should Match Regexp" owner="BuiltIn">
<arg>${json_data['results'][0]['picture']['medium']}</arg>
<arg>^https?://.*\.(?:png|jpe?g|gif|bmp)$</arg>
<doc>Fails if ``string`` does not match ``pattern`` as a regular expression.</doc>
<status status="PASS" start="2024-05-19T14:12:58.615840" elapsed="0.000321"/>
</kw>
<kw name="Should Match Regexp" owner="BuiltIn">
<arg>${json_data['results'][0]['picture']['thumbnail']}</arg>
<arg>^https?://.*\.(?:png|jpe?g|gif|bmp)$</arg>
<doc>Fails if ``string`` does not match ``pattern`` as a regular expression.</doc>
<status status="PASS" start="2024-05-19T14:12:58.616335" elapsed="0.000324"/>
</kw>
<kw name="Log" owner="BuiltIn">
<msg time="2024-05-19T14:12:58.617119" level="INFO">{'large': 'https://randomuser.me/api/portraits/men/68.jpg', 'medium': 'https://randomuser.me/api/portraits/med/men/68.jpg', 'thumbnail': 'https://randomuser.me/api/portraits/thumb/men/68.jpg'}</msg>
<arg>${json_data['results'][0]['picture']}</arg>
<doc>Logs the given message with the given level.</doc>
<status status="PASS" start="2024-05-19T14:12:58.616826" elapsed="0.000333"/>
</kw>
<status status="PASS" start="2024-05-19T14:12:58.499481" elapsed="0.117916"/>
</kw>
<kw name="Teste de Tipos de Dados - Postcode" owner="random-user-service">
<kw name="GET On Session" owner="RequestsLibrary">
<msg time="2024-05-19T14:12:58.674915" level="INFO">GET Request : url=https://randomuser.me/api 
 path_url=/api 
 headers={'User-Agent': 'python-requests/2.31.0', 'Accept-Encoding': 'gzip, deflate', 'Accept': '*/*', 'Connection': 'keep-alive'} 
 body=None 
 </msg>
<msg time="2024-05-19T14:12:58.674983" level="INFO">GET Response : url=https://randomuser.me/api 
 status=200, reason=OK 
 headers={'Date': 'Sun, 19 May 2024 14:12:58 GMT', 'Content-Type': 'application/json; charset=utf-8', 'Transfer-Encoding': 'chunked', 'Connection': 'keep-alive', 'X-Powered-By': 'Express', 'Access-Control-Allow-Origin': '*', 'Cache-Control': 'no-cache', 'ETag': 'W/"49a-tm4s8NoEvO8spHxAX5BuAVsDpY0"', 'Vary': 'Accept-Encoding', 'Content-Encoding': 'gzip', 'CF-Cache-Status': 'DYNAMIC', 'Report-To': '{"endpoints":[{"url":"https:\\/\\/a.nel.cloudflare.com\\/report\\/v4?s=NGxEvXXBStc25ys2uJ2XKgEHw%2FPErKN4d2yHNIKvpIeaYKOlTUT4pDtEMBt8gC8LF%2FoU%2BnvCUeYzqeqkwpGRMjczw8ugmdcUiyiCXz0dng9kjg4wY92C0CDSqr1gj25v"}],"group":"cf-nel","max_age":604800}', 'NEL': '{"success_fraction":0,"report_to":"cf-nel","max_age":604800}', 'Server': 'cloudflare', 'CF-RAY': '8864af5a693a0939-IAD', 'alt-svc': 'h3=":443"; ma=86400'} 
 body={"results":[{"gender":"male","name":{"title":"Mr","first":"Phillip","last":"Brewer"},"location":{"street":{"number":2629,"name":"Spring St"},"city":"Brownsville","state":"Oklahoma","country":"United States","postcode":95603,"coordinates":{"latitude":"85.2317","longitude":"-35.0701"},"timezone":{"offset":"-4:00","description":"Atlantic Time (Canada), Caracas, La Paz"}},"email":"phillip.brewer@example.com","login":{"uuid":"c144c1bf-70dd-4181-acf0-87af382a505d","username":"yellowbird571","password":"scxakv","salt":"CbZZhHh5","md5":"eb532b7a36fe5d4469dfb694b8f3ba66","sha1":"084f6ef65ed83a9940f52b1b793d96593dfbcb9c","sha256":"2b46fd5d2456b7e2f50bb6512cdf05e5fd2794fef1a7b49c9e6c3aa413402145"},"dob":{"date":"1972-05-19T02:31:27.460Z","age":52},"registered":{"date":"2015-10-25T23:20:53.962Z","age":8},"phone":"(351) 730-3849","cell":"(776) 795-6694","id":{"name":"SSN","value":"465-54-3213"},"picture":{"large":"https://randomuser.me/api/portraits/men/97.jpg","medium":"https://randomuser.me/api/portraits/med/men/97.jpg","thumbnail":"https://randomuser.me/api/portraits/thumb/men/97.jpg"},"nat":"US"}],"info":{"seed":"1e63275717859de5","results":1,"page":1,"version":"1.4"}} 
 </msg>
<msg time="2024-05-19T14:12:58.675037" level="INFO">/opt/hostedtoolcache/Python/3.12.3/x64/lib/python3.12/site-packages/urllib3/connectionpool.py:1103: InsecureRequestWarning: Unverified HTTPS request is being made to host 'randomuser.me'. Adding certificate verification is strongly advised. See: https://urllib3.readthedocs.io/en/latest/advanced-usage.html#tls-warnings
  warnings.warn(</msg>
<msg time="2024-05-19T14:12:58.675119" level="INFO">${response} = &lt;Response [200]&gt;</msg>
<var>${response}</var>
<arg>consultarAPI</arg>
<arg>/api</arg>
<doc>Sends a GET request on a previously created HTTP Session.</doc>
<status status="PASS" start="2024-05-19T14:12:58.617824" elapsed="0.057322"/>
</kw>
<kw name="Set Variable" owner="BuiltIn">
<msg time="2024-05-19T14:12:58.675953" level="INFO">${json_data} = {'results': [{'gender': 'male', 'name': {'title': 'Mr', 'first': 'Phillip', 'last': 'Brewer'}, 'location': {'street': {'number': 2629, 'name': 'Spring St'}, 'city': 'Brownsville', 'state': 'Oklahoma',...</msg>
<var>${json_data}</var>
<arg>${response.json()}</arg>
<doc>Returns the given values which can then be assigned to a variables.</doc>
<status status="PASS" start="2024-05-19T14:12:58.675516" elapsed="0.000465"/>
</kw>
<kw name="Log" owner="BuiltIn">
<msg time="2024-05-19T14:12:58.676436" level="INFO">{'results': [{'gender': 'male', 'name': {'title': 'Mr', 'first': 'Phillip', 'last': 'Brewer'}, 'location': {'street': {'number': 2629, 'name': 'Spring St'}, 'city': 'Brownsville', 'state': 'Oklahoma', 'country': 'United States', 'postcode': 95603, 'coordinates': {'latitude': '85.2317', 'longitude': '-35.0701'}, 'timezone': {'offset': '-4:00', 'description': 'Atlantic Time (Canada), Caracas, La Paz'}}, 'email': 'phillip.brewer@example.com', 'login': {'uuid': 'c144c1bf-70dd-4181-acf0-87af382a505d', 'username': 'yellowbird571', 'password': 'scxakv', 'salt': 'CbZZhHh5', 'md5': 'eb532b7a36fe5d4469dfb694b8f3ba66', 'sha1': '084f6ef65ed83a9940f52b1b793d96593dfbcb9c', 'sha256': '2b46fd5d2456b7e2f50bb6512cdf05e5fd2794fef1a7b49c9e6c3aa413402145'}, 'dob': {'date': '1972-05-19T02:31:27.460Z', 'age': 52}, 'registered': {'date': '2015-10-25T23:20:53.962Z', 'age': 8}, 'phone': '(351) 730-3849', 'cell': '(776) 795-6694', 'id': {'name': 'SSN', 'value': '465-54-3213'}, 'picture': {'large': 'https://randomuser.me/api/portraits/men/97.jpg', 'medium': 'https://randomuser.me/api/portraits/med/men/97.jpg', 'thumbnail': 'https://randomuser.me/api/portraits/thumb/men/97.jpg'}, 'nat': 'US'}], 'info': {'seed': '1e63275717859de5', 'results': 1, 'page': 1, 'version': '1.4'}}</msg>
<arg>${json_data}</arg>
<doc>Logs the given message with the given level.</doc>
<status status="PASS" start="2024-05-19T14:12:58.676286" elapsed="0.000225"/>
</kw>
<kw name="Should Be Equal As Numbers" owner="BuiltIn">
<arg>${json_data['results'][0]['location']['postcode']}</arg>
<arg>${json_data['results'][0]['location']['postcode']}</arg>
<doc>Fails if objects are unequal after converting them to real numbers.</doc>
<status status="PASS" start="2024-05-19T14:12:58.676960" elapsed="0.000613"/>
</kw>
<kw name="Log" owner="BuiltIn">
<msg time="2024-05-19T14:12:58.678091" level="INFO">95603</msg>
<arg>${json_data['results'][0]['location']['postcode']}</arg>
<doc>Logs the given message with the given level.</doc>
<status status="PASS" start="2024-05-19T14:12:58.677764" elapsed="0.000368"/>
</kw>
<status status="PASS" start="2024-05-19T14:12:58.617610" elapsed="0.060770"/>
</kw>
<doc>Testa se os tipos de dados na resposta da API estão corretos.</doc>
<tag>testeTiposDados</tag>
<status status="PASS" start="2024-05-19T14:12:58.499035" elapsed="0.179548"/>
</test>
<test id="s1-s1-t5" name="Validar conteudo" line="35">
<kw name="Teste de Tipos de Conteudo" owner="random-user-service">
<kw name="GET On Session" owner="RequestsLibrary">
<msg time="2024-05-19T14:12:58.770182" level="INFO">GET Request : url=https://randomuser.me/api 
 path_url=/api 
 headers={'User-Agent': 'python-requests/2.31.0', 'Accept-Encoding': 'gzip, deflate', 'Accept': '*/*', 'Connection': 'keep-alive'} 
 body=None 
 </msg>
<msg time="2024-05-19T14:12:58.770261" level="INFO">GET Response : url=https://randomuser.me/api 
 status=200, reason=OK 
 headers={'Date': 'Sun, 19 May 2024 14:12:58 GMT', 'Content-Type': 'application/json; charset=utf-8', 'Transfer-Encoding': 'chunked', 'Connection': 'keep-alive', 'X-Powered-By': 'Express', 'Access-Control-Allow-Origin': '*', 'Cache-Control': 'no-cache', 'ETag': 'W/"46c-4hcd4Oq+IyXeFHA/3ckReePAC9s"', 'Vary': 'Accept-Encoding', 'Content-Encoding': 'gzip', 'CF-Cache-Status': 'DYNAMIC', 'Report-To': '{"endpoints":[{"url":"https:\\/\\/a.nel.cloudflare.com\\/report\\/v4?s=vG4cm8d2c3M2zaUX2QMKUxunewCAUkiRH9umhnOUQOMszzLdb4FOouUkQhTT2M3plk40Dadx9jkJZvPsOMOBgJ3gHBFAKUAHxfu3RoNXN5d2iWI6z%2BiNbqgx1TSAz2CP"}],"group":"cf-nel","max_age":604800}', 'NEL': '{"success_fraction":0,"report_to":"cf-nel","max_age":604800}', 'Server': 'cloudflare', 'CF-RAY': '8864af5ad9770939-IAD', 'alt-svc': 'h3=":443"; ma=86400'} 
 body={"results":[{"gender":"female","name":{"title":"Ms","first":"Liva","last":"Nielsen"},"location":{"street":{"number":8101,"name":"Højager"},"city":"Ryslinge","state":"Midtjylland","country":"Denmark","postcode":43838,"coordinates":{"latitude":"-39.0219","longitude":"101.4886"},"timezone":{"offset":"-9:00","description":"Alaska"}},"email":"liva.nielsen@example.com","login":{"uuid":"8ab1c5a7-619d-4d61-be24-c6726ee91527","username":"crazyrabbit491","password":"bruno","salt":"hJZYyhm4","md5":"c818b7f81ec358d73ff78255e97cb302","sha1":"f2392124f44540fb9f60eb9424d96c3d213b3751","sha256":"0b5f3484871c59c9e9f20c02accd763214f2e543f6228d84f1183b8ac39f19ae"},"dob":{"date":"1971-08-17T21:27:23.712Z","age":52},"registered":{"date":"2004-12-19T07:40:34.098Z","age":19},"phone":"89503141","cell":"79171747","id":{"name":"CPR","value":"170871-5442"},"picture":{"large":"https://randomuser.me/api/portraits/women/37.jpg","medium":"https://randomuser.me/api/portraits/med/women/37.jpg","thumbnail":"https://randomuser.me/api/portraits/thumb/women/37.jpg"},"nat":"DK"}],"info":{"seed":"c9137c7cf04e0a88","results":1,"page":1,"version":"1.4"}} 
 </msg>
<msg time="2024-05-19T14:12:58.770323" level="INFO">/opt/hostedtoolcache/Python/3.12.3/x64/lib/python3.12/site-packages/urllib3/connectionpool.py:1103: InsecureRequestWarning: Unverified HTTPS request is being made to host 'randomuser.me'. Adding certificate verification is strongly advised. See: https://urllib3.readthedocs.io/en/latest/advanced-usage.html#tls-warnings
  warnings.warn(</msg>
<msg time="2024-05-19T14:12:58.770422" level="INFO">${response} = &lt;Response [200]&gt;</msg>
<var>${response}</var>
<arg>consultarAPI</arg>
<arg>/api</arg>
<doc>Sends a GET request on a previously created HTTP Session.</doc>
<status status="PASS" start="2024-05-19T14:12:58.680960" elapsed="0.089494"/>
</kw>
<kw name="Set Variable" owner="BuiltIn">
<msg time="2024-05-19T14:12:58.771385" level="INFO">${json_data} = {'results': [{'gender': 'female', 'name': {'title': 'Ms', 'first': 'Liva', 'last': 'Nielsen'}, 'location': {'street': {'number': 8101, 'name': 'Højager'}, 'city': 'Ryslinge', 'state': 'Midtjylland', '...</msg>
<var>${json_data}</var>
<arg>${response.json()}</arg>
<doc>Returns the given values which can then be assigned to a variables.</doc>
<status status="PASS" start="2024-05-19T14:12:58.770919" elapsed="0.000495"/>
</kw>
<kw name="Set Variable" owner="BuiltIn">
<msg time="2024-05-19T14:12:58.772046" level="INFO">${name_title} = Ms</msg>
<var>${name_title}</var>
<arg>${json_data["results"][0]["name"]["title"]}</arg>
<doc>Returns the given values which can then be assigned to a variables.</doc>
<status status="PASS" start="2024-05-19T14:12:58.771693" elapsed="0.000376"/>
</kw>
<kw name="Create List" owner="BuiltIn">
<msg time="2024-05-19T14:12:58.772482" level="INFO">${allowed_titles} = ['Mr', 'Ms', 'Miss', 'Mrs', 'Madame', 'Monsieur']</msg>
<var>${allowed_titles}</var>
<arg>Mr</arg>
<arg>Ms</arg>
<arg>Miss</arg>
<arg>Mrs</arg>
<arg>Madame</arg>
<arg>Monsieur</arg>
<doc>Returns a list containing given items.</doc>
<status status="PASS" start="2024-05-19T14:12:58.772347" elapsed="0.000157"/>
</kw>
<kw name="List Should Contain Value" owner="Collections">
<msg time="2024-05-19T14:12:58.772936" level="INFO">False</msg>
<arg>${allowed_titles}</arg>
<arg>${name_title}</arg>
<doc>Fails if the ``value`` is not found from ``list``.</doc>
<status status="PASS" start="2024-05-19T14:12:58.772777" elapsed="0.000192"/>
</kw>
<kw name="Set Variable" owner="BuiltIn">
<msg time="2024-05-19T14:12:58.773580" level="INFO">${name_country} = DK</msg>
<var>${name_country}</var>
<arg>${json_data["results"][0]["nat"]}</arg>
<doc>Returns the given values which can then be assigned to a variables.</doc>
<status status="PASS" start="2024-05-19T14:12:58.773237" elapsed="0.000366"/>
</kw>
<kw name="Create List" owner="BuiltIn">
<msg time="2024-05-19T14:12:58.774423" level="INFO">${list_country} = ['AD', 'AE', 'AF', 'AG', 'AI', 'AL', 'AM', 'AO', 'AQ', 'AR', 'AS', 'AT', 'AU', 'AW', 'AX', 'AZ', 'BA', 'BB', 'BD', 'BE', 'BF', 'BG', 'BH', 'BI', 'BJ', 'BL', 'BM', 'BN', 'BO', 'BQ', 'BR', 'BS', 'BT', '...</msg>
<var>${list_country}</var>
<arg>AD</arg>
<arg>AE</arg>
<arg>AF</arg>
<arg>AG</arg>
<arg>AI</arg>
<arg>AL</arg>
<arg>AM</arg>
<arg>AO</arg>
<arg>AQ</arg>
<arg>AR</arg>
<arg>AS</arg>
<arg>AT</arg>
<arg>AU</arg>
<arg>AW</arg>
<arg>AX</arg>
<arg>AZ</arg>
<arg>BA</arg>
<arg>BB</arg>
<arg>BD</arg>
<arg>BE</arg>
<arg>BF</arg>
<arg>BG</arg>
<arg>BH</arg>
<arg>BI</arg>
<arg>BJ</arg>
<arg>BL</arg>
<arg>BM</arg>
<arg>BN</arg>
<arg>BO</arg>
<arg>BQ</arg>
<arg>BR</arg>
<arg>BS</arg>
<arg>BT</arg>
<arg>BV</arg>
<arg>BW</arg>
<arg>BY</arg>
<arg>BZ</arg>
<arg>CA</arg>
<arg>CC</arg>
<arg>CD</arg>
<arg>CF</arg>
<arg>CG</arg>
<arg>CH</arg>
<arg>CI</arg>
<arg>CK</arg>
<arg>CL</arg>
<arg>CM</arg>
<arg>CN</arg>
<arg>CO</arg>
<arg>CR</arg>
<arg>CU</arg>
<arg>CV</arg>
<arg>CW</arg>
<arg>CX</arg>
<arg>CY</arg>
<arg>CZ</arg>
<arg>DE</arg>
<arg>DJ</arg>
<arg>DK</arg>
<arg>DM</arg>
<arg>DO</arg>
<arg>DZ</arg>
<arg>EC</arg>
<arg>EE</arg>
<arg>EG</arg>
<arg>EH</arg>
<arg>ER</arg>
<arg>ES</arg>
<arg>ET</arg>
<arg>FI</arg>
<arg>FJ</arg>
<arg>FK</arg>
<arg>FM</arg>
<arg>FO</arg>
<arg>FR</arg>
<arg>GA</arg>
<arg>GB</arg>
<arg>GD</arg>
<arg>GE</arg>
<arg>GF</arg>
<arg>GG</arg>
<arg>GH</arg>
<arg>GI</arg>
<arg>GL</arg>
<arg>GM</arg>
<arg>GN</arg>
<arg>GP</arg>
<arg>GQ</arg>
<arg>GR</arg>
<arg>GS</arg>
<arg>GT</arg>
<arg>GU</arg>
<arg>GW</arg>
<arg>GY</arg>
<arg>HK</arg>
<arg>HM</arg>
<arg>HN</arg>
<arg>HR</arg>
<arg>HT</arg>
<arg>HU</arg>
<arg>ID</arg>
<arg>IE</arg>
<arg>IL</arg>
<arg>IM</arg>
<arg>IN</arg>
<arg>IO</arg>
<arg>IQ</arg>
<arg>IR</arg>
<arg>IS</arg>
<arg>IT</arg>
<arg>JE</arg>
<arg>JM</arg>
<arg>JO</arg>
<arg>JP</arg>
<arg>KE</arg>
<arg>KG</arg>
<arg>KH</arg>
<arg>KI</arg>
<arg>KM</arg>
<arg>KN</arg>
<arg>KP</arg>
<arg>KR</arg>
<arg>KW</arg>
<arg>KY</arg>
<arg>KZ</arg>
<arg>LA</arg>
<arg>LB</arg>
<arg>LC</arg>
<arg>LI</arg>
<arg>LK</arg>
<arg>LR</arg>
<arg>LS</arg>
<arg>LT</arg>
<arg>LU</arg>
<arg>LV</arg>
<arg>LY</arg>
<arg>MA</arg>
<arg>MC</arg>
<arg>MD</arg>
<arg>ME</arg>
<arg>MF</arg>
<arg>MG</arg>
<arg>MH</arg>
<arg>MK</arg>
<arg>ML</arg>
<arg>MM</arg>
<arg>MN</arg>
<arg>MO</arg>
<arg>MP</arg>
<arg>MQ</arg>
<arg>MR</arg>
<arg>MS</arg>
<arg>MT</arg>
<arg>MU</arg>
<arg>MV</arg>
<arg>MW</arg>
<arg>MX</arg>
<arg>MY</arg>
<arg>MZ</arg>
<arg>NA</arg>
<arg>NC</arg>
<arg>NE</arg>
<arg>NF</arg>
<arg>NG</arg>
<arg>NI</arg>
<arg>NL</arg>
<arg>NO</arg>
<arg>NP</arg>
<arg>NR</arg>
<arg>NU</arg>
<arg>NZ</arg>
<arg>OM</arg>
<arg>PA</arg>
<arg>PE</arg>
<arg>PF</arg>
<arg>PG</arg>
<arg>PH</arg>
<arg>PK</arg>
<arg>PL</arg>
<arg>PM</arg>
<arg>PN</arg>
<arg>PR</arg>
<arg>PS</arg>
<arg>PT</arg>
<arg>PW</arg>
<arg>PY</arg>
<arg>QA</arg>
<arg>RE</arg>
<arg>RO</arg>
<arg>RS</arg>
<arg>RU</arg>
<arg>RW</arg>
<arg>SA</arg>
<arg>SB</arg>
<arg>SC</arg>
<arg>SD</arg>
<arg>SE</arg>
<arg>SG</arg>
<arg>SH</arg>
<arg>SI</arg>
<arg>SJ</arg>
<arg>SK</arg>
<arg>SL</arg>
<arg>SM</arg>
<arg>SN</arg>
<arg>SO</arg>
<arg>SR</arg>
<arg>SS</arg>
<arg>ST</arg>
<arg>SV</arg>
<arg>SX</arg>
<arg>SY</arg>
<arg>SZ</arg>
<arg>TC</arg>
<arg>TD</arg>
<arg>TF</arg>
<arg>TG</arg>
<arg>TH</arg>
<arg>TJ</arg>
<arg>TK</arg>
<arg>TL</arg>
<arg>TM</arg>
<arg>TN</arg>
<arg>TO</arg>
<arg>TR</arg>
<arg>TT</arg>
<arg>TV</arg>
<arg>TW</arg>
<arg>TZ</arg>
<arg>UA</arg>
<arg>UG</arg>
<arg>UM</arg>
<arg>US</arg>
<arg>UY</arg>
<arg>UZ</arg>
<arg>VA</arg>
<arg>VC</arg>
<arg>VE</arg>
<arg>VG</arg>
<arg>VI</arg>
<arg>VN</arg>
<arg>VU</arg>
<arg>WF</arg>
<arg>WS</arg>
<arg>XK</arg>
<arg>YE</arg>
<arg>YT</arg>
<arg>ZA</arg>
<arg>ZM</arg>
<arg>ZW</arg>
<doc>Returns a list containing given items.</doc>
<status status="PASS" start="2024-05-19T14:12:58.773877" elapsed="0.000569"/>
</kw>
<kw name="List Should Contain Value" owner="Collections">
<msg time="2024-05-19T14:12:58.775409" level="INFO">False</msg>
<arg>${list_country}</arg>
<arg>${name_country}</arg>
<doc>Fails if the ``value`` is not found from ``list``.</doc>
<status status="PASS" start="2024-05-19T14:12:58.775224" elapsed="0.000218"/>
</kw>
<kw name="Run Keyword If" owner="BuiltIn">
<kw name="Should Be True" owner="BuiltIn">
<arg>${True}</arg>
<doc>Fails if the given condition is not true.</doc>
<status status="PASS" start="2024-05-19T14:12:58.776436" elapsed="0.000246"/>
</kw>
<arg>${json_data["results"][0]["location"]["coordinates"]["latitude"]} &gt;= -90 and ${json_data["results"][0]["location"]["coordinates"]["latitude"]} &lt;= 90</arg>
<arg>Should Be True</arg>
<arg>${True}</arg>
<doc>Runs the given keyword with the given arguments, if ``condition`` is true.</doc>
<status status="PASS" start="2024-05-19T14:12:58.775734" elapsed="0.001068"/>
</kw>
<kw name="Run Keyword If" owner="BuiltIn">
<kw name="Should Be True" owner="BuiltIn">
<arg>${True}</arg>
<doc>Fails if the given condition is not true.</doc>
<status status="PASS" start="2024-05-19T14:12:58.777620" elapsed="0.000130"/>
</kw>
<arg>${json_data["results"][0]["location"]["coordinates"]["longitude"]} &gt;= -180 and ${json_data["results"][0]["location"]["coordinates"]["longitude"]} &lt;= 180</arg>
<arg>Should Be True</arg>
<arg>${True}</arg>
<doc>Runs the given keyword with the given arguments, if ``condition`` is true.</doc>
<status status="PASS" start="2024-05-19T14:12:58.776975" elapsed="0.000889"/>
</kw>
<status status="PASS" start="2024-05-19T14:12:58.680743" elapsed="0.097238"/>
</kw>
<doc>Testa o conteúdo específico dos campos retornados pela API.</doc>
<tag>testeConteudo</tag>
<status status="PASS" start="2024-05-19T14:12:58.680303" elapsed="0.097813"/>
</test>
<status status="PASS" start="2024-05-19T14:12:57.864337" elapsed="0.915631"/>
</suite>
<status status="PASS" start="2024-05-19T14:12:57.849143" elapsed="0.935792"/>
</suite>
<statistics>
<total>
<stat pass="5" fail="0" skip="0">All Tests</stat>
</total>
<tag>
<stat pass="1" fail="0" skip="0">testeConteudo</stat>
<stat pass="1" fail="0" skip="0">testeEstruturaResposta</stat>
<stat pass="1" fail="0" skip="0">testeRequisicaoBasica</stat>
<stat pass="1" fail="0" skip="0">testeTiposDados</stat>
</tag>
<suite>
<stat pass="5" fail="0" skip="0" id="s1" name="Tests">Tests</stat>
<stat pass="5" fail="0" skip="0" id="s1-s1" name="Random-User-Test">Tests.Random-User-Test</stat>
</suite>
</statistics>
<errors>
</errors>
</robot>
