<?xml version="1.0" encoding="UTF-8"?>
<robot generator="Robot 7.0 (Python 3.12.3 on linux)" generated="2024-05-09T17:12:46.045564" rpa="false" schemaversion="5">
<suite id="s1" name="Tests" source="/home/runner/work/DesafioQAItauRogerioJordao/DesafioQAItauRogerioJordao/RamdonUser/tests">
<suite id="s1-s1" name="Random-User-Test" source="/home/runner/work/DesafioQAItauRogerioJordao/DesafioQAItauRogerioJordao/RamdonUser/tests/random-user-test.robot">
<test id="s1-s1-t1" name="Conectar" line="13">
<kw name="Conectar API" owner="random-user-service">
<kw name="Create Session" owner="RequestsLibrary">
<msg time="2024-05-09T17:12:46.434647" level="INFO">Creating Session using : alias=consultarAPI, url=https://randomuser.me/, headers={},                     cookies={}, auth=None, timeout=None, proxies=None, verify=False,                     debug=0 </msg>
<arg>consultarAPI</arg>
<arg>${URL}</arg>
<doc>Create Session: create a HTTP session to a server</doc>
<status status="PASS" start="2024-05-09T17:12:46.434417" elapsed="0.000436"/>
</kw>
<status status="PASS" start="2024-05-09T17:12:46.433258" elapsed="0.001977"/>
</kw>
<status status="PASS" start="2024-05-09T17:12:46.432592" elapsed="0.002853"/>
</test>
<test id="s1-s1-t2" name="Validar retorno 200 e JSON Válido" line="16">
<kw name="Teste de Requisicao Basica" owner="random-user-service">
<kw name="GET On Session" owner="RequestsLibrary">
<msg time="2024-05-09T17:12:46.731550" level="INFO">GET Request : url=https://randomuser.me/api 
 path_url=/api 
 headers={'User-Agent': 'python-requests/2.31.0', 'Accept-Encoding': 'gzip, deflate', 'Accept': '*/*', 'Connection': 'keep-alive'} 
 body=None 
 </msg>
<msg time="2024-05-09T17:12:46.731721" level="INFO">GET Response : url=https://randomuser.me/api 
 status=200, reason=OK 
 headers={'Date': 'Thu, 09 May 2024 17:12:46 GMT', 'Content-Type': 'application/json; charset=utf-8', 'Transfer-Encoding': 'chunked', 'Connection': 'keep-alive', 'X-Powered-By': 'Express', 'Access-Control-Allow-Origin': '*', 'Cache-Control': 'no-cache', 'ETag': 'W/"49d-vG1kCjFT70zaGhlu2TiB5+LyCLA"', 'Vary': 'Accept-Encoding', 'Content-Encoding': 'gzip', 'CF-Cache-Status': 'DYNAMIC', 'Report-To': '{"endpoints":[{"url":"https:\\/\\/a.nel.cloudflare.com\\/report\\/v4?s=q5R3Xk7O5txHNlrbsIlhiORZIPAjOHQRezXibV1dkcQDiOiYYjoslt%2B3HxRgwdlJCc1Yocvu2TvI4rfVfjR0XMzZdLETQTaU7yx3x5LbT4IkNRmD8PGN%2FaGMgSqQVvgq"}],"group":"cf-nel","max_age":604800}', 'NEL': '{"success_fraction":0,"report_to":"cf-nel","max_age":604800}', 'Server': 'cloudflare', 'CF-RAY': '881350fa7a390832-IAD', 'alt-svc': 'h3=":443"; ma=86400'} 
 body={"results":[{"gender":"male","name":{"title":"Mr","first":"Marius","last":"Blanc"},"location":{"street":{"number":2888,"name":"Rue des Chartreux"},"city":"Nanterre","state":"Cher","country":"France","postcode":94239,"coordinates":{"latitude":"-19.5704","longitude":"-117.8031"},"timezone":{"offset":"-4:00","description":"Atlantic Time (Canada), Caracas, La Paz"}},"email":"marius.blanc@example.com","login":{"uuid":"9144b92e-0583-406a-b949-0e9ce1935320","username":"crazymeercat104","password":"marcius2","salt":"cvIlbAO9","md5":"aea0f029cc6e239ecc233ba9bbd1e5d5","sha1":"138aba66453749d350af75236d92828f675c0a5c","sha256":"2dc7a309651fe4fc3de5728fcb1e8f2389a300fc0c9963a3508accc4aa1625ee"},"dob":{"date":"1994-11-14T13:18:20.574Z","age":29},"registered":{"date":"2014-07-02T15:30:32.094Z","age":9},"phone":"05-16-23-21-02","cell":"06-31-91-34-65","id":{"name":"INSEE","value":"1941074334800 49"},"picture":{"large":"https://randomuser.me/api/portraits/men/78.jpg","medium":"https://randomuser.me/api/portraits/med/men/78.jpg","thumbnail":"https://randomuser.me/api/portraits/thumb/men/78.jpg"},"nat":"FR"}],"info":{"seed":"869a78cd66c010e0","results":1,"page":1,"version":"1.4"}} 
 </msg>
<msg time="2024-05-09T17:12:46.731803" level="INFO">/opt/hostedtoolcache/Python/3.12.3/x64/lib/python3.12/site-packages/urllib3/connectionpool.py:1103: InsecureRequestWarning: Unverified HTTPS request is being made to host 'randomuser.me'. Adding certificate verification is strongly advised. See: https://urllib3.readthedocs.io/en/latest/advanced-usage.html#tls-warnings
  warnings.warn(</msg>
<msg time="2024-05-09T17:12:46.731940" level="INFO">${response} = &lt;Response [200]&gt;</msg>
<var>${response}</var>
<arg>consultarAPI</arg>
<arg>/api</arg>
<doc>Sends a GET request on a previously created HTTP Session.</doc>
<status status="PASS" start="2024-05-09T17:12:46.438178" elapsed="0.293803"/>
</kw>
<kw name="Should Be Equal As Numbers" owner="BuiltIn">
<msg time="2024-05-09T17:12:46.733086" level="INFO">Argument types are:
&lt;class 'int'&gt;
&lt;class 'str'&gt;</msg>
<arg>${response.status_code}</arg>
<arg>200</arg>
<doc>Fails if objects are unequal after converting them to real numbers.</doc>
<status status="PASS" start="2024-05-09T17:12:46.732626" elapsed="0.000525"/>
</kw>
<kw name="Log" owner="BuiltIn">
<msg time="2024-05-09T17:12:46.733833" level="INFO">200</msg>
<arg>${response.status_code}</arg>
<doc>Logs the given message with the given level.</doc>
<status status="PASS" start="2024-05-09T17:12:46.733489" elapsed="0.000384"/>
</kw>
<kw name="Set Variable" owner="BuiltIn">
<msg time="2024-05-09T17:12:46.734681" level="INFO">${json_data} = {'results': [{'gender': 'male', 'name': {'title': 'Mr', 'first': 'Marius', 'last': 'Blanc'}, 'location': {'street': {'number': 2888, 'name': 'Rue des Chartreux'}, 'city': 'Nanterre', 'state': 'Cher', ...</msg>
<var>${json_data}</var>
<arg>${response.json()}</arg>
<doc>Returns the given values which can then be assigned to a variables.</doc>
<status status="PASS" start="2024-05-09T17:12:46.734254" elapsed="0.000456"/>
</kw>
<kw name="Dictionary Should Contain Key" owner="Collections">
<msg time="2024-05-09T17:12:46.735169" level="INFO">False</msg>
<arg>${json_data}</arg>
<arg>results</arg>
<doc>Fails if ``key`` is not found from ``dictionary``.</doc>
<status status="PASS" start="2024-05-09T17:12:46.735005" elapsed="0.000209"/>
</kw>
<status status="PASS" start="2024-05-09T17:12:46.437876" elapsed="0.297604"/>
</kw>
<doc>Testa se a API responde corretamente e retorna um objeto JSON válido.</doc>
<tag>testeRequisicaoBasica</tag>
<status status="PASS" start="2024-05-09T17:12:46.437369" elapsed="0.298297"/>
</test>
<test id="s1-s1-t3" name="Validar estrutura de resposta" line="22">
<kw name="Teste de Estrutura de Resposta" owner="random-user-service">
<kw name="GET On Session" owner="RequestsLibrary">
<msg time="2024-05-09T17:12:46.809720" level="INFO">GET Request : url=https://randomuser.me/api 
 path_url=/api 
 headers={'User-Agent': 'python-requests/2.31.0', 'Accept-Encoding': 'gzip, deflate', 'Accept': '*/*', 'Connection': 'keep-alive'} 
 body=None 
 </msg>
<msg time="2024-05-09T17:12:46.809824" level="INFO">GET Response : url=https://randomuser.me/api 
 status=200, reason=OK 
 headers={'Date': 'Thu, 09 May 2024 17:12:46 GMT', 'Content-Type': 'application/json; charset=utf-8', 'Transfer-Encoding': 'chunked', 'Connection': 'keep-alive', 'X-Powered-By': 'Express', 'Access-Control-Allow-Origin': '*', 'Cache-Control': 'no-cache', 'ETag': 'W/"49e-NR1wZfTdJTOGFM6jsnVNvmbHHIM"', 'Vary': 'Accept-Encoding', 'Content-Encoding': 'gzip', 'CF-Cache-Status': 'DYNAMIC', 'Report-To': '{"endpoints":[{"url":"https:\\/\\/a.nel.cloudflare.com\\/report\\/v4?s=sGy8BDJifWlJFrgoTk%2FdTpYs%2Bh5h7tZSw%2FZzhQ3t1xmroNSJkNUpU0P75YfjYt8CmEApMGNQW6TETZiyQiEHYE%2B6MvfEf41doI5KI8k6CwQ%2FDVO4on08OcYq1zhUWcG2"}],"group":"cf-nel","max_age":604800}', 'NEL': '{"success_fraction":0,"report_to":"cf-nel","max_age":604800}', 'Server': 'cloudflare', 'CF-RAY': '881350fc2cab0832-IAD', 'alt-svc': 'h3=":443"; ma=86400'} 
 body={"results":[{"gender":"female","name":{"title":"Miss","first":"Doroteya","last":"Kuzmich"},"location":{"street":{"number":8120,"name":"Oleksandra Matrosova"},"city":"Svatove","state":"Zaporizka","country":"Ukraine","postcode":63070,"coordinates":{"latitude":"81.0259","longitude":"2.8221"},"timezone":{"offset":"+11:00","description":"Magadan, Solomon Islands, New Caledonia"}},"email":"doroteya.kuzmich@example.com","login":{"uuid":"371fc8c4-95fd-4af1-82f4-34f5dff0c596","username":"goldenduck366","password":"yahoo1","salt":"t82O9hbl","md5":"a6cb1296281aa7953182ee2395056aef","sha1":"72e122029d0158eeced383d512723c1b3197f6f3","sha256":"d2426ff97aa6dd5fee59c9a28d5ed47e23f626fcd026e6ad92320a4438522fc4"},"dob":{"date":"2001-04-19T22:21:30.847Z","age":23},"registered":{"date":"2009-08-20T00:53:20.104Z","age":14},"phone":"(099) Z07-3646","cell":"(096) H14-9934","id":{"name":"","value":null},"picture":{"large":"https://randomuser.me/api/portraits/women/83.jpg","medium":"https://randomuser.me/api/portraits/med/women/83.jpg","thumbnail":"https://randomuser.me/api/portraits/thumb/women/83.jpg"},"nat":"UA"}],"info":{"seed":"78eb48d87b07b3ab","results":1,"page":1,"version":"1.4"}} 
 </msg>
<msg time="2024-05-09T17:12:46.809970" level="INFO">/opt/hostedtoolcache/Python/3.12.3/x64/lib/python3.12/site-packages/urllib3/connectionpool.py:1103: InsecureRequestWarning: Unverified HTTPS request is being made to host 'randomuser.me'. Adding certificate verification is strongly advised. See: https://urllib3.readthedocs.io/en/latest/advanced-usage.html#tls-warnings
  warnings.warn(</msg>
<msg time="2024-05-09T17:12:46.810089" level="INFO">${response} = &lt;Response [200]&gt;</msg>
<var>${response}</var>
<arg>consultarAPI</arg>
<arg>/api</arg>
<doc>Sends a GET request on a previously created HTTP Session.</doc>
<status status="PASS" start="2024-05-09T17:12:46.738255" elapsed="0.071874"/>
</kw>
<kw name="Set Variable" owner="BuiltIn">
<msg time="2024-05-09T17:12:46.811086" level="INFO">${json_data} = {'results': [{'gender': 'female', 'name': {'title': 'Miss', 'first': 'Doroteya', 'last': 'Kuzmich'}, 'location': {'street': {'number': 8120, 'name': 'Oleksandra Matrosova'}, 'city': 'Svatove', 'state'...</msg>
<var>${json_data}</var>
<arg>${response.json()}</arg>
<doc>Returns the given values which can then be assigned to a variables.</doc>
<status status="PASS" start="2024-05-09T17:12:46.810585" elapsed="0.000529"/>
</kw>
<kw name="Log" owner="BuiltIn">
<msg time="2024-05-09T17:12:46.811586" level="INFO">{'results': [{'gender': 'female', 'name': {'title': 'Miss', 'first': 'Doroteya', 'last': 'Kuzmich'}, 'location': {'street': {'number': 8120, 'name': 'Oleksandra Matrosova'}, 'city': 'Svatove', 'state': 'Zaporizka', 'country': 'Ukraine', 'postcode': 63070, 'coordinates': {'latitude': '81.0259', 'longitude': '2.8221'}, 'timezone': {'offset': '+11:00', 'description': 'Magadan, Solomon Islands, New Caledonia'}}, 'email': 'doroteya.kuzmich@example.com', 'login': {'uuid': '371fc8c4-95fd-4af1-82f4-34f5dff0c596', 'username': 'goldenduck366', 'password': 'yahoo1', 'salt': 't82O9hbl', 'md5': 'a6cb1296281aa7953182ee2395056aef', 'sha1': '72e122029d0158eeced383d512723c1b3197f6f3', 'sha256': 'd2426ff97aa6dd5fee59c9a28d5ed47e23f626fcd026e6ad92320a4438522fc4'}, 'dob': {'date': '2001-04-19T22:21:30.847Z', 'age': 23}, 'registered': {'date': '2009-08-20T00:53:20.104Z', 'age': 14}, 'phone': '(099) Z07-3646', 'cell': '(096) H14-9934', 'id': {'name': '', 'value': None}, 'picture': {'large': 'https://randomuser.me/api/portraits/women/83.jpg', 'medium': 'https://randomuser.me/api/portraits/med/women/83.jpg', 'thumbnail': 'https://randomuser.me/api/portraits/thumb/women/83.jpg'}, 'nat': 'UA'}], 'info': {'seed': '78eb48d87b07b3ab', 'results': 1, 'page': 1, 'version': '1.4'}}</msg>
<arg>${json_data}</arg>
<doc>Logs the given message with the given level.</doc>
<status status="PASS" start="2024-05-09T17:12:46.811424" elapsed="0.000209"/>
</kw>
<kw name="Dictionary Should Contain Key" owner="Collections">
<msg time="2024-05-09T17:12:46.812080" level="INFO">False</msg>
<arg>${json_data}</arg>
<arg>results</arg>
<doc>Fails if ``key`` is not found from ``dictionary``.</doc>
<status status="PASS" start="2024-05-09T17:12:46.811923" elapsed="0.000193"/>
</kw>
<kw name="Should Not Be Empty" owner="BuiltIn">
<msg time="2024-05-09T17:12:46.812542" level="INFO">Length is 2.</msg>
<arg>${json_data}</arg>
<doc>Verifies that the given item is not empty.</doc>
<status status="PASS" start="2024-05-09T17:12:46.812410" elapsed="0.000322"/>
</kw>
<kw name="Create List" owner="BuiltIn">
<msg time="2024-05-09T17:12:46.813196" level="INFO">${expected_keys} = ['gender', 'name', 'location', 'email', 'login']</msg>
<var>${expected_keys}</var>
<arg>gender</arg>
<arg>name</arg>
<arg>location</arg>
<arg>email</arg>
<arg>login</arg>
<doc>Returns a list containing given items.</doc>
<status status="PASS" start="2024-05-09T17:12:46.813048" elapsed="0.000171"/>
</kw>
<for flavor="IN">
<iter>
<kw name="Dictionary Should Contain Key" owner="Collections">
<msg time="2024-05-09T17:12:46.814235" level="INFO">False</msg>
<arg>${json_data['results'][0]}</arg>
<arg>${key}</arg>
<doc>Fails if ``key`` is not found from ``dictionary``.</doc>
<status status="PASS" start="2024-05-09T17:12:46.813812" elapsed="0.000460"/>
</kw>
<kw name="Log" owner="BuiltIn">
<msg time="2024-05-09T17:12:46.814933" level="INFO">{'gender': 'female', 'name': {'title': 'Miss', 'first': 'Doroteya', 'last': 'Kuzmich'}, 'location': {'street': {'number': 8120, 'name': 'Oleksandra Matrosova'}, 'city': 'Svatove', 'state': 'Zaporizka', 'country': 'Ukraine', 'postcode': 63070, 'coordinates': {'latitude': '81.0259', 'longitude': '2.8221'}, 'timezone': {'offset': '+11:00', 'description': 'Magadan, Solomon Islands, New Caledonia'}}, 'email': 'doroteya.kuzmich@example.com', 'login': {'uuid': '371fc8c4-95fd-4af1-82f4-34f5dff0c596', 'username': 'goldenduck366', 'password': 'yahoo1', 'salt': 't82O9hbl', 'md5': 'a6cb1296281aa7953182ee2395056aef', 'sha1': '72e122029d0158eeced383d512723c1b3197f6f3', 'sha256': 'd2426ff97aa6dd5fee59c9a28d5ed47e23f626fcd026e6ad92320a4438522fc4'}, 'dob': {'date': '2001-04-19T22:21:30.847Z', 'age': 23}, 'registered': {'date': '2009-08-20T00:53:20.104Z', 'age': 14}, 'phone': '(099) Z07-3646', 'cell': '(096) H14-9934', 'id': {'name': '', 'value': None}, 'picture': {'large': 'https://randomuser.me/api/portraits/women/83.jpg', 'medium': 'https://randomuser.me/api/portraits/med/women/83.jpg', 'thumbnail': 'https://randomuser.me/api/portraits/thumb/women/83.jpg'}, 'nat': 'UA'}</msg>
<arg>${json_data['results'][0]}</arg>
<doc>Logs the given message with the given level.</doc>
<status status="PASS" start="2024-05-09T17:12:46.814574" elapsed="0.000406"/>
</kw>
<kw name="Log" owner="BuiltIn">
<msg time="2024-05-09T17:12:46.815409" level="INFO">gender</msg>
<arg>${key}</arg>
<doc>Logs the given message with the given level.</doc>
<status status="PASS" start="2024-05-09T17:12:46.815283" elapsed="0.000162"/>
</kw>
<var name="${key}">gender</var>
<status status="PASS" start="2024-05-09T17:12:46.813681" elapsed="0.001980"/>
</iter>
<iter>
<kw name="Dictionary Should Contain Key" owner="Collections">
<msg time="2024-05-09T17:12:46.816362" level="INFO">False</msg>
<arg>${json_data['results'][0]}</arg>
<arg>${key}</arg>
<doc>Fails if ``key`` is not found from ``dictionary``.</doc>
<status status="PASS" start="2024-05-09T17:12:46.815960" elapsed="0.000438"/>
</kw>
<kw name="Log" owner="BuiltIn">
<msg time="2024-05-09T17:12:46.817088" level="INFO">{'gender': 'female', 'name': {'title': 'Miss', 'first': 'Doroteya', 'last': 'Kuzmich'}, 'location': {'street': {'number': 8120, 'name': 'Oleksandra Matrosova'}, 'city': 'Svatove', 'state': 'Zaporizka', 'country': 'Ukraine', 'postcode': 63070, 'coordinates': {'latitude': '81.0259', 'longitude': '2.8221'}, 'timezone': {'offset': '+11:00', 'description': 'Magadan, Solomon Islands, New Caledonia'}}, 'email': 'doroteya.kuzmich@example.com', 'login': {'uuid': '371fc8c4-95fd-4af1-82f4-34f5dff0c596', 'username': 'goldenduck366', 'password': 'yahoo1', 'salt': 't82O9hbl', 'md5': 'a6cb1296281aa7953182ee2395056aef', 'sha1': '72e122029d0158eeced383d512723c1b3197f6f3', 'sha256': 'd2426ff97aa6dd5fee59c9a28d5ed47e23f626fcd026e6ad92320a4438522fc4'}, 'dob': {'date': '2001-04-19T22:21:30.847Z', 'age': 23}, 'registered': {'date': '2009-08-20T00:53:20.104Z', 'age': 14}, 'phone': '(099) Z07-3646', 'cell': '(096) H14-9934', 'id': {'name': '', 'value': None}, 'picture': {'large': 'https://randomuser.me/api/portraits/women/83.jpg', 'medium': 'https://randomuser.me/api/portraits/med/women/83.jpg', 'thumbnail': 'https://randomuser.me/api/portraits/thumb/women/83.jpg'}, 'nat': 'UA'}</msg>
<arg>${json_data['results'][0]}</arg>
<doc>Logs the given message with the given level.</doc>
<status status="PASS" start="2024-05-09T17:12:46.816720" elapsed="0.000414"/>
</kw>
<kw name="Log" owner="BuiltIn">
<msg time="2024-05-09T17:12:46.817551" level="INFO">name</msg>
<arg>${key}</arg>
<doc>Logs the given message with the given level.</doc>
<status status="PASS" start="2024-05-09T17:12:46.817427" elapsed="0.000159"/>
</kw>
<var name="${key}">name</var>
<status status="PASS" start="2024-05-09T17:12:46.815845" elapsed="0.001952"/>
</iter>
<iter>
<kw name="Dictionary Should Contain Key" owner="Collections">
<msg time="2024-05-09T17:12:46.818486" level="INFO">False</msg>
<arg>${json_data['results'][0]}</arg>
<arg>${key}</arg>
<doc>Fails if ``key`` is not found from ``dictionary``.</doc>
<status status="PASS" start="2024-05-09T17:12:46.818108" elapsed="0.000414"/>
</kw>
<kw name="Log" owner="BuiltIn">
<msg time="2024-05-09T17:12:46.819168" level="INFO">{'gender': 'female', 'name': {'title': 'Miss', 'first': 'Doroteya', 'last': 'Kuzmich'}, 'location': {'street': {'number': 8120, 'name': 'Oleksandra Matrosova'}, 'city': 'Svatove', 'state': 'Zaporizka', 'country': 'Ukraine', 'postcode': 63070, 'coordinates': {'latitude': '81.0259', 'longitude': '2.8221'}, 'timezone': {'offset': '+11:00', 'description': 'Magadan, Solomon Islands, New Caledonia'}}, 'email': 'doroteya.kuzmich@example.com', 'login': {'uuid': '371fc8c4-95fd-4af1-82f4-34f5dff0c596', 'username': 'goldenduck366', 'password': 'yahoo1', 'salt': 't82O9hbl', 'md5': 'a6cb1296281aa7953182ee2395056aef', 'sha1': '72e122029d0158eeced383d512723c1b3197f6f3', 'sha256': 'd2426ff97aa6dd5fee59c9a28d5ed47e23f626fcd026e6ad92320a4438522fc4'}, 'dob': {'date': '2001-04-19T22:21:30.847Z', 'age': 23}, 'registered': {'date': '2009-08-20T00:53:20.104Z', 'age': 14}, 'phone': '(099) Z07-3646', 'cell': '(096) H14-9934', 'id': {'name': '', 'value': None}, 'picture': {'large': 'https://randomuser.me/api/portraits/women/83.jpg', 'medium': 'https://randomuser.me/api/portraits/med/women/83.jpg', 'thumbnail': 'https://randomuser.me/api/portraits/thumb/women/83.jpg'}, 'nat': 'UA'}</msg>
<arg>${json_data['results'][0]}</arg>
<doc>Logs the given message with the given level.</doc>
<status status="PASS" start="2024-05-09T17:12:46.818815" elapsed="0.000399"/>
</kw>
<kw name="Log" owner="BuiltIn">
<msg time="2024-05-09T17:12:46.819623" level="INFO">location</msg>
<arg>${key}</arg>
<doc>Logs the given message with the given level.</doc>
<status status="PASS" start="2024-05-09T17:12:46.819502" elapsed="0.000156"/>
</kw>
<var name="${key}">location</var>
<status status="PASS" start="2024-05-09T17:12:46.817997" elapsed="0.001871"/>
</iter>
<iter>
<kw name="Dictionary Should Contain Key" owner="Collections">
<msg time="2024-05-09T17:12:46.820533" level="INFO">False</msg>
<arg>${json_data['results'][0]}</arg>
<arg>${key}</arg>
<doc>Fails if ``key`` is not found from ``dictionary``.</doc>
<status status="PASS" start="2024-05-09T17:12:46.820150" elapsed="0.000419"/>
</kw>
<kw name="Log" owner="BuiltIn">
<msg time="2024-05-09T17:12:46.821235" level="INFO">{'gender': 'female', 'name': {'title': 'Miss', 'first': 'Doroteya', 'last': 'Kuzmich'}, 'location': {'street': {'number': 8120, 'name': 'Oleksandra Matrosova'}, 'city': 'Svatove', 'state': 'Zaporizka', 'country': 'Ukraine', 'postcode': 63070, 'coordinates': {'latitude': '81.0259', 'longitude': '2.8221'}, 'timezone': {'offset': '+11:00', 'description': 'Magadan, Solomon Islands, New Caledonia'}}, 'email': 'doroteya.kuzmich@example.com', 'login': {'uuid': '371fc8c4-95fd-4af1-82f4-34f5dff0c596', 'username': 'goldenduck366', 'password': 'yahoo1', 'salt': 't82O9hbl', 'md5': 'a6cb1296281aa7953182ee2395056aef', 'sha1': '72e122029d0158eeced383d512723c1b3197f6f3', 'sha256': 'd2426ff97aa6dd5fee59c9a28d5ed47e23f626fcd026e6ad92320a4438522fc4'}, 'dob': {'date': '2001-04-19T22:21:30.847Z', 'age': 23}, 'registered': {'date': '2009-08-20T00:53:20.104Z', 'age': 14}, 'phone': '(099) Z07-3646', 'cell': '(096) H14-9934', 'id': {'name': '', 'value': None}, 'picture': {'large': 'https://randomuser.me/api/portraits/women/83.jpg', 'medium': 'https://randomuser.me/api/portraits/med/women/83.jpg', 'thumbnail': 'https://randomuser.me/api/portraits/thumb/women/83.jpg'}, 'nat': 'UA'}</msg>
<arg>${json_data['results'][0]}</arg>
<doc>Logs the given message with the given level.</doc>
<status status="PASS" start="2024-05-09T17:12:46.820872" elapsed="0.000410"/>
</kw>
<kw name="Log" owner="BuiltIn">
<msg time="2024-05-09T17:12:46.821691" level="INFO">email</msg>
<arg>${key}</arg>
<doc>Logs the given message with the given level.</doc>
<status status="PASS" start="2024-05-09T17:12:46.821568" elapsed="0.000159"/>
</kw>
<var name="${key}">email</var>
<status status="PASS" start="2024-05-09T17:12:46.820040" elapsed="0.001923"/>
</iter>
<iter>
<kw name="Dictionary Should Contain Key" owner="Collections">
<msg time="2024-05-09T17:12:46.822634" level="INFO">False</msg>
<arg>${json_data['results'][0]}</arg>
<arg>${key}</arg>
<doc>Fails if ``key`` is not found from ``dictionary``.</doc>
<status status="PASS" start="2024-05-09T17:12:46.822246" elapsed="0.000424"/>
</kw>
<kw name="Log" owner="BuiltIn">
<msg time="2024-05-09T17:12:46.823332" level="INFO">{'gender': 'female', 'name': {'title': 'Miss', 'first': 'Doroteya', 'last': 'Kuzmich'}, 'location': {'street': {'number': 8120, 'name': 'Oleksandra Matrosova'}, 'city': 'Svatove', 'state': 'Zaporizka', 'country': 'Ukraine', 'postcode': 63070, 'coordinates': {'latitude': '81.0259', 'longitude': '2.8221'}, 'timezone': {'offset': '+11:00', 'description': 'Magadan, Solomon Islands, New Caledonia'}}, 'email': 'doroteya.kuzmich@example.com', 'login': {'uuid': '371fc8c4-95fd-4af1-82f4-34f5dff0c596', 'username': 'goldenduck366', 'password': 'yahoo1', 'salt': 't82O9hbl', 'md5': 'a6cb1296281aa7953182ee2395056aef', 'sha1': '72e122029d0158eeced383d512723c1b3197f6f3', 'sha256': 'd2426ff97aa6dd5fee59c9a28d5ed47e23f626fcd026e6ad92320a4438522fc4'}, 'dob': {'date': '2001-04-19T22:21:30.847Z', 'age': 23}, 'registered': {'date': '2009-08-20T00:53:20.104Z', 'age': 14}, 'phone': '(099) Z07-3646', 'cell': '(096) H14-9934', 'id': {'name': '', 'value': None}, 'picture': {'large': 'https://randomuser.me/api/portraits/women/83.jpg', 'medium': 'https://randomuser.me/api/portraits/med/women/83.jpg', 'thumbnail': 'https://randomuser.me/api/portraits/thumb/women/83.jpg'}, 'nat': 'UA'}</msg>
<arg>${json_data['results'][0]}</arg>
<doc>Logs the given message with the given level.</doc>
<status status="PASS" start="2024-05-09T17:12:46.822970" elapsed="0.000407"/>
</kw>
<kw name="Log" owner="BuiltIn">
<msg time="2024-05-09T17:12:46.823835" level="INFO">login</msg>
<arg>${key}</arg>
<doc>Logs the given message with the given level.</doc>
<status status="PASS" start="2024-05-09T17:12:46.823680" elapsed="0.000196"/>
</kw>
<var name="${key}">login</var>
<status status="PASS" start="2024-05-09T17:12:46.822138" elapsed="0.001997"/>
</iter>
<var>${key}</var>
<value>@{expected_keys}</value>
<status status="PASS" start="2024-05-09T17:12:46.813481" elapsed="0.010784"/>
</for>
<kw name="Create List" owner="BuiltIn">
<msg time="2024-05-09T17:12:46.824616" level="INFO">${expected_keysTwo} = ['username', 'password']</msg>
<var>${expected_keysTwo}</var>
<arg>username</arg>
<arg>password</arg>
<doc>Returns a list containing given items.</doc>
<status status="PASS" start="2024-05-09T17:12:46.824471" elapsed="0.000169"/>
</kw>
<for flavor="IN">
<iter>
<kw name="Dictionary Should Contain Key" owner="Collections">
<msg time="2024-05-09T17:12:46.825603" level="INFO">False</msg>
<arg>${json_data['results'][0]['login']}</arg>
<arg>${keyTwo}</arg>
<doc>Fails if ``key`` is not found from ``dictionary``.</doc>
<status status="PASS" start="2024-05-09T17:12:46.825187" elapsed="0.000453"/>
</kw>
<kw name="Dictionary Should Contain Key" owner="Collections">
<msg time="2024-05-09T17:12:46.826347" level="INFO">False</msg>
<arg>${json_data['results'][0]['login']}</arg>
<arg>${keyTwo}</arg>
<doc>Fails if ``key`` is not found from ``dictionary``.</doc>
<status status="PASS" start="2024-05-09T17:12:46.825962" elapsed="0.000421"/>
</kw>
<kw name="Log" owner="BuiltIn">
<msg time="2024-05-09T17:12:46.826802" level="INFO">username</msg>
<arg>${keyTwo}</arg>
<doc>Logs the given message with the given level.</doc>
<status status="PASS" start="2024-05-09T17:12:46.826674" elapsed="0.000164"/>
</kw>
<var name="${keyTwo}">username</var>
<status status="PASS" start="2024-05-09T17:12:46.825059" elapsed="0.002006"/>
</iter>
<iter>
<kw name="Dictionary Should Contain Key" owner="Collections">
<msg time="2024-05-09T17:12:46.827841" level="INFO">False</msg>
<arg>${json_data['results'][0]['login']}</arg>
<arg>${keyTwo}</arg>
<doc>Fails if ``key`` is not found from ``dictionary``.</doc>
<status status="PASS" start="2024-05-09T17:12:46.827346" elapsed="0.000534"/>
</kw>
<kw name="Dictionary Should Contain Key" owner="Collections">
<msg time="2024-05-09T17:12:46.828556" level="INFO">False</msg>
<arg>${json_data['results'][0]['login']}</arg>
<arg>${keyTwo}</arg>
<doc>Fails if ``key`` is not found from ``dictionary``.</doc>
<status status="PASS" start="2024-05-09T17:12:46.828177" elapsed="0.000416"/>
</kw>
<kw name="Log" owner="BuiltIn">
<msg time="2024-05-09T17:12:46.829011" level="INFO">password</msg>
<arg>${keyTwo}</arg>
<doc>Logs the given message with the given level.</doc>
<status status="PASS" start="2024-05-09T17:12:46.828883" elapsed="0.000164"/>
</kw>
<var name="${keyTwo}">password</var>
<status status="PASS" start="2024-05-09T17:12:46.827237" elapsed="0.002031"/>
</iter>
<var>${keyTwo}</var>
<value>@{expected_keysTwo}</value>
<status status="PASS" start="2024-05-09T17:12:46.824894" elapsed="0.004501"/>
</for>
<status status="PASS" start="2024-05-09T17:12:46.738014" elapsed="0.091528"/>
</kw>
<doc>Testa a estrutura da resposta da API.</doc>
<tag>testeEstruturaResposta</tag>
<status status="PASS" start="2024-05-09T17:12:46.737471" elapsed="0.092235"/>
</test>
<test id="s1-s1-t4" name="Validar tipos de dados" line="28">
<kw name="Teste de Tipos de Dados" owner="random-user-service">
<kw name="GET On Session" owner="RequestsLibrary">
<msg time="2024-05-09T17:12:46.897047" level="INFO">GET Request : url=https://randomuser.me/api 
 path_url=/api 
 headers={'User-Agent': 'python-requests/2.31.0', 'Accept-Encoding': 'gzip, deflate', 'Accept': '*/*', 'Connection': 'keep-alive'} 
 body=None 
 </msg>
<msg time="2024-05-09T17:12:46.897122" level="INFO">GET Response : url=https://randomuser.me/api 
 status=200, reason=OK 
 headers={'Date': 'Thu, 09 May 2024 17:12:46 GMT', 'Content-Type': 'application/json; charset=utf-8', 'Transfer-Encoding': 'chunked', 'Connection': 'keep-alive', 'X-Powered-By': 'Express', 'Access-Control-Allow-Origin': '*', 'Cache-Control': 'no-cache', 'ETag': 'W/"4a0-baG4sVe0MnMRrqGFdDWCpLB5j+k"', 'Vary': 'Accept-Encoding', 'Content-Encoding': 'gzip', 'CF-Cache-Status': 'DYNAMIC', 'Report-To': '{"endpoints":[{"url":"https:\\/\\/a.nel.cloudflare.com\\/report\\/v4?s=mPF8G1OE%2FGtnb3xicw3U%2F2UM9V%2BeyJRa%2FKaNimY%2BFb6p652k39AjWaQwhkYZbci7FkW5w%2B1zWr2ddoJW11RvqH0c4WzeVyO1yWV89mbJZZpzX%2BBDohgywmcGBPoajqZX"}],"group":"cf-nel","max_age":604800}', 'NEL': '{"success_fraction":0,"report_to":"cf-nel","max_age":604800}', 'Server': 'cloudflare', 'CF-RAY': '881350fcbd700832-IAD', 'alt-svc': 'h3=":443"; ma=86400'} 
 body={"results":[{"gender":"male","name":{"title":"Monsieur","first":"Matteo","last":"Perrin"},"location":{"street":{"number":9963,"name":"Rue de L'Abbé-Gillet"},"city":"Sursee","state":"Thurgau","country":"Switzerland","postcode":6784,"coordinates":{"latitude":"-57.5348","longitude":"-130.3183"},"timezone":{"offset":"+4:00","description":"Abu Dhabi, Muscat, Baku, Tbilisi"}},"email":"matteo.perrin@example.com","login":{"uuid":"ac9f8dc0-fdd0-4aaa-8322-b043ac025d66","username":"blackdog766","password":"charlton","salt":"0Z2aPNQF","md5":"5affa96d6df94174f55eb74ac3b171d6","sha1":"187c2ec0702cad4e6a41b73d17cd7f6dc0701127","sha256":"e7fcdb65e9e0e6ef18db3a3ceb75e545b73cf27213717790c037b677812fa95b"},"dob":{"date":"1946-12-26T03:44:48.849Z","age":77},"registered":{"date":"2007-12-16T02:10:05.926Z","age":16},"phone":"078 013 83 45","cell":"075 820 54 10","id":{"name":"AVS","value":"756.0122.5922.08"},"picture":{"large":"https://randomuser.me/api/portraits/men/22.jpg","medium":"https://randomuser.me/api/portraits/med/men/22.jpg","thumbnail":"https://randomuser.me/api/portraits/thumb/men/22.jpg"},"nat":"CH"}],"info":{"seed":"d56241d22fd3dfc1","results":1,"page":1,"version":"1.4"}} 
 </msg>
<msg time="2024-05-09T17:12:46.897188" level="INFO">/opt/hostedtoolcache/Python/3.12.3/x64/lib/python3.12/site-packages/urllib3/connectionpool.py:1103: InsecureRequestWarning: Unverified HTTPS request is being made to host 'randomuser.me'. Adding certificate verification is strongly advised. See: https://urllib3.readthedocs.io/en/latest/advanced-usage.html#tls-warnings
  warnings.warn(</msg>
<msg time="2024-05-09T17:12:46.897287" level="INFO">${response} = &lt;Response [200]&gt;</msg>
<var>${response}</var>
<arg>consultarAPI</arg>
<arg>/api</arg>
<doc>Sends a GET request on a previously created HTTP Session.</doc>
<status status="PASS" start="2024-05-09T17:12:46.832322" elapsed="0.065006"/>
</kw>
<kw name="Set Variable" owner="BuiltIn">
<msg time="2024-05-09T17:12:46.898509" level="INFO">${json_data} = {'results': [{'gender': 'male', 'name': {'title': 'Monsieur', 'first': 'Matteo', 'last': 'Perrin'}, 'location': {'street': {'number': 9963, 'name': "Rue de L'Abbé-Gillet"}, 'city': 'Sursee', 'state': ...</msg>
<var>${json_data}</var>
<arg>${response.json()}</arg>
<doc>Returns the given values which can then be assigned to a variables.</doc>
<status status="PASS" start="2024-05-09T17:12:46.897870" elapsed="0.000668"/>
</kw>
<kw name="Log" owner="BuiltIn">
<msg time="2024-05-09T17:12:46.899008" level="INFO">{'results': [{'gender': 'male', 'name': {'title': 'Monsieur', 'first': 'Matteo', 'last': 'Perrin'}, 'location': {'street': {'number': 9963, 'name': "Rue de L'Abbé-Gillet"}, 'city': 'Sursee', 'state': 'Thurgau', 'country': 'Switzerland', 'postcode': 6784, 'coordinates': {'latitude': '-57.5348', 'longitude': '-130.3183'}, 'timezone': {'offset': '+4:00', 'description': 'Abu Dhabi, Muscat, Baku, Tbilisi'}}, 'email': 'matteo.perrin@example.com', 'login': {'uuid': 'ac9f8dc0-fdd0-4aaa-8322-b043ac025d66', 'username': 'blackdog766', 'password': 'charlton', 'salt': '0Z2aPNQF', 'md5': '5affa96d6df94174f55eb74ac3b171d6', 'sha1': '187c2ec0702cad4e6a41b73d17cd7f6dc0701127', 'sha256': 'e7fcdb65e9e0e6ef18db3a3ceb75e545b73cf27213717790c037b677812fa95b'}, 'dob': {'date': '1946-12-26T03:44:48.849Z', 'age': 77}, 'registered': {'date': '2007-12-16T02:10:05.926Z', 'age': 16}, 'phone': '078 013 83 45', 'cell': '075 820 54 10', 'id': {'name': 'AVS', 'value': '756.0122.5922.08'}, 'picture': {'large': 'https://randomuser.me/api/portraits/men/22.jpg', 'medium': 'https://randomuser.me/api/portraits/med/men/22.jpg', 'thumbnail': 'https://randomuser.me/api/portraits/thumb/men/22.jpg'}, 'nat': 'CH'}], 'info': {'seed': 'd56241d22fd3dfc1', 'results': 1, 'page': 1, 'version': '1.4'}}</msg>
<arg>${json_data}</arg>
<doc>Logs the given message with the given level.</doc>
<status status="PASS" start="2024-05-09T17:12:46.898850" elapsed="0.000245"/>
</kw>
<kw name="Should Be String" owner="String">
<arg>${json_data['results'][0]['gender']}</arg>
<doc>Fails if the given ``item`` is not a string.</doc>
<status status="PASS" start="2024-05-09T17:12:46.899391" elapsed="0.000360"/>
</kw>
<kw name="Should Match Regexp" owner="BuiltIn">
<arg>${json_data['results'][0]['email']}</arg>
<arg>^[a-zA-Z0-9._%+-]+@[a-zA-Z0-9.-]+\.[a-zA-Z]{2,}$</arg>
<doc>Fails if ``string`` does not match ``pattern`` as a regular expression.</doc>
<status status="PASS" start="2024-05-09T17:12:46.899950" elapsed="0.000522"/>
</kw>
<kw name="Should Match Regexp" owner="BuiltIn">
<arg>${json_data['results'][0]['dob']['date']}</arg>
<arg>\\d{4}-\\d{2}-\\d{2}T\\d{2}:\\d{2}:\\d{2}\\.\\d{3}Z</arg>
<doc>Fails if ``string`` does not match ``pattern`` as a regular expression.</doc>
<status status="PASS" start="2024-05-09T17:12:46.900664" elapsed="0.000489"/>
</kw>
<kw name="Should Match Regexp" owner="BuiltIn">
<arg>${json_data['results'][0]['registered']['date']}</arg>
<arg>\\d{4}-\\d{2}-\\d{2}T\\d{2}:\\d{2}:\\d{2}\\.\\d{3}Z</arg>
<doc>Fails if ``string`` does not match ``pattern`` as a regular expression.</doc>
<status status="PASS" start="2024-05-09T17:12:46.901341" elapsed="0.000361"/>
</kw>
<kw name="Should Match Regexp" owner="BuiltIn">
<arg>${json_data['results'][0]['picture']['large']}</arg>
<arg>^https?://.*\.(?:png|jpe?g|gif|bmp)$</arg>
<doc>Fails if ``string`` does not match ``pattern`` as a regular expression.</doc>
<status status="PASS" start="2024-05-09T17:12:46.901883" elapsed="0.000514"/>
</kw>
<kw name="Should Match Regexp" owner="BuiltIn">
<arg>${json_data['results'][0]['picture']['medium']}</arg>
<arg>^https?://.*\.(?:png|jpe?g|gif|bmp)$</arg>
<doc>Fails if ``string`` does not match ``pattern`` as a regular expression.</doc>
<status status="PASS" start="2024-05-09T17:12:46.902582" elapsed="0.000354"/>
</kw>
<kw name="Should Match Regexp" owner="BuiltIn">
<arg>${json_data['results'][0]['picture']['thumbnail']}</arg>
<arg>^https?://.*\.(?:png|jpe?g|gif|bmp)$</arg>
<doc>Fails if ``string`` does not match ``pattern`` as a regular expression.</doc>
<status status="PASS" start="2024-05-09T17:12:46.903120" elapsed="0.000347"/>
</kw>
<kw name="Log" owner="BuiltIn">
<msg time="2024-05-09T17:12:46.903961" level="INFO">{'large': 'https://randomuser.me/api/portraits/men/22.jpg', 'medium': 'https://randomuser.me/api/portraits/med/men/22.jpg', 'thumbnail': 'https://randomuser.me/api/portraits/thumb/men/22.jpg'}</msg>
<arg>${json_data['results'][0]['picture']}</arg>
<doc>Logs the given message with the given level.</doc>
<status status="PASS" start="2024-05-09T17:12:46.903644" elapsed="0.000358"/>
</kw>
<status status="PASS" start="2024-05-09T17:12:46.832088" elapsed="0.072166"/>
</kw>
<kw name="Teste de Tipos de Dados - Postcode" owner="random-user-service">
<kw name="GET On Session" owner="RequestsLibrary">
<msg time="2024-05-09T17:12:46.990745" level="INFO">GET Request : url=https://randomuser.me/api 
 path_url=/api 
 headers={'User-Agent': 'python-requests/2.31.0', 'Accept-Encoding': 'gzip, deflate', 'Accept': '*/*', 'Connection': 'keep-alive'} 
 body=None 
 </msg>
<msg time="2024-05-09T17:12:46.990849" level="INFO">GET Response : url=https://randomuser.me/api 
 status=200, reason=OK 
 headers={'Date': 'Thu, 09 May 2024 17:12:46 GMT', 'Content-Type': 'application/json; charset=utf-8', 'Transfer-Encoding': 'chunked', 'Connection': 'keep-alive', 'X-Powered-By': 'Express', 'Access-Control-Allow-Origin': '*', 'Cache-Control': 'no-cache', 'ETag': 'W/"4a3-n1NYPBOhZ/FGyOwYfA3s0/arEhA"', 'Vary': 'Accept-Encoding', 'Content-Encoding': 'gzip', 'CF-Cache-Status': 'DYNAMIC', 'Report-To': '{"endpoints":[{"url":"https:\\/\\/a.nel.cloudflare.com\\/report\\/v4?s=t5XflJKj%2BfieutQjDhdQ8nJ%2BEiU44hkS%2FbjHw1%2BsnMHviaynfG8n9%2B7BETcQi%2FAZQX3UVYRLZ%2BpedFQZ%2BhwHGQNytvXaf%2BLQpdm4%2B0hrYoKxNI%2BBA5I%2BBq3k%2FmGHzGOS"}],"group":"cf-nel","max_age":604800}', 'NEL': '{"success_fraction":0,"report_to":"cf-nel","max_age":604800}', 'Server': 'cloudflare', 'CF-RAY': '881350fd2de90832-IAD', 'alt-svc': 'h3=":443"; ma=86400'} 
 body={"results":[{"gender":"male","name":{"title":"Monsieur","first":"Maximilian","last":"Martin"},"location":{"street":{"number":9322,"name":"Rue Gasparin"},"city":"Erlach","state":"Schwyz","country":"Switzerland","postcode":7649,"coordinates":{"latitude":"-56.4111","longitude":"-148.5597"},"timezone":{"offset":"+9:00","description":"Tokyo, Seoul, Osaka, Sapporo, Yakutsk"}},"email":"maximilian.martin@example.com","login":{"uuid":"aaeee4a6-3a21-4ed9-9bc5-eb54b5463302","username":"silverfrog897","password":"queens","salt":"nQjf61Kg","md5":"130894d3f614c63687dada36a0fb3adb","sha1":"e97ce77f78fcf0929287f41273e05543489eb271","sha256":"f342e6eb814836648e1938e8722ef3c748bd3a9e5f14cb56cb605105dc7a1613"},"dob":{"date":"1984-12-24T02:00:35.693Z","age":39},"registered":{"date":"2009-07-01T00:28:03.453Z","age":14},"phone":"076 332 20 14","cell":"077 425 06 04","id":{"name":"AVS","value":"756.3671.1961.99"},"picture":{"large":"https://randomuser.me/api/portraits/men/28.jpg","medium":"https://randomuser.me/api/portraits/med/men/28.jpg","thumbnail":"https://randomuser.me/api/portraits/thumb/men/28.jpg"},"nat":"CH"}],"info":{"seed":"409973615fa16159","results":1,"page":1,"version":"1.4"}} 
 </msg>
<msg time="2024-05-09T17:12:46.990926" level="INFO">/opt/hostedtoolcache/Python/3.12.3/x64/lib/python3.12/site-packages/urllib3/connectionpool.py:1103: InsecureRequestWarning: Unverified HTTPS request is being made to host 'randomuser.me'. Adding certificate verification is strongly advised. See: https://urllib3.readthedocs.io/en/latest/advanced-usage.html#tls-warnings
  warnings.warn(</msg>
<msg time="2024-05-09T17:12:46.991073" level="INFO">${response} = &lt;Response [200]&gt;</msg>
<var>${response}</var>
<arg>consultarAPI</arg>
<arg>/api</arg>
<doc>Sends a GET request on a previously created HTTP Session.</doc>
<status status="PASS" start="2024-05-09T17:12:46.904703" elapsed="0.086418"/>
</kw>
<kw name="Set Variable" owner="BuiltIn">
<msg time="2024-05-09T17:12:46.992337" level="INFO">${json_data} = {'results': [{'gender': 'male', 'name': {'title': 'Monsieur', 'first': 'Maximilian', 'last': 'Martin'}, 'location': {'street': {'number': 9322, 'name': 'Rue Gasparin'}, 'city': 'Erlach', 'state': 'Sch...</msg>
<var>${json_data}</var>
<arg>${response.json()}</arg>
<doc>Returns the given values which can then be assigned to a variables.</doc>
<status status="PASS" start="2024-05-09T17:12:46.991733" elapsed="0.000632"/>
</kw>
<kw name="Log" owner="BuiltIn">
<msg time="2024-05-09T17:12:46.992848" level="INFO">{'results': [{'gender': 'male', 'name': {'title': 'Monsieur', 'first': 'Maximilian', 'last': 'Martin'}, 'location': {'street': {'number': 9322, 'name': 'Rue Gasparin'}, 'city': 'Erlach', 'state': 'Schwyz', 'country': 'Switzerland', 'postcode': 7649, 'coordinates': {'latitude': '-56.4111', 'longitude': '-148.5597'}, 'timezone': {'offset': '+9:00', 'description': 'Tokyo, Seoul, Osaka, Sapporo, Yakutsk'}}, 'email': 'maximilian.martin@example.com', 'login': {'uuid': 'aaeee4a6-3a21-4ed9-9bc5-eb54b5463302', 'username': 'silverfrog897', 'password': 'queens', 'salt': 'nQjf61Kg', 'md5': '130894d3f614c63687dada36a0fb3adb', 'sha1': 'e97ce77f78fcf0929287f41273e05543489eb271', 'sha256': 'f342e6eb814836648e1938e8722ef3c748bd3a9e5f14cb56cb605105dc7a1613'}, 'dob': {'date': '1984-12-24T02:00:35.693Z', 'age': 39}, 'registered': {'date': '2009-07-01T00:28:03.453Z', 'age': 14}, 'phone': '076 332 20 14', 'cell': '077 425 06 04', 'id': {'name': 'AVS', 'value': '756.3671.1961.99'}, 'picture': {'large': 'https://randomuser.me/api/portraits/men/28.jpg', 'medium': 'https://randomuser.me/api/portraits/med/men/28.jpg', 'thumbnail': 'https://randomuser.me/api/portraits/thumb/men/28.jpg'}, 'nat': 'CH'}], 'info': {'seed': '409973615fa16159', 'results': 1, 'page': 1, 'version': '1.4'}}</msg>
<arg>${json_data}</arg>
<doc>Logs the given message with the given level.</doc>
<status status="PASS" start="2024-05-09T17:12:46.992695" elapsed="0.000240"/>
</kw>
<kw name="Should Be Equal As Numbers" owner="BuiltIn">
<arg>${json_data['results'][0]['location']['postcode']}</arg>
<arg>${json_data['results'][0]['location']['postcode']}</arg>
<doc>Fails if objects are unequal after converting them to real numbers.</doc>
<status status="PASS" start="2024-05-09T17:12:46.993413" elapsed="0.000690"/>
</kw>
<kw name="Log" owner="BuiltIn">
<msg time="2024-05-09T17:12:46.994639" level="INFO">7649</msg>
<arg>${json_data['results'][0]['location']['postcode']}</arg>
<doc>Logs the given message with the given level.</doc>
<status status="PASS" start="2024-05-09T17:12:46.994303" elapsed="0.000375"/>
</kw>
<status status="PASS" start="2024-05-09T17:12:46.904477" elapsed="0.090459"/>
</kw>
<doc>Testa se os tipos de dados na resposta da API estão corretos.</doc>
<tag>testeTiposDados</tag>
<status status="PASS" start="2024-05-09T17:12:46.831527" elapsed="0.163583"/>
</test>
<test id="s1-s1-t5" name="Validar conteudo" line="35">
<kw name="Teste de Tipos de Conteudo" owner="random-user-service">
<kw name="GET On Session" owner="RequestsLibrary">
<msg time="2024-05-09T17:12:47.091343" level="INFO">GET Request : url=https://randomuser.me/api 
 path_url=/api 
 headers={'User-Agent': 'python-requests/2.31.0', 'Accept-Encoding': 'gzip, deflate', 'Accept': '*/*', 'Connection': 'keep-alive'} 
 body=None 
 </msg>
<msg time="2024-05-09T17:12:47.091440" level="INFO">GET Response : url=https://randomuser.me/api 
 status=200, reason=OK 
 headers={'Date': 'Thu, 09 May 2024 17:12:47 GMT', 'Content-Type': 'application/json; charset=utf-8', 'Transfer-Encoding': 'chunked', 'Connection': 'keep-alive', 'X-Powered-By': 'Express', 'Access-Control-Allow-Origin': '*', 'Cache-Control': 'no-cache', 'ETag': 'W/"483-p8CvzNzjPLu2cTzuFAn2bA/L39c"', 'Vary': 'Accept-Encoding', 'Content-Encoding': 'gzip', 'CF-Cache-Status': 'DYNAMIC', 'Report-To': '{"endpoints":[{"url":"https:\\/\\/a.nel.cloudflare.com\\/report\\/v4?s=5uWNgIKgzgQ72%2BQsiXy34xsfhmO7M9iRITF3Q9lOXZNtflc9yMOO96S1kgw9UsycsMCM%2B8IfWoHkPM%2B0P1x0%2BoQ1VjbOweiSMGmpPGjn%2B5zQVl87YUXx2yl2c51ETqhr"}],"group":"cf-nel","max_age":604800}', 'NEL': '{"success_fraction":0,"report_to":"cf-nel","max_age":604800}', 'Server': 'cloudflare', 'CF-RAY': '881350fdbea60832-IAD', 'alt-svc': 'h3=":443"; ma=86400'} 
 body={"results":[{"gender":"male","name":{"title":"Mr","first":"Jesus","last":"Campbell"},"location":{"street":{"number":6248,"name":"The Drive"},"city":"Carlow","state":"Meath","country":"Ireland","postcode":52256,"coordinates":{"latitude":"2.2395","longitude":"-19.0953"},"timezone":{"offset":"+10:00","description":"Eastern Australia, Guam, Vladivostok"}},"email":"jesus.campbell@example.com","login":{"uuid":"81f9d2a7-f8d5-4aa5-875b-56491865c934","username":"greenpanda385","password":"ingrid","salt":"7H1uPOvr","md5":"359722a4a602030fc44270b54e199d1c","sha1":"912bb8cd7173c00fec052be14900743456c30b33","sha256":"04cea3ab5e05f35c3698b542a487483c7bb6a9254ee4599d39a9b207769c7d3e"},"dob":{"date":"1966-02-05T09:30:36.713Z","age":58},"registered":{"date":"2008-04-25T22:19:01.132Z","age":16},"phone":"011-533-7523","cell":"081-068-5427","id":{"name":"PPS","value":"6110700T"},"picture":{"large":"https://randomuser.me/api/portraits/men/59.jpg","medium":"https://randomuser.me/api/portraits/med/men/59.jpg","thumbnail":"https://randomuser.me/api/portraits/thumb/men/59.jpg"},"nat":"IE"}],"info":{"seed":"32c2ee2ec09cfcff","results":1,"page":1,"version":"1.4"}} 
 </msg>
<msg time="2024-05-09T17:12:47.091509" level="INFO">/opt/hostedtoolcache/Python/3.12.3/x64/lib/python3.12/site-packages/urllib3/connectionpool.py:1103: InsecureRequestWarning: Unverified HTTPS request is being made to host 'randomuser.me'. Adding certificate verification is strongly advised. See: https://urllib3.readthedocs.io/en/latest/advanced-usage.html#tls-warnings
  warnings.warn(</msg>
<msg time="2024-05-09T17:12:47.091629" level="INFO">${response} = &lt;Response [200]&gt;</msg>
<var>${response}</var>
<arg>consultarAPI</arg>
<arg>/api</arg>
<doc>Sends a GET request on a previously created HTTP Session.</doc>
<status status="PASS" start="2024-05-09T17:12:46.997620" elapsed="0.094049"/>
</kw>
<kw name="Set Variable" owner="BuiltIn">
<msg time="2024-05-09T17:12:47.092833" level="INFO">${json_data} = {'results': [{'gender': 'male', 'name': {'title': 'Mr', 'first': 'Jesus', 'last': 'Campbell'}, 'location': {'street': {'number': 6248, 'name': 'The Drive'}, 'city': 'Carlow', 'state': 'Meath', 'countr...</msg>
<var>${json_data}</var>
<arg>${response.json()}</arg>
<doc>Returns the given values which can then be assigned to a variables.</doc>
<status status="PASS" start="2024-05-09T17:12:47.092271" elapsed="0.000590"/>
</kw>
<kw name="Set Variable" owner="BuiltIn">
<msg time="2024-05-09T17:12:47.093557" level="INFO">${name_title} = Mr</msg>
<var>${name_title}</var>
<arg>${json_data["results"][0]["name"]["title"]}</arg>
<doc>Returns the given values which can then be assigned to a variables.</doc>
<status status="PASS" start="2024-05-09T17:12:47.093170" elapsed="0.000411"/>
</kw>
<kw name="Create List" owner="BuiltIn">
<msg time="2024-05-09T17:12:47.094066" level="INFO">${allowed_titles} = ['Mr', 'Ms', 'Miss', 'Mrs', 'Madame', 'Monsieur']</msg>
<var>${allowed_titles}</var>
<arg>Mr</arg>
<arg>Ms</arg>
<arg>Miss</arg>
<arg>Mrs</arg>
<arg>Madame</arg>
<arg>Monsieur</arg>
<doc>Returns a list containing given items.</doc>
<status status="PASS" start="2024-05-09T17:12:47.093875" elapsed="0.000215"/>
</kw>
<kw name="List Should Contain Value" owner="Collections">
<msg time="2024-05-09T17:12:47.094563" level="INFO">False</msg>
<arg>${allowed_titles}</arg>
<arg>${name_title}</arg>
<doc>Fails if the ``value`` is not found from ``list``.</doc>
<status status="PASS" start="2024-05-09T17:12:47.094391" elapsed="0.000208"/>
</kw>
<kw name="Set Variable" owner="BuiltIn">
<msg time="2024-05-09T17:12:47.095288" level="INFO">${name_country} = IE</msg>
<var>${name_country}</var>
<arg>${json_data["results"][0]["nat"]}</arg>
<doc>Returns the given values which can then be assigned to a variables.</doc>
<status status="PASS" start="2024-05-09T17:12:47.094911" elapsed="0.000401"/>
</kw>
<kw name="Create List" owner="BuiltIn">
<msg time="2024-05-09T17:12:47.096190" level="INFO">${list_country} = ['AD', 'AE', 'AF', 'AG', 'AI', 'AL', 'AM', 'AO', 'AQ', 'AR', 'AS', 'AT', 'AU', 'AW', 'AX', 'AZ', 'BA', 'BB', 'BD', 'BE', 'BF', 'BG', 'BH', 'BI', 'BJ', 'BL', 'BM', 'BN', 'BO', 'BQ', 'BR', 'BS', 'BT', '...</msg>
<var>${list_country}</var>
<arg>AD</arg>
<arg>AE</arg>
<arg>AF</arg>
<arg>AG</arg>
<arg>AI</arg>
<arg>AL</arg>
<arg>AM</arg>
<arg>AO</arg>
<arg>AQ</arg>
<arg>AR</arg>
<arg>AS</arg>
<arg>AT</arg>
<arg>AU</arg>
<arg>AW</arg>
<arg>AX</arg>
<arg>AZ</arg>
<arg>BA</arg>
<arg>BB</arg>
<arg>BD</arg>
<arg>BE</arg>
<arg>BF</arg>
<arg>BG</arg>
<arg>BH</arg>
<arg>BI</arg>
<arg>BJ</arg>
<arg>BL</arg>
<arg>BM</arg>
<arg>BN</arg>
<arg>BO</arg>
<arg>BQ</arg>
<arg>BR</arg>
<arg>BS</arg>
<arg>BT</arg>
<arg>BV</arg>
<arg>BW</arg>
<arg>BY</arg>
<arg>BZ</arg>
<arg>CA</arg>
<arg>CC</arg>
<arg>CD</arg>
<arg>CF</arg>
<arg>CG</arg>
<arg>CH</arg>
<arg>CI</arg>
<arg>CK</arg>
<arg>CL</arg>
<arg>CM</arg>
<arg>CN</arg>
<arg>CO</arg>
<arg>CR</arg>
<arg>CU</arg>
<arg>CV</arg>
<arg>CW</arg>
<arg>CX</arg>
<arg>CY</arg>
<arg>CZ</arg>
<arg>DE</arg>
<arg>DJ</arg>
<arg>DK</arg>
<arg>DM</arg>
<arg>DO</arg>
<arg>DZ</arg>
<arg>EC</arg>
<arg>EE</arg>
<arg>EG</arg>
<arg>EH</arg>
<arg>ER</arg>
<arg>ES</arg>
<arg>ET</arg>
<arg>FI</arg>
<arg>FJ</arg>
<arg>FK</arg>
<arg>FM</arg>
<arg>FO</arg>
<arg>FR</arg>
<arg>GA</arg>
<arg>GB</arg>
<arg>GD</arg>
<arg>GE</arg>
<arg>GF</arg>
<arg>GG</arg>
<arg>GH</arg>
<arg>GI</arg>
<arg>GL</arg>
<arg>GM</arg>
<arg>GN</arg>
<arg>GP</arg>
<arg>GQ</arg>
<arg>GR</arg>
<arg>GS</arg>
<arg>GT</arg>
<arg>GU</arg>
<arg>GW</arg>
<arg>GY</arg>
<arg>HK</arg>
<arg>HM</arg>
<arg>HN</arg>
<arg>HR</arg>
<arg>HT</arg>
<arg>HU</arg>
<arg>ID</arg>
<arg>IE</arg>
<arg>IL</arg>
<arg>IM</arg>
<arg>IN</arg>
<arg>IO</arg>
<arg>IQ</arg>
<arg>IR</arg>
<arg>IS</arg>
<arg>IT</arg>
<arg>JE</arg>
<arg>JM</arg>
<arg>JO</arg>
<arg>JP</arg>
<arg>KE</arg>
<arg>KG</arg>
<arg>KH</arg>
<arg>KI</arg>
<arg>KM</arg>
<arg>KN</arg>
<arg>KP</arg>
<arg>KR</arg>
<arg>KW</arg>
<arg>KY</arg>
<arg>KZ</arg>
<arg>LA</arg>
<arg>LB</arg>
<arg>LC</arg>
<arg>LI</arg>
<arg>LK</arg>
<arg>LR</arg>
<arg>LS</arg>
<arg>LT</arg>
<arg>LU</arg>
<arg>LV</arg>
<arg>LY</arg>
<arg>MA</arg>
<arg>MC</arg>
<arg>MD</arg>
<arg>ME</arg>
<arg>MF</arg>
<arg>MG</arg>
<arg>MH</arg>
<arg>MK</arg>
<arg>ML</arg>
<arg>MM</arg>
<arg>MN</arg>
<arg>MO</arg>
<arg>MP</arg>
<arg>MQ</arg>
<arg>MR</arg>
<arg>MS</arg>
<arg>MT</arg>
<arg>MU</arg>
<arg>MV</arg>
<arg>MW</arg>
<arg>MX</arg>
<arg>MY</arg>
<arg>MZ</arg>
<arg>NA</arg>
<arg>NC</arg>
<arg>NE</arg>
<arg>NF</arg>
<arg>NG</arg>
<arg>NI</arg>
<arg>NL</arg>
<arg>NO</arg>
<arg>NP</arg>
<arg>NR</arg>
<arg>NU</arg>
<arg>NZ</arg>
<arg>OM</arg>
<arg>PA</arg>
<arg>PE</arg>
<arg>PF</arg>
<arg>PG</arg>
<arg>PH</arg>
<arg>PK</arg>
<arg>PL</arg>
<arg>PM</arg>
<arg>PN</arg>
<arg>PR</arg>
<arg>PS</arg>
<arg>PT</arg>
<arg>PW</arg>
<arg>PY</arg>
<arg>QA</arg>
<arg>RE</arg>
<arg>RO</arg>
<arg>RS</arg>
<arg>RU</arg>
<arg>RW</arg>
<arg>SA</arg>
<arg>SB</arg>
<arg>SC</arg>
<arg>SD</arg>
<arg>SE</arg>
<arg>SG</arg>
<arg>SH</arg>
<arg>SI</arg>
<arg>SJ</arg>
<arg>SK</arg>
<arg>SL</arg>
<arg>SM</arg>
<arg>SN</arg>
<arg>SO</arg>
<arg>SR</arg>
<arg>SS</arg>
<arg>ST</arg>
<arg>SV</arg>
<arg>SX</arg>
<arg>SY</arg>
<arg>SZ</arg>
<arg>TC</arg>
<arg>TD</arg>
<arg>TF</arg>
<arg>TG</arg>
<arg>TH</arg>
<arg>TJ</arg>
<arg>TK</arg>
<arg>TL</arg>
<arg>TM</arg>
<arg>TN</arg>
<arg>TO</arg>
<arg>TR</arg>
<arg>TT</arg>
<arg>TV</arg>
<arg>TW</arg>
<arg>TZ</arg>
<arg>UA</arg>
<arg>UG</arg>
<arg>UM</arg>
<arg>US</arg>
<arg>UY</arg>
<arg>UZ</arg>
<arg>VA</arg>
<arg>VC</arg>
<arg>VE</arg>
<arg>VG</arg>
<arg>VI</arg>
<arg>VN</arg>
<arg>VU</arg>
<arg>WF</arg>
<arg>WS</arg>
<arg>XK</arg>
<arg>YE</arg>
<arg>YT</arg>
<arg>ZA</arg>
<arg>ZM</arg>
<arg>ZW</arg>
<doc>Returns a list containing given items.</doc>
<status status="PASS" start="2024-05-09T17:12:47.095608" elapsed="0.000607"/>
</kw>
<kw name="List Should Contain Value" owner="Collections">
<msg time="2024-05-09T17:12:47.097204" level="INFO">False</msg>
<arg>${list_country}</arg>
<arg>${name_country}</arg>
<doc>Fails if the ``value`` is not found from ``list``.</doc>
<status status="PASS" start="2024-05-09T17:12:47.097006" elapsed="0.000234"/>
</kw>
<kw name="Run Keyword If" owner="BuiltIn">
<kw name="Should Be True" owner="BuiltIn">
<arg>${True}</arg>
<doc>Fails if the given condition is not true.</doc>
<status status="PASS" start="2024-05-09T17:12:47.098350" elapsed="0.000262"/>
</kw>
<arg>${json_data["results"][0]["location"]["coordinates"]["latitude"]} &gt;= -90 and ${json_data["results"][0]["location"]["coordinates"]["latitude"]} &lt;= 90</arg>
<arg>Should Be True</arg>
<arg>${True}</arg>
<doc>Runs the given keyword with the given arguments, if ``condition`` is true.</doc>
<status status="PASS" start="2024-05-09T17:12:47.097551" elapsed="0.001193"/>
</kw>
<kw name="Run Keyword If" owner="BuiltIn">
<kw name="Should Be True" owner="BuiltIn">
<arg>${True}</arg>
<doc>Fails if the given condition is not true.</doc>
<status status="PASS" start="2024-05-09T17:12:47.099636" elapsed="0.000137"/>
</kw>
<arg>${json_data["results"][0]["location"]["coordinates"]["longitude"]} &gt;= -180 and ${json_data["results"][0]["location"]["coordinates"]["longitude"]} &lt;= 180</arg>
<arg>Should Be True</arg>
<arg>${True}</arg>
<doc>Runs the given keyword with the given arguments, if ``condition`` is true.</doc>
<status status="PASS" start="2024-05-09T17:12:47.098930" elapsed="0.000965"/>
</kw>
<status status="PASS" start="2024-05-09T17:12:46.997395" elapsed="0.102630"/>
</kw>
<doc>Testa o conteúdo específico dos campos retornados pela API.</doc>
<tag>testeConteudo</tag>
<status status="PASS" start="2024-05-09T17:12:46.996854" elapsed="0.103331"/>
</test>
<status status="PASS" start="2024-05-09T17:12:46.105800" elapsed="0.996423"/>
</suite>
<status status="PASS" start="2024-05-09T17:12:46.091342" elapsed="1.016270"/>
</suite>
<statistics>
<total>
<stat pass="5" fail="0" skip="0">All Tests</stat>
</total>
<tag>
<stat pass="1" fail="0" skip="0">testeConteudo</stat>
<stat pass="1" fail="0" skip="0">testeEstruturaResposta</stat>
<stat pass="1" fail="0" skip="0">testeRequisicaoBasica</stat>
<stat pass="1" fail="0" skip="0">testeTiposDados</stat>
</tag>
<suite>
<stat pass="5" fail="0" skip="0" id="s1" name="Tests">Tests</stat>
<stat pass="5" fail="0" skip="0" id="s1-s1" name="Random-User-Test">Tests.Random-User-Test</stat>
</suite>
</statistics>
<errors>
</errors>
</robot>
