<?xml version="1.0" encoding="UTF-8"?>
<robot generator="Robot 7.0 (Python 3.12.3 on linux)" generated="2024-06-02T12:25:30.302033" rpa="false" schemaversion="5">
<suite id="s1" name="Tests" source="/home/runner/work/ApiRandomUser/ApiRandomUser/RamdonUser/tests">
<suite id="s1-s1" name="Random-User-Test" source="/home/runner/work/ApiRandomUser/ApiRandomUser/RamdonUser/tests/random-user-test.robot">
<test id="s1-s1-t1" name="Conectar" line="13">
<kw name="Conectar API" owner="random-user-service">
<kw name="Create Session" owner="RequestsLibrary">
<msg time="2024-06-02T12:25:30.697846" level="INFO">Creating Session using : alias=consultarAPI, url=https://randomuser.me/, headers={},                     cookies={}, auth=None, timeout=None, proxies=None, verify=False,                     debug=0 </msg>
<arg>consultarAPI</arg>
<arg>${URL}</arg>
<doc>Create Session: create a HTTP session to a server</doc>
<status status="PASS" start="2024-06-02T12:25:30.697639" elapsed="0.000385"/>
</kw>
<status status="PASS" start="2024-06-02T12:25:30.696561" elapsed="0.001826"/>
</kw>
<status status="PASS" start="2024-06-02T12:25:30.696026" elapsed="0.002554"/>
</test>
<test id="s1-s1-t2" name="Validar retorno 200 e JSON Válido" line="16">
<kw name="Teste de Requisicao Basica" owner="random-user-service">
<kw name="GET On Session" owner="RequestsLibrary">
<msg time="2024-06-02T12:25:30.938112" level="INFO">GET Request : url=https://randomuser.me/api 
 path_url=/api 
 headers={'User-Agent': 'python-requests/2.32.3', 'Accept-Encoding': 'gzip, deflate', 'Accept': '*/*', 'Connection': 'keep-alive'} 
 body=None 
 </msg>
<msg time="2024-06-02T12:25:30.938262" level="INFO">GET Response : url=https://randomuser.me/api 
 status=200, reason=OK 
 headers={'Date': 'Sun, 02 Jun 2024 12:25:30 GMT', 'Content-Type': 'application/json; charset=utf-8', 'Transfer-Encoding': 'chunked', 'Connection': 'keep-alive', 'X-Powered-By': 'Express', 'Access-Control-Allow-Origin': '*', 'Cache-Control': 'no-cache', 'ETag': 'W/"4aa-lp2iubT46VSYvS2SokUH1vktoPY"', 'Vary': 'Accept-Encoding', 'Content-Encoding': 'gzip', 'CF-Cache-Status': 'DYNAMIC', 'Report-To': '{"endpoints":[{"url":"https:\\/\\/a.nel.cloudflare.com\\/report\\/v4?s=FRtSbjih7GTw9dQt25GCQBTTtitcYoD85xxL92OH%2BvvQoUvzL%2BzB2yz8M9FG%2Fk15RF4DKuLj%2BHZ0f%2FWc2Dw4NtKnnt%2BsbtmsQ7xrvSJerFMlURZ%2BuzoroLrbF4Htr2Hq"}],"group":"cf-nel","max_age":604800}', 'NEL': '{"success_fraction":0,"report_to":"cf-nel","max_age":604800}', 'Server': 'cloudflare', 'CF-RAY': '88d76d302c488250-IAD', 'alt-svc': 'h3=":443"; ma=86400'} 
 body={"results":[{"gender":"female","name":{"title":"Mrs","first":"Kerttu","last":"Kurtti"},"location":{"street":{"number":6924,"name":"Verkatehtaankatu"},"city":"Kiikoinen","state":"Kymenlaakso","country":"Finland","postcode":38732,"coordinates":{"latitude":"-24.3159","longitude":"148.6670"},"timezone":{"offset":"-6:00","description":"Central Time (US &amp; Canada), Mexico City"}},"email":"kerttu.kurtti@example.com","login":{"uuid":"7693bf43-5742-4c4f-9e96-6ecaf3430bb5","username":"happygorilla925","password":"mikemike","salt":"DqlVt9K4","md5":"abf85cd323ba56743cfbeba9c12650f0","sha1":"3f5d3fb136da40412f5ed6046134a0d5036a89f6","sha256":"f39c349872c4dfb17b8a39d1ec681c975e89b3dc552a5b5c6d4a91a9493b0c92"},"dob":{"date":"1988-08-24T12:35:47.003Z","age":35},"registered":{"date":"2015-03-22T21:08:45.141Z","age":9},"phone":"03-210-773","cell":"048-472-57-86","id":{"name":"HETU","value":"NaNNA542undefined"},"picture":{"large":"https://randomuser.me/api/portraits/women/93.jpg","medium":"https://randomuser.me/api/portraits/med/women/93.jpg","thumbnail":"https://randomuser.me/api/portraits/thumb/women/93.jpg"},"nat":"FI"}],"info":{"seed":"e5e97e7b1ea5510f","results":1,"page":1,"version":"1.4"}} 
 </msg>
<msg time="2024-06-02T12:25:30.938344" level="INFO">/opt/hostedtoolcache/Python/3.12.3/x64/lib/python3.12/site-packages/urllib3/connectionpool.py:1103: InsecureRequestWarning: Unverified HTTPS request is being made to host 'randomuser.me'. Adding certificate verification is strongly advised. See: https://urllib3.readthedocs.io/en/latest/advanced-usage.html#tls-warnings
  warnings.warn(</msg>
<msg time="2024-06-02T12:25:30.938502" level="INFO">${response} = &lt;Response [200]&gt;</msg>
<var>${response}</var>
<arg>consultarAPI</arg>
<arg>/api</arg>
<doc>Sends a GET request on a previously created HTTP Session.</doc>
<status status="PASS" start="2024-06-02T12:25:30.701133" elapsed="0.237414"/>
</kw>
<kw name="Should Be Equal As Numbers" owner="BuiltIn">
<msg time="2024-06-02T12:25:30.939532" level="INFO">Argument types are:
&lt;class 'int'&gt;
&lt;class 'str'&gt;</msg>
<arg>${response.status_code}</arg>
<arg>200</arg>
<doc>Fails if objects are unequal after converting them to real numbers.</doc>
<status status="PASS" start="2024-06-02T12:25:30.939072" elapsed="0.000527"/>
</kw>
<kw name="Log" owner="BuiltIn">
<msg time="2024-06-02T12:25:30.940289" level="INFO">200</msg>
<arg>${response.status_code}</arg>
<doc>Logs the given message with the given level.</doc>
<status status="PASS" start="2024-06-02T12:25:30.939946" elapsed="0.000391"/>
</kw>
<kw name="Set Variable" owner="BuiltIn">
<msg time="2024-06-02T12:25:30.941080" level="INFO">${json_data} = {'results': [{'gender': 'female', 'name': {'title': 'Mrs', 'first': 'Kerttu', 'last': 'Kurtti'}, 'location': {'street': {'number': 6924, 'name': 'Verkatehtaankatu'}, 'city': 'Kiikoinen', 'state': 'Kym...</msg>
<var>${json_data}</var>
<arg>${response.json()}</arg>
<doc>Returns the given values which can then be assigned to a variables.</doc>
<status status="PASS" start="2024-06-02T12:25:30.940642" elapsed="0.000467"/>
</kw>
<kw name="Dictionary Should Contain Key" owner="Collections">
<msg time="2024-06-02T12:25:30.941636" level="INFO">False</msg>
<arg>${json_data}</arg>
<arg>results</arg>
<doc>Fails if ``key`` is not found from ``dictionary``.</doc>
<status status="PASS" start="2024-06-02T12:25:30.941448" elapsed="0.000386"/>
</kw>
<status status="PASS" start="2024-06-02T12:25:30.700892" elapsed="0.241212"/>
</kw>
<doc>Testa se a API responde corretamente e retorna um objeto JSON válido.</doc>
<tag>testeRequisicaoBasica</tag>
<status status="PASS" start="2024-06-02T12:25:30.700447" elapsed="0.241839"/>
</test>
<test id="s1-s1-t3" name="Validar estrutura de resposta" line="22">
<kw name="Teste de Estrutura de Resposta" owner="random-user-service">
<kw name="GET On Session" owner="RequestsLibrary">
<msg time="2024-06-02T12:25:31.036250" level="INFO">GET Request : url=https://randomuser.me/api 
 path_url=/api 
 headers={'User-Agent': 'python-requests/2.32.3', 'Accept-Encoding': 'gzip, deflate', 'Accept': '*/*', 'Connection': 'keep-alive'} 
 body=None 
 </msg>
<msg time="2024-06-02T12:25:31.036318" level="INFO">GET Response : url=https://randomuser.me/api 
 status=200, reason=OK 
 headers={'Date': 'Sun, 02 Jun 2024 12:25:31 GMT', 'Content-Type': 'application/json; charset=utf-8', 'Transfer-Encoding': 'chunked', 'Connection': 'keep-alive', 'X-Powered-By': 'Express', 'Access-Control-Allow-Origin': '*', 'Cache-Control': 'no-cache', 'ETag': 'W/"486-fMwaJl+DuKZdhVPTiR/V0JkPHRU"', 'Vary': 'Accept-Encoding', 'Content-Encoding': 'gzip', 'CF-Cache-Status': 'DYNAMIC', 'Report-To': '{"endpoints":[{"url":"https:\\/\\/a.nel.cloudflare.com\\/report\\/v4?s=aLL1v32aMqndklgj2AWkVbqV9tcMDEDprc8c%2FEvSew1XzJ2INGeGogAkpNqxPlk4nuNXyHoNNIw1cSnN889NK4HEdcYJL9Gofyt%2Fn%2BYsfXd69jW8VogYVgSy7RCjkuVE"}],"group":"cf-nel","max_age":604800}', 'NEL': '{"success_fraction":0,"report_to":"cf-nel","max_age":604800}', 'Server': 'cloudflare', 'CF-RAY': '88d76d306c908250-IAD', 'alt-svc': 'h3=":443"; ma=86400'} 
 body={"results":[{"gender":"male","name":{"title":"Mr","first":"Radiša","last":"Tadić"},"location":{"street":{"number":1461,"name":"Starog Kapetana"},"city":"Lučani","state":"Kosovo","country":"Serbia","postcode":61784,"coordinates":{"latitude":"59.1251","longitude":"-3.4009"},"timezone":{"offset":"+4:00","description":"Abu Dhabi, Muscat, Baku, Tbilisi"}},"email":"radisa.tadic@example.com","login":{"uuid":"aca2c729-81bb-4325-a71b-f04dd76aecbc","username":"bigpeacock996","password":"hyperion","salt":"HdURolv4","md5":"318cd8628bcd07a32a7d5be53e51d514","sha1":"5703a1c84b373478785be9de7df2351d0b7e3cf9","sha256":"046083dded370048af2b19e3cc277953cf00fbfa8f16691c237768ddf9b51bd1"},"dob":{"date":"1946-07-22T22:10:04.435Z","age":77},"registered":{"date":"2007-04-23T21:43:03.863Z","age":17},"phone":"034-4687-778","cell":"060-0303-362","id":{"name":"SID","value":"740230895"},"picture":{"large":"https://randomuser.me/api/portraits/men/87.jpg","medium":"https://randomuser.me/api/portraits/med/men/87.jpg","thumbnail":"https://randomuser.me/api/portraits/thumb/men/87.jpg"},"nat":"RS"}],"info":{"seed":"79e1ec4a9a8dca74","results":1,"page":1,"version":"1.4"}} 
 </msg>
<msg time="2024-06-02T12:25:31.036413" level="INFO">/opt/hostedtoolcache/Python/3.12.3/x64/lib/python3.12/site-packages/urllib3/connectionpool.py:1103: InsecureRequestWarning: Unverified HTTPS request is being made to host 'randomuser.me'. Adding certificate verification is strongly advised. See: https://urllib3.readthedocs.io/en/latest/advanced-usage.html#tls-warnings
  warnings.warn(</msg>
<msg time="2024-06-02T12:25:31.036504" level="INFO">${response} = &lt;Response [200]&gt;</msg>
<var>${response}</var>
<arg>consultarAPI</arg>
<arg>/api</arg>
<doc>Sends a GET request on a previously created HTTP Session.</doc>
<status status="PASS" start="2024-06-02T12:25:30.944844" elapsed="0.091692"/>
</kw>
<kw name="Set Variable" owner="BuiltIn">
<msg time="2024-06-02T12:25:31.037421" level="INFO">${json_data} = {'results': [{'gender': 'male', 'name': {'title': 'Mr', 'first': 'Radiša', 'last': 'Tadić'}, 'location': {'street': {'number': 1461, 'name': 'Starog Kapetana'}, 'city': 'Lučani', 'state': 'Kosovo', 'c...</msg>
<var>${json_data}</var>
<arg>${response.json()}</arg>
<doc>Returns the given values which can then be assigned to a variables.</doc>
<status status="PASS" start="2024-06-02T12:25:31.036921" elapsed="0.000546"/>
</kw>
<kw name="Log" owner="BuiltIn">
<msg time="2024-06-02T12:25:31.037952" level="INFO">{'results': [{'gender': 'male', 'name': {'title': 'Mr', 'first': 'Radiša', 'last': 'Tadić'}, 'location': {'street': {'number': 1461, 'name': 'Starog Kapetana'}, 'city': 'Lučani', 'state': 'Kosovo', 'country': 'Serbia', 'postcode': 61784, 'coordinates': {'latitude': '59.1251', 'longitude': '-3.4009'}, 'timezone': {'offset': '+4:00', 'description': 'Abu Dhabi, Muscat, Baku, Tbilisi'}}, 'email': 'radisa.tadic@example.com', 'login': {'uuid': 'aca2c729-81bb-4325-a71b-f04dd76aecbc', 'username': 'bigpeacock996', 'password': 'hyperion', 'salt': 'HdURolv4', 'md5': '318cd8628bcd07a32a7d5be53e51d514', 'sha1': '5703a1c84b373478785be9de7df2351d0b7e3cf9', 'sha256': '046083dded370048af2b19e3cc277953cf00fbfa8f16691c237768ddf9b51bd1'}, 'dob': {'date': '1946-07-22T22:10:04.435Z', 'age': 77}, 'registered': {'date': '2007-04-23T21:43:03.863Z', 'age': 17}, 'phone': '034-4687-778', 'cell': '060-0303-362', 'id': {'name': 'SID', 'value': '740230895'}, 'picture': {'large': 'https://randomuser.me/api/portraits/men/87.jpg', 'medium': 'https://randomuser.me/api/portraits/med/men/87.jpg', 'thumbnail': 'https://randomuser.me/api/portraits/thumb/men/87.jpg'}, 'nat': 'RS'}], 'info': {'seed': '79e1ec4a9a8dca74', 'results': 1, 'page': 1, 'version': '1.4'}}</msg>
<arg>${json_data}</arg>
<doc>Logs the given message with the given level.</doc>
<status status="PASS" start="2024-06-02T12:25:31.037791" elapsed="0.000212"/>
</kw>
<kw name="Dictionary Should Contain Key" owner="Collections">
<msg time="2024-06-02T12:25:31.038457" level="INFO">False</msg>
<arg>${json_data}</arg>
<arg>results</arg>
<doc>Fails if ``key`` is not found from ``dictionary``.</doc>
<status status="PASS" start="2024-06-02T12:25:31.038299" elapsed="0.000195"/>
</kw>
<kw name="Should Not Be Empty" owner="BuiltIn">
<msg time="2024-06-02T12:25:31.038924" level="INFO">Length is 2.</msg>
<arg>${json_data}</arg>
<doc>Verifies that the given item is not empty.</doc>
<status status="PASS" start="2024-06-02T12:25:31.038790" elapsed="0.000172"/>
</kw>
<kw name="Create List" owner="BuiltIn">
<msg time="2024-06-02T12:25:31.039402" level="INFO">${expected_keys} = ['gender', 'name', 'location', 'email', 'login']</msg>
<var>${expected_keys}</var>
<arg>gender</arg>
<arg>name</arg>
<arg>location</arg>
<arg>email</arg>
<arg>login</arg>
<doc>Returns a list containing given items.</doc>
<status status="PASS" start="2024-06-02T12:25:31.039253" elapsed="0.000173"/>
</kw>
<for flavor="IN">
<iter>
<kw name="Dictionary Should Contain Key" owner="Collections">
<msg time="2024-06-02T12:25:31.040401" level="INFO">False</msg>
<arg>${json_data['results'][0]}</arg>
<arg>${key}</arg>
<doc>Fails if ``key`` is not found from ``dictionary``.</doc>
<status status="PASS" start="2024-06-02T12:25:31.039994" elapsed="0.000453"/>
</kw>
<kw name="Log" owner="BuiltIn">
<msg time="2024-06-02T12:25:31.041118" level="INFO">{'gender': 'male', 'name': {'title': 'Mr', 'first': 'Radiša', 'last': 'Tadić'}, 'location': {'street': {'number': 1461, 'name': 'Starog Kapetana'}, 'city': 'Lučani', 'state': 'Kosovo', 'country': 'Serbia', 'postcode': 61784, 'coordinates': {'latitude': '59.1251', 'longitude': '-3.4009'}, 'timezone': {'offset': '+4:00', 'description': 'Abu Dhabi, Muscat, Baku, Tbilisi'}}, 'email': 'radisa.tadic@example.com', 'login': {'uuid': 'aca2c729-81bb-4325-a71b-f04dd76aecbc', 'username': 'bigpeacock996', 'password': 'hyperion', 'salt': 'HdURolv4', 'md5': '318cd8628bcd07a32a7d5be53e51d514', 'sha1': '5703a1c84b373478785be9de7df2351d0b7e3cf9', 'sha256': '046083dded370048af2b19e3cc277953cf00fbfa8f16691c237768ddf9b51bd1'}, 'dob': {'date': '1946-07-22T22:10:04.435Z', 'age': 77}, 'registered': {'date': '2007-04-23T21:43:03.863Z', 'age': 17}, 'phone': '034-4687-778', 'cell': '060-0303-362', 'id': {'name': 'SID', 'value': '740230895'}, 'picture': {'large': 'https://randomuser.me/api/portraits/men/87.jpg', 'medium': 'https://randomuser.me/api/portraits/med/men/87.jpg', 'thumbnail': 'https://randomuser.me/api/portraits/thumb/men/87.jpg'}, 'nat': 'RS'}</msg>
<arg>${json_data['results'][0]}</arg>
<doc>Logs the given message with the given level.</doc>
<status status="PASS" start="2024-06-02T12:25:31.040752" elapsed="0.000420"/>
</kw>
<kw name="Log" owner="BuiltIn">
<msg time="2024-06-02T12:25:31.041642" level="INFO">gender</msg>
<arg>${key}</arg>
<doc>Logs the given message with the given level.</doc>
<status status="PASS" start="2024-06-02T12:25:31.041508" elapsed="0.000172"/>
</kw>
<var name="${key}">gender</var>
<status status="PASS" start="2024-06-02T12:25:31.039869" elapsed="0.002028"/>
</iter>
<iter>
<kw name="Dictionary Should Contain Key" owner="Collections">
<msg time="2024-06-02T12:25:31.042581" level="INFO">False</msg>
<arg>${json_data['results'][0]}</arg>
<arg>${key}</arg>
<doc>Fails if ``key`` is not found from ``dictionary``.</doc>
<status status="PASS" start="2024-06-02T12:25:31.042198" elapsed="0.000420"/>
</kw>
<kw name="Log" owner="BuiltIn">
<msg time="2024-06-02T12:25:31.043304" level="INFO">{'gender': 'male', 'name': {'title': 'Mr', 'first': 'Radiša', 'last': 'Tadić'}, 'location': {'street': {'number': 1461, 'name': 'Starog Kapetana'}, 'city': 'Lučani', 'state': 'Kosovo', 'country': 'Serbia', 'postcode': 61784, 'coordinates': {'latitude': '59.1251', 'longitude': '-3.4009'}, 'timezone': {'offset': '+4:00', 'description': 'Abu Dhabi, Muscat, Baku, Tbilisi'}}, 'email': 'radisa.tadic@example.com', 'login': {'uuid': 'aca2c729-81bb-4325-a71b-f04dd76aecbc', 'username': 'bigpeacock996', 'password': 'hyperion', 'salt': 'HdURolv4', 'md5': '318cd8628bcd07a32a7d5be53e51d514', 'sha1': '5703a1c84b373478785be9de7df2351d0b7e3cf9', 'sha256': '046083dded370048af2b19e3cc277953cf00fbfa8f16691c237768ddf9b51bd1'}, 'dob': {'date': '1946-07-22T22:10:04.435Z', 'age': 77}, 'registered': {'date': '2007-04-23T21:43:03.863Z', 'age': 17}, 'phone': '034-4687-778', 'cell': '060-0303-362', 'id': {'name': 'SID', 'value': '740230895'}, 'picture': {'large': 'https://randomuser.me/api/portraits/men/87.jpg', 'medium': 'https://randomuser.me/api/portraits/med/men/87.jpg', 'thumbnail': 'https://randomuser.me/api/portraits/thumb/men/87.jpg'}, 'nat': 'RS'}</msg>
<arg>${json_data['results'][0]}</arg>
<doc>Logs the given message with the given level.</doc>
<status status="PASS" start="2024-06-02T12:25:31.042942" elapsed="0.000413"/>
</kw>
<kw name="Log" owner="BuiltIn">
<msg time="2024-06-02T12:25:31.043785" level="INFO">name</msg>
<arg>${key}</arg>
<doc>Logs the given message with the given level.</doc>
<status status="PASS" start="2024-06-02T12:25:31.043657" elapsed="0.000164"/>
</kw>
<var name="${key}">name</var>
<status status="PASS" start="2024-06-02T12:25:31.042083" elapsed="0.001959"/>
</iter>
<iter>
<kw name="Dictionary Should Contain Key" owner="Collections">
<msg time="2024-06-02T12:25:31.044709" level="INFO">False</msg>
<arg>${json_data['results'][0]}</arg>
<arg>${key}</arg>
<doc>Fails if ``key`` is not found from ``dictionary``.</doc>
<status status="PASS" start="2024-06-02T12:25:31.044328" elapsed="0.000419"/>
</kw>
<kw name="Log" owner="BuiltIn">
<msg time="2024-06-02T12:25:31.045451" level="INFO">{'gender': 'male', 'name': {'title': 'Mr', 'first': 'Radiša', 'last': 'Tadić'}, 'location': {'street': {'number': 1461, 'name': 'Starog Kapetana'}, 'city': 'Lučani', 'state': 'Kosovo', 'country': 'Serbia', 'postcode': 61784, 'coordinates': {'latitude': '59.1251', 'longitude': '-3.4009'}, 'timezone': {'offset': '+4:00', 'description': 'Abu Dhabi, Muscat, Baku, Tbilisi'}}, 'email': 'radisa.tadic@example.com', 'login': {'uuid': 'aca2c729-81bb-4325-a71b-f04dd76aecbc', 'username': 'bigpeacock996', 'password': 'hyperion', 'salt': 'HdURolv4', 'md5': '318cd8628bcd07a32a7d5be53e51d514', 'sha1': '5703a1c84b373478785be9de7df2351d0b7e3cf9', 'sha256': '046083dded370048af2b19e3cc277953cf00fbfa8f16691c237768ddf9b51bd1'}, 'dob': {'date': '1946-07-22T22:10:04.435Z', 'age': 77}, 'registered': {'date': '2007-04-23T21:43:03.863Z', 'age': 17}, 'phone': '034-4687-778', 'cell': '060-0303-362', 'id': {'name': 'SID', 'value': '740230895'}, 'picture': {'large': 'https://randomuser.me/api/portraits/men/87.jpg', 'medium': 'https://randomuser.me/api/portraits/med/men/87.jpg', 'thumbnail': 'https://randomuser.me/api/portraits/thumb/men/87.jpg'}, 'nat': 'RS'}</msg>
<arg>${json_data['results'][0]}</arg>
<doc>Logs the given message with the given level.</doc>
<status status="PASS" start="2024-06-02T12:25:31.045048" elapsed="0.000468"/>
</kw>
<kw name="Log" owner="BuiltIn">
<msg time="2024-06-02T12:25:31.045953" level="INFO">location</msg>
<arg>${key}</arg>
<doc>Logs the given message with the given level.</doc>
<status status="PASS" start="2024-06-02T12:25:31.045824" elapsed="0.000167"/>
</kw>
<var name="${key}">location</var>
<status status="PASS" start="2024-06-02T12:25:31.044217" elapsed="0.001988"/>
</iter>
<iter>
<kw name="Dictionary Should Contain Key" owner="Collections">
<msg time="2024-06-02T12:25:31.046970" level="INFO">False</msg>
<arg>${json_data['results'][0]}</arg>
<arg>${key}</arg>
<doc>Fails if ``key`` is not found from ``dictionary``.</doc>
<status status="PASS" start="2024-06-02T12:25:31.046489" elapsed="0.000519"/>
</kw>
<kw name="Log" owner="BuiltIn">
<msg time="2024-06-02T12:25:31.047664" level="INFO">{'gender': 'male', 'name': {'title': 'Mr', 'first': 'Radiša', 'last': 'Tadić'}, 'location': {'street': {'number': 1461, 'name': 'Starog Kapetana'}, 'city': 'Lučani', 'state': 'Kosovo', 'country': 'Serbia', 'postcode': 61784, 'coordinates': {'latitude': '59.1251', 'longitude': '-3.4009'}, 'timezone': {'offset': '+4:00', 'description': 'Abu Dhabi, Muscat, Baku, Tbilisi'}}, 'email': 'radisa.tadic@example.com', 'login': {'uuid': 'aca2c729-81bb-4325-a71b-f04dd76aecbc', 'username': 'bigpeacock996', 'password': 'hyperion', 'salt': 'HdURolv4', 'md5': '318cd8628bcd07a32a7d5be53e51d514', 'sha1': '5703a1c84b373478785be9de7df2351d0b7e3cf9', 'sha256': '046083dded370048af2b19e3cc277953cf00fbfa8f16691c237768ddf9b51bd1'}, 'dob': {'date': '1946-07-22T22:10:04.435Z', 'age': 77}, 'registered': {'date': '2007-04-23T21:43:03.863Z', 'age': 17}, 'phone': '034-4687-778', 'cell': '060-0303-362', 'id': {'name': 'SID', 'value': '740230895'}, 'picture': {'large': 'https://randomuser.me/api/portraits/men/87.jpg', 'medium': 'https://randomuser.me/api/portraits/med/men/87.jpg', 'thumbnail': 'https://randomuser.me/api/portraits/thumb/men/87.jpg'}, 'nat': 'RS'}</msg>
<arg>${json_data['results'][0]}</arg>
<doc>Logs the given message with the given level.</doc>
<status status="PASS" start="2024-06-02T12:25:31.047306" elapsed="0.000409"/>
</kw>
<kw name="Log" owner="BuiltIn">
<msg time="2024-06-02T12:25:31.048141" level="INFO">email</msg>
<arg>${key}</arg>
<doc>Logs the given message with the given level.</doc>
<status status="PASS" start="2024-06-02T12:25:31.048012" elapsed="0.000167"/>
</kw>
<var name="${key}">email</var>
<status status="PASS" start="2024-06-02T12:25:31.046378" elapsed="0.002015"/>
</iter>
<iter>
<kw name="Dictionary Should Contain Key" owner="Collections">
<msg time="2024-06-02T12:25:31.049057" level="INFO">False</msg>
<arg>${json_data['results'][0]}</arg>
<arg>${key}</arg>
<doc>Fails if ``key`` is not found from ``dictionary``.</doc>
<status status="PASS" start="2024-06-02T12:25:31.048676" elapsed="0.000418"/>
</kw>
<kw name="Log" owner="BuiltIn">
<msg time="2024-06-02T12:25:31.049777" level="INFO">{'gender': 'male', 'name': {'title': 'Mr', 'first': 'Radiša', 'last': 'Tadić'}, 'location': {'street': {'number': 1461, 'name': 'Starog Kapetana'}, 'city': 'Lučani', 'state': 'Kosovo', 'country': 'Serbia', 'postcode': 61784, 'coordinates': {'latitude': '59.1251', 'longitude': '-3.4009'}, 'timezone': {'offset': '+4:00', 'description': 'Abu Dhabi, Muscat, Baku, Tbilisi'}}, 'email': 'radisa.tadic@example.com', 'login': {'uuid': 'aca2c729-81bb-4325-a71b-f04dd76aecbc', 'username': 'bigpeacock996', 'password': 'hyperion', 'salt': 'HdURolv4', 'md5': '318cd8628bcd07a32a7d5be53e51d514', 'sha1': '5703a1c84b373478785be9de7df2351d0b7e3cf9', 'sha256': '046083dded370048af2b19e3cc277953cf00fbfa8f16691c237768ddf9b51bd1'}, 'dob': {'date': '1946-07-22T22:10:04.435Z', 'age': 77}, 'registered': {'date': '2007-04-23T21:43:03.863Z', 'age': 17}, 'phone': '034-4687-778', 'cell': '060-0303-362', 'id': {'name': 'SID', 'value': '740230895'}, 'picture': {'large': 'https://randomuser.me/api/portraits/men/87.jpg', 'medium': 'https://randomuser.me/api/portraits/med/men/87.jpg', 'thumbnail': 'https://randomuser.me/api/portraits/thumb/men/87.jpg'}, 'nat': 'RS'}</msg>
<arg>${json_data['results'][0]}</arg>
<doc>Logs the given message with the given level.</doc>
<status status="PASS" start="2024-06-02T12:25:31.049409" elapsed="0.000419"/>
</kw>
<kw name="Log" owner="BuiltIn">
<msg time="2024-06-02T12:25:31.050249" level="INFO">login</msg>
<arg>${key}</arg>
<doc>Logs the given message with the given level.</doc>
<status status="PASS" start="2024-06-02T12:25:31.050123" elapsed="0.000164"/>
</kw>
<var name="${key}">login</var>
<status status="PASS" start="2024-06-02T12:25:31.048566" elapsed="0.001936"/>
</iter>
<var>${key}</var>
<value>@{expected_keys}</value>
<status status="PASS" start="2024-06-02T12:25:31.039685" elapsed="0.010963"/>
</for>
<kw name="Create List" owner="BuiltIn">
<msg time="2024-06-02T12:25:31.050985" level="INFO">${expected_keysTwo} = ['username', 'password']</msg>
<var>${expected_keysTwo}</var>
<arg>username</arg>
<arg>password</arg>
<doc>Returns a list containing given items.</doc>
<status status="PASS" start="2024-06-02T12:25:31.050848" elapsed="0.000160"/>
</kw>
<for flavor="IN">
<iter>
<kw name="Dictionary Should Contain Key" owner="Collections">
<msg time="2024-06-02T12:25:31.051891" level="INFO">False</msg>
<arg>${json_data['results'][0]['login']}</arg>
<arg>${keyTwo}</arg>
<doc>Fails if ``key`` is not found from ``dictionary``.</doc>
<status status="PASS" start="2024-06-02T12:25:31.051509" elapsed="0.000419"/>
</kw>
<kw name="Dictionary Should Contain Key" owner="Collections">
<msg time="2024-06-02T12:25:31.052596" level="INFO">False</msg>
<arg>${json_data['results'][0]['login']}</arg>
<arg>${keyTwo}</arg>
<doc>Fails if ``key`` is not found from ``dictionary``.</doc>
<status status="PASS" start="2024-06-02T12:25:31.052223" elapsed="0.000411"/>
</kw>
<kw name="Log" owner="BuiltIn">
<msg time="2024-06-02T12:25:31.053055" level="INFO">username</msg>
<arg>${keyTwo}</arg>
<doc>Logs the given message with the given level.</doc>
<status status="PASS" start="2024-06-02T12:25:31.052928" elapsed="0.000165"/>
</kw>
<var name="${keyTwo}">username</var>
<status status="PASS" start="2024-06-02T12:25:31.051400" elapsed="0.001910"/>
</iter>
<iter>
<kw name="Dictionary Should Contain Key" owner="Collections">
<msg time="2024-06-02T12:25:31.054017" level="INFO">False</msg>
<arg>${json_data['results'][0]['login']}</arg>
<arg>${keyTwo}</arg>
<doc>Fails if ``key`` is not found from ``dictionary``.</doc>
<status status="PASS" start="2024-06-02T12:25:31.053635" elapsed="0.000418"/>
</kw>
<kw name="Dictionary Should Contain Key" owner="Collections">
<msg time="2024-06-02T12:25:31.054728" level="INFO">False</msg>
<arg>${json_data['results'][0]['login']}</arg>
<arg>${keyTwo}</arg>
<doc>Fails if ``key`` is not found from ``dictionary``.</doc>
<status status="PASS" start="2024-06-02T12:25:31.054349" elapsed="0.000417"/>
</kw>
<kw name="Log" owner="BuiltIn">
<msg time="2024-06-02T12:25:31.055186" level="INFO">password</msg>
<arg>${keyTwo}</arg>
<doc>Logs the given message with the given level.</doc>
<status status="PASS" start="2024-06-02T12:25:31.055059" elapsed="0.000164"/>
</kw>
<var name="${keyTwo}">password</var>
<status status="PASS" start="2024-06-02T12:25:31.053522" elapsed="0.001916"/>
</iter>
<var>${keyTwo}</var>
<value>@{expected_keysTwo}</value>
<status status="PASS" start="2024-06-02T12:25:31.051244" elapsed="0.004313"/>
</for>
<status status="PASS" start="2024-06-02T12:25:30.944605" elapsed="0.111093"/>
</kw>
<doc>Testa a estrutura da resposta da API.</doc>
<tag>testeEstruturaResposta</tag>
<status status="PASS" start="2024-06-02T12:25:30.944088" elapsed="0.111765"/>
</test>
<test id="s1-s1-t4" name="Validar tipos de dados" line="28">
<kw name="Teste de Tipos de Dados" owner="random-user-service">
<kw name="GET On Session" owner="RequestsLibrary">
<msg time="2024-06-02T12:25:31.136111" level="INFO">GET Request : url=https://randomuser.me/api 
 path_url=/api 
 headers={'User-Agent': 'python-requests/2.32.3', 'Accept-Encoding': 'gzip, deflate', 'Accept': '*/*', 'Connection': 'keep-alive'} 
 body=None 
 </msg>
<msg time="2024-06-02T12:25:31.136198" level="INFO">GET Response : url=https://randomuser.me/api 
 status=200, reason=OK 
 headers={'Date': 'Sun, 02 Jun 2024 12:25:31 GMT', 'Content-Type': 'application/json; charset=utf-8', 'Transfer-Encoding': 'chunked', 'Connection': 'keep-alive', 'X-Powered-By': 'Express', 'Access-Control-Allow-Origin': '*', 'Cache-Control': 'no-cache', 'ETag': 'W/"49b-KrOOKDn2n1kVMcJbC7OXDXKbc+s"', 'Vary': 'Accept-Encoding', 'Content-Encoding': 'gzip', 'CF-Cache-Status': 'DYNAMIC', 'Report-To': '{"endpoints":[{"url":"https:\\/\\/a.nel.cloudflare.com\\/report\\/v4?s=YRDkb7ndV7CcyrYHdXIG4DncEwoExeMPA6wcf4I8p50jTkwDfo%2BDb7SIJjEhp09Qy8iYIv6qh4SIwkwtdQkvAzeEbDMjf%2FNswnDquy2gQU%2BuzUjOUx77QRiNn3S5HWT3"}],"group":"cf-nel","max_age":604800}', 'NEL': '{"success_fraction":0,"report_to":"cf-nel","max_age":604800}', 'Server': 'cloudflare', 'CF-RAY': '88d76d312d618250-IAD', 'alt-svc': 'h3=":443"; ma=86400'} 
 body={"results":[{"gender":"female","name":{"title":"Ms","first":"Sayenna","last":"Vuijk"},"location":{"street":{"number":2251,"name":"Eikendijk"},"city":"Laren Gld","state":"Drenthe","country":"Netherlands","postcode":"4726 MR","coordinates":{"latitude":"30.4201","longitude":"18.0163"},"timezone":{"offset":"-6:00","description":"Central Time (US &amp; Canada), Mexico City"}},"email":"sayenna.vuijk@example.com","login":{"uuid":"dfb33770-f3bb-457e-b332-c76714db7d0b","username":"bluerabbit540","password":"chronic","salt":"oURtC5Cm","md5":"61303e836c23f5d0795843009fd6f492","sha1":"7a329791b14a7d10466b480500cce516dc17fd7c","sha256":"9e7e5db6691aa2e14fe97bbd479221bb400827b1252a246556f68ff4218faac4"},"dob":{"date":"1966-03-11T02:35:03.151Z","age":58},"registered":{"date":"2011-07-10T10:01:40.559Z","age":12},"phone":"(0505) 737201","cell":"(06) 33782886","id":{"name":"BSN","value":"97757300"},"picture":{"large":"https://randomuser.me/api/portraits/women/10.jpg","medium":"https://randomuser.me/api/portraits/med/women/10.jpg","thumbnail":"https://randomuser.me/api/portraits/thumb/women/10.jpg"},"nat":"NL"}],"info":{"seed":"694d525d0a0e5f06","results":1,"page":1,"version":"1.4"}} 
 </msg>
<msg time="2024-06-02T12:25:31.136272" level="INFO">/opt/hostedtoolcache/Python/3.12.3/x64/lib/python3.12/site-packages/urllib3/connectionpool.py:1103: InsecureRequestWarning: Unverified HTTPS request is being made to host 'randomuser.me'. Adding certificate verification is strongly advised. See: https://urllib3.readthedocs.io/en/latest/advanced-usage.html#tls-warnings
  warnings.warn(</msg>
<msg time="2024-06-02T12:25:31.136366" level="INFO">${response} = &lt;Response [200]&gt;</msg>
<var>${response}</var>
<arg>consultarAPI</arg>
<arg>/api</arg>
<doc>Sends a GET request on a previously created HTTP Session.</doc>
<status status="PASS" start="2024-06-02T12:25:31.058272" elapsed="0.078129"/>
</kw>
<kw name="Set Variable" owner="BuiltIn">
<msg time="2024-06-02T12:25:31.137280" level="INFO">${json_data} = {'results': [{'gender': 'female', 'name': {'title': 'Ms', 'first': 'Sayenna', 'last': 'Vuijk'}, 'location': {'street': {'number': 2251, 'name': 'Eikendijk'}, 'city': 'Laren Gld', 'state': 'Drenthe', '...</msg>
<var>${json_data}</var>
<arg>${response.json()}</arg>
<doc>Returns the given values which can then be assigned to a variables.</doc>
<status status="PASS" start="2024-06-02T12:25:31.136816" elapsed="0.000493"/>
</kw>
<kw name="Log" owner="BuiltIn">
<msg time="2024-06-02T12:25:31.137825" level="INFO">{'results': [{'gender': 'female', 'name': {'title': 'Ms', 'first': 'Sayenna', 'last': 'Vuijk'}, 'location': {'street': {'number': 2251, 'name': 'Eikendijk'}, 'city': 'Laren Gld', 'state': 'Drenthe', 'country': 'Netherlands', 'postcode': '4726 MR', 'coordinates': {'latitude': '30.4201', 'longitude': '18.0163'}, 'timezone': {'offset': '-6:00', 'description': 'Central Time (US &amp; Canada), Mexico City'}}, 'email': 'sayenna.vuijk@example.com', 'login': {'uuid': 'dfb33770-f3bb-457e-b332-c76714db7d0b', 'username': 'bluerabbit540', 'password': 'chronic', 'salt': 'oURtC5Cm', 'md5': '61303e836c23f5d0795843009fd6f492', 'sha1': '7a329791b14a7d10466b480500cce516dc17fd7c', 'sha256': '9e7e5db6691aa2e14fe97bbd479221bb400827b1252a246556f68ff4218faac4'}, 'dob': {'date': '1966-03-11T02:35:03.151Z', 'age': 58}, 'registered': {'date': '2011-07-10T10:01:40.559Z', 'age': 12}, 'phone': '(0505) 737201', 'cell': '(06) 33782886', 'id': {'name': 'BSN', 'value': '97757300'}, 'picture': {'large': 'https://randomuser.me/api/portraits/women/10.jpg', 'medium': 'https://randomuser.me/api/portraits/med/women/10.jpg', 'thumbnail': 'https://randomuser.me/api/portraits/thumb/women/10.jpg'}, 'nat': 'NL'}], 'info': {'seed': '694d525d0a0e5f06', 'results': 1, 'page': 1, 'version': '1.4'}}</msg>
<arg>${json_data}</arg>
<doc>Logs the given message with the given level.</doc>
<status status="PASS" start="2024-06-02T12:25:31.137671" elapsed="0.000236"/>
</kw>
<kw name="Should Be String" owner="String">
<arg>${json_data['results'][0]['gender']}</arg>
<doc>Fails if the given ``item`` is not a string.</doc>
<status status="PASS" start="2024-06-02T12:25:31.138210" elapsed="0.000366"/>
</kw>
<kw name="Should Match Regexp" owner="BuiltIn">
<arg>${json_data['results'][0]['email']}</arg>
<arg>^[a-zA-Z0-9._%+-]+@[a-zA-Z0-9.-]+\.[a-zA-Z]{2,}$</arg>
<doc>Fails if ``string`` does not match ``pattern`` as a regular expression.</doc>
<status status="PASS" start="2024-06-02T12:25:31.138769" elapsed="0.000636"/>
</kw>
<kw name="Should Match Regexp" owner="BuiltIn">
<arg>${json_data['results'][0]['dob']['date']}</arg>
<arg>\\d{4}-\\d{2}-\\d{2}T\\d{2}:\\d{2}:\\d{2}\\.\\d{3}Z</arg>
<doc>Fails if ``string`` does not match ``pattern`` as a regular expression.</doc>
<status status="PASS" start="2024-06-02T12:25:31.139604" elapsed="0.000482"/>
</kw>
<kw name="Should Match Regexp" owner="BuiltIn">
<arg>${json_data['results'][0]['registered']['date']}</arg>
<arg>\\d{4}-\\d{2}-\\d{2}T\\d{2}:\\d{2}:\\d{2}\\.\\d{3}Z</arg>
<doc>Fails if ``string`` does not match ``pattern`` as a regular expression.</doc>
<status status="PASS" start="2024-06-02T12:25:31.140281" elapsed="0.000363"/>
</kw>
<kw name="Should Match Regexp" owner="BuiltIn">
<arg>${json_data['results'][0]['picture']['large']}</arg>
<arg>^https?://.*\.(?:png|jpe?g|gif|bmp)$</arg>
<doc>Fails if ``string`` does not match ``pattern`` as a regular expression.</doc>
<status status="PASS" start="2024-06-02T12:25:31.140831" elapsed="0.000455"/>
</kw>
<kw name="Should Match Regexp" owner="BuiltIn">
<arg>${json_data['results'][0]['picture']['medium']}</arg>
<arg>^https?://.*\.(?:png|jpe?g|gif|bmp)$</arg>
<doc>Fails if ``string`` does not match ``pattern`` as a regular expression.</doc>
<status status="PASS" start="2024-06-02T12:25:31.141509" elapsed="0.000352"/>
</kw>
<kw name="Should Match Regexp" owner="BuiltIn">
<arg>${json_data['results'][0]['picture']['thumbnail']}</arg>
<arg>^https?://.*\.(?:png|jpe?g|gif|bmp)$</arg>
<doc>Fails if ``string`` does not match ``pattern`` as a regular expression.</doc>
<status status="PASS" start="2024-06-02T12:25:31.142049" elapsed="0.000347"/>
</kw>
<kw name="Log" owner="BuiltIn">
<msg time="2024-06-02T12:25:31.142898" level="INFO">{'large': 'https://randomuser.me/api/portraits/women/10.jpg', 'medium': 'https://randomuser.me/api/portraits/med/women/10.jpg', 'thumbnail': 'https://randomuser.me/api/portraits/thumb/women/10.jpg'}</msg>
<arg>${json_data['results'][0]['picture']}</arg>
<doc>Logs the given message with the given level.</doc>
<status status="PASS" start="2024-06-02T12:25:31.142577" elapsed="0.000362"/>
</kw>
<status status="PASS" start="2024-06-02T12:25:31.058043" elapsed="0.085152"/>
</kw>
<kw name="Teste de Tipos de Dados - Postcode" owner="random-user-service">
<kw name="GET On Session" owner="RequestsLibrary">
<msg time="2024-06-02T12:25:31.231443" level="INFO">GET Request : url=https://randomuser.me/api 
 path_url=/api 
 headers={'User-Agent': 'python-requests/2.32.3', 'Accept-Encoding': 'gzip, deflate', 'Accept': '*/*', 'Connection': 'keep-alive'} 
 body=None 
 </msg>
<msg time="2024-06-02T12:25:31.231533" level="INFO">GET Response : url=https://randomuser.me/api 
 status=200, reason=OK 
 headers={'Date': 'Sun, 02 Jun 2024 12:25:31 GMT', 'Content-Type': 'application/json; charset=utf-8', 'Transfer-Encoding': 'chunked', 'Connection': 'keep-alive', 'X-Powered-By': 'Express', 'Access-Control-Allow-Origin': '*', 'Cache-Control': 'no-cache', 'ETag': 'W/"473-7vBYMq/dZu0Xns1HkX+zzfr+yBQ"', 'Vary': 'Accept-Encoding', 'Content-Encoding': 'gzip', 'CF-Cache-Status': 'DYNAMIC', 'Report-To': '{"endpoints":[{"url":"https:\\/\\/a.nel.cloudflare.com\\/report\\/v4?s=MJOk%2FSySMfoDSwxg9JKtLJmdZguTTdiMSkScsRhSWr29M9QQFHizvppvIvA9yulQyQXjrhGzHA1dcFR7CiVOUmzHzQIddo9qf4NONRvXA7195Z46GkYQlNXJq11qbNh3"}],"group":"cf-nel","max_age":604800}', 'NEL': '{"success_fraction":0,"report_to":"cf-nel","max_age":604800}', 'Server': 'cloudflare', 'CF-RAY': '88d76d31ade38250-IAD', 'alt-svc': 'h3=":443"; ma=86400'} 
 body={"results":[{"gender":"female","name":{"title":"Ms","first":"آنیتا","last":"كامياران"},"location":{"street":{"number":6464,"name":"خرمشهر"},"city":"ملارد","state":"اصفهان","country":"Iran","postcode":39938,"coordinates":{"latitude":"14.3251","longitude":"2.5908"},"timezone":{"offset":"+3:30","description":"Tehran"}},"email":"anyt.kmyrn@example.com","login":{"uuid":"08e9a3c1-5805-4a4f-8384-f2ad1a0711c9","username":"crazyzebra242","password":"linkin","salt":"GbtQs0to","md5":"13befccaf1b4bd0ef85bd255b3dee76a","sha1":"12b2998df676874b529aa35c98e0f3444d8e481b","sha256":"607a4dccf5886ca46d7b4ef63a2b7a4d25644c2cc91f6658ce4a969fabf2073f"},"dob":{"date":"1983-03-03T01:34:46.754Z","age":41},"registered":{"date":"2019-06-23T17:37:18.711Z","age":4},"phone":"060-40076498","cell":"0926-395-4588","id":{"name":"","value":null},"picture":{"large":"https://randomuser.me/api/portraits/women/8.jpg","medium":"https://randomuser.me/api/portraits/med/women/8.jpg","thumbnail":"https://randomuser.me/api/portraits/thumb/women/8.jpg"},"nat":"IR"}],"info":{"seed":"c88e9fd2455ba994","results":1,"page":1,"version":"1.4"}} 
 </msg>
<msg time="2024-06-02T12:25:31.231597" level="INFO">/opt/hostedtoolcache/Python/3.12.3/x64/lib/python3.12/site-packages/urllib3/connectionpool.py:1103: InsecureRequestWarning: Unverified HTTPS request is being made to host 'randomuser.me'. Adding certificate verification is strongly advised. See: https://urllib3.readthedocs.io/en/latest/advanced-usage.html#tls-warnings
  warnings.warn(</msg>
<msg time="2024-06-02T12:25:31.231697" level="INFO">${response} = &lt;Response [200]&gt;</msg>
<var>${response}</var>
<arg>consultarAPI</arg>
<arg>/api</arg>
<doc>Sends a GET request on a previously created HTTP Session.</doc>
<status status="PASS" start="2024-06-02T12:25:31.143637" elapsed="0.088091"/>
</kw>
<kw name="Set Variable" owner="BuiltIn">
<msg time="2024-06-02T12:25:31.232679" level="INFO">${json_data} = {'results': [{'gender': 'female', 'name': {'title': 'Ms', 'first': 'آنیتا', 'last': 'كامياران'}, 'location': {'street': {'number': 6464, 'name': 'خرمشهر'}, 'city': 'ملارد', 'state': 'اصفهان', 'country...</msg>
<var>${json_data}</var>
<arg>${response.json()}</arg>
<doc>Returns the given values which can then be assigned to a variables.</doc>
<status status="PASS" start="2024-06-02T12:25:31.232181" elapsed="0.000528"/>
</kw>
<kw name="Log" owner="BuiltIn">
<msg time="2024-06-02T12:25:31.233178" level="INFO">{'results': [{'gender': 'female', 'name': {'title': 'Ms', 'first': 'آنیتا', 'last': 'كامياران'}, 'location': {'street': {'number': 6464, 'name': 'خرمشهر'}, 'city': 'ملارد', 'state': 'اصفهان', 'country': 'Iran', 'postcode': 39938, 'coordinates': {'latitude': '14.3251', 'longitude': '2.5908'}, 'timezone': {'offset': '+3:30', 'description': 'Tehran'}}, 'email': 'anyt.kmyrn@example.com', 'login': {'uuid': '08e9a3c1-5805-4a4f-8384-f2ad1a0711c9', 'username': 'crazyzebra242', 'password': 'linkin', 'salt': 'GbtQs0to', 'md5': '13befccaf1b4bd0ef85bd255b3dee76a', 'sha1': '12b2998df676874b529aa35c98e0f3444d8e481b', 'sha256': '607a4dccf5886ca46d7b4ef63a2b7a4d25644c2cc91f6658ce4a969fabf2073f'}, 'dob': {'date': '1983-03-03T01:34:46.754Z', 'age': 41}, 'registered': {'date': '2019-06-23T17:37:18.711Z', 'age': 4}, 'phone': '060-40076498', 'cell': '0926-395-4588', 'id': {'name': '', 'value': None}, 'picture': {'large': 'https://randomuser.me/api/portraits/women/8.jpg', 'medium': 'https://randomuser.me/api/portraits/med/women/8.jpg', 'thumbnail': 'https://randomuser.me/api/portraits/thumb/women/8.jpg'}, 'nat': 'IR'}], 'info': {'seed': 'c88e9fd2455ba994', 'results': 1, 'page': 1, 'version': '1.4'}}</msg>
<arg>${json_data}</arg>
<doc>Logs the given message with the given level.</doc>
<status status="PASS" start="2024-06-02T12:25:31.233019" elapsed="0.000243"/>
</kw>
<kw name="Should Be Equal As Numbers" owner="BuiltIn">
<arg>${json_data['results'][0]['location']['postcode']}</arg>
<arg>${json_data['results'][0]['location']['postcode']}</arg>
<doc>Fails if objects are unequal after converting them to real numbers.</doc>
<status status="PASS" start="2024-06-02T12:25:31.233616" elapsed="0.000626"/>
</kw>
<kw name="Log" owner="BuiltIn">
<msg time="2024-06-02T12:25:31.234777" level="INFO">39938</msg>
<arg>${json_data['results'][0]['location']['postcode']}</arg>
<doc>Logs the given message with the given level.</doc>
<status status="PASS" start="2024-06-02T12:25:31.234439" elapsed="0.000378"/>
</kw>
<status status="PASS" start="2024-06-02T12:25:31.143413" elapsed="0.091659"/>
</kw>
<doc>Testa se os tipos de dados na resposta da API estão corretos.</doc>
<tag>testeTiposDados</tag>
<status status="PASS" start="2024-06-02T12:25:31.057584" elapsed="0.177653"/>
</test>
<test id="s1-s1-t5" name="Validar conteudo" line="35">
<kw name="Teste de Tipos de Conteudo" owner="random-user-service">
<kw name="GET On Session" owner="RequestsLibrary">
<msg time="2024-06-02T12:25:31.337154" level="INFO">GET Request : url=https://randomuser.me/api 
 path_url=/api 
 headers={'User-Agent': 'python-requests/2.32.3', 'Accept-Encoding': 'gzip, deflate', 'Accept': '*/*', 'Connection': 'keep-alive'} 
 body=None 
 </msg>
<msg time="2024-06-02T12:25:31.337258" level="INFO">GET Response : url=https://randomuser.me/api 
 status=200, reason=OK 
 headers={'Date': 'Sun, 02 Jun 2024 12:25:31 GMT', 'Content-Type': 'application/json; charset=utf-8', 'Transfer-Encoding': 'chunked', 'Connection': 'keep-alive', 'X-Powered-By': 'Express', 'Access-Control-Allow-Origin': '*', 'Cache-Control': 'no-cache', 'ETag': 'W/"494-97+iRnK+ZVy1UFZyWjHOliGBNaw"', 'Vary': 'Accept-Encoding', 'Content-Encoding': 'gzip', 'CF-Cache-Status': 'DYNAMIC', 'Report-To': '{"endpoints":[{"url":"https:\\/\\/a.nel.cloudflare.com\\/report\\/v4?s=cAquHQOl6dDCTrSC01zZF6HHSkVP5DcUJdjTHKuogPnCbDw8HW%2BOGbl3tHDain547MtFuh533TbjU%2Bn2S8SHEGbgq0oIIEHR2AFYcqbOoDmV%2F1ye7aHkTMZ%2BjxxPlk1U"}],"group":"cf-nel","max_age":604800}', 'NEL': '{"success_fraction":0,"report_to":"cf-nel","max_age":604800}', 'Server': 'cloudflare', 'CF-RAY': '88d76d324e7d8250-IAD', 'alt-svc': 'h3=":443"; ma=86400'} 
 body={"results":[{"gender":"male","name":{"title":"Mr","first":"Geraldo","last":"Nascimento"},"location":{"street":{"number":5802,"name":"Rua da Saudade"},"city":"Ponta Grossa","state":"Paraíba","country":"Brazil","postcode":33720,"coordinates":{"latitude":"-73.6253","longitude":"-140.3280"},"timezone":{"offset":"+6:00","description":"Almaty, Dhaka, Colombo"}},"email":"geraldo.nascimento@example.com","login":{"uuid":"6ac93a84-d1c1-4cce-b06f-d40d5cef558a","username":"happyzebra860","password":"1313","salt":"1hWfYV37","md5":"5a427e5bff88ccc4b6f5f2bde9ff9b76","sha1":"8d1a7153583409b2b961c1e75b407201ccd7b971","sha256":"1c5b43c728fbeb96d60305d529eaa2e7ec23c3840a35823b6e5c7ad8e14c2a73"},"dob":{"date":"1961-05-28T13:00:45.974Z","age":63},"registered":{"date":"2003-02-01T18:28:57.006Z","age":21},"phone":"(37) 9933-5669","cell":"(67) 0685-5371","id":{"name":"CPF","value":"683.798.087-92"},"picture":{"large":"https://randomuser.me/api/portraits/men/85.jpg","medium":"https://randomuser.me/api/portraits/med/men/85.jpg","thumbnail":"https://randomuser.me/api/portraits/thumb/men/85.jpg"},"nat":"BR"}],"info":{"seed":"2007dcb96599128f","results":1,"page":1,"version":"1.4"}} 
 </msg>
<msg time="2024-06-02T12:25:31.337335" level="INFO">/opt/hostedtoolcache/Python/3.12.3/x64/lib/python3.12/site-packages/urllib3/connectionpool.py:1103: InsecureRequestWarning: Unverified HTTPS request is being made to host 'randomuser.me'. Adding certificate verification is strongly advised. See: https://urllib3.readthedocs.io/en/latest/advanced-usage.html#tls-warnings
  warnings.warn(</msg>
<msg time="2024-06-02T12:25:31.337503" level="INFO">${response} = &lt;Response [200]&gt;</msg>
<var>${response}</var>
<arg>consultarAPI</arg>
<arg>/api</arg>
<doc>Sends a GET request on a previously created HTTP Session.</doc>
<status status="PASS" start="2024-06-02T12:25:31.237759" elapsed="0.099796"/>
</kw>
<kw name="Set Variable" owner="BuiltIn">
<msg time="2024-06-02T12:25:31.338626" level="INFO">${json_data} = {'results': [{'gender': 'male', 'name': {'title': 'Mr', 'first': 'Geraldo', 'last': 'Nascimento'}, 'location': {'street': {'number': 5802, 'name': 'Rua da Saudade'}, 'city': 'Ponta Grossa', 'state': '...</msg>
<var>${json_data}</var>
<arg>${response.json()}</arg>
<doc>Returns the given values which can then be assigned to a variables.</doc>
<status status="PASS" start="2024-06-02T12:25:31.338126" elapsed="0.000529"/>
</kw>
<kw name="Set Variable" owner="BuiltIn">
<msg time="2024-06-02T12:25:31.339343" level="INFO">${name_title} = Mr</msg>
<var>${name_title}</var>
<arg>${json_data["results"][0]["name"]["title"]}</arg>
<doc>Returns the given values which can then be assigned to a variables.</doc>
<status status="PASS" start="2024-06-02T12:25:31.338960" elapsed="0.000409"/>
</kw>
<kw name="Create List" owner="BuiltIn">
<msg time="2024-06-02T12:25:31.339819" level="INFO">${allowed_titles} = ['Mr', 'Ms', 'Miss', 'Mrs', 'Madame', 'Monsieur']</msg>
<var>${allowed_titles}</var>
<arg>Mr</arg>
<arg>Ms</arg>
<arg>Miss</arg>
<arg>Mrs</arg>
<arg>Madame</arg>
<arg>Monsieur</arg>
<doc>Returns a list containing given items.</doc>
<status status="PASS" start="2024-06-02T12:25:31.339671" elapsed="0.000171"/>
</kw>
<kw name="List Should Contain Value" owner="Collections">
<msg time="2024-06-02T12:25:31.340317" level="INFO">False</msg>
<arg>${allowed_titles}</arg>
<arg>${name_title}</arg>
<doc>Fails if the ``value`` is not found from ``list``.</doc>
<status status="PASS" start="2024-06-02T12:25:31.340144" elapsed="0.000210"/>
</kw>
<kw name="Set Variable" owner="BuiltIn">
<msg time="2024-06-02T12:25:31.341202" level="INFO">${name_country} = BR</msg>
<var>${name_country}</var>
<arg>${json_data["results"][0]["nat"]}</arg>
<doc>Returns the given values which can then be assigned to a variables.</doc>
<status status="PASS" start="2024-06-02T12:25:31.340645" elapsed="0.000583"/>
</kw>
<kw name="Create List" owner="BuiltIn">
<msg time="2024-06-02T12:25:31.342195" level="INFO">${list_country} = ['AD', 'AE', 'AF', 'AG', 'AI', 'AL', 'AM', 'AO', 'AQ', 'AR', 'AS', 'AT', 'AU', 'AW', 'AX', 'AZ', 'BA', 'BB', 'BD', 'BE', 'BF', 'BG', 'BH', 'BI', 'BJ', 'BL', 'BM', 'BN', 'BO', 'BQ', 'BR', 'BS', 'BT', '...</msg>
<var>${list_country}</var>
<arg>AD</arg>
<arg>AE</arg>
<arg>AF</arg>
<arg>AG</arg>
<arg>AI</arg>
<arg>AL</arg>
<arg>AM</arg>
<arg>AO</arg>
<arg>AQ</arg>
<arg>AR</arg>
<arg>AS</arg>
<arg>AT</arg>
<arg>AU</arg>
<arg>AW</arg>
<arg>AX</arg>
<arg>AZ</arg>
<arg>BA</arg>
<arg>BB</arg>
<arg>BD</arg>
<arg>BE</arg>
<arg>BF</arg>
<arg>BG</arg>
<arg>BH</arg>
<arg>BI</arg>
<arg>BJ</arg>
<arg>BL</arg>
<arg>BM</arg>
<arg>BN</arg>
<arg>BO</arg>
<arg>BQ</arg>
<arg>BR</arg>
<arg>BS</arg>
<arg>BT</arg>
<arg>BV</arg>
<arg>BW</arg>
<arg>BY</arg>
<arg>BZ</arg>
<arg>CA</arg>
<arg>CC</arg>
<arg>CD</arg>
<arg>CF</arg>
<arg>CG</arg>
<arg>CH</arg>
<arg>CI</arg>
<arg>CK</arg>
<arg>CL</arg>
<arg>CM</arg>
<arg>CN</arg>
<arg>CO</arg>
<arg>CR</arg>
<arg>CU</arg>
<arg>CV</arg>
<arg>CW</arg>
<arg>CX</arg>
<arg>CY</arg>
<arg>CZ</arg>
<arg>DE</arg>
<arg>DJ</arg>
<arg>DK</arg>
<arg>DM</arg>
<arg>DO</arg>
<arg>DZ</arg>
<arg>EC</arg>
<arg>EE</arg>
<arg>EG</arg>
<arg>EH</arg>
<arg>ER</arg>
<arg>ES</arg>
<arg>ET</arg>
<arg>FI</arg>
<arg>FJ</arg>
<arg>FK</arg>
<arg>FM</arg>
<arg>FO</arg>
<arg>FR</arg>
<arg>GA</arg>
<arg>GB</arg>
<arg>GD</arg>
<arg>GE</arg>
<arg>GF</arg>
<arg>GG</arg>
<arg>GH</arg>
<arg>GI</arg>
<arg>GL</arg>
<arg>GM</arg>
<arg>GN</arg>
<arg>GP</arg>
<arg>GQ</arg>
<arg>GR</arg>
<arg>GS</arg>
<arg>GT</arg>
<arg>GU</arg>
<arg>GW</arg>
<arg>GY</arg>
<arg>HK</arg>
<arg>HM</arg>
<arg>HN</arg>
<arg>HR</arg>
<arg>HT</arg>
<arg>HU</arg>
<arg>ID</arg>
<arg>IE</arg>
<arg>IL</arg>
<arg>IM</arg>
<arg>IN</arg>
<arg>IO</arg>
<arg>IQ</arg>
<arg>IR</arg>
<arg>IS</arg>
<arg>IT</arg>
<arg>JE</arg>
<arg>JM</arg>
<arg>JO</arg>
<arg>JP</arg>
<arg>KE</arg>
<arg>KG</arg>
<arg>KH</arg>
<arg>KI</arg>
<arg>KM</arg>
<arg>KN</arg>
<arg>KP</arg>
<arg>KR</arg>
<arg>KW</arg>
<arg>KY</arg>
<arg>KZ</arg>
<arg>LA</arg>
<arg>LB</arg>
<arg>LC</arg>
<arg>LI</arg>
<arg>LK</arg>
<arg>LR</arg>
<arg>LS</arg>
<arg>LT</arg>
<arg>LU</arg>
<arg>LV</arg>
<arg>LY</arg>
<arg>MA</arg>
<arg>MC</arg>
<arg>MD</arg>
<arg>ME</arg>
<arg>MF</arg>
<arg>MG</arg>
<arg>MH</arg>
<arg>MK</arg>
<arg>ML</arg>
<arg>MM</arg>
<arg>MN</arg>
<arg>MO</arg>
<arg>MP</arg>
<arg>MQ</arg>
<arg>MR</arg>
<arg>MS</arg>
<arg>MT</arg>
<arg>MU</arg>
<arg>MV</arg>
<arg>MW</arg>
<arg>MX</arg>
<arg>MY</arg>
<arg>MZ</arg>
<arg>NA</arg>
<arg>NC</arg>
<arg>NE</arg>
<arg>NF</arg>
<arg>NG</arg>
<arg>NI</arg>
<arg>NL</arg>
<arg>NO</arg>
<arg>NP</arg>
<arg>NR</arg>
<arg>NU</arg>
<arg>NZ</arg>
<arg>OM</arg>
<arg>PA</arg>
<arg>PE</arg>
<arg>PF</arg>
<arg>PG</arg>
<arg>PH</arg>
<arg>PK</arg>
<arg>PL</arg>
<arg>PM</arg>
<arg>PN</arg>
<arg>PR</arg>
<arg>PS</arg>
<arg>PT</arg>
<arg>PW</arg>
<arg>PY</arg>
<arg>QA</arg>
<arg>RE</arg>
<arg>RO</arg>
<arg>RS</arg>
<arg>RU</arg>
<arg>RW</arg>
<arg>SA</arg>
<arg>SB</arg>
<arg>SC</arg>
<arg>SD</arg>
<arg>SE</arg>
<arg>SG</arg>
<arg>SH</arg>
<arg>SI</arg>
<arg>SJ</arg>
<arg>SK</arg>
<arg>SL</arg>
<arg>SM</arg>
<arg>SN</arg>
<arg>SO</arg>
<arg>SR</arg>
<arg>SS</arg>
<arg>ST</arg>
<arg>SV</arg>
<arg>SX</arg>
<arg>SY</arg>
<arg>SZ</arg>
<arg>TC</arg>
<arg>TD</arg>
<arg>TF</arg>
<arg>TG</arg>
<arg>TH</arg>
<arg>TJ</arg>
<arg>TK</arg>
<arg>TL</arg>
<arg>TM</arg>
<arg>TN</arg>
<arg>TO</arg>
<arg>TR</arg>
<arg>TT</arg>
<arg>TV</arg>
<arg>TW</arg>
<arg>TZ</arg>
<arg>UA</arg>
<arg>UG</arg>
<arg>UM</arg>
<arg>US</arg>
<arg>UY</arg>
<arg>UZ</arg>
<arg>VA</arg>
<arg>VC</arg>
<arg>VE</arg>
<arg>VG</arg>
<arg>VI</arg>
<arg>VN</arg>
<arg>VU</arg>
<arg>WF</arg>
<arg>WS</arg>
<arg>XK</arg>
<arg>YE</arg>
<arg>YT</arg>
<arg>ZA</arg>
<arg>ZM</arg>
<arg>ZW</arg>
<doc>Returns a list containing given items.</doc>
<status status="PASS" start="2024-06-02T12:25:31.341598" elapsed="0.000623"/>
</kw>
<kw name="List Should Contain Value" owner="Collections">
<msg time="2024-06-02T12:25:31.343204" level="INFO">False</msg>
<arg>${list_country}</arg>
<arg>${name_country}</arg>
<doc>Fails if the ``value`` is not found from ``list``.</doc>
<status status="PASS" start="2024-06-02T12:25:31.343003" elapsed="0.000236"/>
</kw>
<kw name="Run Keyword If" owner="BuiltIn">
<kw name="Should Be True" owner="BuiltIn">
<arg>${True}</arg>
<doc>Fails if the given condition is not true.</doc>
<status status="PASS" start="2024-06-02T12:25:31.344297" elapsed="0.000145"/>
</kw>
<arg>${json_data["results"][0]["location"]["coordinates"]["latitude"]} &gt;= -90 and ${json_data["results"][0]["location"]["coordinates"]["latitude"]} &lt;= 90</arg>
<arg>Should Be True</arg>
<arg>${True}</arg>
<doc>Runs the given keyword with the given arguments, if ``condition`` is true.</doc>
<status status="PASS" start="2024-06-02T12:25:31.343552" elapsed="0.001017"/>
</kw>
<kw name="Run Keyword If" owner="BuiltIn">
<kw name="Should Be True" owner="BuiltIn">
<arg>${True}</arg>
<doc>Fails if the given condition is not true.</doc>
<status status="PASS" start="2024-06-02T12:25:31.345477" elapsed="0.000142"/>
</kw>
<arg>${json_data["results"][0]["location"]["coordinates"]["longitude"]} &gt;= -180 and ${json_data["results"][0]["location"]["coordinates"]["longitude"]} &lt;= 180</arg>
<arg>Should Be True</arg>
<arg>${True}</arg>
<doc>Runs the given keyword with the given arguments, if ``condition`` is true.</doc>
<status status="PASS" start="2024-06-02T12:25:31.344758" elapsed="0.000984"/>
</kw>
<status status="PASS" start="2024-06-02T12:25:31.237524" elapsed="0.108349"/>
</kw>
<doc>Testa o conteúdo específico dos campos retornados pela API.</doc>
<tag>testeConteudo</tag>
<status status="PASS" start="2024-06-02T12:25:31.236966" elapsed="0.109056"/>
</test>
<status status="PASS" start="2024-06-02T12:25:30.359658" elapsed="0.988304"/>
</suite>
<status status="PASS" start="2024-06-02T12:25:30.346076" elapsed="1.007106"/>
</suite>
<statistics>
<total>
<stat pass="5" fail="0" skip="0">All Tests</stat>
</total>
<tag>
<stat pass="1" fail="0" skip="0">testeConteudo</stat>
<stat pass="1" fail="0" skip="0">testeEstruturaResposta</stat>
<stat pass="1" fail="0" skip="0">testeRequisicaoBasica</stat>
<stat pass="1" fail="0" skip="0">testeTiposDados</stat>
</tag>
<suite>
<stat pass="5" fail="0" skip="0" id="s1" name="Tests">Tests</stat>
<stat pass="5" fail="0" skip="0" id="s1-s1" name="Random-User-Test">Tests.Random-User-Test</stat>
</suite>
</statistics>
<errors>
</errors>
</robot>
