<?xml version="1.0" encoding="UTF-8"?>
<robot generator="Robot 7.0 (Python 3.12.3 on linux)" generated="2024-05-28T19:12:28.304584" rpa="false" schemaversion="5">
<suite id="s1" name="Tests" source="/home/runner/work/ApiRandomUser/ApiRandomUser/RamdonUser/tests">
<suite id="s1-s1" name="Random-User-Test" source="/home/runner/work/ApiRandomUser/ApiRandomUser/RamdonUser/tests/random-user-test.robot">
<test id="s1-s1-t1" name="Conectar" line="13">
<kw name="Conectar API" owner="random-user-service">
<kw name="Create Session" owner="RequestsLibrary">
<msg time="2024-05-28T19:12:28.710188" level="INFO">Creating Session using : alias=consultarAPI, url=https://randomuser.me/, headers={},                     cookies={}, auth=None, timeout=None, proxies=None, verify=False,                     debug=0 </msg>
<arg>consultarAPI</arg>
<arg>${URL}</arg>
<doc>Create Session: create a HTTP session to a server</doc>
<status status="PASS" start="2024-05-28T19:12:28.709970" elapsed="0.000411"/>
</kw>
<status status="PASS" start="2024-05-28T19:12:28.708847" elapsed="0.001921"/>
</kw>
<status status="PASS" start="2024-05-28T19:12:28.708242" elapsed="0.002726"/>
</test>
<test id="s1-s1-t2" name="Validar retorno 200 e JSON Válido" line="16">
<kw name="Teste de Requisicao Basica" owner="random-user-service">
<kw name="GET On Session" owner="RequestsLibrary">
<msg time="2024-05-28T19:12:28.832210" level="INFO">GET Request : url=https://randomuser.me/api 
 path_url=/api 
 headers={'User-Agent': 'python-requests/2.32.2', 'Accept-Encoding': 'gzip, deflate', 'Accept': '*/*', 'Connection': 'keep-alive'} 
 body=None 
 </msg>
<msg time="2024-05-28T19:12:28.832373" level="INFO">GET Response : url=https://randomuser.me/api 
 status=200, reason=OK 
 headers={'Date': 'Tue, 28 May 2024 19:12:28 GMT', 'Content-Type': 'application/json; charset=utf-8', 'Transfer-Encoding': 'chunked', 'Connection': 'keep-alive', 'X-Powered-By': 'Express', 'Access-Control-Allow-Origin': '*', 'Cache-Control': 'no-cache', 'ETag': 'W/"4ac-n4D7LQTp4tTHh97ENIuzTPWxwBs"', 'Vary': 'Accept-Encoding', 'Content-Encoding': 'gzip', 'CF-Cache-Status': 'DYNAMIC', 'Report-To': '{"endpoints":[{"url":"https:\\/\\/a.nel.cloudflare.com\\/report\\/v4?s=E%2FgaVi9FmSasGspZSgYfYB7B68wR2XAB7YnwFnQ9VsPRIw17OHSSRnxVf3q3a%2Fev%2BQyC8UM3GzdaOwq7VpV1si5kEkTghLee%2BEKVut%2B1E73YdbDCpV%2FH2BbhAq7RDO8O"}],"group":"cf-nel","max_age":604800}', 'NEL': '{"success_fraction":0,"report_to":"cf-nel","max_age":604800}', 'Server': 'cloudflare', 'CF-RAY': '88b08e73a9e7cfa8-SJC', 'alt-svc': 'h3=":443"; ma=86400'} 
 body={"results":[{"gender":"female","name":{"title":"Miss","first":"Rafaela","last":"Barendsen"},"location":{"street":{"number":4507,"name":"Hilgersstraat"},"city":"Hoedekenskerke","state":"Noord-Holland","country":"Netherlands","postcode":"2646 SE","coordinates":{"latitude":"36.7872","longitude":"116.3438"},"timezone":{"offset":"-3:00","description":"Brazil, Buenos Aires, Georgetown"}},"email":"rafaela.barendsen@example.com","login":{"uuid":"c0057b5a-3f30-4aa4-a442-f7b4f56aded8","username":"bluezebra530","password":"dnsadm","salt":"8ndONqlq","md5":"a66edaa48089ee8a529cade24d332927","sha1":"2b54cf60662296955c6a19a0666ee94e947e3443","sha256":"6f8f53b487020d9904bdfbfc64dcb3917a7e133051ad189c1bc8bfde76812b7e"},"dob":{"date":"1985-02-16T21:51:30.930Z","age":39},"registered":{"date":"2008-06-01T19:52:25.072Z","age":15},"phone":"(034) 6898513","cell":"(06) 41093079","id":{"name":"BSN","value":"62870591"},"picture":{"large":"https://randomuser.me/api/portraits/women/93.jpg","medium":"https://randomuser.me/api/portraits/med/women/93.jpg","thumbnail":"https://randomuser.me/api/portraits/thumb/women/93.jpg"},"nat":"NL"}],"info":{"seed":"e4c53ca897f9ede5","results":1,"page":1,"version":"1.4"}} 
 </msg>
<msg time="2024-05-28T19:12:28.832463" level="INFO">/opt/hostedtoolcache/Python/3.12.3/x64/lib/python3.12/site-packages/urllib3/connectionpool.py:1103: InsecureRequestWarning: Unverified HTTPS request is being made to host 'randomuser.me'. Adding certificate verification is strongly advised. See: https://urllib3.readthedocs.io/en/latest/advanced-usage.html#tls-warnings
  warnings.warn(</msg>
<msg time="2024-05-28T19:12:28.832631" level="INFO">${response} = &lt;Response [200]&gt;</msg>
<var>${response}</var>
<arg>consultarAPI</arg>
<arg>/api</arg>
<doc>Sends a GET request on a previously created HTTP Session.</doc>
<status status="PASS" start="2024-05-28T19:12:28.713736" elapsed="0.118933"/>
</kw>
<kw name="Should Be Equal As Numbers" owner="BuiltIn">
<msg time="2024-05-28T19:12:28.833856" level="INFO">Argument types are:
&lt;class 'int'&gt;
&lt;class 'str'&gt;</msg>
<arg>${response.status_code}</arg>
<arg>200</arg>
<doc>Fails if objects are unequal after converting them to real numbers.</doc>
<status status="PASS" start="2024-05-28T19:12:28.833360" elapsed="0.000564"/>
</kw>
<kw name="Log" owner="BuiltIn">
<msg time="2024-05-28T19:12:28.834633" level="INFO">200</msg>
<arg>${response.status_code}</arg>
<doc>Logs the given message with the given level.</doc>
<status status="PASS" start="2024-05-28T19:12:28.834279" elapsed="0.000403"/>
</kw>
<kw name="Set Variable" owner="BuiltIn">
<msg time="2024-05-28T19:12:28.835442" level="INFO">${json_data} = {'results': [{'gender': 'female', 'name': {'title': 'Miss', 'first': 'Rafaela', 'last': 'Barendsen'}, 'location': {'street': {'number': 4507, 'name': 'Hilgersstraat'}, 'city': 'Hoedekenskerke', 'state...</msg>
<var>${json_data}</var>
<arg>${response.json()}</arg>
<doc>Returns the given values which can then be assigned to a variables.</doc>
<status status="PASS" start="2024-05-28T19:12:28.835002" elapsed="0.000469"/>
</kw>
<kw name="Dictionary Should Contain Key" owner="Collections">
<msg time="2024-05-28T19:12:28.835997" level="INFO">False</msg>
<arg>${json_data}</arg>
<arg>results</arg>
<doc>Fails if ``key`` is not found from ``dictionary``.</doc>
<status status="PASS" start="2024-05-28T19:12:28.835825" elapsed="0.000372"/>
</kw>
<status status="PASS" start="2024-05-28T19:12:28.713459" elapsed="0.123009"/>
</kw>
<doc>Testa se a API responde corretamente e retorna um objeto JSON válido.</doc>
<tag>testeRequisicaoBasica</tag>
<status status="PASS" start="2024-05-28T19:12:28.712929" elapsed="0.123730"/>
</test>
<test id="s1-s1-t3" name="Validar estrutura de resposta" line="22">
<kw name="Teste de Estrutura de Resposta" owner="random-user-service">
<kw name="GET On Session" owner="RequestsLibrary">
<msg time="2024-05-28T19:12:28.939431" level="INFO">GET Request : url=https://randomuser.me/api 
 path_url=/api 
 headers={'User-Agent': 'python-requests/2.32.2', 'Accept-Encoding': 'gzip, deflate', 'Accept': '*/*', 'Connection': 'keep-alive'} 
 body=None 
 </msg>
<msg time="2024-05-28T19:12:28.939574" level="INFO">GET Response : url=https://randomuser.me/api 
 status=200, reason=OK 
 headers={'Date': 'Tue, 28 May 2024 19:12:28 GMT', 'Content-Type': 'application/json; charset=utf-8', 'Transfer-Encoding': 'chunked', 'Connection': 'keep-alive', 'X-Powered-By': 'Express', 'Access-Control-Allow-Origin': '*', 'Cache-Control': 'no-cache', 'ETag': 'W/"476-yyoxe82EptVmSyfR6Bam5xG5ISc"', 'Vary': 'Accept-Encoding', 'Content-Encoding': 'gzip', 'CF-Cache-Status': 'DYNAMIC', 'Report-To': '{"endpoints":[{"url":"https:\\/\\/a.nel.cloudflare.com\\/report\\/v4?s=h1jg0cbhrXtR0X7jEcfvYjrvPA%2FlWpD%2F%2FcWqYdEuEY5knpLI%2BP4AtdvFzv6c6fKZEqyQLAC9fvvBhjjEfdt5lSFvDqU4MRdLUyVA5Caj0CyW57SpWTKYQACW4k03U1g%2B"}],"group":"cf-nel","max_age":604800}', 'NEL': '{"success_fraction":0,"report_to":"cf-nel","max_age":604800}', 'Server': 'cloudflare', 'CF-RAY': '88b08e744a6ccfa8-SJC', 'alt-svc': 'h3=":443"; ma=86400'} 
 body={"results":[{"gender":"female","name":{"title":"Miss","first":"Miriam","last":"Moya"},"location":{"street":{"number":1822,"name":"Paseo de Zorrilla"},"city":"La Coruña","state":"Cataluña","country":"Spain","postcode":47837,"coordinates":{"latitude":"-37.6170","longitude":"172.3899"},"timezone":{"offset":"+3:30","description":"Tehran"}},"email":"miriam.moya@example.com","login":{"uuid":"a9192f66-6f12-431b-b6a6-d1d5c30c2b44","username":"happysnake209","password":"nice","salt":"7ekofQQA","md5":"bfb2867d1eaab98445bd41b5b44a3f23","sha1":"82c25b0290c7b88e7ff783bdec739cdce96f16a2","sha256":"1ac68966d0531fb862742f8df9cf0f32935ef04e1c5cccb761c424f9b439e2d2"},"dob":{"date":"1992-05-15T10:32:10.460Z","age":32},"registered":{"date":"2009-10-08T09:35:52.095Z","age":14},"phone":"920-817-222","cell":"611-098-073","id":{"name":"DNI","value":"66888810-I"},"picture":{"large":"https://randomuser.me/api/portraits/women/73.jpg","medium":"https://randomuser.me/api/portraits/med/women/73.jpg","thumbnail":"https://randomuser.me/api/portraits/thumb/women/73.jpg"},"nat":"ES"}],"info":{"seed":"dacbbecf8bbc89f6","results":1,"page":1,"version":"1.4"}} 
 </msg>
<msg time="2024-05-28T19:12:28.939729" level="INFO">/opt/hostedtoolcache/Python/3.12.3/x64/lib/python3.12/site-packages/urllib3/connectionpool.py:1103: InsecureRequestWarning: Unverified HTTPS request is being made to host 'randomuser.me'. Adding certificate verification is strongly advised. See: https://urllib3.readthedocs.io/en/latest/advanced-usage.html#tls-warnings
  warnings.warn(</msg>
<msg time="2024-05-28T19:12:28.939890" level="INFO">${response} = &lt;Response [200]&gt;</msg>
<var>${response}</var>
<arg>consultarAPI</arg>
<arg>/api</arg>
<doc>Sends a GET request on a previously created HTTP Session.</doc>
<status status="PASS" start="2024-05-28T19:12:28.839268" elapsed="0.100668"/>
</kw>
<kw name="Set Variable" owner="BuiltIn">
<msg time="2024-05-28T19:12:28.941072" level="INFO">${json_data} = {'results': [{'gender': 'female', 'name': {'title': 'Miss', 'first': 'Miriam', 'last': 'Moya'}, 'location': {'street': {'number': 1822, 'name': 'Paseo de Zorrilla'}, 'city': 'La Coruña', 'state': 'Cat...</msg>
<var>${json_data}</var>
<arg>${response.json()}</arg>
<doc>Returns the given values which can then be assigned to a variables.</doc>
<status status="PASS" start="2024-05-28T19:12:28.940498" elapsed="0.000607"/>
</kw>
<kw name="Log" owner="BuiltIn">
<msg time="2024-05-28T19:12:28.941604" level="INFO">{'results': [{'gender': 'female', 'name': {'title': 'Miss', 'first': 'Miriam', 'last': 'Moya'}, 'location': {'street': {'number': 1822, 'name': 'Paseo de Zorrilla'}, 'city': 'La Coruña', 'state': 'Cataluña', 'country': 'Spain', 'postcode': 47837, 'coordinates': {'latitude': '-37.6170', 'longitude': '172.3899'}, 'timezone': {'offset': '+3:30', 'description': 'Tehran'}}, 'email': 'miriam.moya@example.com', 'login': {'uuid': 'a9192f66-6f12-431b-b6a6-d1d5c30c2b44', 'username': 'happysnake209', 'password': 'nice', 'salt': '7ekofQQA', 'md5': 'bfb2867d1eaab98445bd41b5b44a3f23', 'sha1': '82c25b0290c7b88e7ff783bdec739cdce96f16a2', 'sha256': '1ac68966d0531fb862742f8df9cf0f32935ef04e1c5cccb761c424f9b439e2d2'}, 'dob': {'date': '1992-05-15T10:32:10.460Z', 'age': 32}, 'registered': {'date': '2009-10-08T09:35:52.095Z', 'age': 14}, 'phone': '920-817-222', 'cell': '611-098-073', 'id': {'name': 'DNI', 'value': '66888810-I'}, 'picture': {'large': 'https://randomuser.me/api/portraits/women/73.jpg', 'medium': 'https://randomuser.me/api/portraits/med/women/73.jpg', 'thumbnail': 'https://randomuser.me/api/portraits/thumb/women/73.jpg'}, 'nat': 'ES'}], 'info': {'seed': 'dacbbecf8bbc89f6', 'results': 1, 'page': 1, 'version': '1.4'}}</msg>
<arg>${json_data}</arg>
<doc>Logs the given message with the given level.</doc>
<status status="PASS" start="2024-05-28T19:12:28.941429" elapsed="0.000228"/>
</kw>
<kw name="Dictionary Should Contain Key" owner="Collections">
<msg time="2024-05-28T19:12:28.942174" level="INFO">False</msg>
<arg>${json_data}</arg>
<arg>results</arg>
<doc>Fails if ``key`` is not found from ``dictionary``.</doc>
<status status="PASS" start="2024-05-28T19:12:28.942004" elapsed="0.000215"/>
</kw>
<kw name="Should Not Be Empty" owner="BuiltIn">
<msg time="2024-05-28T19:12:28.942666" level="INFO">Length is 2.</msg>
<arg>${json_data}</arg>
<doc>Verifies that the given item is not empty.</doc>
<status status="PASS" start="2024-05-28T19:12:28.942533" elapsed="0.000172"/>
</kw>
<kw name="Create List" owner="BuiltIn">
<msg time="2024-05-28T19:12:28.943239" level="INFO">${expected_keys} = ['gender', 'name', 'location', 'email', 'login']</msg>
<var>${expected_keys}</var>
<arg>gender</arg>
<arg>name</arg>
<arg>location</arg>
<arg>email</arg>
<arg>login</arg>
<doc>Returns a list containing given items.</doc>
<status status="PASS" start="2024-05-28T19:12:28.943019" elapsed="0.000260"/>
</kw>
<for flavor="IN">
<iter>
<kw name="Dictionary Should Contain Key" owner="Collections">
<msg time="2024-05-28T19:12:28.944639" level="INFO">False</msg>
<arg>${json_data['results'][0]}</arg>
<arg>${key}</arg>
<doc>Fails if ``key`` is not found from ``dictionary``.</doc>
<status status="PASS" start="2024-05-28T19:12:28.944083" elapsed="0.000607"/>
</kw>
<kw name="Log" owner="BuiltIn">
<msg time="2024-05-28T19:12:28.945578" level="INFO">{'gender': 'female', 'name': {'title': 'Miss', 'first': 'Miriam', 'last': 'Moya'}, 'location': {'street': {'number': 1822, 'name': 'Paseo de Zorrilla'}, 'city': 'La Coruña', 'state': 'Cataluña', 'country': 'Spain', 'postcode': 47837, 'coordinates': {'latitude': '-37.6170', 'longitude': '172.3899'}, 'timezone': {'offset': '+3:30', 'description': 'Tehran'}}, 'email': 'miriam.moya@example.com', 'login': {'uuid': 'a9192f66-6f12-431b-b6a6-d1d5c30c2b44', 'username': 'happysnake209', 'password': 'nice', 'salt': '7ekofQQA', 'md5': 'bfb2867d1eaab98445bd41b5b44a3f23', 'sha1': '82c25b0290c7b88e7ff783bdec739cdce96f16a2', 'sha256': '1ac68966d0531fb862742f8df9cf0f32935ef04e1c5cccb761c424f9b439e2d2'}, 'dob': {'date': '1992-05-15T10:32:10.460Z', 'age': 32}, 'registered': {'date': '2009-10-08T09:35:52.095Z', 'age': 14}, 'phone': '920-817-222', 'cell': '611-098-073', 'id': {'name': 'DNI', 'value': '66888810-I'}, 'picture': {'large': 'https://randomuser.me/api/portraits/women/73.jpg', 'medium': 'https://randomuser.me/api/portraits/med/women/73.jpg', 'thumbnail': 'https://randomuser.me/api/portraits/thumb/women/73.jpg'}, 'nat': 'ES'}</msg>
<arg>${json_data['results'][0]}</arg>
<doc>Logs the given message with the given level.</doc>
<status status="PASS" start="2024-05-28T19:12:28.945076" elapsed="0.000581"/>
</kw>
<kw name="Log" owner="BuiltIn">
<msg time="2024-05-28T19:12:28.946215" level="INFO">gender</msg>
<arg>${key}</arg>
<doc>Logs the given message with the given level.</doc>
<status status="PASS" start="2024-05-28T19:12:28.946043" elapsed="0.000215"/>
</kw>
<var name="${key}">gender</var>
<status status="PASS" start="2024-05-28T19:12:28.943922" elapsed="0.002563"/>
</iter>
<iter>
<kw name="Dictionary Should Contain Key" owner="Collections">
<msg time="2024-05-28T19:12:28.947192" level="INFO">False</msg>
<arg>${json_data['results'][0]}</arg>
<arg>${key}</arg>
<doc>Fails if ``key`` is not found from ``dictionary``.</doc>
<status status="PASS" start="2024-05-28T19:12:28.946798" elapsed="0.000431"/>
</kw>
<kw name="Log" owner="BuiltIn">
<msg time="2024-05-28T19:12:28.947987" level="INFO">{'gender': 'female', 'name': {'title': 'Miss', 'first': 'Miriam', 'last': 'Moya'}, 'location': {'street': {'number': 1822, 'name': 'Paseo de Zorrilla'}, 'city': 'La Coruña', 'state': 'Cataluña', 'country': 'Spain', 'postcode': 47837, 'coordinates': {'latitude': '-37.6170', 'longitude': '172.3899'}, 'timezone': {'offset': '+3:30', 'description': 'Tehran'}}, 'email': 'miriam.moya@example.com', 'login': {'uuid': 'a9192f66-6f12-431b-b6a6-d1d5c30c2b44', 'username': 'happysnake209', 'password': 'nice', 'salt': '7ekofQQA', 'md5': 'bfb2867d1eaab98445bd41b5b44a3f23', 'sha1': '82c25b0290c7b88e7ff783bdec739cdce96f16a2', 'sha256': '1ac68966d0531fb862742f8df9cf0f32935ef04e1c5cccb761c424f9b439e2d2'}, 'dob': {'date': '1992-05-15T10:32:10.460Z', 'age': 32}, 'registered': {'date': '2009-10-08T09:35:52.095Z', 'age': 14}, 'phone': '920-817-222', 'cell': '611-098-073', 'id': {'name': 'DNI', 'value': '66888810-I'}, 'picture': {'large': 'https://randomuser.me/api/portraits/women/73.jpg', 'medium': 'https://randomuser.me/api/portraits/med/women/73.jpg', 'thumbnail': 'https://randomuser.me/api/portraits/thumb/women/73.jpg'}, 'nat': 'ES'}</msg>
<arg>${json_data['results'][0]}</arg>
<doc>Logs the given message with the given level.</doc>
<status status="PASS" start="2024-05-28T19:12:28.947603" elapsed="0.000437"/>
</kw>
<kw name="Log" owner="BuiltIn">
<msg time="2024-05-28T19:12:28.948487" level="INFO">name</msg>
<arg>${key}</arg>
<doc>Logs the given message with the given level.</doc>
<status status="PASS" start="2024-05-28T19:12:28.948349" elapsed="0.000178"/>
</kw>
<var name="${key}">name</var>
<status status="PASS" start="2024-05-28T19:12:28.946678" elapsed="0.002066"/>
</iter>
<iter>
<kw name="Dictionary Should Contain Key" owner="Collections">
<msg time="2024-05-28T19:12:28.949480" level="INFO">False</msg>
<arg>${json_data['results'][0]}</arg>
<arg>${key}</arg>
<doc>Fails if ``key`` is not found from ``dictionary``.</doc>
<status status="PASS" start="2024-05-28T19:12:28.949040" elapsed="0.000481"/>
</kw>
<kw name="Log" owner="BuiltIn">
<msg time="2024-05-28T19:12:28.950216" level="INFO">{'gender': 'female', 'name': {'title': 'Miss', 'first': 'Miriam', 'last': 'Moya'}, 'location': {'street': {'number': 1822, 'name': 'Paseo de Zorrilla'}, 'city': 'La Coruña', 'state': 'Cataluña', 'country': 'Spain', 'postcode': 47837, 'coordinates': {'latitude': '-37.6170', 'longitude': '172.3899'}, 'timezone': {'offset': '+3:30', 'description': 'Tehran'}}, 'email': 'miriam.moya@example.com', 'login': {'uuid': 'a9192f66-6f12-431b-b6a6-d1d5c30c2b44', 'username': 'happysnake209', 'password': 'nice', 'salt': '7ekofQQA', 'md5': 'bfb2867d1eaab98445bd41b5b44a3f23', 'sha1': '82c25b0290c7b88e7ff783bdec739cdce96f16a2', 'sha256': '1ac68966d0531fb862742f8df9cf0f32935ef04e1c5cccb761c424f9b439e2d2'}, 'dob': {'date': '1992-05-15T10:32:10.460Z', 'age': 32}, 'registered': {'date': '2009-10-08T09:35:52.095Z', 'age': 14}, 'phone': '920-817-222', 'cell': '611-098-073', 'id': {'name': 'DNI', 'value': '66888810-I'}, 'picture': {'large': 'https://randomuser.me/api/portraits/women/73.jpg', 'medium': 'https://randomuser.me/api/portraits/med/women/73.jpg', 'thumbnail': 'https://randomuser.me/api/portraits/thumb/women/73.jpg'}, 'nat': 'ES'}</msg>
<arg>${json_data['results'][0]}</arg>
<doc>Logs the given message with the given level.</doc>
<status status="PASS" start="2024-05-28T19:12:28.949842" elapsed="0.000426"/>
</kw>
<kw name="Log" owner="BuiltIn">
<msg time="2024-05-28T19:12:28.950719" level="INFO">location</msg>
<arg>${key}</arg>
<doc>Logs the given message with the given level.</doc>
<status status="PASS" start="2024-05-28T19:12:28.950588" elapsed="0.000170"/>
</kw>
<var name="${key}">location</var>
<status status="PASS" start="2024-05-28T19:12:28.948925" elapsed="0.002059"/>
</iter>
<iter>
<kw name="Dictionary Should Contain Key" owner="Collections">
<msg time="2024-05-28T19:12:28.951828" level="INFO">False</msg>
<arg>${json_data['results'][0]}</arg>
<arg>${key}</arg>
<doc>Fails if ``key`` is not found from ``dictionary``.</doc>
<status status="PASS" start="2024-05-28T19:12:28.951285" elapsed="0.000582"/>
</kw>
<kw name="Log" owner="BuiltIn">
<msg time="2024-05-28T19:12:28.952540" level="INFO">{'gender': 'female', 'name': {'title': 'Miss', 'first': 'Miriam', 'last': 'Moya'}, 'location': {'street': {'number': 1822, 'name': 'Paseo de Zorrilla'}, 'city': 'La Coruña', 'state': 'Cataluña', 'country': 'Spain', 'postcode': 47837, 'coordinates': {'latitude': '-37.6170', 'longitude': '172.3899'}, 'timezone': {'offset': '+3:30', 'description': 'Tehran'}}, 'email': 'miriam.moya@example.com', 'login': {'uuid': 'a9192f66-6f12-431b-b6a6-d1d5c30c2b44', 'username': 'happysnake209', 'password': 'nice', 'salt': '7ekofQQA', 'md5': 'bfb2867d1eaab98445bd41b5b44a3f23', 'sha1': '82c25b0290c7b88e7ff783bdec739cdce96f16a2', 'sha256': '1ac68966d0531fb862742f8df9cf0f32935ef04e1c5cccb761c424f9b439e2d2'}, 'dob': {'date': '1992-05-15T10:32:10.460Z', 'age': 32}, 'registered': {'date': '2009-10-08T09:35:52.095Z', 'age': 14}, 'phone': '920-817-222', 'cell': '611-098-073', 'id': {'name': 'DNI', 'value': '66888810-I'}, 'picture': {'large': 'https://randomuser.me/api/portraits/women/73.jpg', 'medium': 'https://randomuser.me/api/portraits/med/women/73.jpg', 'thumbnail': 'https://randomuser.me/api/portraits/thumb/women/73.jpg'}, 'nat': 'ES'}</msg>
<arg>${json_data['results'][0]}</arg>
<doc>Logs the given message with the given level.</doc>
<status status="PASS" start="2024-05-28T19:12:28.952175" elapsed="0.000416"/>
</kw>
<kw name="Log" owner="BuiltIn">
<msg time="2024-05-28T19:12:28.953032" level="INFO">email</msg>
<arg>${key}</arg>
<doc>Logs the given message with the given level.</doc>
<status status="PASS" start="2024-05-28T19:12:28.952900" elapsed="0.000170"/>
</kw>
<var name="${key}">email</var>
<status status="PASS" start="2024-05-28T19:12:28.951167" elapsed="0.002123"/>
</iter>
<iter>
<kw name="Dictionary Should Contain Key" owner="Collections">
<msg time="2024-05-28T19:12:28.953972" level="INFO">False</msg>
<arg>${json_data['results'][0]}</arg>
<arg>${key}</arg>
<doc>Fails if ``key`` is not found from ``dictionary``.</doc>
<status status="PASS" start="2024-05-28T19:12:28.953579" elapsed="0.000430"/>
</kw>
<kw name="Log" owner="BuiltIn">
<msg time="2024-05-28T19:12:28.954672" level="INFO">{'gender': 'female', 'name': {'title': 'Miss', 'first': 'Miriam', 'last': 'Moya'}, 'location': {'street': {'number': 1822, 'name': 'Paseo de Zorrilla'}, 'city': 'La Coruña', 'state': 'Cataluña', 'country': 'Spain', 'postcode': 47837, 'coordinates': {'latitude': '-37.6170', 'longitude': '172.3899'}, 'timezone': {'offset': '+3:30', 'description': 'Tehran'}}, 'email': 'miriam.moya@example.com', 'login': {'uuid': 'a9192f66-6f12-431b-b6a6-d1d5c30c2b44', 'username': 'happysnake209', 'password': 'nice', 'salt': '7ekofQQA', 'md5': 'bfb2867d1eaab98445bd41b5b44a3f23', 'sha1': '82c25b0290c7b88e7ff783bdec739cdce96f16a2', 'sha256': '1ac68966d0531fb862742f8df9cf0f32935ef04e1c5cccb761c424f9b439e2d2'}, 'dob': {'date': '1992-05-15T10:32:10.460Z', 'age': 32}, 'registered': {'date': '2009-10-08T09:35:52.095Z', 'age': 14}, 'phone': '920-817-222', 'cell': '611-098-073', 'id': {'name': 'DNI', 'value': '66888810-I'}, 'picture': {'large': 'https://randomuser.me/api/portraits/women/73.jpg', 'medium': 'https://randomuser.me/api/portraits/med/women/73.jpg', 'thumbnail': 'https://randomuser.me/api/portraits/thumb/women/73.jpg'}, 'nat': 'ES'}</msg>
<arg>${json_data['results'][0]}</arg>
<doc>Logs the given message with the given level.</doc>
<status status="PASS" start="2024-05-28T19:12:28.954309" elapsed="0.000414"/>
</kw>
<kw name="Log" owner="BuiltIn">
<msg time="2024-05-28T19:12:28.955154" level="INFO">login</msg>
<arg>${key}</arg>
<doc>Logs the given message with the given level.</doc>
<status status="PASS" start="2024-05-28T19:12:28.955027" elapsed="0.000165"/>
</kw>
<var name="${key}">login</var>
<status status="PASS" start="2024-05-28T19:12:28.953465" elapsed="0.001953"/>
</iter>
<var>${key}</var>
<value>@{expected_keys}</value>
<status status="PASS" start="2024-05-28T19:12:28.943681" elapsed="0.011905"/>
</for>
<kw name="Create List" owner="BuiltIn">
<msg time="2024-05-28T19:12:28.955976" level="INFO">${expected_keysTwo} = ['username', 'password']</msg>
<var>${expected_keysTwo}</var>
<arg>username</arg>
<arg>password</arg>
<doc>Returns a list containing given items.</doc>
<status status="PASS" start="2024-05-28T19:12:28.955831" elapsed="0.000169"/>
</kw>
<for flavor="IN">
<iter>
<kw name="Dictionary Should Contain Key" owner="Collections">
<msg time="2024-05-28T19:12:28.956910" level="INFO">False</msg>
<arg>${json_data['results'][0]['login']}</arg>
<arg>${keyTwo}</arg>
<doc>Fails if ``key`` is not found from ``dictionary``.</doc>
<status status="PASS" start="2024-05-28T19:12:28.956524" elapsed="0.000423"/>
</kw>
<kw name="Dictionary Should Contain Key" owner="Collections">
<msg time="2024-05-28T19:12:28.957641" level="INFO">False</msg>
<arg>${json_data['results'][0]['login']}</arg>
<arg>${keyTwo}</arg>
<doc>Fails if ``key`` is not found from ``dictionary``.</doc>
<status status="PASS" start="2024-05-28T19:12:28.957248" elapsed="0.000430"/>
</kw>
<kw name="Log" owner="BuiltIn">
<msg time="2024-05-28T19:12:28.958110" level="INFO">username</msg>
<arg>${keyTwo}</arg>
<doc>Logs the given message with the given level.</doc>
<status status="PASS" start="2024-05-28T19:12:28.957978" elapsed="0.000170"/>
</kw>
<var name="${keyTwo}">username</var>
<status status="PASS" start="2024-05-28T19:12:28.956411" elapsed="0.001955"/>
</iter>
<iter>
<kw name="Dictionary Should Contain Key" owner="Collections">
<msg time="2024-05-28T19:12:28.959032" level="INFO">False</msg>
<arg>${json_data['results'][0]['login']}</arg>
<arg>${keyTwo}</arg>
<doc>Fails if ``key`` is not found from ``dictionary``.</doc>
<status status="PASS" start="2024-05-28T19:12:28.958653" elapsed="0.000416"/>
</kw>
<kw name="Dictionary Should Contain Key" owner="Collections">
<msg time="2024-05-28T19:12:28.959779" level="INFO">False</msg>
<arg>${json_data['results'][0]['login']}</arg>
<arg>${keyTwo}</arg>
<doc>Fails if ``key`` is not found from ``dictionary``.</doc>
<status status="PASS" start="2024-05-28T19:12:28.959362" elapsed="0.000455"/>
</kw>
<kw name="Log" owner="BuiltIn">
<msg time="2024-05-28T19:12:28.960246" level="INFO">password</msg>
<arg>${keyTwo}</arg>
<doc>Logs the given message with the given level.</doc>
<status status="PASS" start="2024-05-28T19:12:28.960117" elapsed="0.000165"/>
</kw>
<var name="${keyTwo}">password</var>
<status status="PASS" start="2024-05-28T19:12:28.958541" elapsed="0.001966"/>
</iter>
<var>${keyTwo}</var>
<value>@{expected_keysTwo}</value>
<status status="PASS" start="2024-05-28T19:12:28.956249" elapsed="0.004379"/>
</for>
<status status="PASS" start="2024-05-28T19:12:28.839025" elapsed="0.121748"/>
</kw>
<doc>Testa a estrutura da resposta da API.</doc>
<tag>testeEstruturaResposta</tag>
<status status="PASS" start="2024-05-28T19:12:28.838513" elapsed="0.122424"/>
</test>
<test id="s1-s1-t4" name="Validar tipos de dados" line="28">
<kw name="Teste de Tipos de Dados" owner="random-user-service">
<kw name="GET On Session" owner="RequestsLibrary">
<msg time="2024-05-28T19:12:29.057041" level="INFO">GET Request : url=https://randomuser.me/api 
 path_url=/api 
 headers={'User-Agent': 'python-requests/2.32.2', 'Accept-Encoding': 'gzip, deflate', 'Accept': '*/*', 'Connection': 'keep-alive'} 
 body=None 
 </msg>
<msg time="2024-05-28T19:12:29.057158" level="INFO">GET Response : url=https://randomuser.me/api 
 status=200, reason=OK 
 headers={'Date': 'Tue, 28 May 2024 19:12:29 GMT', 'Content-Type': 'application/json; charset=utf-8', 'Transfer-Encoding': 'chunked', 'Connection': 'keep-alive', 'X-Powered-By': 'Express', 'Access-Control-Allow-Origin': '*', 'Cache-Control': 'no-cache', 'ETag': 'W/"498-yotn3nzH2iU/q/GOP/Fqg6IcYKo"', 'Vary': 'Accept-Encoding', 'Content-Encoding': 'gzip', 'CF-Cache-Status': 'DYNAMIC', 'Report-To': '{"endpoints":[{"url":"https:\\/\\/a.nel.cloudflare.com\\/report\\/v4?s=ac8Stf9z%2BcILinUh9iDOVtgCzGJf8tWvrH%2FI%2B%2Fz%2FuIXy25HTRdSusU6PfkZ7N%2FJmHI6oz%2BJKVVG5nG75g13hxPJBopogk7HQzST7fldxEx1eGb2xn5kxAipOMVNz%2FSeg"}],"group":"cf-nel","max_age":604800}', 'NEL': '{"success_fraction":0,"report_to":"cf-nel","max_age":604800}', 'Server': 'cloudflare', 'CF-RAY': '88b08e750b08cfa8-SJC', 'alt-svc': 'h3=":443"; ma=86400'} 
 body={"results":[{"gender":"male","name":{"title":"Mr","first":"Miroslav","last":"Berezovchenko"},"location":{"street":{"number":3471,"name":"Zaslonova"},"city":"Ilovaysk","state":"Lvivska","country":"Ukraine","postcode":57705,"coordinates":{"latitude":"79.4649","longitude":"-109.4030"},"timezone":{"offset":"+3:00","description":"Baghdad, Riyadh, Moscow, St. Petersburg"}},"email":"miroslav.berezovchenko@example.com","login":{"uuid":"91855588-fca9-4495-955c-729bc5c8fd52","username":"goldenrabbit542","password":"eraser","salt":"7XPMrLwe","md5":"b2cfdf26a5bf0125dbea5cf78cca7b63","sha1":"ab549258707177b8a6827225583730d2a594057d","sha256":"8ad74e9f6515c86714374f6183b4c9486ba349f7f9581290ee5ed572924bd1ea"},"dob":{"date":"1955-01-11T18:29:28.466Z","age":69},"registered":{"date":"2013-08-14T17:30:59.272Z","age":10},"phone":"(098) J75-9831","cell":"(097) Y40-1320","id":{"name":"","value":null},"picture":{"large":"https://randomuser.me/api/portraits/men/69.jpg","medium":"https://randomuser.me/api/portraits/med/men/69.jpg","thumbnail":"https://randomuser.me/api/portraits/thumb/men/69.jpg"},"nat":"UA"}],"info":{"seed":"1efa4bbaadbe1f8e","results":1,"page":1,"version":"1.4"}} 
 </msg>
<msg time="2024-05-28T19:12:29.057250" level="INFO">/opt/hostedtoolcache/Python/3.12.3/x64/lib/python3.12/site-packages/urllib3/connectionpool.py:1103: InsecureRequestWarning: Unverified HTTPS request is being made to host 'randomuser.me'. Adding certificate verification is strongly advised. See: https://urllib3.readthedocs.io/en/latest/advanced-usage.html#tls-warnings
  warnings.warn(</msg>
<msg time="2024-05-28T19:12:29.057413" level="INFO">${response} = &lt;Response [200]&gt;</msg>
<var>${response}</var>
<arg>consultarAPI</arg>
<arg>/api</arg>
<doc>Sends a GET request on a previously created HTTP Session.</doc>
<status status="PASS" start="2024-05-28T19:12:28.963629" elapsed="0.093830"/>
</kw>
<kw name="Set Variable" owner="BuiltIn">
<msg time="2024-05-28T19:12:29.058581" level="INFO">${json_data} = {'results': [{'gender': 'male', 'name': {'title': 'Mr', 'first': 'Miroslav', 'last': 'Berezovchenko'}, 'location': {'street': {'number': 3471, 'name': 'Zaslonova'}, 'city': 'Ilovaysk', 'state': 'Lvivs...</msg>
<var>${json_data}</var>
<arg>${response.json()}</arg>
<doc>Returns the given values which can then be assigned to a variables.</doc>
<status status="PASS" start="2024-05-28T19:12:29.058018" elapsed="0.000593"/>
</kw>
<kw name="Log" owner="BuiltIn">
<msg time="2024-05-28T19:12:29.059102" level="INFO">{'results': [{'gender': 'male', 'name': {'title': 'Mr', 'first': 'Miroslav', 'last': 'Berezovchenko'}, 'location': {'street': {'number': 3471, 'name': 'Zaslonova'}, 'city': 'Ilovaysk', 'state': 'Lvivska', 'country': 'Ukraine', 'postcode': 57705, 'coordinates': {'latitude': '79.4649', 'longitude': '-109.4030'}, 'timezone': {'offset': '+3:00', 'description': 'Baghdad, Riyadh, Moscow, St. Petersburg'}}, 'email': 'miroslav.berezovchenko@example.com', 'login': {'uuid': '91855588-fca9-4495-955c-729bc5c8fd52', 'username': 'goldenrabbit542', 'password': 'eraser', 'salt': '7XPMrLwe', 'md5': 'b2cfdf26a5bf0125dbea5cf78cca7b63', 'sha1': 'ab549258707177b8a6827225583730d2a594057d', 'sha256': '8ad74e9f6515c86714374f6183b4c9486ba349f7f9581290ee5ed572924bd1ea'}, 'dob': {'date': '1955-01-11T18:29:28.466Z', 'age': 69}, 'registered': {'date': '2013-08-14T17:30:59.272Z', 'age': 10}, 'phone': '(098) J75-9831', 'cell': '(097) Y40-1320', 'id': {'name': '', 'value': None}, 'picture': {'large': 'https://randomuser.me/api/portraits/men/69.jpg', 'medium': 'https://randomuser.me/api/portraits/med/men/69.jpg', 'thumbnail': 'https://randomuser.me/api/portraits/thumb/men/69.jpg'}, 'nat': 'UA'}], 'info': {'seed': '1efa4bbaadbe1f8e', 'results': 1, 'page': 1, 'version': '1.4'}}</msg>
<arg>${json_data}</arg>
<doc>Logs the given message with the given level.</doc>
<status status="PASS" start="2024-05-28T19:12:29.058939" elapsed="0.000259"/>
</kw>
<kw name="Should Be String" owner="String">
<arg>${json_data['results'][0]['gender']}</arg>
<doc>Fails if the given ``item`` is not a string.</doc>
<status status="PASS" start="2024-05-28T19:12:29.059553" elapsed="0.000403"/>
</kw>
<kw name="Should Match Regexp" owner="BuiltIn">
<arg>${json_data['results'][0]['email']}</arg>
<arg>^[a-zA-Z0-9._%+-]+@[a-zA-Z0-9.-]+\.[a-zA-Z]{2,}$</arg>
<doc>Fails if ``string`` does not match ``pattern`` as a regular expression.</doc>
<status status="PASS" start="2024-05-28T19:12:29.060155" elapsed="0.000684"/>
</kw>
<kw name="Should Match Regexp" owner="BuiltIn">
<arg>${json_data['results'][0]['dob']['date']}</arg>
<arg>\\d{4}-\\d{2}-\\d{2}T\\d{2}:\\d{2}:\\d{2}\\.\\d{3}Z</arg>
<doc>Fails if ``string`` does not match ``pattern`` as a regular expression.</doc>
<status status="PASS" start="2024-05-28T19:12:29.061039" elapsed="0.000495"/>
</kw>
<kw name="Should Match Regexp" owner="BuiltIn">
<arg>${json_data['results'][0]['registered']['date']}</arg>
<arg>\\d{4}-\\d{2}-\\d{2}T\\d{2}:\\d{2}:\\d{2}\\.\\d{3}Z</arg>
<doc>Fails if ``string`` does not match ``pattern`` as a regular expression.</doc>
<status status="PASS" start="2024-05-28T19:12:29.061758" elapsed="0.000375"/>
</kw>
<kw name="Should Match Regexp" owner="BuiltIn">
<arg>${json_data['results'][0]['picture']['large']}</arg>
<arg>^https?://.*\.(?:png|jpe?g|gif|bmp)$</arg>
<doc>Fails if ``string`` does not match ``pattern`` as a regular expression.</doc>
<status status="PASS" start="2024-05-28T19:12:29.062330" elapsed="0.000467"/>
</kw>
<kw name="Should Match Regexp" owner="BuiltIn">
<arg>${json_data['results'][0]['picture']['medium']}</arg>
<arg>^https?://.*\.(?:png|jpe?g|gif|bmp)$</arg>
<doc>Fails if ``string`` does not match ``pattern`` as a regular expression.</doc>
<status status="PASS" start="2024-05-28T19:12:29.062992" elapsed="0.000356"/>
</kw>
<kw name="Should Match Regexp" owner="BuiltIn">
<arg>${json_data['results'][0]['picture']['thumbnail']}</arg>
<arg>^https?://.*\.(?:png|jpe?g|gif|bmp)$</arg>
<doc>Fails if ``string`` does not match ``pattern`` as a regular expression.</doc>
<status status="PASS" start="2024-05-28T19:12:29.063561" elapsed="0.000418"/>
</kw>
<kw name="Log" owner="BuiltIn">
<msg time="2024-05-28T19:12:29.064510" level="INFO">{'large': 'https://randomuser.me/api/portraits/men/69.jpg', 'medium': 'https://randomuser.me/api/portraits/med/men/69.jpg', 'thumbnail': 'https://randomuser.me/api/portraits/thumb/men/69.jpg'}</msg>
<arg>${json_data['results'][0]['picture']}</arg>
<doc>Logs the given message with the given level.</doc>
<status status="PASS" start="2024-05-28T19:12:29.064181" elapsed="0.000370"/>
</kw>
<status status="PASS" start="2024-05-28T19:12:28.963348" elapsed="0.101468"/>
</kw>
<kw name="Teste de Tipos de Dados - Postcode" owner="random-user-service">
<kw name="GET On Session" owner="RequestsLibrary">
<msg time="2024-05-28T19:12:29.150383" level="INFO">GET Request : url=https://randomuser.me/api 
 path_url=/api 
 headers={'User-Agent': 'python-requests/2.32.2', 'Accept-Encoding': 'gzip, deflate', 'Accept': '*/*', 'Connection': 'keep-alive'} 
 body=None 
 </msg>
<msg time="2024-05-28T19:12:29.150500" level="INFO">GET Response : url=https://randomuser.me/api 
 status=200, reason=OK 
 headers={'Date': 'Tue, 28 May 2024 19:12:29 GMT', 'Content-Type': 'application/json; charset=utf-8', 'Transfer-Encoding': 'chunked', 'Connection': 'keep-alive', 'X-Powered-By': 'Express', 'Access-Control-Allow-Origin': '*', 'Cache-Control': 'no-cache', 'ETag': 'W/"49b-tAfEo+MUiPo3xfadSnwXMTf8RKg"', 'Vary': 'Accept-Encoding', 'Content-Encoding': 'gzip', 'CF-Cache-Status': 'DYNAMIC', 'Report-To': '{"endpoints":[{"url":"https:\\/\\/a.nel.cloudflare.com\\/report\\/v4?s=1mE%2BPrbPiCXKF9jVTrgvIvjjiGfpvjbLpZgpWvpG1a9lkx55LVPZXk%2BpjOWKwFo%2FPcLnep8t4vjcVjIiAc22iV%2BUnqMvrJs50hWASudm4JsUEHHDsX2WsRFFRvVmu5eu"}],"group":"cf-nel","max_age":604800}', 'NEL': '{"success_fraction":0,"report_to":"cf-nel","max_age":604800}', 'Server': 'cloudflare', 'CF-RAY': '88b08e75ab87cfa8-SJC', 'alt-svc': 'h3=":443"; ma=86400'} 
 body={"results":[{"gender":"male","name":{"title":"Mr","first":"Adolfo","last":"Campos"},"location":{"street":{"number":2978,"name":"Rua Sete de Setembro "},"city":"Rio Verde","state":"Pernambuco","country":"Brazil","postcode":81852,"coordinates":{"latitude":"-75.4930","longitude":"-145.6897"},"timezone":{"offset":"-3:00","description":"Brazil, Buenos Aires, Georgetown"}},"email":"adolfo.campos@example.com","login":{"uuid":"0154bc9c-3c37-4ae6-9487-d3430d0946aa","username":"lazyladybug845","password":"dang","salt":"mXmCN5zt","md5":"b5edaea4856cd5c34cc9e69171ec60d8","sha1":"78000a56253770bae8f74fe456cd5591ee464c40","sha256":"a1ec25baa69a3b92018db685a52e41f79aced6f7f5b21bf16dce2f7e63f32072"},"dob":{"date":"1957-08-06T17:25:27.283Z","age":66},"registered":{"date":"2007-05-07T18:57:26.870Z","age":17},"phone":"(08) 0524-6618","cell":"(59) 2862-4141","id":{"name":"CPF","value":"825.739.230-39"},"picture":{"large":"https://randomuser.me/api/portraits/men/19.jpg","medium":"https://randomuser.me/api/portraits/med/men/19.jpg","thumbnail":"https://randomuser.me/api/portraits/thumb/men/19.jpg"},"nat":"BR"}],"info":{"seed":"837f7fe2950fac0b","results":1,"page":1,"version":"1.4"}} 
 </msg>
<msg time="2024-05-28T19:12:29.150589" level="INFO">/opt/hostedtoolcache/Python/3.12.3/x64/lib/python3.12/site-packages/urllib3/connectionpool.py:1103: InsecureRequestWarning: Unverified HTTPS request is being made to host 'randomuser.me'. Adding certificate verification is strongly advised. See: https://urllib3.readthedocs.io/en/latest/advanced-usage.html#tls-warnings
  warnings.warn(</msg>
<msg time="2024-05-28T19:12:29.150736" level="INFO">${response} = &lt;Response [200]&gt;</msg>
<var>${response}</var>
<arg>consultarAPI</arg>
<arg>/api</arg>
<doc>Sends a GET request on a previously created HTTP Session.</doc>
<status status="PASS" start="2024-05-28T19:12:29.065292" elapsed="0.085490"/>
</kw>
<kw name="Set Variable" owner="BuiltIn">
<msg time="2024-05-28T19:12:29.151924" level="INFO">${json_data} = {'results': [{'gender': 'male', 'name': {'title': 'Mr', 'first': 'Adolfo', 'last': 'Campos'}, 'location': {'street': {'number': 2978, 'name': 'Rua Sete de Setembro '}, 'city': 'Rio Verde', 'state': 'P...</msg>
<var>${json_data}</var>
<arg>${response.json()}</arg>
<doc>Returns the given values which can then be assigned to a variables.</doc>
<status status="PASS" start="2024-05-28T19:12:29.151335" elapsed="0.000619"/>
</kw>
<kw name="Log" owner="BuiltIn">
<msg time="2024-05-28T19:12:29.152446" level="INFO">{'results': [{'gender': 'male', 'name': {'title': 'Mr', 'first': 'Adolfo', 'last': 'Campos'}, 'location': {'street': {'number': 2978, 'name': 'Rua Sete de Setembro '}, 'city': 'Rio Verde', 'state': 'Pernambuco', 'country': 'Brazil', 'postcode': 81852, 'coordinates': {'latitude': '-75.4930', 'longitude': '-145.6897'}, 'timezone': {'offset': '-3:00', 'description': 'Brazil, Buenos Aires, Georgetown'}}, 'email': 'adolfo.campos@example.com', 'login': {'uuid': '0154bc9c-3c37-4ae6-9487-d3430d0946aa', 'username': 'lazyladybug845', 'password': 'dang', 'salt': 'mXmCN5zt', 'md5': 'b5edaea4856cd5c34cc9e69171ec60d8', 'sha1': '78000a56253770bae8f74fe456cd5591ee464c40', 'sha256': 'a1ec25baa69a3b92018db685a52e41f79aced6f7f5b21bf16dce2f7e63f32072'}, 'dob': {'date': '1957-08-06T17:25:27.283Z', 'age': 66}, 'registered': {'date': '2007-05-07T18:57:26.870Z', 'age': 17}, 'phone': '(08) 0524-6618', 'cell': '(59) 2862-4141', 'id': {'name': 'CPF', 'value': '825.739.230-39'}, 'picture': {'large': 'https://randomuser.me/api/portraits/men/19.jpg', 'medium': 'https://randomuser.me/api/portraits/med/men/19.jpg', 'thumbnail': 'https://randomuser.me/api/portraits/thumb/men/19.jpg'}, 'nat': 'BR'}], 'info': {'seed': '837f7fe2950fac0b', 'results': 1, 'page': 1, 'version': '1.4'}}</msg>
<arg>${json_data}</arg>
<doc>Logs the given message with the given level.</doc>
<status status="PASS" start="2024-05-28T19:12:29.152283" elapsed="0.000260"/>
</kw>
<kw name="Should Be Equal As Numbers" owner="BuiltIn">
<arg>${json_data['results'][0]['location']['postcode']}</arg>
<arg>${json_data['results'][0]['location']['postcode']}</arg>
<doc>Fails if objects are unequal after converting them to real numbers.</doc>
<status status="PASS" start="2024-05-28T19:12:29.152859" elapsed="0.000642"/>
</kw>
<kw name="Log" owner="BuiltIn">
<msg time="2024-05-28T19:12:29.154058" level="INFO">81852</msg>
<arg>${json_data['results'][0]['location']['postcode']}</arg>
<doc>Logs the given message with the given level.</doc>
<status status="PASS" start="2024-05-28T19:12:29.153710" elapsed="0.000390"/>
</kw>
<status status="PASS" start="2024-05-28T19:12:29.065049" elapsed="0.089316"/>
</kw>
<doc>Testa se os tipos de dados na resposta da API estão corretos.</doc>
<tag>testeTiposDados</tag>
<status status="PASS" start="2024-05-28T19:12:28.962748" elapsed="0.191797"/>
</test>
<test id="s1-s1-t5" name="Validar conteudo" line="35">
<kw name="Teste de Tipos de Conteudo" owner="random-user-service">
<kw name="GET On Session" owner="RequestsLibrary">
<msg time="2024-05-28T19:12:29.250750" level="INFO">GET Request : url=https://randomuser.me/api 
 path_url=/api 
 headers={'User-Agent': 'python-requests/2.32.2', 'Accept-Encoding': 'gzip, deflate', 'Accept': '*/*', 'Connection': 'keep-alive'} 
 body=None 
 </msg>
<msg time="2024-05-28T19:12:29.250855" level="INFO">GET Response : url=https://randomuser.me/api 
 status=200, reason=OK 
 headers={'Date': 'Tue, 28 May 2024 19:12:29 GMT', 'Content-Type': 'application/json; charset=utf-8', 'Transfer-Encoding': 'chunked', 'Connection': 'keep-alive', 'X-Powered-By': 'Express', 'Access-Control-Allow-Origin': '*', 'Cache-Control': 'no-cache', 'ETag': 'W/"495-dvmLm0NpTbn0dvsJgezWGhl3WI0"', 'Vary': 'Accept-Encoding', 'Content-Encoding': 'gzip', 'CF-Cache-Status': 'DYNAMIC', 'Report-To': '{"endpoints":[{"url":"https:\\/\\/a.nel.cloudflare.com\\/report\\/v4?s=CT171eIrQLbvE0TLhmrkqtoTXQ9IwD2y59kHCltwOpNPctFdxm%2FCOj5QkTFV0JQQKr8O3%2FjhWegOVjmcfOWRxwiAMziQXFz4p1%2F0rJBo%2F%2BpCMugXu4%2FYmdWiduX1p60O"}],"group":"cf-nel","max_age":604800}', 'NEL': '{"success_fraction":0,"report_to":"cf-nel","max_age":604800}', 'Server': 'cloudflare', 'CF-RAY': '88b08e764c16cfa8-SJC', 'alt-svc': 'h3=":443"; ma=86400'} 
 body={"results":[{"gender":"male","name":{"title":"Mr","first":"Viktor","last":"Talanchuk"},"location":{"street":{"number":3761,"name":"Profesora Yaremi"},"city":"Yani Kapu","state":"Chernivecka","country":"Ukraine","postcode":45314,"coordinates":{"latitude":"75.1427","longitude":"-10.8055"},"timezone":{"offset":"+8:00","description":"Beijing, Perth, Singapore, Hong Kong"}},"email":"viktor.talanchuk@example.com","login":{"uuid":"2dd6f7f6-5a02-4df7-bb49-7244c4f842fc","username":"crazymeercat537","password":"pumpkin","salt":"tQdiZ9Cp","md5":"be103a555e92fbbb907eb13c34b05b08","sha1":"d30209c4e39555021b562ad2e169fdc5ac24b337","sha256":"34896b5df9b9cbd5c73eaa63112ad37a8f61f30b872173884aba28f930c299ef"},"dob":{"date":"1953-11-15T05:09:50.536Z","age":70},"registered":{"date":"2008-01-07T16:12:55.482Z","age":16},"phone":"(098) H95-3198","cell":"(067) I24-5405","id":{"name":"","value":null},"picture":{"large":"https://randomuser.me/api/portraits/men/29.jpg","medium":"https://randomuser.me/api/portraits/med/men/29.jpg","thumbnail":"https://randomuser.me/api/portraits/thumb/men/29.jpg"},"nat":"UA"}],"info":{"seed":"527ceb540b86c313","results":1,"page":1,"version":"1.4"}} 
 </msg>
<msg time="2024-05-28T19:12:29.250933" level="INFO">/opt/hostedtoolcache/Python/3.12.3/x64/lib/python3.12/site-packages/urllib3/connectionpool.py:1103: InsecureRequestWarning: Unverified HTTPS request is being made to host 'randomuser.me'. Adding certificate verification is strongly advised. See: https://urllib3.readthedocs.io/en/latest/advanced-usage.html#tls-warnings
  warnings.warn(</msg>
<msg time="2024-05-28T19:12:29.251079" level="INFO">${response} = &lt;Response [200]&gt;</msg>
<var>${response}</var>
<arg>consultarAPI</arg>
<arg>/api</arg>
<doc>Sends a GET request on a previously created HTTP Session.</doc>
<status status="PASS" start="2024-05-28T19:12:29.157251" elapsed="0.093875"/>
</kw>
<kw name="Set Variable" owner="BuiltIn">
<msg time="2024-05-28T19:12:29.252215" level="INFO">${json_data} = {'results': [{'gender': 'male', 'name': {'title': 'Mr', 'first': 'Viktor', 'last': 'Talanchuk'}, 'location': {'street': {'number': 3761, 'name': 'Profesora Yaremi'}, 'city': 'Yani Kapu', 'state': 'Che...</msg>
<var>${json_data}</var>
<arg>${response.json()}</arg>
<doc>Returns the given values which can then be assigned to a variables.</doc>
<status status="PASS" start="2024-05-28T19:12:29.251697" elapsed="0.000547"/>
</kw>
<kw name="Set Variable" owner="BuiltIn">
<msg time="2024-05-28T19:12:29.252955" level="INFO">${name_title} = Mr</msg>
<var>${name_title}</var>
<arg>${json_data["results"][0]["name"]["title"]}</arg>
<doc>Returns the given values which can then be assigned to a variables.</doc>
<status status="PASS" start="2024-05-28T19:12:29.252559" elapsed="0.000422"/>
</kw>
<kw name="Create List" owner="BuiltIn">
<msg time="2024-05-28T19:12:29.253441" level="INFO">${allowed_titles} = ['Mr', 'Ms', 'Miss', 'Mrs', 'Madame', 'Monsieur']</msg>
<var>${allowed_titles}</var>
<arg>Mr</arg>
<arg>Ms</arg>
<arg>Miss</arg>
<arg>Mrs</arg>
<arg>Madame</arg>
<arg>Monsieur</arg>
<doc>Returns a list containing given items.</doc>
<status status="PASS" start="2024-05-28T19:12:29.253288" elapsed="0.000178"/>
</kw>
<kw name="List Should Contain Value" owner="Collections">
<msg time="2024-05-28T19:12:29.253968" level="INFO">False</msg>
<arg>${allowed_titles}</arg>
<arg>${name_title}</arg>
<doc>Fails if the ``value`` is not found from ``list``.</doc>
<status status="PASS" start="2024-05-28T19:12:29.253782" elapsed="0.000226"/>
</kw>
<kw name="Set Variable" owner="BuiltIn">
<msg time="2024-05-28T19:12:29.254886" level="INFO">${name_country} = UA</msg>
<var>${name_country}</var>
<arg>${json_data["results"][0]["nat"]}</arg>
<doc>Returns the given values which can then be assigned to a variables.</doc>
<status status="PASS" start="2024-05-28T19:12:29.254308" elapsed="0.000605"/>
</kw>
<kw name="Create List" owner="BuiltIn">
<msg time="2024-05-28T19:12:29.255858" level="INFO">${list_country} = ['AD', 'AE', 'AF', 'AG', 'AI', 'AL', 'AM', 'AO', 'AQ', 'AR', 'AS', 'AT', 'AU', 'AW', 'AX', 'AZ', 'BA', 'BB', 'BD', 'BE', 'BF', 'BG', 'BH', 'BI', 'BJ', 'BL', 'BM', 'BN', 'BO', 'BQ', 'BR', 'BS', 'BT', '...</msg>
<var>${list_country}</var>
<arg>AD</arg>
<arg>AE</arg>
<arg>AF</arg>
<arg>AG</arg>
<arg>AI</arg>
<arg>AL</arg>
<arg>AM</arg>
<arg>AO</arg>
<arg>AQ</arg>
<arg>AR</arg>
<arg>AS</arg>
<arg>AT</arg>
<arg>AU</arg>
<arg>AW</arg>
<arg>AX</arg>
<arg>AZ</arg>
<arg>BA</arg>
<arg>BB</arg>
<arg>BD</arg>
<arg>BE</arg>
<arg>BF</arg>
<arg>BG</arg>
<arg>BH</arg>
<arg>BI</arg>
<arg>BJ</arg>
<arg>BL</arg>
<arg>BM</arg>
<arg>BN</arg>
<arg>BO</arg>
<arg>BQ</arg>
<arg>BR</arg>
<arg>BS</arg>
<arg>BT</arg>
<arg>BV</arg>
<arg>BW</arg>
<arg>BY</arg>
<arg>BZ</arg>
<arg>CA</arg>
<arg>CC</arg>
<arg>CD</arg>
<arg>CF</arg>
<arg>CG</arg>
<arg>CH</arg>
<arg>CI</arg>
<arg>CK</arg>
<arg>CL</arg>
<arg>CM</arg>
<arg>CN</arg>
<arg>CO</arg>
<arg>CR</arg>
<arg>CU</arg>
<arg>CV</arg>
<arg>CW</arg>
<arg>CX</arg>
<arg>CY</arg>
<arg>CZ</arg>
<arg>DE</arg>
<arg>DJ</arg>
<arg>DK</arg>
<arg>DM</arg>
<arg>DO</arg>
<arg>DZ</arg>
<arg>EC</arg>
<arg>EE</arg>
<arg>EG</arg>
<arg>EH</arg>
<arg>ER</arg>
<arg>ES</arg>
<arg>ET</arg>
<arg>FI</arg>
<arg>FJ</arg>
<arg>FK</arg>
<arg>FM</arg>
<arg>FO</arg>
<arg>FR</arg>
<arg>GA</arg>
<arg>GB</arg>
<arg>GD</arg>
<arg>GE</arg>
<arg>GF</arg>
<arg>GG</arg>
<arg>GH</arg>
<arg>GI</arg>
<arg>GL</arg>
<arg>GM</arg>
<arg>GN</arg>
<arg>GP</arg>
<arg>GQ</arg>
<arg>GR</arg>
<arg>GS</arg>
<arg>GT</arg>
<arg>GU</arg>
<arg>GW</arg>
<arg>GY</arg>
<arg>HK</arg>
<arg>HM</arg>
<arg>HN</arg>
<arg>HR</arg>
<arg>HT</arg>
<arg>HU</arg>
<arg>ID</arg>
<arg>IE</arg>
<arg>IL</arg>
<arg>IM</arg>
<arg>IN</arg>
<arg>IO</arg>
<arg>IQ</arg>
<arg>IR</arg>
<arg>IS</arg>
<arg>IT</arg>
<arg>JE</arg>
<arg>JM</arg>
<arg>JO</arg>
<arg>JP</arg>
<arg>KE</arg>
<arg>KG</arg>
<arg>KH</arg>
<arg>KI</arg>
<arg>KM</arg>
<arg>KN</arg>
<arg>KP</arg>
<arg>KR</arg>
<arg>KW</arg>
<arg>KY</arg>
<arg>KZ</arg>
<arg>LA</arg>
<arg>LB</arg>
<arg>LC</arg>
<arg>LI</arg>
<arg>LK</arg>
<arg>LR</arg>
<arg>LS</arg>
<arg>LT</arg>
<arg>LU</arg>
<arg>LV</arg>
<arg>LY</arg>
<arg>MA</arg>
<arg>MC</arg>
<arg>MD</arg>
<arg>ME</arg>
<arg>MF</arg>
<arg>MG</arg>
<arg>MH</arg>
<arg>MK</arg>
<arg>ML</arg>
<arg>MM</arg>
<arg>MN</arg>
<arg>MO</arg>
<arg>MP</arg>
<arg>MQ</arg>
<arg>MR</arg>
<arg>MS</arg>
<arg>MT</arg>
<arg>MU</arg>
<arg>MV</arg>
<arg>MW</arg>
<arg>MX</arg>
<arg>MY</arg>
<arg>MZ</arg>
<arg>NA</arg>
<arg>NC</arg>
<arg>NE</arg>
<arg>NF</arg>
<arg>NG</arg>
<arg>NI</arg>
<arg>NL</arg>
<arg>NO</arg>
<arg>NP</arg>
<arg>NR</arg>
<arg>NU</arg>
<arg>NZ</arg>
<arg>OM</arg>
<arg>PA</arg>
<arg>PE</arg>
<arg>PF</arg>
<arg>PG</arg>
<arg>PH</arg>
<arg>PK</arg>
<arg>PL</arg>
<arg>PM</arg>
<arg>PN</arg>
<arg>PR</arg>
<arg>PS</arg>
<arg>PT</arg>
<arg>PW</arg>
<arg>PY</arg>
<arg>QA</arg>
<arg>RE</arg>
<arg>RO</arg>
<arg>RS</arg>
<arg>RU</arg>
<arg>RW</arg>
<arg>SA</arg>
<arg>SB</arg>
<arg>SC</arg>
<arg>SD</arg>
<arg>SE</arg>
<arg>SG</arg>
<arg>SH</arg>
<arg>SI</arg>
<arg>SJ</arg>
<arg>SK</arg>
<arg>SL</arg>
<arg>SM</arg>
<arg>SN</arg>
<arg>SO</arg>
<arg>SR</arg>
<arg>SS</arg>
<arg>ST</arg>
<arg>SV</arg>
<arg>SX</arg>
<arg>SY</arg>
<arg>SZ</arg>
<arg>TC</arg>
<arg>TD</arg>
<arg>TF</arg>
<arg>TG</arg>
<arg>TH</arg>
<arg>TJ</arg>
<arg>TK</arg>
<arg>TL</arg>
<arg>TM</arg>
<arg>TN</arg>
<arg>TO</arg>
<arg>TR</arg>
<arg>TT</arg>
<arg>TV</arg>
<arg>TW</arg>
<arg>TZ</arg>
<arg>UA</arg>
<arg>UG</arg>
<arg>UM</arg>
<arg>US</arg>
<arg>UY</arg>
<arg>UZ</arg>
<arg>VA</arg>
<arg>VC</arg>
<arg>VE</arg>
<arg>VG</arg>
<arg>VI</arg>
<arg>VN</arg>
<arg>VU</arg>
<arg>WF</arg>
<arg>WS</arg>
<arg>XK</arg>
<arg>YE</arg>
<arg>YT</arg>
<arg>ZA</arg>
<arg>ZM</arg>
<arg>ZW</arg>
<doc>Returns a list containing given items.</doc>
<status status="PASS" start="2024-05-28T19:12:29.255226" elapsed="0.000659"/>
</kw>
<kw name="List Should Contain Value" owner="Collections">
<msg time="2024-05-28T19:12:29.256906" level="INFO">False</msg>
<arg>${list_country}</arg>
<arg>${name_country}</arg>
<doc>Fails if the ``value`` is not found from ``list``.</doc>
<status status="PASS" start="2024-05-28T19:12:29.256695" elapsed="0.000249"/>
</kw>
<kw name="Run Keyword If" owner="BuiltIn">
<kw name="Should Be True" owner="BuiltIn">
<arg>${True}</arg>
<doc>Fails if the given condition is not true.</doc>
<status status="PASS" start="2024-05-28T19:12:29.258041" elapsed="0.000148"/>
</kw>
<arg>${json_data["results"][0]["location"]["coordinates"]["latitude"]} &gt;= -90 and ${json_data["results"][0]["location"]["coordinates"]["latitude"]} &lt;= 90</arg>
<arg>Should Be True</arg>
<arg>${True}</arg>
<doc>Runs the given keyword with the given arguments, if ``condition`` is true.</doc>
<status status="PASS" start="2024-05-28T19:12:29.257263" elapsed="0.001056"/>
</kw>
<kw name="Run Keyword If" owner="BuiltIn">
<kw name="Should Be True" owner="BuiltIn">
<arg>${True}</arg>
<doc>Fails if the given condition is not true.</doc>
<status status="PASS" start="2024-05-28T19:12:29.259216" elapsed="0.000143"/>
</kw>
<arg>${json_data["results"][0]["location"]["coordinates"]["longitude"]} &gt;= -180 and ${json_data["results"][0]["location"]["coordinates"]["longitude"]} &lt;= 180</arg>
<arg>Should Be True</arg>
<arg>${True}</arg>
<doc>Runs the given keyword with the given arguments, if ``condition`` is true.</doc>
<status status="PASS" start="2024-05-28T19:12:29.258509" elapsed="0.000976"/>
</kw>
<status status="PASS" start="2024-05-28T19:12:29.157007" elapsed="0.102651"/>
</kw>
<doc>Testa o conteúdo específico dos campos retornados pela API.</doc>
<tag>testeConteudo</tag>
<status status="PASS" start="2024-05-28T19:12:29.156424" elapsed="0.103404"/>
</test>
<status status="PASS" start="2024-05-28T19:12:28.364539" elapsed="0.897302"/>
</suite>
<status status="PASS" start="2024-05-28T19:12:28.350729" elapsed="0.916419"/>
</suite>
<statistics>
<total>
<stat pass="5" fail="0" skip="0">All Tests</stat>
</total>
<tag>
<stat pass="1" fail="0" skip="0">testeConteudo</stat>
<stat pass="1" fail="0" skip="0">testeEstruturaResposta</stat>
<stat pass="1" fail="0" skip="0">testeRequisicaoBasica</stat>
<stat pass="1" fail="0" skip="0">testeTiposDados</stat>
</tag>
<suite>
<stat pass="5" fail="0" skip="0" id="s1" name="Tests">Tests</stat>
<stat pass="5" fail="0" skip="0" id="s1-s1" name="Random-User-Test">Tests.Random-User-Test</stat>
</suite>
</statistics>
<errors>
</errors>
</robot>
