<?xml version="1.0" encoding="UTF-8"?>
<robot generator="Robot 7.0 (Python 3.12.3 on linux)" generated="2024-05-15T07:14:39.794151" rpa="false" schemaversion="5">
<suite id="s1" name="Tests" source="/home/runner/work/DesafioQAItauRogerioJordao/DesafioQAItauRogerioJordao/RamdonUser/tests">
<suite id="s1-s1" name="Random-User-Test" source="/home/runner/work/DesafioQAItauRogerioJordao/DesafioQAItauRogerioJordao/RamdonUser/tests/random-user-test.robot">
<test id="s1-s1-t1" name="Conectar" line="13">
<kw name="Conectar API" owner="random-user-service">
<kw name="Create Session" owner="RequestsLibrary">
<msg time="2024-05-15T07:14:40.162148" level="INFO">Creating Session using : alias=consultarAPI, url=https://randomuser.me/, headers={},                     cookies={}, auth=None, timeout=None, proxies=None, verify=False,                     debug=0 </msg>
<arg>consultarAPI</arg>
<arg>${URL}</arg>
<doc>Create Session: create a HTTP session to a server</doc>
<status status="PASS" start="2024-05-15T07:14:40.161916" elapsed="0.000421"/>
</kw>
<status status="PASS" start="2024-05-15T07:14:40.160915" elapsed="0.001799"/>
</kw>
<status status="PASS" start="2024-05-15T07:14:40.160324" elapsed="0.002589"/>
</test>
<test id="s1-s1-t2" name="Validar retorno 200 e JSON Válido" line="16">
<kw name="Teste de Requisicao Basica" owner="random-user-service">
<kw name="GET On Session" owner="RequestsLibrary">
<msg time="2024-05-15T07:14:41.152698" level="INFO">GET Request : url=https://randomuser.me/api 
 path_url=/api 
 headers={'User-Agent': 'python-requests/2.31.0', 'Accept-Encoding': 'gzip, deflate', 'Accept': '*/*', 'Connection': 'keep-alive'} 
 body=None 
 </msg>
<msg time="2024-05-15T07:14:41.152857" level="INFO">GET Response : url=https://randomuser.me/api 
 status=200, reason=OK 
 headers={'Date': 'Wed, 15 May 2024 07:14:41 GMT', 'Content-Type': 'application/json; charset=utf-8', 'Transfer-Encoding': 'chunked', 'Connection': 'keep-alive', 'X-Powered-By': 'Express', 'Access-Control-Allow-Origin': '*', 'Cache-Control': 'no-cache', 'ETag': 'W/"48a-fIU493He7oflZAZu/WSnrMiYGPY"', 'Vary': 'Accept-Encoding', 'Content-Encoding': 'gzip', 'CF-Cache-Status': 'DYNAMIC', 'Report-To': '{"endpoints":[{"url":"https:\\/\\/a.nel.cloudflare.com\\/report\\/v4?s=fRfwk5xZs4qjamytDraTJBwdHKEhj0sRAG%2F3UVhxSqy55Q5FM3Ielvmj5%2FHwU0RM8u6sVEHtR30uY%2BCdOphyuAFqGMmf45Y5QRtwjatjQrYfB9DMtFRUne9uKiMS25gj"}],"group":"cf-nel","max_age":604800}', 'NEL': '{"success_fraction":0,"report_to":"cf-nel","max_age":604800}', 'Server': 'cloudflare', 'CF-RAY': '884155194ff59123-ORD', 'alt-svc': 'h3=":443"; ma=86400'} 
 body={"results":[{"gender":"female","name":{"title":"Miss","first":"Aubrey","last":"George"},"location":{"street":{"number":1078,"name":"E Pecan St"},"city":"Melbourne","state":"South Australia","country":"Australia","postcode":1423,"coordinates":{"latitude":"-84.1830","longitude":"173.7610"},"timezone":{"offset":"-11:00","description":"Midway Island, Samoa"}},"email":"aubrey.george@example.com","login":{"uuid":"14211399-5eaa-4e80-b403-bfcebb5b3d3b","username":"brownpanda959","password":"4242","salt":"5PN5Hbpq","md5":"3a082b174bf3f7ba40f2c4f254aa5582","sha1":"93dea6054a8e45f5144ea608da8c9030a2c5eb44","sha256":"18f98636262dfd139199e7c767b7ed37e93a91609a718a287a09d6dcd6a96fc0"},"dob":{"date":"1989-10-07T22:27:23.353Z","age":34},"registered":{"date":"2020-07-06T01:36:44.969Z","age":3},"phone":"07-3728-2661","cell":"0424-579-577","id":{"name":"TFN","value":"562226986"},"picture":{"large":"https://randomuser.me/api/portraits/women/68.jpg","medium":"https://randomuser.me/api/portraits/med/women/68.jpg","thumbnail":"https://randomuser.me/api/portraits/thumb/women/68.jpg"},"nat":"AU"}],"info":{"seed":"4332a76a3c1bf2e7","results":1,"page":1,"version":"1.4"}} 
 </msg>
<msg time="2024-05-15T07:14:41.152939" level="INFO">/opt/hostedtoolcache/Python/3.12.3/x64/lib/python3.12/site-packages/urllib3/connectionpool.py:1103: InsecureRequestWarning: Unverified HTTPS request is being made to host 'randomuser.me'. Adding certificate verification is strongly advised. See: https://urllib3.readthedocs.io/en/latest/advanced-usage.html#tls-warnings
  warnings.warn(</msg>
<msg time="2024-05-15T07:14:41.153084" level="INFO">${response} = &lt;Response [200]&gt;</msg>
<var>${response}</var>
<arg>consultarAPI</arg>
<arg>/api</arg>
<doc>Sends a GET request on a previously created HTTP Session.</doc>
<status status="PASS" start="2024-05-15T07:14:40.165543" elapsed="0.987608"/>
</kw>
<kw name="Should Be Equal As Numbers" owner="BuiltIn">
<msg time="2024-05-15T07:14:41.154259" level="INFO">Argument types are:
&lt;class 'int'&gt;
&lt;class 'str'&gt;</msg>
<arg>${response.status_code}</arg>
<arg>200</arg>
<doc>Fails if objects are unequal after converting them to real numbers.</doc>
<status status="PASS" start="2024-05-15T07:14:41.153725" elapsed="0.000601"/>
</kw>
<kw name="Log" owner="BuiltIn">
<msg time="2024-05-15T07:14:41.155033" level="INFO">200</msg>
<arg>${response.status_code}</arg>
<doc>Logs the given message with the given level.</doc>
<status status="PASS" start="2024-05-15T07:14:41.154684" elapsed="0.000390"/>
</kw>
<kw name="Set Variable" owner="BuiltIn">
<msg time="2024-05-15T07:14:41.155816" level="INFO">${json_data} = {'results': [{'gender': 'female', 'name': {'title': 'Miss', 'first': 'Aubrey', 'last': 'George'}, 'location': {'street': {'number': 1078, 'name': 'E Pecan St'}, 'city': 'Melbourne', 'state': 'South Au...</msg>
<var>${json_data}</var>
<arg>${response.json()}</arg>
<doc>Returns the given values which can then be assigned to a variables.</doc>
<status status="PASS" start="2024-05-15T07:14:41.155379" elapsed="0.000464"/>
</kw>
<kw name="Dictionary Should Contain Key" owner="Collections">
<msg time="2024-05-15T07:14:41.156333" level="INFO">False</msg>
<arg>${json_data}</arg>
<arg>results</arg>
<doc>Fails if ``key`` is not found from ``dictionary``.</doc>
<status status="PASS" start="2024-05-15T07:14:41.156153" elapsed="0.000220"/>
</kw>
<status status="PASS" start="2024-05-15T07:14:40.165288" elapsed="0.991343"/>
</kw>
<doc>Testa se a API responde corretamente e retorna um objeto JSON válido.</doc>
<tag>testeRequisicaoBasica</tag>
<status status="PASS" start="2024-05-15T07:14:40.164808" elapsed="0.992006"/>
</test>
<test id="s1-s1-t3" name="Validar estrutura de resposta" line="22">
<kw name="Teste de Estrutura de Resposta" owner="random-user-service">
<kw name="GET On Session" owner="RequestsLibrary">
<msg time="2024-05-15T07:14:41.253950" level="INFO">GET Request : url=https://randomuser.me/api 
 path_url=/api 
 headers={'User-Agent': 'python-requests/2.31.0', 'Accept-Encoding': 'gzip, deflate', 'Accept': '*/*', 'Connection': 'keep-alive'} 
 body=None 
 </msg>
<msg time="2024-05-15T07:14:41.254126" level="INFO">GET Response : url=https://randomuser.me/api 
 status=200, reason=OK 
 headers={'Date': 'Wed, 15 May 2024 07:14:41 GMT', 'Content-Type': 'application/json; charset=utf-8', 'Transfer-Encoding': 'chunked', 'Connection': 'keep-alive', 'X-Powered-By': 'Express', 'Access-Control-Allow-Origin': '*', 'Cache-Control': 'no-cache', 'ETag': 'W/"4ab-mHmtjXqoWi7FGqpqenbWUezmoXA"', 'Vary': 'Accept-Encoding', 'Content-Encoding': 'gzip', 'CF-Cache-Status': 'DYNAMIC', 'Report-To': '{"endpoints":[{"url":"https:\\/\\/a.nel.cloudflare.com\\/report\\/v4?s=nSOWPMO3NWSKTNwi43NpQdm9YzbcVY6ibSBmGMBr473J4%2FQcO7LkSY44OY4I4bqbNeoAilOLAcLHwW8Y46uy1mNTH2x7OjAMK%2F%2FOuI3H5w8TAAboSSzU7EwayC4CzApw"}],"group":"cf-nel","max_age":604800}', 'NEL': '{"success_fraction":0,"report_to":"cf-nel","max_age":604800}', 'Server': 'cloudflare', 'CF-RAY': '8841551f4ffe9123-ORD', 'alt-svc': 'h3=":443"; ma=86400'} 
 body={"results":[{"gender":"male","name":{"title":"Mr","first":"Tyrone","last":"Russell"},"location":{"street":{"number":421,"name":"Pockrus Page Rd"},"city":"Santa Maria","state":"California","country":"United States","postcode":11686,"coordinates":{"latitude":"86.1163","longitude":"-116.8910"},"timezone":{"offset":"0:00","description":"Western Europe Time, London, Lisbon, Casablanca"}},"email":"tyrone.russell@example.com","login":{"uuid":"fc70ac10-effc-409a-9c96-94279fe2dfc1","username":"purplegoose656","password":"sahara","salt":"688XdKOf","md5":"e3e4f09be92146f3c7dc4ce89565e079","sha1":"10aa82d979e563d4d155ac5b405a7274c516b4f2","sha256":"bf8af2c96ea3726426a2c9a94283fe149c075c9dd95d5d5d5f6351a020f182e7"},"dob":{"date":"1959-07-20T21:12:17.188Z","age":64},"registered":{"date":"2005-09-06T03:35:54.931Z","age":18},"phone":"(698) 389-7065","cell":"(335) 736-8413","id":{"name":"SSN","value":"749-97-8228"},"picture":{"large":"https://randomuser.me/api/portraits/men/46.jpg","medium":"https://randomuser.me/api/portraits/med/men/46.jpg","thumbnail":"https://randomuser.me/api/portraits/thumb/men/46.jpg"},"nat":"US"}],"info":{"seed":"d90850d25bbb126e","results":1,"page":1,"version":"1.4"}} 
 </msg>
<msg time="2024-05-15T07:14:41.254269" level="INFO">/opt/hostedtoolcache/Python/3.12.3/x64/lib/python3.12/site-packages/urllib3/connectionpool.py:1103: InsecureRequestWarning: Unverified HTTPS request is being made to host 'randomuser.me'. Adding certificate verification is strongly advised. See: https://urllib3.readthedocs.io/en/latest/advanced-usage.html#tls-warnings
  warnings.warn(</msg>
<msg time="2024-05-15T07:14:41.254400" level="INFO">${response} = &lt;Response [200]&gt;</msg>
<var>${response}</var>
<arg>consultarAPI</arg>
<arg>/api</arg>
<doc>Sends a GET request on a previously created HTTP Session.</doc>
<status status="PASS" start="2024-05-15T07:14:41.159449" elapsed="0.094989"/>
</kw>
<kw name="Set Variable" owner="BuiltIn">
<msg time="2024-05-15T07:14:41.255469" level="INFO">${json_data} = {'results': [{'gender': 'male', 'name': {'title': 'Mr', 'first': 'Tyrone', 'last': 'Russell'}, 'location': {'street': {'number': 421, 'name': 'Pockrus Page Rd'}, 'city': 'Santa Maria', 'state': 'Calif...</msg>
<var>${json_data}</var>
<arg>${response.json()}</arg>
<doc>Returns the given values which can then be assigned to a variables.</doc>
<status status="PASS" start="2024-05-15T07:14:41.254957" elapsed="0.000540"/>
</kw>
<kw name="Log" owner="BuiltIn">
<msg time="2024-05-15T07:14:41.255975" level="INFO">{'results': [{'gender': 'male', 'name': {'title': 'Mr', 'first': 'Tyrone', 'last': 'Russell'}, 'location': {'street': {'number': 421, 'name': 'Pockrus Page Rd'}, 'city': 'Santa Maria', 'state': 'California', 'country': 'United States', 'postcode': 11686, 'coordinates': {'latitude': '86.1163', 'longitude': '-116.8910'}, 'timezone': {'offset': '0:00', 'description': 'Western Europe Time, London, Lisbon, Casablanca'}}, 'email': 'tyrone.russell@example.com', 'login': {'uuid': 'fc70ac10-effc-409a-9c96-94279fe2dfc1', 'username': 'purplegoose656', 'password': 'sahara', 'salt': '688XdKOf', 'md5': 'e3e4f09be92146f3c7dc4ce89565e079', 'sha1': '10aa82d979e563d4d155ac5b405a7274c516b4f2', 'sha256': 'bf8af2c96ea3726426a2c9a94283fe149c075c9dd95d5d5d5f6351a020f182e7'}, 'dob': {'date': '1959-07-20T21:12:17.188Z', 'age': 64}, 'registered': {'date': '2005-09-06T03:35:54.931Z', 'age': 18}, 'phone': '(698) 389-7065', 'cell': '(335) 736-8413', 'id': {'name': 'SSN', 'value': '749-97-8228'}, 'picture': {'large': 'https://randomuser.me/api/portraits/men/46.jpg', 'medium': 'https://randomuser.me/api/portraits/med/men/46.jpg', 'thumbnail': 'https://randomuser.me/api/portraits/thumb/men/46.jpg'}, 'nat': 'US'}], 'info': {'seed': 'd90850d25bbb126e', 'results': 1, 'page': 1, 'version': '1.4'}}</msg>
<arg>${json_data}</arg>
<doc>Logs the given message with the given level.</doc>
<status status="PASS" start="2024-05-15T07:14:41.255804" elapsed="0.000218"/>
</kw>
<kw name="Dictionary Should Contain Key" owner="Collections">
<msg time="2024-05-15T07:14:41.256483" level="INFO">False</msg>
<arg>${json_data}</arg>
<arg>results</arg>
<doc>Fails if ``key`` is not found from ``dictionary``.</doc>
<status status="PASS" start="2024-05-15T07:14:41.256320" elapsed="0.000198"/>
</kw>
<kw name="Should Not Be Empty" owner="BuiltIn">
<msg time="2024-05-15T07:14:41.256935" level="INFO">Length is 2.</msg>
<arg>${json_data}</arg>
<doc>Verifies that the given item is not empty.</doc>
<status status="PASS" start="2024-05-15T07:14:41.256808" elapsed="0.000324"/>
</kw>
<kw name="Create List" owner="BuiltIn">
<msg time="2024-05-15T07:14:41.257584" level="INFO">${expected_keys} = ['gender', 'name', 'location', 'email', 'login']</msg>
<var>${expected_keys}</var>
<arg>gender</arg>
<arg>name</arg>
<arg>location</arg>
<arg>email</arg>
<arg>login</arg>
<doc>Returns a list containing given items.</doc>
<status status="PASS" start="2024-05-15T07:14:41.257431" elapsed="0.000176"/>
</kw>
<for flavor="IN">
<iter>
<kw name="Dictionary Should Contain Key" owner="Collections">
<msg time="2024-05-15T07:14:41.258642" level="INFO">False</msg>
<arg>${json_data['results'][0]}</arg>
<arg>${key}</arg>
<doc>Fails if ``key`` is not found from ``dictionary``.</doc>
<status status="PASS" start="2024-05-15T07:14:41.258235" elapsed="0.000445"/>
</kw>
<kw name="Log" owner="BuiltIn">
<msg time="2024-05-15T07:14:41.259346" level="INFO">{'gender': 'male', 'name': {'title': 'Mr', 'first': 'Tyrone', 'last': 'Russell'}, 'location': {'street': {'number': 421, 'name': 'Pockrus Page Rd'}, 'city': 'Santa Maria', 'state': 'California', 'country': 'United States', 'postcode': 11686, 'coordinates': {'latitude': '86.1163', 'longitude': '-116.8910'}, 'timezone': {'offset': '0:00', 'description': 'Western Europe Time, London, Lisbon, Casablanca'}}, 'email': 'tyrone.russell@example.com', 'login': {'uuid': 'fc70ac10-effc-409a-9c96-94279fe2dfc1', 'username': 'purplegoose656', 'password': 'sahara', 'salt': '688XdKOf', 'md5': 'e3e4f09be92146f3c7dc4ce89565e079', 'sha1': '10aa82d979e563d4d155ac5b405a7274c516b4f2', 'sha256': 'bf8af2c96ea3726426a2c9a94283fe149c075c9dd95d5d5d5f6351a020f182e7'}, 'dob': {'date': '1959-07-20T21:12:17.188Z', 'age': 64}, 'registered': {'date': '2005-09-06T03:35:54.931Z', 'age': 18}, 'phone': '(698) 389-7065', 'cell': '(335) 736-8413', 'id': {'name': 'SSN', 'value': '749-97-8228'}, 'picture': {'large': 'https://randomuser.me/api/portraits/men/46.jpg', 'medium': 'https://randomuser.me/api/portraits/med/men/46.jpg', 'thumbnail': 'https://randomuser.me/api/portraits/thumb/men/46.jpg'}, 'nat': 'US'}</msg>
<arg>${json_data['results'][0]}</arg>
<doc>Logs the given message with the given level.</doc>
<status status="PASS" start="2024-05-15T07:14:41.258978" elapsed="0.000416"/>
</kw>
<kw name="Log" owner="BuiltIn">
<msg time="2024-05-15T07:14:41.259836" level="INFO">gender</msg>
<arg>${key}</arg>
<doc>Logs the given message with the given level.</doc>
<status status="PASS" start="2024-05-15T07:14:41.259706" elapsed="0.000168"/>
</kw>
<var name="${key}">gender</var>
<status status="PASS" start="2024-05-15T07:14:41.258105" elapsed="0.001994"/>
</iter>
<iter>
<kw name="Dictionary Should Contain Key" owner="Collections">
<msg time="2024-05-15T07:14:41.260775" level="INFO">False</msg>
<arg>${json_data['results'][0]}</arg>
<arg>${key}</arg>
<doc>Fails if ``key`` is not found from ``dictionary``.</doc>
<status status="PASS" start="2024-05-15T07:14:41.260395" elapsed="0.000448"/>
</kw>
<kw name="Log" owner="BuiltIn">
<msg time="2024-05-15T07:14:41.261518" level="INFO">{'gender': 'male', 'name': {'title': 'Mr', 'first': 'Tyrone', 'last': 'Russell'}, 'location': {'street': {'number': 421, 'name': 'Pockrus Page Rd'}, 'city': 'Santa Maria', 'state': 'California', 'country': 'United States', 'postcode': 11686, 'coordinates': {'latitude': '86.1163', 'longitude': '-116.8910'}, 'timezone': {'offset': '0:00', 'description': 'Western Europe Time, London, Lisbon, Casablanca'}}, 'email': 'tyrone.russell@example.com', 'login': {'uuid': 'fc70ac10-effc-409a-9c96-94279fe2dfc1', 'username': 'purplegoose656', 'password': 'sahara', 'salt': '688XdKOf', 'md5': 'e3e4f09be92146f3c7dc4ce89565e079', 'sha1': '10aa82d979e563d4d155ac5b405a7274c516b4f2', 'sha256': 'bf8af2c96ea3726426a2c9a94283fe149c075c9dd95d5d5d5f6351a020f182e7'}, 'dob': {'date': '1959-07-20T21:12:17.188Z', 'age': 64}, 'registered': {'date': '2005-09-06T03:35:54.931Z', 'age': 18}, 'phone': '(698) 389-7065', 'cell': '(335) 736-8413', 'id': {'name': 'SSN', 'value': '749-97-8228'}, 'picture': {'large': 'https://randomuser.me/api/portraits/men/46.jpg', 'medium': 'https://randomuser.me/api/portraits/med/men/46.jpg', 'thumbnail': 'https://randomuser.me/api/portraits/thumb/men/46.jpg'}, 'nat': 'US'}</msg>
<arg>${json_data['results'][0]}</arg>
<doc>Logs the given message with the given level.</doc>
<status status="PASS" start="2024-05-15T07:14:41.261155" elapsed="0.000409"/>
</kw>
<kw name="Log" owner="BuiltIn">
<msg time="2024-05-15T07:14:41.261999" level="INFO">name</msg>
<arg>${key}</arg>
<doc>Logs the given message with the given level.</doc>
<status status="PASS" start="2024-05-15T07:14:41.261854" elapsed="0.000185"/>
</kw>
<var name="${key}">name</var>
<status status="PASS" start="2024-05-15T07:14:41.260281" elapsed="0.001975"/>
</iter>
<iter>
<kw name="Dictionary Should Contain Key" owner="Collections">
<msg time="2024-05-15T07:14:41.262929" level="INFO">False</msg>
<arg>${json_data['results'][0]}</arg>
<arg>${key}</arg>
<doc>Fails if ``key`` is not found from ``dictionary``.</doc>
<status status="PASS" start="2024-05-15T07:14:41.262546" elapsed="0.000419"/>
</kw>
<kw name="Log" owner="BuiltIn">
<msg time="2024-05-15T07:14:41.263612" level="INFO">{'gender': 'male', 'name': {'title': 'Mr', 'first': 'Tyrone', 'last': 'Russell'}, 'location': {'street': {'number': 421, 'name': 'Pockrus Page Rd'}, 'city': 'Santa Maria', 'state': 'California', 'country': 'United States', 'postcode': 11686, 'coordinates': {'latitude': '86.1163', 'longitude': '-116.8910'}, 'timezone': {'offset': '0:00', 'description': 'Western Europe Time, London, Lisbon, Casablanca'}}, 'email': 'tyrone.russell@example.com', 'login': {'uuid': 'fc70ac10-effc-409a-9c96-94279fe2dfc1', 'username': 'purplegoose656', 'password': 'sahara', 'salt': '688XdKOf', 'md5': 'e3e4f09be92146f3c7dc4ce89565e079', 'sha1': '10aa82d979e563d4d155ac5b405a7274c516b4f2', 'sha256': 'bf8af2c96ea3726426a2c9a94283fe149c075c9dd95d5d5d5f6351a020f182e7'}, 'dob': {'date': '1959-07-20T21:12:17.188Z', 'age': 64}, 'registered': {'date': '2005-09-06T03:35:54.931Z', 'age': 18}, 'phone': '(698) 389-7065', 'cell': '(335) 736-8413', 'id': {'name': 'SSN', 'value': '749-97-8228'}, 'picture': {'large': 'https://randomuser.me/api/portraits/men/46.jpg', 'medium': 'https://randomuser.me/api/portraits/med/men/46.jpg', 'thumbnail': 'https://randomuser.me/api/portraits/thumb/men/46.jpg'}, 'nat': 'US'}</msg>
<arg>${json_data['results'][0]}</arg>
<doc>Logs the given message with the given level.</doc>
<status status="PASS" start="2024-05-15T07:14:41.263259" elapsed="0.000398"/>
</kw>
<kw name="Log" owner="BuiltIn">
<msg time="2024-05-15T07:14:41.264069" level="INFO">location</msg>
<arg>${key}</arg>
<doc>Logs the given message with the given level.</doc>
<status status="PASS" start="2024-05-15T07:14:41.263946" elapsed="0.000160"/>
</kw>
<var name="${key}">location</var>
<status status="PASS" start="2024-05-15T07:14:41.262438" elapsed="0.001881"/>
</iter>
<iter>
<kw name="Dictionary Should Contain Key" owner="Collections">
<msg time="2024-05-15T07:14:41.264976" level="INFO">False</msg>
<arg>${json_data['results'][0]}</arg>
<arg>${key}</arg>
<doc>Fails if ``key`` is not found from ``dictionary``.</doc>
<status status="PASS" start="2024-05-15T07:14:41.264598" elapsed="0.000414"/>
</kw>
<kw name="Log" owner="BuiltIn">
<msg time="2024-05-15T07:14:41.265698" level="INFO">{'gender': 'male', 'name': {'title': 'Mr', 'first': 'Tyrone', 'last': 'Russell'}, 'location': {'street': {'number': 421, 'name': 'Pockrus Page Rd'}, 'city': 'Santa Maria', 'state': 'California', 'country': 'United States', 'postcode': 11686, 'coordinates': {'latitude': '86.1163', 'longitude': '-116.8910'}, 'timezone': {'offset': '0:00', 'description': 'Western Europe Time, London, Lisbon, Casablanca'}}, 'email': 'tyrone.russell@example.com', 'login': {'uuid': 'fc70ac10-effc-409a-9c96-94279fe2dfc1', 'username': 'purplegoose656', 'password': 'sahara', 'salt': '688XdKOf', 'md5': 'e3e4f09be92146f3c7dc4ce89565e079', 'sha1': '10aa82d979e563d4d155ac5b405a7274c516b4f2', 'sha256': 'bf8af2c96ea3726426a2c9a94283fe149c075c9dd95d5d5d5f6351a020f182e7'}, 'dob': {'date': '1959-07-20T21:12:17.188Z', 'age': 64}, 'registered': {'date': '2005-09-06T03:35:54.931Z', 'age': 18}, 'phone': '(698) 389-7065', 'cell': '(335) 736-8413', 'id': {'name': 'SSN', 'value': '749-97-8228'}, 'picture': {'large': 'https://randomuser.me/api/portraits/men/46.jpg', 'medium': 'https://randomuser.me/api/portraits/med/men/46.jpg', 'thumbnail': 'https://randomuser.me/api/portraits/thumb/men/46.jpg'}, 'nat': 'US'}</msg>
<arg>${json_data['results'][0]}</arg>
<doc>Logs the given message with the given level.</doc>
<status status="PASS" start="2024-05-15T07:14:41.265325" elapsed="0.000420"/>
</kw>
<kw name="Log" owner="BuiltIn">
<msg time="2024-05-15T07:14:41.266210" level="INFO">email</msg>
<arg>${key}</arg>
<doc>Logs the given message with the given level.</doc>
<status status="PASS" start="2024-05-15T07:14:41.266070" elapsed="0.000177"/>
</kw>
<var name="${key}">email</var>
<status status="PASS" start="2024-05-15T07:14:41.264489" elapsed="0.001971"/>
</iter>
<iter>
<kw name="Dictionary Should Contain Key" owner="Collections">
<msg time="2024-05-15T07:14:41.267138" level="INFO">False</msg>
<arg>${json_data['results'][0]}</arg>
<arg>${key}</arg>
<doc>Fails if ``key`` is not found from ``dictionary``.</doc>
<status status="PASS" start="2024-05-15T07:14:41.266749" elapsed="0.000428"/>
</kw>
<kw name="Log" owner="BuiltIn">
<msg time="2024-05-15T07:14:41.267833" level="INFO">{'gender': 'male', 'name': {'title': 'Mr', 'first': 'Tyrone', 'last': 'Russell'}, 'location': {'street': {'number': 421, 'name': 'Pockrus Page Rd'}, 'city': 'Santa Maria', 'state': 'California', 'country': 'United States', 'postcode': 11686, 'coordinates': {'latitude': '86.1163', 'longitude': '-116.8910'}, 'timezone': {'offset': '0:00', 'description': 'Western Europe Time, London, Lisbon, Casablanca'}}, 'email': 'tyrone.russell@example.com', 'login': {'uuid': 'fc70ac10-effc-409a-9c96-94279fe2dfc1', 'username': 'purplegoose656', 'password': 'sahara', 'salt': '688XdKOf', 'md5': 'e3e4f09be92146f3c7dc4ce89565e079', 'sha1': '10aa82d979e563d4d155ac5b405a7274c516b4f2', 'sha256': 'bf8af2c96ea3726426a2c9a94283fe149c075c9dd95d5d5d5f6351a020f182e7'}, 'dob': {'date': '1959-07-20T21:12:17.188Z', 'age': 64}, 'registered': {'date': '2005-09-06T03:35:54.931Z', 'age': 18}, 'phone': '(698) 389-7065', 'cell': '(335) 736-8413', 'id': {'name': 'SSN', 'value': '749-97-8228'}, 'picture': {'large': 'https://randomuser.me/api/portraits/men/46.jpg', 'medium': 'https://randomuser.me/api/portraits/med/men/46.jpg', 'thumbnail': 'https://randomuser.me/api/portraits/thumb/men/46.jpg'}, 'nat': 'US'}</msg>
<arg>${json_data['results'][0]}</arg>
<doc>Logs the given message with the given level.</doc>
<status status="PASS" start="2024-05-15T07:14:41.267472" elapsed="0.000406"/>
</kw>
<kw name="Log" owner="BuiltIn">
<msg time="2024-05-15T07:14:41.268296" level="INFO">login</msg>
<arg>${key}</arg>
<doc>Logs the given message with the given level.</doc>
<status status="PASS" start="2024-05-15T07:14:41.268171" elapsed="0.000195"/>
</kw>
<var name="${key}">login</var>
<status status="PASS" start="2024-05-15T07:14:41.266638" elapsed="0.001947"/>
</iter>
<var>${key}</var>
<value>@{expected_keys}</value>
<status status="PASS" start="2024-05-15T07:14:41.257863" elapsed="0.010840"/>
</for>
<kw name="Create List" owner="BuiltIn">
<msg time="2024-05-15T07:14:41.269028" level="INFO">${expected_keysTwo} = ['username', 'password']</msg>
<var>${expected_keysTwo}</var>
<arg>username</arg>
<arg>password</arg>
<doc>Returns a list containing given items.</doc>
<status status="PASS" start="2024-05-15T07:14:41.268892" elapsed="0.000159"/>
</kw>
<for flavor="IN">
<iter>
<kw name="Dictionary Should Contain Key" owner="Collections">
<msg time="2024-05-15T07:14:41.269924" level="INFO">False</msg>
<arg>${json_data['results'][0]['login']}</arg>
<arg>${keyTwo}</arg>
<doc>Fails if ``key`` is not found from ``dictionary``.</doc>
<status status="PASS" start="2024-05-15T07:14:41.269539" elapsed="0.000422"/>
</kw>
<kw name="Dictionary Should Contain Key" owner="Collections">
<msg time="2024-05-15T07:14:41.270661" level="INFO">False</msg>
<arg>${json_data['results'][0]['login']}</arg>
<arg>${keyTwo}</arg>
<doc>Fails if ``key`` is not found from ``dictionary``.</doc>
<status status="PASS" start="2024-05-15T07:14:41.270285" elapsed="0.000413"/>
</kw>
<kw name="Log" owner="BuiltIn">
<msg time="2024-05-15T07:14:41.271123" level="INFO">username</msg>
<arg>${keyTwo}</arg>
<doc>Logs the given message with the given level.</doc>
<status status="PASS" start="2024-05-15T07:14:41.270998" elapsed="0.000177"/>
</kw>
<var name="${keyTwo}">username</var>
<status status="PASS" start="2024-05-15T07:14:41.269431" elapsed="0.001954"/>
</iter>
<iter>
<kw name="Dictionary Should Contain Key" owner="Collections">
<msg time="2024-05-15T07:14:41.272122" level="INFO">False</msg>
<arg>${json_data['results'][0]['login']}</arg>
<arg>${keyTwo}</arg>
<doc>Fails if ``key`` is not found from ``dictionary``.</doc>
<status status="PASS" start="2024-05-15T07:14:41.271661" elapsed="0.000500"/>
</kw>
<kw name="Dictionary Should Contain Key" owner="Collections">
<msg time="2024-05-15T07:14:41.272829" level="INFO">False</msg>
<arg>${json_data['results'][0]['login']}</arg>
<arg>${keyTwo}</arg>
<doc>Fails if ``key`` is not found from ``dictionary``.</doc>
<status status="PASS" start="2024-05-15T07:14:41.272455" elapsed="0.000409"/>
</kw>
<kw name="Log" owner="BuiltIn">
<msg time="2024-05-15T07:14:41.273279" level="INFO">password</msg>
<arg>${keyTwo}</arg>
<doc>Logs the given message with the given level.</doc>
<status status="PASS" start="2024-05-15T07:14:41.273154" elapsed="0.000161"/>
</kw>
<var name="${keyTwo}">password</var>
<status status="PASS" start="2024-05-15T07:14:41.271553" elapsed="0.001974"/>
</iter>
<var>${keyTwo}</var>
<value>@{expected_keysTwo}</value>
<status status="PASS" start="2024-05-15T07:14:41.269283" elapsed="0.004363"/>
</for>
<status status="PASS" start="2024-05-15T07:14:41.159210" elapsed="0.114575"/>
</kw>
<doc>Testa a estrutura da resposta da API.</doc>
<tag>testeEstruturaResposta</tag>
<status status="PASS" start="2024-05-15T07:14:41.158698" elapsed="0.115253"/>
</test>
<test id="s1-s1-t4" name="Validar tipos de dados" line="28">
<kw name="Teste de Tipos de Dados" owner="random-user-service">
<kw name="GET On Session" owner="RequestsLibrary">
<msg time="2024-05-15T07:14:41.313269" level="INFO">GET Request : url=https://randomuser.me/api 
 path_url=/api 
 headers={'User-Agent': 'python-requests/2.31.0', 'Accept-Encoding': 'gzip, deflate', 'Accept': '*/*', 'Connection': 'keep-alive'} 
 body=None 
 </msg>
<msg time="2024-05-15T07:14:41.313349" level="INFO">GET Response : url=https://randomuser.me/api 
 status=200, reason=OK 
 headers={'Date': 'Wed, 15 May 2024 07:14:41 GMT', 'Content-Type': 'application/json; charset=utf-8', 'Transfer-Encoding': 'chunked', 'Connection': 'keep-alive', 'X-Powered-By': 'Express', 'Access-Control-Allow-Origin': '*', 'Cache-Control': 'no-cache', 'ETag': 'W/"48f-wAxAcnC7WlDvZtrloLV3jghKD/c"', 'Vary': 'Accept-Encoding', 'Content-Encoding': 'gzip', 'CF-Cache-Status': 'DYNAMIC', 'Report-To': '{"endpoints":[{"url":"https:\\/\\/a.nel.cloudflare.com\\/report\\/v4?s=sqwxXuMUlAtEIc1oJWqJhxaOu4yn5AfhBcWKEF%2BLEMfwMaXfjK1ZNj0G8vKvS3K8fOuCap9E8O5P1YIfwmgBrhZddHW2fNAMjNXmDO3S9ev9EFH%2B8CdIIe3OKu4T50Me"}],"group":"cf-nel","max_age":604800}', 'NEL': '{"success_fraction":0,"report_to":"cf-nel","max_age":604800}', 'Server': 'cloudflare', 'CF-RAY': '8841552008e99123-ORD', 'alt-svc': 'h3=":443"; ma=86400'} 
 body={"results":[{"gender":"female","name":{"title":"Miss","first":"Maria","last":"Mortensen"},"location":{"street":{"number":7502,"name":"Langgade"},"city":"Saltum","state":"Sjælland","country":"Denmark","postcode":59459,"coordinates":{"latitude":"-38.8498","longitude":"35.0684"},"timezone":{"offset":"+10:00","description":"Eastern Australia, Guam, Vladivostok"}},"email":"maria.mortensen@example.com","login":{"uuid":"a84fc7bb-8819-4d6b-a7c9-eb038b439f53","username":"organicwolf727","password":"sherry","salt":"GhK1AUzE","md5":"7e239648f5ca846d8fa6322d705b6689","sha1":"eddc0b5e78c14fd547ba2cf9d52bb129636e2d6e","sha256":"61abb5ecce37d0816bf5a20da663d28da4e108e8a572a44709ecea6f9da77899"},"dob":{"date":"1946-11-22T21:03:20.350Z","age":77},"registered":{"date":"2006-03-04T23:29:39.714Z","age":18},"phone":"72159310","cell":"76070353","id":{"name":"CPR","value":"221146-0520"},"picture":{"large":"https://randomuser.me/api/portraits/women/51.jpg","medium":"https://randomuser.me/api/portraits/med/women/51.jpg","thumbnail":"https://randomuser.me/api/portraits/thumb/women/51.jpg"},"nat":"DK"}],"info":{"seed":"35f07d3c73e92936","results":1,"page":1,"version":"1.4"}} 
 </msg>
<msg time="2024-05-15T07:14:41.313421" level="INFO">/opt/hostedtoolcache/Python/3.12.3/x64/lib/python3.12/site-packages/urllib3/connectionpool.py:1103: InsecureRequestWarning: Unverified HTTPS request is being made to host 'randomuser.me'. Adding certificate verification is strongly advised. See: https://urllib3.readthedocs.io/en/latest/advanced-usage.html#tls-warnings
  warnings.warn(</msg>
<msg time="2024-05-15T07:14:41.313537" level="INFO">${response} = &lt;Response [200]&gt;</msg>
<var>${response}</var>
<arg>consultarAPI</arg>
<arg>/api</arg>
<doc>Sends a GET request on a previously created HTTP Session.</doc>
<status status="PASS" start="2024-05-15T07:14:41.276505" elapsed="0.037075"/>
</kw>
<kw name="Set Variable" owner="BuiltIn">
<msg time="2024-05-15T07:14:41.314493" level="INFO">${json_data} = {'results': [{'gender': 'female', 'name': {'title': 'Miss', 'first': 'Maria', 'last': 'Mortensen'}, 'location': {'street': {'number': 7502, 'name': 'Langgade'}, 'city': 'Saltum', 'state': 'Sjælland', ...</msg>
<var>${json_data}</var>
<arg>${response.json()}</arg>
<doc>Returns the given values which can then be assigned to a variables.</doc>
<status status="PASS" start="2024-05-15T07:14:41.314009" elapsed="0.000513"/>
</kw>
<kw name="Log" owner="BuiltIn">
<msg time="2024-05-15T07:14:41.314983" level="INFO">{'results': [{'gender': 'female', 'name': {'title': 'Miss', 'first': 'Maria', 'last': 'Mortensen'}, 'location': {'street': {'number': 7502, 'name': 'Langgade'}, 'city': 'Saltum', 'state': 'Sjælland', 'country': 'Denmark', 'postcode': 59459, 'coordinates': {'latitude': '-38.8498', 'longitude': '35.0684'}, 'timezone': {'offset': '+10:00', 'description': 'Eastern Australia, Guam, Vladivostok'}}, 'email': 'maria.mortensen@example.com', 'login': {'uuid': 'a84fc7bb-8819-4d6b-a7c9-eb038b439f53', 'username': 'organicwolf727', 'password': 'sherry', 'salt': 'GhK1AUzE', 'md5': '7e239648f5ca846d8fa6322d705b6689', 'sha1': 'eddc0b5e78c14fd547ba2cf9d52bb129636e2d6e', 'sha256': '61abb5ecce37d0816bf5a20da663d28da4e108e8a572a44709ecea6f9da77899'}, 'dob': {'date': '1946-11-22T21:03:20.350Z', 'age': 77}, 'registered': {'date': '2006-03-04T23:29:39.714Z', 'age': 18}, 'phone': '72159310', 'cell': '76070353', 'id': {'name': 'CPR', 'value': '221146-0520'}, 'picture': {'large': 'https://randomuser.me/api/portraits/women/51.jpg', 'medium': 'https://randomuser.me/api/portraits/med/women/51.jpg', 'thumbnail': 'https://randomuser.me/api/portraits/thumb/women/51.jpg'}, 'nat': 'DK'}], 'info': {'seed': '35f07d3c73e92936', 'results': 1, 'page': 1, 'version': '1.4'}}</msg>
<arg>${json_data}</arg>
<doc>Logs the given message with the given level.</doc>
<status status="PASS" start="2024-05-15T07:14:41.314828" elapsed="0.000237"/>
</kw>
<kw name="Should Be String" owner="String">
<arg>${json_data['results'][0]['gender']}</arg>
<doc>Fails if the given ``item`` is not a string.</doc>
<status status="PASS" start="2024-05-15T07:14:41.315361" elapsed="0.000367"/>
</kw>
<kw name="Should Match Regexp" owner="BuiltIn">
<arg>${json_data['results'][0]['email']}</arg>
<arg>^[a-zA-Z0-9._%+-]+@[a-zA-Z0-9.-]+\.[a-zA-Z]{2,}$</arg>
<doc>Fails if ``string`` does not match ``pattern`` as a regular expression.</doc>
<status status="PASS" start="2024-05-15T07:14:41.315920" elapsed="0.000507"/>
</kw>
<kw name="Should Match Regexp" owner="BuiltIn">
<arg>${json_data['results'][0]['dob']['date']}</arg>
<arg>\\d{4}-\\d{2}-\\d{2}T\\d{2}:\\d{2}:\\d{2}\\.\\d{3}Z</arg>
<doc>Fails if ``string`` does not match ``pattern`` as a regular expression.</doc>
<status status="PASS" start="2024-05-15T07:14:41.316622" elapsed="0.000488"/>
</kw>
<kw name="Should Match Regexp" owner="BuiltIn">
<arg>${json_data['results'][0]['registered']['date']}</arg>
<arg>\\d{4}-\\d{2}-\\d{2}T\\d{2}:\\d{2}:\\d{2}\\.\\d{3}Z</arg>
<doc>Fails if ``string`` does not match ``pattern`` as a regular expression.</doc>
<status status="PASS" start="2024-05-15T07:14:41.317299" elapsed="0.000360"/>
</kw>
<kw name="Should Match Regexp" owner="BuiltIn">
<arg>${json_data['results'][0]['picture']['large']}</arg>
<arg>^https?://.*\.(?:png|jpe?g|gif|bmp)$</arg>
<doc>Fails if ``string`` does not match ``pattern`` as a regular expression.</doc>
<status status="PASS" start="2024-05-15T07:14:41.317858" elapsed="0.000490"/>
</kw>
<kw name="Should Match Regexp" owner="BuiltIn">
<arg>${json_data['results'][0]['picture']['medium']}</arg>
<arg>^https?://.*\.(?:png|jpe?g|gif|bmp)$</arg>
<doc>Fails if ``string`` does not match ``pattern`` as a regular expression.</doc>
<status status="PASS" start="2024-05-15T07:14:41.318543" elapsed="0.000350"/>
</kw>
<kw name="Should Match Regexp" owner="BuiltIn">
<arg>${json_data['results'][0]['picture']['thumbnail']}</arg>
<arg>^https?://.*\.(?:png|jpe?g|gif|bmp)$</arg>
<doc>Fails if ``string`` does not match ``pattern`` as a regular expression.</doc>
<status status="PASS" start="2024-05-15T07:14:41.319080" elapsed="0.000352"/>
</kw>
<kw name="Log" owner="BuiltIn">
<msg time="2024-05-15T07:14:41.319935" level="INFO">{'large': 'https://randomuser.me/api/portraits/women/51.jpg', 'medium': 'https://randomuser.me/api/portraits/med/women/51.jpg', 'thumbnail': 'https://randomuser.me/api/portraits/thumb/women/51.jpg'}</msg>
<arg>${json_data['results'][0]['picture']}</arg>
<doc>Logs the given message with the given level.</doc>
<status status="PASS" start="2024-05-15T07:14:41.319617" elapsed="0.000359"/>
</kw>
<status status="PASS" start="2024-05-15T07:14:41.276278" elapsed="0.043949"/>
</kw>
<kw name="Teste de Tipos de Dados - Postcode" owner="random-user-service">
<kw name="GET On Session" owner="RequestsLibrary">
<msg time="2024-05-15T07:14:41.420634" level="INFO">GET Request : url=https://randomuser.me/api 
 path_url=/api 
 headers={'User-Agent': 'python-requests/2.31.0', 'Accept-Encoding': 'gzip, deflate', 'Accept': '*/*', 'Connection': 'keep-alive'} 
 body=None 
 </msg>
<msg time="2024-05-15T07:14:41.420742" level="INFO">GET Response : url=https://randomuser.me/api 
 status=200, reason=OK 
 headers={'Date': 'Wed, 15 May 2024 07:14:41 GMT', 'Content-Type': 'application/json; charset=utf-8', 'Transfer-Encoding': 'chunked', 'Connection': 'keep-alive', 'X-Powered-By': 'Express', 'Access-Control-Allow-Origin': '*', 'Cache-Control': 'no-cache', 'ETag': 'W/"499-DH1dMckCfrkZ9okohP4C6kcHJBU"', 'Vary': 'Accept-Encoding', 'Content-Encoding': 'gzip', 'CF-Cache-Status': 'DYNAMIC', 'Report-To': '{"endpoints":[{"url":"https:\\/\\/a.nel.cloudflare.com\\/report\\/v4?s=wo7YC7kUggS2YsQ3yd22ps0NiJcaMN8WIV8PeaH9p0ymWnagNlSuSTKgapaZv2n5thSXTnW0k1lWM8quRKNb5RNuriXMBIqz%2BXhv73Rb%2Fe1UbaaPNzCsKqOEfgCcwSwc"}],"group":"cf-nel","max_age":604800}', 'NEL': '{"success_fraction":0,"report_to":"cf-nel","max_age":604800}', 'Server': 'cloudflare', 'CF-RAY': '88415520494c9123-ORD', 'alt-svc': 'h3=":443"; ma=86400'} 
 body={"results":[{"gender":"male","name":{"title":"Mr","first":"محمدپارسا","last":"رضاییان"},"location":{"street":{"number":2931,"name":"هویزه"},"city":"سیرجان","state":"سیستان و بلوچستان","country":"Iran","postcode":70398,"coordinates":{"latitude":"21.3170","longitude":"-155.6471"},"timezone":{"offset":"+9:30","description":"Adelaide, Darwin"}},"email":"mhmdprs.rdyyn@example.com","login":{"uuid":"d3e4d97a-0086-4053-b603-f0086acf087d","username":"angryduck956","password":"glotest","salt":"baFAatmS","md5":"4397a84d08b50a12d04ec4ff3fa178c3","sha1":"8df4ca18bd4ee5e197781d9429affce90fa77d82","sha256":"720760de2269c2f38d313af4f1fc2d16241bb93dcd9c0ba08e6ebd9cf7595c13"},"dob":{"date":"1945-04-21T23:00:41.428Z","age":79},"registered":{"date":"2003-06-07T11:27:16.315Z","age":20},"phone":"046-79054856","cell":"0938-281-0477","id":{"name":"","value":null},"picture":{"large":"https://randomuser.me/api/portraits/men/55.jpg","medium":"https://randomuser.me/api/portraits/med/men/55.jpg","thumbnail":"https://randomuser.me/api/portraits/thumb/men/55.jpg"},"nat":"IR"}],"info":{"seed":"4dbb953d00954559","results":1,"page":1,"version":"1.4"}} 
 </msg>
<msg time="2024-05-15T07:14:41.420824" level="INFO">/opt/hostedtoolcache/Python/3.12.3/x64/lib/python3.12/site-packages/urllib3/connectionpool.py:1103: InsecureRequestWarning: Unverified HTTPS request is being made to host 'randomuser.me'. Adding certificate verification is strongly advised. See: https://urllib3.readthedocs.io/en/latest/advanced-usage.html#tls-warnings
  warnings.warn(</msg>
<msg time="2024-05-15T07:14:41.420960" level="INFO">${response} = &lt;Response [200]&gt;</msg>
<var>${response}</var>
<arg>consultarAPI</arg>
<arg>/api</arg>
<doc>Sends a GET request on a previously created HTTP Session.</doc>
<status status="PASS" start="2024-05-15T07:14:41.320659" elapsed="0.100344"/>
</kw>
<kw name="Set Variable" owner="BuiltIn">
<msg time="2024-05-15T07:14:41.422115" level="INFO">${json_data} = {'results': [{'gender': 'male', 'name': {'title': 'Mr', 'first': 'محمدپارسا', 'last': 'رضاییان'}, 'location': {'street': {'number': 2931, 'name': 'هویزه'}, 'city': 'سیرجان', 'state': 'سیستان و بلوچستا...</msg>
<var>${json_data}</var>
<arg>${response.json()}</arg>
<doc>Returns the given values which can then be assigned to a variables.</doc>
<status status="PASS" start="2024-05-15T07:14:41.421537" elapsed="0.000609"/>
</kw>
<kw name="Log" owner="BuiltIn">
<msg time="2024-05-15T07:14:41.422622" level="INFO">{'results': [{'gender': 'male', 'name': {'title': 'Mr', 'first': 'محمدپارسا', 'last': 'رضاییان'}, 'location': {'street': {'number': 2931, 'name': 'هویزه'}, 'city': 'سیرجان', 'state': 'سیستان و بلوچستان', 'country': 'Iran', 'postcode': 70398, 'coordinates': {'latitude': '21.3170', 'longitude': '-155.6471'}, 'timezone': {'offset': '+9:30', 'description': 'Adelaide, Darwin'}}, 'email': 'mhmdprs.rdyyn@example.com', 'login': {'uuid': 'd3e4d97a-0086-4053-b603-f0086acf087d', 'username': 'angryduck956', 'password': 'glotest', 'salt': 'baFAatmS', 'md5': '4397a84d08b50a12d04ec4ff3fa178c3', 'sha1': '8df4ca18bd4ee5e197781d9429affce90fa77d82', 'sha256': '720760de2269c2f38d313af4f1fc2d16241bb93dcd9c0ba08e6ebd9cf7595c13'}, 'dob': {'date': '1945-04-21T23:00:41.428Z', 'age': 79}, 'registered': {'date': '2003-06-07T11:27:16.315Z', 'age': 20}, 'phone': '046-79054856', 'cell': '0938-281-0477', 'id': {'name': '', 'value': None}, 'picture': {'large': 'https://randomuser.me/api/portraits/men/55.jpg', 'medium': 'https://randomuser.me/api/portraits/med/men/55.jpg', 'thumbnail': 'https://randomuser.me/api/portraits/thumb/men/55.jpg'}, 'nat': 'IR'}], 'info': {'seed': '4dbb953d00954559', 'results': 1, 'page': 1, 'version': '1.4'}}</msg>
<arg>${json_data}</arg>
<doc>Logs the given message with the given level.</doc>
<status status="PASS" start="2024-05-15T07:14:41.422462" elapsed="0.000248"/>
</kw>
<kw name="Should Be Equal As Numbers" owner="BuiltIn">
<arg>${json_data['results'][0]['location']['postcode']}</arg>
<arg>${json_data['results'][0]['location']['postcode']}</arg>
<doc>Fails if objects are unequal after converting them to real numbers.</doc>
<status status="PASS" start="2024-05-15T07:14:41.423183" elapsed="0.000619"/>
</kw>
<kw name="Log" owner="BuiltIn">
<msg time="2024-05-15T07:14:41.424327" level="INFO">70398</msg>
<arg>${json_data['results'][0]['location']['postcode']}</arg>
<doc>Logs the given message with the given level.</doc>
<status status="PASS" start="2024-05-15T07:14:41.423994" elapsed="0.000372"/>
</kw>
<status status="PASS" start="2024-05-15T07:14:41.320440" elapsed="0.104182"/>
</kw>
<doc>Testa se os tipos de dados na resposta da API estão corretos.</doc>
<tag>testeTiposDados</tag>
<status status="PASS" start="2024-05-15T07:14:41.275816" elapsed="0.148974"/>
</test>
<test id="s1-s1-t5" name="Validar conteudo" line="35">
<kw name="Teste de Tipos de Conteudo" owner="random-user-service">
<kw name="GET On Session" owner="RequestsLibrary">
<msg time="2024-05-15T07:14:41.514129" level="INFO">GET Request : url=https://randomuser.me/api 
 path_url=/api 
 headers={'User-Agent': 'python-requests/2.31.0', 'Accept-Encoding': 'gzip, deflate', 'Accept': '*/*', 'Connection': 'keep-alive'} 
 body=None 
 </msg>
<msg time="2024-05-15T07:14:41.514228" level="INFO">GET Response : url=https://randomuser.me/api 
 status=200, reason=OK 
 headers={'Date': 'Wed, 15 May 2024 07:14:41 GMT', 'Content-Type': 'application/json; charset=utf-8', 'Transfer-Encoding': 'chunked', 'Connection': 'keep-alive', 'X-Powered-By': 'Express', 'Access-Control-Allow-Origin': '*', 'Cache-Control': 'no-cache', 'ETag': 'W/"4bc-6c2daHn2aEZaf8zkpjhciu4D9JU"', 'Vary': 'Accept-Encoding', 'Content-Encoding': 'gzip', 'CF-Cache-Status': 'DYNAMIC', 'Report-To': '{"endpoints":[{"url":"https:\\/\\/a.nel.cloudflare.com\\/report\\/v4?s=0eY%2FVimLbDTj0Q7woy4g%2FNeo861w2gnYYll1Px862Z5syKJKY7QPm4jhZ7eF4xbUBLcUVsj6kh%2BEc6cq9kTkddLhhrCBPnepHNWJjI4zX1lWhTTUx7wyvt0Dd6g0zJBC"}],"group":"cf-nel","max_age":604800}', 'NEL': '{"success_fraction":0,"report_to":"cf-nel","max_age":604800}', 'Server': 'cloudflare', 'CF-RAY': '88415520fa609123-ORD', 'alt-svc': 'h3=":443"; ma=86400'} 
 body={"results":[{"gender":"female","name":{"title":"Mrs","first":"Noemí","last":"Navarrete"},"location":{"street":{"number":3801,"name":"Circunvalación Turquía"},"city":"Dos Arroyos","state":"Durango","country":"Mexico","postcode":15673,"coordinates":{"latitude":"27.8428","longitude":"154.2928"},"timezone":{"offset":"0:00","description":"Western Europe Time, London, Lisbon, Casablanca"}},"email":"noemi.navarrete@example.com","login":{"uuid":"c9876634-14b4-4646-8c54-c7625a9ebbe7","username":"brownpeacock535","password":"foxtrot","salt":"sTrApxXY","md5":"998303f540ef4c8c255ece4d5187c1a7","sha1":"67ee474d09c5960ec0ffd7a6683a8b620a6e28ee","sha256":"b8c6296cbdb48fc03e4c7a215ae8af59aa3cb249ea36c0e0d3d231d7bef2c911"},"dob":{"date":"1966-10-11T06:23:13.551Z","age":57},"registered":{"date":"2005-11-10T07:47:56.161Z","age":18},"phone":"(665) 977 9433","cell":"(603) 313 7165","id":{"name":"NSS","value":"30 67 73 9954 3"},"picture":{"large":"https://randomuser.me/api/portraits/women/31.jpg","medium":"https://randomuser.me/api/portraits/med/women/31.jpg","thumbnail":"https://randomuser.me/api/portraits/thumb/women/31.jpg"},"nat":"MX"}],"info":{"seed":"3218d4a9eb5e0ae9","results":1,"page":1,"version":"1.4"}} 
 </msg>
<msg time="2024-05-15T07:14:41.514297" level="INFO">/opt/hostedtoolcache/Python/3.12.3/x64/lib/python3.12/site-packages/urllib3/connectionpool.py:1103: InsecureRequestWarning: Unverified HTTPS request is being made to host 'randomuser.me'. Adding certificate verification is strongly advised. See: https://urllib3.readthedocs.io/en/latest/advanced-usage.html#tls-warnings
  warnings.warn(</msg>
<msg time="2024-05-15T07:14:41.514434" level="INFO">${response} = &lt;Response [200]&gt;</msg>
<var>${response}</var>
<arg>consultarAPI</arg>
<arg>/api</arg>
<doc>Sends a GET request on a previously created HTTP Session.</doc>
<status status="PASS" start="2024-05-15T07:14:41.427316" elapsed="0.087159"/>
</kw>
<kw name="Set Variable" owner="BuiltIn">
<msg time="2024-05-15T07:14:41.515507" level="INFO">${json_data} = {'results': [{'gender': 'female', 'name': {'title': 'Mrs', 'first': 'Noemí', 'last': 'Navarrete'}, 'location': {'street': {'number': 3801, 'name': 'Circunvalación Turquía'}, 'city': 'Dos Arroyos', 'st...</msg>
<var>${json_data}</var>
<arg>${response.json()}</arg>
<doc>Returns the given values which can then be assigned to a variables.</doc>
<status status="PASS" start="2024-05-15T07:14:41.514976" elapsed="0.000560"/>
</kw>
<kw name="Set Variable" owner="BuiltIn">
<msg time="2024-05-15T07:14:41.516225" level="INFO">${name_title} = Mrs</msg>
<var>${name_title}</var>
<arg>${json_data["results"][0]["name"]["title"]}</arg>
<doc>Returns the given values which can then be assigned to a variables.</doc>
<status status="PASS" start="2024-05-15T07:14:41.515845" elapsed="0.000406"/>
</kw>
<kw name="Create List" owner="BuiltIn">
<msg time="2024-05-15T07:14:41.516694" level="INFO">${allowed_titles} = ['Mr', 'Ms', 'Miss', 'Mrs', 'Madame', 'Monsieur']</msg>
<var>${allowed_titles}</var>
<arg>Mr</arg>
<arg>Ms</arg>
<arg>Miss</arg>
<arg>Mrs</arg>
<arg>Madame</arg>
<arg>Monsieur</arg>
<doc>Returns a list containing given items.</doc>
<status status="PASS" start="2024-05-15T07:14:41.516548" elapsed="0.000169"/>
</kw>
<kw name="List Should Contain Value" owner="Collections">
<msg time="2024-05-15T07:14:41.517193" level="INFO">False</msg>
<arg>${allowed_titles}</arg>
<arg>${name_title}</arg>
<doc>Fails if the ``value`` is not found from ``list``.</doc>
<status status="PASS" start="2024-05-15T07:14:41.517019" elapsed="0.000209"/>
</kw>
<kw name="Set Variable" owner="BuiltIn">
<msg time="2024-05-15T07:14:41.517897" level="INFO">${name_country} = MX</msg>
<var>${name_country}</var>
<arg>${json_data["results"][0]["nat"]}</arg>
<doc>Returns the given values which can then be assigned to a variables.</doc>
<status status="PASS" start="2024-05-15T07:14:41.517519" elapsed="0.000402"/>
</kw>
<kw name="Create List" owner="BuiltIn">
<msg time="2024-05-15T07:14:41.518854" level="INFO">${list_country} = ['AD', 'AE', 'AF', 'AG', 'AI', 'AL', 'AM', 'AO', 'AQ', 'AR', 'AS', 'AT', 'AU', 'AW', 'AX', 'AZ', 'BA', 'BB', 'BD', 'BE', 'BF', 'BG', 'BH', 'BI', 'BJ', 'BL', 'BM', 'BN', 'BO', 'BQ', 'BR', 'BS', 'BT', '...</msg>
<var>${list_country}</var>
<arg>AD</arg>
<arg>AE</arg>
<arg>AF</arg>
<arg>AG</arg>
<arg>AI</arg>
<arg>AL</arg>
<arg>AM</arg>
<arg>AO</arg>
<arg>AQ</arg>
<arg>AR</arg>
<arg>AS</arg>
<arg>AT</arg>
<arg>AU</arg>
<arg>AW</arg>
<arg>AX</arg>
<arg>AZ</arg>
<arg>BA</arg>
<arg>BB</arg>
<arg>BD</arg>
<arg>BE</arg>
<arg>BF</arg>
<arg>BG</arg>
<arg>BH</arg>
<arg>BI</arg>
<arg>BJ</arg>
<arg>BL</arg>
<arg>BM</arg>
<arg>BN</arg>
<arg>BO</arg>
<arg>BQ</arg>
<arg>BR</arg>
<arg>BS</arg>
<arg>BT</arg>
<arg>BV</arg>
<arg>BW</arg>
<arg>BY</arg>
<arg>BZ</arg>
<arg>CA</arg>
<arg>CC</arg>
<arg>CD</arg>
<arg>CF</arg>
<arg>CG</arg>
<arg>CH</arg>
<arg>CI</arg>
<arg>CK</arg>
<arg>CL</arg>
<arg>CM</arg>
<arg>CN</arg>
<arg>CO</arg>
<arg>CR</arg>
<arg>CU</arg>
<arg>CV</arg>
<arg>CW</arg>
<arg>CX</arg>
<arg>CY</arg>
<arg>CZ</arg>
<arg>DE</arg>
<arg>DJ</arg>
<arg>DK</arg>
<arg>DM</arg>
<arg>DO</arg>
<arg>DZ</arg>
<arg>EC</arg>
<arg>EE</arg>
<arg>EG</arg>
<arg>EH</arg>
<arg>ER</arg>
<arg>ES</arg>
<arg>ET</arg>
<arg>FI</arg>
<arg>FJ</arg>
<arg>FK</arg>
<arg>FM</arg>
<arg>FO</arg>
<arg>FR</arg>
<arg>GA</arg>
<arg>GB</arg>
<arg>GD</arg>
<arg>GE</arg>
<arg>GF</arg>
<arg>GG</arg>
<arg>GH</arg>
<arg>GI</arg>
<arg>GL</arg>
<arg>GM</arg>
<arg>GN</arg>
<arg>GP</arg>
<arg>GQ</arg>
<arg>GR</arg>
<arg>GS</arg>
<arg>GT</arg>
<arg>GU</arg>
<arg>GW</arg>
<arg>GY</arg>
<arg>HK</arg>
<arg>HM</arg>
<arg>HN</arg>
<arg>HR</arg>
<arg>HT</arg>
<arg>HU</arg>
<arg>ID</arg>
<arg>IE</arg>
<arg>IL</arg>
<arg>IM</arg>
<arg>IN</arg>
<arg>IO</arg>
<arg>IQ</arg>
<arg>IR</arg>
<arg>IS</arg>
<arg>IT</arg>
<arg>JE</arg>
<arg>JM</arg>
<arg>JO</arg>
<arg>JP</arg>
<arg>KE</arg>
<arg>KG</arg>
<arg>KH</arg>
<arg>KI</arg>
<arg>KM</arg>
<arg>KN</arg>
<arg>KP</arg>
<arg>KR</arg>
<arg>KW</arg>
<arg>KY</arg>
<arg>KZ</arg>
<arg>LA</arg>
<arg>LB</arg>
<arg>LC</arg>
<arg>LI</arg>
<arg>LK</arg>
<arg>LR</arg>
<arg>LS</arg>
<arg>LT</arg>
<arg>LU</arg>
<arg>LV</arg>
<arg>LY</arg>
<arg>MA</arg>
<arg>MC</arg>
<arg>MD</arg>
<arg>ME</arg>
<arg>MF</arg>
<arg>MG</arg>
<arg>MH</arg>
<arg>MK</arg>
<arg>ML</arg>
<arg>MM</arg>
<arg>MN</arg>
<arg>MO</arg>
<arg>MP</arg>
<arg>MQ</arg>
<arg>MR</arg>
<arg>MS</arg>
<arg>MT</arg>
<arg>MU</arg>
<arg>MV</arg>
<arg>MW</arg>
<arg>MX</arg>
<arg>MY</arg>
<arg>MZ</arg>
<arg>NA</arg>
<arg>NC</arg>
<arg>NE</arg>
<arg>NF</arg>
<arg>NG</arg>
<arg>NI</arg>
<arg>NL</arg>
<arg>NO</arg>
<arg>NP</arg>
<arg>NR</arg>
<arg>NU</arg>
<arg>NZ</arg>
<arg>OM</arg>
<arg>PA</arg>
<arg>PE</arg>
<arg>PF</arg>
<arg>PG</arg>
<arg>PH</arg>
<arg>PK</arg>
<arg>PL</arg>
<arg>PM</arg>
<arg>PN</arg>
<arg>PR</arg>
<arg>PS</arg>
<arg>PT</arg>
<arg>PW</arg>
<arg>PY</arg>
<arg>QA</arg>
<arg>RE</arg>
<arg>RO</arg>
<arg>RS</arg>
<arg>RU</arg>
<arg>RW</arg>
<arg>SA</arg>
<arg>SB</arg>
<arg>SC</arg>
<arg>SD</arg>
<arg>SE</arg>
<arg>SG</arg>
<arg>SH</arg>
<arg>SI</arg>
<arg>SJ</arg>
<arg>SK</arg>
<arg>SL</arg>
<arg>SM</arg>
<arg>SN</arg>
<arg>SO</arg>
<arg>SR</arg>
<arg>SS</arg>
<arg>ST</arg>
<arg>SV</arg>
<arg>SX</arg>
<arg>SY</arg>
<arg>SZ</arg>
<arg>TC</arg>
<arg>TD</arg>
<arg>TF</arg>
<arg>TG</arg>
<arg>TH</arg>
<arg>TJ</arg>
<arg>TK</arg>
<arg>TL</arg>
<arg>TM</arg>
<arg>TN</arg>
<arg>TO</arg>
<arg>TR</arg>
<arg>TT</arg>
<arg>TV</arg>
<arg>TW</arg>
<arg>TZ</arg>
<arg>UA</arg>
<arg>UG</arg>
<arg>UM</arg>
<arg>US</arg>
<arg>UY</arg>
<arg>UZ</arg>
<arg>VA</arg>
<arg>VC</arg>
<arg>VE</arg>
<arg>VG</arg>
<arg>VI</arg>
<arg>VN</arg>
<arg>VU</arg>
<arg>WF</arg>
<arg>WS</arg>
<arg>XK</arg>
<arg>YE</arg>
<arg>YT</arg>
<arg>ZA</arg>
<arg>ZM</arg>
<arg>ZW</arg>
<doc>Returns a list containing given items.</doc>
<status status="PASS" start="2024-05-15T07:14:41.518274" elapsed="0.000606"/>
</kw>
<kw name="List Should Contain Value" owner="Collections">
<msg time="2024-05-15T07:14:41.519898" level="INFO">False</msg>
<arg>${list_country}</arg>
<arg>${name_country}</arg>
<doc>Fails if the ``value`` is not found from ``list``.</doc>
<status status="PASS" start="2024-05-15T07:14:41.519699" elapsed="0.000235"/>
</kw>
<kw name="Run Keyword If" owner="BuiltIn">
<kw name="Should Be True" owner="BuiltIn">
<arg>${True}</arg>
<doc>Fails if the given condition is not true.</doc>
<status status="PASS" start="2024-05-15T07:14:41.521012" elapsed="0.000262"/>
</kw>
<arg>${json_data["results"][0]["location"]["coordinates"]["latitude"]} &gt;= -90 and ${json_data["results"][0]["location"]["coordinates"]["latitude"]} &lt;= 90</arg>
<arg>Should Be True</arg>
<arg>${True}</arg>
<doc>Runs the given keyword with the given arguments, if ``condition`` is true.</doc>
<status status="PASS" start="2024-05-15T07:14:41.520250" elapsed="0.001158"/>
</kw>
<kw name="Run Keyword If" owner="BuiltIn">
<kw name="Should Be True" owner="BuiltIn">
<arg>${True}</arg>
<doc>Fails if the given condition is not true.</doc>
<status status="PASS" start="2024-05-15T07:14:41.522343" elapsed="0.000149"/>
</kw>
<arg>${json_data["results"][0]["location"]["coordinates"]["longitude"]} &gt;= -180 and ${json_data["results"][0]["location"]["coordinates"]["longitude"]} &lt;= 180</arg>
<arg>Should Be True</arg>
<arg>${True}</arg>
<doc>Runs the given keyword with the given arguments, if ``condition`` is true.</doc>
<status status="PASS" start="2024-05-15T07:14:41.521601" elapsed="0.001017"/>
</kw>
<status status="PASS" start="2024-05-15T07:14:41.427078" elapsed="0.095672"/>
</kw>
<doc>Testa o conteúdo específico dos campos retornados pela API.</doc>
<tag>testeConteudo</tag>
<status status="PASS" start="2024-05-15T07:14:41.426611" elapsed="0.096292"/>
</test>
<status status="PASS" start="2024-05-15T07:14:39.853476" elapsed="1.671371"/>
</suite>
<status status="PASS" start="2024-05-15T07:14:39.839729" elapsed="1.690340"/>
</suite>
<statistics>
<total>
<stat pass="5" fail="0" skip="0">All Tests</stat>
</total>
<tag>
<stat pass="1" fail="0" skip="0">testeConteudo</stat>
<stat pass="1" fail="0" skip="0">testeEstruturaResposta</stat>
<stat pass="1" fail="0" skip="0">testeRequisicaoBasica</stat>
<stat pass="1" fail="0" skip="0">testeTiposDados</stat>
</tag>
<suite>
<stat pass="5" fail="0" skip="0" id="s1" name="Tests">Tests</stat>
<stat pass="5" fail="0" skip="0" id="s1-s1" name="Random-User-Test">Tests.Random-User-Test</stat>
</suite>
</statistics>
<errors>
</errors>
</robot>
