<?xml version="1.0" encoding="UTF-8"?>
<robot generator="Robot 7.0.1 (Python 3.12.4 on linux)" generated="2024-08-03T09:16:49.954968" rpa="false" schemaversion="5">
<suite id="s1" name="Tests" source="/home/runner/work/ApiRandomUser/ApiRandomUser/RamdonUser/tests">
<suite id="s1-s1" name="Random-User-Test" source="/home/runner/work/ApiRandomUser/ApiRandomUser/RamdonUser/tests/random-user-test.robot">
<test id="s1-s1-t1" name="Conectar" line="13">
<kw name="Conectar API" owner="random-user-service">
<kw name="Create Session" owner="RequestsLibrary">
<msg time="2024-08-03T09:16:50.373735" level="INFO">Creating Session using : alias=consultarAPI, url=https://randomuser.me/, headers={},                     cookies={}, auth=None, timeout=None, proxies=None, verify=False,                     debug=0 </msg>
<arg>consultarAPI</arg>
<arg>${URL}</arg>
<doc>Create Session: create a HTTP session to a server</doc>
<status status="PASS" start="2024-08-03T09:16:50.373523" elapsed="0.000394"/>
</kw>
<status status="PASS" start="2024-08-03T09:16:50.372436" elapsed="0.001846"/>
</kw>
<status status="PASS" start="2024-08-03T09:16:50.371825" elapsed="0.002657"/>
</test>
<test id="s1-s1-t2" name="Validar retorno 200 e JSON Válido" line="16">
<kw name="Teste de Requisicao Basica" owner="random-user-service">
<kw name="GET On Session" owner="RequestsLibrary">
<msg time="2024-08-03T09:16:50.676586" level="INFO">GET Request : url=https://randomuser.me/api 
 path_url=/api 
 headers={'User-Agent': 'python-requests/2.32.3', 'Accept-Encoding': 'gzip, deflate', 'Accept': '*/*', 'Connection': 'keep-alive'} 
 body=None 
 </msg>
<msg time="2024-08-03T09:16:50.676737" level="INFO">GET Response : url=https://randomuser.me/api 
 status=200, reason=OK 
 headers={'Date': 'Sat, 03 Aug 2024 09:16:50 GMT', 'Content-Type': 'application/json; charset=utf-8', 'Transfer-Encoding': 'chunked', 'Connection': 'keep-alive', 'X-Powered-By': 'Express', 'Access-Control-Allow-Origin': '*', 'Cache-Control': 'no-cache', 'ETag': 'W/"483-Rqp25aeyirRXhfN38JmN8WL1nUE"', 'Vary': 'Accept-Encoding', 'Content-Encoding': 'gzip', 'CF-Cache-Status': 'DYNAMIC', 'Report-To': '{"endpoints":[{"url":"https:\\/\\/a.nel.cloudflare.com\\/report\\/v4?s=mCutYPzfZQh0WPC5hUf1P%2Bx1TM6Ls44WV9uYK%2BwH56Hza7HGK8oW2Mq7NjBnekx%2BTtVnba2SRZwl3QmTPhqVPbPejhLQLRtdAtNmgG%2Bu%2By3dTsNYMa8oRfK3HTat1%2B%2Fe"}],"group":"cf-nel","max_age":604800}', 'NEL': '{"success_fraction":0,"report_to":"cf-nel","max_age":604800}', 'Server': 'cloudflare', 'CF-RAY': '8ad5360fff452b6d-LAX', 'alt-svc': 'h3=":443"; ma=86400'} 
 body={"results":[{"gender":"male","name":{"title":"Mr","first":"Cooper","last":"Brown"},"location":{"street":{"number":5588,"name":"Pages Road"},"city":"Whanganui","state":"Taranaki","country":"New Zealand","postcode":47472,"coordinates":{"latitude":"49.6160","longitude":"-93.7391"},"timezone":{"offset":"+8:00","description":"Beijing, Perth, Singapore, Hong Kong"}},"email":"cooper.brown@example.com","login":{"uuid":"40d8afb6-4be5-47d0-893d-ba6f10021019","username":"brownsnake724","password":"monk","salt":"rT4wD2bb","md5":"9d2ae59f824a5bb5d1fa424769e1144d","sha1":"90af306069c6d2096ed320cfcd4b95c066bbf287","sha256":"41e37588c577856254b83b070c9a038dc0a3c78f622b3e7a43f93a89d8cafd2e"},"dob":{"date":"1981-07-03T11:05:58.674Z","age":43},"registered":{"date":"2010-02-05T16:27:34.215Z","age":14},"phone":"(000)-100-0552","cell":"(298)-352-5637","id":{"name":"","value":null},"picture":{"large":"https://randomuser.me/api/portraits/men/94.jpg","medium":"https://randomuser.me/api/portraits/med/men/94.jpg","thumbnail":"https://randomuser.me/api/portraits/thumb/men/94.jpg"},"nat":"NZ"}],"info":{"seed":"32aceffc0fb09e20","results":1,"page":1,"version":"1.4"}} 
 </msg>
<msg time="2024-08-03T09:16:50.676822" level="INFO">/opt/hostedtoolcache/Python/3.12.4/x64/lib/python3.12/site-packages/urllib3/connectionpool.py:1099: InsecureRequestWarning: Unverified HTTPS request is being made to host 'randomuser.me'. Adding certificate verification is strongly advised. See: https://urllib3.readthedocs.io/en/latest/advanced-usage.html#tls-warnings
  warnings.warn(</msg>
<msg time="2024-08-03T09:16:50.676956" level="INFO">${response} = &lt;Response [200]&gt;</msg>
<var>${response}</var>
<arg>consultarAPI</arg>
<arg>/api</arg>
<doc>Sends a GET request on a previously created HTTP Session.</doc>
<status status="PASS" start="2024-08-03T09:16:50.377439" elapsed="0.299559"/>
</kw>
<kw name="Should Be Equal As Numbers" owner="BuiltIn">
<msg time="2024-08-03T09:16:50.678098" level="INFO">Argument types are:
&lt;class 'int'&gt;
&lt;class 'str'&gt;</msg>
<arg>${response.status_code}</arg>
<arg>200</arg>
<doc>Fails if objects are unequal after converting them to real numbers.</doc>
<status status="PASS" start="2024-08-03T09:16:50.677621" elapsed="0.000541"/>
</kw>
<kw name="Log" owner="BuiltIn">
<msg time="2024-08-03T09:16:50.678834" level="INFO">200</msg>
<arg>${response.status_code}</arg>
<doc>Logs the given message with the given level.</doc>
<status status="PASS" start="2024-08-03T09:16:50.678481" elapsed="0.000410"/>
</kw>
<kw name="Set Variable" owner="BuiltIn">
<msg time="2024-08-03T09:16:50.679642" level="INFO">${json_data} = {'results': [{'gender': 'male', 'name': {'title': 'Mr', 'first': 'Cooper', 'last': 'Brown'}, 'location': {'street': {'number': 5588, 'name': 'Pages Road'}, 'city': 'Whanganui', 'state': 'Taranaki', 'c...</msg>
<var>${json_data}</var>
<arg>${response.json()}</arg>
<doc>Returns the given values which can then be assigned to a variables.</doc>
<status status="PASS" start="2024-08-03T09:16:50.679200" elapsed="0.000473"/>
</kw>
<kw name="Dictionary Should Contain Key" owner="Collections">
<arg>${json_data}</arg>
<arg>results</arg>
<doc>Fails if ``key`` is not found from ``dictionary``.</doc>
<status status="PASS" start="2024-08-03T09:16:50.680010" elapsed="0.000331"/>
</kw>
<status status="PASS" start="2024-08-03T09:16:50.377156" elapsed="0.303368"/>
</kw>
<doc>Testa se a API responde corretamente e retorna um objeto JSON válido.</doc>
<tag>testeRequisicaoBasica</tag>
<status status="PASS" start="2024-08-03T09:16:50.376541" elapsed="0.304171"/>
</test>
<test id="s1-s1-t3" name="Validar estrutura de resposta" line="22">
<kw name="Teste de Estrutura de Resposta" owner="random-user-service">
<kw name="GET On Session" owner="RequestsLibrary">
<msg time="2024-08-03T09:16:51.039711" level="INFO">GET Request : url=https://randomuser.me/api 
 path_url=/api 
 headers={'User-Agent': 'python-requests/2.32.3', 'Accept-Encoding': 'gzip, deflate', 'Accept': '*/*', 'Connection': 'keep-alive'} 
 body=None 
 </msg>
<msg time="2024-08-03T09:16:51.039809" level="INFO">GET Response : url=https://randomuser.me/api 
 status=200, reason=OK 
 headers={'Date': 'Sat, 03 Aug 2024 09:16:51 GMT', 'Content-Type': 'application/json; charset=utf-8', 'Transfer-Encoding': 'chunked', 'Connection': 'keep-alive', 'X-Powered-By': 'Express', 'Access-Control-Allow-Origin': '*', 'Cache-Control': 'no-cache', 'ETag': 'W/"4a9-mxoMQi5MIYLXmX6XpBQ0I5SFJkk"', 'Vary': 'Accept-Encoding', 'Content-Encoding': 'gzip', 'CF-Cache-Status': 'DYNAMIC', 'Report-To': '{"endpoints":[{"url":"https:\\/\\/a.nel.cloudflare.com\\/report\\/v4?s=RTz8les19IOSIYtOxaw1%2B3emvuZs8inucG1Inl2hk%2F4bM5r8UVdL0D2Vdw0nU3uosVSJ2w0FKcNV8UwllNELgdWvu1k9V62IFEDf7EKJ1X3jtaOE0wR7ajQUBzEIbZJ%2B"}],"group":"cf-nel","max_age":604800}', 'NEL': '{"success_fraction":0,"report_to":"cf-nel","max_age":604800}', 'Server': 'cloudflare', 'CF-RAY': '8ad53610c8072b6d-LAX', 'alt-svc': 'h3=":443"; ma=86400'} 
 body={"results":[{"gender":"female","name":{"title":"Miss","first":"Ellen","last":"Lopez"},"location":{"street":{"number":5126,"name":"Grove Road"},"city":"Bradford","state":"Northamptonshire","country":"United Kingdom","postcode":"EQ5K 8EG","coordinates":{"latitude":"-10.1231","longitude":"162.7468"},"timezone":{"offset":"+10:00","description":"Eastern Australia, Guam, Vladivostok"}},"email":"ellen.lopez@example.com","login":{"uuid":"584e831a-9ef5-4c0b-81b9-09be2636f975","username":"organicbear631","password":"rescue","salt":"57xUaRVf","md5":"b3d1da3c1e8043f2771b3ea74142e297","sha1":"55676e567b6d07856fa7a849b2269c9d55eb9e4b","sha256":"2f0004fa8df565fddf5047a359af2da8d7e83841d3398df334a461aaa266085a"},"dob":{"date":"1986-06-12T02:26:33.580Z","age":38},"registered":{"date":"2020-05-01T03:43:07.886Z","age":4},"phone":"015242 77278","cell":"07207 099759","id":{"name":"NINO","value":"AR 39 17 75 H"},"picture":{"large":"https://randomuser.me/api/portraits/women/13.jpg","medium":"https://randomuser.me/api/portraits/med/women/13.jpg","thumbnail":"https://randomuser.me/api/portraits/thumb/women/13.jpg"},"nat":"GB"}],"info":{"seed":"97ab24e46dbddd79","results":1,"page":1,"version":"1.4"}} 
 </msg>
<msg time="2024-08-03T09:16:51.039936" level="INFO">/opt/hostedtoolcache/Python/3.12.4/x64/lib/python3.12/site-packages/urllib3/connectionpool.py:1099: InsecureRequestWarning: Unverified HTTPS request is being made to host 'randomuser.me'. Adding certificate verification is strongly advised. See: https://urllib3.readthedocs.io/en/latest/advanced-usage.html#tls-warnings
  warnings.warn(</msg>
<msg time="2024-08-03T09:16:51.040065" level="INFO">${response} = &lt;Response [200]&gt;</msg>
<var>${response}</var>
<arg>consultarAPI</arg>
<arg>/api</arg>
<doc>Sends a GET request on a previously created HTTP Session.</doc>
<status status="PASS" start="2024-08-03T09:16:50.683306" elapsed="0.356799"/>
</kw>
<kw name="Set Variable" owner="BuiltIn">
<msg time="2024-08-03T09:16:51.041127" level="INFO">${json_data} = {'results': [{'gender': 'female', 'name': {'title': 'Miss', 'first': 'Ellen', 'last': 'Lopez'}, 'location': {'street': {'number': 5126, 'name': 'Grove Road'}, 'city': 'Bradford', 'state': 'Northampton...</msg>
<var>${json_data}</var>
<arg>${response.json()}</arg>
<doc>Returns the given values which can then be assigned to a variables.</doc>
<status status="PASS" start="2024-08-03T09:16:51.040612" elapsed="0.000543"/>
</kw>
<kw name="Log" owner="BuiltIn">
<msg time="2024-08-03T09:16:51.041626" level="INFO">{'results': [{'gender': 'female', 'name': {'title': 'Miss', 'first': 'Ellen', 'last': 'Lopez'}, 'location': {'street': {'number': 5126, 'name': 'Grove Road'}, 'city': 'Bradford', 'state': 'Northamptonshire', 'country': 'United Kingdom', 'postcode': 'EQ5K 8EG', 'coordinates': {'latitude': '-10.1231', 'longitude': '162.7468'}, 'timezone': {'offset': '+10:00', 'description': 'Eastern Australia, Guam, Vladivostok'}}, 'email': 'ellen.lopez@example.com', 'login': {'uuid': '584e831a-9ef5-4c0b-81b9-09be2636f975', 'username': 'organicbear631', 'password': 'rescue', 'salt': '57xUaRVf', 'md5': 'b3d1da3c1e8043f2771b3ea74142e297', 'sha1': '55676e567b6d07856fa7a849b2269c9d55eb9e4b', 'sha256': '2f0004fa8df565fddf5047a359af2da8d7e83841d3398df334a461aaa266085a'}, 'dob': {'date': '1986-06-12T02:26:33.580Z', 'age': 38}, 'registered': {'date': '2020-05-01T03:43:07.886Z', 'age': 4}, 'phone': '015242 77278', 'cell': '07207 099759', 'id': {'name': 'NINO', 'value': 'AR 39 17 75 H'}, 'picture': {'large': 'https://randomuser.me/api/portraits/women/13.jpg', 'medium': 'https://randomuser.me/api/portraits/med/women/13.jpg', 'thumbnail': 'https://randomuser.me/api/portraits/thumb/women/13.jpg'}, 'nat': 'GB'}], 'info': {'seed': '97ab24e46dbddd79', 'results': 1, 'page': 1, 'version': '1.4'}}</msg>
<arg>${json_data}</arg>
<doc>Logs the given message with the given level.</doc>
<status status="PASS" start="2024-08-03T09:16:51.041462" elapsed="0.000213"/>
</kw>
<kw name="Dictionary Should Contain Key" owner="Collections">
<arg>${json_data}</arg>
<arg>results</arg>
<doc>Fails if ``key`` is not found from ``dictionary``.</doc>
<status status="PASS" start="2024-08-03T09:16:51.041970" elapsed="0.000167"/>
</kw>
<kw name="Should Not Be Empty" owner="BuiltIn">
<msg time="2024-08-03T09:16:51.042448" level="INFO">Length is 2.</msg>
<arg>${json_data}</arg>
<doc>Verifies that the given item is not empty.</doc>
<status status="PASS" start="2024-08-03T09:16:51.042322" elapsed="0.000163"/>
</kw>
<kw name="Create List" owner="BuiltIn">
<msg time="2024-08-03T09:16:51.042935" level="INFO">${expected_keys} = ['gender', 'name', 'location', 'email', 'login']</msg>
<var>${expected_keys}</var>
<arg>gender</arg>
<arg>name</arg>
<arg>location</arg>
<arg>email</arg>
<arg>login</arg>
<doc>Returns a list containing given items.</doc>
<status status="PASS" start="2024-08-03T09:16:51.042781" elapsed="0.000178"/>
</kw>
<for flavor="IN">
<iter>
<kw name="Dictionary Should Contain Key" owner="Collections">
<arg>${json_data['results'][0]}</arg>
<arg>${key}</arg>
<doc>Fails if ``key`` is not found from ``dictionary``.</doc>
<status status="PASS" start="2024-08-03T09:16:51.043538" elapsed="0.000406"/>
</kw>
<kw name="Log" owner="BuiltIn">
<msg time="2024-08-03T09:16:51.044507" level="INFO">{'gender': 'female', 'name': {'title': 'Miss', 'first': 'Ellen', 'last': 'Lopez'}, 'location': {'street': {'number': 5126, 'name': 'Grove Road'}, 'city': 'Bradford', 'state': 'Northamptonshire', 'country': 'United Kingdom', 'postcode': 'EQ5K 8EG', 'coordinates': {'latitude': '-10.1231', 'longitude': '162.7468'}, 'timezone': {'offset': '+10:00', 'description': 'Eastern Australia, Guam, Vladivostok'}}, 'email': 'ellen.lopez@example.com', 'login': {'uuid': '584e831a-9ef5-4c0b-81b9-09be2636f975', 'username': 'organicbear631', 'password': 'rescue', 'salt': '57xUaRVf', 'md5': 'b3d1da3c1e8043f2771b3ea74142e297', 'sha1': '55676e567b6d07856fa7a849b2269c9d55eb9e4b', 'sha256': '2f0004fa8df565fddf5047a359af2da8d7e83841d3398df334a461aaa266085a'}, 'dob': {'date': '1986-06-12T02:26:33.580Z', 'age': 38}, 'registered': {'date': '2020-05-01T03:43:07.886Z', 'age': 4}, 'phone': '015242 77278', 'cell': '07207 099759', 'id': {'name': 'NINO', 'value': 'AR 39 17 75 H'}, 'picture': {'large': 'https://randomuser.me/api/portraits/women/13.jpg', 'medium': 'https://randomuser.me/api/portraits/med/women/13.jpg', 'thumbnail': 'https://randomuser.me/api/portraits/thumb/women/13.jpg'}, 'nat': 'GB'}</msg>
<arg>${json_data['results'][0]}</arg>
<doc>Logs the given message with the given level.</doc>
<status status="PASS" start="2024-08-03T09:16:51.044128" elapsed="0.000431"/>
</kw>
<kw name="Log" owner="BuiltIn">
<msg time="2024-08-03T09:16:51.044993" level="INFO">gender</msg>
<arg>${key}</arg>
<doc>Logs the given message with the given level.</doc>
<status status="PASS" start="2024-08-03T09:16:51.044861" elapsed="0.000170"/>
</kw>
<var name="${key}">gender</var>
<status status="PASS" start="2024-08-03T09:16:51.043411" elapsed="0.001839"/>
</iter>
<iter>
<kw name="Dictionary Should Contain Key" owner="Collections">
<arg>${json_data['results'][0]}</arg>
<arg>${key}</arg>
<doc>Fails if ``key`` is not found from ``dictionary``.</doc>
<status status="PASS" start="2024-08-03T09:16:51.045548" elapsed="0.000389"/>
</kw>
<kw name="Log" owner="BuiltIn">
<msg time="2024-08-03T09:16:51.046519" level="INFO">{'gender': 'female', 'name': {'title': 'Miss', 'first': 'Ellen', 'last': 'Lopez'}, 'location': {'street': {'number': 5126, 'name': 'Grove Road'}, 'city': 'Bradford', 'state': 'Northamptonshire', 'country': 'United Kingdom', 'postcode': 'EQ5K 8EG', 'coordinates': {'latitude': '-10.1231', 'longitude': '162.7468'}, 'timezone': {'offset': '+10:00', 'description': 'Eastern Australia, Guam, Vladivostok'}}, 'email': 'ellen.lopez@example.com', 'login': {'uuid': '584e831a-9ef5-4c0b-81b9-09be2636f975', 'username': 'organicbear631', 'password': 'rescue', 'salt': '57xUaRVf', 'md5': 'b3d1da3c1e8043f2771b3ea74142e297', 'sha1': '55676e567b6d07856fa7a849b2269c9d55eb9e4b', 'sha256': '2f0004fa8df565fddf5047a359af2da8d7e83841d3398df334a461aaa266085a'}, 'dob': {'date': '1986-06-12T02:26:33.580Z', 'age': 38}, 'registered': {'date': '2020-05-01T03:43:07.886Z', 'age': 4}, 'phone': '015242 77278', 'cell': '07207 099759', 'id': {'name': 'NINO', 'value': 'AR 39 17 75 H'}, 'picture': {'large': 'https://randomuser.me/api/portraits/women/13.jpg', 'medium': 'https://randomuser.me/api/portraits/med/women/13.jpg', 'thumbnail': 'https://randomuser.me/api/portraits/thumb/women/13.jpg'}, 'nat': 'GB'}</msg>
<arg>${json_data['results'][0]}</arg>
<doc>Logs the given message with the given level.</doc>
<status status="PASS" start="2024-08-03T09:16:51.046152" elapsed="0.000416"/>
</kw>
<kw name="Log" owner="BuiltIn">
<msg time="2024-08-03T09:16:51.047003" level="INFO">name</msg>
<arg>${key}</arg>
<doc>Logs the given message with the given level.</doc>
<status status="PASS" start="2024-08-03T09:16:51.046872" elapsed="0.000169"/>
</kw>
<var name="${key}">name</var>
<status status="PASS" start="2024-08-03T09:16:51.045436" elapsed="0.001824"/>
</iter>
<iter>
<kw name="Dictionary Should Contain Key" owner="Collections">
<arg>${json_data['results'][0]}</arg>
<arg>${key}</arg>
<doc>Fails if ``key`` is not found from ``dictionary``.</doc>
<status status="PASS" start="2024-08-03T09:16:51.047549" elapsed="0.000387"/>
</kw>
<kw name="Log" owner="BuiltIn">
<msg time="2024-08-03T09:16:51.048533" level="INFO">{'gender': 'female', 'name': {'title': 'Miss', 'first': 'Ellen', 'last': 'Lopez'}, 'location': {'street': {'number': 5126, 'name': 'Grove Road'}, 'city': 'Bradford', 'state': 'Northamptonshire', 'country': 'United Kingdom', 'postcode': 'EQ5K 8EG', 'coordinates': {'latitude': '-10.1231', 'longitude': '162.7468'}, 'timezone': {'offset': '+10:00', 'description': 'Eastern Australia, Guam, Vladivostok'}}, 'email': 'ellen.lopez@example.com', 'login': {'uuid': '584e831a-9ef5-4c0b-81b9-09be2636f975', 'username': 'organicbear631', 'password': 'rescue', 'salt': '57xUaRVf', 'md5': 'b3d1da3c1e8043f2771b3ea74142e297', 'sha1': '55676e567b6d07856fa7a849b2269c9d55eb9e4b', 'sha256': '2f0004fa8df565fddf5047a359af2da8d7e83841d3398df334a461aaa266085a'}, 'dob': {'date': '1986-06-12T02:26:33.580Z', 'age': 38}, 'registered': {'date': '2020-05-01T03:43:07.886Z', 'age': 4}, 'phone': '015242 77278', 'cell': '07207 099759', 'id': {'name': 'NINO', 'value': 'AR 39 17 75 H'}, 'picture': {'large': 'https://randomuser.me/api/portraits/women/13.jpg', 'medium': 'https://randomuser.me/api/portraits/med/women/13.jpg', 'thumbnail': 'https://randomuser.me/api/portraits/thumb/women/13.jpg'}, 'nat': 'GB'}</msg>
<arg>${json_data['results'][0]}</arg>
<doc>Logs the given message with the given level.</doc>
<status status="PASS" start="2024-08-03T09:16:51.048143" elapsed="0.000445"/>
</kw>
<kw name="Log" owner="BuiltIn">
<msg time="2024-08-03T09:16:51.049023" level="INFO">location</msg>
<arg>${key}</arg>
<doc>Logs the given message with the given level.</doc>
<status status="PASS" start="2024-08-03T09:16:51.048892" elapsed="0.000169"/>
</kw>
<var name="${key}">location</var>
<status status="PASS" start="2024-08-03T09:16:51.047440" elapsed="0.001839"/>
</iter>
<iter>
<kw name="Dictionary Should Contain Key" owner="Collections">
<arg>${json_data['results'][0]}</arg>
<arg>${key}</arg>
<doc>Fails if ``key`` is not found from ``dictionary``.</doc>
<status status="PASS" start="2024-08-03T09:16:51.049561" elapsed="0.000378"/>
</kw>
<kw name="Log" owner="BuiltIn">
<msg time="2024-08-03T09:16:51.050600" level="INFO">{'gender': 'female', 'name': {'title': 'Miss', 'first': 'Ellen', 'last': 'Lopez'}, 'location': {'street': {'number': 5126, 'name': 'Grove Road'}, 'city': 'Bradford', 'state': 'Northamptonshire', 'country': 'United Kingdom', 'postcode': 'EQ5K 8EG', 'coordinates': {'latitude': '-10.1231', 'longitude': '162.7468'}, 'timezone': {'offset': '+10:00', 'description': 'Eastern Australia, Guam, Vladivostok'}}, 'email': 'ellen.lopez@example.com', 'login': {'uuid': '584e831a-9ef5-4c0b-81b9-09be2636f975', 'username': 'organicbear631', 'password': 'rescue', 'salt': '57xUaRVf', 'md5': 'b3d1da3c1e8043f2771b3ea74142e297', 'sha1': '55676e567b6d07856fa7a849b2269c9d55eb9e4b', 'sha256': '2f0004fa8df565fddf5047a359af2da8d7e83841d3398df334a461aaa266085a'}, 'dob': {'date': '1986-06-12T02:26:33.580Z', 'age': 38}, 'registered': {'date': '2020-05-01T03:43:07.886Z', 'age': 4}, 'phone': '015242 77278', 'cell': '07207 099759', 'id': {'name': 'NINO', 'value': 'AR 39 17 75 H'}, 'picture': {'large': 'https://randomuser.me/api/portraits/women/13.jpg', 'medium': 'https://randomuser.me/api/portraits/med/women/13.jpg', 'thumbnail': 'https://randomuser.me/api/portraits/thumb/women/13.jpg'}, 'nat': 'GB'}</msg>
<arg>${json_data['results'][0]}</arg>
<doc>Logs the given message with the given level.</doc>
<status status="PASS" start="2024-08-03T09:16:51.050246" elapsed="0.000402"/>
</kw>
<kw name="Log" owner="BuiltIn">
<msg time="2024-08-03T09:16:51.051076" level="INFO">email</msg>
<arg>${key}</arg>
<doc>Logs the given message with the given level.</doc>
<status status="PASS" start="2024-08-03T09:16:51.050944" elapsed="0.000170"/>
</kw>
<var name="${key}">email</var>
<status status="PASS" start="2024-08-03T09:16:51.049453" elapsed="0.001877"/>
</iter>
<iter>
<kw name="Dictionary Should Contain Key" owner="Collections">
<arg>${json_data['results'][0]}</arg>
<arg>${key}</arg>
<doc>Fails if ``key`` is not found from ``dictionary``.</doc>
<status status="PASS" start="2024-08-03T09:16:51.051611" elapsed="0.000371"/>
</kw>
<kw name="Log" owner="BuiltIn">
<msg time="2024-08-03T09:16:51.052535" level="INFO">{'gender': 'female', 'name': {'title': 'Miss', 'first': 'Ellen', 'last': 'Lopez'}, 'location': {'street': {'number': 5126, 'name': 'Grove Road'}, 'city': 'Bradford', 'state': 'Northamptonshire', 'country': 'United Kingdom', 'postcode': 'EQ5K 8EG', 'coordinates': {'latitude': '-10.1231', 'longitude': '162.7468'}, 'timezone': {'offset': '+10:00', 'description': 'Eastern Australia, Guam, Vladivostok'}}, 'email': 'ellen.lopez@example.com', 'login': {'uuid': '584e831a-9ef5-4c0b-81b9-09be2636f975', 'username': 'organicbear631', 'password': 'rescue', 'salt': '57xUaRVf', 'md5': 'b3d1da3c1e8043f2771b3ea74142e297', 'sha1': '55676e567b6d07856fa7a849b2269c9d55eb9e4b', 'sha256': '2f0004fa8df565fddf5047a359af2da8d7e83841d3398df334a461aaa266085a'}, 'dob': {'date': '1986-06-12T02:26:33.580Z', 'age': 38}, 'registered': {'date': '2020-05-01T03:43:07.886Z', 'age': 4}, 'phone': '015242 77278', 'cell': '07207 099759', 'id': {'name': 'NINO', 'value': 'AR 39 17 75 H'}, 'picture': {'large': 'https://randomuser.me/api/portraits/women/13.jpg', 'medium': 'https://randomuser.me/api/portraits/med/women/13.jpg', 'thumbnail': 'https://randomuser.me/api/portraits/thumb/women/13.jpg'}, 'nat': 'GB'}</msg>
<arg>${json_data['results'][0]}</arg>
<doc>Logs the given message with the given level.</doc>
<status status="PASS" start="2024-08-03T09:16:51.052160" elapsed="0.000426"/>
</kw>
<kw name="Log" owner="BuiltIn">
<msg time="2024-08-03T09:16:51.053011" level="INFO">login</msg>
<arg>${key}</arg>
<doc>Logs the given message with the given level.</doc>
<status status="PASS" start="2024-08-03T09:16:51.052881" elapsed="0.000166"/>
</kw>
<var name="${key}">login</var>
<status status="PASS" start="2024-08-03T09:16:51.051503" elapsed="0.001757"/>
</iter>
<var>${key}</var>
<value>@{expected_keys}</value>
<status status="PASS" start="2024-08-03T09:16:51.043222" elapsed="0.010161"/>
</for>
<kw name="Create List" owner="BuiltIn">
<msg time="2024-08-03T09:16:51.053749" level="INFO">${expected_keysTwo} = ['username', 'password']</msg>
<var>${expected_keysTwo}</var>
<arg>username</arg>
<arg>password</arg>
<doc>Returns a list containing given items.</doc>
<status status="PASS" start="2024-08-03T09:16:51.053604" elapsed="0.000170"/>
</kw>
<for flavor="IN">
<iter>
<kw name="Dictionary Should Contain Key" owner="Collections">
<arg>${json_data['results'][0]['login']}</arg>
<arg>${keyTwo}</arg>
<doc>Fails if ``key`` is not found from ``dictionary``.</doc>
<status status="PASS" start="2024-08-03T09:16:51.054270" elapsed="0.000383"/>
</kw>
<kw name="Dictionary Should Contain Key" owner="Collections">
<arg>${json_data['results'][0]['login']}</arg>
<arg>${keyTwo}</arg>
<doc>Fails if ``key`` is not found from ``dictionary``.</doc>
<status status="PASS" start="2024-08-03T09:16:51.054833" elapsed="0.000379"/>
</kw>
<kw name="Log" owner="BuiltIn">
<msg time="2024-08-03T09:16:51.055520" level="INFO">username</msg>
<arg>${keyTwo}</arg>
<doc>Logs the given message with the given level.</doc>
<status status="PASS" start="2024-08-03T09:16:51.055396" elapsed="0.000162"/>
</kw>
<var name="${keyTwo}">username</var>
<status status="PASS" start="2024-08-03T09:16:51.054161" elapsed="0.001617"/>
</iter>
<iter>
<kw name="Dictionary Should Contain Key" owner="Collections">
<arg>${json_data['results'][0]['login']}</arg>
<arg>${keyTwo}</arg>
<doc>Fails if ``key`` is not found from ``dictionary``.</doc>
<status status="PASS" start="2024-08-03T09:16:51.056059" elapsed="0.000385"/>
</kw>
<kw name="Dictionary Should Contain Key" owner="Collections">
<arg>${json_data['results'][0]['login']}</arg>
<arg>${keyTwo}</arg>
<doc>Fails if ``key`` is not found from ``dictionary``.</doc>
<status status="PASS" start="2024-08-03T09:16:51.056670" elapsed="0.000379"/>
</kw>
<kw name="Log" owner="BuiltIn">
<msg time="2024-08-03T09:16:51.057352" level="INFO">password</msg>
<arg>${keyTwo}</arg>
<doc>Logs the given message with the given level.</doc>
<status status="PASS" start="2024-08-03T09:16:51.057225" elapsed="0.000163"/>
</kw>
<var name="${keyTwo}">password</var>
<status status="PASS" start="2024-08-03T09:16:51.055952" elapsed="0.001657"/>
</iter>
<var>${keyTwo}</var>
<value>@{expected_keysTwo}</value>
<status status="PASS" start="2024-08-03T09:16:51.054010" elapsed="0.003722"/>
</for>
<status status="PASS" start="2024-08-03T09:16:50.683070" elapsed="0.374802"/>
</kw>
<doc>Testa a estrutura da resposta da API.</doc>
<tag>testeEstruturaResposta</tag>
<status status="PASS" start="2024-08-03T09:16:50.682564" elapsed="0.375466"/>
</test>
<test id="s1-s1-t4" name="Validar tipos de dados" line="28">
<kw name="Teste de Tipos de Dados" owner="random-user-service">
<kw name="GET On Session" owner="RequestsLibrary">
<msg time="2024-08-03T09:16:51.201286" level="INFO">GET Request : url=https://randomuser.me/api 
 path_url=/api 
 headers={'User-Agent': 'python-requests/2.32.3', 'Accept-Encoding': 'gzip, deflate', 'Accept': '*/*', 'Connection': 'keep-alive'} 
 body=None 
 </msg>
<msg time="2024-08-03T09:16:51.201354" level="INFO">GET Response : url=https://randomuser.me/api 
 status=200, reason=OK 
 headers={'Date': 'Sat, 03 Aug 2024 09:16:51 GMT', 'Content-Type': 'application/json; charset=utf-8', 'Transfer-Encoding': 'chunked', 'Connection': 'keep-alive', 'X-Powered-By': 'Express', 'Access-Control-Allow-Origin': '*', 'Cache-Control': 'no-cache', 'ETag': 'W/"465-p7FMpvMnoudjWasdDuVpxKoDWvc"', 'Vary': 'Accept-Encoding', 'Content-Encoding': 'gzip', 'CF-Cache-Status': 'DYNAMIC', 'Report-To': '{"endpoints":[{"url":"https:\\/\\/a.nel.cloudflare.com\\/report\\/v4?s=JnzTg7hXCt2%2BTNGyt6a55qWO%2Bhi%2BSXQrUmyCMYXoqFcY3HZ5wy%2FH98uz6cpXVNHfFf7qMqancblFctp9K0jBbFfujxYFpC2nBJLWuwtNjTvDGI9mD0YWS5aPqPGnXLHF"}],"group":"cf-nel","max_age":604800}', 'NEL': '{"success_fraction":0,"report_to":"cf-nel","max_age":604800}', 'Server': 'cloudflare', 'CF-RAY': '8ad5361329dc2b6d-LAX', 'alt-svc': 'h3=":443"; ma=86400'} 
 body={"results":[{"gender":"male","name":{"title":"Mr","first":"Robert","last":"Tucker"},"location":{"street":{"number":7105,"name":"George Street"},"city":"Rush","state":"Leitrim","country":"Ireland","postcode":32940,"coordinates":{"latitude":"-4.0394","longitude":"-28.5079"},"timezone":{"offset":"+4:30","description":"Kabul"}},"email":"robert.tucker@example.com","login":{"uuid":"ceab3c74-afa9-4383-9653-41ac37b28677","username":"goldenduck345","password":"gromit","salt":"O9NMnHnL","md5":"96074c308d8bed2a1f31da5692828af2","sha1":"130736ce1b1d811ca78d78b725883147cd08a799","sha256":"ce613c53004de4090dc809107af674453b5f047e2a23eaa9b4ee3f20d5bd42c1"},"dob":{"date":"1951-07-16T13:12:53.017Z","age":73},"registered":{"date":"2015-06-26T23:37:28.961Z","age":9},"phone":"021-471-5344","cell":"081-103-9124","id":{"name":"PPS","value":"5719610T"},"picture":{"large":"https://randomuser.me/api/portraits/men/75.jpg","medium":"https://randomuser.me/api/portraits/med/men/75.jpg","thumbnail":"https://randomuser.me/api/portraits/thumb/men/75.jpg"},"nat":"IE"}],"info":{"seed":"093d0e6556d7d978","results":1,"page":1,"version":"1.4"}} 
 </msg>
<msg time="2024-08-03T09:16:51.201410" level="INFO">/opt/hostedtoolcache/Python/3.12.4/x64/lib/python3.12/site-packages/urllib3/connectionpool.py:1099: InsecureRequestWarning: Unverified HTTPS request is being made to host 'randomuser.me'. Adding certificate verification is strongly advised. See: https://urllib3.readthedocs.io/en/latest/advanced-usage.html#tls-warnings
  warnings.warn(</msg>
<msg time="2024-08-03T09:16:51.201495" level="INFO">${response} = &lt;Response [200]&gt;</msg>
<var>${response}</var>
<arg>consultarAPI</arg>
<arg>/api</arg>
<doc>Sends a GET request on a previously created HTTP Session.</doc>
<status status="PASS" start="2024-08-03T09:16:51.060432" elapsed="0.141087"/>
</kw>
<kw name="Set Variable" owner="BuiltIn">
<msg time="2024-08-03T09:16:51.202368" level="INFO">${json_data} = {'results': [{'gender': 'male', 'name': {'title': 'Mr', 'first': 'Robert', 'last': 'Tucker'}, 'location': {'street': {'number': 7105, 'name': 'George Street'}, 'city': 'Rush', 'state': 'Leitrim', 'cou...</msg>
<var>${json_data}</var>
<arg>${response.json()}</arg>
<doc>Returns the given values which can then be assigned to a variables.</doc>
<status status="PASS" start="2024-08-03T09:16:51.201911" elapsed="0.000486"/>
</kw>
<kw name="Log" owner="BuiltIn">
<msg time="2024-08-03T09:16:51.202863" level="INFO">{'results': [{'gender': 'male', 'name': {'title': 'Mr', 'first': 'Robert', 'last': 'Tucker'}, 'location': {'street': {'number': 7105, 'name': 'George Street'}, 'city': 'Rush', 'state': 'Leitrim', 'country': 'Ireland', 'postcode': 32940, 'coordinates': {'latitude': '-4.0394', 'longitude': '-28.5079'}, 'timezone': {'offset': '+4:30', 'description': 'Kabul'}}, 'email': 'robert.tucker@example.com', 'login': {'uuid': 'ceab3c74-afa9-4383-9653-41ac37b28677', 'username': 'goldenduck345', 'password': 'gromit', 'salt': 'O9NMnHnL', 'md5': '96074c308d8bed2a1f31da5692828af2', 'sha1': '130736ce1b1d811ca78d78b725883147cd08a799', 'sha256': 'ce613c53004de4090dc809107af674453b5f047e2a23eaa9b4ee3f20d5bd42c1'}, 'dob': {'date': '1951-07-16T13:12:53.017Z', 'age': 73}, 'registered': {'date': '2015-06-26T23:37:28.961Z', 'age': 9}, 'phone': '021-471-5344', 'cell': '081-103-9124', 'id': {'name': 'PPS', 'value': '5719610T'}, 'picture': {'large': 'https://randomuser.me/api/portraits/men/75.jpg', 'medium': 'https://randomuser.me/api/portraits/med/men/75.jpg', 'thumbnail': 'https://randomuser.me/api/portraits/thumb/men/75.jpg'}, 'nat': 'IE'}], 'info': {'seed': '093d0e6556d7d978', 'results': 1, 'page': 1, 'version': '1.4'}}</msg>
<arg>${json_data}</arg>
<doc>Logs the given message with the given level.</doc>
<status status="PASS" start="2024-08-03T09:16:51.202695" elapsed="0.000217"/>
</kw>
<kw name="Should Be String" owner="String">
<arg>${json_data['results'][0]['gender']}</arg>
<doc>Fails if the given ``item`` is not a string.</doc>
<status status="PASS" start="2024-08-03T09:16:51.203205" elapsed="0.000368"/>
</kw>
<kw name="Should Match Regexp" owner="BuiltIn">
<arg>${json_data['results'][0]['email']}</arg>
<arg>^[a-zA-Z0-9._%+-]+@[a-zA-Z0-9.-]+\.[a-zA-Z]{2,}$</arg>
<doc>Fails if ``string`` does not match ``pattern`` as a regular expression.</doc>
<status status="PASS" start="2024-08-03T09:16:51.203762" elapsed="0.000548"/>
</kw>
<kw name="Should Match Regexp" owner="BuiltIn">
<arg>${json_data['results'][0]['dob']['date']}</arg>
<arg>\\d{4}-\\d{2}-\\d{2}T\\d{2}:\\d{2}:\\d{2}\\.\\d{3}Z</arg>
<doc>Fails if ``string`` does not match ``pattern`` as a regular expression.</doc>
<status status="PASS" start="2024-08-03T09:16:51.204548" elapsed="0.000628"/>
</kw>
<kw name="Should Match Regexp" owner="BuiltIn">
<arg>${json_data['results'][0]['registered']['date']}</arg>
<arg>\\d{4}-\\d{2}-\\d{2}T\\d{2}:\\d{2}:\\d{2}\\.\\d{3}Z</arg>
<doc>Fails if ``string`` does not match ``pattern`` as a regular expression.</doc>
<status status="PASS" start="2024-08-03T09:16:51.205371" elapsed="0.000372"/>
</kw>
<kw name="Should Match Regexp" owner="BuiltIn">
<arg>${json_data['results'][0]['picture']['large']}</arg>
<arg>^https?://.*\.(?:png|jpe?g|gif|bmp)$</arg>
<doc>Fails if ``string`` does not match ``pattern`` as a regular expression.</doc>
<status status="PASS" start="2024-08-03T09:16:51.205927" elapsed="0.000456"/>
</kw>
<kw name="Should Match Regexp" owner="BuiltIn">
<arg>${json_data['results'][0]['picture']['medium']}</arg>
<arg>^https?://.*\.(?:png|jpe?g|gif|bmp)$</arg>
<doc>Fails if ``string`` does not match ``pattern`` as a regular expression.</doc>
<status status="PASS" start="2024-08-03T09:16:51.206572" elapsed="0.000376"/>
</kw>
<kw name="Should Match Regexp" owner="BuiltIn">
<arg>${json_data['results'][0]['picture']['thumbnail']}</arg>
<arg>^https?://.*\.(?:png|jpe?g|gif|bmp)$</arg>
<doc>Fails if ``string`` does not match ``pattern`` as a regular expression.</doc>
<status status="PASS" start="2024-08-03T09:16:51.207128" elapsed="0.000360"/>
</kw>
<kw name="Log" owner="BuiltIn">
<msg time="2024-08-03T09:16:51.207991" level="INFO">{'large': 'https://randomuser.me/api/portraits/men/75.jpg', 'medium': 'https://randomuser.me/api/portraits/med/men/75.jpg', 'thumbnail': 'https://randomuser.me/api/portraits/thumb/men/75.jpg'}</msg>
<arg>${json_data['results'][0]['picture']}</arg>
<doc>Logs the given message with the given level.</doc>
<status status="PASS" start="2024-08-03T09:16:51.207668" elapsed="0.000365"/>
</kw>
<status status="PASS" start="2024-08-03T09:16:51.060207" elapsed="0.148081"/>
</kw>
<kw name="Teste de Tipos de Dados - Postcode" owner="random-user-service">
<kw name="GET On Session" owner="RequestsLibrary">
<msg time="2024-08-03T09:16:51.304891" level="INFO">GET Request : url=https://randomuser.me/api 
 path_url=/api 
 headers={'User-Agent': 'python-requests/2.32.3', 'Accept-Encoding': 'gzip, deflate', 'Accept': '*/*', 'Connection': 'keep-alive'} 
 body=None 
 </msg>
<msg time="2024-08-03T09:16:51.304978" level="INFO">GET Response : url=https://randomuser.me/api 
 status=200, reason=OK 
 headers={'Date': 'Sat, 03 Aug 2024 09:16:51 GMT', 'Content-Type': 'application/json; charset=utf-8', 'Transfer-Encoding': 'chunked', 'Connection': 'keep-alive', 'X-Powered-By': 'Express', 'Access-Control-Allow-Origin': '*', 'Cache-Control': 'no-cache', 'ETag': 'W/"48a-6IxUGwrZnM2SYpvFesekHZrEmfo"', 'Vary': 'Accept-Encoding', 'Content-Encoding': 'gzip', 'CF-Cache-Status': 'DYNAMIC', 'Report-To': '{"endpoints":[{"url":"https:\\/\\/a.nel.cloudflare.com\\/report\\/v4?s=jTZKCF3jd8Zyas30EBy19j2lbQFRoGpgRYguQorRHdjhBxSDwTjnPUEstd0BSY2xerkLIs%2F0CNPz65rvCIcgV%2FAtBJbsGChOumEya0CEeIEMXLHcFRfdPpuM%2B%2BjMcu7y"}],"group":"cf-nel","max_age":604800}', 'NEL': '{"success_fraction":0,"report_to":"cf-nel","max_age":604800}', 'Server': 'cloudflare', 'CF-RAY': '8ad536141ab62b6d-LAX', 'alt-svc': 'h3=":443"; ma=86400'} 
 body={"results":[{"gender":"male","name":{"title":"Mr","first":"Arnav","last":"Rajesh"},"location":{"street":{"number":8621,"name":"Carter Rd Promenade"},"city":"Surat","state":"Andhra Pradesh","country":"India","postcode":16429,"coordinates":{"latitude":"4.8856","longitude":"-56.8184"},"timezone":{"offset":"-7:00","description":"Mountain Time (US &amp; Canada)"}},"email":"arnav.rajesh@example.com","login":{"uuid":"2b3d2e01-69c7-4766-93b6-538c341ee976","username":"sadgorilla399","password":"charlotte","salt":"yLYDEzAu","md5":"82342ed700dffa4f1ffb091c763deb2b","sha1":"a3088315c217cd1e92de3299122f93d30fb33d29","sha256":"1b51d580e76e6019b4a300586be05c36593f1816f05cdf03ced1051c01d021f2"},"dob":{"date":"1956-09-28T15:52:39.037Z","age":67},"registered":{"date":"2013-05-10T04:59:36.689Z","age":11},"phone":"7218854392","cell":"9038417649","id":{"name":"UIDAI","value":"624699029277"},"picture":{"large":"https://randomuser.me/api/portraits/men/76.jpg","medium":"https://randomuser.me/api/portraits/med/men/76.jpg","thumbnail":"https://randomuser.me/api/portraits/thumb/men/76.jpg"},"nat":"IN"}],"info":{"seed":"d23894fd331cddb9","results":1,"page":1,"version":"1.4"}} 
 </msg>
<msg time="2024-08-03T09:16:51.305055" level="INFO">/opt/hostedtoolcache/Python/3.12.4/x64/lib/python3.12/site-packages/urllib3/connectionpool.py:1099: InsecureRequestWarning: Unverified HTTPS request is being made to host 'randomuser.me'. Adding certificate verification is strongly advised. See: https://urllib3.readthedocs.io/en/latest/advanced-usage.html#tls-warnings
  warnings.warn(</msg>
<msg time="2024-08-03T09:16:51.305168" level="INFO">${response} = &lt;Response [200]&gt;</msg>
<var>${response}</var>
<arg>consultarAPI</arg>
<arg>/api</arg>
<doc>Sends a GET request on a previously created HTTP Session.</doc>
<status status="PASS" start="2024-08-03T09:16:51.208804" elapsed="0.096406"/>
</kw>
<kw name="Set Variable" owner="BuiltIn">
<msg time="2024-08-03T09:16:51.306103" level="INFO">${json_data} = {'results': [{'gender': 'male', 'name': {'title': 'Mr', 'first': 'Arnav', 'last': 'Rajesh'}, 'location': {'street': {'number': 8621, 'name': 'Carter Rd Promenade'}, 'city': 'Surat', 'state': 'Andhra P...</msg>
<var>${json_data}</var>
<arg>${response.json()}</arg>
<doc>Returns the given values which can then be assigned to a variables.</doc>
<status status="PASS" start="2024-08-03T09:16:51.305662" elapsed="0.000469"/>
</kw>
<kw name="Log" owner="BuiltIn">
<msg time="2024-08-03T09:16:51.306583" level="INFO">{'results': [{'gender': 'male', 'name': {'title': 'Mr', 'first': 'Arnav', 'last': 'Rajesh'}, 'location': {'street': {'number': 8621, 'name': 'Carter Rd Promenade'}, 'city': 'Surat', 'state': 'Andhra Pradesh', 'country': 'India', 'postcode': 16429, 'coordinates': {'latitude': '4.8856', 'longitude': '-56.8184'}, 'timezone': {'offset': '-7:00', 'description': 'Mountain Time (US &amp; Canada)'}}, 'email': 'arnav.rajesh@example.com', 'login': {'uuid': '2b3d2e01-69c7-4766-93b6-538c341ee976', 'username': 'sadgorilla399', 'password': 'charlotte', 'salt': 'yLYDEzAu', 'md5': '82342ed700dffa4f1ffb091c763deb2b', 'sha1': 'a3088315c217cd1e92de3299122f93d30fb33d29', 'sha256': '1b51d580e76e6019b4a300586be05c36593f1816f05cdf03ced1051c01d021f2'}, 'dob': {'date': '1956-09-28T15:52:39.037Z', 'age': 67}, 'registered': {'date': '2013-05-10T04:59:36.689Z', 'age': 11}, 'phone': '7218854392', 'cell': '9038417649', 'id': {'name': 'UIDAI', 'value': '624699029277'}, 'picture': {'large': 'https://randomuser.me/api/portraits/men/76.jpg', 'medium': 'https://randomuser.me/api/portraits/med/men/76.jpg', 'thumbnail': 'https://randomuser.me/api/portraits/thumb/men/76.jpg'}, 'nat': 'IN'}], 'info': {'seed': 'd23894fd331cddb9', 'results': 1, 'page': 1, 'version': '1.4'}}</msg>
<arg>${json_data}</arg>
<doc>Logs the given message with the given level.</doc>
<status status="PASS" start="2024-08-03T09:16:51.306431" elapsed="0.000201"/>
</kw>
<kw name="Should Be Equal As Numbers" owner="BuiltIn">
<arg>${json_data['results'][0]['location']['postcode']}</arg>
<arg>${json_data['results'][0]['location']['postcode']}</arg>
<doc>Fails if objects are unequal after converting them to real numbers.</doc>
<status status="PASS" start="2024-08-03T09:16:51.306925" elapsed="0.000634"/>
</kw>
<kw name="Log" owner="BuiltIn">
<msg time="2024-08-03T09:16:51.308091" level="INFO">16429</msg>
<arg>${json_data['results'][0]['location']['postcode']}</arg>
<doc>Logs the given message with the given level.</doc>
<status status="PASS" start="2024-08-03T09:16:51.307753" elapsed="0.000411"/>
</kw>
<status status="PASS" start="2024-08-03T09:16:51.208526" elapsed="0.099895"/>
</kw>
<doc>Testa se os tipos de dados na resposta da API estão corretos.</doc>
<tag>testeTiposDados</tag>
<status status="PASS" start="2024-08-03T09:16:51.059754" elapsed="0.248875"/>
</test>
<test id="s1-s1-t5" name="Validar conteudo" line="35">
<kw name="Teste de Tipos de Conteudo" owner="random-user-service">
<kw name="GET On Session" owner="RequestsLibrary">
<msg time="2024-08-03T09:16:51.408944" level="INFO">GET Request : url=https://randomuser.me/api 
 path_url=/api 
 headers={'User-Agent': 'python-requests/2.32.3', 'Accept-Encoding': 'gzip, deflate', 'Accept': '*/*', 'Connection': 'keep-alive'} 
 body=None 
 </msg>
<msg time="2024-08-03T09:16:51.409028" level="INFO">GET Response : url=https://randomuser.me/api 
 status=200, reason=OK 
 headers={'Date': 'Sat, 03 Aug 2024 09:16:51 GMT', 'Content-Type': 'application/json; charset=utf-8', 'Transfer-Encoding': 'chunked', 'Connection': 'keep-alive', 'X-Powered-By': 'Express', 'Access-Control-Allow-Origin': '*', 'Cache-Control': 'no-cache', 'ETag': 'W/"49e-BZhg/UHJfSrQMiAB7FIzev69JCM"', 'Vary': 'Accept-Encoding', 'Content-Encoding': 'gzip', 'CF-Cache-Status': 'DYNAMIC', 'Report-To': '{"endpoints":[{"url":"https:\\/\\/a.nel.cloudflare.com\\/report\\/v4?s=2gJI4BLaI8VHL8cqdLeuVrKEXBHdnVy6CbkzBqu49uiDM4qGwU7ZTCDtCbPIp3pAjeAvkx20TZwv%2FU455z4oW%2FyAuqnH4L0n3SR7wIyjAGo9QUjJ%2B1rLa8XKVR8lHkSu"}],"group":"cf-nel","max_age":604800}', 'NEL': '{"success_fraction":0,"report_to":"cf-nel","max_age":604800}', 'Server': 'cloudflare', 'CF-RAY': '8ad53614bb4a2b6d-LAX', 'alt-svc': 'h3=":443"; ma=86400'} 
 body={"results":[{"gender":"female","name":{"title":"Ms","first":"Joy","last":"Moreno"},"location":{"street":{"number":5667,"name":"Rolling Green Rd"},"city":"Omaha","state":"Illinois","country":"United States","postcode":33436,"coordinates":{"latitude":"83.5369","longitude":"15.5503"},"timezone":{"offset":"+11:00","description":"Magadan, Solomon Islands, New Caledonia"}},"email":"joy.moreno@example.com","login":{"uuid":"79cf9ba4-4f08-4a7f-ad10-36bae38b21f8","username":"beautifulduck440","password":"arnold","salt":"9cHPE0yZ","md5":"98d31320aaa9cf09dcd02965892d24c7","sha1":"c06c8eb507e000dfab5160c248a1997543d07782","sha256":"263f013466cd0d748a3ceeddb28f99ced45ef6207cfb65c9d29c11c91e62ae30"},"dob":{"date":"1983-12-06T03:54:46.490Z","age":40},"registered":{"date":"2016-01-21T18:43:43.230Z","age":8},"phone":"(357) 319-5682","cell":"(865) 832-0976","id":{"name":"SSN","value":"478-59-3344"},"picture":{"large":"https://randomuser.me/api/portraits/women/89.jpg","medium":"https://randomuser.me/api/portraits/med/women/89.jpg","thumbnail":"https://randomuser.me/api/portraits/thumb/women/89.jpg"},"nat":"US"}],"info":{"seed":"6fb172565b6f43bc","results":1,"page":1,"version":"1.4"}} 
 </msg>
<msg time="2024-08-03T09:16:51.409099" level="INFO">/opt/hostedtoolcache/Python/3.12.4/x64/lib/python3.12/site-packages/urllib3/connectionpool.py:1099: InsecureRequestWarning: Unverified HTTPS request is being made to host 'randomuser.me'. Adding certificate verification is strongly advised. See: https://urllib3.readthedocs.io/en/latest/advanced-usage.html#tls-warnings
  warnings.warn(</msg>
<msg time="2024-08-03T09:16:51.409218" level="INFO">${response} = &lt;Response [200]&gt;</msg>
<var>${response}</var>
<arg>consultarAPI</arg>
<arg>/api</arg>
<doc>Sends a GET request on a previously created HTTP Session.</doc>
<status status="PASS" start="2024-08-03T09:16:51.311102" elapsed="0.098172"/>
</kw>
<kw name="Set Variable" owner="BuiltIn">
<msg time="2024-08-03T09:16:51.410371" level="INFO">${json_data} = {'results': [{'gender': 'female', 'name': {'title': 'Ms', 'first': 'Joy', 'last': 'Moreno'}, 'location': {'street': {'number': 5667, 'name': 'Rolling Green Rd'}, 'city': 'Omaha', 'state': 'Illinois', ...</msg>
<var>${json_data}</var>
<arg>${response.json()}</arg>
<doc>Returns the given values which can then be assigned to a variables.</doc>
<status status="PASS" start="2024-08-03T09:16:51.409823" elapsed="0.000578"/>
</kw>
<kw name="Set Variable" owner="BuiltIn">
<msg time="2024-08-03T09:16:51.411093" level="INFO">${name_title} = Ms</msg>
<var>${name_title}</var>
<arg>${json_data["results"][0]["name"]["title"]}</arg>
<doc>Returns the given values which can then be assigned to a variables.</doc>
<status status="PASS" start="2024-08-03T09:16:51.410710" elapsed="0.000409"/>
</kw>
<kw name="Create List" owner="BuiltIn">
<msg time="2024-08-03T09:16:51.411570" level="INFO">${allowed_titles} = ['Mr', 'Ms', 'Miss', 'Mrs', 'Madame', 'Monsieur']</msg>
<var>${allowed_titles}</var>
<arg>Mr</arg>
<arg>Ms</arg>
<arg>Miss</arg>
<arg>Mrs</arg>
<arg>Madame</arg>
<arg>Monsieur</arg>
<doc>Returns a list containing given items.</doc>
<status status="PASS" start="2024-08-03T09:16:51.411420" elapsed="0.000175"/>
</kw>
<kw name="List Should Contain Value" owner="Collections">
<arg>${allowed_titles}</arg>
<arg>${name_title}</arg>
<doc>Fails if the ``value`` is not found from ``list``.</doc>
<status status="PASS" start="2024-08-03T09:16:51.411901" elapsed="0.000177"/>
</kw>
<kw name="Set Variable" owner="BuiltIn">
<msg time="2024-08-03T09:16:51.412682" level="INFO">${name_country} = US</msg>
<var>${name_country}</var>
<arg>${json_data["results"][0]["nat"]}</arg>
<doc>Returns the given values which can then be assigned to a variables.</doc>
<status status="PASS" start="2024-08-03T09:16:51.412258" elapsed="0.000450"/>
</kw>
<kw name="Create List" owner="BuiltIn">
<msg time="2024-08-03T09:16:51.413601" level="INFO">${list_country} = ['AD', 'AE', 'AF', 'AG', 'AI', 'AL', 'AM', 'AO', 'AQ', 'AR', 'AS', 'AT', 'AU', 'AW', 'AX', 'AZ', 'BA', 'BB', 'BD', 'BE', 'BF', 'BG', 'BH', 'BI', 'BJ', 'BL', 'BM', 'BN', 'BO', 'BQ', 'BR', 'BS', 'BT', '...</msg>
<var>${list_country}</var>
<arg>AD</arg>
<arg>AE</arg>
<arg>AF</arg>
<arg>AG</arg>
<arg>AI</arg>
<arg>AL</arg>
<arg>AM</arg>
<arg>AO</arg>
<arg>AQ</arg>
<arg>AR</arg>
<arg>AS</arg>
<arg>AT</arg>
<arg>AU</arg>
<arg>AW</arg>
<arg>AX</arg>
<arg>AZ</arg>
<arg>BA</arg>
<arg>BB</arg>
<arg>BD</arg>
<arg>BE</arg>
<arg>BF</arg>
<arg>BG</arg>
<arg>BH</arg>
<arg>BI</arg>
<arg>BJ</arg>
<arg>BL</arg>
<arg>BM</arg>
<arg>BN</arg>
<arg>BO</arg>
<arg>BQ</arg>
<arg>BR</arg>
<arg>BS</arg>
<arg>BT</arg>
<arg>BV</arg>
<arg>BW</arg>
<arg>BY</arg>
<arg>BZ</arg>
<arg>CA</arg>
<arg>CC</arg>
<arg>CD</arg>
<arg>CF</arg>
<arg>CG</arg>
<arg>CH</arg>
<arg>CI</arg>
<arg>CK</arg>
<arg>CL</arg>
<arg>CM</arg>
<arg>CN</arg>
<arg>CO</arg>
<arg>CR</arg>
<arg>CU</arg>
<arg>CV</arg>
<arg>CW</arg>
<arg>CX</arg>
<arg>CY</arg>
<arg>CZ</arg>
<arg>DE</arg>
<arg>DJ</arg>
<arg>DK</arg>
<arg>DM</arg>
<arg>DO</arg>
<arg>DZ</arg>
<arg>EC</arg>
<arg>EE</arg>
<arg>EG</arg>
<arg>EH</arg>
<arg>ER</arg>
<arg>ES</arg>
<arg>ET</arg>
<arg>FI</arg>
<arg>FJ</arg>
<arg>FK</arg>
<arg>FM</arg>
<arg>FO</arg>
<arg>FR</arg>
<arg>GA</arg>
<arg>GB</arg>
<arg>GD</arg>
<arg>GE</arg>
<arg>GF</arg>
<arg>GG</arg>
<arg>GH</arg>
<arg>GI</arg>
<arg>GL</arg>
<arg>GM</arg>
<arg>GN</arg>
<arg>GP</arg>
<arg>GQ</arg>
<arg>GR</arg>
<arg>GS</arg>
<arg>GT</arg>
<arg>GU</arg>
<arg>GW</arg>
<arg>GY</arg>
<arg>HK</arg>
<arg>HM</arg>
<arg>HN</arg>
<arg>HR</arg>
<arg>HT</arg>
<arg>HU</arg>
<arg>ID</arg>
<arg>IE</arg>
<arg>IL</arg>
<arg>IM</arg>
<arg>IN</arg>
<arg>IO</arg>
<arg>IQ</arg>
<arg>IR</arg>
<arg>IS</arg>
<arg>IT</arg>
<arg>JE</arg>
<arg>JM</arg>
<arg>JO</arg>
<arg>JP</arg>
<arg>KE</arg>
<arg>KG</arg>
<arg>KH</arg>
<arg>KI</arg>
<arg>KM</arg>
<arg>KN</arg>
<arg>KP</arg>
<arg>KR</arg>
<arg>KW</arg>
<arg>KY</arg>
<arg>KZ</arg>
<arg>LA</arg>
<arg>LB</arg>
<arg>LC</arg>
<arg>LI</arg>
<arg>LK</arg>
<arg>LR</arg>
<arg>LS</arg>
<arg>LT</arg>
<arg>LU</arg>
<arg>LV</arg>
<arg>LY</arg>
<arg>MA</arg>
<arg>MC</arg>
<arg>MD</arg>
<arg>ME</arg>
<arg>MF</arg>
<arg>MG</arg>
<arg>MH</arg>
<arg>MK</arg>
<arg>ML</arg>
<arg>MM</arg>
<arg>MN</arg>
<arg>MO</arg>
<arg>MP</arg>
<arg>MQ</arg>
<arg>MR</arg>
<arg>MS</arg>
<arg>MT</arg>
<arg>MU</arg>
<arg>MV</arg>
<arg>MW</arg>
<arg>MX</arg>
<arg>MY</arg>
<arg>MZ</arg>
<arg>NA</arg>
<arg>NC</arg>
<arg>NE</arg>
<arg>NF</arg>
<arg>NG</arg>
<arg>NI</arg>
<arg>NL</arg>
<arg>NO</arg>
<arg>NP</arg>
<arg>NR</arg>
<arg>NU</arg>
<arg>NZ</arg>
<arg>OM</arg>
<arg>PA</arg>
<arg>PE</arg>
<arg>PF</arg>
<arg>PG</arg>
<arg>PH</arg>
<arg>PK</arg>
<arg>PL</arg>
<arg>PM</arg>
<arg>PN</arg>
<arg>PR</arg>
<arg>PS</arg>
<arg>PT</arg>
<arg>PW</arg>
<arg>PY</arg>
<arg>QA</arg>
<arg>RE</arg>
<arg>RO</arg>
<arg>RS</arg>
<arg>RU</arg>
<arg>RW</arg>
<arg>SA</arg>
<arg>SB</arg>
<arg>SC</arg>
<arg>SD</arg>
<arg>SE</arg>
<arg>SG</arg>
<arg>SH</arg>
<arg>SI</arg>
<arg>SJ</arg>
<arg>SK</arg>
<arg>SL</arg>
<arg>SM</arg>
<arg>SN</arg>
<arg>SO</arg>
<arg>SR</arg>
<arg>SS</arg>
<arg>ST</arg>
<arg>SV</arg>
<arg>SX</arg>
<arg>SY</arg>
<arg>SZ</arg>
<arg>TC</arg>
<arg>TD</arg>
<arg>TF</arg>
<arg>TG</arg>
<arg>TH</arg>
<arg>TJ</arg>
<arg>TK</arg>
<arg>TL</arg>
<arg>TM</arg>
<arg>TN</arg>
<arg>TO</arg>
<arg>TR</arg>
<arg>TT</arg>
<arg>TV</arg>
<arg>TW</arg>
<arg>TZ</arg>
<arg>UA</arg>
<arg>UG</arg>
<arg>UM</arg>
<arg>US</arg>
<arg>UY</arg>
<arg>UZ</arg>
<arg>VA</arg>
<arg>VC</arg>
<arg>VE</arg>
<arg>VG</arg>
<arg>VI</arg>
<arg>VN</arg>
<arg>VU</arg>
<arg>WF</arg>
<arg>WS</arg>
<arg>XK</arg>
<arg>YE</arg>
<arg>YT</arg>
<arg>ZA</arg>
<arg>ZM</arg>
<arg>ZW</arg>
<doc>Returns a list containing given items.</doc>
<status status="PASS" start="2024-08-03T09:16:51.413000" elapsed="0.000627"/>
</kw>
<kw name="List Should Contain Value" owner="Collections">
<arg>${list_country}</arg>
<arg>${name_country}</arg>
<doc>Fails if the ``value`` is not found from ``list``.</doc>
<status status="PASS" start="2024-08-03T09:16:51.414568" elapsed="0.000215"/>
</kw>
<kw name="Run Keyword If" owner="BuiltIn">
<kw name="Should Be True" owner="BuiltIn">
<arg>${True}</arg>
<doc>Fails if the given condition is not true.</doc>
<status status="PASS" start="2024-08-03T09:16:51.415760" elapsed="0.000146"/>
</kw>
<arg>${json_data["results"][0]["location"]["coordinates"]["latitude"]} &gt;= -90 and ${json_data["results"][0]["location"]["coordinates"]["latitude"]} &lt;= 90</arg>
<arg>Should Be True</arg>
<arg>${True}</arg>
<doc>Runs the given keyword with the given arguments, if ``condition`` is true.</doc>
<status status="PASS" start="2024-08-03T09:16:51.414983" elapsed="0.001063"/>
</kw>
<kw name="Run Keyword If" owner="BuiltIn">
<kw name="Should Be True" owner="BuiltIn">
<arg>${True}</arg>
<doc>Fails if the given condition is not true.</doc>
<status status="PASS" start="2024-08-03T09:16:51.417000" elapsed="0.000140"/>
</kw>
<arg>${json_data["results"][0]["location"]["coordinates"]["longitude"]} &gt;= -180 and ${json_data["results"][0]["location"]["coordinates"]["longitude"]} &lt;= 180</arg>
<arg>Should Be True</arg>
<arg>${True}</arg>
<doc>Runs the given keyword with the given arguments, if ``condition`` is true.</doc>
<status status="PASS" start="2024-08-03T09:16:51.416263" elapsed="0.001001"/>
</kw>
<status status="PASS" start="2024-08-03T09:16:51.310870" elapsed="0.106523"/>
</kw>
<doc>Testa o conteúdo específico dos campos retornados pela API.</doc>
<tag>testeConteudo</tag>
<status status="PASS" start="2024-08-03T09:16:51.310386" elapsed="0.107152"/>
</test>
<status status="PASS" start="2024-08-03T09:16:50.022642" elapsed="1.396809"/>
</suite>
<status status="PASS" start="2024-08-03T09:16:50.008006" elapsed="1.416396"/>
</suite>
<statistics>
<total>
<stat pass="5" fail="0" skip="0">All Tests</stat>
</total>
<tag>
<stat pass="1" fail="0" skip="0">testeConteudo</stat>
<stat pass="1" fail="0" skip="0">testeEstruturaResposta</stat>
<stat pass="1" fail="0" skip="0">testeRequisicaoBasica</stat>
<stat pass="1" fail="0" skip="0">testeTiposDados</stat>
</tag>
<suite>
<stat pass="5" fail="0" skip="0" id="s1" name="Tests">Tests</stat>
<stat pass="5" fail="0" skip="0" id="s1-s1" name="Random-User-Test">Tests.Random-User-Test</stat>
</suite>
</statistics>
<errors>
</errors>
</robot>
