<?xml version="1.0" encoding="UTF-8"?>
<robot generator="Robot 7.0 (Python 3.12.3 on linux)" generated="2024-04-22T13:15:45.306737" rpa="false" schemaversion="5">
<suite id="s1" name="Tests" source="/home/runner/work/DesafioQAItauRogerioJordao/DesafioQAItauRogerioJordao/RamdonUser/tests">
<suite id="s1-s1" name="Random-User-Test" source="/home/runner/work/DesafioQAItauRogerioJordao/DesafioQAItauRogerioJordao/RamdonUser/tests/random-user-test.robot">
<test id="s1-s1-t1" name="Conectar" line="13">
<kw name="Conectar API" owner="random-user-service">
<kw name="Create Session" owner="RequestsLibrary">
<msg time="2024-04-22T13:15:45.698473" level="INFO">Creating Session using : alias=consultarAPI, url=https://randomuser.me/, headers={},                     cookies={}, auth=None, timeout=None, proxies=None, verify=False,                     debug=0 </msg>
<arg>consultarAPI</arg>
<arg>${URL}</arg>
<doc>Create Session: create a HTTP session to a server</doc>
<status status="PASS" start="2024-04-22T13:15:45.698271" elapsed="0.000397"/>
</kw>
<status status="PASS" start="2024-04-22T13:15:45.697282" elapsed="0.001791"/>
</kw>
<status status="PASS" start="2024-04-22T13:15:45.696644" elapsed="0.002623"/>
</test>
<test id="s1-s1-t2" name="Validar retorno 200 e JSON Válido" line="16">
<kw name="Teste de Requisicao Basica" owner="random-user-service">
<kw name="GET On Session" owner="RequestsLibrary">
<msg time="2024-04-22T13:15:45.897673" level="INFO">GET Request : url=https://randomuser.me/api 
 path_url=/api 
 headers={'User-Agent': 'python-requests/2.31.0', 'Accept-Encoding': 'gzip, deflate', 'Accept': '*/*', 'Connection': 'keep-alive'} 
 body=None 
 </msg>
<msg time="2024-04-22T13:15:45.897846" level="INFO">GET Response : url=https://randomuser.me/api 
 status=200, reason=OK 
 headers={'Date': 'Mon, 22 Apr 2024 13:15:45 GMT', 'Content-Type': 'application/json; charset=utf-8', 'Transfer-Encoding': 'chunked', 'Connection': 'keep-alive', 'X-Powered-By': 'Express', 'Access-Control-Allow-Origin': '*', 'Cache-Control': 'no-cache', 'ETag': 'W/"493-R+CgnetQtpxDB9NPeIu5QR7N6Ck"', 'Vary': 'Accept-Encoding', 'Content-Encoding': 'gzip', 'CF-Cache-Status': 'DYNAMIC', 'Report-To': '{"endpoints":[{"url":"https:\\/\\/a.nel.cloudflare.com\\/report\\/v4?s=X1YsyIYbyxUGJ5o9JG5XSzYa3e%2FoPIOPsmKyfU%2B9XX89qgcfQpHj4%2FfS5DfWiNujGv2LIAq9whr1iou7TK6alJyvVxWv%2B%2FMrhMzjS5%2FhfLu2xB4GVg9xXX9bcRgyglCD"}],"group":"cf-nel","max_age":604800}', 'NEL': '{"success_fraction":0,"report_to":"cf-nel","max_age":604800}', 'Server': 'cloudflare', 'CF-RAY': '8785e26b8d6e2be1-ORD', 'alt-svc': 'h3=":443"; ma=86400'} 
 body={"results":[{"gender":"female","name":{"title":"Miss","first":"Silke","last":"Christensen"},"location":{"street":{"number":1065,"name":"Nørremarksvej"},"city":"Randers Nø","state":"Nordjylland","country":"Denmark","postcode":35898,"coordinates":{"latitude":"-40.0568","longitude":"158.2749"},"timezone":{"offset":"-11:00","description":"Midway Island, Samoa"}},"email":"silke.christensen@example.com","login":{"uuid":"e12019a8-4494-491c-8219-efa84b3a4a1c","username":"organictiger954","password":"allegro","salt":"sKsLfXUk","md5":"8faefb4f2f0ca6e0bdf7b827f78dc07d","sha1":"c19f8689a617a9094e0d054ffae49100c20b7182","sha256":"f68f1aa56aa33300033a1155617dfd583de6e0048a6185cc5314cb560e045f18"},"dob":{"date":"1980-12-02T02:07:38.664Z","age":43},"registered":{"date":"2012-08-24T15:04:26.796Z","age":11},"phone":"72636176","cell":"54839623","id":{"name":"CPR","value":"011280-8028"},"picture":{"large":"https://randomuser.me/api/portraits/women/25.jpg","medium":"https://randomuser.me/api/portraits/med/women/25.jpg","thumbnail":"https://randomuser.me/api/portraits/thumb/women/25.jpg"},"nat":"DK"}],"info":{"seed":"887eb8d812e1b8b8","results":1,"page":1,"version":"1.4"}} 
 </msg>
<msg time="2024-04-22T13:15:45.897948" level="INFO">/opt/hostedtoolcache/Python/3.12.3/x64/lib/python3.12/site-packages/urllib3/connectionpool.py:1103: InsecureRequestWarning: Unverified HTTPS request is being made to host 'randomuser.me'. Adding certificate verification is strongly advised. See: https://urllib3.readthedocs.io/en/latest/advanced-usage.html#tls-warnings
  warnings.warn(</msg>
<msg time="2024-04-22T13:15:45.898100" level="INFO">${response} = &lt;Response [200]&gt;</msg>
<var>${response}</var>
<arg>consultarAPI</arg>
<arg>/api</arg>
<doc>Sends a GET request on a previously created HTTP Session.</doc>
<status status="PASS" start="2024-04-22T13:15:45.701934" elapsed="0.196209"/>
</kw>
<kw name="Should Be Equal As Numbers" owner="BuiltIn">
<msg time="2024-04-22T13:15:45.899368" level="INFO">Argument types are:
&lt;class 'int'&gt;
&lt;class 'str'&gt;</msg>
<arg>${response.status_code}</arg>
<arg>200</arg>
<doc>Fails if objects are unequal after converting them to real numbers.</doc>
<status status="PASS" start="2024-04-22T13:15:45.898852" elapsed="0.000581"/>
</kw>
<kw name="Log" owner="BuiltIn">
<msg time="2024-04-22T13:15:45.900133" level="INFO">200</msg>
<arg>${response.status_code}</arg>
<doc>Logs the given message with the given level.</doc>
<status status="PASS" start="2024-04-22T13:15:45.899783" elapsed="0.000392"/>
</kw>
<kw name="Set Variable" owner="BuiltIn">
<msg time="2024-04-22T13:15:45.900931" level="INFO">${json_data} = {'results': [{'gender': 'female', 'name': {'title': 'Miss', 'first': 'Silke', 'last': 'Christensen'}, 'location': {'street': {'number': 1065, 'name': 'Nørremarksvej'}, 'city': 'Randers Nø', 'state': '...</msg>
<var>${json_data}</var>
<arg>${response.json()}</arg>
<doc>Returns the given values which can then be assigned to a variables.</doc>
<status status="PASS" start="2024-04-22T13:15:45.900482" elapsed="0.000478"/>
</kw>
<kw name="Dictionary Should Contain Key" owner="Collections">
<msg time="2024-04-22T13:15:45.901438" level="INFO">False</msg>
<arg>${json_data}</arg>
<arg>results</arg>
<doc>Fails if ``key`` is not found from ``dictionary``.</doc>
<status status="PASS" start="2024-04-22T13:15:45.901266" elapsed="0.000212"/>
</kw>
<status status="PASS" start="2024-04-22T13:15:45.701689" elapsed="0.200059"/>
</kw>
<doc>Testa se a API responde corretamente e retorna um objeto JSON válido.</doc>
<tag>testeRequisicaoBasica</tag>
<status status="PASS" start="2024-04-22T13:15:45.701158" elapsed="0.200778"/>
</test>
<test id="s1-s1-t3" name="Validar estrutura de resposta" line="22">
<kw name="Teste de Estrutura de Resposta" owner="random-user-service">
<kw name="GET On Session" owner="RequestsLibrary">
<msg time="2024-04-22T13:15:45.986967" level="INFO">GET Request : url=https://randomuser.me/api 
 path_url=/api 
 headers={'User-Agent': 'python-requests/2.31.0', 'Accept-Encoding': 'gzip, deflate', 'Accept': '*/*', 'Connection': 'keep-alive'} 
 body=None 
 </msg>
<msg time="2024-04-22T13:15:45.987082" level="INFO">GET Response : url=https://randomuser.me/api 
 status=200, reason=OK 
 headers={'Date': 'Mon, 22 Apr 2024 13:15:45 GMT', 'Content-Type': 'application/json; charset=utf-8', 'Transfer-Encoding': 'chunked', 'Connection': 'keep-alive', 'X-Powered-By': 'Express', 'Access-Control-Allow-Origin': '*', 'Cache-Control': 'no-cache', 'ETag': 'W/"478-n3/BRhLHN3gCp55AYjHhtNYoqM8"', 'Vary': 'Accept-Encoding', 'Content-Encoding': 'gzip', 'CF-Cache-Status': 'DYNAMIC', 'Report-To': '{"endpoints":[{"url":"https:\\/\\/a.nel.cloudflare.com\\/report\\/v4?s=OzLIbKGAb0oYnymEkWbD%2FI6hAvKGeVVluvsuKEe0HxHbk2y6awfgHR3lKGYPWeDKNR%2BAv7LAOr8Pa0HZ3CkE8E1%2B5AbWiZYU%2F%2BTLYFHNoDgOHvKaJdS%2B9H7fJZREdXsf"}],"group":"cf-nel","max_age":604800}', 'NEL': '{"success_fraction":0,"report_to":"cf-nel","max_age":604800}', 'Server': 'cloudflare', 'CF-RAY': '8785e26bede42be1-ORD', 'alt-svc': 'h3=":443"; ma=86400'} 
 body={"results":[{"gender":"male","name":{"title":"Mr","first":"Aapo","last":"Moilanen"},"location":{"street":{"number":9749,"name":"Pirkankatu"},"city":"Eurajoki","state":"Pirkanmaa","country":"Finland","postcode":11250,"coordinates":{"latitude":"-23.5510","longitude":"-115.7517"},"timezone":{"offset":"-2:00","description":"Mid-Atlantic"}},"email":"aapo.moilanen@example.com","login":{"uuid":"096f8080-6530-4096-9bb5-b4f8eb0cec77","username":"sadfrog759","password":"qwerty1","salt":"AtmdcKyJ","md5":"3c3da94b32c31c58a05c6f31b02347a8","sha1":"b757d84adbc0de71d4095a29221fbe0f1a505631","sha256":"f1217f88a4403d99150bc02f0150b5a62ad19845b498c98baf4418a5fed08076"},"dob":{"date":"1961-10-26T13:16:40.839Z","age":62},"registered":{"date":"2022-03-30T18:00:52.625Z","age":2},"phone":"09-707-974","cell":"044-738-18-70","id":{"name":"HETU","value":"NaNNA161undefined"},"picture":{"large":"https://randomuser.me/api/portraits/men/50.jpg","medium":"https://randomuser.me/api/portraits/med/men/50.jpg","thumbnail":"https://randomuser.me/api/portraits/thumb/men/50.jpg"},"nat":"FI"}],"info":{"seed":"413aa863a40337b7","results":1,"page":1,"version":"1.4"}} 
 </msg>
<msg time="2024-04-22T13:15:45.987214" level="INFO">/opt/hostedtoolcache/Python/3.12.3/x64/lib/python3.12/site-packages/urllib3/connectionpool.py:1103: InsecureRequestWarning: Unverified HTTPS request is being made to host 'randomuser.me'. Adding certificate verification is strongly advised. See: https://urllib3.readthedocs.io/en/latest/advanced-usage.html#tls-warnings
  warnings.warn(</msg>
<msg time="2024-04-22T13:15:45.987341" level="INFO">${response} = &lt;Response [200]&gt;</msg>
<var>${response}</var>
<arg>consultarAPI</arg>
<arg>/api</arg>
<doc>Sends a GET request on a previously created HTTP Session.</doc>
<status status="PASS" start="2024-04-22T13:15:45.904676" elapsed="0.082705"/>
</kw>
<kw name="Set Variable" owner="BuiltIn">
<msg time="2024-04-22T13:15:45.988629" level="INFO">${json_data} = {'results': [{'gender': 'male', 'name': {'title': 'Mr', 'first': 'Aapo', 'last': 'Moilanen'}, 'location': {'street': {'number': 9749, 'name': 'Pirkankatu'}, 'city': 'Eurajoki', 'state': 'Pirkanmaa', '...</msg>
<var>${json_data}</var>
<arg>${response.json()}</arg>
<doc>Returns the given values which can then be assigned to a variables.</doc>
<status status="PASS" start="2024-04-22T13:15:45.988022" elapsed="0.000635"/>
</kw>
<kw name="Log" owner="BuiltIn">
<msg time="2024-04-22T13:15:45.989126" level="INFO">{'results': [{'gender': 'male', 'name': {'title': 'Mr', 'first': 'Aapo', 'last': 'Moilanen'}, 'location': {'street': {'number': 9749, 'name': 'Pirkankatu'}, 'city': 'Eurajoki', 'state': 'Pirkanmaa', 'country': 'Finland', 'postcode': 11250, 'coordinates': {'latitude': '-23.5510', 'longitude': '-115.7517'}, 'timezone': {'offset': '-2:00', 'description': 'Mid-Atlantic'}}, 'email': 'aapo.moilanen@example.com', 'login': {'uuid': '096f8080-6530-4096-9bb5-b4f8eb0cec77', 'username': 'sadfrog759', 'password': 'qwerty1', 'salt': 'AtmdcKyJ', 'md5': '3c3da94b32c31c58a05c6f31b02347a8', 'sha1': 'b757d84adbc0de71d4095a29221fbe0f1a505631', 'sha256': 'f1217f88a4403d99150bc02f0150b5a62ad19845b498c98baf4418a5fed08076'}, 'dob': {'date': '1961-10-26T13:16:40.839Z', 'age': 62}, 'registered': {'date': '2022-03-30T18:00:52.625Z', 'age': 2}, 'phone': '09-707-974', 'cell': '044-738-18-70', 'id': {'name': 'HETU', 'value': 'NaNNA161undefined'}, 'picture': {'large': 'https://randomuser.me/api/portraits/men/50.jpg', 'medium': 'https://randomuser.me/api/portraits/med/men/50.jpg', 'thumbnail': 'https://randomuser.me/api/portraits/thumb/men/50.jpg'}, 'nat': 'FI'}], 'info': {'seed': '413aa863a40337b7', 'results': 1, 'page': 1, 'version': '1.4'}}</msg>
<arg>${json_data}</arg>
<doc>Logs the given message with the given level.</doc>
<status status="PASS" start="2024-04-22T13:15:45.988966" elapsed="0.000209"/>
</kw>
<kw name="Dictionary Should Contain Key" owner="Collections">
<msg time="2024-04-22T13:15:45.989631" level="INFO">False</msg>
<arg>${json_data}</arg>
<arg>results</arg>
<doc>Fails if ``key`` is not found from ``dictionary``.</doc>
<status status="PASS" start="2024-04-22T13:15:45.989468" elapsed="0.000199"/>
</kw>
<kw name="Should Not Be Empty" owner="BuiltIn">
<msg time="2024-04-22T13:15:45.990090" level="INFO">Length is 2.</msg>
<arg>${json_data}</arg>
<doc>Verifies that the given item is not empty.</doc>
<status status="PASS" start="2024-04-22T13:15:45.989960" elapsed="0.000328"/>
</kw>
<kw name="Create List" owner="BuiltIn">
<msg time="2024-04-22T13:15:45.990734" level="INFO">${expected_keys} = ['gender', 'name', 'location', 'email', 'login']</msg>
<var>${expected_keys}</var>
<arg>gender</arg>
<arg>name</arg>
<arg>location</arg>
<arg>email</arg>
<arg>login</arg>
<doc>Returns a list containing given items.</doc>
<status status="PASS" start="2024-04-22T13:15:45.990581" elapsed="0.000177"/>
</kw>
<for flavor="IN">
<iter>
<kw name="Dictionary Should Contain Key" owner="Collections">
<msg time="2024-04-22T13:15:45.991801" level="INFO">False</msg>
<arg>${json_data['results'][0]}</arg>
<arg>${key}</arg>
<doc>Fails if ``key`` is not found from ``dictionary``.</doc>
<status status="PASS" start="2024-04-22T13:15:45.991400" elapsed="0.000439"/>
</kw>
<kw name="Log" owner="BuiltIn">
<msg time="2024-04-22T13:15:45.992513" level="INFO">{'gender': 'male', 'name': {'title': 'Mr', 'first': 'Aapo', 'last': 'Moilanen'}, 'location': {'street': {'number': 9749, 'name': 'Pirkankatu'}, 'city': 'Eurajoki', 'state': 'Pirkanmaa', 'country': 'Finland', 'postcode': 11250, 'coordinates': {'latitude': '-23.5510', 'longitude': '-115.7517'}, 'timezone': {'offset': '-2:00', 'description': 'Mid-Atlantic'}}, 'email': 'aapo.moilanen@example.com', 'login': {'uuid': '096f8080-6530-4096-9bb5-b4f8eb0cec77', 'username': 'sadfrog759', 'password': 'qwerty1', 'salt': 'AtmdcKyJ', 'md5': '3c3da94b32c31c58a05c6f31b02347a8', 'sha1': 'b757d84adbc0de71d4095a29221fbe0f1a505631', 'sha256': 'f1217f88a4403d99150bc02f0150b5a62ad19845b498c98baf4418a5fed08076'}, 'dob': {'date': '1961-10-26T13:16:40.839Z', 'age': 62}, 'registered': {'date': '2022-03-30T18:00:52.625Z', 'age': 2}, 'phone': '09-707-974', 'cell': '044-738-18-70', 'id': {'name': 'HETU', 'value': 'NaNNA161undefined'}, 'picture': {'large': 'https://randomuser.me/api/portraits/men/50.jpg', 'medium': 'https://randomuser.me/api/portraits/med/men/50.jpg', 'thumbnail': 'https://randomuser.me/api/portraits/thumb/men/50.jpg'}, 'nat': 'FI'}</msg>
<arg>${json_data['results'][0]}</arg>
<doc>Logs the given message with the given level.</doc>
<status status="PASS" start="2024-04-22T13:15:45.992147" elapsed="0.000413"/>
</kw>
<kw name="Log" owner="BuiltIn">
<msg time="2024-04-22T13:15:45.992980" level="INFO">gender</msg>
<arg>${key}</arg>
<doc>Logs the given message with the given level.</doc>
<status status="PASS" start="2024-04-22T13:15:45.992853" elapsed="0.000164"/>
</kw>
<var name="${key}">gender</var>
<status status="PASS" start="2024-04-22T13:15:45.991266" elapsed="0.001964"/>
</iter>
<iter>
<kw name="Dictionary Should Contain Key" owner="Collections">
<msg time="2024-04-22T13:15:45.993915" level="INFO">False</msg>
<arg>${json_data['results'][0]}</arg>
<arg>${key}</arg>
<doc>Fails if ``key`` is not found from ``dictionary``.</doc>
<status status="PASS" start="2024-04-22T13:15:45.993529" elapsed="0.000423"/>
</kw>
<kw name="Log" owner="BuiltIn">
<msg time="2024-04-22T13:15:45.994632" level="INFO">{'gender': 'male', 'name': {'title': 'Mr', 'first': 'Aapo', 'last': 'Moilanen'}, 'location': {'street': {'number': 9749, 'name': 'Pirkankatu'}, 'city': 'Eurajoki', 'state': 'Pirkanmaa', 'country': 'Finland', 'postcode': 11250, 'coordinates': {'latitude': '-23.5510', 'longitude': '-115.7517'}, 'timezone': {'offset': '-2:00', 'description': 'Mid-Atlantic'}}, 'email': 'aapo.moilanen@example.com', 'login': {'uuid': '096f8080-6530-4096-9bb5-b4f8eb0cec77', 'username': 'sadfrog759', 'password': 'qwerty1', 'salt': 'AtmdcKyJ', 'md5': '3c3da94b32c31c58a05c6f31b02347a8', 'sha1': 'b757d84adbc0de71d4095a29221fbe0f1a505631', 'sha256': 'f1217f88a4403d99150bc02f0150b5a62ad19845b498c98baf4418a5fed08076'}, 'dob': {'date': '1961-10-26T13:16:40.839Z', 'age': 62}, 'registered': {'date': '2022-03-30T18:00:52.625Z', 'age': 2}, 'phone': '09-707-974', 'cell': '044-738-18-70', 'id': {'name': 'HETU', 'value': 'NaNNA161undefined'}, 'picture': {'large': 'https://randomuser.me/api/portraits/men/50.jpg', 'medium': 'https://randomuser.me/api/portraits/med/men/50.jpg', 'thumbnail': 'https://randomuser.me/api/portraits/thumb/men/50.jpg'}, 'nat': 'FI'}</msg>
<arg>${json_data['results'][0]}</arg>
<doc>Logs the given message with the given level.</doc>
<status status="PASS" start="2024-04-22T13:15:45.994270" elapsed="0.000409"/>
</kw>
<kw name="Log" owner="BuiltIn">
<msg time="2024-04-22T13:15:45.995136" level="INFO">name</msg>
<arg>${key}</arg>
<doc>Logs the given message with the given level.</doc>
<status status="PASS" start="2024-04-22T13:15:45.995008" elapsed="0.000165"/>
</kw>
<var name="${key}">name</var>
<status status="PASS" start="2024-04-22T13:15:45.993415" elapsed="0.001971"/>
</iter>
<iter>
<kw name="Dictionary Should Contain Key" owner="Collections">
<msg time="2024-04-22T13:15:45.996059" level="INFO">False</msg>
<arg>${json_data['results'][0]}</arg>
<arg>${key}</arg>
<doc>Fails if ``key`` is not found from ``dictionary``.</doc>
<status status="PASS" start="2024-04-22T13:15:45.995674" elapsed="0.000422"/>
</kw>
<kw name="Log" owner="BuiltIn">
<msg time="2024-04-22T13:15:45.996757" level="INFO">{'gender': 'male', 'name': {'title': 'Mr', 'first': 'Aapo', 'last': 'Moilanen'}, 'location': {'street': {'number': 9749, 'name': 'Pirkankatu'}, 'city': 'Eurajoki', 'state': 'Pirkanmaa', 'country': 'Finland', 'postcode': 11250, 'coordinates': {'latitude': '-23.5510', 'longitude': '-115.7517'}, 'timezone': {'offset': '-2:00', 'description': 'Mid-Atlantic'}}, 'email': 'aapo.moilanen@example.com', 'login': {'uuid': '096f8080-6530-4096-9bb5-b4f8eb0cec77', 'username': 'sadfrog759', 'password': 'qwerty1', 'salt': 'AtmdcKyJ', 'md5': '3c3da94b32c31c58a05c6f31b02347a8', 'sha1': 'b757d84adbc0de71d4095a29221fbe0f1a505631', 'sha256': 'f1217f88a4403d99150bc02f0150b5a62ad19845b498c98baf4418a5fed08076'}, 'dob': {'date': '1961-10-26T13:16:40.839Z', 'age': 62}, 'registered': {'date': '2022-03-30T18:00:52.625Z', 'age': 2}, 'phone': '09-707-974', 'cell': '044-738-18-70', 'id': {'name': 'HETU', 'value': 'NaNNA161undefined'}, 'picture': {'large': 'https://randomuser.me/api/portraits/men/50.jpg', 'medium': 'https://randomuser.me/api/portraits/med/men/50.jpg', 'thumbnail': 'https://randomuser.me/api/portraits/thumb/men/50.jpg'}, 'nat': 'FI'}</msg>
<arg>${json_data['results'][0]}</arg>
<doc>Logs the given message with the given level.</doc>
<status status="PASS" start="2024-04-22T13:15:45.996394" elapsed="0.000409"/>
</kw>
<kw name="Log" owner="BuiltIn">
<msg time="2024-04-22T13:15:45.997219" level="INFO">location</msg>
<arg>${key}</arg>
<doc>Logs the given message with the given level.</doc>
<status status="PASS" start="2024-04-22T13:15:45.997095" elapsed="0.000162"/>
</kw>
<var name="${key}">location</var>
<status status="PASS" start="2024-04-22T13:15:45.995561" elapsed="0.001910"/>
</iter>
<iter>
<kw name="Dictionary Should Contain Key" owner="Collections">
<msg time="2024-04-22T13:15:45.998134" level="INFO">False</msg>
<arg>${json_data['results'][0]}</arg>
<arg>${key}</arg>
<doc>Fails if ``key`` is not found from ``dictionary``.</doc>
<status status="PASS" start="2024-04-22T13:15:45.997752" elapsed="0.000419"/>
</kw>
<kw name="Log" owner="BuiltIn">
<msg time="2024-04-22T13:15:45.998854" level="INFO">{'gender': 'male', 'name': {'title': 'Mr', 'first': 'Aapo', 'last': 'Moilanen'}, 'location': {'street': {'number': 9749, 'name': 'Pirkankatu'}, 'city': 'Eurajoki', 'state': 'Pirkanmaa', 'country': 'Finland', 'postcode': 11250, 'coordinates': {'latitude': '-23.5510', 'longitude': '-115.7517'}, 'timezone': {'offset': '-2:00', 'description': 'Mid-Atlantic'}}, 'email': 'aapo.moilanen@example.com', 'login': {'uuid': '096f8080-6530-4096-9bb5-b4f8eb0cec77', 'username': 'sadfrog759', 'password': 'qwerty1', 'salt': 'AtmdcKyJ', 'md5': '3c3da94b32c31c58a05c6f31b02347a8', 'sha1': 'b757d84adbc0de71d4095a29221fbe0f1a505631', 'sha256': 'f1217f88a4403d99150bc02f0150b5a62ad19845b498c98baf4418a5fed08076'}, 'dob': {'date': '1961-10-26T13:16:40.839Z', 'age': 62}, 'registered': {'date': '2022-03-30T18:00:52.625Z', 'age': 2}, 'phone': '09-707-974', 'cell': '044-738-18-70', 'id': {'name': 'HETU', 'value': 'NaNNA161undefined'}, 'picture': {'large': 'https://randomuser.me/api/portraits/men/50.jpg', 'medium': 'https://randomuser.me/api/portraits/med/men/50.jpg', 'thumbnail': 'https://randomuser.me/api/portraits/thumb/men/50.jpg'}, 'nat': 'FI'}</msg>
<arg>${json_data['results'][0]}</arg>
<doc>Logs the given message with the given level.</doc>
<status status="PASS" start="2024-04-22T13:15:45.998467" elapsed="0.000438"/>
</kw>
<kw name="Log" owner="BuiltIn">
<msg time="2024-04-22T13:15:45.999337" level="INFO">email</msg>
<arg>${key}</arg>
<doc>Logs the given message with the given level.</doc>
<status status="PASS" start="2024-04-22T13:15:45.999209" elapsed="0.000165"/>
</kw>
<var name="${key}">email</var>
<status status="PASS" start="2024-04-22T13:15:45.997643" elapsed="0.001947"/>
</iter>
<iter>
<kw name="Dictionary Should Contain Key" owner="Collections">
<msg time="2024-04-22T13:15:46.000266" level="INFO">False</msg>
<arg>${json_data['results'][0]}</arg>
<arg>${key}</arg>
<doc>Fails if ``key`` is not found from ``dictionary``.</doc>
<status status="PASS" start="2024-04-22T13:15:45.999868" elapsed="0.000435"/>
</kw>
<kw name="Log" owner="BuiltIn">
<msg time="2024-04-22T13:15:46.000975" level="INFO">{'gender': 'male', 'name': {'title': 'Mr', 'first': 'Aapo', 'last': 'Moilanen'}, 'location': {'street': {'number': 9749, 'name': 'Pirkankatu'}, 'city': 'Eurajoki', 'state': 'Pirkanmaa', 'country': 'Finland', 'postcode': 11250, 'coordinates': {'latitude': '-23.5510', 'longitude': '-115.7517'}, 'timezone': {'offset': '-2:00', 'description': 'Mid-Atlantic'}}, 'email': 'aapo.moilanen@example.com', 'login': {'uuid': '096f8080-6530-4096-9bb5-b4f8eb0cec77', 'username': 'sadfrog759', 'password': 'qwerty1', 'salt': 'AtmdcKyJ', 'md5': '3c3da94b32c31c58a05c6f31b02347a8', 'sha1': 'b757d84adbc0de71d4095a29221fbe0f1a505631', 'sha256': 'f1217f88a4403d99150bc02f0150b5a62ad19845b498c98baf4418a5fed08076'}, 'dob': {'date': '1961-10-26T13:16:40.839Z', 'age': 62}, 'registered': {'date': '2022-03-30T18:00:52.625Z', 'age': 2}, 'phone': '09-707-974', 'cell': '044-738-18-70', 'id': {'name': 'HETU', 'value': 'NaNNA161undefined'}, 'picture': {'large': 'https://randomuser.me/api/portraits/men/50.jpg', 'medium': 'https://randomuser.me/api/portraits/med/men/50.jpg', 'thumbnail': 'https://randomuser.me/api/portraits/thumb/men/50.jpg'}, 'nat': 'FI'}</msg>
<arg>${json_data['results'][0]}</arg>
<doc>Logs the given message with the given level.</doc>
<status status="PASS" start="2024-04-22T13:15:46.000594" elapsed="0.000427"/>
</kw>
<kw name="Log" owner="BuiltIn">
<msg time="2024-04-22T13:15:46.001441" level="INFO">login</msg>
<arg>${key}</arg>
<doc>Logs the given message with the given level.</doc>
<status status="PASS" start="2024-04-22T13:15:46.001315" elapsed="0.000163"/>
</kw>
<var name="${key}">login</var>
<status status="PASS" start="2024-04-22T13:15:45.999758" elapsed="0.001944"/>
</iter>
<var>${key}</var>
<value>@{expected_keys}</value>
<status status="PASS" start="2024-04-22T13:15:45.991069" elapsed="0.010776"/>
</for>
<kw name="Create List" owner="BuiltIn">
<msg time="2024-04-22T13:15:46.002193" level="INFO">${expected_keysTwo} = ['username', 'password']</msg>
<var>${expected_keysTwo}</var>
<arg>username</arg>
<arg>password</arg>
<doc>Returns a list containing given items.</doc>
<status status="PASS" start="2024-04-22T13:15:46.002053" elapsed="0.000164"/>
</kw>
<for flavor="IN">
<iter>
<kw name="Dictionary Should Contain Key" owner="Collections">
<msg time="2024-04-22T13:15:46.003230" level="INFO">False</msg>
<arg>${json_data['results'][0]['login']}</arg>
<arg>${keyTwo}</arg>
<doc>Fails if ``key`` is not found from ``dictionary``.</doc>
<status status="PASS" start="2024-04-22T13:15:46.002828" elapsed="0.000439"/>
</kw>
<kw name="Dictionary Should Contain Key" owner="Collections">
<msg time="2024-04-22T13:15:46.003953" level="INFO">False</msg>
<arg>${json_data['results'][0]['login']}</arg>
<arg>${keyTwo}</arg>
<doc>Fails if ``key`` is not found from ``dictionary``.</doc>
<status status="PASS" start="2024-04-22T13:15:46.003565" elapsed="0.000426"/>
</kw>
<kw name="Log" owner="BuiltIn">
<msg time="2024-04-22T13:15:46.004408" level="INFO">username</msg>
<arg>${keyTwo}</arg>
<doc>Logs the given message with the given level.</doc>
<status status="PASS" start="2024-04-22T13:15:46.004282" elapsed="0.000171"/>
</kw>
<var name="${keyTwo}">username</var>
<status status="PASS" start="2024-04-22T13:15:46.002669" elapsed="0.002000"/>
</iter>
<iter>
<kw name="Dictionary Should Contain Key" owner="Collections">
<msg time="2024-04-22T13:15:46.005416" level="INFO">False</msg>
<arg>${json_data['results'][0]['login']}</arg>
<arg>${keyTwo}</arg>
<doc>Fails if ``key`` is not found from ``dictionary``.</doc>
<status status="PASS" start="2024-04-22T13:15:46.004949" elapsed="0.000511"/>
</kw>
<kw name="Dictionary Should Contain Key" owner="Collections">
<msg time="2024-04-22T13:15:46.006138" level="INFO">False</msg>
<arg>${json_data['results'][0]['login']}</arg>
<arg>${keyTwo}</arg>
<doc>Fails if ``key`` is not found from ``dictionary``.</doc>
<status status="PASS" start="2024-04-22T13:15:46.005755" elapsed="0.000420"/>
</kw>
<kw name="Log" owner="BuiltIn">
<msg time="2024-04-22T13:15:46.006592" level="INFO">password</msg>
<arg>${keyTwo}</arg>
<doc>Logs the given message with the given level.</doc>
<status status="PASS" start="2024-04-22T13:15:46.006468" elapsed="0.000160"/>
</kw>
<var name="${keyTwo}">password</var>
<status status="PASS" start="2024-04-22T13:15:46.004841" elapsed="0.002022"/>
</iter>
<var>${keyTwo}</var>
<value>@{expected_keysTwo}</value>
<status status="PASS" start="2024-04-22T13:15:46.002484" elapsed="0.004508"/>
</for>
<status status="PASS" start="2024-04-22T13:15:45.904438" elapsed="0.102693"/>
</kw>
<doc>Testa a estrutura da resposta da API.</doc>
<tag>testeEstruturaResposta</tag>
<status status="PASS" start="2024-04-22T13:15:45.903831" elapsed="0.103460"/>
</test>
<test id="s1-s1-t4" name="Validar tipos de dados" line="28">
<kw name="Teste de Tipos de Dados" owner="random-user-service">
<kw name="GET On Session" owner="RequestsLibrary">
<msg time="2024-04-22T13:15:46.104114" level="INFO">GET Request : url=https://randomuser.me/api 
 path_url=/api 
 headers={'User-Agent': 'python-requests/2.31.0', 'Accept-Encoding': 'gzip, deflate', 'Accept': '*/*', 'Connection': 'keep-alive'} 
 body=None 
 </msg>
<msg time="2024-04-22T13:15:46.104226" level="INFO">GET Response : url=https://randomuser.me/api 
 status=200, reason=OK 
 headers={'Date': 'Mon, 22 Apr 2024 13:15:46 GMT', 'Content-Type': 'application/json; charset=utf-8', 'Transfer-Encoding': 'chunked', 'Connection': 'keep-alive', 'X-Powered-By': 'Express', 'Access-Control-Allow-Origin': '*', 'Cache-Control': 'no-cache', 'ETag': 'W/"4a2-4g6/5ocJGsH4w6C1VTJJR0wFO9k"', 'Vary': 'Accept-Encoding', 'Content-Encoding': 'gzip', 'CF-Cache-Status': 'DYNAMIC', 'Report-To': '{"endpoints":[{"url":"https:\\/\\/a.nel.cloudflare.com\\/report\\/v4?s=Cd5Eqjj7OUZtSB%2FgQUK3MZNaAExmYYb1aJzJpyjxypdha1AQzPyrHn37h814nPi2gXWWRY7Yg8Gw7JSUXRre89t9RgCnpXhbFe0sdPRhlY%2BuMNTS3lKJjcZX%2FrNiPi8e"}],"group":"cf-nel","max_age":604800}', 'NEL': '{"success_fraction":0,"report_to":"cf-nel","max_age":604800}', 'Server': 'cloudflare', 'CF-RAY': '8785e26c9e952be1-ORD', 'alt-svc': 'h3=":443"; ma=86400'} 
 body={"results":[{"gender":"male","name":{"title":"Mr","first":"Marcos","last":"Cortes"},"location":{"street":{"number":3613,"name":"Calle de Toledo"},"city":"Palma de Mallorca","state":"Comunidad de Madrid","country":"Spain","postcode":30801,"coordinates":{"latitude":"-30.6213","longitude":"-115.8709"},"timezone":{"offset":"-6:00","description":"Central Time (US &amp; Canada), Mexico City"}},"email":"marcos.cortes@example.com","login":{"uuid":"b235aa73-9eb3-42e1-bf39-5516a6f07e91","username":"bluemouse413","password":"venice","salt":"L3Unk4fp","md5":"a0164c08b49eeba424f90cb86d2224d1","sha1":"aa7fa5a5ed15bacf746e58f7ddb859d6c820ebab","sha256":"8953df2721195c8ae1f0d99818936a15ca8691cf4ef44d6f818937e645d8c279"},"dob":{"date":"1964-06-21T16:33:11.987Z","age":59},"registered":{"date":"2004-09-26T18:16:59.201Z","age":19},"phone":"963-904-950","cell":"648-474-412","id":{"name":"DNI","value":"51107071-S"},"picture":{"large":"https://randomuser.me/api/portraits/men/41.jpg","medium":"https://randomuser.me/api/portraits/med/men/41.jpg","thumbnail":"https://randomuser.me/api/portraits/thumb/men/41.jpg"},"nat":"ES"}],"info":{"seed":"88b32891e7e4afa5","results":1,"page":1,"version":"1.4"}} 
 </msg>
<msg time="2024-04-22T13:15:46.104310" level="INFO">/opt/hostedtoolcache/Python/3.12.3/x64/lib/python3.12/site-packages/urllib3/connectionpool.py:1103: InsecureRequestWarning: Unverified HTTPS request is being made to host 'randomuser.me'. Adding certificate verification is strongly advised. See: https://urllib3.readthedocs.io/en/latest/advanced-usage.html#tls-warnings
  warnings.warn(</msg>
<msg time="2024-04-22T13:15:46.104455" level="INFO">${response} = &lt;Response [200]&gt;</msg>
<var>${response}</var>
<arg>consultarAPI</arg>
<arg>/api</arg>
<doc>Sends a GET request on a previously created HTTP Session.</doc>
<status status="PASS" start="2024-04-22T13:15:46.009861" elapsed="0.094650"/>
</kw>
<kw name="Set Variable" owner="BuiltIn">
<msg time="2024-04-22T13:15:46.105769" level="INFO">${json_data} = {'results': [{'gender': 'male', 'name': {'title': 'Mr', 'first': 'Marcos', 'last': 'Cortes'}, 'location': {'street': {'number': 3613, 'name': 'Calle de Toledo'}, 'city': 'Palma de Mallorca', 'state': ...</msg>
<var>${json_data}</var>
<arg>${response.json()}</arg>
<doc>Returns the given values which can then be assigned to a variables.</doc>
<status status="PASS" start="2024-04-22T13:15:46.105197" elapsed="0.000606"/>
</kw>
<kw name="Log" owner="BuiltIn">
<msg time="2024-04-22T13:15:46.106278" level="INFO">{'results': [{'gender': 'male', 'name': {'title': 'Mr', 'first': 'Marcos', 'last': 'Cortes'}, 'location': {'street': {'number': 3613, 'name': 'Calle de Toledo'}, 'city': 'Palma de Mallorca', 'state': 'Comunidad de Madrid', 'country': 'Spain', 'postcode': 30801, 'coordinates': {'latitude': '-30.6213', 'longitude': '-115.8709'}, 'timezone': {'offset': '-6:00', 'description': 'Central Time (US &amp; Canada), Mexico City'}}, 'email': 'marcos.cortes@example.com', 'login': {'uuid': 'b235aa73-9eb3-42e1-bf39-5516a6f07e91', 'username': 'bluemouse413', 'password': 'venice', 'salt': 'L3Unk4fp', 'md5': 'a0164c08b49eeba424f90cb86d2224d1', 'sha1': 'aa7fa5a5ed15bacf746e58f7ddb859d6c820ebab', 'sha256': '8953df2721195c8ae1f0d99818936a15ca8691cf4ef44d6f818937e645d8c279'}, 'dob': {'date': '1964-06-21T16:33:11.987Z', 'age': 59}, 'registered': {'date': '2004-09-26T18:16:59.201Z', 'age': 19}, 'phone': '963-904-950', 'cell': '648-474-412', 'id': {'name': 'DNI', 'value': '51107071-S'}, 'picture': {'large': 'https://randomuser.me/api/portraits/men/41.jpg', 'medium': 'https://randomuser.me/api/portraits/med/men/41.jpg', 'thumbnail': 'https://randomuser.me/api/portraits/thumb/men/41.jpg'}, 'nat': 'ES'}], 'info': {'seed': '88b32891e7e4afa5', 'results': 1, 'page': 1, 'version': '1.4'}}</msg>
<arg>${json_data}</arg>
<doc>Logs the given message with the given level.</doc>
<status status="PASS" start="2024-04-22T13:15:46.106120" elapsed="0.000244"/>
</kw>
<kw name="Should Be String" owner="String">
<arg>${json_data['results'][0]['gender']}</arg>
<doc>Fails if the given ``item`` is not a string.</doc>
<status status="PASS" start="2024-04-22T13:15:46.106663" elapsed="0.000399"/>
</kw>
<kw name="Should Match Regexp" owner="BuiltIn">
<arg>${json_data['results'][0]['email']}</arg>
<arg>^[a-zA-Z0-9._%+-]+@[a-zA-Z0-9.-]+\.[a-zA-Z]{2,}$</arg>
<doc>Fails if ``string`` does not match ``pattern`` as a regular expression.</doc>
<status status="PASS" start="2024-04-22T13:15:46.107252" elapsed="0.000523"/>
</kw>
<kw name="Should Match Regexp" owner="BuiltIn">
<arg>${json_data['results'][0]['dob']['date']}</arg>
<arg>\\d{4}-\\d{2}-\\d{2}T\\d{2}:\\d{2}:\\d{2}\\.\\d{3}Z</arg>
<doc>Fails if ``string`` does not match ``pattern`` as a regular expression.</doc>
<status status="PASS" start="2024-04-22T13:15:46.107970" elapsed="0.000489"/>
</kw>
<kw name="Should Match Regexp" owner="BuiltIn">
<arg>${json_data['results'][0]['registered']['date']}</arg>
<arg>\\d{4}-\\d{2}-\\d{2}T\\d{2}:\\d{2}:\\d{2}\\.\\d{3}Z</arg>
<doc>Fails if ``string`` does not match ``pattern`` as a regular expression.</doc>
<status status="PASS" start="2024-04-22T13:15:46.108648" elapsed="0.000368"/>
</kw>
<kw name="Should Match Regexp" owner="BuiltIn">
<arg>${json_data['results'][0]['picture']['large']}</arg>
<arg>^https?://.*\.(?:png|jpe?g|gif|bmp)$</arg>
<doc>Fails if ``string`` does not match ``pattern`` as a regular expression.</doc>
<status status="PASS" start="2024-04-22T13:15:46.109199" elapsed="0.000460"/>
</kw>
<kw name="Should Match Regexp" owner="BuiltIn">
<arg>${json_data['results'][0]['picture']['medium']}</arg>
<arg>^https?://.*\.(?:png|jpe?g|gif|bmp)$</arg>
<doc>Fails if ``string`` does not match ``pattern`` as a regular expression.</doc>
<status status="PASS" start="2024-04-22T13:15:46.109874" elapsed="0.000398"/>
</kw>
<kw name="Should Match Regexp" owner="BuiltIn">
<arg>${json_data['results'][0]['picture']['thumbnail']}</arg>
<arg>^https?://.*\.(?:png|jpe?g|gif|bmp)$</arg>
<doc>Fails if ``string`` does not match ``pattern`` as a regular expression.</doc>
<status status="PASS" start="2024-04-22T13:15:46.110460" elapsed="0.000378"/>
</kw>
<kw name="Log" owner="BuiltIn">
<msg time="2024-04-22T13:15:46.111353" level="INFO">{'large': 'https://randomuser.me/api/portraits/men/41.jpg', 'medium': 'https://randomuser.me/api/portraits/med/men/41.jpg', 'thumbnail': 'https://randomuser.me/api/portraits/thumb/men/41.jpg'}</msg>
<arg>${json_data['results'][0]['picture']}</arg>
<doc>Logs the given message with the given level.</doc>
<status status="PASS" start="2024-04-22T13:15:46.111026" elapsed="0.000374"/>
</kw>
<status status="PASS" start="2024-04-22T13:15:46.009629" elapsed="0.102031"/>
</kw>
<kw name="Teste de Tipos de Dados - Postcode" owner="random-user-service">
<kw name="GET On Session" owner="RequestsLibrary">
<msg time="2024-04-22T13:15:46.192049" level="INFO">GET Request : url=https://randomuser.me/api 
 path_url=/api 
 headers={'User-Agent': 'python-requests/2.31.0', 'Accept-Encoding': 'gzip, deflate', 'Accept': '*/*', 'Connection': 'keep-alive'} 
 body=None 
 </msg>
<msg time="2024-04-22T13:15:46.192158" level="INFO">GET Response : url=https://randomuser.me/api 
 status=200, reason=OK 
 headers={'Date': 'Mon, 22 Apr 2024 13:15:46 GMT', 'Content-Type': 'application/json; charset=utf-8', 'Transfer-Encoding': 'chunked', 'Connection': 'keep-alive', 'X-Powered-By': 'Express', 'Access-Control-Allow-Origin': '*', 'Cache-Control': 'no-cache', 'ETag': 'W/"493-6GKXnU4OKnkT+i52spOrfpd5fOs"', 'Vary': 'Accept-Encoding', 'Content-Encoding': 'gzip', 'CF-Cache-Status': 'DYNAMIC', 'Report-To': '{"endpoints":[{"url":"https:\\/\\/a.nel.cloudflare.com\\/report\\/v4?s=r6iGFKa6cFUpqStWwt%2BeXb6oNpTVF%2F1EUZPOLfva5E0pPfT1FAttMlre2fyIC0WGAE9612VSlZPGfL9tQWjsoqn9aqA71mZ1advikC%2FLffEqQ4hcLq%2FH4EbfdDfY2WHL"}],"group":"cf-nel","max_age":604800}', 'NEL': '{"success_fraction":0,"report_to":"cf-nel","max_age":604800}', 'Server': 'cloudflare', 'CF-RAY': '8785e26d3f4c2be1-ORD', 'alt-svc': 'h3=":443"; ma=86400'} 
 body={"results":[{"gender":"male","name":{"title":"Mr","first":"Leo","last":"Couri"},"location":{"street":{"number":5184,"name":"Tahmelantie"},"city":"Helsinki","state":"Central Ostrobothnia","country":"Finland","postcode":30710,"coordinates":{"latitude":"-28.0149","longitude":"-107.2398"},"timezone":{"offset":"+8:00","description":"Beijing, Perth, Singapore, Hong Kong"}},"email":"leo.couri@example.com","login":{"uuid":"80d8e103-9955-4117-81e2-2c017e07fee3","username":"tinycat217","password":"airborne","salt":"MMuwghDc","md5":"d9bbde6a08777534d4bba4188f182403","sha1":"c2be899b588354b1b396799dd009fc54f08e5ad0","sha256":"5132bba0754bb9b068bd8dffece0d7905f292a6aa78dbb7935cadbe3b75ca61f"},"dob":{"date":"1988-06-15T11:31:55.434Z","age":35},"registered":{"date":"2002-12-11T05:30:50.156Z","age":21},"phone":"05-904-989","cell":"042-940-29-12","id":{"name":"HETU","value":"NaNNA933undefined"},"picture":{"large":"https://randomuser.me/api/portraits/men/7.jpg","medium":"https://randomuser.me/api/portraits/med/men/7.jpg","thumbnail":"https://randomuser.me/api/portraits/thumb/men/7.jpg"},"nat":"FI"}],"info":{"seed":"15b49302da4b8cf4","results":1,"page":1,"version":"1.4"}} 
 </msg>
<msg time="2024-04-22T13:15:46.192241" level="INFO">/opt/hostedtoolcache/Python/3.12.3/x64/lib/python3.12/site-packages/urllib3/connectionpool.py:1103: InsecureRequestWarning: Unverified HTTPS request is being made to host 'randomuser.me'. Adding certificate verification is strongly advised. See: https://urllib3.readthedocs.io/en/latest/advanced-usage.html#tls-warnings
  warnings.warn(</msg>
<msg time="2024-04-22T13:15:46.192379" level="INFO">${response} = &lt;Response [200]&gt;</msg>
<var>${response}</var>
<arg>consultarAPI</arg>
<arg>/api</arg>
<doc>Sends a GET request on a previously created HTTP Session.</doc>
<status status="PASS" start="2024-04-22T13:15:46.112124" elapsed="0.080294"/>
</kw>
<kw name="Set Variable" owner="BuiltIn">
<msg time="2024-04-22T13:15:46.193473" level="INFO">${json_data} = {'results': [{'gender': 'male', 'name': {'title': 'Mr', 'first': 'Leo', 'last': 'Couri'}, 'location': {'street': {'number': 5184, 'name': 'Tahmelantie'}, 'city': 'Helsinki', 'state': 'Central Ostrobot...</msg>
<var>${json_data}</var>
<arg>${response.json()}</arg>
<doc>Returns the given values which can then be assigned to a variables.</doc>
<status status="PASS" start="2024-04-22T13:15:46.192959" elapsed="0.000542"/>
</kw>
<kw name="Log" owner="BuiltIn">
<msg time="2024-04-22T13:15:46.193965" level="INFO">{'results': [{'gender': 'male', 'name': {'title': 'Mr', 'first': 'Leo', 'last': 'Couri'}, 'location': {'street': {'number': 5184, 'name': 'Tahmelantie'}, 'city': 'Helsinki', 'state': 'Central Ostrobothnia', 'country': 'Finland', 'postcode': 30710, 'coordinates': {'latitude': '-28.0149', 'longitude': '-107.2398'}, 'timezone': {'offset': '+8:00', 'description': 'Beijing, Perth, Singapore, Hong Kong'}}, 'email': 'leo.couri@example.com', 'login': {'uuid': '80d8e103-9955-4117-81e2-2c017e07fee3', 'username': 'tinycat217', 'password': 'airborne', 'salt': 'MMuwghDc', 'md5': 'd9bbde6a08777534d4bba4188f182403', 'sha1': 'c2be899b588354b1b396799dd009fc54f08e5ad0', 'sha256': '5132bba0754bb9b068bd8dffece0d7905f292a6aa78dbb7935cadbe3b75ca61f'}, 'dob': {'date': '1988-06-15T11:31:55.434Z', 'age': 35}, 'registered': {'date': '2002-12-11T05:30:50.156Z', 'age': 21}, 'phone': '05-904-989', 'cell': '042-940-29-12', 'id': {'name': 'HETU', 'value': 'NaNNA933undefined'}, 'picture': {'large': 'https://randomuser.me/api/portraits/men/7.jpg', 'medium': 'https://randomuser.me/api/portraits/med/men/7.jpg', 'thumbnail': 'https://randomuser.me/api/portraits/thumb/men/7.jpg'}, 'nat': 'FI'}], 'info': {'seed': '15b49302da4b8cf4', 'results': 1, 'page': 1, 'version': '1.4'}}</msg>
<arg>${json_data}</arg>
<doc>Logs the given message with the given level.</doc>
<status status="PASS" start="2024-04-22T13:15:46.193808" elapsed="0.000237"/>
</kw>
<kw name="Should Be Equal As Numbers" owner="BuiltIn">
<arg>${json_data['results'][0]['location']['postcode']}</arg>
<arg>${json_data['results'][0]['location']['postcode']}</arg>
<doc>Fails if objects are unequal after converting them to real numbers.</doc>
<status status="PASS" start="2024-04-22T13:15:46.194530" elapsed="0.000666"/>
</kw>
<kw name="Log" owner="BuiltIn">
<msg time="2024-04-22T13:15:46.195722" level="INFO">30710</msg>
<arg>${json_data['results'][0]['location']['postcode']}</arg>
<doc>Logs the given message with the given level.</doc>
<status status="PASS" start="2024-04-22T13:15:46.195387" elapsed="0.000374"/>
</kw>
<status status="PASS" start="2024-04-22T13:15:46.111887" elapsed="0.084131"/>
</kw>
<doc>Testa se os tipos de dados na resposta da API estão corretos.</doc>
<tag>testeTiposDados</tag>
<status status="PASS" start="2024-04-22T13:15:46.009055" elapsed="0.187129"/>
</test>
<test id="s1-s1-t5" name="Validar conteudo" line="35">
<kw name="Teste de Tipos de Conteudo" owner="random-user-service">
<kw name="GET On Session" owner="RequestsLibrary">
<msg time="2024-04-22T13:15:46.297395" level="INFO">GET Request : url=https://randomuser.me/api 
 path_url=/api 
 headers={'User-Agent': 'python-requests/2.31.0', 'Accept-Encoding': 'gzip, deflate', 'Accept': '*/*', 'Connection': 'keep-alive'} 
 body=None 
 </msg>
<msg time="2024-04-22T13:15:46.297508" level="INFO">GET Response : url=https://randomuser.me/api 
 status=200, reason=OK 
 headers={'Date': 'Mon, 22 Apr 2024 13:15:46 GMT', 'Content-Type': 'application/json; charset=utf-8', 'Transfer-Encoding': 'chunked', 'Connection': 'keep-alive', 'X-Powered-By': 'Express', 'Access-Control-Allow-Origin': '*', 'Cache-Control': 'no-cache', 'ETag': 'W/"48f-lGyHyX9eMn8BOveeVNpU+4p0wzY"', 'Vary': 'Accept-Encoding', 'Content-Encoding': 'gzip', 'CF-Cache-Status': 'DYNAMIC', 'Report-To': '{"endpoints":[{"url":"https:\\/\\/a.nel.cloudflare.com\\/report\\/v4?s=KBeKV7EYLUThW%2FCacrSnv7zhCbsamHRFCiEzT27bqUsJx75NZZ8LDSXzPGD9MTZL%2BXhH6wHeR3QvzA8DvWeoKqS3c93frfg5ISaHFKl2dKS2zTxc2GcQqg9yYPcJlTjS"}],"group":"cf-nel","max_age":604800}', 'NEL': '{"success_fraction":0,"report_to":"cf-nel","max_age":604800}', 'Server': 'cloudflare', 'CF-RAY': '8785e26dcff82be1-ORD', 'alt-svc': 'h3=":443"; ma=86400'} 
 body={"results":[{"gender":"male","name":{"title":"Mr","first":"John","last":"Day"},"location":{"street":{"number":33,"name":"Queens Road"},"city":"Gloucester","state":"Gloucestershire","country":"United Kingdom","postcode":"BI0 0FP","coordinates":{"latitude":"-4.8352","longitude":"-142.3684"},"timezone":{"offset":"+2:00","description":"Kaliningrad, South Africa"}},"email":"john.day@example.com","login":{"uuid":"8380a561-281c-4603-9f3b-a4f42b35a0ed","username":"brownpeacock695","password":"vauxhall","salt":"jGfVyco1","md5":"729064522da6b1a772de8fdd9e4db1fa","sha1":"36f196c4eda5dc7d677d58267ab9b737937bb6bd","sha256":"6ecfbe52a67eb203461f7c19c56e559132908e9044cda69326c8cb3927256cc1"},"dob":{"date":"1960-05-01T06:09:44.473Z","age":63},"registered":{"date":"2021-11-20T11:12:06.471Z","age":2},"phone":"015396 17006","cell":"07176 233961","id":{"name":"NINO","value":"AS 74 93 13 L"},"picture":{"large":"https://randomuser.me/api/portraits/men/28.jpg","medium":"https://randomuser.me/api/portraits/med/men/28.jpg","thumbnail":"https://randomuser.me/api/portraits/thumb/men/28.jpg"},"nat":"GB"}],"info":{"seed":"94a5e899ce04b42c","results":1,"page":1,"version":"1.4"}} 
 </msg>
<msg time="2024-04-22T13:15:46.297590" level="INFO">/opt/hostedtoolcache/Python/3.12.3/x64/lib/python3.12/site-packages/urllib3/connectionpool.py:1103: InsecureRequestWarning: Unverified HTTPS request is being made to host 'randomuser.me'. Adding certificate verification is strongly advised. See: https://urllib3.readthedocs.io/en/latest/advanced-usage.html#tls-warnings
  warnings.warn(</msg>
<msg time="2024-04-22T13:15:46.297724" level="INFO">${response} = &lt;Response [200]&gt;</msg>
<var>${response}</var>
<arg>consultarAPI</arg>
<arg>/api</arg>
<doc>Sends a GET request on a previously created HTTP Session.</doc>
<status status="PASS" start="2024-04-22T13:15:46.199011" elapsed="0.098741"/>
</kw>
<kw name="Set Variable" owner="BuiltIn">
<msg time="2024-04-22T13:15:46.298837" level="INFO">${json_data} = {'results': [{'gender': 'male', 'name': {'title': 'Mr', 'first': 'John', 'last': 'Day'}, 'location': {'street': {'number': 33, 'name': 'Queens Road'}, 'city': 'Gloucester', 'state': 'Gloucestershire',...</msg>
<var>${json_data}</var>
<arg>${response.json()}</arg>
<doc>Returns the given values which can then be assigned to a variables.</doc>
<status status="PASS" start="2024-04-22T13:15:46.298289" elapsed="0.000584"/>
</kw>
<kw name="Set Variable" owner="BuiltIn">
<msg time="2024-04-22T13:15:46.299591" level="INFO">${name_title} = Mr</msg>
<var>${name_title}</var>
<arg>${json_data["results"][0]["name"]["title"]}</arg>
<doc>Returns the given values which can then be assigned to a variables.</doc>
<status status="PASS" start="2024-04-22T13:15:46.299198" elapsed="0.000419"/>
</kw>
<kw name="Create List" owner="BuiltIn">
<msg time="2024-04-22T13:15:46.300064" level="INFO">${allowed_titles} = ['Mr', 'Ms', 'Miss', 'Mrs', 'Madame', 'Monsieur']</msg>
<var>${allowed_titles}</var>
<arg>Mr</arg>
<arg>Ms</arg>
<arg>Miss</arg>
<arg>Mrs</arg>
<arg>Madame</arg>
<arg>Monsieur</arg>
<doc>Returns a list containing given items.</doc>
<status status="PASS" start="2024-04-22T13:15:46.299916" elapsed="0.000173"/>
</kw>
<kw name="List Should Contain Value" owner="Collections">
<msg time="2024-04-22T13:15:46.300556" level="INFO">False</msg>
<arg>${allowed_titles}</arg>
<arg>${name_title}</arg>
<doc>Fails if the ``value`` is not found from ``list``.</doc>
<status status="PASS" start="2024-04-22T13:15:46.300383" elapsed="0.000210"/>
</kw>
<kw name="Set Variable" owner="BuiltIn">
<msg time="2024-04-22T13:15:46.301255" level="INFO">${name_country} = GB</msg>
<var>${name_country}</var>
<arg>${json_data["results"][0]["nat"]}</arg>
<doc>Returns the given values which can then be assigned to a variables.</doc>
<status status="PASS" start="2024-04-22T13:15:46.300877" elapsed="0.000404"/>
</kw>
<kw name="Create List" owner="BuiltIn">
<msg time="2024-04-22T13:15:46.302172" level="INFO">${list_country} = ['AD', 'AE', 'AF', 'AG', 'AI', 'AL', 'AM', 'AO', 'AQ', 'AR', 'AS', 'AT', 'AU', 'AW', 'AX', 'AZ', 'BA', 'BB', 'BD', 'BE', 'BF', 'BG', 'BH', 'BI', 'BJ', 'BL', 'BM', 'BN', 'BO', 'BQ', 'BR', 'BS', 'BT', '...</msg>
<var>${list_country}</var>
<arg>AD</arg>
<arg>AE</arg>
<arg>AF</arg>
<arg>AG</arg>
<arg>AI</arg>
<arg>AL</arg>
<arg>AM</arg>
<arg>AO</arg>
<arg>AQ</arg>
<arg>AR</arg>
<arg>AS</arg>
<arg>AT</arg>
<arg>AU</arg>
<arg>AW</arg>
<arg>AX</arg>
<arg>AZ</arg>
<arg>BA</arg>
<arg>BB</arg>
<arg>BD</arg>
<arg>BE</arg>
<arg>BF</arg>
<arg>BG</arg>
<arg>BH</arg>
<arg>BI</arg>
<arg>BJ</arg>
<arg>BL</arg>
<arg>BM</arg>
<arg>BN</arg>
<arg>BO</arg>
<arg>BQ</arg>
<arg>BR</arg>
<arg>BS</arg>
<arg>BT</arg>
<arg>BV</arg>
<arg>BW</arg>
<arg>BY</arg>
<arg>BZ</arg>
<arg>CA</arg>
<arg>CC</arg>
<arg>CD</arg>
<arg>CF</arg>
<arg>CG</arg>
<arg>CH</arg>
<arg>CI</arg>
<arg>CK</arg>
<arg>CL</arg>
<arg>CM</arg>
<arg>CN</arg>
<arg>CO</arg>
<arg>CR</arg>
<arg>CU</arg>
<arg>CV</arg>
<arg>CW</arg>
<arg>CX</arg>
<arg>CY</arg>
<arg>CZ</arg>
<arg>DE</arg>
<arg>DJ</arg>
<arg>DK</arg>
<arg>DM</arg>
<arg>DO</arg>
<arg>DZ</arg>
<arg>EC</arg>
<arg>EE</arg>
<arg>EG</arg>
<arg>EH</arg>
<arg>ER</arg>
<arg>ES</arg>
<arg>ET</arg>
<arg>FI</arg>
<arg>FJ</arg>
<arg>FK</arg>
<arg>FM</arg>
<arg>FO</arg>
<arg>FR</arg>
<arg>GA</arg>
<arg>GB</arg>
<arg>GD</arg>
<arg>GE</arg>
<arg>GF</arg>
<arg>GG</arg>
<arg>GH</arg>
<arg>GI</arg>
<arg>GL</arg>
<arg>GM</arg>
<arg>GN</arg>
<arg>GP</arg>
<arg>GQ</arg>
<arg>GR</arg>
<arg>GS</arg>
<arg>GT</arg>
<arg>GU</arg>
<arg>GW</arg>
<arg>GY</arg>
<arg>HK</arg>
<arg>HM</arg>
<arg>HN</arg>
<arg>HR</arg>
<arg>HT</arg>
<arg>HU</arg>
<arg>ID</arg>
<arg>IE</arg>
<arg>IL</arg>
<arg>IM</arg>
<arg>IN</arg>
<arg>IO</arg>
<arg>IQ</arg>
<arg>IR</arg>
<arg>IS</arg>
<arg>IT</arg>
<arg>JE</arg>
<arg>JM</arg>
<arg>JO</arg>
<arg>JP</arg>
<arg>KE</arg>
<arg>KG</arg>
<arg>KH</arg>
<arg>KI</arg>
<arg>KM</arg>
<arg>KN</arg>
<arg>KP</arg>
<arg>KR</arg>
<arg>KW</arg>
<arg>KY</arg>
<arg>KZ</arg>
<arg>LA</arg>
<arg>LB</arg>
<arg>LC</arg>
<arg>LI</arg>
<arg>LK</arg>
<arg>LR</arg>
<arg>LS</arg>
<arg>LT</arg>
<arg>LU</arg>
<arg>LV</arg>
<arg>LY</arg>
<arg>MA</arg>
<arg>MC</arg>
<arg>MD</arg>
<arg>ME</arg>
<arg>MF</arg>
<arg>MG</arg>
<arg>MH</arg>
<arg>MK</arg>
<arg>ML</arg>
<arg>MM</arg>
<arg>MN</arg>
<arg>MO</arg>
<arg>MP</arg>
<arg>MQ</arg>
<arg>MR</arg>
<arg>MS</arg>
<arg>MT</arg>
<arg>MU</arg>
<arg>MV</arg>
<arg>MW</arg>
<arg>MX</arg>
<arg>MY</arg>
<arg>MZ</arg>
<arg>NA</arg>
<arg>NC</arg>
<arg>NE</arg>
<arg>NF</arg>
<arg>NG</arg>
<arg>NI</arg>
<arg>NL</arg>
<arg>NO</arg>
<arg>NP</arg>
<arg>NR</arg>
<arg>NU</arg>
<arg>NZ</arg>
<arg>OM</arg>
<arg>PA</arg>
<arg>PE</arg>
<arg>PF</arg>
<arg>PG</arg>
<arg>PH</arg>
<arg>PK</arg>
<arg>PL</arg>
<arg>PM</arg>
<arg>PN</arg>
<arg>PR</arg>
<arg>PS</arg>
<arg>PT</arg>
<arg>PW</arg>
<arg>PY</arg>
<arg>QA</arg>
<arg>RE</arg>
<arg>RO</arg>
<arg>RS</arg>
<arg>RU</arg>
<arg>RW</arg>
<arg>SA</arg>
<arg>SB</arg>
<arg>SC</arg>
<arg>SD</arg>
<arg>SE</arg>
<arg>SG</arg>
<arg>SH</arg>
<arg>SI</arg>
<arg>SJ</arg>
<arg>SK</arg>
<arg>SL</arg>
<arg>SM</arg>
<arg>SN</arg>
<arg>SO</arg>
<arg>SR</arg>
<arg>SS</arg>
<arg>ST</arg>
<arg>SV</arg>
<arg>SX</arg>
<arg>SY</arg>
<arg>SZ</arg>
<arg>TC</arg>
<arg>TD</arg>
<arg>TF</arg>
<arg>TG</arg>
<arg>TH</arg>
<arg>TJ</arg>
<arg>TK</arg>
<arg>TL</arg>
<arg>TM</arg>
<arg>TN</arg>
<arg>TO</arg>
<arg>TR</arg>
<arg>TT</arg>
<arg>TV</arg>
<arg>TW</arg>
<arg>TZ</arg>
<arg>UA</arg>
<arg>UG</arg>
<arg>UM</arg>
<arg>US</arg>
<arg>UY</arg>
<arg>UZ</arg>
<arg>VA</arg>
<arg>VC</arg>
<arg>VE</arg>
<arg>VG</arg>
<arg>VI</arg>
<arg>VN</arg>
<arg>VU</arg>
<arg>WF</arg>
<arg>WS</arg>
<arg>XK</arg>
<arg>YE</arg>
<arg>YT</arg>
<arg>ZA</arg>
<arg>ZM</arg>
<arg>ZW</arg>
<doc>Returns a list containing given items.</doc>
<status status="PASS" start="2024-04-22T13:15:46.301591" elapsed="0.000606"/>
</kw>
<kw name="List Should Contain Value" owner="Collections">
<msg time="2024-04-22T13:15:46.303219" level="INFO">False</msg>
<arg>${list_country}</arg>
<arg>${name_country}</arg>
<doc>Fails if the ``value`` is not found from ``list``.</doc>
<status status="PASS" start="2024-04-22T13:15:46.303014" elapsed="0.000242"/>
</kw>
<kw name="Run Keyword If" owner="BuiltIn">
<kw name="Should Be True" owner="BuiltIn">
<arg>${True}</arg>
<doc>Fails if the given condition is not true.</doc>
<status status="PASS" start="2024-04-22T13:15:46.304330" elapsed="0.000271"/>
</kw>
<arg>${json_data["results"][0]["location"]["coordinates"]["latitude"]} &gt;= -90 and ${json_data["results"][0]["location"]["coordinates"]["latitude"]} &lt;= 90</arg>
<arg>Should Be True</arg>
<arg>${True}</arg>
<doc>Runs the given keyword with the given arguments, if ``condition`` is true.</doc>
<status status="PASS" start="2024-04-22T13:15:46.303567" elapsed="0.001167"/>
</kw>
<kw name="Run Keyword If" owner="BuiltIn">
<kw name="Should Be True" owner="BuiltIn">
<arg>${True}</arg>
<doc>Fails if the given condition is not true.</doc>
<status status="PASS" start="2024-04-22T13:15:46.305636" elapsed="0.000137"/>
</kw>
<arg>${json_data["results"][0]["location"]["coordinates"]["longitude"]} &gt;= -180 and ${json_data["results"][0]["location"]["coordinates"]["longitude"]} &lt;= 180</arg>
<arg>Should Be True</arg>
<arg>${True}</arg>
<doc>Runs the given keyword with the given arguments, if ``condition`` is true.</doc>
<status status="PASS" start="2024-04-22T13:15:46.304926" elapsed="0.000971"/>
</kw>
<status status="PASS" start="2024-04-22T13:15:46.198596" elapsed="0.107433"/>
</kw>
<doc>Testa o conteúdo específico dos campos retornados pela API.</doc>
<tag>testeConteudo</tag>
<status status="PASS" start="2024-04-22T13:15:46.197943" elapsed="0.108254"/>
</test>
<status status="PASS" start="2024-04-22T13:15:45.368042" elapsed="0.940168"/>
</suite>
<status status="PASS" start="2024-04-22T13:15:45.352877" elapsed="0.960551"/>
</suite>
<statistics>
<total>
<stat pass="5" fail="0" skip="0">All Tests</stat>
</total>
<tag>
<stat pass="1" fail="0" skip="0">testeConteudo</stat>
<stat pass="1" fail="0" skip="0">testeEstruturaResposta</stat>
<stat pass="1" fail="0" skip="0">testeRequisicaoBasica</stat>
<stat pass="1" fail="0" skip="0">testeTiposDados</stat>
</tag>
<suite>
<stat pass="5" fail="0" skip="0" id="s1" name="Tests">Tests</stat>
<stat pass="5" fail="0" skip="0" id="s1-s1" name="Random-User-Test">Tests.Random-User-Test</stat>
</suite>
</statistics>
<errors>
</errors>
</robot>
