<?xml version="1.0" encoding="UTF-8"?>
<robot generator="Robot 7.0.1 (Python 3.12.4 on linux)" generated="2024-08-03T07:13:28.044261" rpa="false" schemaversion="5">
<suite id="s1" name="Tests" source="/home/runner/work/ApiRandomUser/ApiRandomUser/RamdonUser/tests">
<suite id="s1-s1" name="Random-User-Test" source="/home/runner/work/ApiRandomUser/ApiRandomUser/RamdonUser/tests/random-user-test.robot">
<test id="s1-s1-t1" name="Conectar" line="13">
<kw name="Conectar API" owner="random-user-service">
<kw name="Create Session" owner="RequestsLibrary">
<msg time="2024-08-03T07:13:28.492078" level="INFO">Creating Session using : alias=consultarAPI, url=https://randomuser.me/, headers={},                     cookies={}, auth=None, timeout=None, proxies=None, verify=False,                     debug=0 </msg>
<arg>consultarAPI</arg>
<arg>${URL}</arg>
<doc>Create Session: create a HTTP session to a server</doc>
<status status="PASS" start="2024-08-03T07:13:28.491892" elapsed="0.000392"/>
</kw>
<status status="PASS" start="2024-08-03T07:13:28.490900" elapsed="0.001728"/>
</kw>
<status status="PASS" start="2024-08-03T07:13:28.490305" elapsed="0.002512"/>
</test>
<test id="s1-s1-t2" name="Validar retorno 200 e JSON Válido" line="16">
<kw name="Teste de Requisicao Basica" owner="random-user-service">
<kw name="GET On Session" owner="RequestsLibrary">
<msg time="2024-08-03T07:13:28.622729" level="INFO">GET Request : url=https://randomuser.me/api 
 path_url=/api 
 headers={'User-Agent': 'python-requests/2.32.3', 'Accept-Encoding': 'gzip, deflate', 'Accept': '*/*', 'Connection': 'keep-alive'} 
 body=None 
 </msg>
<msg time="2024-08-03T07:13:28.622849" level="INFO">GET Response : url=https://randomuser.me/api 
 status=200, reason=OK 
 headers={'Date': 'Sat, 03 Aug 2024 07:13:28 GMT', 'Content-Type': 'application/json; charset=utf-8', 'Transfer-Encoding': 'chunked', 'Connection': 'keep-alive', 'X-Powered-By': 'Express', 'Access-Control-Allow-Origin': '*', 'Cache-Control': 'no-cache', 'ETag': 'W/"49c-oL1sJeLtoa8AEdKUWOpOy6qvwSY"', 'Vary': 'Accept-Encoding', 'Content-Encoding': 'gzip', 'CF-Cache-Status': 'DYNAMIC', 'Report-To': '{"endpoints":[{"url":"https:\\/\\/a.nel.cloudflare.com\\/report\\/v4?s=G13Ph%2FqPWM11cgmpMXLDfu9ffSoilfJDFMgq%2B%2FNITwo2A2JWgMXSoFKGac%2FTBWy47R7AQ20Q8YT%2FQGb8ZzsKzJLMhCu%2BXX4KX%2FBpYZ7MNLftMW7i6q%2BrWMnP9hTUOdJi"}],"group":"cf-nel","max_age":604800}', 'NEL': '{"success_fraction":0,"report_to":"cf-nel","max_age":604800}', 'Server': 'cloudflare', 'CF-RAY': '8ad481594db59450-SJC', 'alt-svc': 'h3=":443"; ma=86400'} 
 body={"results":[{"gender":"female","name":{"title":"Mrs","first":"Suzy","last":"Daniels"},"location":{"street":{"number":483,"name":"Park Avenue"},"city":"Newry","state":"Highlands and Islands","country":"United Kingdom","postcode":"OI5 8RU","coordinates":{"latitude":"-11.4979","longitude":"35.2084"},"timezone":{"offset":"-11:00","description":"Midway Island, Samoa"}},"email":"suzy.daniels@example.com","login":{"uuid":"e3600998-501e-40b1-9966-5815fc6e4e50","username":"greengoose563","password":"handsome","salt":"dh3cTeYM","md5":"4174ffca3a34ab00feea04be12d2f36d","sha1":"79cca9d3a6f37d241ef257f538c2a24262081c2f","sha256":"1d3c659889d5d857a721418117e6d6c0fea43c8b130d44d1dfddaa2e6e3062a8"},"dob":{"date":"1950-04-17T00:09:57.443Z","age":74},"registered":{"date":"2009-08-04T21:02:50.212Z","age":14},"phone":"015394 28994","cell":"07107 354428","id":{"name":"NINO","value":"CY 52 69 53 L"},"picture":{"large":"https://randomuser.me/api/portraits/women/92.jpg","medium":"https://randomuser.me/api/portraits/med/women/92.jpg","thumbnail":"https://randomuser.me/api/portraits/thumb/women/92.jpg"},"nat":"GB"}],"info":{"seed":"40e402c5e03b19bf","results":1,"page":1,"version":"1.4"}} 
 </msg>
<msg time="2024-08-03T07:13:28.622923" level="INFO">/opt/hostedtoolcache/Python/3.12.4/x64/lib/python3.12/site-packages/urllib3/connectionpool.py:1099: InsecureRequestWarning: Unverified HTTPS request is being made to host 'randomuser.me'. Adding certificate verification is strongly advised. See: https://urllib3.readthedocs.io/en/latest/advanced-usage.html#tls-warnings
  warnings.warn(</msg>
<msg time="2024-08-03T07:13:28.623042" level="INFO">${response} = &lt;Response [200]&gt;</msg>
<var>${response}</var>
<arg>consultarAPI</arg>
<arg>/api</arg>
<doc>Sends a GET request on a previously created HTTP Session.</doc>
<status status="PASS" start="2024-08-03T07:13:28.495407" elapsed="0.127679"/>
</kw>
<kw name="Should Be Equal As Numbers" owner="BuiltIn">
<msg time="2024-08-03T07:13:28.624168" level="INFO">Argument types are:
&lt;class 'int'&gt;
&lt;class 'str'&gt;</msg>
<arg>${response.status_code}</arg>
<arg>200</arg>
<doc>Fails if objects are unequal after converting them to real numbers.</doc>
<status status="PASS" start="2024-08-03T07:13:28.623641" elapsed="0.000596"/>
</kw>
<kw name="Log" owner="BuiltIn">
<msg time="2024-08-03T07:13:28.624905" level="INFO">200</msg>
<arg>${response.status_code}</arg>
<doc>Logs the given message with the given level.</doc>
<status status="PASS" start="2024-08-03T07:13:28.624560" elapsed="0.000388"/>
</kw>
<kw name="Set Variable" owner="BuiltIn">
<msg time="2024-08-03T07:13:28.625694" level="INFO">${json_data} = {'results': [{'gender': 'female', 'name': {'title': 'Mrs', 'first': 'Suzy', 'last': 'Daniels'}, 'location': {'street': {'number': 483, 'name': 'Park Avenue'}, 'city': 'Newry', 'state': 'Highlands and ...</msg>
<var>${json_data}</var>
<arg>${response.json()}</arg>
<doc>Returns the given values which can then be assigned to a variables.</doc>
<status status="PASS" start="2024-08-03T07:13:28.625262" elapsed="0.000462"/>
</kw>
<kw name="Dictionary Should Contain Key" owner="Collections">
<arg>${json_data}</arg>
<arg>results</arg>
<doc>Fails if ``key`` is not found from ``dictionary``.</doc>
<status status="PASS" start="2024-08-03T07:13:28.626025" elapsed="0.000303"/>
</kw>
<status status="PASS" start="2024-08-03T07:13:28.495169" elapsed="0.131314"/>
</kw>
<doc>Testa se a API responde corretamente e retorna um objeto JSON válido.</doc>
<tag>testeRequisicaoBasica</tag>
<status status="PASS" start="2024-08-03T07:13:28.494638" elapsed="0.132013"/>
</test>
<test id="s1-s1-t3" name="Validar estrutura de resposta" line="22">
<kw name="Teste de Estrutura de Resposta" owner="random-user-service">
<kw name="GET On Session" owner="RequestsLibrary">
<msg time="2024-08-03T07:13:28.733458" level="INFO">GET Request : url=https://randomuser.me/api 
 path_url=/api 
 headers={'User-Agent': 'python-requests/2.32.3', 'Accept-Encoding': 'gzip, deflate', 'Accept': '*/*', 'Connection': 'keep-alive'} 
 body=None 
 </msg>
<msg time="2024-08-03T07:13:28.733547" level="INFO">GET Response : url=https://randomuser.me/api 
 status=200, reason=OK 
 headers={'Date': 'Sat, 03 Aug 2024 07:13:28 GMT', 'Content-Type': 'application/json; charset=utf-8', 'Transfer-Encoding': 'chunked', 'Connection': 'keep-alive', 'X-Powered-By': 'Express', 'Access-Control-Allow-Origin': '*', 'Cache-Control': 'no-cache', 'ETag': 'W/"49d-+WsyoTczDgsr1MY6lsU5A8HrKfA"', 'Vary': 'Accept-Encoding', 'Content-Encoding': 'gzip', 'CF-Cache-Status': 'DYNAMIC', 'Report-To': '{"endpoints":[{"url":"https:\\/\\/a.nel.cloudflare.com\\/report\\/v4?s=U6qZtpFTVVWXWazd5j%2B9KNYVqWxG4qVAq6aEPpLTbyuy3oSmyWmY5bZZeupDiYn15JnenpL9WQuy3JKloiAGb29wHuG6R85Y6EY7MNYIWUrfk2qk0QXzwYqBYcTjQYZG"}],"group":"cf-nel","max_age":604800}', 'NEL': '{"success_fraction":0,"report_to":"cf-nel","max_age":604800}', 'Server': 'cloudflare', 'CF-RAY': '8ad48159fe1e9450-SJC', 'alt-svc': 'h3=":443"; ma=86400'} 
 body={"results":[{"gender":"female","name":{"title":"Mademoiselle","first":"Fabiola","last":"Sanchez"},"location":{"street":{"number":7465,"name":"Rue du Dauphiné"},"city":"St. Gallen","state":"Jura","country":"Switzerland","postcode":2556,"coordinates":{"latitude":"-56.3088","longitude":"33.7783"},"timezone":{"offset":"+9:30","description":"Adelaide, Darwin"}},"email":"fabiola.sanchez@example.com","login":{"uuid":"5faebcd6-0a19-443b-aaee-8324d126d106","username":"tinyleopard276","password":"tomorrow","salt":"NfLsoTNQ","md5":"562ea1126cb51cb2055f85ac165e342b","sha1":"91497242d9e2f21bf6c01aa7ba5160dcf28040e4","sha256":"862338a69b43d4212170dc96cbd04e9638dada2187ca00fafe758cf00cae100a"},"dob":{"date":"1952-10-23T21:15:49.163Z","age":71},"registered":{"date":"2007-09-12T07:12:32.956Z","age":16},"phone":"077 800 46 18","cell":"075 857 64 38","id":{"name":"AVS","value":"756.4396.9713.96"},"picture":{"large":"https://randomuser.me/api/portraits/women/81.jpg","medium":"https://randomuser.me/api/portraits/med/women/81.jpg","thumbnail":"https://randomuser.me/api/portraits/thumb/women/81.jpg"},"nat":"CH"}],"info":{"seed":"7da7b31c667e2a4f","results":1,"page":1,"version":"1.4"}} 
 </msg>
<msg time="2024-08-03T07:13:28.733673" level="INFO">/opt/hostedtoolcache/Python/3.12.4/x64/lib/python3.12/site-packages/urllib3/connectionpool.py:1099: InsecureRequestWarning: Unverified HTTPS request is being made to host 'randomuser.me'. Adding certificate verification is strongly advised. See: https://urllib3.readthedocs.io/en/latest/advanced-usage.html#tls-warnings
  warnings.warn(</msg>
<msg time="2024-08-03T07:13:28.733786" level="INFO">${response} = &lt;Response [200]&gt;</msg>
<var>${response}</var>
<arg>consultarAPI</arg>
<arg>/api</arg>
<doc>Sends a GET request on a previously created HTTP Session.</doc>
<status status="PASS" start="2024-08-03T07:13:28.629308" elapsed="0.104520"/>
</kw>
<kw name="Set Variable" owner="BuiltIn">
<msg time="2024-08-03T07:13:28.734867" level="INFO">${json_data} = {'results': [{'gender': 'female', 'name': {'title': 'Mademoiselle', 'first': 'Fabiola', 'last': 'Sanchez'}, 'location': {'street': {'number': 7465, 'name': 'Rue du Dauphiné'}, 'city': 'St. Gallen', 's...</msg>
<var>${json_data}</var>
<arg>${response.json()}</arg>
<doc>Returns the given values which can then be assigned to a variables.</doc>
<status status="PASS" start="2024-08-03T07:13:28.734303" elapsed="0.000594"/>
</kw>
<kw name="Log" owner="BuiltIn">
<msg time="2024-08-03T07:13:28.735371" level="INFO">{'results': [{'gender': 'female', 'name': {'title': 'Mademoiselle', 'first': 'Fabiola', 'last': 'Sanchez'}, 'location': {'street': {'number': 7465, 'name': 'Rue du Dauphiné'}, 'city': 'St. Gallen', 'state': 'Jura', 'country': 'Switzerland', 'postcode': 2556, 'coordinates': {'latitude': '-56.3088', 'longitude': '33.7783'}, 'timezone': {'offset': '+9:30', 'description': 'Adelaide, Darwin'}}, 'email': 'fabiola.sanchez@example.com', 'login': {'uuid': '5faebcd6-0a19-443b-aaee-8324d126d106', 'username': 'tinyleopard276', 'password': 'tomorrow', 'salt': 'NfLsoTNQ', 'md5': '562ea1126cb51cb2055f85ac165e342b', 'sha1': '91497242d9e2f21bf6c01aa7ba5160dcf28040e4', 'sha256': '862338a69b43d4212170dc96cbd04e9638dada2187ca00fafe758cf00cae100a'}, 'dob': {'date': '1952-10-23T21:15:49.163Z', 'age': 71}, 'registered': {'date': '2007-09-12T07:12:32.956Z', 'age': 16}, 'phone': '077 800 46 18', 'cell': '075 857 64 38', 'id': {'name': 'AVS', 'value': '756.4396.9713.96'}, 'picture': {'large': 'https://randomuser.me/api/portraits/women/81.jpg', 'medium': 'https://randomuser.me/api/portraits/med/women/81.jpg', 'thumbnail': 'https://randomuser.me/api/portraits/thumb/women/81.jpg'}, 'nat': 'CH'}], 'info': {'seed': '7da7b31c667e2a4f', 'results': 1, 'page': 1, 'version': '1.4'}}</msg>
<arg>${json_data}</arg>
<doc>Logs the given message with the given level.</doc>
<status status="PASS" start="2024-08-03T07:13:28.735206" elapsed="0.000215"/>
</kw>
<kw name="Dictionary Should Contain Key" owner="Collections">
<arg>${json_data}</arg>
<arg>results</arg>
<doc>Fails if ``key`` is not found from ``dictionary``.</doc>
<status status="PASS" start="2024-08-03T07:13:28.735712" elapsed="0.000163"/>
</kw>
<kw name="Should Not Be Empty" owner="BuiltIn">
<msg time="2024-08-03T07:13:28.736234" level="INFO">Length is 2.</msg>
<arg>${json_data}</arg>
<doc>Verifies that the given item is not empty.</doc>
<status status="PASS" start="2024-08-03T07:13:28.736058" elapsed="0.000226"/>
</kw>
<kw name="Create List" owner="BuiltIn">
<msg time="2024-08-03T07:13:28.736741" level="INFO">${expected_keys} = ['gender', 'name', 'location', 'email', 'login']</msg>
<var>${expected_keys}</var>
<arg>gender</arg>
<arg>name</arg>
<arg>location</arg>
<arg>email</arg>
<arg>login</arg>
<doc>Returns a list containing given items.</doc>
<status status="PASS" start="2024-08-03T07:13:28.736588" elapsed="0.000177"/>
</kw>
<for flavor="IN">
<iter>
<kw name="Dictionary Should Contain Key" owner="Collections">
<arg>${json_data['results'][0]}</arg>
<arg>${key}</arg>
<doc>Fails if ``key`` is not found from ``dictionary``.</doc>
<status status="PASS" start="2024-08-03T07:13:28.737335" elapsed="0.000413"/>
</kw>
<kw name="Log" owner="BuiltIn">
<msg time="2024-08-03T07:13:28.738300" level="INFO">{'gender': 'female', 'name': {'title': 'Mademoiselle', 'first': 'Fabiola', 'last': 'Sanchez'}, 'location': {'street': {'number': 7465, 'name': 'Rue du Dauphiné'}, 'city': 'St. Gallen', 'state': 'Jura', 'country': 'Switzerland', 'postcode': 2556, 'coordinates': {'latitude': '-56.3088', 'longitude': '33.7783'}, 'timezone': {'offset': '+9:30', 'description': 'Adelaide, Darwin'}}, 'email': 'fabiola.sanchez@example.com', 'login': {'uuid': '5faebcd6-0a19-443b-aaee-8324d126d106', 'username': 'tinyleopard276', 'password': 'tomorrow', 'salt': 'NfLsoTNQ', 'md5': '562ea1126cb51cb2055f85ac165e342b', 'sha1': '91497242d9e2f21bf6c01aa7ba5160dcf28040e4', 'sha256': '862338a69b43d4212170dc96cbd04e9638dada2187ca00fafe758cf00cae100a'}, 'dob': {'date': '1952-10-23T21:15:49.163Z', 'age': 71}, 'registered': {'date': '2007-09-12T07:12:32.956Z', 'age': 16}, 'phone': '077 800 46 18', 'cell': '075 857 64 38', 'id': {'name': 'AVS', 'value': '756.4396.9713.96'}, 'picture': {'large': 'https://randomuser.me/api/portraits/women/81.jpg', 'medium': 'https://randomuser.me/api/portraits/med/women/81.jpg', 'thumbnail': 'https://randomuser.me/api/portraits/thumb/women/81.jpg'}, 'nat': 'CH'}</msg>
<arg>${json_data['results'][0]}</arg>
<doc>Logs the given message with the given level.</doc>
<status status="PASS" start="2024-08-03T07:13:28.737943" elapsed="0.000407"/>
</kw>
<kw name="Log" owner="BuiltIn">
<msg time="2024-08-03T07:13:28.738778" level="INFO">gender</msg>
<arg>${key}</arg>
<doc>Logs the given message with the given level.</doc>
<status status="PASS" start="2024-08-03T07:13:28.738647" elapsed="0.000169"/>
</kw>
<var name="${key}">gender</var>
<status status="PASS" start="2024-08-03T07:13:28.737208" elapsed="0.001825"/>
</iter>
<iter>
<kw name="Dictionary Should Contain Key" owner="Collections">
<arg>${json_data['results'][0]}</arg>
<arg>${key}</arg>
<doc>Fails if ``key`` is not found from ``dictionary``.</doc>
<status status="PASS" start="2024-08-03T07:13:28.739328" elapsed="0.000385"/>
</kw>
<kw name="Log" owner="BuiltIn">
<msg time="2024-08-03T07:13:28.740326" level="INFO">{'gender': 'female', 'name': {'title': 'Mademoiselle', 'first': 'Fabiola', 'last': 'Sanchez'}, 'location': {'street': {'number': 7465, 'name': 'Rue du Dauphiné'}, 'city': 'St. Gallen', 'state': 'Jura', 'country': 'Switzerland', 'postcode': 2556, 'coordinates': {'latitude': '-56.3088', 'longitude': '33.7783'}, 'timezone': {'offset': '+9:30', 'description': 'Adelaide, Darwin'}}, 'email': 'fabiola.sanchez@example.com', 'login': {'uuid': '5faebcd6-0a19-443b-aaee-8324d126d106', 'username': 'tinyleopard276', 'password': 'tomorrow', 'salt': 'NfLsoTNQ', 'md5': '562ea1126cb51cb2055f85ac165e342b', 'sha1': '91497242d9e2f21bf6c01aa7ba5160dcf28040e4', 'sha256': '862338a69b43d4212170dc96cbd04e9638dada2187ca00fafe758cf00cae100a'}, 'dob': {'date': '1952-10-23T21:15:49.163Z', 'age': 71}, 'registered': {'date': '2007-09-12T07:12:32.956Z', 'age': 16}, 'phone': '077 800 46 18', 'cell': '075 857 64 38', 'id': {'name': 'AVS', 'value': '756.4396.9713.96'}, 'picture': {'large': 'https://randomuser.me/api/portraits/women/81.jpg', 'medium': 'https://randomuser.me/api/portraits/med/women/81.jpg', 'thumbnail': 'https://randomuser.me/api/portraits/thumb/women/81.jpg'}, 'nat': 'CH'}</msg>
<arg>${json_data['results'][0]}</arg>
<doc>Logs the given message with the given level.</doc>
<status status="PASS" start="2024-08-03T07:13:28.739896" elapsed="0.000481"/>
</kw>
<kw name="Log" owner="BuiltIn">
<msg time="2024-08-03T07:13:28.740806" level="INFO">name</msg>
<arg>${key}</arg>
<doc>Logs the given message with the given level.</doc>
<status status="PASS" start="2024-08-03T07:13:28.740677" elapsed="0.000167"/>
</kw>
<var name="${key}">name</var>
<status status="PASS" start="2024-08-03T07:13:28.739219" elapsed="0.001838"/>
</iter>
<iter>
<kw name="Dictionary Should Contain Key" owner="Collections">
<arg>${json_data['results'][0]}</arg>
<arg>${key}</arg>
<doc>Fails if ``key`` is not found from ``dictionary``.</doc>
<status status="PASS" start="2024-08-03T07:13:28.741361" elapsed="0.000380"/>
</kw>
<kw name="Log" owner="BuiltIn">
<msg time="2024-08-03T07:13:28.742275" level="INFO">{'gender': 'female', 'name': {'title': 'Mademoiselle', 'first': 'Fabiola', 'last': 'Sanchez'}, 'location': {'street': {'number': 7465, 'name': 'Rue du Dauphiné'}, 'city': 'St. Gallen', 'state': 'Jura', 'country': 'Switzerland', 'postcode': 2556, 'coordinates': {'latitude': '-56.3088', 'longitude': '33.7783'}, 'timezone': {'offset': '+9:30', 'description': 'Adelaide, Darwin'}}, 'email': 'fabiola.sanchez@example.com', 'login': {'uuid': '5faebcd6-0a19-443b-aaee-8324d126d106', 'username': 'tinyleopard276', 'password': 'tomorrow', 'salt': 'NfLsoTNQ', 'md5': '562ea1126cb51cb2055f85ac165e342b', 'sha1': '91497242d9e2f21bf6c01aa7ba5160dcf28040e4', 'sha256': '862338a69b43d4212170dc96cbd04e9638dada2187ca00fafe758cf00cae100a'}, 'dob': {'date': '1952-10-23T21:15:49.163Z', 'age': 71}, 'registered': {'date': '2007-09-12T07:12:32.956Z', 'age': 16}, 'phone': '077 800 46 18', 'cell': '075 857 64 38', 'id': {'name': 'AVS', 'value': '756.4396.9713.96'}, 'picture': {'large': 'https://randomuser.me/api/portraits/women/81.jpg', 'medium': 'https://randomuser.me/api/portraits/med/women/81.jpg', 'thumbnail': 'https://randomuser.me/api/portraits/thumb/women/81.jpg'}, 'nat': 'CH'}</msg>
<arg>${json_data['results'][0]}</arg>
<doc>Logs the given message with the given level.</doc>
<status status="PASS" start="2024-08-03T07:13:28.741927" elapsed="0.000408"/>
</kw>
<kw name="Log" owner="BuiltIn">
<msg time="2024-08-03T07:13:28.742760" level="INFO">location</msg>
<arg>${key}</arg>
<doc>Logs the given message with the given level.</doc>
<status status="PASS" start="2024-08-03T07:13:28.742632" elapsed="0.000166"/>
</kw>
<var name="${key}">location</var>
<status status="PASS" start="2024-08-03T07:13:28.741253" elapsed="0.001763"/>
</iter>
<iter>
<kw name="Dictionary Should Contain Key" owner="Collections">
<arg>${json_data['results'][0]}</arg>
<arg>${key}</arg>
<doc>Fails if ``key`` is not found from ``dictionary``.</doc>
<status status="PASS" start="2024-08-03T07:13:28.743292" elapsed="0.000384"/>
</kw>
<kw name="Log" owner="BuiltIn">
<msg time="2024-08-03T07:13:28.744368" level="INFO">{'gender': 'female', 'name': {'title': 'Mademoiselle', 'first': 'Fabiola', 'last': 'Sanchez'}, 'location': {'street': {'number': 7465, 'name': 'Rue du Dauphiné'}, 'city': 'St. Gallen', 'state': 'Jura', 'country': 'Switzerland', 'postcode': 2556, 'coordinates': {'latitude': '-56.3088', 'longitude': '33.7783'}, 'timezone': {'offset': '+9:30', 'description': 'Adelaide, Darwin'}}, 'email': 'fabiola.sanchez@example.com', 'login': {'uuid': '5faebcd6-0a19-443b-aaee-8324d126d106', 'username': 'tinyleopard276', 'password': 'tomorrow', 'salt': 'NfLsoTNQ', 'md5': '562ea1126cb51cb2055f85ac165e342b', 'sha1': '91497242d9e2f21bf6c01aa7ba5160dcf28040e4', 'sha256': '862338a69b43d4212170dc96cbd04e9638dada2187ca00fafe758cf00cae100a'}, 'dob': {'date': '1952-10-23T21:15:49.163Z', 'age': 71}, 'registered': {'date': '2007-09-12T07:12:32.956Z', 'age': 16}, 'phone': '077 800 46 18', 'cell': '075 857 64 38', 'id': {'name': 'AVS', 'value': '756.4396.9713.96'}, 'picture': {'large': 'https://randomuser.me/api/portraits/women/81.jpg', 'medium': 'https://randomuser.me/api/portraits/med/women/81.jpg', 'thumbnail': 'https://randomuser.me/api/portraits/thumb/women/81.jpg'}, 'nat': 'CH'}</msg>
<arg>${json_data['results'][0]}</arg>
<doc>Logs the given message with the given level.</doc>
<status status="PASS" start="2024-08-03T07:13:28.743971" elapsed="0.000458"/>
</kw>
<kw name="Log" owner="BuiltIn">
<msg time="2024-08-03T07:13:28.744856" level="INFO">email</msg>
<arg>${key}</arg>
<doc>Logs the given message with the given level.</doc>
<status status="PASS" start="2024-08-03T07:13:28.744726" elapsed="0.000169"/>
</kw>
<var name="${key}">email</var>
<status status="PASS" start="2024-08-03T07:13:28.743187" elapsed="0.001924"/>
</iter>
<iter>
<kw name="Dictionary Should Contain Key" owner="Collections">
<arg>${json_data['results'][0]}</arg>
<arg>${key}</arg>
<doc>Fails if ``key`` is not found from ``dictionary``.</doc>
<status status="PASS" start="2024-08-03T07:13:28.745391" elapsed="0.000379"/>
</kw>
<kw name="Log" owner="BuiltIn">
<msg time="2024-08-03T07:13:28.746304" level="INFO">{'gender': 'female', 'name': {'title': 'Mademoiselle', 'first': 'Fabiola', 'last': 'Sanchez'}, 'location': {'street': {'number': 7465, 'name': 'Rue du Dauphiné'}, 'city': 'St. Gallen', 'state': 'Jura', 'country': 'Switzerland', 'postcode': 2556, 'coordinates': {'latitude': '-56.3088', 'longitude': '33.7783'}, 'timezone': {'offset': '+9:30', 'description': 'Adelaide, Darwin'}}, 'email': 'fabiola.sanchez@example.com', 'login': {'uuid': '5faebcd6-0a19-443b-aaee-8324d126d106', 'username': 'tinyleopard276', 'password': 'tomorrow', 'salt': 'NfLsoTNQ', 'md5': '562ea1126cb51cb2055f85ac165e342b', 'sha1': '91497242d9e2f21bf6c01aa7ba5160dcf28040e4', 'sha256': '862338a69b43d4212170dc96cbd04e9638dada2187ca00fafe758cf00cae100a'}, 'dob': {'date': '1952-10-23T21:15:49.163Z', 'age': 71}, 'registered': {'date': '2007-09-12T07:12:32.956Z', 'age': 16}, 'phone': '077 800 46 18', 'cell': '075 857 64 38', 'id': {'name': 'AVS', 'value': '756.4396.9713.96'}, 'picture': {'large': 'https://randomuser.me/api/portraits/women/81.jpg', 'medium': 'https://randomuser.me/api/portraits/med/women/81.jpg', 'thumbnail': 'https://randomuser.me/api/portraits/thumb/women/81.jpg'}, 'nat': 'CH'}</msg>
<arg>${json_data['results'][0]}</arg>
<doc>Logs the given message with the given level.</doc>
<status status="PASS" start="2024-08-03T07:13:28.745951" elapsed="0.000402"/>
</kw>
<kw name="Log" owner="BuiltIn">
<msg time="2024-08-03T07:13:28.746771" level="INFO">login</msg>
<arg>${key}</arg>
<doc>Logs the given message with the given level.</doc>
<status status="PASS" start="2024-08-03T07:13:28.746645" elapsed="0.000164"/>
</kw>
<var name="${key}">login</var>
<status status="PASS" start="2024-08-03T07:13:28.745285" elapsed="0.001736"/>
</iter>
<var>${key}</var>
<value>@{expected_keys}</value>
<status status="PASS" start="2024-08-03T07:13:28.737025" elapsed="0.010116"/>
</for>
<kw name="Create List" owner="BuiltIn">
<msg time="2024-08-03T07:13:28.747493" level="INFO">${expected_keysTwo} = ['username', 'password']</msg>
<var>${expected_keysTwo}</var>
<arg>username</arg>
<arg>password</arg>
<doc>Returns a list containing given items.</doc>
<status status="PASS" start="2024-08-03T07:13:28.747325" elapsed="0.000199"/>
</kw>
<for flavor="IN">
<iter>
<kw name="Dictionary Should Contain Key" owner="Collections">
<arg>${json_data['results'][0]['login']}</arg>
<arg>${keyTwo}</arg>
<doc>Fails if ``key`` is not found from ``dictionary``.</doc>
<status status="PASS" start="2024-08-03T07:13:28.748017" elapsed="0.000417"/>
</kw>
<kw name="Dictionary Should Contain Key" owner="Collections">
<arg>${json_data['results'][0]['login']}</arg>
<arg>${keyTwo}</arg>
<doc>Fails if ``key`` is not found from ``dictionary``.</doc>
<status status="PASS" start="2024-08-03T07:13:28.748616" elapsed="0.000376"/>
</kw>
<kw name="Log" owner="BuiltIn">
<msg time="2024-08-03T07:13:28.749284" level="INFO">username</msg>
<arg>${keyTwo}</arg>
<doc>Logs the given message with the given level.</doc>
<status status="PASS" start="2024-08-03T07:13:28.749167" elapsed="0.000155"/>
</kw>
<var name="${keyTwo}">username</var>
<status status="PASS" start="2024-08-03T07:13:28.747909" elapsed="0.001631"/>
</iter>
<iter>
<kw name="Dictionary Should Contain Key" owner="Collections">
<arg>${json_data['results'][0]['login']}</arg>
<arg>${keyTwo}</arg>
<doc>Fails if ``key`` is not found from ``dictionary``.</doc>
<status status="PASS" start="2024-08-03T07:13:28.749819" elapsed="0.000373"/>
</kw>
<kw name="Dictionary Should Contain Key" owner="Collections">
<arg>${json_data['results'][0]['login']}</arg>
<arg>${keyTwo}</arg>
<doc>Fails if ``key`` is not found from ``dictionary``.</doc>
<status status="PASS" start="2024-08-03T07:13:28.750370" elapsed="0.000371"/>
</kw>
<kw name="Log" owner="BuiltIn">
<msg time="2024-08-03T07:13:28.751044" level="INFO">password</msg>
<arg>${keyTwo}</arg>
<doc>Logs the given message with the given level.</doc>
<status status="PASS" start="2024-08-03T07:13:28.750917" elapsed="0.000164"/>
</kw>
<var name="${keyTwo}">password</var>
<status status="PASS" start="2024-08-03T07:13:28.749710" elapsed="0.001589"/>
</iter>
<var>${keyTwo}</var>
<value>@{expected_keysTwo}</value>
<status status="PASS" start="2024-08-03T07:13:28.747761" elapsed="0.003659"/>
</for>
<status status="PASS" start="2024-08-03T07:13:28.629075" elapsed="0.122481"/>
</kw>
<doc>Testa a estrutura da resposta da API.</doc>
<tag>testeEstruturaResposta</tag>
<status status="PASS" start="2024-08-03T07:13:28.628507" elapsed="0.123193"/>
</test>
<test id="s1-s1-t4" name="Validar tipos de dados" line="28">
<kw name="Teste de Tipos de Dados" owner="random-user-service">
<kw name="GET On Session" owner="RequestsLibrary">
<msg time="2024-08-03T07:13:28.870568" level="INFO">GET Request : url=https://randomuser.me/api 
 path_url=/api 
 headers={'User-Agent': 'python-requests/2.32.3', 'Accept-Encoding': 'gzip, deflate', 'Accept': '*/*', 'Connection': 'keep-alive'} 
 body=None 
 </msg>
<msg time="2024-08-03T07:13:28.870654" level="INFO">GET Response : url=https://randomuser.me/api 
 status=200, reason=OK 
 headers={'Date': 'Sat, 03 Aug 2024 07:13:28 GMT', 'Content-Type': 'application/json; charset=utf-8', 'Transfer-Encoding': 'chunked', 'Connection': 'keep-alive', 'X-Powered-By': 'Express', 'Access-Control-Allow-Origin': '*', 'Cache-Control': 'no-cache', 'ETag': 'W/"478-3VzZqcO3DvrCatUPtXH2JBN07LI"', 'Vary': 'Accept-Encoding', 'Content-Encoding': 'gzip', 'CF-Cache-Status': 'DYNAMIC', 'Report-To': '{"endpoints":[{"url":"https:\\/\\/a.nel.cloudflare.com\\/report\\/v4?s=IDTxK%2Fo4Il5TGOxwGw9W9rFjhC6fIevI1b3Fqi88NxOoz10BOt6yu2weFwkg7kptGYjkEot18eYX8pRy59I1m1vRhmfCrzzq01cEHJIMa3OICgQzASHxqG7Bb4JMRXJ7"}],"group":"cf-nel","max_age":604800}', 'NEL': '{"success_fraction":0,"report_to":"cf-nel","max_age":604800}', 'Server': 'cloudflare', 'CF-RAY': '8ad4815abe979450-SJC', 'alt-svc': 'h3=":443"; ma=86400'} 
 body={"results":[{"gender":"female","name":{"title":"Ms","first":"Violeta","last":"Lučić"},"location":{"street":{"number":3848,"name":"Omladinska"},"city":"Trgovište","state":"North Banat","country":"Serbia","postcode":62097,"coordinates":{"latitude":"60.8849","longitude":"110.7978"},"timezone":{"offset":"+4:30","description":"Kabul"}},"email":"violeta.lucic@example.com","login":{"uuid":"f5fa69d6-9518-4dcf-836c-8995486232fc","username":"silverlion606","password":"golfing","salt":"ufIZV7Xo","md5":"b032befb498f189e2294866edd71dbf8","sha1":"521607b65283405c534af7344811321ed2276e09","sha256":"54eb462b9e4f1d4be42ed441babc0c997f2d5d2818bd5c1095982a9363756c73"},"dob":{"date":"1976-10-10T03:56:46.499Z","age":47},"registered":{"date":"2009-08-10T21:34:21.093Z","age":14},"phone":"024-1219-729","cell":"069-0148-057","id":{"name":"SID","value":"448956860"},"picture":{"large":"https://randomuser.me/api/portraits/women/26.jpg","medium":"https://randomuser.me/api/portraits/med/women/26.jpg","thumbnail":"https://randomuser.me/api/portraits/thumb/women/26.jpg"},"nat":"RS"}],"info":{"seed":"71b3c3cdec9c54db","results":1,"page":1,"version":"1.4"}} 
 </msg>
<msg time="2024-08-03T07:13:28.870732" level="INFO">/opt/hostedtoolcache/Python/3.12.4/x64/lib/python3.12/site-packages/urllib3/connectionpool.py:1099: InsecureRequestWarning: Unverified HTTPS request is being made to host 'randomuser.me'. Adding certificate verification is strongly advised. See: https://urllib3.readthedocs.io/en/latest/advanced-usage.html#tls-warnings
  warnings.warn(</msg>
<msg time="2024-08-03T07:13:28.870849" level="INFO">${response} = &lt;Response [200]&gt;</msg>
<var>${response}</var>
<arg>consultarAPI</arg>
<arg>/api</arg>
<doc>Sends a GET request on a previously created HTTP Session.</doc>
<status status="PASS" start="2024-08-03T07:13:28.754186" elapsed="0.116718"/>
</kw>
<kw name="Set Variable" owner="BuiltIn">
<msg time="2024-08-03T07:13:28.871995" level="INFO">${json_data} = {'results': [{'gender': 'female', 'name': {'title': 'Ms', 'first': 'Violeta', 'last': 'Lučić'}, 'location': {'street': {'number': 3848, 'name': 'Omladinska'}, 'city': 'Trgovište', 'state': 'North Bana...</msg>
<var>${json_data}</var>
<arg>${response.json()}</arg>
<doc>Returns the given values which can then be assigned to a variables.</doc>
<status status="PASS" start="2024-08-03T07:13:28.871398" elapsed="0.000628"/>
</kw>
<kw name="Log" owner="BuiltIn">
<msg time="2024-08-03T07:13:28.872529" level="INFO">{'results': [{'gender': 'female', 'name': {'title': 'Ms', 'first': 'Violeta', 'last': 'Lučić'}, 'location': {'street': {'number': 3848, 'name': 'Omladinska'}, 'city': 'Trgovište', 'state': 'North Banat', 'country': 'Serbia', 'postcode': 62097, 'coordinates': {'latitude': '60.8849', 'longitude': '110.7978'}, 'timezone': {'offset': '+4:30', 'description': 'Kabul'}}, 'email': 'violeta.lucic@example.com', 'login': {'uuid': 'f5fa69d6-9518-4dcf-836c-8995486232fc', 'username': 'silverlion606', 'password': 'golfing', 'salt': 'ufIZV7Xo', 'md5': 'b032befb498f189e2294866edd71dbf8', 'sha1': '521607b65283405c534af7344811321ed2276e09', 'sha256': '54eb462b9e4f1d4be42ed441babc0c997f2d5d2818bd5c1095982a9363756c73'}, 'dob': {'date': '1976-10-10T03:56:46.499Z', 'age': 47}, 'registered': {'date': '2009-08-10T21:34:21.093Z', 'age': 14}, 'phone': '024-1219-729', 'cell': '069-0148-057', 'id': {'name': 'SID', 'value': '448956860'}, 'picture': {'large': 'https://randomuser.me/api/portraits/women/26.jpg', 'medium': 'https://randomuser.me/api/portraits/med/women/26.jpg', 'thumbnail': 'https://randomuser.me/api/portraits/thumb/women/26.jpg'}, 'nat': 'RS'}], 'info': {'seed': '71b3c3cdec9c54db', 'results': 1, 'page': 1, 'version': '1.4'}}</msg>
<arg>${json_data}</arg>
<doc>Logs the given message with the given level.</doc>
<status status="PASS" start="2024-08-03T07:13:28.872372" elapsed="0.000207"/>
</kw>
<kw name="Should Be String" owner="String">
<arg>${json_data['results'][0]['gender']}</arg>
<doc>Fails if the given ``item`` is not a string.</doc>
<status status="PASS" start="2024-08-03T07:13:28.872871" elapsed="0.000369"/>
</kw>
<kw name="Should Match Regexp" owner="BuiltIn">
<arg>${json_data['results'][0]['email']}</arg>
<arg>^[a-zA-Z0-9._%+-]+@[a-zA-Z0-9.-]+\.[a-zA-Z]{2,}$</arg>
<doc>Fails if ``string`` does not match ``pattern`` as a regular expression.</doc>
<status status="PASS" start="2024-08-03T07:13:28.873431" elapsed="0.000506"/>
</kw>
<kw name="Should Match Regexp" owner="BuiltIn">
<arg>${json_data['results'][0]['dob']['date']}</arg>
<arg>\\d{4}-\\d{2}-\\d{2}T\\d{2}:\\d{2}:\\d{2}\\.\\d{3}Z</arg>
<doc>Fails if ``string`` does not match ``pattern`` as a regular expression.</doc>
<status status="PASS" start="2024-08-03T07:13:28.874162" elapsed="0.000594"/>
</kw>
<kw name="Should Match Regexp" owner="BuiltIn">
<arg>${json_data['results'][0]['registered']['date']}</arg>
<arg>\\d{4}-\\d{2}-\\d{2}T\\d{2}:\\d{2}:\\d{2}\\.\\d{3}Z</arg>
<doc>Fails if ``string`` does not match ``pattern`` as a regular expression.</doc>
<status status="PASS" start="2024-08-03T07:13:28.874947" elapsed="0.000374"/>
</kw>
<kw name="Should Match Regexp" owner="BuiltIn">
<arg>${json_data['results'][0]['picture']['large']}</arg>
<arg>^https?://.*\.(?:png|jpe?g|gif|bmp)$</arg>
<doc>Fails if ``string`` does not match ``pattern`` as a regular expression.</doc>
<status status="PASS" start="2024-08-03T07:13:28.875503" elapsed="0.000452"/>
</kw>
<kw name="Should Match Regexp" owner="BuiltIn">
<arg>${json_data['results'][0]['picture']['medium']}</arg>
<arg>^https?://.*\.(?:png|jpe?g|gif|bmp)$</arg>
<doc>Fails if ``string`` does not match ``pattern`` as a regular expression.</doc>
<status status="PASS" start="2024-08-03T07:13:28.876164" elapsed="0.000363"/>
</kw>
<kw name="Should Match Regexp" owner="BuiltIn">
<arg>${json_data['results'][0]['picture']['thumbnail']}</arg>
<arg>^https?://.*\.(?:png|jpe?g|gif|bmp)$</arg>
<doc>Fails if ``string`` does not match ``pattern`` as a regular expression.</doc>
<status status="PASS" start="2024-08-03T07:13:28.876710" elapsed="0.000352"/>
</kw>
<kw name="Log" owner="BuiltIn">
<msg time="2024-08-03T07:13:28.877561" level="INFO">{'large': 'https://randomuser.me/api/portraits/women/26.jpg', 'medium': 'https://randomuser.me/api/portraits/med/women/26.jpg', 'thumbnail': 'https://randomuser.me/api/portraits/thumb/women/26.jpg'}</msg>
<arg>${json_data['results'][0]['picture']}</arg>
<doc>Logs the given message with the given level.</doc>
<status status="PASS" start="2024-08-03T07:13:28.877239" elapsed="0.000365"/>
</kw>
<status status="PASS" start="2024-08-03T07:13:28.753970" elapsed="0.123887"/>
</kw>
<kw name="Teste de Tipos de Dados - Postcode" owner="random-user-service">
<kw name="GET On Session" owner="RequestsLibrary">
<msg time="2024-08-03T07:13:29.021174" level="INFO">GET Request : url=https://randomuser.me/api 
 path_url=/api 
 headers={'User-Agent': 'python-requests/2.32.3', 'Accept-Encoding': 'gzip, deflate', 'Accept': '*/*', 'Connection': 'keep-alive'} 
 body=None 
 </msg>
<msg time="2024-08-03T07:13:29.021251" level="INFO">GET Response : url=https://randomuser.me/api 
 status=200, reason=OK 
 headers={'Date': 'Sat, 03 Aug 2024 07:13:29 GMT', 'Content-Type': 'application/json; charset=utf-8', 'Transfer-Encoding': 'chunked', 'Connection': 'keep-alive', 'X-Powered-By': 'Express', 'Access-Control-Allow-Origin': '*', 'Cache-Control': 'no-cache', 'ETag': 'W/"49a-AU8hj3pP7wEpKWKfvs8wOdSnRpg"', 'Vary': 'Accept-Encoding', 'Content-Encoding': 'gzip', 'CF-Cache-Status': 'DYNAMIC', 'Report-To': '{"endpoints":[{"url":"https:\\/\\/a.nel.cloudflare.com\\/report\\/v4?s=SgaeE81DJOQRqN130s22oMmoVyUPP2hdw9rJuv6XORLDEZ%2B3BuQp4Kkq6zWijoJiyukKe8GatbSCgovH9WDzfXq5eN9z%2B5oxduH3Dh%2FURd%2FuOKUzVpxkSsExJQwLYUDd"}],"group":"cf-nel","max_age":604800}', 'NEL': '{"success_fraction":0,"report_to":"cf-nel","max_age":604800}', 'Server': 'cloudflare', 'CF-RAY': '8ad4815b8ef89450-SJC', 'alt-svc': 'h3=":443"; ma=86400'} 
 body={"results":[{"gender":"female","name":{"title":"Mrs","first":"Kristin","last":"Lowe"},"location":{"street":{"number":2547,"name":"Camden Ave"},"city":"Redding","state":"Alabama","country":"United States","postcode":61109,"coordinates":{"latitude":"89.3791","longitude":"160.2003"},"timezone":{"offset":"-6:00","description":"Central Time (US &amp; Canada), Mexico City"}},"email":"kristin.lowe@example.com","login":{"uuid":"889341b0-95bc-442a-a93e-29fb1c9289d3","username":"tinycat621","password":"capslock","salt":"uTVqkMyK","md5":"0444ba81fd9e1c1cae6f14727211861c","sha1":"0233e73702503b1ac467dab2ce05587a39f9e2a1","sha256":"897f03f8acacc3ad3eadbf25e86858a5245a8a041a05624e587913a24c970487"},"dob":{"date":"1999-07-07T12:36:49.311Z","age":25},"registered":{"date":"2017-03-31T03:45:04.902Z","age":7},"phone":"(851) 658-2083","cell":"(432) 897-4916","id":{"name":"SSN","value":"464-73-6775"},"picture":{"large":"https://randomuser.me/api/portraits/women/10.jpg","medium":"https://randomuser.me/api/portraits/med/women/10.jpg","thumbnail":"https://randomuser.me/api/portraits/thumb/women/10.jpg"},"nat":"US"}],"info":{"seed":"9e2d3cb6b83d50de","results":1,"page":1,"version":"1.4"}} 
 </msg>
<msg time="2024-08-03T07:13:29.021309" level="INFO">/opt/hostedtoolcache/Python/3.12.4/x64/lib/python3.12/site-packages/urllib3/connectionpool.py:1099: InsecureRequestWarning: Unverified HTTPS request is being made to host 'randomuser.me'. Adding certificate verification is strongly advised. See: https://urllib3.readthedocs.io/en/latest/advanced-usage.html#tls-warnings
  warnings.warn(</msg>
<msg time="2024-08-03T07:13:29.021399" level="INFO">${response} = &lt;Response [200]&gt;</msg>
<var>${response}</var>
<arg>consultarAPI</arg>
<arg>/api</arg>
<doc>Sends a GET request on a previously created HTTP Session.</doc>
<status status="PASS" start="2024-08-03T07:13:28.878284" elapsed="0.143155"/>
</kw>
<kw name="Set Variable" owner="BuiltIn">
<msg time="2024-08-03T07:13:29.022455" level="INFO">${json_data} = {'results': [{'gender': 'female', 'name': {'title': 'Mrs', 'first': 'Kristin', 'last': 'Lowe'}, 'location': {'street': {'number': 2547, 'name': 'Camden Ave'}, 'city': 'Redding', 'state': 'Alabama', 'c...</msg>
<var>${json_data}</var>
<arg>${response.json()}</arg>
<doc>Returns the given values which can then be assigned to a variables.</doc>
<status status="PASS" start="2024-08-03T07:13:29.021897" elapsed="0.000588"/>
</kw>
<kw name="Log" owner="BuiltIn">
<msg time="2024-08-03T07:13:29.022965" level="INFO">{'results': [{'gender': 'female', 'name': {'title': 'Mrs', 'first': 'Kristin', 'last': 'Lowe'}, 'location': {'street': {'number': 2547, 'name': 'Camden Ave'}, 'city': 'Redding', 'state': 'Alabama', 'country': 'United States', 'postcode': 61109, 'coordinates': {'latitude': '89.3791', 'longitude': '160.2003'}, 'timezone': {'offset': '-6:00', 'description': 'Central Time (US &amp; Canada), Mexico City'}}, 'email': 'kristin.lowe@example.com', 'login': {'uuid': '889341b0-95bc-442a-a93e-29fb1c9289d3', 'username': 'tinycat621', 'password': 'capslock', 'salt': 'uTVqkMyK', 'md5': '0444ba81fd9e1c1cae6f14727211861c', 'sha1': '0233e73702503b1ac467dab2ce05587a39f9e2a1', 'sha256': '897f03f8acacc3ad3eadbf25e86858a5245a8a041a05624e587913a24c970487'}, 'dob': {'date': '1999-07-07T12:36:49.311Z', 'age': 25}, 'registered': {'date': '2017-03-31T03:45:04.902Z', 'age': 7}, 'phone': '(851) 658-2083', 'cell': '(432) 897-4916', 'id': {'name': 'SSN', 'value': '464-73-6775'}, 'picture': {'large': 'https://randomuser.me/api/portraits/women/10.jpg', 'medium': 'https://randomuser.me/api/portraits/med/women/10.jpg', 'thumbnail': 'https://randomuser.me/api/portraits/thumb/women/10.jpg'}, 'nat': 'US'}], 'info': {'seed': '9e2d3cb6b83d50de', 'results': 1, 'page': 1, 'version': '1.4'}}</msg>
<arg>${json_data}</arg>
<doc>Logs the given message with the given level.</doc>
<status status="PASS" start="2024-08-03T07:13:29.022808" elapsed="0.000206"/>
</kw>
<kw name="Should Be Equal As Numbers" owner="BuiltIn">
<arg>${json_data['results'][0]['location']['postcode']}</arg>
<arg>${json_data['results'][0]['location']['postcode']}</arg>
<doc>Fails if objects are unequal after converting them to real numbers.</doc>
<status status="PASS" start="2024-08-03T07:13:29.023305" elapsed="0.000607"/>
</kw>
<kw name="Log" owner="BuiltIn">
<msg time="2024-08-03T07:13:29.024478" level="INFO">61109</msg>
<arg>${json_data['results'][0]['location']['postcode']}</arg>
<doc>Logs the given message with the given level.</doc>
<status status="PASS" start="2024-08-03T07:13:29.024101" elapsed="0.000450"/>
</kw>
<status status="PASS" start="2024-08-03T07:13:28.878064" elapsed="0.146744"/>
</kw>
<doc>Testa se os tipos de dados na resposta da API estão corretos.</doc>
<tag>testeTiposDados</tag>
<status status="PASS" start="2024-08-03T07:13:28.753442" elapsed="0.271526"/>
</test>
<test id="s1-s1-t5" name="Validar conteudo" line="35">
<kw name="Teste de Tipos de Conteudo" owner="random-user-service">
<kw name="GET On Session" owner="RequestsLibrary">
<msg time="2024-08-03T07:13:29.124260" level="INFO">GET Request : url=https://randomuser.me/api 
 path_url=/api 
 headers={'User-Agent': 'python-requests/2.32.3', 'Accept-Encoding': 'gzip, deflate', 'Accept': '*/*', 'Connection': 'keep-alive'} 
 body=None 
 </msg>
<msg time="2024-08-03T07:13:29.124342" level="INFO">GET Response : url=https://randomuser.me/api 
 status=200, reason=OK 
 headers={'Date': 'Sat, 03 Aug 2024 07:13:29 GMT', 'Content-Type': 'application/json; charset=utf-8', 'Transfer-Encoding': 'chunked', 'Connection': 'keep-alive', 'X-Powered-By': 'Express', 'Access-Control-Allow-Origin': '*', 'Cache-Control': 'no-cache', 'ETag': 'W/"483-u6POnc7bh21LEg87kxlHAss3m94"', 'Vary': 'Accept-Encoding', 'Content-Encoding': 'gzip', 'CF-Cache-Status': 'DYNAMIC', 'Report-To': '{"endpoints":[{"url":"https:\\/\\/a.nel.cloudflare.com\\/report\\/v4?s=g3GkyaEwkMAPKmsxqfiN3a9wZ%2BzozB2DDCsmIhQUadv7KK7bqa3qM6rZVY%2Fg8e6zEpbpZk%2B%2BTzlQLH3mY8iIBQe5kzZOMCPDcex7pvSnjqnN%2FoUaA%2Bj977Vg3hZl%2BtfW"}],"group":"cf-nel","max_age":604800}', 'NEL': '{"success_fraction":0,"report_to":"cf-nel","max_age":604800}', 'Server': 'cloudflare', 'CF-RAY': '8ad4815c6f799450-SJC', 'alt-svc': 'h3=":443"; ma=86400'} 
 body={"results":[{"gender":"female","name":{"title":"Ms","first":"Ella","last":"Jones"},"location":{"street":{"number":2513,"name":"Church Road"},"city":"Navan","state":"Longford","country":"Ireland","postcode":50447,"coordinates":{"latitude":"2.6825","longitude":"47.1173"},"timezone":{"offset":"+1:00","description":"Brussels, Copenhagen, Madrid, Paris"}},"email":"ella.jones@example.com","login":{"uuid":"57b741a9-7166-4865-87ac-8143f31dcce6","username":"silverlion201","password":"nokia","salt":"exxHxwID","md5":"c85daf9d074c05f1a65c95ebe7484f23","sha1":"d1c916e84d2ced212043fd6341998a7f2354da17","sha256":"8ec61472374cdb4d8cba204047c44132f3f0726e4fdce408ff66653c20a1f34b"},"dob":{"date":"1962-03-01T17:29:58.200Z","age":62},"registered":{"date":"2006-06-08T09:33:19.939Z","age":18},"phone":"021-087-8941","cell":"081-450-6327","id":{"name":"PPS","value":"1406152T"},"picture":{"large":"https://randomuser.me/api/portraits/women/92.jpg","medium":"https://randomuser.me/api/portraits/med/women/92.jpg","thumbnail":"https://randomuser.me/api/portraits/thumb/women/92.jpg"},"nat":"IE"}],"info":{"seed":"513b53aaa789e529","results":1,"page":1,"version":"1.4"}} 
 </msg>
<msg time="2024-08-03T07:13:29.124414" level="INFO">/opt/hostedtoolcache/Python/3.12.4/x64/lib/python3.12/site-packages/urllib3/connectionpool.py:1099: InsecureRequestWarning: Unverified HTTPS request is being made to host 'randomuser.me'. Adding certificate verification is strongly advised. See: https://urllib3.readthedocs.io/en/latest/advanced-usage.html#tls-warnings
  warnings.warn(</msg>
<msg time="2024-08-03T07:13:29.124511" level="INFO">${response} = &lt;Response [200]&gt;</msg>
<var>${response}</var>
<arg>consultarAPI</arg>
<arg>/api</arg>
<doc>Sends a GET request on a previously created HTTP Session.</doc>
<status status="PASS" start="2024-08-03T07:13:29.027404" elapsed="0.097146"/>
</kw>
<kw name="Set Variable" owner="BuiltIn">
<msg time="2024-08-03T07:13:29.125561" level="INFO">${json_data} = {'results': [{'gender': 'female', 'name': {'title': 'Ms', 'first': 'Ella', 'last': 'Jones'}, 'location': {'street': {'number': 2513, 'name': 'Church Road'}, 'city': 'Navan', 'state': 'Longford', 'coun...</msg>
<var>${json_data}</var>
<arg>${response.json()}</arg>
<doc>Returns the given values which can then be assigned to a variables.</doc>
<status status="PASS" start="2024-08-03T07:13:29.124992" elapsed="0.000598"/>
</kw>
<kw name="Set Variable" owner="BuiltIn">
<msg time="2024-08-03T07:13:29.126273" level="INFO">${name_title} = Ms</msg>
<var>${name_title}</var>
<arg>${json_data["results"][0]["name"]["title"]}</arg>
<doc>Returns the given values which can then be assigned to a variables.</doc>
<status status="PASS" start="2024-08-03T07:13:29.125896" elapsed="0.000402"/>
</kw>
<kw name="Create List" owner="BuiltIn">
<msg time="2024-08-03T07:13:29.126736" level="INFO">${allowed_titles} = ['Mr', 'Ms', 'Miss', 'Mrs', 'Madame', 'Monsieur']</msg>
<var>${allowed_titles}</var>
<arg>Mr</arg>
<arg>Ms</arg>
<arg>Miss</arg>
<arg>Mrs</arg>
<arg>Madame</arg>
<arg>Monsieur</arg>
<doc>Returns a list containing given items.</doc>
<status status="PASS" start="2024-08-03T07:13:29.126590" elapsed="0.000171"/>
</kw>
<kw name="List Should Contain Value" owner="Collections">
<arg>${allowed_titles}</arg>
<arg>${name_title}</arg>
<doc>Fails if the ``value`` is not found from ``list``.</doc>
<status status="PASS" start="2024-08-03T07:13:29.127055" elapsed="0.000178"/>
</kw>
<kw name="Set Variable" owner="BuiltIn">
<msg time="2024-08-03T07:13:29.127781" level="INFO">${name_country} = IE</msg>
<var>${name_country}</var>
<arg>${json_data["results"][0]["nat"]}</arg>
<doc>Returns the given values which can then be assigned to a variables.</doc>
<status status="PASS" start="2024-08-03T07:13:29.127409" elapsed="0.000397"/>
</kw>
<kw name="Create List" owner="BuiltIn">
<msg time="2024-08-03T07:13:29.128722" level="INFO">${list_country} = ['AD', 'AE', 'AF', 'AG', 'AI', 'AL', 'AM', 'AO', 'AQ', 'AR', 'AS', 'AT', 'AU', 'AW', 'AX', 'AZ', 'BA', 'BB', 'BD', 'BE', 'BF', 'BG', 'BH', 'BI', 'BJ', 'BL', 'BM', 'BN', 'BO', 'BQ', 'BR', 'BS', 'BT', '...</msg>
<var>${list_country}</var>
<arg>AD</arg>
<arg>AE</arg>
<arg>AF</arg>
<arg>AG</arg>
<arg>AI</arg>
<arg>AL</arg>
<arg>AM</arg>
<arg>AO</arg>
<arg>AQ</arg>
<arg>AR</arg>
<arg>AS</arg>
<arg>AT</arg>
<arg>AU</arg>
<arg>AW</arg>
<arg>AX</arg>
<arg>AZ</arg>
<arg>BA</arg>
<arg>BB</arg>
<arg>BD</arg>
<arg>BE</arg>
<arg>BF</arg>
<arg>BG</arg>
<arg>BH</arg>
<arg>BI</arg>
<arg>BJ</arg>
<arg>BL</arg>
<arg>BM</arg>
<arg>BN</arg>
<arg>BO</arg>
<arg>BQ</arg>
<arg>BR</arg>
<arg>BS</arg>
<arg>BT</arg>
<arg>BV</arg>
<arg>BW</arg>
<arg>BY</arg>
<arg>BZ</arg>
<arg>CA</arg>
<arg>CC</arg>
<arg>CD</arg>
<arg>CF</arg>
<arg>CG</arg>
<arg>CH</arg>
<arg>CI</arg>
<arg>CK</arg>
<arg>CL</arg>
<arg>CM</arg>
<arg>CN</arg>
<arg>CO</arg>
<arg>CR</arg>
<arg>CU</arg>
<arg>CV</arg>
<arg>CW</arg>
<arg>CX</arg>
<arg>CY</arg>
<arg>CZ</arg>
<arg>DE</arg>
<arg>DJ</arg>
<arg>DK</arg>
<arg>DM</arg>
<arg>DO</arg>
<arg>DZ</arg>
<arg>EC</arg>
<arg>EE</arg>
<arg>EG</arg>
<arg>EH</arg>
<arg>ER</arg>
<arg>ES</arg>
<arg>ET</arg>
<arg>FI</arg>
<arg>FJ</arg>
<arg>FK</arg>
<arg>FM</arg>
<arg>FO</arg>
<arg>FR</arg>
<arg>GA</arg>
<arg>GB</arg>
<arg>GD</arg>
<arg>GE</arg>
<arg>GF</arg>
<arg>GG</arg>
<arg>GH</arg>
<arg>GI</arg>
<arg>GL</arg>
<arg>GM</arg>
<arg>GN</arg>
<arg>GP</arg>
<arg>GQ</arg>
<arg>GR</arg>
<arg>GS</arg>
<arg>GT</arg>
<arg>GU</arg>
<arg>GW</arg>
<arg>GY</arg>
<arg>HK</arg>
<arg>HM</arg>
<arg>HN</arg>
<arg>HR</arg>
<arg>HT</arg>
<arg>HU</arg>
<arg>ID</arg>
<arg>IE</arg>
<arg>IL</arg>
<arg>IM</arg>
<arg>IN</arg>
<arg>IO</arg>
<arg>IQ</arg>
<arg>IR</arg>
<arg>IS</arg>
<arg>IT</arg>
<arg>JE</arg>
<arg>JM</arg>
<arg>JO</arg>
<arg>JP</arg>
<arg>KE</arg>
<arg>KG</arg>
<arg>KH</arg>
<arg>KI</arg>
<arg>KM</arg>
<arg>KN</arg>
<arg>KP</arg>
<arg>KR</arg>
<arg>KW</arg>
<arg>KY</arg>
<arg>KZ</arg>
<arg>LA</arg>
<arg>LB</arg>
<arg>LC</arg>
<arg>LI</arg>
<arg>LK</arg>
<arg>LR</arg>
<arg>LS</arg>
<arg>LT</arg>
<arg>LU</arg>
<arg>LV</arg>
<arg>LY</arg>
<arg>MA</arg>
<arg>MC</arg>
<arg>MD</arg>
<arg>ME</arg>
<arg>MF</arg>
<arg>MG</arg>
<arg>MH</arg>
<arg>MK</arg>
<arg>ML</arg>
<arg>MM</arg>
<arg>MN</arg>
<arg>MO</arg>
<arg>MP</arg>
<arg>MQ</arg>
<arg>MR</arg>
<arg>MS</arg>
<arg>MT</arg>
<arg>MU</arg>
<arg>MV</arg>
<arg>MW</arg>
<arg>MX</arg>
<arg>MY</arg>
<arg>MZ</arg>
<arg>NA</arg>
<arg>NC</arg>
<arg>NE</arg>
<arg>NF</arg>
<arg>NG</arg>
<arg>NI</arg>
<arg>NL</arg>
<arg>NO</arg>
<arg>NP</arg>
<arg>NR</arg>
<arg>NU</arg>
<arg>NZ</arg>
<arg>OM</arg>
<arg>PA</arg>
<arg>PE</arg>
<arg>PF</arg>
<arg>PG</arg>
<arg>PH</arg>
<arg>PK</arg>
<arg>PL</arg>
<arg>PM</arg>
<arg>PN</arg>
<arg>PR</arg>
<arg>PS</arg>
<arg>PT</arg>
<arg>PW</arg>
<arg>PY</arg>
<arg>QA</arg>
<arg>RE</arg>
<arg>RO</arg>
<arg>RS</arg>
<arg>RU</arg>
<arg>RW</arg>
<arg>SA</arg>
<arg>SB</arg>
<arg>SC</arg>
<arg>SD</arg>
<arg>SE</arg>
<arg>SG</arg>
<arg>SH</arg>
<arg>SI</arg>
<arg>SJ</arg>
<arg>SK</arg>
<arg>SL</arg>
<arg>SM</arg>
<arg>SN</arg>
<arg>SO</arg>
<arg>SR</arg>
<arg>SS</arg>
<arg>ST</arg>
<arg>SV</arg>
<arg>SX</arg>
<arg>SY</arg>
<arg>SZ</arg>
<arg>TC</arg>
<arg>TD</arg>
<arg>TF</arg>
<arg>TG</arg>
<arg>TH</arg>
<arg>TJ</arg>
<arg>TK</arg>
<arg>TL</arg>
<arg>TM</arg>
<arg>TN</arg>
<arg>TO</arg>
<arg>TR</arg>
<arg>TT</arg>
<arg>TV</arg>
<arg>TW</arg>
<arg>TZ</arg>
<arg>UA</arg>
<arg>UG</arg>
<arg>UM</arg>
<arg>US</arg>
<arg>UY</arg>
<arg>UZ</arg>
<arg>VA</arg>
<arg>VC</arg>
<arg>VE</arg>
<arg>VG</arg>
<arg>VI</arg>
<arg>VN</arg>
<arg>VU</arg>
<arg>WF</arg>
<arg>WS</arg>
<arg>XK</arg>
<arg>YE</arg>
<arg>YT</arg>
<arg>ZA</arg>
<arg>ZM</arg>
<arg>ZW</arg>
<doc>Returns a list containing given items.</doc>
<status status="PASS" start="2024-08-03T07:13:29.128091" elapsed="0.000658"/>
</kw>
<kw name="List Should Contain Value" owner="Collections">
<arg>${list_country}</arg>
<arg>${name_country}</arg>
<doc>Fails if the ``value`` is not found from ``list``.</doc>
<status status="PASS" start="2024-08-03T07:13:29.129680" elapsed="0.000208"/>
</kw>
<kw name="Run Keyword If" owner="BuiltIn">
<kw name="Should Be True" owner="BuiltIn">
<arg>${True}</arg>
<doc>Fails if the given condition is not true.</doc>
<status status="PASS" start="2024-08-03T07:13:29.130810" elapsed="0.000139"/>
</kw>
<arg>${json_data["results"][0]["location"]["coordinates"]["latitude"]} &gt;= -90 and ${json_data["results"][0]["location"]["coordinates"]["latitude"]} &lt;= 90</arg>
<arg>Should Be True</arg>
<arg>${True}</arg>
<doc>Runs the given keyword with the given arguments, if ``condition`` is true.</doc>
<status status="PASS" start="2024-08-03T07:13:29.130084" elapsed="0.000988"/>
</kw>
<kw name="Run Keyword If" owner="BuiltIn">
<kw name="Should Be True" owner="BuiltIn">
<arg>${True}</arg>
<doc>Fails if the given condition is not true.</doc>
<status status="PASS" start="2024-08-03T07:13:29.131948" elapsed="0.000133"/>
</kw>
<arg>${json_data["results"][0]["location"]["coordinates"]["longitude"]} &gt;= -180 and ${json_data["results"][0]["location"]["coordinates"]["longitude"]} &lt;= 180</arg>
<arg>Should Be True</arg>
<arg>${True}</arg>
<doc>Runs the given keyword with the given arguments, if ``condition`` is true.</doc>
<status status="PASS" start="2024-08-03T07:13:29.131248" elapsed="0.000980"/>
</kw>
<status status="PASS" start="2024-08-03T07:13:29.027189" elapsed="0.105166"/>
</kw>
<doc>Testa o conteúdo específico dos campos retornados pela API.</doc>
<tag>testeConteudo</tag>
<status status="PASS" start="2024-08-03T07:13:29.026670" elapsed="0.105825"/>
</test>
<status status="PASS" start="2024-08-03T07:13:28.102006" elapsed="1.032387"/>
</suite>
<status status="PASS" start="2024-08-03T07:13:28.087760" elapsed="1.051781"/>
</suite>
<statistics>
<total>
<stat pass="5" fail="0" skip="0">All Tests</stat>
</total>
<tag>
<stat pass="1" fail="0" skip="0">testeConteudo</stat>
<stat pass="1" fail="0" skip="0">testeEstruturaResposta</stat>
<stat pass="1" fail="0" skip="0">testeRequisicaoBasica</stat>
<stat pass="1" fail="0" skip="0">testeTiposDados</stat>
</tag>
<suite>
<stat pass="5" fail="0" skip="0" id="s1" name="Tests">Tests</stat>
<stat pass="5" fail="0" skip="0" id="s1-s1" name="Random-User-Test">Tests.Random-User-Test</stat>
</suite>
</statistics>
<errors>
</errors>
</robot>
