<?xml version="1.0" encoding="UTF-8"?>
<robot generator="Robot 7.0.1 (Python 3.12.4 on linux)" generated="2024-06-22T18:18:36.195397" rpa="false" schemaversion="5">
<suite id="s1" name="Tests" source="/home/runner/work/ApiRandomUser/ApiRandomUser/RamdonUser/tests">
<suite id="s1-s1" name="Random-User-Test" source="/home/runner/work/ApiRandomUser/ApiRandomUser/RamdonUser/tests/random-user-test.robot">
<test id="s1-s1-t1" name="Conectar" line="13">
<kw name="Conectar API" owner="random-user-service">
<kw name="Create Session" owner="RequestsLibrary">
<msg time="2024-06-22T18:18:36.604281" level="INFO">Creating Session using : alias=consultarAPI, url=https://randomuser.me/, headers={},                     cookies={}, auth=None, timeout=None, proxies=None, verify=False,                     debug=0 </msg>
<arg>consultarAPI</arg>
<arg>${URL}</arg>
<doc>Create Session: create a HTTP session to a server</doc>
<status status="PASS" start="2024-06-22T18:18:36.604080" elapsed="0.000362"/>
</kw>
<status status="PASS" start="2024-06-22T18:18:36.603137" elapsed="0.001650"/>
</kw>
<status status="PASS" start="2024-06-22T18:18:36.602623" elapsed="0.002355"/>
</test>
<test id="s1-s1-t2" name="Validar retorno 200 e JSON Válido" line="16">
<kw name="Teste de Requisicao Basica" owner="random-user-service">
<kw name="GET On Session" owner="RequestsLibrary">
<msg time="2024-06-22T18:18:36.761120" level="INFO">GET Request : url=https://randomuser.me/api 
 path_url=/api 
 headers={'User-Agent': 'python-requests/2.32.3', 'Accept-Encoding': 'gzip, deflate', 'Accept': '*/*', 'Connection': 'keep-alive'} 
 body=None 
 </msg>
<msg time="2024-06-22T18:18:36.761279" level="INFO">GET Response : url=https://randomuser.me/api 
 status=200, reason=OK 
 headers={'Date': 'Sat, 22 Jun 2024 18:18:36 GMT', 'Content-Type': 'application/json; charset=utf-8', 'Transfer-Encoding': 'chunked', 'Connection': 'keep-alive', 'X-Powered-By': 'Express', 'Access-Control-Allow-Origin': '*', 'Cache-Control': 'no-cache', 'ETag': 'W/"499-3QOg4YU3Nbthe/3esBh3M9XI5yg"', 'Vary': 'Accept-Encoding', 'Content-Encoding': 'gzip', 'CF-Cache-Status': 'DYNAMIC', 'Report-To': '{"endpoints":[{"url":"https:\\/\\/a.nel.cloudflare.com\\/report\\/v4?s=bz5x%2BndwMXNfI4GMongDsy1PB64PN9uzA4X%2BBomUBNjfI9tTCOsg4B8e6w%2Fmnzxz12m9NHAXnYNyHCUxYf9rAgJ3U%2FWJZ4NTu0drwqJMnndyg00DuDXSagIgvn128hZ%2B"}],"group":"cf-nel","max_age":604800}', 'NEL': '{"success_fraction":0,"report_to":"cf-nel","max_age":604800}', 'Server': 'cloudflare', 'CF-RAY': '897e3deb187e08c6-LAX', 'alt-svc': 'h3=":443"; ma=86400'} 
 body={"results":[{"gender":"female","name":{"title":"Miss","first":"Laura","last":"Santillán"},"location":{"street":{"number":9409,"name":"Circuito Rwanda"},"city":"Ixtepec","state":"Puebla","country":"Mexico","postcode":39506,"coordinates":{"latitude":"28.6293","longitude":"108.3893"},"timezone":{"offset":"-7:00","description":"Mountain Time (US &amp; Canada)"}},"email":"laura.santillan@example.com","login":{"uuid":"8d33f66a-55f1-403a-b335-73a605a3333b","username":"goldenladybug315","password":"calvin","salt":"v0ecoQol","md5":"f6bf7cba5d6cd8d5b8b8171094974899","sha1":"84b8d686e0996f884763fea7f87fcf28336eb211","sha256":"946105337e09d8b78ceb0465b3a02a938f695a818062ecaed0a2d04075016e28"},"dob":{"date":"1982-03-12T07:40:50.108Z","age":42},"registered":{"date":"2010-08-22T13:37:44.798Z","age":13},"phone":"(636) 222 2631","cell":"(634) 629 1500","id":{"name":"NSS","value":"99 96 80 4302 8"},"picture":{"large":"https://randomuser.me/api/portraits/women/2.jpg","medium":"https://randomuser.me/api/portraits/med/women/2.jpg","thumbnail":"https://randomuser.me/api/portraits/thumb/women/2.jpg"},"nat":"MX"}],"info":{"seed":"5a6e86aeb12ebae7","results":1,"page":1,"version":"1.4"}} 
 </msg>
<msg time="2024-06-22T18:18:36.761370" level="INFO">/opt/hostedtoolcache/Python/3.12.4/x64/lib/python3.12/site-packages/urllib3/connectionpool.py:1099: InsecureRequestWarning: Unverified HTTPS request is being made to host 'randomuser.me'. Adding certificate verification is strongly advised. See: https://urllib3.readthedocs.io/en/latest/advanced-usage.html#tls-warnings
  warnings.warn(</msg>
<msg time="2024-06-22T18:18:36.761545" level="INFO">${response} = &lt;Response [200]&gt;</msg>
<var>${response}</var>
<arg>consultarAPI</arg>
<arg>/api</arg>
<doc>Sends a GET request on a previously created HTTP Session.</doc>
<status status="PASS" start="2024-06-22T18:18:36.607678" elapsed="0.153910"/>
</kw>
<kw name="Should Be Equal As Numbers" owner="BuiltIn">
<msg time="2024-06-22T18:18:36.762723" level="INFO">Argument types are:
&lt;class 'int'&gt;
&lt;class 'str'&gt;</msg>
<arg>${response.status_code}</arg>
<arg>200</arg>
<doc>Fails if objects are unequal after converting them to real numbers.</doc>
<status status="PASS" start="2024-06-22T18:18:36.762248" elapsed="0.000548"/>
</kw>
<kw name="Log" owner="BuiltIn">
<msg time="2024-06-22T18:18:36.763572" level="INFO">200</msg>
<arg>${response.status_code}</arg>
<doc>Logs the given message with the given level.</doc>
<status status="PASS" start="2024-06-22T18:18:36.763144" elapsed="0.000489"/>
</kw>
<kw name="Set Variable" owner="BuiltIn">
<msg time="2024-06-22T18:18:36.764422" level="INFO">${json_data} = {'results': [{'gender': 'female', 'name': {'title': 'Miss', 'first': 'Laura', 'last': 'Santillán'}, 'location': {'street': {'number': 9409, 'name': 'Circuito Rwanda'}, 'city': 'Ixtepec', 'state': 'Pue...</msg>
<var>${json_data}</var>
<arg>${response.json()}</arg>
<doc>Returns the given values which can then be assigned to a variables.</doc>
<status status="PASS" start="2024-06-22T18:18:36.763964" elapsed="0.000488"/>
</kw>
<kw name="Dictionary Should Contain Key" owner="Collections">
<arg>${json_data}</arg>
<arg>results</arg>
<doc>Fails if ``key`` is not found from ``dictionary``.</doc>
<status status="PASS" start="2024-06-22T18:18:36.764759" elapsed="0.000170"/>
</kw>
<status status="PASS" start="2024-06-22T18:18:36.607428" elapsed="0.157654"/>
</kw>
<doc>Testa se a API responde corretamente e retorna um objeto JSON válido.</doc>
<tag>testeRequisicaoBasica</tag>
<status status="PASS" start="2024-06-22T18:18:36.606852" elapsed="0.158408"/>
</test>
<test id="s1-s1-t3" name="Validar estrutura de resposta" line="22">
<kw name="Teste de Estrutura de Resposta" owner="random-user-service">
<kw name="GET On Session" owner="RequestsLibrary">
<msg time="2024-06-22T18:18:36.893082" level="INFO">GET Request : url=https://randomuser.me/api 
 path_url=/api 
 headers={'User-Agent': 'python-requests/2.32.3', 'Accept-Encoding': 'gzip, deflate', 'Accept': '*/*', 'Connection': 'keep-alive'} 
 body=None 
 </msg>
<msg time="2024-06-22T18:18:36.893172" level="INFO">GET Response : url=https://randomuser.me/api 
 status=200, reason=OK 
 headers={'Date': 'Sat, 22 Jun 2024 18:18:36 GMT', 'Content-Type': 'application/json; charset=utf-8', 'Transfer-Encoding': 'chunked', 'Connection': 'keep-alive', 'X-Powered-By': 'Express', 'Access-Control-Allow-Origin': '*', 'Cache-Control': 'no-cache', 'ETag': 'W/"46c-1NNXhFIkSDTmgw9ef3G/chMfpH4"', 'Vary': 'Accept-Encoding', 'Content-Encoding': 'gzip', 'CF-Cache-Status': 'DYNAMIC', 'Report-To': '{"endpoints":[{"url":"https:\\/\\/a.nel.cloudflare.com\\/report\\/v4?s=WOhzY17ic3Xu2yIAJ6uv1EDgrf4ZSjFDImPVZKyrvsZ6Ytj3lv3hVEazCpvp86iFv0PKm7lJa9eVpVRGceqbWJjh7L4ksJlI00bPAEe3f6all1clK%2F4ecHy7QUNGZonJ"}],"group":"cf-nel","max_age":604800}', 'NEL': '{"success_fraction":0,"report_to":"cf-nel","max_age":604800}', 'Server': 'cloudflare', 'CF-RAY': '897e3debd93208c6-LAX', 'alt-svc': 'h3=":443"; ma=86400'} 
 body={"results":[{"gender":"female","name":{"title":"Miss","first":"Molly","last":"Harris"},"location":{"street":{"number":4656,"name":"Karamu Road"},"city":"Blenheim","state":"Otago","country":"New Zealand","postcode":54175,"coordinates":{"latitude":"55.1630","longitude":"80.5644"},"timezone":{"offset":"-10:00","description":"Hawaii"}},"email":"molly.harris@example.com","login":{"uuid":"b4417619-7152-456c-9041-a0dfa795b174","username":"bigmouse124","password":"coochie","salt":"etlvAXeb","md5":"173110569a78366332e0c8e1b29428b7","sha1":"563de53671db977f6619bc949fceb00a32c198d8","sha256":"089ce1ffe50c9d79cf89c3b4597916d899281076e1d737f50e030822c89059b1"},"dob":{"date":"1990-11-15T02:17:43.911Z","age":33},"registered":{"date":"2021-12-10T12:13:24.697Z","age":2},"phone":"(453)-704-2970","cell":"(843)-377-3098","id":{"name":"","value":null},"picture":{"large":"https://randomuser.me/api/portraits/women/63.jpg","medium":"https://randomuser.me/api/portraits/med/women/63.jpg","thumbnail":"https://randomuser.me/api/portraits/thumb/women/63.jpg"},"nat":"NZ"}],"info":{"seed":"acd1bafa895af3be","results":1,"page":1,"version":"1.4"}} 
 </msg>
<msg time="2024-06-22T18:18:36.893304" level="INFO">/opt/hostedtoolcache/Python/3.12.4/x64/lib/python3.12/site-packages/urllib3/connectionpool.py:1099: InsecureRequestWarning: Unverified HTTPS request is being made to host 'randomuser.me'. Adding certificate verification is strongly advised. See: https://urllib3.readthedocs.io/en/latest/advanced-usage.html#tls-warnings
  warnings.warn(</msg>
<msg time="2024-06-22T18:18:36.893434" level="INFO">${response} = &lt;Response [200]&gt;</msg>
<var>${response}</var>
<arg>consultarAPI</arg>
<arg>/api</arg>
<doc>Sends a GET request on a previously created HTTP Session.</doc>
<status status="PASS" start="2024-06-22T18:18:36.767979" elapsed="0.125506"/>
</kw>
<kw name="Set Variable" owner="BuiltIn">
<msg time="2024-06-22T18:18:36.894380" level="INFO">${json_data} = {'results': [{'gender': 'female', 'name': {'title': 'Miss', 'first': 'Molly', 'last': 'Harris'}, 'location': {'street': {'number': 4656, 'name': 'Karamu Road'}, 'city': 'Blenheim', 'state': 'Otago', '...</msg>
<var>${json_data}</var>
<arg>${response.json()}</arg>
<doc>Returns the given values which can then be assigned to a variables.</doc>
<status status="PASS" start="2024-06-22T18:18:36.893906" elapsed="0.000502"/>
</kw>
<kw name="Log" owner="BuiltIn">
<msg time="2024-06-22T18:18:36.894880" level="INFO">{'results': [{'gender': 'female', 'name': {'title': 'Miss', 'first': 'Molly', 'last': 'Harris'}, 'location': {'street': {'number': 4656, 'name': 'Karamu Road'}, 'city': 'Blenheim', 'state': 'Otago', 'country': 'New Zealand', 'postcode': 54175, 'coordinates': {'latitude': '55.1630', 'longitude': '80.5644'}, 'timezone': {'offset': '-10:00', 'description': 'Hawaii'}}, 'email': 'molly.harris@example.com', 'login': {'uuid': 'b4417619-7152-456c-9041-a0dfa795b174', 'username': 'bigmouse124', 'password': 'coochie', 'salt': 'etlvAXeb', 'md5': '173110569a78366332e0c8e1b29428b7', 'sha1': '563de53671db977f6619bc949fceb00a32c198d8', 'sha256': '089ce1ffe50c9d79cf89c3b4597916d899281076e1d737f50e030822c89059b1'}, 'dob': {'date': '1990-11-15T02:17:43.911Z', 'age': 33}, 'registered': {'date': '2021-12-10T12:13:24.697Z', 'age': 2}, 'phone': '(453)-704-2970', 'cell': '(843)-377-3098', 'id': {'name': '', 'value': None}, 'picture': {'large': 'https://randomuser.me/api/portraits/women/63.jpg', 'medium': 'https://randomuser.me/api/portraits/med/women/63.jpg', 'thumbnail': 'https://randomuser.me/api/portraits/thumb/women/63.jpg'}, 'nat': 'NZ'}], 'info': {'seed': 'acd1bafa895af3be', 'results': 1, 'page': 1, 'version': '1.4'}}</msg>
<arg>${json_data}</arg>
<doc>Logs the given message with the given level.</doc>
<status status="PASS" start="2024-06-22T18:18:36.894721" elapsed="0.000207"/>
</kw>
<kw name="Dictionary Should Contain Key" owner="Collections">
<arg>${json_data}</arg>
<arg>results</arg>
<doc>Fails if ``key`` is not found from ``dictionary``.</doc>
<status status="PASS" start="2024-06-22T18:18:36.895222" elapsed="0.000198"/>
</kw>
<kw name="Should Not Be Empty" owner="BuiltIn">
<msg time="2024-06-22T18:18:36.895737" level="INFO">Length is 2.</msg>
<arg>${json_data}</arg>
<doc>Verifies that the given item is not empty.</doc>
<status status="PASS" start="2024-06-22T18:18:36.895612" elapsed="0.000163"/>
</kw>
<kw name="Create List" owner="BuiltIn">
<msg time="2024-06-22T18:18:36.896366" level="INFO">${expected_keys} = ['gender', 'name', 'location', 'email', 'login']</msg>
<var>${expected_keys}</var>
<arg>gender</arg>
<arg>name</arg>
<arg>location</arg>
<arg>email</arg>
<arg>login</arg>
<doc>Returns a list containing given items.</doc>
<status status="PASS" start="2024-06-22T18:18:36.896063" elapsed="0.000328"/>
</kw>
<for flavor="IN">
<iter>
<kw name="Dictionary Should Contain Key" owner="Collections">
<arg>${json_data['results'][0]}</arg>
<arg>${key}</arg>
<doc>Fails if ``key`` is not found from ``dictionary``.</doc>
<status status="PASS" start="2024-06-22T18:18:36.896976" elapsed="0.000408"/>
</kw>
<kw name="Log" owner="BuiltIn">
<msg time="2024-06-22T18:18:36.897928" level="INFO">{'gender': 'female', 'name': {'title': 'Miss', 'first': 'Molly', 'last': 'Harris'}, 'location': {'street': {'number': 4656, 'name': 'Karamu Road'}, 'city': 'Blenheim', 'state': 'Otago', 'country': 'New Zealand', 'postcode': 54175, 'coordinates': {'latitude': '55.1630', 'longitude': '80.5644'}, 'timezone': {'offset': '-10:00', 'description': 'Hawaii'}}, 'email': 'molly.harris@example.com', 'login': {'uuid': 'b4417619-7152-456c-9041-a0dfa795b174', 'username': 'bigmouse124', 'password': 'coochie', 'salt': 'etlvAXeb', 'md5': '173110569a78366332e0c8e1b29428b7', 'sha1': '563de53671db977f6619bc949fceb00a32c198d8', 'sha256': '089ce1ffe50c9d79cf89c3b4597916d899281076e1d737f50e030822c89059b1'}, 'dob': {'date': '1990-11-15T02:17:43.911Z', 'age': 33}, 'registered': {'date': '2021-12-10T12:13:24.697Z', 'age': 2}, 'phone': '(453)-704-2970', 'cell': '(843)-377-3098', 'id': {'name': '', 'value': None}, 'picture': {'large': 'https://randomuser.me/api/portraits/women/63.jpg', 'medium': 'https://randomuser.me/api/portraits/med/women/63.jpg', 'thumbnail': 'https://randomuser.me/api/portraits/thumb/women/63.jpg'}, 'nat': 'NZ'}</msg>
<arg>${json_data['results'][0]}</arg>
<doc>Logs the given message with the given level.</doc>
<status status="PASS" start="2024-06-22T18:18:36.897572" elapsed="0.000406"/>
</kw>
<kw name="Log" owner="BuiltIn">
<msg time="2024-06-22T18:18:36.898407" level="INFO">gender</msg>
<arg>${key}</arg>
<doc>Logs the given message with the given level.</doc>
<status status="PASS" start="2024-06-22T18:18:36.898278" elapsed="0.000167"/>
</kw>
<var name="${key}">gender</var>
<status status="PASS" start="2024-06-22T18:18:36.896852" elapsed="0.001820"/>
</iter>
<iter>
<kw name="Dictionary Should Contain Key" owner="Collections">
<arg>${json_data['results'][0]}</arg>
<arg>${key}</arg>
<doc>Fails if ``key`` is not found from ``dictionary``.</doc>
<status status="PASS" start="2024-06-22T18:18:36.898973" elapsed="0.000407"/>
</kw>
<kw name="Log" owner="BuiltIn">
<msg time="2024-06-22T18:18:36.899931" level="INFO">{'gender': 'female', 'name': {'title': 'Miss', 'first': 'Molly', 'last': 'Harris'}, 'location': {'street': {'number': 4656, 'name': 'Karamu Road'}, 'city': 'Blenheim', 'state': 'Otago', 'country': 'New Zealand', 'postcode': 54175, 'coordinates': {'latitude': '55.1630', 'longitude': '80.5644'}, 'timezone': {'offset': '-10:00', 'description': 'Hawaii'}}, 'email': 'molly.harris@example.com', 'login': {'uuid': 'b4417619-7152-456c-9041-a0dfa795b174', 'username': 'bigmouse124', 'password': 'coochie', 'salt': 'etlvAXeb', 'md5': '173110569a78366332e0c8e1b29428b7', 'sha1': '563de53671db977f6619bc949fceb00a32c198d8', 'sha256': '089ce1ffe50c9d79cf89c3b4597916d899281076e1d737f50e030822c89059b1'}, 'dob': {'date': '1990-11-15T02:17:43.911Z', 'age': 33}, 'registered': {'date': '2021-12-10T12:13:24.697Z', 'age': 2}, 'phone': '(453)-704-2970', 'cell': '(843)-377-3098', 'id': {'name': '', 'value': None}, 'picture': {'large': 'https://randomuser.me/api/portraits/women/63.jpg', 'medium': 'https://randomuser.me/api/portraits/med/women/63.jpg', 'thumbnail': 'https://randomuser.me/api/portraits/thumb/women/63.jpg'}, 'nat': 'NZ'}</msg>
<arg>${json_data['results'][0]}</arg>
<doc>Logs the given message with the given level.</doc>
<status status="PASS" start="2024-06-22T18:18:36.899574" elapsed="0.000439"/>
</kw>
<kw name="Log" owner="BuiltIn">
<msg time="2024-06-22T18:18:36.900437" level="INFO">name</msg>
<arg>${key}</arg>
<doc>Logs the given message with the given level.</doc>
<status status="PASS" start="2024-06-22T18:18:36.900309" elapsed="0.000167"/>
</kw>
<var name="${key}">name</var>
<status status="PASS" start="2024-06-22T18:18:36.898856" elapsed="0.001834"/>
</iter>
<iter>
<kw name="Dictionary Should Contain Key" owner="Collections">
<arg>${json_data['results'][0]}</arg>
<arg>${key}</arg>
<doc>Fails if ``key`` is not found from ``dictionary``.</doc>
<status status="PASS" start="2024-06-22T18:18:36.900971" elapsed="0.000389"/>
</kw>
<kw name="Log" owner="BuiltIn">
<msg time="2024-06-22T18:18:36.901889" level="INFO">{'gender': 'female', 'name': {'title': 'Miss', 'first': 'Molly', 'last': 'Harris'}, 'location': {'street': {'number': 4656, 'name': 'Karamu Road'}, 'city': 'Blenheim', 'state': 'Otago', 'country': 'New Zealand', 'postcode': 54175, 'coordinates': {'latitude': '55.1630', 'longitude': '80.5644'}, 'timezone': {'offset': '-10:00', 'description': 'Hawaii'}}, 'email': 'molly.harris@example.com', 'login': {'uuid': 'b4417619-7152-456c-9041-a0dfa795b174', 'username': 'bigmouse124', 'password': 'coochie', 'salt': 'etlvAXeb', 'md5': '173110569a78366332e0c8e1b29428b7', 'sha1': '563de53671db977f6619bc949fceb00a32c198d8', 'sha256': '089ce1ffe50c9d79cf89c3b4597916d899281076e1d737f50e030822c89059b1'}, 'dob': {'date': '1990-11-15T02:17:43.911Z', 'age': 33}, 'registered': {'date': '2021-12-10T12:13:24.697Z', 'age': 2}, 'phone': '(453)-704-2970', 'cell': '(843)-377-3098', 'id': {'name': '', 'value': None}, 'picture': {'large': 'https://randomuser.me/api/portraits/women/63.jpg', 'medium': 'https://randomuser.me/api/portraits/med/women/63.jpg', 'thumbnail': 'https://randomuser.me/api/portraits/thumb/women/63.jpg'}, 'nat': 'NZ'}</msg>
<arg>${json_data['results'][0]}</arg>
<doc>Logs the given message with the given level.</doc>
<status status="PASS" start="2024-06-22T18:18:36.901541" elapsed="0.000396"/>
</kw>
<kw name="Log" owner="BuiltIn">
<msg time="2024-06-22T18:18:36.902355" level="INFO">location</msg>
<arg>${key}</arg>
<doc>Logs the given message with the given level.</doc>
<status status="PASS" start="2024-06-22T18:18:36.902228" elapsed="0.000165"/>
</kw>
<var name="${key}">location</var>
<status status="PASS" start="2024-06-22T18:18:36.900863" elapsed="0.001742"/>
</iter>
<iter>
<kw name="Dictionary Should Contain Key" owner="Collections">
<arg>${json_data['results'][0]}</arg>
<arg>${key}</arg>
<doc>Fails if ``key`` is not found from ``dictionary``.</doc>
<status status="PASS" start="2024-06-22T18:18:36.902887" elapsed="0.000379"/>
</kw>
<kw name="Log" owner="BuiltIn">
<msg time="2024-06-22T18:18:36.903843" level="INFO">{'gender': 'female', 'name': {'title': 'Miss', 'first': 'Molly', 'last': 'Harris'}, 'location': {'street': {'number': 4656, 'name': 'Karamu Road'}, 'city': 'Blenheim', 'state': 'Otago', 'country': 'New Zealand', 'postcode': 54175, 'coordinates': {'latitude': '55.1630', 'longitude': '80.5644'}, 'timezone': {'offset': '-10:00', 'description': 'Hawaii'}}, 'email': 'molly.harris@example.com', 'login': {'uuid': 'b4417619-7152-456c-9041-a0dfa795b174', 'username': 'bigmouse124', 'password': 'coochie', 'salt': 'etlvAXeb', 'md5': '173110569a78366332e0c8e1b29428b7', 'sha1': '563de53671db977f6619bc949fceb00a32c198d8', 'sha256': '089ce1ffe50c9d79cf89c3b4597916d899281076e1d737f50e030822c89059b1'}, 'dob': {'date': '1990-11-15T02:17:43.911Z', 'age': 33}, 'registered': {'date': '2021-12-10T12:13:24.697Z', 'age': 2}, 'phone': '(453)-704-2970', 'cell': '(843)-377-3098', 'id': {'name': '', 'value': None}, 'picture': {'large': 'https://randomuser.me/api/portraits/women/63.jpg', 'medium': 'https://randomuser.me/api/portraits/med/women/63.jpg', 'thumbnail': 'https://randomuser.me/api/portraits/thumb/women/63.jpg'}, 'nat': 'NZ'}</msg>
<arg>${json_data['results'][0]}</arg>
<doc>Logs the given message with the given level.</doc>
<status status="PASS" start="2024-06-22T18:18:36.903486" elapsed="0.000410"/>
</kw>
<kw name="Log" owner="BuiltIn">
<msg time="2024-06-22T18:18:36.904315" level="INFO">email</msg>
<arg>${key}</arg>
<doc>Logs the given message with the given level.</doc>
<status status="PASS" start="2024-06-22T18:18:36.904189" elapsed="0.000164"/>
</kw>
<var name="${key}">email</var>
<status status="PASS" start="2024-06-22T18:18:36.902780" elapsed="0.001784"/>
</iter>
<iter>
<kw name="Dictionary Should Contain Key" owner="Collections">
<arg>${json_data['results'][0]}</arg>
<arg>${key}</arg>
<doc>Fails if ``key`` is not found from ``dictionary``.</doc>
<status status="PASS" start="2024-06-22T18:18:36.904838" elapsed="0.000387"/>
</kw>
<kw name="Log" owner="BuiltIn">
<msg time="2024-06-22T18:18:36.905748" level="INFO">{'gender': 'female', 'name': {'title': 'Miss', 'first': 'Molly', 'last': 'Harris'}, 'location': {'street': {'number': 4656, 'name': 'Karamu Road'}, 'city': 'Blenheim', 'state': 'Otago', 'country': 'New Zealand', 'postcode': 54175, 'coordinates': {'latitude': '55.1630', 'longitude': '80.5644'}, 'timezone': {'offset': '-10:00', 'description': 'Hawaii'}}, 'email': 'molly.harris@example.com', 'login': {'uuid': 'b4417619-7152-456c-9041-a0dfa795b174', 'username': 'bigmouse124', 'password': 'coochie', 'salt': 'etlvAXeb', 'md5': '173110569a78366332e0c8e1b29428b7', 'sha1': '563de53671db977f6619bc949fceb00a32c198d8', 'sha256': '089ce1ffe50c9d79cf89c3b4597916d899281076e1d737f50e030822c89059b1'}, 'dob': {'date': '1990-11-15T02:17:43.911Z', 'age': 33}, 'registered': {'date': '2021-12-10T12:13:24.697Z', 'age': 2}, 'phone': '(453)-704-2970', 'cell': '(843)-377-3098', 'id': {'name': '', 'value': None}, 'picture': {'large': 'https://randomuser.me/api/portraits/women/63.jpg', 'medium': 'https://randomuser.me/api/portraits/med/women/63.jpg', 'thumbnail': 'https://randomuser.me/api/portraits/thumb/women/63.jpg'}, 'nat': 'NZ'}</msg>
<arg>${json_data['results'][0]}</arg>
<doc>Logs the given message with the given level.</doc>
<status status="PASS" start="2024-06-22T18:18:36.905403" elapsed="0.000402"/>
</kw>
<kw name="Log" owner="BuiltIn">
<msg time="2024-06-22T18:18:36.906225" level="INFO">login</msg>
<arg>${key}</arg>
<doc>Logs the given message with the given level.</doc>
<status status="PASS" start="2024-06-22T18:18:36.906098" elapsed="0.000165"/>
</kw>
<var name="${key}">login</var>
<status status="PASS" start="2024-06-22T18:18:36.904731" elapsed="0.001745"/>
</iter>
<var>${key}</var>
<value>@{expected_keys}</value>
<status status="PASS" start="2024-06-22T18:18:36.896654" elapsed="0.009943"/>
</for>
<kw name="Create List" owner="BuiltIn">
<msg time="2024-06-22T18:18:36.906916" level="INFO">${expected_keysTwo} = ['username', 'password']</msg>
<var>${expected_keysTwo}</var>
<arg>username</arg>
<arg>password</arg>
<doc>Returns a list containing given items.</doc>
<status status="PASS" start="2024-06-22T18:18:36.906782" elapsed="0.000158"/>
</kw>
<for flavor="IN">
<iter>
<kw name="Dictionary Should Contain Key" owner="Collections">
<arg>${json_data['results'][0]['login']}</arg>
<arg>${keyTwo}</arg>
<doc>Fails if ``key`` is not found from ``dictionary``.</doc>
<status status="PASS" start="2024-06-22T18:18:36.907498" elapsed="0.000386"/>
</kw>
<kw name="Dictionary Should Contain Key" owner="Collections">
<arg>${json_data['results'][0]['login']}</arg>
<arg>${keyTwo}</arg>
<doc>Fails if ``key`` is not found from ``dictionary``.</doc>
<status status="PASS" start="2024-06-22T18:18:36.908067" elapsed="0.000364"/>
</kw>
<kw name="Log" owner="BuiltIn">
<msg time="2024-06-22T18:18:36.908726" level="INFO">username</msg>
<arg>${keyTwo}</arg>
<doc>Logs the given message with the given level.</doc>
<status status="PASS" start="2024-06-22T18:18:36.908608" elapsed="0.000154"/>
</kw>
<var name="${keyTwo}">username</var>
<status status="PASS" start="2024-06-22T18:18:36.907382" elapsed="0.001604"/>
</iter>
<iter>
<kw name="Dictionary Should Contain Key" owner="Collections">
<arg>${json_data['results'][0]['login']}</arg>
<arg>${keyTwo}</arg>
<doc>Fails if ``key`` is not found from ``dictionary``.</doc>
<status status="PASS" start="2024-06-22T18:18:36.909259" elapsed="0.000388"/>
</kw>
<kw name="Dictionary Should Contain Key" owner="Collections">
<arg>${json_data['results'][0]['login']}</arg>
<arg>${keyTwo}</arg>
<doc>Fails if ``key`` is not found from ``dictionary``.</doc>
<status status="PASS" start="2024-06-22T18:18:36.909822" elapsed="0.000374"/>
</kw>
<kw name="Log" owner="BuiltIn">
<msg time="2024-06-22T18:18:36.910490" level="INFO">password</msg>
<arg>${keyTwo}</arg>
<doc>Logs the given message with the given level.</doc>
<status status="PASS" start="2024-06-22T18:18:36.910370" elapsed="0.000156"/>
</kw>
<var name="${keyTwo}">password</var>
<status status="PASS" start="2024-06-22T18:18:36.909155" elapsed="0.001678"/>
</iter>
<var>${keyTwo}</var>
<value>@{expected_keysTwo}</value>
<status status="PASS" start="2024-06-22T18:18:36.907200" elapsed="0.003753"/>
</for>
<status status="PASS" start="2024-06-22T18:18:36.767739" elapsed="0.143353"/>
</kw>
<doc>Testa a estrutura da resposta da API.</doc>
<tag>testeEstruturaResposta</tag>
<status status="PASS" start="2024-06-22T18:18:36.767103" elapsed="0.144138"/>
</test>
<test id="s1-s1-t4" name="Validar tipos de dados" line="28">
<kw name="Teste de Tipos de Dados" owner="random-user-service">
<kw name="GET On Session" owner="RequestsLibrary">
<msg time="2024-06-22T18:18:37.012924" level="INFO">GET Request : url=https://randomuser.me/api 
 path_url=/api 
 headers={'User-Agent': 'python-requests/2.32.3', 'Accept-Encoding': 'gzip, deflate', 'Accept': '*/*', 'Connection': 'keep-alive'} 
 body=None 
 </msg>
<msg time="2024-06-22T18:18:37.013006" level="INFO">GET Response : url=https://randomuser.me/api 
 status=200, reason=OK 
 headers={'Date': 'Sat, 22 Jun 2024 18:18:37 GMT', 'Content-Type': 'application/json; charset=utf-8', 'Transfer-Encoding': 'chunked', 'Connection': 'keep-alive', 'X-Powered-By': 'Express', 'Access-Control-Allow-Origin': '*', 'Cache-Control': 'no-cache', 'ETag': 'W/"498-LN8iwfdHi2uDGLjbEkY/O2gK8no"', 'Vary': 'Accept-Encoding', 'Content-Encoding': 'gzip', 'CF-Cache-Status': 'DYNAMIC', 'Report-To': '{"endpoints":[{"url":"https:\\/\\/a.nel.cloudflare.com\\/report\\/v4?s=Q0pXmd0DClCoENUymMVZtdx%2BtFLrg8wP3DhsnKwMD8Rt3xcpWUWW%2FwuXUM6KnhTXTdrBnmm0i61IKC2A9sS6TYbKA8DzD18zyPvw8piWsMdRY%2Bp8vdz7xqn2Ym0YoW0t"}],"group":"cf-nel","max_age":604800}', 'NEL': '{"success_fraction":0,"report_to":"cf-nel","max_age":604800}', 'Server': 'cloudflare', 'CF-RAY': '897e3decb9f608c6-LAX', 'alt-svc': 'h3=":443"; ma=86400'} 
 body={"results":[{"gender":"male","name":{"title":"Mr","first":"Lino","last":"Dumas"},"location":{"street":{"number":5192,"name":"Cours Charlemagne"},"city":"Clermont-Ferrand","state":"Doubs","country":"France","postcode":85109,"coordinates":{"latitude":"-17.7652","longitude":"-33.2232"},"timezone":{"offset":"+8:00","description":"Beijing, Perth, Singapore, Hong Kong"}},"email":"lino.dumas@example.com","login":{"uuid":"73d8234d-aca9-4b7d-a700-64d2e5ff5844","username":"angrybird484","password":"indon","salt":"PWOKTE25","md5":"0c6e1526d5f19be5dec90236c6d02b5a","sha1":"1bb902d87112430b40eb7313f2ba15a49424059c","sha256":"2ba4cfc1264ff3991a1ff18dd3894e830439cf155d8656756dacd4bd46fcf8fd"},"dob":{"date":"1961-10-12T23:03:51.460Z","age":62},"registered":{"date":"2019-01-18T18:47:12.700Z","age":5},"phone":"05-39-93-52-28","cell":"06-52-53-24-65","id":{"name":"INSEE","value":"1610995501498 61"},"picture":{"large":"https://randomuser.me/api/portraits/men/15.jpg","medium":"https://randomuser.me/api/portraits/med/men/15.jpg","thumbnail":"https://randomuser.me/api/portraits/thumb/men/15.jpg"},"nat":"FR"}],"info":{"seed":"5dbe1f74152cb1e2","results":1,"page":1,"version":"1.4"}} 
 </msg>
<msg time="2024-06-22T18:18:37.013080" level="INFO">/opt/hostedtoolcache/Python/3.12.4/x64/lib/python3.12/site-packages/urllib3/connectionpool.py:1099: InsecureRequestWarning: Unverified HTTPS request is being made to host 'randomuser.me'. Adding certificate verification is strongly advised. See: https://urllib3.readthedocs.io/en/latest/advanced-usage.html#tls-warnings
  warnings.warn(</msg>
<msg time="2024-06-22T18:18:37.013191" level="INFO">${response} = &lt;Response [200]&gt;</msg>
<var>${response}</var>
<arg>consultarAPI</arg>
<arg>/api</arg>
<doc>Sends a GET request on a previously created HTTP Session.</doc>
<status status="PASS" start="2024-06-22T18:18:36.913730" elapsed="0.099495"/>
</kw>
<kw name="Set Variable" owner="BuiltIn">
<msg time="2024-06-22T18:18:37.014038" level="INFO">${json_data} = {'results': [{'gender': 'male', 'name': {'title': 'Mr', 'first': 'Lino', 'last': 'Dumas'}, 'location': {'street': {'number': 5192, 'name': 'Cours Charlemagne'}, 'city': 'Clermont-Ferrand', 'state': 'D...</msg>
<var>${json_data}</var>
<arg>${response.json()}</arg>
<doc>Returns the given values which can then be assigned to a variables.</doc>
<status status="PASS" start="2024-06-22T18:18:37.013598" elapsed="0.000469"/>
</kw>
<kw name="Log" owner="BuiltIn">
<msg time="2024-06-22T18:18:37.014517" level="INFO">{'results': [{'gender': 'male', 'name': {'title': 'Mr', 'first': 'Lino', 'last': 'Dumas'}, 'location': {'street': {'number': 5192, 'name': 'Cours Charlemagne'}, 'city': 'Clermont-Ferrand', 'state': 'Doubs', 'country': 'France', 'postcode': 85109, 'coordinates': {'latitude': '-17.7652', 'longitude': '-33.2232'}, 'timezone': {'offset': '+8:00', 'description': 'Beijing, Perth, Singapore, Hong Kong'}}, 'email': 'lino.dumas@example.com', 'login': {'uuid': '73d8234d-aca9-4b7d-a700-64d2e5ff5844', 'username': 'angrybird484', 'password': 'indon', 'salt': 'PWOKTE25', 'md5': '0c6e1526d5f19be5dec90236c6d02b5a', 'sha1': '1bb902d87112430b40eb7313f2ba15a49424059c', 'sha256': '2ba4cfc1264ff3991a1ff18dd3894e830439cf155d8656756dacd4bd46fcf8fd'}, 'dob': {'date': '1961-10-12T23:03:51.460Z', 'age': 62}, 'registered': {'date': '2019-01-18T18:47:12.700Z', 'age': 5}, 'phone': '05-39-93-52-28', 'cell': '06-52-53-24-65', 'id': {'name': 'INSEE', 'value': '1610995501498 61'}, 'picture': {'large': 'https://randomuser.me/api/portraits/men/15.jpg', 'medium': 'https://randomuser.me/api/portraits/med/men/15.jpg', 'thumbnail': 'https://randomuser.me/api/portraits/thumb/men/15.jpg'}, 'nat': 'FR'}], 'info': {'seed': '5dbe1f74152cb1e2', 'results': 1, 'page': 1, 'version': '1.4'}}</msg>
<arg>${json_data}</arg>
<doc>Logs the given message with the given level.</doc>
<status status="PASS" start="2024-06-22T18:18:37.014364" elapsed="0.000210"/>
</kw>
<kw name="Should Be String" owner="String">
<arg>${json_data['results'][0]['gender']}</arg>
<doc>Fails if the given ``item`` is not a string.</doc>
<status status="PASS" start="2024-06-22T18:18:37.014860" elapsed="0.000368"/>
</kw>
<kw name="Should Match Regexp" owner="BuiltIn">
<arg>${json_data['results'][0]['email']}</arg>
<arg>^[a-zA-Z0-9._%+-]+@[a-zA-Z0-9.-]+\.[a-zA-Z]{2,}$</arg>
<doc>Fails if ``string`` does not match ``pattern`` as a regular expression.</doc>
<status status="PASS" start="2024-06-22T18:18:37.015453" elapsed="0.000512"/>
</kw>
<kw name="Should Match Regexp" owner="BuiltIn">
<arg>${json_data['results'][0]['dob']['date']}</arg>
<arg>\\d{4}-\\d{2}-\\d{2}T\\d{2}:\\d{2}:\\d{2}\\.\\d{3}Z</arg>
<doc>Fails if ``string`` does not match ``pattern`` as a regular expression.</doc>
<status status="PASS" start="2024-06-22T18:18:37.016276" elapsed="0.000538"/>
</kw>
<kw name="Should Match Regexp" owner="BuiltIn">
<arg>${json_data['results'][0]['registered']['date']}</arg>
<arg>\\d{4}-\\d{2}-\\d{2}T\\d{2}:\\d{2}:\\d{2}\\.\\d{3}Z</arg>
<doc>Fails if ``string`` does not match ``pattern`` as a regular expression.</doc>
<status status="PASS" start="2024-06-22T18:18:37.017005" elapsed="0.000368"/>
</kw>
<kw name="Should Match Regexp" owner="BuiltIn">
<arg>${json_data['results'][0]['picture']['large']}</arg>
<arg>^https?://.*\.(?:png|jpe?g|gif|bmp)$</arg>
<doc>Fails if ``string`` does not match ``pattern`` as a regular expression.</doc>
<status status="PASS" start="2024-06-22T18:18:37.017556" elapsed="0.000454"/>
</kw>
<kw name="Should Match Regexp" owner="BuiltIn">
<arg>${json_data['results'][0]['picture']['medium']}</arg>
<arg>^https?://.*\.(?:png|jpe?g|gif|bmp)$</arg>
<doc>Fails if ``string`` does not match ``pattern`` as a regular expression.</doc>
<status status="PASS" start="2024-06-22T18:18:37.018194" elapsed="0.000348"/>
</kw>
<kw name="Should Match Regexp" owner="BuiltIn">
<arg>${json_data['results'][0]['picture']['thumbnail']}</arg>
<arg>^https?://.*\.(?:png|jpe?g|gif|bmp)$</arg>
<doc>Fails if ``string`` does not match ``pattern`` as a regular expression.</doc>
<status status="PASS" start="2024-06-22T18:18:37.018722" elapsed="0.000351"/>
</kw>
<kw name="Log" owner="BuiltIn">
<msg time="2024-06-22T18:18:37.019609" level="INFO">{'large': 'https://randomuser.me/api/portraits/men/15.jpg', 'medium': 'https://randomuser.me/api/portraits/med/men/15.jpg', 'thumbnail': 'https://randomuser.me/api/portraits/thumb/men/15.jpg'}</msg>
<arg>${json_data['results'][0]['picture']}</arg>
<doc>Logs the given message with the given level.</doc>
<status status="PASS" start="2024-06-22T18:18:37.019253" elapsed="0.000401"/>
</kw>
<status status="PASS" start="2024-06-22T18:18:36.913500" elapsed="0.106408"/>
</kw>
<kw name="Teste de Tipos de Dados - Postcode" owner="random-user-service">
<kw name="GET On Session" owner="RequestsLibrary">
<msg time="2024-06-22T18:18:37.113949" level="INFO">GET Request : url=https://randomuser.me/api 
 path_url=/api 
 headers={'User-Agent': 'python-requests/2.32.3', 'Accept-Encoding': 'gzip, deflate', 'Accept': '*/*', 'Connection': 'keep-alive'} 
 body=None 
 </msg>
<msg time="2024-06-22T18:18:37.114043" level="INFO">GET Response : url=https://randomuser.me/api 
 status=200, reason=OK 
 headers={'Date': 'Sat, 22 Jun 2024 18:18:37 GMT', 'Content-Type': 'application/json; charset=utf-8', 'Transfer-Encoding': 'chunked', 'Connection': 'keep-alive', 'X-Powered-By': 'Express', 'Access-Control-Allow-Origin': '*', 'Cache-Control': 'no-cache', 'ETag': 'W/"491-kTCdGHoHmBD4TaKQ5sUEFGcduUA"', 'Vary': 'Accept-Encoding', 'Content-Encoding': 'gzip', 'CF-Cache-Status': 'DYNAMIC', 'Report-To': '{"endpoints":[{"url":"https:\\/\\/a.nel.cloudflare.com\\/report\\/v4?s=5TqQ8bXWxAL9sBBwX%2F19P3OnVsZQ5bqnqOMglD7OTkOEnUUidV84Pu%2B6PT%2FRBS6PUkjkXUAt6CIF%2FFPY25HD0bwK3BsKj04PGioF6MFzMrFX7qaQnDcbQbxrMbAC%2FE5y"}],"group":"cf-nel","max_age":604800}', 'NEL': '{"success_fraction":0,"report_to":"cf-nel","max_age":604800}', 'Server': 'cloudflare', 'CF-RAY': '897e3ded6ab308c6-LAX', 'alt-svc': 'h3=":443"; ma=86400'} 
 body={"results":[{"gender":"male","name":{"title":"Mr","first":"Riley","last":"Harris"},"location":{"street":{"number":2815,"name":"Devon Street"},"city":"Wellington","state":"Hawke'S Bay","country":"New Zealand","postcode":15488,"coordinates":{"latitude":"54.4063","longitude":"-105.4994"},"timezone":{"offset":"+3:00","description":"Baghdad, Riyadh, Moscow, St. Petersburg"}},"email":"riley.harris@example.com","login":{"uuid":"d4843e40-d440-4a94-917c-a77d3e2b5088","username":"heavysnake669","password":"access14","salt":"ZrsbPJtM","md5":"001b48e2bfc87dd3c82ac6967e3778af","sha1":"507a98a0b7f8e0d6c0a6aee22edf78001a866e84","sha256":"761b524ee8d221d2a22fba3491e9bcd41f5283252921cfe0daa11ccf1f977ae0"},"dob":{"date":"1972-12-07T03:08:47.905Z","age":51},"registered":{"date":"2011-06-19T13:20:41.983Z","age":13},"phone":"(291)-730-5501","cell":"(135)-350-7585","id":{"name":"","value":null},"picture":{"large":"https://randomuser.me/api/portraits/men/86.jpg","medium":"https://randomuser.me/api/portraits/med/men/86.jpg","thumbnail":"https://randomuser.me/api/portraits/thumb/men/86.jpg"},"nat":"NZ"}],"info":{"seed":"1014e6e1351faf72","results":1,"page":1,"version":"1.4"}} 
 </msg>
<msg time="2024-06-22T18:18:37.114119" level="INFO">/opt/hostedtoolcache/Python/3.12.4/x64/lib/python3.12/site-packages/urllib3/connectionpool.py:1099: InsecureRequestWarning: Unverified HTTPS request is being made to host 'randomuser.me'. Adding certificate verification is strongly advised. See: https://urllib3.readthedocs.io/en/latest/advanced-usage.html#tls-warnings
  warnings.warn(</msg>
<msg time="2024-06-22T18:18:37.114249" level="INFO">${response} = &lt;Response [200]&gt;</msg>
<var>${response}</var>
<arg>consultarAPI</arg>
<arg>/api</arg>
<doc>Sends a GET request on a previously created HTTP Session.</doc>
<status status="PASS" start="2024-06-22T18:18:37.020331" elapsed="0.093971"/>
</kw>
<kw name="Set Variable" owner="BuiltIn">
<msg time="2024-06-22T18:18:37.115443" level="INFO">${json_data} = {'results': [{'gender': 'male', 'name': {'title': 'Mr', 'first': 'Riley', 'last': 'Harris'}, 'location': {'street': {'number': 2815, 'name': 'Devon Street'}, 'city': 'Wellington', 'state': "Hawke'S Ba...</msg>
<var>${json_data}</var>
<arg>${response.json()}</arg>
<doc>Returns the given values which can then be assigned to a variables.</doc>
<status status="PASS" start="2024-06-22T18:18:37.114828" elapsed="0.000643"/>
</kw>
<kw name="Log" owner="BuiltIn">
<msg time="2024-06-22T18:18:37.115930" level="INFO">{'results': [{'gender': 'male', 'name': {'title': 'Mr', 'first': 'Riley', 'last': 'Harris'}, 'location': {'street': {'number': 2815, 'name': 'Devon Street'}, 'city': 'Wellington', 'state': "Hawke'S Bay", 'country': 'New Zealand', 'postcode': 15488, 'coordinates': {'latitude': '54.4063', 'longitude': '-105.4994'}, 'timezone': {'offset': '+3:00', 'description': 'Baghdad, Riyadh, Moscow, St. Petersburg'}}, 'email': 'riley.harris@example.com', 'login': {'uuid': 'd4843e40-d440-4a94-917c-a77d3e2b5088', 'username': 'heavysnake669', 'password': 'access14', 'salt': 'ZrsbPJtM', 'md5': '001b48e2bfc87dd3c82ac6967e3778af', 'sha1': '507a98a0b7f8e0d6c0a6aee22edf78001a866e84', 'sha256': '761b524ee8d221d2a22fba3491e9bcd41f5283252921cfe0daa11ccf1f977ae0'}, 'dob': {'date': '1972-12-07T03:08:47.905Z', 'age': 51}, 'registered': {'date': '2011-06-19T13:20:41.983Z', 'age': 13}, 'phone': '(291)-730-5501', 'cell': '(135)-350-7585', 'id': {'name': '', 'value': None}, 'picture': {'large': 'https://randomuser.me/api/portraits/men/86.jpg', 'medium': 'https://randomuser.me/api/portraits/med/men/86.jpg', 'thumbnail': 'https://randomuser.me/api/portraits/thumb/men/86.jpg'}, 'nat': 'NZ'}], 'info': {'seed': '1014e6e1351faf72', 'results': 1, 'page': 1, 'version': '1.4'}}</msg>
<arg>${json_data}</arg>
<doc>Logs the given message with the given level.</doc>
<status status="PASS" start="2024-06-22T18:18:37.115777" elapsed="0.000199"/>
</kw>
<kw name="Should Be Equal As Numbers" owner="BuiltIn">
<arg>${json_data['results'][0]['location']['postcode']}</arg>
<arg>${json_data['results'][0]['location']['postcode']}</arg>
<doc>Fails if objects are unequal after converting them to real numbers.</doc>
<status status="PASS" start="2024-06-22T18:18:37.116266" elapsed="0.000619"/>
</kw>
<kw name="Log" owner="BuiltIn">
<msg time="2024-06-22T18:18:37.117535" level="INFO">15488</msg>
<arg>${json_data['results'][0]['location']['postcode']}</arg>
<doc>Logs the given message with the given level.</doc>
<status status="PASS" start="2024-06-22T18:18:37.117067" elapsed="0.000509"/>
</kw>
<status status="PASS" start="2024-06-22T18:18:37.020117" elapsed="0.097711"/>
</kw>
<doc>Testa se os tipos de dados na resposta da API estão corretos.</doc>
<tag>testeTiposDados</tag>
<status status="PASS" start="2024-06-22T18:18:36.913042" elapsed="0.204978"/>
</test>
<test id="s1-s1-t5" name="Validar conteudo" line="35">
<kw name="Teste de Tipos de Conteudo" owner="random-user-service">
<kw name="GET On Session" owner="RequestsLibrary">
<msg time="2024-06-22T18:18:37.221099" level="INFO">GET Request : url=https://randomuser.me/api 
 path_url=/api 
 headers={'User-Agent': 'python-requests/2.32.3', 'Accept-Encoding': 'gzip, deflate', 'Accept': '*/*', 'Connection': 'keep-alive'} 
 body=None 
 </msg>
<msg time="2024-06-22T18:18:37.221211" level="INFO">GET Response : url=https://randomuser.me/api 
 status=200, reason=OK 
 headers={'Date': 'Sat, 22 Jun 2024 18:18:37 GMT', 'Content-Type': 'application/json; charset=utf-8', 'Transfer-Encoding': 'chunked', 'Connection': 'keep-alive', 'X-Powered-By': 'Express', 'Access-Control-Allow-Origin': '*', 'Cache-Control': 'no-cache', 'ETag': 'W/"47c-BHH1Bh1NLOrxEV48o32Vv33WxNo"', 'Vary': 'Accept-Encoding', 'Content-Encoding': 'gzip', 'CF-Cache-Status': 'DYNAMIC', 'Report-To': '{"endpoints":[{"url":"https:\\/\\/a.nel.cloudflare.com\\/report\\/v4?s=4lUNhaGEWCiCVkyLoxbdZMAjS1GpyUIIqkDsqWhhemd1mYsCgGFc1xLibLA42KWtmP%2Bw9%2FH%2BWDEqZakPr8U4Cgk%2BNl08wKegJLY7okp8qslLC64Y5W8mzsT%2Fzjg9FNaB"}],"group":"cf-nel","max_age":604800}', 'NEL': '{"success_fraction":0,"report_to":"cf-nel","max_age":604800}', 'Server': 'cloudflare', 'CF-RAY': '897e3dee0b7508c6-LAX', 'alt-svc': 'h3=":443"; ma=86400'} 
 body={"results":[{"gender":"male","name":{"title":"Mr","first":"Kaya","last":"Abadan"},"location":{"street":{"number":6079,"name":"Vatan Cd"},"city":"Bartın","state":"Trabzon","country":"Turkey","postcode":26727,"coordinates":{"latitude":"72.7269","longitude":"-170.3368"},"timezone":{"offset":"+8:00","description":"Beijing, Perth, Singapore, Hong Kong"}},"email":"kaya.abadan@example.com","login":{"uuid":"90d9fec2-90d0-4d32-91ec-8e9506c9d9ce","username":"whitepeacock592","password":"aileen","salt":"Kb1d1mku","md5":"a27e6cad84d374dbe75ff890ddef5820","sha1":"ad8b626e2f4c1a8c6d367803e4430579296c0581","sha256":"73dd19fec56f243bededcf57abdb0244822a5f9fb6d516f3527cb3cb90bb85d9"},"dob":{"date":"1996-04-08T09:45:43.747Z","age":28},"registered":{"date":"2014-02-20T03:26:47.367Z","age":10},"phone":"(047)-685-7850","cell":"(901)-383-2676","id":{"name":"","value":null},"picture":{"large":"https://randomuser.me/api/portraits/men/33.jpg","medium":"https://randomuser.me/api/portraits/med/men/33.jpg","thumbnail":"https://randomuser.me/api/portraits/thumb/men/33.jpg"},"nat":"TR"}],"info":{"seed":"c1021d2cb413723c","results":1,"page":1,"version":"1.4"}} 
 </msg>
<msg time="2024-06-22T18:18:37.221296" level="INFO">/opt/hostedtoolcache/Python/3.12.4/x64/lib/python3.12/site-packages/urllib3/connectionpool.py:1099: InsecureRequestWarning: Unverified HTTPS request is being made to host 'randomuser.me'. Adding certificate verification is strongly advised. See: https://urllib3.readthedocs.io/en/latest/advanced-usage.html#tls-warnings
  warnings.warn(</msg>
<msg time="2024-06-22T18:18:37.221437" level="INFO">${response} = &lt;Response [200]&gt;</msg>
<var>${response}</var>
<arg>consultarAPI</arg>
<arg>/api</arg>
<doc>Sends a GET request on a previously created HTTP Session.</doc>
<status status="PASS" start="2024-06-22T18:18:37.120867" elapsed="0.100618"/>
</kw>
<kw name="Set Variable" owner="BuiltIn">
<msg time="2024-06-22T18:18:37.222722" level="INFO">${json_data} = {'results': [{'gender': 'male', 'name': {'title': 'Mr', 'first': 'Kaya', 'last': 'Abadan'}, 'location': {'street': {'number': 6079, 'name': 'Vatan Cd'}, 'city': 'Bartın', 'state': 'Trabzon', 'country'...</msg>
<var>${json_data}</var>
<arg>${response.json()}</arg>
<doc>Returns the given values which can then be assigned to a variables.</doc>
<status status="PASS" start="2024-06-22T18:18:37.222132" elapsed="0.000620"/>
</kw>
<kw name="Set Variable" owner="BuiltIn">
<msg time="2024-06-22T18:18:37.223486" level="INFO">${name_title} = Mr</msg>
<var>${name_title}</var>
<arg>${json_data["results"][0]["name"]["title"]}</arg>
<doc>Returns the given values which can then be assigned to a variables.</doc>
<status status="PASS" start="2024-06-22T18:18:37.223060" elapsed="0.000452"/>
</kw>
<kw name="Create List" owner="BuiltIn">
<msg time="2024-06-22T18:18:37.223959" level="INFO">${allowed_titles} = ['Mr', 'Ms', 'Miss', 'Mrs', 'Madame', 'Monsieur']</msg>
<var>${allowed_titles}</var>
<arg>Mr</arg>
<arg>Ms</arg>
<arg>Miss</arg>
<arg>Mrs</arg>
<arg>Madame</arg>
<arg>Monsieur</arg>
<doc>Returns a list containing given items.</doc>
<status status="PASS" start="2024-06-22T18:18:37.223811" elapsed="0.000173"/>
</kw>
<kw name="List Should Contain Value" owner="Collections">
<arg>${allowed_titles}</arg>
<arg>${name_title}</arg>
<doc>Fails if the ``value`` is not found from ``list``.</doc>
<status status="PASS" start="2024-06-22T18:18:37.224296" elapsed="0.000176"/>
</kw>
<kw name="Set Variable" owner="BuiltIn">
<msg time="2024-06-22T18:18:37.225014" level="INFO">${name_country} = TR</msg>
<var>${name_country}</var>
<arg>${json_data["results"][0]["nat"]}</arg>
<doc>Returns the given values which can then be assigned to a variables.</doc>
<status status="PASS" start="2024-06-22T18:18:37.224649" elapsed="0.000390"/>
</kw>
<kw name="Create List" owner="BuiltIn">
<msg time="2024-06-22T18:18:37.225917" level="INFO">${list_country} = ['AD', 'AE', 'AF', 'AG', 'AI', 'AL', 'AM', 'AO', 'AQ', 'AR', 'AS', 'AT', 'AU', 'AW', 'AX', 'AZ', 'BA', 'BB', 'BD', 'BE', 'BF', 'BG', 'BH', 'BI', 'BJ', 'BL', 'BM', 'BN', 'BO', 'BQ', 'BR', 'BS', 'BT', '...</msg>
<var>${list_country}</var>
<arg>AD</arg>
<arg>AE</arg>
<arg>AF</arg>
<arg>AG</arg>
<arg>AI</arg>
<arg>AL</arg>
<arg>AM</arg>
<arg>AO</arg>
<arg>AQ</arg>
<arg>AR</arg>
<arg>AS</arg>
<arg>AT</arg>
<arg>AU</arg>
<arg>AW</arg>
<arg>AX</arg>
<arg>AZ</arg>
<arg>BA</arg>
<arg>BB</arg>
<arg>BD</arg>
<arg>BE</arg>
<arg>BF</arg>
<arg>BG</arg>
<arg>BH</arg>
<arg>BI</arg>
<arg>BJ</arg>
<arg>BL</arg>
<arg>BM</arg>
<arg>BN</arg>
<arg>BO</arg>
<arg>BQ</arg>
<arg>BR</arg>
<arg>BS</arg>
<arg>BT</arg>
<arg>BV</arg>
<arg>BW</arg>
<arg>BY</arg>
<arg>BZ</arg>
<arg>CA</arg>
<arg>CC</arg>
<arg>CD</arg>
<arg>CF</arg>
<arg>CG</arg>
<arg>CH</arg>
<arg>CI</arg>
<arg>CK</arg>
<arg>CL</arg>
<arg>CM</arg>
<arg>CN</arg>
<arg>CO</arg>
<arg>CR</arg>
<arg>CU</arg>
<arg>CV</arg>
<arg>CW</arg>
<arg>CX</arg>
<arg>CY</arg>
<arg>CZ</arg>
<arg>DE</arg>
<arg>DJ</arg>
<arg>DK</arg>
<arg>DM</arg>
<arg>DO</arg>
<arg>DZ</arg>
<arg>EC</arg>
<arg>EE</arg>
<arg>EG</arg>
<arg>EH</arg>
<arg>ER</arg>
<arg>ES</arg>
<arg>ET</arg>
<arg>FI</arg>
<arg>FJ</arg>
<arg>FK</arg>
<arg>FM</arg>
<arg>FO</arg>
<arg>FR</arg>
<arg>GA</arg>
<arg>GB</arg>
<arg>GD</arg>
<arg>GE</arg>
<arg>GF</arg>
<arg>GG</arg>
<arg>GH</arg>
<arg>GI</arg>
<arg>GL</arg>
<arg>GM</arg>
<arg>GN</arg>
<arg>GP</arg>
<arg>GQ</arg>
<arg>GR</arg>
<arg>GS</arg>
<arg>GT</arg>
<arg>GU</arg>
<arg>GW</arg>
<arg>GY</arg>
<arg>HK</arg>
<arg>HM</arg>
<arg>HN</arg>
<arg>HR</arg>
<arg>HT</arg>
<arg>HU</arg>
<arg>ID</arg>
<arg>IE</arg>
<arg>IL</arg>
<arg>IM</arg>
<arg>IN</arg>
<arg>IO</arg>
<arg>IQ</arg>
<arg>IR</arg>
<arg>IS</arg>
<arg>IT</arg>
<arg>JE</arg>
<arg>JM</arg>
<arg>JO</arg>
<arg>JP</arg>
<arg>KE</arg>
<arg>KG</arg>
<arg>KH</arg>
<arg>KI</arg>
<arg>KM</arg>
<arg>KN</arg>
<arg>KP</arg>
<arg>KR</arg>
<arg>KW</arg>
<arg>KY</arg>
<arg>KZ</arg>
<arg>LA</arg>
<arg>LB</arg>
<arg>LC</arg>
<arg>LI</arg>
<arg>LK</arg>
<arg>LR</arg>
<arg>LS</arg>
<arg>LT</arg>
<arg>LU</arg>
<arg>LV</arg>
<arg>LY</arg>
<arg>MA</arg>
<arg>MC</arg>
<arg>MD</arg>
<arg>ME</arg>
<arg>MF</arg>
<arg>MG</arg>
<arg>MH</arg>
<arg>MK</arg>
<arg>ML</arg>
<arg>MM</arg>
<arg>MN</arg>
<arg>MO</arg>
<arg>MP</arg>
<arg>MQ</arg>
<arg>MR</arg>
<arg>MS</arg>
<arg>MT</arg>
<arg>MU</arg>
<arg>MV</arg>
<arg>MW</arg>
<arg>MX</arg>
<arg>MY</arg>
<arg>MZ</arg>
<arg>NA</arg>
<arg>NC</arg>
<arg>NE</arg>
<arg>NF</arg>
<arg>NG</arg>
<arg>NI</arg>
<arg>NL</arg>
<arg>NO</arg>
<arg>NP</arg>
<arg>NR</arg>
<arg>NU</arg>
<arg>NZ</arg>
<arg>OM</arg>
<arg>PA</arg>
<arg>PE</arg>
<arg>PF</arg>
<arg>PG</arg>
<arg>PH</arg>
<arg>PK</arg>
<arg>PL</arg>
<arg>PM</arg>
<arg>PN</arg>
<arg>PR</arg>
<arg>PS</arg>
<arg>PT</arg>
<arg>PW</arg>
<arg>PY</arg>
<arg>QA</arg>
<arg>RE</arg>
<arg>RO</arg>
<arg>RS</arg>
<arg>RU</arg>
<arg>RW</arg>
<arg>SA</arg>
<arg>SB</arg>
<arg>SC</arg>
<arg>SD</arg>
<arg>SE</arg>
<arg>SG</arg>
<arg>SH</arg>
<arg>SI</arg>
<arg>SJ</arg>
<arg>SK</arg>
<arg>SL</arg>
<arg>SM</arg>
<arg>SN</arg>
<arg>SO</arg>
<arg>SR</arg>
<arg>SS</arg>
<arg>ST</arg>
<arg>SV</arg>
<arg>SX</arg>
<arg>SY</arg>
<arg>SZ</arg>
<arg>TC</arg>
<arg>TD</arg>
<arg>TF</arg>
<arg>TG</arg>
<arg>TH</arg>
<arg>TJ</arg>
<arg>TK</arg>
<arg>TL</arg>
<arg>TM</arg>
<arg>TN</arg>
<arg>TO</arg>
<arg>TR</arg>
<arg>TT</arg>
<arg>TV</arg>
<arg>TW</arg>
<arg>TZ</arg>
<arg>UA</arg>
<arg>UG</arg>
<arg>UM</arg>
<arg>US</arg>
<arg>UY</arg>
<arg>UZ</arg>
<arg>VA</arg>
<arg>VC</arg>
<arg>VE</arg>
<arg>VG</arg>
<arg>VI</arg>
<arg>VN</arg>
<arg>VU</arg>
<arg>WF</arg>
<arg>WS</arg>
<arg>XK</arg>
<arg>YE</arg>
<arg>YT</arg>
<arg>ZA</arg>
<arg>ZM</arg>
<arg>ZW</arg>
<doc>Returns a list containing given items.</doc>
<status status="PASS" start="2024-06-22T18:18:37.225324" elapsed="0.000617"/>
</kw>
<kw name="List Should Contain Value" owner="Collections">
<arg>${list_country}</arg>
<arg>${name_country}</arg>
<doc>Fails if the ``value`` is not found from ``list``.</doc>
<status status="PASS" start="2024-06-22T18:18:37.226737" elapsed="0.000202"/>
</kw>
<kw name="Run Keyword If" owner="BuiltIn">
<kw name="Should Be True" owner="BuiltIn">
<arg>${True}</arg>
<doc>Fails if the given condition is not true.</doc>
<status status="PASS" start="2024-06-22T18:18:37.227908" elapsed="0.000144"/>
</kw>
<arg>${json_data["results"][0]["location"]["coordinates"]["latitude"]} &gt;= -90 and ${json_data["results"][0]["location"]["coordinates"]["latitude"]} &lt;= 90</arg>
<arg>Should Be True</arg>
<arg>${True}</arg>
<doc>Runs the given keyword with the given arguments, if ``condition`` is true.</doc>
<status status="PASS" start="2024-06-22T18:18:37.227137" elapsed="0.001039"/>
</kw>
<kw name="Run Keyword If" owner="BuiltIn">
<kw name="Should Be True" owner="BuiltIn">
<arg>${True}</arg>
<doc>Fails if the given condition is not true.</doc>
<status status="PASS" start="2024-06-22T18:18:37.229046" elapsed="0.000246"/>
</kw>
<arg>${json_data["results"][0]["location"]["coordinates"]["longitude"]} &gt;= -180 and ${json_data["results"][0]["location"]["coordinates"]["longitude"]} &lt;= 180</arg>
<arg>Should Be True</arg>
<arg>${True}</arg>
<doc>Runs the given keyword with the given arguments, if ``condition`` is true.</doc>
<status status="PASS" start="2024-06-22T18:18:37.228360" elapsed="0.001059"/>
</kw>
<status status="PASS" start="2024-06-22T18:18:37.120505" elapsed="0.109047"/>
</kw>
<doc>Testa o conteúdo específico dos campos retornados pela API.</doc>
<tag>testeConteudo</tag>
<status status="PASS" start="2024-06-22T18:18:37.119825" elapsed="0.109876"/>
</test>
<status status="PASS" start="2024-06-22T18:18:36.266481" elapsed="0.965242"/>
</suite>
<status status="PASS" start="2024-06-22T18:18:36.248896" elapsed="0.987986"/>
</suite>
<statistics>
<total>
<stat pass="5" fail="0" skip="0">All Tests</stat>
</total>
<tag>
<stat pass="1" fail="0" skip="0">testeConteudo</stat>
<stat pass="1" fail="0" skip="0">testeEstruturaResposta</stat>
<stat pass="1" fail="0" skip="0">testeRequisicaoBasica</stat>
<stat pass="1" fail="0" skip="0">testeTiposDados</stat>
</tag>
<suite>
<stat pass="5" fail="0" skip="0" id="s1" name="Tests">Tests</stat>
<stat pass="5" fail="0" skip="0" id="s1-s1" name="Random-User-Test">Tests.Random-User-Test</stat>
</suite>
</statistics>
<errors>
</errors>
</robot>
