<?xml version="1.0" encoding="UTF-8"?>
<robot generator="Robot 7.0 (Python 3.12.3 on linux)" generated="2024-05-02T12:26:40.555388" rpa="false" schemaversion="5">
<suite id="s1" name="Tests" source="/home/runner/work/DesafioQAItauRogerioJordao/DesafioQAItauRogerioJordao/RamdonUser/tests">
<suite id="s1-s1" name="Random-User-Test" source="/home/runner/work/DesafioQAItauRogerioJordao/DesafioQAItauRogerioJordao/RamdonUser/tests/random-user-test.robot">
<test id="s1-s1-t1" name="Conectar" line="13">
<kw name="Conectar API" owner="random-user-service">
<kw name="Create Session" owner="RequestsLibrary">
<msg time="2024-05-02T12:26:40.908189" level="INFO">Creating Session using : alias=consultarAPI, url=https://randomuser.me/, headers={},                     cookies={}, auth=None, timeout=None, proxies=None, verify=False,                     debug=0 </msg>
<arg>consultarAPI</arg>
<arg>${URL}</arg>
<doc>Create Session: create a HTTP session to a server</doc>
<status status="PASS" start="2024-05-02T12:26:40.908001" elapsed="0.000352"/>
</kw>
<status status="PASS" start="2024-05-02T12:26:40.907098" elapsed="0.001594"/>
</kw>
<status status="PASS" start="2024-05-02T12:26:40.906588" elapsed="0.002295"/>
</test>
<test id="s1-s1-t2" name="Validar retorno 200 e JSON Válido" line="16">
<kw name="Teste de Requisicao Basica" owner="random-user-service">
<kw name="GET On Session" owner="RequestsLibrary">
<msg time="2024-05-02T12:26:41.015335" level="INFO">GET Request : url=https://randomuser.me/api 
 path_url=/api 
 headers={'User-Agent': 'python-requests/2.31.0', 'Accept-Encoding': 'gzip, deflate', 'Accept': '*/*', 'Connection': 'keep-alive'} 
 body=None 
 </msg>
<msg time="2024-05-02T12:26:41.015468" level="INFO">GET Response : url=https://randomuser.me/api 
 status=200, reason=OK 
 headers={'Date': 'Thu, 02 May 2024 12:26:41 GMT', 'Content-Type': 'application/json; charset=utf-8', 'Transfer-Encoding': 'chunked', 'Connection': 'keep-alive', 'X-Powered-By': 'Express', 'Access-Control-Allow-Origin': '*', 'Cache-Control': 'no-cache', 'ETag': 'W/"493-rMp9mZm3j2eQjrClC88nXG1S/4Q"', 'Vary': 'Accept-Encoding', 'Content-Encoding': 'gzip', 'CF-Cache-Status': 'DYNAMIC', 'Report-To': '{"endpoints":[{"url":"https:\\/\\/a.nel.cloudflare.com\\/report\\/v4?s=djsXi1lV9r%2F%2F8vp5MCbdFtlnfYJ3I0jrLuKlb%2BGsCVvsvIr%2Brzzt70bYZ7f8YMUDGRXj7yYdiOD2viMHNkF2%2Ft4qF5JKHyLlSy%2BY1nNtSyjnWwi%2BfqFt81LUEcUSjpzv"}],"group":"cf-nel","max_age":604800}', 'NEL': '{"success_fraction":0,"report_to":"cf-nel","max_age":604800}', 'Server': 'cloudflare', 'CF-RAY': '87d80045ea408737-ORD', 'alt-svc': 'h3=":443"; ma=86400'} 
 body={"results":[{"gender":"male","name":{"title":"Mr","first":"Anand","last":"Chiplunkar"},"location":{"street":{"number":689,"name":"Rani No Hajiro"},"city":"Chandrapur","state":"Gujarat","country":"India","postcode":95134,"coordinates":{"latitude":"8.6512","longitude":"-86.6580"},"timezone":{"offset":"+3:00","description":"Baghdad, Riyadh, Moscow, St. Petersburg"}},"email":"anand.chiplunkar@example.com","login":{"uuid":"1381b35f-d6c4-4bf6-a007-1e7f5433d74e","username":"angryladybug158","password":"9876","salt":"YAVsR9xN","md5":"9a8d38609a9c0f5665b72bb9daee776c","sha1":"f503c8f5c55e7526ee688822b2ff6d6e48bc5f6a","sha256":"b795cd79c70009d71c50f1d5da6a376fdf8eaffb71be8e06598c788d5b926250"},"dob":{"date":"1997-02-12T19:15:08.070Z","age":27},"registered":{"date":"2011-11-03T03:21:14.833Z","age":12},"phone":"8222843881","cell":"9120992748","id":{"name":"UIDAI","value":"760387054524"},"picture":{"large":"https://randomuser.me/api/portraits/men/94.jpg","medium":"https://randomuser.me/api/portraits/med/men/94.jpg","thumbnail":"https://randomuser.me/api/portraits/thumb/men/94.jpg"},"nat":"IN"}],"info":{"seed":"e8da8f2b306dddb9","results":1,"page":1,"version":"1.4"}} 
 </msg>
<msg time="2024-05-02T12:26:41.015553" level="INFO">/opt/hostedtoolcache/Python/3.12.3/x64/lib/python3.12/site-packages/urllib3/connectionpool.py:1103: InsecureRequestWarning: Unverified HTTPS request is being made to host 'randomuser.me'. Adding certificate verification is strongly advised. See: https://urllib3.readthedocs.io/en/latest/advanced-usage.html#tls-warnings
  warnings.warn(</msg>
<msg time="2024-05-02T12:26:41.015713" level="INFO">${response} = &lt;Response [200]&gt;</msg>
<var>${response}</var>
<arg>consultarAPI</arg>
<arg>/api</arg>
<doc>Sends a GET request on a previously created HTTP Session.</doc>
<status status="PASS" start="2024-05-02T12:26:40.911507" elapsed="0.104255"/>
</kw>
<kw name="Should Be Equal As Numbers" owner="BuiltIn">
<msg time="2024-05-02T12:26:41.016654" level="INFO">Argument types are:
&lt;class 'int'&gt;
&lt;class 'str'&gt;</msg>
<arg>${response.status_code}</arg>
<arg>200</arg>
<doc>Fails if objects are unequal after converting them to real numbers.</doc>
<status status="PASS" start="2024-05-02T12:26:41.016237" elapsed="0.000479"/>
</kw>
<kw name="Log" owner="BuiltIn">
<msg time="2024-05-02T12:26:41.017410" level="INFO">200</msg>
<arg>${response.status_code}</arg>
<doc>Logs the given message with the given level.</doc>
<status status="PASS" start="2024-05-02T12:26:41.017061" elapsed="0.000390"/>
</kw>
<kw name="Set Variable" owner="BuiltIn">
<msg time="2024-05-02T12:26:41.018183" level="INFO">${json_data} = {'results': [{'gender': 'male', 'name': {'title': 'Mr', 'first': 'Anand', 'last': 'Chiplunkar'}, 'location': {'street': {'number': 689, 'name': 'Rani No Hajiro'}, 'city': 'Chandrapur', 'state': 'Gujar...</msg>
<var>${json_data}</var>
<arg>${response.json()}</arg>
<doc>Returns the given values which can then be assigned to a variables.</doc>
<status status="PASS" start="2024-05-02T12:26:41.017751" elapsed="0.000459"/>
</kw>
<kw name="Dictionary Should Contain Key" owner="Collections">
<msg time="2024-05-02T12:26:41.018711" level="INFO">False</msg>
<arg>${json_data}</arg>
<arg>results</arg>
<doc>Fails if ``key`` is not found from ``dictionary``.</doc>
<status status="PASS" start="2024-05-02T12:26:41.018539" elapsed="0.000211"/>
</kw>
<status status="PASS" start="2024-05-02T12:26:40.911267" elapsed="0.107735"/>
</kw>
<doc>Testa se a API responde corretamente e retorna um objeto JSON válido.</doc>
<tag>testeRequisicaoBasica</tag>
<status status="PASS" start="2024-05-02T12:26:40.910814" elapsed="0.108360"/>
</test>
<test id="s1-s1-t3" name="Validar estrutura de resposta" line="22">
<kw name="Teste de Estrutura de Resposta" owner="random-user-service">
<kw name="GET On Session" owner="RequestsLibrary">
<msg time="2024-05-02T12:26:41.139929" level="INFO">GET Request : url=https://randomuser.me/api 
 path_url=/api 
 headers={'User-Agent': 'python-requests/2.31.0', 'Accept-Encoding': 'gzip, deflate', 'Accept': '*/*', 'Connection': 'keep-alive'} 
 body=None 
 </msg>
<msg time="2024-05-02T12:26:41.140009" level="INFO">GET Response : url=https://randomuser.me/api 
 status=200, reason=OK 
 headers={'Date': 'Thu, 02 May 2024 12:26:41 GMT', 'Content-Type': 'application/json; charset=utf-8', 'Transfer-Encoding': 'chunked', 'Connection': 'keep-alive', 'X-Powered-By': 'Express', 'Access-Control-Allow-Origin': '*', 'Cache-Control': 'no-cache', 'ETag': 'W/"4ac-o3z/C+GNX6/2Ii80BYzRBRjykZo"', 'Vary': 'Accept-Encoding', 'Content-Encoding': 'gzip', 'CF-Cache-Status': 'DYNAMIC', 'Report-To': '{"endpoints":[{"url":"https:\\/\\/a.nel.cloudflare.com\\/report\\/v4?s=cr9TAnQhT3gJ7j%2F9uSheYruRhALomirepXsovN5e0yd9IkmtXFlTrxJWBFGtsr0fv0oD746ZnyVLU5qOgVoMMf1rRiLHvBLJESzGJP2KXTAM2Z73hczdvmRiBmS83ZO8"}],"group":"cf-nel","max_age":604800}', 'NEL': '{"success_fraction":0,"report_to":"cf-nel","max_age":604800}', 'Server': 'cloudflare', 'CF-RAY': '87d800466ae98737-ORD', 'alt-svc': 'h3=":443"; ma=86400'} 
 body={"results":[{"gender":"female","name":{"title":"Miss","first":"Sonia","last":"Barnett"},"location":{"street":{"number":5555,"name":"Spring Hill Rd"},"city":"Shepparton","state":"Northern Territory","country":"Australia","postcode":9155,"coordinates":{"latitude":"-84.5118","longitude":"75.3183"},"timezone":{"offset":"+5:00","description":"Ekaterinburg, Islamabad, Karachi, Tashkent"}},"email":"sonia.barnett@example.com","login":{"uuid":"d03a8cb4-42ea-45dc-a54f-a026bf83569d","username":"yellowostrich141","password":"crazy1","salt":"k5PtZWjt","md5":"d506adea71764470319c0052265ed4b3","sha1":"97c6f8575ebf31a35c08aa8a7e776a22cb3962ba","sha256":"cc86f382436f4a09546a9e6d071f8cc9b81094149b9cd8edc0a90664d3320328"},"dob":{"date":"1953-07-05T06:25:51.761Z","age":70},"registered":{"date":"2010-01-21T03:24:35.874Z","age":14},"phone":"09-5133-6827","cell":"0455-565-571","id":{"name":"TFN","value":"389452539"},"picture":{"large":"https://randomuser.me/api/portraits/women/69.jpg","medium":"https://randomuser.me/api/portraits/med/women/69.jpg","thumbnail":"https://randomuser.me/api/portraits/thumb/women/69.jpg"},"nat":"AU"}],"info":{"seed":"f34c154f823273c7","results":1,"page":1,"version":"1.4"}} 
 </msg>
<msg time="2024-05-02T12:26:41.140128" level="INFO">/opt/hostedtoolcache/Python/3.12.3/x64/lib/python3.12/site-packages/urllib3/connectionpool.py:1103: InsecureRequestWarning: Unverified HTTPS request is being made to host 'randomuser.me'. Adding certificate verification is strongly advised. See: https://urllib3.readthedocs.io/en/latest/advanced-usage.html#tls-warnings
  warnings.warn(</msg>
<msg time="2024-05-02T12:26:41.140262" level="INFO">${response} = &lt;Response [200]&gt;</msg>
<var>${response}</var>
<arg>consultarAPI</arg>
<arg>/api</arg>
<doc>Sends a GET request on a previously created HTTP Session.</doc>
<status status="PASS" start="2024-05-02T12:26:41.021711" elapsed="0.118601"/>
</kw>
<kw name="Set Variable" owner="BuiltIn">
<msg time="2024-05-02T12:26:41.141312" level="INFO">${json_data} = {'results': [{'gender': 'female', 'name': {'title': 'Miss', 'first': 'Sonia', 'last': 'Barnett'}, 'location': {'street': {'number': 5555, 'name': 'Spring Hill Rd'}, 'city': 'Shepparton', 'state': 'Nor...</msg>
<var>${json_data}</var>
<arg>${response.json()}</arg>
<doc>Returns the given values which can then be assigned to a variables.</doc>
<status status="PASS" start="2024-05-02T12:26:41.140746" elapsed="0.000593"/>
</kw>
<kw name="Log" owner="BuiltIn">
<msg time="2024-05-02T12:26:41.141790" level="INFO">{'results': [{'gender': 'female', 'name': {'title': 'Miss', 'first': 'Sonia', 'last': 'Barnett'}, 'location': {'street': {'number': 5555, 'name': 'Spring Hill Rd'}, 'city': 'Shepparton', 'state': 'Northern Territory', 'country': 'Australia', 'postcode': 9155, 'coordinates': {'latitude': '-84.5118', 'longitude': '75.3183'}, 'timezone': {'offset': '+5:00', 'description': 'Ekaterinburg, Islamabad, Karachi, Tashkent'}}, 'email': 'sonia.barnett@example.com', 'login': {'uuid': 'd03a8cb4-42ea-45dc-a54f-a026bf83569d', 'username': 'yellowostrich141', 'password': 'crazy1', 'salt': 'k5PtZWjt', 'md5': 'd506adea71764470319c0052265ed4b3', 'sha1': '97c6f8575ebf31a35c08aa8a7e776a22cb3962ba', 'sha256': 'cc86f382436f4a09546a9e6d071f8cc9b81094149b9cd8edc0a90664d3320328'}, 'dob': {'date': '1953-07-05T06:25:51.761Z', 'age': 70}, 'registered': {'date': '2010-01-21T03:24:35.874Z', 'age': 14}, 'phone': '09-5133-6827', 'cell': '0455-565-571', 'id': {'name': 'TFN', 'value': '389452539'}, 'picture': {'large': 'https://randomuser.me/api/portraits/women/69.jpg', 'medium': 'https://randomuser.me/api/portraits/med/women/69.jpg', 'thumbnail': 'https://randomuser.me/api/portraits/thumb/women/69.jpg'}, 'nat': 'AU'}], 'info': {'seed': 'f34c154f823273c7', 'results': 1, 'page': 1, 'version': '1.4'}}</msg>
<arg>${json_data}</arg>
<doc>Logs the given message with the given level.</doc>
<status status="PASS" start="2024-05-02T12:26:41.141638" elapsed="0.000201"/>
</kw>
<kw name="Dictionary Should Contain Key" owner="Collections">
<msg time="2024-05-02T12:26:41.142289" level="INFO">False</msg>
<arg>${json_data}</arg>
<arg>results</arg>
<doc>Fails if ``key`` is not found from ``dictionary``.</doc>
<status status="PASS" start="2024-05-02T12:26:41.142132" elapsed="0.000194"/>
</kw>
<kw name="Should Not Be Empty" owner="BuiltIn">
<msg time="2024-05-02T12:26:41.142796" level="INFO">Length is 2.</msg>
<arg>${json_data}</arg>
<doc>Verifies that the given item is not empty.</doc>
<status status="PASS" start="2024-05-02T12:26:41.142665" elapsed="0.000299"/>
</kw>
<kw name="Create List" owner="BuiltIn">
<msg time="2024-05-02T12:26:41.143406" level="INFO">${expected_keys} = ['gender', 'name', 'location', 'email', 'login']</msg>
<var>${expected_keys}</var>
<arg>gender</arg>
<arg>name</arg>
<arg>location</arg>
<arg>email</arg>
<arg>login</arg>
<doc>Returns a list containing given items.</doc>
<status status="PASS" start="2024-05-02T12:26:41.143257" elapsed="0.000173"/>
</kw>
<for flavor="IN">
<iter>
<kw name="Dictionary Should Contain Key" owner="Collections">
<msg time="2024-05-02T12:26:41.144396" level="INFO">False</msg>
<arg>${json_data['results'][0]}</arg>
<arg>${key}</arg>
<doc>Fails if ``key`` is not found from ``dictionary``.</doc>
<status status="PASS" start="2024-05-02T12:26:41.143991" elapsed="0.000443"/>
</kw>
<kw name="Log" owner="BuiltIn">
<msg time="2024-05-02T12:26:41.145091" level="INFO">{'gender': 'female', 'name': {'title': 'Miss', 'first': 'Sonia', 'last': 'Barnett'}, 'location': {'street': {'number': 5555, 'name': 'Spring Hill Rd'}, 'city': 'Shepparton', 'state': 'Northern Territory', 'country': 'Australia', 'postcode': 9155, 'coordinates': {'latitude': '-84.5118', 'longitude': '75.3183'}, 'timezone': {'offset': '+5:00', 'description': 'Ekaterinburg, Islamabad, Karachi, Tashkent'}}, 'email': 'sonia.barnett@example.com', 'login': {'uuid': 'd03a8cb4-42ea-45dc-a54f-a026bf83569d', 'username': 'yellowostrich141', 'password': 'crazy1', 'salt': 'k5PtZWjt', 'md5': 'd506adea71764470319c0052265ed4b3', 'sha1': '97c6f8575ebf31a35c08aa8a7e776a22cb3962ba', 'sha256': 'cc86f382436f4a09546a9e6d071f8cc9b81094149b9cd8edc0a90664d3320328'}, 'dob': {'date': '1953-07-05T06:25:51.761Z', 'age': 70}, 'registered': {'date': '2010-01-21T03:24:35.874Z', 'age': 14}, 'phone': '09-5133-6827', 'cell': '0455-565-571', 'id': {'name': 'TFN', 'value': '389452539'}, 'picture': {'large': 'https://randomuser.me/api/portraits/women/69.jpg', 'medium': 'https://randomuser.me/api/portraits/med/women/69.jpg', 'thumbnail': 'https://randomuser.me/api/portraits/thumb/women/69.jpg'}, 'nat': 'AU'}</msg>
<arg>${json_data['results'][0]}</arg>
<doc>Logs the given message with the given level.</doc>
<status status="PASS" start="2024-05-02T12:26:41.144728" elapsed="0.000412"/>
</kw>
<kw name="Log" owner="BuiltIn">
<msg time="2024-05-02T12:26:41.145561" level="INFO">gender</msg>
<arg>${key}</arg>
<doc>Logs the given message with the given level.</doc>
<status status="PASS" start="2024-05-02T12:26:41.145436" elapsed="0.000161"/>
</kw>
<var name="${key}">gender</var>
<status status="PASS" start="2024-05-02T12:26:41.143869" elapsed="0.001940"/>
</iter>
<iter>
<kw name="Dictionary Should Contain Key" owner="Collections">
<msg time="2024-05-02T12:26:41.146505" level="INFO">False</msg>
<arg>${json_data['results'][0]}</arg>
<arg>${key}</arg>
<doc>Fails if ``key`` is not found from ``dictionary``.</doc>
<status status="PASS" start="2024-05-02T12:26:41.146104" elapsed="0.000473"/>
</kw>
<kw name="Log" owner="BuiltIn">
<msg time="2024-05-02T12:26:41.147228" level="INFO">{'gender': 'female', 'name': {'title': 'Miss', 'first': 'Sonia', 'last': 'Barnett'}, 'location': {'street': {'number': 5555, 'name': 'Spring Hill Rd'}, 'city': 'Shepparton', 'state': 'Northern Territory', 'country': 'Australia', 'postcode': 9155, 'coordinates': {'latitude': '-84.5118', 'longitude': '75.3183'}, 'timezone': {'offset': '+5:00', 'description': 'Ekaterinburg, Islamabad, Karachi, Tashkent'}}, 'email': 'sonia.barnett@example.com', 'login': {'uuid': 'd03a8cb4-42ea-45dc-a54f-a026bf83569d', 'username': 'yellowostrich141', 'password': 'crazy1', 'salt': 'k5PtZWjt', 'md5': 'd506adea71764470319c0052265ed4b3', 'sha1': '97c6f8575ebf31a35c08aa8a7e776a22cb3962ba', 'sha256': 'cc86f382436f4a09546a9e6d071f8cc9b81094149b9cd8edc0a90664d3320328'}, 'dob': {'date': '1953-07-05T06:25:51.761Z', 'age': 70}, 'registered': {'date': '2010-01-21T03:24:35.874Z', 'age': 14}, 'phone': '09-5133-6827', 'cell': '0455-565-571', 'id': {'name': 'TFN', 'value': '389452539'}, 'picture': {'large': 'https://randomuser.me/api/portraits/women/69.jpg', 'medium': 'https://randomuser.me/api/portraits/med/women/69.jpg', 'thumbnail': 'https://randomuser.me/api/portraits/thumb/women/69.jpg'}, 'nat': 'AU'}</msg>
<arg>${json_data['results'][0]}</arg>
<doc>Logs the given message with the given level.</doc>
<status status="PASS" start="2024-05-02T12:26:41.146874" elapsed="0.000403"/>
</kw>
<kw name="Log" owner="BuiltIn">
<msg time="2024-05-02T12:26:41.147690" level="INFO">name</msg>
<arg>${key}</arg>
<doc>Logs the given message with the given level.</doc>
<status status="PASS" start="2024-05-02T12:26:41.147566" elapsed="0.000161"/>
</kw>
<var name="${key}">name</var>
<status status="PASS" start="2024-05-02T12:26:41.145992" elapsed="0.001945"/>
</iter>
<iter>
<kw name="Dictionary Should Contain Key" owner="Collections">
<msg time="2024-05-02T12:26:41.148604" level="INFO">False</msg>
<arg>${json_data['results'][0]}</arg>
<arg>${key}</arg>
<doc>Fails if ``key`` is not found from ``dictionary``.</doc>
<status status="PASS" start="2024-05-02T12:26:41.148224" elapsed="0.000416"/>
</kw>
<kw name="Log" owner="BuiltIn">
<msg time="2024-05-02T12:26:41.149293" level="INFO">{'gender': 'female', 'name': {'title': 'Miss', 'first': 'Sonia', 'last': 'Barnett'}, 'location': {'street': {'number': 5555, 'name': 'Spring Hill Rd'}, 'city': 'Shepparton', 'state': 'Northern Territory', 'country': 'Australia', 'postcode': 9155, 'coordinates': {'latitude': '-84.5118', 'longitude': '75.3183'}, 'timezone': {'offset': '+5:00', 'description': 'Ekaterinburg, Islamabad, Karachi, Tashkent'}}, 'email': 'sonia.barnett@example.com', 'login': {'uuid': 'd03a8cb4-42ea-45dc-a54f-a026bf83569d', 'username': 'yellowostrich141', 'password': 'crazy1', 'salt': 'k5PtZWjt', 'md5': 'd506adea71764470319c0052265ed4b3', 'sha1': '97c6f8575ebf31a35c08aa8a7e776a22cb3962ba', 'sha256': 'cc86f382436f4a09546a9e6d071f8cc9b81094149b9cd8edc0a90664d3320328'}, 'dob': {'date': '1953-07-05T06:25:51.761Z', 'age': 70}, 'registered': {'date': '2010-01-21T03:24:35.874Z', 'age': 14}, 'phone': '09-5133-6827', 'cell': '0455-565-571', 'id': {'name': 'TFN', 'value': '389452539'}, 'picture': {'large': 'https://randomuser.me/api/portraits/women/69.jpg', 'medium': 'https://randomuser.me/api/portraits/med/women/69.jpg', 'thumbnail': 'https://randomuser.me/api/portraits/thumb/women/69.jpg'}, 'nat': 'AU'}</msg>
<arg>${json_data['results'][0]}</arg>
<doc>Logs the given message with the given level.</doc>
<status status="PASS" start="2024-05-02T12:26:41.148936" elapsed="0.000403"/>
</kw>
<kw name="Log" owner="BuiltIn">
<msg time="2024-05-02T12:26:41.149754" level="INFO">location</msg>
<arg>${key}</arg>
<doc>Logs the given message with the given level.</doc>
<status status="PASS" start="2024-05-02T12:26:41.149625" elapsed="0.000166"/>
</kw>
<var name="${key}">location</var>
<status status="PASS" start="2024-05-02T12:26:41.148114" elapsed="0.001885"/>
</iter>
<iter>
<kw name="Dictionary Should Contain Key" owner="Collections">
<msg time="2024-05-02T12:26:41.150683" level="INFO">False</msg>
<arg>${json_data['results'][0]}</arg>
<arg>${key}</arg>
<doc>Fails if ``key`` is not found from ``dictionary``.</doc>
<status status="PASS" start="2024-05-02T12:26:41.150276" elapsed="0.000444"/>
</kw>
<kw name="Log" owner="BuiltIn">
<msg time="2024-05-02T12:26:41.151373" level="INFO">{'gender': 'female', 'name': {'title': 'Miss', 'first': 'Sonia', 'last': 'Barnett'}, 'location': {'street': {'number': 5555, 'name': 'Spring Hill Rd'}, 'city': 'Shepparton', 'state': 'Northern Territory', 'country': 'Australia', 'postcode': 9155, 'coordinates': {'latitude': '-84.5118', 'longitude': '75.3183'}, 'timezone': {'offset': '+5:00', 'description': 'Ekaterinburg, Islamabad, Karachi, Tashkent'}}, 'email': 'sonia.barnett@example.com', 'login': {'uuid': 'd03a8cb4-42ea-45dc-a54f-a026bf83569d', 'username': 'yellowostrich141', 'password': 'crazy1', 'salt': 'k5PtZWjt', 'md5': 'd506adea71764470319c0052265ed4b3', 'sha1': '97c6f8575ebf31a35c08aa8a7e776a22cb3962ba', 'sha256': 'cc86f382436f4a09546a9e6d071f8cc9b81094149b9cd8edc0a90664d3320328'}, 'dob': {'date': '1953-07-05T06:25:51.761Z', 'age': 70}, 'registered': {'date': '2010-01-21T03:24:35.874Z', 'age': 14}, 'phone': '09-5133-6827', 'cell': '0455-565-571', 'id': {'name': 'TFN', 'value': '389452539'}, 'picture': {'large': 'https://randomuser.me/api/portraits/women/69.jpg', 'medium': 'https://randomuser.me/api/portraits/med/women/69.jpg', 'thumbnail': 'https://randomuser.me/api/portraits/thumb/women/69.jpg'}, 'nat': 'AU'}</msg>
<arg>${json_data['results'][0]}</arg>
<doc>Logs the given message with the given level.</doc>
<status status="PASS" start="2024-05-02T12:26:41.151014" elapsed="0.000406"/>
</kw>
<kw name="Log" owner="BuiltIn">
<msg time="2024-05-02T12:26:41.151831" level="INFO">email</msg>
<arg>${key}</arg>
<doc>Logs the given message with the given level.</doc>
<status status="PASS" start="2024-05-02T12:26:41.151708" elapsed="0.000160"/>
</kw>
<var name="${key}">email</var>
<status status="PASS" start="2024-05-02T12:26:41.150168" elapsed="0.001908"/>
</iter>
<iter>
<kw name="Dictionary Should Contain Key" owner="Collections">
<msg time="2024-05-02T12:26:41.152740" level="INFO">False</msg>
<arg>${json_data['results'][0]}</arg>
<arg>${key}</arg>
<doc>Fails if ``key`` is not found from ``dictionary``.</doc>
<status status="PASS" start="2024-05-02T12:26:41.152356" elapsed="0.000420"/>
</kw>
<kw name="Log" owner="BuiltIn">
<msg time="2024-05-02T12:26:41.153425" level="INFO">{'gender': 'female', 'name': {'title': 'Miss', 'first': 'Sonia', 'last': 'Barnett'}, 'location': {'street': {'number': 5555, 'name': 'Spring Hill Rd'}, 'city': 'Shepparton', 'state': 'Northern Territory', 'country': 'Australia', 'postcode': 9155, 'coordinates': {'latitude': '-84.5118', 'longitude': '75.3183'}, 'timezone': {'offset': '+5:00', 'description': 'Ekaterinburg, Islamabad, Karachi, Tashkent'}}, 'email': 'sonia.barnett@example.com', 'login': {'uuid': 'd03a8cb4-42ea-45dc-a54f-a026bf83569d', 'username': 'yellowostrich141', 'password': 'crazy1', 'salt': 'k5PtZWjt', 'md5': 'd506adea71764470319c0052265ed4b3', 'sha1': '97c6f8575ebf31a35c08aa8a7e776a22cb3962ba', 'sha256': 'cc86f382436f4a09546a9e6d071f8cc9b81094149b9cd8edc0a90664d3320328'}, 'dob': {'date': '1953-07-05T06:25:51.761Z', 'age': 70}, 'registered': {'date': '2010-01-21T03:24:35.874Z', 'age': 14}, 'phone': '09-5133-6827', 'cell': '0455-565-571', 'id': {'name': 'TFN', 'value': '389452539'}, 'picture': {'large': 'https://randomuser.me/api/portraits/women/69.jpg', 'medium': 'https://randomuser.me/api/portraits/med/women/69.jpg', 'thumbnail': 'https://randomuser.me/api/portraits/thumb/women/69.jpg'}, 'nat': 'AU'}</msg>
<arg>${json_data['results'][0]}</arg>
<doc>Logs the given message with the given level.</doc>
<status status="PASS" start="2024-05-02T12:26:41.153064" elapsed="0.000407"/>
</kw>
<kw name="Log" owner="BuiltIn">
<msg time="2024-05-02T12:26:41.153886" level="INFO">login</msg>
<arg>${key}</arg>
<doc>Logs the given message with the given level.</doc>
<status status="PASS" start="2024-05-02T12:26:41.153764" elapsed="0.000192"/>
</kw>
<var name="${key}">login</var>
<status status="PASS" start="2024-05-02T12:26:41.152248" elapsed="0.001923"/>
</iter>
<var>${key}</var>
<value>@{expected_keys}</value>
<status status="PASS" start="2024-05-02T12:26:41.143689" elapsed="0.010600"/>
</for>
<kw name="Create List" owner="BuiltIn">
<msg time="2024-05-02T12:26:41.154635" level="INFO">${expected_keysTwo} = ['username', 'password']</msg>
<var>${expected_keysTwo}</var>
<arg>username</arg>
<arg>password</arg>
<doc>Returns a list containing given items.</doc>
<status status="PASS" start="2024-05-02T12:26:41.154497" elapsed="0.000161"/>
</kw>
<for flavor="IN">
<iter>
<kw name="Dictionary Should Contain Key" owner="Collections">
<msg time="2024-05-02T12:26:41.155530" level="INFO">False</msg>
<arg>${json_data['results'][0]['login']}</arg>
<arg>${keyTwo}</arg>
<doc>Fails if ``key`` is not found from ``dictionary``.</doc>
<status status="PASS" start="2024-05-02T12:26:41.155146" elapsed="0.000421"/>
</kw>
<kw name="Dictionary Should Contain Key" owner="Collections">
<msg time="2024-05-02T12:26:41.156226" level="INFO">False</msg>
<arg>${json_data['results'][0]['login']}</arg>
<arg>${keyTwo}</arg>
<doc>Fails if ``key`` is not found from ``dictionary``.</doc>
<status status="PASS" start="2024-05-02T12:26:41.155855" elapsed="0.000407"/>
</kw>
<kw name="Log" owner="BuiltIn">
<msg time="2024-05-02T12:26:41.156672" level="INFO">username</msg>
<arg>${keyTwo}</arg>
<doc>Logs the given message with the given level.</doc>
<status status="PASS" start="2024-05-02T12:26:41.156548" elapsed="0.000165"/>
</kw>
<var name="${keyTwo}">username</var>
<status status="PASS" start="2024-05-02T12:26:41.155038" elapsed="0.001884"/>
</iter>
<iter>
<kw name="Dictionary Should Contain Key" owner="Collections">
<msg time="2024-05-02T12:26:41.157652" level="INFO">False</msg>
<arg>${json_data['results'][0]['login']}</arg>
<arg>${keyTwo}</arg>
<doc>Fails if ``key`` is not found from ``dictionary``.</doc>
<status status="PASS" start="2024-05-02T12:26:41.157198" elapsed="0.000493"/>
</kw>
<kw name="Dictionary Should Contain Key" owner="Collections">
<msg time="2024-05-02T12:26:41.158355" level="INFO">False</msg>
<arg>${json_data['results'][0]['login']}</arg>
<arg>${keyTwo}</arg>
<doc>Fails if ``key`` is not found from ``dictionary``.</doc>
<status status="PASS" start="2024-05-02T12:26:41.157985" elapsed="0.000405"/>
</kw>
<kw name="Log" owner="BuiltIn">
<msg time="2024-05-02T12:26:41.158837" level="INFO">password</msg>
<arg>${keyTwo}</arg>
<doc>Logs the given message with the given level.</doc>
<status status="PASS" start="2024-05-02T12:26:41.158713" elapsed="0.000160"/>
</kw>
<var name="${keyTwo}">password</var>
<status status="PASS" start="2024-05-02T12:26:41.157091" elapsed="0.001989"/>
</iter>
<var>${keyTwo}</var>
<value>@{expected_keysTwo}</value>
<status status="PASS" start="2024-05-02T12:26:41.154891" elapsed="0.004308"/>
</for>
<status status="PASS" start="2024-05-02T12:26:41.021485" elapsed="0.137850"/>
</kw>
<doc>Testa a estrutura da resposta da API.</doc>
<tag>testeEstruturaResposta</tag>
<status status="PASS" start="2024-05-02T12:26:41.021010" elapsed="0.138472"/>
</test>
<test id="s1-s1-t4" name="Validar tipos de dados" line="28">
<kw name="Teste de Tipos de Dados" owner="random-user-service">
<kw name="GET On Session" owner="RequestsLibrary">
<msg time="2024-05-02T12:26:41.222875" level="INFO">GET Request : url=https://randomuser.me/api 
 path_url=/api 
 headers={'User-Agent': 'python-requests/2.31.0', 'Accept-Encoding': 'gzip, deflate', 'Accept': '*/*', 'Connection': 'keep-alive'} 
 body=None 
 </msg>
<msg time="2024-05-02T12:26:41.222936" level="INFO">GET Response : url=https://randomuser.me/api 
 status=200, reason=OK 
 headers={'Date': 'Thu, 02 May 2024 12:26:41 GMT', 'Content-Type': 'application/json; charset=utf-8', 'Transfer-Encoding': 'chunked', 'Connection': 'keep-alive', 'X-Powered-By': 'Express', 'Access-Control-Allow-Origin': '*', 'Cache-Control': 'no-cache', 'ETag': 'W/"487-phV9CAH1uktkyauRjtShztsKskk"', 'Vary': 'Accept-Encoding', 'Content-Encoding': 'gzip', 'CF-Cache-Status': 'DYNAMIC', 'Report-To': '{"endpoints":[{"url":"https:\\/\\/a.nel.cloudflare.com\\/report\\/v4?s=0o1FjmZKC12BR3IVnP5Vy28vMVt13j6dkFV7gtrOGKaNsJF4CzWEZ9kPfb935ucejBCCbLGle%2BTvHShH9zYIvnTEMMIeF%2BHHoGz3dkbKvIMS8JYvp8HaXe9%2B2ZE%2BwvON"}],"group":"cf-nel","max_age":604800}', 'NEL': '{"success_fraction":0,"report_to":"cf-nel","max_age":604800}', 'Server': 'cloudflare', 'CF-RAY': '87d800474bff8737-ORD', 'alt-svc': 'h3=":443"; ma=86400'} 
 body={"results":[{"gender":"female","name":{"title":"Miss","first":"Rozaliya","last":"Ruban"},"location":{"street":{"number":162,"name":"Zvyagilskogo"},"city":"Brovari","state":"Zaporizka","country":"Ukraine","postcode":15058,"coordinates":{"latitude":"75.6059","longitude":"70.1199"},"timezone":{"offset":"+4:00","description":"Abu Dhabi, Muscat, Baku, Tbilisi"}},"email":"rozaliya.ruban@example.com","login":{"uuid":"bb290514-01cd-4cfa-b9ef-1abe642d8bdc","username":"yellowcat677","password":"sword","salt":"eU1X9MEM","md5":"4cb387856701f450e5bb21ffce6d5c56","sha1":"9c689134502d754c39828920f22225210241ae39","sha256":"13baee36d5fb0ad078f525b7edcd2c9254da747087a80e3de99033cb2627238d"},"dob":{"date":"1986-03-12T22:22:30.850Z","age":38},"registered":{"date":"2020-12-27T00:01:33.139Z","age":3},"phone":"(068) E85-7870","cell":"(096) L76-1683","id":{"name":"","value":null},"picture":{"large":"https://randomuser.me/api/portraits/women/37.jpg","medium":"https://randomuser.me/api/portraits/med/women/37.jpg","thumbnail":"https://randomuser.me/api/portraits/thumb/women/37.jpg"},"nat":"UA"}],"info":{"seed":"598feafed59916ad","results":1,"page":1,"version":"1.4"}} 
 </msg>
<msg time="2024-05-02T12:26:41.222991" level="INFO">/opt/hostedtoolcache/Python/3.12.3/x64/lib/python3.12/site-packages/urllib3/connectionpool.py:1103: InsecureRequestWarning: Unverified HTTPS request is being made to host 'randomuser.me'. Adding certificate verification is strongly advised. See: https://urllib3.readthedocs.io/en/latest/advanced-usage.html#tls-warnings
  warnings.warn(</msg>
<msg time="2024-05-02T12:26:41.223090" level="INFO">${response} = &lt;Response [200]&gt;</msg>
<var>${response}</var>
<arg>consultarAPI</arg>
<arg>/api</arg>
<doc>Sends a GET request on a previously created HTTP Session.</doc>
<status status="PASS" start="2024-05-02T12:26:41.161883" elapsed="0.061249"/>
</kw>
<kw name="Set Variable" owner="BuiltIn">
<msg time="2024-05-02T12:26:41.223924" level="INFO">${json_data} = {'results': [{'gender': 'female', 'name': {'title': 'Miss', 'first': 'Rozaliya', 'last': 'Ruban'}, 'location': {'street': {'number': 162, 'name': 'Zvyagilskogo'}, 'city': 'Brovari', 'state': 'Zaporizk...</msg>
<var>${json_data}</var>
<arg>${response.json()}</arg>
<doc>Returns the given values which can then be assigned to a variables.</doc>
<status status="PASS" start="2024-05-02T12:26:41.223479" elapsed="0.000473"/>
</kw>
<kw name="Log" owner="BuiltIn">
<msg time="2024-05-02T12:26:41.224399" level="INFO">{'results': [{'gender': 'female', 'name': {'title': 'Miss', 'first': 'Rozaliya', 'last': 'Ruban'}, 'location': {'street': {'number': 162, 'name': 'Zvyagilskogo'}, 'city': 'Brovari', 'state': 'Zaporizka', 'country': 'Ukraine', 'postcode': 15058, 'coordinates': {'latitude': '75.6059', 'longitude': '70.1199'}, 'timezone': {'offset': '+4:00', 'description': 'Abu Dhabi, Muscat, Baku, Tbilisi'}}, 'email': 'rozaliya.ruban@example.com', 'login': {'uuid': 'bb290514-01cd-4cfa-b9ef-1abe642d8bdc', 'username': 'yellowcat677', 'password': 'sword', 'salt': 'eU1X9MEM', 'md5': '4cb387856701f450e5bb21ffce6d5c56', 'sha1': '9c689134502d754c39828920f22225210241ae39', 'sha256': '13baee36d5fb0ad078f525b7edcd2c9254da747087a80e3de99033cb2627238d'}, 'dob': {'date': '1986-03-12T22:22:30.850Z', 'age': 38}, 'registered': {'date': '2020-12-27T00:01:33.139Z', 'age': 3}, 'phone': '(068) E85-7870', 'cell': '(096) L76-1683', 'id': {'name': '', 'value': None}, 'picture': {'large': 'https://randomuser.me/api/portraits/women/37.jpg', 'medium': 'https://randomuser.me/api/portraits/med/women/37.jpg', 'thumbnail': 'https://randomuser.me/api/portraits/thumb/women/37.jpg'}, 'nat': 'UA'}], 'info': {'seed': '598feafed59916ad', 'results': 1, 'page': 1, 'version': '1.4'}}</msg>
<arg>${json_data}</arg>
<doc>Logs the given message with the given level.</doc>
<status status="PASS" start="2024-05-02T12:26:41.224250" elapsed="0.000225"/>
</kw>
<kw name="Should Be String" owner="String">
<arg>${json_data['results'][0]['gender']}</arg>
<doc>Fails if the given ``item`` is not a string.</doc>
<status status="PASS" start="2024-05-02T12:26:41.224771" elapsed="0.000364"/>
</kw>
<kw name="Should Match Regexp" owner="BuiltIn">
<arg>${json_data['results'][0]['email']}</arg>
<arg>^[a-zA-Z0-9._%+-]+@[a-zA-Z0-9.-]+\.[a-zA-Z]{2,}$</arg>
<doc>Fails if ``string`` does not match ``pattern`` as a regular expression.</doc>
<status status="PASS" start="2024-05-02T12:26:41.225324" elapsed="0.000501"/>
</kw>
<kw name="Should Match Regexp" owner="BuiltIn">
<arg>${json_data['results'][0]['dob']['date']}</arg>
<arg>\\d{4}-\\d{2}-\\d{2}T\\d{2}:\\d{2}:\\d{2}\\.\\d{3}Z</arg>
<doc>Fails if ``string`` does not match ``pattern`` as a regular expression.</doc>
<status status="PASS" start="2024-05-02T12:26:41.226017" elapsed="0.000524"/>
</kw>
<kw name="Should Match Regexp" owner="BuiltIn">
<arg>${json_data['results'][0]['registered']['date']}</arg>
<arg>\\d{4}-\\d{2}-\\d{2}T\\d{2}:\\d{2}:\\d{2}\\.\\d{3}Z</arg>
<doc>Fails if ``string`` does not match ``pattern`` as a regular expression.</doc>
<status status="PASS" start="2024-05-02T12:26:41.226743" elapsed="0.000376"/>
</kw>
<kw name="Should Match Regexp" owner="BuiltIn">
<arg>${json_data['results'][0]['picture']['large']}</arg>
<arg>^https?://.*\.(?:png|jpe?g|gif|bmp)$</arg>
<doc>Fails if ``string`` does not match ``pattern`` as a regular expression.</doc>
<status status="PASS" start="2024-05-02T12:26:41.227313" elapsed="0.000457"/>
</kw>
<kw name="Should Match Regexp" owner="BuiltIn">
<arg>${json_data['results'][0]['picture']['medium']}</arg>
<arg>^https?://.*\.(?:png|jpe?g|gif|bmp)$</arg>
<doc>Fails if ``string`` does not match ``pattern`` as a regular expression.</doc>
<status status="PASS" start="2024-05-02T12:26:41.227955" elapsed="0.000358"/>
</kw>
<kw name="Should Match Regexp" owner="BuiltIn">
<arg>${json_data['results'][0]['picture']['thumbnail']}</arg>
<arg>^https?://.*\.(?:png|jpe?g|gif|bmp)$</arg>
<doc>Fails if ``string`` does not match ``pattern`` as a regular expression.</doc>
<status status="PASS" start="2024-05-02T12:26:41.228498" elapsed="0.000348"/>
</kw>
<kw name="Log" owner="BuiltIn">
<msg time="2024-05-02T12:26:41.229359" level="INFO">{'large': 'https://randomuser.me/api/portraits/women/37.jpg', 'medium': 'https://randomuser.me/api/portraits/med/women/37.jpg', 'thumbnail': 'https://randomuser.me/api/portraits/thumb/women/37.jpg'}</msg>
<arg>${json_data['results'][0]['picture']}</arg>
<doc>Logs the given message with the given level.</doc>
<status status="PASS" start="2024-05-02T12:26:41.229022" elapsed="0.000376"/>
</kw>
<status status="PASS" start="2024-05-02T12:26:41.161665" elapsed="0.067983"/>
</kw>
<kw name="Teste de Tipos de Dados - Postcode" owner="random-user-service">
<kw name="GET On Session" owner="RequestsLibrary">
<msg time="2024-05-02T12:26:41.335165" level="INFO">GET Request : url=https://randomuser.me/api 
 path_url=/api 
 headers={'User-Agent': 'python-requests/2.31.0', 'Accept-Encoding': 'gzip, deflate', 'Accept': '*/*', 'Connection': 'keep-alive'} 
 body=None 
 </msg>
<msg time="2024-05-02T12:26:41.335249" level="INFO">GET Response : url=https://randomuser.me/api 
 status=200, reason=OK 
 headers={'Date': 'Thu, 02 May 2024 12:26:41 GMT', 'Content-Type': 'application/json; charset=utf-8', 'Transfer-Encoding': 'chunked', 'Connection': 'keep-alive', 'X-Powered-By': 'Express', 'Access-Control-Allow-Origin': '*', 'Cache-Control': 'no-cache', 'ETag': 'W/"4b9-KfHMEsPy+0PbGlXhIzUyxcSnZWQ"', 'Vary': 'Accept-Encoding', 'Content-Encoding': 'gzip', 'CF-Cache-Status': 'DYNAMIC', 'Report-To': '{"endpoints":[{"url":"https:\\/\\/a.nel.cloudflare.com\\/report\\/v4?s=vGXS9UdJ7ERFJ7Mt16%2F5At%2F5BOrfuYPqSaBF8vmwB3Ep00Niggs3gljPaeAZ1gifsgYGgUxSRk%2F6Z91zyNf%2BZfqOvU8x9flrkjjHT3FCAokb%2FVAbUdg3rfU7ZaTSTUx2"}],"group":"cf-nel","max_age":604800}', 'NEL': '{"success_fraction":0,"report_to":"cf-nel","max_age":604800}', 'Server': 'cloudflare', 'CF-RAY': '87d80047bc998737-ORD', 'alt-svc': 'h3=":443"; ma=86400'} 
 body={"results":[{"gender":"male","name":{"title":"Mr","first":"Arnoldo","last":"Concepción"},"location":{"street":{"number":6026,"name":"Diagonal Sur Bañuelos"},"city":"San Juan del Llanito","state":"Yucatan","country":"Mexico","postcode":46058,"coordinates":{"latitude":"22.2682","longitude":"-131.5292"},"timezone":{"offset":"+11:00","description":"Magadan, Solomon Islands, New Caledonia"}},"email":"arnoldo.concepcion@example.com","login":{"uuid":"13f99bf6-9aac-4a4f-957e-b207a322fa2d","username":"lazytiger723","password":"electric","salt":"KQOXNs9M","md5":"2ef26b97250454fb36c5ea9143ceac34","sha1":"6b642ed1bec88aa71eba91588bcc611eaafce03d","sha256":"8b384076f8b7977b0f8ede395928c96742e441d1c4efb068234b26602a2fc854"},"dob":{"date":"1954-03-02T02:13:44.725Z","age":70},"registered":{"date":"2002-10-30T00:19:59.927Z","age":21},"phone":"(662) 119 6188","cell":"(671) 317 7319","id":{"name":"NSS","value":"15 60 28 2956 8"},"picture":{"large":"https://randomuser.me/api/portraits/men/49.jpg","medium":"https://randomuser.me/api/portraits/med/men/49.jpg","thumbnail":"https://randomuser.me/api/portraits/thumb/men/49.jpg"},"nat":"MX"}],"info":{"seed":"e1b65cb1828cb1e6","results":1,"page":1,"version":"1.4"}} 
 </msg>
<msg time="2024-05-02T12:26:41.335324" level="INFO">/opt/hostedtoolcache/Python/3.12.3/x64/lib/python3.12/site-packages/urllib3/connectionpool.py:1103: InsecureRequestWarning: Unverified HTTPS request is being made to host 'randomuser.me'. Adding certificate verification is strongly advised. See: https://urllib3.readthedocs.io/en/latest/advanced-usage.html#tls-warnings
  warnings.warn(</msg>
<msg time="2024-05-02T12:26:41.335460" level="INFO">${response} = &lt;Response [200]&gt;</msg>
<var>${response}</var>
<arg>consultarAPI</arg>
<arg>/api</arg>
<doc>Sends a GET request on a previously created HTTP Session.</doc>
<status status="PASS" start="2024-05-02T12:26:41.230085" elapsed="0.105428"/>
</kw>
<kw name="Set Variable" owner="BuiltIn">
<msg time="2024-05-02T12:26:41.336445" level="INFO">${json_data} = {'results': [{'gender': 'male', 'name': {'title': 'Mr', 'first': 'Arnoldo', 'last': 'Concepción'}, 'location': {'street': {'number': 6026, 'name': 'Diagonal Sur Bañuelos'}, 'city': 'San Juan del Llani...</msg>
<var>${json_data}</var>
<arg>${response.json()}</arg>
<doc>Returns the given values which can then be assigned to a variables.</doc>
<status status="PASS" start="2024-05-02T12:26:41.335957" elapsed="0.000516"/>
</kw>
<kw name="Log" owner="BuiltIn">
<msg time="2024-05-02T12:26:41.336933" level="INFO">{'results': [{'gender': 'male', 'name': {'title': 'Mr', 'first': 'Arnoldo', 'last': 'Concepción'}, 'location': {'street': {'number': 6026, 'name': 'Diagonal Sur Bañuelos'}, 'city': 'San Juan del Llanito', 'state': 'Yucatan', 'country': 'Mexico', 'postcode': 46058, 'coordinates': {'latitude': '22.2682', 'longitude': '-131.5292'}, 'timezone': {'offset': '+11:00', 'description': 'Magadan, Solomon Islands, New Caledonia'}}, 'email': 'arnoldo.concepcion@example.com', 'login': {'uuid': '13f99bf6-9aac-4a4f-957e-b207a322fa2d', 'username': 'lazytiger723', 'password': 'electric', 'salt': 'KQOXNs9M', 'md5': '2ef26b97250454fb36c5ea9143ceac34', 'sha1': '6b642ed1bec88aa71eba91588bcc611eaafce03d', 'sha256': '8b384076f8b7977b0f8ede395928c96742e441d1c4efb068234b26602a2fc854'}, 'dob': {'date': '1954-03-02T02:13:44.725Z', 'age': 70}, 'registered': {'date': '2002-10-30T00:19:59.927Z', 'age': 21}, 'phone': '(662) 119 6188', 'cell': '(671) 317 7319', 'id': {'name': 'NSS', 'value': '15 60 28 2956 8'}, 'picture': {'large': 'https://randomuser.me/api/portraits/men/49.jpg', 'medium': 'https://randomuser.me/api/portraits/med/men/49.jpg', 'thumbnail': 'https://randomuser.me/api/portraits/thumb/men/49.jpg'}, 'nat': 'MX'}], 'info': {'seed': 'e1b65cb1828cb1e6', 'results': 1, 'page': 1, 'version': '1.4'}}</msg>
<arg>${json_data}</arg>
<doc>Logs the given message with the given level.</doc>
<status status="PASS" start="2024-05-02T12:26:41.336778" elapsed="0.000235"/>
</kw>
<kw name="Should Be Equal As Numbers" owner="BuiltIn">
<arg>${json_data['results'][0]['location']['postcode']}</arg>
<arg>${json_data['results'][0]['location']['postcode']}</arg>
<doc>Fails if objects are unequal after converting them to real numbers.</doc>
<status status="PASS" start="2024-05-02T12:26:41.337454" elapsed="0.000623"/>
</kw>
<kw name="Log" owner="BuiltIn">
<msg time="2024-05-02T12:26:41.338660" level="INFO">46058</msg>
<arg>${json_data['results'][0]['location']['postcode']}</arg>
<doc>Logs the given message with the given level.</doc>
<status status="PASS" start="2024-05-02T12:26:41.338277" elapsed="0.000424"/>
</kw>
<status status="PASS" start="2024-05-02T12:26:41.229869" elapsed="0.109084"/>
</kw>
<doc>Testa se os tipos de dados na resposta da API estão corretos.</doc>
<tag>testeTiposDados</tag>
<status status="PASS" start="2024-05-02T12:26:41.161240" elapsed="0.177885"/>
</test>
<test id="s1-s1-t5" name="Validar conteudo" line="35">
<kw name="Teste de Tipos de Conteudo" owner="random-user-service">
<kw name="GET On Session" owner="RequestsLibrary">
<msg time="2024-05-02T12:26:41.419384" level="INFO">GET Request : url=https://randomuser.me/api 
 path_url=/api 
 headers={'User-Agent': 'python-requests/2.31.0', 'Accept-Encoding': 'gzip, deflate', 'Accept': '*/*', 'Connection': 'keep-alive'} 
 body=None 
 </msg>
<msg time="2024-05-02T12:26:41.419474" level="INFO">GET Response : url=https://randomuser.me/api 
 status=200, reason=OK 
 headers={'Date': 'Thu, 02 May 2024 12:26:41 GMT', 'Content-Type': 'application/json; charset=utf-8', 'Transfer-Encoding': 'chunked', 'Connection': 'keep-alive', 'X-Powered-By': 'Express', 'Access-Control-Allow-Origin': '*', 'Cache-Control': 'no-cache', 'ETag': 'W/"47c-T0LLExkb/j7nckSTxJ4rjPEpQGE"', 'Vary': 'Accept-Encoding', 'Content-Encoding': 'gzip', 'CF-Cache-Status': 'DYNAMIC', 'Report-To': '{"endpoints":[{"url":"https:\\/\\/a.nel.cloudflare.com\\/report\\/v4?s=2OufGzK43pEUq7mNBXDTjL%2BJMo42GAZQyLR90bTEL3CjIULIz1T5oQbr0SQVrcYYTgSzO5oStvD6SfIm6Zy9AQbqh3WUjZRv6hbtu0tSEoUKpNBSHLBm5r%2FEQJSYW047"}],"group":"cf-nel","max_age":604800}', 'NEL': '{"success_fraction":0,"report_to":"cf-nel","max_age":604800}', 'Server': 'cloudflare', 'CF-RAY': '87d800486d7a8737-ORD', 'alt-svc': 'h3=":443"; ma=86400'} 
 body={"results":[{"gender":"female","name":{"title":"Mrs","first":"Florence","last":"Roberts"},"location":{"street":{"number":2720,"name":"Pah Road"},"city":"Masterton","state":"Waikato","country":"New Zealand","postcode":36118,"coordinates":{"latitude":"53.4000","longitude":"94.2431"},"timezone":{"offset":"-3:30","description":"Newfoundland"}},"email":"florence.roberts@example.com","login":{"uuid":"49854a6d-465d-4369-b8f3-ccd1a60e89ff","username":"bluerabbit821","password":"voyager1","salt":"yw2oxMEH","md5":"4da50e02810f7a027cd772414e3bd42b","sha1":"9fee3071d166de263e947abc96af7b88a98376e2","sha256":"e3e2018e1418390f951b759491fa1faecd298e703b2271a1d446d409d5ace814"},"dob":{"date":"1991-05-20T16:08:57.743Z","age":32},"registered":{"date":"2004-02-11T08:18:37.397Z","age":20},"phone":"(409)-559-9059","cell":"(908)-961-5350","id":{"name":"","value":null},"picture":{"large":"https://randomuser.me/api/portraits/women/61.jpg","medium":"https://randomuser.me/api/portraits/med/women/61.jpg","thumbnail":"https://randomuser.me/api/portraits/thumb/women/61.jpg"},"nat":"NZ"}],"info":{"seed":"e778d36ad6f8e70d","results":1,"page":1,"version":"1.4"}} 
 </msg>
<msg time="2024-05-02T12:26:41.419539" level="INFO">/opt/hostedtoolcache/Python/3.12.3/x64/lib/python3.12/site-packages/urllib3/connectionpool.py:1103: InsecureRequestWarning: Unverified HTTPS request is being made to host 'randomuser.me'. Adding certificate verification is strongly advised. See: https://urllib3.readthedocs.io/en/latest/advanced-usage.html#tls-warnings
  warnings.warn(</msg>
<msg time="2024-05-02T12:26:41.419668" level="INFO">${response} = &lt;Response [200]&gt;</msg>
<var>${response}</var>
<arg>consultarAPI</arg>
<arg>/api</arg>
<doc>Sends a GET request on a previously created HTTP Session.</doc>
<status status="PASS" start="2024-05-02T12:26:41.341554" elapsed="0.078154"/>
</kw>
<kw name="Set Variable" owner="BuiltIn">
<msg time="2024-05-02T12:26:41.420693" level="INFO">${json_data} = {'results': [{'gender': 'female', 'name': {'title': 'Mrs', 'first': 'Florence', 'last': 'Roberts'}, 'location': {'street': {'number': 2720, 'name': 'Pah Road'}, 'city': 'Masterton', 'state': 'Waikato'...</msg>
<var>${json_data}</var>
<arg>${response.json()}</arg>
<doc>Returns the given values which can then be assigned to a variables.</doc>
<status status="PASS" start="2024-05-02T12:26:41.420198" elapsed="0.000523"/>
</kw>
<kw name="Set Variable" owner="BuiltIn">
<msg time="2024-05-02T12:26:41.421404" level="INFO">${name_title} = Mrs</msg>
<var>${name_title}</var>
<arg>${json_data["results"][0]["name"]["title"]}</arg>
<doc>Returns the given values which can then be assigned to a variables.</doc>
<status status="PASS" start="2024-05-02T12:26:41.421022" elapsed="0.000407"/>
</kw>
<kw name="Create List" owner="BuiltIn">
<msg time="2024-05-02T12:26:41.421870" level="INFO">${allowed_titles} = ['Mr', 'Ms', 'Miss', 'Mrs', 'Madame', 'Monsieur']</msg>
<var>${allowed_titles}</var>
<arg>Mr</arg>
<arg>Ms</arg>
<arg>Miss</arg>
<arg>Mrs</arg>
<arg>Madame</arg>
<arg>Monsieur</arg>
<doc>Returns a list containing given items.</doc>
<status status="PASS" start="2024-05-02T12:26:41.421726" elapsed="0.000167"/>
</kw>
<kw name="List Should Contain Value" owner="Collections">
<msg time="2024-05-02T12:26:41.422379" level="INFO">False</msg>
<arg>${allowed_titles}</arg>
<arg>${name_title}</arg>
<doc>Fails if the ``value`` is not found from ``list``.</doc>
<status status="PASS" start="2024-05-02T12:26:41.422204" elapsed="0.000211"/>
</kw>
<kw name="Set Variable" owner="BuiltIn">
<msg time="2024-05-02T12:26:41.423134" level="INFO">${name_country} = NZ</msg>
<var>${name_country}</var>
<arg>${json_data["results"][0]["nat"]}</arg>
<doc>Returns the given values which can then be assigned to a variables.</doc>
<status status="PASS" start="2024-05-02T12:26:41.422755" elapsed="0.000404"/>
</kw>
<kw name="Create List" owner="BuiltIn">
<msg time="2024-05-02T12:26:41.424038" level="INFO">${list_country} = ['AD', 'AE', 'AF', 'AG', 'AI', 'AL', 'AM', 'AO', 'AQ', 'AR', 'AS', 'AT', 'AU', 'AW', 'AX', 'AZ', 'BA', 'BB', 'BD', 'BE', 'BF', 'BG', 'BH', 'BI', 'BJ', 'BL', 'BM', 'BN', 'BO', 'BQ', 'BR', 'BS', 'BT', '...</msg>
<var>${list_country}</var>
<arg>AD</arg>
<arg>AE</arg>
<arg>AF</arg>
<arg>AG</arg>
<arg>AI</arg>
<arg>AL</arg>
<arg>AM</arg>
<arg>AO</arg>
<arg>AQ</arg>
<arg>AR</arg>
<arg>AS</arg>
<arg>AT</arg>
<arg>AU</arg>
<arg>AW</arg>
<arg>AX</arg>
<arg>AZ</arg>
<arg>BA</arg>
<arg>BB</arg>
<arg>BD</arg>
<arg>BE</arg>
<arg>BF</arg>
<arg>BG</arg>
<arg>BH</arg>
<arg>BI</arg>
<arg>BJ</arg>
<arg>BL</arg>
<arg>BM</arg>
<arg>BN</arg>
<arg>BO</arg>
<arg>BQ</arg>
<arg>BR</arg>
<arg>BS</arg>
<arg>BT</arg>
<arg>BV</arg>
<arg>BW</arg>
<arg>BY</arg>
<arg>BZ</arg>
<arg>CA</arg>
<arg>CC</arg>
<arg>CD</arg>
<arg>CF</arg>
<arg>CG</arg>
<arg>CH</arg>
<arg>CI</arg>
<arg>CK</arg>
<arg>CL</arg>
<arg>CM</arg>
<arg>CN</arg>
<arg>CO</arg>
<arg>CR</arg>
<arg>CU</arg>
<arg>CV</arg>
<arg>CW</arg>
<arg>CX</arg>
<arg>CY</arg>
<arg>CZ</arg>
<arg>DE</arg>
<arg>DJ</arg>
<arg>DK</arg>
<arg>DM</arg>
<arg>DO</arg>
<arg>DZ</arg>
<arg>EC</arg>
<arg>EE</arg>
<arg>EG</arg>
<arg>EH</arg>
<arg>ER</arg>
<arg>ES</arg>
<arg>ET</arg>
<arg>FI</arg>
<arg>FJ</arg>
<arg>FK</arg>
<arg>FM</arg>
<arg>FO</arg>
<arg>FR</arg>
<arg>GA</arg>
<arg>GB</arg>
<arg>GD</arg>
<arg>GE</arg>
<arg>GF</arg>
<arg>GG</arg>
<arg>GH</arg>
<arg>GI</arg>
<arg>GL</arg>
<arg>GM</arg>
<arg>GN</arg>
<arg>GP</arg>
<arg>GQ</arg>
<arg>GR</arg>
<arg>GS</arg>
<arg>GT</arg>
<arg>GU</arg>
<arg>GW</arg>
<arg>GY</arg>
<arg>HK</arg>
<arg>HM</arg>
<arg>HN</arg>
<arg>HR</arg>
<arg>HT</arg>
<arg>HU</arg>
<arg>ID</arg>
<arg>IE</arg>
<arg>IL</arg>
<arg>IM</arg>
<arg>IN</arg>
<arg>IO</arg>
<arg>IQ</arg>
<arg>IR</arg>
<arg>IS</arg>
<arg>IT</arg>
<arg>JE</arg>
<arg>JM</arg>
<arg>JO</arg>
<arg>JP</arg>
<arg>KE</arg>
<arg>KG</arg>
<arg>KH</arg>
<arg>KI</arg>
<arg>KM</arg>
<arg>KN</arg>
<arg>KP</arg>
<arg>KR</arg>
<arg>KW</arg>
<arg>KY</arg>
<arg>KZ</arg>
<arg>LA</arg>
<arg>LB</arg>
<arg>LC</arg>
<arg>LI</arg>
<arg>LK</arg>
<arg>LR</arg>
<arg>LS</arg>
<arg>LT</arg>
<arg>LU</arg>
<arg>LV</arg>
<arg>LY</arg>
<arg>MA</arg>
<arg>MC</arg>
<arg>MD</arg>
<arg>ME</arg>
<arg>MF</arg>
<arg>MG</arg>
<arg>MH</arg>
<arg>MK</arg>
<arg>ML</arg>
<arg>MM</arg>
<arg>MN</arg>
<arg>MO</arg>
<arg>MP</arg>
<arg>MQ</arg>
<arg>MR</arg>
<arg>MS</arg>
<arg>MT</arg>
<arg>MU</arg>
<arg>MV</arg>
<arg>MW</arg>
<arg>MX</arg>
<arg>MY</arg>
<arg>MZ</arg>
<arg>NA</arg>
<arg>NC</arg>
<arg>NE</arg>
<arg>NF</arg>
<arg>NG</arg>
<arg>NI</arg>
<arg>NL</arg>
<arg>NO</arg>
<arg>NP</arg>
<arg>NR</arg>
<arg>NU</arg>
<arg>NZ</arg>
<arg>OM</arg>
<arg>PA</arg>
<arg>PE</arg>
<arg>PF</arg>
<arg>PG</arg>
<arg>PH</arg>
<arg>PK</arg>
<arg>PL</arg>
<arg>PM</arg>
<arg>PN</arg>
<arg>PR</arg>
<arg>PS</arg>
<arg>PT</arg>
<arg>PW</arg>
<arg>PY</arg>
<arg>QA</arg>
<arg>RE</arg>
<arg>RO</arg>
<arg>RS</arg>
<arg>RU</arg>
<arg>RW</arg>
<arg>SA</arg>
<arg>SB</arg>
<arg>SC</arg>
<arg>SD</arg>
<arg>SE</arg>
<arg>SG</arg>
<arg>SH</arg>
<arg>SI</arg>
<arg>SJ</arg>
<arg>SK</arg>
<arg>SL</arg>
<arg>SM</arg>
<arg>SN</arg>
<arg>SO</arg>
<arg>SR</arg>
<arg>SS</arg>
<arg>ST</arg>
<arg>SV</arg>
<arg>SX</arg>
<arg>SY</arg>
<arg>SZ</arg>
<arg>TC</arg>
<arg>TD</arg>
<arg>TF</arg>
<arg>TG</arg>
<arg>TH</arg>
<arg>TJ</arg>
<arg>TK</arg>
<arg>TL</arg>
<arg>TM</arg>
<arg>TN</arg>
<arg>TO</arg>
<arg>TR</arg>
<arg>TT</arg>
<arg>TV</arg>
<arg>TW</arg>
<arg>TZ</arg>
<arg>UA</arg>
<arg>UG</arg>
<arg>UM</arg>
<arg>US</arg>
<arg>UY</arg>
<arg>UZ</arg>
<arg>VA</arg>
<arg>VC</arg>
<arg>VE</arg>
<arg>VG</arg>
<arg>VI</arg>
<arg>VN</arg>
<arg>VU</arg>
<arg>WF</arg>
<arg>WS</arg>
<arg>XK</arg>
<arg>YE</arg>
<arg>YT</arg>
<arg>ZA</arg>
<arg>ZM</arg>
<arg>ZW</arg>
<doc>Returns a list containing given items.</doc>
<status status="PASS" start="2024-05-02T12:26:41.423455" elapsed="0.000609"/>
</kw>
<kw name="List Should Contain Value" owner="Collections">
<msg time="2024-05-02T12:26:41.425045" level="INFO">False</msg>
<arg>${list_country}</arg>
<arg>${name_country}</arg>
<doc>Fails if the ``value`` is not found from ``list``.</doc>
<status status="PASS" start="2024-05-02T12:26:41.424849" elapsed="0.000232"/>
</kw>
<kw name="Run Keyword If" owner="BuiltIn">
<kw name="Should Be True" owner="BuiltIn">
<arg>${True}</arg>
<doc>Fails if the given condition is not true.</doc>
<status status="PASS" start="2024-05-02T12:26:41.426150" elapsed="0.000255"/>
</kw>
<arg>${json_data["results"][0]["location"]["coordinates"]["latitude"]} &gt;= -90 and ${json_data["results"][0]["location"]["coordinates"]["latitude"]} &lt;= 90</arg>
<arg>Should Be True</arg>
<arg>${True}</arg>
<doc>Runs the given keyword with the given arguments, if ``condition`` is true.</doc>
<status status="PASS" start="2024-05-02T12:26:41.425391" elapsed="0.001174"/>
</kw>
<kw name="Run Keyword If" owner="BuiltIn">
<kw name="Should Be True" owner="BuiltIn">
<arg>${True}</arg>
<doc>Fails if the given condition is not true.</doc>
<status status="PASS" start="2024-05-02T12:26:41.427460" elapsed="0.000136"/>
</kw>
<arg>${json_data["results"][0]["location"]["coordinates"]["longitude"]} &gt;= -180 and ${json_data["results"][0]["location"]["coordinates"]["longitude"]} &lt;= 180</arg>
<arg>Should Be True</arg>
<arg>${True}</arg>
<doc>Runs the given keyword with the given arguments, if ``condition`` is true.</doc>
<status status="PASS" start="2024-05-02T12:26:41.426751" elapsed="0.000965"/>
</kw>
<status status="PASS" start="2024-05-02T12:26:41.341332" elapsed="0.086515"/>
</kw>
<doc>Testa o conteúdo específico dos campos retornados pela API.</doc>
<tag>testeConteudo</tag>
<status status="PASS" start="2024-05-02T12:26:41.340900" elapsed="0.087096"/>
</test>
<status status="PASS" start="2024-05-02T12:26:40.613248" elapsed="0.816695"/>
</suite>
<status status="PASS" start="2024-05-02T12:26:40.599979" elapsed="0.835058"/>
</suite>
<statistics>
<total>
<stat pass="5" fail="0" skip="0">All Tests</stat>
</total>
<tag>
<stat pass="1" fail="0" skip="0">testeConteudo</stat>
<stat pass="1" fail="0" skip="0">testeEstruturaResposta</stat>
<stat pass="1" fail="0" skip="0">testeRequisicaoBasica</stat>
<stat pass="1" fail="0" skip="0">testeTiposDados</stat>
</tag>
<suite>
<stat pass="5" fail="0" skip="0" id="s1" name="Tests">Tests</stat>
<stat pass="5" fail="0" skip="0" id="s1-s1" name="Random-User-Test">Tests.Random-User-Test</stat>
</suite>
</statistics>
<errors>
</errors>
</robot>
