<?xml version="1.0" encoding="UTF-8"?>
<robot generator="Robot 7.0.1 (Python 3.12.4 on linux)" generated="2024-07-16T17:13:28.960606" rpa="false" schemaversion="5">
<suite id="s1" name="Tests" source="/home/runner/work/ApiRandomUser/ApiRandomUser/RamdonUser/tests">
<suite id="s1-s1" name="Random-User-Test" source="/home/runner/work/ApiRandomUser/ApiRandomUser/RamdonUser/tests/random-user-test.robot">
<test id="s1-s1-t1" name="Conectar" line="13">
<kw name="Conectar API" owner="random-user-service">
<kw name="Create Session" owner="RequestsLibrary">
<msg time="2024-07-16T17:13:29.357886" level="INFO">Creating Session using : alias=consultarAPI, url=https://randomuser.me/, headers={},                     cookies={}, auth=None, timeout=None, proxies=None, verify=False,                     debug=0 </msg>
<arg>consultarAPI</arg>
<arg>${URL}</arg>
<doc>Create Session: create a HTTP session to a server</doc>
<status status="PASS" start="2024-07-16T17:13:29.357682" elapsed="0.000386"/>
</kw>
<status status="PASS" start="2024-07-16T17:13:29.356702" elapsed="0.001758"/>
</kw>
<status status="PASS" start="2024-07-16T17:13:29.356079" elapsed="0.002571"/>
</test>
<test id="s1-s1-t2" name="Validar retorno 200 e JSON Válido" line="16">
<kw name="Teste de Requisicao Basica" owner="random-user-service">
<kw name="GET On Session" owner="RequestsLibrary">
<msg time="2024-07-16T17:13:29.450580" level="INFO">GET Request : url=https://randomuser.me/api 
 path_url=/api 
 headers={'User-Agent': 'python-requests/2.32.3', 'Accept-Encoding': 'gzip, deflate', 'Accept': '*/*', 'Connection': 'keep-alive'} 
 body=None 
 </msg>
<msg time="2024-07-16T17:13:29.450732" level="INFO">GET Response : url=https://randomuser.me/api 
 status=200, reason=OK 
 headers={'Date': 'Tue, 16 Jul 2024 17:13:29 GMT', 'Content-Type': 'application/json; charset=utf-8', 'Transfer-Encoding': 'chunked', 'Connection': 'keep-alive', 'X-Powered-By': 'Express', 'Access-Control-Allow-Origin': '*', 'Cache-Control': 'no-cache', 'ETag': 'W/"4a5-/V5bIq9xrNkT6q4UTr94PgCBr7Q"', 'Vary': 'Accept-Encoding', 'Content-Encoding': 'gzip', 'CF-Cache-Status': 'DYNAMIC', 'Report-To': '{"endpoints":[{"url":"https:\\/\\/a.nel.cloudflare.com\\/report\\/v4?s=UzqEyKRuoLKKGAb%2FChtjAeoorCMf%2BfQFHFGILrGedyVGNo9K8Gdk7UvMfUWkK3UFdSFMSpQAL6QRYKTHPXQs3u8sw01ei1Vn5x99hjkPAn6g9%2FahjAJ7DtJIMLqCC3vy"}],"group":"cf-nel","max_age":604800}', 'NEL': '{"success_fraction":0,"report_to":"cf-nel","max_age":604800}', 'Server': 'cloudflare', 'CF-RAY': '8a439f86bb6213cf-ORD', 'alt-svc': 'h3=":443"; ma=86400'} 
 body={"results":[{"gender":"female","name":{"title":"Mrs","first":"Olivia","last":"Jean-Baptiste"},"location":{"street":{"number":5830,"name":"Concession Road 23"},"city":"Southampton","state":"Ontario","country":"Canada","postcode":"K2K 3U1","coordinates":{"latitude":"-70.7651","longitude":"142.9548"},"timezone":{"offset":"-7:00","description":"Mountain Time (US &amp; Canada)"}},"email":"olivia.jean-baptiste@example.com","login":{"uuid":"d6a295c9-dc79-48b4-8341-3905ebbd6d11","username":"bigelephant615","password":"dogman","salt":"VBJGRrrp","md5":"eebd45d0a6d2ed139348cadb1b59737e","sha1":"bddb8ef4ecead3925274049cefebfe7de3090b81","sha256":"14dc2e90c31af7055e0f5b5768415e68792c5db17503b3978c18ac1ddc4e45f2"},"dob":{"date":"1945-05-02T04:45:08.531Z","age":79},"registered":{"date":"2009-02-04T14:06:33.544Z","age":15},"phone":"T68 J80-0534","cell":"V87 D02-4570","id":{"name":"SIN","value":"092913375"},"picture":{"large":"https://randomuser.me/api/portraits/women/88.jpg","medium":"https://randomuser.me/api/portraits/med/women/88.jpg","thumbnail":"https://randomuser.me/api/portraits/thumb/women/88.jpg"},"nat":"CA"}],"info":{"seed":"7fc18592ea605602","results":1,"page":1,"version":"1.4"}} 
 </msg>
<msg time="2024-07-16T17:13:29.450815" level="INFO">/opt/hostedtoolcache/Python/3.12.4/x64/lib/python3.12/site-packages/urllib3/connectionpool.py:1099: InsecureRequestWarning: Unverified HTTPS request is being made to host 'randomuser.me'. Adding certificate verification is strongly advised. See: https://urllib3.readthedocs.io/en/latest/advanced-usage.html#tls-warnings
  warnings.warn(</msg>
<msg time="2024-07-16T17:13:29.450984" level="INFO">${response} = &lt;Response [200]&gt;</msg>
<var>${response}</var>
<arg>consultarAPI</arg>
<arg>/api</arg>
<doc>Sends a GET request on a previously created HTTP Session.</doc>
<status status="PASS" start="2024-07-16T17:13:29.361273" elapsed="0.089759"/>
</kw>
<kw name="Should Be Equal As Numbers" owner="BuiltIn">
<msg time="2024-07-16T17:13:29.452046" level="INFO">Argument types are:
&lt;class 'int'&gt;
&lt;class 'str'&gt;</msg>
<arg>${response.status_code}</arg>
<arg>200</arg>
<doc>Fails if objects are unequal after converting them to real numbers.</doc>
<status status="PASS" start="2024-07-16T17:13:29.451573" elapsed="0.000539"/>
</kw>
<kw name="Log" owner="BuiltIn">
<msg time="2024-07-16T17:13:29.452769" level="INFO">200</msg>
<arg>${response.status_code}</arg>
<doc>Logs the given message with the given level.</doc>
<status status="PASS" start="2024-07-16T17:13:29.452426" elapsed="0.000384"/>
</kw>
<kw name="Set Variable" owner="BuiltIn">
<msg time="2024-07-16T17:13:29.453540" level="INFO">${json_data} = {'results': [{'gender': 'female', 'name': {'title': 'Mrs', 'first': 'Olivia', 'last': 'Jean-Baptiste'}, 'location': {'street': {'number': 5830, 'name': 'Concession Road 23'}, 'city': 'Southampton', 's...</msg>
<var>${json_data}</var>
<arg>${response.json()}</arg>
<doc>Returns the given values which can then be assigned to a variables.</doc>
<status status="PASS" start="2024-07-16T17:13:29.453112" elapsed="0.000456"/>
</kw>
<kw name="Dictionary Should Contain Key" owner="Collections">
<arg>${json_data}</arg>
<arg>results</arg>
<doc>Fails if ``key`` is not found from ``dictionary``.</doc>
<status status="PASS" start="2024-07-16T17:13:29.453865" elapsed="0.000164"/>
</kw>
<status status="PASS" start="2024-07-16T17:13:29.361027" elapsed="0.093153"/>
</kw>
<doc>Testa se a API responde corretamente e retorna um objeto JSON válido.</doc>
<tag>testeRequisicaoBasica</tag>
<status status="PASS" start="2024-07-16T17:13:29.360518" elapsed="0.093892"/>
</test>
<test id="s1-s1-t3" name="Validar estrutura de resposta" line="22">
<kw name="Teste de Estrutura de Resposta" owner="random-user-service">
<kw name="GET On Session" owner="RequestsLibrary">
<msg time="2024-07-16T17:13:29.596414" level="INFO">GET Request : url=https://randomuser.me/api 
 path_url=/api 
 headers={'User-Agent': 'python-requests/2.32.3', 'Accept-Encoding': 'gzip, deflate', 'Accept': '*/*', 'Connection': 'keep-alive'} 
 body=None 
 </msg>
<msg time="2024-07-16T17:13:29.596527" level="INFO">GET Response : url=https://randomuser.me/api 
 status=200, reason=OK 
 headers={'Date': 'Tue, 16 Jul 2024 17:13:29 GMT', 'Content-Type': 'application/json; charset=utf-8', 'Transfer-Encoding': 'chunked', 'Connection': 'keep-alive', 'X-Powered-By': 'Express', 'Access-Control-Allow-Origin': '*', 'Cache-Control': 'no-cache', 'ETag': 'W/"4a3-Kx11Hv+wVPgPu3I8223A+xW56KA"', 'Vary': 'Accept-Encoding', 'Content-Encoding': 'gzip', 'CF-Cache-Status': 'DYNAMIC', 'Report-To': '{"endpoints":[{"url":"https:\\/\\/a.nel.cloudflare.com\\/report\\/v4?s=1PFUn8J1X5obbhB2I0b79iJncu2Qhso%2BoZsiGLJrFIDs1aBLq%2BBeK6TgKmT6iW1Nxm2XzYunxEjGBERiG9Kyqg4Hr5eejXJS%2F9%2FiIPNBJv2pGU9XTx8dhhe7QRrBBi0C"}],"group":"cf-nel","max_age":604800}', 'NEL': '{"success_fraction":0,"report_to":"cf-nel","max_age":604800}', 'Server': 'cloudflare', 'CF-RAY': '8a439f871c1f13cf-ORD', 'alt-svc': 'h3=":443"; ma=86400'} 
 body={"results":[{"gender":"male","name":{"title":"Monsieur","first":"Luca","last":"Andre"},"location":{"street":{"number":4552,"name":"Rue de la Baleine"},"city":"Allmendingen","state":"St. Gallen","country":"Switzerland","postcode":2681,"coordinates":{"latitude":"-64.0311","longitude":"-34.6434"},"timezone":{"offset":"-4:00","description":"Atlantic Time (Canada), Caracas, La Paz"}},"email":"luca.andre@example.com","login":{"uuid":"904790b9-0b2b-41dc-9a50-b7532ad4bbb4","username":"greenbird769","password":"ooooo","salt":"dTiSeZW3","md5":"f8fb7f605d03d121470a35271487e1fa","sha1":"5c0c2e26d39632b302ceeb04d0fdd364d0cf457d","sha256":"8c843d59953f903c61c0606011b83830a30534a40da26167b084181dc2da9ec6"},"dob":{"date":"1969-11-07T19:23:24.443Z","age":54},"registered":{"date":"2009-08-28T21:24:08.807Z","age":14},"phone":"078 827 77 27","cell":"076 871 15 13","id":{"name":"AVS","value":"756.9401.2779.05"},"picture":{"large":"https://randomuser.me/api/portraits/men/22.jpg","medium":"https://randomuser.me/api/portraits/med/men/22.jpg","thumbnail":"https://randomuser.me/api/portraits/thumb/men/22.jpg"},"nat":"CH"}],"info":{"seed":"4c39b4a4066832a7","results":1,"page":1,"version":"1.4"}} 
 </msg>
<msg time="2024-07-16T17:13:29.596663" level="INFO">/opt/hostedtoolcache/Python/3.12.4/x64/lib/python3.12/site-packages/urllib3/connectionpool.py:1099: InsecureRequestWarning: Unverified HTTPS request is being made to host 'randomuser.me'. Adding certificate verification is strongly advised. See: https://urllib3.readthedocs.io/en/latest/advanced-usage.html#tls-warnings
  warnings.warn(</msg>
<msg time="2024-07-16T17:13:29.596812" level="INFO">${response} = &lt;Response [200]&gt;</msg>
<var>${response}</var>
<arg>consultarAPI</arg>
<arg>/api</arg>
<doc>Sends a GET request on a previously created HTTP Session.</doc>
<status status="PASS" start="2024-07-16T17:13:29.457006" elapsed="0.139838"/>
</kw>
<kw name="Set Variable" owner="BuiltIn">
<msg time="2024-07-16T17:13:29.597866" level="INFO">${json_data} = {'results': [{'gender': 'male', 'name': {'title': 'Monsieur', 'first': 'Luca', 'last': 'Andre'}, 'location': {'street': {'number': 4552, 'name': 'Rue de la Baleine'}, 'city': 'Allmendingen', 'state': ...</msg>
<var>${json_data}</var>
<arg>${response.json()}</arg>
<doc>Returns the given values which can then be assigned to a variables.</doc>
<status status="PASS" start="2024-07-16T17:13:29.597352" elapsed="0.000542"/>
</kw>
<kw name="Log" owner="BuiltIn">
<msg time="2024-07-16T17:13:29.598388" level="INFO">{'results': [{'gender': 'male', 'name': {'title': 'Monsieur', 'first': 'Luca', 'last': 'Andre'}, 'location': {'street': {'number': 4552, 'name': 'Rue de la Baleine'}, 'city': 'Allmendingen', 'state': 'St. Gallen', 'country': 'Switzerland', 'postcode': 2681, 'coordinates': {'latitude': '-64.0311', 'longitude': '-34.6434'}, 'timezone': {'offset': '-4:00', 'description': 'Atlantic Time (Canada), Caracas, La Paz'}}, 'email': 'luca.andre@example.com', 'login': {'uuid': '904790b9-0b2b-41dc-9a50-b7532ad4bbb4', 'username': 'greenbird769', 'password': 'ooooo', 'salt': 'dTiSeZW3', 'md5': 'f8fb7f605d03d121470a35271487e1fa', 'sha1': '5c0c2e26d39632b302ceeb04d0fdd364d0cf457d', 'sha256': '8c843d59953f903c61c0606011b83830a30534a40da26167b084181dc2da9ec6'}, 'dob': {'date': '1969-11-07T19:23:24.443Z', 'age': 54}, 'registered': {'date': '2009-08-28T21:24:08.807Z', 'age': 14}, 'phone': '078 827 77 27', 'cell': '076 871 15 13', 'id': {'name': 'AVS', 'value': '756.9401.2779.05'}, 'picture': {'large': 'https://randomuser.me/api/portraits/men/22.jpg', 'medium': 'https://randomuser.me/api/portraits/med/men/22.jpg', 'thumbnail': 'https://randomuser.me/api/portraits/thumb/men/22.jpg'}, 'nat': 'CH'}], 'info': {'seed': '4c39b4a4066832a7', 'results': 1, 'page': 1, 'version': '1.4'}}</msg>
<arg>${json_data}</arg>
<doc>Logs the given message with the given level.</doc>
<status status="PASS" start="2024-07-16T17:13:29.598199" elapsed="0.000240"/>
</kw>
<kw name="Dictionary Should Contain Key" owner="Collections">
<arg>${json_data}</arg>
<arg>results</arg>
<doc>Fails if ``key`` is not found from ``dictionary``.</doc>
<status status="PASS" start="2024-07-16T17:13:29.598733" elapsed="0.000163"/>
</kw>
<kw name="Should Not Be Empty" owner="BuiltIn">
<msg time="2024-07-16T17:13:29.599211" level="INFO">Length is 2.</msg>
<arg>${json_data}</arg>
<doc>Verifies that the given item is not empty.</doc>
<status status="PASS" start="2024-07-16T17:13:29.599082" elapsed="0.000168"/>
</kw>
<kw name="Create List" owner="BuiltIn">
<msg time="2024-07-16T17:13:29.599694" level="INFO">${expected_keys} = ['gender', 'name', 'location', 'email', 'login']</msg>
<var>${expected_keys}</var>
<arg>gender</arg>
<arg>name</arg>
<arg>location</arg>
<arg>email</arg>
<arg>login</arg>
<doc>Returns a list containing given items.</doc>
<status status="PASS" start="2024-07-16T17:13:29.599547" elapsed="0.000171"/>
</kw>
<for flavor="IN">
<iter>
<kw name="Dictionary Should Contain Key" owner="Collections">
<arg>${json_data['results'][0]}</arg>
<arg>${key}</arg>
<doc>Fails if ``key`` is not found from ``dictionary``.</doc>
<status status="PASS" start="2024-07-16T17:13:29.600471" elapsed="0.000403"/>
</kw>
<kw name="Log" owner="BuiltIn">
<msg time="2024-07-16T17:13:29.601422" level="INFO">{'gender': 'male', 'name': {'title': 'Monsieur', 'first': 'Luca', 'last': 'Andre'}, 'location': {'street': {'number': 4552, 'name': 'Rue de la Baleine'}, 'city': 'Allmendingen', 'state': 'St. Gallen', 'country': 'Switzerland', 'postcode': 2681, 'coordinates': {'latitude': '-64.0311', 'longitude': '-34.6434'}, 'timezone': {'offset': '-4:00', 'description': 'Atlantic Time (Canada), Caracas, La Paz'}}, 'email': 'luca.andre@example.com', 'login': {'uuid': '904790b9-0b2b-41dc-9a50-b7532ad4bbb4', 'username': 'greenbird769', 'password': 'ooooo', 'salt': 'dTiSeZW3', 'md5': 'f8fb7f605d03d121470a35271487e1fa', 'sha1': '5c0c2e26d39632b302ceeb04d0fdd364d0cf457d', 'sha256': '8c843d59953f903c61c0606011b83830a30534a40da26167b084181dc2da9ec6'}, 'dob': {'date': '1969-11-07T19:23:24.443Z', 'age': 54}, 'registered': {'date': '2009-08-28T21:24:08.807Z', 'age': 14}, 'phone': '078 827 77 27', 'cell': '076 871 15 13', 'id': {'name': 'AVS', 'value': '756.9401.2779.05'}, 'picture': {'large': 'https://randomuser.me/api/portraits/men/22.jpg', 'medium': 'https://randomuser.me/api/portraits/med/men/22.jpg', 'thumbnail': 'https://randomuser.me/api/portraits/thumb/men/22.jpg'}, 'nat': 'CH'}</msg>
<arg>${json_data['results'][0]}</arg>
<doc>Logs the given message with the given level.</doc>
<status status="PASS" start="2024-07-16T17:13:29.601064" elapsed="0.000408"/>
</kw>
<kw name="Log" owner="BuiltIn">
<msg time="2024-07-16T17:13:29.601901" level="INFO">gender</msg>
<arg>${key}</arg>
<doc>Logs the given message with the given level.</doc>
<status status="PASS" start="2024-07-16T17:13:29.601772" elapsed="0.000166"/>
</kw>
<var name="${key}">gender</var>
<status status="PASS" start="2024-07-16T17:13:29.600348" elapsed="0.001811"/>
</iter>
<iter>
<kw name="Dictionary Should Contain Key" owner="Collections">
<arg>${json_data['results'][0]}</arg>
<arg>${key}</arg>
<doc>Fails if ``key`` is not found from ``dictionary``.</doc>
<status status="PASS" start="2024-07-16T17:13:29.602483" elapsed="0.000391"/>
</kw>
<kw name="Log" owner="BuiltIn">
<msg time="2024-07-16T17:13:29.603446" level="INFO">{'gender': 'male', 'name': {'title': 'Monsieur', 'first': 'Luca', 'last': 'Andre'}, 'location': {'street': {'number': 4552, 'name': 'Rue de la Baleine'}, 'city': 'Allmendingen', 'state': 'St. Gallen', 'country': 'Switzerland', 'postcode': 2681, 'coordinates': {'latitude': '-64.0311', 'longitude': '-34.6434'}, 'timezone': {'offset': '-4:00', 'description': 'Atlantic Time (Canada), Caracas, La Paz'}}, 'email': 'luca.andre@example.com', 'login': {'uuid': '904790b9-0b2b-41dc-9a50-b7532ad4bbb4', 'username': 'greenbird769', 'password': 'ooooo', 'salt': 'dTiSeZW3', 'md5': 'f8fb7f605d03d121470a35271487e1fa', 'sha1': '5c0c2e26d39632b302ceeb04d0fdd364d0cf457d', 'sha256': '8c843d59953f903c61c0606011b83830a30534a40da26167b084181dc2da9ec6'}, 'dob': {'date': '1969-11-07T19:23:24.443Z', 'age': 54}, 'registered': {'date': '2009-08-28T21:24:08.807Z', 'age': 14}, 'phone': '078 827 77 27', 'cell': '076 871 15 13', 'id': {'name': 'AVS', 'value': '756.9401.2779.05'}, 'picture': {'large': 'https://randomuser.me/api/portraits/men/22.jpg', 'medium': 'https://randomuser.me/api/portraits/med/men/22.jpg', 'thumbnail': 'https://randomuser.me/api/portraits/thumb/men/22.jpg'}, 'nat': 'CH'}</msg>
<arg>${json_data['results'][0]}</arg>
<doc>Logs the given message with the given level.</doc>
<status status="PASS" start="2024-07-16T17:13:29.603056" elapsed="0.000439"/>
</kw>
<kw name="Log" owner="BuiltIn">
<msg time="2024-07-16T17:13:29.603920" level="INFO">name</msg>
<arg>${key}</arg>
<doc>Logs the given message with the given level.</doc>
<status status="PASS" start="2024-07-16T17:13:29.603792" elapsed="0.000165"/>
</kw>
<var name="${key}">name</var>
<status status="PASS" start="2024-07-16T17:13:29.602370" elapsed="0.001802"/>
</iter>
<iter>
<kw name="Dictionary Should Contain Key" owner="Collections">
<arg>${json_data['results'][0]}</arg>
<arg>${key}</arg>
<doc>Fails if ``key`` is not found from ``dictionary``.</doc>
<status status="PASS" start="2024-07-16T17:13:29.604453" elapsed="0.000376"/>
</kw>
<kw name="Log" owner="BuiltIn">
<msg time="2024-07-16T17:13:29.605355" level="INFO">{'gender': 'male', 'name': {'title': 'Monsieur', 'first': 'Luca', 'last': 'Andre'}, 'location': {'street': {'number': 4552, 'name': 'Rue de la Baleine'}, 'city': 'Allmendingen', 'state': 'St. Gallen', 'country': 'Switzerland', 'postcode': 2681, 'coordinates': {'latitude': '-64.0311', 'longitude': '-34.6434'}, 'timezone': {'offset': '-4:00', 'description': 'Atlantic Time (Canada), Caracas, La Paz'}}, 'email': 'luca.andre@example.com', 'login': {'uuid': '904790b9-0b2b-41dc-9a50-b7532ad4bbb4', 'username': 'greenbird769', 'password': 'ooooo', 'salt': 'dTiSeZW3', 'md5': 'f8fb7f605d03d121470a35271487e1fa', 'sha1': '5c0c2e26d39632b302ceeb04d0fdd364d0cf457d', 'sha256': '8c843d59953f903c61c0606011b83830a30534a40da26167b084181dc2da9ec6'}, 'dob': {'date': '1969-11-07T19:23:24.443Z', 'age': 54}, 'registered': {'date': '2009-08-28T21:24:08.807Z', 'age': 14}, 'phone': '078 827 77 27', 'cell': '076 871 15 13', 'id': {'name': 'AVS', 'value': '756.9401.2779.05'}, 'picture': {'large': 'https://randomuser.me/api/portraits/men/22.jpg', 'medium': 'https://randomuser.me/api/portraits/med/men/22.jpg', 'thumbnail': 'https://randomuser.me/api/portraits/thumb/men/22.jpg'}, 'nat': 'CH'}</msg>
<arg>${json_data['results'][0]}</arg>
<doc>Logs the given message with the given level.</doc>
<status status="PASS" start="2024-07-16T17:13:29.605007" elapsed="0.000395"/>
</kw>
<kw name="Log" owner="BuiltIn">
<msg time="2024-07-16T17:13:29.605831" level="INFO">location</msg>
<arg>${key}</arg>
<doc>Logs the given message with the given level.</doc>
<status status="PASS" start="2024-07-16T17:13:29.605703" elapsed="0.000164"/>
</kw>
<var name="${key}">location</var>
<status status="PASS" start="2024-07-16T17:13:29.604346" elapsed="0.001736"/>
</iter>
<iter>
<kw name="Dictionary Should Contain Key" owner="Collections">
<arg>${json_data['results'][0]}</arg>
<arg>${key}</arg>
<doc>Fails if ``key`` is not found from ``dictionary``.</doc>
<status status="PASS" start="2024-07-16T17:13:29.606388" elapsed="0.000386"/>
</kw>
<kw name="Log" owner="BuiltIn">
<msg time="2024-07-16T17:13:29.607305" level="INFO">{'gender': 'male', 'name': {'title': 'Monsieur', 'first': 'Luca', 'last': 'Andre'}, 'location': {'street': {'number': 4552, 'name': 'Rue de la Baleine'}, 'city': 'Allmendingen', 'state': 'St. Gallen', 'country': 'Switzerland', 'postcode': 2681, 'coordinates': {'latitude': '-64.0311', 'longitude': '-34.6434'}, 'timezone': {'offset': '-4:00', 'description': 'Atlantic Time (Canada), Caracas, La Paz'}}, 'email': 'luca.andre@example.com', 'login': {'uuid': '904790b9-0b2b-41dc-9a50-b7532ad4bbb4', 'username': 'greenbird769', 'password': 'ooooo', 'salt': 'dTiSeZW3', 'md5': 'f8fb7f605d03d121470a35271487e1fa', 'sha1': '5c0c2e26d39632b302ceeb04d0fdd364d0cf457d', 'sha256': '8c843d59953f903c61c0606011b83830a30534a40da26167b084181dc2da9ec6'}, 'dob': {'date': '1969-11-07T19:23:24.443Z', 'age': 54}, 'registered': {'date': '2009-08-28T21:24:08.807Z', 'age': 14}, 'phone': '078 827 77 27', 'cell': '076 871 15 13', 'id': {'name': 'AVS', 'value': '756.9401.2779.05'}, 'picture': {'large': 'https://randomuser.me/api/portraits/men/22.jpg', 'medium': 'https://randomuser.me/api/portraits/med/men/22.jpg', 'thumbnail': 'https://randomuser.me/api/portraits/thumb/men/22.jpg'}, 'nat': 'CH'}</msg>
<arg>${json_data['results'][0]}</arg>
<doc>Logs the given message with the given level.</doc>
<status status="PASS" start="2024-07-16T17:13:29.606959" elapsed="0.000395"/>
</kw>
<kw name="Log" owner="BuiltIn">
<msg time="2024-07-16T17:13:29.607774" level="INFO">email</msg>
<arg>${key}</arg>
<doc>Logs the given message with the given level.</doc>
<status status="PASS" start="2024-07-16T17:13:29.607649" elapsed="0.000162"/>
</kw>
<var name="${key}">email</var>
<status status="PASS" start="2024-07-16T17:13:29.606277" elapsed="0.001744"/>
</iter>
<iter>
<kw name="Dictionary Should Contain Key" owner="Collections">
<arg>${json_data['results'][0]}</arg>
<arg>${key}</arg>
<doc>Fails if ``key`` is not found from ``dictionary``.</doc>
<status status="PASS" start="2024-07-16T17:13:29.608302" elapsed="0.000388"/>
</kw>
<kw name="Log" owner="BuiltIn">
<msg time="2024-07-16T17:13:29.609212" level="INFO">{'gender': 'male', 'name': {'title': 'Monsieur', 'first': 'Luca', 'last': 'Andre'}, 'location': {'street': {'number': 4552, 'name': 'Rue de la Baleine'}, 'city': 'Allmendingen', 'state': 'St. Gallen', 'country': 'Switzerland', 'postcode': 2681, 'coordinates': {'latitude': '-64.0311', 'longitude': '-34.6434'}, 'timezone': {'offset': '-4:00', 'description': 'Atlantic Time (Canada), Caracas, La Paz'}}, 'email': 'luca.andre@example.com', 'login': {'uuid': '904790b9-0b2b-41dc-9a50-b7532ad4bbb4', 'username': 'greenbird769', 'password': 'ooooo', 'salt': 'dTiSeZW3', 'md5': 'f8fb7f605d03d121470a35271487e1fa', 'sha1': '5c0c2e26d39632b302ceeb04d0fdd364d0cf457d', 'sha256': '8c843d59953f903c61c0606011b83830a30534a40da26167b084181dc2da9ec6'}, 'dob': {'date': '1969-11-07T19:23:24.443Z', 'age': 54}, 'registered': {'date': '2009-08-28T21:24:08.807Z', 'age': 14}, 'phone': '078 827 77 27', 'cell': '076 871 15 13', 'id': {'name': 'AVS', 'value': '756.9401.2779.05'}, 'picture': {'large': 'https://randomuser.me/api/portraits/men/22.jpg', 'medium': 'https://randomuser.me/api/portraits/med/men/22.jpg', 'thumbnail': 'https://randomuser.me/api/portraits/thumb/men/22.jpg'}, 'nat': 'CH'}</msg>
<arg>${json_data['results'][0]}</arg>
<doc>Logs the given message with the given level.</doc>
<status status="PASS" start="2024-07-16T17:13:29.608870" elapsed="0.000391"/>
</kw>
<kw name="Log" owner="BuiltIn">
<msg time="2024-07-16T17:13:29.609673" level="INFO">login</msg>
<arg>${key}</arg>
<doc>Logs the given message with the given level.</doc>
<status status="PASS" start="2024-07-16T17:13:29.609548" elapsed="0.000162"/>
</kw>
<var name="${key}">login</var>
<status status="PASS" start="2024-07-16T17:13:29.608191" elapsed="0.001739"/>
</iter>
<var>${key}</var>
<value>@{expected_keys}</value>
<status status="PASS" start="2024-07-16T17:13:29.600147" elapsed="0.009904"/>
</for>
<kw name="Create List" owner="BuiltIn">
<msg time="2024-07-16T17:13:29.610435" level="INFO">${expected_keysTwo} = ['username', 'password']</msg>
<var>${expected_keysTwo}</var>
<arg>username</arg>
<arg>password</arg>
<doc>Returns a list containing given items.</doc>
<status status="PASS" start="2024-07-16T17:13:29.610296" elapsed="0.000163"/>
</kw>
<for flavor="IN">
<iter>
<kw name="Dictionary Should Contain Key" owner="Collections">
<arg>${json_data['results'][0]['login']}</arg>
<arg>${keyTwo}</arg>
<doc>Fails if ``key`` is not found from ``dictionary``.</doc>
<status status="PASS" start="2024-07-16T17:13:29.610956" elapsed="0.000383"/>
</kw>
<kw name="Dictionary Should Contain Key" owner="Collections">
<arg>${json_data['results'][0]['login']}</arg>
<arg>${keyTwo}</arg>
<doc>Fails if ``key`` is not found from ``dictionary``.</doc>
<status status="PASS" start="2024-07-16T17:13:29.611515" elapsed="0.000369"/>
</kw>
<kw name="Log" owner="BuiltIn">
<msg time="2024-07-16T17:13:29.612191" level="INFO">username</msg>
<arg>${keyTwo}</arg>
<doc>Logs the given message with the given level.</doc>
<status status="PASS" start="2024-07-16T17:13:29.612065" elapsed="0.000162"/>
</kw>
<var name="${keyTwo}">username</var>
<status status="PASS" start="2024-07-16T17:13:29.610849" elapsed="0.001602"/>
</iter>
<iter>
<kw name="Dictionary Should Contain Key" owner="Collections">
<arg>${json_data['results'][0]['login']}</arg>
<arg>${keyTwo}</arg>
<doc>Fails if ``key`` is not found from ``dictionary``.</doc>
<status status="PASS" start="2024-07-16T17:13:29.612724" elapsed="0.000376"/>
</kw>
<kw name="Dictionary Should Contain Key" owner="Collections">
<arg>${json_data['results'][0]['login']}</arg>
<arg>${keyTwo}</arg>
<doc>Fails if ``key`` is not found from ``dictionary``.</doc>
<status status="PASS" start="2024-07-16T17:13:29.613276" elapsed="0.000367"/>
</kw>
<kw name="Log" owner="BuiltIn">
<msg time="2024-07-16T17:13:29.613934" level="INFO">password</msg>
<arg>${keyTwo}</arg>
<doc>Logs the given message with the given level.</doc>
<status status="PASS" start="2024-07-16T17:13:29.613817" elapsed="0.000158"/>
</kw>
<var name="${keyTwo}">password</var>
<status status="PASS" start="2024-07-16T17:13:29.612620" elapsed="0.001573"/>
</iter>
<var>${keyTwo}</var>
<value>@{expected_keysTwo}</value>
<status status="PASS" start="2024-07-16T17:13:29.610695" elapsed="0.003650"/>
</for>
<status status="PASS" start="2024-07-16T17:13:29.456774" elapsed="0.157714"/>
</kw>
<doc>Testa a estrutura da resposta da API.</doc>
<tag>testeEstruturaResposta</tag>
<status status="PASS" start="2024-07-16T17:13:29.456258" elapsed="0.158391"/>
</test>
<test id="s1-s1-t4" name="Validar tipos de dados" line="28">
<kw name="Teste de Tipos de Dados" owner="random-user-service">
<kw name="GET On Session" owner="RequestsLibrary">
<msg time="2024-07-16T17:13:29.740164" level="INFO">GET Request : url=https://randomuser.me/api 
 path_url=/api 
 headers={'User-Agent': 'python-requests/2.32.3', 'Accept-Encoding': 'gzip, deflate', 'Accept': '*/*', 'Connection': 'keep-alive'} 
 body=None 
 </msg>
<msg time="2024-07-16T17:13:29.740280" level="INFO">GET Response : url=https://randomuser.me/api 
 status=200, reason=OK 
 headers={'Date': 'Tue, 16 Jul 2024 17:13:29 GMT', 'Content-Type': 'application/json; charset=utf-8', 'Transfer-Encoding': 'chunked', 'Connection': 'keep-alive', 'X-Powered-By': 'Express', 'Access-Control-Allow-Origin': '*', 'Cache-Control': 'no-cache', 'ETag': 'W/"49b-Qcz6K2W1uDjCEu+vOeYGcRVR2Z8"', 'Vary': 'Accept-Encoding', 'Content-Encoding': 'gzip', 'CF-Cache-Status': 'DYNAMIC', 'Report-To': '{"endpoints":[{"url":"https:\\/\\/a.nel.cloudflare.com\\/report\\/v4?s=N%2BtMJi2EPjYx%2BfhzNMeUVzGQgV7uo8fn7sqP%2Fn0eMfJzvGmL0Wqv5csI1Ai2%2BRwBP4qyhqy2wGfQm36e00rKZfJYWAEywQLGj1thtBx%2Fi%2Fe4tdqpHSzRmRsdpBvy6w3V"}],"group":"cf-nel","max_age":604800}', 'NEL': '{"success_fraction":0,"report_to":"cf-nel","max_age":604800}', 'Server': 'cloudflare', 'CF-RAY': '8a439f881dd013cf-ORD', 'alt-svc': 'h3=":443"; ma=86400'} 
 body={"results":[{"gender":"male","name":{"title":"Monsieur","first":"Nenad","last":"Morin"},"location":{"street":{"number":6985,"name":"Place de L'Église"},"city":"Celerina/Schlarigna","state":"Obwalden","country":"Switzerland","postcode":8170,"coordinates":{"latitude":"-57.0695","longitude":"-157.2761"},"timezone":{"offset":"-11:00","description":"Midway Island, Samoa"}},"email":"nenad.morin@example.com","login":{"uuid":"bb1b3292-dc59-4d51-be85-ee98ce01858a","username":"orangegoose924","password":"taffy","salt":"ZXvM2wfp","md5":"0110533fb6f47d31ff35cf0ad7e082dd","sha1":"ba2e1c143f8085c2fab6c331e6c766a3b75be1bc","sha256":"e69a67814c2ab10c55546b032aad4613d17d5b185cc2c2b2d046af7eda2f5d0a"},"dob":{"date":"1996-09-03T05:21:10.428Z","age":27},"registered":{"date":"2014-09-24T04:07:43.176Z","age":9},"phone":"079 005 35 62","cell":"077 125 00 56","id":{"name":"AVS","value":"756.8040.5751.00"},"picture":{"large":"https://randomuser.me/api/portraits/men/52.jpg","medium":"https://randomuser.me/api/portraits/med/men/52.jpg","thumbnail":"https://randomuser.me/api/portraits/thumb/men/52.jpg"},"nat":"CH"}],"info":{"seed":"c31663315f5a5e64","results":1,"page":1,"version":"1.4"}} 
 </msg>
<msg time="2024-07-16T17:13:29.740368" level="INFO">/opt/hostedtoolcache/Python/3.12.4/x64/lib/python3.12/site-packages/urllib3/connectionpool.py:1099: InsecureRequestWarning: Unverified HTTPS request is being made to host 'randomuser.me'. Adding certificate verification is strongly advised. See: https://urllib3.readthedocs.io/en/latest/advanced-usage.html#tls-warnings
  warnings.warn(</msg>
<msg time="2024-07-16T17:13:29.740530" level="INFO">${response} = &lt;Response [200]&gt;</msg>
<var>${response}</var>
<arg>consultarAPI</arg>
<arg>/api</arg>
<doc>Sends a GET request on a previously created HTTP Session.</doc>
<status status="PASS" start="2024-07-16T17:13:29.617185" elapsed="0.123395"/>
</kw>
<kw name="Set Variable" owner="BuiltIn">
<msg time="2024-07-16T17:13:29.741704" level="INFO">${json_data} = {'results': [{'gender': 'male', 'name': {'title': 'Monsieur', 'first': 'Nenad', 'last': 'Morin'}, 'location': {'street': {'number': 6985, 'name': "Place de L'Église"}, 'city': 'Celerina/Schlarigna', '...</msg>
<var>${json_data}</var>
<arg>${response.json()}</arg>
<doc>Returns the given values which can then be assigned to a variables.</doc>
<status status="PASS" start="2024-07-16T17:13:29.741157" elapsed="0.000577"/>
</kw>
<kw name="Log" owner="BuiltIn">
<msg time="2024-07-16T17:13:29.742206" level="INFO">{'results': [{'gender': 'male', 'name': {'title': 'Monsieur', 'first': 'Nenad', 'last': 'Morin'}, 'location': {'street': {'number': 6985, 'name': "Place de L'Église"}, 'city': 'Celerina/Schlarigna', 'state': 'Obwalden', 'country': 'Switzerland', 'postcode': 8170, 'coordinates': {'latitude': '-57.0695', 'longitude': '-157.2761'}, 'timezone': {'offset': '-11:00', 'description': 'Midway Island, Samoa'}}, 'email': 'nenad.morin@example.com', 'login': {'uuid': 'bb1b3292-dc59-4d51-be85-ee98ce01858a', 'username': 'orangegoose924', 'password': 'taffy', 'salt': 'ZXvM2wfp', 'md5': '0110533fb6f47d31ff35cf0ad7e082dd', 'sha1': 'ba2e1c143f8085c2fab6c331e6c766a3b75be1bc', 'sha256': 'e69a67814c2ab10c55546b032aad4613d17d5b185cc2c2b2d046af7eda2f5d0a'}, 'dob': {'date': '1996-09-03T05:21:10.428Z', 'age': 27}, 'registered': {'date': '2014-09-24T04:07:43.176Z', 'age': 9}, 'phone': '079 005 35 62', 'cell': '077 125 00 56', 'id': {'name': 'AVS', 'value': '756.8040.5751.00'}, 'picture': {'large': 'https://randomuser.me/api/portraits/men/52.jpg', 'medium': 'https://randomuser.me/api/portraits/med/men/52.jpg', 'thumbnail': 'https://randomuser.me/api/portraits/thumb/men/52.jpg'}, 'nat': 'CH'}], 'info': {'seed': 'c31663315f5a5e64', 'results': 1, 'page': 1, 'version': '1.4'}}</msg>
<arg>${json_data}</arg>
<doc>Logs the given message with the given level.</doc>
<status status="PASS" start="2024-07-16T17:13:29.742046" elapsed="0.000244"/>
</kw>
<kw name="Should Be String" owner="String">
<arg>${json_data['results'][0]['gender']}</arg>
<doc>Fails if the given ``item`` is not a string.</doc>
<status status="PASS" start="2024-07-16T17:13:29.742598" elapsed="0.000376"/>
</kw>
<kw name="Should Match Regexp" owner="BuiltIn">
<arg>${json_data['results'][0]['email']}</arg>
<arg>^[a-zA-Z0-9._%+-]+@[a-zA-Z0-9.-]+\.[a-zA-Z]{2,}$</arg>
<doc>Fails if ``string`` does not match ``pattern`` as a regular expression.</doc>
<status status="PASS" start="2024-07-16T17:13:29.743208" elapsed="0.000529"/>
</kw>
<kw name="Should Match Regexp" owner="BuiltIn">
<arg>${json_data['results'][0]['dob']['date']}</arg>
<arg>\\d{4}-\\d{2}-\\d{2}T\\d{2}:\\d{2}:\\d{2}\\.\\d{3}Z</arg>
<doc>Fails if ``string`` does not match ``pattern`` as a regular expression.</doc>
<status status="PASS" start="2024-07-16T17:13:29.743935" elapsed="0.000486"/>
</kw>
<kw name="Should Match Regexp" owner="BuiltIn">
<arg>${json_data['results'][0]['registered']['date']}</arg>
<arg>\\d{4}-\\d{2}-\\d{2}T\\d{2}:\\d{2}:\\d{2}\\.\\d{3}Z</arg>
<doc>Fails if ``string`` does not match ``pattern`` as a regular expression.</doc>
<status status="PASS" start="2024-07-16T17:13:29.744612" elapsed="0.000375"/>
</kw>
<kw name="Should Match Regexp" owner="BuiltIn">
<arg>${json_data['results'][0]['picture']['large']}</arg>
<arg>^https?://.*\.(?:png|jpe?g|gif|bmp)$</arg>
<doc>Fails if ``string`` does not match ``pattern`` as a regular expression.</doc>
<status status="PASS" start="2024-07-16T17:13:29.745173" elapsed="0.000458"/>
</kw>
<kw name="Should Match Regexp" owner="BuiltIn">
<arg>${json_data['results'][0]['picture']['medium']}</arg>
<arg>^https?://.*\.(?:png|jpe?g|gif|bmp)$</arg>
<doc>Fails if ``string`` does not match ``pattern`` as a regular expression.</doc>
<status status="PASS" start="2024-07-16T17:13:29.745820" elapsed="0.000354"/>
</kw>
<kw name="Should Match Regexp" owner="BuiltIn">
<arg>${json_data['results'][0]['picture']['thumbnail']}</arg>
<arg>^https?://.*\.(?:png|jpe?g|gif|bmp)$</arg>
<doc>Fails if ``string`` does not match ``pattern`` as a regular expression.</doc>
<status status="PASS" start="2024-07-16T17:13:29.746391" elapsed="0.000353"/>
</kw>
<kw name="Log" owner="BuiltIn">
<msg time="2024-07-16T17:13:29.747267" level="INFO">{'large': 'https://randomuser.me/api/portraits/men/52.jpg', 'medium': 'https://randomuser.me/api/portraits/med/men/52.jpg', 'thumbnail': 'https://randomuser.me/api/portraits/thumb/men/52.jpg'}</msg>
<arg>${json_data['results'][0]['picture']}</arg>
<doc>Logs the given message with the given level.</doc>
<status status="PASS" start="2024-07-16T17:13:29.746931" elapsed="0.000379"/>
</kw>
<status status="PASS" start="2024-07-16T17:13:29.616957" elapsed="0.130615"/>
</kw>
<kw name="Teste de Tipos de Dados - Postcode" owner="random-user-service">
<kw name="GET On Session" owner="RequestsLibrary">
<msg time="2024-07-16T17:13:29.883999" level="INFO">GET Request : url=https://randomuser.me/api 
 path_url=/api 
 headers={'User-Agent': 'python-requests/2.32.3', 'Accept-Encoding': 'gzip, deflate', 'Accept': '*/*', 'Connection': 'keep-alive'} 
 body=None 
 </msg>
<msg time="2024-07-16T17:13:29.884099" level="INFO">GET Response : url=https://randomuser.me/api 
 status=200, reason=OK 
 headers={'Date': 'Tue, 16 Jul 2024 17:13:29 GMT', 'Content-Type': 'application/json; charset=utf-8', 'Transfer-Encoding': 'chunked', 'Connection': 'keep-alive', 'X-Powered-By': 'Express', 'Access-Control-Allow-Origin': '*', 'Cache-Control': 'no-cache', 'ETag': 'W/"480-4G/aSV2VR+LYPpWwsh6hw7QwfMI"', 'Vary': 'Accept-Encoding', 'Content-Encoding': 'gzip', 'CF-Cache-Status': 'DYNAMIC', 'Report-To': '{"endpoints":[{"url":"https:\\/\\/a.nel.cloudflare.com\\/report\\/v4?s=Uv%2BzEoGuWkziXqXu%2FKvo2ky4fcmjV5dtYqGLykoWZC0aNQUaD2EdjM5kr%2B1DkwOCOunvTz0HoulvZlxXqYW1c%2B3nzPRlvXstK34QZ0w8Xx8Lq1Re%2F9jtyaWAx3afAIJp"}],"group":"cf-nel","max_age":604800}', 'NEL': '{"success_fraction":0,"report_to":"cf-nel","max_age":604800}', 'Server': 'cloudflare', 'CF-RAY': '8a439f88feee13cf-ORD', 'alt-svc': 'h3=":443"; ma=86400'} 
 body={"results":[{"gender":"male","name":{"title":"Mr","first":"Sune","last":"Mælen"},"location":{"street":{"number":7770,"name":"Bekkelistubben"},"city":"Selvik","state":"Nordland","country":"Norway","postcode":"6751","coordinates":{"latitude":"41.4800","longitude":"-155.0785"},"timezone":{"offset":"+1:00","description":"Brussels, Copenhagen, Madrid, Paris"}},"email":"sune.maelen@example.com","login":{"uuid":"d97c0b8c-27c5-42c1-a2cb-c6b8aac59087","username":"smallpanda814","password":"bullfrog","salt":"jEWxkUgN","md5":"aa957b145ce042bf4592d0e1e4e2f2d7","sha1":"4bb7a1c296a4467d81dd9ae287112150f15c6369","sha256":"ed0e4b276fa8594ba89013dcca6f9d404f81700b4557d18e1d3e4a83448b7108"},"dob":{"date":"1966-09-01T16:04:59.818Z","age":57},"registered":{"date":"2016-07-04T11:32:28.424Z","age":8},"phone":"66836054","cell":"93939485","id":{"name":"FN","value":"01096604722"},"picture":{"large":"https://randomuser.me/api/portraits/men/50.jpg","medium":"https://randomuser.me/api/portraits/med/men/50.jpg","thumbnail":"https://randomuser.me/api/portraits/thumb/men/50.jpg"},"nat":"NO"}],"info":{"seed":"86b27b2622cc5da5","results":1,"page":1,"version":"1.4"}} 
 </msg>
<msg time="2024-07-16T17:13:29.884170" level="INFO">/opt/hostedtoolcache/Python/3.12.4/x64/lib/python3.12/site-packages/urllib3/connectionpool.py:1099: InsecureRequestWarning: Unverified HTTPS request is being made to host 'randomuser.me'. Adding certificate verification is strongly advised. See: https://urllib3.readthedocs.io/en/latest/advanced-usage.html#tls-warnings
  warnings.warn(</msg>
<msg time="2024-07-16T17:13:29.884307" level="INFO">${response} = &lt;Response [200]&gt;</msg>
<var>${response}</var>
<arg>consultarAPI</arg>
<arg>/api</arg>
<doc>Sends a GET request on a previously created HTTP Session.</doc>
<status status="PASS" start="2024-07-16T17:13:29.748038" elapsed="0.136310"/>
</kw>
<kw name="Set Variable" owner="BuiltIn">
<msg time="2024-07-16T17:13:29.885409" level="INFO">${json_data} = {'results': [{'gender': 'male', 'name': {'title': 'Mr', 'first': 'Sune', 'last': 'Mælen'}, 'location': {'street': {'number': 7770, 'name': 'Bekkelistubben'}, 'city': 'Selvik', 'state': 'Nordland', 'co...</msg>
<var>${json_data}</var>
<arg>${response.json()}</arg>
<doc>Returns the given values which can then be assigned to a variables.</doc>
<status status="PASS" start="2024-07-16T17:13:29.884884" elapsed="0.000556"/>
</kw>
<kw name="Log" owner="BuiltIn">
<msg time="2024-07-16T17:13:29.885913" level="INFO">{'results': [{'gender': 'male', 'name': {'title': 'Mr', 'first': 'Sune', 'last': 'Mælen'}, 'location': {'street': {'number': 7770, 'name': 'Bekkelistubben'}, 'city': 'Selvik', 'state': 'Nordland', 'country': 'Norway', 'postcode': '6751', 'coordinates': {'latitude': '41.4800', 'longitude': '-155.0785'}, 'timezone': {'offset': '+1:00', 'description': 'Brussels, Copenhagen, Madrid, Paris'}}, 'email': 'sune.maelen@example.com', 'login': {'uuid': 'd97c0b8c-27c5-42c1-a2cb-c6b8aac59087', 'username': 'smallpanda814', 'password': 'bullfrog', 'salt': 'jEWxkUgN', 'md5': 'aa957b145ce042bf4592d0e1e4e2f2d7', 'sha1': '4bb7a1c296a4467d81dd9ae287112150f15c6369', 'sha256': 'ed0e4b276fa8594ba89013dcca6f9d404f81700b4557d18e1d3e4a83448b7108'}, 'dob': {'date': '1966-09-01T16:04:59.818Z', 'age': 57}, 'registered': {'date': '2016-07-04T11:32:28.424Z', 'age': 8}, 'phone': '66836054', 'cell': '93939485', 'id': {'name': 'FN', 'value': '01096604722'}, 'picture': {'large': 'https://randomuser.me/api/portraits/men/50.jpg', 'medium': 'https://randomuser.me/api/portraits/med/men/50.jpg', 'thumbnail': 'https://randomuser.me/api/portraits/thumb/men/50.jpg'}, 'nat': 'NO'}], 'info': {'seed': '86b27b2622cc5da5', 'results': 1, 'page': 1, 'version': '1.4'}}</msg>
<arg>${json_data}</arg>
<doc>Logs the given message with the given level.</doc>
<status status="PASS" start="2024-07-16T17:13:29.885750" elapsed="0.000214"/>
</kw>
<kw name="Should Be Equal As Numbers" owner="BuiltIn">
<arg>${json_data['results'][0]['location']['postcode']}</arg>
<arg>${json_data['results'][0]['location']['postcode']}</arg>
<doc>Fails if objects are unequal after converting them to real numbers.</doc>
<status status="PASS" start="2024-07-16T17:13:29.886287" elapsed="0.000628"/>
</kw>
<kw name="Log" owner="BuiltIn">
<msg time="2024-07-16T17:13:29.887493" level="INFO">6751</msg>
<arg>${json_data['results'][0]['location']['postcode']}</arg>
<doc>Logs the given message with the given level.</doc>
<status status="PASS" start="2024-07-16T17:13:29.887148" elapsed="0.000386"/>
</kw>
<status status="PASS" start="2024-07-16T17:13:29.747807" elapsed="0.139988"/>
</kw>
<doc>Testa se os tipos de dados na resposta da API estão corretos.</doc>
<tag>testeTiposDados</tag>
<status status="PASS" start="2024-07-16T17:13:29.616405" elapsed="0.271561"/>
</test>
<test id="s1-s1-t5" name="Validar conteudo" line="35">
<kw name="Teste de Tipos de Conteudo" owner="random-user-service">
<kw name="GET On Session" owner="RequestsLibrary">
<msg time="2024-07-16T17:13:29.938350" level="INFO">GET Request : url=https://randomuser.me/api 
 path_url=/api 
 headers={'User-Agent': 'python-requests/2.32.3', 'Accept-Encoding': 'gzip, deflate', 'Accept': '*/*', 'Connection': 'keep-alive'} 
 body=None 
 </msg>
<msg time="2024-07-16T17:13:29.938431" level="INFO">GET Response : url=https://randomuser.me/api 
 status=200, reason=OK 
 headers={'Date': 'Tue, 16 Jul 2024 17:13:29 GMT', 'Content-Type': 'application/json; charset=utf-8', 'Transfer-Encoding': 'chunked', 'Connection': 'keep-alive', 'X-Powered-By': 'Express', 'Access-Control-Allow-Origin': '*', 'Cache-Control': 'no-cache', 'ETag': 'W/"4aa-jfOQs5K8+wHfb1JLuu8BmFKm/4k"', 'Vary': 'Accept-Encoding', 'Content-Encoding': 'gzip', 'CF-Cache-Status': 'DYNAMIC', 'Report-To': '{"endpoints":[{"url":"https:\\/\\/a.nel.cloudflare.com\\/report\\/v4?s=oBCxMyxSDQkiE%2B8%2FCrBRxqBW8qXEiALctyY4%2BNrezwn8mVIOvYZRYiMC1oBdtHd%2FDSzvd5Sdq57ukdrLE8ncV7k391sRHW3g9WkRWZ%2BZsF5e5sO4cens4SlIICZEl10n"}],"group":"cf-nel","max_age":604800}', 'NEL': '{"success_fraction":0,"report_to":"cf-nel","max_age":604800}', 'Server': 'cloudflare', 'CF-RAY': '8a439f89d84a13cf-ORD', 'alt-svc': 'h3=":443"; ma=86400'} 
 body={"results":[{"gender":"female","name":{"title":"Miss","first":"Susan","last":"Mills"},"location":{"street":{"number":358,"name":"Valley View Ln"},"city":"North Las Vegas","state":"Rhode Island","country":"United States","postcode":59328,"coordinates":{"latitude":"83.8344","longitude":"174.3393"},"timezone":{"offset":"+10:00","description":"Eastern Australia, Guam, Vladivostok"}},"email":"susan.mills@example.com","login":{"uuid":"e91f0d9c-81bc-4395-814f-c5cc9c3c8f3b","username":"whiterabbit426","password":"dancing","salt":"fRWoKvVe","md5":"c226ecc7d7435a04128a385f35c3d242","sha1":"63362f6ae9f2532cedd693c351a6a3dce59b087c","sha256":"360c04fc8e72067d3c17dcdcf97a32a4d25fe11e15b3a5bdbd27d654993c944e"},"dob":{"date":"1987-11-17T21:34:20.784Z","age":36},"registered":{"date":"2018-01-10T04:35:31.359Z","age":6},"phone":"(827) 692-7136","cell":"(599) 718-9107","id":{"name":"SSN","value":"278-74-5248"},"picture":{"large":"https://randomuser.me/api/portraits/women/55.jpg","medium":"https://randomuser.me/api/portraits/med/women/55.jpg","thumbnail":"https://randomuser.me/api/portraits/thumb/women/55.jpg"},"nat":"US"}],"info":{"seed":"8730ce6510c8e47c","results":1,"page":1,"version":"1.4"}} 
 </msg>
<msg time="2024-07-16T17:13:29.938509" level="INFO">/opt/hostedtoolcache/Python/3.12.4/x64/lib/python3.12/site-packages/urllib3/connectionpool.py:1099: InsecureRequestWarning: Unverified HTTPS request is being made to host 'randomuser.me'. Adding certificate verification is strongly advised. See: https://urllib3.readthedocs.io/en/latest/advanced-usage.html#tls-warnings
  warnings.warn(</msg>
<msg time="2024-07-16T17:13:29.938635" level="INFO">${response} = &lt;Response [200]&gt;</msg>
<var>${response}</var>
<arg>consultarAPI</arg>
<arg>/api</arg>
<doc>Sends a GET request on a previously created HTTP Session.</doc>
<status status="PASS" start="2024-07-16T17:13:29.890712" elapsed="0.047966"/>
</kw>
<kw name="Set Variable" owner="BuiltIn">
<msg time="2024-07-16T17:13:29.939611" level="INFO">${json_data} = {'results': [{'gender': 'female', 'name': {'title': 'Miss', 'first': 'Susan', 'last': 'Mills'}, 'location': {'street': {'number': 358, 'name': 'Valley View Ln'}, 'city': 'North Las Vegas', 'state': 'R...</msg>
<var>${json_data}</var>
<arg>${response.json()}</arg>
<doc>Returns the given values which can then be assigned to a variables.</doc>
<status status="PASS" start="2024-07-16T17:13:29.939132" elapsed="0.000507"/>
</kw>
<kw name="Set Variable" owner="BuiltIn">
<msg time="2024-07-16T17:13:29.940320" level="INFO">${name_title} = Miss</msg>
<var>${name_title}</var>
<arg>${json_data["results"][0]["name"]["title"]}</arg>
<doc>Returns the given values which can then be assigned to a variables.</doc>
<status status="PASS" start="2024-07-16T17:13:29.939943" elapsed="0.000403"/>
</kw>
<kw name="Create List" owner="BuiltIn">
<msg time="2024-07-16T17:13:29.940788" level="INFO">${allowed_titles} = ['Mr', 'Ms', 'Miss', 'Mrs', 'Madame', 'Monsieur']</msg>
<var>${allowed_titles}</var>
<arg>Mr</arg>
<arg>Ms</arg>
<arg>Miss</arg>
<arg>Mrs</arg>
<arg>Madame</arg>
<arg>Monsieur</arg>
<doc>Returns a list containing given items.</doc>
<status status="PASS" start="2024-07-16T17:13:29.940640" elapsed="0.000172"/>
</kw>
<kw name="List Should Contain Value" owner="Collections">
<arg>${allowed_titles}</arg>
<arg>${name_title}</arg>
<doc>Fails if the ``value`` is not found from ``list``.</doc>
<status status="PASS" start="2024-07-16T17:13:29.941110" elapsed="0.000176"/>
</kw>
<kw name="Set Variable" owner="BuiltIn">
<msg time="2024-07-16T17:13:29.941827" level="INFO">${name_country} = US</msg>
<var>${name_country}</var>
<arg>${json_data["results"][0]["nat"]}</arg>
<doc>Returns the given values which can then be assigned to a variables.</doc>
<status status="PASS" start="2024-07-16T17:13:29.941464" elapsed="0.000388"/>
</kw>
<kw name="Create List" owner="BuiltIn">
<msg time="2024-07-16T17:13:29.942763" level="INFO">${list_country} = ['AD', 'AE', 'AF', 'AG', 'AI', 'AL', 'AM', 'AO', 'AQ', 'AR', 'AS', 'AT', 'AU', 'AW', 'AX', 'AZ', 'BA', 'BB', 'BD', 'BE', 'BF', 'BG', 'BH', 'BI', 'BJ', 'BL', 'BM', 'BN', 'BO', 'BQ', 'BR', 'BS', 'BT', '...</msg>
<var>${list_country}</var>
<arg>AD</arg>
<arg>AE</arg>
<arg>AF</arg>
<arg>AG</arg>
<arg>AI</arg>
<arg>AL</arg>
<arg>AM</arg>
<arg>AO</arg>
<arg>AQ</arg>
<arg>AR</arg>
<arg>AS</arg>
<arg>AT</arg>
<arg>AU</arg>
<arg>AW</arg>
<arg>AX</arg>
<arg>AZ</arg>
<arg>BA</arg>
<arg>BB</arg>
<arg>BD</arg>
<arg>BE</arg>
<arg>BF</arg>
<arg>BG</arg>
<arg>BH</arg>
<arg>BI</arg>
<arg>BJ</arg>
<arg>BL</arg>
<arg>BM</arg>
<arg>BN</arg>
<arg>BO</arg>
<arg>BQ</arg>
<arg>BR</arg>
<arg>BS</arg>
<arg>BT</arg>
<arg>BV</arg>
<arg>BW</arg>
<arg>BY</arg>
<arg>BZ</arg>
<arg>CA</arg>
<arg>CC</arg>
<arg>CD</arg>
<arg>CF</arg>
<arg>CG</arg>
<arg>CH</arg>
<arg>CI</arg>
<arg>CK</arg>
<arg>CL</arg>
<arg>CM</arg>
<arg>CN</arg>
<arg>CO</arg>
<arg>CR</arg>
<arg>CU</arg>
<arg>CV</arg>
<arg>CW</arg>
<arg>CX</arg>
<arg>CY</arg>
<arg>CZ</arg>
<arg>DE</arg>
<arg>DJ</arg>
<arg>DK</arg>
<arg>DM</arg>
<arg>DO</arg>
<arg>DZ</arg>
<arg>EC</arg>
<arg>EE</arg>
<arg>EG</arg>
<arg>EH</arg>
<arg>ER</arg>
<arg>ES</arg>
<arg>ET</arg>
<arg>FI</arg>
<arg>FJ</arg>
<arg>FK</arg>
<arg>FM</arg>
<arg>FO</arg>
<arg>FR</arg>
<arg>GA</arg>
<arg>GB</arg>
<arg>GD</arg>
<arg>GE</arg>
<arg>GF</arg>
<arg>GG</arg>
<arg>GH</arg>
<arg>GI</arg>
<arg>GL</arg>
<arg>GM</arg>
<arg>GN</arg>
<arg>GP</arg>
<arg>GQ</arg>
<arg>GR</arg>
<arg>GS</arg>
<arg>GT</arg>
<arg>GU</arg>
<arg>GW</arg>
<arg>GY</arg>
<arg>HK</arg>
<arg>HM</arg>
<arg>HN</arg>
<arg>HR</arg>
<arg>HT</arg>
<arg>HU</arg>
<arg>ID</arg>
<arg>IE</arg>
<arg>IL</arg>
<arg>IM</arg>
<arg>IN</arg>
<arg>IO</arg>
<arg>IQ</arg>
<arg>IR</arg>
<arg>IS</arg>
<arg>IT</arg>
<arg>JE</arg>
<arg>JM</arg>
<arg>JO</arg>
<arg>JP</arg>
<arg>KE</arg>
<arg>KG</arg>
<arg>KH</arg>
<arg>KI</arg>
<arg>KM</arg>
<arg>KN</arg>
<arg>KP</arg>
<arg>KR</arg>
<arg>KW</arg>
<arg>KY</arg>
<arg>KZ</arg>
<arg>LA</arg>
<arg>LB</arg>
<arg>LC</arg>
<arg>LI</arg>
<arg>LK</arg>
<arg>LR</arg>
<arg>LS</arg>
<arg>LT</arg>
<arg>LU</arg>
<arg>LV</arg>
<arg>LY</arg>
<arg>MA</arg>
<arg>MC</arg>
<arg>MD</arg>
<arg>ME</arg>
<arg>MF</arg>
<arg>MG</arg>
<arg>MH</arg>
<arg>MK</arg>
<arg>ML</arg>
<arg>MM</arg>
<arg>MN</arg>
<arg>MO</arg>
<arg>MP</arg>
<arg>MQ</arg>
<arg>MR</arg>
<arg>MS</arg>
<arg>MT</arg>
<arg>MU</arg>
<arg>MV</arg>
<arg>MW</arg>
<arg>MX</arg>
<arg>MY</arg>
<arg>MZ</arg>
<arg>NA</arg>
<arg>NC</arg>
<arg>NE</arg>
<arg>NF</arg>
<arg>NG</arg>
<arg>NI</arg>
<arg>NL</arg>
<arg>NO</arg>
<arg>NP</arg>
<arg>NR</arg>
<arg>NU</arg>
<arg>NZ</arg>
<arg>OM</arg>
<arg>PA</arg>
<arg>PE</arg>
<arg>PF</arg>
<arg>PG</arg>
<arg>PH</arg>
<arg>PK</arg>
<arg>PL</arg>
<arg>PM</arg>
<arg>PN</arg>
<arg>PR</arg>
<arg>PS</arg>
<arg>PT</arg>
<arg>PW</arg>
<arg>PY</arg>
<arg>QA</arg>
<arg>RE</arg>
<arg>RO</arg>
<arg>RS</arg>
<arg>RU</arg>
<arg>RW</arg>
<arg>SA</arg>
<arg>SB</arg>
<arg>SC</arg>
<arg>SD</arg>
<arg>SE</arg>
<arg>SG</arg>
<arg>SH</arg>
<arg>SI</arg>
<arg>SJ</arg>
<arg>SK</arg>
<arg>SL</arg>
<arg>SM</arg>
<arg>SN</arg>
<arg>SO</arg>
<arg>SR</arg>
<arg>SS</arg>
<arg>ST</arg>
<arg>SV</arg>
<arg>SX</arg>
<arg>SY</arg>
<arg>SZ</arg>
<arg>TC</arg>
<arg>TD</arg>
<arg>TF</arg>
<arg>TG</arg>
<arg>TH</arg>
<arg>TJ</arg>
<arg>TK</arg>
<arg>TL</arg>
<arg>TM</arg>
<arg>TN</arg>
<arg>TO</arg>
<arg>TR</arg>
<arg>TT</arg>
<arg>TV</arg>
<arg>TW</arg>
<arg>TZ</arg>
<arg>UA</arg>
<arg>UG</arg>
<arg>UM</arg>
<arg>US</arg>
<arg>UY</arg>
<arg>UZ</arg>
<arg>VA</arg>
<arg>VC</arg>
<arg>VE</arg>
<arg>VG</arg>
<arg>VI</arg>
<arg>VN</arg>
<arg>VU</arg>
<arg>WF</arg>
<arg>WS</arg>
<arg>XK</arg>
<arg>YE</arg>
<arg>YT</arg>
<arg>ZA</arg>
<arg>ZM</arg>
<arg>ZW</arg>
<doc>Returns a list containing given items.</doc>
<status status="PASS" start="2024-07-16T17:13:29.942147" elapsed="0.000643"/>
</kw>
<kw name="List Should Contain Value" owner="Collections">
<arg>${list_country}</arg>
<arg>${name_country}</arg>
<doc>Fails if the ``value`` is not found from ``list``.</doc>
<status status="PASS" start="2024-07-16T17:13:29.943588" elapsed="0.000205"/>
</kw>
<kw name="Run Keyword If" owner="BuiltIn">
<kw name="Should Be True" owner="BuiltIn">
<arg>${True}</arg>
<doc>Fails if the given condition is not true.</doc>
<status status="PASS" start="2024-07-16T17:13:29.944735" elapsed="0.000141"/>
</kw>
<arg>${json_data["results"][0]["location"]["coordinates"]["latitude"]} &gt;= -90 and ${json_data["results"][0]["location"]["coordinates"]["latitude"]} &lt;= 90</arg>
<arg>Should Be True</arg>
<arg>${True}</arg>
<doc>Runs the given keyword with the given arguments, if ``condition`` is true.</doc>
<status status="PASS" start="2024-07-16T17:13:29.943991" elapsed="0.001012"/>
</kw>
<kw name="Run Keyword If" owner="BuiltIn">
<kw name="Should Be True" owner="BuiltIn">
<arg>${True}</arg>
<doc>Fails if the given condition is not true.</doc>
<status status="PASS" start="2024-07-16T17:13:29.945870" elapsed="0.000136"/>
</kw>
<arg>${json_data["results"][0]["location"]["coordinates"]["longitude"]} &gt;= -180 and ${json_data["results"][0]["location"]["coordinates"]["longitude"]} &lt;= 180</arg>
<arg>Should Be True</arg>
<arg>${True}</arg>
<doc>Runs the given keyword with the given arguments, if ``condition`` is true.</doc>
<status status="PASS" start="2024-07-16T17:13:29.945183" elapsed="0.000946"/>
</kw>
<status status="PASS" start="2024-07-16T17:13:29.890317" elapsed="0.055963"/>
</kw>
<doc>Testa o conteúdo específico dos campos retornados pela API.</doc>
<tag>testeConteudo</tag>
<status status="PASS" start="2024-07-16T17:13:29.889711" elapsed="0.056738"/>
</test>
<status status="PASS" start="2024-07-16T17:13:29.019929" elapsed="0.928505"/>
</suite>
<status status="PASS" start="2024-07-16T17:13:29.005409" elapsed="0.948162"/>
</suite>
<statistics>
<total>
<stat pass="5" fail="0" skip="0">All Tests</stat>
</total>
<tag>
<stat pass="1" fail="0" skip="0">testeConteudo</stat>
<stat pass="1" fail="0" skip="0">testeEstruturaResposta</stat>
<stat pass="1" fail="0" skip="0">testeRequisicaoBasica</stat>
<stat pass="1" fail="0" skip="0">testeTiposDados</stat>
</tag>
<suite>
<stat pass="5" fail="0" skip="0" id="s1" name="Tests">Tests</stat>
<stat pass="5" fail="0" skip="0" id="s1-s1" name="Random-User-Test">Tests.Random-User-Test</stat>
</suite>
</statistics>
<errors>
</errors>
</robot>
