<?xml version="1.0" encoding="UTF-8"?>
<robot generator="Robot 7.0 (Python 3.12.3 on linux)" generated="2024-05-07T07:20:15.347310" rpa="false" schemaversion="5">
<suite id="s1" name="Tests" source="/home/runner/work/DesafioQAItauRogerioJordao/DesafioQAItauRogerioJordao/RamdonUser/tests">
<suite id="s1-s1" name="Random-User-Test" source="/home/runner/work/DesafioQAItauRogerioJordao/DesafioQAItauRogerioJordao/RamdonUser/tests/random-user-test.robot">
<test id="s1-s1-t1" name="Conectar" line="13">
<kw name="Conectar API" owner="random-user-service">
<kw name="Create Session" owner="RequestsLibrary">
<msg time="2024-05-07T07:20:15.711349" level="INFO">Creating Session using : alias=consultarAPI, url=https://randomuser.me/, headers={},                     cookies={}, auth=None, timeout=None, proxies=None, verify=False,                     debug=0 </msg>
<arg>consultarAPI</arg>
<arg>${URL}</arg>
<doc>Create Session: create a HTTP session to a server</doc>
<status status="PASS" start="2024-05-07T07:20:15.711150" elapsed="0.000371"/>
</kw>
<status status="PASS" start="2024-05-07T07:20:15.710214" elapsed="0.001665"/>
</kw>
<status status="PASS" start="2024-05-07T07:20:15.709687" elapsed="0.002382"/>
</test>
<test id="s1-s1-t2" name="Validar retorno 200 e JSON Válido" line="16">
<kw name="Teste de Requisicao Basica" owner="random-user-service">
<kw name="GET On Session" owner="RequestsLibrary">
<msg time="2024-05-07T07:20:15.828982" level="INFO">GET Request : url=https://randomuser.me/api 
 path_url=/api 
 headers={'User-Agent': 'python-requests/2.31.0', 'Accept-Encoding': 'gzip, deflate', 'Accept': '*/*', 'Connection': 'keep-alive'} 
 body=None 
 </msg>
<msg time="2024-05-07T07:20:15.829135" level="INFO">GET Response : url=https://randomuser.me/api 
 status=200, reason=OK 
 headers={'Date': 'Tue, 07 May 2024 07:20:15 GMT', 'Content-Type': 'application/json; charset=utf-8', 'Transfer-Encoding': 'chunked', 'Connection': 'keep-alive', 'X-Powered-By': 'Express', 'Access-Control-Allow-Origin': '*', 'Cache-Control': 'no-cache', 'ETag': 'W/"47a-cGXggu0XsPNdYgJSuAmSWb9T7+I"', 'Vary': 'Accept-Encoding', 'Content-Encoding': 'gzip', 'CF-Cache-Status': 'DYNAMIC', 'Report-To': '{"endpoints":[{"url":"https:\\/\\/a.nel.cloudflare.com\\/report\\/v4?s=O3druU89QzbZMY9%2Ba0imaDbZIumoqpeJR3Pj3PSOYtrpQsUhj%2FzUVsStQNNYf2jL37I4%2FVAHtRJ1l6GK8L8xvzkpY00WXhGU57U8vW%2FWoK2sSZirbLbjDM0k9zEKN0UF"}],"group":"cf-nel","max_age":604800}', 'NEL': '{"success_fraction":0,"report_to":"cf-nel","max_age":604800}', 'Server': 'cloudflare', 'CF-RAY': '87ff724a6a8267c1-SJC', 'alt-svc': 'h3=":443"; ma=86400'} 
 body={"results":[{"gender":"male","name":{"title":"Mr","first":"Mathéo","last":"Roux"},"location":{"street":{"number":9722,"name":"Rue Cyrus-Hugues"},"city":"Strasbourg","state":"Hérault","country":"France","postcode":96247,"coordinates":{"latitude":"-20.5503","longitude":"-113.9169"},"timezone":{"offset":"-10:00","description":"Hawaii"}},"email":"matheo.roux@example.com","login":{"uuid":"af1f7d7f-88cc-41ee-8eb4-cbe7a3bb850a","username":"sadfish800","password":"tundra","salt":"HHWXe35X","md5":"b85a0ce743ccbb8e7f97edde42f04aaa","sha1":"0831ba10c886d16b4c737af23d19d25d2570b3f0","sha256":"e5411f9a180e44d2e0f2357b44df73961dbb25460b9ca3273ea9d683a0d9d843"},"dob":{"date":"1984-09-30T05:32:12.724Z","age":39},"registered":{"date":"2020-12-06T05:36:35.529Z","age":3},"phone":"04-17-65-30-64","cell":"06-88-42-11-69","id":{"name":"INSEE","value":"1840880663555 32"},"picture":{"large":"https://randomuser.me/api/portraits/men/43.jpg","medium":"https://randomuser.me/api/portraits/med/men/43.jpg","thumbnail":"https://randomuser.me/api/portraits/thumb/men/43.jpg"},"nat":"FR"}],"info":{"seed":"9ea7a91820c44a02","results":1,"page":1,"version":"1.4"}} 
 </msg>
<msg time="2024-05-07T07:20:15.829227" level="INFO">/opt/hostedtoolcache/Python/3.12.3/x64/lib/python3.12/site-packages/urllib3/connectionpool.py:1103: InsecureRequestWarning: Unverified HTTPS request is being made to host 'randomuser.me'. Adding certificate verification is strongly advised. See: https://urllib3.readthedocs.io/en/latest/advanced-usage.html#tls-warnings
  warnings.warn(</msg>
<msg time="2024-05-07T07:20:15.829385" level="INFO">${response} = &lt;Response [200]&gt;</msg>
<var>${response}</var>
<arg>consultarAPI</arg>
<arg>/api</arg>
<doc>Sends a GET request on a previously created HTTP Session.</doc>
<status status="PASS" start="2024-05-07T07:20:15.714701" elapsed="0.114730"/>
</kw>
<kw name="Should Be Equal As Numbers" owner="BuiltIn">
<msg time="2024-05-07T07:20:15.830644" level="INFO">Argument types are:
&lt;class 'int'&gt;
&lt;class 'str'&gt;</msg>
<arg>${response.status_code}</arg>
<arg>200</arg>
<doc>Fails if objects are unequal after converting them to real numbers.</doc>
<status status="PASS" start="2024-05-07T07:20:15.830136" elapsed="0.000574"/>
</kw>
<kw name="Log" owner="BuiltIn">
<msg time="2024-05-07T07:20:15.831413" level="INFO">200</msg>
<arg>${response.status_code}</arg>
<doc>Logs the given message with the given level.</doc>
<status status="PASS" start="2024-05-07T07:20:15.831056" elapsed="0.000399"/>
</kw>
<kw name="Set Variable" owner="BuiltIn">
<msg time="2024-05-07T07:20:15.832219" level="INFO">${json_data} = {'results': [{'gender': 'male', 'name': {'title': 'Mr', 'first': 'Mathéo', 'last': 'Roux'}, 'location': {'street': {'number': 9722, 'name': 'Rue Cyrus-Hugues'}, 'city': 'Strasbourg', 'state': 'Hérault...</msg>
<var>${json_data}</var>
<arg>${response.json()}</arg>
<doc>Returns the given values which can then be assigned to a variables.</doc>
<status status="PASS" start="2024-05-07T07:20:15.831776" elapsed="0.000472"/>
</kw>
<kw name="Dictionary Should Contain Key" owner="Collections">
<msg time="2024-05-07T07:20:15.832784" level="INFO">False</msg>
<arg>${json_data}</arg>
<arg>results</arg>
<doc>Fails if ``key`` is not found from ``dictionary``.</doc>
<status status="PASS" start="2024-05-07T07:20:15.832600" elapsed="0.000224"/>
</kw>
<status status="PASS" start="2024-05-07T07:20:15.714461" elapsed="0.118625"/>
</kw>
<doc>Testa se a API responde corretamente e retorna um objeto JSON válido.</doc>
<tag>testeRequisicaoBasica</tag>
<status status="PASS" start="2024-05-07T07:20:15.713999" elapsed="0.119271"/>
</test>
<test id="s1-s1-t3" name="Validar estrutura de resposta" line="22">
<kw name="Teste de Estrutura de Resposta" owner="random-user-service">
<kw name="GET On Session" owner="RequestsLibrary">
<msg time="2024-05-07T07:20:16.153393" level="INFO">GET Request : url=https://randomuser.me/api 
 path_url=/api 
 headers={'User-Agent': 'python-requests/2.31.0', 'Accept-Encoding': 'gzip, deflate', 'Accept': '*/*', 'Connection': 'keep-alive'} 
 body=None 
 </msg>
<msg time="2024-05-07T07:20:16.153504" level="INFO">GET Response : url=https://randomuser.me/api 
 status=200, reason=OK 
 headers={'Date': 'Tue, 07 May 2024 07:20:16 GMT', 'Content-Type': 'application/json; charset=utf-8', 'Transfer-Encoding': 'chunked', 'Connection': 'keep-alive', 'X-Powered-By': 'Express', 'Access-Control-Allow-Origin': '*', 'Cache-Control': 'no-cache', 'ETag': 'W/"498-HGazcb6WirR7RSqgHVvP6izywKM"', 'Vary': 'Accept-Encoding', 'Content-Encoding': 'gzip', 'CF-Cache-Status': 'DYNAMIC', 'Report-To': '{"endpoints":[{"url":"https:\\/\\/a.nel.cloudflare.com\\/report\\/v4?s=fafGc2%2F8mz5MWN3%2BE8Sd7js%2Bho60shZrkqL4WoavYU%2FfnruzDSDEfAHJ79Y1qdeaGG6JX7lGxc%2FwMVxuVq9Gm94ueBZNYWriFfPMFwbfO%2FCsoqKV6PDRf6o5ochv76KH"}],"group":"cf-nel","max_age":604800}', 'NEL': '{"success_fraction":0,"report_to":"cf-nel","max_age":604800}', 'Server': 'cloudflare', 'CF-RAY': '87ff724afae967c1-SJC', 'alt-svc': 'h3=":443"; ma=86400'} 
 body={"results":[{"gender":"female","name":{"title":"Miss","first":"Christy","last":"Sanchez"},"location":{"street":{"number":2945,"name":"E North St"},"city":"Queanbeyan","state":"Victoria","country":"Australia","postcode":3619,"coordinates":{"latitude":"-82.6284","longitude":"157.9464"},"timezone":{"offset":"+8:00","description":"Beijing, Perth, Singapore, Hong Kong"}},"email":"christy.sanchez@example.com","login":{"uuid":"3c4d43bc-eec4-451a-9737-046cf1c90696","username":"heavybird338","password":"chance","salt":"4XqvgNhC","md5":"44ccb61241e728aab8bcc1190a66424a","sha1":"5394351461ddf68833506f59d0a69f2c21d7dfb4","sha256":"2853b317685d477f0c803cc8b852f23885a96b161397b6d29da2730b82ba6783"},"dob":{"date":"1966-04-30T13:22:24.404Z","age":58},"registered":{"date":"2018-06-09T06:16:04.682Z","age":5},"phone":"01-7504-6484","cell":"0469-374-050","id":{"name":"TFN","value":"384007744"},"picture":{"large":"https://randomuser.me/api/portraits/women/96.jpg","medium":"https://randomuser.me/api/portraits/med/women/96.jpg","thumbnail":"https://randomuser.me/api/portraits/thumb/women/96.jpg"},"nat":"AU"}],"info":{"seed":"7c4f3cd933a0850b","results":1,"page":1,"version":"1.4"}} 
 </msg>
<msg time="2024-05-07T07:20:16.153632" level="INFO">/opt/hostedtoolcache/Python/3.12.3/x64/lib/python3.12/site-packages/urllib3/connectionpool.py:1103: InsecureRequestWarning: Unverified HTTPS request is being made to host 'randomuser.me'. Adding certificate verification is strongly advised. See: https://urllib3.readthedocs.io/en/latest/advanced-usage.html#tls-warnings
  warnings.warn(</msg>
<msg time="2024-05-07T07:20:16.153763" level="INFO">${response} = &lt;Response [200]&gt;</msg>
<var>${response}</var>
<arg>consultarAPI</arg>
<arg>/api</arg>
<doc>Sends a GET request on a previously created HTTP Session.</doc>
<status status="PASS" start="2024-05-07T07:20:15.835944" elapsed="0.318020"/>
</kw>
<kw name="Set Variable" owner="BuiltIn">
<msg time="2024-05-07T07:20:16.155148" level="INFO">${json_data} = {'results': [{'gender': 'female', 'name': {'title': 'Miss', 'first': 'Christy', 'last': 'Sanchez'}, 'location': {'street': {'number': 2945, 'name': 'E North St'}, 'city': 'Queanbeyan', 'state': 'Victo...</msg>
<var>${json_data}</var>
<arg>${response.json()}</arg>
<doc>Returns the given values which can then be assigned to a variables.</doc>
<status status="PASS" start="2024-05-07T07:20:16.154604" elapsed="0.000573"/>
</kw>
<kw name="Log" owner="BuiltIn">
<msg time="2024-05-07T07:20:16.155654" level="INFO">{'results': [{'gender': 'female', 'name': {'title': 'Miss', 'first': 'Christy', 'last': 'Sanchez'}, 'location': {'street': {'number': 2945, 'name': 'E North St'}, 'city': 'Queanbeyan', 'state': 'Victoria', 'country': 'Australia', 'postcode': 3619, 'coordinates': {'latitude': '-82.6284', 'longitude': '157.9464'}, 'timezone': {'offset': '+8:00', 'description': 'Beijing, Perth, Singapore, Hong Kong'}}, 'email': 'christy.sanchez@example.com', 'login': {'uuid': '3c4d43bc-eec4-451a-9737-046cf1c90696', 'username': 'heavybird338', 'password': 'chance', 'salt': '4XqvgNhC', 'md5': '44ccb61241e728aab8bcc1190a66424a', 'sha1': '5394351461ddf68833506f59d0a69f2c21d7dfb4', 'sha256': '2853b317685d477f0c803cc8b852f23885a96b161397b6d29da2730b82ba6783'}, 'dob': {'date': '1966-04-30T13:22:24.404Z', 'age': 58}, 'registered': {'date': '2018-06-09T06:16:04.682Z', 'age': 5}, 'phone': '01-7504-6484', 'cell': '0469-374-050', 'id': {'name': 'TFN', 'value': '384007744'}, 'picture': {'large': 'https://randomuser.me/api/portraits/women/96.jpg', 'medium': 'https://randomuser.me/api/portraits/med/women/96.jpg', 'thumbnail': 'https://randomuser.me/api/portraits/thumb/women/96.jpg'}, 'nat': 'AU'}], 'info': {'seed': '7c4f3cd933a0850b', 'results': 1, 'page': 1, 'version': '1.4'}}</msg>
<arg>${json_data}</arg>
<doc>Logs the given message with the given level.</doc>
<status status="PASS" start="2024-05-07T07:20:16.155494" elapsed="0.000208"/>
</kw>
<kw name="Dictionary Should Contain Key" owner="Collections">
<msg time="2024-05-07T07:20:16.156154" level="INFO">False</msg>
<arg>${json_data}</arg>
<arg>results</arg>
<doc>Fails if ``key`` is not found from ``dictionary``.</doc>
<status status="PASS" start="2024-05-07T07:20:16.155994" elapsed="0.000196"/>
</kw>
<kw name="Should Not Be Empty" owner="BuiltIn">
<msg time="2024-05-07T07:20:16.156659" level="INFO">Length is 2.</msg>
<arg>${json_data}</arg>
<doc>Verifies that the given item is not empty.</doc>
<status status="PASS" start="2024-05-07T07:20:16.156521" elapsed="0.000345"/>
</kw>
<kw name="Create List" owner="BuiltIn">
<msg time="2024-05-07T07:20:16.157320" level="INFO">${expected_keys} = ['gender', 'name', 'location', 'email', 'login']</msg>
<var>${expected_keys}</var>
<arg>gender</arg>
<arg>name</arg>
<arg>location</arg>
<arg>email</arg>
<arg>login</arg>
<doc>Returns a list containing given items.</doc>
<status status="PASS" start="2024-05-07T07:20:16.157161" elapsed="0.000182"/>
</kw>
<for flavor="IN">
<iter>
<kw name="Dictionary Should Contain Key" owner="Collections">
<msg time="2024-05-07T07:20:16.158321" level="INFO">False</msg>
<arg>${json_data['results'][0]}</arg>
<arg>${key}</arg>
<doc>Fails if ``key`` is not found from ``dictionary``.</doc>
<status status="PASS" start="2024-05-07T07:20:16.157921" elapsed="0.000438"/>
</kw>
<kw name="Log" owner="BuiltIn">
<msg time="2024-05-07T07:20:16.159020" level="INFO">{'gender': 'female', 'name': {'title': 'Miss', 'first': 'Christy', 'last': 'Sanchez'}, 'location': {'street': {'number': 2945, 'name': 'E North St'}, 'city': 'Queanbeyan', 'state': 'Victoria', 'country': 'Australia', 'postcode': 3619, 'coordinates': {'latitude': '-82.6284', 'longitude': '157.9464'}, 'timezone': {'offset': '+8:00', 'description': 'Beijing, Perth, Singapore, Hong Kong'}}, 'email': 'christy.sanchez@example.com', 'login': {'uuid': '3c4d43bc-eec4-451a-9737-046cf1c90696', 'username': 'heavybird338', 'password': 'chance', 'salt': '4XqvgNhC', 'md5': '44ccb61241e728aab8bcc1190a66424a', 'sha1': '5394351461ddf68833506f59d0a69f2c21d7dfb4', 'sha256': '2853b317685d477f0c803cc8b852f23885a96b161397b6d29da2730b82ba6783'}, 'dob': {'date': '1966-04-30T13:22:24.404Z', 'age': 58}, 'registered': {'date': '2018-06-09T06:16:04.682Z', 'age': 5}, 'phone': '01-7504-6484', 'cell': '0469-374-050', 'id': {'name': 'TFN', 'value': '384007744'}, 'picture': {'large': 'https://randomuser.me/api/portraits/women/96.jpg', 'medium': 'https://randomuser.me/api/portraits/med/women/96.jpg', 'thumbnail': 'https://randomuser.me/api/portraits/thumb/women/96.jpg'}, 'nat': 'AU'}</msg>
<arg>${json_data['results'][0]}</arg>
<doc>Logs the given message with the given level.</doc>
<status status="PASS" start="2024-05-07T07:20:16.158652" elapsed="0.000415"/>
</kw>
<kw name="Log" owner="BuiltIn">
<msg time="2024-05-07T07:20:16.159487" level="INFO">gender</msg>
<arg>${key}</arg>
<doc>Logs the given message with the given level.</doc>
<status status="PASS" start="2024-05-07T07:20:16.159362" elapsed="0.000161"/>
</kw>
<var name="${key}">gender</var>
<status status="PASS" start="2024-05-07T07:20:16.157791" elapsed="0.001944"/>
</iter>
<iter>
<kw name="Dictionary Should Contain Key" owner="Collections">
<msg time="2024-05-07T07:20:16.160412" level="INFO">False</msg>
<arg>${json_data['results'][0]}</arg>
<arg>${key}</arg>
<doc>Fails if ``key`` is not found from ``dictionary``.</doc>
<status status="PASS" start="2024-05-07T07:20:16.160039" elapsed="0.000409"/>
</kw>
<kw name="Log" owner="BuiltIn">
<msg time="2024-05-07T07:20:16.161164" level="INFO">{'gender': 'female', 'name': {'title': 'Miss', 'first': 'Christy', 'last': 'Sanchez'}, 'location': {'street': {'number': 2945, 'name': 'E North St'}, 'city': 'Queanbeyan', 'state': 'Victoria', 'country': 'Australia', 'postcode': 3619, 'coordinates': {'latitude': '-82.6284', 'longitude': '157.9464'}, 'timezone': {'offset': '+8:00', 'description': 'Beijing, Perth, Singapore, Hong Kong'}}, 'email': 'christy.sanchez@example.com', 'login': {'uuid': '3c4d43bc-eec4-451a-9737-046cf1c90696', 'username': 'heavybird338', 'password': 'chance', 'salt': '4XqvgNhC', 'md5': '44ccb61241e728aab8bcc1190a66424a', 'sha1': '5394351461ddf68833506f59d0a69f2c21d7dfb4', 'sha256': '2853b317685d477f0c803cc8b852f23885a96b161397b6d29da2730b82ba6783'}, 'dob': {'date': '1966-04-30T13:22:24.404Z', 'age': 58}, 'registered': {'date': '2018-06-09T06:16:04.682Z', 'age': 5}, 'phone': '01-7504-6484', 'cell': '0469-374-050', 'id': {'name': 'TFN', 'value': '384007744'}, 'picture': {'large': 'https://randomuser.me/api/portraits/women/96.jpg', 'medium': 'https://randomuser.me/api/portraits/med/women/96.jpg', 'thumbnail': 'https://randomuser.me/api/portraits/thumb/women/96.jpg'}, 'nat': 'AU'}</msg>
<arg>${json_data['results'][0]}</arg>
<doc>Logs the given message with the given level.</doc>
<status status="PASS" start="2024-05-07T07:20:16.160796" elapsed="0.000414"/>
</kw>
<kw name="Log" owner="BuiltIn">
<msg time="2024-05-07T07:20:16.161626" level="INFO">name</msg>
<arg>${key}</arg>
<doc>Logs the given message with the given level.</doc>
<status status="PASS" start="2024-05-07T07:20:16.161501" elapsed="0.000162"/>
</kw>
<var name="${key}">name</var>
<status status="PASS" start="2024-05-07T07:20:16.159917" elapsed="0.001964"/>
</iter>
<iter>
<kw name="Dictionary Should Contain Key" owner="Collections">
<msg time="2024-05-07T07:20:16.162544" level="INFO">False</msg>
<arg>${json_data['results'][0]}</arg>
<arg>${key}</arg>
<doc>Fails if ``key`` is not found from ``dictionary``.</doc>
<status status="PASS" start="2024-05-07T07:20:16.162164" elapsed="0.000416"/>
</kw>
<kw name="Log" owner="BuiltIn">
<msg time="2024-05-07T07:20:16.163233" level="INFO">{'gender': 'female', 'name': {'title': 'Miss', 'first': 'Christy', 'last': 'Sanchez'}, 'location': {'street': {'number': 2945, 'name': 'E North St'}, 'city': 'Queanbeyan', 'state': 'Victoria', 'country': 'Australia', 'postcode': 3619, 'coordinates': {'latitude': '-82.6284', 'longitude': '157.9464'}, 'timezone': {'offset': '+8:00', 'description': 'Beijing, Perth, Singapore, Hong Kong'}}, 'email': 'christy.sanchez@example.com', 'login': {'uuid': '3c4d43bc-eec4-451a-9737-046cf1c90696', 'username': 'heavybird338', 'password': 'chance', 'salt': '4XqvgNhC', 'md5': '44ccb61241e728aab8bcc1190a66424a', 'sha1': '5394351461ddf68833506f59d0a69f2c21d7dfb4', 'sha256': '2853b317685d477f0c803cc8b852f23885a96b161397b6d29da2730b82ba6783'}, 'dob': {'date': '1966-04-30T13:22:24.404Z', 'age': 58}, 'registered': {'date': '2018-06-09T06:16:04.682Z', 'age': 5}, 'phone': '01-7504-6484', 'cell': '0469-374-050', 'id': {'name': 'TFN', 'value': '384007744'}, 'picture': {'large': 'https://randomuser.me/api/portraits/women/96.jpg', 'medium': 'https://randomuser.me/api/portraits/med/women/96.jpg', 'thumbnail': 'https://randomuser.me/api/portraits/thumb/women/96.jpg'}, 'nat': 'AU'}</msg>
<arg>${json_data['results'][0]}</arg>
<doc>Logs the given message with the given level.</doc>
<status status="PASS" start="2024-05-07T07:20:16.162876" elapsed="0.000403"/>
</kw>
<kw name="Log" owner="BuiltIn">
<msg time="2024-05-07T07:20:16.163690" level="INFO">location</msg>
<arg>${key}</arg>
<doc>Logs the given message with the given level.</doc>
<status status="PASS" start="2024-05-07T07:20:16.163568" elapsed="0.000158"/>
</kw>
<var name="${key}">location</var>
<status status="PASS" start="2024-05-07T07:20:16.162055" elapsed="0.001882"/>
</iter>
<iter>
<kw name="Dictionary Should Contain Key" owner="Collections">
<msg time="2024-05-07T07:20:16.164626" level="INFO">False</msg>
<arg>${json_data['results'][0]}</arg>
<arg>${key}</arg>
<doc>Fails if ``key`` is not found from ``dictionary``.</doc>
<status status="PASS" start="2024-05-07T07:20:16.164216" elapsed="0.000448"/>
</kw>
<kw name="Log" owner="BuiltIn">
<msg time="2024-05-07T07:20:16.165316" level="INFO">{'gender': 'female', 'name': {'title': 'Miss', 'first': 'Christy', 'last': 'Sanchez'}, 'location': {'street': {'number': 2945, 'name': 'E North St'}, 'city': 'Queanbeyan', 'state': 'Victoria', 'country': 'Australia', 'postcode': 3619, 'coordinates': {'latitude': '-82.6284', 'longitude': '157.9464'}, 'timezone': {'offset': '+8:00', 'description': 'Beijing, Perth, Singapore, Hong Kong'}}, 'email': 'christy.sanchez@example.com', 'login': {'uuid': '3c4d43bc-eec4-451a-9737-046cf1c90696', 'username': 'heavybird338', 'password': 'chance', 'salt': '4XqvgNhC', 'md5': '44ccb61241e728aab8bcc1190a66424a', 'sha1': '5394351461ddf68833506f59d0a69f2c21d7dfb4', 'sha256': '2853b317685d477f0c803cc8b852f23885a96b161397b6d29da2730b82ba6783'}, 'dob': {'date': '1966-04-30T13:22:24.404Z', 'age': 58}, 'registered': {'date': '2018-06-09T06:16:04.682Z', 'age': 5}, 'phone': '01-7504-6484', 'cell': '0469-374-050', 'id': {'name': 'TFN', 'value': '384007744'}, 'picture': {'large': 'https://randomuser.me/api/portraits/women/96.jpg', 'medium': 'https://randomuser.me/api/portraits/med/women/96.jpg', 'thumbnail': 'https://randomuser.me/api/portraits/thumb/women/96.jpg'}, 'nat': 'AU'}</msg>
<arg>${json_data['results'][0]}</arg>
<doc>Logs the given message with the given level.</doc>
<status status="PASS" start="2024-05-07T07:20:16.164959" elapsed="0.000405"/>
</kw>
<kw name="Log" owner="BuiltIn">
<msg time="2024-05-07T07:20:16.165778" level="INFO">email</msg>
<arg>${key}</arg>
<doc>Logs the given message with the given level.</doc>
<status status="PASS" start="2024-05-07T07:20:16.165653" elapsed="0.000160"/>
</kw>
<var name="${key}">email</var>
<status status="PASS" start="2024-05-07T07:20:16.164108" elapsed="0.001912"/>
</iter>
<iter>
<kw name="Dictionary Should Contain Key" owner="Collections">
<msg time="2024-05-07T07:20:16.166684" level="INFO">False</msg>
<arg>${json_data['results'][0]}</arg>
<arg>${key}</arg>
<doc>Fails if ``key`` is not found from ``dictionary``.</doc>
<status status="PASS" start="2024-05-07T07:20:16.166297" elapsed="0.000424"/>
</kw>
<kw name="Log" owner="BuiltIn">
<msg time="2024-05-07T07:20:16.167367" level="INFO">{'gender': 'female', 'name': {'title': 'Miss', 'first': 'Christy', 'last': 'Sanchez'}, 'location': {'street': {'number': 2945, 'name': 'E North St'}, 'city': 'Queanbeyan', 'state': 'Victoria', 'country': 'Australia', 'postcode': 3619, 'coordinates': {'latitude': '-82.6284', 'longitude': '157.9464'}, 'timezone': {'offset': '+8:00', 'description': 'Beijing, Perth, Singapore, Hong Kong'}}, 'email': 'christy.sanchez@example.com', 'login': {'uuid': '3c4d43bc-eec4-451a-9737-046cf1c90696', 'username': 'heavybird338', 'password': 'chance', 'salt': '4XqvgNhC', 'md5': '44ccb61241e728aab8bcc1190a66424a', 'sha1': '5394351461ddf68833506f59d0a69f2c21d7dfb4', 'sha256': '2853b317685d477f0c803cc8b852f23885a96b161397b6d29da2730b82ba6783'}, 'dob': {'date': '1966-04-30T13:22:24.404Z', 'age': 58}, 'registered': {'date': '2018-06-09T06:16:04.682Z', 'age': 5}, 'phone': '01-7504-6484', 'cell': '0469-374-050', 'id': {'name': 'TFN', 'value': '384007744'}, 'picture': {'large': 'https://randomuser.me/api/portraits/women/96.jpg', 'medium': 'https://randomuser.me/api/portraits/med/women/96.jpg', 'thumbnail': 'https://randomuser.me/api/portraits/thumb/women/96.jpg'}, 'nat': 'AU'}</msg>
<arg>${json_data['results'][0]}</arg>
<doc>Logs the given message with the given level.</doc>
<status status="PASS" start="2024-05-07T07:20:16.167006" elapsed="0.000407"/>
</kw>
<kw name="Log" owner="BuiltIn">
<msg time="2024-05-07T07:20:16.167830" level="INFO">login</msg>
<arg>${key}</arg>
<doc>Logs the given message with the given level.</doc>
<status status="PASS" start="2024-05-07T07:20:16.167705" elapsed="0.000161"/>
</kw>
<var name="${key}">login</var>
<status status="PASS" start="2024-05-07T07:20:16.166188" elapsed="0.001921"/>
</iter>
<var>${key}</var>
<value>@{expected_keys}</value>
<status status="PASS" start="2024-05-07T07:20:16.157600" elapsed="0.010632"/>
</for>
<kw name="Create List" owner="BuiltIn">
<msg time="2024-05-07T07:20:16.168587" level="INFO">${expected_keysTwo} = ['username', 'password']</msg>
<var>${expected_keysTwo}</var>
<arg>username</arg>
<arg>password</arg>
<doc>Returns a list containing given items.</doc>
<status status="PASS" start="2024-05-07T07:20:16.168425" elapsed="0.000186"/>
</kw>
<for flavor="IN">
<iter>
<kw name="Dictionary Should Contain Key" owner="Collections">
<msg time="2024-05-07T07:20:16.169489" level="INFO">False</msg>
<arg>${json_data['results'][0]['login']}</arg>
<arg>${keyTwo}</arg>
<doc>Fails if ``key`` is not found from ``dictionary``.</doc>
<status status="PASS" start="2024-05-07T07:20:16.169105" elapsed="0.000420"/>
</kw>
<kw name="Dictionary Should Contain Key" owner="Collections">
<msg time="2024-05-07T07:20:16.170189" level="INFO">False</msg>
<arg>${json_data['results'][0]['login']}</arg>
<arg>${keyTwo}</arg>
<doc>Fails if ``key`` is not found from ``dictionary``.</doc>
<status status="PASS" start="2024-05-07T07:20:16.169812" elapsed="0.000414"/>
</kw>
<kw name="Log" owner="BuiltIn">
<msg time="2024-05-07T07:20:16.170636" level="INFO">username</msg>
<arg>${keyTwo}</arg>
<doc>Logs the given message with the given level.</doc>
<status status="PASS" start="2024-05-07T07:20:16.170512" elapsed="0.000165"/>
</kw>
<var name="${keyTwo}">username</var>
<status status="PASS" start="2024-05-07T07:20:16.168996" elapsed="0.001890"/>
</iter>
<iter>
<kw name="Dictionary Should Contain Key" owner="Collections">
<msg time="2024-05-07T07:20:16.171632" level="INFO">False</msg>
<arg>${json_data['results'][0]['login']}</arg>
<arg>${keyTwo}</arg>
<doc>Fails if ``key`` is not found from ``dictionary``.</doc>
<status status="PASS" start="2024-05-07T07:20:16.171162" elapsed="0.000509"/>
</kw>
<kw name="Dictionary Should Contain Key" owner="Collections">
<msg time="2024-05-07T07:20:16.172344" level="INFO">False</msg>
<arg>${json_data['results'][0]['login']}</arg>
<arg>${keyTwo}</arg>
<doc>Fails if ``key`` is not found from ``dictionary``.</doc>
<status status="PASS" start="2024-05-07T07:20:16.171967" elapsed="0.000413"/>
</kw>
<kw name="Log" owner="BuiltIn">
<msg time="2024-05-07T07:20:16.172826" level="INFO">password</msg>
<arg>${keyTwo}</arg>
<doc>Logs the given message with the given level.</doc>
<status status="PASS" start="2024-05-07T07:20:16.172700" elapsed="0.000163"/>
</kw>
<var name="${keyTwo}">password</var>
<status status="PASS" start="2024-05-07T07:20:16.171054" elapsed="0.002020"/>
</iter>
<var>${keyTwo}</var>
<value>@{expected_keysTwo}</value>
<status status="PASS" start="2024-05-07T07:20:16.168846" elapsed="0.004349"/>
</for>
<status status="PASS" start="2024-05-07T07:20:15.835707" elapsed="0.337629"/>
</kw>
<doc>Testa a estrutura da resposta da API.</doc>
<tag>testeEstruturaResposta</tag>
<status status="PASS" start="2024-05-07T07:20:15.835178" elapsed="0.338316"/>
</test>
<test id="s1-s1-t4" name="Validar tipos de dados" line="28">
<kw name="Teste de Tipos de Dados" owner="random-user-service">
<kw name="GET On Session" owner="RequestsLibrary">
<msg time="2024-05-07T07:20:16.269289" level="INFO">GET Request : url=https://randomuser.me/api 
 path_url=/api 
 headers={'User-Agent': 'python-requests/2.31.0', 'Accept-Encoding': 'gzip, deflate', 'Accept': '*/*', 'Connection': 'keep-alive'} 
 body=None 
 </msg>
<msg time="2024-05-07T07:20:16.269361" level="INFO">GET Response : url=https://randomuser.me/api 
 status=200, reason=OK 
 headers={'Date': 'Tue, 07 May 2024 07:20:16 GMT', 'Content-Type': 'application/json; charset=utf-8', 'Transfer-Encoding': 'chunked', 'Connection': 'keep-alive', 'X-Powered-By': 'Express', 'Access-Control-Allow-Origin': '*', 'Cache-Control': 'no-cache', 'ETag': 'W/"48a-j+FAlvtw8OOmBNE23ijjXusDv9g"', 'Vary': 'Accept-Encoding', 'Content-Encoding': 'gzip', 'CF-Cache-Status': 'DYNAMIC', 'Report-To': '{"endpoints":[{"url":"https:\\/\\/a.nel.cloudflare.com\\/report\\/v4?s=h%2FV%2Ftq9b9pwG32JKbx1tAvA14htTZwPGSDdqF%2BHwRMen8KtHs2nft5SIK6oatglX6Iz3ci3yzu04PE0E3QcGNjlj2aZIAMhmKAyKSuN%2BQhRPlQdHEcvohd%2B4r%2FO2Atpv"}],"group":"cf-nel","max_age":604800}', 'NEL': '{"success_fraction":0,"report_to":"cf-nel","max_age":604800}', 'Server': 'cloudflare', 'CF-RAY': '87ff724d1c8367c1-SJC', 'alt-svc': 'h3=":443"; ma=86400'} 
 body={"results":[{"gender":"female","name":{"title":"Mrs","first":"Sofia","last":"Castro"},"location":{"street":{"number":1410,"name":"Avondale Ave"},"city":"Phoenix","state":"West Virginia","country":"United States","postcode":87879,"coordinates":{"latitude":"82.9312","longitude":"57.7905"},"timezone":{"offset":"-3:30","description":"Newfoundland"}},"email":"sofia.castro@example.com","login":{"uuid":"d27520af-d59f-4f8e-8138-0fda8f31acd6","username":"orangebear998","password":"christmas","salt":"vL70G5ae","md5":"01fb51604ce7fd66dc50e75f88de890a","sha1":"d9d39297fb36983e10cff67b60c007a3d6391507","sha256":"4d406978f14576c49c6c468a29128d9d2da39db62ad94a210388575f58747dbd"},"dob":{"date":"1991-06-18T02:50:38.462Z","age":32},"registered":{"date":"2015-02-27T13:00:45.145Z","age":9},"phone":"(911) 778-4239","cell":"(755) 446-3863","id":{"name":"SSN","value":"721-32-0496"},"picture":{"large":"https://randomuser.me/api/portraits/women/49.jpg","medium":"https://randomuser.me/api/portraits/med/women/49.jpg","thumbnail":"https://randomuser.me/api/portraits/thumb/women/49.jpg"},"nat":"US"}],"info":{"seed":"b6a5f48a23e90c49","results":1,"page":1,"version":"1.4"}} 
 </msg>
<msg time="2024-05-07T07:20:16.269424" level="INFO">/opt/hostedtoolcache/Python/3.12.3/x64/lib/python3.12/site-packages/urllib3/connectionpool.py:1103: InsecureRequestWarning: Unverified HTTPS request is being made to host 'randomuser.me'. Adding certificate verification is strongly advised. See: https://urllib3.readthedocs.io/en/latest/advanced-usage.html#tls-warnings
  warnings.warn(</msg>
<msg time="2024-05-07T07:20:16.269517" level="INFO">${response} = &lt;Response [200]&gt;</msg>
<var>${response}</var>
<arg>consultarAPI</arg>
<arg>/api</arg>
<doc>Sends a GET request on a previously created HTTP Session.</doc>
<status status="PASS" start="2024-05-07T07:20:16.175998" elapsed="0.093566"/>
</kw>
<kw name="Set Variable" owner="BuiltIn">
<msg time="2024-05-07T07:20:16.270795" level="INFO">${json_data} = {'results': [{'gender': 'female', 'name': {'title': 'Mrs', 'first': 'Sofia', 'last': 'Castro'}, 'location': {'street': {'number': 1410, 'name': 'Avondale Ave'}, 'city': 'Phoenix', 'state': 'West Virgi...</msg>
<var>${json_data}</var>
<arg>${response.json()}</arg>
<doc>Returns the given values which can then be assigned to a variables.</doc>
<status status="PASS" start="2024-05-07T07:20:16.270111" elapsed="0.000713"/>
</kw>
<kw name="Log" owner="BuiltIn">
<msg time="2024-05-07T07:20:16.271289" level="INFO">{'results': [{'gender': 'female', 'name': {'title': 'Mrs', 'first': 'Sofia', 'last': 'Castro'}, 'location': {'street': {'number': 1410, 'name': 'Avondale Ave'}, 'city': 'Phoenix', 'state': 'West Virginia', 'country': 'United States', 'postcode': 87879, 'coordinates': {'latitude': '82.9312', 'longitude': '57.7905'}, 'timezone': {'offset': '-3:30', 'description': 'Newfoundland'}}, 'email': 'sofia.castro@example.com', 'login': {'uuid': 'd27520af-d59f-4f8e-8138-0fda8f31acd6', 'username': 'orangebear998', 'password': 'christmas', 'salt': 'vL70G5ae', 'md5': '01fb51604ce7fd66dc50e75f88de890a', 'sha1': 'd9d39297fb36983e10cff67b60c007a3d6391507', 'sha256': '4d406978f14576c49c6c468a29128d9d2da39db62ad94a210388575f58747dbd'}, 'dob': {'date': '1991-06-18T02:50:38.462Z', 'age': 32}, 'registered': {'date': '2015-02-27T13:00:45.145Z', 'age': 9}, 'phone': '(911) 778-4239', 'cell': '(755) 446-3863', 'id': {'name': 'SSN', 'value': '721-32-0496'}, 'picture': {'large': 'https://randomuser.me/api/portraits/women/49.jpg', 'medium': 'https://randomuser.me/api/portraits/med/women/49.jpg', 'thumbnail': 'https://randomuser.me/api/portraits/thumb/women/49.jpg'}, 'nat': 'US'}], 'info': {'seed': 'b6a5f48a23e90c49', 'results': 1, 'page': 1, 'version': '1.4'}}</msg>
<arg>${json_data}</arg>
<doc>Logs the given message with the given level.</doc>
<status status="PASS" start="2024-05-07T07:20:16.271134" elapsed="0.000234"/>
</kw>
<kw name="Should Be String" owner="String">
<arg>${json_data['results'][0]['gender']}</arg>
<doc>Fails if the given ``item`` is not a string.</doc>
<status status="PASS" start="2024-05-07T07:20:16.271671" elapsed="0.000369"/>
</kw>
<kw name="Should Match Regexp" owner="BuiltIn">
<arg>${json_data['results'][0]['email']}</arg>
<arg>^[a-zA-Z0-9._%+-]+@[a-zA-Z0-9.-]+\.[a-zA-Z]{2,}$</arg>
<doc>Fails if ``string`` does not match ``pattern`` as a regular expression.</doc>
<status status="PASS" start="2024-05-07T07:20:16.272235" elapsed="0.000566"/>
</kw>
<kw name="Should Match Regexp" owner="BuiltIn">
<arg>${json_data['results'][0]['dob']['date']}</arg>
<arg>\\d{4}-\\d{2}-\\d{2}T\\d{2}:\\d{2}:\\d{2}\\.\\d{3}Z</arg>
<doc>Fails if ``string`` does not match ``pattern`` as a regular expression.</doc>
<status status="PASS" start="2024-05-07T07:20:16.273001" elapsed="0.000499"/>
</kw>
<kw name="Should Match Regexp" owner="BuiltIn">
<arg>${json_data['results'][0]['registered']['date']}</arg>
<arg>\\d{4}-\\d{2}-\\d{2}T\\d{2}:\\d{2}:\\d{2}\\.\\d{3}Z</arg>
<doc>Fails if ``string`` does not match ``pattern`` as a regular expression.</doc>
<status status="PASS" start="2024-05-07T07:20:16.273692" elapsed="0.000367"/>
</kw>
<kw name="Should Match Regexp" owner="BuiltIn">
<arg>${json_data['results'][0]['picture']['large']}</arg>
<arg>^https?://.*\.(?:png|jpe?g|gif|bmp)$</arg>
<doc>Fails if ``string`` does not match ``pattern`` as a regular expression.</doc>
<status status="PASS" start="2024-05-07T07:20:16.274258" elapsed="0.000459"/>
</kw>
<kw name="Should Match Regexp" owner="BuiltIn">
<arg>${json_data['results'][0]['picture']['medium']}</arg>
<arg>^https?://.*\.(?:png|jpe?g|gif|bmp)$</arg>
<doc>Fails if ``string`` does not match ``pattern`` as a regular expression.</doc>
<status status="PASS" start="2024-05-07T07:20:16.274902" elapsed="0.000360"/>
</kw>
<kw name="Should Match Regexp" owner="BuiltIn">
<arg>${json_data['results'][0]['picture']['thumbnail']}</arg>
<arg>^https?://.*\.(?:png|jpe?g|gif|bmp)$</arg>
<doc>Fails if ``string`` does not match ``pattern`` as a regular expression.</doc>
<status status="PASS" start="2024-05-07T07:20:16.275450" elapsed="0.000351"/>
</kw>
<kw name="Log" owner="BuiltIn">
<msg time="2024-05-07T07:20:16.276306" level="INFO">{'large': 'https://randomuser.me/api/portraits/women/49.jpg', 'medium': 'https://randomuser.me/api/portraits/med/women/49.jpg', 'thumbnail': 'https://randomuser.me/api/portraits/thumb/women/49.jpg'}</msg>
<arg>${json_data['results'][0]['picture']}</arg>
<doc>Logs the given message with the given level.</doc>
<status status="PASS" start="2024-05-07T07:20:16.275981" elapsed="0.000365"/>
</kw>
<status status="PASS" start="2024-05-07T07:20:16.175768" elapsed="0.100866"/>
</kw>
<kw name="Teste de Tipos de Dados - Postcode" owner="random-user-service">
<kw name="GET On Session" owner="RequestsLibrary">
<msg time="2024-05-07T07:20:16.376015" level="INFO">GET Request : url=https://randomuser.me/api 
 path_url=/api 
 headers={'User-Agent': 'python-requests/2.31.0', 'Accept-Encoding': 'gzip, deflate', 'Accept': '*/*', 'Connection': 'keep-alive'} 
 body=None 
 </msg>
<msg time="2024-05-07T07:20:16.376090" level="INFO">GET Response : url=https://randomuser.me/api 
 status=200, reason=OK 
 headers={'Date': 'Tue, 07 May 2024 07:20:16 GMT', 'Content-Type': 'application/json; charset=utf-8', 'Transfer-Encoding': 'chunked', 'Connection': 'keep-alive', 'X-Powered-By': 'Express', 'Access-Control-Allow-Origin': '*', 'Cache-Control': 'no-cache', 'ETag': 'W/"475-me+x1fSs107k/gZ9FIzC2X5zXtc"', 'Vary': 'Accept-Encoding', 'Content-Encoding': 'gzip', 'CF-Cache-Status': 'DYNAMIC', 'Report-To': '{"endpoints":[{"url":"https:\\/\\/a.nel.cloudflare.com\\/report\\/v4?s=powvDaSOTjkC%2FWwLKxBt%2BJjPAQ%2B05g78d0LArNialr9%2Ft0LCL3%2Fd1M555k2W597050Eav4SfrZFlCO5thEZnb4J5KI%2BxQcRXftl3pR6cGPx%2BydFY8bMQTMSxDL415h%2BS"}],"group":"cf-nel","max_age":604800}', 'NEL': '{"success_fraction":0,"report_to":"cf-nel","max_age":604800}', 'Server': 'cloudflare', 'CF-RAY': '87ff724dccf767c1-SJC', 'alt-svc': 'h3=":443"; ma=86400'} 
 body={"results":[{"gender":"male","name":{"title":"Mr","first":"Perry","last":"Nichols"},"location":{"street":{"number":3449,"name":"North Road"},"city":"New Ross","state":"Dublin City","country":"Ireland","postcode":73587,"coordinates":{"latitude":"1.3668","longitude":"-4.3651"},"timezone":{"offset":"+6:00","description":"Almaty, Dhaka, Colombo"}},"email":"perry.nichols@example.com","login":{"uuid":"cac57b3b-6df2-440d-b182-b5f4ec3924f8","username":"lazycat723","password":"aaaaa","salt":"z20jqc10","md5":"269253e6d51f496f30611407b3b41114","sha1":"b09544c4b266d962121c9597babd1936ac814d83","sha256":"9101d7e03083e770c5704c2db98a911dde0bfa9bfc6608d14a1f23ce514f778d"},"dob":{"date":"1962-07-20T08:43:31.310Z","age":61},"registered":{"date":"2022-01-07T23:45:03.455Z","age":2},"phone":"071-715-1295","cell":"081-158-2013","id":{"name":"PPS","value":"1173200T"},"picture":{"large":"https://randomuser.me/api/portraits/men/27.jpg","medium":"https://randomuser.me/api/portraits/med/men/27.jpg","thumbnail":"https://randomuser.me/api/portraits/thumb/men/27.jpg"},"nat":"IE"}],"info":{"seed":"e9f3d59b72825624","results":1,"page":1,"version":"1.4"}} 
 </msg>
<msg time="2024-05-07T07:20:16.376151" level="INFO">/opt/hostedtoolcache/Python/3.12.3/x64/lib/python3.12/site-packages/urllib3/connectionpool.py:1103: InsecureRequestWarning: Unverified HTTPS request is being made to host 'randomuser.me'. Adding certificate verification is strongly advised. See: https://urllib3.readthedocs.io/en/latest/advanced-usage.html#tls-warnings
  warnings.warn(</msg>
<msg time="2024-05-07T07:20:16.376252" level="INFO">${response} = &lt;Response [200]&gt;</msg>
<var>${response}</var>
<arg>consultarAPI</arg>
<arg>/api</arg>
<doc>Sends a GET request on a previously created HTTP Session.</doc>
<status status="PASS" start="2024-05-07T07:20:16.277085" elapsed="0.099208"/>
</kw>
<kw name="Set Variable" owner="BuiltIn">
<msg time="2024-05-07T07:20:16.377485" level="INFO">${json_data} = {'results': [{'gender': 'male', 'name': {'title': 'Mr', 'first': 'Perry', 'last': 'Nichols'}, 'location': {'street': {'number': 3449, 'name': 'North Road'}, 'city': 'New Ross', 'state': 'Dublin City',...</msg>
<var>${json_data}</var>
<arg>${response.json()}</arg>
<doc>Returns the given values which can then be assigned to a variables.</doc>
<status status="PASS" start="2024-05-07T07:20:16.376863" elapsed="0.000662"/>
</kw>
<kw name="Log" owner="BuiltIn">
<msg time="2024-05-07T07:20:16.377991" level="INFO">{'results': [{'gender': 'male', 'name': {'title': 'Mr', 'first': 'Perry', 'last': 'Nichols'}, 'location': {'street': {'number': 3449, 'name': 'North Road'}, 'city': 'New Ross', 'state': 'Dublin City', 'country': 'Ireland', 'postcode': 73587, 'coordinates': {'latitude': '1.3668', 'longitude': '-4.3651'}, 'timezone': {'offset': '+6:00', 'description': 'Almaty, Dhaka, Colombo'}}, 'email': 'perry.nichols@example.com', 'login': {'uuid': 'cac57b3b-6df2-440d-b182-b5f4ec3924f8', 'username': 'lazycat723', 'password': 'aaaaa', 'salt': 'z20jqc10', 'md5': '269253e6d51f496f30611407b3b41114', 'sha1': 'b09544c4b266d962121c9597babd1936ac814d83', 'sha256': '9101d7e03083e770c5704c2db98a911dde0bfa9bfc6608d14a1f23ce514f778d'}, 'dob': {'date': '1962-07-20T08:43:31.310Z', 'age': 61}, 'registered': {'date': '2022-01-07T23:45:03.455Z', 'age': 2}, 'phone': '071-715-1295', 'cell': '081-158-2013', 'id': {'name': 'PPS', 'value': '1173200T'}, 'picture': {'large': 'https://randomuser.me/api/portraits/men/27.jpg', 'medium': 'https://randomuser.me/api/portraits/med/men/27.jpg', 'thumbnail': 'https://randomuser.me/api/portraits/thumb/men/27.jpg'}, 'nat': 'IE'}], 'info': {'seed': 'e9f3d59b72825624', 'results': 1, 'page': 1, 'version': '1.4'}}</msg>
<arg>${json_data}</arg>
<doc>Logs the given message with the given level.</doc>
<status status="PASS" start="2024-05-07T07:20:16.377837" elapsed="0.000235"/>
</kw>
<kw name="Should Be Equal As Numbers" owner="BuiltIn">
<arg>${json_data['results'][0]['location']['postcode']}</arg>
<arg>${json_data['results'][0]['location']['postcode']}</arg>
<doc>Fails if objects are unequal after converting them to real numbers.</doc>
<status status="PASS" start="2024-05-07T07:20:16.378515" elapsed="0.000618"/>
</kw>
<kw name="Log" owner="BuiltIn">
<msg time="2024-05-07T07:20:16.379656" level="INFO">73587</msg>
<arg>${json_data['results'][0]['location']['postcode']}</arg>
<doc>Logs the given message with the given level.</doc>
<status status="PASS" start="2024-05-07T07:20:16.379324" elapsed="0.000371"/>
</kw>
<status status="PASS" start="2024-05-07T07:20:16.276859" elapsed="0.103085"/>
</kw>
<doc>Testa se os tipos de dados na resposta da API estão corretos.</doc>
<tag>testeTiposDados</tag>
<status status="PASS" start="2024-05-07T07:20:16.175293" elapsed="0.204813"/>
</test>
<test id="s1-s1-t5" name="Validar conteudo" line="35">
<kw name="Teste de Tipos de Conteudo" owner="random-user-service">
<kw name="GET On Session" owner="RequestsLibrary">
<msg time="2024-05-07T07:20:16.471965" level="INFO">GET Request : url=https://randomuser.me/api 
 path_url=/api 
 headers={'User-Agent': 'python-requests/2.31.0', 'Accept-Encoding': 'gzip, deflate', 'Accept': '*/*', 'Connection': 'keep-alive'} 
 body=None 
 </msg>
<msg time="2024-05-07T07:20:16.472067" level="INFO">GET Response : url=https://randomuser.me/api 
 status=200, reason=OK 
 headers={'Date': 'Tue, 07 May 2024 07:20:16 GMT', 'Content-Type': 'application/json; charset=utf-8', 'Transfer-Encoding': 'chunked', 'Connection': 'keep-alive', 'X-Powered-By': 'Express', 'Access-Control-Allow-Origin': '*', 'Cache-Control': 'no-cache', 'ETag': 'W/"489-uH2gsQVLKVTJ4VCmLPvifJr0VRU"', 'Vary': 'Accept-Encoding', 'Content-Encoding': 'gzip', 'CF-Cache-Status': 'DYNAMIC', 'Report-To': '{"endpoints":[{"url":"https:\\/\\/a.nel.cloudflare.com\\/report\\/v4?s=6404V1NWWDwImb%2FLjCX%2BF6ZJdEw7rfGrno1VBBMe9Zjtgw7V5Wb9SWRjO15rfq59Ti5o6X%2BqSl%2BB1sbTTpOBWkIQdmW7YMK7WgA%2B82IcRduBAuQhAWhaqgHQdRD5AoTH"}],"group":"cf-nel","max_age":604800}', 'NEL': '{"success_fraction":0,"report_to":"cf-nel","max_age":604800}', 'Server': 'cloudflare', 'CF-RAY': '87ff724e6d7867c1-SJC', 'alt-svc': 'h3=":443"; ma=86400'} 
 body={"results":[{"gender":"female","name":{"title":"Miss","first":"Kashvi","last":"Chavare"},"location":{"street":{"number":6913,"name":"Bannerghatta Rd"},"city":"Nagercoil","state":"Chandigarh","country":"India","postcode":67825,"coordinates":{"latitude":"8.2428","longitude":"15.4352"},"timezone":{"offset":"+2:00","description":"Kaliningrad, South Africa"}},"email":"kashvi.chavare@example.com","login":{"uuid":"4328b0a2-a483-443f-86dc-d6f001d5adf2","username":"smallswan448","password":"spice","salt":"pHpsm8cy","md5":"e401ebd62ad13449acf0964a85d60e1c","sha1":"049317709dbaeb5a40a5b21f138c918fb711ebbf","sha256":"9650a93cf10e4b6f43224a8f7098762c22269f76d04149902d6fce8360c2fa2a"},"dob":{"date":"1998-04-08T20:04:52.604Z","age":26},"registered":{"date":"2003-06-16T16:45:43.872Z","age":20},"phone":"7836891650","cell":"9363298710","id":{"name":"UIDAI","value":"192975020819"},"picture":{"large":"https://randomuser.me/api/portraits/women/4.jpg","medium":"https://randomuser.me/api/portraits/med/women/4.jpg","thumbnail":"https://randomuser.me/api/portraits/thumb/women/4.jpg"},"nat":"IN"}],"info":{"seed":"253a605118c64982","results":1,"page":1,"version":"1.4"}} 
 </msg>
<msg time="2024-05-07T07:20:16.472133" level="INFO">/opt/hostedtoolcache/Python/3.12.3/x64/lib/python3.12/site-packages/urllib3/connectionpool.py:1103: InsecureRequestWarning: Unverified HTTPS request is being made to host 'randomuser.me'. Adding certificate verification is strongly advised. See: https://urllib3.readthedocs.io/en/latest/advanced-usage.html#tls-warnings
  warnings.warn(</msg>
<msg time="2024-05-07T07:20:16.472236" level="INFO">${response} = &lt;Response [200]&gt;</msg>
<var>${response}</var>
<arg>consultarAPI</arg>
<arg>/api</arg>
<doc>Sends a GET request on a previously created HTTP Session.</doc>
<status status="PASS" start="2024-05-07T07:20:16.382945" elapsed="0.089332"/>
</kw>
<kw name="Set Variable" owner="BuiltIn">
<msg time="2024-05-07T07:20:16.473524" level="INFO">${json_data} = {'results': [{'gender': 'female', 'name': {'title': 'Miss', 'first': 'Kashvi', 'last': 'Chavare'}, 'location': {'street': {'number': 6913, 'name': 'Bannerghatta Rd'}, 'city': 'Nagercoil', 'state': 'Ch...</msg>
<var>${json_data}</var>
<arg>${response.json()}</arg>
<doc>Returns the given values which can then be assigned to a variables.</doc>
<status status="PASS" start="2024-05-07T07:20:16.472889" elapsed="0.000663"/>
</kw>
<kw name="Set Variable" owner="BuiltIn">
<msg time="2024-05-07T07:20:16.474245" level="INFO">${name_title} = Miss</msg>
<var>${name_title}</var>
<arg>${json_data["results"][0]["name"]["title"]}</arg>
<doc>Returns the given values which can then be assigned to a variables.</doc>
<status status="PASS" start="2024-05-07T07:20:16.473857" elapsed="0.000413"/>
</kw>
<kw name="Create List" owner="BuiltIn">
<msg time="2024-05-07T07:20:16.474709" level="INFO">${allowed_titles} = ['Mr', 'Ms', 'Miss', 'Mrs', 'Madame', 'Monsieur']</msg>
<var>${allowed_titles}</var>
<arg>Mr</arg>
<arg>Ms</arg>
<arg>Miss</arg>
<arg>Mrs</arg>
<arg>Madame</arg>
<arg>Monsieur</arg>
<doc>Returns a list containing given items.</doc>
<status status="PASS" start="2024-05-07T07:20:16.474563" elapsed="0.000170"/>
</kw>
<kw name="List Should Contain Value" owner="Collections">
<msg time="2024-05-07T07:20:16.475195" level="INFO">False</msg>
<arg>${allowed_titles}</arg>
<arg>${name_title}</arg>
<doc>Fails if the ``value`` is not found from ``list``.</doc>
<status status="PASS" start="2024-05-07T07:20:16.475025" elapsed="0.000206"/>
</kw>
<kw name="Set Variable" owner="BuiltIn">
<msg time="2024-05-07T07:20:16.475888" level="INFO">${name_country} = IN</msg>
<var>${name_country}</var>
<arg>${json_data["results"][0]["nat"]}</arg>
<doc>Returns the given values which can then be assigned to a variables.</doc>
<status status="PASS" start="2024-05-07T07:20:16.475516" elapsed="0.000396"/>
</kw>
<kw name="Create List" owner="BuiltIn">
<msg time="2024-05-07T07:20:16.476829" level="INFO">${list_country} = ['AD', 'AE', 'AF', 'AG', 'AI', 'AL', 'AM', 'AO', 'AQ', 'AR', 'AS', 'AT', 'AU', 'AW', 'AX', 'AZ', 'BA', 'BB', 'BD', 'BE', 'BF', 'BG', 'BH', 'BI', 'BJ', 'BL', 'BM', 'BN', 'BO', 'BQ', 'BR', 'BS', 'BT', '...</msg>
<var>${list_country}</var>
<arg>AD</arg>
<arg>AE</arg>
<arg>AF</arg>
<arg>AG</arg>
<arg>AI</arg>
<arg>AL</arg>
<arg>AM</arg>
<arg>AO</arg>
<arg>AQ</arg>
<arg>AR</arg>
<arg>AS</arg>
<arg>AT</arg>
<arg>AU</arg>
<arg>AW</arg>
<arg>AX</arg>
<arg>AZ</arg>
<arg>BA</arg>
<arg>BB</arg>
<arg>BD</arg>
<arg>BE</arg>
<arg>BF</arg>
<arg>BG</arg>
<arg>BH</arg>
<arg>BI</arg>
<arg>BJ</arg>
<arg>BL</arg>
<arg>BM</arg>
<arg>BN</arg>
<arg>BO</arg>
<arg>BQ</arg>
<arg>BR</arg>
<arg>BS</arg>
<arg>BT</arg>
<arg>BV</arg>
<arg>BW</arg>
<arg>BY</arg>
<arg>BZ</arg>
<arg>CA</arg>
<arg>CC</arg>
<arg>CD</arg>
<arg>CF</arg>
<arg>CG</arg>
<arg>CH</arg>
<arg>CI</arg>
<arg>CK</arg>
<arg>CL</arg>
<arg>CM</arg>
<arg>CN</arg>
<arg>CO</arg>
<arg>CR</arg>
<arg>CU</arg>
<arg>CV</arg>
<arg>CW</arg>
<arg>CX</arg>
<arg>CY</arg>
<arg>CZ</arg>
<arg>DE</arg>
<arg>DJ</arg>
<arg>DK</arg>
<arg>DM</arg>
<arg>DO</arg>
<arg>DZ</arg>
<arg>EC</arg>
<arg>EE</arg>
<arg>EG</arg>
<arg>EH</arg>
<arg>ER</arg>
<arg>ES</arg>
<arg>ET</arg>
<arg>FI</arg>
<arg>FJ</arg>
<arg>FK</arg>
<arg>FM</arg>
<arg>FO</arg>
<arg>FR</arg>
<arg>GA</arg>
<arg>GB</arg>
<arg>GD</arg>
<arg>GE</arg>
<arg>GF</arg>
<arg>GG</arg>
<arg>GH</arg>
<arg>GI</arg>
<arg>GL</arg>
<arg>GM</arg>
<arg>GN</arg>
<arg>GP</arg>
<arg>GQ</arg>
<arg>GR</arg>
<arg>GS</arg>
<arg>GT</arg>
<arg>GU</arg>
<arg>GW</arg>
<arg>GY</arg>
<arg>HK</arg>
<arg>HM</arg>
<arg>HN</arg>
<arg>HR</arg>
<arg>HT</arg>
<arg>HU</arg>
<arg>ID</arg>
<arg>IE</arg>
<arg>IL</arg>
<arg>IM</arg>
<arg>IN</arg>
<arg>IO</arg>
<arg>IQ</arg>
<arg>IR</arg>
<arg>IS</arg>
<arg>IT</arg>
<arg>JE</arg>
<arg>JM</arg>
<arg>JO</arg>
<arg>JP</arg>
<arg>KE</arg>
<arg>KG</arg>
<arg>KH</arg>
<arg>KI</arg>
<arg>KM</arg>
<arg>KN</arg>
<arg>KP</arg>
<arg>KR</arg>
<arg>KW</arg>
<arg>KY</arg>
<arg>KZ</arg>
<arg>LA</arg>
<arg>LB</arg>
<arg>LC</arg>
<arg>LI</arg>
<arg>LK</arg>
<arg>LR</arg>
<arg>LS</arg>
<arg>LT</arg>
<arg>LU</arg>
<arg>LV</arg>
<arg>LY</arg>
<arg>MA</arg>
<arg>MC</arg>
<arg>MD</arg>
<arg>ME</arg>
<arg>MF</arg>
<arg>MG</arg>
<arg>MH</arg>
<arg>MK</arg>
<arg>ML</arg>
<arg>MM</arg>
<arg>MN</arg>
<arg>MO</arg>
<arg>MP</arg>
<arg>MQ</arg>
<arg>MR</arg>
<arg>MS</arg>
<arg>MT</arg>
<arg>MU</arg>
<arg>MV</arg>
<arg>MW</arg>
<arg>MX</arg>
<arg>MY</arg>
<arg>MZ</arg>
<arg>NA</arg>
<arg>NC</arg>
<arg>NE</arg>
<arg>NF</arg>
<arg>NG</arg>
<arg>NI</arg>
<arg>NL</arg>
<arg>NO</arg>
<arg>NP</arg>
<arg>NR</arg>
<arg>NU</arg>
<arg>NZ</arg>
<arg>OM</arg>
<arg>PA</arg>
<arg>PE</arg>
<arg>PF</arg>
<arg>PG</arg>
<arg>PH</arg>
<arg>PK</arg>
<arg>PL</arg>
<arg>PM</arg>
<arg>PN</arg>
<arg>PR</arg>
<arg>PS</arg>
<arg>PT</arg>
<arg>PW</arg>
<arg>PY</arg>
<arg>QA</arg>
<arg>RE</arg>
<arg>RO</arg>
<arg>RS</arg>
<arg>RU</arg>
<arg>RW</arg>
<arg>SA</arg>
<arg>SB</arg>
<arg>SC</arg>
<arg>SD</arg>
<arg>SE</arg>
<arg>SG</arg>
<arg>SH</arg>
<arg>SI</arg>
<arg>SJ</arg>
<arg>SK</arg>
<arg>SL</arg>
<arg>SM</arg>
<arg>SN</arg>
<arg>SO</arg>
<arg>SR</arg>
<arg>SS</arg>
<arg>ST</arg>
<arg>SV</arg>
<arg>SX</arg>
<arg>SY</arg>
<arg>SZ</arg>
<arg>TC</arg>
<arg>TD</arg>
<arg>TF</arg>
<arg>TG</arg>
<arg>TH</arg>
<arg>TJ</arg>
<arg>TK</arg>
<arg>TL</arg>
<arg>TM</arg>
<arg>TN</arg>
<arg>TO</arg>
<arg>TR</arg>
<arg>TT</arg>
<arg>TV</arg>
<arg>TW</arg>
<arg>TZ</arg>
<arg>UA</arg>
<arg>UG</arg>
<arg>UM</arg>
<arg>US</arg>
<arg>UY</arg>
<arg>UZ</arg>
<arg>VA</arg>
<arg>VC</arg>
<arg>VE</arg>
<arg>VG</arg>
<arg>VI</arg>
<arg>VN</arg>
<arg>VU</arg>
<arg>WF</arg>
<arg>WS</arg>
<arg>XK</arg>
<arg>YE</arg>
<arg>YT</arg>
<arg>ZA</arg>
<arg>ZM</arg>
<arg>ZW</arg>
<doc>Returns a list containing given items.</doc>
<status status="PASS" start="2024-05-07T07:20:16.476208" elapsed="0.000647"/>
</kw>
<kw name="List Should Contain Value" owner="Collections">
<msg time="2024-05-07T07:20:16.477852" level="INFO">False</msg>
<arg>${list_country}</arg>
<arg>${name_country}</arg>
<doc>Fails if the ``value`` is not found from ``list``.</doc>
<status status="PASS" start="2024-05-07T07:20:16.477653" elapsed="0.000235"/>
</kw>
<kw name="Run Keyword If" owner="BuiltIn">
<kw name="Should Be True" owner="BuiltIn">
<arg>${True}</arg>
<doc>Fails if the given condition is not true.</doc>
<status status="PASS" start="2024-05-07T07:20:16.478961" elapsed="0.000250"/>
</kw>
<arg>${json_data["results"][0]["location"]["coordinates"]["latitude"]} &gt;= -90 and ${json_data["results"][0]["location"]["coordinates"]["latitude"]} &lt;= 90</arg>
<arg>Should Be True</arg>
<arg>${True}</arg>
<doc>Runs the given keyword with the given arguments, if ``condition`` is true.</doc>
<status status="PASS" start="2024-05-07T07:20:16.478201" elapsed="0.001140"/>
</kw>
<kw name="Run Keyword If" owner="BuiltIn">
<kw name="Should Be True" owner="BuiltIn">
<arg>${True}</arg>
<doc>Fails if the given condition is not true.</doc>
<status status="PASS" start="2024-05-07T07:20:16.480238" elapsed="0.000144"/>
</kw>
<arg>${json_data["results"][0]["location"]["coordinates"]["longitude"]} &gt;= -180 and ${json_data["results"][0]["location"]["coordinates"]["longitude"]} &lt;= 180</arg>
<arg>Should Be True</arg>
<arg>${True}</arg>
<doc>Runs the given keyword with the given arguments, if ``condition`` is true.</doc>
<status status="PASS" start="2024-05-07T07:20:16.479526" elapsed="0.001011"/>
</kw>
<status status="PASS" start="2024-05-07T07:20:16.382575" elapsed="0.098109"/>
</kw>
<doc>Testa o conteúdo específico dos campos retornados pela API.</doc>
<tag>testeConteudo</tag>
<status status="PASS" start="2024-05-07T07:20:16.381904" elapsed="0.098929"/>
</test>
<status status="PASS" start="2024-05-07T07:20:15.408700" elapsed="1.074113"/>
</suite>
<status status="PASS" start="2024-05-07T07:20:15.395153" elapsed="1.092789"/>
</suite>
<statistics>
<total>
<stat pass="5" fail="0" skip="0">All Tests</stat>
</total>
<tag>
<stat pass="1" fail="0" skip="0">testeConteudo</stat>
<stat pass="1" fail="0" skip="0">testeEstruturaResposta</stat>
<stat pass="1" fail="0" skip="0">testeRequisicaoBasica</stat>
<stat pass="1" fail="0" skip="0">testeTiposDados</stat>
</tag>
<suite>
<stat pass="5" fail="0" skip="0" id="s1" name="Tests">Tests</stat>
<stat pass="5" fail="0" skip="0" id="s1-s1" name="Random-User-Test">Tests.Random-User-Test</stat>
</suite>
</statistics>
<errors>
</errors>
</robot>
