<?xml version="1.0" encoding="UTF-8"?>
<robot generator="Robot 7.0 (Python 3.12.3 on linux)" generated="2024-06-06T19:13:53.512744" rpa="false" schemaversion="5">
<suite id="s1" name="Tests" source="/home/runner/work/ApiRandomUser/ApiRandomUser/RamdonUser/tests">
<suite id="s1-s1" name="Random-User-Test" source="/home/runner/work/ApiRandomUser/ApiRandomUser/RamdonUser/tests/random-user-test.robot">
<test id="s1-s1-t1" name="Conectar" line="13">
<kw name="Conectar API" owner="random-user-service">
<kw name="Create Session" owner="RequestsLibrary">
<msg time="2024-06-06T19:13:53.940466" level="INFO">Creating Session using : alias=consultarAPI, url=https://randomuser.me/, headers={},                     cookies={}, auth=None, timeout=None, proxies=None, verify=False,                     debug=0 </msg>
<arg>consultarAPI</arg>
<arg>${URL}</arg>
<doc>Create Session: create a HTTP session to a server</doc>
<status status="PASS" start="2024-06-06T19:13:53.940243" elapsed="0.000431"/>
</kw>
<status status="PASS" start="2024-06-06T19:13:53.939195" elapsed="0.001876"/>
</kw>
<status status="PASS" start="2024-06-06T19:13:53.938537" elapsed="0.002785"/>
</test>
<test id="s1-s1-t2" name="Validar retorno 200 e JSON Válido" line="16">
<kw name="Teste de Requisicao Basica" owner="random-user-service">
<kw name="GET On Session" owner="RequestsLibrary">
<msg time="2024-06-06T19:13:54.128485" level="INFO">GET Request : url=https://randomuser.me/api 
 path_url=/api 
 headers={'User-Agent': 'python-requests/2.32.3', 'Accept-Encoding': 'gzip, deflate', 'Accept': '*/*', 'Connection': 'keep-alive'} 
 body=None 
 </msg>
<msg time="2024-06-06T19:13:54.128645" level="INFO">GET Response : url=https://randomuser.me/api 
 status=200, reason=OK 
 headers={'Date': 'Thu, 06 Jun 2024 19:13:54 GMT', 'Content-Type': 'application/json; charset=utf-8', 'Transfer-Encoding': 'chunked', 'Connection': 'keep-alive', 'X-Powered-By': 'Express', 'Access-Control-Allow-Origin': '*', 'Cache-Control': 'no-cache', 'ETag': 'W/"48d-iRgoiMoosybfv3KwUCjXSjtbT9U"', 'Vary': 'Accept-Encoding', 'Content-Encoding': 'gzip', 'CF-Cache-Status': 'DYNAMIC', 'Report-To': '{"endpoints":[{"url":"https:\\/\\/a.nel.cloudflare.com\\/report\\/v4?s=VHk5RPxWe8P4aOKgNPzoW5sUG9o5AJyiH%2BK0VZ3C4gBR1GAgHkdJYwzqZr8AqWbx%2BINrEe6qPAcjob9JftSkHdc67ITbFi%2Bh60y9BcTQkxjPh6sNZtF%2FlUCPx3ZJEyy4"}],"group":"cf-nel","max_age":604800}', 'NEL': '{"success_fraction":0,"report_to":"cf-nel","max_age":604800}', 'Server': 'cloudflare', 'CF-RAY': '88fab8e90dec8199-IAD', 'alt-svc': 'h3=":443"; ma=86400'} 
 body={"results":[{"gender":"male","name":{"title":"Mr","first":"Slaviša","last":"Ignjatović"},"location":{"street":{"number":3366,"name":"Bobska"},"city":"Krupanj","state":"West Bačka","country":"Serbia","postcode":40401,"coordinates":{"latitude":"57.4540","longitude":"-92.2627"},"timezone":{"offset":"+1:00","description":"Brussels, Copenhagen, Madrid, Paris"}},"email":"slavisa.ignjatovic@example.com","login":{"uuid":"b37515f5-5b31-4692-8adc-c7b6a69b48fc","username":"tinyrabbit824","password":"paul","salt":"uSpdyMkq","md5":"c85f741fa8b2a08ff53b564deac36fa3","sha1":"6e169e689f4a77edb741c415406d904fa753e434","sha256":"04b03d98a1c1c1e8014d2e19ac3e9472edd4c68fab34212c0ca3f051fd6697eb"},"dob":{"date":"1971-12-19T14:37:06.651Z","age":52},"registered":{"date":"2016-10-25T12:22:14.587Z","age":7},"phone":"024-5725-972","cell":"061-1497-207","id":{"name":"SID","value":"583524086"},"picture":{"large":"https://randomuser.me/api/portraits/men/38.jpg","medium":"https://randomuser.me/api/portraits/med/men/38.jpg","thumbnail":"https://randomuser.me/api/portraits/thumb/men/38.jpg"},"nat":"RS"}],"info":{"seed":"380b816489799664","results":1,"page":1,"version":"1.4"}} 
 </msg>
<msg time="2024-06-06T19:13:54.128736" level="INFO">/opt/hostedtoolcache/Python/3.12.3/x64/lib/python3.12/site-packages/urllib3/connectionpool.py:1103: InsecureRequestWarning: Unverified HTTPS request is being made to host 'randomuser.me'. Adding certificate verification is strongly advised. See: https://urllib3.readthedocs.io/en/latest/advanced-usage.html#tls-warnings
  warnings.warn(</msg>
<msg time="2024-06-06T19:13:54.128907" level="INFO">${response} = &lt;Response [200]&gt;</msg>
<var>${response}</var>
<arg>consultarAPI</arg>
<arg>/api</arg>
<doc>Sends a GET request on a previously created HTTP Session.</doc>
<status status="PASS" start="2024-06-06T19:13:53.944098" elapsed="0.184853"/>
</kw>
<kw name="Should Be Equal As Numbers" owner="BuiltIn">
<msg time="2024-06-06T19:13:54.130082" level="INFO">Argument types are:
&lt;class 'int'&gt;
&lt;class 'str'&gt;</msg>
<arg>${response.status_code}</arg>
<arg>200</arg>
<doc>Fails if objects are unequal after converting them to real numbers.</doc>
<status status="PASS" start="2024-06-06T19:13:54.129605" elapsed="0.000550"/>
</kw>
<kw name="Log" owner="BuiltIn">
<msg time="2024-06-06T19:13:54.130960" level="INFO">200</msg>
<arg>${response.status_code}</arg>
<doc>Logs the given message with the given level.</doc>
<status status="PASS" start="2024-06-06T19:13:54.130571" elapsed="0.000441"/>
</kw>
<kw name="Set Variable" owner="BuiltIn">
<msg time="2024-06-06T19:13:54.131824" level="INFO">${json_data} = {'results': [{'gender': 'male', 'name': {'title': 'Mr', 'first': 'Slaviša', 'last': 'Ignjatović'}, 'location': {'street': {'number': 3366, 'name': 'Bobska'}, 'city': 'Krupanj', 'state': 'West Bačka', ...</msg>
<var>${json_data}</var>
<arg>${response.json()}</arg>
<doc>Returns the given values which can then be assigned to a variables.</doc>
<status status="PASS" start="2024-06-06T19:13:54.131353" elapsed="0.000502"/>
</kw>
<kw name="Dictionary Should Contain Key" owner="Collections">
<msg time="2024-06-06T19:13:54.132352" level="INFO">False</msg>
<arg>${json_data}</arg>
<arg>results</arg>
<doc>Fails if ``key`` is not found from ``dictionary``.</doc>
<status status="PASS" start="2024-06-06T19:13:54.132175" elapsed="0.000219"/>
</kw>
<status status="PASS" start="2024-06-06T19:13:53.943834" elapsed="0.188826"/>
</kw>
<doc>Testa se a API responde corretamente e retorna um objeto JSON válido.</doc>
<tag>testeRequisicaoBasica</tag>
<status status="PASS" start="2024-06-06T19:13:53.943232" elapsed="0.189620"/>
</test>
<test id="s1-s1-t3" name="Validar estrutura de resposta" line="22">
<kw name="Teste de Estrutura de Resposta" owner="random-user-service">
<kw name="GET On Session" owner="RequestsLibrary">
<msg time="2024-06-06T19:13:54.237242" level="INFO">GET Request : url=https://randomuser.me/api 
 path_url=/api 
 headers={'User-Agent': 'python-requests/2.32.3', 'Accept-Encoding': 'gzip, deflate', 'Accept': '*/*', 'Connection': 'keep-alive'} 
 body=None 
 </msg>
<msg time="2024-06-06T19:13:54.237362" level="INFO">GET Response : url=https://randomuser.me/api 
 status=200, reason=OK 
 headers={'Date': 'Thu, 06 Jun 2024 19:13:54 GMT', 'Content-Type': 'application/json; charset=utf-8', 'Transfer-Encoding': 'chunked', 'Connection': 'keep-alive', 'X-Powered-By': 'Express', 'Access-Control-Allow-Origin': '*', 'Cache-Control': 'no-cache', 'ETag': 'W/"477-ENs5+MaI22fz8z+FCq7wNCx/91c"', 'Vary': 'Accept-Encoding', 'Content-Encoding': 'gzip', 'CF-Cache-Status': 'DYNAMIC', 'Report-To': '{"endpoints":[{"url":"https:\\/\\/a.nel.cloudflare.com\\/report\\/v4?s=yikIfqAobzRBzbxGTRgq5Oc0xNcyjVBtqYL9B9KmfTudSvjid7qsmZlmxLJZLa%2Biym678HCm6zr%2B9EYMourjuLYMdMx3cx9Pu%2Fg1BRVLhySOyEHg7EVgya6vGei1H2kM"}],"group":"cf-nel","max_age":604800}', 'NEL': '{"success_fraction":0,"report_to":"cf-nel","max_age":604800}', 'Server': 'cloudflare', 'CF-RAY': '88fab8e95e4e8199-IAD', 'alt-svc': 'h3=":443"; ma=86400'} 
 body={"results":[{"gender":"male","name":{"title":"Mr","first":"Jaxon","last":"Walker"},"location":{"street":{"number":9822,"name":"Cobham Drive"},"city":"Hamilton","state":"Canterbury","country":"New Zealand","postcode":34901,"coordinates":{"latitude":"54.2597","longitude":"-105.6128"},"timezone":{"offset":"-12:00","description":"Eniwetok, Kwajalein"}},"email":"jaxon.walker@example.com","login":{"uuid":"8d0f2424-8c6c-4af2-bfed-9a995f64dafb","username":"whitesnake620","password":"west","salt":"FWAXN9kn","md5":"6cdc2d69a7641532089c8e130a0db68c","sha1":"e04bc1ed4426f91565b1222a1255fbc8b46d6dba","sha256":"54cb2e4077ac07fd5340a14345bbbaf1c64155db04f869c24bce4af90a215323"},"dob":{"date":"1980-10-01T02:33:13.476Z","age":43},"registered":{"date":"2013-10-08T21:09:46.635Z","age":10},"phone":"(394)-286-9775","cell":"(755)-999-9533","id":{"name":"","value":null},"picture":{"large":"https://randomuser.me/api/portraits/men/61.jpg","medium":"https://randomuser.me/api/portraits/med/men/61.jpg","thumbnail":"https://randomuser.me/api/portraits/thumb/men/61.jpg"},"nat":"NZ"}],"info":{"seed":"64e82eaa7516f1db","results":1,"page":1,"version":"1.4"}} 
 </msg>
<msg time="2024-06-06T19:13:54.237517" level="INFO">/opt/hostedtoolcache/Python/3.12.3/x64/lib/python3.12/site-packages/urllib3/connectionpool.py:1103: InsecureRequestWarning: Unverified HTTPS request is being made to host 'randomuser.me'. Adding certificate verification is strongly advised. See: https://urllib3.readthedocs.io/en/latest/advanced-usage.html#tls-warnings
  warnings.warn(</msg>
<msg time="2024-06-06T19:13:54.237674" level="INFO">${response} = &lt;Response [200]&gt;</msg>
<var>${response}</var>
<arg>consultarAPI</arg>
<arg>/api</arg>
<doc>Sends a GET request on a previously created HTTP Session.</doc>
<status status="PASS" start="2024-06-06T19:13:54.135561" elapsed="0.102158"/>
</kw>
<kw name="Set Variable" owner="BuiltIn">
<msg time="2024-06-06T19:13:54.238842" level="INFO">${json_data} = {'results': [{'gender': 'male', 'name': {'title': 'Mr', 'first': 'Jaxon', 'last': 'Walker'}, 'location': {'street': {'number': 9822, 'name': 'Cobham Drive'}, 'city': 'Hamilton', 'state': 'Canterbury',...</msg>
<var>${json_data}</var>
<arg>${response.json()}</arg>
<doc>Returns the given values which can then be assigned to a variables.</doc>
<status status="PASS" start="2024-06-06T19:13:54.238298" elapsed="0.000573"/>
</kw>
<kw name="Log" owner="BuiltIn">
<msg time="2024-06-06T19:13:54.239400" level="INFO">{'results': [{'gender': 'male', 'name': {'title': 'Mr', 'first': 'Jaxon', 'last': 'Walker'}, 'location': {'street': {'number': 9822, 'name': 'Cobham Drive'}, 'city': 'Hamilton', 'state': 'Canterbury', 'country': 'New Zealand', 'postcode': 34901, 'coordinates': {'latitude': '54.2597', 'longitude': '-105.6128'}, 'timezone': {'offset': '-12:00', 'description': 'Eniwetok, Kwajalein'}}, 'email': 'jaxon.walker@example.com', 'login': {'uuid': '8d0f2424-8c6c-4af2-bfed-9a995f64dafb', 'username': 'whitesnake620', 'password': 'west', 'salt': 'FWAXN9kn', 'md5': '6cdc2d69a7641532089c8e130a0db68c', 'sha1': 'e04bc1ed4426f91565b1222a1255fbc8b46d6dba', 'sha256': '54cb2e4077ac07fd5340a14345bbbaf1c64155db04f869c24bce4af90a215323'}, 'dob': {'date': '1980-10-01T02:33:13.476Z', 'age': 43}, 'registered': {'date': '2013-10-08T21:09:46.635Z', 'age': 10}, 'phone': '(394)-286-9775', 'cell': '(755)-999-9533', 'id': {'name': '', 'value': None}, 'picture': {'large': 'https://randomuser.me/api/portraits/men/61.jpg', 'medium': 'https://randomuser.me/api/portraits/med/men/61.jpg', 'thumbnail': 'https://randomuser.me/api/portraits/thumb/men/61.jpg'}, 'nat': 'NZ'}], 'info': {'seed': '64e82eaa7516f1db', 'results': 1, 'page': 1, 'version': '1.4'}}</msg>
<arg>${json_data}</arg>
<doc>Logs the given message with the given level.</doc>
<status status="PASS" start="2024-06-06T19:13:54.239228" elapsed="0.000239"/>
</kw>
<kw name="Dictionary Should Contain Key" owner="Collections">
<msg time="2024-06-06T19:13:54.239951" level="INFO">False</msg>
<arg>${json_data}</arg>
<arg>results</arg>
<doc>Fails if ``key`` is not found from ``dictionary``.</doc>
<status status="PASS" start="2024-06-06T19:13:54.239786" elapsed="0.000204"/>
</kw>
<kw name="Should Not Be Empty" owner="BuiltIn">
<msg time="2024-06-06T19:13:54.240464" level="INFO">Length is 2.</msg>
<arg>${json_data}</arg>
<doc>Verifies that the given item is not empty.</doc>
<status status="PASS" start="2024-06-06T19:13:54.240319" elapsed="0.000186"/>
</kw>
<kw name="Create List" owner="BuiltIn">
<msg time="2024-06-06T19:13:54.241173" level="INFO">${expected_keys} = ['gender', 'name', 'location', 'email', 'login']</msg>
<var>${expected_keys}</var>
<arg>gender</arg>
<arg>name</arg>
<arg>location</arg>
<arg>email</arg>
<arg>login</arg>
<doc>Returns a list containing given items.</doc>
<status status="PASS" start="2024-06-06T19:13:54.240808" elapsed="0.000399"/>
</kw>
<for flavor="IN">
<iter>
<kw name="Dictionary Should Contain Key" owner="Collections">
<msg time="2024-06-06T19:13:54.242258" level="INFO">False</msg>
<arg>${json_data['results'][0]}</arg>
<arg>${key}</arg>
<doc>Fails if ``key`` is not found from ``dictionary``.</doc>
<status status="PASS" start="2024-06-06T19:13:54.241837" elapsed="0.000460"/>
</kw>
<kw name="Log" owner="BuiltIn">
<msg time="2024-06-06T19:13:54.242989" level="INFO">{'gender': 'male', 'name': {'title': 'Mr', 'first': 'Jaxon', 'last': 'Walker'}, 'location': {'street': {'number': 9822, 'name': 'Cobham Drive'}, 'city': 'Hamilton', 'state': 'Canterbury', 'country': 'New Zealand', 'postcode': 34901, 'coordinates': {'latitude': '54.2597', 'longitude': '-105.6128'}, 'timezone': {'offset': '-12:00', 'description': 'Eniwetok, Kwajalein'}}, 'email': 'jaxon.walker@example.com', 'login': {'uuid': '8d0f2424-8c6c-4af2-bfed-9a995f64dafb', 'username': 'whitesnake620', 'password': 'west', 'salt': 'FWAXN9kn', 'md5': '6cdc2d69a7641532089c8e130a0db68c', 'sha1': 'e04bc1ed4426f91565b1222a1255fbc8b46d6dba', 'sha256': '54cb2e4077ac07fd5340a14345bbbaf1c64155db04f869c24bce4af90a215323'}, 'dob': {'date': '1980-10-01T02:33:13.476Z', 'age': 43}, 'registered': {'date': '2013-10-08T21:09:46.635Z', 'age': 10}, 'phone': '(394)-286-9775', 'cell': '(755)-999-9533', 'id': {'name': '', 'value': None}, 'picture': {'large': 'https://randomuser.me/api/portraits/men/61.jpg', 'medium': 'https://randomuser.me/api/portraits/med/men/61.jpg', 'thumbnail': 'https://randomuser.me/api/portraits/thumb/men/61.jpg'}, 'nat': 'NZ'}</msg>
<arg>${json_data['results'][0]}</arg>
<doc>Logs the given message with the given level.</doc>
<status status="PASS" start="2024-06-06T19:13:54.242609" elapsed="0.000429"/>
</kw>
<kw name="Log" owner="BuiltIn">
<msg time="2024-06-06T19:13:54.243472" level="INFO">gender</msg>
<arg>${key}</arg>
<doc>Logs the given message with the given level.</doc>
<status status="PASS" start="2024-06-06T19:13:54.243340" elapsed="0.000170"/>
</kw>
<var name="${key}">gender</var>
<status status="PASS" start="2024-06-06T19:13:54.241702" elapsed="0.002030"/>
</iter>
<iter>
<kw name="Dictionary Should Contain Key" owner="Collections">
<msg time="2024-06-06T19:13:54.244476" level="INFO">False</msg>
<arg>${json_data['results'][0]}</arg>
<arg>${key}</arg>
<doc>Fails if ``key`` is not found from ``dictionary``.</doc>
<status status="PASS" start="2024-06-06T19:13:54.244052" elapsed="0.000462"/>
</kw>
<kw name="Log" owner="BuiltIn">
<msg time="2024-06-06T19:13:54.245320" level="INFO">{'gender': 'male', 'name': {'title': 'Mr', 'first': 'Jaxon', 'last': 'Walker'}, 'location': {'street': {'number': 9822, 'name': 'Cobham Drive'}, 'city': 'Hamilton', 'state': 'Canterbury', 'country': 'New Zealand', 'postcode': 34901, 'coordinates': {'latitude': '54.2597', 'longitude': '-105.6128'}, 'timezone': {'offset': '-12:00', 'description': 'Eniwetok, Kwajalein'}}, 'email': 'jaxon.walker@example.com', 'login': {'uuid': '8d0f2424-8c6c-4af2-bfed-9a995f64dafb', 'username': 'whitesnake620', 'password': 'west', 'salt': 'FWAXN9kn', 'md5': '6cdc2d69a7641532089c8e130a0db68c', 'sha1': 'e04bc1ed4426f91565b1222a1255fbc8b46d6dba', 'sha256': '54cb2e4077ac07fd5340a14345bbbaf1c64155db04f869c24bce4af90a215323'}, 'dob': {'date': '1980-10-01T02:33:13.476Z', 'age': 43}, 'registered': {'date': '2013-10-08T21:09:46.635Z', 'age': 10}, 'phone': '(394)-286-9775', 'cell': '(755)-999-9533', 'id': {'name': '', 'value': None}, 'picture': {'large': 'https://randomuser.me/api/portraits/men/61.jpg', 'medium': 'https://randomuser.me/api/portraits/med/men/61.jpg', 'thumbnail': 'https://randomuser.me/api/portraits/thumb/men/61.jpg'}, 'nat': 'NZ'}</msg>
<arg>${json_data['results'][0]}</arg>
<doc>Logs the given message with the given level.</doc>
<status status="PASS" start="2024-06-06T19:13:54.244849" elapsed="0.000550"/>
</kw>
<kw name="Log" owner="BuiltIn">
<msg time="2024-06-06T19:13:54.245862" level="INFO">name</msg>
<arg>${key}</arg>
<doc>Logs the given message with the given level.</doc>
<status status="PASS" start="2024-06-06T19:13:54.245718" elapsed="0.000206"/>
</kw>
<var name="${key}">name</var>
<status status="PASS" start="2024-06-06T19:13:54.243929" elapsed="0.002270"/>
</iter>
<iter>
<kw name="Dictionary Should Contain Key" owner="Collections">
<msg time="2024-06-06T19:13:54.246904" level="INFO">False</msg>
<arg>${json_data['results'][0]}</arg>
<arg>${key}</arg>
<doc>Fails if ``key`` is not found from ``dictionary``.</doc>
<status status="PASS" start="2024-06-06T19:13:54.246512" elapsed="0.000431"/>
</kw>
<kw name="Log" owner="BuiltIn">
<msg time="2024-06-06T19:13:54.247601" level="INFO">{'gender': 'male', 'name': {'title': 'Mr', 'first': 'Jaxon', 'last': 'Walker'}, 'location': {'street': {'number': 9822, 'name': 'Cobham Drive'}, 'city': 'Hamilton', 'state': 'Canterbury', 'country': 'New Zealand', 'postcode': 34901, 'coordinates': {'latitude': '54.2597', 'longitude': '-105.6128'}, 'timezone': {'offset': '-12:00', 'description': 'Eniwetok, Kwajalein'}}, 'email': 'jaxon.walker@example.com', 'login': {'uuid': '8d0f2424-8c6c-4af2-bfed-9a995f64dafb', 'username': 'whitesnake620', 'password': 'west', 'salt': 'FWAXN9kn', 'md5': '6cdc2d69a7641532089c8e130a0db68c', 'sha1': 'e04bc1ed4426f91565b1222a1255fbc8b46d6dba', 'sha256': '54cb2e4077ac07fd5340a14345bbbaf1c64155db04f869c24bce4af90a215323'}, 'dob': {'date': '1980-10-01T02:33:13.476Z', 'age': 43}, 'registered': {'date': '2013-10-08T21:09:46.635Z', 'age': 10}, 'phone': '(394)-286-9775', 'cell': '(755)-999-9533', 'id': {'name': '', 'value': None}, 'picture': {'large': 'https://randomuser.me/api/portraits/men/61.jpg', 'medium': 'https://randomuser.me/api/portraits/med/men/61.jpg', 'thumbnail': 'https://randomuser.me/api/portraits/thumb/men/61.jpg'}, 'nat': 'NZ'}</msg>
<arg>${json_data['results'][0]}</arg>
<doc>Logs the given message with the given level.</doc>
<status status="PASS" start="2024-06-06T19:13:54.247244" elapsed="0.000407"/>
</kw>
<kw name="Log" owner="BuiltIn">
<msg time="2024-06-06T19:13:54.248093" level="INFO">location</msg>
<arg>${key}</arg>
<doc>Logs the given message with the given level.</doc>
<status status="PASS" start="2024-06-06T19:13:54.247963" elapsed="0.000169"/>
</kw>
<var name="${key}">location</var>
<status status="PASS" start="2024-06-06T19:13:54.246389" elapsed="0.001963"/>
</iter>
<iter>
<kw name="Dictionary Should Contain Key" owner="Collections">
<msg time="2024-06-06T19:13:54.249040" level="INFO">False</msg>
<arg>${json_data['results'][0]}</arg>
<arg>${key}</arg>
<doc>Fails if ``key`` is not found from ``dictionary``.</doc>
<status status="PASS" start="2024-06-06T19:13:54.248653" elapsed="0.000425"/>
</kw>
<kw name="Log" owner="BuiltIn">
<msg time="2024-06-06T19:13:54.249791" level="INFO">{'gender': 'male', 'name': {'title': 'Mr', 'first': 'Jaxon', 'last': 'Walker'}, 'location': {'street': {'number': 9822, 'name': 'Cobham Drive'}, 'city': 'Hamilton', 'state': 'Canterbury', 'country': 'New Zealand', 'postcode': 34901, 'coordinates': {'latitude': '54.2597', 'longitude': '-105.6128'}, 'timezone': {'offset': '-12:00', 'description': 'Eniwetok, Kwajalein'}}, 'email': 'jaxon.walker@example.com', 'login': {'uuid': '8d0f2424-8c6c-4af2-bfed-9a995f64dafb', 'username': 'whitesnake620', 'password': 'west', 'salt': 'FWAXN9kn', 'md5': '6cdc2d69a7641532089c8e130a0db68c', 'sha1': 'e04bc1ed4426f91565b1222a1255fbc8b46d6dba', 'sha256': '54cb2e4077ac07fd5340a14345bbbaf1c64155db04f869c24bce4af90a215323'}, 'dob': {'date': '1980-10-01T02:33:13.476Z', 'age': 43}, 'registered': {'date': '2013-10-08T21:09:46.635Z', 'age': 10}, 'phone': '(394)-286-9775', 'cell': '(755)-999-9533', 'id': {'name': '', 'value': None}, 'picture': {'large': 'https://randomuser.me/api/portraits/men/61.jpg', 'medium': 'https://randomuser.me/api/portraits/med/men/61.jpg', 'thumbnail': 'https://randomuser.me/api/portraits/thumb/men/61.jpg'}, 'nat': 'NZ'}</msg>
<arg>${json_data['results'][0]}</arg>
<doc>Logs the given message with the given level.</doc>
<status status="PASS" start="2024-06-06T19:13:54.249428" elapsed="0.000413"/>
</kw>
<kw name="Log" owner="BuiltIn">
<msg time="2024-06-06T19:13:54.250278" level="INFO">email</msg>
<arg>${key}</arg>
<doc>Logs the given message with the given level.</doc>
<status status="PASS" start="2024-06-06T19:13:54.250149" elapsed="0.000168"/>
</kw>
<var name="${key}">email</var>
<status status="PASS" start="2024-06-06T19:13:54.248534" elapsed="0.002007"/>
</iter>
<iter>
<kw name="Dictionary Should Contain Key" owner="Collections">
<msg time="2024-06-06T19:13:54.251231" level="INFO">False</msg>
<arg>${json_data['results'][0]}</arg>
<arg>${key}</arg>
<doc>Fails if ``key`` is not found from ``dictionary``.</doc>
<status status="PASS" start="2024-06-06T19:13:54.250837" elapsed="0.000433"/>
</kw>
<kw name="Log" owner="BuiltIn">
<msg time="2024-06-06T19:13:54.251949" level="INFO">{'gender': 'male', 'name': {'title': 'Mr', 'first': 'Jaxon', 'last': 'Walker'}, 'location': {'street': {'number': 9822, 'name': 'Cobham Drive'}, 'city': 'Hamilton', 'state': 'Canterbury', 'country': 'New Zealand', 'postcode': 34901, 'coordinates': {'latitude': '54.2597', 'longitude': '-105.6128'}, 'timezone': {'offset': '-12:00', 'description': 'Eniwetok, Kwajalein'}}, 'email': 'jaxon.walker@example.com', 'login': {'uuid': '8d0f2424-8c6c-4af2-bfed-9a995f64dafb', 'username': 'whitesnake620', 'password': 'west', 'salt': 'FWAXN9kn', 'md5': '6cdc2d69a7641532089c8e130a0db68c', 'sha1': 'e04bc1ed4426f91565b1222a1255fbc8b46d6dba', 'sha256': '54cb2e4077ac07fd5340a14345bbbaf1c64155db04f869c24bce4af90a215323'}, 'dob': {'date': '1980-10-01T02:33:13.476Z', 'age': 43}, 'registered': {'date': '2013-10-08T21:09:46.635Z', 'age': 10}, 'phone': '(394)-286-9775', 'cell': '(755)-999-9533', 'id': {'name': '', 'value': None}, 'picture': {'large': 'https://randomuser.me/api/portraits/men/61.jpg', 'medium': 'https://randomuser.me/api/portraits/med/men/61.jpg', 'thumbnail': 'https://randomuser.me/api/portraits/thumb/men/61.jpg'}, 'nat': 'NZ'}</msg>
<arg>${json_data['results'][0]}</arg>
<doc>Logs the given message with the given level.</doc>
<status status="PASS" start="2024-06-06T19:13:54.251572" elapsed="0.000435"/>
</kw>
<kw name="Log" owner="BuiltIn">
<msg time="2024-06-06T19:13:54.252437" level="INFO">login</msg>
<arg>${key}</arg>
<doc>Logs the given message with the given level.</doc>
<status status="PASS" start="2024-06-06T19:13:54.252310" elapsed="0.000165"/>
</kw>
<var name="${key}">login</var>
<status status="PASS" start="2024-06-06T19:13:54.250722" elapsed="0.001969"/>
</iter>
<var>${key}</var>
<value>@{expected_keys}</value>
<status status="PASS" start="2024-06-06T19:13:54.241490" elapsed="0.011324"/>
</for>
<kw name="Create List" owner="BuiltIn">
<msg time="2024-06-06T19:13:54.253237" level="INFO">${expected_keysTwo} = ['username', 'password']</msg>
<var>${expected_keysTwo}</var>
<arg>username</arg>
<arg>password</arg>
<doc>Returns a list containing given items.</doc>
<status status="PASS" start="2024-06-06T19:13:54.253059" elapsed="0.000203"/>
</kw>
<for flavor="IN">
<iter>
<kw name="Dictionary Should Contain Key" owner="Collections">
<msg time="2024-06-06T19:13:54.254180" level="INFO">False</msg>
<arg>${json_data['results'][0]['login']}</arg>
<arg>${keyTwo}</arg>
<doc>Fails if ``key`` is not found from ``dictionary``.</doc>
<status status="PASS" start="2024-06-06T19:13:54.253793" elapsed="0.000424"/>
</kw>
<kw name="Dictionary Should Contain Key" owner="Collections">
<msg time="2024-06-06T19:13:54.254909" level="INFO">False</msg>
<arg>${json_data['results'][0]['login']}</arg>
<arg>${keyTwo}</arg>
<doc>Fails if ``key`` is not found from ``dictionary``.</doc>
<status status="PASS" start="2024-06-06T19:13:54.254518" elapsed="0.000428"/>
</kw>
<kw name="Log" owner="BuiltIn">
<msg time="2024-06-06T19:13:54.255371" level="INFO">username</msg>
<arg>${keyTwo}</arg>
<doc>Logs the given message with the given level.</doc>
<status status="PASS" start="2024-06-06T19:13:54.255244" elapsed="0.000166"/>
</kw>
<var name="${keyTwo}">username</var>
<status status="PASS" start="2024-06-06T19:13:54.253677" elapsed="0.001948"/>
</iter>
<iter>
<kw name="Dictionary Should Contain Key" owner="Collections">
<msg time="2024-06-06T19:13:54.256300" level="INFO">False</msg>
<arg>${json_data['results'][0]['login']}</arg>
<arg>${keyTwo}</arg>
<doc>Fails if ``key`` is not found from ``dictionary``.</doc>
<status status="PASS" start="2024-06-06T19:13:54.255923" elapsed="0.000414"/>
</kw>
<kw name="Dictionary Should Contain Key" owner="Collections">
<msg time="2024-06-06T19:13:54.257108" level="INFO">False</msg>
<arg>${json_data['results'][0]['login']}</arg>
<arg>${keyTwo}</arg>
<doc>Fails if ``key`` is not found from ``dictionary``.</doc>
<status status="PASS" start="2024-06-06T19:13:54.256638" elapsed="0.000549"/>
</kw>
<kw name="Log" owner="BuiltIn">
<msg time="2024-06-06T19:13:54.257639" level="INFO">password</msg>
<arg>${keyTwo}</arg>
<doc>Logs the given message with the given level.</doc>
<status status="PASS" start="2024-06-06T19:13:54.257508" elapsed="0.000168"/>
</kw>
<var name="${keyTwo}">password</var>
<status status="PASS" start="2024-06-06T19:13:54.255803" elapsed="0.002095"/>
</iter>
<var>${keyTwo}</var>
<value>@{expected_keysTwo}</value>
<status status="PASS" start="2024-06-06T19:13:54.253510" elapsed="0.004512"/>
</for>
<status status="PASS" start="2024-06-06T19:13:54.135307" elapsed="0.122863"/>
</kw>
<doc>Testa a estrutura da resposta da API.</doc>
<tag>testeEstruturaResposta</tag>
<status status="PASS" start="2024-06-06T19:13:54.134768" elapsed="0.123566"/>
</test>
<test id="s1-s1-t4" name="Validar tipos de dados" line="28">
<kw name="Teste de Tipos de Dados" owner="random-user-service">
<kw name="GET On Session" owner="RequestsLibrary">
<msg time="2024-06-06T19:13:54.330919" level="INFO">GET Request : url=https://randomuser.me/api 
 path_url=/api 
 headers={'User-Agent': 'python-requests/2.32.3', 'Accept-Encoding': 'gzip, deflate', 'Accept': '*/*', 'Connection': 'keep-alive'} 
 body=None 
 </msg>
<msg time="2024-06-06T19:13:54.331019" level="INFO">GET Response : url=https://randomuser.me/api 
 status=200, reason=OK 
 headers={'Date': 'Thu, 06 Jun 2024 19:13:54 GMT', 'Content-Type': 'application/json; charset=utf-8', 'Transfer-Encoding': 'chunked', 'Connection': 'keep-alive', 'X-Powered-By': 'Express', 'Access-Control-Allow-Origin': '*', 'Cache-Control': 'no-cache', 'ETag': 'W/"482-L0xDJ5EvVG49qbt8zLWxAgJN8pg"', 'Vary': 'Accept-Encoding', 'Content-Encoding': 'gzip', 'CF-Cache-Status': 'DYNAMIC', 'Report-To': '{"endpoints":[{"url":"https:\\/\\/a.nel.cloudflare.com\\/report\\/v4?s=x%2FySWyXi68l%2F%2Bm4xPdwe1tk1Hr338LLz3oT13apwh%2Fg8jaaqiR9y24ax7j4%2Ff32Jz7JptunkO6W9hqj1GAJ%2FNn19UuH0HhnC5rdp8uszliuygPkTMh6yMoJ9m3haXdhw"}],"group":"cf-nel","max_age":604800}', 'NEL': '{"success_fraction":0,"report_to":"cf-nel","max_age":604800}', 'Server': 'cloudflare', 'CF-RAY': '88fab8ea2f408199-IAD', 'alt-svc': 'h3=":443"; ma=86400'} 
 body={"results":[{"gender":"male","name":{"title":"Mr","first":"Raunak","last":"Shah"},"location":{"street":{"number":1981,"name":"Kasturba Rd"},"city":"Kharagpur","state":"Sikkim","country":"India","postcode":34492,"coordinates":{"latitude":"7.5314","longitude":"-155.5728"},"timezone":{"offset":"-3:00","description":"Brazil, Buenos Aires, Georgetown"}},"email":"raunak.shah@example.com","login":{"uuid":"cd5367d4-35a8-4651-93fc-7824b382c7a3","username":"yellowrabbit512","password":"carroll","salt":"oxOFAvfK","md5":"1f1840c2421aa4e56cd1c9bc74bb7b68","sha1":"1274ff647f8bc7bd13de996fca1d9aa68a780974","sha256":"d90f90a7079e5f5b321e266152573078eb74111825c16c2b6a93b5753aea0a0b"},"dob":{"date":"1974-08-30T08:28:57.740Z","age":49},"registered":{"date":"2005-07-05T04:18:05.783Z","age":18},"phone":"9251846261","cell":"7080952167","id":{"name":"UIDAI","value":"804165395383"},"picture":{"large":"https://randomuser.me/api/portraits/men/30.jpg","medium":"https://randomuser.me/api/portraits/med/men/30.jpg","thumbnail":"https://randomuser.me/api/portraits/thumb/men/30.jpg"},"nat":"IN"}],"info":{"seed":"28ca88c4869f3a08","results":1,"page":1,"version":"1.4"}} 
 </msg>
<msg time="2024-06-06T19:13:54.331094" level="INFO">/opt/hostedtoolcache/Python/3.12.3/x64/lib/python3.12/site-packages/urllib3/connectionpool.py:1103: InsecureRequestWarning: Unverified HTTPS request is being made to host 'randomuser.me'. Adding certificate verification is strongly advised. See: https://urllib3.readthedocs.io/en/latest/advanced-usage.html#tls-warnings
  warnings.warn(</msg>
<msg time="2024-06-06T19:13:54.331212" level="INFO">${response} = &lt;Response [200]&gt;</msg>
<var>${response}</var>
<arg>consultarAPI</arg>
<arg>/api</arg>
<doc>Sends a GET request on a previously created HTTP Session.</doc>
<status status="PASS" start="2024-06-06T19:13:54.260912" elapsed="0.070343"/>
</kw>
<kw name="Set Variable" owner="BuiltIn">
<msg time="2024-06-06T19:13:54.332504" level="INFO">${json_data} = {'results': [{'gender': 'male', 'name': {'title': 'Mr', 'first': 'Raunak', 'last': 'Shah'}, 'location': {'street': {'number': 1981, 'name': 'Kasturba Rd'}, 'city': 'Kharagpur', 'state': 'Sikkim', 'cou...</msg>
<var>${json_data}</var>
<arg>${response.json()}</arg>
<doc>Returns the given values which can then be assigned to a variables.</doc>
<status status="PASS" start="2024-06-06T19:13:54.331919" elapsed="0.000616"/>
</kw>
<kw name="Log" owner="BuiltIn">
<msg time="2024-06-06T19:13:54.333085" level="INFO">{'results': [{'gender': 'male', 'name': {'title': 'Mr', 'first': 'Raunak', 'last': 'Shah'}, 'location': {'street': {'number': 1981, 'name': 'Kasturba Rd'}, 'city': 'Kharagpur', 'state': 'Sikkim', 'country': 'India', 'postcode': 34492, 'coordinates': {'latitude': '7.5314', 'longitude': '-155.5728'}, 'timezone': {'offset': '-3:00', 'description': 'Brazil, Buenos Aires, Georgetown'}}, 'email': 'raunak.shah@example.com', 'login': {'uuid': 'cd5367d4-35a8-4651-93fc-7824b382c7a3', 'username': 'yellowrabbit512', 'password': 'carroll', 'salt': 'oxOFAvfK', 'md5': '1f1840c2421aa4e56cd1c9bc74bb7b68', 'sha1': '1274ff647f8bc7bd13de996fca1d9aa68a780974', 'sha256': 'd90f90a7079e5f5b321e266152573078eb74111825c16c2b6a93b5753aea0a0b'}, 'dob': {'date': '1974-08-30T08:28:57.740Z', 'age': 49}, 'registered': {'date': '2005-07-05T04:18:05.783Z', 'age': 18}, 'phone': '9251846261', 'cell': '7080952167', 'id': {'name': 'UIDAI', 'value': '804165395383'}, 'picture': {'large': 'https://randomuser.me/api/portraits/men/30.jpg', 'medium': 'https://randomuser.me/api/portraits/med/men/30.jpg', 'thumbnail': 'https://randomuser.me/api/portraits/thumb/men/30.jpg'}, 'nat': 'IN'}], 'info': {'seed': '28ca88c4869f3a08', 'results': 1, 'page': 1, 'version': '1.4'}}</msg>
<arg>${json_data}</arg>
<doc>Logs the given message with the given level.</doc>
<status status="PASS" start="2024-06-06T19:13:54.332910" elapsed="0.000274"/>
</kw>
<kw name="Should Be String" owner="String">
<arg>${json_data['results'][0]['gender']}</arg>
<doc>Fails if the given ``item`` is not a string.</doc>
<status status="PASS" start="2024-06-06T19:13:54.333550" elapsed="0.000383"/>
</kw>
<kw name="Should Match Regexp" owner="BuiltIn">
<arg>${json_data['results'][0]['email']}</arg>
<arg>^[a-zA-Z0-9._%+-]+@[a-zA-Z0-9.-]+\.[a-zA-Z]{2,}$</arg>
<doc>Fails if ``string`` does not match ``pattern`` as a regular expression.</doc>
<status status="PASS" start="2024-06-06T19:13:54.334135" elapsed="0.000545"/>
</kw>
<kw name="Should Match Regexp" owner="BuiltIn">
<arg>${json_data['results'][0]['dob']['date']}</arg>
<arg>\\d{4}-\\d{2}-\\d{2}T\\d{2}:\\d{2}:\\d{2}\\.\\d{3}Z</arg>
<doc>Fails if ``string`` does not match ``pattern`` as a regular expression.</doc>
<status status="PASS" start="2024-06-06T19:13:54.334884" elapsed="0.000498"/>
</kw>
<kw name="Should Match Regexp" owner="BuiltIn">
<arg>${json_data['results'][0]['registered']['date']}</arg>
<arg>\\d{4}-\\d{2}-\\d{2}T\\d{2}:\\d{2}:\\d{2}\\.\\d{3}Z</arg>
<doc>Fails if ``string`` does not match ``pattern`` as a regular expression.</doc>
<status status="PASS" start="2024-06-06T19:13:54.335580" elapsed="0.000384"/>
</kw>
<kw name="Should Match Regexp" owner="BuiltIn">
<arg>${json_data['results'][0]['picture']['large']}</arg>
<arg>^https?://.*\.(?:png|jpe?g|gif|bmp)$</arg>
<doc>Fails if ``string`` does not match ``pattern`` as a regular expression.</doc>
<status status="PASS" start="2024-06-06T19:13:54.336160" elapsed="0.000491"/>
</kw>
<kw name="Should Match Regexp" owner="BuiltIn">
<arg>${json_data['results'][0]['picture']['medium']}</arg>
<arg>^https?://.*\.(?:png|jpe?g|gif|bmp)$</arg>
<doc>Fails if ``string`` does not match ``pattern`` as a regular expression.</doc>
<status status="PASS" start="2024-06-06T19:13:54.336846" elapsed="0.000390"/>
</kw>
<kw name="Should Match Regexp" owner="BuiltIn">
<arg>${json_data['results'][0]['picture']['thumbnail']}</arg>
<arg>^https?://.*\.(?:png|jpe?g|gif|bmp)$</arg>
<doc>Fails if ``string`` does not match ``pattern`` as a regular expression.</doc>
<status status="PASS" start="2024-06-06T19:13:54.337442" elapsed="0.000358"/>
</kw>
<kw name="Log" owner="BuiltIn">
<msg time="2024-06-06T19:13:54.338323" level="INFO">{'large': 'https://randomuser.me/api/portraits/men/30.jpg', 'medium': 'https://randomuser.me/api/portraits/med/men/30.jpg', 'thumbnail': 'https://randomuser.me/api/portraits/thumb/men/30.jpg'}</msg>
<arg>${json_data['results'][0]['picture']}</arg>
<doc>Logs the given message with the given level.</doc>
<status status="PASS" start="2024-06-06T19:13:54.337998" elapsed="0.000368"/>
</kw>
<status status="PASS" start="2024-06-06T19:13:54.260673" elapsed="0.077971"/>
</kw>
<kw name="Teste de Tipos de Dados - Postcode" owner="random-user-service">
<kw name="GET On Session" owner="RequestsLibrary">
<msg time="2024-06-06T19:13:54.433086" level="INFO">GET Request : url=https://randomuser.me/api 
 path_url=/api 
 headers={'User-Agent': 'python-requests/2.32.3', 'Accept-Encoding': 'gzip, deflate', 'Accept': '*/*', 'Connection': 'keep-alive'} 
 body=None 
 </msg>
<msg time="2024-06-06T19:13:54.433242" level="INFO">GET Response : url=https://randomuser.me/api 
 status=200, reason=OK 
 headers={'Date': 'Thu, 06 Jun 2024 19:13:54 GMT', 'Content-Type': 'application/json; charset=utf-8', 'Transfer-Encoding': 'chunked', 'Connection': 'keep-alive', 'X-Powered-By': 'Express', 'Access-Control-Allow-Origin': '*', 'Cache-Control': 'no-cache', 'ETag': 'W/"490-K5E/sNHfg0J3VDDQrq09x1KLqFM"', 'Vary': 'Accept-Encoding', 'Content-Encoding': 'gzip', 'CF-Cache-Status': 'DYNAMIC', 'Report-To': '{"endpoints":[{"url":"https:\\/\\/a.nel.cloudflare.com\\/report\\/v4?s=TtYrel7sxZFp3WKmb1xnlWiDCh3pilj%2Fbw9nDR1BJAEQpkSOACojQd71%2FN9DJQmiS6e40QH80bb7S%2Bdm%2BWwtyvLiiMPKsOm4S5p5JfSRmFeDeKtzvGQGVk5CqZ0wl9Kh"}],"group":"cf-nel","max_age":604800}', 'NEL': '{"success_fraction":0,"report_to":"cf-nel","max_age":604800}', 'Server': 'cloudflare', 'CF-RAY': '88fab8eaafd38199-IAD', 'alt-svc': 'h3=":443"; ma=86400'} 
 body={"results":[{"gender":"male","name":{"title":"Mr","first":"Rémy","last":"Le Gall"},"location":{"street":{"number":7030,"name":"Rue Abel-Gance"},"city":"Poitiers","state":"Seine-et-Marne","country":"France","postcode":80252,"coordinates":{"latitude":"-16.7712","longitude":"-60.7902"},"timezone":{"offset":"+7:00","description":"Bangkok, Hanoi, Jakarta"}},"email":"remy.legall@example.com","login":{"uuid":"d7db5bdc-512d-4021-9ea5-dfd23363cb68","username":"purplegoose843","password":"tomtom","salt":"tfj3dkgt","md5":"59a3e06a671626092c86bb409c85bf31","sha1":"e78f9530ba489659b48686b3ff230eed440d7779","sha256":"96eb89b78614325e222b87b8318986ba1efad25471abbb35e3455edd36488c4b"},"dob":{"date":"1997-11-15T02:17:43.681Z","age":26},"registered":{"date":"2018-11-05T02:36:15.200Z","age":5},"phone":"02-14-28-74-59","cell":"06-42-34-24-88","id":{"name":"INSEE","value":"1971006335553 15"},"picture":{"large":"https://randomuser.me/api/portraits/men/16.jpg","medium":"https://randomuser.me/api/portraits/med/men/16.jpg","thumbnail":"https://randomuser.me/api/portraits/thumb/men/16.jpg"},"nat":"FR"}],"info":{"seed":"0749535b70f893aa","results":1,"page":1,"version":"1.4"}} 
 </msg>
<msg time="2024-06-06T19:13:54.433329" level="INFO">/opt/hostedtoolcache/Python/3.12.3/x64/lib/python3.12/site-packages/urllib3/connectionpool.py:1103: InsecureRequestWarning: Unverified HTTPS request is being made to host 'randomuser.me'. Adding certificate verification is strongly advised. See: https://urllib3.readthedocs.io/en/latest/advanced-usage.html#tls-warnings
  warnings.warn(</msg>
<msg time="2024-06-06T19:13:54.433459" level="INFO">${response} = &lt;Response [200]&gt;</msg>
<var>${response}</var>
<arg>consultarAPI</arg>
<arg>/api</arg>
<doc>Sends a GET request on a previously created HTTP Session.</doc>
<status status="PASS" start="2024-06-06T19:13:54.339124" elapsed="0.094377"/>
</kw>
<kw name="Set Variable" owner="BuiltIn">
<msg time="2024-06-06T19:13:54.434821" level="INFO">${json_data} = {'results': [{'gender': 'male', 'name': {'title': 'Mr', 'first': 'Rémy', 'last': 'Le Gall'}, 'location': {'street': {'number': 7030, 'name': 'Rue Abel-Gance'}, 'city': 'Poitiers', 'state': 'Seine-et-M...</msg>
<var>${json_data}</var>
<arg>${response.json()}</arg>
<doc>Returns the given values which can then be assigned to a variables.</doc>
<status status="PASS" start="2024-06-06T19:13:54.434198" elapsed="0.000655"/>
</kw>
<kw name="Log" owner="BuiltIn">
<msg time="2024-06-06T19:13:54.435487" level="INFO">{'results': [{'gender': 'male', 'name': {'title': 'Mr', 'first': 'Rémy', 'last': 'Le Gall'}, 'location': {'street': {'number': 7030, 'name': 'Rue Abel-Gance'}, 'city': 'Poitiers', 'state': 'Seine-et-Marne', 'country': 'France', 'postcode': 80252, 'coordinates': {'latitude': '-16.7712', 'longitude': '-60.7902'}, 'timezone': {'offset': '+7:00', 'description': 'Bangkok, Hanoi, Jakarta'}}, 'email': 'remy.legall@example.com', 'login': {'uuid': 'd7db5bdc-512d-4021-9ea5-dfd23363cb68', 'username': 'purplegoose843', 'password': 'tomtom', 'salt': 'tfj3dkgt', 'md5': '59a3e06a671626092c86bb409c85bf31', 'sha1': 'e78f9530ba489659b48686b3ff230eed440d7779', 'sha256': '96eb89b78614325e222b87b8318986ba1efad25471abbb35e3455edd36488c4b'}, 'dob': {'date': '1997-11-15T02:17:43.681Z', 'age': 26}, 'registered': {'date': '2018-11-05T02:36:15.200Z', 'age': 5}, 'phone': '02-14-28-74-59', 'cell': '06-42-34-24-88', 'id': {'name': 'INSEE', 'value': '1971006335553 15'}, 'picture': {'large': 'https://randomuser.me/api/portraits/men/16.jpg', 'medium': 'https://randomuser.me/api/portraits/med/men/16.jpg', 'thumbnail': 'https://randomuser.me/api/portraits/thumb/men/16.jpg'}, 'nat': 'FR'}], 'info': {'seed': '0749535b70f893aa', 'results': 1, 'page': 1, 'version': '1.4'}}</msg>
<arg>${json_data}</arg>
<doc>Logs the given message with the given level.</doc>
<status status="PASS" start="2024-06-06T19:13:54.435288" elapsed="0.000253"/>
</kw>
<kw name="Should Be Equal As Numbers" owner="BuiltIn">
<arg>${json_data['results'][0]['location']['postcode']}</arg>
<arg>${json_data['results'][0]['location']['postcode']}</arg>
<doc>Fails if objects are unequal after converting them to real numbers.</doc>
<status status="PASS" start="2024-06-06T19:13:54.435882" elapsed="0.000980"/>
</kw>
<kw name="Log" owner="BuiltIn">
<msg time="2024-06-06T19:13:54.437467" level="INFO">80252</msg>
<arg>${json_data['results'][0]['location']['postcode']}</arg>
<doc>Logs the given message with the given level.</doc>
<status status="PASS" start="2024-06-06T19:13:54.437077" elapsed="0.000433"/>
</kw>
<status status="PASS" start="2024-06-06T19:13:54.338884" elapsed="0.098899"/>
</kw>
<doc>Testa se os tipos de dados na resposta da API estão corretos.</doc>
<tag>testeTiposDados</tag>
<status status="PASS" start="2024-06-06T19:13:54.260143" elapsed="0.177815"/>
</test>
<test id="s1-s1-t5" name="Validar conteudo" line="35">
<kw name="Teste de Tipos de Conteudo" owner="random-user-service">
<kw name="GET On Session" owner="RequestsLibrary">
<msg time="2024-06-06T19:13:54.536310" level="INFO">GET Request : url=https://randomuser.me/api 
 path_url=/api 
 headers={'User-Agent': 'python-requests/2.32.3', 'Accept-Encoding': 'gzip, deflate', 'Accept': '*/*', 'Connection': 'keep-alive'} 
 body=None 
 </msg>
<msg time="2024-06-06T19:13:54.536415" level="INFO">GET Response : url=https://randomuser.me/api 
 status=200, reason=OK 
 headers={'Date': 'Thu, 06 Jun 2024 19:13:54 GMT', 'Content-Type': 'application/json; charset=utf-8', 'Transfer-Encoding': 'chunked', 'Connection': 'keep-alive', 'X-Powered-By': 'Express', 'Access-Control-Allow-Origin': '*', 'Cache-Control': 'no-cache', 'ETag': 'W/"48c-fDMyQaAU9gxlladV3XGuJB1rbyk"', 'Vary': 'Accept-Encoding', 'Content-Encoding': 'gzip', 'CF-Cache-Status': 'DYNAMIC', 'Report-To': '{"endpoints":[{"url":"https:\\/\\/a.nel.cloudflare.com\\/report\\/v4?s=DZpwzeFC9L%2BRvP3ePlo9RsT32ZODxy7%2FjIqA97MI%2F5qamMP8L7WI2vYJiqxUF8ImFciFbcymPLsNfW4zDuPwhv9p3anEhmYzPe0a6xdI64Li5N4BQ10obncnkkBqU4LZ"}],"group":"cf-nel","max_age":604800}', 'NEL': '{"success_fraction":0,"report_to":"cf-nel","max_age":604800}', 'Server': 'cloudflare', 'CF-RAY': '88fab8eb48a28199-IAD', 'alt-svc': 'h3=":443"; ma=86400'} 
 body={"results":[{"gender":"male","name":{"title":"Mr","first":"آریا","last":"رضاییان"},"location":{"street":{"number":8494,"name":"15 خرداد"},"city":"بروجرد","state":"تهران","country":"Iran","postcode":26842,"coordinates":{"latitude":"18.2052","longitude":"-46.2466"},"timezone":{"offset":"+8:00","description":"Beijing, Perth, Singapore, Hong Kong"}},"email":"ary.rdyyn@example.com","login":{"uuid":"13dd0332-cd30-427a-8bf8-88cb93309daf","username":"whiteleopard589","password":"qweqwe","salt":"UZmbjDOs","md5":"205b4d08eaf34f69da3a5372a737a3ce","sha1":"a43505dfaf0ae9b13cda630d7d3a730aeae83a7f","sha256":"f77ec7a227117fdb9f52ec3208f87979f851c80f5acc7df65de6b9bc0ea28882"},"dob":{"date":"1975-03-12T22:59:32.071Z","age":49},"registered":{"date":"2018-06-25T22:22:03.185Z","age":5},"phone":"061-10686910","cell":"0931-754-8224","id":{"name":"","value":null},"picture":{"large":"https://randomuser.me/api/portraits/men/71.jpg","medium":"https://randomuser.me/api/portraits/med/men/71.jpg","thumbnail":"https://randomuser.me/api/portraits/thumb/men/71.jpg"},"nat":"IR"}],"info":{"seed":"fffcb905bf5138cd","results":1,"page":1,"version":"1.4"}} 
 </msg>
<msg time="2024-06-06T19:13:54.536493" level="INFO">/opt/hostedtoolcache/Python/3.12.3/x64/lib/python3.12/site-packages/urllib3/connectionpool.py:1103: InsecureRequestWarning: Unverified HTTPS request is being made to host 'randomuser.me'. Adding certificate verification is strongly advised. See: https://urllib3.readthedocs.io/en/latest/advanced-usage.html#tls-warnings
  warnings.warn(</msg>
<msg time="2024-06-06T19:13:54.536623" level="INFO">${response} = &lt;Response [200]&gt;</msg>
<var>${response}</var>
<arg>consultarAPI</arg>
<arg>/api</arg>
<doc>Sends a GET request on a previously created HTTP Session.</doc>
<status status="PASS" start="2024-06-06T19:13:54.440567" elapsed="0.096103"/>
</kw>
<kw name="Set Variable" owner="BuiltIn">
<msg time="2024-06-06T19:13:54.537951" level="INFO">${json_data} = {'results': [{'gender': 'male', 'name': {'title': 'Mr', 'first': 'آریا', 'last': 'رضاییان'}, 'location': {'street': {'number': 8494, 'name': '15 خرداد'}, 'city': 'بروجرد', 'state': 'تهران', 'country':...</msg>
<var>${json_data}</var>
<arg>${response.json()}</arg>
<doc>Returns the given values which can then be assigned to a variables.</doc>
<status status="PASS" start="2024-06-06T19:13:54.537382" elapsed="0.000600"/>
</kw>
<kw name="Set Variable" owner="BuiltIn">
<msg time="2024-06-06T19:13:54.538705" level="INFO">${name_title} = Mr</msg>
<var>${name_title}</var>
<arg>${json_data["results"][0]["name"]["title"]}</arg>
<doc>Returns the given values which can then be assigned to a variables.</doc>
<status status="PASS" start="2024-06-06T19:13:54.538308" elapsed="0.000423"/>
</kw>
<kw name="Create List" owner="BuiltIn">
<msg time="2024-06-06T19:13:54.539189" level="INFO">${allowed_titles} = ['Mr', 'Ms', 'Miss', 'Mrs', 'Madame', 'Monsieur']</msg>
<var>${allowed_titles}</var>
<arg>Mr</arg>
<arg>Ms</arg>
<arg>Miss</arg>
<arg>Mrs</arg>
<arg>Madame</arg>
<arg>Monsieur</arg>
<doc>Returns a list containing given items.</doc>
<status status="PASS" start="2024-06-06T19:13:54.539039" elapsed="0.000174"/>
</kw>
<kw name="List Should Contain Value" owner="Collections">
<msg time="2024-06-06T19:13:54.539703" level="INFO">False</msg>
<arg>${allowed_titles}</arg>
<arg>${name_title}</arg>
<doc>Fails if the ``value`` is not found from ``list``.</doc>
<status status="PASS" start="2024-06-06T19:13:54.539527" elapsed="0.000214"/>
</kw>
<kw name="Set Variable" owner="BuiltIn">
<msg time="2024-06-06T19:13:54.540417" level="INFO">${name_country} = IR</msg>
<var>${name_country}</var>
<arg>${json_data["results"][0]["nat"]}</arg>
<doc>Returns the given values which can then be assigned to a variables.</doc>
<status status="PASS" start="2024-06-06T19:13:54.540032" elapsed="0.000410"/>
</kw>
<kw name="Create List" owner="BuiltIn">
<msg time="2024-06-06T19:13:54.541379" level="INFO">${list_country} = ['AD', 'AE', 'AF', 'AG', 'AI', 'AL', 'AM', 'AO', 'AQ', 'AR', 'AS', 'AT', 'AU', 'AW', 'AX', 'AZ', 'BA', 'BB', 'BD', 'BE', 'BF', 'BG', 'BH', 'BI', 'BJ', 'BL', 'BM', 'BN', 'BO', 'BQ', 'BR', 'BS', 'BT', '...</msg>
<var>${list_country}</var>
<arg>AD</arg>
<arg>AE</arg>
<arg>AF</arg>
<arg>AG</arg>
<arg>AI</arg>
<arg>AL</arg>
<arg>AM</arg>
<arg>AO</arg>
<arg>AQ</arg>
<arg>AR</arg>
<arg>AS</arg>
<arg>AT</arg>
<arg>AU</arg>
<arg>AW</arg>
<arg>AX</arg>
<arg>AZ</arg>
<arg>BA</arg>
<arg>BB</arg>
<arg>BD</arg>
<arg>BE</arg>
<arg>BF</arg>
<arg>BG</arg>
<arg>BH</arg>
<arg>BI</arg>
<arg>BJ</arg>
<arg>BL</arg>
<arg>BM</arg>
<arg>BN</arg>
<arg>BO</arg>
<arg>BQ</arg>
<arg>BR</arg>
<arg>BS</arg>
<arg>BT</arg>
<arg>BV</arg>
<arg>BW</arg>
<arg>BY</arg>
<arg>BZ</arg>
<arg>CA</arg>
<arg>CC</arg>
<arg>CD</arg>
<arg>CF</arg>
<arg>CG</arg>
<arg>CH</arg>
<arg>CI</arg>
<arg>CK</arg>
<arg>CL</arg>
<arg>CM</arg>
<arg>CN</arg>
<arg>CO</arg>
<arg>CR</arg>
<arg>CU</arg>
<arg>CV</arg>
<arg>CW</arg>
<arg>CX</arg>
<arg>CY</arg>
<arg>CZ</arg>
<arg>DE</arg>
<arg>DJ</arg>
<arg>DK</arg>
<arg>DM</arg>
<arg>DO</arg>
<arg>DZ</arg>
<arg>EC</arg>
<arg>EE</arg>
<arg>EG</arg>
<arg>EH</arg>
<arg>ER</arg>
<arg>ES</arg>
<arg>ET</arg>
<arg>FI</arg>
<arg>FJ</arg>
<arg>FK</arg>
<arg>FM</arg>
<arg>FO</arg>
<arg>FR</arg>
<arg>GA</arg>
<arg>GB</arg>
<arg>GD</arg>
<arg>GE</arg>
<arg>GF</arg>
<arg>GG</arg>
<arg>GH</arg>
<arg>GI</arg>
<arg>GL</arg>
<arg>GM</arg>
<arg>GN</arg>
<arg>GP</arg>
<arg>GQ</arg>
<arg>GR</arg>
<arg>GS</arg>
<arg>GT</arg>
<arg>GU</arg>
<arg>GW</arg>
<arg>GY</arg>
<arg>HK</arg>
<arg>HM</arg>
<arg>HN</arg>
<arg>HR</arg>
<arg>HT</arg>
<arg>HU</arg>
<arg>ID</arg>
<arg>IE</arg>
<arg>IL</arg>
<arg>IM</arg>
<arg>IN</arg>
<arg>IO</arg>
<arg>IQ</arg>
<arg>IR</arg>
<arg>IS</arg>
<arg>IT</arg>
<arg>JE</arg>
<arg>JM</arg>
<arg>JO</arg>
<arg>JP</arg>
<arg>KE</arg>
<arg>KG</arg>
<arg>KH</arg>
<arg>KI</arg>
<arg>KM</arg>
<arg>KN</arg>
<arg>KP</arg>
<arg>KR</arg>
<arg>KW</arg>
<arg>KY</arg>
<arg>KZ</arg>
<arg>LA</arg>
<arg>LB</arg>
<arg>LC</arg>
<arg>LI</arg>
<arg>LK</arg>
<arg>LR</arg>
<arg>LS</arg>
<arg>LT</arg>
<arg>LU</arg>
<arg>LV</arg>
<arg>LY</arg>
<arg>MA</arg>
<arg>MC</arg>
<arg>MD</arg>
<arg>ME</arg>
<arg>MF</arg>
<arg>MG</arg>
<arg>MH</arg>
<arg>MK</arg>
<arg>ML</arg>
<arg>MM</arg>
<arg>MN</arg>
<arg>MO</arg>
<arg>MP</arg>
<arg>MQ</arg>
<arg>MR</arg>
<arg>MS</arg>
<arg>MT</arg>
<arg>MU</arg>
<arg>MV</arg>
<arg>MW</arg>
<arg>MX</arg>
<arg>MY</arg>
<arg>MZ</arg>
<arg>NA</arg>
<arg>NC</arg>
<arg>NE</arg>
<arg>NF</arg>
<arg>NG</arg>
<arg>NI</arg>
<arg>NL</arg>
<arg>NO</arg>
<arg>NP</arg>
<arg>NR</arg>
<arg>NU</arg>
<arg>NZ</arg>
<arg>OM</arg>
<arg>PA</arg>
<arg>PE</arg>
<arg>PF</arg>
<arg>PG</arg>
<arg>PH</arg>
<arg>PK</arg>
<arg>PL</arg>
<arg>PM</arg>
<arg>PN</arg>
<arg>PR</arg>
<arg>PS</arg>
<arg>PT</arg>
<arg>PW</arg>
<arg>PY</arg>
<arg>QA</arg>
<arg>RE</arg>
<arg>RO</arg>
<arg>RS</arg>
<arg>RU</arg>
<arg>RW</arg>
<arg>SA</arg>
<arg>SB</arg>
<arg>SC</arg>
<arg>SD</arg>
<arg>SE</arg>
<arg>SG</arg>
<arg>SH</arg>
<arg>SI</arg>
<arg>SJ</arg>
<arg>SK</arg>
<arg>SL</arg>
<arg>SM</arg>
<arg>SN</arg>
<arg>SO</arg>
<arg>SR</arg>
<arg>SS</arg>
<arg>ST</arg>
<arg>SV</arg>
<arg>SX</arg>
<arg>SY</arg>
<arg>SZ</arg>
<arg>TC</arg>
<arg>TD</arg>
<arg>TF</arg>
<arg>TG</arg>
<arg>TH</arg>
<arg>TJ</arg>
<arg>TK</arg>
<arg>TL</arg>
<arg>TM</arg>
<arg>TN</arg>
<arg>TO</arg>
<arg>TR</arg>
<arg>TT</arg>
<arg>TV</arg>
<arg>TW</arg>
<arg>TZ</arg>
<arg>UA</arg>
<arg>UG</arg>
<arg>UM</arg>
<arg>US</arg>
<arg>UY</arg>
<arg>UZ</arg>
<arg>VA</arg>
<arg>VC</arg>
<arg>VE</arg>
<arg>VG</arg>
<arg>VI</arg>
<arg>VN</arg>
<arg>VU</arg>
<arg>WF</arg>
<arg>WS</arg>
<arg>XK</arg>
<arg>YE</arg>
<arg>YT</arg>
<arg>ZA</arg>
<arg>ZM</arg>
<arg>ZW</arg>
<doc>Returns a list containing given items.</doc>
<status status="PASS" start="2024-06-06T19:13:54.540746" elapsed="0.000662"/>
</kw>
<kw name="List Should Contain Value" owner="Collections">
<msg time="2024-06-06T19:13:54.542404" level="INFO">False</msg>
<arg>${list_country}</arg>
<arg>${name_country}</arg>
<doc>Fails if the ``value`` is not found from ``list``.</doc>
<status status="PASS" start="2024-06-06T19:13:54.542197" elapsed="0.000243"/>
</kw>
<kw name="Run Keyword If" owner="BuiltIn">
<kw name="Should Be True" owner="BuiltIn">
<arg>${True}</arg>
<doc>Fails if the given condition is not true.</doc>
<status status="PASS" start="2024-06-06T19:13:54.543492" elapsed="0.000147"/>
</kw>
<arg>${json_data["results"][0]["location"]["coordinates"]["latitude"]} &gt;= -90 and ${json_data["results"][0]["location"]["coordinates"]["latitude"]} &lt;= 90</arg>
<arg>Should Be True</arg>
<arg>${True}</arg>
<doc>Runs the given keyword with the given arguments, if ``condition`` is true.</doc>
<status status="PASS" start="2024-06-06T19:13:54.542748" elapsed="0.001020"/>
</kw>
<kw name="Run Keyword If" owner="BuiltIn">
<kw name="Should Be True" owner="BuiltIn">
<arg>${True}</arg>
<doc>Fails if the given condition is not true.</doc>
<status status="PASS" start="2024-06-06T19:13:54.544652" elapsed="0.000269"/>
</kw>
<arg>${json_data["results"][0]["location"]["coordinates"]["longitude"]} &gt;= -180 and ${json_data["results"][0]["location"]["coordinates"]["longitude"]} &lt;= 180</arg>
<arg>Should Be True</arg>
<arg>${True}</arg>
<doc>Runs the given keyword with the given arguments, if ``condition`` is true.</doc>
<status status="PASS" start="2024-06-06T19:13:54.543957" elapsed="0.001089"/>
</kw>
<status status="PASS" start="2024-06-06T19:13:54.440316" elapsed="0.104894"/>
</kw>
<doc>Testa o conteúdo específico dos campos retornados pela API.</doc>
<tag>testeConteudo</tag>
<status status="PASS" start="2024-06-06T19:13:54.439748" elapsed="0.105630"/>
</test>
<status status="PASS" start="2024-06-06T19:13:53.573678" elapsed="0.973673"/>
</suite>
<status status="PASS" start="2024-06-06T19:13:53.559688" elapsed="0.992995"/>
</suite>
<statistics>
<total>
<stat pass="5" fail="0" skip="0">All Tests</stat>
</total>
<tag>
<stat pass="1" fail="0" skip="0">testeConteudo</stat>
<stat pass="1" fail="0" skip="0">testeEstruturaResposta</stat>
<stat pass="1" fail="0" skip="0">testeRequisicaoBasica</stat>
<stat pass="1" fail="0" skip="0">testeTiposDados</stat>
</tag>
<suite>
<stat pass="5" fail="0" skip="0" id="s1" name="Tests">Tests</stat>
<stat pass="5" fail="0" skip="0" id="s1-s1" name="Random-User-Test">Tests.Random-User-Test</stat>
</suite>
</statistics>
<errors>
</errors>
</robot>
