<?xml version="1.0" encoding="UTF-8"?>
<robot generator="Robot 7.0 (Python 3.12.2 on linux)" generated="2024-03-21T06:17:32.230804" rpa="false" schemaversion="5">
<suite id="s1" name="Tests" source="/home/runner/work/DesafioQA---Itau---Rogerio-Jordao/DesafioQA---Itau---Rogerio-Jordao/DesafioQA - Itau - Rogerio Jordao/tests">
<suite id="s1-s1" name="Random-User-Test" source="/home/runner/work/DesafioQA---Itau---Rogerio-Jordao/DesafioQA---Itau---Rogerio-Jordao/DesafioQA - Itau - Rogerio Jordao/tests/random-user-test.robot">
<test id="s1-s1-t1" name="Conectar" line="24">
<kw name="Conectar API">
<kw name="Create Session" owner="RequestsLibrary">
<msg time="2024-03-21T06:17:32.616893" level="INFO">Creating Session using : alias=consultarAPI, url=https://randomuser.me/, headers={},                     cookies={}, auth=None, timeout=None, proxies=None, verify=False,                     debug=0 </msg>
<arg>consultarAPI</arg>
<arg>${URL}</arg>
<doc>Create Session: create a HTTP session to a server</doc>
<status status="PASS" start="2024-03-21T06:17:32.616684" elapsed="0.000415"/>
</kw>
<status status="PASS" start="2024-03-21T06:17:32.615754" elapsed="0.001741"/>
</kw>
<status status="PASS" start="2024-03-21T06:17:32.615176" elapsed="0.002519"/>
</test>
<test id="s1-s1-t2" name="Validar retorno 200 e JSON Válido" line="27">
<kw name="Teste de Requisicao Basica">
<kw name="GET On Session" owner="RequestsLibrary">
<msg time="2024-03-21T06:17:32.890094" level="INFO">GET Request : url=https://randomuser.me/api 
 path_url=/api 
 headers={'User-Agent': 'python-requests/2.31.0', 'Accept-Encoding': 'gzip, deflate', 'Accept': '*/*', 'Connection': 'keep-alive'} 
 body=None 
 </msg>
<msg time="2024-03-21T06:17:32.890251" level="INFO">GET Response : url=https://randomuser.me/api 
 status=200, reason=OK 
 headers={'Date': 'Thu, 21 Mar 2024 06:17:32 GMT', 'Content-Type': 'application/json; charset=utf-8', 'Transfer-Encoding': 'chunked', 'Connection': 'keep-alive', 'X-Powered-By': 'Express', 'Access-Control-Allow-Origin': '*', 'Cache-Control': 'no-cache', 'ETag': 'W/"48a-fyPfWmLBzfG2Cay42L+qiLrVC1M"', 'Vary': 'Accept-Encoding', 'Content-Encoding': 'gzip', 'CF-Cache-Status': 'DYNAMIC', 'Report-To': '{"endpoints":[{"url":"https:\\/\\/a.nel.cloudflare.com\\/report\\/v4?s=jHbELbCfP%2FW1PWj5XQ8a6fcI%2BUx848Bx1tjGotCYbhZhb%2FFbOGYghwPxQ%2FRRfonyn3rznvHBaz%2Bdf%2Bj8dZs2JolmFw%2FJKrb7RroLphuM9cttSRuR2bf%2BeqlrL6xboFnp"}],"group":"cf-nel","max_age":604800}', 'NEL': '{"success_fraction":0,"report_to":"cf-nel","max_age":604800}', 'Server': 'cloudflare', 'CF-RAY': '867bd1cb1de5084d-IAD', 'alt-svc': 'h3=":443"; ma=86400'} 
 body={"results":[{"gender":"female","name":{"title":"Ms","first":"Olga","last":"Prieto"},"location":{"street":{"number":3802,"name":"Ronda de Toledo"},"city":"Móstoles","state":"Castilla la Mancha","country":"Spain","postcode":32046,"coordinates":{"latitude":"-33.4107","longitude":"7.2026"},"timezone":{"offset":"+2:00","description":"Kaliningrad, South Africa"}},"email":"olga.prieto@example.com","login":{"uuid":"cba86f94-3f7e-48e3-a472-01b2caea449e","username":"blackbird197","password":"junk","salt":"9E6F6n5s","md5":"bb5ee29897e42bc6abbbd326b057699e","sha1":"f1134c2feb310e97507f087691549c6187b84918","sha256":"d17829c3736084b65d50a1f9593d53cbfc23b0c460ee92772bc3a76bfd277bb2"},"dob":{"date":"1986-01-16T15:02:06.374Z","age":38},"registered":{"date":"2005-09-04T18:11:09.959Z","age":18},"phone":"969-633-689","cell":"603-565-538","id":{"name":"DNI","value":"98395220-F"},"picture":{"large":"https://randomuser.me/api/portraits/women/72.jpg","medium":"https://randomuser.me/api/portraits/med/women/72.jpg","thumbnail":"https://randomuser.me/api/portraits/thumb/women/72.jpg"},"nat":"ES"}],"info":{"seed":"a3d68d8337db953e","results":1,"page":1,"version":"1.4"}} 
 </msg>
<msg time="2024-03-21T06:17:32.890580" level="INFO">/opt/hostedtoolcache/Python/3.12.2/x64/lib/python3.12/site-packages/urllib3/connectionpool.py:1103: InsecureRequestWarning: Unverified HTTPS request is being made to host 'randomuser.me'. Adding certificate verification is strongly advised. See: https://urllib3.readthedocs.io/en/latest/advanced-usage.html#tls-warnings
  warnings.warn(</msg>
<msg time="2024-03-21T06:17:32.890767" level="INFO">${response} = &lt;Response [200]&gt;</msg>
<var>${response}</var>
<arg>consultarAPI</arg>
<arg>/api</arg>
<doc>Sends a GET request on a previously created HTTP Session.</doc>
<status status="PASS" start="2024-03-21T06:17:32.620293" elapsed="0.270519"/>
</kw>
<kw name="Should Be Equal As Numbers" owner="BuiltIn">
<msg time="2024-03-21T06:17:32.892220" level="INFO">Argument types are:
&lt;class 'int'&gt;
&lt;class 'str'&gt;</msg>
<arg>${response.status_code}</arg>
<arg>200</arg>
<doc>Fails if objects are unequal after converting them to real numbers.</doc>
<status status="PASS" start="2024-03-21T06:17:32.891581" elapsed="0.000717"/>
</kw>
<kw name="Log" owner="BuiltIn">
<msg time="2024-03-21T06:17:32.892983" level="INFO">200</msg>
<arg>${response.status_code}</arg>
<doc>Logs the given message with the given level.</doc>
<status status="PASS" start="2024-03-21T06:17:32.892620" elapsed="0.000407"/>
</kw>
<kw name="Set Variable" owner="BuiltIn">
<msg time="2024-03-21T06:17:32.893815" level="INFO">${json_data} = {'results': [{'gender': 'female', 'name': {'title': 'Ms', 'first': 'Olga', 'last': 'Prieto'}, 'location': {'street': {'number': 3802, 'name': 'Ronda de Toledo'}, 'city': 'Móstoles', 'state': 'Castilla...</msg>
<var>${json_data}</var>
<arg>${response.json()}</arg>
<doc>Returns the given values which can then be assigned to a variables.</doc>
<status status="PASS" start="2024-03-21T06:17:32.893358" elapsed="0.000486"/>
</kw>
<kw name="Dictionary Should Contain Key" owner="Collections">
<msg time="2024-03-21T06:17:32.894342" level="INFO">False</msg>
<arg>${json_data}</arg>
<arg>results</arg>
<doc>Fails if ``key`` is not found from ``dictionary``.</doc>
<status status="PASS" start="2024-03-21T06:17:32.894172" elapsed="0.000211"/>
</kw>
<status status="PASS" start="2024-03-21T06:17:32.620049" elapsed="0.274634"/>
</kw>
<doc>Testa se a API responde corretamente e retorna um objeto JSON válido.</doc>
<tag>testeRequisicaoBasica</tag>
<status status="PASS" start="2024-03-21T06:17:32.619604" elapsed="0.275272"/>
</test>
<test id="s1-s1-t3" name="Validar estrutura de resposta" line="33">
<kw name="Teste de Estrutura de Resposta">
<kw name="GET On Session" owner="RequestsLibrary">
<msg time="2024-03-21T06:17:32.923451" level="INFO">GET Request : url=https://randomuser.me/api 
 path_url=/api 
 headers={'User-Agent': 'python-requests/2.31.0', 'Accept-Encoding': 'gzip, deflate', 'Accept': '*/*', 'Connection': 'keep-alive'} 
 body=None 
 </msg>
<msg time="2024-03-21T06:17:32.923548" level="INFO">GET Response : url=https://randomuser.me/api 
 status=200, reason=OK 
 headers={'Date': 'Thu, 21 Mar 2024 06:17:32 GMT', 'Content-Type': 'application/json; charset=utf-8', 'Transfer-Encoding': 'chunked', 'Connection': 'keep-alive', 'X-Powered-By': 'Express', 'Access-Control-Allow-Origin': '*', 'Cache-Control': 'no-cache', 'ETag': 'W/"4a2-Aja4SGotBlt2E12lmKQN6ONFu4M"', 'Vary': 'Accept-Encoding', 'Content-Encoding': 'gzip', 'CF-Cache-Status': 'DYNAMIC', 'Report-To': '{"endpoints":[{"url":"https:\\/\\/a.nel.cloudflare.com\\/report\\/v4?s=68ifaTAvvtja1aEygxyrso4H2%2FYN1TgyOvtidFdqNedbDdp5lPZ8uV4eZ6EWIQSjJBgMHY862E%2Bl%2FJJg1GYmiTnrHWtj3JGlNfcgfU8bjY23svIe6TNi7QIBp4olRq%2BF"}],"group":"cf-nel","max_age":604800}', 'NEL': '{"success_fraction":0,"report_to":"cf-nel","max_age":604800}', 'Server': 'cloudflare', 'CF-RAY': '867bd1ccaf1a084d-IAD', 'alt-svc': 'h3=":443"; ma=86400'} 
 body={"results":[{"gender":"female","name":{"title":"Miss","first":"Marleen","last":"Bongartz"},"location":{"street":{"number":8418,"name":"Wiesenstraße"},"city":"Lehesten","state":"Hessen","country":"Germany","postcode":52044,"coordinates":{"latitude":"-50.8460","longitude":"90.0561"},"timezone":{"offset":"+11:00","description":"Magadan, Solomon Islands, New Caledonia"}},"email":"marleen.bongartz@example.com","login":{"uuid":"b10fdf76-759d-4efc-a164-8704174ddf15","username":"crazylion545","password":"ghost","salt":"tM269Xye","md5":"4ce884ea30b7c5490ac94298950db8cf","sha1":"2bd50a7531aa989c31d7b7396c53eaeec175161c","sha256":"9bfa871f21cfadcb880766f7a76db29dfe1e95f5e97c0375eff5b5712bc51180"},"dob":{"date":"1946-09-11T09:56:21.602Z","age":77},"registered":{"date":"2007-12-06T19:29:38.368Z","age":16},"phone":"0438-8903871","cell":"0177-6778275","id":{"name":"SVNR","value":"20 110946 B 588"},"picture":{"large":"https://randomuser.me/api/portraits/women/10.jpg","medium":"https://randomuser.me/api/portraits/med/women/10.jpg","thumbnail":"https://randomuser.me/api/portraits/thumb/women/10.jpg"},"nat":"DE"}],"info":{"seed":"6e129a6971f2259f","results":1,"page":1,"version":"1.4"}} 
 </msg>
<msg time="2024-03-21T06:17:32.923681" level="INFO">/opt/hostedtoolcache/Python/3.12.2/x64/lib/python3.12/site-packages/urllib3/connectionpool.py:1103: InsecureRequestWarning: Unverified HTTPS request is being made to host 'randomuser.me'. Adding certificate verification is strongly advised. See: https://urllib3.readthedocs.io/en/latest/advanced-usage.html#tls-warnings
  warnings.warn(</msg>
<msg time="2024-03-21T06:17:32.923794" level="INFO">${response} = &lt;Response [200]&gt;</msg>
<var>${response}</var>
<arg>consultarAPI</arg>
<arg>/api</arg>
<doc>Sends a GET request on a previously created HTTP Session.</doc>
<status status="PASS" start="2024-03-21T06:17:32.897599" elapsed="0.026243"/>
</kw>
<kw name="Set Variable" owner="BuiltIn">
<msg time="2024-03-21T06:17:32.925179" level="INFO">${json_data} = {'results': [{'gender': 'female', 'name': {'title': 'Miss', 'first': 'Marleen', 'last': 'Bongartz'}, 'location': {'street': {'number': 8418, 'name': 'Wiesenstraße'}, 'city': 'Lehesten', 'state': 'Hess...</msg>
<var>${json_data}</var>
<arg>${response.json()}</arg>
<doc>Returns the given values which can then be assigned to a variables.</doc>
<status status="PASS" start="2024-03-21T06:17:32.924447" elapsed="0.000762"/>
</kw>
<kw name="Log" owner="BuiltIn">
<msg time="2024-03-21T06:17:32.925677" level="INFO">{'results': [{'gender': 'female', 'name': {'title': 'Miss', 'first': 'Marleen', 'last': 'Bongartz'}, 'location': {'street': {'number': 8418, 'name': 'Wiesenstraße'}, 'city': 'Lehesten', 'state': 'Hessen', 'country': 'Germany', 'postcode': 52044, 'coordinates': {'latitude': '-50.8460', 'longitude': '90.0561'}, 'timezone': {'offset': '+11:00', 'description': 'Magadan, Solomon Islands, New Caledonia'}}, 'email': 'marleen.bongartz@example.com', 'login': {'uuid': 'b10fdf76-759d-4efc-a164-8704174ddf15', 'username': 'crazylion545', 'password': 'ghost', 'salt': 'tM269Xye', 'md5': '4ce884ea30b7c5490ac94298950db8cf', 'sha1': '2bd50a7531aa989c31d7b7396c53eaeec175161c', 'sha256': '9bfa871f21cfadcb880766f7a76db29dfe1e95f5e97c0375eff5b5712bc51180'}, 'dob': {'date': '1946-09-11T09:56:21.602Z', 'age': 77}, 'registered': {'date': '2007-12-06T19:29:38.368Z', 'age': 16}, 'phone': '0438-8903871', 'cell': '0177-6778275', 'id': {'name': 'SVNR', 'value': '20 110946 B 588'}, 'picture': {'large': 'https://randomuser.me/api/portraits/women/10.jpg', 'medium': 'https://randomuser.me/api/portraits/med/women/10.jpg', 'thumbnail': 'https://randomuser.me/api/portraits/thumb/women/10.jpg'}, 'nat': 'DE'}], 'info': {'seed': '6e129a6971f2259f', 'results': 1, 'page': 1, 'version': '1.4'}}</msg>
<arg>${json_data}</arg>
<doc>Logs the given message with the given level.</doc>
<status status="PASS" start="2024-03-21T06:17:32.925517" elapsed="0.000210"/>
</kw>
<kw name="Dictionary Should Contain Key" owner="Collections">
<msg time="2024-03-21T06:17:32.926173" level="INFO">False</msg>
<arg>${json_data}</arg>
<arg>results</arg>
<doc>Fails if ``key`` is not found from ``dictionary``.</doc>
<status status="PASS" start="2024-03-21T06:17:32.926022" elapsed="0.000189"/>
</kw>
<kw name="Should Not Be Empty" owner="BuiltIn">
<msg time="2024-03-21T06:17:32.926663" level="INFO">Length is 2.</msg>
<arg>${json_data}</arg>
<doc>Verifies that the given item is not empty.</doc>
<status status="PASS" start="2024-03-21T06:17:32.926495" elapsed="0.000210"/>
</kw>
<kw name="Create List" owner="BuiltIn">
<msg time="2024-03-21T06:17:32.927147" level="INFO">${expected_keys} = ['gender', 'name', 'location', 'email', 'login']</msg>
<var>${expected_keys}</var>
<arg>gender</arg>
<arg>name</arg>
<arg>location</arg>
<arg>email</arg>
<arg>login</arg>
<doc>Returns a list containing given items.</doc>
<status status="PASS" start="2024-03-21T06:17:32.926995" elapsed="0.000176"/>
</kw>
<for flavor="IN">
<iter>
<kw name="Dictionary Should Contain Key" owner="Collections">
<msg time="2024-03-21T06:17:32.928142" level="INFO">False</msg>
<arg>${json_data['results'][0]}</arg>
<arg>${key}</arg>
<doc>Fails if ``key`` is not found from ``dictionary``.</doc>
<status status="PASS" start="2024-03-21T06:17:32.927743" elapsed="0.000438"/>
</kw>
<kw name="Log" owner="BuiltIn">
<msg time="2024-03-21T06:17:32.928852" level="INFO">{'gender': 'female', 'name': {'title': 'Miss', 'first': 'Marleen', 'last': 'Bongartz'}, 'location': {'street': {'number': 8418, 'name': 'Wiesenstraße'}, 'city': 'Lehesten', 'state': 'Hessen', 'country': 'Germany', 'postcode': 52044, 'coordinates': {'latitude': '-50.8460', 'longitude': '90.0561'}, 'timezone': {'offset': '+11:00', 'description': 'Magadan, Solomon Islands, New Caledonia'}}, 'email': 'marleen.bongartz@example.com', 'login': {'uuid': 'b10fdf76-759d-4efc-a164-8704174ddf15', 'username': 'crazylion545', 'password': 'ghost', 'salt': 'tM269Xye', 'md5': '4ce884ea30b7c5490ac94298950db8cf', 'sha1': '2bd50a7531aa989c31d7b7396c53eaeec175161c', 'sha256': '9bfa871f21cfadcb880766f7a76db29dfe1e95f5e97c0375eff5b5712bc51180'}, 'dob': {'date': '1946-09-11T09:56:21.602Z', 'age': 77}, 'registered': {'date': '2007-12-06T19:29:38.368Z', 'age': 16}, 'phone': '0438-8903871', 'cell': '0177-6778275', 'id': {'name': 'SVNR', 'value': '20 110946 B 588'}, 'picture': {'large': 'https://randomuser.me/api/portraits/women/10.jpg', 'medium': 'https://randomuser.me/api/portraits/med/women/10.jpg', 'thumbnail': 'https://randomuser.me/api/portraits/thumb/women/10.jpg'}, 'nat': 'DE'}</msg>
<arg>${json_data['results'][0]}</arg>
<doc>Logs the given message with the given level.</doc>
<status status="PASS" start="2024-03-21T06:17:32.928479" elapsed="0.000423"/>
</kw>
<kw name="Log" owner="BuiltIn">
<msg time="2024-03-21T06:17:32.929333" level="INFO">gender</msg>
<arg>${key}</arg>
<doc>Logs the given message with the given level.</doc>
<status status="PASS" start="2024-03-21T06:17:32.929204" elapsed="0.000169"/>
</kw>
<var name="${key}">gender</var>
<status status="PASS" start="2024-03-21T06:17:32.927625" elapsed="0.001965"/>
</iter>
<iter>
<kw name="Dictionary Should Contain Key" owner="Collections">
<msg time="2024-03-21T06:17:32.930271" level="INFO">False</msg>
<arg>${json_data['results'][0]}</arg>
<arg>${key}</arg>
<doc>Fails if ``key`` is not found from ``dictionary``.</doc>
<status status="PASS" start="2024-03-21T06:17:32.929888" elapsed="0.000421"/>
</kw>
<kw name="Log" owner="BuiltIn">
<msg time="2024-03-21T06:17:32.931024" level="INFO">{'gender': 'female', 'name': {'title': 'Miss', 'first': 'Marleen', 'last': 'Bongartz'}, 'location': {'street': {'number': 8418, 'name': 'Wiesenstraße'}, 'city': 'Lehesten', 'state': 'Hessen', 'country': 'Germany', 'postcode': 52044, 'coordinates': {'latitude': '-50.8460', 'longitude': '90.0561'}, 'timezone': {'offset': '+11:00', 'description': 'Magadan, Solomon Islands, New Caledonia'}}, 'email': 'marleen.bongartz@example.com', 'login': {'uuid': 'b10fdf76-759d-4efc-a164-8704174ddf15', 'username': 'crazylion545', 'password': 'ghost', 'salt': 'tM269Xye', 'md5': '4ce884ea30b7c5490ac94298950db8cf', 'sha1': '2bd50a7531aa989c31d7b7396c53eaeec175161c', 'sha256': '9bfa871f21cfadcb880766f7a76db29dfe1e95f5e97c0375eff5b5712bc51180'}, 'dob': {'date': '1946-09-11T09:56:21.602Z', 'age': 77}, 'registered': {'date': '2007-12-06T19:29:38.368Z', 'age': 16}, 'phone': '0438-8903871', 'cell': '0177-6778275', 'id': {'name': 'SVNR', 'value': '20 110946 B 588'}, 'picture': {'large': 'https://randomuser.me/api/portraits/women/10.jpg', 'medium': 'https://randomuser.me/api/portraits/med/women/10.jpg', 'thumbnail': 'https://randomuser.me/api/portraits/thumb/women/10.jpg'}, 'nat': 'DE'}</msg>
<arg>${json_data['results'][0]}</arg>
<doc>Logs the given message with the given level.</doc>
<status status="PASS" start="2024-03-21T06:17:32.930656" elapsed="0.000418"/>
</kw>
<kw name="Log" owner="BuiltIn">
<msg time="2024-03-21T06:17:32.931494" level="INFO">name</msg>
<arg>${key}</arg>
<doc>Logs the given message with the given level.</doc>
<status status="PASS" start="2024-03-21T06:17:32.931367" elapsed="0.000165"/>
</kw>
<var name="${key}">name</var>
<status status="PASS" start="2024-03-21T06:17:32.929781" elapsed="0.001968"/>
</iter>
<iter>
<kw name="Dictionary Should Contain Key" owner="Collections">
<msg time="2024-03-21T06:17:32.932436" level="INFO">False</msg>
<arg>${json_data['results'][0]}</arg>
<arg>${key}</arg>
<doc>Fails if ``key`` is not found from ``dictionary``.</doc>
<status status="PASS" start="2024-03-21T06:17:32.932041" elapsed="0.000548"/>
</kw>
<kw name="Log" owner="BuiltIn">
<msg time="2024-03-21T06:17:32.933253" level="INFO">{'gender': 'female', 'name': {'title': 'Miss', 'first': 'Marleen', 'last': 'Bongartz'}, 'location': {'street': {'number': 8418, 'name': 'Wiesenstraße'}, 'city': 'Lehesten', 'state': 'Hessen', 'country': 'Germany', 'postcode': 52044, 'coordinates': {'latitude': '-50.8460', 'longitude': '90.0561'}, 'timezone': {'offset': '+11:00', 'description': 'Magadan, Solomon Islands, New Caledonia'}}, 'email': 'marleen.bongartz@example.com', 'login': {'uuid': 'b10fdf76-759d-4efc-a164-8704174ddf15', 'username': 'crazylion545', 'password': 'ghost', 'salt': 'tM269Xye', 'md5': '4ce884ea30b7c5490ac94298950db8cf', 'sha1': '2bd50a7531aa989c31d7b7396c53eaeec175161c', 'sha256': '9bfa871f21cfadcb880766f7a76db29dfe1e95f5e97c0375eff5b5712bc51180'}, 'dob': {'date': '1946-09-11T09:56:21.602Z', 'age': 77}, 'registered': {'date': '2007-12-06T19:29:38.368Z', 'age': 16}, 'phone': '0438-8903871', 'cell': '0177-6778275', 'id': {'name': 'SVNR', 'value': '20 110946 B 588'}, 'picture': {'large': 'https://randomuser.me/api/portraits/women/10.jpg', 'medium': 'https://randomuser.me/api/portraits/med/women/10.jpg', 'thumbnail': 'https://randomuser.me/api/portraits/thumb/women/10.jpg'}, 'nat': 'DE'}</msg>
<arg>${json_data['results'][0]}</arg>
<doc>Logs the given message with the given level.</doc>
<status status="PASS" start="2024-03-21T06:17:32.932887" elapsed="0.000415"/>
</kw>
<kw name="Log" owner="BuiltIn">
<msg time="2024-03-21T06:17:32.933720" level="INFO">location</msg>
<arg>${key}</arg>
<doc>Logs the given message with the given level.</doc>
<status status="PASS" start="2024-03-21T06:17:32.933592" elapsed="0.000166"/>
</kw>
<var name="${key}">location</var>
<status status="PASS" start="2024-03-21T06:17:32.931930" elapsed="0.002045"/>
</iter>
<iter>
<kw name="Dictionary Should Contain Key" owner="Collections">
<msg time="2024-03-21T06:17:32.934662" level="INFO">False</msg>
<arg>${json_data['results'][0]}</arg>
<arg>${key}</arg>
<doc>Fails if ``key`` is not found from ``dictionary``.</doc>
<status status="PASS" start="2024-03-21T06:17:32.934255" elapsed="0.000446"/>
</kw>
<kw name="Log" owner="BuiltIn">
<msg time="2024-03-21T06:17:32.935355" level="INFO">{'gender': 'female', 'name': {'title': 'Miss', 'first': 'Marleen', 'last': 'Bongartz'}, 'location': {'street': {'number': 8418, 'name': 'Wiesenstraße'}, 'city': 'Lehesten', 'state': 'Hessen', 'country': 'Germany', 'postcode': 52044, 'coordinates': {'latitude': '-50.8460', 'longitude': '90.0561'}, 'timezone': {'offset': '+11:00', 'description': 'Magadan, Solomon Islands, New Caledonia'}}, 'email': 'marleen.bongartz@example.com', 'login': {'uuid': 'b10fdf76-759d-4efc-a164-8704174ddf15', 'username': 'crazylion545', 'password': 'ghost', 'salt': 'tM269Xye', 'md5': '4ce884ea30b7c5490ac94298950db8cf', 'sha1': '2bd50a7531aa989c31d7b7396c53eaeec175161c', 'sha256': '9bfa871f21cfadcb880766f7a76db29dfe1e95f5e97c0375eff5b5712bc51180'}, 'dob': {'date': '1946-09-11T09:56:21.602Z', 'age': 77}, 'registered': {'date': '2007-12-06T19:29:38.368Z', 'age': 16}, 'phone': '0438-8903871', 'cell': '0177-6778275', 'id': {'name': 'SVNR', 'value': '20 110946 B 588'}, 'picture': {'large': 'https://randomuser.me/api/portraits/women/10.jpg', 'medium': 'https://randomuser.me/api/portraits/med/women/10.jpg', 'thumbnail': 'https://randomuser.me/api/portraits/thumb/women/10.jpg'}, 'nat': 'DE'}</msg>
<arg>${json_data['results'][0]}</arg>
<doc>Logs the given message with the given level.</doc>
<status status="PASS" start="2024-03-21T06:17:32.934993" elapsed="0.000411"/>
</kw>
<kw name="Log" owner="BuiltIn">
<msg time="2024-03-21T06:17:32.935819" level="INFO">email</msg>
<arg>${key}</arg>
<doc>Logs the given message with the given level.</doc>
<status status="PASS" start="2024-03-21T06:17:32.935694" elapsed="0.000161"/>
</kw>
<var name="${key}">email</var>
<status status="PASS" start="2024-03-21T06:17:32.934152" elapsed="0.001917"/>
</iter>
<iter>
<kw name="Dictionary Should Contain Key" owner="Collections">
<msg time="2024-03-21T06:17:32.936730" level="INFO">False</msg>
<arg>${json_data['results'][0]}</arg>
<arg>${key}</arg>
<doc>Fails if ``key`` is not found from ``dictionary``.</doc>
<status status="PASS" start="2024-03-21T06:17:32.936346" elapsed="0.000423"/>
</kw>
<kw name="Log" owner="BuiltIn">
<msg time="2024-03-21T06:17:32.937430" level="INFO">{'gender': 'female', 'name': {'title': 'Miss', 'first': 'Marleen', 'last': 'Bongartz'}, 'location': {'street': {'number': 8418, 'name': 'Wiesenstraße'}, 'city': 'Lehesten', 'state': 'Hessen', 'country': 'Germany', 'postcode': 52044, 'coordinates': {'latitude': '-50.8460', 'longitude': '90.0561'}, 'timezone': {'offset': '+11:00', 'description': 'Magadan, Solomon Islands, New Caledonia'}}, 'email': 'marleen.bongartz@example.com', 'login': {'uuid': 'b10fdf76-759d-4efc-a164-8704174ddf15', 'username': 'crazylion545', 'password': 'ghost', 'salt': 'tM269Xye', 'md5': '4ce884ea30b7c5490ac94298950db8cf', 'sha1': '2bd50a7531aa989c31d7b7396c53eaeec175161c', 'sha256': '9bfa871f21cfadcb880766f7a76db29dfe1e95f5e97c0375eff5b5712bc51180'}, 'dob': {'date': '1946-09-11T09:56:21.602Z', 'age': 77}, 'registered': {'date': '2007-12-06T19:29:38.368Z', 'age': 16}, 'phone': '0438-8903871', 'cell': '0177-6778275', 'id': {'name': 'SVNR', 'value': '20 110946 B 588'}, 'picture': {'large': 'https://randomuser.me/api/portraits/women/10.jpg', 'medium': 'https://randomuser.me/api/portraits/med/women/10.jpg', 'thumbnail': 'https://randomuser.me/api/portraits/thumb/women/10.jpg'}, 'nat': 'DE'}</msg>
<arg>${json_data['results'][0]}</arg>
<doc>Logs the given message with the given level.</doc>
<status status="PASS" start="2024-03-21T06:17:32.937064" elapsed="0.000415"/>
</kw>
<kw name="Log" owner="BuiltIn">
<msg time="2024-03-21T06:17:32.937901" level="INFO">login</msg>
<arg>${key}</arg>
<doc>Logs the given message with the given level.</doc>
<status status="PASS" start="2024-03-21T06:17:32.937773" elapsed="0.000199"/>
</kw>
<var name="${key}">login</var>
<status status="PASS" start="2024-03-21T06:17:32.936244" elapsed="0.001957"/>
</iter>
<var>${key}</var>
<value>@{expected_keys}</value>
<status status="PASS" start="2024-03-21T06:17:32.927432" elapsed="0.010894"/>
</for>
<kw name="Create List" owner="BuiltIn">
<msg time="2024-03-21T06:17:32.938680" level="INFO">${expected_keysTwo} = ['username', 'password']</msg>
<var>${expected_keysTwo}</var>
<arg>username</arg>
<arg>password</arg>
<doc>Returns a list containing given items.</doc>
<status status="PASS" start="2024-03-21T06:17:32.938510" elapsed="0.000195"/>
</kw>
<for flavor="IN">
<iter>
<kw name="Dictionary Should Contain Key" owner="Collections">
<msg time="2024-03-21T06:17:32.939586" level="INFO">False</msg>
<arg>${json_data['results'][0]['login']}</arg>
<arg>${keyTwo}</arg>
<doc>Fails if ``key`` is not found from ``dictionary``.</doc>
<status status="PASS" start="2024-03-21T06:17:32.939202" elapsed="0.000422"/>
</kw>
<kw name="Dictionary Should Contain Key" owner="Collections">
<msg time="2024-03-21T06:17:32.940291" level="INFO">False</msg>
<arg>${json_data['results'][0]['login']}</arg>
<arg>${keyTwo}</arg>
<doc>Fails if ``key`` is not found from ``dictionary``.</doc>
<status status="PASS" start="2024-03-21T06:17:32.939915" elapsed="0.000414"/>
</kw>
<kw name="Log" owner="BuiltIn">
<msg time="2024-03-21T06:17:32.940756" level="INFO">username</msg>
<arg>${keyTwo}</arg>
<doc>Logs the given message with the given level.</doc>
<status status="PASS" start="2024-03-21T06:17:32.940626" elapsed="0.000169"/>
</kw>
<var name="${keyTwo}">username</var>
<status status="PASS" start="2024-03-21T06:17:32.939101" elapsed="0.001917"/>
</iter>
<iter>
<kw name="Dictionary Should Contain Key" owner="Collections">
<msg time="2024-03-21T06:17:32.941685" level="INFO">False</msg>
<arg>${json_data['results'][0]['login']}</arg>
<arg>${keyTwo}</arg>
<doc>Fails if ``key`` is not found from ``dictionary``.</doc>
<status status="PASS" start="2024-03-21T06:17:32.941297" elapsed="0.000426"/>
</kw>
<kw name="Dictionary Should Contain Key" owner="Collections">
<msg time="2024-03-21T06:17:32.942398" level="INFO">False</msg>
<arg>${json_data['results'][0]['login']}</arg>
<arg>${keyTwo}</arg>
<doc>Fails if ``key`` is not found from ``dictionary``.</doc>
<status status="PASS" start="2024-03-21T06:17:32.942018" elapsed="0.000417"/>
</kw>
<kw name="Log" owner="BuiltIn">
<msg time="2024-03-21T06:17:32.942872" level="INFO">password</msg>
<arg>${keyTwo}</arg>
<doc>Logs the given message with the given level.</doc>
<status status="PASS" start="2024-03-21T06:17:32.942743" elapsed="0.000167"/>
</kw>
<var name="${keyTwo}">password</var>
<status status="PASS" start="2024-03-21T06:17:32.941195" elapsed="0.001933"/>
</iter>
<var>${keyTwo}</var>
<value>@{expected_keysTwo}</value>
<status status="PASS" start="2024-03-21T06:17:32.938950" elapsed="0.004302"/>
</for>
<status status="PASS" start="2024-03-21T06:17:32.897373" elapsed="0.046018"/>
</kw>
<doc>Testa a estrutura da resposta da API.</doc>
<tag>testeEstruturaResposta</tag>
<status status="PASS" start="2024-03-21T06:17:32.896714" elapsed="0.046829"/>
</test>
<test id="s1-s1-t4" name="Validar tipos de dados" line="39">
<kw name="Teste de Tipos de Dados">
<kw name="GET On Session" owner="RequestsLibrary">
<msg time="2024-03-21T06:17:33.023749" level="INFO">GET Request : url=https://randomuser.me/api 
 path_url=/api 
 headers={'User-Agent': 'python-requests/2.31.0', 'Accept-Encoding': 'gzip, deflate', 'Accept': '*/*', 'Connection': 'keep-alive'} 
 body=None 
 </msg>
<msg time="2024-03-21T06:17:33.023831" level="INFO">GET Response : url=https://randomuser.me/api 
 status=200, reason=OK 
 headers={'Date': 'Thu, 21 Mar 2024 06:17:33 GMT', 'Content-Type': 'application/json; charset=utf-8', 'Transfer-Encoding': 'chunked', 'Connection': 'keep-alive', 'X-Powered-By': 'Express', 'Access-Control-Allow-Origin': '*', 'Cache-Control': 'no-cache', 'ETag': 'W/"48e-G+ktz+iLMuUeOCR5E2/eAZkt/qM"', 'Vary': 'Accept-Encoding', 'Content-Encoding': 'gzip', 'CF-Cache-Status': 'DYNAMIC', 'Report-To': '{"endpoints":[{"url":"https:\\/\\/a.nel.cloudflare.com\\/report\\/v4?s=q1umYuW33VopOOGavyMpkHG237069RCjSf%2F1Z1eYCNILaDIHQFXCT85V72SEhApyeBirBt3YsVQpUdUnKZTto5vlAgTnN9qc1byHb8i7VcGW8VmXj%2Fz%2BwSIByXCIv1FF"}],"group":"cf-nel","max_age":604800}', 'NEL': '{"success_fraction":0,"report_to":"cf-nel","max_age":604800}', 'Server': 'cloudflare', 'CF-RAY': '867bd1ccef52084d-IAD', 'alt-svc': 'h3=":443"; ma=86400'} 
 body={"results":[{"gender":"male","name":{"title":"Mr","first":"Dobrolyub","last":"Gurskiy"},"location":{"street":{"number":6641,"name":"Lisnicha"},"city":"Harcizk","state":"Zakarpatska","country":"Ukraine","postcode":21602,"coordinates":{"latitude":"73.9604","longitude":"-126.9401"},"timezone":{"offset":"+9:00","description":"Tokyo, Seoul, Osaka, Sapporo, Yakutsk"}},"email":"dobrolyub.gurskiy@example.com","login":{"uuid":"53ea8e42-c563-44e0-ae6a-bd285634dd9b","username":"greenostrich747","password":"teenie","salt":"Xwzmq6bk","md5":"34991cd2b38f14ec8cf3e76a2fd43556","sha1":"163f98287d4b515c3966edecbe127e493ce31b09","sha256":"6573a3374ee0d9207964b000f09a11873e06c1bcbf15e47232492a969e6b6fbe"},"dob":{"date":"1993-02-13T00:21:38.185Z","age":31},"registered":{"date":"2005-06-13T21:36:33.700Z","age":18},"phone":"(068) K22-8857","cell":"(096) X27-5611","id":{"name":"","value":null},"picture":{"large":"https://randomuser.me/api/portraits/men/54.jpg","medium":"https://randomuser.me/api/portraits/med/men/54.jpg","thumbnail":"https://randomuser.me/api/portraits/thumb/men/54.jpg"},"nat":"UA"}],"info":{"seed":"b81f18abe7b04131","results":1,"page":1,"version":"1.4"}} 
 </msg>
<msg time="2024-03-21T06:17:33.023895" level="INFO">/opt/hostedtoolcache/Python/3.12.2/x64/lib/python3.12/site-packages/urllib3/connectionpool.py:1103: InsecureRequestWarning: Unverified HTTPS request is being made to host 'randomuser.me'. Adding certificate verification is strongly advised. See: https://urllib3.readthedocs.io/en/latest/advanced-usage.html#tls-warnings
  warnings.warn(</msg>
<msg time="2024-03-21T06:17:33.023993" level="INFO">${response} = &lt;Response [200]&gt;</msg>
<var>${response}</var>
<arg>consultarAPI</arg>
<arg>/api</arg>
<doc>Sends a GET request on a previously created HTTP Session.</doc>
<status status="PASS" start="2024-03-21T06:17:32.946080" elapsed="0.077954"/>
</kw>
<kw name="Set Variable" owner="BuiltIn">
<msg time="2024-03-21T06:17:33.025277" level="INFO">${json_data} = {'results': [{'gender': 'male', 'name': {'title': 'Mr', 'first': 'Dobrolyub', 'last': 'Gurskiy'}, 'location': {'street': {'number': 6641, 'name': 'Lisnicha'}, 'city': 'Harcizk', 'state': 'Zakarpatska'...</msg>
<var>${json_data}</var>
<arg>${response.json()}</arg>
<doc>Returns the given values which can then be assigned to a variables.</doc>
<status status="PASS" start="2024-03-21T06:17:33.024594" elapsed="0.000713"/>
</kw>
<kw name="Log" owner="BuiltIn">
<msg time="2024-03-21T06:17:33.025771" level="INFO">{'results': [{'gender': 'male', 'name': {'title': 'Mr', 'first': 'Dobrolyub', 'last': 'Gurskiy'}, 'location': {'street': {'number': 6641, 'name': 'Lisnicha'}, 'city': 'Harcizk', 'state': 'Zakarpatska', 'country': 'Ukraine', 'postcode': 21602, 'coordinates': {'latitude': '73.9604', 'longitude': '-126.9401'}, 'timezone': {'offset': '+9:00', 'description': 'Tokyo, Seoul, Osaka, Sapporo, Yakutsk'}}, 'email': 'dobrolyub.gurskiy@example.com', 'login': {'uuid': '53ea8e42-c563-44e0-ae6a-bd285634dd9b', 'username': 'greenostrich747', 'password': 'teenie', 'salt': 'Xwzmq6bk', 'md5': '34991cd2b38f14ec8cf3e76a2fd43556', 'sha1': '163f98287d4b515c3966edecbe127e493ce31b09', 'sha256': '6573a3374ee0d9207964b000f09a11873e06c1bcbf15e47232492a969e6b6fbe'}, 'dob': {'date': '1993-02-13T00:21:38.185Z', 'age': 31}, 'registered': {'date': '2005-06-13T21:36:33.700Z', 'age': 18}, 'phone': '(068) K22-8857', 'cell': '(096) X27-5611', 'id': {'name': '', 'value': None}, 'picture': {'large': 'https://randomuser.me/api/portraits/men/54.jpg', 'medium': 'https://randomuser.me/api/portraits/med/men/54.jpg', 'thumbnail': 'https://randomuser.me/api/portraits/thumb/men/54.jpg'}, 'nat': 'UA'}], 'info': {'seed': 'b81f18abe7b04131', 'results': 1, 'page': 1, 'version': '1.4'}}</msg>
<arg>${json_data}</arg>
<doc>Logs the given message with the given level.</doc>
<status status="PASS" start="2024-03-21T06:17:33.025617" elapsed="0.000236"/>
</kw>
<kw name="Should Be String" owner="String">
<arg>${json_data['results'][0]['gender']}</arg>
<doc>Fails if the given ``item`` is not a string.</doc>
<status status="PASS" start="2024-03-21T06:17:33.026149" elapsed="0.000359"/>
</kw>
<kw name="Should Match Regexp" owner="BuiltIn">
<arg>${json_data['results'][0]['email']}</arg>
<arg>^[a-zA-Z0-9._%+-]+@[a-zA-Z0-9.-]+\.[a-zA-Z]{2,}$</arg>
<doc>Fails if ``string`` does not match ``pattern`` as a regular expression.</doc>
<status status="PASS" start="2024-03-21T06:17:33.026742" elapsed="0.000656"/>
</kw>
<kw name="Should Match Regexp" owner="BuiltIn">
<arg>${json_data['results'][0]['dob']['date']}</arg>
<arg>\\d{4}-\\d{2}-\\d{2}T\\d{2}:\\d{2}:\\d{2}\\.\\d{3}Z</arg>
<doc>Fails if ``string`` does not match ``pattern`` as a regular expression.</doc>
<status status="PASS" start="2024-03-21T06:17:33.027593" elapsed="0.000491"/>
</kw>
<kw name="Should Match Regexp" owner="BuiltIn">
<arg>${json_data['results'][0]['registered']['date']}</arg>
<arg>\\d{4}-\\d{2}-\\d{2}T\\d{2}:\\d{2}:\\d{2}\\.\\d{3}Z</arg>
<doc>Fails if ``string`` does not match ``pattern`` as a regular expression.</doc>
<status status="PASS" start="2024-03-21T06:17:33.028274" elapsed="0.000372"/>
</kw>
<kw name="Should Match Regexp" owner="BuiltIn">
<arg>${json_data['results'][0]['picture']['large']}</arg>
<arg>^https?://.*\.(?:png|jpe?g|gif|bmp)$</arg>
<doc>Fails if ``string`` does not match ``pattern`` as a regular expression.</doc>
<status status="PASS" start="2024-03-21T06:17:33.028829" elapsed="0.000462"/>
</kw>
<kw name="Should Match Regexp" owner="BuiltIn">
<arg>${json_data['results'][0]['picture']['medium']}</arg>
<arg>^https?://.*\.(?:png|jpe?g|gif|bmp)$</arg>
<doc>Fails if ``string`` does not match ``pattern`` as a regular expression.</doc>
<status status="PASS" start="2024-03-21T06:17:33.029477" elapsed="0.000355"/>
</kw>
<kw name="Should Match Regexp" owner="BuiltIn">
<arg>${json_data['results'][0]['picture']['thumbnail']}</arg>
<arg>^https?://.*\.(?:png|jpe?g|gif|bmp)$</arg>
<doc>Fails if ``string`` does not match ``pattern`` as a regular expression.</doc>
<status status="PASS" start="2024-03-21T06:17:33.030012" elapsed="0.000352"/>
</kw>
<kw name="Log" owner="BuiltIn">
<msg time="2024-03-21T06:17:33.030898" level="INFO">{'large': 'https://randomuser.me/api/portraits/men/54.jpg', 'medium': 'https://randomuser.me/api/portraits/med/men/54.jpg', 'thumbnail': 'https://randomuser.me/api/portraits/thumb/men/54.jpg'}</msg>
<arg>${json_data['results'][0]['picture']}</arg>
<doc>Logs the given message with the given level.</doc>
<status status="PASS" start="2024-03-21T06:17:33.030541" elapsed="0.000401"/>
</kw>
<status status="PASS" start="2024-03-21T06:17:32.945862" elapsed="0.085355"/>
</kw>
<kw name="Teste de Tipos de Dados - Postcode">
<kw name="GET On Session" owner="RequestsLibrary">
<msg time="2024-03-21T06:17:33.125742" level="INFO">GET Request : url=https://randomuser.me/api 
 path_url=/api 
 headers={'User-Agent': 'python-requests/2.31.0', 'Accept-Encoding': 'gzip, deflate', 'Accept': '*/*', 'Connection': 'keep-alive'} 
 body=None 
 </msg>
<msg time="2024-03-21T06:17:33.125828" level="INFO">GET Response : url=https://randomuser.me/api 
 status=200, reason=OK 
 headers={'Date': 'Thu, 21 Mar 2024 06:17:33 GMT', 'Content-Type': 'application/json; charset=utf-8', 'Transfer-Encoding': 'chunked', 'Connection': 'keep-alive', 'X-Powered-By': 'Express', 'Access-Control-Allow-Origin': '*', 'Cache-Control': 'no-cache', 'ETag': 'W/"49a-9hjCuS6GrYCMZ/ejloeTBoO4oR0"', 'Vary': 'Accept-Encoding', 'Content-Encoding': 'gzip', 'CF-Cache-Status': 'DYNAMIC', 'Report-To': '{"endpoints":[{"url":"https:\\/\\/a.nel.cloudflare.com\\/report\\/v4?s=SkDum0Y2O68deYi3IMUll4RbUamn0wt4y5w37hZMXkCpcAoiBDUwA%2BUc5cFi6C5oMnLE6kHDY6azDy5NDXDpZdFJbl7x1zY3s%2FFUVPdz4PkcaPKrOfW1gmNDMoD9QE3N"}],"group":"cf-nel","max_age":604800}', 'NEL': '{"success_fraction":0,"report_to":"cf-nel","max_age":604800}', 'Server': 'cloudflare', 'CF-RAY': '867bd1cd7fca084d-IAD', 'alt-svc': 'h3=":443"; ma=86400'} 
 body={"results":[{"gender":"female","name":{"title":"Mademoiselle","first":"Laetitia","last":"Blanchard"},"location":{"street":{"number":1396,"name":"Rue Laure-Diebold"},"city":"Trin","state":"Fribourg","country":"Switzerland","postcode":3228,"coordinates":{"latitude":"-57.1757","longitude":"49.4975"},"timezone":{"offset":"+5:45","description":"Kathmandu"}},"email":"laetitia.blanchard@example.com","login":{"uuid":"81bb2ed3-1dfa-4e31-a782-89ce473ad91a","username":"blackleopard647","password":"lambert","salt":"10M4oexE","md5":"6007a8b9910dddb90748341d4e389c55","sha1":"385366ade8e32720a85d918a7d54dc5c44616086","sha256":"af9e209e7e66415e1e255b12b39b6a3fa439ca50a6066b0b4605ee47f03df758"},"dob":{"date":"1987-12-15T16:58:14.401Z","age":36},"registered":{"date":"2020-11-02T16:32:20.191Z","age":3},"phone":"078 850 64 88","cell":"078 486 20 89","id":{"name":"AVS","value":"756.1295.6210.44"},"picture":{"large":"https://randomuser.me/api/portraits/women/26.jpg","medium":"https://randomuser.me/api/portraits/med/women/26.jpg","thumbnail":"https://randomuser.me/api/portraits/thumb/women/26.jpg"},"nat":"CH"}],"info":{"seed":"542bac08780d637e","results":1,"page":1,"version":"1.4"}} 
 </msg>
<msg time="2024-03-21T06:17:33.125904" level="INFO">/opt/hostedtoolcache/Python/3.12.2/x64/lib/python3.12/site-packages/urllib3/connectionpool.py:1103: InsecureRequestWarning: Unverified HTTPS request is being made to host 'randomuser.me'. Adding certificate verification is strongly advised. See: https://urllib3.readthedocs.io/en/latest/advanced-usage.html#tls-warnings
  warnings.warn(</msg>
<msg time="2024-03-21T06:17:33.126019" level="INFO">${response} = &lt;Response [200]&gt;</msg>
<var>${response}</var>
<arg>consultarAPI</arg>
<arg>/api</arg>
<doc>Sends a GET request on a previously created HTTP Session.</doc>
<status status="PASS" start="2024-03-21T06:17:33.031648" elapsed="0.094409"/>
</kw>
<kw name="Set Variable" owner="BuiltIn">
<msg time="2024-03-21T06:17:33.127374" level="INFO">${json_data} = {'results': [{'gender': 'female', 'name': {'title': 'Mademoiselle', 'first': 'Laetitia', 'last': 'Blanchard'}, 'location': {'street': {'number': 1396, 'name': 'Rue Laure-Diebold'}, 'city': 'Trin', 'st...</msg>
<var>${json_data}</var>
<arg>${response.json()}</arg>
<doc>Returns the given values which can then be assigned to a variables.</doc>
<status status="PASS" start="2024-03-21T06:17:33.126627" elapsed="0.000776"/>
</kw>
<kw name="Log" owner="BuiltIn">
<msg time="2024-03-21T06:17:33.127861" level="INFO">{'results': [{'gender': 'female', 'name': {'title': 'Mademoiselle', 'first': 'Laetitia', 'last': 'Blanchard'}, 'location': {'street': {'number': 1396, 'name': 'Rue Laure-Diebold'}, 'city': 'Trin', 'state': 'Fribourg', 'country': 'Switzerland', 'postcode': 3228, 'coordinates': {'latitude': '-57.1757', 'longitude': '49.4975'}, 'timezone': {'offset': '+5:45', 'description': 'Kathmandu'}}, 'email': 'laetitia.blanchard@example.com', 'login': {'uuid': '81bb2ed3-1dfa-4e31-a782-89ce473ad91a', 'username': 'blackleopard647', 'password': 'lambert', 'salt': '10M4oexE', 'md5': '6007a8b9910dddb90748341d4e389c55', 'sha1': '385366ade8e32720a85d918a7d54dc5c44616086', 'sha256': 'af9e209e7e66415e1e255b12b39b6a3fa439ca50a6066b0b4605ee47f03df758'}, 'dob': {'date': '1987-12-15T16:58:14.401Z', 'age': 36}, 'registered': {'date': '2020-11-02T16:32:20.191Z', 'age': 3}, 'phone': '078 850 64 88', 'cell': '078 486 20 89', 'id': {'name': 'AVS', 'value': '756.1295.6210.44'}, 'picture': {'large': 'https://randomuser.me/api/portraits/women/26.jpg', 'medium': 'https://randomuser.me/api/portraits/med/women/26.jpg', 'thumbnail': 'https://randomuser.me/api/portraits/thumb/women/26.jpg'}, 'nat': 'CH'}], 'info': {'seed': '542bac08780d637e', 'results': 1, 'page': 1, 'version': '1.4'}}</msg>
<arg>${json_data}</arg>
<doc>Logs the given message with the given level.</doc>
<status status="PASS" start="2024-03-21T06:17:33.127706" elapsed="0.000236"/>
</kw>
<kw name="Should Be Equal As Numbers" owner="BuiltIn">
<arg>${json_data['results'][0]['location']['postcode']}</arg>
<arg>${json_data['results'][0]['location']['postcode']}</arg>
<doc>Fails if objects are unequal after converting them to real numbers.</doc>
<status status="PASS" start="2024-03-21T06:17:33.128245" elapsed="0.000624"/>
</kw>
<kw name="Log" owner="BuiltIn">
<msg time="2024-03-21T06:17:33.129412" level="INFO">3228</msg>
<arg>${json_data['results'][0]['location']['postcode']}</arg>
<doc>Logs the given message with the given level.</doc>
<status status="PASS" start="2024-03-21T06:17:33.129061" elapsed="0.000392"/>
</kw>
<status status="PASS" start="2024-03-21T06:17:33.031431" elapsed="0.098279"/>
</kw>
<doc>Testa se os tipos de dados na resposta da API estão corretos.</doc>
<tag>testeTiposDados</tag>
<status status="PASS" start="2024-03-21T06:17:32.945289" elapsed="0.184589"/>
</test>
<test id="s1-s1-t5" name="Validar conteudo" line="46">
<kw name="Teste de Tipos de Conteudo">
<kw name="GET On Session" owner="RequestsLibrary">
<msg time="2024-03-21T06:17:33.228297" level="INFO">GET Request : url=https://randomuser.me/api 
 path_url=/api 
 headers={'User-Agent': 'python-requests/2.31.0', 'Accept-Encoding': 'gzip, deflate', 'Accept': '*/*', 'Connection': 'keep-alive'} 
 body=None 
 </msg>
<msg time="2024-03-21T06:17:33.228388" level="INFO">GET Response : url=https://randomuser.me/api 
 status=200, reason=OK 
 headers={'Date': 'Thu, 21 Mar 2024 06:17:33 GMT', 'Content-Type': 'application/json; charset=utf-8', 'Transfer-Encoding': 'chunked', 'Connection': 'keep-alive', 'X-Powered-By': 'Express', 'Access-Control-Allow-Origin': '*', 'Cache-Control': 'no-cache', 'ETag': 'W/"483-wiXbn0wWWQJFAnNX6nu3rAHJaII"', 'Vary': 'Accept-Encoding', 'Content-Encoding': 'gzip', 'CF-Cache-Status': 'DYNAMIC', 'Report-To': '{"endpoints":[{"url":"https:\\/\\/a.nel.cloudflare.com\\/report\\/v4?s=6Lm510Io5Cj5BvlMkCII8Xn%2FwymXXwIEZzS8iCTFdBFwYbSIGD%2BkM5UHnNPSiyEYDyTXzKzwS%2BC%2BVSgnJAB%2FkKdCr1RF5yd%2BdmsZa4KlbF%2BFRn55%2Bii0BQ4hkjMU%2Bxys"}],"group":"cf-nel","max_age":604800}', 'NEL': '{"success_fraction":0,"report_to":"cf-nel","max_age":604800}', 'Server': 'cloudflare', 'CF-RAY': '867bd1ce1843084d-IAD', 'alt-svc': 'h3=":443"; ma=86400'} 
 body={"results":[{"gender":"female","name":{"title":"Ms","first":"Soledad","last":"Caballero"},"location":{"street":{"number":8489,"name":"Avenida de América"},"city":"Alcalá de Henares","state":"Ceuta","country":"Spain","postcode":33550,"coordinates":{"latitude":"-35.4273","longitude":"142.4609"},"timezone":{"offset":"+3:30","description":"Tehran"}},"email":"soledad.caballero@example.com","login":{"uuid":"e1e9d006-49d7-4cb9-a83b-2d5af54b7434","username":"sadcat839","password":"collin","salt":"LZBXRMPG","md5":"4cab52a7b7f24a8269d7c44cec6ac5de","sha1":"dadb1cb66ffb95f474b119b8e57a1a43a4ec77f8","sha256":"be6c092edaacb38b5630f77b436b199d320ddb66626acfa5e9488b97e217cf6d"},"dob":{"date":"1962-10-01T06:46:57.200Z","age":61},"registered":{"date":"2015-09-26T08:12:04.089Z","age":8},"phone":"932-742-229","cell":"653-665-484","id":{"name":"DNI","value":"85181045-F"},"picture":{"large":"https://randomuser.me/api/portraits/women/96.jpg","medium":"https://randomuser.me/api/portraits/med/women/96.jpg","thumbnail":"https://randomuser.me/api/portraits/thumb/women/96.jpg"},"nat":"ES"}],"info":{"seed":"c11f6db140b2f3a8","results":1,"page":1,"version":"1.4"}} 
 </msg>
<msg time="2024-03-21T06:17:33.228459" level="INFO">/opt/hostedtoolcache/Python/3.12.2/x64/lib/python3.12/site-packages/urllib3/connectionpool.py:1103: InsecureRequestWarning: Unverified HTTPS request is being made to host 'randomuser.me'. Adding certificate verification is strongly advised. See: https://urllib3.readthedocs.io/en/latest/advanced-usage.html#tls-warnings
  warnings.warn(</msg>
<msg time="2024-03-21T06:17:33.228567" level="INFO">${response} = &lt;Response [200]&gt;</msg>
<var>${response}</var>
<arg>consultarAPI</arg>
<arg>/api</arg>
<doc>Sends a GET request on a previously created HTTP Session.</doc>
<status status="PASS" start="2024-03-21T06:17:33.132393" elapsed="0.096213"/>
</kw>
<kw name="Set Variable" owner="BuiltIn">
<msg time="2024-03-21T06:17:33.229594" level="INFO">${json_data} = {'results': [{'gender': 'female', 'name': {'title': 'Ms', 'first': 'Soledad', 'last': 'Caballero'}, 'location': {'street': {'number': 8489, 'name': 'Avenida de América'}, 'city': 'Alcalá de Henares', ...</msg>
<var>${json_data}</var>
<arg>${response.json()}</arg>
<doc>Returns the given values which can then be assigned to a variables.</doc>
<status status="PASS" start="2024-03-21T06:17:33.229082" elapsed="0.000540"/>
</kw>
<kw name="Set Variable" owner="BuiltIn">
<msg time="2024-03-21T06:17:33.230308" level="INFO">${name_title} = Ms</msg>
<var>${name_title}</var>
<arg>${json_data["results"][0]["name"]["title"]}</arg>
<doc>Returns the given values which can then be assigned to a variables.</doc>
<status status="PASS" start="2024-03-21T06:17:33.229921" elapsed="0.000412"/>
</kw>
<kw name="Create List" owner="BuiltIn">
<msg time="2024-03-21T06:17:33.230815" level="INFO">${allowed_titles} = ['Mr', 'Ms', 'Miss', 'Mrs', 'Madame', 'Monsieur']</msg>
<var>${allowed_titles}</var>
<arg>Mr</arg>
<arg>Ms</arg>
<arg>Miss</arg>
<arg>Mrs</arg>
<arg>Madame</arg>
<arg>Monsieur</arg>
<doc>Returns a list containing given items.</doc>
<status status="PASS" start="2024-03-21T06:17:33.230657" elapsed="0.000183"/>
</kw>
<kw name="List Should Contain Value" owner="Collections">
<msg time="2024-03-21T06:17:33.231301" level="INFO">False</msg>
<arg>${allowed_titles}</arg>
<arg>${name_title}</arg>
<doc>Fails if the ``value`` is not found from ``list``.</doc>
<status status="PASS" start="2024-03-21T06:17:33.231130" elapsed="0.000207"/>
</kw>
<kw name="Set Variable" owner="BuiltIn">
<msg time="2024-03-21T06:17:33.231995" level="INFO">${name_country} = ES</msg>
<var>${name_country}</var>
<arg>${json_data["results"][0]["nat"]}</arg>
<doc>Returns the given values which can then be assigned to a variables.</doc>
<status status="PASS" start="2024-03-21T06:17:33.231623" elapsed="0.000397"/>
</kw>
<kw name="Create List" owner="BuiltIn">
<msg time="2024-03-21T06:17:33.232910" level="INFO">${list_country} = ['AD', 'AE', 'AF', 'AG', 'AI', 'AL', 'AM', 'AO', 'AQ', 'AR', 'AS', 'AT', 'AU', 'AW', 'AX', 'AZ', 'BA', 'BB', 'BD', 'BE', 'BF', 'BG', 'BH', 'BI', 'BJ', 'BL', 'BM', 'BN', 'BO', 'BQ', 'BR', 'BS', 'BT', '...</msg>
<var>${list_country}</var>
<arg>AD</arg>
<arg>AE</arg>
<arg>AF</arg>
<arg>AG</arg>
<arg>AI</arg>
<arg>AL</arg>
<arg>AM</arg>
<arg>AO</arg>
<arg>AQ</arg>
<arg>AR</arg>
<arg>AS</arg>
<arg>AT</arg>
<arg>AU</arg>
<arg>AW</arg>
<arg>AX</arg>
<arg>AZ</arg>
<arg>BA</arg>
<arg>BB</arg>
<arg>BD</arg>
<arg>BE</arg>
<arg>BF</arg>
<arg>BG</arg>
<arg>BH</arg>
<arg>BI</arg>
<arg>BJ</arg>
<arg>BL</arg>
<arg>BM</arg>
<arg>BN</arg>
<arg>BO</arg>
<arg>BQ</arg>
<arg>BR</arg>
<arg>BS</arg>
<arg>BT</arg>
<arg>BV</arg>
<arg>BW</arg>
<arg>BY</arg>
<arg>BZ</arg>
<arg>CA</arg>
<arg>CC</arg>
<arg>CD</arg>
<arg>CF</arg>
<arg>CG</arg>
<arg>CH</arg>
<arg>CI</arg>
<arg>CK</arg>
<arg>CL</arg>
<arg>CM</arg>
<arg>CN</arg>
<arg>CO</arg>
<arg>CR</arg>
<arg>CU</arg>
<arg>CV</arg>
<arg>CW</arg>
<arg>CX</arg>
<arg>CY</arg>
<arg>CZ</arg>
<arg>DE</arg>
<arg>DJ</arg>
<arg>DK</arg>
<arg>DM</arg>
<arg>DO</arg>
<arg>DZ</arg>
<arg>EC</arg>
<arg>EE</arg>
<arg>EG</arg>
<arg>EH</arg>
<arg>ER</arg>
<arg>ES</arg>
<arg>ET</arg>
<arg>FI</arg>
<arg>FJ</arg>
<arg>FK</arg>
<arg>FM</arg>
<arg>FO</arg>
<arg>FR</arg>
<arg>GA</arg>
<arg>GB</arg>
<arg>GD</arg>
<arg>GE</arg>
<arg>GF</arg>
<arg>GG</arg>
<arg>GH</arg>
<arg>GI</arg>
<arg>GL</arg>
<arg>GM</arg>
<arg>GN</arg>
<arg>GP</arg>
<arg>GQ</arg>
<arg>GR</arg>
<arg>GS</arg>
<arg>GT</arg>
<arg>GU</arg>
<arg>GW</arg>
<arg>GY</arg>
<arg>HK</arg>
<arg>HM</arg>
<arg>HN</arg>
<arg>HR</arg>
<arg>HT</arg>
<arg>HU</arg>
<arg>ID</arg>
<arg>IE</arg>
<arg>IL</arg>
<arg>IM</arg>
<arg>IN</arg>
<arg>IO</arg>
<arg>IQ</arg>
<arg>IR</arg>
<arg>IS</arg>
<arg>IT</arg>
<arg>JE</arg>
<arg>JM</arg>
<arg>JO</arg>
<arg>JP</arg>
<arg>KE</arg>
<arg>KG</arg>
<arg>KH</arg>
<arg>KI</arg>
<arg>KM</arg>
<arg>KN</arg>
<arg>KP</arg>
<arg>KR</arg>
<arg>KW</arg>
<arg>KY</arg>
<arg>KZ</arg>
<arg>LA</arg>
<arg>LB</arg>
<arg>LC</arg>
<arg>LI</arg>
<arg>LK</arg>
<arg>LR</arg>
<arg>LS</arg>
<arg>LT</arg>
<arg>LU</arg>
<arg>LV</arg>
<arg>LY</arg>
<arg>MA</arg>
<arg>MC</arg>
<arg>MD</arg>
<arg>ME</arg>
<arg>MF</arg>
<arg>MG</arg>
<arg>MH</arg>
<arg>MK</arg>
<arg>ML</arg>
<arg>MM</arg>
<arg>MN</arg>
<arg>MO</arg>
<arg>MP</arg>
<arg>MQ</arg>
<arg>MR</arg>
<arg>MS</arg>
<arg>MT</arg>
<arg>MU</arg>
<arg>MV</arg>
<arg>MW</arg>
<arg>MX</arg>
<arg>MY</arg>
<arg>MZ</arg>
<arg>NA</arg>
<arg>NC</arg>
<arg>NE</arg>
<arg>NF</arg>
<arg>NG</arg>
<arg>NI</arg>
<arg>NL</arg>
<arg>NO</arg>
<arg>NP</arg>
<arg>NR</arg>
<arg>NU</arg>
<arg>NZ</arg>
<arg>OM</arg>
<arg>PA</arg>
<arg>PE</arg>
<arg>PF</arg>
<arg>PG</arg>
<arg>PH</arg>
<arg>PK</arg>
<arg>PL</arg>
<arg>PM</arg>
<arg>PN</arg>
<arg>PR</arg>
<arg>PS</arg>
<arg>PT</arg>
<arg>PW</arg>
<arg>PY</arg>
<arg>QA</arg>
<arg>RE</arg>
<arg>RO</arg>
<arg>RS</arg>
<arg>RU</arg>
<arg>RW</arg>
<arg>SA</arg>
<arg>SB</arg>
<arg>SC</arg>
<arg>SD</arg>
<arg>SE</arg>
<arg>SG</arg>
<arg>SH</arg>
<arg>SI</arg>
<arg>SJ</arg>
<arg>SK</arg>
<arg>SL</arg>
<arg>SM</arg>
<arg>SN</arg>
<arg>SO</arg>
<arg>SR</arg>
<arg>SS</arg>
<arg>ST</arg>
<arg>SV</arg>
<arg>SX</arg>
<arg>SY</arg>
<arg>SZ</arg>
<arg>TC</arg>
<arg>TD</arg>
<arg>TF</arg>
<arg>TG</arg>
<arg>TH</arg>
<arg>TJ</arg>
<arg>TK</arg>
<arg>TL</arg>
<arg>TM</arg>
<arg>TN</arg>
<arg>TO</arg>
<arg>TR</arg>
<arg>TT</arg>
<arg>TV</arg>
<arg>TW</arg>
<arg>TZ</arg>
<arg>UA</arg>
<arg>UG</arg>
<arg>UM</arg>
<arg>US</arg>
<arg>UY</arg>
<arg>UZ</arg>
<arg>VA</arg>
<arg>VC</arg>
<arg>VE</arg>
<arg>VG</arg>
<arg>VI</arg>
<arg>VN</arg>
<arg>VU</arg>
<arg>WF</arg>
<arg>WS</arg>
<arg>XK</arg>
<arg>YE</arg>
<arg>YT</arg>
<arg>ZA</arg>
<arg>ZM</arg>
<arg>ZW</arg>
<doc>Returns a list containing given items.</doc>
<status status="PASS" start="2024-03-21T06:17:33.232312" elapsed="0.000623"/>
</kw>
<kw name="List Should Contain Value" owner="Collections">
<msg time="2024-03-21T06:17:33.234117" level="INFO">False</msg>
<arg>${list_country}</arg>
<arg>${name_country}</arg>
<doc>Fails if the ``value`` is not found from ``list``.</doc>
<status status="PASS" start="2024-03-21T06:17:33.233914" elapsed="0.000239"/>
</kw>
<kw name="Run Keyword If" owner="BuiltIn">
<kw name="Should Be True" owner="BuiltIn">
<arg>${True}</arg>
<doc>Fails if the given condition is not true.</doc>
<status status="PASS" start="2024-03-21T06:17:33.235231" elapsed="0.000147"/>
</kw>
<arg>${json_data["results"][0]["location"]["coordinates"]["latitude"]} &gt;= -90 and ${json_data["results"][0]["location"]["coordinates"]["latitude"]} &lt;= 90</arg>
<arg>Should Be True</arg>
<arg>${True}</arg>
<doc>Runs the given keyword with the given arguments, if ``condition`` is true.</doc>
<status status="PASS" start="2024-03-21T06:17:33.234458" elapsed="0.001049"/>
</kw>
<kw name="Run Keyword If" owner="BuiltIn">
<kw name="Should Be True" owner="BuiltIn">
<arg>${True}</arg>
<doc>Fails if the given condition is not true.</doc>
<status status="PASS" start="2024-03-21T06:17:33.236370" elapsed="0.000137"/>
</kw>
<arg>${json_data["results"][0]["location"]["coordinates"]["longitude"]} &gt;= -180 and ${json_data["results"][0]["location"]["coordinates"]["longitude"]} &lt;= 180</arg>
<arg>Should Be True</arg>
<arg>${True}</arg>
<doc>Runs the given keyword with the given arguments, if ``condition`` is true.</doc>
<status status="PASS" start="2024-03-21T06:17:33.235684" elapsed="0.000948"/>
</kw>
<status status="PASS" start="2024-03-21T06:17:33.132179" elapsed="0.104587"/>
</kw>
<doc>Testa o conteúdo específico dos campos retornados pela API.</doc>
<tag>testeConteudo</tag>
<status status="PASS" start="2024-03-21T06:17:33.131660" elapsed="0.105261"/>
</test>
<status status="PASS" start="2024-03-21T06:17:32.283674" elapsed="0.955159"/>
</suite>
<status status="PASS" start="2024-03-21T06:17:32.269760" elapsed="0.974460"/>
</suite>
<statistics>
<total>
<stat pass="5" fail="0" skip="0">All Tests</stat>
</total>
<tag>
<stat pass="1" fail="0" skip="0">testeConteudo</stat>
<stat pass="1" fail="0" skip="0">testeEstruturaResposta</stat>
<stat pass="1" fail="0" skip="0">testeRequisicaoBasica</stat>
<stat pass="1" fail="0" skip="0">testeTiposDados</stat>
</tag>
<suite>
<stat pass="5" fail="0" skip="0" id="s1" name="Tests">Tests</stat>
<stat pass="5" fail="0" skip="0" id="s1-s1" name="Random-User-Test">Tests.Random-User-Test</stat>
</suite>
</statistics>
<errors>
</errors>
</robot>
