<?xml version="1.0" encoding="UTF-8"?>
<robot generator="Robot 7.0 (Python 3.12.3 on linux)" generated="2024-05-24T20:15:34.695974" rpa="false" schemaversion="5">
<suite id="s1" name="Tests" source="/home/runner/work/DesafioQAItauRogerioJordao/DesafioQAItauRogerioJordao/RamdonUser/tests">
<suite id="s1-s1" name="Random-User-Test" source="/home/runner/work/DesafioQAItauRogerioJordao/DesafioQAItauRogerioJordao/RamdonUser/tests/random-user-test.robot">
<test id="s1-s1-t1" name="Conectar" line="13">
<kw name="Conectar API" owner="random-user-service">
<kw name="Create Session" owner="RequestsLibrary">
<msg time="2024-05-24T20:15:35.093075" level="INFO">Creating Session using : alias=consultarAPI, url=https://randomuser.me/, headers={},                     cookies={}, auth=None, timeout=None, proxies=None, verify=False,                     debug=0 </msg>
<arg>consultarAPI</arg>
<arg>${URL}</arg>
<doc>Create Session: create a HTTP session to a server</doc>
<status status="PASS" start="2024-05-24T20:15:35.092872" elapsed="0.000379"/>
</kw>
<status status="PASS" start="2024-05-24T20:15:35.091752" elapsed="0.001860"/>
</kw>
<status status="PASS" start="2024-05-24T20:15:35.091028" elapsed="0.002780"/>
</test>
<test id="s1-s1-t2" name="Validar retorno 200 e JSON Válido" line="16">
<kw name="Teste de Requisicao Basica" owner="random-user-service">
<kw name="GET On Session" owner="RequestsLibrary">
<msg time="2024-05-24T20:15:35.173527" level="INFO">GET Request : url=https://randomuser.me/api 
 path_url=/api 
 headers={'User-Agent': 'python-requests/2.32.2', 'Accept-Encoding': 'gzip, deflate', 'Accept': '*/*', 'Connection': 'keep-alive'} 
 body=None 
 </msg>
<msg time="2024-05-24T20:15:35.173668" level="INFO">GET Response : url=https://randomuser.me/api 
 status=200, reason=OK 
 headers={'Date': 'Fri, 24 May 2024 20:15:35 GMT', 'Content-Type': 'application/json; charset=utf-8', 'Transfer-Encoding': 'chunked', 'Connection': 'keep-alive', 'X-Powered-By': 'Express', 'Access-Control-Allow-Origin': '*', 'Cache-Control': 'no-cache', 'ETag': 'W/"475-G+xFMtGevHQCZHJecW10yM7nkqk"', 'Vary': 'Accept-Encoding', 'Content-Encoding': 'gzip', 'CF-Cache-Status': 'DYNAMIC', 'Report-To': '{"endpoints":[{"url":"https:\\/\\/a.nel.cloudflare.com\\/report\\/v4?s=smLEgCLdnw9aUJVF%2BWuGNXnghlUB%2Bqini77pmvptqZqUhBqpuMKiVyZA2oK0bMrm48LUt0TsLm%2BsA4BhOe2sgzNPPTJYNB7Tu8%2F%2BzSdyOVNph0DNFMIrnnZDfqnpMypk"}],"group":"cf-nel","max_age":604800}', 'NEL': '{"success_fraction":0,"report_to":"cf-nel","max_age":604800}', 'Server': 'cloudflare', 'CF-RAY': '888ff5649ae62d1d-IAD', 'alt-svc': 'h3=":443"; ma=86400'} 
 body={"results":[{"gender":"female","name":{"title":"Miss","first":"Buse","last":"Aydan"},"location":{"street":{"number":3436,"name":"Bağdat Cd"},"city":"Sakarya","state":"Manisa","country":"Turkey","postcode":66234,"coordinates":{"latitude":"64.7530","longitude":"122.0486"},"timezone":{"offset":"-8:00","description":"Pacific Time (US &amp; Canada)"}},"email":"buse.aydan@example.com","login":{"uuid":"22225da8-9a85-4000-90f8-2d03a9de7b56","username":"lazycat882","password":"woohoo","salt":"NFubcaZa","md5":"659b764e8740e16e1d20ab375fb210ce","sha1":"6098469e9f0dcde1d8abc9b1c25891b1993600e5","sha256":"274dbe526e560b148af65738ef0eaaeff1122f666673406488d8fbeb5a4dfc75"},"dob":{"date":"1947-01-21T01:01:14.607Z","age":77},"registered":{"date":"2006-06-29T21:42:29.936Z","age":17},"phone":"(588)-473-4273","cell":"(846)-740-7852","id":{"name":"","value":null},"picture":{"large":"https://randomuser.me/api/portraits/women/60.jpg","medium":"https://randomuser.me/api/portraits/med/women/60.jpg","thumbnail":"https://randomuser.me/api/portraits/thumb/women/60.jpg"},"nat":"TR"}],"info":{"seed":"e226e6a0d7fc9ca1","results":1,"page":1,"version":"1.4"}} 
 </msg>
<msg time="2024-05-24T20:15:35.173750" level="INFO">/opt/hostedtoolcache/Python/3.12.3/x64/lib/python3.12/site-packages/urllib3/connectionpool.py:1103: InsecureRequestWarning: Unverified HTTPS request is being made to host 'randomuser.me'. Adding certificate verification is strongly advised. See: https://urllib3.readthedocs.io/en/latest/advanced-usage.html#tls-warnings
  warnings.warn(</msg>
<msg time="2024-05-24T20:15:35.173872" level="INFO">${response} = &lt;Response [200]&gt;</msg>
<var>${response}</var>
<arg>consultarAPI</arg>
<arg>/api</arg>
<doc>Sends a GET request on a previously created HTTP Session.</doc>
<status status="PASS" start="2024-05-24T20:15:35.096511" elapsed="0.077403"/>
</kw>
<kw name="Should Be Equal As Numbers" owner="BuiltIn">
<msg time="2024-05-24T20:15:35.175011" level="INFO">Argument types are:
&lt;class 'int'&gt;
&lt;class 'str'&gt;</msg>
<arg>${response.status_code}</arg>
<arg>200</arg>
<doc>Fails if objects are unequal after converting them to real numbers.</doc>
<status status="PASS" start="2024-05-24T20:15:35.174476" elapsed="0.000599"/>
</kw>
<kw name="Log" owner="BuiltIn">
<msg time="2024-05-24T20:15:35.175765" level="INFO">200</msg>
<arg>${response.status_code}</arg>
<doc>Logs the given message with the given level.</doc>
<status status="PASS" start="2024-05-24T20:15:35.175417" elapsed="0.000394"/>
</kw>
<kw name="Set Variable" owner="BuiltIn">
<msg time="2024-05-24T20:15:35.176609" level="INFO">${json_data} = {'results': [{'gender': 'female', 'name': {'title': 'Miss', 'first': 'Buse', 'last': 'Aydan'}, 'location': {'street': {'number': 3436, 'name': 'Bağdat Cd'}, 'city': 'Sakarya', 'state': 'Manisa', 'coun...</msg>
<var>${json_data}</var>
<arg>${response.json()}</arg>
<doc>Returns the given values which can then be assigned to a variables.</doc>
<status status="PASS" start="2024-05-24T20:15:35.176119" elapsed="0.000520"/>
</kw>
<kw name="Dictionary Should Contain Key" owner="Collections">
<msg time="2024-05-24T20:15:35.177122" level="INFO">False</msg>
<arg>${json_data}</arg>
<arg>results</arg>
<doc>Fails if ``key`` is not found from ``dictionary``.</doc>
<status status="PASS" start="2024-05-24T20:15:35.176946" elapsed="0.000216"/>
</kw>
<status status="PASS" start="2024-05-24T20:15:35.096242" elapsed="0.081174"/>
</kw>
<doc>Testa se a API responde corretamente e retorna um objeto JSON válido.</doc>
<tag>testeRequisicaoBasica</tag>
<status status="PASS" start="2024-05-24T20:15:35.095708" elapsed="0.081879"/>
</test>
<test id="s1-s1-t3" name="Validar estrutura de resposta" line="22">
<kw name="Teste de Estrutura de Resposta" owner="random-user-service">
<kw name="GET On Session" owner="RequestsLibrary">
<msg time="2024-05-24T20:15:35.274022" level="INFO">GET Request : url=https://randomuser.me/api 
 path_url=/api 
 headers={'User-Agent': 'python-requests/2.32.2', 'Accept-Encoding': 'gzip, deflate', 'Accept': '*/*', 'Connection': 'keep-alive'} 
 body=None 
 </msg>
<msg time="2024-05-24T20:15:35.274104" level="INFO">GET Response : url=https://randomuser.me/api 
 status=200, reason=OK 
 headers={'Date': 'Fri, 24 May 2024 20:15:35 GMT', 'Content-Type': 'application/json; charset=utf-8', 'Transfer-Encoding': 'chunked', 'Connection': 'keep-alive', 'X-Powered-By': 'Express', 'Access-Control-Allow-Origin': '*', 'Cache-Control': 'no-cache', 'ETag': 'W/"476-28sofbrnrPmigIGZmJ+ehg76ORg"', 'Vary': 'Accept-Encoding', 'Content-Encoding': 'gzip', 'CF-Cache-Status': 'DYNAMIC', 'Report-To': '{"endpoints":[{"url":"https:\\/\\/a.nel.cloudflare.com\\/report\\/v4?s=s8HMSG%2B5TESwxNxesXwIv1Mxg2ZaJb2vq0Gqu%2Fvn1k4NLhLHs7ItVedryxXGSXdxPLHTu5kSSp4C%2B5RZJ9uqr1Mz%2FyE1TvPcS25PH6NvIEP39XUqg2l16dubsZDMmkPS"}],"group":"cf-nel","max_age":604800}', 'NEL': '{"success_fraction":0,"report_to":"cf-nel","max_age":604800}', 'Server': 'cloudflare', 'CF-RAY': '888ff564eb3f2d1d-IAD', 'alt-svc': 'h3=":443"; ma=86400'} 
 body={"results":[{"gender":"male","name":{"title":"Mr","first":"Gabor","last":"Kloos"},"location":{"street":{"number":1329,"name":"Eichenweg"},"city":"Oldenburg In Holstein","state":"Berlin","country":"Germany","postcode":49613,"coordinates":{"latitude":"-51.3474","longitude":"-71.8732"},"timezone":{"offset":"+5:45","description":"Kathmandu"}},"email":"gabor.kloos@example.com","login":{"uuid":"47b24a27-869b-45a8-8d33-812ef86dcb60","username":"bluedog600","password":"slim","salt":"HAMTvOHV","md5":"0fec6300a0023488d4cd1987d0d7ca12","sha1":"41dee05a6b07a4675a776f17d726cb3fd3d23d93","sha256":"6b88567d46414dcaf16e6d323e8568eadbb93b8d5be4fe37972755c3fe92368c"},"dob":{"date":"1949-01-12T06:02:07.527Z","age":75},"registered":{"date":"2005-02-17T01:12:18.614Z","age":19},"phone":"0953-8773042","cell":"0172-0144584","id":{"name":"SVNR","value":"25 120149 K 007"},"picture":{"large":"https://randomuser.me/api/portraits/men/92.jpg","medium":"https://randomuser.me/api/portraits/med/men/92.jpg","thumbnail":"https://randomuser.me/api/portraits/thumb/men/92.jpg"},"nat":"DE"}],"info":{"seed":"193265b44b31d1a6","results":1,"page":1,"version":"1.4"}} 
 </msg>
<msg time="2024-05-24T20:15:35.274233" level="INFO">/opt/hostedtoolcache/Python/3.12.3/x64/lib/python3.12/site-packages/urllib3/connectionpool.py:1103: InsecureRequestWarning: Unverified HTTPS request is being made to host 'randomuser.me'. Adding certificate verification is strongly advised. See: https://urllib3.readthedocs.io/en/latest/advanced-usage.html#tls-warnings
  warnings.warn(</msg>
<msg time="2024-05-24T20:15:35.274357" level="INFO">${response} = &lt;Response [200]&gt;</msg>
<var>${response}</var>
<arg>consultarAPI</arg>
<arg>/api</arg>
<doc>Sends a GET request on a previously created HTTP Session.</doc>
<status status="PASS" start="2024-05-24T20:15:35.180330" elapsed="0.094077"/>
</kw>
<kw name="Set Variable" owner="BuiltIn">
<msg time="2024-05-24T20:15:35.275501" level="INFO">${json_data} = {'results': [{'gender': 'male', 'name': {'title': 'Mr', 'first': 'Gabor', 'last': 'Kloos'}, 'location': {'street': {'number': 1329, 'name': 'Eichenweg'}, 'city': 'Oldenburg In Holstein', 'state': 'Ber...</msg>
<var>${json_data}</var>
<arg>${response.json()}</arg>
<doc>Returns the given values which can then be assigned to a variables.</doc>
<status status="PASS" start="2024-05-24T20:15:35.274938" elapsed="0.000593"/>
</kw>
<kw name="Log" owner="BuiltIn">
<msg time="2024-05-24T20:15:35.276002" level="INFO">{'results': [{'gender': 'male', 'name': {'title': 'Mr', 'first': 'Gabor', 'last': 'Kloos'}, 'location': {'street': {'number': 1329, 'name': 'Eichenweg'}, 'city': 'Oldenburg In Holstein', 'state': 'Berlin', 'country': 'Germany', 'postcode': 49613, 'coordinates': {'latitude': '-51.3474', 'longitude': '-71.8732'}, 'timezone': {'offset': '+5:45', 'description': 'Kathmandu'}}, 'email': 'gabor.kloos@example.com', 'login': {'uuid': '47b24a27-869b-45a8-8d33-812ef86dcb60', 'username': 'bluedog600', 'password': 'slim', 'salt': 'HAMTvOHV', 'md5': '0fec6300a0023488d4cd1987d0d7ca12', 'sha1': '41dee05a6b07a4675a776f17d726cb3fd3d23d93', 'sha256': '6b88567d46414dcaf16e6d323e8568eadbb93b8d5be4fe37972755c3fe92368c'}, 'dob': {'date': '1949-01-12T06:02:07.527Z', 'age': 75}, 'registered': {'date': '2005-02-17T01:12:18.614Z', 'age': 19}, 'phone': '0953-8773042', 'cell': '0172-0144584', 'id': {'name': 'SVNR', 'value': '25 120149 K 007'}, 'picture': {'large': 'https://randomuser.me/api/portraits/men/92.jpg', 'medium': 'https://randomuser.me/api/portraits/med/men/92.jpg', 'thumbnail': 'https://randomuser.me/api/portraits/thumb/men/92.jpg'}, 'nat': 'DE'}], 'info': {'seed': '193265b44b31d1a6', 'results': 1, 'page': 1, 'version': '1.4'}}</msg>
<arg>${json_data}</arg>
<doc>Logs the given message with the given level.</doc>
<status status="PASS" start="2024-05-24T20:15:35.275844" elapsed="0.000206"/>
</kw>
<kw name="Dictionary Should Contain Key" owner="Collections">
<msg time="2024-05-24T20:15:35.276544" level="INFO">False</msg>
<arg>${json_data}</arg>
<arg>results</arg>
<doc>Fails if ``key`` is not found from ``dictionary``.</doc>
<status status="PASS" start="2024-05-24T20:15:35.276348" elapsed="0.000235"/>
</kw>
<kw name="Should Not Be Empty" owner="BuiltIn">
<msg time="2024-05-24T20:15:35.277020" level="INFO">Length is 2.</msg>
<arg>${json_data}</arg>
<doc>Verifies that the given item is not empty.</doc>
<status status="PASS" start="2024-05-24T20:15:35.276886" elapsed="0.000173"/>
</kw>
<kw name="Create List" owner="BuiltIn">
<msg time="2024-05-24T20:15:35.277505" level="INFO">${expected_keys} = ['gender', 'name', 'location', 'email', 'login']</msg>
<var>${expected_keys}</var>
<arg>gender</arg>
<arg>name</arg>
<arg>location</arg>
<arg>email</arg>
<arg>login</arg>
<doc>Returns a list containing given items.</doc>
<status status="PASS" start="2024-05-24T20:15:35.277359" elapsed="0.000170"/>
</kw>
<for flavor="IN">
<iter>
<kw name="Dictionary Should Contain Key" owner="Collections">
<msg time="2024-05-24T20:15:35.278491" level="INFO">False</msg>
<arg>${json_data['results'][0]}</arg>
<arg>${key}</arg>
<doc>Fails if ``key`` is not found from ``dictionary``.</doc>
<status status="PASS" start="2024-05-24T20:15:35.278099" elapsed="0.000432"/>
</kw>
<kw name="Log" owner="BuiltIn">
<msg time="2024-05-24T20:15:35.279199" level="INFO">{'gender': 'male', 'name': {'title': 'Mr', 'first': 'Gabor', 'last': 'Kloos'}, 'location': {'street': {'number': 1329, 'name': 'Eichenweg'}, 'city': 'Oldenburg In Holstein', 'state': 'Berlin', 'country': 'Germany', 'postcode': 49613, 'coordinates': {'latitude': '-51.3474', 'longitude': '-71.8732'}, 'timezone': {'offset': '+5:45', 'description': 'Kathmandu'}}, 'email': 'gabor.kloos@example.com', 'login': {'uuid': '47b24a27-869b-45a8-8d33-812ef86dcb60', 'username': 'bluedog600', 'password': 'slim', 'salt': 'HAMTvOHV', 'md5': '0fec6300a0023488d4cd1987d0d7ca12', 'sha1': '41dee05a6b07a4675a776f17d726cb3fd3d23d93', 'sha256': '6b88567d46414dcaf16e6d323e8568eadbb93b8d5be4fe37972755c3fe92368c'}, 'dob': {'date': '1949-01-12T06:02:07.527Z', 'age': 75}, 'registered': {'date': '2005-02-17T01:12:18.614Z', 'age': 19}, 'phone': '0953-8773042', 'cell': '0172-0144584', 'id': {'name': 'SVNR', 'value': '25 120149 K 007'}, 'picture': {'large': 'https://randomuser.me/api/portraits/men/92.jpg', 'medium': 'https://randomuser.me/api/portraits/med/men/92.jpg', 'thumbnail': 'https://randomuser.me/api/portraits/thumb/men/92.jpg'}, 'nat': 'DE'}</msg>
<arg>${json_data['results'][0]}</arg>
<doc>Logs the given message with the given level.</doc>
<status status="PASS" start="2024-05-24T20:15:35.278841" elapsed="0.000407"/>
</kw>
<kw name="Log" owner="BuiltIn">
<msg time="2024-05-24T20:15:35.279691" level="INFO">gender</msg>
<arg>${key}</arg>
<doc>Logs the given message with the given level.</doc>
<status status="PASS" start="2024-05-24T20:15:35.279565" elapsed="0.000168"/>
</kw>
<var name="${key}">gender</var>
<status status="PASS" start="2024-05-24T20:15:35.277974" elapsed="0.001973"/>
</iter>
<iter>
<kw name="Dictionary Should Contain Key" owner="Collections">
<msg time="2024-05-24T20:15:35.280667" level="INFO">False</msg>
<arg>${json_data['results'][0]}</arg>
<arg>${key}</arg>
<doc>Fails if ``key`` is not found from ``dictionary``.</doc>
<status status="PASS" start="2024-05-24T20:15:35.280247" elapsed="0.000459"/>
</kw>
<kw name="Log" owner="BuiltIn">
<msg time="2024-05-24T20:15:35.281393" level="INFO">{'gender': 'male', 'name': {'title': 'Mr', 'first': 'Gabor', 'last': 'Kloos'}, 'location': {'street': {'number': 1329, 'name': 'Eichenweg'}, 'city': 'Oldenburg In Holstein', 'state': 'Berlin', 'country': 'Germany', 'postcode': 49613, 'coordinates': {'latitude': '-51.3474', 'longitude': '-71.8732'}, 'timezone': {'offset': '+5:45', 'description': 'Kathmandu'}}, 'email': 'gabor.kloos@example.com', 'login': {'uuid': '47b24a27-869b-45a8-8d33-812ef86dcb60', 'username': 'bluedog600', 'password': 'slim', 'salt': 'HAMTvOHV', 'md5': '0fec6300a0023488d4cd1987d0d7ca12', 'sha1': '41dee05a6b07a4675a776f17d726cb3fd3d23d93', 'sha256': '6b88567d46414dcaf16e6d323e8568eadbb93b8d5be4fe37972755c3fe92368c'}, 'dob': {'date': '1949-01-12T06:02:07.527Z', 'age': 75}, 'registered': {'date': '2005-02-17T01:12:18.614Z', 'age': 19}, 'phone': '0953-8773042', 'cell': '0172-0144584', 'id': {'name': 'SVNR', 'value': '25 120149 K 007'}, 'picture': {'large': 'https://randomuser.me/api/portraits/men/92.jpg', 'medium': 'https://randomuser.me/api/portraits/med/men/92.jpg', 'thumbnail': 'https://randomuser.me/api/portraits/thumb/men/92.jpg'}, 'nat': 'DE'}</msg>
<arg>${json_data['results'][0]}</arg>
<doc>Logs the given message with the given level.</doc>
<status status="PASS" start="2024-05-24T20:15:35.281033" elapsed="0.000410"/>
</kw>
<kw name="Log" owner="BuiltIn">
<msg time="2024-05-24T20:15:35.281879" level="INFO">name</msg>
<arg>${key}</arg>
<doc>Logs the given message with the given level.</doc>
<status status="PASS" start="2024-05-24T20:15:35.281751" elapsed="0.000166"/>
</kw>
<var name="${key}">name</var>
<status status="PASS" start="2024-05-24T20:15:35.280133" elapsed="0.002000"/>
</iter>
<iter>
<kw name="Dictionary Should Contain Key" owner="Collections">
<msg time="2024-05-24T20:15:35.282797" level="INFO">False</msg>
<arg>${json_data['results'][0]}</arg>
<arg>${key}</arg>
<doc>Fails if ``key`` is not found from ``dictionary``.</doc>
<status status="PASS" start="2024-05-24T20:15:35.282421" elapsed="0.000413"/>
</kw>
<kw name="Log" owner="BuiltIn">
<msg time="2024-05-24T20:15:35.283486" level="INFO">{'gender': 'male', 'name': {'title': 'Mr', 'first': 'Gabor', 'last': 'Kloos'}, 'location': {'street': {'number': 1329, 'name': 'Eichenweg'}, 'city': 'Oldenburg In Holstein', 'state': 'Berlin', 'country': 'Germany', 'postcode': 49613, 'coordinates': {'latitude': '-51.3474', 'longitude': '-71.8732'}, 'timezone': {'offset': '+5:45', 'description': 'Kathmandu'}}, 'email': 'gabor.kloos@example.com', 'login': {'uuid': '47b24a27-869b-45a8-8d33-812ef86dcb60', 'username': 'bluedog600', 'password': 'slim', 'salt': 'HAMTvOHV', 'md5': '0fec6300a0023488d4cd1987d0d7ca12', 'sha1': '41dee05a6b07a4675a776f17d726cb3fd3d23d93', 'sha256': '6b88567d46414dcaf16e6d323e8568eadbb93b8d5be4fe37972755c3fe92368c'}, 'dob': {'date': '1949-01-12T06:02:07.527Z', 'age': 75}, 'registered': {'date': '2005-02-17T01:12:18.614Z', 'age': 19}, 'phone': '0953-8773042', 'cell': '0172-0144584', 'id': {'name': 'SVNR', 'value': '25 120149 K 007'}, 'picture': {'large': 'https://randomuser.me/api/portraits/men/92.jpg', 'medium': 'https://randomuser.me/api/portraits/med/men/92.jpg', 'thumbnail': 'https://randomuser.me/api/portraits/thumb/men/92.jpg'}, 'nat': 'DE'}</msg>
<arg>${json_data['results'][0]}</arg>
<doc>Logs the given message with the given level.</doc>
<status status="PASS" start="2024-05-24T20:15:35.283131" elapsed="0.000419"/>
</kw>
<kw name="Log" owner="BuiltIn">
<msg time="2024-05-24T20:15:35.283967" level="INFO">location</msg>
<arg>${key}</arg>
<doc>Logs the given message with the given level.</doc>
<status status="PASS" start="2024-05-24T20:15:35.283843" elapsed="0.000167"/>
</kw>
<var name="${key}">location</var>
<status status="PASS" start="2024-05-24T20:15:35.282311" elapsed="0.001917"/>
</iter>
<iter>
<kw name="Dictionary Should Contain Key" owner="Collections">
<msg time="2024-05-24T20:15:35.284933" level="INFO">False</msg>
<arg>${json_data['results'][0]}</arg>
<arg>${key}</arg>
<doc>Fails if ``key`` is not found from ``dictionary``.</doc>
<status status="PASS" start="2024-05-24T20:15:35.284547" elapsed="0.000423"/>
</kw>
<kw name="Log" owner="BuiltIn">
<msg time="2024-05-24T20:15:35.285630" level="INFO">{'gender': 'male', 'name': {'title': 'Mr', 'first': 'Gabor', 'last': 'Kloos'}, 'location': {'street': {'number': 1329, 'name': 'Eichenweg'}, 'city': 'Oldenburg In Holstein', 'state': 'Berlin', 'country': 'Germany', 'postcode': 49613, 'coordinates': {'latitude': '-51.3474', 'longitude': '-71.8732'}, 'timezone': {'offset': '+5:45', 'description': 'Kathmandu'}}, 'email': 'gabor.kloos@example.com', 'login': {'uuid': '47b24a27-869b-45a8-8d33-812ef86dcb60', 'username': 'bluedog600', 'password': 'slim', 'salt': 'HAMTvOHV', 'md5': '0fec6300a0023488d4cd1987d0d7ca12', 'sha1': '41dee05a6b07a4675a776f17d726cb3fd3d23d93', 'sha256': '6b88567d46414dcaf16e6d323e8568eadbb93b8d5be4fe37972755c3fe92368c'}, 'dob': {'date': '1949-01-12T06:02:07.527Z', 'age': 75}, 'registered': {'date': '2005-02-17T01:12:18.614Z', 'age': 19}, 'phone': '0953-8773042', 'cell': '0172-0144584', 'id': {'name': 'SVNR', 'value': '25 120149 K 007'}, 'picture': {'large': 'https://randomuser.me/api/portraits/men/92.jpg', 'medium': 'https://randomuser.me/api/portraits/med/men/92.jpg', 'thumbnail': 'https://randomuser.me/api/portraits/thumb/men/92.jpg'}, 'nat': 'DE'}</msg>
<arg>${json_data['results'][0]}</arg>
<doc>Logs the given message with the given level.</doc>
<status status="PASS" start="2024-05-24T20:15:35.285270" elapsed="0.000417"/>
</kw>
<kw name="Log" owner="BuiltIn">
<msg time="2024-05-24T20:15:35.286109" level="INFO">email</msg>
<arg>${key}</arg>
<doc>Logs the given message with the given level.</doc>
<status status="PASS" start="2024-05-24T20:15:35.285984" elapsed="0.000162"/>
</kw>
<var name="${key}">email</var>
<status status="PASS" start="2024-05-24T20:15:35.284398" elapsed="0.001961"/>
</iter>
<iter>
<kw name="Dictionary Should Contain Key" owner="Collections">
<msg time="2024-05-24T20:15:35.287015" level="INFO">False</msg>
<arg>${json_data['results'][0]}</arg>
<arg>${key}</arg>
<doc>Fails if ``key`` is not found from ``dictionary``.</doc>
<status status="PASS" start="2024-05-24T20:15:35.286646" elapsed="0.000406"/>
</kw>
<kw name="Log" owner="BuiltIn">
<msg time="2024-05-24T20:15:35.287697" level="INFO">{'gender': 'male', 'name': {'title': 'Mr', 'first': 'Gabor', 'last': 'Kloos'}, 'location': {'street': {'number': 1329, 'name': 'Eichenweg'}, 'city': 'Oldenburg In Holstein', 'state': 'Berlin', 'country': 'Germany', 'postcode': 49613, 'coordinates': {'latitude': '-51.3474', 'longitude': '-71.8732'}, 'timezone': {'offset': '+5:45', 'description': 'Kathmandu'}}, 'email': 'gabor.kloos@example.com', 'login': {'uuid': '47b24a27-869b-45a8-8d33-812ef86dcb60', 'username': 'bluedog600', 'password': 'slim', 'salt': 'HAMTvOHV', 'md5': '0fec6300a0023488d4cd1987d0d7ca12', 'sha1': '41dee05a6b07a4675a776f17d726cb3fd3d23d93', 'sha256': '6b88567d46414dcaf16e6d323e8568eadbb93b8d5be4fe37972755c3fe92368c'}, 'dob': {'date': '1949-01-12T06:02:07.527Z', 'age': 75}, 'registered': {'date': '2005-02-17T01:12:18.614Z', 'age': 19}, 'phone': '0953-8773042', 'cell': '0172-0144584', 'id': {'name': 'SVNR', 'value': '25 120149 K 007'}, 'picture': {'large': 'https://randomuser.me/api/portraits/men/92.jpg', 'medium': 'https://randomuser.me/api/portraits/med/men/92.jpg', 'thumbnail': 'https://randomuser.me/api/portraits/thumb/men/92.jpg'}, 'nat': 'DE'}</msg>
<arg>${json_data['results'][0]}</arg>
<doc>Logs the given message with the given level.</doc>
<status status="PASS" start="2024-05-24T20:15:35.287343" elapsed="0.000402"/>
</kw>
<kw name="Log" owner="BuiltIn">
<msg time="2024-05-24T20:15:35.288162" level="INFO">login</msg>
<arg>${key}</arg>
<doc>Logs the given message with the given level.</doc>
<status status="PASS" start="2024-05-24T20:15:35.288037" elapsed="0.000162"/>
</kw>
<var name="${key}">login</var>
<status status="PASS" start="2024-05-24T20:15:35.286531" elapsed="0.001919"/>
</iter>
<var>${key}</var>
<value>@{expected_keys}</value>
<status status="PASS" start="2024-05-24T20:15:35.277787" elapsed="0.010794"/>
</for>
<kw name="Create List" owner="BuiltIn">
<msg time="2024-05-24T20:15:35.288948" level="INFO">${expected_keysTwo} = ['username', 'password']</msg>
<var>${expected_keysTwo}</var>
<arg>username</arg>
<arg>password</arg>
<doc>Returns a list containing given items.</doc>
<status status="PASS" start="2024-05-24T20:15:35.288809" elapsed="0.000162"/>
</kw>
<for flavor="IN">
<iter>
<kw name="Dictionary Should Contain Key" owner="Collections">
<msg time="2024-05-24T20:15:35.289958" level="INFO">False</msg>
<arg>${json_data['results'][0]['login']}</arg>
<arg>${keyTwo}</arg>
<doc>Fails if ``key`` is not found from ``dictionary``.</doc>
<status status="PASS" start="2024-05-24T20:15:35.289473" elapsed="0.000523"/>
</kw>
<kw name="Dictionary Should Contain Key" owner="Collections">
<msg time="2024-05-24T20:15:35.290674" level="INFO">False</msg>
<arg>${json_data['results'][0]['login']}</arg>
<arg>${keyTwo}</arg>
<doc>Fails if ``key`` is not found from ``dictionary``.</doc>
<status status="PASS" start="2024-05-24T20:15:35.290296" elapsed="0.000414"/>
</kw>
<kw name="Log" owner="BuiltIn">
<msg time="2024-05-24T20:15:35.291127" level="INFO">username</msg>
<arg>${keyTwo}</arg>
<doc>Logs the given message with the given level.</doc>
<status status="PASS" start="2024-05-24T20:15:35.291001" elapsed="0.000162"/>
</kw>
<var name="${keyTwo}">username</var>
<status status="PASS" start="2024-05-24T20:15:35.289357" elapsed="0.002021"/>
</iter>
<iter>
<kw name="Dictionary Should Contain Key" owner="Collections">
<msg time="2024-05-24T20:15:35.292023" level="INFO">False</msg>
<arg>${json_data['results'][0]['login']}</arg>
<arg>${keyTwo}</arg>
<doc>Fails if ``key`` is not found from ``dictionary``.</doc>
<status status="PASS" start="2024-05-24T20:15:35.291657" elapsed="0.000402"/>
</kw>
<kw name="Dictionary Should Contain Key" owner="Collections">
<msg time="2024-05-24T20:15:35.292770" level="INFO">False</msg>
<arg>${json_data['results'][0]['login']}</arg>
<arg>${keyTwo}</arg>
<doc>Fails if ``key`` is not found from ``dictionary``.</doc>
<status status="PASS" start="2024-05-24T20:15:35.292350" elapsed="0.000457"/>
</kw>
<kw name="Log" owner="BuiltIn">
<msg time="2024-05-24T20:15:35.293225" level="INFO">password</msg>
<arg>${keyTwo}</arg>
<doc>Logs the given message with the given level.</doc>
<status status="PASS" start="2024-05-24T20:15:35.293103" elapsed="0.000158"/>
</kw>
<var name="${keyTwo}">password</var>
<status status="PASS" start="2024-05-24T20:15:35.291548" elapsed="0.001926"/>
</iter>
<var>${keyTwo}</var>
<value>@{expected_keysTwo}</value>
<status status="PASS" start="2024-05-24T20:15:35.289208" elapsed="0.004385"/>
</for>
<status status="PASS" start="2024-05-24T20:15:35.179956" elapsed="0.113773"/>
</kw>
<doc>Testa a estrutura da resposta da API.</doc>
<tag>testeEstruturaResposta</tag>
<status status="PASS" start="2024-05-24T20:15:35.179381" elapsed="0.114497"/>
</test>
<test id="s1-s1-t4" name="Validar tipos de dados" line="28">
<kw name="Teste de Tipos de Dados" owner="random-user-service">
<kw name="GET On Session" owner="RequestsLibrary">
<msg time="2024-05-24T20:15:35.382771" level="INFO">GET Request : url=https://randomuser.me/api 
 path_url=/api 
 headers={'User-Agent': 'python-requests/2.32.2', 'Accept-Encoding': 'gzip, deflate', 'Accept': '*/*', 'Connection': 'keep-alive'} 
 body=None 
 </msg>
<msg time="2024-05-24T20:15:35.382855" level="INFO">GET Response : url=https://randomuser.me/api 
 status=200, reason=OK 
 headers={'Date': 'Fri, 24 May 2024 20:15:35 GMT', 'Content-Type': 'application/json; charset=utf-8', 'Transfer-Encoding': 'chunked', 'Connection': 'keep-alive', 'X-Powered-By': 'Express', 'Access-Control-Allow-Origin': '*', 'Cache-Control': 'no-cache', 'ETag': 'W/"49f-JYVmVyev855jGmvmxaPWiYlJ4v4"', 'Vary': 'Accept-Encoding', 'Content-Encoding': 'gzip', 'CF-Cache-Status': 'DYNAMIC', 'Report-To': '{"endpoints":[{"url":"https:\\/\\/a.nel.cloudflare.com\\/report\\/v4?s=cyxf1%2FZKSoRdH3ixKC97cNWWtCmQ6Eq9kiimyAW%2B8kMZR9yoU7zKKr5cmi9m7liz8QrhYiaZ0fG5fRRPhR9tQDjLZDE1g%2FuesUurV9kfdEyOFtCz9tmF0HOSALxBWgDp"}],"group":"cf-nel","max_age":604800}', 'NEL': '{"success_fraction":0,"report_to":"cf-nel","max_age":604800}', 'Server': 'cloudflare', 'CF-RAY': '888ff565ac1b2d1d-IAD', 'alt-svc': 'h3=":443"; ma=86400'} 
 body={"results":[{"gender":"female","name":{"title":"Ms","first":"Jil","last":"Spekman"},"location":{"street":{"number":498,"name":"Boerenzwaluw"},"city":"Manderveen","state":"Overijssel","country":"Netherlands","postcode":"8810 OE","coordinates":{"latitude":"32.4285","longitude":"144.1557"},"timezone":{"offset":"+11:00","description":"Magadan, Solomon Islands, New Caledonia"}},"email":"jil.spekman@example.com","login":{"uuid":"7abf028a-7d17-436f-894c-2f44549bc692","username":"silverdog997","password":"costello","salt":"2hEpx8pK","md5":"17b6e93f3521ce908fc1b523a5172a27","sha1":"2f3991fb97696f000d690e67117dc7b34a7cefac","sha256":"67ba226b356e553e6a6aef7166159ec431e458b0f39fe71e157a5bbcaf0de899"},"dob":{"date":"1961-08-10T22:51:55.281Z","age":62},"registered":{"date":"2008-02-10T02:42:43.889Z","age":16},"phone":"(026) 7746147","cell":"(06) 61841973","id":{"name":"BSN","value":"12798691"},"picture":{"large":"https://randomuser.me/api/portraits/women/35.jpg","medium":"https://randomuser.me/api/portraits/med/women/35.jpg","thumbnail":"https://randomuser.me/api/portraits/thumb/women/35.jpg"},"nat":"NL"}],"info":{"seed":"54dd343264598bd3","results":1,"page":1,"version":"1.4"}} 
 </msg>
<msg time="2024-05-24T20:15:35.382930" level="INFO">/opt/hostedtoolcache/Python/3.12.3/x64/lib/python3.12/site-packages/urllib3/connectionpool.py:1103: InsecureRequestWarning: Unverified HTTPS request is being made to host 'randomuser.me'. Adding certificate verification is strongly advised. See: https://urllib3.readthedocs.io/en/latest/advanced-usage.html#tls-warnings
  warnings.warn(</msg>
<msg time="2024-05-24T20:15:35.383059" level="INFO">${response} = &lt;Response [200]&gt;</msg>
<var>${response}</var>
<arg>consultarAPI</arg>
<arg>/api</arg>
<doc>Sends a GET request on a previously created HTTP Session.</doc>
<status status="PASS" start="2024-05-24T20:15:35.296377" elapsed="0.086734"/>
</kw>
<kw name="Set Variable" owner="BuiltIn">
<msg time="2024-05-24T20:15:35.384217" level="INFO">${json_data} = {'results': [{'gender': 'female', 'name': {'title': 'Ms', 'first': 'Jil', 'last': 'Spekman'}, 'location': {'street': {'number': 498, 'name': 'Boerenzwaluw'}, 'city': 'Manderveen', 'state': 'Overijssel...</msg>
<var>${json_data}</var>
<arg>${response.json()}</arg>
<doc>Returns the given values which can then be assigned to a variables.</doc>
<status status="PASS" start="2024-05-24T20:15:35.383589" elapsed="0.000656"/>
</kw>
<kw name="Log" owner="BuiltIn">
<msg time="2024-05-24T20:15:35.384753" level="INFO">{'results': [{'gender': 'female', 'name': {'title': 'Ms', 'first': 'Jil', 'last': 'Spekman'}, 'location': {'street': {'number': 498, 'name': 'Boerenzwaluw'}, 'city': 'Manderveen', 'state': 'Overijssel', 'country': 'Netherlands', 'postcode': '8810 OE', 'coordinates': {'latitude': '32.4285', 'longitude': '144.1557'}, 'timezone': {'offset': '+11:00', 'description': 'Magadan, Solomon Islands, New Caledonia'}}, 'email': 'jil.spekman@example.com', 'login': {'uuid': '7abf028a-7d17-436f-894c-2f44549bc692', 'username': 'silverdog997', 'password': 'costello', 'salt': '2hEpx8pK', 'md5': '17b6e93f3521ce908fc1b523a5172a27', 'sha1': '2f3991fb97696f000d690e67117dc7b34a7cefac', 'sha256': '67ba226b356e553e6a6aef7166159ec431e458b0f39fe71e157a5bbcaf0de899'}, 'dob': {'date': '1961-08-10T22:51:55.281Z', 'age': 62}, 'registered': {'date': '2008-02-10T02:42:43.889Z', 'age': 16}, 'phone': '(026) 7746147', 'cell': '(06) 61841973', 'id': {'name': 'BSN', 'value': '12798691'}, 'picture': {'large': 'https://randomuser.me/api/portraits/women/35.jpg', 'medium': 'https://randomuser.me/api/portraits/med/women/35.jpg', 'thumbnail': 'https://randomuser.me/api/portraits/thumb/women/35.jpg'}, 'nat': 'NL'}], 'info': {'seed': '54dd343264598bd3', 'results': 1, 'page': 1, 'version': '1.4'}}</msg>
<arg>${json_data}</arg>
<doc>Logs the given message with the given level.</doc>
<status status="PASS" start="2024-05-24T20:15:35.384598" elapsed="0.000235"/>
</kw>
<kw name="Should Be String" owner="String">
<arg>${json_data['results'][0]['gender']}</arg>
<doc>Fails if the given ``item`` is not a string.</doc>
<status status="PASS" start="2024-05-24T20:15:35.385133" elapsed="0.000357"/>
</kw>
<kw name="Should Match Regexp" owner="BuiltIn">
<arg>${json_data['results'][0]['email']}</arg>
<arg>^[a-zA-Z0-9._%+-]+@[a-zA-Z0-9.-]+\.[a-zA-Z]{2,}$</arg>
<doc>Fails if ``string`` does not match ``pattern`` as a regular expression.</doc>
<status status="PASS" start="2024-05-24T20:15:35.385682" elapsed="0.000517"/>
</kw>
<kw name="Should Match Regexp" owner="BuiltIn">
<arg>${json_data['results'][0]['dob']['date']}</arg>
<arg>\\d{4}-\\d{2}-\\d{2}T\\d{2}:\\d{2}:\\d{2}\\.\\d{3}Z</arg>
<doc>Fails if ``string`` does not match ``pattern`` as a regular expression.</doc>
<status status="PASS" start="2024-05-24T20:15:35.386396" elapsed="0.000481"/>
</kw>
<kw name="Should Match Regexp" owner="BuiltIn">
<arg>${json_data['results'][0]['registered']['date']}</arg>
<arg>\\d{4}-\\d{2}-\\d{2}T\\d{2}:\\d{2}:\\d{2}\\.\\d{3}Z</arg>
<doc>Fails if ``string`` does not match ``pattern`` as a regular expression.</doc>
<status status="PASS" start="2024-05-24T20:15:35.387070" elapsed="0.000357"/>
</kw>
<kw name="Should Match Regexp" owner="BuiltIn">
<arg>${json_data['results'][0]['picture']['large']}</arg>
<arg>^https?://.*\.(?:png|jpe?g|gif|bmp)$</arg>
<doc>Fails if ``string`` does not match ``pattern`` as a regular expression.</doc>
<status status="PASS" start="2024-05-24T20:15:35.387621" elapsed="0.000451"/>
</kw>
<kw name="Should Match Regexp" owner="BuiltIn">
<arg>${json_data['results'][0]['picture']['medium']}</arg>
<arg>^https?://.*\.(?:png|jpe?g|gif|bmp)$</arg>
<doc>Fails if ``string`` does not match ``pattern`` as a regular expression.</doc>
<status status="PASS" start="2024-05-24T20:15:35.388260" elapsed="0.000389"/>
</kw>
<kw name="Should Match Regexp" owner="BuiltIn">
<arg>${json_data['results'][0]['picture']['thumbnail']}</arg>
<arg>^https?://.*\.(?:png|jpe?g|gif|bmp)$</arg>
<doc>Fails if ``string`` does not match ``pattern`` as a regular expression.</doc>
<status status="PASS" start="2024-05-24T20:15:35.388835" elapsed="0.000353"/>
</kw>
<kw name="Log" owner="BuiltIn">
<msg time="2024-05-24T20:15:35.389713" level="INFO">{'large': 'https://randomuser.me/api/portraits/women/35.jpg', 'medium': 'https://randomuser.me/api/portraits/med/women/35.jpg', 'thumbnail': 'https://randomuser.me/api/portraits/thumb/women/35.jpg'}</msg>
<arg>${json_data['results'][0]['picture']}</arg>
<doc>Logs the given message with the given level.</doc>
<status status="PASS" start="2024-05-24T20:15:35.389369" elapsed="0.000385"/>
</kw>
<status status="PASS" start="2024-05-24T20:15:35.296150" elapsed="0.093860"/>
</kw>
<kw name="Teste de Tipos de Dados - Postcode" owner="random-user-service">
<kw name="GET On Session" owner="RequestsLibrary">
<msg time="2024-05-24T20:15:35.477546" level="INFO">GET Request : url=https://randomuser.me/api 
 path_url=/api 
 headers={'User-Agent': 'python-requests/2.32.2', 'Accept-Encoding': 'gzip, deflate', 'Accept': '*/*', 'Connection': 'keep-alive'} 
 body=None 
 </msg>
<msg time="2024-05-24T20:15:35.477624" level="INFO">GET Response : url=https://randomuser.me/api 
 status=200, reason=OK 
 headers={'Date': 'Fri, 24 May 2024 20:15:35 GMT', 'Content-Type': 'application/json; charset=utf-8', 'Transfer-Encoding': 'chunked', 'Connection': 'keep-alive', 'X-Powered-By': 'Express', 'Access-Control-Allow-Origin': '*', 'Cache-Control': 'no-cache', 'ETag': 'W/"48a-QcIvyxyohrAa75CQs8qi1ENAMDo"', 'Vary': 'Accept-Encoding', 'Content-Encoding': 'gzip', 'CF-Cache-Status': 'DYNAMIC', 'Report-To': '{"endpoints":[{"url":"https:\\/\\/a.nel.cloudflare.com\\/report\\/v4?s=SWs2mGtaNzUcn26fox%2FAup2%2FwnkBFXZTSgzYtL1fXLBvPaj7%2FlDMLtJZMaizsw7UyZ%2BZh2fSCiBdE2eybG4819hCauiehE4eJT7Y%2BdbsD5Zs31R5Vnl2y0eOgD7plNN%2F"}],"group":"cf-nel","max_age":604800}', 'NEL': '{"success_fraction":0,"report_to":"cf-nel","max_age":604800}', 'Server': 'cloudflare', 'CF-RAY': '888ff5663cea2d1d-IAD', 'alt-svc': 'h3=":443"; ma=86400'} 
 body={"results":[{"gender":"female","name":{"title":"Miss","first":"Hanan","last":"Meyer"},"location":{"street":{"number":6007,"name":"Parkveien"},"city":"Sarpsborg","state":"Vest-Agder","country":"Norway","postcode":"1607","coordinates":{"latitude":"40.6090","longitude":"132.7021"},"timezone":{"offset":"+5:30","description":"Bombay, Calcutta, Madras, New Delhi"}},"email":"hanan.meyer@example.com","login":{"uuid":"582b9aae-4612-47b9-a059-c49e9f626495","username":"purplesnake348","password":"federico","salt":"yeiDSLxb","md5":"674f24fc834b523a68f6000b2ac79475","sha1":"5376836760783eb41a6f8ec866fb6239ef98ac53","sha256":"9b7ca2a8e1bf0b7071a0837a5a05ae377ebed1d981d432bc98c0666e69965972"},"dob":{"date":"1977-05-25T14:46:11.825Z","age":46},"registered":{"date":"2020-02-13T20:31:33.041Z","age":4},"phone":"84142631","cell":"49833370","id":{"name":"FN","value":"25057702284"},"picture":{"large":"https://randomuser.me/api/portraits/women/55.jpg","medium":"https://randomuser.me/api/portraits/med/women/55.jpg","thumbnail":"https://randomuser.me/api/portraits/thumb/women/55.jpg"},"nat":"NO"}],"info":{"seed":"95b1aa7964f4c72a","results":1,"page":1,"version":"1.4"}} 
 </msg>
<msg time="2024-05-24T20:15:35.477710" level="INFO">/opt/hostedtoolcache/Python/3.12.3/x64/lib/python3.12/site-packages/urllib3/connectionpool.py:1103: InsecureRequestWarning: Unverified HTTPS request is being made to host 'randomuser.me'. Adding certificate verification is strongly advised. See: https://urllib3.readthedocs.io/en/latest/advanced-usage.html#tls-warnings
  warnings.warn(</msg>
<msg time="2024-05-24T20:15:35.477833" level="INFO">${response} = &lt;Response [200]&gt;</msg>
<var>${response}</var>
<arg>consultarAPI</arg>
<arg>/api</arg>
<doc>Sends a GET request on a previously created HTTP Session.</doc>
<status status="PASS" start="2024-05-24T20:15:35.390437" elapsed="0.087441"/>
</kw>
<kw name="Set Variable" owner="BuiltIn">
<msg time="2024-05-24T20:15:35.479072" level="INFO">${json_data} = {'results': [{'gender': 'female', 'name': {'title': 'Miss', 'first': 'Hanan', 'last': 'Meyer'}, 'location': {'street': {'number': 6007, 'name': 'Parkveien'}, 'city': 'Sarpsborg', 'state': 'Vest-Agder'...</msg>
<var>${json_data}</var>
<arg>${response.json()}</arg>
<doc>Returns the given values which can then be assigned to a variables.</doc>
<status status="PASS" start="2024-05-24T20:15:35.478420" elapsed="0.000680"/>
</kw>
<kw name="Log" owner="BuiltIn">
<msg time="2024-05-24T20:15:35.479545" level="INFO">{'results': [{'gender': 'female', 'name': {'title': 'Miss', 'first': 'Hanan', 'last': 'Meyer'}, 'location': {'street': {'number': 6007, 'name': 'Parkveien'}, 'city': 'Sarpsborg', 'state': 'Vest-Agder', 'country': 'Norway', 'postcode': '1607', 'coordinates': {'latitude': '40.6090', 'longitude': '132.7021'}, 'timezone': {'offset': '+5:30', 'description': 'Bombay, Calcutta, Madras, New Delhi'}}, 'email': 'hanan.meyer@example.com', 'login': {'uuid': '582b9aae-4612-47b9-a059-c49e9f626495', 'username': 'purplesnake348', 'password': 'federico', 'salt': 'yeiDSLxb', 'md5': '674f24fc834b523a68f6000b2ac79475', 'sha1': '5376836760783eb41a6f8ec866fb6239ef98ac53', 'sha256': '9b7ca2a8e1bf0b7071a0837a5a05ae377ebed1d981d432bc98c0666e69965972'}, 'dob': {'date': '1977-05-25T14:46:11.825Z', 'age': 46}, 'registered': {'date': '2020-02-13T20:31:33.041Z', 'age': 4}, 'phone': '84142631', 'cell': '49833370', 'id': {'name': 'FN', 'value': '25057702284'}, 'picture': {'large': 'https://randomuser.me/api/portraits/women/55.jpg', 'medium': 'https://randomuser.me/api/portraits/med/women/55.jpg', 'thumbnail': 'https://randomuser.me/api/portraits/thumb/women/55.jpg'}, 'nat': 'NO'}], 'info': {'seed': '95b1aa7964f4c72a', 'results': 1, 'page': 1, 'version': '1.4'}}</msg>
<arg>${json_data}</arg>
<doc>Logs the given message with the given level.</doc>
<status status="PASS" start="2024-05-24T20:15:35.479398" elapsed="0.000227"/>
</kw>
<kw name="Should Be Equal As Numbers" owner="BuiltIn">
<arg>${json_data['results'][0]['location']['postcode']}</arg>
<arg>${json_data['results'][0]['location']['postcode']}</arg>
<doc>Fails if objects are unequal after converting them to real numbers.</doc>
<status status="PASS" start="2024-05-24T20:15:35.479919" elapsed="0.000652"/>
</kw>
<kw name="Log" owner="BuiltIn">
<msg time="2024-05-24T20:15:35.481096" level="INFO">1607</msg>
<arg>${json_data['results'][0]['location']['postcode']}</arg>
<doc>Logs the given message with the given level.</doc>
<status status="PASS" start="2024-05-24T20:15:35.480764" elapsed="0.000371"/>
</kw>
<status status="PASS" start="2024-05-24T20:15:35.390220" elapsed="0.091164"/>
</kw>
<doc>Testa se os tipos de dados na resposta da API estão corretos.</doc>
<tag>testeTiposDados</tag>
<status status="PASS" start="2024-05-24T20:15:35.295618" elapsed="0.185924"/>
</test>
<test id="s1-s1-t5" name="Validar conteudo" line="35">
<kw name="Teste de Tipos de Conteudo" owner="random-user-service">
<kw name="GET On Session" owner="RequestsLibrary">
<msg time="2024-05-24T20:15:35.578442" level="INFO">GET Request : url=https://randomuser.me/api 
 path_url=/api 
 headers={'User-Agent': 'python-requests/2.32.2', 'Accept-Encoding': 'gzip, deflate', 'Accept': '*/*', 'Connection': 'keep-alive'} 
 body=None 
 </msg>
<msg time="2024-05-24T20:15:35.578512" level="INFO">GET Response : url=https://randomuser.me/api 
 status=200, reason=OK 
 headers={'Date': 'Fri, 24 May 2024 20:15:35 GMT', 'Content-Type': 'application/json; charset=utf-8', 'Transfer-Encoding': 'chunked', 'Connection': 'keep-alive', 'X-Powered-By': 'Express', 'Access-Control-Allow-Origin': '*', 'Cache-Control': 'no-cache', 'ETag': 'W/"4a7-w4JWVPfkS0HT2+L5lxKryo8Iy98"', 'Vary': 'Accept-Encoding', 'Content-Encoding': 'gzip', 'CF-Cache-Status': 'DYNAMIC', 'Report-To': '{"endpoints":[{"url":"https:\\/\\/a.nel.cloudflare.com\\/report\\/v4?s=Qka6A0QmzxSxU47NxSgVELvpgoPyUq8yHkBGw%2FrPJfK%2Fa%2FTxbbsYuhYLdtXCMAQw5TLghU%2FvGGitnX7d%2FFUMMlGQv0QFstUVGU5eONzYJuOwlw%2FOEYe1OoEgSMDtTF9S"}],"group":"cf-nel","max_age":604800}', 'NEL': '{"success_fraction":0,"report_to":"cf-nel","max_age":604800}', 'Server': 'cloudflare', 'CF-RAY': '888ff566cd912d1d-IAD', 'alt-svc': 'h3=":443"; ma=86400'} 
 body={"results":[{"gender":"female","name":{"title":"Mrs","first":"باران","last":"قاسمی"},"location":{"street":{"number":9392,"name":"شیخ فضل الله نوری"},"city":"اصفهان","state":"ایلام","country":"Iran","postcode":87190,"coordinates":{"latitude":"14.6117","longitude":"95.2447"},"timezone":{"offset":"+5:00","description":"Ekaterinburg, Islamabad, Karachi, Tashkent"}},"email":"brn.qsmy@example.com","login":{"uuid":"387bf822-de02-471c-b8fa-40a32b6feb0f","username":"redfish138","password":"whiplash","salt":"6blDhXRH","md5":"85732ef189b22ab1072871935c90e1e6","sha1":"ab5d82b91c3e725d73f0dcfca9e8b7eb1bc24391","sha256":"4221f972363aeec272a1772c908155060d5996de827d7b7c9f8c818dce0ab95a"},"dob":{"date":"1980-08-10T18:40:37.446Z","age":43},"registered":{"date":"2007-03-03T03:12:36.076Z","age":17},"phone":"074-98709437","cell":"0952-718-1646","id":{"name":"","value":null},"picture":{"large":"https://randomuser.me/api/portraits/women/13.jpg","medium":"https://randomuser.me/api/portraits/med/women/13.jpg","thumbnail":"https://randomuser.me/api/portraits/thumb/women/13.jpg"},"nat":"IR"}],"info":{"seed":"259930fa4bb49c97","results":1,"page":1,"version":"1.4"}} 
 </msg>
<msg time="2024-05-24T20:15:35.578572" level="INFO">/opt/hostedtoolcache/Python/3.12.3/x64/lib/python3.12/site-packages/urllib3/connectionpool.py:1103: InsecureRequestWarning: Unverified HTTPS request is being made to host 'randomuser.me'. Adding certificate verification is strongly advised. See: https://urllib3.readthedocs.io/en/latest/advanced-usage.html#tls-warnings
  warnings.warn(</msg>
<msg time="2024-05-24T20:15:35.578656" level="INFO">${response} = &lt;Response [200]&gt;</msg>
<var>${response}</var>
<arg>consultarAPI</arg>
<arg>/api</arg>
<doc>Sends a GET request on a previously created HTTP Session.</doc>
<status status="PASS" start="2024-05-24T20:15:35.483979" elapsed="0.094717"/>
</kw>
<kw name="Set Variable" owner="BuiltIn">
<msg time="2024-05-24T20:15:35.579845" level="INFO">${json_data} = {'results': [{'gender': 'female', 'name': {'title': 'Mrs', 'first': 'باران', 'last': 'قاسمی'}, 'location': {'street': {'number': 9392, 'name': 'شیخ فضل الله نوری'}, 'city': 'اصفهان', 'state': 'ایلام',...</msg>
<var>${json_data}</var>
<arg>${response.json()}</arg>
<doc>Returns the given values which can then be assigned to a variables.</doc>
<status status="PASS" start="2024-05-24T20:15:35.579183" elapsed="0.000695"/>
</kw>
<kw name="Set Variable" owner="BuiltIn">
<msg time="2024-05-24T20:15:35.580609" level="INFO">${name_title} = Mrs</msg>
<var>${name_title}</var>
<arg>${json_data["results"][0]["name"]["title"]}</arg>
<doc>Returns the given values which can then be assigned to a variables.</doc>
<status status="PASS" start="2024-05-24T20:15:35.580186" elapsed="0.000449"/>
</kw>
<kw name="Create List" owner="BuiltIn">
<msg time="2024-05-24T20:15:35.581085" level="INFO">${allowed_titles} = ['Mr', 'Ms', 'Miss', 'Mrs', 'Madame', 'Monsieur']</msg>
<var>${allowed_titles}</var>
<arg>Mr</arg>
<arg>Ms</arg>
<arg>Miss</arg>
<arg>Mrs</arg>
<arg>Madame</arg>
<arg>Monsieur</arg>
<doc>Returns a list containing given items.</doc>
<status status="PASS" start="2024-05-24T20:15:35.580936" elapsed="0.000173"/>
</kw>
<kw name="List Should Contain Value" owner="Collections">
<msg time="2024-05-24T20:15:35.581581" level="INFO">False</msg>
<arg>${allowed_titles}</arg>
<arg>${name_title}</arg>
<doc>Fails if the ``value`` is not found from ``list``.</doc>
<status status="PASS" start="2024-05-24T20:15:35.581410" elapsed="0.000207"/>
</kw>
<kw name="Set Variable" owner="BuiltIn">
<msg time="2024-05-24T20:15:35.582277" level="INFO">${name_country} = IR</msg>
<var>${name_country}</var>
<arg>${json_data["results"][0]["nat"]}</arg>
<doc>Returns the given values which can then be assigned to a variables.</doc>
<status status="PASS" start="2024-05-24T20:15:35.581901" elapsed="0.000401"/>
</kw>
<kw name="Create List" owner="BuiltIn">
<msg time="2024-05-24T20:15:35.583197" level="INFO">${list_country} = ['AD', 'AE', 'AF', 'AG', 'AI', 'AL', 'AM', 'AO', 'AQ', 'AR', 'AS', 'AT', 'AU', 'AW', 'AX', 'AZ', 'BA', 'BB', 'BD', 'BE', 'BF', 'BG', 'BH', 'BI', 'BJ', 'BL', 'BM', 'BN', 'BO', 'BQ', 'BR', 'BS', 'BT', '...</msg>
<var>${list_country}</var>
<arg>AD</arg>
<arg>AE</arg>
<arg>AF</arg>
<arg>AG</arg>
<arg>AI</arg>
<arg>AL</arg>
<arg>AM</arg>
<arg>AO</arg>
<arg>AQ</arg>
<arg>AR</arg>
<arg>AS</arg>
<arg>AT</arg>
<arg>AU</arg>
<arg>AW</arg>
<arg>AX</arg>
<arg>AZ</arg>
<arg>BA</arg>
<arg>BB</arg>
<arg>BD</arg>
<arg>BE</arg>
<arg>BF</arg>
<arg>BG</arg>
<arg>BH</arg>
<arg>BI</arg>
<arg>BJ</arg>
<arg>BL</arg>
<arg>BM</arg>
<arg>BN</arg>
<arg>BO</arg>
<arg>BQ</arg>
<arg>BR</arg>
<arg>BS</arg>
<arg>BT</arg>
<arg>BV</arg>
<arg>BW</arg>
<arg>BY</arg>
<arg>BZ</arg>
<arg>CA</arg>
<arg>CC</arg>
<arg>CD</arg>
<arg>CF</arg>
<arg>CG</arg>
<arg>CH</arg>
<arg>CI</arg>
<arg>CK</arg>
<arg>CL</arg>
<arg>CM</arg>
<arg>CN</arg>
<arg>CO</arg>
<arg>CR</arg>
<arg>CU</arg>
<arg>CV</arg>
<arg>CW</arg>
<arg>CX</arg>
<arg>CY</arg>
<arg>CZ</arg>
<arg>DE</arg>
<arg>DJ</arg>
<arg>DK</arg>
<arg>DM</arg>
<arg>DO</arg>
<arg>DZ</arg>
<arg>EC</arg>
<arg>EE</arg>
<arg>EG</arg>
<arg>EH</arg>
<arg>ER</arg>
<arg>ES</arg>
<arg>ET</arg>
<arg>FI</arg>
<arg>FJ</arg>
<arg>FK</arg>
<arg>FM</arg>
<arg>FO</arg>
<arg>FR</arg>
<arg>GA</arg>
<arg>GB</arg>
<arg>GD</arg>
<arg>GE</arg>
<arg>GF</arg>
<arg>GG</arg>
<arg>GH</arg>
<arg>GI</arg>
<arg>GL</arg>
<arg>GM</arg>
<arg>GN</arg>
<arg>GP</arg>
<arg>GQ</arg>
<arg>GR</arg>
<arg>GS</arg>
<arg>GT</arg>
<arg>GU</arg>
<arg>GW</arg>
<arg>GY</arg>
<arg>HK</arg>
<arg>HM</arg>
<arg>HN</arg>
<arg>HR</arg>
<arg>HT</arg>
<arg>HU</arg>
<arg>ID</arg>
<arg>IE</arg>
<arg>IL</arg>
<arg>IM</arg>
<arg>IN</arg>
<arg>IO</arg>
<arg>IQ</arg>
<arg>IR</arg>
<arg>IS</arg>
<arg>IT</arg>
<arg>JE</arg>
<arg>JM</arg>
<arg>JO</arg>
<arg>JP</arg>
<arg>KE</arg>
<arg>KG</arg>
<arg>KH</arg>
<arg>KI</arg>
<arg>KM</arg>
<arg>KN</arg>
<arg>KP</arg>
<arg>KR</arg>
<arg>KW</arg>
<arg>KY</arg>
<arg>KZ</arg>
<arg>LA</arg>
<arg>LB</arg>
<arg>LC</arg>
<arg>LI</arg>
<arg>LK</arg>
<arg>LR</arg>
<arg>LS</arg>
<arg>LT</arg>
<arg>LU</arg>
<arg>LV</arg>
<arg>LY</arg>
<arg>MA</arg>
<arg>MC</arg>
<arg>MD</arg>
<arg>ME</arg>
<arg>MF</arg>
<arg>MG</arg>
<arg>MH</arg>
<arg>MK</arg>
<arg>ML</arg>
<arg>MM</arg>
<arg>MN</arg>
<arg>MO</arg>
<arg>MP</arg>
<arg>MQ</arg>
<arg>MR</arg>
<arg>MS</arg>
<arg>MT</arg>
<arg>MU</arg>
<arg>MV</arg>
<arg>MW</arg>
<arg>MX</arg>
<arg>MY</arg>
<arg>MZ</arg>
<arg>NA</arg>
<arg>NC</arg>
<arg>NE</arg>
<arg>NF</arg>
<arg>NG</arg>
<arg>NI</arg>
<arg>NL</arg>
<arg>NO</arg>
<arg>NP</arg>
<arg>NR</arg>
<arg>NU</arg>
<arg>NZ</arg>
<arg>OM</arg>
<arg>PA</arg>
<arg>PE</arg>
<arg>PF</arg>
<arg>PG</arg>
<arg>PH</arg>
<arg>PK</arg>
<arg>PL</arg>
<arg>PM</arg>
<arg>PN</arg>
<arg>PR</arg>
<arg>PS</arg>
<arg>PT</arg>
<arg>PW</arg>
<arg>PY</arg>
<arg>QA</arg>
<arg>RE</arg>
<arg>RO</arg>
<arg>RS</arg>
<arg>RU</arg>
<arg>RW</arg>
<arg>SA</arg>
<arg>SB</arg>
<arg>SC</arg>
<arg>SD</arg>
<arg>SE</arg>
<arg>SG</arg>
<arg>SH</arg>
<arg>SI</arg>
<arg>SJ</arg>
<arg>SK</arg>
<arg>SL</arg>
<arg>SM</arg>
<arg>SN</arg>
<arg>SO</arg>
<arg>SR</arg>
<arg>SS</arg>
<arg>ST</arg>
<arg>SV</arg>
<arg>SX</arg>
<arg>SY</arg>
<arg>SZ</arg>
<arg>TC</arg>
<arg>TD</arg>
<arg>TF</arg>
<arg>TG</arg>
<arg>TH</arg>
<arg>TJ</arg>
<arg>TK</arg>
<arg>TL</arg>
<arg>TM</arg>
<arg>TN</arg>
<arg>TO</arg>
<arg>TR</arg>
<arg>TT</arg>
<arg>TV</arg>
<arg>TW</arg>
<arg>TZ</arg>
<arg>UA</arg>
<arg>UG</arg>
<arg>UM</arg>
<arg>US</arg>
<arg>UY</arg>
<arg>UZ</arg>
<arg>VA</arg>
<arg>VC</arg>
<arg>VE</arg>
<arg>VG</arg>
<arg>VI</arg>
<arg>VN</arg>
<arg>VU</arg>
<arg>WF</arg>
<arg>WS</arg>
<arg>XK</arg>
<arg>YE</arg>
<arg>YT</arg>
<arg>ZA</arg>
<arg>ZM</arg>
<arg>ZW</arg>
<doc>Returns a list containing given items.</doc>
<status status="PASS" start="2024-05-24T20:15:35.582602" elapsed="0.000619"/>
</kw>
<kw name="List Should Contain Value" owner="Collections">
<msg time="2024-05-24T20:15:35.584212" level="INFO">False</msg>
<arg>${list_country}</arg>
<arg>${name_country}</arg>
<doc>Fails if the ``value`` is not found from ``list``.</doc>
<status status="PASS" start="2024-05-24T20:15:35.584013" elapsed="0.000235"/>
</kw>
<kw name="Run Keyword If" owner="BuiltIn">
<kw name="Should Be True" owner="BuiltIn">
<arg>${True}</arg>
<doc>Fails if the given condition is not true.</doc>
<status status="PASS" start="2024-05-24T20:15:35.585438" elapsed="0.000144"/>
</kw>
<arg>${json_data["results"][0]["location"]["coordinates"]["latitude"]} &gt;= -90 and ${json_data["results"][0]["location"]["coordinates"]["latitude"]} &lt;= 90</arg>
<arg>Should Be True</arg>
<arg>${True}</arg>
<doc>Runs the given keyword with the given arguments, if ``condition`` is true.</doc>
<status status="PASS" start="2024-05-24T20:15:35.584583" elapsed="0.001124"/>
</kw>
<kw name="Run Keyword If" owner="BuiltIn">
<kw name="Should Be True" owner="BuiltIn">
<arg>${True}</arg>
<doc>Fails if the given condition is not true.</doc>
<status status="PASS" start="2024-05-24T20:15:35.586586" elapsed="0.000137"/>
</kw>
<arg>${json_data["results"][0]["location"]["coordinates"]["longitude"]} &gt;= -180 and ${json_data["results"][0]["location"]["coordinates"]["longitude"]} &lt;= 180</arg>
<arg>Should Be True</arg>
<arg>${True}</arg>
<doc>Runs the given keyword with the given arguments, if ``condition`` is true.</doc>
<status status="PASS" start="2024-05-24T20:15:35.585893" elapsed="0.000952"/>
</kw>
<status status="PASS" start="2024-05-24T20:15:35.483764" elapsed="0.103206"/>
</kw>
<doc>Testa o conteúdo específico dos campos retornados pela API.</doc>
<tag>testeConteudo</tag>
<status status="PASS" start="2024-05-24T20:15:35.483246" elapsed="0.103863"/>
</test>
<status status="PASS" start="2024-05-24T20:15:34.753229" elapsed="0.835855"/>
</suite>
<status status="PASS" start="2024-05-24T20:15:34.739725" elapsed="0.854527"/>
</suite>
<statistics>
<total>
<stat pass="5" fail="0" skip="0">All Tests</stat>
</total>
<tag>
<stat pass="1" fail="0" skip="0">testeConteudo</stat>
<stat pass="1" fail="0" skip="0">testeEstruturaResposta</stat>
<stat pass="1" fail="0" skip="0">testeRequisicaoBasica</stat>
<stat pass="1" fail="0" skip="0">testeTiposDados</stat>
</tag>
<suite>
<stat pass="5" fail="0" skip="0" id="s1" name="Tests">Tests</stat>
<stat pass="5" fail="0" skip="0" id="s1-s1" name="Random-User-Test">Tests.Random-User-Test</stat>
</suite>
</statistics>
<errors>
</errors>
</robot>
