<?xml version="1.0" encoding="UTF-8"?>
<robot generator="Robot 7.0 (Python 3.12.3 on linux)" generated="2024-04-28T21:12:51.146489" rpa="false" schemaversion="5">
<suite id="s1" name="Tests" source="/home/runner/work/DesafioQAItauRogerioJordao/DesafioQAItauRogerioJordao/RamdonUser/tests">
<suite id="s1-s1" name="Random-User-Test" source="/home/runner/work/DesafioQAItauRogerioJordao/DesafioQAItauRogerioJordao/RamdonUser/tests/random-user-test.robot">
<test id="s1-s1-t1" name="Conectar" line="13">
<kw name="Conectar API" owner="random-user-service">
<kw name="Create Session" owner="RequestsLibrary">
<msg time="2024-04-28T21:12:51.517330" level="INFO">Creating Session using : alias=consultarAPI, url=https://randomuser.me/, headers={},                     cookies={}, auth=None, timeout=None, proxies=None, verify=False,                     debug=0 </msg>
<arg>consultarAPI</arg>
<arg>${URL}</arg>
<doc>Create Session: create a HTTP session to a server</doc>
<status status="PASS" start="2024-04-28T21:12:51.517106" elapsed="0.000425"/>
</kw>
<status status="PASS" start="2024-04-28T21:12:51.516087" elapsed="0.001837"/>
</kw>
<status status="PASS" start="2024-04-28T21:12:51.515463" elapsed="0.002667"/>
</test>
<test id="s1-s1-t2" name="Validar retorno 200 e JSON Válido" line="16">
<kw name="Teste de Requisicao Basica" owner="random-user-service">
<kw name="GET On Session" owner="RequestsLibrary">
<msg time="2024-04-28T21:12:51.638017" level="INFO">GET Request : url=https://randomuser.me/api 
 path_url=/api 
 headers={'User-Agent': 'python-requests/2.31.0', 'Accept-Encoding': 'gzip, deflate', 'Accept': '*/*', 'Connection': 'keep-alive'} 
 body=None 
 </msg>
<msg time="2024-04-28T21:12:51.638174" level="INFO">GET Response : url=https://randomuser.me/api 
 status=200, reason=OK 
 headers={'Date': 'Sun, 28 Apr 2024 21:12:51 GMT', 'Content-Type': 'application/json; charset=utf-8', 'Transfer-Encoding': 'chunked', 'Connection': 'keep-alive', 'X-Powered-By': 'Express', 'Access-Control-Allow-Origin': '*', 'Cache-Control': 'no-cache', 'ETag': 'W/"496-ga+Kmg8wpZWcQ5XPtltqNgFp2NM"', 'Vary': 'Accept-Encoding', 'Content-Encoding': 'gzip', 'CF-Cache-Status': 'DYNAMIC', 'Report-To': '{"endpoints":[{"url":"https:\\/\\/a.nel.cloudflare.com\\/report\\/v4?s=LzI9Mj8SQy%2BCY4qMOOYp4bGUTHUyx7wAwoSpTTKDTXYnFdv7ZWb8uyyPk6VM2e339QRZA67MUupr5FyrWxdg5%2BMWwlkUDqgyQBUP6m%2F3JO9dYlFPMwf3De3Tiq5lJIw9"}],"group":"cf-nel","max_age":604800}', 'NEL': '{"success_fraction":0,"report_to":"cf-nel","max_age":604800}', 'Server': 'cloudflare', 'CF-RAY': '87ba0d8a3be9cee9-SJC', 'alt-svc': 'h3=":443"; ma=86400'} 
 body={"results":[{"gender":"female","name":{"title":"Miss","first":"Inaya","last":"Moulin"},"location":{"street":{"number":2679,"name":"Avenue des Ternes"},"city":"Boulogne-Billancourt","state":"Savoie","country":"France","postcode":48778,"coordinates":{"latitude":"-19.2561","longitude":"164.3112"},"timezone":{"offset":"-9:00","description":"Alaska"}},"email":"inaya.moulin@example.com","login":{"uuid":"7b42402d-6c9d-48ea-852d-139bb1facb92","username":"ticklishbutterfly320","password":"bummer","salt":"VMZG4Ocv","md5":"2146f7514e8b733bee50f9bd22272803","sha1":"e8d1254a01b388b85c10ba791ca69caf662577b8","sha256":"4a16be3d5cc204ad3a2f2b2a9dc2a97b6096ffca1663f424e9cd4740dcb3c99a"},"dob":{"date":"1979-09-11T16:24:05.480Z","age":44},"registered":{"date":"2016-04-13T02:23:58.980Z","age":8},"phone":"01-96-77-51-01","cell":"06-67-01-17-33","id":{"name":"INSEE","value":"2790899195413 25"},"picture":{"large":"https://randomuser.me/api/portraits/women/69.jpg","medium":"https://randomuser.me/api/portraits/med/women/69.jpg","thumbnail":"https://randomuser.me/api/portraits/thumb/women/69.jpg"},"nat":"FR"}],"info":{"seed":"d017623fbfb2eec1","results":1,"page":1,"version":"1.4"}} 
 </msg>
<msg time="2024-04-28T21:12:51.638261" level="INFO">/opt/hostedtoolcache/Python/3.12.3/x64/lib/python3.12/site-packages/urllib3/connectionpool.py:1103: InsecureRequestWarning: Unverified HTTPS request is being made to host 'randomuser.me'. Adding certificate verification is strongly advised. See: https://urllib3.readthedocs.io/en/latest/advanced-usage.html#tls-warnings
  warnings.warn(</msg>
<msg time="2024-04-28T21:12:51.638420" level="INFO">${response} = &lt;Response [200]&gt;</msg>
<var>${response}</var>
<arg>consultarAPI</arg>
<arg>/api</arg>
<doc>Sends a GET request on a previously created HTTP Session.</doc>
<status status="PASS" start="2024-04-28T21:12:51.520879" elapsed="0.117586"/>
</kw>
<kw name="Should Be Equal As Numbers" owner="BuiltIn">
<msg time="2024-04-28T21:12:51.639656" level="INFO">Argument types are:
&lt;class 'int'&gt;
&lt;class 'str'&gt;</msg>
<arg>${response.status_code}</arg>
<arg>200</arg>
<doc>Fails if objects are unequal after converting them to real numbers.</doc>
<status status="PASS" start="2024-04-28T21:12:51.639137" elapsed="0.000590"/>
</kw>
<kw name="Log" owner="BuiltIn">
<msg time="2024-04-28T21:12:51.640491" level="INFO">200</msg>
<arg>${response.status_code}</arg>
<doc>Logs the given message with the given level.</doc>
<status status="PASS" start="2024-04-28T21:12:51.640114" elapsed="0.000420"/>
</kw>
<kw name="Set Variable" owner="BuiltIn">
<msg time="2024-04-28T21:12:51.641300" level="INFO">${json_data} = {'results': [{'gender': 'female', 'name': {'title': 'Miss', 'first': 'Inaya', 'last': 'Moulin'}, 'location': {'street': {'number': 2679, 'name': 'Avenue des Ternes'}, 'city': 'Boulogne-Billancourt', '...</msg>
<var>${json_data}</var>
<arg>${response.json()}</arg>
<doc>Returns the given values which can then be assigned to a variables.</doc>
<status status="PASS" start="2024-04-28T21:12:51.640852" elapsed="0.000477"/>
</kw>
<kw name="Dictionary Should Contain Key" owner="Collections">
<msg time="2024-04-28T21:12:51.641814" level="INFO">False</msg>
<arg>${json_data}</arg>
<arg>results</arg>
<doc>Fails if ``key`` is not found from ``dictionary``.</doc>
<status status="PASS" start="2024-04-28T21:12:51.641636" elapsed="0.000218"/>
</kw>
<status status="PASS" start="2024-04-28T21:12:51.520617" elapsed="0.121505"/>
</kw>
<doc>Testa se a API responde corretamente e retorna um objeto JSON válido.</doc>
<tag>testeRequisicaoBasica</tag>
<status status="PASS" start="2024-04-28T21:12:51.520100" elapsed="0.122210"/>
</test>
<test id="s1-s1-t3" name="Validar estrutura de resposta" line="22">
<kw name="Teste de Estrutura de Resposta" owner="random-user-service">
<kw name="GET On Session" owner="RequestsLibrary">
<msg time="2024-04-28T21:12:51.736977" level="INFO">GET Request : url=https://randomuser.me/api 
 path_url=/api 
 headers={'User-Agent': 'python-requests/2.31.0', 'Accept-Encoding': 'gzip, deflate', 'Accept': '*/*', 'Connection': 'keep-alive'} 
 body=None 
 </msg>
<msg time="2024-04-28T21:12:51.737092" level="INFO">GET Response : url=https://randomuser.me/api 
 status=200, reason=OK 
 headers={'Date': 'Sun, 28 Apr 2024 21:12:51 GMT', 'Content-Type': 'application/json; charset=utf-8', 'Transfer-Encoding': 'chunked', 'Connection': 'keep-alive', 'X-Powered-By': 'Express', 'Access-Control-Allow-Origin': '*', 'Cache-Control': 'no-cache', 'ETag': 'W/"4a2-+f4HAAR6q+g8ZBMWst/cd70JGyk"', 'Vary': 'Accept-Encoding', 'Content-Encoding': 'gzip', 'CF-Cache-Status': 'DYNAMIC', 'Report-To': '{"endpoints":[{"url":"https:\\/\\/a.nel.cloudflare.com\\/report\\/v4?s=cxFjWqTadfUjZ2UZaHQl81hJoy6gRQRk8jVXWAvoQz7QN7LaLXQzQcADaBysbQ3oHErd4fBrJaCQn%2FJcxZmQFZN7vQrzBelNpnjYS6k1g7Vg2LCEWTkcvtTmEz%2Fd1iNY"}],"group":"cf-nel","max_age":604800}', 'NEL': '{"success_fraction":0,"report_to":"cf-nel","max_age":604800}', 'Server': 'cloudflare', 'CF-RAY': '87ba0d8adc70cee9-SJC', 'alt-svc': 'h3=":443"; ma=86400'} 
 body={"results":[{"gender":"female","name":{"title":"Miss","first":"Lucineri","last":"Barbosa"},"location":{"street":{"number":293,"name":"Rua Maranhão "},"city":"Maracanaú","state":"Bahia","country":"Brazil","postcode":33922,"coordinates":{"latitude":"-74.6225","longitude":"5.3695"},"timezone":{"offset":"+3:00","description":"Baghdad, Riyadh, Moscow, St. Petersburg"}},"email":"lucineri.barbosa@example.com","login":{"uuid":"91480682-49f1-4029-820c-2494af0200a7","username":"smalldog373","password":"757575","salt":"J0hckJWi","md5":"97128e80560f66374aa224a70a807964","sha1":"6a3f889c923c7b6c0f8f66138f16cd3e97911c72","sha256":"79c3298d83d39d57610666e458b4cb5ad2245a5f184b7ba506c0339b0d8d22a1"},"dob":{"date":"1979-10-07T17:11:16.542Z","age":44},"registered":{"date":"2008-02-16T08:55:48.125Z","age":16},"phone":"(90) 1006-4296","cell":"(14) 5501-7803","id":{"name":"CPF","value":"607.055.718-64"},"picture":{"large":"https://randomuser.me/api/portraits/women/60.jpg","medium":"https://randomuser.me/api/portraits/med/women/60.jpg","thumbnail":"https://randomuser.me/api/portraits/thumb/women/60.jpg"},"nat":"BR"}],"info":{"seed":"986a9ecfda07edef","results":1,"page":1,"version":"1.4"}} 
 </msg>
<msg time="2024-04-28T21:12:51.737246" level="INFO">/opt/hostedtoolcache/Python/3.12.3/x64/lib/python3.12/site-packages/urllib3/connectionpool.py:1103: InsecureRequestWarning: Unverified HTTPS request is being made to host 'randomuser.me'. Adding certificate verification is strongly advised. See: https://urllib3.readthedocs.io/en/latest/advanced-usage.html#tls-warnings
  warnings.warn(</msg>
<msg time="2024-04-28T21:12:51.737386" level="INFO">${response} = &lt;Response [200]&gt;</msg>
<var>${response}</var>
<arg>consultarAPI</arg>
<arg>/api</arg>
<doc>Sends a GET request on a previously created HTTP Session.</doc>
<status status="PASS" start="2024-04-28T21:12:51.645017" elapsed="0.092409"/>
</kw>
<kw name="Set Variable" owner="BuiltIn">
<msg time="2024-04-28T21:12:51.738712" level="INFO">${json_data} = {'results': [{'gender': 'female', 'name': {'title': 'Miss', 'first': 'Lucineri', 'last': 'Barbosa'}, 'location': {'street': {'number': 293, 'name': 'Rua Maranhão '}, 'city': 'Maracanaú', 'state': 'Bah...</msg>
<var>${json_data}</var>
<arg>${response.json()}</arg>
<doc>Returns the given values which can then be assigned to a variables.</doc>
<status status="PASS" start="2024-04-28T21:12:51.738072" elapsed="0.000669"/>
</kw>
<kw name="Log" owner="BuiltIn">
<msg time="2024-04-28T21:12:51.739313" level="INFO">{'results': [{'gender': 'female', 'name': {'title': 'Miss', 'first': 'Lucineri', 'last': 'Barbosa'}, 'location': {'street': {'number': 293, 'name': 'Rua Maranhão '}, 'city': 'Maracanaú', 'state': 'Bahia', 'country': 'Brazil', 'postcode': 33922, 'coordinates': {'latitude': '-74.6225', 'longitude': '5.3695'}, 'timezone': {'offset': '+3:00', 'description': 'Baghdad, Riyadh, Moscow, St. Petersburg'}}, 'email': 'lucineri.barbosa@example.com', 'login': {'uuid': '91480682-49f1-4029-820c-2494af0200a7', 'username': 'smalldog373', 'password': '757575', 'salt': 'J0hckJWi', 'md5': '97128e80560f66374aa224a70a807964', 'sha1': '6a3f889c923c7b6c0f8f66138f16cd3e97911c72', 'sha256': '79c3298d83d39d57610666e458b4cb5ad2245a5f184b7ba506c0339b0d8d22a1'}, 'dob': {'date': '1979-10-07T17:11:16.542Z', 'age': 44}, 'registered': {'date': '2008-02-16T08:55:48.125Z', 'age': 16}, 'phone': '(90) 1006-4296', 'cell': '(14) 5501-7803', 'id': {'name': 'CPF', 'value': '607.055.718-64'}, 'picture': {'large': 'https://randomuser.me/api/portraits/women/60.jpg', 'medium': 'https://randomuser.me/api/portraits/med/women/60.jpg', 'thumbnail': 'https://randomuser.me/api/portraits/thumb/women/60.jpg'}, 'nat': 'BR'}], 'info': {'seed': '986a9ecfda07edef', 'results': 1, 'page': 1, 'version': '1.4'}}</msg>
<arg>${json_data}</arg>
<doc>Logs the given message with the given level.</doc>
<status status="PASS" start="2024-04-28T21:12:51.739093" elapsed="0.000277"/>
</kw>
<kw name="Dictionary Should Contain Key" owner="Collections">
<msg time="2024-04-28T21:12:51.739856" level="INFO">False</msg>
<arg>${json_data}</arg>
<arg>results</arg>
<doc>Fails if ``key`` is not found from ``dictionary``.</doc>
<status status="PASS" start="2024-04-28T21:12:51.739687" elapsed="0.000208"/>
</kw>
<kw name="Should Not Be Empty" owner="BuiltIn">
<msg time="2024-04-28T21:12:51.740334" level="INFO">Length is 2.</msg>
<arg>${json_data}</arg>
<doc>Verifies that the given item is not empty.</doc>
<status status="PASS" start="2024-04-28T21:12:51.740197" elapsed="0.000351"/>
</kw>
<kw name="Create List" owner="BuiltIn">
<msg time="2024-04-28T21:12:51.741002" level="INFO">${expected_keys} = ['gender', 'name', 'location', 'email', 'login']</msg>
<var>${expected_keys}</var>
<arg>gender</arg>
<arg>name</arg>
<arg>location</arg>
<arg>email</arg>
<arg>login</arg>
<doc>Returns a list containing given items.</doc>
<status status="PASS" start="2024-04-28T21:12:51.740849" elapsed="0.000178"/>
</kw>
<for flavor="IN">
<iter>
<kw name="Dictionary Should Contain Key" owner="Collections">
<msg time="2024-04-28T21:12:51.742035" level="INFO">False</msg>
<arg>${json_data['results'][0]}</arg>
<arg>${key}</arg>
<doc>Fails if ``key`` is not found from ``dictionary``.</doc>
<status status="PASS" start="2024-04-28T21:12:51.741620" elapsed="0.000454"/>
</kw>
<kw name="Log" owner="BuiltIn">
<msg time="2024-04-28T21:12:51.742777" level="INFO">{'gender': 'female', 'name': {'title': 'Miss', 'first': 'Lucineri', 'last': 'Barbosa'}, 'location': {'street': {'number': 293, 'name': 'Rua Maranhão '}, 'city': 'Maracanaú', 'state': 'Bahia', 'country': 'Brazil', 'postcode': 33922, 'coordinates': {'latitude': '-74.6225', 'longitude': '5.3695'}, 'timezone': {'offset': '+3:00', 'description': 'Baghdad, Riyadh, Moscow, St. Petersburg'}}, 'email': 'lucineri.barbosa@example.com', 'login': {'uuid': '91480682-49f1-4029-820c-2494af0200a7', 'username': 'smalldog373', 'password': '757575', 'salt': 'J0hckJWi', 'md5': '97128e80560f66374aa224a70a807964', 'sha1': '6a3f889c923c7b6c0f8f66138f16cd3e97911c72', 'sha256': '79c3298d83d39d57610666e458b4cb5ad2245a5f184b7ba506c0339b0d8d22a1'}, 'dob': {'date': '1979-10-07T17:11:16.542Z', 'age': 44}, 'registered': {'date': '2008-02-16T08:55:48.125Z', 'age': 16}, 'phone': '(90) 1006-4296', 'cell': '(14) 5501-7803', 'id': {'name': 'CPF', 'value': '607.055.718-64'}, 'picture': {'large': 'https://randomuser.me/api/portraits/women/60.jpg', 'medium': 'https://randomuser.me/api/portraits/med/women/60.jpg', 'thumbnail': 'https://randomuser.me/api/portraits/thumb/women/60.jpg'}, 'nat': 'BR'}</msg>
<arg>${json_data['results'][0]}</arg>
<doc>Logs the given message with the given level.</doc>
<status status="PASS" start="2024-04-28T21:12:51.742388" elapsed="0.000439"/>
</kw>
<kw name="Log" owner="BuiltIn">
<msg time="2024-04-28T21:12:51.743286" level="INFO">gender</msg>
<arg>${key}</arg>
<doc>Logs the given message with the given level.</doc>
<status status="PASS" start="2024-04-28T21:12:51.743127" elapsed="0.000199"/>
</kw>
<var name="${key}">gender</var>
<status status="PASS" start="2024-04-28T21:12:51.741490" elapsed="0.002056"/>
</iter>
<iter>
<kw name="Dictionary Should Contain Key" owner="Collections">
<msg time="2024-04-28T21:12:51.744255" level="INFO">False</msg>
<arg>${json_data['results'][0]}</arg>
<arg>${key}</arg>
<doc>Fails if ``key`` is not found from ``dictionary``.</doc>
<status status="PASS" start="2024-04-28T21:12:51.743860" elapsed="0.000433"/>
</kw>
<kw name="Log" owner="BuiltIn">
<msg time="2024-04-28T21:12:51.744982" level="INFO">{'gender': 'female', 'name': {'title': 'Miss', 'first': 'Lucineri', 'last': 'Barbosa'}, 'location': {'street': {'number': 293, 'name': 'Rua Maranhão '}, 'city': 'Maracanaú', 'state': 'Bahia', 'country': 'Brazil', 'postcode': 33922, 'coordinates': {'latitude': '-74.6225', 'longitude': '5.3695'}, 'timezone': {'offset': '+3:00', 'description': 'Baghdad, Riyadh, Moscow, St. Petersburg'}}, 'email': 'lucineri.barbosa@example.com', 'login': {'uuid': '91480682-49f1-4029-820c-2494af0200a7', 'username': 'smalldog373', 'password': '757575', 'salt': 'J0hckJWi', 'md5': '97128e80560f66374aa224a70a807964', 'sha1': '6a3f889c923c7b6c0f8f66138f16cd3e97911c72', 'sha256': '79c3298d83d39d57610666e458b4cb5ad2245a5f184b7ba506c0339b0d8d22a1'}, 'dob': {'date': '1979-10-07T17:11:16.542Z', 'age': 44}, 'registered': {'date': '2008-02-16T08:55:48.125Z', 'age': 16}, 'phone': '(90) 1006-4296', 'cell': '(14) 5501-7803', 'id': {'name': 'CPF', 'value': '607.055.718-64'}, 'picture': {'large': 'https://randomuser.me/api/portraits/women/60.jpg', 'medium': 'https://randomuser.me/api/portraits/med/women/60.jpg', 'thumbnail': 'https://randomuser.me/api/portraits/thumb/women/60.jpg'}, 'nat': 'BR'}</msg>
<arg>${json_data['results'][0]}</arg>
<doc>Logs the given message with the given level.</doc>
<status status="PASS" start="2024-04-28T21:12:51.744619" elapsed="0.000413"/>
</kw>
<kw name="Log" owner="BuiltIn">
<msg time="2024-04-28T21:12:51.745454" level="INFO">name</msg>
<arg>${key}</arg>
<doc>Logs the given message with the given level.</doc>
<status status="PASS" start="2024-04-28T21:12:51.745329" elapsed="0.000162"/>
</kw>
<var name="${key}">name</var>
<status status="PASS" start="2024-04-28T21:12:51.743742" elapsed="0.001962"/>
</iter>
<iter>
<kw name="Dictionary Should Contain Key" owner="Collections">
<msg time="2024-04-28T21:12:51.746393" level="INFO">False</msg>
<arg>${json_data['results'][0]}</arg>
<arg>${key}</arg>
<doc>Fails if ``key`` is not found from ``dictionary``.</doc>
<status status="PASS" start="2024-04-28T21:12:51.746002" elapsed="0.000429"/>
</kw>
<kw name="Log" owner="BuiltIn">
<msg time="2024-04-28T21:12:51.747099" level="INFO">{'gender': 'female', 'name': {'title': 'Miss', 'first': 'Lucineri', 'last': 'Barbosa'}, 'location': {'street': {'number': 293, 'name': 'Rua Maranhão '}, 'city': 'Maracanaú', 'state': 'Bahia', 'country': 'Brazil', 'postcode': 33922, 'coordinates': {'latitude': '-74.6225', 'longitude': '5.3695'}, 'timezone': {'offset': '+3:00', 'description': 'Baghdad, Riyadh, Moscow, St. Petersburg'}}, 'email': 'lucineri.barbosa@example.com', 'login': {'uuid': '91480682-49f1-4029-820c-2494af0200a7', 'username': 'smalldog373', 'password': '757575', 'salt': 'J0hckJWi', 'md5': '97128e80560f66374aa224a70a807964', 'sha1': '6a3f889c923c7b6c0f8f66138f16cd3e97911c72', 'sha256': '79c3298d83d39d57610666e458b4cb5ad2245a5f184b7ba506c0339b0d8d22a1'}, 'dob': {'date': '1979-10-07T17:11:16.542Z', 'age': 44}, 'registered': {'date': '2008-02-16T08:55:48.125Z', 'age': 16}, 'phone': '(90) 1006-4296', 'cell': '(14) 5501-7803', 'id': {'name': 'CPF', 'value': '607.055.718-64'}, 'picture': {'large': 'https://randomuser.me/api/portraits/women/60.jpg', 'medium': 'https://randomuser.me/api/portraits/med/women/60.jpg', 'thumbnail': 'https://randomuser.me/api/portraits/thumb/women/60.jpg'}, 'nat': 'BR'}</msg>
<arg>${json_data['results'][0]}</arg>
<doc>Logs the given message with the given level.</doc>
<status status="PASS" start="2024-04-28T21:12:51.746732" elapsed="0.000417"/>
</kw>
<kw name="Log" owner="BuiltIn">
<msg time="2024-04-28T21:12:51.747620" level="INFO">location</msg>
<arg>${key}</arg>
<doc>Logs the given message with the given level.</doc>
<status status="PASS" start="2024-04-28T21:12:51.747494" elapsed="0.000164"/>
</kw>
<var name="${key}">location</var>
<status status="PASS" start="2024-04-28T21:12:51.745884" elapsed="0.001986"/>
</iter>
<iter>
<kw name="Dictionary Should Contain Key" owner="Collections">
<msg time="2024-04-28T21:12:51.748534" level="INFO">False</msg>
<arg>${json_data['results'][0]}</arg>
<arg>${key}</arg>
<doc>Fails if ``key`` is not found from ``dictionary``.</doc>
<status status="PASS" start="2024-04-28T21:12:51.748152" elapsed="0.000419"/>
</kw>
<kw name="Log" owner="BuiltIn">
<msg time="2024-04-28T21:12:51.749227" level="INFO">{'gender': 'female', 'name': {'title': 'Miss', 'first': 'Lucineri', 'last': 'Barbosa'}, 'location': {'street': {'number': 293, 'name': 'Rua Maranhão '}, 'city': 'Maracanaú', 'state': 'Bahia', 'country': 'Brazil', 'postcode': 33922, 'coordinates': {'latitude': '-74.6225', 'longitude': '5.3695'}, 'timezone': {'offset': '+3:00', 'description': 'Baghdad, Riyadh, Moscow, St. Petersburg'}}, 'email': 'lucineri.barbosa@example.com', 'login': {'uuid': '91480682-49f1-4029-820c-2494af0200a7', 'username': 'smalldog373', 'password': '757575', 'salt': 'J0hckJWi', 'md5': '97128e80560f66374aa224a70a807964', 'sha1': '6a3f889c923c7b6c0f8f66138f16cd3e97911c72', 'sha256': '79c3298d83d39d57610666e458b4cb5ad2245a5f184b7ba506c0339b0d8d22a1'}, 'dob': {'date': '1979-10-07T17:11:16.542Z', 'age': 44}, 'registered': {'date': '2008-02-16T08:55:48.125Z', 'age': 16}, 'phone': '(90) 1006-4296', 'cell': '(14) 5501-7803', 'id': {'name': 'CPF', 'value': '607.055.718-64'}, 'picture': {'large': 'https://randomuser.me/api/portraits/women/60.jpg', 'medium': 'https://randomuser.me/api/portraits/med/women/60.jpg', 'thumbnail': 'https://randomuser.me/api/portraits/thumb/women/60.jpg'}, 'nat': 'BR'}</msg>
<arg>${json_data['results'][0]}</arg>
<doc>Logs the given message with the given level.</doc>
<status status="PASS" start="2024-04-28T21:12:51.748869" elapsed="0.000407"/>
</kw>
<kw name="Log" owner="BuiltIn">
<msg time="2024-04-28T21:12:51.749692" level="INFO">email</msg>
<arg>${key}</arg>
<doc>Logs the given message with the given level.</doc>
<status status="PASS" start="2024-04-28T21:12:51.749568" elapsed="0.000162"/>
</kw>
<var name="${key}">email</var>
<status status="PASS" start="2024-04-28T21:12:51.748043" elapsed="0.001898"/>
</iter>
<iter>
<kw name="Dictionary Should Contain Key" owner="Collections">
<msg time="2024-04-28T21:12:51.750606" level="INFO">False</msg>
<arg>${json_data['results'][0]}</arg>
<arg>${key}</arg>
<doc>Fails if ``key`` is not found from ``dictionary``.</doc>
<status status="PASS" start="2024-04-28T21:12:51.750222" elapsed="0.000421"/>
</kw>
<kw name="Log" owner="BuiltIn">
<msg time="2024-04-28T21:12:51.751338" level="INFO">{'gender': 'female', 'name': {'title': 'Miss', 'first': 'Lucineri', 'last': 'Barbosa'}, 'location': {'street': {'number': 293, 'name': 'Rua Maranhão '}, 'city': 'Maracanaú', 'state': 'Bahia', 'country': 'Brazil', 'postcode': 33922, 'coordinates': {'latitude': '-74.6225', 'longitude': '5.3695'}, 'timezone': {'offset': '+3:00', 'description': 'Baghdad, Riyadh, Moscow, St. Petersburg'}}, 'email': 'lucineri.barbosa@example.com', 'login': {'uuid': '91480682-49f1-4029-820c-2494af0200a7', 'username': 'smalldog373', 'password': '757575', 'salt': 'J0hckJWi', 'md5': '97128e80560f66374aa224a70a807964', 'sha1': '6a3f889c923c7b6c0f8f66138f16cd3e97911c72', 'sha256': '79c3298d83d39d57610666e458b4cb5ad2245a5f184b7ba506c0339b0d8d22a1'}, 'dob': {'date': '1979-10-07T17:11:16.542Z', 'age': 44}, 'registered': {'date': '2008-02-16T08:55:48.125Z', 'age': 16}, 'phone': '(90) 1006-4296', 'cell': '(14) 5501-7803', 'id': {'name': 'CPF', 'value': '607.055.718-64'}, 'picture': {'large': 'https://randomuser.me/api/portraits/women/60.jpg', 'medium': 'https://randomuser.me/api/portraits/med/women/60.jpg', 'thumbnail': 'https://randomuser.me/api/portraits/thumb/women/60.jpg'}, 'nat': 'BR'}</msg>
<arg>${json_data['results'][0]}</arg>
<doc>Logs the given message with the given level.</doc>
<status status="PASS" start="2024-04-28T21:12:51.750937" elapsed="0.000452"/>
</kw>
<kw name="Log" owner="BuiltIn">
<msg time="2024-04-28T21:12:51.751818" level="INFO">login</msg>
<arg>${key}</arg>
<doc>Logs the given message with the given level.</doc>
<status status="PASS" start="2024-04-28T21:12:51.751691" elapsed="0.000196"/>
</kw>
<var name="${key}">login</var>
<status status="PASS" start="2024-04-28T21:12:51.750113" elapsed="0.001998"/>
</iter>
<var>${key}</var>
<value>@{expected_keys}</value>
<status status="PASS" start="2024-04-28T21:12:51.741289" elapsed="0.010946"/>
</for>
<kw name="Create List" owner="BuiltIn">
<msg time="2024-04-28T21:12:51.752571" level="INFO">${expected_keysTwo} = ['username', 'password']</msg>
<var>${expected_keysTwo}</var>
<arg>username</arg>
<arg>password</arg>
<doc>Returns a list containing given items.</doc>
<status status="PASS" start="2024-04-28T21:12:51.752432" elapsed="0.000163"/>
</kw>
<for flavor="IN">
<iter>
<kw name="Dictionary Should Contain Key" owner="Collections">
<msg time="2024-04-28T21:12:51.753506" level="INFO">False</msg>
<arg>${json_data['results'][0]['login']}</arg>
<arg>${keyTwo}</arg>
<doc>Fails if ``key`` is not found from ``dictionary``.</doc>
<status status="PASS" start="2024-04-28T21:12:51.753110" elapsed="0.000433"/>
</kw>
<kw name="Dictionary Should Contain Key" owner="Collections">
<msg time="2024-04-28T21:12:51.754220" level="INFO">False</msg>
<arg>${json_data['results'][0]['login']}</arg>
<arg>${keyTwo}</arg>
<doc>Fails if ``key`` is not found from ``dictionary``.</doc>
<status status="PASS" start="2024-04-28T21:12:51.753836" elapsed="0.000422"/>
</kw>
<kw name="Log" owner="BuiltIn">
<msg time="2024-04-28T21:12:51.754673" level="INFO">username</msg>
<arg>${keyTwo}</arg>
<doc>Logs the given message with the given level.</doc>
<status status="PASS" start="2024-04-28T21:12:51.754547" elapsed="0.000169"/>
</kw>
<var name="${keyTwo}">username</var>
<status status="PASS" start="2024-04-28T21:12:51.753001" elapsed="0.001925"/>
</iter>
<iter>
<kw name="Dictionary Should Contain Key" owner="Collections">
<msg time="2024-04-28T21:12:51.755696" level="INFO">False</msg>
<arg>${json_data['results'][0]['login']}</arg>
<arg>${keyTwo}</arg>
<doc>Fails if ``key`` is not found from ``dictionary``.</doc>
<status status="PASS" start="2024-04-28T21:12:51.755208" elapsed="0.000533"/>
</kw>
<kw name="Dictionary Should Contain Key" owner="Collections">
<msg time="2024-04-28T21:12:51.756421" level="INFO">False</msg>
<arg>${json_data['results'][0]['login']}</arg>
<arg>${keyTwo}</arg>
<doc>Fails if ``key`` is not found from ``dictionary``.</doc>
<status status="PASS" start="2024-04-28T21:12:51.756044" elapsed="0.000413"/>
</kw>
<kw name="Log" owner="BuiltIn">
<msg time="2024-04-28T21:12:51.756869" level="INFO">password</msg>
<arg>${keyTwo}</arg>
<doc>Logs the given message with the given level.</doc>
<status status="PASS" start="2024-04-28T21:12:51.756745" elapsed="0.000160"/>
</kw>
<var name="${keyTwo}">password</var>
<status status="PASS" start="2024-04-28T21:12:51.755098" elapsed="0.002017"/>
</iter>
<var>${keyTwo}</var>
<value>@{expected_keysTwo}</value>
<status status="PASS" start="2024-04-28T21:12:51.752844" elapsed="0.004391"/>
</for>
<status status="PASS" start="2024-04-28T21:12:51.644775" elapsed="0.112604"/>
</kw>
<doc>Testa a estrutura da resposta da API.</doc>
<tag>testeEstruturaResposta</tag>
<status status="PASS" start="2024-04-28T21:12:51.644257" elapsed="0.113281"/>
</test>
<test id="s1-s1-t4" name="Validar tipos de dados" line="28">
<kw name="Teste de Tipos de Dados" owner="random-user-service">
<kw name="GET On Session" owner="RequestsLibrary">
<msg time="2024-04-28T21:12:51.847035" level="INFO">GET Request : url=https://randomuser.me/api 
 path_url=/api 
 headers={'User-Agent': 'python-requests/2.31.0', 'Accept-Encoding': 'gzip, deflate', 'Accept': '*/*', 'Connection': 'keep-alive'} 
 body=None 
 </msg>
<msg time="2024-04-28T21:12:51.847149" level="INFO">GET Response : url=https://randomuser.me/api 
 status=200, reason=OK 
 headers={'Date': 'Sun, 28 Apr 2024 21:12:51 GMT', 'Content-Type': 'application/json; charset=utf-8', 'Transfer-Encoding': 'chunked', 'Connection': 'keep-alive', 'X-Powered-By': 'Express', 'Access-Control-Allow-Origin': '*', 'Cache-Control': 'no-cache', 'ETag': 'W/"494-tbYhz1tT4jRyuTycs+pwTXlx3es"', 'Vary': 'Accept-Encoding', 'Content-Encoding': 'gzip', 'CF-Cache-Status': 'DYNAMIC', 'Report-To': '{"endpoints":[{"url":"https:\\/\\/a.nel.cloudflare.com\\/report\\/v4?s=6mcR9NSjtahrnmvjRiBrHtcld5SQWCHcD9biwgrBDkEaYE8VoJz5fTbDiM5VW5mw%2FHlkihbMrK0BTyTJZdq8n529fDUNTY4Hm45Zpf%2BWexLmbsH6RJsiQl42pad8FdLD"}],"group":"cf-nel","max_age":604800}', 'NEL': '{"success_fraction":0,"report_to":"cf-nel","max_age":604800}', 'Server': 'cloudflare', 'CF-RAY': '87ba0d8b9d08cee9-SJC', 'alt-svc': 'h3=":443"; ma=86400'} 
 body={"results":[{"gender":"female","name":{"title":"Ms","first":"Sandra","last":"Saldivar"},"location":{"street":{"number":9061,"name":"Periférico Norte Tijerina"},"city":"Sucila","state":"Ciudad de Mexico","country":"Mexico","postcode":76014,"coordinates":{"latitude":"25.4394","longitude":"92.0789"},"timezone":{"offset":"+5:45","description":"Kathmandu"}},"email":"sandra.saldivar@example.com","login":{"uuid":"eccbecd3-ba73-4fdb-9f16-e3d928a4be37","username":"greentiger302","password":"audi","salt":"ODn0ZUv0","md5":"c4e34982770c0879db67769637f20839","sha1":"b86e5c75266e22906701237820b4149f976f0a0f","sha256":"92be248f0b0a70eae0d0ef50a531a1cdf81cf81591db0ea5dcd6f0587325a2cf"},"dob":{"date":"1993-12-10T05:02:52.018Z","age":30},"registered":{"date":"2014-09-17T08:12:33.679Z","age":9},"phone":"(656) 279 2461","cell":"(605) 070 0696","id":{"name":"NSS","value":"93 78 27 4190 7"},"picture":{"large":"https://randomuser.me/api/portraits/women/15.jpg","medium":"https://randomuser.me/api/portraits/med/women/15.jpg","thumbnail":"https://randomuser.me/api/portraits/thumb/women/15.jpg"},"nat":"MX"}],"info":{"seed":"81564fb92051c566","results":1,"page":1,"version":"1.4"}} 
 </msg>
<msg time="2024-04-28T21:12:51.847260" level="INFO">/opt/hostedtoolcache/Python/3.12.3/x64/lib/python3.12/site-packages/urllib3/connectionpool.py:1103: InsecureRequestWarning: Unverified HTTPS request is being made to host 'randomuser.me'. Adding certificate verification is strongly advised. See: https://urllib3.readthedocs.io/en/latest/advanced-usage.html#tls-warnings
  warnings.warn(</msg>
<msg time="2024-04-28T21:12:51.847419" level="INFO">${response} = &lt;Response [200]&gt;</msg>
<var>${response}</var>
<arg>consultarAPI</arg>
<arg>/api</arg>
<doc>Sends a GET request on a previously created HTTP Session.</doc>
<status status="PASS" start="2024-04-28T21:12:51.760065" elapsed="0.087396"/>
</kw>
<kw name="Set Variable" owner="BuiltIn">
<msg time="2024-04-28T21:12:51.848711" level="INFO">${json_data} = {'results': [{'gender': 'female', 'name': {'title': 'Ms', 'first': 'Sandra', 'last': 'Saldivar'}, 'location': {'street': {'number': 9061, 'name': 'Periférico Norte Tijerina'}, 'city': 'Sucila', 'state...</msg>
<var>${json_data}</var>
<arg>${response.json()}</arg>
<doc>Returns the given values which can then be assigned to a variables.</doc>
<status status="PASS" start="2024-04-28T21:12:51.848132" elapsed="0.000609"/>
</kw>
<kw name="Log" owner="BuiltIn">
<msg time="2024-04-28T21:12:51.849268" level="INFO">{'results': [{'gender': 'female', 'name': {'title': 'Ms', 'first': 'Sandra', 'last': 'Saldivar'}, 'location': {'street': {'number': 9061, 'name': 'Periférico Norte Tijerina'}, 'city': 'Sucila', 'state': 'Ciudad de Mexico', 'country': 'Mexico', 'postcode': 76014, 'coordinates': {'latitude': '25.4394', 'longitude': '92.0789'}, 'timezone': {'offset': '+5:45', 'description': 'Kathmandu'}}, 'email': 'sandra.saldivar@example.com', 'login': {'uuid': 'eccbecd3-ba73-4fdb-9f16-e3d928a4be37', 'username': 'greentiger302', 'password': 'audi', 'salt': 'ODn0ZUv0', 'md5': 'c4e34982770c0879db67769637f20839', 'sha1': 'b86e5c75266e22906701237820b4149f976f0a0f', 'sha256': '92be248f0b0a70eae0d0ef50a531a1cdf81cf81591db0ea5dcd6f0587325a2cf'}, 'dob': {'date': '1993-12-10T05:02:52.018Z', 'age': 30}, 'registered': {'date': '2014-09-17T08:12:33.679Z', 'age': 9}, 'phone': '(656) 279 2461', 'cell': '(605) 070 0696', 'id': {'name': 'NSS', 'value': '93 78 27 4190 7'}, 'picture': {'large': 'https://randomuser.me/api/portraits/women/15.jpg', 'medium': 'https://randomuser.me/api/portraits/med/women/15.jpg', 'thumbnail': 'https://randomuser.me/api/portraits/thumb/women/15.jpg'}, 'nat': 'MX'}], 'info': {'seed': '81564fb92051c566', 'results': 1, 'page': 1, 'version': '1.4'}}</msg>
<arg>${json_data}</arg>
<doc>Logs the given message with the given level.</doc>
<status status="PASS" start="2024-04-28T21:12:51.849093" elapsed="0.000266"/>
</kw>
<kw name="Should Be String" owner="String">
<arg>${json_data['results'][0]['gender']}</arg>
<doc>Fails if the given ``item`` is not a string.</doc>
<status status="PASS" start="2024-04-28T21:12:51.849682" elapsed="0.000382"/>
</kw>
<kw name="Should Match Regexp" owner="BuiltIn">
<arg>${json_data['results'][0]['email']}</arg>
<arg>^[a-zA-Z0-9._%+-]+@[a-zA-Z0-9.-]+\.[a-zA-Z]{2,}$</arg>
<doc>Fails if ``string`` does not match ``pattern`` as a regular expression.</doc>
<status status="PASS" start="2024-04-28T21:12:51.850259" elapsed="0.000532"/>
</kw>
<kw name="Should Match Regexp" owner="BuiltIn">
<arg>${json_data['results'][0]['dob']['date']}</arg>
<arg>\\d{4}-\\d{2}-\\d{2}T\\d{2}:\\d{2}:\\d{2}\\.\\d{3}Z</arg>
<doc>Fails if ``string`` does not match ``pattern`` as a regular expression.</doc>
<status status="PASS" start="2024-04-28T21:12:51.850988" elapsed="0.000536"/>
</kw>
<kw name="Should Match Regexp" owner="BuiltIn">
<arg>${json_data['results'][0]['registered']['date']}</arg>
<arg>\\d{4}-\\d{2}-\\d{2}T\\d{2}:\\d{2}:\\d{2}\\.\\d{3}Z</arg>
<doc>Fails if ``string`` does not match ``pattern`` as a regular expression.</doc>
<status status="PASS" start="2024-04-28T21:12:51.851716" elapsed="0.000373"/>
</kw>
<kw name="Should Match Regexp" owner="BuiltIn">
<arg>${json_data['results'][0]['picture']['large']}</arg>
<arg>^https?://.*\.(?:png|jpe?g|gif|bmp)$</arg>
<doc>Fails if ``string`` does not match ``pattern`` as a regular expression.</doc>
<status status="PASS" start="2024-04-28T21:12:51.852275" elapsed="0.000521"/>
</kw>
<kw name="Should Match Regexp" owner="BuiltIn">
<arg>${json_data['results'][0]['picture']['medium']}</arg>
<arg>^https?://.*\.(?:png|jpe?g|gif|bmp)$</arg>
<doc>Fails if ``string`` does not match ``pattern`` as a regular expression.</doc>
<status status="PASS" start="2024-04-28T21:12:51.853075" elapsed="0.000547"/>
</kw>
<kw name="Should Match Regexp" owner="BuiltIn">
<arg>${json_data['results'][0]['picture']['thumbnail']}</arg>
<arg>^https?://.*\.(?:png|jpe?g|gif|bmp)$</arg>
<doc>Fails if ``string`` does not match ``pattern`` as a regular expression.</doc>
<status status="PASS" start="2024-04-28T21:12:51.853865" elapsed="0.000366"/>
</kw>
<kw name="Log" owner="BuiltIn">
<msg time="2024-04-28T21:12:51.854745" level="INFO">{'large': 'https://randomuser.me/api/portraits/women/15.jpg', 'medium': 'https://randomuser.me/api/portraits/med/women/15.jpg', 'thumbnail': 'https://randomuser.me/api/portraits/thumb/women/15.jpg'}</msg>
<arg>${json_data['results'][0]['picture']}</arg>
<doc>Logs the given message with the given level.</doc>
<status status="PASS" start="2024-04-28T21:12:51.854417" elapsed="0.000370"/>
</kw>
<status status="PASS" start="2024-04-28T21:12:51.759833" elapsed="0.095219"/>
</kw>
<kw name="Teste de Tipos de Dados - Postcode" owner="random-user-service">
<kw name="GET On Session" owner="RequestsLibrary">
<msg time="2024-04-28T21:12:51.960601" level="INFO">GET Request : url=https://randomuser.me/api 
 path_url=/api 
 headers={'User-Agent': 'python-requests/2.31.0', 'Accept-Encoding': 'gzip, deflate', 'Accept': '*/*', 'Connection': 'keep-alive'} 
 body=None 
 </msg>
<msg time="2024-04-28T21:12:51.960703" level="INFO">GET Response : url=https://randomuser.me/api 
 status=200, reason=OK 
 headers={'Date': 'Sun, 28 Apr 2024 21:12:51 GMT', 'Content-Type': 'application/json; charset=utf-8', 'Transfer-Encoding': 'chunked', 'Connection': 'keep-alive', 'X-Powered-By': 'Express', 'Access-Control-Allow-Origin': '*', 'Cache-Control': 'no-cache', 'ETag': 'W/"484-W7tFWQkhE+vKdil55T4zhSIO5hk"', 'Vary': 'Accept-Encoding', 'Content-Encoding': 'gzip', 'CF-Cache-Status': 'DYNAMIC', 'Report-To': '{"endpoints":[{"url":"https:\\/\\/a.nel.cloudflare.com\\/report\\/v4?s=3NOBCy3OdMjUzNpVO23hOaZTktG0CmrDY6QL%2BS18uFKYsBvRbonn%2Bkyb9M3wQWNov8bwbM9JjuB6wJ5CvKO2QUUNnt3rbckhbzObCPm7ugt9aep8C3xtc84sI4Raw1gh"}],"group":"cf-nel","max_age":604800}', 'NEL': '{"success_fraction":0,"report_to":"cf-nel","max_age":604800}', 'Server': 'cloudflare', 'CF-RAY': '87ba0d8c2d6fcee9-SJC', 'alt-svc': 'h3=":443"; ma=86400'} 
 body={"results":[{"gender":"female","name":{"title":"Ms","first":"Alexis","last":"Riley"},"location":{"street":{"number":7713,"name":"Valley View Ln"},"city":"Bendigo","state":"South Australia","country":"Australia","postcode":616,"coordinates":{"latitude":"-83.0628","longitude":"164.4599"},"timezone":{"offset":"+9:30","description":"Adelaide, Darwin"}},"email":"alexis.riley@example.com","login":{"uuid":"0ceecd28-b779-42a7-a074-85bcfeb8e2ac","username":"brownlion397","password":"journey","salt":"BDJjPDjd","md5":"1ede859d900f2892c47ec0f8959f48b7","sha1":"2db4258ba41d3113da5496ce30152cb43d9b5d75","sha256":"d72ff0d58b0cb986b4da1b84c6d6db51330afb9157ad1afd6c45af1310ad34c7"},"dob":{"date":"1984-06-15T07:03:25.467Z","age":39},"registered":{"date":"2018-07-19T13:42:20.392Z","age":5},"phone":"09-7591-6831","cell":"0439-734-379","id":{"name":"TFN","value":"233766292"},"picture":{"large":"https://randomuser.me/api/portraits/women/94.jpg","medium":"https://randomuser.me/api/portraits/med/women/94.jpg","thumbnail":"https://randomuser.me/api/portraits/thumb/women/94.jpg"},"nat":"AU"}],"info":{"seed":"ba3c32cc9bf3a40e","results":1,"page":1,"version":"1.4"}} 
 </msg>
<msg time="2024-04-28T21:12:51.960775" level="INFO">/opt/hostedtoolcache/Python/3.12.3/x64/lib/python3.12/site-packages/urllib3/connectionpool.py:1103: InsecureRequestWarning: Unverified HTTPS request is being made to host 'randomuser.me'. Adding certificate verification is strongly advised. See: https://urllib3.readthedocs.io/en/latest/advanced-usage.html#tls-warnings
  warnings.warn(</msg>
<msg time="2024-04-28T21:12:51.960898" level="INFO">${response} = &lt;Response [200]&gt;</msg>
<var>${response}</var>
<arg>consultarAPI</arg>
<arg>/api</arg>
<doc>Sends a GET request on a previously created HTTP Session.</doc>
<status status="PASS" start="2024-04-28T21:12:51.855573" elapsed="0.105367"/>
</kw>
<kw name="Set Variable" owner="BuiltIn">
<msg time="2024-04-28T21:12:51.962154" level="INFO">${json_data} = {'results': [{'gender': 'female', 'name': {'title': 'Ms', 'first': 'Alexis', 'last': 'Riley'}, 'location': {'street': {'number': 7713, 'name': 'Valley View Ln'}, 'city': 'Bendigo', 'state': 'South Aus...</msg>
<var>${json_data}</var>
<arg>${response.json()}</arg>
<doc>Returns the given values which can then be assigned to a variables.</doc>
<status status="PASS" start="2024-04-28T21:12:51.961586" elapsed="0.000597"/>
</kw>
<kw name="Log" owner="BuiltIn">
<msg time="2024-04-28T21:12:51.962708" level="INFO">{'results': [{'gender': 'female', 'name': {'title': 'Ms', 'first': 'Alexis', 'last': 'Riley'}, 'location': {'street': {'number': 7713, 'name': 'Valley View Ln'}, 'city': 'Bendigo', 'state': 'South Australia', 'country': 'Australia', 'postcode': 616, 'coordinates': {'latitude': '-83.0628', 'longitude': '164.4599'}, 'timezone': {'offset': '+9:30', 'description': 'Adelaide, Darwin'}}, 'email': 'alexis.riley@example.com', 'login': {'uuid': '0ceecd28-b779-42a7-a074-85bcfeb8e2ac', 'username': 'brownlion397', 'password': 'journey', 'salt': 'BDJjPDjd', 'md5': '1ede859d900f2892c47ec0f8959f48b7', 'sha1': '2db4258ba41d3113da5496ce30152cb43d9b5d75', 'sha256': 'd72ff0d58b0cb986b4da1b84c6d6db51330afb9157ad1afd6c45af1310ad34c7'}, 'dob': {'date': '1984-06-15T07:03:25.467Z', 'age': 39}, 'registered': {'date': '2018-07-19T13:42:20.392Z', 'age': 5}, 'phone': '09-7591-6831', 'cell': '0439-734-379', 'id': {'name': 'TFN', 'value': '233766292'}, 'picture': {'large': 'https://randomuser.me/api/portraits/women/94.jpg', 'medium': 'https://randomuser.me/api/portraits/med/women/94.jpg', 'thumbnail': 'https://randomuser.me/api/portraits/thumb/women/94.jpg'}, 'nat': 'AU'}], 'info': {'seed': 'ba3c32cc9bf3a40e', 'results': 1, 'page': 1, 'version': '1.4'}}</msg>
<arg>${json_data}</arg>
<doc>Logs the given message with the given level.</doc>
<status status="PASS" start="2024-04-28T21:12:51.962537" elapsed="0.000255"/>
</kw>
<kw name="Should Be Equal As Numbers" owner="BuiltIn">
<arg>${json_data['results'][0]['location']['postcode']}</arg>
<arg>${json_data['results'][0]['location']['postcode']}</arg>
<doc>Fails if objects are unequal after converting them to real numbers.</doc>
<status status="PASS" start="2024-04-28T21:12:51.963344" elapsed="0.000665"/>
</kw>
<kw name="Log" owner="BuiltIn">
<msg time="2024-04-28T21:12:51.964561" level="INFO">616</msg>
<arg>${json_data['results'][0]['location']['postcode']}</arg>
<doc>Logs the given message with the given level.</doc>
<status status="PASS" start="2024-04-28T21:12:51.964213" elapsed="0.000389"/>
</kw>
<status status="PASS" start="2024-04-28T21:12:51.855318" elapsed="0.109547"/>
</kw>
<doc>Testa se os tipos de dados na resposta da API estão corretos.</doc>
<tag>testeTiposDados</tag>
<status status="PASS" start="2024-04-28T21:12:51.759363" elapsed="0.205672"/>
</test>
<test id="s1-s1-t5" name="Validar conteudo" line="35">
<kw name="Teste de Tipos de Conteudo" owner="random-user-service">
<kw name="GET On Session" owner="RequestsLibrary">
<msg time="2024-04-28T21:12:52.056129" level="INFO">GET Request : url=https://randomuser.me/api 
 path_url=/api 
 headers={'User-Agent': 'python-requests/2.31.0', 'Accept-Encoding': 'gzip, deflate', 'Accept': '*/*', 'Connection': 'keep-alive'} 
 body=None 
 </msg>
<msg time="2024-04-28T21:12:52.056227" level="INFO">GET Response : url=https://randomuser.me/api 
 status=200, reason=OK 
 headers={'Date': 'Sun, 28 Apr 2024 21:12:52 GMT', 'Content-Type': 'application/json; charset=utf-8', 'Transfer-Encoding': 'chunked', 'Connection': 'keep-alive', 'X-Powered-By': 'Express', 'Access-Control-Allow-Origin': '*', 'Cache-Control': 'no-cache', 'ETag': 'W/"4af-vKr3dLuq57SWuHmyMoN8vL45n4Y"', 'Vary': 'Accept-Encoding', 'Content-Encoding': 'gzip', 'CF-Cache-Status': 'DYNAMIC', 'Report-To': '{"endpoints":[{"url":"https:\\/\\/a.nel.cloudflare.com\\/report\\/v4?s=wkmDSw3vzYyJ9sVB1cTw1rGNAfwH6rtk0DTAZXxezV%2FZ3DjJJAFKpmcQyWW9HTSDnU3Kh6r1KGtT27mQttZtfzMgnOEG2JF5pnEXhPpZU96rWQEsBhz9P2AprTcCJfoT"}],"group":"cf-nel","max_age":604800}', 'NEL': '{"success_fraction":0,"report_to":"cf-nel","max_age":604800}', 'Server': 'cloudflare', 'CF-RAY': '87ba0d8cee07cee9-SJC', 'alt-svc': 'h3=":443"; ma=86400'} 
 body={"results":[{"gender":"male","name":{"title":"Monsieur","first":"Christophe","last":"Clement"},"location":{"street":{"number":4267,"name":"Avenue Joliot Curie"},"city":"Rüdlingen","state":"Graubünden","country":"Switzerland","postcode":6183,"coordinates":{"latitude":"-56.0890","longitude":"-176.3790"},"timezone":{"offset":"-3:00","description":"Brazil, Buenos Aires, Georgetown"}},"email":"christophe.clement@example.com","login":{"uuid":"22561b65-7244-428d-9e28-c8ac966cfac2","username":"blacklion826","password":"tabatha","salt":"ChsskIYL","md5":"9e1a6c7dfb9a49f619c0742553ce005d","sha1":"ec056fc22354090a12d8121784f808fe6032f786","sha256":"2ade2cfa53f184329973f039f0775f817f17f4e2946a5b2840748a2c269e780c"},"dob":{"date":"1975-07-07T07:12:37.465Z","age":48},"registered":{"date":"2015-05-26T15:03:35.851Z","age":8},"phone":"077 479 67 17","cell":"079 113 46 80","id":{"name":"AVS","value":"756.6496.6018.56"},"picture":{"large":"https://randomuser.me/api/portraits/men/77.jpg","medium":"https://randomuser.me/api/portraits/med/men/77.jpg","thumbnail":"https://randomuser.me/api/portraits/thumb/men/77.jpg"},"nat":"CH"}],"info":{"seed":"8a112ad13525e130","results":1,"page":1,"version":"1.4"}} 
 </msg>
<msg time="2024-04-28T21:12:52.056302" level="INFO">/opt/hostedtoolcache/Python/3.12.3/x64/lib/python3.12/site-packages/urllib3/connectionpool.py:1103: InsecureRequestWarning: Unverified HTTPS request is being made to host 'randomuser.me'. Adding certificate verification is strongly advised. See: https://urllib3.readthedocs.io/en/latest/advanced-usage.html#tls-warnings
  warnings.warn(</msg>
<msg time="2024-04-28T21:12:52.056429" level="INFO">${response} = &lt;Response [200]&gt;</msg>
<var>${response}</var>
<arg>consultarAPI</arg>
<arg>/api</arg>
<doc>Sends a GET request on a previously created HTTP Session.</doc>
<status status="PASS" start="2024-04-28T21:12:51.967976" elapsed="0.088493"/>
</kw>
<kw name="Set Variable" owner="BuiltIn">
<msg time="2024-04-28T21:12:52.057647" level="INFO">${json_data} = {'results': [{'gender': 'male', 'name': {'title': 'Monsieur', 'first': 'Christophe', 'last': 'Clement'}, 'location': {'street': {'number': 4267, 'name': 'Avenue Joliot Curie'}, 'city': 'Rüdlingen', 's...</msg>
<var>${json_data}</var>
<arg>${response.json()}</arg>
<doc>Returns the given values which can then be assigned to a variables.</doc>
<status status="PASS" start="2024-04-28T21:12:52.057090" elapsed="0.000588"/>
</kw>
<kw name="Set Variable" owner="BuiltIn">
<msg time="2024-04-28T21:12:52.058382" level="INFO">${name_title} = Monsieur</msg>
<var>${name_title}</var>
<arg>${json_data["results"][0]["name"]["title"]}</arg>
<doc>Returns the given values which can then be assigned to a variables.</doc>
<status status="PASS" start="2024-04-28T21:12:52.057985" elapsed="0.000423"/>
</kw>
<kw name="Create List" owner="BuiltIn">
<msg time="2024-04-28T21:12:52.058851" level="INFO">${allowed_titles} = ['Mr', 'Ms', 'Miss', 'Mrs', 'Madame', 'Monsieur']</msg>
<var>${allowed_titles}</var>
<arg>Mr</arg>
<arg>Ms</arg>
<arg>Miss</arg>
<arg>Mrs</arg>
<arg>Madame</arg>
<arg>Monsieur</arg>
<doc>Returns a list containing given items.</doc>
<status status="PASS" start="2024-04-28T21:12:52.058705" elapsed="0.000170"/>
</kw>
<kw name="List Should Contain Value" owner="Collections">
<msg time="2024-04-28T21:12:52.059397" level="INFO">False</msg>
<arg>${allowed_titles}</arg>
<arg>${name_title}</arg>
<doc>Fails if the ``value`` is not found from ``list``.</doc>
<status status="PASS" start="2024-04-28T21:12:52.059175" elapsed="0.000259"/>
</kw>
<kw name="Set Variable" owner="BuiltIn">
<msg time="2024-04-28T21:12:52.060111" level="INFO">${name_country} = CH</msg>
<var>${name_country}</var>
<arg>${json_data["results"][0]["nat"]}</arg>
<doc>Returns the given values which can then be assigned to a variables.</doc>
<status status="PASS" start="2024-04-28T21:12:52.059726" elapsed="0.000410"/>
</kw>
<kw name="Create List" owner="BuiltIn">
<msg time="2024-04-28T21:12:52.061017" level="INFO">${list_country} = ['AD', 'AE', 'AF', 'AG', 'AI', 'AL', 'AM', 'AO', 'AQ', 'AR', 'AS', 'AT', 'AU', 'AW', 'AX', 'AZ', 'BA', 'BB', 'BD', 'BE', 'BF', 'BG', 'BH', 'BI', 'BJ', 'BL', 'BM', 'BN', 'BO', 'BQ', 'BR', 'BS', 'BT', '...</msg>
<var>${list_country}</var>
<arg>AD</arg>
<arg>AE</arg>
<arg>AF</arg>
<arg>AG</arg>
<arg>AI</arg>
<arg>AL</arg>
<arg>AM</arg>
<arg>AO</arg>
<arg>AQ</arg>
<arg>AR</arg>
<arg>AS</arg>
<arg>AT</arg>
<arg>AU</arg>
<arg>AW</arg>
<arg>AX</arg>
<arg>AZ</arg>
<arg>BA</arg>
<arg>BB</arg>
<arg>BD</arg>
<arg>BE</arg>
<arg>BF</arg>
<arg>BG</arg>
<arg>BH</arg>
<arg>BI</arg>
<arg>BJ</arg>
<arg>BL</arg>
<arg>BM</arg>
<arg>BN</arg>
<arg>BO</arg>
<arg>BQ</arg>
<arg>BR</arg>
<arg>BS</arg>
<arg>BT</arg>
<arg>BV</arg>
<arg>BW</arg>
<arg>BY</arg>
<arg>BZ</arg>
<arg>CA</arg>
<arg>CC</arg>
<arg>CD</arg>
<arg>CF</arg>
<arg>CG</arg>
<arg>CH</arg>
<arg>CI</arg>
<arg>CK</arg>
<arg>CL</arg>
<arg>CM</arg>
<arg>CN</arg>
<arg>CO</arg>
<arg>CR</arg>
<arg>CU</arg>
<arg>CV</arg>
<arg>CW</arg>
<arg>CX</arg>
<arg>CY</arg>
<arg>CZ</arg>
<arg>DE</arg>
<arg>DJ</arg>
<arg>DK</arg>
<arg>DM</arg>
<arg>DO</arg>
<arg>DZ</arg>
<arg>EC</arg>
<arg>EE</arg>
<arg>EG</arg>
<arg>EH</arg>
<arg>ER</arg>
<arg>ES</arg>
<arg>ET</arg>
<arg>FI</arg>
<arg>FJ</arg>
<arg>FK</arg>
<arg>FM</arg>
<arg>FO</arg>
<arg>FR</arg>
<arg>GA</arg>
<arg>GB</arg>
<arg>GD</arg>
<arg>GE</arg>
<arg>GF</arg>
<arg>GG</arg>
<arg>GH</arg>
<arg>GI</arg>
<arg>GL</arg>
<arg>GM</arg>
<arg>GN</arg>
<arg>GP</arg>
<arg>GQ</arg>
<arg>GR</arg>
<arg>GS</arg>
<arg>GT</arg>
<arg>GU</arg>
<arg>GW</arg>
<arg>GY</arg>
<arg>HK</arg>
<arg>HM</arg>
<arg>HN</arg>
<arg>HR</arg>
<arg>HT</arg>
<arg>HU</arg>
<arg>ID</arg>
<arg>IE</arg>
<arg>IL</arg>
<arg>IM</arg>
<arg>IN</arg>
<arg>IO</arg>
<arg>IQ</arg>
<arg>IR</arg>
<arg>IS</arg>
<arg>IT</arg>
<arg>JE</arg>
<arg>JM</arg>
<arg>JO</arg>
<arg>JP</arg>
<arg>KE</arg>
<arg>KG</arg>
<arg>KH</arg>
<arg>KI</arg>
<arg>KM</arg>
<arg>KN</arg>
<arg>KP</arg>
<arg>KR</arg>
<arg>KW</arg>
<arg>KY</arg>
<arg>KZ</arg>
<arg>LA</arg>
<arg>LB</arg>
<arg>LC</arg>
<arg>LI</arg>
<arg>LK</arg>
<arg>LR</arg>
<arg>LS</arg>
<arg>LT</arg>
<arg>LU</arg>
<arg>LV</arg>
<arg>LY</arg>
<arg>MA</arg>
<arg>MC</arg>
<arg>MD</arg>
<arg>ME</arg>
<arg>MF</arg>
<arg>MG</arg>
<arg>MH</arg>
<arg>MK</arg>
<arg>ML</arg>
<arg>MM</arg>
<arg>MN</arg>
<arg>MO</arg>
<arg>MP</arg>
<arg>MQ</arg>
<arg>MR</arg>
<arg>MS</arg>
<arg>MT</arg>
<arg>MU</arg>
<arg>MV</arg>
<arg>MW</arg>
<arg>MX</arg>
<arg>MY</arg>
<arg>MZ</arg>
<arg>NA</arg>
<arg>NC</arg>
<arg>NE</arg>
<arg>NF</arg>
<arg>NG</arg>
<arg>NI</arg>
<arg>NL</arg>
<arg>NO</arg>
<arg>NP</arg>
<arg>NR</arg>
<arg>NU</arg>
<arg>NZ</arg>
<arg>OM</arg>
<arg>PA</arg>
<arg>PE</arg>
<arg>PF</arg>
<arg>PG</arg>
<arg>PH</arg>
<arg>PK</arg>
<arg>PL</arg>
<arg>PM</arg>
<arg>PN</arg>
<arg>PR</arg>
<arg>PS</arg>
<arg>PT</arg>
<arg>PW</arg>
<arg>PY</arg>
<arg>QA</arg>
<arg>RE</arg>
<arg>RO</arg>
<arg>RS</arg>
<arg>RU</arg>
<arg>RW</arg>
<arg>SA</arg>
<arg>SB</arg>
<arg>SC</arg>
<arg>SD</arg>
<arg>SE</arg>
<arg>SG</arg>
<arg>SH</arg>
<arg>SI</arg>
<arg>SJ</arg>
<arg>SK</arg>
<arg>SL</arg>
<arg>SM</arg>
<arg>SN</arg>
<arg>SO</arg>
<arg>SR</arg>
<arg>SS</arg>
<arg>ST</arg>
<arg>SV</arg>
<arg>SX</arg>
<arg>SY</arg>
<arg>SZ</arg>
<arg>TC</arg>
<arg>TD</arg>
<arg>TF</arg>
<arg>TG</arg>
<arg>TH</arg>
<arg>TJ</arg>
<arg>TK</arg>
<arg>TL</arg>
<arg>TM</arg>
<arg>TN</arg>
<arg>TO</arg>
<arg>TR</arg>
<arg>TT</arg>
<arg>TV</arg>
<arg>TW</arg>
<arg>TZ</arg>
<arg>UA</arg>
<arg>UG</arg>
<arg>UM</arg>
<arg>US</arg>
<arg>UY</arg>
<arg>UZ</arg>
<arg>VA</arg>
<arg>VC</arg>
<arg>VE</arg>
<arg>VG</arg>
<arg>VI</arg>
<arg>VN</arg>
<arg>VU</arg>
<arg>WF</arg>
<arg>WS</arg>
<arg>XK</arg>
<arg>YE</arg>
<arg>YT</arg>
<arg>ZA</arg>
<arg>ZM</arg>
<arg>ZW</arg>
<doc>Returns a list containing given items.</doc>
<status status="PASS" start="2024-04-28T21:12:52.060437" elapsed="0.000605"/>
</kw>
<kw name="List Should Contain Value" owner="Collections">
<msg time="2024-04-28T21:12:52.062030" level="INFO">False</msg>
<arg>${list_country}</arg>
<arg>${name_country}</arg>
<doc>Fails if the ``value`` is not found from ``list``.</doc>
<status status="PASS" start="2024-04-28T21:12:52.061832" elapsed="0.000235"/>
</kw>
<kw name="Run Keyword If" owner="BuiltIn">
<kw name="Should Be True" owner="BuiltIn">
<arg>${True}</arg>
<doc>Fails if the given condition is not true.</doc>
<status status="PASS" start="2024-04-28T21:12:52.063149" elapsed="0.000303"/>
</kw>
<arg>${json_data["results"][0]["location"]["coordinates"]["latitude"]} &gt;= -90 and ${json_data["results"][0]["location"]["coordinates"]["latitude"]} &lt;= 90</arg>
<arg>Should Be True</arg>
<arg>${True}</arg>
<doc>Runs the given keyword with the given arguments, if ``condition`` is true.</doc>
<status status="PASS" start="2024-04-28T21:12:52.062377" elapsed="0.001211"/>
</kw>
<kw name="Run Keyword If" owner="BuiltIn">
<kw name="Should Be True" owner="BuiltIn">
<arg>${True}</arg>
<doc>Fails if the given condition is not true.</doc>
<status status="PASS" start="2024-04-28T21:12:52.064485" elapsed="0.000137"/>
</kw>
<arg>${json_data["results"][0]["location"]["coordinates"]["longitude"]} &gt;= -180 and ${json_data["results"][0]["location"]["coordinates"]["longitude"]} &lt;= 180</arg>
<arg>Should Be True</arg>
<arg>${True}</arg>
<doc>Runs the given keyword with the given arguments, if ``condition`` is true.</doc>
<status status="PASS" start="2024-04-28T21:12:52.063776" elapsed="0.000971"/>
</kw>
<status status="PASS" start="2024-04-28T21:12:51.967582" elapsed="0.097298"/>
</kw>
<doc>Testa o conteúdo específico dos campos retornados pela API.</doc>
<tag>testeConteudo</tag>
<status status="PASS" start="2024-04-28T21:12:51.966838" elapsed="0.098195"/>
</test>
<status status="PASS" start="2024-04-28T21:12:51.206021" elapsed="0.861029"/>
</suite>
<status status="PASS" start="2024-04-28T21:12:51.192177" elapsed="0.880232"/>
</suite>
<statistics>
<total>
<stat pass="5" fail="0" skip="0">All Tests</stat>
</total>
<tag>
<stat pass="1" fail="0" skip="0">testeConteudo</stat>
<stat pass="1" fail="0" skip="0">testeEstruturaResposta</stat>
<stat pass="1" fail="0" skip="0">testeRequisicaoBasica</stat>
<stat pass="1" fail="0" skip="0">testeTiposDados</stat>
</tag>
<suite>
<stat pass="5" fail="0" skip="0" id="s1" name="Tests">Tests</stat>
<stat pass="5" fail="0" skip="0" id="s1-s1" name="Random-User-Test">Tests.Random-User-Test</stat>
</suite>
</statistics>
<errors>
</errors>
</robot>
