<?xml version="1.0" encoding="UTF-8"?>
<robot generator="Robot 7.0 (Python 3.12.2 on linux)" generated="2024-03-30T21:11:20.377090" rpa="false" schemaversion="5">
<suite id="s1" name="Tests" source="/home/runner/work/DesafioQAItauRogerioJordao/DesafioQAItauRogerioJordao/RamdonUser/tests">
<suite id="s1-s1" name="Random-User-Test" source="/home/runner/work/DesafioQAItauRogerioJordao/DesafioQAItauRogerioJordao/RamdonUser/tests/random-user-test.robot">
<test id="s1-s1-t1" name="Conectar" line="13">
<kw name="Conectar API" owner="random-user-service">
<kw name="Create Session" owner="RequestsLibrary">
<msg time="2024-03-30T21:11:20.749216" level="INFO">Creating Session using : alias=consultarAPI, url=https://randomuser.me/, headers={},                     cookies={}, auth=None, timeout=None, proxies=None, verify=False,                     debug=0 </msg>
<arg>consultarAPI</arg>
<arg>${URL}</arg>
<doc>Create Session: create a HTTP session to a server</doc>
<status status="PASS" start="2024-03-30T21:11:20.749007" elapsed="0.000411"/>
</kw>
<status status="PASS" start="2024-03-30T21:11:20.747909" elapsed="0.001898"/>
</kw>
<status status="PASS" start="2024-03-30T21:11:20.747220" elapsed="0.002797"/>
</test>
<test id="s1-s1-t2" name="Validar retorno 200 e JSON Válido" line="16">
<kw name="Teste de Requisicao Basica" owner="random-user-service">
<kw name="GET On Session" owner="RequestsLibrary">
<msg time="2024-03-30T21:11:21.015213" level="INFO">GET Request : url=https://randomuser.me/api 
 path_url=/api 
 headers={'User-Agent': 'python-requests/2.31.0', 'Accept-Encoding': 'gzip, deflate', 'Accept': '*/*', 'Connection': 'keep-alive'} 
 body=None 
 </msg>
<msg time="2024-03-30T21:11:21.015365" level="INFO">GET Response : url=https://randomuser.me/api 
 status=200, reason=OK 
 headers={'Date': 'Sat, 30 Mar 2024 21:11:21 GMT', 'Content-Type': 'application/json; charset=utf-8', 'Transfer-Encoding': 'chunked', 'Connection': 'keep-alive', 'X-Powered-By': 'Express', 'Access-Control-Allow-Origin': '*', 'Cache-Control': 'no-cache', 'ETag': 'W/"484-f6+y58lPawDOiHCmSIMkC3b4zjk"', 'Vary': 'Accept-Encoding', 'Content-Encoding': 'gzip', 'CF-Cache-Status': 'DYNAMIC', 'Report-To': '{"endpoints":[{"url":"https:\\/\\/a.nel.cloudflare.com\\/report\\/v4?s=6im75fefeh9b5G0sgtomm2XQQ%2BifJrBYqUUsnVLZiW9mfpuggDuER4%2B1RDiNVn3P042POYT4eAmWKVVOoFpCLYwPVm8cuv9MLEDitAugmr%2Fdovfkj1d2GO5Gebdr8LdG"}],"group":"cf-nel","max_age":604800}', 'NEL': '{"success_fraction":0,"report_to":"cf-nel","max_age":604800}', 'Server': 'cloudflare', 'CF-RAY': '86cb1773be7414e9-LAX', 'alt-svc': 'h3=":443"; ma=86400'} 
 body={"results":[{"gender":"male","name":{"title":"Mr","first":"Siddharth","last":"Bal"},"location":{"street":{"number":3526,"name":"NAD X Rd"},"city":"Rourkela","state":"Kerala","country":"India","postcode":82109,"coordinates":{"latitude":"4.4648","longitude":"-142.8792"},"timezone":{"offset":"+8:00","description":"Beijing, Perth, Singapore, Hong Kong"}},"email":"siddharth.bal@example.com","login":{"uuid":"e1d59c7c-fd8a-4006-8157-935cb9421027","username":"goldenladybug618","password":"adam","salt":"0ZGObazd","md5":"dc69fa15981666bf4f23f5fab514b427","sha1":"a84521a7b79cb5c68bbc23796c7ad625bf116d0e","sha256":"3226c7f218d27d19183b726b254749140c4ce7f24db2432754d3946025c46e4c"},"dob":{"date":"1956-01-07T12:43:29.048Z","age":68},"registered":{"date":"2008-11-10T07:15:15.066Z","age":15},"phone":"9621101454","cell":"7585488624","id":{"name":"UIDAI","value":"503028051263"},"picture":{"large":"https://randomuser.me/api/portraits/men/76.jpg","medium":"https://randomuser.me/api/portraits/med/men/76.jpg","thumbnail":"https://randomuser.me/api/portraits/thumb/men/76.jpg"},"nat":"IN"}],"info":{"seed":"18f628f0fff92e54","results":1,"page":1,"version":"1.4"}} 
 </msg>
<msg time="2024-03-30T21:11:21.015473" level="INFO">/opt/hostedtoolcache/Python/3.12.2/x64/lib/python3.12/site-packages/urllib3/connectionpool.py:1103: InsecureRequestWarning: Unverified HTTPS request is being made to host 'randomuser.me'. Adding certificate verification is strongly advised. See: https://urllib3.readthedocs.io/en/latest/advanced-usage.html#tls-warnings
  warnings.warn(</msg>
<msg time="2024-03-30T21:11:21.015632" level="INFO">${response} = &lt;Response [200]&gt;</msg>
<var>${response}</var>
<arg>consultarAPI</arg>
<arg>/api</arg>
<doc>Sends a GET request on a previously created HTTP Session.</doc>
<status status="PASS" start="2024-03-30T21:11:20.752743" elapsed="0.262930"/>
</kw>
<kw name="Should Be Equal As Numbers" owner="BuiltIn">
<msg time="2024-03-30T21:11:21.016845" level="INFO">Argument types are:
&lt;class 'int'&gt;
&lt;class 'str'&gt;</msg>
<arg>${response.status_code}</arg>
<arg>200</arg>
<doc>Fails if objects are unequal after converting them to real numbers.</doc>
<status status="PASS" start="2024-03-30T21:11:21.016354" elapsed="0.000556"/>
</kw>
<kw name="Log" owner="BuiltIn">
<msg time="2024-03-30T21:11:21.017596" level="INFO">200</msg>
<arg>${response.status_code}</arg>
<doc>Logs the given message with the given level.</doc>
<status status="PASS" start="2024-03-30T21:11:21.017240" elapsed="0.000399"/>
</kw>
<kw name="Set Variable" owner="BuiltIn">
<msg time="2024-03-30T21:11:21.018416" level="INFO">${json_data} = {'results': [{'gender': 'male', 'name': {'title': 'Mr', 'first': 'Siddharth', 'last': 'Bal'}, 'location': {'street': {'number': 3526, 'name': 'NAD X Rd'}, 'city': 'Rourkela', 'state': 'Kerala', 'count...</msg>
<var>${json_data}</var>
<arg>${response.json()}</arg>
<doc>Returns the given values which can then be assigned to a variables.</doc>
<status status="PASS" start="2024-03-30T21:11:21.017976" elapsed="0.000468"/>
</kw>
<kw name="Dictionary Should Contain Key" owner="Collections">
<msg time="2024-03-30T21:11:21.018956" level="INFO">False</msg>
<arg>${json_data}</arg>
<arg>results</arg>
<doc>Fails if ``key`` is not found from ``dictionary``.</doc>
<status status="PASS" start="2024-03-30T21:11:21.018782" elapsed="0.000212"/>
</kw>
<status status="PASS" start="2024-03-30T21:11:20.752482" elapsed="0.266778"/>
</kw>
<doc>Testa se a API responde corretamente e retorna um objeto JSON válido.</doc>
<tag>testeRequisicaoBasica</tag>
<status status="PASS" start="2024-03-30T21:11:20.751923" elapsed="0.267527"/>
</test>
<test id="s1-s1-t3" name="Validar estrutura de resposta" line="22">
<kw name="Teste de Estrutura de Resposta" owner="random-user-service">
<kw name="GET On Session" owner="RequestsLibrary">
<msg time="2024-03-30T21:11:21.329221" level="INFO">GET Request : url=https://randomuser.me/api 
 path_url=/api 
 headers={'User-Agent': 'python-requests/2.31.0', 'Accept-Encoding': 'gzip, deflate', 'Accept': '*/*', 'Connection': 'keep-alive'} 
 body=None 
 </msg>
<msg time="2024-03-30T21:11:21.329338" level="INFO">GET Response : url=https://randomuser.me/api 
 status=200, reason=OK 
 headers={'Date': 'Sat, 30 Mar 2024 21:11:21 GMT', 'Content-Type': 'application/json; charset=utf-8', 'Transfer-Encoding': 'chunked', 'Connection': 'keep-alive', 'X-Powered-By': 'Express', 'Access-Control-Allow-Origin': '*', 'Cache-Control': 'no-cache', 'ETag': 'W/"496-mQ/rNWDlKG4UpeS24jxUM/WZZ/Q"', 'Vary': 'Accept-Encoding', 'Content-Encoding': 'gzip', 'CF-Cache-Status': 'DYNAMIC', 'Report-To': '{"endpoints":[{"url":"https:\\/\\/a.nel.cloudflare.com\\/report\\/v4?s=UYnTahVt9kBxQNq%2BaPTbqtpC7GocZamV6uG3o7hB%2BmyUuTWPjHQkYm31PyxS%2BLd4z7Hf%2F08cXylCji9rCWN6v8jODIltYexnqeboWuvyT%2B8NdnAfD6hQbg3C8gjLFlPq"}],"group":"cf-nel","max_age":604800}', 'NEL': '{"success_fraction":0,"report_to":"cf-nel","max_age":604800}', 'Server': 'cloudflare', 'CF-RAY': '86cb17746f3014e9-LAX', 'alt-svc': 'h3=":443"; ma=86400'} 
 body={"results":[{"gender":"female","name":{"title":"Ms","first":"Rosario","last":"Cano"},"location":{"street":{"number":7354,"name":"Paseo de Extremadura"},"city":"Oviedo","state":"Canarias","country":"Spain","postcode":15948,"coordinates":{"latitude":"-38.3644","longitude":"13.7848"},"timezone":{"offset":"+5:00","description":"Ekaterinburg, Islamabad, Karachi, Tashkent"}},"email":"rosario.cano@example.com","login":{"uuid":"d1cabea3-1113-47c5-ad01-553cf33f6f6a","username":"biggoose405","password":"987987","salt":"hhnEYtiY","md5":"bca1e179cfdd2a3e88b4c00907ada63b","sha1":"eb1d31b540aae37deacb6424375f876f0304f3d0","sha256":"4b0f7d5f0814235c0482bac84af41afc6753c7d653f35849e131aac61f11c496"},"dob":{"date":"1956-03-18T00:11:39.040Z","age":68},"registered":{"date":"2018-06-07T04:22:42.807Z","age":5},"phone":"922-949-467","cell":"691-070-019","id":{"name":"DNI","value":"57744111-U"},"picture":{"large":"https://randomuser.me/api/portraits/women/92.jpg","medium":"https://randomuser.me/api/portraits/med/women/92.jpg","thumbnail":"https://randomuser.me/api/portraits/thumb/women/92.jpg"},"nat":"ES"}],"info":{"seed":"f4c19ac4e4614855","results":1,"page":1,"version":"1.4"}} 
 </msg>
<msg time="2024-03-30T21:11:21.329506" level="INFO">/opt/hostedtoolcache/Python/3.12.2/x64/lib/python3.12/site-packages/urllib3/connectionpool.py:1103: InsecureRequestWarning: Unverified HTTPS request is being made to host 'randomuser.me'. Adding certificate verification is strongly advised. See: https://urllib3.readthedocs.io/en/latest/advanced-usage.html#tls-warnings
  warnings.warn(</msg>
<msg time="2024-03-30T21:11:21.329656" level="INFO">${response} = &lt;Response [200]&gt;</msg>
<var>${response}</var>
<arg>consultarAPI</arg>
<arg>/api</arg>
<doc>Sends a GET request on a previously created HTTP Session.</doc>
<status status="PASS" start="2024-03-30T21:11:21.022162" elapsed="0.307534"/>
</kw>
<kw name="Set Variable" owner="BuiltIn">
<msg time="2024-03-30T21:11:21.330923" level="INFO">${json_data} = {'results': [{'gender': 'female', 'name': {'title': 'Ms', 'first': 'Rosario', 'last': 'Cano'}, 'location': {'street': {'number': 7354, 'name': 'Paseo de Extremadura'}, 'city': 'Oviedo', 'state': 'Cana...</msg>
<var>${json_data}</var>
<arg>${response.json()}</arg>
<doc>Returns the given values which can then be assigned to a variables.</doc>
<status status="PASS" start="2024-03-30T21:11:21.330318" elapsed="0.000646"/>
</kw>
<kw name="Log" owner="BuiltIn">
<msg time="2024-03-30T21:11:21.331458" level="INFO">{'results': [{'gender': 'female', 'name': {'title': 'Ms', 'first': 'Rosario', 'last': 'Cano'}, 'location': {'street': {'number': 7354, 'name': 'Paseo de Extremadura'}, 'city': 'Oviedo', 'state': 'Canarias', 'country': 'Spain', 'postcode': 15948, 'coordinates': {'latitude': '-38.3644', 'longitude': '13.7848'}, 'timezone': {'offset': '+5:00', 'description': 'Ekaterinburg, Islamabad, Karachi, Tashkent'}}, 'email': 'rosario.cano@example.com', 'login': {'uuid': 'd1cabea3-1113-47c5-ad01-553cf33f6f6a', 'username': 'biggoose405', 'password': '987987', 'salt': 'hhnEYtiY', 'md5': 'bca1e179cfdd2a3e88b4c00907ada63b', 'sha1': 'eb1d31b540aae37deacb6424375f876f0304f3d0', 'sha256': '4b0f7d5f0814235c0482bac84af41afc6753c7d653f35849e131aac61f11c496'}, 'dob': {'date': '1956-03-18T00:11:39.040Z', 'age': 68}, 'registered': {'date': '2018-06-07T04:22:42.807Z', 'age': 5}, 'phone': '922-949-467', 'cell': '691-070-019', 'id': {'name': 'DNI', 'value': '57744111-U'}, 'picture': {'large': 'https://randomuser.me/api/portraits/women/92.jpg', 'medium': 'https://randomuser.me/api/portraits/med/women/92.jpg', 'thumbnail': 'https://randomuser.me/api/portraits/thumb/women/92.jpg'}, 'nat': 'ES'}], 'info': {'seed': 'f4c19ac4e4614855', 'results': 1, 'page': 1, 'version': '1.4'}}</msg>
<arg>${json_data}</arg>
<doc>Logs the given message with the given level.</doc>
<status status="PASS" start="2024-03-30T21:11:21.331292" elapsed="0.000214"/>
</kw>
<kw name="Dictionary Should Contain Key" owner="Collections">
<msg time="2024-03-30T21:11:21.331966" level="INFO">False</msg>
<arg>${json_data}</arg>
<arg>results</arg>
<doc>Fails if ``key`` is not found from ``dictionary``.</doc>
<status status="PASS" start="2024-03-30T21:11:21.331808" elapsed="0.000194"/>
</kw>
<kw name="Should Not Be Empty" owner="BuiltIn">
<msg time="2024-03-30T21:11:21.332433" level="INFO">Length is 2.</msg>
<arg>${json_data}</arg>
<doc>Verifies that the given item is not empty.</doc>
<status status="PASS" start="2024-03-30T21:11:21.332298" elapsed="0.000173"/>
</kw>
<kw name="Create List" owner="BuiltIn">
<msg time="2024-03-30T21:11:21.332920" level="INFO">${expected_keys} = ['gender', 'name', 'location', 'email', 'login']</msg>
<var>${expected_keys}</var>
<arg>gender</arg>
<arg>name</arg>
<arg>location</arg>
<arg>email</arg>
<arg>login</arg>
<doc>Returns a list containing given items.</doc>
<status status="PASS" start="2024-03-30T21:11:21.332765" elapsed="0.000178"/>
</kw>
<for flavor="IN">
<iter>
<kw name="Dictionary Should Contain Key" owner="Collections">
<msg time="2024-03-30T21:11:21.333954" level="INFO">False</msg>
<arg>${json_data['results'][0]}</arg>
<arg>${key}</arg>
<doc>Fails if ``key`` is not found from ``dictionary``.</doc>
<status status="PASS" start="2024-03-30T21:11:21.333541" elapsed="0.000452"/>
</kw>
<kw name="Log" owner="BuiltIn">
<msg time="2024-03-30T21:11:21.334676" level="INFO">{'gender': 'female', 'name': {'title': 'Ms', 'first': 'Rosario', 'last': 'Cano'}, 'location': {'street': {'number': 7354, 'name': 'Paseo de Extremadura'}, 'city': 'Oviedo', 'state': 'Canarias', 'country': 'Spain', 'postcode': 15948, 'coordinates': {'latitude': '-38.3644', 'longitude': '13.7848'}, 'timezone': {'offset': '+5:00', 'description': 'Ekaterinburg, Islamabad, Karachi, Tashkent'}}, 'email': 'rosario.cano@example.com', 'login': {'uuid': 'd1cabea3-1113-47c5-ad01-553cf33f6f6a', 'username': 'biggoose405', 'password': '987987', 'salt': 'hhnEYtiY', 'md5': 'bca1e179cfdd2a3e88b4c00907ada63b', 'sha1': 'eb1d31b540aae37deacb6424375f876f0304f3d0', 'sha256': '4b0f7d5f0814235c0482bac84af41afc6753c7d653f35849e131aac61f11c496'}, 'dob': {'date': '1956-03-18T00:11:39.040Z', 'age': 68}, 'registered': {'date': '2018-06-07T04:22:42.807Z', 'age': 5}, 'phone': '922-949-467', 'cell': '691-070-019', 'id': {'name': 'DNI', 'value': '57744111-U'}, 'picture': {'large': 'https://randomuser.me/api/portraits/women/92.jpg', 'medium': 'https://randomuser.me/api/portraits/med/women/92.jpg', 'thumbnail': 'https://randomuser.me/api/portraits/thumb/women/92.jpg'}, 'nat': 'ES'}</msg>
<arg>${json_data['results'][0]}</arg>
<doc>Logs the given message with the given level.</doc>
<status status="PASS" start="2024-03-30T21:11:21.334304" elapsed="0.000467"/>
</kw>
<kw name="Log" owner="BuiltIn">
<msg time="2024-03-30T21:11:21.335322" level="INFO">gender</msg>
<arg>${key}</arg>
<doc>Logs the given message with the given level.</doc>
<status status="PASS" start="2024-03-30T21:11:21.335166" elapsed="0.000198"/>
</kw>
<var name="${key}">gender</var>
<status status="PASS" start="2024-03-30T21:11:21.333411" elapsed="0.002201"/>
</iter>
<iter>
<kw name="Dictionary Should Contain Key" owner="Collections">
<msg time="2024-03-30T21:11:21.336300" level="INFO">False</msg>
<arg>${json_data['results'][0]}</arg>
<arg>${key}</arg>
<doc>Fails if ``key`` is not found from ``dictionary``.</doc>
<status status="PASS" start="2024-03-30T21:11:21.335920" elapsed="0.000418"/>
</kw>
<kw name="Log" owner="BuiltIn">
<msg time="2024-03-30T21:11:21.337041" level="INFO">{'gender': 'female', 'name': {'title': 'Ms', 'first': 'Rosario', 'last': 'Cano'}, 'location': {'street': {'number': 7354, 'name': 'Paseo de Extremadura'}, 'city': 'Oviedo', 'state': 'Canarias', 'country': 'Spain', 'postcode': 15948, 'coordinates': {'latitude': '-38.3644', 'longitude': '13.7848'}, 'timezone': {'offset': '+5:00', 'description': 'Ekaterinburg, Islamabad, Karachi, Tashkent'}}, 'email': 'rosario.cano@example.com', 'login': {'uuid': 'd1cabea3-1113-47c5-ad01-553cf33f6f6a', 'username': 'biggoose405', 'password': '987987', 'salt': 'hhnEYtiY', 'md5': 'bca1e179cfdd2a3e88b4c00907ada63b', 'sha1': 'eb1d31b540aae37deacb6424375f876f0304f3d0', 'sha256': '4b0f7d5f0814235c0482bac84af41afc6753c7d653f35849e131aac61f11c496'}, 'dob': {'date': '1956-03-18T00:11:39.040Z', 'age': 68}, 'registered': {'date': '2018-06-07T04:22:42.807Z', 'age': 5}, 'phone': '922-949-467', 'cell': '691-070-019', 'id': {'name': 'DNI', 'value': '57744111-U'}, 'picture': {'large': 'https://randomuser.me/api/portraits/women/92.jpg', 'medium': 'https://randomuser.me/api/portraits/med/women/92.jpg', 'thumbnail': 'https://randomuser.me/api/portraits/thumb/women/92.jpg'}, 'nat': 'ES'}</msg>
<arg>${json_data['results'][0]}</arg>
<doc>Logs the given message with the given level.</doc>
<status status="PASS" start="2024-03-30T21:11:21.336677" elapsed="0.000411"/>
</kw>
<kw name="Log" owner="BuiltIn">
<msg time="2024-03-30T21:11:21.337517" level="INFO">name</msg>
<arg>${key}</arg>
<doc>Logs the given message with the given level.</doc>
<status status="PASS" start="2024-03-30T21:11:21.337387" elapsed="0.000168"/>
</kw>
<var name="${key}">name</var>
<status status="PASS" start="2024-03-30T21:11:21.335805" elapsed="0.001968"/>
</iter>
<iter>
<kw name="Dictionary Should Contain Key" owner="Collections">
<msg time="2024-03-30T21:11:21.338445" level="INFO">False</msg>
<arg>${json_data['results'][0]}</arg>
<arg>${key}</arg>
<doc>Fails if ``key`` is not found from ``dictionary``.</doc>
<status status="PASS" start="2024-03-30T21:11:21.338071" elapsed="0.000412"/>
</kw>
<kw name="Log" owner="BuiltIn">
<msg time="2024-03-30T21:11:21.339178" level="INFO">{'gender': 'female', 'name': {'title': 'Ms', 'first': 'Rosario', 'last': 'Cano'}, 'location': {'street': {'number': 7354, 'name': 'Paseo de Extremadura'}, 'city': 'Oviedo', 'state': 'Canarias', 'country': 'Spain', 'postcode': 15948, 'coordinates': {'latitude': '-38.3644', 'longitude': '13.7848'}, 'timezone': {'offset': '+5:00', 'description': 'Ekaterinburg, Islamabad, Karachi, Tashkent'}}, 'email': 'rosario.cano@example.com', 'login': {'uuid': 'd1cabea3-1113-47c5-ad01-553cf33f6f6a', 'username': 'biggoose405', 'password': '987987', 'salt': 'hhnEYtiY', 'md5': 'bca1e179cfdd2a3e88b4c00907ada63b', 'sha1': 'eb1d31b540aae37deacb6424375f876f0304f3d0', 'sha256': '4b0f7d5f0814235c0482bac84af41afc6753c7d653f35849e131aac61f11c496'}, 'dob': {'date': '1956-03-18T00:11:39.040Z', 'age': 68}, 'registered': {'date': '2018-06-07T04:22:42.807Z', 'age': 5}, 'phone': '922-949-467', 'cell': '691-070-019', 'id': {'name': 'DNI', 'value': '57744111-U'}, 'picture': {'large': 'https://randomuser.me/api/portraits/women/92.jpg', 'medium': 'https://randomuser.me/api/portraits/med/women/92.jpg', 'thumbnail': 'https://randomuser.me/api/portraits/thumb/women/92.jpg'}, 'nat': 'ES'}</msg>
<arg>${json_data['results'][0]}</arg>
<doc>Logs the given message with the given level.</doc>
<status status="PASS" start="2024-03-30T21:11:21.338814" elapsed="0.000417"/>
</kw>
<kw name="Log" owner="BuiltIn">
<msg time="2024-03-30T21:11:21.339660" level="INFO">location</msg>
<arg>${key}</arg>
<doc>Logs the given message with the given level.</doc>
<status status="PASS" start="2024-03-30T21:11:21.339531" elapsed="0.000167"/>
</kw>
<var name="${key}">location</var>
<status status="PASS" start="2024-03-30T21:11:21.337957" elapsed="0.001963"/>
</iter>
<iter>
<kw name="Dictionary Should Contain Key" owner="Collections">
<msg time="2024-03-30T21:11:21.340593" level="INFO">False</msg>
<arg>${json_data['results'][0]}</arg>
<arg>${key}</arg>
<doc>Fails if ``key`` is not found from ``dictionary``.</doc>
<status status="PASS" start="2024-03-30T21:11:21.340209" elapsed="0.000422"/>
</kw>
<kw name="Log" owner="BuiltIn">
<msg time="2024-03-30T21:11:21.341290" level="INFO">{'gender': 'female', 'name': {'title': 'Ms', 'first': 'Rosario', 'last': 'Cano'}, 'location': {'street': {'number': 7354, 'name': 'Paseo de Extremadura'}, 'city': 'Oviedo', 'state': 'Canarias', 'country': 'Spain', 'postcode': 15948, 'coordinates': {'latitude': '-38.3644', 'longitude': '13.7848'}, 'timezone': {'offset': '+5:00', 'description': 'Ekaterinburg, Islamabad, Karachi, Tashkent'}}, 'email': 'rosario.cano@example.com', 'login': {'uuid': 'd1cabea3-1113-47c5-ad01-553cf33f6f6a', 'username': 'biggoose405', 'password': '987987', 'salt': 'hhnEYtiY', 'md5': 'bca1e179cfdd2a3e88b4c00907ada63b', 'sha1': 'eb1d31b540aae37deacb6424375f876f0304f3d0', 'sha256': '4b0f7d5f0814235c0482bac84af41afc6753c7d653f35849e131aac61f11c496'}, 'dob': {'date': '1956-03-18T00:11:39.040Z', 'age': 68}, 'registered': {'date': '2018-06-07T04:22:42.807Z', 'age': 5}, 'phone': '922-949-467', 'cell': '691-070-019', 'id': {'name': 'DNI', 'value': '57744111-U'}, 'picture': {'large': 'https://randomuser.me/api/portraits/women/92.jpg', 'medium': 'https://randomuser.me/api/portraits/med/women/92.jpg', 'thumbnail': 'https://randomuser.me/api/portraits/thumb/women/92.jpg'}, 'nat': 'ES'}</msg>
<arg>${json_data['results'][0]}</arg>
<doc>Logs the given message with the given level.</doc>
<status status="PASS" start="2024-03-30T21:11:21.340936" elapsed="0.000402"/>
</kw>
<kw name="Log" owner="BuiltIn">
<msg time="2024-03-30T21:11:21.341762" level="INFO">email</msg>
<arg>${key}</arg>
<doc>Logs the given message with the given level.</doc>
<status status="PASS" start="2024-03-30T21:11:21.341632" elapsed="0.000168"/>
</kw>
<var name="${key}">email</var>
<status status="PASS" start="2024-03-30T21:11:21.340097" elapsed="0.001928"/>
</iter>
<iter>
<kw name="Dictionary Should Contain Key" owner="Collections">
<msg time="2024-03-30T21:11:21.342740" level="INFO">False</msg>
<arg>${json_data['results'][0]}</arg>
<arg>${key}</arg>
<doc>Fails if ``key`` is not found from ``dictionary``.</doc>
<status status="PASS" start="2024-03-30T21:11:21.342330" elapsed="0.000451"/>
</kw>
<kw name="Log" owner="BuiltIn">
<msg time="2024-03-30T21:11:21.343440" level="INFO">{'gender': 'female', 'name': {'title': 'Ms', 'first': 'Rosario', 'last': 'Cano'}, 'location': {'street': {'number': 7354, 'name': 'Paseo de Extremadura'}, 'city': 'Oviedo', 'state': 'Canarias', 'country': 'Spain', 'postcode': 15948, 'coordinates': {'latitude': '-38.3644', 'longitude': '13.7848'}, 'timezone': {'offset': '+5:00', 'description': 'Ekaterinburg, Islamabad, Karachi, Tashkent'}}, 'email': 'rosario.cano@example.com', 'login': {'uuid': 'd1cabea3-1113-47c5-ad01-553cf33f6f6a', 'username': 'biggoose405', 'password': '987987', 'salt': 'hhnEYtiY', 'md5': 'bca1e179cfdd2a3e88b4c00907ada63b', 'sha1': 'eb1d31b540aae37deacb6424375f876f0304f3d0', 'sha256': '4b0f7d5f0814235c0482bac84af41afc6753c7d653f35849e131aac61f11c496'}, 'dob': {'date': '1956-03-18T00:11:39.040Z', 'age': 68}, 'registered': {'date': '2018-06-07T04:22:42.807Z', 'age': 5}, 'phone': '922-949-467', 'cell': '691-070-019', 'id': {'name': 'DNI', 'value': '57744111-U'}, 'picture': {'large': 'https://randomuser.me/api/portraits/women/92.jpg', 'medium': 'https://randomuser.me/api/portraits/med/women/92.jpg', 'thumbnail': 'https://randomuser.me/api/portraits/thumb/women/92.jpg'}, 'nat': 'ES'}</msg>
<arg>${json_data['results'][0]}</arg>
<doc>Logs the given message with the given level.</doc>
<status status="PASS" start="2024-03-30T21:11:21.343079" elapsed="0.000408"/>
</kw>
<kw name="Log" owner="BuiltIn">
<msg time="2024-03-30T21:11:21.343906" level="INFO">login</msg>
<arg>${key}</arg>
<doc>Logs the given message with the given level.</doc>
<status status="PASS" start="2024-03-30T21:11:21.343777" elapsed="0.000288"/>
</kw>
<var name="${key}">login</var>
<status status="PASS" start="2024-03-30T21:11:21.342204" elapsed="0.002115"/>
</iter>
<var>${key}</var>
<value>@{expected_keys}</value>
<status status="PASS" start="2024-03-30T21:11:21.333209" elapsed="0.011244"/>
</for>
<kw name="Create List" owner="BuiltIn">
<msg time="2024-03-30T21:11:21.344793" level="INFO">${expected_keysTwo} = ['username', 'password']</msg>
<var>${expected_keysTwo}</var>
<arg>username</arg>
<arg>password</arg>
<doc>Returns a list containing given items.</doc>
<status status="PASS" start="2024-03-30T21:11:21.344654" elapsed="0.000162"/>
</kw>
<for flavor="IN">
<iter>
<kw name="Dictionary Should Contain Key" owner="Collections">
<msg time="2024-03-30T21:11:21.345718" level="INFO">False</msg>
<arg>${json_data['results'][0]['login']}</arg>
<arg>${keyTwo}</arg>
<doc>Fails if ``key`` is not found from ``dictionary``.</doc>
<status status="PASS" start="2024-03-30T21:11:21.345331" elapsed="0.000425"/>
</kw>
<kw name="Dictionary Should Contain Key" owner="Collections">
<msg time="2024-03-30T21:11:21.346437" level="INFO">False</msg>
<arg>${json_data['results'][0]['login']}</arg>
<arg>${keyTwo}</arg>
<doc>Fails if ``key`` is not found from ``dictionary``.</doc>
<status status="PASS" start="2024-03-30T21:11:21.346055" elapsed="0.000419"/>
</kw>
<kw name="Log" owner="BuiltIn">
<msg time="2024-03-30T21:11:21.346956" level="INFO">username</msg>
<arg>${keyTwo}</arg>
<doc>Logs the given message with the given level.</doc>
<status status="PASS" start="2024-03-30T21:11:21.346811" elapsed="0.000182"/>
</kw>
<var name="${keyTwo}">username</var>
<status status="PASS" start="2024-03-30T21:11:21.345220" elapsed="0.001993"/>
</iter>
<iter>
<kw name="Dictionary Should Contain Key" owner="Collections">
<msg time="2024-03-30T21:11:21.347879" level="INFO">False</msg>
<arg>${json_data['results'][0]['login']}</arg>
<arg>${keyTwo}</arg>
<doc>Fails if ``key`` is not found from ``dictionary``.</doc>
<status status="PASS" start="2024-03-30T21:11:21.347504" elapsed="0.000415"/>
</kw>
<kw name="Dictionary Should Contain Key" owner="Collections">
<msg time="2024-03-30T21:11:21.348598" level="INFO">False</msg>
<arg>${json_data['results'][0]['login']}</arg>
<arg>${keyTwo}</arg>
<doc>Fails if ``key`` is not found from ``dictionary``.</doc>
<status status="PASS" start="2024-03-30T21:11:21.348214" elapsed="0.000422"/>
</kw>
<kw name="Log" owner="BuiltIn">
<msg time="2024-03-30T21:11:21.349059" level="INFO">password</msg>
<arg>${keyTwo}</arg>
<doc>Logs the given message with the given level.</doc>
<status status="PASS" start="2024-03-30T21:11:21.348929" elapsed="0.000168"/>
</kw>
<var name="${keyTwo}">password</var>
<status status="PASS" start="2024-03-30T21:11:21.347391" elapsed="0.001925"/>
</iter>
<var>${keyTwo}</var>
<value>@{expected_keysTwo}</value>
<status status="PASS" start="2024-03-30T21:11:21.345063" elapsed="0.004377"/>
</for>
<status status="PASS" start="2024-03-30T21:11:21.021922" elapsed="0.327666"/>
</kw>
<doc>Testa a estrutura da resposta da API.</doc>
<tag>testeEstruturaResposta</tag>
<status status="PASS" start="2024-03-30T21:11:21.021262" elapsed="0.328493"/>
</test>
<test id="s1-s1-t4" name="Validar tipos de dados" line="28">
<kw name="Teste de Tipos de Dados" owner="random-user-service">
<kw name="GET On Session" owner="RequestsLibrary">
<msg time="2024-03-30T21:11:21.456417" level="INFO">GET Request : url=https://randomuser.me/api 
 path_url=/api 
 headers={'User-Agent': 'python-requests/2.31.0', 'Accept-Encoding': 'gzip, deflate', 'Accept': '*/*', 'Connection': 'keep-alive'} 
 body=None 
 </msg>
<msg time="2024-03-30T21:11:21.456532" level="INFO">GET Response : url=https://randomuser.me/api 
 status=200, reason=OK 
 headers={'Date': 'Sat, 30 Mar 2024 21:11:21 GMT', 'Content-Type': 'application/json; charset=utf-8', 'Transfer-Encoding': 'chunked', 'Connection': 'keep-alive', 'X-Powered-By': 'Express', 'Access-Control-Allow-Origin': '*', 'Cache-Control': 'no-cache', 'ETag': 'W/"4aa-oc64rt9CK5wycO3aoAA3uDUUxQU"', 'Vary': 'Accept-Encoding', 'Content-Encoding': 'gzip', 'CF-Cache-Status': 'DYNAMIC', 'Report-To': '{"endpoints":[{"url":"https:\\/\\/a.nel.cloudflare.com\\/report\\/v4?s=29QEbPbSqq48rVEmJotromfac0NkMK8%2FxshuAPHCuYxowIMtqdKrUxl1iimNX0vymgkqD%2FLeaeoiglxP%2BlNtssW6ei1ymANL70MYldwBzQeU3TCi%2BLebqWk8x667rspA"}],"group":"cf-nel","max_age":604800}', 'NEL': '{"success_fraction":0,"report_to":"cf-nel","max_age":604800}', 'Server': 'cloudflare', 'CF-RAY': '86cb1776796214e9-LAX', 'alt-svc': 'h3=":443"; ma=86400'} 
 body={"results":[{"gender":"female","name":{"title":"Miss","first":"Esperanza","last":"Caballero"},"location":{"street":{"number":2052,"name":"Retorno Malta"},"city":"Yustis","state":"Guerrero","country":"Mexico","postcode":88084,"coordinates":{"latitude":"24.3774","longitude":"45.4309"},"timezone":{"offset":"+3:00","description":"Baghdad, Riyadh, Moscow, St. Petersburg"}},"email":"esperanza.caballero@example.com","login":{"uuid":"52083ef6-d3b8-4627-92e8-fa6d93267c7b","username":"lazyzebra674","password":"trustno1","salt":"mTHAjEhj","md5":"6a94c141769acd4bb96a6cbeef248e4d","sha1":"0d807864f0c4b0da67eecad79c3ee720dc72f126","sha256":"ad607224bfe02a283aac477bc488f2af6204849e3a66fd117ac03c7480c8f20f"},"dob":{"date":"1969-02-13T16:16:46.833Z","age":55},"registered":{"date":"2019-09-10T04:13:16.527Z","age":4},"phone":"(621) 347 4740","cell":"(664) 355 2069","id":{"name":"NSS","value":"67 30 39 6151 4"},"picture":{"large":"https://randomuser.me/api/portraits/women/58.jpg","medium":"https://randomuser.me/api/portraits/med/women/58.jpg","thumbnail":"https://randomuser.me/api/portraits/thumb/women/58.jpg"},"nat":"MX"}],"info":{"seed":"632caf5c995a2f21","results":1,"page":1,"version":"1.4"}} 
 </msg>
<msg time="2024-03-30T21:11:21.456607" level="INFO">/opt/hostedtoolcache/Python/3.12.2/x64/lib/python3.12/site-packages/urllib3/connectionpool.py:1103: InsecureRequestWarning: Unverified HTTPS request is being made to host 'randomuser.me'. Adding certificate verification is strongly advised. See: https://urllib3.readthedocs.io/en/latest/advanced-usage.html#tls-warnings
  warnings.warn(</msg>
<msg time="2024-03-30T21:11:21.456748" level="INFO">${response} = &lt;Response [200]&gt;</msg>
<var>${response}</var>
<arg>consultarAPI</arg>
<arg>/api</arg>
<doc>Sends a GET request on a previously created HTTP Session.</doc>
<status status="PASS" start="2024-03-30T21:11:21.352334" elapsed="0.104453"/>
</kw>
<kw name="Set Variable" owner="BuiltIn">
<msg time="2024-03-30T21:11:21.458051" level="INFO">${json_data} = {'results': [{'gender': 'female', 'name': {'title': 'Miss', 'first': 'Esperanza', 'last': 'Caballero'}, 'location': {'street': {'number': 2052, 'name': 'Retorno Malta'}, 'city': 'Yustis', 'state': 'Gu...</msg>
<var>${json_data}</var>
<arg>${response.json()}</arg>
<doc>Returns the given values which can then be assigned to a variables.</doc>
<status status="PASS" start="2024-03-30T21:11:21.457432" elapsed="0.000649"/>
</kw>
<kw name="Log" owner="BuiltIn">
<msg time="2024-03-30T21:11:21.458578" level="INFO">{'results': [{'gender': 'female', 'name': {'title': 'Miss', 'first': 'Esperanza', 'last': 'Caballero'}, 'location': {'street': {'number': 2052, 'name': 'Retorno Malta'}, 'city': 'Yustis', 'state': 'Guerrero', 'country': 'Mexico', 'postcode': 88084, 'coordinates': {'latitude': '24.3774', 'longitude': '45.4309'}, 'timezone': {'offset': '+3:00', 'description': 'Baghdad, Riyadh, Moscow, St. Petersburg'}}, 'email': 'esperanza.caballero@example.com', 'login': {'uuid': '52083ef6-d3b8-4627-92e8-fa6d93267c7b', 'username': 'lazyzebra674', 'password': 'trustno1', 'salt': 'mTHAjEhj', 'md5': '6a94c141769acd4bb96a6cbeef248e4d', 'sha1': '0d807864f0c4b0da67eecad79c3ee720dc72f126', 'sha256': 'ad607224bfe02a283aac477bc488f2af6204849e3a66fd117ac03c7480c8f20f'}, 'dob': {'date': '1969-02-13T16:16:46.833Z', 'age': 55}, 'registered': {'date': '2019-09-10T04:13:16.527Z', 'age': 4}, 'phone': '(621) 347 4740', 'cell': '(664) 355 2069', 'id': {'name': 'NSS', 'value': '67 30 39 6151 4'}, 'picture': {'large': 'https://randomuser.me/api/portraits/women/58.jpg', 'medium': 'https://randomuser.me/api/portraits/med/women/58.jpg', 'thumbnail': 'https://randomuser.me/api/portraits/thumb/women/58.jpg'}, 'nat': 'MX'}], 'info': {'seed': '632caf5c995a2f21', 'results': 1, 'page': 1, 'version': '1.4'}}</msg>
<arg>${json_data}</arg>
<doc>Logs the given message with the given level.</doc>
<status status="PASS" start="2024-03-30T21:11:21.458408" elapsed="0.000286"/>
</kw>
<kw name="Should Be String" owner="String">
<arg>${json_data['results'][0]['gender']}</arg>
<doc>Fails if the given ``item`` is not a string.</doc>
<status status="PASS" start="2024-03-30T21:11:21.459037" elapsed="0.000376"/>
</kw>
<kw name="Should Match Regexp" owner="BuiltIn">
<arg>${json_data['results'][0]['email']}</arg>
<arg>^[a-zA-Z0-9._%+-]+@[a-zA-Z0-9.-]+\.[a-zA-Z]{2,}$</arg>
<doc>Fails if ``string`` does not match ``pattern`` as a regular expression.</doc>
<status status="PASS" start="2024-03-30T21:11:21.459613" elapsed="0.000545"/>
</kw>
<kw name="Should Match Regexp" owner="BuiltIn">
<arg>${json_data['results'][0]['dob']['date']}</arg>
<arg>\\d{4}-\\d{2}-\\d{2}T\\d{2}:\\d{2}:\\d{2}\\.\\d{3}Z</arg>
<doc>Fails if ``string`` does not match ``pattern`` as a regular expression.</doc>
<status status="PASS" start="2024-03-30T21:11:21.460355" elapsed="0.000494"/>
</kw>
<kw name="Should Match Regexp" owner="BuiltIn">
<arg>${json_data['results'][0]['registered']['date']}</arg>
<arg>\\d{4}-\\d{2}-\\d{2}T\\d{2}:\\d{2}:\\d{2}\\.\\d{3}Z</arg>
<doc>Fails if ``string`` does not match ``pattern`` as a regular expression.</doc>
<status status="PASS" start="2024-03-30T21:11:21.461043" elapsed="0.000365"/>
</kw>
<kw name="Should Match Regexp" owner="BuiltIn">
<arg>${json_data['results'][0]['picture']['large']}</arg>
<arg>^https?://.*\.(?:png|jpe?g|gif|bmp)$</arg>
<doc>Fails if ``string`` does not match ``pattern`` as a regular expression.</doc>
<status status="PASS" start="2024-03-30T21:11:21.461592" elapsed="0.000459"/>
</kw>
<kw name="Should Match Regexp" owner="BuiltIn">
<arg>${json_data['results'][0]['picture']['medium']}</arg>
<arg>^https?://.*\.(?:png|jpe?g|gif|bmp)$</arg>
<doc>Fails if ``string`` does not match ``pattern`` as a regular expression.</doc>
<status status="PASS" start="2024-03-30T21:11:21.462242" elapsed="0.000360"/>
</kw>
<kw name="Should Match Regexp" owner="BuiltIn">
<arg>${json_data['results'][0]['picture']['thumbnail']}</arg>
<arg>^https?://.*\.(?:png|jpe?g|gif|bmp)$</arg>
<doc>Fails if ``string`` does not match ``pattern`` as a regular expression.</doc>
<status status="PASS" start="2024-03-30T21:11:21.462820" elapsed="0.000373"/>
</kw>
<kw name="Log" owner="BuiltIn">
<msg time="2024-03-30T21:11:21.463707" level="INFO">{'large': 'https://randomuser.me/api/portraits/women/58.jpg', 'medium': 'https://randomuser.me/api/portraits/med/women/58.jpg', 'thumbnail': 'https://randomuser.me/api/portraits/thumb/women/58.jpg'}</msg>
<arg>${json_data['results'][0]['picture']}</arg>
<doc>Logs the given message with the given level.</doc>
<status status="PASS" start="2024-03-30T21:11:21.463375" elapsed="0.000379"/>
</kw>
<status status="PASS" start="2024-03-30T21:11:21.352095" elapsed="0.111925"/>
</kw>
<kw name="Teste de Tipos de Dados - Postcode" owner="random-user-service">
<kw name="GET On Session" owner="RequestsLibrary">
<msg time="2024-03-30T21:11:21.583673" level="INFO">GET Request : url=https://randomuser.me/api 
 path_url=/api 
 headers={'User-Agent': 'python-requests/2.31.0', 'Accept-Encoding': 'gzip, deflate', 'Accept': '*/*', 'Connection': 'keep-alive'} 
 body=None 
 </msg>
<msg time="2024-03-30T21:11:21.583789" level="INFO">GET Response : url=https://randomuser.me/api 
 status=200, reason=OK 
 headers={'Date': 'Sat, 30 Mar 2024 21:11:21 GMT', 'Content-Type': 'application/json; charset=utf-8', 'Transfer-Encoding': 'chunked', 'Connection': 'keep-alive', 'X-Powered-By': 'Express', 'Access-Control-Allow-Origin': '*', 'Cache-Control': 'no-cache', 'ETag': 'W/"4b7-oL7zwx8rf4aO+BA4Xs1z6Qrw21c"', 'Vary': 'Accept-Encoding', 'Content-Encoding': 'gzip', 'CF-Cache-Status': 'DYNAMIC', 'Report-To': '{"endpoints":[{"url":"https:\\/\\/a.nel.cloudflare.com\\/report\\/v4?s=gWSnqAadGNS0%2FPd9vKbkh8Nbu1CoIjWMmqO42CU5%2BVZXZCJNLLaFBgRfl%2FzXvJPdm7iwpw1VIYwdcKKcco%2B16rKC2IN0Jmo%2FIx%2Fk0qa090Kg8qw6oCSXiXZUAmfNFxnW"}],"group":"cf-nel","max_age":604800}', 'NEL': '{"success_fraction":0,"report_to":"cf-nel","max_age":604800}', 'Server': 'cloudflare', 'CF-RAY': '86cb17772a2114e9-LAX', 'alt-svc': 'h3=":443"; ma=86400'} 
 body={"results":[{"gender":"female","name":{"title":"Madame","first":"Josiane","last":"Garcia"},"location":{"street":{"number":3910,"name":"Rue de L'Abbé-Roger-Derry"},"city":"Miglieglia","state":"Jura","country":"Switzerland","postcode":4336,"coordinates":{"latitude":"-59.6353","longitude":"115.3416"},"timezone":{"offset":"-4:00","description":"Atlantic Time (Canada), Caracas, La Paz"}},"email":"josiane.garcia@example.com","login":{"uuid":"75546986-4677-4049-bc95-1d3c2b54a579","username":"goldenbutterfly841","password":"motor","salt":"yBCdsJmV","md5":"9ccce65e007249a13a4c6104b88dc11e","sha1":"e1eac9cb563683e5369540e0450c830bf27c83fb","sha256":"1488fb7ada973eadc8b699af2b75cdc6fdb8d629eefaeb962ec9e6de2fb58590"},"dob":{"date":"1958-01-04T18:01:48.187Z","age":66},"registered":{"date":"2018-06-28T21:19:27.714Z","age":5},"phone":"076 634 56 58","cell":"077 899 91 97","id":{"name":"AVS","value":"756.5955.9955.02"},"picture":{"large":"https://randomuser.me/api/portraits/women/15.jpg","medium":"https://randomuser.me/api/portraits/med/women/15.jpg","thumbnail":"https://randomuser.me/api/portraits/thumb/women/15.jpg"},"nat":"CH"}],"info":{"seed":"cb6dd353333d2889","results":1,"page":1,"version":"1.4"}} 
 </msg>
<msg time="2024-03-30T21:11:21.583899" level="INFO">/opt/hostedtoolcache/Python/3.12.2/x64/lib/python3.12/site-packages/urllib3/connectionpool.py:1103: InsecureRequestWarning: Unverified HTTPS request is being made to host 'randomuser.me'. Adding certificate verification is strongly advised. See: https://urllib3.readthedocs.io/en/latest/advanced-usage.html#tls-warnings
  warnings.warn(</msg>
<msg time="2024-03-30T21:11:21.584032" level="INFO">${response} = &lt;Response [200]&gt;</msg>
<var>${response}</var>
<arg>consultarAPI</arg>
<arg>/api</arg>
<doc>Sends a GET request on a previously created HTTP Session.</doc>
<status status="PASS" start="2024-03-30T21:11:21.464640" elapsed="0.119417"/>
</kw>
<kw name="Set Variable" owner="BuiltIn">
<msg time="2024-03-30T21:11:21.585183" level="INFO">${json_data} = {'results': [{'gender': 'female', 'name': {'title': 'Madame', 'first': 'Josiane', 'last': 'Garcia'}, 'location': {'street': {'number': 3910, 'name': "Rue de L'Abbé-Roger-Derry"}, 'city': 'Miglieglia',...</msg>
<var>${json_data}</var>
<arg>${response.json()}</arg>
<doc>Returns the given values which can then be assigned to a variables.</doc>
<status status="PASS" start="2024-03-30T21:11:21.584613" elapsed="0.000610"/>
</kw>
<kw name="Log" owner="BuiltIn">
<msg time="2024-03-30T21:11:21.585704" level="INFO">{'results': [{'gender': 'female', 'name': {'title': 'Madame', 'first': 'Josiane', 'last': 'Garcia'}, 'location': {'street': {'number': 3910, 'name': "Rue de L'Abbé-Roger-Derry"}, 'city': 'Miglieglia', 'state': 'Jura', 'country': 'Switzerland', 'postcode': 4336, 'coordinates': {'latitude': '-59.6353', 'longitude': '115.3416'}, 'timezone': {'offset': '-4:00', 'description': 'Atlantic Time (Canada), Caracas, La Paz'}}, 'email': 'josiane.garcia@example.com', 'login': {'uuid': '75546986-4677-4049-bc95-1d3c2b54a579', 'username': 'goldenbutterfly841', 'password': 'motor', 'salt': 'yBCdsJmV', 'md5': '9ccce65e007249a13a4c6104b88dc11e', 'sha1': 'e1eac9cb563683e5369540e0450c830bf27c83fb', 'sha256': '1488fb7ada973eadc8b699af2b75cdc6fdb8d629eefaeb962ec9e6de2fb58590'}, 'dob': {'date': '1958-01-04T18:01:48.187Z', 'age': 66}, 'registered': {'date': '2018-06-28T21:19:27.714Z', 'age': 5}, 'phone': '076 634 56 58', 'cell': '077 899 91 97', 'id': {'name': 'AVS', 'value': '756.5955.9955.02'}, 'picture': {'large': 'https://randomuser.me/api/portraits/women/15.jpg', 'medium': 'https://randomuser.me/api/portraits/med/women/15.jpg', 'thumbnail': 'https://randomuser.me/api/portraits/thumb/women/15.jpg'}, 'nat': 'CH'}], 'info': {'seed': 'cb6dd353333d2889', 'results': 1, 'page': 1, 'version': '1.4'}}</msg>
<arg>${json_data}</arg>
<doc>Logs the given message with the given level.</doc>
<status status="PASS" start="2024-03-30T21:11:21.585542" elapsed="0.000245"/>
</kw>
<kw name="Should Be Equal As Numbers" owner="BuiltIn">
<arg>${json_data['results'][0]['location']['postcode']}</arg>
<arg>${json_data['results'][0]['location']['postcode']}</arg>
<doc>Fails if objects are unequal after converting them to real numbers.</doc>
<status status="PASS" start="2024-03-30T21:11:21.586092" elapsed="0.000677"/>
</kw>
<kw name="Log" owner="BuiltIn">
<msg time="2024-03-30T21:11:21.587323" level="INFO">4336</msg>
<arg>${json_data['results'][0]['location']['postcode']}</arg>
<doc>Logs the given message with the given level.</doc>
<status status="PASS" start="2024-03-30T21:11:21.586977" elapsed="0.000387"/>
</kw>
<status status="PASS" start="2024-03-30T21:11:21.464255" elapsed="0.123373"/>
</kw>
<doc>Testa se os tipos de dados na resposta da API estão corretos.</doc>
<tag>testeTiposDados</tag>
<status status="PASS" start="2024-03-30T21:11:21.351612" elapsed="0.236189"/>
</test>
<test id="s1-s1-t5" name="Validar conteudo" line="35">
<kw name="Teste de Tipos de Conteudo" owner="random-user-service">
<kw name="GET On Session" owner="RequestsLibrary">
<msg time="2024-03-30T21:11:21.697211" level="INFO">GET Request : url=https://randomuser.me/api 
 path_url=/api 
 headers={'User-Agent': 'python-requests/2.31.0', 'Accept-Encoding': 'gzip, deflate', 'Accept': '*/*', 'Connection': 'keep-alive'} 
 body=None 
 </msg>
<msg time="2024-03-30T21:11:21.697333" level="INFO">GET Response : url=https://randomuser.me/api 
 status=200, reason=OK 
 headers={'Date': 'Sat, 30 Mar 2024 21:11:21 GMT', 'Content-Type': 'application/json; charset=utf-8', 'Transfer-Encoding': 'chunked', 'Connection': 'keep-alive', 'X-Powered-By': 'Express', 'Access-Control-Allow-Origin': '*', 'Cache-Control': 'no-cache', 'ETag': 'W/"4a4-/GbCGqIKM15zj0Vocm9r6GdR/Rw"', 'Vary': 'Accept-Encoding', 'Content-Encoding': 'gzip', 'CF-Cache-Status': 'DYNAMIC', 'Report-To': '{"endpoints":[{"url":"https:\\/\\/a.nel.cloudflare.com\\/report\\/v4?s=fni%2Brv7CC4J8QjbbAPFhM%2BA%2Fwixzc145sB6AeYV3QvVqFWQjrfjPW8oT6wIQ05BfK40MxhyHEBBRGc%2BeLPY%2FqQgSK3a969G5d0jQjW1cI7BjixIFtVGCwpbyVze%2FXld3"}],"group":"cf-nel","max_age":604800}', 'NEL': '{"success_fraction":0,"report_to":"cf-nel","max_age":604800}', 'Server': 'cloudflare', 'CF-RAY': '86cb1777fb0114e9-LAX', 'alt-svc': 'h3=":443"; ma=86400'} 
 body={"results":[{"gender":"female","name":{"title":"Mrs","first":"دینا","last":"احمدی"},"location":{"street":{"number":5787,"name":"آیت الله سعیدی"},"city":"قزوین","state":"خراسان رضوی","country":"Iran","postcode":74523,"coordinates":{"latitude":"15.0033","longitude":"141.5356"},"timezone":{"offset":"-5:00","description":"Eastern Time (US &amp; Canada), Bogota, Lima"}},"email":"dyn.hmdy@example.com","login":{"uuid":"609490a4-bd80-49f7-b501-e1aa85d598a6","username":"bigtiger170","password":"0987","salt":"YHaJ7CCv","md5":"3486d528ae7c2fdf53413207f8a65381","sha1":"a12c323354a190c4ed0abbd2213fcfeca51c3c18","sha256":"52a986453b51a6e2c124d5a1c6296ab222bee54516cb582ea5bd65ad03af6410"},"dob":{"date":"1983-04-01T06:24:22.814Z","age":40},"registered":{"date":"2015-03-26T01:06:45.174Z","age":9},"phone":"038-35564291","cell":"0939-154-7361","id":{"name":"","value":null},"picture":{"large":"https://randomuser.me/api/portraits/women/53.jpg","medium":"https://randomuser.me/api/portraits/med/women/53.jpg","thumbnail":"https://randomuser.me/api/portraits/thumb/women/53.jpg"},"nat":"IR"}],"info":{"seed":"d865ffebefcdff34","results":1,"page":1,"version":"1.4"}} 
 </msg>
<msg time="2024-03-30T21:11:21.697422" level="INFO">/opt/hostedtoolcache/Python/3.12.2/x64/lib/python3.12/site-packages/urllib3/connectionpool.py:1103: InsecureRequestWarning: Unverified HTTPS request is being made to host 'randomuser.me'. Adding certificate verification is strongly advised. See: https://urllib3.readthedocs.io/en/latest/advanced-usage.html#tls-warnings
  warnings.warn(</msg>
<msg time="2024-03-30T21:11:21.697563" level="INFO">${response} = &lt;Response [200]&gt;</msg>
<var>${response}</var>
<arg>consultarAPI</arg>
<arg>/api</arg>
<doc>Sends a GET request on a previously created HTTP Session.</doc>
<status status="PASS" start="2024-03-30T21:11:21.590285" elapsed="0.107311"/>
</kw>
<kw name="Set Variable" owner="BuiltIn">
<msg time="2024-03-30T21:11:21.698846" level="INFO">${json_data} = {'results': [{'gender': 'female', 'name': {'title': 'Mrs', 'first': 'دینا', 'last': 'احمدی'}, 'location': {'street': {'number': 5787, 'name': 'آیت الله سعیدی'}, 'city': 'قزوین', 'state': 'خراسان رضوی'...</msg>
<var>${json_data}</var>
<arg>${response.json()}</arg>
<doc>Returns the given values which can then be assigned to a variables.</doc>
<status status="PASS" start="2024-03-30T21:11:21.698290" elapsed="0.000586"/>
</kw>
<kw name="Set Variable" owner="BuiltIn">
<msg time="2024-03-30T21:11:21.699592" level="INFO">${name_title} = Mrs</msg>
<var>${name_title}</var>
<arg>${json_data["results"][0]["name"]["title"]}</arg>
<doc>Returns the given values which can then be assigned to a variables.</doc>
<status status="PASS" start="2024-03-30T21:11:21.699188" elapsed="0.000429"/>
</kw>
<kw name="Create List" owner="BuiltIn">
<msg time="2024-03-30T21:11:21.700070" level="INFO">${allowed_titles} = ['Mr', 'Ms', 'Miss', 'Mrs', 'Madame', 'Monsieur']</msg>
<var>${allowed_titles}</var>
<arg>Mr</arg>
<arg>Ms</arg>
<arg>Miss</arg>
<arg>Mrs</arg>
<arg>Madame</arg>
<arg>Monsieur</arg>
<doc>Returns a list containing given items.</doc>
<status status="PASS" start="2024-03-30T21:11:21.699920" elapsed="0.000174"/>
</kw>
<kw name="List Should Contain Value" owner="Collections">
<msg time="2024-03-30T21:11:21.700588" level="INFO">False</msg>
<arg>${allowed_titles}</arg>
<arg>${name_title}</arg>
<doc>Fails if the ``value`` is not found from ``list``.</doc>
<status status="PASS" start="2024-03-30T21:11:21.700406" elapsed="0.000221"/>
</kw>
<kw name="Set Variable" owner="BuiltIn">
<msg time="2024-03-30T21:11:21.701303" level="INFO">${name_country} = IR</msg>
<var>${name_country}</var>
<arg>${json_data["results"][0]["nat"]}</arg>
<doc>Returns the given values which can then be assigned to a variables.</doc>
<status status="PASS" start="2024-03-30T21:11:21.700922" elapsed="0.000407"/>
</kw>
<kw name="Create List" owner="BuiltIn">
<msg time="2024-03-30T21:11:21.702234" level="INFO">${list_country} = ['AD', 'AE', 'AF', 'AG', 'AI', 'AL', 'AM', 'AO', 'AQ', 'AR', 'AS', 'AT', 'AU', 'AW', 'AX', 'AZ', 'BA', 'BB', 'BD', 'BE', 'BF', 'BG', 'BH', 'BI', 'BJ', 'BL', 'BM', 'BN', 'BO', 'BQ', 'BR', 'BS', 'BT', '...</msg>
<var>${list_country}</var>
<arg>AD</arg>
<arg>AE</arg>
<arg>AF</arg>
<arg>AG</arg>
<arg>AI</arg>
<arg>AL</arg>
<arg>AM</arg>
<arg>AO</arg>
<arg>AQ</arg>
<arg>AR</arg>
<arg>AS</arg>
<arg>AT</arg>
<arg>AU</arg>
<arg>AW</arg>
<arg>AX</arg>
<arg>AZ</arg>
<arg>BA</arg>
<arg>BB</arg>
<arg>BD</arg>
<arg>BE</arg>
<arg>BF</arg>
<arg>BG</arg>
<arg>BH</arg>
<arg>BI</arg>
<arg>BJ</arg>
<arg>BL</arg>
<arg>BM</arg>
<arg>BN</arg>
<arg>BO</arg>
<arg>BQ</arg>
<arg>BR</arg>
<arg>BS</arg>
<arg>BT</arg>
<arg>BV</arg>
<arg>BW</arg>
<arg>BY</arg>
<arg>BZ</arg>
<arg>CA</arg>
<arg>CC</arg>
<arg>CD</arg>
<arg>CF</arg>
<arg>CG</arg>
<arg>CH</arg>
<arg>CI</arg>
<arg>CK</arg>
<arg>CL</arg>
<arg>CM</arg>
<arg>CN</arg>
<arg>CO</arg>
<arg>CR</arg>
<arg>CU</arg>
<arg>CV</arg>
<arg>CW</arg>
<arg>CX</arg>
<arg>CY</arg>
<arg>CZ</arg>
<arg>DE</arg>
<arg>DJ</arg>
<arg>DK</arg>
<arg>DM</arg>
<arg>DO</arg>
<arg>DZ</arg>
<arg>EC</arg>
<arg>EE</arg>
<arg>EG</arg>
<arg>EH</arg>
<arg>ER</arg>
<arg>ES</arg>
<arg>ET</arg>
<arg>FI</arg>
<arg>FJ</arg>
<arg>FK</arg>
<arg>FM</arg>
<arg>FO</arg>
<arg>FR</arg>
<arg>GA</arg>
<arg>GB</arg>
<arg>GD</arg>
<arg>GE</arg>
<arg>GF</arg>
<arg>GG</arg>
<arg>GH</arg>
<arg>GI</arg>
<arg>GL</arg>
<arg>GM</arg>
<arg>GN</arg>
<arg>GP</arg>
<arg>GQ</arg>
<arg>GR</arg>
<arg>GS</arg>
<arg>GT</arg>
<arg>GU</arg>
<arg>GW</arg>
<arg>GY</arg>
<arg>HK</arg>
<arg>HM</arg>
<arg>HN</arg>
<arg>HR</arg>
<arg>HT</arg>
<arg>HU</arg>
<arg>ID</arg>
<arg>IE</arg>
<arg>IL</arg>
<arg>IM</arg>
<arg>IN</arg>
<arg>IO</arg>
<arg>IQ</arg>
<arg>IR</arg>
<arg>IS</arg>
<arg>IT</arg>
<arg>JE</arg>
<arg>JM</arg>
<arg>JO</arg>
<arg>JP</arg>
<arg>KE</arg>
<arg>KG</arg>
<arg>KH</arg>
<arg>KI</arg>
<arg>KM</arg>
<arg>KN</arg>
<arg>KP</arg>
<arg>KR</arg>
<arg>KW</arg>
<arg>KY</arg>
<arg>KZ</arg>
<arg>LA</arg>
<arg>LB</arg>
<arg>LC</arg>
<arg>LI</arg>
<arg>LK</arg>
<arg>LR</arg>
<arg>LS</arg>
<arg>LT</arg>
<arg>LU</arg>
<arg>LV</arg>
<arg>LY</arg>
<arg>MA</arg>
<arg>MC</arg>
<arg>MD</arg>
<arg>ME</arg>
<arg>MF</arg>
<arg>MG</arg>
<arg>MH</arg>
<arg>MK</arg>
<arg>ML</arg>
<arg>MM</arg>
<arg>MN</arg>
<arg>MO</arg>
<arg>MP</arg>
<arg>MQ</arg>
<arg>MR</arg>
<arg>MS</arg>
<arg>MT</arg>
<arg>MU</arg>
<arg>MV</arg>
<arg>MW</arg>
<arg>MX</arg>
<arg>MY</arg>
<arg>MZ</arg>
<arg>NA</arg>
<arg>NC</arg>
<arg>NE</arg>
<arg>NF</arg>
<arg>NG</arg>
<arg>NI</arg>
<arg>NL</arg>
<arg>NO</arg>
<arg>NP</arg>
<arg>NR</arg>
<arg>NU</arg>
<arg>NZ</arg>
<arg>OM</arg>
<arg>PA</arg>
<arg>PE</arg>
<arg>PF</arg>
<arg>PG</arg>
<arg>PH</arg>
<arg>PK</arg>
<arg>PL</arg>
<arg>PM</arg>
<arg>PN</arg>
<arg>PR</arg>
<arg>PS</arg>
<arg>PT</arg>
<arg>PW</arg>
<arg>PY</arg>
<arg>QA</arg>
<arg>RE</arg>
<arg>RO</arg>
<arg>RS</arg>
<arg>RU</arg>
<arg>RW</arg>
<arg>SA</arg>
<arg>SB</arg>
<arg>SC</arg>
<arg>SD</arg>
<arg>SE</arg>
<arg>SG</arg>
<arg>SH</arg>
<arg>SI</arg>
<arg>SJ</arg>
<arg>SK</arg>
<arg>SL</arg>
<arg>SM</arg>
<arg>SN</arg>
<arg>SO</arg>
<arg>SR</arg>
<arg>SS</arg>
<arg>ST</arg>
<arg>SV</arg>
<arg>SX</arg>
<arg>SY</arg>
<arg>SZ</arg>
<arg>TC</arg>
<arg>TD</arg>
<arg>TF</arg>
<arg>TG</arg>
<arg>TH</arg>
<arg>TJ</arg>
<arg>TK</arg>
<arg>TL</arg>
<arg>TM</arg>
<arg>TN</arg>
<arg>TO</arg>
<arg>TR</arg>
<arg>TT</arg>
<arg>TV</arg>
<arg>TW</arg>
<arg>TZ</arg>
<arg>UA</arg>
<arg>UG</arg>
<arg>UM</arg>
<arg>US</arg>
<arg>UY</arg>
<arg>UZ</arg>
<arg>VA</arg>
<arg>VC</arg>
<arg>VE</arg>
<arg>VG</arg>
<arg>VI</arg>
<arg>VN</arg>
<arg>VU</arg>
<arg>WF</arg>
<arg>WS</arg>
<arg>XK</arg>
<arg>YE</arg>
<arg>YT</arg>
<arg>ZA</arg>
<arg>ZM</arg>
<arg>ZW</arg>
<doc>Returns a list containing given items.</doc>
<status status="PASS" start="2024-03-30T21:11:21.701634" elapsed="0.000625"/>
</kw>
<kw name="List Should Contain Value" owner="Collections">
<msg time="2024-03-30T21:11:21.703433" level="INFO">False</msg>
<arg>${list_country}</arg>
<arg>${name_country}</arg>
<doc>Fails if the ``value`` is not found from ``list``.</doc>
<status status="PASS" start="2024-03-30T21:11:21.703224" elapsed="0.000247"/>
</kw>
<kw name="Run Keyword If" owner="BuiltIn">
<kw name="Should Be True" owner="BuiltIn">
<arg>${True}</arg>
<doc>Fails if the given condition is not true.</doc>
<status status="PASS" start="2024-03-30T21:11:21.704577" elapsed="0.000149"/>
</kw>
<arg>${json_data["results"][0]["location"]["coordinates"]["latitude"]} &gt;= -90 and ${json_data["results"][0]["location"]["coordinates"]["latitude"]} &lt;= 90</arg>
<arg>Should Be True</arg>
<arg>${True}</arg>
<doc>Runs the given keyword with the given arguments, if ``condition`` is true.</doc>
<status status="PASS" start="2024-03-30T21:11:21.703786" elapsed="0.001072"/>
</kw>
<kw name="Run Keyword If" owner="BuiltIn">
<kw name="Should Be True" owner="BuiltIn">
<arg>${True}</arg>
<doc>Fails if the given condition is not true.</doc>
<status status="PASS" start="2024-03-30T21:11:21.705742" elapsed="0.000139"/>
</kw>
<arg>${json_data["results"][0]["location"]["coordinates"]["longitude"]} &gt;= -180 and ${json_data["results"][0]["location"]["coordinates"]["longitude"]} &lt;= 180</arg>
<arg>Should Be True</arg>
<arg>${True}</arg>
<doc>Runs the given keyword with the given arguments, if ``condition`` is true.</doc>
<status status="PASS" start="2024-03-30T21:11:21.705044" elapsed="0.000962"/>
</kw>
<status status="PASS" start="2024-03-30T21:11:21.590053" elapsed="0.116088"/>
</kw>
<doc>Testa o conteúdo específico dos campos retornados pela API.</doc>
<tag>testeConteudo</tag>
<status status="PASS" start="2024-03-30T21:11:21.589580" elapsed="0.116719"/>
</test>
<status status="PASS" start="2024-03-30T21:11:20.432251" elapsed="1.276032"/>
</suite>
<status status="PASS" start="2024-03-30T21:11:20.417962" elapsed="1.295705"/>
</suite>
<statistics>
<total>
<stat pass="5" fail="0" skip="0">All Tests</stat>
</total>
<tag>
<stat pass="1" fail="0" skip="0">testeConteudo</stat>
<stat pass="1" fail="0" skip="0">testeEstruturaResposta</stat>
<stat pass="1" fail="0" skip="0">testeRequisicaoBasica</stat>
<stat pass="1" fail="0" skip="0">testeTiposDados</stat>
</tag>
<suite>
<stat pass="5" fail="0" skip="0" id="s1" name="Tests">Tests</stat>
<stat pass="5" fail="0" skip="0" id="s1-s1" name="Random-User-Test">Tests.Random-User-Test</stat>
</suite>
</statistics>
<errors>
</errors>
</robot>
