<?xml version="1.0" encoding="UTF-8"?>
<robot generator="Robot 7.0 (Python 3.12.3 on linux)" generated="2024-06-06T15:16:40.420426" rpa="false" schemaversion="5">
<suite id="s1" name="Tests" source="/home/runner/work/ApiRandomUser/ApiRandomUser/RamdonUser/tests">
<suite id="s1-s1" name="Random-User-Test" source="/home/runner/work/ApiRandomUser/ApiRandomUser/RamdonUser/tests/random-user-test.robot">
<test id="s1-s1-t1" name="Conectar" line="13">
<kw name="Conectar API" owner="random-user-service">
<kw name="Create Session" owner="RequestsLibrary">
<msg time="2024-06-06T15:16:40.822327" level="INFO">Creating Session using : alias=consultarAPI, url=https://randomuser.me/, headers={},                     cookies={}, auth=None, timeout=None, proxies=None, verify=False,                     debug=0 </msg>
<arg>consultarAPI</arg>
<arg>${URL}</arg>
<doc>Create Session: create a HTTP session to a server</doc>
<status status="PASS" start="2024-06-06T15:16:40.822126" elapsed="0.000372"/>
</kw>
<status status="PASS" start="2024-06-06T15:16:40.821110" elapsed="0.001769"/>
</kw>
<status status="PASS" start="2024-06-06T15:16:40.820589" elapsed="0.002487"/>
</test>
<test id="s1-s1-t2" name="Validar retorno 200 e JSON Válido" line="16">
<kw name="Teste de Requisicao Basica" owner="random-user-service">
<kw name="GET On Session" owner="RequestsLibrary">
<msg time="2024-06-06T15:16:41.115095" level="INFO">GET Request : url=https://randomuser.me/api 
 path_url=/api 
 headers={'User-Agent': 'python-requests/2.32.3', 'Accept-Encoding': 'gzip, deflate', 'Accept': '*/*', 'Connection': 'keep-alive'} 
 body=None 
 </msg>
<msg time="2024-06-06T15:16:41.115248" level="INFO">GET Response : url=https://randomuser.me/api 
 status=200, reason=OK 
 headers={'Date': 'Thu, 06 Jun 2024 15:16:41 GMT', 'Content-Type': 'application/json; charset=utf-8', 'Transfer-Encoding': 'chunked', 'Connection': 'keep-alive', 'X-Powered-By': 'Express', 'Access-Control-Allow-Origin': '*', 'Cache-Control': 'no-cache', 'ETag': 'W/"4a9-wp4Erm/pWBu2TaObep+OsuGtSwA"', 'Vary': 'Accept-Encoding', 'Content-Encoding': 'gzip', 'CF-Cache-Status': 'DYNAMIC', 'Report-To': '{"endpoints":[{"url":"https:\\/\\/a.nel.cloudflare.com\\/report\\/v4?s=vGqPnPGfuULur2eKhesHhNgxUPbXG5CFAVHG%2BiYkjNuEYlh4AynhmUuhRjLVritcUwm0DY%2BTUPLRKaZWbl46%2FzDH%2FseTP6LXkQBMThhNMOW%2BhRNogbovuVexHXOC7LW6"}],"group":"cf-nel","max_age":604800}', 'NEL': '{"success_fraction":0,"report_to":"cf-nel","max_age":604800}', 'Server': 'cloudflare', 'CF-RAY': '88f95d6c0982827a-IAD', 'alt-svc': 'h3=":443"; ma=86400'} 
 body={"results":[{"gender":"female","name":{"title":"Miss","first":"Vaishnavi","last":"Shroff"},"location":{"street":{"number":8603,"name":"Sao Tome Old Quarter"},"city":"Kishanganj","state":"Karnataka","country":"India","postcode":47076,"coordinates":{"latitude":"4.6305","longitude":"31.0392"},"timezone":{"offset":"0:00","description":"Western Europe Time, London, Lisbon, Casablanca"}},"email":"vaishnavi.shroff@example.com","login":{"uuid":"fe17dd87-6f94-4eac-a926-9faa0924cb05","username":"happymeercat959","password":"blue1","salt":"0Jq5MV3K","md5":"cf9d6d824016a156821ee3f864d9d78d","sha1":"b7ad1786affd539b2054b386200f5f1503f71e48","sha256":"bca06091f527749dc8ac74948824e291dc1f690cf9ff5c572f9be0e93579c94b"},"dob":{"date":"1980-10-16T15:39:36.809Z","age":43},"registered":{"date":"2015-03-31T20:03:23.670Z","age":9},"phone":"8127603829","cell":"8972917563","id":{"name":"UIDAI","value":"695588549068"},"picture":{"large":"https://randomuser.me/api/portraits/women/1.jpg","medium":"https://randomuser.me/api/portraits/med/women/1.jpg","thumbnail":"https://randomuser.me/api/portraits/thumb/women/1.jpg"},"nat":"IN"}],"info":{"seed":"d882497628c229ad","results":1,"page":1,"version":"1.4"}} 
 </msg>
<msg time="2024-06-06T15:16:41.115327" level="INFO">/opt/hostedtoolcache/Python/3.12.3/x64/lib/python3.12/site-packages/urllib3/connectionpool.py:1103: InsecureRequestWarning: Unverified HTTPS request is being made to host 'randomuser.me'. Adding certificate verification is strongly advised. See: https://urllib3.readthedocs.io/en/latest/advanced-usage.html#tls-warnings
  warnings.warn(</msg>
<msg time="2024-06-06T15:16:41.115460" level="INFO">${response} = &lt;Response [200]&gt;</msg>
<var>${response}</var>
<arg>consultarAPI</arg>
<arg>/api</arg>
<doc>Sends a GET request on a previously created HTTP Session.</doc>
<status status="PASS" start="2024-06-06T15:16:40.825644" elapsed="0.289848"/>
</kw>
<kw name="Should Be Equal As Numbers" owner="BuiltIn">
<msg time="2024-06-06T15:16:41.116559" level="INFO">Argument types are:
&lt;class 'int'&gt;
&lt;class 'str'&gt;</msg>
<arg>${response.status_code}</arg>
<arg>200</arg>
<doc>Fails if objects are unequal after converting them to real numbers.</doc>
<status status="PASS" start="2024-06-06T15:16:41.116099" elapsed="0.000525"/>
</kw>
<kw name="Log" owner="BuiltIn">
<msg time="2024-06-06T15:16:41.117328" level="INFO">200</msg>
<arg>${response.status_code}</arg>
<doc>Logs the given message with the given level.</doc>
<status status="PASS" start="2024-06-06T15:16:41.116980" elapsed="0.000394"/>
</kw>
<kw name="Set Variable" owner="BuiltIn">
<msg time="2024-06-06T15:16:41.118103" level="INFO">${json_data} = {'results': [{'gender': 'female', 'name': {'title': 'Miss', 'first': 'Vaishnavi', 'last': 'Shroff'}, 'location': {'street': {'number': 8603, 'name': 'Sao Tome Old Quarter'}, 'city': 'Kishanganj', 'sta...</msg>
<var>${json_data}</var>
<arg>${response.json()}</arg>
<doc>Returns the given values which can then be assigned to a variables.</doc>
<status status="PASS" start="2024-06-06T15:16:41.117678" elapsed="0.000453"/>
</kw>
<kw name="Dictionary Should Contain Key" owner="Collections">
<msg time="2024-06-06T15:16:41.118608" level="INFO">False</msg>
<arg>${json_data}</arg>
<arg>results</arg>
<doc>Fails if ``key`` is not found from ``dictionary``.</doc>
<status status="PASS" start="2024-06-06T15:16:41.118436" elapsed="0.000414"/>
</kw>
<status status="PASS" start="2024-06-06T15:16:40.825403" elapsed="0.293727"/>
</kw>
<doc>Testa se a API responde corretamente e retorna um objeto JSON válido.</doc>
<tag>testeRequisicaoBasica</tag>
<status status="PASS" start="2024-06-06T15:16:40.824928" elapsed="0.294385"/>
</test>
<test id="s1-s1-t3" name="Validar estrutura de resposta" line="22">
<kw name="Teste de Estrutura de Resposta" owner="random-user-service">
<kw name="GET On Session" owner="RequestsLibrary">
<msg time="2024-06-06T15:16:41.195501" level="INFO">GET Request : url=https://randomuser.me/api 
 path_url=/api 
 headers={'User-Agent': 'python-requests/2.32.3', 'Accept-Encoding': 'gzip, deflate', 'Accept': '*/*', 'Connection': 'keep-alive'} 
 body=None 
 </msg>
<msg time="2024-06-06T15:16:41.195591" level="INFO">GET Response : url=https://randomuser.me/api 
 status=200, reason=OK 
 headers={'Date': 'Thu, 06 Jun 2024 15:16:41 GMT', 'Content-Type': 'application/json; charset=utf-8', 'Transfer-Encoding': 'chunked', 'Connection': 'keep-alive', 'X-Powered-By': 'Express', 'Access-Control-Allow-Origin': '*', 'Cache-Control': 'no-cache', 'ETag': 'W/"4b2-YTIHqceE3uTM4RzLXOcr2GWBXKQ"', 'Vary': 'Accept-Encoding', 'Content-Encoding': 'gzip', 'CF-Cache-Status': 'DYNAMIC', 'Report-To': '{"endpoints":[{"url":"https:\\/\\/a.nel.cloudflare.com\\/report\\/v4?s=zp7FogijBCNO42GE44GiSPAhkuDd9Dlo9WIy04dpsDtX8VU3OxE%2FDAOf7nq9LVbON7W65mV8zVBkFH%2FKsq3kRbWV1Ihzl9z%2FO%2BxtZXa4jBcWowO7U68E8kOC%2Fv33VUW1"}],"group":"cf-nel","max_age":604800}', 'NEL': '{"success_fraction":0,"report_to":"cf-nel","max_age":604800}', 'Server': 'cloudflare', 'CF-RAY': '88f95d6d0b30827a-IAD', 'alt-svc': 'h3=":443"; ma=86400'} 
 body={"results":[{"gender":"male","name":{"title":"Mr","first":"Francisco Javier","last":"Armas"},"location":{"street":{"number":9733,"name":"Prolongación Ríos"},"city":"Esperanza","state":"Sonora","country":"Mexico","postcode":47227,"coordinates":{"latitude":"25.3674","longitude":"-148.2698"},"timezone":{"offset":"-6:00","description":"Central Time (US &amp; Canada), Mexico City"}},"email":"franciscojavier.armas@example.com","login":{"uuid":"503fe4c6-0d81-492b-9b49-5141a246a284","username":"crazymeercat404","password":"qwert123","salt":"a1FfKjTY","md5":"8f45338676f6482ce48a8d765d33dae2","sha1":"13219dc6f7f620ab1f1a3e62da6569386bfb97f7","sha256":"dd83bea2ac2a65bd3ef26e654866f81abc4da787cd763e77f85b2304f4ca7750"},"dob":{"date":"1948-12-25T07:56:16.921Z","age":75},"registered":{"date":"2007-10-13T16:33:41.319Z","age":16},"phone":"(661) 346 1523","cell":"(616) 048 8484","id":{"name":"NSS","value":"89 61 66 3136 7"},"picture":{"large":"https://randomuser.me/api/portraits/men/10.jpg","medium":"https://randomuser.me/api/portraits/med/men/10.jpg","thumbnail":"https://randomuser.me/api/portraits/thumb/men/10.jpg"},"nat":"MX"}],"info":{"seed":"a1b78f79137e621c","results":1,"page":1,"version":"1.4"}} 
 </msg>
<msg time="2024-06-06T15:16:41.195717" level="INFO">/opt/hostedtoolcache/Python/3.12.3/x64/lib/python3.12/site-packages/urllib3/connectionpool.py:1103: InsecureRequestWarning: Unverified HTTPS request is being made to host 'randomuser.me'. Adding certificate verification is strongly advised. See: https://urllib3.readthedocs.io/en/latest/advanced-usage.html#tls-warnings
  warnings.warn(</msg>
<msg time="2024-06-06T15:16:41.195839" level="INFO">${response} = &lt;Response [200]&gt;</msg>
<var>${response}</var>
<arg>consultarAPI</arg>
<arg>/api</arg>
<doc>Sends a GET request on a previously created HTTP Session.</doc>
<status status="PASS" start="2024-06-06T15:16:41.121936" elapsed="0.073944"/>
</kw>
<kw name="Set Variable" owner="BuiltIn">
<msg time="2024-06-06T15:16:41.196742" level="INFO">${json_data} = {'results': [{'gender': 'male', 'name': {'title': 'Mr', 'first': 'Francisco Javier', 'last': 'Armas'}, 'location': {'street': {'number': 9733, 'name': 'Prolongación Ríos'}, 'city': 'Esperanza', 'state...</msg>
<var>${json_data}</var>
<arg>${response.json()}</arg>
<doc>Returns the given values which can then be assigned to a variables.</doc>
<status status="PASS" start="2024-06-06T15:16:41.196286" elapsed="0.000486"/>
</kw>
<kw name="Log" owner="BuiltIn">
<msg time="2024-06-06T15:16:41.197237" level="INFO">{'results': [{'gender': 'male', 'name': {'title': 'Mr', 'first': 'Francisco Javier', 'last': 'Armas'}, 'location': {'street': {'number': 9733, 'name': 'Prolongación Ríos'}, 'city': 'Esperanza', 'state': 'Sonora', 'country': 'Mexico', 'postcode': 47227, 'coordinates': {'latitude': '25.3674', 'longitude': '-148.2698'}, 'timezone': {'offset': '-6:00', 'description': 'Central Time (US &amp; Canada), Mexico City'}}, 'email': 'franciscojavier.armas@example.com', 'login': {'uuid': '503fe4c6-0d81-492b-9b49-5141a246a284', 'username': 'crazymeercat404', 'password': 'qwert123', 'salt': 'a1FfKjTY', 'md5': '8f45338676f6482ce48a8d765d33dae2', 'sha1': '13219dc6f7f620ab1f1a3e62da6569386bfb97f7', 'sha256': 'dd83bea2ac2a65bd3ef26e654866f81abc4da787cd763e77f85b2304f4ca7750'}, 'dob': {'date': '1948-12-25T07:56:16.921Z', 'age': 75}, 'registered': {'date': '2007-10-13T16:33:41.319Z', 'age': 16}, 'phone': '(661) 346 1523', 'cell': '(616) 048 8484', 'id': {'name': 'NSS', 'value': '89 61 66 3136 7'}, 'picture': {'large': 'https://randomuser.me/api/portraits/men/10.jpg', 'medium': 'https://randomuser.me/api/portraits/med/men/10.jpg', 'thumbnail': 'https://randomuser.me/api/portraits/thumb/men/10.jpg'}, 'nat': 'MX'}], 'info': {'seed': 'a1b78f79137e621c', 'results': 1, 'page': 1, 'version': '1.4'}}</msg>
<arg>${json_data}</arg>
<doc>Logs the given message with the given level.</doc>
<status status="PASS" start="2024-06-06T15:16:41.197078" elapsed="0.000220"/>
</kw>
<kw name="Dictionary Should Contain Key" owner="Collections">
<msg time="2024-06-06T15:16:41.197754" level="INFO">False</msg>
<arg>${json_data}</arg>
<arg>results</arg>
<doc>Fails if ``key`` is not found from ``dictionary``.</doc>
<status status="PASS" start="2024-06-06T15:16:41.197598" elapsed="0.000192"/>
</kw>
<kw name="Should Not Be Empty" owner="BuiltIn">
<msg time="2024-06-06T15:16:41.198224" level="INFO">Length is 2.</msg>
<arg>${json_data}</arg>
<doc>Verifies that the given item is not empty.</doc>
<status status="PASS" start="2024-06-06T15:16:41.198093" elapsed="0.000169"/>
</kw>
<kw name="Create List" owner="BuiltIn">
<msg time="2024-06-06T15:16:41.198736" level="INFO">${expected_keys} = ['gender', 'name', 'location', 'email', 'login']</msg>
<var>${expected_keys}</var>
<arg>gender</arg>
<arg>name</arg>
<arg>location</arg>
<arg>email</arg>
<arg>login</arg>
<doc>Returns a list containing given items.</doc>
<status status="PASS" start="2024-06-06T15:16:41.198551" elapsed="0.000216"/>
</kw>
<for flavor="IN">
<iter>
<kw name="Dictionary Should Contain Key" owner="Collections">
<msg time="2024-06-06T15:16:41.199753" level="INFO">False</msg>
<arg>${json_data['results'][0]}</arg>
<arg>${key}</arg>
<doc>Fails if ``key`` is not found from ``dictionary``.</doc>
<status status="PASS" start="2024-06-06T15:16:41.199351" elapsed="0.000444"/>
</kw>
<kw name="Log" owner="BuiltIn">
<msg time="2024-06-06T15:16:41.200459" level="INFO">{'gender': 'male', 'name': {'title': 'Mr', 'first': 'Francisco Javier', 'last': 'Armas'}, 'location': {'street': {'number': 9733, 'name': 'Prolongación Ríos'}, 'city': 'Esperanza', 'state': 'Sonora', 'country': 'Mexico', 'postcode': 47227, 'coordinates': {'latitude': '25.3674', 'longitude': '-148.2698'}, 'timezone': {'offset': '-6:00', 'description': 'Central Time (US &amp; Canada), Mexico City'}}, 'email': 'franciscojavier.armas@example.com', 'login': {'uuid': '503fe4c6-0d81-492b-9b49-5141a246a284', 'username': 'crazymeercat404', 'password': 'qwert123', 'salt': 'a1FfKjTY', 'md5': '8f45338676f6482ce48a8d765d33dae2', 'sha1': '13219dc6f7f620ab1f1a3e62da6569386bfb97f7', 'sha256': 'dd83bea2ac2a65bd3ef26e654866f81abc4da787cd763e77f85b2304f4ca7750'}, 'dob': {'date': '1948-12-25T07:56:16.921Z', 'age': 75}, 'registered': {'date': '2007-10-13T16:33:41.319Z', 'age': 16}, 'phone': '(661) 346 1523', 'cell': '(616) 048 8484', 'id': {'name': 'NSS', 'value': '89 61 66 3136 7'}, 'picture': {'large': 'https://randomuser.me/api/portraits/men/10.jpg', 'medium': 'https://randomuser.me/api/portraits/med/men/10.jpg', 'thumbnail': 'https://randomuser.me/api/portraits/thumb/men/10.jpg'}, 'nat': 'MX'}</msg>
<arg>${json_data['results'][0]}</arg>
<doc>Logs the given message with the given level.</doc>
<status status="PASS" start="2024-06-06T15:16:41.200095" elapsed="0.000420"/>
</kw>
<kw name="Log" owner="BuiltIn">
<msg time="2024-06-06T15:16:41.200950" level="INFO">gender</msg>
<arg>${key}</arg>
<doc>Logs the given message with the given level.</doc>
<status status="PASS" start="2024-06-06T15:16:41.200821" elapsed="0.000166"/>
</kw>
<var name="${key}">gender</var>
<status status="PASS" start="2024-06-06T15:16:41.199227" elapsed="0.001975"/>
</iter>
<iter>
<kw name="Dictionary Should Contain Key" owner="Collections">
<msg time="2024-06-06T15:16:41.201880" level="INFO">False</msg>
<arg>${json_data['results'][0]}</arg>
<arg>${key}</arg>
<doc>Fails if ``key`` is not found from ``dictionary``.</doc>
<status status="PASS" start="2024-06-06T15:16:41.201502" elapsed="0.000446"/>
</kw>
<kw name="Log" owner="BuiltIn">
<msg time="2024-06-06T15:16:41.202602" level="INFO">{'gender': 'male', 'name': {'title': 'Mr', 'first': 'Francisco Javier', 'last': 'Armas'}, 'location': {'street': {'number': 9733, 'name': 'Prolongación Ríos'}, 'city': 'Esperanza', 'state': 'Sonora', 'country': 'Mexico', 'postcode': 47227, 'coordinates': {'latitude': '25.3674', 'longitude': '-148.2698'}, 'timezone': {'offset': '-6:00', 'description': 'Central Time (US &amp; Canada), Mexico City'}}, 'email': 'franciscojavier.armas@example.com', 'login': {'uuid': '503fe4c6-0d81-492b-9b49-5141a246a284', 'username': 'crazymeercat404', 'password': 'qwert123', 'salt': 'a1FfKjTY', 'md5': '8f45338676f6482ce48a8d765d33dae2', 'sha1': '13219dc6f7f620ab1f1a3e62da6569386bfb97f7', 'sha256': 'dd83bea2ac2a65bd3ef26e654866f81abc4da787cd763e77f85b2304f4ca7750'}, 'dob': {'date': '1948-12-25T07:56:16.921Z', 'age': 75}, 'registered': {'date': '2007-10-13T16:33:41.319Z', 'age': 16}, 'phone': '(661) 346 1523', 'cell': '(616) 048 8484', 'id': {'name': 'NSS', 'value': '89 61 66 3136 7'}, 'picture': {'large': 'https://randomuser.me/api/portraits/men/10.jpg', 'medium': 'https://randomuser.me/api/portraits/med/men/10.jpg', 'thumbnail': 'https://randomuser.me/api/portraits/thumb/men/10.jpg'}, 'nat': 'MX'}</msg>
<arg>${json_data['results'][0]}</arg>
<doc>Logs the given message with the given level.</doc>
<status status="PASS" start="2024-06-06T15:16:41.202244" elapsed="0.000431"/>
</kw>
<kw name="Log" owner="BuiltIn">
<msg time="2024-06-06T15:16:41.203111" level="INFO">name</msg>
<arg>${key}</arg>
<doc>Logs the given message with the given level.</doc>
<status status="PASS" start="2024-06-06T15:16:41.202984" elapsed="0.000163"/>
</kw>
<var name="${key}">name</var>
<status status="PASS" start="2024-06-06T15:16:41.201387" elapsed="0.001983"/>
</iter>
<iter>
<kw name="Dictionary Should Contain Key" owner="Collections">
<msg time="2024-06-06T15:16:41.204039" level="INFO">False</msg>
<arg>${json_data['results'][0]}</arg>
<arg>${key}</arg>
<doc>Fails if ``key`` is not found from ``dictionary``.</doc>
<status status="PASS" start="2024-06-06T15:16:41.203662" elapsed="0.000414"/>
</kw>
<kw name="Log" owner="BuiltIn">
<msg time="2024-06-06T15:16:41.204754" level="INFO">{'gender': 'male', 'name': {'title': 'Mr', 'first': 'Francisco Javier', 'last': 'Armas'}, 'location': {'street': {'number': 9733, 'name': 'Prolongación Ríos'}, 'city': 'Esperanza', 'state': 'Sonora', 'country': 'Mexico', 'postcode': 47227, 'coordinates': {'latitude': '25.3674', 'longitude': '-148.2698'}, 'timezone': {'offset': '-6:00', 'description': 'Central Time (US &amp; Canada), Mexico City'}}, 'email': 'franciscojavier.armas@example.com', 'login': {'uuid': '503fe4c6-0d81-492b-9b49-5141a246a284', 'username': 'crazymeercat404', 'password': 'qwert123', 'salt': 'a1FfKjTY', 'md5': '8f45338676f6482ce48a8d765d33dae2', 'sha1': '13219dc6f7f620ab1f1a3e62da6569386bfb97f7', 'sha256': 'dd83bea2ac2a65bd3ef26e654866f81abc4da787cd763e77f85b2304f4ca7750'}, 'dob': {'date': '1948-12-25T07:56:16.921Z', 'age': 75}, 'registered': {'date': '2007-10-13T16:33:41.319Z', 'age': 16}, 'phone': '(661) 346 1523', 'cell': '(616) 048 8484', 'id': {'name': 'NSS', 'value': '89 61 66 3136 7'}, 'picture': {'large': 'https://randomuser.me/api/portraits/men/10.jpg', 'medium': 'https://randomuser.me/api/portraits/med/men/10.jpg', 'thumbnail': 'https://randomuser.me/api/portraits/thumb/men/10.jpg'}, 'nat': 'MX'}</msg>
<arg>${json_data['results'][0]}</arg>
<doc>Logs the given message with the given level.</doc>
<status status="PASS" start="2024-06-06T15:16:41.204376" elapsed="0.000440"/>
</kw>
<kw name="Log" owner="BuiltIn">
<msg time="2024-06-06T15:16:41.205236" level="INFO">location</msg>
<arg>${key}</arg>
<doc>Logs the given message with the given level.</doc>
<status status="PASS" start="2024-06-06T15:16:41.205111" elapsed="0.000162"/>
</kw>
<var name="${key}">location</var>
<status status="PASS" start="2024-06-06T15:16:41.203548" elapsed="0.001937"/>
</iter>
<iter>
<kw name="Dictionary Should Contain Key" owner="Collections">
<msg time="2024-06-06T15:16:41.206243" level="INFO">False</msg>
<arg>${json_data['results'][0]}</arg>
<arg>${key}</arg>
<doc>Fails if ``key`` is not found from ``dictionary``.</doc>
<status status="PASS" start="2024-06-06T15:16:41.205763" elapsed="0.000517"/>
</kw>
<kw name="Log" owner="BuiltIn">
<msg time="2024-06-06T15:16:41.206975" level="INFO">{'gender': 'male', 'name': {'title': 'Mr', 'first': 'Francisco Javier', 'last': 'Armas'}, 'location': {'street': {'number': 9733, 'name': 'Prolongación Ríos'}, 'city': 'Esperanza', 'state': 'Sonora', 'country': 'Mexico', 'postcode': 47227, 'coordinates': {'latitude': '25.3674', 'longitude': '-148.2698'}, 'timezone': {'offset': '-6:00', 'description': 'Central Time (US &amp; Canada), Mexico City'}}, 'email': 'franciscojavier.armas@example.com', 'login': {'uuid': '503fe4c6-0d81-492b-9b49-5141a246a284', 'username': 'crazymeercat404', 'password': 'qwert123', 'salt': 'a1FfKjTY', 'md5': '8f45338676f6482ce48a8d765d33dae2', 'sha1': '13219dc6f7f620ab1f1a3e62da6569386bfb97f7', 'sha256': 'dd83bea2ac2a65bd3ef26e654866f81abc4da787cd763e77f85b2304f4ca7750'}, 'dob': {'date': '1948-12-25T07:56:16.921Z', 'age': 75}, 'registered': {'date': '2007-10-13T16:33:41.319Z', 'age': 16}, 'phone': '(661) 346 1523', 'cell': '(616) 048 8484', 'id': {'name': 'NSS', 'value': '89 61 66 3136 7'}, 'picture': {'large': 'https://randomuser.me/api/portraits/men/10.jpg', 'medium': 'https://randomuser.me/api/portraits/med/men/10.jpg', 'thumbnail': 'https://randomuser.me/api/portraits/thumb/men/10.jpg'}, 'nat': 'MX'}</msg>
<arg>${json_data['results'][0]}</arg>
<doc>Logs the given message with the given level.</doc>
<status status="PASS" start="2024-06-06T15:16:41.206588" elapsed="0.000439"/>
</kw>
<kw name="Log" owner="BuiltIn">
<msg time="2024-06-06T15:16:41.207455" level="INFO">email</msg>
<arg>${key}</arg>
<doc>Logs the given message with the given level.</doc>
<status status="PASS" start="2024-06-06T15:16:41.207325" elapsed="0.000167"/>
</kw>
<var name="${key}">email</var>
<status status="PASS" start="2024-06-06T15:16:41.205654" elapsed="0.002055"/>
</iter>
<iter>
<kw name="Dictionary Should Contain Key" owner="Collections">
<msg time="2024-06-06T15:16:41.208369" level="INFO">False</msg>
<arg>${json_data['results'][0]}</arg>
<arg>${key}</arg>
<doc>Fails if ``key`` is not found from ``dictionary``.</doc>
<status status="PASS" start="2024-06-06T15:16:41.207994" elapsed="0.000412"/>
</kw>
<kw name="Log" owner="BuiltIn">
<msg time="2024-06-06T15:16:41.209058" level="INFO">{'gender': 'male', 'name': {'title': 'Mr', 'first': 'Francisco Javier', 'last': 'Armas'}, 'location': {'street': {'number': 9733, 'name': 'Prolongación Ríos'}, 'city': 'Esperanza', 'state': 'Sonora', 'country': 'Mexico', 'postcode': 47227, 'coordinates': {'latitude': '25.3674', 'longitude': '-148.2698'}, 'timezone': {'offset': '-6:00', 'description': 'Central Time (US &amp; Canada), Mexico City'}}, 'email': 'franciscojavier.armas@example.com', 'login': {'uuid': '503fe4c6-0d81-492b-9b49-5141a246a284', 'username': 'crazymeercat404', 'password': 'qwert123', 'salt': 'a1FfKjTY', 'md5': '8f45338676f6482ce48a8d765d33dae2', 'sha1': '13219dc6f7f620ab1f1a3e62da6569386bfb97f7', 'sha256': 'dd83bea2ac2a65bd3ef26e654866f81abc4da787cd763e77f85b2304f4ca7750'}, 'dob': {'date': '1948-12-25T07:56:16.921Z', 'age': 75}, 'registered': {'date': '2007-10-13T16:33:41.319Z', 'age': 16}, 'phone': '(661) 346 1523', 'cell': '(616) 048 8484', 'id': {'name': 'NSS', 'value': '89 61 66 3136 7'}, 'picture': {'large': 'https://randomuser.me/api/portraits/men/10.jpg', 'medium': 'https://randomuser.me/api/portraits/med/men/10.jpg', 'thumbnail': 'https://randomuser.me/api/portraits/thumb/men/10.jpg'}, 'nat': 'MX'}</msg>
<arg>${json_data['results'][0]}</arg>
<doc>Logs the given message with the given level.</doc>
<status status="PASS" start="2024-06-06T15:16:41.208697" elapsed="0.000417"/>
</kw>
<kw name="Log" owner="BuiltIn">
<msg time="2024-06-06T15:16:41.209566" level="INFO">login</msg>
<arg>${key}</arg>
<doc>Logs the given message with the given level.</doc>
<status status="PASS" start="2024-06-06T15:16:41.209437" elapsed="0.000166"/>
</kw>
<var name="${key}">login</var>
<status status="PASS" start="2024-06-06T15:16:41.207882" elapsed="0.001939"/>
</iter>
<var>${key}</var>
<value>@{expected_keys}</value>
<status status="PASS" start="2024-06-06T15:16:41.199027" elapsed="0.010915"/>
</for>
<kw name="Create List" owner="BuiltIn">
<msg time="2024-06-06T15:16:41.210268" level="INFO">${expected_keysTwo} = ['username', 'password']</msg>
<var>${expected_keysTwo}</var>
<arg>username</arg>
<arg>password</arg>
<doc>Returns a list containing given items.</doc>
<status status="PASS" start="2024-06-06T15:16:41.210131" elapsed="0.000160"/>
</kw>
<for flavor="IN">
<iter>
<kw name="Dictionary Should Contain Key" owner="Collections">
<msg time="2024-06-06T15:16:41.211198" level="INFO">False</msg>
<arg>${json_data['results'][0]['login']}</arg>
<arg>${keyTwo}</arg>
<doc>Fails if ``key`` is not found from ``dictionary``.</doc>
<status status="PASS" start="2024-06-06T15:16:41.210817" elapsed="0.000417"/>
</kw>
<kw name="Dictionary Should Contain Key" owner="Collections">
<msg time="2024-06-06T15:16:41.211898" level="INFO">False</msg>
<arg>${json_data['results'][0]['login']}</arg>
<arg>${keyTwo}</arg>
<doc>Fails if ``key`` is not found from ``dictionary``.</doc>
<status status="PASS" start="2024-06-06T15:16:41.211529" elapsed="0.000407"/>
</kw>
<kw name="Log" owner="BuiltIn">
<msg time="2024-06-06T15:16:41.212352" level="INFO">username</msg>
<arg>${keyTwo}</arg>
<doc>Logs the given message with the given level.</doc>
<status status="PASS" start="2024-06-06T15:16:41.212226" elapsed="0.000162"/>
</kw>
<var name="${keyTwo}">username</var>
<status status="PASS" start="2024-06-06T15:16:41.210697" elapsed="0.001903"/>
</iter>
<iter>
<kw name="Dictionary Should Contain Key" owner="Collections">
<msg time="2024-06-06T15:16:41.213248" level="INFO">False</msg>
<arg>${json_data['results'][0]['login']}</arg>
<arg>${keyTwo}</arg>
<doc>Fails if ``key`` is not found from ``dictionary``.</doc>
<status status="PASS" start="2024-06-06T15:16:41.212877" elapsed="0.000408"/>
</kw>
<kw name="Dictionary Should Contain Key" owner="Collections">
<msg time="2024-06-06T15:16:41.213953" level="INFO">False</msg>
<arg>${json_data['results'][0]['login']}</arg>
<arg>${keyTwo}</arg>
<doc>Fails if ``key`` is not found from ``dictionary``.</doc>
<status status="PASS" start="2024-06-06T15:16:41.213576" elapsed="0.000416"/>
</kw>
<kw name="Log" owner="BuiltIn">
<msg time="2024-06-06T15:16:41.214408" level="INFO">password</msg>
<arg>${keyTwo}</arg>
<doc>Logs the given message with the given level.</doc>
<status status="PASS" start="2024-06-06T15:16:41.214283" elapsed="0.000162"/>
</kw>
<var name="${keyTwo}">password</var>
<status status="PASS" start="2024-06-06T15:16:41.212767" elapsed="0.001914"/>
</iter>
<var>${keyTwo}</var>
<value>@{expected_keysTwo}</value>
<status status="PASS" start="2024-06-06T15:16:41.210523" elapsed="0.004289"/>
</for>
<status status="PASS" start="2024-06-06T15:16:41.121697" elapsed="0.093250"/>
</kw>
<doc>Testa a estrutura da resposta da API.</doc>
<tag>testeEstruturaResposta</tag>
<status status="PASS" start="2024-06-06T15:16:41.121100" elapsed="0.093994"/>
</test>
<test id="s1-s1-t4" name="Validar tipos de dados" line="28">
<kw name="Teste de Tipos de Dados" owner="random-user-service">
<kw name="GET On Session" owner="RequestsLibrary">
<msg time="2024-06-06T15:16:41.296917" level="INFO">GET Request : url=https://randomuser.me/api 
 path_url=/api 
 headers={'User-Agent': 'python-requests/2.32.3', 'Accept-Encoding': 'gzip, deflate', 'Accept': '*/*', 'Connection': 'keep-alive'} 
 body=None 
 </msg>
<msg time="2024-06-06T15:16:41.297008" level="INFO">GET Response : url=https://randomuser.me/api 
 status=200, reason=OK 
 headers={'Date': 'Thu, 06 Jun 2024 15:16:41 GMT', 'Content-Type': 'application/json; charset=utf-8', 'Transfer-Encoding': 'chunked', 'Connection': 'keep-alive', 'X-Powered-By': 'Express', 'Access-Control-Allow-Origin': '*', 'Cache-Control': 'no-cache', 'ETag': 'W/"48a-hnw3nRUZMkaF8RHpiRJsoD3FMgU"', 'Vary': 'Accept-Encoding', 'Content-Encoding': 'gzip', 'CF-Cache-Status': 'DYNAMIC', 'Report-To': '{"endpoints":[{"url":"https:\\/\\/a.nel.cloudflare.com\\/report\\/v4?s=QM6YpxbE1OfxZeKUAFOG%2FYtZPQu8BHPpeRXQO%2F2OTQRC%2BuI9CrVDZN%2BYkXUJ7U%2BwMbCNO9u5ivAdyUtb%2BT5vzCYDwQZrlx9JW8DaFsE3z4TNCr2gPu9c9Wc8ZgGVzhMM"}],"group":"cf-nel","max_age":604800}', 'NEL': '{"success_fraction":0,"report_to":"cf-nel","max_age":604800}', 'Server': 'cloudflare', 'CF-RAY': '88f95d6d9be2827a-IAD', 'alt-svc': 'h3=":443"; ma=86400'} 
 body={"results":[{"gender":"female","name":{"title":"Ms","first":"Ira","last":"Tipparti"},"location":{"street":{"number":3753,"name":"Car St"},"city":"Bulandshahr","state":"Odisha","country":"India","postcode":23240,"coordinates":{"latitude":"10.1824","longitude":"114.6568"},"timezone":{"offset":"-6:00","description":"Central Time (US &amp; Canada), Mexico City"}},"email":"ira.tipparti@example.com","login":{"uuid":"4fb3613b-2d02-42eb-88b3-a51bf606102d","username":"bluemouse410","password":"poppy","salt":"Zdkk5RXG","md5":"c6c31517bee5079d13b08f532cb3b217","sha1":"acc79565893e54b307a7fe638c50c385939e5608","sha256":"a8ae71f9f7570abbc96603ddc4a9c595148f519da4c85083685a00b8526d1ac6"},"dob":{"date":"1950-08-01T14:36:31.421Z","age":73},"registered":{"date":"2017-05-04T04:27:01.674Z","age":7},"phone":"8041018480","cell":"7636451880","id":{"name":"UIDAI","value":"665425911202"},"picture":{"large":"https://randomuser.me/api/portraits/women/96.jpg","medium":"https://randomuser.me/api/portraits/med/women/96.jpg","thumbnail":"https://randomuser.me/api/portraits/thumb/women/96.jpg"},"nat":"IN"}],"info":{"seed":"70a03d01f5b37af7","results":1,"page":1,"version":"1.4"}} 
 </msg>
<msg time="2024-06-06T15:16:41.297082" level="INFO">/opt/hostedtoolcache/Python/3.12.3/x64/lib/python3.12/site-packages/urllib3/connectionpool.py:1103: InsecureRequestWarning: Unverified HTTPS request is being made to host 'randomuser.me'. Adding certificate verification is strongly advised. See: https://urllib3.readthedocs.io/en/latest/advanced-usage.html#tls-warnings
  warnings.warn(</msg>
<msg time="2024-06-06T15:16:41.297189" level="INFO">${response} = &lt;Response [200]&gt;</msg>
<var>${response}</var>
<arg>consultarAPI</arg>
<arg>/api</arg>
<doc>Sends a GET request on a previously created HTTP Session.</doc>
<status status="PASS" start="2024-06-06T15:16:41.217506" elapsed="0.079707"/>
</kw>
<kw name="Set Variable" owner="BuiltIn">
<msg time="2024-06-06T15:16:41.298114" level="INFO">${json_data} = {'results': [{'gender': 'female', 'name': {'title': 'Ms', 'first': 'Ira', 'last': 'Tipparti'}, 'location': {'street': {'number': 3753, 'name': 'Car St'}, 'city': 'Bulandshahr', 'state': 'Odisha', 'cou...</msg>
<var>${json_data}</var>
<arg>${response.json()}</arg>
<doc>Returns the given values which can then be assigned to a variables.</doc>
<status status="PASS" start="2024-06-06T15:16:41.297667" elapsed="0.000476"/>
</kw>
<kw name="Log" owner="BuiltIn">
<msg time="2024-06-06T15:16:41.298618" level="INFO">{'results': [{'gender': 'female', 'name': {'title': 'Ms', 'first': 'Ira', 'last': 'Tipparti'}, 'location': {'street': {'number': 3753, 'name': 'Car St'}, 'city': 'Bulandshahr', 'state': 'Odisha', 'country': 'India', 'postcode': 23240, 'coordinates': {'latitude': '10.1824', 'longitude': '114.6568'}, 'timezone': {'offset': '-6:00', 'description': 'Central Time (US &amp; Canada), Mexico City'}}, 'email': 'ira.tipparti@example.com', 'login': {'uuid': '4fb3613b-2d02-42eb-88b3-a51bf606102d', 'username': 'bluemouse410', 'password': 'poppy', 'salt': 'Zdkk5RXG', 'md5': 'c6c31517bee5079d13b08f532cb3b217', 'sha1': 'acc79565893e54b307a7fe638c50c385939e5608', 'sha256': 'a8ae71f9f7570abbc96603ddc4a9c595148f519da4c85083685a00b8526d1ac6'}, 'dob': {'date': '1950-08-01T14:36:31.421Z', 'age': 73}, 'registered': {'date': '2017-05-04T04:27:01.674Z', 'age': 7}, 'phone': '8041018480', 'cell': '7636451880', 'id': {'name': 'UIDAI', 'value': '665425911202'}, 'picture': {'large': 'https://randomuser.me/api/portraits/women/96.jpg', 'medium': 'https://randomuser.me/api/portraits/med/women/96.jpg', 'thumbnail': 'https://randomuser.me/api/portraits/thumb/women/96.jpg'}, 'nat': 'IN'}], 'info': {'seed': '70a03d01f5b37af7', 'results': 1, 'page': 1, 'version': '1.4'}}</msg>
<arg>${json_data}</arg>
<doc>Logs the given message with the given level.</doc>
<status status="PASS" start="2024-06-06T15:16:41.298465" elapsed="0.000267"/>
</kw>
<kw name="Should Be String" owner="String">
<arg>${json_data['results'][0]['gender']}</arg>
<doc>Fails if the given ``item`` is not a string.</doc>
<status status="PASS" start="2024-06-06T15:16:41.299047" elapsed="0.000362"/>
</kw>
<kw name="Should Match Regexp" owner="BuiltIn">
<arg>${json_data['results'][0]['email']}</arg>
<arg>^[a-zA-Z0-9._%+-]+@[a-zA-Z0-9.-]+\.[a-zA-Z]{2,}$</arg>
<doc>Fails if ``string`` does not match ``pattern`` as a regular expression.</doc>
<status status="PASS" start="2024-06-06T15:16:41.299599" elapsed="0.000643"/>
</kw>
<kw name="Should Match Regexp" owner="BuiltIn">
<arg>${json_data['results'][0]['dob']['date']}</arg>
<arg>\\d{4}-\\d{2}-\\d{2}T\\d{2}:\\d{2}:\\d{2}\\.\\d{3}Z</arg>
<doc>Fails if ``string`` does not match ``pattern`` as a regular expression.</doc>
<status status="PASS" start="2024-06-06T15:16:41.300441" elapsed="0.000482"/>
</kw>
<kw name="Should Match Regexp" owner="BuiltIn">
<arg>${json_data['results'][0]['registered']['date']}</arg>
<arg>\\d{4}-\\d{2}-\\d{2}T\\d{2}:\\d{2}:\\d{2}\\.\\d{3}Z</arg>
<doc>Fails if ``string`` does not match ``pattern`` as a regular expression.</doc>
<status status="PASS" start="2024-06-06T15:16:41.301114" elapsed="0.000365"/>
</kw>
<kw name="Should Match Regexp" owner="BuiltIn">
<arg>${json_data['results'][0]['picture']['large']}</arg>
<arg>^https?://.*\.(?:png|jpe?g|gif|bmp)$</arg>
<doc>Fails if ``string`` does not match ``pattern`` as a regular expression.</doc>
<status status="PASS" start="2024-06-06T15:16:41.301667" elapsed="0.000458"/>
</kw>
<kw name="Should Match Regexp" owner="BuiltIn">
<arg>${json_data['results'][0]['picture']['medium']}</arg>
<arg>^https?://.*\.(?:png|jpe?g|gif|bmp)$</arg>
<doc>Fails if ``string`` does not match ``pattern`` as a regular expression.</doc>
<status status="PASS" start="2024-06-06T15:16:41.302312" elapsed="0.000370"/>
</kw>
<kw name="Should Match Regexp" owner="BuiltIn">
<arg>${json_data['results'][0]['picture']['thumbnail']}</arg>
<arg>^https?://.*\.(?:png|jpe?g|gif|bmp)$</arg>
<doc>Fails if ``string`` does not match ``pattern`` as a regular expression.</doc>
<status status="PASS" start="2024-06-06T15:16:41.302873" elapsed="0.000341"/>
</kw>
<kw name="Log" owner="BuiltIn">
<msg time="2024-06-06T15:16:41.303713" level="INFO">{'large': 'https://randomuser.me/api/portraits/women/96.jpg', 'medium': 'https://randomuser.me/api/portraits/med/women/96.jpg', 'thumbnail': 'https://randomuser.me/api/portraits/thumb/women/96.jpg'}</msg>
<arg>${json_data['results'][0]['picture']}</arg>
<doc>Logs the given message with the given level.</doc>
<status status="PASS" start="2024-06-06T15:16:41.303390" elapsed="0.000364"/>
</kw>
<status status="PASS" start="2024-06-06T15:16:41.217282" elapsed="0.086725"/>
</kw>
<kw name="Teste de Tipos de Dados - Postcode" owner="random-user-service">
<kw name="GET On Session" owner="RequestsLibrary">
<msg time="2024-06-06T15:16:41.432209" level="INFO">GET Request : url=https://randomuser.me/api 
 path_url=/api 
 headers={'User-Agent': 'python-requests/2.32.3', 'Accept-Encoding': 'gzip, deflate', 'Accept': '*/*', 'Connection': 'keep-alive'} 
 body=None 
 </msg>
<msg time="2024-06-06T15:16:41.432285" level="INFO">GET Response : url=https://randomuser.me/api 
 status=200, reason=OK 
 headers={'Date': 'Thu, 06 Jun 2024 15:16:41 GMT', 'Content-Type': 'application/json; charset=utf-8', 'Transfer-Encoding': 'chunked', 'Connection': 'keep-alive', 'X-Powered-By': 'Express', 'Access-Control-Allow-Origin': '*', 'Cache-Control': 'no-cache', 'ETag': 'W/"4b1-gbbGgQMmYwrYJyRNfEJhPBJGVro"', 'Vary': 'Accept-Encoding', 'Content-Encoding': 'gzip', 'CF-Cache-Status': 'DYNAMIC', 'Report-To': '{"endpoints":[{"url":"https:\\/\\/a.nel.cloudflare.com\\/report\\/v4?s=ztQTjIoX%2Brn0vI0r1ZIF62x8HuY9DT%2FUtfTVtpA4b83IBQjHIUkcJ98rTXdGuA%2BuE%2BTGT7WeS5OOVO7i14cNaoAOWsBRlibZq6oyLblzfFa1VGIIKp0elXlKC7OU7A6s"}],"group":"cf-nel","max_age":604800}', 'NEL': '{"success_fraction":0,"report_to":"cf-nel","max_age":604800}', 'Server': 'cloudflare', 'CF-RAY': '88f95d6e2cb2827a-IAD', 'alt-svc': 'h3=":443"; ma=86400'} 
 body={"results":[{"gender":"male","name":{"title":"Monsieur","first":"Andrea","last":"Picard"},"location":{"street":{"number":7828,"name":"Rue de L'Église"},"city":"Hilterfingen","state":"Solothurn","country":"Switzerland","postcode":9354,"coordinates":{"latitude":"-55.7876","longitude":"-37.2075"},"timezone":{"offset":"+5:00","description":"Ekaterinburg, Islamabad, Karachi, Tashkent"}},"email":"andrea.picard@example.com","login":{"uuid":"0cac96ab-1ddc-40f1-8681-fa04e3681393","username":"orangebutterfly971","password":"hammer","salt":"fZ2Xd9eY","md5":"34d804188de56bc8cdf9f996a92e1cd2","sha1":"e92d3aa0126d96cc8cfa6c105840aefda268becd","sha256":"c67bcf2b7a52694257e0f06d77072e3b44030612723144f7203aba92e076119f"},"dob":{"date":"1981-07-13T11:14:48.705Z","age":42},"registered":{"date":"2002-10-10T02:12:23.665Z","age":21},"phone":"076 450 25 26","cell":"077 167 96 45","id":{"name":"AVS","value":"756.8052.1733.02"},"picture":{"large":"https://randomuser.me/api/portraits/men/31.jpg","medium":"https://randomuser.me/api/portraits/med/men/31.jpg","thumbnail":"https://randomuser.me/api/portraits/thumb/men/31.jpg"},"nat":"CH"}],"info":{"seed":"328743f1627163ac","results":1,"page":1,"version":"1.4"}} 
 </msg>
<msg time="2024-06-06T15:16:41.432356" level="INFO">/opt/hostedtoolcache/Python/3.12.3/x64/lib/python3.12/site-packages/urllib3/connectionpool.py:1103: InsecureRequestWarning: Unverified HTTPS request is being made to host 'randomuser.me'. Adding certificate verification is strongly advised. See: https://urllib3.readthedocs.io/en/latest/advanced-usage.html#tls-warnings
  warnings.warn(</msg>
<msg time="2024-06-06T15:16:41.432446" level="INFO">${response} = &lt;Response [200]&gt;</msg>
<var>${response}</var>
<arg>consultarAPI</arg>
<arg>/api</arg>
<doc>Sends a GET request on a previously created HTTP Session.</doc>
<status status="PASS" start="2024-06-06T15:16:41.304435" elapsed="0.128035"/>
</kw>
<kw name="Set Variable" owner="BuiltIn">
<msg time="2024-06-06T15:16:41.433310" level="INFO">${json_data} = {'results': [{'gender': 'male', 'name': {'title': 'Monsieur', 'first': 'Andrea', 'last': 'Picard'}, 'location': {'street': {'number': 7828, 'name': "Rue de L'Église"}, 'city': 'Hilterfingen', 'state':...</msg>
<var>${json_data}</var>
<arg>${response.json()}</arg>
<doc>Returns the given values which can then be assigned to a variables.</doc>
<status status="PASS" start="2024-06-06T15:16:41.432854" elapsed="0.000496"/>
</kw>
<kw name="Log" owner="BuiltIn">
<msg time="2024-06-06T15:16:41.433814" level="INFO">{'results': [{'gender': 'male', 'name': {'title': 'Monsieur', 'first': 'Andrea', 'last': 'Picard'}, 'location': {'street': {'number': 7828, 'name': "Rue de L'Église"}, 'city': 'Hilterfingen', 'state': 'Solothurn', 'country': 'Switzerland', 'postcode': 9354, 'coordinates': {'latitude': '-55.7876', 'longitude': '-37.2075'}, 'timezone': {'offset': '+5:00', 'description': 'Ekaterinburg, Islamabad, Karachi, Tashkent'}}, 'email': 'andrea.picard@example.com', 'login': {'uuid': '0cac96ab-1ddc-40f1-8681-fa04e3681393', 'username': 'orangebutterfly971', 'password': 'hammer', 'salt': 'fZ2Xd9eY', 'md5': '34d804188de56bc8cdf9f996a92e1cd2', 'sha1': 'e92d3aa0126d96cc8cfa6c105840aefda268becd', 'sha256': 'c67bcf2b7a52694257e0f06d77072e3b44030612723144f7203aba92e076119f'}, 'dob': {'date': '1981-07-13T11:14:48.705Z', 'age': 42}, 'registered': {'date': '2002-10-10T02:12:23.665Z', 'age': 21}, 'phone': '076 450 25 26', 'cell': '077 167 96 45', 'id': {'name': 'AVS', 'value': '756.8052.1733.02'}, 'picture': {'large': 'https://randomuser.me/api/portraits/men/31.jpg', 'medium': 'https://randomuser.me/api/portraits/med/men/31.jpg', 'thumbnail': 'https://randomuser.me/api/portraits/thumb/men/31.jpg'}, 'nat': 'CH'}], 'info': {'seed': '328743f1627163ac', 'results': 1, 'page': 1, 'version': '1.4'}}</msg>
<arg>${json_data}</arg>
<doc>Logs the given message with the given level.</doc>
<status status="PASS" start="2024-06-06T15:16:41.433659" elapsed="0.000233"/>
</kw>
<kw name="Should Be Equal As Numbers" owner="BuiltIn">
<arg>${json_data['results'][0]['location']['postcode']}</arg>
<arg>${json_data['results'][0]['location']['postcode']}</arg>
<doc>Fails if objects are unequal after converting them to real numbers.</doc>
<status status="PASS" start="2024-06-06T15:16:41.434190" elapsed="0.000669"/>
</kw>
<kw name="Log" owner="BuiltIn">
<msg time="2024-06-06T15:16:41.435400" level="INFO">9354</msg>
<arg>${json_data['results'][0]['location']['postcode']}</arg>
<doc>Logs the given message with the given level.</doc>
<status status="PASS" start="2024-06-06T15:16:41.435065" elapsed="0.000375"/>
</kw>
<status status="PASS" start="2024-06-06T15:16:41.304217" elapsed="0.131475"/>
</kw>
<doc>Testa se os tipos de dados na resposta da API estão corretos.</doc>
<tag>testeTiposDados</tag>
<status status="PASS" start="2024-06-06T15:16:41.216833" elapsed="0.219018"/>
</test>
<test id="s1-s1-t5" name="Validar conteudo" line="35">
<kw name="Teste de Tipos de Conteudo" owner="random-user-service">
<kw name="GET On Session" owner="RequestsLibrary">
<msg time="2024-06-06T15:16:41.490683" level="INFO">GET Request : url=https://randomuser.me/api 
 path_url=/api 
 headers={'User-Agent': 'python-requests/2.32.3', 'Accept-Encoding': 'gzip, deflate', 'Accept': '*/*', 'Connection': 'keep-alive'} 
 body=None 
 </msg>
<msg time="2024-06-06T15:16:41.490747" level="INFO">GET Response : url=https://randomuser.me/api 
 status=200, reason=OK 
 headers={'Date': 'Thu, 06 Jun 2024 15:16:41 GMT', 'Content-Type': 'application/json; charset=utf-8', 'Transfer-Encoding': 'chunked', 'Connection': 'keep-alive', 'X-Powered-By': 'Express', 'Access-Control-Allow-Origin': '*', 'Cache-Control': 'no-cache', 'ETag': 'W/"49a-1dxi7QcpJTeIGlTp0bDv+OKHeCo"', 'Vary': 'Accept-Encoding', 'Content-Encoding': 'gzip', 'CF-Cache-Status': 'DYNAMIC', 'Report-To': '{"endpoints":[{"url":"https:\\/\\/a.nel.cloudflare.com\\/report\\/v4?s=Nvr7aCbhRiiNMwXqJETZ%2BmhBElgYjVzsj5PRTIAhJpaUyfOD6a2U9W77yJ8hlkZkJqj2S5LgCZCVWKJ5WaW1ZqosWYLR9BPY%2Fgw5Wv9wFpyhLpYSNfOfZucjPqTTAUXK"}],"group":"cf-nel","max_age":604800}', 'NEL': '{"success_fraction":0,"report_to":"cf-nel","max_age":604800}', 'Server': 'cloudflare', 'CF-RAY': '88f95d6efdc7827a-IAD', 'alt-svc': 'h3=":443"; ma=86400'} 
 body={"results":[{"gender":"female","name":{"title":"Mrs","first":"Oona","last":"Polon"},"location":{"street":{"number":5435,"name":"Nordenskiöldinkatu"},"city":"Juupajoki","state":"Central Finland","country":"Finland","postcode":73314,"coordinates":{"latitude":"-24.0847","longitude":"7.1016"},"timezone":{"offset":"+2:00","description":"Kaliningrad, South Africa"}},"email":"oona.polon@example.com","login":{"uuid":"bb888730-b019-4139-8e89-178640292865","username":"organiccat505","password":"kenworth","salt":"cfLenJF4","md5":"221704efeba826d7e38a0c04d32d5a13","sha1":"4cf0eebd08e284ae2b1dbdae99c4320bee04df0d","sha256":"61c4d0e15aea0d52e2286b41614371f5ad4a5909b04f20573955e98fbc960590"},"dob":{"date":"1973-11-28T08:20:02.337Z","age":50},"registered":{"date":"2011-01-10T18:37:29.223Z","age":13},"phone":"02-161-533","cell":"048-795-65-52","id":{"name":"HETU","value":"NaNNA932undefined"},"picture":{"large":"https://randomuser.me/api/portraits/women/28.jpg","medium":"https://randomuser.me/api/portraits/med/women/28.jpg","thumbnail":"https://randomuser.me/api/portraits/thumb/women/28.jpg"},"nat":"FI"}],"info":{"seed":"768d5cfe061bbd82","results":1,"page":1,"version":"1.4"}} 
 </msg>
<msg time="2024-06-06T15:16:41.490804" level="INFO">/opt/hostedtoolcache/Python/3.12.3/x64/lib/python3.12/site-packages/urllib3/connectionpool.py:1103: InsecureRequestWarning: Unverified HTTPS request is being made to host 'randomuser.me'. Adding certificate verification is strongly advised. See: https://urllib3.readthedocs.io/en/latest/advanced-usage.html#tls-warnings
  warnings.warn(</msg>
<msg time="2024-06-06T15:16:41.490894" level="INFO">${response} = &lt;Response [200]&gt;</msg>
<var>${response}</var>
<arg>consultarAPI</arg>
<arg>/api</arg>
<doc>Sends a GET request on a previously created HTTP Session.</doc>
<status status="PASS" start="2024-06-06T15:16:41.438209" elapsed="0.052710"/>
</kw>
<kw name="Set Variable" owner="BuiltIn">
<msg time="2024-06-06T15:16:41.491764" level="INFO">${json_data} = {'results': [{'gender': 'female', 'name': {'title': 'Mrs', 'first': 'Oona', 'last': 'Polon'}, 'location': {'street': {'number': 5435, 'name': 'Nordenskiöldinkatu'}, 'city': 'Juupajoki', 'state': 'Cent...</msg>
<var>${json_data}</var>
<arg>${response.json()}</arg>
<doc>Returns the given values which can then be assigned to a variables.</doc>
<status status="PASS" start="2024-06-06T15:16:41.491308" elapsed="0.000486"/>
</kw>
<kw name="Set Variable" owner="BuiltIn">
<msg time="2024-06-06T15:16:41.492484" level="INFO">${name_title} = Mrs</msg>
<var>${name_title}</var>
<arg>${json_data["results"][0]["name"]["title"]}</arg>
<doc>Returns the given values which can then be assigned to a variables.</doc>
<status status="PASS" start="2024-06-06T15:16:41.492106" elapsed="0.000404"/>
</kw>
<kw name="Create List" owner="BuiltIn">
<msg time="2024-06-06T15:16:41.492960" level="INFO">${allowed_titles} = ['Mr', 'Ms', 'Miss', 'Mrs', 'Madame', 'Monsieur']</msg>
<var>${allowed_titles}</var>
<arg>Mr</arg>
<arg>Ms</arg>
<arg>Miss</arg>
<arg>Mrs</arg>
<arg>Madame</arg>
<arg>Monsieur</arg>
<doc>Returns a list containing given items.</doc>
<status status="PASS" start="2024-06-06T15:16:41.492810" elapsed="0.000173"/>
</kw>
<kw name="List Should Contain Value" owner="Collections">
<msg time="2024-06-06T15:16:41.493461" level="INFO">False</msg>
<arg>${allowed_titles}</arg>
<arg>${name_title}</arg>
<doc>Fails if the ``value`` is not found from ``list``.</doc>
<status status="PASS" start="2024-06-06T15:16:41.493286" elapsed="0.000211"/>
</kw>
<kw name="Set Variable" owner="BuiltIn">
<msg time="2024-06-06T15:16:41.494300" level="INFO">${name_country} = FI</msg>
<var>${name_country}</var>
<arg>${json_data["results"][0]["nat"]}</arg>
<doc>Returns the given values which can then be assigned to a variables.</doc>
<status status="PASS" start="2024-06-06T15:16:41.493790" elapsed="0.000535"/>
</kw>
<kw name="Create List" owner="BuiltIn">
<msg time="2024-06-06T15:16:41.495258" level="INFO">${list_country} = ['AD', 'AE', 'AF', 'AG', 'AI', 'AL', 'AM', 'AO', 'AQ', 'AR', 'AS', 'AT', 'AU', 'AW', 'AX', 'AZ', 'BA', 'BB', 'BD', 'BE', 'BF', 'BG', 'BH', 'BI', 'BJ', 'BL', 'BM', 'BN', 'BO', 'BQ', 'BR', 'BS', 'BT', '...</msg>
<var>${list_country}</var>
<arg>AD</arg>
<arg>AE</arg>
<arg>AF</arg>
<arg>AG</arg>
<arg>AI</arg>
<arg>AL</arg>
<arg>AM</arg>
<arg>AO</arg>
<arg>AQ</arg>
<arg>AR</arg>
<arg>AS</arg>
<arg>AT</arg>
<arg>AU</arg>
<arg>AW</arg>
<arg>AX</arg>
<arg>AZ</arg>
<arg>BA</arg>
<arg>BB</arg>
<arg>BD</arg>
<arg>BE</arg>
<arg>BF</arg>
<arg>BG</arg>
<arg>BH</arg>
<arg>BI</arg>
<arg>BJ</arg>
<arg>BL</arg>
<arg>BM</arg>
<arg>BN</arg>
<arg>BO</arg>
<arg>BQ</arg>
<arg>BR</arg>
<arg>BS</arg>
<arg>BT</arg>
<arg>BV</arg>
<arg>BW</arg>
<arg>BY</arg>
<arg>BZ</arg>
<arg>CA</arg>
<arg>CC</arg>
<arg>CD</arg>
<arg>CF</arg>
<arg>CG</arg>
<arg>CH</arg>
<arg>CI</arg>
<arg>CK</arg>
<arg>CL</arg>
<arg>CM</arg>
<arg>CN</arg>
<arg>CO</arg>
<arg>CR</arg>
<arg>CU</arg>
<arg>CV</arg>
<arg>CW</arg>
<arg>CX</arg>
<arg>CY</arg>
<arg>CZ</arg>
<arg>DE</arg>
<arg>DJ</arg>
<arg>DK</arg>
<arg>DM</arg>
<arg>DO</arg>
<arg>DZ</arg>
<arg>EC</arg>
<arg>EE</arg>
<arg>EG</arg>
<arg>EH</arg>
<arg>ER</arg>
<arg>ES</arg>
<arg>ET</arg>
<arg>FI</arg>
<arg>FJ</arg>
<arg>FK</arg>
<arg>FM</arg>
<arg>FO</arg>
<arg>FR</arg>
<arg>GA</arg>
<arg>GB</arg>
<arg>GD</arg>
<arg>GE</arg>
<arg>GF</arg>
<arg>GG</arg>
<arg>GH</arg>
<arg>GI</arg>
<arg>GL</arg>
<arg>GM</arg>
<arg>GN</arg>
<arg>GP</arg>
<arg>GQ</arg>
<arg>GR</arg>
<arg>GS</arg>
<arg>GT</arg>
<arg>GU</arg>
<arg>GW</arg>
<arg>GY</arg>
<arg>HK</arg>
<arg>HM</arg>
<arg>HN</arg>
<arg>HR</arg>
<arg>HT</arg>
<arg>HU</arg>
<arg>ID</arg>
<arg>IE</arg>
<arg>IL</arg>
<arg>IM</arg>
<arg>IN</arg>
<arg>IO</arg>
<arg>IQ</arg>
<arg>IR</arg>
<arg>IS</arg>
<arg>IT</arg>
<arg>JE</arg>
<arg>JM</arg>
<arg>JO</arg>
<arg>JP</arg>
<arg>KE</arg>
<arg>KG</arg>
<arg>KH</arg>
<arg>KI</arg>
<arg>KM</arg>
<arg>KN</arg>
<arg>KP</arg>
<arg>KR</arg>
<arg>KW</arg>
<arg>KY</arg>
<arg>KZ</arg>
<arg>LA</arg>
<arg>LB</arg>
<arg>LC</arg>
<arg>LI</arg>
<arg>LK</arg>
<arg>LR</arg>
<arg>LS</arg>
<arg>LT</arg>
<arg>LU</arg>
<arg>LV</arg>
<arg>LY</arg>
<arg>MA</arg>
<arg>MC</arg>
<arg>MD</arg>
<arg>ME</arg>
<arg>MF</arg>
<arg>MG</arg>
<arg>MH</arg>
<arg>MK</arg>
<arg>ML</arg>
<arg>MM</arg>
<arg>MN</arg>
<arg>MO</arg>
<arg>MP</arg>
<arg>MQ</arg>
<arg>MR</arg>
<arg>MS</arg>
<arg>MT</arg>
<arg>MU</arg>
<arg>MV</arg>
<arg>MW</arg>
<arg>MX</arg>
<arg>MY</arg>
<arg>MZ</arg>
<arg>NA</arg>
<arg>NC</arg>
<arg>NE</arg>
<arg>NF</arg>
<arg>NG</arg>
<arg>NI</arg>
<arg>NL</arg>
<arg>NO</arg>
<arg>NP</arg>
<arg>NR</arg>
<arg>NU</arg>
<arg>NZ</arg>
<arg>OM</arg>
<arg>PA</arg>
<arg>PE</arg>
<arg>PF</arg>
<arg>PG</arg>
<arg>PH</arg>
<arg>PK</arg>
<arg>PL</arg>
<arg>PM</arg>
<arg>PN</arg>
<arg>PR</arg>
<arg>PS</arg>
<arg>PT</arg>
<arg>PW</arg>
<arg>PY</arg>
<arg>QA</arg>
<arg>RE</arg>
<arg>RO</arg>
<arg>RS</arg>
<arg>RU</arg>
<arg>RW</arg>
<arg>SA</arg>
<arg>SB</arg>
<arg>SC</arg>
<arg>SD</arg>
<arg>SE</arg>
<arg>SG</arg>
<arg>SH</arg>
<arg>SI</arg>
<arg>SJ</arg>
<arg>SK</arg>
<arg>SL</arg>
<arg>SM</arg>
<arg>SN</arg>
<arg>SO</arg>
<arg>SR</arg>
<arg>SS</arg>
<arg>ST</arg>
<arg>SV</arg>
<arg>SX</arg>
<arg>SY</arg>
<arg>SZ</arg>
<arg>TC</arg>
<arg>TD</arg>
<arg>TF</arg>
<arg>TG</arg>
<arg>TH</arg>
<arg>TJ</arg>
<arg>TK</arg>
<arg>TL</arg>
<arg>TM</arg>
<arg>TN</arg>
<arg>TO</arg>
<arg>TR</arg>
<arg>TT</arg>
<arg>TV</arg>
<arg>TW</arg>
<arg>TZ</arg>
<arg>UA</arg>
<arg>UG</arg>
<arg>UM</arg>
<arg>US</arg>
<arg>UY</arg>
<arg>UZ</arg>
<arg>VA</arg>
<arg>VC</arg>
<arg>VE</arg>
<arg>VG</arg>
<arg>VI</arg>
<arg>VN</arg>
<arg>VU</arg>
<arg>WF</arg>
<arg>WS</arg>
<arg>XK</arg>
<arg>YE</arg>
<arg>YT</arg>
<arg>ZA</arg>
<arg>ZM</arg>
<arg>ZW</arg>
<doc>Returns a list containing given items.</doc>
<status status="PASS" start="2024-06-06T15:16:41.494629" elapsed="0.000654"/>
</kw>
<kw name="List Should Contain Value" owner="Collections">
<msg time="2024-06-06T15:16:41.496271" level="INFO">False</msg>
<arg>${list_country}</arg>
<arg>${name_country}</arg>
<doc>Fails if the ``value`` is not found from ``list``.</doc>
<status status="PASS" start="2024-06-06T15:16:41.496071" elapsed="0.000237"/>
</kw>
<kw name="Run Keyword If" owner="BuiltIn">
<kw name="Should Be True" owner="BuiltIn">
<arg>${True}</arg>
<doc>Fails if the given condition is not true.</doc>
<status status="PASS" start="2024-06-06T15:16:41.497349" elapsed="0.000144"/>
</kw>
<arg>${json_data["results"][0]["location"]["coordinates"]["latitude"]} &gt;= -90 and ${json_data["results"][0]["location"]["coordinates"]["latitude"]} &lt;= 90</arg>
<arg>Should Be True</arg>
<arg>${True}</arg>
<doc>Runs the given keyword with the given arguments, if ``condition`` is true.</doc>
<status status="PASS" start="2024-06-06T15:16:41.496618" elapsed="0.001003"/>
</kw>
<kw name="Run Keyword If" owner="BuiltIn">
<kw name="Should Be True" owner="BuiltIn">
<arg>${True}</arg>
<doc>Fails if the given condition is not true.</doc>
<status status="PASS" start="2024-06-06T15:16:41.498498" elapsed="0.000158"/>
</kw>
<arg>${json_data["results"][0]["location"]["coordinates"]["longitude"]} &gt;= -180 and ${json_data["results"][0]["location"]["coordinates"]["longitude"]} &lt;= 180</arg>
<arg>Should Be True</arg>
<arg>${True}</arg>
<doc>Runs the given keyword with the given arguments, if ``condition`` is true.</doc>
<status status="PASS" start="2024-06-06T15:16:41.497810" elapsed="0.000984"/>
</kw>
<status status="PASS" start="2024-06-06T15:16:41.437987" elapsed="0.060935"/>
</kw>
<doc>Testa o conteúdo específico dos campos retornados pela API.</doc>
<tag>testeConteudo</tag>
<status status="PASS" start="2024-06-06T15:16:41.437525" elapsed="0.061536"/>
</test>
<status status="PASS" start="2024-06-06T15:16:40.478142" elapsed="1.022780"/>
</suite>
<status status="PASS" start="2024-06-06T15:16:40.464631" elapsed="1.041397"/>
</suite>
<statistics>
<total>
<stat pass="5" fail="0" skip="0">All Tests</stat>
</total>
<tag>
<stat pass="1" fail="0" skip="0">testeConteudo</stat>
<stat pass="1" fail="0" skip="0">testeEstruturaResposta</stat>
<stat pass="1" fail="0" skip="0">testeRequisicaoBasica</stat>
<stat pass="1" fail="0" skip="0">testeTiposDados</stat>
</tag>
<suite>
<stat pass="5" fail="0" skip="0" id="s1" name="Tests">Tests</stat>
<stat pass="5" fail="0" skip="0" id="s1-s1" name="Random-User-Test">Tests.Random-User-Test</stat>
</suite>
</statistics>
<errors>
</errors>
</robot>
