<?xml version="1.0" encoding="UTF-8"?>
<robot generator="Robot 7.0.1 (Python 3.12.4 on linux)" generated="2024-06-24T08:19:19.120946" rpa="false" schemaversion="5">
<suite id="s1" name="Tests" source="/home/runner/work/ApiRandomUser/ApiRandomUser/RamdonUser/tests">
<suite id="s1-s1" name="Random-User-Test" source="/home/runner/work/ApiRandomUser/ApiRandomUser/RamdonUser/tests/random-user-test.robot">
<test id="s1-s1-t1" name="Conectar" line="13">
<kw name="Conectar API" owner="random-user-service">
<kw name="Create Session" owner="RequestsLibrary">
<msg time="2024-06-24T08:19:19.529133" level="INFO">Creating Session using : alias=consultarAPI, url=https://randomuser.me/, headers={},                     cookies={}, auth=None, timeout=None, proxies=None, verify=False,                     debug=0 </msg>
<arg>consultarAPI</arg>
<arg>${URL}</arg>
<doc>Create Session: create a HTTP session to a server</doc>
<status status="PASS" start="2024-06-24T08:19:19.528922" elapsed="0.000395"/>
</kw>
<status status="PASS" start="2024-06-24T08:19:19.527901" elapsed="0.001786"/>
</kw>
<status status="PASS" start="2024-06-24T08:19:19.527283" elapsed="0.002598"/>
</test>
<test id="s1-s1-t2" name="Validar retorno 200 e JSON Válido" line="16">
<kw name="Teste de Requisicao Basica" owner="random-user-service">
<kw name="GET On Session" owner="RequestsLibrary">
<msg time="2024-06-24T08:19:19.719618" level="INFO">GET Request : url=https://randomuser.me/api 
 path_url=/api 
 headers={'User-Agent': 'python-requests/2.32.3', 'Accept-Encoding': 'gzip, deflate', 'Accept': '*/*', 'Connection': 'keep-alive'} 
 body=None 
 </msg>
<msg time="2024-06-24T08:19:19.719777" level="INFO">GET Response : url=https://randomuser.me/api 
 status=200, reason=OK 
 headers={'Date': 'Mon, 24 Jun 2024 08:19:19 GMT', 'Content-Type': 'application/json; charset=utf-8', 'Transfer-Encoding': 'chunked', 'Connection': 'keep-alive', 'X-Powered-By': 'Express', 'Access-Control-Allow-Origin': '*', 'Cache-Control': 'no-cache', 'ETag': 'W/"4b0-oCUety2BWqrorDXPM4yFr9G1B/Y"', 'Vary': 'Accept-Encoding', 'Content-Encoding': 'gzip', 'CF-Cache-Status': 'DYNAMIC', 'Report-To': '{"endpoints":[{"url":"https:\\/\\/a.nel.cloudflare.com\\/report\\/v4?s=eXKKXwr3ip%2BlBw8hGptilf5tIZHJqyXYzx6hjj7zgxJVcI12m86YdVEKTmMTyinTEXESpmofkqvrslyOJpZQflFnvKL66rRQR6M6iKLM4%2Fj9W5vxh1OXL8u08aSnalhh"}],"group":"cf-nel","max_age":604800}', 'NEL': '{"success_fraction":0,"report_to":"cf-nel","max_age":604800}', 'Server': 'cloudflare', 'CF-RAY': '898b4acff84f61fc-ORD', 'alt-svc': 'h3=":443"; ma=86400'} 
 body={"results":[{"gender":"female","name":{"title":"Mademoiselle","first":"Monique","last":"Simon"},"location":{"street":{"number":9812,"name":"Place des 44 Enfants D'Izieu"},"city":"Ingenbohl","state":"Schaffhausen","country":"Switzerland","postcode":3792,"coordinates":{"latitude":"-56.0310","longitude":"44.7308"},"timezone":{"offset":"+2:00","description":"Kaliningrad, South Africa"}},"email":"monique.simon@example.com","login":{"uuid":"bfa8f469-eb76-4ba7-9e54-523530425ba0","username":"brownfrog252","password":"fmale","salt":"SBzRQCw6","md5":"6c65a609a4023d53747c97da3531967e","sha1":"7b914d4794e1f8a422548adf6a21e97874bb5550","sha256":"062a9f7f8d8ada4b4ecf4db001914dbc36281bd747a204a36a1200f6144a5256"},"dob":{"date":"1956-09-16T03:27:48.818Z","age":67},"registered":{"date":"2009-03-04T07:26:14.370Z","age":15},"phone":"075 366 03 30","cell":"077 715 29 55","id":{"name":"AVS","value":"756.6593.4429.30"},"picture":{"large":"https://randomuser.me/api/portraits/women/18.jpg","medium":"https://randomuser.me/api/portraits/med/women/18.jpg","thumbnail":"https://randomuser.me/api/portraits/thumb/women/18.jpg"},"nat":"CH"}],"info":{"seed":"7bd5471ae958511d","results":1,"page":1,"version":"1.4"}} 
 </msg>
<msg time="2024-06-24T08:19:19.719868" level="INFO">/opt/hostedtoolcache/Python/3.12.4/x64/lib/python3.12/site-packages/urllib3/connectionpool.py:1099: InsecureRequestWarning: Unverified HTTPS request is being made to host 'randomuser.me'. Adding certificate verification is strongly advised. See: https://urllib3.readthedocs.io/en/latest/advanced-usage.html#tls-warnings
  warnings.warn(</msg>
<msg time="2024-06-24T08:19:19.720011" level="INFO">${response} = &lt;Response [200]&gt;</msg>
<var>${response}</var>
<arg>consultarAPI</arg>
<arg>/api</arg>
<doc>Sends a GET request on a previously created HTTP Session.</doc>
<status status="PASS" start="2024-06-24T08:19:19.532605" elapsed="0.187449"/>
</kw>
<kw name="Should Be Equal As Numbers" owner="BuiltIn">
<msg time="2024-06-24T08:19:19.721254" level="INFO">Argument types are:
&lt;class 'int'&gt;
&lt;class 'str'&gt;</msg>
<arg>${response.status_code}</arg>
<arg>200</arg>
<doc>Fails if objects are unequal after converting them to real numbers.</doc>
<status status="PASS" start="2024-06-24T08:19:19.720735" elapsed="0.000592"/>
</kw>
<kw name="Log" owner="BuiltIn">
<msg time="2024-06-24T08:19:19.722058" level="INFO">200</msg>
<arg>${response.status_code}</arg>
<doc>Logs the given message with the given level.</doc>
<status status="PASS" start="2024-06-24T08:19:19.721692" elapsed="0.000410"/>
</kw>
<kw name="Set Variable" owner="BuiltIn">
<msg time="2024-06-24T08:19:19.722865" level="INFO">${json_data} = {'results': [{'gender': 'female', 'name': {'title': 'Mademoiselle', 'first': 'Monique', 'last': 'Simon'}, 'location': {'street': {'number': 9812, 'name': "Place des 44 Enfants D'Izieu"}, 'city': 'Inge...</msg>
<var>${json_data}</var>
<arg>${response.json()}</arg>
<doc>Returns the given values which can then be assigned to a variables.</doc>
<status status="PASS" start="2024-06-24T08:19:19.722417" elapsed="0.000476"/>
</kw>
<kw name="Dictionary Should Contain Key" owner="Collections">
<arg>${json_data}</arg>
<arg>results</arg>
<doc>Fails if ``key`` is not found from ``dictionary``.</doc>
<status status="PASS" start="2024-06-24T08:19:19.723207" elapsed="0.000171"/>
</kw>
<status status="PASS" start="2024-06-24T08:19:19.532349" elapsed="0.191207"/>
</kw>
<doc>Testa se a API responde corretamente e retorna um objeto JSON válido.</doc>
<tag>testeRequisicaoBasica</tag>
<status status="PASS" start="2024-06-24T08:19:19.531781" elapsed="0.191962"/>
</test>
<test id="s1-s1-t3" name="Validar estrutura de resposta" line="22">
<kw name="Teste de Estrutura de Resposta" owner="random-user-service">
<kw name="GET On Session" owner="RequestsLibrary">
<msg time="2024-06-24T08:19:19.821690" level="INFO">GET Request : url=https://randomuser.me/api 
 path_url=/api 
 headers={'User-Agent': 'python-requests/2.32.3', 'Accept-Encoding': 'gzip, deflate', 'Accept': '*/*', 'Connection': 'keep-alive'} 
 body=None 
 </msg>
<msg time="2024-06-24T08:19:19.821813" level="INFO">GET Response : url=https://randomuser.me/api 
 status=200, reason=OK 
 headers={'Date': 'Mon, 24 Jun 2024 08:19:19 GMT', 'Content-Type': 'application/json; charset=utf-8', 'Transfer-Encoding': 'chunked', 'Connection': 'keep-alive', 'X-Powered-By': 'Express', 'Access-Control-Allow-Origin': '*', 'Cache-Control': 'no-cache', 'ETag': 'W/"494-r7rVBJgqa6M+IVZbJ+fseutJ5B4"', 'Vary': 'Accept-Encoding', 'Content-Encoding': 'gzip', 'CF-Cache-Status': 'DYNAMIC', 'Report-To': '{"endpoints":[{"url":"https:\\/\\/a.nel.cloudflare.com\\/report\\/v4?s=5Q2%2BL8tcJ65G2vsxHQ45BsI9YydG50qHR90jurKDGMX8EQGrtJn%2BlYYgiyObtQL66U3iMDXWBzl3rpVDKq0ctno3ZxKH4%2FB2Z4Vy1FJAhCfnhKjUUIZGtTtvnxkG%2Fp8A"}],"group":"cf-nel","max_age":604800}', 'NEL': '{"success_fraction":0,"report_to":"cf-nel","max_age":604800}', 'Server': 'cloudflare', 'CF-RAY': '898b4ad0488661fc-ORD', 'alt-svc': 'h3=":443"; ma=86400'} 
 body={"results":[{"gender":"female","name":{"title":"Miss","first":"نیایش","last":"كامياران"},"location":{"street":{"number":975,"name":"شهید رحمانی"},"city":"ارومیه","state":"هرمزگان","country":"Iran","postcode":45668,"coordinates":{"latitude":"16.5622","longitude":"100.0709"},"timezone":{"offset":"-12:00","description":"Eniwetok, Kwajalein"}},"email":"nyysh.kmyrn@example.com","login":{"uuid":"c840161a-655c-44dd-9f77-888ec80e5ebc","username":"heavylion577","password":"hubert","salt":"wtWs2Zf8","md5":"d423483a2106aa6c174bab5d52d97f1f","sha1":"3f4fe1f26a6463a07ace7d3357d5fc8c58571c74","sha256":"b3373572efe8cb5ad9a2d90e96299a5a5413ea3b5ad7923401c739ea6991c2f6"},"dob":{"date":"1976-07-18T20:55:25.748Z","age":47},"registered":{"date":"2020-01-30T11:07:06.453Z","age":4},"phone":"050-93877658","cell":"0924-259-0883","id":{"name":"","value":null},"picture":{"large":"https://randomuser.me/api/portraits/women/75.jpg","medium":"https://randomuser.me/api/portraits/med/women/75.jpg","thumbnail":"https://randomuser.me/api/portraits/thumb/women/75.jpg"},"nat":"IR"}],"info":{"seed":"ca30127a9c7b93f9","results":1,"page":1,"version":"1.4"}} 
 </msg>
<msg time="2024-06-24T08:19:19.821950" level="INFO">/opt/hostedtoolcache/Python/3.12.4/x64/lib/python3.12/site-packages/urllib3/connectionpool.py:1099: InsecureRequestWarning: Unverified HTTPS request is being made to host 'randomuser.me'. Adding certificate verification is strongly advised. See: https://urllib3.readthedocs.io/en/latest/advanced-usage.html#tls-warnings
  warnings.warn(</msg>
<msg time="2024-06-24T08:19:19.822099" level="INFO">${response} = &lt;Response [200]&gt;</msg>
<var>${response}</var>
<arg>consultarAPI</arg>
<arg>/api</arg>
<doc>Sends a GET request on a previously created HTTP Session.</doc>
<status status="PASS" start="2024-06-24T08:19:19.726420" elapsed="0.095723"/>
</kw>
<kw name="Set Variable" owner="BuiltIn">
<msg time="2024-06-24T08:19:19.823404" level="INFO">${json_data} = {'results': [{'gender': 'female', 'name': {'title': 'Miss', 'first': 'نیایش', 'last': 'كامياران'}, 'location': {'street': {'number': 975, 'name': 'شهید رحمانی'}, 'city': 'ارومیه', 'state': 'هرمزگان', ...</msg>
<var>${json_data}</var>
<arg>${response.json()}</arg>
<doc>Returns the given values which can then be assigned to a variables.</doc>
<status status="PASS" start="2024-06-24T08:19:19.822813" elapsed="0.000634"/>
</kw>
<kw name="Log" owner="BuiltIn">
<msg time="2024-06-24T08:19:19.824055" level="INFO">{'results': [{'gender': 'female', 'name': {'title': 'Miss', 'first': 'نیایش', 'last': 'كامياران'}, 'location': {'street': {'number': 975, 'name': 'شهید رحمانی'}, 'city': 'ارومیه', 'state': 'هرمزگان', 'country': 'Iran', 'postcode': 45668, 'coordinates': {'latitude': '16.5622', 'longitude': '100.0709'}, 'timezone': {'offset': '-12:00', 'description': 'Eniwetok, Kwajalein'}}, 'email': 'nyysh.kmyrn@example.com', 'login': {'uuid': 'c840161a-655c-44dd-9f77-888ec80e5ebc', 'username': 'heavylion577', 'password': 'hubert', 'salt': 'wtWs2Zf8', 'md5': 'd423483a2106aa6c174bab5d52d97f1f', 'sha1': '3f4fe1f26a6463a07ace7d3357d5fc8c58571c74', 'sha256': 'b3373572efe8cb5ad9a2d90e96299a5a5413ea3b5ad7923401c739ea6991c2f6'}, 'dob': {'date': '1976-07-18T20:55:25.748Z', 'age': 47}, 'registered': {'date': '2020-01-30T11:07:06.453Z', 'age': 4}, 'phone': '050-93877658', 'cell': '0924-259-0883', 'id': {'name': '', 'value': None}, 'picture': {'large': 'https://randomuser.me/api/portraits/women/75.jpg', 'medium': 'https://randomuser.me/api/portraits/med/women/75.jpg', 'thumbnail': 'https://randomuser.me/api/portraits/thumb/women/75.jpg'}, 'nat': 'IR'}], 'info': {'seed': 'ca30127a9c7b93f9', 'results': 1, 'page': 1, 'version': '1.4'}}</msg>
<arg>${json_data}</arg>
<doc>Logs the given message with the given level.</doc>
<status status="PASS" start="2024-06-24T08:19:19.823869" elapsed="0.000240"/>
</kw>
<kw name="Dictionary Should Contain Key" owner="Collections">
<arg>${json_data}</arg>
<arg>results</arg>
<doc>Fails if ``key`` is not found from ``dictionary``.</doc>
<status status="PASS" start="2024-06-24T08:19:19.824430" elapsed="0.000166"/>
</kw>
<kw name="Should Not Be Empty" owner="BuiltIn">
<msg time="2024-06-24T08:19:19.824913" level="INFO">Length is 2.</msg>
<arg>${json_data}</arg>
<doc>Verifies that the given item is not empty.</doc>
<status status="PASS" start="2024-06-24T08:19:19.824784" elapsed="0.000167"/>
</kw>
<kw name="Create List" owner="BuiltIn">
<msg time="2024-06-24T08:19:19.825564" level="INFO">${expected_keys} = ['gender', 'name', 'location', 'email', 'login']</msg>
<var>${expected_keys}</var>
<arg>gender</arg>
<arg>name</arg>
<arg>location</arg>
<arg>email</arg>
<arg>login</arg>
<doc>Returns a list containing given items.</doc>
<status status="PASS" start="2024-06-24T08:19:19.825242" elapsed="0.000348"/>
</kw>
<for flavor="IN">
<iter>
<kw name="Dictionary Should Contain Key" owner="Collections">
<arg>${json_data['results'][0]}</arg>
<arg>${key}</arg>
<doc>Fails if ``key`` is not found from ``dictionary``.</doc>
<status status="PASS" start="2024-06-24T08:19:19.826207" elapsed="0.000424"/>
</kw>
<kw name="Log" owner="BuiltIn">
<msg time="2024-06-24T08:19:19.827201" level="INFO">{'gender': 'female', 'name': {'title': 'Miss', 'first': 'نیایش', 'last': 'كامياران'}, 'location': {'street': {'number': 975, 'name': 'شهید رحمانی'}, 'city': 'ارومیه', 'state': 'هرمزگان', 'country': 'Iran', 'postcode': 45668, 'coordinates': {'latitude': '16.5622', 'longitude': '100.0709'}, 'timezone': {'offset': '-12:00', 'description': 'Eniwetok, Kwajalein'}}, 'email': 'nyysh.kmyrn@example.com', 'login': {'uuid': 'c840161a-655c-44dd-9f77-888ec80e5ebc', 'username': 'heavylion577', 'password': 'hubert', 'salt': 'wtWs2Zf8', 'md5': 'd423483a2106aa6c174bab5d52d97f1f', 'sha1': '3f4fe1f26a6463a07ace7d3357d5fc8c58571c74', 'sha256': 'b3373572efe8cb5ad9a2d90e96299a5a5413ea3b5ad7923401c739ea6991c2f6'}, 'dob': {'date': '1976-07-18T20:55:25.748Z', 'age': 47}, 'registered': {'date': '2020-01-30T11:07:06.453Z', 'age': 4}, 'phone': '050-93877658', 'cell': '0924-259-0883', 'id': {'name': '', 'value': None}, 'picture': {'large': 'https://randomuser.me/api/portraits/women/75.jpg', 'medium': 'https://randomuser.me/api/portraits/med/women/75.jpg', 'thumbnail': 'https://randomuser.me/api/portraits/thumb/women/75.jpg'}, 'nat': 'IR'}</msg>
<arg>${json_data['results'][0]}</arg>
<doc>Logs the given message with the given level.</doc>
<status status="PASS" start="2024-06-24T08:19:19.826832" elapsed="0.000421"/>
</kw>
<kw name="Log" owner="BuiltIn">
<msg time="2024-06-24T08:19:19.827720" level="INFO">gender</msg>
<arg>${key}</arg>
<doc>Logs the given message with the given level.</doc>
<status status="PASS" start="2024-06-24T08:19:19.827585" elapsed="0.000173"/>
</kw>
<var name="${key}">gender</var>
<status status="PASS" start="2024-06-24T08:19:19.826080" elapsed="0.001903"/>
</iter>
<iter>
<kw name="Dictionary Should Contain Key" owner="Collections">
<arg>${json_data['results'][0]}</arg>
<arg>${key}</arg>
<doc>Fails if ``key`` is not found from ``dictionary``.</doc>
<status status="PASS" start="2024-06-24T08:19:19.828288" elapsed="0.000393"/>
</kw>
<kw name="Log" owner="BuiltIn">
<msg time="2024-06-24T08:19:19.829268" level="INFO">{'gender': 'female', 'name': {'title': 'Miss', 'first': 'نیایش', 'last': 'كامياران'}, 'location': {'street': {'number': 975, 'name': 'شهید رحمانی'}, 'city': 'ارومیه', 'state': 'هرمزگان', 'country': 'Iran', 'postcode': 45668, 'coordinates': {'latitude': '16.5622', 'longitude': '100.0709'}, 'timezone': {'offset': '-12:00', 'description': 'Eniwetok, Kwajalein'}}, 'email': 'nyysh.kmyrn@example.com', 'login': {'uuid': 'c840161a-655c-44dd-9f77-888ec80e5ebc', 'username': 'heavylion577', 'password': 'hubert', 'salt': 'wtWs2Zf8', 'md5': 'd423483a2106aa6c174bab5d52d97f1f', 'sha1': '3f4fe1f26a6463a07ace7d3357d5fc8c58571c74', 'sha256': 'b3373572efe8cb5ad9a2d90e96299a5a5413ea3b5ad7923401c739ea6991c2f6'}, 'dob': {'date': '1976-07-18T20:55:25.748Z', 'age': 47}, 'registered': {'date': '2020-01-30T11:07:06.453Z', 'age': 4}, 'phone': '050-93877658', 'cell': '0924-259-0883', 'id': {'name': '', 'value': None}, 'picture': {'large': 'https://randomuser.me/api/portraits/women/75.jpg', 'medium': 'https://randomuser.me/api/portraits/med/women/75.jpg', 'thumbnail': 'https://randomuser.me/api/portraits/thumb/women/75.jpg'}, 'nat': 'IR'}</msg>
<arg>${json_data['results'][0]}</arg>
<doc>Logs the given message with the given level.</doc>
<status status="PASS" start="2024-06-24T08:19:19.828868" elapsed="0.000451"/>
</kw>
<kw name="Log" owner="BuiltIn">
<msg time="2024-06-24T08:19:19.829748" level="INFO">name</msg>
<arg>${key}</arg>
<doc>Logs the given message with the given level.</doc>
<status status="PASS" start="2024-06-24T08:19:19.829619" elapsed="0.000167"/>
</kw>
<var name="${key}">name</var>
<status status="PASS" start="2024-06-24T08:19:19.828175" elapsed="0.001829"/>
</iter>
<iter>
<kw name="Dictionary Should Contain Key" owner="Collections">
<arg>${json_data['results'][0]}</arg>
<arg>${key}</arg>
<doc>Fails if ``key`` is not found from ``dictionary``.</doc>
<status status="PASS" start="2024-06-24T08:19:19.830292" elapsed="0.000388"/>
</kw>
<kw name="Log" owner="BuiltIn">
<msg time="2024-06-24T08:19:19.831214" level="INFO">{'gender': 'female', 'name': {'title': 'Miss', 'first': 'نیایش', 'last': 'كامياران'}, 'location': {'street': {'number': 975, 'name': 'شهید رحمانی'}, 'city': 'ارومیه', 'state': 'هرمزگان', 'country': 'Iran', 'postcode': 45668, 'coordinates': {'latitude': '16.5622', 'longitude': '100.0709'}, 'timezone': {'offset': '-12:00', 'description': 'Eniwetok, Kwajalein'}}, 'email': 'nyysh.kmyrn@example.com', 'login': {'uuid': 'c840161a-655c-44dd-9f77-888ec80e5ebc', 'username': 'heavylion577', 'password': 'hubert', 'salt': 'wtWs2Zf8', 'md5': 'd423483a2106aa6c174bab5d52d97f1f', 'sha1': '3f4fe1f26a6463a07ace7d3357d5fc8c58571c74', 'sha256': 'b3373572efe8cb5ad9a2d90e96299a5a5413ea3b5ad7923401c739ea6991c2f6'}, 'dob': {'date': '1976-07-18T20:55:25.748Z', 'age': 47}, 'registered': {'date': '2020-01-30T11:07:06.453Z', 'age': 4}, 'phone': '050-93877658', 'cell': '0924-259-0883', 'id': {'name': '', 'value': None}, 'picture': {'large': 'https://randomuser.me/api/portraits/women/75.jpg', 'medium': 'https://randomuser.me/api/portraits/med/women/75.jpg', 'thumbnail': 'https://randomuser.me/api/portraits/thumb/women/75.jpg'}, 'nat': 'IR'}</msg>
<arg>${json_data['results'][0]}</arg>
<doc>Logs the given message with the given level.</doc>
<status status="PASS" start="2024-06-24T08:19:19.830862" elapsed="0.000402"/>
</kw>
<kw name="Log" owner="BuiltIn">
<msg time="2024-06-24T08:19:19.831718" level="INFO">location</msg>
<arg>${key}</arg>
<doc>Logs the given message with the given level.</doc>
<status status="PASS" start="2024-06-24T08:19:19.831586" elapsed="0.000171"/>
</kw>
<var name="${key}">location</var>
<status status="PASS" start="2024-06-24T08:19:19.830184" elapsed="0.001792"/>
</iter>
<iter>
<kw name="Dictionary Should Contain Key" owner="Collections">
<arg>${json_data['results'][0]}</arg>
<arg>${key}</arg>
<doc>Fails if ``key`` is not found from ``dictionary``.</doc>
<status status="PASS" start="2024-06-24T08:19:19.832263" elapsed="0.000378"/>
</kw>
<kw name="Log" owner="BuiltIn">
<msg time="2024-06-24T08:19:19.833183" level="INFO">{'gender': 'female', 'name': {'title': 'Miss', 'first': 'نیایش', 'last': 'كامياران'}, 'location': {'street': {'number': 975, 'name': 'شهید رحمانی'}, 'city': 'ارومیه', 'state': 'هرمزگان', 'country': 'Iran', 'postcode': 45668, 'coordinates': {'latitude': '16.5622', 'longitude': '100.0709'}, 'timezone': {'offset': '-12:00', 'description': 'Eniwetok, Kwajalein'}}, 'email': 'nyysh.kmyrn@example.com', 'login': {'uuid': 'c840161a-655c-44dd-9f77-888ec80e5ebc', 'username': 'heavylion577', 'password': 'hubert', 'salt': 'wtWs2Zf8', 'md5': 'd423483a2106aa6c174bab5d52d97f1f', 'sha1': '3f4fe1f26a6463a07ace7d3357d5fc8c58571c74', 'sha256': 'b3373572efe8cb5ad9a2d90e96299a5a5413ea3b5ad7923401c739ea6991c2f6'}, 'dob': {'date': '1976-07-18T20:55:25.748Z', 'age': 47}, 'registered': {'date': '2020-01-30T11:07:06.453Z', 'age': 4}, 'phone': '050-93877658', 'cell': '0924-259-0883', 'id': {'name': '', 'value': None}, 'picture': {'large': 'https://randomuser.me/api/portraits/women/75.jpg', 'medium': 'https://randomuser.me/api/portraits/med/women/75.jpg', 'thumbnail': 'https://randomuser.me/api/portraits/thumb/women/75.jpg'}, 'nat': 'IR'}</msg>
<arg>${json_data['results'][0]}</arg>
<doc>Logs the given message with the given level.</doc>
<status status="PASS" start="2024-06-24T08:19:19.832825" elapsed="0.000411"/>
</kw>
<kw name="Log" owner="BuiltIn">
<msg time="2024-06-24T08:19:19.833653" level="INFO">email</msg>
<arg>${key}</arg>
<doc>Logs the given message with the given level.</doc>
<status status="PASS" start="2024-06-24T08:19:19.833527" elapsed="0.000163"/>
</kw>
<var name="${key}">email</var>
<status status="PASS" start="2024-06-24T08:19:19.832152" elapsed="0.001752"/>
</iter>
<iter>
<kw name="Dictionary Should Contain Key" owner="Collections">
<arg>${json_data['results'][0]}</arg>
<arg>${key}</arg>
<doc>Fails if ``key`` is not found from ``dictionary``.</doc>
<status status="PASS" start="2024-06-24T08:19:19.834180" elapsed="0.000388"/>
</kw>
<kw name="Log" owner="BuiltIn">
<msg time="2024-06-24T08:19:19.835105" level="INFO">{'gender': 'female', 'name': {'title': 'Miss', 'first': 'نیایش', 'last': 'كامياران'}, 'location': {'street': {'number': 975, 'name': 'شهید رحمانی'}, 'city': 'ارومیه', 'state': 'هرمزگان', 'country': 'Iran', 'postcode': 45668, 'coordinates': {'latitude': '16.5622', 'longitude': '100.0709'}, 'timezone': {'offset': '-12:00', 'description': 'Eniwetok, Kwajalein'}}, 'email': 'nyysh.kmyrn@example.com', 'login': {'uuid': 'c840161a-655c-44dd-9f77-888ec80e5ebc', 'username': 'heavylion577', 'password': 'hubert', 'salt': 'wtWs2Zf8', 'md5': 'd423483a2106aa6c174bab5d52d97f1f', 'sha1': '3f4fe1f26a6463a07ace7d3357d5fc8c58571c74', 'sha256': 'b3373572efe8cb5ad9a2d90e96299a5a5413ea3b5ad7923401c739ea6991c2f6'}, 'dob': {'date': '1976-07-18T20:55:25.748Z', 'age': 47}, 'registered': {'date': '2020-01-30T11:07:06.453Z', 'age': 4}, 'phone': '050-93877658', 'cell': '0924-259-0883', 'id': {'name': '', 'value': None}, 'picture': {'large': 'https://randomuser.me/api/portraits/women/75.jpg', 'medium': 'https://randomuser.me/api/portraits/med/women/75.jpg', 'thumbnail': 'https://randomuser.me/api/portraits/thumb/women/75.jpg'}, 'nat': 'IR'}</msg>
<arg>${json_data['results'][0]}</arg>
<doc>Logs the given message with the given level.</doc>
<status status="PASS" start="2024-06-24T08:19:19.834748" elapsed="0.000407"/>
</kw>
<kw name="Log" owner="BuiltIn">
<msg time="2024-06-24T08:19:19.835608" level="INFO">login</msg>
<arg>${key}</arg>
<doc>Logs the given message with the given level.</doc>
<status status="PASS" start="2024-06-24T08:19:19.835452" elapsed="0.000194"/>
</kw>
<var name="${key}">login</var>
<status status="PASS" start="2024-06-24T08:19:19.834072" elapsed="0.001789"/>
</iter>
<var>${key}</var>
<value>@{expected_keys}</value>
<status status="PASS" start="2024-06-24T08:19:19.825862" elapsed="0.010118"/>
</for>
<kw name="Create List" owner="BuiltIn">
<msg time="2024-06-24T08:19:19.836352" level="INFO">${expected_keysTwo} = ['username', 'password']</msg>
<var>${expected_keysTwo}</var>
<arg>username</arg>
<arg>password</arg>
<doc>Returns a list containing given items.</doc>
<status status="PASS" start="2024-06-24T08:19:19.836182" elapsed="0.000195"/>
</kw>
<for flavor="IN">
<iter>
<kw name="Dictionary Should Contain Key" owner="Collections">
<arg>${json_data['results'][0]['login']}</arg>
<arg>${keyTwo}</arg>
<doc>Fails if ``key`` is not found from ``dictionary``.</doc>
<status status="PASS" start="2024-06-24T08:19:19.836878" elapsed="0.000390"/>
</kw>
<kw name="Dictionary Should Contain Key" owner="Collections">
<arg>${json_data['results'][0]['login']}</arg>
<arg>${keyTwo}</arg>
<doc>Fails if ``key`` is not found from ``dictionary``.</doc>
<status status="PASS" start="2024-06-24T08:19:19.837455" elapsed="0.000367"/>
</kw>
<kw name="Log" owner="BuiltIn">
<msg time="2024-06-24T08:19:19.838126" level="INFO">username</msg>
<arg>${keyTwo}</arg>
<doc>Logs the given message with the given level.</doc>
<status status="PASS" start="2024-06-24T08:19:19.838007" elapsed="0.000157"/>
</kw>
<var name="${keyTwo}">username</var>
<status status="PASS" start="2024-06-24T08:19:19.836772" elapsed="0.001615"/>
</iter>
<iter>
<kw name="Dictionary Should Contain Key" owner="Collections">
<arg>${json_data['results'][0]['login']}</arg>
<arg>${keyTwo}</arg>
<doc>Fails if ``key`` is not found from ``dictionary``.</doc>
<status status="PASS" start="2024-06-24T08:19:19.838669" elapsed="0.000415"/>
</kw>
<kw name="Dictionary Should Contain Key" owner="Collections">
<arg>${json_data['results'][0]['login']}</arg>
<arg>${keyTwo}</arg>
<doc>Fails if ``key`` is not found from ``dictionary``.</doc>
<status status="PASS" start="2024-06-24T08:19:19.839266" elapsed="0.000421"/>
</kw>
<kw name="Log" owner="BuiltIn">
<msg time="2024-06-24T08:19:19.839990" level="INFO">password</msg>
<arg>${keyTwo}</arg>
<doc>Logs the given message with the given level.</doc>
<status status="PASS" start="2024-06-24T08:19:19.839868" elapsed="0.000158"/>
</kw>
<var name="${keyTwo}">password</var>
<status status="PASS" start="2024-06-24T08:19:19.838564" elapsed="0.001778"/>
</iter>
<var>${keyTwo}</var>
<value>@{expected_keysTwo}</value>
<status status="PASS" start="2024-06-24T08:19:19.836615" elapsed="0.003850"/>
</for>
<status status="PASS" start="2024-06-24T08:19:19.726177" elapsed="0.114432"/>
</kw>
<doc>Testa a estrutura da resposta da API.</doc>
<tag>testeEstruturaResposta</tag>
<status status="PASS" start="2024-06-24T08:19:19.725572" elapsed="0.115197"/>
</test>
<test id="s1-s1-t4" name="Validar tipos de dados" line="28">
<kw name="Teste de Tipos de Dados" owner="random-user-service">
<kw name="GET On Session" owner="RequestsLibrary">
<msg time="2024-06-24T08:19:19.920263" level="INFO">GET Request : url=https://randomuser.me/api 
 path_url=/api 
 headers={'User-Agent': 'python-requests/2.32.3', 'Accept-Encoding': 'gzip, deflate', 'Accept': '*/*', 'Connection': 'keep-alive'} 
 body=None 
 </msg>
<msg time="2024-06-24T08:19:19.920364" level="INFO">GET Response : url=https://randomuser.me/api 
 status=200, reason=OK 
 headers={'Date': 'Mon, 24 Jun 2024 08:19:19 GMT', 'Content-Type': 'application/json; charset=utf-8', 'Transfer-Encoding': 'chunked', 'Connection': 'keep-alive', 'X-Powered-By': 'Express', 'Access-Control-Allow-Origin': '*', 'Cache-Control': 'no-cache', 'ETag': 'W/"478-agF8HrXEZLR1i6dnCOCcHCl6H9Y"', 'Vary': 'Accept-Encoding', 'Content-Encoding': 'gzip', 'CF-Cache-Status': 'DYNAMIC', 'Report-To': '{"endpoints":[{"url":"https:\\/\\/a.nel.cloudflare.com\\/report\\/v4?s=F%2FzuYyto18GRzaTLwpNCkUMEcorjoq9ws0kCDAfpkxsk%2Fj5K4hEw4GxBm%2BYlEdxblxX89eePlcc7iMMUpuwS1aynk5FRqhNpFcehWwAtpeyZVO1WdxTnsBL1CmYN0pfj"}],"group":"cf-nel","max_age":604800}', 'NEL': '{"success_fraction":0,"report_to":"cf-nel","max_age":604800}', 'Server': 'cloudflare', 'CF-RAY': '898b4ad1190161fc-ORD', 'alt-svc': 'h3=":443"; ma=86400'} 
 body={"results":[{"gender":"female","name":{"title":"Miss","first":"پرنیا","last":"نجاتی"},"location":{"street":{"number":9906,"name":"موحد دانش"},"city":"همدان","state":"اردبیل","country":"Iran","postcode":22043,"coordinates":{"latitude":"16.7925","longitude":"57.0484"},"timezone":{"offset":"+5:45","description":"Kathmandu"}},"email":"prny.njty@example.com","login":{"uuid":"db2bfad1-2da5-4a9e-8ae7-f4c3867cdb89","username":"lazywolf380","password":"thick","salt":"1QvNL5qQ","md5":"04785b6ece388651749b71461b33ce0d","sha1":"f2e956a5be5196b7e99ce69e3f5df8047009fabc","sha256":"9d91c72b6266d824cb5094ce8c789b9d6a1df7174c3d8a49d0dbe8558adfa364"},"dob":{"date":"1988-04-16T23:24:10.843Z","age":36},"registered":{"date":"2006-01-05T16:24:47.044Z","age":18},"phone":"044-78755683","cell":"0962-101-5352","id":{"name":"","value":null},"picture":{"large":"https://randomuser.me/api/portraits/women/50.jpg","medium":"https://randomuser.me/api/portraits/med/women/50.jpg","thumbnail":"https://randomuser.me/api/portraits/thumb/women/50.jpg"},"nat":"IR"}],"info":{"seed":"b1d0a6d58bc4186d","results":1,"page":1,"version":"1.4"}} 
 </msg>
<msg time="2024-06-24T08:19:19.920442" level="INFO">/opt/hostedtoolcache/Python/3.12.4/x64/lib/python3.12/site-packages/urllib3/connectionpool.py:1099: InsecureRequestWarning: Unverified HTTPS request is being made to host 'randomuser.me'. Adding certificate verification is strongly advised. See: https://urllib3.readthedocs.io/en/latest/advanced-usage.html#tls-warnings
  warnings.warn(</msg>
<msg time="2024-06-24T08:19:19.920577" level="INFO">${response} = &lt;Response [200]&gt;</msg>
<var>${response}</var>
<arg>consultarAPI</arg>
<arg>/api</arg>
<doc>Sends a GET request on a previously created HTTP Session.</doc>
<status status="PASS" start="2024-06-24T08:19:19.843354" elapsed="0.077263"/>
</kw>
<kw name="Set Variable" owner="BuiltIn">
<msg time="2024-06-24T08:19:19.921825" level="INFO">${json_data} = {'results': [{'gender': 'female', 'name': {'title': 'Miss', 'first': 'پرنیا', 'last': 'نجاتی'}, 'location': {'street': {'number': 9906, 'name': 'موحد دانش'}, 'city': 'همدان', 'state': 'اردبیل', 'count...</msg>
<var>${json_data}</var>
<arg>${response.json()}</arg>
<doc>Returns the given values which can then be assigned to a variables.</doc>
<status status="PASS" start="2024-06-24T08:19:19.921242" elapsed="0.000614"/>
</kw>
<kw name="Log" owner="BuiltIn">
<msg time="2024-06-24T08:19:19.922396" level="INFO">{'results': [{'gender': 'female', 'name': {'title': 'Miss', 'first': 'پرنیا', 'last': 'نجاتی'}, 'location': {'street': {'number': 9906, 'name': 'موحد دانش'}, 'city': 'همدان', 'state': 'اردبیل', 'country': 'Iran', 'postcode': 22043, 'coordinates': {'latitude': '16.7925', 'longitude': '57.0484'}, 'timezone': {'offset': '+5:45', 'description': 'Kathmandu'}}, 'email': 'prny.njty@example.com', 'login': {'uuid': 'db2bfad1-2da5-4a9e-8ae7-f4c3867cdb89', 'username': 'lazywolf380', 'password': 'thick', 'salt': '1QvNL5qQ', 'md5': '04785b6ece388651749b71461b33ce0d', 'sha1': 'f2e956a5be5196b7e99ce69e3f5df8047009fabc', 'sha256': '9d91c72b6266d824cb5094ce8c789b9d6a1df7174c3d8a49d0dbe8558adfa364'}, 'dob': {'date': '1988-04-16T23:24:10.843Z', 'age': 36}, 'registered': {'date': '2006-01-05T16:24:47.044Z', 'age': 18}, 'phone': '044-78755683', 'cell': '0962-101-5352', 'id': {'name': '', 'value': None}, 'picture': {'large': 'https://randomuser.me/api/portraits/women/50.jpg', 'medium': 'https://randomuser.me/api/portraits/med/women/50.jpg', 'thumbnail': 'https://randomuser.me/api/portraits/thumb/women/50.jpg'}, 'nat': 'IR'}], 'info': {'seed': 'b1d0a6d58bc4186d', 'results': 1, 'page': 1, 'version': '1.4'}}</msg>
<arg>${json_data}</arg>
<doc>Logs the given message with the given level.</doc>
<status status="PASS" start="2024-06-24T08:19:19.922221" elapsed="0.000227"/>
</kw>
<kw name="Should Be String" owner="String">
<arg>${json_data['results'][0]['gender']}</arg>
<doc>Fails if the given ``item`` is not a string.</doc>
<status status="PASS" start="2024-06-24T08:19:19.922761" elapsed="0.000392"/>
</kw>
<kw name="Should Match Regexp" owner="BuiltIn">
<arg>${json_data['results'][0]['email']}</arg>
<arg>^[a-zA-Z0-9._%+-]+@[a-zA-Z0-9.-]+\.[a-zA-Z]{2,}$</arg>
<doc>Fails if ``string`` does not match ``pattern`` as a regular expression.</doc>
<status status="PASS" start="2024-06-24T08:19:19.923348" elapsed="0.000655"/>
</kw>
<kw name="Should Match Regexp" owner="BuiltIn">
<arg>${json_data['results'][0]['dob']['date']}</arg>
<arg>\\d{4}-\\d{2}-\\d{2}T\\d{2}:\\d{2}:\\d{2}\\.\\d{3}Z</arg>
<doc>Fails if ``string`` does not match ``pattern`` as a regular expression.</doc>
<status status="PASS" start="2024-06-24T08:19:19.924206" elapsed="0.000497"/>
</kw>
<kw name="Should Match Regexp" owner="BuiltIn">
<arg>${json_data['results'][0]['registered']['date']}</arg>
<arg>\\d{4}-\\d{2}-\\d{2}T\\d{2}:\\d{2}:\\d{2}\\.\\d{3}Z</arg>
<doc>Fails if ``string`` does not match ``pattern`` as a regular expression.</doc>
<status status="PASS" start="2024-06-24T08:19:19.924903" elapsed="0.000374"/>
</kw>
<kw name="Should Match Regexp" owner="BuiltIn">
<arg>${json_data['results'][0]['picture']['large']}</arg>
<arg>^https?://.*\.(?:png|jpe?g|gif|bmp)$</arg>
<doc>Fails if ``string`` does not match ``pattern`` as a regular expression.</doc>
<status status="PASS" start="2024-06-24T08:19:19.925463" elapsed="0.000460"/>
</kw>
<kw name="Should Match Regexp" owner="BuiltIn">
<arg>${json_data['results'][0]['picture']['medium']}</arg>
<arg>^https?://.*\.(?:png|jpe?g|gif|bmp)$</arg>
<doc>Fails if ``string`` does not match ``pattern`` as a regular expression.</doc>
<status status="PASS" start="2024-06-24T08:19:19.926109" elapsed="0.000350"/>
</kw>
<kw name="Should Match Regexp" owner="BuiltIn">
<arg>${json_data['results'][0]['picture']['thumbnail']}</arg>
<arg>^https?://.*\.(?:png|jpe?g|gif|bmp)$</arg>
<doc>Fails if ``string`` does not match ``pattern`` as a regular expression.</doc>
<status status="PASS" start="2024-06-24T08:19:19.926640" elapsed="0.000351"/>
</kw>
<kw name="Log" owner="BuiltIn">
<msg time="2024-06-24T08:19:19.927492" level="INFO">{'large': 'https://randomuser.me/api/portraits/women/50.jpg', 'medium': 'https://randomuser.me/api/portraits/med/women/50.jpg', 'thumbnail': 'https://randomuser.me/api/portraits/thumb/women/50.jpg'}</msg>
<arg>${json_data['results'][0]['picture']}</arg>
<doc>Logs the given message with the given level.</doc>
<status status="PASS" start="2024-06-24T08:19:19.927171" elapsed="0.000394"/>
</kw>
<status status="PASS" start="2024-06-24T08:19:19.843122" elapsed="0.084709"/>
</kw>
<kw name="Teste de Tipos de Dados - Postcode" owner="random-user-service">
<kw name="GET On Session" owner="RequestsLibrary">
<msg time="2024-06-24T08:19:20.017335" level="INFO">GET Request : url=https://randomuser.me/api 
 path_url=/api 
 headers={'User-Agent': 'python-requests/2.32.3', 'Accept-Encoding': 'gzip, deflate', 'Accept': '*/*', 'Connection': 'keep-alive'} 
 body=None 
 </msg>
<msg time="2024-06-24T08:19:20.017436" level="INFO">GET Response : url=https://randomuser.me/api 
 status=200, reason=OK 
 headers={'Date': 'Mon, 24 Jun 2024 08:19:20 GMT', 'Content-Type': 'application/json; charset=utf-8', 'Transfer-Encoding': 'chunked', 'Connection': 'keep-alive', 'X-Powered-By': 'Express', 'Access-Control-Allow-Origin': '*', 'Cache-Control': 'no-cache', 'ETag': 'W/"493-FBqRZua1ekBNFBMlOD/7K9Uw+3Q"', 'Vary': 'Accept-Encoding', 'Content-Encoding': 'gzip', 'CF-Cache-Status': 'DYNAMIC', 'Report-To': '{"endpoints":[{"url":"https:\\/\\/a.nel.cloudflare.com\\/report\\/v4?s=FpNLCiBGS7waQ5LSLkbwknAFpzhSNJpD7ZSRLbFwOPEhuQrYVqEVFj3eEu0upQ7wAsM6sF%2BRGmoPx8MXhFbYk1Bqnww2v62PG3t4salAqy80oNgfDU8kIPeOld741Sju"}],"group":"cf-nel","max_age":604800}', 'NEL': '{"success_fraction":0,"report_to":"cf-nel","max_age":604800}', 'Server': 'cloudflare', 'CF-RAY': '898b4ad1894461fc-ORD', 'alt-svc': 'h3=":443"; ma=86400'} 
 body={"results":[{"gender":"male","name":{"title":"Mr","first":"Gabino","last":"Guzmán"},"location":{"street":{"number":8889,"name":"Avenida Sur Guevara"},"city":"Otumba","state":"Coahuila","country":"Mexico","postcode":97747,"coordinates":{"latitude":"23.7180","longitude":"-94.1292"},"timezone":{"offset":"-8:00","description":"Pacific Time (US &amp; Canada)"}},"email":"gabino.guzman@example.com","login":{"uuid":"562e183f-081f-47b6-96d6-8304d7080f05","username":"ticklishgorilla591","password":"gypsy","salt":"aIh0BTzg","md5":"b443dbe5284d48f97664acc91dfa56a9","sha1":"e49d61e119f402f2c2a8a85b9da7e661d24aee7e","sha256":"c645ed3a99368f770e70b7cec30a502c23c147b46bbd3f4fb92a2a68da8d7ba1"},"dob":{"date":"1955-09-23T10:57:14.997Z","age":68},"registered":{"date":"2002-04-10T05:16:30.811Z","age":22},"phone":"(684) 050 9034","cell":"(646) 431 5963","id":{"name":"NSS","value":"25 47 82 1172 7"},"picture":{"large":"https://randomuser.me/api/portraits/men/28.jpg","medium":"https://randomuser.me/api/portraits/med/men/28.jpg","thumbnail":"https://randomuser.me/api/portraits/thumb/men/28.jpg"},"nat":"MX"}],"info":{"seed":"705d49c8a155f2ba","results":1,"page":1,"version":"1.4"}} 
 </msg>
<msg time="2024-06-24T08:19:20.017514" level="INFO">/opt/hostedtoolcache/Python/3.12.4/x64/lib/python3.12/site-packages/urllib3/connectionpool.py:1099: InsecureRequestWarning: Unverified HTTPS request is being made to host 'randomuser.me'. Adding certificate verification is strongly advised. See: https://urllib3.readthedocs.io/en/latest/advanced-usage.html#tls-warnings
  warnings.warn(</msg>
<msg time="2024-06-24T08:19:20.017640" level="INFO">${response} = &lt;Response [200]&gt;</msg>
<var>${response}</var>
<arg>consultarAPI</arg>
<arg>/api</arg>
<doc>Sends a GET request on a previously created HTTP Session.</doc>
<status status="PASS" start="2024-06-24T08:19:19.928285" elapsed="0.089394"/>
</kw>
<kw name="Set Variable" owner="BuiltIn">
<msg time="2024-06-24T08:19:20.018938" level="INFO">${json_data} = {'results': [{'gender': 'male', 'name': {'title': 'Mr', 'first': 'Gabino', 'last': 'Guzmán'}, 'location': {'street': {'number': 8889, 'name': 'Avenida Sur Guevara'}, 'city': 'Otumba', 'state': 'Coahui...</msg>
<var>${json_data}</var>
<arg>${response.json()}</arg>
<doc>Returns the given values which can then be assigned to a variables.</doc>
<status status="PASS" start="2024-06-24T08:19:20.018343" elapsed="0.000625"/>
</kw>
<kw name="Log" owner="BuiltIn">
<msg time="2024-06-24T08:19:20.019443" level="INFO">{'results': [{'gender': 'male', 'name': {'title': 'Mr', 'first': 'Gabino', 'last': 'Guzmán'}, 'location': {'street': {'number': 8889, 'name': 'Avenida Sur Guevara'}, 'city': 'Otumba', 'state': 'Coahuila', 'country': 'Mexico', 'postcode': 97747, 'coordinates': {'latitude': '23.7180', 'longitude': '-94.1292'}, 'timezone': {'offset': '-8:00', 'description': 'Pacific Time (US &amp; Canada)'}}, 'email': 'gabino.guzman@example.com', 'login': {'uuid': '562e183f-081f-47b6-96d6-8304d7080f05', 'username': 'ticklishgorilla591', 'password': 'gypsy', 'salt': 'aIh0BTzg', 'md5': 'b443dbe5284d48f97664acc91dfa56a9', 'sha1': 'e49d61e119f402f2c2a8a85b9da7e661d24aee7e', 'sha256': 'c645ed3a99368f770e70b7cec30a502c23c147b46bbd3f4fb92a2a68da8d7ba1'}, 'dob': {'date': '1955-09-23T10:57:14.997Z', 'age': 68}, 'registered': {'date': '2002-04-10T05:16:30.811Z', 'age': 22}, 'phone': '(684) 050 9034', 'cell': '(646) 431 5963', 'id': {'name': 'NSS', 'value': '25 47 82 1172 7'}, 'picture': {'large': 'https://randomuser.me/api/portraits/men/28.jpg', 'medium': 'https://randomuser.me/api/portraits/med/men/28.jpg', 'thumbnail': 'https://randomuser.me/api/portraits/thumb/men/28.jpg'}, 'nat': 'MX'}], 'info': {'seed': '705d49c8a155f2ba', 'results': 1, 'page': 1, 'version': '1.4'}}</msg>
<arg>${json_data}</arg>
<doc>Logs the given message with the given level.</doc>
<status status="PASS" start="2024-06-24T08:19:20.019282" elapsed="0.000211"/>
</kw>
<kw name="Should Be Equal As Numbers" owner="BuiltIn">
<arg>${json_data['results'][0]['location']['postcode']}</arg>
<arg>${json_data['results'][0]['location']['postcode']}</arg>
<doc>Fails if objects are unequal after converting them to real numbers.</doc>
<status status="PASS" start="2024-06-24T08:19:20.019834" elapsed="0.000633"/>
</kw>
<kw name="Log" owner="BuiltIn">
<msg time="2024-06-24T08:19:20.021166" level="INFO">97747</msg>
<arg>${json_data['results'][0]['location']['postcode']}</arg>
<doc>Logs the given message with the given level.</doc>
<status status="PASS" start="2024-06-24T08:19:20.020653" elapsed="0.000589"/>
</kw>
<status status="PASS" start="2024-06-24T08:19:19.928056" elapsed="0.093445"/>
</kw>
<doc>Testa se os tipos de dados na resposta da API estão corretos.</doc>
<tag>testeTiposDados</tag>
<status status="PASS" start="2024-06-24T08:19:19.842540" elapsed="0.179127"/>
</test>
<test id="s1-s1-t5" name="Validar conteudo" line="35">
<kw name="Teste de Tipos de Conteudo" owner="random-user-service">
<kw name="GET On Session" owner="RequestsLibrary">
<msg time="2024-06-24T08:19:20.125881" level="INFO">GET Request : url=https://randomuser.me/api 
 path_url=/api 
 headers={'User-Agent': 'python-requests/2.32.3', 'Accept-Encoding': 'gzip, deflate', 'Accept': '*/*', 'Connection': 'keep-alive'} 
 body=None 
 </msg>
<msg time="2024-06-24T08:19:20.126000" level="INFO">GET Response : url=https://randomuser.me/api 
 status=200, reason=OK 
 headers={'Date': 'Mon, 24 Jun 2024 08:19:20 GMT', 'Content-Type': 'application/json; charset=utf-8', 'Transfer-Encoding': 'chunked', 'Connection': 'keep-alive', 'X-Powered-By': 'Express', 'Access-Control-Allow-Origin': '*', 'Cache-Control': 'no-cache', 'ETag': 'W/"49e-DqqP/QTfUJoBbG4v32vSrDNYWxg"', 'Vary': 'Accept-Encoding', 'Content-Encoding': 'gzip', 'CF-Cache-Status': 'DYNAMIC', 'Report-To': '{"endpoints":[{"url":"https:\\/\\/a.nel.cloudflare.com\\/report\\/v4?s=nsk%2B83c4heaPybBQHcz9jxHn9LYTdQNrdXzh50v5tqVviucUbB2P01TlmMQgbCquo%2BwvifKXdYu3Zx7N3Iixbkps4wk0TFjEMSoTN65LAsu3WnfJFw%2BctWd2%2BvQ0yrIp"}],"group":"cf-nel","max_age":604800}', 'NEL': '{"success_fraction":0,"report_to":"cf-nel","max_age":604800}', 'Server': 'cloudflare', 'CF-RAY': '898b4ad229a561fc-ORD', 'alt-svc': 'h3=":443"; ma=86400'} 
 body={"results":[{"gender":"female","name":{"title":"Ms","first":"Amanda","last":"Justi"},"location":{"street":{"number":9053,"name":"Hämeenkatu"},"city":"Porvoo","state":"Central Finland","country":"Finland","postcode":75266,"coordinates":{"latitude":"-29.6059","longitude":"22.4063"},"timezone":{"offset":"-6:00","description":"Central Time (US &amp; Canada), Mexico City"}},"email":"amanda.justi@example.com","login":{"uuid":"13c3e3a0-beab-4b50-9c0f-e92c2362111d","username":"yellowwolf652","password":"303030","salt":"5NTSwaJV","md5":"1418230f449050b628d142174ef1b817","sha1":"5cc202a8b3b8fe8e25aa70cae011d6685c73c424","sha256":"69315948865defa3c9b4c443608783017e90922cffff1ed2375777a3a1120f57"},"dob":{"date":"1953-04-03T01:10:42.664Z","age":71},"registered":{"date":"2017-07-27T21:10:56.439Z","age":6},"phone":"03-411-118","cell":"045-443-77-45","id":{"name":"HETU","value":"NaNNA332undefined"},"picture":{"large":"https://randomuser.me/api/portraits/women/17.jpg","medium":"https://randomuser.me/api/portraits/med/women/17.jpg","thumbnail":"https://randomuser.me/api/portraits/thumb/women/17.jpg"},"nat":"FI"}],"info":{"seed":"46d95fe38195a4c2","results":1,"page":1,"version":"1.4"}} 
 </msg>
<msg time="2024-06-24T08:19:20.126091" level="INFO">/opt/hostedtoolcache/Python/3.12.4/x64/lib/python3.12/site-packages/urllib3/connectionpool.py:1099: InsecureRequestWarning: Unverified HTTPS request is being made to host 'randomuser.me'. Adding certificate verification is strongly advised. See: https://urllib3.readthedocs.io/en/latest/advanced-usage.html#tls-warnings
  warnings.warn(</msg>
<msg time="2024-06-24T08:19:20.126248" level="INFO">${response} = &lt;Response [200]&gt;</msg>
<var>${response}</var>
<arg>consultarAPI</arg>
<arg>/api</arg>
<doc>Sends a GET request on a previously created HTTP Session.</doc>
<status status="PASS" start="2024-06-24T08:19:20.024202" elapsed="0.102095"/>
</kw>
<kw name="Set Variable" owner="BuiltIn">
<msg time="2024-06-24T08:19:20.127564" level="INFO">${json_data} = {'results': [{'gender': 'female', 'name': {'title': 'Ms', 'first': 'Amanda', 'last': 'Justi'}, 'location': {'street': {'number': 9053, 'name': 'Hämeenkatu'}, 'city': 'Porvoo', 'state': 'Central Finlan...</msg>
<var>${json_data}</var>
<arg>${response.json()}</arg>
<doc>Returns the given values which can then be assigned to a variables.</doc>
<status status="PASS" start="2024-06-24T08:19:20.126963" elapsed="0.000637"/>
</kw>
<kw name="Set Variable" owner="BuiltIn">
<msg time="2024-06-24T08:19:20.128326" level="INFO">${name_title} = Ms</msg>
<var>${name_title}</var>
<arg>${json_data["results"][0]["name"]["title"]}</arg>
<doc>Returns the given values which can then be assigned to a variables.</doc>
<status status="PASS" start="2024-06-24T08:19:20.127911" elapsed="0.000441"/>
</kw>
<kw name="Create List" owner="BuiltIn">
<msg time="2024-06-24T08:19:20.128798" level="INFO">${allowed_titles} = ['Mr', 'Ms', 'Miss', 'Mrs', 'Madame', 'Monsieur']</msg>
<var>${allowed_titles}</var>
<arg>Mr</arg>
<arg>Ms</arg>
<arg>Miss</arg>
<arg>Mrs</arg>
<arg>Madame</arg>
<arg>Monsieur</arg>
<doc>Returns a list containing given items.</doc>
<status status="PASS" start="2024-06-24T08:19:20.128649" elapsed="0.000173"/>
</kw>
<kw name="List Should Contain Value" owner="Collections">
<arg>${allowed_titles}</arg>
<arg>${name_title}</arg>
<doc>Fails if the ``value`` is not found from ``list``.</doc>
<status status="PASS" start="2024-06-24T08:19:20.129121" elapsed="0.000183"/>
</kw>
<kw name="Set Variable" owner="BuiltIn">
<msg time="2024-06-24T08:19:20.129854" level="INFO">${name_country} = FI</msg>
<var>${name_country}</var>
<arg>${json_data["results"][0]["nat"]}</arg>
<doc>Returns the given values which can then be assigned to a variables.</doc>
<status status="PASS" start="2024-06-24T08:19:20.129481" elapsed="0.000398"/>
</kw>
<kw name="Create List" owner="BuiltIn">
<msg time="2024-06-24T08:19:20.130758" level="INFO">${list_country} = ['AD', 'AE', 'AF', 'AG', 'AI', 'AL', 'AM', 'AO', 'AQ', 'AR', 'AS', 'AT', 'AU', 'AW', 'AX', 'AZ', 'BA', 'BB', 'BD', 'BE', 'BF', 'BG', 'BH', 'BI', 'BJ', 'BL', 'BM', 'BN', 'BO', 'BQ', 'BR', 'BS', 'BT', '...</msg>
<var>${list_country}</var>
<arg>AD</arg>
<arg>AE</arg>
<arg>AF</arg>
<arg>AG</arg>
<arg>AI</arg>
<arg>AL</arg>
<arg>AM</arg>
<arg>AO</arg>
<arg>AQ</arg>
<arg>AR</arg>
<arg>AS</arg>
<arg>AT</arg>
<arg>AU</arg>
<arg>AW</arg>
<arg>AX</arg>
<arg>AZ</arg>
<arg>BA</arg>
<arg>BB</arg>
<arg>BD</arg>
<arg>BE</arg>
<arg>BF</arg>
<arg>BG</arg>
<arg>BH</arg>
<arg>BI</arg>
<arg>BJ</arg>
<arg>BL</arg>
<arg>BM</arg>
<arg>BN</arg>
<arg>BO</arg>
<arg>BQ</arg>
<arg>BR</arg>
<arg>BS</arg>
<arg>BT</arg>
<arg>BV</arg>
<arg>BW</arg>
<arg>BY</arg>
<arg>BZ</arg>
<arg>CA</arg>
<arg>CC</arg>
<arg>CD</arg>
<arg>CF</arg>
<arg>CG</arg>
<arg>CH</arg>
<arg>CI</arg>
<arg>CK</arg>
<arg>CL</arg>
<arg>CM</arg>
<arg>CN</arg>
<arg>CO</arg>
<arg>CR</arg>
<arg>CU</arg>
<arg>CV</arg>
<arg>CW</arg>
<arg>CX</arg>
<arg>CY</arg>
<arg>CZ</arg>
<arg>DE</arg>
<arg>DJ</arg>
<arg>DK</arg>
<arg>DM</arg>
<arg>DO</arg>
<arg>DZ</arg>
<arg>EC</arg>
<arg>EE</arg>
<arg>EG</arg>
<arg>EH</arg>
<arg>ER</arg>
<arg>ES</arg>
<arg>ET</arg>
<arg>FI</arg>
<arg>FJ</arg>
<arg>FK</arg>
<arg>FM</arg>
<arg>FO</arg>
<arg>FR</arg>
<arg>GA</arg>
<arg>GB</arg>
<arg>GD</arg>
<arg>GE</arg>
<arg>GF</arg>
<arg>GG</arg>
<arg>GH</arg>
<arg>GI</arg>
<arg>GL</arg>
<arg>GM</arg>
<arg>GN</arg>
<arg>GP</arg>
<arg>GQ</arg>
<arg>GR</arg>
<arg>GS</arg>
<arg>GT</arg>
<arg>GU</arg>
<arg>GW</arg>
<arg>GY</arg>
<arg>HK</arg>
<arg>HM</arg>
<arg>HN</arg>
<arg>HR</arg>
<arg>HT</arg>
<arg>HU</arg>
<arg>ID</arg>
<arg>IE</arg>
<arg>IL</arg>
<arg>IM</arg>
<arg>IN</arg>
<arg>IO</arg>
<arg>IQ</arg>
<arg>IR</arg>
<arg>IS</arg>
<arg>IT</arg>
<arg>JE</arg>
<arg>JM</arg>
<arg>JO</arg>
<arg>JP</arg>
<arg>KE</arg>
<arg>KG</arg>
<arg>KH</arg>
<arg>KI</arg>
<arg>KM</arg>
<arg>KN</arg>
<arg>KP</arg>
<arg>KR</arg>
<arg>KW</arg>
<arg>KY</arg>
<arg>KZ</arg>
<arg>LA</arg>
<arg>LB</arg>
<arg>LC</arg>
<arg>LI</arg>
<arg>LK</arg>
<arg>LR</arg>
<arg>LS</arg>
<arg>LT</arg>
<arg>LU</arg>
<arg>LV</arg>
<arg>LY</arg>
<arg>MA</arg>
<arg>MC</arg>
<arg>MD</arg>
<arg>ME</arg>
<arg>MF</arg>
<arg>MG</arg>
<arg>MH</arg>
<arg>MK</arg>
<arg>ML</arg>
<arg>MM</arg>
<arg>MN</arg>
<arg>MO</arg>
<arg>MP</arg>
<arg>MQ</arg>
<arg>MR</arg>
<arg>MS</arg>
<arg>MT</arg>
<arg>MU</arg>
<arg>MV</arg>
<arg>MW</arg>
<arg>MX</arg>
<arg>MY</arg>
<arg>MZ</arg>
<arg>NA</arg>
<arg>NC</arg>
<arg>NE</arg>
<arg>NF</arg>
<arg>NG</arg>
<arg>NI</arg>
<arg>NL</arg>
<arg>NO</arg>
<arg>NP</arg>
<arg>NR</arg>
<arg>NU</arg>
<arg>NZ</arg>
<arg>OM</arg>
<arg>PA</arg>
<arg>PE</arg>
<arg>PF</arg>
<arg>PG</arg>
<arg>PH</arg>
<arg>PK</arg>
<arg>PL</arg>
<arg>PM</arg>
<arg>PN</arg>
<arg>PR</arg>
<arg>PS</arg>
<arg>PT</arg>
<arg>PW</arg>
<arg>PY</arg>
<arg>QA</arg>
<arg>RE</arg>
<arg>RO</arg>
<arg>RS</arg>
<arg>RU</arg>
<arg>RW</arg>
<arg>SA</arg>
<arg>SB</arg>
<arg>SC</arg>
<arg>SD</arg>
<arg>SE</arg>
<arg>SG</arg>
<arg>SH</arg>
<arg>SI</arg>
<arg>SJ</arg>
<arg>SK</arg>
<arg>SL</arg>
<arg>SM</arg>
<arg>SN</arg>
<arg>SO</arg>
<arg>SR</arg>
<arg>SS</arg>
<arg>ST</arg>
<arg>SV</arg>
<arg>SX</arg>
<arg>SY</arg>
<arg>SZ</arg>
<arg>TC</arg>
<arg>TD</arg>
<arg>TF</arg>
<arg>TG</arg>
<arg>TH</arg>
<arg>TJ</arg>
<arg>TK</arg>
<arg>TL</arg>
<arg>TM</arg>
<arg>TN</arg>
<arg>TO</arg>
<arg>TR</arg>
<arg>TT</arg>
<arg>TV</arg>
<arg>TW</arg>
<arg>TZ</arg>
<arg>UA</arg>
<arg>UG</arg>
<arg>UM</arg>
<arg>US</arg>
<arg>UY</arg>
<arg>UZ</arg>
<arg>VA</arg>
<arg>VC</arg>
<arg>VE</arg>
<arg>VG</arg>
<arg>VI</arg>
<arg>VN</arg>
<arg>VU</arg>
<arg>WF</arg>
<arg>WS</arg>
<arg>XK</arg>
<arg>YE</arg>
<arg>YT</arg>
<arg>ZA</arg>
<arg>ZM</arg>
<arg>ZW</arg>
<doc>Returns a list containing given items.</doc>
<status status="PASS" start="2024-06-24T08:19:20.130165" elapsed="0.000618"/>
</kw>
<kw name="List Should Contain Value" owner="Collections">
<arg>${list_country}</arg>
<arg>${name_country}</arg>
<doc>Fails if the ``value`` is not found from ``list``.</doc>
<status status="PASS" start="2024-06-24T08:19:20.131605" elapsed="0.000203"/>
</kw>
<kw name="Run Keyword If" owner="BuiltIn">
<kw name="Should Be True" owner="BuiltIn">
<arg>${True}</arg>
<doc>Fails if the given condition is not true.</doc>
<status status="PASS" start="2024-06-24T08:19:20.132756" elapsed="0.000140"/>
</kw>
<arg>${json_data["results"][0]["location"]["coordinates"]["latitude"]} &gt;= -90 and ${json_data["results"][0]["location"]["coordinates"]["latitude"]} &lt;= 90</arg>
<arg>Should Be True</arg>
<arg>${True}</arg>
<doc>Runs the given keyword with the given arguments, if ``condition`` is true.</doc>
<status status="PASS" start="2024-06-24T08:19:20.132009" elapsed="0.001011"/>
</kw>
<kw name="Run Keyword If" owner="BuiltIn">
<kw name="Should Be True" owner="BuiltIn">
<arg>${True}</arg>
<doc>Fails if the given condition is not true.</doc>
<status status="PASS" start="2024-06-24T08:19:20.133881" elapsed="0.000240"/>
</kw>
<arg>${json_data["results"][0]["location"]["coordinates"]["longitude"]} &gt;= -180 and ${json_data["results"][0]["location"]["coordinates"]["longitude"]} &lt;= 180</arg>
<arg>Should Be True</arg>
<arg>${True}</arg>
<doc>Runs the given keyword with the given arguments, if ``condition`` is true.</doc>
<status status="PASS" start="2024-06-24T08:19:20.133197" elapsed="0.001052"/>
</kw>
<status status="PASS" start="2024-06-24T08:19:20.023979" elapsed="0.110403"/>
</kw>
<doc>Testa o conteúdo específico dos campos retornados pela API.</doc>
<tag>testeConteudo</tag>
<status status="PASS" start="2024-06-24T08:19:20.023401" elapsed="0.111133"/>
</test>
<status status="PASS" start="2024-06-24T08:19:19.180246" elapsed="0.956339"/>
</suite>
<status status="PASS" start="2024-06-24T08:19:19.165552" elapsed="0.976164"/>
</suite>
<statistics>
<total>
<stat pass="5" fail="0" skip="0">All Tests</stat>
</total>
<tag>
<stat pass="1" fail="0" skip="0">testeConteudo</stat>
<stat pass="1" fail="0" skip="0">testeEstruturaResposta</stat>
<stat pass="1" fail="0" skip="0">testeRequisicaoBasica</stat>
<stat pass="1" fail="0" skip="0">testeTiposDados</stat>
</tag>
<suite>
<stat pass="5" fail="0" skip="0" id="s1" name="Tests">Tests</stat>
<stat pass="5" fail="0" skip="0" id="s1-s1" name="Random-User-Test">Tests.Random-User-Test</stat>
</suite>
</statistics>
<errors>
</errors>
</robot>
