<?xml version="1.0" encoding="UTF-8"?>
<robot generator="Robot 7.0 (Python 3.12.3 on linux)" generated="2024-05-30T12:27:46.529955" rpa="false" schemaversion="5">
<suite id="s1" name="Tests" source="/home/runner/work/ApiRandomUser/ApiRandomUser/RamdonUser/tests">
<suite id="s1-s1" name="Random-User-Test" source="/home/runner/work/ApiRandomUser/ApiRandomUser/RamdonUser/tests/random-user-test.robot">
<test id="s1-s1-t1" name="Conectar" line="13">
<kw name="Conectar API" owner="random-user-service">
<kw name="Create Session" owner="RequestsLibrary">
<msg time="2024-05-30T12:27:46.925043" level="INFO">Creating Session using : alias=consultarAPI, url=https://randomuser.me/, headers={},                     cookies={}, auth=None, timeout=None, proxies=None, verify=False,                     debug=0 </msg>
<arg>consultarAPI</arg>
<arg>${URL}</arg>
<doc>Create Session: create a HTTP session to a server</doc>
<status status="PASS" start="2024-05-30T12:27:46.924823" elapsed="0.000418"/>
</kw>
<status status="PASS" start="2024-05-30T12:27:46.923686" elapsed="0.001934"/>
</kw>
<status status="PASS" start="2024-05-30T12:27:46.922989" elapsed="0.002834"/>
</test>
<test id="s1-s1-t2" name="Validar retorno 200 e JSON Válido" line="16">
<kw name="Teste de Requisicao Basica" owner="random-user-service">
<kw name="GET On Session" owner="RequestsLibrary">
<msg time="2024-05-30T12:27:47.005145" level="INFO">GET Request : url=https://randomuser.me/api 
 path_url=/api 
 headers={'User-Agent': 'python-requests/2.32.3', 'Accept-Encoding': 'gzip, deflate', 'Accept': '*/*', 'Connection': 'keep-alive'} 
 body=None 
 </msg>
<msg time="2024-05-30T12:27:47.005286" level="INFO">GET Response : url=https://randomuser.me/api 
 status=200, reason=OK 
 headers={'Date': 'Thu, 30 May 2024 12:27:47 GMT', 'Content-Type': 'application/json; charset=utf-8', 'Transfer-Encoding': 'chunked', 'Connection': 'keep-alive', 'X-Powered-By': 'Express', 'Access-Control-Allow-Origin': '*', 'Cache-Control': 'no-cache', 'ETag': 'W/"4a7-gdzsgwPhjrYXZLBfOSFpMvKnYNQ"', 'Vary': 'Accept-Encoding', 'Content-Encoding': 'gzip', 'CF-Cache-Status': 'DYNAMIC', 'Report-To': '{"endpoints":[{"url":"https:\\/\\/a.nel.cloudflare.com\\/report\\/v4?s=w6wnYCWCPAVdruMLvInZfyMTUQ8u4s3mru8gH2vhIs18xwoxmKcHSKBZ5EGKoAJ12n6XZdnnWPgqmlp9um5fuRRyv8TFt5vtY5T6UZZr25tTBPWQLOQH1cis3Y%2BYO3lJ"}],"group":"cf-nel","max_age":604800}', 'NEL': '{"success_fraction":0,"report_to":"cf-nel","max_age":604800}', 'Server': 'cloudflare', 'CF-RAY': '88beb8628cb920bd-IAD', 'alt-svc': 'h3=":443"; ma=86400'} 
 body={"results":[{"gender":"female","name":{"title":"Ms","first":"Gabriella","last":"Mills"},"location":{"street":{"number":4055,"name":"Nowlin Rd"},"city":"Jacksonville","state":"Kansas","country":"United States","postcode":64622,"coordinates":{"latitude":"85.8638","longitude":"71.8520"},"timezone":{"offset":"-6:00","description":"Central Time (US &amp; Canada), Mexico City"}},"email":"gabriella.mills@example.com","login":{"uuid":"59a36874-91f9-4b15-926f-b041a98baf9b","username":"yellowpeacock103","password":"golfer1","salt":"g8LUfwfj","md5":"e9c252a4c222998d92ee83e40374ebb0","sha1":"f741b2ba09cb10ee8d386a88c7224000eec11087","sha256":"b063fce0ca5e01f63d6367ba6eab4a62249965bb7ffea11d9fadc19cae78c7ae"},"dob":{"date":"1959-07-25T00:30:23.597Z","age":64},"registered":{"date":"2004-09-01T21:38:45.791Z","age":19},"phone":"(657) 795-7797","cell":"(789) 495-5213","id":{"name":"SSN","value":"192-54-9789"},"picture":{"large":"https://randomuser.me/api/portraits/women/64.jpg","medium":"https://randomuser.me/api/portraits/med/women/64.jpg","thumbnail":"https://randomuser.me/api/portraits/thumb/women/64.jpg"},"nat":"US"}],"info":{"seed":"d231d3ede6edbef9","results":1,"page":1,"version":"1.4"}} 
 </msg>
<msg time="2024-05-30T12:27:47.005366" level="INFO">/opt/hostedtoolcache/Python/3.12.3/x64/lib/python3.12/site-packages/urllib3/connectionpool.py:1103: InsecureRequestWarning: Unverified HTTPS request is being made to host 'randomuser.me'. Adding certificate verification is strongly advised. See: https://urllib3.readthedocs.io/en/latest/advanced-usage.html#tls-warnings
  warnings.warn(</msg>
<msg time="2024-05-30T12:27:47.005514" level="INFO">${response} = &lt;Response [200]&gt;</msg>
<var>${response}</var>
<arg>consultarAPI</arg>
<arg>/api</arg>
<doc>Sends a GET request on a previously created HTTP Session.</doc>
<status status="PASS" start="2024-05-30T12:27:46.928591" elapsed="0.076963"/>
</kw>
<kw name="Should Be Equal As Numbers" owner="BuiltIn">
<msg time="2024-05-30T12:27:47.006628" level="INFO">Argument types are:
&lt;class 'int'&gt;
&lt;class 'str'&gt;</msg>
<arg>${response.status_code}</arg>
<arg>200</arg>
<doc>Fails if objects are unequal after converting them to real numbers.</doc>
<status status="PASS" start="2024-05-30T12:27:47.006155" elapsed="0.000542"/>
</kw>
<kw name="Log" owner="BuiltIn">
<msg time="2024-05-30T12:27:47.007427" level="INFO">200</msg>
<arg>${response.status_code}</arg>
<doc>Logs the given message with the given level.</doc>
<status status="PASS" start="2024-05-30T12:27:47.007069" elapsed="0.000406"/>
</kw>
<kw name="Set Variable" owner="BuiltIn">
<msg time="2024-05-30T12:27:47.008280" level="INFO">${json_data} = {'results': [{'gender': 'female', 'name': {'title': 'Ms', 'first': 'Gabriella', 'last': 'Mills'}, 'location': {'street': {'number': 4055, 'name': 'Nowlin Rd'}, 'city': 'Jacksonville', 'state': 'Kansas...</msg>
<var>${json_data}</var>
<arg>${response.json()}</arg>
<doc>Returns the given values which can then be assigned to a variables.</doc>
<status status="PASS" start="2024-05-30T12:27:47.007828" elapsed="0.000487"/>
</kw>
<kw name="Dictionary Should Contain Key" owner="Collections">
<msg time="2024-05-30T12:27:47.008806" level="INFO">False</msg>
<arg>${json_data}</arg>
<arg>results</arg>
<doc>Fails if ``key`` is not found from ``dictionary``.</doc>
<status status="PASS" start="2024-05-30T12:27:47.008627" elapsed="0.000379"/>
</kw>
<status status="PASS" start="2024-05-30T12:27:46.928333" elapsed="0.080941"/>
</kw>
<doc>Testa se a API responde corretamente e retorna um objeto JSON válido.</doc>
<tag>testeRequisicaoBasica</tag>
<status status="PASS" start="2024-05-30T12:27:46.927765" elapsed="0.081697"/>
</test>
<test id="s1-s1-t3" name="Validar estrutura de resposta" line="22">
<kw name="Teste de Estrutura de Resposta" owner="random-user-service">
<kw name="GET On Session" owner="RequestsLibrary">
<msg time="2024-05-30T12:27:47.102375" level="INFO">GET Request : url=https://randomuser.me/api 
 path_url=/api 
 headers={'User-Agent': 'python-requests/2.32.3', 'Accept-Encoding': 'gzip, deflate', 'Accept': '*/*', 'Connection': 'keep-alive'} 
 body=None 
 </msg>
<msg time="2024-05-30T12:27:47.102469" level="INFO">GET Response : url=https://randomuser.me/api 
 status=200, reason=OK 
 headers={'Date': 'Thu, 30 May 2024 12:27:47 GMT', 'Content-Type': 'application/json; charset=utf-8', 'Transfer-Encoding': 'chunked', 'Connection': 'keep-alive', 'X-Powered-By': 'Express', 'Access-Control-Allow-Origin': '*', 'Cache-Control': 'no-cache', 'ETag': 'W/"494-U4PmsxWWxAKdAU6H+k/8KeQP1bA"', 'Vary': 'Accept-Encoding', 'Content-Encoding': 'gzip', 'CF-Cache-Status': 'DYNAMIC', 'Report-To': '{"endpoints":[{"url":"https:\\/\\/a.nel.cloudflare.com\\/report\\/v4?s=tIJdft58%2Fifsl7YzyZ9rWKZRJrJ7S9EAgakJE6mkPLaBicZ9s3%2FZg13pxdZCrtwx2bfw4Cz%2BHtuLDOaxYsrTK2fezHnr3%2BRXSaCpsJBCGMfrsHmv%2FFkGRHt5YCRUa7s0"}],"group":"cf-nel","max_age":604800}', 'NEL': '{"success_fraction":0,"report_to":"cf-nel","max_age":604800}', 'Server': 'cloudflare', 'CF-RAY': '88beb862dd1820bd-IAD', 'alt-svc': 'h3=":443"; ma=86400'} 
 body={"results":[{"gender":"female","name":{"title":"Miss","first":"Hilla","last":"Halonen"},"location":{"street":{"number":6339,"name":"Hermiankatu"},"city":"Tornio","state":"North Karelia","country":"Finland","postcode":13072,"coordinates":{"latitude":"-24.2615","longitude":"124.1040"},"timezone":{"offset":"+7:00","description":"Bangkok, Hanoi, Jakarta"}},"email":"hilla.halonen@example.com","login":{"uuid":"410da3e5-0519-41bb-867f-6223e2bed06d","username":"yellowgorilla257","password":"jesse","salt":"whIdTRbB","md5":"cd06bd22178dafdd3494d89c563aa13a","sha1":"1c7172d433359b105d34f01ee0676d36b23dc151","sha256":"36492d8bafb28f5e473d1edbda79214fffbf39bcdedb9c6596d082df4f858164"},"dob":{"date":"1953-01-18T10:23:09.113Z","age":71},"registered":{"date":"2006-08-12T12:04:01.988Z","age":17},"phone":"03-698-038","cell":"046-780-82-39","id":{"name":"HETU","value":"NaNNA416undefined"},"picture":{"large":"https://randomuser.me/api/portraits/women/87.jpg","medium":"https://randomuser.me/api/portraits/med/women/87.jpg","thumbnail":"https://randomuser.me/api/portraits/thumb/women/87.jpg"},"nat":"FI"}],"info":{"seed":"338e454587462b2c","results":1,"page":1,"version":"1.4"}} 
 </msg>
<msg time="2024-05-30T12:27:47.102588" level="INFO">/opt/hostedtoolcache/Python/3.12.3/x64/lib/python3.12/site-packages/urllib3/connectionpool.py:1103: InsecureRequestWarning: Unverified HTTPS request is being made to host 'randomuser.me'. Adding certificate verification is strongly advised. See: https://urllib3.readthedocs.io/en/latest/advanced-usage.html#tls-warnings
  warnings.warn(</msg>
<msg time="2024-05-30T12:27:47.102730" level="INFO">${response} = &lt;Response [200]&gt;</msg>
<var>${response}</var>
<arg>consultarAPI</arg>
<arg>/api</arg>
<doc>Sends a GET request on a previously created HTTP Session.</doc>
<status status="PASS" start="2024-05-30T12:27:47.012201" elapsed="0.090579"/>
</kw>
<kw name="Set Variable" owner="BuiltIn">
<msg time="2024-05-30T12:27:47.103951" level="INFO">${json_data} = {'results': [{'gender': 'female', 'name': {'title': 'Miss', 'first': 'Hilla', 'last': 'Halonen'}, 'location': {'street': {'number': 6339, 'name': 'Hermiankatu'}, 'city': 'Tornio', 'state': 'North Kare...</msg>
<var>${json_data}</var>
<arg>${response.json()}</arg>
<doc>Returns the given values which can then be assigned to a variables.</doc>
<status status="PASS" start="2024-05-30T12:27:47.103351" elapsed="0.000630"/>
</kw>
<kw name="Log" owner="BuiltIn">
<msg time="2024-05-30T12:27:47.104484" level="INFO">{'results': [{'gender': 'female', 'name': {'title': 'Miss', 'first': 'Hilla', 'last': 'Halonen'}, 'location': {'street': {'number': 6339, 'name': 'Hermiankatu'}, 'city': 'Tornio', 'state': 'North Karelia', 'country': 'Finland', 'postcode': 13072, 'coordinates': {'latitude': '-24.2615', 'longitude': '124.1040'}, 'timezone': {'offset': '+7:00', 'description': 'Bangkok, Hanoi, Jakarta'}}, 'email': 'hilla.halonen@example.com', 'login': {'uuid': '410da3e5-0519-41bb-867f-6223e2bed06d', 'username': 'yellowgorilla257', 'password': 'jesse', 'salt': 'whIdTRbB', 'md5': 'cd06bd22178dafdd3494d89c563aa13a', 'sha1': '1c7172d433359b105d34f01ee0676d36b23dc151', 'sha256': '36492d8bafb28f5e473d1edbda79214fffbf39bcdedb9c6596d082df4f858164'}, 'dob': {'date': '1953-01-18T10:23:09.113Z', 'age': 71}, 'registered': {'date': '2006-08-12T12:04:01.988Z', 'age': 17}, 'phone': '03-698-038', 'cell': '046-780-82-39', 'id': {'name': 'HETU', 'value': 'NaNNA416undefined'}, 'picture': {'large': 'https://randomuser.me/api/portraits/women/87.jpg', 'medium': 'https://randomuser.me/api/portraits/med/women/87.jpg', 'thumbnail': 'https://randomuser.me/api/portraits/thumb/women/87.jpg'}, 'nat': 'FI'}], 'info': {'seed': '338e454587462b2c', 'results': 1, 'page': 1, 'version': '1.4'}}</msg>
<arg>${json_data}</arg>
<doc>Logs the given message with the given level.</doc>
<status status="PASS" start="2024-05-30T12:27:47.104318" elapsed="0.000216"/>
</kw>
<kw name="Dictionary Should Contain Key" owner="Collections">
<msg time="2024-05-30T12:27:47.105000" level="INFO">False</msg>
<arg>${json_data}</arg>
<arg>results</arg>
<doc>Fails if ``key`` is not found from ``dictionary``.</doc>
<status status="PASS" start="2024-05-30T12:27:47.104839" elapsed="0.000199"/>
</kw>
<kw name="Should Not Be Empty" owner="BuiltIn">
<msg time="2024-05-30T12:27:47.105475" level="INFO">Length is 2.</msg>
<arg>${json_data}</arg>
<doc>Verifies that the given item is not empty.</doc>
<status status="PASS" start="2024-05-30T12:27:47.105334" elapsed="0.000180"/>
</kw>
<kw name="Create List" owner="BuiltIn">
<msg time="2024-05-30T12:27:47.105967" level="INFO">${expected_keys} = ['gender', 'name', 'location', 'email', 'login']</msg>
<var>${expected_keys}</var>
<arg>gender</arg>
<arg>name</arg>
<arg>location</arg>
<arg>email</arg>
<arg>login</arg>
<doc>Returns a list containing given items.</doc>
<status status="PASS" start="2024-05-30T12:27:47.105809" elapsed="0.000182"/>
</kw>
<for flavor="IN">
<iter>
<kw name="Dictionary Should Contain Key" owner="Collections">
<msg time="2024-05-30T12:27:47.106999" level="INFO">False</msg>
<arg>${json_data['results'][0]}</arg>
<arg>${key}</arg>
<doc>Fails if ``key`` is not found from ``dictionary``.</doc>
<status status="PASS" start="2024-05-30T12:27:47.106584" elapsed="0.000459"/>
</kw>
<kw name="Log" owner="BuiltIn">
<msg time="2024-05-30T12:27:47.107734" level="INFO">{'gender': 'female', 'name': {'title': 'Miss', 'first': 'Hilla', 'last': 'Halonen'}, 'location': {'street': {'number': 6339, 'name': 'Hermiankatu'}, 'city': 'Tornio', 'state': 'North Karelia', 'country': 'Finland', 'postcode': 13072, 'coordinates': {'latitude': '-24.2615', 'longitude': '124.1040'}, 'timezone': {'offset': '+7:00', 'description': 'Bangkok, Hanoi, Jakarta'}}, 'email': 'hilla.halonen@example.com', 'login': {'uuid': '410da3e5-0519-41bb-867f-6223e2bed06d', 'username': 'yellowgorilla257', 'password': 'jesse', 'salt': 'whIdTRbB', 'md5': 'cd06bd22178dafdd3494d89c563aa13a', 'sha1': '1c7172d433359b105d34f01ee0676d36b23dc151', 'sha256': '36492d8bafb28f5e473d1edbda79214fffbf39bcdedb9c6596d082df4f858164'}, 'dob': {'date': '1953-01-18T10:23:09.113Z', 'age': 71}, 'registered': {'date': '2006-08-12T12:04:01.988Z', 'age': 17}, 'phone': '03-698-038', 'cell': '046-780-82-39', 'id': {'name': 'HETU', 'value': 'NaNNA416undefined'}, 'picture': {'large': 'https://randomuser.me/api/portraits/women/87.jpg', 'medium': 'https://randomuser.me/api/portraits/med/women/87.jpg', 'thumbnail': 'https://randomuser.me/api/portraits/thumb/women/87.jpg'}, 'nat': 'FI'}</msg>
<arg>${json_data['results'][0]}</arg>
<doc>Logs the given message with the given level.</doc>
<status status="PASS" start="2024-05-30T12:27:47.107347" elapsed="0.000442"/>
</kw>
<kw name="Log" owner="BuiltIn">
<msg time="2024-05-30T12:27:47.108229" level="INFO">gender</msg>
<arg>${key}</arg>
<doc>Logs the given message with the given level.</doc>
<status status="PASS" start="2024-05-30T12:27:47.108096" elapsed="0.000172"/>
</kw>
<var name="${key}">gender</var>
<status status="PASS" start="2024-05-30T12:27:47.106455" elapsed="0.002032"/>
</iter>
<iter>
<kw name="Dictionary Should Contain Key" owner="Collections">
<msg time="2024-05-30T12:27:47.109188" level="INFO">False</msg>
<arg>${json_data['results'][0]}</arg>
<arg>${key}</arg>
<doc>Fails if ``key`` is not found from ``dictionary``.</doc>
<status status="PASS" start="2024-05-30T12:27:47.108796" elapsed="0.000430"/>
</kw>
<kw name="Log" owner="BuiltIn">
<msg time="2024-05-30T12:27:47.109913" level="INFO">{'gender': 'female', 'name': {'title': 'Miss', 'first': 'Hilla', 'last': 'Halonen'}, 'location': {'street': {'number': 6339, 'name': 'Hermiankatu'}, 'city': 'Tornio', 'state': 'North Karelia', 'country': 'Finland', 'postcode': 13072, 'coordinates': {'latitude': '-24.2615', 'longitude': '124.1040'}, 'timezone': {'offset': '+7:00', 'description': 'Bangkok, Hanoi, Jakarta'}}, 'email': 'hilla.halonen@example.com', 'login': {'uuid': '410da3e5-0519-41bb-867f-6223e2bed06d', 'username': 'yellowgorilla257', 'password': 'jesse', 'salt': 'whIdTRbB', 'md5': 'cd06bd22178dafdd3494d89c563aa13a', 'sha1': '1c7172d433359b105d34f01ee0676d36b23dc151', 'sha256': '36492d8bafb28f5e473d1edbda79214fffbf39bcdedb9c6596d082df4f858164'}, 'dob': {'date': '1953-01-18T10:23:09.113Z', 'age': 71}, 'registered': {'date': '2006-08-12T12:04:01.988Z', 'age': 17}, 'phone': '03-698-038', 'cell': '046-780-82-39', 'id': {'name': 'HETU', 'value': 'NaNNA416undefined'}, 'picture': {'large': 'https://randomuser.me/api/portraits/women/87.jpg', 'medium': 'https://randomuser.me/api/portraits/med/women/87.jpg', 'thumbnail': 'https://randomuser.me/api/portraits/thumb/women/87.jpg'}, 'nat': 'FI'}</msg>
<arg>${json_data['results'][0]}</arg>
<doc>Logs the given message with the given level.</doc>
<status status="PASS" start="2024-05-30T12:27:47.109553" elapsed="0.000409"/>
</kw>
<kw name="Log" owner="BuiltIn">
<msg time="2024-05-30T12:27:47.110390" level="INFO">name</msg>
<arg>${key}</arg>
<doc>Logs the given message with the given level.</doc>
<status status="PASS" start="2024-05-30T12:27:47.110260" elapsed="0.000168"/>
</kw>
<var name="${key}">name</var>
<status status="PASS" start="2024-05-30T12:27:47.108680" elapsed="0.001970"/>
</iter>
<iter>
<kw name="Dictionary Should Contain Key" owner="Collections">
<msg time="2024-05-30T12:27:47.111320" level="INFO">False</msg>
<arg>${json_data['results'][0]}</arg>
<arg>${key}</arg>
<doc>Fails if ``key`` is not found from ``dictionary``.</doc>
<status status="PASS" start="2024-05-30T12:27:47.110944" elapsed="0.000413"/>
</kw>
<kw name="Log" owner="BuiltIn">
<msg time="2024-05-30T12:27:47.112066" level="INFO">{'gender': 'female', 'name': {'title': 'Miss', 'first': 'Hilla', 'last': 'Halonen'}, 'location': {'street': {'number': 6339, 'name': 'Hermiankatu'}, 'city': 'Tornio', 'state': 'North Karelia', 'country': 'Finland', 'postcode': 13072, 'coordinates': {'latitude': '-24.2615', 'longitude': '124.1040'}, 'timezone': {'offset': '+7:00', 'description': 'Bangkok, Hanoi, Jakarta'}}, 'email': 'hilla.halonen@example.com', 'login': {'uuid': '410da3e5-0519-41bb-867f-6223e2bed06d', 'username': 'yellowgorilla257', 'password': 'jesse', 'salt': 'whIdTRbB', 'md5': 'cd06bd22178dafdd3494d89c563aa13a', 'sha1': '1c7172d433359b105d34f01ee0676d36b23dc151', 'sha256': '36492d8bafb28f5e473d1edbda79214fffbf39bcdedb9c6596d082df4f858164'}, 'dob': {'date': '1953-01-18T10:23:09.113Z', 'age': 71}, 'registered': {'date': '2006-08-12T12:04:01.988Z', 'age': 17}, 'phone': '03-698-038', 'cell': '046-780-82-39', 'id': {'name': 'HETU', 'value': 'NaNNA416undefined'}, 'picture': {'large': 'https://randomuser.me/api/portraits/women/87.jpg', 'medium': 'https://randomuser.me/api/portraits/med/women/87.jpg', 'thumbnail': 'https://randomuser.me/api/portraits/thumb/women/87.jpg'}, 'nat': 'FI'}</msg>
<arg>${json_data['results'][0]}</arg>
<doc>Logs the given message with the given level.</doc>
<status status="PASS" start="2024-05-30T12:27:47.111664" elapsed="0.000452"/>
</kw>
<kw name="Log" owner="BuiltIn">
<msg time="2024-05-30T12:27:47.112542" level="INFO">location</msg>
<arg>${key}</arg>
<doc>Logs the given message with the given level.</doc>
<status status="PASS" start="2024-05-30T12:27:47.112416" elapsed="0.000163"/>
</kw>
<var name="${key}">location</var>
<status status="PASS" start="2024-05-30T12:27:47.110831" elapsed="0.001962"/>
</iter>
<iter>
<kw name="Dictionary Should Contain Key" owner="Collections">
<msg time="2024-05-30T12:27:47.113564" level="INFO">False</msg>
<arg>${json_data['results'][0]}</arg>
<arg>${key}</arg>
<doc>Fails if ``key`` is not found from ``dictionary``.</doc>
<status status="PASS" start="2024-05-30T12:27:47.113076" elapsed="0.000526"/>
</kw>
<kw name="Log" owner="BuiltIn">
<msg time="2024-05-30T12:27:47.114259" level="INFO">{'gender': 'female', 'name': {'title': 'Miss', 'first': 'Hilla', 'last': 'Halonen'}, 'location': {'street': {'number': 6339, 'name': 'Hermiankatu'}, 'city': 'Tornio', 'state': 'North Karelia', 'country': 'Finland', 'postcode': 13072, 'coordinates': {'latitude': '-24.2615', 'longitude': '124.1040'}, 'timezone': {'offset': '+7:00', 'description': 'Bangkok, Hanoi, Jakarta'}}, 'email': 'hilla.halonen@example.com', 'login': {'uuid': '410da3e5-0519-41bb-867f-6223e2bed06d', 'username': 'yellowgorilla257', 'password': 'jesse', 'salt': 'whIdTRbB', 'md5': 'cd06bd22178dafdd3494d89c563aa13a', 'sha1': '1c7172d433359b105d34f01ee0676d36b23dc151', 'sha256': '36492d8bafb28f5e473d1edbda79214fffbf39bcdedb9c6596d082df4f858164'}, 'dob': {'date': '1953-01-18T10:23:09.113Z', 'age': 71}, 'registered': {'date': '2006-08-12T12:04:01.988Z', 'age': 17}, 'phone': '03-698-038', 'cell': '046-780-82-39', 'id': {'name': 'HETU', 'value': 'NaNNA416undefined'}, 'picture': {'large': 'https://randomuser.me/api/portraits/women/87.jpg', 'medium': 'https://randomuser.me/api/portraits/med/women/87.jpg', 'thumbnail': 'https://randomuser.me/api/portraits/thumb/women/87.jpg'}, 'nat': 'FI'}</msg>
<arg>${json_data['results'][0]}</arg>
<doc>Logs the given message with the given level.</doc>
<status status="PASS" start="2024-05-30T12:27:47.113903" elapsed="0.000404"/>
</kw>
<kw name="Log" owner="BuiltIn">
<msg time="2024-05-30T12:27:47.114734" level="INFO">email</msg>
<arg>${key}</arg>
<doc>Logs the given message with the given level.</doc>
<status status="PASS" start="2024-05-30T12:27:47.114604" elapsed="0.000167"/>
</kw>
<var name="${key}">email</var>
<status status="PASS" start="2024-05-30T12:27:47.112966" elapsed="0.002021"/>
</iter>
<iter>
<kw name="Dictionary Should Contain Key" owner="Collections">
<msg time="2024-05-30T12:27:47.115655" level="INFO">False</msg>
<arg>${json_data['results'][0]}</arg>
<arg>${key}</arg>
<doc>Fails if ``key`` is not found from ``dictionary``.</doc>
<status status="PASS" start="2024-05-30T12:27:47.115275" elapsed="0.000416"/>
</kw>
<kw name="Log" owner="BuiltIn">
<msg time="2024-05-30T12:27:47.116393" level="INFO">{'gender': 'female', 'name': {'title': 'Miss', 'first': 'Hilla', 'last': 'Halonen'}, 'location': {'street': {'number': 6339, 'name': 'Hermiankatu'}, 'city': 'Tornio', 'state': 'North Karelia', 'country': 'Finland', 'postcode': 13072, 'coordinates': {'latitude': '-24.2615', 'longitude': '124.1040'}, 'timezone': {'offset': '+7:00', 'description': 'Bangkok, Hanoi, Jakarta'}}, 'email': 'hilla.halonen@example.com', 'login': {'uuid': '410da3e5-0519-41bb-867f-6223e2bed06d', 'username': 'yellowgorilla257', 'password': 'jesse', 'salt': 'whIdTRbB', 'md5': 'cd06bd22178dafdd3494d89c563aa13a', 'sha1': '1c7172d433359b105d34f01ee0676d36b23dc151', 'sha256': '36492d8bafb28f5e473d1edbda79214fffbf39bcdedb9c6596d082df4f858164'}, 'dob': {'date': '1953-01-18T10:23:09.113Z', 'age': 71}, 'registered': {'date': '2006-08-12T12:04:01.988Z', 'age': 17}, 'phone': '03-698-038', 'cell': '046-780-82-39', 'id': {'name': 'HETU', 'value': 'NaNNA416undefined'}, 'picture': {'large': 'https://randomuser.me/api/portraits/women/87.jpg', 'medium': 'https://randomuser.me/api/portraits/med/women/87.jpg', 'thumbnail': 'https://randomuser.me/api/portraits/thumb/women/87.jpg'}, 'nat': 'FI'}</msg>
<arg>${json_data['results'][0]}</arg>
<doc>Logs the given message with the given level.</doc>
<status status="PASS" start="2024-05-30T12:27:47.116040" elapsed="0.000402"/>
</kw>
<kw name="Log" owner="BuiltIn">
<msg time="2024-05-30T12:27:47.116859" level="INFO">login</msg>
<arg>${key}</arg>
<doc>Logs the given message with the given level.</doc>
<status status="PASS" start="2024-05-30T12:27:47.116732" elapsed="0.000166"/>
</kw>
<var name="${key}">login</var>
<status status="PASS" start="2024-05-30T12:27:47.115163" elapsed="0.001976"/>
</iter>
<var>${key}</var>
<value>@{expected_keys}</value>
<status status="PASS" start="2024-05-30T12:27:47.106257" elapsed="0.011008"/>
</for>
<kw name="Create List" owner="BuiltIn">
<msg time="2024-05-30T12:27:47.117605" level="INFO">${expected_keysTwo} = ['username', 'password']</msg>
<var>${expected_keysTwo}</var>
<arg>username</arg>
<arg>password</arg>
<doc>Returns a list containing given items.</doc>
<status status="PASS" start="2024-05-30T12:27:47.117462" elapsed="0.000167"/>
</kw>
<for flavor="IN">
<iter>
<kw name="Dictionary Should Contain Key" owner="Collections">
<msg time="2024-05-30T12:27:47.118518" level="INFO">False</msg>
<arg>${json_data['results'][0]['login']}</arg>
<arg>${keyTwo}</arg>
<doc>Fails if ``key`` is not found from ``dictionary``.</doc>
<status status="PASS" start="2024-05-30T12:27:47.118134" elapsed="0.000420"/>
</kw>
<kw name="Dictionary Should Contain Key" owner="Collections">
<msg time="2024-05-30T12:27:47.119236" level="INFO">False</msg>
<arg>${json_data['results'][0]['login']}</arg>
<arg>${keyTwo}</arg>
<doc>Fails if ``key`` is not found from ``dictionary``.</doc>
<status status="PASS" start="2024-05-30T12:27:47.118853" elapsed="0.000420"/>
</kw>
<kw name="Log" owner="BuiltIn">
<msg time="2024-05-30T12:27:47.119717" level="INFO">username</msg>
<arg>${keyTwo}</arg>
<doc>Logs the given message with the given level.</doc>
<status status="PASS" start="2024-05-30T12:27:47.119569" elapsed="0.000190"/>
</kw>
<var name="${keyTwo}">username</var>
<status status="PASS" start="2024-05-30T12:27:47.118022" elapsed="0.001972"/>
</iter>
<iter>
<kw name="Dictionary Should Contain Key" owner="Collections">
<msg time="2024-05-30T12:27:47.120667" level="INFO">False</msg>
<arg>${json_data['results'][0]['login']}</arg>
<arg>${keyTwo}</arg>
<doc>Fails if ``key`` is not found from ``dictionary``.</doc>
<status status="PASS" start="2024-05-30T12:27:47.120288" elapsed="0.000416"/>
</kw>
<kw name="Dictionary Should Contain Key" owner="Collections">
<msg time="2024-05-30T12:27:47.121415" level="INFO">False</msg>
<arg>${json_data['results'][0]['login']}</arg>
<arg>${keyTwo}</arg>
<doc>Fails if ``key`` is not found from ``dictionary``.</doc>
<status status="PASS" start="2024-05-30T12:27:47.121031" elapsed="0.000421"/>
</kw>
<kw name="Log" owner="BuiltIn">
<msg time="2024-05-30T12:27:47.121873" level="INFO">password</msg>
<arg>${keyTwo}</arg>
<doc>Logs the given message with the given level.</doc>
<status status="PASS" start="2024-05-30T12:27:47.121745" elapsed="0.000166"/>
</kw>
<var name="${keyTwo}">password</var>
<status status="PASS" start="2024-05-30T12:27:47.120177" elapsed="0.001958"/>
</iter>
<var>${keyTwo}</var>
<value>@{expected_keysTwo}</value>
<status status="PASS" start="2024-05-30T12:27:47.117867" elapsed="0.004390"/>
</for>
<status status="PASS" start="2024-05-30T12:27:47.011954" elapsed="0.110444"/>
</kw>
<doc>Testa a estrutura da resposta da API.</doc>
<tag>testeEstruturaResposta</tag>
<status status="PASS" start="2024-05-30T12:27:47.011322" elapsed="0.111232"/>
</test>
<test id="s1-s1-t4" name="Validar tipos de dados" line="28">
<kw name="Teste de Tipos de Dados" owner="random-user-service">
<kw name="GET On Session" owner="RequestsLibrary">
<msg time="2024-05-30T12:27:47.204084" level="INFO">GET Request : url=https://randomuser.me/api 
 path_url=/api 
 headers={'User-Agent': 'python-requests/2.32.3', 'Accept-Encoding': 'gzip, deflate', 'Accept': '*/*', 'Connection': 'keep-alive'} 
 body=None 
 </msg>
<msg time="2024-05-30T12:27:47.204164" level="INFO">GET Response : url=https://randomuser.me/api 
 status=200, reason=OK 
 headers={'Date': 'Thu, 30 May 2024 12:27:47 GMT', 'Content-Type': 'application/json; charset=utf-8', 'Transfer-Encoding': 'chunked', 'Connection': 'keep-alive', 'X-Powered-By': 'Express', 'Access-Control-Allow-Origin': '*', 'Cache-Control': 'no-cache', 'ETag': 'W/"47b-uNZePM+/dhJAEqs9uw0/pJHRlQc"', 'Vary': 'Accept-Encoding', 'Content-Encoding': 'gzip', 'CF-Cache-Status': 'DYNAMIC', 'Report-To': '{"endpoints":[{"url":"https:\\/\\/a.nel.cloudflare.com\\/report\\/v4?s=Zcs6JBuiLiVwujllOesW3Urq%2BWqkwtXqCVDOADO2OkLlNOiyDn4oQBwkFvFOpZ1dAANLtpt4ubo2nx0R9L%2FQuN%2BWpjQSLf1h6yo3cr2%2BPCMXB6O2TTpdmT4%2FPn0BgaCj"}],"group":"cf-nel","max_age":604800}', 'NEL': '{"success_fraction":0,"report_to":"cf-nel","max_age":604800}', 'Server': 'cloudflare', 'CF-RAY': '88beb8638dfa20bd-IAD', 'alt-svc': 'h3=":443"; ma=86400'} 
 body={"results":[{"gender":"female","name":{"title":"Ms","first":"Melike","last":"Aclan"},"location":{"street":{"number":6929,"name":"Bağdat Cd"},"city":"Sinop","state":"Afyonkarahisar","country":"Turkey","postcode":95724,"coordinates":{"latitude":"67.0559","longitude":"133.0260"},"timezone":{"offset":"-11:00","description":"Midway Island, Samoa"}},"email":"melike.aclan@example.com","login":{"uuid":"a0c0bdb0-f4bd-4f0c-b101-2f40aeeda7b8","username":"beautifuldog977","password":"1958","salt":"rT18bYoe","md5":"031b7088d8d6fbb51c5387a194f21a6a","sha1":"ad5bae1b8617c3b1e69ae8c37e4a6879383ff5e4","sha256":"f287388c6e9de38146f45b8a086b9641c9e96325dc6bf5fe821999b3800b26e1"},"dob":{"date":"1960-05-19T22:38:19.924Z","age":64},"registered":{"date":"2002-07-04T18:12:28.520Z","age":21},"phone":"(998)-647-5541","cell":"(247)-837-3787","id":{"name":"","value":null},"picture":{"large":"https://randomuser.me/api/portraits/women/61.jpg","medium":"https://randomuser.me/api/portraits/med/women/61.jpg","thumbnail":"https://randomuser.me/api/portraits/thumb/women/61.jpg"},"nat":"TR"}],"info":{"seed":"9154a324fd072cfa","results":1,"page":1,"version":"1.4"}} 
 </msg>
<msg time="2024-05-30T12:27:47.204237" level="INFO">/opt/hostedtoolcache/Python/3.12.3/x64/lib/python3.12/site-packages/urllib3/connectionpool.py:1103: InsecureRequestWarning: Unverified HTTPS request is being made to host 'randomuser.me'. Adding certificate verification is strongly advised. See: https://urllib3.readthedocs.io/en/latest/advanced-usage.html#tls-warnings
  warnings.warn(</msg>
<msg time="2024-05-30T12:27:47.204348" level="INFO">${response} = &lt;Response [200]&gt;</msg>
<var>${response}</var>
<arg>consultarAPI</arg>
<arg>/api</arg>
<doc>Sends a GET request on a previously created HTTP Session.</doc>
<status status="PASS" start="2024-05-30T12:27:47.125182" elapsed="0.079213"/>
</kw>
<kw name="Set Variable" owner="BuiltIn">
<msg time="2024-05-30T12:27:47.205227" level="INFO">${json_data} = {'results': [{'gender': 'female', 'name': {'title': 'Ms', 'first': 'Melike', 'last': 'Aclan'}, 'location': {'street': {'number': 6929, 'name': 'Bağdat Cd'}, 'city': 'Sinop', 'state': 'Afyonkarahisar',...</msg>
<var>${json_data}</var>
<arg>${response.json()}</arg>
<doc>Returns the given values which can then be assigned to a variables.</doc>
<status status="PASS" start="2024-05-30T12:27:47.204762" elapsed="0.000499"/>
</kw>
<kw name="Log" owner="BuiltIn">
<msg time="2024-05-30T12:27:47.205732" level="INFO">{'results': [{'gender': 'female', 'name': {'title': 'Ms', 'first': 'Melike', 'last': 'Aclan'}, 'location': {'street': {'number': 6929, 'name': 'Bağdat Cd'}, 'city': 'Sinop', 'state': 'Afyonkarahisar', 'country': 'Turkey', 'postcode': 95724, 'coordinates': {'latitude': '67.0559', 'longitude': '133.0260'}, 'timezone': {'offset': '-11:00', 'description': 'Midway Island, Samoa'}}, 'email': 'melike.aclan@example.com', 'login': {'uuid': 'a0c0bdb0-f4bd-4f0c-b101-2f40aeeda7b8', 'username': 'beautifuldog977', 'password': '1958', 'salt': 'rT18bYoe', 'md5': '031b7088d8d6fbb51c5387a194f21a6a', 'sha1': 'ad5bae1b8617c3b1e69ae8c37e4a6879383ff5e4', 'sha256': 'f287388c6e9de38146f45b8a086b9641c9e96325dc6bf5fe821999b3800b26e1'}, 'dob': {'date': '1960-05-19T22:38:19.924Z', 'age': 64}, 'registered': {'date': '2002-07-04T18:12:28.520Z', 'age': 21}, 'phone': '(998)-647-5541', 'cell': '(247)-837-3787', 'id': {'name': '', 'value': None}, 'picture': {'large': 'https://randomuser.me/api/portraits/women/61.jpg', 'medium': 'https://randomuser.me/api/portraits/med/women/61.jpg', 'thumbnail': 'https://randomuser.me/api/portraits/thumb/women/61.jpg'}, 'nat': 'TR'}], 'info': {'seed': '9154a324fd072cfa', 'results': 1, 'page': 1, 'version': '1.4'}}</msg>
<arg>${json_data}</arg>
<doc>Logs the given message with the given level.</doc>
<status status="PASS" start="2024-05-30T12:27:47.205571" elapsed="0.000244"/>
</kw>
<kw name="Should Be String" owner="String">
<arg>${json_data['results'][0]['gender']}</arg>
<doc>Fails if the given ``item`` is not a string.</doc>
<status status="PASS" start="2024-05-30T12:27:47.206125" elapsed="0.000365"/>
</kw>
<kw name="Should Match Regexp" owner="BuiltIn">
<arg>${json_data['results'][0]['email']}</arg>
<arg>^[a-zA-Z0-9._%+-]+@[a-zA-Z0-9.-]+\.[a-zA-Z]{2,}$</arg>
<doc>Fails if ``string`` does not match ``pattern`` as a regular expression.</doc>
<status status="PASS" start="2024-05-30T12:27:47.206685" elapsed="0.000643"/>
</kw>
<kw name="Should Match Regexp" owner="BuiltIn">
<arg>${json_data['results'][0]['dob']['date']}</arg>
<arg>\\d{4}-\\d{2}-\\d{2}T\\d{2}:\\d{2}:\\d{2}\\.\\d{3}Z</arg>
<doc>Fails if ``string`` does not match ``pattern`` as a regular expression.</doc>
<status status="PASS" start="2024-05-30T12:27:47.207529" elapsed="0.000544"/>
</kw>
<kw name="Should Match Regexp" owner="BuiltIn">
<arg>${json_data['results'][0]['registered']['date']}</arg>
<arg>\\d{4}-\\d{2}-\\d{2}T\\d{2}:\\d{2}:\\d{2}\\.\\d{3}Z</arg>
<doc>Fails if ``string`` does not match ``pattern`` as a regular expression.</doc>
<status status="PASS" start="2024-05-30T12:27:47.208272" elapsed="0.000385"/>
</kw>
<kw name="Should Match Regexp" owner="BuiltIn">
<arg>${json_data['results'][0]['picture']['large']}</arg>
<arg>^https?://.*\.(?:png|jpe?g|gif|bmp)$</arg>
<doc>Fails if ``string`` does not match ``pattern`` as a regular expression.</doc>
<status status="PASS" start="2024-05-30T12:27:47.208848" elapsed="0.000464"/>
</kw>
<kw name="Should Match Regexp" owner="BuiltIn">
<arg>${json_data['results'][0]['picture']['medium']}</arg>
<arg>^https?://.*\.(?:png|jpe?g|gif|bmp)$</arg>
<doc>Fails if ``string`` does not match ``pattern`` as a regular expression.</doc>
<status status="PASS" start="2024-05-30T12:27:47.209502" elapsed="0.000352"/>
</kw>
<kw name="Should Match Regexp" owner="BuiltIn">
<arg>${json_data['results'][0]['picture']['thumbnail']}</arg>
<arg>^https?://.*\.(?:png|jpe?g|gif|bmp)$</arg>
<doc>Fails if ``string`` does not match ``pattern`` as a regular expression.</doc>
<status status="PASS" start="2024-05-30T12:27:47.210042" elapsed="0.000347"/>
</kw>
<kw name="Log" owner="BuiltIn">
<msg time="2024-05-30T12:27:47.210888" level="INFO">{'large': 'https://randomuser.me/api/portraits/women/61.jpg', 'medium': 'https://randomuser.me/api/portraits/med/women/61.jpg', 'thumbnail': 'https://randomuser.me/api/portraits/thumb/women/61.jpg'}</msg>
<arg>${json_data['results'][0]['picture']}</arg>
<doc>Logs the given message with the given level.</doc>
<status status="PASS" start="2024-05-30T12:27:47.210569" elapsed="0.000361"/>
</kw>
<status status="PASS" start="2024-05-30T12:27:47.124947" elapsed="0.086238"/>
</kw>
<kw name="Teste de Tipos de Dados - Postcode" owner="random-user-service">
<kw name="GET On Session" owner="RequestsLibrary">
<msg time="2024-05-30T12:27:47.306697" level="INFO">GET Request : url=https://randomuser.me/api 
 path_url=/api 
 headers={'User-Agent': 'python-requests/2.32.3', 'Accept-Encoding': 'gzip, deflate', 'Accept': '*/*', 'Connection': 'keep-alive'} 
 body=None 
 </msg>
<msg time="2024-05-30T12:27:47.306798" level="INFO">GET Response : url=https://randomuser.me/api 
 status=200, reason=OK 
 headers={'Date': 'Thu, 30 May 2024 12:27:47 GMT', 'Content-Type': 'application/json; charset=utf-8', 'Transfer-Encoding': 'chunked', 'Connection': 'keep-alive', 'X-Powered-By': 'Express', 'Access-Control-Allow-Origin': '*', 'Cache-Control': 'no-cache', 'ETag': 'W/"4ab-atsV6gKsaqFQ3aENakX6sbaoI+U"', 'Vary': 'Accept-Encoding', 'Content-Encoding': 'gzip', 'CF-Cache-Status': 'DYNAMIC', 'Report-To': '{"endpoints":[{"url":"https:\\/\\/a.nel.cloudflare.com\\/report\\/v4?s=mVmESfAJ%2BGeSYf8H6aPGlyL7iuXWmxkY42UDtiAzojVzjtaIHYtolQkIwPPF26rN%2BKNuyx1H%2BRjZR053bJPSbvWPJWJ0Ehm59lKtXfPfpiVasMCrCYt4bD32FR1M2pxf"}],"group":"cf-nel","max_age":604800}', 'NEL': '{"success_fraction":0,"report_to":"cf-nel","max_age":604800}', 'Server': 'cloudflare', 'CF-RAY': '88beb8641eb920bd-IAD', 'alt-svc': 'h3=":443"; ma=86400'} 
 body={"results":[{"gender":"male","name":{"title":"Mr","first":"محمدطاها","last":"احمدی"},"location":{"street":{"number":2550,"name":"موحد دانش"},"city":"اردبیل","state":"چهارمحال و بختیاری","country":"Iran","postcode":80958,"coordinates":{"latitude":"16.1598","longitude":"-101.5840"},"timezone":{"offset":"+4:00","description":"Abu Dhabi, Muscat, Baku, Tbilisi"}},"email":"mhmdth.hmdy@example.com","login":{"uuid":"c094a1bc-2979-4e73-a89b-30c36ce8da84","username":"organicpanda309","password":"legend","salt":"iLDM4Dm3","md5":"0fe82d85d3837067bd37a6343adcb9d0","sha1":"a81b1fffab8eb1e3bb63ff45b4c5cbf741f17dcc","sha256":"e4a9d0d764b187f2acaf6395b8bdfdf9d73e8fc7cf686edc6a9061f6d18cc51d"},"dob":{"date":"1946-06-29T08:42:08.591Z","age":77},"registered":{"date":"2018-02-15T19:57:53.079Z","age":6},"phone":"047-85865299","cell":"0960-143-9679","id":{"name":"","value":null},"picture":{"large":"https://randomuser.me/api/portraits/men/23.jpg","medium":"https://randomuser.me/api/portraits/med/men/23.jpg","thumbnail":"https://randomuser.me/api/portraits/thumb/men/23.jpg"},"nat":"IR"}],"info":{"seed":"faa9a8889aabd726","results":1,"page":1,"version":"1.4"}} 
 </msg>
<msg time="2024-05-30T12:27:47.306873" level="INFO">/opt/hostedtoolcache/Python/3.12.3/x64/lib/python3.12/site-packages/urllib3/connectionpool.py:1103: InsecureRequestWarning: Unverified HTTPS request is being made to host 'randomuser.me'. Adding certificate verification is strongly advised. See: https://urllib3.readthedocs.io/en/latest/advanced-usage.html#tls-warnings
  warnings.warn(</msg>
<msg time="2024-05-30T12:27:47.306995" level="INFO">${response} = &lt;Response [200]&gt;</msg>
<var>${response}</var>
<arg>consultarAPI</arg>
<arg>/api</arg>
<doc>Sends a GET request on a previously created HTTP Session.</doc>
<status status="PASS" start="2024-05-30T12:27:47.211625" elapsed="0.095409"/>
</kw>
<kw name="Set Variable" owner="BuiltIn">
<msg time="2024-05-30T12:27:47.308175" level="INFO">${json_data} = {'results': [{'gender': 'male', 'name': {'title': 'Mr', 'first': 'محمدطاها', 'last': 'احمدی'}, 'location': {'street': {'number': 2550, 'name': 'موحد دانش'}, 'city': 'اردبیل', 'state': 'چهارمحال و بختی...</msg>
<var>${json_data}</var>
<arg>${response.json()}</arg>
<doc>Returns the given values which can then be assigned to a variables.</doc>
<status status="PASS" start="2024-05-30T12:27:47.307578" elapsed="0.000628"/>
</kw>
<kw name="Log" owner="BuiltIn">
<msg time="2024-05-30T12:27:47.308728" level="INFO">{'results': [{'gender': 'male', 'name': {'title': 'Mr', 'first': 'محمدطاها', 'last': 'احمدی'}, 'location': {'street': {'number': 2550, 'name': 'موحد دانش'}, 'city': 'اردبیل', 'state': 'چهارمحال و بختیاری', 'country': 'Iran', 'postcode': 80958, 'coordinates': {'latitude': '16.1598', 'longitude': '-101.5840'}, 'timezone': {'offset': '+4:00', 'description': 'Abu Dhabi, Muscat, Baku, Tbilisi'}}, 'email': 'mhmdth.hmdy@example.com', 'login': {'uuid': 'c094a1bc-2979-4e73-a89b-30c36ce8da84', 'username': 'organicpanda309', 'password': 'legend', 'salt': 'iLDM4Dm3', 'md5': '0fe82d85d3837067bd37a6343adcb9d0', 'sha1': 'a81b1fffab8eb1e3bb63ff45b4c5cbf741f17dcc', 'sha256': 'e4a9d0d764b187f2acaf6395b8bdfdf9d73e8fc7cf686edc6a9061f6d18cc51d'}, 'dob': {'date': '1946-06-29T08:42:08.591Z', 'age': 77}, 'registered': {'date': '2018-02-15T19:57:53.079Z', 'age': 6}, 'phone': '047-85865299', 'cell': '0960-143-9679', 'id': {'name': '', 'value': None}, 'picture': {'large': 'https://randomuser.me/api/portraits/men/23.jpg', 'medium': 'https://randomuser.me/api/portraits/med/men/23.jpg', 'thumbnail': 'https://randomuser.me/api/portraits/thumb/men/23.jpg'}, 'nat': 'IR'}], 'info': {'seed': 'faa9a8889aabd726', 'results': 1, 'page': 1, 'version': '1.4'}}</msg>
<arg>${json_data}</arg>
<doc>Logs the given message with the given level.</doc>
<status status="PASS" start="2024-05-30T12:27:47.308556" elapsed="0.000263"/>
</kw>
<kw name="Should Be Equal As Numbers" owner="BuiltIn">
<arg>${json_data['results'][0]['location']['postcode']}</arg>
<arg>${json_data['results'][0]['location']['postcode']}</arg>
<doc>Fails if objects are unequal after converting them to real numbers.</doc>
<status status="PASS" start="2024-05-30T12:27:47.309134" elapsed="0.000638"/>
</kw>
<kw name="Log" owner="BuiltIn">
<msg time="2024-05-30T12:27:47.310317" level="INFO">80958</msg>
<arg>${json_data['results'][0]['location']['postcode']}</arg>
<doc>Logs the given message with the given level.</doc>
<status status="PASS" start="2024-05-30T12:27:47.309971" elapsed="0.000389"/>
</kw>
<status status="PASS" start="2024-05-30T12:27:47.211401" elapsed="0.099220"/>
</kw>
<doc>Testa se os tipos de dados na resposta da API estão corretos.</doc>
<tag>testeTiposDados</tag>
<status status="PASS" start="2024-05-30T12:27:47.124371" elapsed="0.186430"/>
</test>
<test id="s1-s1-t5" name="Validar conteudo" line="35">
<kw name="Teste de Tipos de Conteudo" owner="random-user-service">
<kw name="GET On Session" owner="RequestsLibrary">
<msg time="2024-05-30T12:27:47.407669" level="INFO">GET Request : url=https://randomuser.me/api 
 path_url=/api 
 headers={'User-Agent': 'python-requests/2.32.3', 'Accept-Encoding': 'gzip, deflate', 'Accept': '*/*', 'Connection': 'keep-alive'} 
 body=None 
 </msg>
<msg time="2024-05-30T12:27:47.407789" level="INFO">GET Response : url=https://randomuser.me/api 
 status=200, reason=OK 
 headers={'Date': 'Thu, 30 May 2024 12:27:47 GMT', 'Content-Type': 'application/json; charset=utf-8', 'Transfer-Encoding': 'chunked', 'Connection': 'keep-alive', 'X-Powered-By': 'Express', 'Access-Control-Allow-Origin': '*', 'Cache-Control': 'no-cache', 'ETag': 'W/"482-mFnzL2PANoBYPlLt3L2AHdQGoco"', 'Vary': 'Accept-Encoding', 'Content-Encoding': 'gzip', 'CF-Cache-Status': 'DYNAMIC', 'Report-To': '{"endpoints":[{"url":"https:\\/\\/a.nel.cloudflare.com\\/report\\/v4?s=hraD9zSoNVc4uJmWWl5Ew0fCQQbDHgOeDfshb0d2bsrOQ7H8Ti2mLbBxPQsaW8WtKuN9tDvqpadWmbY9COkvE4ZOUtvJnUI%2Fp8HEuhpBAHmmDjl126LThcK9qrSZNc%2Br"}],"group":"cf-nel","max_age":604800}', 'NEL': '{"success_fraction":0,"report_to":"cf-nel","max_age":604800}', 'Server': 'cloudflare', 'CF-RAY': '88beb864bf5220bd-IAD', 'alt-svc': 'h3=":443"; ma=86400'} 
 body={"results":[{"gender":"male","name":{"title":"Mr","first":"Ezra","last":"Lewis"},"location":{"street":{"number":2283,"name":"Tay Street"},"city":"Nelson","state":"Waikato","country":"New Zealand","postcode":83229,"coordinates":{"latitude":"51.3282","longitude":"-48.2057"},"timezone":{"offset":"-5:00","description":"Eastern Time (US &amp; Canada), Bogota, Lima"}},"email":"ezra.lewis@example.com","login":{"uuid":"5743d8dd-2d2f-49d5-ad49-81b85e3c2a9f","username":"crazymeercat587","password":"spears","salt":"jZk8K2vN","md5":"fb4cbfedc284fc3597ce8847f14b1b03","sha1":"ecd6d312318ab4ba33abf009d2b837f1fd4d3fd2","sha256":"c50b8443007dd42306c9d3c2cee3c71ff22bd83670ac55f5e8112f81a3764550"},"dob":{"date":"1949-02-18T21:25:40.166Z","age":75},"registered":{"date":"2016-08-12T18:50:48.057Z","age":7},"phone":"(392)-716-5901","cell":"(267)-279-6672","id":{"name":"","value":null},"picture":{"large":"https://randomuser.me/api/portraits/men/51.jpg","medium":"https://randomuser.me/api/portraits/med/men/51.jpg","thumbnail":"https://randomuser.me/api/portraits/thumb/men/51.jpg"},"nat":"NZ"}],"info":{"seed":"75623aff61381807","results":1,"page":1,"version":"1.4"}} 
 </msg>
<msg time="2024-05-30T12:27:47.407857" level="INFO">/opt/hostedtoolcache/Python/3.12.3/x64/lib/python3.12/site-packages/urllib3/connectionpool.py:1103: InsecureRequestWarning: Unverified HTTPS request is being made to host 'randomuser.me'. Adding certificate verification is strongly advised. See: https://urllib3.readthedocs.io/en/latest/advanced-usage.html#tls-warnings
  warnings.warn(</msg>
<msg time="2024-05-30T12:27:47.407970" level="INFO">${response} = &lt;Response [200]&gt;</msg>
<var>${response}</var>
<arg>consultarAPI</arg>
<arg>/api</arg>
<doc>Sends a GET request on a previously created HTTP Session.</doc>
<status status="PASS" start="2024-05-30T12:27:47.313439" elapsed="0.094571"/>
</kw>
<kw name="Set Variable" owner="BuiltIn">
<msg time="2024-05-30T12:27:47.409149" level="INFO">${json_data} = {'results': [{'gender': 'male', 'name': {'title': 'Mr', 'first': 'Ezra', 'last': 'Lewis'}, 'location': {'street': {'number': 2283, 'name': 'Tay Street'}, 'city': 'Nelson', 'state': 'Waikato', 'country...</msg>
<var>${json_data}</var>
<arg>${response.json()}</arg>
<doc>Returns the given values which can then be assigned to a variables.</doc>
<status status="PASS" start="2024-05-30T12:27:47.408584" elapsed="0.000594"/>
</kw>
<kw name="Set Variable" owner="BuiltIn">
<msg time="2024-05-30T12:27:47.409873" level="INFO">${name_title} = Mr</msg>
<var>${name_title}</var>
<arg>${json_data["results"][0]["name"]["title"]}</arg>
<doc>Returns the given values which can then be assigned to a variables.</doc>
<status status="PASS" start="2024-05-30T12:27:47.409490" elapsed="0.000408"/>
</kw>
<kw name="Create List" owner="BuiltIn">
<msg time="2024-05-30T12:27:47.410349" level="INFO">${allowed_titles} = ['Mr', 'Ms', 'Miss', 'Mrs', 'Madame', 'Monsieur']</msg>
<var>${allowed_titles}</var>
<arg>Mr</arg>
<arg>Ms</arg>
<arg>Miss</arg>
<arg>Mrs</arg>
<arg>Madame</arg>
<arg>Monsieur</arg>
<doc>Returns a list containing given items.</doc>
<status status="PASS" start="2024-05-30T12:27:47.410198" elapsed="0.000176"/>
</kw>
<kw name="List Should Contain Value" owner="Collections">
<msg time="2024-05-30T12:27:47.410855" level="INFO">False</msg>
<arg>${allowed_titles}</arg>
<arg>${name_title}</arg>
<doc>Fails if the ``value`` is not found from ``list``.</doc>
<status status="PASS" start="2024-05-30T12:27:47.410679" elapsed="0.000212"/>
</kw>
<kw name="Set Variable" owner="BuiltIn">
<msg time="2024-05-30T12:27:47.411771" level="INFO">${name_country} = NZ</msg>
<var>${name_country}</var>
<arg>${json_data["results"][0]["nat"]}</arg>
<doc>Returns the given values which can then be assigned to a variables.</doc>
<status status="PASS" start="2024-05-30T12:27:47.411182" elapsed="0.000616"/>
</kw>
<kw name="Create List" owner="BuiltIn">
<msg time="2024-05-30T12:27:47.412711" level="INFO">${list_country} = ['AD', 'AE', 'AF', 'AG', 'AI', 'AL', 'AM', 'AO', 'AQ', 'AR', 'AS', 'AT', 'AU', 'AW', 'AX', 'AZ', 'BA', 'BB', 'BD', 'BE', 'BF', 'BG', 'BH', 'BI', 'BJ', 'BL', 'BM', 'BN', 'BO', 'BQ', 'BR', 'BS', 'BT', '...</msg>
<var>${list_country}</var>
<arg>AD</arg>
<arg>AE</arg>
<arg>AF</arg>
<arg>AG</arg>
<arg>AI</arg>
<arg>AL</arg>
<arg>AM</arg>
<arg>AO</arg>
<arg>AQ</arg>
<arg>AR</arg>
<arg>AS</arg>
<arg>AT</arg>
<arg>AU</arg>
<arg>AW</arg>
<arg>AX</arg>
<arg>AZ</arg>
<arg>BA</arg>
<arg>BB</arg>
<arg>BD</arg>
<arg>BE</arg>
<arg>BF</arg>
<arg>BG</arg>
<arg>BH</arg>
<arg>BI</arg>
<arg>BJ</arg>
<arg>BL</arg>
<arg>BM</arg>
<arg>BN</arg>
<arg>BO</arg>
<arg>BQ</arg>
<arg>BR</arg>
<arg>BS</arg>
<arg>BT</arg>
<arg>BV</arg>
<arg>BW</arg>
<arg>BY</arg>
<arg>BZ</arg>
<arg>CA</arg>
<arg>CC</arg>
<arg>CD</arg>
<arg>CF</arg>
<arg>CG</arg>
<arg>CH</arg>
<arg>CI</arg>
<arg>CK</arg>
<arg>CL</arg>
<arg>CM</arg>
<arg>CN</arg>
<arg>CO</arg>
<arg>CR</arg>
<arg>CU</arg>
<arg>CV</arg>
<arg>CW</arg>
<arg>CX</arg>
<arg>CY</arg>
<arg>CZ</arg>
<arg>DE</arg>
<arg>DJ</arg>
<arg>DK</arg>
<arg>DM</arg>
<arg>DO</arg>
<arg>DZ</arg>
<arg>EC</arg>
<arg>EE</arg>
<arg>EG</arg>
<arg>EH</arg>
<arg>ER</arg>
<arg>ES</arg>
<arg>ET</arg>
<arg>FI</arg>
<arg>FJ</arg>
<arg>FK</arg>
<arg>FM</arg>
<arg>FO</arg>
<arg>FR</arg>
<arg>GA</arg>
<arg>GB</arg>
<arg>GD</arg>
<arg>GE</arg>
<arg>GF</arg>
<arg>GG</arg>
<arg>GH</arg>
<arg>GI</arg>
<arg>GL</arg>
<arg>GM</arg>
<arg>GN</arg>
<arg>GP</arg>
<arg>GQ</arg>
<arg>GR</arg>
<arg>GS</arg>
<arg>GT</arg>
<arg>GU</arg>
<arg>GW</arg>
<arg>GY</arg>
<arg>HK</arg>
<arg>HM</arg>
<arg>HN</arg>
<arg>HR</arg>
<arg>HT</arg>
<arg>HU</arg>
<arg>ID</arg>
<arg>IE</arg>
<arg>IL</arg>
<arg>IM</arg>
<arg>IN</arg>
<arg>IO</arg>
<arg>IQ</arg>
<arg>IR</arg>
<arg>IS</arg>
<arg>IT</arg>
<arg>JE</arg>
<arg>JM</arg>
<arg>JO</arg>
<arg>JP</arg>
<arg>KE</arg>
<arg>KG</arg>
<arg>KH</arg>
<arg>KI</arg>
<arg>KM</arg>
<arg>KN</arg>
<arg>KP</arg>
<arg>KR</arg>
<arg>KW</arg>
<arg>KY</arg>
<arg>KZ</arg>
<arg>LA</arg>
<arg>LB</arg>
<arg>LC</arg>
<arg>LI</arg>
<arg>LK</arg>
<arg>LR</arg>
<arg>LS</arg>
<arg>LT</arg>
<arg>LU</arg>
<arg>LV</arg>
<arg>LY</arg>
<arg>MA</arg>
<arg>MC</arg>
<arg>MD</arg>
<arg>ME</arg>
<arg>MF</arg>
<arg>MG</arg>
<arg>MH</arg>
<arg>MK</arg>
<arg>ML</arg>
<arg>MM</arg>
<arg>MN</arg>
<arg>MO</arg>
<arg>MP</arg>
<arg>MQ</arg>
<arg>MR</arg>
<arg>MS</arg>
<arg>MT</arg>
<arg>MU</arg>
<arg>MV</arg>
<arg>MW</arg>
<arg>MX</arg>
<arg>MY</arg>
<arg>MZ</arg>
<arg>NA</arg>
<arg>NC</arg>
<arg>NE</arg>
<arg>NF</arg>
<arg>NG</arg>
<arg>NI</arg>
<arg>NL</arg>
<arg>NO</arg>
<arg>NP</arg>
<arg>NR</arg>
<arg>NU</arg>
<arg>NZ</arg>
<arg>OM</arg>
<arg>PA</arg>
<arg>PE</arg>
<arg>PF</arg>
<arg>PG</arg>
<arg>PH</arg>
<arg>PK</arg>
<arg>PL</arg>
<arg>PM</arg>
<arg>PN</arg>
<arg>PR</arg>
<arg>PS</arg>
<arg>PT</arg>
<arg>PW</arg>
<arg>PY</arg>
<arg>QA</arg>
<arg>RE</arg>
<arg>RO</arg>
<arg>RS</arg>
<arg>RU</arg>
<arg>RW</arg>
<arg>SA</arg>
<arg>SB</arg>
<arg>SC</arg>
<arg>SD</arg>
<arg>SE</arg>
<arg>SG</arg>
<arg>SH</arg>
<arg>SI</arg>
<arg>SJ</arg>
<arg>SK</arg>
<arg>SL</arg>
<arg>SM</arg>
<arg>SN</arg>
<arg>SO</arg>
<arg>SR</arg>
<arg>SS</arg>
<arg>ST</arg>
<arg>SV</arg>
<arg>SX</arg>
<arg>SY</arg>
<arg>SZ</arg>
<arg>TC</arg>
<arg>TD</arg>
<arg>TF</arg>
<arg>TG</arg>
<arg>TH</arg>
<arg>TJ</arg>
<arg>TK</arg>
<arg>TL</arg>
<arg>TM</arg>
<arg>TN</arg>
<arg>TO</arg>
<arg>TR</arg>
<arg>TT</arg>
<arg>TV</arg>
<arg>TW</arg>
<arg>TZ</arg>
<arg>UA</arg>
<arg>UG</arg>
<arg>UM</arg>
<arg>US</arg>
<arg>UY</arg>
<arg>UZ</arg>
<arg>VA</arg>
<arg>VC</arg>
<arg>VE</arg>
<arg>VG</arg>
<arg>VI</arg>
<arg>VN</arg>
<arg>VU</arg>
<arg>WF</arg>
<arg>WS</arg>
<arg>XK</arg>
<arg>YE</arg>
<arg>YT</arg>
<arg>ZA</arg>
<arg>ZM</arg>
<arg>ZW</arg>
<doc>Returns a list containing given items.</doc>
<status status="PASS" start="2024-05-30T12:27:47.412111" elapsed="0.000625"/>
</kw>
<kw name="List Should Contain Value" owner="Collections">
<msg time="2024-05-30T12:27:47.413743" level="INFO">False</msg>
<arg>${list_country}</arg>
<arg>${name_country}</arg>
<doc>Fails if the ``value`` is not found from ``list``.</doc>
<status status="PASS" start="2024-05-30T12:27:47.413536" elapsed="0.000243"/>
</kw>
<kw name="Run Keyword If" owner="BuiltIn">
<kw name="Should Be True" owner="BuiltIn">
<arg>${True}</arg>
<doc>Fails if the given condition is not true.</doc>
<status status="PASS" start="2024-05-30T12:27:47.414842" elapsed="0.000144"/>
</kw>
<arg>${json_data["results"][0]["location"]["coordinates"]["latitude"]} &gt;= -90 and ${json_data["results"][0]["location"]["coordinates"]["latitude"]} &lt;= 90</arg>
<arg>Should Be True</arg>
<arg>${True}</arg>
<doc>Runs the given keyword with the given arguments, if ``condition`` is true.</doc>
<status status="PASS" start="2024-05-30T12:27:47.414091" elapsed="0.001021"/>
</kw>
<kw name="Run Keyword If" owner="BuiltIn">
<kw name="Should Be True" owner="BuiltIn">
<arg>${True}</arg>
<doc>Fails if the given condition is not true.</doc>
<status status="PASS" start="2024-05-30T12:27:47.416027" elapsed="0.000139"/>
</kw>
<arg>${json_data["results"][0]["location"]["coordinates"]["longitude"]} &gt;= -180 and ${json_data["results"][0]["location"]["coordinates"]["longitude"]} &lt;= 180</arg>
<arg>Should Be True</arg>
<arg>${True}</arg>
<doc>Runs the given keyword with the given arguments, if ``condition`` is true.</doc>
<status status="PASS" start="2024-05-30T12:27:47.415301" elapsed="0.000987"/>
</kw>
<status status="PASS" start="2024-05-30T12:27:47.313201" elapsed="0.103222"/>
</kw>
<doc>Testa o conteúdo específico dos campos retornados pela API.</doc>
<tag>testeConteudo</tag>
<status status="PASS" start="2024-05-30T12:27:47.312638" elapsed="0.103938"/>
</test>
<status status="PASS" start="2024-05-30T12:27:46.587475" elapsed="0.831079"/>
</suite>
<status status="PASS" start="2024-05-30T12:27:46.573866" elapsed="0.849946"/>
</suite>
<statistics>
<total>
<stat pass="5" fail="0" skip="0">All Tests</stat>
</total>
<tag>
<stat pass="1" fail="0" skip="0">testeConteudo</stat>
<stat pass="1" fail="0" skip="0">testeEstruturaResposta</stat>
<stat pass="1" fail="0" skip="0">testeRequisicaoBasica</stat>
<stat pass="1" fail="0" skip="0">testeTiposDados</stat>
</tag>
<suite>
<stat pass="5" fail="0" skip="0" id="s1" name="Tests">Tests</stat>
<stat pass="5" fail="0" skip="0" id="s1-s1" name="Random-User-Test">Tests.Random-User-Test</stat>
</suite>
</statistics>
<errors>
</errors>
</robot>
