<?xml version="1.0" encoding="UTF-8"?>
<robot generator="Robot 7.0 (Python 3.12.2 on linux)" generated="2024-04-13T08:13:17.331076" rpa="false" schemaversion="5">
<suite id="s1" name="Tests" source="/home/runner/work/DesafioQAItauRogerioJordao/DesafioQAItauRogerioJordao/RamdonUser/tests">
<suite id="s1-s1" name="Random-User-Test" source="/home/runner/work/DesafioQAItauRogerioJordao/DesafioQAItauRogerioJordao/RamdonUser/tests/random-user-test.robot">
<test id="s1-s1-t1" name="Conectar" line="13">
<kw name="Conectar API" owner="random-user-service">
<kw name="Create Session" owner="RequestsLibrary">
<msg time="2024-04-13T08:13:17.700049" level="INFO">Creating Session using : alias=consultarAPI, url=https://randomuser.me/, headers={},                     cookies={}, auth=None, timeout=None, proxies=None, verify=False,                     debug=0 </msg>
<arg>consultarAPI</arg>
<arg>${URL}</arg>
<doc>Create Session: create a HTTP session to a server</doc>
<status status="PASS" start="2024-04-13T08:13:17.699850" elapsed="0.000375"/>
</kw>
<status status="PASS" start="2024-04-13T08:13:17.698871" elapsed="0.001746"/>
</kw>
<status status="PASS" start="2024-04-13T08:13:17.698289" elapsed="0.002534"/>
</test>
<test id="s1-s1-t2" name="Validar retorno 200 e JSON Válido" line="16">
<kw name="Teste de Requisicao Basica" owner="random-user-service">
<kw name="GET On Session" owner="RequestsLibrary">
<msg time="2024-04-13T08:13:17.857847" level="INFO">GET Request : url=https://randomuser.me/api 
 path_url=/api 
 headers={'User-Agent': 'python-requests/2.31.0', 'Accept-Encoding': 'gzip, deflate', 'Accept': '*/*', 'Connection': 'keep-alive'} 
 body=None 
 </msg>
<msg time="2024-04-13T08:13:17.857981" level="INFO">GET Response : url=https://randomuser.me/api 
 status=200, reason=OK 
 headers={'Date': 'Sat, 13 Apr 2024 08:13:17 GMT', 'Content-Type': 'application/json; charset=utf-8', 'Transfer-Encoding': 'chunked', 'Connection': 'keep-alive', 'X-Powered-By': 'Express', 'Access-Control-Allow-Origin': '*', 'Cache-Control': 'no-cache', 'ETag': 'W/"48b-GmEp62tnRx8PavzWvW0gQifxfmI"', 'Vary': 'Accept-Encoding', 'Content-Encoding': 'gzip', 'CF-Cache-Status': 'DYNAMIC', 'Report-To': '{"endpoints":[{"url":"https:\\/\\/a.nel.cloudflare.com\\/report\\/v4?s=DvmF1VFFMsNtp0fODoiSzCajAKOkLRDgZAEiN5LWJ9yMKI3sDazL8TDZBCEh61OvJbNLdpdNgqsGtzYmkx0dIBDlXwJXzTEznnQ36j6DhEzhHU5LR%2BKwMwlNOr%2BExMdV"}],"group":"cf-nel","max_age":604800}', 'NEL': '{"success_fraction":0,"report_to":"cf-nel","max_age":604800}', 'Server': 'cloudflare', 'CF-RAY': '8739fefa0e9d0d50-LAX', 'alt-svc': 'h3=":443"; ma=86400'} 
 body={"results":[{"gender":"male","name":{"title":"Mr","first":"Andre","last":"Montgomery"},"location":{"street":{"number":8549,"name":"Stanley Road"},"city":"Exeter","state":"West Glamorgan","country":"United Kingdom","postcode":"OB3 5LL","coordinates":{"latitude":"-8.1750","longitude":"-172.4832"},"timezone":{"offset":"-2:00","description":"Mid-Atlantic"}},"email":"andre.montgomery@example.com","login":{"uuid":"095dc5ec-7373-4746-8802-965436ff0c57","username":"angrycat613","password":"kenny1","salt":"EoDmDpxt","md5":"41f22236a565d5993df910b5ccd0581a","sha1":"d8214be9c5b68947a6b7fd4220c0c437c378f118","sha256":"4e3913da7148e2f73e2d21509ca754db1a1931cb341cdca2280708229933c99f"},"dob":{"date":"1966-12-19T22:49:17.113Z","age":57},"registered":{"date":"2009-03-13T20:26:47.569Z","age":15},"phone":"019467 50380","cell":"07262 501270","id":{"name":"NINO","value":"XL 23 72 48 T"},"picture":{"large":"https://randomuser.me/api/portraits/men/26.jpg","medium":"https://randomuser.me/api/portraits/med/men/26.jpg","thumbnail":"https://randomuser.me/api/portraits/thumb/men/26.jpg"},"nat":"GB"}],"info":{"seed":"5abfeef50e0f5298","results":1,"page":1,"version":"1.4"}} 
 </msg>
<msg time="2024-04-13T08:13:17.858068" level="INFO">/opt/hostedtoolcache/Python/3.12.2/x64/lib/python3.12/site-packages/urllib3/connectionpool.py:1103: InsecureRequestWarning: Unverified HTTPS request is being made to host 'randomuser.me'. Adding certificate verification is strongly advised. See: https://urllib3.readthedocs.io/en/latest/advanced-usage.html#tls-warnings
  warnings.warn(</msg>
<msg time="2024-04-13T08:13:17.858228" level="INFO">${response} = &lt;Response [200]&gt;</msg>
<var>${response}</var>
<arg>consultarAPI</arg>
<arg>/api</arg>
<doc>Sends a GET request on a previously created HTTP Session.</doc>
<status status="PASS" start="2024-04-13T08:13:17.703440" elapsed="0.154838"/>
</kw>
<kw name="Should Be Equal As Numbers" owner="BuiltIn">
<msg time="2024-04-13T08:13:17.859162" level="INFO">Argument types are:
&lt;class 'int'&gt;
&lt;class 'str'&gt;</msg>
<arg>${response.status_code}</arg>
<arg>200</arg>
<doc>Fails if objects are unequal after converting them to real numbers.</doc>
<status status="PASS" start="2024-04-13T08:13:17.858736" elapsed="0.000489"/>
</kw>
<kw name="Log" owner="BuiltIn">
<msg time="2024-04-13T08:13:17.859919" level="INFO">200</msg>
<arg>${response.status_code}</arg>
<doc>Logs the given message with the given level.</doc>
<status status="PASS" start="2024-04-13T08:13:17.859555" elapsed="0.000406"/>
</kw>
<kw name="Set Variable" owner="BuiltIn">
<msg time="2024-04-13T08:13:17.860778" level="INFO">${json_data} = {'results': [{'gender': 'male', 'name': {'title': 'Mr', 'first': 'Andre', 'last': 'Montgomery'}, 'location': {'street': {'number': 8549, 'name': 'Stanley Road'}, 'city': 'Exeter', 'state': 'West Glamo...</msg>
<var>${json_data}</var>
<arg>${response.json()}</arg>
<doc>Returns the given values which can then be assigned to a variables.</doc>
<status status="PASS" start="2024-04-13T08:13:17.860330" elapsed="0.000476"/>
</kw>
<kw name="Dictionary Should Contain Key" owner="Collections">
<msg time="2024-04-13T08:13:17.861282" level="INFO">False</msg>
<arg>${json_data}</arg>
<arg>results</arg>
<doc>Fails if ``key`` is not found from ``dictionary``.</doc>
<status status="PASS" start="2024-04-13T08:13:17.861114" elapsed="0.000209"/>
</kw>
<status status="PASS" start="2024-04-13T08:13:17.703194" elapsed="0.158391"/>
</kw>
<doc>Testa se a API responde corretamente e retorna um objeto JSON válido.</doc>
<tag>testeRequisicaoBasica</tag>
<status status="PASS" start="2024-04-13T08:13:17.702633" elapsed="0.159154"/>
</test>
<test id="s1-s1-t3" name="Validar estrutura de resposta" line="22">
<kw name="Teste de Estrutura de Resposta" owner="random-user-service">
<kw name="GET On Session" owner="RequestsLibrary">
<msg time="2024-04-13T08:13:17.972575" level="INFO">GET Request : url=https://randomuser.me/api 
 path_url=/api 
 headers={'User-Agent': 'python-requests/2.31.0', 'Accept-Encoding': 'gzip, deflate', 'Accept': '*/*', 'Connection': 'keep-alive'} 
 body=None 
 </msg>
<msg time="2024-04-13T08:13:17.972667" level="INFO">GET Response : url=https://randomuser.me/api 
 status=200, reason=OK 
 headers={'Date': 'Sat, 13 Apr 2024 08:13:17 GMT', 'Content-Type': 'application/json; charset=utf-8', 'Transfer-Encoding': 'chunked', 'Connection': 'keep-alive', 'X-Powered-By': 'Express', 'Access-Control-Allow-Origin': '*', 'Cache-Control': 'no-cache', 'ETag': 'W/"497-xLzdyLTUtcPBb3KLaFOdaJsDdcs"', 'Vary': 'Accept-Encoding', 'Content-Encoding': 'gzip', 'CF-Cache-Status': 'DYNAMIC', 'Report-To': '{"endpoints":[{"url":"https:\\/\\/a.nel.cloudflare.com\\/report\\/v4?s=pb1r%2Fnh8W7O6JLfZJe7woPCeCGrBLeouJrlB3oreWO3QgQ1SQqpADXIxuO3pbybEfy5miYCjQIvyRV6Y5%2Bk8ev%2Bq1jPs9F66lmC2VGFlw1olTLq7K%2FdZFtQBqMbD5sch"}],"group":"cf-nel","max_age":604800}', 'NEL': '{"success_fraction":0,"report_to":"cf-nel","max_age":604800}', 'Server': 'cloudflare', 'CF-RAY': '8739fefaaf170d50-LAX', 'alt-svc': 'h3=":443"; ma=86400'} 
 body={"results":[{"gender":"female","name":{"title":"Miss","first":"Eevi","last":"Manni"},"location":{"street":{"number":5895,"name":"Hatanpään Valtatie"},"city":"Reisjärvi","state":"North Karelia","country":"Finland","postcode":98127,"coordinates":{"latitude":"-23.9314","longitude":"69.5735"},"timezone":{"offset":"+6:00","description":"Almaty, Dhaka, Colombo"}},"email":"eevi.manni@example.com","login":{"uuid":"194c92b5-fee2-49e6-b10a-3b977ae66df2","username":"purpleduck728","password":"565656","salt":"63iJ4yQh","md5":"fc1dbe51ab4bbf9fb09c35711547c6cb","sha1":"e35e9799d69377d43d5de9dcf6ae72eaf9b49c94","sha256":"dda782074fdec89366d3289248d60303f0c2fa14a53cf8bc19b9681fc2f601d9"},"dob":{"date":"1978-10-19T11:29:25.719Z","age":45},"registered":{"date":"2011-02-18T09:40:35.079Z","age":13},"phone":"07-944-891","cell":"046-998-97-76","id":{"name":"HETU","value":"NaNNA832undefined"},"picture":{"large":"https://randomuser.me/api/portraits/women/48.jpg","medium":"https://randomuser.me/api/portraits/med/women/48.jpg","thumbnail":"https://randomuser.me/api/portraits/thumb/women/48.jpg"},"nat":"FI"}],"info":{"seed":"4c6c58273ea52f2d","results":1,"page":1,"version":"1.4"}} 
 </msg>
<msg time="2024-04-13T08:13:17.972781" level="INFO">/opt/hostedtoolcache/Python/3.12.2/x64/lib/python3.12/site-packages/urllib3/connectionpool.py:1103: InsecureRequestWarning: Unverified HTTPS request is being made to host 'randomuser.me'. Adding certificate verification is strongly advised. See: https://urllib3.readthedocs.io/en/latest/advanced-usage.html#tls-warnings
  warnings.warn(</msg>
<msg time="2024-04-13T08:13:17.972896" level="INFO">${response} = &lt;Response [200]&gt;</msg>
<var>${response}</var>
<arg>consultarAPI</arg>
<arg>/api</arg>
<doc>Sends a GET request on a previously created HTTP Session.</doc>
<status status="PASS" start="2024-04-13T08:13:17.864518" elapsed="0.108421"/>
</kw>
<kw name="Set Variable" owner="BuiltIn">
<msg time="2024-04-13T08:13:17.973793" level="INFO">${json_data} = {'results': [{'gender': 'female', 'name': {'title': 'Miss', 'first': 'Eevi', 'last': 'Manni'}, 'location': {'street': {'number': 5895, 'name': 'Hatanpään Valtatie'}, 'city': 'Reisjärvi', 'state': 'Nor...</msg>
<var>${json_data}</var>
<arg>${response.json()}</arg>
<doc>Returns the given values which can then be assigned to a variables.</doc>
<status status="PASS" start="2024-04-13T08:13:17.973324" elapsed="0.000498"/>
</kw>
<kw name="Log" owner="BuiltIn">
<msg time="2024-04-13T08:13:17.974296" level="INFO">{'results': [{'gender': 'female', 'name': {'title': 'Miss', 'first': 'Eevi', 'last': 'Manni'}, 'location': {'street': {'number': 5895, 'name': 'Hatanpään Valtatie'}, 'city': 'Reisjärvi', 'state': 'North Karelia', 'country': 'Finland', 'postcode': 98127, 'coordinates': {'latitude': '-23.9314', 'longitude': '69.5735'}, 'timezone': {'offset': '+6:00', 'description': 'Almaty, Dhaka, Colombo'}}, 'email': 'eevi.manni@example.com', 'login': {'uuid': '194c92b5-fee2-49e6-b10a-3b977ae66df2', 'username': 'purpleduck728', 'password': '565656', 'salt': '63iJ4yQh', 'md5': 'fc1dbe51ab4bbf9fb09c35711547c6cb', 'sha1': 'e35e9799d69377d43d5de9dcf6ae72eaf9b49c94', 'sha256': 'dda782074fdec89366d3289248d60303f0c2fa14a53cf8bc19b9681fc2f601d9'}, 'dob': {'date': '1978-10-19T11:29:25.719Z', 'age': 45}, 'registered': {'date': '2011-02-18T09:40:35.079Z', 'age': 13}, 'phone': '07-944-891', 'cell': '046-998-97-76', 'id': {'name': 'HETU', 'value': 'NaNNA832undefined'}, 'picture': {'large': 'https://randomuser.me/api/portraits/women/48.jpg', 'medium': 'https://randomuser.me/api/portraits/med/women/48.jpg', 'thumbnail': 'https://randomuser.me/api/portraits/thumb/women/48.jpg'}, 'nat': 'FI'}], 'info': {'seed': '4c6c58273ea52f2d', 'results': 1, 'page': 1, 'version': '1.4'}}</msg>
<arg>${json_data}</arg>
<doc>Logs the given message with the given level.</doc>
<status status="PASS" start="2024-04-13T08:13:17.974134" elapsed="0.000211"/>
</kw>
<kw name="Dictionary Should Contain Key" owner="Collections">
<msg time="2024-04-13T08:13:17.974799" level="INFO">False</msg>
<arg>${json_data}</arg>
<arg>results</arg>
<doc>Fails if ``key`` is not found from ``dictionary``.</doc>
<status status="PASS" start="2024-04-13T08:13:17.974644" elapsed="0.000191"/>
</kw>
<kw name="Should Not Be Empty" owner="BuiltIn">
<msg time="2024-04-13T08:13:17.975264" level="INFO">Length is 2.</msg>
<arg>${json_data}</arg>
<doc>Verifies that the given item is not empty.</doc>
<status status="PASS" start="2024-04-13T08:13:17.975132" elapsed="0.000169"/>
</kw>
<kw name="Create List" owner="BuiltIn">
<msg time="2024-04-13T08:13:17.975750" level="INFO">${expected_keys} = ['gender', 'name', 'location', 'email', 'login']</msg>
<var>${expected_keys}</var>
<arg>gender</arg>
<arg>name</arg>
<arg>location</arg>
<arg>email</arg>
<arg>login</arg>
<doc>Returns a list containing given items.</doc>
<status status="PASS" start="2024-04-13T08:13:17.975595" elapsed="0.000179"/>
</kw>
<for flavor="IN">
<iter>
<kw name="Dictionary Should Contain Key" owner="Collections">
<msg time="2024-04-13T08:13:17.976774" level="INFO">False</msg>
<arg>${json_data['results'][0]}</arg>
<arg>${key}</arg>
<doc>Fails if ``key`` is not found from ``dictionary``.</doc>
<status status="PASS" start="2024-04-13T08:13:17.976359" elapsed="0.000454"/>
</kw>
<kw name="Log" owner="BuiltIn">
<msg time="2024-04-13T08:13:17.977499" level="INFO">{'gender': 'female', 'name': {'title': 'Miss', 'first': 'Eevi', 'last': 'Manni'}, 'location': {'street': {'number': 5895, 'name': 'Hatanpään Valtatie'}, 'city': 'Reisjärvi', 'state': 'North Karelia', 'country': 'Finland', 'postcode': 98127, 'coordinates': {'latitude': '-23.9314', 'longitude': '69.5735'}, 'timezone': {'offset': '+6:00', 'description': 'Almaty, Dhaka, Colombo'}}, 'email': 'eevi.manni@example.com', 'login': {'uuid': '194c92b5-fee2-49e6-b10a-3b977ae66df2', 'username': 'purpleduck728', 'password': '565656', 'salt': '63iJ4yQh', 'md5': 'fc1dbe51ab4bbf9fb09c35711547c6cb', 'sha1': 'e35e9799d69377d43d5de9dcf6ae72eaf9b49c94', 'sha256': 'dda782074fdec89366d3289248d60303f0c2fa14a53cf8bc19b9681fc2f601d9'}, 'dob': {'date': '1978-10-19T11:29:25.719Z', 'age': 45}, 'registered': {'date': '2011-02-18T09:40:35.079Z', 'age': 13}, 'phone': '07-944-891', 'cell': '046-998-97-76', 'id': {'name': 'HETU', 'value': 'NaNNA832undefined'}, 'picture': {'large': 'https://randomuser.me/api/portraits/women/48.jpg', 'medium': 'https://randomuser.me/api/portraits/med/women/48.jpg', 'thumbnail': 'https://randomuser.me/api/portraits/thumb/women/48.jpg'}, 'nat': 'FI'}</msg>
<arg>${json_data['results'][0]}</arg>
<doc>Logs the given message with the given level.</doc>
<status status="PASS" start="2024-04-13T08:13:17.977126" elapsed="0.000423"/>
</kw>
<kw name="Log" owner="BuiltIn">
<msg time="2024-04-13T08:13:17.977980" level="INFO">gender</msg>
<arg>${key}</arg>
<doc>Logs the given message with the given level.</doc>
<status status="PASS" start="2024-04-13T08:13:17.977851" elapsed="0.000167"/>
</kw>
<var name="${key}">gender</var>
<status status="PASS" start="2024-04-13T08:13:17.976212" elapsed="0.002023"/>
</iter>
<iter>
<kw name="Dictionary Should Contain Key" owner="Collections">
<msg time="2024-04-13T08:13:17.978914" level="INFO">False</msg>
<arg>${json_data['results'][0]}</arg>
<arg>${key}</arg>
<doc>Fails if ``key`` is not found from ``dictionary``.</doc>
<status status="PASS" start="2024-04-13T08:13:17.978532" elapsed="0.000419"/>
</kw>
<kw name="Log" owner="BuiltIn">
<msg time="2024-04-13T08:13:17.979643" level="INFO">{'gender': 'female', 'name': {'title': 'Miss', 'first': 'Eevi', 'last': 'Manni'}, 'location': {'street': {'number': 5895, 'name': 'Hatanpään Valtatie'}, 'city': 'Reisjärvi', 'state': 'North Karelia', 'country': 'Finland', 'postcode': 98127, 'coordinates': {'latitude': '-23.9314', 'longitude': '69.5735'}, 'timezone': {'offset': '+6:00', 'description': 'Almaty, Dhaka, Colombo'}}, 'email': 'eevi.manni@example.com', 'login': {'uuid': '194c92b5-fee2-49e6-b10a-3b977ae66df2', 'username': 'purpleduck728', 'password': '565656', 'salt': '63iJ4yQh', 'md5': 'fc1dbe51ab4bbf9fb09c35711547c6cb', 'sha1': 'e35e9799d69377d43d5de9dcf6ae72eaf9b49c94', 'sha256': 'dda782074fdec89366d3289248d60303f0c2fa14a53cf8bc19b9681fc2f601d9'}, 'dob': {'date': '1978-10-19T11:29:25.719Z', 'age': 45}, 'registered': {'date': '2011-02-18T09:40:35.079Z', 'age': 13}, 'phone': '07-944-891', 'cell': '046-998-97-76', 'id': {'name': 'HETU', 'value': 'NaNNA832undefined'}, 'picture': {'large': 'https://randomuser.me/api/portraits/women/48.jpg', 'medium': 'https://randomuser.me/api/portraits/med/women/48.jpg', 'thumbnail': 'https://randomuser.me/api/portraits/thumb/women/48.jpg'}, 'nat': 'FI'}</msg>
<arg>${json_data['results'][0]}</arg>
<doc>Logs the given message with the given level.</doc>
<status status="PASS" start="2024-04-13T08:13:17.979283" elapsed="0.000408"/>
</kw>
<kw name="Log" owner="BuiltIn">
<msg time="2024-04-13T08:13:17.980123" level="INFO">name</msg>
<arg>${key}</arg>
<doc>Logs the given message with the given level.</doc>
<status status="PASS" start="2024-04-13T08:13:17.979994" elapsed="0.000165"/>
</kw>
<var name="${key}">name</var>
<status status="PASS" start="2024-04-13T08:13:17.978419" elapsed="0.001997"/>
</iter>
<iter>
<kw name="Dictionary Should Contain Key" owner="Collections">
<msg time="2024-04-13T08:13:17.981089" level="INFO">False</msg>
<arg>${json_data['results'][0]}</arg>
<arg>${key}</arg>
<doc>Fails if ``key`` is not found from ``dictionary``.</doc>
<status status="PASS" start="2024-04-13T08:13:17.980706" elapsed="0.000420"/>
</kw>
<kw name="Log" owner="BuiltIn">
<msg time="2024-04-13T08:13:17.981790" level="INFO">{'gender': 'female', 'name': {'title': 'Miss', 'first': 'Eevi', 'last': 'Manni'}, 'location': {'street': {'number': 5895, 'name': 'Hatanpään Valtatie'}, 'city': 'Reisjärvi', 'state': 'North Karelia', 'country': 'Finland', 'postcode': 98127, 'coordinates': {'latitude': '-23.9314', 'longitude': '69.5735'}, 'timezone': {'offset': '+6:00', 'description': 'Almaty, Dhaka, Colombo'}}, 'email': 'eevi.manni@example.com', 'login': {'uuid': '194c92b5-fee2-49e6-b10a-3b977ae66df2', 'username': 'purpleduck728', 'password': '565656', 'salt': '63iJ4yQh', 'md5': 'fc1dbe51ab4bbf9fb09c35711547c6cb', 'sha1': 'e35e9799d69377d43d5de9dcf6ae72eaf9b49c94', 'sha256': 'dda782074fdec89366d3289248d60303f0c2fa14a53cf8bc19b9681fc2f601d9'}, 'dob': {'date': '1978-10-19T11:29:25.719Z', 'age': 45}, 'registered': {'date': '2011-02-18T09:40:35.079Z', 'age': 13}, 'phone': '07-944-891', 'cell': '046-998-97-76', 'id': {'name': 'HETU', 'value': 'NaNNA832undefined'}, 'picture': {'large': 'https://randomuser.me/api/portraits/women/48.jpg', 'medium': 'https://randomuser.me/api/portraits/med/women/48.jpg', 'thumbnail': 'https://randomuser.me/api/portraits/thumb/women/48.jpg'}, 'nat': 'FI'}</msg>
<arg>${json_data['results'][0]}</arg>
<doc>Logs the given message with the given level.</doc>
<status status="PASS" start="2024-04-13T08:13:17.981427" elapsed="0.000417"/>
</kw>
<kw name="Log" owner="BuiltIn">
<msg time="2024-04-13T08:13:17.982268" level="INFO">location</msg>
<arg>${key}</arg>
<doc>Logs the given message with the given level.</doc>
<status status="PASS" start="2024-04-13T08:13:17.982141" elapsed="0.000164"/>
</kw>
<var name="${key}">location</var>
<status status="PASS" start="2024-04-13T08:13:17.980595" elapsed="0.001927"/>
</iter>
<iter>
<kw name="Dictionary Should Contain Key" owner="Collections">
<msg time="2024-04-13T08:13:17.983172" level="INFO">False</msg>
<arg>${json_data['results'][0]}</arg>
<arg>${key}</arg>
<doc>Fails if ``key`` is not found from ``dictionary``.</doc>
<status status="PASS" start="2024-04-13T08:13:17.982801" elapsed="0.000408"/>
</kw>
<kw name="Log" owner="BuiltIn">
<msg time="2024-04-13T08:13:17.983882" level="INFO">{'gender': 'female', 'name': {'title': 'Miss', 'first': 'Eevi', 'last': 'Manni'}, 'location': {'street': {'number': 5895, 'name': 'Hatanpään Valtatie'}, 'city': 'Reisjärvi', 'state': 'North Karelia', 'country': 'Finland', 'postcode': 98127, 'coordinates': {'latitude': '-23.9314', 'longitude': '69.5735'}, 'timezone': {'offset': '+6:00', 'description': 'Almaty, Dhaka, Colombo'}}, 'email': 'eevi.manni@example.com', 'login': {'uuid': '194c92b5-fee2-49e6-b10a-3b977ae66df2', 'username': 'purpleduck728', 'password': '565656', 'salt': '63iJ4yQh', 'md5': 'fc1dbe51ab4bbf9fb09c35711547c6cb', 'sha1': 'e35e9799d69377d43d5de9dcf6ae72eaf9b49c94', 'sha256': 'dda782074fdec89366d3289248d60303f0c2fa14a53cf8bc19b9681fc2f601d9'}, 'dob': {'date': '1978-10-19T11:29:25.719Z', 'age': 45}, 'registered': {'date': '2011-02-18T09:40:35.079Z', 'age': 13}, 'phone': '07-944-891', 'cell': '046-998-97-76', 'id': {'name': 'HETU', 'value': 'NaNNA832undefined'}, 'picture': {'large': 'https://randomuser.me/api/portraits/women/48.jpg', 'medium': 'https://randomuser.me/api/portraits/med/women/48.jpg', 'thumbnail': 'https://randomuser.me/api/portraits/thumb/women/48.jpg'}, 'nat': 'FI'}</msg>
<arg>${json_data['results'][0]}</arg>
<doc>Logs the given message with the given level.</doc>
<status status="PASS" start="2024-04-13T08:13:17.983510" elapsed="0.000421"/>
</kw>
<kw name="Log" owner="BuiltIn">
<msg time="2024-04-13T08:13:17.984392" level="INFO">email</msg>
<arg>${key}</arg>
<doc>Logs the given message with the given level.</doc>
<status status="PASS" start="2024-04-13T08:13:17.984233" elapsed="0.000197"/>
</kw>
<var name="${key}">email</var>
<status status="PASS" start="2024-04-13T08:13:17.982692" elapsed="0.001955"/>
</iter>
<iter>
<kw name="Dictionary Should Contain Key" owner="Collections">
<msg time="2024-04-13T08:13:17.985304" level="INFO">False</msg>
<arg>${json_data['results'][0]}</arg>
<arg>${key}</arg>
<doc>Fails if ``key`` is not found from ``dictionary``.</doc>
<status status="PASS" start="2024-04-13T08:13:17.984929" elapsed="0.000412"/>
</kw>
<kw name="Log" owner="BuiltIn">
<msg time="2024-04-13T08:13:17.985999" level="INFO">{'gender': 'female', 'name': {'title': 'Miss', 'first': 'Eevi', 'last': 'Manni'}, 'location': {'street': {'number': 5895, 'name': 'Hatanpään Valtatie'}, 'city': 'Reisjärvi', 'state': 'North Karelia', 'country': 'Finland', 'postcode': 98127, 'coordinates': {'latitude': '-23.9314', 'longitude': '69.5735'}, 'timezone': {'offset': '+6:00', 'description': 'Almaty, Dhaka, Colombo'}}, 'email': 'eevi.manni@example.com', 'login': {'uuid': '194c92b5-fee2-49e6-b10a-3b977ae66df2', 'username': 'purpleduck728', 'password': '565656', 'salt': '63iJ4yQh', 'md5': 'fc1dbe51ab4bbf9fb09c35711547c6cb', 'sha1': 'e35e9799d69377d43d5de9dcf6ae72eaf9b49c94', 'sha256': 'dda782074fdec89366d3289248d60303f0c2fa14a53cf8bc19b9681fc2f601d9'}, 'dob': {'date': '1978-10-19T11:29:25.719Z', 'age': 45}, 'registered': {'date': '2011-02-18T09:40:35.079Z', 'age': 13}, 'phone': '07-944-891', 'cell': '046-998-97-76', 'id': {'name': 'HETU', 'value': 'NaNNA832undefined'}, 'picture': {'large': 'https://randomuser.me/api/portraits/women/48.jpg', 'medium': 'https://randomuser.me/api/portraits/med/women/48.jpg', 'thumbnail': 'https://randomuser.me/api/portraits/thumb/women/48.jpg'}, 'nat': 'FI'}</msg>
<arg>${json_data['results'][0]}</arg>
<doc>Logs the given message with the given level.</doc>
<status status="PASS" start="2024-04-13T08:13:17.985635" elapsed="0.000411"/>
</kw>
<kw name="Log" owner="BuiltIn">
<msg time="2024-04-13T08:13:17.986471" level="INFO">login</msg>
<arg>${key}</arg>
<doc>Logs the given message with the given level.</doc>
<status status="PASS" start="2024-04-13T08:13:17.986344" elapsed="0.000164"/>
</kw>
<var name="${key}">login</var>
<status status="PASS" start="2024-04-13T08:13:17.984820" elapsed="0.001936"/>
</iter>
<var>${key}</var>
<value>@{expected_keys}</value>
<status status="PASS" start="2024-04-13T08:13:17.976031" elapsed="0.010852"/>
</for>
<kw name="Create List" owner="BuiltIn">
<msg time="2024-04-13T08:13:17.987215" level="INFO">${expected_keysTwo} = ['username', 'password']</msg>
<var>${expected_keysTwo}</var>
<arg>username</arg>
<arg>password</arg>
<doc>Returns a list containing given items.</doc>
<status status="PASS" start="2024-04-13T08:13:17.987077" elapsed="0.000161"/>
</kw>
<for flavor="IN">
<iter>
<kw name="Dictionary Should Contain Key" owner="Collections">
<msg time="2024-04-13T08:13:17.988223" level="INFO">False</msg>
<arg>${json_data['results'][0]['login']}</arg>
<arg>${keyTwo}</arg>
<doc>Fails if ``key`` is not found from ``dictionary``.</doc>
<status status="PASS" start="2024-04-13T08:13:17.987841" elapsed="0.000419"/>
</kw>
<kw name="Dictionary Should Contain Key" owner="Collections">
<msg time="2024-04-13T08:13:17.988964" level="INFO">False</msg>
<arg>${json_data['results'][0]['login']}</arg>
<arg>${keyTwo}</arg>
<doc>Fails if ``key`` is not found from ``dictionary``.</doc>
<status status="PASS" start="2024-04-13T08:13:17.988587" elapsed="0.000413"/>
</kw>
<kw name="Log" owner="BuiltIn">
<msg time="2024-04-13T08:13:17.989425" level="INFO">username</msg>
<arg>${keyTwo}</arg>
<doc>Logs the given message with the given level.</doc>
<status status="PASS" start="2024-04-13T08:13:17.989296" elapsed="0.000166"/>
</kw>
<var name="${keyTwo}">username</var>
<status status="PASS" start="2024-04-13T08:13:17.987729" elapsed="0.001948"/>
</iter>
<iter>
<kw name="Dictionary Should Contain Key" owner="Collections">
<msg time="2024-04-13T08:13:17.990329" level="INFO">False</msg>
<arg>${json_data['results'][0]['login']}</arg>
<arg>${keyTwo}</arg>
<doc>Fails if ``key`` is not found from ``dictionary``.</doc>
<status status="PASS" start="2024-04-13T08:13:17.989958" elapsed="0.000409"/>
</kw>
<kw name="Dictionary Should Contain Key" owner="Collections">
<msg time="2024-04-13T08:13:17.991039" level="INFO">False</msg>
<arg>${json_data['results'][0]['login']}</arg>
<arg>${keyTwo}</arg>
<doc>Fails if ``key`` is not found from ``dictionary``.</doc>
<status status="PASS" start="2024-04-13T08:13:17.990659" elapsed="0.000417"/>
</kw>
<kw name="Log" owner="BuiltIn">
<msg time="2024-04-13T08:13:17.991494" level="INFO">password</msg>
<arg>${keyTwo}</arg>
<doc>Logs the given message with the given level.</doc>
<status status="PASS" start="2024-04-13T08:13:17.991366" elapsed="0.000165"/>
</kw>
<var name="${keyTwo}">password</var>
<status status="PASS" start="2024-04-13T08:13:17.989849" elapsed="0.001898"/>
</iter>
<var>${keyTwo}</var>
<value>@{expected_keysTwo}</value>
<status status="PASS" start="2024-04-13T08:13:17.987478" elapsed="0.004389"/>
</for>
<status status="PASS" start="2024-04-13T08:13:17.864260" elapsed="0.127745"/>
</kw>
<doc>Testa a estrutura da resposta da API.</doc>
<tag>testeEstruturaResposta</tag>
<status status="PASS" start="2024-04-13T08:13:17.863627" elapsed="0.128530"/>
</test>
<test id="s1-s1-t4" name="Validar tipos de dados" line="28">
<kw name="Teste de Tipos de Dados" owner="random-user-service">
<kw name="GET On Session" owner="RequestsLibrary">
<msg time="2024-04-13T08:13:18.092895" level="INFO">GET Request : url=https://randomuser.me/api 
 path_url=/api 
 headers={'User-Agent': 'python-requests/2.31.0', 'Accept-Encoding': 'gzip, deflate', 'Accept': '*/*', 'Connection': 'keep-alive'} 
 body=None 
 </msg>
<msg time="2024-04-13T08:13:18.092995" level="INFO">GET Response : url=https://randomuser.me/api 
 status=200, reason=OK 
 headers={'Date': 'Sat, 13 Apr 2024 08:13:18 GMT', 'Content-Type': 'application/json; charset=utf-8', 'Transfer-Encoding': 'chunked', 'Connection': 'keep-alive', 'X-Powered-By': 'Express', 'Access-Control-Allow-Origin': '*', 'Cache-Control': 'no-cache', 'ETag': 'W/"484-pvrgTVed75CeYqmBzGYdJ+3afqY"', 'Vary': 'Accept-Encoding', 'Content-Encoding': 'gzip', 'CF-Cache-Status': 'DYNAMIC', 'Report-To': '{"endpoints":[{"url":"https:\\/\\/a.nel.cloudflare.com\\/report\\/v4?s=E6XuZqG7iSFAk1Cz99EZl9fBve6MMqlCyCNM1ttm5NdmK3txDASfQFmbLE%2FUsiXTdgqprHaxzPkLioGc5SEMHiLJbj96p2Ne7I0KwwBW6mnmfRYWpPuFg%2FvQN9D7De90"}],"group":"cf-nel","max_age":604800}', 'NEL': '{"success_fraction":0,"report_to":"cf-nel","max_age":604800}', 'Server': 'cloudflare', 'CF-RAY': '8739fefb7f6c0d50-LAX', 'alt-svc': 'h3=":443"; ma=86400'} 
 body={"results":[{"gender":"male","name":{"title":"Monsieur","first":"Yvan","last":"Adam"},"location":{"street":{"number":3957,"name":"Rue Abel"},"city":"Samedan","state":"Thurgau","country":"Switzerland","postcode":2607,"coordinates":{"latitude":"-56.6422","longitude":"-118.7920"},"timezone":{"offset":"-1:00","description":"Azores, Cape Verde Islands"}},"email":"yvan.adam@example.com","login":{"uuid":"f0665cc6-a49c-457f-8528-dce32fc488c5","username":"bigleopard863","password":"flint","salt":"MqLWuC9H","md5":"e92782755a224d607b4d15ce3457c96d","sha1":"e728d66f8cdc6f1c6bca15257f7594bc20462d23","sha256":"03982bb8fd62d385105514b529af74d7bad2fe7f03bd049c0d46d9f17411918c"},"dob":{"date":"1989-03-20T16:34:34.694Z","age":35},"registered":{"date":"2020-05-05T02:54:18.323Z","age":3},"phone":"079 725 57 34","cell":"079 382 34 10","id":{"name":"AVS","value":"756.5068.0170.68"},"picture":{"large":"https://randomuser.me/api/portraits/men/19.jpg","medium":"https://randomuser.me/api/portraits/med/men/19.jpg","thumbnail":"https://randomuser.me/api/portraits/thumb/men/19.jpg"},"nat":"CH"}],"info":{"seed":"fe19711660fc86b8","results":1,"page":1,"version":"1.4"}} 
 </msg>
<msg time="2024-04-13T08:13:18.093067" level="INFO">/opt/hostedtoolcache/Python/3.12.2/x64/lib/python3.12/site-packages/urllib3/connectionpool.py:1103: InsecureRequestWarning: Unverified HTTPS request is being made to host 'randomuser.me'. Adding certificate verification is strongly advised. See: https://urllib3.readthedocs.io/en/latest/advanced-usage.html#tls-warnings
  warnings.warn(</msg>
<msg time="2024-04-13T08:13:18.093188" level="INFO">${response} = &lt;Response [200]&gt;</msg>
<var>${response}</var>
<arg>consultarAPI</arg>
<arg>/api</arg>
<doc>Sends a GET request on a previously created HTTP Session.</doc>
<status status="PASS" start="2024-04-13T08:13:17.994594" elapsed="0.098637"/>
</kw>
<kw name="Set Variable" owner="BuiltIn">
<msg time="2024-04-13T08:13:18.094320" level="INFO">${json_data} = {'results': [{'gender': 'male', 'name': {'title': 'Monsieur', 'first': 'Yvan', 'last': 'Adam'}, 'location': {'street': {'number': 3957, 'name': 'Rue Abel'}, 'city': 'Samedan', 'state': 'Thurgau', 'cou...</msg>
<var>${json_data}</var>
<arg>${response.json()}</arg>
<doc>Returns the given values which can then be assigned to a variables.</doc>
<status status="PASS" start="2024-04-13T08:13:18.093771" elapsed="0.000579"/>
</kw>
<kw name="Log" owner="BuiltIn">
<msg time="2024-04-13T08:13:18.094884" level="INFO">{'results': [{'gender': 'male', 'name': {'title': 'Monsieur', 'first': 'Yvan', 'last': 'Adam'}, 'location': {'street': {'number': 3957, 'name': 'Rue Abel'}, 'city': 'Samedan', 'state': 'Thurgau', 'country': 'Switzerland', 'postcode': 2607, 'coordinates': {'latitude': '-56.6422', 'longitude': '-118.7920'}, 'timezone': {'offset': '-1:00', 'description': 'Azores, Cape Verde Islands'}}, 'email': 'yvan.adam@example.com', 'login': {'uuid': 'f0665cc6-a49c-457f-8528-dce32fc488c5', 'username': 'bigleopard863', 'password': 'flint', 'salt': 'MqLWuC9H', 'md5': 'e92782755a224d607b4d15ce3457c96d', 'sha1': 'e728d66f8cdc6f1c6bca15257f7594bc20462d23', 'sha256': '03982bb8fd62d385105514b529af74d7bad2fe7f03bd049c0d46d9f17411918c'}, 'dob': {'date': '1989-03-20T16:34:34.694Z', 'age': 35}, 'registered': {'date': '2020-05-05T02:54:18.323Z', 'age': 3}, 'phone': '079 725 57 34', 'cell': '079 382 34 10', 'id': {'name': 'AVS', 'value': '756.5068.0170.68'}, 'picture': {'large': 'https://randomuser.me/api/portraits/men/19.jpg', 'medium': 'https://randomuser.me/api/portraits/med/men/19.jpg', 'thumbnail': 'https://randomuser.me/api/portraits/thumb/men/19.jpg'}, 'nat': 'CH'}], 'info': {'seed': 'fe19711660fc86b8', 'results': 1, 'page': 1, 'version': '1.4'}}</msg>
<arg>${json_data}</arg>
<doc>Logs the given message with the given level.</doc>
<status status="PASS" start="2024-04-13T08:13:18.094708" elapsed="0.000265"/>
</kw>
<kw name="Should Be String" owner="String">
<arg>${json_data['results'][0]['gender']}</arg>
<doc>Fails if the given ``item`` is not a string.</doc>
<status status="PASS" start="2024-04-13T08:13:18.095291" elapsed="0.000386"/>
</kw>
<kw name="Should Match Regexp" owner="BuiltIn">
<arg>${json_data['results'][0]['email']}</arg>
<arg>^[a-zA-Z0-9._%+-]+@[a-zA-Z0-9.-]+\.[a-zA-Z]{2,}$</arg>
<doc>Fails if ``string`` does not match ``pattern`` as a regular expression.</doc>
<status status="PASS" start="2024-04-13T08:13:18.095879" elapsed="0.000566"/>
</kw>
<kw name="Should Match Regexp" owner="BuiltIn">
<arg>${json_data['results'][0]['dob']['date']}</arg>
<arg>\\d{4}-\\d{2}-\\d{2}T\\d{2}:\\d{2}:\\d{2}\\.\\d{3}Z</arg>
<doc>Fails if ``string`` does not match ``pattern`` as a regular expression.</doc>
<status status="PASS" start="2024-04-13T08:13:18.096662" elapsed="0.000507"/>
</kw>
<kw name="Should Match Regexp" owner="BuiltIn">
<arg>${json_data['results'][0]['registered']['date']}</arg>
<arg>\\d{4}-\\d{2}-\\d{2}T\\d{2}:\\d{2}:\\d{2}\\.\\d{3}Z</arg>
<doc>Fails if ``string`` does not match ``pattern`` as a regular expression.</doc>
<status status="PASS" start="2024-04-13T08:13:18.097367" elapsed="0.000387"/>
</kw>
<kw name="Should Match Regexp" owner="BuiltIn">
<arg>${json_data['results'][0]['picture']['large']}</arg>
<arg>^https?://.*\.(?:png|jpe?g|gif|bmp)$</arg>
<doc>Fails if ``string`` does not match ``pattern`` as a regular expression.</doc>
<status status="PASS" start="2024-04-13T08:13:18.097944" elapsed="0.000465"/>
</kw>
<kw name="Should Match Regexp" owner="BuiltIn">
<arg>${json_data['results'][0]['picture']['medium']}</arg>
<arg>^https?://.*\.(?:png|jpe?g|gif|bmp)$</arg>
<doc>Fails if ``string`` does not match ``pattern`` as a regular expression.</doc>
<status status="PASS" start="2024-04-13T08:13:18.098602" elapsed="0.000361"/>
</kw>
<kw name="Should Match Regexp" owner="BuiltIn">
<arg>${json_data['results'][0]['picture']['thumbnail']}</arg>
<arg>^https?://.*\.(?:png|jpe?g|gif|bmp)$</arg>
<doc>Fails if ``string`` does not match ``pattern`` as a regular expression.</doc>
<status status="PASS" start="2024-04-13T08:13:18.099152" elapsed="0.000366"/>
</kw>
<kw name="Log" owner="BuiltIn">
<msg time="2024-04-13T08:13:18.100035" level="INFO">{'large': 'https://randomuser.me/api/portraits/men/19.jpg', 'medium': 'https://randomuser.me/api/portraits/med/men/19.jpg', 'thumbnail': 'https://randomuser.me/api/portraits/thumb/men/19.jpg'}</msg>
<arg>${json_data['results'][0]['picture']}</arg>
<doc>Logs the given message with the given level.</doc>
<status status="PASS" start="2024-04-13T08:13:18.099702" elapsed="0.000375"/>
</kw>
<status status="PASS" start="2024-04-13T08:13:17.994366" elapsed="0.106003"/>
</kw>
<kw name="Teste de Tipos de Dados - Postcode" owner="random-user-service">
<kw name="GET On Session" owner="RequestsLibrary">
<msg time="2024-04-13T08:13:18.198815" level="INFO">GET Request : url=https://randomuser.me/api 
 path_url=/api 
 headers={'User-Agent': 'python-requests/2.31.0', 'Accept-Encoding': 'gzip, deflate', 'Accept': '*/*', 'Connection': 'keep-alive'} 
 body=None 
 </msg>
<msg time="2024-04-13T08:13:18.198903" level="INFO">GET Response : url=https://randomuser.me/api 
 status=200, reason=OK 
 headers={'Date': 'Sat, 13 Apr 2024 08:13:18 GMT', 'Content-Type': 'application/json; charset=utf-8', 'Transfer-Encoding': 'chunked', 'Connection': 'keep-alive', 'X-Powered-By': 'Express', 'Access-Control-Allow-Origin': '*', 'Cache-Control': 'no-cache', 'ETag': 'W/"470-fiwMp4nw97imTvarqOcadyQexKI"', 'Vary': 'Accept-Encoding', 'Content-Encoding': 'gzip', 'CF-Cache-Status': 'DYNAMIC', 'Report-To': '{"endpoints":[{"url":"https:\\/\\/a.nel.cloudflare.com\\/report\\/v4?s=HpzmLu06HrS%2F1VEsW7bG7QkdQPicHh4%2B6R8Mok0%2Bvy2F%2F%2F4%2FOs9TfDsHgbuC%2FBEqHcf29lQ2sMGMBODdi1P8gpfpDusgWWVDS8wkIGiwyCHV9zx9Lj%2BS5Z3nsSkIIBzj"}],"group":"cf-nel","max_age":604800}', 'NEL': '{"success_fraction":0,"report_to":"cf-nel","max_age":604800}', 'Server': 'cloudflare', 'CF-RAY': '8739fefc2fb60d50-LAX', 'alt-svc': 'h3=":443"; ma=86400'} 
 body={"results":[{"gender":"female","name":{"title":"Ms","first":"Sara","last":"Lund"},"location":{"street":{"number":7889,"name":"Riddervolds gate"},"city":"Løiten Brænderi","state":"Oslo","country":"Norway","postcode":"6718","coordinates":{"latitude":"39.1668","longitude":"34.1406"},"timezone":{"offset":"-2:00","description":"Mid-Atlantic"}},"email":"sara.lund@example.com","login":{"uuid":"d8d6cb79-33f6-4c13-9c38-24151094ca8c","username":"orangecat373","password":"comment","salt":"m0AWenxU","md5":"81da8ce79c1c6404b01055fb32a33752","sha1":"518827118b558919e24bfc2b8793a3beba97c9d4","sha256":"543f2b11f5270c729900961ce186bc2e29b43d53a0d64ccade16576fbe38d39f"},"dob":{"date":"1949-03-26T18:41:27.973Z","age":75},"registered":{"date":"2009-05-27T09:03:56.396Z","age":14},"phone":"26286578","cell":"49248335","id":{"name":"FN","value":"26034926076"},"picture":{"large":"https://randomuser.me/api/portraits/women/6.jpg","medium":"https://randomuser.me/api/portraits/med/women/6.jpg","thumbnail":"https://randomuser.me/api/portraits/thumb/women/6.jpg"},"nat":"NO"}],"info":{"seed":"8e290a7234797630","results":1,"page":1,"version":"1.4"}} 
 </msg>
<msg time="2024-04-13T08:13:18.199000" level="INFO">/opt/hostedtoolcache/Python/3.12.2/x64/lib/python3.12/site-packages/urllib3/connectionpool.py:1103: InsecureRequestWarning: Unverified HTTPS request is being made to host 'randomuser.me'. Adding certificate verification is strongly advised. See: https://urllib3.readthedocs.io/en/latest/advanced-usage.html#tls-warnings
  warnings.warn(</msg>
<msg time="2024-04-13T08:13:18.199116" level="INFO">${response} = &lt;Response [200]&gt;</msg>
<var>${response}</var>
<arg>consultarAPI</arg>
<arg>/api</arg>
<doc>Sends a GET request on a previously created HTTP Session.</doc>
<status status="PASS" start="2024-04-13T08:13:18.100851" elapsed="0.098319"/>
</kw>
<kw name="Set Variable" owner="BuiltIn">
<msg time="2024-04-13T08:13:18.199990" level="INFO">${json_data} = {'results': [{'gender': 'female', 'name': {'title': 'Ms', 'first': 'Sara', 'last': 'Lund'}, 'location': {'street': {'number': 7889, 'name': 'Riddervolds gate'}, 'city': 'Løiten Brænderi', 'state': 'Os...</msg>
<var>${json_data}</var>
<arg>${response.json()}</arg>
<doc>Returns the given values which can then be assigned to a variables.</doc>
<status status="PASS" start="2024-04-13T08:13:18.199538" elapsed="0.000481"/>
</kw>
<kw name="Log" owner="BuiltIn">
<msg time="2024-04-13T08:13:18.200521" level="INFO">{'results': [{'gender': 'female', 'name': {'title': 'Ms', 'first': 'Sara', 'last': 'Lund'}, 'location': {'street': {'number': 7889, 'name': 'Riddervolds gate'}, 'city': 'Løiten Brænderi', 'state': 'Oslo', 'country': 'Norway', 'postcode': '6718', 'coordinates': {'latitude': '39.1668', 'longitude': '34.1406'}, 'timezone': {'offset': '-2:00', 'description': 'Mid-Atlantic'}}, 'email': 'sara.lund@example.com', 'login': {'uuid': 'd8d6cb79-33f6-4c13-9c38-24151094ca8c', 'username': 'orangecat373', 'password': 'comment', 'salt': 'm0AWenxU', 'md5': '81da8ce79c1c6404b01055fb32a33752', 'sha1': '518827118b558919e24bfc2b8793a3beba97c9d4', 'sha256': '543f2b11f5270c729900961ce186bc2e29b43d53a0d64ccade16576fbe38d39f'}, 'dob': {'date': '1949-03-26T18:41:27.973Z', 'age': 75}, 'registered': {'date': '2009-05-27T09:03:56.396Z', 'age': 14}, 'phone': '26286578', 'cell': '49248335', 'id': {'name': 'FN', 'value': '26034926076'}, 'picture': {'large': 'https://randomuser.me/api/portraits/women/6.jpg', 'medium': 'https://randomuser.me/api/portraits/med/women/6.jpg', 'thumbnail': 'https://randomuser.me/api/portraits/thumb/women/6.jpg'}, 'nat': 'NO'}], 'info': {'seed': '8e290a7234797630', 'results': 1, 'page': 1, 'version': '1.4'}}</msg>
<arg>${json_data}</arg>
<doc>Logs the given message with the given level.</doc>
<status status="PASS" start="2024-04-13T08:13:18.200361" elapsed="0.000240"/>
</kw>
<kw name="Should Be Equal As Numbers" owner="BuiltIn">
<arg>${json_data['results'][0]['location']['postcode']}</arg>
<arg>${json_data['results'][0]['location']['postcode']}</arg>
<doc>Fails if objects are unequal after converting them to real numbers.</doc>
<status status="PASS" start="2024-04-13T08:13:18.200909" elapsed="0.000630"/>
</kw>
<kw name="Log" owner="BuiltIn">
<msg time="2024-04-13T08:13:18.202160" level="INFO">6718</msg>
<arg>${json_data['results'][0]['location']['postcode']}</arg>
<doc>Logs the given message with the given level.</doc>
<status status="PASS" start="2024-04-13T08:13:18.201771" elapsed="0.000429"/>
</kw>
<status status="PASS" start="2024-04-13T08:13:18.100603" elapsed="0.101856"/>
</kw>
<doc>Testa se os tipos de dados na resposta da API estão corretos.</doc>
<tag>testeTiposDados</tag>
<status status="PASS" start="2024-04-13T08:13:17.993919" elapsed="0.208711"/>
</test>
<test id="s1-s1-t5" name="Validar conteudo" line="35">
<kw name="Teste de Tipos de Conteudo" owner="random-user-service">
<kw name="GET On Session" owner="RequestsLibrary">
<msg time="2024-04-13T08:13:18.303532" level="INFO">GET Request : url=https://randomuser.me/api 
 path_url=/api 
 headers={'User-Agent': 'python-requests/2.31.0', 'Accept-Encoding': 'gzip, deflate', 'Accept': '*/*', 'Connection': 'keep-alive'} 
 body=None 
 </msg>
<msg time="2024-04-13T08:13:18.303612" level="INFO">GET Response : url=https://randomuser.me/api 
 status=200, reason=OK 
 headers={'Date': 'Sat, 13 Apr 2024 08:13:18 GMT', 'Content-Type': 'application/json; charset=utf-8', 'Transfer-Encoding': 'chunked', 'Connection': 'keep-alive', 'X-Powered-By': 'Express', 'Access-Control-Allow-Origin': '*', 'Cache-Control': 'no-cache', 'ETag': 'W/"4a1-y8QEdQbSrPqpjQAofddhwtydBk0"', 'Vary': 'Accept-Encoding', 'Content-Encoding': 'gzip', 'CF-Cache-Status': 'DYNAMIC', 'Report-To': '{"endpoints":[{"url":"https:\\/\\/a.nel.cloudflare.com\\/report\\/v4?s=Wfc94qyHDAvZX3nyEx5cL4pg3ShZ0Jh7uL%2BZOP1DiXQOFP%2FMBBV1j5dlGkl6PyiRIlVf6i%2FzGKSylE7n8oolWSXmb22RW%2B2boNciXqeLOT%2FxhI16Lw8rXfwxbu3bWT06"}],"group":"cf-nel","max_age":604800}', 'NEL': '{"success_fraction":0,"report_to":"cf-nel","max_age":604800}', 'Server': 'cloudflare', 'CF-RAY': '8739fefcc8060d50-LAX', 'alt-svc': 'h3=":443"; ma=86400'} 
 body={"results":[{"gender":"female","name":{"title":"Mrs","first":"Andrea","last":"Urías"},"location":{"street":{"number":158,"name":"Ampliación Medina"},"city":"Muzquiz","state":"Hidalgo","country":"Mexico","postcode":80183,"coordinates":{"latitude":"28.6764","longitude":"168.9425"},"timezone":{"offset":"+5:00","description":"Ekaterinburg, Islamabad, Karachi, Tashkent"}},"email":"andrea.urias@example.com","login":{"uuid":"1e9a0086-ca3b-4465-8a7a-53ea8ba38621","username":"redgoose310","password":"hotone","salt":"NnTqAvXM","md5":"297c53aa6f97f9e2bfb3fd6bf493433a","sha1":"af6511f76611b61203da352590d4b9b1bb29c875","sha256":"7d52e49872cd6f5784697e6381f37fe904554d932d20ca99ab473cd1f6f0fbae"},"dob":{"date":"1996-06-18T11:05:31.459Z","age":27},"registered":{"date":"2015-06-09T14:01:36.192Z","age":8},"phone":"(666) 253 1187","cell":"(642) 895 8235","id":{"name":"NSS","value":"11 43 77 9415 3"},"picture":{"large":"https://randomuser.me/api/portraits/women/49.jpg","medium":"https://randomuser.me/api/portraits/med/women/49.jpg","thumbnail":"https://randomuser.me/api/portraits/thumb/women/49.jpg"},"nat":"MX"}],"info":{"seed":"44b83cee6e4e3b6b","results":1,"page":1,"version":"1.4"}} 
 </msg>
<msg time="2024-04-13T08:13:18.303686" level="INFO">/opt/hostedtoolcache/Python/3.12.2/x64/lib/python3.12/site-packages/urllib3/connectionpool.py:1103: InsecureRequestWarning: Unverified HTTPS request is being made to host 'randomuser.me'. Adding certificate verification is strongly advised. See: https://urllib3.readthedocs.io/en/latest/advanced-usage.html#tls-warnings
  warnings.warn(</msg>
<msg time="2024-04-13T08:13:18.303792" level="INFO">${response} = &lt;Response [200]&gt;</msg>
<var>${response}</var>
<arg>consultarAPI</arg>
<arg>/api</arg>
<doc>Sends a GET request on a previously created HTTP Session.</doc>
<status status="PASS" start="2024-04-13T08:13:18.205126" elapsed="0.098729"/>
</kw>
<kw name="Set Variable" owner="BuiltIn">
<msg time="2024-04-13T08:13:18.304802" level="INFO">${json_data} = {'results': [{'gender': 'female', 'name': {'title': 'Mrs', 'first': 'Andrea', 'last': 'Urías'}, 'location': {'street': {'number': 158, 'name': 'Ampliación Medina'}, 'city': 'Muzquiz', 'state': 'Hidalg...</msg>
<var>${json_data}</var>
<arg>${response.json()}</arg>
<doc>Returns the given values which can then be assigned to a variables.</doc>
<status status="PASS" start="2024-04-13T08:13:18.304327" elapsed="0.000506"/>
</kw>
<kw name="Set Variable" owner="BuiltIn">
<msg time="2024-04-13T08:13:18.305530" level="INFO">${name_title} = Mrs</msg>
<var>${name_title}</var>
<arg>${json_data["results"][0]["name"]["title"]}</arg>
<doc>Returns the given values which can then be assigned to a variables.</doc>
<status status="PASS" start="2024-04-13T08:13:18.305143" elapsed="0.000413"/>
</kw>
<kw name="Create List" owner="BuiltIn">
<msg time="2024-04-13T08:13:18.306017" level="INFO">${allowed_titles} = ['Mr', 'Ms', 'Miss', 'Mrs', 'Madame', 'Monsieur']</msg>
<var>${allowed_titles}</var>
<arg>Mr</arg>
<arg>Ms</arg>
<arg>Miss</arg>
<arg>Mrs</arg>
<arg>Madame</arg>
<arg>Monsieur</arg>
<doc>Returns a list containing given items.</doc>
<status status="PASS" start="2024-04-13T08:13:18.305862" elapsed="0.000179"/>
</kw>
<kw name="List Should Contain Value" owner="Collections">
<msg time="2024-04-13T08:13:18.306527" level="INFO">False</msg>
<arg>${allowed_titles}</arg>
<arg>${name_title}</arg>
<doc>Fails if the ``value`` is not found from ``list``.</doc>
<status status="PASS" start="2024-04-13T08:13:18.306350" elapsed="0.000214"/>
</kw>
<kw name="Set Variable" owner="BuiltIn">
<msg time="2024-04-13T08:13:18.307247" level="INFO">${name_country} = MX</msg>
<var>${name_country}</var>
<arg>${json_data["results"][0]["nat"]}</arg>
<doc>Returns the given values which can then be assigned to a variables.</doc>
<status status="PASS" start="2024-04-13T08:13:18.306861" elapsed="0.000411"/>
</kw>
<kw name="Create List" owner="BuiltIn">
<msg time="2024-04-13T08:13:18.308182" level="INFO">${list_country} = ['AD', 'AE', 'AF', 'AG', 'AI', 'AL', 'AM', 'AO', 'AQ', 'AR', 'AS', 'AT', 'AU', 'AW', 'AX', 'AZ', 'BA', 'BB', 'BD', 'BE', 'BF', 'BG', 'BH', 'BI', 'BJ', 'BL', 'BM', 'BN', 'BO', 'BQ', 'BR', 'BS', 'BT', '...</msg>
<var>${list_country}</var>
<arg>AD</arg>
<arg>AE</arg>
<arg>AF</arg>
<arg>AG</arg>
<arg>AI</arg>
<arg>AL</arg>
<arg>AM</arg>
<arg>AO</arg>
<arg>AQ</arg>
<arg>AR</arg>
<arg>AS</arg>
<arg>AT</arg>
<arg>AU</arg>
<arg>AW</arg>
<arg>AX</arg>
<arg>AZ</arg>
<arg>BA</arg>
<arg>BB</arg>
<arg>BD</arg>
<arg>BE</arg>
<arg>BF</arg>
<arg>BG</arg>
<arg>BH</arg>
<arg>BI</arg>
<arg>BJ</arg>
<arg>BL</arg>
<arg>BM</arg>
<arg>BN</arg>
<arg>BO</arg>
<arg>BQ</arg>
<arg>BR</arg>
<arg>BS</arg>
<arg>BT</arg>
<arg>BV</arg>
<arg>BW</arg>
<arg>BY</arg>
<arg>BZ</arg>
<arg>CA</arg>
<arg>CC</arg>
<arg>CD</arg>
<arg>CF</arg>
<arg>CG</arg>
<arg>CH</arg>
<arg>CI</arg>
<arg>CK</arg>
<arg>CL</arg>
<arg>CM</arg>
<arg>CN</arg>
<arg>CO</arg>
<arg>CR</arg>
<arg>CU</arg>
<arg>CV</arg>
<arg>CW</arg>
<arg>CX</arg>
<arg>CY</arg>
<arg>CZ</arg>
<arg>DE</arg>
<arg>DJ</arg>
<arg>DK</arg>
<arg>DM</arg>
<arg>DO</arg>
<arg>DZ</arg>
<arg>EC</arg>
<arg>EE</arg>
<arg>EG</arg>
<arg>EH</arg>
<arg>ER</arg>
<arg>ES</arg>
<arg>ET</arg>
<arg>FI</arg>
<arg>FJ</arg>
<arg>FK</arg>
<arg>FM</arg>
<arg>FO</arg>
<arg>FR</arg>
<arg>GA</arg>
<arg>GB</arg>
<arg>GD</arg>
<arg>GE</arg>
<arg>GF</arg>
<arg>GG</arg>
<arg>GH</arg>
<arg>GI</arg>
<arg>GL</arg>
<arg>GM</arg>
<arg>GN</arg>
<arg>GP</arg>
<arg>GQ</arg>
<arg>GR</arg>
<arg>GS</arg>
<arg>GT</arg>
<arg>GU</arg>
<arg>GW</arg>
<arg>GY</arg>
<arg>HK</arg>
<arg>HM</arg>
<arg>HN</arg>
<arg>HR</arg>
<arg>HT</arg>
<arg>HU</arg>
<arg>ID</arg>
<arg>IE</arg>
<arg>IL</arg>
<arg>IM</arg>
<arg>IN</arg>
<arg>IO</arg>
<arg>IQ</arg>
<arg>IR</arg>
<arg>IS</arg>
<arg>IT</arg>
<arg>JE</arg>
<arg>JM</arg>
<arg>JO</arg>
<arg>JP</arg>
<arg>KE</arg>
<arg>KG</arg>
<arg>KH</arg>
<arg>KI</arg>
<arg>KM</arg>
<arg>KN</arg>
<arg>KP</arg>
<arg>KR</arg>
<arg>KW</arg>
<arg>KY</arg>
<arg>KZ</arg>
<arg>LA</arg>
<arg>LB</arg>
<arg>LC</arg>
<arg>LI</arg>
<arg>LK</arg>
<arg>LR</arg>
<arg>LS</arg>
<arg>LT</arg>
<arg>LU</arg>
<arg>LV</arg>
<arg>LY</arg>
<arg>MA</arg>
<arg>MC</arg>
<arg>MD</arg>
<arg>ME</arg>
<arg>MF</arg>
<arg>MG</arg>
<arg>MH</arg>
<arg>MK</arg>
<arg>ML</arg>
<arg>MM</arg>
<arg>MN</arg>
<arg>MO</arg>
<arg>MP</arg>
<arg>MQ</arg>
<arg>MR</arg>
<arg>MS</arg>
<arg>MT</arg>
<arg>MU</arg>
<arg>MV</arg>
<arg>MW</arg>
<arg>MX</arg>
<arg>MY</arg>
<arg>MZ</arg>
<arg>NA</arg>
<arg>NC</arg>
<arg>NE</arg>
<arg>NF</arg>
<arg>NG</arg>
<arg>NI</arg>
<arg>NL</arg>
<arg>NO</arg>
<arg>NP</arg>
<arg>NR</arg>
<arg>NU</arg>
<arg>NZ</arg>
<arg>OM</arg>
<arg>PA</arg>
<arg>PE</arg>
<arg>PF</arg>
<arg>PG</arg>
<arg>PH</arg>
<arg>PK</arg>
<arg>PL</arg>
<arg>PM</arg>
<arg>PN</arg>
<arg>PR</arg>
<arg>PS</arg>
<arg>PT</arg>
<arg>PW</arg>
<arg>PY</arg>
<arg>QA</arg>
<arg>RE</arg>
<arg>RO</arg>
<arg>RS</arg>
<arg>RU</arg>
<arg>RW</arg>
<arg>SA</arg>
<arg>SB</arg>
<arg>SC</arg>
<arg>SD</arg>
<arg>SE</arg>
<arg>SG</arg>
<arg>SH</arg>
<arg>SI</arg>
<arg>SJ</arg>
<arg>SK</arg>
<arg>SL</arg>
<arg>SM</arg>
<arg>SN</arg>
<arg>SO</arg>
<arg>SR</arg>
<arg>SS</arg>
<arg>ST</arg>
<arg>SV</arg>
<arg>SX</arg>
<arg>SY</arg>
<arg>SZ</arg>
<arg>TC</arg>
<arg>TD</arg>
<arg>TF</arg>
<arg>TG</arg>
<arg>TH</arg>
<arg>TJ</arg>
<arg>TK</arg>
<arg>TL</arg>
<arg>TM</arg>
<arg>TN</arg>
<arg>TO</arg>
<arg>TR</arg>
<arg>TT</arg>
<arg>TV</arg>
<arg>TW</arg>
<arg>TZ</arg>
<arg>UA</arg>
<arg>UG</arg>
<arg>UM</arg>
<arg>US</arg>
<arg>UY</arg>
<arg>UZ</arg>
<arg>VA</arg>
<arg>VC</arg>
<arg>VE</arg>
<arg>VG</arg>
<arg>VI</arg>
<arg>VN</arg>
<arg>VU</arg>
<arg>WF</arg>
<arg>WS</arg>
<arg>XK</arg>
<arg>YE</arg>
<arg>YT</arg>
<arg>ZA</arg>
<arg>ZM</arg>
<arg>ZW</arg>
<doc>Returns a list containing given items.</doc>
<status status="PASS" start="2024-04-13T08:13:18.307579" elapsed="0.000630"/>
</kw>
<kw name="List Should Contain Value" owner="Collections">
<msg time="2024-04-13T08:13:18.309266" level="INFO">False</msg>
<arg>${list_country}</arg>
<arg>${name_country}</arg>
<doc>Fails if the ``value`` is not found from ``list``.</doc>
<status status="PASS" start="2024-04-13T08:13:18.309057" elapsed="0.000247"/>
</kw>
<kw name="Run Keyword If" owner="BuiltIn">
<kw name="Should Be True" owner="BuiltIn">
<arg>${True}</arg>
<doc>Fails if the given condition is not true.</doc>
<status status="PASS" start="2024-04-13T08:13:18.310485" elapsed="0.000148"/>
</kw>
<arg>${json_data["results"][0]["location"]["coordinates"]["latitude"]} &gt;= -90 and ${json_data["results"][0]["location"]["coordinates"]["latitude"]} &lt;= 90</arg>
<arg>Should Be True</arg>
<arg>${True}</arg>
<doc>Runs the given keyword with the given arguments, if ``condition`` is true.</doc>
<status status="PASS" start="2024-04-13T08:13:18.309620" elapsed="0.001146"/>
</kw>
<kw name="Run Keyword If" owner="BuiltIn">
<kw name="Should Be True" owner="BuiltIn">
<arg>${True}</arg>
<doc>Fails if the given condition is not true.</doc>
<status status="PASS" start="2024-04-13T08:13:18.311672" elapsed="0.000147"/>
</kw>
<arg>${json_data["results"][0]["location"]["coordinates"]["longitude"]} &gt;= -180 and ${json_data["results"][0]["location"]["coordinates"]["longitude"]} &lt;= 180</arg>
<arg>Should Be True</arg>
<arg>${True}</arg>
<doc>Runs the given keyword with the given arguments, if ``condition`` is true.</doc>
<status status="PASS" start="2024-04-13T08:13:18.310954" elapsed="0.000991"/>
</kw>
<status status="PASS" start="2024-04-13T08:13:18.204895" elapsed="0.107181"/>
</kw>
<doc>Testa o conteúdo específico dos campos retornados pela API.</doc>
<tag>testeConteudo</tag>
<status status="PASS" start="2024-04-13T08:13:18.204442" elapsed="0.107787"/>
</test>
<status status="PASS" start="2024-04-13T08:13:17.382928" elapsed="0.931368"/>
</suite>
<status status="PASS" start="2024-04-13T08:13:17.369513" elapsed="0.950140"/>
</suite>
<statistics>
<total>
<stat pass="5" fail="0" skip="0">All Tests</stat>
</total>
<tag>
<stat pass="1" fail="0" skip="0">testeConteudo</stat>
<stat pass="1" fail="0" skip="0">testeEstruturaResposta</stat>
<stat pass="1" fail="0" skip="0">testeRequisicaoBasica</stat>
<stat pass="1" fail="0" skip="0">testeTiposDados</stat>
</tag>
<suite>
<stat pass="5" fail="0" skip="0" id="s1" name="Tests">Tests</stat>
<stat pass="5" fail="0" skip="0" id="s1-s1" name="Random-User-Test">Tests.Random-User-Test</stat>
</suite>
</statistics>
<errors>
</errors>
</robot>
