<?xml version="1.0" encoding="UTF-8"?>
<robot generator="Robot 7.0 (Python 3.12.3 on linux)" generated="2024-06-08T11:12:23.683818" rpa="false" schemaversion="5">
<suite id="s1" name="Tests" source="/home/runner/work/ApiRandomUser/ApiRandomUser/RamdonUser/tests">
<suite id="s1-s1" name="Random-User-Test" source="/home/runner/work/ApiRandomUser/ApiRandomUser/RamdonUser/tests/random-user-test.robot">
<test id="s1-s1-t1" name="Conectar" line="13">
<kw name="Conectar API" owner="random-user-service">
<kw name="Create Session" owner="RequestsLibrary">
<msg time="2024-06-08T11:12:24.065370" level="INFO">Creating Session using : alias=consultarAPI, url=https://randomuser.me/, headers={},                     cookies={}, auth=None, timeout=None, proxies=None, verify=False,                     debug=0 </msg>
<arg>consultarAPI</arg>
<arg>${URL}</arg>
<doc>Create Session: create a HTTP session to a server</doc>
<status status="PASS" start="2024-06-08T11:12:24.065167" elapsed="0.000374"/>
</kw>
<status status="PASS" start="2024-06-08T11:12:24.064142" elapsed="0.001749"/>
</kw>
<status status="PASS" start="2024-06-08T11:12:24.063512" elapsed="0.002574"/>
</test>
<test id="s1-s1-t2" name="Validar retorno 200 e JSON Válido" line="16">
<kw name="Teste de Requisicao Basica" owner="random-user-service">
<kw name="GET On Session" owner="RequestsLibrary">
<msg time="2024-06-08T11:12:24.268516" level="INFO">GET Request : url=https://randomuser.me/api 
 path_url=/api 
 headers={'User-Agent': 'python-requests/2.32.3', 'Accept-Encoding': 'gzip, deflate', 'Accept': '*/*', 'Connection': 'keep-alive'} 
 body=None 
 </msg>
<msg time="2024-06-08T11:12:24.268665" level="INFO">GET Response : url=https://randomuser.me/api 
 status=200, reason=OK 
 headers={'Date': 'Sat, 08 Jun 2024 11:12:24 GMT', 'Content-Type': 'application/json; charset=utf-8', 'Transfer-Encoding': 'chunked', 'Connection': 'keep-alive', 'X-Powered-By': 'Express', 'Access-Control-Allow-Origin': '*', 'Cache-Control': 'no-cache', 'ETag': 'W/"4ac-l71myApUBlS1U44pxfFK3DsbgQE"', 'Vary': 'Accept-Encoding', 'Content-Encoding': 'gzip', 'CF-Cache-Status': 'DYNAMIC', 'Report-To': '{"endpoints":[{"url":"https:\\/\\/a.nel.cloudflare.com\\/report\\/v4?s=HM5gpxCcGTjgo3M5wFlerqpKshWQ5LuO28jnQlIgud62DW2yU42maq3yamLbYzRnqHDznLpYnJw6dK13Lfk9W1wSxgvAvyrGUklBoD0O6GFz1PsxRsCLVcEYBVNqDMd5"}],"group":"cf-nel","max_age":604800}', 'NEL': '{"success_fraction":0,"report_to":"cf-nel","max_age":604800}', 'Server': 'cloudflare', 'CF-RAY': '890872575a98231e-ORD', 'alt-svc': 'h3=":443"; ma=86400'} 
 body={"results":[{"gender":"female","name":{"title":"Miss","first":"Paige","last":"Curtis"},"location":{"street":{"number":1040,"name":"Richmond Road"},"city":"Edinburgh","state":"Tyne and Wear","country":"United Kingdom","postcode":"X8 7RX","coordinates":{"latitude":"-7.4662","longitude":"97.0290"},"timezone":{"offset":"-4:00","description":"Atlantic Time (Canada), Caracas, La Paz"}},"email":"paige.curtis@example.com","login":{"uuid":"c3141a4e-3f3c-467b-9699-f1b6111cd7a3","username":"purplewolf197","password":"monkey12","salt":"8mVzDSJz","md5":"580ac7a3788ddd0933d78cf49887551b","sha1":"3e28bc6f90ebdc05c03431c90d52b25676c42625","sha256":"06abf6a35f188ee2f19b0e2f4b7deedf5feabac8ad05052540377c82d10e5263"},"dob":{"date":"1986-03-14T15:11:34.595Z","age":38},"registered":{"date":"2010-05-08T22:31:58.363Z","age":14},"phone":"015395 39004","cell":"07793 699525","id":{"name":"NINO","value":"GH 53 09 57 Y"},"picture":{"large":"https://randomuser.me/api/portraits/women/10.jpg","medium":"https://randomuser.me/api/portraits/med/women/10.jpg","thumbnail":"https://randomuser.me/api/portraits/thumb/women/10.jpg"},"nat":"GB"}],"info":{"seed":"98b8a0886414ca5a","results":1,"page":1,"version":"1.4"}} 
 </msg>
<msg time="2024-06-08T11:12:24.268756" level="INFO">/opt/hostedtoolcache/Python/3.12.3/x64/lib/python3.12/site-packages/urllib3/connectionpool.py:1103: InsecureRequestWarning: Unverified HTTPS request is being made to host 'randomuser.me'. Adding certificate verification is strongly advised. See: https://urllib3.readthedocs.io/en/latest/advanced-usage.html#tls-warnings
  warnings.warn(</msg>
<msg time="2024-06-08T11:12:24.268874" level="INFO">${response} = &lt;Response [200]&gt;</msg>
<var>${response}</var>
<arg>consultarAPI</arg>
<arg>/api</arg>
<doc>Sends a GET request on a previously created HTTP Session.</doc>
<status status="PASS" start="2024-06-08T11:12:24.068840" elapsed="0.200077"/>
</kw>
<kw name="Should Be Equal As Numbers" owner="BuiltIn">
<msg time="2024-06-08T11:12:24.269929" level="INFO">Argument types are:
&lt;class 'int'&gt;
&lt;class 'str'&gt;</msg>
<arg>${response.status_code}</arg>
<arg>200</arg>
<doc>Fails if objects are unequal after converting them to real numbers.</doc>
<status status="PASS" start="2024-06-08T11:12:24.269426" elapsed="0.000571"/>
</kw>
<kw name="Log" owner="BuiltIn">
<msg time="2024-06-08T11:12:24.270705" level="INFO">200</msg>
<arg>${response.status_code}</arg>
<doc>Logs the given message with the given level.</doc>
<status status="PASS" start="2024-06-08T11:12:24.270357" elapsed="0.000400"/>
</kw>
<kw name="Set Variable" owner="BuiltIn">
<msg time="2024-06-08T11:12:24.271546" level="INFO">${json_data} = {'results': [{'gender': 'female', 'name': {'title': 'Miss', 'first': 'Paige', 'last': 'Curtis'}, 'location': {'street': {'number': 1040, 'name': 'Richmond Road'}, 'city': 'Edinburgh', 'state': 'Tyne a...</msg>
<var>${json_data}</var>
<arg>${response.json()}</arg>
<doc>Returns the given values which can then be assigned to a variables.</doc>
<status status="PASS" start="2024-06-08T11:12:24.271065" elapsed="0.000510"/>
</kw>
<kw name="Dictionary Should Contain Key" owner="Collections">
<msg time="2024-06-08T11:12:24.272044" level="INFO">False</msg>
<arg>${json_data}</arg>
<arg>results</arg>
<doc>Fails if ``key`` is not found from ``dictionary``.</doc>
<status status="PASS" start="2024-06-08T11:12:24.271877" elapsed="0.000340"/>
</kw>
<status status="PASS" start="2024-06-08T11:12:24.068597" elapsed="0.203880"/>
</kw>
<doc>Testa se a API responde corretamente e retorna um objeto JSON válido.</doc>
<tag>testeRequisicaoBasica</tag>
<status status="PASS" start="2024-06-08T11:12:24.067995" elapsed="0.204659"/>
</test>
<test id="s1-s1-t3" name="Validar estrutura de resposta" line="22">
<kw name="Teste de Estrutura de Resposta" owner="random-user-service">
<kw name="GET On Session" owner="RequestsLibrary">
<msg time="2024-06-08T11:12:24.372230" level="INFO">GET Request : url=https://randomuser.me/api 
 path_url=/api 
 headers={'User-Agent': 'python-requests/2.32.3', 'Accept-Encoding': 'gzip, deflate', 'Accept': '*/*', 'Connection': 'keep-alive'} 
 body=None 
 </msg>
<msg time="2024-06-08T11:12:24.372312" level="INFO">GET Response : url=https://randomuser.me/api 
 status=200, reason=OK 
 headers={'Date': 'Sat, 08 Jun 2024 11:12:24 GMT', 'Content-Type': 'application/json; charset=utf-8', 'Transfer-Encoding': 'chunked', 'Connection': 'keep-alive', 'X-Powered-By': 'Express', 'Access-Control-Allow-Origin': '*', 'Cache-Control': 'no-cache', 'ETag': 'W/"487-NUWxmR4xz00LRrpEl8EDACT+j1s"', 'Vary': 'Accept-Encoding', 'Content-Encoding': 'gzip', 'CF-Cache-Status': 'DYNAMIC', 'Report-To': '{"endpoints":[{"url":"https:\\/\\/a.nel.cloudflare.com\\/report\\/v4?s=gYCej09cD2JIJg7%2B24aaMcwUoCf3bFDvM6vn0%2FC4k5Khx2deWK%2FL%2Fhh6Yc0LOi8mkQWJeMc3Cftf68PM9d2vFvlUTuY%2BwFz3eQ5ao7ZJxd2AwRh2tB3bov8BxM9sGE26"}],"group":"cf-nel","max_age":604800}', 'NEL': '{"success_fraction":0,"report_to":"cf-nel","max_age":604800}', 'Server': 'cloudflare', 'CF-RAY': '89087257baeb231e-ORD', 'alt-svc': 'h3=":443"; ma=86400'} 
 body={"results":[{"gender":"male","name":{"title":"Mr","first":"Sadhil","last":"Gamskar"},"location":{"street":{"number":3715,"name":"Tank Bund Rd"},"city":"Jamalpur","state":"Himachal Pradesh","country":"India","postcode":91769,"coordinates":{"latitude":"9.5045","longitude":"-152.9236"},"timezone":{"offset":"+7:00","description":"Bangkok, Hanoi, Jakarta"}},"email":"sadhil.gamskar@example.com","login":{"uuid":"d4d5f65e-0c6d-4ce5-b89e-cff6177650ba","username":"purpletiger797","password":"lesbens","salt":"cVz1X4vp","md5":"bb4e5bf3d71000c5598ac1f75ee47c0f","sha1":"3cef3cf460a91c0fc929a091b9c2f167baba7c1a","sha256":"de244052fdbece10e5728aefbd34d135b1bc6f691998d47a677780f28e695a0b"},"dob":{"date":"1998-12-04T01:40:58.072Z","age":25},"registered":{"date":"2022-03-04T00:12:31.805Z","age":2},"phone":"7443307657","cell":"9682141435","id":{"name":"UIDAI","value":"135489973927"},"picture":{"large":"https://randomuser.me/api/portraits/men/37.jpg","medium":"https://randomuser.me/api/portraits/med/men/37.jpg","thumbnail":"https://randomuser.me/api/portraits/thumb/men/37.jpg"},"nat":"IN"}],"info":{"seed":"0f598a6075b715d7","results":1,"page":1,"version":"1.4"}} 
 </msg>
<msg time="2024-06-08T11:12:24.372429" level="INFO">/opt/hostedtoolcache/Python/3.12.3/x64/lib/python3.12/site-packages/urllib3/connectionpool.py:1103: InsecureRequestWarning: Unverified HTTPS request is being made to host 'randomuser.me'. Adding certificate verification is strongly advised. See: https://urllib3.readthedocs.io/en/latest/advanced-usage.html#tls-warnings
  warnings.warn(</msg>
<msg time="2024-06-08T11:12:24.372541" level="INFO">${response} = &lt;Response [200]&gt;</msg>
<var>${response}</var>
<arg>consultarAPI</arg>
<arg>/api</arg>
<doc>Sends a GET request on a previously created HTTP Session.</doc>
<status status="PASS" start="2024-06-08T11:12:24.275282" elapsed="0.097310"/>
</kw>
<kw name="Set Variable" owner="BuiltIn">
<msg time="2024-06-08T11:12:24.373492" level="INFO">${json_data} = {'results': [{'gender': 'male', 'name': {'title': 'Mr', 'first': 'Sadhil', 'last': 'Gamskar'}, 'location': {'street': {'number': 3715, 'name': 'Tank Bund Rd'}, 'city': 'Jamalpur', 'state': 'Himachal P...</msg>
<var>${json_data}</var>
<arg>${response.json()}</arg>
<doc>Returns the given values which can then be assigned to a variables.</doc>
<status status="PASS" start="2024-06-08T11:12:24.373035" elapsed="0.000486"/>
</kw>
<kw name="Log" owner="BuiltIn">
<msg time="2024-06-08T11:12:24.373986" level="INFO">{'results': [{'gender': 'male', 'name': {'title': 'Mr', 'first': 'Sadhil', 'last': 'Gamskar'}, 'location': {'street': {'number': 3715, 'name': 'Tank Bund Rd'}, 'city': 'Jamalpur', 'state': 'Himachal Pradesh', 'country': 'India', 'postcode': 91769, 'coordinates': {'latitude': '9.5045', 'longitude': '-152.9236'}, 'timezone': {'offset': '+7:00', 'description': 'Bangkok, Hanoi, Jakarta'}}, 'email': 'sadhil.gamskar@example.com', 'login': {'uuid': 'd4d5f65e-0c6d-4ce5-b89e-cff6177650ba', 'username': 'purpletiger797', 'password': 'lesbens', 'salt': 'cVz1X4vp', 'md5': 'bb4e5bf3d71000c5598ac1f75ee47c0f', 'sha1': '3cef3cf460a91c0fc929a091b9c2f167baba7c1a', 'sha256': 'de244052fdbece10e5728aefbd34d135b1bc6f691998d47a677780f28e695a0b'}, 'dob': {'date': '1998-12-04T01:40:58.072Z', 'age': 25}, 'registered': {'date': '2022-03-04T00:12:31.805Z', 'age': 2}, 'phone': '7443307657', 'cell': '9682141435', 'id': {'name': 'UIDAI', 'value': '135489973927'}, 'picture': {'large': 'https://randomuser.me/api/portraits/men/37.jpg', 'medium': 'https://randomuser.me/api/portraits/med/men/37.jpg', 'thumbnail': 'https://randomuser.me/api/portraits/thumb/men/37.jpg'}, 'nat': 'IN'}], 'info': {'seed': '0f598a6075b715d7', 'results': 1, 'page': 1, 'version': '1.4'}}</msg>
<arg>${json_data}</arg>
<doc>Logs the given message with the given level.</doc>
<status status="PASS" start="2024-06-08T11:12:24.373829" elapsed="0.000206"/>
</kw>
<kw name="Dictionary Should Contain Key" owner="Collections">
<msg time="2024-06-08T11:12:24.374488" level="INFO">False</msg>
<arg>${json_data}</arg>
<arg>results</arg>
<doc>Fails if ``key`` is not found from ``dictionary``.</doc>
<status status="PASS" start="2024-06-08T11:12:24.374328" elapsed="0.000198"/>
</kw>
<kw name="Should Not Be Empty" owner="BuiltIn">
<msg time="2024-06-08T11:12:24.374963" level="INFO">Length is 2.</msg>
<arg>${json_data}</arg>
<doc>Verifies that the given item is not empty.</doc>
<status status="PASS" start="2024-06-08T11:12:24.374828" elapsed="0.000174"/>
</kw>
<kw name="Create List" owner="BuiltIn">
<msg time="2024-06-08T11:12:24.375495" level="INFO">${expected_keys} = ['gender', 'name', 'location', 'email', 'login']</msg>
<var>${expected_keys}</var>
<arg>gender</arg>
<arg>name</arg>
<arg>location</arg>
<arg>email</arg>
<arg>login</arg>
<doc>Returns a list containing given items.</doc>
<status status="PASS" start="2024-06-08T11:12:24.375344" elapsed="0.000176"/>
</kw>
<for flavor="IN">
<iter>
<kw name="Dictionary Should Contain Key" owner="Collections">
<msg time="2024-06-08T11:12:24.376502" level="INFO">False</msg>
<arg>${json_data['results'][0]}</arg>
<arg>${key}</arg>
<doc>Fails if ``key`` is not found from ``dictionary``.</doc>
<status status="PASS" start="2024-06-08T11:12:24.376098" elapsed="0.000448"/>
</kw>
<kw name="Log" owner="BuiltIn">
<msg time="2024-06-08T11:12:24.377218" level="INFO">{'gender': 'male', 'name': {'title': 'Mr', 'first': 'Sadhil', 'last': 'Gamskar'}, 'location': {'street': {'number': 3715, 'name': 'Tank Bund Rd'}, 'city': 'Jamalpur', 'state': 'Himachal Pradesh', 'country': 'India', 'postcode': 91769, 'coordinates': {'latitude': '9.5045', 'longitude': '-152.9236'}, 'timezone': {'offset': '+7:00', 'description': 'Bangkok, Hanoi, Jakarta'}}, 'email': 'sadhil.gamskar@example.com', 'login': {'uuid': 'd4d5f65e-0c6d-4ce5-b89e-cff6177650ba', 'username': 'purpletiger797', 'password': 'lesbens', 'salt': 'cVz1X4vp', 'md5': 'bb4e5bf3d71000c5598ac1f75ee47c0f', 'sha1': '3cef3cf460a91c0fc929a091b9c2f167baba7c1a', 'sha256': 'de244052fdbece10e5728aefbd34d135b1bc6f691998d47a677780f28e695a0b'}, 'dob': {'date': '1998-12-04T01:40:58.072Z', 'age': 25}, 'registered': {'date': '2022-03-04T00:12:31.805Z', 'age': 2}, 'phone': '7443307657', 'cell': '9682141435', 'id': {'name': 'UIDAI', 'value': '135489973927'}, 'picture': {'large': 'https://randomuser.me/api/portraits/men/37.jpg', 'medium': 'https://randomuser.me/api/portraits/med/men/37.jpg', 'thumbnail': 'https://randomuser.me/api/portraits/thumb/men/37.jpg'}, 'nat': 'IN'}</msg>
<arg>${json_data['results'][0]}</arg>
<doc>Logs the given message with the given level.</doc>
<status status="PASS" start="2024-06-08T11:12:24.376852" elapsed="0.000416"/>
</kw>
<kw name="Log" owner="BuiltIn">
<msg time="2024-06-08T11:12:24.377704" level="INFO">gender</msg>
<arg>${key}</arg>
<doc>Logs the given message with the given level.</doc>
<status status="PASS" start="2024-06-08T11:12:24.377572" elapsed="0.000170"/>
</kw>
<var name="${key}">gender</var>
<status status="PASS" start="2024-06-08T11:12:24.375967" elapsed="0.001993"/>
</iter>
<iter>
<kw name="Dictionary Should Contain Key" owner="Collections">
<msg time="2024-06-08T11:12:24.378663" level="INFO">False</msg>
<arg>${json_data['results'][0]}</arg>
<arg>${key}</arg>
<doc>Fails if ``key`` is not found from ``dictionary``.</doc>
<status status="PASS" start="2024-06-08T11:12:24.378268" elapsed="0.000433"/>
</kw>
<kw name="Log" owner="BuiltIn">
<msg time="2024-06-08T11:12:24.379413" level="INFO">{'gender': 'male', 'name': {'title': 'Mr', 'first': 'Sadhil', 'last': 'Gamskar'}, 'location': {'street': {'number': 3715, 'name': 'Tank Bund Rd'}, 'city': 'Jamalpur', 'state': 'Himachal Pradesh', 'country': 'India', 'postcode': 91769, 'coordinates': {'latitude': '9.5045', 'longitude': '-152.9236'}, 'timezone': {'offset': '+7:00', 'description': 'Bangkok, Hanoi, Jakarta'}}, 'email': 'sadhil.gamskar@example.com', 'login': {'uuid': 'd4d5f65e-0c6d-4ce5-b89e-cff6177650ba', 'username': 'purpletiger797', 'password': 'lesbens', 'salt': 'cVz1X4vp', 'md5': 'bb4e5bf3d71000c5598ac1f75ee47c0f', 'sha1': '3cef3cf460a91c0fc929a091b9c2f167baba7c1a', 'sha256': 'de244052fdbece10e5728aefbd34d135b1bc6f691998d47a677780f28e695a0b'}, 'dob': {'date': '1998-12-04T01:40:58.072Z', 'age': 25}, 'registered': {'date': '2022-03-04T00:12:31.805Z', 'age': 2}, 'phone': '7443307657', 'cell': '9682141435', 'id': {'name': 'UIDAI', 'value': '135489973927'}, 'picture': {'large': 'https://randomuser.me/api/portraits/men/37.jpg', 'medium': 'https://randomuser.me/api/portraits/med/men/37.jpg', 'thumbnail': 'https://randomuser.me/api/portraits/thumb/men/37.jpg'}, 'nat': 'IN'}</msg>
<arg>${json_data['results'][0]}</arg>
<doc>Logs the given message with the given level.</doc>
<status status="PASS" start="2024-06-08T11:12:24.379029" elapsed="0.000433"/>
</kw>
<kw name="Log" owner="BuiltIn">
<msg time="2024-06-08T11:12:24.379893" level="INFO">name</msg>
<arg>${key}</arg>
<doc>Logs the given message with the given level.</doc>
<status status="PASS" start="2024-06-08T11:12:24.379763" elapsed="0.000170"/>
</kw>
<var name="${key}">name</var>
<status status="PASS" start="2024-06-08T11:12:24.378151" elapsed="0.002016"/>
</iter>
<iter>
<kw name="Dictionary Should Contain Key" owner="Collections">
<msg time="2024-06-08T11:12:24.380843" level="INFO">False</msg>
<arg>${json_data['results'][0]}</arg>
<arg>${key}</arg>
<doc>Fails if ``key`` is not found from ``dictionary``.</doc>
<status status="PASS" start="2024-06-08T11:12:24.380464" elapsed="0.000417"/>
</kw>
<kw name="Log" owner="BuiltIn">
<msg time="2024-06-08T11:12:24.381556" level="INFO">{'gender': 'male', 'name': {'title': 'Mr', 'first': 'Sadhil', 'last': 'Gamskar'}, 'location': {'street': {'number': 3715, 'name': 'Tank Bund Rd'}, 'city': 'Jamalpur', 'state': 'Himachal Pradesh', 'country': 'India', 'postcode': 91769, 'coordinates': {'latitude': '9.5045', 'longitude': '-152.9236'}, 'timezone': {'offset': '+7:00', 'description': 'Bangkok, Hanoi, Jakarta'}}, 'email': 'sadhil.gamskar@example.com', 'login': {'uuid': 'd4d5f65e-0c6d-4ce5-b89e-cff6177650ba', 'username': 'purpletiger797', 'password': 'lesbens', 'salt': 'cVz1X4vp', 'md5': 'bb4e5bf3d71000c5598ac1f75ee47c0f', 'sha1': '3cef3cf460a91c0fc929a091b9c2f167baba7c1a', 'sha256': 'de244052fdbece10e5728aefbd34d135b1bc6f691998d47a677780f28e695a0b'}, 'dob': {'date': '1998-12-04T01:40:58.072Z', 'age': 25}, 'registered': {'date': '2022-03-04T00:12:31.805Z', 'age': 2}, 'phone': '7443307657', 'cell': '9682141435', 'id': {'name': 'UIDAI', 'value': '135489973927'}, 'picture': {'large': 'https://randomuser.me/api/portraits/men/37.jpg', 'medium': 'https://randomuser.me/api/portraits/med/men/37.jpg', 'thumbnail': 'https://randomuser.me/api/portraits/thumb/men/37.jpg'}, 'nat': 'IN'}</msg>
<arg>${json_data['results'][0]}</arg>
<doc>Logs the given message with the given level.</doc>
<status status="PASS" start="2024-06-08T11:12:24.381186" elapsed="0.000420"/>
</kw>
<kw name="Log" owner="BuiltIn">
<msg time="2024-06-08T11:12:24.382032" level="INFO">location</msg>
<arg>${key}</arg>
<doc>Logs the given message with the given level.</doc>
<status status="PASS" start="2024-06-08T11:12:24.381906" elapsed="0.000164"/>
</kw>
<var name="${key}">location</var>
<status status="PASS" start="2024-06-08T11:12:24.380348" elapsed="0.001938"/>
</iter>
<iter>
<kw name="Dictionary Should Contain Key" owner="Collections">
<msg time="2024-06-08T11:12:24.383062" level="INFO">False</msg>
<arg>${json_data['results'][0]}</arg>
<arg>${key}</arg>
<doc>Fails if ``key`` is not found from ``dictionary``.</doc>
<status status="PASS" start="2024-06-08T11:12:24.382572" elapsed="0.000547"/>
</kw>
<kw name="Log" owner="BuiltIn">
<msg time="2024-06-08T11:12:24.383786" level="INFO">{'gender': 'male', 'name': {'title': 'Mr', 'first': 'Sadhil', 'last': 'Gamskar'}, 'location': {'street': {'number': 3715, 'name': 'Tank Bund Rd'}, 'city': 'Jamalpur', 'state': 'Himachal Pradesh', 'country': 'India', 'postcode': 91769, 'coordinates': {'latitude': '9.5045', 'longitude': '-152.9236'}, 'timezone': {'offset': '+7:00', 'description': 'Bangkok, Hanoi, Jakarta'}}, 'email': 'sadhil.gamskar@example.com', 'login': {'uuid': 'd4d5f65e-0c6d-4ce5-b89e-cff6177650ba', 'username': 'purpletiger797', 'password': 'lesbens', 'salt': 'cVz1X4vp', 'md5': 'bb4e5bf3d71000c5598ac1f75ee47c0f', 'sha1': '3cef3cf460a91c0fc929a091b9c2f167baba7c1a', 'sha256': 'de244052fdbece10e5728aefbd34d135b1bc6f691998d47a677780f28e695a0b'}, 'dob': {'date': '1998-12-04T01:40:58.072Z', 'age': 25}, 'registered': {'date': '2022-03-04T00:12:31.805Z', 'age': 2}, 'phone': '7443307657', 'cell': '9682141435', 'id': {'name': 'UIDAI', 'value': '135489973927'}, 'picture': {'large': 'https://randomuser.me/api/portraits/men/37.jpg', 'medium': 'https://randomuser.me/api/portraits/med/men/37.jpg', 'thumbnail': 'https://randomuser.me/api/portraits/thumb/men/37.jpg'}, 'nat': 'IN'}</msg>
<arg>${json_data['results'][0]}</arg>
<doc>Logs the given message with the given level.</doc>
<status status="PASS" start="2024-06-08T11:12:24.383426" elapsed="0.000410"/>
</kw>
<kw name="Log" owner="BuiltIn">
<msg time="2024-06-08T11:12:24.384258" level="INFO">email</msg>
<arg>${key}</arg>
<doc>Logs the given message with the given level.</doc>
<status status="PASS" start="2024-06-08T11:12:24.384130" elapsed="0.000166"/>
</kw>
<var name="${key}">email</var>
<status status="PASS" start="2024-06-08T11:12:24.382461" elapsed="0.002051"/>
</iter>
<iter>
<kw name="Dictionary Should Contain Key" owner="Collections">
<msg time="2024-06-08T11:12:24.385183" level="INFO">False</msg>
<arg>${json_data['results'][0]}</arg>
<arg>${key}</arg>
<doc>Fails if ``key`` is not found from ``dictionary``.</doc>
<status status="PASS" start="2024-06-08T11:12:24.384800" elapsed="0.000420"/>
</kw>
<kw name="Log" owner="BuiltIn">
<msg time="2024-06-08T11:12:24.385866" level="INFO">{'gender': 'male', 'name': {'title': 'Mr', 'first': 'Sadhil', 'last': 'Gamskar'}, 'location': {'street': {'number': 3715, 'name': 'Tank Bund Rd'}, 'city': 'Jamalpur', 'state': 'Himachal Pradesh', 'country': 'India', 'postcode': 91769, 'coordinates': {'latitude': '9.5045', 'longitude': '-152.9236'}, 'timezone': {'offset': '+7:00', 'description': 'Bangkok, Hanoi, Jakarta'}}, 'email': 'sadhil.gamskar@example.com', 'login': {'uuid': 'd4d5f65e-0c6d-4ce5-b89e-cff6177650ba', 'username': 'purpletiger797', 'password': 'lesbens', 'salt': 'cVz1X4vp', 'md5': 'bb4e5bf3d71000c5598ac1f75ee47c0f', 'sha1': '3cef3cf460a91c0fc929a091b9c2f167baba7c1a', 'sha256': 'de244052fdbece10e5728aefbd34d135b1bc6f691998d47a677780f28e695a0b'}, 'dob': {'date': '1998-12-04T01:40:58.072Z', 'age': 25}, 'registered': {'date': '2022-03-04T00:12:31.805Z', 'age': 2}, 'phone': '7443307657', 'cell': '9682141435', 'id': {'name': 'UIDAI', 'value': '135489973927'}, 'picture': {'large': 'https://randomuser.me/api/portraits/men/37.jpg', 'medium': 'https://randomuser.me/api/portraits/med/men/37.jpg', 'thumbnail': 'https://randomuser.me/api/portraits/thumb/men/37.jpg'}, 'nat': 'IN'}</msg>
<arg>${json_data['results'][0]}</arg>
<doc>Logs the given message with the given level.</doc>
<status status="PASS" start="2024-06-08T11:12:24.385515" elapsed="0.000398"/>
</kw>
<kw name="Log" owner="BuiltIn">
<msg time="2024-06-08T11:12:24.386331" level="INFO">login</msg>
<arg>${key}</arg>
<doc>Logs the given message with the given level.</doc>
<status status="PASS" start="2024-06-08T11:12:24.386204" elapsed="0.000165"/>
</kw>
<var name="${key}">login</var>
<status status="PASS" start="2024-06-08T11:12:24.384687" elapsed="0.001922"/>
</iter>
<var>${key}</var>
<value>@{expected_keys}</value>
<status status="PASS" start="2024-06-08T11:12:24.375780" elapsed="0.010956"/>
</for>
<kw name="Create List" owner="BuiltIn">
<msg time="2024-06-08T11:12:24.387067" level="INFO">${expected_keysTwo} = ['username', 'password']</msg>
<var>${expected_keysTwo}</var>
<arg>username</arg>
<arg>password</arg>
<doc>Returns a list containing given items.</doc>
<status status="PASS" start="2024-06-08T11:12:24.386930" elapsed="0.000161"/>
</kw>
<for flavor="IN">
<iter>
<kw name="Dictionary Should Contain Key" owner="Collections">
<msg time="2024-06-08T11:12:24.388009" level="INFO">False</msg>
<arg>${json_data['results'][0]['login']}</arg>
<arg>${keyTwo}</arg>
<doc>Fails if ``key`` is not found from ``dictionary``.</doc>
<status status="PASS" start="2024-06-08T11:12:24.387618" elapsed="0.000428"/>
</kw>
<kw name="Dictionary Should Contain Key" owner="Collections">
<msg time="2024-06-08T11:12:24.388717" level="INFO">False</msg>
<arg>${json_data['results'][0]['login']}</arg>
<arg>${keyTwo}</arg>
<doc>Fails if ``key`` is not found from ``dictionary``.</doc>
<status status="PASS" start="2024-06-08T11:12:24.388340" elapsed="0.000414"/>
</kw>
<kw name="Log" owner="BuiltIn">
<msg time="2024-06-08T11:12:24.389175" level="INFO">username</msg>
<arg>${keyTwo}</arg>
<doc>Logs the given message with the given level.</doc>
<status status="PASS" start="2024-06-08T11:12:24.389048" elapsed="0.000165"/>
</kw>
<var name="${keyTwo}">username</var>
<status status="PASS" start="2024-06-08T11:12:24.387507" elapsed="0.001929"/>
</iter>
<iter>
<kw name="Dictionary Should Contain Key" owner="Collections">
<msg time="2024-06-08T11:12:24.390107" level="INFO">False</msg>
<arg>${json_data['results'][0]['login']}</arg>
<arg>${keyTwo}</arg>
<doc>Fails if ``key`` is not found from ``dictionary``.</doc>
<status status="PASS" start="2024-06-08T11:12:24.389724" elapsed="0.000421"/>
</kw>
<kw name="Dictionary Should Contain Key" owner="Collections">
<msg time="2024-06-08T11:12:24.390824" level="INFO">False</msg>
<arg>${json_data['results'][0]['login']}</arg>
<arg>${keyTwo}</arg>
<doc>Fails if ``key`` is not found from ``dictionary``.</doc>
<status status="PASS" start="2024-06-08T11:12:24.390445" elapsed="0.000416"/>
</kw>
<kw name="Log" owner="BuiltIn">
<msg time="2024-06-08T11:12:24.391311" level="INFO">password</msg>
<arg>${keyTwo}</arg>
<doc>Logs the given message with the given level.</doc>
<status status="PASS" start="2024-06-08T11:12:24.391173" elapsed="0.000176"/>
</kw>
<var name="${keyTwo}">password</var>
<status status="PASS" start="2024-06-08T11:12:24.389608" elapsed="0.001958"/>
</iter>
<var>${keyTwo}</var>
<value>@{expected_keysTwo}</value>
<status status="PASS" start="2024-06-08T11:12:24.387353" elapsed="0.004335"/>
</for>
<status status="PASS" start="2024-06-08T11:12:24.275017" elapsed="0.116812"/>
</kw>
<doc>Testa a estrutura da resposta da API.</doc>
<tag>testeEstruturaResposta</tag>
<status status="PASS" start="2024-06-08T11:12:24.274426" elapsed="0.117549"/>
</test>
<test id="s1-s1-t4" name="Validar tipos de dados" line="28">
<kw name="Teste de Tipos de Dados" owner="random-user-service">
<kw name="GET On Session" owner="RequestsLibrary">
<msg time="2024-06-08T11:12:24.456979" level="INFO">GET Request : url=https://randomuser.me/api 
 path_url=/api 
 headers={'User-Agent': 'python-requests/2.32.3', 'Accept-Encoding': 'gzip, deflate', 'Accept': '*/*', 'Connection': 'keep-alive'} 
 body=None 
 </msg>
<msg time="2024-06-08T11:12:24.457063" level="INFO">GET Response : url=https://randomuser.me/api 
 status=200, reason=OK 
 headers={'Date': 'Sat, 08 Jun 2024 11:12:24 GMT', 'Content-Type': 'application/json; charset=utf-8', 'Transfer-Encoding': 'chunked', 'Connection': 'keep-alive', 'X-Powered-By': 'Express', 'Access-Control-Allow-Origin': '*', 'Cache-Control': 'no-cache', 'ETag': 'W/"48b-E2LQ+U06L5SfjV8ApcQ0XNi2cCc"', 'Vary': 'Accept-Encoding', 'Content-Encoding': 'gzip', 'CF-Cache-Status': 'DYNAMIC', 'Report-To': '{"endpoints":[{"url":"https:\\/\\/a.nel.cloudflare.com\\/report\\/v4?s=T096mRC8eetNnVmrMNOrZFNslMkeiRT0ndeYuH5%2FBmGaUWAuWRNpio3SiIkfzcRaenVTlT9OSYOBPW7%2FHTf6ZvOA17FxpRtpa%2FZB6Sn1elStsZLbgBgaUj0zzhIUCwnx"}],"group":"cf-nel","max_age":604800}', 'NEL': '{"success_fraction":0,"report_to":"cf-nel","max_age":604800}', 'Server': 'cloudflare', 'CF-RAY': '890872587b85231e-ORD', 'alt-svc': 'h3=":443"; ma=86400'} 
 body={"results":[{"gender":"male","name":{"title":"Mr","first":"Gabínio","last":"Lopes"},"location":{"street":{"number":139,"name":"Rua São Jorge "},"city":"Lages","state":"Bahia","country":"Brazil","postcode":26309,"coordinates":{"latitude":"-74.2905","longitude":"-130.2608"},"timezone":{"offset":"+5:30","description":"Bombay, Calcutta, Madras, New Delhi"}},"email":"gabinio.lopes@example.com","login":{"uuid":"68b0b722-eaf8-4e53-a1c1-d0c5a1561ce1","username":"smallcat842","password":"ajax","salt":"5O8F5umk","md5":"f8afb1832f2829347e323fc0e5655063","sha1":"36163a5077a4eb29db072a20ba9b7087dc63f800","sha256":"f8b2d68590904eecf87b7a1d59a53979b93e94515dc164bb8da77f68a615c99e"},"dob":{"date":"1945-03-28T14:30:17.887Z","age":79},"registered":{"date":"2018-05-02T01:02:28.100Z","age":6},"phone":"(60) 3407-9036","cell":"(13) 2112-2270","id":{"name":"CPF","value":"255.701.068-39"},"picture":{"large":"https://randomuser.me/api/portraits/men/31.jpg","medium":"https://randomuser.me/api/portraits/med/men/31.jpg","thumbnail":"https://randomuser.me/api/portraits/thumb/men/31.jpg"},"nat":"BR"}],"info":{"seed":"db2ecc0285e282b3","results":1,"page":1,"version":"1.4"}} 
 </msg>
<msg time="2024-06-08T11:12:24.457138" level="INFO">/opt/hostedtoolcache/Python/3.12.3/x64/lib/python3.12/site-packages/urllib3/connectionpool.py:1103: InsecureRequestWarning: Unverified HTTPS request is being made to host 'randomuser.me'. Adding certificate verification is strongly advised. See: https://urllib3.readthedocs.io/en/latest/advanced-usage.html#tls-warnings
  warnings.warn(</msg>
<msg time="2024-06-08T11:12:24.457221" level="INFO">${response} = &lt;Response [200]&gt;</msg>
<var>${response}</var>
<arg>consultarAPI</arg>
<arg>/api</arg>
<doc>Sends a GET request on a previously created HTTP Session.</doc>
<status status="PASS" start="2024-06-08T11:12:24.394371" elapsed="0.062882"/>
</kw>
<kw name="Set Variable" owner="BuiltIn">
<msg time="2024-06-08T11:12:24.458069" level="INFO">${json_data} = {'results': [{'gender': 'male', 'name': {'title': 'Mr', 'first': 'Gabínio', 'last': 'Lopes'}, 'location': {'street': {'number': 139, 'name': 'Rua São Jorge '}, 'city': 'Lages', 'state': 'Bahia', 'coun...</msg>
<var>${json_data}</var>
<arg>${response.json()}</arg>
<doc>Returns the given values which can then be assigned to a variables.</doc>
<status status="PASS" start="2024-06-08T11:12:24.457627" elapsed="0.000471"/>
</kw>
<kw name="Log" owner="BuiltIn">
<msg time="2024-06-08T11:12:24.458560" level="INFO">{'results': [{'gender': 'male', 'name': {'title': 'Mr', 'first': 'Gabínio', 'last': 'Lopes'}, 'location': {'street': {'number': 139, 'name': 'Rua São Jorge '}, 'city': 'Lages', 'state': 'Bahia', 'country': 'Brazil', 'postcode': 26309, 'coordinates': {'latitude': '-74.2905', 'longitude': '-130.2608'}, 'timezone': {'offset': '+5:30', 'description': 'Bombay, Calcutta, Madras, New Delhi'}}, 'email': 'gabinio.lopes@example.com', 'login': {'uuid': '68b0b722-eaf8-4e53-a1c1-d0c5a1561ce1', 'username': 'smallcat842', 'password': 'ajax', 'salt': '5O8F5umk', 'md5': 'f8afb1832f2829347e323fc0e5655063', 'sha1': '36163a5077a4eb29db072a20ba9b7087dc63f800', 'sha256': 'f8b2d68590904eecf87b7a1d59a53979b93e94515dc164bb8da77f68a615c99e'}, 'dob': {'date': '1945-03-28T14:30:17.887Z', 'age': 79}, 'registered': {'date': '2018-05-02T01:02:28.100Z', 'age': 6}, 'phone': '(60) 3407-9036', 'cell': '(13) 2112-2270', 'id': {'name': 'CPF', 'value': '255.701.068-39'}, 'picture': {'large': 'https://randomuser.me/api/portraits/men/31.jpg', 'medium': 'https://randomuser.me/api/portraits/med/men/31.jpg', 'thumbnail': 'https://randomuser.me/api/portraits/thumb/men/31.jpg'}, 'nat': 'BR'}], 'info': {'seed': 'db2ecc0285e282b3', 'results': 1, 'page': 1, 'version': '1.4'}}</msg>
<arg>${json_data}</arg>
<doc>Logs the given message with the given level.</doc>
<status status="PASS" start="2024-06-08T11:12:24.458404" elapsed="0.000235"/>
</kw>
<kw name="Should Be String" owner="String">
<arg>${json_data['results'][0]['gender']}</arg>
<doc>Fails if the given ``item`` is not a string.</doc>
<status status="PASS" start="2024-06-08T11:12:24.458935" elapsed="0.000401"/>
</kw>
<kw name="Should Match Regexp" owner="BuiltIn">
<arg>${json_data['results'][0]['email']}</arg>
<arg>^[a-zA-Z0-9._%+-]+@[a-zA-Z0-9.-]+\.[a-zA-Z]{2,}$</arg>
<doc>Fails if ``string`` does not match ``pattern`` as a regular expression.</doc>
<status status="PASS" start="2024-06-08T11:12:24.459526" elapsed="0.000619"/>
</kw>
<kw name="Should Match Regexp" owner="BuiltIn">
<arg>${json_data['results'][0]['dob']['date']}</arg>
<arg>\\d{4}-\\d{2}-\\d{2}T\\d{2}:\\d{2}:\\d{2}\\.\\d{3}Z</arg>
<doc>Fails if ``string`` does not match ``pattern`` as a regular expression.</doc>
<status status="PASS" start="2024-06-08T11:12:24.460342" elapsed="0.000499"/>
</kw>
<kw name="Should Match Regexp" owner="BuiltIn">
<arg>${json_data['results'][0]['registered']['date']}</arg>
<arg>\\d{4}-\\d{2}-\\d{2}T\\d{2}:\\d{2}:\\d{2}\\.\\d{3}Z</arg>
<doc>Fails if ``string`` does not match ``pattern`` as a regular expression.</doc>
<status status="PASS" start="2024-06-08T11:12:24.461037" elapsed="0.000364"/>
</kw>
<kw name="Should Match Regexp" owner="BuiltIn">
<arg>${json_data['results'][0]['picture']['large']}</arg>
<arg>^https?://.*\.(?:png|jpe?g|gif|bmp)$</arg>
<doc>Fails if ``string`` does not match ``pattern`` as a regular expression.</doc>
<status status="PASS" start="2024-06-08T11:12:24.461588" elapsed="0.000454"/>
</kw>
<kw name="Should Match Regexp" owner="BuiltIn">
<arg>${json_data['results'][0]['picture']['medium']}</arg>
<arg>^https?://.*\.(?:png|jpe?g|gif|bmp)$</arg>
<doc>Fails if ``string`` does not match ``pattern`` as a regular expression.</doc>
<status status="PASS" start="2024-06-08T11:12:24.462230" elapsed="0.000350"/>
</kw>
<kw name="Should Match Regexp" owner="BuiltIn">
<arg>${json_data['results'][0]['picture']['thumbnail']}</arg>
<arg>^https?://.*\.(?:png|jpe?g|gif|bmp)$</arg>
<doc>Fails if ``string`` does not match ``pattern`` as a regular expression.</doc>
<status status="PASS" start="2024-06-08T11:12:24.462766" elapsed="0.000384"/>
</kw>
<kw name="Log" owner="BuiltIn">
<msg time="2024-06-08T11:12:24.463680" level="INFO">{'large': 'https://randomuser.me/api/portraits/men/31.jpg', 'medium': 'https://randomuser.me/api/portraits/med/men/31.jpg', 'thumbnail': 'https://randomuser.me/api/portraits/thumb/men/31.jpg'}</msg>
<arg>${json_data['results'][0]['picture']}</arg>
<doc>Logs the given message with the given level.</doc>
<status status="PASS" start="2024-06-08T11:12:24.463346" elapsed="0.000377"/>
</kw>
<status status="PASS" start="2024-06-08T11:12:24.394145" elapsed="0.069831"/>
</kw>
<kw name="Teste de Tipos de Dados - Postcode" owner="random-user-service">
<kw name="GET On Session" owner="RequestsLibrary">
<msg time="2024-06-08T11:12:24.560567" level="INFO">GET Request : url=https://randomuser.me/api 
 path_url=/api 
 headers={'User-Agent': 'python-requests/2.32.3', 'Accept-Encoding': 'gzip, deflate', 'Accept': '*/*', 'Connection': 'keep-alive'} 
 body=None 
 </msg>
<msg time="2024-06-08T11:12:24.560650" level="INFO">GET Response : url=https://randomuser.me/api 
 status=200, reason=OK 
 headers={'Date': 'Sat, 08 Jun 2024 11:12:24 GMT', 'Content-Type': 'application/json; charset=utf-8', 'Transfer-Encoding': 'chunked', 'Connection': 'keep-alive', 'X-Powered-By': 'Express', 'Access-Control-Allow-Origin': '*', 'Cache-Control': 'no-cache', 'ETag': 'W/"481-Y0xP5l9jn4CNjcN2uPHvYujTTKo"', 'Vary': 'Accept-Encoding', 'Content-Encoding': 'gzip', 'CF-Cache-Status': 'DYNAMIC', 'Report-To': '{"endpoints":[{"url":"https:\\/\\/a.nel.cloudflare.com\\/report\\/v4?s=7yn3dgVaLNa6Z2hccvMKblYBDe46gTwH9SwRDGb%2B6zUHnZ%2BETxu%2Flp9GB0o2X1SNfVTEOUtcUyQdXmNSgDcyiX37lHHtVrFzfD0OZmmvzQ%2FlR0%2B9oAgLTX9IeqDGEfh1"}],"group":"cf-nel","max_age":604800}', 'NEL': '{"success_fraction":0,"report_to":"cf-nel","max_age":604800}', 'Server': 'cloudflare', 'CF-RAY': '89087258ebe2231e-ORD', 'alt-svc': 'h3=":443"; ma=86400'} 
 body={"results":[{"gender":"male","name":{"title":"Mr","first":"Emil","last":"Sørensen"},"location":{"street":{"number":7312,"name":"Voldgade"},"city":"Roslev","state":"Sjælland","country":"Denmark","postcode":15388,"coordinates":{"latitude":"-45.4268","longitude":"-148.9234"},"timezone":{"offset":"+3:00","description":"Baghdad, Riyadh, Moscow, St. Petersburg"}},"email":"emil.sorensen@example.com","login":{"uuid":"4f8bfac0-9c09-440e-a3ba-ff0222042ef5","username":"sadmouse996","password":"card","salt":"MVaMsc64","md5":"7c4127003307f019f4dbdf30f37dc858","sha1":"bfd9a1b8a92ad6aec48e17abbeee26fdc59567fb","sha256":"253ad9a4ee50c84ac941c7c784fd1c7e4256d17967c10aa1dd9ba9664489b97b"},"dob":{"date":"1998-04-27T19:43:58.287Z","age":26},"registered":{"date":"2002-09-01T01:53:59.041Z","age":21},"phone":"11021993","cell":"92022462","id":{"name":"CPR","value":"270498-1277"},"picture":{"large":"https://randomuser.me/api/portraits/men/13.jpg","medium":"https://randomuser.me/api/portraits/med/men/13.jpg","thumbnail":"https://randomuser.me/api/portraits/thumb/men/13.jpg"},"nat":"DK"}],"info":{"seed":"084fc2a1e8a22c82","results":1,"page":1,"version":"1.4"}} 
 </msg>
<msg time="2024-06-08T11:12:24.560724" level="INFO">/opt/hostedtoolcache/Python/3.12.3/x64/lib/python3.12/site-packages/urllib3/connectionpool.py:1103: InsecureRequestWarning: Unverified HTTPS request is being made to host 'randomuser.me'. Adding certificate verification is strongly advised. See: https://urllib3.readthedocs.io/en/latest/advanced-usage.html#tls-warnings
  warnings.warn(</msg>
<msg time="2024-06-08T11:12:24.560836" level="INFO">${response} = &lt;Response [200]&gt;</msg>
<var>${response}</var>
<arg>consultarAPI</arg>
<arg>/api</arg>
<doc>Sends a GET request on a previously created HTTP Session.</doc>
<status status="PASS" start="2024-06-08T11:12:24.464406" elapsed="0.096470"/>
</kw>
<kw name="Set Variable" owner="BuiltIn">
<msg time="2024-06-08T11:12:24.561823" level="INFO">${json_data} = {'results': [{'gender': 'male', 'name': {'title': 'Mr', 'first': 'Emil', 'last': 'Sørensen'}, 'location': {'street': {'number': 7312, 'name': 'Voldgade'}, 'city': 'Roslev', 'state': 'Sjælland', 'count...</msg>
<var>${json_data}</var>
<arg>${response.json()}</arg>
<doc>Returns the given values which can then be assigned to a variables.</doc>
<status status="PASS" start="2024-06-08T11:12:24.561372" elapsed="0.000481"/>
</kw>
<kw name="Log" owner="BuiltIn">
<msg time="2024-06-08T11:12:24.562315" level="INFO">{'results': [{'gender': 'male', 'name': {'title': 'Mr', 'first': 'Emil', 'last': 'Sørensen'}, 'location': {'street': {'number': 7312, 'name': 'Voldgade'}, 'city': 'Roslev', 'state': 'Sjælland', 'country': 'Denmark', 'postcode': 15388, 'coordinates': {'latitude': '-45.4268', 'longitude': '-148.9234'}, 'timezone': {'offset': '+3:00', 'description': 'Baghdad, Riyadh, Moscow, St. Petersburg'}}, 'email': 'emil.sorensen@example.com', 'login': {'uuid': '4f8bfac0-9c09-440e-a3ba-ff0222042ef5', 'username': 'sadmouse996', 'password': 'card', 'salt': 'MVaMsc64', 'md5': '7c4127003307f019f4dbdf30f37dc858', 'sha1': 'bfd9a1b8a92ad6aec48e17abbeee26fdc59567fb', 'sha256': '253ad9a4ee50c84ac941c7c784fd1c7e4256d17967c10aa1dd9ba9664489b97b'}, 'dob': {'date': '1998-04-27T19:43:58.287Z', 'age': 26}, 'registered': {'date': '2002-09-01T01:53:59.041Z', 'age': 21}, 'phone': '11021993', 'cell': '92022462', 'id': {'name': 'CPR', 'value': '270498-1277'}, 'picture': {'large': 'https://randomuser.me/api/portraits/men/13.jpg', 'medium': 'https://randomuser.me/api/portraits/med/men/13.jpg', 'thumbnail': 'https://randomuser.me/api/portraits/thumb/men/13.jpg'}, 'nat': 'DK'}], 'info': {'seed': '084fc2a1e8a22c82', 'results': 1, 'page': 1, 'version': '1.4'}}</msg>
<arg>${json_data}</arg>
<doc>Logs the given message with the given level.</doc>
<status status="PASS" start="2024-06-08T11:12:24.562158" elapsed="0.000237"/>
</kw>
<kw name="Should Be Equal As Numbers" owner="BuiltIn">
<arg>${json_data['results'][0]['location']['postcode']}</arg>
<arg>${json_data['results'][0]['location']['postcode']}</arg>
<doc>Fails if objects are unequal after converting them to real numbers.</doc>
<status status="PASS" start="2024-06-08T11:12:24.562694" elapsed="0.000661"/>
</kw>
<kw name="Log" owner="BuiltIn">
<msg time="2024-06-08T11:12:24.563881" level="INFO">15388</msg>
<arg>${json_data['results'][0]['location']['postcode']}</arg>
<doc>Logs the given message with the given level.</doc>
<status status="PASS" start="2024-06-08T11:12:24.563548" elapsed="0.000373"/>
</kw>
<status status="PASS" start="2024-06-08T11:12:24.464184" elapsed="0.099986"/>
</kw>
<doc>Testa se os tipos de dados na resposta da API estão corretos.</doc>
<tag>testeTiposDados</tag>
<status status="PASS" start="2024-06-08T11:12:24.393694" elapsed="0.170631"/>
</test>
<test id="s1-s1-t5" name="Validar conteudo" line="35">
<kw name="Teste de Tipos de Conteudo" owner="random-user-service">
<kw name="GET On Session" owner="RequestsLibrary">
<msg time="2024-06-08T11:12:24.663339" level="INFO">GET Request : url=https://randomuser.me/api 
 path_url=/api 
 headers={'User-Agent': 'python-requests/2.32.3', 'Accept-Encoding': 'gzip, deflate', 'Accept': '*/*', 'Connection': 'keep-alive'} 
 body=None 
 </msg>
<msg time="2024-06-08T11:12:24.663422" level="INFO">GET Response : url=https://randomuser.me/api 
 status=200, reason=OK 
 headers={'Date': 'Sat, 08 Jun 2024 11:12:24 GMT', 'Content-Type': 'application/json; charset=utf-8', 'Transfer-Encoding': 'chunked', 'Connection': 'keep-alive', 'X-Powered-By': 'Express', 'Access-Control-Allow-Origin': '*', 'Cache-Control': 'no-cache', 'ETag': 'W/"46a-ozKORzNEvnfJicaE3+RqY2p2qVc"', 'Vary': 'Accept-Encoding', 'Content-Encoding': 'gzip', 'CF-Cache-Status': 'DYNAMIC', 'Report-To': '{"endpoints":[{"url":"https:\\/\\/a.nel.cloudflare.com\\/report\\/v4?s=WBeBevbpZ0k1dO7b%2FTHYwKLhHz%2B4PySQsrsLDvUmcFyOfw4s1dDBCxOemCdhXMconePWFWnycjR7UJwE7We8CYU7761u0P4ZpCjKtjvLF0oHOiYIsPKYW6496UgIzVwC"}],"group":"cf-nel","max_age":604800}', 'NEL': '{"success_fraction":0,"report_to":"cf-nel","max_age":604800}', 'Server': 'cloudflare', 'CF-RAY': '890872599c61231e-ORD', 'alt-svc': 'h3=":443"; ma=86400'} 
 body={"results":[{"gender":"female","name":{"title":"Miss","first":"Eliza","last":"Smythe"},"location":{"street":{"number":8176,"name":"The Drive"},"city":"Roscrea","state":"Galway","country":"Ireland","postcode":42303,"coordinates":{"latitude":"-2.6895","longitude":"160.2872"},"timezone":{"offset":"+3:30","description":"Tehran"}},"email":"eliza.smythe@example.com","login":{"uuid":"5d29ddc4-5451-4b99-8a5b-0ea5761d029d","username":"sadbird909","password":"eduard","salt":"qveSLJFQ","md5":"bfb5650e7b1fbc11bd7b025febfceb39","sha1":"92f6bfbf22012319cefd972a5b1faeb924ac878b","sha256":"6bea27b539114e0dec7dba1dc01f9dd9ae61accf86ccb228b7ee26422456ac64"},"dob":{"date":"1980-12-19T16:26:08.414Z","age":43},"registered":{"date":"2009-09-21T21:29:42.417Z","age":14},"phone":"031-180-1686","cell":"081-503-7768","id":{"name":"PPS","value":"0700517T"},"picture":{"large":"https://randomuser.me/api/portraits/women/43.jpg","medium":"https://randomuser.me/api/portraits/med/women/43.jpg","thumbnail":"https://randomuser.me/api/portraits/thumb/women/43.jpg"},"nat":"IE"}],"info":{"seed":"a44d2805f305fe57","results":1,"page":1,"version":"1.4"}} 
 </msg>
<msg time="2024-06-08T11:12:24.663492" level="INFO">/opt/hostedtoolcache/Python/3.12.3/x64/lib/python3.12/site-packages/urllib3/connectionpool.py:1103: InsecureRequestWarning: Unverified HTTPS request is being made to host 'randomuser.me'. Adding certificate verification is strongly advised. See: https://urllib3.readthedocs.io/en/latest/advanced-usage.html#tls-warnings
  warnings.warn(</msg>
<msg time="2024-06-08T11:12:24.663585" level="INFO">${response} = &lt;Response [200]&gt;</msg>
<var>${response}</var>
<arg>consultarAPI</arg>
<arg>/api</arg>
<doc>Sends a GET request on a previously created HTTP Session.</doc>
<status status="PASS" start="2024-06-08T11:12:24.566654" elapsed="0.096967"/>
</kw>
<kw name="Set Variable" owner="BuiltIn">
<msg time="2024-06-08T11:12:24.664485" level="INFO">${json_data} = {'results': [{'gender': 'female', 'name': {'title': 'Miss', 'first': 'Eliza', 'last': 'Smythe'}, 'location': {'street': {'number': 8176, 'name': 'The Drive'}, 'city': 'Roscrea', 'state': 'Galway', 'co...</msg>
<var>${json_data}</var>
<arg>${response.json()}</arg>
<doc>Returns the given values which can then be assigned to a variables.</doc>
<status status="PASS" start="2024-06-08T11:12:24.664026" elapsed="0.000487"/>
</kw>
<kw name="Set Variable" owner="BuiltIn">
<msg time="2024-06-08T11:12:24.665198" level="INFO">${name_title} = Miss</msg>
<var>${name_title}</var>
<arg>${json_data["results"][0]["name"]["title"]}</arg>
<doc>Returns the given values which can then be assigned to a variables.</doc>
<status status="PASS" start="2024-06-08T11:12:24.664817" elapsed="0.000406"/>
</kw>
<kw name="Create List" owner="BuiltIn">
<msg time="2024-06-08T11:12:24.665672" level="INFO">${allowed_titles} = ['Mr', 'Ms', 'Miss', 'Mrs', 'Madame', 'Monsieur']</msg>
<var>${allowed_titles}</var>
<arg>Mr</arg>
<arg>Ms</arg>
<arg>Miss</arg>
<arg>Mrs</arg>
<arg>Madame</arg>
<arg>Monsieur</arg>
<doc>Returns a list containing given items.</doc>
<status status="PASS" start="2024-06-08T11:12:24.665523" elapsed="0.000173"/>
</kw>
<kw name="List Should Contain Value" owner="Collections">
<msg time="2024-06-08T11:12:24.666187" level="INFO">False</msg>
<arg>${allowed_titles}</arg>
<arg>${name_title}</arg>
<doc>Fails if the ``value`` is not found from ``list``.</doc>
<status status="PASS" start="2024-06-08T11:12:24.666002" elapsed="0.000222"/>
</kw>
<kw name="Set Variable" owner="BuiltIn">
<msg time="2024-06-08T11:12:24.667039" level="INFO">${name_country} = IE</msg>
<var>${name_country}</var>
<arg>${json_data["results"][0]["nat"]}</arg>
<doc>Returns the given values which can then be assigned to a variables.</doc>
<status status="PASS" start="2024-06-08T11:12:24.666521" elapsed="0.000544"/>
</kw>
<kw name="Create List" owner="BuiltIn">
<msg time="2024-06-08T11:12:24.668029" level="INFO">${list_country} = ['AD', 'AE', 'AF', 'AG', 'AI', 'AL', 'AM', 'AO', 'AQ', 'AR', 'AS', 'AT', 'AU', 'AW', 'AX', 'AZ', 'BA', 'BB', 'BD', 'BE', 'BF', 'BG', 'BH', 'BI', 'BJ', 'BL', 'BM', 'BN', 'BO', 'BQ', 'BR', 'BS', 'BT', '...</msg>
<var>${list_country}</var>
<arg>AD</arg>
<arg>AE</arg>
<arg>AF</arg>
<arg>AG</arg>
<arg>AI</arg>
<arg>AL</arg>
<arg>AM</arg>
<arg>AO</arg>
<arg>AQ</arg>
<arg>AR</arg>
<arg>AS</arg>
<arg>AT</arg>
<arg>AU</arg>
<arg>AW</arg>
<arg>AX</arg>
<arg>AZ</arg>
<arg>BA</arg>
<arg>BB</arg>
<arg>BD</arg>
<arg>BE</arg>
<arg>BF</arg>
<arg>BG</arg>
<arg>BH</arg>
<arg>BI</arg>
<arg>BJ</arg>
<arg>BL</arg>
<arg>BM</arg>
<arg>BN</arg>
<arg>BO</arg>
<arg>BQ</arg>
<arg>BR</arg>
<arg>BS</arg>
<arg>BT</arg>
<arg>BV</arg>
<arg>BW</arg>
<arg>BY</arg>
<arg>BZ</arg>
<arg>CA</arg>
<arg>CC</arg>
<arg>CD</arg>
<arg>CF</arg>
<arg>CG</arg>
<arg>CH</arg>
<arg>CI</arg>
<arg>CK</arg>
<arg>CL</arg>
<arg>CM</arg>
<arg>CN</arg>
<arg>CO</arg>
<arg>CR</arg>
<arg>CU</arg>
<arg>CV</arg>
<arg>CW</arg>
<arg>CX</arg>
<arg>CY</arg>
<arg>CZ</arg>
<arg>DE</arg>
<arg>DJ</arg>
<arg>DK</arg>
<arg>DM</arg>
<arg>DO</arg>
<arg>DZ</arg>
<arg>EC</arg>
<arg>EE</arg>
<arg>EG</arg>
<arg>EH</arg>
<arg>ER</arg>
<arg>ES</arg>
<arg>ET</arg>
<arg>FI</arg>
<arg>FJ</arg>
<arg>FK</arg>
<arg>FM</arg>
<arg>FO</arg>
<arg>FR</arg>
<arg>GA</arg>
<arg>GB</arg>
<arg>GD</arg>
<arg>GE</arg>
<arg>GF</arg>
<arg>GG</arg>
<arg>GH</arg>
<arg>GI</arg>
<arg>GL</arg>
<arg>GM</arg>
<arg>GN</arg>
<arg>GP</arg>
<arg>GQ</arg>
<arg>GR</arg>
<arg>GS</arg>
<arg>GT</arg>
<arg>GU</arg>
<arg>GW</arg>
<arg>GY</arg>
<arg>HK</arg>
<arg>HM</arg>
<arg>HN</arg>
<arg>HR</arg>
<arg>HT</arg>
<arg>HU</arg>
<arg>ID</arg>
<arg>IE</arg>
<arg>IL</arg>
<arg>IM</arg>
<arg>IN</arg>
<arg>IO</arg>
<arg>IQ</arg>
<arg>IR</arg>
<arg>IS</arg>
<arg>IT</arg>
<arg>JE</arg>
<arg>JM</arg>
<arg>JO</arg>
<arg>JP</arg>
<arg>KE</arg>
<arg>KG</arg>
<arg>KH</arg>
<arg>KI</arg>
<arg>KM</arg>
<arg>KN</arg>
<arg>KP</arg>
<arg>KR</arg>
<arg>KW</arg>
<arg>KY</arg>
<arg>KZ</arg>
<arg>LA</arg>
<arg>LB</arg>
<arg>LC</arg>
<arg>LI</arg>
<arg>LK</arg>
<arg>LR</arg>
<arg>LS</arg>
<arg>LT</arg>
<arg>LU</arg>
<arg>LV</arg>
<arg>LY</arg>
<arg>MA</arg>
<arg>MC</arg>
<arg>MD</arg>
<arg>ME</arg>
<arg>MF</arg>
<arg>MG</arg>
<arg>MH</arg>
<arg>MK</arg>
<arg>ML</arg>
<arg>MM</arg>
<arg>MN</arg>
<arg>MO</arg>
<arg>MP</arg>
<arg>MQ</arg>
<arg>MR</arg>
<arg>MS</arg>
<arg>MT</arg>
<arg>MU</arg>
<arg>MV</arg>
<arg>MW</arg>
<arg>MX</arg>
<arg>MY</arg>
<arg>MZ</arg>
<arg>NA</arg>
<arg>NC</arg>
<arg>NE</arg>
<arg>NF</arg>
<arg>NG</arg>
<arg>NI</arg>
<arg>NL</arg>
<arg>NO</arg>
<arg>NP</arg>
<arg>NR</arg>
<arg>NU</arg>
<arg>NZ</arg>
<arg>OM</arg>
<arg>PA</arg>
<arg>PE</arg>
<arg>PF</arg>
<arg>PG</arg>
<arg>PH</arg>
<arg>PK</arg>
<arg>PL</arg>
<arg>PM</arg>
<arg>PN</arg>
<arg>PR</arg>
<arg>PS</arg>
<arg>PT</arg>
<arg>PW</arg>
<arg>PY</arg>
<arg>QA</arg>
<arg>RE</arg>
<arg>RO</arg>
<arg>RS</arg>
<arg>RU</arg>
<arg>RW</arg>
<arg>SA</arg>
<arg>SB</arg>
<arg>SC</arg>
<arg>SD</arg>
<arg>SE</arg>
<arg>SG</arg>
<arg>SH</arg>
<arg>SI</arg>
<arg>SJ</arg>
<arg>SK</arg>
<arg>SL</arg>
<arg>SM</arg>
<arg>SN</arg>
<arg>SO</arg>
<arg>SR</arg>
<arg>SS</arg>
<arg>ST</arg>
<arg>SV</arg>
<arg>SX</arg>
<arg>SY</arg>
<arg>SZ</arg>
<arg>TC</arg>
<arg>TD</arg>
<arg>TF</arg>
<arg>TG</arg>
<arg>TH</arg>
<arg>TJ</arg>
<arg>TK</arg>
<arg>TL</arg>
<arg>TM</arg>
<arg>TN</arg>
<arg>TO</arg>
<arg>TR</arg>
<arg>TT</arg>
<arg>TV</arg>
<arg>TW</arg>
<arg>TZ</arg>
<arg>UA</arg>
<arg>UG</arg>
<arg>UM</arg>
<arg>US</arg>
<arg>UY</arg>
<arg>UZ</arg>
<arg>VA</arg>
<arg>VC</arg>
<arg>VE</arg>
<arg>VG</arg>
<arg>VI</arg>
<arg>VN</arg>
<arg>VU</arg>
<arg>WF</arg>
<arg>WS</arg>
<arg>XK</arg>
<arg>YE</arg>
<arg>YT</arg>
<arg>ZA</arg>
<arg>ZM</arg>
<arg>ZW</arg>
<doc>Returns a list containing given items.</doc>
<status status="PASS" start="2024-06-08T11:12:24.667428" elapsed="0.000627"/>
</kw>
<kw name="List Should Contain Value" owner="Collections">
<msg time="2024-06-08T11:12:24.669040" level="INFO">False</msg>
<arg>${list_country}</arg>
<arg>${name_country}</arg>
<doc>Fails if the ``value`` is not found from ``list``.</doc>
<status status="PASS" start="2024-06-08T11:12:24.668836" elapsed="0.000241"/>
</kw>
<kw name="Run Keyword If" owner="BuiltIn">
<kw name="Should Be True" owner="BuiltIn">
<arg>${True}</arg>
<doc>Fails if the given condition is not true.</doc>
<status status="PASS" start="2024-06-08T11:12:24.670159" elapsed="0.000145"/>
</kw>
<arg>${json_data["results"][0]["location"]["coordinates"]["latitude"]} &gt;= -90 and ${json_data["results"][0]["location"]["coordinates"]["latitude"]} &lt;= 90</arg>
<arg>Should Be True</arg>
<arg>${True}</arg>
<doc>Runs the given keyword with the given arguments, if ``condition`` is true.</doc>
<status status="PASS" start="2024-06-08T11:12:24.669389" elapsed="0.001040"/>
</kw>
<kw name="Run Keyword If" owner="BuiltIn">
<kw name="Should Be True" owner="BuiltIn">
<arg>${True}</arg>
<doc>Fails if the given condition is not true.</doc>
<status status="PASS" start="2024-06-08T11:12:24.671344" elapsed="0.000140"/>
</kw>
<arg>${json_data["results"][0]["location"]["coordinates"]["longitude"]} &gt;= -180 and ${json_data["results"][0]["location"]["coordinates"]["longitude"]} &lt;= 180</arg>
<arg>Should Be True</arg>
<arg>${True}</arg>
<doc>Runs the given keyword with the given arguments, if ``condition`` is true.</doc>
<status status="PASS" start="2024-06-08T11:12:24.670619" elapsed="0.000988"/>
</kw>
<status status="PASS" start="2024-06-08T11:12:24.566426" elapsed="0.105309"/>
</kw>
<doc>Testa o conteúdo específico dos campos retornados pela API.</doc>
<tag>testeConteudo</tag>
<status status="PASS" start="2024-06-08T11:12:24.565991" elapsed="0.105887"/>
</test>
<status status="PASS" start="2024-06-08T11:12:23.742469" elapsed="0.931337"/>
</suite>
<status status="PASS" start="2024-06-08T11:12:23.728463" elapsed="0.950437"/>
</suite>
<statistics>
<total>
<stat pass="5" fail="0" skip="0">All Tests</stat>
</total>
<tag>
<stat pass="1" fail="0" skip="0">testeConteudo</stat>
<stat pass="1" fail="0" skip="0">testeEstruturaResposta</stat>
<stat pass="1" fail="0" skip="0">testeRequisicaoBasica</stat>
<stat pass="1" fail="0" skip="0">testeTiposDados</stat>
</tag>
<suite>
<stat pass="5" fail="0" skip="0" id="s1" name="Tests">Tests</stat>
<stat pass="5" fail="0" skip="0" id="s1-s1" name="Random-User-Test">Tests.Random-User-Test</stat>
</suite>
</statistics>
<errors>
</errors>
</robot>
