<?xml version="1.0" encoding="UTF-8"?>
<robot generator="Robot 7.0 (Python 3.12.2 on linux)" generated="2024-03-25T15:15:24.491071" rpa="false" schemaversion="5">
<suite id="s1" name="Tests" source="/home/runner/work/DesafioQAItauRogerioJordao/DesafioQAItauRogerioJordao/RamdonUser/tests">
<suite id="s1-s1" name="Random-User-Test" source="/home/runner/work/DesafioQAItauRogerioJordao/DesafioQAItauRogerioJordao/RamdonUser/tests/random-user-test.robot">
<test id="s1-s1-t1" name="Conectar" line="13">
<kw name="Conectar API" owner="random-user-service">
<kw name="Create Session" owner="RequestsLibrary">
<msg time="2024-03-25T15:15:24.915424" level="INFO">Creating Session using : alias=consultarAPI, url=https://randomuser.me/, headers={},                     cookies={}, auth=None, timeout=None, proxies=None, verify=False,                     debug=0 </msg>
<arg>consultarAPI</arg>
<arg>${URL}</arg>
<doc>Create Session: create a HTTP session to a server</doc>
<status status="PASS" start="2024-03-25T15:15:24.915193" elapsed="0.000429"/>
</kw>
<status status="PASS" start="2024-03-25T15:15:24.914081" elapsed="0.001950"/>
</kw>
<status status="PASS" start="2024-03-25T15:15:24.913477" elapsed="0.002774"/>
</test>
<test id="s1-s1-t2" name="Validar retorno 200 e JSON Válido" line="16">
<kw name="Teste de Requisicao Basica" owner="random-user-service">
<kw name="GET On Session" owner="RequestsLibrary">
<msg time="2024-03-25T15:15:24.995107" level="INFO">GET Request : url=https://randomuser.me/api 
 path_url=/api 
 headers={'User-Agent': 'python-requests/2.31.0', 'Accept-Encoding': 'gzip, deflate', 'Accept': '*/*', 'Connection': 'keep-alive'} 
 body=None 
 </msg>
<msg time="2024-03-25T15:15:24.995286" level="INFO">GET Response : url=https://randomuser.me/api 
 status=200, reason=OK 
 headers={'Date': 'Mon, 25 Mar 2024 15:15:24 GMT', 'Content-Type': 'application/json; charset=utf-8', 'Transfer-Encoding': 'chunked', 'Connection': 'keep-alive', 'X-Powered-By': 'Express', 'Access-Control-Allow-Origin': '*', 'Cache-Control': 'no-cache', 'ETag': 'W/"4a0-8KEzDeU9rAoqihXBTq6WXjEqG9I"', 'Vary': 'Accept-Encoding', 'Content-Encoding': 'gzip', 'CF-Cache-Status': 'DYNAMIC', 'Report-To': '{"endpoints":[{"url":"https:\\/\\/a.nel.cloudflare.com\\/report\\/v4?s=VnK9aF48%2FJ5yXGfddageTPIZx8l6BJlugn%2FmsLYuGNI1nyUpAfV1xOi7oycCB%2BdtpAVEGV6qSVQEgJj%2Fhaxqp1SCtUvIGT0mKBdEh65H%2FaNTFRUhMABjrGhBBfocpxme"}],"group":"cf-nel","max_age":604800}', 'NEL': '{"success_fraction":0,"report_to":"cf-nel","max_age":604800}', 'Server': 'cloudflare', 'CF-RAY': '869fdb30d91e1183-ORD', 'alt-svc': 'h3=":443"; ma=86400'} 
 body={"results":[{"gender":"male","name":{"title":"Mr","first":"Derrick","last":"Sims"},"location":{"street":{"number":7154,"name":"Lone Wolf Trail"},"city":"Sterling Heights","state":"North Carolina","country":"United States","postcode":24169,"coordinates":{"latitude":"81.7844","longitude":"-69.2249"},"timezone":{"offset":"+4:00","description":"Abu Dhabi, Muscat, Baku, Tbilisi"}},"email":"derrick.sims@example.com","login":{"uuid":"4d9b7da2-e6f0-4b40-927a-36cdfb7d23c3","username":"lazyostrich282","password":"brest","salt":"4A7bUqbu","md5":"23ffa5e1a0f72de94159fd2b1a7cde18","sha1":"ca6933e11544545c7eb8d754b10e11e2de6a1407","sha256":"715852e1c007b673675a63a621a596f9b4be86a7bc1cf29426b88d43ea91c854"},"dob":{"date":"1966-04-08T17:49:45.675Z","age":57},"registered":{"date":"2017-12-16T18:37:51.347Z","age":6},"phone":"(974) 812-8220","cell":"(202) 986-0462","id":{"name":"SSN","value":"826-36-1012"},"picture":{"large":"https://randomuser.me/api/portraits/men/86.jpg","medium":"https://randomuser.me/api/portraits/med/men/86.jpg","thumbnail":"https://randomuser.me/api/portraits/thumb/men/86.jpg"},"nat":"US"}],"info":{"seed":"bdb885a1c3707426","results":1,"page":1,"version":"1.4"}} 
 </msg>
<msg time="2024-03-25T15:15:24.995401" level="INFO">/opt/hostedtoolcache/Python/3.12.2/x64/lib/python3.12/site-packages/urllib3/connectionpool.py:1103: InsecureRequestWarning: Unverified HTTPS request is being made to host 'randomuser.me'. Adding certificate verification is strongly advised. See: https://urllib3.readthedocs.io/en/latest/advanced-usage.html#tls-warnings
  warnings.warn(</msg>
<msg time="2024-03-25T15:15:24.995566" level="INFO">${response} = &lt;Response [200]&gt;</msg>
<var>${response}</var>
<arg>consultarAPI</arg>
<arg>/api</arg>
<doc>Sends a GET request on a previously created HTTP Session.</doc>
<status status="PASS" start="2024-03-25T15:15:24.918945" elapsed="0.076668"/>
</kw>
<kw name="Should Be Equal As Numbers" owner="BuiltIn">
<msg time="2024-03-25T15:15:24.996811" level="INFO">Argument types are:
&lt;class 'int'&gt;
&lt;class 'str'&gt;</msg>
<arg>${response.status_code}</arg>
<arg>200</arg>
<doc>Fails if objects are unequal after converting them to real numbers.</doc>
<status status="PASS" start="2024-03-25T15:15:24.996324" elapsed="0.000559"/>
</kw>
<kw name="Log" owner="BuiltIn">
<msg time="2024-03-25T15:15:24.997713" level="INFO">200</msg>
<arg>${response.status_code}</arg>
<doc>Logs the given message with the given level.</doc>
<status status="PASS" start="2024-03-25T15:15:24.997311" elapsed="0.000449"/>
</kw>
<kw name="Set Variable" owner="BuiltIn">
<msg time="2024-03-25T15:15:24.998604" level="INFO">${json_data} = {'results': [{'gender': 'male', 'name': {'title': 'Mr', 'first': 'Derrick', 'last': 'Sims'}, 'location': {'street': {'number': 7154, 'name': 'Lone Wolf Trail'}, 'city': 'Sterling Heights', 'state': 'N...</msg>
<var>${json_data}</var>
<arg>${response.json()}</arg>
<doc>Returns the given values which can then be assigned to a variables.</doc>
<status status="PASS" start="2024-03-25T15:15:24.998126" elapsed="0.000507"/>
</kw>
<kw name="Dictionary Should Contain Key" owner="Collections">
<msg time="2024-03-25T15:15:24.999130" level="INFO">False</msg>
<arg>${json_data}</arg>
<arg>results</arg>
<doc>Fails if ``key`` is not found from ``dictionary``.</doc>
<status status="PASS" start="2024-03-25T15:15:24.998953" elapsed="0.000218"/>
</kw>
<status status="PASS" start="2024-03-25T15:15:24.918669" elapsed="0.080772"/>
</kw>
<doc>Testa se a API responde corretamente e retorna um objeto JSON válido.</doc>
<tag>testeRequisicaoBasica</tag>
<status status="PASS" start="2024-03-25T15:15:24.918174" elapsed="0.081463"/>
</test>
<test id="s1-s1-t3" name="Validar estrutura de resposta" line="22">
<kw name="Teste de Estrutura de Resposta" owner="random-user-service">
<kw name="GET On Session" owner="RequestsLibrary">
<msg time="2024-03-25T15:15:25.097869" level="INFO">GET Request : url=https://randomuser.me/api 
 path_url=/api 
 headers={'User-Agent': 'python-requests/2.31.0', 'Accept-Encoding': 'gzip, deflate', 'Accept': '*/*', 'Connection': 'keep-alive'} 
 body=None 
 </msg>
<msg time="2024-03-25T15:15:25.097973" level="INFO">GET Response : url=https://randomuser.me/api 
 status=200, reason=OK 
 headers={'Date': 'Mon, 25 Mar 2024 15:15:25 GMT', 'Content-Type': 'application/json; charset=utf-8', 'Transfer-Encoding': 'chunked', 'Connection': 'keep-alive', 'X-Powered-By': 'Express', 'Access-Control-Allow-Origin': '*', 'Cache-Control': 'no-cache', 'ETag': 'W/"488-4tGtir6B5XV01kWWQd6YiwryWD8"', 'Vary': 'Accept-Encoding', 'Content-Encoding': 'gzip', 'CF-Cache-Status': 'DYNAMIC', 'Report-To': '{"endpoints":[{"url":"https:\\/\\/a.nel.cloudflare.com\\/report\\/v4?s=45LYcz6i8Z%2B3OgCM1DDPKp7toHB2wg34CPdDz%2B%2Bp5XxErnDZQZ%2FgzgOclOlmyewUiScdsnUnWCRyFeeiLtZuzg72ooTbU940YP0zyNeOsnBsy%2Bt87cTFgu9Tzxfqw9cI"}],"group":"cf-nel","max_age":604800}', 'NEL': '{"success_fraction":0,"report_to":"cf-nel","max_age":604800}', 'Server': 'cloudflare', 'CF-RAY': '869fdb3149871183-ORD', 'alt-svc': 'h3=":443"; ma=86400'} 
 body={"results":[{"gender":"male","name":{"title":"Mr","first":"Hüseyin","last":"Staiger"},"location":{"street":{"number":2623,"name":"Bergstraße"},"city":"Bocholt","state":"Baden-Württemberg","country":"Germany","postcode":54365,"coordinates":{"latitude":"-52.6903","longitude":"-28.8234"},"timezone":{"offset":"+9:30","description":"Adelaide, Darwin"}},"email":"huseyin.staiger@example.com","login":{"uuid":"7de41107-9272-4184-ade0-29b378f0cdb2","username":"tinybear221","password":"sunday","salt":"MkDjhFqz","md5":"34bbd7d12d9dda8aba58523cbfd1fb5c","sha1":"f26e37fdcef7d019b9ff11b82935aa511de8bfa4","sha256":"fe25cdec3537d6e701c1e098cd4726ecd7e59edf3857141f63bdd2352cd99762"},"dob":{"date":"1979-12-07T08:56:04.591Z","age":44},"registered":{"date":"2016-07-27T21:34:15.883Z","age":7},"phone":"0459-0787162","cell":"0177-8630486","id":{"name":"SVNR","value":"26 071279 S 081"},"picture":{"large":"https://randomuser.me/api/portraits/men/23.jpg","medium":"https://randomuser.me/api/portraits/med/men/23.jpg","thumbnail":"https://randomuser.me/api/portraits/thumb/men/23.jpg"},"nat":"DE"}],"info":{"seed":"52b66756784eac80","results":1,"page":1,"version":"1.4"}} 
 </msg>
<msg time="2024-03-25T15:15:25.098131" level="INFO">/opt/hostedtoolcache/Python/3.12.2/x64/lib/python3.12/site-packages/urllib3/connectionpool.py:1103: InsecureRequestWarning: Unverified HTTPS request is being made to host 'randomuser.me'. Adding certificate verification is strongly advised. See: https://urllib3.readthedocs.io/en/latest/advanced-usage.html#tls-warnings
  warnings.warn(</msg>
<msg time="2024-03-25T15:15:25.098287" level="INFO">${response} = &lt;Response [200]&gt;</msg>
<var>${response}</var>
<arg>consultarAPI</arg>
<arg>/api</arg>
<doc>Sends a GET request on a previously created HTTP Session.</doc>
<status status="PASS" start="2024-03-25T15:15:25.002492" elapsed="0.095841"/>
</kw>
<kw name="Set Variable" owner="BuiltIn">
<msg time="2024-03-25T15:15:25.099446" level="INFO">${json_data} = {'results': [{'gender': 'male', 'name': {'title': 'Mr', 'first': 'Hüseyin', 'last': 'Staiger'}, 'location': {'street': {'number': 2623, 'name': 'Bergstraße'}, 'city': 'Bocholt', 'state': 'Baden-Württe...</msg>
<var>${json_data}</var>
<arg>${response.json()}</arg>
<doc>Returns the given values which can then be assigned to a variables.</doc>
<status status="PASS" start="2024-03-25T15:15:25.098873" elapsed="0.000605"/>
</kw>
<kw name="Log" owner="BuiltIn">
<msg time="2024-03-25T15:15:25.100018" level="INFO">{'results': [{'gender': 'male', 'name': {'title': 'Mr', 'first': 'Hüseyin', 'last': 'Staiger'}, 'location': {'street': {'number': 2623, 'name': 'Bergstraße'}, 'city': 'Bocholt', 'state': 'Baden-Württemberg', 'country': 'Germany', 'postcode': 54365, 'coordinates': {'latitude': '-52.6903', 'longitude': '-28.8234'}, 'timezone': {'offset': '+9:30', 'description': 'Adelaide, Darwin'}}, 'email': 'huseyin.staiger@example.com', 'login': {'uuid': '7de41107-9272-4184-ade0-29b378f0cdb2', 'username': 'tinybear221', 'password': 'sunday', 'salt': 'MkDjhFqz', 'md5': '34bbd7d12d9dda8aba58523cbfd1fb5c', 'sha1': 'f26e37fdcef7d019b9ff11b82935aa511de8bfa4', 'sha256': 'fe25cdec3537d6e701c1e098cd4726ecd7e59edf3857141f63bdd2352cd99762'}, 'dob': {'date': '1979-12-07T08:56:04.591Z', 'age': 44}, 'registered': {'date': '2016-07-27T21:34:15.883Z', 'age': 7}, 'phone': '0459-0787162', 'cell': '0177-8630486', 'id': {'name': 'SVNR', 'value': '26 071279 S 081'}, 'picture': {'large': 'https://randomuser.me/api/portraits/men/23.jpg', 'medium': 'https://randomuser.me/api/portraits/med/men/23.jpg', 'thumbnail': 'https://randomuser.me/api/portraits/thumb/men/23.jpg'}, 'nat': 'DE'}], 'info': {'seed': '52b66756784eac80', 'results': 1, 'page': 1, 'version': '1.4'}}</msg>
<arg>${json_data}</arg>
<doc>Logs the given message with the given level.</doc>
<status status="PASS" start="2024-03-25T15:15:25.099837" elapsed="0.000233"/>
</kw>
<kw name="Dictionary Should Contain Key" owner="Collections">
<msg time="2024-03-25T15:15:25.100551" level="INFO">False</msg>
<arg>${json_data}</arg>
<arg>results</arg>
<doc>Fails if ``key`` is not found from ``dictionary``.</doc>
<status status="PASS" start="2024-03-25T15:15:25.100388" elapsed="0.000203"/>
</kw>
<kw name="Should Not Be Empty" owner="BuiltIn">
<msg time="2024-03-25T15:15:25.101033" level="INFO">Length is 2.</msg>
<arg>${json_data}</arg>
<doc>Verifies that the given item is not empty.</doc>
<status status="PASS" start="2024-03-25T15:15:25.100896" elapsed="0.000178"/>
</kw>
<kw name="Create List" owner="BuiltIn">
<msg time="2024-03-25T15:15:25.101595" level="INFO">${expected_keys} = ['gender', 'name', 'location', 'email', 'login']</msg>
<var>${expected_keys}</var>
<arg>gender</arg>
<arg>name</arg>
<arg>location</arg>
<arg>email</arg>
<arg>login</arg>
<doc>Returns a list containing given items.</doc>
<status status="PASS" start="2024-03-25T15:15:25.101432" elapsed="0.000188"/>
</kw>
<for flavor="IN">
<iter>
<kw name="Dictionary Should Contain Key" owner="Collections">
<msg time="2024-03-25T15:15:25.102641" level="INFO">False</msg>
<arg>${json_data['results'][0]}</arg>
<arg>${key}</arg>
<doc>Fails if ``key`` is not found from ``dictionary``.</doc>
<status status="PASS" start="2024-03-25T15:15:25.102216" elapsed="0.000466"/>
</kw>
<kw name="Log" owner="BuiltIn">
<msg time="2024-03-25T15:15:25.103374" level="INFO">{'gender': 'male', 'name': {'title': 'Mr', 'first': 'Hüseyin', 'last': 'Staiger'}, 'location': {'street': {'number': 2623, 'name': 'Bergstraße'}, 'city': 'Bocholt', 'state': 'Baden-Württemberg', 'country': 'Germany', 'postcode': 54365, 'coordinates': {'latitude': '-52.6903', 'longitude': '-28.8234'}, 'timezone': {'offset': '+9:30', 'description': 'Adelaide, Darwin'}}, 'email': 'huseyin.staiger@example.com', 'login': {'uuid': '7de41107-9272-4184-ade0-29b378f0cdb2', 'username': 'tinybear221', 'password': 'sunday', 'salt': 'MkDjhFqz', 'md5': '34bbd7d12d9dda8aba58523cbfd1fb5c', 'sha1': 'f26e37fdcef7d019b9ff11b82935aa511de8bfa4', 'sha256': 'fe25cdec3537d6e701c1e098cd4726ecd7e59edf3857141f63bdd2352cd99762'}, 'dob': {'date': '1979-12-07T08:56:04.591Z', 'age': 44}, 'registered': {'date': '2016-07-27T21:34:15.883Z', 'age': 7}, 'phone': '0459-0787162', 'cell': '0177-8630486', 'id': {'name': 'SVNR', 'value': '26 071279 S 081'}, 'picture': {'large': 'https://randomuser.me/api/portraits/men/23.jpg', 'medium': 'https://randomuser.me/api/portraits/med/men/23.jpg', 'thumbnail': 'https://randomuser.me/api/portraits/thumb/men/23.jpg'}, 'nat': 'DE'}</msg>
<arg>${json_data['results'][0]}</arg>
<doc>Logs the given message with the given level.</doc>
<status status="PASS" start="2024-03-25T15:15:25.102990" elapsed="0.000441"/>
</kw>
<kw name="Log" owner="BuiltIn">
<msg time="2024-03-25T15:15:25.103887" level="INFO">gender</msg>
<arg>${key}</arg>
<doc>Logs the given message with the given level.</doc>
<status status="PASS" start="2024-03-25T15:15:25.103754" elapsed="0.000173"/>
</kw>
<var name="${key}">gender</var>
<status status="PASS" start="2024-03-25T15:15:25.102089" elapsed="0.002061"/>
</iter>
<iter>
<kw name="Dictionary Should Contain Key" owner="Collections">
<msg time="2024-03-25T15:15:25.104845" level="INFO">False</msg>
<arg>${json_data['results'][0]}</arg>
<arg>${key}</arg>
<doc>Fails if ``key`` is not found from ``dictionary``.</doc>
<status status="PASS" start="2024-03-25T15:15:25.104461" elapsed="0.000422"/>
</kw>
<kw name="Log" owner="BuiltIn">
<msg time="2024-03-25T15:15:25.105645" level="INFO">{'gender': 'male', 'name': {'title': 'Mr', 'first': 'Hüseyin', 'last': 'Staiger'}, 'location': {'street': {'number': 2623, 'name': 'Bergstraße'}, 'city': 'Bocholt', 'state': 'Baden-Württemberg', 'country': 'Germany', 'postcode': 54365, 'coordinates': {'latitude': '-52.6903', 'longitude': '-28.8234'}, 'timezone': {'offset': '+9:30', 'description': 'Adelaide, Darwin'}}, 'email': 'huseyin.staiger@example.com', 'login': {'uuid': '7de41107-9272-4184-ade0-29b378f0cdb2', 'username': 'tinybear221', 'password': 'sunday', 'salt': 'MkDjhFqz', 'md5': '34bbd7d12d9dda8aba58523cbfd1fb5c', 'sha1': 'f26e37fdcef7d019b9ff11b82935aa511de8bfa4', 'sha256': 'fe25cdec3537d6e701c1e098cd4726ecd7e59edf3857141f63bdd2352cd99762'}, 'dob': {'date': '1979-12-07T08:56:04.591Z', 'age': 44}, 'registered': {'date': '2016-07-27T21:34:15.883Z', 'age': 7}, 'phone': '0459-0787162', 'cell': '0177-8630486', 'id': {'name': 'SVNR', 'value': '26 071279 S 081'}, 'picture': {'large': 'https://randomuser.me/api/portraits/men/23.jpg', 'medium': 'https://randomuser.me/api/portraits/med/men/23.jpg', 'thumbnail': 'https://randomuser.me/api/portraits/thumb/men/23.jpg'}, 'nat': 'DE'}</msg>
<arg>${json_data['results'][0]}</arg>
<doc>Logs the given message with the given level.</doc>
<status status="PASS" start="2024-03-25T15:15:25.105266" elapsed="0.000430"/>
</kw>
<kw name="Log" owner="BuiltIn">
<msg time="2024-03-25T15:15:25.106131" level="INFO">name</msg>
<arg>${key}</arg>
<doc>Logs the given message with the given level.</doc>
<status status="PASS" start="2024-03-25T15:15:25.106001" elapsed="0.000169"/>
</kw>
<var name="${key}">name</var>
<status status="PASS" start="2024-03-25T15:15:25.104345" elapsed="0.002042"/>
</iter>
<iter>
<kw name="Dictionary Should Contain Key" owner="Collections">
<msg time="2024-03-25T15:15:25.107069" level="INFO">False</msg>
<arg>${json_data['results'][0]}</arg>
<arg>${key}</arg>
<doc>Fails if ``key`` is not found from ``dictionary``.</doc>
<status status="PASS" start="2024-03-25T15:15:25.106684" elapsed="0.000424"/>
</kw>
<kw name="Log" owner="BuiltIn">
<msg time="2024-03-25T15:15:25.107777" level="INFO">{'gender': 'male', 'name': {'title': 'Mr', 'first': 'Hüseyin', 'last': 'Staiger'}, 'location': {'street': {'number': 2623, 'name': 'Bergstraße'}, 'city': 'Bocholt', 'state': 'Baden-Württemberg', 'country': 'Germany', 'postcode': 54365, 'coordinates': {'latitude': '-52.6903', 'longitude': '-28.8234'}, 'timezone': {'offset': '+9:30', 'description': 'Adelaide, Darwin'}}, 'email': 'huseyin.staiger@example.com', 'login': {'uuid': '7de41107-9272-4184-ade0-29b378f0cdb2', 'username': 'tinybear221', 'password': 'sunday', 'salt': 'MkDjhFqz', 'md5': '34bbd7d12d9dda8aba58523cbfd1fb5c', 'sha1': 'f26e37fdcef7d019b9ff11b82935aa511de8bfa4', 'sha256': 'fe25cdec3537d6e701c1e098cd4726ecd7e59edf3857141f63bdd2352cd99762'}, 'dob': {'date': '1979-12-07T08:56:04.591Z', 'age': 44}, 'registered': {'date': '2016-07-27T21:34:15.883Z', 'age': 7}, 'phone': '0459-0787162', 'cell': '0177-8630486', 'id': {'name': 'SVNR', 'value': '26 071279 S 081'}, 'picture': {'large': 'https://randomuser.me/api/portraits/men/23.jpg', 'medium': 'https://randomuser.me/api/portraits/med/men/23.jpg', 'thumbnail': 'https://randomuser.me/api/portraits/thumb/men/23.jpg'}, 'nat': 'DE'}</msg>
<arg>${json_data['results'][0]}</arg>
<doc>Logs the given message with the given level.</doc>
<status status="PASS" start="2024-03-25T15:15:25.107408" elapsed="0.000423"/>
</kw>
<kw name="Log" owner="BuiltIn">
<msg time="2024-03-25T15:15:25.108256" level="INFO">location</msg>
<arg>${key}</arg>
<doc>Logs the given message with the given level.</doc>
<status status="PASS" start="2024-03-25T15:15:25.108128" elapsed="0.000168"/>
</kw>
<var name="${key}">location</var>
<status status="PASS" start="2024-03-25T15:15:25.106571" elapsed="0.001941"/>
</iter>
<iter>
<kw name="Dictionary Should Contain Key" owner="Collections">
<msg time="2024-03-25T15:15:25.109216" level="INFO">False</msg>
<arg>${json_data['results'][0]}</arg>
<arg>${key}</arg>
<doc>Fails if ``key`` is not found from ``dictionary``.</doc>
<status status="PASS" start="2024-03-25T15:15:25.108800" elapsed="0.000466"/>
</kw>
<kw name="Log" owner="BuiltIn">
<msg time="2024-03-25T15:15:25.109934" level="INFO">{'gender': 'male', 'name': {'title': 'Mr', 'first': 'Hüseyin', 'last': 'Staiger'}, 'location': {'street': {'number': 2623, 'name': 'Bergstraße'}, 'city': 'Bocholt', 'state': 'Baden-Württemberg', 'country': 'Germany', 'postcode': 54365, 'coordinates': {'latitude': '-52.6903', 'longitude': '-28.8234'}, 'timezone': {'offset': '+9:30', 'description': 'Adelaide, Darwin'}}, 'email': 'huseyin.staiger@example.com', 'login': {'uuid': '7de41107-9272-4184-ade0-29b378f0cdb2', 'username': 'tinybear221', 'password': 'sunday', 'salt': 'MkDjhFqz', 'md5': '34bbd7d12d9dda8aba58523cbfd1fb5c', 'sha1': 'f26e37fdcef7d019b9ff11b82935aa511de8bfa4', 'sha256': 'fe25cdec3537d6e701c1e098cd4726ecd7e59edf3857141f63bdd2352cd99762'}, 'dob': {'date': '1979-12-07T08:56:04.591Z', 'age': 44}, 'registered': {'date': '2016-07-27T21:34:15.883Z', 'age': 7}, 'phone': '0459-0787162', 'cell': '0177-8630486', 'id': {'name': 'SVNR', 'value': '26 071279 S 081'}, 'picture': {'large': 'https://randomuser.me/api/portraits/men/23.jpg', 'medium': 'https://randomuser.me/api/portraits/med/men/23.jpg', 'thumbnail': 'https://randomuser.me/api/portraits/thumb/men/23.jpg'}, 'nat': 'DE'}</msg>
<arg>${json_data['results'][0]}</arg>
<doc>Logs the given message with the given level.</doc>
<status status="PASS" start="2024-03-25T15:15:25.109567" elapsed="0.000417"/>
</kw>
<kw name="Log" owner="BuiltIn">
<msg time="2024-03-25T15:15:25.110410" level="INFO">email</msg>
<arg>${key}</arg>
<doc>Logs the given message with the given level.</doc>
<status status="PASS" start="2024-03-25T15:15:25.110283" elapsed="0.000164"/>
</kw>
<var name="${key}">email</var>
<status status="PASS" start="2024-03-25T15:15:25.108689" elapsed="0.001972"/>
</iter>
<iter>
<kw name="Dictionary Should Contain Key" owner="Collections">
<msg time="2024-03-25T15:15:25.111333" level="INFO">False</msg>
<arg>${json_data['results'][0]}</arg>
<arg>${key}</arg>
<doc>Fails if ``key`` is not found from ``dictionary``.</doc>
<status status="PASS" start="2024-03-25T15:15:25.110951" elapsed="0.000419"/>
</kw>
<kw name="Log" owner="BuiltIn">
<msg time="2024-03-25T15:15:25.112025" level="INFO">{'gender': 'male', 'name': {'title': 'Mr', 'first': 'Hüseyin', 'last': 'Staiger'}, 'location': {'street': {'number': 2623, 'name': 'Bergstraße'}, 'city': 'Bocholt', 'state': 'Baden-Württemberg', 'country': 'Germany', 'postcode': 54365, 'coordinates': {'latitude': '-52.6903', 'longitude': '-28.8234'}, 'timezone': {'offset': '+9:30', 'description': 'Adelaide, Darwin'}}, 'email': 'huseyin.staiger@example.com', 'login': {'uuid': '7de41107-9272-4184-ade0-29b378f0cdb2', 'username': 'tinybear221', 'password': 'sunday', 'salt': 'MkDjhFqz', 'md5': '34bbd7d12d9dda8aba58523cbfd1fb5c', 'sha1': 'f26e37fdcef7d019b9ff11b82935aa511de8bfa4', 'sha256': 'fe25cdec3537d6e701c1e098cd4726ecd7e59edf3857141f63bdd2352cd99762'}, 'dob': {'date': '1979-12-07T08:56:04.591Z', 'age': 44}, 'registered': {'date': '2016-07-27T21:34:15.883Z', 'age': 7}, 'phone': '0459-0787162', 'cell': '0177-8630486', 'id': {'name': 'SVNR', 'value': '26 071279 S 081'}, 'picture': {'large': 'https://randomuser.me/api/portraits/men/23.jpg', 'medium': 'https://randomuser.me/api/portraits/med/men/23.jpg', 'thumbnail': 'https://randomuser.me/api/portraits/thumb/men/23.jpg'}, 'nat': 'DE'}</msg>
<arg>${json_data['results'][0]}</arg>
<doc>Logs the given message with the given level.</doc>
<status status="PASS" start="2024-03-25T15:15:25.111662" elapsed="0.000412"/>
</kw>
<kw name="Log" owner="BuiltIn">
<msg time="2024-03-25T15:15:25.112494" level="INFO">login</msg>
<arg>${key}</arg>
<doc>Logs the given message with the given level.</doc>
<status status="PASS" start="2024-03-25T15:15:25.112367" elapsed="0.000276"/>
</kw>
<var name="${key}">login</var>
<status status="PASS" start="2024-03-25T15:15:25.110836" elapsed="0.002058"/>
</iter>
<var>${key}</var>
<value>@{expected_keys}</value>
<status status="PASS" start="2024-03-25T15:15:25.101888" elapsed="0.011136"/>
</for>
<kw name="Create List" owner="BuiltIn">
<msg time="2024-03-25T15:15:25.113415" level="INFO">${expected_keysTwo} = ['username', 'password']</msg>
<var>${expected_keysTwo}</var>
<arg>username</arg>
<arg>password</arg>
<doc>Returns a list containing given items.</doc>
<status status="PASS" start="2024-03-25T15:15:25.113272" elapsed="0.000167"/>
</kw>
<for flavor="IN">
<iter>
<kw name="Dictionary Should Contain Key" owner="Collections">
<msg time="2024-03-25T15:15:25.114344" level="INFO">False</msg>
<arg>${json_data['results'][0]['login']}</arg>
<arg>${keyTwo}</arg>
<doc>Fails if ``key`` is not found from ``dictionary``.</doc>
<status status="PASS" start="2024-03-25T15:15:25.113963" elapsed="0.000419"/>
</kw>
<kw name="Dictionary Should Contain Key" owner="Collections">
<msg time="2024-03-25T15:15:25.115053" level="INFO">False</msg>
<arg>${json_data['results'][0]['login']}</arg>
<arg>${keyTwo}</arg>
<doc>Fails if ``key`` is not found from ``dictionary``.</doc>
<status status="PASS" start="2024-03-25T15:15:25.114675" elapsed="0.000416"/>
</kw>
<kw name="Log" owner="BuiltIn">
<msg time="2024-03-25T15:15:25.115508" level="INFO">username</msg>
<arg>${keyTwo}</arg>
<doc>Logs the given message with the given level.</doc>
<status status="PASS" start="2024-03-25T15:15:25.115381" elapsed="0.000164"/>
</kw>
<var name="${keyTwo}">username</var>
<status status="PASS" start="2024-03-25T15:15:25.113854" elapsed="0.001905"/>
</iter>
<iter>
<kw name="Dictionary Should Contain Key" owner="Collections">
<msg time="2024-03-25T15:15:25.116467" level="INFO">False</msg>
<arg>${json_data['results'][0]['login']}</arg>
<arg>${keyTwo}</arg>
<doc>Fails if ``key`` is not found from ``dictionary``.</doc>
<status status="PASS" start="2024-03-25T15:15:25.116049" elapsed="0.000457"/>
</kw>
<kw name="Dictionary Should Contain Key" owner="Collections">
<msg time="2024-03-25T15:15:25.117217" level="INFO">False</msg>
<arg>${json_data['results'][0]['login']}</arg>
<arg>${keyTwo}</arg>
<doc>Fails if ``key`` is not found from ``dictionary``.</doc>
<status status="PASS" start="2024-03-25T15:15:25.116803" elapsed="0.000462"/>
</kw>
<kw name="Log" owner="BuiltIn">
<msg time="2024-03-25T15:15:25.117689" level="INFO">password</msg>
<arg>${keyTwo}</arg>
<doc>Logs the given message with the given level.</doc>
<status status="PASS" start="2024-03-25T15:15:25.117560" elapsed="0.000167"/>
</kw>
<var name="${keyTwo}">password</var>
<status status="PASS" start="2024-03-25T15:15:25.115939" elapsed="0.002003"/>
</iter>
<var>${keyTwo}</var>
<value>@{expected_keysTwo}</value>
<status status="PASS" start="2024-03-25T15:15:25.113697" elapsed="0.004366"/>
</for>
<status status="PASS" start="2024-03-25T15:15:25.002245" elapsed="0.115964"/>
</kw>
<doc>Testa a estrutura da resposta da API.</doc>
<tag>testeEstruturaResposta</tag>
<status status="PASS" start="2024-03-25T15:15:25.001532" elapsed="0.116914"/>
</test>
<test id="s1-s1-t4" name="Validar tipos de dados" line="28">
<kw name="Teste de Tipos de Dados" owner="random-user-service">
<kw name="GET On Session" owner="RequestsLibrary">
<msg time="2024-03-25T15:15:25.181972" level="INFO">GET Request : url=https://randomuser.me/api 
 path_url=/api 
 headers={'User-Agent': 'python-requests/2.31.0', 'Accept-Encoding': 'gzip, deflate', 'Accept': '*/*', 'Connection': 'keep-alive'} 
 body=None 
 </msg>
<msg time="2024-03-25T15:15:25.182086" level="INFO">GET Response : url=https://randomuser.me/api 
 status=200, reason=OK 
 headers={'Date': 'Mon, 25 Mar 2024 15:15:25 GMT', 'Content-Type': 'application/json; charset=utf-8', 'Transfer-Encoding': 'chunked', 'Connection': 'keep-alive', 'X-Powered-By': 'Express', 'Access-Control-Allow-Origin': '*', 'Cache-Control': 'no-cache', 'ETag': 'W/"488-jxzq8CCCYFW06RNuInQ0lttEjfo"', 'Vary': 'Accept-Encoding', 'Content-Encoding': 'gzip', 'CF-Cache-Status': 'DYNAMIC', 'Report-To': '{"endpoints":[{"url":"https:\\/\\/a.nel.cloudflare.com\\/report\\/v4?s=U6bKosothe1PdGtIER1thyuHUJBKfyZ3slVq4mzLo%2BBMhrlWIs6ZqDWOx%2Bq%2BZgULxGir%2FQzl12VYv6clXyljEumQeif89xG8Z9uiCMAcwsJX23eSyp0kbSNXDopFoaZ0"}],"group":"cf-nel","max_age":604800}', 'NEL': '{"success_fraction":0,"report_to":"cf-nel","max_age":604800}', 'Server': 'cloudflare', 'CF-RAY': '869fdb31fa881183-ORD', 'alt-svc': 'h3=":443"; ma=86400'} 
 body={"results":[{"gender":"female","name":{"title":"Ms","first":"Oona","last":"Kivi"},"location":{"street":{"number":4901,"name":"Rotuaari"},"city":"Suomussalmi","state":"Pirkanmaa","country":"Finland","postcode":13432,"coordinates":{"latitude":"-24.6558","longitude":"37.9283"},"timezone":{"offset":"-7:00","description":"Mountain Time (US &amp; Canada)"}},"email":"oona.kivi@example.com","login":{"uuid":"b5b27bd9-0a5e-4fa8-b332-e1cb717dd8c6","username":"blackswan171","password":"caramel","salt":"Ov48OHEo","md5":"528e9859c7fde905b60d995dd06300f6","sha1":"2486d63eecc5dea2293330ea00a587209b96e3fd","sha256":"afad04912c78e489f16eea88e38fda7a11e6998968fa5f7d1cb6c88cff5f2c5e"},"dob":{"date":"1988-11-22T20:20:27.706Z","age":35},"registered":{"date":"2016-11-22T03:26:17.276Z","age":7},"phone":"02-488-584","cell":"044-867-45-89","id":{"name":"HETU","value":"NaNNA364undefined"},"picture":{"large":"https://randomuser.me/api/portraits/women/44.jpg","medium":"https://randomuser.me/api/portraits/med/women/44.jpg","thumbnail":"https://randomuser.me/api/portraits/thumb/women/44.jpg"},"nat":"FI"}],"info":{"seed":"2c8efc7f22f8dd7c","results":1,"page":1,"version":"1.4"}} 
 </msg>
<msg time="2024-03-25T15:15:25.182170" level="INFO">/opt/hostedtoolcache/Python/3.12.2/x64/lib/python3.12/site-packages/urllib3/connectionpool.py:1103: InsecureRequestWarning: Unverified HTTPS request is being made to host 'randomuser.me'. Adding certificate verification is strongly advised. See: https://urllib3.readthedocs.io/en/latest/advanced-usage.html#tls-warnings
  warnings.warn(</msg>
<msg time="2024-03-25T15:15:25.182334" level="INFO">${response} = &lt;Response [200]&gt;</msg>
<var>${response}</var>
<arg>consultarAPI</arg>
<arg>/api</arg>
<doc>Sends a GET request on a previously created HTTP Session.</doc>
<status status="PASS" start="2024-03-25T15:15:25.120971" elapsed="0.061418"/>
</kw>
<kw name="Set Variable" owner="BuiltIn">
<msg time="2024-03-25T15:15:25.183486" level="INFO">${json_data} = {'results': [{'gender': 'female', 'name': {'title': 'Ms', 'first': 'Oona', 'last': 'Kivi'}, 'location': {'street': {'number': 4901, 'name': 'Rotuaari'}, 'city': 'Suomussalmi', 'state': 'Pirkanmaa', 'c...</msg>
<var>${json_data}</var>
<arg>${response.json()}</arg>
<doc>Returns the given values which can then be assigned to a variables.</doc>
<status status="PASS" start="2024-03-25T15:15:25.182948" elapsed="0.000567"/>
</kw>
<kw name="Log" owner="BuiltIn">
<msg time="2024-03-25T15:15:25.184024" level="INFO">{'results': [{'gender': 'female', 'name': {'title': 'Ms', 'first': 'Oona', 'last': 'Kivi'}, 'location': {'street': {'number': 4901, 'name': 'Rotuaari'}, 'city': 'Suomussalmi', 'state': 'Pirkanmaa', 'country': 'Finland', 'postcode': 13432, 'coordinates': {'latitude': '-24.6558', 'longitude': '37.9283'}, 'timezone': {'offset': '-7:00', 'description': 'Mountain Time (US &amp; Canada)'}}, 'email': 'oona.kivi@example.com', 'login': {'uuid': 'b5b27bd9-0a5e-4fa8-b332-e1cb717dd8c6', 'username': 'blackswan171', 'password': 'caramel', 'salt': 'Ov48OHEo', 'md5': '528e9859c7fde905b60d995dd06300f6', 'sha1': '2486d63eecc5dea2293330ea00a587209b96e3fd', 'sha256': 'afad04912c78e489f16eea88e38fda7a11e6998968fa5f7d1cb6c88cff5f2c5e'}, 'dob': {'date': '1988-11-22T20:20:27.706Z', 'age': 35}, 'registered': {'date': '2016-11-22T03:26:17.276Z', 'age': 7}, 'phone': '02-488-584', 'cell': '044-867-45-89', 'id': {'name': 'HETU', 'value': 'NaNNA364undefined'}, 'picture': {'large': 'https://randomuser.me/api/portraits/women/44.jpg', 'medium': 'https://randomuser.me/api/portraits/med/women/44.jpg', 'thumbnail': 'https://randomuser.me/api/portraits/thumb/women/44.jpg'}, 'nat': 'FI'}], 'info': {'seed': '2c8efc7f22f8dd7c', 'results': 1, 'page': 1, 'version': '1.4'}}</msg>
<arg>${json_data}</arg>
<doc>Logs the given message with the given level.</doc>
<status status="PASS" start="2024-03-25T15:15:25.183860" elapsed="0.000251"/>
</kw>
<kw name="Should Be String" owner="String">
<arg>${json_data['results'][0]['gender']}</arg>
<doc>Fails if the given ``item`` is not a string.</doc>
<status status="PASS" start="2024-03-25T15:15:25.184425" elapsed="0.000373"/>
</kw>
<kw name="Should Match Regexp" owner="BuiltIn">
<arg>${json_data['results'][0]['email']}</arg>
<arg>^[a-zA-Z0-9._%+-]+@[a-zA-Z0-9.-]+\.[a-zA-Z]{2,}$</arg>
<doc>Fails if ``string`` does not match ``pattern`` as a regular expression.</doc>
<status status="PASS" start="2024-03-25T15:15:25.184994" elapsed="0.000581"/>
</kw>
<kw name="Should Match Regexp" owner="BuiltIn">
<arg>${json_data['results'][0]['dob']['date']}</arg>
<arg>\\d{4}-\\d{2}-\\d{2}T\\d{2}:\\d{2}:\\d{2}\\.\\d{3}Z</arg>
<doc>Fails if ``string`` does not match ``pattern`` as a regular expression.</doc>
<status status="PASS" start="2024-03-25T15:15:25.185776" elapsed="0.000501"/>
</kw>
<kw name="Should Match Regexp" owner="BuiltIn">
<arg>${json_data['results'][0]['registered']['date']}</arg>
<arg>\\d{4}-\\d{2}-\\d{2}T\\d{2}:\\d{2}:\\d{2}\\.\\d{3}Z</arg>
<doc>Fails if ``string`` does not match ``pattern`` as a regular expression.</doc>
<status status="PASS" start="2024-03-25T15:15:25.186475" elapsed="0.000374"/>
</kw>
<kw name="Should Match Regexp" owner="BuiltIn">
<arg>${json_data['results'][0]['picture']['large']}</arg>
<arg>^https?://.*\.(?:png|jpe?g|gif|bmp)$</arg>
<doc>Fails if ``string`` does not match ``pattern`` as a regular expression.</doc>
<status status="PASS" start="2024-03-25T15:15:25.187036" elapsed="0.000458"/>
</kw>
<kw name="Should Match Regexp" owner="BuiltIn">
<arg>${json_data['results'][0]['picture']['medium']}</arg>
<arg>^https?://.*\.(?:png|jpe?g|gif|bmp)$</arg>
<doc>Fails if ``string`` does not match ``pattern`` as a regular expression.</doc>
<status status="PASS" start="2024-03-25T15:15:25.187684" elapsed="0.000359"/>
</kw>
<kw name="Should Match Regexp" owner="BuiltIn">
<arg>${json_data['results'][0]['picture']['thumbnail']}</arg>
<arg>^https?://.*\.(?:png|jpe?g|gif|bmp)$</arg>
<doc>Fails if ``string`` does not match ``pattern`` as a regular expression.</doc>
<status status="PASS" start="2024-03-25T15:15:25.188226" elapsed="0.000348"/>
</kw>
<kw name="Log" owner="BuiltIn">
<msg time="2024-03-25T15:15:25.189088" level="INFO">{'large': 'https://randomuser.me/api/portraits/women/44.jpg', 'medium': 'https://randomuser.me/api/portraits/med/women/44.jpg', 'thumbnail': 'https://randomuser.me/api/portraits/thumb/women/44.jpg'}</msg>
<arg>${json_data['results'][0]['picture']}</arg>
<doc>Logs the given message with the given level.</doc>
<status status="PASS" start="2024-03-25T15:15:25.188756" elapsed="0.000400"/>
</kw>
<status status="PASS" start="2024-03-25T15:15:25.120733" elapsed="0.068689"/>
</kw>
<kw name="Teste de Tipos de Dados - Postcode" owner="random-user-service">
<kw name="GET On Session" owner="RequestsLibrary">
<msg time="2024-03-25T15:15:25.280643" level="INFO">GET Request : url=https://randomuser.me/api 
 path_url=/api 
 headers={'User-Agent': 'python-requests/2.31.0', 'Accept-Encoding': 'gzip, deflate', 'Accept': '*/*', 'Connection': 'keep-alive'} 
 body=None 
 </msg>
<msg time="2024-03-25T15:15:25.280758" level="INFO">GET Response : url=https://randomuser.me/api 
 status=200, reason=OK 
 headers={'Date': 'Mon, 25 Mar 2024 15:15:25 GMT', 'Content-Type': 'application/json; charset=utf-8', 'Transfer-Encoding': 'chunked', 'Connection': 'keep-alive', 'X-Powered-By': 'Express', 'Access-Control-Allow-Origin': '*', 'Cache-Control': 'no-cache', 'ETag': 'W/"490-oWe+f2g3Iotuy2b0KFPRmfki1lc"', 'Vary': 'Accept-Encoding', 'Content-Encoding': 'gzip', 'CF-Cache-Status': 'DYNAMIC', 'Report-To': '{"endpoints":[{"url":"https:\\/\\/a.nel.cloudflare.com\\/report\\/v4?s=mkpWsZtZZTReYLhs7%2BUmvxx25mEFUeImQ0D153UZmjLiPDOtRhZQzKX5w%2Bjne%2BRT0%2BZi67wstyTSYCP6%2FQGXx2TMarLvuacJFYi11%2F3OkZ2MH1OdHoUGAMwXhacD3SWk"}],"group":"cf-nel","max_age":604800}', 'NEL': '{"success_fraction":0,"report_to":"cf-nel","max_age":604800}', 'Server': 'cloudflare', 'CF-RAY': '869fdb326b241183-ORD', 'alt-svc': 'h3=":443"; ma=86400'} 
 body={"results":[{"gender":"female","name":{"title":"Mrs","first":"Nora","last":"Rose"},"location":{"street":{"number":6075,"name":"Avondale Ave"},"city":"Cambridge","state":"Hawaii","country":"United States","postcode":84285,"coordinates":{"latitude":"84.5379","longitude":"150.3856"},"timezone":{"offset":"-8:00","description":"Pacific Time (US &amp; Canada)"}},"email":"nora.rose@example.com","login":{"uuid":"bca29023-d912-4bd5-8c6c-9aa84ee12f2c","username":"silvermeercat686","password":"hewlett","salt":"JhkRZtsW","md5":"7069d2b629f1c0579907cfa008feb412","sha1":"8828aa4deeb63cf6a08b0f7e223563c3dc6da013","sha256":"bae4f562670e13ef8345c4bdd2089e2da4424df45cdd8c783402e3108287abee"},"dob":{"date":"1982-02-20T23:58:32.763Z","age":42},"registered":{"date":"2012-12-26T13:26:27.531Z","age":11},"phone":"(990) 391-8639","cell":"(554) 425-9633","id":{"name":"SSN","value":"178-12-1159"},"picture":{"large":"https://randomuser.me/api/portraits/women/26.jpg","medium":"https://randomuser.me/api/portraits/med/women/26.jpg","thumbnail":"https://randomuser.me/api/portraits/thumb/women/26.jpg"},"nat":"US"}],"info":{"seed":"2a5e17082226a34b","results":1,"page":1,"version":"1.4"}} 
 </msg>
<msg time="2024-03-25T15:15:25.280861" level="INFO">/opt/hostedtoolcache/Python/3.12.2/x64/lib/python3.12/site-packages/urllib3/connectionpool.py:1103: InsecureRequestWarning: Unverified HTTPS request is being made to host 'randomuser.me'. Adding certificate verification is strongly advised. See: https://urllib3.readthedocs.io/en/latest/advanced-usage.html#tls-warnings
  warnings.warn(</msg>
<msg time="2024-03-25T15:15:25.280984" level="INFO">${response} = &lt;Response [200]&gt;</msg>
<var>${response}</var>
<arg>consultarAPI</arg>
<arg>/api</arg>
<doc>Sends a GET request on a previously created HTTP Session.</doc>
<status status="PASS" start="2024-03-25T15:15:25.190036" elapsed="0.090990"/>
</kw>
<kw name="Set Variable" owner="BuiltIn">
<msg time="2024-03-25T15:15:25.282153" level="INFO">${json_data} = {'results': [{'gender': 'female', 'name': {'title': 'Mrs', 'first': 'Nora', 'last': 'Rose'}, 'location': {'street': {'number': 6075, 'name': 'Avondale Ave'}, 'city': 'Cambridge', 'state': 'Hawaii', 'c...</msg>
<var>${json_data}</var>
<arg>${response.json()}</arg>
<doc>Returns the given values which can then be assigned to a variables.</doc>
<status status="PASS" start="2024-03-25T15:15:25.281608" elapsed="0.000574"/>
</kw>
<kw name="Log" owner="BuiltIn">
<msg time="2024-03-25T15:15:25.282730" level="INFO">{'results': [{'gender': 'female', 'name': {'title': 'Mrs', 'first': 'Nora', 'last': 'Rose'}, 'location': {'street': {'number': 6075, 'name': 'Avondale Ave'}, 'city': 'Cambridge', 'state': 'Hawaii', 'country': 'United States', 'postcode': 84285, 'coordinates': {'latitude': '84.5379', 'longitude': '150.3856'}, 'timezone': {'offset': '-8:00', 'description': 'Pacific Time (US &amp; Canada)'}}, 'email': 'nora.rose@example.com', 'login': {'uuid': 'bca29023-d912-4bd5-8c6c-9aa84ee12f2c', 'username': 'silvermeercat686', 'password': 'hewlett', 'salt': 'JhkRZtsW', 'md5': '7069d2b629f1c0579907cfa008feb412', 'sha1': '8828aa4deeb63cf6a08b0f7e223563c3dc6da013', 'sha256': 'bae4f562670e13ef8345c4bdd2089e2da4424df45cdd8c783402e3108287abee'}, 'dob': {'date': '1982-02-20T23:58:32.763Z', 'age': 42}, 'registered': {'date': '2012-12-26T13:26:27.531Z', 'age': 11}, 'phone': '(990) 391-8639', 'cell': '(554) 425-9633', 'id': {'name': 'SSN', 'value': '178-12-1159'}, 'picture': {'large': 'https://randomuser.me/api/portraits/women/26.jpg', 'medium': 'https://randomuser.me/api/portraits/med/women/26.jpg', 'thumbnail': 'https://randomuser.me/api/portraits/thumb/women/26.jpg'}, 'nat': 'US'}], 'info': {'seed': '2a5e17082226a34b', 'results': 1, 'page': 1, 'version': '1.4'}}</msg>
<arg>${json_data}</arg>
<doc>Logs the given message with the given level.</doc>
<status status="PASS" start="2024-03-25T15:15:25.282551" elapsed="0.000266"/>
</kw>
<kw name="Should Be Equal As Numbers" owner="BuiltIn">
<arg>${json_data['results'][0]['location']['postcode']}</arg>
<arg>${json_data['results'][0]['location']['postcode']}</arg>
<doc>Fails if objects are unequal after converting them to real numbers.</doc>
<status status="PASS" start="2024-03-25T15:15:25.283153" elapsed="0.000667"/>
</kw>
<kw name="Log" owner="BuiltIn">
<msg time="2024-03-25T15:15:25.284367" level="INFO">84285</msg>
<arg>${json_data['results'][0]['location']['postcode']}</arg>
<doc>Logs the given message with the given level.</doc>
<status status="PASS" start="2024-03-25T15:15:25.284025" elapsed="0.000384"/>
</kw>
<status status="PASS" start="2024-03-25T15:15:25.189651" elapsed="0.095028"/>
</kw>
<doc>Testa se os tipos de dados na resposta da API estão corretos.</doc>
<tag>testeTiposDados</tag>
<status status="PASS" start="2024-03-25T15:15:25.120263" elapsed="0.164594"/>
</test>
<test id="s1-s1-t5" name="Validar conteudo" line="35">
<kw name="Teste de Tipos de Conteudo" owner="random-user-service">
<kw name="GET On Session" owner="RequestsLibrary">
<msg time="2024-03-25T15:15:25.380871" level="INFO">GET Request : url=https://randomuser.me/api 
 path_url=/api 
 headers={'User-Agent': 'python-requests/2.31.0', 'Accept-Encoding': 'gzip, deflate', 'Accept': '*/*', 'Connection': 'keep-alive'} 
 body=None 
 </msg>
<msg time="2024-03-25T15:15:25.380984" level="INFO">GET Response : url=https://randomuser.me/api 
 status=200, reason=OK 
 headers={'Date': 'Mon, 25 Mar 2024 15:15:25 GMT', 'Content-Type': 'application/json; charset=utf-8', 'Transfer-Encoding': 'chunked', 'Connection': 'keep-alive', 'X-Powered-By': 'Express', 'Access-Control-Allow-Origin': '*', 'Cache-Control': 'no-cache', 'ETag': 'W/"4a3-VVGew2KRYrl8M0/Y+aL2eyADwAM"', 'Vary': 'Accept-Encoding', 'Content-Encoding': 'gzip', 'CF-Cache-Status': 'DYNAMIC', 'Report-To': '{"endpoints":[{"url":"https:\\/\\/a.nel.cloudflare.com\\/report\\/v4?s=FKMxGS0UCXSEzDIvl2Mqy3g0sC8CNz9vnaqN3fMUfV%2FakMuT3Gavnccsmalc58zRdZNfs%2BQK5ybCBgayQmCAb2GN2MGrrfYB7KEWBkSlkQfHVVi6ns9mapto1AFmfgzj"}],"group":"cf-nel","max_age":604800}', 'NEL': '{"success_fraction":0,"report_to":"cf-nel","max_age":604800}', 'Server': 'cloudflare', 'CF-RAY': '869fdb330bf91183-ORD', 'alt-svc': 'h3=":443"; ma=86400'} 
 body={"results":[{"gender":"female","name":{"title":"Miss","first":"Sally","last":"Jensen"},"location":{"street":{"number":4086,"name":"College St"},"city":"Washington","state":"North Carolina","country":"United States","postcode":82870,"coordinates":{"latitude":"86.8533","longitude":"55.1203"},"timezone":{"offset":"+9:00","description":"Tokyo, Seoul, Osaka, Sapporo, Yakutsk"}},"email":"sally.jensen@example.com","login":{"uuid":"d73d61fa-c17c-4371-a9b7-59c865df5d02","username":"lazyfrog629","password":"qqqqqqq","salt":"eEVoBgyK","md5":"5575ef6c506b6080c51e8cb5d281b631","sha1":"4e2d605f8a25a5f9dc5a34ac5492e05510bb7180","sha256":"829a814a6880995a2ad9b4fda4bda37970b2d1430659c9ad306431f9056a8aa9"},"dob":{"date":"1987-08-27T03:00:53.494Z","age":36},"registered":{"date":"2013-02-03T20:40:20.789Z","age":11},"phone":"(489) 480-1763","cell":"(750) 642-5795","id":{"name":"SSN","value":"103-80-6251"},"picture":{"large":"https://randomuser.me/api/portraits/women/40.jpg","medium":"https://randomuser.me/api/portraits/med/women/40.jpg","thumbnail":"https://randomuser.me/api/portraits/thumb/women/40.jpg"},"nat":"US"}],"info":{"seed":"96cb1cfee550aea5","results":1,"page":1,"version":"1.4"}} 
 </msg>
<msg time="2024-03-25T15:15:25.381055" level="INFO">/opt/hostedtoolcache/Python/3.12.2/x64/lib/python3.12/site-packages/urllib3/connectionpool.py:1103: InsecureRequestWarning: Unverified HTTPS request is being made to host 'randomuser.me'. Adding certificate verification is strongly advised. See: https://urllib3.readthedocs.io/en/latest/advanced-usage.html#tls-warnings
  warnings.warn(</msg>
<msg time="2024-03-25T15:15:25.381227" level="INFO">${response} = &lt;Response [200]&gt;</msg>
<var>${response}</var>
<arg>consultarAPI</arg>
<arg>/api</arg>
<doc>Sends a GET request on a previously created HTTP Session.</doc>
<status status="PASS" start="2024-03-25T15:15:25.287440" elapsed="0.093831"/>
</kw>
<kw name="Set Variable" owner="BuiltIn">
<msg time="2024-03-25T15:15:25.382486" level="INFO">${json_data} = {'results': [{'gender': 'female', 'name': {'title': 'Miss', 'first': 'Sally', 'last': 'Jensen'}, 'location': {'street': {'number': 4086, 'name': 'College St'}, 'city': 'Washington', 'state': 'North Ca...</msg>
<var>${json_data}</var>
<arg>${response.json()}</arg>
<doc>Returns the given values which can then be assigned to a variables.</doc>
<status status="PASS" start="2024-03-25T15:15:25.381930" elapsed="0.000586"/>
</kw>
<kw name="Set Variable" owner="BuiltIn">
<msg time="2024-03-25T15:15:25.383217" level="INFO">${name_title} = Miss</msg>
<var>${name_title}</var>
<arg>${json_data["results"][0]["name"]["title"]}</arg>
<doc>Returns the given values which can then be assigned to a variables.</doc>
<status status="PASS" start="2024-03-25T15:15:25.382836" elapsed="0.000406"/>
</kw>
<kw name="Create List" owner="BuiltIn">
<msg time="2024-03-25T15:15:25.383691" level="INFO">${allowed_titles} = ['Mr', 'Ms', 'Miss', 'Mrs', 'Madame', 'Monsieur']</msg>
<var>${allowed_titles}</var>
<arg>Mr</arg>
<arg>Ms</arg>
<arg>Miss</arg>
<arg>Mrs</arg>
<arg>Madame</arg>
<arg>Monsieur</arg>
<doc>Returns a list containing given items.</doc>
<status status="PASS" start="2024-03-25T15:15:25.383541" elapsed="0.000174"/>
</kw>
<kw name="List Should Contain Value" owner="Collections">
<msg time="2024-03-25T15:15:25.384213" level="INFO">False</msg>
<arg>${allowed_titles}</arg>
<arg>${name_title}</arg>
<doc>Fails if the ``value`` is not found from ``list``.</doc>
<status status="PASS" start="2024-03-25T15:15:25.384034" elapsed="0.000216"/>
</kw>
<kw name="Set Variable" owner="BuiltIn">
<msg time="2024-03-25T15:15:25.384930" level="INFO">${name_country} = US</msg>
<var>${name_country}</var>
<arg>${json_data["results"][0]["nat"]}</arg>
<doc>Returns the given values which can then be assigned to a variables.</doc>
<status status="PASS" start="2024-03-25T15:15:25.384538" elapsed="0.000418"/>
</kw>
<kw name="Create List" owner="BuiltIn">
<msg time="2024-03-25T15:15:25.385912" level="INFO">${list_country} = ['AD', 'AE', 'AF', 'AG', 'AI', 'AL', 'AM', 'AO', 'AQ', 'AR', 'AS', 'AT', 'AU', 'AW', 'AX', 'AZ', 'BA', 'BB', 'BD', 'BE', 'BF', 'BG', 'BH', 'BI', 'BJ', 'BL', 'BM', 'BN', 'BO', 'BQ', 'BR', 'BS', 'BT', '...</msg>
<var>${list_country}</var>
<arg>AD</arg>
<arg>AE</arg>
<arg>AF</arg>
<arg>AG</arg>
<arg>AI</arg>
<arg>AL</arg>
<arg>AM</arg>
<arg>AO</arg>
<arg>AQ</arg>
<arg>AR</arg>
<arg>AS</arg>
<arg>AT</arg>
<arg>AU</arg>
<arg>AW</arg>
<arg>AX</arg>
<arg>AZ</arg>
<arg>BA</arg>
<arg>BB</arg>
<arg>BD</arg>
<arg>BE</arg>
<arg>BF</arg>
<arg>BG</arg>
<arg>BH</arg>
<arg>BI</arg>
<arg>BJ</arg>
<arg>BL</arg>
<arg>BM</arg>
<arg>BN</arg>
<arg>BO</arg>
<arg>BQ</arg>
<arg>BR</arg>
<arg>BS</arg>
<arg>BT</arg>
<arg>BV</arg>
<arg>BW</arg>
<arg>BY</arg>
<arg>BZ</arg>
<arg>CA</arg>
<arg>CC</arg>
<arg>CD</arg>
<arg>CF</arg>
<arg>CG</arg>
<arg>CH</arg>
<arg>CI</arg>
<arg>CK</arg>
<arg>CL</arg>
<arg>CM</arg>
<arg>CN</arg>
<arg>CO</arg>
<arg>CR</arg>
<arg>CU</arg>
<arg>CV</arg>
<arg>CW</arg>
<arg>CX</arg>
<arg>CY</arg>
<arg>CZ</arg>
<arg>DE</arg>
<arg>DJ</arg>
<arg>DK</arg>
<arg>DM</arg>
<arg>DO</arg>
<arg>DZ</arg>
<arg>EC</arg>
<arg>EE</arg>
<arg>EG</arg>
<arg>EH</arg>
<arg>ER</arg>
<arg>ES</arg>
<arg>ET</arg>
<arg>FI</arg>
<arg>FJ</arg>
<arg>FK</arg>
<arg>FM</arg>
<arg>FO</arg>
<arg>FR</arg>
<arg>GA</arg>
<arg>GB</arg>
<arg>GD</arg>
<arg>GE</arg>
<arg>GF</arg>
<arg>GG</arg>
<arg>GH</arg>
<arg>GI</arg>
<arg>GL</arg>
<arg>GM</arg>
<arg>GN</arg>
<arg>GP</arg>
<arg>GQ</arg>
<arg>GR</arg>
<arg>GS</arg>
<arg>GT</arg>
<arg>GU</arg>
<arg>GW</arg>
<arg>GY</arg>
<arg>HK</arg>
<arg>HM</arg>
<arg>HN</arg>
<arg>HR</arg>
<arg>HT</arg>
<arg>HU</arg>
<arg>ID</arg>
<arg>IE</arg>
<arg>IL</arg>
<arg>IM</arg>
<arg>IN</arg>
<arg>IO</arg>
<arg>IQ</arg>
<arg>IR</arg>
<arg>IS</arg>
<arg>IT</arg>
<arg>JE</arg>
<arg>JM</arg>
<arg>JO</arg>
<arg>JP</arg>
<arg>KE</arg>
<arg>KG</arg>
<arg>KH</arg>
<arg>KI</arg>
<arg>KM</arg>
<arg>KN</arg>
<arg>KP</arg>
<arg>KR</arg>
<arg>KW</arg>
<arg>KY</arg>
<arg>KZ</arg>
<arg>LA</arg>
<arg>LB</arg>
<arg>LC</arg>
<arg>LI</arg>
<arg>LK</arg>
<arg>LR</arg>
<arg>LS</arg>
<arg>LT</arg>
<arg>LU</arg>
<arg>LV</arg>
<arg>LY</arg>
<arg>MA</arg>
<arg>MC</arg>
<arg>MD</arg>
<arg>ME</arg>
<arg>MF</arg>
<arg>MG</arg>
<arg>MH</arg>
<arg>MK</arg>
<arg>ML</arg>
<arg>MM</arg>
<arg>MN</arg>
<arg>MO</arg>
<arg>MP</arg>
<arg>MQ</arg>
<arg>MR</arg>
<arg>MS</arg>
<arg>MT</arg>
<arg>MU</arg>
<arg>MV</arg>
<arg>MW</arg>
<arg>MX</arg>
<arg>MY</arg>
<arg>MZ</arg>
<arg>NA</arg>
<arg>NC</arg>
<arg>NE</arg>
<arg>NF</arg>
<arg>NG</arg>
<arg>NI</arg>
<arg>NL</arg>
<arg>NO</arg>
<arg>NP</arg>
<arg>NR</arg>
<arg>NU</arg>
<arg>NZ</arg>
<arg>OM</arg>
<arg>PA</arg>
<arg>PE</arg>
<arg>PF</arg>
<arg>PG</arg>
<arg>PH</arg>
<arg>PK</arg>
<arg>PL</arg>
<arg>PM</arg>
<arg>PN</arg>
<arg>PR</arg>
<arg>PS</arg>
<arg>PT</arg>
<arg>PW</arg>
<arg>PY</arg>
<arg>QA</arg>
<arg>RE</arg>
<arg>RO</arg>
<arg>RS</arg>
<arg>RU</arg>
<arg>RW</arg>
<arg>SA</arg>
<arg>SB</arg>
<arg>SC</arg>
<arg>SD</arg>
<arg>SE</arg>
<arg>SG</arg>
<arg>SH</arg>
<arg>SI</arg>
<arg>SJ</arg>
<arg>SK</arg>
<arg>SL</arg>
<arg>SM</arg>
<arg>SN</arg>
<arg>SO</arg>
<arg>SR</arg>
<arg>SS</arg>
<arg>ST</arg>
<arg>SV</arg>
<arg>SX</arg>
<arg>SY</arg>
<arg>SZ</arg>
<arg>TC</arg>
<arg>TD</arg>
<arg>TF</arg>
<arg>TG</arg>
<arg>TH</arg>
<arg>TJ</arg>
<arg>TK</arg>
<arg>TL</arg>
<arg>TM</arg>
<arg>TN</arg>
<arg>TO</arg>
<arg>TR</arg>
<arg>TT</arg>
<arg>TV</arg>
<arg>TW</arg>
<arg>TZ</arg>
<arg>UA</arg>
<arg>UG</arg>
<arg>UM</arg>
<arg>US</arg>
<arg>UY</arg>
<arg>UZ</arg>
<arg>VA</arg>
<arg>VC</arg>
<arg>VE</arg>
<arg>VG</arg>
<arg>VI</arg>
<arg>VN</arg>
<arg>VU</arg>
<arg>WF</arg>
<arg>WS</arg>
<arg>XK</arg>
<arg>YE</arg>
<arg>YT</arg>
<arg>ZA</arg>
<arg>ZM</arg>
<arg>ZW</arg>
<doc>Returns a list containing given items.</doc>
<status status="PASS" start="2024-03-25T15:15:25.385305" elapsed="0.000634"/>
</kw>
<kw name="List Should Contain Value" owner="Collections">
<msg time="2024-03-25T15:15:25.387075" level="INFO">False</msg>
<arg>${list_country}</arg>
<arg>${name_country}</arg>
<doc>Fails if the ``value`` is not found from ``list``.</doc>
<status status="PASS" start="2024-03-25T15:15:25.386868" elapsed="0.000245"/>
</kw>
<kw name="Run Keyword If" owner="BuiltIn">
<kw name="Should Be True" owner="BuiltIn">
<arg>${True}</arg>
<doc>Fails if the given condition is not true.</doc>
<status status="PASS" start="2024-03-25T15:15:25.388207" elapsed="0.000148"/>
</kw>
<arg>${json_data["results"][0]["location"]["coordinates"]["latitude"]} &gt;= -90 and ${json_data["results"][0]["location"]["coordinates"]["latitude"]} &lt;= 90</arg>
<arg>Should Be True</arg>
<arg>${True}</arg>
<doc>Runs the given keyword with the given arguments, if ``condition`` is true.</doc>
<status status="PASS" start="2024-03-25T15:15:25.387427" elapsed="0.001066"/>
</kw>
<kw name="Run Keyword If" owner="BuiltIn">
<kw name="Should Be True" owner="BuiltIn">
<arg>${True}</arg>
<doc>Fails if the given condition is not true.</doc>
<status status="PASS" start="2024-03-25T15:15:25.389438" elapsed="0.000142"/>
</kw>
<arg>${json_data["results"][0]["location"]["coordinates"]["longitude"]} &gt;= -180 and ${json_data["results"][0]["location"]["coordinates"]["longitude"]} &lt;= 180</arg>
<arg>Should Be True</arg>
<arg>${True}</arg>
<doc>Runs the given keyword with the given arguments, if ``condition`` is true.</doc>
<status status="PASS" start="2024-03-25T15:15:25.388680" elapsed="0.001028"/>
</kw>
<status status="PASS" start="2024-03-25T15:15:25.287200" elapsed="0.102643"/>
</kw>
<doc>Testa o conteúdo específico dos campos retornados pela API.</doc>
<tag>testeConteudo</tag>
<status status="PASS" start="2024-03-25T15:15:25.286709" elapsed="0.103292"/>
</test>
<status status="PASS" start="2024-03-25T15:15:24.548385" elapsed="0.843589"/>
</suite>
<status status="PASS" start="2024-03-25T15:15:24.533445" elapsed="0.863946"/>
</suite>
<statistics>
<total>
<stat pass="5" fail="0" skip="0">All Tests</stat>
</total>
<tag>
<stat pass="1" fail="0" skip="0">testeConteudo</stat>
<stat pass="1" fail="0" skip="0">testeEstruturaResposta</stat>
<stat pass="1" fail="0" skip="0">testeRequisicaoBasica</stat>
<stat pass="1" fail="0" skip="0">testeTiposDados</stat>
</tag>
<suite>
<stat pass="5" fail="0" skip="0" id="s1" name="Tests">Tests</stat>
<stat pass="5" fail="0" skip="0" id="s1-s1" name="Random-User-Test">Tests.Random-User-Test</stat>
</suite>
</statistics>
<errors>
</errors>
</robot>
