<?xml version="1.0" encoding="UTF-8"?>
<robot generator="Robot 7.0.1 (Python 3.12.4 on linux)" generated="2024-07-19T19:13:19.586203" rpa="false" schemaversion="5">
<suite id="s1" name="Tests" source="/home/runner/work/ApiRandomUser/ApiRandomUser/RamdonUser/tests">
<suite id="s1-s1" name="Random-User-Test" source="/home/runner/work/ApiRandomUser/ApiRandomUser/RamdonUser/tests/random-user-test.robot">
<test id="s1-s1-t1" name="Conectar" line="13">
<kw name="Conectar API" owner="random-user-service">
<kw name="Create Session" owner="RequestsLibrary">
<msg time="2024-07-19T19:13:20.013544" level="INFO">Creating Session using : alias=consultarAPI, url=https://randomuser.me/, headers={},                     cookies={}, auth=None, timeout=None, proxies=None, verify=False,                     debug=0 </msg>
<arg>consultarAPI</arg>
<arg>${URL}</arg>
<doc>Create Session: create a HTTP session to a server</doc>
<status status="PASS" start="2024-07-19T19:13:20.013347" elapsed="0.000392"/>
</kw>
<status status="PASS" start="2024-07-19T19:13:20.012273" elapsed="0.001847"/>
</kw>
<status status="PASS" start="2024-07-19T19:13:20.011546" elapsed="0.002766"/>
</test>
<test id="s1-s1-t2" name="Validar retorno 200 e JSON Válido" line="16">
<kw name="Teste de Requisicao Basica" owner="random-user-service">
<kw name="GET On Session" owner="RequestsLibrary">
<msg time="2024-07-19T19:13:20.200645" level="INFO">GET Request : url=https://randomuser.me/api 
 path_url=/api 
 headers={'User-Agent': 'python-requests/2.32.3', 'Accept-Encoding': 'gzip, deflate', 'Accept': '*/*', 'Connection': 'keep-alive'} 
 body=None 
 </msg>
<msg time="2024-07-19T19:13:20.200797" level="INFO">GET Response : url=https://randomuser.me/api 
 status=200, reason=OK 
 headers={'Date': 'Fri, 19 Jul 2024 19:13:20 GMT', 'Content-Type': 'application/json; charset=utf-8', 'Transfer-Encoding': 'chunked', 'Connection': 'keep-alive', 'X-Powered-By': 'Express', 'Access-Control-Allow-Origin': '*', 'Cache-Control': 'no-cache', 'ETag': 'W/"484-D7GBvfS2pQsntZTI1KcFgCcgKEE"', 'Vary': 'Accept-Encoding', 'Content-Encoding': 'gzip', 'CF-Cache-Status': 'DYNAMIC', 'Report-To': '{"endpoints":[{"url":"https:\\/\\/a.nel.cloudflare.com\\/report\\/v4?s=XXxfb6nBK%2FFWDlb1fPQA4iLsvbSjD1mqqkBMLmndUOp8KGZJBtd74BeRR5dmlhLz%2F6lbRZx0RW7q0ML%2FFeiVGpVy9yzTeqbduvxll5IUxE5lQncKjeA6lW%2FwUCY7hjcK"}],"group":"cf-nel","max_age":604800}', 'NEL': '{"success_fraction":0,"report_to":"cf-nel","max_age":604800}', 'Server': 'cloudflare', 'CF-RAY': '8a5d073508ec2425-IAD', 'alt-svc': 'h3=":443"; ma=86400'} 
 body={"results":[{"gender":"male","name":{"title":"Mr","first":"Nedan","last":"Rikun"},"location":{"street":{"number":9842,"name":"Korostenska"},"city":"Kam'yanka-Buzka","state":"Odeska","country":"Ukraine","postcode":46942,"coordinates":{"latitude":"81.0717","longitude":"-134.4549"},"timezone":{"offset":"-3:00","description":"Brazil, Buenos Aires, Georgetown"}},"email":"nedan.rikun@example.com","login":{"uuid":"9b5f7696-3f15-4a89-82e8-2263265fbdc2","username":"tinyleopard223","password":"blackcat","salt":"n0ftMFLU","md5":"ef98c0c42551cb98820fd962ba46fbfc","sha1":"a4634fe0b361d639cb4ddef2ca10999a54735eca","sha256":"0c094baf042ffc0c9a0ad7e7c9576c116f1fcf11917f882b180872010c6af7ec"},"dob":{"date":"1952-08-30T07:59:50.266Z","age":71},"registered":{"date":"2010-12-24T16:08:26.515Z","age":13},"phone":"(067) K39-7871","cell":"(096) K67-8876","id":{"name":"","value":null},"picture":{"large":"https://randomuser.me/api/portraits/men/20.jpg","medium":"https://randomuser.me/api/portraits/med/men/20.jpg","thumbnail":"https://randomuser.me/api/portraits/thumb/men/20.jpg"},"nat":"UA"}],"info":{"seed":"e11baf76de5cadcd","results":1,"page":1,"version":"1.4"}} 
 </msg>
<msg time="2024-07-19T19:13:20.200882" level="INFO">/opt/hostedtoolcache/Python/3.12.4/x64/lib/python3.12/site-packages/urllib3/connectionpool.py:1099: InsecureRequestWarning: Unverified HTTPS request is being made to host 'randomuser.me'. Adding certificate verification is strongly advised. See: https://urllib3.readthedocs.io/en/latest/advanced-usage.html#tls-warnings
  warnings.warn(</msg>
<msg time="2024-07-19T19:13:20.201034" level="INFO">${response} = &lt;Response [200]&gt;</msg>
<var>${response}</var>
<arg>consultarAPI</arg>
<arg>/api</arg>
<doc>Sends a GET request on a previously created HTTP Session.</doc>
<status status="PASS" start="2024-07-19T19:13:20.017033" elapsed="0.184047"/>
</kw>
<kw name="Should Be Equal As Numbers" owner="BuiltIn">
<msg time="2024-07-19T19:13:20.202241" level="INFO">Argument types are:
&lt;class 'int'&gt;
&lt;class 'str'&gt;</msg>
<arg>${response.status_code}</arg>
<arg>200</arg>
<doc>Fails if objects are unequal after converting them to real numbers.</doc>
<status status="PASS" start="2024-07-19T19:13:20.201742" elapsed="0.000566"/>
</kw>
<kw name="Log" owner="BuiltIn">
<msg time="2024-07-19T19:13:20.203035" level="INFO">200</msg>
<arg>${response.status_code}</arg>
<doc>Logs the given message with the given level.</doc>
<status status="PASS" start="2024-07-19T19:13:20.202663" elapsed="0.000416"/>
</kw>
<kw name="Set Variable" owner="BuiltIn">
<msg time="2024-07-19T19:13:20.203829" level="INFO">${json_data} = {'results': [{'gender': 'male', 'name': {'title': 'Mr', 'first': 'Nedan', 'last': 'Rikun'}, 'location': {'street': {'number': 9842, 'name': 'Korostenska'}, 'city': "Kam'yanka-Buzka", 'state': 'Odeska'...</msg>
<var>${json_data}</var>
<arg>${response.json()}</arg>
<doc>Returns the given values which can then be assigned to a variables.</doc>
<status status="PASS" start="2024-07-19T19:13:20.203391" elapsed="0.000466"/>
</kw>
<kw name="Dictionary Should Contain Key" owner="Collections">
<arg>${json_data}</arg>
<arg>results</arg>
<doc>Fails if ``key`` is not found from ``dictionary``.</doc>
<status status="PASS" start="2024-07-19T19:13:20.204162" elapsed="0.000369"/>
</kw>
<status status="PASS" start="2024-07-19T19:13:20.016782" elapsed="0.187905"/>
</kw>
<doc>Testa se a API responde corretamente e retorna um objeto JSON válido.</doc>
<tag>testeRequisicaoBasica</tag>
<status status="PASS" start="2024-07-19T19:13:20.016229" elapsed="0.188629"/>
</test>
<test id="s1-s1-t3" name="Validar estrutura de resposta" line="22">
<kw name="Teste de Estrutura de Resposta" owner="random-user-service">
<kw name="GET On Session" owner="RequestsLibrary">
<msg time="2024-07-19T19:13:20.310682" level="INFO">GET Request : url=https://randomuser.me/api 
 path_url=/api 
 headers={'User-Agent': 'python-requests/2.32.3', 'Accept-Encoding': 'gzip, deflate', 'Accept': '*/*', 'Connection': 'keep-alive'} 
 body=None 
 </msg>
<msg time="2024-07-19T19:13:20.310788" level="INFO">GET Response : url=https://randomuser.me/api 
 status=200, reason=OK 
 headers={'Date': 'Fri, 19 Jul 2024 19:13:20 GMT', 'Content-Type': 'application/json; charset=utf-8', 'Transfer-Encoding': 'chunked', 'Connection': 'keep-alive', 'X-Powered-By': 'Express', 'Access-Control-Allow-Origin': '*', 'Cache-Control': 'no-cache', 'ETag': 'W/"486-ePV8XKQ0SkGOdQ7cylBEp2ZzE9A"', 'Vary': 'Accept-Encoding', 'Content-Encoding': 'gzip', 'CF-Cache-Status': 'DYNAMIC', 'Report-To': '{"endpoints":[{"url":"https:\\/\\/a.nel.cloudflare.com\\/report\\/v4?s=WSe6ozV7ZfrGzf9NkPAb5AZXYB%2BXMFwXFgqTLbBMtdx3ttH%2FjvIwoRkWU4QiSCQozIUT7X8HiM5qYSAv3aJMGQzgKKy7BUCNl91okGA4lojCCau%2F%2F9iy%2BbFyyXH0%2B7kR"}],"group":"cf-nel","max_age":604800}', 'NEL': '{"success_fraction":0,"report_to":"cf-nel","max_age":604800}', 'Server': 'cloudflare', 'CF-RAY': '8a5d0735595c2425-IAD', 'alt-svc': 'h3=":443"; ma=86400'} 
 body={"results":[{"gender":"male","name":{"title":"Mr","first":"Kadir","last":"Koçoğlu"},"location":{"street":{"number":3171,"name":"Talak Göktepe Cd"},"city":"Ordu","state":"Konya","country":"Turkey","postcode":74736,"coordinates":{"latitude":"66.8817","longitude":"-29.4066"},"timezone":{"offset":"+9:00","description":"Tokyo, Seoul, Osaka, Sapporo, Yakutsk"}},"email":"kadir.kocoglu@example.com","login":{"uuid":"78e54a8b-db69-4943-bd6d-a949f2b395ab","username":"happysnake711","password":"spongebo","salt":"2QAKJsp7","md5":"afe8ac7df5c003420bb471e3d46617ae","sha1":"c0d4d225a3ecfc29f5ed988cb0dedca175f82be9","sha256":"506f02f10029063da926bbaa0d5bf0780b14606148b9a216f09876883c1bb74e"},"dob":{"date":"1977-12-03T19:38:03.135Z","age":46},"registered":{"date":"2008-04-07T17:36:31.814Z","age":16},"phone":"(916)-253-6751","cell":"(537)-725-5361","id":{"name":"","value":null},"picture":{"large":"https://randomuser.me/api/portraits/men/58.jpg","medium":"https://randomuser.me/api/portraits/med/men/58.jpg","thumbnail":"https://randomuser.me/api/portraits/thumb/men/58.jpg"},"nat":"TR"}],"info":{"seed":"a64613e0e46e60f4","results":1,"page":1,"version":"1.4"}} 
 </msg>
<msg time="2024-07-19T19:13:20.310937" level="INFO">/opt/hostedtoolcache/Python/3.12.4/x64/lib/python3.12/site-packages/urllib3/connectionpool.py:1099: InsecureRequestWarning: Unverified HTTPS request is being made to host 'randomuser.me'. Adding certificate verification is strongly advised. See: https://urllib3.readthedocs.io/en/latest/advanced-usage.html#tls-warnings
  warnings.warn(</msg>
<msg time="2024-07-19T19:13:20.311065" level="INFO">${response} = &lt;Response [200]&gt;</msg>
<var>${response}</var>
<arg>consultarAPI</arg>
<arg>/api</arg>
<doc>Sends a GET request on a previously created HTTP Session.</doc>
<status status="PASS" start="2024-07-19T19:13:20.207438" elapsed="0.103671"/>
</kw>
<kw name="Set Variable" owner="BuiltIn">
<msg time="2024-07-19T19:13:20.312432" level="INFO">${json_data} = {'results': [{'gender': 'male', 'name': {'title': 'Mr', 'first': 'Kadir', 'last': 'Koçoğlu'}, 'location': {'street': {'number': 3171, 'name': 'Talak Göktepe Cd'}, 'city': 'Ordu', 'state': 'Konya', 'co...</msg>
<var>${json_data}</var>
<arg>${response.json()}</arg>
<doc>Returns the given values which can then be assigned to a variables.</doc>
<status status="PASS" start="2024-07-19T19:13:20.311755" elapsed="0.000710"/>
</kw>
<kw name="Log" owner="BuiltIn">
<msg time="2024-07-19T19:13:20.313003" level="INFO">{'results': [{'gender': 'male', 'name': {'title': 'Mr', 'first': 'Kadir', 'last': 'Koçoğlu'}, 'location': {'street': {'number': 3171, 'name': 'Talak Göktepe Cd'}, 'city': 'Ordu', 'state': 'Konya', 'country': 'Turkey', 'postcode': 74736, 'coordinates': {'latitude': '66.8817', 'longitude': '-29.4066'}, 'timezone': {'offset': '+9:00', 'description': 'Tokyo, Seoul, Osaka, Sapporo, Yakutsk'}}, 'email': 'kadir.kocoglu@example.com', 'login': {'uuid': '78e54a8b-db69-4943-bd6d-a949f2b395ab', 'username': 'happysnake711', 'password': 'spongebo', 'salt': '2QAKJsp7', 'md5': 'afe8ac7df5c003420bb471e3d46617ae', 'sha1': 'c0d4d225a3ecfc29f5ed988cb0dedca175f82be9', 'sha256': '506f02f10029063da926bbaa0d5bf0780b14606148b9a216f09876883c1bb74e'}, 'dob': {'date': '1977-12-03T19:38:03.135Z', 'age': 46}, 'registered': {'date': '2008-04-07T17:36:31.814Z', 'age': 16}, 'phone': '(916)-253-6751', 'cell': '(537)-725-5361', 'id': {'name': '', 'value': None}, 'picture': {'large': 'https://randomuser.me/api/portraits/men/58.jpg', 'medium': 'https://randomuser.me/api/portraits/med/men/58.jpg', 'thumbnail': 'https://randomuser.me/api/portraits/thumb/men/58.jpg'}, 'nat': 'TR'}], 'info': {'seed': 'a64613e0e46e60f4', 'results': 1, 'page': 1, 'version': '1.4'}}</msg>
<arg>${json_data}</arg>
<doc>Logs the given message with the given level.</doc>
<status status="PASS" start="2024-07-19T19:13:20.312822" elapsed="0.000236"/>
</kw>
<kw name="Dictionary Should Contain Key" owner="Collections">
<arg>${json_data}</arg>
<arg>results</arg>
<doc>Fails if ``key`` is not found from ``dictionary``.</doc>
<status status="PASS" start="2024-07-19T19:13:20.313370" elapsed="0.000166"/>
</kw>
<kw name="Should Not Be Empty" owner="BuiltIn">
<msg time="2024-07-19T19:13:20.313864" level="INFO">Length is 2.</msg>
<arg>${json_data}</arg>
<doc>Verifies that the given item is not empty.</doc>
<status status="PASS" start="2024-07-19T19:13:20.313726" elapsed="0.000177"/>
</kw>
<kw name="Create List" owner="BuiltIn">
<msg time="2024-07-19T19:13:20.314350" level="INFO">${expected_keys} = ['gender', 'name', 'location', 'email', 'login']</msg>
<var>${expected_keys}</var>
<arg>gender</arg>
<arg>name</arg>
<arg>location</arg>
<arg>email</arg>
<arg>login</arg>
<doc>Returns a list containing given items.</doc>
<status status="PASS" start="2024-07-19T19:13:20.314197" elapsed="0.000176"/>
</kw>
<for flavor="IN">
<iter>
<kw name="Dictionary Should Contain Key" owner="Collections">
<arg>${json_data['results'][0]}</arg>
<arg>${key}</arg>
<doc>Fails if ``key`` is not found from ``dictionary``.</doc>
<status status="PASS" start="2024-07-19T19:13:20.314963" elapsed="0.000434"/>
</kw>
<kw name="Log" owner="BuiltIn">
<msg time="2024-07-19T19:13:20.315945" level="INFO">{'gender': 'male', 'name': {'title': 'Mr', 'first': 'Kadir', 'last': 'Koçoğlu'}, 'location': {'street': {'number': 3171, 'name': 'Talak Göktepe Cd'}, 'city': 'Ordu', 'state': 'Konya', 'country': 'Turkey', 'postcode': 74736, 'coordinates': {'latitude': '66.8817', 'longitude': '-29.4066'}, 'timezone': {'offset': '+9:00', 'description': 'Tokyo, Seoul, Osaka, Sapporo, Yakutsk'}}, 'email': 'kadir.kocoglu@example.com', 'login': {'uuid': '78e54a8b-db69-4943-bd6d-a949f2b395ab', 'username': 'happysnake711', 'password': 'spongebo', 'salt': '2QAKJsp7', 'md5': 'afe8ac7df5c003420bb471e3d46617ae', 'sha1': 'c0d4d225a3ecfc29f5ed988cb0dedca175f82be9', 'sha256': '506f02f10029063da926bbaa0d5bf0780b14606148b9a216f09876883c1bb74e'}, 'dob': {'date': '1977-12-03T19:38:03.135Z', 'age': 46}, 'registered': {'date': '2008-04-07T17:36:31.814Z', 'age': 16}, 'phone': '(916)-253-6751', 'cell': '(537)-725-5361', 'id': {'name': '', 'value': None}, 'picture': {'large': 'https://randomuser.me/api/portraits/men/58.jpg', 'medium': 'https://randomuser.me/api/portraits/med/men/58.jpg', 'thumbnail': 'https://randomuser.me/api/portraits/thumb/men/58.jpg'}, 'nat': 'TR'}</msg>
<arg>${json_data['results'][0]}</arg>
<doc>Logs the given message with the given level.</doc>
<status status="PASS" start="2024-07-19T19:13:20.315585" elapsed="0.000415"/>
</kw>
<kw name="Log" owner="BuiltIn">
<msg time="2024-07-19T19:13:20.316455" level="INFO">gender</msg>
<arg>${key}</arg>
<doc>Logs the given message with the given level.</doc>
<status status="PASS" start="2024-07-19T19:13:20.316325" elapsed="0.000169"/>
</kw>
<var name="${key}">gender</var>
<status status="PASS" start="2024-07-19T19:13:20.314834" elapsed="0.001878"/>
</iter>
<iter>
<kw name="Dictionary Should Contain Key" owner="Collections">
<arg>${json_data['results'][0]}</arg>
<arg>${key}</arg>
<doc>Fails if ``key`` is not found from ``dictionary``.</doc>
<status status="PASS" start="2024-07-19T19:13:20.317012" elapsed="0.000390"/>
</kw>
<kw name="Log" owner="BuiltIn">
<msg time="2024-07-19T19:13:20.317939" level="INFO">{'gender': 'male', 'name': {'title': 'Mr', 'first': 'Kadir', 'last': 'Koçoğlu'}, 'location': {'street': {'number': 3171, 'name': 'Talak Göktepe Cd'}, 'city': 'Ordu', 'state': 'Konya', 'country': 'Turkey', 'postcode': 74736, 'coordinates': {'latitude': '66.8817', 'longitude': '-29.4066'}, 'timezone': {'offset': '+9:00', 'description': 'Tokyo, Seoul, Osaka, Sapporo, Yakutsk'}}, 'email': 'kadir.kocoglu@example.com', 'login': {'uuid': '78e54a8b-db69-4943-bd6d-a949f2b395ab', 'username': 'happysnake711', 'password': 'spongebo', 'salt': '2QAKJsp7', 'md5': 'afe8ac7df5c003420bb471e3d46617ae', 'sha1': 'c0d4d225a3ecfc29f5ed988cb0dedca175f82be9', 'sha256': '506f02f10029063da926bbaa0d5bf0780b14606148b9a216f09876883c1bb74e'}, 'dob': {'date': '1977-12-03T19:38:03.135Z', 'age': 46}, 'registered': {'date': '2008-04-07T17:36:31.814Z', 'age': 16}, 'phone': '(916)-253-6751', 'cell': '(537)-725-5361', 'id': {'name': '', 'value': None}, 'picture': {'large': 'https://randomuser.me/api/portraits/men/58.jpg', 'medium': 'https://randomuser.me/api/portraits/med/men/58.jpg', 'thumbnail': 'https://randomuser.me/api/portraits/thumb/men/58.jpg'}, 'nat': 'TR'}</msg>
<arg>${json_data['results'][0]}</arg>
<doc>Logs the given message with the given level.</doc>
<status status="PASS" start="2024-07-19T19:13:20.317584" elapsed="0.000441"/>
</kw>
<kw name="Log" owner="BuiltIn">
<msg time="2024-07-19T19:13:20.318448" level="INFO">name</msg>
<arg>${key}</arg>
<doc>Logs the given message with the given level.</doc>
<status status="PASS" start="2024-07-19T19:13:20.318322" elapsed="0.000164"/>
</kw>
<var name="${key}">name</var>
<status status="PASS" start="2024-07-19T19:13:20.316900" elapsed="0.001804"/>
</iter>
<iter>
<kw name="Dictionary Should Contain Key" owner="Collections">
<arg>${json_data['results'][0]}</arg>
<arg>${key}</arg>
<doc>Fails if ``key`` is not found from ``dictionary``.</doc>
<status status="PASS" start="2024-07-19T19:13:20.318992" elapsed="0.000376"/>
</kw>
<kw name="Log" owner="BuiltIn">
<msg time="2024-07-19T19:13:20.319907" level="INFO">{'gender': 'male', 'name': {'title': 'Mr', 'first': 'Kadir', 'last': 'Koçoğlu'}, 'location': {'street': {'number': 3171, 'name': 'Talak Göktepe Cd'}, 'city': 'Ordu', 'state': 'Konya', 'country': 'Turkey', 'postcode': 74736, 'coordinates': {'latitude': '66.8817', 'longitude': '-29.4066'}, 'timezone': {'offset': '+9:00', 'description': 'Tokyo, Seoul, Osaka, Sapporo, Yakutsk'}}, 'email': 'kadir.kocoglu@example.com', 'login': {'uuid': '78e54a8b-db69-4943-bd6d-a949f2b395ab', 'username': 'happysnake711', 'password': 'spongebo', 'salt': '2QAKJsp7', 'md5': 'afe8ac7df5c003420bb471e3d46617ae', 'sha1': 'c0d4d225a3ecfc29f5ed988cb0dedca175f82be9', 'sha256': '506f02f10029063da926bbaa0d5bf0780b14606148b9a216f09876883c1bb74e'}, 'dob': {'date': '1977-12-03T19:38:03.135Z', 'age': 46}, 'registered': {'date': '2008-04-07T17:36:31.814Z', 'age': 16}, 'phone': '(916)-253-6751', 'cell': '(537)-725-5361', 'id': {'name': '', 'value': None}, 'picture': {'large': 'https://randomuser.me/api/portraits/men/58.jpg', 'medium': 'https://randomuser.me/api/portraits/med/men/58.jpg', 'thumbnail': 'https://randomuser.me/api/portraits/thumb/men/58.jpg'}, 'nat': 'TR'}</msg>
<arg>${json_data['results'][0]}</arg>
<doc>Logs the given message with the given level.</doc>
<status status="PASS" start="2024-07-19T19:13:20.319556" elapsed="0.000404"/>
</kw>
<kw name="Log" owner="BuiltIn">
<msg time="2024-07-19T19:13:20.320410" level="INFO">location</msg>
<arg>${key}</arg>
<doc>Logs the given message with the given level.</doc>
<status status="PASS" start="2024-07-19T19:13:20.320277" elapsed="0.000169"/>
</kw>
<var name="${key}">location</var>
<status status="PASS" start="2024-07-19T19:13:20.318878" elapsed="0.001783"/>
</iter>
<iter>
<kw name="Dictionary Should Contain Key" owner="Collections">
<arg>${json_data['results'][0]}</arg>
<arg>${key}</arg>
<doc>Fails if ``key`` is not found from ``dictionary``.</doc>
<status status="PASS" start="2024-07-19T19:13:20.320936" elapsed="0.000380"/>
</kw>
<kw name="Log" owner="BuiltIn">
<msg time="2024-07-19T19:13:20.321977" level="INFO">{'gender': 'male', 'name': {'title': 'Mr', 'first': 'Kadir', 'last': 'Koçoğlu'}, 'location': {'street': {'number': 3171, 'name': 'Talak Göktepe Cd'}, 'city': 'Ordu', 'state': 'Konya', 'country': 'Turkey', 'postcode': 74736, 'coordinates': {'latitude': '66.8817', 'longitude': '-29.4066'}, 'timezone': {'offset': '+9:00', 'description': 'Tokyo, Seoul, Osaka, Sapporo, Yakutsk'}}, 'email': 'kadir.kocoglu@example.com', 'login': {'uuid': '78e54a8b-db69-4943-bd6d-a949f2b395ab', 'username': 'happysnake711', 'password': 'spongebo', 'salt': '2QAKJsp7', 'md5': 'afe8ac7df5c003420bb471e3d46617ae', 'sha1': 'c0d4d225a3ecfc29f5ed988cb0dedca175f82be9', 'sha256': '506f02f10029063da926bbaa0d5bf0780b14606148b9a216f09876883c1bb74e'}, 'dob': {'date': '1977-12-03T19:38:03.135Z', 'age': 46}, 'registered': {'date': '2008-04-07T17:36:31.814Z', 'age': 16}, 'phone': '(916)-253-6751', 'cell': '(537)-725-5361', 'id': {'name': '', 'value': None}, 'picture': {'large': 'https://randomuser.me/api/portraits/men/58.jpg', 'medium': 'https://randomuser.me/api/portraits/med/men/58.jpg', 'thumbnail': 'https://randomuser.me/api/portraits/thumb/men/58.jpg'}, 'nat': 'TR'}</msg>
<arg>${json_data['results'][0]}</arg>
<doc>Logs the given message with the given level.</doc>
<status status="PASS" start="2024-07-19T19:13:20.321623" elapsed="0.000406"/>
</kw>
<kw name="Log" owner="BuiltIn">
<msg time="2024-07-19T19:13:20.322453" level="INFO">email</msg>
<arg>${key}</arg>
<doc>Logs the given message with the given level.</doc>
<status status="PASS" start="2024-07-19T19:13:20.322326" elapsed="0.000166"/>
</kw>
<var name="${key}">email</var>
<status status="PASS" start="2024-07-19T19:13:20.320830" elapsed="0.001876"/>
</iter>
<iter>
<kw name="Dictionary Should Contain Key" owner="Collections">
<arg>${json_data['results'][0]}</arg>
<arg>${key}</arg>
<doc>Fails if ``key`` is not found from ``dictionary``.</doc>
<status status="PASS" start="2024-07-19T19:13:20.322986" elapsed="0.000373"/>
</kw>
<kw name="Log" owner="BuiltIn">
<msg time="2024-07-19T19:13:20.323891" level="INFO">{'gender': 'male', 'name': {'title': 'Mr', 'first': 'Kadir', 'last': 'Koçoğlu'}, 'location': {'street': {'number': 3171, 'name': 'Talak Göktepe Cd'}, 'city': 'Ordu', 'state': 'Konya', 'country': 'Turkey', 'postcode': 74736, 'coordinates': {'latitude': '66.8817', 'longitude': '-29.4066'}, 'timezone': {'offset': '+9:00', 'description': 'Tokyo, Seoul, Osaka, Sapporo, Yakutsk'}}, 'email': 'kadir.kocoglu@example.com', 'login': {'uuid': '78e54a8b-db69-4943-bd6d-a949f2b395ab', 'username': 'happysnake711', 'password': 'spongebo', 'salt': '2QAKJsp7', 'md5': 'afe8ac7df5c003420bb471e3d46617ae', 'sha1': 'c0d4d225a3ecfc29f5ed988cb0dedca175f82be9', 'sha256': '506f02f10029063da926bbaa0d5bf0780b14606148b9a216f09876883c1bb74e'}, 'dob': {'date': '1977-12-03T19:38:03.135Z', 'age': 46}, 'registered': {'date': '2008-04-07T17:36:31.814Z', 'age': 16}, 'phone': '(916)-253-6751', 'cell': '(537)-725-5361', 'id': {'name': '', 'value': None}, 'picture': {'large': 'https://randomuser.me/api/portraits/men/58.jpg', 'medium': 'https://randomuser.me/api/portraits/med/men/58.jpg', 'thumbnail': 'https://randomuser.me/api/portraits/thumb/men/58.jpg'}, 'nat': 'TR'}</msg>
<arg>${json_data['results'][0]}</arg>
<doc>Logs the given message with the given level.</doc>
<status status="PASS" start="2024-07-19T19:13:20.323540" elapsed="0.000403"/>
</kw>
<kw name="Log" owner="BuiltIn">
<msg time="2024-07-19T19:13:20.324384" level="INFO">login</msg>
<arg>${key}</arg>
<doc>Logs the given message with the given level.</doc>
<status status="PASS" start="2024-07-19T19:13:20.324257" elapsed="0.000164"/>
</kw>
<var name="${key}">login</var>
<status status="PASS" start="2024-07-19T19:13:20.322879" elapsed="0.001760"/>
</iter>
<var>${key}</var>
<value>@{expected_keys}</value>
<status status="PASS" start="2024-07-19T19:13:20.314637" elapsed="0.010121"/>
</for>
<kw name="Create List" owner="BuiltIn">
<msg time="2024-07-19T19:13:20.325078" level="INFO">${expected_keysTwo} = ['username', 'password']</msg>
<var>${expected_keysTwo}</var>
<arg>username</arg>
<arg>password</arg>
<doc>Returns a list containing given items.</doc>
<status status="PASS" start="2024-07-19T19:13:20.324947" elapsed="0.000155"/>
</kw>
<for flavor="IN">
<iter>
<kw name="Dictionary Should Contain Key" owner="Collections">
<arg>${json_data['results'][0]['login']}</arg>
<arg>${keyTwo}</arg>
<doc>Fails if ``key`` is not found from ``dictionary``.</doc>
<status status="PASS" start="2024-07-19T19:13:20.325623" elapsed="0.000378"/>
</kw>
<kw name="Dictionary Should Contain Key" owner="Collections">
<arg>${json_data['results'][0]['login']}</arg>
<arg>${keyTwo}</arg>
<doc>Fails if ``key`` is not found from ``dictionary``.</doc>
<status status="PASS" start="2024-07-19T19:13:20.326180" elapsed="0.000391"/>
</kw>
<kw name="Log" owner="BuiltIn">
<msg time="2024-07-19T19:13:20.326869" level="INFO">username</msg>
<arg>${keyTwo}</arg>
<doc>Logs the given message with the given level.</doc>
<status status="PASS" start="2024-07-19T19:13:20.326749" elapsed="0.000158"/>
</kw>
<var name="${keyTwo}">username</var>
<status status="PASS" start="2024-07-19T19:13:20.325517" elapsed="0.001608"/>
</iter>
<iter>
<kw name="Dictionary Should Contain Key" owner="Collections">
<arg>${json_data['results'][0]['login']}</arg>
<arg>${keyTwo}</arg>
<doc>Fails if ``key`` is not found from ``dictionary``.</doc>
<status status="PASS" start="2024-07-19T19:13:20.327403" elapsed="0.000378"/>
</kw>
<kw name="Dictionary Should Contain Key" owner="Collections">
<arg>${json_data['results'][0]['login']}</arg>
<arg>${keyTwo}</arg>
<doc>Fails if ``key`` is not found from ``dictionary``.</doc>
<status status="PASS" start="2024-07-19T19:13:20.327959" elapsed="0.000406"/>
</kw>
<kw name="Log" owner="BuiltIn">
<msg time="2024-07-19T19:13:20.328666" level="INFO">password</msg>
<arg>${keyTwo}</arg>
<doc>Logs the given message with the given level.</doc>
<status status="PASS" start="2024-07-19T19:13:20.328541" elapsed="0.000162"/>
</kw>
<var name="${keyTwo}">password</var>
<status status="PASS" start="2024-07-19T19:13:20.327294" elapsed="0.001629"/>
</iter>
<var>${keyTwo}</var>
<value>@{expected_keysTwo}</value>
<status status="PASS" start="2024-07-19T19:13:20.325363" elapsed="0.003680"/>
</for>
<status status="PASS" start="2024-07-19T19:13:20.207203" elapsed="0.121983"/>
</kw>
<doc>Testa a estrutura da resposta da API.</doc>
<tag>testeEstruturaResposta</tag>
<status status="PASS" start="2024-07-19T19:13:20.206696" elapsed="0.122648"/>
</test>
<test id="s1-s1-t4" name="Validar tipos de dados" line="28">
<kw name="Teste de Tipos de Dados" owner="random-user-service">
<kw name="GET On Session" owner="RequestsLibrary">
<msg time="2024-07-19T19:13:20.399936" level="INFO">GET Request : url=https://randomuser.me/api 
 path_url=/api 
 headers={'User-Agent': 'python-requests/2.32.3', 'Accept-Encoding': 'gzip, deflate', 'Accept': '*/*', 'Connection': 'keep-alive'} 
 body=None 
 </msg>
<msg time="2024-07-19T19:13:20.400039" level="INFO">GET Response : url=https://randomuser.me/api 
 status=200, reason=OK 
 headers={'Date': 'Fri, 19 Jul 2024 19:13:20 GMT', 'Content-Type': 'application/json; charset=utf-8', 'Transfer-Encoding': 'chunked', 'Connection': 'keep-alive', 'X-Powered-By': 'Express', 'Access-Control-Allow-Origin': '*', 'Cache-Control': 'no-cache', 'ETag': 'W/"498-/oozgB5s01+DKQWICjEjwH38AqI"', 'Vary': 'Accept-Encoding', 'Content-Encoding': 'gzip', 'CF-Cache-Status': 'DYNAMIC', 'Report-To': '{"endpoints":[{"url":"https:\\/\\/a.nel.cloudflare.com\\/report\\/v4?s=OZ8aNsaIiizm6DB8ddbNsjMJf69Bh1HyhvS%2FkI6M2p5nac%2FuS99SRUIGiWOfXRd4K7sQGYRz7Ssc4ZHSqSrvAL85gXsgzf5IgqTcyTMAxgCnDLDaP8J8svWntb9p8CDq"}],"group":"cf-nel","max_age":604800}', 'NEL': '{"success_fraction":0,"report_to":"cf-nel","max_age":604800}', 'Server': 'cloudflare', 'CF-RAY': '8a5d07361a632425-IAD', 'alt-svc': 'h3=":443"; ma=86400'} 
 body={"results":[{"gender":"male","name":{"title":"Mr","first":"Eemil","last":"Pakkala"},"location":{"street":{"number":7286,"name":"Hermiankatu"},"city":"Vihanti","state":"Tavastia Proper","country":"Finland","postcode":17614,"coordinates":{"latitude":"-25.9447","longitude":"-146.0259"},"timezone":{"offset":"+10:00","description":"Eastern Australia, Guam, Vladivostok"}},"email":"eemil.pakkala@example.com","login":{"uuid":"3afb2fd1-a82b-4341-bc4e-1d779fc892ec","username":"crazytiger200","password":"ross","salt":"QGlSmsf8","md5":"9c3d33db8423d2d9735b7c9bfef1326a","sha1":"ec649fe7b5422ab61de802e45e2de9d760c962db","sha256":"6158ad0ef0155817e1a5938a9cb03ae6a0a62d6c88c623413fd3bea259f52a0f"},"dob":{"date":"1991-08-28T23:36:39.664Z","age":32},"registered":{"date":"2011-03-30T21:10:32.341Z","age":13},"phone":"06-975-519","cell":"047-479-94-92","id":{"name":"HETU","value":"NaNNA937undefined"},"picture":{"large":"https://randomuser.me/api/portraits/men/49.jpg","medium":"https://randomuser.me/api/portraits/med/men/49.jpg","thumbnail":"https://randomuser.me/api/portraits/thumb/men/49.jpg"},"nat":"FI"}],"info":{"seed":"3c1912c89cbd61d9","results":1,"page":1,"version":"1.4"}} 
 </msg>
<msg time="2024-07-19T19:13:20.400121" level="INFO">/opt/hostedtoolcache/Python/3.12.4/x64/lib/python3.12/site-packages/urllib3/connectionpool.py:1099: InsecureRequestWarning: Unverified HTTPS request is being made to host 'randomuser.me'. Adding certificate verification is strongly advised. See: https://urllib3.readthedocs.io/en/latest/advanced-usage.html#tls-warnings
  warnings.warn(</msg>
<msg time="2024-07-19T19:13:20.400288" level="INFO">${response} = &lt;Response [200]&gt;</msg>
<var>${response}</var>
<arg>consultarAPI</arg>
<arg>/api</arg>
<doc>Sends a GET request on a previously created HTTP Session.</doc>
<status status="PASS" start="2024-07-19T19:13:20.331829" elapsed="0.068511"/>
</kw>
<kw name="Set Variable" owner="BuiltIn">
<msg time="2024-07-19T19:13:20.401582" level="INFO">${json_data} = {'results': [{'gender': 'male', 'name': {'title': 'Mr', 'first': 'Eemil', 'last': 'Pakkala'}, 'location': {'street': {'number': 7286, 'name': 'Hermiankatu'}, 'city': 'Vihanti', 'state': 'Tavastia Prop...</msg>
<var>${json_data}</var>
<arg>${response.json()}</arg>
<doc>Returns the given values which can then be assigned to a variables.</doc>
<status status="PASS" start="2024-07-19T19:13:20.400981" elapsed="0.000631"/>
</kw>
<kw name="Log" owner="BuiltIn">
<msg time="2024-07-19T19:13:20.402103" level="INFO">{'results': [{'gender': 'male', 'name': {'title': 'Mr', 'first': 'Eemil', 'last': 'Pakkala'}, 'location': {'street': {'number': 7286, 'name': 'Hermiankatu'}, 'city': 'Vihanti', 'state': 'Tavastia Proper', 'country': 'Finland', 'postcode': 17614, 'coordinates': {'latitude': '-25.9447', 'longitude': '-146.0259'}, 'timezone': {'offset': '+10:00', 'description': 'Eastern Australia, Guam, Vladivostok'}}, 'email': 'eemil.pakkala@example.com', 'login': {'uuid': '3afb2fd1-a82b-4341-bc4e-1d779fc892ec', 'username': 'crazytiger200', 'password': 'ross', 'salt': 'QGlSmsf8', 'md5': '9c3d33db8423d2d9735b7c9bfef1326a', 'sha1': 'ec649fe7b5422ab61de802e45e2de9d760c962db', 'sha256': '6158ad0ef0155817e1a5938a9cb03ae6a0a62d6c88c623413fd3bea259f52a0f'}, 'dob': {'date': '1991-08-28T23:36:39.664Z', 'age': 32}, 'registered': {'date': '2011-03-30T21:10:32.341Z', 'age': 13}, 'phone': '06-975-519', 'cell': '047-479-94-92', 'id': {'name': 'HETU', 'value': 'NaNNA937undefined'}, 'picture': {'large': 'https://randomuser.me/api/portraits/men/49.jpg', 'medium': 'https://randomuser.me/api/portraits/med/men/49.jpg', 'thumbnail': 'https://randomuser.me/api/portraits/thumb/men/49.jpg'}, 'nat': 'FI'}], 'info': {'seed': '3c1912c89cbd61d9', 'results': 1, 'page': 1, 'version': '1.4'}}</msg>
<arg>${json_data}</arg>
<doc>Logs the given message with the given level.</doc>
<status status="PASS" start="2024-07-19T19:13:20.401944" elapsed="0.000208"/>
</kw>
<kw name="Should Be String" owner="String">
<arg>${json_data['results'][0]['gender']}</arg>
<doc>Fails if the given ``item`` is not a string.</doc>
<status status="PASS" start="2024-07-19T19:13:20.402446" elapsed="0.000368"/>
</kw>
<kw name="Should Match Regexp" owner="BuiltIn">
<arg>${json_data['results'][0]['email']}</arg>
<arg>^[a-zA-Z0-9._%+-]+@[a-zA-Z0-9.-]+\.[a-zA-Z]{2,}$</arg>
<doc>Fails if ``string`` does not match ``pattern`` as a regular expression.</doc>
<status status="PASS" start="2024-07-19T19:13:20.403004" elapsed="0.000523"/>
</kw>
<kw name="Should Match Regexp" owner="BuiltIn">
<arg>${json_data['results'][0]['dob']['date']}</arg>
<arg>\\d{4}-\\d{2}-\\d{2}T\\d{2}:\\d{2}:\\d{2}\\.\\d{3}Z</arg>
<doc>Fails if ``string`` does not match ``pattern`` as a regular expression.</doc>
<status status="PASS" start="2024-07-19T19:13:20.403764" elapsed="0.000688"/>
</kw>
<kw name="Should Match Regexp" owner="BuiltIn">
<arg>${json_data['results'][0]['registered']['date']}</arg>
<arg>\\d{4}-\\d{2}-\\d{2}T\\d{2}:\\d{2}:\\d{2}\\.\\d{3}Z</arg>
<doc>Fails if ``string`` does not match ``pattern`` as a regular expression.</doc>
<status status="PASS" start="2024-07-19T19:13:20.404662" elapsed="0.000376"/>
</kw>
<kw name="Should Match Regexp" owner="BuiltIn">
<arg>${json_data['results'][0]['picture']['large']}</arg>
<arg>^https?://.*\.(?:png|jpe?g|gif|bmp)$</arg>
<doc>Fails if ``string`` does not match ``pattern`` as a regular expression.</doc>
<status status="PASS" start="2024-07-19T19:13:20.405225" elapsed="0.000459"/>
</kw>
<kw name="Should Match Regexp" owner="BuiltIn">
<arg>${json_data['results'][0]['picture']['medium']}</arg>
<arg>^https?://.*\.(?:png|jpe?g|gif|bmp)$</arg>
<doc>Fails if ``string`` does not match ``pattern`` as a regular expression.</doc>
<status status="PASS" start="2024-07-19T19:13:20.405872" elapsed="0.000350"/>
</kw>
<kw name="Should Match Regexp" owner="BuiltIn">
<arg>${json_data['results'][0]['picture']['thumbnail']}</arg>
<arg>^https?://.*\.(?:png|jpe?g|gif|bmp)$</arg>
<doc>Fails if ``string`` does not match ``pattern`` as a regular expression.</doc>
<status status="PASS" start="2024-07-19T19:13:20.406407" elapsed="0.000358"/>
</kw>
<kw name="Log" owner="BuiltIn">
<msg time="2024-07-19T19:13:20.407303" level="INFO">{'large': 'https://randomuser.me/api/portraits/men/49.jpg', 'medium': 'https://randomuser.me/api/portraits/med/men/49.jpg', 'thumbnail': 'https://randomuser.me/api/portraits/thumb/men/49.jpg'}</msg>
<arg>${json_data['results'][0]['picture']}</arg>
<doc>Logs the given message with the given level.</doc>
<status status="PASS" start="2024-07-19T19:13:20.406967" elapsed="0.000378"/>
</kw>
<status status="PASS" start="2024-07-19T19:13:20.331603" elapsed="0.076002"/>
</kw>
<kw name="Teste de Tipos de Dados - Postcode" owner="random-user-service">
<kw name="GET On Session" owner="RequestsLibrary">
<msg time="2024-07-19T19:13:20.512021" level="INFO">GET Request : url=https://randomuser.me/api 
 path_url=/api 
 headers={'User-Agent': 'python-requests/2.32.3', 'Accept-Encoding': 'gzip, deflate', 'Accept': '*/*', 'Connection': 'keep-alive'} 
 body=None 
 </msg>
<msg time="2024-07-19T19:13:20.512119" level="INFO">GET Response : url=https://randomuser.me/api 
 status=200, reason=OK 
 headers={'Date': 'Fri, 19 Jul 2024 19:13:20 GMT', 'Content-Type': 'application/json; charset=utf-8', 'Transfer-Encoding': 'chunked', 'Connection': 'keep-alive', 'X-Powered-By': 'Express', 'Access-Control-Allow-Origin': '*', 'Cache-Control': 'no-cache', 'ETag': 'W/"48e-QPla56RlOppZo+X+qXOpCYLNfFQ"', 'Vary': 'Accept-Encoding', 'Content-Encoding': 'gzip', 'CF-Cache-Status': 'DYNAMIC', 'Report-To': '{"endpoints":[{"url":"https:\\/\\/a.nel.cloudflare.com\\/report\\/v4?s=wVwW9t4wWVKm7wVp1wvXhI00845PQW%2Fz5EIQxN%2B8KEw4gfxQ4HJa8VAyPAH4Loc9NM3OERvHT5ePtO1UK6TMia3JX1vStcHkDWL26YN5MriE8%2FkNutav6PnE1U4GSJRN"}],"group":"cf-nel","max_age":604800}', 'NEL': '{"success_fraction":0,"report_to":"cf-nel","max_age":604800}', 'Server': 'cloudflare', 'CF-RAY': '8a5d07369af42425-IAD', 'alt-svc': 'h3=":443"; ma=86400'} 
 body={"results":[{"gender":"female","name":{"title":"Mrs","first":"Sara","last":"Hansen"},"location":{"street":{"number":9819,"name":"Skovvejen"},"city":"Vipperød","state":"Midtjylland","country":"Denmark","postcode":79708,"coordinates":{"latitude":"-42.3751","longitude":"124.4363"},"timezone":{"offset":"-6:00","description":"Central Time (US &amp; Canada), Mexico City"}},"email":"sara.hansen@example.com","login":{"uuid":"c373fbf6-c721-46ed-ab9b-61062143843f","username":"sadgorilla198","password":"marvel","salt":"ClhA623T","md5":"76c81e213d2eb17b5ccd14dff2a4c9fc","sha1":"ebc56b2b034399fd76df6d3a39bf89844dd68609","sha256":"fef34f0d3dc1fd2387d868d727fc0c5b3b765d4dd0e9fd76ff07807785af6c7e"},"dob":{"date":"1946-01-30T23:48:05.119Z","age":78},"registered":{"date":"2010-05-21T09:43:43.542Z","age":14},"phone":"12252290","cell":"38729782","id":{"name":"CPR","value":"300146-5190"},"picture":{"large":"https://randomuser.me/api/portraits/women/15.jpg","medium":"https://randomuser.me/api/portraits/med/women/15.jpg","thumbnail":"https://randomuser.me/api/portraits/thumb/women/15.jpg"},"nat":"DK"}],"info":{"seed":"4cab278cbeaea7a5","results":1,"page":1,"version":"1.4"}} 
 </msg>
<msg time="2024-07-19T19:13:20.512193" level="INFO">/opt/hostedtoolcache/Python/3.12.4/x64/lib/python3.12/site-packages/urllib3/connectionpool.py:1099: InsecureRequestWarning: Unverified HTTPS request is being made to host 'randomuser.me'. Adding certificate verification is strongly advised. See: https://urllib3.readthedocs.io/en/latest/advanced-usage.html#tls-warnings
  warnings.warn(</msg>
<msg time="2024-07-19T19:13:20.512353" level="INFO">${response} = &lt;Response [200]&gt;</msg>
<var>${response}</var>
<arg>consultarAPI</arg>
<arg>/api</arg>
<doc>Sends a GET request on a previously created HTTP Session.</doc>
<status status="PASS" start="2024-07-19T19:13:20.408062" elapsed="0.104332"/>
</kw>
<kw name="Set Variable" owner="BuiltIn">
<msg time="2024-07-19T19:13:20.513593" level="INFO">${json_data} = {'results': [{'gender': 'female', 'name': {'title': 'Mrs', 'first': 'Sara', 'last': 'Hansen'}, 'location': {'street': {'number': 9819, 'name': 'Skovvejen'}, 'city': 'Vipperød', 'state': 'Midtjylland',...</msg>
<var>${json_data}</var>
<arg>${response.json()}</arg>
<doc>Returns the given values which can then be assigned to a variables.</doc>
<status status="PASS" start="2024-07-19T19:13:20.513010" elapsed="0.000611"/>
</kw>
<kw name="Log" owner="BuiltIn">
<msg time="2024-07-19T19:13:20.514108" level="INFO">{'results': [{'gender': 'female', 'name': {'title': 'Mrs', 'first': 'Sara', 'last': 'Hansen'}, 'location': {'street': {'number': 9819, 'name': 'Skovvejen'}, 'city': 'Vipperød', 'state': 'Midtjylland', 'country': 'Denmark', 'postcode': 79708, 'coordinates': {'latitude': '-42.3751', 'longitude': '124.4363'}, 'timezone': {'offset': '-6:00', 'description': 'Central Time (US &amp; Canada), Mexico City'}}, 'email': 'sara.hansen@example.com', 'login': {'uuid': 'c373fbf6-c721-46ed-ab9b-61062143843f', 'username': 'sadgorilla198', 'password': 'marvel', 'salt': 'ClhA623T', 'md5': '76c81e213d2eb17b5ccd14dff2a4c9fc', 'sha1': 'ebc56b2b034399fd76df6d3a39bf89844dd68609', 'sha256': 'fef34f0d3dc1fd2387d868d727fc0c5b3b765d4dd0e9fd76ff07807785af6c7e'}, 'dob': {'date': '1946-01-30T23:48:05.119Z', 'age': 78}, 'registered': {'date': '2010-05-21T09:43:43.542Z', 'age': 14}, 'phone': '12252290', 'cell': '38729782', 'id': {'name': 'CPR', 'value': '300146-5190'}, 'picture': {'large': 'https://randomuser.me/api/portraits/women/15.jpg', 'medium': 'https://randomuser.me/api/portraits/med/women/15.jpg', 'thumbnail': 'https://randomuser.me/api/portraits/thumb/women/15.jpg'}, 'nat': 'DK'}], 'info': {'seed': '4cab278cbeaea7a5', 'results': 1, 'page': 1, 'version': '1.4'}}</msg>
<arg>${json_data}</arg>
<doc>Logs the given message with the given level.</doc>
<status status="PASS" start="2024-07-19T19:13:20.513937" elapsed="0.000224"/>
</kw>
<kw name="Should Be Equal As Numbers" owner="BuiltIn">
<arg>${json_data['results'][0]['location']['postcode']}</arg>
<arg>${json_data['results'][0]['location']['postcode']}</arg>
<doc>Fails if objects are unequal after converting them to real numbers.</doc>
<status status="PASS" start="2024-07-19T19:13:20.514452" elapsed="0.000617"/>
</kw>
<kw name="Log" owner="BuiltIn">
<msg time="2024-07-19T19:13:20.515589" level="INFO">79708</msg>
<arg>${json_data['results'][0]['location']['postcode']}</arg>
<doc>Logs the given message with the given level.</doc>
<status status="PASS" start="2024-07-19T19:13:20.515259" elapsed="0.000369"/>
</kw>
<status status="PASS" start="2024-07-19T19:13:20.407833" elapsed="0.108081"/>
</kw>
<doc>Testa se os tipos de dados na resposta da API estão corretos.</doc>
<tag>testeTiposDados</tag>
<status status="PASS" start="2024-07-19T19:13:20.331139" elapsed="0.184944"/>
</test>
<test id="s1-s1-t5" name="Validar conteudo" line="35">
<kw name="Teste de Tipos de Conteudo" owner="random-user-service">
<kw name="GET On Session" owner="RequestsLibrary">
<msg time="2024-07-19T19:13:20.604247" level="INFO">GET Request : url=https://randomuser.me/api 
 path_url=/api 
 headers={'User-Agent': 'python-requests/2.32.3', 'Accept-Encoding': 'gzip, deflate', 'Accept': '*/*', 'Connection': 'keep-alive'} 
 body=None 
 </msg>
<msg time="2024-07-19T19:13:20.604348" level="INFO">GET Response : url=https://randomuser.me/api 
 status=200, reason=OK 
 headers={'Date': 'Fri, 19 Jul 2024 19:13:20 GMT', 'Content-Type': 'application/json; charset=utf-8', 'Transfer-Encoding': 'chunked', 'Connection': 'keep-alive', 'X-Powered-By': 'Express', 'Access-Control-Allow-Origin': '*', 'Cache-Control': 'no-cache', 'ETag': 'W/"48b-SFasSsKAwUFp8+/3LjAtAXrmSpE"', 'Vary': 'Accept-Encoding', 'Content-Encoding': 'gzip', 'CF-Cache-Status': 'DYNAMIC', 'Report-To': '{"endpoints":[{"url":"https:\\/\\/a.nel.cloudflare.com\\/report\\/v4?s=DEgIDXSMxzjVQALGLfF%2Fste8yzEguvJHRmBYMxZ4iJ3rxLGvf4A%2FFFRDYSNIyAe5m2kElMn20GR6jWxe3ksFz5jtcyEEzXTrSWdwIh7nU0M2NSo0xFygtMMRc05sXpfX"}],"group":"cf-nel","max_age":604800}', 'NEL': '{"success_fraction":0,"report_to":"cf-nel","max_age":604800}', 'Server': 'cloudflare', 'CF-RAY': '8a5d07374bf02425-IAD', 'alt-svc': 'h3=":443"; ma=86400'} 
 body={"results":[{"gender":"male","name":{"title":"Mr","first":"Loek","last":"Huiskamp"},"location":{"street":{"number":9698,"name":"Kooijstraat"},"city":"Breskens","state":"Overijssel","country":"Netherlands","postcode":"7448 BZ","coordinates":{"latitude":"34.9932","longitude":"-13.5013"},"timezone":{"offset":"-8:00","description":"Pacific Time (US &amp; Canada)"}},"email":"loek.huiskamp@example.com","login":{"uuid":"852ff1bf-9495-4736-a474-ed766a06e3bf","username":"heavyfish926","password":"darthvad","salt":"LtJvDoA4","md5":"18a645971da53350ead3ea1f7399d770","sha1":"40b6ff2cbee07a7e0ba97b31300ef77db1be19c6","sha256":"0389bbeaae2e30750c2247ba5adb78244d4d3858c1f25ff3d4c9e0453f95f38f"},"dob":{"date":"1992-05-27T16:06:11.448Z","age":32},"registered":{"date":"2011-08-29T21:56:19.692Z","age":12},"phone":"(0084) 051574","cell":"(06) 75973638","id":{"name":"BSN","value":"81058046"},"picture":{"large":"https://randomuser.me/api/portraits/men/38.jpg","medium":"https://randomuser.me/api/portraits/med/men/38.jpg","thumbnail":"https://randomuser.me/api/portraits/thumb/men/38.jpg"},"nat":"NL"}],"info":{"seed":"b807b9c5f8387b37","results":1,"page":1,"version":"1.4"}} 
 </msg>
<msg time="2024-07-19T19:13:20.604424" level="INFO">/opt/hostedtoolcache/Python/3.12.4/x64/lib/python3.12/site-packages/urllib3/connectionpool.py:1099: InsecureRequestWarning: Unverified HTTPS request is being made to host 'randomuser.me'. Adding certificate verification is strongly advised. See: https://urllib3.readthedocs.io/en/latest/advanced-usage.html#tls-warnings
  warnings.warn(</msg>
<msg time="2024-07-19T19:13:20.604545" level="INFO">${response} = &lt;Response [200]&gt;</msg>
<var>${response}</var>
<arg>consultarAPI</arg>
<arg>/api</arg>
<doc>Sends a GET request on a previously created HTTP Session.</doc>
<status status="PASS" start="2024-07-19T19:13:20.519392" elapsed="0.085194"/>
</kw>
<kw name="Set Variable" owner="BuiltIn">
<msg time="2024-07-19T19:13:20.605815" level="INFO">${json_data} = {'results': [{'gender': 'male', 'name': {'title': 'Mr', 'first': 'Loek', 'last': 'Huiskamp'}, 'location': {'street': {'number': 9698, 'name': 'Kooijstraat'}, 'city': 'Breskens', 'state': 'Overijssel',...</msg>
<var>${json_data}</var>
<arg>${response.json()}</arg>
<doc>Returns the given values which can then be assigned to a variables.</doc>
<status status="PASS" start="2024-07-19T19:13:20.605247" elapsed="0.000597"/>
</kw>
<kw name="Set Variable" owner="BuiltIn">
<msg time="2024-07-19T19:13:20.606536" level="INFO">${name_title} = Mr</msg>
<var>${name_title}</var>
<arg>${json_data["results"][0]["name"]["title"]}</arg>
<doc>Returns the given values which can then be assigned to a variables.</doc>
<status status="PASS" start="2024-07-19T19:13:20.606152" elapsed="0.000409"/>
</kw>
<kw name="Create List" owner="BuiltIn">
<msg time="2024-07-19T19:13:20.607001" level="INFO">${allowed_titles} = ['Mr', 'Ms', 'Miss', 'Mrs', 'Madame', 'Monsieur']</msg>
<var>${allowed_titles}</var>
<arg>Mr</arg>
<arg>Ms</arg>
<arg>Miss</arg>
<arg>Mrs</arg>
<arg>Madame</arg>
<arg>Monsieur</arg>
<doc>Returns a list containing given items.</doc>
<status status="PASS" start="2024-07-19T19:13:20.606855" elapsed="0.000170"/>
</kw>
<kw name="List Should Contain Value" owner="Collections">
<arg>${allowed_titles}</arg>
<arg>${name_title}</arg>
<doc>Fails if the ``value`` is not found from ``list``.</doc>
<status status="PASS" start="2024-07-19T19:13:20.607317" elapsed="0.000174"/>
</kw>
<kw name="Set Variable" owner="BuiltIn">
<msg time="2024-07-19T19:13:20.608054" level="INFO">${name_country} = NL</msg>
<var>${name_country}</var>
<arg>${json_data["results"][0]["nat"]}</arg>
<doc>Returns the given values which can then be assigned to a variables.</doc>
<status status="PASS" start="2024-07-19T19:13:20.607673" elapsed="0.000412"/>
</kw>
<kw name="Create List" owner="BuiltIn">
<msg time="2024-07-19T19:13:20.609017" level="INFO">${list_country} = ['AD', 'AE', 'AF', 'AG', 'AI', 'AL', 'AM', 'AO', 'AQ', 'AR', 'AS', 'AT', 'AU', 'AW', 'AX', 'AZ', 'BA', 'BB', 'BD', 'BE', 'BF', 'BG', 'BH', 'BI', 'BJ', 'BL', 'BM', 'BN', 'BO', 'BQ', 'BR', 'BS', 'BT', '...</msg>
<var>${list_country}</var>
<arg>AD</arg>
<arg>AE</arg>
<arg>AF</arg>
<arg>AG</arg>
<arg>AI</arg>
<arg>AL</arg>
<arg>AM</arg>
<arg>AO</arg>
<arg>AQ</arg>
<arg>AR</arg>
<arg>AS</arg>
<arg>AT</arg>
<arg>AU</arg>
<arg>AW</arg>
<arg>AX</arg>
<arg>AZ</arg>
<arg>BA</arg>
<arg>BB</arg>
<arg>BD</arg>
<arg>BE</arg>
<arg>BF</arg>
<arg>BG</arg>
<arg>BH</arg>
<arg>BI</arg>
<arg>BJ</arg>
<arg>BL</arg>
<arg>BM</arg>
<arg>BN</arg>
<arg>BO</arg>
<arg>BQ</arg>
<arg>BR</arg>
<arg>BS</arg>
<arg>BT</arg>
<arg>BV</arg>
<arg>BW</arg>
<arg>BY</arg>
<arg>BZ</arg>
<arg>CA</arg>
<arg>CC</arg>
<arg>CD</arg>
<arg>CF</arg>
<arg>CG</arg>
<arg>CH</arg>
<arg>CI</arg>
<arg>CK</arg>
<arg>CL</arg>
<arg>CM</arg>
<arg>CN</arg>
<arg>CO</arg>
<arg>CR</arg>
<arg>CU</arg>
<arg>CV</arg>
<arg>CW</arg>
<arg>CX</arg>
<arg>CY</arg>
<arg>CZ</arg>
<arg>DE</arg>
<arg>DJ</arg>
<arg>DK</arg>
<arg>DM</arg>
<arg>DO</arg>
<arg>DZ</arg>
<arg>EC</arg>
<arg>EE</arg>
<arg>EG</arg>
<arg>EH</arg>
<arg>ER</arg>
<arg>ES</arg>
<arg>ET</arg>
<arg>FI</arg>
<arg>FJ</arg>
<arg>FK</arg>
<arg>FM</arg>
<arg>FO</arg>
<arg>FR</arg>
<arg>GA</arg>
<arg>GB</arg>
<arg>GD</arg>
<arg>GE</arg>
<arg>GF</arg>
<arg>GG</arg>
<arg>GH</arg>
<arg>GI</arg>
<arg>GL</arg>
<arg>GM</arg>
<arg>GN</arg>
<arg>GP</arg>
<arg>GQ</arg>
<arg>GR</arg>
<arg>GS</arg>
<arg>GT</arg>
<arg>GU</arg>
<arg>GW</arg>
<arg>GY</arg>
<arg>HK</arg>
<arg>HM</arg>
<arg>HN</arg>
<arg>HR</arg>
<arg>HT</arg>
<arg>HU</arg>
<arg>ID</arg>
<arg>IE</arg>
<arg>IL</arg>
<arg>IM</arg>
<arg>IN</arg>
<arg>IO</arg>
<arg>IQ</arg>
<arg>IR</arg>
<arg>IS</arg>
<arg>IT</arg>
<arg>JE</arg>
<arg>JM</arg>
<arg>JO</arg>
<arg>JP</arg>
<arg>KE</arg>
<arg>KG</arg>
<arg>KH</arg>
<arg>KI</arg>
<arg>KM</arg>
<arg>KN</arg>
<arg>KP</arg>
<arg>KR</arg>
<arg>KW</arg>
<arg>KY</arg>
<arg>KZ</arg>
<arg>LA</arg>
<arg>LB</arg>
<arg>LC</arg>
<arg>LI</arg>
<arg>LK</arg>
<arg>LR</arg>
<arg>LS</arg>
<arg>LT</arg>
<arg>LU</arg>
<arg>LV</arg>
<arg>LY</arg>
<arg>MA</arg>
<arg>MC</arg>
<arg>MD</arg>
<arg>ME</arg>
<arg>MF</arg>
<arg>MG</arg>
<arg>MH</arg>
<arg>MK</arg>
<arg>ML</arg>
<arg>MM</arg>
<arg>MN</arg>
<arg>MO</arg>
<arg>MP</arg>
<arg>MQ</arg>
<arg>MR</arg>
<arg>MS</arg>
<arg>MT</arg>
<arg>MU</arg>
<arg>MV</arg>
<arg>MW</arg>
<arg>MX</arg>
<arg>MY</arg>
<arg>MZ</arg>
<arg>NA</arg>
<arg>NC</arg>
<arg>NE</arg>
<arg>NF</arg>
<arg>NG</arg>
<arg>NI</arg>
<arg>NL</arg>
<arg>NO</arg>
<arg>NP</arg>
<arg>NR</arg>
<arg>NU</arg>
<arg>NZ</arg>
<arg>OM</arg>
<arg>PA</arg>
<arg>PE</arg>
<arg>PF</arg>
<arg>PG</arg>
<arg>PH</arg>
<arg>PK</arg>
<arg>PL</arg>
<arg>PM</arg>
<arg>PN</arg>
<arg>PR</arg>
<arg>PS</arg>
<arg>PT</arg>
<arg>PW</arg>
<arg>PY</arg>
<arg>QA</arg>
<arg>RE</arg>
<arg>RO</arg>
<arg>RS</arg>
<arg>RU</arg>
<arg>RW</arg>
<arg>SA</arg>
<arg>SB</arg>
<arg>SC</arg>
<arg>SD</arg>
<arg>SE</arg>
<arg>SG</arg>
<arg>SH</arg>
<arg>SI</arg>
<arg>SJ</arg>
<arg>SK</arg>
<arg>SL</arg>
<arg>SM</arg>
<arg>SN</arg>
<arg>SO</arg>
<arg>SR</arg>
<arg>SS</arg>
<arg>ST</arg>
<arg>SV</arg>
<arg>SX</arg>
<arg>SY</arg>
<arg>SZ</arg>
<arg>TC</arg>
<arg>TD</arg>
<arg>TF</arg>
<arg>TG</arg>
<arg>TH</arg>
<arg>TJ</arg>
<arg>TK</arg>
<arg>TL</arg>
<arg>TM</arg>
<arg>TN</arg>
<arg>TO</arg>
<arg>TR</arg>
<arg>TT</arg>
<arg>TV</arg>
<arg>TW</arg>
<arg>TZ</arg>
<arg>UA</arg>
<arg>UG</arg>
<arg>UM</arg>
<arg>US</arg>
<arg>UY</arg>
<arg>UZ</arg>
<arg>VA</arg>
<arg>VC</arg>
<arg>VE</arg>
<arg>VG</arg>
<arg>VI</arg>
<arg>VN</arg>
<arg>VU</arg>
<arg>WF</arg>
<arg>WS</arg>
<arg>XK</arg>
<arg>YE</arg>
<arg>YT</arg>
<arg>ZA</arg>
<arg>ZM</arg>
<arg>ZW</arg>
<doc>Returns a list containing given items.</doc>
<status status="PASS" start="2024-07-19T19:13:20.608427" elapsed="0.000616"/>
</kw>
<kw name="List Should Contain Value" owner="Collections">
<arg>${list_country}</arg>
<arg>${name_country}</arg>
<doc>Fails if the ``value`` is not found from ``list``.</doc>
<status status="PASS" start="2024-07-19T19:13:20.610029" elapsed="0.000208"/>
</kw>
<kw name="Run Keyword If" owner="BuiltIn">
<kw name="Should Be True" owner="BuiltIn">
<arg>${True}</arg>
<doc>Fails if the given condition is not true.</doc>
<status status="PASS" start="2024-07-19T19:13:20.611184" elapsed="0.000139"/>
</kw>
<arg>${json_data["results"][0]["location"]["coordinates"]["latitude"]} &gt;= -90 and ${json_data["results"][0]["location"]["coordinates"]["latitude"]} &lt;= 90</arg>
<arg>Should Be True</arg>
<arg>${True}</arg>
<doc>Runs the given keyword with the given arguments, if ``condition`` is true.</doc>
<status status="PASS" start="2024-07-19T19:13:20.610434" elapsed="0.001013"/>
</kw>
<kw name="Run Keyword If" owner="BuiltIn">
<kw name="Should Be True" owner="BuiltIn">
<arg>${True}</arg>
<doc>Fails if the given condition is not true.</doc>
<status status="PASS" start="2024-07-19T19:13:20.612340" elapsed="0.000136"/>
</kw>
<arg>${json_data["results"][0]["location"]["coordinates"]["longitude"]} &gt;= -180 and ${json_data["results"][0]["location"]["coordinates"]["longitude"]} &lt;= 180</arg>
<arg>Should Be True</arg>
<arg>${True}</arg>
<doc>Runs the given keyword with the given arguments, if ``condition`` is true.</doc>
<status status="PASS" start="2024-07-19T19:13:20.611627" elapsed="0.000973"/>
</kw>
<status status="PASS" start="2024-07-19T19:13:20.519027" elapsed="0.093706"/>
</kw>
<doc>Testa o conteúdo específico dos campos retornados pela API.</doc>
<tag>testeConteudo</tag>
<status status="PASS" start="2024-07-19T19:13:20.518305" elapsed="0.094578"/>
</test>
<status status="PASS" start="2024-07-19T19:13:19.646409" elapsed="0.968482"/>
</suite>
<status status="PASS" start="2024-07-19T19:13:19.631633" elapsed="0.988457"/>
</suite>
<statistics>
<total>
<stat pass="5" fail="0" skip="0">All Tests</stat>
</total>
<tag>
<stat pass="1" fail="0" skip="0">testeConteudo</stat>
<stat pass="1" fail="0" skip="0">testeEstruturaResposta</stat>
<stat pass="1" fail="0" skip="0">testeRequisicaoBasica</stat>
<stat pass="1" fail="0" skip="0">testeTiposDados</stat>
</tag>
<suite>
<stat pass="5" fail="0" skip="0" id="s1" name="Tests">Tests</stat>
<stat pass="5" fail="0" skip="0" id="s1-s1" name="Random-User-Test">Tests.Random-User-Test</stat>
</suite>
</statistics>
<errors>
</errors>
</robot>
