<?xml version="1.0" encoding="UTF-8"?>
<robot generator="Robot 7.0 (Python 3.12.2 on linux)" generated="2024-03-20T16:46:17.916841" rpa="false" schemaversion="5">
<suite id="s1" name="Tests" source="/home/runner/work/DesafioQA---Itau---Rogerio-Jordao/DesafioQA---Itau---Rogerio-Jordao/DesafioQA - Itau - Rogerio Jordao/tests">
<suite id="s1-s1" name="Random-User-Test" source="/home/runner/work/DesafioQA---Itau---Rogerio-Jordao/DesafioQA---Itau---Rogerio-Jordao/DesafioQA - Itau - Rogerio Jordao/tests/random-user-test.robot">
<test id="s1-s1-t1" name="Conectar" line="24">
<kw name="Conectar API">
<kw name="Create Session" owner="RequestsLibrary">
<msg time="2024-03-20T16:46:18.236142" level="INFO">Creating Session using : alias=consultarAPI, url=https://randomuser.me/, headers={},                     cookies={}, auth=None, timeout=None, proxies=None, verify=False,                     debug=0 </msg>
<arg>consultarAPI</arg>
<arg>${URL}</arg>
<doc>Create Session: create a HTTP session to a server</doc>
<status status="PASS" start="2024-03-20T16:46:18.235934" elapsed="0.000376"/>
</kw>
<status status="PASS" start="2024-03-20T16:46:18.235020" elapsed="0.001681"/>
</kw>
<status status="PASS" start="2024-03-20T16:46:18.234517" elapsed="0.002401"/>
</test>
<test id="s1-s1-t2" name="Validar retorno 200 e JSON Válido" line="27">
<kw name="Teste de Requisicao Basica">
<kw name="GET On Session" owner="RequestsLibrary">
<msg time="2024-03-20T16:46:18.313290" level="INFO">GET Request : url=https://randomuser.me/api 
 path_url=/api 
 headers={'User-Agent': 'python-requests/2.31.0', 'Accept-Encoding': 'gzip, deflate', 'Accept': '*/*', 'Connection': 'keep-alive'} 
 body=None 
 </msg>
<msg time="2024-03-20T16:46:18.313397" level="INFO">GET Response : url=https://randomuser.me/api 
 status=200, reason=OK 
 headers={'Date': 'Wed, 20 Mar 2024 16:46:18 GMT', 'Content-Type': 'application/json; charset=utf-8', 'Transfer-Encoding': 'chunked', 'Connection': 'keep-alive', 'X-Powered-By': 'Express', 'Access-Control-Allow-Origin': '*', 'Cache-Control': 'no-cache', 'ETag': 'W/"479-/qGlCTfnZsle2aA0SiJaLlOrG0E"', 'Vary': 'Accept-Encoding', 'Content-Encoding': 'gzip', 'CF-Cache-Status': 'DYNAMIC', 'Report-To': '{"endpoints":[{"url":"https:\\/\\/a.nel.cloudflare.com\\/report\\/v4?s=svRc5G9mSyTqOmtWI1C0L1kKGE3nnazSqRIX9WwN41N4xbqTott2%2FwjV8FPMUjLsp%2BmcJsBIgj6lbSepY2eLriseIk5JyXnJ2gZcqT%2F2ApB%2BumU3sDO6J5xbtGgwSL3j"}],"group":"cf-nel","max_age":604800}', 'NEL': '{"success_fraction":0,"report_to":"cf-nel","max_age":604800}', 'Server': 'cloudflare', 'CF-RAY': '86772d743c753b05-IAD', 'alt-svc': 'h3=":443"; ma=86400'} 
 body={"results":[{"gender":"female","name":{"title":"Ms","first":"Lyubislava","last":"Babeshko"},"location":{"street":{"number":4313,"name":"Kilceva"},"city":"Blagovishchenske","state":"Vinnicka","country":"Ukraine","postcode":72711,"coordinates":{"latitude":"81.1821","longitude":"13.9416"},"timezone":{"offset":"-9:00","description":"Alaska"}},"email":"lyubislava.babeshko@example.com","login":{"uuid":"70c16610-b525-4ad2-a357-498ee6f59066","username":"heavyfish622","password":"entry","salt":"wjwO3lyn","md5":"65fbb704fb6063044df7f4d0e9fc99a8","sha1":"d145c9e6028b5c775b46aac0e79c46d9fa7a3f97","sha256":"7c38247ca83ebd380ec65d3090da09a9eb928495905798114e20c7198bc7150c"},"dob":{"date":"1975-05-25T00:57:48.657Z","age":48},"registered":{"date":"2021-02-08T01:43:44.011Z","age":3},"phone":"(096) Y36-0340","cell":"(067) N63-7151","id":{"name":"","value":null},"picture":{"large":"https://randomuser.me/api/portraits/women/88.jpg","medium":"https://randomuser.me/api/portraits/med/women/88.jpg","thumbnail":"https://randomuser.me/api/portraits/thumb/women/88.jpg"},"nat":"UA"}],"info":{"seed":"c13d65083aba151f","results":1,"page":1,"version":"1.4"}} 
 </msg>
<msg time="2024-03-20T16:46:18.313625" level="INFO">/opt/hostedtoolcache/Python/3.12.2/x64/lib/python3.12/site-packages/urllib3/connectionpool.py:1103: InsecureRequestWarning: Unverified HTTPS request is being made to host 'randomuser.me'. Adding certificate verification is strongly advised. See: https://urllib3.readthedocs.io/en/latest/advanced-usage.html#tls-warnings
  warnings.warn(</msg>
<msg time="2024-03-20T16:46:18.313762" level="INFO">${response} = &lt;Response [200]&gt;</msg>
<var>${response}</var>
<arg>consultarAPI</arg>
<arg>/api</arg>
<doc>Sends a GET request on a previously created HTTP Session.</doc>
<status status="PASS" start="2024-03-20T16:46:18.239533" elapsed="0.074275"/>
</kw>
<kw name="Should Be Equal As Numbers" owner="BuiltIn">
<msg time="2024-03-20T16:46:18.314612" level="INFO">Argument types are:
&lt;class 'int'&gt;
&lt;class 'str'&gt;</msg>
<arg>${response.status_code}</arg>
<arg>200</arg>
<doc>Fails if objects are unequal after converting them to real numbers.</doc>
<status status="PASS" start="2024-03-20T16:46:18.314206" elapsed="0.000476"/>
</kw>
<kw name="Log" owner="BuiltIn">
<msg time="2024-03-20T16:46:18.315364" level="INFO">200</msg>
<arg>${response.status_code}</arg>
<doc>Logs the given message with the given level.</doc>
<status status="PASS" start="2024-03-20T16:46:18.315002" elapsed="0.000406"/>
</kw>
<kw name="Set Variable" owner="BuiltIn">
<msg time="2024-03-20T16:46:18.316224" level="INFO">${json_data} = {'results': [{'gender': 'female', 'name': {'title': 'Ms', 'first': 'Lyubislava', 'last': 'Babeshko'}, 'location': {'street': {'number': 4313, 'name': 'Kilceva'}, 'city': 'Blagovishchenske', 'state': '...</msg>
<var>${json_data}</var>
<arg>${response.json()}</arg>
<doc>Returns the given values which can then be assigned to a variables.</doc>
<status status="PASS" start="2024-03-20T16:46:18.315764" elapsed="0.000489"/>
</kw>
<kw name="Dictionary Should Contain Key" owner="Collections">
<msg time="2024-03-20T16:46:18.316756" level="INFO">False</msg>
<arg>${json_data}</arg>
<arg>results</arg>
<doc>Fails if ``key`` is not found from ``dictionary``.</doc>
<status status="PASS" start="2024-03-20T16:46:18.316586" elapsed="0.000210"/>
</kw>
<status status="PASS" start="2024-03-20T16:46:18.239262" elapsed="0.077791"/>
</kw>
<doc>Testa se a API responde corretamente e retorna um objeto JSON válido.</doc>
<tag>testeRequisicaoBasica</tag>
<status status="PASS" start="2024-03-20T16:46:18.238811" elapsed="0.078420"/>
</test>
<test id="s1-s1-t3" name="Validar estrutura de resposta" line="33">
<kw name="Teste de Estrutura de Resposta">
<kw name="GET On Session" owner="RequestsLibrary">
<msg time="2024-03-20T16:46:18.418199" level="INFO">GET Request : url=https://randomuser.me/api 
 path_url=/api 
 headers={'User-Agent': 'python-requests/2.31.0', 'Accept-Encoding': 'gzip, deflate', 'Accept': '*/*', 'Connection': 'keep-alive'} 
 body=None 
 </msg>
<msg time="2024-03-20T16:46:18.418280" level="INFO">GET Response : url=https://randomuser.me/api 
 status=200, reason=OK 
 headers={'Date': 'Wed, 20 Mar 2024 16:46:18 GMT', 'Content-Type': 'application/json; charset=utf-8', 'Transfer-Encoding': 'chunked', 'Connection': 'keep-alive', 'X-Powered-By': 'Express', 'Access-Control-Allow-Origin': '*', 'Cache-Control': 'no-cache', 'ETag': 'W/"49f-dFBQy0id+9ZE3dNaetCQJGp3TEc"', 'Vary': 'Accept-Encoding', 'Content-Encoding': 'gzip', 'CF-Cache-Status': 'DYNAMIC', 'Report-To': '{"endpoints":[{"url":"https:\\/\\/a.nel.cloudflare.com\\/report\\/v4?s=GfrY30pAFdJ4oad9J6I25uFSik5j4aMx4zLziSvslCb%2B67sDCc07Lgk5XA2AiN7ZSE8IKBxJcxoxpm3o3%2FbtRugecl71LhmEp3uwzvCnvDS68ekbazJZtAmyreasSdz6"}],"group":"cf-nel","max_age":604800}', 'NEL': '{"success_fraction":0,"report_to":"cf-nel","max_age":604800}', 'Server': 'cloudflare', 'CF-RAY': '86772d748cd83b05-IAD', 'alt-svc': 'h3=":443"; ma=86400'} 
 body={"results":[{"gender":"female","name":{"title":"Miss","first":"Saana","last":"Niemela"},"location":{"street":{"number":1982,"name":"Rautatienkatu"},"city":"Ranua","state":"North Karelia","country":"Finland","postcode":81337,"coordinates":{"latitude":"-24.1053","longitude":"86.3475"},"timezone":{"offset":"-4:00","description":"Atlantic Time (Canada), Caracas, La Paz"}},"email":"saana.niemela@example.com","login":{"uuid":"d9343ab5-c3e1-49a3-b09c-20d10712ff2a","username":"silverdog136","password":"martine","salt":"o3gMNmnb","md5":"08d0ec9348492f9939bbc93522961ebf","sha1":"95a84c91b280bd36c44d6a695d93bc865d2fd8dc","sha256":"50e8d18011205736091bcfd0797395b07b294520cf4f8c79fe35142c7cafb9e2"},"dob":{"date":"1992-04-12T12:58:54.430Z","age":31},"registered":{"date":"2004-06-27T09:32:41.221Z","age":19},"phone":"05-119-916","cell":"044-738-23-24","id":{"name":"HETU","value":"NaNNA118undefined"},"picture":{"large":"https://randomuser.me/api/portraits/women/2.jpg","medium":"https://randomuser.me/api/portraits/med/women/2.jpg","thumbnail":"https://randomuser.me/api/portraits/thumb/women/2.jpg"},"nat":"FI"}],"info":{"seed":"7b523b108229c3c3","results":1,"page":1,"version":"1.4"}} 
 </msg>
<msg time="2024-03-20T16:46:18.418392" level="INFO">/opt/hostedtoolcache/Python/3.12.2/x64/lib/python3.12/site-packages/urllib3/connectionpool.py:1103: InsecureRequestWarning: Unverified HTTPS request is being made to host 'randomuser.me'. Adding certificate verification is strongly advised. See: https://urllib3.readthedocs.io/en/latest/advanced-usage.html#tls-warnings
  warnings.warn(</msg>
<msg time="2024-03-20T16:46:18.418530" level="INFO">${response} = &lt;Response [200]&gt;</msg>
<var>${response}</var>
<arg>consultarAPI</arg>
<arg>/api</arg>
<doc>Sends a GET request on a previously created HTTP Session.</doc>
<status status="PASS" start="2024-03-20T16:46:18.319862" elapsed="0.098716"/>
</kw>
<kw name="Set Variable" owner="BuiltIn">
<msg time="2024-03-20T16:46:18.419399" level="INFO">${json_data} = {'results': [{'gender': 'female', 'name': {'title': 'Miss', 'first': 'Saana', 'last': 'Niemela'}, 'location': {'street': {'number': 1982, 'name': 'Rautatienkatu'}, 'city': 'Ranua', 'state': 'North Kar...</msg>
<var>${json_data}</var>
<arg>${response.json()}</arg>
<doc>Returns the given values which can then be assigned to a variables.</doc>
<status status="PASS" start="2024-03-20T16:46:18.418939" elapsed="0.000524"/>
</kw>
<kw name="Log" owner="BuiltIn">
<msg time="2024-03-20T16:46:18.419938" level="INFO">{'results': [{'gender': 'female', 'name': {'title': 'Miss', 'first': 'Saana', 'last': 'Niemela'}, 'location': {'street': {'number': 1982, 'name': 'Rautatienkatu'}, 'city': 'Ranua', 'state': 'North Karelia', 'country': 'Finland', 'postcode': 81337, 'coordinates': {'latitude': '-24.1053', 'longitude': '86.3475'}, 'timezone': {'offset': '-4:00', 'description': 'Atlantic Time (Canada), Caracas, La Paz'}}, 'email': 'saana.niemela@example.com', 'login': {'uuid': 'd9343ab5-c3e1-49a3-b09c-20d10712ff2a', 'username': 'silverdog136', 'password': 'martine', 'salt': 'o3gMNmnb', 'md5': '08d0ec9348492f9939bbc93522961ebf', 'sha1': '95a84c91b280bd36c44d6a695d93bc865d2fd8dc', 'sha256': '50e8d18011205736091bcfd0797395b07b294520cf4f8c79fe35142c7cafb9e2'}, 'dob': {'date': '1992-04-12T12:58:54.430Z', 'age': 31}, 'registered': {'date': '2004-06-27T09:32:41.221Z', 'age': 19}, 'phone': '05-119-916', 'cell': '044-738-23-24', 'id': {'name': 'HETU', 'value': 'NaNNA118undefined'}, 'picture': {'large': 'https://randomuser.me/api/portraits/women/2.jpg', 'medium': 'https://randomuser.me/api/portraits/med/women/2.jpg', 'thumbnail': 'https://randomuser.me/api/portraits/thumb/women/2.jpg'}, 'nat': 'FI'}], 'info': {'seed': '7b523b108229c3c3', 'results': 1, 'page': 1, 'version': '1.4'}}</msg>
<arg>${json_data}</arg>
<doc>Logs the given message with the given level.</doc>
<status status="PASS" start="2024-03-20T16:46:18.419779" elapsed="0.000207"/>
</kw>
<kw name="Dictionary Should Contain Key" owner="Collections">
<msg time="2024-03-20T16:46:18.420435" level="INFO">False</msg>
<arg>${json_data}</arg>
<arg>results</arg>
<doc>Fails if ``key`` is not found from ``dictionary``.</doc>
<status status="PASS" start="2024-03-20T16:46:18.420282" elapsed="0.000191"/>
</kw>
<kw name="Should Not Be Empty" owner="BuiltIn">
<msg time="2024-03-20T16:46:18.420915" level="INFO">Length is 2.</msg>
<arg>${json_data}</arg>
<doc>Verifies that the given item is not empty.</doc>
<status status="PASS" start="2024-03-20T16:46:18.420765" elapsed="0.000192"/>
</kw>
<kw name="Create List" owner="BuiltIn">
<msg time="2024-03-20T16:46:18.421402" level="INFO">${expected_keys} = ['gender', 'name', 'location', 'email', 'login']</msg>
<var>${expected_keys}</var>
<arg>gender</arg>
<arg>name</arg>
<arg>location</arg>
<arg>email</arg>
<arg>login</arg>
<doc>Returns a list containing given items.</doc>
<status status="PASS" start="2024-03-20T16:46:18.421247" elapsed="0.000180"/>
</kw>
<for flavor="IN">
<iter>
<kw name="Dictionary Should Contain Key" owner="Collections">
<msg time="2024-03-20T16:46:18.422410" level="INFO">False</msg>
<arg>${json_data['results'][0]}</arg>
<arg>${key}</arg>
<doc>Fails if ``key`` is not found from ``dictionary``.</doc>
<status status="PASS" start="2024-03-20T16:46:18.421998" elapsed="0.000453"/>
</kw>
<kw name="Log" owner="BuiltIn">
<msg time="2024-03-20T16:46:18.423128" level="INFO">{'gender': 'female', 'name': {'title': 'Miss', 'first': 'Saana', 'last': 'Niemela'}, 'location': {'street': {'number': 1982, 'name': 'Rautatienkatu'}, 'city': 'Ranua', 'state': 'North Karelia', 'country': 'Finland', 'postcode': 81337, 'coordinates': {'latitude': '-24.1053', 'longitude': '86.3475'}, 'timezone': {'offset': '-4:00', 'description': 'Atlantic Time (Canada), Caracas, La Paz'}}, 'email': 'saana.niemela@example.com', 'login': {'uuid': 'd9343ab5-c3e1-49a3-b09c-20d10712ff2a', 'username': 'silverdog136', 'password': 'martine', 'salt': 'o3gMNmnb', 'md5': '08d0ec9348492f9939bbc93522961ebf', 'sha1': '95a84c91b280bd36c44d6a695d93bc865d2fd8dc', 'sha256': '50e8d18011205736091bcfd0797395b07b294520cf4f8c79fe35142c7cafb9e2'}, 'dob': {'date': '1992-04-12T12:58:54.430Z', 'age': 31}, 'registered': {'date': '2004-06-27T09:32:41.221Z', 'age': 19}, 'phone': '05-119-916', 'cell': '044-738-23-24', 'id': {'name': 'HETU', 'value': 'NaNNA118undefined'}, 'picture': {'large': 'https://randomuser.me/api/portraits/women/2.jpg', 'medium': 'https://randomuser.me/api/portraits/med/women/2.jpg', 'thumbnail': 'https://randomuser.me/api/portraits/thumb/women/2.jpg'}, 'nat': 'FI'}</msg>
<arg>${json_data['results'][0]}</arg>
<doc>Logs the given message with the given level.</doc>
<status status="PASS" start="2024-03-20T16:46:18.422755" elapsed="0.000422"/>
</kw>
<kw name="Log" owner="BuiltIn">
<msg time="2024-03-20T16:46:18.423640" level="INFO">gender</msg>
<arg>${key}</arg>
<doc>Logs the given message with the given level.</doc>
<status status="PASS" start="2024-03-20T16:46:18.423501" elapsed="0.000178"/>
</kw>
<var name="${key}">gender</var>
<status status="PASS" start="2024-03-20T16:46:18.421880" elapsed="0.002019"/>
</iter>
<iter>
<kw name="Dictionary Should Contain Key" owner="Collections">
<msg time="2024-03-20T16:46:18.424616" level="INFO">False</msg>
<arg>${json_data['results'][0]}</arg>
<arg>${key}</arg>
<doc>Fails if ``key`` is not found from ``dictionary``.</doc>
<status status="PASS" start="2024-03-20T16:46:18.424197" elapsed="0.000458"/>
</kw>
<kw name="Log" owner="BuiltIn">
<msg time="2024-03-20T16:46:18.425341" level="INFO">{'gender': 'female', 'name': {'title': 'Miss', 'first': 'Saana', 'last': 'Niemela'}, 'location': {'street': {'number': 1982, 'name': 'Rautatienkatu'}, 'city': 'Ranua', 'state': 'North Karelia', 'country': 'Finland', 'postcode': 81337, 'coordinates': {'latitude': '-24.1053', 'longitude': '86.3475'}, 'timezone': {'offset': '-4:00', 'description': 'Atlantic Time (Canada), Caracas, La Paz'}}, 'email': 'saana.niemela@example.com', 'login': {'uuid': 'd9343ab5-c3e1-49a3-b09c-20d10712ff2a', 'username': 'silverdog136', 'password': 'martine', 'salt': 'o3gMNmnb', 'md5': '08d0ec9348492f9939bbc93522961ebf', 'sha1': '95a84c91b280bd36c44d6a695d93bc865d2fd8dc', 'sha256': '50e8d18011205736091bcfd0797395b07b294520cf4f8c79fe35142c7cafb9e2'}, 'dob': {'date': '1992-04-12T12:58:54.430Z', 'age': 31}, 'registered': {'date': '2004-06-27T09:32:41.221Z', 'age': 19}, 'phone': '05-119-916', 'cell': '044-738-23-24', 'id': {'name': 'HETU', 'value': 'NaNNA118undefined'}, 'picture': {'large': 'https://randomuser.me/api/portraits/women/2.jpg', 'medium': 'https://randomuser.me/api/portraits/med/women/2.jpg', 'thumbnail': 'https://randomuser.me/api/portraits/thumb/women/2.jpg'}, 'nat': 'FI'}</msg>
<arg>${json_data['results'][0]}</arg>
<doc>Logs the given message with the given level.</doc>
<status status="PASS" start="2024-03-20T16:46:18.424979" elapsed="0.000411"/>
</kw>
<kw name="Log" owner="BuiltIn">
<msg time="2024-03-20T16:46:18.425812" level="INFO">name</msg>
<arg>${key}</arg>
<doc>Logs the given message with the given level.</doc>
<status status="PASS" start="2024-03-20T16:46:18.425683" elapsed="0.000167"/>
</kw>
<var name="${key}">name</var>
<status status="PASS" start="2024-03-20T16:46:18.424089" elapsed="0.001978"/>
</iter>
<iter>
<kw name="Dictionary Should Contain Key" owner="Collections">
<msg time="2024-03-20T16:46:18.426734" level="INFO">False</msg>
<arg>${json_data['results'][0]}</arg>
<arg>${key}</arg>
<doc>Fails if ``key`` is not found from ``dictionary``.</doc>
<status status="PASS" start="2024-03-20T16:46:18.426358" elapsed="0.000522"/>
</kw>
<kw name="Log" owner="BuiltIn">
<msg time="2024-03-20T16:46:18.427576" level="INFO">{'gender': 'female', 'name': {'title': 'Miss', 'first': 'Saana', 'last': 'Niemela'}, 'location': {'street': {'number': 1982, 'name': 'Rautatienkatu'}, 'city': 'Ranua', 'state': 'North Karelia', 'country': 'Finland', 'postcode': 81337, 'coordinates': {'latitude': '-24.1053', 'longitude': '86.3475'}, 'timezone': {'offset': '-4:00', 'description': 'Atlantic Time (Canada), Caracas, La Paz'}}, 'email': 'saana.niemela@example.com', 'login': {'uuid': 'd9343ab5-c3e1-49a3-b09c-20d10712ff2a', 'username': 'silverdog136', 'password': 'martine', 'salt': 'o3gMNmnb', 'md5': '08d0ec9348492f9939bbc93522961ebf', 'sha1': '95a84c91b280bd36c44d6a695d93bc865d2fd8dc', 'sha256': '50e8d18011205736091bcfd0797395b07b294520cf4f8c79fe35142c7cafb9e2'}, 'dob': {'date': '1992-04-12T12:58:54.430Z', 'age': 31}, 'registered': {'date': '2004-06-27T09:32:41.221Z', 'age': 19}, 'phone': '05-119-916', 'cell': '044-738-23-24', 'id': {'name': 'HETU', 'value': 'NaNNA118undefined'}, 'picture': {'large': 'https://randomuser.me/api/portraits/women/2.jpg', 'medium': 'https://randomuser.me/api/portraits/med/women/2.jpg', 'thumbnail': 'https://randomuser.me/api/portraits/thumb/women/2.jpg'}, 'nat': 'FI'}</msg>
<arg>${json_data['results'][0]}</arg>
<doc>Logs the given message with the given level.</doc>
<status status="PASS" start="2024-03-20T16:46:18.427179" elapsed="0.000444"/>
</kw>
<kw name="Log" owner="BuiltIn">
<msg time="2024-03-20T16:46:18.428042" level="INFO">location</msg>
<arg>${key}</arg>
<doc>Logs the given message with the given level.</doc>
<status status="PASS" start="2024-03-20T16:46:18.427915" elapsed="0.000165"/>
</kw>
<var name="${key}">location</var>
<status status="PASS" start="2024-03-20T16:46:18.426248" elapsed="0.002049"/>
</iter>
<iter>
<kw name="Dictionary Should Contain Key" owner="Collections">
<msg time="2024-03-20T16:46:18.428952" level="INFO">False</msg>
<arg>${json_data['results'][0]}</arg>
<arg>${key}</arg>
<doc>Fails if ``key`` is not found from ``dictionary``.</doc>
<status status="PASS" start="2024-03-20T16:46:18.428578" elapsed="0.000412"/>
</kw>
<kw name="Log" owner="BuiltIn">
<msg time="2024-03-20T16:46:18.429645" level="INFO">{'gender': 'female', 'name': {'title': 'Miss', 'first': 'Saana', 'last': 'Niemela'}, 'location': {'street': {'number': 1982, 'name': 'Rautatienkatu'}, 'city': 'Ranua', 'state': 'North Karelia', 'country': 'Finland', 'postcode': 81337, 'coordinates': {'latitude': '-24.1053', 'longitude': '86.3475'}, 'timezone': {'offset': '-4:00', 'description': 'Atlantic Time (Canada), Caracas, La Paz'}}, 'email': 'saana.niemela@example.com', 'login': {'uuid': 'd9343ab5-c3e1-49a3-b09c-20d10712ff2a', 'username': 'silverdog136', 'password': 'martine', 'salt': 'o3gMNmnb', 'md5': '08d0ec9348492f9939bbc93522961ebf', 'sha1': '95a84c91b280bd36c44d6a695d93bc865d2fd8dc', 'sha256': '50e8d18011205736091bcfd0797395b07b294520cf4f8c79fe35142c7cafb9e2'}, 'dob': {'date': '1992-04-12T12:58:54.430Z', 'age': 31}, 'registered': {'date': '2004-06-27T09:32:41.221Z', 'age': 19}, 'phone': '05-119-916', 'cell': '044-738-23-24', 'id': {'name': 'HETU', 'value': 'NaNNA118undefined'}, 'picture': {'large': 'https://randomuser.me/api/portraits/women/2.jpg', 'medium': 'https://randomuser.me/api/portraits/med/women/2.jpg', 'thumbnail': 'https://randomuser.me/api/portraits/thumb/women/2.jpg'}, 'nat': 'FI'}</msg>
<arg>${json_data['results'][0]}</arg>
<doc>Logs the given message with the given level.</doc>
<status status="PASS" start="2024-03-20T16:46:18.429280" elapsed="0.000411"/>
</kw>
<kw name="Log" owner="BuiltIn">
<msg time="2024-03-20T16:46:18.430103" level="INFO">email</msg>
<arg>${key}</arg>
<doc>Logs the given message with the given level.</doc>
<status status="PASS" start="2024-03-20T16:46:18.429977" elapsed="0.000165"/>
</kw>
<var name="${key}">email</var>
<status status="PASS" start="2024-03-20T16:46:18.428473" elapsed="0.001882"/>
</iter>
<iter>
<kw name="Dictionary Should Contain Key" owner="Collections">
<msg time="2024-03-20T16:46:18.431018" level="INFO">False</msg>
<arg>${json_data['results'][0]}</arg>
<arg>${key}</arg>
<doc>Fails if ``key`` is not found from ``dictionary``.</doc>
<status status="PASS" start="2024-03-20T16:46:18.430635" elapsed="0.000421"/>
</kw>
<kw name="Log" owner="BuiltIn">
<msg time="2024-03-20T16:46:18.431737" level="INFO">{'gender': 'female', 'name': {'title': 'Miss', 'first': 'Saana', 'last': 'Niemela'}, 'location': {'street': {'number': 1982, 'name': 'Rautatienkatu'}, 'city': 'Ranua', 'state': 'North Karelia', 'country': 'Finland', 'postcode': 81337, 'coordinates': {'latitude': '-24.1053', 'longitude': '86.3475'}, 'timezone': {'offset': '-4:00', 'description': 'Atlantic Time (Canada), Caracas, La Paz'}}, 'email': 'saana.niemela@example.com', 'login': {'uuid': 'd9343ab5-c3e1-49a3-b09c-20d10712ff2a', 'username': 'silverdog136', 'password': 'martine', 'salt': 'o3gMNmnb', 'md5': '08d0ec9348492f9939bbc93522961ebf', 'sha1': '95a84c91b280bd36c44d6a695d93bc865d2fd8dc', 'sha256': '50e8d18011205736091bcfd0797395b07b294520cf4f8c79fe35142c7cafb9e2'}, 'dob': {'date': '1992-04-12T12:58:54.430Z', 'age': 31}, 'registered': {'date': '2004-06-27T09:32:41.221Z', 'age': 19}, 'phone': '05-119-916', 'cell': '044-738-23-24', 'id': {'name': 'HETU', 'value': 'NaNNA118undefined'}, 'picture': {'large': 'https://randomuser.me/api/portraits/women/2.jpg', 'medium': 'https://randomuser.me/api/portraits/med/women/2.jpg', 'thumbnail': 'https://randomuser.me/api/portraits/thumb/women/2.jpg'}, 'nat': 'FI'}</msg>
<arg>${json_data['results'][0]}</arg>
<doc>Logs the given message with the given level.</doc>
<status status="PASS" start="2024-03-20T16:46:18.431349" elapsed="0.000435"/>
</kw>
<kw name="Log" owner="BuiltIn">
<msg time="2024-03-20T16:46:18.432207" level="INFO">login</msg>
<arg>${key}</arg>
<doc>Logs the given message with the given level.</doc>
<status status="PASS" start="2024-03-20T16:46:18.432078" elapsed="0.000167"/>
</kw>
<var name="${key}">login</var>
<status status="PASS" start="2024-03-20T16:46:18.430531" elapsed="0.001966"/>
</iter>
<var>${key}</var>
<value>@{expected_keys}</value>
<status status="PASS" start="2024-03-20T16:46:18.421689" elapsed="0.010936"/>
</for>
<kw name="Create List" owner="BuiltIn">
<msg time="2024-03-20T16:46:18.432949" level="INFO">${expected_keysTwo} = ['username', 'password']</msg>
<var>${expected_keysTwo}</var>
<arg>username</arg>
<arg>password</arg>
<doc>Returns a list containing given items.</doc>
<status status="PASS" start="2024-03-20T16:46:18.432811" elapsed="0.000162"/>
</kw>
<for flavor="IN">
<iter>
<kw name="Dictionary Should Contain Key" owner="Collections">
<msg time="2024-03-20T16:46:18.433852" level="INFO">False</msg>
<arg>${json_data['results'][0]['login']}</arg>
<arg>${keyTwo}</arg>
<doc>Fails if ``key`` is not found from ``dictionary``.</doc>
<status status="PASS" start="2024-03-20T16:46:18.433467" elapsed="0.000423"/>
</kw>
<kw name="Dictionary Should Contain Key" owner="Collections">
<msg time="2024-03-20T16:46:18.434558" level="INFO">False</msg>
<arg>${json_data['results'][0]['login']}</arg>
<arg>${keyTwo}</arg>
<doc>Fails if ``key`` is not found from ``dictionary``.</doc>
<status status="PASS" start="2024-03-20T16:46:18.434181" elapsed="0.000415"/>
</kw>
<kw name="Log" owner="BuiltIn">
<msg time="2024-03-20T16:46:18.435008" level="INFO">username</msg>
<arg>${keyTwo}</arg>
<doc>Logs the given message with the given level.</doc>
<status status="PASS" start="2024-03-20T16:46:18.434883" elapsed="0.000162"/>
</kw>
<var name="${keyTwo}">username</var>
<status status="PASS" start="2024-03-20T16:46:18.433366" elapsed="0.001899"/>
</iter>
<iter>
<kw name="Dictionary Should Contain Key" owner="Collections">
<msg time="2024-03-20T16:46:18.435964" level="INFO">False</msg>
<arg>${json_data['results'][0]['login']}</arg>
<arg>${keyTwo}</arg>
<doc>Fails if ``key`` is not found from ``dictionary``.</doc>
<status status="PASS" start="2024-03-20T16:46:18.435580" elapsed="0.000421"/>
</kw>
<kw name="Dictionary Should Contain Key" owner="Collections">
<msg time="2024-03-20T16:46:18.436675" level="INFO">False</msg>
<arg>${json_data['results'][0]['login']}</arg>
<arg>${keyTwo}</arg>
<doc>Fails if ``key`` is not found from ``dictionary``.</doc>
<status status="PASS" start="2024-03-20T16:46:18.436291" elapsed="0.000420"/>
</kw>
<kw name="Log" owner="BuiltIn">
<msg time="2024-03-20T16:46:18.437124" level="INFO">password</msg>
<arg>${keyTwo}</arg>
<doc>Logs the given message with the given level.</doc>
<status status="PASS" start="2024-03-20T16:46:18.436997" elapsed="0.000164"/>
</kw>
<var name="${keyTwo}">password</var>
<status status="PASS" start="2024-03-20T16:46:18.435463" elapsed="0.001914"/>
</iter>
<var>${keyTwo}</var>
<value>@{expected_keysTwo}</value>
<status status="PASS" start="2024-03-20T16:46:18.433213" elapsed="0.004287"/>
</for>
<status status="PASS" start="2024-03-20T16:46:18.319638" elapsed="0.118002"/>
</kw>
<doc>Testa a estrutura da resposta da API.</doc>
<tag>testeEstruturaResposta</tag>
<status status="PASS" start="2024-03-20T16:46:18.319050" elapsed="0.118742"/>
</test>
<test id="s1-s1-t4" name="Validar tipos de dados" line="39">
<kw name="Teste de Tipos de Dados">
<kw name="GET On Session" owner="RequestsLibrary">
<msg time="2024-03-20T16:46:18.516970" level="INFO">GET Request : url=https://randomuser.me/api 
 path_url=/api 
 headers={'User-Agent': 'python-requests/2.31.0', 'Accept-Encoding': 'gzip, deflate', 'Accept': '*/*', 'Connection': 'keep-alive'} 
 body=None 
 </msg>
<msg time="2024-03-20T16:46:18.517034" level="INFO">GET Response : url=https://randomuser.me/api 
 status=200, reason=OK 
 headers={'Date': 'Wed, 20 Mar 2024 16:46:18 GMT', 'Content-Type': 'application/json; charset=utf-8', 'Transfer-Encoding': 'chunked', 'Connection': 'keep-alive', 'X-Powered-By': 'Express', 'Access-Control-Allow-Origin': '*', 'Cache-Control': 'no-cache', 'ETag': 'W/"487-7qPWVnAJD3ywDKnj/jF8oAyryC8"', 'Vary': 'Accept-Encoding', 'Content-Encoding': 'gzip', 'CF-Cache-Status': 'DYNAMIC', 'Report-To': '{"endpoints":[{"url":"https:\\/\\/a.nel.cloudflare.com\\/report\\/v4?s=LX89Ilo1wRSfVKKD7uDVe2hoVbIegj7T%2BPHUTzEwETKdXfeHwLlXV%2FzKFqAWFRkVfCAgRS7qC4E9yS6DMaCAm8OzL1Ufue5shv86UDoXGyTifKw9dqcx7N1ZT3GUQ%2F4z"}],"group":"cf-nel","max_age":604800}', 'NEL': '{"success_fraction":0,"report_to":"cf-nel","max_age":604800}', 'Server': 'cloudflare', 'CF-RAY': '86772d754e233b05-IAD', 'alt-svc': 'h3=":443"; ma=86400'} 
 body={"results":[{"gender":"male","name":{"title":"Mr","first":"Nebojša","last":"Stojanović"},"location":{"street":{"number":4191,"name":"Porodice Rakić"},"city":"Subotica","state":"Moravica","country":"Serbia","postcode":71905,"coordinates":{"latitude":"62.2114","longitude":"-34.2835"},"timezone":{"offset":"+7:00","description":"Bangkok, Hanoi, Jakarta"}},"email":"nebojsa.stojanovic@example.com","login":{"uuid":"8cd6bc5b-17af-452a-9219-6fc306474b25","username":"biglion463","password":"bonner","salt":"hEQ0wjQg","md5":"8527d3d37df72a75de70eb5915e97d92","sha1":"e11c7c7f5b9bf6e414b8fb92a20e634c0a9cacb6","sha256":"f55dccf5e48b8b87d1941b443e4b0f4fb37580500b127aa3720ff1bc807c7613"},"dob":{"date":"1999-12-17T07:15:13.087Z","age":24},"registered":{"date":"2018-02-17T07:50:05.928Z","age":6},"phone":"013-2427-135","cell":"060-6233-405","id":{"name":"SID","value":"833083540"},"picture":{"large":"https://randomuser.me/api/portraits/men/24.jpg","medium":"https://randomuser.me/api/portraits/med/men/24.jpg","thumbnail":"https://randomuser.me/api/portraits/thumb/men/24.jpg"},"nat":"RS"}],"info":{"seed":"b300b5abc5fd27cf","results":1,"page":1,"version":"1.4"}} 
 </msg>
<msg time="2024-03-20T16:46:18.517091" level="INFO">/opt/hostedtoolcache/Python/3.12.2/x64/lib/python3.12/site-packages/urllib3/connectionpool.py:1103: InsecureRequestWarning: Unverified HTTPS request is being made to host 'randomuser.me'. Adding certificate verification is strongly advised. See: https://urllib3.readthedocs.io/en/latest/advanced-usage.html#tls-warnings
  warnings.warn(</msg>
<msg time="2024-03-20T16:46:18.517202" level="INFO">${response} = &lt;Response [200]&gt;</msg>
<var>${response}</var>
<arg>consultarAPI</arg>
<arg>/api</arg>
<doc>Sends a GET request on a previously created HTTP Session.</doc>
<status status="PASS" start="2024-03-20T16:46:18.440295" elapsed="0.076948"/>
</kw>
<kw name="Set Variable" owner="BuiltIn">
<msg time="2024-03-20T16:46:18.518108" level="INFO">${json_data} = {'results': [{'gender': 'male', 'name': {'title': 'Mr', 'first': 'Nebojša', 'last': 'Stojanović'}, 'location': {'street': {'number': 4191, 'name': 'Porodice Rakić'}, 'city': 'Subotica', 'state': 'Mora...</msg>
<var>${json_data}</var>
<arg>${response.json()}</arg>
<doc>Returns the given values which can then be assigned to a variables.</doc>
<status status="PASS" start="2024-03-20T16:46:18.517644" elapsed="0.000494"/>
</kw>
<kw name="Log" owner="BuiltIn">
<msg time="2024-03-20T16:46:18.518606" level="INFO">{'results': [{'gender': 'male', 'name': {'title': 'Mr', 'first': 'Nebojša', 'last': 'Stojanović'}, 'location': {'street': {'number': 4191, 'name': 'Porodice Rakić'}, 'city': 'Subotica', 'state': 'Moravica', 'country': 'Serbia', 'postcode': 71905, 'coordinates': {'latitude': '62.2114', 'longitude': '-34.2835'}, 'timezone': {'offset': '+7:00', 'description': 'Bangkok, Hanoi, Jakarta'}}, 'email': 'nebojsa.stojanovic@example.com', 'login': {'uuid': '8cd6bc5b-17af-452a-9219-6fc306474b25', 'username': 'biglion463', 'password': 'bonner', 'salt': 'hEQ0wjQg', 'md5': '8527d3d37df72a75de70eb5915e97d92', 'sha1': 'e11c7c7f5b9bf6e414b8fb92a20e634c0a9cacb6', 'sha256': 'f55dccf5e48b8b87d1941b443e4b0f4fb37580500b127aa3720ff1bc807c7613'}, 'dob': {'date': '1999-12-17T07:15:13.087Z', 'age': 24}, 'registered': {'date': '2018-02-17T07:50:05.928Z', 'age': 6}, 'phone': '013-2427-135', 'cell': '060-6233-405', 'id': {'name': 'SID', 'value': '833083540'}, 'picture': {'large': 'https://randomuser.me/api/portraits/men/24.jpg', 'medium': 'https://randomuser.me/api/portraits/med/men/24.jpg', 'thumbnail': 'https://randomuser.me/api/portraits/thumb/men/24.jpg'}, 'nat': 'RS'}], 'info': {'seed': 'b300b5abc5fd27cf', 'results': 1, 'page': 1, 'version': '1.4'}}</msg>
<arg>${json_data}</arg>
<doc>Logs the given message with the given level.</doc>
<status status="PASS" start="2024-03-20T16:46:18.518445" elapsed="0.000242"/>
</kw>
<kw name="Should Be String" owner="String">
<arg>${json_data['results'][0]['gender']}</arg>
<doc>Fails if the given ``item`` is not a string.</doc>
<status status="PASS" start="2024-03-20T16:46:18.518986" elapsed="0.000362"/>
</kw>
<kw name="Should Match Regexp" owner="BuiltIn">
<arg>${json_data['results'][0]['email']}</arg>
<arg>^[a-zA-Z0-9._%+-]+@[a-zA-Z0-9.-]+\.[a-zA-Z]{2,}$</arg>
<doc>Fails if ``string`` does not match ``pattern`` as a regular expression.</doc>
<status status="PASS" start="2024-03-20T16:46:18.519596" elapsed="0.000624"/>
</kw>
<kw name="Should Match Regexp" owner="BuiltIn">
<arg>${json_data['results'][0]['dob']['date']}</arg>
<arg>\\d{4}-\\d{2}-\\d{2}T\\d{2}:\\d{2}:\\d{2}\\.\\d{3}Z</arg>
<doc>Fails if ``string`` does not match ``pattern`` as a regular expression.</doc>
<status status="PASS" start="2024-03-20T16:46:18.520415" elapsed="0.000486"/>
</kw>
<kw name="Should Match Regexp" owner="BuiltIn">
<arg>${json_data['results'][0]['registered']['date']}</arg>
<arg>\\d{4}-\\d{2}-\\d{2}T\\d{2}:\\d{2}:\\d{2}\\.\\d{3}Z</arg>
<doc>Fails if ``string`` does not match ``pattern`` as a regular expression.</doc>
<status status="PASS" start="2024-03-20T16:46:18.521088" elapsed="0.000371"/>
</kw>
<kw name="Should Match Regexp" owner="BuiltIn">
<arg>${json_data['results'][0]['picture']['large']}</arg>
<arg>^https?://.*\.(?:png|jpe?g|gif|bmp)$</arg>
<doc>Fails if ``string`` does not match ``pattern`` as a regular expression.</doc>
<status status="PASS" start="2024-03-20T16:46:18.521640" elapsed="0.000459"/>
</kw>
<kw name="Should Match Regexp" owner="BuiltIn">
<arg>${json_data['results'][0]['picture']['medium']}</arg>
<arg>^https?://.*\.(?:png|jpe?g|gif|bmp)$</arg>
<doc>Fails if ``string`` does not match ``pattern`` as a regular expression.</doc>
<status status="PASS" start="2024-03-20T16:46:18.522294" elapsed="0.000355"/>
</kw>
<kw name="Should Match Regexp" owner="BuiltIn">
<arg>${json_data['results'][0]['picture']['thumbnail']}</arg>
<arg>^https?://.*\.(?:png|jpe?g|gif|bmp)$</arg>
<doc>Fails if ``string`` does not match ``pattern`` as a regular expression.</doc>
<status status="PASS" start="2024-03-20T16:46:18.522830" elapsed="0.000358"/>
</kw>
<kw name="Log" owner="BuiltIn">
<msg time="2024-03-20T16:46:18.523740" level="INFO">{'large': 'https://randomuser.me/api/portraits/men/24.jpg', 'medium': 'https://randomuser.me/api/portraits/med/men/24.jpg', 'thumbnail': 'https://randomuser.me/api/portraits/thumb/men/24.jpg'}</msg>
<arg>${json_data['results'][0]['picture']}</arg>
<doc>Logs the given message with the given level.</doc>
<status status="PASS" start="2024-03-20T16:46:18.523366" elapsed="0.000417"/>
</kw>
<status status="PASS" start="2024-03-20T16:46:18.440077" elapsed="0.083973"/>
</kw>
<kw name="Teste de Tipos de Dados - Postcode">
<kw name="GET On Session" owner="RequestsLibrary">
<msg time="2024-03-20T16:46:18.627028" level="INFO">GET Request : url=https://randomuser.me/api 
 path_url=/api 
 headers={'User-Agent': 'python-requests/2.31.0', 'Accept-Encoding': 'gzip, deflate', 'Accept': '*/*', 'Connection': 'keep-alive'} 
 body=None 
 </msg>
<msg time="2024-03-20T16:46:18.627113" level="INFO">GET Response : url=https://randomuser.me/api 
 status=200, reason=OK 
 headers={'Date': 'Wed, 20 Mar 2024 16:46:18 GMT', 'Content-Type': 'application/json; charset=utf-8', 'Transfer-Encoding': 'chunked', 'Connection': 'keep-alive', 'X-Powered-By': 'Express', 'Access-Control-Allow-Origin': '*', 'Cache-Control': 'no-cache', 'ETag': 'W/"498-Rl/1Es3nNpuGMmOdTkc0FY6V3qA"', 'Vary': 'Accept-Encoding', 'Content-Encoding': 'gzip', 'CF-Cache-Status': 'DYNAMIC', 'Report-To': '{"endpoints":[{"url":"https:\\/\\/a.nel.cloudflare.com\\/report\\/v4?s=uxKp%2BPrKWyANACR8%2FMTd5vGqwMs6GUep484XSaPF7G8D65ptI886wYWNMJbPhBQ9sxnYz4e657YYghLdYkxyWcrSEL7vNtUXoQ21PLZhmP6fZ3705G2Wyj6gokyz3FVk"}],"group":"cf-nel","max_age":604800}', 'NEL': '{"success_fraction":0,"report_to":"cf-nel","max_age":604800}', 'Server': 'cloudflare', 'CF-RAY': '86772d75cebb3b05-IAD', 'alt-svc': 'h3=":443"; ma=86400'} 
 body={"results":[{"gender":"male","name":{"title":"Mr","first":"Norman","last":"Hoffman"},"location":{"street":{"number":7638,"name":"Avondale Ave"},"city":"Tweed","state":"Northern Territory","country":"Australia","postcode":5502,"coordinates":{"latitude":"-88.0829","longitude":"-54.0365"},"timezone":{"offset":"+8:00","description":"Beijing, Perth, Singapore, Hong Kong"}},"email":"norman.hoffman@example.com","login":{"uuid":"b6dc0e42-593c-4f2d-9d56-c34d2a96dadb","username":"goldengorilla824","password":"sticky","salt":"tLpW0i2w","md5":"3af798b4562afb2ad6ffdf4f6ff58d8e","sha1":"9996b8b09e2d47ef45d3895dc76ee474104d8700","sha256":"df449778aa5ef584e3299680211d1f09f6df4d941ff16ebe4810989dd0f8db10"},"dob":{"date":"1955-06-26T14:06:03.285Z","age":68},"registered":{"date":"2007-04-11T17:52:23.753Z","age":16},"phone":"01-6638-6873","cell":"0475-974-586","id":{"name":"TFN","value":"686166187"},"picture":{"large":"https://randomuser.me/api/portraits/men/86.jpg","medium":"https://randomuser.me/api/portraits/med/men/86.jpg","thumbnail":"https://randomuser.me/api/portraits/thumb/men/86.jpg"},"nat":"AU"}],"info":{"seed":"427dbd0e1b57a78c","results":1,"page":1,"version":"1.4"}} 
 </msg>
<msg time="2024-03-20T16:46:18.627190" level="INFO">/opt/hostedtoolcache/Python/3.12.2/x64/lib/python3.12/site-packages/urllib3/connectionpool.py:1103: InsecureRequestWarning: Unverified HTTPS request is being made to host 'randomuser.me'. Adding certificate verification is strongly advised. See: https://urllib3.readthedocs.io/en/latest/advanced-usage.html#tls-warnings
  warnings.warn(</msg>
<msg time="2024-03-20T16:46:18.627308" level="INFO">${response} = &lt;Response [200]&gt;</msg>
<var>${response}</var>
<arg>consultarAPI</arg>
<arg>/api</arg>
<doc>Sends a GET request on a previously created HTTP Session.</doc>
<status status="PASS" start="2024-03-20T16:46:18.524472" elapsed="0.102871"/>
</kw>
<kw name="Set Variable" owner="BuiltIn">
<msg time="2024-03-20T16:46:18.628371" level="INFO">${json_data} = {'results': [{'gender': 'male', 'name': {'title': 'Mr', 'first': 'Norman', 'last': 'Hoffman'}, 'location': {'street': {'number': 7638, 'name': 'Avondale Ave'}, 'city': 'Tweed', 'state': 'Northern Terr...</msg>
<var>${json_data}</var>
<arg>${response.json()}</arg>
<doc>Returns the given values which can then be assigned to a variables.</doc>
<status status="PASS" start="2024-03-20T16:46:18.627805" elapsed="0.000594"/>
</kw>
<kw name="Log" owner="BuiltIn">
<msg time="2024-03-20T16:46:18.628857" level="INFO">{'results': [{'gender': 'male', 'name': {'title': 'Mr', 'first': 'Norman', 'last': 'Hoffman'}, 'location': {'street': {'number': 7638, 'name': 'Avondale Ave'}, 'city': 'Tweed', 'state': 'Northern Territory', 'country': 'Australia', 'postcode': 5502, 'coordinates': {'latitude': '-88.0829', 'longitude': '-54.0365'}, 'timezone': {'offset': '+8:00', 'description': 'Beijing, Perth, Singapore, Hong Kong'}}, 'email': 'norman.hoffman@example.com', 'login': {'uuid': 'b6dc0e42-593c-4f2d-9d56-c34d2a96dadb', 'username': 'goldengorilla824', 'password': 'sticky', 'salt': 'tLpW0i2w', 'md5': '3af798b4562afb2ad6ffdf4f6ff58d8e', 'sha1': '9996b8b09e2d47ef45d3895dc76ee474104d8700', 'sha256': 'df449778aa5ef584e3299680211d1f09f6df4d941ff16ebe4810989dd0f8db10'}, 'dob': {'date': '1955-06-26T14:06:03.285Z', 'age': 68}, 'registered': {'date': '2007-04-11T17:52:23.753Z', 'age': 16}, 'phone': '01-6638-6873', 'cell': '0475-974-586', 'id': {'name': 'TFN', 'value': '686166187'}, 'picture': {'large': 'https://randomuser.me/api/portraits/men/86.jpg', 'medium': 'https://randomuser.me/api/portraits/med/men/86.jpg', 'thumbnail': 'https://randomuser.me/api/portraits/thumb/men/86.jpg'}, 'nat': 'AU'}], 'info': {'seed': '427dbd0e1b57a78c', 'results': 1, 'page': 1, 'version': '1.4'}}</msg>
<arg>${json_data}</arg>
<doc>Logs the given message with the given level.</doc>
<status status="PASS" start="2024-03-20T16:46:18.628705" elapsed="0.000230"/>
</kw>
<kw name="Should Be Equal As Numbers" owner="BuiltIn">
<arg>${json_data['results'][0]['location']['postcode']}</arg>
<arg>${json_data['results'][0]['location']['postcode']}</arg>
<doc>Fails if objects are unequal after converting them to real numbers.</doc>
<status status="PASS" start="2024-03-20T16:46:18.629232" elapsed="0.000625"/>
</kw>
<kw name="Log" owner="BuiltIn">
<msg time="2024-03-20T16:46:18.630392" level="INFO">5502</msg>
<arg>${json_data['results'][0]['location']['postcode']}</arg>
<doc>Logs the given message with the given level.</doc>
<status status="PASS" start="2024-03-20T16:46:18.630051" elapsed="0.000383"/>
</kw>
<status status="PASS" start="2024-03-20T16:46:18.524257" elapsed="0.106433"/>
</kw>
<doc>Testa se os tipos de dados na resposta da API estão corretos.</doc>
<tag>testeTiposDados</tag>
<status status="PASS" start="2024-03-20T16:46:18.439541" elapsed="0.191312"/>
</test>
<test id="s1-s1-t5" name="Validar conteudo" line="46">
<kw name="Teste de Tipos de Conteudo">
<kw name="GET On Session" owner="RequestsLibrary">
<msg time="2024-03-20T16:46:18.724426" level="INFO">GET Request : url=https://randomuser.me/api 
 path_url=/api 
 headers={'User-Agent': 'python-requests/2.31.0', 'Accept-Encoding': 'gzip, deflate', 'Accept': '*/*', 'Connection': 'keep-alive'} 
 body=None 
 </msg>
<msg time="2024-03-20T16:46:18.724505" level="INFO">GET Response : url=https://randomuser.me/api 
 status=200, reason=OK 
 headers={'Date': 'Wed, 20 Mar 2024 16:46:18 GMT', 'Content-Type': 'application/json; charset=utf-8', 'Transfer-Encoding': 'chunked', 'Connection': 'keep-alive', 'X-Powered-By': 'Express', 'Access-Control-Allow-Origin': '*', 'Cache-Control': 'no-cache', 'ETag': 'W/"496-Ny4bESu5JePUF8gd5wbhkNnEF5Y"', 'Vary': 'Accept-Encoding', 'Content-Encoding': 'gzip', 'CF-Cache-Status': 'DYNAMIC', 'Report-To': '{"endpoints":[{"url":"https:\\/\\/a.nel.cloudflare.com\\/report\\/v4?s=srlG5nxdMROR43AD%2FJDtMNYvCA9EmRZxtMQXyAOsv3UwnLfn29hNlELMpgWZK7EqXWHfUh4lQTsuclD2tLY%2FDQHBV%2Bcf%2BP7kmi%2BXKxp3osd20F8xxL%2FgFmPIeSVtDrZF"}],"group":"cf-nel","max_age":604800}', 'NEL': '{"success_fraction":0,"report_to":"cf-nel","max_age":604800}', 'Server': 'cloudflare', 'CF-RAY': '86772d767fb53b05-IAD', 'alt-svc': 'h3=":443"; ma=86400'} 
 body={"results":[{"gender":"male","name":{"title":"Mr","first":"Heribert","last":"Schlosser"},"location":{"street":{"number":2404,"name":"Drosselweg"},"city":"Burgbernheim","state":"Rheinland-Pfalz","country":"Germany","postcode":23250,"coordinates":{"latitude":"-53.7811","longitude":"-49.0045"},"timezone":{"offset":"+9:30","description":"Adelaide, Darwin"}},"email":"heribert.schlosser@example.com","login":{"uuid":"7ce332a2-4c6a-47d9-a5dc-a88c51570394","username":"ticklishpeacock677","password":"flight","salt":"sXxQBZJP","md5":"1d6de1339a9284d3c8569de12c9d5c8a","sha1":"7e8193591400dd6710ea2a767f4807a4d3a49289","sha256":"06410dc5364af76229cc628dfbb310617be69a83ff9e893ebbe688e7d2d08852"},"dob":{"date":"1973-10-06T01:19:17.862Z","age":50},"registered":{"date":"2013-05-18T07:20:33.161Z","age":10},"phone":"0313-4025211","cell":"0178-5513307","id":{"name":"SVNR","value":"24 051073 S 403"},"picture":{"large":"https://randomuser.me/api/portraits/men/78.jpg","medium":"https://randomuser.me/api/portraits/med/men/78.jpg","thumbnail":"https://randomuser.me/api/portraits/thumb/men/78.jpg"},"nat":"DE"}],"info":{"seed":"276feee49cc7f52d","results":1,"page":1,"version":"1.4"}} 
 </msg>
<msg time="2024-03-20T16:46:18.724570" level="INFO">/opt/hostedtoolcache/Python/3.12.2/x64/lib/python3.12/site-packages/urllib3/connectionpool.py:1103: InsecureRequestWarning: Unverified HTTPS request is being made to host 'randomuser.me'. Adding certificate verification is strongly advised. See: https://urllib3.readthedocs.io/en/latest/advanced-usage.html#tls-warnings
  warnings.warn(</msg>
<msg time="2024-03-20T16:46:18.724679" level="INFO">${response} = &lt;Response [200]&gt;</msg>
<var>${response}</var>
<arg>consultarAPI</arg>
<arg>/api</arg>
<doc>Sends a GET request on a previously created HTTP Session.</doc>
<status status="PASS" start="2024-03-20T16:46:18.633352" elapsed="0.091378"/>
</kw>
<kw name="Set Variable" owner="BuiltIn">
<msg time="2024-03-20T16:46:18.725818" level="INFO">${json_data} = {'results': [{'gender': 'male', 'name': {'title': 'Mr', 'first': 'Heribert', 'last': 'Schlosser'}, 'location': {'street': {'number': 2404, 'name': 'Drosselweg'}, 'city': 'Burgbernheim', 'state': 'Rhei...</msg>
<var>${json_data}</var>
<arg>${response.json()}</arg>
<doc>Returns the given values which can then be assigned to a variables.</doc>
<status status="PASS" start="2024-03-20T16:46:18.725262" elapsed="0.000584"/>
</kw>
<kw name="Set Variable" owner="BuiltIn">
<msg time="2024-03-20T16:46:18.726527" level="INFO">${name_title} = Mr</msg>
<var>${name_title}</var>
<arg>${json_data["results"][0]["name"]["title"]}</arg>
<doc>Returns the given values which can then be assigned to a variables.</doc>
<status status="PASS" start="2024-03-20T16:46:18.726147" elapsed="0.000406"/>
</kw>
<kw name="Create List" owner="BuiltIn">
<msg time="2024-03-20T16:46:18.726988" level="INFO">${allowed_titles} = ['Mr', 'Ms', 'Miss', 'Mrs', 'Madame', 'Monsieur']</msg>
<var>${allowed_titles}</var>
<arg>Mr</arg>
<arg>Ms</arg>
<arg>Miss</arg>
<arg>Mrs</arg>
<arg>Madame</arg>
<arg>Monsieur</arg>
<doc>Returns a list containing given items.</doc>
<status status="PASS" start="2024-03-20T16:46:18.726841" elapsed="0.000172"/>
</kw>
<kw name="List Should Contain Value" owner="Collections">
<msg time="2024-03-20T16:46:18.727510" level="INFO">False</msg>
<arg>${allowed_titles}</arg>
<arg>${name_title}</arg>
<doc>Fails if the ``value`` is not found from ``list``.</doc>
<status status="PASS" start="2024-03-20T16:46:18.727305" elapsed="0.000252"/>
</kw>
<kw name="Set Variable" owner="BuiltIn">
<msg time="2024-03-20T16:46:18.728231" level="INFO">${name_country} = DE</msg>
<var>${name_country}</var>
<arg>${json_data["results"][0]["nat"]}</arg>
<doc>Returns the given values which can then be assigned to a variables.</doc>
<status status="PASS" start="2024-03-20T16:46:18.727856" elapsed="0.000400"/>
</kw>
<kw name="Create List" owner="BuiltIn">
<msg time="2024-03-20T16:46:18.729219" level="INFO">${list_country} = ['AD', 'AE', 'AF', 'AG', 'AI', 'AL', 'AM', 'AO', 'AQ', 'AR', 'AS', 'AT', 'AU', 'AW', 'AX', 'AZ', 'BA', 'BB', 'BD', 'BE', 'BF', 'BG', 'BH', 'BI', 'BJ', 'BL', 'BM', 'BN', 'BO', 'BQ', 'BR', 'BS', 'BT', '...</msg>
<var>${list_country}</var>
<arg>AD</arg>
<arg>AE</arg>
<arg>AF</arg>
<arg>AG</arg>
<arg>AI</arg>
<arg>AL</arg>
<arg>AM</arg>
<arg>AO</arg>
<arg>AQ</arg>
<arg>AR</arg>
<arg>AS</arg>
<arg>AT</arg>
<arg>AU</arg>
<arg>AW</arg>
<arg>AX</arg>
<arg>AZ</arg>
<arg>BA</arg>
<arg>BB</arg>
<arg>BD</arg>
<arg>BE</arg>
<arg>BF</arg>
<arg>BG</arg>
<arg>BH</arg>
<arg>BI</arg>
<arg>BJ</arg>
<arg>BL</arg>
<arg>BM</arg>
<arg>BN</arg>
<arg>BO</arg>
<arg>BQ</arg>
<arg>BR</arg>
<arg>BS</arg>
<arg>BT</arg>
<arg>BV</arg>
<arg>BW</arg>
<arg>BY</arg>
<arg>BZ</arg>
<arg>CA</arg>
<arg>CC</arg>
<arg>CD</arg>
<arg>CF</arg>
<arg>CG</arg>
<arg>CH</arg>
<arg>CI</arg>
<arg>CK</arg>
<arg>CL</arg>
<arg>CM</arg>
<arg>CN</arg>
<arg>CO</arg>
<arg>CR</arg>
<arg>CU</arg>
<arg>CV</arg>
<arg>CW</arg>
<arg>CX</arg>
<arg>CY</arg>
<arg>CZ</arg>
<arg>DE</arg>
<arg>DJ</arg>
<arg>DK</arg>
<arg>DM</arg>
<arg>DO</arg>
<arg>DZ</arg>
<arg>EC</arg>
<arg>EE</arg>
<arg>EG</arg>
<arg>EH</arg>
<arg>ER</arg>
<arg>ES</arg>
<arg>ET</arg>
<arg>FI</arg>
<arg>FJ</arg>
<arg>FK</arg>
<arg>FM</arg>
<arg>FO</arg>
<arg>FR</arg>
<arg>GA</arg>
<arg>GB</arg>
<arg>GD</arg>
<arg>GE</arg>
<arg>GF</arg>
<arg>GG</arg>
<arg>GH</arg>
<arg>GI</arg>
<arg>GL</arg>
<arg>GM</arg>
<arg>GN</arg>
<arg>GP</arg>
<arg>GQ</arg>
<arg>GR</arg>
<arg>GS</arg>
<arg>GT</arg>
<arg>GU</arg>
<arg>GW</arg>
<arg>GY</arg>
<arg>HK</arg>
<arg>HM</arg>
<arg>HN</arg>
<arg>HR</arg>
<arg>HT</arg>
<arg>HU</arg>
<arg>ID</arg>
<arg>IE</arg>
<arg>IL</arg>
<arg>IM</arg>
<arg>IN</arg>
<arg>IO</arg>
<arg>IQ</arg>
<arg>IR</arg>
<arg>IS</arg>
<arg>IT</arg>
<arg>JE</arg>
<arg>JM</arg>
<arg>JO</arg>
<arg>JP</arg>
<arg>KE</arg>
<arg>KG</arg>
<arg>KH</arg>
<arg>KI</arg>
<arg>KM</arg>
<arg>KN</arg>
<arg>KP</arg>
<arg>KR</arg>
<arg>KW</arg>
<arg>KY</arg>
<arg>KZ</arg>
<arg>LA</arg>
<arg>LB</arg>
<arg>LC</arg>
<arg>LI</arg>
<arg>LK</arg>
<arg>LR</arg>
<arg>LS</arg>
<arg>LT</arg>
<arg>LU</arg>
<arg>LV</arg>
<arg>LY</arg>
<arg>MA</arg>
<arg>MC</arg>
<arg>MD</arg>
<arg>ME</arg>
<arg>MF</arg>
<arg>MG</arg>
<arg>MH</arg>
<arg>MK</arg>
<arg>ML</arg>
<arg>MM</arg>
<arg>MN</arg>
<arg>MO</arg>
<arg>MP</arg>
<arg>MQ</arg>
<arg>MR</arg>
<arg>MS</arg>
<arg>MT</arg>
<arg>MU</arg>
<arg>MV</arg>
<arg>MW</arg>
<arg>MX</arg>
<arg>MY</arg>
<arg>MZ</arg>
<arg>NA</arg>
<arg>NC</arg>
<arg>NE</arg>
<arg>NF</arg>
<arg>NG</arg>
<arg>NI</arg>
<arg>NL</arg>
<arg>NO</arg>
<arg>NP</arg>
<arg>NR</arg>
<arg>NU</arg>
<arg>NZ</arg>
<arg>OM</arg>
<arg>PA</arg>
<arg>PE</arg>
<arg>PF</arg>
<arg>PG</arg>
<arg>PH</arg>
<arg>PK</arg>
<arg>PL</arg>
<arg>PM</arg>
<arg>PN</arg>
<arg>PR</arg>
<arg>PS</arg>
<arg>PT</arg>
<arg>PW</arg>
<arg>PY</arg>
<arg>QA</arg>
<arg>RE</arg>
<arg>RO</arg>
<arg>RS</arg>
<arg>RU</arg>
<arg>RW</arg>
<arg>SA</arg>
<arg>SB</arg>
<arg>SC</arg>
<arg>SD</arg>
<arg>SE</arg>
<arg>SG</arg>
<arg>SH</arg>
<arg>SI</arg>
<arg>SJ</arg>
<arg>SK</arg>
<arg>SL</arg>
<arg>SM</arg>
<arg>SN</arg>
<arg>SO</arg>
<arg>SR</arg>
<arg>SS</arg>
<arg>ST</arg>
<arg>SV</arg>
<arg>SX</arg>
<arg>SY</arg>
<arg>SZ</arg>
<arg>TC</arg>
<arg>TD</arg>
<arg>TF</arg>
<arg>TG</arg>
<arg>TH</arg>
<arg>TJ</arg>
<arg>TK</arg>
<arg>TL</arg>
<arg>TM</arg>
<arg>TN</arg>
<arg>TO</arg>
<arg>TR</arg>
<arg>TT</arg>
<arg>TV</arg>
<arg>TW</arg>
<arg>TZ</arg>
<arg>UA</arg>
<arg>UG</arg>
<arg>UM</arg>
<arg>US</arg>
<arg>UY</arg>
<arg>UZ</arg>
<arg>VA</arg>
<arg>VC</arg>
<arg>VE</arg>
<arg>VG</arg>
<arg>VI</arg>
<arg>VN</arg>
<arg>VU</arg>
<arg>WF</arg>
<arg>WS</arg>
<arg>XK</arg>
<arg>YE</arg>
<arg>YT</arg>
<arg>ZA</arg>
<arg>ZM</arg>
<arg>ZW</arg>
<doc>Returns a list containing given items.</doc>
<status status="PASS" start="2024-03-20T16:46:18.728598" elapsed="0.000647"/>
</kw>
<kw name="List Should Contain Value" owner="Collections">
<msg time="2024-03-20T16:46:18.730377" level="INFO">False</msg>
<arg>${list_country}</arg>
<arg>${name_country}</arg>
<doc>Fails if the ``value`` is not found from ``list``.</doc>
<status status="PASS" start="2024-03-20T16:46:18.730166" elapsed="0.000248"/>
</kw>
<kw name="Run Keyword If" owner="BuiltIn">
<kw name="Should Be True" owner="BuiltIn">
<arg>${True}</arg>
<doc>Fails if the given condition is not true.</doc>
<status status="PASS" start="2024-03-20T16:46:18.731476" elapsed="0.000155"/>
</kw>
<arg>${json_data["results"][0]["location"]["coordinates"]["latitude"]} &gt;= -90 and ${json_data["results"][0]["location"]["coordinates"]["latitude"]} &lt;= 90</arg>
<arg>Should Be True</arg>
<arg>${True}</arg>
<doc>Runs the given keyword with the given arguments, if ``condition`` is true.</doc>
<status status="PASS" start="2024-03-20T16:46:18.730719" elapsed="0.001041"/>
</kw>
<kw name="Run Keyword If" owner="BuiltIn">
<kw name="Should Be True" owner="BuiltIn">
<arg>${True}</arg>
<doc>Fails if the given condition is not true.</doc>
<status status="PASS" start="2024-03-20T16:46:18.732632" elapsed="0.000139"/>
</kw>
<arg>${json_data["results"][0]["location"]["coordinates"]["longitude"]} &gt;= -180 and ${json_data["results"][0]["location"]["coordinates"]["longitude"]} &lt;= 180</arg>
<arg>Should Be True</arg>
<arg>${True}</arg>
<doc>Runs the given keyword with the given arguments, if ``condition`` is true.</doc>
<status status="PASS" start="2024-03-20T16:46:18.731938" elapsed="0.000958"/>
</kw>
<status status="PASS" start="2024-03-20T16:46:18.633137" elapsed="0.099888"/>
</kw>
<doc>Testa o conteúdo específico dos campos retornados pela API.</doc>
<tag>testeConteudo</tag>
<status status="PASS" start="2024-03-20T16:46:18.632629" elapsed="0.100542"/>
</test>
<status status="PASS" start="2024-03-20T16:46:17.968855" elapsed="0.766232"/>
</suite>
<status status="PASS" start="2024-03-20T16:46:17.954949" elapsed="0.785481"/>
</suite>
<statistics>
<total>
<stat pass="5" fail="0" skip="0">All Tests</stat>
</total>
<tag>
<stat pass="1" fail="0" skip="0">testeConteudo</stat>
<stat pass="1" fail="0" skip="0">testeEstruturaResposta</stat>
<stat pass="1" fail="0" skip="0">testeRequisicaoBasica</stat>
<stat pass="1" fail="0" skip="0">testeTiposDados</stat>
</tag>
<suite>
<stat pass="5" fail="0" skip="0" id="s1" name="Tests">Tests</stat>
<stat pass="5" fail="0" skip="0" id="s1-s1" name="Random-User-Test">Tests.Random-User-Test</stat>
</suite>
</statistics>
<errors>
</errors>
</robot>
