<?xml version="1.0" encoding="UTF-8"?>
<robot generator="Robot 7.0 (Python 3.12.3 on linux)" generated="2024-04-29T16:17:33.122295" rpa="false" schemaversion="5">
<suite id="s1" name="Tests" source="/home/runner/work/DesafioQAItauRogerioJordao/DesafioQAItauRogerioJordao/RamdonUser/tests">
<suite id="s1-s1" name="Random-User-Test" source="/home/runner/work/DesafioQAItauRogerioJordao/DesafioQAItauRogerioJordao/RamdonUser/tests/random-user-test.robot">
<test id="s1-s1-t1" name="Conectar" line="13">
<kw name="Conectar API" owner="random-user-service">
<kw name="Create Session" owner="RequestsLibrary">
<msg time="2024-04-29T16:17:33.510367" level="INFO">Creating Session using : alias=consultarAPI, url=https://randomuser.me/, headers={},                     cookies={}, auth=None, timeout=None, proxies=None, verify=False,                     debug=0 </msg>
<arg>consultarAPI</arg>
<arg>${URL}</arg>
<doc>Create Session: create a HTTP session to a server</doc>
<status status="PASS" start="2024-04-29T16:17:33.510151" elapsed="0.000419"/>
</kw>
<status status="PASS" start="2024-04-29T16:17:33.509098" elapsed="0.001846"/>
</kw>
<status status="PASS" start="2024-04-29T16:17:33.508526" elapsed="0.002610"/>
</test>
<test id="s1-s1-t2" name="Validar retorno 200 e JSON Válido" line="16">
<kw name="Teste de Requisicao Basica" owner="random-user-service">
<kw name="GET On Session" owner="RequestsLibrary">
<msg time="2024-04-29T16:17:33.630685" level="INFO">GET Request : url=https://randomuser.me/api 
 path_url=/api 
 headers={'User-Agent': 'python-requests/2.31.0', 'Accept-Encoding': 'gzip, deflate', 'Accept': '*/*', 'Connection': 'keep-alive'} 
 body=None 
 </msg>
<msg time="2024-04-29T16:17:33.630857" level="INFO">GET Response : url=https://randomuser.me/api 
 status=200, reason=OK 
 headers={'Date': 'Mon, 29 Apr 2024 16:17:33 GMT', 'Content-Type': 'application/json; charset=utf-8', 'Transfer-Encoding': 'chunked', 'Connection': 'keep-alive', 'X-Powered-By': 'Express', 'Access-Control-Allow-Origin': '*', 'Cache-Control': 'no-cache', 'ETag': 'W/"49c-uop68U7t033/33laN+bcwMn59O8"', 'Vary': 'Accept-Encoding', 'Content-Encoding': 'gzip', 'CF-Cache-Status': 'DYNAMIC', 'Report-To': '{"endpoints":[{"url":"https:\\/\\/a.nel.cloudflare.com\\/report\\/v4?s=Vnxs1mEJwXevTz6yk8Sn1RXRffZ6ekNnQk6vgbf07mjEpS8JuIvo8yXJ5Mb6oJT%2FrxDrB6%2BrQkPAd9V2VUVHsAXo75ju4WHX%2BPqxI3nCnu2nuFgeLML9doPvtG7iULNP"}],"group":"cf-nel","max_age":604800}', 'NEL': '{"success_fraction":0,"report_to":"cf-nel","max_age":604800}', 'Server': 'cloudflare', 'CF-RAY': '87c09a58ce5d61d2-ORD', 'alt-svc': 'h3=":443"; ma=86400'} 
 body={"results":[{"gender":"female","name":{"title":"Miss","first":"Ella","last":"Hill"},"location":{"street":{"number":4977,"name":"The Green"},"city":"Durham","state":"Lancashire","country":"United Kingdom","postcode":"V4 6YG","coordinates":{"latitude":"-7.7904","longitude":"142.2516"},"timezone":{"offset":"+5:30","description":"Bombay, Calcutta, Madras, New Delhi"}},"email":"ella.hill@example.com","login":{"uuid":"563b7e49-4596-4411-9caa-ad24c0b37e49","username":"purpleostrich842","password":"nemrac58","salt":"uJzrheZU","md5":"afca7385a599879cae49f5959b610a9e","sha1":"3e0ae35111fd7a9d42ba0fe1e31e6040e15d02b0","sha256":"0206154bb041ce04e000da133eeaed617bf4353cafeaef54cae5e9fd02394e8a"},"dob":{"date":"1953-12-04T02:12:49.111Z","age":70},"registered":{"date":"2008-01-23T23:58:47.187Z","age":16},"phone":"015395 87406","cell":"07281 756183","id":{"name":"NINO","value":"XW 87 53 25 U"},"picture":{"large":"https://randomuser.me/api/portraits/women/77.jpg","medium":"https://randomuser.me/api/portraits/med/women/77.jpg","thumbnail":"https://randomuser.me/api/portraits/thumb/women/77.jpg"},"nat":"GB"}],"info":{"seed":"824869b44fe883dc","results":1,"page":1,"version":"1.4"}} 
 </msg>
<msg time="2024-04-29T16:17:33.630946" level="INFO">/opt/hostedtoolcache/Python/3.12.3/x64/lib/python3.12/site-packages/urllib3/connectionpool.py:1103: InsecureRequestWarning: Unverified HTTPS request is being made to host 'randomuser.me'. Adding certificate verification is strongly advised. See: https://urllib3.readthedocs.io/en/latest/advanced-usage.html#tls-warnings
  warnings.warn(</msg>
<msg time="2024-04-29T16:17:33.631139" level="INFO">${response} = &lt;Response [200]&gt;</msg>
<var>${response}</var>
<arg>consultarAPI</arg>
<arg>/api</arg>
<doc>Sends a GET request on a previously created HTTP Session.</doc>
<status status="PASS" start="2024-04-29T16:17:33.513885" elapsed="0.117301"/>
</kw>
<kw name="Should Be Equal As Numbers" owner="BuiltIn">
<msg time="2024-04-29T16:17:33.632172" level="INFO">Argument types are:
&lt;class 'int'&gt;
&lt;class 'str'&gt;</msg>
<arg>${response.status_code}</arg>
<arg>200</arg>
<doc>Fails if objects are unequal after converting them to real numbers.</doc>
<status status="PASS" start="2024-04-29T16:17:33.631705" elapsed="0.000533"/>
</kw>
<kw name="Log" owner="BuiltIn">
<msg time="2024-04-29T16:17:33.632936" level="INFO">200</msg>
<arg>${response.status_code}</arg>
<doc>Logs the given message with the given level.</doc>
<status status="PASS" start="2024-04-29T16:17:33.632582" elapsed="0.000396"/>
</kw>
<kw name="Set Variable" owner="BuiltIn">
<msg time="2024-04-29T16:17:33.633764" level="INFO">${json_data} = {'results': [{'gender': 'female', 'name': {'title': 'Miss', 'first': 'Ella', 'last': 'Hill'}, 'location': {'street': {'number': 4977, 'name': 'The Green'}, 'city': 'Durham', 'state': 'Lancashire', 'co...</msg>
<var>${json_data}</var>
<arg>${response.json()}</arg>
<doc>Returns the given values which can then be assigned to a variables.</doc>
<status status="PASS" start="2024-04-29T16:17:33.633284" elapsed="0.000509"/>
</kw>
<kw name="Dictionary Should Contain Key" owner="Collections">
<msg time="2024-04-29T16:17:33.634269" level="INFO">False</msg>
<arg>${json_data}</arg>
<arg>results</arg>
<doc>Fails if ``key`` is not found from ``dictionary``.</doc>
<status status="PASS" start="2024-04-29T16:17:33.634097" elapsed="0.000215"/>
</kw>
<status status="PASS" start="2024-04-29T16:17:33.513635" elapsed="0.120933"/>
</kw>
<doc>Testa se a API responde corretamente e retorna um objeto JSON válido.</doc>
<tag>testeRequisicaoBasica</tag>
<status status="PASS" start="2024-04-29T16:17:33.513023" elapsed="0.121731"/>
</test>
<test id="s1-s1-t3" name="Validar estrutura de resposta" line="22">
<kw name="Teste de Estrutura de Resposta" owner="random-user-service">
<kw name="GET On Session" owner="RequestsLibrary">
<msg time="2024-04-29T16:17:33.711800" level="INFO">GET Request : url=https://randomuser.me/api 
 path_url=/api 
 headers={'User-Agent': 'python-requests/2.31.0', 'Accept-Encoding': 'gzip, deflate', 'Accept': '*/*', 'Connection': 'keep-alive'} 
 body=None 
 </msg>
<msg time="2024-04-29T16:17:33.711915" level="INFO">GET Response : url=https://randomuser.me/api 
 status=200, reason=OK 
 headers={'Date': 'Mon, 29 Apr 2024 16:17:33 GMT', 'Content-Type': 'application/json; charset=utf-8', 'Transfer-Encoding': 'chunked', 'Connection': 'keep-alive', 'X-Powered-By': 'Express', 'Access-Control-Allow-Origin': '*', 'Cache-Control': 'no-cache', 'ETag': 'W/"498-WSL9AmcH5a/iPLXdAaSMesxb8U0"', 'Vary': 'Accept-Encoding', 'Content-Encoding': 'gzip', 'CF-Cache-Status': 'DYNAMIC', 'Report-To': '{"endpoints":[{"url":"https:\\/\\/a.nel.cloudflare.com\\/report\\/v4?s=w2mzWQgFKYhl6ACzO14ptWr0Md7UGsTaev%2F6jqzqD3mGUB61ZRGhCySYBjrhy18SbpTWxgRqg%2BEV59RJnEirgRVASny04SHnYapa7lM0DONmUh7k%2FJYEflKH8k2GyTr9"}],"group":"cf-nel","max_age":604800}', 'NEL': '{"success_fraction":0,"report_to":"cf-nel","max_age":604800}', 'Server': 'cloudflare', 'CF-RAY': '87c09a593f1a61d2-ORD', 'alt-svc': 'h3=":443"; ma=86400'} 
 body={"results":[{"gender":"female","name":{"title":"Mrs","first":"Begoña","last":"Carmona"},"location":{"street":{"number":7634,"name":"Calle de Ferraz"},"city":"Vitoria","state":"Navarra","country":"Spain","postcode":20695,"coordinates":{"latitude":"-35.3490","longitude":"61.1978"},"timezone":{"offset":"+5:00","description":"Ekaterinburg, Islamabad, Karachi, Tashkent"}},"email":"begona.carmona@example.com","login":{"uuid":"227ac7fd-1428-4973-b524-56656c62ee21","username":"goldenfrog485","password":"boat","salt":"qjFMCmTu","md5":"8a6515796caac7ac09cbed90755e661a","sha1":"c5c90d3ba518349168808f91f5946713dc5cfde7","sha256":"158202933cd402a7d63969474339304ade3b5fa9f8bf9ae050043366e62435b6"},"dob":{"date":"1967-04-09T12:31:11.401Z","age":57},"registered":{"date":"2009-01-13T18:40:22.915Z","age":15},"phone":"974-189-108","cell":"620-283-281","id":{"name":"DNI","value":"00698743-H"},"picture":{"large":"https://randomuser.me/api/portraits/women/37.jpg","medium":"https://randomuser.me/api/portraits/med/women/37.jpg","thumbnail":"https://randomuser.me/api/portraits/thumb/women/37.jpg"},"nat":"ES"}],"info":{"seed":"76ddb603cf7e9b3d","results":1,"page":1,"version":"1.4"}} 
 </msg>
<msg time="2024-04-29T16:17:33.712067" level="INFO">/opt/hostedtoolcache/Python/3.12.3/x64/lib/python3.12/site-packages/urllib3/connectionpool.py:1103: InsecureRequestWarning: Unverified HTTPS request is being made to host 'randomuser.me'. Adding certificate verification is strongly advised. See: https://urllib3.readthedocs.io/en/latest/advanced-usage.html#tls-warnings
  warnings.warn(</msg>
<msg time="2024-04-29T16:17:33.712201" level="INFO">${response} = &lt;Response [200]&gt;</msg>
<var>${response}</var>
<arg>consultarAPI</arg>
<arg>/api</arg>
<doc>Sends a GET request on a previously created HTTP Session.</doc>
<status status="PASS" start="2024-04-29T16:17:33.637311" elapsed="0.074932"/>
</kw>
<kw name="Set Variable" owner="BuiltIn">
<msg time="2024-04-29T16:17:33.713357" level="INFO">${json_data} = {'results': [{'gender': 'female', 'name': {'title': 'Mrs', 'first': 'Begoña', 'last': 'Carmona'}, 'location': {'street': {'number': 7634, 'name': 'Calle de Ferraz'}, 'city': 'Vitoria', 'state': 'Navar...</msg>
<var>${json_data}</var>
<arg>${response.json()}</arg>
<doc>Returns the given values which can then be assigned to a variables.</doc>
<status status="PASS" start="2024-04-29T16:17:33.712812" elapsed="0.000574"/>
</kw>
<kw name="Log" owner="BuiltIn">
<msg time="2024-04-29T16:17:33.713914" level="INFO">{'results': [{'gender': 'female', 'name': {'title': 'Mrs', 'first': 'Begoña', 'last': 'Carmona'}, 'location': {'street': {'number': 7634, 'name': 'Calle de Ferraz'}, 'city': 'Vitoria', 'state': 'Navarra', 'country': 'Spain', 'postcode': 20695, 'coordinates': {'latitude': '-35.3490', 'longitude': '61.1978'}, 'timezone': {'offset': '+5:00', 'description': 'Ekaterinburg, Islamabad, Karachi, Tashkent'}}, 'email': 'begona.carmona@example.com', 'login': {'uuid': '227ac7fd-1428-4973-b524-56656c62ee21', 'username': 'goldenfrog485', 'password': 'boat', 'salt': 'qjFMCmTu', 'md5': '8a6515796caac7ac09cbed90755e661a', 'sha1': 'c5c90d3ba518349168808f91f5946713dc5cfde7', 'sha256': '158202933cd402a7d63969474339304ade3b5fa9f8bf9ae050043366e62435b6'}, 'dob': {'date': '1967-04-09T12:31:11.401Z', 'age': 57}, 'registered': {'date': '2009-01-13T18:40:22.915Z', 'age': 15}, 'phone': '974-189-108', 'cell': '620-283-281', 'id': {'name': 'DNI', 'value': '00698743-H'}, 'picture': {'large': 'https://randomuser.me/api/portraits/women/37.jpg', 'medium': 'https://randomuser.me/api/portraits/med/women/37.jpg', 'thumbnail': 'https://randomuser.me/api/portraits/thumb/women/37.jpg'}, 'nat': 'ES'}], 'info': {'seed': '76ddb603cf7e9b3d', 'results': 1, 'page': 1, 'version': '1.4'}}</msg>
<arg>${json_data}</arg>
<doc>Logs the given message with the given level.</doc>
<status status="PASS" start="2024-04-29T16:17:33.713749" elapsed="0.000217"/>
</kw>
<kw name="Dictionary Should Contain Key" owner="Collections">
<msg time="2024-04-29T16:17:33.714424" level="INFO">False</msg>
<arg>${json_data}</arg>
<arg>results</arg>
<doc>Fails if ``key`` is not found from ``dictionary``.</doc>
<status status="PASS" start="2024-04-29T16:17:33.714265" elapsed="0.000196"/>
</kw>
<kw name="Should Not Be Empty" owner="BuiltIn">
<msg time="2024-04-29T16:17:33.714887" level="INFO">Length is 2.</msg>
<arg>${json_data}</arg>
<doc>Verifies that the given item is not empty.</doc>
<status status="PASS" start="2024-04-29T16:17:33.714751" elapsed="0.000350"/>
</kw>
<kw name="Create List" owner="BuiltIn">
<msg time="2024-04-29T16:17:33.715537" level="INFO">${expected_keys} = ['gender', 'name', 'location', 'email', 'login']</msg>
<var>${expected_keys}</var>
<arg>gender</arg>
<arg>name</arg>
<arg>location</arg>
<arg>email</arg>
<arg>login</arg>
<doc>Returns a list containing given items.</doc>
<status status="PASS" start="2024-04-29T16:17:33.715392" elapsed="0.000168"/>
</kw>
<for flavor="IN">
<iter>
<kw name="Dictionary Should Contain Key" owner="Collections">
<msg time="2024-04-29T16:17:33.716551" level="INFO">False</msg>
<arg>${json_data['results'][0]}</arg>
<arg>${key}</arg>
<doc>Fails if ``key`` is not found from ``dictionary``.</doc>
<status status="PASS" start="2024-04-29T16:17:33.716138" elapsed="0.000450"/>
</kw>
<kw name="Log" owner="BuiltIn">
<msg time="2024-04-29T16:17:33.717255" level="INFO">{'gender': 'female', 'name': {'title': 'Mrs', 'first': 'Begoña', 'last': 'Carmona'}, 'location': {'street': {'number': 7634, 'name': 'Calle de Ferraz'}, 'city': 'Vitoria', 'state': 'Navarra', 'country': 'Spain', 'postcode': 20695, 'coordinates': {'latitude': '-35.3490', 'longitude': '61.1978'}, 'timezone': {'offset': '+5:00', 'description': 'Ekaterinburg, Islamabad, Karachi, Tashkent'}}, 'email': 'begona.carmona@example.com', 'login': {'uuid': '227ac7fd-1428-4973-b524-56656c62ee21', 'username': 'goldenfrog485', 'password': 'boat', 'salt': 'qjFMCmTu', 'md5': '8a6515796caac7ac09cbed90755e661a', 'sha1': 'c5c90d3ba518349168808f91f5946713dc5cfde7', 'sha256': '158202933cd402a7d63969474339304ade3b5fa9f8bf9ae050043366e62435b6'}, 'dob': {'date': '1967-04-09T12:31:11.401Z', 'age': 57}, 'registered': {'date': '2009-01-13T18:40:22.915Z', 'age': 15}, 'phone': '974-189-108', 'cell': '620-283-281', 'id': {'name': 'DNI', 'value': '00698743-H'}, 'picture': {'large': 'https://randomuser.me/api/portraits/women/37.jpg', 'medium': 'https://randomuser.me/api/portraits/med/women/37.jpg', 'thumbnail': 'https://randomuser.me/api/portraits/thumb/women/37.jpg'}, 'nat': 'ES'}</msg>
<arg>${json_data['results'][0]}</arg>
<doc>Logs the given message with the given level.</doc>
<status status="PASS" start="2024-04-29T16:17:33.716889" elapsed="0.000415"/>
</kw>
<kw name="Log" owner="BuiltIn">
<msg time="2024-04-29T16:17:33.717764" level="INFO">gender</msg>
<arg>${key}</arg>
<doc>Logs the given message with the given level.</doc>
<status status="PASS" start="2024-04-29T16:17:33.717631" elapsed="0.000173"/>
</kw>
<var name="${key}">gender</var>
<status status="PASS" start="2024-04-29T16:17:33.716014" elapsed="0.002009"/>
</iter>
<iter>
<kw name="Dictionary Should Contain Key" owner="Collections">
<msg time="2024-04-29T16:17:33.718710" level="INFO">False</msg>
<arg>${json_data['results'][0]}</arg>
<arg>${key}</arg>
<doc>Fails if ``key`` is not found from ``dictionary``.</doc>
<status status="PASS" start="2024-04-29T16:17:33.718322" elapsed="0.000425"/>
</kw>
<kw name="Log" owner="BuiltIn">
<msg time="2024-04-29T16:17:33.719435" level="INFO">{'gender': 'female', 'name': {'title': 'Mrs', 'first': 'Begoña', 'last': 'Carmona'}, 'location': {'street': {'number': 7634, 'name': 'Calle de Ferraz'}, 'city': 'Vitoria', 'state': 'Navarra', 'country': 'Spain', 'postcode': 20695, 'coordinates': {'latitude': '-35.3490', 'longitude': '61.1978'}, 'timezone': {'offset': '+5:00', 'description': 'Ekaterinburg, Islamabad, Karachi, Tashkent'}}, 'email': 'begona.carmona@example.com', 'login': {'uuid': '227ac7fd-1428-4973-b524-56656c62ee21', 'username': 'goldenfrog485', 'password': 'boat', 'salt': 'qjFMCmTu', 'md5': '8a6515796caac7ac09cbed90755e661a', 'sha1': 'c5c90d3ba518349168808f91f5946713dc5cfde7', 'sha256': '158202933cd402a7d63969474339304ade3b5fa9f8bf9ae050043366e62435b6'}, 'dob': {'date': '1967-04-09T12:31:11.401Z', 'age': 57}, 'registered': {'date': '2009-01-13T18:40:22.915Z', 'age': 15}, 'phone': '974-189-108', 'cell': '620-283-281', 'id': {'name': 'DNI', 'value': '00698743-H'}, 'picture': {'large': 'https://randomuser.me/api/portraits/women/37.jpg', 'medium': 'https://randomuser.me/api/portraits/med/women/37.jpg', 'thumbnail': 'https://randomuser.me/api/portraits/thumb/women/37.jpg'}, 'nat': 'ES'}</msg>
<arg>${json_data['results'][0]}</arg>
<doc>Logs the given message with the given level.</doc>
<status status="PASS" start="2024-04-29T16:17:33.719070" elapsed="0.000416"/>
</kw>
<kw name="Log" owner="BuiltIn">
<msg time="2024-04-29T16:17:33.719913" level="INFO">name</msg>
<arg>${key}</arg>
<doc>Logs the given message with the given level.</doc>
<status status="PASS" start="2024-04-29T16:17:33.719783" elapsed="0.000167"/>
</kw>
<var name="${key}">name</var>
<status status="PASS" start="2024-04-29T16:17:33.718208" elapsed="0.001955"/>
</iter>
<iter>
<kw name="Dictionary Should Contain Key" owner="Collections">
<msg time="2024-04-29T16:17:33.720831" level="INFO">False</msg>
<arg>${json_data['results'][0]}</arg>
<arg>${key}</arg>
<doc>Fails if ``key`` is not found from ``dictionary``.</doc>
<status status="PASS" start="2024-04-29T16:17:33.720451" elapsed="0.000417"/>
</kw>
<kw name="Log" owner="BuiltIn">
<msg time="2024-04-29T16:17:33.721532" level="INFO">{'gender': 'female', 'name': {'title': 'Mrs', 'first': 'Begoña', 'last': 'Carmona'}, 'location': {'street': {'number': 7634, 'name': 'Calle de Ferraz'}, 'city': 'Vitoria', 'state': 'Navarra', 'country': 'Spain', 'postcode': 20695, 'coordinates': {'latitude': '-35.3490', 'longitude': '61.1978'}, 'timezone': {'offset': '+5:00', 'description': 'Ekaterinburg, Islamabad, Karachi, Tashkent'}}, 'email': 'begona.carmona@example.com', 'login': {'uuid': '227ac7fd-1428-4973-b524-56656c62ee21', 'username': 'goldenfrog485', 'password': 'boat', 'salt': 'qjFMCmTu', 'md5': '8a6515796caac7ac09cbed90755e661a', 'sha1': 'c5c90d3ba518349168808f91f5946713dc5cfde7', 'sha256': '158202933cd402a7d63969474339304ade3b5fa9f8bf9ae050043366e62435b6'}, 'dob': {'date': '1967-04-09T12:31:11.401Z', 'age': 57}, 'registered': {'date': '2009-01-13T18:40:22.915Z', 'age': 15}, 'phone': '974-189-108', 'cell': '620-283-281', 'id': {'name': 'DNI', 'value': '00698743-H'}, 'picture': {'large': 'https://randomuser.me/api/portraits/women/37.jpg', 'medium': 'https://randomuser.me/api/portraits/med/women/37.jpg', 'thumbnail': 'https://randomuser.me/api/portraits/thumb/women/37.jpg'}, 'nat': 'ES'}</msg>
<arg>${json_data['results'][0]}</arg>
<doc>Logs the given message with the given level.</doc>
<status status="PASS" start="2024-04-29T16:17:33.721162" elapsed="0.000443"/>
</kw>
<kw name="Log" owner="BuiltIn">
<msg time="2024-04-29T16:17:33.722031" level="INFO">location</msg>
<arg>${key}</arg>
<doc>Logs the given message with the given level.</doc>
<status status="PASS" start="2024-04-29T16:17:33.721908" elapsed="0.000162"/>
</kw>
<var name="${key}">location</var>
<status status="PASS" start="2024-04-29T16:17:33.720341" elapsed="0.001947"/>
</iter>
<iter>
<kw name="Dictionary Should Contain Key" owner="Collections">
<msg time="2024-04-29T16:17:33.722949" level="INFO">False</msg>
<arg>${json_data['results'][0]}</arg>
<arg>${key}</arg>
<doc>Fails if ``key`` is not found from ``dictionary``.</doc>
<status status="PASS" start="2024-04-29T16:17:33.722567" elapsed="0.000421"/>
</kw>
<kw name="Log" owner="BuiltIn">
<msg time="2024-04-29T16:17:33.723650" level="INFO">{'gender': 'female', 'name': {'title': 'Mrs', 'first': 'Begoña', 'last': 'Carmona'}, 'location': {'street': {'number': 7634, 'name': 'Calle de Ferraz'}, 'city': 'Vitoria', 'state': 'Navarra', 'country': 'Spain', 'postcode': 20695, 'coordinates': {'latitude': '-35.3490', 'longitude': '61.1978'}, 'timezone': {'offset': '+5:00', 'description': 'Ekaterinburg, Islamabad, Karachi, Tashkent'}}, 'email': 'begona.carmona@example.com', 'login': {'uuid': '227ac7fd-1428-4973-b524-56656c62ee21', 'username': 'goldenfrog485', 'password': 'boat', 'salt': 'qjFMCmTu', 'md5': '8a6515796caac7ac09cbed90755e661a', 'sha1': 'c5c90d3ba518349168808f91f5946713dc5cfde7', 'sha256': '158202933cd402a7d63969474339304ade3b5fa9f8bf9ae050043366e62435b6'}, 'dob': {'date': '1967-04-09T12:31:11.401Z', 'age': 57}, 'registered': {'date': '2009-01-13T18:40:22.915Z', 'age': 15}, 'phone': '974-189-108', 'cell': '620-283-281', 'id': {'name': 'DNI', 'value': '00698743-H'}, 'picture': {'large': 'https://randomuser.me/api/portraits/women/37.jpg', 'medium': 'https://randomuser.me/api/portraits/med/women/37.jpg', 'thumbnail': 'https://randomuser.me/api/portraits/thumb/women/37.jpg'}, 'nat': 'ES'}</msg>
<arg>${json_data['results'][0]}</arg>
<doc>Logs the given message with the given level.</doc>
<status status="PASS" start="2024-04-29T16:17:33.723280" elapsed="0.000422"/>
</kw>
<kw name="Log" owner="BuiltIn">
<msg time="2024-04-29T16:17:33.724120" level="INFO">email</msg>
<arg>${key}</arg>
<doc>Logs the given message with the given level.</doc>
<status status="PASS" start="2024-04-29T16:17:33.723995" elapsed="0.000163"/>
</kw>
<var name="${key}">email</var>
<status status="PASS" start="2024-04-29T16:17:33.722459" elapsed="0.001910"/>
</iter>
<iter>
<kw name="Dictionary Should Contain Key" owner="Collections">
<msg time="2024-04-29T16:17:33.725026" level="INFO">False</msg>
<arg>${json_data['results'][0]}</arg>
<arg>${key}</arg>
<doc>Fails if ``key`` is not found from ``dictionary``.</doc>
<status status="PASS" start="2024-04-29T16:17:33.724647" elapsed="0.000416"/>
</kw>
<kw name="Log" owner="BuiltIn">
<msg time="2024-04-29T16:17:33.725756" level="INFO">{'gender': 'female', 'name': {'title': 'Mrs', 'first': 'Begoña', 'last': 'Carmona'}, 'location': {'street': {'number': 7634, 'name': 'Calle de Ferraz'}, 'city': 'Vitoria', 'state': 'Navarra', 'country': 'Spain', 'postcode': 20695, 'coordinates': {'latitude': '-35.3490', 'longitude': '61.1978'}, 'timezone': {'offset': '+5:00', 'description': 'Ekaterinburg, Islamabad, Karachi, Tashkent'}}, 'email': 'begona.carmona@example.com', 'login': {'uuid': '227ac7fd-1428-4973-b524-56656c62ee21', 'username': 'goldenfrog485', 'password': 'boat', 'salt': 'qjFMCmTu', 'md5': '8a6515796caac7ac09cbed90755e661a', 'sha1': 'c5c90d3ba518349168808f91f5946713dc5cfde7', 'sha256': '158202933cd402a7d63969474339304ade3b5fa9f8bf9ae050043366e62435b6'}, 'dob': {'date': '1967-04-09T12:31:11.401Z', 'age': 57}, 'registered': {'date': '2009-01-13T18:40:22.915Z', 'age': 15}, 'phone': '974-189-108', 'cell': '620-283-281', 'id': {'name': 'DNI', 'value': '00698743-H'}, 'picture': {'large': 'https://randomuser.me/api/portraits/women/37.jpg', 'medium': 'https://randomuser.me/api/portraits/med/women/37.jpg', 'thumbnail': 'https://randomuser.me/api/portraits/thumb/women/37.jpg'}, 'nat': 'ES'}</msg>
<arg>${json_data['results'][0]}</arg>
<doc>Logs the given message with the given level.</doc>
<status status="PASS" start="2024-04-29T16:17:33.725352" elapsed="0.000454"/>
</kw>
<kw name="Log" owner="BuiltIn">
<msg time="2024-04-29T16:17:33.726230" level="INFO">login</msg>
<arg>${key}</arg>
<doc>Logs the given message with the given level.</doc>
<status status="PASS" start="2024-04-29T16:17:33.726103" elapsed="0.000165"/>
</kw>
<var name="${key}">login</var>
<status status="PASS" start="2024-04-29T16:17:33.724539" elapsed="0.001980"/>
</iter>
<var>${key}</var>
<value>@{expected_keys}</value>
<status status="PASS" start="2024-04-29T16:17:33.715821" elapsed="0.010822"/>
</for>
<kw name="Create List" owner="BuiltIn">
<msg time="2024-04-29T16:17:33.726986" level="INFO">${expected_keysTwo} = ['username', 'password']</msg>
<var>${expected_keysTwo}</var>
<arg>username</arg>
<arg>password</arg>
<doc>Returns a list containing given items.</doc>
<status status="PASS" start="2024-04-29T16:17:33.726849" elapsed="0.000161"/>
</kw>
<for flavor="IN">
<iter>
<kw name="Dictionary Should Contain Key" owner="Collections">
<msg time="2024-04-29T16:17:33.727907" level="INFO">False</msg>
<arg>${json_data['results'][0]['login']}</arg>
<arg>${keyTwo}</arg>
<doc>Fails if ``key`` is not found from ``dictionary``.</doc>
<status status="PASS" start="2024-04-29T16:17:33.727514" elapsed="0.000432"/>
</kw>
<kw name="Dictionary Should Contain Key" owner="Collections">
<msg time="2024-04-29T16:17:33.728616" level="INFO">False</msg>
<arg>${json_data['results'][0]['login']}</arg>
<arg>${keyTwo}</arg>
<doc>Fails if ``key`` is not found from ``dictionary``.</doc>
<status status="PASS" start="2024-04-29T16:17:33.728237" elapsed="0.000417"/>
</kw>
<kw name="Log" owner="BuiltIn">
<msg time="2024-04-29T16:17:33.729073" level="INFO">username</msg>
<arg>${keyTwo}</arg>
<doc>Logs the given message with the given level.</doc>
<status status="PASS" start="2024-04-29T16:17:33.728947" elapsed="0.000169"/>
</kw>
<var name="${keyTwo}">username</var>
<status status="PASS" start="2024-04-29T16:17:33.727405" elapsed="0.001928"/>
</iter>
<iter>
<kw name="Dictionary Should Contain Key" owner="Collections">
<msg time="2024-04-29T16:17:33.730123" level="INFO">False</msg>
<arg>${json_data['results'][0]['login']}</arg>
<arg>${keyTwo}</arg>
<doc>Fails if ``key`` is not found from ``dictionary``.</doc>
<status status="PASS" start="2024-04-29T16:17:33.729649" elapsed="0.000514"/>
</kw>
<kw name="Dictionary Should Contain Key" owner="Collections">
<msg time="2024-04-29T16:17:33.730841" level="INFO">False</msg>
<arg>${json_data['results'][0]['login']}</arg>
<arg>${keyTwo}</arg>
<doc>Fails if ``key`` is not found from ``dictionary``.</doc>
<status status="PASS" start="2024-04-29T16:17:33.730464" elapsed="0.000413"/>
</kw>
<kw name="Log" owner="BuiltIn">
<msg time="2024-04-29T16:17:33.731296" level="INFO">password</msg>
<arg>${keyTwo}</arg>
<doc>Logs the given message with the given level.</doc>
<status status="PASS" start="2024-04-29T16:17:33.731170" elapsed="0.000163"/>
</kw>
<var name="${keyTwo}">password</var>
<status status="PASS" start="2024-04-29T16:17:33.729503" elapsed="0.002043"/>
</iter>
<var>${keyTwo}</var>
<value>@{expected_keysTwo}</value>
<status status="PASS" start="2024-04-29T16:17:33.727248" elapsed="0.004417"/>
</for>
<status status="PASS" start="2024-04-29T16:17:33.637078" elapsed="0.094728"/>
</kw>
<doc>Testa a estrutura da resposta da API.</doc>
<tag>testeEstruturaResposta</tag>
<status status="PASS" start="2024-04-29T16:17:33.636583" elapsed="0.095384"/>
</test>
<test id="s1-s1-t4" name="Validar tipos de dados" line="28">
<kw name="Teste de Tipos de Dados" owner="random-user-service">
<kw name="GET On Session" owner="RequestsLibrary">
<msg time="2024-04-29T16:17:33.816747" level="INFO">GET Request : url=https://randomuser.me/api 
 path_url=/api 
 headers={'User-Agent': 'python-requests/2.31.0', 'Accept-Encoding': 'gzip, deflate', 'Accept': '*/*', 'Connection': 'keep-alive'} 
 body=None 
 </msg>
<msg time="2024-04-29T16:17:33.816854" level="INFO">GET Response : url=https://randomuser.me/api 
 status=200, reason=OK 
 headers={'Date': 'Mon, 29 Apr 2024 16:17:33 GMT', 'Content-Type': 'application/json; charset=utf-8', 'Transfer-Encoding': 'chunked', 'Connection': 'keep-alive', 'X-Powered-By': 'Express', 'Access-Control-Allow-Origin': '*', 'Cache-Control': 'no-cache', 'ETag': 'W/"48d-JHqxdKzD4ooa2n9Yo0h5DU/a81o"', 'Vary': 'Accept-Encoding', 'Content-Encoding': 'gzip', 'CF-Cache-Status': 'DYNAMIC', 'Report-To': '{"endpoints":[{"url":"https:\\/\\/a.nel.cloudflare.com\\/report\\/v4?s=7YG73UXMxN5cRz52XgW4iLNQ1GAJy29F0bcze8QuMAomdN1kOiUdwsxDT4Cq6vPkeBAh7FskvEfAxMoT5Af0Z2CAFrQzqKp29z%2BrEjgleWXOKNvOFYmu5BnOsDNuYMub"}],"group":"cf-nel","max_age":604800}', 'NEL': '{"success_fraction":0,"report_to":"cf-nel","max_age":604800}', 'Server': 'cloudflare', 'CF-RAY': '87c09a59dff761d2-ORD', 'alt-svc': 'h3=":443"; ma=86400'} 
 body={"results":[{"gender":"female","name":{"title":"Mrs","first":"Isobel","last":"Jenkins"},"location":{"street":{"number":3387,"name":"Fairview St"},"city":"Mackay","state":"Tasmania","country":"Australia","postcode":7929,"coordinates":{"latitude":"-84.0727","longitude":"28.2001"},"timezone":{"offset":"-8:00","description":"Pacific Time (US &amp; Canada)"}},"email":"isobel.jenkins@example.com","login":{"uuid":"6762548a-2d35-466e-8d19-7b9e9337bb8d","username":"organicladybug772","password":"arcadia","salt":"2owyz6HZ","md5":"a31e3ee65b13d927304021f4b1b749b1","sha1":"b0e048472ec10f10af2decd0e93479cc3eb8ab64","sha256":"0112b11b619dc17367497a755f133a1d75be5684c2abdacbb2c5d0a93f78c7e3"},"dob":{"date":"1977-11-04T21:48:43.871Z","age":46},"registered":{"date":"2020-11-20T14:57:38.634Z","age":3},"phone":"02-2477-5864","cell":"0463-894-577","id":{"name":"TFN","value":"602753867"},"picture":{"large":"https://randomuser.me/api/portraits/women/56.jpg","medium":"https://randomuser.me/api/portraits/med/women/56.jpg","thumbnail":"https://randomuser.me/api/portraits/thumb/women/56.jpg"},"nat":"AU"}],"info":{"seed":"3b49e7d2ae79c1e9","results":1,"page":1,"version":"1.4"}} 
 </msg>
<msg time="2024-04-29T16:17:33.816942" level="INFO">/opt/hostedtoolcache/Python/3.12.3/x64/lib/python3.12/site-packages/urllib3/connectionpool.py:1103: InsecureRequestWarning: Unverified HTTPS request is being made to host 'randomuser.me'. Adding certificate verification is strongly advised. See: https://urllib3.readthedocs.io/en/latest/advanced-usage.html#tls-warnings
  warnings.warn(</msg>
<msg time="2024-04-29T16:17:33.817111" level="INFO">${response} = &lt;Response [200]&gt;</msg>
<var>${response}</var>
<arg>consultarAPI</arg>
<arg>/api</arg>
<doc>Sends a GET request on a previously created HTTP Session.</doc>
<status status="PASS" start="2024-04-29T16:17:33.734604" elapsed="0.082571"/>
</kw>
<kw name="Set Variable" owner="BuiltIn">
<msg time="2024-04-29T16:17:33.818255" level="INFO">${json_data} = {'results': [{'gender': 'female', 'name': {'title': 'Mrs', 'first': 'Isobel', 'last': 'Jenkins'}, 'location': {'street': {'number': 3387, 'name': 'Fairview St'}, 'city': 'Mackay', 'state': 'Tasmania',...</msg>
<var>${json_data}</var>
<arg>${response.json()}</arg>
<doc>Returns the given values which can then be assigned to a variables.</doc>
<status status="PASS" start="2024-04-29T16:17:33.817731" elapsed="0.000553"/>
</kw>
<kw name="Log" owner="BuiltIn">
<msg time="2024-04-29T16:17:33.818753" level="INFO">{'results': [{'gender': 'female', 'name': {'title': 'Mrs', 'first': 'Isobel', 'last': 'Jenkins'}, 'location': {'street': {'number': 3387, 'name': 'Fairview St'}, 'city': 'Mackay', 'state': 'Tasmania', 'country': 'Australia', 'postcode': 7929, 'coordinates': {'latitude': '-84.0727', 'longitude': '28.2001'}, 'timezone': {'offset': '-8:00', 'description': 'Pacific Time (US &amp; Canada)'}}, 'email': 'isobel.jenkins@example.com', 'login': {'uuid': '6762548a-2d35-466e-8d19-7b9e9337bb8d', 'username': 'organicladybug772', 'password': 'arcadia', 'salt': '2owyz6HZ', 'md5': 'a31e3ee65b13d927304021f4b1b749b1', 'sha1': 'b0e048472ec10f10af2decd0e93479cc3eb8ab64', 'sha256': '0112b11b619dc17367497a755f133a1d75be5684c2abdacbb2c5d0a93f78c7e3'}, 'dob': {'date': '1977-11-04T21:48:43.871Z', 'age': 46}, 'registered': {'date': '2020-11-20T14:57:38.634Z', 'age': 3}, 'phone': '02-2477-5864', 'cell': '0463-894-577', 'id': {'name': 'TFN', 'value': '602753867'}, 'picture': {'large': 'https://randomuser.me/api/portraits/women/56.jpg', 'medium': 'https://randomuser.me/api/portraits/med/women/56.jpg', 'thumbnail': 'https://randomuser.me/api/portraits/thumb/women/56.jpg'}, 'nat': 'AU'}], 'info': {'seed': '3b49e7d2ae79c1e9', 'results': 1, 'page': 1, 'version': '1.4'}}</msg>
<arg>${json_data}</arg>
<doc>Logs the given message with the given level.</doc>
<status status="PASS" start="2024-04-29T16:17:33.818596" elapsed="0.000253"/>
</kw>
<kw name="Should Be String" owner="String">
<arg>${json_data['results'][0]['gender']}</arg>
<doc>Fails if the given ``item`` is not a string.</doc>
<status status="PASS" start="2024-04-29T16:17:33.819146" elapsed="0.000360"/>
</kw>
<kw name="Should Match Regexp" owner="BuiltIn">
<arg>${json_data['results'][0]['email']}</arg>
<arg>^[a-zA-Z0-9._%+-]+@[a-zA-Z0-9.-]+\.[a-zA-Z]{2,}$</arg>
<doc>Fails if ``string`` does not match ``pattern`` as a regular expression.</doc>
<status status="PASS" start="2024-04-29T16:17:33.819697" elapsed="0.000521"/>
</kw>
<kw name="Should Match Regexp" owner="BuiltIn">
<arg>${json_data['results'][0]['dob']['date']}</arg>
<arg>\\d{4}-\\d{2}-\\d{2}T\\d{2}:\\d{2}:\\d{2}\\.\\d{3}Z</arg>
<doc>Fails if ``string`` does not match ``pattern`` as a regular expression.</doc>
<status status="PASS" start="2024-04-29T16:17:33.820415" elapsed="0.000481"/>
</kw>
<kw name="Should Match Regexp" owner="BuiltIn">
<arg>${json_data['results'][0]['registered']['date']}</arg>
<arg>\\d{4}-\\d{2}-\\d{2}T\\d{2}:\\d{2}:\\d{2}\\.\\d{3}Z</arg>
<doc>Fails if ``string`` does not match ``pattern`` as a regular expression.</doc>
<status status="PASS" start="2024-04-29T16:17:33.821084" elapsed="0.000369"/>
</kw>
<kw name="Should Match Regexp" owner="BuiltIn">
<arg>${json_data['results'][0]['picture']['large']}</arg>
<arg>^https?://.*\.(?:png|jpe?g|gif|bmp)$</arg>
<doc>Fails if ``string`` does not match ``pattern`` as a regular expression.</doc>
<status status="PASS" start="2024-04-29T16:17:33.821673" elapsed="0.000469"/>
</kw>
<kw name="Should Match Regexp" owner="BuiltIn">
<arg>${json_data['results'][0]['picture']['medium']}</arg>
<arg>^https?://.*\.(?:png|jpe?g|gif|bmp)$</arg>
<doc>Fails if ``string`` does not match ``pattern`` as a regular expression.</doc>
<status status="PASS" start="2024-04-29T16:17:33.822329" elapsed="0.000359"/>
</kw>
<kw name="Should Match Regexp" owner="BuiltIn">
<arg>${json_data['results'][0]['picture']['thumbnail']}</arg>
<arg>^https?://.*\.(?:png|jpe?g|gif|bmp)$</arg>
<doc>Fails if ``string`` does not match ``pattern`` as a regular expression.</doc>
<status status="PASS" start="2024-04-29T16:17:33.822876" elapsed="0.000352"/>
</kw>
<kw name="Log" owner="BuiltIn">
<msg time="2024-04-29T16:17:33.823743" level="INFO">{'large': 'https://randomuser.me/api/portraits/women/56.jpg', 'medium': 'https://randomuser.me/api/portraits/med/women/56.jpg', 'thumbnail': 'https://randomuser.me/api/portraits/thumb/women/56.jpg'}</msg>
<arg>${json_data['results'][0]['picture']}</arg>
<doc>Logs the given message with the given level.</doc>
<status status="PASS" start="2024-04-29T16:17:33.823412" elapsed="0.000373"/>
</kw>
<status status="PASS" start="2024-04-29T16:17:33.734373" elapsed="0.089667"/>
</kw>
<kw name="Teste de Tipos de Dados - Postcode" owner="random-user-service">
<kw name="GET On Session" owner="RequestsLibrary">
<msg time="2024-04-29T16:17:33.906756" level="INFO">GET Request : url=https://randomuser.me/api 
 path_url=/api 
 headers={'User-Agent': 'python-requests/2.31.0', 'Accept-Encoding': 'gzip, deflate', 'Accept': '*/*', 'Connection': 'keep-alive'} 
 body=None 
 </msg>
<msg time="2024-04-29T16:17:33.906866" level="INFO">GET Response : url=https://randomuser.me/api 
 status=200, reason=OK 
 headers={'Date': 'Mon, 29 Apr 2024 16:17:33 GMT', 'Content-Type': 'application/json; charset=utf-8', 'Transfer-Encoding': 'chunked', 'Connection': 'keep-alive', 'X-Powered-By': 'Express', 'Access-Control-Allow-Origin': '*', 'Cache-Control': 'no-cache', 'ETag': 'W/"491-doQlY1ZZafokxNM1+FKvDeAWbd0"', 'Vary': 'Accept-Encoding', 'Content-Encoding': 'gzip', 'CF-Cache-Status': 'DYNAMIC', 'Report-To': '{"endpoints":[{"url":"https:\\/\\/a.nel.cloudflare.com\\/report\\/v4?s=17j%2F%2FmhJxDuxltnnRB0NbzLQ4PPMwvQ4XtQFOQd3QHlPW2HD48rlqAi9nLg9tttGJ%2FkPmuI7m%2BPtR%2FhcAfKkF%2Bd1QKY3VJ%2BxbSL29heT3AbWi%2FjlGSV5MBaO3gbk0PvS"}],"group":"cf-nel","max_age":604800}', 'NEL': '{"success_fraction":0,"report_to":"cf-nel","max_age":604800}', 'Server': 'cloudflare', 'CF-RAY': '87c09a5a694161d2-ORD', 'alt-svc': 'h3=":443"; ma=86400'} 
 body={"results":[{"gender":"male","name":{"title":"Monsieur","first":"Claude","last":"Robin"},"location":{"street":{"number":411,"name":"Rue de L'Abbé-Roger-Derry"},"city":"Fislisbach","state":"Basel-Landschaft","country":"Switzerland","postcode":7864,"coordinates":{"latitude":"-60.2413","longitude":"-14.8778"},"timezone":{"offset":"+4:30","description":"Kabul"}},"email":"claude.robin@example.com","login":{"uuid":"2ea09426-3979-4b5f-9fc0-84abc5776dd3","username":"smallbear598","password":"xfiles","salt":"mLCKRv01","md5":"96927f304d91b9f6e85d185a30b14b14","sha1":"b8a9e874503523c0582327b83d4b6ba694818e91","sha256":"b7dd3383ecc56508b5470d96c9b711850fa9996701b11ab5036275dcbe06a230"},"dob":{"date":"1962-04-12T15:33:22.511Z","age":62},"registered":{"date":"2015-11-30T06:34:25.464Z","age":8},"phone":"076 444 88 24","cell":"075 091 65 81","id":{"name":"AVS","value":"756.0002.0398.34"},"picture":{"large":"https://randomuser.me/api/portraits/men/73.jpg","medium":"https://randomuser.me/api/portraits/med/men/73.jpg","thumbnail":"https://randomuser.me/api/portraits/thumb/men/73.jpg"},"nat":"CH"}],"info":{"seed":"e7454b3642cc663f","results":1,"page":1,"version":"1.4"}} 
 </msg>
<msg time="2024-04-29T16:17:33.906954" level="INFO">/opt/hostedtoolcache/Python/3.12.3/x64/lib/python3.12/site-packages/urllib3/connectionpool.py:1103: InsecureRequestWarning: Unverified HTTPS request is being made to host 'randomuser.me'. Adding certificate verification is strongly advised. See: https://urllib3.readthedocs.io/en/latest/advanced-usage.html#tls-warnings
  warnings.warn(</msg>
<msg time="2024-04-29T16:17:33.907093" level="INFO">${response} = &lt;Response [200]&gt;</msg>
<var>${response}</var>
<arg>consultarAPI</arg>
<arg>/api</arg>
<doc>Sends a GET request on a previously created HTTP Session.</doc>
<status status="PASS" start="2024-04-29T16:17:33.824506" elapsed="0.082633"/>
</kw>
<kw name="Set Variable" owner="BuiltIn">
<msg time="2024-04-29T16:17:33.908250" level="INFO">${json_data} = {'results': [{'gender': 'male', 'name': {'title': 'Monsieur', 'first': 'Claude', 'last': 'Robin'}, 'location': {'street': {'number': 411, 'name': "Rue de L'Abbé-Roger-Derry"}, 'city': 'Fislisbach', 's...</msg>
<var>${json_data}</var>
<arg>${response.json()}</arg>
<doc>Returns the given values which can then be assigned to a variables.</doc>
<status status="PASS" start="2024-04-29T16:17:33.907698" elapsed="0.000582"/>
</kw>
<kw name="Log" owner="BuiltIn">
<msg time="2024-04-29T16:17:33.908761" level="INFO">{'results': [{'gender': 'male', 'name': {'title': 'Monsieur', 'first': 'Claude', 'last': 'Robin'}, 'location': {'street': {'number': 411, 'name': "Rue de L'Abbé-Roger-Derry"}, 'city': 'Fislisbach', 'state': 'Basel-Landschaft', 'country': 'Switzerland', 'postcode': 7864, 'coordinates': {'latitude': '-60.2413', 'longitude': '-14.8778'}, 'timezone': {'offset': '+4:30', 'description': 'Kabul'}}, 'email': 'claude.robin@example.com', 'login': {'uuid': '2ea09426-3979-4b5f-9fc0-84abc5776dd3', 'username': 'smallbear598', 'password': 'xfiles', 'salt': 'mLCKRv01', 'md5': '96927f304d91b9f6e85d185a30b14b14', 'sha1': 'b8a9e874503523c0582327b83d4b6ba694818e91', 'sha256': 'b7dd3383ecc56508b5470d96c9b711850fa9996701b11ab5036275dcbe06a230'}, 'dob': {'date': '1962-04-12T15:33:22.511Z', 'age': 62}, 'registered': {'date': '2015-11-30T06:34:25.464Z', 'age': 8}, 'phone': '076 444 88 24', 'cell': '075 091 65 81', 'id': {'name': 'AVS', 'value': '756.0002.0398.34'}, 'picture': {'large': 'https://randomuser.me/api/portraits/men/73.jpg', 'medium': 'https://randomuser.me/api/portraits/med/men/73.jpg', 'thumbnail': 'https://randomuser.me/api/portraits/thumb/men/73.jpg'}, 'nat': 'CH'}], 'info': {'seed': 'e7454b3642cc663f', 'results': 1, 'page': 1, 'version': '1.4'}}</msg>
<arg>${json_data}</arg>
<doc>Logs the given message with the given level.</doc>
<status status="PASS" start="2024-04-29T16:17:33.908599" elapsed="0.000254"/>
</kw>
<kw name="Should Be Equal As Numbers" owner="BuiltIn">
<arg>${json_data['results'][0]['location']['postcode']}</arg>
<arg>${json_data['results'][0]['location']['postcode']}</arg>
<doc>Fails if objects are unequal after converting them to real numbers.</doc>
<status status="PASS" start="2024-04-29T16:17:33.909340" elapsed="0.000678"/>
</kw>
<kw name="Log" owner="BuiltIn">
<msg time="2024-04-29T16:17:33.910549" level="INFO">7864</msg>
<arg>${json_data['results'][0]['location']['postcode']}</arg>
<doc>Logs the given message with the given level.</doc>
<status status="PASS" start="2024-04-29T16:17:33.910210" elapsed="0.000379"/>
</kw>
<status status="PASS" start="2024-04-29T16:17:33.824272" elapsed="0.086570"/>
</kw>
<doc>Testa se os tipos de dados na resposta da API estão corretos.</doc>
<tag>testeTiposDados</tag>
<status status="PASS" start="2024-04-29T16:17:33.733803" elapsed="0.177208"/>
</test>
<test id="s1-s1-t5" name="Validar conteudo" line="35">
<kw name="Teste de Tipos de Conteudo" owner="random-user-service">
<kw name="GET On Session" owner="RequestsLibrary">
<msg time="2024-04-29T16:17:34.009130" level="INFO">GET Request : url=https://randomuser.me/api 
 path_url=/api 
 headers={'User-Agent': 'python-requests/2.31.0', 'Accept-Encoding': 'gzip, deflate', 'Accept': '*/*', 'Connection': 'keep-alive'} 
 body=None 
 </msg>
<msg time="2024-04-29T16:17:34.009250" level="INFO">GET Response : url=https://randomuser.me/api 
 status=200, reason=OK 
 headers={'Date': 'Mon, 29 Apr 2024 16:17:34 GMT', 'Content-Type': 'application/json; charset=utf-8', 'Transfer-Encoding': 'chunked', 'Connection': 'keep-alive', 'X-Powered-By': 'Express', 'Access-Control-Allow-Origin': '*', 'Cache-Control': 'no-cache', 'ETag': 'W/"4a1-j4za9VEloCvfAQLMfpSMrR36Pu0"', 'Vary': 'Accept-Encoding', 'Content-Encoding': 'gzip', 'CF-Cache-Status': 'DYNAMIC', 'Report-To': '{"endpoints":[{"url":"https:\\/\\/a.nel.cloudflare.com\\/report\\/v4?s=lzpBtgI10AQ7xGbgUO0we3VHrwCGQklvEF4iVDJ%2F7WQcyLTBBA51umqk81eoytFGcOOgD66Vs7qg03uWPaenGZ336mIAhYnbqLsYmp9Pjc5GTPN%2Bv50Baa%2BE6RTLSJkh"}],"group":"cf-nel","max_age":604800}', 'NEL': '{"success_fraction":0,"report_to":"cf-nel","max_age":604800}', 'Server': 'cloudflare', 'CF-RAY': '87c09a5afa1d61d2-ORD', 'alt-svc': 'h3=":443"; ma=86400'} 
 body={"results":[{"gender":"female","name":{"title":"Mrs","first":"Sara","last":"Paavola"},"location":{"street":{"number":2394,"name":"Verkatehtaankatu"},"city":"Kaskinen","state":"Kymenlaakso","country":"Finland","postcode":32197,"coordinates":{"latitude":"-23.1577","longitude":"67.6230"},"timezone":{"offset":"-6:00","description":"Central Time (US &amp; Canada), Mexico City"}},"email":"sara.paavola@example.com","login":{"uuid":"da633f44-3076-4d02-9119-0fa102c97904","username":"organicbear951","password":"austin","salt":"dDz1cjee","md5":"5701fbb4be5e3622e27e273519691ac6","sha1":"96ce9177bd490e5ff6e729b3380a76e1007a03bb","sha256":"c994446691ace50156e898e45d78763eafc621520934496c14d17d1930c63864"},"dob":{"date":"1981-09-30T11:43:03.544Z","age":42},"registered":{"date":"2004-07-23T01:07:53.219Z","age":19},"phone":"03-754-602","cell":"049-098-84-25","id":{"name":"HETU","value":"NaNNA760undefined"},"picture":{"large":"https://randomuser.me/api/portraits/women/2.jpg","medium":"https://randomuser.me/api/portraits/med/women/2.jpg","thumbnail":"https://randomuser.me/api/portraits/thumb/women/2.jpg"},"nat":"FI"}],"info":{"seed":"498d9d811b43e73b","results":1,"page":1,"version":"1.4"}} 
 </msg>
<msg time="2024-04-29T16:17:34.009341" level="INFO">/opt/hostedtoolcache/Python/3.12.3/x64/lib/python3.12/site-packages/urllib3/connectionpool.py:1103: InsecureRequestWarning: Unverified HTTPS request is being made to host 'randomuser.me'. Adding certificate verification is strongly advised. See: https://urllib3.readthedocs.io/en/latest/advanced-usage.html#tls-warnings
  warnings.warn(</msg>
<msg time="2024-04-29T16:17:34.009498" level="INFO">${response} = &lt;Response [200]&gt;</msg>
<var>${response}</var>
<arg>consultarAPI</arg>
<arg>/api</arg>
<doc>Sends a GET request on a previously created HTTP Session.</doc>
<status status="PASS" start="2024-04-29T16:17:33.913683" elapsed="0.095882"/>
</kw>
<kw name="Set Variable" owner="BuiltIn">
<msg time="2024-04-29T16:17:34.010932" level="INFO">${json_data} = {'results': [{'gender': 'female', 'name': {'title': 'Mrs', 'first': 'Sara', 'last': 'Paavola'}, 'location': {'street': {'number': 2394, 'name': 'Verkatehtaankatu'}, 'city': 'Kaskinen', 'state': 'Kymen...</msg>
<var>${json_data}</var>
<arg>${response.json()}</arg>
<doc>Returns the given values which can then be assigned to a variables.</doc>
<status status="PASS" start="2024-04-29T16:17:34.010252" elapsed="0.000708"/>
</kw>
<kw name="Set Variable" owner="BuiltIn">
<msg time="2024-04-29T16:17:34.011658" level="INFO">${name_title} = Mrs</msg>
<var>${name_title}</var>
<arg>${json_data["results"][0]["name"]["title"]}</arg>
<doc>Returns the given values which can then be assigned to a variables.</doc>
<status status="PASS" start="2024-04-29T16:17:34.011271" elapsed="0.000412"/>
</kw>
<kw name="Create List" owner="BuiltIn">
<msg time="2024-04-29T16:17:34.012131" level="INFO">${allowed_titles} = ['Mr', 'Ms', 'Miss', 'Mrs', 'Madame', 'Monsieur']</msg>
<var>${allowed_titles}</var>
<arg>Mr</arg>
<arg>Ms</arg>
<arg>Miss</arg>
<arg>Mrs</arg>
<arg>Madame</arg>
<arg>Monsieur</arg>
<doc>Returns a list containing given items.</doc>
<status status="PASS" start="2024-04-29T16:17:34.011982" elapsed="0.000174"/>
</kw>
<kw name="List Should Contain Value" owner="Collections">
<msg time="2024-04-29T16:17:34.012637" level="INFO">False</msg>
<arg>${allowed_titles}</arg>
<arg>${name_title}</arg>
<doc>Fails if the ``value`` is not found from ``list``.</doc>
<status status="PASS" start="2024-04-29T16:17:34.012453" elapsed="0.000222"/>
</kw>
<kw name="Set Variable" owner="BuiltIn">
<msg time="2024-04-29T16:17:34.013345" level="INFO">${name_country} = FI</msg>
<var>${name_country}</var>
<arg>${json_data["results"][0]["nat"]}</arg>
<doc>Returns the given values which can then be assigned to a variables.</doc>
<status status="PASS" start="2024-04-29T16:17:34.012960" elapsed="0.000410"/>
</kw>
<kw name="Create List" owner="BuiltIn">
<msg time="2024-04-29T16:17:34.014293" level="INFO">${list_country} = ['AD', 'AE', 'AF', 'AG', 'AI', 'AL', 'AM', 'AO', 'AQ', 'AR', 'AS', 'AT', 'AU', 'AW', 'AX', 'AZ', 'BA', 'BB', 'BD', 'BE', 'BF', 'BG', 'BH', 'BI', 'BJ', 'BL', 'BM', 'BN', 'BO', 'BQ', 'BR', 'BS', 'BT', '...</msg>
<var>${list_country}</var>
<arg>AD</arg>
<arg>AE</arg>
<arg>AF</arg>
<arg>AG</arg>
<arg>AI</arg>
<arg>AL</arg>
<arg>AM</arg>
<arg>AO</arg>
<arg>AQ</arg>
<arg>AR</arg>
<arg>AS</arg>
<arg>AT</arg>
<arg>AU</arg>
<arg>AW</arg>
<arg>AX</arg>
<arg>AZ</arg>
<arg>BA</arg>
<arg>BB</arg>
<arg>BD</arg>
<arg>BE</arg>
<arg>BF</arg>
<arg>BG</arg>
<arg>BH</arg>
<arg>BI</arg>
<arg>BJ</arg>
<arg>BL</arg>
<arg>BM</arg>
<arg>BN</arg>
<arg>BO</arg>
<arg>BQ</arg>
<arg>BR</arg>
<arg>BS</arg>
<arg>BT</arg>
<arg>BV</arg>
<arg>BW</arg>
<arg>BY</arg>
<arg>BZ</arg>
<arg>CA</arg>
<arg>CC</arg>
<arg>CD</arg>
<arg>CF</arg>
<arg>CG</arg>
<arg>CH</arg>
<arg>CI</arg>
<arg>CK</arg>
<arg>CL</arg>
<arg>CM</arg>
<arg>CN</arg>
<arg>CO</arg>
<arg>CR</arg>
<arg>CU</arg>
<arg>CV</arg>
<arg>CW</arg>
<arg>CX</arg>
<arg>CY</arg>
<arg>CZ</arg>
<arg>DE</arg>
<arg>DJ</arg>
<arg>DK</arg>
<arg>DM</arg>
<arg>DO</arg>
<arg>DZ</arg>
<arg>EC</arg>
<arg>EE</arg>
<arg>EG</arg>
<arg>EH</arg>
<arg>ER</arg>
<arg>ES</arg>
<arg>ET</arg>
<arg>FI</arg>
<arg>FJ</arg>
<arg>FK</arg>
<arg>FM</arg>
<arg>FO</arg>
<arg>FR</arg>
<arg>GA</arg>
<arg>GB</arg>
<arg>GD</arg>
<arg>GE</arg>
<arg>GF</arg>
<arg>GG</arg>
<arg>GH</arg>
<arg>GI</arg>
<arg>GL</arg>
<arg>GM</arg>
<arg>GN</arg>
<arg>GP</arg>
<arg>GQ</arg>
<arg>GR</arg>
<arg>GS</arg>
<arg>GT</arg>
<arg>GU</arg>
<arg>GW</arg>
<arg>GY</arg>
<arg>HK</arg>
<arg>HM</arg>
<arg>HN</arg>
<arg>HR</arg>
<arg>HT</arg>
<arg>HU</arg>
<arg>ID</arg>
<arg>IE</arg>
<arg>IL</arg>
<arg>IM</arg>
<arg>IN</arg>
<arg>IO</arg>
<arg>IQ</arg>
<arg>IR</arg>
<arg>IS</arg>
<arg>IT</arg>
<arg>JE</arg>
<arg>JM</arg>
<arg>JO</arg>
<arg>JP</arg>
<arg>KE</arg>
<arg>KG</arg>
<arg>KH</arg>
<arg>KI</arg>
<arg>KM</arg>
<arg>KN</arg>
<arg>KP</arg>
<arg>KR</arg>
<arg>KW</arg>
<arg>KY</arg>
<arg>KZ</arg>
<arg>LA</arg>
<arg>LB</arg>
<arg>LC</arg>
<arg>LI</arg>
<arg>LK</arg>
<arg>LR</arg>
<arg>LS</arg>
<arg>LT</arg>
<arg>LU</arg>
<arg>LV</arg>
<arg>LY</arg>
<arg>MA</arg>
<arg>MC</arg>
<arg>MD</arg>
<arg>ME</arg>
<arg>MF</arg>
<arg>MG</arg>
<arg>MH</arg>
<arg>MK</arg>
<arg>ML</arg>
<arg>MM</arg>
<arg>MN</arg>
<arg>MO</arg>
<arg>MP</arg>
<arg>MQ</arg>
<arg>MR</arg>
<arg>MS</arg>
<arg>MT</arg>
<arg>MU</arg>
<arg>MV</arg>
<arg>MW</arg>
<arg>MX</arg>
<arg>MY</arg>
<arg>MZ</arg>
<arg>NA</arg>
<arg>NC</arg>
<arg>NE</arg>
<arg>NF</arg>
<arg>NG</arg>
<arg>NI</arg>
<arg>NL</arg>
<arg>NO</arg>
<arg>NP</arg>
<arg>NR</arg>
<arg>NU</arg>
<arg>NZ</arg>
<arg>OM</arg>
<arg>PA</arg>
<arg>PE</arg>
<arg>PF</arg>
<arg>PG</arg>
<arg>PH</arg>
<arg>PK</arg>
<arg>PL</arg>
<arg>PM</arg>
<arg>PN</arg>
<arg>PR</arg>
<arg>PS</arg>
<arg>PT</arg>
<arg>PW</arg>
<arg>PY</arg>
<arg>QA</arg>
<arg>RE</arg>
<arg>RO</arg>
<arg>RS</arg>
<arg>RU</arg>
<arg>RW</arg>
<arg>SA</arg>
<arg>SB</arg>
<arg>SC</arg>
<arg>SD</arg>
<arg>SE</arg>
<arg>SG</arg>
<arg>SH</arg>
<arg>SI</arg>
<arg>SJ</arg>
<arg>SK</arg>
<arg>SL</arg>
<arg>SM</arg>
<arg>SN</arg>
<arg>SO</arg>
<arg>SR</arg>
<arg>SS</arg>
<arg>ST</arg>
<arg>SV</arg>
<arg>SX</arg>
<arg>SY</arg>
<arg>SZ</arg>
<arg>TC</arg>
<arg>TD</arg>
<arg>TF</arg>
<arg>TG</arg>
<arg>TH</arg>
<arg>TJ</arg>
<arg>TK</arg>
<arg>TL</arg>
<arg>TM</arg>
<arg>TN</arg>
<arg>TO</arg>
<arg>TR</arg>
<arg>TT</arg>
<arg>TV</arg>
<arg>TW</arg>
<arg>TZ</arg>
<arg>UA</arg>
<arg>UG</arg>
<arg>UM</arg>
<arg>US</arg>
<arg>UY</arg>
<arg>UZ</arg>
<arg>VA</arg>
<arg>VC</arg>
<arg>VE</arg>
<arg>VG</arg>
<arg>VI</arg>
<arg>VN</arg>
<arg>VU</arg>
<arg>WF</arg>
<arg>WS</arg>
<arg>XK</arg>
<arg>YE</arg>
<arg>YT</arg>
<arg>ZA</arg>
<arg>ZM</arg>
<arg>ZW</arg>
<doc>Returns a list containing given items.</doc>
<status status="PASS" start="2024-04-29T16:17:34.013711" elapsed="0.000608"/>
</kw>
<kw name="List Should Contain Value" owner="Collections">
<msg time="2024-04-29T16:17:34.015304" level="INFO">False</msg>
<arg>${list_country}</arg>
<arg>${name_country}</arg>
<doc>Fails if the ``value`` is not found from ``list``.</doc>
<status status="PASS" start="2024-04-29T16:17:34.015106" elapsed="0.000234"/>
</kw>
<kw name="Run Keyword If" owner="BuiltIn">
<kw name="Should Be True" owner="BuiltIn">
<arg>${True}</arg>
<doc>Fails if the given condition is not true.</doc>
<status status="PASS" start="2024-04-29T16:17:34.016402" elapsed="0.000261"/>
</kw>
<arg>${json_data["results"][0]["location"]["coordinates"]["latitude"]} &gt;= -90 and ${json_data["results"][0]["location"]["coordinates"]["latitude"]} &lt;= 90</arg>
<arg>Should Be True</arg>
<arg>${True}</arg>
<doc>Runs the given keyword with the given arguments, if ``condition`` is true.</doc>
<status status="PASS" start="2024-04-29T16:17:34.015653" elapsed="0.001141"/>
</kw>
<kw name="Run Keyword If" owner="BuiltIn">
<kw name="Should Be True" owner="BuiltIn">
<arg>${True}</arg>
<doc>Fails if the given condition is not true.</doc>
<status status="PASS" start="2024-04-29T16:17:34.017721" elapsed="0.000148"/>
</kw>
<arg>${json_data["results"][0]["location"]["coordinates"]["longitude"]} &gt;= -180 and ${json_data["results"][0]["location"]["coordinates"]["longitude"]} &lt;= 180</arg>
<arg>Should Be True</arg>
<arg>${True}</arg>
<doc>Runs the given keyword with the given arguments, if ``condition`` is true.</doc>
<status status="PASS" start="2024-04-29T16:17:34.016981" elapsed="0.001012"/>
</kw>
<status status="PASS" start="2024-04-29T16:17:33.913413" elapsed="0.104710"/>
</kw>
<doc>Testa o conteúdo específico dos campos retornados pela API.</doc>
<tag>testeConteudo</tag>
<status status="PASS" start="2024-04-29T16:17:33.912787" elapsed="0.105490"/>
</test>
<status status="PASS" start="2024-04-29T16:17:33.182075" elapsed="0.838217"/>
</suite>
<status status="PASS" start="2024-04-29T16:17:33.168341" elapsed="0.857167"/>
</suite>
<statistics>
<total>
<stat pass="5" fail="0" skip="0">All Tests</stat>
</total>
<tag>
<stat pass="1" fail="0" skip="0">testeConteudo</stat>
<stat pass="1" fail="0" skip="0">testeEstruturaResposta</stat>
<stat pass="1" fail="0" skip="0">testeRequisicaoBasica</stat>
<stat pass="1" fail="0" skip="0">testeTiposDados</stat>
</tag>
<suite>
<stat pass="5" fail="0" skip="0" id="s1" name="Tests">Tests</stat>
<stat pass="5" fail="0" skip="0" id="s1-s1" name="Random-User-Test">Tests.Random-User-Test</stat>
</suite>
</statistics>
<errors>
</errors>
</robot>
