<?xml version="1.0" encoding="UTF-8"?>
<robot generator="Robot 7.0.1 (Python 3.12.4 on linux)" generated="2024-07-18T13:18:51.965458" rpa="false" schemaversion="5">
<suite id="s1" name="Tests" source="/home/runner/work/ApiRandomUser/ApiRandomUser/RamdonUser/tests">
<suite id="s1-s1" name="Random-User-Test" source="/home/runner/work/ApiRandomUser/ApiRandomUser/RamdonUser/tests/random-user-test.robot">
<test id="s1-s1-t1" name="Conectar" line="13">
<kw name="Conectar API" owner="random-user-service">
<kw name="Create Session" owner="RequestsLibrary">
<msg time="2024-07-18T13:18:52.398866" level="INFO">Creating Session using : alias=consultarAPI, url=https://randomuser.me/, headers={},                     cookies={}, auth=None, timeout=None, proxies=None, verify=False,                     debug=0 </msg>
<arg>consultarAPI</arg>
<arg>${URL}</arg>
<doc>Create Session: create a HTTP session to a server</doc>
<status status="PASS" start="2024-07-18T13:18:52.398535" elapsed="0.000665"/>
</kw>
<status status="PASS" start="2024-07-18T13:18:52.396672" elapsed="0.003176"/>
</kw>
<status status="PASS" start="2024-07-18T13:18:52.395907" elapsed="0.004277"/>
</test>
<test id="s1-s1-t2" name="Validar retorno 200 e JSON Válido" line="16">
<kw name="Teste de Requisicao Basica" owner="random-user-service">
<kw name="GET On Session" owner="RequestsLibrary">
<msg time="2024-07-18T13:18:52.660935" level="INFO">GET Request : url=https://randomuser.me/api 
 path_url=/api 
 headers={'User-Agent': 'python-requests/2.32.3', 'Accept-Encoding': 'gzip, deflate', 'Accept': '*/*', 'Connection': 'keep-alive'} 
 body=None 
 </msg>
<msg time="2024-07-18T13:18:52.661086" level="INFO">GET Response : url=https://randomuser.me/api 
 status=200, reason=OK 
 headers={'Date': 'Thu, 18 Jul 2024 13:18:52 GMT', 'Content-Type': 'application/json; charset=utf-8', 'Transfer-Encoding': 'chunked', 'Connection': 'keep-alive', 'X-Powered-By': 'Express', 'Access-Control-Allow-Origin': '*', 'Cache-Control': 'no-cache', 'ETag': 'W/"48d-0Ie7ilSBG3g/mbewfOeFjzb9Jg0"', 'Vary': 'Accept-Encoding', 'Content-Encoding': 'gzip', 'CF-Cache-Status': 'DYNAMIC', 'Report-To': '{"endpoints":[{"url":"https:\\/\\/a.nel.cloudflare.com\\/report\\/v4?s=bfcOd3ag3EsoQXEMJfUQ2gQ12VfPyiTSoyyY2stgVsEEg6QPlWIqAbj0u%2BNiVYgjXAZcTGP9vCZrXgCu9j6Iv2C%2B0e3r0IeYO3hpYFpqBr0Y6FXigh2k%2B%2F3BRPwOyKQI"}],"group":"cf-nel","max_age":604800}', 'NEL': '{"success_fraction":0,"report_to":"cf-nel","max_age":604800}', 'Server': 'cloudflare', 'CF-RAY': '8a52c29abbe113b9-IAD', 'alt-svc': 'h3=":443"; ma=86400'} 
 body={"results":[{"gender":"male","name":{"title":"Mr","first":"James","last":"Clark"},"location":{"street":{"number":8574,"name":"St. Lawrence Ave"},"city":"Killarney","state":"Yukon","country":"Canada","postcode":"O4I 1K0","coordinates":{"latitude":"-69.8374","longitude":"-96.2234"},"timezone":{"offset":"+9:00","description":"Tokyo, Seoul, Osaka, Sapporo, Yakutsk"}},"email":"james.clark@example.com","login":{"uuid":"73edd7f7-a11a-4013-9cf0-380b7571da62","username":"yellowbear309","password":"shojou","salt":"NhdOdflI","md5":"61606307da75f4ca2e2c8cc10107a937","sha1":"8c0b893d335aa0c26c6287a169e48667bb0ee0a5","sha256":"fa356d6462f62dbda87a171b414cb6ae3e19c92391608be7739cdaa1cc4b0517"},"dob":{"date":"1975-12-23T17:11:16.719Z","age":48},"registered":{"date":"2003-01-07T08:15:15.601Z","age":21},"phone":"M34 B86-3100","cell":"M07 K93-7047","id":{"name":"SIN","value":"384582631"},"picture":{"large":"https://randomuser.me/api/portraits/men/70.jpg","medium":"https://randomuser.me/api/portraits/med/men/70.jpg","thumbnail":"https://randomuser.me/api/portraits/thumb/men/70.jpg"},"nat":"CA"}],"info":{"seed":"5a789852e8edc284","results":1,"page":1,"version":"1.4"}} 
 </msg>
<msg time="2024-07-18T13:18:52.661168" level="INFO">/opt/hostedtoolcache/Python/3.12.4/x64/lib/python3.12/site-packages/urllib3/connectionpool.py:1099: InsecureRequestWarning: Unverified HTTPS request is being made to host 'randomuser.me'. Adding certificate verification is strongly advised. See: https://urllib3.readthedocs.io/en/latest/advanced-usage.html#tls-warnings
  warnings.warn(</msg>
<msg time="2024-07-18T13:18:52.661331" level="INFO">${response} = &lt;Response [200]&gt;</msg>
<var>${response}</var>
<arg>consultarAPI</arg>
<arg>/api</arg>
<doc>Sends a GET request on a previously created HTTP Session.</doc>
<status status="PASS" start="2024-07-18T13:18:52.404845" elapsed="0.256520"/>
</kw>
<kw name="Should Be Equal As Numbers" owner="BuiltIn">
<msg time="2024-07-18T13:18:52.662378" level="INFO">Argument types are:
&lt;class 'int'&gt;
&lt;class 'str'&gt;</msg>
<arg>${response.status_code}</arg>
<arg>200</arg>
<doc>Fails if objects are unequal after converting them to real numbers.</doc>
<status status="PASS" start="2024-07-18T13:18:52.661908" elapsed="0.000536"/>
</kw>
<kw name="Log" owner="BuiltIn">
<msg time="2024-07-18T13:18:52.663144" level="INFO">200</msg>
<arg>${response.status_code}</arg>
<doc>Logs the given message with the given level.</doc>
<status status="PASS" start="2024-07-18T13:18:52.662777" elapsed="0.000414"/>
</kw>
<kw name="Set Variable" owner="BuiltIn">
<msg time="2024-07-18T13:18:52.663941" level="INFO">${json_data} = {'results': [{'gender': 'male', 'name': {'title': 'Mr', 'first': 'James', 'last': 'Clark'}, 'location': {'street': {'number': 8574, 'name': 'St. Lawrence Ave'}, 'city': 'Killarney', 'state': 'Yukon', ...</msg>
<var>${json_data}</var>
<arg>${response.json()}</arg>
<doc>Returns the given values which can then be assigned to a variables.</doc>
<status status="PASS" start="2024-07-18T13:18:52.663500" elapsed="0.000469"/>
</kw>
<kw name="Dictionary Should Contain Key" owner="Collections">
<arg>${json_data}</arg>
<arg>results</arg>
<doc>Fails if ``key`` is not found from ``dictionary``.</doc>
<status status="PASS" start="2024-07-18T13:18:52.664267" elapsed="0.000334"/>
</kw>
<status status="PASS" start="2024-07-18T13:18:52.404391" elapsed="0.260368"/>
</kw>
<doc>Testa se a API responde corretamente e retorna um objeto JSON válido.</doc>
<tag>testeRequisicaoBasica</tag>
<status status="PASS" start="2024-07-18T13:18:52.403642" elapsed="0.261351"/>
</test>
<test id="s1-s1-t3" name="Validar estrutura de resposta" line="22">
<kw name="Teste de Estrutura de Resposta" owner="random-user-service">
<kw name="GET On Session" owner="RequestsLibrary">
<msg time="2024-07-18T13:18:52.752812" level="INFO">GET Request : url=https://randomuser.me/api 
 path_url=/api 
 headers={'User-Agent': 'python-requests/2.32.3', 'Accept-Encoding': 'gzip, deflate', 'Accept': '*/*', 'Connection': 'keep-alive'} 
 body=None 
 </msg>
<msg time="2024-07-18T13:18:52.752920" level="INFO">GET Response : url=https://randomuser.me/api 
 status=200, reason=OK 
 headers={'Date': 'Thu, 18 Jul 2024 13:18:52 GMT', 'Content-Type': 'application/json; charset=utf-8', 'Transfer-Encoding': 'chunked', 'Connection': 'keep-alive', 'X-Powered-By': 'Express', 'Access-Control-Allow-Origin': '*', 'Cache-Control': 'no-cache', 'ETag': 'W/"490-Yg+uURwzHAxq5+znQFRDktITnlI"', 'Vary': 'Accept-Encoding', 'Content-Encoding': 'gzip', 'CF-Cache-Status': 'DYNAMIC', 'Report-To': '{"endpoints":[{"url":"https:\\/\\/a.nel.cloudflare.com\\/report\\/v4?s=EtBeDbZ2bGEmAig8TkZ9VdTManMQ8YiieN7ozLUbpWEXx3L1Aux7coMcCc8qrqpu0%2BMUbQ4rQl9vk%2B8l%2BbCcUSTgcV1UeTo9%2BE2I2%2F1y3HDhIMJU9c3wltsVQWDMyd6C"}],"group":"cf-nel","max_age":604800}', 'NEL': '{"success_fraction":0,"report_to":"cf-nel","max_age":604800}', 'Server': 'cloudflare', 'CF-RAY': '8a52c29b2c2f13b9-IAD', 'alt-svc': 'h3=":443"; ma=86400'} 
 body={"results":[{"gender":"male","name":{"title":"Mr","first":"William","last":"Christensen"},"location":{"street":{"number":3829,"name":"Klydevej"},"city":"Kvistgaard","state":"Nordjylland","country":"Denmark","postcode":90091,"coordinates":{"latitude":"-44.0053","longitude":"-40.9598"},"timezone":{"offset":"+10:00","description":"Eastern Australia, Guam, Vladivostok"}},"email":"william.christensen@example.com","login":{"uuid":"f1f6669e-c0f1-487a-8455-16a9799104ac","username":"greenfrog204","password":"cyrus","salt":"Wb8fHDQs","md5":"8e0c4639ecbaa42116132d7821d0fece","sha1":"2911146d2c9b8e6dc01a43fbb3744e3c288b732b","sha256":"32866b99cfac3e272b25c873b06857e24a1d26b144714a7ed0548db8f4275aa9"},"dob":{"date":"1966-07-31T03:18:26.415Z","age":57},"registered":{"date":"2014-11-29T07:10:14.271Z","age":9},"phone":"46500268","cell":"27903984","id":{"name":"CPR","value":"300766-7647"},"picture":{"large":"https://randomuser.me/api/portraits/men/60.jpg","medium":"https://randomuser.me/api/portraits/med/men/60.jpg","thumbnail":"https://randomuser.me/api/portraits/thumb/men/60.jpg"},"nat":"DK"}],"info":{"seed":"5c03204c3fe490f5","results":1,"page":1,"version":"1.4"}} 
 </msg>
<msg time="2024-07-18T13:18:52.753060" level="INFO">/opt/hostedtoolcache/Python/3.12.4/x64/lib/python3.12/site-packages/urllib3/connectionpool.py:1099: InsecureRequestWarning: Unverified HTTPS request is being made to host 'randomuser.me'. Adding certificate verification is strongly advised. See: https://urllib3.readthedocs.io/en/latest/advanced-usage.html#tls-warnings
  warnings.warn(</msg>
<msg time="2024-07-18T13:18:52.753205" level="INFO">${response} = &lt;Response [200]&gt;</msg>
<var>${response}</var>
<arg>consultarAPI</arg>
<arg>/api</arg>
<doc>Sends a GET request on a previously created HTTP Session.</doc>
<status status="PASS" start="2024-07-18T13:18:52.668026" elapsed="0.085221"/>
</kw>
<kw name="Set Variable" owner="BuiltIn">
<msg time="2024-07-18T13:18:52.754288" level="INFO">${json_data} = {'results': [{'gender': 'male', 'name': {'title': 'Mr', 'first': 'William', 'last': 'Christensen'}, 'location': {'street': {'number': 3829, 'name': 'Klydevej'}, 'city': 'Kvistgaard', 'state': 'Nordjyl...</msg>
<var>${json_data}</var>
<arg>${response.json()}</arg>
<doc>Returns the given values which can then be assigned to a variables.</doc>
<status status="PASS" start="2024-07-18T13:18:52.753773" elapsed="0.000544"/>
</kw>
<kw name="Log" owner="BuiltIn">
<msg time="2024-07-18T13:18:52.754795" level="INFO">{'results': [{'gender': 'male', 'name': {'title': 'Mr', 'first': 'William', 'last': 'Christensen'}, 'location': {'street': {'number': 3829, 'name': 'Klydevej'}, 'city': 'Kvistgaard', 'state': 'Nordjylland', 'country': 'Denmark', 'postcode': 90091, 'coordinates': {'latitude': '-44.0053', 'longitude': '-40.9598'}, 'timezone': {'offset': '+10:00', 'description': 'Eastern Australia, Guam, Vladivostok'}}, 'email': 'william.christensen@example.com', 'login': {'uuid': 'f1f6669e-c0f1-487a-8455-16a9799104ac', 'username': 'greenfrog204', 'password': 'cyrus', 'salt': 'Wb8fHDQs', 'md5': '8e0c4639ecbaa42116132d7821d0fece', 'sha1': '2911146d2c9b8e6dc01a43fbb3744e3c288b732b', 'sha256': '32866b99cfac3e272b25c873b06857e24a1d26b144714a7ed0548db8f4275aa9'}, 'dob': {'date': '1966-07-31T03:18:26.415Z', 'age': 57}, 'registered': {'date': '2014-11-29T07:10:14.271Z', 'age': 9}, 'phone': '46500268', 'cell': '27903984', 'id': {'name': 'CPR', 'value': '300766-7647'}, 'picture': {'large': 'https://randomuser.me/api/portraits/men/60.jpg', 'medium': 'https://randomuser.me/api/portraits/med/men/60.jpg', 'thumbnail': 'https://randomuser.me/api/portraits/thumb/men/60.jpg'}, 'nat': 'DK'}], 'info': {'seed': '5c03204c3fe490f5', 'results': 1, 'page': 1, 'version': '1.4'}}</msg>
<arg>${json_data}</arg>
<doc>Logs the given message with the given level.</doc>
<status status="PASS" start="2024-07-18T13:18:52.754634" elapsed="0.000211"/>
</kw>
<kw name="Dictionary Should Contain Key" owner="Collections">
<arg>${json_data}</arg>
<arg>results</arg>
<doc>Fails if ``key`` is not found from ``dictionary``.</doc>
<status status="PASS" start="2024-07-18T13:18:52.755142" elapsed="0.000162"/>
</kw>
<kw name="Should Not Be Empty" owner="BuiltIn">
<msg time="2024-07-18T13:18:52.755629" level="INFO">Length is 2.</msg>
<arg>${json_data}</arg>
<doc>Verifies that the given item is not empty.</doc>
<status status="PASS" start="2024-07-18T13:18:52.755498" elapsed="0.000170"/>
</kw>
<kw name="Create List" owner="BuiltIn">
<msg time="2024-07-18T13:18:52.756111" level="INFO">${expected_keys} = ['gender', 'name', 'location', 'email', 'login']</msg>
<var>${expected_keys}</var>
<arg>gender</arg>
<arg>name</arg>
<arg>location</arg>
<arg>email</arg>
<arg>login</arg>
<doc>Returns a list containing given items.</doc>
<status status="PASS" start="2024-07-18T13:18:52.755960" elapsed="0.000176"/>
</kw>
<for flavor="IN">
<iter>
<kw name="Dictionary Should Contain Key" owner="Collections">
<arg>${json_data['results'][0]}</arg>
<arg>${key}</arg>
<doc>Fails if ``key`` is not found from ``dictionary``.</doc>
<status status="PASS" start="2024-07-18T13:18:52.756727" elapsed="0.000475"/>
</kw>
<kw name="Log" owner="BuiltIn">
<msg time="2024-07-18T13:18:52.757757" level="INFO">{'gender': 'male', 'name': {'title': 'Mr', 'first': 'William', 'last': 'Christensen'}, 'location': {'street': {'number': 3829, 'name': 'Klydevej'}, 'city': 'Kvistgaard', 'state': 'Nordjylland', 'country': 'Denmark', 'postcode': 90091, 'coordinates': {'latitude': '-44.0053', 'longitude': '-40.9598'}, 'timezone': {'offset': '+10:00', 'description': 'Eastern Australia, Guam, Vladivostok'}}, 'email': 'william.christensen@example.com', 'login': {'uuid': 'f1f6669e-c0f1-487a-8455-16a9799104ac', 'username': 'greenfrog204', 'password': 'cyrus', 'salt': 'Wb8fHDQs', 'md5': '8e0c4639ecbaa42116132d7821d0fece', 'sha1': '2911146d2c9b8e6dc01a43fbb3744e3c288b732b', 'sha256': '32866b99cfac3e272b25c873b06857e24a1d26b144714a7ed0548db8f4275aa9'}, 'dob': {'date': '1966-07-31T03:18:26.415Z', 'age': 57}, 'registered': {'date': '2014-11-29T07:10:14.271Z', 'age': 9}, 'phone': '46500268', 'cell': '27903984', 'id': {'name': 'CPR', 'value': '300766-7647'}, 'picture': {'large': 'https://randomuser.me/api/portraits/men/60.jpg', 'medium': 'https://randomuser.me/api/portraits/med/men/60.jpg', 'thumbnail': 'https://randomuser.me/api/portraits/thumb/men/60.jpg'}, 'nat': 'DK'}</msg>
<arg>${json_data['results'][0]}</arg>
<doc>Logs the given message with the given level.</doc>
<status status="PASS" start="2024-07-18T13:18:52.757395" elapsed="0.000412"/>
</kw>
<kw name="Log" owner="BuiltIn">
<msg time="2024-07-18T13:18:52.758233" level="INFO">gender</msg>
<arg>${key}</arg>
<doc>Logs the given message with the given level.</doc>
<status status="PASS" start="2024-07-18T13:18:52.758106" elapsed="0.000166"/>
</kw>
<var name="${key}">gender</var>
<status status="PASS" start="2024-07-18T13:18:52.756603" elapsed="0.001891"/>
</iter>
<iter>
<kw name="Dictionary Should Contain Key" owner="Collections">
<arg>${json_data['results'][0]}</arg>
<arg>${key}</arg>
<doc>Fails if ``key`` is not found from ``dictionary``.</doc>
<status status="PASS" start="2024-07-18T13:18:52.758793" elapsed="0.000396"/>
</kw>
<kw name="Log" owner="BuiltIn">
<msg time="2024-07-18T13:18:52.759752" level="INFO">{'gender': 'male', 'name': {'title': 'Mr', 'first': 'William', 'last': 'Christensen'}, 'location': {'street': {'number': 3829, 'name': 'Klydevej'}, 'city': 'Kvistgaard', 'state': 'Nordjylland', 'country': 'Denmark', 'postcode': 90091, 'coordinates': {'latitude': '-44.0053', 'longitude': '-40.9598'}, 'timezone': {'offset': '+10:00', 'description': 'Eastern Australia, Guam, Vladivostok'}}, 'email': 'william.christensen@example.com', 'login': {'uuid': 'f1f6669e-c0f1-487a-8455-16a9799104ac', 'username': 'greenfrog204', 'password': 'cyrus', 'salt': 'Wb8fHDQs', 'md5': '8e0c4639ecbaa42116132d7821d0fece', 'sha1': '2911146d2c9b8e6dc01a43fbb3744e3c288b732b', 'sha256': '32866b99cfac3e272b25c873b06857e24a1d26b144714a7ed0548db8f4275aa9'}, 'dob': {'date': '1966-07-31T03:18:26.415Z', 'age': 57}, 'registered': {'date': '2014-11-29T07:10:14.271Z', 'age': 9}, 'phone': '46500268', 'cell': '27903984', 'id': {'name': 'CPR', 'value': '300766-7647'}, 'picture': {'large': 'https://randomuser.me/api/portraits/men/60.jpg', 'medium': 'https://randomuser.me/api/portraits/med/men/60.jpg', 'thumbnail': 'https://randomuser.me/api/portraits/thumb/men/60.jpg'}, 'nat': 'DK'}</msg>
<arg>${json_data['results'][0]}</arg>
<doc>Logs the given message with the given level.</doc>
<status status="PASS" start="2024-07-18T13:18:52.759379" elapsed="0.000457"/>
</kw>
<kw name="Log" owner="BuiltIn">
<msg time="2024-07-18T13:18:52.760265" level="INFO">name</msg>
<arg>${key}</arg>
<doc>Logs the given message with the given level.</doc>
<status status="PASS" start="2024-07-18T13:18:52.760138" elapsed="0.000166"/>
</kw>
<var name="${key}">name</var>
<status status="PASS" start="2024-07-18T13:18:52.758683" elapsed="0.001837"/>
</iter>
<iter>
<kw name="Dictionary Should Contain Key" owner="Collections">
<arg>${json_data['results'][0]}</arg>
<arg>${key}</arg>
<doc>Fails if ``key`` is not found from ``dictionary``.</doc>
<status status="PASS" start="2024-07-18T13:18:52.760837" elapsed="0.000388"/>
</kw>
<kw name="Log" owner="BuiltIn">
<msg time="2024-07-18T13:18:52.761772" level="INFO">{'gender': 'male', 'name': {'title': 'Mr', 'first': 'William', 'last': 'Christensen'}, 'location': {'street': {'number': 3829, 'name': 'Klydevej'}, 'city': 'Kvistgaard', 'state': 'Nordjylland', 'country': 'Denmark', 'postcode': 90091, 'coordinates': {'latitude': '-44.0053', 'longitude': '-40.9598'}, 'timezone': {'offset': '+10:00', 'description': 'Eastern Australia, Guam, Vladivostok'}}, 'email': 'william.christensen@example.com', 'login': {'uuid': 'f1f6669e-c0f1-487a-8455-16a9799104ac', 'username': 'greenfrog204', 'password': 'cyrus', 'salt': 'Wb8fHDQs', 'md5': '8e0c4639ecbaa42116132d7821d0fece', 'sha1': '2911146d2c9b8e6dc01a43fbb3744e3c288b732b', 'sha256': '32866b99cfac3e272b25c873b06857e24a1d26b144714a7ed0548db8f4275aa9'}, 'dob': {'date': '1966-07-31T03:18:26.415Z', 'age': 57}, 'registered': {'date': '2014-11-29T07:10:14.271Z', 'age': 9}, 'phone': '46500268', 'cell': '27903984', 'id': {'name': 'CPR', 'value': '300766-7647'}, 'picture': {'large': 'https://randomuser.me/api/portraits/men/60.jpg', 'medium': 'https://randomuser.me/api/portraits/med/men/60.jpg', 'thumbnail': 'https://randomuser.me/api/portraits/thumb/men/60.jpg'}, 'nat': 'DK'}</msg>
<arg>${json_data['results'][0]}</arg>
<doc>Logs the given message with the given level.</doc>
<status status="PASS" start="2024-07-18T13:18:52.761420" elapsed="0.000401"/>
</kw>
<kw name="Log" owner="BuiltIn">
<msg time="2024-07-18T13:18:52.762242" level="INFO">location</msg>
<arg>${key}</arg>
<doc>Logs the given message with the given level.</doc>
<status status="PASS" start="2024-07-18T13:18:52.762116" elapsed="0.000164"/>
</kw>
<var name="${key}">location</var>
<status status="PASS" start="2024-07-18T13:18:52.760697" elapsed="0.001799"/>
</iter>
<iter>
<kw name="Dictionary Should Contain Key" owner="Collections">
<arg>${json_data['results'][0]}</arg>
<arg>${key}</arg>
<doc>Fails if ``key`` is not found from ``dictionary``.</doc>
<status status="PASS" start="2024-07-18T13:18:52.762773" elapsed="0.000383"/>
</kw>
<kw name="Log" owner="BuiltIn">
<msg time="2024-07-18T13:18:52.763827" level="INFO">{'gender': 'male', 'name': {'title': 'Mr', 'first': 'William', 'last': 'Christensen'}, 'location': {'street': {'number': 3829, 'name': 'Klydevej'}, 'city': 'Kvistgaard', 'state': 'Nordjylland', 'country': 'Denmark', 'postcode': 90091, 'coordinates': {'latitude': '-44.0053', 'longitude': '-40.9598'}, 'timezone': {'offset': '+10:00', 'description': 'Eastern Australia, Guam, Vladivostok'}}, 'email': 'william.christensen@example.com', 'login': {'uuid': 'f1f6669e-c0f1-487a-8455-16a9799104ac', 'username': 'greenfrog204', 'password': 'cyrus', 'salt': 'Wb8fHDQs', 'md5': '8e0c4639ecbaa42116132d7821d0fece', 'sha1': '2911146d2c9b8e6dc01a43fbb3744e3c288b732b', 'sha256': '32866b99cfac3e272b25c873b06857e24a1d26b144714a7ed0548db8f4275aa9'}, 'dob': {'date': '1966-07-31T03:18:26.415Z', 'age': 57}, 'registered': {'date': '2014-11-29T07:10:14.271Z', 'age': 9}, 'phone': '46500268', 'cell': '27903984', 'id': {'name': 'CPR', 'value': '300766-7647'}, 'picture': {'large': 'https://randomuser.me/api/portraits/men/60.jpg', 'medium': 'https://randomuser.me/api/portraits/med/men/60.jpg', 'thumbnail': 'https://randomuser.me/api/portraits/thumb/men/60.jpg'}, 'nat': 'DK'}</msg>
<arg>${json_data['results'][0]}</arg>
<doc>Logs the given message with the given level.</doc>
<status status="PASS" start="2024-07-18T13:18:52.763473" elapsed="0.000403"/>
</kw>
<kw name="Log" owner="BuiltIn">
<msg time="2024-07-18T13:18:52.764302" level="INFO">email</msg>
<arg>${key}</arg>
<doc>Logs the given message with the given level.</doc>
<status status="PASS" start="2024-07-18T13:18:52.764174" elapsed="0.000166"/>
</kw>
<var name="${key}">email</var>
<status status="PASS" start="2024-07-18T13:18:52.762667" elapsed="0.001892"/>
</iter>
<iter>
<kw name="Dictionary Should Contain Key" owner="Collections">
<arg>${json_data['results'][0]}</arg>
<arg>${key}</arg>
<doc>Fails if ``key`` is not found from ``dictionary``.</doc>
<status status="PASS" start="2024-07-18T13:18:52.764872" elapsed="0.000384"/>
</kw>
<kw name="Log" owner="BuiltIn">
<msg time="2024-07-18T13:18:52.765793" level="INFO">{'gender': 'male', 'name': {'title': 'Mr', 'first': 'William', 'last': 'Christensen'}, 'location': {'street': {'number': 3829, 'name': 'Klydevej'}, 'city': 'Kvistgaard', 'state': 'Nordjylland', 'country': 'Denmark', 'postcode': 90091, 'coordinates': {'latitude': '-44.0053', 'longitude': '-40.9598'}, 'timezone': {'offset': '+10:00', 'description': 'Eastern Australia, Guam, Vladivostok'}}, 'email': 'william.christensen@example.com', 'login': {'uuid': 'f1f6669e-c0f1-487a-8455-16a9799104ac', 'username': 'greenfrog204', 'password': 'cyrus', 'salt': 'Wb8fHDQs', 'md5': '8e0c4639ecbaa42116132d7821d0fece', 'sha1': '2911146d2c9b8e6dc01a43fbb3744e3c288b732b', 'sha256': '32866b99cfac3e272b25c873b06857e24a1d26b144714a7ed0548db8f4275aa9'}, 'dob': {'date': '1966-07-31T03:18:26.415Z', 'age': 57}, 'registered': {'date': '2014-11-29T07:10:14.271Z', 'age': 9}, 'phone': '46500268', 'cell': '27903984', 'id': {'name': 'CPR', 'value': '300766-7647'}, 'picture': {'large': 'https://randomuser.me/api/portraits/men/60.jpg', 'medium': 'https://randomuser.me/api/portraits/med/men/60.jpg', 'thumbnail': 'https://randomuser.me/api/portraits/thumb/men/60.jpg'}, 'nat': 'DK'}</msg>
<arg>${json_data['results'][0]}</arg>
<doc>Logs the given message with the given level.</doc>
<status status="PASS" start="2024-07-18T13:18:52.765441" elapsed="0.000399"/>
</kw>
<kw name="Log" owner="BuiltIn">
<msg time="2024-07-18T13:18:52.766260" level="INFO">login</msg>
<arg>${key}</arg>
<doc>Logs the given message with the given level.</doc>
<status status="PASS" start="2024-07-18T13:18:52.766134" elapsed="0.000163"/>
</kw>
<var name="${key}">login</var>
<status status="PASS" start="2024-07-18T13:18:52.764730" elapsed="0.001782"/>
</iter>
<var>${key}</var>
<value>@{expected_keys}</value>
<status status="PASS" start="2024-07-18T13:18:52.756405" elapsed="0.010229"/>
</for>
<kw name="Create List" owner="BuiltIn">
<msg time="2024-07-18T13:18:52.766964" level="INFO">${expected_keysTwo} = ['username', 'password']</msg>
<var>${expected_keysTwo}</var>
<arg>username</arg>
<arg>password</arg>
<doc>Returns a list containing given items.</doc>
<status status="PASS" start="2024-07-18T13:18:52.766830" elapsed="0.000188"/>
</kw>
<for flavor="IN">
<iter>
<kw name="Dictionary Should Contain Key" owner="Collections">
<arg>${json_data['results'][0]['login']}</arg>
<arg>${keyTwo}</arg>
<doc>Fails if ``key`` is not found from ``dictionary``.</doc>
<status status="PASS" start="2024-07-18T13:18:52.767530" elapsed="0.000388"/>
</kw>
<kw name="Dictionary Should Contain Key" owner="Collections">
<arg>${json_data['results'][0]['login']}</arg>
<arg>${keyTwo}</arg>
<doc>Fails if ``key`` is not found from ``dictionary``.</doc>
<status status="PASS" start="2024-07-18T13:18:52.768101" elapsed="0.000382"/>
</kw>
<kw name="Log" owner="BuiltIn">
<msg time="2024-07-18T13:18:52.768812" level="INFO">username</msg>
<arg>${keyTwo}</arg>
<doc>Logs the given message with the given level.</doc>
<status status="PASS" start="2024-07-18T13:18:52.768663" elapsed="0.000191"/>
</kw>
<var name="${keyTwo}">username</var>
<status status="PASS" start="2024-07-18T13:18:52.767425" elapsed="0.001654"/>
</iter>
<iter>
<kw name="Dictionary Should Contain Key" owner="Collections">
<arg>${json_data['results'][0]['login']}</arg>
<arg>${keyTwo}</arg>
<doc>Fails if ``key`` is not found from ``dictionary``.</doc>
<status status="PASS" start="2024-07-18T13:18:52.769356" elapsed="0.000392"/>
</kw>
<kw name="Dictionary Should Contain Key" owner="Collections">
<arg>${json_data['results'][0]['login']}</arg>
<arg>${keyTwo}</arg>
<doc>Fails if ``key`` is not found from ``dictionary``.</doc>
<status status="PASS" start="2024-07-18T13:18:52.769930" elapsed="0.000368"/>
</kw>
<kw name="Log" owner="BuiltIn">
<msg time="2024-07-18T13:18:52.770601" level="INFO">password</msg>
<arg>${keyTwo}</arg>
<doc>Logs the given message with the given level.</doc>
<status status="PASS" start="2024-07-18T13:18:52.770481" elapsed="0.000157"/>
</kw>
<var name="${keyTwo}">password</var>
<status status="PASS" start="2024-07-18T13:18:52.769250" elapsed="0.001609"/>
</iter>
<var>${keyTwo}</var>
<value>@{expected_keysTwo}</value>
<status status="PASS" start="2024-07-18T13:18:52.767268" elapsed="0.003712"/>
</for>
<status status="PASS" start="2024-07-18T13:18:52.667666" elapsed="0.103457"/>
</kw>
<doc>Testa a estrutura da resposta da API.</doc>
<tag>testeEstruturaResposta</tag>
<status status="PASS" start="2024-07-18T13:18:52.666859" elapsed="0.104424"/>
</test>
<test id="s1-s1-t4" name="Validar tipos de dados" line="28">
<kw name="Teste de Tipos de Dados" owner="random-user-service">
<kw name="GET On Session" owner="RequestsLibrary">
<msg time="2024-07-18T13:18:52.846481" level="INFO">GET Request : url=https://randomuser.me/api 
 path_url=/api 
 headers={'User-Agent': 'python-requests/2.32.3', 'Accept-Encoding': 'gzip, deflate', 'Accept': '*/*', 'Connection': 'keep-alive'} 
 body=None 
 </msg>
<msg time="2024-07-18T13:18:52.846585" level="INFO">GET Response : url=https://randomuser.me/api 
 status=200, reason=OK 
 headers={'Date': 'Thu, 18 Jul 2024 13:18:52 GMT', 'Content-Type': 'application/json; charset=utf-8', 'Transfer-Encoding': 'chunked', 'Connection': 'keep-alive', 'X-Powered-By': 'Express', 'Access-Control-Allow-Origin': '*', 'Cache-Control': 'no-cache', 'ETag': 'W/"492-Bx89hxTvsuKGXpL7MgzY0pRVGvY"', 'Vary': 'Accept-Encoding', 'Content-Encoding': 'gzip', 'CF-Cache-Status': 'DYNAMIC', 'Report-To': '{"endpoints":[{"url":"https:\\/\\/a.nel.cloudflare.com\\/report\\/v4?s=MHh5AymKn33mO14YXn57%2FARVbZNn1gPfFxVF0BQYB%2FHSuArWACIOAg40iR403h4WH8LMY%2FVVgbHUwHddglKzL00olb5sIQfN2h2gKyJDOGMinzJY1bl%2FfzaMRs3G%2B1Gh"}],"group":"cf-nel","max_age":604800}', 'NEL': '{"success_fraction":0,"report_to":"cf-nel","max_age":604800}', 'Server': 'cloudflare', 'CF-RAY': '8a52c29bdca713b9-IAD', 'alt-svc': 'h3=":443"; ma=86400'} 
 body={"results":[{"gender":"female","name":{"title":"Mrs","first":"آدرینا","last":"احمدی"},"location":{"street":{"number":7487,"name":"موسیوند"},"city":"ایلام","state":"قم","country":"Iran","postcode":26058,"coordinates":{"latitude":"15.9159","longitude":"80.6228"},"timezone":{"offset":"+9:00","description":"Tokyo, Seoul, Osaka, Sapporo, Yakutsk"}},"email":"adryn.hmdy@example.com","login":{"uuid":"009eba29-27bc-4740-8f81-837732158faf","username":"beautifullion277","password":"lobster","salt":"DQUEpcs9","md5":"655ffbd627f31e195dfa94ff55973f7f","sha1":"e9a6a2bf682ee0d94512277097ffca47447931aa","sha256":"d5a80632e47c0bc41397b1c3649fbf046baff67f885503947389a39d86883b5b"},"dob":{"date":"1971-11-25T18:34:07.379Z","age":52},"registered":{"date":"2011-01-18T12:36:13.788Z","age":13},"phone":"011-35969798","cell":"0929-781-7235","id":{"name":"","value":null},"picture":{"large":"https://randomuser.me/api/portraits/women/21.jpg","medium":"https://randomuser.me/api/portraits/med/women/21.jpg","thumbnail":"https://randomuser.me/api/portraits/thumb/women/21.jpg"},"nat":"IR"}],"info":{"seed":"80ee1f1f149d17f8","results":1,"page":1,"version":"1.4"}} 
 </msg>
<msg time="2024-07-18T13:18:52.846663" level="INFO">/opt/hostedtoolcache/Python/3.12.4/x64/lib/python3.12/site-packages/urllib3/connectionpool.py:1099: InsecureRequestWarning: Unverified HTTPS request is being made to host 'randomuser.me'. Adding certificate verification is strongly advised. See: https://urllib3.readthedocs.io/en/latest/advanced-usage.html#tls-warnings
  warnings.warn(</msg>
<msg time="2024-07-18T13:18:52.846805" level="INFO">${response} = &lt;Response [200]&gt;</msg>
<var>${response}</var>
<arg>consultarAPI</arg>
<arg>/api</arg>
<doc>Sends a GET request on a previously created HTTP Session.</doc>
<status status="PASS" start="2024-07-18T13:18:52.773815" elapsed="0.073035"/>
</kw>
<kw name="Set Variable" owner="BuiltIn">
<msg time="2024-07-18T13:18:52.847956" level="INFO">${json_data} = {'results': [{'gender': 'female', 'name': {'title': 'Mrs', 'first': 'آدرینا', 'last': 'احمدی'}, 'location': {'street': {'number': 7487, 'name': 'موسیوند'}, 'city': 'ایلام', 'state': 'قم', 'country': '...</msg>
<var>${json_data}</var>
<arg>${response.json()}</arg>
<doc>Returns the given values which can then be assigned to a variables.</doc>
<status status="PASS" start="2024-07-18T13:18:52.847411" elapsed="0.000575"/>
</kw>
<kw name="Log" owner="BuiltIn">
<msg time="2024-07-18T13:18:52.848484" level="INFO">{'results': [{'gender': 'female', 'name': {'title': 'Mrs', 'first': 'آدرینا', 'last': 'احمدی'}, 'location': {'street': {'number': 7487, 'name': 'موسیوند'}, 'city': 'ایلام', 'state': 'قم', 'country': 'Iran', 'postcode': 26058, 'coordinates': {'latitude': '15.9159', 'longitude': '80.6228'}, 'timezone': {'offset': '+9:00', 'description': 'Tokyo, Seoul, Osaka, Sapporo, Yakutsk'}}, 'email': 'adryn.hmdy@example.com', 'login': {'uuid': '009eba29-27bc-4740-8f81-837732158faf', 'username': 'beautifullion277', 'password': 'lobster', 'salt': 'DQUEpcs9', 'md5': '655ffbd627f31e195dfa94ff55973f7f', 'sha1': 'e9a6a2bf682ee0d94512277097ffca47447931aa', 'sha256': 'd5a80632e47c0bc41397b1c3649fbf046baff67f885503947389a39d86883b5b'}, 'dob': {'date': '1971-11-25T18:34:07.379Z', 'age': 52}, 'registered': {'date': '2011-01-18T12:36:13.788Z', 'age': 13}, 'phone': '011-35969798', 'cell': '0929-781-7235', 'id': {'name': '', 'value': None}, 'picture': {'large': 'https://randomuser.me/api/portraits/women/21.jpg', 'medium': 'https://randomuser.me/api/portraits/med/women/21.jpg', 'thumbnail': 'https://randomuser.me/api/portraits/thumb/women/21.jpg'}, 'nat': 'IR'}], 'info': {'seed': '80ee1f1f149d17f8', 'results': 1, 'page': 1, 'version': '1.4'}}</msg>
<arg>${json_data}</arg>
<doc>Logs the given message with the given level.</doc>
<status status="PASS" start="2024-07-18T13:18:52.848314" elapsed="0.000223"/>
</kw>
<kw name="Should Be String" owner="String">
<arg>${json_data['results'][0]['gender']}</arg>
<doc>Fails if the given ``item`` is not a string.</doc>
<status status="PASS" start="2024-07-18T13:18:52.848875" elapsed="0.000377"/>
</kw>
<kw name="Should Match Regexp" owner="BuiltIn">
<arg>${json_data['results'][0]['email']}</arg>
<arg>^[a-zA-Z0-9._%+-]+@[a-zA-Z0-9.-]+\.[a-zA-Z]{2,}$</arg>
<doc>Fails if ``string`` does not match ``pattern`` as a regular expression.</doc>
<status status="PASS" start="2024-07-18T13:18:52.849443" elapsed="0.000573"/>
</kw>
<kw name="Should Match Regexp" owner="BuiltIn">
<arg>${json_data['results'][0]['dob']['date']}</arg>
<arg>\\d{4}-\\d{2}-\\d{2}T\\d{2}:\\d{2}:\\d{2}\\.\\d{3}Z</arg>
<doc>Fails if ``string`` does not match ``pattern`` as a regular expression.</doc>
<status status="PASS" start="2024-07-18T13:18:52.850215" elapsed="0.000659"/>
</kw>
<kw name="Should Match Regexp" owner="BuiltIn">
<arg>${json_data['results'][0]['registered']['date']}</arg>
<arg>\\d{4}-\\d{2}-\\d{2}T\\d{2}:\\d{2}:\\d{2}\\.\\d{3}Z</arg>
<doc>Fails if ``string`` does not match ``pattern`` as a regular expression.</doc>
<status status="PASS" start="2024-07-18T13:18:52.851073" elapsed="0.000383"/>
</kw>
<kw name="Should Match Regexp" owner="BuiltIn">
<arg>${json_data['results'][0]['picture']['large']}</arg>
<arg>^https?://.*\.(?:png|jpe?g|gif|bmp)$</arg>
<doc>Fails if ``string`` does not match ``pattern`` as a regular expression.</doc>
<status status="PASS" start="2024-07-18T13:18:52.851645" elapsed="0.000464"/>
</kw>
<kw name="Should Match Regexp" owner="BuiltIn">
<arg>${json_data['results'][0]['picture']['medium']}</arg>
<arg>^https?://.*\.(?:png|jpe?g|gif|bmp)$</arg>
<doc>Fails if ``string`` does not match ``pattern`` as a regular expression.</doc>
<status status="PASS" start="2024-07-18T13:18:52.852299" elapsed="0.000358"/>
</kw>
<kw name="Should Match Regexp" owner="BuiltIn">
<arg>${json_data['results'][0]['picture']['thumbnail']}</arg>
<arg>^https?://.*\.(?:png|jpe?g|gif|bmp)$</arg>
<doc>Fails if ``string`` does not match ``pattern`` as a regular expression.</doc>
<status status="PASS" start="2024-07-18T13:18:52.852871" elapsed="0.000362"/>
</kw>
<kw name="Log" owner="BuiltIn">
<msg time="2024-07-18T13:18:52.853743" level="INFO">{'large': 'https://randomuser.me/api/portraits/women/21.jpg', 'medium': 'https://randomuser.me/api/portraits/med/women/21.jpg', 'thumbnail': 'https://randomuser.me/api/portraits/thumb/women/21.jpg'}</msg>
<arg>${json_data['results'][0]['picture']}</arg>
<doc>Logs the given message with the given level.</doc>
<status status="PASS" start="2024-07-18T13:18:52.853415" elapsed="0.000370"/>
</kw>
<status status="PASS" start="2024-07-18T13:18:52.773571" elapsed="0.080496"/>
</kw>
<kw name="Teste de Tipos de Dados - Postcode" owner="random-user-service">
<kw name="GET On Session" owner="RequestsLibrary">
<msg time="2024-07-18T13:18:52.960076" level="INFO">GET Request : url=https://randomuser.me/api 
 path_url=/api 
 headers={'User-Agent': 'python-requests/2.32.3', 'Accept-Encoding': 'gzip, deflate', 'Accept': '*/*', 'Connection': 'keep-alive'} 
 body=None 
 </msg>
<msg time="2024-07-18T13:18:52.960175" level="INFO">GET Response : url=https://randomuser.me/api 
 status=200, reason=OK 
 headers={'Date': 'Thu, 18 Jul 2024 13:18:52 GMT', 'Content-Type': 'application/json; charset=utf-8', 'Transfer-Encoding': 'chunked', 'Connection': 'keep-alive', 'X-Powered-By': 'Express', 'Access-Control-Allow-Origin': '*', 'Cache-Control': 'no-cache', 'ETag': 'W/"489-FS0N3eXaQsSwq5Px/maOPMiMAbE"', 'Vary': 'Accept-Encoding', 'Content-Encoding': 'gzip', 'CF-Cache-Status': 'DYNAMIC', 'Report-To': '{"endpoints":[{"url":"https:\\/\\/a.nel.cloudflare.com\\/report\\/v4?s=cM6QzTVYktJjSIVDLJTAUzcpZSTtsSnVguxqFMNGUZFR8C5DKIAT0%2B7HJc1vRK4xqzuGG17ENbEm0Nnp1OLYZGYUS8981WkTKxkzIxbJw4hSaI5jjfftCrlLXSiaxuXe"}],"group":"cf-nel","max_age":604800}', 'NEL': '{"success_fraction":0,"report_to":"cf-nel","max_age":604800}', 'Server': 'cloudflare', 'CF-RAY': '8a52c29c5cf613b9-IAD', 'alt-svc': 'h3=":443"; ma=86400'} 
 body={"results":[{"gender":"male","name":{"title":"Mr","first":"Lonnie","last":"Frazier"},"location":{"street":{"number":1841,"name":"Adams St"},"city":"Busselton","state":"New South Wales","country":"Australia","postcode":2786,"coordinates":{"latitude":"-87.3634","longitude":"-164.0699"},"timezone":{"offset":"+6:00","description":"Almaty, Dhaka, Colombo"}},"email":"lonnie.frazier@example.com","login":{"uuid":"a4c20434-f430-492b-b46b-095818dcb34c","username":"happypeacock113","password":"crazybab","salt":"0pocMjQT","md5":"b1d72e259a9891950d459eaee87f9c9f","sha1":"e05abc5992064234c99cfba61ee7dbcea6b6ab71","sha256":"f7a2a7fddddb03ebc5e34f9ded544f448321ca04906f71aa20857a295c06f6c9"},"dob":{"date":"1978-03-03T00:26:15.779Z","age":46},"registered":{"date":"2009-04-06T07:12:05.706Z","age":15},"phone":"00-5877-2271","cell":"0400-346-514","id":{"name":"TFN","value":"914578727"},"picture":{"large":"https://randomuser.me/api/portraits/men/53.jpg","medium":"https://randomuser.me/api/portraits/med/men/53.jpg","thumbnail":"https://randomuser.me/api/portraits/thumb/men/53.jpg"},"nat":"AU"}],"info":{"seed":"316ff53d966e5d91","results":1,"page":1,"version":"1.4"}} 
 </msg>
<msg time="2024-07-18T13:18:52.960246" level="INFO">/opt/hostedtoolcache/Python/3.12.4/x64/lib/python3.12/site-packages/urllib3/connectionpool.py:1099: InsecureRequestWarning: Unverified HTTPS request is being made to host 'randomuser.me'. Adding certificate verification is strongly advised. See: https://urllib3.readthedocs.io/en/latest/advanced-usage.html#tls-warnings
  warnings.warn(</msg>
<msg time="2024-07-18T13:18:52.960364" level="INFO">${response} = &lt;Response [200]&gt;</msg>
<var>${response}</var>
<arg>consultarAPI</arg>
<arg>/api</arg>
<doc>Sends a GET request on a previously created HTTP Session.</doc>
<status status="PASS" start="2024-07-18T13:18:52.854539" elapsed="0.105852"/>
</kw>
<kw name="Set Variable" owner="BuiltIn">
<msg time="2024-07-18T13:18:52.961530" level="INFO">${json_data} = {'results': [{'gender': 'male', 'name': {'title': 'Mr', 'first': 'Lonnie', 'last': 'Frazier'}, 'location': {'street': {'number': 1841, 'name': 'Adams St'}, 'city': 'Busselton', 'state': 'New South Wal...</msg>
<var>${json_data}</var>
<arg>${response.json()}</arg>
<doc>Returns the given values which can then be assigned to a variables.</doc>
<status status="PASS" start="2024-07-18T13:18:52.961000" elapsed="0.000559"/>
</kw>
<kw name="Log" owner="BuiltIn">
<msg time="2024-07-18T13:18:52.962080" level="INFO">{'results': [{'gender': 'male', 'name': {'title': 'Mr', 'first': 'Lonnie', 'last': 'Frazier'}, 'location': {'street': {'number': 1841, 'name': 'Adams St'}, 'city': 'Busselton', 'state': 'New South Wales', 'country': 'Australia', 'postcode': 2786, 'coordinates': {'latitude': '-87.3634', 'longitude': '-164.0699'}, 'timezone': {'offset': '+6:00', 'description': 'Almaty, Dhaka, Colombo'}}, 'email': 'lonnie.frazier@example.com', 'login': {'uuid': 'a4c20434-f430-492b-b46b-095818dcb34c', 'username': 'happypeacock113', 'password': 'crazybab', 'salt': '0pocMjQT', 'md5': 'b1d72e259a9891950d459eaee87f9c9f', 'sha1': 'e05abc5992064234c99cfba61ee7dbcea6b6ab71', 'sha256': 'f7a2a7fddddb03ebc5e34f9ded544f448321ca04906f71aa20857a295c06f6c9'}, 'dob': {'date': '1978-03-03T00:26:15.779Z', 'age': 46}, 'registered': {'date': '2009-04-06T07:12:05.706Z', 'age': 15}, 'phone': '00-5877-2271', 'cell': '0400-346-514', 'id': {'name': 'TFN', 'value': '914578727'}, 'picture': {'large': 'https://randomuser.me/api/portraits/men/53.jpg', 'medium': 'https://randomuser.me/api/portraits/med/men/53.jpg', 'thumbnail': 'https://randomuser.me/api/portraits/thumb/men/53.jpg'}, 'nat': 'AU'}], 'info': {'seed': '316ff53d966e5d91', 'results': 1, 'page': 1, 'version': '1.4'}}</msg>
<arg>${json_data}</arg>
<doc>Logs the given message with the given level.</doc>
<status status="PASS" start="2024-07-18T13:18:52.961915" elapsed="0.000211"/>
</kw>
<kw name="Should Be Equal As Numbers" owner="BuiltIn">
<arg>${json_data['results'][0]['location']['postcode']}</arg>
<arg>${json_data['results'][0]['location']['postcode']}</arg>
<doc>Fails if objects are unequal after converting them to real numbers.</doc>
<status status="PASS" start="2024-07-18T13:18:52.962419" elapsed="0.000635"/>
</kw>
<kw name="Log" owner="BuiltIn">
<msg time="2024-07-18T13:18:52.963590" level="INFO">2786</msg>
<arg>${json_data['results'][0]['location']['postcode']}</arg>
<doc>Logs the given message with the given level.</doc>
<status status="PASS" start="2024-07-18T13:18:52.963250" elapsed="0.000423"/>
</kw>
<status status="PASS" start="2024-07-18T13:18:52.854301" elapsed="0.109644"/>
</kw>
<doc>Testa se os tipos de dados na resposta da API estão corretos.</doc>
<tag>testeTiposDados</tag>
<status status="PASS" start="2024-07-18T13:18:52.773078" elapsed="0.191043"/>
</test>
<test id="s1-s1-t5" name="Validar conteudo" line="35">
<kw name="Teste de Tipos de Conteudo" owner="random-user-service">
<kw name="GET On Session" owner="RequestsLibrary">
<msg time="2024-07-18T13:18:53.056283" level="INFO">GET Request : url=https://randomuser.me/api 
 path_url=/api 
 headers={'User-Agent': 'python-requests/2.32.3', 'Accept-Encoding': 'gzip, deflate', 'Accept': '*/*', 'Connection': 'keep-alive'} 
 body=None 
 </msg>
<msg time="2024-07-18T13:18:53.056382" level="INFO">GET Response : url=https://randomuser.me/api 
 status=200, reason=OK 
 headers={'Date': 'Thu, 18 Jul 2024 13:18:53 GMT', 'Content-Type': 'application/json; charset=utf-8', 'Transfer-Encoding': 'chunked', 'Connection': 'keep-alive', 'X-Powered-By': 'Express', 'Access-Control-Allow-Origin': '*', 'Cache-Control': 'no-cache', 'ETag': 'W/"499-cFW2i6MR8igYhWGlRMeskHHiJNk"', 'Vary': 'Accept-Encoding', 'Content-Encoding': 'gzip', 'CF-Cache-Status': 'DYNAMIC', 'Report-To': '{"endpoints":[{"url":"https:\\/\\/a.nel.cloudflare.com\\/report\\/v4?s=ch6xOFmV0K8ri2lZm4TcUTZN%2BrWIW93nJHrOpoXMQyRe8hKOr6MHPoa2m1KKtUYWOJmWlNKpzsJY%2BNv3aD87hsNukQ0hJyTJsJDxmGpMb6m3CQ%2B3pEiLvDLB2VfPfo4r"}],"group":"cf-nel","max_age":604800}', 'NEL': '{"success_fraction":0,"report_to":"cf-nel","max_age":604800}', 'Server': 'cloudflare', 'CF-RAY': '8a52c29d0d5e13b9-IAD', 'alt-svc': 'h3=":443"; ma=86400'} 
 body={"results":[{"gender":"female","name":{"title":"Miss","first":"Sanchitha","last":"Sullad"},"location":{"street":{"number":1764,"name":"Dadabhai Naoroji Rd"},"city":"Solapur","state":"Assam","country":"India","postcode":20265,"coordinates":{"latitude":"7.4222","longitude":"14.1188"},"timezone":{"offset":"+1:00","description":"Brussels, Copenhagen, Madrid, Paris"}},"email":"sanchitha.sullad@example.com","login":{"uuid":"ae0724d1-13ea-41a7-aa4a-940af9ea7048","username":"redmeercat375","password":"curious","salt":"o6OfOEzN","md5":"edacb311a1fa57734a45d623af5c9b9e","sha1":"dfb8329de3327a1b4ff5e9fd80a9e3647c1ef883","sha256":"0e49aa11dfd446f8c26a2f43a4fff5f7eaf159c2fde8758d1a800e0ed1c67f4e"},"dob":{"date":"1945-01-30T21:30:59.881Z","age":79},"registered":{"date":"2015-08-29T12:47:41.352Z","age":8},"phone":"8964025117","cell":"7662458471","id":{"name":"UIDAI","value":"236856828906"},"picture":{"large":"https://randomuser.me/api/portraits/women/92.jpg","medium":"https://randomuser.me/api/portraits/med/women/92.jpg","thumbnail":"https://randomuser.me/api/portraits/thumb/women/92.jpg"},"nat":"IN"}],"info":{"seed":"bb3a4b10830da5a7","results":1,"page":1,"version":"1.4"}} 
 </msg>
<msg time="2024-07-18T13:18:53.056453" level="INFO">/opt/hostedtoolcache/Python/3.12.4/x64/lib/python3.12/site-packages/urllib3/connectionpool.py:1099: InsecureRequestWarning: Unverified HTTPS request is being made to host 'randomuser.me'. Adding certificate verification is strongly advised. See: https://urllib3.readthedocs.io/en/latest/advanced-usage.html#tls-warnings
  warnings.warn(</msg>
<msg time="2024-07-18T13:18:53.056579" level="INFO">${response} = &lt;Response [200]&gt;</msg>
<var>${response}</var>
<arg>consultarAPI</arg>
<arg>/api</arg>
<doc>Sends a GET request on a previously created HTTP Session.</doc>
<status status="PASS" start="2024-07-18T13:18:52.967019" elapsed="0.089598"/>
</kw>
<kw name="Set Variable" owner="BuiltIn">
<msg time="2024-07-18T13:18:53.057903" level="INFO">${json_data} = {'results': [{'gender': 'female', 'name': {'title': 'Miss', 'first': 'Sanchitha', 'last': 'Sullad'}, 'location': {'street': {'number': 1764, 'name': 'Dadabhai Naoroji Rd'}, 'city': 'Solapur', 'state':...</msg>
<var>${json_data}</var>
<arg>${response.json()}</arg>
<doc>Returns the given values which can then be assigned to a variables.</doc>
<status status="PASS" start="2024-07-18T13:18:53.057296" elapsed="0.000638"/>
</kw>
<kw name="Set Variable" owner="BuiltIn">
<msg time="2024-07-18T13:18:53.058661" level="INFO">${name_title} = Miss</msg>
<var>${name_title}</var>
<arg>${json_data["results"][0]["name"]["title"]}</arg>
<doc>Returns the given values which can then be assigned to a variables.</doc>
<status status="PASS" start="2024-07-18T13:18:53.058261" elapsed="0.000426"/>
</kw>
<kw name="Create List" owner="BuiltIn">
<msg time="2024-07-18T13:18:53.059147" level="INFO">${allowed_titles} = ['Mr', 'Ms', 'Miss', 'Mrs', 'Madame', 'Monsieur']</msg>
<var>${allowed_titles}</var>
<arg>Mr</arg>
<arg>Ms</arg>
<arg>Miss</arg>
<arg>Mrs</arg>
<arg>Madame</arg>
<arg>Monsieur</arg>
<doc>Returns a list containing given items.</doc>
<status status="PASS" start="2024-07-18T13:18:53.058995" elapsed="0.000176"/>
</kw>
<kw name="List Should Contain Value" owner="Collections">
<arg>${allowed_titles}</arg>
<arg>${name_title}</arg>
<doc>Fails if the ``value`` is not found from ``list``.</doc>
<status status="PASS" start="2024-07-18T13:18:53.059480" elapsed="0.000187"/>
</kw>
<kw name="Set Variable" owner="BuiltIn">
<msg time="2024-07-18T13:18:53.060222" level="INFO">${name_country} = IN</msg>
<var>${name_country}</var>
<arg>${json_data["results"][0]["nat"]}</arg>
<doc>Returns the given values which can then be assigned to a variables.</doc>
<status status="PASS" start="2024-07-18T13:18:53.059849" elapsed="0.000398"/>
</kw>
<kw name="Create List" owner="BuiltIn">
<msg time="2024-07-18T13:18:53.061193" level="INFO">${list_country} = ['AD', 'AE', 'AF', 'AG', 'AI', 'AL', 'AM', 'AO', 'AQ', 'AR', 'AS', 'AT', 'AU', 'AW', 'AX', 'AZ', 'BA', 'BB', 'BD', 'BE', 'BF', 'BG', 'BH', 'BI', 'BJ', 'BL', 'BM', 'BN', 'BO', 'BQ', 'BR', 'BS', 'BT', '...</msg>
<var>${list_country}</var>
<arg>AD</arg>
<arg>AE</arg>
<arg>AF</arg>
<arg>AG</arg>
<arg>AI</arg>
<arg>AL</arg>
<arg>AM</arg>
<arg>AO</arg>
<arg>AQ</arg>
<arg>AR</arg>
<arg>AS</arg>
<arg>AT</arg>
<arg>AU</arg>
<arg>AW</arg>
<arg>AX</arg>
<arg>AZ</arg>
<arg>BA</arg>
<arg>BB</arg>
<arg>BD</arg>
<arg>BE</arg>
<arg>BF</arg>
<arg>BG</arg>
<arg>BH</arg>
<arg>BI</arg>
<arg>BJ</arg>
<arg>BL</arg>
<arg>BM</arg>
<arg>BN</arg>
<arg>BO</arg>
<arg>BQ</arg>
<arg>BR</arg>
<arg>BS</arg>
<arg>BT</arg>
<arg>BV</arg>
<arg>BW</arg>
<arg>BY</arg>
<arg>BZ</arg>
<arg>CA</arg>
<arg>CC</arg>
<arg>CD</arg>
<arg>CF</arg>
<arg>CG</arg>
<arg>CH</arg>
<arg>CI</arg>
<arg>CK</arg>
<arg>CL</arg>
<arg>CM</arg>
<arg>CN</arg>
<arg>CO</arg>
<arg>CR</arg>
<arg>CU</arg>
<arg>CV</arg>
<arg>CW</arg>
<arg>CX</arg>
<arg>CY</arg>
<arg>CZ</arg>
<arg>DE</arg>
<arg>DJ</arg>
<arg>DK</arg>
<arg>DM</arg>
<arg>DO</arg>
<arg>DZ</arg>
<arg>EC</arg>
<arg>EE</arg>
<arg>EG</arg>
<arg>EH</arg>
<arg>ER</arg>
<arg>ES</arg>
<arg>ET</arg>
<arg>FI</arg>
<arg>FJ</arg>
<arg>FK</arg>
<arg>FM</arg>
<arg>FO</arg>
<arg>FR</arg>
<arg>GA</arg>
<arg>GB</arg>
<arg>GD</arg>
<arg>GE</arg>
<arg>GF</arg>
<arg>GG</arg>
<arg>GH</arg>
<arg>GI</arg>
<arg>GL</arg>
<arg>GM</arg>
<arg>GN</arg>
<arg>GP</arg>
<arg>GQ</arg>
<arg>GR</arg>
<arg>GS</arg>
<arg>GT</arg>
<arg>GU</arg>
<arg>GW</arg>
<arg>GY</arg>
<arg>HK</arg>
<arg>HM</arg>
<arg>HN</arg>
<arg>HR</arg>
<arg>HT</arg>
<arg>HU</arg>
<arg>ID</arg>
<arg>IE</arg>
<arg>IL</arg>
<arg>IM</arg>
<arg>IN</arg>
<arg>IO</arg>
<arg>IQ</arg>
<arg>IR</arg>
<arg>IS</arg>
<arg>IT</arg>
<arg>JE</arg>
<arg>JM</arg>
<arg>JO</arg>
<arg>JP</arg>
<arg>KE</arg>
<arg>KG</arg>
<arg>KH</arg>
<arg>KI</arg>
<arg>KM</arg>
<arg>KN</arg>
<arg>KP</arg>
<arg>KR</arg>
<arg>KW</arg>
<arg>KY</arg>
<arg>KZ</arg>
<arg>LA</arg>
<arg>LB</arg>
<arg>LC</arg>
<arg>LI</arg>
<arg>LK</arg>
<arg>LR</arg>
<arg>LS</arg>
<arg>LT</arg>
<arg>LU</arg>
<arg>LV</arg>
<arg>LY</arg>
<arg>MA</arg>
<arg>MC</arg>
<arg>MD</arg>
<arg>ME</arg>
<arg>MF</arg>
<arg>MG</arg>
<arg>MH</arg>
<arg>MK</arg>
<arg>ML</arg>
<arg>MM</arg>
<arg>MN</arg>
<arg>MO</arg>
<arg>MP</arg>
<arg>MQ</arg>
<arg>MR</arg>
<arg>MS</arg>
<arg>MT</arg>
<arg>MU</arg>
<arg>MV</arg>
<arg>MW</arg>
<arg>MX</arg>
<arg>MY</arg>
<arg>MZ</arg>
<arg>NA</arg>
<arg>NC</arg>
<arg>NE</arg>
<arg>NF</arg>
<arg>NG</arg>
<arg>NI</arg>
<arg>NL</arg>
<arg>NO</arg>
<arg>NP</arg>
<arg>NR</arg>
<arg>NU</arg>
<arg>NZ</arg>
<arg>OM</arg>
<arg>PA</arg>
<arg>PE</arg>
<arg>PF</arg>
<arg>PG</arg>
<arg>PH</arg>
<arg>PK</arg>
<arg>PL</arg>
<arg>PM</arg>
<arg>PN</arg>
<arg>PR</arg>
<arg>PS</arg>
<arg>PT</arg>
<arg>PW</arg>
<arg>PY</arg>
<arg>QA</arg>
<arg>RE</arg>
<arg>RO</arg>
<arg>RS</arg>
<arg>RU</arg>
<arg>RW</arg>
<arg>SA</arg>
<arg>SB</arg>
<arg>SC</arg>
<arg>SD</arg>
<arg>SE</arg>
<arg>SG</arg>
<arg>SH</arg>
<arg>SI</arg>
<arg>SJ</arg>
<arg>SK</arg>
<arg>SL</arg>
<arg>SM</arg>
<arg>SN</arg>
<arg>SO</arg>
<arg>SR</arg>
<arg>SS</arg>
<arg>ST</arg>
<arg>SV</arg>
<arg>SX</arg>
<arg>SY</arg>
<arg>SZ</arg>
<arg>TC</arg>
<arg>TD</arg>
<arg>TF</arg>
<arg>TG</arg>
<arg>TH</arg>
<arg>TJ</arg>
<arg>TK</arg>
<arg>TL</arg>
<arg>TM</arg>
<arg>TN</arg>
<arg>TO</arg>
<arg>TR</arg>
<arg>TT</arg>
<arg>TV</arg>
<arg>TW</arg>
<arg>TZ</arg>
<arg>UA</arg>
<arg>UG</arg>
<arg>UM</arg>
<arg>US</arg>
<arg>UY</arg>
<arg>UZ</arg>
<arg>VA</arg>
<arg>VC</arg>
<arg>VE</arg>
<arg>VG</arg>
<arg>VI</arg>
<arg>VN</arg>
<arg>VU</arg>
<arg>WF</arg>
<arg>WS</arg>
<arg>XK</arg>
<arg>YE</arg>
<arg>YT</arg>
<arg>ZA</arg>
<arg>ZM</arg>
<arg>ZW</arg>
<doc>Returns a list containing given items.</doc>
<status status="PASS" start="2024-07-18T13:18:53.060541" elapsed="0.000679"/>
</kw>
<kw name="List Should Contain Value" owner="Collections">
<arg>${list_country}</arg>
<arg>${name_country}</arg>
<doc>Fails if the ``value`` is not found from ``list``.</doc>
<status status="PASS" start="2024-07-18T13:18:53.062247" elapsed="0.000232"/>
</kw>
<kw name="Run Keyword If" owner="BuiltIn">
<kw name="Should Be True" owner="BuiltIn">
<arg>${True}</arg>
<doc>Fails if the given condition is not true.</doc>
<status status="PASS" start="2024-07-18T13:18:53.063859" elapsed="0.000257"/>
</kw>
<arg>${json_data["results"][0]["location"]["coordinates"]["latitude"]} &gt;= -90 and ${json_data["results"][0]["location"]["coordinates"]["latitude"]} &lt;= 90</arg>
<arg>Should Be True</arg>
<arg>${True}</arg>
<doc>Runs the given keyword with the given arguments, if ``condition`` is true.</doc>
<status status="PASS" start="2024-07-18T13:18:53.062759" elapsed="0.001530"/>
</kw>
<kw name="Run Keyword If" owner="BuiltIn">
<kw name="Should Be True" owner="BuiltIn">
<arg>${True}</arg>
<doc>Fails if the given condition is not true.</doc>
<status status="PASS" start="2024-07-18T13:18:53.065418" elapsed="0.000187"/>
</kw>
<arg>${json_data["results"][0]["location"]["coordinates"]["longitude"]} &gt;= -180 and ${json_data["results"][0]["location"]["coordinates"]["longitude"]} &lt;= 180</arg>
<arg>Should Be True</arg>
<arg>${True}</arg>
<doc>Runs the given keyword with the given arguments, if ``condition`` is true.</doc>
<status status="PASS" start="2024-07-18T13:18:53.064514" elapsed="0.001242"/>
</kw>
<status status="PASS" start="2024-07-18T13:18:52.966619" elapsed="0.099277"/>
</kw>
<doc>Testa o conteúdo específico dos campos retornados pela API.</doc>
<tag>testeConteudo</tag>
<status status="PASS" start="2024-07-18T13:18:52.965938" elapsed="0.100127"/>
</test>
<status status="PASS" start="2024-07-18T13:18:52.027696" elapsed="1.040526"/>
</suite>
<status status="PASS" start="2024-07-18T13:18:52.012651" elapsed="1.061004"/>
</suite>
<statistics>
<total>
<stat pass="5" fail="0" skip="0">All Tests</stat>
</total>
<tag>
<stat pass="1" fail="0" skip="0">testeConteudo</stat>
<stat pass="1" fail="0" skip="0">testeEstruturaResposta</stat>
<stat pass="1" fail="0" skip="0">testeRequisicaoBasica</stat>
<stat pass="1" fail="0" skip="0">testeTiposDados</stat>
</tag>
<suite>
<stat pass="5" fail="0" skip="0" id="s1" name="Tests">Tests</stat>
<stat pass="5" fail="0" skip="0" id="s1-s1" name="Random-User-Test">Tests.Random-User-Test</stat>
</suite>
</statistics>
<errors>
</errors>
</robot>
