<?xml version="1.0" encoding="UTF-8"?>
<robot generator="Robot 7.0.1 (Python 3.12.4 on linux)" generated="2024-07-09T19:11:56.134629" rpa="false" schemaversion="5">
<suite id="s1" name="Tests" source="/home/runner/work/ApiRandomUser/ApiRandomUser/RamdonUser/tests">
<suite id="s1-s1" name="Random-User-Test" source="/home/runner/work/ApiRandomUser/ApiRandomUser/RamdonUser/tests/random-user-test.robot">
<test id="s1-s1-t1" name="Conectar" line="13">
<kw name="Conectar API" owner="random-user-service">
<kw name="Create Session" owner="RequestsLibrary">
<msg time="2024-07-09T19:11:56.529171" level="INFO">Creating Session using : alias=consultarAPI, url=https://randomuser.me/, headers={},                     cookies={}, auth=None, timeout=None, proxies=None, verify=False,                     debug=0 </msg>
<arg>consultarAPI</arg>
<arg>${URL}</arg>
<doc>Create Session: create a HTTP session to a server</doc>
<status status="PASS" start="2024-07-09T19:11:56.528954" elapsed="0.000400"/>
</kw>
<status status="PASS" start="2024-07-09T19:11:56.527900" elapsed="0.001823"/>
</kw>
<status status="PASS" start="2024-07-09T19:11:56.527362" elapsed="0.002552"/>
</test>
<test id="s1-s1-t2" name="Validar retorno 200 e JSON Válido" line="16">
<kw name="Teste de Requisicao Basica" owner="random-user-service">
<kw name="GET On Session" owner="RequestsLibrary">
<msg time="2024-07-09T19:11:56.673481" level="INFO">GET Request : url=https://randomuser.me/api 
 path_url=/api 
 headers={'User-Agent': 'python-requests/2.32.3', 'Accept-Encoding': 'gzip, deflate', 'Accept': '*/*', 'Connection': 'keep-alive'} 
 body=None 
 </msg>
<msg time="2024-07-09T19:11:56.673651" level="INFO">GET Response : url=https://randomuser.me/api 
 status=200, reason=OK 
 headers={'Date': 'Tue, 09 Jul 2024 19:11:56 GMT', 'Content-Type': 'application/json; charset=utf-8', 'Transfer-Encoding': 'chunked', 'Connection': 'keep-alive', 'X-Powered-By': 'Express', 'Access-Control-Allow-Origin': '*', 'Cache-Control': 'no-cache', 'ETag': 'W/"46c-CFt+qjGcUDtg60nQqMkZXEYU53s"', 'Vary': 'Accept-Encoding', 'Content-Encoding': 'gzip', 'CF-Cache-Status': 'DYNAMIC', 'Report-To': '{"endpoints":[{"url":"https:\\/\\/a.nel.cloudflare.com\\/report\\/v4?s=Wa6pjEqDtiYg72Qn9yf1te7gthDJrLlMR%2BzDIZqChPJ2WS3tHBGlC5gRtFHeEzMuHWBPhzU4Wz8HMhLG1P8oxZL8PrZpTJEmlFlSpy6bnqg86V9fzWc1By8I3IhIxDVB"}],"group":"cf-nel","max_age":604800}', 'NEL': '{"success_fraction":0,"report_to":"cf-nel","max_age":604800}', 'Server': 'cloudflare', 'CF-RAY': '8a0a9f6a78d6fa56-SJC', 'alt-svc': 'h3=":443"; ma=86400'} 
 body={"results":[{"gender":"male","name":{"title":"Mr","first":"Franklin","last":"Hudson"},"location":{"street":{"number":4847,"name":"Station Road"},"city":"Nenagh","state":"Leitrim","country":"Ireland","postcode":14081,"coordinates":{"latitude":"1.2012","longitude":"-15.3988"},"timezone":{"offset":"-9:00","description":"Alaska"}},"email":"franklin.hudson@example.com","login":{"uuid":"5717cb80-b472-47a7-9a16-b3721b274389","username":"biggorilla765","password":"pheonix","salt":"SrDlCPBx","md5":"48281ef131f1efae4bef22696ae90b37","sha1":"17ec944ebdbf6da30b65b4652f4ea58c76e08d68","sha256":"a8f80495c8a7a524a926041dcdce6142636b7a124dcb73f58de539b01ed02812"},"dob":{"date":"1958-09-01T06:10:25.706Z","age":65},"registered":{"date":"2011-03-07T06:13:08.364Z","age":13},"phone":"011-614-2155","cell":"081-465-0738","id":{"name":"PPS","value":"7216628T"},"picture":{"large":"https://randomuser.me/api/portraits/men/13.jpg","medium":"https://randomuser.me/api/portraits/med/men/13.jpg","thumbnail":"https://randomuser.me/api/portraits/thumb/men/13.jpg"},"nat":"IE"}],"info":{"seed":"a2a22bbc2decc8b4","results":1,"page":1,"version":"1.4"}} 
 </msg>
<msg time="2024-07-09T19:11:56.673750" level="INFO">/opt/hostedtoolcache/Python/3.12.4/x64/lib/python3.12/site-packages/urllib3/connectionpool.py:1099: InsecureRequestWarning: Unverified HTTPS request is being made to host 'randomuser.me'. Adding certificate verification is strongly advised. See: https://urllib3.readthedocs.io/en/latest/advanced-usage.html#tls-warnings
  warnings.warn(</msg>
<msg time="2024-07-09T19:11:56.673919" level="INFO">${response} = &lt;Response [200]&gt;</msg>
<var>${response}</var>
<arg>consultarAPI</arg>
<arg>/api</arg>
<doc>Sends a GET request on a previously created HTTP Session.</doc>
<status status="PASS" start="2024-07-09T19:11:56.532425" elapsed="0.141536"/>
</kw>
<kw name="Should Be Equal As Numbers" owner="BuiltIn">
<msg time="2024-07-09T19:11:56.675104" level="INFO">Argument types are:
&lt;class 'int'&gt;
&lt;class 'str'&gt;</msg>
<arg>${response.status_code}</arg>
<arg>200</arg>
<doc>Fails if objects are unequal after converting them to real numbers.</doc>
<status status="PASS" start="2024-07-09T19:11:56.674600" elapsed="0.000567"/>
</kw>
<kw name="Log" owner="BuiltIn">
<msg time="2024-07-09T19:11:56.675820" level="INFO">200</msg>
<arg>${response.status_code}</arg>
<doc>Logs the given message with the given level.</doc>
<status status="PASS" start="2024-07-09T19:11:56.675481" elapsed="0.000381"/>
</kw>
<kw name="Set Variable" owner="BuiltIn">
<msg time="2024-07-09T19:11:56.676597" level="INFO">${json_data} = {'results': [{'gender': 'male', 'name': {'title': 'Mr', 'first': 'Franklin', 'last': 'Hudson'}, 'location': {'street': {'number': 4847, 'name': 'Station Road'}, 'city': 'Nenagh', 'state': 'Leitrim', '...</msg>
<var>${json_data}</var>
<arg>${response.json()}</arg>
<doc>Returns the given values which can then be assigned to a variables.</doc>
<status status="PASS" start="2024-07-09T19:11:56.676170" elapsed="0.000455"/>
</kw>
<kw name="Dictionary Should Contain Key" owner="Collections">
<arg>${json_data}</arg>
<arg>results</arg>
<doc>Fails if ``key`` is not found from ``dictionary``.</doc>
<status status="PASS" start="2024-07-09T19:11:56.676950" elapsed="0.000167"/>
</kw>
<status status="PASS" start="2024-07-09T19:11:56.532180" elapsed="0.145084"/>
</kw>
<doc>Testa se a API responde corretamente e retorna um objeto JSON válido.</doc>
<tag>testeRequisicaoBasica</tag>
<status status="PASS" start="2024-07-09T19:11:56.531743" elapsed="0.145694"/>
</test>
<test id="s1-s1-t3" name="Validar estrutura de resposta" line="22">
<kw name="Teste de Estrutura de Resposta" owner="random-user-service">
<kw name="GET On Session" owner="RequestsLibrary">
<msg time="2024-07-09T19:11:56.762856" level="INFO">GET Request : url=https://randomuser.me/api 
 path_url=/api 
 headers={'User-Agent': 'python-requests/2.32.3', 'Accept-Encoding': 'gzip, deflate', 'Accept': '*/*', 'Connection': 'keep-alive'} 
 body=None 
 </msg>
<msg time="2024-07-09T19:11:56.762956" level="INFO">GET Response : url=https://randomuser.me/api 
 status=200, reason=OK 
 headers={'Date': 'Tue, 09 Jul 2024 19:11:56 GMT', 'Content-Type': 'application/json; charset=utf-8', 'Transfer-Encoding': 'chunked', 'Connection': 'keep-alive', 'X-Powered-By': 'Express', 'Access-Control-Allow-Origin': '*', 'Cache-Control': 'no-cache', 'ETag': 'W/"4b4-toSwdlrBBIl3pG3Bt269o1RPuTE"', 'Vary': 'Accept-Encoding', 'Content-Encoding': 'gzip', 'CF-Cache-Status': 'DYNAMIC', 'Report-To': '{"endpoints":[{"url":"https:\\/\\/a.nel.cloudflare.com\\/report\\/v4?s=kxhDt%2FYwwHwsyqPznAmaI3LU3bBcGCsdu00bJjfszOXW%2B9%2FSNrbDa6%2FwSj3OvKvjfvrL94eEIC%2FkjzA0oEZVZstzl7kD653fqzE%2BlDTbD7UatoBDAXdAv3x9aKVgV%2FIt"}],"group":"cf-nel","max_age":604800}', 'NEL': '{"success_fraction":0,"report_to":"cf-nel","max_age":604800}', 'Server': 'cloudflare', 'CF-RAY': '8a0a9f6b4971fa56-SJC', 'alt-svc': 'h3=":443"; ma=86400'} 
 body={"results":[{"gender":"female","name":{"title":"Mrs","first":"Vickie","last":"Olson"},"location":{"street":{"number":7986,"name":"Saddle Dr"},"city":"Australian Capital Territory","state":"New South Wales","country":"Australia","postcode":5949,"coordinates":{"latitude":"-85.1935","longitude":"32.2252"},"timezone":{"offset":"+5:00","description":"Ekaterinburg, Islamabad, Karachi, Tashkent"}},"email":"vickie.olson@example.com","login":{"uuid":"fa9acb12-d614-4c35-9020-53920c420cb6","username":"beautifulgoose286","password":"beautiful","salt":"zgrVouKd","md5":"8250ea5def1be5ef72b168cccd49eee2","sha1":"295df20a5664dc890984c689e207bf5f802ae5f5","sha256":"441b4aa60f24a0b83520c8b41f23dafb88624562771ffd3f3e80f6fa7014372a"},"dob":{"date":"1979-04-15T01:16:53.444Z","age":45},"registered":{"date":"2005-10-31T15:31:24.827Z","age":18},"phone":"07-2107-7363","cell":"0435-943-656","id":{"name":"TFN","value":"025179472"},"picture":{"large":"https://randomuser.me/api/portraits/women/0.jpg","medium":"https://randomuser.me/api/portraits/med/women/0.jpg","thumbnail":"https://randomuser.me/api/portraits/thumb/women/0.jpg"},"nat":"AU"}],"info":{"seed":"a330e66620795a1c","results":1,"page":1,"version":"1.4"}} 
 </msg>
<msg time="2024-07-09T19:11:56.763079" level="INFO">/opt/hostedtoolcache/Python/3.12.4/x64/lib/python3.12/site-packages/urllib3/connectionpool.py:1099: InsecureRequestWarning: Unverified HTTPS request is being made to host 'randomuser.me'. Adding certificate verification is strongly advised. See: https://urllib3.readthedocs.io/en/latest/advanced-usage.html#tls-warnings
  warnings.warn(</msg>
<msg time="2024-07-09T19:11:56.763193" level="INFO">${response} = &lt;Response [200]&gt;</msg>
<var>${response}</var>
<arg>consultarAPI</arg>
<arg>/api</arg>
<doc>Sends a GET request on a previously created HTTP Session.</doc>
<status status="PASS" start="2024-07-09T19:11:56.680061" elapsed="0.083174"/>
</kw>
<kw name="Set Variable" owner="BuiltIn">
<msg time="2024-07-09T19:11:56.764323" level="INFO">${json_data} = {'results': [{'gender': 'female', 'name': {'title': 'Mrs', 'first': 'Vickie', 'last': 'Olson'}, 'location': {'street': {'number': 7986, 'name': 'Saddle Dr'}, 'city': 'Australian Capital Territory', 's...</msg>
<var>${json_data}</var>
<arg>${response.json()}</arg>
<doc>Returns the given values which can then be assigned to a variables.</doc>
<status status="PASS" start="2024-07-09T19:11:56.763765" elapsed="0.000586"/>
</kw>
<kw name="Log" owner="BuiltIn">
<msg time="2024-07-09T19:11:56.764846" level="INFO">{'results': [{'gender': 'female', 'name': {'title': 'Mrs', 'first': 'Vickie', 'last': 'Olson'}, 'location': {'street': {'number': 7986, 'name': 'Saddle Dr'}, 'city': 'Australian Capital Territory', 'state': 'New South Wales', 'country': 'Australia', 'postcode': 5949, 'coordinates': {'latitude': '-85.1935', 'longitude': '32.2252'}, 'timezone': {'offset': '+5:00', 'description': 'Ekaterinburg, Islamabad, Karachi, Tashkent'}}, 'email': 'vickie.olson@example.com', 'login': {'uuid': 'fa9acb12-d614-4c35-9020-53920c420cb6', 'username': 'beautifulgoose286', 'password': 'beautiful', 'salt': 'zgrVouKd', 'md5': '8250ea5def1be5ef72b168cccd49eee2', 'sha1': '295df20a5664dc890984c689e207bf5f802ae5f5', 'sha256': '441b4aa60f24a0b83520c8b41f23dafb88624562771ffd3f3e80f6fa7014372a'}, 'dob': {'date': '1979-04-15T01:16:53.444Z', 'age': 45}, 'registered': {'date': '2005-10-31T15:31:24.827Z', 'age': 18}, 'phone': '07-2107-7363', 'cell': '0435-943-656', 'id': {'name': 'TFN', 'value': '025179472'}, 'picture': {'large': 'https://randomuser.me/api/portraits/women/0.jpg', 'medium': 'https://randomuser.me/api/portraits/med/women/0.jpg', 'thumbnail': 'https://randomuser.me/api/portraits/thumb/women/0.jpg'}, 'nat': 'AU'}], 'info': {'seed': 'a330e66620795a1c', 'results': 1, 'page': 1, 'version': '1.4'}}</msg>
<arg>${json_data}</arg>
<doc>Logs the given message with the given level.</doc>
<status status="PASS" start="2024-07-09T19:11:56.764656" elapsed="0.000239"/>
</kw>
<kw name="Dictionary Should Contain Key" owner="Collections">
<arg>${json_data}</arg>
<arg>results</arg>
<doc>Fails if ``key`` is not found from ``dictionary``.</doc>
<status status="PASS" start="2024-07-09T19:11:56.765190" elapsed="0.000158"/>
</kw>
<kw name="Should Not Be Empty" owner="BuiltIn">
<msg time="2024-07-09T19:11:56.765662" level="INFO">Length is 2.</msg>
<arg>${json_data}</arg>
<doc>Verifies that the given item is not empty.</doc>
<status status="PASS" start="2024-07-09T19:11:56.765534" elapsed="0.000165"/>
</kw>
<kw name="Create List" owner="BuiltIn">
<msg time="2024-07-09T19:11:56.766280" level="INFO">${expected_keys} = ['gender', 'name', 'location', 'email', 'login']</msg>
<var>${expected_keys}</var>
<arg>gender</arg>
<arg>name</arg>
<arg>location</arg>
<arg>email</arg>
<arg>login</arg>
<doc>Returns a list containing given items.</doc>
<status status="PASS" start="2024-07-09T19:11:56.765984" elapsed="0.000321"/>
</kw>
<for flavor="IN">
<iter>
<kw name="Dictionary Should Contain Key" owner="Collections">
<arg>${json_data['results'][0]}</arg>
<arg>${key}</arg>
<doc>Fails if ``key`` is not found from ``dictionary``.</doc>
<status status="PASS" start="2024-07-09T19:11:56.766882" elapsed="0.000401"/>
</kw>
<kw name="Log" owner="BuiltIn">
<msg time="2024-07-09T19:11:56.767818" level="INFO">{'gender': 'female', 'name': {'title': 'Mrs', 'first': 'Vickie', 'last': 'Olson'}, 'location': {'street': {'number': 7986, 'name': 'Saddle Dr'}, 'city': 'Australian Capital Territory', 'state': 'New South Wales', 'country': 'Australia', 'postcode': 5949, 'coordinates': {'latitude': '-85.1935', 'longitude': '32.2252'}, 'timezone': {'offset': '+5:00', 'description': 'Ekaterinburg, Islamabad, Karachi, Tashkent'}}, 'email': 'vickie.olson@example.com', 'login': {'uuid': 'fa9acb12-d614-4c35-9020-53920c420cb6', 'username': 'beautifulgoose286', 'password': 'beautiful', 'salt': 'zgrVouKd', 'md5': '8250ea5def1be5ef72b168cccd49eee2', 'sha1': '295df20a5664dc890984c689e207bf5f802ae5f5', 'sha256': '441b4aa60f24a0b83520c8b41f23dafb88624562771ffd3f3e80f6fa7014372a'}, 'dob': {'date': '1979-04-15T01:16:53.444Z', 'age': 45}, 'registered': {'date': '2005-10-31T15:31:24.827Z', 'age': 18}, 'phone': '07-2107-7363', 'cell': '0435-943-656', 'id': {'name': 'TFN', 'value': '025179472'}, 'picture': {'large': 'https://randomuser.me/api/portraits/women/0.jpg', 'medium': 'https://randomuser.me/api/portraits/med/women/0.jpg', 'thumbnail': 'https://randomuser.me/api/portraits/thumb/women/0.jpg'}, 'nat': 'AU'}</msg>
<arg>${json_data['results'][0]}</arg>
<doc>Logs the given message with the given level.</doc>
<status status="PASS" start="2024-07-09T19:11:56.767463" elapsed="0.000403"/>
</kw>
<kw name="Log" owner="BuiltIn">
<msg time="2024-07-09T19:11:56.768288" level="INFO">gender</msg>
<arg>${key}</arg>
<doc>Logs the given message with the given level.</doc>
<status status="PASS" start="2024-07-09T19:11:56.768159" elapsed="0.000166"/>
</kw>
<var name="${key}">gender</var>
<status status="PASS" start="2024-07-09T19:11:56.766760" elapsed="0.001783"/>
</iter>
<iter>
<kw name="Dictionary Should Contain Key" owner="Collections">
<arg>${json_data['results'][0]}</arg>
<arg>${key}</arg>
<doc>Fails if ``key`` is not found from ``dictionary``.</doc>
<status status="PASS" start="2024-07-09T19:11:56.768860" elapsed="0.000381"/>
</kw>
<kw name="Log" owner="BuiltIn">
<msg time="2024-07-09T19:11:56.769803" level="INFO">{'gender': 'female', 'name': {'title': 'Mrs', 'first': 'Vickie', 'last': 'Olson'}, 'location': {'street': {'number': 7986, 'name': 'Saddle Dr'}, 'city': 'Australian Capital Territory', 'state': 'New South Wales', 'country': 'Australia', 'postcode': 5949, 'coordinates': {'latitude': '-85.1935', 'longitude': '32.2252'}, 'timezone': {'offset': '+5:00', 'description': 'Ekaterinburg, Islamabad, Karachi, Tashkent'}}, 'email': 'vickie.olson@example.com', 'login': {'uuid': 'fa9acb12-d614-4c35-9020-53920c420cb6', 'username': 'beautifulgoose286', 'password': 'beautiful', 'salt': 'zgrVouKd', 'md5': '8250ea5def1be5ef72b168cccd49eee2', 'sha1': '295df20a5664dc890984c689e207bf5f802ae5f5', 'sha256': '441b4aa60f24a0b83520c8b41f23dafb88624562771ffd3f3e80f6fa7014372a'}, 'dob': {'date': '1979-04-15T01:16:53.444Z', 'age': 45}, 'registered': {'date': '2005-10-31T15:31:24.827Z', 'age': 18}, 'phone': '07-2107-7363', 'cell': '0435-943-656', 'id': {'name': 'TFN', 'value': '025179472'}, 'picture': {'large': 'https://randomuser.me/api/portraits/women/0.jpg', 'medium': 'https://randomuser.me/api/portraits/med/women/0.jpg', 'thumbnail': 'https://randomuser.me/api/portraits/thumb/women/0.jpg'}, 'nat': 'AU'}</msg>
<arg>${json_data['results'][0]}</arg>
<doc>Logs the given message with the given level.</doc>
<status status="PASS" start="2024-07-09T19:11:56.769454" elapsed="0.000397"/>
</kw>
<kw name="Log" owner="BuiltIn">
<msg time="2024-07-09T19:11:56.770261" level="INFO">name</msg>
<arg>${key}</arg>
<doc>Logs the given message with the given level.</doc>
<status status="PASS" start="2024-07-09T19:11:56.770137" elapsed="0.000160"/>
</kw>
<var name="${key}">name</var>
<status status="PASS" start="2024-07-09T19:11:56.768747" elapsed="0.001761"/>
</iter>
<iter>
<kw name="Dictionary Should Contain Key" owner="Collections">
<arg>${json_data['results'][0]}</arg>
<arg>${key}</arg>
<doc>Fails if ``key`` is not found from ``dictionary``.</doc>
<status status="PASS" start="2024-07-09T19:11:56.770788" elapsed="0.000370"/>
</kw>
<kw name="Log" owner="BuiltIn">
<msg time="2024-07-09T19:11:56.771683" level="INFO">{'gender': 'female', 'name': {'title': 'Mrs', 'first': 'Vickie', 'last': 'Olson'}, 'location': {'street': {'number': 7986, 'name': 'Saddle Dr'}, 'city': 'Australian Capital Territory', 'state': 'New South Wales', 'country': 'Australia', 'postcode': 5949, 'coordinates': {'latitude': '-85.1935', 'longitude': '32.2252'}, 'timezone': {'offset': '+5:00', 'description': 'Ekaterinburg, Islamabad, Karachi, Tashkent'}}, 'email': 'vickie.olson@example.com', 'login': {'uuid': 'fa9acb12-d614-4c35-9020-53920c420cb6', 'username': 'beautifulgoose286', 'password': 'beautiful', 'salt': 'zgrVouKd', 'md5': '8250ea5def1be5ef72b168cccd49eee2', 'sha1': '295df20a5664dc890984c689e207bf5f802ae5f5', 'sha256': '441b4aa60f24a0b83520c8b41f23dafb88624562771ffd3f3e80f6fa7014372a'}, 'dob': {'date': '1979-04-15T01:16:53.444Z', 'age': 45}, 'registered': {'date': '2005-10-31T15:31:24.827Z', 'age': 18}, 'phone': '07-2107-7363', 'cell': '0435-943-656', 'id': {'name': 'TFN', 'value': '025179472'}, 'picture': {'large': 'https://randomuser.me/api/portraits/women/0.jpg', 'medium': 'https://randomuser.me/api/portraits/med/women/0.jpg', 'thumbnail': 'https://randomuser.me/api/portraits/thumb/women/0.jpg'}, 'nat': 'AU'}</msg>
<arg>${json_data['results'][0]}</arg>
<doc>Logs the given message with the given level.</doc>
<status status="PASS" start="2024-07-09T19:11:56.771339" elapsed="0.000390"/>
</kw>
<kw name="Log" owner="BuiltIn">
<msg time="2024-07-09T19:11:56.772150" level="INFO">location</msg>
<arg>${key}</arg>
<doc>Logs the given message with the given level.</doc>
<status status="PASS" start="2024-07-09T19:11:56.772025" elapsed="0.000162"/>
</kw>
<var name="${key}">location</var>
<status status="PASS" start="2024-07-09T19:11:56.770682" elapsed="0.001719"/>
</iter>
<iter>
<kw name="Dictionary Should Contain Key" owner="Collections">
<arg>${json_data['results'][0]}</arg>
<arg>${key}</arg>
<doc>Fails if ``key`` is not found from ``dictionary``.</doc>
<status status="PASS" start="2024-07-09T19:11:56.772672" elapsed="0.000411"/>
</kw>
<kw name="Log" owner="BuiltIn">
<msg time="2024-07-09T19:11:56.773616" level="INFO">{'gender': 'female', 'name': {'title': 'Mrs', 'first': 'Vickie', 'last': 'Olson'}, 'location': {'street': {'number': 7986, 'name': 'Saddle Dr'}, 'city': 'Australian Capital Territory', 'state': 'New South Wales', 'country': 'Australia', 'postcode': 5949, 'coordinates': {'latitude': '-85.1935', 'longitude': '32.2252'}, 'timezone': {'offset': '+5:00', 'description': 'Ekaterinburg, Islamabad, Karachi, Tashkent'}}, 'email': 'vickie.olson@example.com', 'login': {'uuid': 'fa9acb12-d614-4c35-9020-53920c420cb6', 'username': 'beautifulgoose286', 'password': 'beautiful', 'salt': 'zgrVouKd', 'md5': '8250ea5def1be5ef72b168cccd49eee2', 'sha1': '295df20a5664dc890984c689e207bf5f802ae5f5', 'sha256': '441b4aa60f24a0b83520c8b41f23dafb88624562771ffd3f3e80f6fa7014372a'}, 'dob': {'date': '1979-04-15T01:16:53.444Z', 'age': 45}, 'registered': {'date': '2005-10-31T15:31:24.827Z', 'age': 18}, 'phone': '07-2107-7363', 'cell': '0435-943-656', 'id': {'name': 'TFN', 'value': '025179472'}, 'picture': {'large': 'https://randomuser.me/api/portraits/women/0.jpg', 'medium': 'https://randomuser.me/api/portraits/med/women/0.jpg', 'thumbnail': 'https://randomuser.me/api/portraits/thumb/women/0.jpg'}, 'nat': 'AU'}</msg>
<arg>${json_data['results'][0]}</arg>
<doc>Logs the given message with the given level.</doc>
<status status="PASS" start="2024-07-09T19:11:56.773267" elapsed="0.000396"/>
</kw>
<kw name="Log" owner="BuiltIn">
<msg time="2024-07-09T19:11:56.774080" level="INFO">email</msg>
<arg>${key}</arg>
<doc>Logs the given message with the given level.</doc>
<status status="PASS" start="2024-07-09T19:11:56.773951" elapsed="0.000166"/>
</kw>
<var name="${key}">email</var>
<status status="PASS" start="2024-07-09T19:11:56.772567" elapsed="0.001759"/>
</iter>
<iter>
<kw name="Dictionary Should Contain Key" owner="Collections">
<arg>${json_data['results'][0]}</arg>
<arg>${key}</arg>
<doc>Fails if ``key`` is not found from ``dictionary``.</doc>
<status status="PASS" start="2024-07-09T19:11:56.774606" elapsed="0.000379"/>
</kw>
<kw name="Log" owner="BuiltIn">
<msg time="2024-07-09T19:11:56.775497" level="INFO">{'gender': 'female', 'name': {'title': 'Mrs', 'first': 'Vickie', 'last': 'Olson'}, 'location': {'street': {'number': 7986, 'name': 'Saddle Dr'}, 'city': 'Australian Capital Territory', 'state': 'New South Wales', 'country': 'Australia', 'postcode': 5949, 'coordinates': {'latitude': '-85.1935', 'longitude': '32.2252'}, 'timezone': {'offset': '+5:00', 'description': 'Ekaterinburg, Islamabad, Karachi, Tashkent'}}, 'email': 'vickie.olson@example.com', 'login': {'uuid': 'fa9acb12-d614-4c35-9020-53920c420cb6', 'username': 'beautifulgoose286', 'password': 'beautiful', 'salt': 'zgrVouKd', 'md5': '8250ea5def1be5ef72b168cccd49eee2', 'sha1': '295df20a5664dc890984c689e207bf5f802ae5f5', 'sha256': '441b4aa60f24a0b83520c8b41f23dafb88624562771ffd3f3e80f6fa7014372a'}, 'dob': {'date': '1979-04-15T01:16:53.444Z', 'age': 45}, 'registered': {'date': '2005-10-31T15:31:24.827Z', 'age': 18}, 'phone': '07-2107-7363', 'cell': '0435-943-656', 'id': {'name': 'TFN', 'value': '025179472'}, 'picture': {'large': 'https://randomuser.me/api/portraits/women/0.jpg', 'medium': 'https://randomuser.me/api/portraits/med/women/0.jpg', 'thumbnail': 'https://randomuser.me/api/portraits/thumb/women/0.jpg'}, 'nat': 'AU'}</msg>
<arg>${json_data['results'][0]}</arg>
<doc>Logs the given message with the given level.</doc>
<status status="PASS" start="2024-07-09T19:11:56.775159" elapsed="0.000385"/>
</kw>
<kw name="Log" owner="BuiltIn">
<msg time="2024-07-09T19:11:56.775951" level="INFO">login</msg>
<arg>${key}</arg>
<doc>Logs the given message with the given level.</doc>
<status status="PASS" start="2024-07-09T19:11:56.775828" elapsed="0.000159"/>
</kw>
<var name="${key}">login</var>
<status status="PASS" start="2024-07-09T19:11:56.774495" elapsed="0.001701"/>
</iter>
<var>${key}</var>
<value>@{expected_keys}</value>
<status status="PASS" start="2024-07-09T19:11:56.766569" elapsed="0.009769"/>
</for>
<kw name="Create List" owner="BuiltIn">
<msg time="2024-07-09T19:11:56.776667" level="INFO">${expected_keysTwo} = ['username', 'password']</msg>
<var>${expected_keysTwo}</var>
<arg>username</arg>
<arg>password</arg>
<doc>Returns a list containing given items.</doc>
<status status="PASS" start="2024-07-09T19:11:56.776531" elapsed="0.000160"/>
</kw>
<for flavor="IN">
<iter>
<kw name="Dictionary Should Contain Key" owner="Collections">
<arg>${json_data['results'][0]['login']}</arg>
<arg>${keyTwo}</arg>
<doc>Fails if ``key`` is not found from ``dictionary``.</doc>
<status status="PASS" start="2024-07-09T19:11:56.777213" elapsed="0.000387"/>
</kw>
<kw name="Dictionary Should Contain Key" owner="Collections">
<arg>${json_data['results'][0]['login']}</arg>
<arg>${keyTwo}</arg>
<doc>Fails if ``key`` is not found from ``dictionary``.</doc>
<status status="PASS" start="2024-07-09T19:11:56.777777" elapsed="0.000367"/>
</kw>
<kw name="Log" owner="BuiltIn">
<msg time="2024-07-09T19:11:56.778443" level="INFO">username</msg>
<arg>${keyTwo}</arg>
<doc>Logs the given message with the given level.</doc>
<status status="PASS" start="2024-07-09T19:11:56.778323" elapsed="0.000157"/>
</kw>
<var name="${keyTwo}">username</var>
<status status="PASS" start="2024-07-09T19:11:56.777106" elapsed="0.001588"/>
</iter>
<iter>
<kw name="Dictionary Should Contain Key" owner="Collections">
<arg>${json_data['results'][0]['login']}</arg>
<arg>${keyTwo}</arg>
<doc>Fails if ``key`` is not found from ``dictionary``.</doc>
<status status="PASS" start="2024-07-09T19:11:56.778968" elapsed="0.000382"/>
</kw>
<kw name="Dictionary Should Contain Key" owner="Collections">
<arg>${json_data['results'][0]['login']}</arg>
<arg>${keyTwo}</arg>
<doc>Fails if ``key`` is not found from ``dictionary``.</doc>
<status status="PASS" start="2024-07-09T19:11:56.779524" elapsed="0.000363"/>
</kw>
<kw name="Log" owner="BuiltIn">
<msg time="2024-07-09T19:11:56.780177" level="INFO">password</msg>
<arg>${keyTwo}</arg>
<doc>Logs the given message with the given level.</doc>
<status status="PASS" start="2024-07-09T19:11:56.780059" elapsed="0.000160"/>
</kw>
<var name="${keyTwo}">password</var>
<status status="PASS" start="2024-07-09T19:11:56.778863" elapsed="0.001660"/>
</iter>
<var>${keyTwo}</var>
<value>@{expected_keysTwo}</value>
<status status="PASS" start="2024-07-09T19:11:56.776952" elapsed="0.003689"/>
</for>
<status status="PASS" start="2024-07-09T19:11:56.679829" elapsed="0.100976"/>
</kw>
<doc>Testa a estrutura da resposta da API.</doc>
<tag>testeEstruturaResposta</tag>
<status status="PASS" start="2024-07-09T19:11:56.679246" elapsed="0.101708"/>
</test>
<test id="s1-s1-t4" name="Validar tipos de dados" line="28">
<kw name="Teste de Tipos de Dados" owner="random-user-service">
<kw name="GET On Session" owner="RequestsLibrary">
<msg time="2024-07-09T19:11:56.866894" level="INFO">GET Request : url=https://randomuser.me/api 
 path_url=/api 
 headers={'User-Agent': 'python-requests/2.32.3', 'Accept-Encoding': 'gzip, deflate', 'Accept': '*/*', 'Connection': 'keep-alive'} 
 body=None 
 </msg>
<msg time="2024-07-09T19:11:56.866983" level="INFO">GET Response : url=https://randomuser.me/api 
 status=200, reason=OK 
 headers={'Date': 'Tue, 09 Jul 2024 19:11:56 GMT', 'Content-Type': 'application/json; charset=utf-8', 'Transfer-Encoding': 'chunked', 'Connection': 'keep-alive', 'X-Powered-By': 'Express', 'Access-Control-Allow-Origin': '*', 'Cache-Control': 'no-cache', 'ETag': 'W/"4a6-HjIibykrX7tX+AN1lLquuX4+btI"', 'Vary': 'Accept-Encoding', 'Content-Encoding': 'gzip', 'CF-Cache-Status': 'DYNAMIC', 'Report-To': '{"endpoints":[{"url":"https:\\/\\/a.nel.cloudflare.com\\/report\\/v4?s=MqNxThgWqHfe%2FTC%2FjsUT6YZl%2F8nLwtnpNbZxulqOYQHuQV8E1yexXKaF3r1WQOIoTu9pcKcJiV3%2FxLSQiIIdBP9OCaypM7u%2FLqAVgU9qvuAnQJv3shNVXGVhsu6RIF4S"}],"group":"cf-nel","max_age":604800}', 'NEL': '{"success_fraction":0,"report_to":"cf-nel","max_age":604800}', 'Server': 'cloudflare', 'CF-RAY': '8a0a9f6be9fcfa56-SJC', 'alt-svc': 'h3=":443"; ma=86400'} 
 body={"results":[{"gender":"female","name":{"title":"Mrs","first":"Deborah","last":"Morris"},"location":{"street":{"number":6366,"name":"Green Lane"},"city":"Bath","state":"Highlands and Islands","country":"United Kingdom","postcode":"OO3 9XL","coordinates":{"latitude":"-11.7101","longitude":"28.4021"},"timezone":{"offset":"-3:00","description":"Brazil, Buenos Aires, Georgetown"}},"email":"deborah.morris@example.com","login":{"uuid":"4aa5a308-32cd-448d-9c97-ba5808b8a0ba","username":"lazypanda708","password":"medical","salt":"kV2sHZJW","md5":"90a9e26031c1fbe95e1ac3d53a1a2ee0","sha1":"0057a5a8260dd889deae4dcf95d808af4b0ae64f","sha256":"6c8d666f54826bac259451899c7ee47a90dad52be8cefcfc67e7b74a421a224b"},"dob":{"date":"1964-05-26T03:16:28.214Z","age":60},"registered":{"date":"2012-11-15T08:37:54.762Z","age":11},"phone":"026 4114 6360","cell":"07960 227526","id":{"name":"NINO","value":"JK 05 22 92 G"},"picture":{"large":"https://randomuser.me/api/portraits/women/4.jpg","medium":"https://randomuser.me/api/portraits/med/women/4.jpg","thumbnail":"https://randomuser.me/api/portraits/thumb/women/4.jpg"},"nat":"GB"}],"info":{"seed":"20976bf883207394","results":1,"page":1,"version":"1.4"}} 
 </msg>
<msg time="2024-07-09T19:11:56.867056" level="INFO">/opt/hostedtoolcache/Python/3.12.4/x64/lib/python3.12/site-packages/urllib3/connectionpool.py:1099: InsecureRequestWarning: Unverified HTTPS request is being made to host 'randomuser.me'. Adding certificate verification is strongly advised. See: https://urllib3.readthedocs.io/en/latest/advanced-usage.html#tls-warnings
  warnings.warn(</msg>
<msg time="2024-07-09T19:11:56.867181" level="INFO">${response} = &lt;Response [200]&gt;</msg>
<var>${response}</var>
<arg>consultarAPI</arg>
<arg>/api</arg>
<doc>Sends a GET request on a previously created HTTP Session.</doc>
<status status="PASS" start="2024-07-09T19:11:56.783471" elapsed="0.083762"/>
</kw>
<kw name="Set Variable" owner="BuiltIn">
<msg time="2024-07-09T19:11:56.868430" level="INFO">${json_data} = {'results': [{'gender': 'female', 'name': {'title': 'Mrs', 'first': 'Deborah', 'last': 'Morris'}, 'location': {'street': {'number': 6366, 'name': 'Green Lane'}, 'city': 'Bath', 'state': 'Highlands and...</msg>
<var>${json_data}</var>
<arg>${response.json()}</arg>
<doc>Returns the given values which can then be assigned to a variables.</doc>
<status status="PASS" start="2024-07-09T19:11:56.867856" elapsed="0.000604"/>
</kw>
<kw name="Log" owner="BuiltIn">
<msg time="2024-07-09T19:11:56.868981" level="INFO">{'results': [{'gender': 'female', 'name': {'title': 'Mrs', 'first': 'Deborah', 'last': 'Morris'}, 'location': {'street': {'number': 6366, 'name': 'Green Lane'}, 'city': 'Bath', 'state': 'Highlands and Islands', 'country': 'United Kingdom', 'postcode': 'OO3 9XL', 'coordinates': {'latitude': '-11.7101', 'longitude': '28.4021'}, 'timezone': {'offset': '-3:00', 'description': 'Brazil, Buenos Aires, Georgetown'}}, 'email': 'deborah.morris@example.com', 'login': {'uuid': '4aa5a308-32cd-448d-9c97-ba5808b8a0ba', 'username': 'lazypanda708', 'password': 'medical', 'salt': 'kV2sHZJW', 'md5': '90a9e26031c1fbe95e1ac3d53a1a2ee0', 'sha1': '0057a5a8260dd889deae4dcf95d808af4b0ae64f', 'sha256': '6c8d666f54826bac259451899c7ee47a90dad52be8cefcfc67e7b74a421a224b'}, 'dob': {'date': '1964-05-26T03:16:28.214Z', 'age': 60}, 'registered': {'date': '2012-11-15T08:37:54.762Z', 'age': 11}, 'phone': '026 4114 6360', 'cell': '07960 227526', 'id': {'name': 'NINO', 'value': 'JK 05 22 92 G'}, 'picture': {'large': 'https://randomuser.me/api/portraits/women/4.jpg', 'medium': 'https://randomuser.me/api/portraits/med/women/4.jpg', 'thumbnail': 'https://randomuser.me/api/portraits/thumb/women/4.jpg'}, 'nat': 'GB'}], 'info': {'seed': '20976bf883207394', 'results': 1, 'page': 1, 'version': '1.4'}}</msg>
<arg>${json_data}</arg>
<doc>Logs the given message with the given level.</doc>
<status status="PASS" start="2024-07-09T19:11:56.868808" elapsed="0.000223"/>
</kw>
<kw name="Should Be String" owner="String">
<arg>${json_data['results'][0]['gender']}</arg>
<doc>Fails if the given ``item`` is not a string.</doc>
<status status="PASS" start="2024-07-09T19:11:56.869357" elapsed="0.000364"/>
</kw>
<kw name="Should Match Regexp" owner="BuiltIn">
<arg>${json_data['results'][0]['email']}</arg>
<arg>^[a-zA-Z0-9._%+-]+@[a-zA-Z0-9.-]+\.[a-zA-Z]{2,}$</arg>
<doc>Fails if ``string`` does not match ``pattern`` as a regular expression.</doc>
<status status="PASS" start="2024-07-09T19:11:56.869916" elapsed="0.000535"/>
</kw>
<kw name="Should Match Regexp" owner="BuiltIn">
<arg>${json_data['results'][0]['dob']['date']}</arg>
<arg>\\d{4}-\\d{2}-\\d{2}T\\d{2}:\\d{2}:\\d{2}\\.\\d{3}Z</arg>
<doc>Fails if ``string`` does not match ``pattern`` as a regular expression.</doc>
<status status="PASS" start="2024-07-09T19:11:56.870648" elapsed="0.000485"/>
</kw>
<kw name="Should Match Regexp" owner="BuiltIn">
<arg>${json_data['results'][0]['registered']['date']}</arg>
<arg>\\d{4}-\\d{2}-\\d{2}T\\d{2}:\\d{2}:\\d{2}\\.\\d{3}Z</arg>
<doc>Fails if ``string`` does not match ``pattern`` as a regular expression.</doc>
<status status="PASS" start="2024-07-09T19:11:56.871324" elapsed="0.000376"/>
</kw>
<kw name="Should Match Regexp" owner="BuiltIn">
<arg>${json_data['results'][0]['picture']['large']}</arg>
<arg>^https?://.*\.(?:png|jpe?g|gif|bmp)$</arg>
<doc>Fails if ``string`` does not match ``pattern`` as a regular expression.</doc>
<status status="PASS" start="2024-07-09T19:11:56.871885" elapsed="0.000454"/>
</kw>
<kw name="Should Match Regexp" owner="BuiltIn">
<arg>${json_data['results'][0]['picture']['medium']}</arg>
<arg>^https?://.*\.(?:png|jpe?g|gif|bmp)$</arg>
<doc>Fails if ``string`` does not match ``pattern`` as a regular expression.</doc>
<status status="PASS" start="2024-07-09T19:11:56.872524" elapsed="0.000385"/>
</kw>
<kw name="Should Match Regexp" owner="BuiltIn">
<arg>${json_data['results'][0]['picture']['thumbnail']}</arg>
<arg>^https?://.*\.(?:png|jpe?g|gif|bmp)$</arg>
<doc>Fails if ``string`` does not match ``pattern`` as a regular expression.</doc>
<status status="PASS" start="2024-07-09T19:11:56.873093" elapsed="0.000361"/>
</kw>
<kw name="Log" owner="BuiltIn">
<msg time="2024-07-09T19:11:56.873965" level="INFO">{'large': 'https://randomuser.me/api/portraits/women/4.jpg', 'medium': 'https://randomuser.me/api/portraits/med/women/4.jpg', 'thumbnail': 'https://randomuser.me/api/portraits/thumb/women/4.jpg'}</msg>
<arg>${json_data['results'][0]['picture']}</arg>
<doc>Logs the given message with the given level.</doc>
<status status="PASS" start="2024-07-09T19:11:56.873638" elapsed="0.000370"/>
</kw>
<status status="PASS" start="2024-07-09T19:11:56.783249" elapsed="0.091018"/>
</kw>
<kw name="Teste de Tipos de Dados - Postcode" owner="random-user-service">
<kw name="GET On Session" owner="RequestsLibrary">
<msg time="2024-07-09T19:11:57.164258" level="INFO">GET Request : url=https://randomuser.me/api 
 path_url=/api 
 headers={'User-Agent': 'python-requests/2.32.3', 'Accept-Encoding': 'gzip, deflate', 'Accept': '*/*', 'Connection': 'keep-alive'} 
 body=None 
 </msg>
<msg time="2024-07-09T19:11:57.164370" level="INFO">GET Response : url=https://randomuser.me/api 
 status=200, reason=OK 
 headers={'Date': 'Tue, 09 Jul 2024 19:11:57 GMT', 'Content-Type': 'application/json; charset=utf-8', 'Transfer-Encoding': 'chunked', 'Connection': 'keep-alive', 'X-Powered-By': 'Express', 'Access-Control-Allow-Origin': '*', 'Cache-Control': 'no-cache', 'ETag': 'W/"481-meZh5pSySwB1l47jj8xiUnQ77bs"', 'Vary': 'Accept-Encoding', 'Content-Encoding': 'gzip', 'CF-Cache-Status': 'DYNAMIC', 'Report-To': '{"endpoints":[{"url":"https:\\/\\/a.nel.cloudflare.com\\/report\\/v4?s=i3CwyRaX7C6lPO51UvDVQtS795x7EqDqjS6uR3jTtzhzHSV9L%2FoR2nVkgbhXLRCvxbbgBDO1qQ7w3%2Bw8pzEP1NfKbxQvLq%2FDh7WpsIhwG%2BMwdn%2BX29tA3Iicc6ymDfL7"}],"group":"cf-nel","max_age":604800}', 'NEL': '{"success_fraction":0,"report_to":"cf-nel","max_age":604800}', 'Server': 'cloudflare', 'CF-RAY': '8a0a9f6c8aa9fa56-SJC', 'alt-svc': 'h3=":443"; ma=86400'} 
 body={"results":[{"gender":"male","name":{"title":"Mr","first":"Reginald","last":"Roberts"},"location":{"street":{"number":6719,"name":"Mockingbird Ln"},"city":"Devonport","state":"Western Australia","country":"Australia","postcode":7395,"coordinates":{"latitude":"-85.2847","longitude":"-173.8548"},"timezone":{"offset":"+3:30","description":"Tehran"}},"email":"reginald.roberts@example.com","login":{"uuid":"cc9a85e7-e4d3-4b3d-bbde-9dd75f541410","username":"ticklishtiger614","password":"pics","salt":"4r1nRmYR","md5":"e0944f5c75dfdcd8dab1e5645ffb21f5","sha1":"b665a1e82cccd8c181fa932c5e925143fbe639bd","sha256":"57b1443ee854240bd64f19ff9356f5fc20b9c2963396ce2baf4374db84bd3fc1"},"dob":{"date":"1993-04-09T02:31:21.440Z","age":31},"registered":{"date":"2019-08-25T06:19:38.783Z","age":4},"phone":"03-9320-3007","cell":"0404-869-889","id":{"name":"TFN","value":"382721040"},"picture":{"large":"https://randomuser.me/api/portraits/men/48.jpg","medium":"https://randomuser.me/api/portraits/med/men/48.jpg","thumbnail":"https://randomuser.me/api/portraits/thumb/men/48.jpg"},"nat":"AU"}],"info":{"seed":"12f3424a52fedb33","results":1,"page":1,"version":"1.4"}} 
 </msg>
<msg time="2024-07-09T19:11:57.164448" level="INFO">/opt/hostedtoolcache/Python/3.12.4/x64/lib/python3.12/site-packages/urllib3/connectionpool.py:1099: InsecureRequestWarning: Unverified HTTPS request is being made to host 'randomuser.me'. Adding certificate verification is strongly advised. See: https://urllib3.readthedocs.io/en/latest/advanced-usage.html#tls-warnings
  warnings.warn(</msg>
<msg time="2024-07-09T19:11:57.164600" level="INFO">${response} = &lt;Response [200]&gt;</msg>
<var>${response}</var>
<arg>consultarAPI</arg>
<arg>/api</arg>
<doc>Sends a GET request on a previously created HTTP Session.</doc>
<status status="PASS" start="2024-07-09T19:11:56.874710" elapsed="0.289939"/>
</kw>
<kw name="Set Variable" owner="BuiltIn">
<msg time="2024-07-09T19:11:57.165855" level="INFO">${json_data} = {'results': [{'gender': 'male', 'name': {'title': 'Mr', 'first': 'Reginald', 'last': 'Roberts'}, 'location': {'street': {'number': 6719, 'name': 'Mockingbird Ln'}, 'city': 'Devonport', 'state': 'Weste...</msg>
<var>${json_data}</var>
<arg>${response.json()}</arg>
<doc>Returns the given values which can then be assigned to a variables.</doc>
<status status="PASS" start="2024-07-09T19:11:57.165312" elapsed="0.000572"/>
</kw>
<kw name="Log" owner="BuiltIn">
<msg time="2024-07-09T19:11:57.166363" level="INFO">{'results': [{'gender': 'male', 'name': {'title': 'Mr', 'first': 'Reginald', 'last': 'Roberts'}, 'location': {'street': {'number': 6719, 'name': 'Mockingbird Ln'}, 'city': 'Devonport', 'state': 'Western Australia', 'country': 'Australia', 'postcode': 7395, 'coordinates': {'latitude': '-85.2847', 'longitude': '-173.8548'}, 'timezone': {'offset': '+3:30', 'description': 'Tehran'}}, 'email': 'reginald.roberts@example.com', 'login': {'uuid': 'cc9a85e7-e4d3-4b3d-bbde-9dd75f541410', 'username': 'ticklishtiger614', 'password': 'pics', 'salt': '4r1nRmYR', 'md5': 'e0944f5c75dfdcd8dab1e5645ffb21f5', 'sha1': 'b665a1e82cccd8c181fa932c5e925143fbe639bd', 'sha256': '57b1443ee854240bd64f19ff9356f5fc20b9c2963396ce2baf4374db84bd3fc1'}, 'dob': {'date': '1993-04-09T02:31:21.440Z', 'age': 31}, 'registered': {'date': '2019-08-25T06:19:38.783Z', 'age': 4}, 'phone': '03-9320-3007', 'cell': '0404-869-889', 'id': {'name': 'TFN', 'value': '382721040'}, 'picture': {'large': 'https://randomuser.me/api/portraits/men/48.jpg', 'medium': 'https://randomuser.me/api/portraits/med/men/48.jpg', 'thumbnail': 'https://randomuser.me/api/portraits/thumb/men/48.jpg'}, 'nat': 'AU'}], 'info': {'seed': '12f3424a52fedb33', 'results': 1, 'page': 1, 'version': '1.4'}}</msg>
<arg>${json_data}</arg>
<doc>Logs the given message with the given level.</doc>
<status status="PASS" start="2024-07-09T19:11:57.166205" elapsed="0.000207"/>
</kw>
<kw name="Should Be Equal As Numbers" owner="BuiltIn">
<arg>${json_data['results'][0]['location']['postcode']}</arg>
<arg>${json_data['results'][0]['location']['postcode']}</arg>
<doc>Fails if objects are unequal after converting them to real numbers.</doc>
<status status="PASS" start="2024-07-09T19:11:57.166703" elapsed="0.000623"/>
</kw>
<kw name="Log" owner="BuiltIn">
<msg time="2024-07-09T19:11:57.168056" level="INFO">7395</msg>
<arg>${json_data['results'][0]['location']['postcode']}</arg>
<doc>Logs the given message with the given level.</doc>
<status status="PASS" start="2024-07-09T19:11:57.167550" elapsed="0.000557"/>
</kw>
<status status="PASS" start="2024-07-09T19:11:56.874486" elapsed="0.293880"/>
</kw>
<doc>Testa se os tipos de dados na resposta da API estão corretos.</doc>
<tag>testeTiposDados</tag>
<status status="PASS" start="2024-07-09T19:11:56.782710" elapsed="0.385823"/>
</test>
<test id="s1-s1-t5" name="Validar conteudo" line="35">
<kw name="Teste de Tipos de Conteudo" owner="random-user-service">
<kw name="GET On Session" owner="RequestsLibrary">
<msg time="2024-07-09T19:11:57.259996" level="INFO">GET Request : url=https://randomuser.me/api 
 path_url=/api 
 headers={'User-Agent': 'python-requests/2.32.3', 'Accept-Encoding': 'gzip, deflate', 'Accept': '*/*', 'Connection': 'keep-alive'} 
 body=None 
 </msg>
<msg time="2024-07-09T19:11:57.260083" level="INFO">GET Response : url=https://randomuser.me/api 
 status=200, reason=OK 
 headers={'Date': 'Tue, 09 Jul 2024 19:11:57 GMT', 'Content-Type': 'application/json; charset=utf-8', 'Transfer-Encoding': 'chunked', 'Connection': 'keep-alive', 'X-Powered-By': 'Express', 'Access-Control-Allow-Origin': '*', 'Cache-Control': 'no-cache', 'ETag': 'W/"47f-9mBzQChTmJ/RK8MQeWGAArMA39A"', 'Vary': 'Accept-Encoding', 'Content-Encoding': 'gzip', 'CF-Cache-Status': 'DYNAMIC', 'Report-To': '{"endpoints":[{"url":"https:\\/\\/a.nel.cloudflare.com\\/report\\/v4?s=CfxYUS1CSRWL%2BVcel6UTY3Gpumxr%2FIJqPSu6Yi4IhZNOduHdCQ9rlir%2B8vLx51vTNh6fRl9Unj8HAnhR16nYL1SDTSOoUhwqhz%2FspyF3zxwQgoYVOKMZYifutwaBofMG"}],"group":"cf-nel","max_age":604800}', 'NEL': '{"success_fraction":0,"report_to":"cf-nel","max_age":604800}', 'Server': 'cloudflare', 'CF-RAY': '8a0a9f6e5c42fa56-SJC', 'alt-svc': 'h3=":443"; ma=86400'} 
 body={"results":[{"gender":"female","name":{"title":"Mrs","first":"Mirjana","last":"Rodić"},"location":{"street":{"number":4636,"name":"Buljubaše Ranka Uroševića"},"city":"Jagodina","state":"Bor","country":"Serbia","postcode":99906,"coordinates":{"latitude":"61.3898","longitude":"174.8106"},"timezone":{"offset":"-10:00","description":"Hawaii"}},"email":"mirjana.rodic@example.com","login":{"uuid":"9aa17240-f31e-4ce1-91b2-bef902df695a","username":"blackpeacock928","password":"piano","salt":"pg5W5g1e","md5":"9d023e3621d452bfc30aef9dabed8930","sha1":"37809365c6146facae9009b632409b270cd59861","sha256":"d3ea91c1b328844edbb5d35c34a00dd01e092a439be38fa711172bf342547a5a"},"dob":{"date":"2001-03-04T09:21:30.011Z","age":23},"registered":{"date":"2014-06-30T11:12:20.507Z","age":10},"phone":"018-9463-658","cell":"063-1559-447","id":{"name":"SID","value":"610878768"},"picture":{"large":"https://randomuser.me/api/portraits/women/5.jpg","medium":"https://randomuser.me/api/portraits/med/women/5.jpg","thumbnail":"https://randomuser.me/api/portraits/thumb/women/5.jpg"},"nat":"RS"}],"info":{"seed":"f01e079178bcc39b","results":1,"page":1,"version":"1.4"}} 
 </msg>
<msg time="2024-07-09T19:11:57.260154" level="INFO">/opt/hostedtoolcache/Python/3.12.4/x64/lib/python3.12/site-packages/urllib3/connectionpool.py:1099: InsecureRequestWarning: Unverified HTTPS request is being made to host 'randomuser.me'. Adding certificate verification is strongly advised. See: https://urllib3.readthedocs.io/en/latest/advanced-usage.html#tls-warnings
  warnings.warn(</msg>
<msg time="2024-07-09T19:11:57.260379" level="INFO">${response} = &lt;Response [200]&gt;</msg>
<var>${response}</var>
<arg>consultarAPI</arg>
<arg>/api</arg>
<doc>Sends a GET request on a previously created HTTP Session.</doc>
<status status="PASS" start="2024-07-09T19:11:57.171085" elapsed="0.089339"/>
</kw>
<kw name="Set Variable" owner="BuiltIn">
<msg time="2024-07-09T19:11:57.261527" level="INFO">${json_data} = {'results': [{'gender': 'female', 'name': {'title': 'Mrs', 'first': 'Mirjana', 'last': 'Rodić'}, 'location': {'street': {'number': 4636, 'name': 'Buljubaše Ranka Uroševića'}, 'city': 'Jagodina', 'stat...</msg>
<var>${json_data}</var>
<arg>${response.json()}</arg>
<doc>Returns the given values which can then be assigned to a variables.</doc>
<status status="PASS" start="2024-07-09T19:11:57.261012" elapsed="0.000547"/>
</kw>
<kw name="Set Variable" owner="BuiltIn">
<msg time="2024-07-09T19:11:57.262254" level="INFO">${name_title} = Mrs</msg>
<var>${name_title}</var>
<arg>${json_data["results"][0]["name"]["title"]}</arg>
<doc>Returns the given values which can then be assigned to a variables.</doc>
<status status="PASS" start="2024-07-09T19:11:57.261868" elapsed="0.000412"/>
</kw>
<kw name="Create List" owner="BuiltIn">
<msg time="2024-07-09T19:11:57.262726" level="INFO">${allowed_titles} = ['Mr', 'Ms', 'Miss', 'Mrs', 'Madame', 'Monsieur']</msg>
<var>${allowed_titles}</var>
<arg>Mr</arg>
<arg>Ms</arg>
<arg>Miss</arg>
<arg>Mrs</arg>
<arg>Madame</arg>
<arg>Monsieur</arg>
<doc>Returns a list containing given items.</doc>
<status status="PASS" start="2024-07-09T19:11:57.262578" elapsed="0.000172"/>
</kw>
<kw name="List Should Contain Value" owner="Collections">
<arg>${allowed_titles}</arg>
<arg>${name_title}</arg>
<doc>Fails if the ``value`` is not found from ``list``.</doc>
<status status="PASS" start="2024-07-09T19:11:57.263049" elapsed="0.000176"/>
</kw>
<kw name="Set Variable" owner="BuiltIn">
<msg time="2024-07-09T19:11:57.263778" level="INFO">${name_country} = RS</msg>
<var>${name_country}</var>
<arg>${json_data["results"][0]["nat"]}</arg>
<doc>Returns the given values which can then be assigned to a variables.</doc>
<status status="PASS" start="2024-07-09T19:11:57.263404" elapsed="0.000400"/>
</kw>
<kw name="Create List" owner="BuiltIn">
<msg time="2024-07-09T19:11:57.264695" level="INFO">${list_country} = ['AD', 'AE', 'AF', 'AG', 'AI', 'AL', 'AM', 'AO', 'AQ', 'AR', 'AS', 'AT', 'AU', 'AW', 'AX', 'AZ', 'BA', 'BB', 'BD', 'BE', 'BF', 'BG', 'BH', 'BI', 'BJ', 'BL', 'BM', 'BN', 'BO', 'BQ', 'BR', 'BS', 'BT', '...</msg>
<var>${list_country}</var>
<arg>AD</arg>
<arg>AE</arg>
<arg>AF</arg>
<arg>AG</arg>
<arg>AI</arg>
<arg>AL</arg>
<arg>AM</arg>
<arg>AO</arg>
<arg>AQ</arg>
<arg>AR</arg>
<arg>AS</arg>
<arg>AT</arg>
<arg>AU</arg>
<arg>AW</arg>
<arg>AX</arg>
<arg>AZ</arg>
<arg>BA</arg>
<arg>BB</arg>
<arg>BD</arg>
<arg>BE</arg>
<arg>BF</arg>
<arg>BG</arg>
<arg>BH</arg>
<arg>BI</arg>
<arg>BJ</arg>
<arg>BL</arg>
<arg>BM</arg>
<arg>BN</arg>
<arg>BO</arg>
<arg>BQ</arg>
<arg>BR</arg>
<arg>BS</arg>
<arg>BT</arg>
<arg>BV</arg>
<arg>BW</arg>
<arg>BY</arg>
<arg>BZ</arg>
<arg>CA</arg>
<arg>CC</arg>
<arg>CD</arg>
<arg>CF</arg>
<arg>CG</arg>
<arg>CH</arg>
<arg>CI</arg>
<arg>CK</arg>
<arg>CL</arg>
<arg>CM</arg>
<arg>CN</arg>
<arg>CO</arg>
<arg>CR</arg>
<arg>CU</arg>
<arg>CV</arg>
<arg>CW</arg>
<arg>CX</arg>
<arg>CY</arg>
<arg>CZ</arg>
<arg>DE</arg>
<arg>DJ</arg>
<arg>DK</arg>
<arg>DM</arg>
<arg>DO</arg>
<arg>DZ</arg>
<arg>EC</arg>
<arg>EE</arg>
<arg>EG</arg>
<arg>EH</arg>
<arg>ER</arg>
<arg>ES</arg>
<arg>ET</arg>
<arg>FI</arg>
<arg>FJ</arg>
<arg>FK</arg>
<arg>FM</arg>
<arg>FO</arg>
<arg>FR</arg>
<arg>GA</arg>
<arg>GB</arg>
<arg>GD</arg>
<arg>GE</arg>
<arg>GF</arg>
<arg>GG</arg>
<arg>GH</arg>
<arg>GI</arg>
<arg>GL</arg>
<arg>GM</arg>
<arg>GN</arg>
<arg>GP</arg>
<arg>GQ</arg>
<arg>GR</arg>
<arg>GS</arg>
<arg>GT</arg>
<arg>GU</arg>
<arg>GW</arg>
<arg>GY</arg>
<arg>HK</arg>
<arg>HM</arg>
<arg>HN</arg>
<arg>HR</arg>
<arg>HT</arg>
<arg>HU</arg>
<arg>ID</arg>
<arg>IE</arg>
<arg>IL</arg>
<arg>IM</arg>
<arg>IN</arg>
<arg>IO</arg>
<arg>IQ</arg>
<arg>IR</arg>
<arg>IS</arg>
<arg>IT</arg>
<arg>JE</arg>
<arg>JM</arg>
<arg>JO</arg>
<arg>JP</arg>
<arg>KE</arg>
<arg>KG</arg>
<arg>KH</arg>
<arg>KI</arg>
<arg>KM</arg>
<arg>KN</arg>
<arg>KP</arg>
<arg>KR</arg>
<arg>KW</arg>
<arg>KY</arg>
<arg>KZ</arg>
<arg>LA</arg>
<arg>LB</arg>
<arg>LC</arg>
<arg>LI</arg>
<arg>LK</arg>
<arg>LR</arg>
<arg>LS</arg>
<arg>LT</arg>
<arg>LU</arg>
<arg>LV</arg>
<arg>LY</arg>
<arg>MA</arg>
<arg>MC</arg>
<arg>MD</arg>
<arg>ME</arg>
<arg>MF</arg>
<arg>MG</arg>
<arg>MH</arg>
<arg>MK</arg>
<arg>ML</arg>
<arg>MM</arg>
<arg>MN</arg>
<arg>MO</arg>
<arg>MP</arg>
<arg>MQ</arg>
<arg>MR</arg>
<arg>MS</arg>
<arg>MT</arg>
<arg>MU</arg>
<arg>MV</arg>
<arg>MW</arg>
<arg>MX</arg>
<arg>MY</arg>
<arg>MZ</arg>
<arg>NA</arg>
<arg>NC</arg>
<arg>NE</arg>
<arg>NF</arg>
<arg>NG</arg>
<arg>NI</arg>
<arg>NL</arg>
<arg>NO</arg>
<arg>NP</arg>
<arg>NR</arg>
<arg>NU</arg>
<arg>NZ</arg>
<arg>OM</arg>
<arg>PA</arg>
<arg>PE</arg>
<arg>PF</arg>
<arg>PG</arg>
<arg>PH</arg>
<arg>PK</arg>
<arg>PL</arg>
<arg>PM</arg>
<arg>PN</arg>
<arg>PR</arg>
<arg>PS</arg>
<arg>PT</arg>
<arg>PW</arg>
<arg>PY</arg>
<arg>QA</arg>
<arg>RE</arg>
<arg>RO</arg>
<arg>RS</arg>
<arg>RU</arg>
<arg>RW</arg>
<arg>SA</arg>
<arg>SB</arg>
<arg>SC</arg>
<arg>SD</arg>
<arg>SE</arg>
<arg>SG</arg>
<arg>SH</arg>
<arg>SI</arg>
<arg>SJ</arg>
<arg>SK</arg>
<arg>SL</arg>
<arg>SM</arg>
<arg>SN</arg>
<arg>SO</arg>
<arg>SR</arg>
<arg>SS</arg>
<arg>ST</arg>
<arg>SV</arg>
<arg>SX</arg>
<arg>SY</arg>
<arg>SZ</arg>
<arg>TC</arg>
<arg>TD</arg>
<arg>TF</arg>
<arg>TG</arg>
<arg>TH</arg>
<arg>TJ</arg>
<arg>TK</arg>
<arg>TL</arg>
<arg>TM</arg>
<arg>TN</arg>
<arg>TO</arg>
<arg>TR</arg>
<arg>TT</arg>
<arg>TV</arg>
<arg>TW</arg>
<arg>TZ</arg>
<arg>UA</arg>
<arg>UG</arg>
<arg>UM</arg>
<arg>US</arg>
<arg>UY</arg>
<arg>UZ</arg>
<arg>VA</arg>
<arg>VC</arg>
<arg>VE</arg>
<arg>VG</arg>
<arg>VI</arg>
<arg>VN</arg>
<arg>VU</arg>
<arg>WF</arg>
<arg>WS</arg>
<arg>XK</arg>
<arg>YE</arg>
<arg>YT</arg>
<arg>ZA</arg>
<arg>ZM</arg>
<arg>ZW</arg>
<doc>Returns a list containing given items.</doc>
<status status="PASS" start="2024-07-09T19:11:57.264098" elapsed="0.000653"/>
</kw>
<kw name="List Should Contain Value" owner="Collections">
<arg>${list_country}</arg>
<arg>${name_country}</arg>
<doc>Fails if the ``value`` is not found from ``list``.</doc>
<status status="PASS" start="2024-07-09T19:11:57.265554" elapsed="0.000201"/>
</kw>
<kw name="Run Keyword If" owner="BuiltIn">
<kw name="Should Be True" owner="BuiltIn">
<arg>${True}</arg>
<doc>Fails if the given condition is not true.</doc>
<status status="PASS" start="2024-07-09T19:11:57.266706" elapsed="0.000142"/>
</kw>
<arg>${json_data["results"][0]["location"]["coordinates"]["latitude"]} &gt;= -90 and ${json_data["results"][0]["location"]["coordinates"]["latitude"]} &lt;= 90</arg>
<arg>Should Be True</arg>
<arg>${True}</arg>
<doc>Runs the given keyword with the given arguments, if ``condition`` is true.</doc>
<status status="PASS" start="2024-07-09T19:11:57.265956" elapsed="0.001017"/>
</kw>
<kw name="Run Keyword If" owner="BuiltIn">
<kw name="Should Be True" owner="BuiltIn">
<arg>${True}</arg>
<doc>Fails if the given condition is not true.</doc>
<status status="PASS" start="2024-07-09T19:11:57.267849" elapsed="0.000239"/>
</kw>
<arg>${json_data["results"][0]["location"]["coordinates"]["longitude"]} &gt;= -180 and ${json_data["results"][0]["location"]["coordinates"]["longitude"]} &lt;= 180</arg>
<arg>Should Be True</arg>
<arg>${True}</arg>
<doc>Runs the given keyword with the given arguments, if ``condition`` is true.</doc>
<status status="PASS" start="2024-07-09T19:11:57.267153" elapsed="0.001066"/>
</kw>
<status status="PASS" start="2024-07-09T19:11:57.170865" elapsed="0.097490"/>
</kw>
<doc>Testa o conteúdo específico dos campos retornados pela API.</doc>
<tag>testeConteudo</tag>
<status status="PASS" start="2024-07-09T19:11:57.170332" elapsed="0.098173"/>
</test>
<status status="PASS" start="2024-07-09T19:11:56.194172" elapsed="1.076384"/>
</suite>
<status status="PASS" start="2024-07-09T19:11:56.178770" elapsed="1.096830"/>
</suite>
<statistics>
<total>
<stat pass="5" fail="0" skip="0">All Tests</stat>
</total>
<tag>
<stat pass="1" fail="0" skip="0">testeConteudo</stat>
<stat pass="1" fail="0" skip="0">testeEstruturaResposta</stat>
<stat pass="1" fail="0" skip="0">testeRequisicaoBasica</stat>
<stat pass="1" fail="0" skip="0">testeTiposDados</stat>
</tag>
<suite>
<stat pass="5" fail="0" skip="0" id="s1" name="Tests">Tests</stat>
<stat pass="5" fail="0" skip="0" id="s1-s1" name="Random-User-Test">Tests.Random-User-Test</stat>
</suite>
</statistics>
<errors>
</errors>
</robot>
