<?xml version="1.0" encoding="UTF-8"?>
<robot generator="Robot 7.0 (Python 3.12.2 on linux)" generated="2024-04-02T21:13:19.526115" rpa="false" schemaversion="5">
<suite id="s1" name="Tests" source="/home/runner/work/DesafioQAItauRogerioJordao/DesafioQAItauRogerioJordao/RamdonUser/tests">
<suite id="s1-s1" name="Random-User-Test" source="/home/runner/work/DesafioQAItauRogerioJordao/DesafioQAItauRogerioJordao/RamdonUser/tests/random-user-test.robot">
<test id="s1-s1-t1" name="Conectar" line="13">
<kw name="Conectar API" owner="random-user-service">
<kw name="Create Session" owner="RequestsLibrary">
<msg time="2024-04-02T21:13:19.885433" level="INFO">Creating Session using : alias=consultarAPI, url=https://randomuser.me/, headers={},                     cookies={}, auth=None, timeout=None, proxies=None, verify=False,                     debug=0 </msg>
<arg>consultarAPI</arg>
<arg>${URL}</arg>
<doc>Create Session: create a HTTP session to a server</doc>
<status status="PASS" start="2024-04-02T21:13:19.885207" elapsed="0.000418"/>
</kw>
<status status="PASS" start="2024-04-02T21:13:19.884103" elapsed="0.001895"/>
</kw>
<status status="PASS" start="2024-04-02T21:13:19.883524" elapsed="0.002678"/>
</test>
<test id="s1-s1-t2" name="Validar retorno 200 e JSON Válido" line="16">
<kw name="Teste de Requisicao Basica" owner="random-user-service">
<kw name="GET On Session" owner="RequestsLibrary">
<msg time="2024-04-02T21:13:19.983536" level="INFO">GET Request : url=https://randomuser.me/api 
 path_url=/api 
 headers={'User-Agent': 'python-requests/2.31.0', 'Accept-Encoding': 'gzip, deflate', 'Accept': '*/*', 'Connection': 'keep-alive'} 
 body=None 
 </msg>
<msg time="2024-04-02T21:13:19.983660" level="INFO">GET Response : url=https://randomuser.me/api 
 status=200, reason=OK 
 headers={'Date': 'Tue, 02 Apr 2024 21:13:19 GMT', 'Content-Type': 'application/json; charset=utf-8', 'Transfer-Encoding': 'chunked', 'Connection': 'keep-alive', 'X-Powered-By': 'Express', 'Access-Control-Allow-Origin': '*', 'Cache-Control': 'no-cache', 'ETag': 'W/"48d-ECh5Mbn8J654i/jlYgleRQUzgSM"', 'Vary': 'Accept-Encoding', 'Content-Encoding': 'gzip', 'CF-Cache-Status': 'DYNAMIC', 'Report-To': '{"endpoints":[{"url":"https:\\/\\/a.nel.cloudflare.com\\/report\\/v4?s=CtPTjfyYSge51syXJBgxKpNNj81q1PJlIcFJ7CyEyrJJAtHcjPLdc9i4Ve%2Fl6u95bcM92A3JHXmTCpWNF%2BRdvdF%2BLAdSQu2q0arPZ%2FMlvbLpsFErS1Ke45n2LyuNj45Q"}],"group":"cf-nel","max_age":604800}', 'NEL': '{"success_fraction":0,"report_to":"cf-nel","max_age":604800}', 'Server': 'cloudflare', 'CF-RAY': '86e3d27b8b636179-ORD', 'alt-svc': 'h3=":443"; ma=86400'} 
 body={"results":[{"gender":"male","name":{"title":"Mr","first":"Umang","last":"Gugale"},"location":{"street":{"number":8685,"name":"Tank Bund Rd"},"city":"Karawal Nagar","state":"Rajasthan","country":"India","postcode":84038,"coordinates":{"latitude":"8.9120","longitude":"-25.3164"},"timezone":{"offset":"-6:00","description":"Central Time (US &amp; Canada), Mexico City"}},"email":"umang.gugale@example.com","login":{"uuid":"e53df7dd-b939-4644-9230-f27740a98f66","username":"bluebear991","password":"bonner","salt":"QKnMzqsu","md5":"841264c581caec1bfda8175a997f589a","sha1":"f76d48f65e2c35faf104811dd7f20250540ead0a","sha256":"59cddfd9aaf9989608e2aa9e1aae3e83b27e0afcb0428186ab16cd65894703dd"},"dob":{"date":"1954-05-10T09:42:06.352Z","age":69},"registered":{"date":"2012-03-26T09:21:28.753Z","age":12},"phone":"7066594468","cell":"8540669871","id":{"name":"UIDAI","value":"881730777579"},"picture":{"large":"https://randomuser.me/api/portraits/men/43.jpg","medium":"https://randomuser.me/api/portraits/med/men/43.jpg","thumbnail":"https://randomuser.me/api/portraits/thumb/men/43.jpg"},"nat":"IN"}],"info":{"seed":"afc926387ffd36da","results":1,"page":1,"version":"1.4"}} 
 </msg>
<msg time="2024-04-02T21:13:19.983764" level="INFO">/opt/hostedtoolcache/Python/3.12.2/x64/lib/python3.12/site-packages/urllib3/connectionpool.py:1103: InsecureRequestWarning: Unverified HTTPS request is being made to host 'randomuser.me'. Adding certificate verification is strongly advised. See: https://urllib3.readthedocs.io/en/latest/advanced-usage.html#tls-warnings
  warnings.warn(</msg>
<msg time="2024-04-02T21:13:19.983902" level="INFO">${response} = &lt;Response [200]&gt;</msg>
<var>${response}</var>
<arg>consultarAPI</arg>
<arg>/api</arg>
<doc>Sends a GET request on a previously created HTTP Session.</doc>
<status status="PASS" start="2024-04-02T21:13:19.888886" elapsed="0.095061"/>
</kw>
<kw name="Should Be Equal As Numbers" owner="BuiltIn">
<msg time="2024-04-02T21:13:19.984823" level="INFO">Argument types are:
&lt;class 'int'&gt;
&lt;class 'str'&gt;</msg>
<arg>${response.status_code}</arg>
<arg>200</arg>
<doc>Fails if objects are unequal after converting them to real numbers.</doc>
<status status="PASS" start="2024-04-02T21:13:19.984392" elapsed="0.000496"/>
</kw>
<kw name="Log" owner="BuiltIn">
<msg time="2024-04-02T21:13:19.985565" level="INFO">200</msg>
<arg>${response.status_code}</arg>
<doc>Logs the given message with the given level.</doc>
<status status="PASS" start="2024-04-02T21:13:19.985208" elapsed="0.000401"/>
</kw>
<kw name="Set Variable" owner="BuiltIn">
<msg time="2024-04-02T21:13:19.986366" level="INFO">${json_data} = {'results': [{'gender': 'male', 'name': {'title': 'Mr', 'first': 'Umang', 'last': 'Gugale'}, 'location': {'street': {'number': 8685, 'name': 'Tank Bund Rd'}, 'city': 'Karawal Nagar', 'state': 'Rajasth...</msg>
<var>${json_data}</var>
<arg>${response.json()}</arg>
<doc>Returns the given values which can then be assigned to a variables.</doc>
<status status="PASS" start="2024-04-02T21:13:19.985927" elapsed="0.000467"/>
</kw>
<kw name="Dictionary Should Contain Key" owner="Collections">
<msg time="2024-04-02T21:13:19.986863" level="INFO">False</msg>
<arg>${json_data}</arg>
<arg>results</arg>
<doc>Fails if ``key`` is not found from ``dictionary``.</doc>
<status status="PASS" start="2024-04-02T21:13:19.986697" elapsed="0.000204"/>
</kw>
<status status="PASS" start="2024-04-02T21:13:19.888636" elapsed="0.098516"/>
</kw>
<doc>Testa se a API responde corretamente e retorna um objeto JSON válido.</doc>
<tag>testeRequisicaoBasica</tag>
<status status="PASS" start="2024-04-02T21:13:19.888040" elapsed="0.099288"/>
</test>
<test id="s1-s1-t3" name="Validar estrutura de resposta" line="22">
<kw name="Teste de Estrutura de Resposta" owner="random-user-service">
<kw name="GET On Session" owner="RequestsLibrary">
<msg time="2024-04-02T21:13:20.076562" level="INFO">GET Request : url=https://randomuser.me/api 
 path_url=/api 
 headers={'User-Agent': 'python-requests/2.31.0', 'Accept-Encoding': 'gzip, deflate', 'Accept': '*/*', 'Connection': 'keep-alive'} 
 body=None 
 </msg>
<msg time="2024-04-02T21:13:20.076687" level="INFO">GET Response : url=https://randomuser.me/api 
 status=200, reason=OK 
 headers={'Date': 'Tue, 02 Apr 2024 21:13:20 GMT', 'Content-Type': 'application/json; charset=utf-8', 'Transfer-Encoding': 'chunked', 'Connection': 'keep-alive', 'X-Powered-By': 'Express', 'Access-Control-Allow-Origin': '*', 'Cache-Control': 'no-cache', 'ETag': 'W/"497-acfY3q4uZYNiMBoYJcCmRFedgfM"', 'Vary': 'Accept-Encoding', 'Content-Encoding': 'gzip', 'CF-Cache-Status': 'DYNAMIC', 'Report-To': '{"endpoints":[{"url":"https:\\/\\/a.nel.cloudflare.com\\/report\\/v4?s=pM2xePP3MXb6dh0SE%2F6MJWkuIfSw6%2FNpK9Hb0twDL3DpXJ758k2OSFhhZrWBT8OXaeMcgLHfRTS35%2BJfwaMAhBlKXJbX%2Femb%2B1Cbn1LXzlhQKjUDhFdkSRhlxIXDAJjK"}],"group":"cf-nel","max_age":604800}', 'NEL': '{"success_fraction":0,"report_to":"cf-nel","max_age":604800}', 'Server': 'cloudflare', 'CF-RAY': '86e3d27bfc056179-ORD', 'alt-svc': 'h3=":443"; ma=86400'} 
 body={"results":[{"gender":"female","name":{"title":"Ms","first":"Tatiana","last":"Bekić"},"location":{"street":{"number":6935,"name":"Save Hadžića"},"city":"Sokobanja","state":"Zaječar","country":"Serbia","postcode":91160,"coordinates":{"latitude":"61.3839","longitude":"156.5069"},"timezone":{"offset":"+9:00","description":"Tokyo, Seoul, Osaka, Sapporo, Yakutsk"}},"email":"tatiana.bekic@example.com","login":{"uuid":"d0febccf-e044-4627-9e3f-8485cb102ab7","username":"yellowlion360","password":"chapman","salt":"ctryjCh3","md5":"6d0219723133a8ec7de0bb7596734f10","sha1":"4aa9232da34231a34ff71a8c30bfd14f0a29032b","sha256":"b2c94561f83f9cc8749905e6f94853d4a2eedce725a69343882afea2cd58fd49"},"dob":{"date":"1973-10-12T14:00:22.742Z","age":50},"registered":{"date":"2009-05-02T07:33:25.544Z","age":14},"phone":"030-0167-458","cell":"061-3758-821","id":{"name":"SID","value":"951814258"},"picture":{"large":"https://randomuser.me/api/portraits/women/77.jpg","medium":"https://randomuser.me/api/portraits/med/women/77.jpg","thumbnail":"https://randomuser.me/api/portraits/thumb/women/77.jpg"},"nat":"RS"}],"info":{"seed":"ed1ea986279e12a5","results":1,"page":1,"version":"1.4"}} 
 </msg>
<msg time="2024-04-02T21:13:20.076865" level="INFO">/opt/hostedtoolcache/Python/3.12.2/x64/lib/python3.12/site-packages/urllib3/connectionpool.py:1103: InsecureRequestWarning: Unverified HTTPS request is being made to host 'randomuser.me'. Adding certificate verification is strongly advised. See: https://urllib3.readthedocs.io/en/latest/advanced-usage.html#tls-warnings
  warnings.warn(</msg>
<msg time="2024-04-02T21:13:20.077015" level="INFO">${response} = &lt;Response [200]&gt;</msg>
<var>${response}</var>
<arg>consultarAPI</arg>
<arg>/api</arg>
<doc>Sends a GET request on a previously created HTTP Session.</doc>
<status status="PASS" start="2024-04-02T21:13:19.990043" elapsed="0.087016"/>
</kw>
<kw name="Set Variable" owner="BuiltIn">
<msg time="2024-04-02T21:13:20.078157" level="INFO">${json_data} = {'results': [{'gender': 'female', 'name': {'title': 'Ms', 'first': 'Tatiana', 'last': 'Bekić'}, 'location': {'street': {'number': 6935, 'name': 'Save Hadžića'}, 'city': 'Sokobanja', 'state': 'Zaječar'...</msg>
<var>${json_data}</var>
<arg>${response.json()}</arg>
<doc>Returns the given values which can then be assigned to a variables.</doc>
<status status="PASS" start="2024-04-02T21:13:20.077610" elapsed="0.000578"/>
</kw>
<kw name="Log" owner="BuiltIn">
<msg time="2024-04-02T21:13:20.078668" level="INFO">{'results': [{'gender': 'female', 'name': {'title': 'Ms', 'first': 'Tatiana', 'last': 'Bekić'}, 'location': {'street': {'number': 6935, 'name': 'Save Hadžića'}, 'city': 'Sokobanja', 'state': 'Zaječar', 'country': 'Serbia', 'postcode': 91160, 'coordinates': {'latitude': '61.3839', 'longitude': '156.5069'}, 'timezone': {'offset': '+9:00', 'description': 'Tokyo, Seoul, Osaka, Sapporo, Yakutsk'}}, 'email': 'tatiana.bekic@example.com', 'login': {'uuid': 'd0febccf-e044-4627-9e3f-8485cb102ab7', 'username': 'yellowlion360', 'password': 'chapman', 'salt': 'ctryjCh3', 'md5': '6d0219723133a8ec7de0bb7596734f10', 'sha1': '4aa9232da34231a34ff71a8c30bfd14f0a29032b', 'sha256': 'b2c94561f83f9cc8749905e6f94853d4a2eedce725a69343882afea2cd58fd49'}, 'dob': {'date': '1973-10-12T14:00:22.742Z', 'age': 50}, 'registered': {'date': '2009-05-02T07:33:25.544Z', 'age': 14}, 'phone': '030-0167-458', 'cell': '061-3758-821', 'id': {'name': 'SID', 'value': '951814258'}, 'picture': {'large': 'https://randomuser.me/api/portraits/women/77.jpg', 'medium': 'https://randomuser.me/api/portraits/med/women/77.jpg', 'thumbnail': 'https://randomuser.me/api/portraits/thumb/women/77.jpg'}, 'nat': 'RS'}], 'info': {'seed': 'ed1ea986279e12a5', 'results': 1, 'page': 1, 'version': '1.4'}}</msg>
<arg>${json_data}</arg>
<doc>Logs the given message with the given level.</doc>
<status status="PASS" start="2024-04-02T21:13:20.078502" elapsed="0.000219"/>
</kw>
<kw name="Dictionary Should Contain Key" owner="Collections">
<msg time="2024-04-02T21:13:20.079178" level="INFO">False</msg>
<arg>${json_data}</arg>
<arg>results</arg>
<doc>Fails if ``key`` is not found from ``dictionary``.</doc>
<status status="PASS" start="2024-04-02T21:13:20.079020" elapsed="0.000196"/>
</kw>
<kw name="Should Not Be Empty" owner="BuiltIn">
<msg time="2024-04-02T21:13:20.079647" level="INFO">Length is 2.</msg>
<arg>${json_data}</arg>
<doc>Verifies that the given item is not empty.</doc>
<status status="PASS" start="2024-04-02T21:13:20.079513" elapsed="0.000173"/>
</kw>
<kw name="Create List" owner="BuiltIn">
<msg time="2024-04-02T21:13:20.080164" level="INFO">${expected_keys} = ['gender', 'name', 'location', 'email', 'login']</msg>
<var>${expected_keys}</var>
<arg>gender</arg>
<arg>name</arg>
<arg>location</arg>
<arg>email</arg>
<arg>login</arg>
<doc>Returns a list containing given items.</doc>
<status status="PASS" start="2024-04-02T21:13:20.079979" elapsed="0.000219"/>
</kw>
<for flavor="IN">
<iter>
<kw name="Dictionary Should Contain Key" owner="Collections">
<msg time="2024-04-02T21:13:20.081214" level="INFO">False</msg>
<arg>${json_data['results'][0]}</arg>
<arg>${key}</arg>
<doc>Fails if ``key`` is not found from ``dictionary``.</doc>
<status status="PASS" start="2024-04-02T21:13:20.080802" elapsed="0.000451"/>
</kw>
<kw name="Log" owner="BuiltIn">
<msg time="2024-04-02T21:13:20.081951" level="INFO">{'gender': 'female', 'name': {'title': 'Ms', 'first': 'Tatiana', 'last': 'Bekić'}, 'location': {'street': {'number': 6935, 'name': 'Save Hadžića'}, 'city': 'Sokobanja', 'state': 'Zaječar', 'country': 'Serbia', 'postcode': 91160, 'coordinates': {'latitude': '61.3839', 'longitude': '156.5069'}, 'timezone': {'offset': '+9:00', 'description': 'Tokyo, Seoul, Osaka, Sapporo, Yakutsk'}}, 'email': 'tatiana.bekic@example.com', 'login': {'uuid': 'd0febccf-e044-4627-9e3f-8485cb102ab7', 'username': 'yellowlion360', 'password': 'chapman', 'salt': 'ctryjCh3', 'md5': '6d0219723133a8ec7de0bb7596734f10', 'sha1': '4aa9232da34231a34ff71a8c30bfd14f0a29032b', 'sha256': 'b2c94561f83f9cc8749905e6f94853d4a2eedce725a69343882afea2cd58fd49'}, 'dob': {'date': '1973-10-12T14:00:22.742Z', 'age': 50}, 'registered': {'date': '2009-05-02T07:33:25.544Z', 'age': 14}, 'phone': '030-0167-458', 'cell': '061-3758-821', 'id': {'name': 'SID', 'value': '951814258'}, 'picture': {'large': 'https://randomuser.me/api/portraits/women/77.jpg', 'medium': 'https://randomuser.me/api/portraits/med/women/77.jpg', 'thumbnail': 'https://randomuser.me/api/portraits/thumb/women/77.jpg'}, 'nat': 'RS'}</msg>
<arg>${json_data['results'][0]}</arg>
<doc>Logs the given message with the given level.</doc>
<status status="PASS" start="2024-04-02T21:13:20.081560" elapsed="0.000448"/>
</kw>
<kw name="Log" owner="BuiltIn">
<msg time="2024-04-02T21:13:20.082450" level="INFO">gender</msg>
<arg>${key}</arg>
<doc>Logs the given message with the given level.</doc>
<status status="PASS" start="2024-04-02T21:13:20.082317" elapsed="0.000173"/>
</kw>
<var name="${key}">gender</var>
<status status="PASS" start="2024-04-02T21:13:20.080676" elapsed="0.002032"/>
</iter>
<iter>
<kw name="Dictionary Should Contain Key" owner="Collections">
<msg time="2024-04-02T21:13:20.083404" level="INFO">False</msg>
<arg>${json_data['results'][0]}</arg>
<arg>${key}</arg>
<doc>Fails if ``key`` is not found from ``dictionary``.</doc>
<status status="PASS" start="2024-04-02T21:13:20.083015" elapsed="0.000426"/>
</kw>
<kw name="Log" owner="BuiltIn">
<msg time="2024-04-02T21:13:20.084163" level="INFO">{'gender': 'female', 'name': {'title': 'Ms', 'first': 'Tatiana', 'last': 'Bekić'}, 'location': {'street': {'number': 6935, 'name': 'Save Hadžića'}, 'city': 'Sokobanja', 'state': 'Zaječar', 'country': 'Serbia', 'postcode': 91160, 'coordinates': {'latitude': '61.3839', 'longitude': '156.5069'}, 'timezone': {'offset': '+9:00', 'description': 'Tokyo, Seoul, Osaka, Sapporo, Yakutsk'}}, 'email': 'tatiana.bekic@example.com', 'login': {'uuid': 'd0febccf-e044-4627-9e3f-8485cb102ab7', 'username': 'yellowlion360', 'password': 'chapman', 'salt': 'ctryjCh3', 'md5': '6d0219723133a8ec7de0bb7596734f10', 'sha1': '4aa9232da34231a34ff71a8c30bfd14f0a29032b', 'sha256': 'b2c94561f83f9cc8749905e6f94853d4a2eedce725a69343882afea2cd58fd49'}, 'dob': {'date': '1973-10-12T14:00:22.742Z', 'age': 50}, 'registered': {'date': '2009-05-02T07:33:25.544Z', 'age': 14}, 'phone': '030-0167-458', 'cell': '061-3758-821', 'id': {'name': 'SID', 'value': '951814258'}, 'picture': {'large': 'https://randomuser.me/api/portraits/women/77.jpg', 'medium': 'https://randomuser.me/api/portraits/med/women/77.jpg', 'thumbnail': 'https://randomuser.me/api/portraits/thumb/women/77.jpg'}, 'nat': 'RS'}</msg>
<arg>${json_data['results'][0]}</arg>
<doc>Logs the given message with the given level.</doc>
<status status="PASS" start="2024-04-02T21:13:20.083773" elapsed="0.000441"/>
</kw>
<kw name="Log" owner="BuiltIn">
<msg time="2024-04-02T21:13:20.084664" level="INFO">name</msg>
<arg>${key}</arg>
<doc>Logs the given message with the given level.</doc>
<status status="PASS" start="2024-04-02T21:13:20.084531" elapsed="0.000171"/>
</kw>
<var name="${key}">name</var>
<status status="PASS" start="2024-04-02T21:13:20.082900" elapsed="0.002029"/>
</iter>
<iter>
<kw name="Dictionary Should Contain Key" owner="Collections">
<msg time="2024-04-02T21:13:20.085626" level="INFO">False</msg>
<arg>${json_data['results'][0]}</arg>
<arg>${key}</arg>
<doc>Fails if ``key`` is not found from ``dictionary``.</doc>
<status status="PASS" start="2024-04-02T21:13:20.085236" elapsed="0.000428"/>
</kw>
<kw name="Log" owner="BuiltIn">
<msg time="2024-04-02T21:13:20.086365" level="INFO">{'gender': 'female', 'name': {'title': 'Ms', 'first': 'Tatiana', 'last': 'Bekić'}, 'location': {'street': {'number': 6935, 'name': 'Save Hadžića'}, 'city': 'Sokobanja', 'state': 'Zaječar', 'country': 'Serbia', 'postcode': 91160, 'coordinates': {'latitude': '61.3839', 'longitude': '156.5069'}, 'timezone': {'offset': '+9:00', 'description': 'Tokyo, Seoul, Osaka, Sapporo, Yakutsk'}}, 'email': 'tatiana.bekic@example.com', 'login': {'uuid': 'd0febccf-e044-4627-9e3f-8485cb102ab7', 'username': 'yellowlion360', 'password': 'chapman', 'salt': 'ctryjCh3', 'md5': '6d0219723133a8ec7de0bb7596734f10', 'sha1': '4aa9232da34231a34ff71a8c30bfd14f0a29032b', 'sha256': 'b2c94561f83f9cc8749905e6f94853d4a2eedce725a69343882afea2cd58fd49'}, 'dob': {'date': '1973-10-12T14:00:22.742Z', 'age': 50}, 'registered': {'date': '2009-05-02T07:33:25.544Z', 'age': 14}, 'phone': '030-0167-458', 'cell': '061-3758-821', 'id': {'name': 'SID', 'value': '951814258'}, 'picture': {'large': 'https://randomuser.me/api/portraits/women/77.jpg', 'medium': 'https://randomuser.me/api/portraits/med/women/77.jpg', 'thumbnail': 'https://randomuser.me/api/portraits/thumb/women/77.jpg'}, 'nat': 'RS'}</msg>
<arg>${json_data['results'][0]}</arg>
<doc>Logs the given message with the given level.</doc>
<status status="PASS" start="2024-04-02T21:13:20.085964" elapsed="0.000459"/>
</kw>
<kw name="Log" owner="BuiltIn">
<msg time="2024-04-02T21:13:20.086860" level="INFO">location</msg>
<arg>${key}</arg>
<doc>Logs the given message with the given level.</doc>
<status status="PASS" start="2024-04-02T21:13:20.086730" elapsed="0.000169"/>
</kw>
<var name="${key}">location</var>
<status status="PASS" start="2024-04-02T21:13:20.085113" elapsed="0.002005"/>
</iter>
<iter>
<kw name="Dictionary Should Contain Key" owner="Collections">
<msg time="2024-04-02T21:13:20.087803" level="INFO">False</msg>
<arg>${json_data['results'][0]}</arg>
<arg>${key}</arg>
<doc>Fails if ``key`` is not found from ``dictionary``.</doc>
<status status="PASS" start="2024-04-02T21:13:20.087404" elapsed="0.000444"/>
</kw>
<kw name="Log" owner="BuiltIn">
<msg time="2024-04-02T21:13:20.088541" level="INFO">{'gender': 'female', 'name': {'title': 'Ms', 'first': 'Tatiana', 'last': 'Bekić'}, 'location': {'street': {'number': 6935, 'name': 'Save Hadžića'}, 'city': 'Sokobanja', 'state': 'Zaječar', 'country': 'Serbia', 'postcode': 91160, 'coordinates': {'latitude': '61.3839', 'longitude': '156.5069'}, 'timezone': {'offset': '+9:00', 'description': 'Tokyo, Seoul, Osaka, Sapporo, Yakutsk'}}, 'email': 'tatiana.bekic@example.com', 'login': {'uuid': 'd0febccf-e044-4627-9e3f-8485cb102ab7', 'username': 'yellowlion360', 'password': 'chapman', 'salt': 'ctryjCh3', 'md5': '6d0219723133a8ec7de0bb7596734f10', 'sha1': '4aa9232da34231a34ff71a8c30bfd14f0a29032b', 'sha256': 'b2c94561f83f9cc8749905e6f94853d4a2eedce725a69343882afea2cd58fd49'}, 'dob': {'date': '1973-10-12T14:00:22.742Z', 'age': 50}, 'registered': {'date': '2009-05-02T07:33:25.544Z', 'age': 14}, 'phone': '030-0167-458', 'cell': '061-3758-821', 'id': {'name': 'SID', 'value': '951814258'}, 'picture': {'large': 'https://randomuser.me/api/portraits/women/77.jpg', 'medium': 'https://randomuser.me/api/portraits/med/women/77.jpg', 'thumbnail': 'https://randomuser.me/api/portraits/thumb/women/77.jpg'}, 'nat': 'RS'}</msg>
<arg>${json_data['results'][0]}</arg>
<doc>Logs the given message with the given level.</doc>
<status status="PASS" start="2024-04-02T21:13:20.088175" elapsed="0.000417"/>
</kw>
<kw name="Log" owner="BuiltIn">
<msg time="2024-04-02T21:13:20.089030" level="INFO">email</msg>
<arg>${key}</arg>
<doc>Logs the given message with the given level.</doc>
<status status="PASS" start="2024-04-02T21:13:20.088901" elapsed="0.000168"/>
</kw>
<var name="${key}">email</var>
<status status="PASS" start="2024-04-02T21:13:20.087292" elapsed="0.001994"/>
</iter>
<iter>
<kw name="Dictionary Should Contain Key" owner="Collections">
<msg time="2024-04-02T21:13:20.089974" level="INFO">False</msg>
<arg>${json_data['results'][0]}</arg>
<arg>${key}</arg>
<doc>Fails if ``key`` is not found from ``dictionary``.</doc>
<status status="PASS" start="2024-04-02T21:13:20.089577" elapsed="0.000435"/>
</kw>
<kw name="Log" owner="BuiltIn">
<msg time="2024-04-02T21:13:20.090680" level="INFO">{'gender': 'female', 'name': {'title': 'Ms', 'first': 'Tatiana', 'last': 'Bekić'}, 'location': {'street': {'number': 6935, 'name': 'Save Hadžića'}, 'city': 'Sokobanja', 'state': 'Zaječar', 'country': 'Serbia', 'postcode': 91160, 'coordinates': {'latitude': '61.3839', 'longitude': '156.5069'}, 'timezone': {'offset': '+9:00', 'description': 'Tokyo, Seoul, Osaka, Sapporo, Yakutsk'}}, 'email': 'tatiana.bekic@example.com', 'login': {'uuid': 'd0febccf-e044-4627-9e3f-8485cb102ab7', 'username': 'yellowlion360', 'password': 'chapman', 'salt': 'ctryjCh3', 'md5': '6d0219723133a8ec7de0bb7596734f10', 'sha1': '4aa9232da34231a34ff71a8c30bfd14f0a29032b', 'sha256': 'b2c94561f83f9cc8749905e6f94853d4a2eedce725a69343882afea2cd58fd49'}, 'dob': {'date': '1973-10-12T14:00:22.742Z', 'age': 50}, 'registered': {'date': '2009-05-02T07:33:25.544Z', 'age': 14}, 'phone': '030-0167-458', 'cell': '061-3758-821', 'id': {'name': 'SID', 'value': '951814258'}, 'picture': {'large': 'https://randomuser.me/api/portraits/women/77.jpg', 'medium': 'https://randomuser.me/api/portraits/med/women/77.jpg', 'thumbnail': 'https://randomuser.me/api/portraits/thumb/women/77.jpg'}, 'nat': 'RS'}</msg>
<arg>${json_data['results'][0]}</arg>
<doc>Logs the given message with the given level.</doc>
<status status="PASS" start="2024-04-02T21:13:20.090307" elapsed="0.000424"/>
</kw>
<kw name="Log" owner="BuiltIn">
<msg time="2024-04-02T21:13:20.091157" level="INFO">login</msg>
<arg>${key}</arg>
<doc>Logs the given message with the given level.</doc>
<status status="PASS" start="2024-04-02T21:13:20.091026" elapsed="0.000287"/>
</kw>
<var name="${key}">login</var>
<status status="PASS" start="2024-04-02T21:13:20.089460" elapsed="0.002104"/>
</iter>
<var>${key}</var>
<value>@{expected_keys}</value>
<status status="PASS" start="2024-04-02T21:13:20.080472" elapsed="0.011222"/>
</for>
<kw name="Create List" owner="BuiltIn">
<msg time="2024-04-02T21:13:20.092037" level="INFO">${expected_keysTwo} = ['username', 'password']</msg>
<var>${expected_keysTwo}</var>
<arg>username</arg>
<arg>password</arg>
<doc>Returns a list containing given items.</doc>
<status status="PASS" start="2024-04-02T21:13:20.091897" elapsed="0.000164"/>
</kw>
<for flavor="IN">
<iter>
<kw name="Dictionary Should Contain Key" owner="Collections">
<msg time="2024-04-02T21:13:20.092986" level="INFO">False</msg>
<arg>${json_data['results'][0]['login']}</arg>
<arg>${keyTwo}</arg>
<doc>Fails if ``key`` is not found from ``dictionary``.</doc>
<status status="PASS" start="2024-04-02T21:13:20.092605" elapsed="0.000420"/>
</kw>
<kw name="Dictionary Should Contain Key" owner="Collections">
<msg time="2024-04-02T21:13:20.093726" level="INFO">False</msg>
<arg>${json_data['results'][0]['login']}</arg>
<arg>${keyTwo}</arg>
<doc>Fails if ``key`` is not found from ``dictionary``.</doc>
<status status="PASS" start="2024-04-02T21:13:20.093335" elapsed="0.000428"/>
</kw>
<kw name="Log" owner="BuiltIn">
<msg time="2024-04-02T21:13:20.094187" level="INFO">username</msg>
<arg>${keyTwo}</arg>
<doc>Logs the given message with the given level.</doc>
<status status="PASS" start="2024-04-02T21:13:20.094059" elapsed="0.000167"/>
</kw>
<var name="${keyTwo}">username</var>
<status status="PASS" start="2024-04-02T21:13:20.092493" elapsed="0.001948"/>
</iter>
<iter>
<kw name="Dictionary Should Contain Key" owner="Collections">
<msg time="2024-04-02T21:13:20.095114" level="INFO">False</msg>
<arg>${json_data['results'][0]['login']}</arg>
<arg>${keyTwo}</arg>
<doc>Fails if ``key`` is not found from ``dictionary``.</doc>
<status status="PASS" start="2024-04-02T21:13:20.094732" elapsed="0.000421"/>
</kw>
<kw name="Dictionary Should Contain Key" owner="Collections">
<msg time="2024-04-02T21:13:20.095833" level="INFO">False</msg>
<arg>${json_data['results'][0]['login']}</arg>
<arg>${keyTwo}</arg>
<doc>Fails if ``key`` is not found from ``dictionary``.</doc>
<status status="PASS" start="2024-04-02T21:13:20.095448" elapsed="0.000422"/>
</kw>
<kw name="Log" owner="BuiltIn">
<msg time="2024-04-02T21:13:20.096319" level="INFO">password</msg>
<arg>${keyTwo}</arg>
<doc>Logs the given message with the given level.</doc>
<status status="PASS" start="2024-04-02T21:13:20.096188" elapsed="0.000171"/>
</kw>
<var name="${keyTwo}">password</var>
<status status="PASS" start="2024-04-02T21:13:20.094620" elapsed="0.001956"/>
</iter>
<var>${keyTwo}</var>
<value>@{expected_keysTwo}</value>
<status status="PASS" start="2024-04-02T21:13:20.092333" elapsed="0.004366"/>
</for>
<status status="PASS" start="2024-04-02T21:13:19.989810" elapsed="0.107033"/>
</kw>
<doc>Testa a estrutura da resposta da API.</doc>
<tag>testeEstruturaResposta</tag>
<status status="PASS" start="2024-04-02T21:13:19.989194" elapsed="0.107819"/>
</test>
<test id="s1-s1-t4" name="Validar tipos de dados" line="28">
<kw name="Teste de Tipos de Dados" owner="random-user-service">
<kw name="GET On Session" owner="RequestsLibrary">
<msg time="2024-04-02T21:13:20.212053" level="INFO">GET Request : url=https://randomuser.me/api 
 path_url=/api 
 headers={'User-Agent': 'python-requests/2.31.0', 'Accept-Encoding': 'gzip, deflate', 'Accept': '*/*', 'Connection': 'keep-alive'} 
 body=None 
 </msg>
<msg time="2024-04-02T21:13:20.212175" level="INFO">GET Response : url=https://randomuser.me/api 
 status=200, reason=OK 
 headers={'Date': 'Tue, 02 Apr 2024 21:13:20 GMT', 'Content-Type': 'application/json; charset=utf-8', 'Transfer-Encoding': 'chunked', 'Connection': 'keep-alive', 'X-Powered-By': 'Express', 'Access-Control-Allow-Origin': '*', 'Cache-Control': 'no-cache', 'ETag': 'W/"496-MX5gH4kJwm8MjKXsu71kouYzHU8"', 'Vary': 'Accept-Encoding', 'Content-Encoding': 'gzip', 'CF-Cache-Status': 'DYNAMIC', 'Report-To': '{"endpoints":[{"url":"https:\\/\\/a.nel.cloudflare.com\\/report\\/v4?s=q%2B4eH1PLyGACU8tlWyndlSOmlPwgDxnJJxw4graevJ6%2BaxS13nYHyCbD7xwkcjrETAKf78C6BLeidfMSqkaGpBfPBTnnu8WQ046c7kdktRomUTcbz1%2FqATlNrXwM9LLm"}],"group":"cf-nel","max_age":604800}', 'NEL': '{"success_fraction":0,"report_to":"cf-nel","max_age":604800}', 'Server': 'cloudflare', 'CF-RAY': '86e3d27cacf66179-ORD', 'alt-svc': 'h3=":443"; ma=86400'} 
 body={"results":[{"gender":"female","name":{"title":"Miss","first":"Alyssa","last":"Bowman"},"location":{"street":{"number":2653,"name":"Frances Ct"},"city":"Roanoke","state":"Utah","country":"United States","postcode":62173,"coordinates":{"latitude":"84.7260","longitude":"118.2357"},"timezone":{"offset":"+1:00","description":"Brussels, Copenhagen, Madrid, Paris"}},"email":"alyssa.bowman@example.com","login":{"uuid":"014744bd-9882-4819-af24-458d62708efe","username":"crazyfish385","password":"bp2002","salt":"FFkHgI47","md5":"2b8642ef1c656a1cf07adfc644bf8e88","sha1":"7fe8a97eddd9dd5fbd1ce8376c29cdc0c6335c34","sha256":"65c743ed1cd90fa3c58deae95253f3741c9587e851a226c1c365d07c996e7392"},"dob":{"date":"1973-04-06T12:55:48.993Z","age":50},"registered":{"date":"2019-02-08T23:54:04.495Z","age":5},"phone":"(340) 689-8735","cell":"(889) 734-4346","id":{"name":"SSN","value":"585-87-6648"},"picture":{"large":"https://randomuser.me/api/portraits/women/39.jpg","medium":"https://randomuser.me/api/portraits/med/women/39.jpg","thumbnail":"https://randomuser.me/api/portraits/thumb/women/39.jpg"},"nat":"US"}],"info":{"seed":"290cc335ee44f453","results":1,"page":1,"version":"1.4"}} 
 </msg>
<msg time="2024-04-02T21:13:20.212244" level="INFO">/opt/hostedtoolcache/Python/3.12.2/x64/lib/python3.12/site-packages/urllib3/connectionpool.py:1103: InsecureRequestWarning: Unverified HTTPS request is being made to host 'randomuser.me'. Adding certificate verification is strongly advised. See: https://urllib3.readthedocs.io/en/latest/advanced-usage.html#tls-warnings
  warnings.warn(</msg>
<msg time="2024-04-02T21:13:20.212376" level="INFO">${response} = &lt;Response [200]&gt;</msg>
<var>${response}</var>
<arg>consultarAPI</arg>
<arg>/api</arg>
<doc>Sends a GET request on a previously created HTTP Session.</doc>
<status status="PASS" start="2024-04-02T21:13:20.099517" elapsed="0.112902"/>
</kw>
<kw name="Set Variable" owner="BuiltIn">
<msg time="2024-04-02T21:13:20.213458" level="INFO">${json_data} = {'results': [{'gender': 'female', 'name': {'title': 'Miss', 'first': 'Alyssa', 'last': 'Bowman'}, 'location': {'street': {'number': 2653, 'name': 'Frances Ct'}, 'city': 'Roanoke', 'state': 'Utah', 'co...</msg>
<var>${json_data}</var>
<arg>${response.json()}</arg>
<doc>Returns the given values which can then be assigned to a variables.</doc>
<status status="PASS" start="2024-04-02T21:13:20.212911" elapsed="0.000577"/>
</kw>
<kw name="Log" owner="BuiltIn">
<msg time="2024-04-02T21:13:20.214003" level="INFO">{'results': [{'gender': 'female', 'name': {'title': 'Miss', 'first': 'Alyssa', 'last': 'Bowman'}, 'location': {'street': {'number': 2653, 'name': 'Frances Ct'}, 'city': 'Roanoke', 'state': 'Utah', 'country': 'United States', 'postcode': 62173, 'coordinates': {'latitude': '84.7260', 'longitude': '118.2357'}, 'timezone': {'offset': '+1:00', 'description': 'Brussels, Copenhagen, Madrid, Paris'}}, 'email': 'alyssa.bowman@example.com', 'login': {'uuid': '014744bd-9882-4819-af24-458d62708efe', 'username': 'crazyfish385', 'password': 'bp2002', 'salt': 'FFkHgI47', 'md5': '2b8642ef1c656a1cf07adfc644bf8e88', 'sha1': '7fe8a97eddd9dd5fbd1ce8376c29cdc0c6335c34', 'sha256': '65c743ed1cd90fa3c58deae95253f3741c9587e851a226c1c365d07c996e7392'}, 'dob': {'date': '1973-04-06T12:55:48.993Z', 'age': 50}, 'registered': {'date': '2019-02-08T23:54:04.495Z', 'age': 5}, 'phone': '(340) 689-8735', 'cell': '(889) 734-4346', 'id': {'name': 'SSN', 'value': '585-87-6648'}, 'picture': {'large': 'https://randomuser.me/api/portraits/women/39.jpg', 'medium': 'https://randomuser.me/api/portraits/med/women/39.jpg', 'thumbnail': 'https://randomuser.me/api/portraits/thumb/women/39.jpg'}, 'nat': 'US'}], 'info': {'seed': '290cc335ee44f453', 'results': 1, 'page': 1, 'version': '1.4'}}</msg>
<arg>${json_data}</arg>
<doc>Logs the given message with the given level.</doc>
<status status="PASS" start="2024-04-02T21:13:20.213835" elapsed="0.000265"/>
</kw>
<kw name="Should Be String" owner="String">
<arg>${json_data['results'][0]['gender']}</arg>
<doc>Fails if the given ``item`` is not a string.</doc>
<status status="PASS" start="2024-04-02T21:13:20.214452" elapsed="0.000407"/>
</kw>
<kw name="Should Match Regexp" owner="BuiltIn">
<arg>${json_data['results'][0]['email']}</arg>
<arg>^[a-zA-Z0-9._%+-]+@[a-zA-Z0-9.-]+\.[a-zA-Z]{2,}$</arg>
<doc>Fails if ``string`` does not match ``pattern`` as a regular expression.</doc>
<status status="PASS" start="2024-04-02T21:13:20.215072" elapsed="0.000549"/>
</kw>
<kw name="Should Match Regexp" owner="BuiltIn">
<arg>${json_data['results'][0]['dob']['date']}</arg>
<arg>\\d{4}-\\d{2}-\\d{2}T\\d{2}:\\d{2}:\\d{2}\\.\\d{3}Z</arg>
<doc>Fails if ``string`` does not match ``pattern`` as a regular expression.</doc>
<status status="PASS" start="2024-04-02T21:13:20.215826" elapsed="0.000634"/>
</kw>
<kw name="Should Match Regexp" owner="BuiltIn">
<arg>${json_data['results'][0]['registered']['date']}</arg>
<arg>\\d{4}-\\d{2}-\\d{2}T\\d{2}:\\d{2}:\\d{2}\\.\\d{3}Z</arg>
<doc>Fails if ``string`` does not match ``pattern`` as a regular expression.</doc>
<status status="PASS" start="2024-04-02T21:13:20.216682" elapsed="0.000424"/>
</kw>
<kw name="Should Match Regexp" owner="BuiltIn">
<arg>${json_data['results'][0]['picture']['large']}</arg>
<arg>^https?://.*\.(?:png|jpe?g|gif|bmp)$</arg>
<doc>Fails if ``string`` does not match ``pattern`` as a regular expression.</doc>
<status status="PASS" start="2024-04-02T21:13:20.217313" elapsed="0.000490"/>
</kw>
<kw name="Should Match Regexp" owner="BuiltIn">
<arg>${json_data['results'][0]['picture']['medium']}</arg>
<arg>^https?://.*\.(?:png|jpe?g|gif|bmp)$</arg>
<doc>Fails if ``string`` does not match ``pattern`` as a regular expression.</doc>
<status status="PASS" start="2024-04-02T21:13:20.218002" elapsed="0.000380"/>
</kw>
<kw name="Should Match Regexp" owner="BuiltIn">
<arg>${json_data['results'][0]['picture']['thumbnail']}</arg>
<arg>^https?://.*\.(?:png|jpe?g|gif|bmp)$</arg>
<doc>Fails if ``string`` does not match ``pattern`` as a regular expression.</doc>
<status status="PASS" start="2024-04-02T21:13:20.218576" elapsed="0.000378"/>
</kw>
<kw name="Log" owner="BuiltIn">
<msg time="2024-04-02T21:13:20.219511" level="INFO">{'large': 'https://randomuser.me/api/portraits/women/39.jpg', 'medium': 'https://randomuser.me/api/portraits/med/women/39.jpg', 'thumbnail': 'https://randomuser.me/api/portraits/thumb/women/39.jpg'}</msg>
<arg>${json_data['results'][0]['picture']}</arg>
<doc>Logs the given message with the given level.</doc>
<status status="PASS" start="2024-04-02T21:13:20.219154" elapsed="0.000407"/>
</kw>
<status status="PASS" start="2024-04-02T21:13:20.099282" elapsed="0.120557"/>
</kw>
<kw name="Teste de Tipos de Dados - Postcode" owner="random-user-service">
<kw name="GET On Session" owner="RequestsLibrary">
<msg time="2024-04-02T21:13:20.532887" level="INFO">GET Request : url=https://randomuser.me/api 
 path_url=/api 
 headers={'User-Agent': 'python-requests/2.31.0', 'Accept-Encoding': 'gzip, deflate', 'Accept': '*/*', 'Connection': 'keep-alive'} 
 body=None 
 </msg>
<msg time="2024-04-02T21:13:20.532997" level="INFO">GET Response : url=https://randomuser.me/api 
 status=200, reason=OK 
 headers={'Date': 'Tue, 02 Apr 2024 21:13:20 GMT', 'Content-Type': 'application/json; charset=utf-8', 'Transfer-Encoding': 'chunked', 'Connection': 'keep-alive', 'X-Powered-By': 'Express', 'Access-Control-Allow-Origin': '*', 'Cache-Control': 'no-cache', 'ETag': 'W/"4a7-sZy3m886hOb8j4PMvmd+LSn7V5k"', 'Vary': 'Accept-Encoding', 'Content-Encoding': 'gzip', 'CF-Cache-Status': 'DYNAMIC', 'Report-To': '{"endpoints":[{"url":"https:\\/\\/a.nel.cloudflare.com\\/report\\/v4?s=a7cggz%2BETz0YUhr9B5%2F7uQ0e0AYuMY1lQE19%2FcbB2yTNywBAf%2BmFL%2BvzyKUgt6oafwWz761j2zW4DvwBNVOg%2FxiVp6iLRdT0R0%2FXxzkF1CzaiFvQvgS%2BiJXAM2Jby8Jj"}],"group":"cf-nel","max_age":604800}', 'NEL': '{"success_fraction":0,"report_to":"cf-nel","max_age":604800}', 'Server': 'cloudflare', 'CF-RAY': '86e3d27d6e086179-ORD', 'alt-svc': 'h3=":443"; ma=86400'} 
 body={"results":[{"gender":"male","name":{"title":"Monsieur","first":"Meinrad","last":"Bonnet"},"location":{"street":{"number":7387,"name":"Rue de L'Abbé-Grégoire"},"city":"Geuensee","state":"Zug","country":"Switzerland","postcode":4802,"coordinates":{"latitude":"-62.0779","longitude":"-1.1953"},"timezone":{"offset":"+3:00","description":"Baghdad, Riyadh, Moscow, St. Petersburg"}},"email":"meinrad.bonnet@example.com","login":{"uuid":"a18b85f9-3eb4-4c50-82d0-91e26c2b6c27","username":"ticklishbear610","password":"bell","salt":"l5RrWwaH","md5":"c0cd248f23dbf84e83fc6a6ea2e3eb72","sha1":"0058deeb24184ebd7931ef2a5739ad4058b22ebd","sha256":"959288e534370477f73e3c3da9d8e421fd3b9315050642e327cac07c4c901451"},"dob":{"date":"1950-06-05T07:33:04.641Z","age":73},"registered":{"date":"2020-08-28T09:18:12.458Z","age":3},"phone":"079 163 81 48","cell":"075 489 74 49","id":{"name":"AVS","value":"756.1816.3505.21"},"picture":{"large":"https://randomuser.me/api/portraits/men/14.jpg","medium":"https://randomuser.me/api/portraits/med/men/14.jpg","thumbnail":"https://randomuser.me/api/portraits/thumb/men/14.jpg"},"nat":"CH"}],"info":{"seed":"7ba7918605c803a0","results":1,"page":1,"version":"1.4"}} 
 </msg>
<msg time="2024-04-02T21:13:20.533092" level="INFO">/opt/hostedtoolcache/Python/3.12.2/x64/lib/python3.12/site-packages/urllib3/connectionpool.py:1103: InsecureRequestWarning: Unverified HTTPS request is being made to host 'randomuser.me'. Adding certificate verification is strongly advised. See: https://urllib3.readthedocs.io/en/latest/advanced-usage.html#tls-warnings
  warnings.warn(</msg>
<msg time="2024-04-02T21:13:20.533240" level="INFO">${response} = &lt;Response [200]&gt;</msg>
<var>${response}</var>
<arg>consultarAPI</arg>
<arg>/api</arg>
<doc>Sends a GET request on a previously created HTTP Session.</doc>
<status status="PASS" start="2024-04-02T21:13:20.220513" elapsed="0.312771"/>
</kw>
<kw name="Set Variable" owner="BuiltIn">
<msg time="2024-04-02T21:13:20.534974" level="INFO">${json_data} = {'results': [{'gender': 'male', 'name': {'title': 'Monsieur', 'first': 'Meinrad', 'last': 'Bonnet'}, 'location': {'street': {'number': 7387, 'name': "Rue de L'Abbé-Grégoire"}, 'city': 'Geuensee', 'sta...</msg>
<var>${json_data}</var>
<arg>${response.json()}</arg>
<doc>Returns the given values which can then be assigned to a variables.</doc>
<status status="PASS" start="2024-04-02T21:13:20.534131" elapsed="0.000872"/>
</kw>
<kw name="Log" owner="BuiltIn">
<msg time="2024-04-02T21:13:20.535684" level="INFO">{'results': [{'gender': 'male', 'name': {'title': 'Monsieur', 'first': 'Meinrad', 'last': 'Bonnet'}, 'location': {'street': {'number': 7387, 'name': "Rue de L'Abbé-Grégoire"}, 'city': 'Geuensee', 'state': 'Zug', 'country': 'Switzerland', 'postcode': 4802, 'coordinates': {'latitude': '-62.0779', 'longitude': '-1.1953'}, 'timezone': {'offset': '+3:00', 'description': 'Baghdad, Riyadh, Moscow, St. Petersburg'}}, 'email': 'meinrad.bonnet@example.com', 'login': {'uuid': 'a18b85f9-3eb4-4c50-82d0-91e26c2b6c27', 'username': 'ticklishbear610', 'password': 'bell', 'salt': 'l5RrWwaH', 'md5': 'c0cd248f23dbf84e83fc6a6ea2e3eb72', 'sha1': '0058deeb24184ebd7931ef2a5739ad4058b22ebd', 'sha256': '959288e534370477f73e3c3da9d8e421fd3b9315050642e327cac07c4c901451'}, 'dob': {'date': '1950-06-05T07:33:04.641Z', 'age': 73}, 'registered': {'date': '2020-08-28T09:18:12.458Z', 'age': 3}, 'phone': '079 163 81 48', 'cell': '075 489 74 49', 'id': {'name': 'AVS', 'value': '756.1816.3505.21'}, 'picture': {'large': 'https://randomuser.me/api/portraits/men/14.jpg', 'medium': 'https://randomuser.me/api/portraits/med/men/14.jpg', 'thumbnail': 'https://randomuser.me/api/portraits/thumb/men/14.jpg'}, 'nat': 'CH'}], 'info': {'seed': '7ba7918605c803a0', 'results': 1, 'page': 1, 'version': '1.4'}}</msg>
<arg>${json_data}</arg>
<doc>Logs the given message with the given level.</doc>
<status status="PASS" start="2024-04-02T21:13:20.535466" elapsed="0.000349"/>
</kw>
<kw name="Should Be Equal As Numbers" owner="BuiltIn">
<arg>${json_data['results'][0]['location']['postcode']}</arg>
<arg>${json_data['results'][0]['location']['postcode']}</arg>
<doc>Fails if objects are unequal after converting them to real numbers.</doc>
<status status="PASS" start="2024-04-02T21:13:20.536506" elapsed="0.000639"/>
</kw>
<kw name="Log" owner="BuiltIn">
<msg time="2024-04-02T21:13:20.537679" level="INFO">4802</msg>
<arg>${json_data['results'][0]['location']['postcode']}</arg>
<doc>Logs the given message with the given level.</doc>
<status status="PASS" start="2024-04-02T21:13:20.537339" elapsed="0.000380"/>
</kw>
<status status="PASS" start="2024-04-02T21:13:20.220079" elapsed="0.317895"/>
</kw>
<doc>Testa se os tipos de dados na resposta da API estão corretos.</doc>
<tag>testeTiposDados</tag>
<status status="PASS" start="2024-04-02T21:13:20.098808" elapsed="0.439342"/>
</test>
<test id="s1-s1-t5" name="Validar conteudo" line="35">
<kw name="Teste de Tipos de Conteudo" owner="random-user-service">
<kw name="GET On Session" owner="RequestsLibrary">
<msg time="2024-04-02T21:13:20.586760" level="INFO">GET Request : url=https://randomuser.me/api 
 path_url=/api 
 headers={'User-Agent': 'python-requests/2.31.0', 'Accept-Encoding': 'gzip, deflate', 'Accept': '*/*', 'Connection': 'keep-alive'} 
 body=None 
 </msg>
<msg time="2024-04-02T21:13:20.586846" level="INFO">GET Response : url=https://randomuser.me/api 
 status=200, reason=OK 
 headers={'Date': 'Tue, 02 Apr 2024 21:13:20 GMT', 'Content-Type': 'application/json; charset=utf-8', 'Transfer-Encoding': 'chunked', 'Connection': 'keep-alive', 'X-Powered-By': 'Express', 'Access-Control-Allow-Origin': '*', 'Cache-Control': 'no-cache', 'ETag': 'W/"48e-BSKaJzoTsweTiodbQlSVU56gw4g"', 'Vary': 'Accept-Encoding', 'Content-Encoding': 'gzip', 'CF-Cache-Status': 'DYNAMIC', 'Report-To': '{"endpoints":[{"url":"https:\\/\\/a.nel.cloudflare.com\\/report\\/v4?s=eJ842Ob7pcaujnQOAYMieZMZrbrQPbnoaRbKO65kcyhR6Ebu4xM%2FFdtmJNacf9qODgJsNbzbYtwb%2BjpuzhT2EDQA3dtJtrv7St9tDYcLSAZ%2Bb74qVQJj6bsNFhlZ6G3Y"}],"group":"cf-nel","max_age":604800}', 'NEL': '{"success_fraction":0,"report_to":"cf-nel","max_age":604800}', 'Server': 'cloudflare', 'CF-RAY': '86e3d27f68da6179-ORD', 'alt-svc': 'h3=":443"; ma=86400'} 
 body={"results":[{"gender":"female","name":{"title":"Ms","first":"Avery","last":"Frazier"},"location":{"street":{"number":7604,"name":"Woodlawn Avenue"},"city":"Sligo","state":"Westmeath","country":"Ireland","postcode":38975,"coordinates":{"latitude":"-4.2357","longitude":"112.0273"},"timezone":{"offset":"-3:00","description":"Brazil, Buenos Aires, Georgetown"}},"email":"avery.frazier@example.com","login":{"uuid":"24a5cfde-514b-4f88-8912-cd0a43bb9266","username":"blackrabbit839","password":"aaaaaa","salt":"frR0HGUJ","md5":"57a5ef7c3ffa26003d855ce0352ad9f9","sha1":"b59989db586b36eb5f843342336ccf18c10de1be","sha256":"1f8e7d0eb7deac6fcaf822eed5de3a51eb2f8e52042c70c3d4067ab66d6b9a00"},"dob":{"date":"1947-09-25T17:37:42.166Z","age":76},"registered":{"date":"2016-01-09T14:39:07.976Z","age":8},"phone":"021-775-1347","cell":"081-897-3250","id":{"name":"PPS","value":"9838070T"},"picture":{"large":"https://randomuser.me/api/portraits/women/30.jpg","medium":"https://randomuser.me/api/portraits/med/women/30.jpg","thumbnail":"https://randomuser.me/api/portraits/thumb/women/30.jpg"},"nat":"IE"}],"info":{"seed":"2d8e7b834f6f0dd0","results":1,"page":1,"version":"1.4"}} 
 </msg>
<msg time="2024-04-02T21:13:20.586911" level="INFO">/opt/hostedtoolcache/Python/3.12.2/x64/lib/python3.12/site-packages/urllib3/connectionpool.py:1103: InsecureRequestWarning: Unverified HTTPS request is being made to host 'randomuser.me'. Adding certificate verification is strongly advised. See: https://urllib3.readthedocs.io/en/latest/advanced-usage.html#tls-warnings
  warnings.warn(</msg>
<msg time="2024-04-02T21:13:20.587038" level="INFO">${response} = &lt;Response [200]&gt;</msg>
<var>${response}</var>
<arg>consultarAPI</arg>
<arg>/api</arg>
<doc>Sends a GET request on a previously created HTTP Session.</doc>
<status status="PASS" start="2024-04-02T21:13:20.540939" elapsed="0.046141"/>
</kw>
<kw name="Set Variable" owner="BuiltIn">
<msg time="2024-04-02T21:13:20.588064" level="INFO">${json_data} = {'results': [{'gender': 'female', 'name': {'title': 'Ms', 'first': 'Avery', 'last': 'Frazier'}, 'location': {'street': {'number': 7604, 'name': 'Woodlawn Avenue'}, 'city': 'Sligo', 'state': 'Westmeath...</msg>
<var>${json_data}</var>
<arg>${response.json()}</arg>
<doc>Returns the given values which can then be assigned to a variables.</doc>
<status status="PASS" start="2024-04-02T21:13:20.587576" elapsed="0.000545"/>
</kw>
<kw name="Set Variable" owner="BuiltIn">
<msg time="2024-04-02T21:13:20.588837" level="INFO">${name_title} = Ms</msg>
<var>${name_title}</var>
<arg>${json_data["results"][0]["name"]["title"]}</arg>
<doc>Returns the given values which can then be assigned to a variables.</doc>
<status status="PASS" start="2024-04-02T21:13:20.588442" elapsed="0.000421"/>
</kw>
<kw name="Create List" owner="BuiltIn">
<msg time="2024-04-02T21:13:20.589346" level="INFO">${allowed_titles} = ['Mr', 'Ms', 'Miss', 'Mrs', 'Madame', 'Monsieur']</msg>
<var>${allowed_titles}</var>
<arg>Mr</arg>
<arg>Ms</arg>
<arg>Miss</arg>
<arg>Mrs</arg>
<arg>Madame</arg>
<arg>Monsieur</arg>
<doc>Returns a list containing given items.</doc>
<status status="PASS" start="2024-04-02T21:13:20.589169" elapsed="0.000212"/>
</kw>
<kw name="List Should Contain Value" owner="Collections">
<msg time="2024-04-02T21:13:20.589906" level="INFO">False</msg>
<arg>${allowed_titles}</arg>
<arg>${name_title}</arg>
<doc>Fails if the ``value`` is not found from ``list``.</doc>
<status status="PASS" start="2024-04-02T21:13:20.589717" elapsed="0.000231"/>
</kw>
<kw name="Set Variable" owner="BuiltIn">
<msg time="2024-04-02T21:13:20.590618" level="INFO">${name_country} = IE</msg>
<var>${name_country}</var>
<arg>${json_data["results"][0]["nat"]}</arg>
<doc>Returns the given values which can then be assigned to a variables.</doc>
<status status="PASS" start="2024-04-02T21:13:20.590237" elapsed="0.000407"/>
</kw>
<kw name="Create List" owner="BuiltIn">
<msg time="2024-04-02T21:13:20.591563" level="INFO">${list_country} = ['AD', 'AE', 'AF', 'AG', 'AI', 'AL', 'AM', 'AO', 'AQ', 'AR', 'AS', 'AT', 'AU', 'AW', 'AX', 'AZ', 'BA', 'BB', 'BD', 'BE', 'BF', 'BG', 'BH', 'BI', 'BJ', 'BL', 'BM', 'BN', 'BO', 'BQ', 'BR', 'BS', 'BT', '...</msg>
<var>${list_country}</var>
<arg>AD</arg>
<arg>AE</arg>
<arg>AF</arg>
<arg>AG</arg>
<arg>AI</arg>
<arg>AL</arg>
<arg>AM</arg>
<arg>AO</arg>
<arg>AQ</arg>
<arg>AR</arg>
<arg>AS</arg>
<arg>AT</arg>
<arg>AU</arg>
<arg>AW</arg>
<arg>AX</arg>
<arg>AZ</arg>
<arg>BA</arg>
<arg>BB</arg>
<arg>BD</arg>
<arg>BE</arg>
<arg>BF</arg>
<arg>BG</arg>
<arg>BH</arg>
<arg>BI</arg>
<arg>BJ</arg>
<arg>BL</arg>
<arg>BM</arg>
<arg>BN</arg>
<arg>BO</arg>
<arg>BQ</arg>
<arg>BR</arg>
<arg>BS</arg>
<arg>BT</arg>
<arg>BV</arg>
<arg>BW</arg>
<arg>BY</arg>
<arg>BZ</arg>
<arg>CA</arg>
<arg>CC</arg>
<arg>CD</arg>
<arg>CF</arg>
<arg>CG</arg>
<arg>CH</arg>
<arg>CI</arg>
<arg>CK</arg>
<arg>CL</arg>
<arg>CM</arg>
<arg>CN</arg>
<arg>CO</arg>
<arg>CR</arg>
<arg>CU</arg>
<arg>CV</arg>
<arg>CW</arg>
<arg>CX</arg>
<arg>CY</arg>
<arg>CZ</arg>
<arg>DE</arg>
<arg>DJ</arg>
<arg>DK</arg>
<arg>DM</arg>
<arg>DO</arg>
<arg>DZ</arg>
<arg>EC</arg>
<arg>EE</arg>
<arg>EG</arg>
<arg>EH</arg>
<arg>ER</arg>
<arg>ES</arg>
<arg>ET</arg>
<arg>FI</arg>
<arg>FJ</arg>
<arg>FK</arg>
<arg>FM</arg>
<arg>FO</arg>
<arg>FR</arg>
<arg>GA</arg>
<arg>GB</arg>
<arg>GD</arg>
<arg>GE</arg>
<arg>GF</arg>
<arg>GG</arg>
<arg>GH</arg>
<arg>GI</arg>
<arg>GL</arg>
<arg>GM</arg>
<arg>GN</arg>
<arg>GP</arg>
<arg>GQ</arg>
<arg>GR</arg>
<arg>GS</arg>
<arg>GT</arg>
<arg>GU</arg>
<arg>GW</arg>
<arg>GY</arg>
<arg>HK</arg>
<arg>HM</arg>
<arg>HN</arg>
<arg>HR</arg>
<arg>HT</arg>
<arg>HU</arg>
<arg>ID</arg>
<arg>IE</arg>
<arg>IL</arg>
<arg>IM</arg>
<arg>IN</arg>
<arg>IO</arg>
<arg>IQ</arg>
<arg>IR</arg>
<arg>IS</arg>
<arg>IT</arg>
<arg>JE</arg>
<arg>JM</arg>
<arg>JO</arg>
<arg>JP</arg>
<arg>KE</arg>
<arg>KG</arg>
<arg>KH</arg>
<arg>KI</arg>
<arg>KM</arg>
<arg>KN</arg>
<arg>KP</arg>
<arg>KR</arg>
<arg>KW</arg>
<arg>KY</arg>
<arg>KZ</arg>
<arg>LA</arg>
<arg>LB</arg>
<arg>LC</arg>
<arg>LI</arg>
<arg>LK</arg>
<arg>LR</arg>
<arg>LS</arg>
<arg>LT</arg>
<arg>LU</arg>
<arg>LV</arg>
<arg>LY</arg>
<arg>MA</arg>
<arg>MC</arg>
<arg>MD</arg>
<arg>ME</arg>
<arg>MF</arg>
<arg>MG</arg>
<arg>MH</arg>
<arg>MK</arg>
<arg>ML</arg>
<arg>MM</arg>
<arg>MN</arg>
<arg>MO</arg>
<arg>MP</arg>
<arg>MQ</arg>
<arg>MR</arg>
<arg>MS</arg>
<arg>MT</arg>
<arg>MU</arg>
<arg>MV</arg>
<arg>MW</arg>
<arg>MX</arg>
<arg>MY</arg>
<arg>MZ</arg>
<arg>NA</arg>
<arg>NC</arg>
<arg>NE</arg>
<arg>NF</arg>
<arg>NG</arg>
<arg>NI</arg>
<arg>NL</arg>
<arg>NO</arg>
<arg>NP</arg>
<arg>NR</arg>
<arg>NU</arg>
<arg>NZ</arg>
<arg>OM</arg>
<arg>PA</arg>
<arg>PE</arg>
<arg>PF</arg>
<arg>PG</arg>
<arg>PH</arg>
<arg>PK</arg>
<arg>PL</arg>
<arg>PM</arg>
<arg>PN</arg>
<arg>PR</arg>
<arg>PS</arg>
<arg>PT</arg>
<arg>PW</arg>
<arg>PY</arg>
<arg>QA</arg>
<arg>RE</arg>
<arg>RO</arg>
<arg>RS</arg>
<arg>RU</arg>
<arg>RW</arg>
<arg>SA</arg>
<arg>SB</arg>
<arg>SC</arg>
<arg>SD</arg>
<arg>SE</arg>
<arg>SG</arg>
<arg>SH</arg>
<arg>SI</arg>
<arg>SJ</arg>
<arg>SK</arg>
<arg>SL</arg>
<arg>SM</arg>
<arg>SN</arg>
<arg>SO</arg>
<arg>SR</arg>
<arg>SS</arg>
<arg>ST</arg>
<arg>SV</arg>
<arg>SX</arg>
<arg>SY</arg>
<arg>SZ</arg>
<arg>TC</arg>
<arg>TD</arg>
<arg>TF</arg>
<arg>TG</arg>
<arg>TH</arg>
<arg>TJ</arg>
<arg>TK</arg>
<arg>TL</arg>
<arg>TM</arg>
<arg>TN</arg>
<arg>TO</arg>
<arg>TR</arg>
<arg>TT</arg>
<arg>TV</arg>
<arg>TW</arg>
<arg>TZ</arg>
<arg>UA</arg>
<arg>UG</arg>
<arg>UM</arg>
<arg>US</arg>
<arg>UY</arg>
<arg>UZ</arg>
<arg>VA</arg>
<arg>VC</arg>
<arg>VE</arg>
<arg>VG</arg>
<arg>VI</arg>
<arg>VN</arg>
<arg>VU</arg>
<arg>WF</arg>
<arg>WS</arg>
<arg>XK</arg>
<arg>YE</arg>
<arg>YT</arg>
<arg>ZA</arg>
<arg>ZM</arg>
<arg>ZW</arg>
<doc>Returns a list containing given items.</doc>
<status status="PASS" start="2024-04-02T21:13:20.590953" elapsed="0.000635"/>
</kw>
<kw name="List Should Contain Value" owner="Collections">
<msg time="2024-04-02T21:13:20.592725" level="INFO">False</msg>
<arg>${list_country}</arg>
<arg>${name_country}</arg>
<doc>Fails if the ``value`` is not found from ``list``.</doc>
<status status="PASS" start="2024-04-02T21:13:20.592520" elapsed="0.000242"/>
</kw>
<kw name="Run Keyword If" owner="BuiltIn">
<kw name="Should Be True" owner="BuiltIn">
<arg>${True}</arg>
<doc>Fails if the given condition is not true.</doc>
<status status="PASS" start="2024-04-02T21:13:20.593839" elapsed="0.000147"/>
</kw>
<arg>${json_data["results"][0]["location"]["coordinates"]["latitude"]} &gt;= -90 and ${json_data["results"][0]["location"]["coordinates"]["latitude"]} &lt;= 90</arg>
<arg>Should Be True</arg>
<arg>${True}</arg>
<doc>Runs the given keyword with the given arguments, if ``condition`` is true.</doc>
<status status="PASS" start="2024-04-02T21:13:20.593079" elapsed="0.001036"/>
</kw>
<kw name="Run Keyword If" owner="BuiltIn">
<kw name="Should Be True" owner="BuiltIn">
<arg>${True}</arg>
<doc>Fails if the given condition is not true.</doc>
<status status="PASS" start="2024-04-02T21:13:20.594996" elapsed="0.000140"/>
</kw>
<arg>${json_data["results"][0]["location"]["coordinates"]["longitude"]} &gt;= -180 and ${json_data["results"][0]["location"]["coordinates"]["longitude"]} &lt;= 180</arg>
<arg>Should Be True</arg>
<arg>${True}</arg>
<doc>Runs the given keyword with the given arguments, if ``condition`` is true.</doc>
<status status="PASS" start="2024-04-02T21:13:20.594299" elapsed="0.000964"/>
</kw>
<status status="PASS" start="2024-04-02T21:13:20.540559" elapsed="0.054835"/>
</kw>
<doc>Testa o conteúdo específico dos campos retornados pela API.</doc>
<tag>testeConteudo</tag>
<status status="PASS" start="2024-04-02T21:13:20.539890" elapsed="0.055661"/>
</test>
<status status="PASS" start="2024-04-02T21:13:19.579819" elapsed="1.017662"/>
</suite>
<status status="PASS" start="2024-04-02T21:13:19.565596" elapsed="1.037210"/>
</suite>
<statistics>
<total>
<stat pass="5" fail="0" skip="0">All Tests</stat>
</total>
<tag>
<stat pass="1" fail="0" skip="0">testeConteudo</stat>
<stat pass="1" fail="0" skip="0">testeEstruturaResposta</stat>
<stat pass="1" fail="0" skip="0">testeRequisicaoBasica</stat>
<stat pass="1" fail="0" skip="0">testeTiposDados</stat>
</tag>
<suite>
<stat pass="5" fail="0" skip="0" id="s1" name="Tests">Tests</stat>
<stat pass="5" fail="0" skip="0" id="s1-s1" name="Random-User-Test">Tests.Random-User-Test</stat>
</suite>
</statistics>
<errors>
</errors>
</robot>
