<?xml version="1.0" encoding="UTF-8"?>
<robot generator="Robot 7.0.1 (Python 3.12.4 on linux)" generated="2024-07-21T23:15:37.583505" rpa="false" schemaversion="5">
<suite id="s1" name="Tests" source="/home/runner/work/ApiRandomUser/ApiRandomUser/RamdonUser/tests">
<suite id="s1-s1" name="Random-User-Test" source="/home/runner/work/ApiRandomUser/ApiRandomUser/RamdonUser/tests/random-user-test.robot">
<test id="s1-s1-t1" name="Conectar" line="13">
<kw name="Conectar API" owner="random-user-service">
<kw name="Create Session" owner="RequestsLibrary">
<msg time="2024-07-21T23:15:38.028611" level="INFO">Creating Session using : alias=consultarAPI, url=https://randomuser.me/, headers={},                     cookies={}, auth=None, timeout=None, proxies=None, verify=False,                     debug=0 </msg>
<arg>consultarAPI</arg>
<arg>${URL}</arg>
<doc>Create Session: create a HTTP session to a server</doc>
<status status="PASS" start="2024-07-21T23:15:38.028408" elapsed="0.000384"/>
</kw>
<status status="PASS" start="2024-07-21T23:15:38.027340" elapsed="0.001827"/>
</kw>
<status status="PASS" start="2024-07-21T23:15:38.026764" elapsed="0.002603"/>
</test>
<test id="s1-s1-t2" name="Validar retorno 200 e JSON Válido" line="16">
<kw name="Teste de Requisicao Basica" owner="random-user-service">
<kw name="GET On Session" owner="RequestsLibrary">
<msg time="2024-07-21T23:15:38.260707" level="INFO">GET Request : url=https://randomuser.me/api 
 path_url=/api 
 headers={'User-Agent': 'python-requests/2.32.3', 'Accept-Encoding': 'gzip, deflate', 'Accept': '*/*', 'Connection': 'keep-alive'} 
 body=None 
 </msg>
<msg time="2024-07-21T23:15:38.260868" level="INFO">GET Response : url=https://randomuser.me/api 
 status=200, reason=OK 
 headers={'Date': 'Sun, 21 Jul 2024 23:15:38 GMT', 'Content-Type': 'application/json; charset=utf-8', 'Transfer-Encoding': 'chunked', 'Connection': 'keep-alive', 'X-Powered-By': 'Express', 'Access-Control-Allow-Origin': '*', 'Cache-Control': 'no-cache', 'ETag': 'W/"498-TDAh5cp6gpcBnvaEpdvFrhg+iRk"', 'Vary': 'Accept-Encoding', 'Content-Encoding': 'gzip', 'CF-Cache-Status': 'DYNAMIC', 'Report-To': '{"endpoints":[{"url":"https:\\/\\/a.nel.cloudflare.com\\/report\\/v4?s=1AewMOd%2BwvFtpOU8xxMBzbvU1Z9Yw2oGYTD3uRrbtODaI9DDTtNC%2F8rHfmU4VMU59sj2lV5DzU%2F4vq52nX5%2FxaIrJkFVFFwTt7enyohfcJjIAhyb4Ej9UCPxtPKirCgL"}],"group":"cf-nel","max_age":604800}', 'NEL': '{"success_fraction":0,"report_to":"cf-nel","max_age":604800}', 'Server': 'cloudflare', 'CF-RAY': '8a6ee4e3ee98801e-IAD', 'alt-svc': 'h3=":443"; ma=86400'} 
 body={"results":[{"gender":"male","name":{"title":"Mr","first":"Ludvik","last":"Indahl"},"location":{"street":{"number":373,"name":"Garver Ytteborgs vei"},"city":"Ålesund","state":"Nord-Trøndelag","country":"Norway","postcode":"9405","coordinates":{"latitude":"40.8295","longitude":"-154.3299"},"timezone":{"offset":"-5:00","description":"Eastern Time (US &amp; Canada), Bogota, Lima"}},"email":"ludvik.indahl@example.com","login":{"uuid":"86403f64-3e3b-49d9-89e7-b6ce07945408","username":"whiteladybug753","password":"memorex","salt":"n5nULYLr","md5":"f94fe0828a8569e9905a4bb62bdd93a9","sha1":"70c3dab3e22831c0b9ed1bafff90498df0d335b6","sha256":"9efe5dd03731163503aa95af7817eef7af10d705683cb26ec8312c67581f3494"},"dob":{"date":"1966-08-02T17:42:08.099Z","age":57},"registered":{"date":"2018-01-16T10:31:58.877Z","age":6},"phone":"24533205","cell":"94193590","id":{"name":"FN","value":"02086629189"},"picture":{"large":"https://randomuser.me/api/portraits/men/91.jpg","medium":"https://randomuser.me/api/portraits/med/men/91.jpg","thumbnail":"https://randomuser.me/api/portraits/thumb/men/91.jpg"},"nat":"NO"}],"info":{"seed":"81f4a5f7e5599e3a","results":1,"page":1,"version":"1.4"}} 
 </msg>
<msg time="2024-07-21T23:15:38.260962" level="INFO">/opt/hostedtoolcache/Python/3.12.4/x64/lib/python3.12/site-packages/urllib3/connectionpool.py:1099: InsecureRequestWarning: Unverified HTTPS request is being made to host 'randomuser.me'. Adding certificate verification is strongly advised. See: https://urllib3.readthedocs.io/en/latest/advanced-usage.html#tls-warnings
  warnings.warn(</msg>
<msg time="2024-07-21T23:15:38.261128" level="INFO">${response} = &lt;Response [200]&gt;</msg>
<var>${response}</var>
<arg>consultarAPI</arg>
<arg>/api</arg>
<doc>Sends a GET request on a previously created HTTP Session.</doc>
<status status="PASS" start="2024-07-21T23:15:38.031986" elapsed="0.229189"/>
</kw>
<kw name="Should Be Equal As Numbers" owner="BuiltIn">
<msg time="2024-07-21T23:15:38.262246" level="INFO">Argument types are:
&lt;class 'int'&gt;
&lt;class 'str'&gt;</msg>
<arg>${response.status_code}</arg>
<arg>200</arg>
<doc>Fails if objects are unequal after converting them to real numbers.</doc>
<status status="PASS" start="2024-07-21T23:15:38.261761" elapsed="0.000585"/>
</kw>
<kw name="Log" owner="BuiltIn">
<msg time="2024-07-21T23:15:38.263086" level="INFO">200</msg>
<arg>${response.status_code}</arg>
<doc>Logs the given message with the given level.</doc>
<status status="PASS" start="2024-07-21T23:15:38.262717" elapsed="0.000415"/>
</kw>
<kw name="Set Variable" owner="BuiltIn">
<msg time="2024-07-21T23:15:38.263902" level="INFO">${json_data} = {'results': [{'gender': 'male', 'name': {'title': 'Mr', 'first': 'Ludvik', 'last': 'Indahl'}, 'location': {'street': {'number': 373, 'name': 'Garver Ytteborgs vei'}, 'city': 'Ålesund', 'state': 'Nord-...</msg>
<var>${json_data}</var>
<arg>${response.json()}</arg>
<doc>Returns the given values which can then be assigned to a variables.</doc>
<status status="PASS" start="2024-07-21T23:15:38.263450" elapsed="0.000482"/>
</kw>
<kw name="Dictionary Should Contain Key" owner="Collections">
<arg>${json_data}</arg>
<arg>results</arg>
<doc>Fails if ``key`` is not found from ``dictionary``.</doc>
<status status="PASS" start="2024-07-21T23:15:38.264248" elapsed="0.000346"/>
</kw>
<status status="PASS" start="2024-07-21T23:15:38.031738" elapsed="0.233012"/>
</kw>
<doc>Testa se a API responde corretamente e retorna um objeto JSON válido.</doc>
<tag>testeRequisicaoBasica</tag>
<status status="PASS" start="2024-07-21T23:15:38.031272" elapsed="0.233655"/>
</test>
<test id="s1-s1-t3" name="Validar estrutura de resposta" line="22">
<kw name="Teste de Estrutura de Resposta" owner="random-user-service">
<kw name="GET On Session" owner="RequestsLibrary">
<msg time="2024-07-21T23:15:38.363560" level="INFO">GET Request : url=https://randomuser.me/api 
 path_url=/api 
 headers={'User-Agent': 'python-requests/2.32.3', 'Accept-Encoding': 'gzip, deflate', 'Accept': '*/*', 'Connection': 'keep-alive'} 
 body=None 
 </msg>
<msg time="2024-07-21T23:15:38.363682" level="INFO">GET Response : url=https://randomuser.me/api 
 status=200, reason=OK 
 headers={'Date': 'Sun, 21 Jul 2024 23:15:38 GMT', 'Content-Type': 'application/json; charset=utf-8', 'Transfer-Encoding': 'chunked', 'Connection': 'keep-alive', 'X-Powered-By': 'Express', 'Access-Control-Allow-Origin': '*', 'Cache-Control': 'no-cache', 'ETag': 'W/"493-3/D0k3+GBQ98mpq6iJdSPLKwy7I"', 'Vary': 'Accept-Encoding', 'Content-Encoding': 'gzip', 'CF-Cache-Status': 'DYNAMIC', 'Report-To': '{"endpoints":[{"url":"https:\\/\\/a.nel.cloudflare.com\\/report\\/v4?s=A9jp7D1N%2FiTPXAYs9Dt7dnPvtKVvdiGMGb%2FvZer7iIpxJ4a4maTvhFaxD4dHR0u3Tt2mFQxehK7eoAV85jzjRcWm6sS7hQ%2BCc0nrE4qgotnFYnAmmjdLGBaKyiFDbTxN"}],"group":"cf-nel","max_age":604800}', 'NEL': '{"success_fraction":0,"report_to":"cf-nel","max_age":604800}', 'Server': 'cloudflare', 'CF-RAY': '8a6ee4e43ee5801e-IAD', 'alt-svc': 'h3=":443"; ma=86400'} 
 body={"results":[{"gender":"male","name":{"title":"Mr","first":"Emin","last":"Wiemann"},"location":{"street":{"number":1457,"name":"Kastanienweg"},"city":"Lauter-Bernsbach","state":"Hamburg","country":"Germany","postcode":30565,"coordinates":{"latitude":"-51.4351","longitude":"-50.0667"},"timezone":{"offset":"-3:00","description":"Brazil, Buenos Aires, Georgetown"}},"email":"emin.wiemann@example.com","login":{"uuid":"3f527753-7ce1-4bb5-b426-8d75cd5e7ea8","username":"biggorilla597","password":"conner","salt":"CV5hSUvC","md5":"2a5dbaa6a77833c7bbde3c55fd907dc2","sha1":"83b5faea486fa521089ec96e233a98bac0da769c","sha256":"81baba8242c824987e339b008e4c83e32bcdd4ec599538173b634b5480fa619c"},"dob":{"date":"1991-01-29T06:18:51.996Z","age":33},"registered":{"date":"2012-02-23T21:52:38.228Z","age":12},"phone":"0783-9496582","cell":"0177-7658137","id":{"name":"SVNR","value":"52 290191 W 431"},"picture":{"large":"https://randomuser.me/api/portraits/men/32.jpg","medium":"https://randomuser.me/api/portraits/med/men/32.jpg","thumbnail":"https://randomuser.me/api/portraits/thumb/men/32.jpg"},"nat":"DE"}],"info":{"seed":"5347528a849f04b9","results":1,"page":1,"version":"1.4"}} 
 </msg>
<msg time="2024-07-21T23:15:38.363833" level="INFO">/opt/hostedtoolcache/Python/3.12.4/x64/lib/python3.12/site-packages/urllib3/connectionpool.py:1099: InsecureRequestWarning: Unverified HTTPS request is being made to host 'randomuser.me'. Adding certificate verification is strongly advised. See: https://urllib3.readthedocs.io/en/latest/advanced-usage.html#tls-warnings
  warnings.warn(</msg>
<msg time="2024-07-21T23:15:38.364027" level="INFO">${response} = &lt;Response [200]&gt;</msg>
<var>${response}</var>
<arg>consultarAPI</arg>
<arg>/api</arg>
<doc>Sends a GET request on a previously created HTTP Session.</doc>
<status status="PASS" start="2024-07-21T23:15:38.267950" elapsed="0.096122"/>
</kw>
<kw name="Set Variable" owner="BuiltIn">
<msg time="2024-07-21T23:15:38.365329" level="INFO">${json_data} = {'results': [{'gender': 'male', 'name': {'title': 'Mr', 'first': 'Emin', 'last': 'Wiemann'}, 'location': {'street': {'number': 1457, 'name': 'Kastanienweg'}, 'city': 'Lauter-Bernsbach', 'state': 'Hamb...</msg>
<var>${json_data}</var>
<arg>${response.json()}</arg>
<doc>Returns the given values which can then be assigned to a variables.</doc>
<status status="PASS" start="2024-07-21T23:15:38.364703" elapsed="0.000655"/>
</kw>
<kw name="Log" owner="BuiltIn">
<msg time="2024-07-21T23:15:38.365823" level="INFO">{'results': [{'gender': 'male', 'name': {'title': 'Mr', 'first': 'Emin', 'last': 'Wiemann'}, 'location': {'street': {'number': 1457, 'name': 'Kastanienweg'}, 'city': 'Lauter-Bernsbach', 'state': 'Hamburg', 'country': 'Germany', 'postcode': 30565, 'coordinates': {'latitude': '-51.4351', 'longitude': '-50.0667'}, 'timezone': {'offset': '-3:00', 'description': 'Brazil, Buenos Aires, Georgetown'}}, 'email': 'emin.wiemann@example.com', 'login': {'uuid': '3f527753-7ce1-4bb5-b426-8d75cd5e7ea8', 'username': 'biggorilla597', 'password': 'conner', 'salt': 'CV5hSUvC', 'md5': '2a5dbaa6a77833c7bbde3c55fd907dc2', 'sha1': '83b5faea486fa521089ec96e233a98bac0da769c', 'sha256': '81baba8242c824987e339b008e4c83e32bcdd4ec599538173b634b5480fa619c'}, 'dob': {'date': '1991-01-29T06:18:51.996Z', 'age': 33}, 'registered': {'date': '2012-02-23T21:52:38.228Z', 'age': 12}, 'phone': '0783-9496582', 'cell': '0177-7658137', 'id': {'name': 'SVNR', 'value': '52 290191 W 431'}, 'picture': {'large': 'https://randomuser.me/api/portraits/men/32.jpg', 'medium': 'https://randomuser.me/api/portraits/med/men/32.jpg', 'thumbnail': 'https://randomuser.me/api/portraits/thumb/men/32.jpg'}, 'nat': 'DE'}], 'info': {'seed': '5347528a849f04b9', 'results': 1, 'page': 1, 'version': '1.4'}}</msg>
<arg>${json_data}</arg>
<doc>Logs the given message with the given level.</doc>
<status status="PASS" start="2024-07-21T23:15:38.365662" elapsed="0.000211"/>
</kw>
<kw name="Dictionary Should Contain Key" owner="Collections">
<arg>${json_data}</arg>
<arg>results</arg>
<doc>Fails if ``key`` is not found from ``dictionary``.</doc>
<status status="PASS" start="2024-07-21T23:15:38.366164" elapsed="0.000196"/>
</kw>
<kw name="Should Not Be Empty" owner="BuiltIn">
<msg time="2024-07-21T23:15:38.366681" level="INFO">Length is 2.</msg>
<arg>${json_data}</arg>
<doc>Verifies that the given item is not empty.</doc>
<status status="PASS" start="2024-07-21T23:15:38.366549" elapsed="0.000169"/>
</kw>
<kw name="Create List" owner="BuiltIn">
<msg time="2024-07-21T23:15:38.367151" level="INFO">${expected_keys} = ['gender', 'name', 'location', 'email', 'login']</msg>
<var>${expected_keys}</var>
<arg>gender</arg>
<arg>name</arg>
<arg>location</arg>
<arg>email</arg>
<arg>login</arg>
<doc>Returns a list containing given items.</doc>
<status status="PASS" start="2024-07-21T23:15:38.367006" elapsed="0.000169"/>
</kw>
<for flavor="IN">
<iter>
<kw name="Dictionary Should Contain Key" owner="Collections">
<arg>${json_data['results'][0]}</arg>
<arg>${key}</arg>
<doc>Fails if ``key`` is not found from ``dictionary``.</doc>
<status status="PASS" start="2024-07-21T23:15:38.367766" elapsed="0.000400"/>
</kw>
<kw name="Log" owner="BuiltIn">
<msg time="2024-07-21T23:15:38.368694" level="INFO">{'gender': 'male', 'name': {'title': 'Mr', 'first': 'Emin', 'last': 'Wiemann'}, 'location': {'street': {'number': 1457, 'name': 'Kastanienweg'}, 'city': 'Lauter-Bernsbach', 'state': 'Hamburg', 'country': 'Germany', 'postcode': 30565, 'coordinates': {'latitude': '-51.4351', 'longitude': '-50.0667'}, 'timezone': {'offset': '-3:00', 'description': 'Brazil, Buenos Aires, Georgetown'}}, 'email': 'emin.wiemann@example.com', 'login': {'uuid': '3f527753-7ce1-4bb5-b426-8d75cd5e7ea8', 'username': 'biggorilla597', 'password': 'conner', 'salt': 'CV5hSUvC', 'md5': '2a5dbaa6a77833c7bbde3c55fd907dc2', 'sha1': '83b5faea486fa521089ec96e233a98bac0da769c', 'sha256': '81baba8242c824987e339b008e4c83e32bcdd4ec599538173b634b5480fa619c'}, 'dob': {'date': '1991-01-29T06:18:51.996Z', 'age': 33}, 'registered': {'date': '2012-02-23T21:52:38.228Z', 'age': 12}, 'phone': '0783-9496582', 'cell': '0177-7658137', 'id': {'name': 'SVNR', 'value': '52 290191 W 431'}, 'picture': {'large': 'https://randomuser.me/api/portraits/men/32.jpg', 'medium': 'https://randomuser.me/api/portraits/med/men/32.jpg', 'thumbnail': 'https://randomuser.me/api/portraits/thumb/men/32.jpg'}, 'nat': 'DE'}</msg>
<arg>${json_data['results'][0]}</arg>
<doc>Logs the given message with the given level.</doc>
<status status="PASS" start="2024-07-21T23:15:38.368348" elapsed="0.000395"/>
</kw>
<kw name="Log" owner="BuiltIn">
<msg time="2024-07-21T23:15:38.369172" level="INFO">gender</msg>
<arg>${key}</arg>
<doc>Logs the given message with the given level.</doc>
<status status="PASS" start="2024-07-21T23:15:38.369047" elapsed="0.000162"/>
</kw>
<var name="${key}">gender</var>
<status status="PASS" start="2024-07-21T23:15:38.367639" elapsed="0.001786"/>
</iter>
<iter>
<kw name="Dictionary Should Contain Key" owner="Collections">
<arg>${json_data['results'][0]}</arg>
<arg>${key}</arg>
<doc>Fails if ``key`` is not found from ``dictionary``.</doc>
<status status="PASS" start="2024-07-21T23:15:38.369715" elapsed="0.000377"/>
</kw>
<kw name="Log" owner="BuiltIn">
<msg time="2024-07-21T23:15:38.370660" level="INFO">{'gender': 'male', 'name': {'title': 'Mr', 'first': 'Emin', 'last': 'Wiemann'}, 'location': {'street': {'number': 1457, 'name': 'Kastanienweg'}, 'city': 'Lauter-Bernsbach', 'state': 'Hamburg', 'country': 'Germany', 'postcode': 30565, 'coordinates': {'latitude': '-51.4351', 'longitude': '-50.0667'}, 'timezone': {'offset': '-3:00', 'description': 'Brazil, Buenos Aires, Georgetown'}}, 'email': 'emin.wiemann@example.com', 'login': {'uuid': '3f527753-7ce1-4bb5-b426-8d75cd5e7ea8', 'username': 'biggorilla597', 'password': 'conner', 'salt': 'CV5hSUvC', 'md5': '2a5dbaa6a77833c7bbde3c55fd907dc2', 'sha1': '83b5faea486fa521089ec96e233a98bac0da769c', 'sha256': '81baba8242c824987e339b008e4c83e32bcdd4ec599538173b634b5480fa619c'}, 'dob': {'date': '1991-01-29T06:18:51.996Z', 'age': 33}, 'registered': {'date': '2012-02-23T21:52:38.228Z', 'age': 12}, 'phone': '0783-9496582', 'cell': '0177-7658137', 'id': {'name': 'SVNR', 'value': '52 290191 W 431'}, 'picture': {'large': 'https://randomuser.me/api/portraits/men/32.jpg', 'medium': 'https://randomuser.me/api/portraits/med/men/32.jpg', 'thumbnail': 'https://randomuser.me/api/portraits/thumb/men/32.jpg'}, 'nat': 'DE'}</msg>
<arg>${json_data['results'][0]}</arg>
<doc>Logs the given message with the given level.</doc>
<status status="PASS" start="2024-07-21T23:15:38.370271" elapsed="0.000472"/>
</kw>
<kw name="Log" owner="BuiltIn">
<msg time="2024-07-21T23:15:38.371167" level="INFO">name</msg>
<arg>${key}</arg>
<doc>Logs the given message with the given level.</doc>
<status status="PASS" start="2024-07-21T23:15:38.371040" elapsed="0.000164"/>
</kw>
<var name="${key}">name</var>
<status status="PASS" start="2024-07-21T23:15:38.369606" elapsed="0.001811"/>
</iter>
<iter>
<kw name="Dictionary Should Contain Key" owner="Collections">
<arg>${json_data['results'][0]}</arg>
<arg>${key}</arg>
<doc>Fails if ``key`` is not found from ``dictionary``.</doc>
<status status="PASS" start="2024-07-21T23:15:38.371695" elapsed="0.000371"/>
</kw>
<kw name="Log" owner="BuiltIn">
<msg time="2024-07-21T23:15:38.372597" level="INFO">{'gender': 'male', 'name': {'title': 'Mr', 'first': 'Emin', 'last': 'Wiemann'}, 'location': {'street': {'number': 1457, 'name': 'Kastanienweg'}, 'city': 'Lauter-Bernsbach', 'state': 'Hamburg', 'country': 'Germany', 'postcode': 30565, 'coordinates': {'latitude': '-51.4351', 'longitude': '-50.0667'}, 'timezone': {'offset': '-3:00', 'description': 'Brazil, Buenos Aires, Georgetown'}}, 'email': 'emin.wiemann@example.com', 'login': {'uuid': '3f527753-7ce1-4bb5-b426-8d75cd5e7ea8', 'username': 'biggorilla597', 'password': 'conner', 'salt': 'CV5hSUvC', 'md5': '2a5dbaa6a77833c7bbde3c55fd907dc2', 'sha1': '83b5faea486fa521089ec96e233a98bac0da769c', 'sha256': '81baba8242c824987e339b008e4c83e32bcdd4ec599538173b634b5480fa619c'}, 'dob': {'date': '1991-01-29T06:18:51.996Z', 'age': 33}, 'registered': {'date': '2012-02-23T21:52:38.228Z', 'age': 12}, 'phone': '0783-9496582', 'cell': '0177-7658137', 'id': {'name': 'SVNR', 'value': '52 290191 W 431'}, 'picture': {'large': 'https://randomuser.me/api/portraits/men/32.jpg', 'medium': 'https://randomuser.me/api/portraits/med/men/32.jpg', 'thumbnail': 'https://randomuser.me/api/portraits/thumb/men/32.jpg'}, 'nat': 'DE'}</msg>
<arg>${json_data['results'][0]}</arg>
<doc>Logs the given message with the given level.</doc>
<status status="PASS" start="2024-07-21T23:15:38.372249" elapsed="0.000396"/>
</kw>
<kw name="Log" owner="BuiltIn">
<msg time="2024-07-21T23:15:38.373061" level="INFO">location</msg>
<arg>${key}</arg>
<doc>Logs the given message with the given level.</doc>
<status status="PASS" start="2024-07-21T23:15:38.372936" elapsed="0.000160"/>
</kw>
<var name="${key}">location</var>
<status status="PASS" start="2024-07-21T23:15:38.371590" elapsed="0.001718"/>
</iter>
<iter>
<kw name="Dictionary Should Contain Key" owner="Collections">
<arg>${json_data['results'][0]}</arg>
<arg>${key}</arg>
<doc>Fails if ``key`` is not found from ``dictionary``.</doc>
<status status="PASS" start="2024-07-21T23:15:38.373578" elapsed="0.000367"/>
</kw>
<kw name="Log" owner="BuiltIn">
<msg time="2024-07-21T23:15:38.374636" level="INFO">{'gender': 'male', 'name': {'title': 'Mr', 'first': 'Emin', 'last': 'Wiemann'}, 'location': {'street': {'number': 1457, 'name': 'Kastanienweg'}, 'city': 'Lauter-Bernsbach', 'state': 'Hamburg', 'country': 'Germany', 'postcode': 30565, 'coordinates': {'latitude': '-51.4351', 'longitude': '-50.0667'}, 'timezone': {'offset': '-3:00', 'description': 'Brazil, Buenos Aires, Georgetown'}}, 'email': 'emin.wiemann@example.com', 'login': {'uuid': '3f527753-7ce1-4bb5-b426-8d75cd5e7ea8', 'username': 'biggorilla597', 'password': 'conner', 'salt': 'CV5hSUvC', 'md5': '2a5dbaa6a77833c7bbde3c55fd907dc2', 'sha1': '83b5faea486fa521089ec96e233a98bac0da769c', 'sha256': '81baba8242c824987e339b008e4c83e32bcdd4ec599538173b634b5480fa619c'}, 'dob': {'date': '1991-01-29T06:18:51.996Z', 'age': 33}, 'registered': {'date': '2012-02-23T21:52:38.228Z', 'age': 12}, 'phone': '0783-9496582', 'cell': '0177-7658137', 'id': {'name': 'SVNR', 'value': '52 290191 W 431'}, 'picture': {'large': 'https://randomuser.me/api/portraits/men/32.jpg', 'medium': 'https://randomuser.me/api/portraits/med/men/32.jpg', 'thumbnail': 'https://randomuser.me/api/portraits/thumb/men/32.jpg'}, 'nat': 'DE'}</msg>
<arg>${json_data['results'][0]}</arg>
<doc>Logs the given message with the given level.</doc>
<status status="PASS" start="2024-07-21T23:15:38.374250" elapsed="0.000435"/>
</kw>
<kw name="Log" owner="BuiltIn">
<msg time="2024-07-21T23:15:38.375111" level="INFO">email</msg>
<arg>${key}</arg>
<doc>Logs the given message with the given level.</doc>
<status status="PASS" start="2024-07-21T23:15:38.374986" elapsed="0.000162"/>
</kw>
<var name="${key}">email</var>
<status status="PASS" start="2024-07-21T23:15:38.373473" elapsed="0.001888"/>
</iter>
<iter>
<kw name="Dictionary Should Contain Key" owner="Collections">
<arg>${json_data['results'][0]}</arg>
<arg>${key}</arg>
<doc>Fails if ``key`` is not found from ``dictionary``.</doc>
<status status="PASS" start="2024-07-21T23:15:38.375637" elapsed="0.000365"/>
</kw>
<kw name="Log" owner="BuiltIn">
<msg time="2024-07-21T23:15:38.376515" level="INFO">{'gender': 'male', 'name': {'title': 'Mr', 'first': 'Emin', 'last': 'Wiemann'}, 'location': {'street': {'number': 1457, 'name': 'Kastanienweg'}, 'city': 'Lauter-Bernsbach', 'state': 'Hamburg', 'country': 'Germany', 'postcode': 30565, 'coordinates': {'latitude': '-51.4351', 'longitude': '-50.0667'}, 'timezone': {'offset': '-3:00', 'description': 'Brazil, Buenos Aires, Georgetown'}}, 'email': 'emin.wiemann@example.com', 'login': {'uuid': '3f527753-7ce1-4bb5-b426-8d75cd5e7ea8', 'username': 'biggorilla597', 'password': 'conner', 'salt': 'CV5hSUvC', 'md5': '2a5dbaa6a77833c7bbde3c55fd907dc2', 'sha1': '83b5faea486fa521089ec96e233a98bac0da769c', 'sha256': '81baba8242c824987e339b008e4c83e32bcdd4ec599538173b634b5480fa619c'}, 'dob': {'date': '1991-01-29T06:18:51.996Z', 'age': 33}, 'registered': {'date': '2012-02-23T21:52:38.228Z', 'age': 12}, 'phone': '0783-9496582', 'cell': '0177-7658137', 'id': {'name': 'SVNR', 'value': '52 290191 W 431'}, 'picture': {'large': 'https://randomuser.me/api/portraits/men/32.jpg', 'medium': 'https://randomuser.me/api/portraits/med/men/32.jpg', 'thumbnail': 'https://randomuser.me/api/portraits/thumb/men/32.jpg'}, 'nat': 'DE'}</msg>
<arg>${json_data['results'][0]}</arg>
<doc>Logs the given message with the given level.</doc>
<status status="PASS" start="2024-07-21T23:15:38.376179" elapsed="0.000383"/>
</kw>
<kw name="Log" owner="BuiltIn">
<msg time="2024-07-21T23:15:38.376971" level="INFO">login</msg>
<arg>${key}</arg>
<doc>Logs the given message with the given level.</doc>
<status status="PASS" start="2024-07-21T23:15:38.376848" elapsed="0.000158"/>
</kw>
<var name="${key}">login</var>
<status status="PASS" start="2024-07-21T23:15:38.375531" elapsed="0.001685"/>
</iter>
<var>${key}</var>
<value>@{expected_keys}</value>
<status status="PASS" start="2024-07-21T23:15:38.367440" elapsed="0.009900"/>
</for>
<kw name="Create List" owner="BuiltIn">
<msg time="2024-07-21T23:15:38.377682" level="INFO">${expected_keysTwo} = ['username', 'password']</msg>
<var>${expected_keysTwo}</var>
<arg>username</arg>
<arg>password</arg>
<doc>Returns a list containing given items.</doc>
<status status="PASS" start="2024-07-21T23:15:38.377526" elapsed="0.000210"/>
</kw>
<for flavor="IN">
<iter>
<kw name="Dictionary Should Contain Key" owner="Collections">
<arg>${json_data['results'][0]['login']}</arg>
<arg>${keyTwo}</arg>
<doc>Fails if ``key`` is not found from ``dictionary``.</doc>
<status status="PASS" start="2024-07-21T23:15:38.378238" elapsed="0.000416"/>
</kw>
<kw name="Dictionary Should Contain Key" owner="Collections">
<arg>${json_data['results'][0]['login']}</arg>
<arg>${keyTwo}</arg>
<doc>Fails if ``key`` is not found from ``dictionary``.</doc>
<status status="PASS" start="2024-07-21T23:15:38.378836" elapsed="0.000374"/>
</kw>
<kw name="Log" owner="BuiltIn">
<msg time="2024-07-21T23:15:38.379505" level="INFO">username</msg>
<arg>${keyTwo}</arg>
<doc>Logs the given message with the given level.</doc>
<status status="PASS" start="2024-07-21T23:15:38.379386" elapsed="0.000157"/>
</kw>
<var name="${keyTwo}">username</var>
<status status="PASS" start="2024-07-21T23:15:38.378132" elapsed="0.001628"/>
</iter>
<iter>
<kw name="Dictionary Should Contain Key" owner="Collections">
<arg>${json_data['results'][0]['login']}</arg>
<arg>${keyTwo}</arg>
<doc>Fails if ``key`` is not found from ``dictionary``.</doc>
<status status="PASS" start="2024-07-21T23:15:38.380039" elapsed="0.000371"/>
</kw>
<kw name="Dictionary Should Contain Key" owner="Collections">
<arg>${json_data['results'][0]['login']}</arg>
<arg>${keyTwo}</arg>
<doc>Fails if ``key`` is not found from ``dictionary``.</doc>
<status status="PASS" start="2024-07-21T23:15:38.380586" elapsed="0.000356"/>
</kw>
<kw name="Log" owner="BuiltIn">
<msg time="2024-07-21T23:15:38.381236" level="INFO">password</msg>
<arg>${keyTwo}</arg>
<doc>Logs the given message with the given level.</doc>
<status status="PASS" start="2024-07-21T23:15:38.381113" elapsed="0.000161"/>
</kw>
<var name="${keyTwo}">password</var>
<status status="PASS" start="2024-07-21T23:15:38.379929" elapsed="0.001566"/>
</iter>
<var>${keyTwo}</var>
<value>@{expected_keysTwo}</value>
<status status="PASS" start="2024-07-21T23:15:38.377981" elapsed="0.003635"/>
</for>
<status status="PASS" start="2024-07-21T23:15:38.267588" elapsed="0.114172"/>
</kw>
<doc>Testa a estrutura da resposta da API.</doc>
<tag>testeEstruturaResposta</tag>
<status status="PASS" start="2024-07-21T23:15:38.266803" elapsed="0.115114"/>
</test>
<test id="s1-s1-t4" name="Validar tipos de dados" line="28">
<kw name="Teste de Tipos de Dados" owner="random-user-service">
<kw name="GET On Session" owner="RequestsLibrary">
<msg time="2024-07-21T23:15:38.461228" level="INFO">GET Request : url=https://randomuser.me/api 
 path_url=/api 
 headers={'User-Agent': 'python-requests/2.32.3', 'Accept-Encoding': 'gzip, deflate', 'Accept': '*/*', 'Connection': 'keep-alive'} 
 body=None 
 </msg>
<msg time="2024-07-21T23:15:38.461328" level="INFO">GET Response : url=https://randomuser.me/api 
 status=200, reason=OK 
 headers={'Date': 'Sun, 21 Jul 2024 23:15:38 GMT', 'Content-Type': 'application/json; charset=utf-8', 'Transfer-Encoding': 'chunked', 'Connection': 'keep-alive', 'X-Powered-By': 'Express', 'Access-Control-Allow-Origin': '*', 'Cache-Control': 'no-cache', 'ETag': 'W/"467-mYQ7mZp5y2iwkL/P3RfStvxvKHk"', 'Vary': 'Accept-Encoding', 'Content-Encoding': 'gzip', 'CF-Cache-Status': 'DYNAMIC', 'Report-To': '{"endpoints":[{"url":"https:\\/\\/a.nel.cloudflare.com\\/report\\/v4?s=rkoJ4Ff8aF6jT42roz%2B%2BBvdiB3xC2fEQG2PuWfKVHOteKkzwYhnSSEVilQ4PzV91xE2hSG0nkVApQF%2BeUHOQAbr%2FGQwj7VzBIMd8zw8htpD4p8%2FOkqB9uFHo2xuUMu4q"}],"group":"cf-nel","max_age":604800}', 'NEL': '{"success_fraction":0,"report_to":"cf-nel","max_age":604800}', 'Server': 'cloudflare', 'CF-RAY': '8a6ee4e4efb7801e-IAD', 'alt-svc': 'h3=":443"; ma=86400'} 
 body={"results":[{"gender":"male","name":{"title":"Mr","first":"James","last":"Singh"},"location":{"street":{"number":6713,"name":"Pages Road"},"city":"Hamilton","state":"Canterbury","country":"New Zealand","postcode":53337,"coordinates":{"latitude":"51.2513","longitude":"-167.2669"},"timezone":{"offset":"+3:30","description":"Tehran"}},"email":"james.singh@example.com","login":{"uuid":"8a9aa427-ed48-4a7d-959e-0deda50ad2ba","username":"organictiger152","password":"elvis","salt":"4ZqFPDYx","md5":"93efc7155b95adfed84d87d3f14aeee9","sha1":"ad0f807409a704446103b83355500a3cba9a5e1d","sha256":"37df9eedb17b7c613654a458a40a7ca62d7bf65290a6643ffb2071212deb7160"},"dob":{"date":"1992-06-02T11:02:24.661Z","age":32},"registered":{"date":"2020-05-01T17:30:04.275Z","age":4},"phone":"(630)-681-7637","cell":"(023)-244-7949","id":{"name":"","value":null},"picture":{"large":"https://randomuser.me/api/portraits/men/82.jpg","medium":"https://randomuser.me/api/portraits/med/men/82.jpg","thumbnail":"https://randomuser.me/api/portraits/thumb/men/82.jpg"},"nat":"NZ"}],"info":{"seed":"6d2c9f2983522020","results":1,"page":1,"version":"1.4"}} 
 </msg>
<msg time="2024-07-21T23:15:38.461399" level="INFO">/opt/hostedtoolcache/Python/3.12.4/x64/lib/python3.12/site-packages/urllib3/connectionpool.py:1099: InsecureRequestWarning: Unverified HTTPS request is being made to host 'randomuser.me'. Adding certificate verification is strongly advised. See: https://urllib3.readthedocs.io/en/latest/advanced-usage.html#tls-warnings
  warnings.warn(</msg>
<msg time="2024-07-21T23:15:38.461535" level="INFO">${response} = &lt;Response [200]&gt;</msg>
<var>${response}</var>
<arg>consultarAPI</arg>
<arg>/api</arg>
<doc>Sends a GET request on a previously created HTTP Session.</doc>
<status status="PASS" start="2024-07-21T23:15:38.384394" elapsed="0.077185"/>
</kw>
<kw name="Set Variable" owner="BuiltIn">
<msg time="2024-07-21T23:15:38.462683" level="INFO">${json_data} = {'results': [{'gender': 'male', 'name': {'title': 'Mr', 'first': 'James', 'last': 'Singh'}, 'location': {'street': {'number': 6713, 'name': 'Pages Road'}, 'city': 'Hamilton', 'state': 'Canterbury', 'c...</msg>
<var>${json_data}</var>
<arg>${response.json()}</arg>
<doc>Returns the given values which can then be assigned to a variables.</doc>
<status status="PASS" start="2024-07-21T23:15:38.462134" elapsed="0.000576"/>
</kw>
<kw name="Log" owner="BuiltIn">
<msg time="2024-07-21T23:15:38.463165" level="INFO">{'results': [{'gender': 'male', 'name': {'title': 'Mr', 'first': 'James', 'last': 'Singh'}, 'location': {'street': {'number': 6713, 'name': 'Pages Road'}, 'city': 'Hamilton', 'state': 'Canterbury', 'country': 'New Zealand', 'postcode': 53337, 'coordinates': {'latitude': '51.2513', 'longitude': '-167.2669'}, 'timezone': {'offset': '+3:30', 'description': 'Tehran'}}, 'email': 'james.singh@example.com', 'login': {'uuid': '8a9aa427-ed48-4a7d-959e-0deda50ad2ba', 'username': 'organictiger152', 'password': 'elvis', 'salt': '4ZqFPDYx', 'md5': '93efc7155b95adfed84d87d3f14aeee9', 'sha1': 'ad0f807409a704446103b83355500a3cba9a5e1d', 'sha256': '37df9eedb17b7c613654a458a40a7ca62d7bf65290a6643ffb2071212deb7160'}, 'dob': {'date': '1992-06-02T11:02:24.661Z', 'age': 32}, 'registered': {'date': '2020-05-01T17:30:04.275Z', 'age': 4}, 'phone': '(630)-681-7637', 'cell': '(023)-244-7949', 'id': {'name': '', 'value': None}, 'picture': {'large': 'https://randomuser.me/api/portraits/men/82.jpg', 'medium': 'https://randomuser.me/api/portraits/med/men/82.jpg', 'thumbnail': 'https://randomuser.me/api/portraits/thumb/men/82.jpg'}, 'nat': 'NZ'}], 'info': {'seed': '6d2c9f2983522020', 'results': 1, 'page': 1, 'version': '1.4'}}</msg>
<arg>${json_data}</arg>
<doc>Logs the given message with the given level.</doc>
<status status="PASS" start="2024-07-21T23:15:38.463012" elapsed="0.000210"/>
</kw>
<kw name="Should Be String" owner="String">
<arg>${json_data['results'][0]['gender']}</arg>
<doc>Fails if the given ``item`` is not a string.</doc>
<status status="PASS" start="2024-07-21T23:15:38.463505" elapsed="0.000360"/>
</kw>
<kw name="Should Match Regexp" owner="BuiltIn">
<arg>${json_data['results'][0]['email']}</arg>
<arg>^[a-zA-Z0-9._%+-]+@[a-zA-Z0-9.-]+\.[a-zA-Z]{2,}$</arg>
<doc>Fails if ``string`` does not match ``pattern`` as a regular expression.</doc>
<status status="PASS" start="2024-07-21T23:15:38.464052" elapsed="0.000508"/>
</kw>
<kw name="Should Match Regexp" owner="BuiltIn">
<arg>${json_data['results'][0]['dob']['date']}</arg>
<arg>\\d{4}-\\d{2}-\\d{2}T\\d{2}:\\d{2}:\\d{2}\\.\\d{3}Z</arg>
<doc>Fails if ``string`` does not match ``pattern`` as a regular expression.</doc>
<status status="PASS" start="2024-07-21T23:15:38.464788" elapsed="0.000626"/>
</kw>
<kw name="Should Match Regexp" owner="BuiltIn">
<arg>${json_data['results'][0]['registered']['date']}</arg>
<arg>\\d{4}-\\d{2}-\\d{2}T\\d{2}:\\d{2}:\\d{2}\\.\\d{3}Z</arg>
<doc>Fails if ``string`` does not match ``pattern`` as a regular expression.</doc>
<status status="PASS" start="2024-07-21T23:15:38.465602" elapsed="0.000360"/>
</kw>
<kw name="Should Match Regexp" owner="BuiltIn">
<arg>${json_data['results'][0]['picture']['large']}</arg>
<arg>^https?://.*\.(?:png|jpe?g|gif|bmp)$</arg>
<doc>Fails if ``string`` does not match ``pattern`` as a regular expression.</doc>
<status status="PASS" start="2024-07-21T23:15:38.466141" elapsed="0.000479"/>
</kw>
<kw name="Should Match Regexp" owner="BuiltIn">
<arg>${json_data['results'][0]['picture']['medium']}</arg>
<arg>^https?://.*\.(?:png|jpe?g|gif|bmp)$</arg>
<doc>Fails if ``string`` does not match ``pattern`` as a regular expression.</doc>
<status status="PASS" start="2024-07-21T23:15:38.466804" elapsed="0.000348"/>
</kw>
<kw name="Should Match Regexp" owner="BuiltIn">
<arg>${json_data['results'][0]['picture']['thumbnail']}</arg>
<arg>^https?://.*\.(?:png|jpe?g|gif|bmp)$</arg>
<doc>Fails if ``string`` does not match ``pattern`` as a regular expression.</doc>
<status status="PASS" start="2024-07-21T23:15:38.467331" elapsed="0.000340"/>
</kw>
<kw name="Log" owner="BuiltIn">
<msg time="2024-07-21T23:15:38.468160" level="INFO">{'large': 'https://randomuser.me/api/portraits/men/82.jpg', 'medium': 'https://randomuser.me/api/portraits/med/men/82.jpg', 'thumbnail': 'https://randomuser.me/api/portraits/thumb/men/82.jpg'}</msg>
<arg>${json_data['results'][0]['picture']}</arg>
<doc>Logs the given message with the given level.</doc>
<status status="PASS" start="2024-07-21T23:15:38.467846" elapsed="0.000356"/>
</kw>
<status status="PASS" start="2024-07-21T23:15:38.384170" elapsed="0.084289"/>
</kw>
<kw name="Teste de Tipos de Dados - Postcode" owner="random-user-service">
<kw name="GET On Session" owner="RequestsLibrary">
<msg time="2024-07-21T23:15:38.564365" level="INFO">GET Request : url=https://randomuser.me/api 
 path_url=/api 
 headers={'User-Agent': 'python-requests/2.32.3', 'Accept-Encoding': 'gzip, deflate', 'Accept': '*/*', 'Connection': 'keep-alive'} 
 body=None 
 </msg>
<msg time="2024-07-21T23:15:38.564485" level="INFO">GET Response : url=https://randomuser.me/api 
 status=200, reason=OK 
 headers={'Date': 'Sun, 21 Jul 2024 23:15:38 GMT', 'Content-Type': 'application/json; charset=utf-8', 'Transfer-Encoding': 'chunked', 'Connection': 'keep-alive', 'X-Powered-By': 'Express', 'Access-Control-Allow-Origin': '*', 'Cache-Control': 'no-cache', 'ETag': 'W/"490-nTGhGXdJ9si7fsvL0l6f9edHpiw"', 'Vary': 'Accept-Encoding', 'Content-Encoding': 'gzip', 'CF-Cache-Status': 'DYNAMIC', 'Report-To': '{"endpoints":[{"url":"https:\\/\\/a.nel.cloudflare.com\\/report\\/v4?s=k7uKGLTp9OrbUt4h6eHqFZXtJECy8a2Ns5kgRuau4N0P9%2F8croGfRQsdrgoSk7Odf7%2BNLm%2BI0aH5GZcxKei02mScquMIQ%2FZBUBQrXvr01pbHMLy4AKrhFetSm6mIJkFL"}],"group":"cf-nel","max_age":604800}', 'NEL': '{"success_fraction":0,"report_to":"cf-nel","max_age":604800}', 'Server': 'cloudflare', 'CF-RAY': '8a6ee4e57839801e-IAD', 'alt-svc': 'h3=":443"; ma=86400'} 
 body={"results":[{"gender":"male","name":{"title":"Mr","first":"Barry","last":"Bennett"},"location":{"street":{"number":567,"name":"Thornridge Cir"},"city":"Launceston","state":"Tasmania","country":"Australia","postcode":4922,"coordinates":{"latitude":"-89.5514","longitude":"-107.1430"},"timezone":{"offset":"+8:00","description":"Beijing, Perth, Singapore, Hong Kong"}},"email":"barry.bennett@example.com","login":{"uuid":"10d0d8b7-5fc8-4a72-a7c0-bd3867fd9ea2","username":"silverbird763","password":"iscool","salt":"t8VIPEk3","md5":"0894d29f8483986da2978393ac2208ee","sha1":"f8e371b5690ade9a5f9409bb408bb5f95fd92fa9","sha256":"61dd0b4b69e89df2cc5ab7555884f903be9fa1ba5dd767c54e4140c848d85e2b"},"dob":{"date":"1993-09-11T22:21:25.697Z","age":30},"registered":{"date":"2006-02-26T22:40:38.454Z","age":18},"phone":"03-4986-8612","cell":"0461-033-718","id":{"name":"TFN","value":"511924866"},"picture":{"large":"https://randomuser.me/api/portraits/men/54.jpg","medium":"https://randomuser.me/api/portraits/med/men/54.jpg","thumbnail":"https://randomuser.me/api/portraits/thumb/men/54.jpg"},"nat":"AU"}],"info":{"seed":"f96dd70ed002ad60","results":1,"page":1,"version":"1.4"}} 
 </msg>
<msg time="2024-07-21T23:15:38.564564" level="INFO">/opt/hostedtoolcache/Python/3.12.4/x64/lib/python3.12/site-packages/urllib3/connectionpool.py:1099: InsecureRequestWarning: Unverified HTTPS request is being made to host 'randomuser.me'. Adding certificate verification is strongly advised. See: https://urllib3.readthedocs.io/en/latest/advanced-usage.html#tls-warnings
  warnings.warn(</msg>
<msg time="2024-07-21T23:15:38.564709" level="INFO">${response} = &lt;Response [200]&gt;</msg>
<var>${response}</var>
<arg>consultarAPI</arg>
<arg>/api</arg>
<doc>Sends a GET request on a previously created HTTP Session.</doc>
<status status="PASS" start="2024-07-21T23:15:38.468915" elapsed="0.095838"/>
</kw>
<kw name="Set Variable" owner="BuiltIn">
<msg time="2024-07-21T23:15:38.565867" level="INFO">${json_data} = {'results': [{'gender': 'male', 'name': {'title': 'Mr', 'first': 'Barry', 'last': 'Bennett'}, 'location': {'street': {'number': 567, 'name': 'Thornridge Cir'}, 'city': 'Launceston', 'state': 'Tasmania...</msg>
<var>${json_data}</var>
<arg>${response.json()}</arg>
<doc>Returns the given values which can then be assigned to a variables.</doc>
<status status="PASS" start="2024-07-21T23:15:38.565342" elapsed="0.000554"/>
</kw>
<kw name="Log" owner="BuiltIn">
<msg time="2024-07-21T23:15:38.566412" level="INFO">{'results': [{'gender': 'male', 'name': {'title': 'Mr', 'first': 'Barry', 'last': 'Bennett'}, 'location': {'street': {'number': 567, 'name': 'Thornridge Cir'}, 'city': 'Launceston', 'state': 'Tasmania', 'country': 'Australia', 'postcode': 4922, 'coordinates': {'latitude': '-89.5514', 'longitude': '-107.1430'}, 'timezone': {'offset': '+8:00', 'description': 'Beijing, Perth, Singapore, Hong Kong'}}, 'email': 'barry.bennett@example.com', 'login': {'uuid': '10d0d8b7-5fc8-4a72-a7c0-bd3867fd9ea2', 'username': 'silverbird763', 'password': 'iscool', 'salt': 't8VIPEk3', 'md5': '0894d29f8483986da2978393ac2208ee', 'sha1': 'f8e371b5690ade9a5f9409bb408bb5f95fd92fa9', 'sha256': '61dd0b4b69e89df2cc5ab7555884f903be9fa1ba5dd767c54e4140c848d85e2b'}, 'dob': {'date': '1993-09-11T22:21:25.697Z', 'age': 30}, 'registered': {'date': '2006-02-26T22:40:38.454Z', 'age': 18}, 'phone': '03-4986-8612', 'cell': '0461-033-718', 'id': {'name': 'TFN', 'value': '511924866'}, 'picture': {'large': 'https://randomuser.me/api/portraits/men/54.jpg', 'medium': 'https://randomuser.me/api/portraits/med/men/54.jpg', 'thumbnail': 'https://randomuser.me/api/portraits/thumb/men/54.jpg'}, 'nat': 'AU'}], 'info': {'seed': 'f96dd70ed002ad60', 'results': 1, 'page': 1, 'version': '1.4'}}</msg>
<arg>${json_data}</arg>
<doc>Logs the given message with the given level.</doc>
<status status="PASS" start="2024-07-21T23:15:38.566217" elapsed="0.000245"/>
</kw>
<kw name="Should Be Equal As Numbers" owner="BuiltIn">
<arg>${json_data['results'][0]['location']['postcode']}</arg>
<arg>${json_data['results'][0]['location']['postcode']}</arg>
<doc>Fails if objects are unequal after converting them to real numbers.</doc>
<status status="PASS" start="2024-07-21T23:15:38.566759" elapsed="0.000627"/>
</kw>
<kw name="Log" owner="BuiltIn">
<msg time="2024-07-21T23:15:38.567916" level="INFO">4922</msg>
<arg>${json_data['results'][0]['location']['postcode']}</arg>
<doc>Logs the given message with the given level.</doc>
<status status="PASS" start="2024-07-21T23:15:38.567586" elapsed="0.000371"/>
</kw>
<status status="PASS" start="2024-07-21T23:15:38.468684" elapsed="0.099567"/>
</kw>
<doc>Testa se os tipos de dados na resposta da API estão corretos.</doc>
<tag>testeTiposDados</tag>
<status status="PASS" start="2024-07-21T23:15:38.383679" elapsed="0.184744"/>
</test>
<test id="s1-s1-t5" name="Validar conteudo" line="35">
<kw name="Teste de Tipos de Conteudo" owner="random-user-service">
<kw name="GET On Session" owner="RequestsLibrary">
<msg time="2024-07-21T23:15:38.707559" level="INFO">GET Request : url=https://randomuser.me/api 
 path_url=/api 
 headers={'User-Agent': 'python-requests/2.32.3', 'Accept-Encoding': 'gzip, deflate', 'Accept': '*/*', 'Connection': 'keep-alive'} 
 body=None 
 </msg>
<msg time="2024-07-21T23:15:38.707663" level="INFO">GET Response : url=https://randomuser.me/api 
 status=200, reason=OK 
 headers={'Date': 'Sun, 21 Jul 2024 23:15:38 GMT', 'Content-Type': 'application/json; charset=utf-8', 'Transfer-Encoding': 'chunked', 'Connection': 'keep-alive', 'X-Powered-By': 'Express', 'Access-Control-Allow-Origin': '*', 'Cache-Control': 'no-cache', 'ETag': 'W/"495-1hxANSMbWfZJBKzUXsPJdPMsP54"', 'Vary': 'Accept-Encoding', 'Content-Encoding': 'gzip', 'CF-Cache-Status': 'DYNAMIC', 'Report-To': '{"endpoints":[{"url":"https:\\/\\/a.nel.cloudflare.com\\/report\\/v4?s=RHHcZ5kgtFCiA6PMRhCygjew3g9dNzXmKoXpFLIMG3mdAkJIo0K4WDvUykcHki5CxpzSOdPCB1SiKI6U6s5b9X6NBekt4izFWctZfEgASeVu%2BXwbAE7VzOn%2Bp8rInA3g"}],"group":"cf-nel","max_age":604800}', 'NEL': '{"success_fraction":0,"report_to":"cf-nel","max_age":604800}', 'Server': 'cloudflare', 'CF-RAY': '8a6ee4e618d9801e-IAD', 'alt-svc': 'h3=":443"; ma=86400'} 
 body={"results":[{"gender":"female","name":{"title":"Mrs","first":"Socorro","last":"Freitas"},"location":{"street":{"number":511,"name":"Rua Rui Barbosa "},"city":"Codó","state":"Roraima","country":"Brazil","postcode":22865,"coordinates":{"latitude":"-76.4728","longitude":"11.7252"},"timezone":{"offset":"+6:00","description":"Almaty, Dhaka, Colombo"}},"email":"socorro.freitas@example.com","login":{"uuid":"d78c093d-2124-4539-8875-ced698b0c4c7","username":"greenrabbit893","password":"insertions","salt":"dipunKVG","md5":"b9d8020c2fb4b6fffc128f1208072b31","sha1":"1ca22ed9002d3ec609aa2f5b244066e8c392b480","sha256":"a9f58e5e8d5e41c274681183ffdc16cbc3658adc81f0beb699bafa92014c8964"},"dob":{"date":"1992-12-18T09:46:42.940Z","age":31},"registered":{"date":"2010-02-10T18:30:07.823Z","age":14},"phone":"(57) 0727-4076","cell":"(03) 5581-1068","id":{"name":"CPF","value":"901.654.882-15"},"picture":{"large":"https://randomuser.me/api/portraits/women/58.jpg","medium":"https://randomuser.me/api/portraits/med/women/58.jpg","thumbnail":"https://randomuser.me/api/portraits/thumb/women/58.jpg"},"nat":"BR"}],"info":{"seed":"f8233a2544b4b679","results":1,"page":1,"version":"1.4"}} 
 </msg>
<msg time="2024-07-21T23:15:38.707737" level="INFO">/opt/hostedtoolcache/Python/3.12.4/x64/lib/python3.12/site-packages/urllib3/connectionpool.py:1099: InsecureRequestWarning: Unverified HTTPS request is being made to host 'randomuser.me'. Adding certificate verification is strongly advised. See: https://urllib3.readthedocs.io/en/latest/advanced-usage.html#tls-warnings
  warnings.warn(</msg>
<msg time="2024-07-21T23:15:38.707879" level="INFO">${response} = &lt;Response [200]&gt;</msg>
<var>${response}</var>
<arg>consultarAPI</arg>
<arg>/api</arg>
<doc>Sends a GET request on a previously created HTTP Session.</doc>
<status status="PASS" start="2024-07-21T23:15:38.570939" elapsed="0.136983"/>
</kw>
<kw name="Set Variable" owner="BuiltIn">
<msg time="2024-07-21T23:15:38.709009" level="INFO">${json_data} = {'results': [{'gender': 'female', 'name': {'title': 'Mrs', 'first': 'Socorro', 'last': 'Freitas'}, 'location': {'street': {'number': 511, 'name': 'Rua Rui Barbosa '}, 'city': 'Codó', 'state': 'Roraima...</msg>
<var>${json_data}</var>
<arg>${response.json()}</arg>
<doc>Returns the given values which can then be assigned to a variables.</doc>
<status status="PASS" start="2024-07-21T23:15:38.708465" elapsed="0.000577"/>
</kw>
<kw name="Set Variable" owner="BuiltIn">
<msg time="2024-07-21T23:15:38.709733" level="INFO">${name_title} = Mrs</msg>
<var>${name_title}</var>
<arg>${json_data["results"][0]["name"]["title"]}</arg>
<doc>Returns the given values which can then be assigned to a variables.</doc>
<status status="PASS" start="2024-07-21T23:15:38.709346" elapsed="0.000413"/>
</kw>
<kw name="Create List" owner="BuiltIn">
<msg time="2024-07-21T23:15:38.710200" level="INFO">${allowed_titles} = ['Mr', 'Ms', 'Miss', 'Mrs', 'Madame', 'Monsieur']</msg>
<var>${allowed_titles}</var>
<arg>Mr</arg>
<arg>Ms</arg>
<arg>Miss</arg>
<arg>Mrs</arg>
<arg>Madame</arg>
<arg>Monsieur</arg>
<doc>Returns a list containing given items.</doc>
<status status="PASS" start="2024-07-21T23:15:38.710052" elapsed="0.000173"/>
</kw>
<kw name="List Should Contain Value" owner="Collections">
<arg>${allowed_titles}</arg>
<arg>${name_title}</arg>
<doc>Fails if the ``value`` is not found from ``list``.</doc>
<status status="PASS" start="2024-07-21T23:15:38.710582" elapsed="0.000185"/>
</kw>
<kw name="Set Variable" owner="BuiltIn">
<msg time="2024-07-21T23:15:38.711320" level="INFO">${name_country} = BR</msg>
<var>${name_country}</var>
<arg>${json_data["results"][0]["nat"]}</arg>
<doc>Returns the given values which can then be assigned to a variables.</doc>
<status status="PASS" start="2024-07-21T23:15:38.710945" elapsed="0.000401"/>
</kw>
<kw name="Create List" owner="BuiltIn">
<msg time="2024-07-21T23:15:38.712224" level="INFO">${list_country} = ['AD', 'AE', 'AF', 'AG', 'AI', 'AL', 'AM', 'AO', 'AQ', 'AR', 'AS', 'AT', 'AU', 'AW', 'AX', 'AZ', 'BA', 'BB', 'BD', 'BE', 'BF', 'BG', 'BH', 'BI', 'BJ', 'BL', 'BM', 'BN', 'BO', 'BQ', 'BR', 'BS', 'BT', '...</msg>
<var>${list_country}</var>
<arg>AD</arg>
<arg>AE</arg>
<arg>AF</arg>
<arg>AG</arg>
<arg>AI</arg>
<arg>AL</arg>
<arg>AM</arg>
<arg>AO</arg>
<arg>AQ</arg>
<arg>AR</arg>
<arg>AS</arg>
<arg>AT</arg>
<arg>AU</arg>
<arg>AW</arg>
<arg>AX</arg>
<arg>AZ</arg>
<arg>BA</arg>
<arg>BB</arg>
<arg>BD</arg>
<arg>BE</arg>
<arg>BF</arg>
<arg>BG</arg>
<arg>BH</arg>
<arg>BI</arg>
<arg>BJ</arg>
<arg>BL</arg>
<arg>BM</arg>
<arg>BN</arg>
<arg>BO</arg>
<arg>BQ</arg>
<arg>BR</arg>
<arg>BS</arg>
<arg>BT</arg>
<arg>BV</arg>
<arg>BW</arg>
<arg>BY</arg>
<arg>BZ</arg>
<arg>CA</arg>
<arg>CC</arg>
<arg>CD</arg>
<arg>CF</arg>
<arg>CG</arg>
<arg>CH</arg>
<arg>CI</arg>
<arg>CK</arg>
<arg>CL</arg>
<arg>CM</arg>
<arg>CN</arg>
<arg>CO</arg>
<arg>CR</arg>
<arg>CU</arg>
<arg>CV</arg>
<arg>CW</arg>
<arg>CX</arg>
<arg>CY</arg>
<arg>CZ</arg>
<arg>DE</arg>
<arg>DJ</arg>
<arg>DK</arg>
<arg>DM</arg>
<arg>DO</arg>
<arg>DZ</arg>
<arg>EC</arg>
<arg>EE</arg>
<arg>EG</arg>
<arg>EH</arg>
<arg>ER</arg>
<arg>ES</arg>
<arg>ET</arg>
<arg>FI</arg>
<arg>FJ</arg>
<arg>FK</arg>
<arg>FM</arg>
<arg>FO</arg>
<arg>FR</arg>
<arg>GA</arg>
<arg>GB</arg>
<arg>GD</arg>
<arg>GE</arg>
<arg>GF</arg>
<arg>GG</arg>
<arg>GH</arg>
<arg>GI</arg>
<arg>GL</arg>
<arg>GM</arg>
<arg>GN</arg>
<arg>GP</arg>
<arg>GQ</arg>
<arg>GR</arg>
<arg>GS</arg>
<arg>GT</arg>
<arg>GU</arg>
<arg>GW</arg>
<arg>GY</arg>
<arg>HK</arg>
<arg>HM</arg>
<arg>HN</arg>
<arg>HR</arg>
<arg>HT</arg>
<arg>HU</arg>
<arg>ID</arg>
<arg>IE</arg>
<arg>IL</arg>
<arg>IM</arg>
<arg>IN</arg>
<arg>IO</arg>
<arg>IQ</arg>
<arg>IR</arg>
<arg>IS</arg>
<arg>IT</arg>
<arg>JE</arg>
<arg>JM</arg>
<arg>JO</arg>
<arg>JP</arg>
<arg>KE</arg>
<arg>KG</arg>
<arg>KH</arg>
<arg>KI</arg>
<arg>KM</arg>
<arg>KN</arg>
<arg>KP</arg>
<arg>KR</arg>
<arg>KW</arg>
<arg>KY</arg>
<arg>KZ</arg>
<arg>LA</arg>
<arg>LB</arg>
<arg>LC</arg>
<arg>LI</arg>
<arg>LK</arg>
<arg>LR</arg>
<arg>LS</arg>
<arg>LT</arg>
<arg>LU</arg>
<arg>LV</arg>
<arg>LY</arg>
<arg>MA</arg>
<arg>MC</arg>
<arg>MD</arg>
<arg>ME</arg>
<arg>MF</arg>
<arg>MG</arg>
<arg>MH</arg>
<arg>MK</arg>
<arg>ML</arg>
<arg>MM</arg>
<arg>MN</arg>
<arg>MO</arg>
<arg>MP</arg>
<arg>MQ</arg>
<arg>MR</arg>
<arg>MS</arg>
<arg>MT</arg>
<arg>MU</arg>
<arg>MV</arg>
<arg>MW</arg>
<arg>MX</arg>
<arg>MY</arg>
<arg>MZ</arg>
<arg>NA</arg>
<arg>NC</arg>
<arg>NE</arg>
<arg>NF</arg>
<arg>NG</arg>
<arg>NI</arg>
<arg>NL</arg>
<arg>NO</arg>
<arg>NP</arg>
<arg>NR</arg>
<arg>NU</arg>
<arg>NZ</arg>
<arg>OM</arg>
<arg>PA</arg>
<arg>PE</arg>
<arg>PF</arg>
<arg>PG</arg>
<arg>PH</arg>
<arg>PK</arg>
<arg>PL</arg>
<arg>PM</arg>
<arg>PN</arg>
<arg>PR</arg>
<arg>PS</arg>
<arg>PT</arg>
<arg>PW</arg>
<arg>PY</arg>
<arg>QA</arg>
<arg>RE</arg>
<arg>RO</arg>
<arg>RS</arg>
<arg>RU</arg>
<arg>RW</arg>
<arg>SA</arg>
<arg>SB</arg>
<arg>SC</arg>
<arg>SD</arg>
<arg>SE</arg>
<arg>SG</arg>
<arg>SH</arg>
<arg>SI</arg>
<arg>SJ</arg>
<arg>SK</arg>
<arg>SL</arg>
<arg>SM</arg>
<arg>SN</arg>
<arg>SO</arg>
<arg>SR</arg>
<arg>SS</arg>
<arg>ST</arg>
<arg>SV</arg>
<arg>SX</arg>
<arg>SY</arg>
<arg>SZ</arg>
<arg>TC</arg>
<arg>TD</arg>
<arg>TF</arg>
<arg>TG</arg>
<arg>TH</arg>
<arg>TJ</arg>
<arg>TK</arg>
<arg>TL</arg>
<arg>TM</arg>
<arg>TN</arg>
<arg>TO</arg>
<arg>TR</arg>
<arg>TT</arg>
<arg>TV</arg>
<arg>TW</arg>
<arg>TZ</arg>
<arg>UA</arg>
<arg>UG</arg>
<arg>UM</arg>
<arg>US</arg>
<arg>UY</arg>
<arg>UZ</arg>
<arg>VA</arg>
<arg>VC</arg>
<arg>VE</arg>
<arg>VG</arg>
<arg>VI</arg>
<arg>VN</arg>
<arg>VU</arg>
<arg>WF</arg>
<arg>WS</arg>
<arg>XK</arg>
<arg>YE</arg>
<arg>YT</arg>
<arg>ZA</arg>
<arg>ZM</arg>
<arg>ZW</arg>
<doc>Returns a list containing given items.</doc>
<status status="PASS" start="2024-07-21T23:15:38.711640" elapsed="0.000610"/>
</kw>
<kw name="List Should Contain Value" owner="Collections">
<arg>${list_country}</arg>
<arg>${name_country}</arg>
<doc>Fails if the ``value`` is not found from ``list``.</doc>
<status status="PASS" start="2024-07-21T23:15:38.713227" elapsed="0.000206"/>
</kw>
<kw name="Run Keyword If" owner="BuiltIn">
<kw name="Should Be True" owner="BuiltIn">
<arg>${True}</arg>
<doc>Fails if the given condition is not true.</doc>
<status status="PASS" start="2024-07-21T23:15:38.714382" elapsed="0.000150"/>
</kw>
<arg>${json_data["results"][0]["location"]["coordinates"]["latitude"]} &gt;= -90 and ${json_data["results"][0]["location"]["coordinates"]["latitude"]} &lt;= 90</arg>
<arg>Should Be True</arg>
<arg>${True}</arg>
<doc>Runs the given keyword with the given arguments, if ``condition`` is true.</doc>
<status status="PASS" start="2024-07-21T23:15:38.713627" elapsed="0.001030"/>
</kw>
<kw name="Run Keyword If" owner="BuiltIn">
<kw name="Should Be True" owner="BuiltIn">
<arg>${True}</arg>
<doc>Fails if the given condition is not true.</doc>
<status status="PASS" start="2024-07-21T23:15:38.715523" elapsed="0.000133"/>
</kw>
<arg>${json_data["results"][0]["location"]["coordinates"]["longitude"]} &gt;= -180 and ${json_data["results"][0]["location"]["coordinates"]["longitude"]} &lt;= 180</arg>
<arg>Should Be True</arg>
<arg>${True}</arg>
<doc>Runs the given keyword with the given arguments, if ``condition`` is true.</doc>
<status status="PASS" start="2024-07-21T23:15:38.714838" elapsed="0.000941"/>
</kw>
<status status="PASS" start="2024-07-21T23:15:38.570714" elapsed="0.145202"/>
</kw>
<doc>Testa o conteúdo específico dos campos retornados pela API.</doc>
<tag>testeConteudo</tag>
<status status="PASS" start="2024-07-21T23:15:38.570210" elapsed="0.145860"/>
</test>
<status status="PASS" start="2024-07-21T23:15:37.645494" elapsed="1.072521"/>
</suite>
<status status="PASS" start="2024-07-21T23:15:37.630835" elapsed="1.092189"/>
</suite>
<statistics>
<total>
<stat pass="5" fail="0" skip="0">All Tests</stat>
</total>
<tag>
<stat pass="1" fail="0" skip="0">testeConteudo</stat>
<stat pass="1" fail="0" skip="0">testeEstruturaResposta</stat>
<stat pass="1" fail="0" skip="0">testeRequisicaoBasica</stat>
<stat pass="1" fail="0" skip="0">testeTiposDados</stat>
</tag>
<suite>
<stat pass="5" fail="0" skip="0" id="s1" name="Tests">Tests</stat>
<stat pass="5" fail="0" skip="0" id="s1-s1" name="Random-User-Test">Tests.Random-User-Test</stat>
</suite>
</statistics>
<errors>
</errors>
</robot>
