<?xml version="1.0" encoding="UTF-8"?>
<robot generator="Robot 7.0 (Python 3.12.2 on linux)" generated="2024-03-31T19:11:34.221608" rpa="false" schemaversion="5">
<suite id="s1" name="Tests" source="/home/runner/work/DesafioQAItauRogerioJordao/DesafioQAItauRogerioJordao/RamdonUser/tests">
<suite id="s1-s1" name="Random-User-Test" source="/home/runner/work/DesafioQAItauRogerioJordao/DesafioQAItauRogerioJordao/RamdonUser/tests/random-user-test.robot">
<test id="s1-s1-t1" name="Conectar" line="13">
<kw name="Conectar API" owner="random-user-service">
<kw name="Create Session" owner="RequestsLibrary">
<msg time="2024-03-31T19:11:34.583624" level="INFO">Creating Session using : alias=consultarAPI, url=https://randomuser.me/, headers={},                     cookies={}, auth=None, timeout=None, proxies=None, verify=False,                     debug=0 </msg>
<arg>consultarAPI</arg>
<arg>${URL}</arg>
<doc>Create Session: create a HTTP session to a server</doc>
<status status="PASS" start="2024-03-31T19:11:34.583431" elapsed="0.000364"/>
</kw>
<status status="PASS" start="2024-03-31T19:11:34.582444" elapsed="0.001708"/>
</kw>
<status status="PASS" start="2024-03-31T19:11:34.581924" elapsed="0.002427"/>
</test>
<test id="s1-s1-t2" name="Validar retorno 200 e JSON Válido" line="16">
<kw name="Teste de Requisicao Basica" owner="random-user-service">
<kw name="GET On Session" owner="RequestsLibrary">
<msg time="2024-03-31T19:11:34.655986" level="INFO">GET Request : url=https://randomuser.me/api 
 path_url=/api 
 headers={'User-Agent': 'python-requests/2.31.0', 'Accept-Encoding': 'gzip, deflate', 'Accept': '*/*', 'Connection': 'keep-alive'} 
 body=None 
 </msg>
<msg time="2024-03-31T19:11:34.656127" level="INFO">GET Response : url=https://randomuser.me/api 
 status=200, reason=OK 
 headers={'Date': 'Sun, 31 Mar 2024 19:11:34 GMT', 'Content-Type': 'application/json; charset=utf-8', 'Transfer-Encoding': 'chunked', 'Connection': 'keep-alive', 'X-Powered-By': 'Express', 'Access-Control-Allow-Origin': '*', 'Cache-Control': 'no-cache', 'ETag': 'W/"46c-PeAHpa0Z1inyEdbCAcpmLWDQMpk"', 'Vary': 'Accept-Encoding', 'Content-Encoding': 'gzip', 'CF-Cache-Status': 'DYNAMIC', 'Report-To': '{"endpoints":[{"url":"https:\\/\\/a.nel.cloudflare.com\\/report\\/v4?s=2daYF1UICKMhU8XM0XuLSx0vsNa7TKehJ0T%2FCpupHICZl9SPbGRexjZ8zrF%2BZlGHIaSAyzANtVFuo9YNmsIAlaeaXWU452mTi7edW70gITu11nJ%2FiOpgUGEyjtD57RCQ"}],"group":"cf-nel","max_age":604800}', 'NEL': '{"success_fraction":0,"report_to":"cf-nel","max_age":604800}', 'Server': 'cloudflare', 'CF-RAY': '86d2a56168d707fd-IAD', 'alt-svc': 'h3=":443"; ma=86400'} 
 body={"results":[{"gender":"male","name":{"title":"Mr","first":"Julian","last":"Welte"},"location":{"street":{"number":3801,"name":"Finkenweg"},"city":"Anklam","state":"Sachsen","country":"Germany","postcode":16269,"coordinates":{"latitude":"-52.5837","longitude":"-89.1239"},"timezone":{"offset":"-10:00","description":"Hawaii"}},"email":"julian.welte@example.com","login":{"uuid":"8f1650c1-9b34-4b9f-ac52-b653fc67d65e","username":"greencat723","password":"scamper","salt":"KSpsQM7i","md5":"a5f8bb70e926b7743bf23a280ff2cb44","sha1":"0cdcefbf8d9f51cb85efc7f82e3ec82838f52f40","sha256":"dc8cec1ec58a35f529ca34d8a41cc4149d808cf83883007f5bb01e5edb9fe607"},"dob":{"date":"1969-04-10T17:50:49.440Z","age":54},"registered":{"date":"2008-08-20T02:18:40.936Z","age":15},"phone":"0974-4843966","cell":"0170-2315183","id":{"name":"SVNR","value":"38 100469 W 176"},"picture":{"large":"https://randomuser.me/api/portraits/men/22.jpg","medium":"https://randomuser.me/api/portraits/med/men/22.jpg","thumbnail":"https://randomuser.me/api/portraits/thumb/men/22.jpg"},"nat":"DE"}],"info":{"seed":"b825b6720a09bab8","results":1,"page":1,"version":"1.4"}} 
 </msg>
<msg time="2024-03-31T19:11:34.656240" level="INFO">/opt/hostedtoolcache/Python/3.12.2/x64/lib/python3.12/site-packages/urllib3/connectionpool.py:1103: InsecureRequestWarning: Unverified HTTPS request is being made to host 'randomuser.me'. Adding certificate verification is strongly advised. See: https://urllib3.readthedocs.io/en/latest/advanced-usage.html#tls-warnings
  warnings.warn(</msg>
<msg time="2024-03-31T19:11:34.656401" level="INFO">${response} = &lt;Response [200]&gt;</msg>
<var>${response}</var>
<arg>consultarAPI</arg>
<arg>/api</arg>
<doc>Sends a GET request on a previously created HTTP Session.</doc>
<status status="PASS" start="2024-03-31T19:11:34.587091" elapsed="0.069360"/>
</kw>
<kw name="Should Be Equal As Numbers" owner="BuiltIn">
<msg time="2024-03-31T19:11:34.657505" level="INFO">Argument types are:
&lt;class 'int'&gt;
&lt;class 'str'&gt;</msg>
<arg>${response.status_code}</arg>
<arg>200</arg>
<doc>Fails if objects are unequal after converting them to real numbers.</doc>
<status status="PASS" start="2024-03-31T19:11:34.657010" elapsed="0.000563"/>
</kw>
<kw name="Log" owner="BuiltIn">
<msg time="2024-03-31T19:11:34.658298" level="INFO">200</msg>
<arg>${response.status_code}</arg>
<doc>Logs the given message with the given level.</doc>
<status status="PASS" start="2024-03-31T19:11:34.657899" elapsed="0.000444"/>
</kw>
<kw name="Set Variable" owner="BuiltIn">
<msg time="2024-03-31T19:11:34.659125" level="INFO">${json_data} = {'results': [{'gender': 'male', 'name': {'title': 'Mr', 'first': 'Julian', 'last': 'Welte'}, 'location': {'street': {'number': 3801, 'name': 'Finkenweg'}, 'city': 'Anklam', 'state': 'Sachsen', 'countr...</msg>
<var>${json_data}</var>
<arg>${response.json()}</arg>
<doc>Returns the given values which can then be assigned to a variables.</doc>
<status status="PASS" start="2024-03-31T19:11:34.658681" elapsed="0.000472"/>
</kw>
<kw name="Dictionary Should Contain Key" owner="Collections">
<msg time="2024-03-31T19:11:34.659629" level="INFO">False</msg>
<arg>${json_data}</arg>
<arg>results</arg>
<doc>Fails if ``key`` is not found from ``dictionary``.</doc>
<status status="PASS" start="2024-03-31T19:11:34.659460" elapsed="0.000208"/>
</kw>
<status status="PASS" start="2024-03-31T19:11:34.586840" elapsed="0.073086"/>
</kw>
<doc>Testa se a API responde corretamente e retorna um objeto JSON válido.</doc>
<tag>testeRequisicaoBasica</tag>
<status status="PASS" start="2024-03-31T19:11:34.586294" elapsed="0.073812"/>
</test>
<test id="s1-s1-t3" name="Validar estrutura de resposta" line="22">
<kw name="Teste de Estrutura de Resposta" owner="random-user-service">
<kw name="GET On Session" owner="RequestsLibrary">
<msg time="2024-03-31T19:11:34.758119" level="INFO">GET Request : url=https://randomuser.me/api 
 path_url=/api 
 headers={'User-Agent': 'python-requests/2.31.0', 'Accept-Encoding': 'gzip, deflate', 'Accept': '*/*', 'Connection': 'keep-alive'} 
 body=None 
 </msg>
<msg time="2024-03-31T19:11:34.758205" level="INFO">GET Response : url=https://randomuser.me/api 
 status=200, reason=OK 
 headers={'Date': 'Sun, 31 Mar 2024 19:11:34 GMT', 'Content-Type': 'application/json; charset=utf-8', 'Transfer-Encoding': 'chunked', 'Connection': 'keep-alive', 'X-Powered-By': 'Express', 'Access-Control-Allow-Origin': '*', 'Cache-Control': 'no-cache', 'ETag': 'W/"48f-kpp3MqwVcJ8xJPNsiEvKl7lLp8M"', 'Vary': 'Accept-Encoding', 'Content-Encoding': 'gzip', 'CF-Cache-Status': 'DYNAMIC', 'Report-To': '{"endpoints":[{"url":"https:\\/\\/a.nel.cloudflare.com\\/report\\/v4?s=ef4lltAUl7eAdl7ngvAQa%2BxaS9OKLn9R1HLPPGY6cqACCk8PI7pG99Uy5X7U%2FRivlpOuhTWDZqJ2%2FGJnZyYNJzTQQTXZCyoOEnDy%2FakXq5NOmXPL9O9W892p3Z5fIrSH"}],"group":"cf-nel","max_age":604800}', 'NEL': '{"success_fraction":0,"report_to":"cf-nel","max_age":604800}', 'Server': 'cloudflare', 'CF-RAY': '86d2a561a91807fd-IAD', 'alt-svc': 'h3=":443"; ma=86400'} 
 body={"results":[{"gender":"female","name":{"title":"Miss","first":"Harita","last":"Volinec"},"location":{"street":{"number":7257,"name":"Yasinuvatska"},"city":"Tyachiv","state":"Harkivska","country":"Ukraine","postcode":10596,"coordinates":{"latitude":"74.7541","longitude":"147.8974"},"timezone":{"offset":"-6:00","description":"Central Time (US &amp; Canada), Mexico City"}},"email":"harita.volinec@example.com","login":{"uuid":"f243bfed-01ec-4365-b983-46f720de3ccb","username":"bluefish486","password":"kong","salt":"f3XpxwSK","md5":"658c2bf5f5b3ce845566900f7dda62bf","sha1":"5f4b84b80c96b27820d4d43465592ac29b1dbb82","sha256":"6392aebcb97882904749cbef43be49c9656b9727b9bf936592b865ab99ae2d06"},"dob":{"date":"1998-07-18T02:20:01.252Z","age":25},"registered":{"date":"2011-08-25T13:50:42.018Z","age":12},"phone":"(066) W82-7877","cell":"(068) X03-6263","id":{"name":"","value":null},"picture":{"large":"https://randomuser.me/api/portraits/women/17.jpg","medium":"https://randomuser.me/api/portraits/med/women/17.jpg","thumbnail":"https://randomuser.me/api/portraits/thumb/women/17.jpg"},"nat":"UA"}],"info":{"seed":"61178f7f5979e7b3","results":1,"page":1,"version":"1.4"}} 
 </msg>
<msg time="2024-03-31T19:11:34.758337" level="INFO">/opt/hostedtoolcache/Python/3.12.2/x64/lib/python3.12/site-packages/urllib3/connectionpool.py:1103: InsecureRequestWarning: Unverified HTTPS request is being made to host 'randomuser.me'. Adding certificate verification is strongly advised. See: https://urllib3.readthedocs.io/en/latest/advanced-usage.html#tls-warnings
  warnings.warn(</msg>
<msg time="2024-03-31T19:11:34.758474" level="INFO">${response} = &lt;Response [200]&gt;</msg>
<var>${response}</var>
<arg>consultarAPI</arg>
<arg>/api</arg>
<doc>Sends a GET request on a previously created HTTP Session.</doc>
<status status="PASS" start="2024-03-31T19:11:34.662944" elapsed="0.095578"/>
</kw>
<kw name="Set Variable" owner="BuiltIn">
<msg time="2024-03-31T19:11:34.759598" level="INFO">${json_data} = {'results': [{'gender': 'female', 'name': {'title': 'Miss', 'first': 'Harita', 'last': 'Volinec'}, 'location': {'street': {'number': 7257, 'name': 'Yasinuvatska'}, 'city': 'Tyachiv', 'state': 'Harkivs...</msg>
<var>${json_data}</var>
<arg>${response.json()}</arg>
<doc>Returns the given values which can then be assigned to a variables.</doc>
<status status="PASS" start="2024-03-31T19:11:34.759039" elapsed="0.000588"/>
</kw>
<kw name="Log" owner="BuiltIn">
<msg time="2024-03-31T19:11:34.760108" level="INFO">{'results': [{'gender': 'female', 'name': {'title': 'Miss', 'first': 'Harita', 'last': 'Volinec'}, 'location': {'street': {'number': 7257, 'name': 'Yasinuvatska'}, 'city': 'Tyachiv', 'state': 'Harkivska', 'country': 'Ukraine', 'postcode': 10596, 'coordinates': {'latitude': '74.7541', 'longitude': '147.8974'}, 'timezone': {'offset': '-6:00', 'description': 'Central Time (US &amp; Canada), Mexico City'}}, 'email': 'harita.volinec@example.com', 'login': {'uuid': 'f243bfed-01ec-4365-b983-46f720de3ccb', 'username': 'bluefish486', 'password': 'kong', 'salt': 'f3XpxwSK', 'md5': '658c2bf5f5b3ce845566900f7dda62bf', 'sha1': '5f4b84b80c96b27820d4d43465592ac29b1dbb82', 'sha256': '6392aebcb97882904749cbef43be49c9656b9727b9bf936592b865ab99ae2d06'}, 'dob': {'date': '1998-07-18T02:20:01.252Z', 'age': 25}, 'registered': {'date': '2011-08-25T13:50:42.018Z', 'age': 12}, 'phone': '(066) W82-7877', 'cell': '(068) X03-6263', 'id': {'name': '', 'value': None}, 'picture': {'large': 'https://randomuser.me/api/portraits/women/17.jpg', 'medium': 'https://randomuser.me/api/portraits/med/women/17.jpg', 'thumbnail': 'https://randomuser.me/api/portraits/thumb/women/17.jpg'}, 'nat': 'UA'}], 'info': {'seed': '61178f7f5979e7b3', 'results': 1, 'page': 1, 'version': '1.4'}}</msg>
<arg>${json_data}</arg>
<doc>Logs the given message with the given level.</doc>
<status status="PASS" start="2024-03-31T19:11:34.759947" elapsed="0.000212"/>
</kw>
<kw name="Dictionary Should Contain Key" owner="Collections">
<msg time="2024-03-31T19:11:34.760618" level="INFO">False</msg>
<arg>${json_data}</arg>
<arg>results</arg>
<doc>Fails if ``key`` is not found from ``dictionary``.</doc>
<status status="PASS" start="2024-03-31T19:11:34.760461" elapsed="0.000195"/>
</kw>
<kw name="Should Not Be Empty" owner="BuiltIn">
<msg time="2024-03-31T19:11:34.761099" level="INFO">Length is 2.</msg>
<arg>${json_data}</arg>
<doc>Verifies that the given item is not empty.</doc>
<status status="PASS" start="2024-03-31T19:11:34.760963" elapsed="0.000175"/>
</kw>
<kw name="Create List" owner="BuiltIn">
<msg time="2024-03-31T19:11:34.761590" level="INFO">${expected_keys} = ['gender', 'name', 'location', 'email', 'login']</msg>
<var>${expected_keys}</var>
<arg>gender</arg>
<arg>name</arg>
<arg>location</arg>
<arg>email</arg>
<arg>login</arg>
<doc>Returns a list containing given items.</doc>
<status status="PASS" start="2024-03-31T19:11:34.761434" elapsed="0.000181"/>
</kw>
<for flavor="IN">
<iter>
<kw name="Dictionary Should Contain Key" owner="Collections">
<msg time="2024-03-31T19:11:34.762648" level="INFO">False</msg>
<arg>${json_data['results'][0]}</arg>
<arg>${key}</arg>
<doc>Fails if ``key`` is not found from ``dictionary``.</doc>
<status status="PASS" start="2024-03-31T19:11:34.762232" elapsed="0.000455"/>
</kw>
<kw name="Log" owner="BuiltIn">
<msg time="2024-03-31T19:11:34.763379" level="INFO">{'gender': 'female', 'name': {'title': 'Miss', 'first': 'Harita', 'last': 'Volinec'}, 'location': {'street': {'number': 7257, 'name': 'Yasinuvatska'}, 'city': 'Tyachiv', 'state': 'Harkivska', 'country': 'Ukraine', 'postcode': 10596, 'coordinates': {'latitude': '74.7541', 'longitude': '147.8974'}, 'timezone': {'offset': '-6:00', 'description': 'Central Time (US &amp; Canada), Mexico City'}}, 'email': 'harita.volinec@example.com', 'login': {'uuid': 'f243bfed-01ec-4365-b983-46f720de3ccb', 'username': 'bluefish486', 'password': 'kong', 'salt': 'f3XpxwSK', 'md5': '658c2bf5f5b3ce845566900f7dda62bf', 'sha1': '5f4b84b80c96b27820d4d43465592ac29b1dbb82', 'sha256': '6392aebcb97882904749cbef43be49c9656b9727b9bf936592b865ab99ae2d06'}, 'dob': {'date': '1998-07-18T02:20:01.252Z', 'age': 25}, 'registered': {'date': '2011-08-25T13:50:42.018Z', 'age': 12}, 'phone': '(066) W82-7877', 'cell': '(068) X03-6263', 'id': {'name': '', 'value': None}, 'picture': {'large': 'https://randomuser.me/api/portraits/women/17.jpg', 'medium': 'https://randomuser.me/api/portraits/med/women/17.jpg', 'thumbnail': 'https://randomuser.me/api/portraits/thumb/women/17.jpg'}, 'nat': 'UA'}</msg>
<arg>${json_data['results'][0]}</arg>
<doc>Logs the given message with the given level.</doc>
<status status="PASS" start="2024-03-31T19:11:34.763008" elapsed="0.000428"/>
</kw>
<kw name="Log" owner="BuiltIn">
<msg time="2024-03-31T19:11:34.763876" level="INFO">gender</msg>
<arg>${key}</arg>
<doc>Logs the given message with the given level.</doc>
<status status="PASS" start="2024-03-31T19:11:34.763744" elapsed="0.000172"/>
</kw>
<var name="${key}">gender</var>
<status status="PASS" start="2024-03-31T19:11:34.762101" elapsed="0.002040"/>
</iter>
<iter>
<kw name="Dictionary Should Contain Key" owner="Collections">
<msg time="2024-03-31T19:11:34.764833" level="INFO">False</msg>
<arg>${json_data['results'][0]}</arg>
<arg>${key}</arg>
<doc>Fails if ``key`` is not found from ``dictionary``.</doc>
<status status="PASS" start="2024-03-31T19:11:34.764450" elapsed="0.000420"/>
</kw>
<kw name="Log" owner="BuiltIn">
<msg time="2024-03-31T19:11:34.765573" level="INFO">{'gender': 'female', 'name': {'title': 'Miss', 'first': 'Harita', 'last': 'Volinec'}, 'location': {'street': {'number': 7257, 'name': 'Yasinuvatska'}, 'city': 'Tyachiv', 'state': 'Harkivska', 'country': 'Ukraine', 'postcode': 10596, 'coordinates': {'latitude': '74.7541', 'longitude': '147.8974'}, 'timezone': {'offset': '-6:00', 'description': 'Central Time (US &amp; Canada), Mexico City'}}, 'email': 'harita.volinec@example.com', 'login': {'uuid': 'f243bfed-01ec-4365-b983-46f720de3ccb', 'username': 'bluefish486', 'password': 'kong', 'salt': 'f3XpxwSK', 'md5': '658c2bf5f5b3ce845566900f7dda62bf', 'sha1': '5f4b84b80c96b27820d4d43465592ac29b1dbb82', 'sha256': '6392aebcb97882904749cbef43be49c9656b9727b9bf936592b865ab99ae2d06'}, 'dob': {'date': '1998-07-18T02:20:01.252Z', 'age': 25}, 'registered': {'date': '2011-08-25T13:50:42.018Z', 'age': 12}, 'phone': '(066) W82-7877', 'cell': '(068) X03-6263', 'id': {'name': '', 'value': None}, 'picture': {'large': 'https://randomuser.me/api/portraits/women/17.jpg', 'medium': 'https://randomuser.me/api/portraits/med/women/17.jpg', 'thumbnail': 'https://randomuser.me/api/portraits/thumb/women/17.jpg'}, 'nat': 'UA'}</msg>
<arg>${json_data['results'][0]}</arg>
<doc>Logs the given message with the given level.</doc>
<status status="PASS" start="2024-03-31T19:11:34.765203" elapsed="0.000419"/>
</kw>
<kw name="Log" owner="BuiltIn">
<msg time="2024-03-31T19:11:34.766074" level="INFO">name</msg>
<arg>${key}</arg>
<doc>Logs the given message with the given level.</doc>
<status status="PASS" start="2024-03-31T19:11:34.765921" elapsed="0.000196"/>
</kw>
<var name="${key}">name</var>
<status status="PASS" start="2024-03-31T19:11:34.764333" elapsed="0.002010"/>
</iter>
<iter>
<kw name="Dictionary Should Contain Key" owner="Collections">
<msg time="2024-03-31T19:11:34.767016" level="INFO">False</msg>
<arg>${json_data['results'][0]}</arg>
<arg>${key}</arg>
<doc>Fails if ``key`` is not found from ``dictionary``.</doc>
<status status="PASS" start="2024-03-31T19:11:34.766635" elapsed="0.000418"/>
</kw>
<kw name="Log" owner="BuiltIn">
<msg time="2024-03-31T19:11:34.767718" level="INFO">{'gender': 'female', 'name': {'title': 'Miss', 'first': 'Harita', 'last': 'Volinec'}, 'location': {'street': {'number': 7257, 'name': 'Yasinuvatska'}, 'city': 'Tyachiv', 'state': 'Harkivska', 'country': 'Ukraine', 'postcode': 10596, 'coordinates': {'latitude': '74.7541', 'longitude': '147.8974'}, 'timezone': {'offset': '-6:00', 'description': 'Central Time (US &amp; Canada), Mexico City'}}, 'email': 'harita.volinec@example.com', 'login': {'uuid': 'f243bfed-01ec-4365-b983-46f720de3ccb', 'username': 'bluefish486', 'password': 'kong', 'salt': 'f3XpxwSK', 'md5': '658c2bf5f5b3ce845566900f7dda62bf', 'sha1': '5f4b84b80c96b27820d4d43465592ac29b1dbb82', 'sha256': '6392aebcb97882904749cbef43be49c9656b9727b9bf936592b865ab99ae2d06'}, 'dob': {'date': '1998-07-18T02:20:01.252Z', 'age': 25}, 'registered': {'date': '2011-08-25T13:50:42.018Z', 'age': 12}, 'phone': '(066) W82-7877', 'cell': '(068) X03-6263', 'id': {'name': '', 'value': None}, 'picture': {'large': 'https://randomuser.me/api/portraits/women/17.jpg', 'medium': 'https://randomuser.me/api/portraits/med/women/17.jpg', 'thumbnail': 'https://randomuser.me/api/portraits/thumb/women/17.jpg'}, 'nat': 'UA'}</msg>
<arg>${json_data['results'][0]}</arg>
<doc>Logs the given message with the given level.</doc>
<status status="PASS" start="2024-03-31T19:11:34.767354" elapsed="0.000418"/>
</kw>
<kw name="Log" owner="BuiltIn">
<msg time="2024-03-31T19:11:34.768201" level="INFO">location</msg>
<arg>${key}</arg>
<doc>Logs the given message with the given level.</doc>
<status status="PASS" start="2024-03-31T19:11:34.768072" elapsed="0.000167"/>
</kw>
<var name="${key}">location</var>
<status status="PASS" start="2024-03-31T19:11:34.766522" elapsed="0.001936"/>
</iter>
<iter>
<kw name="Dictionary Should Contain Key" owner="Collections">
<msg time="2024-03-31T19:11:34.769133" level="INFO">False</msg>
<arg>${json_data['results'][0]}</arg>
<arg>${key}</arg>
<doc>Fails if ``key`` is not found from ``dictionary``.</doc>
<status status="PASS" start="2024-03-31T19:11:34.768745" elapsed="0.000426"/>
</kw>
<kw name="Log" owner="BuiltIn">
<msg time="2024-03-31T19:11:34.769834" level="INFO">{'gender': 'female', 'name': {'title': 'Miss', 'first': 'Harita', 'last': 'Volinec'}, 'location': {'street': {'number': 7257, 'name': 'Yasinuvatska'}, 'city': 'Tyachiv', 'state': 'Harkivska', 'country': 'Ukraine', 'postcode': 10596, 'coordinates': {'latitude': '74.7541', 'longitude': '147.8974'}, 'timezone': {'offset': '-6:00', 'description': 'Central Time (US &amp; Canada), Mexico City'}}, 'email': 'harita.volinec@example.com', 'login': {'uuid': 'f243bfed-01ec-4365-b983-46f720de3ccb', 'username': 'bluefish486', 'password': 'kong', 'salt': 'f3XpxwSK', 'md5': '658c2bf5f5b3ce845566900f7dda62bf', 'sha1': '5f4b84b80c96b27820d4d43465592ac29b1dbb82', 'sha256': '6392aebcb97882904749cbef43be49c9656b9727b9bf936592b865ab99ae2d06'}, 'dob': {'date': '1998-07-18T02:20:01.252Z', 'age': 25}, 'registered': {'date': '2011-08-25T13:50:42.018Z', 'age': 12}, 'phone': '(066) W82-7877', 'cell': '(068) X03-6263', 'id': {'name': '', 'value': None}, 'picture': {'large': 'https://randomuser.me/api/portraits/women/17.jpg', 'medium': 'https://randomuser.me/api/portraits/med/women/17.jpg', 'thumbnail': 'https://randomuser.me/api/portraits/thumb/women/17.jpg'}, 'nat': 'UA'}</msg>
<arg>${json_data['results'][0]}</arg>
<doc>Logs the given message with the given level.</doc>
<status status="PASS" start="2024-03-31T19:11:34.769473" elapsed="0.000409"/>
</kw>
<kw name="Log" owner="BuiltIn">
<msg time="2024-03-31T19:11:34.770346" level="INFO">email</msg>
<arg>${key}</arg>
<doc>Logs the given message with the given level.</doc>
<status status="PASS" start="2024-03-31T19:11:34.770212" elapsed="0.000172"/>
</kw>
<var name="${key}">email</var>
<status status="PASS" start="2024-03-31T19:11:34.768633" elapsed="0.001971"/>
</iter>
<iter>
<kw name="Dictionary Should Contain Key" owner="Collections">
<msg time="2024-03-31T19:11:34.771285" level="INFO">False</msg>
<arg>${json_data['results'][0]}</arg>
<arg>${key}</arg>
<doc>Fails if ``key`` is not found from ``dictionary``.</doc>
<status status="PASS" start="2024-03-31T19:11:34.770900" elapsed="0.000423"/>
</kw>
<kw name="Log" owner="BuiltIn">
<msg time="2024-03-31T19:11:34.772008" level="INFO">{'gender': 'female', 'name': {'title': 'Miss', 'first': 'Harita', 'last': 'Volinec'}, 'location': {'street': {'number': 7257, 'name': 'Yasinuvatska'}, 'city': 'Tyachiv', 'state': 'Harkivska', 'country': 'Ukraine', 'postcode': 10596, 'coordinates': {'latitude': '74.7541', 'longitude': '147.8974'}, 'timezone': {'offset': '-6:00', 'description': 'Central Time (US &amp; Canada), Mexico City'}}, 'email': 'harita.volinec@example.com', 'login': {'uuid': 'f243bfed-01ec-4365-b983-46f720de3ccb', 'username': 'bluefish486', 'password': 'kong', 'salt': 'f3XpxwSK', 'md5': '658c2bf5f5b3ce845566900f7dda62bf', 'sha1': '5f4b84b80c96b27820d4d43465592ac29b1dbb82', 'sha256': '6392aebcb97882904749cbef43be49c9656b9727b9bf936592b865ab99ae2d06'}, 'dob': {'date': '1998-07-18T02:20:01.252Z', 'age': 25}, 'registered': {'date': '2011-08-25T13:50:42.018Z', 'age': 12}, 'phone': '(066) W82-7877', 'cell': '(068) X03-6263', 'id': {'name': '', 'value': None}, 'picture': {'large': 'https://randomuser.me/api/portraits/women/17.jpg', 'medium': 'https://randomuser.me/api/portraits/med/women/17.jpg', 'thumbnail': 'https://randomuser.me/api/portraits/thumb/women/17.jpg'}, 'nat': 'UA'}</msg>
<arg>${json_data['results'][0]}</arg>
<doc>Logs the given message with the given level.</doc>
<status status="PASS" start="2024-03-31T19:11:34.771636" elapsed="0.000420"/>
</kw>
<kw name="Log" owner="BuiltIn">
<msg time="2024-03-31T19:11:34.772476" level="INFO">login</msg>
<arg>${key}</arg>
<doc>Logs the given message with the given level.</doc>
<status status="PASS" start="2024-03-31T19:11:34.772348" elapsed="0.000267"/>
</kw>
<var name="${key}">login</var>
<status status="PASS" start="2024-03-31T19:11:34.770778" elapsed="0.002085"/>
</iter>
<var>${key}</var>
<value>@{expected_keys}</value>
<status status="PASS" start="2024-03-31T19:11:34.761876" elapsed="0.011117"/>
</for>
<kw name="Create List" owner="BuiltIn">
<msg time="2024-03-31T19:11:34.773327" level="INFO">${expected_keysTwo} = ['username', 'password']</msg>
<var>${expected_keysTwo}</var>
<arg>username</arg>
<arg>password</arg>
<doc>Returns a list containing given items.</doc>
<status status="PASS" start="2024-03-31T19:11:34.773187" elapsed="0.000163"/>
</kw>
<for flavor="IN">
<iter>
<kw name="Dictionary Should Contain Key" owner="Collections">
<msg time="2024-03-31T19:11:34.774283" level="INFO">False</msg>
<arg>${json_data['results'][0]['login']}</arg>
<arg>${keyTwo}</arg>
<doc>Fails if ``key`` is not found from ``dictionary``.</doc>
<status status="PASS" start="2024-03-31T19:11:34.773863" elapsed="0.000459"/>
</kw>
<kw name="Dictionary Should Contain Key" owner="Collections">
<msg time="2024-03-31T19:11:34.775010" level="INFO">False</msg>
<arg>${json_data['results'][0]['login']}</arg>
<arg>${keyTwo}</arg>
<doc>Fails if ``key`` is not found from ``dictionary``.</doc>
<status status="PASS" start="2024-03-31T19:11:34.774627" elapsed="0.000421"/>
</kw>
<kw name="Log" owner="BuiltIn">
<msg time="2024-03-31T19:11:34.775476" level="INFO">username</msg>
<arg>${keyTwo}</arg>
<doc>Logs the given message with the given level.</doc>
<status status="PASS" start="2024-03-31T19:11:34.775346" elapsed="0.000167"/>
</kw>
<var name="${keyTwo}">username</var>
<status status="PASS" start="2024-03-31T19:11:34.773751" elapsed="0.001978"/>
</iter>
<iter>
<kw name="Dictionary Should Contain Key" owner="Collections">
<msg time="2024-03-31T19:11:34.776395" level="INFO">False</msg>
<arg>${json_data['results'][0]['login']}</arg>
<arg>${keyTwo}</arg>
<doc>Fails if ``key`` is not found from ``dictionary``.</doc>
<status status="PASS" start="2024-03-31T19:11:34.776010" elapsed="0.000424"/>
</kw>
<kw name="Dictionary Should Contain Key" owner="Collections">
<msg time="2024-03-31T19:11:34.777109" level="INFO">False</msg>
<arg>${json_data['results'][0]['login']}</arg>
<arg>${keyTwo}</arg>
<doc>Fails if ``key`` is not found from ``dictionary``.</doc>
<status status="PASS" start="2024-03-31T19:11:34.776728" elapsed="0.000418"/>
</kw>
<kw name="Log" owner="BuiltIn">
<msg time="2024-03-31T19:11:34.777570" level="INFO">password</msg>
<arg>${keyTwo}</arg>
<doc>Logs the given message with the given level.</doc>
<status status="PASS" start="2024-03-31T19:11:34.777441" elapsed="0.000167"/>
</kw>
<var name="${keyTwo}">password</var>
<status status="PASS" start="2024-03-31T19:11:34.775901" elapsed="0.001923"/>
</iter>
<var>${keyTwo}</var>
<value>@{expected_keysTwo}</value>
<status status="PASS" start="2024-03-31T19:11:34.773600" elapsed="0.004346"/>
</for>
<status status="PASS" start="2024-03-31T19:11:34.662705" elapsed="0.115403"/>
</kw>
<doc>Testa a estrutura da resposta da API.</doc>
<tag>testeEstruturaResposta</tag>
<status status="PASS" start="2024-03-31T19:11:34.661938" elapsed="0.116331"/>
</test>
<test id="s1-s1-t4" name="Validar tipos de dados" line="28">
<kw name="Teste de Tipos de Dados" owner="random-user-service">
<kw name="GET On Session" owner="RequestsLibrary">
<msg time="2024-03-31T19:11:34.854853" level="INFO">GET Request : url=https://randomuser.me/api 
 path_url=/api 
 headers={'User-Agent': 'python-requests/2.31.0', 'Accept-Encoding': 'gzip, deflate', 'Accept': '*/*', 'Connection': 'keep-alive'} 
 body=None 
 </msg>
<msg time="2024-03-31T19:11:34.854938" level="INFO">GET Response : url=https://randomuser.me/api 
 status=200, reason=OK 
 headers={'Date': 'Sun, 31 Mar 2024 19:11:34 GMT', 'Content-Type': 'application/json; charset=utf-8', 'Transfer-Encoding': 'chunked', 'Connection': 'keep-alive', 'X-Powered-By': 'Express', 'Access-Control-Allow-Origin': '*', 'Cache-Control': 'no-cache', 'ETag': 'W/"4a9-bm12D66nILDsFTzE/fd4BJ8Ulho"', 'Vary': 'Accept-Encoding', 'Content-Encoding': 'gzip', 'CF-Cache-Status': 'DYNAMIC', 'Report-To': '{"endpoints":[{"url":"https:\\/\\/a.nel.cloudflare.com\\/report\\/v4?s=gQ4wzVXVhgBqx%2FGKTUWTkro%2BTD3Sk7yKpnWFRlPwd5%2FYQERlBwmiS5W3uD9734qHOjYCFS7zcpcXW8DcpqHkau52ypmAmwG2AgmfUE11HNkivyKOzicAASwA4c3KlUhO"}],"group":"cf-nel","max_age":604800}', 'NEL': '{"success_fraction":0,"report_to":"cf-nel","max_age":604800}', 'Server': 'cloudflare', 'CF-RAY': '86d2a56269bb07fd-IAD', 'alt-svc': 'h3=":443"; ma=86400'} 
 body={"results":[{"gender":"male","name":{"title":"Mr","first":"Marco","last":"Ocasio"},"location":{"street":{"number":6650,"name":"Circuito San Luis Potosí"},"city":"San Miguel Xoxtla","state":"Yucatan","country":"Mexico","postcode":54155,"coordinates":{"latitude":"28.0005","longitude":"-11.0291"},"timezone":{"offset":"-6:00","description":"Central Time (US &amp; Canada), Mexico City"}},"email":"marco.ocasio@example.com","login":{"uuid":"a93a6bf7-2a00-454a-b636-7619be9e0a3a","username":"bluegoose501","password":"gabriel","salt":"hQdbwsOn","md5":"1367f9be0d612b7fbe5b52fcb5b75a25","sha1":"85fec5c6c0db52286ac4405c897f500ae625809e","sha256":"4469c66c42c850b69dfd1deb4b1602c282c7c299c0ebccdfbb93382a00f33831"},"dob":{"date":"1968-07-14T07:02:31.513Z","age":55},"registered":{"date":"2003-08-18T22:20:55.161Z","age":20},"phone":"(678) 690 6261","cell":"(623) 974 2244","id":{"name":"NSS","value":"18 21 15 1100 2"},"picture":{"large":"https://randomuser.me/api/portraits/men/60.jpg","medium":"https://randomuser.me/api/portraits/med/men/60.jpg","thumbnail":"https://randomuser.me/api/portraits/thumb/men/60.jpg"},"nat":"MX"}],"info":{"seed":"ee1fae259000ddc6","results":1,"page":1,"version":"1.4"}} 
 </msg>
<msg time="2024-03-31T19:11:34.855014" level="INFO">/opt/hostedtoolcache/Python/3.12.2/x64/lib/python3.12/site-packages/urllib3/connectionpool.py:1103: InsecureRequestWarning: Unverified HTTPS request is being made to host 'randomuser.me'. Adding certificate verification is strongly advised. See: https://urllib3.readthedocs.io/en/latest/advanced-usage.html#tls-warnings
  warnings.warn(</msg>
<msg time="2024-03-31T19:11:34.855110" level="INFO">${response} = &lt;Response [200]&gt;</msg>
<var>${response}</var>
<arg>consultarAPI</arg>
<arg>/api</arg>
<doc>Sends a GET request on a previously created HTTP Session.</doc>
<status status="PASS" start="2024-03-31T19:11:34.780778" elapsed="0.074358"/>
</kw>
<kw name="Set Variable" owner="BuiltIn">
<msg time="2024-03-31T19:11:34.855973" level="INFO">${json_data} = {'results': [{'gender': 'male', 'name': {'title': 'Mr', 'first': 'Marco', 'last': 'Ocasio'}, 'location': {'street': {'number': 6650, 'name': 'Circuito San Luis Potosí'}, 'city': 'San Miguel Xoxtla', '...</msg>
<var>${json_data}</var>
<arg>${response.json()}</arg>
<doc>Returns the given values which can then be assigned to a variables.</doc>
<status status="PASS" start="2024-03-31T19:11:34.855521" elapsed="0.000481"/>
</kw>
<kw name="Log" owner="BuiltIn">
<msg time="2024-03-31T19:11:34.856468" level="INFO">{'results': [{'gender': 'male', 'name': {'title': 'Mr', 'first': 'Marco', 'last': 'Ocasio'}, 'location': {'street': {'number': 6650, 'name': 'Circuito San Luis Potosí'}, 'city': 'San Miguel Xoxtla', 'state': 'Yucatan', 'country': 'Mexico', 'postcode': 54155, 'coordinates': {'latitude': '28.0005', 'longitude': '-11.0291'}, 'timezone': {'offset': '-6:00', 'description': 'Central Time (US &amp; Canada), Mexico City'}}, 'email': 'marco.ocasio@example.com', 'login': {'uuid': 'a93a6bf7-2a00-454a-b636-7619be9e0a3a', 'username': 'bluegoose501', 'password': 'gabriel', 'salt': 'hQdbwsOn', 'md5': '1367f9be0d612b7fbe5b52fcb5b75a25', 'sha1': '85fec5c6c0db52286ac4405c897f500ae625809e', 'sha256': '4469c66c42c850b69dfd1deb4b1602c282c7c299c0ebccdfbb93382a00f33831'}, 'dob': {'date': '1968-07-14T07:02:31.513Z', 'age': 55}, 'registered': {'date': '2003-08-18T22:20:55.161Z', 'age': 20}, 'phone': '(678) 690 6261', 'cell': '(623) 974 2244', 'id': {'name': 'NSS', 'value': '18 21 15 1100 2'}, 'picture': {'large': 'https://randomuser.me/api/portraits/men/60.jpg', 'medium': 'https://randomuser.me/api/portraits/med/men/60.jpg', 'thumbnail': 'https://randomuser.me/api/portraits/thumb/men/60.jpg'}, 'nat': 'MX'}], 'info': {'seed': 'ee1fae259000ddc6', 'results': 1, 'page': 1, 'version': '1.4'}}</msg>
<arg>${json_data}</arg>
<doc>Logs the given message with the given level.</doc>
<status status="PASS" start="2024-03-31T19:11:34.856315" elapsed="0.000237"/>
</kw>
<kw name="Should Be String" owner="String">
<arg>${json_data['results'][0]['gender']}</arg>
<doc>Fails if the given ``item`` is not a string.</doc>
<status status="PASS" start="2024-03-31T19:11:34.856860" elapsed="0.000383"/>
</kw>
<kw name="Should Match Regexp" owner="BuiltIn">
<arg>${json_data['results'][0]['email']}</arg>
<arg>^[a-zA-Z0-9._%+-]+@[a-zA-Z0-9.-]+\.[a-zA-Z]{2,}$</arg>
<doc>Fails if ``string`` does not match ``pattern`` as a regular expression.</doc>
<status status="PASS" start="2024-03-31T19:11:34.857438" elapsed="0.000513"/>
</kw>
<kw name="Should Match Regexp" owner="BuiltIn">
<arg>${json_data['results'][0]['dob']['date']}</arg>
<arg>\\d{4}-\\d{2}-\\d{2}T\\d{2}:\\d{2}:\\d{2}\\.\\d{3}Z</arg>
<doc>Fails if ``string`` does not match ``pattern`` as a regular expression.</doc>
<status status="PASS" start="2024-03-31T19:11:34.858203" elapsed="0.000489"/>
</kw>
<kw name="Should Match Regexp" owner="BuiltIn">
<arg>${json_data['results'][0]['registered']['date']}</arg>
<arg>\\d{4}-\\d{2}-\\d{2}T\\d{2}:\\d{2}:\\d{2}\\.\\d{3}Z</arg>
<doc>Fails if ``string`` does not match ``pattern`` as a regular expression.</doc>
<status status="PASS" start="2024-03-31T19:11:34.858884" elapsed="0.000373"/>
</kw>
<kw name="Should Match Regexp" owner="BuiltIn">
<arg>${json_data['results'][0]['picture']['large']}</arg>
<arg>^https?://.*\.(?:png|jpe?g|gif|bmp)$</arg>
<doc>Fails if ``string`` does not match ``pattern`` as a regular expression.</doc>
<status status="PASS" start="2024-03-31T19:11:34.859445" elapsed="0.000461"/>
</kw>
<kw name="Should Match Regexp" owner="BuiltIn">
<arg>${json_data['results'][0]['picture']['medium']}</arg>
<arg>^https?://.*\.(?:png|jpe?g|gif|bmp)$</arg>
<doc>Fails if ``string`` does not match ``pattern`` as a regular expression.</doc>
<status status="PASS" start="2024-03-31T19:11:34.860096" elapsed="0.000361"/>
</kw>
<kw name="Should Match Regexp" owner="BuiltIn">
<arg>${json_data['results'][0]['picture']['thumbnail']}</arg>
<arg>^https?://.*\.(?:png|jpe?g|gif|bmp)$</arg>
<doc>Fails if ``string`` does not match ``pattern`` as a regular expression.</doc>
<status status="PASS" start="2024-03-31T19:11:34.860643" elapsed="0.000347"/>
</kw>
<kw name="Log" owner="BuiltIn">
<msg time="2024-03-31T19:11:34.861496" level="INFO">{'large': 'https://randomuser.me/api/portraits/men/60.jpg', 'medium': 'https://randomuser.me/api/portraits/med/men/60.jpg', 'thumbnail': 'https://randomuser.me/api/portraits/thumb/men/60.jpg'}</msg>
<arg>${json_data['results'][0]['picture']}</arg>
<doc>Logs the given message with the given level.</doc>
<status status="PASS" start="2024-03-31T19:11:34.861171" elapsed="0.000371"/>
</kw>
<status status="PASS" start="2024-03-31T19:11:34.780551" elapsed="0.081246"/>
</kw>
<kw name="Teste de Tipos de Dados - Postcode" owner="random-user-service">
<kw name="GET On Session" owner="RequestsLibrary">
<msg time="2024-03-31T19:11:34.967667" level="INFO">GET Request : url=https://randomuser.me/api 
 path_url=/api 
 headers={'User-Agent': 'python-requests/2.31.0', 'Accept-Encoding': 'gzip, deflate', 'Accept': '*/*', 'Connection': 'keep-alive'} 
 body=None 
 </msg>
<msg time="2024-03-31T19:11:34.967747" level="INFO">GET Response : url=https://randomuser.me/api 
 status=200, reason=OK 
 headers={'Date': 'Sun, 31 Mar 2024 19:11:34 GMT', 'Content-Type': 'application/json; charset=utf-8', 'Transfer-Encoding': 'chunked', 'Connection': 'keep-alive', 'X-Powered-By': 'Express', 'Access-Control-Allow-Origin': '*', 'Cache-Control': 'no-cache', 'ETag': 'W/"493-khYsdZCidDRJfw6WMRUURxaWYGw"', 'Vary': 'Accept-Encoding', 'Content-Encoding': 'gzip', 'CF-Cache-Status': 'DYNAMIC', 'Report-To': '{"endpoints":[{"url":"https:\\/\\/a.nel.cloudflare.com\\/report\\/v4?s=fuWm6T8vHEca4NEVOJ3Nwb%2F6gWb5NDE%2B6RCpDzS3Dopt23glGF%2BSjbWh%2BgUJi%2FoheKTiZOCYuMmhJbgd1cB6cRMzRrr3FxqxEKsKNandA0rvtZuEVbw5UffexdEHGNvZ"}],"group":"cf-nel","max_age":604800}', 'NEL': '{"success_fraction":0,"report_to":"cf-nel","max_age":604800}', 'Server': 'cloudflare', 'CF-RAY': '86d2a562ea2607fd-IAD', 'alt-svc': 'h3=":443"; ma=86400'} 
 body={"results":[{"gender":"male","name":{"title":"Mr","first":"مهراد","last":"پارسا"},"location":{"street":{"number":2241,"name":"میدان استقلال"},"city":"اسلام‌شهر","state":"چهارمحال و بختیاری","country":"Iran","postcode":61741,"coordinates":{"latitude":"19.8185","longitude":"-69.5356"},"timezone":{"offset":"+4:30","description":"Kabul"}},"email":"mhrd.prs@example.com","login":{"uuid":"dca3a1c9-d709-4218-ac39-b2a4a9e59135","username":"brownlion725","password":"sailing","salt":"2EbLlhIj","md5":"51692baff2c7616218f3e6f1dd34f6bb","sha1":"7a60102d75a500f3f67edacd5cbf777b565cff6f","sha256":"5a40508f4edfcffb3365147ebd5f5f3a0d6cb5ee7f45a12f6d16efc2888c9918"},"dob":{"date":"1955-03-30T22:25:50.224Z","age":69},"registered":{"date":"2015-04-30T09:01:04.448Z","age":8},"phone":"066-93502350","cell":"0915-924-8850","id":{"name":"","value":null},"picture":{"large":"https://randomuser.me/api/portraits/men/30.jpg","medium":"https://randomuser.me/api/portraits/med/men/30.jpg","thumbnail":"https://randomuser.me/api/portraits/thumb/men/30.jpg"},"nat":"IR"}],"info":{"seed":"f3d8f065ee08f618","results":1,"page":1,"version":"1.4"}} 
 </msg>
<msg time="2024-03-31T19:11:34.967830" level="INFO">/opt/hostedtoolcache/Python/3.12.2/x64/lib/python3.12/site-packages/urllib3/connectionpool.py:1103: InsecureRequestWarning: Unverified HTTPS request is being made to host 'randomuser.me'. Adding certificate verification is strongly advised. See: https://urllib3.readthedocs.io/en/latest/advanced-usage.html#tls-warnings
  warnings.warn(</msg>
<msg time="2024-03-31T19:11:34.967937" level="INFO">${response} = &lt;Response [200]&gt;</msg>
<var>${response}</var>
<arg>consultarAPI</arg>
<arg>/api</arg>
<doc>Sends a GET request on a previously created HTTP Session.</doc>
<status status="PASS" start="2024-03-31T19:11:34.862389" elapsed="0.105597"/>
</kw>
<kw name="Set Variable" owner="BuiltIn">
<msg time="2024-03-31T19:11:34.968905" level="INFO">${json_data} = {'results': [{'gender': 'male', 'name': {'title': 'Mr', 'first': 'مهراد', 'last': 'پارسا'}, 'location': {'street': {'number': 2241, 'name': 'میدان استقلال'}, 'city': 'اسلام\u200cشهر', 'state': 'چهارمح...</msg>
<var>${json_data}</var>
<arg>${response.json()}</arg>
<doc>Returns the given values which can then be assigned to a variables.</doc>
<status status="PASS" start="2024-03-31T19:11:34.968442" elapsed="0.000493"/>
</kw>
<kw name="Log" owner="BuiltIn">
<msg time="2024-03-31T19:11:34.969398" level="INFO">{'results': [{'gender': 'male', 'name': {'title': 'Mr', 'first': 'مهراد', 'last': 'پارسا'}, 'location': {'street': {'number': 2241, 'name': 'میدان استقلال'}, 'city': 'اسلام\u200cشهر', 'state': 'چهارمحال و بختیاری', 'country': 'Iran', 'postcode': 61741, 'coordinates': {'latitude': '19.8185', 'longitude': '-69.5356'}, 'timezone': {'offset': '+4:30', 'description': 'Kabul'}}, 'email': 'mhrd.prs@example.com', 'login': {'uuid': 'dca3a1c9-d709-4218-ac39-b2a4a9e59135', 'username': 'brownlion725', 'password': 'sailing', 'salt': '2EbLlhIj', 'md5': '51692baff2c7616218f3e6f1dd34f6bb', 'sha1': '7a60102d75a500f3f67edacd5cbf777b565cff6f', 'sha256': '5a40508f4edfcffb3365147ebd5f5f3a0d6cb5ee7f45a12f6d16efc2888c9918'}, 'dob': {'date': '1955-03-30T22:25:50.224Z', 'age': 69}, 'registered': {'date': '2015-04-30T09:01:04.448Z', 'age': 8}, 'phone': '066-93502350', 'cell': '0915-924-8850', 'id': {'name': '', 'value': None}, 'picture': {'large': 'https://randomuser.me/api/portraits/men/30.jpg', 'medium': 'https://randomuser.me/api/portraits/med/men/30.jpg', 'thumbnail': 'https://randomuser.me/api/portraits/thumb/men/30.jpg'}, 'nat': 'IR'}], 'info': {'seed': 'f3d8f065ee08f618', 'results': 1, 'page': 1, 'version': '1.4'}}</msg>
<arg>${json_data}</arg>
<doc>Logs the given message with the given level.</doc>
<status status="PASS" start="2024-03-31T19:11:34.969240" elapsed="0.000237"/>
</kw>
<kw name="Should Be Equal As Numbers" owner="BuiltIn">
<arg>${json_data['results'][0]['location']['postcode']}</arg>
<arg>${json_data['results'][0]['location']['postcode']}</arg>
<doc>Fails if objects are unequal after converting them to real numbers.</doc>
<status status="PASS" start="2024-03-31T19:11:34.969788" elapsed="0.000680"/>
</kw>
<kw name="Log" owner="BuiltIn">
<msg time="2024-03-31T19:11:34.970996" level="INFO">61741</msg>
<arg>${json_data['results'][0]['location']['postcode']}</arg>
<doc>Logs the given message with the given level.</doc>
<status status="PASS" start="2024-03-31T19:11:34.970662" elapsed="0.000374"/>
</kw>
<status status="PASS" start="2024-03-31T19:11:34.862009" elapsed="0.109280"/>
</kw>
<doc>Testa se os tipos de dados na resposta da API estão corretos.</doc>
<tag>testeTiposDados</tag>
<status status="PASS" start="2024-03-31T19:11:34.780029" elapsed="0.191429"/>
</test>
<test id="s1-s1-t5" name="Validar conteudo" line="35">
<kw name="Teste de Tipos de Conteudo" owner="random-user-service">
<kw name="GET On Session" owner="RequestsLibrary">
<msg time="2024-03-31T19:11:35.060005" level="INFO">GET Request : url=https://randomuser.me/api 
 path_url=/api 
 headers={'User-Agent': 'python-requests/2.31.0', 'Accept-Encoding': 'gzip, deflate', 'Accept': '*/*', 'Connection': 'keep-alive'} 
 body=None 
 </msg>
<msg time="2024-03-31T19:11:35.060086" level="INFO">GET Response : url=https://randomuser.me/api 
 status=200, reason=OK 
 headers={'Date': 'Sun, 31 Mar 2024 19:11:35 GMT', 'Content-Type': 'application/json; charset=utf-8', 'Transfer-Encoding': 'chunked', 'Connection': 'keep-alive', 'X-Powered-By': 'Express', 'Access-Control-Allow-Origin': '*', 'Cache-Control': 'no-cache', 'ETag': 'W/"47c-vUeAcUOY3WnJtRXfaMpQ7qoS4tU"', 'Vary': 'Accept-Encoding', 'Content-Encoding': 'gzip', 'CF-Cache-Status': 'DYNAMIC', 'Report-To': '{"endpoints":[{"url":"https:\\/\\/a.nel.cloudflare.com\\/report\\/v4?s=F46PsHoKxhDPfLz5%2BGQiorgCWwnR6doZfWuc04Vj5PmLjMwAeJjQQH5bNhCPN0WZZ5RI5J%2BXS%2B%2FOP9Atwskbf8sfYlK%2FHRtKJWroEbiNQ%2BYjSsU%2FbXqh%2FuZLpJoJMlQV"}],"group":"cf-nel","max_age":604800}', 'NEL': '{"success_fraction":0,"report_to":"cf-nel","max_age":604800}', 'Server': 'cloudflare', 'CF-RAY': '86d2a5639ad007fd-IAD', 'alt-svc': 'h3=":443"; ma=86400'} 
 body={"results":[{"gender":"female","name":{"title":"Miss","first":"Mar'yana","last":"Lepkalyuk"},"location":{"street":{"number":4098,"name":"Druzhbi Narodiv"},"city":"Kam'yanske","state":"Odeska","country":"Ukraine","postcode":30765,"coordinates":{"latitude":"73.7141","longitude":"29.5560"},"timezone":{"offset":"-10:00","description":"Hawaii"}},"email":"mar'yana.lepkalyuk@example.com","login":{"uuid":"87016269-3ff3-4a18-9d9a-7c230a85814c","username":"redladybug787","password":"minimoni","salt":"97mOfIf1","md5":"3e32802b6dd2367e40cfd793c40032bd","sha1":"3590bf32f7cde3a2c32427d505aaff63861f4a08","sha256":"8767afda6555ce21b8fb122e8bb568ca0fa30547fcd6ddadf0a0b26743627aab"},"dob":{"date":"1952-06-23T11:46:29.141Z","age":71},"registered":{"date":"2006-02-17T02:47:41.171Z","age":18},"phone":"(097) O35-0275","cell":"(096) Y86-9572","id":{"name":"","value":null},"picture":{"large":"https://randomuser.me/api/portraits/women/1.jpg","medium":"https://randomuser.me/api/portraits/med/women/1.jpg","thumbnail":"https://randomuser.me/api/portraits/thumb/women/1.jpg"},"nat":"UA"}],"info":{"seed":"a2f0c5e1fbddf705","results":1,"page":1,"version":"1.4"}} 
 </msg>
<msg time="2024-03-31T19:11:35.060145" level="INFO">/opt/hostedtoolcache/Python/3.12.2/x64/lib/python3.12/site-packages/urllib3/connectionpool.py:1103: InsecureRequestWarning: Unverified HTTPS request is being made to host 'randomuser.me'. Adding certificate verification is strongly advised. See: https://urllib3.readthedocs.io/en/latest/advanced-usage.html#tls-warnings
  warnings.warn(</msg>
<msg time="2024-03-31T19:11:35.060246" level="INFO">${response} = &lt;Response [200]&gt;</msg>
<var>${response}</var>
<arg>consultarAPI</arg>
<arg>/api</arg>
<doc>Sends a GET request on a previously created HTTP Session.</doc>
<status status="PASS" start="2024-03-31T19:11:34.973844" elapsed="0.086442"/>
</kw>
<kw name="Set Variable" owner="BuiltIn">
<msg time="2024-03-31T19:11:35.061219" level="INFO">${json_data} = {'results': [{'gender': 'female', 'name': {'title': 'Miss', 'first': "Mar'yana", 'last': 'Lepkalyuk'}, 'location': {'street': {'number': 4098, 'name': 'Druzhbi Narodiv'}, 'city': "Kam'yanske", 'state'...</msg>
<var>${json_data}</var>
<arg>${response.json()}</arg>
<doc>Returns the given values which can then be assigned to a variables.</doc>
<status status="PASS" start="2024-03-31T19:11:35.060740" elapsed="0.000508"/>
</kw>
<kw name="Set Variable" owner="BuiltIn">
<msg time="2024-03-31T19:11:35.061959" level="INFO">${name_title} = Miss</msg>
<var>${name_title}</var>
<arg>${json_data["results"][0]["name"]["title"]}</arg>
<doc>Returns the given values which can then be assigned to a variables.</doc>
<status status="PASS" start="2024-03-31T19:11:35.061558" elapsed="0.000427"/>
</kw>
<kw name="Create List" owner="BuiltIn">
<msg time="2024-03-31T19:11:35.062483" level="INFO">${allowed_titles} = ['Mr', 'Ms', 'Miss', 'Mrs', 'Madame', 'Monsieur']</msg>
<var>${allowed_titles}</var>
<arg>Mr</arg>
<arg>Ms</arg>
<arg>Miss</arg>
<arg>Mrs</arg>
<arg>Madame</arg>
<arg>Monsieur</arg>
<doc>Returns a list containing given items.</doc>
<status status="PASS" start="2024-03-31T19:11:35.062328" elapsed="0.000181"/>
</kw>
<kw name="List Should Contain Value" owner="Collections">
<msg time="2024-03-31T19:11:35.062999" level="INFO">False</msg>
<arg>${allowed_titles}</arg>
<arg>${name_title}</arg>
<doc>Fails if the ``value`` is not found from ``list``.</doc>
<status status="PASS" start="2024-03-31T19:11:35.062823" elapsed="0.000219"/>
</kw>
<kw name="Set Variable" owner="BuiltIn">
<msg time="2024-03-31T19:11:35.063724" level="INFO">${name_country} = UA</msg>
<var>${name_country}</var>
<arg>${json_data["results"][0]["nat"]}</arg>
<doc>Returns the given values which can then be assigned to a variables.</doc>
<status status="PASS" start="2024-03-31T19:11:35.063345" elapsed="0.000405"/>
</kw>
<kw name="Create List" owner="BuiltIn">
<msg time="2024-03-31T19:11:35.064663" level="INFO">${list_country} = ['AD', 'AE', 'AF', 'AG', 'AI', 'AL', 'AM', 'AO', 'AQ', 'AR', 'AS', 'AT', 'AU', 'AW', 'AX', 'AZ', 'BA', 'BB', 'BD', 'BE', 'BF', 'BG', 'BH', 'BI', 'BJ', 'BL', 'BM', 'BN', 'BO', 'BQ', 'BR', 'BS', 'BT', '...</msg>
<var>${list_country}</var>
<arg>AD</arg>
<arg>AE</arg>
<arg>AF</arg>
<arg>AG</arg>
<arg>AI</arg>
<arg>AL</arg>
<arg>AM</arg>
<arg>AO</arg>
<arg>AQ</arg>
<arg>AR</arg>
<arg>AS</arg>
<arg>AT</arg>
<arg>AU</arg>
<arg>AW</arg>
<arg>AX</arg>
<arg>AZ</arg>
<arg>BA</arg>
<arg>BB</arg>
<arg>BD</arg>
<arg>BE</arg>
<arg>BF</arg>
<arg>BG</arg>
<arg>BH</arg>
<arg>BI</arg>
<arg>BJ</arg>
<arg>BL</arg>
<arg>BM</arg>
<arg>BN</arg>
<arg>BO</arg>
<arg>BQ</arg>
<arg>BR</arg>
<arg>BS</arg>
<arg>BT</arg>
<arg>BV</arg>
<arg>BW</arg>
<arg>BY</arg>
<arg>BZ</arg>
<arg>CA</arg>
<arg>CC</arg>
<arg>CD</arg>
<arg>CF</arg>
<arg>CG</arg>
<arg>CH</arg>
<arg>CI</arg>
<arg>CK</arg>
<arg>CL</arg>
<arg>CM</arg>
<arg>CN</arg>
<arg>CO</arg>
<arg>CR</arg>
<arg>CU</arg>
<arg>CV</arg>
<arg>CW</arg>
<arg>CX</arg>
<arg>CY</arg>
<arg>CZ</arg>
<arg>DE</arg>
<arg>DJ</arg>
<arg>DK</arg>
<arg>DM</arg>
<arg>DO</arg>
<arg>DZ</arg>
<arg>EC</arg>
<arg>EE</arg>
<arg>EG</arg>
<arg>EH</arg>
<arg>ER</arg>
<arg>ES</arg>
<arg>ET</arg>
<arg>FI</arg>
<arg>FJ</arg>
<arg>FK</arg>
<arg>FM</arg>
<arg>FO</arg>
<arg>FR</arg>
<arg>GA</arg>
<arg>GB</arg>
<arg>GD</arg>
<arg>GE</arg>
<arg>GF</arg>
<arg>GG</arg>
<arg>GH</arg>
<arg>GI</arg>
<arg>GL</arg>
<arg>GM</arg>
<arg>GN</arg>
<arg>GP</arg>
<arg>GQ</arg>
<arg>GR</arg>
<arg>GS</arg>
<arg>GT</arg>
<arg>GU</arg>
<arg>GW</arg>
<arg>GY</arg>
<arg>HK</arg>
<arg>HM</arg>
<arg>HN</arg>
<arg>HR</arg>
<arg>HT</arg>
<arg>HU</arg>
<arg>ID</arg>
<arg>IE</arg>
<arg>IL</arg>
<arg>IM</arg>
<arg>IN</arg>
<arg>IO</arg>
<arg>IQ</arg>
<arg>IR</arg>
<arg>IS</arg>
<arg>IT</arg>
<arg>JE</arg>
<arg>JM</arg>
<arg>JO</arg>
<arg>JP</arg>
<arg>KE</arg>
<arg>KG</arg>
<arg>KH</arg>
<arg>KI</arg>
<arg>KM</arg>
<arg>KN</arg>
<arg>KP</arg>
<arg>KR</arg>
<arg>KW</arg>
<arg>KY</arg>
<arg>KZ</arg>
<arg>LA</arg>
<arg>LB</arg>
<arg>LC</arg>
<arg>LI</arg>
<arg>LK</arg>
<arg>LR</arg>
<arg>LS</arg>
<arg>LT</arg>
<arg>LU</arg>
<arg>LV</arg>
<arg>LY</arg>
<arg>MA</arg>
<arg>MC</arg>
<arg>MD</arg>
<arg>ME</arg>
<arg>MF</arg>
<arg>MG</arg>
<arg>MH</arg>
<arg>MK</arg>
<arg>ML</arg>
<arg>MM</arg>
<arg>MN</arg>
<arg>MO</arg>
<arg>MP</arg>
<arg>MQ</arg>
<arg>MR</arg>
<arg>MS</arg>
<arg>MT</arg>
<arg>MU</arg>
<arg>MV</arg>
<arg>MW</arg>
<arg>MX</arg>
<arg>MY</arg>
<arg>MZ</arg>
<arg>NA</arg>
<arg>NC</arg>
<arg>NE</arg>
<arg>NF</arg>
<arg>NG</arg>
<arg>NI</arg>
<arg>NL</arg>
<arg>NO</arg>
<arg>NP</arg>
<arg>NR</arg>
<arg>NU</arg>
<arg>NZ</arg>
<arg>OM</arg>
<arg>PA</arg>
<arg>PE</arg>
<arg>PF</arg>
<arg>PG</arg>
<arg>PH</arg>
<arg>PK</arg>
<arg>PL</arg>
<arg>PM</arg>
<arg>PN</arg>
<arg>PR</arg>
<arg>PS</arg>
<arg>PT</arg>
<arg>PW</arg>
<arg>PY</arg>
<arg>QA</arg>
<arg>RE</arg>
<arg>RO</arg>
<arg>RS</arg>
<arg>RU</arg>
<arg>RW</arg>
<arg>SA</arg>
<arg>SB</arg>
<arg>SC</arg>
<arg>SD</arg>
<arg>SE</arg>
<arg>SG</arg>
<arg>SH</arg>
<arg>SI</arg>
<arg>SJ</arg>
<arg>SK</arg>
<arg>SL</arg>
<arg>SM</arg>
<arg>SN</arg>
<arg>SO</arg>
<arg>SR</arg>
<arg>SS</arg>
<arg>ST</arg>
<arg>SV</arg>
<arg>SX</arg>
<arg>SY</arg>
<arg>SZ</arg>
<arg>TC</arg>
<arg>TD</arg>
<arg>TF</arg>
<arg>TG</arg>
<arg>TH</arg>
<arg>TJ</arg>
<arg>TK</arg>
<arg>TL</arg>
<arg>TM</arg>
<arg>TN</arg>
<arg>TO</arg>
<arg>TR</arg>
<arg>TT</arg>
<arg>TV</arg>
<arg>TW</arg>
<arg>TZ</arg>
<arg>UA</arg>
<arg>UG</arg>
<arg>UM</arg>
<arg>US</arg>
<arg>UY</arg>
<arg>UZ</arg>
<arg>VA</arg>
<arg>VC</arg>
<arg>VE</arg>
<arg>VG</arg>
<arg>VI</arg>
<arg>VN</arg>
<arg>VU</arg>
<arg>WF</arg>
<arg>WS</arg>
<arg>XK</arg>
<arg>YE</arg>
<arg>YT</arg>
<arg>ZA</arg>
<arg>ZM</arg>
<arg>ZW</arg>
<doc>Returns a list containing given items.</doc>
<status status="PASS" start="2024-03-31T19:11:35.064056" elapsed="0.000633"/>
</kw>
<kw name="List Should Contain Value" owner="Collections">
<msg time="2024-03-31T19:11:35.065817" level="INFO">False</msg>
<arg>${list_country}</arg>
<arg>${name_country}</arg>
<doc>Fails if the ``value`` is not found from ``list``.</doc>
<status status="PASS" start="2024-03-31T19:11:35.065607" elapsed="0.000248"/>
</kw>
<kw name="Run Keyword If" owner="BuiltIn">
<kw name="Should Be True" owner="BuiltIn">
<arg>${True}</arg>
<doc>Fails if the given condition is not true.</doc>
<status status="PASS" start="2024-03-31T19:11:35.066997" elapsed="0.000149"/>
</kw>
<arg>${json_data["results"][0]["location"]["coordinates"]["latitude"]} &gt;= -90 and ${json_data["results"][0]["location"]["coordinates"]["latitude"]} &lt;= 90</arg>
<arg>Should Be True</arg>
<arg>${True}</arg>
<doc>Runs the given keyword with the given arguments, if ``condition`` is true.</doc>
<status status="PASS" start="2024-03-31T19:11:35.066212" elapsed="0.001063"/>
</kw>
<kw name="Run Keyword If" owner="BuiltIn">
<kw name="Should Be True" owner="BuiltIn">
<arg>${True}</arg>
<doc>Fails if the given condition is not true.</doc>
<status status="PASS" start="2024-03-31T19:11:35.068174" elapsed="0.000142"/>
</kw>
<arg>${json_data["results"][0]["location"]["coordinates"]["longitude"]} &gt;= -180 and ${json_data["results"][0]["location"]["coordinates"]["longitude"]} &lt;= 180</arg>
<arg>Should Be True</arg>
<arg>${True}</arg>
<doc>Runs the given keyword with the given arguments, if ``condition`` is true.</doc>
<status status="PASS" start="2024-03-31T19:11:35.067465" elapsed="0.000979"/>
</kw>
<status status="PASS" start="2024-03-31T19:11:34.973622" elapsed="0.094955"/>
</kw>
<doc>Testa o conteúdo específico dos campos retornados pela API.</doc>
<tag>testeConteudo</tag>
<status status="PASS" start="2024-03-31T19:11:34.973199" elapsed="0.095533"/>
</test>
<status status="PASS" start="2024-03-31T19:11:34.273976" elapsed="0.796746"/>
</suite>
<status status="PASS" start="2024-03-31T19:11:34.260314" elapsed="0.815784"/>
</suite>
<statistics>
<total>
<stat pass="5" fail="0" skip="0">All Tests</stat>
</total>
<tag>
<stat pass="1" fail="0" skip="0">testeConteudo</stat>
<stat pass="1" fail="0" skip="0">testeEstruturaResposta</stat>
<stat pass="1" fail="0" skip="0">testeRequisicaoBasica</stat>
<stat pass="1" fail="0" skip="0">testeTiposDados</stat>
</tag>
<suite>
<stat pass="5" fail="0" skip="0" id="s1" name="Tests">Tests</stat>
<stat pass="5" fail="0" skip="0" id="s1-s1" name="Random-User-Test">Tests.Random-User-Test</stat>
</suite>
</statistics>
<errors>
</errors>
</robot>
