<?xml version="1.0" encoding="UTF-8"?>
<robot generator="Robot 7.0 (Python 3.12.2 on linux)" generated="2024-03-29T01:52:03.123627" rpa="false" schemaversion="5">
<suite id="s1" name="Tests" source="/home/runner/work/DesafioQAItauRogerioJordao/DesafioQAItauRogerioJordao/RamdonUser/tests">
<suite id="s1-s1" name="Random-User-Test" source="/home/runner/work/DesafioQAItauRogerioJordao/DesafioQAItauRogerioJordao/RamdonUser/tests/random-user-test.robot">
<test id="s1-s1-t1" name="Conectar" line="13">
<kw name="Conectar API" owner="random-user-service">
<kw name="Create Session" owner="RequestsLibrary">
<msg time="2024-03-29T01:52:03.507937" level="INFO">Creating Session using : alias=consultarAPI, url=https://randomuser.me/, headers={},                     cookies={}, auth=None, timeout=None, proxies=None, verify=False,                     debug=0 </msg>
<arg>consultarAPI</arg>
<arg>${URL}</arg>
<doc>Create Session: create a HTTP session to a server</doc>
<status status="PASS" start="2024-03-29T01:52:03.507732" elapsed="0.000393"/>
</kw>
<status status="PASS" start="2024-03-29T01:52:03.506740" elapsed="0.001755"/>
</kw>
<status status="PASS" start="2024-03-29T01:52:03.506188" elapsed="0.002512"/>
</test>
<test id="s1-s1-t2" name="Validar retorno 200 e JSON Válido" line="16">
<kw name="Teste de Requisicao Basica" owner="random-user-service">
<kw name="GET On Session" owner="RequestsLibrary">
<msg time="2024-03-29T01:52:03.586417" level="INFO">GET Request : url=https://randomuser.me/api 
 path_url=/api 
 headers={'User-Agent': 'python-requests/2.31.0', 'Accept-Encoding': 'gzip, deflate', 'Accept': '*/*', 'Connection': 'keep-alive'} 
 body=None 
 </msg>
<msg time="2024-03-29T01:52:03.586562" level="INFO">GET Response : url=https://randomuser.me/api 
 status=200, reason=OK 
 headers={'Date': 'Fri, 29 Mar 2024 01:52:03 GMT', 'Content-Type': 'application/json; charset=utf-8', 'Transfer-Encoding': 'chunked', 'Connection': 'keep-alive', 'X-Powered-By': 'Express', 'Access-Control-Allow-Origin': '*', 'Cache-Control': 'no-cache', 'ETag': 'W/"489-ocfoEglHD4iEldlzZp/5vHHpiwc"', 'Vary': 'Accept-Encoding', 'Content-Encoding': 'gzip', 'CF-Cache-Status': 'DYNAMIC', 'Report-To': '{"endpoints":[{"url":"https:\\/\\/a.nel.cloudflare.com\\/report\\/v4?s=8SePmG6VVULWheyEtWR1QRL3WAaDuQMJ0s770orXwXgr4SqcCd8BhCSou7jDMYxiPR5hyRzY%2BnDnWMEJeG2pCM1y2bItx2wGk2OPzMvJyp%2BZniz%2Bg%2BOCSivXbopjTEi0"}],"group":"cf-nel","max_age":604800}', 'NEL': '{"success_fraction":0,"report_to":"cf-nel","max_age":604800}', 'Server': 'cloudflare', 'CF-RAY': '86bc37e62d4582ab-IAD', 'alt-svc': 'h3=":443"; ma=86400'} 
 body={"results":[{"gender":"male","name":{"title":"Mr","first":"Ryan","last":"White"},"location":{"street":{"number":8612,"name":"Dieppe Ave"},"city":"Cornwall","state":"Prince Edward Island","country":"Canada","postcode":"E1C 6E1","coordinates":{"latitude":"-65.1604","longitude":"-117.4199"},"timezone":{"offset":"-1:00","description":"Azores, Cape Verde Islands"}},"email":"ryan.white@example.com","login":{"uuid":"ce6d53ca-a16f-4d05-8382-41e97ea524b0","username":"orangedog359","password":"cashmone","salt":"NhA91avp","md5":"a027a20c3435f64516d23e99588734e4","sha1":"395344a758c2df2b586dd2f9de75c539071dfa6d","sha256":"2fce7e625d4c169f7b324ab52600734614d3c5ee70f3df2101c3a9325e00db00"},"dob":{"date":"1949-08-27T15:27:36.082Z","age":74},"registered":{"date":"2020-09-10T22:12:07.172Z","age":3},"phone":"M86 I12-6021","cell":"K06 O40-1743","id":{"name":"SIN","value":"949636823"},"picture":{"large":"https://randomuser.me/api/portraits/men/61.jpg","medium":"https://randomuser.me/api/portraits/med/men/61.jpg","thumbnail":"https://randomuser.me/api/portraits/thumb/men/61.jpg"},"nat":"CA"}],"info":{"seed":"0a0f395762443842","results":1,"page":1,"version":"1.4"}} 
 </msg>
<msg time="2024-03-29T01:52:03.586667" level="INFO">/opt/hostedtoolcache/Python/3.12.2/x64/lib/python3.12/site-packages/urllib3/connectionpool.py:1103: InsecureRequestWarning: Unverified HTTPS request is being made to host 'randomuser.me'. Adding certificate verification is strongly advised. See: https://urllib3.readthedocs.io/en/latest/advanced-usage.html#tls-warnings
  warnings.warn(</msg>
<msg time="2024-03-29T01:52:03.586809" level="INFO">${response} = &lt;Response [200]&gt;</msg>
<var>${response}</var>
<arg>consultarAPI</arg>
<arg>/api</arg>
<doc>Sends a GET request on a previously created HTTP Session.</doc>
<status status="PASS" start="2024-03-29T01:52:03.511284" elapsed="0.075566"/>
</kw>
<kw name="Should Be Equal As Numbers" owner="BuiltIn">
<msg time="2024-03-29T01:52:03.587839" level="INFO">Argument types are:
&lt;class 'int'&gt;
&lt;class 'str'&gt;</msg>
<arg>${response.status_code}</arg>
<arg>200</arg>
<doc>Fails if objects are unequal after converting them to real numbers.</doc>
<status status="PASS" start="2024-03-29T01:52:03.587377" elapsed="0.000527"/>
</kw>
<kw name="Log" owner="BuiltIn">
<msg time="2024-03-29T01:52:03.588580" level="INFO">200</msg>
<arg>${response.status_code}</arg>
<doc>Logs the given message with the given level.</doc>
<status status="PASS" start="2024-03-29T01:52:03.588223" elapsed="0.000401"/>
</kw>
<kw name="Set Variable" owner="BuiltIn">
<msg time="2024-03-29T01:52:03.589373" level="INFO">${json_data} = {'results': [{'gender': 'male', 'name': {'title': 'Mr', 'first': 'Ryan', 'last': 'White'}, 'location': {'street': {'number': 8612, 'name': 'Dieppe Ave'}, 'city': 'Cornwall', 'state': 'Prince Edward Is...</msg>
<var>${json_data}</var>
<arg>${response.json()}</arg>
<doc>Returns the given values which can then be assigned to a variables.</doc>
<status status="PASS" start="2024-03-29T01:52:03.588932" elapsed="0.000469"/>
</kw>
<kw name="Dictionary Should Contain Key" owner="Collections">
<msg time="2024-03-29T01:52:03.589916" level="INFO">False</msg>
<arg>${json_data}</arg>
<arg>results</arg>
<doc>Fails if ``key`` is not found from ``dictionary``.</doc>
<status status="PASS" start="2024-03-29T01:52:03.589739" elapsed="0.000217"/>
</kw>
<status status="PASS" start="2024-03-29T01:52:03.511036" elapsed="0.079194"/>
</kw>
<doc>Testa se a API responde corretamente e retorna um objeto JSON válido.</doc>
<tag>testeRequisicaoBasica</tag>
<status status="PASS" start="2024-03-29T01:52:03.510576" elapsed="0.079845"/>
</test>
<test id="s1-s1-t3" name="Validar estrutura de resposta" line="22">
<kw name="Teste de Estrutura de Resposta" owner="random-user-service">
<kw name="GET On Session" owner="RequestsLibrary">
<msg time="2024-03-29T01:52:03.683752" level="INFO">GET Request : url=https://randomuser.me/api 
 path_url=/api 
 headers={'User-Agent': 'python-requests/2.31.0', 'Accept-Encoding': 'gzip, deflate', 'Accept': '*/*', 'Connection': 'keep-alive'} 
 body=None 
 </msg>
<msg time="2024-03-29T01:52:03.683865" level="INFO">GET Response : url=https://randomuser.me/api 
 status=200, reason=OK 
 headers={'Date': 'Fri, 29 Mar 2024 01:52:03 GMT', 'Content-Type': 'application/json; charset=utf-8', 'Transfer-Encoding': 'chunked', 'Connection': 'keep-alive', 'X-Powered-By': 'Express', 'Access-Control-Allow-Origin': '*', 'Cache-Control': 'no-cache', 'ETag': 'W/"483-E9f1R9ItNgQiKfy9gWUxHE+NqJ4"', 'Vary': 'Accept-Encoding', 'Content-Encoding': 'gzip', 'CF-Cache-Status': 'DYNAMIC', 'Report-To': '{"endpoints":[{"url":"https:\\/\\/a.nel.cloudflare.com\\/report\\/v4?s=6nytSmt1BLUHpccvkkdEWbai%2FvUg2TMM%2BXwCmS8KvoZWYszlWDe65a5O%2Fa3QsJXSQ6qHRzIPqfiSAvGXDmf8Zp9ylKu6cSvu%2FFcLo3ER%2FkCPgFv8Hc%2Bgw6lQeH%2BbSqnE"}],"group":"cf-nel","max_age":604800}', 'NEL': '{"success_fraction":0,"report_to":"cf-nel","max_age":604800}', 'Server': 'cloudflare', 'CF-RAY': '86bc37e68dbd82ab-IAD', 'alt-svc': 'h3=":443"; ma=86400'} 
 body={"results":[{"gender":"male","name":{"title":"Mr","first":"Nathan","last":"Matthews"},"location":{"street":{"number":5935,"name":"Park Road"},"city":"Sunderland","state":"Isle of Wight","country":"United Kingdom","postcode":"QY8 1UE","coordinates":{"latitude":"-5.6275","longitude":"-71.4678"},"timezone":{"offset":"+5:45","description":"Kathmandu"}},"email":"nathan.matthews@example.com","login":{"uuid":"b9c99d87-55a8-4277-9612-096339e6113d","username":"bigdog119","password":"galant","salt":"tvOFiECJ","md5":"fd16b524899ceb0f91e92c5c40c2f8b6","sha1":"62b43a27562d5f1e55d1e4e106267b423a05ee27","sha256":"f6aa96c500529b8ebd8230194c263bbd94165d5878f1172479ccd2de82700dc2"},"dob":{"date":"1976-10-11T18:08:38.498Z","age":47},"registered":{"date":"2010-06-19T20:12:14.606Z","age":13},"phone":"013873 06708","cell":"07508 591015","id":{"name":"NINO","value":"CK 19 22 42 W"},"picture":{"large":"https://randomuser.me/api/portraits/men/22.jpg","medium":"https://randomuser.me/api/portraits/med/men/22.jpg","thumbnail":"https://randomuser.me/api/portraits/thumb/men/22.jpg"},"nat":"GB"}],"info":{"seed":"a9bd3270c533470f","results":1,"page":1,"version":"1.4"}} 
 </msg>
<msg time="2024-03-29T01:52:03.684005" level="INFO">/opt/hostedtoolcache/Python/3.12.2/x64/lib/python3.12/site-packages/urllib3/connectionpool.py:1103: InsecureRequestWarning: Unverified HTTPS request is being made to host 'randomuser.me'. Adding certificate verification is strongly advised. See: https://urllib3.readthedocs.io/en/latest/advanced-usage.html#tls-warnings
  warnings.warn(</msg>
<msg time="2024-03-29T01:52:03.684166" level="INFO">${response} = &lt;Response [200]&gt;</msg>
<var>${response}</var>
<arg>consultarAPI</arg>
<arg>/api</arg>
<doc>Sends a GET request on a previously created HTTP Session.</doc>
<status status="PASS" start="2024-03-29T01:52:03.593433" elapsed="0.090783"/>
</kw>
<kw name="Set Variable" owner="BuiltIn">
<msg time="2024-03-29T01:52:03.685335" level="INFO">${json_data} = {'results': [{'gender': 'male', 'name': {'title': 'Mr', 'first': 'Nathan', 'last': 'Matthews'}, 'location': {'street': {'number': 5935, 'name': 'Park Road'}, 'city': 'Sunderland', 'state': 'Isle of Wi...</msg>
<var>${json_data}</var>
<arg>${response.json()}</arg>
<doc>Returns the given values which can then be assigned to a variables.</doc>
<status status="PASS" start="2024-03-29T01:52:03.684793" elapsed="0.000572"/>
</kw>
<kw name="Log" owner="BuiltIn">
<msg time="2024-03-29T01:52:03.685878" level="INFO">{'results': [{'gender': 'male', 'name': {'title': 'Mr', 'first': 'Nathan', 'last': 'Matthews'}, 'location': {'street': {'number': 5935, 'name': 'Park Road'}, 'city': 'Sunderland', 'state': 'Isle of Wight', 'country': 'United Kingdom', 'postcode': 'QY8 1UE', 'coordinates': {'latitude': '-5.6275', 'longitude': '-71.4678'}, 'timezone': {'offset': '+5:45', 'description': 'Kathmandu'}}, 'email': 'nathan.matthews@example.com', 'login': {'uuid': 'b9c99d87-55a8-4277-9612-096339e6113d', 'username': 'bigdog119', 'password': 'galant', 'salt': 'tvOFiECJ', 'md5': 'fd16b524899ceb0f91e92c5c40c2f8b6', 'sha1': '62b43a27562d5f1e55d1e4e106267b423a05ee27', 'sha256': 'f6aa96c500529b8ebd8230194c263bbd94165d5878f1172479ccd2de82700dc2'}, 'dob': {'date': '1976-10-11T18:08:38.498Z', 'age': 47}, 'registered': {'date': '2010-06-19T20:12:14.606Z', 'age': 13}, 'phone': '013873 06708', 'cell': '07508 591015', 'id': {'name': 'NINO', 'value': 'CK 19 22 42 W'}, 'picture': {'large': 'https://randomuser.me/api/portraits/men/22.jpg', 'medium': 'https://randomuser.me/api/portraits/med/men/22.jpg', 'thumbnail': 'https://randomuser.me/api/portraits/thumb/men/22.jpg'}, 'nat': 'GB'}], 'info': {'seed': 'a9bd3270c533470f', 'results': 1, 'page': 1, 'version': '1.4'}}</msg>
<arg>${json_data}</arg>
<doc>Logs the given message with the given level.</doc>
<status status="PASS" start="2024-03-29T01:52:03.685713" elapsed="0.000218"/>
</kw>
<kw name="Dictionary Should Contain Key" owner="Collections">
<msg time="2024-03-29T01:52:03.686405" level="INFO">False</msg>
<arg>${json_data}</arg>
<arg>results</arg>
<doc>Fails if ``key`` is not found from ``dictionary``.</doc>
<status status="PASS" start="2024-03-29T01:52:03.686236" elapsed="0.000208"/>
</kw>
<kw name="Should Not Be Empty" owner="BuiltIn">
<msg time="2024-03-29T01:52:03.687047" level="INFO">Length is 2.</msg>
<arg>${json_data}</arg>
<doc>Verifies that the given item is not empty.</doc>
<status status="PASS" start="2024-03-29T01:52:03.686747" elapsed="0.000341"/>
</kw>
<kw name="Create List" owner="BuiltIn">
<msg time="2024-03-29T01:52:03.687541" level="INFO">${expected_keys} = ['gender', 'name', 'location', 'email', 'login']</msg>
<var>${expected_keys}</var>
<arg>gender</arg>
<arg>name</arg>
<arg>location</arg>
<arg>email</arg>
<arg>login</arg>
<doc>Returns a list containing given items.</doc>
<status status="PASS" start="2024-03-29T01:52:03.687387" elapsed="0.000179"/>
</kw>
<for flavor="IN">
<iter>
<kw name="Dictionary Should Contain Key" owner="Collections">
<msg time="2024-03-29T01:52:03.688574" level="INFO">False</msg>
<arg>${json_data['results'][0]}</arg>
<arg>${key}</arg>
<doc>Fails if ``key`` is not found from ``dictionary``.</doc>
<status status="PASS" start="2024-03-29T01:52:03.688163" elapsed="0.000450"/>
</kw>
<kw name="Log" owner="BuiltIn">
<msg time="2024-03-29T01:52:03.689286" level="INFO">{'gender': 'male', 'name': {'title': 'Mr', 'first': 'Nathan', 'last': 'Matthews'}, 'location': {'street': {'number': 5935, 'name': 'Park Road'}, 'city': 'Sunderland', 'state': 'Isle of Wight', 'country': 'United Kingdom', 'postcode': 'QY8 1UE', 'coordinates': {'latitude': '-5.6275', 'longitude': '-71.4678'}, 'timezone': {'offset': '+5:45', 'description': 'Kathmandu'}}, 'email': 'nathan.matthews@example.com', 'login': {'uuid': 'b9c99d87-55a8-4277-9612-096339e6113d', 'username': 'bigdog119', 'password': 'galant', 'salt': 'tvOFiECJ', 'md5': 'fd16b524899ceb0f91e92c5c40c2f8b6', 'sha1': '62b43a27562d5f1e55d1e4e106267b423a05ee27', 'sha256': 'f6aa96c500529b8ebd8230194c263bbd94165d5878f1172479ccd2de82700dc2'}, 'dob': {'date': '1976-10-11T18:08:38.498Z', 'age': 47}, 'registered': {'date': '2010-06-19T20:12:14.606Z', 'age': 13}, 'phone': '013873 06708', 'cell': '07508 591015', 'id': {'name': 'NINO', 'value': 'CK 19 22 42 W'}, 'picture': {'large': 'https://randomuser.me/api/portraits/men/22.jpg', 'medium': 'https://randomuser.me/api/portraits/med/men/22.jpg', 'thumbnail': 'https://randomuser.me/api/portraits/thumb/men/22.jpg'}, 'nat': 'GB'}</msg>
<arg>${json_data['results'][0]}</arg>
<doc>Logs the given message with the given level.</doc>
<status status="PASS" start="2024-03-29T01:52:03.688920" elapsed="0.000414"/>
</kw>
<kw name="Log" owner="BuiltIn">
<msg time="2024-03-29T01:52:03.689785" level="INFO">gender</msg>
<arg>${key}</arg>
<doc>Logs the given message with the given level.</doc>
<status status="PASS" start="2024-03-29T01:52:03.689652" elapsed="0.000171"/>
</kw>
<var name="${key}">gender</var>
<status status="PASS" start="2024-03-29T01:52:03.688033" elapsed="0.002011"/>
</iter>
<iter>
<kw name="Dictionary Should Contain Key" owner="Collections">
<msg time="2024-03-29T01:52:03.690737" level="INFO">False</msg>
<arg>${json_data['results'][0]}</arg>
<arg>${key}</arg>
<doc>Fails if ``key`` is not found from ``dictionary``.</doc>
<status status="PASS" start="2024-03-29T01:52:03.690349" elapsed="0.000425"/>
</kw>
<kw name="Log" owner="BuiltIn">
<msg time="2024-03-29T01:52:03.691476" level="INFO">{'gender': 'male', 'name': {'title': 'Mr', 'first': 'Nathan', 'last': 'Matthews'}, 'location': {'street': {'number': 5935, 'name': 'Park Road'}, 'city': 'Sunderland', 'state': 'Isle of Wight', 'country': 'United Kingdom', 'postcode': 'QY8 1UE', 'coordinates': {'latitude': '-5.6275', 'longitude': '-71.4678'}, 'timezone': {'offset': '+5:45', 'description': 'Kathmandu'}}, 'email': 'nathan.matthews@example.com', 'login': {'uuid': 'b9c99d87-55a8-4277-9612-096339e6113d', 'username': 'bigdog119', 'password': 'galant', 'salt': 'tvOFiECJ', 'md5': 'fd16b524899ceb0f91e92c5c40c2f8b6', 'sha1': '62b43a27562d5f1e55d1e4e106267b423a05ee27', 'sha256': 'f6aa96c500529b8ebd8230194c263bbd94165d5878f1172479ccd2de82700dc2'}, 'dob': {'date': '1976-10-11T18:08:38.498Z', 'age': 47}, 'registered': {'date': '2010-06-19T20:12:14.606Z', 'age': 13}, 'phone': '013873 06708', 'cell': '07508 591015', 'id': {'name': 'NINO', 'value': 'CK 19 22 42 W'}, 'picture': {'large': 'https://randomuser.me/api/portraits/men/22.jpg', 'medium': 'https://randomuser.me/api/portraits/med/men/22.jpg', 'thumbnail': 'https://randomuser.me/api/portraits/thumb/men/22.jpg'}, 'nat': 'GB'}</msg>
<arg>${json_data['results'][0]}</arg>
<doc>Logs the given message with the given level.</doc>
<status status="PASS" start="2024-03-29T01:52:03.691099" elapsed="0.000425"/>
</kw>
<kw name="Log" owner="BuiltIn">
<msg time="2024-03-29T01:52:03.691953" level="INFO">name</msg>
<arg>${key}</arg>
<doc>Logs the given message with the given level.</doc>
<status status="PASS" start="2024-03-29T01:52:03.691824" elapsed="0.000167"/>
</kw>
<var name="${key}">name</var>
<status status="PASS" start="2024-03-29T01:52:03.690232" elapsed="0.001979"/>
</iter>
<iter>
<kw name="Dictionary Should Contain Key" owner="Collections">
<msg time="2024-03-29T01:52:03.692893" level="INFO">False</msg>
<arg>${json_data['results'][0]}</arg>
<arg>${key}</arg>
<doc>Fails if ``key`` is not found from ``dictionary``.</doc>
<status status="PASS" start="2024-03-29T01:52:03.692510" elapsed="0.000421"/>
</kw>
<kw name="Log" owner="BuiltIn">
<msg time="2024-03-29T01:52:03.693592" level="INFO">{'gender': 'male', 'name': {'title': 'Mr', 'first': 'Nathan', 'last': 'Matthews'}, 'location': {'street': {'number': 5935, 'name': 'Park Road'}, 'city': 'Sunderland', 'state': 'Isle of Wight', 'country': 'United Kingdom', 'postcode': 'QY8 1UE', 'coordinates': {'latitude': '-5.6275', 'longitude': '-71.4678'}, 'timezone': {'offset': '+5:45', 'description': 'Kathmandu'}}, 'email': 'nathan.matthews@example.com', 'login': {'uuid': 'b9c99d87-55a8-4277-9612-096339e6113d', 'username': 'bigdog119', 'password': 'galant', 'salt': 'tvOFiECJ', 'md5': 'fd16b524899ceb0f91e92c5c40c2f8b6', 'sha1': '62b43a27562d5f1e55d1e4e106267b423a05ee27', 'sha256': 'f6aa96c500529b8ebd8230194c263bbd94165d5878f1172479ccd2de82700dc2'}, 'dob': {'date': '1976-10-11T18:08:38.498Z', 'age': 47}, 'registered': {'date': '2010-06-19T20:12:14.606Z', 'age': 13}, 'phone': '013873 06708', 'cell': '07508 591015', 'id': {'name': 'NINO', 'value': 'CK 19 22 42 W'}, 'picture': {'large': 'https://randomuser.me/api/portraits/men/22.jpg', 'medium': 'https://randomuser.me/api/portraits/med/men/22.jpg', 'thumbnail': 'https://randomuser.me/api/portraits/thumb/men/22.jpg'}, 'nat': 'GB'}</msg>
<arg>${json_data['results'][0]}</arg>
<doc>Logs the given message with the given level.</doc>
<status status="PASS" start="2024-03-29T01:52:03.693229" elapsed="0.000439"/>
</kw>
<kw name="Log" owner="BuiltIn">
<msg time="2024-03-29T01:52:03.694113" level="INFO">location</msg>
<arg>${key}</arg>
<doc>Logs the given message with the given level.</doc>
<status status="PASS" start="2024-03-29T01:52:03.693983" elapsed="0.000168"/>
</kw>
<var name="${key}">location</var>
<status status="PASS" start="2024-03-29T01:52:03.692392" elapsed="0.001974"/>
</iter>
<iter>
<kw name="Dictionary Should Contain Key" owner="Collections">
<msg time="2024-03-29T01:52:03.695040" level="INFO">False</msg>
<arg>${json_data['results'][0]}</arg>
<arg>${key}</arg>
<doc>Fails if ``key`` is not found from ``dictionary``.</doc>
<status status="PASS" start="2024-03-29T01:52:03.694651" elapsed="0.000432"/>
</kw>
<kw name="Log" owner="BuiltIn">
<msg time="2024-03-29T01:52:03.695753" level="INFO">{'gender': 'male', 'name': {'title': 'Mr', 'first': 'Nathan', 'last': 'Matthews'}, 'location': {'street': {'number': 5935, 'name': 'Park Road'}, 'city': 'Sunderland', 'state': 'Isle of Wight', 'country': 'United Kingdom', 'postcode': 'QY8 1UE', 'coordinates': {'latitude': '-5.6275', 'longitude': '-71.4678'}, 'timezone': {'offset': '+5:45', 'description': 'Kathmandu'}}, 'email': 'nathan.matthews@example.com', 'login': {'uuid': 'b9c99d87-55a8-4277-9612-096339e6113d', 'username': 'bigdog119', 'password': 'galant', 'salt': 'tvOFiECJ', 'md5': 'fd16b524899ceb0f91e92c5c40c2f8b6', 'sha1': '62b43a27562d5f1e55d1e4e106267b423a05ee27', 'sha256': 'f6aa96c500529b8ebd8230194c263bbd94165d5878f1172479ccd2de82700dc2'}, 'dob': {'date': '1976-10-11T18:08:38.498Z', 'age': 47}, 'registered': {'date': '2010-06-19T20:12:14.606Z', 'age': 13}, 'phone': '013873 06708', 'cell': '07508 591015', 'id': {'name': 'NINO', 'value': 'CK 19 22 42 W'}, 'picture': {'large': 'https://randomuser.me/api/portraits/men/22.jpg', 'medium': 'https://randomuser.me/api/portraits/med/men/22.jpg', 'thumbnail': 'https://randomuser.me/api/portraits/thumb/men/22.jpg'}, 'nat': 'GB'}</msg>
<arg>${json_data['results'][0]}</arg>
<doc>Logs the given message with the given level.</doc>
<status status="PASS" start="2024-03-29T01:52:03.695387" elapsed="0.000413"/>
</kw>
<kw name="Log" owner="BuiltIn">
<msg time="2024-03-29T01:52:03.696221" level="INFO">email</msg>
<arg>${key}</arg>
<doc>Logs the given message with the given level.</doc>
<status status="PASS" start="2024-03-29T01:52:03.696092" elapsed="0.000167"/>
</kw>
<var name="${key}">email</var>
<status status="PASS" start="2024-03-29T01:52:03.694541" elapsed="0.001935"/>
</iter>
<iter>
<kw name="Dictionary Should Contain Key" owner="Collections">
<msg time="2024-03-29T01:52:03.697136" level="INFO">False</msg>
<arg>${json_data['results'][0]}</arg>
<arg>${key}</arg>
<doc>Fails if ``key`` is not found from ``dictionary``.</doc>
<status status="PASS" start="2024-03-29T01:52:03.696757" elapsed="0.000416"/>
</kw>
<kw name="Log" owner="BuiltIn">
<msg time="2024-03-29T01:52:03.697853" level="INFO">{'gender': 'male', 'name': {'title': 'Mr', 'first': 'Nathan', 'last': 'Matthews'}, 'location': {'street': {'number': 5935, 'name': 'Park Road'}, 'city': 'Sunderland', 'state': 'Isle of Wight', 'country': 'United Kingdom', 'postcode': 'QY8 1UE', 'coordinates': {'latitude': '-5.6275', 'longitude': '-71.4678'}, 'timezone': {'offset': '+5:45', 'description': 'Kathmandu'}}, 'email': 'nathan.matthews@example.com', 'login': {'uuid': 'b9c99d87-55a8-4277-9612-096339e6113d', 'username': 'bigdog119', 'password': 'galant', 'salt': 'tvOFiECJ', 'md5': 'fd16b524899ceb0f91e92c5c40c2f8b6', 'sha1': '62b43a27562d5f1e55d1e4e106267b423a05ee27', 'sha256': 'f6aa96c500529b8ebd8230194c263bbd94165d5878f1172479ccd2de82700dc2'}, 'dob': {'date': '1976-10-11T18:08:38.498Z', 'age': 47}, 'registered': {'date': '2010-06-19T20:12:14.606Z', 'age': 13}, 'phone': '013873 06708', 'cell': '07508 591015', 'id': {'name': 'NINO', 'value': 'CK 19 22 42 W'}, 'picture': {'large': 'https://randomuser.me/api/portraits/men/22.jpg', 'medium': 'https://randomuser.me/api/portraits/med/men/22.jpg', 'thumbnail': 'https://randomuser.me/api/portraits/thumb/men/22.jpg'}, 'nat': 'GB'}</msg>
<arg>${json_data['results'][0]}</arg>
<doc>Logs the given message with the given level.</doc>
<status status="PASS" start="2024-03-29T01:52:03.697472" elapsed="0.000428"/>
</kw>
<kw name="Log" owner="BuiltIn">
<msg time="2024-03-29T01:52:03.698337" level="INFO">login</msg>
<arg>${key}</arg>
<doc>Logs the given message with the given level.</doc>
<status status="PASS" start="2024-03-29T01:52:03.698207" elapsed="0.000168"/>
</kw>
<var name="${key}">login</var>
<status status="PASS" start="2024-03-29T01:52:03.696649" elapsed="0.001939"/>
</iter>
<var>${key}</var>
<value>@{expected_keys}</value>
<status status="PASS" start="2024-03-29T01:52:03.687830" elapsed="0.010910"/>
</for>
<kw name="Create List" owner="BuiltIn">
<msg time="2024-03-29T01:52:03.699079" level="INFO">${expected_keysTwo} = ['username', 'password']</msg>
<var>${expected_keysTwo}</var>
<arg>username</arg>
<arg>password</arg>
<doc>Returns a list containing given items.</doc>
<status status="PASS" start="2024-03-29T01:52:03.698940" elapsed="0.000164"/>
</kw>
<for flavor="IN">
<iter>
<kw name="Dictionary Should Contain Key" owner="Collections">
<msg time="2024-03-29T01:52:03.699997" level="INFO">False</msg>
<arg>${json_data['results'][0]['login']}</arg>
<arg>${keyTwo}</arg>
<doc>Fails if ``key`` is not found from ``dictionary``.</doc>
<status status="PASS" start="2024-03-29T01:52:03.699609" elapsed="0.000426"/>
</kw>
<kw name="Dictionary Should Contain Key" owner="Collections">
<msg time="2024-03-29T01:52:03.700724" level="INFO">False</msg>
<arg>${json_data['results'][0]['login']}</arg>
<arg>${keyTwo}</arg>
<doc>Fails if ``key`` is not found from ``dictionary``.</doc>
<status status="PASS" start="2024-03-29T01:52:03.700332" elapsed="0.000431"/>
</kw>
<kw name="Log" owner="BuiltIn">
<msg time="2024-03-29T01:52:03.701193" level="INFO">username</msg>
<arg>${keyTwo}</arg>
<doc>Logs the given message with the given level.</doc>
<status status="PASS" start="2024-03-29T01:52:03.701062" elapsed="0.000169"/>
</kw>
<var name="${keyTwo}">username</var>
<status status="PASS" start="2024-03-29T01:52:03.699499" elapsed="0.001948"/>
</iter>
<iter>
<kw name="Dictionary Should Contain Key" owner="Collections">
<msg time="2024-03-29T01:52:03.702223" level="INFO">False</msg>
<arg>${json_data['results'][0]['login']}</arg>
<arg>${keyTwo}</arg>
<doc>Fails if ``key`` is not found from ``dictionary``.</doc>
<status status="PASS" start="2024-03-29T01:52:03.701753" elapsed="0.000509"/>
</kw>
<kw name="Dictionary Should Contain Key" owner="Collections">
<msg time="2024-03-29T01:52:03.702942" level="INFO">False</msg>
<arg>${json_data['results'][0]['login']}</arg>
<arg>${keyTwo}</arg>
<doc>Fails if ``key`` is not found from ``dictionary``.</doc>
<status status="PASS" start="2024-03-29T01:52:03.702562" elapsed="0.000416"/>
</kw>
<kw name="Log" owner="BuiltIn">
<msg time="2024-03-29T01:52:03.703402" level="INFO">password</msg>
<arg>${keyTwo}</arg>
<doc>Logs the given message with the given level.</doc>
<status status="PASS" start="2024-03-29T01:52:03.703271" elapsed="0.000170"/>
</kw>
<var name="${keyTwo}">password</var>
<status status="PASS" start="2024-03-29T01:52:03.701620" elapsed="0.002044"/>
</iter>
<var>${keyTwo}</var>
<value>@{expected_keysTwo}</value>
<status status="PASS" start="2024-03-29T01:52:03.699347" elapsed="0.004441"/>
</for>
<status status="PASS" start="2024-03-29T01:52:03.593074" elapsed="0.110857"/>
</kw>
<doc>Testa a estrutura da resposta da API.</doc>
<tag>testeEstruturaResposta</tag>
<status status="PASS" start="2024-03-29T01:52:03.592276" elapsed="0.111820"/>
</test>
<test id="s1-s1-t4" name="Validar tipos de dados" line="28">
<kw name="Teste de Tipos de Dados" owner="random-user-service">
<kw name="GET On Session" owner="RequestsLibrary">
<msg time="2024-03-29T01:52:03.780090" level="INFO">GET Request : url=https://randomuser.me/api 
 path_url=/api 
 headers={'User-Agent': 'python-requests/2.31.0', 'Accept-Encoding': 'gzip, deflate', 'Accept': '*/*', 'Connection': 'keep-alive'} 
 body=None 
 </msg>
<msg time="2024-03-29T01:52:03.780206" level="INFO">GET Response : url=https://randomuser.me/api 
 status=200, reason=OK 
 headers={'Date': 'Fri, 29 Mar 2024 01:52:03 GMT', 'Content-Type': 'application/json; charset=utf-8', 'Transfer-Encoding': 'chunked', 'Connection': 'keep-alive', 'X-Powered-By': 'Express', 'Access-Control-Allow-Origin': '*', 'Cache-Control': 'no-cache', 'ETag': 'W/"48e-JCAkK2gukFTL++irlMyRBx/+Sa0"', 'Vary': 'Accept-Encoding', 'Content-Encoding': 'gzip', 'CF-Cache-Status': 'DYNAMIC', 'Report-To': '{"endpoints":[{"url":"https:\\/\\/a.nel.cloudflare.com\\/report\\/v4?s=P7rgZf%2BQQ5k%2FgcGg8ickw%2F95hG5PdT5%2BILSCCOPycJN76SEYtYGa67HhsN68UdZ0dZwCBth8Nz9kezyK0sUczxjkcT6JmXEwIbS%2BbEgMVPRSOXBWRP46H39Sb9bgMd1a"}],"group":"cf-nel","max_age":604800}', 'NEL': '{"success_fraction":0,"report_to":"cf-nel","max_age":604800}', 'Server': 'cloudflare', 'CF-RAY': '86bc37e73ebd82ab-IAD', 'alt-svc': 'h3=":443"; ma=86400'} 
 body={"results":[{"gender":"female","name":{"title":"Mrs","first":"Milla","last":"Wuori"},"location":{"street":{"number":1350,"name":"Tehtaankatu"},"city":"Tyrnävä","state":"South Karelia","country":"Finland","postcode":62788,"coordinates":{"latitude":"-22.6865","longitude":"69.8268"},"timezone":{"offset":"-11:00","description":"Midway Island, Samoa"}},"email":"milla.wuori@example.com","login":{"uuid":"9f802eeb-95ef-4106-8d6f-1e439c9dba55","username":"yellowbird931","password":"gsxr750","salt":"w38gdxr2","md5":"2b1d5a8c4b56e9d45823026ab1a3c7a5","sha1":"d86781347f08aa26d38f07e9eb8f91496092f699","sha256":"7dbd3dbc983e951aa48f319c267852c73dce3fb46a308da4bb37b628a161b9a9"},"dob":{"date":"1960-04-20T10:53:54.847Z","age":63},"registered":{"date":"2006-02-01T09:55:18.510Z","age":18},"phone":"08-587-633","cell":"049-997-49-81","id":{"name":"HETU","value":"NaNNA600undefined"},"picture":{"large":"https://randomuser.me/api/portraits/women/55.jpg","medium":"https://randomuser.me/api/portraits/med/women/55.jpg","thumbnail":"https://randomuser.me/api/portraits/thumb/women/55.jpg"},"nat":"FI"}],"info":{"seed":"dd86fe529a8e5009","results":1,"page":1,"version":"1.4"}} 
 </msg>
<msg time="2024-03-29T01:52:03.780290" level="INFO">/opt/hostedtoolcache/Python/3.12.2/x64/lib/python3.12/site-packages/urllib3/connectionpool.py:1103: InsecureRequestWarning: Unverified HTTPS request is being made to host 'randomuser.me'. Adding certificate verification is strongly advised. See: https://urllib3.readthedocs.io/en/latest/advanced-usage.html#tls-warnings
  warnings.warn(</msg>
<msg time="2024-03-29T01:52:03.780426" level="INFO">${response} = &lt;Response [200]&gt;</msg>
<var>${response}</var>
<arg>consultarAPI</arg>
<arg>/api</arg>
<doc>Sends a GET request on a previously created HTTP Session.</doc>
<status status="PASS" start="2024-03-29T01:52:03.706572" elapsed="0.073882"/>
</kw>
<kw name="Set Variable" owner="BuiltIn">
<msg time="2024-03-29T01:52:03.781554" level="INFO">${json_data} = {'results': [{'gender': 'female', 'name': {'title': 'Mrs', 'first': 'Milla', 'last': 'Wuori'}, 'location': {'street': {'number': 1350, 'name': 'Tehtaankatu'}, 'city': 'Tyrnävä', 'state': 'South Kareli...</msg>
<var>${json_data}</var>
<arg>${response.json()}</arg>
<doc>Returns the given values which can then be assigned to a variables.</doc>
<status status="PASS" start="2024-03-29T01:52:03.781012" elapsed="0.000571"/>
</kw>
<kw name="Log" owner="BuiltIn">
<msg time="2024-03-29T01:52:03.782108" level="INFO">{'results': [{'gender': 'female', 'name': {'title': 'Mrs', 'first': 'Milla', 'last': 'Wuori'}, 'location': {'street': {'number': 1350, 'name': 'Tehtaankatu'}, 'city': 'Tyrnävä', 'state': 'South Karelia', 'country': 'Finland', 'postcode': 62788, 'coordinates': {'latitude': '-22.6865', 'longitude': '69.8268'}, 'timezone': {'offset': '-11:00', 'description': 'Midway Island, Samoa'}}, 'email': 'milla.wuori@example.com', 'login': {'uuid': '9f802eeb-95ef-4106-8d6f-1e439c9dba55', 'username': 'yellowbird931', 'password': 'gsxr750', 'salt': 'w38gdxr2', 'md5': '2b1d5a8c4b56e9d45823026ab1a3c7a5', 'sha1': 'd86781347f08aa26d38f07e9eb8f91496092f699', 'sha256': '7dbd3dbc983e951aa48f319c267852c73dce3fb46a308da4bb37b628a161b9a9'}, 'dob': {'date': '1960-04-20T10:53:54.847Z', 'age': 63}, 'registered': {'date': '2006-02-01T09:55:18.510Z', 'age': 18}, 'phone': '08-587-633', 'cell': '049-997-49-81', 'id': {'name': 'HETU', 'value': 'NaNNA600undefined'}, 'picture': {'large': 'https://randomuser.me/api/portraits/women/55.jpg', 'medium': 'https://randomuser.me/api/portraits/med/women/55.jpg', 'thumbnail': 'https://randomuser.me/api/portraits/thumb/women/55.jpg'}, 'nat': 'FI'}], 'info': {'seed': 'dd86fe529a8e5009', 'results': 1, 'page': 1, 'version': '1.4'}}</msg>
<arg>${json_data}</arg>
<doc>Logs the given message with the given level.</doc>
<status status="PASS" start="2024-03-29T01:52:03.781946" elapsed="0.000254"/>
</kw>
<kw name="Should Be String" owner="String">
<arg>${json_data['results'][0]['gender']}</arg>
<doc>Fails if the given ``item`` is not a string.</doc>
<status status="PASS" start="2024-03-29T01:52:03.782506" elapsed="0.000371"/>
</kw>
<kw name="Should Match Regexp" owner="BuiltIn">
<arg>${json_data['results'][0]['email']}</arg>
<arg>^[a-zA-Z0-9._%+-]+@[a-zA-Z0-9.-]+\.[a-zA-Z]{2,}$</arg>
<doc>Fails if ``string`` does not match ``pattern`` as a regular expression.</doc>
<status status="PASS" start="2024-03-29T01:52:03.783072" elapsed="0.000523"/>
</kw>
<kw name="Should Match Regexp" owner="BuiltIn">
<arg>${json_data['results'][0]['dob']['date']}</arg>
<arg>\\d{4}-\\d{2}-\\d{2}T\\d{2}:\\d{2}:\\d{2}\\.\\d{3}Z</arg>
<doc>Fails if ``string`` does not match ``pattern`` as a regular expression.</doc>
<status status="PASS" start="2024-03-29T01:52:03.783791" elapsed="0.000489"/>
</kw>
<kw name="Should Match Regexp" owner="BuiltIn">
<arg>${json_data['results'][0]['registered']['date']}</arg>
<arg>\\d{4}-\\d{2}-\\d{2}T\\d{2}:\\d{2}:\\d{2}\\.\\d{3}Z</arg>
<doc>Fails if ``string`` does not match ``pattern`` as a regular expression.</doc>
<status status="PASS" start="2024-03-29T01:52:03.784475" elapsed="0.000373"/>
</kw>
<kw name="Should Match Regexp" owner="BuiltIn">
<arg>${json_data['results'][0]['picture']['large']}</arg>
<arg>^https?://.*\.(?:png|jpe?g|gif|bmp)$</arg>
<doc>Fails if ``string`` does not match ``pattern`` as a regular expression.</doc>
<status status="PASS" start="2024-03-29T01:52:03.785033" elapsed="0.000463"/>
</kw>
<kw name="Should Match Regexp" owner="BuiltIn">
<arg>${json_data['results'][0]['picture']['medium']}</arg>
<arg>^https?://.*\.(?:png|jpe?g|gif|bmp)$</arg>
<doc>Fails if ``string`` does not match ``pattern`` as a regular expression.</doc>
<status status="PASS" start="2024-03-29T01:52:03.785713" elapsed="0.000368"/>
</kw>
<kw name="Should Match Regexp" owner="BuiltIn">
<arg>${json_data['results'][0]['picture']['thumbnail']}</arg>
<arg>^https?://.*\.(?:png|jpe?g|gif|bmp)$</arg>
<doc>Fails if ``string`` does not match ``pattern`` as a regular expression.</doc>
<status status="PASS" start="2024-03-29T01:52:03.786267" elapsed="0.000347"/>
</kw>
<kw name="Log" owner="BuiltIn">
<msg time="2024-03-29T01:52:03.787131" level="INFO">{'large': 'https://randomuser.me/api/portraits/women/55.jpg', 'medium': 'https://randomuser.me/api/portraits/med/women/55.jpg', 'thumbnail': 'https://randomuser.me/api/portraits/thumb/women/55.jpg'}</msg>
<arg>${json_data['results'][0]['picture']}</arg>
<doc>Logs the given message with the given level.</doc>
<status status="PASS" start="2024-03-29T01:52:03.786796" elapsed="0.000377"/>
</kw>
<status status="PASS" start="2024-03-29T01:52:03.706339" elapsed="0.081096"/>
</kw>
<kw name="Teste de Tipos de Dados - Postcode" owner="random-user-service">
<kw name="GET On Session" owner="RequestsLibrary">
<msg time="2024-03-29T01:52:03.885856" level="INFO">GET Request : url=https://randomuser.me/api 
 path_url=/api 
 headers={'User-Agent': 'python-requests/2.31.0', 'Accept-Encoding': 'gzip, deflate', 'Accept': '*/*', 'Connection': 'keep-alive'} 
 body=None 
 </msg>
<msg time="2024-03-29T01:52:03.885953" level="INFO">GET Response : url=https://randomuser.me/api 
 status=200, reason=OK 
 headers={'Date': 'Fri, 29 Mar 2024 01:52:03 GMT', 'Content-Type': 'application/json; charset=utf-8', 'Transfer-Encoding': 'chunked', 'Connection': 'keep-alive', 'X-Powered-By': 'Express', 'Access-Control-Allow-Origin': '*', 'Cache-Control': 'no-cache', 'ETag': 'W/"477-hXpXyDojjZDsbJgZOkAz7RNA9sU"', 'Vary': 'Accept-Encoding', 'Content-Encoding': 'gzip', 'CF-Cache-Status': 'DYNAMIC', 'Report-To': '{"endpoints":[{"url":"https:\\/\\/a.nel.cloudflare.com\\/report\\/v4?s=rfFQF5PkOEBsUFj5smSwMeAKU%2FoT8wpf%2F7y26ua19WkrSG9HhNCbRTSFLnI9A2NxhVw%2FDz1ZLv2qEug1XANkHu4RY%2BdKE3sgFjSVz%2Bq%2F8s32HiYhP4%2FtvMj8EPZhWNCJ"}],"group":"cf-nel","max_age":604800}', 'NEL': '{"success_fraction":0,"report_to":"cf-nel","max_age":604800}', 'Server': 'cloudflare', 'CF-RAY': '86bc37e7bf6b82ab-IAD', 'alt-svc': 'h3=":443"; ma=86400'} 
 body={"results":[{"gender":"male","name":{"title":"Mr","first":"Pranay","last":"Rajesh"},"location":{"street":{"number":4432,"name":"College St"},"city":"Khora","state":"Delhi","country":"India","postcode":28431,"coordinates":{"latitude":"8.3739","longitude":"-86.4007"},"timezone":{"offset":"-1:00","description":"Azores, Cape Verde Islands"}},"email":"pranay.rajesh@example.com","login":{"uuid":"bb673743-c675-4ea4-acbb-016e6f1869a1","username":"silverpanda136","password":"simba1","salt":"WAEw4Ot6","md5":"046a1158ca41bb5657522ca81b32bb22","sha1":"6408a84f6fa561e95ced3b12fcbf5f1c0c27d27f","sha256":"ac6aa85eb650089853f0e5761edc9a2911356d14deaf606ca2c2196f83d74f9a"},"dob":{"date":"1949-09-21T04:52:16.260Z","age":74},"registered":{"date":"2009-10-23T11:51:44.073Z","age":14},"phone":"8905366053","cell":"8129144659","id":{"name":"UIDAI","value":"214669678127"},"picture":{"large":"https://randomuser.me/api/portraits/men/88.jpg","medium":"https://randomuser.me/api/portraits/med/men/88.jpg","thumbnail":"https://randomuser.me/api/portraits/thumb/men/88.jpg"},"nat":"IN"}],"info":{"seed":"876075257e4e76bb","results":1,"page":1,"version":"1.4"}} 
 </msg>
<msg time="2024-03-29T01:52:03.886018" level="INFO">/opt/hostedtoolcache/Python/3.12.2/x64/lib/python3.12/site-packages/urllib3/connectionpool.py:1103: InsecureRequestWarning: Unverified HTTPS request is being made to host 'randomuser.me'. Adding certificate verification is strongly advised. See: https://urllib3.readthedocs.io/en/latest/advanced-usage.html#tls-warnings
  warnings.warn(</msg>
<msg time="2024-03-29T01:52:03.886131" level="INFO">${response} = &lt;Response [200]&gt;</msg>
<var>${response}</var>
<arg>consultarAPI</arg>
<arg>/api</arg>
<doc>Sends a GET request on a previously created HTTP Session.</doc>
<status status="PASS" start="2024-03-29T01:52:03.787919" elapsed="0.098249"/>
</kw>
<kw name="Set Variable" owner="BuiltIn">
<msg time="2024-03-29T01:52:03.887194" level="INFO">${json_data} = {'results': [{'gender': 'male', 'name': {'title': 'Mr', 'first': 'Pranay', 'last': 'Rajesh'}, 'location': {'street': {'number': 4432, 'name': 'College St'}, 'city': 'Khora', 'state': 'Delhi', 'country...</msg>
<var>${json_data}</var>
<arg>${response.json()}</arg>
<doc>Returns the given values which can then be assigned to a variables.</doc>
<status status="PASS" start="2024-03-29T01:52:03.886680" elapsed="0.000542"/>
</kw>
<kw name="Log" owner="BuiltIn">
<msg time="2024-03-29T01:52:03.887685" level="INFO">{'results': [{'gender': 'male', 'name': {'title': 'Mr', 'first': 'Pranay', 'last': 'Rajesh'}, 'location': {'street': {'number': 4432, 'name': 'College St'}, 'city': 'Khora', 'state': 'Delhi', 'country': 'India', 'postcode': 28431, 'coordinates': {'latitude': '8.3739', 'longitude': '-86.4007'}, 'timezone': {'offset': '-1:00', 'description': 'Azores, Cape Verde Islands'}}, 'email': 'pranay.rajesh@example.com', 'login': {'uuid': 'bb673743-c675-4ea4-acbb-016e6f1869a1', 'username': 'silverpanda136', 'password': 'simba1', 'salt': 'WAEw4Ot6', 'md5': '046a1158ca41bb5657522ca81b32bb22', 'sha1': '6408a84f6fa561e95ced3b12fcbf5f1c0c27d27f', 'sha256': 'ac6aa85eb650089853f0e5761edc9a2911356d14deaf606ca2c2196f83d74f9a'}, 'dob': {'date': '1949-09-21T04:52:16.260Z', 'age': 74}, 'registered': {'date': '2009-10-23T11:51:44.073Z', 'age': 14}, 'phone': '8905366053', 'cell': '8129144659', 'id': {'name': 'UIDAI', 'value': '214669678127'}, 'picture': {'large': 'https://randomuser.me/api/portraits/men/88.jpg', 'medium': 'https://randomuser.me/api/portraits/med/men/88.jpg', 'thumbnail': 'https://randomuser.me/api/portraits/thumb/men/88.jpg'}, 'nat': 'IN'}], 'info': {'seed': '876075257e4e76bb', 'results': 1, 'page': 1, 'version': '1.4'}}</msg>
<arg>${json_data}</arg>
<doc>Logs the given message with the given level.</doc>
<status status="PASS" start="2024-03-29T01:52:03.887525" elapsed="0.000424"/>
</kw>
<kw name="Should Be Equal As Numbers" owner="BuiltIn">
<arg>${json_data['results'][0]['location']['postcode']}</arg>
<arg>${json_data['results'][0]['location']['postcode']}</arg>
<doc>Fails if objects are unequal after converting them to real numbers.</doc>
<status status="PASS" start="2024-03-29T01:52:03.888262" elapsed="0.000616"/>
</kw>
<kw name="Log" owner="BuiltIn">
<msg time="2024-03-29T01:52:03.889410" level="INFO">28431</msg>
<arg>${json_data['results'][0]['location']['postcode']}</arg>
<doc>Logs the given message with the given level.</doc>
<status status="PASS" start="2024-03-29T01:52:03.889072" elapsed="0.000379"/>
</kw>
<status status="PASS" start="2024-03-29T01:52:03.787670" elapsed="0.102071"/>
</kw>
<doc>Testa se os tipos de dados na resposta da API estão corretos.</doc>
<tag>testeTiposDados</tag>
<status status="PASS" start="2024-03-29T01:52:03.705880" elapsed="0.184041"/>
</test>
<test id="s1-s1-t5" name="Validar conteudo" line="35">
<kw name="Teste de Tipos de Conteudo" owner="random-user-service">
<kw name="GET On Session" owner="RequestsLibrary">
<msg time="2024-03-29T01:52:03.997130" level="INFO">GET Request : url=https://randomuser.me/api 
 path_url=/api 
 headers={'User-Agent': 'python-requests/2.31.0', 'Accept-Encoding': 'gzip, deflate', 'Accept': '*/*', 'Connection': 'keep-alive'} 
 body=None 
 </msg>
<msg time="2024-03-29T01:52:03.997230" level="INFO">GET Response : url=https://randomuser.me/api 
 status=200, reason=OK 
 headers={'Date': 'Fri, 29 Mar 2024 01:52:03 GMT', 'Content-Type': 'application/json; charset=utf-8', 'Transfer-Encoding': 'chunked', 'Connection': 'keep-alive', 'X-Powered-By': 'Express', 'Access-Control-Allow-Origin': '*', 'Cache-Control': 'no-cache', 'ETag': 'W/"47c-r063RzH+i85NFaVRjYh6DdzV/rA"', 'Vary': 'Accept-Encoding', 'Content-Encoding': 'gzip', 'CF-Cache-Status': 'DYNAMIC', 'Report-To': '{"endpoints":[{"url":"https:\\/\\/a.nel.cloudflare.com\\/report\\/v4?s=5ESEYbnbAvrMHKznG2O8NA8XVwmdkByBOmlt6a7j8eBqppkogyilfsinYS67BpuJV9K4ZMXIiBXf%2FYe2N12R%2Bzrv3TaV4mGYoqwhrMVv%2FGAPW7u3pV%2BeKZRBbpzHsrKZ"}],"group":"cf-nel","max_age":604800}', 'NEL': '{"success_fraction":0,"report_to":"cf-nel","max_age":604800}', 'Server': 'cloudflare', 'CF-RAY': '86bc37e8583182ab-IAD', 'alt-svc': 'h3=":443"; ma=86400'} 
 body={"results":[{"gender":"male","name":{"title":"Mr","first":"Soncedar","last":"Melnichenko"},"location":{"street":{"number":1363,"name":"Glibochickiy provulok"},"city":"Mukachevo","state":"Harkivska","country":"Ukraine","postcode":90257,"coordinates":{"latitude":"80.7107","longitude":"-99.5701"},"timezone":{"offset":"+3:30","description":"Tehran"}},"email":"soncedar.melnichenko@example.com","login":{"uuid":"d99239ce-5f80-4943-8bf0-c92c2a1a8d90","username":"whitebear812","password":"rene","salt":"u0GaLqpa","md5":"c805c6fd9b947738a6b5942a45588934","sha1":"14892b2e6096c25ae14fe80a7573b9766fc3eb6f","sha256":"fdc634fd5503c6ef56b2e4ae0d5eee4d354e1909cb20a98fadc9f708b373feb0"},"dob":{"date":"1979-06-19T23:59:08.560Z","age":44},"registered":{"date":"2005-05-19T17:17:46.998Z","age":18},"phone":"(067) R06-5850","cell":"(096) M30-9842","id":{"name":"","value":null},"picture":{"large":"https://randomuser.me/api/portraits/men/77.jpg","medium":"https://randomuser.me/api/portraits/med/men/77.jpg","thumbnail":"https://randomuser.me/api/portraits/thumb/men/77.jpg"},"nat":"UA"}],"info":{"seed":"8403a56dd4505798","results":1,"page":1,"version":"1.4"}} 
 </msg>
<msg time="2024-03-29T01:52:03.997297" level="INFO">/opt/hostedtoolcache/Python/3.12.2/x64/lib/python3.12/site-packages/urllib3/connectionpool.py:1103: InsecureRequestWarning: Unverified HTTPS request is being made to host 'randomuser.me'. Adding certificate verification is strongly advised. See: https://urllib3.readthedocs.io/en/latest/advanced-usage.html#tls-warnings
  warnings.warn(</msg>
<msg time="2024-03-29T01:52:03.997422" level="INFO">${response} = &lt;Response [200]&gt;</msg>
<var>${response}</var>
<arg>consultarAPI</arg>
<arg>/api</arg>
<doc>Sends a GET request on a previously created HTTP Session.</doc>
<status status="PASS" start="2024-03-29T01:52:03.892402" elapsed="0.105049"/>
</kw>
<kw name="Set Variable" owner="BuiltIn">
<msg time="2024-03-29T01:52:03.998577" level="INFO">${json_data} = {'results': [{'gender': 'male', 'name': {'title': 'Mr', 'first': 'Soncedar', 'last': 'Melnichenko'}, 'location': {'street': {'number': 1363, 'name': 'Glibochickiy provulok'}, 'city': 'Mukachevo', 'sta...</msg>
<var>${json_data}</var>
<arg>${response.json()}</arg>
<doc>Returns the given values which can then be assigned to a variables.</doc>
<status status="PASS" start="2024-03-29T01:52:03.998049" elapsed="0.000563"/>
</kw>
<kw name="Set Variable" owner="BuiltIn">
<msg time="2024-03-29T01:52:03.999305" level="INFO">${name_title} = Mr</msg>
<var>${name_title}</var>
<arg>${json_data["results"][0]["name"]["title"]}</arg>
<doc>Returns the given values which can then be assigned to a variables.</doc>
<status status="PASS" start="2024-03-29T01:52:03.998922" elapsed="0.000408"/>
</kw>
<kw name="Create List" owner="BuiltIn">
<msg time="2024-03-29T01:52:03.999783" level="INFO">${allowed_titles} = ['Mr', 'Ms', 'Miss', 'Mrs', 'Madame', 'Monsieur']</msg>
<var>${allowed_titles}</var>
<arg>Mr</arg>
<arg>Ms</arg>
<arg>Miss</arg>
<arg>Mrs</arg>
<arg>Madame</arg>
<arg>Monsieur</arg>
<doc>Returns a list containing given items.</doc>
<status status="PASS" start="2024-03-29T01:52:03.999634" elapsed="0.000174"/>
</kw>
<kw name="List Should Contain Value" owner="Collections">
<msg time="2024-03-29T01:52:04.000291" level="INFO">False</msg>
<arg>${allowed_titles}</arg>
<arg>${name_title}</arg>
<doc>Fails if the ``value`` is not found from ``list``.</doc>
<status status="PASS" start="2024-03-29T01:52:04.000115" elapsed="0.000213"/>
</kw>
<kw name="Set Variable" owner="BuiltIn">
<msg time="2024-03-29T01:52:04.000993" level="INFO">${name_country} = UA</msg>
<var>${name_country}</var>
<arg>${json_data["results"][0]["nat"]}</arg>
<doc>Returns the given values which can then be assigned to a variables.</doc>
<status status="PASS" start="2024-03-29T01:52:04.000621" elapsed="0.000396"/>
</kw>
<kw name="Create List" owner="BuiltIn">
<msg time="2024-03-29T01:52:04.001975" level="INFO">${list_country} = ['AD', 'AE', 'AF', 'AG', 'AI', 'AL', 'AM', 'AO', 'AQ', 'AR', 'AS', 'AT', 'AU', 'AW', 'AX', 'AZ', 'BA', 'BB', 'BD', 'BE', 'BF', 'BG', 'BH', 'BI', 'BJ', 'BL', 'BM', 'BN', 'BO', 'BQ', 'BR', 'BS', 'BT', '...</msg>
<var>${list_country}</var>
<arg>AD</arg>
<arg>AE</arg>
<arg>AF</arg>
<arg>AG</arg>
<arg>AI</arg>
<arg>AL</arg>
<arg>AM</arg>
<arg>AO</arg>
<arg>AQ</arg>
<arg>AR</arg>
<arg>AS</arg>
<arg>AT</arg>
<arg>AU</arg>
<arg>AW</arg>
<arg>AX</arg>
<arg>AZ</arg>
<arg>BA</arg>
<arg>BB</arg>
<arg>BD</arg>
<arg>BE</arg>
<arg>BF</arg>
<arg>BG</arg>
<arg>BH</arg>
<arg>BI</arg>
<arg>BJ</arg>
<arg>BL</arg>
<arg>BM</arg>
<arg>BN</arg>
<arg>BO</arg>
<arg>BQ</arg>
<arg>BR</arg>
<arg>BS</arg>
<arg>BT</arg>
<arg>BV</arg>
<arg>BW</arg>
<arg>BY</arg>
<arg>BZ</arg>
<arg>CA</arg>
<arg>CC</arg>
<arg>CD</arg>
<arg>CF</arg>
<arg>CG</arg>
<arg>CH</arg>
<arg>CI</arg>
<arg>CK</arg>
<arg>CL</arg>
<arg>CM</arg>
<arg>CN</arg>
<arg>CO</arg>
<arg>CR</arg>
<arg>CU</arg>
<arg>CV</arg>
<arg>CW</arg>
<arg>CX</arg>
<arg>CY</arg>
<arg>CZ</arg>
<arg>DE</arg>
<arg>DJ</arg>
<arg>DK</arg>
<arg>DM</arg>
<arg>DO</arg>
<arg>DZ</arg>
<arg>EC</arg>
<arg>EE</arg>
<arg>EG</arg>
<arg>EH</arg>
<arg>ER</arg>
<arg>ES</arg>
<arg>ET</arg>
<arg>FI</arg>
<arg>FJ</arg>
<arg>FK</arg>
<arg>FM</arg>
<arg>FO</arg>
<arg>FR</arg>
<arg>GA</arg>
<arg>GB</arg>
<arg>GD</arg>
<arg>GE</arg>
<arg>GF</arg>
<arg>GG</arg>
<arg>GH</arg>
<arg>GI</arg>
<arg>GL</arg>
<arg>GM</arg>
<arg>GN</arg>
<arg>GP</arg>
<arg>GQ</arg>
<arg>GR</arg>
<arg>GS</arg>
<arg>GT</arg>
<arg>GU</arg>
<arg>GW</arg>
<arg>GY</arg>
<arg>HK</arg>
<arg>HM</arg>
<arg>HN</arg>
<arg>HR</arg>
<arg>HT</arg>
<arg>HU</arg>
<arg>ID</arg>
<arg>IE</arg>
<arg>IL</arg>
<arg>IM</arg>
<arg>IN</arg>
<arg>IO</arg>
<arg>IQ</arg>
<arg>IR</arg>
<arg>IS</arg>
<arg>IT</arg>
<arg>JE</arg>
<arg>JM</arg>
<arg>JO</arg>
<arg>JP</arg>
<arg>KE</arg>
<arg>KG</arg>
<arg>KH</arg>
<arg>KI</arg>
<arg>KM</arg>
<arg>KN</arg>
<arg>KP</arg>
<arg>KR</arg>
<arg>KW</arg>
<arg>KY</arg>
<arg>KZ</arg>
<arg>LA</arg>
<arg>LB</arg>
<arg>LC</arg>
<arg>LI</arg>
<arg>LK</arg>
<arg>LR</arg>
<arg>LS</arg>
<arg>LT</arg>
<arg>LU</arg>
<arg>LV</arg>
<arg>LY</arg>
<arg>MA</arg>
<arg>MC</arg>
<arg>MD</arg>
<arg>ME</arg>
<arg>MF</arg>
<arg>MG</arg>
<arg>MH</arg>
<arg>MK</arg>
<arg>ML</arg>
<arg>MM</arg>
<arg>MN</arg>
<arg>MO</arg>
<arg>MP</arg>
<arg>MQ</arg>
<arg>MR</arg>
<arg>MS</arg>
<arg>MT</arg>
<arg>MU</arg>
<arg>MV</arg>
<arg>MW</arg>
<arg>MX</arg>
<arg>MY</arg>
<arg>MZ</arg>
<arg>NA</arg>
<arg>NC</arg>
<arg>NE</arg>
<arg>NF</arg>
<arg>NG</arg>
<arg>NI</arg>
<arg>NL</arg>
<arg>NO</arg>
<arg>NP</arg>
<arg>NR</arg>
<arg>NU</arg>
<arg>NZ</arg>
<arg>OM</arg>
<arg>PA</arg>
<arg>PE</arg>
<arg>PF</arg>
<arg>PG</arg>
<arg>PH</arg>
<arg>PK</arg>
<arg>PL</arg>
<arg>PM</arg>
<arg>PN</arg>
<arg>PR</arg>
<arg>PS</arg>
<arg>PT</arg>
<arg>PW</arg>
<arg>PY</arg>
<arg>QA</arg>
<arg>RE</arg>
<arg>RO</arg>
<arg>RS</arg>
<arg>RU</arg>
<arg>RW</arg>
<arg>SA</arg>
<arg>SB</arg>
<arg>SC</arg>
<arg>SD</arg>
<arg>SE</arg>
<arg>SG</arg>
<arg>SH</arg>
<arg>SI</arg>
<arg>SJ</arg>
<arg>SK</arg>
<arg>SL</arg>
<arg>SM</arg>
<arg>SN</arg>
<arg>SO</arg>
<arg>SR</arg>
<arg>SS</arg>
<arg>ST</arg>
<arg>SV</arg>
<arg>SX</arg>
<arg>SY</arg>
<arg>SZ</arg>
<arg>TC</arg>
<arg>TD</arg>
<arg>TF</arg>
<arg>TG</arg>
<arg>TH</arg>
<arg>TJ</arg>
<arg>TK</arg>
<arg>TL</arg>
<arg>TM</arg>
<arg>TN</arg>
<arg>TO</arg>
<arg>TR</arg>
<arg>TT</arg>
<arg>TV</arg>
<arg>TW</arg>
<arg>TZ</arg>
<arg>UA</arg>
<arg>UG</arg>
<arg>UM</arg>
<arg>US</arg>
<arg>UY</arg>
<arg>UZ</arg>
<arg>VA</arg>
<arg>VC</arg>
<arg>VE</arg>
<arg>VG</arg>
<arg>VI</arg>
<arg>VN</arg>
<arg>VU</arg>
<arg>WF</arg>
<arg>WS</arg>
<arg>XK</arg>
<arg>YE</arg>
<arg>YT</arg>
<arg>ZA</arg>
<arg>ZM</arg>
<arg>ZW</arg>
<doc>Returns a list containing given items.</doc>
<status status="PASS" start="2024-03-29T01:52:04.001322" elapsed="0.000681"/>
</kw>
<kw name="List Should Contain Value" owner="Collections">
<msg time="2024-03-29T01:52:04.003008" level="INFO">False</msg>
<arg>${list_country}</arg>
<arg>${name_country}</arg>
<doc>Fails if the ``value`` is not found from ``list``.</doc>
<status status="PASS" start="2024-03-29T01:52:04.002802" elapsed="0.000243"/>
</kw>
<kw name="Run Keyword If" owner="BuiltIn">
<kw name="Should Be True" owner="BuiltIn">
<arg>${True}</arg>
<doc>Fails if the given condition is not true.</doc>
<status status="PASS" start="2024-03-29T01:52:04.004124" elapsed="0.000264"/>
</kw>
<arg>${json_data["results"][0]["location"]["coordinates"]["latitude"]} &gt;= -90 and ${json_data["results"][0]["location"]["coordinates"]["latitude"]} &lt;= 90</arg>
<arg>Should Be True</arg>
<arg>${True}</arg>
<doc>Runs the given keyword with the given arguments, if ``condition`` is true.</doc>
<status status="PASS" start="2024-03-29T01:52:04.003361" elapsed="0.001160"/>
</kw>
<kw name="Run Keyword If" owner="BuiltIn">
<kw name="Should Be True" owner="BuiltIn">
<arg>${True}</arg>
<doc>Fails if the given condition is not true.</doc>
<status status="PASS" start="2024-03-29T01:52:04.005402" elapsed="0.000141"/>
</kw>
<arg>${json_data["results"][0]["location"]["coordinates"]["longitude"]} &gt;= -180 and ${json_data["results"][0]["location"]["coordinates"]["longitude"]} &lt;= 180</arg>
<arg>Should Be True</arg>
<arg>${True}</arg>
<doc>Runs the given keyword with the given arguments, if ``condition`` is true.</doc>
<status status="PASS" start="2024-03-29T01:52:04.004707" elapsed="0.001008"/>
</kw>
<status status="PASS" start="2024-03-29T01:52:03.892172" elapsed="0.113680"/>
</kw>
<doc>Testa o conteúdo específico dos campos retornados pela API.</doc>
<tag>testeConteudo</tag>
<status status="PASS" start="2024-03-29T01:52:03.891690" elapsed="0.114317"/>
</test>
<status status="PASS" start="2024-03-29T01:52:03.176782" elapsed="0.831312"/>
</suite>
<status status="PASS" start="2024-03-29T01:52:03.162915" elapsed="0.850557"/>
</suite>
<statistics>
<total>
<stat pass="5" fail="0" skip="0">All Tests</stat>
</total>
<tag>
<stat pass="1" fail="0" skip="0">testeConteudo</stat>
<stat pass="1" fail="0" skip="0">testeEstruturaResposta</stat>
<stat pass="1" fail="0" skip="0">testeRequisicaoBasica</stat>
<stat pass="1" fail="0" skip="0">testeTiposDados</stat>
</tag>
<suite>
<stat pass="5" fail="0" skip="0" id="s1" name="Tests">Tests</stat>
<stat pass="5" fail="0" skip="0" id="s1-s1" name="Random-User-Test">Tests.Random-User-Test</stat>
</suite>
</statistics>
<errors>
</errors>
</robot>
