<?xml version="1.0" encoding="UTF-8"?>
<robot generator="Robot 7.0.1 (Python 3.12.4 on linux)" generated="2024-06-24T15:16:36.221508" rpa="false" schemaversion="5">
<suite id="s1" name="Tests" source="/home/runner/work/ApiRandomUser/ApiRandomUser/RamdonUser/tests">
<suite id="s1-s1" name="Random-User-Test" source="/home/runner/work/ApiRandomUser/ApiRandomUser/RamdonUser/tests/random-user-test.robot">
<test id="s1-s1-t1" name="Conectar" line="13">
<kw name="Conectar API" owner="random-user-service">
<kw name="Create Session" owner="RequestsLibrary">
<msg time="2024-06-24T15:16:36.645446" level="INFO">Creating Session using : alias=consultarAPI, url=https://randomuser.me/, headers={},                     cookies={}, auth=None, timeout=None, proxies=None, verify=False,                     debug=0 </msg>
<arg>consultarAPI</arg>
<arg>${URL}</arg>
<doc>Create Session: create a HTTP session to a server</doc>
<status status="PASS" start="2024-06-24T15:16:36.645234" elapsed="0.000405"/>
</kw>
<status status="PASS" start="2024-06-24T15:16:36.644231" elapsed="0.001779"/>
</kw>
<status status="PASS" start="2024-06-24T15:16:36.643581" elapsed="0.002622"/>
</test>
<test id="s1-s1-t2" name="Validar retorno 200 e JSON Válido" line="16">
<kw name="Teste de Requisicao Basica" owner="random-user-service">
<kw name="GET On Session" owner="RequestsLibrary">
<msg time="2024-06-24T15:16:36.837789" level="INFO">GET Request : url=https://randomuser.me/api 
 path_url=/api 
 headers={'User-Agent': 'python-requests/2.32.3', 'Accept-Encoding': 'gzip, deflate', 'Accept': '*/*', 'Connection': 'keep-alive'} 
 body=None 
 </msg>
<msg time="2024-06-24T15:16:36.837956" level="INFO">GET Response : url=https://randomuser.me/api 
 status=200, reason=OK 
 headers={'Date': 'Mon, 24 Jun 2024 15:16:36 GMT', 'Content-Type': 'application/json; charset=utf-8', 'Transfer-Encoding': 'chunked', 'Connection': 'keep-alive', 'X-Powered-By': 'Express', 'Access-Control-Allow-Origin': '*', 'Cache-Control': 'no-cache', 'ETag': 'W/"492-xQN+jkQNkno26cZlBIa/nYAwrpE"', 'Vary': 'Accept-Encoding', 'Content-Encoding': 'gzip', 'CF-Cache-Status': 'DYNAMIC', 'Report-To': '{"endpoints":[{"url":"https:\\/\\/a.nel.cloudflare.com\\/report\\/v4?s=OT6t4%2BHuowtrG3e4mS6Ngep0K8OKX3LXs8fD1OvnyUbUMlq3Fq1Q9MxpEhfEB6SrOnDDcebdizp%2FH%2F4UqwziXSoLE4Q%2BfxE7JqmtPj%2FqqLTLwKY3JTnVMKhNWksXpDan"}],"group":"cf-nel","max_age":604800}', 'NEL': '{"success_fraction":0,"report_to":"cf-nel","max_age":604800}', 'Server': 'cloudflare', 'CF-RAY': '898dae1208a081af-IAD', 'alt-svc': 'h3=":443"; ma=86400'} 
 body={"results":[{"gender":"female","name":{"title":"Mrs","first":"Lucia","last":"Delgado"},"location":{"street":{"number":6584,"name":"Calle de La Almudena"},"city":"Parla","state":"Melilla","country":"Spain","postcode":80679,"coordinates":{"latitude":"-30.6469","longitude":"106.6940"},"timezone":{"offset":"-3:00","description":"Brazil, Buenos Aires, Georgetown"}},"email":"lucia.delgado@example.com","login":{"uuid":"8385a7ac-c461-49d2-ab89-0a1136b0fd79","username":"organicbear700","password":"krista","salt":"qzfL1liT","md5":"a266fea4beaa2261ce52e1a2b9482564","sha1":"3ae543bfe16524915145fa917ea96275f7865d20","sha256":"7ebecd2a14892f31196b6512fc6e24a60994822cd35e46f0e9cc98cd1636354e"},"dob":{"date":"1950-07-27T13:56:18.126Z","age":73},"registered":{"date":"2003-10-27T18:06:40.263Z","age":20},"phone":"947-098-465","cell":"623-911-403","id":{"name":"DNI","value":"91801746-T"},"picture":{"large":"https://randomuser.me/api/portraits/women/21.jpg","medium":"https://randomuser.me/api/portraits/med/women/21.jpg","thumbnail":"https://randomuser.me/api/portraits/thumb/women/21.jpg"},"nat":"ES"}],"info":{"seed":"dd1bb6f7bca8ddad","results":1,"page":1,"version":"1.4"}} 
 </msg>
<msg time="2024-06-24T15:16:36.838047" level="INFO">/opt/hostedtoolcache/Python/3.12.4/x64/lib/python3.12/site-packages/urllib3/connectionpool.py:1099: InsecureRequestWarning: Unverified HTTPS request is being made to host 'randomuser.me'. Adding certificate verification is strongly advised. See: https://urllib3.readthedocs.io/en/latest/advanced-usage.html#tls-warnings
  warnings.warn(</msg>
<msg time="2024-06-24T15:16:36.838225" level="INFO">${response} = &lt;Response [200]&gt;</msg>
<var>${response}</var>
<arg>consultarAPI</arg>
<arg>/api</arg>
<doc>Sends a GET request on a previously created HTTP Session.</doc>
<status status="PASS" start="2024-06-24T15:16:36.648892" elapsed="0.189378"/>
</kw>
<kw name="Should Be Equal As Numbers" owner="BuiltIn">
<msg time="2024-06-24T15:16:36.839339" level="INFO">Argument types are:
&lt;class 'int'&gt;
&lt;class 'str'&gt;</msg>
<arg>${response.status_code}</arg>
<arg>200</arg>
<doc>Fails if objects are unequal after converting them to real numbers.</doc>
<status status="PASS" start="2024-06-24T15:16:36.838851" elapsed="0.000590"/>
</kw>
<kw name="Log" owner="BuiltIn">
<msg time="2024-06-24T15:16:36.840226" level="INFO">200</msg>
<arg>${response.status_code}</arg>
<doc>Logs the given message with the given level.</doc>
<status status="PASS" start="2024-06-24T15:16:36.839839" elapsed="0.000432"/>
</kw>
<kw name="Set Variable" owner="BuiltIn">
<msg time="2024-06-24T15:16:36.841101" level="INFO">${json_data} = {'results': [{'gender': 'female', 'name': {'title': 'Mrs', 'first': 'Lucia', 'last': 'Delgado'}, 'location': {'street': {'number': 6584, 'name': 'Calle de La Almudena'}, 'city': 'Parla', 'state': 'Mel...</msg>
<var>${json_data}</var>
<arg>${response.json()}</arg>
<doc>Returns the given values which can then be assigned to a variables.</doc>
<status status="PASS" start="2024-06-24T15:16:36.840621" elapsed="0.000510"/>
</kw>
<kw name="Dictionary Should Contain Key" owner="Collections">
<arg>${json_data}</arg>
<arg>results</arg>
<doc>Fails if ``key`` is not found from ``dictionary``.</doc>
<status status="PASS" start="2024-06-24T15:16:36.841455" elapsed="0.000180"/>
</kw>
<status status="PASS" start="2024-06-24T15:16:36.648646" elapsed="0.193146"/>
</kw>
<doc>Testa se a API responde corretamente e retorna um objeto JSON válido.</doc>
<tag>testeRequisicaoBasica</tag>
<status status="PASS" start="2024-06-24T15:16:36.648121" elapsed="0.193853"/>
</test>
<test id="s1-s1-t3" name="Validar estrutura de resposta" line="22">
<kw name="Teste de Estrutura de Resposta" owner="random-user-service">
<kw name="GET On Session" owner="RequestsLibrary">
<msg time="2024-06-24T15:16:36.936106" level="INFO">GET Request : url=https://randomuser.me/api 
 path_url=/api 
 headers={'User-Agent': 'python-requests/2.32.3', 'Accept-Encoding': 'gzip, deflate', 'Accept': '*/*', 'Connection': 'keep-alive'} 
 body=None 
 </msg>
<msg time="2024-06-24T15:16:36.936224" level="INFO">GET Response : url=https://randomuser.me/api 
 status=200, reason=OK 
 headers={'Date': 'Mon, 24 Jun 2024 15:16:36 GMT', 'Content-Type': 'application/json; charset=utf-8', 'Transfer-Encoding': 'chunked', 'Connection': 'keep-alive', 'X-Powered-By': 'Express', 'Access-Control-Allow-Origin': '*', 'Cache-Control': 'no-cache', 'ETag': 'W/"47a-461vK9/UjIM8hEr/yGNuD2oz6Dk"', 'Vary': 'Accept-Encoding', 'Content-Encoding': 'gzip', 'CF-Cache-Status': 'DYNAMIC', 'Report-To': '{"endpoints":[{"url":"https:\\/\\/a.nel.cloudflare.com\\/report\\/v4?s=a20qFvexgdAg2NpMnaOTGBKRHrCBbc43RAtq9C5tG%2F65N95%2BWPqqVvTDRf3kyg9z2Yxm%2BnVjYJs2Zzu1wevpw0w0rSb7PhZAj631A012xA32jQJY5f3LbYybjYIQ5DZW"}],"group":"cf-nel","max_age":604800}', 'NEL': '{"success_fraction":0,"report_to":"cf-nel","max_age":604800}', 'Server': 'cloudflare', 'CF-RAY': '898dae12492d81af-IAD', 'alt-svc': 'h3=":443"; ma=86400'} 
 body={"results":[{"gender":"male","name":{"title":"Mr","first":"Hugo","last":"Herrera"},"location":{"street":{"number":1038,"name":"Paseo de Extremadura"},"city":"Logroño","state":"Andalucía","country":"Spain","postcode":28393,"coordinates":{"latitude":"-37.1063","longitude":"-24.0024"},"timezone":{"offset":"-3:30","description":"Newfoundland"}},"email":"hugo.herrera@example.com","login":{"uuid":"7641e703-cacb-438b-9587-6f5330eb5e2a","username":"orangekoala465","password":"epsilon","salt":"WOVSoGQK","md5":"e3972f14c7a053f4379f610347907032","sha1":"5aaab8c350a75307f14a2d420542f32778df9bb3","sha256":"0e9c247bf4b1c5aca86b126d7b4729655936b56915c8e66cd7d9507ee983d342"},"dob":{"date":"1999-09-23T17:37:25.587Z","age":24},"registered":{"date":"2008-11-29T21:46:51.970Z","age":15},"phone":"920-873-916","cell":"667-865-900","id":{"name":"DNI","value":"25149750-K"},"picture":{"large":"https://randomuser.me/api/portraits/men/20.jpg","medium":"https://randomuser.me/api/portraits/med/men/20.jpg","thumbnail":"https://randomuser.me/api/portraits/thumb/men/20.jpg"},"nat":"ES"}],"info":{"seed":"068c067cb2b60981","results":1,"page":1,"version":"1.4"}} 
 </msg>
<msg time="2024-06-24T15:16:36.936372" level="INFO">/opt/hostedtoolcache/Python/3.12.4/x64/lib/python3.12/site-packages/urllib3/connectionpool.py:1099: InsecureRequestWarning: Unverified HTTPS request is being made to host 'randomuser.me'. Adding certificate verification is strongly advised. See: https://urllib3.readthedocs.io/en/latest/advanced-usage.html#tls-warnings
  warnings.warn(</msg>
<msg time="2024-06-24T15:16:36.936547" level="INFO">${response} = &lt;Response [200]&gt;</msg>
<var>${response}</var>
<arg>consultarAPI</arg>
<arg>/api</arg>
<doc>Sends a GET request on a previously created HTTP Session.</doc>
<status status="PASS" start="2024-06-24T15:16:36.844740" elapsed="0.091848"/>
</kw>
<kw name="Set Variable" owner="BuiltIn">
<msg time="2024-06-24T15:16:36.937697" level="INFO">${json_data} = {'results': [{'gender': 'male', 'name': {'title': 'Mr', 'first': 'Hugo', 'last': 'Herrera'}, 'location': {'street': {'number': 1038, 'name': 'Paseo de Extremadura'}, 'city': 'Logroño', 'state': 'Andal...</msg>
<var>${json_data}</var>
<arg>${response.json()}</arg>
<doc>Returns the given values which can then be assigned to a variables.</doc>
<status status="PASS" start="2024-06-24T15:16:36.937131" elapsed="0.000597"/>
</kw>
<kw name="Log" owner="BuiltIn">
<msg time="2024-06-24T15:16:36.938332" level="INFO">{'results': [{'gender': 'male', 'name': {'title': 'Mr', 'first': 'Hugo', 'last': 'Herrera'}, 'location': {'street': {'number': 1038, 'name': 'Paseo de Extremadura'}, 'city': 'Logroño', 'state': 'Andalucía', 'country': 'Spain', 'postcode': 28393, 'coordinates': {'latitude': '-37.1063', 'longitude': '-24.0024'}, 'timezone': {'offset': '-3:30', 'description': 'Newfoundland'}}, 'email': 'hugo.herrera@example.com', 'login': {'uuid': '7641e703-cacb-438b-9587-6f5330eb5e2a', 'username': 'orangekoala465', 'password': 'epsilon', 'salt': 'WOVSoGQK', 'md5': 'e3972f14c7a053f4379f610347907032', 'sha1': '5aaab8c350a75307f14a2d420542f32778df9bb3', 'sha256': '0e9c247bf4b1c5aca86b126d7b4729655936b56915c8e66cd7d9507ee983d342'}, 'dob': {'date': '1999-09-23T17:37:25.587Z', 'age': 24}, 'registered': {'date': '2008-11-29T21:46:51.970Z', 'age': 15}, 'phone': '920-873-916', 'cell': '667-865-900', 'id': {'name': 'DNI', 'value': '25149750-K'}, 'picture': {'large': 'https://randomuser.me/api/portraits/men/20.jpg', 'medium': 'https://randomuser.me/api/portraits/med/men/20.jpg', 'thumbnail': 'https://randomuser.me/api/portraits/thumb/men/20.jpg'}, 'nat': 'ES'}], 'info': {'seed': '068c067cb2b60981', 'results': 1, 'page': 1, 'version': '1.4'}}</msg>
<arg>${json_data}</arg>
<doc>Logs the given message with the given level.</doc>
<status status="PASS" start="2024-06-24T15:16:36.938138" elapsed="0.000254"/>
</kw>
<kw name="Dictionary Should Contain Key" owner="Collections">
<arg>${json_data}</arg>
<arg>results</arg>
<doc>Fails if ``key`` is not found from ``dictionary``.</doc>
<status status="PASS" start="2024-06-24T15:16:36.938728" elapsed="0.000175"/>
</kw>
<kw name="Should Not Be Empty" owner="BuiltIn">
<msg time="2024-06-24T15:16:36.939231" level="INFO">Length is 2.</msg>
<arg>${json_data}</arg>
<doc>Verifies that the given item is not empty.</doc>
<status status="PASS" start="2024-06-24T15:16:36.939097" elapsed="0.000173"/>
</kw>
<kw name="Create List" owner="BuiltIn">
<msg time="2024-06-24T15:16:36.939945" level="INFO">${expected_keys} = ['gender', 'name', 'location', 'email', 'login']</msg>
<var>${expected_keys}</var>
<arg>gender</arg>
<arg>name</arg>
<arg>location</arg>
<arg>email</arg>
<arg>login</arg>
<doc>Returns a list containing given items.</doc>
<status status="PASS" start="2024-06-24T15:16:36.939611" elapsed="0.000359"/>
</kw>
<for flavor="IN">
<iter>
<kw name="Dictionary Should Contain Key" owner="Collections">
<arg>${json_data['results'][0]}</arg>
<arg>${key}</arg>
<doc>Fails if ``key`` is not found from ``dictionary``.</doc>
<status status="PASS" start="2024-06-24T15:16:36.940595" elapsed="0.000427"/>
</kw>
<kw name="Log" owner="BuiltIn">
<msg time="2024-06-24T15:16:36.941599" level="INFO">{'gender': 'male', 'name': {'title': 'Mr', 'first': 'Hugo', 'last': 'Herrera'}, 'location': {'street': {'number': 1038, 'name': 'Paseo de Extremadura'}, 'city': 'Logroño', 'state': 'Andalucía', 'country': 'Spain', 'postcode': 28393, 'coordinates': {'latitude': '-37.1063', 'longitude': '-24.0024'}, 'timezone': {'offset': '-3:30', 'description': 'Newfoundland'}}, 'email': 'hugo.herrera@example.com', 'login': {'uuid': '7641e703-cacb-438b-9587-6f5330eb5e2a', 'username': 'orangekoala465', 'password': 'epsilon', 'salt': 'WOVSoGQK', 'md5': 'e3972f14c7a053f4379f610347907032', 'sha1': '5aaab8c350a75307f14a2d420542f32778df9bb3', 'sha256': '0e9c247bf4b1c5aca86b126d7b4729655936b56915c8e66cd7d9507ee983d342'}, 'dob': {'date': '1999-09-23T17:37:25.587Z', 'age': 24}, 'registered': {'date': '2008-11-29T21:46:51.970Z', 'age': 15}, 'phone': '920-873-916', 'cell': '667-865-900', 'id': {'name': 'DNI', 'value': '25149750-K'}, 'picture': {'large': 'https://randomuser.me/api/portraits/men/20.jpg', 'medium': 'https://randomuser.me/api/portraits/med/men/20.jpg', 'thumbnail': 'https://randomuser.me/api/portraits/thumb/men/20.jpg'}, 'nat': 'ES'}</msg>
<arg>${json_data['results'][0]}</arg>
<doc>Logs the given message with the given level.</doc>
<status status="PASS" start="2024-06-24T15:16:36.941218" elapsed="0.000432"/>
</kw>
<kw name="Log" owner="BuiltIn">
<msg time="2024-06-24T15:16:36.942113" level="INFO">gender</msg>
<arg>${key}</arg>
<doc>Logs the given message with the given level.</doc>
<status status="PASS" start="2024-06-24T15:16:36.941983" elapsed="0.000169"/>
</kw>
<var name="${key}">gender</var>
<status status="PASS" start="2024-06-24T15:16:36.940464" elapsed="0.001913"/>
</iter>
<iter>
<kw name="Dictionary Should Contain Key" owner="Collections">
<arg>${json_data['results'][0]}</arg>
<arg>${key}</arg>
<doc>Fails if ``key`` is not found from ``dictionary``.</doc>
<status status="PASS" start="2024-06-24T15:16:36.942693" elapsed="0.000394"/>
</kw>
<kw name="Log" owner="BuiltIn">
<msg time="2024-06-24T15:16:36.943677" level="INFO">{'gender': 'male', 'name': {'title': 'Mr', 'first': 'Hugo', 'last': 'Herrera'}, 'location': {'street': {'number': 1038, 'name': 'Paseo de Extremadura'}, 'city': 'Logroño', 'state': 'Andalucía', 'country': 'Spain', 'postcode': 28393, 'coordinates': {'latitude': '-37.1063', 'longitude': '-24.0024'}, 'timezone': {'offset': '-3:30', 'description': 'Newfoundland'}}, 'email': 'hugo.herrera@example.com', 'login': {'uuid': '7641e703-cacb-438b-9587-6f5330eb5e2a', 'username': 'orangekoala465', 'password': 'epsilon', 'salt': 'WOVSoGQK', 'md5': 'e3972f14c7a053f4379f610347907032', 'sha1': '5aaab8c350a75307f14a2d420542f32778df9bb3', 'sha256': '0e9c247bf4b1c5aca86b126d7b4729655936b56915c8e66cd7d9507ee983d342'}, 'dob': {'date': '1999-09-23T17:37:25.587Z', 'age': 24}, 'registered': {'date': '2008-11-29T21:46:51.970Z', 'age': 15}, 'phone': '920-873-916', 'cell': '667-865-900', 'id': {'name': 'DNI', 'value': '25149750-K'}, 'picture': {'large': 'https://randomuser.me/api/portraits/men/20.jpg', 'medium': 'https://randomuser.me/api/portraits/med/men/20.jpg', 'thumbnail': 'https://randomuser.me/api/portraits/thumb/men/20.jpg'}, 'nat': 'ES'}</msg>
<arg>${json_data['results'][0]}</arg>
<doc>Logs the given message with the given level.</doc>
<status status="PASS" start="2024-06-24T15:16:36.943275" elapsed="0.000486"/>
</kw>
<kw name="Log" owner="BuiltIn">
<msg time="2024-06-24T15:16:36.944195" level="INFO">name</msg>
<arg>${key}</arg>
<doc>Logs the given message with the given level.</doc>
<status status="PASS" start="2024-06-24T15:16:36.944065" elapsed="0.000168"/>
</kw>
<var name="${key}">name</var>
<status status="PASS" start="2024-06-24T15:16:36.942576" elapsed="0.001876"/>
</iter>
<iter>
<kw name="Dictionary Should Contain Key" owner="Collections">
<arg>${json_data['results'][0]}</arg>
<arg>${key}</arg>
<doc>Fails if ``key`` is not found from ``dictionary``.</doc>
<status status="PASS" start="2024-06-24T15:16:36.944751" elapsed="0.000392"/>
</kw>
<kw name="Log" owner="BuiltIn">
<msg time="2024-06-24T15:16:36.945686" level="INFO">{'gender': 'male', 'name': {'title': 'Mr', 'first': 'Hugo', 'last': 'Herrera'}, 'location': {'street': {'number': 1038, 'name': 'Paseo de Extremadura'}, 'city': 'Logroño', 'state': 'Andalucía', 'country': 'Spain', 'postcode': 28393, 'coordinates': {'latitude': '-37.1063', 'longitude': '-24.0024'}, 'timezone': {'offset': '-3:30', 'description': 'Newfoundland'}}, 'email': 'hugo.herrera@example.com', 'login': {'uuid': '7641e703-cacb-438b-9587-6f5330eb5e2a', 'username': 'orangekoala465', 'password': 'epsilon', 'salt': 'WOVSoGQK', 'md5': 'e3972f14c7a053f4379f610347907032', 'sha1': '5aaab8c350a75307f14a2d420542f32778df9bb3', 'sha256': '0e9c247bf4b1c5aca86b126d7b4729655936b56915c8e66cd7d9507ee983d342'}, 'dob': {'date': '1999-09-23T17:37:25.587Z', 'age': 24}, 'registered': {'date': '2008-11-29T21:46:51.970Z', 'age': 15}, 'phone': '920-873-916', 'cell': '667-865-900', 'id': {'name': 'DNI', 'value': '25149750-K'}, 'picture': {'large': 'https://randomuser.me/api/portraits/men/20.jpg', 'medium': 'https://randomuser.me/api/portraits/med/men/20.jpg', 'thumbnail': 'https://randomuser.me/api/portraits/thumb/men/20.jpg'}, 'nat': 'ES'}</msg>
<arg>${json_data['results'][0]}</arg>
<doc>Logs the given message with the given level.</doc>
<status status="PASS" start="2024-06-24T15:16:36.945325" elapsed="0.000419"/>
</kw>
<kw name="Log" owner="BuiltIn">
<msg time="2024-06-24T15:16:36.946170" level="INFO">location</msg>
<arg>${key}</arg>
<doc>Logs the given message with the given level.</doc>
<status status="PASS" start="2024-06-24T15:16:36.946041" elapsed="0.000167"/>
</kw>
<var name="${key}">location</var>
<status status="PASS" start="2024-06-24T15:16:36.944639" elapsed="0.001788"/>
</iter>
<iter>
<kw name="Dictionary Should Contain Key" owner="Collections">
<arg>${json_data['results'][0]}</arg>
<arg>${key}</arg>
<doc>Fails if ``key`` is not found from ``dictionary``.</doc>
<status status="PASS" start="2024-06-24T15:16:36.946720" elapsed="0.000382"/>
</kw>
<kw name="Log" owner="BuiltIn">
<msg time="2024-06-24T15:16:36.947689" level="INFO">{'gender': 'male', 'name': {'title': 'Mr', 'first': 'Hugo', 'last': 'Herrera'}, 'location': {'street': {'number': 1038, 'name': 'Paseo de Extremadura'}, 'city': 'Logroño', 'state': 'Andalucía', 'country': 'Spain', 'postcode': 28393, 'coordinates': {'latitude': '-37.1063', 'longitude': '-24.0024'}, 'timezone': {'offset': '-3:30', 'description': 'Newfoundland'}}, 'email': 'hugo.herrera@example.com', 'login': {'uuid': '7641e703-cacb-438b-9587-6f5330eb5e2a', 'username': 'orangekoala465', 'password': 'epsilon', 'salt': 'WOVSoGQK', 'md5': 'e3972f14c7a053f4379f610347907032', 'sha1': '5aaab8c350a75307f14a2d420542f32778df9bb3', 'sha256': '0e9c247bf4b1c5aca86b126d7b4729655936b56915c8e66cd7d9507ee983d342'}, 'dob': {'date': '1999-09-23T17:37:25.587Z', 'age': 24}, 'registered': {'date': '2008-11-29T21:46:51.970Z', 'age': 15}, 'phone': '920-873-916', 'cell': '667-865-900', 'id': {'name': 'DNI', 'value': '25149750-K'}, 'picture': {'large': 'https://randomuser.me/api/portraits/men/20.jpg', 'medium': 'https://randomuser.me/api/portraits/med/men/20.jpg', 'thumbnail': 'https://randomuser.me/api/portraits/thumb/men/20.jpg'}, 'nat': 'ES'}</msg>
<arg>${json_data['results'][0]}</arg>
<doc>Logs the given message with the given level.</doc>
<status status="PASS" start="2024-06-24T15:16:36.947288" elapsed="0.000458"/>
</kw>
<kw name="Log" owner="BuiltIn">
<msg time="2024-06-24T15:16:36.948174" level="INFO">email</msg>
<arg>${key}</arg>
<doc>Logs the given message with the given level.</doc>
<status status="PASS" start="2024-06-24T15:16:36.948047" elapsed="0.000165"/>
</kw>
<var name="${key}">email</var>
<status status="PASS" start="2024-06-24T15:16:36.946609" elapsed="0.001816"/>
</iter>
<iter>
<kw name="Dictionary Should Contain Key" owner="Collections">
<arg>${json_data['results'][0]}</arg>
<arg>${key}</arg>
<doc>Fails if ``key`` is not found from ``dictionary``.</doc>
<status status="PASS" start="2024-06-24T15:16:36.948707" elapsed="0.000395"/>
</kw>
<kw name="Log" owner="BuiltIn">
<msg time="2024-06-24T15:16:36.949641" level="INFO">{'gender': 'male', 'name': {'title': 'Mr', 'first': 'Hugo', 'last': 'Herrera'}, 'location': {'street': {'number': 1038, 'name': 'Paseo de Extremadura'}, 'city': 'Logroño', 'state': 'Andalucía', 'country': 'Spain', 'postcode': 28393, 'coordinates': {'latitude': '-37.1063', 'longitude': '-24.0024'}, 'timezone': {'offset': '-3:30', 'description': 'Newfoundland'}}, 'email': 'hugo.herrera@example.com', 'login': {'uuid': '7641e703-cacb-438b-9587-6f5330eb5e2a', 'username': 'orangekoala465', 'password': 'epsilon', 'salt': 'WOVSoGQK', 'md5': 'e3972f14c7a053f4379f610347907032', 'sha1': '5aaab8c350a75307f14a2d420542f32778df9bb3', 'sha256': '0e9c247bf4b1c5aca86b126d7b4729655936b56915c8e66cd7d9507ee983d342'}, 'dob': {'date': '1999-09-23T17:37:25.587Z', 'age': 24}, 'registered': {'date': '2008-11-29T21:46:51.970Z', 'age': 15}, 'phone': '920-873-916', 'cell': '667-865-900', 'id': {'name': 'DNI', 'value': '25149750-K'}, 'picture': {'large': 'https://randomuser.me/api/portraits/men/20.jpg', 'medium': 'https://randomuser.me/api/portraits/med/men/20.jpg', 'thumbnail': 'https://randomuser.me/api/portraits/thumb/men/20.jpg'}, 'nat': 'ES'}</msg>
<arg>${json_data['results'][0]}</arg>
<doc>Logs the given message with the given level.</doc>
<status status="PASS" start="2024-06-24T15:16:36.949293" elapsed="0.000405"/>
</kw>
<kw name="Log" owner="BuiltIn">
<msg time="2024-06-24T15:16:36.950122" level="INFO">login</msg>
<arg>${key}</arg>
<doc>Logs the given message with the given level.</doc>
<status status="PASS" start="2024-06-24T15:16:36.949995" elapsed="0.000166"/>
</kw>
<var name="${key}">login</var>
<status status="PASS" start="2024-06-24T15:16:36.948599" elapsed="0.001775"/>
</iter>
<var>${key}</var>
<value>@{expected_keys}</value>
<status status="PASS" start="2024-06-24T15:16:36.940253" elapsed="0.010239"/>
</for>
<kw name="Create List" owner="BuiltIn">
<msg time="2024-06-24T15:16:36.950867" level="INFO">${expected_keysTwo} = ['username', 'password']</msg>
<var>${expected_keysTwo}</var>
<arg>username</arg>
<arg>password</arg>
<doc>Returns a list containing given items.</doc>
<status status="PASS" start="2024-06-24T15:16:36.950689" elapsed="0.000229"/>
</kw>
<for flavor="IN">
<iter>
<kw name="Dictionary Should Contain Key" owner="Collections">
<arg>${json_data['results'][0]['login']}</arg>
<arg>${keyTwo}</arg>
<doc>Fails if ``key`` is not found from ``dictionary``.</doc>
<status status="PASS" start="2024-06-24T15:16:36.951723" elapsed="0.000618"/>
</kw>
<kw name="Dictionary Should Contain Key" owner="Collections">
<arg>${json_data['results'][0]['login']}</arg>
<arg>${keyTwo}</arg>
<doc>Fails if ``key`` is not found from ``dictionary``.</doc>
<status status="PASS" start="2024-06-24T15:16:36.952596" elapsed="0.000387"/>
</kw>
<kw name="Log" owner="BuiltIn">
<msg time="2024-06-24T15:16:36.953286" level="INFO">username</msg>
<arg>${keyTwo}</arg>
<doc>Logs the given message with the given level.</doc>
<status status="PASS" start="2024-06-24T15:16:36.953165" elapsed="0.000159"/>
</kw>
<var name="${keyTwo}">username</var>
<status status="PASS" start="2024-06-24T15:16:36.951560" elapsed="0.001993"/>
</iter>
<iter>
<kw name="Dictionary Should Contain Key" owner="Collections">
<arg>${json_data['results'][0]['login']}</arg>
<arg>${keyTwo}</arg>
<doc>Fails if ``key`` is not found from ``dictionary``.</doc>
<status status="PASS" start="2024-06-24T15:16:36.953837" elapsed="0.000392"/>
</kw>
<kw name="Dictionary Should Contain Key" owner="Collections">
<arg>${json_data['results'][0]['login']}</arg>
<arg>${keyTwo}</arg>
<doc>Fails if ``key`` is not found from ``dictionary``.</doc>
<status status="PASS" start="2024-06-24T15:16:36.954413" elapsed="0.000376"/>
</kw>
<kw name="Log" owner="BuiltIn">
<msg time="2024-06-24T15:16:36.955087" level="INFO">password</msg>
<arg>${keyTwo}</arg>
<doc>Logs the given message with the given level.</doc>
<status status="PASS" start="2024-06-24T15:16:36.954968" elapsed="0.000155"/>
</kw>
<var name="${keyTwo}">password</var>
<status status="PASS" start="2024-06-24T15:16:36.953729" elapsed="0.001745"/>
</iter>
<var>${keyTwo}</var>
<value>@{expected_keysTwo}</value>
<status status="PASS" start="2024-06-24T15:16:36.951295" elapsed="0.004306"/>
</for>
<status status="PASS" start="2024-06-24T15:16:36.844479" elapsed="0.111268"/>
</kw>
<doc>Testa a estrutura da resposta da API.</doc>
<tag>testeEstruturaResposta</tag>
<status status="PASS" start="2024-06-24T15:16:36.843875" elapsed="0.112030"/>
</test>
<test id="s1-s1-t4" name="Validar tipos de dados" line="28">
<kw name="Teste de Tipos de Dados" owner="random-user-service">
<kw name="GET On Session" owner="RequestsLibrary">
<msg time="2024-06-24T15:16:37.044201" level="INFO">GET Request : url=https://randomuser.me/api 
 path_url=/api 
 headers={'User-Agent': 'python-requests/2.32.3', 'Accept-Encoding': 'gzip, deflate', 'Accept': '*/*', 'Connection': 'keep-alive'} 
 body=None 
 </msg>
<msg time="2024-06-24T15:16:37.044302" level="INFO">GET Response : url=https://randomuser.me/api 
 status=200, reason=OK 
 headers={'Date': 'Mon, 24 Jun 2024 15:16:37 GMT', 'Content-Type': 'application/json; charset=utf-8', 'Transfer-Encoding': 'chunked', 'Connection': 'keep-alive', 'X-Powered-By': 'Express', 'Access-Control-Allow-Origin': '*', 'Cache-Control': 'no-cache', 'ETag': 'W/"46c-6jYw09hLntB/rBiZS1xPNkkIArk"', 'Vary': 'Accept-Encoding', 'Content-Encoding': 'gzip', 'CF-Cache-Status': 'DYNAMIC', 'Report-To': '{"endpoints":[{"url":"https:\\/\\/a.nel.cloudflare.com\\/report\\/v4?s=7PDf3qW74iAGcGApLYbKrr79N%2B2EOS2QzoVFF7KfvmcR6phS%2BEr4CfibaONbOiDNr39oab%2BNFTnjCOhOIFTN3D%2FuC8aDT4q8PfxiA22bdU8kndT3Cff1Olr3xMGsl%2BzN"}],"group":"cf-nel","max_age":604800}', 'NEL': '{"success_fraction":0,"report_to":"cf-nel","max_age":604800}', 'Server': 'cloudflare', 'CF-RAY': '898dae130a9d81af-IAD', 'alt-svc': 'h3=":443"; ma=86400'} 
 body={"results":[{"gender":"male","name":{"title":"Mr","first":"سینا","last":"گلشن"},"location":{"street":{"number":7578,"name":"ستارخان"},"city":"گلستان","state":"تهران","country":"Iran","postcode":13294,"coordinates":{"latitude":"19.8624","longitude":"-104.4464"},"timezone":{"offset":"-3:30","description":"Newfoundland"}},"email":"syn.glshn@example.com","login":{"uuid":"8f4c5f30-a2cf-4cc6-a311-f3aef1106356","username":"bigbird993","password":"chicago","salt":"OiY9VWyi","md5":"04977adbffd693ff6602c56bf893de9b","sha1":"546ec7450d810ce742bb03298bece351de9f6e19","sha256":"bd28f08370b8d13f6ea15f759f9f46cd2c074a3cca8b520ce879c7f85c2132ea"},"dob":{"date":"1957-10-04T15:30:53.194Z","age":66},"registered":{"date":"2015-04-19T09:23:36.836Z","age":9},"phone":"090-00323489","cell":"0916-693-8645","id":{"name":"","value":null},"picture":{"large":"https://randomuser.me/api/portraits/men/88.jpg","medium":"https://randomuser.me/api/portraits/med/men/88.jpg","thumbnail":"https://randomuser.me/api/portraits/thumb/men/88.jpg"},"nat":"IR"}],"info":{"seed":"0283e5e43081adf3","results":1,"page":1,"version":"1.4"}} 
 </msg>
<msg time="2024-06-24T15:16:37.044387" level="INFO">/opt/hostedtoolcache/Python/3.12.4/x64/lib/python3.12/site-packages/urllib3/connectionpool.py:1099: InsecureRequestWarning: Unverified HTTPS request is being made to host 'randomuser.me'. Adding certificate verification is strongly advised. See: https://urllib3.readthedocs.io/en/latest/advanced-usage.html#tls-warnings
  warnings.warn(</msg>
<msg time="2024-06-24T15:16:37.044535" level="INFO">${response} = &lt;Response [200]&gt;</msg>
<var>${response}</var>
<arg>consultarAPI</arg>
<arg>/api</arg>
<doc>Sends a GET request on a previously created HTTP Session.</doc>
<status status="PASS" start="2024-06-24T15:16:36.958524" elapsed="0.086053"/>
</kw>
<kw name="Set Variable" owner="BuiltIn">
<msg time="2024-06-24T15:16:37.045684" level="INFO">${json_data} = {'results': [{'gender': 'male', 'name': {'title': 'Mr', 'first': 'سینا', 'last': 'گلشن'}, 'location': {'street': {'number': 7578, 'name': 'ستارخان'}, 'city': 'گلستان', 'state': 'تهران', 'country': 'Ir...</msg>
<var>${json_data}</var>
<arg>${response.json()}</arg>
<doc>Returns the given values which can then be assigned to a variables.</doc>
<status status="PASS" start="2024-06-24T15:16:37.045129" elapsed="0.000586"/>
</kw>
<kw name="Log" owner="BuiltIn">
<msg time="2024-06-24T15:16:37.046264" level="INFO">{'results': [{'gender': 'male', 'name': {'title': 'Mr', 'first': 'سینا', 'last': 'گلشن'}, 'location': {'street': {'number': 7578, 'name': 'ستارخان'}, 'city': 'گلستان', 'state': 'تهران', 'country': 'Iran', 'postcode': 13294, 'coordinates': {'latitude': '19.8624', 'longitude': '-104.4464'}, 'timezone': {'offset': '-3:30', 'description': 'Newfoundland'}}, 'email': 'syn.glshn@example.com', 'login': {'uuid': '8f4c5f30-a2cf-4cc6-a311-f3aef1106356', 'username': 'bigbird993', 'password': 'chicago', 'salt': 'OiY9VWyi', 'md5': '04977adbffd693ff6602c56bf893de9b', 'sha1': '546ec7450d810ce742bb03298bece351de9f6e19', 'sha256': 'bd28f08370b8d13f6ea15f759f9f46cd2c074a3cca8b520ce879c7f85c2132ea'}, 'dob': {'date': '1957-10-04T15:30:53.194Z', 'age': 66}, 'registered': {'date': '2015-04-19T09:23:36.836Z', 'age': 9}, 'phone': '090-00323489', 'cell': '0916-693-8645', 'id': {'name': '', 'value': None}, 'picture': {'large': 'https://randomuser.me/api/portraits/men/88.jpg', 'medium': 'https://randomuser.me/api/portraits/med/men/88.jpg', 'thumbnail': 'https://randomuser.me/api/portraits/thumb/men/88.jpg'}, 'nat': 'IR'}], 'info': {'seed': '0283e5e43081adf3', 'results': 1, 'page': 1, 'version': '1.4'}}</msg>
<arg>${json_data}</arg>
<doc>Logs the given message with the given level.</doc>
<status status="PASS" start="2024-06-24T15:16:37.046088" elapsed="0.000228"/>
</kw>
<kw name="Should Be String" owner="String">
<arg>${json_data['results'][0]['gender']}</arg>
<doc>Fails if the given ``item`` is not a string.</doc>
<status status="PASS" start="2024-06-24T15:16:37.046636" elapsed="0.000397"/>
</kw>
<kw name="Should Match Regexp" owner="BuiltIn">
<arg>${json_data['results'][0]['email']}</arg>
<arg>^[a-zA-Z0-9._%+-]+@[a-zA-Z0-9.-]+\.[a-zA-Z]{2,}$</arg>
<doc>Fails if ``string`` does not match ``pattern`` as a regular expression.</doc>
<status status="PASS" start="2024-06-24T15:16:37.047233" elapsed="0.000582"/>
</kw>
<kw name="Should Match Regexp" owner="BuiltIn">
<arg>${json_data['results'][0]['dob']['date']}</arg>
<arg>\\d{4}-\\d{2}-\\d{2}T\\d{2}:\\d{2}:\\d{2}\\.\\d{3}Z</arg>
<doc>Fails if ``string`` does not match ``pattern`` as a regular expression.</doc>
<status status="PASS" start="2024-06-24T15:16:37.048058" elapsed="0.000500"/>
</kw>
<kw name="Should Match Regexp" owner="BuiltIn">
<arg>${json_data['results'][0]['registered']['date']}</arg>
<arg>\\d{4}-\\d{2}-\\d{2}T\\d{2}:\\d{2}:\\d{2}\\.\\d{3}Z</arg>
<doc>Fails if ``string`` does not match ``pattern`` as a regular expression.</doc>
<status status="PASS" start="2024-06-24T15:16:37.048751" elapsed="0.000378"/>
</kw>
<kw name="Should Match Regexp" owner="BuiltIn">
<arg>${json_data['results'][0]['picture']['large']}</arg>
<arg>^https?://.*\.(?:png|jpe?g|gif|bmp)$</arg>
<doc>Fails if ``string`` does not match ``pattern`` as a regular expression.</doc>
<status status="PASS" start="2024-06-24T15:16:37.049318" elapsed="0.000462"/>
</kw>
<kw name="Should Match Regexp" owner="BuiltIn">
<arg>${json_data['results'][0]['picture']['medium']}</arg>
<arg>^https?://.*\.(?:png|jpe?g|gif|bmp)$</arg>
<doc>Fails if ``string`` does not match ``pattern`` as a regular expression.</doc>
<status status="PASS" start="2024-06-24T15:16:37.049967" elapsed="0.000348"/>
</kw>
<kw name="Should Match Regexp" owner="BuiltIn">
<arg>${json_data['results'][0]['picture']['thumbnail']}</arg>
<arg>^https?://.*\.(?:png|jpe?g|gif|bmp)$</arg>
<doc>Fails if ``string`` does not match ``pattern`` as a regular expression.</doc>
<status status="PASS" start="2024-06-24T15:16:37.050498" elapsed="0.000354"/>
</kw>
<kw name="Log" owner="BuiltIn">
<msg time="2024-06-24T15:16:37.051370" level="INFO">{'large': 'https://randomuser.me/api/portraits/men/88.jpg', 'medium': 'https://randomuser.me/api/portraits/med/men/88.jpg', 'thumbnail': 'https://randomuser.me/api/portraits/thumb/men/88.jpg'}</msg>
<arg>${json_data['results'][0]['picture']}</arg>
<doc>Logs the given message with the given level.</doc>
<status status="PASS" start="2024-06-24T15:16:37.051050" elapsed="0.000379"/>
</kw>
<status status="PASS" start="2024-06-24T15:16:36.958293" elapsed="0.093409"/>
</kw>
<kw name="Teste de Tipos de Dados - Postcode" owner="random-user-service">
<kw name="GET On Session" owner="RequestsLibrary">
<msg time="2024-06-24T15:16:37.161886" level="INFO">GET Request : url=https://randomuser.me/api 
 path_url=/api 
 headers={'User-Agent': 'python-requests/2.32.3', 'Accept-Encoding': 'gzip, deflate', 'Accept': '*/*', 'Connection': 'keep-alive'} 
 body=None 
 </msg>
<msg time="2024-06-24T15:16:37.161993" level="INFO">GET Response : url=https://randomuser.me/api 
 status=200, reason=OK 
 headers={'Date': 'Mon, 24 Jun 2024 15:16:37 GMT', 'Content-Type': 'application/json; charset=utf-8', 'Transfer-Encoding': 'chunked', 'Connection': 'keep-alive', 'X-Powered-By': 'Express', 'Access-Control-Allow-Origin': '*', 'Cache-Control': 'no-cache', 'ETag': 'W/"499-zMfoR9LUdl9RR0onxyDwfxEBYps"', 'Vary': 'Accept-Encoding', 'Content-Encoding': 'gzip', 'CF-Cache-Status': 'DYNAMIC', 'Report-To': '{"endpoints":[{"url":"https:\\/\\/a.nel.cloudflare.com\\/report\\/v4?s=SM%2Fi0cjCEqbBi1pxq3apuoHwr%2FidDV3FGRYitQa5B2qI94gATWvioTFOYV9JyaRU%2BrOl4L8Q6MvYch8egi4DXu%2BYoKRyQd6CjvxxD8HXoI5%2F2ox2yZzbK5b%2F9TsFcire"}],"group":"cf-nel","max_age":604800}', 'NEL': '{"success_fraction":0,"report_to":"cf-nel","max_age":604800}', 'Server': 'cloudflare', 'CF-RAY': '898dae139b9881af-IAD', 'alt-svc': 'h3=":443"; ma=86400'} 
 body={"results":[{"gender":"male","name":{"title":"Mr","first":"Slawomir","last":"Eßer"},"location":{"street":{"number":6597,"name":"Am Sportplatz"},"city":"Rodewisch","state":"Mecklenburg-Vorpommern","country":"Germany","postcode":59914,"coordinates":{"latitude":"-54.0176","longitude":"-108.8888"},"timezone":{"offset":"-12:00","description":"Eniwetok, Kwajalein"}},"email":"slawomir.esser@example.com","login":{"uuid":"d20a0b78-5b48-4b7b-bcf1-1a08eed71163","username":"yellowbutterfly211","password":"riley","salt":"wRqFTBQR","md5":"f5751ac30814ecdfecf483faca6afc52","sha1":"36bc261e20e18b839d91f2d619cd6b9712609132","sha256":"15c18cb5c889b0e59fba34519f38d80783fbbc523e411c4235010439e4061c86"},"dob":{"date":"1980-07-08T08:32:19.259Z","age":43},"registered":{"date":"2003-04-23T01:19:16.021Z","age":21},"phone":"0888-4014108","cell":"0173-4882614","id":{"name":"SVNR","value":"50 080780 E 136"},"picture":{"large":"https://randomuser.me/api/portraits/men/50.jpg","medium":"https://randomuser.me/api/portraits/med/men/50.jpg","thumbnail":"https://randomuser.me/api/portraits/thumb/men/50.jpg"},"nat":"DE"}],"info":{"seed":"58dba04ebbccaf83","results":1,"page":1,"version":"1.4"}} 
 </msg>
<msg time="2024-06-24T15:16:37.162076" level="INFO">/opt/hostedtoolcache/Python/3.12.4/x64/lib/python3.12/site-packages/urllib3/connectionpool.py:1099: InsecureRequestWarning: Unverified HTTPS request is being made to host 'randomuser.me'. Adding certificate verification is strongly advised. See: https://urllib3.readthedocs.io/en/latest/advanced-usage.html#tls-warnings
  warnings.warn(</msg>
<msg time="2024-06-24T15:16:37.162244" level="INFO">${response} = &lt;Response [200]&gt;</msg>
<var>${response}</var>
<arg>consultarAPI</arg>
<arg>/api</arg>
<doc>Sends a GET request on a previously created HTTP Session.</doc>
<status status="PASS" start="2024-06-24T15:16:37.052165" elapsed="0.110130"/>
</kw>
<kw name="Set Variable" owner="BuiltIn">
<msg time="2024-06-24T15:16:37.163365" level="INFO">${json_data} = {'results': [{'gender': 'male', 'name': {'title': 'Mr', 'first': 'Slawomir', 'last': 'Eßer'}, 'location': {'street': {'number': 6597, 'name': 'Am Sportplatz'}, 'city': 'Rodewisch', 'state': 'Mecklenbu...</msg>
<var>${json_data}</var>
<arg>${response.json()}</arg>
<doc>Returns the given values which can then be assigned to a variables.</doc>
<status status="PASS" start="2024-06-24T15:16:37.162840" elapsed="0.000554"/>
</kw>
<kw name="Log" owner="BuiltIn">
<msg time="2024-06-24T15:16:37.163904" level="INFO">{'results': [{'gender': 'male', 'name': {'title': 'Mr', 'first': 'Slawomir', 'last': 'Eßer'}, 'location': {'street': {'number': 6597, 'name': 'Am Sportplatz'}, 'city': 'Rodewisch', 'state': 'Mecklenburg-Vorpommern', 'country': 'Germany', 'postcode': 59914, 'coordinates': {'latitude': '-54.0176', 'longitude': '-108.8888'}, 'timezone': {'offset': '-12:00', 'description': 'Eniwetok, Kwajalein'}}, 'email': 'slawomir.esser@example.com', 'login': {'uuid': 'd20a0b78-5b48-4b7b-bcf1-1a08eed71163', 'username': 'yellowbutterfly211', 'password': 'riley', 'salt': 'wRqFTBQR', 'md5': 'f5751ac30814ecdfecf483faca6afc52', 'sha1': '36bc261e20e18b839d91f2d619cd6b9712609132', 'sha256': '15c18cb5c889b0e59fba34519f38d80783fbbc523e411c4235010439e4061c86'}, 'dob': {'date': '1980-07-08T08:32:19.259Z', 'age': 43}, 'registered': {'date': '2003-04-23T01:19:16.021Z', 'age': 21}, 'phone': '0888-4014108', 'cell': '0173-4882614', 'id': {'name': 'SVNR', 'value': '50 080780 E 136'}, 'picture': {'large': 'https://randomuser.me/api/portraits/men/50.jpg', 'medium': 'https://randomuser.me/api/portraits/med/men/50.jpg', 'thumbnail': 'https://randomuser.me/api/portraits/thumb/men/50.jpg'}, 'nat': 'DE'}], 'info': {'seed': '58dba04ebbccaf83', 'results': 1, 'page': 1, 'version': '1.4'}}</msg>
<arg>${json_data}</arg>
<doc>Logs the given message with the given level.</doc>
<status status="PASS" start="2024-06-24T15:16:37.163747" elapsed="0.000206"/>
</kw>
<kw name="Should Be Equal As Numbers" owner="BuiltIn">
<arg>${json_data['results'][0]['location']['postcode']}</arg>
<arg>${json_data['results'][0]['location']['postcode']}</arg>
<doc>Fails if objects are unequal after converting them to real numbers.</doc>
<status status="PASS" start="2024-06-24T15:16:37.164249" elapsed="0.000608"/>
</kw>
<kw name="Log" owner="BuiltIn">
<msg time="2024-06-24T15:16:37.165546" level="INFO">59914</msg>
<arg>${json_data['results'][0]['location']['postcode']}</arg>
<doc>Logs the given message with the given level.</doc>
<status status="PASS" start="2024-06-24T15:16:37.165044" elapsed="0.000542"/>
</kw>
<status status="PASS" start="2024-06-24T15:16:37.051933" elapsed="0.113940"/>
</kw>
<doc>Testa se os tipos de dados na resposta da API estão corretos.</doc>
<tag>testeTiposDados</tag>
<status status="PASS" start="2024-06-24T15:16:36.957680" elapsed="0.208364"/>
</test>
<test id="s1-s1-t5" name="Validar conteudo" line="35">
<kw name="Teste de Tipos de Conteudo" owner="random-user-service">
<kw name="GET On Session" owner="RequestsLibrary">
<msg time="2024-06-24T15:16:37.264157" level="INFO">GET Request : url=https://randomuser.me/api 
 path_url=/api 
 headers={'User-Agent': 'python-requests/2.32.3', 'Accept-Encoding': 'gzip, deflate', 'Accept': '*/*', 'Connection': 'keep-alive'} 
 body=None 
 </msg>
<msg time="2024-06-24T15:16:37.264266" level="INFO">GET Response : url=https://randomuser.me/api 
 status=200, reason=OK 
 headers={'Date': 'Mon, 24 Jun 2024 15:16:37 GMT', 'Content-Type': 'application/json; charset=utf-8', 'Transfer-Encoding': 'chunked', 'Connection': 'keep-alive', 'X-Powered-By': 'Express', 'Access-Control-Allow-Origin': '*', 'Cache-Control': 'no-cache', 'ETag': 'W/"48e-aOjpkQ7mz8q3UtWTgXjmp+ux2NA"', 'Vary': 'Accept-Encoding', 'Content-Encoding': 'gzip', 'CF-Cache-Status': 'DYNAMIC', 'Report-To': '{"endpoints":[{"url":"https:\\/\\/a.nel.cloudflare.com\\/report\\/v4?s=NPOXmAG5GfNdlYltudwaBjHq7YU%2FKt2J4mnPL%2BbH%2FX2lwxVrFvkOuLI5IPBI%2FxSm%2F1TsYX9%2BAi%2BepfY5vOF1qP4Yp4P8w9ylKz5krmT%2FPPtsdZHODVc%2BmPb8gMKA8uCp"}],"group":"cf-nel","max_age":604800}', 'NEL': '{"success_fraction":0,"report_to":"cf-nel","max_age":604800}', 'Server': 'cloudflare', 'CF-RAY': '898dae145ccc81af-IAD', 'alt-svc': 'h3=":443"; ma=86400'} 
 body={"results":[{"gender":"male","name":{"title":"Mr","first":"Aidan","last":"Wang"},"location":{"street":{"number":2622,"name":"Wairere Drive"},"city":"Upper Hutt","state":"Waikato","country":"New Zealand","postcode":88699,"coordinates":{"latitude":"52.7053","longitude":"-28.4554"},"timezone":{"offset":"0:00","description":"Western Europe Time, London, Lisbon, Casablanca"}},"email":"aidan.wang@example.com","login":{"uuid":"0d74fddd-34ca-4c78-8152-a18b8c8ba93e","username":"goldencat704","password":"airport","salt":"nsUQUEGb","md5":"94c9468d2cc864dc662ec5ffbc84ff4f","sha1":"32cd55bfc8847d0c8f8da519dd57c08f73cf371a","sha256":"2dcce39b4b2055f3c3550b3a9bb5880ce911a15df9d14c405cd88d460989a34b"},"dob":{"date":"1949-06-23T20:11:59.311Z","age":75},"registered":{"date":"2012-05-08T12:13:01.265Z","age":12},"phone":"(575)-765-2917","cell":"(304)-698-9904","id":{"name":"","value":null},"picture":{"large":"https://randomuser.me/api/portraits/men/74.jpg","medium":"https://randomuser.me/api/portraits/med/men/74.jpg","thumbnail":"https://randomuser.me/api/portraits/thumb/men/74.jpg"},"nat":"NZ"}],"info":{"seed":"f5867805b1969309","results":1,"page":1,"version":"1.4"}} 
 </msg>
<msg time="2024-06-24T15:16:37.264357" level="INFO">/opt/hostedtoolcache/Python/3.12.4/x64/lib/python3.12/site-packages/urllib3/connectionpool.py:1099: InsecureRequestWarning: Unverified HTTPS request is being made to host 'randomuser.me'. Adding certificate verification is strongly advised. See: https://urllib3.readthedocs.io/en/latest/advanced-usage.html#tls-warnings
  warnings.warn(</msg>
<msg time="2024-06-24T15:16:37.264499" level="INFO">${response} = &lt;Response [200]&gt;</msg>
<var>${response}</var>
<arg>consultarAPI</arg>
<arg>/api</arg>
<doc>Sends a GET request on a previously created HTTP Session.</doc>
<status status="PASS" start="2024-06-24T15:16:37.168566" elapsed="0.095975"/>
</kw>
<kw name="Set Variable" owner="BuiltIn">
<msg time="2024-06-24T15:16:37.265551" level="INFO">${json_data} = {'results': [{'gender': 'male', 'name': {'title': 'Mr', 'first': 'Aidan', 'last': 'Wang'}, 'location': {'street': {'number': 2622, 'name': 'Wairere Drive'}, 'city': 'Upper Hutt', 'state': 'Waikato', '...</msg>
<var>${json_data}</var>
<arg>${response.json()}</arg>
<doc>Returns the given values which can then be assigned to a variables.</doc>
<status status="PASS" start="2024-06-24T15:16:37.265046" elapsed="0.000534"/>
</kw>
<kw name="Set Variable" owner="BuiltIn">
<msg time="2024-06-24T15:16:37.266263" level="INFO">${name_title} = Mr</msg>
<var>${name_title}</var>
<arg>${json_data["results"][0]["name"]["title"]}</arg>
<doc>Returns the given values which can then be assigned to a variables.</doc>
<status status="PASS" start="2024-06-24T15:16:37.265886" elapsed="0.000402"/>
</kw>
<kw name="Create List" owner="BuiltIn">
<msg time="2024-06-24T15:16:37.266724" level="INFO">${allowed_titles} = ['Mr', 'Ms', 'Miss', 'Mrs', 'Madame', 'Monsieur']</msg>
<var>${allowed_titles}</var>
<arg>Mr</arg>
<arg>Ms</arg>
<arg>Miss</arg>
<arg>Mrs</arg>
<arg>Madame</arg>
<arg>Monsieur</arg>
<doc>Returns a list containing given items.</doc>
<status status="PASS" start="2024-06-24T15:16:37.266580" elapsed="0.000169"/>
</kw>
<kw name="List Should Contain Value" owner="Collections">
<arg>${allowed_titles}</arg>
<arg>${name_title}</arg>
<doc>Fails if the ``value`` is not found from ``list``.</doc>
<status status="PASS" start="2024-06-24T15:16:37.267049" elapsed="0.000179"/>
</kw>
<kw name="Set Variable" owner="BuiltIn">
<msg time="2024-06-24T15:16:37.267817" level="INFO">${name_country} = NZ</msg>
<var>${name_country}</var>
<arg>${json_data["results"][0]["nat"]}</arg>
<doc>Returns the given values which can then be assigned to a variables.</doc>
<status status="PASS" start="2024-06-24T15:16:37.267406" elapsed="0.000436"/>
</kw>
<kw name="Create List" owner="BuiltIn">
<msg time="2024-06-24T15:16:37.268725" level="INFO">${list_country} = ['AD', 'AE', 'AF', 'AG', 'AI', 'AL', 'AM', 'AO', 'AQ', 'AR', 'AS', 'AT', 'AU', 'AW', 'AX', 'AZ', 'BA', 'BB', 'BD', 'BE', 'BF', 'BG', 'BH', 'BI', 'BJ', 'BL', 'BM', 'BN', 'BO', 'BQ', 'BR', 'BS', 'BT', '...</msg>
<var>${list_country}</var>
<arg>AD</arg>
<arg>AE</arg>
<arg>AF</arg>
<arg>AG</arg>
<arg>AI</arg>
<arg>AL</arg>
<arg>AM</arg>
<arg>AO</arg>
<arg>AQ</arg>
<arg>AR</arg>
<arg>AS</arg>
<arg>AT</arg>
<arg>AU</arg>
<arg>AW</arg>
<arg>AX</arg>
<arg>AZ</arg>
<arg>BA</arg>
<arg>BB</arg>
<arg>BD</arg>
<arg>BE</arg>
<arg>BF</arg>
<arg>BG</arg>
<arg>BH</arg>
<arg>BI</arg>
<arg>BJ</arg>
<arg>BL</arg>
<arg>BM</arg>
<arg>BN</arg>
<arg>BO</arg>
<arg>BQ</arg>
<arg>BR</arg>
<arg>BS</arg>
<arg>BT</arg>
<arg>BV</arg>
<arg>BW</arg>
<arg>BY</arg>
<arg>BZ</arg>
<arg>CA</arg>
<arg>CC</arg>
<arg>CD</arg>
<arg>CF</arg>
<arg>CG</arg>
<arg>CH</arg>
<arg>CI</arg>
<arg>CK</arg>
<arg>CL</arg>
<arg>CM</arg>
<arg>CN</arg>
<arg>CO</arg>
<arg>CR</arg>
<arg>CU</arg>
<arg>CV</arg>
<arg>CW</arg>
<arg>CX</arg>
<arg>CY</arg>
<arg>CZ</arg>
<arg>DE</arg>
<arg>DJ</arg>
<arg>DK</arg>
<arg>DM</arg>
<arg>DO</arg>
<arg>DZ</arg>
<arg>EC</arg>
<arg>EE</arg>
<arg>EG</arg>
<arg>EH</arg>
<arg>ER</arg>
<arg>ES</arg>
<arg>ET</arg>
<arg>FI</arg>
<arg>FJ</arg>
<arg>FK</arg>
<arg>FM</arg>
<arg>FO</arg>
<arg>FR</arg>
<arg>GA</arg>
<arg>GB</arg>
<arg>GD</arg>
<arg>GE</arg>
<arg>GF</arg>
<arg>GG</arg>
<arg>GH</arg>
<arg>GI</arg>
<arg>GL</arg>
<arg>GM</arg>
<arg>GN</arg>
<arg>GP</arg>
<arg>GQ</arg>
<arg>GR</arg>
<arg>GS</arg>
<arg>GT</arg>
<arg>GU</arg>
<arg>GW</arg>
<arg>GY</arg>
<arg>HK</arg>
<arg>HM</arg>
<arg>HN</arg>
<arg>HR</arg>
<arg>HT</arg>
<arg>HU</arg>
<arg>ID</arg>
<arg>IE</arg>
<arg>IL</arg>
<arg>IM</arg>
<arg>IN</arg>
<arg>IO</arg>
<arg>IQ</arg>
<arg>IR</arg>
<arg>IS</arg>
<arg>IT</arg>
<arg>JE</arg>
<arg>JM</arg>
<arg>JO</arg>
<arg>JP</arg>
<arg>KE</arg>
<arg>KG</arg>
<arg>KH</arg>
<arg>KI</arg>
<arg>KM</arg>
<arg>KN</arg>
<arg>KP</arg>
<arg>KR</arg>
<arg>KW</arg>
<arg>KY</arg>
<arg>KZ</arg>
<arg>LA</arg>
<arg>LB</arg>
<arg>LC</arg>
<arg>LI</arg>
<arg>LK</arg>
<arg>LR</arg>
<arg>LS</arg>
<arg>LT</arg>
<arg>LU</arg>
<arg>LV</arg>
<arg>LY</arg>
<arg>MA</arg>
<arg>MC</arg>
<arg>MD</arg>
<arg>ME</arg>
<arg>MF</arg>
<arg>MG</arg>
<arg>MH</arg>
<arg>MK</arg>
<arg>ML</arg>
<arg>MM</arg>
<arg>MN</arg>
<arg>MO</arg>
<arg>MP</arg>
<arg>MQ</arg>
<arg>MR</arg>
<arg>MS</arg>
<arg>MT</arg>
<arg>MU</arg>
<arg>MV</arg>
<arg>MW</arg>
<arg>MX</arg>
<arg>MY</arg>
<arg>MZ</arg>
<arg>NA</arg>
<arg>NC</arg>
<arg>NE</arg>
<arg>NF</arg>
<arg>NG</arg>
<arg>NI</arg>
<arg>NL</arg>
<arg>NO</arg>
<arg>NP</arg>
<arg>NR</arg>
<arg>NU</arg>
<arg>NZ</arg>
<arg>OM</arg>
<arg>PA</arg>
<arg>PE</arg>
<arg>PF</arg>
<arg>PG</arg>
<arg>PH</arg>
<arg>PK</arg>
<arg>PL</arg>
<arg>PM</arg>
<arg>PN</arg>
<arg>PR</arg>
<arg>PS</arg>
<arg>PT</arg>
<arg>PW</arg>
<arg>PY</arg>
<arg>QA</arg>
<arg>RE</arg>
<arg>RO</arg>
<arg>RS</arg>
<arg>RU</arg>
<arg>RW</arg>
<arg>SA</arg>
<arg>SB</arg>
<arg>SC</arg>
<arg>SD</arg>
<arg>SE</arg>
<arg>SG</arg>
<arg>SH</arg>
<arg>SI</arg>
<arg>SJ</arg>
<arg>SK</arg>
<arg>SL</arg>
<arg>SM</arg>
<arg>SN</arg>
<arg>SO</arg>
<arg>SR</arg>
<arg>SS</arg>
<arg>ST</arg>
<arg>SV</arg>
<arg>SX</arg>
<arg>SY</arg>
<arg>SZ</arg>
<arg>TC</arg>
<arg>TD</arg>
<arg>TF</arg>
<arg>TG</arg>
<arg>TH</arg>
<arg>TJ</arg>
<arg>TK</arg>
<arg>TL</arg>
<arg>TM</arg>
<arg>TN</arg>
<arg>TO</arg>
<arg>TR</arg>
<arg>TT</arg>
<arg>TV</arg>
<arg>TW</arg>
<arg>TZ</arg>
<arg>UA</arg>
<arg>UG</arg>
<arg>UM</arg>
<arg>US</arg>
<arg>UY</arg>
<arg>UZ</arg>
<arg>VA</arg>
<arg>VC</arg>
<arg>VE</arg>
<arg>VG</arg>
<arg>VI</arg>
<arg>VN</arg>
<arg>VU</arg>
<arg>WF</arg>
<arg>WS</arg>
<arg>XK</arg>
<arg>YE</arg>
<arg>YT</arg>
<arg>ZA</arg>
<arg>ZM</arg>
<arg>ZW</arg>
<doc>Returns a list containing given items.</doc>
<status status="PASS" start="2024-06-24T15:16:37.268131" elapsed="0.000619"/>
</kw>
<kw name="List Should Contain Value" owner="Collections">
<arg>${list_country}</arg>
<arg>${name_country}</arg>
<doc>Fails if the ``value`` is not found from ``list``.</doc>
<status status="PASS" start="2024-06-24T15:16:37.269542" elapsed="0.000205"/>
</kw>
<kw name="Run Keyword If" owner="BuiltIn">
<kw name="Should Be True" owner="BuiltIn">
<arg>${True}</arg>
<doc>Fails if the given condition is not true.</doc>
<status status="PASS" start="2024-06-24T15:16:37.270695" elapsed="0.000141"/>
</kw>
<arg>${json_data["results"][0]["location"]["coordinates"]["latitude"]} &gt;= -90 and ${json_data["results"][0]["location"]["coordinates"]["latitude"]} &lt;= 90</arg>
<arg>Should Be True</arg>
<arg>${True}</arg>
<doc>Runs the given keyword with the given arguments, if ``condition`` is true.</doc>
<status status="PASS" start="2024-06-24T15:16:37.269947" elapsed="0.001013"/>
</kw>
<kw name="Run Keyword If" owner="BuiltIn">
<kw name="Should Be True" owner="BuiltIn">
<arg>${True}</arg>
<doc>Fails if the given condition is not true.</doc>
<status status="PASS" start="2024-06-24T15:16:37.271858" elapsed="0.000243"/>
</kw>
<arg>${json_data["results"][0]["location"]["coordinates"]["longitude"]} &gt;= -180 and ${json_data["results"][0]["location"]["coordinates"]["longitude"]} &lt;= 180</arg>
<arg>Should Be True</arg>
<arg>${True}</arg>
<doc>Runs the given keyword with the given arguments, if ``condition`` is true.</doc>
<status status="PASS" start="2024-06-24T15:16:37.271138" elapsed="0.001090"/>
</kw>
<status status="PASS" start="2024-06-24T15:16:37.168346" elapsed="0.104013"/>
</kw>
<doc>Testa o conteúdo específico dos campos retornados pela API.</doc>
<tag>testeConteudo</tag>
<status status="PASS" start="2024-06-24T15:16:37.167812" elapsed="0.104696"/>
</test>
<status status="PASS" start="2024-06-24T15:16:36.282379" elapsed="0.992079"/>
</suite>
<status status="PASS" start="2024-06-24T15:16:36.267901" elapsed="1.011633"/>
</suite>
<statistics>
<total>
<stat pass="5" fail="0" skip="0">All Tests</stat>
</total>
<tag>
<stat pass="1" fail="0" skip="0">testeConteudo</stat>
<stat pass="1" fail="0" skip="0">testeEstruturaResposta</stat>
<stat pass="1" fail="0" skip="0">testeRequisicaoBasica</stat>
<stat pass="1" fail="0" skip="0">testeTiposDados</stat>
</tag>
<suite>
<stat pass="5" fail="0" skip="0" id="s1" name="Tests">Tests</stat>
<stat pass="5" fail="0" skip="0" id="s1-s1" name="Random-User-Test">Tests.Random-User-Test</stat>
</suite>
</statistics>
<errors>
</errors>
</robot>
