<?xml version="1.0" encoding="UTF-8"?>
<robot generator="Robot 7.0.1 (Python 3.12.4 on linux)" generated="2024-07-05T18:19:44.036809" rpa="false" schemaversion="5">
<suite id="s1" name="Tests" source="/home/runner/work/ApiRandomUser/ApiRandomUser/RamdonUser/tests">
<suite id="s1-s1" name="Random-User-Test" source="/home/runner/work/ApiRandomUser/ApiRandomUser/RamdonUser/tests/random-user-test.robot">
<test id="s1-s1-t1" name="Conectar" line="13">
<kw name="Conectar API" owner="random-user-service">
<kw name="Create Session" owner="RequestsLibrary">
<msg time="2024-07-05T18:19:44.444261" level="INFO">Creating Session using : alias=consultarAPI, url=https://randomuser.me/, headers={},                     cookies={}, auth=None, timeout=None, proxies=None, verify=False,                     debug=0 </msg>
<arg>consultarAPI</arg>
<arg>${URL}</arg>
<doc>Create Session: create a HTTP session to a server</doc>
<status status="PASS" start="2024-07-05T18:19:44.444058" elapsed="0.000399"/>
</kw>
<status status="PASS" start="2024-07-05T18:19:44.443039" elapsed="0.001796"/>
</kw>
<status status="PASS" start="2024-07-05T18:19:44.442445" elapsed="0.002585"/>
</test>
<test id="s1-s1-t2" name="Validar retorno 200 e JSON Válido" line="16">
<kw name="Teste de Requisicao Basica" owner="random-user-service">
<kw name="GET On Session" owner="RequestsLibrary">
<msg time="2024-07-05T18:19:44.723363" level="INFO">GET Request : url=https://randomuser.me/api 
 path_url=/api 
 headers={'User-Agent': 'python-requests/2.32.3', 'Accept-Encoding': 'gzip, deflate', 'Accept': '*/*', 'Connection': 'keep-alive'} 
 body=None 
 </msg>
<msg time="2024-07-05T18:19:44.723519" level="INFO">GET Response : url=https://randomuser.me/api 
 status=200, reason=OK 
 headers={'Date': 'Fri, 05 Jul 2024 18:19:44 GMT', 'Content-Type': 'application/json; charset=utf-8', 'Transfer-Encoding': 'chunked', 'Connection': 'keep-alive', 'X-Powered-By': 'Express', 'Access-Control-Allow-Origin': '*', 'Cache-Control': 'no-cache', 'ETag': 'W/"4a2-0UpEImEoQ5XBXTcI5yIuYCdpa7g"', 'Vary': 'Accept-Encoding', 'Content-Encoding': 'gzip', 'CF-Cache-Status': 'DYNAMIC', 'Report-To': '{"endpoints":[{"url":"https:\\/\\/a.nel.cloudflare.com\\/report\\/v4?s=ranIMSmHooLS5RUanoPtE%2FJAjDk3qabnz9e%2FC7tA%2B6SpzSCpjksXjlwtq2Z%2FtqNVYb4qreGQIaqG6Jyx%2FtDu6NiBpIDZGfTZy51fCm1rbQf9WZ1X%2FE5WP6Tl0l%2B23S0Z"}],"group":"cf-nel","max_age":604800}', 'NEL': '{"success_fraction":0,"report_to":"cf-nel","max_age":604800}', 'Server': 'cloudflare', 'CF-RAY': '89e95d741c986fc5-IAD', 'alt-svc': 'h3=":443"; ma=86400'} 
 body={"results":[{"gender":"male","name":{"title":"Mr","first":"Átila","last":"Cavalcanti"},"location":{"street":{"number":568,"name":"Rua da Paz "},"city":"Indaiatuba","state":"Distrito Federal","country":"Brazil","postcode":78516,"coordinates":{"latitude":"-78.1367","longitude":"-27.3744"},"timezone":{"offset":"+1:00","description":"Brussels, Copenhagen, Madrid, Paris"}},"email":"atila.cavalcanti@example.com","login":{"uuid":"f270363c-d3d2-4699-a992-62477ec3cd02","username":"organicdog443","password":"maximus","salt":"1m3kBMKO","md5":"684890f3e73627258027cb5ff5d8530b","sha1":"bd641bc1a4f6b090c6f0d619be5746f751e1edb7","sha256":"e6ad7c8e7fd7949cf45f2292b2792281f947cf59d79bd73816ec448ef14e0dd8"},"dob":{"date":"1953-09-26T16:06:26.028Z","age":70},"registered":{"date":"2007-10-16T06:53:40.232Z","age":16},"phone":"(48) 7178-0105","cell":"(05) 2460-5341","id":{"name":"CPF","value":"759.688.716-23"},"picture":{"large":"https://randomuser.me/api/portraits/men/49.jpg","medium":"https://randomuser.me/api/portraits/med/men/49.jpg","thumbnail":"https://randomuser.me/api/portraits/thumb/men/49.jpg"},"nat":"BR"}],"info":{"seed":"f8cd9f3d4af81978","results":1,"page":1,"version":"1.4"}} 
 </msg>
<msg time="2024-07-05T18:19:44.723607" level="INFO">/opt/hostedtoolcache/Python/3.12.4/x64/lib/python3.12/site-packages/urllib3/connectionpool.py:1099: InsecureRequestWarning: Unverified HTTPS request is being made to host 'randomuser.me'. Adding certificate verification is strongly advised. See: https://urllib3.readthedocs.io/en/latest/advanced-usage.html#tls-warnings
  warnings.warn(</msg>
<msg time="2024-07-05T18:19:44.723765" level="INFO">${response} = &lt;Response [200]&gt;</msg>
<var>${response}</var>
<arg>consultarAPI</arg>
<arg>/api</arg>
<doc>Sends a GET request on a previously created HTTP Session.</doc>
<status status="PASS" start="2024-07-05T18:19:44.447706" elapsed="0.276104"/>
</kw>
<kw name="Should Be Equal As Numbers" owner="BuiltIn">
<msg time="2024-07-05T18:19:44.724977" level="INFO">Argument types are:
&lt;class 'int'&gt;
&lt;class 'str'&gt;</msg>
<arg>${response.status_code}</arg>
<arg>200</arg>
<doc>Fails if objects are unequal after converting them to real numbers.</doc>
<status status="PASS" start="2024-07-05T18:19:44.724486" elapsed="0.000559"/>
</kw>
<kw name="Log" owner="BuiltIn">
<msg time="2024-07-05T18:19:44.725726" level="INFO">200</msg>
<arg>${response.status_code}</arg>
<doc>Logs the given message with the given level.</doc>
<status status="PASS" start="2024-07-05T18:19:44.725375" elapsed="0.000393"/>
</kw>
<kw name="Set Variable" owner="BuiltIn">
<msg time="2024-07-05T18:19:44.726505" level="INFO">${json_data} = {'results': [{'gender': 'male', 'name': {'title': 'Mr', 'first': 'Átila', 'last': 'Cavalcanti'}, 'location': {'street': {'number': 568, 'name': 'Rua da Paz '}, 'city': 'Indaiatuba', 'state': 'Distrito...</msg>
<var>${json_data}</var>
<arg>${response.json()}</arg>
<doc>Returns the given values which can then be assigned to a variables.</doc>
<status status="PASS" start="2024-07-05T18:19:44.726066" elapsed="0.000468"/>
</kw>
<kw name="Dictionary Should Contain Key" owner="Collections">
<arg>${json_data}</arg>
<arg>results</arg>
<doc>Fails if ``key`` is not found from ``dictionary``.</doc>
<status status="PASS" start="2024-07-05T18:19:44.726834" elapsed="0.000170"/>
</kw>
<status status="PASS" start="2024-07-05T18:19:44.447454" elapsed="0.279754"/>
</kw>
<doc>Testa se a API responde corretamente e retorna um objeto JSON válido.</doc>
<tag>testeRequisicaoBasica</tag>
<status status="PASS" start="2024-07-05T18:19:44.446933" elapsed="0.280454"/>
</test>
<test id="s1-s1-t3" name="Validar estrutura de resposta" line="22">
<kw name="Teste de Estrutura de Resposta" owner="random-user-service">
<kw name="GET On Session" owner="RequestsLibrary">
<msg time="2024-07-05T18:19:44.825754" level="INFO">GET Request : url=https://randomuser.me/api 
 path_url=/api 
 headers={'User-Agent': 'python-requests/2.32.3', 'Accept-Encoding': 'gzip, deflate', 'Accept': '*/*', 'Connection': 'keep-alive'} 
 body=None 
 </msg>
<msg time="2024-07-05T18:19:44.825859" level="INFO">GET Response : url=https://randomuser.me/api 
 status=200, reason=OK 
 headers={'Date': 'Fri, 05 Jul 2024 18:19:44 GMT', 'Content-Type': 'application/json; charset=utf-8', 'Transfer-Encoding': 'chunked', 'Connection': 'keep-alive', 'X-Powered-By': 'Express', 'Access-Control-Allow-Origin': '*', 'Cache-Control': 'no-cache', 'ETag': 'W/"476-Bb6EGjAAUc876h/O3GfwGv/riwo"', 'Vary': 'Accept-Encoding', 'Content-Encoding': 'gzip', 'CF-Cache-Status': 'DYNAMIC', 'Report-To': '{"endpoints":[{"url":"https:\\/\\/a.nel.cloudflare.com\\/report\\/v4?s=RCuk7WXTn1b71jlxI5EhcFO6zKNp5s70gFfdA3t%2B7gx0a3kQK7ZlEC4fDrptWHwW3OYjSRp5bsLH2p%2BZzPlJMT0AXfJMSn8SgyKUPLc0xL0wiMWrg7X8GQU4d71EP227"}],"group":"cf-nel","max_age":604800}', 'NEL': '{"success_fraction":0,"report_to":"cf-nel","max_age":604800}', 'Server': 'cloudflare', 'CF-RAY': '89e95d749d286fc5-IAD', 'alt-svc': 'h3=":443"; ma=86400'} 
 body={"results":[{"gender":"female","name":{"title":"Mrs","first":"Oya","last":"Taşlı"},"location":{"street":{"number":6131,"name":"Fatih Sultan Mehmet Cd"},"city":"Batman","state":"Kırklareli","country":"Turkey","postcode":14101,"coordinates":{"latitude":"68.8461","longitude":"94.3009"},"timezone":{"offset":"+5:45","description":"Kathmandu"}},"email":"oya.tasli@example.com","login":{"uuid":"cc9b9ce7-09db-4edb-a105-ce9649674f47","username":"greenrabbit897","password":"147147","salt":"LZT3YTif","md5":"92d01459f5b3aa432e1a2524ecc9b05d","sha1":"ca312590d72fdf87480a217a36b86a6bedbc3c5a","sha256":"44be48e0f5f9ee199ac3bc2593716a0baad9845654c3ea3ca2fdae49d5063a97"},"dob":{"date":"1979-01-12T16:42:49.979Z","age":45},"registered":{"date":"2010-02-03T21:04:52.419Z","age":14},"phone":"(634)-292-4668","cell":"(861)-082-2518","id":{"name":"","value":null},"picture":{"large":"https://randomuser.me/api/portraits/women/28.jpg","medium":"https://randomuser.me/api/portraits/med/women/28.jpg","thumbnail":"https://randomuser.me/api/portraits/thumb/women/28.jpg"},"nat":"TR"}],"info":{"seed":"dc1218078ca82fd8","results":1,"page":1,"version":"1.4"}} 
 </msg>
<msg time="2024-07-05T18:19:44.826005" level="INFO">/opt/hostedtoolcache/Python/3.12.4/x64/lib/python3.12/site-packages/urllib3/connectionpool.py:1099: InsecureRequestWarning: Unverified HTTPS request is being made to host 'randomuser.me'. Adding certificate verification is strongly advised. See: https://urllib3.readthedocs.io/en/latest/advanced-usage.html#tls-warnings
  warnings.warn(</msg>
<msg time="2024-07-05T18:19:44.826132" level="INFO">${response} = &lt;Response [200]&gt;</msg>
<var>${response}</var>
<arg>consultarAPI</arg>
<arg>/api</arg>
<doc>Sends a GET request on a previously created HTTP Session.</doc>
<status status="PASS" start="2024-07-05T18:19:44.730371" elapsed="0.095802"/>
</kw>
<kw name="Set Variable" owner="BuiltIn">
<msg time="2024-07-05T18:19:44.827447" level="INFO">${json_data} = {'results': [{'gender': 'female', 'name': {'title': 'Mrs', 'first': 'Oya', 'last': 'Taşlı'}, 'location': {'street': {'number': 6131, 'name': 'Fatih Sultan Mehmet Cd'}, 'city': 'Batman', 'state': 'Kırk...</msg>
<var>${json_data}</var>
<arg>${response.json()}</arg>
<doc>Returns the given values which can then be assigned to a variables.</doc>
<status status="PASS" start="2024-07-05T18:19:44.826805" elapsed="0.000674"/>
</kw>
<kw name="Log" owner="BuiltIn">
<msg time="2024-07-05T18:19:44.827986" level="INFO">{'results': [{'gender': 'female', 'name': {'title': 'Mrs', 'first': 'Oya', 'last': 'Taşlı'}, 'location': {'street': {'number': 6131, 'name': 'Fatih Sultan Mehmet Cd'}, 'city': 'Batman', 'state': 'Kırklareli', 'country': 'Turkey', 'postcode': 14101, 'coordinates': {'latitude': '68.8461', 'longitude': '94.3009'}, 'timezone': {'offset': '+5:45', 'description': 'Kathmandu'}}, 'email': 'oya.tasli@example.com', 'login': {'uuid': 'cc9b9ce7-09db-4edb-a105-ce9649674f47', 'username': 'greenrabbit897', 'password': '147147', 'salt': 'LZT3YTif', 'md5': '92d01459f5b3aa432e1a2524ecc9b05d', 'sha1': 'ca312590d72fdf87480a217a36b86a6bedbc3c5a', 'sha256': '44be48e0f5f9ee199ac3bc2593716a0baad9845654c3ea3ca2fdae49d5063a97'}, 'dob': {'date': '1979-01-12T16:42:49.979Z', 'age': 45}, 'registered': {'date': '2010-02-03T21:04:52.419Z', 'age': 14}, 'phone': '(634)-292-4668', 'cell': '(861)-082-2518', 'id': {'name': '', 'value': None}, 'picture': {'large': 'https://randomuser.me/api/portraits/women/28.jpg', 'medium': 'https://randomuser.me/api/portraits/med/women/28.jpg', 'thumbnail': 'https://randomuser.me/api/portraits/thumb/women/28.jpg'}, 'nat': 'TR'}], 'info': {'seed': 'dc1218078ca82fd8', 'results': 1, 'page': 1, 'version': '1.4'}}</msg>
<arg>${json_data}</arg>
<doc>Logs the given message with the given level.</doc>
<status status="PASS" start="2024-07-05T18:19:44.827819" elapsed="0.000217"/>
</kw>
<kw name="Dictionary Should Contain Key" owner="Collections">
<arg>${json_data}</arg>
<arg>results</arg>
<doc>Fails if ``key`` is not found from ``dictionary``.</doc>
<status status="PASS" start="2024-07-05T18:19:44.828333" elapsed="0.000159"/>
</kw>
<kw name="Should Not Be Empty" owner="BuiltIn">
<msg time="2024-07-05T18:19:44.828806" level="INFO">Length is 2.</msg>
<arg>${json_data}</arg>
<doc>Verifies that the given item is not empty.</doc>
<status status="PASS" start="2024-07-05T18:19:44.828676" elapsed="0.000167"/>
</kw>
<kw name="Create List" owner="BuiltIn">
<msg time="2024-07-05T18:19:44.829464" level="INFO">${expected_keys} = ['gender', 'name', 'location', 'email', 'login']</msg>
<var>${expected_keys}</var>
<arg>gender</arg>
<arg>name</arg>
<arg>location</arg>
<arg>email</arg>
<arg>login</arg>
<doc>Returns a list containing given items.</doc>
<status status="PASS" start="2024-07-05T18:19:44.829144" elapsed="0.000344"/>
</kw>
<for flavor="IN">
<iter>
<kw name="Dictionary Should Contain Key" owner="Collections">
<arg>${json_data['results'][0]}</arg>
<arg>${key}</arg>
<doc>Fails if ``key`` is not found from ``dictionary``.</doc>
<status status="PASS" start="2024-07-05T18:19:44.830071" elapsed="0.000417"/>
</kw>
<kw name="Log" owner="BuiltIn">
<msg time="2024-07-05T18:19:44.831047" level="INFO">{'gender': 'female', 'name': {'title': 'Mrs', 'first': 'Oya', 'last': 'Taşlı'}, 'location': {'street': {'number': 6131, 'name': 'Fatih Sultan Mehmet Cd'}, 'city': 'Batman', 'state': 'Kırklareli', 'country': 'Turkey', 'postcode': 14101, 'coordinates': {'latitude': '68.8461', 'longitude': '94.3009'}, 'timezone': {'offset': '+5:45', 'description': 'Kathmandu'}}, 'email': 'oya.tasli@example.com', 'login': {'uuid': 'cc9b9ce7-09db-4edb-a105-ce9649674f47', 'username': 'greenrabbit897', 'password': '147147', 'salt': 'LZT3YTif', 'md5': '92d01459f5b3aa432e1a2524ecc9b05d', 'sha1': 'ca312590d72fdf87480a217a36b86a6bedbc3c5a', 'sha256': '44be48e0f5f9ee199ac3bc2593716a0baad9845654c3ea3ca2fdae49d5063a97'}, 'dob': {'date': '1979-01-12T16:42:49.979Z', 'age': 45}, 'registered': {'date': '2010-02-03T21:04:52.419Z', 'age': 14}, 'phone': '(634)-292-4668', 'cell': '(861)-082-2518', 'id': {'name': '', 'value': None}, 'picture': {'large': 'https://randomuser.me/api/portraits/women/28.jpg', 'medium': 'https://randomuser.me/api/portraits/med/women/28.jpg', 'thumbnail': 'https://randomuser.me/api/portraits/thumb/women/28.jpg'}, 'nat': 'TR'}</msg>
<arg>${json_data['results'][0]}</arg>
<doc>Logs the given message with the given level.</doc>
<status status="PASS" start="2024-07-05T18:19:44.830682" elapsed="0.000450"/>
</kw>
<kw name="Log" owner="BuiltIn">
<msg time="2024-07-05T18:19:44.831558" level="INFO">gender</msg>
<arg>${key}</arg>
<doc>Logs the given message with the given level.</doc>
<status status="PASS" start="2024-07-05T18:19:44.831433" elapsed="0.000161"/>
</kw>
<var name="${key}">gender</var>
<status status="PASS" start="2024-07-05T18:19:44.829947" elapsed="0.001864"/>
</iter>
<iter>
<kw name="Dictionary Should Contain Key" owner="Collections">
<arg>${json_data['results'][0]}</arg>
<arg>${key}</arg>
<doc>Fails if ``key`` is not found from ``dictionary``.</doc>
<status status="PASS" start="2024-07-05T18:19:44.832126" elapsed="0.000388"/>
</kw>
<kw name="Log" owner="BuiltIn">
<msg time="2024-07-05T18:19:44.833039" level="INFO">{'gender': 'female', 'name': {'title': 'Mrs', 'first': 'Oya', 'last': 'Taşlı'}, 'location': {'street': {'number': 6131, 'name': 'Fatih Sultan Mehmet Cd'}, 'city': 'Batman', 'state': 'Kırklareli', 'country': 'Turkey', 'postcode': 14101, 'coordinates': {'latitude': '68.8461', 'longitude': '94.3009'}, 'timezone': {'offset': '+5:45', 'description': 'Kathmandu'}}, 'email': 'oya.tasli@example.com', 'login': {'uuid': 'cc9b9ce7-09db-4edb-a105-ce9649674f47', 'username': 'greenrabbit897', 'password': '147147', 'salt': 'LZT3YTif', 'md5': '92d01459f5b3aa432e1a2524ecc9b05d', 'sha1': 'ca312590d72fdf87480a217a36b86a6bedbc3c5a', 'sha256': '44be48e0f5f9ee199ac3bc2593716a0baad9845654c3ea3ca2fdae49d5063a97'}, 'dob': {'date': '1979-01-12T16:42:49.979Z', 'age': 45}, 'registered': {'date': '2010-02-03T21:04:52.419Z', 'age': 14}, 'phone': '(634)-292-4668', 'cell': '(861)-082-2518', 'id': {'name': '', 'value': None}, 'picture': {'large': 'https://randomuser.me/api/portraits/women/28.jpg', 'medium': 'https://randomuser.me/api/portraits/med/women/28.jpg', 'thumbnail': 'https://randomuser.me/api/portraits/thumb/women/28.jpg'}, 'nat': 'TR'}</msg>
<arg>${json_data['results'][0]}</arg>
<doc>Logs the given message with the given level.</doc>
<status status="PASS" start="2024-07-05T18:19:44.832694" elapsed="0.000430"/>
</kw>
<kw name="Log" owner="BuiltIn">
<msg time="2024-07-05T18:19:44.833549" level="INFO">name</msg>
<arg>${key}</arg>
<doc>Logs the given message with the given level.</doc>
<status status="PASS" start="2024-07-05T18:19:44.833423" elapsed="0.000163"/>
</kw>
<var name="${key}">name</var>
<status status="PASS" start="2024-07-05T18:19:44.832008" elapsed="0.001794"/>
</iter>
<iter>
<kw name="Dictionary Should Contain Key" owner="Collections">
<arg>${json_data['results'][0]}</arg>
<arg>${key}</arg>
<doc>Fails if ``key`` is not found from ``dictionary``.</doc>
<status status="PASS" start="2024-07-05T18:19:44.834082" elapsed="0.000380"/>
</kw>
<kw name="Log" owner="BuiltIn">
<msg time="2024-07-05T18:19:44.834993" level="INFO">{'gender': 'female', 'name': {'title': 'Mrs', 'first': 'Oya', 'last': 'Taşlı'}, 'location': {'street': {'number': 6131, 'name': 'Fatih Sultan Mehmet Cd'}, 'city': 'Batman', 'state': 'Kırklareli', 'country': 'Turkey', 'postcode': 14101, 'coordinates': {'latitude': '68.8461', 'longitude': '94.3009'}, 'timezone': {'offset': '+5:45', 'description': 'Kathmandu'}}, 'email': 'oya.tasli@example.com', 'login': {'uuid': 'cc9b9ce7-09db-4edb-a105-ce9649674f47', 'username': 'greenrabbit897', 'password': '147147', 'salt': 'LZT3YTif', 'md5': '92d01459f5b3aa432e1a2524ecc9b05d', 'sha1': 'ca312590d72fdf87480a217a36b86a6bedbc3c5a', 'sha256': '44be48e0f5f9ee199ac3bc2593716a0baad9845654c3ea3ca2fdae49d5063a97'}, 'dob': {'date': '1979-01-12T16:42:49.979Z', 'age': 45}, 'registered': {'date': '2010-02-03T21:04:52.419Z', 'age': 14}, 'phone': '(634)-292-4668', 'cell': '(861)-082-2518', 'id': {'name': '', 'value': None}, 'picture': {'large': 'https://randomuser.me/api/portraits/women/28.jpg', 'medium': 'https://randomuser.me/api/portraits/med/women/28.jpg', 'thumbnail': 'https://randomuser.me/api/portraits/thumb/women/28.jpg'}, 'nat': 'TR'}</msg>
<arg>${json_data['results'][0]}</arg>
<doc>Logs the given message with the given level.</doc>
<status status="PASS" start="2024-07-05T18:19:44.834641" elapsed="0.000401"/>
</kw>
<kw name="Log" owner="BuiltIn">
<msg time="2024-07-05T18:19:44.835504" level="INFO">location</msg>
<arg>${key}</arg>
<doc>Logs the given message with the given level.</doc>
<status status="PASS" start="2024-07-05T18:19:44.835378" elapsed="0.000162"/>
</kw>
<var name="${key}">location</var>
<status status="PASS" start="2024-07-05T18:19:44.833975" elapsed="0.001777"/>
</iter>
<iter>
<kw name="Dictionary Should Contain Key" owner="Collections">
<arg>${json_data['results'][0]}</arg>
<arg>${key}</arg>
<doc>Fails if ``key`` is not found from ``dictionary``.</doc>
<status status="PASS" start="2024-07-05T18:19:44.836024" elapsed="0.000381"/>
</kw>
<kw name="Log" owner="BuiltIn">
<msg time="2024-07-05T18:19:44.836927" level="INFO">{'gender': 'female', 'name': {'title': 'Mrs', 'first': 'Oya', 'last': 'Taşlı'}, 'location': {'street': {'number': 6131, 'name': 'Fatih Sultan Mehmet Cd'}, 'city': 'Batman', 'state': 'Kırklareli', 'country': 'Turkey', 'postcode': 14101, 'coordinates': {'latitude': '68.8461', 'longitude': '94.3009'}, 'timezone': {'offset': '+5:45', 'description': 'Kathmandu'}}, 'email': 'oya.tasli@example.com', 'login': {'uuid': 'cc9b9ce7-09db-4edb-a105-ce9649674f47', 'username': 'greenrabbit897', 'password': '147147', 'salt': 'LZT3YTif', 'md5': '92d01459f5b3aa432e1a2524ecc9b05d', 'sha1': 'ca312590d72fdf87480a217a36b86a6bedbc3c5a', 'sha256': '44be48e0f5f9ee199ac3bc2593716a0baad9845654c3ea3ca2fdae49d5063a97'}, 'dob': {'date': '1979-01-12T16:42:49.979Z', 'age': 45}, 'registered': {'date': '2010-02-03T21:04:52.419Z', 'age': 14}, 'phone': '(634)-292-4668', 'cell': '(861)-082-2518', 'id': {'name': '', 'value': None}, 'picture': {'large': 'https://randomuser.me/api/portraits/women/28.jpg', 'medium': 'https://randomuser.me/api/portraits/med/women/28.jpg', 'thumbnail': 'https://randomuser.me/api/portraits/thumb/women/28.jpg'}, 'nat': 'TR'}</msg>
<arg>${json_data['results'][0]}</arg>
<doc>Logs the given message with the given level.</doc>
<status status="PASS" start="2024-07-05T18:19:44.836582" elapsed="0.000400"/>
</kw>
<kw name="Log" owner="BuiltIn">
<msg time="2024-07-05T18:19:44.837403" level="INFO">email</msg>
<arg>${key}</arg>
<doc>Logs the given message with the given level.</doc>
<status status="PASS" start="2024-07-05T18:19:44.837279" elapsed="0.000161"/>
</kw>
<var name="${key}">email</var>
<status status="PASS" start="2024-07-05T18:19:44.835920" elapsed="0.001747"/>
</iter>
<iter>
<kw name="Dictionary Should Contain Key" owner="Collections">
<arg>${json_data['results'][0]}</arg>
<arg>${key}</arg>
<doc>Fails if ``key`` is not found from ``dictionary``.</doc>
<status status="PASS" start="2024-07-05T18:19:44.837955" elapsed="0.000385"/>
</kw>
<kw name="Log" owner="BuiltIn">
<msg time="2024-07-05T18:19:44.838892" level="INFO">{'gender': 'female', 'name': {'title': 'Mrs', 'first': 'Oya', 'last': 'Taşlı'}, 'location': {'street': {'number': 6131, 'name': 'Fatih Sultan Mehmet Cd'}, 'city': 'Batman', 'state': 'Kırklareli', 'country': 'Turkey', 'postcode': 14101, 'coordinates': {'latitude': '68.8461', 'longitude': '94.3009'}, 'timezone': {'offset': '+5:45', 'description': 'Kathmandu'}}, 'email': 'oya.tasli@example.com', 'login': {'uuid': 'cc9b9ce7-09db-4edb-a105-ce9649674f47', 'username': 'greenrabbit897', 'password': '147147', 'salt': 'LZT3YTif', 'md5': '92d01459f5b3aa432e1a2524ecc9b05d', 'sha1': 'ca312590d72fdf87480a217a36b86a6bedbc3c5a', 'sha256': '44be48e0f5f9ee199ac3bc2593716a0baad9845654c3ea3ca2fdae49d5063a97'}, 'dob': {'date': '1979-01-12T16:42:49.979Z', 'age': 45}, 'registered': {'date': '2010-02-03T21:04:52.419Z', 'age': 14}, 'phone': '(634)-292-4668', 'cell': '(861)-082-2518', 'id': {'name': '', 'value': None}, 'picture': {'large': 'https://randomuser.me/api/portraits/women/28.jpg', 'medium': 'https://randomuser.me/api/portraits/med/women/28.jpg', 'thumbnail': 'https://randomuser.me/api/portraits/thumb/women/28.jpg'}, 'nat': 'TR'}</msg>
<arg>${json_data['results'][0]}</arg>
<doc>Logs the given message with the given level.</doc>
<status status="PASS" start="2024-07-05T18:19:44.838519" elapsed="0.000423"/>
</kw>
<kw name="Log" owner="BuiltIn">
<msg time="2024-07-05T18:19:44.839394" level="INFO">login</msg>
<arg>${key}</arg>
<doc>Logs the given message with the given level.</doc>
<status status="PASS" start="2024-07-05T18:19:44.839268" elapsed="0.000162"/>
</kw>
<var name="${key}">login</var>
<status status="PASS" start="2024-07-05T18:19:44.837843" elapsed="0.001812"/>
</iter>
<var>${key}</var>
<value>@{expected_keys}</value>
<status status="PASS" start="2024-07-05T18:19:44.829752" elapsed="0.010021"/>
</for>
<kw name="Create List" owner="BuiltIn">
<msg time="2024-07-05T18:19:44.840100" level="INFO">${expected_keysTwo} = ['username', 'password']</msg>
<var>${expected_keysTwo}</var>
<arg>username</arg>
<arg>password</arg>
<doc>Returns a list containing given items.</doc>
<status status="PASS" start="2024-07-05T18:19:44.839963" elapsed="0.000161"/>
</kw>
<for flavor="IN">
<iter>
<kw name="Dictionary Should Contain Key" owner="Collections">
<arg>${json_data['results'][0]['login']}</arg>
<arg>${keyTwo}</arg>
<doc>Fails if ``key`` is not found from ``dictionary``.</doc>
<status status="PASS" start="2024-07-05T18:19:44.840657" elapsed="0.000374"/>
</kw>
<kw name="Dictionary Should Contain Key" owner="Collections">
<arg>${json_data['results'][0]['login']}</arg>
<arg>${keyTwo}</arg>
<doc>Fails if ``key`` is not found from ``dictionary``.</doc>
<status status="PASS" start="2024-07-05T18:19:44.841208" elapsed="0.000375"/>
</kw>
<kw name="Log" owner="BuiltIn">
<msg time="2024-07-05T18:19:44.841881" level="INFO">username</msg>
<arg>${keyTwo}</arg>
<doc>Logs the given message with the given level.</doc>
<status status="PASS" start="2024-07-05T18:19:44.841763" elapsed="0.000155"/>
</kw>
<var name="${keyTwo}">username</var>
<status status="PASS" start="2024-07-05T18:19:44.840549" elapsed="0.001590"/>
</iter>
<iter>
<kw name="Dictionary Should Contain Key" owner="Collections">
<arg>${json_data['results'][0]['login']}</arg>
<arg>${keyTwo}</arg>
<doc>Fails if ``key`` is not found from ``dictionary``.</doc>
<status status="PASS" start="2024-07-05T18:19:44.842414" elapsed="0.000380"/>
</kw>
<kw name="Dictionary Should Contain Key" owner="Collections">
<arg>${json_data['results'][0]['login']}</arg>
<arg>${keyTwo}</arg>
<doc>Fails if ``key`` is not found from ``dictionary``.</doc>
<status status="PASS" start="2024-07-05T18:19:44.842969" elapsed="0.000393"/>
</kw>
<kw name="Log" owner="BuiltIn">
<msg time="2024-07-05T18:19:44.843687" level="INFO">password</msg>
<arg>${keyTwo}</arg>
<doc>Logs the given message with the given level.</doc>
<status status="PASS" start="2024-07-05T18:19:44.843536" elapsed="0.000210"/>
</kw>
<var name="${keyTwo}">password</var>
<status status="PASS" start="2024-07-05T18:19:44.842308" elapsed="0.001765"/>
</iter>
<var>${keyTwo}</var>
<value>@{expected_keysTwo}</value>
<status status="PASS" start="2024-07-05T18:19:44.840386" elapsed="0.003806"/>
</for>
<status status="PASS" start="2024-07-05T18:19:44.730035" elapsed="0.114295"/>
</kw>
<doc>Testa a estrutura da resposta da API.</doc>
<tag>testeEstruturaResposta</tag>
<status status="PASS" start="2024-07-05T18:19:44.729230" elapsed="0.115253"/>
</test>
<test id="s1-s1-t4" name="Validar tipos de dados" line="28">
<kw name="Teste de Tipos de Dados" owner="random-user-service">
<kw name="GET On Session" owner="RequestsLibrary">
<msg time="2024-07-05T18:19:44.964118" level="INFO">GET Request : url=https://randomuser.me/api 
 path_url=/api 
 headers={'User-Agent': 'python-requests/2.32.3', 'Accept-Encoding': 'gzip, deflate', 'Accept': '*/*', 'Connection': 'keep-alive'} 
 body=None 
 </msg>
<msg time="2024-07-05T18:19:44.964229" level="INFO">GET Response : url=https://randomuser.me/api 
 status=200, reason=OK 
 headers={'Date': 'Fri, 05 Jul 2024 18:19:44 GMT', 'Content-Type': 'application/json; charset=utf-8', 'Transfer-Encoding': 'chunked', 'Connection': 'keep-alive', 'X-Powered-By': 'Express', 'Access-Control-Allow-Origin': '*', 'Cache-Control': 'no-cache', 'ETag': 'W/"484-Yg1nx4oPVEUgQwJ+V8CSPc6vOAE"', 'Vary': 'Accept-Encoding', 'Content-Encoding': 'gzip', 'CF-Cache-Status': 'DYNAMIC', 'Report-To': '{"endpoints":[{"url":"https:\\/\\/a.nel.cloudflare.com\\/report\\/v4?s=QssdKRsrko8qRnUvBQG33ov7fhi%2B%2B7ZNPP2X9G7AGGismtz800WtrrQXWv%2FFN1P9%2BWHnUxgBtUJE5YS%2BZcaVe580kEGSlTtU6z1L5d%2B69C%2FYNtLKijKH1X8t60dxmXQm"}],"group":"cf-nel","max_age":604800}', 'NEL': '{"success_fraction":0,"report_to":"cf-nel","max_age":604800}', 'Server': 'cloudflare', 'CF-RAY': '89e95d755da96fc5-IAD', 'alt-svc': 'h3=":443"; ma=86400'} 
 body={"results":[{"gender":"male","name":{"title":"Mr","first":"Jasper","last":"Thomas"},"location":{"street":{"number":3202,"name":"Princess Street"},"city":"Auckland","state":"Waikato","country":"New Zealand","postcode":24288,"coordinates":{"latitude":"50.1608","longitude":"-81.0466"},"timezone":{"offset":"+4:00","description":"Abu Dhabi, Muscat, Baku, Tbilisi"}},"email":"jasper.thomas@example.com","login":{"uuid":"8ba5b0d2-7405-4f25-867e-d6680a8898c1","username":"lazyswan845","password":"hanson","salt":"Eqcv9ktH","md5":"8d155253b67573c5554c0f55729ee2d6","sha1":"1b337d7a38696bc3d264254cabb7ea4b7d5b1418","sha256":"ed8694ca2809e1ab1851e660330a6582a6f24110991e18504f75af81d831a892"},"dob":{"date":"1968-05-06T23:58:26.453Z","age":56},"registered":{"date":"2010-03-06T22:10:55.489Z","age":14},"phone":"(065)-565-7066","cell":"(025)-958-6023","id":{"name":"","value":null},"picture":{"large":"https://randomuser.me/api/portraits/men/50.jpg","medium":"https://randomuser.me/api/portraits/med/men/50.jpg","thumbnail":"https://randomuser.me/api/portraits/thumb/men/50.jpg"},"nat":"NZ"}],"info":{"seed":"aa95427783aa2699","results":1,"page":1,"version":"1.4"}} 
 </msg>
<msg time="2024-07-05T18:19:44.964312" level="INFO">/opt/hostedtoolcache/Python/3.12.4/x64/lib/python3.12/site-packages/urllib3/connectionpool.py:1099: InsecureRequestWarning: Unverified HTTPS request is being made to host 'randomuser.me'. Adding certificate verification is strongly advised. See: https://urllib3.readthedocs.io/en/latest/advanced-usage.html#tls-warnings
  warnings.warn(</msg>
<msg time="2024-07-05T18:19:44.964525" level="INFO">${response} = &lt;Response [200]&gt;</msg>
<var>${response}</var>
<arg>consultarAPI</arg>
<arg>/api</arg>
<doc>Sends a GET request on a previously created HTTP Session.</doc>
<status status="PASS" start="2024-07-05T18:19:44.847025" elapsed="0.117555"/>
</kw>
<kw name="Set Variable" owner="BuiltIn">
<msg time="2024-07-05T18:19:44.965587" level="INFO">${json_data} = {'results': [{'gender': 'male', 'name': {'title': 'Mr', 'first': 'Jasper', 'last': 'Thomas'}, 'location': {'street': {'number': 3202, 'name': 'Princess Street'}, 'city': 'Auckland', 'state': 'Waikato'...</msg>
<var>${json_data}</var>
<arg>${response.json()}</arg>
<doc>Returns the given values which can then be assigned to a variables.</doc>
<status status="PASS" start="2024-07-05T18:19:44.965079" elapsed="0.000539"/>
</kw>
<kw name="Log" owner="BuiltIn">
<msg time="2024-07-05T18:19:44.966096" level="INFO">{'results': [{'gender': 'male', 'name': {'title': 'Mr', 'first': 'Jasper', 'last': 'Thomas'}, 'location': {'street': {'number': 3202, 'name': 'Princess Street'}, 'city': 'Auckland', 'state': 'Waikato', 'country': 'New Zealand', 'postcode': 24288, 'coordinates': {'latitude': '50.1608', 'longitude': '-81.0466'}, 'timezone': {'offset': '+4:00', 'description': 'Abu Dhabi, Muscat, Baku, Tbilisi'}}, 'email': 'jasper.thomas@example.com', 'login': {'uuid': '8ba5b0d2-7405-4f25-867e-d6680a8898c1', 'username': 'lazyswan845', 'password': 'hanson', 'salt': 'Eqcv9ktH', 'md5': '8d155253b67573c5554c0f55729ee2d6', 'sha1': '1b337d7a38696bc3d264254cabb7ea4b7d5b1418', 'sha256': 'ed8694ca2809e1ab1851e660330a6582a6f24110991e18504f75af81d831a892'}, 'dob': {'date': '1968-05-06T23:58:26.453Z', 'age': 56}, 'registered': {'date': '2010-03-06T22:10:55.489Z', 'age': 14}, 'phone': '(065)-565-7066', 'cell': '(025)-958-6023', 'id': {'name': '', 'value': None}, 'picture': {'large': 'https://randomuser.me/api/portraits/men/50.jpg', 'medium': 'https://randomuser.me/api/portraits/med/men/50.jpg', 'thumbnail': 'https://randomuser.me/api/portraits/thumb/men/50.jpg'}, 'nat': 'NZ'}], 'info': {'seed': 'aa95427783aa2699', 'results': 1, 'page': 1, 'version': '1.4'}}</msg>
<arg>${json_data}</arg>
<doc>Logs the given message with the given level.</doc>
<status status="PASS" start="2024-07-05T18:19:44.965937" elapsed="0.000210"/>
</kw>
<kw name="Should Be String" owner="String">
<arg>${json_data['results'][0]['gender']}</arg>
<doc>Fails if the given ``item`` is not a string.</doc>
<status status="PASS" start="2024-07-05T18:19:44.966442" elapsed="0.000368"/>
</kw>
<kw name="Should Match Regexp" owner="BuiltIn">
<arg>${json_data['results'][0]['email']}</arg>
<arg>^[a-zA-Z0-9._%+-]+@[a-zA-Z0-9.-]+\.[a-zA-Z]{2,}$</arg>
<doc>Fails if ``string`` does not match ``pattern`` as a regular expression.</doc>
<status status="PASS" start="2024-07-05T18:19:44.967004" elapsed="0.000558"/>
</kw>
<kw name="Should Match Regexp" owner="BuiltIn">
<arg>${json_data['results'][0]['dob']['date']}</arg>
<arg>\\d{4}-\\d{2}-\\d{2}T\\d{2}:\\d{2}:\\d{2}\\.\\d{3}Z</arg>
<doc>Fails if ``string`` does not match ``pattern`` as a regular expression.</doc>
<status status="PASS" start="2024-07-05T18:19:44.967804" elapsed="0.000493"/>
</kw>
<kw name="Should Match Regexp" owner="BuiltIn">
<arg>${json_data['results'][0]['registered']['date']}</arg>
<arg>\\d{4}-\\d{2}-\\d{2}T\\d{2}:\\d{2}:\\d{2}\\.\\d{3}Z</arg>
<doc>Fails if ``string`` does not match ``pattern`` as a regular expression.</doc>
<status status="PASS" start="2024-07-05T18:19:44.968490" elapsed="0.000370"/>
</kw>
<kw name="Should Match Regexp" owner="BuiltIn">
<arg>${json_data['results'][0]['picture']['large']}</arg>
<arg>^https?://.*\.(?:png|jpe?g|gif|bmp)$</arg>
<doc>Fails if ``string`` does not match ``pattern`` as a regular expression.</doc>
<status status="PASS" start="2024-07-05T18:19:44.969050" elapsed="0.000462"/>
</kw>
<kw name="Should Match Regexp" owner="BuiltIn">
<arg>${json_data['results'][0]['picture']['medium']}</arg>
<arg>^https?://.*\.(?:png|jpe?g|gif|bmp)$</arg>
<doc>Fails if ``string`` does not match ``pattern`` as a regular expression.</doc>
<status status="PASS" start="2024-07-05T18:19:44.969701" elapsed="0.000353"/>
</kw>
<kw name="Should Match Regexp" owner="BuiltIn">
<arg>${json_data['results'][0]['picture']['thumbnail']}</arg>
<arg>^https?://.*\.(?:png|jpe?g|gif|bmp)$</arg>
<doc>Fails if ``string`` does not match ``pattern`` as a regular expression.</doc>
<status status="PASS" start="2024-07-05T18:19:44.970239" elapsed="0.000351"/>
</kw>
<kw name="Log" owner="BuiltIn">
<msg time="2024-07-05T18:19:44.971120" level="INFO">{'large': 'https://randomuser.me/api/portraits/men/50.jpg', 'medium': 'https://randomuser.me/api/portraits/med/men/50.jpg', 'thumbnail': 'https://randomuser.me/api/portraits/thumb/men/50.jpg'}</msg>
<arg>${json_data['results'][0]['picture']}</arg>
<doc>Logs the given message with the given level.</doc>
<status status="PASS" start="2024-07-05T18:19:44.970774" elapsed="0.000390"/>
</kw>
<status status="PASS" start="2024-07-05T18:19:44.846798" elapsed="0.124628"/>
</kw>
<kw name="Teste de Tipos de Dados - Postcode" owner="random-user-service">
<kw name="GET On Session" owner="RequestsLibrary">
<msg time="2024-07-05T18:19:45.290502" level="INFO">GET Request : url=https://randomuser.me/api 
 path_url=/api 
 headers={'User-Agent': 'python-requests/2.32.3', 'Accept-Encoding': 'gzip, deflate', 'Accept': '*/*', 'Connection': 'keep-alive'} 
 body=None 
 </msg>
<msg time="2024-07-05T18:19:45.290599" level="INFO">GET Response : url=https://randomuser.me/api 
 status=200, reason=OK 
 headers={'Date': 'Fri, 05 Jul 2024 18:19:45 GMT', 'Content-Type': 'application/json; charset=utf-8', 'Transfer-Encoding': 'chunked', 'Connection': 'keep-alive', 'X-Powered-By': 'Express', 'Access-Control-Allow-Origin': '*', 'Cache-Control': 'no-cache', 'ETag': 'W/"4ad-l8M4JthXGD4wsZb2xRy2yjw1kd8"', 'Vary': 'Accept-Encoding', 'Content-Encoding': 'gzip', 'CF-Cache-Status': 'DYNAMIC', 'Report-To': '{"endpoints":[{"url":"https:\\/\\/a.nel.cloudflare.com\\/report\\/v4?s=H%2Bg0UBG2cuMHXTDhiq8SDY2TF2dqPIe%2BUMnFXwusyirj0Im7tmnQZ04qPAihfEKvmDa80oJCKcJt%2B8x%2FLk2jmJEUdzM0%2Bc6xqGqGAXAJmrBwHiYTWFi0m0lf0K6wK90C"}],"group":"cf-nel","max_age":604800}', 'NEL': '{"success_fraction":0,"report_to":"cf-nel","max_age":604800}', 'Server': 'cloudflare', 'CF-RAY': '89e95d761e546fc5-IAD', 'alt-svc': 'h3=":443"; ma=86400'} 
 body={"results":[{"gender":"male","name":{"title":"Monsieur","first":"Diogo","last":"Petit"},"location":{"street":{"number":696,"name":"Rue Abel-Hovelacque"},"city":"Les Brenets","state":"Neuchâtel","country":"Switzerland","postcode":5013,"coordinates":{"latitude":"-56.1621","longitude":"-147.2166"},"timezone":{"offset":"+3:00","description":"Baghdad, Riyadh, Moscow, St. Petersburg"}},"email":"diogo.petit@example.com","login":{"uuid":"3c81577d-ce38-46d8-a8fa-296d7b76d235","username":"yellowostrich265","password":"leonardo","salt":"X6pHx2Fk","md5":"dc40d05d10c41c692d2be509e2f54c11","sha1":"c7171d56d4c166e7d2611eae46d544c704f15718","sha256":"71fc59ad27a2c23cacc96099e033427ac0f4568207d512a273beffc4e0016528"},"dob":{"date":"1978-03-17T10:08:14.630Z","age":46},"registered":{"date":"2010-06-05T22:29:10.318Z","age":14},"phone":"078 438 12 38","cell":"077 157 35 86","id":{"name":"AVS","value":"756.5355.1792.86"},"picture":{"large":"https://randomuser.me/api/portraits/men/85.jpg","medium":"https://randomuser.me/api/portraits/med/men/85.jpg","thumbnail":"https://randomuser.me/api/portraits/thumb/men/85.jpg"},"nat":"CH"}],"info":{"seed":"7188032e17f9642b","results":1,"page":1,"version":"1.4"}} 
 </msg>
<msg time="2024-07-05T18:19:45.290673" level="INFO">/opt/hostedtoolcache/Python/3.12.4/x64/lib/python3.12/site-packages/urllib3/connectionpool.py:1099: InsecureRequestWarning: Unverified HTTPS request is being made to host 'randomuser.me'. Adding certificate verification is strongly advised. See: https://urllib3.readthedocs.io/en/latest/advanced-usage.html#tls-warnings
  warnings.warn(</msg>
<msg time="2024-07-05T18:19:45.290809" level="INFO">${response} = &lt;Response [200]&gt;</msg>
<var>${response}</var>
<arg>consultarAPI</arg>
<arg>/api</arg>
<doc>Sends a GET request on a previously created HTTP Session.</doc>
<status status="PASS" start="2024-07-05T18:19:44.971893" elapsed="0.318960"/>
</kw>
<kw name="Set Variable" owner="BuiltIn">
<msg time="2024-07-05T18:19:45.291930" level="INFO">${json_data} = {'results': [{'gender': 'male', 'name': {'title': 'Monsieur', 'first': 'Diogo', 'last': 'Petit'}, 'location': {'street': {'number': 696, 'name': 'Rue Abel-Hovelacque'}, 'city': 'Les Brenets', 'state':...</msg>
<var>${json_data}</var>
<arg>${response.json()}</arg>
<doc>Returns the given values which can then be assigned to a variables.</doc>
<status status="PASS" start="2024-07-05T18:19:45.291411" elapsed="0.000548"/>
</kw>
<kw name="Log" owner="BuiltIn">
<msg time="2024-07-05T18:19:45.292422" level="INFO">{'results': [{'gender': 'male', 'name': {'title': 'Monsieur', 'first': 'Diogo', 'last': 'Petit'}, 'location': {'street': {'number': 696, 'name': 'Rue Abel-Hovelacque'}, 'city': 'Les Brenets', 'state': 'Neuchâtel', 'country': 'Switzerland', 'postcode': 5013, 'coordinates': {'latitude': '-56.1621', 'longitude': '-147.2166'}, 'timezone': {'offset': '+3:00', 'description': 'Baghdad, Riyadh, Moscow, St. Petersburg'}}, 'email': 'diogo.petit@example.com', 'login': {'uuid': '3c81577d-ce38-46d8-a8fa-296d7b76d235', 'username': 'yellowostrich265', 'password': 'leonardo', 'salt': 'X6pHx2Fk', 'md5': 'dc40d05d10c41c692d2be509e2f54c11', 'sha1': 'c7171d56d4c166e7d2611eae46d544c704f15718', 'sha256': '71fc59ad27a2c23cacc96099e033427ac0f4568207d512a273beffc4e0016528'}, 'dob': {'date': '1978-03-17T10:08:14.630Z', 'age': 46}, 'registered': {'date': '2010-06-05T22:29:10.318Z', 'age': 14}, 'phone': '078 438 12 38', 'cell': '077 157 35 86', 'id': {'name': 'AVS', 'value': '756.5355.1792.86'}, 'picture': {'large': 'https://randomuser.me/api/portraits/men/85.jpg', 'medium': 'https://randomuser.me/api/portraits/med/men/85.jpg', 'thumbnail': 'https://randomuser.me/api/portraits/thumb/men/85.jpg'}, 'nat': 'CH'}], 'info': {'seed': '7188032e17f9642b', 'results': 1, 'page': 1, 'version': '1.4'}}</msg>
<arg>${json_data}</arg>
<doc>Logs the given message with the given level.</doc>
<status status="PASS" start="2024-07-05T18:19:45.292263" elapsed="0.000209"/>
</kw>
<kw name="Should Be Equal As Numbers" owner="BuiltIn">
<arg>${json_data['results'][0]['location']['postcode']}</arg>
<arg>${json_data['results'][0]['location']['postcode']}</arg>
<doc>Fails if objects are unequal after converting them to real numbers.</doc>
<status status="PASS" start="2024-07-05T18:19:45.292763" elapsed="0.000629"/>
</kw>
<kw name="Log" owner="BuiltIn">
<msg time="2024-07-05T18:19:45.294088" level="INFO">5013</msg>
<arg>${json_data['results'][0]['location']['postcode']}</arg>
<doc>Logs the given message with the given level.</doc>
<status status="PASS" start="2024-07-05T18:19:45.293584" elapsed="0.000544"/>
</kw>
<status status="PASS" start="2024-07-05T18:19:44.971661" elapsed="0.322764"/>
</kw>
<doc>Testa se os tipos de dados na resposta da API estão corretos.</doc>
<tag>testeTiposDados</tag>
<status status="PASS" start="2024-07-05T18:19:44.846234" elapsed="0.448359"/>
</test>
<test id="s1-s1-t5" name="Validar conteudo" line="35">
<kw name="Teste de Tipos de Conteudo" owner="random-user-service">
<kw name="GET On Session" owner="RequestsLibrary">
<msg time="2024-07-05T18:19:45.355788" level="INFO">GET Request : url=https://randomuser.me/api 
 path_url=/api 
 headers={'User-Agent': 'python-requests/2.32.3', 'Accept-Encoding': 'gzip, deflate', 'Accept': '*/*', 'Connection': 'keep-alive'} 
 body=None 
 </msg>
<msg time="2024-07-05T18:19:45.355870" level="INFO">GET Response : url=https://randomuser.me/api 
 status=200, reason=OK 
 headers={'Date': 'Fri, 05 Jul 2024 18:19:45 GMT', 'Content-Type': 'application/json; charset=utf-8', 'Transfer-Encoding': 'chunked', 'Connection': 'keep-alive', 'X-Powered-By': 'Express', 'Access-Control-Allow-Origin': '*', 'Cache-Control': 'no-cache', 'ETag': 'W/"49c-AYpUgsaIVUTOwOYyvyNqvRxV+m4"', 'Vary': 'Accept-Encoding', 'Content-Encoding': 'gzip', 'CF-Cache-Status': 'DYNAMIC', 'Report-To': '{"endpoints":[{"url":"https:\\/\\/a.nel.cloudflare.com\\/report\\/v4?s=aHa6DzWwcmRy3zm2E5z8c43BRKFdgN4hRM3lgBQFMg%2ByKT0Y2qQ2q96FtxUCN6x85ON%2FtO3JbshH1vfWx22mH2c%2FWsjdL%2F9VjXYCFOOwCRM%2Bmx4o25fppaVGZ7V5mvob"}],"group":"cf-nel","max_age":604800}', 'NEL': '{"success_fraction":0,"report_to":"cf-nel","max_age":604800}', 'Server': 'cloudflare', 'CF-RAY': '89e95d782fea6fc5-IAD', 'alt-svc': 'h3=":443"; ma=86400'} 
 body={"results":[{"gender":"female","name":{"title":"Miss","first":"Vicenta","last":"Campos"},"location":{"street":{"number":4091,"name":"Calle de Segovia"},"city":"Las Palmas de Gran Canaria","state":"Navarra","country":"Spain","postcode":47221,"coordinates":{"latitude":"-35.7000","longitude":"179.6922"},"timezone":{"offset":"-11:00","description":"Midway Island, Samoa"}},"email":"vicenta.campos@example.com","login":{"uuid":"f131697d-60d4-475e-8458-cfe984f5d41e","username":"orangesnake992","password":"everton","salt":"d1rDu5cr","md5":"0636a45f1e5030c730f17f297cdd631a","sha1":"d09e29134929b6c0a1e99ee49c2ad1e607cbc780","sha256":"653efaea3b3de89ecb882c41838a02a9fb23486f0abdc96f18ac2a80b0ccbf6d"},"dob":{"date":"1997-04-28T20:00:04.091Z","age":27},"registered":{"date":"2014-06-26T17:15:18.187Z","age":10},"phone":"929-382-185","cell":"630-890-620","id":{"name":"DNI","value":"26450762-O"},"picture":{"large":"https://randomuser.me/api/portraits/women/51.jpg","medium":"https://randomuser.me/api/portraits/med/women/51.jpg","thumbnail":"https://randomuser.me/api/portraits/thumb/women/51.jpg"},"nat":"ES"}],"info":{"seed":"89b92c5536d947c3","results":1,"page":1,"version":"1.4"}} 
 </msg>
<msg time="2024-07-05T18:19:45.355942" level="INFO">/opt/hostedtoolcache/Python/3.12.4/x64/lib/python3.12/site-packages/urllib3/connectionpool.py:1099: InsecureRequestWarning: Unverified HTTPS request is being made to host 'randomuser.me'. Adding certificate verification is strongly advised. See: https://urllib3.readthedocs.io/en/latest/advanced-usage.html#tls-warnings
  warnings.warn(</msg>
<msg time="2024-07-05T18:19:45.356075" level="INFO">${response} = &lt;Response [200]&gt;</msg>
<var>${response}</var>
<arg>consultarAPI</arg>
<arg>/api</arg>
<doc>Sends a GET request on a previously created HTTP Session.</doc>
<status status="PASS" start="2024-07-05T18:19:45.297410" elapsed="0.058716"/>
</kw>
<kw name="Set Variable" owner="BuiltIn">
<msg time="2024-07-05T18:19:45.356990" level="INFO">${json_data} = {'results': [{'gender': 'female', 'name': {'title': 'Miss', 'first': 'Vicenta', 'last': 'Campos'}, 'location': {'street': {'number': 4091, 'name': 'Calle de Segovia'}, 'city': 'Las Palmas de Gran Cana...</msg>
<var>${json_data}</var>
<arg>${response.json()}</arg>
<doc>Returns the given values which can then be assigned to a variables.</doc>
<status status="PASS" start="2024-07-05T18:19:45.356542" elapsed="0.000477"/>
</kw>
<kw name="Set Variable" owner="BuiltIn">
<msg time="2024-07-05T18:19:45.357703" level="INFO">${name_title} = Miss</msg>
<var>${name_title}</var>
<arg>${json_data["results"][0]["name"]["title"]}</arg>
<doc>Returns the given values which can then be assigned to a variables.</doc>
<status status="PASS" start="2024-07-05T18:19:45.357331" elapsed="0.000398"/>
</kw>
<kw name="Create List" owner="BuiltIn">
<msg time="2024-07-05T18:19:45.358177" level="INFO">${allowed_titles} = ['Mr', 'Ms', 'Miss', 'Mrs', 'Madame', 'Monsieur']</msg>
<var>${allowed_titles}</var>
<arg>Mr</arg>
<arg>Ms</arg>
<arg>Miss</arg>
<arg>Mrs</arg>
<arg>Madame</arg>
<arg>Monsieur</arg>
<doc>Returns a list containing given items.</doc>
<status status="PASS" start="2024-07-05T18:19:45.358024" elapsed="0.000177"/>
</kw>
<kw name="List Should Contain Value" owner="Collections">
<arg>${allowed_titles}</arg>
<arg>${name_title}</arg>
<doc>Fails if the ``value`` is not found from ``list``.</doc>
<status status="PASS" start="2024-07-05T18:19:45.358494" elapsed="0.000172"/>
</kw>
<kw name="Set Variable" owner="BuiltIn">
<msg time="2024-07-05T18:19:45.359257" level="INFO">${name_country} = ES</msg>
<var>${name_country}</var>
<arg>${json_data["results"][0]["nat"]}</arg>
<doc>Returns the given values which can then be assigned to a variables.</doc>
<status status="PASS" start="2024-07-05T18:19:45.358849" elapsed="0.000432"/>
</kw>
<kw name="Create List" owner="BuiltIn">
<msg time="2024-07-05T18:19:45.360157" level="INFO">${list_country} = ['AD', 'AE', 'AF', 'AG', 'AI', 'AL', 'AM', 'AO', 'AQ', 'AR', 'AS', 'AT', 'AU', 'AW', 'AX', 'AZ', 'BA', 'BB', 'BD', 'BE', 'BF', 'BG', 'BH', 'BI', 'BJ', 'BL', 'BM', 'BN', 'BO', 'BQ', 'BR', 'BS', 'BT', '...</msg>
<var>${list_country}</var>
<arg>AD</arg>
<arg>AE</arg>
<arg>AF</arg>
<arg>AG</arg>
<arg>AI</arg>
<arg>AL</arg>
<arg>AM</arg>
<arg>AO</arg>
<arg>AQ</arg>
<arg>AR</arg>
<arg>AS</arg>
<arg>AT</arg>
<arg>AU</arg>
<arg>AW</arg>
<arg>AX</arg>
<arg>AZ</arg>
<arg>BA</arg>
<arg>BB</arg>
<arg>BD</arg>
<arg>BE</arg>
<arg>BF</arg>
<arg>BG</arg>
<arg>BH</arg>
<arg>BI</arg>
<arg>BJ</arg>
<arg>BL</arg>
<arg>BM</arg>
<arg>BN</arg>
<arg>BO</arg>
<arg>BQ</arg>
<arg>BR</arg>
<arg>BS</arg>
<arg>BT</arg>
<arg>BV</arg>
<arg>BW</arg>
<arg>BY</arg>
<arg>BZ</arg>
<arg>CA</arg>
<arg>CC</arg>
<arg>CD</arg>
<arg>CF</arg>
<arg>CG</arg>
<arg>CH</arg>
<arg>CI</arg>
<arg>CK</arg>
<arg>CL</arg>
<arg>CM</arg>
<arg>CN</arg>
<arg>CO</arg>
<arg>CR</arg>
<arg>CU</arg>
<arg>CV</arg>
<arg>CW</arg>
<arg>CX</arg>
<arg>CY</arg>
<arg>CZ</arg>
<arg>DE</arg>
<arg>DJ</arg>
<arg>DK</arg>
<arg>DM</arg>
<arg>DO</arg>
<arg>DZ</arg>
<arg>EC</arg>
<arg>EE</arg>
<arg>EG</arg>
<arg>EH</arg>
<arg>ER</arg>
<arg>ES</arg>
<arg>ET</arg>
<arg>FI</arg>
<arg>FJ</arg>
<arg>FK</arg>
<arg>FM</arg>
<arg>FO</arg>
<arg>FR</arg>
<arg>GA</arg>
<arg>GB</arg>
<arg>GD</arg>
<arg>GE</arg>
<arg>GF</arg>
<arg>GG</arg>
<arg>GH</arg>
<arg>GI</arg>
<arg>GL</arg>
<arg>GM</arg>
<arg>GN</arg>
<arg>GP</arg>
<arg>GQ</arg>
<arg>GR</arg>
<arg>GS</arg>
<arg>GT</arg>
<arg>GU</arg>
<arg>GW</arg>
<arg>GY</arg>
<arg>HK</arg>
<arg>HM</arg>
<arg>HN</arg>
<arg>HR</arg>
<arg>HT</arg>
<arg>HU</arg>
<arg>ID</arg>
<arg>IE</arg>
<arg>IL</arg>
<arg>IM</arg>
<arg>IN</arg>
<arg>IO</arg>
<arg>IQ</arg>
<arg>IR</arg>
<arg>IS</arg>
<arg>IT</arg>
<arg>JE</arg>
<arg>JM</arg>
<arg>JO</arg>
<arg>JP</arg>
<arg>KE</arg>
<arg>KG</arg>
<arg>KH</arg>
<arg>KI</arg>
<arg>KM</arg>
<arg>KN</arg>
<arg>KP</arg>
<arg>KR</arg>
<arg>KW</arg>
<arg>KY</arg>
<arg>KZ</arg>
<arg>LA</arg>
<arg>LB</arg>
<arg>LC</arg>
<arg>LI</arg>
<arg>LK</arg>
<arg>LR</arg>
<arg>LS</arg>
<arg>LT</arg>
<arg>LU</arg>
<arg>LV</arg>
<arg>LY</arg>
<arg>MA</arg>
<arg>MC</arg>
<arg>MD</arg>
<arg>ME</arg>
<arg>MF</arg>
<arg>MG</arg>
<arg>MH</arg>
<arg>MK</arg>
<arg>ML</arg>
<arg>MM</arg>
<arg>MN</arg>
<arg>MO</arg>
<arg>MP</arg>
<arg>MQ</arg>
<arg>MR</arg>
<arg>MS</arg>
<arg>MT</arg>
<arg>MU</arg>
<arg>MV</arg>
<arg>MW</arg>
<arg>MX</arg>
<arg>MY</arg>
<arg>MZ</arg>
<arg>NA</arg>
<arg>NC</arg>
<arg>NE</arg>
<arg>NF</arg>
<arg>NG</arg>
<arg>NI</arg>
<arg>NL</arg>
<arg>NO</arg>
<arg>NP</arg>
<arg>NR</arg>
<arg>NU</arg>
<arg>NZ</arg>
<arg>OM</arg>
<arg>PA</arg>
<arg>PE</arg>
<arg>PF</arg>
<arg>PG</arg>
<arg>PH</arg>
<arg>PK</arg>
<arg>PL</arg>
<arg>PM</arg>
<arg>PN</arg>
<arg>PR</arg>
<arg>PS</arg>
<arg>PT</arg>
<arg>PW</arg>
<arg>PY</arg>
<arg>QA</arg>
<arg>RE</arg>
<arg>RO</arg>
<arg>RS</arg>
<arg>RU</arg>
<arg>RW</arg>
<arg>SA</arg>
<arg>SB</arg>
<arg>SC</arg>
<arg>SD</arg>
<arg>SE</arg>
<arg>SG</arg>
<arg>SH</arg>
<arg>SI</arg>
<arg>SJ</arg>
<arg>SK</arg>
<arg>SL</arg>
<arg>SM</arg>
<arg>SN</arg>
<arg>SO</arg>
<arg>SR</arg>
<arg>SS</arg>
<arg>ST</arg>
<arg>SV</arg>
<arg>SX</arg>
<arg>SY</arg>
<arg>SZ</arg>
<arg>TC</arg>
<arg>TD</arg>
<arg>TF</arg>
<arg>TG</arg>
<arg>TH</arg>
<arg>TJ</arg>
<arg>TK</arg>
<arg>TL</arg>
<arg>TM</arg>
<arg>TN</arg>
<arg>TO</arg>
<arg>TR</arg>
<arg>TT</arg>
<arg>TV</arg>
<arg>TW</arg>
<arg>TZ</arg>
<arg>UA</arg>
<arg>UG</arg>
<arg>UM</arg>
<arg>US</arg>
<arg>UY</arg>
<arg>UZ</arg>
<arg>VA</arg>
<arg>VC</arg>
<arg>VE</arg>
<arg>VG</arg>
<arg>VI</arg>
<arg>VN</arg>
<arg>VU</arg>
<arg>WF</arg>
<arg>WS</arg>
<arg>XK</arg>
<arg>YE</arg>
<arg>YT</arg>
<arg>ZA</arg>
<arg>ZM</arg>
<arg>ZW</arg>
<doc>Returns a list containing given items.</doc>
<status status="PASS" start="2024-07-05T18:19:45.359571" elapsed="0.000611"/>
</kw>
<kw name="List Should Contain Value" owner="Collections">
<arg>${list_country}</arg>
<arg>${name_country}</arg>
<doc>Fails if the ``value`` is not found from ``list``.</doc>
<status status="PASS" start="2024-07-05T18:19:45.360971" elapsed="0.000199"/>
</kw>
<kw name="Run Keyword If" owner="BuiltIn">
<kw name="Should Be True" owner="BuiltIn">
<arg>${True}</arg>
<doc>Fails if the given condition is not true.</doc>
<status status="PASS" start="2024-07-05T18:19:45.362096" elapsed="0.000138"/>
</kw>
<arg>${json_data["results"][0]["location"]["coordinates"]["latitude"]} &gt;= -90 and ${json_data["results"][0]["location"]["coordinates"]["latitude"]} &lt;= 90</arg>
<arg>Should Be True</arg>
<arg>${True}</arg>
<doc>Runs the given keyword with the given arguments, if ``condition`` is true.</doc>
<status status="PASS" start="2024-07-05T18:19:45.361363" elapsed="0.000994"/>
</kw>
<kw name="Run Keyword If" owner="BuiltIn">
<kw name="Should Be True" owner="BuiltIn">
<arg>${True}</arg>
<doc>Fails if the given condition is not true.</doc>
<status status="PASS" start="2024-07-05T18:19:45.363263" elapsed="0.000234"/>
</kw>
<arg>${json_data["results"][0]["location"]["coordinates"]["longitude"]} &gt;= -180 and ${json_data["results"][0]["location"]["coordinates"]["longitude"]} &lt;= 180</arg>
<arg>Should Be True</arg>
<arg>${True}</arg>
<doc>Runs the given keyword with the given arguments, if ``condition`` is true.</doc>
<status status="PASS" start="2024-07-05T18:19:45.362537" elapsed="0.001089"/>
</kw>
<status status="PASS" start="2024-07-05T18:19:45.297035" elapsed="0.066720"/>
</kw>
<doc>Testa o conteúdo específico dos campos retornados pela API.</doc>
<tag>testeConteudo</tag>
<status status="PASS" start="2024-07-05T18:19:45.296388" elapsed="0.067509"/>
</test>
<status status="PASS" start="2024-07-05T18:19:44.095259" elapsed="1.270563"/>
</suite>
<status status="PASS" start="2024-07-05T18:19:44.080874" elapsed="1.289930"/>
</suite>
<statistics>
<total>
<stat pass="5" fail="0" skip="0">All Tests</stat>
</total>
<tag>
<stat pass="1" fail="0" skip="0">testeConteudo</stat>
<stat pass="1" fail="0" skip="0">testeEstruturaResposta</stat>
<stat pass="1" fail="0" skip="0">testeRequisicaoBasica</stat>
<stat pass="1" fail="0" skip="0">testeTiposDados</stat>
</tag>
<suite>
<stat pass="5" fail="0" skip="0" id="s1" name="Tests">Tests</stat>
<stat pass="5" fail="0" skip="0" id="s1-s1" name="Random-User-Test">Tests.Random-User-Test</stat>
</suite>
</statistics>
<errors>
</errors>
</robot>
