<?xml version="1.0" encoding="UTF-8"?>
<robot generator="Robot 7.0.1 (Python 3.12.4 on linux)" generated="2024-07-01T17:14:24.967810" rpa="false" schemaversion="5">
<suite id="s1" name="Tests" source="/home/runner/work/ApiRandomUser/ApiRandomUser/RamdonUser/tests">
<suite id="s1-s1" name="Random-User-Test" source="/home/runner/work/ApiRandomUser/ApiRandomUser/RamdonUser/tests/random-user-test.robot">
<test id="s1-s1-t1" name="Conectar" line="13">
<kw name="Conectar API" owner="random-user-service">
<kw name="Create Session" owner="RequestsLibrary">
<msg time="2024-07-01T17:14:25.361194" level="INFO">Creating Session using : alias=consultarAPI, url=https://randomuser.me/, headers={},                     cookies={}, auth=None, timeout=None, proxies=None, verify=False,                     debug=0 </msg>
<arg>consultarAPI</arg>
<arg>${URL}</arg>
<doc>Create Session: create a HTTP session to a server</doc>
<status status="PASS" start="2024-07-01T17:14:25.360985" elapsed="0.000400"/>
</kw>
<status status="PASS" start="2024-07-01T17:14:25.359999" elapsed="0.001773"/>
</kw>
<status status="PASS" start="2024-07-01T17:14:25.359431" elapsed="0.002535"/>
</test>
<test id="s1-s1-t2" name="Validar retorno 200 e JSON Válido" line="16">
<kw name="Teste de Requisicao Basica" owner="random-user-service">
<kw name="GET On Session" owner="RequestsLibrary">
<msg time="2024-07-01T17:14:25.430519" level="INFO">GET Request : url=https://randomuser.me/api 
 path_url=/api 
 headers={'User-Agent': 'python-requests/2.32.3', 'Accept-Encoding': 'gzip, deflate', 'Accept': '*/*', 'Connection': 'keep-alive'} 
 body=None 
 </msg>
<msg time="2024-07-01T17:14:25.430674" level="INFO">GET Response : url=https://randomuser.me/api 
 status=200, reason=OK 
 headers={'Date': 'Mon, 01 Jul 2024 17:14:25 GMT', 'Content-Type': 'application/json; charset=utf-8', 'Transfer-Encoding': 'chunked', 'Connection': 'keep-alive', 'X-Powered-By': 'Express', 'Access-Control-Allow-Origin': '*', 'Cache-Control': 'no-cache', 'ETag': 'W/"494-xBxRwNRv46kFDREw+syhsiJEyZU"', 'Vary': 'Accept-Encoding', 'Content-Encoding': 'gzip', 'CF-Cache-Status': 'DYNAMIC', 'Report-To': '{"endpoints":[{"url":"https:\\/\\/a.nel.cloudflare.com\\/report\\/v4?s=4k2TL29nQSELTT2J9KcI%2BfykbUJ3jSD%2BCkaH5gIdwSalyQRGDH%2BgJnrhyfJdS5yGqAtX1HpmBNw1vvOT1NRePAbmJC7DcREY7Unuwhu3MjIzcPY8rqMrBxshn4Qcwb4C"}],"group":"cf-nel","max_age":604800}', 'NEL': '{"success_fraction":0,"report_to":"cf-nel","max_age":604800}', 'Server': 'cloudflare', 'CF-RAY': '89c80844bf050650-IAD', 'alt-svc': 'h3=":443"; ma=86400'} 
 body={"results":[{"gender":"female","name":{"title":"Miss","first":"Gema","last":"Medina"},"location":{"street":{"number":9953,"name":"Calle de Toledo"},"city":"Santa Cruz de Tenerife","state":"Andalucía","country":"Spain","postcode":78816,"coordinates":{"latitude":"-36.7251","longitude":"59.7243"},"timezone":{"offset":"-7:00","description":"Mountain Time (US &amp; Canada)"}},"email":"gema.medina@example.com","login":{"uuid":"6823fac0-c732-4c6f-aafb-f7f486edaf88","username":"sadzebra497","password":"wifey","salt":"EnlVz8iP","md5":"77ccd178259c6903d6ca4c72a09a1bfa","sha1":"d47c1c8193348d2e43c1be5bda698a836204a54e","sha256":"75c46d9e150e43ca1e7ea6d3eb1f2630c74408837e0560004e40a92b228671d8"},"dob":{"date":"2001-01-09T16:29:02.520Z","age":23},"registered":{"date":"2008-03-17T07:40:15.417Z","age":16},"phone":"939-869-556","cell":"685-226-481","id":{"name":"DNI","value":"47064878-S"},"picture":{"large":"https://randomuser.me/api/portraits/women/51.jpg","medium":"https://randomuser.me/api/portraits/med/women/51.jpg","thumbnail":"https://randomuser.me/api/portraits/thumb/women/51.jpg"},"nat":"ES"}],"info":{"seed":"f722dbce5cd9098c","results":1,"page":1,"version":"1.4"}} 
 </msg>
<msg time="2024-07-01T17:14:25.430762" level="INFO">/opt/hostedtoolcache/Python/3.12.4/x64/lib/python3.12/site-packages/urllib3/connectionpool.py:1099: InsecureRequestWarning: Unverified HTTPS request is being made to host 'randomuser.me'. Adding certificate verification is strongly advised. See: https://urllib3.readthedocs.io/en/latest/advanced-usage.html#tls-warnings
  warnings.warn(</msg>
<msg time="2024-07-01T17:14:25.430909" level="INFO">${response} = &lt;Response [200]&gt;</msg>
<var>${response}</var>
<arg>consultarAPI</arg>
<arg>/api</arg>
<doc>Sends a GET request on a previously created HTTP Session.</doc>
<status status="PASS" start="2024-07-01T17:14:25.364553" elapsed="0.066397"/>
</kw>
<kw name="Should Be Equal As Numbers" owner="BuiltIn">
<msg time="2024-07-01T17:14:25.431932" level="INFO">Argument types are:
&lt;class 'int'&gt;
&lt;class 'str'&gt;</msg>
<arg>${response.status_code}</arg>
<arg>200</arg>
<doc>Fails if objects are unequal after converting them to real numbers.</doc>
<status status="PASS" start="2024-07-01T17:14:25.431473" elapsed="0.000524"/>
</kw>
<kw name="Log" owner="BuiltIn">
<msg time="2024-07-01T17:14:25.432659" level="INFO">200</msg>
<arg>${response.status_code}</arg>
<doc>Logs the given message with the given level.</doc>
<status status="PASS" start="2024-07-01T17:14:25.432312" elapsed="0.000389"/>
</kw>
<kw name="Set Variable" owner="BuiltIn">
<msg time="2024-07-01T17:14:25.433506" level="INFO">${json_data} = {'results': [{'gender': 'female', 'name': {'title': 'Miss', 'first': 'Gema', 'last': 'Medina'}, 'location': {'street': {'number': 9953, 'name': 'Calle de Toledo'}, 'city': 'Santa Cruz de Tenerife', 's...</msg>
<var>${json_data}</var>
<arg>${response.json()}</arg>
<doc>Returns the given values which can then be assigned to a variables.</doc>
<status status="PASS" start="2024-07-01T17:14:25.433011" elapsed="0.000527"/>
</kw>
<kw name="Dictionary Should Contain Key" owner="Collections">
<arg>${json_data}</arg>
<arg>results</arg>
<doc>Fails if ``key`` is not found from ``dictionary``.</doc>
<status status="PASS" start="2024-07-01T17:14:25.433845" elapsed="0.000165"/>
</kw>
<status status="PASS" start="2024-07-01T17:14:25.364306" elapsed="0.069860"/>
</kw>
<doc>Testa se a API responde corretamente e retorna um objeto JSON válido.</doc>
<tag>testeRequisicaoBasica</tag>
<status status="PASS" start="2024-07-01T17:14:25.363848" elapsed="0.070497"/>
</test>
<test id="s1-s1-t3" name="Validar estrutura de resposta" line="22">
<kw name="Teste de Estrutura de Resposta" owner="random-user-service">
<kw name="GET On Session" owner="RequestsLibrary">
<msg time="2024-07-01T17:14:25.555029" level="INFO">GET Request : url=https://randomuser.me/api 
 path_url=/api 
 headers={'User-Agent': 'python-requests/2.32.3', 'Accept-Encoding': 'gzip, deflate', 'Accept': '*/*', 'Connection': 'keep-alive'} 
 body=None 
 </msg>
<msg time="2024-07-01T17:14:25.555132" level="INFO">GET Response : url=https://randomuser.me/api 
 status=200, reason=OK 
 headers={'Date': 'Mon, 01 Jul 2024 17:14:25 GMT', 'Content-Type': 'application/json; charset=utf-8', 'Transfer-Encoding': 'chunked', 'Connection': 'keep-alive', 'X-Powered-By': 'Express', 'Access-Control-Allow-Origin': '*', 'Cache-Control': 'no-cache', 'ETag': 'W/"48b-hPVxzWVNKsK7iLvqRq6lfwSoCho"', 'Vary': 'Accept-Encoding', 'Content-Encoding': 'gzip', 'CF-Cache-Status': 'DYNAMIC', 'Report-To': '{"endpoints":[{"url":"https:\\/\\/a.nel.cloudflare.com\\/report\\/v4?s=ZaH6uXmsANtdXAWQXyhuTpMaP1xhZudkOOKt4IDxUVmHWiiymZe7%2BXsJft1ITv0EG5XvakOguPqIFgSx4s%2Bgn2j9pu%2Fz1s%2FzsQ45a2kUaJX5dOIvf9QLIwh8gW4mn%2FGy"}],"group":"cf-nel","max_age":604800}', 'NEL': '{"success_fraction":0,"report_to":"cf-nel","max_age":604800}', 'Server': 'cloudflare', 'CF-RAY': '89c80844ff580650-IAD', 'alt-svc': 'h3=":443"; ma=86400'} 
 body={"results":[{"gender":"female","name":{"title":"Miss","first":"Soumyashree","last":"Shroff"},"location":{"street":{"number":1498,"name":"Old Jail Rd"},"city":"Bhalswa","state":"Gujarat","country":"India","postcode":98825,"coordinates":{"latitude":"10.0759","longitude":"153.7652"},"timezone":{"offset":"+6:00","description":"Almaty, Dhaka, Colombo"}},"email":"soumyashree.shroff@example.com","login":{"uuid":"de3c2925-f984-41cd-95e7-9c0a7c287923","username":"lazymouse781","password":"timeout","salt":"LGsfX2ev","md5":"88a5f363ce71dbb69a621f5a3ca08bd6","sha1":"22accfcfa76016f029b9f0cfa208f570341721df","sha256":"2014676b281b275e1f08242232e09eb535e42e2a838ac87a9e617be59d3245de"},"dob":{"date":"1946-11-04T03:41:11.758Z","age":77},"registered":{"date":"2015-01-15T01:33:37.747Z","age":9},"phone":"9154512646","cell":"8286041776","id":{"name":"UIDAI","value":"026694693960"},"picture":{"large":"https://randomuser.me/api/portraits/women/44.jpg","medium":"https://randomuser.me/api/portraits/med/women/44.jpg","thumbnail":"https://randomuser.me/api/portraits/thumb/women/44.jpg"},"nat":"IN"}],"info":{"seed":"55d70c04027d12a4","results":1,"page":1,"version":"1.4"}} 
 </msg>
<msg time="2024-07-01T17:14:25.555264" level="INFO">/opt/hostedtoolcache/Python/3.12.4/x64/lib/python3.12/site-packages/urllib3/connectionpool.py:1099: InsecureRequestWarning: Unverified HTTPS request is being made to host 'randomuser.me'. Adding certificate verification is strongly advised. See: https://urllib3.readthedocs.io/en/latest/advanced-usage.html#tls-warnings
  warnings.warn(</msg>
<msg time="2024-07-01T17:14:25.555403" level="INFO">${response} = &lt;Response [200]&gt;</msg>
<var>${response}</var>
<arg>consultarAPI</arg>
<arg>/api</arg>
<doc>Sends a GET request on a previously created HTTP Session.</doc>
<status status="PASS" start="2024-07-01T17:14:25.437008" elapsed="0.118436"/>
</kw>
<kw name="Set Variable" owner="BuiltIn">
<msg time="2024-07-01T17:14:25.556629" level="INFO">${json_data} = {'results': [{'gender': 'female', 'name': {'title': 'Miss', 'first': 'Soumyashree', 'last': 'Shroff'}, 'location': {'street': {'number': 1498, 'name': 'Old Jail Rd'}, 'city': 'Bhalswa', 'state': 'Guja...</msg>
<var>${json_data}</var>
<arg>${response.json()}</arg>
<doc>Returns the given values which can then be assigned to a variables.</doc>
<status status="PASS" start="2024-07-01T17:14:25.556058" elapsed="0.000600"/>
</kw>
<kw name="Log" owner="BuiltIn">
<msg time="2024-07-01T17:14:25.557133" level="INFO">{'results': [{'gender': 'female', 'name': {'title': 'Miss', 'first': 'Soumyashree', 'last': 'Shroff'}, 'location': {'street': {'number': 1498, 'name': 'Old Jail Rd'}, 'city': 'Bhalswa', 'state': 'Gujarat', 'country': 'India', 'postcode': 98825, 'coordinates': {'latitude': '10.0759', 'longitude': '153.7652'}, 'timezone': {'offset': '+6:00', 'description': 'Almaty, Dhaka, Colombo'}}, 'email': 'soumyashree.shroff@example.com', 'login': {'uuid': 'de3c2925-f984-41cd-95e7-9c0a7c287923', 'username': 'lazymouse781', 'password': 'timeout', 'salt': 'LGsfX2ev', 'md5': '88a5f363ce71dbb69a621f5a3ca08bd6', 'sha1': '22accfcfa76016f029b9f0cfa208f570341721df', 'sha256': '2014676b281b275e1f08242232e09eb535e42e2a838ac87a9e617be59d3245de'}, 'dob': {'date': '1946-11-04T03:41:11.758Z', 'age': 77}, 'registered': {'date': '2015-01-15T01:33:37.747Z', 'age': 9}, 'phone': '9154512646', 'cell': '8286041776', 'id': {'name': 'UIDAI', 'value': '026694693960'}, 'picture': {'large': 'https://randomuser.me/api/portraits/women/44.jpg', 'medium': 'https://randomuser.me/api/portraits/med/women/44.jpg', 'thumbnail': 'https://randomuser.me/api/portraits/thumb/women/44.jpg'}, 'nat': 'IN'}], 'info': {'seed': '55d70c04027d12a4', 'results': 1, 'page': 1, 'version': '1.4'}}</msg>
<arg>${json_data}</arg>
<doc>Logs the given message with the given level.</doc>
<status status="PASS" start="2024-07-01T17:14:25.556972" elapsed="0.000210"/>
</kw>
<kw name="Dictionary Should Contain Key" owner="Collections">
<arg>${json_data}</arg>
<arg>results</arg>
<doc>Fails if ``key`` is not found from ``dictionary``.</doc>
<status status="PASS" start="2024-07-01T17:14:25.557522" elapsed="0.000180"/>
</kw>
<kw name="Should Not Be Empty" owner="BuiltIn">
<msg time="2024-07-01T17:14:25.558021" level="INFO">Length is 2.</msg>
<arg>${json_data}</arg>
<doc>Verifies that the given item is not empty.</doc>
<status status="PASS" start="2024-07-01T17:14:25.557890" elapsed="0.000170"/>
</kw>
<kw name="Create List" owner="BuiltIn">
<msg time="2024-07-01T17:14:25.558518" level="INFO">${expected_keys} = ['gender', 'name', 'location', 'email', 'login']</msg>
<var>${expected_keys}</var>
<arg>gender</arg>
<arg>name</arg>
<arg>location</arg>
<arg>email</arg>
<arg>login</arg>
<doc>Returns a list containing given items.</doc>
<status status="PASS" start="2024-07-01T17:14:25.558363" elapsed="0.000180"/>
</kw>
<for flavor="IN">
<iter>
<kw name="Dictionary Should Contain Key" owner="Collections">
<arg>${json_data['results'][0]}</arg>
<arg>${key}</arg>
<doc>Fails if ``key`` is not found from ``dictionary``.</doc>
<status status="PASS" start="2024-07-01T17:14:25.559349" elapsed="0.000414"/>
</kw>
<kw name="Log" owner="BuiltIn">
<msg time="2024-07-01T17:14:25.560328" level="INFO">{'gender': 'female', 'name': {'title': 'Miss', 'first': 'Soumyashree', 'last': 'Shroff'}, 'location': {'street': {'number': 1498, 'name': 'Old Jail Rd'}, 'city': 'Bhalswa', 'state': 'Gujarat', 'country': 'India', 'postcode': 98825, 'coordinates': {'latitude': '10.0759', 'longitude': '153.7652'}, 'timezone': {'offset': '+6:00', 'description': 'Almaty, Dhaka, Colombo'}}, 'email': 'soumyashree.shroff@example.com', 'login': {'uuid': 'de3c2925-f984-41cd-95e7-9c0a7c287923', 'username': 'lazymouse781', 'password': 'timeout', 'salt': 'LGsfX2ev', 'md5': '88a5f363ce71dbb69a621f5a3ca08bd6', 'sha1': '22accfcfa76016f029b9f0cfa208f570341721df', 'sha256': '2014676b281b275e1f08242232e09eb535e42e2a838ac87a9e617be59d3245de'}, 'dob': {'date': '1946-11-04T03:41:11.758Z', 'age': 77}, 'registered': {'date': '2015-01-15T01:33:37.747Z', 'age': 9}, 'phone': '9154512646', 'cell': '8286041776', 'id': {'name': 'UIDAI', 'value': '026694693960'}, 'picture': {'large': 'https://randomuser.me/api/portraits/women/44.jpg', 'medium': 'https://randomuser.me/api/portraits/med/women/44.jpg', 'thumbnail': 'https://randomuser.me/api/portraits/thumb/women/44.jpg'}, 'nat': 'IN'}</msg>
<arg>${json_data['results'][0]}</arg>
<doc>Logs the given message with the given level.</doc>
<status status="PASS" start="2024-07-01T17:14:25.559958" elapsed="0.000419"/>
</kw>
<kw name="Log" owner="BuiltIn">
<msg time="2024-07-01T17:14:25.560808" level="INFO">gender</msg>
<arg>${key}</arg>
<doc>Logs the given message with the given level.</doc>
<status status="PASS" start="2024-07-01T17:14:25.560678" elapsed="0.000169"/>
</kw>
<var name="${key}">gender</var>
<status status="PASS" start="2024-07-01T17:14:25.559195" elapsed="0.001879"/>
</iter>
<iter>
<kw name="Dictionary Should Contain Key" owner="Collections">
<arg>${json_data['results'][0]}</arg>
<arg>${key}</arg>
<doc>Fails if ``key`` is not found from ``dictionary``.</doc>
<status status="PASS" start="2024-07-01T17:14:25.561373" elapsed="0.000442"/>
</kw>
<kw name="Log" owner="BuiltIn">
<msg time="2024-07-01T17:14:25.562365" level="INFO">{'gender': 'female', 'name': {'title': 'Miss', 'first': 'Soumyashree', 'last': 'Shroff'}, 'location': {'street': {'number': 1498, 'name': 'Old Jail Rd'}, 'city': 'Bhalswa', 'state': 'Gujarat', 'country': 'India', 'postcode': 98825, 'coordinates': {'latitude': '10.0759', 'longitude': '153.7652'}, 'timezone': {'offset': '+6:00', 'description': 'Almaty, Dhaka, Colombo'}}, 'email': 'soumyashree.shroff@example.com', 'login': {'uuid': 'de3c2925-f984-41cd-95e7-9c0a7c287923', 'username': 'lazymouse781', 'password': 'timeout', 'salt': 'LGsfX2ev', 'md5': '88a5f363ce71dbb69a621f5a3ca08bd6', 'sha1': '22accfcfa76016f029b9f0cfa208f570341721df', 'sha256': '2014676b281b275e1f08242232e09eb535e42e2a838ac87a9e617be59d3245de'}, 'dob': {'date': '1946-11-04T03:41:11.758Z', 'age': 77}, 'registered': {'date': '2015-01-15T01:33:37.747Z', 'age': 9}, 'phone': '9154512646', 'cell': '8286041776', 'id': {'name': 'UIDAI', 'value': '026694693960'}, 'picture': {'large': 'https://randomuser.me/api/portraits/women/44.jpg', 'medium': 'https://randomuser.me/api/portraits/med/women/44.jpg', 'thumbnail': 'https://randomuser.me/api/portraits/thumb/women/44.jpg'}, 'nat': 'IN'}</msg>
<arg>${json_data['results'][0]}</arg>
<doc>Logs the given message with the given level.</doc>
<status status="PASS" start="2024-07-01T17:14:25.562008" elapsed="0.000439"/>
</kw>
<kw name="Log" owner="BuiltIn">
<msg time="2024-07-01T17:14:25.562878" level="INFO">name</msg>
<arg>${key}</arg>
<doc>Logs the given message with the given level.</doc>
<status status="PASS" start="2024-07-01T17:14:25.562748" elapsed="0.000168"/>
</kw>
<var name="${key}">name</var>
<status status="PASS" start="2024-07-01T17:14:25.561260" elapsed="0.001883"/>
</iter>
<iter>
<kw name="Dictionary Should Contain Key" owner="Collections">
<arg>${json_data['results'][0]}</arg>
<arg>${key}</arg>
<doc>Fails if ``key`` is not found from ``dictionary``.</doc>
<status status="PASS" start="2024-07-01T17:14:25.563433" elapsed="0.000382"/>
</kw>
<kw name="Log" owner="BuiltIn">
<msg time="2024-07-01T17:14:25.564351" level="INFO">{'gender': 'female', 'name': {'title': 'Miss', 'first': 'Soumyashree', 'last': 'Shroff'}, 'location': {'street': {'number': 1498, 'name': 'Old Jail Rd'}, 'city': 'Bhalswa', 'state': 'Gujarat', 'country': 'India', 'postcode': 98825, 'coordinates': {'latitude': '10.0759', 'longitude': '153.7652'}, 'timezone': {'offset': '+6:00', 'description': 'Almaty, Dhaka, Colombo'}}, 'email': 'soumyashree.shroff@example.com', 'login': {'uuid': 'de3c2925-f984-41cd-95e7-9c0a7c287923', 'username': 'lazymouse781', 'password': 'timeout', 'salt': 'LGsfX2ev', 'md5': '88a5f363ce71dbb69a621f5a3ca08bd6', 'sha1': '22accfcfa76016f029b9f0cfa208f570341721df', 'sha256': '2014676b281b275e1f08242232e09eb535e42e2a838ac87a9e617be59d3245de'}, 'dob': {'date': '1946-11-04T03:41:11.758Z', 'age': 77}, 'registered': {'date': '2015-01-15T01:33:37.747Z', 'age': 9}, 'phone': '9154512646', 'cell': '8286041776', 'id': {'name': 'UIDAI', 'value': '026694693960'}, 'picture': {'large': 'https://randomuser.me/api/portraits/women/44.jpg', 'medium': 'https://randomuser.me/api/portraits/med/women/44.jpg', 'thumbnail': 'https://randomuser.me/api/portraits/thumb/women/44.jpg'}, 'nat': 'IN'}</msg>
<arg>${json_data['results'][0]}</arg>
<doc>Logs the given message with the given level.</doc>
<status status="PASS" start="2024-07-01T17:14:25.563998" elapsed="0.000399"/>
</kw>
<kw name="Log" owner="BuiltIn">
<msg time="2024-07-01T17:14:25.564828" level="INFO">location</msg>
<arg>${key}</arg>
<doc>Logs the given message with the given level.</doc>
<status status="PASS" start="2024-07-01T17:14:25.564698" elapsed="0.000168"/>
</kw>
<var name="${key}">location</var>
<status status="PASS" start="2024-07-01T17:14:25.563324" elapsed="0.001764"/>
</iter>
<iter>
<kw name="Dictionary Should Contain Key" owner="Collections">
<arg>${json_data['results'][0]}</arg>
<arg>${key}</arg>
<doc>Fails if ``key`` is not found from ``dictionary``.</doc>
<status status="PASS" start="2024-07-01T17:14:25.565368" elapsed="0.000430"/>
</kw>
<kw name="Log" owner="BuiltIn">
<msg time="2024-07-01T17:14:25.566339" level="INFO">{'gender': 'female', 'name': {'title': 'Miss', 'first': 'Soumyashree', 'last': 'Shroff'}, 'location': {'street': {'number': 1498, 'name': 'Old Jail Rd'}, 'city': 'Bhalswa', 'state': 'Gujarat', 'country': 'India', 'postcode': 98825, 'coordinates': {'latitude': '10.0759', 'longitude': '153.7652'}, 'timezone': {'offset': '+6:00', 'description': 'Almaty, Dhaka, Colombo'}}, 'email': 'soumyashree.shroff@example.com', 'login': {'uuid': 'de3c2925-f984-41cd-95e7-9c0a7c287923', 'username': 'lazymouse781', 'password': 'timeout', 'salt': 'LGsfX2ev', 'md5': '88a5f363ce71dbb69a621f5a3ca08bd6', 'sha1': '22accfcfa76016f029b9f0cfa208f570341721df', 'sha256': '2014676b281b275e1f08242232e09eb535e42e2a838ac87a9e617be59d3245de'}, 'dob': {'date': '1946-11-04T03:41:11.758Z', 'age': 77}, 'registered': {'date': '2015-01-15T01:33:37.747Z', 'age': 9}, 'phone': '9154512646', 'cell': '8286041776', 'id': {'name': 'UIDAI', 'value': '026694693960'}, 'picture': {'large': 'https://randomuser.me/api/portraits/women/44.jpg', 'medium': 'https://randomuser.me/api/portraits/med/women/44.jpg', 'thumbnail': 'https://randomuser.me/api/portraits/thumb/women/44.jpg'}, 'nat': 'IN'}</msg>
<arg>${json_data['results'][0]}</arg>
<doc>Logs the given message with the given level.</doc>
<status status="PASS" start="2024-07-01T17:14:25.565983" elapsed="0.000404"/>
</kw>
<kw name="Log" owner="BuiltIn">
<msg time="2024-07-01T17:14:25.566812" level="INFO">email</msg>
<arg>${key}</arg>
<doc>Logs the given message with the given level.</doc>
<status status="PASS" start="2024-07-01T17:14:25.566686" elapsed="0.000165"/>
</kw>
<var name="${key}">email</var>
<status status="PASS" start="2024-07-01T17:14:25.565260" elapsed="0.001819"/>
</iter>
<iter>
<kw name="Dictionary Should Contain Key" owner="Collections">
<arg>${json_data['results'][0]}</arg>
<arg>${key}</arg>
<doc>Fails if ``key`` is not found from ``dictionary``.</doc>
<status status="PASS" start="2024-07-01T17:14:25.567364" elapsed="0.000391"/>
</kw>
<kw name="Log" owner="BuiltIn">
<msg time="2024-07-01T17:14:25.568296" level="INFO">{'gender': 'female', 'name': {'title': 'Miss', 'first': 'Soumyashree', 'last': 'Shroff'}, 'location': {'street': {'number': 1498, 'name': 'Old Jail Rd'}, 'city': 'Bhalswa', 'state': 'Gujarat', 'country': 'India', 'postcode': 98825, 'coordinates': {'latitude': '10.0759', 'longitude': '153.7652'}, 'timezone': {'offset': '+6:00', 'description': 'Almaty, Dhaka, Colombo'}}, 'email': 'soumyashree.shroff@example.com', 'login': {'uuid': 'de3c2925-f984-41cd-95e7-9c0a7c287923', 'username': 'lazymouse781', 'password': 'timeout', 'salt': 'LGsfX2ev', 'md5': '88a5f363ce71dbb69a621f5a3ca08bd6', 'sha1': '22accfcfa76016f029b9f0cfa208f570341721df', 'sha256': '2014676b281b275e1f08242232e09eb535e42e2a838ac87a9e617be59d3245de'}, 'dob': {'date': '1946-11-04T03:41:11.758Z', 'age': 77}, 'registered': {'date': '2015-01-15T01:33:37.747Z', 'age': 9}, 'phone': '9154512646', 'cell': '8286041776', 'id': {'name': 'UIDAI', 'value': '026694693960'}, 'picture': {'large': 'https://randomuser.me/api/portraits/women/44.jpg', 'medium': 'https://randomuser.me/api/portraits/med/women/44.jpg', 'thumbnail': 'https://randomuser.me/api/portraits/thumb/women/44.jpg'}, 'nat': 'IN'}</msg>
<arg>${json_data['results'][0]}</arg>
<doc>Logs the given message with the given level.</doc>
<status status="PASS" start="2024-07-01T17:14:25.567938" elapsed="0.000404"/>
</kw>
<kw name="Log" owner="BuiltIn">
<msg time="2024-07-01T17:14:25.568761" level="INFO">login</msg>
<arg>${key}</arg>
<doc>Logs the given message with the given level.</doc>
<status status="PASS" start="2024-07-01T17:14:25.568634" elapsed="0.000165"/>
</kw>
<var name="${key}">login</var>
<status status="PASS" start="2024-07-01T17:14:25.567252" elapsed="0.001773"/>
</iter>
<var>${key}</var>
<value>@{expected_keys}</value>
<status status="PASS" start="2024-07-01T17:14:25.558977" elapsed="0.010169"/>
</for>
<kw name="Create List" owner="BuiltIn">
<msg time="2024-07-01T17:14:25.569515" level="INFO">${expected_keysTwo} = ['username', 'password']</msg>
<var>${expected_keysTwo}</var>
<arg>username</arg>
<arg>password</arg>
<doc>Returns a list containing given items.</doc>
<status status="PASS" start="2024-07-01T17:14:25.569342" elapsed="0.000227"/>
</kw>
<for flavor="IN">
<iter>
<kw name="Dictionary Should Contain Key" owner="Collections">
<arg>${json_data['results'][0]['login']}</arg>
<arg>${keyTwo}</arg>
<doc>Fails if ``key`` is not found from ``dictionary``.</doc>
<status status="PASS" start="2024-07-01T17:14:25.570080" elapsed="0.000390"/>
</kw>
<kw name="Dictionary Should Contain Key" owner="Collections">
<arg>${json_data['results'][0]['login']}</arg>
<arg>${keyTwo}</arg>
<doc>Fails if ``key`` is not found from ``dictionary``.</doc>
<status status="PASS" start="2024-07-01T17:14:25.570662" elapsed="0.000387"/>
</kw>
<kw name="Log" owner="BuiltIn">
<msg time="2024-07-01T17:14:25.571358" level="INFO">username</msg>
<arg>${keyTwo}</arg>
<doc>Logs the given message with the given level.</doc>
<status status="PASS" start="2024-07-01T17:14:25.571232" elapsed="0.000165"/>
</kw>
<var name="${keyTwo}">username</var>
<status status="PASS" start="2024-07-01T17:14:25.569973" elapsed="0.001647"/>
</iter>
<iter>
<kw name="Dictionary Should Contain Key" owner="Collections">
<arg>${json_data['results'][0]['login']}</arg>
<arg>${keyTwo}</arg>
<doc>Fails if ``key`` is not found from ``dictionary``.</doc>
<status status="PASS" start="2024-07-01T17:14:25.571896" elapsed="0.000397"/>
</kw>
<kw name="Dictionary Should Contain Key" owner="Collections">
<arg>${json_data['results'][0]['login']}</arg>
<arg>${keyTwo}</arg>
<doc>Fails if ``key`` is not found from ``dictionary``.</doc>
<status status="PASS" start="2024-07-01T17:14:25.572473" elapsed="0.000374"/>
</kw>
<kw name="Log" owner="BuiltIn">
<msg time="2024-07-01T17:14:25.573145" level="INFO">password</msg>
<arg>${keyTwo}</arg>
<doc>Logs the given message with the given level.</doc>
<status status="PASS" start="2024-07-01T17:14:25.573025" elapsed="0.000163"/>
</kw>
<var name="${keyTwo}">password</var>
<status status="PASS" start="2024-07-01T17:14:25.571791" elapsed="0.001622"/>
</iter>
<var>${keyTwo}</var>
<value>@{expected_keysTwo}</value>
<status status="PASS" start="2024-07-01T17:14:25.569819" elapsed="0.003758"/>
</for>
<status status="PASS" start="2024-07-01T17:14:25.436778" elapsed="0.136945"/>
</kw>
<doc>Testa a estrutura da resposta da API.</doc>
<tag>testeEstruturaResposta</tag>
<status status="PASS" start="2024-07-01T17:14:25.436195" elapsed="0.137691"/>
</test>
<test id="s1-s1-t4" name="Validar tipos de dados" line="28">
<kw name="Teste de Tipos de Dados" owner="random-user-service">
<kw name="GET On Session" owner="RequestsLibrary">
<msg time="2024-07-01T17:14:25.929133" level="INFO">GET Request : url=https://randomuser.me/api 
 path_url=/api 
 headers={'User-Agent': 'python-requests/2.32.3', 'Accept-Encoding': 'gzip, deflate', 'Accept': '*/*', 'Connection': 'keep-alive'} 
 body=None 
 </msg>
<msg time="2024-07-01T17:14:25.929261" level="INFO">GET Response : url=https://randomuser.me/api 
 status=200, reason=OK 
 headers={'Date': 'Mon, 01 Jul 2024 17:14:25 GMT', 'Content-Type': 'application/json; charset=utf-8', 'Transfer-Encoding': 'chunked', 'Connection': 'keep-alive', 'X-Powered-By': 'Express', 'Access-Control-Allow-Origin': '*', 'Cache-Control': 'no-cache', 'ETag': 'W/"486-/jqAML3LYg2tmRXEAMvasYlhnDM"', 'Vary': 'Accept-Encoding', 'Content-Encoding': 'gzip', 'CF-Cache-Status': 'DYNAMIC', 'Report-To': '{"endpoints":[{"url":"https:\\/\\/a.nel.cloudflare.com\\/report\\/v4?s=XT5MWTEVLHKHroup3WRsuXx3QRI1M1KPiyDc1Ofo8yuarvywsxaUwcNP75S1a6ZM2KSVS46Q2u8coCVIXrXNAy7FgKmKDy8pUzJgepYNURPU2DMMPFIZ1vZ2C9IjEYKH"}],"group":"cf-nel","max_age":604800}', 'NEL': '{"success_fraction":0,"report_to":"cf-nel","max_age":604800}', 'Server': 'cloudflare', 'CF-RAY': '89c80845d85a0650-IAD', 'alt-svc': 'h3=":443"; ma=86400'} 
 body={"results":[{"gender":"female","name":{"title":"Mrs","first":"Susan","last":"Edwards"},"location":{"street":{"number":4148,"name":"Hogan St"},"city":"Mackay","state":"Queensland","country":"Australia","postcode":9356,"coordinates":{"latitude":"-82.8244","longitude":"44.7924"},"timezone":{"offset":"+6:00","description":"Almaty, Dhaka, Colombo"}},"email":"susan.edwards@example.com","login":{"uuid":"e37c6686-7d5f-40f9-b377-1a615016649f","username":"heavybutterfly677","password":"joejoe","salt":"Yu8c0Kmo","md5":"16e12dd0cc55603201375ee9beef18c4","sha1":"b3b6b59d6994584610244ccf3792b03a21b2fde1","sha256":"9f64e12c7daaed2c38e79251ecd0fa1c0fa433c923f3d4caf50b4aad91364414"},"dob":{"date":"1968-09-30T00:00:05.593Z","age":55},"registered":{"date":"2004-02-22T07:07:36.826Z","age":20},"phone":"00-1343-6912","cell":"0435-424-295","id":{"name":"TFN","value":"986027023"},"picture":{"large":"https://randomuser.me/api/portraits/women/35.jpg","medium":"https://randomuser.me/api/portraits/med/women/35.jpg","thumbnail":"https://randomuser.me/api/portraits/thumb/women/35.jpg"},"nat":"AU"}],"info":{"seed":"ff748877e9fc5a5b","results":1,"page":1,"version":"1.4"}} 
 </msg>
<msg time="2024-07-01T17:14:25.929363" level="INFO">/opt/hostedtoolcache/Python/3.12.4/x64/lib/python3.12/site-packages/urllib3/connectionpool.py:1099: InsecureRequestWarning: Unverified HTTPS request is being made to host 'randomuser.me'. Adding certificate verification is strongly advised. See: https://urllib3.readthedocs.io/en/latest/advanced-usage.html#tls-warnings
  warnings.warn(</msg>
<msg time="2024-07-01T17:14:25.929545" level="INFO">${response} = &lt;Response [200]&gt;</msg>
<var>${response}</var>
<arg>consultarAPI</arg>
<arg>/api</arg>
<doc>Sends a GET request on a previously created HTTP Session.</doc>
<status status="PASS" start="2024-07-01T17:14:25.576567" elapsed="0.353023"/>
</kw>
<kw name="Set Variable" owner="BuiltIn">
<msg time="2024-07-01T17:14:25.931047" level="INFO">${json_data} = {'results': [{'gender': 'female', 'name': {'title': 'Mrs', 'first': 'Susan', 'last': 'Edwards'}, 'location': {'street': {'number': 4148, 'name': 'Hogan St'}, 'city': 'Mackay', 'state': 'Queensland', '...</msg>
<var>${json_data}</var>
<arg>${response.json()}</arg>
<doc>Returns the given values which can then be assigned to a variables.</doc>
<status status="PASS" start="2024-07-01T17:14:25.930254" elapsed="0.000843"/>
</kw>
<kw name="Log" owner="BuiltIn">
<msg time="2024-07-01T17:14:25.931824" level="INFO">{'results': [{'gender': 'female', 'name': {'title': 'Mrs', 'first': 'Susan', 'last': 'Edwards'}, 'location': {'street': {'number': 4148, 'name': 'Hogan St'}, 'city': 'Mackay', 'state': 'Queensland', 'country': 'Australia', 'postcode': 9356, 'coordinates': {'latitude': '-82.8244', 'longitude': '44.7924'}, 'timezone': {'offset': '+6:00', 'description': 'Almaty, Dhaka, Colombo'}}, 'email': 'susan.edwards@example.com', 'login': {'uuid': 'e37c6686-7d5f-40f9-b377-1a615016649f', 'username': 'heavybutterfly677', 'password': 'joejoe', 'salt': 'Yu8c0Kmo', 'md5': '16e12dd0cc55603201375ee9beef18c4', 'sha1': 'b3b6b59d6994584610244ccf3792b03a21b2fde1', 'sha256': '9f64e12c7daaed2c38e79251ecd0fa1c0fa433c923f3d4caf50b4aad91364414'}, 'dob': {'date': '1968-09-30T00:00:05.593Z', 'age': 55}, 'registered': {'date': '2004-02-22T07:07:36.826Z', 'age': 20}, 'phone': '00-1343-6912', 'cell': '0435-424-295', 'id': {'name': 'TFN', 'value': '986027023'}, 'picture': {'large': 'https://randomuser.me/api/portraits/women/35.jpg', 'medium': 'https://randomuser.me/api/portraits/med/women/35.jpg', 'thumbnail': 'https://randomuser.me/api/portraits/thumb/women/35.jpg'}, 'nat': 'AU'}], 'info': {'seed': 'ff748877e9fc5a5b', 'results': 1, 'page': 1, 'version': '1.4'}}</msg>
<arg>${json_data}</arg>
<doc>Logs the given message with the given level.</doc>
<status status="PASS" start="2024-07-01T17:14:25.931593" elapsed="0.000307"/>
</kw>
<kw name="Should Be String" owner="String">
<arg>${json_data['results'][0]['gender']}</arg>
<doc>Fails if the given ``item`` is not a string.</doc>
<status status="PASS" start="2024-07-01T17:14:25.932311" elapsed="0.000461"/>
</kw>
<kw name="Should Match Regexp" owner="BuiltIn">
<arg>${json_data['results'][0]['email']}</arg>
<arg>^[a-zA-Z0-9._%+-]+@[a-zA-Z0-9.-]+\.[a-zA-Z]{2,}$</arg>
<doc>Fails if ``string`` does not match ``pattern`` as a regular expression.</doc>
<status status="PASS" start="2024-07-01T17:14:25.932968" elapsed="0.000565"/>
</kw>
<kw name="Should Match Regexp" owner="BuiltIn">
<arg>${json_data['results'][0]['dob']['date']}</arg>
<arg>\\d{4}-\\d{2}-\\d{2}T\\d{2}:\\d{2}:\\d{2}\\.\\d{3}Z</arg>
<doc>Fails if ``string`` does not match ``pattern`` as a regular expression.</doc>
<status status="PASS" start="2024-07-01T17:14:25.933774" elapsed="0.000498"/>
</kw>
<kw name="Should Match Regexp" owner="BuiltIn">
<arg>${json_data['results'][0]['registered']['date']}</arg>
<arg>\\d{4}-\\d{2}-\\d{2}T\\d{2}:\\d{2}:\\d{2}\\.\\d{3}Z</arg>
<doc>Fails if ``string`` does not match ``pattern`` as a regular expression.</doc>
<status status="PASS" start="2024-07-01T17:14:25.934465" elapsed="0.000369"/>
</kw>
<kw name="Should Match Regexp" owner="BuiltIn">
<arg>${json_data['results'][0]['picture']['large']}</arg>
<arg>^https?://.*\.(?:png|jpe?g|gif|bmp)$</arg>
<doc>Fails if ``string`` does not match ``pattern`` as a regular expression.</doc>
<status status="PASS" start="2024-07-01T17:14:25.935022" elapsed="0.000457"/>
</kw>
<kw name="Should Match Regexp" owner="BuiltIn">
<arg>${json_data['results'][0]['picture']['medium']}</arg>
<arg>^https?://.*\.(?:png|jpe?g|gif|bmp)$</arg>
<doc>Fails if ``string`` does not match ``pattern`` as a regular expression.</doc>
<status status="PASS" start="2024-07-01T17:14:25.935664" elapsed="0.000348"/>
</kw>
<kw name="Should Match Regexp" owner="BuiltIn">
<arg>${json_data['results'][0]['picture']['thumbnail']}</arg>
<arg>^https?://.*\.(?:png|jpe?g|gif|bmp)$</arg>
<doc>Fails if ``string`` does not match ``pattern`` as a regular expression.</doc>
<status status="PASS" start="2024-07-01T17:14:25.936193" elapsed="0.000354"/>
</kw>
<kw name="Log" owner="BuiltIn">
<msg time="2024-07-01T17:14:25.937058" level="INFO">{'large': 'https://randomuser.me/api/portraits/women/35.jpg', 'medium': 'https://randomuser.me/api/portraits/med/women/35.jpg', 'thumbnail': 'https://randomuser.me/api/portraits/thumb/women/35.jpg'}</msg>
<arg>${json_data['results'][0]['picture']}</arg>
<doc>Logs the given message with the given level.</doc>
<status status="PASS" start="2024-07-01T17:14:25.936729" elapsed="0.000371"/>
</kw>
<status status="PASS" start="2024-07-01T17:14:25.576333" elapsed="0.361025"/>
</kw>
<kw name="Teste de Tipos de Dados - Postcode" owner="random-user-service">
<kw name="GET On Session" owner="RequestsLibrary">
<msg time="2024-07-01T17:14:26.004662" level="INFO">GET Request : url=https://randomuser.me/api 
 path_url=/api 
 headers={'User-Agent': 'python-requests/2.32.3', 'Accept-Encoding': 'gzip, deflate', 'Accept': '*/*', 'Connection': 'keep-alive'} 
 body=None 
 </msg>
<msg time="2024-07-01T17:14:26.004760" level="INFO">GET Response : url=https://randomuser.me/api 
 status=200, reason=OK 
 headers={'Date': 'Mon, 01 Jul 2024 17:14:26 GMT', 'Content-Type': 'application/json; charset=utf-8', 'Transfer-Encoding': 'chunked', 'Connection': 'keep-alive', 'X-Powered-By': 'Express', 'Access-Control-Allow-Origin': '*', 'Cache-Control': 'no-cache', 'ETag': 'W/"483-O2znRGzzKw2tUEtNJJKwG1MtIms"', 'Vary': 'Accept-Encoding', 'Content-Encoding': 'gzip', 'CF-Cache-Status': 'DYNAMIC', 'Report-To': '{"endpoints":[{"url":"https:\\/\\/a.nel.cloudflare.com\\/report\\/v4?s=tW%2BsRZssthdha5QKnjdtFtMiCP7glPNrCM0DiJXUADbg1LQONTmeavCWChnRZhbdgZSX4WIIAlfWEXqf%2B8WYVDlKDibo1npPSUT5pjXampszWBcU0ilPxM%2F1PjUfQ9YP"}],"group":"cf-nel","max_age":604800}', 'NEL': '{"success_fraction":0,"report_to":"cf-nel","max_age":604800}', 'Server': 'cloudflare', 'CF-RAY': '89c808482b240650-IAD', 'alt-svc': 'h3=":443"; ma=86400'} 
 body={"results":[{"gender":"male","name":{"title":"Monsieur","first":"Florian","last":"Garnier"},"location":{"street":{"number":3874,"name":"Rue Dumenge"},"city":"Comano","state":"Bern","country":"Switzerland","postcode":5581,"coordinates":{"latitude":"-62.0837","longitude":"-160.4082"},"timezone":{"offset":"-3:30","description":"Newfoundland"}},"email":"florian.garnier@example.com","login":{"uuid":"4556d332-eebf-41af-934b-9b4683600616","username":"crazypanda632","password":"caught","salt":"55R0gN7e","md5":"4103e536421a5fef9317e29c0de41dcd","sha1":"d398093d829dd07d343dd45ec757125fdfb6ae4a","sha256":"2b4b75f63d7e11e77ea95f449caf862cbbf4f00d9740fe6b9b54d963010a5a34"},"dob":{"date":"1985-02-10T21:36:35.255Z","age":39},"registered":{"date":"2007-08-13T01:13:15.032Z","age":16},"phone":"075 400 41 40","cell":"079 210 10 50","id":{"name":"AVS","value":"756.1303.1700.59"},"picture":{"large":"https://randomuser.me/api/portraits/men/40.jpg","medium":"https://randomuser.me/api/portraits/med/men/40.jpg","thumbnail":"https://randomuser.me/api/portraits/thumb/men/40.jpg"},"nat":"CH"}],"info":{"seed":"5f9f616e1d062ab8","results":1,"page":1,"version":"1.4"}} 
 </msg>
<msg time="2024-07-01T17:14:26.004829" level="INFO">/opt/hostedtoolcache/Python/3.12.4/x64/lib/python3.12/site-packages/urllib3/connectionpool.py:1099: InsecureRequestWarning: Unverified HTTPS request is being made to host 'randomuser.me'. Adding certificate verification is strongly advised. See: https://urllib3.readthedocs.io/en/latest/advanced-usage.html#tls-warnings
  warnings.warn(</msg>
<msg time="2024-07-01T17:14:26.004947" level="INFO">${response} = &lt;Response [200]&gt;</msg>
<var>${response}</var>
<arg>consultarAPI</arg>
<arg>/api</arg>
<doc>Sends a GET request on a previously created HTTP Session.</doc>
<status status="PASS" start="2024-07-01T17:14:25.937862" elapsed="0.067118"/>
</kw>
<kw name="Set Variable" owner="BuiltIn">
<msg time="2024-07-01T17:14:26.006074" level="INFO">${json_data} = {'results': [{'gender': 'male', 'name': {'title': 'Monsieur', 'first': 'Florian', 'last': 'Garnier'}, 'location': {'street': {'number': 3874, 'name': 'Rue Dumenge'}, 'city': 'Comano', 'state': 'Bern',...</msg>
<var>${json_data}</var>
<arg>${response.json()}</arg>
<doc>Returns the given values which can then be assigned to a variables.</doc>
<status status="PASS" start="2024-07-01T17:14:26.005558" elapsed="0.000544"/>
</kw>
<kw name="Log" owner="BuiltIn">
<msg time="2024-07-01T17:14:26.006583" level="INFO">{'results': [{'gender': 'male', 'name': {'title': 'Monsieur', 'first': 'Florian', 'last': 'Garnier'}, 'location': {'street': {'number': 3874, 'name': 'Rue Dumenge'}, 'city': 'Comano', 'state': 'Bern', 'country': 'Switzerland', 'postcode': 5581, 'coordinates': {'latitude': '-62.0837', 'longitude': '-160.4082'}, 'timezone': {'offset': '-3:30', 'description': 'Newfoundland'}}, 'email': 'florian.garnier@example.com', 'login': {'uuid': '4556d332-eebf-41af-934b-9b4683600616', 'username': 'crazypanda632', 'password': 'caught', 'salt': '55R0gN7e', 'md5': '4103e536421a5fef9317e29c0de41dcd', 'sha1': 'd398093d829dd07d343dd45ec757125fdfb6ae4a', 'sha256': '2b4b75f63d7e11e77ea95f449caf862cbbf4f00d9740fe6b9b54d963010a5a34'}, 'dob': {'date': '1985-02-10T21:36:35.255Z', 'age': 39}, 'registered': {'date': '2007-08-13T01:13:15.032Z', 'age': 16}, 'phone': '075 400 41 40', 'cell': '079 210 10 50', 'id': {'name': 'AVS', 'value': '756.1303.1700.59'}, 'picture': {'large': 'https://randomuser.me/api/portraits/men/40.jpg', 'medium': 'https://randomuser.me/api/portraits/med/men/40.jpg', 'thumbnail': 'https://randomuser.me/api/portraits/thumb/men/40.jpg'}, 'nat': 'CH'}], 'info': {'seed': '5f9f616e1d062ab8', 'results': 1, 'page': 1, 'version': '1.4'}}</msg>
<arg>${json_data}</arg>
<doc>Logs the given message with the given level.</doc>
<status status="PASS" start="2024-07-01T17:14:26.006422" elapsed="0.000206"/>
</kw>
<kw name="Should Be Equal As Numbers" owner="BuiltIn">
<arg>${json_data['results'][0]['location']['postcode']}</arg>
<arg>${json_data['results'][0]['location']['postcode']}</arg>
<doc>Fails if objects are unequal after converting them to real numbers.</doc>
<status status="PASS" start="2024-07-01T17:14:26.006919" elapsed="0.000633"/>
</kw>
<kw name="Log" owner="BuiltIn">
<msg time="2024-07-01T17:14:26.008075" level="INFO">5581</msg>
<arg>${json_data['results'][0]['location']['postcode']}</arg>
<doc>Logs the given message with the given level.</doc>
<status status="PASS" start="2024-07-01T17:14:26.007740" elapsed="0.000375"/>
</kw>
<status status="PASS" start="2024-07-01T17:14:25.937632" elapsed="0.070772"/>
</kw>
<doc>Testa se os tipos de dados na resposta da API estão corretos.</doc>
<tag>testeTiposDados</tag>
<status status="PASS" start="2024-07-01T17:14:25.575670" elapsed="0.432906"/>
</test>
<test id="s1-s1-t5" name="Validar conteudo" line="35">
<kw name="Teste de Tipos de Conteudo" owner="random-user-service">
<kw name="GET On Session" owner="RequestsLibrary">
<msg time="2024-07-01T17:14:26.085113" level="INFO">GET Request : url=https://randomuser.me/api 
 path_url=/api 
 headers={'User-Agent': 'python-requests/2.32.3', 'Accept-Encoding': 'gzip, deflate', 'Accept': '*/*', 'Connection': 'keep-alive'} 
 body=None 
 </msg>
<msg time="2024-07-01T17:14:26.085224" level="INFO">GET Response : url=https://randomuser.me/api 
 status=200, reason=OK 
 headers={'Date': 'Mon, 01 Jul 2024 17:14:26 GMT', 'Content-Type': 'application/json; charset=utf-8', 'Transfer-Encoding': 'chunked', 'Connection': 'keep-alive', 'X-Powered-By': 'Express', 'Access-Control-Allow-Origin': '*', 'Cache-Control': 'no-cache', 'ETag': 'W/"486-XuCleY6E5axxCMohdjwYbSzCVyo"', 'Vary': 'Accept-Encoding', 'Content-Encoding': 'gzip', 'CF-Cache-Status': 'DYNAMIC', 'Report-To': '{"endpoints":[{"url":"https:\\/\\/a.nel.cloudflare.com\\/report\\/v4?s=TImB%2FPedNaIyFaqiMa2%2FkRcoukYyfbEL4geGtHj9ddqfIhiOesSk2WMOVkMQ9YDmr2i4A1JW5t6DwZ3%2FfmavzvKfezz2F8Gdj5p3h7w%2BHul6chSx4msFWoDytz2oC2TF"}],"group":"cf-nel","max_age":604800}', 'NEL': '{"success_fraction":0,"report_to":"cf-nel","max_age":604800}', 'Server': 'cloudflare', 'CF-RAY': '89c808489ba80650-IAD', 'alt-svc': 'h3=":443"; ma=86400'} 
 body={"results":[{"gender":"female","name":{"title":"Ms","first":"Eugenie","last":"Ausma"},"location":{"street":{"number":3406,"name":"Grotekerksbuurt"},"city":"Zalk","state":"Noord-Brabant","country":"Netherlands","postcode":"4993 SD","coordinates":{"latitude":"32.7425","longitude":"74.5503"},"timezone":{"offset":"-3:30","description":"Newfoundland"}},"email":"eugenie.ausma@example.com","login":{"uuid":"40e55af8-028b-4012-bb2e-52f943744d1b","username":"tinygoose239","password":"biscuit","salt":"kHScgk7T","md5":"68d8b4955607a658405cb4a2a9f3b9b5","sha1":"ca08dbbf50057c58efbc440537c432c0d4c1179f","sha256":"1c4a12460bc0aa5298399c7049ffd0be3a65d3b2503f170c0c768e3a21644194"},"dob":{"date":"1998-07-09T03:07:54.856Z","age":25},"registered":{"date":"2013-12-26T22:49:18.285Z","age":10},"phone":"(0164) 563247","cell":"(06) 66823714","id":{"name":"BSN","value":"17565642"},"picture":{"large":"https://randomuser.me/api/portraits/women/29.jpg","medium":"https://randomuser.me/api/portraits/med/women/29.jpg","thumbnail":"https://randomuser.me/api/portraits/thumb/women/29.jpg"},"nat":"NL"}],"info":{"seed":"2232ea110437294b","results":1,"page":1,"version":"1.4"}} 
 </msg>
<msg time="2024-07-01T17:14:26.085326" level="INFO">/opt/hostedtoolcache/Python/3.12.4/x64/lib/python3.12/site-packages/urllib3/connectionpool.py:1099: InsecureRequestWarning: Unverified HTTPS request is being made to host 'randomuser.me'. Adding certificate verification is strongly advised. See: https://urllib3.readthedocs.io/en/latest/advanced-usage.html#tls-warnings
  warnings.warn(</msg>
<msg time="2024-07-01T17:14:26.085483" level="INFO">${response} = &lt;Response [200]&gt;</msg>
<var>${response}</var>
<arg>consultarAPI</arg>
<arg>/api</arg>
<doc>Sends a GET request on a previously created HTTP Session.</doc>
<status status="PASS" start="2024-07-01T17:14:26.011210" elapsed="0.074303"/>
</kw>
<kw name="Set Variable" owner="BuiltIn">
<msg time="2024-07-01T17:14:26.086573" level="INFO">${json_data} = {'results': [{'gender': 'female', 'name': {'title': 'Ms', 'first': 'Eugenie', 'last': 'Ausma'}, 'location': {'street': {'number': 3406, 'name': 'Grotekerksbuurt'}, 'city': 'Zalk', 'state': 'Noord-Brab...</msg>
<var>${json_data}</var>
<arg>${response.json()}</arg>
<doc>Returns the given values which can then be assigned to a variables.</doc>
<status status="PASS" start="2024-07-01T17:14:26.086048" elapsed="0.000553"/>
</kw>
<kw name="Set Variable" owner="BuiltIn">
<msg time="2024-07-01T17:14:26.087283" level="INFO">${name_title} = Ms</msg>
<var>${name_title}</var>
<arg>${json_data["results"][0]["name"]["title"]}</arg>
<doc>Returns the given values which can then be assigned to a variables.</doc>
<status status="PASS" start="2024-07-01T17:14:26.086904" elapsed="0.000404"/>
</kw>
<kw name="Create List" owner="BuiltIn">
<msg time="2024-07-01T17:14:26.087748" level="INFO">${allowed_titles} = ['Mr', 'Ms', 'Miss', 'Mrs', 'Madame', 'Monsieur']</msg>
<var>${allowed_titles}</var>
<arg>Mr</arg>
<arg>Ms</arg>
<arg>Miss</arg>
<arg>Mrs</arg>
<arg>Madame</arg>
<arg>Monsieur</arg>
<doc>Returns a list containing given items.</doc>
<status status="PASS" start="2024-07-01T17:14:26.087600" elapsed="0.000172"/>
</kw>
<kw name="List Should Contain Value" owner="Collections">
<arg>${allowed_titles}</arg>
<arg>${name_title}</arg>
<doc>Fails if the ``value`` is not found from ``list``.</doc>
<status status="PASS" start="2024-07-01T17:14:26.088066" elapsed="0.000179"/>
</kw>
<kw name="Set Variable" owner="BuiltIn">
<msg time="2024-07-01T17:14:26.088788" level="INFO">${name_country} = NL</msg>
<var>${name_country}</var>
<arg>${json_data["results"][0]["nat"]}</arg>
<doc>Returns the given values which can then be assigned to a variables.</doc>
<status status="PASS" start="2024-07-01T17:14:26.088423" elapsed="0.000390"/>
</kw>
<kw name="Create List" owner="BuiltIn">
<msg time="2024-07-01T17:14:26.089745" level="INFO">${list_country} = ['AD', 'AE', 'AF', 'AG', 'AI', 'AL', 'AM', 'AO', 'AQ', 'AR', 'AS', 'AT', 'AU', 'AW', 'AX', 'AZ', 'BA', 'BB', 'BD', 'BE', 'BF', 'BG', 'BH', 'BI', 'BJ', 'BL', 'BM', 'BN', 'BO', 'BQ', 'BR', 'BS', 'BT', '...</msg>
<var>${list_country}</var>
<arg>AD</arg>
<arg>AE</arg>
<arg>AF</arg>
<arg>AG</arg>
<arg>AI</arg>
<arg>AL</arg>
<arg>AM</arg>
<arg>AO</arg>
<arg>AQ</arg>
<arg>AR</arg>
<arg>AS</arg>
<arg>AT</arg>
<arg>AU</arg>
<arg>AW</arg>
<arg>AX</arg>
<arg>AZ</arg>
<arg>BA</arg>
<arg>BB</arg>
<arg>BD</arg>
<arg>BE</arg>
<arg>BF</arg>
<arg>BG</arg>
<arg>BH</arg>
<arg>BI</arg>
<arg>BJ</arg>
<arg>BL</arg>
<arg>BM</arg>
<arg>BN</arg>
<arg>BO</arg>
<arg>BQ</arg>
<arg>BR</arg>
<arg>BS</arg>
<arg>BT</arg>
<arg>BV</arg>
<arg>BW</arg>
<arg>BY</arg>
<arg>BZ</arg>
<arg>CA</arg>
<arg>CC</arg>
<arg>CD</arg>
<arg>CF</arg>
<arg>CG</arg>
<arg>CH</arg>
<arg>CI</arg>
<arg>CK</arg>
<arg>CL</arg>
<arg>CM</arg>
<arg>CN</arg>
<arg>CO</arg>
<arg>CR</arg>
<arg>CU</arg>
<arg>CV</arg>
<arg>CW</arg>
<arg>CX</arg>
<arg>CY</arg>
<arg>CZ</arg>
<arg>DE</arg>
<arg>DJ</arg>
<arg>DK</arg>
<arg>DM</arg>
<arg>DO</arg>
<arg>DZ</arg>
<arg>EC</arg>
<arg>EE</arg>
<arg>EG</arg>
<arg>EH</arg>
<arg>ER</arg>
<arg>ES</arg>
<arg>ET</arg>
<arg>FI</arg>
<arg>FJ</arg>
<arg>FK</arg>
<arg>FM</arg>
<arg>FO</arg>
<arg>FR</arg>
<arg>GA</arg>
<arg>GB</arg>
<arg>GD</arg>
<arg>GE</arg>
<arg>GF</arg>
<arg>GG</arg>
<arg>GH</arg>
<arg>GI</arg>
<arg>GL</arg>
<arg>GM</arg>
<arg>GN</arg>
<arg>GP</arg>
<arg>GQ</arg>
<arg>GR</arg>
<arg>GS</arg>
<arg>GT</arg>
<arg>GU</arg>
<arg>GW</arg>
<arg>GY</arg>
<arg>HK</arg>
<arg>HM</arg>
<arg>HN</arg>
<arg>HR</arg>
<arg>HT</arg>
<arg>HU</arg>
<arg>ID</arg>
<arg>IE</arg>
<arg>IL</arg>
<arg>IM</arg>
<arg>IN</arg>
<arg>IO</arg>
<arg>IQ</arg>
<arg>IR</arg>
<arg>IS</arg>
<arg>IT</arg>
<arg>JE</arg>
<arg>JM</arg>
<arg>JO</arg>
<arg>JP</arg>
<arg>KE</arg>
<arg>KG</arg>
<arg>KH</arg>
<arg>KI</arg>
<arg>KM</arg>
<arg>KN</arg>
<arg>KP</arg>
<arg>KR</arg>
<arg>KW</arg>
<arg>KY</arg>
<arg>KZ</arg>
<arg>LA</arg>
<arg>LB</arg>
<arg>LC</arg>
<arg>LI</arg>
<arg>LK</arg>
<arg>LR</arg>
<arg>LS</arg>
<arg>LT</arg>
<arg>LU</arg>
<arg>LV</arg>
<arg>LY</arg>
<arg>MA</arg>
<arg>MC</arg>
<arg>MD</arg>
<arg>ME</arg>
<arg>MF</arg>
<arg>MG</arg>
<arg>MH</arg>
<arg>MK</arg>
<arg>ML</arg>
<arg>MM</arg>
<arg>MN</arg>
<arg>MO</arg>
<arg>MP</arg>
<arg>MQ</arg>
<arg>MR</arg>
<arg>MS</arg>
<arg>MT</arg>
<arg>MU</arg>
<arg>MV</arg>
<arg>MW</arg>
<arg>MX</arg>
<arg>MY</arg>
<arg>MZ</arg>
<arg>NA</arg>
<arg>NC</arg>
<arg>NE</arg>
<arg>NF</arg>
<arg>NG</arg>
<arg>NI</arg>
<arg>NL</arg>
<arg>NO</arg>
<arg>NP</arg>
<arg>NR</arg>
<arg>NU</arg>
<arg>NZ</arg>
<arg>OM</arg>
<arg>PA</arg>
<arg>PE</arg>
<arg>PF</arg>
<arg>PG</arg>
<arg>PH</arg>
<arg>PK</arg>
<arg>PL</arg>
<arg>PM</arg>
<arg>PN</arg>
<arg>PR</arg>
<arg>PS</arg>
<arg>PT</arg>
<arg>PW</arg>
<arg>PY</arg>
<arg>QA</arg>
<arg>RE</arg>
<arg>RO</arg>
<arg>RS</arg>
<arg>RU</arg>
<arg>RW</arg>
<arg>SA</arg>
<arg>SB</arg>
<arg>SC</arg>
<arg>SD</arg>
<arg>SE</arg>
<arg>SG</arg>
<arg>SH</arg>
<arg>SI</arg>
<arg>SJ</arg>
<arg>SK</arg>
<arg>SL</arg>
<arg>SM</arg>
<arg>SN</arg>
<arg>SO</arg>
<arg>SR</arg>
<arg>SS</arg>
<arg>ST</arg>
<arg>SV</arg>
<arg>SX</arg>
<arg>SY</arg>
<arg>SZ</arg>
<arg>TC</arg>
<arg>TD</arg>
<arg>TF</arg>
<arg>TG</arg>
<arg>TH</arg>
<arg>TJ</arg>
<arg>TK</arg>
<arg>TL</arg>
<arg>TM</arg>
<arg>TN</arg>
<arg>TO</arg>
<arg>TR</arg>
<arg>TT</arg>
<arg>TV</arg>
<arg>TW</arg>
<arg>TZ</arg>
<arg>UA</arg>
<arg>UG</arg>
<arg>UM</arg>
<arg>US</arg>
<arg>UY</arg>
<arg>UZ</arg>
<arg>VA</arg>
<arg>VC</arg>
<arg>VE</arg>
<arg>VG</arg>
<arg>VI</arg>
<arg>VN</arg>
<arg>VU</arg>
<arg>WF</arg>
<arg>WS</arg>
<arg>XK</arg>
<arg>YE</arg>
<arg>YT</arg>
<arg>ZA</arg>
<arg>ZM</arg>
<arg>ZW</arg>
<doc>Returns a list containing given items.</doc>
<status status="PASS" start="2024-07-01T17:14:26.089101" elapsed="0.000671"/>
</kw>
<kw name="List Should Contain Value" owner="Collections">
<arg>${list_country}</arg>
<arg>${name_country}</arg>
<doc>Fails if the ``value`` is not found from ``list``.</doc>
<status status="PASS" start="2024-07-01T17:14:26.090591" elapsed="0.000204"/>
</kw>
<kw name="Run Keyword If" owner="BuiltIn">
<kw name="Should Be True" owner="BuiltIn">
<arg>${True}</arg>
<doc>Fails if the given condition is not true.</doc>
<status status="PASS" start="2024-07-01T17:14:26.091749" elapsed="0.000143"/>
</kw>
<arg>${json_data["results"][0]["location"]["coordinates"]["latitude"]} &gt;= -90 and ${json_data["results"][0]["location"]["coordinates"]["latitude"]} &lt;= 90</arg>
<arg>Should Be True</arg>
<arg>${True}</arg>
<doc>Runs the given keyword with the given arguments, if ``condition`` is true.</doc>
<status status="PASS" start="2024-07-01T17:14:26.090988" elapsed="0.001029"/>
</kw>
<kw name="Run Keyword If" owner="BuiltIn">
<kw name="Should Be True" owner="BuiltIn">
<arg>${True}</arg>
<doc>Fails if the given condition is not true.</doc>
<status status="PASS" start="2024-07-01T17:14:26.092895" elapsed="0.000137"/>
</kw>
<arg>${json_data["results"][0]["location"]["coordinates"]["longitude"]} &gt;= -180 and ${json_data["results"][0]["location"]["coordinates"]["longitude"]} &lt;= 180</arg>
<arg>Should Be True</arg>
<arg>${True}</arg>
<doc>Runs the given keyword with the given arguments, if ``condition`` is true.</doc>
<status status="PASS" start="2024-07-01T17:14:26.092195" elapsed="0.000958"/>
</kw>
<status status="PASS" start="2024-07-01T17:14:26.010817" elapsed="0.082466"/>
</kw>
<doc>Testa o conteúdo específico dos campos retornados pela API.</doc>
<tag>testeConteudo</tag>
<status status="PASS" start="2024-07-01T17:14:26.010353" elapsed="0.083107"/>
</test>
<status status="PASS" start="2024-07-01T17:14:25.025754" elapsed="1.069703"/>
</suite>
<status status="PASS" start="2024-07-01T17:14:25.011457" elapsed="1.089246"/>
</suite>
<statistics>
<total>
<stat pass="5" fail="0" skip="0">All Tests</stat>
</total>
<tag>
<stat pass="1" fail="0" skip="0">testeConteudo</stat>
<stat pass="1" fail="0" skip="0">testeEstruturaResposta</stat>
<stat pass="1" fail="0" skip="0">testeRequisicaoBasica</stat>
<stat pass="1" fail="0" skip="0">testeTiposDados</stat>
</tag>
<suite>
<stat pass="5" fail="0" skip="0" id="s1" name="Tests">Tests</stat>
<stat pass="5" fail="0" skip="0" id="s1-s1" name="Random-User-Test">Tests.Random-User-Test</stat>
</suite>
</statistics>
<errors>
</errors>
</robot>
