<?xml version="1.0" encoding="UTF-8"?>
<robot generator="Robot 7.0 (Python 3.12.2 on linux)" generated="2024-04-10T01:54:05.374621" rpa="false" schemaversion="5">
<suite id="s1" name="Tests" source="/home/runner/work/DesafioQAItauRogerioJordao/DesafioQAItauRogerioJordao/RamdonUser/tests">
<suite id="s1-s1" name="Random-User-Test" source="/home/runner/work/DesafioQAItauRogerioJordao/DesafioQAItauRogerioJordao/RamdonUser/tests/random-user-test.robot">
<test id="s1-s1-t1" name="Conectar" line="13">
<kw name="Conectar API" owner="random-user-service">
<kw name="Create Session" owner="RequestsLibrary">
<msg time="2024-04-10T01:54:05.726340" level="INFO">Creating Session using : alias=consultarAPI, url=https://randomuser.me/, headers={},                     cookies={}, auth=None, timeout=None, proxies=None, verify=False,                     debug=0 </msg>
<arg>consultarAPI</arg>
<arg>${URL}</arg>
<doc>Create Session: create a HTTP session to a server</doc>
<status status="PASS" start="2024-04-10T01:54:05.726143" elapsed="0.000367"/>
</kw>
<status status="PASS" start="2024-04-10T01:54:05.725106" elapsed="0.001753"/>
</kw>
<status status="PASS" start="2024-04-10T01:54:05.724511" elapsed="0.002550"/>
</test>
<test id="s1-s1-t2" name="Validar retorno 200 e JSON Válido" line="16">
<kw name="Teste de Requisicao Basica" owner="random-user-service">
<kw name="GET On Session" owner="RequestsLibrary">
<msg time="2024-04-10T01:54:05.809503" level="INFO">GET Request : url=https://randomuser.me/api 
 path_url=/api 
 headers={'User-Agent': 'python-requests/2.31.0', 'Accept-Encoding': 'gzip, deflate', 'Accept': '*/*', 'Connection': 'keep-alive'} 
 body=None 
 </msg>
<msg time="2024-04-10T01:54:05.809648" level="INFO">GET Response : url=https://randomuser.me/api 
 status=200, reason=OK 
 headers={'Date': 'Wed, 10 Apr 2024 01:54:05 GMT', 'Content-Type': 'application/json; charset=utf-8', 'Transfer-Encoding': 'chunked', 'Connection': 'keep-alive', 'X-Powered-By': 'Express', 'Access-Control-Allow-Origin': '*', 'Cache-Control': 'no-cache', 'ETag': 'W/"478-V3hBi7SLhs+j2UWnk0SoMPyROP0"', 'Vary': 'Accept-Encoding', 'Content-Encoding': 'gzip', 'CF-Cache-Status': 'DYNAMIC', 'Report-To': '{"endpoints":[{"url":"https:\\/\\/a.nel.cloudflare.com\\/report\\/v4?s=IaCYs%2BEbrqww5aqZ%2Fl1rA%2BltCAgKFwrfdnM5rBuFcYZQQPYCgX8nNMdGJUkPexAo0cf43TQCmxiOujLKQSpHOzTDRxRbj%2F8g%2B%2BxUIsUi3Ly81m%2B8zV8%2FJUojkmTUcg6O"}],"group":"cf-nel","max_age":604800}', 'NEL': '{"success_fraction":0,"report_to":"cf-nel","max_age":604800}', 'Server': 'cloudflare', 'CF-RAY': '871f1b621cca9127-ORD', 'alt-svc': 'h3=":443"; ma=86400'} 
 body={"results":[{"gender":"male","name":{"title":"Mr","first":"Yatan","last":"Anchan"},"location":{"street":{"number":7843,"name":"S.A Rd"},"city":"Dibrugarh","state":"Daman and Diu","country":"India","postcode":50749,"coordinates":{"latitude":"12.0090","longitude":"-42.6787"},"timezone":{"offset":"+2:00","description":"Kaliningrad, South Africa"}},"email":"yatan.anchan@example.com","login":{"uuid":"f08cc447-2443-42b7-afcd-6af1c267090e","username":"smallswan439","password":"zachary","salt":"krrmkTDA","md5":"2ab2075ecf7e550f32f9b4dc71e0ae4c","sha1":"120a4c1a8d0de35455c4b951792a83adfd17b6ed","sha256":"69246f068b28e4a2c8055614d7e7297b251546283f0bcc5fd630ba6e70ac7a89"},"dob":{"date":"1980-08-09T09:12:44.059Z","age":43},"registered":{"date":"2021-11-07T23:29:39.498Z","age":2},"phone":"9144050905","cell":"7062288281","id":{"name":"UIDAI","value":"657400092836"},"picture":{"large":"https://randomuser.me/api/portraits/men/9.jpg","medium":"https://randomuser.me/api/portraits/med/men/9.jpg","thumbnail":"https://randomuser.me/api/portraits/thumb/men/9.jpg"},"nat":"IN"}],"info":{"seed":"4c85a1b0f2bb2081","results":1,"page":1,"version":"1.4"}} 
 </msg>
<msg time="2024-04-10T01:54:05.809737" level="INFO">/opt/hostedtoolcache/Python/3.12.2/x64/lib/python3.12/site-packages/urllib3/connectionpool.py:1103: InsecureRequestWarning: Unverified HTTPS request is being made to host 'randomuser.me'. Adding certificate verification is strongly advised. See: https://urllib3.readthedocs.io/en/latest/advanced-usage.html#tls-warnings
  warnings.warn(</msg>
<msg time="2024-04-10T01:54:05.809884" level="INFO">${response} = &lt;Response [200]&gt;</msg>
<var>${response}</var>
<arg>consultarAPI</arg>
<arg>/api</arg>
<doc>Sends a GET request on a previously created HTTP Session.</doc>
<status status="PASS" start="2024-04-10T01:54:05.729680" elapsed="0.080279"/>
</kw>
<kw name="Should Be Equal As Numbers" owner="BuiltIn">
<msg time="2024-04-10T01:54:05.810844" level="INFO">Argument types are:
&lt;class 'int'&gt;
&lt;class 'str'&gt;</msg>
<arg>${response.status_code}</arg>
<arg>200</arg>
<doc>Fails if objects are unequal after converting them to real numbers.</doc>
<status status="PASS" start="2024-04-10T01:54:05.810421" elapsed="0.000486"/>
</kw>
<kw name="Log" owner="BuiltIn">
<msg time="2024-04-10T01:54:05.811579" level="INFO">200</msg>
<arg>${response.status_code}</arg>
<doc>Logs the given message with the given level.</doc>
<status status="PASS" start="2024-04-10T01:54:05.811226" elapsed="0.000396"/>
</kw>
<kw name="Set Variable" owner="BuiltIn">
<msg time="2024-04-10T01:54:05.812386" level="INFO">${json_data} = {'results': [{'gender': 'male', 'name': {'title': 'Mr', 'first': 'Yatan', 'last': 'Anchan'}, 'location': {'street': {'number': 7843, 'name': 'S.A Rd'}, 'city': 'Dibrugarh', 'state': 'Daman and Diu', '...</msg>
<var>${json_data}</var>
<arg>${response.json()}</arg>
<doc>Returns the given values which can then be assigned to a variables.</doc>
<status status="PASS" start="2024-04-10T01:54:05.811955" elapsed="0.000459"/>
</kw>
<kw name="Dictionary Should Contain Key" owner="Collections">
<msg time="2024-04-10T01:54:05.812886" level="INFO">False</msg>
<arg>${json_data}</arg>
<arg>results</arg>
<doc>Fails if ``key`` is not found from ``dictionary``.</doc>
<status status="PASS" start="2024-04-10T01:54:05.812720" elapsed="0.000206"/>
</kw>
<status status="PASS" start="2024-04-10T01:54:05.729433" elapsed="0.083778"/>
</kw>
<doc>Testa se a API responde corretamente e retorna um objeto JSON válido.</doc>
<tag>testeRequisicaoBasica</tag>
<status status="PASS" start="2024-04-10T01:54:05.728867" elapsed="0.084536"/>
</test>
<test id="s1-s1-t3" name="Validar estrutura de resposta" line="22">
<kw name="Teste de Estrutura de Resposta" owner="random-user-service">
<kw name="GET On Session" owner="RequestsLibrary">
<msg time="2024-04-10T01:54:05.906853" level="INFO">GET Request : url=https://randomuser.me/api 
 path_url=/api 
 headers={'User-Agent': 'python-requests/2.31.0', 'Accept-Encoding': 'gzip, deflate', 'Accept': '*/*', 'Connection': 'keep-alive'} 
 body=None 
 </msg>
<msg time="2024-04-10T01:54:05.906931" level="INFO">GET Response : url=https://randomuser.me/api 
 status=200, reason=OK 
 headers={'Date': 'Wed, 10 Apr 2024 01:54:05 GMT', 'Content-Type': 'application/json; charset=utf-8', 'Transfer-Encoding': 'chunked', 'Connection': 'keep-alive', 'X-Powered-By': 'Express', 'Access-Control-Allow-Origin': '*', 'Cache-Control': 'no-cache', 'ETag': 'W/"477-54gcQYgzUPJsPZ1oSeQs4DoqT5s"', 'Vary': 'Accept-Encoding', 'Content-Encoding': 'gzip', 'CF-Cache-Status': 'DYNAMIC', 'Report-To': '{"endpoints":[{"url":"https:\\/\\/a.nel.cloudflare.com\\/report\\/v4?s=y68BD1pnn6jKfJL9Nby%2Fk09opIh6Or8JxdsrHe0W3rsqQW9geQF3FL0vHtqW5vBP3s5RIOvGkowZ5Uk59BpXQgMwYFvLb%2Bl5Cju0urjN1nyy40rUEVY%2FVDmEygcChMc2"}],"group":"cf-nel","max_age":604800}', 'NEL': '{"success_fraction":0,"report_to":"cf-nel","max_age":604800}', 'Server': 'cloudflare', 'CF-RAY': '871f1b625dbb9127-ORD', 'alt-svc': 'h3=":443"; ma=86400'} 
 body={"results":[{"gender":"female","name":{"title":"Miss","first":"Lyubomira","last":"Kruk"},"location":{"street":{"number":2147,"name":"Deribasivska"},"city":"Gadyach","state":"Kirovogradska","country":"Ukraine","postcode":89332,"coordinates":{"latitude":"78.1038","longitude":"26.2446"},"timezone":{"offset":"+5:45","description":"Kathmandu"}},"email":"lyubomira.kruk@example.com","login":{"uuid":"772c3436-ed17-479c-ac36-96d165dc9041","username":"happylion452","password":"camper","salt":"ZeCCMUzW","md5":"e102e6f6a7a4fcb9e1913a40f7f62959","sha1":"b9745067366122b5e6ae7ebe1a1c66feb2e4da97","sha256":"e1e78131e108b240ed6d2dcaf90b9bbd7cf709a6d00ceffda808edf4a20a10a2"},"dob":{"date":"1994-04-23T20:30:15.917Z","age":29},"registered":{"date":"2003-10-25T03:18:17.116Z","age":20},"phone":"(068) W75-0202","cell":"(068) C42-0962","id":{"name":"","value":null},"picture":{"large":"https://randomuser.me/api/portraits/women/37.jpg","medium":"https://randomuser.me/api/portraits/med/women/37.jpg","thumbnail":"https://randomuser.me/api/portraits/thumb/women/37.jpg"},"nat":"UA"}],"info":{"seed":"2e093004bc643576","results":1,"page":1,"version":"1.4"}} 
 </msg>
<msg time="2024-04-10T01:54:05.907054" level="INFO">/opt/hostedtoolcache/Python/3.12.2/x64/lib/python3.12/site-packages/urllib3/connectionpool.py:1103: InsecureRequestWarning: Unverified HTTPS request is being made to host 'randomuser.me'. Adding certificate verification is strongly advised. See: https://urllib3.readthedocs.io/en/latest/advanced-usage.html#tls-warnings
  warnings.warn(</msg>
<msg time="2024-04-10T01:54:05.907165" level="INFO">${response} = &lt;Response [200]&gt;</msg>
<var>${response}</var>
<arg>consultarAPI</arg>
<arg>/api</arg>
<doc>Sends a GET request on a previously created HTTP Session.</doc>
<status status="PASS" start="2024-04-10T01:54:05.816089" elapsed="0.091117"/>
</kw>
<kw name="Set Variable" owner="BuiltIn">
<msg time="2024-04-10T01:54:05.908109" level="INFO">${json_data} = {'results': [{'gender': 'female', 'name': {'title': 'Miss', 'first': 'Lyubomira', 'last': 'Kruk'}, 'location': {'street': {'number': 2147, 'name': 'Deribasivska'}, 'city': 'Gadyach', 'state': 'Kirovog...</msg>
<var>${json_data}</var>
<arg>${response.json()}</arg>
<doc>Returns the given values which can then be assigned to a variables.</doc>
<status status="PASS" start="2024-04-10T01:54:05.907630" elapsed="0.000508"/>
</kw>
<kw name="Log" owner="BuiltIn">
<msg time="2024-04-10T01:54:05.908608" level="INFO">{'results': [{'gender': 'female', 'name': {'title': 'Miss', 'first': 'Lyubomira', 'last': 'Kruk'}, 'location': {'street': {'number': 2147, 'name': 'Deribasivska'}, 'city': 'Gadyach', 'state': 'Kirovogradska', 'country': 'Ukraine', 'postcode': 89332, 'coordinates': {'latitude': '78.1038', 'longitude': '26.2446'}, 'timezone': {'offset': '+5:45', 'description': 'Kathmandu'}}, 'email': 'lyubomira.kruk@example.com', 'login': {'uuid': '772c3436-ed17-479c-ac36-96d165dc9041', 'username': 'happylion452', 'password': 'camper', 'salt': 'ZeCCMUzW', 'md5': 'e102e6f6a7a4fcb9e1913a40f7f62959', 'sha1': 'b9745067366122b5e6ae7ebe1a1c66feb2e4da97', 'sha256': 'e1e78131e108b240ed6d2dcaf90b9bbd7cf709a6d00ceffda808edf4a20a10a2'}, 'dob': {'date': '1994-04-23T20:30:15.917Z', 'age': 29}, 'registered': {'date': '2003-10-25T03:18:17.116Z', 'age': 20}, 'phone': '(068) W75-0202', 'cell': '(068) C42-0962', 'id': {'name': '', 'value': None}, 'picture': {'large': 'https://randomuser.me/api/portraits/women/37.jpg', 'medium': 'https://randomuser.me/api/portraits/med/women/37.jpg', 'thumbnail': 'https://randomuser.me/api/portraits/thumb/women/37.jpg'}, 'nat': 'UA'}], 'info': {'seed': '2e093004bc643576', 'results': 1, 'page': 1, 'version': '1.4'}}</msg>
<arg>${json_data}</arg>
<doc>Logs the given message with the given level.</doc>
<status status="PASS" start="2024-04-10T01:54:05.908449" elapsed="0.000207"/>
</kw>
<kw name="Dictionary Should Contain Key" owner="Collections">
<msg time="2024-04-10T01:54:05.909109" level="INFO">False</msg>
<arg>${json_data}</arg>
<arg>results</arg>
<doc>Fails if ``key`` is not found from ``dictionary``.</doc>
<status status="PASS" start="2024-04-10T01:54:05.908953" elapsed="0.000194"/>
</kw>
<kw name="Should Not Be Empty" owner="BuiltIn">
<msg time="2024-04-10T01:54:05.909644" level="INFO">Length is 2.</msg>
<arg>${json_data}</arg>
<doc>Verifies that the given item is not empty.</doc>
<status status="PASS" start="2024-04-10T01:54:05.909496" elapsed="0.000187"/>
</kw>
<kw name="Create List" owner="BuiltIn">
<msg time="2024-04-10T01:54:05.910124" level="INFO">${expected_keys} = ['gender', 'name', 'location', 'email', 'login']</msg>
<var>${expected_keys}</var>
<arg>gender</arg>
<arg>name</arg>
<arg>location</arg>
<arg>email</arg>
<arg>login</arg>
<doc>Returns a list containing given items.</doc>
<status status="PASS" start="2024-04-10T01:54:05.909975" elapsed="0.000173"/>
</kw>
<for flavor="IN">
<iter>
<kw name="Dictionary Should Contain Key" owner="Collections">
<msg time="2024-04-10T01:54:05.911119" level="INFO">False</msg>
<arg>${json_data['results'][0]}</arg>
<arg>${key}</arg>
<doc>Fails if ``key`` is not found from ``dictionary``.</doc>
<status status="PASS" start="2024-04-10T01:54:05.910719" elapsed="0.000442"/>
</kw>
<kw name="Log" owner="BuiltIn">
<msg time="2024-04-10T01:54:05.911832" level="INFO">{'gender': 'female', 'name': {'title': 'Miss', 'first': 'Lyubomira', 'last': 'Kruk'}, 'location': {'street': {'number': 2147, 'name': 'Deribasivska'}, 'city': 'Gadyach', 'state': 'Kirovogradska', 'country': 'Ukraine', 'postcode': 89332, 'coordinates': {'latitude': '78.1038', 'longitude': '26.2446'}, 'timezone': {'offset': '+5:45', 'description': 'Kathmandu'}}, 'email': 'lyubomira.kruk@example.com', 'login': {'uuid': '772c3436-ed17-479c-ac36-96d165dc9041', 'username': 'happylion452', 'password': 'camper', 'salt': 'ZeCCMUzW', 'md5': 'e102e6f6a7a4fcb9e1913a40f7f62959', 'sha1': 'b9745067366122b5e6ae7ebe1a1c66feb2e4da97', 'sha256': 'e1e78131e108b240ed6d2dcaf90b9bbd7cf709a6d00ceffda808edf4a20a10a2'}, 'dob': {'date': '1994-04-23T20:30:15.917Z', 'age': 29}, 'registered': {'date': '2003-10-25T03:18:17.116Z', 'age': 20}, 'phone': '(068) W75-0202', 'cell': '(068) C42-0962', 'id': {'name': '', 'value': None}, 'picture': {'large': 'https://randomuser.me/api/portraits/women/37.jpg', 'medium': 'https://randomuser.me/api/portraits/med/women/37.jpg', 'thumbnail': 'https://randomuser.me/api/portraits/thumb/women/37.jpg'}, 'nat': 'UA'}</msg>
<arg>${json_data['results'][0]}</arg>
<doc>Logs the given message with the given level.</doc>
<status status="PASS" start="2024-04-10T01:54:05.911469" elapsed="0.000417"/>
</kw>
<kw name="Log" owner="BuiltIn">
<msg time="2024-04-10T01:54:05.912321" level="INFO">gender</msg>
<arg>${key}</arg>
<doc>Logs the given message with the given level.</doc>
<status status="PASS" start="2024-04-10T01:54:05.912191" elapsed="0.000169"/>
</kw>
<var name="${key}">gender</var>
<status status="PASS" start="2024-04-10T01:54:05.910595" elapsed="0.001986"/>
</iter>
<iter>
<kw name="Dictionary Should Contain Key" owner="Collections">
<msg time="2024-04-10T01:54:05.913292" level="INFO">False</msg>
<arg>${json_data['results'][0]}</arg>
<arg>${key}</arg>
<doc>Fails if ``key`` is not found from ``dictionary``.</doc>
<status status="PASS" start="2024-04-10T01:54:05.912884" elapsed="0.000447"/>
</kw>
<kw name="Log" owner="BuiltIn">
<msg time="2024-04-10T01:54:05.914030" level="INFO">{'gender': 'female', 'name': {'title': 'Miss', 'first': 'Lyubomira', 'last': 'Kruk'}, 'location': {'street': {'number': 2147, 'name': 'Deribasivska'}, 'city': 'Gadyach', 'state': 'Kirovogradska', 'country': 'Ukraine', 'postcode': 89332, 'coordinates': {'latitude': '78.1038', 'longitude': '26.2446'}, 'timezone': {'offset': '+5:45', 'description': 'Kathmandu'}}, 'email': 'lyubomira.kruk@example.com', 'login': {'uuid': '772c3436-ed17-479c-ac36-96d165dc9041', 'username': 'happylion452', 'password': 'camper', 'salt': 'ZeCCMUzW', 'md5': 'e102e6f6a7a4fcb9e1913a40f7f62959', 'sha1': 'b9745067366122b5e6ae7ebe1a1c66feb2e4da97', 'sha256': 'e1e78131e108b240ed6d2dcaf90b9bbd7cf709a6d00ceffda808edf4a20a10a2'}, 'dob': {'date': '1994-04-23T20:30:15.917Z', 'age': 29}, 'registered': {'date': '2003-10-25T03:18:17.116Z', 'age': 20}, 'phone': '(068) W75-0202', 'cell': '(068) C42-0962', 'id': {'name': '', 'value': None}, 'picture': {'large': 'https://randomuser.me/api/portraits/women/37.jpg', 'medium': 'https://randomuser.me/api/portraits/med/women/37.jpg', 'thumbnail': 'https://randomuser.me/api/portraits/thumb/women/37.jpg'}, 'nat': 'UA'}</msg>
<arg>${json_data['results'][0]}</arg>
<doc>Logs the given message with the given level.</doc>
<status status="PASS" start="2024-04-10T01:54:05.913667" elapsed="0.000410"/>
</kw>
<kw name="Log" owner="BuiltIn">
<msg time="2024-04-10T01:54:05.914506" level="INFO">name</msg>
<arg>${key}</arg>
<doc>Logs the given message with the given level.</doc>
<status status="PASS" start="2024-04-10T01:54:05.914378" elapsed="0.000166"/>
</kw>
<var name="${key}">name</var>
<status status="PASS" start="2024-04-10T01:54:05.912769" elapsed="0.001991"/>
</iter>
<iter>
<kw name="Dictionary Should Contain Key" owner="Collections">
<msg time="2024-04-10T01:54:05.915426" level="INFO">False</msg>
<arg>${json_data['results'][0]}</arg>
<arg>${key}</arg>
<doc>Fails if ``key`` is not found from ``dictionary``.</doc>
<status status="PASS" start="2024-04-10T01:54:05.915050" elapsed="0.000414"/>
</kw>
<kw name="Log" owner="BuiltIn">
<msg time="2024-04-10T01:54:05.916117" level="INFO">{'gender': 'female', 'name': {'title': 'Miss', 'first': 'Lyubomira', 'last': 'Kruk'}, 'location': {'street': {'number': 2147, 'name': 'Deribasivska'}, 'city': 'Gadyach', 'state': 'Kirovogradska', 'country': 'Ukraine', 'postcode': 89332, 'coordinates': {'latitude': '78.1038', 'longitude': '26.2446'}, 'timezone': {'offset': '+5:45', 'description': 'Kathmandu'}}, 'email': 'lyubomira.kruk@example.com', 'login': {'uuid': '772c3436-ed17-479c-ac36-96d165dc9041', 'username': 'happylion452', 'password': 'camper', 'salt': 'ZeCCMUzW', 'md5': 'e102e6f6a7a4fcb9e1913a40f7f62959', 'sha1': 'b9745067366122b5e6ae7ebe1a1c66feb2e4da97', 'sha256': 'e1e78131e108b240ed6d2dcaf90b9bbd7cf709a6d00ceffda808edf4a20a10a2'}, 'dob': {'date': '1994-04-23T20:30:15.917Z', 'age': 29}, 'registered': {'date': '2003-10-25T03:18:17.116Z', 'age': 20}, 'phone': '(068) W75-0202', 'cell': '(068) C42-0962', 'id': {'name': '', 'value': None}, 'picture': {'large': 'https://randomuser.me/api/portraits/women/37.jpg', 'medium': 'https://randomuser.me/api/portraits/med/women/37.jpg', 'thumbnail': 'https://randomuser.me/api/portraits/thumb/women/37.jpg'}, 'nat': 'UA'}</msg>
<arg>${json_data['results'][0]}</arg>
<doc>Logs the given message with the given level.</doc>
<status status="PASS" start="2024-04-10T01:54:05.915761" elapsed="0.000409"/>
</kw>
<kw name="Log" owner="BuiltIn">
<msg time="2024-04-10T01:54:05.916592" level="INFO">location</msg>
<arg>${key}</arg>
<doc>Logs the given message with the given level.</doc>
<status status="PASS" start="2024-04-10T01:54:05.916466" elapsed="0.000165"/>
</kw>
<var name="${key}">location</var>
<status status="PASS" start="2024-04-10T01:54:05.914939" elapsed="0.001904"/>
</iter>
<iter>
<kw name="Dictionary Should Contain Key" owner="Collections">
<msg time="2024-04-10T01:54:05.917530" level="INFO">False</msg>
<arg>${json_data['results'][0]}</arg>
<arg>${key}</arg>
<doc>Fails if ``key`` is not found from ``dictionary``.</doc>
<status status="PASS" start="2024-04-10T01:54:05.917125" elapsed="0.000443"/>
</kw>
<kw name="Log" owner="BuiltIn">
<msg time="2024-04-10T01:54:05.918226" level="INFO">{'gender': 'female', 'name': {'title': 'Miss', 'first': 'Lyubomira', 'last': 'Kruk'}, 'location': {'street': {'number': 2147, 'name': 'Deribasivska'}, 'city': 'Gadyach', 'state': 'Kirovogradska', 'country': 'Ukraine', 'postcode': 89332, 'coordinates': {'latitude': '78.1038', 'longitude': '26.2446'}, 'timezone': {'offset': '+5:45', 'description': 'Kathmandu'}}, 'email': 'lyubomira.kruk@example.com', 'login': {'uuid': '772c3436-ed17-479c-ac36-96d165dc9041', 'username': 'happylion452', 'password': 'camper', 'salt': 'ZeCCMUzW', 'md5': 'e102e6f6a7a4fcb9e1913a40f7f62959', 'sha1': 'b9745067366122b5e6ae7ebe1a1c66feb2e4da97', 'sha256': 'e1e78131e108b240ed6d2dcaf90b9bbd7cf709a6d00ceffda808edf4a20a10a2'}, 'dob': {'date': '1994-04-23T20:30:15.917Z', 'age': 29}, 'registered': {'date': '2003-10-25T03:18:17.116Z', 'age': 20}, 'phone': '(068) W75-0202', 'cell': '(068) C42-0962', 'id': {'name': '', 'value': None}, 'picture': {'large': 'https://randomuser.me/api/portraits/women/37.jpg', 'medium': 'https://randomuser.me/api/portraits/med/women/37.jpg', 'thumbnail': 'https://randomuser.me/api/portraits/thumb/women/37.jpg'}, 'nat': 'UA'}</msg>
<arg>${json_data['results'][0]}</arg>
<doc>Logs the given message with the given level.</doc>
<status status="PASS" start="2024-04-10T01:54:05.917868" elapsed="0.000405"/>
</kw>
<kw name="Log" owner="BuiltIn">
<msg time="2024-04-10T01:54:05.918699" level="INFO">email</msg>
<arg>${key}</arg>
<doc>Logs the given message with the given level.</doc>
<status status="PASS" start="2024-04-10T01:54:05.918572" elapsed="0.000165"/>
</kw>
<var name="${key}">email</var>
<status status="PASS" start="2024-04-10T01:54:05.917014" elapsed="0.001938"/>
</iter>
<iter>
<kw name="Dictionary Should Contain Key" owner="Collections">
<msg time="2024-04-10T01:54:05.919620" level="INFO">False</msg>
<arg>${json_data['results'][0]}</arg>
<arg>${key}</arg>
<doc>Fails if ``key`` is not found from ``dictionary``.</doc>
<status status="PASS" start="2024-04-10T01:54:05.919233" elapsed="0.000425"/>
</kw>
<kw name="Log" owner="BuiltIn">
<msg time="2024-04-10T01:54:05.920312" level="INFO">{'gender': 'female', 'name': {'title': 'Miss', 'first': 'Lyubomira', 'last': 'Kruk'}, 'location': {'street': {'number': 2147, 'name': 'Deribasivska'}, 'city': 'Gadyach', 'state': 'Kirovogradska', 'country': 'Ukraine', 'postcode': 89332, 'coordinates': {'latitude': '78.1038', 'longitude': '26.2446'}, 'timezone': {'offset': '+5:45', 'description': 'Kathmandu'}}, 'email': 'lyubomira.kruk@example.com', 'login': {'uuid': '772c3436-ed17-479c-ac36-96d165dc9041', 'username': 'happylion452', 'password': 'camper', 'salt': 'ZeCCMUzW', 'md5': 'e102e6f6a7a4fcb9e1913a40f7f62959', 'sha1': 'b9745067366122b5e6ae7ebe1a1c66feb2e4da97', 'sha256': 'e1e78131e108b240ed6d2dcaf90b9bbd7cf709a6d00ceffda808edf4a20a10a2'}, 'dob': {'date': '1994-04-23T20:30:15.917Z', 'age': 29}, 'registered': {'date': '2003-10-25T03:18:17.116Z', 'age': 20}, 'phone': '(068) W75-0202', 'cell': '(068) C42-0962', 'id': {'name': '', 'value': None}, 'picture': {'large': 'https://randomuser.me/api/portraits/women/37.jpg', 'medium': 'https://randomuser.me/api/portraits/med/women/37.jpg', 'thumbnail': 'https://randomuser.me/api/portraits/thumb/women/37.jpg'}, 'nat': 'UA'}</msg>
<arg>${json_data['results'][0]}</arg>
<doc>Logs the given message with the given level.</doc>
<status status="PASS" start="2024-04-10T01:54:05.919951" elapsed="0.000409"/>
</kw>
<kw name="Log" owner="BuiltIn">
<msg time="2024-04-10T01:54:05.920781" level="INFO">login</msg>
<arg>${key}</arg>
<doc>Logs the given message with the given level.</doc>
<status status="PASS" start="2024-04-10T01:54:05.920653" elapsed="0.000170"/>
</kw>
<var name="${key}">login</var>
<status status="PASS" start="2024-04-10T01:54:05.919122" elapsed="0.001918"/>
</iter>
<var>${key}</var>
<value>@{expected_keys}</value>
<status status="PASS" start="2024-04-10T01:54:05.910405" elapsed="0.010754"/>
</for>
<kw name="Create List" owner="BuiltIn">
<msg time="2024-04-10T01:54:05.921554" level="INFO">${expected_keysTwo} = ['username', 'password']</msg>
<var>${expected_keysTwo}</var>
<arg>username</arg>
<arg>password</arg>
<doc>Returns a list containing given items.</doc>
<status status="PASS" start="2024-04-10T01:54:05.921413" elapsed="0.000165"/>
</kw>
<for flavor="IN">
<iter>
<kw name="Dictionary Should Contain Key" owner="Collections">
<msg time="2024-04-10T01:54:05.922577" level="INFO">False</msg>
<arg>${json_data['results'][0]['login']}</arg>
<arg>${keyTwo}</arg>
<doc>Fails if ``key`` is not found from ``dictionary``.</doc>
<status status="PASS" start="2024-04-10T01:54:05.922193" elapsed="0.000422"/>
</kw>
<kw name="Dictionary Should Contain Key" owner="Collections">
<msg time="2024-04-10T01:54:05.923287" level="INFO">False</msg>
<arg>${json_data['results'][0]['login']}</arg>
<arg>${keyTwo}</arg>
<doc>Fails if ``key`` is not found from ``dictionary``.</doc>
<status status="PASS" start="2024-04-10T01:54:05.922910" elapsed="0.000415"/>
</kw>
<kw name="Log" owner="BuiltIn">
<msg time="2024-04-10T01:54:05.923747" level="INFO">username</msg>
<arg>${keyTwo}</arg>
<doc>Logs the given message with the given level.</doc>
<status status="PASS" start="2024-04-10T01:54:05.923619" elapsed="0.000165"/>
</kw>
<var name="${keyTwo}">username</var>
<status status="PASS" start="2024-04-10T01:54:05.922079" elapsed="0.001924"/>
</iter>
<iter>
<kw name="Dictionary Should Contain Key" owner="Collections">
<msg time="2024-04-10T01:54:05.924661" level="INFO">False</msg>
<arg>${json_data['results'][0]['login']}</arg>
<arg>${keyTwo}</arg>
<doc>Fails if ``key`` is not found from ``dictionary``.</doc>
<status status="PASS" start="2024-04-10T01:54:05.924285" elapsed="0.000414"/>
</kw>
<kw name="Dictionary Should Contain Key" owner="Collections">
<msg time="2024-04-10T01:54:05.925388" level="INFO">False</msg>
<arg>${json_data['results'][0]['login']}</arg>
<arg>${keyTwo}</arg>
<doc>Fails if ``key`` is not found from ``dictionary``.</doc>
<status status="PASS" start="2024-04-10T01:54:05.924989" elapsed="0.000435"/>
</kw>
<kw name="Log" owner="BuiltIn">
<msg time="2024-04-10T01:54:05.925843" level="INFO">password</msg>
<arg>${keyTwo}</arg>
<doc>Logs the given message with the given level.</doc>
<status status="PASS" start="2024-04-10T01:54:05.925714" elapsed="0.000166"/>
</kw>
<var name="${keyTwo}">password</var>
<status status="PASS" start="2024-04-10T01:54:05.924175" elapsed="0.001923"/>
</iter>
<var>${keyTwo}</var>
<value>@{expected_keysTwo}</value>
<status status="PASS" start="2024-04-10T01:54:05.921821" elapsed="0.004399"/>
</for>
<status status="PASS" start="2024-04-10T01:54:05.815857" elapsed="0.110506"/>
</kw>
<doc>Testa a estrutura da resposta da API.</doc>
<tag>testeEstruturaResposta</tag>
<status status="PASS" start="2024-04-10T01:54:05.815222" elapsed="0.111304"/>
</test>
<test id="s1-s1-t4" name="Validar tipos de dados" line="28">
<kw name="Teste de Tipos de Dados" owner="random-user-service">
<kw name="GET On Session" owner="RequestsLibrary">
<msg time="2024-04-10T01:54:06.010020" level="INFO">GET Request : url=https://randomuser.me/api 
 path_url=/api 
 headers={'User-Agent': 'python-requests/2.31.0', 'Accept-Encoding': 'gzip, deflate', 'Accept': '*/*', 'Connection': 'keep-alive'} 
 body=None 
 </msg>
<msg time="2024-04-10T01:54:06.010128" level="INFO">GET Response : url=https://randomuser.me/api 
 status=200, reason=OK 
 headers={'Date': 'Wed, 10 Apr 2024 01:54:06 GMT', 'Content-Type': 'application/json; charset=utf-8', 'Transfer-Encoding': 'chunked', 'Connection': 'keep-alive', 'X-Powered-By': 'Express', 'Access-Control-Allow-Origin': '*', 'Cache-Control': 'no-cache', 'ETag': 'W/"48f-T4n5V0ElVTQQxLsgdEehLhA5BKQ"', 'Vary': 'Accept-Encoding', 'Content-Encoding': 'gzip', 'CF-Cache-Status': 'DYNAMIC', 'Report-To': '{"endpoints":[{"url":"https:\\/\\/a.nel.cloudflare.com\\/report\\/v4?s=7aOFc9Aof4MEPU3o90QNEOcWWScxF58DPxO59lUFDVrv%2Bn2Ylah2G7mrZ18nZ3OAnWRT8ZUxoKzeAyYBPh1wS%2F%2FaicNGWh%2FMiduxGmKzo1F9TsCuNug9X9gvfhC%2FjaZt"}],"group":"cf-nel","max_age":604800}', 'NEL': '{"success_fraction":0,"report_to":"cf-nel","max_age":604800}', 'Server': 'cloudflare', 'CF-RAY': '871f1b631ff29127-ORD', 'alt-svc': 'h3=":443"; ma=86400'} 
 body={"results":[{"gender":"female","name":{"title":"Ms","first":"Zeida","last":"da Cruz"},"location":{"street":{"number":9756,"name":"Rua Pernambuco "},"city":"Bacabal","state":"Rio Grande do Norte","country":"Brazil","postcode":59439,"coordinates":{"latitude":"-76.0728","longitude":"27.2755"},"timezone":{"offset":"-10:00","description":"Hawaii"}},"email":"zeida.dacruz@example.com","login":{"uuid":"f3d1f81b-8923-4fa2-8ecd-ab4a2f68a475","username":"ticklishostrich758","password":"reynolds","salt":"Mip8NiG7","md5":"c1be45fc915a539b3a4000bec0a1d498","sha1":"06d2348bd9576d13f4fdfc0babc82f1a0febbb8a","sha256":"b632706e43927c604254521d53fa1c81dd89e0fd004a72363226e6effd84d537"},"dob":{"date":"1961-05-27T02:54:49.819Z","age":62},"registered":{"date":"2015-02-18T06:34:24.887Z","age":9},"phone":"(93) 5624-3008","cell":"(25) 3838-2942","id":{"name":"CPF","value":"222.461.917-40"},"picture":{"large":"https://randomuser.me/api/portraits/women/14.jpg","medium":"https://randomuser.me/api/portraits/med/women/14.jpg","thumbnail":"https://randomuser.me/api/portraits/thumb/women/14.jpg"},"nat":"BR"}],"info":{"seed":"ce90ddbae6b72981","results":1,"page":1,"version":"1.4"}} 
 </msg>
<msg time="2024-04-10T01:54:06.010211" level="INFO">/opt/hostedtoolcache/Python/3.12.2/x64/lib/python3.12/site-packages/urllib3/connectionpool.py:1103: InsecureRequestWarning: Unverified HTTPS request is being made to host 'randomuser.me'. Adding certificate verification is strongly advised. See: https://urllib3.readthedocs.io/en/latest/advanced-usage.html#tls-warnings
  warnings.warn(</msg>
<msg time="2024-04-10T01:54:06.010347" level="INFO">${response} = &lt;Response [200]&gt;</msg>
<var>${response}</var>
<arg>consultarAPI</arg>
<arg>/api</arg>
<doc>Sends a GET request on a previously created HTTP Session.</doc>
<status status="PASS" start="2024-04-10T01:54:05.929416" elapsed="0.080973"/>
</kw>
<kw name="Set Variable" owner="BuiltIn">
<msg time="2024-04-10T01:54:06.011445" level="INFO">${json_data} = {'results': [{'gender': 'female', 'name': {'title': 'Ms', 'first': 'Zeida', 'last': 'da Cruz'}, 'location': {'street': {'number': 9756, 'name': 'Rua Pernambuco '}, 'city': 'Bacabal', 'state': 'Rio Gra...</msg>
<var>${json_data}</var>
<arg>${response.json()}</arg>
<doc>Returns the given values which can then be assigned to a variables.</doc>
<status status="PASS" start="2024-04-10T01:54:06.010914" elapsed="0.000561"/>
</kw>
<kw name="Log" owner="BuiltIn">
<msg time="2024-04-10T01:54:06.012006" level="INFO">{'results': [{'gender': 'female', 'name': {'title': 'Ms', 'first': 'Zeida', 'last': 'da Cruz'}, 'location': {'street': {'number': 9756, 'name': 'Rua Pernambuco '}, 'city': 'Bacabal', 'state': 'Rio Grande do Norte', 'country': 'Brazil', 'postcode': 59439, 'coordinates': {'latitude': '-76.0728', 'longitude': '27.2755'}, 'timezone': {'offset': '-10:00', 'description': 'Hawaii'}}, 'email': 'zeida.dacruz@example.com', 'login': {'uuid': 'f3d1f81b-8923-4fa2-8ecd-ab4a2f68a475', 'username': 'ticklishostrich758', 'password': 'reynolds', 'salt': 'Mip8NiG7', 'md5': 'c1be45fc915a539b3a4000bec0a1d498', 'sha1': '06d2348bd9576d13f4fdfc0babc82f1a0febbb8a', 'sha256': 'b632706e43927c604254521d53fa1c81dd89e0fd004a72363226e6effd84d537'}, 'dob': {'date': '1961-05-27T02:54:49.819Z', 'age': 62}, 'registered': {'date': '2015-02-18T06:34:24.887Z', 'age': 9}, 'phone': '(93) 5624-3008', 'cell': '(25) 3838-2942', 'id': {'name': 'CPF', 'value': '222.461.917-40'}, 'picture': {'large': 'https://randomuser.me/api/portraits/women/14.jpg', 'medium': 'https://randomuser.me/api/portraits/med/women/14.jpg', 'thumbnail': 'https://randomuser.me/api/portraits/thumb/women/14.jpg'}, 'nat': 'BR'}], 'info': {'seed': 'ce90ddbae6b72981', 'results': 1, 'page': 1, 'version': '1.4'}}</msg>
<arg>${json_data}</arg>
<doc>Logs the given message with the given level.</doc>
<status status="PASS" start="2024-04-10T01:54:06.011833" elapsed="0.000223"/>
</kw>
<kw name="Should Be String" owner="String">
<arg>${json_data['results'][0]['gender']}</arg>
<doc>Fails if the given ``item`` is not a string.</doc>
<status status="PASS" start="2024-04-10T01:54:06.012396" elapsed="0.000377"/>
</kw>
<kw name="Should Match Regexp" owner="BuiltIn">
<arg>${json_data['results'][0]['email']}</arg>
<arg>^[a-zA-Z0-9._%+-]+@[a-zA-Z0-9.-]+\.[a-zA-Z]{2,}$</arg>
<doc>Fails if ``string`` does not match ``pattern`` as a regular expression.</doc>
<status status="PASS" start="2024-04-10T01:54:06.012973" elapsed="0.000573"/>
</kw>
<kw name="Should Match Regexp" owner="BuiltIn">
<arg>${json_data['results'][0]['dob']['date']}</arg>
<arg>\\d{4}-\\d{2}-\\d{2}T\\d{2}:\\d{2}:\\d{2}\\.\\d{3}Z</arg>
<doc>Fails if ``string`` does not match ``pattern`` as a regular expression.</doc>
<status status="PASS" start="2024-04-10T01:54:06.013747" elapsed="0.000496"/>
</kw>
<kw name="Should Match Regexp" owner="BuiltIn">
<arg>${json_data['results'][0]['registered']['date']}</arg>
<arg>\\d{4}-\\d{2}-\\d{2}T\\d{2}:\\d{2}:\\d{2}\\.\\d{3}Z</arg>
<doc>Fails if ``string`` does not match ``pattern`` as a regular expression.</doc>
<status status="PASS" start="2024-04-10T01:54:06.014446" elapsed="0.000371"/>
</kw>
<kw name="Should Match Regexp" owner="BuiltIn">
<arg>${json_data['results'][0]['picture']['large']}</arg>
<arg>^https?://.*\.(?:png|jpe?g|gif|bmp)$</arg>
<doc>Fails if ``string`` does not match ``pattern`` as a regular expression.</doc>
<status status="PASS" start="2024-04-10T01:54:06.015006" elapsed="0.000462"/>
</kw>
<kw name="Should Match Regexp" owner="BuiltIn">
<arg>${json_data['results'][0]['picture']['medium']}</arg>
<arg>^https?://.*\.(?:png|jpe?g|gif|bmp)$</arg>
<doc>Fails if ``string`` does not match ``pattern`` as a regular expression.</doc>
<status status="PASS" start="2024-04-10T01:54:06.015661" elapsed="0.000360"/>
</kw>
<kw name="Should Match Regexp" owner="BuiltIn">
<arg>${json_data['results'][0]['picture']['thumbnail']}</arg>
<arg>^https?://.*\.(?:png|jpe?g|gif|bmp)$</arg>
<doc>Fails if ``string`` does not match ``pattern`` as a regular expression.</doc>
<status status="PASS" start="2024-04-10T01:54:06.016207" elapsed="0.000357"/>
</kw>
<kw name="Log" owner="BuiltIn">
<msg time="2024-04-10T01:54:06.017068" level="INFO">{'large': 'https://randomuser.me/api/portraits/women/14.jpg', 'medium': 'https://randomuser.me/api/portraits/med/women/14.jpg', 'thumbnail': 'https://randomuser.me/api/portraits/thumb/women/14.jpg'}</msg>
<arg>${json_data['results'][0]['picture']}</arg>
<doc>Logs the given message with the given level.</doc>
<status status="PASS" start="2024-04-10T01:54:06.016746" elapsed="0.000363"/>
</kw>
<status status="PASS" start="2024-04-10T01:54:05.928993" elapsed="0.088396"/>
</kw>
<kw name="Teste de Tipos de Dados - Postcode" owner="random-user-service">
<kw name="GET On Session" owner="RequestsLibrary">
<msg time="2024-04-10T01:54:06.115106" level="INFO">GET Request : url=https://randomuser.me/api 
 path_url=/api 
 headers={'User-Agent': 'python-requests/2.31.0', 'Accept-Encoding': 'gzip, deflate', 'Accept': '*/*', 'Connection': 'keep-alive'} 
 body=None 
 </msg>
<msg time="2024-04-10T01:54:06.115209" level="INFO">GET Response : url=https://randomuser.me/api 
 status=200, reason=OK 
 headers={'Date': 'Wed, 10 Apr 2024 01:54:06 GMT', 'Content-Type': 'application/json; charset=utf-8', 'Transfer-Encoding': 'chunked', 'Connection': 'keep-alive', 'X-Powered-By': 'Express', 'Access-Control-Allow-Origin': '*', 'Cache-Control': 'no-cache', 'ETag': 'W/"4ab-A2GTauEXJlXn3hLUAkTskBjz2Cs"', 'Vary': 'Accept-Encoding', 'Content-Encoding': 'gzip', 'CF-Cache-Status': 'DYNAMIC', 'Report-To': '{"endpoints":[{"url":"https:\\/\\/a.nel.cloudflare.com\\/report\\/v4?s=bLo%2FARNkLsOHFFUxrTeFH4gGpPbjrXWjkMWYlUaDhbyev5Fd%2FQacZB20XqxS4wZuRgPQBZ%2BnfWtfpU1rrhnhEZGPnxy2fgl4J%2B1wE4mTEhVGMx5T4o9sMBsJcqT172wu"}],"group":"cf-nel","max_age":604800}', 'NEL': '{"success_fraction":0,"report_to":"cf-nel","max_age":604800}', 'Server': 'cloudflare', 'CF-RAY': '871f1b6399f49127-ORD', 'alt-svc': 'h3=":443"; ma=86400'} 
 body={"results":[{"gender":"female","name":{"title":"Ms","first":"Gisela","last":"Klingler"},"location":{"street":{"number":6353,"name":"Birkenstraße"},"city":"Neukirchen","state":"Brandenburg","country":"Germany","postcode":14242,"coordinates":{"latitude":"-54.0403","longitude":"15.2394"},"timezone":{"offset":"0:00","description":"Western Europe Time, London, Lisbon, Casablanca"}},"email":"gisela.klingler@example.com","login":{"uuid":"57f7a193-07f8-4bab-ac5d-7ede150f4623","username":"ticklishkoala899","password":"entry","salt":"E0ITMUjU","md5":"7f5e764c004221985bf45985cd2d9483","sha1":"910cd0a8828ae26a9cf761115a39e9be200002f8","sha256":"d06fae016558921b5b9ca13813891bc70528c77e1c8dc71be2c3dfc34efa235b"},"dob":{"date":"1990-11-06T20:10:07.547Z","age":33},"registered":{"date":"2020-12-01T04:44:13.961Z","age":3},"phone":"0309-2412458","cell":"0172-1273423","id":{"name":"SVNR","value":"12 061190 K 792"},"picture":{"large":"https://randomuser.me/api/portraits/women/9.jpg","medium":"https://randomuser.me/api/portraits/med/women/9.jpg","thumbnail":"https://randomuser.me/api/portraits/thumb/women/9.jpg"},"nat":"DE"}],"info":{"seed":"49100fdd97ceb9e8","results":1,"page":1,"version":"1.4"}} 
 </msg>
<msg time="2024-04-10T01:54:06.115306" level="INFO">/opt/hostedtoolcache/Python/3.12.2/x64/lib/python3.12/site-packages/urllib3/connectionpool.py:1103: InsecureRequestWarning: Unverified HTTPS request is being made to host 'randomuser.me'. Adding certificate verification is strongly advised. See: https://urllib3.readthedocs.io/en/latest/advanced-usage.html#tls-warnings
  warnings.warn(</msg>
<msg time="2024-04-10T01:54:06.115440" level="INFO">${response} = &lt;Response [200]&gt;</msg>
<var>${response}</var>
<arg>consultarAPI</arg>
<arg>/api</arg>
<doc>Sends a GET request on a previously created HTTP Session.</doc>
<status status="PASS" start="2024-04-10T01:54:06.017877" elapsed="0.097606"/>
</kw>
<kw name="Set Variable" owner="BuiltIn">
<msg time="2024-04-10T01:54:06.116676" level="INFO">${json_data} = {'results': [{'gender': 'female', 'name': {'title': 'Ms', 'first': 'Gisela', 'last': 'Klingler'}, 'location': {'street': {'number': 6353, 'name': 'Birkenstraße'}, 'city': 'Neukirchen', 'state': 'Brand...</msg>
<var>${json_data}</var>
<arg>${response.json()}</arg>
<doc>Returns the given values which can then be assigned to a variables.</doc>
<status status="PASS" start="2024-04-10T01:54:06.116106" elapsed="0.000600"/>
</kw>
<kw name="Log" owner="BuiltIn">
<msg time="2024-04-10T01:54:06.117262" level="INFO">{'results': [{'gender': 'female', 'name': {'title': 'Ms', 'first': 'Gisela', 'last': 'Klingler'}, 'location': {'street': {'number': 6353, 'name': 'Birkenstraße'}, 'city': 'Neukirchen', 'state': 'Brandenburg', 'country': 'Germany', 'postcode': 14242, 'coordinates': {'latitude': '-54.0403', 'longitude': '15.2394'}, 'timezone': {'offset': '0:00', 'description': 'Western Europe Time, London, Lisbon, Casablanca'}}, 'email': 'gisela.klingler@example.com', 'login': {'uuid': '57f7a193-07f8-4bab-ac5d-7ede150f4623', 'username': 'ticklishkoala899', 'password': 'entry', 'salt': 'E0ITMUjU', 'md5': '7f5e764c004221985bf45985cd2d9483', 'sha1': '910cd0a8828ae26a9cf761115a39e9be200002f8', 'sha256': 'd06fae016558921b5b9ca13813891bc70528c77e1c8dc71be2c3dfc34efa235b'}, 'dob': {'date': '1990-11-06T20:10:07.547Z', 'age': 33}, 'registered': {'date': '2020-12-01T04:44:13.961Z', 'age': 3}, 'phone': '0309-2412458', 'cell': '0172-1273423', 'id': {'name': 'SVNR', 'value': '12 061190 K 792'}, 'picture': {'large': 'https://randomuser.me/api/portraits/women/9.jpg', 'medium': 'https://randomuser.me/api/portraits/med/women/9.jpg', 'thumbnail': 'https://randomuser.me/api/portraits/thumb/women/9.jpg'}, 'nat': 'DE'}], 'info': {'seed': '49100fdd97ceb9e8', 'results': 1, 'page': 1, 'version': '1.4'}}</msg>
<arg>${json_data}</arg>
<doc>Logs the given message with the given level.</doc>
<status status="PASS" start="2024-04-10T01:54:06.117055" elapsed="0.000262"/>
</kw>
<kw name="Should Be Equal As Numbers" owner="BuiltIn">
<arg>${json_data['results'][0]['location']['postcode']}</arg>
<arg>${json_data['results'][0]['location']['postcode']}</arg>
<doc>Fails if objects are unequal after converting them to real numbers.</doc>
<status status="PASS" start="2024-04-10T01:54:06.117668" elapsed="0.000653"/>
</kw>
<kw name="Log" owner="BuiltIn">
<msg time="2024-04-10T01:54:06.118864" level="INFO">14242</msg>
<arg>${json_data['results'][0]['location']['postcode']}</arg>
<doc>Logs the given message with the given level.</doc>
<status status="PASS" start="2024-04-10T01:54:06.118521" elapsed="0.000384"/>
</kw>
<status status="PASS" start="2024-04-10T01:54:06.017627" elapsed="0.101542"/>
</kw>
<doc>Testa se os tipos de dados na resposta da API estão corretos.</doc>
<tag>testeTiposDados</tag>
<status status="PASS" start="2024-04-10T01:54:05.928301" elapsed="0.191045"/>
</test>
<test id="s1-s1-t5" name="Validar conteudo" line="35">
<kw name="Teste de Tipos de Conteudo" owner="random-user-service">
<kw name="GET On Session" owner="RequestsLibrary">
<msg time="2024-04-10T01:54:06.212534" level="INFO">GET Request : url=https://randomuser.me/api 
 path_url=/api 
 headers={'User-Agent': 'python-requests/2.31.0', 'Accept-Encoding': 'gzip, deflate', 'Accept': '*/*', 'Connection': 'keep-alive'} 
 body=None 
 </msg>
<msg time="2024-04-10T01:54:06.212637" level="INFO">GET Response : url=https://randomuser.me/api 
 status=200, reason=OK 
 headers={'Date': 'Wed, 10 Apr 2024 01:54:06 GMT', 'Content-Type': 'application/json; charset=utf-8', 'Transfer-Encoding': 'chunked', 'Connection': 'keep-alive', 'X-Powered-By': 'Express', 'Access-Control-Allow-Origin': '*', 'Cache-Control': 'no-cache', 'ETag': 'W/"4a1-u5b4elY98QSEHV+EY2FSpEZmEQY"', 'Vary': 'Accept-Encoding', 'Content-Encoding': 'gzip', 'CF-Cache-Status': 'DYNAMIC', 'Report-To': '{"endpoints":[{"url":"https:\\/\\/a.nel.cloudflare.com\\/report\\/v4?s=o%2BOYKp0b715THzu5bUHC1i%2FXmzzjmy8hpLs0dtIyHKyGbJZ4drAEYPrn8fNv0KL6wzH164Psy%2F%2FEKNu5CofKHG0wGYLy2JWZonOZseT5oxuYICdnKF4tmsOvAw6RB3DQ"}],"group":"cf-nel","max_age":604800}', 'NEL': '{"success_fraction":0,"report_to":"cf-nel","max_age":604800}', 'Server': 'cloudflare', 'CF-RAY': '871f1b644bdd9127-ORD', 'alt-svc': 'h3=":443"; ma=86400'} 
 body={"results":[{"gender":"female","name":{"title":"Mrs","first":"Ruby","last":"Anderson"},"location":{"street":{"number":4531,"name":"Rangitikei Street"},"city":"Lower Hutt","state":"Manawatu-Wanganui","country":"New Zealand","postcode":15992,"coordinates":{"latitude":"54.3858","longitude":"179.6530"},"timezone":{"offset":"-6:00","description":"Central Time (US &amp; Canada), Mexico City"}},"email":"ruby.anderson@example.com","login":{"uuid":"d0537b65-1563-495d-9b83-39f1306f3be8","username":"bluedog640","password":"loveit","salt":"tzoJvZJR","md5":"6f366b41de9e9c0b8d3c69ffc3e00ab7","sha1":"db57562140143663ebd192651eb21f3cd478e268","sha256":"8e8e9cd155e0620d32c7ffe7c2fc0fcc751a26d6c77152cebf1cfd029579c28a"},"dob":{"date":"1997-12-22T22:07:32.781Z","age":26},"registered":{"date":"2004-07-16T22:16:25.681Z","age":19},"phone":"(049)-279-5311","cell":"(233)-248-6921","id":{"name":"","value":null},"picture":{"large":"https://randomuser.me/api/portraits/women/21.jpg","medium":"https://randomuser.me/api/portraits/med/women/21.jpg","thumbnail":"https://randomuser.me/api/portraits/thumb/women/21.jpg"},"nat":"NZ"}],"info":{"seed":"1dfab41d44746394","results":1,"page":1,"version":"1.4"}} 
 </msg>
<msg time="2024-04-10T01:54:06.212711" level="INFO">/opt/hostedtoolcache/Python/3.12.2/x64/lib/python3.12/site-packages/urllib3/connectionpool.py:1103: InsecureRequestWarning: Unverified HTTPS request is being made to host 'randomuser.me'. Adding certificate verification is strongly advised. See: https://urllib3.readthedocs.io/en/latest/advanced-usage.html#tls-warnings
  warnings.warn(</msg>
<msg time="2024-04-10T01:54:06.212843" level="INFO">${response} = &lt;Response [200]&gt;</msg>
<var>${response}</var>
<arg>consultarAPI</arg>
<arg>/api</arg>
<doc>Sends a GET request on a previously created HTTP Session.</doc>
<status status="PASS" start="2024-04-10T01:54:06.121955" elapsed="0.090956"/>
</kw>
<kw name="Set Variable" owner="BuiltIn">
<msg time="2024-04-10T01:54:06.214123" level="INFO">${json_data} = {'results': [{'gender': 'female', 'name': {'title': 'Mrs', 'first': 'Ruby', 'last': 'Anderson'}, 'location': {'street': {'number': 4531, 'name': 'Rangitikei Street'}, 'city': 'Lower Hutt', 'state': 'M...</msg>
<var>${json_data}</var>
<arg>${response.json()}</arg>
<doc>Returns the given values which can then be assigned to a variables.</doc>
<status status="PASS" start="2024-04-10T01:54:06.213574" elapsed="0.000579"/>
</kw>
<kw name="Set Variable" owner="BuiltIn">
<msg time="2024-04-10T01:54:06.214922" level="INFO">${name_title} = Mrs</msg>
<var>${name_title}</var>
<arg>${json_data["results"][0]["name"]["title"]}</arg>
<doc>Returns the given values which can then be assigned to a variables.</doc>
<status status="PASS" start="2024-04-10T01:54:06.214503" elapsed="0.000445"/>
</kw>
<kw name="Create List" owner="BuiltIn">
<msg time="2024-04-10T01:54:06.215428" level="INFO">${allowed_titles} = ['Mr', 'Ms', 'Miss', 'Mrs', 'Madame', 'Monsieur']</msg>
<var>${allowed_titles}</var>
<arg>Mr</arg>
<arg>Ms</arg>
<arg>Miss</arg>
<arg>Mrs</arg>
<arg>Madame</arg>
<arg>Monsieur</arg>
<doc>Returns a list containing given items.</doc>
<status status="PASS" start="2024-04-10T01:54:06.215269" elapsed="0.000185"/>
</kw>
<kw name="List Should Contain Value" owner="Collections">
<msg time="2024-04-10T01:54:06.215959" level="INFO">False</msg>
<arg>${allowed_titles}</arg>
<arg>${name_title}</arg>
<doc>Fails if the ``value`` is not found from ``list``.</doc>
<status status="PASS" start="2024-04-10T01:54:06.215775" elapsed="0.000222"/>
</kw>
<kw name="Set Variable" owner="BuiltIn">
<msg time="2024-04-10T01:54:06.216698" level="INFO">${name_country} = NZ</msg>
<var>${name_country}</var>
<arg>${json_data["results"][0]["nat"]}</arg>
<doc>Returns the given values which can then be assigned to a variables.</doc>
<status status="PASS" start="2024-04-10T01:54:06.216310" elapsed="0.000414"/>
</kw>
<kw name="Create List" owner="BuiltIn">
<msg time="2024-04-10T01:54:06.217672" level="INFO">${list_country} = ['AD', 'AE', 'AF', 'AG', 'AI', 'AL', 'AM', 'AO', 'AQ', 'AR', 'AS', 'AT', 'AU', 'AW', 'AX', 'AZ', 'BA', 'BB', 'BD', 'BE', 'BF', 'BG', 'BH', 'BI', 'BJ', 'BL', 'BM', 'BN', 'BO', 'BQ', 'BR', 'BS', 'BT', '...</msg>
<var>${list_country}</var>
<arg>AD</arg>
<arg>AE</arg>
<arg>AF</arg>
<arg>AG</arg>
<arg>AI</arg>
<arg>AL</arg>
<arg>AM</arg>
<arg>AO</arg>
<arg>AQ</arg>
<arg>AR</arg>
<arg>AS</arg>
<arg>AT</arg>
<arg>AU</arg>
<arg>AW</arg>
<arg>AX</arg>
<arg>AZ</arg>
<arg>BA</arg>
<arg>BB</arg>
<arg>BD</arg>
<arg>BE</arg>
<arg>BF</arg>
<arg>BG</arg>
<arg>BH</arg>
<arg>BI</arg>
<arg>BJ</arg>
<arg>BL</arg>
<arg>BM</arg>
<arg>BN</arg>
<arg>BO</arg>
<arg>BQ</arg>
<arg>BR</arg>
<arg>BS</arg>
<arg>BT</arg>
<arg>BV</arg>
<arg>BW</arg>
<arg>BY</arg>
<arg>BZ</arg>
<arg>CA</arg>
<arg>CC</arg>
<arg>CD</arg>
<arg>CF</arg>
<arg>CG</arg>
<arg>CH</arg>
<arg>CI</arg>
<arg>CK</arg>
<arg>CL</arg>
<arg>CM</arg>
<arg>CN</arg>
<arg>CO</arg>
<arg>CR</arg>
<arg>CU</arg>
<arg>CV</arg>
<arg>CW</arg>
<arg>CX</arg>
<arg>CY</arg>
<arg>CZ</arg>
<arg>DE</arg>
<arg>DJ</arg>
<arg>DK</arg>
<arg>DM</arg>
<arg>DO</arg>
<arg>DZ</arg>
<arg>EC</arg>
<arg>EE</arg>
<arg>EG</arg>
<arg>EH</arg>
<arg>ER</arg>
<arg>ES</arg>
<arg>ET</arg>
<arg>FI</arg>
<arg>FJ</arg>
<arg>FK</arg>
<arg>FM</arg>
<arg>FO</arg>
<arg>FR</arg>
<arg>GA</arg>
<arg>GB</arg>
<arg>GD</arg>
<arg>GE</arg>
<arg>GF</arg>
<arg>GG</arg>
<arg>GH</arg>
<arg>GI</arg>
<arg>GL</arg>
<arg>GM</arg>
<arg>GN</arg>
<arg>GP</arg>
<arg>GQ</arg>
<arg>GR</arg>
<arg>GS</arg>
<arg>GT</arg>
<arg>GU</arg>
<arg>GW</arg>
<arg>GY</arg>
<arg>HK</arg>
<arg>HM</arg>
<arg>HN</arg>
<arg>HR</arg>
<arg>HT</arg>
<arg>HU</arg>
<arg>ID</arg>
<arg>IE</arg>
<arg>IL</arg>
<arg>IM</arg>
<arg>IN</arg>
<arg>IO</arg>
<arg>IQ</arg>
<arg>IR</arg>
<arg>IS</arg>
<arg>IT</arg>
<arg>JE</arg>
<arg>JM</arg>
<arg>JO</arg>
<arg>JP</arg>
<arg>KE</arg>
<arg>KG</arg>
<arg>KH</arg>
<arg>KI</arg>
<arg>KM</arg>
<arg>KN</arg>
<arg>KP</arg>
<arg>KR</arg>
<arg>KW</arg>
<arg>KY</arg>
<arg>KZ</arg>
<arg>LA</arg>
<arg>LB</arg>
<arg>LC</arg>
<arg>LI</arg>
<arg>LK</arg>
<arg>LR</arg>
<arg>LS</arg>
<arg>LT</arg>
<arg>LU</arg>
<arg>LV</arg>
<arg>LY</arg>
<arg>MA</arg>
<arg>MC</arg>
<arg>MD</arg>
<arg>ME</arg>
<arg>MF</arg>
<arg>MG</arg>
<arg>MH</arg>
<arg>MK</arg>
<arg>ML</arg>
<arg>MM</arg>
<arg>MN</arg>
<arg>MO</arg>
<arg>MP</arg>
<arg>MQ</arg>
<arg>MR</arg>
<arg>MS</arg>
<arg>MT</arg>
<arg>MU</arg>
<arg>MV</arg>
<arg>MW</arg>
<arg>MX</arg>
<arg>MY</arg>
<arg>MZ</arg>
<arg>NA</arg>
<arg>NC</arg>
<arg>NE</arg>
<arg>NF</arg>
<arg>NG</arg>
<arg>NI</arg>
<arg>NL</arg>
<arg>NO</arg>
<arg>NP</arg>
<arg>NR</arg>
<arg>NU</arg>
<arg>NZ</arg>
<arg>OM</arg>
<arg>PA</arg>
<arg>PE</arg>
<arg>PF</arg>
<arg>PG</arg>
<arg>PH</arg>
<arg>PK</arg>
<arg>PL</arg>
<arg>PM</arg>
<arg>PN</arg>
<arg>PR</arg>
<arg>PS</arg>
<arg>PT</arg>
<arg>PW</arg>
<arg>PY</arg>
<arg>QA</arg>
<arg>RE</arg>
<arg>RO</arg>
<arg>RS</arg>
<arg>RU</arg>
<arg>RW</arg>
<arg>SA</arg>
<arg>SB</arg>
<arg>SC</arg>
<arg>SD</arg>
<arg>SE</arg>
<arg>SG</arg>
<arg>SH</arg>
<arg>SI</arg>
<arg>SJ</arg>
<arg>SK</arg>
<arg>SL</arg>
<arg>SM</arg>
<arg>SN</arg>
<arg>SO</arg>
<arg>SR</arg>
<arg>SS</arg>
<arg>ST</arg>
<arg>SV</arg>
<arg>SX</arg>
<arg>SY</arg>
<arg>SZ</arg>
<arg>TC</arg>
<arg>TD</arg>
<arg>TF</arg>
<arg>TG</arg>
<arg>TH</arg>
<arg>TJ</arg>
<arg>TK</arg>
<arg>TL</arg>
<arg>TM</arg>
<arg>TN</arg>
<arg>TO</arg>
<arg>TR</arg>
<arg>TT</arg>
<arg>TV</arg>
<arg>TW</arg>
<arg>TZ</arg>
<arg>UA</arg>
<arg>UG</arg>
<arg>UM</arg>
<arg>US</arg>
<arg>UY</arg>
<arg>UZ</arg>
<arg>VA</arg>
<arg>VC</arg>
<arg>VE</arg>
<arg>VG</arg>
<arg>VI</arg>
<arg>VN</arg>
<arg>VU</arg>
<arg>WF</arg>
<arg>WS</arg>
<arg>XK</arg>
<arg>YE</arg>
<arg>YT</arg>
<arg>ZA</arg>
<arg>ZM</arg>
<arg>ZW</arg>
<doc>Returns a list containing given items.</doc>
<status status="PASS" start="2024-04-10T01:54:06.217036" elapsed="0.000663"/>
</kw>
<kw name="List Should Contain Value" owner="Collections">
<msg time="2024-04-10T01:54:06.218717" level="INFO">False</msg>
<arg>${list_country}</arg>
<arg>${name_country}</arg>
<doc>Fails if the ``value`` is not found from ``list``.</doc>
<status status="PASS" start="2024-04-10T01:54:06.218504" elapsed="0.000250"/>
</kw>
<kw name="Run Keyword If" owner="BuiltIn">
<kw name="Should Be True" owner="BuiltIn">
<arg>${True}</arg>
<doc>Fails if the given condition is not true.</doc>
<status status="PASS" start="2024-04-10T01:54:06.219981" elapsed="0.000155"/>
</kw>
<arg>${json_data["results"][0]["location"]["coordinates"]["latitude"]} &gt;= -90 and ${json_data["results"][0]["location"]["coordinates"]["latitude"]} &lt;= 90</arg>
<arg>Should Be True</arg>
<arg>${True}</arg>
<doc>Runs the given keyword with the given arguments, if ``condition`` is true.</doc>
<status status="PASS" start="2024-04-10T01:54:06.219072" elapsed="0.001198"/>
</kw>
<kw name="Run Keyword If" owner="BuiltIn">
<kw name="Should Be True" owner="BuiltIn">
<arg>${True}</arg>
<doc>Fails if the given condition is not true.</doc>
<status status="PASS" start="2024-04-10T01:54:06.221176" elapsed="0.000183"/>
</kw>
<arg>${json_data["results"][0]["location"]["coordinates"]["longitude"]} &gt;= -180 and ${json_data["results"][0]["location"]["coordinates"]["longitude"]} &lt;= 180</arg>
<arg>Should Be True</arg>
<arg>${True}</arg>
<doc>Runs the given keyword with the given arguments, if ``condition`` is true.</doc>
<status status="PASS" start="2024-04-10T01:54:06.220460" elapsed="0.001030"/>
</kw>
<status status="PASS" start="2024-04-10T01:54:06.121719" elapsed="0.099907"/>
</kw>
<doc>Testa o conteúdo específico dos campos retornados pela API.</doc>
<tag>testeConteudo</tag>
<status status="PASS" start="2024-04-10T01:54:06.121137" elapsed="0.100654"/>
</test>
<status status="PASS" start="2024-04-10T01:54:05.426794" elapsed="0.796997"/>
</suite>
<status status="PASS" start="2024-04-10T01:54:05.413062" elapsed="0.816144"/>
</suite>
<statistics>
<total>
<stat pass="5" fail="0" skip="0">All Tests</stat>
</total>
<tag>
<stat pass="1" fail="0" skip="0">testeConteudo</stat>
<stat pass="1" fail="0" skip="0">testeEstruturaResposta</stat>
<stat pass="1" fail="0" skip="0">testeRequisicaoBasica</stat>
<stat pass="1" fail="0" skip="0">testeTiposDados</stat>
</tag>
<suite>
<stat pass="5" fail="0" skip="0" id="s1" name="Tests">Tests</stat>
<stat pass="5" fail="0" skip="0" id="s1-s1" name="Random-User-Test">Tests.Random-User-Test</stat>
</suite>
</statistics>
<errors>
</errors>
</robot>
