<?xml version="1.0" encoding="UTF-8"?>
<robot generator="Robot 7.0 (Python 3.12.3 on linux)" generated="2024-05-20T17:15:24.546824" rpa="false" schemaversion="5">
<suite id="s1" name="Tests" source="/home/runner/work/DesafioQAItauRogerioJordao/DesafioQAItauRogerioJordao/RamdonUser/tests">
<suite id="s1-s1" name="Random-User-Test" source="/home/runner/work/DesafioQAItauRogerioJordao/DesafioQAItauRogerioJordao/RamdonUser/tests/random-user-test.robot">
<test id="s1-s1-t1" name="Conectar" line="13">
<kw name="Conectar API" owner="random-user-service">
<kw name="Create Session" owner="RequestsLibrary">
<msg time="2024-05-20T17:15:24.956705" level="INFO">Creating Session using : alias=consultarAPI, url=https://randomuser.me/, headers={},                     cookies={}, auth=None, timeout=None, proxies=None, verify=False,                     debug=0 </msg>
<arg>consultarAPI</arg>
<arg>${URL}</arg>
<doc>Create Session: create a HTTP session to a server</doc>
<status status="PASS" start="2024-05-20T17:15:24.956472" elapsed="0.000455"/>
</kw>
<status status="PASS" start="2024-05-20T17:15:24.955390" elapsed="0.001929"/>
</kw>
<status status="PASS" start="2024-05-20T17:15:24.954652" elapsed="0.002866"/>
</test>
<test id="s1-s1-t2" name="Validar retorno 200 e JSON Válido" line="16">
<kw name="Teste de Requisicao Basica" owner="random-user-service">
<kw name="GET On Session" owner="RequestsLibrary">
<msg time="2024-05-20T17:15:25.166165" level="INFO">GET Request : url=https://randomuser.me/api 
 path_url=/api 
 headers={'User-Agent': 'python-requests/2.32.0', 'Accept-Encoding': 'gzip, deflate', 'Accept': '*/*', 'Connection': 'keep-alive'} 
 body=None 
 </msg>
<msg time="2024-05-20T17:15:25.166324" level="INFO">GET Response : url=https://randomuser.me/api 
 status=200, reason=OK 
 headers={'Date': 'Mon, 20 May 2024 17:15:25 GMT', 'Content-Type': 'application/json; charset=utf-8', 'Transfer-Encoding': 'chunked', 'Connection': 'keep-alive', 'X-Powered-By': 'Express', 'Access-Control-Allow-Origin': '*', 'Cache-Control': 'no-cache', 'ETag': 'W/"488-P8F6Jjuaav9mDl/bZUwQu9PKdCk"', 'Vary': 'Accept-Encoding', 'Content-Encoding': 'gzip', 'CF-Cache-Status': 'DYNAMIC', 'Report-To': '{"endpoints":[{"url":"https:\\/\\/a.nel.cloudflare.com\\/report\\/v4?s=v0M2Eyk1RC7D40GaNNTJKIM%2Fia1b%2B15VKRaz1ruB41kGkOy1nTpx7Mshf5G22VqKVuD4O6G0jyrVngrOQ1qRSaePvDtb0FOxZR%2BTsmMtkM%2FhamEbBED2LBEynThJMWco"}],"group":"cf-nel","max_age":604800}', 'NEL': '{"success_fraction":0,"report_to":"cf-nel","max_age":604800}', 'Server': 'cloudflare', 'CF-RAY': '886df7f9ee9d60a5-ORD', 'alt-svc': 'h3=":443"; ma=86400'} 
 body={"results":[{"gender":"female","name":{"title":"Miss","first":"پرنیا","last":"زارعی"},"location":{"street":{"number":4181,"name":"شهید آقاسرمدیان"},"city":"همدان","state":"خوزستان","country":"Iran","postcode":27469,"coordinates":{"latitude":"14.0421","longitude":"105.1177"},"timezone":{"offset":"-9:00","description":"Alaska"}},"email":"prny.zraay@example.com","login":{"uuid":"d41166d6-36b6-4395-9f97-d37fef4c0bb3","username":"heavysnake300","password":"morgan1","salt":"xRynKvM0","md5":"5f17f6a14d1df6bf9bb0fe531c857abc","sha1":"b040024913939f30e891a529a3d976456c57c45f","sha256":"be3added4a6361dc5aa8b0eafaad37f0cd914510bf2e9631962388981094a780"},"dob":{"date":"1971-09-01T16:21:53.585Z","age":52},"registered":{"date":"2021-07-25T20:24:07.122Z","age":2},"phone":"092-70772295","cell":"0944-337-1260","id":{"name":"","value":null},"picture":{"large":"https://randomuser.me/api/portraits/women/86.jpg","medium":"https://randomuser.me/api/portraits/med/women/86.jpg","thumbnail":"https://randomuser.me/api/portraits/thumb/women/86.jpg"},"nat":"IR"}],"info":{"seed":"8d944a045266344c","results":1,"page":1,"version":"1.4"}} 
 </msg>
<msg time="2024-05-20T17:15:25.166411" level="INFO">/opt/hostedtoolcache/Python/3.12.3/x64/lib/python3.12/site-packages/urllib3/connectionpool.py:1103: InsecureRequestWarning: Unverified HTTPS request is being made to host 'randomuser.me'. Adding certificate verification is strongly advised. See: https://urllib3.readthedocs.io/en/latest/advanced-usage.html#tls-warnings
  warnings.warn(</msg>
<msg time="2024-05-20T17:15:25.166590" level="INFO">${response} = &lt;Response [200]&gt;</msg>
<var>${response}</var>
<arg>consultarAPI</arg>
<arg>/api</arg>
<doc>Sends a GET request on a previously created HTTP Session.</doc>
<status status="PASS" start="2024-05-20T17:15:24.960220" elapsed="0.206415"/>
</kw>
<kw name="Should Be Equal As Numbers" owner="BuiltIn">
<msg time="2024-05-20T17:15:25.167717" level="INFO">Argument types are:
&lt;class 'int'&gt;
&lt;class 'str'&gt;</msg>
<arg>${response.status_code}</arg>
<arg>200</arg>
<doc>Fails if objects are unequal after converting them to real numbers.</doc>
<status status="PASS" start="2024-05-20T17:15:25.167245" elapsed="0.000542"/>
</kw>
<kw name="Log" owner="BuiltIn">
<msg time="2024-05-20T17:15:25.168503" level="INFO">200</msg>
<arg>${response.status_code}</arg>
<doc>Logs the given message with the given level.</doc>
<status status="PASS" start="2024-05-20T17:15:25.168147" elapsed="0.000400"/>
</kw>
<kw name="Set Variable" owner="BuiltIn">
<msg time="2024-05-20T17:15:25.169307" level="INFO">${json_data} = {'results': [{'gender': 'female', 'name': {'title': 'Miss', 'first': 'پرنیا', 'last': 'زارعی'}, 'location': {'street': {'number': 4181, 'name': 'شهید آقاسرمدیان'}, 'city': 'همدان', 'state': 'خوزستان',...</msg>
<var>${json_data}</var>
<arg>${response.json()}</arg>
<doc>Returns the given values which can then be assigned to a variables.</doc>
<status status="PASS" start="2024-05-20T17:15:25.168855" elapsed="0.000482"/>
</kw>
<kw name="Dictionary Should Contain Key" owner="Collections">
<msg time="2024-05-20T17:15:25.169816" level="INFO">False</msg>
<arg>${json_data}</arg>
<arg>results</arg>
<doc>Fails if ``key`` is not found from ``dictionary``.</doc>
<status status="PASS" start="2024-05-20T17:15:25.169645" elapsed="0.000211"/>
</kw>
<status status="PASS" start="2024-05-20T17:15:24.959966" elapsed="0.210150"/>
</kw>
<doc>Testa se a API responde corretamente e retorna um objeto JSON válido.</doc>
<tag>testeRequisicaoBasica</tag>
<status status="PASS" start="2024-05-20T17:15:24.959484" elapsed="0.210823"/>
</test>
<test id="s1-s1-t3" name="Validar estrutura de resposta" line="22">
<kw name="Teste de Estrutura de Resposta" owner="random-user-service">
<kw name="GET On Session" owner="RequestsLibrary">
<msg time="2024-05-20T17:15:25.272845" level="INFO">GET Request : url=https://randomuser.me/api 
 path_url=/api 
 headers={'User-Agent': 'python-requests/2.32.0', 'Accept-Encoding': 'gzip, deflate', 'Accept': '*/*', 'Connection': 'keep-alive'} 
 body=None 
 </msg>
<msg time="2024-05-20T17:15:25.272964" level="INFO">GET Response : url=https://randomuser.me/api 
 status=200, reason=OK 
 headers={'Date': 'Mon, 20 May 2024 17:15:25 GMT', 'Content-Type': 'application/json; charset=utf-8', 'Transfer-Encoding': 'chunked', 'Connection': 'keep-alive', 'X-Powered-By': 'Express', 'Access-Control-Allow-Origin': '*', 'Cache-Control': 'no-cache', 'ETag': 'W/"46a-NXhcq4+7lZbRRdKXGuUrWVCGY18"', 'Vary': 'Accept-Encoding', 'Content-Encoding': 'gzip', 'CF-Cache-Status': 'DYNAMIC', 'Report-To': '{"endpoints":[{"url":"https:\\/\\/a.nel.cloudflare.com\\/report\\/v4?s=7W4Mctzb8MV3HZwHfX%2BDDKKBVNp%2FQi3Hk%2Bo%2Blc0rpm2C5PgkpUUn2Rsuu1MfRW6uo06eyQYHJBYqMzPWkeKYdAbOXzRYxY%2BSZlVZD0OyDNaC3uHorPV7uOUt94nzbmeR"}],"group":"cf-nel","max_age":604800}', 'NEL': '{"success_fraction":0,"report_to":"cf-nel","max_age":604800}', 'Server': 'cloudflare', 'CF-RAY': '886df7fa5f3860a5-ORD', 'alt-svc': 'h3=":443"; ma=86400'} 
 body={"results":[{"gender":"female","name":{"title":"Miss","first":"Melike","last":"Sezek"},"location":{"street":{"number":984,"name":"Tunalı Hilmi Cd"},"city":"Edirne","state":"Adana","country":"Turkey","postcode":58213,"coordinates":{"latitude":"64.7555","longitude":"138.7465"},"timezone":{"offset":"-10:00","description":"Hawaii"}},"email":"melike.sezek@example.com","login":{"uuid":"ab211a40-8929-4061-b123-1becbec988cb","username":"bluebird720","password":"bethany","salt":"JlKdzgCh","md5":"14644b95ddb130204c7bc7bd07571518","sha1":"5bd87ecad2066634c34180267d1a6304eb415d70","sha256":"53875c0c44d11269e9d51e44580aeda84287498d64935b27b423486d3c103af0"},"dob":{"date":"1997-07-10T06:59:10.772Z","age":26},"registered":{"date":"2018-03-20T04:48:12.634Z","age":6},"phone":"(985)-558-7357","cell":"(527)-102-8474","id":{"name":"","value":null},"picture":{"large":"https://randomuser.me/api/portraits/women/68.jpg","medium":"https://randomuser.me/api/portraits/med/women/68.jpg","thumbnail":"https://randomuser.me/api/portraits/thumb/women/68.jpg"},"nat":"TR"}],"info":{"seed":"e560a2b9c9beb8c9","results":1,"page":1,"version":"1.4"}} 
 </msg>
<msg time="2024-05-20T17:15:25.273122" level="INFO">/opt/hostedtoolcache/Python/3.12.3/x64/lib/python3.12/site-packages/urllib3/connectionpool.py:1103: InsecureRequestWarning: Unverified HTTPS request is being made to host 'randomuser.me'. Adding certificate verification is strongly advised. See: https://urllib3.readthedocs.io/en/latest/advanced-usage.html#tls-warnings
  warnings.warn(</msg>
<msg time="2024-05-20T17:15:25.273271" level="INFO">${response} = &lt;Response [200]&gt;</msg>
<var>${response}</var>
<arg>consultarAPI</arg>
<arg>/api</arg>
<doc>Sends a GET request on a previously created HTTP Session.</doc>
<status status="PASS" start="2024-05-20T17:15:25.173084" elapsed="0.100220"/>
</kw>
<kw name="Set Variable" owner="BuiltIn">
<msg time="2024-05-20T17:15:25.274407" level="INFO">${json_data} = {'results': [{'gender': 'female', 'name': {'title': 'Miss', 'first': 'Melike', 'last': 'Sezek'}, 'location': {'street': {'number': 984, 'name': 'Tunalı Hilmi Cd'}, 'city': 'Edirne', 'state': 'Adana', ...</msg>
<var>${json_data}</var>
<arg>${response.json()}</arg>
<doc>Returns the given values which can then be assigned to a variables.</doc>
<status status="PASS" start="2024-05-20T17:15:25.273856" elapsed="0.000583"/>
</kw>
<kw name="Log" owner="BuiltIn">
<msg time="2024-05-20T17:15:25.275001" level="INFO">{'results': [{'gender': 'female', 'name': {'title': 'Miss', 'first': 'Melike', 'last': 'Sezek'}, 'location': {'street': {'number': 984, 'name': 'Tunalı Hilmi Cd'}, 'city': 'Edirne', 'state': 'Adana', 'country': 'Turkey', 'postcode': 58213, 'coordinates': {'latitude': '64.7555', 'longitude': '138.7465'}, 'timezone': {'offset': '-10:00', 'description': 'Hawaii'}}, 'email': 'melike.sezek@example.com', 'login': {'uuid': 'ab211a40-8929-4061-b123-1becbec988cb', 'username': 'bluebird720', 'password': 'bethany', 'salt': 'JlKdzgCh', 'md5': '14644b95ddb130204c7bc7bd07571518', 'sha1': '5bd87ecad2066634c34180267d1a6304eb415d70', 'sha256': '53875c0c44d11269e9d51e44580aeda84287498d64935b27b423486d3c103af0'}, 'dob': {'date': '1997-07-10T06:59:10.772Z', 'age': 26}, 'registered': {'date': '2018-03-20T04:48:12.634Z', 'age': 6}, 'phone': '(985)-558-7357', 'cell': '(527)-102-8474', 'id': {'name': '', 'value': None}, 'picture': {'large': 'https://randomuser.me/api/portraits/women/68.jpg', 'medium': 'https://randomuser.me/api/portraits/med/women/68.jpg', 'thumbnail': 'https://randomuser.me/api/portraits/thumb/women/68.jpg'}, 'nat': 'TR'}], 'info': {'seed': 'e560a2b9c9beb8c9', 'results': 1, 'page': 1, 'version': '1.4'}}</msg>
<arg>${json_data}</arg>
<doc>Logs the given message with the given level.</doc>
<status status="PASS" start="2024-05-20T17:15:25.274833" elapsed="0.000221"/>
</kw>
<kw name="Dictionary Should Contain Key" owner="Collections">
<msg time="2024-05-20T17:15:25.275528" level="INFO">False</msg>
<arg>${json_data}</arg>
<arg>results</arg>
<doc>Fails if ``key`` is not found from ``dictionary``.</doc>
<status status="PASS" start="2024-05-20T17:15:25.275366" elapsed="0.000200"/>
</kw>
<kw name="Should Not Be Empty" owner="BuiltIn">
<msg time="2024-05-20T17:15:25.275999" level="INFO">Length is 2.</msg>
<arg>${json_data}</arg>
<doc>Verifies that the given item is not empty.</doc>
<status status="PASS" start="2024-05-20T17:15:25.275864" elapsed="0.000175"/>
</kw>
<kw name="Create List" owner="BuiltIn">
<msg time="2024-05-20T17:15:25.276662" level="INFO">${expected_keys} = ['gender', 'name', 'location', 'email', 'login']</msg>
<var>${expected_keys}</var>
<arg>gender</arg>
<arg>name</arg>
<arg>location</arg>
<arg>email</arg>
<arg>login</arg>
<doc>Returns a list containing given items.</doc>
<status status="PASS" start="2024-05-20T17:15:25.276337" elapsed="0.000351"/>
</kw>
<for flavor="IN">
<iter>
<kw name="Dictionary Should Contain Key" owner="Collections">
<msg time="2024-05-20T17:15:25.277715" level="INFO">False</msg>
<arg>${json_data['results'][0]}</arg>
<arg>${key}</arg>
<doc>Fails if ``key`` is not found from ``dictionary``.</doc>
<status status="PASS" start="2024-05-20T17:15:25.277294" elapsed="0.000460"/>
</kw>
<kw name="Log" owner="BuiltIn">
<msg time="2024-05-20T17:15:25.278444" level="INFO">{'gender': 'female', 'name': {'title': 'Miss', 'first': 'Melike', 'last': 'Sezek'}, 'location': {'street': {'number': 984, 'name': 'Tunalı Hilmi Cd'}, 'city': 'Edirne', 'state': 'Adana', 'country': 'Turkey', 'postcode': 58213, 'coordinates': {'latitude': '64.7555', 'longitude': '138.7465'}, 'timezone': {'offset': '-10:00', 'description': 'Hawaii'}}, 'email': 'melike.sezek@example.com', 'login': {'uuid': 'ab211a40-8929-4061-b123-1becbec988cb', 'username': 'bluebird720', 'password': 'bethany', 'salt': 'JlKdzgCh', 'md5': '14644b95ddb130204c7bc7bd07571518', 'sha1': '5bd87ecad2066634c34180267d1a6304eb415d70', 'sha256': '53875c0c44d11269e9d51e44580aeda84287498d64935b27b423486d3c103af0'}, 'dob': {'date': '1997-07-10T06:59:10.772Z', 'age': 26}, 'registered': {'date': '2018-03-20T04:48:12.634Z', 'age': 6}, 'phone': '(985)-558-7357', 'cell': '(527)-102-8474', 'id': {'name': '', 'value': None}, 'picture': {'large': 'https://randomuser.me/api/portraits/women/68.jpg', 'medium': 'https://randomuser.me/api/portraits/med/women/68.jpg', 'thumbnail': 'https://randomuser.me/api/portraits/thumb/women/68.jpg'}, 'nat': 'TR'}</msg>
<arg>${json_data['results'][0]}</arg>
<doc>Logs the given message with the given level.</doc>
<status status="PASS" start="2024-05-20T17:15:25.278067" elapsed="0.000457"/>
</kw>
<kw name="Log" owner="BuiltIn">
<msg time="2024-05-20T17:15:25.278969" level="INFO">gender</msg>
<arg>${key}</arg>
<doc>Logs the given message with the given level.</doc>
<status status="PASS" start="2024-05-20T17:15:25.278840" elapsed="0.000168"/>
</kw>
<var name="${key}">gender</var>
<status status="PASS" start="2024-05-20T17:15:25.277167" elapsed="0.002061"/>
</iter>
<iter>
<kw name="Dictionary Should Contain Key" owner="Collections">
<msg time="2024-05-20T17:15:25.279935" level="INFO">False</msg>
<arg>${json_data['results'][0]}</arg>
<arg>${key}</arg>
<doc>Fails if ``key`` is not found from ``dictionary``.</doc>
<status status="PASS" start="2024-05-20T17:15:25.279541" elapsed="0.000432"/>
</kw>
<kw name="Log" owner="BuiltIn">
<msg time="2024-05-20T17:15:25.280670" level="INFO">{'gender': 'female', 'name': {'title': 'Miss', 'first': 'Melike', 'last': 'Sezek'}, 'location': {'street': {'number': 984, 'name': 'Tunalı Hilmi Cd'}, 'city': 'Edirne', 'state': 'Adana', 'country': 'Turkey', 'postcode': 58213, 'coordinates': {'latitude': '64.7555', 'longitude': '138.7465'}, 'timezone': {'offset': '-10:00', 'description': 'Hawaii'}}, 'email': 'melike.sezek@example.com', 'login': {'uuid': 'ab211a40-8929-4061-b123-1becbec988cb', 'username': 'bluebird720', 'password': 'bethany', 'salt': 'JlKdzgCh', 'md5': '14644b95ddb130204c7bc7bd07571518', 'sha1': '5bd87ecad2066634c34180267d1a6304eb415d70', 'sha256': '53875c0c44d11269e9d51e44580aeda84287498d64935b27b423486d3c103af0'}, 'dob': {'date': '1997-07-10T06:59:10.772Z', 'age': 26}, 'registered': {'date': '2018-03-20T04:48:12.634Z', 'age': 6}, 'phone': '(985)-558-7357', 'cell': '(527)-102-8474', 'id': {'name': '', 'value': None}, 'picture': {'large': 'https://randomuser.me/api/portraits/women/68.jpg', 'medium': 'https://randomuser.me/api/portraits/med/women/68.jpg', 'thumbnail': 'https://randomuser.me/api/portraits/thumb/women/68.jpg'}, 'nat': 'TR'}</msg>
<arg>${json_data['results'][0]}</arg>
<doc>Logs the given message with the given level.</doc>
<status status="PASS" start="2024-05-20T17:15:25.280306" elapsed="0.000417"/>
</kw>
<kw name="Log" owner="BuiltIn">
<msg time="2024-05-20T17:15:25.281153" level="INFO">name</msg>
<arg>${key}</arg>
<doc>Logs the given message with the given level.</doc>
<status status="PASS" start="2024-05-20T17:15:25.281025" elapsed="0.000166"/>
</kw>
<var name="${key}">name</var>
<status status="PASS" start="2024-05-20T17:15:25.279423" elapsed="0.001985"/>
</iter>
<iter>
<kw name="Dictionary Should Contain Key" owner="Collections">
<msg time="2024-05-20T17:15:25.282093" level="INFO">False</msg>
<arg>${json_data['results'][0]}</arg>
<arg>${key}</arg>
<doc>Fails if ``key`` is not found from ``dictionary``.</doc>
<status status="PASS" start="2024-05-20T17:15:25.281706" elapsed="0.000425"/>
</kw>
<kw name="Log" owner="BuiltIn">
<msg time="2024-05-20T17:15:25.282848" level="INFO">{'gender': 'female', 'name': {'title': 'Miss', 'first': 'Melike', 'last': 'Sezek'}, 'location': {'street': {'number': 984, 'name': 'Tunalı Hilmi Cd'}, 'city': 'Edirne', 'state': 'Adana', 'country': 'Turkey', 'postcode': 58213, 'coordinates': {'latitude': '64.7555', 'longitude': '138.7465'}, 'timezone': {'offset': '-10:00', 'description': 'Hawaii'}}, 'email': 'melike.sezek@example.com', 'login': {'uuid': 'ab211a40-8929-4061-b123-1becbec988cb', 'username': 'bluebird720', 'password': 'bethany', 'salt': 'JlKdzgCh', 'md5': '14644b95ddb130204c7bc7bd07571518', 'sha1': '5bd87ecad2066634c34180267d1a6304eb415d70', 'sha256': '53875c0c44d11269e9d51e44580aeda84287498d64935b27b423486d3c103af0'}, 'dob': {'date': '1997-07-10T06:59:10.772Z', 'age': 26}, 'registered': {'date': '2018-03-20T04:48:12.634Z', 'age': 6}, 'phone': '(985)-558-7357', 'cell': '(527)-102-8474', 'id': {'name': '', 'value': None}, 'picture': {'large': 'https://randomuser.me/api/portraits/women/68.jpg', 'medium': 'https://randomuser.me/api/portraits/med/women/68.jpg', 'thumbnail': 'https://randomuser.me/api/portraits/thumb/women/68.jpg'}, 'nat': 'TR'}</msg>
<arg>${json_data['results'][0]}</arg>
<doc>Logs the given message with the given level.</doc>
<status status="PASS" start="2024-05-20T17:15:25.282438" elapsed="0.000462"/>
</kw>
<kw name="Log" owner="BuiltIn">
<msg time="2024-05-20T17:15:25.283331" level="INFO">location</msg>
<arg>${key}</arg>
<doc>Logs the given message with the given level.</doc>
<status status="PASS" start="2024-05-20T17:15:25.283204" elapsed="0.000166"/>
</kw>
<var name="${key}">location</var>
<status status="PASS" start="2024-05-20T17:15:25.281592" elapsed="0.001993"/>
</iter>
<iter>
<kw name="Dictionary Should Contain Key" owner="Collections">
<msg time="2024-05-20T17:15:25.284257" level="INFO">False</msg>
<arg>${json_data['results'][0]}</arg>
<arg>${key}</arg>
<doc>Fails if ``key`` is not found from ``dictionary``.</doc>
<status status="PASS" start="2024-05-20T17:15:25.283873" elapsed="0.000421"/>
</kw>
<kw name="Log" owner="BuiltIn">
<msg time="2024-05-20T17:15:25.284963" level="INFO">{'gender': 'female', 'name': {'title': 'Miss', 'first': 'Melike', 'last': 'Sezek'}, 'location': {'street': {'number': 984, 'name': 'Tunalı Hilmi Cd'}, 'city': 'Edirne', 'state': 'Adana', 'country': 'Turkey', 'postcode': 58213, 'coordinates': {'latitude': '64.7555', 'longitude': '138.7465'}, 'timezone': {'offset': '-10:00', 'description': 'Hawaii'}}, 'email': 'melike.sezek@example.com', 'login': {'uuid': 'ab211a40-8929-4061-b123-1becbec988cb', 'username': 'bluebird720', 'password': 'bethany', 'salt': 'JlKdzgCh', 'md5': '14644b95ddb130204c7bc7bd07571518', 'sha1': '5bd87ecad2066634c34180267d1a6304eb415d70', 'sha256': '53875c0c44d11269e9d51e44580aeda84287498d64935b27b423486d3c103af0'}, 'dob': {'date': '1997-07-10T06:59:10.772Z', 'age': 26}, 'registered': {'date': '2018-03-20T04:48:12.634Z', 'age': 6}, 'phone': '(985)-558-7357', 'cell': '(527)-102-8474', 'id': {'name': '', 'value': None}, 'picture': {'large': 'https://randomuser.me/api/portraits/women/68.jpg', 'medium': 'https://randomuser.me/api/portraits/med/women/68.jpg', 'thumbnail': 'https://randomuser.me/api/portraits/thumb/women/68.jpg'}, 'nat': 'TR'}</msg>
<arg>${json_data['results'][0]}</arg>
<doc>Logs the given message with the given level.</doc>
<status status="PASS" start="2024-05-20T17:15:25.284596" elapsed="0.000418"/>
</kw>
<kw name="Log" owner="BuiltIn">
<msg time="2024-05-20T17:15:25.285446" level="INFO">email</msg>
<arg>${key}</arg>
<doc>Logs the given message with the given level.</doc>
<status status="PASS" start="2024-05-20T17:15:25.285317" elapsed="0.000167"/>
</kw>
<var name="${key}">email</var>
<status status="PASS" start="2024-05-20T17:15:25.283761" elapsed="0.001940"/>
</iter>
<iter>
<kw name="Dictionary Should Contain Key" owner="Collections">
<msg time="2024-05-20T17:15:25.286373" level="INFO">False</msg>
<arg>${json_data['results'][0]}</arg>
<arg>${key}</arg>
<doc>Fails if ``key`` is not found from ``dictionary``.</doc>
<status status="PASS" start="2024-05-20T17:15:25.285987" elapsed="0.000424"/>
</kw>
<kw name="Log" owner="BuiltIn">
<msg time="2024-05-20T17:15:25.287098" level="INFO">{'gender': 'female', 'name': {'title': 'Miss', 'first': 'Melike', 'last': 'Sezek'}, 'location': {'street': {'number': 984, 'name': 'Tunalı Hilmi Cd'}, 'city': 'Edirne', 'state': 'Adana', 'country': 'Turkey', 'postcode': 58213, 'coordinates': {'latitude': '64.7555', 'longitude': '138.7465'}, 'timezone': {'offset': '-10:00', 'description': 'Hawaii'}}, 'email': 'melike.sezek@example.com', 'login': {'uuid': 'ab211a40-8929-4061-b123-1becbec988cb', 'username': 'bluebird720', 'password': 'bethany', 'salt': 'JlKdzgCh', 'md5': '14644b95ddb130204c7bc7bd07571518', 'sha1': '5bd87ecad2066634c34180267d1a6304eb415d70', 'sha256': '53875c0c44d11269e9d51e44580aeda84287498d64935b27b423486d3c103af0'}, 'dob': {'date': '1997-07-10T06:59:10.772Z', 'age': 26}, 'registered': {'date': '2018-03-20T04:48:12.634Z', 'age': 6}, 'phone': '(985)-558-7357', 'cell': '(527)-102-8474', 'id': {'name': '', 'value': None}, 'picture': {'large': 'https://randomuser.me/api/portraits/women/68.jpg', 'medium': 'https://randomuser.me/api/portraits/med/women/68.jpg', 'thumbnail': 'https://randomuser.me/api/portraits/thumb/women/68.jpg'}, 'nat': 'TR'}</msg>
<arg>${json_data['results'][0]}</arg>
<doc>Logs the given message with the given level.</doc>
<status status="PASS" start="2024-05-20T17:15:25.286740" elapsed="0.000409"/>
</kw>
<kw name="Log" owner="BuiltIn">
<msg time="2024-05-20T17:15:25.287582" level="INFO">login</msg>
<arg>${key}</arg>
<doc>Logs the given message with the given level.</doc>
<status status="PASS" start="2024-05-20T17:15:25.287454" elapsed="0.000167"/>
</kw>
<var name="${key}">login</var>
<status status="PASS" start="2024-05-20T17:15:25.285875" elapsed="0.001964"/>
</iter>
<var>${key}</var>
<value>@{expected_keys}</value>
<status status="PASS" start="2024-05-20T17:15:25.276964" elapsed="0.010998"/>
</for>
<kw name="Create List" owner="BuiltIn">
<msg time="2024-05-20T17:15:25.288343" level="INFO">${expected_keysTwo} = ['username', 'password']</msg>
<var>${expected_keysTwo}</var>
<arg>username</arg>
<arg>password</arg>
<doc>Returns a list containing given items.</doc>
<status status="PASS" start="2024-05-20T17:15:25.288199" elapsed="0.000168"/>
</kw>
<for flavor="IN">
<iter>
<kw name="Dictionary Should Contain Key" owner="Collections">
<msg time="2024-05-20T17:15:25.289272" level="INFO">False</msg>
<arg>${json_data['results'][0]['login']}</arg>
<arg>${keyTwo}</arg>
<doc>Fails if ``key`` is not found from ``dictionary``.</doc>
<status status="PASS" start="2024-05-20T17:15:25.288878" elapsed="0.000431"/>
</kw>
<kw name="Dictionary Should Contain Key" owner="Collections">
<msg time="2024-05-20T17:15:25.289983" level="INFO">False</msg>
<arg>${json_data['results'][0]['login']}</arg>
<arg>${keyTwo}</arg>
<doc>Fails if ``key`` is not found from ``dictionary``.</doc>
<status status="PASS" start="2024-05-20T17:15:25.289607" elapsed="0.000412"/>
</kw>
<kw name="Log" owner="BuiltIn">
<msg time="2024-05-20T17:15:25.290440" level="INFO">username</msg>
<arg>${keyTwo}</arg>
<doc>Logs the given message with the given level.</doc>
<status status="PASS" start="2024-05-20T17:15:25.290313" elapsed="0.000164"/>
</kw>
<var name="${keyTwo}">username</var>
<status status="PASS" start="2024-05-20T17:15:25.288768" elapsed="0.001975"/>
</iter>
<iter>
<kw name="Dictionary Should Contain Key" owner="Collections">
<msg time="2024-05-20T17:15:25.291416" level="INFO">False</msg>
<arg>${json_data['results'][0]['login']}</arg>
<arg>${keyTwo}</arg>
<doc>Fails if ``key`` is not found from ``dictionary``.</doc>
<status status="PASS" start="2024-05-20T17:15:25.291031" elapsed="0.000423"/>
</kw>
<kw name="Dictionary Should Contain Key" owner="Collections">
<msg time="2024-05-20T17:15:25.292226" level="INFO">False</msg>
<arg>${json_data['results'][0]['login']}</arg>
<arg>${keyTwo}</arg>
<doc>Fails if ``key`` is not found from ``dictionary``.</doc>
<status status="PASS" start="2024-05-20T17:15:25.291751" elapsed="0.000515"/>
</kw>
<kw name="Log" owner="BuiltIn">
<msg time="2024-05-20T17:15:25.292704" level="INFO">password</msg>
<arg>${keyTwo}</arg>
<doc>Logs the given message with the given level.</doc>
<status status="PASS" start="2024-05-20T17:15:25.292576" elapsed="0.000166"/>
</kw>
<var name="${keyTwo}">password</var>
<status status="PASS" start="2024-05-20T17:15:25.290918" elapsed="0.002039"/>
</iter>
<var>${keyTwo}</var>
<value>@{expected_keysTwo}</value>
<status status="PASS" start="2024-05-20T17:15:25.288607" elapsed="0.004472"/>
</for>
<status status="PASS" start="2024-05-20T17:15:25.172828" elapsed="0.120396"/>
</kw>
<doc>Testa a estrutura da resposta da API.</doc>
<tag>testeEstruturaResposta</tag>
<status status="PASS" start="2024-05-20T17:15:25.172237" elapsed="0.121153"/>
</test>
<test id="s1-s1-t4" name="Validar tipos de dados" line="28">
<kw name="Teste de Tipos de Dados" owner="random-user-service">
<kw name="GET On Session" owner="RequestsLibrary">
<msg time="2024-05-20T17:15:25.375070" level="INFO">GET Request : url=https://randomuser.me/api 
 path_url=/api 
 headers={'User-Agent': 'python-requests/2.32.0', 'Accept-Encoding': 'gzip, deflate', 'Accept': '*/*', 'Connection': 'keep-alive'} 
 body=None 
 </msg>
<msg time="2024-05-20T17:15:25.375190" level="INFO">GET Response : url=https://randomuser.me/api 
 status=200, reason=OK 
 headers={'Date': 'Mon, 20 May 2024 17:15:25 GMT', 'Content-Type': 'application/json; charset=utf-8', 'Transfer-Encoding': 'chunked', 'Connection': 'keep-alive', 'X-Powered-By': 'Express', 'Access-Control-Allow-Origin': '*', 'Cache-Control': 'no-cache', 'ETag': 'W/"4a3-HbUXxaIb6qbqhBlxeJ23sKtgVyo"', 'Vary': 'Accept-Encoding', 'Content-Encoding': 'gzip', 'CF-Cache-Status': 'DYNAMIC', 'Report-To': '{"endpoints":[{"url":"https:\\/\\/a.nel.cloudflare.com\\/report\\/v4?s=Tzw6fVTYH7pz9rxsGG%2FY5QPKYUo3NUcR4cmaOaBqVfTqYtWO94hChhH3Gcg%2FYlr5tF%2FBTcZ%2FpEU%2FjslYbDPbY7ucKiCBaOoTt3U6Axp5wNTW8jRNKvBmTCuEg4kCkUQ9"}],"group":"cf-nel","max_age":604800}', 'NEL': '{"success_fraction":0,"report_to":"cf-nel","max_age":604800}', 'Server': 'cloudflare', 'CF-RAY': '886df7fb184b60a5-ORD', 'alt-svc': 'h3=":443"; ma=86400'} 
 body={"results":[{"gender":"male","name":{"title":"Mr","first":"Maxence","last":"Girard"},"location":{"street":{"number":6355,"name":"Avenue Vauban"},"city":"Champigny-sur-Marne","state":"Lot-et-Garonne","country":"France","postcode":44662,"coordinates":{"latitude":"-16.6170","longitude":"-11.6069"},"timezone":{"offset":"-8:00","description":"Pacific Time (US &amp; Canada)"}},"email":"maxence.girard@example.com","login":{"uuid":"a62a2396-07a4-48c3-9a6b-6722d43917bb","username":"happyostrich456","password":"pacers","salt":"bBPsIVnK","md5":"88e29df605a0b4f805776d1e9b1e7e02","sha1":"6f13599314f5ee290d8ae7fe4a19190ff3fedce7","sha256":"6bbe64bdfd954ebaf9f5f03ca30738cf3637f8e96b7dac2e7b9bdf189cacffd3"},"dob":{"date":"1971-01-09T06:21:46.019Z","age":53},"registered":{"date":"2005-12-05T04:27:41.772Z","age":18},"phone":"05-22-51-47-71","cell":"06-89-72-97-60","id":{"name":"INSEE","value":"1710029341550 40"},"picture":{"large":"https://randomuser.me/api/portraits/men/17.jpg","medium":"https://randomuser.me/api/portraits/med/men/17.jpg","thumbnail":"https://randomuser.me/api/portraits/thumb/men/17.jpg"},"nat":"FR"}],"info":{"seed":"239a33c93d998051","results":1,"page":1,"version":"1.4"}} 
 </msg>
<msg time="2024-05-20T17:15:25.375276" level="INFO">/opt/hostedtoolcache/Python/3.12.3/x64/lib/python3.12/site-packages/urllib3/connectionpool.py:1103: InsecureRequestWarning: Unverified HTTPS request is being made to host 'randomuser.me'. Adding certificate verification is strongly advised. See: https://urllib3.readthedocs.io/en/latest/advanced-usage.html#tls-warnings
  warnings.warn(</msg>
<msg time="2024-05-20T17:15:25.375414" level="INFO">${response} = &lt;Response [200]&gt;</msg>
<var>${response}</var>
<arg>consultarAPI</arg>
<arg>/api</arg>
<doc>Sends a GET request on a previously created HTTP Session.</doc>
<status status="PASS" start="2024-05-20T17:15:25.295977" elapsed="0.079476"/>
</kw>
<kw name="Set Variable" owner="BuiltIn">
<msg time="2024-05-20T17:15:25.376591" level="INFO">${json_data} = {'results': [{'gender': 'male', 'name': {'title': 'Mr', 'first': 'Maxence', 'last': 'Girard'}, 'location': {'street': {'number': 6355, 'name': 'Avenue Vauban'}, 'city': 'Champigny-sur-Marne', 'state':...</msg>
<var>${json_data}</var>
<arg>${response.json()}</arg>
<doc>Returns the given values which can then be assigned to a variables.</doc>
<status status="PASS" start="2024-05-20T17:15:25.376029" elapsed="0.000591"/>
</kw>
<kw name="Log" owner="BuiltIn">
<msg time="2024-05-20T17:15:25.377103" level="INFO">{'results': [{'gender': 'male', 'name': {'title': 'Mr', 'first': 'Maxence', 'last': 'Girard'}, 'location': {'street': {'number': 6355, 'name': 'Avenue Vauban'}, 'city': 'Champigny-sur-Marne', 'state': 'Lot-et-Garonne', 'country': 'France', 'postcode': 44662, 'coordinates': {'latitude': '-16.6170', 'longitude': '-11.6069'}, 'timezone': {'offset': '-8:00', 'description': 'Pacific Time (US &amp; Canada)'}}, 'email': 'maxence.girard@example.com', 'login': {'uuid': 'a62a2396-07a4-48c3-9a6b-6722d43917bb', 'username': 'happyostrich456', 'password': 'pacers', 'salt': 'bBPsIVnK', 'md5': '88e29df605a0b4f805776d1e9b1e7e02', 'sha1': '6f13599314f5ee290d8ae7fe4a19190ff3fedce7', 'sha256': '6bbe64bdfd954ebaf9f5f03ca30738cf3637f8e96b7dac2e7b9bdf189cacffd3'}, 'dob': {'date': '1971-01-09T06:21:46.019Z', 'age': 53}, 'registered': {'date': '2005-12-05T04:27:41.772Z', 'age': 18}, 'phone': '05-22-51-47-71', 'cell': '06-89-72-97-60', 'id': {'name': 'INSEE', 'value': '1710029341550 40'}, 'picture': {'large': 'https://randomuser.me/api/portraits/men/17.jpg', 'medium': 'https://randomuser.me/api/portraits/med/men/17.jpg', 'thumbnail': 'https://randomuser.me/api/portraits/thumb/men/17.jpg'}, 'nat': 'FR'}], 'info': {'seed': '239a33c93d998051', 'results': 1, 'page': 1, 'version': '1.4'}}</msg>
<arg>${json_data}</arg>
<doc>Logs the given message with the given level.</doc>
<status status="PASS" start="2024-05-20T17:15:25.376945" elapsed="0.000206"/>
</kw>
<kw name="Should Be String" owner="String">
<arg>${json_data['results'][0]['gender']}</arg>
<doc>Fails if the given ``item`` is not a string.</doc>
<status status="PASS" start="2024-05-20T17:15:25.377482" elapsed="0.000361"/>
</kw>
<kw name="Should Match Regexp" owner="BuiltIn">
<arg>${json_data['results'][0]['email']}</arg>
<arg>^[a-zA-Z0-9._%+-]+@[a-zA-Z0-9.-]+\.[a-zA-Z]{2,}$</arg>
<doc>Fails if ``string`` does not match ``pattern`` as a regular expression.</doc>
<status status="PASS" start="2024-05-20T17:15:25.378037" elapsed="0.000560"/>
</kw>
<kw name="Should Match Regexp" owner="BuiltIn">
<arg>${json_data['results'][0]['dob']['date']}</arg>
<arg>\\d{4}-\\d{2}-\\d{2}T\\d{2}:\\d{2}:\\d{2}\\.\\d{3}Z</arg>
<doc>Fails if ``string`` does not match ``pattern`` as a regular expression.</doc>
<status status="PASS" start="2024-05-20T17:15:25.378817" elapsed="0.000511"/>
</kw>
<kw name="Should Match Regexp" owner="BuiltIn">
<arg>${json_data['results'][0]['registered']['date']}</arg>
<arg>\\d{4}-\\d{2}-\\d{2}T\\d{2}:\\d{2}:\\d{2}\\.\\d{3}Z</arg>
<doc>Fails if ``string`` does not match ``pattern`` as a regular expression.</doc>
<status status="PASS" start="2024-05-20T17:15:25.379522" elapsed="0.000364"/>
</kw>
<kw name="Should Match Regexp" owner="BuiltIn">
<arg>${json_data['results'][0]['picture']['large']}</arg>
<arg>^https?://.*\.(?:png|jpe?g|gif|bmp)$</arg>
<doc>Fails if ``string`` does not match ``pattern`` as a regular expression.</doc>
<status status="PASS" start="2024-05-20T17:15:25.380077" elapsed="0.000456"/>
</kw>
<kw name="Should Match Regexp" owner="BuiltIn">
<arg>${json_data['results'][0]['picture']['medium']}</arg>
<arg>^https?://.*\.(?:png|jpe?g|gif|bmp)$</arg>
<doc>Fails if ``string`` does not match ``pattern`` as a regular expression.</doc>
<status status="PASS" start="2024-05-20T17:15:25.380726" elapsed="0.000363"/>
</kw>
<kw name="Should Match Regexp" owner="BuiltIn">
<arg>${json_data['results'][0]['picture']['thumbnail']}</arg>
<arg>^https?://.*\.(?:png|jpe?g|gif|bmp)$</arg>
<doc>Fails if ``string`` does not match ``pattern`` as a regular expression.</doc>
<status status="PASS" start="2024-05-20T17:15:25.381279" elapsed="0.000354"/>
</kw>
<kw name="Log" owner="BuiltIn">
<msg time="2024-05-20T17:15:25.382137" level="INFO">{'large': 'https://randomuser.me/api/portraits/men/17.jpg', 'medium': 'https://randomuser.me/api/portraits/med/men/17.jpg', 'thumbnail': 'https://randomuser.me/api/portraits/thumb/men/17.jpg'}</msg>
<arg>${json_data['results'][0]['picture']}</arg>
<doc>Logs the given message with the given level.</doc>
<status status="PASS" start="2024-05-20T17:15:25.381817" elapsed="0.000364"/>
</kw>
<status status="PASS" start="2024-05-20T17:15:25.295724" elapsed="0.086739"/>
</kw>
<kw name="Teste de Tipos de Dados - Postcode" owner="random-user-service">
<kw name="GET On Session" owner="RequestsLibrary">
<msg time="2024-05-20T17:15:25.522153" level="INFO">GET Request : url=https://randomuser.me/api 
 path_url=/api 
 headers={'User-Agent': 'python-requests/2.32.0', 'Accept-Encoding': 'gzip, deflate', 'Accept': '*/*', 'Connection': 'keep-alive'} 
 body=None 
 </msg>
<msg time="2024-05-20T17:15:25.522256" level="INFO">GET Response : url=https://randomuser.me/api 
 status=200, reason=OK 
 headers={'Date': 'Mon, 20 May 2024 17:15:25 GMT', 'Content-Type': 'application/json; charset=utf-8', 'Transfer-Encoding': 'chunked', 'Connection': 'keep-alive', 'X-Powered-By': 'Express', 'Access-Control-Allow-Origin': '*', 'Cache-Control': 'no-cache', 'ETag': 'W/"4ae-i4BYFheeYuX282JEiK+BWeP4dw0"', 'Vary': 'Accept-Encoding', 'Content-Encoding': 'gzip', 'CF-Cache-Status': 'DYNAMIC', 'Report-To': '{"endpoints":[{"url":"https:\\/\\/a.nel.cloudflare.com\\/report\\/v4?s=%2BA%2Fs83Q3RZ6gSzunG2YfVwSHL0f3%2BbHGAyzEnPvPVnUkJHxilxfN1KDnZboQMwopY4tY4aD0IZn4xEd6K%2BSOlcyssCfHIY2BL5%2B5kUpwnXvI9r6lflgtuHnycY7kApRr"}],"group":"cf-nel","max_age":604800}', 'NEL': '{"success_fraction":0,"report_to":"cf-nel","max_age":604800}', 'Server': 'cloudflare', 'CF-RAY': '886df7fba8f160a5-ORD', 'alt-svc': 'h3=":443"; ma=86400'} 
 body={"results":[{"gender":"male","name":{"title":"Mr","first":"Helmut","last":"Ulbrich"},"location":{"street":{"number":9839,"name":"Birkenweg"},"city":"Meerbusch","state":"Mecklenburg-Vorpommern","country":"Germany","postcode":75148,"coordinates":{"latitude":"-48.1150","longitude":"-21.0609"},"timezone":{"offset":"0:00","description":"Western Europe Time, London, Lisbon, Casablanca"}},"email":"helmut.ulbrich@example.com","login":{"uuid":"7e7f287b-2bd2-41d9-84d7-39cdda125160","username":"ticklishkoala270","password":"cristina","salt":"jR1kfYMb","md5":"6af5936e8852389afbec63c024147187","sha1":"8a8842b32ed82d10a9b8f112ac9c64a310c39c3f","sha256":"f1b71bd8c657b8d3f2d9c111692bf43897e705dfefcfc7aab01909a298486cea"},"dob":{"date":"1978-04-14T23:35:53.375Z","age":46},"registered":{"date":"2017-09-26T07:21:29.615Z","age":6},"phone":"0860-1314041","cell":"0179-9728140","id":{"name":"SVNR","value":"66 140478 U 152"},"picture":{"large":"https://randomuser.me/api/portraits/men/83.jpg","medium":"https://randomuser.me/api/portraits/med/men/83.jpg","thumbnail":"https://randomuser.me/api/portraits/thumb/men/83.jpg"},"nat":"DE"}],"info":{"seed":"b3e3e7afcae721c9","results":1,"page":1,"version":"1.4"}} 
 </msg>
<msg time="2024-05-20T17:15:25.522327" level="INFO">/opt/hostedtoolcache/Python/3.12.3/x64/lib/python3.12/site-packages/urllib3/connectionpool.py:1103: InsecureRequestWarning: Unverified HTTPS request is being made to host 'randomuser.me'. Adding certificate verification is strongly advised. See: https://urllib3.readthedocs.io/en/latest/advanced-usage.html#tls-warnings
  warnings.warn(</msg>
<msg time="2024-05-20T17:15:25.522446" level="INFO">${response} = &lt;Response [200]&gt;</msg>
<var>${response}</var>
<arg>consultarAPI</arg>
<arg>/api</arg>
<doc>Sends a GET request on a previously created HTTP Session.</doc>
<status status="PASS" start="2024-05-20T17:15:25.382988" elapsed="0.139484"/>
</kw>
<kw name="Set Variable" owner="BuiltIn">
<msg time="2024-05-20T17:15:25.523593" level="INFO">${json_data} = {'results': [{'gender': 'male', 'name': {'title': 'Mr', 'first': 'Helmut', 'last': 'Ulbrich'}, 'location': {'street': {'number': 9839, 'name': 'Birkenweg'}, 'city': 'Meerbusch', 'state': 'Mecklenburg-...</msg>
<var>${json_data}</var>
<arg>${response.json()}</arg>
<doc>Returns the given values which can then be assigned to a variables.</doc>
<status status="PASS" start="2024-05-20T17:15:25.523068" elapsed="0.000553"/>
</kw>
<kw name="Log" owner="BuiltIn">
<msg time="2024-05-20T17:15:25.524111" level="INFO">{'results': [{'gender': 'male', 'name': {'title': 'Mr', 'first': 'Helmut', 'last': 'Ulbrich'}, 'location': {'street': {'number': 9839, 'name': 'Birkenweg'}, 'city': 'Meerbusch', 'state': 'Mecklenburg-Vorpommern', 'country': 'Germany', 'postcode': 75148, 'coordinates': {'latitude': '-48.1150', 'longitude': '-21.0609'}, 'timezone': {'offset': '0:00', 'description': 'Western Europe Time, London, Lisbon, Casablanca'}}, 'email': 'helmut.ulbrich@example.com', 'login': {'uuid': '7e7f287b-2bd2-41d9-84d7-39cdda125160', 'username': 'ticklishkoala270', 'password': 'cristina', 'salt': 'jR1kfYMb', 'md5': '6af5936e8852389afbec63c024147187', 'sha1': '8a8842b32ed82d10a9b8f112ac9c64a310c39c3f', 'sha256': 'f1b71bd8c657b8d3f2d9c111692bf43897e705dfefcfc7aab01909a298486cea'}, 'dob': {'date': '1978-04-14T23:35:53.375Z', 'age': 46}, 'registered': {'date': '2017-09-26T07:21:29.615Z', 'age': 6}, 'phone': '0860-1314041', 'cell': '0179-9728140', 'id': {'name': 'SVNR', 'value': '66 140478 U 152'}, 'picture': {'large': 'https://randomuser.me/api/portraits/men/83.jpg', 'medium': 'https://randomuser.me/api/portraits/med/men/83.jpg', 'thumbnail': 'https://randomuser.me/api/portraits/thumb/men/83.jpg'}, 'nat': 'DE'}], 'info': {'seed': 'b3e3e7afcae721c9', 'results': 1, 'page': 1, 'version': '1.4'}}</msg>
<arg>${json_data}</arg>
<doc>Logs the given message with the given level.</doc>
<status status="PASS" start="2024-05-20T17:15:25.523955" elapsed="0.000204"/>
</kw>
<kw name="Should Be Equal As Numbers" owner="BuiltIn">
<arg>${json_data['results'][0]['location']['postcode']}</arg>
<arg>${json_data['results'][0]['location']['postcode']}</arg>
<doc>Fails if objects are unequal after converting them to real numbers.</doc>
<status status="PASS" start="2024-05-20T17:15:25.524488" elapsed="0.000800"/>
</kw>
<kw name="Log" owner="BuiltIn">
<msg time="2024-05-20T17:15:25.525817" level="INFO">75148</msg>
<arg>${json_data['results'][0]['location']['postcode']}</arg>
<doc>Logs the given message with the given level.</doc>
<status status="PASS" start="2024-05-20T17:15:25.525482" elapsed="0.000386"/>
</kw>
<status status="PASS" start="2024-05-20T17:15:25.382743" elapsed="0.143400"/>
</kw>
<doc>Testa se os tipos de dados na resposta da API estão corretos.</doc>
<tag>testeTiposDados</tag>
<status status="PASS" start="2024-05-20T17:15:25.295195" elapsed="0.231119"/>
</test>
<test id="s1-s1-t5" name="Validar conteudo" line="35">
<kw name="Teste de Tipos de Conteudo" owner="random-user-service">
<kw name="GET On Session" owner="RequestsLibrary">
<msg time="2024-05-20T17:15:25.628470" level="INFO">GET Request : url=https://randomuser.me/api 
 path_url=/api 
 headers={'User-Agent': 'python-requests/2.32.0', 'Accept-Encoding': 'gzip, deflate', 'Accept': '*/*', 'Connection': 'keep-alive'} 
 body=None 
 </msg>
<msg time="2024-05-20T17:15:25.628584" level="INFO">GET Response : url=https://randomuser.me/api 
 status=200, reason=OK 
 headers={'Date': 'Mon, 20 May 2024 17:15:25 GMT', 'Content-Type': 'application/json; charset=utf-8', 'Transfer-Encoding': 'chunked', 'Connection': 'keep-alive', 'X-Powered-By': 'Express', 'Access-Control-Allow-Origin': '*', 'Cache-Control': 'no-cache', 'ETag': 'W/"495-/WTyM9wtU3gCc5CRo62qMHybYeY"', 'Vary': 'Accept-Encoding', 'Content-Encoding': 'gzip', 'CF-Cache-Status': 'DYNAMIC', 'Report-To': '{"endpoints":[{"url":"https:\\/\\/a.nel.cloudflare.com\\/report\\/v4?s=O4M1YmkTG6kjMKvkZwGhla%2B87ixKhkR0oirOli93poRhkcPb1swnDcQDxL1AdBSBBXdIPwKoy8C7BE8lU4P2r3hhOBSwDYTLcGDtIXgKKF0VRsPa16tj4HwfwpQY9HWs"}],"group":"cf-nel","max_age":604800}', 'NEL': '{"success_fraction":0,"report_to":"cf-nel","max_age":604800}', 'Server': 'cloudflare', 'CF-RAY': '886df7fc9a4860a5-ORD', 'alt-svc': 'h3=":443"; ma=86400'} 
 body={"results":[{"gender":"female","name":{"title":"Mrs","first":"Ella","last":"Gill"},"location":{"street":{"number":3420,"name":"Maple Ave"},"city":"Kingston","state":"New Brunswick","country":"Canada","postcode":"X0U 8Y7","coordinates":{"latitude":"-72.1176","longitude":"176.0958"},"timezone":{"offset":"-5:00","description":"Eastern Time (US &amp; Canada), Bogota, Lima"}},"email":"ella.gill@example.com","login":{"uuid":"65745a84-0779-46c0-a280-bf50d41133c0","username":"angrypanda988","password":"lololo","salt":"CBJyVbjh","md5":"c2cfe532d74bb6e81b57d96295b866a8","sha1":"f0365015c17218a437283d580e3e9d8fc90c5088","sha256":"5ddafc36d9c48237b23076bdc0738a7fdff8f679207c1711bb2eef7941304ef2"},"dob":{"date":"1962-10-31T12:54:21.717Z","age":61},"registered":{"date":"2003-01-31T09:33:35.265Z","age":21},"phone":"H00 F17-0126","cell":"M06 W65-7639","id":{"name":"SIN","value":"875727307"},"picture":{"large":"https://randomuser.me/api/portraits/women/81.jpg","medium":"https://randomuser.me/api/portraits/med/women/81.jpg","thumbnail":"https://randomuser.me/api/portraits/thumb/women/81.jpg"},"nat":"CA"}],"info":{"seed":"6888053f664a6b6e","results":1,"page":1,"version":"1.4"}} 
 </msg>
<msg time="2024-05-20T17:15:25.628668" level="INFO">/opt/hostedtoolcache/Python/3.12.3/x64/lib/python3.12/site-packages/urllib3/connectionpool.py:1103: InsecureRequestWarning: Unverified HTTPS request is being made to host 'randomuser.me'. Adding certificate verification is strongly advised. See: https://urllib3.readthedocs.io/en/latest/advanced-usage.html#tls-warnings
  warnings.warn(</msg>
<msg time="2024-05-20T17:15:25.628811" level="INFO">${response} = &lt;Response [200]&gt;</msg>
<var>${response}</var>
<arg>consultarAPI</arg>
<arg>/api</arg>
<doc>Sends a GET request on a previously created HTTP Session.</doc>
<status status="PASS" start="2024-05-20T17:15:25.529349" elapsed="0.099511"/>
</kw>
<kw name="Set Variable" owner="BuiltIn">
<msg time="2024-05-20T17:15:25.630117" level="INFO">${json_data} = {'results': [{'gender': 'female', 'name': {'title': 'Mrs', 'first': 'Ella', 'last': 'Gill'}, 'location': {'street': {'number': 3420, 'name': 'Maple Ave'}, 'city': 'Kingston', 'state': 'New Brunswick',...</msg>
<var>${json_data}</var>
<arg>${response.json()}</arg>
<doc>Returns the given values which can then be assigned to a variables.</doc>
<status status="PASS" start="2024-05-20T17:15:25.629535" elapsed="0.000611"/>
</kw>
<kw name="Set Variable" owner="BuiltIn">
<msg time="2024-05-20T17:15:25.630937" level="INFO">${name_title} = Mrs</msg>
<var>${name_title}</var>
<arg>${json_data["results"][0]["name"]["title"]}</arg>
<doc>Returns the given values which can then be assigned to a variables.</doc>
<status status="PASS" start="2024-05-20T17:15:25.630483" elapsed="0.000480"/>
</kw>
<kw name="Create List" owner="BuiltIn">
<msg time="2024-05-20T17:15:25.631423" level="INFO">${allowed_titles} = ['Mr', 'Ms', 'Miss', 'Mrs', 'Madame', 'Monsieur']</msg>
<var>${allowed_titles}</var>
<arg>Mr</arg>
<arg>Ms</arg>
<arg>Miss</arg>
<arg>Mrs</arg>
<arg>Madame</arg>
<arg>Monsieur</arg>
<doc>Returns a list containing given items.</doc>
<status status="PASS" start="2024-05-20T17:15:25.631273" elapsed="0.000174"/>
</kw>
<kw name="List Should Contain Value" owner="Collections">
<msg time="2024-05-20T17:15:25.631927" level="INFO">False</msg>
<arg>${allowed_titles}</arg>
<arg>${name_title}</arg>
<doc>Fails if the ``value`` is not found from ``list``.</doc>
<status status="PASS" start="2024-05-20T17:15:25.631749" elapsed="0.000216"/>
</kw>
<kw name="Set Variable" owner="BuiltIn">
<msg time="2024-05-20T17:15:25.632640" level="INFO">${name_country} = CA</msg>
<var>${name_country}</var>
<arg>${json_data["results"][0]["nat"]}</arg>
<doc>Returns the given values which can then be assigned to a variables.</doc>
<status status="PASS" start="2024-05-20T17:15:25.632257" elapsed="0.000408"/>
</kw>
<kw name="Create List" owner="BuiltIn">
<msg time="2024-05-20T17:15:25.633558" level="INFO">${list_country} = ['AD', 'AE', 'AF', 'AG', 'AI', 'AL', 'AM', 'AO', 'AQ', 'AR', 'AS', 'AT', 'AU', 'AW', 'AX', 'AZ', 'BA', 'BB', 'BD', 'BE', 'BF', 'BG', 'BH', 'BI', 'BJ', 'BL', 'BM', 'BN', 'BO', 'BQ', 'BR', 'BS', 'BT', '...</msg>
<var>${list_country}</var>
<arg>AD</arg>
<arg>AE</arg>
<arg>AF</arg>
<arg>AG</arg>
<arg>AI</arg>
<arg>AL</arg>
<arg>AM</arg>
<arg>AO</arg>
<arg>AQ</arg>
<arg>AR</arg>
<arg>AS</arg>
<arg>AT</arg>
<arg>AU</arg>
<arg>AW</arg>
<arg>AX</arg>
<arg>AZ</arg>
<arg>BA</arg>
<arg>BB</arg>
<arg>BD</arg>
<arg>BE</arg>
<arg>BF</arg>
<arg>BG</arg>
<arg>BH</arg>
<arg>BI</arg>
<arg>BJ</arg>
<arg>BL</arg>
<arg>BM</arg>
<arg>BN</arg>
<arg>BO</arg>
<arg>BQ</arg>
<arg>BR</arg>
<arg>BS</arg>
<arg>BT</arg>
<arg>BV</arg>
<arg>BW</arg>
<arg>BY</arg>
<arg>BZ</arg>
<arg>CA</arg>
<arg>CC</arg>
<arg>CD</arg>
<arg>CF</arg>
<arg>CG</arg>
<arg>CH</arg>
<arg>CI</arg>
<arg>CK</arg>
<arg>CL</arg>
<arg>CM</arg>
<arg>CN</arg>
<arg>CO</arg>
<arg>CR</arg>
<arg>CU</arg>
<arg>CV</arg>
<arg>CW</arg>
<arg>CX</arg>
<arg>CY</arg>
<arg>CZ</arg>
<arg>DE</arg>
<arg>DJ</arg>
<arg>DK</arg>
<arg>DM</arg>
<arg>DO</arg>
<arg>DZ</arg>
<arg>EC</arg>
<arg>EE</arg>
<arg>EG</arg>
<arg>EH</arg>
<arg>ER</arg>
<arg>ES</arg>
<arg>ET</arg>
<arg>FI</arg>
<arg>FJ</arg>
<arg>FK</arg>
<arg>FM</arg>
<arg>FO</arg>
<arg>FR</arg>
<arg>GA</arg>
<arg>GB</arg>
<arg>GD</arg>
<arg>GE</arg>
<arg>GF</arg>
<arg>GG</arg>
<arg>GH</arg>
<arg>GI</arg>
<arg>GL</arg>
<arg>GM</arg>
<arg>GN</arg>
<arg>GP</arg>
<arg>GQ</arg>
<arg>GR</arg>
<arg>GS</arg>
<arg>GT</arg>
<arg>GU</arg>
<arg>GW</arg>
<arg>GY</arg>
<arg>HK</arg>
<arg>HM</arg>
<arg>HN</arg>
<arg>HR</arg>
<arg>HT</arg>
<arg>HU</arg>
<arg>ID</arg>
<arg>IE</arg>
<arg>IL</arg>
<arg>IM</arg>
<arg>IN</arg>
<arg>IO</arg>
<arg>IQ</arg>
<arg>IR</arg>
<arg>IS</arg>
<arg>IT</arg>
<arg>JE</arg>
<arg>JM</arg>
<arg>JO</arg>
<arg>JP</arg>
<arg>KE</arg>
<arg>KG</arg>
<arg>KH</arg>
<arg>KI</arg>
<arg>KM</arg>
<arg>KN</arg>
<arg>KP</arg>
<arg>KR</arg>
<arg>KW</arg>
<arg>KY</arg>
<arg>KZ</arg>
<arg>LA</arg>
<arg>LB</arg>
<arg>LC</arg>
<arg>LI</arg>
<arg>LK</arg>
<arg>LR</arg>
<arg>LS</arg>
<arg>LT</arg>
<arg>LU</arg>
<arg>LV</arg>
<arg>LY</arg>
<arg>MA</arg>
<arg>MC</arg>
<arg>MD</arg>
<arg>ME</arg>
<arg>MF</arg>
<arg>MG</arg>
<arg>MH</arg>
<arg>MK</arg>
<arg>ML</arg>
<arg>MM</arg>
<arg>MN</arg>
<arg>MO</arg>
<arg>MP</arg>
<arg>MQ</arg>
<arg>MR</arg>
<arg>MS</arg>
<arg>MT</arg>
<arg>MU</arg>
<arg>MV</arg>
<arg>MW</arg>
<arg>MX</arg>
<arg>MY</arg>
<arg>MZ</arg>
<arg>NA</arg>
<arg>NC</arg>
<arg>NE</arg>
<arg>NF</arg>
<arg>NG</arg>
<arg>NI</arg>
<arg>NL</arg>
<arg>NO</arg>
<arg>NP</arg>
<arg>NR</arg>
<arg>NU</arg>
<arg>NZ</arg>
<arg>OM</arg>
<arg>PA</arg>
<arg>PE</arg>
<arg>PF</arg>
<arg>PG</arg>
<arg>PH</arg>
<arg>PK</arg>
<arg>PL</arg>
<arg>PM</arg>
<arg>PN</arg>
<arg>PR</arg>
<arg>PS</arg>
<arg>PT</arg>
<arg>PW</arg>
<arg>PY</arg>
<arg>QA</arg>
<arg>RE</arg>
<arg>RO</arg>
<arg>RS</arg>
<arg>RU</arg>
<arg>RW</arg>
<arg>SA</arg>
<arg>SB</arg>
<arg>SC</arg>
<arg>SD</arg>
<arg>SE</arg>
<arg>SG</arg>
<arg>SH</arg>
<arg>SI</arg>
<arg>SJ</arg>
<arg>SK</arg>
<arg>SL</arg>
<arg>SM</arg>
<arg>SN</arg>
<arg>SO</arg>
<arg>SR</arg>
<arg>SS</arg>
<arg>ST</arg>
<arg>SV</arg>
<arg>SX</arg>
<arg>SY</arg>
<arg>SZ</arg>
<arg>TC</arg>
<arg>TD</arg>
<arg>TF</arg>
<arg>TG</arg>
<arg>TH</arg>
<arg>TJ</arg>
<arg>TK</arg>
<arg>TL</arg>
<arg>TM</arg>
<arg>TN</arg>
<arg>TO</arg>
<arg>TR</arg>
<arg>TT</arg>
<arg>TV</arg>
<arg>TW</arg>
<arg>TZ</arg>
<arg>UA</arg>
<arg>UG</arg>
<arg>UM</arg>
<arg>US</arg>
<arg>UY</arg>
<arg>UZ</arg>
<arg>VA</arg>
<arg>VC</arg>
<arg>VE</arg>
<arg>VG</arg>
<arg>VI</arg>
<arg>VN</arg>
<arg>VU</arg>
<arg>WF</arg>
<arg>WS</arg>
<arg>XK</arg>
<arg>YE</arg>
<arg>YT</arg>
<arg>ZA</arg>
<arg>ZM</arg>
<arg>ZW</arg>
<doc>Returns a list containing given items.</doc>
<status status="PASS" start="2024-05-20T17:15:25.632965" elapsed="0.000619"/>
</kw>
<kw name="List Should Contain Value" owner="Collections">
<msg time="2024-05-20T17:15:25.634611" level="INFO">False</msg>
<arg>${list_country}</arg>
<arg>${name_country}</arg>
<doc>Fails if the ``value`` is not found from ``list``.</doc>
<status status="PASS" start="2024-05-20T17:15:25.634374" elapsed="0.000276"/>
</kw>
<kw name="Run Keyword If" owner="BuiltIn">
<kw name="Should Be True" owner="BuiltIn">
<arg>${True}</arg>
<doc>Fails if the given condition is not true.</doc>
<status status="PASS" start="2024-05-20T17:15:25.635733" elapsed="0.000149"/>
</kw>
<arg>${json_data["results"][0]["location"]["coordinates"]["latitude"]} &gt;= -90 and ${json_data["results"][0]["location"]["coordinates"]["latitude"]} &lt;= 90</arg>
<arg>Should Be True</arg>
<arg>${True}</arg>
<doc>Runs the given keyword with the given arguments, if ``condition`` is true.</doc>
<status status="PASS" start="2024-05-20T17:15:25.634971" elapsed="0.001036"/>
</kw>
<kw name="Run Keyword If" owner="BuiltIn">
<kw name="Should Be True" owner="BuiltIn">
<arg>${True}</arg>
<doc>Fails if the given condition is not true.</doc>
<status status="PASS" start="2024-05-20T17:15:25.636874" elapsed="0.000284"/>
</kw>
<arg>${json_data["results"][0]["location"]["coordinates"]["longitude"]} &gt;= -180 and ${json_data["results"][0]["location"]["coordinates"]["longitude"]} &lt;= 180</arg>
<arg>Should Be True</arg>
<arg>${True}</arg>
<doc>Runs the given keyword with the given arguments, if ``condition`` is true.</doc>
<status status="PASS" start="2024-05-20T17:15:25.636192" elapsed="0.001092"/>
</kw>
<status status="PASS" start="2024-05-20T17:15:25.528958" elapsed="0.108471"/>
</kw>
<doc>Testa o conteúdo específico dos campos retornados pela API.</doc>
<tag>testeConteudo</tag>
<status status="PASS" start="2024-05-20T17:15:25.528234" elapsed="0.109354"/>
</test>
<status status="PASS" start="2024-05-20T17:15:24.608689" elapsed="1.030945"/>
</suite>
<status status="PASS" start="2024-05-20T17:15:24.594089" elapsed="1.050979"/>
</suite>
<statistics>
<total>
<stat pass="5" fail="0" skip="0">All Tests</stat>
</total>
<tag>
<stat pass="1" fail="0" skip="0">testeConteudo</stat>
<stat pass="1" fail="0" skip="0">testeEstruturaResposta</stat>
<stat pass="1" fail="0" skip="0">testeRequisicaoBasica</stat>
<stat pass="1" fail="0" skip="0">testeTiposDados</stat>
</tag>
<suite>
<stat pass="5" fail="0" skip="0" id="s1" name="Tests">Tests</stat>
<stat pass="5" fail="0" skip="0" id="s1-s1" name="Random-User-Test">Tests.Random-User-Test</stat>
</suite>
</statistics>
<errors>
</errors>
</robot>
