<?xml version="1.0" encoding="UTF-8"?>
<robot generator="Robot 7.0.1 (Python 3.12.4 on linux)" generated="2024-08-08T23:15:57.032195" rpa="false" schemaversion="5">
<suite id="s1" name="Tests" source="/home/runner/work/ApiRandomUser/ApiRandomUser/RamdonUser/tests">
<suite id="s1-s1" name="Random-User-Test" source="/home/runner/work/ApiRandomUser/ApiRandomUser/RamdonUser/tests/random-user-test.robot">
<test id="s1-s1-t1" name="Conectar" line="13">
<kw name="Conectar API" owner="random-user-service">
<kw name="Create Session" owner="RequestsLibrary">
<msg time="2024-08-08T23:15:57.433739" level="INFO">Creating Session using : alias=consultarAPI, url=https://randomuser.me/, headers={},                     cookies={}, auth=None, timeout=None, proxies=None, verify=False,                     debug=0 </msg>
<arg>consultarAPI</arg>
<arg>${URL}</arg>
<doc>Create Session: create a HTTP session to a server</doc>
<status status="PASS" start="2024-08-08T23:15:57.433536" elapsed="0.000387"/>
</kw>
<status status="PASS" start="2024-08-08T23:15:57.432442" elapsed="0.001968"/>
</kw>
<status status="PASS" start="2024-08-08T23:15:57.431860" elapsed="0.002822"/>
</test>
<test id="s1-s1-t2" name="Validar retorno 200 e JSON Válido" line="16">
<kw name="Teste de Requisicao Basica" owner="random-user-service">
<kw name="GET On Session" owner="RequestsLibrary">
<msg time="2024-08-08T23:15:57.919226" level="INFO">GET Request : url=https://randomuser.me/api 
 path_url=/api 
 headers={'User-Agent': 'python-requests/2.32.3', 'Accept-Encoding': 'gzip, deflate', 'Accept': '*/*', 'Connection': 'keep-alive'} 
 body=None 
 </msg>
<msg time="2024-08-08T23:15:57.919400" level="INFO">GET Response : url=https://randomuser.me/api 
 status=200, reason=OK 
 headers={'Date': 'Thu, 08 Aug 2024 23:15:57 GMT', 'Content-Type': 'application/json; charset=utf-8', 'Transfer-Encoding': 'chunked', 'Connection': 'keep-alive', 'X-Powered-By': 'Express', 'Access-Control-Allow-Origin': '*', 'Cache-Control': 'no-cache', 'ETag': 'W/"48e-Xta7pb07TwGbpwUHTu6Muc+OJAU"', 'Vary': 'Accept-Encoding', 'Content-Encoding': 'gzip', 'CF-Cache-Status': 'DYNAMIC', 'Report-To': '{"endpoints":[{"url":"https:\\/\\/a.nel.cloudflare.com\\/report\\/v4?s=oQv0zPQmwwEZ590F8a2l2lGwzr6SaO90k9oAKQdqjlvNBEFtUspKHh4Gjojja0T1ByFu2kFmjb3op%2Fklg%2F7mU0Zw7n7Vj6wK3NktPK5Wt3CTXZB9PWFIbQzb0h7q3G9f"}],"group":"cf-nel","max_age":604800}', 'NEL': '{"success_fraction":0,"report_to":"cf-nel","max_age":604800}', 'Server': 'cloudflare', 'CF-RAY': '8b03361d0f9e2b65-LAX', 'alt-svc': 'h3=":443"; ma=86400'} 
 body={"results":[{"gender":"female","name":{"title":"Miss","first":"Minnie","last":"Clark"},"location":{"street":{"number":8192,"name":"Hogan St"},"city":"Chattanooga","state":"Utah","country":"United States","postcode":23651,"coordinates":{"latitude":"85.1775","longitude":"12.6939"},"timezone":{"offset":"+2:00","description":"Kaliningrad, South Africa"}},"email":"minnie.clark@example.com","login":{"uuid":"b238d62d-2c6f-4b7a-b0f2-bd6b9faa9edc","username":"blackpanda857","password":"wareagle","salt":"Uy7RCN9c","md5":"b9d52ec43cd56e417c2d6ea1105a4fb3","sha1":"75dbe79ab12579d4b3bfcb409a6b21e9e7f79f90","sha256":"145cfba95490875b5b986862e62fd0a5c16294695d09189b1302c0a23a4d9bed"},"dob":{"date":"1968-06-27T16:43:17.058Z","age":56},"registered":{"date":"2016-11-15T05:28:23.566Z","age":7},"phone":"(966) 688-7369","cell":"(295) 384-5944","id":{"name":"SSN","value":"168-55-4143"},"picture":{"large":"https://randomuser.me/api/portraits/women/59.jpg","medium":"https://randomuser.me/api/portraits/med/women/59.jpg","thumbnail":"https://randomuser.me/api/portraits/thumb/women/59.jpg"},"nat":"US"}],"info":{"seed":"ffcaae14c814b265","results":1,"page":1,"version":"1.4"}} 
 </msg>
<msg time="2024-08-08T23:15:57.919493" level="INFO">/opt/hostedtoolcache/Python/3.12.4/x64/lib/python3.12/site-packages/urllib3/connectionpool.py:1099: InsecureRequestWarning: Unverified HTTPS request is being made to host 'randomuser.me'. Adding certificate verification is strongly advised. See: https://urllib3.readthedocs.io/en/latest/advanced-usage.html#tls-warnings
  warnings.warn(</msg>
<msg time="2024-08-08T23:15:57.919658" level="INFO">${response} = &lt;Response [200]&gt;</msg>
<var>${response}</var>
<arg>consultarAPI</arg>
<arg>/api</arg>
<doc>Sends a GET request on a previously created HTTP Session.</doc>
<status status="PASS" start="2024-08-08T23:15:57.437437" elapsed="0.482265"/>
</kw>
<kw name="Should Be Equal As Numbers" owner="BuiltIn">
<msg time="2024-08-08T23:15:57.920695" level="INFO">Argument types are:
&lt;class 'int'&gt;
&lt;class 'str'&gt;</msg>
<arg>${response.status_code}</arg>
<arg>200</arg>
<doc>Fails if objects are unequal after converting them to real numbers.</doc>
<status status="PASS" start="2024-08-08T23:15:57.920237" elapsed="0.000521"/>
</kw>
<kw name="Log" owner="BuiltIn">
<msg time="2024-08-08T23:15:57.921486" level="INFO">200</msg>
<arg>${response.status_code}</arg>
<doc>Logs the given message with the given level.</doc>
<status status="PASS" start="2024-08-08T23:15:57.921119" elapsed="0.000408"/>
</kw>
<kw name="Set Variable" owner="BuiltIn">
<msg time="2024-08-08T23:15:57.922259" level="INFO">${json_data} = {'results': [{'gender': 'female', 'name': {'title': 'Miss', 'first': 'Minnie', 'last': 'Clark'}, 'location': {'street': {'number': 8192, 'name': 'Hogan St'}, 'city': 'Chattanooga', 'state': 'Utah', 'c...</msg>
<var>${json_data}</var>
<arg>${response.json()}</arg>
<doc>Returns the given values which can then be assigned to a variables.</doc>
<status status="PASS" start="2024-08-08T23:15:57.921832" elapsed="0.000455"/>
</kw>
<kw name="Dictionary Should Contain Key" owner="Collections">
<arg>${json_data}</arg>
<arg>results</arg>
<doc>Fails if ``key`` is not found from ``dictionary``.</doc>
<status status="PASS" start="2024-08-08T23:15:57.922594" elapsed="0.000327"/>
</kw>
<status status="PASS" start="2024-08-08T23:15:57.437187" elapsed="0.485887"/>
</kw>
<doc>Testa se a API responde corretamente e retorna um objeto JSON válido.</doc>
<tag>testeRequisicaoBasica</tag>
<status status="PASS" start="2024-08-08T23:15:57.436715" elapsed="0.486534"/>
</test>
<test id="s1-s1-t3" name="Validar estrutura de resposta" line="22">
<kw name="Teste de Estrutura de Resposta" owner="random-user-service">
<kw name="GET On Session" owner="RequestsLibrary">
<msg time="2024-08-08T23:15:58.047486" level="INFO">GET Request : url=https://randomuser.me/api 
 path_url=/api 
 headers={'User-Agent': 'python-requests/2.32.3', 'Accept-Encoding': 'gzip, deflate', 'Accept': '*/*', 'Connection': 'keep-alive'} 
 body=None 
 </msg>
<msg time="2024-08-08T23:15:58.047601" level="INFO">GET Response : url=https://randomuser.me/api 
 status=200, reason=OK 
 headers={'Date': 'Thu, 08 Aug 2024 23:15:58 GMT', 'Content-Type': 'application/json; charset=utf-8', 'Transfer-Encoding': 'chunked', 'Connection': 'keep-alive', 'X-Powered-By': 'Express', 'Access-Control-Allow-Origin': '*', 'Cache-Control': 'no-cache', 'ETag': 'W/"476-hSy6eTPvljxLIehvXPt+R3Gt6IM"', 'Vary': 'Accept-Encoding', 'Content-Encoding': 'gzip', 'CF-Cache-Status': 'DYNAMIC', 'Report-To': '{"endpoints":[{"url":"https:\\/\\/a.nel.cloudflare.com\\/report\\/v4?s=m3WQ43dNI6OTLHqeU2rJkJ%2BSkDgdHD3WapBVxEJJ3yF5d1yPW0PlEP37NAjEiIglzZ5xhV6CjgWdCUNrsJ%2BeOZFFd2G4XJxCnFHFgjZoXelIFatyheZuYnD1RQwHhuCe"}],"group":"cf-nel","max_age":604800}', 'NEL': '{"success_fraction":0,"report_to":"cf-nel","max_age":604800}', 'Server': 'cloudflare', 'CF-RAY': '8b03361f0a112b65-LAX', 'alt-svc': 'h3=":443"; ma=86400'} 
 body={"results":[{"gender":"male","name":{"title":"Mr","first":"Felix","last":"Christensen"},"location":{"street":{"number":2703,"name":"Ellehammersvej"},"city":"Århus C.","state":"Nordjylland","country":"Denmark","postcode":42257,"coordinates":{"latitude":"-41.7400","longitude":"-90.0234"},"timezone":{"offset":"-10:00","description":"Hawaii"}},"email":"felix.christensen@example.com","login":{"uuid":"41142f95-bc04-4391-86c6-55bc27fe3dc8","username":"silverkoala383","password":"helmut","salt":"TUbslMhb","md5":"f66c7fea36ddf9d4bfbf3ccf23e8f747","sha1":"d8b1371855236ab98371d25ce7b77b2a82a2d5a2","sha256":"945a114d07404f34ad6cedbe0b6abbd160d930d774a77144aca5a3633d5e1b7d"},"dob":{"date":"1965-05-23T01:25:05.647Z","age":59},"registered":{"date":"2017-04-17T05:28:15.814Z","age":7},"phone":"14982875","cell":"27765868","id":{"name":"CPR","value":"220565-1381"},"picture":{"large":"https://randomuser.me/api/portraits/men/76.jpg","medium":"https://randomuser.me/api/portraits/med/men/76.jpg","thumbnail":"https://randomuser.me/api/portraits/thumb/men/76.jpg"},"nat":"DK"}],"info":{"seed":"830d893dd16dd8d0","results":1,"page":1,"version":"1.4"}} 
 </msg>
<msg time="2024-08-08T23:15:58.047757" level="INFO">/opt/hostedtoolcache/Python/3.12.4/x64/lib/python3.12/site-packages/urllib3/connectionpool.py:1099: InsecureRequestWarning: Unverified HTTPS request is being made to host 'randomuser.me'. Adding certificate verification is strongly advised. See: https://urllib3.readthedocs.io/en/latest/advanced-usage.html#tls-warnings
  warnings.warn(</msg>
<msg time="2024-08-08T23:15:58.047877" level="INFO">${response} = &lt;Response [200]&gt;</msg>
<var>${response}</var>
<arg>consultarAPI</arg>
<arg>/api</arg>
<doc>Sends a GET request on a previously created HTTP Session.</doc>
<status status="PASS" start="2024-08-08T23:15:57.925840" elapsed="0.122106"/>
</kw>
<kw name="Set Variable" owner="BuiltIn">
<msg time="2024-08-08T23:15:58.048959" level="INFO">${json_data} = {'results': [{'gender': 'male', 'name': {'title': 'Mr', 'first': 'Felix', 'last': 'Christensen'}, 'location': {'street': {'number': 2703, 'name': 'Ellehammersvej'}, 'city': 'Århus C.', 'state': 'Nordj...</msg>
<var>${json_data}</var>
<arg>${response.json()}</arg>
<doc>Returns the given values which can then be assigned to a variables.</doc>
<status status="PASS" start="2024-08-08T23:15:58.048441" elapsed="0.000547"/>
</kw>
<kw name="Log" owner="BuiltIn">
<msg time="2024-08-08T23:15:58.049503" level="INFO">{'results': [{'gender': 'male', 'name': {'title': 'Mr', 'first': 'Felix', 'last': 'Christensen'}, 'location': {'street': {'number': 2703, 'name': 'Ellehammersvej'}, 'city': 'Århus C.', 'state': 'Nordjylland', 'country': 'Denmark', 'postcode': 42257, 'coordinates': {'latitude': '-41.7400', 'longitude': '-90.0234'}, 'timezone': {'offset': '-10:00', 'description': 'Hawaii'}}, 'email': 'felix.christensen@example.com', 'login': {'uuid': '41142f95-bc04-4391-86c6-55bc27fe3dc8', 'username': 'silverkoala383', 'password': 'helmut', 'salt': 'TUbslMhb', 'md5': 'f66c7fea36ddf9d4bfbf3ccf23e8f747', 'sha1': 'd8b1371855236ab98371d25ce7b77b2a82a2d5a2', 'sha256': '945a114d07404f34ad6cedbe0b6abbd160d930d774a77144aca5a3633d5e1b7d'}, 'dob': {'date': '1965-05-23T01:25:05.647Z', 'age': 59}, 'registered': {'date': '2017-04-17T05:28:15.814Z', 'age': 7}, 'phone': '14982875', 'cell': '27765868', 'id': {'name': 'CPR', 'value': '220565-1381'}, 'picture': {'large': 'https://randomuser.me/api/portraits/men/76.jpg', 'medium': 'https://randomuser.me/api/portraits/med/men/76.jpg', 'thumbnail': 'https://randomuser.me/api/portraits/thumb/men/76.jpg'}, 'nat': 'DK'}], 'info': {'seed': '830d893dd16dd8d0', 'results': 1, 'page': 1, 'version': '1.4'}}</msg>
<arg>${json_data}</arg>
<doc>Logs the given message with the given level.</doc>
<status status="PASS" start="2024-08-08T23:15:58.049339" elapsed="0.000213"/>
</kw>
<kw name="Dictionary Should Contain Key" owner="Collections">
<arg>${json_data}</arg>
<arg>results</arg>
<doc>Fails if ``key`` is not found from ``dictionary``.</doc>
<status status="PASS" start="2024-08-08T23:15:58.049844" elapsed="0.000160"/>
</kw>
<kw name="Should Not Be Empty" owner="BuiltIn">
<msg time="2024-08-08T23:15:58.050306" level="INFO">Length is 2.</msg>
<arg>${json_data}</arg>
<doc>Verifies that the given item is not empty.</doc>
<status status="PASS" start="2024-08-08T23:15:58.050183" elapsed="0.000160"/>
</kw>
<kw name="Create List" owner="BuiltIn">
<msg time="2024-08-08T23:15:58.050783" level="INFO">${expected_keys} = ['gender', 'name', 'location', 'email', 'login']</msg>
<var>${expected_keys}</var>
<arg>gender</arg>
<arg>name</arg>
<arg>location</arg>
<arg>email</arg>
<arg>login</arg>
<doc>Returns a list containing given items.</doc>
<status status="PASS" start="2024-08-08T23:15:58.050626" elapsed="0.000181"/>
</kw>
<for flavor="IN">
<iter>
<kw name="Dictionary Should Contain Key" owner="Collections">
<arg>${json_data['results'][0]}</arg>
<arg>${key}</arg>
<doc>Fails if ``key`` is not found from ``dictionary``.</doc>
<status status="PASS" start="2024-08-08T23:15:58.051378" elapsed="0.000406"/>
</kw>
<kw name="Log" owner="BuiltIn">
<msg time="2024-08-08T23:15:58.052327" level="INFO">{'gender': 'male', 'name': {'title': 'Mr', 'first': 'Felix', 'last': 'Christensen'}, 'location': {'street': {'number': 2703, 'name': 'Ellehammersvej'}, 'city': 'Århus C.', 'state': 'Nordjylland', 'country': 'Denmark', 'postcode': 42257, 'coordinates': {'latitude': '-41.7400', 'longitude': '-90.0234'}, 'timezone': {'offset': '-10:00', 'description': 'Hawaii'}}, 'email': 'felix.christensen@example.com', 'login': {'uuid': '41142f95-bc04-4391-86c6-55bc27fe3dc8', 'username': 'silverkoala383', 'password': 'helmut', 'salt': 'TUbslMhb', 'md5': 'f66c7fea36ddf9d4bfbf3ccf23e8f747', 'sha1': 'd8b1371855236ab98371d25ce7b77b2a82a2d5a2', 'sha256': '945a114d07404f34ad6cedbe0b6abbd160d930d774a77144aca5a3633d5e1b7d'}, 'dob': {'date': '1965-05-23T01:25:05.647Z', 'age': 59}, 'registered': {'date': '2017-04-17T05:28:15.814Z', 'age': 7}, 'phone': '14982875', 'cell': '27765868', 'id': {'name': 'CPR', 'value': '220565-1381'}, 'picture': {'large': 'https://randomuser.me/api/portraits/men/76.jpg', 'medium': 'https://randomuser.me/api/portraits/med/men/76.jpg', 'thumbnail': 'https://randomuser.me/api/portraits/thumb/men/76.jpg'}, 'nat': 'DK'}</msg>
<arg>${json_data['results'][0]}</arg>
<doc>Logs the given message with the given level.</doc>
<status status="PASS" start="2024-08-08T23:15:58.051974" elapsed="0.000403"/>
</kw>
<kw name="Log" owner="BuiltIn">
<msg time="2024-08-08T23:15:58.052802" level="INFO">gender</msg>
<arg>${key}</arg>
<doc>Logs the given message with the given level.</doc>
<status status="PASS" start="2024-08-08T23:15:58.052673" elapsed="0.000169"/>
</kw>
<var name="${key}">gender</var>
<status status="PASS" start="2024-08-08T23:15:58.051253" elapsed="0.001831"/>
</iter>
<iter>
<kw name="Dictionary Should Contain Key" owner="Collections">
<arg>${json_data['results'][0]}</arg>
<arg>${key}</arg>
<doc>Fails if ``key`` is not found from ``dictionary``.</doc>
<status status="PASS" start="2024-08-08T23:15:58.053384" elapsed="0.000386"/>
</kw>
<kw name="Log" owner="BuiltIn">
<msg time="2024-08-08T23:15:58.054311" level="INFO">{'gender': 'male', 'name': {'title': 'Mr', 'first': 'Felix', 'last': 'Christensen'}, 'location': {'street': {'number': 2703, 'name': 'Ellehammersvej'}, 'city': 'Århus C.', 'state': 'Nordjylland', 'country': 'Denmark', 'postcode': 42257, 'coordinates': {'latitude': '-41.7400', 'longitude': '-90.0234'}, 'timezone': {'offset': '-10:00', 'description': 'Hawaii'}}, 'email': 'felix.christensen@example.com', 'login': {'uuid': '41142f95-bc04-4391-86c6-55bc27fe3dc8', 'username': 'silverkoala383', 'password': 'helmut', 'salt': 'TUbslMhb', 'md5': 'f66c7fea36ddf9d4bfbf3ccf23e8f747', 'sha1': 'd8b1371855236ab98371d25ce7b77b2a82a2d5a2', 'sha256': '945a114d07404f34ad6cedbe0b6abbd160d930d774a77144aca5a3633d5e1b7d'}, 'dob': {'date': '1965-05-23T01:25:05.647Z', 'age': 59}, 'registered': {'date': '2017-04-17T05:28:15.814Z', 'age': 7}, 'phone': '14982875', 'cell': '27765868', 'id': {'name': 'CPR', 'value': '220565-1381'}, 'picture': {'large': 'https://randomuser.me/api/portraits/men/76.jpg', 'medium': 'https://randomuser.me/api/portraits/med/men/76.jpg', 'thumbnail': 'https://randomuser.me/api/portraits/thumb/men/76.jpg'}, 'nat': 'DK'}</msg>
<arg>${json_data['results'][0]}</arg>
<doc>Logs the given message with the given level.</doc>
<status status="PASS" start="2024-08-08T23:15:58.053956" elapsed="0.000438"/>
</kw>
<kw name="Log" owner="BuiltIn">
<msg time="2024-08-08T23:15:58.054821" level="INFO">name</msg>
<arg>${key}</arg>
<doc>Logs the given message with the given level.</doc>
<status status="PASS" start="2024-08-08T23:15:58.054694" elapsed="0.000165"/>
</kw>
<var name="${key}">name</var>
<status status="PASS" start="2024-08-08T23:15:58.053269" elapsed="0.001806"/>
</iter>
<iter>
<kw name="Dictionary Should Contain Key" owner="Collections">
<arg>${json_data['results'][0]}</arg>
<arg>${key}</arg>
<doc>Fails if ``key`` is not found from ``dictionary``.</doc>
<status status="PASS" start="2024-08-08T23:15:58.055360" elapsed="0.000381"/>
</kw>
<kw name="Log" owner="BuiltIn">
<msg time="2024-08-08T23:15:58.056268" level="INFO">{'gender': 'male', 'name': {'title': 'Mr', 'first': 'Felix', 'last': 'Christensen'}, 'location': {'street': {'number': 2703, 'name': 'Ellehammersvej'}, 'city': 'Århus C.', 'state': 'Nordjylland', 'country': 'Denmark', 'postcode': 42257, 'coordinates': {'latitude': '-41.7400', 'longitude': '-90.0234'}, 'timezone': {'offset': '-10:00', 'description': 'Hawaii'}}, 'email': 'felix.christensen@example.com', 'login': {'uuid': '41142f95-bc04-4391-86c6-55bc27fe3dc8', 'username': 'silverkoala383', 'password': 'helmut', 'salt': 'TUbslMhb', 'md5': 'f66c7fea36ddf9d4bfbf3ccf23e8f747', 'sha1': 'd8b1371855236ab98371d25ce7b77b2a82a2d5a2', 'sha256': '945a114d07404f34ad6cedbe0b6abbd160d930d774a77144aca5a3633d5e1b7d'}, 'dob': {'date': '1965-05-23T01:25:05.647Z', 'age': 59}, 'registered': {'date': '2017-04-17T05:28:15.814Z', 'age': 7}, 'phone': '14982875', 'cell': '27765868', 'id': {'name': 'CPR', 'value': '220565-1381'}, 'picture': {'large': 'https://randomuser.me/api/portraits/men/76.jpg', 'medium': 'https://randomuser.me/api/portraits/med/men/76.jpg', 'thumbnail': 'https://randomuser.me/api/portraits/thumb/men/76.jpg'}, 'nat': 'DK'}</msg>
<arg>${json_data['results'][0]}</arg>
<doc>Logs the given message with the given level.</doc>
<status status="PASS" start="2024-08-08T23:15:58.055923" elapsed="0.000393"/>
</kw>
<kw name="Log" owner="BuiltIn">
<msg time="2024-08-08T23:15:58.056749" level="INFO">location</msg>
<arg>${key}</arg>
<doc>Logs the given message with the given level.</doc>
<status status="PASS" start="2024-08-08T23:15:58.056620" elapsed="0.000166"/>
</kw>
<var name="${key}">location</var>
<status status="PASS" start="2024-08-08T23:15:58.055250" elapsed="0.001751"/>
</iter>
<iter>
<kw name="Dictionary Should Contain Key" owner="Collections">
<arg>${json_data['results'][0]}</arg>
<arg>${key}</arg>
<doc>Fails if ``key`` is not found from ``dictionary``.</doc>
<status status="PASS" start="2024-08-08T23:15:58.057298" elapsed="0.000391"/>
</kw>
<kw name="Log" owner="BuiltIn">
<msg time="2024-08-08T23:15:58.058345" level="INFO">{'gender': 'male', 'name': {'title': 'Mr', 'first': 'Felix', 'last': 'Christensen'}, 'location': {'street': {'number': 2703, 'name': 'Ellehammersvej'}, 'city': 'Århus C.', 'state': 'Nordjylland', 'country': 'Denmark', 'postcode': 42257, 'coordinates': {'latitude': '-41.7400', 'longitude': '-90.0234'}, 'timezone': {'offset': '-10:00', 'description': 'Hawaii'}}, 'email': 'felix.christensen@example.com', 'login': {'uuid': '41142f95-bc04-4391-86c6-55bc27fe3dc8', 'username': 'silverkoala383', 'password': 'helmut', 'salt': 'TUbslMhb', 'md5': 'f66c7fea36ddf9d4bfbf3ccf23e8f747', 'sha1': 'd8b1371855236ab98371d25ce7b77b2a82a2d5a2', 'sha256': '945a114d07404f34ad6cedbe0b6abbd160d930d774a77144aca5a3633d5e1b7d'}, 'dob': {'date': '1965-05-23T01:25:05.647Z', 'age': 59}, 'registered': {'date': '2017-04-17T05:28:15.814Z', 'age': 7}, 'phone': '14982875', 'cell': '27765868', 'id': {'name': 'CPR', 'value': '220565-1381'}, 'picture': {'large': 'https://randomuser.me/api/portraits/men/76.jpg', 'medium': 'https://randomuser.me/api/portraits/med/men/76.jpg', 'thumbnail': 'https://randomuser.me/api/portraits/thumb/men/76.jpg'}, 'nat': 'DK'}</msg>
<arg>${json_data['results'][0]}</arg>
<doc>Logs the given message with the given level.</doc>
<status status="PASS" start="2024-08-08T23:15:58.057989" elapsed="0.000415"/>
</kw>
<kw name="Log" owner="BuiltIn">
<msg time="2024-08-08T23:15:58.058829" level="INFO">email</msg>
<arg>${key}</arg>
<doc>Logs the given message with the given level.</doc>
<status status="PASS" start="2024-08-08T23:15:58.058700" elapsed="0.000167"/>
</kw>
<var name="${key}">email</var>
<status status="PASS" start="2024-08-08T23:15:58.057190" elapsed="0.001896"/>
</iter>
<iter>
<kw name="Dictionary Should Contain Key" owner="Collections">
<arg>${json_data['results'][0]}</arg>
<arg>${key}</arg>
<doc>Fails if ``key`` is not found from ``dictionary``.</doc>
<status status="PASS" start="2024-08-08T23:15:58.059362" elapsed="0.000373"/>
</kw>
<kw name="Log" owner="BuiltIn">
<msg time="2024-08-08T23:15:58.060260" level="INFO">{'gender': 'male', 'name': {'title': 'Mr', 'first': 'Felix', 'last': 'Christensen'}, 'location': {'street': {'number': 2703, 'name': 'Ellehammersvej'}, 'city': 'Århus C.', 'state': 'Nordjylland', 'country': 'Denmark', 'postcode': 42257, 'coordinates': {'latitude': '-41.7400', 'longitude': '-90.0234'}, 'timezone': {'offset': '-10:00', 'description': 'Hawaii'}}, 'email': 'felix.christensen@example.com', 'login': {'uuid': '41142f95-bc04-4391-86c6-55bc27fe3dc8', 'username': 'silverkoala383', 'password': 'helmut', 'salt': 'TUbslMhb', 'md5': 'f66c7fea36ddf9d4bfbf3ccf23e8f747', 'sha1': 'd8b1371855236ab98371d25ce7b77b2a82a2d5a2', 'sha256': '945a114d07404f34ad6cedbe0b6abbd160d930d774a77144aca5a3633d5e1b7d'}, 'dob': {'date': '1965-05-23T01:25:05.647Z', 'age': 59}, 'registered': {'date': '2017-04-17T05:28:15.814Z', 'age': 7}, 'phone': '14982875', 'cell': '27765868', 'id': {'name': 'CPR', 'value': '220565-1381'}, 'picture': {'large': 'https://randomuser.me/api/portraits/men/76.jpg', 'medium': 'https://randomuser.me/api/portraits/med/men/76.jpg', 'thumbnail': 'https://randomuser.me/api/portraits/thumb/men/76.jpg'}, 'nat': 'DK'}</msg>
<arg>${json_data['results'][0]}</arg>
<doc>Logs the given message with the given level.</doc>
<status status="PASS" start="2024-08-08T23:15:58.059914" elapsed="0.000395"/>
</kw>
<kw name="Log" owner="BuiltIn">
<msg time="2024-08-08T23:15:58.060737" level="INFO">login</msg>
<arg>${key}</arg>
<doc>Logs the given message with the given level.</doc>
<status status="PASS" start="2024-08-08T23:15:58.060612" elapsed="0.000162"/>
</kw>
<var name="${key}">login</var>
<status status="PASS" start="2024-08-08T23:15:58.059255" elapsed="0.001738"/>
</iter>
<var>${key}</var>
<value>@{expected_keys}</value>
<status status="PASS" start="2024-08-08T23:15:58.051063" elapsed="0.010073"/>
</for>
<kw name="Create List" owner="BuiltIn">
<msg time="2024-08-08T23:15:58.061457" level="INFO">${expected_keysTwo} = ['username', 'password']</msg>
<var>${expected_keysTwo}</var>
<arg>username</arg>
<arg>password</arg>
<doc>Returns a list containing given items.</doc>
<status status="PASS" start="2024-08-08T23:15:58.061326" elapsed="0.000155"/>
</kw>
<for flavor="IN">
<iter>
<kw name="Dictionary Should Contain Key" owner="Collections">
<arg>${json_data['results'][0]['login']}</arg>
<arg>${keyTwo}</arg>
<doc>Fails if ``key`` is not found from ``dictionary``.</doc>
<status status="PASS" start="2024-08-08T23:15:58.062004" elapsed="0.000383"/>
</kw>
<kw name="Dictionary Should Contain Key" owner="Collections">
<arg>${json_data['results'][0]['login']}</arg>
<arg>${keyTwo}</arg>
<doc>Fails if ``key`` is not found from ``dictionary``.</doc>
<status status="PASS" start="2024-08-08T23:15:58.062567" elapsed="0.000367"/>
</kw>
<kw name="Log" owner="BuiltIn">
<msg time="2024-08-08T23:15:58.063230" level="INFO">username</msg>
<arg>${keyTwo}</arg>
<doc>Logs the given message with the given level.</doc>
<status status="PASS" start="2024-08-08T23:15:58.063111" elapsed="0.000156"/>
</kw>
<var name="${keyTwo}">username</var>
<status status="PASS" start="2024-08-08T23:15:58.061896" elapsed="0.001598"/>
</iter>
<iter>
<kw name="Dictionary Should Contain Key" owner="Collections">
<arg>${json_data['results'][0]['login']}</arg>
<arg>${keyTwo}</arg>
<doc>Fails if ``key`` is not found from ``dictionary``.</doc>
<status status="PASS" start="2024-08-08T23:15:58.063773" elapsed="0.000417"/>
</kw>
<kw name="Dictionary Should Contain Key" owner="Collections">
<arg>${json_data['results'][0]['login']}</arg>
<arg>${keyTwo}</arg>
<doc>Fails if ``key`` is not found from ``dictionary``.</doc>
<status status="PASS" start="2024-08-08T23:15:58.064370" elapsed="0.000367"/>
</kw>
<kw name="Log" owner="BuiltIn">
<msg time="2024-08-08T23:15:58.065063" level="INFO">password</msg>
<arg>${keyTwo}</arg>
<doc>Logs the given message with the given level.</doc>
<status status="PASS" start="2024-08-08T23:15:58.064926" elapsed="0.000188"/>
</kw>
<var name="${keyTwo}">password</var>
<status status="PASS" start="2024-08-08T23:15:58.063667" elapsed="0.001680"/>
</iter>
<var>${keyTwo}</var>
<value>@{expected_keysTwo}</value>
<status status="PASS" start="2024-08-08T23:15:58.061743" elapsed="0.003723"/>
</for>
<status status="PASS" start="2024-08-08T23:15:57.925611" elapsed="0.139995"/>
</kw>
<doc>Testa a estrutura da resposta da API.</doc>
<tag>testeEstruturaResposta</tag>
<status status="PASS" start="2024-08-08T23:15:57.925098" elapsed="0.140666"/>
</test>
<test id="s1-s1-t4" name="Validar tipos de dados" line="28">
<kw name="Teste de Tipos de Dados" owner="random-user-service">
<kw name="GET On Session" owner="RequestsLibrary">
<msg time="2024-08-08T23:15:58.182278" level="INFO">GET Request : url=https://randomuser.me/api 
 path_url=/api 
 headers={'User-Agent': 'python-requests/2.32.3', 'Accept-Encoding': 'gzip, deflate', 'Accept': '*/*', 'Connection': 'keep-alive'} 
 body=None 
 </msg>
<msg time="2024-08-08T23:15:58.182377" level="INFO">GET Response : url=https://randomuser.me/api 
 status=200, reason=OK 
 headers={'Date': 'Thu, 08 Aug 2024 23:15:58 GMT', 'Content-Type': 'application/json; charset=utf-8', 'Transfer-Encoding': 'chunked', 'Connection': 'keep-alive', 'X-Powered-By': 'Express', 'Access-Control-Allow-Origin': '*', 'Cache-Control': 'no-cache', 'ETag': 'W/"499-fCcG6ues/3GUt4LnFRXrGwX7VEk"', 'Vary': 'Accept-Encoding', 'Content-Encoding': 'gzip', 'CF-Cache-Status': 'DYNAMIC', 'Report-To': '{"endpoints":[{"url":"https:\\/\\/a.nel.cloudflare.com\\/report\\/v4?s=dZFzqZZJ2X8sN3AqODBSCHfLNa9ReupEx71AgUL%2FQYec1gaSlvzGCsq2pDc18V3FrCCh47dCV8RitUAHCPtNH4vrpJfHJ9ub5M%2FAY67zElQnFuHo9yq0orogdDA1%2Bhbc"}],"group":"cf-nel","max_age":604800}', 'NEL': '{"success_fraction":0,"report_to":"cf-nel","max_age":604800}', 'Server': 'cloudflare', 'CF-RAY': '8b03361ffb3e2b65-LAX', 'alt-svc': 'h3=":443"; ma=86400'} 
 body={"results":[{"gender":"male","name":{"title":"Mr","first":"Tim","last":"Simmons"},"location":{"street":{"number":3603,"name":"Stevens Creek Blvd"},"city":"Savannah","state":"Kentucky","country":"United States","postcode":56407,"coordinates":{"latitude":"87.3159","longitude":"-151.5990"},"timezone":{"offset":"-5:00","description":"Eastern Time (US &amp; Canada), Bogota, Lima"}},"email":"tim.simmons@example.com","login":{"uuid":"ed35cc58-c48f-48e2-baa9-b9f047693c14","username":"redmouse740","password":"nocturne","salt":"WqH7H5jB","md5":"fa988dead05eb6c90f046c189923526b","sha1":"cba01bf719ba340b62d5690bef84d243fb38aa8d","sha256":"4ca2f99314eb00b6ab27166ca6f5e54381ec2c6a88e160290c1ef5f1ed60e86e"},"dob":{"date":"1979-01-30T18:05:08.079Z","age":45},"registered":{"date":"2021-08-21T19:37:48.592Z","age":2},"phone":"(443) 628-1226","cell":"(622) 815-5399","id":{"name":"SSN","value":"762-13-3697"},"picture":{"large":"https://randomuser.me/api/portraits/men/3.jpg","medium":"https://randomuser.me/api/portraits/med/men/3.jpg","thumbnail":"https://randomuser.me/api/portraits/thumb/men/3.jpg"},"nat":"US"}],"info":{"seed":"5cca9f46e7b09e4b","results":1,"page":1,"version":"1.4"}} 
 </msg>
<msg time="2024-08-08T23:15:58.182446" level="INFO">/opt/hostedtoolcache/Python/3.12.4/x64/lib/python3.12/site-packages/urllib3/connectionpool.py:1099: InsecureRequestWarning: Unverified HTTPS request is being made to host 'randomuser.me'. Adding certificate verification is strongly advised. See: https://urllib3.readthedocs.io/en/latest/advanced-usage.html#tls-warnings
  warnings.warn(</msg>
<msg time="2024-08-08T23:15:58.182568" level="INFO">${response} = &lt;Response [200]&gt;</msg>
<var>${response}</var>
<arg>consultarAPI</arg>
<arg>/api</arg>
<doc>Sends a GET request on a previously created HTTP Session.</doc>
<status status="PASS" start="2024-08-08T23:15:58.068186" elapsed="0.114422"/>
</kw>
<kw name="Set Variable" owner="BuiltIn">
<msg time="2024-08-08T23:15:58.183791" level="INFO">${json_data} = {'results': [{'gender': 'male', 'name': {'title': 'Mr', 'first': 'Tim', 'last': 'Simmons'}, 'location': {'street': {'number': 3603, 'name': 'Stevens Creek Blvd'}, 'city': 'Savannah', 'state': 'Kentuck...</msg>
<var>${json_data}</var>
<arg>${response.json()}</arg>
<doc>Returns the given values which can then be assigned to a variables.</doc>
<status status="PASS" start="2024-08-08T23:15:58.183232" elapsed="0.000588"/>
</kw>
<kw name="Log" owner="BuiltIn">
<msg time="2024-08-08T23:15:58.184293" level="INFO">{'results': [{'gender': 'male', 'name': {'title': 'Mr', 'first': 'Tim', 'last': 'Simmons'}, 'location': {'street': {'number': 3603, 'name': 'Stevens Creek Blvd'}, 'city': 'Savannah', 'state': 'Kentucky', 'country': 'United States', 'postcode': 56407, 'coordinates': {'latitude': '87.3159', 'longitude': '-151.5990'}, 'timezone': {'offset': '-5:00', 'description': 'Eastern Time (US &amp; Canada), Bogota, Lima'}}, 'email': 'tim.simmons@example.com', 'login': {'uuid': 'ed35cc58-c48f-48e2-baa9-b9f047693c14', 'username': 'redmouse740', 'password': 'nocturne', 'salt': 'WqH7H5jB', 'md5': 'fa988dead05eb6c90f046c189923526b', 'sha1': 'cba01bf719ba340b62d5690bef84d243fb38aa8d', 'sha256': '4ca2f99314eb00b6ab27166ca6f5e54381ec2c6a88e160290c1ef5f1ed60e86e'}, 'dob': {'date': '1979-01-30T18:05:08.079Z', 'age': 45}, 'registered': {'date': '2021-08-21T19:37:48.592Z', 'age': 2}, 'phone': '(443) 628-1226', 'cell': '(622) 815-5399', 'id': {'name': 'SSN', 'value': '762-13-3697'}, 'picture': {'large': 'https://randomuser.me/api/portraits/men/3.jpg', 'medium': 'https://randomuser.me/api/portraits/med/men/3.jpg', 'thumbnail': 'https://randomuser.me/api/portraits/thumb/men/3.jpg'}, 'nat': 'US'}], 'info': {'seed': '5cca9f46e7b09e4b', 'results': 1, 'page': 1, 'version': '1.4'}}</msg>
<arg>${json_data}</arg>
<doc>Logs the given message with the given level.</doc>
<status status="PASS" start="2024-08-08T23:15:58.184135" elapsed="0.000207"/>
</kw>
<kw name="Should Be String" owner="String">
<arg>${json_data['results'][0]['gender']}</arg>
<doc>Fails if the given ``item`` is not a string.</doc>
<status status="PASS" start="2024-08-08T23:15:58.184629" elapsed="0.000353"/>
</kw>
<kw name="Should Match Regexp" owner="BuiltIn">
<arg>${json_data['results'][0]['email']}</arg>
<arg>^[a-zA-Z0-9._%+-]+@[a-zA-Z0-9.-]+\.[a-zA-Z]{2,}$</arg>
<doc>Fails if ``string`` does not match ``pattern`` as a regular expression.</doc>
<status status="PASS" start="2024-08-08T23:15:58.185231" elapsed="0.000528"/>
</kw>
<kw name="Should Match Regexp" owner="BuiltIn">
<arg>${json_data['results'][0]['dob']['date']}</arg>
<arg>\\d{4}-\\d{2}-\\d{2}T\\d{2}:\\d{2}:\\d{2}\\.\\d{3}Z</arg>
<doc>Fails if ``string`` does not match ``pattern`` as a regular expression.</doc>
<status status="PASS" start="2024-08-08T23:15:58.185995" elapsed="0.000635"/>
</kw>
<kw name="Should Match Regexp" owner="BuiltIn">
<arg>${json_data['results'][0]['registered']['date']}</arg>
<arg>\\d{4}-\\d{2}-\\d{2}T\\d{2}:\\d{2}:\\d{2}\\.\\d{3}Z</arg>
<doc>Fails if ``string`` does not match ``pattern`` as a regular expression.</doc>
<status status="PASS" start="2024-08-08T23:15:58.186825" elapsed="0.000376"/>
</kw>
<kw name="Should Match Regexp" owner="BuiltIn">
<arg>${json_data['results'][0]['picture']['large']}</arg>
<arg>^https?://.*\.(?:png|jpe?g|gif|bmp)$</arg>
<doc>Fails if ``string`` does not match ``pattern`` as a regular expression.</doc>
<status status="PASS" start="2024-08-08T23:15:58.187389" elapsed="0.000479"/>
</kw>
<kw name="Should Match Regexp" owner="BuiltIn">
<arg>${json_data['results'][0]['picture']['medium']}</arg>
<arg>^https?://.*\.(?:png|jpe?g|gif|bmp)$</arg>
<doc>Fails if ``string`` does not match ``pattern`` as a regular expression.</doc>
<status status="PASS" start="2024-08-08T23:15:58.188060" elapsed="0.000368"/>
</kw>
<kw name="Should Match Regexp" owner="BuiltIn">
<arg>${json_data['results'][0]['picture']['thumbnail']}</arg>
<arg>^https?://.*\.(?:png|jpe?g|gif|bmp)$</arg>
<doc>Fails if ``string`` does not match ``pattern`` as a regular expression.</doc>
<status status="PASS" start="2024-08-08T23:15:58.188630" elapsed="0.000381"/>
</kw>
<kw name="Log" owner="BuiltIn">
<msg time="2024-08-08T23:15:58.189540" level="INFO">{'large': 'https://randomuser.me/api/portraits/men/3.jpg', 'medium': 'https://randomuser.me/api/portraits/med/men/3.jpg', 'thumbnail': 'https://randomuser.me/api/portraits/thumb/men/3.jpg'}</msg>
<arg>${json_data['results'][0]['picture']}</arg>
<doc>Logs the given message with the given level.</doc>
<status status="PASS" start="2024-08-08T23:15:58.189217" elapsed="0.000366"/>
</kw>
<status status="PASS" start="2024-08-08T23:15:58.067960" elapsed="0.121899"/>
</kw>
<kw name="Teste de Tipos de Dados - Postcode" owner="random-user-service">
<kw name="GET On Session" owner="RequestsLibrary">
<msg time="2024-08-08T23:15:58.295470" level="INFO">GET Request : url=https://randomuser.me/api 
 path_url=/api 
 headers={'User-Agent': 'python-requests/2.32.3', 'Accept-Encoding': 'gzip, deflate', 'Accept': '*/*', 'Connection': 'keep-alive'} 
 body=None 
 </msg>
<msg time="2024-08-08T23:15:58.295568" level="INFO">GET Response : url=https://randomuser.me/api 
 status=200, reason=OK 
 headers={'Date': 'Thu, 08 Aug 2024 23:15:58 GMT', 'Content-Type': 'application/json; charset=utf-8', 'Transfer-Encoding': 'chunked', 'Connection': 'keep-alive', 'X-Powered-By': 'Express', 'Access-Control-Allow-Origin': '*', 'Cache-Control': 'no-cache', 'ETag': 'W/"47f-F3M/QLxcexUqVXZy9Leml6BBBeo"', 'Vary': 'Accept-Encoding', 'Content-Encoding': 'gzip', 'CF-Cache-Status': 'DYNAMIC', 'Report-To': '{"endpoints":[{"url":"https:\\/\\/a.nel.cloudflare.com\\/report\\/v4?s=c35I5O42dZVM2hBb1bN%2BBXHxSHoO7ecDdNk67ykA93to3oGzK46jl0f6HwUpC8wxg%2B3bh7J8o9mw2zaKmNyabPFnRWFFc1BBONSvAIcjF%2FFqW5TJ5rIJ65EWxOTKm2VA"}],"group":"cf-nel","max_age":604800}', 'NEL': '{"success_fraction":0,"report_to":"cf-nel","max_age":604800}', 'Server': 'cloudflare', 'CF-RAY': '8b033620bc4a2b65-LAX', 'alt-svc': 'h3=":443"; ma=86400'} 
 body={"results":[{"gender":"female","name":{"title":"Miss","first":"Lea","last":"Petersen"},"location":{"street":{"number":753,"name":"Solbakken"},"city":"Jystrup","state":"Midtjylland","country":"Denmark","postcode":32329,"coordinates":{"latitude":"-39.9602","longitude":"40.3348"},"timezone":{"offset":"-7:00","description":"Mountain Time (US &amp; Canada)"}},"email":"lea.petersen@example.com","login":{"uuid":"8c521c55-3aea-4ab4-ad26-1ef73fb6487a","username":"happybird913","password":"bull","salt":"O3OPTr4Y","md5":"694faee79c044b43b4a95693193ec4d0","sha1":"8e462503ff6f2f4b593a3ead8648b97aff10cfe4","sha256":"7deacc8b6646a4927ff30496d834be7259bb6f8f6fc690d32a3c73b5234f7b9a"},"dob":{"date":"2000-06-19T14:55:22.293Z","age":24},"registered":{"date":"2011-06-19T13:59:09.970Z","age":13},"phone":"96325464","cell":"79670475","id":{"name":"CPR","value":"1906100-7452"},"picture":{"large":"https://randomuser.me/api/portraits/women/18.jpg","medium":"https://randomuser.me/api/portraits/med/women/18.jpg","thumbnail":"https://randomuser.me/api/portraits/thumb/women/18.jpg"},"nat":"DK"}],"info":{"seed":"e7644bd94692df46","results":1,"page":1,"version":"1.4"}} 
 </msg>
<msg time="2024-08-08T23:15:58.295637" level="INFO">/opt/hostedtoolcache/Python/3.12.4/x64/lib/python3.12/site-packages/urllib3/connectionpool.py:1099: InsecureRequestWarning: Unverified HTTPS request is being made to host 'randomuser.me'. Adding certificate verification is strongly advised. See: https://urllib3.readthedocs.io/en/latest/advanced-usage.html#tls-warnings
  warnings.warn(</msg>
<msg time="2024-08-08T23:15:58.295769" level="INFO">${response} = &lt;Response [200]&gt;</msg>
<var>${response}</var>
<arg>consultarAPI</arg>
<arg>/api</arg>
<doc>Sends a GET request on a previously created HTTP Session.</doc>
<status status="PASS" start="2024-08-08T23:15:58.190348" elapsed="0.105461"/>
</kw>
<kw name="Set Variable" owner="BuiltIn">
<msg time="2024-08-08T23:15:58.297104" level="INFO">${json_data} = {'results': [{'gender': 'female', 'name': {'title': 'Miss', 'first': 'Lea', 'last': 'Petersen'}, 'location': {'street': {'number': 753, 'name': 'Solbakken'}, 'city': 'Jystrup', 'state': 'Midtjylland',...</msg>
<var>${json_data}</var>
<arg>${response.json()}</arg>
<doc>Returns the given values which can then be assigned to a variables.</doc>
<status status="PASS" start="2024-08-08T23:15:58.296486" elapsed="0.000650"/>
</kw>
<kw name="Log" owner="BuiltIn">
<msg time="2024-08-08T23:15:58.297615" level="INFO">{'results': [{'gender': 'female', 'name': {'title': 'Miss', 'first': 'Lea', 'last': 'Petersen'}, 'location': {'street': {'number': 753, 'name': 'Solbakken'}, 'city': 'Jystrup', 'state': 'Midtjylland', 'country': 'Denmark', 'postcode': 32329, 'coordinates': {'latitude': '-39.9602', 'longitude': '40.3348'}, 'timezone': {'offset': '-7:00', 'description': 'Mountain Time (US &amp; Canada)'}}, 'email': 'lea.petersen@example.com', 'login': {'uuid': '8c521c55-3aea-4ab4-ad26-1ef73fb6487a', 'username': 'happybird913', 'password': 'bull', 'salt': 'O3OPTr4Y', 'md5': '694faee79c044b43b4a95693193ec4d0', 'sha1': '8e462503ff6f2f4b593a3ead8648b97aff10cfe4', 'sha256': '7deacc8b6646a4927ff30496d834be7259bb6f8f6fc690d32a3c73b5234f7b9a'}, 'dob': {'date': '2000-06-19T14:55:22.293Z', 'age': 24}, 'registered': {'date': '2011-06-19T13:59:09.970Z', 'age': 13}, 'phone': '96325464', 'cell': '79670475', 'id': {'name': 'CPR', 'value': '1906100-7452'}, 'picture': {'large': 'https://randomuser.me/api/portraits/women/18.jpg', 'medium': 'https://randomuser.me/api/portraits/med/women/18.jpg', 'thumbnail': 'https://randomuser.me/api/portraits/thumb/women/18.jpg'}, 'nat': 'DK'}], 'info': {'seed': 'e7644bd94692df46', 'results': 1, 'page': 1, 'version': '1.4'}}</msg>
<arg>${json_data}</arg>
<doc>Logs the given message with the given level.</doc>
<status status="PASS" start="2024-08-08T23:15:58.297456" elapsed="0.000208"/>
</kw>
<kw name="Should Be Equal As Numbers" owner="BuiltIn">
<arg>${json_data['results'][0]['location']['postcode']}</arg>
<arg>${json_data['results'][0]['location']['postcode']}</arg>
<doc>Fails if objects are unequal after converting them to real numbers.</doc>
<status status="PASS" start="2024-08-08T23:15:58.297965" elapsed="0.000619"/>
</kw>
<kw name="Log" owner="BuiltIn">
<msg time="2024-08-08T23:15:58.299114" level="INFO">32329</msg>
<arg>${json_data['results'][0]['location']['postcode']}</arg>
<doc>Logs the given message with the given level.</doc>
<status status="PASS" start="2024-08-08T23:15:58.298775" elapsed="0.000379"/>
</kw>
<status status="PASS" start="2024-08-08T23:15:58.190114" elapsed="0.109335"/>
</kw>
<doc>Testa se os tipos de dados na resposta da API estão corretos.</doc>
<tag>testeTiposDados</tag>
<status status="PASS" start="2024-08-08T23:15:58.067521" elapsed="0.232107"/>
</test>
<test id="s1-s1-t5" name="Validar conteudo" line="35">
<kw name="Teste de Tipos de Conteudo" owner="random-user-service">
<kw name="GET On Session" owner="RequestsLibrary">
<msg time="2024-08-08T23:15:58.402164" level="INFO">GET Request : url=https://randomuser.me/api 
 path_url=/api 
 headers={'User-Agent': 'python-requests/2.32.3', 'Accept-Encoding': 'gzip, deflate', 'Accept': '*/*', 'Connection': 'keep-alive'} 
 body=None 
 </msg>
<msg time="2024-08-08T23:15:58.402270" level="INFO">GET Response : url=https://randomuser.me/api 
 status=200, reason=OK 
 headers={'Date': 'Thu, 08 Aug 2024 23:15:58 GMT', 'Content-Type': 'application/json; charset=utf-8', 'Transfer-Encoding': 'chunked', 'Connection': 'keep-alive', 'X-Powered-By': 'Express', 'Access-Control-Allow-Origin': '*', 'Cache-Control': 'no-cache', 'ETag': 'W/"48c-Ze3mSrQ4flkxWtCAB8VtC4+r8+E"', 'Vary': 'Accept-Encoding', 'Content-Encoding': 'gzip', 'CF-Cache-Status': 'DYNAMIC', 'Report-To': '{"endpoints":[{"url":"https:\\/\\/a.nel.cloudflare.com\\/report\\/v4?s=W42X21%2B22Q3x5CpWduj1FZgsVZ6WBKNnYHKuXNgvtxkm2%2Fbexiuo0PhQbXCcFA%2Bb7FQ9SBZZg9jGemOOdyEpE2mUZlV3zNPe969T16b9BThUYXofDBbuF4wdW%2FFJmrE%2B"}],"group":"cf-nel","max_age":604800}', 'NEL': '{"success_fraction":0,"report_to":"cf-nel","max_age":604800}', 'Server': 'cloudflare', 'CF-RAY': '8b0336216d122b65-LAX', 'alt-svc': 'h3=":443"; ma=86400'} 
 body={"results":[{"gender":"male","name":{"title":"Mr","first":"Karl-Josef","last":"Markert"},"location":{"street":{"number":5020,"name":"Amselweg"},"city":"Genthin","state":"Thüringen","country":"Germany","postcode":35448,"coordinates":{"latitude":"-51.8720","longitude":"-9.1456"},"timezone":{"offset":"-1:00","description":"Azores, Cape Verde Islands"}},"email":"karl-josef.markert@example.com","login":{"uuid":"996804f4-c0e8-4de9-87b7-14e0cbe3ee6a","username":"sadladybug210","password":"icehouse","salt":"Wd6HZ6KF","md5":"cd39136d6b81a97f15d09f820ec19cae","sha1":"92f015c0132ed33c0eac1967253ffad76dabca3c","sha256":"99bf1591286023c9bb0bdf26d2f270984d8954f6309207e18d0178735fb19fc5"},"dob":{"date":"1960-04-01T09:42:18.208Z","age":64},"registered":{"date":"2020-06-21T06:34:51.446Z","age":4},"phone":"0779-2883685","cell":"0172-0583474","id":{"name":"SVNR","value":"03 010460 M 405"},"picture":{"large":"https://randomuser.me/api/portraits/men/5.jpg","medium":"https://randomuser.me/api/portraits/med/men/5.jpg","thumbnail":"https://randomuser.me/api/portraits/thumb/men/5.jpg"},"nat":"DE"}],"info":{"seed":"49c35f8eb7167274","results":1,"page":1,"version":"1.4"}} 
 </msg>
<msg time="2024-08-08T23:15:58.402350" level="INFO">/opt/hostedtoolcache/Python/3.12.4/x64/lib/python3.12/site-packages/urllib3/connectionpool.py:1099: InsecureRequestWarning: Unverified HTTPS request is being made to host 'randomuser.me'. Adding certificate verification is strongly advised. See: https://urllib3.readthedocs.io/en/latest/advanced-usage.html#tls-warnings
  warnings.warn(</msg>
<msg time="2024-08-08T23:15:58.402479" level="INFO">${response} = &lt;Response [200]&gt;</msg>
<var>${response}</var>
<arg>consultarAPI</arg>
<arg>/api</arg>
<doc>Sends a GET request on a previously created HTTP Session.</doc>
<status status="PASS" start="2024-08-08T23:15:58.302158" elapsed="0.100362"/>
</kw>
<kw name="Set Variable" owner="BuiltIn">
<msg time="2024-08-08T23:15:58.403680" level="INFO">${json_data} = {'results': [{'gender': 'male', 'name': {'title': 'Mr', 'first': 'Karl-Josef', 'last': 'Markert'}, 'location': {'street': {'number': 5020, 'name': 'Amselweg'}, 'city': 'Genthin', 'state': 'Thüringen',...</msg>
<var>${json_data}</var>
<arg>${response.json()}</arg>
<doc>Returns the given values which can then be assigned to a variables.</doc>
<status status="PASS" start="2024-08-08T23:15:58.403115" elapsed="0.000595"/>
</kw>
<kw name="Set Variable" owner="BuiltIn">
<msg time="2024-08-08T23:15:58.404410" level="INFO">${name_title} = Mr</msg>
<var>${name_title}</var>
<arg>${json_data["results"][0]["name"]["title"]}</arg>
<doc>Returns the given values which can then be assigned to a variables.</doc>
<status status="PASS" start="2024-08-08T23:15:58.404025" elapsed="0.000410"/>
</kw>
<kw name="Create List" owner="BuiltIn">
<msg time="2024-08-08T23:15:58.404886" level="INFO">${allowed_titles} = ['Mr', 'Ms', 'Miss', 'Mrs', 'Madame', 'Monsieur']</msg>
<var>${allowed_titles}</var>
<arg>Mr</arg>
<arg>Ms</arg>
<arg>Miss</arg>
<arg>Mrs</arg>
<arg>Madame</arg>
<arg>Monsieur</arg>
<doc>Returns a list containing given items.</doc>
<status status="PASS" start="2024-08-08T23:15:58.404737" elapsed="0.000173"/>
</kw>
<kw name="List Should Contain Value" owner="Collections">
<arg>${allowed_titles}</arg>
<arg>${name_title}</arg>
<doc>Fails if the ``value`` is not found from ``list``.</doc>
<status status="PASS" start="2024-08-08T23:15:58.405258" elapsed="0.000178"/>
</kw>
<kw name="Set Variable" owner="BuiltIn">
<msg time="2024-08-08T23:15:58.405999" level="INFO">${name_country} = DE</msg>
<var>${name_country}</var>
<arg>${json_data["results"][0]["nat"]}</arg>
<doc>Returns the given values which can then be assigned to a variables.</doc>
<status status="PASS" start="2024-08-08T23:15:58.405624" elapsed="0.000399"/>
</kw>
<kw name="Create List" owner="BuiltIn">
<msg time="2024-08-08T23:15:58.406910" level="INFO">${list_country} = ['AD', 'AE', 'AF', 'AG', 'AI', 'AL', 'AM', 'AO', 'AQ', 'AR', 'AS', 'AT', 'AU', 'AW', 'AX', 'AZ', 'BA', 'BB', 'BD', 'BE', 'BF', 'BG', 'BH', 'BI', 'BJ', 'BL', 'BM', 'BN', 'BO', 'BQ', 'BR', 'BS', 'BT', '...</msg>
<var>${list_country}</var>
<arg>AD</arg>
<arg>AE</arg>
<arg>AF</arg>
<arg>AG</arg>
<arg>AI</arg>
<arg>AL</arg>
<arg>AM</arg>
<arg>AO</arg>
<arg>AQ</arg>
<arg>AR</arg>
<arg>AS</arg>
<arg>AT</arg>
<arg>AU</arg>
<arg>AW</arg>
<arg>AX</arg>
<arg>AZ</arg>
<arg>BA</arg>
<arg>BB</arg>
<arg>BD</arg>
<arg>BE</arg>
<arg>BF</arg>
<arg>BG</arg>
<arg>BH</arg>
<arg>BI</arg>
<arg>BJ</arg>
<arg>BL</arg>
<arg>BM</arg>
<arg>BN</arg>
<arg>BO</arg>
<arg>BQ</arg>
<arg>BR</arg>
<arg>BS</arg>
<arg>BT</arg>
<arg>BV</arg>
<arg>BW</arg>
<arg>BY</arg>
<arg>BZ</arg>
<arg>CA</arg>
<arg>CC</arg>
<arg>CD</arg>
<arg>CF</arg>
<arg>CG</arg>
<arg>CH</arg>
<arg>CI</arg>
<arg>CK</arg>
<arg>CL</arg>
<arg>CM</arg>
<arg>CN</arg>
<arg>CO</arg>
<arg>CR</arg>
<arg>CU</arg>
<arg>CV</arg>
<arg>CW</arg>
<arg>CX</arg>
<arg>CY</arg>
<arg>CZ</arg>
<arg>DE</arg>
<arg>DJ</arg>
<arg>DK</arg>
<arg>DM</arg>
<arg>DO</arg>
<arg>DZ</arg>
<arg>EC</arg>
<arg>EE</arg>
<arg>EG</arg>
<arg>EH</arg>
<arg>ER</arg>
<arg>ES</arg>
<arg>ET</arg>
<arg>FI</arg>
<arg>FJ</arg>
<arg>FK</arg>
<arg>FM</arg>
<arg>FO</arg>
<arg>FR</arg>
<arg>GA</arg>
<arg>GB</arg>
<arg>GD</arg>
<arg>GE</arg>
<arg>GF</arg>
<arg>GG</arg>
<arg>GH</arg>
<arg>GI</arg>
<arg>GL</arg>
<arg>GM</arg>
<arg>GN</arg>
<arg>GP</arg>
<arg>GQ</arg>
<arg>GR</arg>
<arg>GS</arg>
<arg>GT</arg>
<arg>GU</arg>
<arg>GW</arg>
<arg>GY</arg>
<arg>HK</arg>
<arg>HM</arg>
<arg>HN</arg>
<arg>HR</arg>
<arg>HT</arg>
<arg>HU</arg>
<arg>ID</arg>
<arg>IE</arg>
<arg>IL</arg>
<arg>IM</arg>
<arg>IN</arg>
<arg>IO</arg>
<arg>IQ</arg>
<arg>IR</arg>
<arg>IS</arg>
<arg>IT</arg>
<arg>JE</arg>
<arg>JM</arg>
<arg>JO</arg>
<arg>JP</arg>
<arg>KE</arg>
<arg>KG</arg>
<arg>KH</arg>
<arg>KI</arg>
<arg>KM</arg>
<arg>KN</arg>
<arg>KP</arg>
<arg>KR</arg>
<arg>KW</arg>
<arg>KY</arg>
<arg>KZ</arg>
<arg>LA</arg>
<arg>LB</arg>
<arg>LC</arg>
<arg>LI</arg>
<arg>LK</arg>
<arg>LR</arg>
<arg>LS</arg>
<arg>LT</arg>
<arg>LU</arg>
<arg>LV</arg>
<arg>LY</arg>
<arg>MA</arg>
<arg>MC</arg>
<arg>MD</arg>
<arg>ME</arg>
<arg>MF</arg>
<arg>MG</arg>
<arg>MH</arg>
<arg>MK</arg>
<arg>ML</arg>
<arg>MM</arg>
<arg>MN</arg>
<arg>MO</arg>
<arg>MP</arg>
<arg>MQ</arg>
<arg>MR</arg>
<arg>MS</arg>
<arg>MT</arg>
<arg>MU</arg>
<arg>MV</arg>
<arg>MW</arg>
<arg>MX</arg>
<arg>MY</arg>
<arg>MZ</arg>
<arg>NA</arg>
<arg>NC</arg>
<arg>NE</arg>
<arg>NF</arg>
<arg>NG</arg>
<arg>NI</arg>
<arg>NL</arg>
<arg>NO</arg>
<arg>NP</arg>
<arg>NR</arg>
<arg>NU</arg>
<arg>NZ</arg>
<arg>OM</arg>
<arg>PA</arg>
<arg>PE</arg>
<arg>PF</arg>
<arg>PG</arg>
<arg>PH</arg>
<arg>PK</arg>
<arg>PL</arg>
<arg>PM</arg>
<arg>PN</arg>
<arg>PR</arg>
<arg>PS</arg>
<arg>PT</arg>
<arg>PW</arg>
<arg>PY</arg>
<arg>QA</arg>
<arg>RE</arg>
<arg>RO</arg>
<arg>RS</arg>
<arg>RU</arg>
<arg>RW</arg>
<arg>SA</arg>
<arg>SB</arg>
<arg>SC</arg>
<arg>SD</arg>
<arg>SE</arg>
<arg>SG</arg>
<arg>SH</arg>
<arg>SI</arg>
<arg>SJ</arg>
<arg>SK</arg>
<arg>SL</arg>
<arg>SM</arg>
<arg>SN</arg>
<arg>SO</arg>
<arg>SR</arg>
<arg>SS</arg>
<arg>ST</arg>
<arg>SV</arg>
<arg>SX</arg>
<arg>SY</arg>
<arg>SZ</arg>
<arg>TC</arg>
<arg>TD</arg>
<arg>TF</arg>
<arg>TG</arg>
<arg>TH</arg>
<arg>TJ</arg>
<arg>TK</arg>
<arg>TL</arg>
<arg>TM</arg>
<arg>TN</arg>
<arg>TO</arg>
<arg>TR</arg>
<arg>TT</arg>
<arg>TV</arg>
<arg>TW</arg>
<arg>TZ</arg>
<arg>UA</arg>
<arg>UG</arg>
<arg>UM</arg>
<arg>US</arg>
<arg>UY</arg>
<arg>UZ</arg>
<arg>VA</arg>
<arg>VC</arg>
<arg>VE</arg>
<arg>VG</arg>
<arg>VI</arg>
<arg>VN</arg>
<arg>VU</arg>
<arg>WF</arg>
<arg>WS</arg>
<arg>XK</arg>
<arg>YE</arg>
<arg>YT</arg>
<arg>ZA</arg>
<arg>ZM</arg>
<arg>ZW</arg>
<doc>Returns a list containing given items.</doc>
<status status="PASS" start="2024-08-08T23:15:58.406320" elapsed="0.000615"/>
</kw>
<kw name="List Should Contain Value" owner="Collections">
<arg>${list_country}</arg>
<arg>${name_country}</arg>
<doc>Fails if the ``value`` is not found from ``list``.</doc>
<status status="PASS" start="2024-08-08T23:15:58.407930" elapsed="0.000208"/>
</kw>
<kw name="Run Keyword If" owner="BuiltIn">
<kw name="Should Be True" owner="BuiltIn">
<arg>${True}</arg>
<doc>Fails if the given condition is not true.</doc>
<status status="PASS" start="2024-08-08T23:15:58.409103" elapsed="0.000144"/>
</kw>
<arg>${json_data["results"][0]["location"]["coordinates"]["latitude"]} &gt;= -90 and ${json_data["results"][0]["location"]["coordinates"]["latitude"]} &lt;= 90</arg>
<arg>Should Be True</arg>
<arg>${True}</arg>
<doc>Runs the given keyword with the given arguments, if ``condition`` is true.</doc>
<status status="PASS" start="2024-08-08T23:15:58.408338" elapsed="0.001034"/>
</kw>
<kw name="Run Keyword If" owner="BuiltIn">
<kw name="Should Be True" owner="BuiltIn">
<arg>${True}</arg>
<doc>Fails if the given condition is not true.</doc>
<status status="PASS" start="2024-08-08T23:15:58.410242" elapsed="0.000135"/>
</kw>
<arg>${json_data["results"][0]["location"]["coordinates"]["longitude"]} &gt;= -180 and ${json_data["results"][0]["location"]["coordinates"]["longitude"]} &lt;= 180</arg>
<arg>Should Be True</arg>
<arg>${True}</arg>
<doc>Runs the given keyword with the given arguments, if ``condition`` is true.</doc>
<status status="PASS" start="2024-08-08T23:15:58.409552" elapsed="0.000948"/>
</kw>
<status status="PASS" start="2024-08-08T23:15:58.301935" elapsed="0.108701"/>
</kw>
<doc>Testa o conteúdo específico dos campos retornados pela API.</doc>
<tag>testeConteudo</tag>
<status status="PASS" start="2024-08-08T23:15:58.301397" elapsed="0.109393"/>
</test>
<status status="PASS" start="2024-08-08T23:15:57.091849" elapsed="1.320912"/>
</suite>
<status status="PASS" start="2024-08-08T23:15:57.077471" elapsed="1.340750"/>
</suite>
<statistics>
<total>
<stat pass="5" fail="0" skip="0">All Tests</stat>
</total>
<tag>
<stat pass="1" fail="0" skip="0">testeConteudo</stat>
<stat pass="1" fail="0" skip="0">testeEstruturaResposta</stat>
<stat pass="1" fail="0" skip="0">testeRequisicaoBasica</stat>
<stat pass="1" fail="0" skip="0">testeTiposDados</stat>
</tag>
<suite>
<stat pass="5" fail="0" skip="0" id="s1" name="Tests">Tests</stat>
<stat pass="5" fail="0" skip="0" id="s1-s1" name="Random-User-Test">Tests.Random-User-Test</stat>
</suite>
</statistics>
<errors>
</errors>
</robot>
