<?xml version="1.0" encoding="UTF-8"?>
<robot generator="Robot 7.0 (Python 3.12.3 on linux)" generated="2024-04-25T14:10:57.369120" rpa="false" schemaversion="5">
<suite id="s1" name="Tests" source="/home/runner/work/DesafioQAItauRogerioJordao/DesafioQAItauRogerioJordao/RamdonUser/tests">
<suite id="s1-s1" name="Random-User-Test" source="/home/runner/work/DesafioQAItauRogerioJordao/DesafioQAItauRogerioJordao/RamdonUser/tests/random-user-test.robot">
<test id="s1-s1-t1" name="Conectar" line="13">
<kw name="Conectar API" owner="random-user-service">
<kw name="Create Session" owner="RequestsLibrary">
<msg time="2024-04-25T14:10:57.743276" level="INFO">Creating Session using : alias=consultarAPI, url=https://randomuser.me/, headers={},                     cookies={}, auth=None, timeout=None, proxies=None, verify=False,                     debug=0 </msg>
<arg>consultarAPI</arg>
<arg>${URL}</arg>
<doc>Create Session: create a HTTP session to a server</doc>
<status status="PASS" start="2024-04-25T14:10:57.743065" elapsed="0.000404"/>
</kw>
<status status="PASS" start="2024-04-25T14:10:57.742038" elapsed="0.001817"/>
</kw>
<status status="PASS" start="2024-04-25T14:10:57.741448" elapsed="0.002613"/>
</test>
<test id="s1-s1-t2" name="Validar retorno 200 e JSON Válido" line="16">
<kw name="Teste de Requisicao Basica" owner="random-user-service">
<kw name="GET On Session" owner="RequestsLibrary">
<msg time="2024-04-25T14:10:58.005983" level="INFO">GET Request : url=https://randomuser.me/api 
 path_url=/api 
 headers={'User-Agent': 'python-requests/2.31.0', 'Accept-Encoding': 'gzip, deflate', 'Accept': '*/*', 'Connection': 'keep-alive'} 
 body=None 
 </msg>
<msg time="2024-04-25T14:10:58.006163" level="INFO">GET Response : url=https://randomuser.me/api 
 status=200, reason=OK 
 headers={'Date': 'Thu, 25 Apr 2024 14:10:58 GMT', 'Content-Type': 'application/json; charset=utf-8', 'Transfer-Encoding': 'chunked', 'Connection': 'keep-alive', 'X-Powered-By': 'Express', 'Access-Control-Allow-Origin': '*', 'Cache-Control': 'no-cache', 'ETag': 'W/"494-cze7bDvQvRiTmCvUr86DL7Z2eng"', 'Vary': 'Accept-Encoding', 'Content-Encoding': 'gzip', 'CF-Cache-Status': 'DYNAMIC', 'Report-To': '{"endpoints":[{"url":"https:\\/\\/a.nel.cloudflare.com\\/report\\/v4?s=K7PtKj7AbY6cDfw1htbUnhyXWdJM%2BW3Ha3GM02YteXYYYrKim8uPJwY3PlWM4q8Q3uZcTmZDS34BZ7xAFGl6ZSwZV%2BugCDvIV5e1L%2FKuHIpdAZNPdajDxIOw%2BH7EMYXw"}],"group":"cf-nel","max_age":604800}', 'NEL': '{"success_fraction":0,"report_to":"cf-nel","max_age":604800}', 'Server': 'cloudflare', 'CF-RAY': '879eeb680ebe2368-SJC', 'alt-svc': 'h3=":443"; ma=86400'} 
 body={"results":[{"gender":"male","name":{"title":"Mr","first":"Živorad","last":"Peković"},"location":{"street":{"number":2058,"name":"Porodice Simonović"},"city":"Dečan","state":"Moravica","country":"Serbia","postcode":63642,"coordinates":{"latitude":"57.2208","longitude":"-135.5680"},"timezone":{"offset":"+1:00","description":"Brussels, Copenhagen, Madrid, Paris"}},"email":"zivorad.pekovic@example.com","login":{"uuid":"f873b359-c8bf-4150-81e4-2f39822e4479","username":"tinyfish220","password":"aviation","salt":"UFT8ewdW","md5":"43d4e9500854cce032a18f0f31a5b1a6","sha1":"4c5e6d367edb912d6755070952bdff8a2b8dd4fe","sha256":"461a192ec1c02230cd1fefa077e07cef93100515dff2d02506be28c505a988d3"},"dob":{"date":"2000-07-20T12:42:58.386Z","age":23},"registered":{"date":"2007-01-24T18:08:16.417Z","age":17},"phone":"021-1922-451","cell":"064-8251-283","id":{"name":"SID","value":"492298484"},"picture":{"large":"https://randomuser.me/api/portraits/men/57.jpg","medium":"https://randomuser.me/api/portraits/med/men/57.jpg","thumbnail":"https://randomuser.me/api/portraits/thumb/men/57.jpg"},"nat":"RS"}],"info":{"seed":"c7f19f5619bb0dca","results":1,"page":1,"version":"1.4"}} 
 </msg>
<msg time="2024-04-25T14:10:58.006266" level="INFO">/opt/hostedtoolcache/Python/3.12.3/x64/lib/python3.12/site-packages/urllib3/connectionpool.py:1103: InsecureRequestWarning: Unverified HTTPS request is being made to host 'randomuser.me'. Adding certificate verification is strongly advised. See: https://urllib3.readthedocs.io/en/latest/advanced-usage.html#tls-warnings
  warnings.warn(</msg>
<msg time="2024-04-25T14:10:58.006448" level="INFO">${response} = &lt;Response [200]&gt;</msg>
<var>${response}</var>
<arg>consultarAPI</arg>
<arg>/api</arg>
<doc>Sends a GET request on a previously created HTTP Session.</doc>
<status status="PASS" start="2024-04-25T14:10:57.746748" elapsed="0.259767"/>
</kw>
<kw name="Should Be Equal As Numbers" owner="BuiltIn">
<msg time="2024-04-25T14:10:58.007604" level="INFO">Argument types are:
&lt;class 'int'&gt;
&lt;class 'str'&gt;</msg>
<arg>${response.status_code}</arg>
<arg>200</arg>
<doc>Fails if objects are unequal after converting them to real numbers.</doc>
<status status="PASS" start="2024-04-25T14:10:58.007113" elapsed="0.000561"/>
</kw>
<kw name="Log" owner="BuiltIn">
<msg time="2024-04-25T14:10:58.008444" level="INFO">200</msg>
<arg>${response.status_code}</arg>
<doc>Logs the given message with the given level.</doc>
<status status="PASS" start="2024-04-25T14:10:58.008063" elapsed="0.000427"/>
</kw>
<kw name="Set Variable" owner="BuiltIn">
<msg time="2024-04-25T14:10:58.009280" level="INFO">${json_data} = {'results': [{'gender': 'male', 'name': {'title': 'Mr', 'first': 'Živorad', 'last': 'Peković'}, 'location': {'street': {'number': 2058, 'name': 'Porodice Simonović'}, 'city': 'Dečan', 'state': 'Moravi...</msg>
<var>${json_data}</var>
<arg>${response.json()}</arg>
<doc>Returns the given values which can then be assigned to a variables.</doc>
<status status="PASS" start="2024-04-25T14:10:58.008814" elapsed="0.000497"/>
</kw>
<kw name="Dictionary Should Contain Key" owner="Collections">
<msg time="2024-04-25T14:10:58.009825" level="INFO">False</msg>
<arg>${json_data}</arg>
<arg>results</arg>
<doc>Fails if ``key`` is not found from ``dictionary``.</doc>
<status status="PASS" start="2024-04-25T14:10:58.009642" elapsed="0.000226"/>
</kw>
<status status="PASS" start="2024-04-25T14:10:57.746462" elapsed="0.263675"/>
</kw>
<doc>Testa se a API responde corretamente e retorna um objeto JSON válido.</doc>
<tag>testeRequisicaoBasica</tag>
<status status="PASS" start="2024-04-25T14:10:57.745968" elapsed="0.264363"/>
</test>
<test id="s1-s1-t3" name="Validar estrutura de resposta" line="22">
<kw name="Teste de Estrutura de Resposta" owner="random-user-service">
<kw name="GET On Session" owner="RequestsLibrary">
<msg time="2024-04-25T14:10:58.109570" level="INFO">GET Request : url=https://randomuser.me/api 
 path_url=/api 
 headers={'User-Agent': 'python-requests/2.31.0', 'Accept-Encoding': 'gzip, deflate', 'Accept': '*/*', 'Connection': 'keep-alive'} 
 body=None 
 </msg>
<msg time="2024-04-25T14:10:58.109668" level="INFO">GET Response : url=https://randomuser.me/api 
 status=200, reason=OK 
 headers={'Date': 'Thu, 25 Apr 2024 14:10:58 GMT', 'Content-Type': 'application/json; charset=utf-8', 'Transfer-Encoding': 'chunked', 'Connection': 'keep-alive', 'X-Powered-By': 'Express', 'Access-Control-Allow-Origin': '*', 'Cache-Control': 'no-cache', 'ETag': 'W/"487-jPFdbgvMfyQm559VCInGT8LiHCw"', 'Vary': 'Accept-Encoding', 'Content-Encoding': 'gzip', 'CF-Cache-Status': 'DYNAMIC', 'Report-To': '{"endpoints":[{"url":"https:\\/\\/a.nel.cloudflare.com\\/report\\/v4?s=3JrLZ7DM0dMMrseb%2FzFPi%2FXJk60rUJ5tHGffe0L%2Bq3xV6C3gX99%2By39WwvjQXxukcLLGw8iQxg98%2FQkMbxjSWVf9r3X74mGPnRC7S0tpfvGvWhpb0O86er9Sj%2FpDFJx4"}],"group":"cf-nel","max_age":604800}', 'NEL': '{"success_fraction":0,"report_to":"cf-nel","max_age":604800}', 'Server': 'cloudflare', 'CF-RAY': '879eeb689f652368-SJC', 'alt-svc': 'h3=":443"; ma=86400'} 
 body={"results":[{"gender":"male","name":{"title":"Mr","first":"Brett","last":"Elliott"},"location":{"street":{"number":1373,"name":"Washington Ave"},"city":"Columbus","state":"Maine","country":"United States","postcode":51529,"coordinates":{"latitude":"88.5773","longitude":"-8.7258"},"timezone":{"offset":"+7:00","description":"Bangkok, Hanoi, Jakarta"}},"email":"brett.elliott@example.com","login":{"uuid":"13d2f367-fe2b-4fe6-aa0f-93ea323905af","username":"angrywolf613","password":"myxworld","salt":"84jT74y3","md5":"e6059527d52f3e7034eba7bb6b56923d","sha1":"62da6df11bfe749d8acf17e45e9bf01641378edc","sha256":"7f706b1a8d51f7b8e27a253834018a12b5a4133e986833e31177fe6837e73f2a"},"dob":{"date":"1956-03-13T14:03:23.434Z","age":68},"registered":{"date":"2020-05-02T05:37:47.629Z","age":3},"phone":"(311) 603-6900","cell":"(458) 836-3680","id":{"name":"SSN","value":"244-40-3547"},"picture":{"large":"https://randomuser.me/api/portraits/men/66.jpg","medium":"https://randomuser.me/api/portraits/med/men/66.jpg","thumbnail":"https://randomuser.me/api/portraits/thumb/men/66.jpg"},"nat":"US"}],"info":{"seed":"a518d2b1ac6d9c2e","results":1,"page":1,"version":"1.4"}} 
 </msg>
<msg time="2024-04-25T14:10:58.109796" level="INFO">/opt/hostedtoolcache/Python/3.12.3/x64/lib/python3.12/site-packages/urllib3/connectionpool.py:1103: InsecureRequestWarning: Unverified HTTPS request is being made to host 'randomuser.me'. Adding certificate verification is strongly advised. See: https://urllib3.readthedocs.io/en/latest/advanced-usage.html#tls-warnings
  warnings.warn(</msg>
<msg time="2024-04-25T14:10:58.109924" level="INFO">${response} = &lt;Response [200]&gt;</msg>
<var>${response}</var>
<arg>consultarAPI</arg>
<arg>/api</arg>
<doc>Sends a GET request on a previously created HTTP Session.</doc>
<status status="PASS" start="2024-04-25T14:10:58.013145" elapsed="0.096841"/>
</kw>
<kw name="Set Variable" owner="BuiltIn">
<msg time="2024-04-25T14:10:58.111042" level="INFO">${json_data} = {'results': [{'gender': 'male', 'name': {'title': 'Mr', 'first': 'Brett', 'last': 'Elliott'}, 'location': {'street': {'number': 1373, 'name': 'Washington Ave'}, 'city': 'Columbus', 'state': 'Maine', '...</msg>
<var>${json_data}</var>
<arg>${response.json()}</arg>
<doc>Returns the given values which can then be assigned to a variables.</doc>
<status status="PASS" start="2024-04-25T14:10:58.110477" elapsed="0.000594"/>
</kw>
<kw name="Log" owner="BuiltIn">
<msg time="2024-04-25T14:10:58.111541" level="INFO">{'results': [{'gender': 'male', 'name': {'title': 'Mr', 'first': 'Brett', 'last': 'Elliott'}, 'location': {'street': {'number': 1373, 'name': 'Washington Ave'}, 'city': 'Columbus', 'state': 'Maine', 'country': 'United States', 'postcode': 51529, 'coordinates': {'latitude': '88.5773', 'longitude': '-8.7258'}, 'timezone': {'offset': '+7:00', 'description': 'Bangkok, Hanoi, Jakarta'}}, 'email': 'brett.elliott@example.com', 'login': {'uuid': '13d2f367-fe2b-4fe6-aa0f-93ea323905af', 'username': 'angrywolf613', 'password': 'myxworld', 'salt': '84jT74y3', 'md5': 'e6059527d52f3e7034eba7bb6b56923d', 'sha1': '62da6df11bfe749d8acf17e45e9bf01641378edc', 'sha256': '7f706b1a8d51f7b8e27a253834018a12b5a4133e986833e31177fe6837e73f2a'}, 'dob': {'date': '1956-03-13T14:03:23.434Z', 'age': 68}, 'registered': {'date': '2020-05-02T05:37:47.629Z', 'age': 3}, 'phone': '(311) 603-6900', 'cell': '(458) 836-3680', 'id': {'name': 'SSN', 'value': '244-40-3547'}, 'picture': {'large': 'https://randomuser.me/api/portraits/men/66.jpg', 'medium': 'https://randomuser.me/api/portraits/med/men/66.jpg', 'thumbnail': 'https://randomuser.me/api/portraits/thumb/men/66.jpg'}, 'nat': 'US'}], 'info': {'seed': 'a518d2b1ac6d9c2e', 'results': 1, 'page': 1, 'version': '1.4'}}</msg>
<arg>${json_data}</arg>
<doc>Logs the given message with the given level.</doc>
<status status="PASS" start="2024-04-25T14:10:58.111375" elapsed="0.000215"/>
</kw>
<kw name="Dictionary Should Contain Key" owner="Collections">
<msg time="2024-04-25T14:10:58.112045" level="INFO">False</msg>
<arg>${json_data}</arg>
<arg>results</arg>
<doc>Fails if ``key`` is not found from ``dictionary``.</doc>
<status status="PASS" start="2024-04-25T14:10:58.111885" elapsed="0.000196"/>
</kw>
<kw name="Should Not Be Empty" owner="BuiltIn">
<msg time="2024-04-25T14:10:58.112495" level="INFO">Length is 2.</msg>
<arg>${json_data}</arg>
<doc>Verifies that the given item is not empty.</doc>
<status status="PASS" start="2024-04-25T14:10:58.112366" elapsed="0.000328"/>
</kw>
<kw name="Create List" owner="BuiltIn">
<msg time="2024-04-25T14:10:58.113138" level="INFO">${expected_keys} = ['gender', 'name', 'location', 'email', 'login']</msg>
<var>${expected_keys}</var>
<arg>gender</arg>
<arg>name</arg>
<arg>location</arg>
<arg>email</arg>
<arg>login</arg>
<doc>Returns a list containing given items.</doc>
<status status="PASS" start="2024-04-25T14:10:58.112986" elapsed="0.000175"/>
</kw>
<for flavor="IN">
<iter>
<kw name="Dictionary Should Contain Key" owner="Collections">
<msg time="2024-04-25T14:10:58.114144" level="INFO">False</msg>
<arg>${json_data['results'][0]}</arg>
<arg>${key}</arg>
<doc>Fails if ``key`` is not found from ``dictionary``.</doc>
<status status="PASS" start="2024-04-25T14:10:58.113742" elapsed="0.000440"/>
</kw>
<kw name="Log" owner="BuiltIn">
<msg time="2024-04-25T14:10:58.114871" level="INFO">{'gender': 'male', 'name': {'title': 'Mr', 'first': 'Brett', 'last': 'Elliott'}, 'location': {'street': {'number': 1373, 'name': 'Washington Ave'}, 'city': 'Columbus', 'state': 'Maine', 'country': 'United States', 'postcode': 51529, 'coordinates': {'latitude': '88.5773', 'longitude': '-8.7258'}, 'timezone': {'offset': '+7:00', 'description': 'Bangkok, Hanoi, Jakarta'}}, 'email': 'brett.elliott@example.com', 'login': {'uuid': '13d2f367-fe2b-4fe6-aa0f-93ea323905af', 'username': 'angrywolf613', 'password': 'myxworld', 'salt': '84jT74y3', 'md5': 'e6059527d52f3e7034eba7bb6b56923d', 'sha1': '62da6df11bfe749d8acf17e45e9bf01641378edc', 'sha256': '7f706b1a8d51f7b8e27a253834018a12b5a4133e986833e31177fe6837e73f2a'}, 'dob': {'date': '1956-03-13T14:03:23.434Z', 'age': 68}, 'registered': {'date': '2020-05-02T05:37:47.629Z', 'age': 3}, 'phone': '(311) 603-6900', 'cell': '(458) 836-3680', 'id': {'name': 'SSN', 'value': '244-40-3547'}, 'picture': {'large': 'https://randomuser.me/api/portraits/men/66.jpg', 'medium': 'https://randomuser.me/api/portraits/med/men/66.jpg', 'thumbnail': 'https://randomuser.me/api/portraits/thumb/men/66.jpg'}, 'nat': 'US'}</msg>
<arg>${json_data['results'][0]}</arg>
<doc>Logs the given message with the given level.</doc>
<status status="PASS" start="2024-04-25T14:10:58.114483" elapsed="0.000435"/>
</kw>
<kw name="Log" owner="BuiltIn">
<msg time="2024-04-25T14:10:58.115337" level="INFO">gender</msg>
<arg>${key}</arg>
<doc>Logs the given message with the given level.</doc>
<status status="PASS" start="2024-04-25T14:10:58.115211" elapsed="0.000162"/>
</kw>
<var name="${key}">gender</var>
<status status="PASS" start="2024-04-25T14:10:58.113615" elapsed="0.001968"/>
</iter>
<iter>
<kw name="Dictionary Should Contain Key" owner="Collections">
<msg time="2024-04-25T14:10:58.116269" level="INFO">False</msg>
<arg>${json_data['results'][0]}</arg>
<arg>${key}</arg>
<doc>Fails if ``key`` is not found from ``dictionary``.</doc>
<status status="PASS" start="2024-04-25T14:10:58.115881" elapsed="0.000426"/>
</kw>
<kw name="Log" owner="BuiltIn">
<msg time="2024-04-25T14:10:58.116996" level="INFO">{'gender': 'male', 'name': {'title': 'Mr', 'first': 'Brett', 'last': 'Elliott'}, 'location': {'street': {'number': 1373, 'name': 'Washington Ave'}, 'city': 'Columbus', 'state': 'Maine', 'country': 'United States', 'postcode': 51529, 'coordinates': {'latitude': '88.5773', 'longitude': '-8.7258'}, 'timezone': {'offset': '+7:00', 'description': 'Bangkok, Hanoi, Jakarta'}}, 'email': 'brett.elliott@example.com', 'login': {'uuid': '13d2f367-fe2b-4fe6-aa0f-93ea323905af', 'username': 'angrywolf613', 'password': 'myxworld', 'salt': '84jT74y3', 'md5': 'e6059527d52f3e7034eba7bb6b56923d', 'sha1': '62da6df11bfe749d8acf17e45e9bf01641378edc', 'sha256': '7f706b1a8d51f7b8e27a253834018a12b5a4133e986833e31177fe6837e73f2a'}, 'dob': {'date': '1956-03-13T14:03:23.434Z', 'age': 68}, 'registered': {'date': '2020-05-02T05:37:47.629Z', 'age': 3}, 'phone': '(311) 603-6900', 'cell': '(458) 836-3680', 'id': {'name': 'SSN', 'value': '244-40-3547'}, 'picture': {'large': 'https://randomuser.me/api/portraits/men/66.jpg', 'medium': 'https://randomuser.me/api/portraits/med/men/66.jpg', 'thumbnail': 'https://randomuser.me/api/portraits/thumb/men/66.jpg'}, 'nat': 'US'}</msg>
<arg>${json_data['results'][0]}</arg>
<doc>Logs the given message with the given level.</doc>
<status status="PASS" start="2024-04-25T14:10:58.116634" elapsed="0.000410"/>
</kw>
<kw name="Log" owner="BuiltIn">
<msg time="2024-04-25T14:10:58.117465" level="INFO">name</msg>
<arg>${key}</arg>
<doc>Logs the given message with the given level.</doc>
<status status="PASS" start="2024-04-25T14:10:58.117338" elapsed="0.000163"/>
</kw>
<var name="${key}">name</var>
<status status="PASS" start="2024-04-25T14:10:58.115767" elapsed="0.001948"/>
</iter>
<iter>
<kw name="Dictionary Should Contain Key" owner="Collections">
<msg time="2024-04-25T14:10:58.118386" level="INFO">False</msg>
<arg>${json_data['results'][0]}</arg>
<arg>${key}</arg>
<doc>Fails if ``key`` is not found from ``dictionary``.</doc>
<status status="PASS" start="2024-04-25T14:10:58.118005" elapsed="0.000419"/>
</kw>
<kw name="Log" owner="BuiltIn">
<msg time="2024-04-25T14:10:58.119143" level="INFO">{'gender': 'male', 'name': {'title': 'Mr', 'first': 'Brett', 'last': 'Elliott'}, 'location': {'street': {'number': 1373, 'name': 'Washington Ave'}, 'city': 'Columbus', 'state': 'Maine', 'country': 'United States', 'postcode': 51529, 'coordinates': {'latitude': '88.5773', 'longitude': '-8.7258'}, 'timezone': {'offset': '+7:00', 'description': 'Bangkok, Hanoi, Jakarta'}}, 'email': 'brett.elliott@example.com', 'login': {'uuid': '13d2f367-fe2b-4fe6-aa0f-93ea323905af', 'username': 'angrywolf613', 'password': 'myxworld', 'salt': '84jT74y3', 'md5': 'e6059527d52f3e7034eba7bb6b56923d', 'sha1': '62da6df11bfe749d8acf17e45e9bf01641378edc', 'sha256': '7f706b1a8d51f7b8e27a253834018a12b5a4133e986833e31177fe6837e73f2a'}, 'dob': {'date': '1956-03-13T14:03:23.434Z', 'age': 68}, 'registered': {'date': '2020-05-02T05:37:47.629Z', 'age': 3}, 'phone': '(311) 603-6900', 'cell': '(458) 836-3680', 'id': {'name': 'SSN', 'value': '244-40-3547'}, 'picture': {'large': 'https://randomuser.me/api/portraits/men/66.jpg', 'medium': 'https://randomuser.me/api/portraits/med/men/66.jpg', 'thumbnail': 'https://randomuser.me/api/portraits/thumb/men/66.jpg'}, 'nat': 'US'}</msg>
<arg>${json_data['results'][0]}</arg>
<doc>Logs the given message with the given level.</doc>
<status status="PASS" start="2024-04-25T14:10:58.118773" elapsed="0.000417"/>
</kw>
<kw name="Log" owner="BuiltIn">
<msg time="2024-04-25T14:10:58.119607" level="INFO">location</msg>
<arg>${key}</arg>
<doc>Logs the given message with the given level.</doc>
<status status="PASS" start="2024-04-25T14:10:58.119482" elapsed="0.000163"/>
</kw>
<var name="${key}">location</var>
<status status="PASS" start="2024-04-25T14:10:58.117893" elapsed="0.001962"/>
</iter>
<iter>
<kw name="Dictionary Should Contain Key" owner="Collections">
<msg time="2024-04-25T14:10:58.120514" level="INFO">False</msg>
<arg>${json_data['results'][0]}</arg>
<arg>${key}</arg>
<doc>Fails if ``key`` is not found from ``dictionary``.</doc>
<status status="PASS" start="2024-04-25T14:10:58.120136" elapsed="0.000416"/>
</kw>
<kw name="Log" owner="BuiltIn">
<msg time="2024-04-25T14:10:58.121204" level="INFO">{'gender': 'male', 'name': {'title': 'Mr', 'first': 'Brett', 'last': 'Elliott'}, 'location': {'street': {'number': 1373, 'name': 'Washington Ave'}, 'city': 'Columbus', 'state': 'Maine', 'country': 'United States', 'postcode': 51529, 'coordinates': {'latitude': '88.5773', 'longitude': '-8.7258'}, 'timezone': {'offset': '+7:00', 'description': 'Bangkok, Hanoi, Jakarta'}}, 'email': 'brett.elliott@example.com', 'login': {'uuid': '13d2f367-fe2b-4fe6-aa0f-93ea323905af', 'username': 'angrywolf613', 'password': 'myxworld', 'salt': '84jT74y3', 'md5': 'e6059527d52f3e7034eba7bb6b56923d', 'sha1': '62da6df11bfe749d8acf17e45e9bf01641378edc', 'sha256': '7f706b1a8d51f7b8e27a253834018a12b5a4133e986833e31177fe6837e73f2a'}, 'dob': {'date': '1956-03-13T14:03:23.434Z', 'age': 68}, 'registered': {'date': '2020-05-02T05:37:47.629Z', 'age': 3}, 'phone': '(311) 603-6900', 'cell': '(458) 836-3680', 'id': {'name': 'SSN', 'value': '244-40-3547'}, 'picture': {'large': 'https://randomuser.me/api/portraits/men/66.jpg', 'medium': 'https://randomuser.me/api/portraits/med/men/66.jpg', 'thumbnail': 'https://randomuser.me/api/portraits/thumb/men/66.jpg'}, 'nat': 'US'}</msg>
<arg>${json_data['results'][0]}</arg>
<doc>Logs the given message with the given level.</doc>
<status status="PASS" start="2024-04-25T14:10:58.120849" elapsed="0.000401"/>
</kw>
<kw name="Log" owner="BuiltIn">
<msg time="2024-04-25T14:10:58.121663" level="INFO">email</msg>
<arg>${key}</arg>
<doc>Logs the given message with the given level.</doc>
<status status="PASS" start="2024-04-25T14:10:58.121538" elapsed="0.000163"/>
</kw>
<var name="${key}">email</var>
<status status="PASS" start="2024-04-25T14:10:58.120026" elapsed="0.001886"/>
</iter>
<iter>
<kw name="Dictionary Should Contain Key" owner="Collections">
<msg time="2024-04-25T14:10:58.122600" level="INFO">False</msg>
<arg>${json_data['results'][0]}</arg>
<arg>${key}</arg>
<doc>Fails if ``key`` is not found from ``dictionary``.</doc>
<status status="PASS" start="2024-04-25T14:10:58.122190" elapsed="0.000449"/>
</kw>
<kw name="Log" owner="BuiltIn">
<msg time="2024-04-25T14:10:58.123301" level="INFO">{'gender': 'male', 'name': {'title': 'Mr', 'first': 'Brett', 'last': 'Elliott'}, 'location': {'street': {'number': 1373, 'name': 'Washington Ave'}, 'city': 'Columbus', 'state': 'Maine', 'country': 'United States', 'postcode': 51529, 'coordinates': {'latitude': '88.5773', 'longitude': '-8.7258'}, 'timezone': {'offset': '+7:00', 'description': 'Bangkok, Hanoi, Jakarta'}}, 'email': 'brett.elliott@example.com', 'login': {'uuid': '13d2f367-fe2b-4fe6-aa0f-93ea323905af', 'username': 'angrywolf613', 'password': 'myxworld', 'salt': '84jT74y3', 'md5': 'e6059527d52f3e7034eba7bb6b56923d', 'sha1': '62da6df11bfe749d8acf17e45e9bf01641378edc', 'sha256': '7f706b1a8d51f7b8e27a253834018a12b5a4133e986833e31177fe6837e73f2a'}, 'dob': {'date': '1956-03-13T14:03:23.434Z', 'age': 68}, 'registered': {'date': '2020-05-02T05:37:47.629Z', 'age': 3}, 'phone': '(311) 603-6900', 'cell': '(458) 836-3680', 'id': {'name': 'SSN', 'value': '244-40-3547'}, 'picture': {'large': 'https://randomuser.me/api/portraits/men/66.jpg', 'medium': 'https://randomuser.me/api/portraits/med/men/66.jpg', 'thumbnail': 'https://randomuser.me/api/portraits/thumb/men/66.jpg'}, 'nat': 'US'}</msg>
<arg>${json_data['results'][0]}</arg>
<doc>Logs the given message with the given level.</doc>
<status status="PASS" start="2024-04-25T14:10:58.122936" elapsed="0.000411"/>
</kw>
<kw name="Log" owner="BuiltIn">
<msg time="2024-04-25T14:10:58.123763" level="INFO">login</msg>
<arg>${key}</arg>
<doc>Logs the given message with the given level.</doc>
<status status="PASS" start="2024-04-25T14:10:58.123639" elapsed="0.000162"/>
</kw>
<var name="${key}">login</var>
<status status="PASS" start="2024-04-25T14:10:58.122081" elapsed="0.001960"/>
</iter>
<var>${key}</var>
<value>@{expected_keys}</value>
<status status="PASS" start="2024-04-25T14:10:58.113421" elapsed="0.010745"/>
</for>
<kw name="Create List" owner="BuiltIn">
<msg time="2024-04-25T14:10:58.124495" level="INFO">${expected_keysTwo} = ['username', 'password']</msg>
<var>${expected_keysTwo}</var>
<arg>username</arg>
<arg>password</arg>
<doc>Returns a list containing given items.</doc>
<status status="PASS" start="2024-04-25T14:10:58.124359" elapsed="0.000160"/>
</kw>
<for flavor="IN">
<iter>
<kw name="Dictionary Should Contain Key" owner="Collections">
<msg time="2024-04-25T14:10:58.125401" level="INFO">False</msg>
<arg>${json_data['results'][0]['login']}</arg>
<arg>${keyTwo}</arg>
<doc>Fails if ``key`` is not found from ``dictionary``.</doc>
<status status="PASS" start="2024-04-25T14:10:58.125017" elapsed="0.000422"/>
</kw>
<kw name="Dictionary Should Contain Key" owner="Collections">
<msg time="2024-04-25T14:10:58.126113" level="INFO">False</msg>
<arg>${json_data['results'][0]['login']}</arg>
<arg>${keyTwo}</arg>
<doc>Fails if ``key`` is not found from ``dictionary``.</doc>
<status status="PASS" start="2024-04-25T14:10:58.125729" elapsed="0.000422"/>
</kw>
<kw name="Log" owner="BuiltIn">
<msg time="2024-04-25T14:10:58.126604" level="INFO">username</msg>
<arg>${keyTwo}</arg>
<doc>Logs the given message with the given level.</doc>
<status status="PASS" start="2024-04-25T14:10:58.126441" elapsed="0.000208"/>
</kw>
<var name="${keyTwo}">username</var>
<status status="PASS" start="2024-04-25T14:10:58.124907" elapsed="0.002057"/>
</iter>
<iter>
<kw name="Dictionary Should Contain Key" owner="Collections">
<msg time="2024-04-25T14:10:58.127881" level="INFO">False</msg>
<arg>${json_data['results'][0]['login']}</arg>
<arg>${keyTwo}</arg>
<doc>Fails if ``key`` is not found from ``dictionary``.</doc>
<status status="PASS" start="2024-04-25T14:10:58.127388" elapsed="0.000540"/>
</kw>
<kw name="Dictionary Should Contain Key" owner="Collections">
<msg time="2024-04-25T14:10:58.128613" level="INFO">False</msg>
<arg>${json_data['results'][0]['login']}</arg>
<arg>${keyTwo}</arg>
<doc>Fails if ``key`` is not found from ``dictionary``.</doc>
<status status="PASS" start="2024-04-25T14:10:58.128229" elapsed="0.000421"/>
</kw>
<kw name="Log" owner="BuiltIn">
<msg time="2024-04-25T14:10:58.129070" level="INFO">password</msg>
<arg>${keyTwo}</arg>
<doc>Logs the given message with the given level.</doc>
<status status="PASS" start="2024-04-25T14:10:58.128943" elapsed="0.000164"/>
</kw>
<var name="${keyTwo}">password</var>
<status status="PASS" start="2024-04-25T14:10:58.127222" elapsed="0.002101"/>
</iter>
<var>${keyTwo}</var>
<value>@{expected_keysTwo}</value>
<status status="PASS" start="2024-04-25T14:10:58.124753" elapsed="0.004689"/>
</for>
<status status="PASS" start="2024-04-25T14:10:58.012895" elapsed="0.116692"/>
</kw>
<doc>Testa a estrutura da resposta da API.</doc>
<tag>testeEstruturaResposta</tag>
<status status="PASS" start="2024-04-25T14:10:58.012271" elapsed="0.117475"/>
</test>
<test id="s1-s1-t4" name="Validar tipos de dados" line="28">
<kw name="Teste de Tipos de Dados" owner="random-user-service">
<kw name="GET On Session" owner="RequestsLibrary">
<msg time="2024-04-25T14:10:58.225824" level="INFO">GET Request : url=https://randomuser.me/api 
 path_url=/api 
 headers={'User-Agent': 'python-requests/2.31.0', 'Accept-Encoding': 'gzip, deflate', 'Accept': '*/*', 'Connection': 'keep-alive'} 
 body=None 
 </msg>
<msg time="2024-04-25T14:10:58.225918" level="INFO">GET Response : url=https://randomuser.me/api 
 status=200, reason=OK 
 headers={'Date': 'Thu, 25 Apr 2024 14:10:58 GMT', 'Content-Type': 'application/json; charset=utf-8', 'Transfer-Encoding': 'chunked', 'Connection': 'keep-alive', 'X-Powered-By': 'Express', 'Access-Control-Allow-Origin': '*', 'Cache-Control': 'no-cache', 'ETag': 'W/"489-SSZOYr+2lvxOoZ/Y1wMxWXOlp0A"', 'Vary': 'Accept-Encoding', 'Content-Encoding': 'gzip', 'CF-Cache-Status': 'DYNAMIC', 'Report-To': '{"endpoints":[{"url":"https:\\/\\/a.nel.cloudflare.com\\/report\\/v4?s=i67qoDVOV6RAmMT96ZqxI7HBHMovNiL%2FER0vjBh61a2JYwiDXUDL9ELM7EP3SDdfAoQ5xN9SmBViW4StoHicEyb%2FLgquUqTcfPFYWQCQQyuSzbg6UUzKmxeaPHfG3Dn7"}],"group":"cf-nel","max_age":604800}', 'NEL': '{"success_fraction":0,"report_to":"cf-nel","max_age":604800}', 'Server': 'cloudflare', 'CF-RAY': '879eeb6958252368-SJC', 'alt-svc': 'h3=":443"; ma=86400'} 
 body={"results":[{"gender":"male","name":{"title":"Mr","first":"Theodore","last":"Thompson"},"location":{"street":{"number":7458,"name":"Otipua Road"},"city":"Dunedin","state":"Tasman","country":"New Zealand","postcode":15457,"coordinates":{"latitude":"54.3985","longitude":"-23.8624"},"timezone":{"offset":"+1:00","description":"Brussels, Copenhagen, Madrid, Paris"}},"email":"theodore.thompson@example.com","login":{"uuid":"eb7b92c0-d2c9-420e-a5a9-880ff50b2d64","username":"redmeercat562","password":"feet","salt":"ZjXLic4P","md5":"774bd2a3836e330c0963d301bb2251ce","sha1":"d584a411d5249098ce37fe55bb3f96829c74161a","sha256":"0026fb49ee8eff29808c2188eb090683f74b2464df76874f3d5944657ef95ccf"},"dob":{"date":"1973-05-14T04:01:45.736Z","age":50},"registered":{"date":"2002-12-01T15:26:19.947Z","age":21},"phone":"(930)-718-4311","cell":"(814)-589-5626","id":{"name":"","value":null},"picture":{"large":"https://randomuser.me/api/portraits/men/93.jpg","medium":"https://randomuser.me/api/portraits/med/men/93.jpg","thumbnail":"https://randomuser.me/api/portraits/thumb/men/93.jpg"},"nat":"NZ"}],"info":{"seed":"b92b7bb79cbc70fe","results":1,"page":1,"version":"1.4"}} 
 </msg>
<msg time="2024-04-25T14:10:58.225987" level="INFO">/opt/hostedtoolcache/Python/3.12.3/x64/lib/python3.12/site-packages/urllib3/connectionpool.py:1103: InsecureRequestWarning: Unverified HTTPS request is being made to host 'randomuser.me'. Adding certificate verification is strongly advised. See: https://urllib3.readthedocs.io/en/latest/advanced-usage.html#tls-warnings
  warnings.warn(</msg>
<msg time="2024-04-25T14:10:58.226120" level="INFO">${response} = &lt;Response [200]&gt;</msg>
<var>${response}</var>
<arg>consultarAPI</arg>
<arg>/api</arg>
<doc>Sends a GET request on a previously created HTTP Session.</doc>
<status status="PASS" start="2024-04-25T14:10:58.132395" elapsed="0.093764"/>
</kw>
<kw name="Set Variable" owner="BuiltIn">
<msg time="2024-04-25T14:10:58.227362" level="INFO">${json_data} = {'results': [{'gender': 'male', 'name': {'title': 'Mr', 'first': 'Theodore', 'last': 'Thompson'}, 'location': {'street': {'number': 7458, 'name': 'Otipua Road'}, 'city': 'Dunedin', 'state': 'Tasman', ...</msg>
<var>${json_data}</var>
<arg>${response.json()}</arg>
<doc>Returns the given values which can then be assigned to a variables.</doc>
<status status="PASS" start="2024-04-25T14:10:58.226791" elapsed="0.000602"/>
</kw>
<kw name="Log" owner="BuiltIn">
<msg time="2024-04-25T14:10:58.227915" level="INFO">{'results': [{'gender': 'male', 'name': {'title': 'Mr', 'first': 'Theodore', 'last': 'Thompson'}, 'location': {'street': {'number': 7458, 'name': 'Otipua Road'}, 'city': 'Dunedin', 'state': 'Tasman', 'country': 'New Zealand', 'postcode': 15457, 'coordinates': {'latitude': '54.3985', 'longitude': '-23.8624'}, 'timezone': {'offset': '+1:00', 'description': 'Brussels, Copenhagen, Madrid, Paris'}}, 'email': 'theodore.thompson@example.com', 'login': {'uuid': 'eb7b92c0-d2c9-420e-a5a9-880ff50b2d64', 'username': 'redmeercat562', 'password': 'feet', 'salt': 'ZjXLic4P', 'md5': '774bd2a3836e330c0963d301bb2251ce', 'sha1': 'd584a411d5249098ce37fe55bb3f96829c74161a', 'sha256': '0026fb49ee8eff29808c2188eb090683f74b2464df76874f3d5944657ef95ccf'}, 'dob': {'date': '1973-05-14T04:01:45.736Z', 'age': 50}, 'registered': {'date': '2002-12-01T15:26:19.947Z', 'age': 21}, 'phone': '(930)-718-4311', 'cell': '(814)-589-5626', 'id': {'name': '', 'value': None}, 'picture': {'large': 'https://randomuser.me/api/portraits/men/93.jpg', 'medium': 'https://randomuser.me/api/portraits/med/men/93.jpg', 'thumbnail': 'https://randomuser.me/api/portraits/thumb/men/93.jpg'}, 'nat': 'NZ'}], 'info': {'seed': 'b92b7bb79cbc70fe', 'results': 1, 'page': 1, 'version': '1.4'}}</msg>
<arg>${json_data}</arg>
<doc>Logs the given message with the given level.</doc>
<status status="PASS" start="2024-04-25T14:10:58.227748" elapsed="0.000258"/>
</kw>
<kw name="Should Be String" owner="String">
<arg>${json_data['results'][0]['gender']}</arg>
<doc>Fails if the given ``item`` is not a string.</doc>
<status status="PASS" start="2024-04-25T14:10:58.228333" elapsed="0.000378"/>
</kw>
<kw name="Should Match Regexp" owner="BuiltIn">
<arg>${json_data['results'][0]['email']}</arg>
<arg>^[a-zA-Z0-9._%+-]+@[a-zA-Z0-9.-]+\.[a-zA-Z]{2,}$</arg>
<doc>Fails if ``string`` does not match ``pattern`` as a regular expression.</doc>
<status status="PASS" start="2024-04-25T14:10:58.228908" elapsed="0.000532"/>
</kw>
<kw name="Should Match Regexp" owner="BuiltIn">
<arg>${json_data['results'][0]['dob']['date']}</arg>
<arg>\\d{4}-\\d{2}-\\d{2}T\\d{2}:\\d{2}:\\d{2}\\.\\d{3}Z</arg>
<doc>Fails if ``string`` does not match ``pattern`` as a regular expression.</doc>
<status status="PASS" start="2024-04-25T14:10:58.229638" elapsed="0.000494"/>
</kw>
<kw name="Should Match Regexp" owner="BuiltIn">
<arg>${json_data['results'][0]['registered']['date']}</arg>
<arg>\\d{4}-\\d{2}-\\d{2}T\\d{2}:\\d{2}:\\d{2}\\.\\d{3}Z</arg>
<doc>Fails if ``string`` does not match ``pattern`` as a regular expression.</doc>
<status status="PASS" start="2024-04-25T14:10:58.230324" elapsed="0.000415"/>
</kw>
<kw name="Should Match Regexp" owner="BuiltIn">
<arg>${json_data['results'][0]['picture']['large']}</arg>
<arg>^https?://.*\.(?:png|jpe?g|gif|bmp)$</arg>
<doc>Fails if ``string`` does not match ``pattern`` as a regular expression.</doc>
<status status="PASS" start="2024-04-25T14:10:58.230930" elapsed="0.000469"/>
</kw>
<kw name="Should Match Regexp" owner="BuiltIn">
<arg>${json_data['results'][0]['picture']['medium']}</arg>
<arg>^https?://.*\.(?:png|jpe?g|gif|bmp)$</arg>
<doc>Fails if ``string`` does not match ``pattern`` as a regular expression.</doc>
<status status="PASS" start="2024-04-25T14:10:58.231588" elapsed="0.000366"/>
</kw>
<kw name="Should Match Regexp" owner="BuiltIn">
<arg>${json_data['results'][0]['picture']['thumbnail']}</arg>
<arg>^https?://.*\.(?:png|jpe?g|gif|bmp)$</arg>
<doc>Fails if ``string`` does not match ``pattern`` as a regular expression.</doc>
<status status="PASS" start="2024-04-25T14:10:58.232143" elapsed="0.000349"/>
</kw>
<kw name="Log" owner="BuiltIn">
<msg time="2024-04-25T14:10:58.233000" level="INFO">{'large': 'https://randomuser.me/api/portraits/men/93.jpg', 'medium': 'https://randomuser.me/api/portraits/med/men/93.jpg', 'thumbnail': 'https://randomuser.me/api/portraits/thumb/men/93.jpg'}</msg>
<arg>${json_data['results'][0]['picture']}</arg>
<doc>Logs the given message with the given level.</doc>
<status status="PASS" start="2024-04-25T14:10:58.232675" elapsed="0.000367"/>
</kw>
<status status="PASS" start="2024-04-25T14:10:58.132164" elapsed="0.101143"/>
</kw>
<kw name="Teste de Tipos de Dados - Postcode" owner="random-user-service">
<kw name="GET On Session" owner="RequestsLibrary">
<msg time="2024-04-25T14:10:58.331260" level="INFO">GET Request : url=https://randomuser.me/api 
 path_url=/api 
 headers={'User-Agent': 'python-requests/2.31.0', 'Accept-Encoding': 'gzip, deflate', 'Accept': '*/*', 'Connection': 'keep-alive'} 
 body=None 
 </msg>
<msg time="2024-04-25T14:10:58.331353" level="INFO">GET Response : url=https://randomuser.me/api 
 status=200, reason=OK 
 headers={'Date': 'Thu, 25 Apr 2024 14:10:58 GMT', 'Content-Type': 'application/json; charset=utf-8', 'Transfer-Encoding': 'chunked', 'Connection': 'keep-alive', 'X-Powered-By': 'Express', 'Access-Control-Allow-Origin': '*', 'Cache-Control': 'no-cache', 'ETag': 'W/"4b1-HffHi4EB3y/g8t/HRxXEYI/wf3s"', 'Vary': 'Accept-Encoding', 'Content-Encoding': 'gzip', 'CF-Cache-Status': 'DYNAMIC', 'Report-To': '{"endpoints":[{"url":"https:\\/\\/a.nel.cloudflare.com\\/report\\/v4?s=SZoAJTkuFqCQz2DRTmr3m0ZrijPC4kIL24LGMB3ZB9O3KzlrZGWlkOE69V3s%2BVOFWpdIPAVMCw2%2B1zqx%2BnsFqwga3nh3Y0PzXvRemYNLpbtwILV%2BP8jI79QJ55RPdhI7"}],"group":"cf-nel","max_age":604800}', 'NEL': '{"success_fraction":0,"report_to":"cf-nel","max_age":604800}', 'Server': 'cloudflare', 'CF-RAY': '879eeb69f8ee2368-SJC', 'alt-svc': 'h3=":443"; ma=86400'} 
 body={"results":[{"gender":"female","name":{"title":"Miss","first":"Carolina","last":"Noriega"},"location":{"street":{"number":6974,"name":"Retorno Chihuahua"},"city":"Huehuetlán El Chico","state":"Nuevo Leon","country":"Mexico","postcode":45547,"coordinates":{"latitude":"23.7674","longitude":"107.6532"},"timezone":{"offset":"+5:30","description":"Bombay, Calcutta, Madras, New Delhi"}},"email":"carolina.noriega@example.com","login":{"uuid":"391bbe59-6d04-4989-aaa7-2593037c57b0","username":"heavycat434","password":"peabody","salt":"ZaqLFKMM","md5":"4f766f0121e64686bac967612ff28934","sha1":"fcd5a3c1012ae2a77e52efc1b62acb303df7c335","sha256":"510da64f01639d1adc1d7aeca0e436ded6ab151320953a96d4c4ba655c52c41b"},"dob":{"date":"1977-08-31T12:05:30.466Z","age":46},"registered":{"date":"2006-04-12T07:22:35.543Z","age":18},"phone":"(614) 734 7081","cell":"(653) 519 1016","id":{"name":"NSS","value":"52 40 67 9093 2"},"picture":{"large":"https://randomuser.me/api/portraits/women/1.jpg","medium":"https://randomuser.me/api/portraits/med/women/1.jpg","thumbnail":"https://randomuser.me/api/portraits/thumb/women/1.jpg"},"nat":"MX"}],"info":{"seed":"1369ca893898fcb0","results":1,"page":1,"version":"1.4"}} 
 </msg>
<msg time="2024-04-25T14:10:58.331423" level="INFO">/opt/hostedtoolcache/Python/3.12.3/x64/lib/python3.12/site-packages/urllib3/connectionpool.py:1103: InsecureRequestWarning: Unverified HTTPS request is being made to host 'randomuser.me'. Adding certificate verification is strongly advised. See: https://urllib3.readthedocs.io/en/latest/advanced-usage.html#tls-warnings
  warnings.warn(</msg>
<msg time="2024-04-25T14:10:58.331542" level="INFO">${response} = &lt;Response [200]&gt;</msg>
<var>${response}</var>
<arg>consultarAPI</arg>
<arg>/api</arg>
<doc>Sends a GET request on a previously created HTTP Session.</doc>
<status status="PASS" start="2024-04-25T14:10:58.233781" elapsed="0.097800"/>
</kw>
<kw name="Set Variable" owner="BuiltIn">
<msg time="2024-04-25T14:10:58.332780" level="INFO">${json_data} = {'results': [{'gender': 'female', 'name': {'title': 'Miss', 'first': 'Carolina', 'last': 'Noriega'}, 'location': {'street': {'number': 6974, 'name': 'Retorno Chihuahua'}, 'city': 'Huehuetlán El Chico'...</msg>
<var>${json_data}</var>
<arg>${response.json()}</arg>
<doc>Returns the given values which can then be assigned to a variables.</doc>
<status status="PASS" start="2024-04-25T14:10:58.332192" elapsed="0.000617"/>
</kw>
<kw name="Log" owner="BuiltIn">
<msg time="2024-04-25T14:10:58.333283" level="INFO">{'results': [{'gender': 'female', 'name': {'title': 'Miss', 'first': 'Carolina', 'last': 'Noriega'}, 'location': {'street': {'number': 6974, 'name': 'Retorno Chihuahua'}, 'city': 'Huehuetlán El Chico', 'state': 'Nuevo Leon', 'country': 'Mexico', 'postcode': 45547, 'coordinates': {'latitude': '23.7674', 'longitude': '107.6532'}, 'timezone': {'offset': '+5:30', 'description': 'Bombay, Calcutta, Madras, New Delhi'}}, 'email': 'carolina.noriega@example.com', 'login': {'uuid': '391bbe59-6d04-4989-aaa7-2593037c57b0', 'username': 'heavycat434', 'password': 'peabody', 'salt': 'ZaqLFKMM', 'md5': '4f766f0121e64686bac967612ff28934', 'sha1': 'fcd5a3c1012ae2a77e52efc1b62acb303df7c335', 'sha256': '510da64f01639d1adc1d7aeca0e436ded6ab151320953a96d4c4ba655c52c41b'}, 'dob': {'date': '1977-08-31T12:05:30.466Z', 'age': 46}, 'registered': {'date': '2006-04-12T07:22:35.543Z', 'age': 18}, 'phone': '(614) 734 7081', 'cell': '(653) 519 1016', 'id': {'name': 'NSS', 'value': '52 40 67 9093 2'}, 'picture': {'large': 'https://randomuser.me/api/portraits/women/1.jpg', 'medium': 'https://randomuser.me/api/portraits/med/women/1.jpg', 'thumbnail': 'https://randomuser.me/api/portraits/thumb/women/1.jpg'}, 'nat': 'MX'}], 'info': {'seed': '1369ca893898fcb0', 'results': 1, 'page': 1, 'version': '1.4'}}</msg>
<arg>${json_data}</arg>
<doc>Logs the given message with the given level.</doc>
<status status="PASS" start="2024-04-25T14:10:58.333123" elapsed="0.000247"/>
</kw>
<kw name="Should Be Equal As Numbers" owner="BuiltIn">
<arg>${json_data['results'][0]['location']['postcode']}</arg>
<arg>${json_data['results'][0]['location']['postcode']}</arg>
<doc>Fails if objects are unequal after converting them to real numbers.</doc>
<status status="PASS" start="2024-04-25T14:10:58.333844" elapsed="0.000621"/>
</kw>
<kw name="Log" owner="BuiltIn">
<msg time="2024-04-25T14:10:58.335063" level="INFO">45547</msg>
<arg>${json_data['results'][0]['location']['postcode']}</arg>
<doc>Logs the given message with the given level.</doc>
<status status="PASS" start="2024-04-25T14:10:58.334710" elapsed="0.000394"/>
</kw>
<status status="PASS" start="2024-04-25T14:10:58.233538" elapsed="0.101821"/>
</kw>
<doc>Testa se os tipos de dados na resposta da API estão corretos.</doc>
<tag>testeTiposDados</tag>
<status status="PASS" start="2024-04-25T14:10:58.131612" elapsed="0.203911"/>
</test>
<test id="s1-s1-t5" name="Validar conteudo" line="35">
<kw name="Teste de Tipos de Conteudo" owner="random-user-service">
<kw name="GET On Session" owner="RequestsLibrary">
<msg time="2024-04-25T14:10:58.429379" level="INFO">GET Request : url=https://randomuser.me/api 
 path_url=/api 
 headers={'User-Agent': 'python-requests/2.31.0', 'Accept-Encoding': 'gzip, deflate', 'Accept': '*/*', 'Connection': 'keep-alive'} 
 body=None 
 </msg>
<msg time="2024-04-25T14:10:58.429489" level="INFO">GET Response : url=https://randomuser.me/api 
 status=200, reason=OK 
 headers={'Date': 'Thu, 25 Apr 2024 14:10:58 GMT', 'Content-Type': 'application/json; charset=utf-8', 'Transfer-Encoding': 'chunked', 'Connection': 'keep-alive', 'X-Powered-By': 'Express', 'Access-Control-Allow-Origin': '*', 'Cache-Control': 'no-cache', 'ETag': 'W/"484-7iI1Ont5OBn/R9P57QYNh57ExnE"', 'Vary': 'Accept-Encoding', 'Content-Encoding': 'gzip', 'CF-Cache-Status': 'DYNAMIC', 'Report-To': '{"endpoints":[{"url":"https:\\/\\/a.nel.cloudflare.com\\/report\\/v4?s=hXvj1hs5%2FCol%2B85ZhIeB6PDFdozGNYIOJw%2Fz1xRBp%2F%2B5vrm8lNoTpSfvKtbj81Nyp5a2NzmQRu2RquFf7CVuWpAgUW0dOvucdWK5jebQAKqpgNtcvOa4UBC7GgMTvCUN"}],"group":"cf-nel","max_age":604800}', 'NEL': '{"success_fraction":0,"report_to":"cf-nel","max_age":604800}', 'Server': 'cloudflare', 'CF-RAY': '879eeb6aa99d2368-SJC', 'alt-svc': 'h3=":443"; ma=86400'} 
 body={"results":[{"gender":"male","name":{"title":"Mr","first":"Justin","last":"Addy"},"location":{"street":{"number":8985,"name":"York St"},"city":"Sidney","state":"Nova Scotia","country":"Canada","postcode":"M8X 8X4","coordinates":{"latitude":"-72.7003","longitude":"-155.4470"},"timezone":{"offset":"-3:00","description":"Brazil, Buenos Aires, Georgetown"}},"email":"justin.addy@example.com","login":{"uuid":"705efc8a-e3a8-4e2a-8da4-fce68919b03a","username":"purplefish983","password":"springer","salt":"5nPH6lOq","md5":"89da1bf3fb517896b01e22e6bdc4742a","sha1":"b0fc206aa85702fe249873cd6b66d57cc6c19e57","sha256":"f6118fe76b36d1f4d92df88fe86abd4adbe7a25479da09917a3996dfd784354a"},"dob":{"date":"1988-11-10T20:03:58.704Z","age":35},"registered":{"date":"2020-03-13T12:16:44.355Z","age":4},"phone":"N50 P70-2669","cell":"T23 O44-6793","id":{"name":"SIN","value":"317806768"},"picture":{"large":"https://randomuser.me/api/portraits/men/40.jpg","medium":"https://randomuser.me/api/portraits/med/men/40.jpg","thumbnail":"https://randomuser.me/api/portraits/thumb/men/40.jpg"},"nat":"CA"}],"info":{"seed":"48953c8b52cd3c3e","results":1,"page":1,"version":"1.4"}} 
 </msg>
<msg time="2024-04-25T14:10:58.429571" level="INFO">/opt/hostedtoolcache/Python/3.12.3/x64/lib/python3.12/site-packages/urllib3/connectionpool.py:1103: InsecureRequestWarning: Unverified HTTPS request is being made to host 'randomuser.me'. Adding certificate verification is strongly advised. See: https://urllib3.readthedocs.io/en/latest/advanced-usage.html#tls-warnings
  warnings.warn(</msg>
<msg time="2024-04-25T14:10:58.429704" level="INFO">${response} = &lt;Response [200]&gt;</msg>
<var>${response}</var>
<arg>consultarAPI</arg>
<arg>/api</arg>
<doc>Sends a GET request on a previously created HTTP Session.</doc>
<status status="PASS" start="2024-04-25T14:10:58.338067" elapsed="0.091684"/>
</kw>
<kw name="Set Variable" owner="BuiltIn">
<msg time="2024-04-25T14:10:58.430814" level="INFO">${json_data} = {'results': [{'gender': 'male', 'name': {'title': 'Mr', 'first': 'Justin', 'last': 'Addy'}, 'location': {'street': {'number': 8985, 'name': 'York St'}, 'city': 'Sidney', 'state': 'Nova Scotia', 'count...</msg>
<var>${json_data}</var>
<arg>${response.json()}</arg>
<doc>Returns the given values which can then be assigned to a variables.</doc>
<status status="PASS" start="2024-04-25T14:10:58.430283" elapsed="0.000560"/>
</kw>
<kw name="Set Variable" owner="BuiltIn">
<msg time="2024-04-25T14:10:58.431545" level="INFO">${name_title} = Mr</msg>
<var>${name_title}</var>
<arg>${json_data["results"][0]["name"]["title"]}</arg>
<doc>Returns the given values which can then be assigned to a variables.</doc>
<status status="PASS" start="2024-04-25T14:10:58.431150" elapsed="0.000420"/>
</kw>
<kw name="Create List" owner="BuiltIn">
<msg time="2024-04-25T14:10:58.432018" level="INFO">${allowed_titles} = ['Mr', 'Ms', 'Miss', 'Mrs', 'Madame', 'Monsieur']</msg>
<var>${allowed_titles}</var>
<arg>Mr</arg>
<arg>Ms</arg>
<arg>Miss</arg>
<arg>Mrs</arg>
<arg>Madame</arg>
<arg>Monsieur</arg>
<doc>Returns a list containing given items.</doc>
<status status="PASS" start="2024-04-25T14:10:58.431871" elapsed="0.000171"/>
</kw>
<kw name="List Should Contain Value" owner="Collections">
<msg time="2024-04-25T14:10:58.432509" level="INFO">False</msg>
<arg>${allowed_titles}</arg>
<arg>${name_title}</arg>
<doc>Fails if the ``value`` is not found from ``list``.</doc>
<status status="PASS" start="2024-04-25T14:10:58.432336" elapsed="0.000210"/>
</kw>
<kw name="Set Variable" owner="BuiltIn">
<msg time="2024-04-25T14:10:58.433211" level="INFO">${name_country} = CA</msg>
<var>${name_country}</var>
<arg>${json_data["results"][0]["nat"]}</arg>
<doc>Returns the given values which can then be assigned to a variables.</doc>
<status status="PASS" start="2024-04-25T14:10:58.432828" elapsed="0.000408"/>
</kw>
<kw name="Create List" owner="BuiltIn">
<msg time="2024-04-25T14:10:58.434113" level="INFO">${list_country} = ['AD', 'AE', 'AF', 'AG', 'AI', 'AL', 'AM', 'AO', 'AQ', 'AR', 'AS', 'AT', 'AU', 'AW', 'AX', 'AZ', 'BA', 'BB', 'BD', 'BE', 'BF', 'BG', 'BH', 'BI', 'BJ', 'BL', 'BM', 'BN', 'BO', 'BQ', 'BR', 'BS', 'BT', '...</msg>
<var>${list_country}</var>
<arg>AD</arg>
<arg>AE</arg>
<arg>AF</arg>
<arg>AG</arg>
<arg>AI</arg>
<arg>AL</arg>
<arg>AM</arg>
<arg>AO</arg>
<arg>AQ</arg>
<arg>AR</arg>
<arg>AS</arg>
<arg>AT</arg>
<arg>AU</arg>
<arg>AW</arg>
<arg>AX</arg>
<arg>AZ</arg>
<arg>BA</arg>
<arg>BB</arg>
<arg>BD</arg>
<arg>BE</arg>
<arg>BF</arg>
<arg>BG</arg>
<arg>BH</arg>
<arg>BI</arg>
<arg>BJ</arg>
<arg>BL</arg>
<arg>BM</arg>
<arg>BN</arg>
<arg>BO</arg>
<arg>BQ</arg>
<arg>BR</arg>
<arg>BS</arg>
<arg>BT</arg>
<arg>BV</arg>
<arg>BW</arg>
<arg>BY</arg>
<arg>BZ</arg>
<arg>CA</arg>
<arg>CC</arg>
<arg>CD</arg>
<arg>CF</arg>
<arg>CG</arg>
<arg>CH</arg>
<arg>CI</arg>
<arg>CK</arg>
<arg>CL</arg>
<arg>CM</arg>
<arg>CN</arg>
<arg>CO</arg>
<arg>CR</arg>
<arg>CU</arg>
<arg>CV</arg>
<arg>CW</arg>
<arg>CX</arg>
<arg>CY</arg>
<arg>CZ</arg>
<arg>DE</arg>
<arg>DJ</arg>
<arg>DK</arg>
<arg>DM</arg>
<arg>DO</arg>
<arg>DZ</arg>
<arg>EC</arg>
<arg>EE</arg>
<arg>EG</arg>
<arg>EH</arg>
<arg>ER</arg>
<arg>ES</arg>
<arg>ET</arg>
<arg>FI</arg>
<arg>FJ</arg>
<arg>FK</arg>
<arg>FM</arg>
<arg>FO</arg>
<arg>FR</arg>
<arg>GA</arg>
<arg>GB</arg>
<arg>GD</arg>
<arg>GE</arg>
<arg>GF</arg>
<arg>GG</arg>
<arg>GH</arg>
<arg>GI</arg>
<arg>GL</arg>
<arg>GM</arg>
<arg>GN</arg>
<arg>GP</arg>
<arg>GQ</arg>
<arg>GR</arg>
<arg>GS</arg>
<arg>GT</arg>
<arg>GU</arg>
<arg>GW</arg>
<arg>GY</arg>
<arg>HK</arg>
<arg>HM</arg>
<arg>HN</arg>
<arg>HR</arg>
<arg>HT</arg>
<arg>HU</arg>
<arg>ID</arg>
<arg>IE</arg>
<arg>IL</arg>
<arg>IM</arg>
<arg>IN</arg>
<arg>IO</arg>
<arg>IQ</arg>
<arg>IR</arg>
<arg>IS</arg>
<arg>IT</arg>
<arg>JE</arg>
<arg>JM</arg>
<arg>JO</arg>
<arg>JP</arg>
<arg>KE</arg>
<arg>KG</arg>
<arg>KH</arg>
<arg>KI</arg>
<arg>KM</arg>
<arg>KN</arg>
<arg>KP</arg>
<arg>KR</arg>
<arg>KW</arg>
<arg>KY</arg>
<arg>KZ</arg>
<arg>LA</arg>
<arg>LB</arg>
<arg>LC</arg>
<arg>LI</arg>
<arg>LK</arg>
<arg>LR</arg>
<arg>LS</arg>
<arg>LT</arg>
<arg>LU</arg>
<arg>LV</arg>
<arg>LY</arg>
<arg>MA</arg>
<arg>MC</arg>
<arg>MD</arg>
<arg>ME</arg>
<arg>MF</arg>
<arg>MG</arg>
<arg>MH</arg>
<arg>MK</arg>
<arg>ML</arg>
<arg>MM</arg>
<arg>MN</arg>
<arg>MO</arg>
<arg>MP</arg>
<arg>MQ</arg>
<arg>MR</arg>
<arg>MS</arg>
<arg>MT</arg>
<arg>MU</arg>
<arg>MV</arg>
<arg>MW</arg>
<arg>MX</arg>
<arg>MY</arg>
<arg>MZ</arg>
<arg>NA</arg>
<arg>NC</arg>
<arg>NE</arg>
<arg>NF</arg>
<arg>NG</arg>
<arg>NI</arg>
<arg>NL</arg>
<arg>NO</arg>
<arg>NP</arg>
<arg>NR</arg>
<arg>NU</arg>
<arg>NZ</arg>
<arg>OM</arg>
<arg>PA</arg>
<arg>PE</arg>
<arg>PF</arg>
<arg>PG</arg>
<arg>PH</arg>
<arg>PK</arg>
<arg>PL</arg>
<arg>PM</arg>
<arg>PN</arg>
<arg>PR</arg>
<arg>PS</arg>
<arg>PT</arg>
<arg>PW</arg>
<arg>PY</arg>
<arg>QA</arg>
<arg>RE</arg>
<arg>RO</arg>
<arg>RS</arg>
<arg>RU</arg>
<arg>RW</arg>
<arg>SA</arg>
<arg>SB</arg>
<arg>SC</arg>
<arg>SD</arg>
<arg>SE</arg>
<arg>SG</arg>
<arg>SH</arg>
<arg>SI</arg>
<arg>SJ</arg>
<arg>SK</arg>
<arg>SL</arg>
<arg>SM</arg>
<arg>SN</arg>
<arg>SO</arg>
<arg>SR</arg>
<arg>SS</arg>
<arg>ST</arg>
<arg>SV</arg>
<arg>SX</arg>
<arg>SY</arg>
<arg>SZ</arg>
<arg>TC</arg>
<arg>TD</arg>
<arg>TF</arg>
<arg>TG</arg>
<arg>TH</arg>
<arg>TJ</arg>
<arg>TK</arg>
<arg>TL</arg>
<arg>TM</arg>
<arg>TN</arg>
<arg>TO</arg>
<arg>TR</arg>
<arg>TT</arg>
<arg>TV</arg>
<arg>TW</arg>
<arg>TZ</arg>
<arg>UA</arg>
<arg>UG</arg>
<arg>UM</arg>
<arg>US</arg>
<arg>UY</arg>
<arg>UZ</arg>
<arg>VA</arg>
<arg>VC</arg>
<arg>VE</arg>
<arg>VG</arg>
<arg>VI</arg>
<arg>VN</arg>
<arg>VU</arg>
<arg>WF</arg>
<arg>WS</arg>
<arg>XK</arg>
<arg>YE</arg>
<arg>YT</arg>
<arg>ZA</arg>
<arg>ZM</arg>
<arg>ZW</arg>
<doc>Returns a list containing given items.</doc>
<status status="PASS" start="2024-04-25T14:10:58.433530" elapsed="0.000609"/>
</kw>
<kw name="List Should Contain Value" owner="Collections">
<msg time="2024-04-25T14:10:58.435156" level="INFO">False</msg>
<arg>${list_country}</arg>
<arg>${name_country}</arg>
<doc>Fails if the ``value`` is not found from ``list``.</doc>
<status status="PASS" start="2024-04-25T14:10:58.434956" elapsed="0.000238"/>
</kw>
<kw name="Run Keyword If" owner="BuiltIn">
<kw name="Should Be True" owner="BuiltIn">
<arg>${True}</arg>
<doc>Fails if the given condition is not true.</doc>
<status status="PASS" start="2024-04-25T14:10:58.436266" elapsed="0.000260"/>
</kw>
<arg>${json_data["results"][0]["location"]["coordinates"]["latitude"]} &gt;= -90 and ${json_data["results"][0]["location"]["coordinates"]["latitude"]} &lt;= 90</arg>
<arg>Should Be True</arg>
<arg>${True}</arg>
<doc>Runs the given keyword with the given arguments, if ``condition`` is true.</doc>
<status status="PASS" start="2024-04-25T14:10:58.435505" elapsed="0.001153"/>
</kw>
<kw name="Run Keyword If" owner="BuiltIn">
<kw name="Should Be True" owner="BuiltIn">
<arg>${True}</arg>
<doc>Fails if the given condition is not true.</doc>
<status status="PASS" start="2024-04-25T14:10:58.437546" elapsed="0.000134"/>
</kw>
<arg>${json_data["results"][0]["location"]["coordinates"]["longitude"]} &gt;= -180 and ${json_data["results"][0]["location"]["coordinates"]["longitude"]} &lt;= 180</arg>
<arg>Should Be True</arg>
<arg>${True}</arg>
<doc>Runs the given keyword with the given arguments, if ``condition`` is true.</doc>
<status status="PASS" start="2024-04-25T14:10:58.436849" elapsed="0.000952"/>
</kw>
<status status="PASS" start="2024-04-25T14:10:58.337841" elapsed="0.100091"/>
</kw>
<doc>Testa o conteúdo específico dos campos retornados pela API.</doc>
<tag>testeConteudo</tag>
<status status="PASS" start="2024-04-25T14:10:58.337290" elapsed="0.100791"/>
</test>
<status status="PASS" start="2024-04-25T14:10:57.433217" elapsed="1.006852"/>
</suite>
<status status="PASS" start="2024-04-25T14:10:57.419484" elapsed="1.025709"/>
</suite>
<statistics>
<total>
<stat pass="5" fail="0" skip="0">All Tests</stat>
</total>
<tag>
<stat pass="1" fail="0" skip="0">testeConteudo</stat>
<stat pass="1" fail="0" skip="0">testeEstruturaResposta</stat>
<stat pass="1" fail="0" skip="0">testeRequisicaoBasica</stat>
<stat pass="1" fail="0" skip="0">testeTiposDados</stat>
</tag>
<suite>
<stat pass="5" fail="0" skip="0" id="s1" name="Tests">Tests</stat>
<stat pass="5" fail="0" skip="0" id="s1-s1" name="Random-User-Test">Tests.Random-User-Test</stat>
</suite>
</statistics>
<errors>
</errors>
</robot>
