<?xml version="1.0" encoding="UTF-8"?>
<robot generator="Robot 7.0 (Python 3.12.3 on linux)" generated="2024-05-25T23:17:38.198705" rpa="false" schemaversion="5">
<suite id="s1" name="Tests" source="/home/runner/work/ApiRandomUser/ApiRandomUser/RamdonUser/tests">
<suite id="s1-s1" name="Random-User-Test" source="/home/runner/work/ApiRandomUser/ApiRandomUser/RamdonUser/tests/random-user-test.robot">
<test id="s1-s1-t1" name="Conectar" line="13">
<kw name="Conectar API" owner="random-user-service">
<kw name="Create Session" owner="RequestsLibrary">
<msg time="2024-05-25T23:17:38.672816" level="INFO">Creating Session using : alias=consultarAPI, url=https://randomuser.me/, headers={},                     cookies={}, auth=None, timeout=None, proxies=None, verify=False,                     debug=0 </msg>
<arg>consultarAPI</arg>
<arg>${URL}</arg>
<doc>Create Session: create a HTTP session to a server</doc>
<status status="PASS" start="2024-05-25T23:17:38.672606" elapsed="0.000406"/>
</kw>
<status status="PASS" start="2024-05-25T23:17:38.671512" elapsed="0.001904"/>
</kw>
<status status="PASS" start="2024-05-25T23:17:38.670918" elapsed="0.002697"/>
</test>
<test id="s1-s1-t2" name="Validar retorno 200 e JSON Válido" line="16">
<kw name="Teste de Requisicao Basica" owner="random-user-service">
<kw name="GET On Session" owner="RequestsLibrary">
<msg time="2024-05-25T23:17:38.748481" level="INFO">GET Request : url=https://randomuser.me/api 
 path_url=/api 
 headers={'User-Agent': 'python-requests/2.32.2', 'Accept-Encoding': 'gzip, deflate', 'Accept': '*/*', 'Connection': 'keep-alive'} 
 body=None 
 </msg>
<msg time="2024-05-25T23:17:38.748651" level="INFO">GET Response : url=https://randomuser.me/api 
 status=200, reason=OK 
 headers={'Date': 'Sat, 25 May 2024 23:17:38 GMT', 'Content-Type': 'application/json; charset=utf-8', 'Transfer-Encoding': 'chunked', 'Connection': 'keep-alive', 'X-Powered-By': 'Express', 'Access-Control-Allow-Origin': '*', 'Cache-Control': 'no-cache', 'ETag': 'W/"4b5-2WfJs3sInI53iBpdvzzISNvPQIs"', 'Vary': 'Accept-Encoding', 'Content-Encoding': 'gzip', 'CF-Cache-Status': 'DYNAMIC', 'Report-To': '{"endpoints":[{"url":"https:\\/\\/a.nel.cloudflare.com\\/report\\/v4?s=TdLf9vTqTtrKPR5IDywAbUQ%2FZDYNlKsIHclgnp295rW41Y8Z1MUsv4mxrKiRwpgh%2FD9gDLFd%2FwRYPGgBhpK0xn8iex4XuARUxLwpT2%2F6JEysWeUSQctUaX%2Bo0gW%2BPcFS"}],"group":"cf-nel","max_age":604800}', 'NEL': '{"success_fraction":0,"report_to":"cf-nel","max_age":604800}', 'Server': 'cloudflare', 'CF-RAY': '88993d74e98d6345-ORD', 'alt-svc': 'h3=":443"; ma=86400'} 
 body={"results":[{"gender":"female","name":{"title":"Miss","first":"Caterina","last":"Michel"},"location":{"street":{"number":9116,"name":"Tannenweg"},"city":"Waldmünchen","state":"Nordrhein-Westfalen","country":"Germany","postcode":64038,"coordinates":{"latitude":"-52.9281","longitude":"160.7041"},"timezone":{"offset":"-5:00","description":"Eastern Time (US &amp; Canada), Bogota, Lima"}},"email":"caterina.michel@example.com","login":{"uuid":"2903eee9-9d74-4dd7-9e86-17698ef21d8e","username":"happybutterfly513","password":"kentucky","salt":"YEqZ1Bh3","md5":"551f04e24796643c305342d34e55fbef","sha1":"1aec69db461d6feec93b92decbdab9d5b03dab65","sha256":"ddd192875eae7ee4b00dc6ca7c2fe16d0f2ef5a2442355b6dc3015d37179744d"},"dob":{"date":"1968-11-16T02:14:21.831Z","age":55},"registered":{"date":"2014-07-27T01:23:59.664Z","age":9},"phone":"0891-0858876","cell":"0171-7658945","id":{"name":"SVNR","value":"69 151168 M 731"},"picture":{"large":"https://randomuser.me/api/portraits/women/51.jpg","medium":"https://randomuser.me/api/portraits/med/women/51.jpg","thumbnail":"https://randomuser.me/api/portraits/thumb/women/51.jpg"},"nat":"DE"}],"info":{"seed":"688c43cbfe31ae01","results":1,"page":1,"version":"1.4"}} 
 </msg>
<msg time="2024-05-25T23:17:38.748758" level="INFO">/opt/hostedtoolcache/Python/3.12.3/x64/lib/python3.12/site-packages/urllib3/connectionpool.py:1103: InsecureRequestWarning: Unverified HTTPS request is being made to host 'randomuser.me'. Adding certificate verification is strongly advised. See: https://urllib3.readthedocs.io/en/latest/advanced-usage.html#tls-warnings
  warnings.warn(</msg>
<msg time="2024-05-25T23:17:38.748905" level="INFO">${response} = &lt;Response [200]&gt;</msg>
<var>${response}</var>
<arg>consultarAPI</arg>
<arg>/api</arg>
<doc>Sends a GET request on a previously created HTTP Session.</doc>
<status status="PASS" start="2024-05-25T23:17:38.676223" elapsed="0.072724"/>
</kw>
<kw name="Should Be Equal As Numbers" owner="BuiltIn">
<msg time="2024-05-25T23:17:38.750021" level="INFO">Argument types are:
&lt;class 'int'&gt;
&lt;class 'str'&gt;</msg>
<arg>${response.status_code}</arg>
<arg>200</arg>
<doc>Fails if objects are unequal after converting them to real numbers.</doc>
<status status="PASS" start="2024-05-25T23:17:38.749550" elapsed="0.000540"/>
</kw>
<kw name="Log" owner="BuiltIn">
<msg time="2024-05-25T23:17:38.750790" level="INFO">200</msg>
<arg>${response.status_code}</arg>
<doc>Logs the given message with the given level.</doc>
<status status="PASS" start="2024-05-25T23:17:38.750441" elapsed="0.000415"/>
</kw>
<kw name="Set Variable" owner="BuiltIn">
<msg time="2024-05-25T23:17:38.751933" level="INFO">${json_data} = {'results': [{'gender': 'female', 'name': {'title': 'Miss', 'first': 'Caterina', 'last': 'Michel'}, 'location': {'street': {'number': 9116, 'name': 'Tannenweg'}, 'city': 'Waldmünchen', 'state': 'Nordr...</msg>
<var>${json_data}</var>
<arg>${response.json()}</arg>
<doc>Returns the given values which can then be assigned to a variables.</doc>
<status status="PASS" start="2024-05-25T23:17:38.751240" elapsed="0.000744"/>
</kw>
<kw name="Dictionary Should Contain Key" owner="Collections">
<msg time="2024-05-25T23:17:38.752752" level="INFO">False</msg>
<arg>${json_data}</arg>
<arg>results</arg>
<doc>Fails if ``key`` is not found from ``dictionary``.</doc>
<status status="PASS" start="2024-05-25T23:17:38.752486" elapsed="0.000559"/>
</kw>
<status status="PASS" start="2024-05-25T23:17:38.675965" elapsed="0.077503"/>
</kw>
<doc>Testa se a API responde corretamente e retorna um objeto JSON válido.</doc>
<tag>testeRequisicaoBasica</tag>
<status status="PASS" start="2024-05-25T23:17:38.675502" elapsed="0.078239"/>
</test>
<test id="s1-s1-t3" name="Validar estrutura de resposta" line="22">
<kw name="Teste de Estrutura de Resposta" owner="random-user-service">
<kw name="GET On Session" owner="RequestsLibrary">
<msg time="2024-05-25T23:17:38.856872" level="INFO">GET Request : url=https://randomuser.me/api 
 path_url=/api 
 headers={'User-Agent': 'python-requests/2.32.2', 'Accept-Encoding': 'gzip, deflate', 'Accept': '*/*', 'Connection': 'keep-alive'} 
 body=None 
 </msg>
<msg time="2024-05-25T23:17:38.856977" level="INFO">GET Response : url=https://randomuser.me/api 
 status=200, reason=OK 
 headers={'Date': 'Sat, 25 May 2024 23:17:38 GMT', 'Content-Type': 'application/json; charset=utf-8', 'Transfer-Encoding': 'chunked', 'Connection': 'keep-alive', 'X-Powered-By': 'Express', 'Access-Control-Allow-Origin': '*', 'Cache-Control': 'no-cache', 'ETag': 'W/"489-T8EXyRNVIcU6V5VCw2ubh6QIjwo"', 'Vary': 'Accept-Encoding', 'Content-Encoding': 'gzip', 'CF-Cache-Status': 'DYNAMIC', 'Report-To': '{"endpoints":[{"url":"https:\\/\\/a.nel.cloudflare.com\\/report\\/v4?s=%2FE44Kx2h1MOA2IqMtlKSkOBOHizOSthDXEy4Wv1%2BkMrKwCEvKOBhaBvyvAltdPP3c3kEnqAdoEFhqP%2B1xKHYdGRb8MTlNidv9wAq4TNPwGTCsmBqblGH2mLmKn2vqoOX"}],"group":"cf-nel","max_age":604800}', 'NEL': '{"success_fraction":0,"report_to":"cf-nel","max_age":604800}', 'Server': 'cloudflare', 'CF-RAY': '88993d7539d16345-ORD', 'alt-svc': 'h3=":443"; ma=86400'} 
 body={"results":[{"gender":"male","name":{"title":"Mr","first":"Octavio","last":"Orosco"},"location":{"street":{"number":5256,"name":"Diagonal Soria"},"city":"Xilitla","state":"Jalisco","country":"Mexico","postcode":39102,"coordinates":{"latitude":"27.7255","longitude":"-143.8293"},"timezone":{"offset":"-8:00","description":"Pacific Time (US &amp; Canada)"}},"email":"octavio.orosco@example.com","login":{"uuid":"ba289f75-51a5-4f8b-bab0-c7f5c86d6b21","username":"redbird802","password":"peaches","salt":"tfOt9HS8","md5":"12c5d77aaf3967738dc386d7dc849d68","sha1":"fd992ebc7651bd9267b695352a20d9887197869a","sha256":"992ed04356ac4c33e11ff14a8d402e178b048832318cbc95f18b3088229d0928"},"dob":{"date":"1972-05-02T11:04:04.956Z","age":52},"registered":{"date":"2022-05-08T19:54:44.377Z","age":2},"phone":"(675) 484 6105","cell":"(697) 934 5260","id":{"name":"NSS","value":"52 60 30 6351 6"},"picture":{"large":"https://randomuser.me/api/portraits/men/35.jpg","medium":"https://randomuser.me/api/portraits/med/men/35.jpg","thumbnail":"https://randomuser.me/api/portraits/thumb/men/35.jpg"},"nat":"MX"}],"info":{"seed":"3cab09348b71c016","results":1,"page":1,"version":"1.4"}} 
 </msg>
<msg time="2024-05-25T23:17:38.857107" level="INFO">/opt/hostedtoolcache/Python/3.12.3/x64/lib/python3.12/site-packages/urllib3/connectionpool.py:1103: InsecureRequestWarning: Unverified HTTPS request is being made to host 'randomuser.me'. Adding certificate verification is strongly advised. See: https://urllib3.readthedocs.io/en/latest/advanced-usage.html#tls-warnings
  warnings.warn(</msg>
<msg time="2024-05-25T23:17:38.857290" level="INFO">${response} = &lt;Response [200]&gt;</msg>
<var>${response}</var>
<arg>consultarAPI</arg>
<arg>/api</arg>
<doc>Sends a GET request on a previously created HTTP Session.</doc>
<status status="PASS" start="2024-05-25T23:17:38.757569" elapsed="0.099763"/>
</kw>
<kw name="Set Variable" owner="BuiltIn">
<msg time="2024-05-25T23:17:38.858375" level="INFO">${json_data} = {'results': [{'gender': 'male', 'name': {'title': 'Mr', 'first': 'Octavio', 'last': 'Orosco'}, 'location': {'street': {'number': 5256, 'name': 'Diagonal Soria'}, 'city': 'Xilitla', 'state': 'Jalisco',...</msg>
<var>${json_data}</var>
<arg>${response.json()}</arg>
<doc>Returns the given values which can then be assigned to a variables.</doc>
<status status="PASS" start="2024-05-25T23:17:38.857841" elapsed="0.000564"/>
</kw>
<kw name="Log" owner="BuiltIn">
<msg time="2024-05-25T23:17:38.858913" level="INFO">{'results': [{'gender': 'male', 'name': {'title': 'Mr', 'first': 'Octavio', 'last': 'Orosco'}, 'location': {'street': {'number': 5256, 'name': 'Diagonal Soria'}, 'city': 'Xilitla', 'state': 'Jalisco', 'country': 'Mexico', 'postcode': 39102, 'coordinates': {'latitude': '27.7255', 'longitude': '-143.8293'}, 'timezone': {'offset': '-8:00', 'description': 'Pacific Time (US &amp; Canada)'}}, 'email': 'octavio.orosco@example.com', 'login': {'uuid': 'ba289f75-51a5-4f8b-bab0-c7f5c86d6b21', 'username': 'redbird802', 'password': 'peaches', 'salt': 'tfOt9HS8', 'md5': '12c5d77aaf3967738dc386d7dc849d68', 'sha1': 'fd992ebc7651bd9267b695352a20d9887197869a', 'sha256': '992ed04356ac4c33e11ff14a8d402e178b048832318cbc95f18b3088229d0928'}, 'dob': {'date': '1972-05-02T11:04:04.956Z', 'age': 52}, 'registered': {'date': '2022-05-08T19:54:44.377Z', 'age': 2}, 'phone': '(675) 484 6105', 'cell': '(697) 934 5260', 'id': {'name': 'NSS', 'value': '52 60 30 6351 6'}, 'picture': {'large': 'https://randomuser.me/api/portraits/men/35.jpg', 'medium': 'https://randomuser.me/api/portraits/med/men/35.jpg', 'thumbnail': 'https://randomuser.me/api/portraits/thumb/men/35.jpg'}, 'nat': 'MX'}], 'info': {'seed': '3cab09348b71c016', 'results': 1, 'page': 1, 'version': '1.4'}}</msg>
<arg>${json_data}</arg>
<doc>Logs the given message with the given level.</doc>
<status status="PASS" start="2024-05-25T23:17:38.858740" elapsed="0.000223"/>
</kw>
<kw name="Dictionary Should Contain Key" owner="Collections">
<msg time="2024-05-25T23:17:38.859435" level="INFO">False</msg>
<arg>${json_data}</arg>
<arg>results</arg>
<doc>Fails if ``key`` is not found from ``dictionary``.</doc>
<status status="PASS" start="2024-05-25T23:17:38.859269" elapsed="0.000205"/>
</kw>
<kw name="Should Not Be Empty" owner="BuiltIn">
<msg time="2024-05-25T23:17:38.859929" level="INFO">Length is 2.</msg>
<arg>${json_data}</arg>
<doc>Verifies that the given item is not empty.</doc>
<status status="PASS" start="2024-05-25T23:17:38.859794" elapsed="0.000173"/>
</kw>
<kw name="Create List" owner="BuiltIn">
<msg time="2024-05-25T23:17:38.860411" level="INFO">${expected_keys} = ['gender', 'name', 'location', 'email', 'login']</msg>
<var>${expected_keys}</var>
<arg>gender</arg>
<arg>name</arg>
<arg>location</arg>
<arg>email</arg>
<arg>login</arg>
<doc>Returns a list containing given items.</doc>
<status status="PASS" start="2024-05-25T23:17:38.860262" elapsed="0.000172"/>
</kw>
<for flavor="IN">
<iter>
<kw name="Dictionary Should Contain Key" owner="Collections">
<msg time="2024-05-25T23:17:38.861502" level="INFO">False</msg>
<arg>${json_data['results'][0]}</arg>
<arg>${key}</arg>
<doc>Fails if ``key`` is not found from ``dictionary``.</doc>
<status status="PASS" start="2024-05-25T23:17:38.861040" elapsed="0.000502"/>
</kw>
<kw name="Log" owner="BuiltIn">
<msg time="2024-05-25T23:17:38.862238" level="INFO">{'gender': 'male', 'name': {'title': 'Mr', 'first': 'Octavio', 'last': 'Orosco'}, 'location': {'street': {'number': 5256, 'name': 'Diagonal Soria'}, 'city': 'Xilitla', 'state': 'Jalisco', 'country': 'Mexico', 'postcode': 39102, 'coordinates': {'latitude': '27.7255', 'longitude': '-143.8293'}, 'timezone': {'offset': '-8:00', 'description': 'Pacific Time (US &amp; Canada)'}}, 'email': 'octavio.orosco@example.com', 'login': {'uuid': 'ba289f75-51a5-4f8b-bab0-c7f5c86d6b21', 'username': 'redbird802', 'password': 'peaches', 'salt': 'tfOt9HS8', 'md5': '12c5d77aaf3967738dc386d7dc849d68', 'sha1': 'fd992ebc7651bd9267b695352a20d9887197869a', 'sha256': '992ed04356ac4c33e11ff14a8d402e178b048832318cbc95f18b3088229d0928'}, 'dob': {'date': '1972-05-02T11:04:04.956Z', 'age': 52}, 'registered': {'date': '2022-05-08T19:54:44.377Z', 'age': 2}, 'phone': '(675) 484 6105', 'cell': '(697) 934 5260', 'id': {'name': 'NSS', 'value': '52 60 30 6351 6'}, 'picture': {'large': 'https://randomuser.me/api/portraits/men/35.jpg', 'medium': 'https://randomuser.me/api/portraits/med/men/35.jpg', 'thumbnail': 'https://randomuser.me/api/portraits/thumb/men/35.jpg'}, 'nat': 'MX'}</msg>
<arg>${json_data['results'][0]}</arg>
<doc>Logs the given message with the given level.</doc>
<status status="PASS" start="2024-05-25T23:17:38.861856" elapsed="0.000434"/>
</kw>
<kw name="Log" owner="BuiltIn">
<msg time="2024-05-25T23:17:38.862725" level="INFO">gender</msg>
<arg>${key}</arg>
<doc>Logs the given message with the given level.</doc>
<status status="PASS" start="2024-05-25T23:17:38.862596" elapsed="0.000166"/>
</kw>
<var name="${key}">gender</var>
<status status="PASS" start="2024-05-25T23:17:38.860911" elapsed="0.002069"/>
</iter>
<iter>
<kw name="Dictionary Should Contain Key" owner="Collections">
<msg time="2024-05-25T23:17:38.863683" level="INFO">False</msg>
<arg>${json_data['results'][0]}</arg>
<arg>${key}</arg>
<doc>Fails if ``key`` is not found from ``dictionary``.</doc>
<status status="PASS" start="2024-05-25T23:17:38.863295" elapsed="0.000425"/>
</kw>
<kw name="Log" owner="BuiltIn">
<msg time="2024-05-25T23:17:38.864411" level="INFO">{'gender': 'male', 'name': {'title': 'Mr', 'first': 'Octavio', 'last': 'Orosco'}, 'location': {'street': {'number': 5256, 'name': 'Diagonal Soria'}, 'city': 'Xilitla', 'state': 'Jalisco', 'country': 'Mexico', 'postcode': 39102, 'coordinates': {'latitude': '27.7255', 'longitude': '-143.8293'}, 'timezone': {'offset': '-8:00', 'description': 'Pacific Time (US &amp; Canada)'}}, 'email': 'octavio.orosco@example.com', 'login': {'uuid': 'ba289f75-51a5-4f8b-bab0-c7f5c86d6b21', 'username': 'redbird802', 'password': 'peaches', 'salt': 'tfOt9HS8', 'md5': '12c5d77aaf3967738dc386d7dc849d68', 'sha1': 'fd992ebc7651bd9267b695352a20d9887197869a', 'sha256': '992ed04356ac4c33e11ff14a8d402e178b048832318cbc95f18b3088229d0928'}, 'dob': {'date': '1972-05-02T11:04:04.956Z', 'age': 52}, 'registered': {'date': '2022-05-08T19:54:44.377Z', 'age': 2}, 'phone': '(675) 484 6105', 'cell': '(697) 934 5260', 'id': {'name': 'NSS', 'value': '52 60 30 6351 6'}, 'picture': {'large': 'https://randomuser.me/api/portraits/men/35.jpg', 'medium': 'https://randomuser.me/api/portraits/med/men/35.jpg', 'thumbnail': 'https://randomuser.me/api/portraits/thumb/men/35.jpg'}, 'nat': 'MX'}</msg>
<arg>${json_data['results'][0]}</arg>
<doc>Logs the given message with the given level.</doc>
<status status="PASS" start="2024-05-25T23:17:38.864048" elapsed="0.000412"/>
</kw>
<kw name="Log" owner="BuiltIn">
<msg time="2024-05-25T23:17:38.864888" level="INFO">name</msg>
<arg>${key}</arg>
<doc>Logs the given message with the given level.</doc>
<status status="PASS" start="2024-05-25T23:17:38.864761" elapsed="0.000164"/>
</kw>
<var name="${key}">name</var>
<status status="PASS" start="2024-05-25T23:17:38.863177" elapsed="0.001966"/>
</iter>
<iter>
<kw name="Dictionary Should Contain Key" owner="Collections">
<msg time="2024-05-25T23:17:38.865843" level="INFO">False</msg>
<arg>${json_data['results'][0]}</arg>
<arg>${key}</arg>
<doc>Fails if ``key`` is not found from ``dictionary``.</doc>
<status status="PASS" start="2024-05-25T23:17:38.865463" elapsed="0.000418"/>
</kw>
<kw name="Log" owner="BuiltIn">
<msg time="2024-05-25T23:17:38.866563" level="INFO">{'gender': 'male', 'name': {'title': 'Mr', 'first': 'Octavio', 'last': 'Orosco'}, 'location': {'street': {'number': 5256, 'name': 'Diagonal Soria'}, 'city': 'Xilitla', 'state': 'Jalisco', 'country': 'Mexico', 'postcode': 39102, 'coordinates': {'latitude': '27.7255', 'longitude': '-143.8293'}, 'timezone': {'offset': '-8:00', 'description': 'Pacific Time (US &amp; Canada)'}}, 'email': 'octavio.orosco@example.com', 'login': {'uuid': 'ba289f75-51a5-4f8b-bab0-c7f5c86d6b21', 'username': 'redbird802', 'password': 'peaches', 'salt': 'tfOt9HS8', 'md5': '12c5d77aaf3967738dc386d7dc849d68', 'sha1': 'fd992ebc7651bd9267b695352a20d9887197869a', 'sha256': '992ed04356ac4c33e11ff14a8d402e178b048832318cbc95f18b3088229d0928'}, 'dob': {'date': '1972-05-02T11:04:04.956Z', 'age': 52}, 'registered': {'date': '2022-05-08T19:54:44.377Z', 'age': 2}, 'phone': '(675) 484 6105', 'cell': '(697) 934 5260', 'id': {'name': 'NSS', 'value': '52 60 30 6351 6'}, 'picture': {'large': 'https://randomuser.me/api/portraits/men/35.jpg', 'medium': 'https://randomuser.me/api/portraits/med/men/35.jpg', 'thumbnail': 'https://randomuser.me/api/portraits/thumb/men/35.jpg'}, 'nat': 'MX'}</msg>
<arg>${json_data['results'][0]}</arg>
<doc>Logs the given message with the given level.</doc>
<status status="PASS" start="2024-05-25T23:17:38.866192" elapsed="0.000422"/>
</kw>
<kw name="Log" owner="BuiltIn">
<msg time="2024-05-25T23:17:38.867049" level="INFO">location</msg>
<arg>${key}</arg>
<doc>Logs the given message with the given level.</doc>
<status status="PASS" start="2024-05-25T23:17:38.866922" elapsed="0.000166"/>
</kw>
<var name="${key}">location</var>
<status status="PASS" start="2024-05-25T23:17:38.865349" elapsed="0.001959"/>
</iter>
<iter>
<kw name="Dictionary Should Contain Key" owner="Collections">
<msg time="2024-05-25T23:17:38.868115" level="INFO">False</msg>
<arg>${json_data['results'][0]}</arg>
<arg>${key}</arg>
<doc>Fails if ``key`` is not found from ``dictionary``.</doc>
<status status="PASS" start="2024-05-25T23:17:38.867594" elapsed="0.000560"/>
</kw>
<kw name="Log" owner="BuiltIn">
<msg time="2024-05-25T23:17:38.868831" level="INFO">{'gender': 'male', 'name': {'title': 'Mr', 'first': 'Octavio', 'last': 'Orosco'}, 'location': {'street': {'number': 5256, 'name': 'Diagonal Soria'}, 'city': 'Xilitla', 'state': 'Jalisco', 'country': 'Mexico', 'postcode': 39102, 'coordinates': {'latitude': '27.7255', 'longitude': '-143.8293'}, 'timezone': {'offset': '-8:00', 'description': 'Pacific Time (US &amp; Canada)'}}, 'email': 'octavio.orosco@example.com', 'login': {'uuid': 'ba289f75-51a5-4f8b-bab0-c7f5c86d6b21', 'username': 'redbird802', 'password': 'peaches', 'salt': 'tfOt9HS8', 'md5': '12c5d77aaf3967738dc386d7dc849d68', 'sha1': 'fd992ebc7651bd9267b695352a20d9887197869a', 'sha256': '992ed04356ac4c33e11ff14a8d402e178b048832318cbc95f18b3088229d0928'}, 'dob': {'date': '1972-05-02T11:04:04.956Z', 'age': 52}, 'registered': {'date': '2022-05-08T19:54:44.377Z', 'age': 2}, 'phone': '(675) 484 6105', 'cell': '(697) 934 5260', 'id': {'name': 'NSS', 'value': '52 60 30 6351 6'}, 'picture': {'large': 'https://randomuser.me/api/portraits/men/35.jpg', 'medium': 'https://randomuser.me/api/portraits/med/men/35.jpg', 'thumbnail': 'https://randomuser.me/api/portraits/thumb/men/35.jpg'}, 'nat': 'MX'}</msg>
<arg>${json_data['results'][0]}</arg>
<doc>Logs the given message with the given level.</doc>
<status status="PASS" start="2024-05-25T23:17:38.868459" elapsed="0.000423"/>
</kw>
<kw name="Log" owner="BuiltIn">
<msg time="2024-05-25T23:17:38.869373" level="INFO">email</msg>
<arg>${key}</arg>
<doc>Logs the given message with the given level.</doc>
<status status="PASS" start="2024-05-25T23:17:38.869233" elapsed="0.000176"/>
</kw>
<var name="${key}">email</var>
<status status="PASS" start="2024-05-25T23:17:38.867482" elapsed="0.002149"/>
</iter>
<iter>
<kw name="Dictionary Should Contain Key" owner="Collections">
<msg time="2024-05-25T23:17:38.870399" level="INFO">False</msg>
<arg>${json_data['results'][0]}</arg>
<arg>${key}</arg>
<doc>Fails if ``key`` is not found from ``dictionary``.</doc>
<status status="PASS" start="2024-05-25T23:17:38.870015" elapsed="0.000421"/>
</kw>
<kw name="Log" owner="BuiltIn">
<msg time="2024-05-25T23:17:38.871107" level="INFO">{'gender': 'male', 'name': {'title': 'Mr', 'first': 'Octavio', 'last': 'Orosco'}, 'location': {'street': {'number': 5256, 'name': 'Diagonal Soria'}, 'city': 'Xilitla', 'state': 'Jalisco', 'country': 'Mexico', 'postcode': 39102, 'coordinates': {'latitude': '27.7255', 'longitude': '-143.8293'}, 'timezone': {'offset': '-8:00', 'description': 'Pacific Time (US &amp; Canada)'}}, 'email': 'octavio.orosco@example.com', 'login': {'uuid': 'ba289f75-51a5-4f8b-bab0-c7f5c86d6b21', 'username': 'redbird802', 'password': 'peaches', 'salt': 'tfOt9HS8', 'md5': '12c5d77aaf3967738dc386d7dc849d68', 'sha1': 'fd992ebc7651bd9267b695352a20d9887197869a', 'sha256': '992ed04356ac4c33e11ff14a8d402e178b048832318cbc95f18b3088229d0928'}, 'dob': {'date': '1972-05-02T11:04:04.956Z', 'age': 52}, 'registered': {'date': '2022-05-08T19:54:44.377Z', 'age': 2}, 'phone': '(675) 484 6105', 'cell': '(697) 934 5260', 'id': {'name': 'NSS', 'value': '52 60 30 6351 6'}, 'picture': {'large': 'https://randomuser.me/api/portraits/men/35.jpg', 'medium': 'https://randomuser.me/api/portraits/med/men/35.jpg', 'thumbnail': 'https://randomuser.me/api/portraits/thumb/men/35.jpg'}, 'nat': 'MX'}</msg>
<arg>${json_data['results'][0]}</arg>
<doc>Logs the given message with the given level.</doc>
<status status="PASS" start="2024-05-25T23:17:38.870737" elapsed="0.000420"/>
</kw>
<kw name="Log" owner="BuiltIn">
<msg time="2024-05-25T23:17:38.871575" level="INFO">login</msg>
<arg>${key}</arg>
<doc>Logs the given message with the given level.</doc>
<status status="PASS" start="2024-05-25T23:17:38.871448" elapsed="0.000165"/>
</kw>
<var name="${key}">login</var>
<status status="PASS" start="2024-05-25T23:17:38.869897" elapsed="0.001957"/>
</iter>
<var>${key}</var>
<value>@{expected_keys}</value>
<status status="PASS" start="2024-05-25T23:17:38.860709" elapsed="0.011269"/>
</for>
<kw name="Create List" owner="BuiltIn">
<msg time="2024-05-25T23:17:38.872372" level="INFO">${expected_keysTwo} = ['username', 'password']</msg>
<var>${expected_keysTwo}</var>
<arg>username</arg>
<arg>password</arg>
<doc>Returns a list containing given items.</doc>
<status status="PASS" start="2024-05-25T23:17:38.872181" elapsed="0.000226"/>
</kw>
<for flavor="IN">
<iter>
<kw name="Dictionary Should Contain Key" owner="Collections">
<msg time="2024-05-25T23:17:38.873816" level="INFO">False</msg>
<arg>${json_data['results'][0]['login']}</arg>
<arg>${keyTwo}</arg>
<doc>Fails if ``key`` is not found from ``dictionary``.</doc>
<status status="PASS" start="2024-05-25T23:17:38.873132" elapsed="0.000748"/>
</kw>
<kw name="Dictionary Should Contain Key" owner="Collections">
<msg time="2024-05-25T23:17:38.875016" level="INFO">False</msg>
<arg>${json_data['results'][0]['login']}</arg>
<arg>${keyTwo}</arg>
<doc>Fails if ``key`` is not found from ``dictionary``.</doc>
<status status="PASS" start="2024-05-25T23:17:38.874413" elapsed="0.000658"/>
</kw>
<kw name="Log" owner="BuiltIn">
<msg time="2024-05-25T23:17:38.875691" level="INFO">username</msg>
<arg>${keyTwo}</arg>
<doc>Logs the given message with the given level.</doc>
<status status="PASS" start="2024-05-25T23:17:38.875497" elapsed="0.000263"/>
</kw>
<var name="${keyTwo}">username</var>
<status status="PASS" start="2024-05-25T23:17:38.872949" elapsed="0.003167"/>
</iter>
<iter>
<kw name="Dictionary Should Contain Key" owner="Collections">
<msg time="2024-05-25T23:17:38.877189" level="INFO">False</msg>
<arg>${json_data['results'][0]['login']}</arg>
<arg>${keyTwo}</arg>
<doc>Fails if ``key`` is not found from ``dictionary``.</doc>
<status status="PASS" start="2024-05-25T23:17:38.876584" elapsed="0.000698"/>
</kw>
<kw name="Dictionary Should Contain Key" owner="Collections">
<msg time="2024-05-25T23:17:38.878409" level="INFO">False</msg>
<arg>${json_data['results'][0]['login']}</arg>
<arg>${keyTwo}</arg>
<doc>Fails if ``key`` is not found from ``dictionary``.</doc>
<status status="PASS" start="2024-05-25T23:17:38.877747" elapsed="0.000726"/>
</kw>
<kw name="Log" owner="BuiltIn">
<msg time="2024-05-25T23:17:38.879141" level="INFO">password</msg>
<arg>${keyTwo}</arg>
<doc>Logs the given message with the given level.</doc>
<status status="PASS" start="2024-05-25T23:17:38.878931" elapsed="0.000271"/>
</kw>
<var name="${keyTwo}">password</var>
<status status="PASS" start="2024-05-25T23:17:38.876416" elapsed="0.003121"/>
</iter>
<var>${keyTwo}</var>
<value>@{expected_keysTwo}</value>
<status status="PASS" start="2024-05-25T23:17:38.872713" elapsed="0.007035"/>
</for>
<status status="PASS" start="2024-05-25T23:17:38.757174" elapsed="0.122844"/>
</kw>
<doc>Testa a estrutura da resposta da API.</doc>
<tag>testeEstruturaResposta</tag>
<status status="PASS" start="2024-05-25T23:17:38.756368" elapsed="0.123945"/>
</test>
<test id="s1-s1-t4" name="Validar tipos de dados" line="28">
<kw name="Teste de Tipos de Dados" owner="random-user-service">
<kw name="GET On Session" owner="RequestsLibrary">
<msg time="2024-05-25T23:17:38.952733" level="INFO">GET Request : url=https://randomuser.me/api 
 path_url=/api 
 headers={'User-Agent': 'python-requests/2.32.2', 'Accept-Encoding': 'gzip, deflate', 'Accept': '*/*', 'Connection': 'keep-alive'} 
 body=None 
 </msg>
<msg time="2024-05-25T23:17:38.952848" level="INFO">GET Response : url=https://randomuser.me/api 
 status=200, reason=OK 
 headers={'Date': 'Sat, 25 May 2024 23:17:38 GMT', 'Content-Type': 'application/json; charset=utf-8', 'Transfer-Encoding': 'chunked', 'Connection': 'keep-alive', 'X-Powered-By': 'Express', 'Access-Control-Allow-Origin': '*', 'Cache-Control': 'no-cache', 'ETag': 'W/"477-z/U3QGkPMl1uLicG+NgIh+3gHHo"', 'Vary': 'Accept-Encoding', 'Content-Encoding': 'gzip', 'CF-Cache-Status': 'DYNAMIC', 'Report-To': '{"endpoints":[{"url":"https:\\/\\/a.nel.cloudflare.com\\/report\\/v4?s=O50he2CM3LzzY1VeFHk2PuF4XfUOB9uHZtlXF5AMJFgsSV60WLyaVn%2FB9spbpz1Gy7VorqQKUvmVMp53Lk3rymKeHq8mvaNCi5dCgf53XPk4ASxlZJRIGpwXdW%2Frzwt6"}],"group":"cf-nel","max_age":604800}', 'NEL': '{"success_fraction":0,"report_to":"cf-nel","max_age":604800}', 'Server': 'cloudflare', 'CF-RAY': '88993d760a686345-ORD', 'alt-svc': 'h3=":443"; ma=86400'} 
 body={"results":[{"gender":"male","name":{"title":"Mr","first":"Nelson","last":"Ford"},"location":{"street":{"number":4961,"name":"Taylor St"},"city":"Tweed","state":"Victoria","country":"Australia","postcode":4750,"coordinates":{"latitude":"-81.7645","longitude":"-123.1509"},"timezone":{"offset":"-8:00","description":"Pacific Time (US &amp; Canada)"}},"email":"nelson.ford@example.com","login":{"uuid":"b427dec5-06b3-4325-a5ec-76ac0c833028","username":"tinyrabbit511","password":"enter","salt":"aATlolwA","md5":"5fb265885fc49bfa084574081ea92365","sha1":"033d0e85d77e5f3d1332e5ce46daf1c5fde00b6b","sha256":"6daa848a063b9c04312557739aa63d1e24d5ee8aea9e05af8b7acc0e42d45bee"},"dob":{"date":"1968-03-06T12:33:54.644Z","age":56},"registered":{"date":"2015-05-30T03:57:15.755Z","age":8},"phone":"00-7522-0158","cell":"0472-585-906","id":{"name":"TFN","value":"415422551"},"picture":{"large":"https://randomuser.me/api/portraits/men/76.jpg","medium":"https://randomuser.me/api/portraits/med/men/76.jpg","thumbnail":"https://randomuser.me/api/portraits/thumb/men/76.jpg"},"nat":"AU"}],"info":{"seed":"b827eef3cf4bc05c","results":1,"page":1,"version":"1.4"}} 
 </msg>
<msg time="2024-05-25T23:17:38.952930" level="INFO">/opt/hostedtoolcache/Python/3.12.3/x64/lib/python3.12/site-packages/urllib3/connectionpool.py:1103: InsecureRequestWarning: Unverified HTTPS request is being made to host 'randomuser.me'. Adding certificate verification is strongly advised. See: https://urllib3.readthedocs.io/en/latest/advanced-usage.html#tls-warnings
  warnings.warn(</msg>
<msg time="2024-05-25T23:17:38.953055" level="INFO">${response} = &lt;Response [200]&gt;</msg>
<var>${response}</var>
<arg>consultarAPI</arg>
<arg>/api</arg>
<doc>Sends a GET request on a previously created HTTP Session.</doc>
<status status="PASS" start="2024-05-25T23:17:38.884605" elapsed="0.068490"/>
</kw>
<kw name="Set Variable" owner="BuiltIn">
<msg time="2024-05-25T23:17:38.954164" level="INFO">${json_data} = {'results': [{'gender': 'male', 'name': {'title': 'Mr', 'first': 'Nelson', 'last': 'Ford'}, 'location': {'street': {'number': 4961, 'name': 'Taylor St'}, 'city': 'Tweed', 'state': 'Victoria', 'country...</msg>
<var>${json_data}</var>
<arg>${response.json()}</arg>
<doc>Returns the given values which can then be assigned to a variables.</doc>
<status status="PASS" start="2024-05-25T23:17:38.953638" elapsed="0.000556"/>
</kw>
<kw name="Log" owner="BuiltIn">
<msg time="2024-05-25T23:17:38.954675" level="INFO">{'results': [{'gender': 'male', 'name': {'title': 'Mr', 'first': 'Nelson', 'last': 'Ford'}, 'location': {'street': {'number': 4961, 'name': 'Taylor St'}, 'city': 'Tweed', 'state': 'Victoria', 'country': 'Australia', 'postcode': 4750, 'coordinates': {'latitude': '-81.7645', 'longitude': '-123.1509'}, 'timezone': {'offset': '-8:00', 'description': 'Pacific Time (US &amp; Canada)'}}, 'email': 'nelson.ford@example.com', 'login': {'uuid': 'b427dec5-06b3-4325-a5ec-76ac0c833028', 'username': 'tinyrabbit511', 'password': 'enter', 'salt': 'aATlolwA', 'md5': '5fb265885fc49bfa084574081ea92365', 'sha1': '033d0e85d77e5f3d1332e5ce46daf1c5fde00b6b', 'sha256': '6daa848a063b9c04312557739aa63d1e24d5ee8aea9e05af8b7acc0e42d45bee'}, 'dob': {'date': '1968-03-06T12:33:54.644Z', 'age': 56}, 'registered': {'date': '2015-05-30T03:57:15.755Z', 'age': 8}, 'phone': '00-7522-0158', 'cell': '0472-585-906', 'id': {'name': 'TFN', 'value': '415422551'}, 'picture': {'large': 'https://randomuser.me/api/portraits/men/76.jpg', 'medium': 'https://randomuser.me/api/portraits/med/men/76.jpg', 'thumbnail': 'https://randomuser.me/api/portraits/thumb/men/76.jpg'}, 'nat': 'AU'}], 'info': {'seed': 'b827eef3cf4bc05c', 'results': 1, 'page': 1, 'version': '1.4'}}</msg>
<arg>${json_data}</arg>
<doc>Logs the given message with the given level.</doc>
<status status="PASS" start="2024-05-25T23:17:38.954515" elapsed="0.000248"/>
</kw>
<kw name="Should Be String" owner="String">
<arg>${json_data['results'][0]['gender']}</arg>
<doc>Fails if the given ``item`` is not a string.</doc>
<status status="PASS" start="2024-05-25T23:17:38.955067" elapsed="0.000373"/>
</kw>
<kw name="Should Match Regexp" owner="BuiltIn">
<arg>${json_data['results'][0]['email']}</arg>
<arg>^[a-zA-Z0-9._%+-]+@[a-zA-Z0-9.-]+\.[a-zA-Z]{2,}$</arg>
<doc>Fails if ``string`` does not match ``pattern`` as a regular expression.</doc>
<status status="PASS" start="2024-05-25T23:17:38.955638" elapsed="0.000672"/>
</kw>
<kw name="Should Match Regexp" owner="BuiltIn">
<arg>${json_data['results'][0]['dob']['date']}</arg>
<arg>\\d{4}-\\d{2}-\\d{2}T\\d{2}:\\d{2}:\\d{2}\\.\\d{3}Z</arg>
<doc>Fails if ``string`` does not match ``pattern`` as a regular expression.</doc>
<status status="PASS" start="2024-05-25T23:17:38.956513" elapsed="0.000488"/>
</kw>
<kw name="Should Match Regexp" owner="BuiltIn">
<arg>${json_data['results'][0]['registered']['date']}</arg>
<arg>\\d{4}-\\d{2}-\\d{2}T\\d{2}:\\d{2}:\\d{2}\\.\\d{3}Z</arg>
<doc>Fails if ``string`` does not match ``pattern`` as a regular expression.</doc>
<status status="PASS" start="2024-05-25T23:17:38.957197" elapsed="0.000403"/>
</kw>
<kw name="Should Match Regexp" owner="BuiltIn">
<arg>${json_data['results'][0]['picture']['large']}</arg>
<arg>^https?://.*\.(?:png|jpe?g|gif|bmp)$</arg>
<doc>Fails if ``string`` does not match ``pattern`` as a regular expression.</doc>
<status status="PASS" start="2024-05-25T23:17:38.957791" elapsed="0.000461"/>
</kw>
<kw name="Should Match Regexp" owner="BuiltIn">
<arg>${json_data['results'][0]['picture']['medium']}</arg>
<arg>^https?://.*\.(?:png|jpe?g|gif|bmp)$</arg>
<doc>Fails if ``string`` does not match ``pattern`` as a regular expression.</doc>
<status status="PASS" start="2024-05-25T23:17:38.958444" elapsed="0.000351"/>
</kw>
<kw name="Should Match Regexp" owner="BuiltIn">
<arg>${json_data['results'][0]['picture']['thumbnail']}</arg>
<arg>^https?://.*\.(?:png|jpe?g|gif|bmp)$</arg>
<doc>Fails if ``string`` does not match ``pattern`` as a regular expression.</doc>
<status status="PASS" start="2024-05-25T23:17:38.958989" elapsed="0.000350"/>
</kw>
<kw name="Log" owner="BuiltIn">
<msg time="2024-05-25T23:17:38.959844" level="INFO">{'large': 'https://randomuser.me/api/portraits/men/76.jpg', 'medium': 'https://randomuser.me/api/portraits/med/men/76.jpg', 'thumbnail': 'https://randomuser.me/api/portraits/thumb/men/76.jpg'}</msg>
<arg>${json_data['results'][0]['picture']}</arg>
<doc>Logs the given message with the given level.</doc>
<status status="PASS" start="2024-05-25T23:17:38.959525" elapsed="0.000361"/>
</kw>
<status status="PASS" start="2024-05-25T23:17:38.884229" elapsed="0.075915"/>
</kw>
<kw name="Teste de Tipos de Dados - Postcode" owner="random-user-service">
<kw name="GET On Session" owner="RequestsLibrary">
<msg time="2024-05-25T23:17:39.048761" level="INFO">GET Request : url=https://randomuser.me/api 
 path_url=/api 
 headers={'User-Agent': 'python-requests/2.32.2', 'Accept-Encoding': 'gzip, deflate', 'Accept': '*/*', 'Connection': 'keep-alive'} 
 body=None 
 </msg>
<msg time="2024-05-25T23:17:39.048869" level="INFO">GET Response : url=https://randomuser.me/api 
 status=200, reason=OK 
 headers={'Date': 'Sat, 25 May 2024 23:17:39 GMT', 'Content-Type': 'application/json; charset=utf-8', 'Transfer-Encoding': 'chunked', 'Connection': 'keep-alive', 'X-Powered-By': 'Express', 'Access-Control-Allow-Origin': '*', 'Cache-Control': 'no-cache', 'ETag': 'W/"4a1-gJesZTj2gjwpK6F+7iUHFCi6540"', 'Vary': 'Accept-Encoding', 'Content-Encoding': 'gzip', 'CF-Cache-Status': 'DYNAMIC', 'Report-To': '{"endpoints":[{"url":"https:\\/\\/a.nel.cloudflare.com\\/report\\/v4?s=Yp1LARrGlIQ3bcUSBcetyRk68Q6RsHotXFNi3h%2BkUqBxbj3UFkiLyeO7ZD2dlLYaanpS9eMfZFytv9MmpdkECISrafVCIptP4keEx5ehj%2FsVZr2LjgvzLmqwTbDR8qXe"}],"group":"cf-nel","max_age":604800}', 'NEL': '{"success_fraction":0,"report_to":"cf-nel","max_age":604800}', 'Server': 'cloudflare', 'CF-RAY': '88993d768ac36345-ORD', 'alt-svc': 'h3=":443"; ma=86400'} 
 body={"results":[{"gender":"female","name":{"title":"Ms","first":"Kim","last":"Hernandez"},"location":{"street":{"number":4433,"name":"Elgin St"},"city":"North Charleston","state":"Virginia","country":"United States","postcode":93119,"coordinates":{"latitude":"83.0238","longitude":"152.1801"},"timezone":{"offset":"+9:00","description":"Tokyo, Seoul, Osaka, Sapporo, Yakutsk"}},"email":"kim.hernandez@example.com","login":{"uuid":"86fe749e-e64a-4739-88c7-f0b5985aa126","username":"heavywolf138","password":"rhino","salt":"zqNBpKYF","md5":"0f29cde149b5fb94a032dfffd4403a75","sha1":"295a1a2d06f8ea315e2a6ff44f52947d4a314d0a","sha256":"cc920766a451724a4aeef76140f317590b902f7c88e5f670d30a84a50f818074"},"dob":{"date":"1984-10-01T19:08:34.584Z","age":39},"registered":{"date":"2009-07-02T15:29:50.365Z","age":14},"phone":"(636) 701-3032","cell":"(961) 800-0358","id":{"name":"SSN","value":"444-53-7650"},"picture":{"large":"https://randomuser.me/api/portraits/women/54.jpg","medium":"https://randomuser.me/api/portraits/med/women/54.jpg","thumbnail":"https://randomuser.me/api/portraits/thumb/women/54.jpg"},"nat":"US"}],"info":{"seed":"a7245f4098f843a9","results":1,"page":1,"version":"1.4"}} 
 </msg>
<msg time="2024-05-25T23:17:39.048946" level="INFO">/opt/hostedtoolcache/Python/3.12.3/x64/lib/python3.12/site-packages/urllib3/connectionpool.py:1103: InsecureRequestWarning: Unverified HTTPS request is being made to host 'randomuser.me'. Adding certificate verification is strongly advised. See: https://urllib3.readthedocs.io/en/latest/advanced-usage.html#tls-warnings
  warnings.warn(</msg>
<msg time="2024-05-25T23:17:39.049083" level="INFO">${response} = &lt;Response [200]&gt;</msg>
<var>${response}</var>
<arg>consultarAPI</arg>
<arg>/api</arg>
<doc>Sends a GET request on a previously created HTTP Session.</doc>
<status status="PASS" start="2024-05-25T23:17:38.960608" elapsed="0.088508"/>
</kw>
<kw name="Set Variable" owner="BuiltIn">
<msg time="2024-05-25T23:17:39.050195" level="INFO">${json_data} = {'results': [{'gender': 'female', 'name': {'title': 'Ms', 'first': 'Kim', 'last': 'Hernandez'}, 'location': {'street': {'number': 4433, 'name': 'Elgin St'}, 'city': 'North Charleston', 'state': 'Virgi...</msg>
<var>${json_data}</var>
<arg>${response.json()}</arg>
<doc>Returns the given values which can then be assigned to a variables.</doc>
<status status="PASS" start="2024-05-25T23:17:39.049683" elapsed="0.000541"/>
</kw>
<kw name="Log" owner="BuiltIn">
<msg time="2024-05-25T23:17:39.050690" level="INFO">{'results': [{'gender': 'female', 'name': {'title': 'Ms', 'first': 'Kim', 'last': 'Hernandez'}, 'location': {'street': {'number': 4433, 'name': 'Elgin St'}, 'city': 'North Charleston', 'state': 'Virginia', 'country': 'United States', 'postcode': 93119, 'coordinates': {'latitude': '83.0238', 'longitude': '152.1801'}, 'timezone': {'offset': '+9:00', 'description': 'Tokyo, Seoul, Osaka, Sapporo, Yakutsk'}}, 'email': 'kim.hernandez@example.com', 'login': {'uuid': '86fe749e-e64a-4739-88c7-f0b5985aa126', 'username': 'heavywolf138', 'password': 'rhino', 'salt': 'zqNBpKYF', 'md5': '0f29cde149b5fb94a032dfffd4403a75', 'sha1': '295a1a2d06f8ea315e2a6ff44f52947d4a314d0a', 'sha256': 'cc920766a451724a4aeef76140f317590b902f7c88e5f670d30a84a50f818074'}, 'dob': {'date': '1984-10-01T19:08:34.584Z', 'age': 39}, 'registered': {'date': '2009-07-02T15:29:50.365Z', 'age': 14}, 'phone': '(636) 701-3032', 'cell': '(961) 800-0358', 'id': {'name': 'SSN', 'value': '444-53-7650'}, 'picture': {'large': 'https://randomuser.me/api/portraits/women/54.jpg', 'medium': 'https://randomuser.me/api/portraits/med/women/54.jpg', 'thumbnail': 'https://randomuser.me/api/portraits/thumb/women/54.jpg'}, 'nat': 'US'}], 'info': {'seed': 'a7245f4098f843a9', 'results': 1, 'page': 1, 'version': '1.4'}}</msg>
<arg>${json_data}</arg>
<doc>Logs the given message with the given level.</doc>
<status status="PASS" start="2024-05-25T23:17:39.050535" elapsed="0.000241"/>
</kw>
<kw name="Should Be Equal As Numbers" owner="BuiltIn">
<arg>${json_data['results'][0]['location']['postcode']}</arg>
<arg>${json_data['results'][0]['location']['postcode']}</arg>
<doc>Fails if objects are unequal after converting them to real numbers.</doc>
<status status="PASS" start="2024-05-25T23:17:39.051079" elapsed="0.000622"/>
</kw>
<kw name="Log" owner="BuiltIn">
<msg time="2024-05-25T23:17:39.052238" level="INFO">93119</msg>
<arg>${json_data['results'][0]['location']['postcode']}</arg>
<doc>Logs the given message with the given level.</doc>
<status status="PASS" start="2024-05-25T23:17:39.051905" elapsed="0.000374"/>
</kw>
<status status="PASS" start="2024-05-25T23:17:38.960371" elapsed="0.092169"/>
</kw>
<doc>Testa se os tipos de dados na resposta da API estão corretos.</doc>
<tag>testeTiposDados</tag>
<status status="PASS" start="2024-05-25T23:17:38.883439" elapsed="0.169272"/>
</test>
<test id="s1-s1-t5" name="Validar conteudo" line="35">
<kw name="Teste de Tipos de Conteudo" owner="random-user-service">
<kw name="GET On Session" owner="RequestsLibrary">
<msg time="2024-05-25T23:17:39.152921" level="INFO">GET Request : url=https://randomuser.me/api 
 path_url=/api 
 headers={'User-Agent': 'python-requests/2.32.2', 'Accept-Encoding': 'gzip, deflate', 'Accept': '*/*', 'Connection': 'keep-alive'} 
 body=None 
 </msg>
<msg time="2024-05-25T23:17:39.153042" level="INFO">GET Response : url=https://randomuser.me/api 
 status=200, reason=OK 
 headers={'Date': 'Sat, 25 May 2024 23:17:39 GMT', 'Content-Type': 'application/json; charset=utf-8', 'Transfer-Encoding': 'chunked', 'Connection': 'keep-alive', 'X-Powered-By': 'Express', 'Access-Control-Allow-Origin': '*', 'Cache-Control': 'no-cache', 'ETag': 'W/"485-0oSEy0Y1r5KbLs837nKhaDEJhyk"', 'Vary': 'Accept-Encoding', 'Content-Encoding': 'gzip', 'CF-Cache-Status': 'DYNAMIC', 'Report-To': '{"endpoints":[{"url":"https:\\/\\/a.nel.cloudflare.com\\/report\\/v4?s=H%2B1j1mJt9hVRD%2FZoKU6zT7wQhLBzxfnWYrm4ExbuI3J8AiHkAKRwGwi8HEDrrHinxEa4mRB7C1Md%2B8o%2F%2BP%2BCRk%2BAHO4ZGbAm1V%2FM9DwmihQYvPpemYZK62Bj%2FF8e8drV"}],"group":"cf-nel","max_age":604800}', 'NEL': '{"success_fraction":0,"report_to":"cf-nel","max_age":604800}', 'Server': 'cloudflare', 'CF-RAY': '88993d771b3b6345-ORD', 'alt-svc': 'h3=":443"; ma=86400'} 
 body={"results":[{"gender":"female","name":{"title":"Mrs","first":"Kamilla","last":"Bakke"},"location":{"street":{"number":1455,"name":"Bjerkeliveien"},"city":"Høllen","state":"Oslo","country":"Norway","postcode":"7398","coordinates":{"latitude":"39.8933","longitude":"5.7390"},"timezone":{"offset":"+8:00","description":"Beijing, Perth, Singapore, Hong Kong"}},"email":"kamilla.bakke@example.com","login":{"uuid":"705d2159-2a1b-49c6-b7e2-236a51a0976a","username":"blackdog288","password":"threesom","salt":"PgSLVA8D","md5":"8a70de2fc9312e791c8e5d023752a060","sha1":"c23683e5d204f563181519f3ec3643f1bcdda9fa","sha256":"231f857120d7962b63e164fa0c855e87506cad4e57e0e7782fa9056796518dd2"},"dob":{"date":"1966-06-21T07:36:22.876Z","age":57},"registered":{"date":"2015-07-30T14:17:59.752Z","age":8},"phone":"26064364","cell":"41727608","id":{"name":"FN","value":"21066609429"},"picture":{"large":"https://randomuser.me/api/portraits/women/32.jpg","medium":"https://randomuser.me/api/portraits/med/women/32.jpg","thumbnail":"https://randomuser.me/api/portraits/thumb/women/32.jpg"},"nat":"NO"}],"info":{"seed":"3d843de7c97d581c","results":1,"page":1,"version":"1.4"}} 
 </msg>
<msg time="2024-05-25T23:17:39.153134" level="INFO">/opt/hostedtoolcache/Python/3.12.3/x64/lib/python3.12/site-packages/urllib3/connectionpool.py:1103: InsecureRequestWarning: Unverified HTTPS request is being made to host 'randomuser.me'. Adding certificate verification is strongly advised. See: https://urllib3.readthedocs.io/en/latest/advanced-usage.html#tls-warnings
  warnings.warn(</msg>
<msg time="2024-05-25T23:17:39.153343" level="INFO">${response} = &lt;Response [200]&gt;</msg>
<var>${response}</var>
<arg>consultarAPI</arg>
<arg>/api</arg>
<doc>Sends a GET request on a previously created HTTP Session.</doc>
<status status="PASS" start="2024-05-25T23:17:39.055228" elapsed="0.098158"/>
</kw>
<kw name="Set Variable" owner="BuiltIn">
<msg time="2024-05-25T23:17:39.154579" level="INFO">${json_data} = {'results': [{'gender': 'female', 'name': {'title': 'Mrs', 'first': 'Kamilla', 'last': 'Bakke'}, 'location': {'street': {'number': 1455, 'name': 'Bjerkeliveien'}, 'city': 'Høllen', 'state': 'Oslo', 'c...</msg>
<var>${json_data}</var>
<arg>${response.json()}</arg>
<doc>Returns the given values which can then be assigned to a variables.</doc>
<status status="PASS" start="2024-05-25T23:17:39.154026" elapsed="0.000584"/>
</kw>
<kw name="Set Variable" owner="BuiltIn">
<msg time="2024-05-25T23:17:39.155344" level="INFO">${name_title} = Mrs</msg>
<var>${name_title}</var>
<arg>${json_data["results"][0]["name"]["title"]}</arg>
<doc>Returns the given values which can then be assigned to a variables.</doc>
<status status="PASS" start="2024-05-25T23:17:39.154952" elapsed="0.000418"/>
</kw>
<kw name="Create List" owner="BuiltIn">
<msg time="2024-05-25T23:17:39.155819" level="INFO">${allowed_titles} = ['Mr', 'Ms', 'Miss', 'Mrs', 'Madame', 'Monsieur']</msg>
<var>${allowed_titles}</var>
<arg>Mr</arg>
<arg>Ms</arg>
<arg>Miss</arg>
<arg>Mrs</arg>
<arg>Madame</arg>
<arg>Monsieur</arg>
<doc>Returns a list containing given items.</doc>
<status status="PASS" start="2024-05-25T23:17:39.155673" elapsed="0.000170"/>
</kw>
<kw name="List Should Contain Value" owner="Collections">
<msg time="2024-05-25T23:17:39.156324" level="INFO">False</msg>
<arg>${allowed_titles}</arg>
<arg>${name_title}</arg>
<doc>Fails if the ``value`` is not found from ``list``.</doc>
<status status="PASS" start="2024-05-25T23:17:39.156143" elapsed="0.000218"/>
</kw>
<kw name="Set Variable" owner="BuiltIn">
<msg time="2024-05-25T23:17:39.157269" level="INFO">${name_country} = NO</msg>
<var>${name_country}</var>
<arg>${json_data["results"][0]["nat"]}</arg>
<doc>Returns the given values which can then be assigned to a variables.</doc>
<status status="PASS" start="2024-05-25T23:17:39.156657" elapsed="0.000640"/>
</kw>
<kw name="Create List" owner="BuiltIn">
<msg time="2024-05-25T23:17:39.158204" level="INFO">${list_country} = ['AD', 'AE', 'AF', 'AG', 'AI', 'AL', 'AM', 'AO', 'AQ', 'AR', 'AS', 'AT', 'AU', 'AW', 'AX', 'AZ', 'BA', 'BB', 'BD', 'BE', 'BF', 'BG', 'BH', 'BI', 'BJ', 'BL', 'BM', 'BN', 'BO', 'BQ', 'BR', 'BS', 'BT', '...</msg>
<var>${list_country}</var>
<arg>AD</arg>
<arg>AE</arg>
<arg>AF</arg>
<arg>AG</arg>
<arg>AI</arg>
<arg>AL</arg>
<arg>AM</arg>
<arg>AO</arg>
<arg>AQ</arg>
<arg>AR</arg>
<arg>AS</arg>
<arg>AT</arg>
<arg>AU</arg>
<arg>AW</arg>
<arg>AX</arg>
<arg>AZ</arg>
<arg>BA</arg>
<arg>BB</arg>
<arg>BD</arg>
<arg>BE</arg>
<arg>BF</arg>
<arg>BG</arg>
<arg>BH</arg>
<arg>BI</arg>
<arg>BJ</arg>
<arg>BL</arg>
<arg>BM</arg>
<arg>BN</arg>
<arg>BO</arg>
<arg>BQ</arg>
<arg>BR</arg>
<arg>BS</arg>
<arg>BT</arg>
<arg>BV</arg>
<arg>BW</arg>
<arg>BY</arg>
<arg>BZ</arg>
<arg>CA</arg>
<arg>CC</arg>
<arg>CD</arg>
<arg>CF</arg>
<arg>CG</arg>
<arg>CH</arg>
<arg>CI</arg>
<arg>CK</arg>
<arg>CL</arg>
<arg>CM</arg>
<arg>CN</arg>
<arg>CO</arg>
<arg>CR</arg>
<arg>CU</arg>
<arg>CV</arg>
<arg>CW</arg>
<arg>CX</arg>
<arg>CY</arg>
<arg>CZ</arg>
<arg>DE</arg>
<arg>DJ</arg>
<arg>DK</arg>
<arg>DM</arg>
<arg>DO</arg>
<arg>DZ</arg>
<arg>EC</arg>
<arg>EE</arg>
<arg>EG</arg>
<arg>EH</arg>
<arg>ER</arg>
<arg>ES</arg>
<arg>ET</arg>
<arg>FI</arg>
<arg>FJ</arg>
<arg>FK</arg>
<arg>FM</arg>
<arg>FO</arg>
<arg>FR</arg>
<arg>GA</arg>
<arg>GB</arg>
<arg>GD</arg>
<arg>GE</arg>
<arg>GF</arg>
<arg>GG</arg>
<arg>GH</arg>
<arg>GI</arg>
<arg>GL</arg>
<arg>GM</arg>
<arg>GN</arg>
<arg>GP</arg>
<arg>GQ</arg>
<arg>GR</arg>
<arg>GS</arg>
<arg>GT</arg>
<arg>GU</arg>
<arg>GW</arg>
<arg>GY</arg>
<arg>HK</arg>
<arg>HM</arg>
<arg>HN</arg>
<arg>HR</arg>
<arg>HT</arg>
<arg>HU</arg>
<arg>ID</arg>
<arg>IE</arg>
<arg>IL</arg>
<arg>IM</arg>
<arg>IN</arg>
<arg>IO</arg>
<arg>IQ</arg>
<arg>IR</arg>
<arg>IS</arg>
<arg>IT</arg>
<arg>JE</arg>
<arg>JM</arg>
<arg>JO</arg>
<arg>JP</arg>
<arg>KE</arg>
<arg>KG</arg>
<arg>KH</arg>
<arg>KI</arg>
<arg>KM</arg>
<arg>KN</arg>
<arg>KP</arg>
<arg>KR</arg>
<arg>KW</arg>
<arg>KY</arg>
<arg>KZ</arg>
<arg>LA</arg>
<arg>LB</arg>
<arg>LC</arg>
<arg>LI</arg>
<arg>LK</arg>
<arg>LR</arg>
<arg>LS</arg>
<arg>LT</arg>
<arg>LU</arg>
<arg>LV</arg>
<arg>LY</arg>
<arg>MA</arg>
<arg>MC</arg>
<arg>MD</arg>
<arg>ME</arg>
<arg>MF</arg>
<arg>MG</arg>
<arg>MH</arg>
<arg>MK</arg>
<arg>ML</arg>
<arg>MM</arg>
<arg>MN</arg>
<arg>MO</arg>
<arg>MP</arg>
<arg>MQ</arg>
<arg>MR</arg>
<arg>MS</arg>
<arg>MT</arg>
<arg>MU</arg>
<arg>MV</arg>
<arg>MW</arg>
<arg>MX</arg>
<arg>MY</arg>
<arg>MZ</arg>
<arg>NA</arg>
<arg>NC</arg>
<arg>NE</arg>
<arg>NF</arg>
<arg>NG</arg>
<arg>NI</arg>
<arg>NL</arg>
<arg>NO</arg>
<arg>NP</arg>
<arg>NR</arg>
<arg>NU</arg>
<arg>NZ</arg>
<arg>OM</arg>
<arg>PA</arg>
<arg>PE</arg>
<arg>PF</arg>
<arg>PG</arg>
<arg>PH</arg>
<arg>PK</arg>
<arg>PL</arg>
<arg>PM</arg>
<arg>PN</arg>
<arg>PR</arg>
<arg>PS</arg>
<arg>PT</arg>
<arg>PW</arg>
<arg>PY</arg>
<arg>QA</arg>
<arg>RE</arg>
<arg>RO</arg>
<arg>RS</arg>
<arg>RU</arg>
<arg>RW</arg>
<arg>SA</arg>
<arg>SB</arg>
<arg>SC</arg>
<arg>SD</arg>
<arg>SE</arg>
<arg>SG</arg>
<arg>SH</arg>
<arg>SI</arg>
<arg>SJ</arg>
<arg>SK</arg>
<arg>SL</arg>
<arg>SM</arg>
<arg>SN</arg>
<arg>SO</arg>
<arg>SR</arg>
<arg>SS</arg>
<arg>ST</arg>
<arg>SV</arg>
<arg>SX</arg>
<arg>SY</arg>
<arg>SZ</arg>
<arg>TC</arg>
<arg>TD</arg>
<arg>TF</arg>
<arg>TG</arg>
<arg>TH</arg>
<arg>TJ</arg>
<arg>TK</arg>
<arg>TL</arg>
<arg>TM</arg>
<arg>TN</arg>
<arg>TO</arg>
<arg>TR</arg>
<arg>TT</arg>
<arg>TV</arg>
<arg>TW</arg>
<arg>TZ</arg>
<arg>UA</arg>
<arg>UG</arg>
<arg>UM</arg>
<arg>US</arg>
<arg>UY</arg>
<arg>UZ</arg>
<arg>VA</arg>
<arg>VC</arg>
<arg>VE</arg>
<arg>VG</arg>
<arg>VI</arg>
<arg>VN</arg>
<arg>VU</arg>
<arg>WF</arg>
<arg>WS</arg>
<arg>XK</arg>
<arg>YE</arg>
<arg>YT</arg>
<arg>ZA</arg>
<arg>ZM</arg>
<arg>ZW</arg>
<doc>Returns a list containing given items.</doc>
<status status="PASS" start="2024-05-25T23:17:39.157612" elapsed="0.000618"/>
</kw>
<kw name="List Should Contain Value" owner="Collections">
<msg time="2024-05-25T23:17:39.159219" level="INFO">False</msg>
<arg>${list_country}</arg>
<arg>${name_country}</arg>
<doc>Fails if the ``value`` is not found from ``list``.</doc>
<status status="PASS" start="2024-05-25T23:17:39.159015" elapsed="0.000240"/>
</kw>
<kw name="Run Keyword If" owner="BuiltIn">
<kw name="Should Be True" owner="BuiltIn">
<arg>${True}</arg>
<doc>Fails if the given condition is not true.</doc>
<status status="PASS" start="2024-05-25T23:17:39.160314" elapsed="0.000143"/>
</kw>
<arg>${json_data["results"][0]["location"]["coordinates"]["latitude"]} &gt;= -90 and ${json_data["results"][0]["location"]["coordinates"]["latitude"]} &lt;= 90</arg>
<arg>Should Be True</arg>
<arg>${True}</arg>
<doc>Runs the given keyword with the given arguments, if ``condition`` is true.</doc>
<status status="PASS" start="2024-05-25T23:17:39.159566" elapsed="0.001018"/>
</kw>
<kw name="Run Keyword If" owner="BuiltIn">
<kw name="Should Be True" owner="BuiltIn">
<arg>${True}</arg>
<doc>Fails if the given condition is not true.</doc>
<status status="PASS" start="2024-05-25T23:17:39.161508" elapsed="0.000140"/>
</kw>
<arg>${json_data["results"][0]["location"]["coordinates"]["longitude"]} &gt;= -180 and ${json_data["results"][0]["location"]["coordinates"]["longitude"]} &lt;= 180</arg>
<arg>Should Be True</arg>
<arg>${True}</arg>
<doc>Runs the given keyword with the given arguments, if ``condition`` is true.</doc>
<status status="PASS" start="2024-05-25T23:17:39.160769" elapsed="0.001004"/>
</kw>
<status status="PASS" start="2024-05-25T23:17:39.054988" elapsed="0.106917"/>
</kw>
<doc>Testa o conteúdo específico dos campos retornados pela API.</doc>
<tag>testeConteudo</tag>
<status status="PASS" start="2024-05-25T23:17:39.054506" elapsed="0.107550"/>
</test>
<status status="PASS" start="2024-05-25T23:17:38.258395" elapsed="0.905597"/>
</suite>
<status status="PASS" start="2024-05-25T23:17:38.244476" elapsed="0.924787"/>
</suite>
<statistics>
<total>
<stat pass="5" fail="0" skip="0">All Tests</stat>
</total>
<tag>
<stat pass="1" fail="0" skip="0">testeConteudo</stat>
<stat pass="1" fail="0" skip="0">testeEstruturaResposta</stat>
<stat pass="1" fail="0" skip="0">testeRequisicaoBasica</stat>
<stat pass="1" fail="0" skip="0">testeTiposDados</stat>
</tag>
<suite>
<stat pass="5" fail="0" skip="0" id="s1" name="Tests">Tests</stat>
<stat pass="5" fail="0" skip="0" id="s1-s1" name="Random-User-Test">Tests.Random-User-Test</stat>
</suite>
</statistics>
<errors>
</errors>
</robot>
