<?xml version="1.0" encoding="UTF-8"?>
<robot generator="Robot 7.0 (Python 3.12.3 on linux)" generated="2024-05-05T08:16:41.995945" rpa="false" schemaversion="5">
<suite id="s1" name="Tests" source="/home/runner/work/DesafioQAItauRogerioJordao/DesafioQAItauRogerioJordao/RamdonUser/tests">
<suite id="s1-s1" name="Random-User-Test" source="/home/runner/work/DesafioQAItauRogerioJordao/DesafioQAItauRogerioJordao/RamdonUser/tests/random-user-test.robot">
<test id="s1-s1-t1" name="Conectar" line="13">
<kw name="Conectar API" owner="random-user-service">
<kw name="Create Session" owner="RequestsLibrary">
<msg time="2024-05-05T08:16:42.378548" level="INFO">Creating Session using : alias=consultarAPI, url=https://randomuser.me/, headers={},                     cookies={}, auth=None, timeout=None, proxies=None, verify=False,                     debug=0 </msg>
<arg>consultarAPI</arg>
<arg>${URL}</arg>
<doc>Create Session: create a HTTP session to a server</doc>
<status status="PASS" start="2024-05-05T08:16:42.378338" elapsed="0.000415"/>
</kw>
<status status="PASS" start="2024-05-05T08:16:42.377307" elapsed="0.001815"/>
</kw>
<status status="PASS" start="2024-05-05T08:16:42.376719" elapsed="0.002620"/>
</test>
<test id="s1-s1-t2" name="Validar retorno 200 e JSON Válido" line="16">
<kw name="Teste de Requisicao Basica" owner="random-user-service">
<kw name="GET On Session" owner="RequestsLibrary">
<msg time="2024-05-05T08:16:42.645998" level="INFO">GET Request : url=https://randomuser.me/api 
 path_url=/api 
 headers={'User-Agent': 'python-requests/2.31.0', 'Accept-Encoding': 'gzip, deflate', 'Accept': '*/*', 'Connection': 'keep-alive'} 
 body=None 
 </msg>
<msg time="2024-05-05T08:16:42.646153" level="INFO">GET Response : url=https://randomuser.me/api 
 status=200, reason=OK 
 headers={'Date': 'Sun, 05 May 2024 08:16:42 GMT', 'Content-Type': 'application/json; charset=utf-8', 'Transfer-Encoding': 'chunked', 'Connection': 'keep-alive', 'X-Powered-By': 'Express', 'Access-Control-Allow-Origin': '*', 'Cache-Control': 'no-cache', 'ETag': 'W/"488-U7iQe0oJxpAhb/IMZ/rZmZ9bfl0"', 'Vary': 'Accept-Encoding', 'Content-Encoding': 'gzip', 'CF-Cache-Status': 'DYNAMIC', 'Report-To': '{"endpoints":[{"url":"https:\\/\\/a.nel.cloudflare.com\\/report\\/v4?s=A06SaLbR9p%2FCAU%2BdkW1Yn5oEe0vMzPAShm%2FWQxaCQTZxNvXKUqgbbOhIxvH3CcFlbYrRgR4%2F4ZvihM%2BIaSMyBIcyO%2FWarx71rTvcKwLodiYMa5LYQw29Edq8jqgcYubd"}],"group":"cf-nel","max_age":604800}', 'NEL': '{"success_fraction":0,"report_to":"cf-nel","max_age":604800}', 'Server': 'cloudflare', 'CF-RAY': '87ef4a390b4822a2-SJC', 'alt-svc': 'h3=":443"; ma=86400'} 
 body={"results":[{"gender":"male","name":{"title":"Mr","first":"Živan","last":"Blažić"},"location":{"street":{"number":2344,"name":"Lička"},"city":"Velika Plana","state":"Kosovska Mitrovica","country":"Serbia","postcode":15698,"coordinates":{"latitude":"61.3288","longitude":"-176.9896"},"timezone":{"offset":"-1:00","description":"Azores, Cape Verde Islands"}},"email":"zivan.blazic@example.com","login":{"uuid":"f0636e41-ad2e-418e-91e5-b6e6b7f07943","username":"tinygoose735","password":"barrett","salt":"OYi6gG4J","md5":"5b10c7887b09f6a6ec60fde640f95833","sha1":"a60fecd78d3259fbe1962a92b5c0eb460f181386","sha256":"9c6a7b58723481b469cfa9965376303dd826556656aea2ca4feb41cd302c9459"},"dob":{"date":"1966-10-22T17:51:51.411Z","age":57},"registered":{"date":"2021-01-27T11:11:06.409Z","age":3},"phone":"034-9046-221","cell":"063-0333-099","id":{"name":"SID","value":"664200878"},"picture":{"large":"https://randomuser.me/api/portraits/men/37.jpg","medium":"https://randomuser.me/api/portraits/med/men/37.jpg","thumbnail":"https://randomuser.me/api/portraits/thumb/men/37.jpg"},"nat":"RS"}],"info":{"seed":"44a7e59f313ccdb8","results":1,"page":1,"version":"1.4"}} 
 </msg>
<msg time="2024-05-05T08:16:42.646238" level="INFO">/opt/hostedtoolcache/Python/3.12.3/x64/lib/python3.12/site-packages/urllib3/connectionpool.py:1103: InsecureRequestWarning: Unverified HTTPS request is being made to host 'randomuser.me'. Adding certificate verification is strongly advised. See: https://urllib3.readthedocs.io/en/latest/advanced-usage.html#tls-warnings
  warnings.warn(</msg>
<msg time="2024-05-05T08:16:42.646377" level="INFO">${response} = &lt;Response [200]&gt;</msg>
<var>${response}</var>
<arg>consultarAPI</arg>
<arg>/api</arg>
<doc>Sends a GET request on a previously created HTTP Session.</doc>
<status status="PASS" start="2024-05-05T08:16:42.382019" elapsed="0.264390"/>
</kw>
<kw name="Should Be Equal As Numbers" owner="BuiltIn">
<msg time="2024-05-05T08:16:42.647491" level="INFO">Argument types are:
&lt;class 'int'&gt;
&lt;class 'str'&gt;</msg>
<arg>${response.status_code}</arg>
<arg>200</arg>
<doc>Fails if objects are unequal after converting them to real numbers.</doc>
<status status="PASS" start="2024-05-05T08:16:42.646987" elapsed="0.000570"/>
</kw>
<kw name="Log" owner="BuiltIn">
<msg time="2024-05-05T08:16:42.648258" level="INFO">200</msg>
<arg>${response.status_code}</arg>
<doc>Logs the given message with the given level.</doc>
<status status="PASS" start="2024-05-05T08:16:42.647903" elapsed="0.000396"/>
</kw>
<kw name="Set Variable" owner="BuiltIn">
<msg time="2024-05-05T08:16:42.649052" level="INFO">${json_data} = {'results': [{'gender': 'male', 'name': {'title': 'Mr', 'first': 'Živan', 'last': 'Blažić'}, 'location': {'street': {'number': 2344, 'name': 'Lička'}, 'city': 'Velika Plana', 'state': 'Kosovska Mitrov...</msg>
<var>${json_data}</var>
<arg>${response.json()}</arg>
<doc>Returns the given values which can then be assigned to a variables.</doc>
<status status="PASS" start="2024-05-05T08:16:42.648601" elapsed="0.000480"/>
</kw>
<kw name="Dictionary Should Contain Key" owner="Collections">
<msg time="2024-05-05T08:16:42.649555" level="INFO">False</msg>
<arg>${json_data}</arg>
<arg>results</arg>
<doc>Fails if ``key`` is not found from ``dictionary``.</doc>
<status status="PASS" start="2024-05-05T08:16:42.649388" elapsed="0.000207"/>
</kw>
<status status="PASS" start="2024-05-05T08:16:42.381765" elapsed="0.268088"/>
</kw>
<doc>Testa se a API responde corretamente e retorna um objeto JSON válido.</doc>
<tag>testeRequisicaoBasica</tag>
<status status="PASS" start="2024-05-05T08:16:42.381282" elapsed="0.268757"/>
</test>
<test id="s1-s1-t3" name="Validar estrutura de resposta" line="22">
<kw name="Teste de Estrutura de Resposta" owner="random-user-service">
<kw name="GET On Session" owner="RequestsLibrary">
<msg time="2024-05-05T08:16:42.746193" level="INFO">GET Request : url=https://randomuser.me/api 
 path_url=/api 
 headers={'User-Agent': 'python-requests/2.31.0', 'Accept-Encoding': 'gzip, deflate', 'Accept': '*/*', 'Connection': 'keep-alive'} 
 body=None 
 </msg>
<msg time="2024-05-05T08:16:42.746294" level="INFO">GET Response : url=https://randomuser.me/api 
 status=200, reason=OK 
 headers={'Date': 'Sun, 05 May 2024 08:16:42 GMT', 'Content-Type': 'application/json; charset=utf-8', 'Transfer-Encoding': 'chunked', 'Connection': 'keep-alive', 'X-Powered-By': 'Express', 'Access-Control-Allow-Origin': '*', 'Cache-Control': 'no-cache', 'ETag': 'W/"492-41crbRWejTQ8E81lwehPV9MoSIg"', 'Vary': 'Accept-Encoding', 'Content-Encoding': 'gzip', 'CF-Cache-Status': 'DYNAMIC', 'Report-To': '{"endpoints":[{"url":"https:\\/\\/a.nel.cloudflare.com\\/report\\/v4?s=whnRcNMNWiR%2BOoRzLNMjeEUGNHfrgrV4vkuDQXkG%2BOk5J8nYLbk9ng1o6Vy9TC0g3jA4NxCIJTr2XLDHrD%2FoYv%2FQdGStftiEk3lwhOb5O4pjflUg%2B9GtiwweQJ6uhLuc"}],"group":"cf-nel","max_age":604800}', 'NEL': '{"success_fraction":0,"report_to":"cf-nel","max_age":604800}', 'Server': 'cloudflare', 'CF-RAY': '87ef4a3a9c3922a2-SJC', 'alt-svc': 'h3=":443"; ma=86400'} 
 body={"results":[{"gender":"female","name":{"title":"Ms","first":"Isla","last":"Kivisto"},"location":{"street":{"number":7685,"name":"Tehtaankatu"},"city":"Karvia","state":"Satakunta","country":"Finland","postcode":42801,"coordinates":{"latitude":"-24.8144","longitude":"28.3936"},"timezone":{"offset":"+10:00","description":"Eastern Australia, Guam, Vladivostok"}},"email":"isla.kivisto@example.com","login":{"uuid":"65efce4a-508c-443d-8273-2a9ff11eabb6","username":"browndog707","password":"jack","salt":"cIXqn2bk","md5":"8c1b578c33353fa26922218087211d9b","sha1":"636d4aa1f5428be3ae25038ac08f07ed95813eeb","sha256":"a40b15de48c51fe580bf1a992ac46dd776ae07df7854da4408e182e715b35b70"},"dob":{"date":"1977-07-13T03:26:14.394Z","age":46},"registered":{"date":"2021-12-24T15:46:16.845Z","age":2},"phone":"02-186-773","cell":"047-646-89-38","id":{"name":"HETU","value":"NaNNA234undefined"},"picture":{"large":"https://randomuser.me/api/portraits/women/92.jpg","medium":"https://randomuser.me/api/portraits/med/women/92.jpg","thumbnail":"https://randomuser.me/api/portraits/thumb/women/92.jpg"},"nat":"FI"}],"info":{"seed":"5db693594375d82a","results":1,"page":1,"version":"1.4"}} 
 </msg>
<msg time="2024-05-05T08:16:42.746425" level="INFO">/opt/hostedtoolcache/Python/3.12.3/x64/lib/python3.12/site-packages/urllib3/connectionpool.py:1103: InsecureRequestWarning: Unverified HTTPS request is being made to host 'randomuser.me'. Adding certificate verification is strongly advised. See: https://urllib3.readthedocs.io/en/latest/advanced-usage.html#tls-warnings
  warnings.warn(</msg>
<msg time="2024-05-05T08:16:42.746558" level="INFO">${response} = &lt;Response [200]&gt;</msg>
<var>${response}</var>
<arg>consultarAPI</arg>
<arg>/api</arg>
<doc>Sends a GET request on a previously created HTTP Session.</doc>
<status status="PASS" start="2024-05-05T08:16:42.653042" elapsed="0.093558"/>
</kw>
<kw name="Set Variable" owner="BuiltIn">
<msg time="2024-05-05T08:16:42.747848" level="INFO">${json_data} = {'results': [{'gender': 'female', 'name': {'title': 'Ms', 'first': 'Isla', 'last': 'Kivisto'}, 'location': {'street': {'number': 7685, 'name': 'Tehtaankatu'}, 'city': 'Karvia', 'state': 'Satakunta', '...</msg>
<var>${json_data}</var>
<arg>${response.json()}</arg>
<doc>Returns the given values which can then be assigned to a variables.</doc>
<status status="PASS" start="2024-05-05T08:16:42.747258" elapsed="0.000620"/>
</kw>
<kw name="Log" owner="BuiltIn">
<msg time="2024-05-05T08:16:42.748345" level="INFO">{'results': [{'gender': 'female', 'name': {'title': 'Ms', 'first': 'Isla', 'last': 'Kivisto'}, 'location': {'street': {'number': 7685, 'name': 'Tehtaankatu'}, 'city': 'Karvia', 'state': 'Satakunta', 'country': 'Finland', 'postcode': 42801, 'coordinates': {'latitude': '-24.8144', 'longitude': '28.3936'}, 'timezone': {'offset': '+10:00', 'description': 'Eastern Australia, Guam, Vladivostok'}}, 'email': 'isla.kivisto@example.com', 'login': {'uuid': '65efce4a-508c-443d-8273-2a9ff11eabb6', 'username': 'browndog707', 'password': 'jack', 'salt': 'cIXqn2bk', 'md5': '8c1b578c33353fa26922218087211d9b', 'sha1': '636d4aa1f5428be3ae25038ac08f07ed95813eeb', 'sha256': 'a40b15de48c51fe580bf1a992ac46dd776ae07df7854da4408e182e715b35b70'}, 'dob': {'date': '1977-07-13T03:26:14.394Z', 'age': 46}, 'registered': {'date': '2021-12-24T15:46:16.845Z', 'age': 2}, 'phone': '02-186-773', 'cell': '047-646-89-38', 'id': {'name': 'HETU', 'value': 'NaNNA234undefined'}, 'picture': {'large': 'https://randomuser.me/api/portraits/women/92.jpg', 'medium': 'https://randomuser.me/api/portraits/med/women/92.jpg', 'thumbnail': 'https://randomuser.me/api/portraits/thumb/women/92.jpg'}, 'nat': 'FI'}], 'info': {'seed': '5db693594375d82a', 'results': 1, 'page': 1, 'version': '1.4'}}</msg>
<arg>${json_data}</arg>
<doc>Logs the given message with the given level.</doc>
<status status="PASS" start="2024-05-05T08:16:42.748189" elapsed="0.000209"/>
</kw>
<kw name="Dictionary Should Contain Key" owner="Collections">
<msg time="2024-05-05T08:16:42.748864" level="INFO">False</msg>
<arg>${json_data}</arg>
<arg>results</arg>
<doc>Fails if ``key`` is not found from ``dictionary``.</doc>
<status status="PASS" start="2024-05-05T08:16:42.748700" elapsed="0.000203"/>
</kw>
<kw name="Should Not Be Empty" owner="BuiltIn">
<msg time="2024-05-05T08:16:42.749330" level="INFO">Length is 2.</msg>
<arg>${json_data}</arg>
<doc>Verifies that the given item is not empty.</doc>
<status status="PASS" start="2024-05-05T08:16:42.749198" elapsed="0.000170"/>
</kw>
<kw name="Create List" owner="BuiltIn">
<msg time="2024-05-05T08:16:42.749964" level="INFO">${expected_keys} = ['gender', 'name', 'location', 'email', 'login']</msg>
<var>${expected_keys}</var>
<arg>gender</arg>
<arg>name</arg>
<arg>location</arg>
<arg>email</arg>
<arg>login</arg>
<doc>Returns a list containing given items.</doc>
<status status="PASS" start="2024-05-05T08:16:42.749657" elapsed="0.000332"/>
</kw>
<for flavor="IN">
<iter>
<kw name="Dictionary Should Contain Key" owner="Collections">
<msg time="2024-05-05T08:16:42.750988" level="INFO">False</msg>
<arg>${json_data['results'][0]}</arg>
<arg>${key}</arg>
<doc>Fails if ``key`` is not found from ``dictionary``.</doc>
<status status="PASS" start="2024-05-05T08:16:42.750587" elapsed="0.000438"/>
</kw>
<kw name="Log" owner="BuiltIn">
<msg time="2024-05-05T08:16:42.751732" level="INFO">{'gender': 'female', 'name': {'title': 'Ms', 'first': 'Isla', 'last': 'Kivisto'}, 'location': {'street': {'number': 7685, 'name': 'Tehtaankatu'}, 'city': 'Karvia', 'state': 'Satakunta', 'country': 'Finland', 'postcode': 42801, 'coordinates': {'latitude': '-24.8144', 'longitude': '28.3936'}, 'timezone': {'offset': '+10:00', 'description': 'Eastern Australia, Guam, Vladivostok'}}, 'email': 'isla.kivisto@example.com', 'login': {'uuid': '65efce4a-508c-443d-8273-2a9ff11eabb6', 'username': 'browndog707', 'password': 'jack', 'salt': 'cIXqn2bk', 'md5': '8c1b578c33353fa26922218087211d9b', 'sha1': '636d4aa1f5428be3ae25038ac08f07ed95813eeb', 'sha256': 'a40b15de48c51fe580bf1a992ac46dd776ae07df7854da4408e182e715b35b70'}, 'dob': {'date': '1977-07-13T03:26:14.394Z', 'age': 46}, 'registered': {'date': '2021-12-24T15:46:16.845Z', 'age': 2}, 'phone': '02-186-773', 'cell': '047-646-89-38', 'id': {'name': 'HETU', 'value': 'NaNNA234undefined'}, 'picture': {'large': 'https://randomuser.me/api/portraits/women/92.jpg', 'medium': 'https://randomuser.me/api/portraits/med/women/92.jpg', 'thumbnail': 'https://randomuser.me/api/portraits/thumb/women/92.jpg'}, 'nat': 'FI'}</msg>
<arg>${json_data['results'][0]}</arg>
<doc>Logs the given message with the given level.</doc>
<status status="PASS" start="2024-05-05T08:16:42.751357" elapsed="0.000423"/>
</kw>
<kw name="Log" owner="BuiltIn">
<msg time="2024-05-05T08:16:42.752203" level="INFO">gender</msg>
<arg>${key}</arg>
<doc>Logs the given message with the given level.</doc>
<status status="PASS" start="2024-05-05T08:16:42.752075" elapsed="0.000166"/>
</kw>
<var name="${key}">gender</var>
<status status="PASS" start="2024-05-05T08:16:42.750459" elapsed="0.001999"/>
</iter>
<iter>
<kw name="Dictionary Should Contain Key" owner="Collections">
<msg time="2024-05-05T08:16:42.753146" level="INFO">False</msg>
<arg>${json_data['results'][0]}</arg>
<arg>${key}</arg>
<doc>Fails if ``key`` is not found from ``dictionary``.</doc>
<status status="PASS" start="2024-05-05T08:16:42.752760" elapsed="0.000425"/>
</kw>
<kw name="Log" owner="BuiltIn">
<msg time="2024-05-05T08:16:42.753884" level="INFO">{'gender': 'female', 'name': {'title': 'Ms', 'first': 'Isla', 'last': 'Kivisto'}, 'location': {'street': {'number': 7685, 'name': 'Tehtaankatu'}, 'city': 'Karvia', 'state': 'Satakunta', 'country': 'Finland', 'postcode': 42801, 'coordinates': {'latitude': '-24.8144', 'longitude': '28.3936'}, 'timezone': {'offset': '+10:00', 'description': 'Eastern Australia, Guam, Vladivostok'}}, 'email': 'isla.kivisto@example.com', 'login': {'uuid': '65efce4a-508c-443d-8273-2a9ff11eabb6', 'username': 'browndog707', 'password': 'jack', 'salt': 'cIXqn2bk', 'md5': '8c1b578c33353fa26922218087211d9b', 'sha1': '636d4aa1f5428be3ae25038ac08f07ed95813eeb', 'sha256': 'a40b15de48c51fe580bf1a992ac46dd776ae07df7854da4408e182e715b35b70'}, 'dob': {'date': '1977-07-13T03:26:14.394Z', 'age': 46}, 'registered': {'date': '2021-12-24T15:46:16.845Z', 'age': 2}, 'phone': '02-186-773', 'cell': '047-646-89-38', 'id': {'name': 'HETU', 'value': 'NaNNA234undefined'}, 'picture': {'large': 'https://randomuser.me/api/portraits/women/92.jpg', 'medium': 'https://randomuser.me/api/portraits/med/women/92.jpg', 'thumbnail': 'https://randomuser.me/api/portraits/thumb/women/92.jpg'}, 'nat': 'FI'}</msg>
<arg>${json_data['results'][0]}</arg>
<doc>Logs the given message with the given level.</doc>
<status status="PASS" start="2024-05-05T08:16:42.753519" elapsed="0.000412"/>
</kw>
<kw name="Log" owner="BuiltIn">
<msg time="2024-05-05T08:16:42.754363" level="INFO">name</msg>
<arg>${key}</arg>
<doc>Logs the given message with the given level.</doc>
<status status="PASS" start="2024-05-05T08:16:42.754229" elapsed="0.000171"/>
</kw>
<var name="${key}">name</var>
<status status="PASS" start="2024-05-05T08:16:42.752644" elapsed="0.001973"/>
</iter>
<iter>
<kw name="Dictionary Should Contain Key" owner="Collections">
<msg time="2024-05-05T08:16:42.755322" level="INFO">False</msg>
<arg>${json_data['results'][0]}</arg>
<arg>${key}</arg>
<doc>Fails if ``key`` is not found from ``dictionary``.</doc>
<status status="PASS" start="2024-05-05T08:16:42.754906" elapsed="0.000454"/>
</kw>
<kw name="Log" owner="BuiltIn">
<msg time="2024-05-05T08:16:42.756200" level="INFO">{'gender': 'female', 'name': {'title': 'Ms', 'first': 'Isla', 'last': 'Kivisto'}, 'location': {'street': {'number': 7685, 'name': 'Tehtaankatu'}, 'city': 'Karvia', 'state': 'Satakunta', 'country': 'Finland', 'postcode': 42801, 'coordinates': {'latitude': '-24.8144', 'longitude': '28.3936'}, 'timezone': {'offset': '+10:00', 'description': 'Eastern Australia, Guam, Vladivostok'}}, 'email': 'isla.kivisto@example.com', 'login': {'uuid': '65efce4a-508c-443d-8273-2a9ff11eabb6', 'username': 'browndog707', 'password': 'jack', 'salt': 'cIXqn2bk', 'md5': '8c1b578c33353fa26922218087211d9b', 'sha1': '636d4aa1f5428be3ae25038ac08f07ed95813eeb', 'sha256': 'a40b15de48c51fe580bf1a992ac46dd776ae07df7854da4408e182e715b35b70'}, 'dob': {'date': '1977-07-13T03:26:14.394Z', 'age': 46}, 'registered': {'date': '2021-12-24T15:46:16.845Z', 'age': 2}, 'phone': '02-186-773', 'cell': '047-646-89-38', 'id': {'name': 'HETU', 'value': 'NaNNA234undefined'}, 'picture': {'large': 'https://randomuser.me/api/portraits/women/92.jpg', 'medium': 'https://randomuser.me/api/portraits/med/women/92.jpg', 'thumbnail': 'https://randomuser.me/api/portraits/thumb/women/92.jpg'}, 'nat': 'FI'}</msg>
<arg>${json_data['results'][0]}</arg>
<doc>Logs the given message with the given level.</doc>
<status status="PASS" start="2024-05-05T08:16:42.755672" elapsed="0.000607"/>
</kw>
<kw name="Log" owner="BuiltIn">
<msg time="2024-05-05T08:16:42.756859" level="INFO">location</msg>
<arg>${key}</arg>
<doc>Logs the given message with the given level.</doc>
<status status="PASS" start="2024-05-05T08:16:42.756713" elapsed="0.000185"/>
</kw>
<var name="${key}">location</var>
<status status="PASS" start="2024-05-05T08:16:42.754796" elapsed="0.002320"/>
</iter>
<iter>
<kw name="Dictionary Should Contain Key" owner="Collections">
<msg time="2024-05-05T08:16:42.757784" level="INFO">False</msg>
<arg>${json_data['results'][0]}</arg>
<arg>${key}</arg>
<doc>Fails if ``key`` is not found from ``dictionary``.</doc>
<status status="PASS" start="2024-05-05T08:16:42.757398" elapsed="0.000423"/>
</kw>
<kw name="Log" owner="BuiltIn">
<msg time="2024-05-05T08:16:42.758471" level="INFO">{'gender': 'female', 'name': {'title': 'Ms', 'first': 'Isla', 'last': 'Kivisto'}, 'location': {'street': {'number': 7685, 'name': 'Tehtaankatu'}, 'city': 'Karvia', 'state': 'Satakunta', 'country': 'Finland', 'postcode': 42801, 'coordinates': {'latitude': '-24.8144', 'longitude': '28.3936'}, 'timezone': {'offset': '+10:00', 'description': 'Eastern Australia, Guam, Vladivostok'}}, 'email': 'isla.kivisto@example.com', 'login': {'uuid': '65efce4a-508c-443d-8273-2a9ff11eabb6', 'username': 'browndog707', 'password': 'jack', 'salt': 'cIXqn2bk', 'md5': '8c1b578c33353fa26922218087211d9b', 'sha1': '636d4aa1f5428be3ae25038ac08f07ed95813eeb', 'sha256': 'a40b15de48c51fe580bf1a992ac46dd776ae07df7854da4408e182e715b35b70'}, 'dob': {'date': '1977-07-13T03:26:14.394Z', 'age': 46}, 'registered': {'date': '2021-12-24T15:46:16.845Z', 'age': 2}, 'phone': '02-186-773', 'cell': '047-646-89-38', 'id': {'name': 'HETU', 'value': 'NaNNA234undefined'}, 'picture': {'large': 'https://randomuser.me/api/portraits/women/92.jpg', 'medium': 'https://randomuser.me/api/portraits/med/women/92.jpg', 'thumbnail': 'https://randomuser.me/api/portraits/thumb/women/92.jpg'}, 'nat': 'FI'}</msg>
<arg>${json_data['results'][0]}</arg>
<doc>Logs the given message with the given level.</doc>
<status status="PASS" start="2024-05-05T08:16:42.758115" elapsed="0.000403"/>
</kw>
<kw name="Log" owner="BuiltIn">
<msg time="2024-05-05T08:16:42.758928" level="INFO">email</msg>
<arg>${key}</arg>
<doc>Logs the given message with the given level.</doc>
<status status="PASS" start="2024-05-05T08:16:42.758803" elapsed="0.000161"/>
</kw>
<var name="${key}">email</var>
<status status="PASS" start="2024-05-05T08:16:42.757287" elapsed="0.001916"/>
</iter>
<iter>
<kw name="Dictionary Should Contain Key" owner="Collections">
<msg time="2024-05-05T08:16:42.759879" level="INFO">False</msg>
<arg>${json_data['results'][0]}</arg>
<arg>${key}</arg>
<doc>Fails if ``key`` is not found from ``dictionary``.</doc>
<status status="PASS" start="2024-05-05T08:16:42.759495" elapsed="0.000421"/>
</kw>
<kw name="Log" owner="BuiltIn">
<msg time="2024-05-05T08:16:42.760575" level="INFO">{'gender': 'female', 'name': {'title': 'Ms', 'first': 'Isla', 'last': 'Kivisto'}, 'location': {'street': {'number': 7685, 'name': 'Tehtaankatu'}, 'city': 'Karvia', 'state': 'Satakunta', 'country': 'Finland', 'postcode': 42801, 'coordinates': {'latitude': '-24.8144', 'longitude': '28.3936'}, 'timezone': {'offset': '+10:00', 'description': 'Eastern Australia, Guam, Vladivostok'}}, 'email': 'isla.kivisto@example.com', 'login': {'uuid': '65efce4a-508c-443d-8273-2a9ff11eabb6', 'username': 'browndog707', 'password': 'jack', 'salt': 'cIXqn2bk', 'md5': '8c1b578c33353fa26922218087211d9b', 'sha1': '636d4aa1f5428be3ae25038ac08f07ed95813eeb', 'sha256': 'a40b15de48c51fe580bf1a992ac46dd776ae07df7854da4408e182e715b35b70'}, 'dob': {'date': '1977-07-13T03:26:14.394Z', 'age': 46}, 'registered': {'date': '2021-12-24T15:46:16.845Z', 'age': 2}, 'phone': '02-186-773', 'cell': '047-646-89-38', 'id': {'name': 'HETU', 'value': 'NaNNA234undefined'}, 'picture': {'large': 'https://randomuser.me/api/portraits/women/92.jpg', 'medium': 'https://randomuser.me/api/portraits/med/women/92.jpg', 'thumbnail': 'https://randomuser.me/api/portraits/thumb/women/92.jpg'}, 'nat': 'FI'}</msg>
<arg>${json_data['results'][0]}</arg>
<doc>Logs the given message with the given level.</doc>
<status status="PASS" start="2024-05-05T08:16:42.760207" elapsed="0.000414"/>
</kw>
<kw name="Log" owner="BuiltIn">
<msg time="2024-05-05T08:16:42.761039" level="INFO">login</msg>
<arg>${key}</arg>
<doc>Logs the given message with the given level.</doc>
<status status="PASS" start="2024-05-05T08:16:42.760914" elapsed="0.000163"/>
</kw>
<var name="${key}">login</var>
<status status="PASS" start="2024-05-05T08:16:42.759383" elapsed="0.001925"/>
</iter>
<var>${key}</var>
<value>@{expected_keys}</value>
<status status="PASS" start="2024-05-05T08:16:42.750258" elapsed="0.011175"/>
</for>
<kw name="Create List" owner="BuiltIn">
<msg time="2024-05-05T08:16:42.761769" level="INFO">${expected_keysTwo} = ['username', 'password']</msg>
<var>${expected_keysTwo}</var>
<arg>username</arg>
<arg>password</arg>
<doc>Returns a list containing given items.</doc>
<status status="PASS" start="2024-05-05T08:16:42.761626" elapsed="0.000167"/>
</kw>
<for flavor="IN">
<iter>
<kw name="Dictionary Should Contain Key" owner="Collections">
<msg time="2024-05-05T08:16:42.762673" level="INFO">False</msg>
<arg>${json_data['results'][0]['login']}</arg>
<arg>${keyTwo}</arg>
<doc>Fails if ``key`` is not found from ``dictionary``.</doc>
<status status="PASS" start="2024-05-05T08:16:42.762288" elapsed="0.000422"/>
</kw>
<kw name="Dictionary Should Contain Key" owner="Collections">
<msg time="2024-05-05T08:16:42.763419" level="INFO">False</msg>
<arg>${json_data['results'][0]['login']}</arg>
<arg>${keyTwo}</arg>
<doc>Fails if ``key`` is not found from ``dictionary``.</doc>
<status status="PASS" start="2024-05-05T08:16:42.763000" elapsed="0.000456"/>
</kw>
<kw name="Log" owner="BuiltIn">
<msg time="2024-05-05T08:16:42.763870" level="INFO">username</msg>
<arg>${keyTwo}</arg>
<doc>Logs the given message with the given level.</doc>
<status status="PASS" start="2024-05-05T08:16:42.763746" elapsed="0.000166"/>
</kw>
<var name="${keyTwo}">username</var>
<status status="PASS" start="2024-05-05T08:16:42.762179" elapsed="0.001942"/>
</iter>
<iter>
<kw name="Dictionary Should Contain Key" owner="Collections">
<msg time="2024-05-05T08:16:42.764785" level="INFO">False</msg>
<arg>${json_data['results'][0]['login']}</arg>
<arg>${keyTwo}</arg>
<doc>Fails if ``key`` is not found from ``dictionary``.</doc>
<status status="PASS" start="2024-05-05T08:16:42.764396" elapsed="0.000426"/>
</kw>
<kw name="Dictionary Should Contain Key" owner="Collections">
<msg time="2024-05-05T08:16:42.765570" level="INFO">False</msg>
<arg>${json_data['results'][0]['login']}</arg>
<arg>${keyTwo}</arg>
<doc>Fails if ``key`` is not found from ``dictionary``.</doc>
<status status="PASS" start="2024-05-05T08:16:42.765107" elapsed="0.000500"/>
</kw>
<kw name="Log" owner="BuiltIn">
<msg time="2024-05-05T08:16:42.766019" level="INFO">password</msg>
<arg>${keyTwo}</arg>
<doc>Logs the given message with the given level.</doc>
<status status="PASS" start="2024-05-05T08:16:42.765896" elapsed="0.000159"/>
</kw>
<var name="${keyTwo}">password</var>
<status status="PASS" start="2024-05-05T08:16:42.764287" elapsed="0.001978"/>
</iter>
<var>${keyTwo}</var>
<value>@{expected_keysTwo}</value>
<status status="PASS" start="2024-05-05T08:16:42.762026" elapsed="0.004358"/>
</for>
<status status="PASS" start="2024-05-05T08:16:42.652709" elapsed="0.113815"/>
</kw>
<doc>Testa a estrutura da resposta da API.</doc>
<tag>testeEstruturaResposta</tag>
<status status="PASS" start="2024-05-05T08:16:42.651942" elapsed="0.114738"/>
</test>
<test id="s1-s1-t4" name="Validar tipos de dados" line="28">
<kw name="Teste de Tipos de Dados" owner="random-user-service">
<kw name="GET On Session" owner="RequestsLibrary">
<msg time="2024-05-05T08:16:42.893765" level="INFO">GET Request : url=https://randomuser.me/api 
 path_url=/api 
 headers={'User-Agent': 'python-requests/2.31.0', 'Accept-Encoding': 'gzip, deflate', 'Accept': '*/*', 'Connection': 'keep-alive'} 
 body=None 
 </msg>
<msg time="2024-05-05T08:16:42.893873" level="INFO">GET Response : url=https://randomuser.me/api 
 status=200, reason=OK 
 headers={'Date': 'Sun, 05 May 2024 08:16:42 GMT', 'Content-Type': 'application/json; charset=utf-8', 'Transfer-Encoding': 'chunked', 'Connection': 'keep-alive', 'X-Powered-By': 'Express', 'Access-Control-Allow-Origin': '*', 'Cache-Control': 'no-cache', 'ETag': 'W/"497-MiNjoqEXxqn5JALpUB3EYwhziqc"', 'Vary': 'Accept-Encoding', 'Content-Encoding': 'gzip', 'CF-Cache-Status': 'DYNAMIC', 'Report-To': '{"endpoints":[{"url":"https:\\/\\/a.nel.cloudflare.com\\/report\\/v4?s=A2HuU79yZSmVjPzmFs5m5GBmUjU1%2F5Xq7QJWZf1yQrPZmfvBQkiCURWzuXAgCKzKJD1wzE1f1bBvNH%2Fc3%2FUJLHaS9RT%2Fc0rwqQNIV1%2FSD5pfXoLIkiuQG4uHOfGn6xcD"}],"group":"cf-nel","max_age":604800}', 'NEL': '{"success_fraction":0,"report_to":"cf-nel","max_age":604800}', 'Server': 'cloudflare', 'CF-RAY': '87ef4a3b5cb122a2-SJC', 'alt-svc': 'h3=":443"; ma=86400'} 
 body={"results":[{"gender":"female","name":{"title":"Miss","first":"Jadira","last":"Silveira"},"location":{"street":{"number":6275,"name":"Rua São João "},"city":"Uberlândia","state":"Paraná","country":"Brazil","postcode":56559,"coordinates":{"latitude":"-77.4886","longitude":"58.6490"},"timezone":{"offset":"-8:00","description":"Pacific Time (US &amp; Canada)"}},"email":"jadira.silveira@example.com","login":{"uuid":"7e02acf7-8ffe-4872-af6f-9f4e13b9eac7","username":"whitelion964","password":"griffin","salt":"093FEk78","md5":"2cb249fb9705de71249909ab5c7e8581","sha1":"77b13bd8cb6f17860b763fd3d6b40d34f214ce50","sha256":"8b582ab17c93252860de9459f2365104b8b8195e16f4ca1705549c5d839efe32"},"dob":{"date":"1959-11-11T14:19:16.657Z","age":64},"registered":{"date":"2020-09-10T00:10:51.294Z","age":3},"phone":"(27) 6867-4153","cell":"(84) 7790-7182","id":{"name":"CPF","value":"935.793.131-26"},"picture":{"large":"https://randomuser.me/api/portraits/women/6.jpg","medium":"https://randomuser.me/api/portraits/med/women/6.jpg","thumbnail":"https://randomuser.me/api/portraits/thumb/women/6.jpg"},"nat":"BR"}],"info":{"seed":"f1423709e3bae996","results":1,"page":1,"version":"1.4"}} 
 </msg>
<msg time="2024-05-05T08:16:42.893959" level="INFO">/opt/hostedtoolcache/Python/3.12.3/x64/lib/python3.12/site-packages/urllib3/connectionpool.py:1103: InsecureRequestWarning: Unverified HTTPS request is being made to host 'randomuser.me'. Adding certificate verification is strongly advised. See: https://urllib3.readthedocs.io/en/latest/advanced-usage.html#tls-warnings
  warnings.warn(</msg>
<msg time="2024-05-05T08:16:42.894091" level="INFO">${response} = &lt;Response [200]&gt;</msg>
<var>${response}</var>
<arg>consultarAPI</arg>
<arg>/api</arg>
<doc>Sends a GET request on a previously created HTTP Session.</doc>
<status status="PASS" start="2024-05-05T08:16:42.769316" elapsed="0.124818"/>
</kw>
<kw name="Set Variable" owner="BuiltIn">
<msg time="2024-05-05T08:16:42.895430" level="INFO">${json_data} = {'results': [{'gender': 'female', 'name': {'title': 'Miss', 'first': 'Jadira', 'last': 'Silveira'}, 'location': {'street': {'number': 6275, 'name': 'Rua São João '}, 'city': 'Uberlândia', 'state': 'Pa...</msg>
<var>${json_data}</var>
<arg>${response.json()}</arg>
<doc>Returns the given values which can then be assigned to a variables.</doc>
<status status="PASS" start="2024-05-05T08:16:42.894794" elapsed="0.000667"/>
</kw>
<kw name="Log" owner="BuiltIn">
<msg time="2024-05-05T08:16:42.895980" level="INFO">{'results': [{'gender': 'female', 'name': {'title': 'Miss', 'first': 'Jadira', 'last': 'Silveira'}, 'location': {'street': {'number': 6275, 'name': 'Rua São João '}, 'city': 'Uberlândia', 'state': 'Paraná', 'country': 'Brazil', 'postcode': 56559, 'coordinates': {'latitude': '-77.4886', 'longitude': '58.6490'}, 'timezone': {'offset': '-8:00', 'description': 'Pacific Time (US &amp; Canada)'}}, 'email': 'jadira.silveira@example.com', 'login': {'uuid': '7e02acf7-8ffe-4872-af6f-9f4e13b9eac7', 'username': 'whitelion964', 'password': 'griffin', 'salt': '093FEk78', 'md5': '2cb249fb9705de71249909ab5c7e8581', 'sha1': '77b13bd8cb6f17860b763fd3d6b40d34f214ce50', 'sha256': '8b582ab17c93252860de9459f2365104b8b8195e16f4ca1705549c5d839efe32'}, 'dob': {'date': '1959-11-11T14:19:16.657Z', 'age': 64}, 'registered': {'date': '2020-09-10T00:10:51.294Z', 'age': 3}, 'phone': '(27) 6867-4153', 'cell': '(84) 7790-7182', 'id': {'name': 'CPF', 'value': '935.793.131-26'}, 'picture': {'large': 'https://randomuser.me/api/portraits/women/6.jpg', 'medium': 'https://randomuser.me/api/portraits/med/women/6.jpg', 'thumbnail': 'https://randomuser.me/api/portraits/thumb/women/6.jpg'}, 'nat': 'BR'}], 'info': {'seed': 'f1423709e3bae996', 'results': 1, 'page': 1, 'version': '1.4'}}</msg>
<arg>${json_data}</arg>
<doc>Logs the given message with the given level.</doc>
<status status="PASS" start="2024-05-05T08:16:42.895807" elapsed="0.000264"/>
</kw>
<kw name="Should Be String" owner="String">
<arg>${json_data['results'][0]['gender']}</arg>
<doc>Fails if the given ``item`` is not a string.</doc>
<status status="PASS" start="2024-05-05T08:16:42.896392" elapsed="0.000387"/>
</kw>
<kw name="Should Match Regexp" owner="BuiltIn">
<arg>${json_data['results'][0]['email']}</arg>
<arg>^[a-zA-Z0-9._%+-]+@[a-zA-Z0-9.-]+\.[a-zA-Z]{2,}$</arg>
<doc>Fails if ``string`` does not match ``pattern`` as a regular expression.</doc>
<status status="PASS" start="2024-05-05T08:16:42.896987" elapsed="0.000521"/>
</kw>
<kw name="Should Match Regexp" owner="BuiltIn">
<arg>${json_data['results'][0]['dob']['date']}</arg>
<arg>\\d{4}-\\d{2}-\\d{2}T\\d{2}:\\d{2}:\\d{2}\\.\\d{3}Z</arg>
<doc>Fails if ``string`` does not match ``pattern`` as a regular expression.</doc>
<status status="PASS" start="2024-05-05T08:16:42.897713" elapsed="0.000506"/>
</kw>
<kw name="Should Match Regexp" owner="BuiltIn">
<arg>${json_data['results'][0]['registered']['date']}</arg>
<arg>\\d{4}-\\d{2}-\\d{2}T\\d{2}:\\d{2}:\\d{2}\\.\\d{3}Z</arg>
<doc>Fails if ``string`` does not match ``pattern`` as a regular expression.</doc>
<status status="PASS" start="2024-05-05T08:16:42.898414" elapsed="0.000410"/>
</kw>
<kw name="Should Match Regexp" owner="BuiltIn">
<arg>${json_data['results'][0]['picture']['large']}</arg>
<arg>^https?://.*\.(?:png|jpe?g|gif|bmp)$</arg>
<doc>Fails if ``string`` does not match ``pattern`` as a regular expression.</doc>
<status status="PASS" start="2024-05-05T08:16:42.899017" elapsed="0.000504"/>
</kw>
<kw name="Should Match Regexp" owner="BuiltIn">
<arg>${json_data['results'][0]['picture']['medium']}</arg>
<arg>^https?://.*\.(?:png|jpe?g|gif|bmp)$</arg>
<doc>Fails if ``string`` does not match ``pattern`` as a regular expression.</doc>
<status status="PASS" start="2024-05-05T08:16:42.899713" elapsed="0.000366"/>
</kw>
<kw name="Should Match Regexp" owner="BuiltIn">
<arg>${json_data['results'][0]['picture']['thumbnail']}</arg>
<arg>^https?://.*\.(?:png|jpe?g|gif|bmp)$</arg>
<doc>Fails if ``string`` does not match ``pattern`` as a regular expression.</doc>
<status status="PASS" start="2024-05-05T08:16:42.900268" elapsed="0.000355"/>
</kw>
<kw name="Log" owner="BuiltIn">
<msg time="2024-05-05T08:16:42.901135" level="INFO">{'large': 'https://randomuser.me/api/portraits/women/6.jpg', 'medium': 'https://randomuser.me/api/portraits/med/women/6.jpg', 'thumbnail': 'https://randomuser.me/api/portraits/thumb/women/6.jpg'}</msg>
<arg>${json_data['results'][0]['picture']}</arg>
<doc>Logs the given message with the given level.</doc>
<status status="PASS" start="2024-05-05T08:16:42.900807" elapsed="0.000370"/>
</kw>
<status status="PASS" start="2024-05-05T08:16:42.769085" elapsed="0.132351"/>
</kw>
<kw name="Teste de Tipos de Dados - Postcode" owner="random-user-service">
<kw name="GET On Session" owner="RequestsLibrary">
<msg time="2024-05-05T08:16:43.014487" level="INFO">GET Request : url=https://randomuser.me/api 
 path_url=/api 
 headers={'User-Agent': 'python-requests/2.31.0', 'Accept-Encoding': 'gzip, deflate', 'Accept': '*/*', 'Connection': 'keep-alive'} 
 body=None 
 </msg>
<msg time="2024-05-05T08:16:43.014569" level="INFO">GET Response : url=https://randomuser.me/api 
 status=200, reason=OK 
 headers={'Date': 'Sun, 05 May 2024 08:16:43 GMT', 'Content-Type': 'application/json; charset=utf-8', 'Transfer-Encoding': 'chunked', 'Connection': 'keep-alive', 'X-Powered-By': 'Express', 'Access-Control-Allow-Origin': '*', 'Cache-Control': 'no-cache', 'ETag': 'W/"481-PVbjnJN+3JRn2/kUW5ohNIi5mtM"', 'Vary': 'Accept-Encoding', 'Content-Encoding': 'gzip', 'CF-Cache-Status': 'DYNAMIC', 'Report-To': '{"endpoints":[{"url":"https:\\/\\/a.nel.cloudflare.com\\/report\\/v4?s=Fg8EQvMZ8t9DWlEMx6hQQm6iaZrtlsRPh8HUwz%2F1D3F24KgHBX027DgDk53D2DF0GVaXwOq%2FcX1vW1lbrlitCRjvZe25KDtDbs%2Bi5pbgd%2BS%2BtUkd9jd32ej6kHysCw%2FJ"}],"group":"cf-nel","max_age":604800}', 'NEL': '{"success_fraction":0,"report_to":"cf-nel","max_age":604800}', 'Server': 'cloudflare', 'CF-RAY': '87ef4a3c2d3222a2-SJC', 'alt-svc': 'h3=":443"; ma=86400'} 
 body={"results":[{"gender":"female","name":{"title":"Ms","first":"Luciene","last":"Souza"},"location":{"street":{"number":8861,"name":"Rua Dezessete "},"city":"Rio de Janeiro","state":"Paraná","country":"Brazil","postcode":57563,"coordinates":{"latitude":"-75.5615","longitude":"68.8395"},"timezone":{"offset":"-9:00","description":"Alaska"}},"email":"luciene.souza@example.com","login":{"uuid":"9fa2e4b8-8826-4b5b-b54e-d959fc24229e","username":"tinyswan641","password":"daphne","salt":"HiyRtTSu","md5":"a8bff62e49bf90373c28deed2c0416bd","sha1":"9b6304381dfda8ce3a2fbd993551eb3f24c6b482","sha256":"20fbb880626b1e1071cbe26f45dd9d9b103e8bd0d3c4d5d73aa73823f64a2ebb"},"dob":{"date":"1963-04-17T08:14:00.508Z","age":61},"registered":{"date":"2014-02-10T11:43:42.958Z","age":10},"phone":"(71) 2115-9932","cell":"(47) 9341-1353","id":{"name":"CPF","value":"881.443.054-76"},"picture":{"large":"https://randomuser.me/api/portraits/women/92.jpg","medium":"https://randomuser.me/api/portraits/med/women/92.jpg","thumbnail":"https://randomuser.me/api/portraits/thumb/women/92.jpg"},"nat":"BR"}],"info":{"seed":"a1a9ec99fd5cf7e9","results":1,"page":1,"version":"1.4"}} 
 </msg>
<msg time="2024-05-05T08:16:43.014634" level="INFO">/opt/hostedtoolcache/Python/3.12.3/x64/lib/python3.12/site-packages/urllib3/connectionpool.py:1103: InsecureRequestWarning: Unverified HTTPS request is being made to host 'randomuser.me'. Adding certificate verification is strongly advised. See: https://urllib3.readthedocs.io/en/latest/advanced-usage.html#tls-warnings
  warnings.warn(</msg>
<msg time="2024-05-05T08:16:43.014742" level="INFO">${response} = &lt;Response [200]&gt;</msg>
<var>${response}</var>
<arg>consultarAPI</arg>
<arg>/api</arg>
<doc>Sends a GET request on a previously created HTTP Session.</doc>
<status status="PASS" start="2024-05-05T08:16:42.901903" elapsed="0.112879"/>
</kw>
<kw name="Set Variable" owner="BuiltIn">
<msg time="2024-05-05T08:16:43.015960" level="INFO">${json_data} = {'results': [{'gender': 'female', 'name': {'title': 'Ms', 'first': 'Luciene', 'last': 'Souza'}, 'location': {'street': {'number': 8861, 'name': 'Rua Dezessete '}, 'city': 'Rio de Janeiro', 'state': 'P...</msg>
<var>${json_data}</var>
<arg>${response.json()}</arg>
<doc>Returns the given values which can then be assigned to a variables.</doc>
<status status="PASS" start="2024-05-05T08:16:43.015373" elapsed="0.000615"/>
</kw>
<kw name="Log" owner="BuiltIn">
<msg time="2024-05-05T08:16:43.016448" level="INFO">{'results': [{'gender': 'female', 'name': {'title': 'Ms', 'first': 'Luciene', 'last': 'Souza'}, 'location': {'street': {'number': 8861, 'name': 'Rua Dezessete '}, 'city': 'Rio de Janeiro', 'state': 'Paraná', 'country': 'Brazil', 'postcode': 57563, 'coordinates': {'latitude': '-75.5615', 'longitude': '68.8395'}, 'timezone': {'offset': '-9:00', 'description': 'Alaska'}}, 'email': 'luciene.souza@example.com', 'login': {'uuid': '9fa2e4b8-8826-4b5b-b54e-d959fc24229e', 'username': 'tinyswan641', 'password': 'daphne', 'salt': 'HiyRtTSu', 'md5': 'a8bff62e49bf90373c28deed2c0416bd', 'sha1': '9b6304381dfda8ce3a2fbd993551eb3f24c6b482', 'sha256': '20fbb880626b1e1071cbe26f45dd9d9b103e8bd0d3c4d5d73aa73823f64a2ebb'}, 'dob': {'date': '1963-04-17T08:14:00.508Z', 'age': 61}, 'registered': {'date': '2014-02-10T11:43:42.958Z', 'age': 10}, 'phone': '(71) 2115-9932', 'cell': '(47) 9341-1353', 'id': {'name': 'CPF', 'value': '881.443.054-76'}, 'picture': {'large': 'https://randomuser.me/api/portraits/women/92.jpg', 'medium': 'https://randomuser.me/api/portraits/med/women/92.jpg', 'thumbnail': 'https://randomuser.me/api/portraits/thumb/women/92.jpg'}, 'nat': 'BR'}], 'info': {'seed': 'a1a9ec99fd5cf7e9', 'results': 1, 'page': 1, 'version': '1.4'}}</msg>
<arg>${json_data}</arg>
<doc>Logs the given message with the given level.</doc>
<status status="PASS" start="2024-05-05T08:16:43.016291" elapsed="0.000239"/>
</kw>
<kw name="Should Be Equal As Numbers" owner="BuiltIn">
<arg>${json_data['results'][0]['location']['postcode']}</arg>
<arg>${json_data['results'][0]['location']['postcode']}</arg>
<doc>Fails if objects are unequal after converting them to real numbers.</doc>
<status status="PASS" start="2024-05-05T08:16:43.016830" elapsed="0.000814"/>
</kw>
<kw name="Log" owner="BuiltIn">
<msg time="2024-05-05T08:16:43.018451" level="INFO">57563</msg>
<arg>${json_data['results'][0]['location']['postcode']}</arg>
<doc>Logs the given message with the given level.</doc>
<status status="PASS" start="2024-05-05T08:16:43.017911" elapsed="0.000619"/>
</kw>
<status status="PASS" start="2024-05-05T08:16:42.901670" elapsed="0.117253"/>
</kw>
<doc>Testa se os tipos de dados na resposta da API estão corretos.</doc>
<tag>testeTiposDados</tag>
<status status="PASS" start="2024-05-05T08:16:42.768515" elapsed="0.250693"/>
</test>
<test id="s1-s1-t5" name="Validar conteudo" line="35">
<kw name="Teste de Tipos de Conteudo" owner="random-user-service">
<kw name="GET On Session" owner="RequestsLibrary">
<msg time="2024-05-05T08:16:43.136002" level="INFO">GET Request : url=https://randomuser.me/api 
 path_url=/api 
 headers={'User-Agent': 'python-requests/2.31.0', 'Accept-Encoding': 'gzip, deflate', 'Accept': '*/*', 'Connection': 'keep-alive'} 
 body=None 
 </msg>
<msg time="2024-05-05T08:16:43.136111" level="INFO">GET Response : url=https://randomuser.me/api 
 status=200, reason=OK 
 headers={'Date': 'Sun, 05 May 2024 08:16:43 GMT', 'Content-Type': 'application/json; charset=utf-8', 'Transfer-Encoding': 'chunked', 'Connection': 'keep-alive', 'X-Powered-By': 'Express', 'Access-Control-Allow-Origin': '*', 'Cache-Control': 'no-cache', 'ETag': 'W/"493-o83TEWiAiSJU2QPQnVlmAqbh5I8"', 'Vary': 'Accept-Encoding', 'Content-Encoding': 'gzip', 'CF-Cache-Status': 'DYNAMIC', 'Report-To': '{"endpoints":[{"url":"https:\\/\\/a.nel.cloudflare.com\\/report\\/v4?s=3MiPvS%2B6Mux6vWbOfbgL4YzLhMxIanJCtC9gOvFBC7oVd97VdCmhlsx0Mas%2Fmfo9RzL9itJ6%2BjMFPPwtYz7wNR3d9l4%2F9umKnQjErCV5boGaTTWRMaW9DJW2%2FAMBKdwA"}],"group":"cf-nel","max_age":604800}', 'NEL': '{"success_fraction":0,"report_to":"cf-nel","max_age":604800}', 'Server': 'cloudflare', 'CF-RAY': '87ef4a3ced9f22a2-SJC', 'alt-svc': 'h3=":443"; ma=86400'} 
 body={"results":[{"gender":"female","name":{"title":"Mrs","first":"Donna","last":"Butler"},"location":{"street":{"number":3364,"name":"George Street"},"city":"Kingston upon Hull","state":"Mid Glamorgan","country":"United Kingdom","postcode":"X3 4XT","coordinates":{"latitude":"-7.5017","longitude":"135.8362"},"timezone":{"offset":"+5:45","description":"Kathmandu"}},"email":"donna.butler@example.com","login":{"uuid":"419c536a-67f1-4f1b-a7ec-0bbd5b6cc10b","username":"smallbear723","password":"tigers","salt":"C8g0gQzB","md5":"b0b8b7ba9293b97ceed5740129a0c93c","sha1":"140d9148c244b5325fc1a0018ea488dfb394fa38","sha256":"f7b3b6afced47be6043f11958a3ccb06ba8022d5c8490dd2b7385d7cb0bf3f1f"},"dob":{"date":"1984-11-24T04:22:51.269Z","age":39},"registered":{"date":"2018-11-30T09:20:45.720Z","age":5},"phone":"016973 78893","cell":"07407 813406","id":{"name":"NINO","value":"TG 50 80 20 K"},"picture":{"large":"https://randomuser.me/api/portraits/women/34.jpg","medium":"https://randomuser.me/api/portraits/med/women/34.jpg","thumbnail":"https://randomuser.me/api/portraits/thumb/women/34.jpg"},"nat":"GB"}],"info":{"seed":"6d7fe70aa1abf39a","results":1,"page":1,"version":"1.4"}} 
 </msg>
<msg time="2024-05-05T08:16:43.136192" level="INFO">/opt/hostedtoolcache/Python/3.12.3/x64/lib/python3.12/site-packages/urllib3/connectionpool.py:1103: InsecureRequestWarning: Unverified HTTPS request is being made to host 'randomuser.me'. Adding certificate verification is strongly advised. See: https://urllib3.readthedocs.io/en/latest/advanced-usage.html#tls-warnings
  warnings.warn(</msg>
<msg time="2024-05-05T08:16:43.136354" level="INFO">${response} = &lt;Response [200]&gt;</msg>
<var>${response}</var>
<arg>consultarAPI</arg>
<arg>/api</arg>
<doc>Sends a GET request on a previously created HTTP Session.</doc>
<status status="PASS" start="2024-05-05T08:16:43.024006" elapsed="0.112400"/>
</kw>
<kw name="Set Variable" owner="BuiltIn">
<msg time="2024-05-05T08:16:43.137428" level="INFO">${json_data} = {'results': [{'gender': 'female', 'name': {'title': 'Mrs', 'first': 'Donna', 'last': 'Butler'}, 'location': {'street': {'number': 3364, 'name': 'George Street'}, 'city': 'Kingston upon Hull', 'state':...</msg>
<var>${json_data}</var>
<arg>${response.json()}</arg>
<doc>Returns the given values which can then be assigned to a variables.</doc>
<status status="PASS" start="2024-05-05T08:16:43.136923" elapsed="0.000533"/>
</kw>
<kw name="Set Variable" owner="BuiltIn">
<msg time="2024-05-05T08:16:43.138148" level="INFO">${name_title} = Mrs</msg>
<var>${name_title}</var>
<arg>${json_data["results"][0]["name"]["title"]}</arg>
<doc>Returns the given values which can then be assigned to a variables.</doc>
<status status="PASS" start="2024-05-05T08:16:43.137761" elapsed="0.000412"/>
</kw>
<kw name="Create List" owner="BuiltIn">
<msg time="2024-05-05T08:16:43.138616" level="INFO">${allowed_titles} = ['Mr', 'Ms', 'Miss', 'Mrs', 'Madame', 'Monsieur']</msg>
<var>${allowed_titles}</var>
<arg>Mr</arg>
<arg>Ms</arg>
<arg>Miss</arg>
<arg>Mrs</arg>
<arg>Madame</arg>
<arg>Monsieur</arg>
<doc>Returns a list containing given items.</doc>
<status status="PASS" start="2024-05-05T08:16:43.138470" elapsed="0.000170"/>
</kw>
<kw name="List Should Contain Value" owner="Collections">
<msg time="2024-05-05T08:16:43.139107" level="INFO">False</msg>
<arg>${allowed_titles}</arg>
<arg>${name_title}</arg>
<doc>Fails if the ``value`` is not found from ``list``.</doc>
<status status="PASS" start="2024-05-05T08:16:43.138933" elapsed="0.000212"/>
</kw>
<kw name="Set Variable" owner="BuiltIn">
<msg time="2024-05-05T08:16:43.139899" level="INFO">${name_country} = GB</msg>
<var>${name_country}</var>
<arg>${json_data["results"][0]["nat"]}</arg>
<doc>Returns the given values which can then be assigned to a variables.</doc>
<status status="PASS" start="2024-05-05T08:16:43.139501" elapsed="0.000425"/>
</kw>
<kw name="Create List" owner="BuiltIn">
<msg time="2024-05-05T08:16:43.140837" level="INFO">${list_country} = ['AD', 'AE', 'AF', 'AG', 'AI', 'AL', 'AM', 'AO', 'AQ', 'AR', 'AS', 'AT', 'AU', 'AW', 'AX', 'AZ', 'BA', 'BB', 'BD', 'BE', 'BF', 'BG', 'BH', 'BI', 'BJ', 'BL', 'BM', 'BN', 'BO', 'BQ', 'BR', 'BS', 'BT', '...</msg>
<var>${list_country}</var>
<arg>AD</arg>
<arg>AE</arg>
<arg>AF</arg>
<arg>AG</arg>
<arg>AI</arg>
<arg>AL</arg>
<arg>AM</arg>
<arg>AO</arg>
<arg>AQ</arg>
<arg>AR</arg>
<arg>AS</arg>
<arg>AT</arg>
<arg>AU</arg>
<arg>AW</arg>
<arg>AX</arg>
<arg>AZ</arg>
<arg>BA</arg>
<arg>BB</arg>
<arg>BD</arg>
<arg>BE</arg>
<arg>BF</arg>
<arg>BG</arg>
<arg>BH</arg>
<arg>BI</arg>
<arg>BJ</arg>
<arg>BL</arg>
<arg>BM</arg>
<arg>BN</arg>
<arg>BO</arg>
<arg>BQ</arg>
<arg>BR</arg>
<arg>BS</arg>
<arg>BT</arg>
<arg>BV</arg>
<arg>BW</arg>
<arg>BY</arg>
<arg>BZ</arg>
<arg>CA</arg>
<arg>CC</arg>
<arg>CD</arg>
<arg>CF</arg>
<arg>CG</arg>
<arg>CH</arg>
<arg>CI</arg>
<arg>CK</arg>
<arg>CL</arg>
<arg>CM</arg>
<arg>CN</arg>
<arg>CO</arg>
<arg>CR</arg>
<arg>CU</arg>
<arg>CV</arg>
<arg>CW</arg>
<arg>CX</arg>
<arg>CY</arg>
<arg>CZ</arg>
<arg>DE</arg>
<arg>DJ</arg>
<arg>DK</arg>
<arg>DM</arg>
<arg>DO</arg>
<arg>DZ</arg>
<arg>EC</arg>
<arg>EE</arg>
<arg>EG</arg>
<arg>EH</arg>
<arg>ER</arg>
<arg>ES</arg>
<arg>ET</arg>
<arg>FI</arg>
<arg>FJ</arg>
<arg>FK</arg>
<arg>FM</arg>
<arg>FO</arg>
<arg>FR</arg>
<arg>GA</arg>
<arg>GB</arg>
<arg>GD</arg>
<arg>GE</arg>
<arg>GF</arg>
<arg>GG</arg>
<arg>GH</arg>
<arg>GI</arg>
<arg>GL</arg>
<arg>GM</arg>
<arg>GN</arg>
<arg>GP</arg>
<arg>GQ</arg>
<arg>GR</arg>
<arg>GS</arg>
<arg>GT</arg>
<arg>GU</arg>
<arg>GW</arg>
<arg>GY</arg>
<arg>HK</arg>
<arg>HM</arg>
<arg>HN</arg>
<arg>HR</arg>
<arg>HT</arg>
<arg>HU</arg>
<arg>ID</arg>
<arg>IE</arg>
<arg>IL</arg>
<arg>IM</arg>
<arg>IN</arg>
<arg>IO</arg>
<arg>IQ</arg>
<arg>IR</arg>
<arg>IS</arg>
<arg>IT</arg>
<arg>JE</arg>
<arg>JM</arg>
<arg>JO</arg>
<arg>JP</arg>
<arg>KE</arg>
<arg>KG</arg>
<arg>KH</arg>
<arg>KI</arg>
<arg>KM</arg>
<arg>KN</arg>
<arg>KP</arg>
<arg>KR</arg>
<arg>KW</arg>
<arg>KY</arg>
<arg>KZ</arg>
<arg>LA</arg>
<arg>LB</arg>
<arg>LC</arg>
<arg>LI</arg>
<arg>LK</arg>
<arg>LR</arg>
<arg>LS</arg>
<arg>LT</arg>
<arg>LU</arg>
<arg>LV</arg>
<arg>LY</arg>
<arg>MA</arg>
<arg>MC</arg>
<arg>MD</arg>
<arg>ME</arg>
<arg>MF</arg>
<arg>MG</arg>
<arg>MH</arg>
<arg>MK</arg>
<arg>ML</arg>
<arg>MM</arg>
<arg>MN</arg>
<arg>MO</arg>
<arg>MP</arg>
<arg>MQ</arg>
<arg>MR</arg>
<arg>MS</arg>
<arg>MT</arg>
<arg>MU</arg>
<arg>MV</arg>
<arg>MW</arg>
<arg>MX</arg>
<arg>MY</arg>
<arg>MZ</arg>
<arg>NA</arg>
<arg>NC</arg>
<arg>NE</arg>
<arg>NF</arg>
<arg>NG</arg>
<arg>NI</arg>
<arg>NL</arg>
<arg>NO</arg>
<arg>NP</arg>
<arg>NR</arg>
<arg>NU</arg>
<arg>NZ</arg>
<arg>OM</arg>
<arg>PA</arg>
<arg>PE</arg>
<arg>PF</arg>
<arg>PG</arg>
<arg>PH</arg>
<arg>PK</arg>
<arg>PL</arg>
<arg>PM</arg>
<arg>PN</arg>
<arg>PR</arg>
<arg>PS</arg>
<arg>PT</arg>
<arg>PW</arg>
<arg>PY</arg>
<arg>QA</arg>
<arg>RE</arg>
<arg>RO</arg>
<arg>RS</arg>
<arg>RU</arg>
<arg>RW</arg>
<arg>SA</arg>
<arg>SB</arg>
<arg>SC</arg>
<arg>SD</arg>
<arg>SE</arg>
<arg>SG</arg>
<arg>SH</arg>
<arg>SI</arg>
<arg>SJ</arg>
<arg>SK</arg>
<arg>SL</arg>
<arg>SM</arg>
<arg>SN</arg>
<arg>SO</arg>
<arg>SR</arg>
<arg>SS</arg>
<arg>ST</arg>
<arg>SV</arg>
<arg>SX</arg>
<arg>SY</arg>
<arg>SZ</arg>
<arg>TC</arg>
<arg>TD</arg>
<arg>TF</arg>
<arg>TG</arg>
<arg>TH</arg>
<arg>TJ</arg>
<arg>TK</arg>
<arg>TL</arg>
<arg>TM</arg>
<arg>TN</arg>
<arg>TO</arg>
<arg>TR</arg>
<arg>TT</arg>
<arg>TV</arg>
<arg>TW</arg>
<arg>TZ</arg>
<arg>UA</arg>
<arg>UG</arg>
<arg>UM</arg>
<arg>US</arg>
<arg>UY</arg>
<arg>UZ</arg>
<arg>VA</arg>
<arg>VC</arg>
<arg>VE</arg>
<arg>VG</arg>
<arg>VI</arg>
<arg>VN</arg>
<arg>VU</arg>
<arg>WF</arg>
<arg>WS</arg>
<arg>XK</arg>
<arg>YE</arg>
<arg>YT</arg>
<arg>ZA</arg>
<arg>ZM</arg>
<arg>ZW</arg>
<doc>Returns a list containing given items.</doc>
<status status="PASS" start="2024-05-05T08:16:43.140255" elapsed="0.000607"/>
</kw>
<kw name="List Should Contain Value" owner="Collections">
<msg time="2024-05-05T08:16:43.141872" level="INFO">False</msg>
<arg>${list_country}</arg>
<arg>${name_country}</arg>
<doc>Fails if the ``value`` is not found from ``list``.</doc>
<status status="PASS" start="2024-05-05T08:16:43.141656" elapsed="0.000256"/>
</kw>
<kw name="Run Keyword If" owner="BuiltIn">
<kw name="Should Be True" owner="BuiltIn">
<arg>${True}</arg>
<doc>Fails if the given condition is not true.</doc>
<status status="PASS" start="2024-05-05T08:16:43.143008" elapsed="0.000143"/>
</kw>
<arg>${json_data["results"][0]["location"]["coordinates"]["latitude"]} &gt;= -90 and ${json_data["results"][0]["location"]["coordinates"]["latitude"]} &lt;= 90</arg>
<arg>Should Be True</arg>
<arg>${True}</arg>
<doc>Runs the given keyword with the given arguments, if ``condition`` is true.</doc>
<status status="PASS" start="2024-05-05T08:16:43.142229" elapsed="0.001075"/>
</kw>
<kw name="Run Keyword If" owner="BuiltIn">
<kw name="Should Be True" owner="BuiltIn">
<arg>${True}</arg>
<doc>Fails if the given condition is not true.</doc>
<status status="PASS" start="2024-05-05T08:16:43.144188" elapsed="0.000258"/>
</kw>
<arg>${json_data["results"][0]["location"]["coordinates"]["longitude"]} &gt;= -180 and ${json_data["results"][0]["location"]["coordinates"]["longitude"]} &lt;= 180</arg>
<arg>Should Be True</arg>
<arg>${True}</arg>
<doc>Runs the given keyword with the given arguments, if ``condition`` is true.</doc>
<status status="PASS" start="2024-05-05T08:16:43.143490" elapsed="0.001083"/>
</kw>
<status status="PASS" start="2024-05-05T08:16:43.023776" elapsed="0.120929"/>
</kw>
<doc>Testa o conteúdo específico dos campos retornados pela API.</doc>
<tag>testeConteudo</tag>
<status status="PASS" start="2024-05-05T08:16:43.023308" elapsed="0.121548"/>
</test>
<status status="PASS" start="2024-05-05T08:16:42.054089" elapsed="1.092725"/>
</suite>
<status status="PASS" start="2024-05-05T08:16:42.040533" elapsed="1.111502"/>
</suite>
<statistics>
<total>
<stat pass="5" fail="0" skip="0">All Tests</stat>
</total>
<tag>
<stat pass="1" fail="0" skip="0">testeConteudo</stat>
<stat pass="1" fail="0" skip="0">testeEstruturaResposta</stat>
<stat pass="1" fail="0" skip="0">testeRequisicaoBasica</stat>
<stat pass="1" fail="0" skip="0">testeTiposDados</stat>
</tag>
<suite>
<stat pass="5" fail="0" skip="0" id="s1" name="Tests">Tests</stat>
<stat pass="5" fail="0" skip="0" id="s1-s1" name="Random-User-Test">Tests.Random-User-Test</stat>
</suite>
</statistics>
<errors>
</errors>
</robot>
