<?xml version="1.0" encoding="UTF-8"?>
<robot generator="Robot 7.0 (Python 3.12.2 on linux)" generated="2024-04-03T20:15:59.195213" rpa="false" schemaversion="5">
<suite id="s1" name="Tests" source="/home/runner/work/DesafioQAItauRogerioJordao/DesafioQAItauRogerioJordao/RamdonUser/tests">
<suite id="s1-s1" name="Random-User-Test" source="/home/runner/work/DesafioQAItauRogerioJordao/DesafioQAItauRogerioJordao/RamdonUser/tests/random-user-test.robot">
<test id="s1-s1-t1" name="Conectar" line="13">
<kw name="Conectar API" owner="random-user-service">
<kw name="Create Session" owner="RequestsLibrary">
<msg time="2024-04-03T20:15:59.565128" level="INFO">Creating Session using : alias=consultarAPI, url=https://randomuser.me/, headers={},                     cookies={}, auth=None, timeout=None, proxies=None, verify=False,                     debug=0 </msg>
<arg>consultarAPI</arg>
<arg>${URL}</arg>
<doc>Create Session: create a HTTP session to a server</doc>
<status status="PASS" start="2024-04-03T20:15:59.564928" elapsed="0.000363"/>
</kw>
<status status="PASS" start="2024-04-03T20:15:59.563947" elapsed="0.001688"/>
</kw>
<status status="PASS" start="2024-04-03T20:15:59.563418" elapsed="0.002422"/>
</test>
<test id="s1-s1-t2" name="Validar retorno 200 e JSON Válido" line="16">
<kw name="Teste de Requisicao Basica" owner="random-user-service">
<kw name="GET On Session" owner="RequestsLibrary">
<msg time="2024-04-03T20:15:59.669560" level="INFO">GET Request : url=https://randomuser.me/api 
 path_url=/api 
 headers={'User-Agent': 'python-requests/2.31.0', 'Accept-Encoding': 'gzip, deflate', 'Accept': '*/*', 'Connection': 'keep-alive'} 
 body=None 
 </msg>
<msg time="2024-04-03T20:15:59.669676" level="INFO">GET Response : url=https://randomuser.me/api 
 status=200, reason=OK 
 headers={'Date': 'Wed, 03 Apr 2024 20:15:59 GMT', 'Content-Type': 'application/json; charset=utf-8', 'Transfer-Encoding': 'chunked', 'Connection': 'keep-alive', 'X-Powered-By': 'Express', 'Access-Control-Allow-Origin': '*', 'Cache-Control': 'no-cache', 'ETag': 'W/"49c-UYPVIeborCAkuQwWptZ8FHvli/A"', 'Vary': 'Accept-Encoding', 'Content-Encoding': 'gzip', 'CF-Cache-Status': 'DYNAMIC', 'Report-To': '{"endpoints":[{"url":"https:\\/\\/a.nel.cloudflare.com\\/report\\/v4?s=mQuT%2Bomyfe%2FRD2DDK9pj9nXb4DzG7Jb8zuKtnER6W8eKl5CpKC4xHK8bIUn1kaGzu3mIHmE8xwCF3fP0onpt8YycY0FYPb1XshcJAqQ4GyVXI760FMMsQd9aZMVJn%2B2o"}],"group":"cf-nel","max_age":604800}', 'NEL': '{"success_fraction":0,"report_to":"cf-nel","max_age":604800}', 'Server': 'cloudflare', 'CF-RAY': '86ebbbdd8f9e2986-ORD', 'alt-svc': 'h3=":443"; ma=86400'} 
 body={"results":[{"gender":"male","name":{"title":"Mr","first":"Svitovid","last":"Pinsker"},"location":{"street":{"number":4660,"name":"Amurska ploshcha"},"city":"Kam'yanka-Dniprovska","state":"Kirovogradska","country":"Ukraine","postcode":86831,"coordinates":{"latitude":"74.9540","longitude":"-153.4398"},"timezone":{"offset":"+1:00","description":"Brussels, Copenhagen, Madrid, Paris"}},"email":"svitovid.pinsker@example.com","login":{"uuid":"ca77067d-e337-4335-b845-b050f032f576","username":"goldengoose761","password":"linda","salt":"5mmCpntQ","md5":"1275390d6f8c0175aa89b790a3cdf7b8","sha1":"932b4ebc5c703dab8701d3380db51ecaa29b1048","sha256":"20b020e8b0c053de48d7f79268d6f2cbe5f20850ff4cfa599d9344e36f4b2d4a"},"dob":{"date":"1946-03-12T02:35:00.269Z","age":78},"registered":{"date":"2008-12-18T15:52:54.356Z","age":15},"phone":"(099) A11-9343","cell":"(097) X50-4506","id":{"name":"","value":null},"picture":{"large":"https://randomuser.me/api/portraits/men/5.jpg","medium":"https://randomuser.me/api/portraits/med/men/5.jpg","thumbnail":"https://randomuser.me/api/portraits/thumb/men/5.jpg"},"nat":"UA"}],"info":{"seed":"a48496b011aca555","results":1,"page":1,"version":"1.4"}} 
 </msg>
<msg time="2024-04-03T20:15:59.669766" level="INFO">/opt/hostedtoolcache/Python/3.12.2/x64/lib/python3.12/site-packages/urllib3/connectionpool.py:1103: InsecureRequestWarning: Unverified HTTPS request is being made to host 'randomuser.me'. Adding certificate verification is strongly advised. See: https://urllib3.readthedocs.io/en/latest/advanced-usage.html#tls-warnings
  warnings.warn(</msg>
<msg time="2024-04-03T20:15:59.669867" level="INFO">${response} = &lt;Response [200]&gt;</msg>
<var>${response}</var>
<arg>consultarAPI</arg>
<arg>/api</arg>
<doc>Sends a GET request on a previously created HTTP Session.</doc>
<status status="PASS" start="2024-04-03T20:15:59.568457" elapsed="0.101441"/>
</kw>
<kw name="Should Be Equal As Numbers" owner="BuiltIn">
<msg time="2024-04-03T20:15:59.670716" level="INFO">Argument types are:
&lt;class 'int'&gt;
&lt;class 'str'&gt;</msg>
<arg>${response.status_code}</arg>
<arg>200</arg>
<doc>Fails if objects are unequal after converting them to real numbers.</doc>
<status status="PASS" start="2024-04-03T20:15:59.670311" elapsed="0.000467"/>
</kw>
<kw name="Log" owner="BuiltIn">
<msg time="2024-04-03T20:15:59.671498" level="INFO">200</msg>
<arg>${response.status_code}</arg>
<doc>Logs the given message with the given level.</doc>
<status status="PASS" start="2024-04-03T20:15:59.671141" elapsed="0.000399"/>
</kw>
<kw name="Set Variable" owner="BuiltIn">
<msg time="2024-04-03T20:15:59.672305" level="INFO">${json_data} = {'results': [{'gender': 'male', 'name': {'title': 'Mr', 'first': 'Svitovid', 'last': 'Pinsker'}, 'location': {'street': {'number': 4660, 'name': 'Amurska ploshcha'}, 'city': "Kam'yanka-Dniprovska", 's...</msg>
<var>${json_data}</var>
<arg>${response.json()}</arg>
<doc>Returns the given values which can then be assigned to a variables.</doc>
<status status="PASS" start="2024-04-03T20:15:59.671867" elapsed="0.000466"/>
</kw>
<kw name="Dictionary Should Contain Key" owner="Collections">
<msg time="2024-04-03T20:15:59.672804" level="INFO">False</msg>
<arg>${json_data}</arg>
<arg>results</arg>
<doc>Fails if ``key`` is not found from ``dictionary``.</doc>
<status status="PASS" start="2024-04-03T20:15:59.672639" elapsed="0.000204"/>
</kw>
<status status="PASS" start="2024-04-03T20:15:59.568203" elapsed="0.104899"/>
</kw>
<doc>Testa se a API responde corretamente e retorna um objeto JSON válido.</doc>
<tag>testeRequisicaoBasica</tag>
<status status="PASS" start="2024-04-03T20:15:59.567736" elapsed="0.105538"/>
</test>
<test id="s1-s1-t3" name="Validar estrutura de resposta" line="22">
<kw name="Teste de Estrutura de Resposta" owner="random-user-service">
<kw name="GET On Session" owner="RequestsLibrary">
<msg time="2024-04-03T20:15:59.757820" level="INFO">GET Request : url=https://randomuser.me/api 
 path_url=/api 
 headers={'User-Agent': 'python-requests/2.31.0', 'Accept-Encoding': 'gzip, deflate', 'Accept': '*/*', 'Connection': 'keep-alive'} 
 body=None 
 </msg>
<msg time="2024-04-03T20:15:59.757887" level="INFO">GET Response : url=https://randomuser.me/api 
 status=200, reason=OK 
 headers={'Date': 'Wed, 03 Apr 2024 20:15:59 GMT', 'Content-Type': 'application/json; charset=utf-8', 'Transfer-Encoding': 'chunked', 'Connection': 'keep-alive', 'X-Powered-By': 'Express', 'Access-Control-Allow-Origin': '*', 'Cache-Control': 'no-cache', 'ETag': 'W/"48f-MotYcTk7OAe8Z9nKNX1yX8JqQMc"', 'Vary': 'Accept-Encoding', 'Content-Encoding': 'gzip', 'CF-Cache-Status': 'DYNAMIC', 'Report-To': '{"endpoints":[{"url":"https:\\/\\/a.nel.cloudflare.com\\/report\\/v4?s=JPQqEgTYcOMIXMfZZIsXYdDRn2KXHDsH%2Bod73%2B6PZnlg8aIEVsvVeRKtvW5obKvWPb8t3KzNlTcBiaX1KZZQWJEP112Xys4G4HKew0KnQYdUtzztqMdyEZn8BsXNCULI"}],"group":"cf-nel","max_age":604800}', 'NEL': '{"success_fraction":0,"report_to":"cf-nel","max_age":604800}', 'Server': 'cloudflare', 'CF-RAY': '86ebbbddf8392986-ORD', 'alt-svc': 'h3=":443"; ma=86400'} 
 body={"results":[{"gender":"male","name":{"title":"Mr","first":"Aziz","last":"Rink"},"location":{"street":{"number":8896,"name":"Finkenweg"},"city":"Nagold","state":"Niedersachsen","country":"Germany","postcode":24313,"coordinates":{"latitude":"-50.4787","longitude":"-34.3312"},"timezone":{"offset":"+5:00","description":"Ekaterinburg, Islamabad, Karachi, Tashkent"}},"email":"aziz.rink@example.com","login":{"uuid":"1bae5982-7903-4086-9599-55d7153677ac","username":"purplelion432","password":"escape","salt":"DMdnbFzw","md5":"95b9d17254a181783c79ad1df209feee","sha1":"eafe76ebb60c37a71a3db2f99b16ac6127949934","sha256":"7b39e08d9eb35ebaf63d9921b3f7c5f67e5ec11b6f9b8a9da15e24a63b54db14"},"dob":{"date":"1963-09-22T05:48:04.472Z","age":60},"registered":{"date":"2019-05-19T08:46:03.557Z","age":4},"phone":"0031-4446794","cell":"0179-2852573","id":{"name":"SVNR","value":"51 220963 R 350"},"picture":{"large":"https://randomuser.me/api/portraits/men/48.jpg","medium":"https://randomuser.me/api/portraits/med/men/48.jpg","thumbnail":"https://randomuser.me/api/portraits/thumb/men/48.jpg"},"nat":"DE"}],"info":{"seed":"34212f29b7e02c4e","results":1,"page":1,"version":"1.4"}} 
 </msg>
<msg time="2024-04-03T20:15:59.757989" level="INFO">/opt/hostedtoolcache/Python/3.12.2/x64/lib/python3.12/site-packages/urllib3/connectionpool.py:1103: InsecureRequestWarning: Unverified HTTPS request is being made to host 'randomuser.me'. Adding certificate verification is strongly advised. See: https://urllib3.readthedocs.io/en/latest/advanced-usage.html#tls-warnings
  warnings.warn(</msg>
<msg time="2024-04-03T20:15:59.758093" level="INFO">${response} = &lt;Response [200]&gt;</msg>
<var>${response}</var>
<arg>consultarAPI</arg>
<arg>/api</arg>
<doc>Sends a GET request on a previously created HTTP Session.</doc>
<status status="PASS" start="2024-04-03T20:15:59.675894" elapsed="0.082243"/>
</kw>
<kw name="Set Variable" owner="BuiltIn">
<msg time="2024-04-03T20:15:59.759188" level="INFO">${json_data} = {'results': [{'gender': 'male', 'name': {'title': 'Mr', 'first': 'Aziz', 'last': 'Rink'}, 'location': {'street': {'number': 8896, 'name': 'Finkenweg'}, 'city': 'Nagold', 'state': 'Niedersachsen', 'cou...</msg>
<var>${json_data}</var>
<arg>${response.json()}</arg>
<doc>Returns the given values which can then be assigned to a variables.</doc>
<status status="PASS" start="2024-04-03T20:15:59.758607" elapsed="0.000611"/>
</kw>
<kw name="Log" owner="BuiltIn">
<msg time="2024-04-03T20:15:59.759704" level="INFO">{'results': [{'gender': 'male', 'name': {'title': 'Mr', 'first': 'Aziz', 'last': 'Rink'}, 'location': {'street': {'number': 8896, 'name': 'Finkenweg'}, 'city': 'Nagold', 'state': 'Niedersachsen', 'country': 'Germany', 'postcode': 24313, 'coordinates': {'latitude': '-50.4787', 'longitude': '-34.3312'}, 'timezone': {'offset': '+5:00', 'description': 'Ekaterinburg, Islamabad, Karachi, Tashkent'}}, 'email': 'aziz.rink@example.com', 'login': {'uuid': '1bae5982-7903-4086-9599-55d7153677ac', 'username': 'purplelion432', 'password': 'escape', 'salt': 'DMdnbFzw', 'md5': '95b9d17254a181783c79ad1df209feee', 'sha1': 'eafe76ebb60c37a71a3db2f99b16ac6127949934', 'sha256': '7b39e08d9eb35ebaf63d9921b3f7c5f67e5ec11b6f9b8a9da15e24a63b54db14'}, 'dob': {'date': '1963-09-22T05:48:04.472Z', 'age': 60}, 'registered': {'date': '2019-05-19T08:46:03.557Z', 'age': 4}, 'phone': '0031-4446794', 'cell': '0179-2852573', 'id': {'name': 'SVNR', 'value': '51 220963 R 350'}, 'picture': {'large': 'https://randomuser.me/api/portraits/men/48.jpg', 'medium': 'https://randomuser.me/api/portraits/med/men/48.jpg', 'thumbnail': 'https://randomuser.me/api/portraits/thumb/men/48.jpg'}, 'nat': 'DE'}], 'info': {'seed': '34212f29b7e02c4e', 'results': 1, 'page': 1, 'version': '1.4'}}</msg>
<arg>${json_data}</arg>
<doc>Logs the given message with the given level.</doc>
<status status="PASS" start="2024-04-03T20:15:59.759542" elapsed="0.000210"/>
</kw>
<kw name="Dictionary Should Contain Key" owner="Collections">
<msg time="2024-04-03T20:15:59.760214" level="INFO">False</msg>
<arg>${json_data}</arg>
<arg>results</arg>
<doc>Fails if ``key`` is not found from ``dictionary``.</doc>
<status status="PASS" start="2024-04-03T20:15:59.760058" elapsed="0.000194"/>
</kw>
<kw name="Should Not Be Empty" owner="BuiltIn">
<msg time="2024-04-03T20:15:59.760682" level="INFO">Length is 2.</msg>
<arg>${json_data}</arg>
<doc>Verifies that the given item is not empty.</doc>
<status status="PASS" start="2024-04-03T20:15:59.760549" elapsed="0.000173"/>
</kw>
<kw name="Create List" owner="BuiltIn">
<msg time="2024-04-03T20:15:59.761146" level="INFO">${expected_keys} = ['gender', 'name', 'location', 'email', 'login']</msg>
<var>${expected_keys}</var>
<arg>gender</arg>
<arg>name</arg>
<arg>location</arg>
<arg>email</arg>
<arg>login</arg>
<doc>Returns a list containing given items.</doc>
<status status="PASS" start="2024-04-03T20:15:59.761001" elapsed="0.000170"/>
</kw>
<for flavor="IN">
<iter>
<kw name="Dictionary Should Contain Key" owner="Collections">
<msg time="2024-04-03T20:15:59.762142" level="INFO">False</msg>
<arg>${json_data['results'][0]}</arg>
<arg>${key}</arg>
<doc>Fails if ``key`` is not found from ``dictionary``.</doc>
<status status="PASS" start="2024-04-03T20:15:59.761738" elapsed="0.000443"/>
</kw>
<kw name="Log" owner="BuiltIn">
<msg time="2024-04-03T20:15:59.762897" level="INFO">{'gender': 'male', 'name': {'title': 'Mr', 'first': 'Aziz', 'last': 'Rink'}, 'location': {'street': {'number': 8896, 'name': 'Finkenweg'}, 'city': 'Nagold', 'state': 'Niedersachsen', 'country': 'Germany', 'postcode': 24313, 'coordinates': {'latitude': '-50.4787', 'longitude': '-34.3312'}, 'timezone': {'offset': '+5:00', 'description': 'Ekaterinburg, Islamabad, Karachi, Tashkent'}}, 'email': 'aziz.rink@example.com', 'login': {'uuid': '1bae5982-7903-4086-9599-55d7153677ac', 'username': 'purplelion432', 'password': 'escape', 'salt': 'DMdnbFzw', 'md5': '95b9d17254a181783c79ad1df209feee', 'sha1': 'eafe76ebb60c37a71a3db2f99b16ac6127949934', 'sha256': '7b39e08d9eb35ebaf63d9921b3f7c5f67e5ec11b6f9b8a9da15e24a63b54db14'}, 'dob': {'date': '1963-09-22T05:48:04.472Z', 'age': 60}, 'registered': {'date': '2019-05-19T08:46:03.557Z', 'age': 4}, 'phone': '0031-4446794', 'cell': '0179-2852573', 'id': {'name': 'SVNR', 'value': '51 220963 R 350'}, 'picture': {'large': 'https://randomuser.me/api/portraits/men/48.jpg', 'medium': 'https://randomuser.me/api/portraits/med/men/48.jpg', 'thumbnail': 'https://randomuser.me/api/portraits/thumb/men/48.jpg'}, 'nat': 'DE'}</msg>
<arg>${json_data['results'][0]}</arg>
<doc>Logs the given message with the given level.</doc>
<status status="PASS" start="2024-04-03T20:15:59.762494" elapsed="0.000465"/>
</kw>
<kw name="Log" owner="BuiltIn">
<msg time="2024-04-03T20:15:59.763409" level="INFO">gender</msg>
<arg>${key}</arg>
<doc>Logs the given message with the given level.</doc>
<status status="PASS" start="2024-04-03T20:15:59.763276" elapsed="0.000172"/>
</kw>
<var name="${key}">gender</var>
<status status="PASS" start="2024-04-03T20:15:59.761614" elapsed="0.002055"/>
</iter>
<iter>
<kw name="Dictionary Should Contain Key" owner="Collections">
<msg time="2024-04-03T20:15:59.764363" level="INFO">False</msg>
<arg>${json_data['results'][0]}</arg>
<arg>${key}</arg>
<doc>Fails if ``key`` is not found from ``dictionary``.</doc>
<status status="PASS" start="2024-04-03T20:15:59.763978" elapsed="0.000423"/>
</kw>
<kw name="Log" owner="BuiltIn">
<msg time="2024-04-03T20:15:59.765113" level="INFO">{'gender': 'male', 'name': {'title': 'Mr', 'first': 'Aziz', 'last': 'Rink'}, 'location': {'street': {'number': 8896, 'name': 'Finkenweg'}, 'city': 'Nagold', 'state': 'Niedersachsen', 'country': 'Germany', 'postcode': 24313, 'coordinates': {'latitude': '-50.4787', 'longitude': '-34.3312'}, 'timezone': {'offset': '+5:00', 'description': 'Ekaterinburg, Islamabad, Karachi, Tashkent'}}, 'email': 'aziz.rink@example.com', 'login': {'uuid': '1bae5982-7903-4086-9599-55d7153677ac', 'username': 'purplelion432', 'password': 'escape', 'salt': 'DMdnbFzw', 'md5': '95b9d17254a181783c79ad1df209feee', 'sha1': 'eafe76ebb60c37a71a3db2f99b16ac6127949934', 'sha256': '7b39e08d9eb35ebaf63d9921b3f7c5f67e5ec11b6f9b8a9da15e24a63b54db14'}, 'dob': {'date': '1963-09-22T05:48:04.472Z', 'age': 60}, 'registered': {'date': '2019-05-19T08:46:03.557Z', 'age': 4}, 'phone': '0031-4446794', 'cell': '0179-2852573', 'id': {'name': 'SVNR', 'value': '51 220963 R 350'}, 'picture': {'large': 'https://randomuser.me/api/portraits/men/48.jpg', 'medium': 'https://randomuser.me/api/portraits/med/men/48.jpg', 'thumbnail': 'https://randomuser.me/api/portraits/thumb/men/48.jpg'}, 'nat': 'DE'}</msg>
<arg>${json_data['results'][0]}</arg>
<doc>Logs the given message with the given level.</doc>
<status status="PASS" start="2024-04-03T20:15:59.764749" elapsed="0.000413"/>
</kw>
<kw name="Log" owner="BuiltIn">
<msg time="2024-04-03T20:15:59.765594" level="INFO">name</msg>
<arg>${key}</arg>
<doc>Logs the given message with the given level.</doc>
<status status="PASS" start="2024-04-03T20:15:59.765465" elapsed="0.000167"/>
</kw>
<var name="${key}">name</var>
<status status="PASS" start="2024-04-03T20:15:59.763860" elapsed="0.001991"/>
</iter>
<iter>
<kw name="Dictionary Should Contain Key" owner="Collections">
<msg time="2024-04-03T20:15:59.766531" level="INFO">False</msg>
<arg>${json_data['results'][0]}</arg>
<arg>${key}</arg>
<doc>Fails if ``key`` is not found from ``dictionary``.</doc>
<status status="PASS" start="2024-04-03T20:15:59.766148" elapsed="0.000422"/>
</kw>
<kw name="Log" owner="BuiltIn">
<msg time="2024-04-03T20:15:59.767283" level="INFO">{'gender': 'male', 'name': {'title': 'Mr', 'first': 'Aziz', 'last': 'Rink'}, 'location': {'street': {'number': 8896, 'name': 'Finkenweg'}, 'city': 'Nagold', 'state': 'Niedersachsen', 'country': 'Germany', 'postcode': 24313, 'coordinates': {'latitude': '-50.4787', 'longitude': '-34.3312'}, 'timezone': {'offset': '+5:00', 'description': 'Ekaterinburg, Islamabad, Karachi, Tashkent'}}, 'email': 'aziz.rink@example.com', 'login': {'uuid': '1bae5982-7903-4086-9599-55d7153677ac', 'username': 'purplelion432', 'password': 'escape', 'salt': 'DMdnbFzw', 'md5': '95b9d17254a181783c79ad1df209feee', 'sha1': 'eafe76ebb60c37a71a3db2f99b16ac6127949934', 'sha256': '7b39e08d9eb35ebaf63d9921b3f7c5f67e5ec11b6f9b8a9da15e24a63b54db14'}, 'dob': {'date': '1963-09-22T05:48:04.472Z', 'age': 60}, 'registered': {'date': '2019-05-19T08:46:03.557Z', 'age': 4}, 'phone': '0031-4446794', 'cell': '0179-2852573', 'id': {'name': 'SVNR', 'value': '51 220963 R 350'}, 'picture': {'large': 'https://randomuser.me/api/portraits/men/48.jpg', 'medium': 'https://randomuser.me/api/portraits/med/men/48.jpg', 'thumbnail': 'https://randomuser.me/api/portraits/thumb/men/48.jpg'}, 'nat': 'DE'}</msg>
<arg>${json_data['results'][0]}</arg>
<doc>Logs the given message with the given level.</doc>
<status status="PASS" start="2024-04-03T20:15:59.766905" elapsed="0.000436"/>
</kw>
<kw name="Log" owner="BuiltIn">
<msg time="2024-04-03T20:15:59.767771" level="INFO">location</msg>
<arg>${key}</arg>
<doc>Logs the given message with the given level.</doc>
<status status="PASS" start="2024-04-03T20:15:59.767641" elapsed="0.000168"/>
</kw>
<var name="${key}">location</var>
<status status="PASS" start="2024-04-03T20:15:59.766033" elapsed="0.001993"/>
</iter>
<iter>
<kw name="Dictionary Should Contain Key" owner="Collections">
<msg time="2024-04-03T20:15:59.768742" level="INFO">False</msg>
<arg>${json_data['results'][0]}</arg>
<arg>${key}</arg>
<doc>Fails if ``key`` is not found from ``dictionary``.</doc>
<status status="PASS" start="2024-04-03T20:15:59.768318" elapsed="0.000489"/>
</kw>
<kw name="Log" owner="BuiltIn">
<msg time="2024-04-03T20:15:59.769475" level="INFO">{'gender': 'male', 'name': {'title': 'Mr', 'first': 'Aziz', 'last': 'Rink'}, 'location': {'street': {'number': 8896, 'name': 'Finkenweg'}, 'city': 'Nagold', 'state': 'Niedersachsen', 'country': 'Germany', 'postcode': 24313, 'coordinates': {'latitude': '-50.4787', 'longitude': '-34.3312'}, 'timezone': {'offset': '+5:00', 'description': 'Ekaterinburg, Islamabad, Karachi, Tashkent'}}, 'email': 'aziz.rink@example.com', 'login': {'uuid': '1bae5982-7903-4086-9599-55d7153677ac', 'username': 'purplelion432', 'password': 'escape', 'salt': 'DMdnbFzw', 'md5': '95b9d17254a181783c79ad1df209feee', 'sha1': 'eafe76ebb60c37a71a3db2f99b16ac6127949934', 'sha256': '7b39e08d9eb35ebaf63d9921b3f7c5f67e5ec11b6f9b8a9da15e24a63b54db14'}, 'dob': {'date': '1963-09-22T05:48:04.472Z', 'age': 60}, 'registered': {'date': '2019-05-19T08:46:03.557Z', 'age': 4}, 'phone': '0031-4446794', 'cell': '0179-2852573', 'id': {'name': 'SVNR', 'value': '51 220963 R 350'}, 'picture': {'large': 'https://randomuser.me/api/portraits/men/48.jpg', 'medium': 'https://randomuser.me/api/portraits/med/men/48.jpg', 'thumbnail': 'https://randomuser.me/api/portraits/thumb/men/48.jpg'}, 'nat': 'DE'}</msg>
<arg>${json_data['results'][0]}</arg>
<doc>Logs the given message with the given level.</doc>
<status status="PASS" start="2024-04-03T20:15:59.769117" elapsed="0.000406"/>
</kw>
<kw name="Log" owner="BuiltIn">
<msg time="2024-04-03T20:15:59.769950" level="INFO">email</msg>
<arg>${key}</arg>
<doc>Logs the given message with the given level.</doc>
<status status="PASS" start="2024-04-03T20:15:59.769822" elapsed="0.000165"/>
</kw>
<var name="${key}">email</var>
<status status="PASS" start="2024-04-03T20:15:59.768205" elapsed="0.001999"/>
</iter>
<iter>
<kw name="Dictionary Should Contain Key" owner="Collections">
<msg time="2024-04-03T20:15:59.770931" level="INFO">False</msg>
<arg>${json_data['results'][0]}</arg>
<arg>${key}</arg>
<doc>Fails if ``key`` is not found from ``dictionary``.</doc>
<status status="PASS" start="2024-04-03T20:15:59.770501" elapsed="0.000469"/>
</kw>
<kw name="Log" owner="BuiltIn">
<msg time="2024-04-03T20:15:59.771630" level="INFO">{'gender': 'male', 'name': {'title': 'Mr', 'first': 'Aziz', 'last': 'Rink'}, 'location': {'street': {'number': 8896, 'name': 'Finkenweg'}, 'city': 'Nagold', 'state': 'Niedersachsen', 'country': 'Germany', 'postcode': 24313, 'coordinates': {'latitude': '-50.4787', 'longitude': '-34.3312'}, 'timezone': {'offset': '+5:00', 'description': 'Ekaterinburg, Islamabad, Karachi, Tashkent'}}, 'email': 'aziz.rink@example.com', 'login': {'uuid': '1bae5982-7903-4086-9599-55d7153677ac', 'username': 'purplelion432', 'password': 'escape', 'salt': 'DMdnbFzw', 'md5': '95b9d17254a181783c79ad1df209feee', 'sha1': 'eafe76ebb60c37a71a3db2f99b16ac6127949934', 'sha256': '7b39e08d9eb35ebaf63d9921b3f7c5f67e5ec11b6f9b8a9da15e24a63b54db14'}, 'dob': {'date': '1963-09-22T05:48:04.472Z', 'age': 60}, 'registered': {'date': '2019-05-19T08:46:03.557Z', 'age': 4}, 'phone': '0031-4446794', 'cell': '0179-2852573', 'id': {'name': 'SVNR', 'value': '51 220963 R 350'}, 'picture': {'large': 'https://randomuser.me/api/portraits/men/48.jpg', 'medium': 'https://randomuser.me/api/portraits/med/men/48.jpg', 'thumbnail': 'https://randomuser.me/api/portraits/thumb/men/48.jpg'}, 'nat': 'DE'}</msg>
<arg>${json_data['results'][0]}</arg>
<doc>Logs the given message with the given level.</doc>
<status status="PASS" start="2024-04-03T20:15:59.771272" elapsed="0.000405"/>
</kw>
<kw name="Log" owner="BuiltIn">
<msg time="2024-04-03T20:15:59.772105" level="INFO">login</msg>
<arg>${key}</arg>
<doc>Logs the given message with the given level.</doc>
<status status="PASS" start="2024-04-03T20:15:59.771976" elapsed="0.000272"/>
</kw>
<var name="${key}">login</var>
<status status="PASS" start="2024-04-03T20:15:59.770383" elapsed="0.002115"/>
</iter>
<var>${key}</var>
<value>@{expected_keys}</value>
<status status="PASS" start="2024-04-03T20:15:59.761433" elapsed="0.011196"/>
</for>
<kw name="Create List" owner="BuiltIn">
<msg time="2024-04-03T20:15:59.772966" level="INFO">${expected_keysTwo} = ['username', 'password']</msg>
<var>${expected_keysTwo}</var>
<arg>username</arg>
<arg>password</arg>
<doc>Returns a list containing given items.</doc>
<status status="PASS" start="2024-04-03T20:15:59.772828" elapsed="0.000162"/>
</kw>
<for flavor="IN">
<iter>
<kw name="Dictionary Should Contain Key" owner="Collections">
<msg time="2024-04-03T20:15:59.773879" level="INFO">False</msg>
<arg>${json_data['results'][0]['login']}</arg>
<arg>${keyTwo}</arg>
<doc>Fails if ``key`` is not found from ``dictionary``.</doc>
<status status="PASS" start="2024-04-03T20:15:59.773489" elapsed="0.000428"/>
</kw>
<kw name="Dictionary Should Contain Key" owner="Collections">
<msg time="2024-04-03T20:15:59.774600" level="INFO">False</msg>
<arg>${json_data['results'][0]['login']}</arg>
<arg>${keyTwo}</arg>
<doc>Fails if ``key`` is not found from ``dictionary``.</doc>
<status status="PASS" start="2024-04-03T20:15:59.774216" elapsed="0.000421"/>
</kw>
<kw name="Log" owner="BuiltIn">
<msg time="2024-04-03T20:15:59.775096" level="INFO">username</msg>
<arg>${keyTwo}</arg>
<doc>Logs the given message with the given level.</doc>
<status status="PASS" start="2024-04-03T20:15:59.774966" elapsed="0.000168"/>
</kw>
<var name="${keyTwo}">username</var>
<status status="PASS" start="2024-04-03T20:15:59.773378" elapsed="0.001976"/>
</iter>
<iter>
<kw name="Dictionary Should Contain Key" owner="Collections">
<msg time="2024-04-03T20:15:59.776024" level="INFO">False</msg>
<arg>${json_data['results'][0]['login']}</arg>
<arg>${keyTwo}</arg>
<doc>Fails if ``key`` is not found from ``dictionary``.</doc>
<status status="PASS" start="2024-04-03T20:15:59.775648" elapsed="0.000414"/>
</kw>
<kw name="Dictionary Should Contain Key" owner="Collections">
<msg time="2024-04-03T20:15:59.776781" level="INFO">False</msg>
<arg>${json_data['results'][0]['login']}</arg>
<arg>${keyTwo}</arg>
<doc>Fails if ``key`` is not found from ``dictionary``.</doc>
<status status="PASS" start="2024-04-03T20:15:59.776355" elapsed="0.000463"/>
</kw>
<kw name="Log" owner="BuiltIn">
<msg time="2024-04-03T20:15:59.777242" level="INFO">password</msg>
<arg>${keyTwo}</arg>
<doc>Logs the given message with the given level.</doc>
<status status="PASS" start="2024-04-03T20:15:59.777114" elapsed="0.000165"/>
</kw>
<var name="${keyTwo}">password</var>
<status status="PASS" start="2024-04-03T20:15:59.775528" elapsed="0.001976"/>
</iter>
<var>${keyTwo}</var>
<value>@{expected_keysTwo}</value>
<status status="PASS" start="2024-04-03T20:15:59.773227" elapsed="0.004400"/>
</for>
<status status="PASS" start="2024-04-03T20:15:59.675615" elapsed="0.102154"/>
</kw>
<doc>Testa a estrutura da resposta da API.</doc>
<tag>testeEstruturaResposta</tag>
<status status="PASS" start="2024-04-03T20:15:59.675030" elapsed="0.102892"/>
</test>
<test id="s1-s1-t4" name="Validar tipos de dados" line="28">
<kw name="Teste de Tipos de Dados" owner="random-user-service">
<kw name="GET On Session" owner="RequestsLibrary">
<msg time="2024-04-03T20:15:59.947423" level="INFO">GET Request : url=https://randomuser.me/api 
 path_url=/api 
 headers={'User-Agent': 'python-requests/2.31.0', 'Accept-Encoding': 'gzip, deflate', 'Accept': '*/*', 'Connection': 'keep-alive'} 
 body=None 
 </msg>
<msg time="2024-04-03T20:15:59.947507" level="INFO">GET Response : url=https://randomuser.me/api 
 status=200, reason=OK 
 headers={'Date': 'Wed, 03 Apr 2024 20:15:59 GMT', 'Content-Type': 'application/json; charset=utf-8', 'Transfer-Encoding': 'chunked', 'Connection': 'keep-alive', 'X-Powered-By': 'Express', 'Access-Control-Allow-Origin': '*', 'Cache-Control': 'no-cache', 'ETag': 'W/"46d-oYDNRDFrcHg65rNL25UKve4BASY"', 'Vary': 'Accept-Encoding', 'Content-Encoding': 'gzip', 'CF-Cache-Status': 'DYNAMIC', 'Report-To': '{"endpoints":[{"url":"https:\\/\\/a.nel.cloudflare.com\\/report\\/v4?s=q6wtNEM0MKjgZ2QT5RFUYTXNih%2BSWV%2Bqx5VR5uXEqdzwQ5ZnAEIHU9%2BdpMGYzs31%2BN3czq7NYzz2aJYIxHwM%2BbyhbO7wAO49bGKa%2ByFk59Xkabut%2FMA0dAyme%2Ffzu5G8"}],"group":"cf-nel","max_age":604800}', 'NEL': '{"success_fraction":0,"report_to":"cf-nel","max_age":604800}', 'Server': 'cloudflare', 'CF-RAY': '86ebbbdea8f82986-ORD', 'alt-svc': 'h3=":443"; ma=86400'} 
 body={"results":[{"gender":"male","name":{"title":"Mr","first":"Toni","last":"Schober"},"location":{"street":{"number":7864,"name":"Schulweg"},"city":"Herford","state":"Brandenburg","country":"Germany","postcode":19436,"coordinates":{"latitude":"-47.6949","longitude":"-178.6162"},"timezone":{"offset":"+4:30","description":"Kabul"}},"email":"toni.schober@example.com","login":{"uuid":"ecace631-15b6-4f97-9788-bdb8ed2269f3","username":"orangelion728","password":"jeep","salt":"hvRA9JBL","md5":"801e11568418c77aa35d26b72591753e","sha1":"a5acf769a280d5cdbaf0c8d65c83e949002688c3","sha256":"0415ffc2256189c95f8ca7c80ed34036f83af29a77eb6e120a96256fa32ce351"},"dob":{"date":"1993-04-18T11:41:27.004Z","age":30},"registered":{"date":"2016-05-16T05:11:06.169Z","age":7},"phone":"0881-1369218","cell":"0179-7594557","id":{"name":"SVNR","value":"58 180493 S 362"},"picture":{"large":"https://randomuser.me/api/portraits/men/55.jpg","medium":"https://randomuser.me/api/portraits/med/men/55.jpg","thumbnail":"https://randomuser.me/api/portraits/thumb/men/55.jpg"},"nat":"DE"}],"info":{"seed":"98f410a56c93fd4e","results":1,"page":1,"version":"1.4"}} 
 </msg>
<msg time="2024-04-03T20:15:59.947576" level="INFO">/opt/hostedtoolcache/Python/3.12.2/x64/lib/python3.12/site-packages/urllib3/connectionpool.py:1103: InsecureRequestWarning: Unverified HTTPS request is being made to host 'randomuser.me'. Adding certificate verification is strongly advised. See: https://urllib3.readthedocs.io/en/latest/advanced-usage.html#tls-warnings
  warnings.warn(</msg>
<msg time="2024-04-03T20:15:59.947690" level="INFO">${response} = &lt;Response [200]&gt;</msg>
<var>${response}</var>
<arg>consultarAPI</arg>
<arg>/api</arg>
<doc>Sends a GET request on a previously created HTTP Session.</doc>
<status status="PASS" start="2024-04-03T20:15:59.780357" elapsed="0.167386"/>
</kw>
<kw name="Set Variable" owner="BuiltIn">
<msg time="2024-04-03T20:15:59.948840" level="INFO">${json_data} = {'results': [{'gender': 'male', 'name': {'title': 'Mr', 'first': 'Toni', 'last': 'Schober'}, 'location': {'street': {'number': 7864, 'name': 'Schulweg'}, 'city': 'Herford', 'state': 'Brandenburg', 'co...</msg>
<var>${json_data}</var>
<arg>${response.json()}</arg>
<doc>Returns the given values which can then be assigned to a variables.</doc>
<status status="PASS" start="2024-04-03T20:15:59.948292" elapsed="0.000577"/>
</kw>
<kw name="Log" owner="BuiltIn">
<msg time="2024-04-03T20:15:59.949334" level="INFO">{'results': [{'gender': 'male', 'name': {'title': 'Mr', 'first': 'Toni', 'last': 'Schober'}, 'location': {'street': {'number': 7864, 'name': 'Schulweg'}, 'city': 'Herford', 'state': 'Brandenburg', 'country': 'Germany', 'postcode': 19436, 'coordinates': {'latitude': '-47.6949', 'longitude': '-178.6162'}, 'timezone': {'offset': '+4:30', 'description': 'Kabul'}}, 'email': 'toni.schober@example.com', 'login': {'uuid': 'ecace631-15b6-4f97-9788-bdb8ed2269f3', 'username': 'orangelion728', 'password': 'jeep', 'salt': 'hvRA9JBL', 'md5': '801e11568418c77aa35d26b72591753e', 'sha1': 'a5acf769a280d5cdbaf0c8d65c83e949002688c3', 'sha256': '0415ffc2256189c95f8ca7c80ed34036f83af29a77eb6e120a96256fa32ce351'}, 'dob': {'date': '1993-04-18T11:41:27.004Z', 'age': 30}, 'registered': {'date': '2016-05-16T05:11:06.169Z', 'age': 7}, 'phone': '0881-1369218', 'cell': '0179-7594557', 'id': {'name': 'SVNR', 'value': '58 180493 S 362'}, 'picture': {'large': 'https://randomuser.me/api/portraits/men/55.jpg', 'medium': 'https://randomuser.me/api/portraits/med/men/55.jpg', 'thumbnail': 'https://randomuser.me/api/portraits/thumb/men/55.jpg'}, 'nat': 'DE'}], 'info': {'seed': '98f410a56c93fd4e', 'results': 1, 'page': 1, 'version': '1.4'}}</msg>
<arg>${json_data}</arg>
<doc>Logs the given message with the given level.</doc>
<status status="PASS" start="2024-04-03T20:15:59.949182" elapsed="0.000230"/>
</kw>
<kw name="Should Be String" owner="String">
<arg>${json_data['results'][0]['gender']}</arg>
<doc>Fails if the given ``item`` is not a string.</doc>
<status status="PASS" start="2024-04-03T20:15:59.949719" elapsed="0.000357"/>
</kw>
<kw name="Should Match Regexp" owner="BuiltIn">
<arg>${json_data['results'][0]['email']}</arg>
<arg>^[a-zA-Z0-9._%+-]+@[a-zA-Z0-9.-]+\.[a-zA-Z]{2,}$</arg>
<doc>Fails if ``string`` does not match ``pattern`` as a regular expression.</doc>
<status status="PASS" start="2024-04-03T20:15:59.950271" elapsed="0.000491"/>
</kw>
<kw name="Should Match Regexp" owner="BuiltIn">
<arg>${json_data['results'][0]['dob']['date']}</arg>
<arg>\\d{4}-\\d{2}-\\d{2}T\\d{2}:\\d{2}:\\d{2}\\.\\d{3}Z</arg>
<doc>Fails if ``string`` does not match ``pattern`` as a regular expression.</doc>
<status status="PASS" start="2024-04-03T20:15:59.951006" elapsed="0.000484"/>
</kw>
<kw name="Should Match Regexp" owner="BuiltIn">
<arg>${json_data['results'][0]['registered']['date']}</arg>
<arg>\\d{4}-\\d{2}-\\d{2}T\\d{2}:\\d{2}:\\d{2}\\.\\d{3}Z</arg>
<doc>Fails if ``string`` does not match ``pattern`` as a regular expression.</doc>
<status status="PASS" start="2024-04-03T20:15:59.951684" elapsed="0.000373"/>
</kw>
<kw name="Should Match Regexp" owner="BuiltIn">
<arg>${json_data['results'][0]['picture']['large']}</arg>
<arg>^https?://.*\.(?:png|jpe?g|gif|bmp)$</arg>
<doc>Fails if ``string`` does not match ``pattern`` as a regular expression.</doc>
<status status="PASS" start="2024-04-03T20:15:59.952246" elapsed="0.000446"/>
</kw>
<kw name="Should Match Regexp" owner="BuiltIn">
<arg>${json_data['results'][0]['picture']['medium']}</arg>
<arg>^https?://.*\.(?:png|jpe?g|gif|bmp)$</arg>
<doc>Fails if ``string`` does not match ``pattern`` as a regular expression.</doc>
<status status="PASS" start="2024-04-03T20:15:59.952880" elapsed="0.000354"/>
</kw>
<kw name="Should Match Regexp" owner="BuiltIn">
<arg>${json_data['results'][0]['picture']['thumbnail']}</arg>
<arg>^https?://.*\.(?:png|jpe?g|gif|bmp)$</arg>
<doc>Fails if ``string`` does not match ``pattern`` as a regular expression.</doc>
<status status="PASS" start="2024-04-03T20:15:59.953417" elapsed="0.000346"/>
</kw>
<kw name="Log" owner="BuiltIn">
<msg time="2024-04-03T20:15:59.954273" level="INFO">{'large': 'https://randomuser.me/api/portraits/men/55.jpg', 'medium': 'https://randomuser.me/api/portraits/med/men/55.jpg', 'thumbnail': 'https://randomuser.me/api/portraits/thumb/men/55.jpg'}</msg>
<arg>${json_data['results'][0]['picture']}</arg>
<doc>Logs the given message with the given level.</doc>
<status status="PASS" start="2024-04-03T20:15:59.953944" elapsed="0.000374"/>
</kw>
<status status="PASS" start="2024-04-03T20:15:59.780133" elapsed="0.174441"/>
</kw>
<kw name="Teste de Tipos de Dados - Postcode" owner="random-user-service">
<kw name="GET On Session" owner="RequestsLibrary">
<msg time="2024-04-03T20:16:00.022916" level="INFO">GET Request : url=https://randomuser.me/api 
 path_url=/api 
 headers={'User-Agent': 'python-requests/2.31.0', 'Accept-Encoding': 'gzip, deflate', 'Accept': '*/*', 'Connection': 'keep-alive'} 
 body=None 
 </msg>
<msg time="2024-04-03T20:16:00.023008" level="INFO">GET Response : url=https://randomuser.me/api 
 status=200, reason=OK 
 headers={'Date': 'Wed, 03 Apr 2024 20:16:00 GMT', 'Content-Type': 'application/json; charset=utf-8', 'Transfer-Encoding': 'chunked', 'Connection': 'keep-alive', 'X-Powered-By': 'Express', 'Access-Control-Allow-Origin': '*', 'Cache-Control': 'no-cache', 'ETag': 'W/"4aa-ZmfMDo1CE35eJobo5ZIKs4H45O8"', 'Vary': 'Accept-Encoding', 'Content-Encoding': 'gzip', 'CF-Cache-Status': 'DYNAMIC', 'Report-To': '{"endpoints":[{"url":"https:\\/\\/a.nel.cloudflare.com\\/report\\/v4?s=Pr8kryNQostS%2BK2lnJBlIxYSM1Epdb8PivLYHvPgzS3iG0dpLyhybKGJWh%2BCrUv8EnchFtzMEz0m9CaGWby1%2FHY9uoKIQ222p2QJohq6U4uPOLcxwSN7CDXG8OWZlWFV"}],"group":"cf-nel","max_age":604800}', 'NEL': '{"success_fraction":0,"report_to":"cf-nel","max_age":604800}', 'Server': 'cloudflare', 'CF-RAY': '86ebbbdfba3f2986-ORD', 'alt-svc': 'h3=":443"; ma=86400'} 
 body={"results":[{"gender":"male","name":{"title":"Mr","first":"پارسا","last":"محمدخان"},"location":{"street":{"number":8863,"name":"حقانی"},"city":"کرمانشاه","state":"آذربایجان شرقی","country":"Iran","postcode":27447,"coordinates":{"latitude":"18.3228","longitude":"-107.8308"},"timezone":{"offset":"+11:00","description":"Magadan, Solomon Islands, New Caledonia"}},"email":"prs.mhmdkhn@example.com","login":{"uuid":"e9fe3e03-5d84-418a-9af7-7789fee889f5","username":"yellowladybug547","password":"patrice","salt":"w2GrhFMf","md5":"af3e9b762061b9a6429b3b3f0ee3ad11","sha1":"9338bf9af15ca04fe37aeecb1be217c57e07f288","sha256":"c7edae0f9a5a47f38a0aa3e7d8e0742f0c667ab975ece092b400415a2ea73d78"},"dob":{"date":"1972-08-30T13:46:45.292Z","age":51},"registered":{"date":"2013-01-04T10:52:51.624Z","age":11},"phone":"099-95559379","cell":"0941-131-3283","id":{"name":"","value":null},"picture":{"large":"https://randomuser.me/api/portraits/men/57.jpg","medium":"https://randomuser.me/api/portraits/med/men/57.jpg","thumbnail":"https://randomuser.me/api/portraits/thumb/men/57.jpg"},"nat":"IR"}],"info":{"seed":"57e8360ba7d46fce","results":1,"page":1,"version":"1.4"}} 
 </msg>
<msg time="2024-04-03T20:16:00.023103" level="INFO">/opt/hostedtoolcache/Python/3.12.2/x64/lib/python3.12/site-packages/urllib3/connectionpool.py:1103: InsecureRequestWarning: Unverified HTTPS request is being made to host 'randomuser.me'. Adding certificate verification is strongly advised. See: https://urllib3.readthedocs.io/en/latest/advanced-usage.html#tls-warnings
  warnings.warn(</msg>
<msg time="2024-04-03T20:16:00.023222" level="INFO">${response} = &lt;Response [200]&gt;</msg>
<var>${response}</var>
<arg>consultarAPI</arg>
<arg>/api</arg>
<doc>Sends a GET request on a previously created HTTP Session.</doc>
<status status="PASS" start="2024-04-03T20:15:59.955146" elapsed="0.068131"/>
</kw>
<kw name="Set Variable" owner="BuiltIn">
<msg time="2024-04-03T20:16:00.024283" level="INFO">${json_data} = {'results': [{'gender': 'male', 'name': {'title': 'Mr', 'first': 'پارسا', 'last': 'محمدخان'}, 'location': {'street': {'number': 8863, 'name': 'حقانی'}, 'city': 'کرمانشاه', 'state': 'آذربایجان شرقی', '...</msg>
<var>${json_data}</var>
<arg>${response.json()}</arg>
<doc>Returns the given values which can then be assigned to a variables.</doc>
<status status="PASS" start="2024-04-03T20:16:00.023736" elapsed="0.000577"/>
</kw>
<kw name="Log" owner="BuiltIn">
<msg time="2024-04-03T20:16:00.024781" level="INFO">{'results': [{'gender': 'male', 'name': {'title': 'Mr', 'first': 'پارسا', 'last': 'محمدخان'}, 'location': {'street': {'number': 8863, 'name': 'حقانی'}, 'city': 'کرمانشاه', 'state': 'آذربایجان شرقی', 'country': 'Iran', 'postcode': 27447, 'coordinates': {'latitude': '18.3228', 'longitude': '-107.8308'}, 'timezone': {'offset': '+11:00', 'description': 'Magadan, Solomon Islands, New Caledonia'}}, 'email': 'prs.mhmdkhn@example.com', 'login': {'uuid': 'e9fe3e03-5d84-418a-9af7-7789fee889f5', 'username': 'yellowladybug547', 'password': 'patrice', 'salt': 'w2GrhFMf', 'md5': 'af3e9b762061b9a6429b3b3f0ee3ad11', 'sha1': '9338bf9af15ca04fe37aeecb1be217c57e07f288', 'sha256': 'c7edae0f9a5a47f38a0aa3e7d8e0742f0c667ab975ece092b400415a2ea73d78'}, 'dob': {'date': '1972-08-30T13:46:45.292Z', 'age': 51}, 'registered': {'date': '2013-01-04T10:52:51.624Z', 'age': 11}, 'phone': '099-95559379', 'cell': '0941-131-3283', 'id': {'name': '', 'value': None}, 'picture': {'large': 'https://randomuser.me/api/portraits/men/57.jpg', 'medium': 'https://randomuser.me/api/portraits/med/men/57.jpg', 'thumbnail': 'https://randomuser.me/api/portraits/thumb/men/57.jpg'}, 'nat': 'IR'}], 'info': {'seed': '57e8360ba7d46fce', 'results': 1, 'page': 1, 'version': '1.4'}}</msg>
<arg>${json_data}</arg>
<doc>Logs the given message with the given level.</doc>
<status status="PASS" start="2024-04-03T20:16:00.024623" elapsed="0.000241"/>
</kw>
<kw name="Should Be Equal As Numbers" owner="BuiltIn">
<arg>${json_data['results'][0]['location']['postcode']}</arg>
<arg>${json_data['results'][0]['location']['postcode']}</arg>
<doc>Fails if objects are unequal after converting them to real numbers.</doc>
<status status="PASS" start="2024-04-03T20:16:00.025167" elapsed="0.000624"/>
</kw>
<kw name="Log" owner="BuiltIn">
<msg time="2024-04-03T20:16:00.026331" level="INFO">27447</msg>
<arg>${json_data['results'][0]['location']['postcode']}</arg>
<doc>Logs the given message with the given level.</doc>
<status status="PASS" start="2024-04-03T20:16:00.025992" elapsed="0.000379"/>
</kw>
<status status="PASS" start="2024-04-03T20:15:59.954783" elapsed="0.071838"/>
</kw>
<doc>Testa se os tipos de dados na resposta da API estão corretos.</doc>
<tag>testeTiposDados</tag>
<status status="PASS" start="2024-04-03T20:15:59.779696" elapsed="0.247086"/>
</test>
<test id="s1-s1-t5" name="Validar conteudo" line="35">
<kw name="Teste de Tipos de Conteudo" owner="random-user-service">
<kw name="GET On Session" owner="RequestsLibrary">
<msg time="2024-04-03T20:16:00.121056" level="INFO">GET Request : url=https://randomuser.me/api 
 path_url=/api 
 headers={'User-Agent': 'python-requests/2.31.0', 'Accept-Encoding': 'gzip, deflate', 'Accept': '*/*', 'Connection': 'keep-alive'} 
 body=None 
 </msg>
<msg time="2024-04-03T20:16:00.121139" level="INFO">GET Response : url=https://randomuser.me/api 
 status=200, reason=OK 
 headers={'Date': 'Wed, 03 Apr 2024 20:16:00 GMT', 'Content-Type': 'application/json; charset=utf-8', 'Transfer-Encoding': 'chunked', 'Connection': 'keep-alive', 'X-Powered-By': 'Express', 'Access-Control-Allow-Origin': '*', 'Cache-Control': 'no-cache', 'ETag': 'W/"480-fDX5Fq+hcRM3zTx/U+ZCuMI4GfI"', 'Vary': 'Accept-Encoding', 'Content-Encoding': 'gzip', 'CF-Cache-Status': 'DYNAMIC', 'Report-To': '{"endpoints":[{"url":"https:\\/\\/a.nel.cloudflare.com\\/report\\/v4?s=fKXUHq1oNGFRLMyA4DYxdxTKjRybN2IBvODLrI3%2Faald%2FaKeikkLO28F6rj2zzHl%2FLgB3irAnOnuyaJYv%2BBWvLBqr%2BCo5zgLB73af4J9sBnSMQ6%2BSQwExbjyfaAa0q5%2F"}],"group":"cf-nel","max_age":604800}', 'NEL': '{"success_fraction":0,"report_to":"cf-nel","max_age":604800}', 'Server': 'cloudflare', 'CF-RAY': '86ebbbe03af12986-ORD', 'alt-svc': 'h3=":443"; ma=86400'} 
 body={"results":[{"gender":"female","name":{"title":"Miss","first":"Olimpiada","last":"Ivchenko"},"location":{"street":{"number":9237,"name":"Naberezhna Roshen"},"city":"Semenivka","state":"Vinnicka","country":"Ukraine","postcode":79324,"coordinates":{"latitude":"78.6988","longitude":"75.1162"},"timezone":{"offset":"+3:30","description":"Tehran"}},"email":"olimpiada.ivchenko@example.com","login":{"uuid":"9539e9c1-c0fc-4a31-84d4-cdd8d43b8ac9","username":"crazypeacock886","password":"spoon","salt":"b0VPofXr","md5":"e2fa686aa526cc6e2ca229825a6586f6","sha1":"f78dfcdf04fbbbebaee6693ec8b9a814d14c2b0b","sha256":"3140923ae088a5ab49d2e3a2ed4829e71309c2ba053045e3be118eb75ee84da4"},"dob":{"date":"1993-08-06T02:47:46.086Z","age":30},"registered":{"date":"2013-03-06T01:25:35.874Z","age":11},"phone":"(068) G65-6850","cell":"(099) Q54-5348","id":{"name":"","value":null},"picture":{"large":"https://randomuser.me/api/portraits/women/83.jpg","medium":"https://randomuser.me/api/portraits/med/women/83.jpg","thumbnail":"https://randomuser.me/api/portraits/thumb/women/83.jpg"},"nat":"UA"}],"info":{"seed":"14d324de0c58cad9","results":1,"page":1,"version":"1.4"}} 
 </msg>
<msg time="2024-04-03T20:16:00.121208" level="INFO">/opt/hostedtoolcache/Python/3.12.2/x64/lib/python3.12/site-packages/urllib3/connectionpool.py:1103: InsecureRequestWarning: Unverified HTTPS request is being made to host 'randomuser.me'. Adding certificate verification is strongly advised. See: https://urllib3.readthedocs.io/en/latest/advanced-usage.html#tls-warnings
  warnings.warn(</msg>
<msg time="2024-04-03T20:16:00.121328" level="INFO">${response} = &lt;Response [200]&gt;</msg>
<var>${response}</var>
<arg>consultarAPI</arg>
<arg>/api</arg>
<doc>Sends a GET request on a previously created HTTP Session.</doc>
<status status="PASS" start="2024-04-03T20:16:00.029837" elapsed="0.091546"/>
</kw>
<kw name="Set Variable" owner="BuiltIn">
<msg time="2024-04-03T20:16:00.122384" level="INFO">${json_data} = {'results': [{'gender': 'female', 'name': {'title': 'Miss', 'first': 'Olimpiada', 'last': 'Ivchenko'}, 'location': {'street': {'number': 9237, 'name': 'Naberezhna Roshen'}, 'city': 'Semenivka', 'state...</msg>
<var>${json_data}</var>
<arg>${response.json()}</arg>
<doc>Returns the given values which can then be assigned to a variables.</doc>
<status status="PASS" start="2024-04-03T20:16:00.121850" elapsed="0.000562"/>
</kw>
<kw name="Set Variable" owner="BuiltIn">
<msg time="2024-04-03T20:16:00.123135" level="INFO">${name_title} = Miss</msg>
<var>${name_title}</var>
<arg>${json_data["results"][0]["name"]["title"]}</arg>
<doc>Returns the given values which can then be assigned to a variables.</doc>
<status status="PASS" start="2024-04-03T20:16:00.122725" elapsed="0.000435"/>
</kw>
<kw name="Create List" owner="BuiltIn">
<msg time="2024-04-03T20:16:00.123609" level="INFO">${allowed_titles} = ['Mr', 'Ms', 'Miss', 'Mrs', 'Madame', 'Monsieur']</msg>
<var>${allowed_titles}</var>
<arg>Mr</arg>
<arg>Ms</arg>
<arg>Miss</arg>
<arg>Mrs</arg>
<arg>Madame</arg>
<arg>Monsieur</arg>
<doc>Returns a list containing given items.</doc>
<status status="PASS" start="2024-04-03T20:16:00.123460" elapsed="0.000173"/>
</kw>
<kw name="List Should Contain Value" owner="Collections">
<msg time="2024-04-03T20:16:00.124118" level="INFO">False</msg>
<arg>${allowed_titles}</arg>
<arg>${name_title}</arg>
<doc>Fails if the ``value`` is not found from ``list``.</doc>
<status status="PASS" start="2024-04-03T20:16:00.123944" elapsed="0.000212"/>
</kw>
<kw name="Set Variable" owner="BuiltIn">
<msg time="2024-04-03T20:16:00.124827" level="INFO">${name_country} = UA</msg>
<var>${name_country}</var>
<arg>${json_data["results"][0]["nat"]}</arg>
<doc>Returns the given values which can then be assigned to a variables.</doc>
<status status="PASS" start="2024-04-03T20:16:00.124456" elapsed="0.000396"/>
</kw>
<kw name="Create List" owner="BuiltIn">
<msg time="2024-04-03T20:16:00.125766" level="INFO">${list_country} = ['AD', 'AE', 'AF', 'AG', 'AI', 'AL', 'AM', 'AO', 'AQ', 'AR', 'AS', 'AT', 'AU', 'AW', 'AX', 'AZ', 'BA', 'BB', 'BD', 'BE', 'BF', 'BG', 'BH', 'BI', 'BJ', 'BL', 'BM', 'BN', 'BO', 'BQ', 'BR', 'BS', 'BT', '...</msg>
<var>${list_country}</var>
<arg>AD</arg>
<arg>AE</arg>
<arg>AF</arg>
<arg>AG</arg>
<arg>AI</arg>
<arg>AL</arg>
<arg>AM</arg>
<arg>AO</arg>
<arg>AQ</arg>
<arg>AR</arg>
<arg>AS</arg>
<arg>AT</arg>
<arg>AU</arg>
<arg>AW</arg>
<arg>AX</arg>
<arg>AZ</arg>
<arg>BA</arg>
<arg>BB</arg>
<arg>BD</arg>
<arg>BE</arg>
<arg>BF</arg>
<arg>BG</arg>
<arg>BH</arg>
<arg>BI</arg>
<arg>BJ</arg>
<arg>BL</arg>
<arg>BM</arg>
<arg>BN</arg>
<arg>BO</arg>
<arg>BQ</arg>
<arg>BR</arg>
<arg>BS</arg>
<arg>BT</arg>
<arg>BV</arg>
<arg>BW</arg>
<arg>BY</arg>
<arg>BZ</arg>
<arg>CA</arg>
<arg>CC</arg>
<arg>CD</arg>
<arg>CF</arg>
<arg>CG</arg>
<arg>CH</arg>
<arg>CI</arg>
<arg>CK</arg>
<arg>CL</arg>
<arg>CM</arg>
<arg>CN</arg>
<arg>CO</arg>
<arg>CR</arg>
<arg>CU</arg>
<arg>CV</arg>
<arg>CW</arg>
<arg>CX</arg>
<arg>CY</arg>
<arg>CZ</arg>
<arg>DE</arg>
<arg>DJ</arg>
<arg>DK</arg>
<arg>DM</arg>
<arg>DO</arg>
<arg>DZ</arg>
<arg>EC</arg>
<arg>EE</arg>
<arg>EG</arg>
<arg>EH</arg>
<arg>ER</arg>
<arg>ES</arg>
<arg>ET</arg>
<arg>FI</arg>
<arg>FJ</arg>
<arg>FK</arg>
<arg>FM</arg>
<arg>FO</arg>
<arg>FR</arg>
<arg>GA</arg>
<arg>GB</arg>
<arg>GD</arg>
<arg>GE</arg>
<arg>GF</arg>
<arg>GG</arg>
<arg>GH</arg>
<arg>GI</arg>
<arg>GL</arg>
<arg>GM</arg>
<arg>GN</arg>
<arg>GP</arg>
<arg>GQ</arg>
<arg>GR</arg>
<arg>GS</arg>
<arg>GT</arg>
<arg>GU</arg>
<arg>GW</arg>
<arg>GY</arg>
<arg>HK</arg>
<arg>HM</arg>
<arg>HN</arg>
<arg>HR</arg>
<arg>HT</arg>
<arg>HU</arg>
<arg>ID</arg>
<arg>IE</arg>
<arg>IL</arg>
<arg>IM</arg>
<arg>IN</arg>
<arg>IO</arg>
<arg>IQ</arg>
<arg>IR</arg>
<arg>IS</arg>
<arg>IT</arg>
<arg>JE</arg>
<arg>JM</arg>
<arg>JO</arg>
<arg>JP</arg>
<arg>KE</arg>
<arg>KG</arg>
<arg>KH</arg>
<arg>KI</arg>
<arg>KM</arg>
<arg>KN</arg>
<arg>KP</arg>
<arg>KR</arg>
<arg>KW</arg>
<arg>KY</arg>
<arg>KZ</arg>
<arg>LA</arg>
<arg>LB</arg>
<arg>LC</arg>
<arg>LI</arg>
<arg>LK</arg>
<arg>LR</arg>
<arg>LS</arg>
<arg>LT</arg>
<arg>LU</arg>
<arg>LV</arg>
<arg>LY</arg>
<arg>MA</arg>
<arg>MC</arg>
<arg>MD</arg>
<arg>ME</arg>
<arg>MF</arg>
<arg>MG</arg>
<arg>MH</arg>
<arg>MK</arg>
<arg>ML</arg>
<arg>MM</arg>
<arg>MN</arg>
<arg>MO</arg>
<arg>MP</arg>
<arg>MQ</arg>
<arg>MR</arg>
<arg>MS</arg>
<arg>MT</arg>
<arg>MU</arg>
<arg>MV</arg>
<arg>MW</arg>
<arg>MX</arg>
<arg>MY</arg>
<arg>MZ</arg>
<arg>NA</arg>
<arg>NC</arg>
<arg>NE</arg>
<arg>NF</arg>
<arg>NG</arg>
<arg>NI</arg>
<arg>NL</arg>
<arg>NO</arg>
<arg>NP</arg>
<arg>NR</arg>
<arg>NU</arg>
<arg>NZ</arg>
<arg>OM</arg>
<arg>PA</arg>
<arg>PE</arg>
<arg>PF</arg>
<arg>PG</arg>
<arg>PH</arg>
<arg>PK</arg>
<arg>PL</arg>
<arg>PM</arg>
<arg>PN</arg>
<arg>PR</arg>
<arg>PS</arg>
<arg>PT</arg>
<arg>PW</arg>
<arg>PY</arg>
<arg>QA</arg>
<arg>RE</arg>
<arg>RO</arg>
<arg>RS</arg>
<arg>RU</arg>
<arg>RW</arg>
<arg>SA</arg>
<arg>SB</arg>
<arg>SC</arg>
<arg>SD</arg>
<arg>SE</arg>
<arg>SG</arg>
<arg>SH</arg>
<arg>SI</arg>
<arg>SJ</arg>
<arg>SK</arg>
<arg>SL</arg>
<arg>SM</arg>
<arg>SN</arg>
<arg>SO</arg>
<arg>SR</arg>
<arg>SS</arg>
<arg>ST</arg>
<arg>SV</arg>
<arg>SX</arg>
<arg>SY</arg>
<arg>SZ</arg>
<arg>TC</arg>
<arg>TD</arg>
<arg>TF</arg>
<arg>TG</arg>
<arg>TH</arg>
<arg>TJ</arg>
<arg>TK</arg>
<arg>TL</arg>
<arg>TM</arg>
<arg>TN</arg>
<arg>TO</arg>
<arg>TR</arg>
<arg>TT</arg>
<arg>TV</arg>
<arg>TW</arg>
<arg>TZ</arg>
<arg>UA</arg>
<arg>UG</arg>
<arg>UM</arg>
<arg>US</arg>
<arg>UY</arg>
<arg>UZ</arg>
<arg>VA</arg>
<arg>VC</arg>
<arg>VE</arg>
<arg>VG</arg>
<arg>VI</arg>
<arg>VN</arg>
<arg>VU</arg>
<arg>WF</arg>
<arg>WS</arg>
<arg>XK</arg>
<arg>YE</arg>
<arg>YT</arg>
<arg>ZA</arg>
<arg>ZM</arg>
<arg>ZW</arg>
<doc>Returns a list containing given items.</doc>
<status status="PASS" start="2024-04-03T20:16:00.125152" elapsed="0.000640"/>
</kw>
<kw name="List Should Contain Value" owner="Collections">
<msg time="2024-04-03T20:16:00.126919" level="INFO">False</msg>
<arg>${list_country}</arg>
<arg>${name_country}</arg>
<doc>Fails if the ``value`` is not found from ``list``.</doc>
<status status="PASS" start="2024-04-03T20:16:00.126689" elapsed="0.000270"/>
</kw>
<kw name="Run Keyword If" owner="BuiltIn">
<kw name="Should Be True" owner="BuiltIn">
<arg>${True}</arg>
<doc>Fails if the given condition is not true.</doc>
<status status="PASS" start="2024-04-03T20:16:00.128024" elapsed="0.000147"/>
</kw>
<arg>${json_data["results"][0]["location"]["coordinates"]["latitude"]} &gt;= -90 and ${json_data["results"][0]["location"]["coordinates"]["latitude"]} &lt;= 90</arg>
<arg>Should Be True</arg>
<arg>${True}</arg>
<doc>Runs the given keyword with the given arguments, if ``condition`` is true.</doc>
<status status="PASS" start="2024-04-03T20:16:00.127273" elapsed="0.001028"/>
</kw>
<kw name="Run Keyword If" owner="BuiltIn">
<kw name="Should Be True" owner="BuiltIn">
<arg>${True}</arg>
<doc>Fails if the given condition is not true.</doc>
<status status="PASS" start="2024-04-03T20:16:00.129188" elapsed="0.000139"/>
</kw>
<arg>${json_data["results"][0]["location"]["coordinates"]["longitude"]} &gt;= -180 and ${json_data["results"][0]["location"]["coordinates"]["longitude"]} &lt;= 180</arg>
<arg>Should Be True</arg>
<arg>${True}</arg>
<doc>Runs the given keyword with the given arguments, if ``condition`` is true.</doc>
<status status="PASS" start="2024-04-03T20:16:00.128489" elapsed="0.000962"/>
</kw>
<status status="PASS" start="2024-04-03T20:16:00.029473" elapsed="0.100108"/>
</kw>
<doc>Testa o conteúdo específico dos campos retornados pela API.</doc>
<tag>testeConteudo</tag>
<status status="PASS" start="2024-04-03T20:16:00.028805" elapsed="0.100923"/>
</test>
<status status="PASS" start="2024-04-03T20:15:59.246961" elapsed="0.884706"/>
</suite>
<status status="PASS" start="2024-04-03T20:15:59.233344" elapsed="0.903738"/>
</suite>
<statistics>
<total>
<stat pass="5" fail="0" skip="0">All Tests</stat>
</total>
<tag>
<stat pass="1" fail="0" skip="0">testeConteudo</stat>
<stat pass="1" fail="0" skip="0">testeEstruturaResposta</stat>
<stat pass="1" fail="0" skip="0">testeRequisicaoBasica</stat>
<stat pass="1" fail="0" skip="0">testeTiposDados</stat>
</tag>
<suite>
<stat pass="5" fail="0" skip="0" id="s1" name="Tests">Tests</stat>
<stat pass="5" fail="0" skip="0" id="s1-s1" name="Random-User-Test">Tests.Random-User-Test</stat>
</suite>
</statistics>
<errors>
</errors>
</robot>
