<?xml version="1.0" encoding="UTF-8"?>
<robot generator="Robot 7.0 (Python 3.12.2 on linux)" generated="2024-04-01T23:15:29.900814" rpa="false" schemaversion="5">
<suite id="s1" name="Tests" source="/home/runner/work/DesafioQAItauRogerioJordao/DesafioQAItauRogerioJordao/RamdonUser/tests">
<suite id="s1-s1" name="Random-User-Test" source="/home/runner/work/DesafioQAItauRogerioJordao/DesafioQAItauRogerioJordao/RamdonUser/tests/random-user-test.robot">
<test id="s1-s1-t1" name="Conectar" line="13">
<kw name="Conectar API" owner="random-user-service">
<kw name="Create Session" owner="RequestsLibrary">
<msg time="2024-04-01T23:15:30.252330" level="INFO">Creating Session using : alias=consultarAPI, url=https://randomuser.me/, headers={},                     cookies={}, auth=None, timeout=None, proxies=None, verify=False,                     debug=0 </msg>
<arg>consultarAPI</arg>
<arg>${URL}</arg>
<doc>Create Session: create a HTTP session to a server</doc>
<status status="PASS" start="2024-04-01T23:15:30.252119" elapsed="0.000391"/>
</kw>
<status status="PASS" start="2024-04-01T23:15:30.251093" elapsed="0.001782"/>
</kw>
<status status="PASS" start="2024-04-01T23:15:30.250442" elapsed="0.002637"/>
</test>
<test id="s1-s1-t2" name="Validar retorno 200 e JSON Válido" line="16">
<kw name="Teste de Requisicao Basica" owner="random-user-service">
<kw name="GET On Session" owner="RequestsLibrary">
<msg time="2024-04-01T23:15:30.541903" level="INFO">GET Request : url=https://randomuser.me/api 
 path_url=/api 
 headers={'User-Agent': 'python-requests/2.31.0', 'Accept-Encoding': 'gzip, deflate', 'Accept': '*/*', 'Connection': 'keep-alive'} 
 body=None 
 </msg>
<msg time="2024-04-01T23:15:30.542033" level="INFO">GET Response : url=https://randomuser.me/api 
 status=200, reason=OK 
 headers={'Date': 'Mon, 01 Apr 2024 23:15:30 GMT', 'Content-Type': 'application/json; charset=utf-8', 'Transfer-Encoding': 'chunked', 'Connection': 'keep-alive', 'X-Powered-By': 'Express', 'Access-Control-Allow-Origin': '*', 'Cache-Control': 'no-cache', 'ETag': 'W/"47a-lMxcsyP+dCPM2dcOQgpsFHi5YDk"', 'Vary': 'Accept-Encoding', 'Content-Encoding': 'gzip', 'CF-Cache-Status': 'DYNAMIC', 'Report-To': '{"endpoints":[{"url":"https:\\/\\/a.nel.cloudflare.com\\/report\\/v4?s=mk2qCgy%2FTntQ1GxL3hI0LhGq%2BkeTBHDtki3GO7L19Mfjd%2BidpSVxxpfjJuZnIghy6%2FrxvsnGekxQMSL%2BnO1e2lTra85TKrTn2UU%2BT6yYRAuASzKOqlNA0tKDYqxgDPfJ"}],"group":"cf-nel","max_age":604800}', 'NEL': '{"success_fraction":0,"report_to":"cf-nel","max_age":604800}', 'Server': 'cloudflare', 'CF-RAY': '86dc48135b2162a5-ORD', 'alt-svc': 'h3=":443"; ma=86400'} 
 body={"results":[{"gender":"male","name":{"title":"Mr","first":"Anton","last":"Mišković"},"location":{"street":{"number":4647,"name":"Sretena Stojanovića"},"city":"Požarevac","state":"Braničevo","country":"Serbia","postcode":97043,"coordinates":{"latitude":"63.9439","longitude":"-137.7934"},"timezone":{"offset":"+3:30","description":"Tehran"}},"email":"anton.miskovic@example.com","login":{"uuid":"0697ca0f-9dba-4e09-89b0-67de544a59dc","username":"sadbird443","password":"mandrake","salt":"L1RO3cJF","md5":"0989d88cf2fb02d5f47232c052a48c7f","sha1":"566fd5b99b17c349949d7a9ab3fa24ad4cf90bff","sha256":"b38e27a26108ffd67c5e8ce519ecbdbebd7321b9f9d04b0cd3b9c7d777130eab"},"dob":{"date":"1972-01-03T22:08:54.214Z","age":52},"registered":{"date":"2019-06-18T15:29:26.105Z","age":4},"phone":"023-2636-876","cell":"063-2656-374","id":{"name":"SID","value":"308728012"},"picture":{"large":"https://randomuser.me/api/portraits/men/91.jpg","medium":"https://randomuser.me/api/portraits/med/men/91.jpg","thumbnail":"https://randomuser.me/api/portraits/thumb/men/91.jpg"},"nat":"RS"}],"info":{"seed":"222d88db7afd3c28","results":1,"page":1,"version":"1.4"}} 
 </msg>
<msg time="2024-04-01T23:15:30.542149" level="INFO">/opt/hostedtoolcache/Python/3.12.2/x64/lib/python3.12/site-packages/urllib3/connectionpool.py:1103: InsecureRequestWarning: Unverified HTTPS request is being made to host 'randomuser.me'. Adding certificate verification is strongly advised. See: https://urllib3.readthedocs.io/en/latest/advanced-usage.html#tls-warnings
  warnings.warn(</msg>
<msg time="2024-04-01T23:15:30.542295" level="INFO">${response} = &lt;Response [200]&gt;</msg>
<var>${response}</var>
<arg>consultarAPI</arg>
<arg>/api</arg>
<doc>Sends a GET request on a previously created HTTP Session.</doc>
<status status="PASS" start="2024-04-01T23:15:30.255719" elapsed="0.286617"/>
</kw>
<kw name="Should Be Equal As Numbers" owner="BuiltIn">
<msg time="2024-04-01T23:15:30.543309" level="INFO">Argument types are:
&lt;class 'int'&gt;
&lt;class 'str'&gt;</msg>
<arg>${response.status_code}</arg>
<arg>200</arg>
<doc>Fails if objects are unequal after converting them to real numbers.</doc>
<status status="PASS" start="2024-04-01T23:15:30.542870" elapsed="0.000501"/>
</kw>
<kw name="Log" owner="BuiltIn">
<msg time="2024-04-01T23:15:30.544035" level="INFO">200</msg>
<arg>${response.status_code}</arg>
<doc>Logs the given message with the given level.</doc>
<status status="PASS" start="2024-04-01T23:15:30.543683" elapsed="0.000394"/>
</kw>
<kw name="Set Variable" owner="BuiltIn">
<msg time="2024-04-01T23:15:30.544854" level="INFO">${json_data} = {'results': [{'gender': 'male', 'name': {'title': 'Mr', 'first': 'Anton', 'last': 'Mišković'}, 'location': {'street': {'number': 4647, 'name': 'Sretena Stojanovića'}, 'city': 'Požarevac', 'state': 'Br...</msg>
<var>${json_data}</var>
<arg>${response.json()}</arg>
<doc>Returns the given values which can then be assigned to a variables.</doc>
<status status="PASS" start="2024-04-01T23:15:30.544407" elapsed="0.000477"/>
</kw>
<kw name="Dictionary Should Contain Key" owner="Collections">
<msg time="2024-04-01T23:15:30.545350" level="INFO">False</msg>
<arg>${json_data}</arg>
<arg>results</arg>
<doc>Fails if ``key`` is not found from ``dictionary``.</doc>
<status status="PASS" start="2024-04-01T23:15:30.545184" elapsed="0.000205"/>
</kw>
<status status="PASS" start="2024-04-01T23:15:30.255466" elapsed="0.290174"/>
</kw>
<doc>Testa se a API responde corretamente e retorna um objeto JSON válido.</doc>
<tag>testeRequisicaoBasica</tag>
<status status="PASS" start="2024-04-01T23:15:30.254992" elapsed="0.290829"/>
</test>
<test id="s1-s1-t3" name="Validar estrutura de resposta" line="22">
<kw name="Teste de Estrutura de Resposta" owner="random-user-service">
<kw name="GET On Session" owner="RequestsLibrary">
<msg time="2024-04-01T23:15:30.650240" level="INFO">GET Request : url=https://randomuser.me/api 
 path_url=/api 
 headers={'User-Agent': 'python-requests/2.31.0', 'Accept-Encoding': 'gzip, deflate', 'Accept': '*/*', 'Connection': 'keep-alive'} 
 body=None 
 </msg>
<msg time="2024-04-01T23:15:30.650327" level="INFO">GET Response : url=https://randomuser.me/api 
 status=200, reason=OK 
 headers={'Date': 'Mon, 01 Apr 2024 23:15:30 GMT', 'Content-Type': 'application/json; charset=utf-8', 'Transfer-Encoding': 'chunked', 'Connection': 'keep-alive', 'X-Powered-By': 'Express', 'Access-Control-Allow-Origin': '*', 'Cache-Control': 'no-cache', 'ETag': 'W/"49a-5ok2Lo8aRbm+VWGrLsd1zUj5kJU"', 'Vary': 'Accept-Encoding', 'Content-Encoding': 'gzip', 'CF-Cache-Status': 'DYNAMIC', 'Report-To': '{"endpoints":[{"url":"https:\\/\\/a.nel.cloudflare.com\\/report\\/v4?s=TMXVaW7invl8kdy6iX%2FGCJ5vowRSr8Ux9eV2v5LUFJIWtq5r7EbrIpeI64lYSqozFk4mYcnbEIaBv%2F8YzAtJfSisAtlgZfhOX5g59bBerd6zuCfoDiqBEMN0xrTQpWKV"}],"group":"cf-nel","max_age":604800}', 'NEL': '{"success_fraction":0,"report_to":"cf-nel","max_age":604800}', 'Server': 'cloudflare', 'CF-RAY': '86dc4813ebf762a5-ORD', 'alt-svc': 'h3=":443"; ma=86400'} 
 body={"results":[{"gender":"male","name":{"title":"Mr","first":"Samuel","last":"Concepción"},"location":{"street":{"number":6127,"name":"Continuación Cedillo"},"city":"Ziquitaro","state":"Tabasco","country":"Mexico","postcode":27863,"coordinates":{"latitude":"23.1439","longitude":"-173.3273"},"timezone":{"offset":"+7:00","description":"Bangkok, Hanoi, Jakarta"}},"email":"samuel.concepcion@example.com","login":{"uuid":"e3c96fd3-3010-4480-91db-80e0560dee34","username":"ticklishostrich550","password":"beamer","salt":"pbfbrFdJ","md5":"e927991b24f4661f5f7be3983cb062ee","sha1":"67ef56c4bde808489f5070c842a2949480120cdb","sha256":"dac773747ece7f3d424463720229eaeeebfd23d183e4b0ed6dd6a8a0797a2dc0"},"dob":{"date":"1947-11-22T16:49:37.793Z","age":76},"registered":{"date":"2019-11-28T00:22:21.722Z","age":4},"phone":"(634) 088 9230","cell":"(642) 751 0928","id":{"name":"NSS","value":"35 42 61 2113 5"},"picture":{"large":"https://randomuser.me/api/portraits/men/3.jpg","medium":"https://randomuser.me/api/portraits/med/men/3.jpg","thumbnail":"https://randomuser.me/api/portraits/thumb/men/3.jpg"},"nat":"MX"}],"info":{"seed":"ecbd118789debd2e","results":1,"page":1,"version":"1.4"}} 
 </msg>
<msg time="2024-04-01T23:15:30.650469" level="INFO">/opt/hostedtoolcache/Python/3.12.2/x64/lib/python3.12/site-packages/urllib3/connectionpool.py:1103: InsecureRequestWarning: Unverified HTTPS request is being made to host 'randomuser.me'. Adding certificate verification is strongly advised. See: https://urllib3.readthedocs.io/en/latest/advanced-usage.html#tls-warnings
  warnings.warn(</msg>
<msg time="2024-04-01T23:15:30.650656" level="INFO">${response} = &lt;Response [200]&gt;</msg>
<var>${response}</var>
<arg>consultarAPI</arg>
<arg>/api</arg>
<doc>Sends a GET request on a previously created HTTP Session.</doc>
<status status="PASS" start="2024-04-01T23:15:30.548569" elapsed="0.102142"/>
</kw>
<kw name="Set Variable" owner="BuiltIn">
<msg time="2024-04-01T23:15:30.651841" level="INFO">${json_data} = {'results': [{'gender': 'male', 'name': {'title': 'Mr', 'first': 'Samuel', 'last': 'Concepción'}, 'location': {'street': {'number': 6127, 'name': 'Continuación Cedillo'}, 'city': 'Ziquitaro', 'state':...</msg>
<var>${json_data}</var>
<arg>${response.json()}</arg>
<doc>Returns the given values which can then be assigned to a variables.</doc>
<status status="PASS" start="2024-04-01T23:15:30.651225" elapsed="0.000645"/>
</kw>
<kw name="Log" owner="BuiltIn">
<msg time="2024-04-01T23:15:30.652338" level="INFO">{'results': [{'gender': 'male', 'name': {'title': 'Mr', 'first': 'Samuel', 'last': 'Concepción'}, 'location': {'street': {'number': 6127, 'name': 'Continuación Cedillo'}, 'city': 'Ziquitaro', 'state': 'Tabasco', 'country': 'Mexico', 'postcode': 27863, 'coordinates': {'latitude': '23.1439', 'longitude': '-173.3273'}, 'timezone': {'offset': '+7:00', 'description': 'Bangkok, Hanoi, Jakarta'}}, 'email': 'samuel.concepcion@example.com', 'login': {'uuid': 'e3c96fd3-3010-4480-91db-80e0560dee34', 'username': 'ticklishostrich550', 'password': 'beamer', 'salt': 'pbfbrFdJ', 'md5': 'e927991b24f4661f5f7be3983cb062ee', 'sha1': '67ef56c4bde808489f5070c842a2949480120cdb', 'sha256': 'dac773747ece7f3d424463720229eaeeebfd23d183e4b0ed6dd6a8a0797a2dc0'}, 'dob': {'date': '1947-11-22T16:49:37.793Z', 'age': 76}, 'registered': {'date': '2019-11-28T00:22:21.722Z', 'age': 4}, 'phone': '(634) 088 9230', 'cell': '(642) 751 0928', 'id': {'name': 'NSS', 'value': '35 42 61 2113 5'}, 'picture': {'large': 'https://randomuser.me/api/portraits/men/3.jpg', 'medium': 'https://randomuser.me/api/portraits/med/men/3.jpg', 'thumbnail': 'https://randomuser.me/api/portraits/thumb/men/3.jpg'}, 'nat': 'MX'}], 'info': {'seed': 'ecbd118789debd2e', 'results': 1, 'page': 1, 'version': '1.4'}}</msg>
<arg>${json_data}</arg>
<doc>Logs the given message with the given level.</doc>
<status status="PASS" start="2024-04-01T23:15:30.652178" elapsed="0.000209"/>
</kw>
<kw name="Dictionary Should Contain Key" owner="Collections">
<msg time="2024-04-01T23:15:30.652832" level="INFO">False</msg>
<arg>${json_data}</arg>
<arg>results</arg>
<doc>Fails if ``key`` is not found from ``dictionary``.</doc>
<status status="PASS" start="2024-04-01T23:15:30.652681" elapsed="0.000187"/>
</kw>
<kw name="Should Not Be Empty" owner="BuiltIn">
<msg time="2024-04-01T23:15:30.653291" level="INFO">Length is 2.</msg>
<arg>${json_data}</arg>
<doc>Verifies that the given item is not empty.</doc>
<status status="PASS" start="2024-04-01T23:15:30.653157" elapsed="0.000172"/>
</kw>
<kw name="Create List" owner="BuiltIn">
<msg time="2024-04-01T23:15:30.653766" level="INFO">${expected_keys} = ['gender', 'name', 'location', 'email', 'login']</msg>
<var>${expected_keys}</var>
<arg>gender</arg>
<arg>name</arg>
<arg>location</arg>
<arg>email</arg>
<arg>login</arg>
<doc>Returns a list containing given items.</doc>
<status status="PASS" start="2024-04-01T23:15:30.653613" elapsed="0.000177"/>
</kw>
<for flavor="IN">
<iter>
<kw name="Dictionary Should Contain Key" owner="Collections">
<msg time="2024-04-01T23:15:30.654797" level="INFO">False</msg>
<arg>${json_data['results'][0]}</arg>
<arg>${key}</arg>
<doc>Fails if ``key`` is not found from ``dictionary``.</doc>
<status status="PASS" start="2024-04-01T23:15:30.654362" elapsed="0.000476"/>
</kw>
<kw name="Log" owner="BuiltIn">
<msg time="2024-04-01T23:15:30.655512" level="INFO">{'gender': 'male', 'name': {'title': 'Mr', 'first': 'Samuel', 'last': 'Concepción'}, 'location': {'street': {'number': 6127, 'name': 'Continuación Cedillo'}, 'city': 'Ziquitaro', 'state': 'Tabasco', 'country': 'Mexico', 'postcode': 27863, 'coordinates': {'latitude': '23.1439', 'longitude': '-173.3273'}, 'timezone': {'offset': '+7:00', 'description': 'Bangkok, Hanoi, Jakarta'}}, 'email': 'samuel.concepcion@example.com', 'login': {'uuid': 'e3c96fd3-3010-4480-91db-80e0560dee34', 'username': 'ticklishostrich550', 'password': 'beamer', 'salt': 'pbfbrFdJ', 'md5': 'e927991b24f4661f5f7be3983cb062ee', 'sha1': '67ef56c4bde808489f5070c842a2949480120cdb', 'sha256': 'dac773747ece7f3d424463720229eaeeebfd23d183e4b0ed6dd6a8a0797a2dc0'}, 'dob': {'date': '1947-11-22T16:49:37.793Z', 'age': 76}, 'registered': {'date': '2019-11-28T00:22:21.722Z', 'age': 4}, 'phone': '(634) 088 9230', 'cell': '(642) 751 0928', 'id': {'name': 'NSS', 'value': '35 42 61 2113 5'}, 'picture': {'large': 'https://randomuser.me/api/portraits/men/3.jpg', 'medium': 'https://randomuser.me/api/portraits/med/men/3.jpg', 'thumbnail': 'https://randomuser.me/api/portraits/thumb/men/3.jpg'}, 'nat': 'MX'}</msg>
<arg>${json_data['results'][0]}</arg>
<doc>Logs the given message with the given level.</doc>
<status status="PASS" start="2024-04-01T23:15:30.655145" elapsed="0.000421"/>
</kw>
<kw name="Log" owner="BuiltIn">
<msg time="2024-04-01T23:15:30.655996" level="INFO">gender</msg>
<arg>${key}</arg>
<doc>Logs the given message with the given level.</doc>
<status status="PASS" start="2024-04-01T23:15:30.655865" elapsed="0.000169"/>
</kw>
<var name="${key}">gender</var>
<status status="PASS" start="2024-04-01T23:15:30.654238" elapsed="0.002019"/>
</iter>
<iter>
<kw name="Dictionary Should Contain Key" owner="Collections">
<msg time="2024-04-01T23:15:30.656936" level="INFO">False</msg>
<arg>${json_data['results'][0]}</arg>
<arg>${key}</arg>
<doc>Fails if ``key`` is not found from ``dictionary``.</doc>
<status status="PASS" start="2024-04-01T23:15:30.656555" elapsed="0.000417"/>
</kw>
<kw name="Log" owner="BuiltIn">
<msg time="2024-04-01T23:15:30.657664" level="INFO">{'gender': 'male', 'name': {'title': 'Mr', 'first': 'Samuel', 'last': 'Concepción'}, 'location': {'street': {'number': 6127, 'name': 'Continuación Cedillo'}, 'city': 'Ziquitaro', 'state': 'Tabasco', 'country': 'Mexico', 'postcode': 27863, 'coordinates': {'latitude': '23.1439', 'longitude': '-173.3273'}, 'timezone': {'offset': '+7:00', 'description': 'Bangkok, Hanoi, Jakarta'}}, 'email': 'samuel.concepcion@example.com', 'login': {'uuid': 'e3c96fd3-3010-4480-91db-80e0560dee34', 'username': 'ticklishostrich550', 'password': 'beamer', 'salt': 'pbfbrFdJ', 'md5': 'e927991b24f4661f5f7be3983cb062ee', 'sha1': '67ef56c4bde808489f5070c842a2949480120cdb', 'sha256': 'dac773747ece7f3d424463720229eaeeebfd23d183e4b0ed6dd6a8a0797a2dc0'}, 'dob': {'date': '1947-11-22T16:49:37.793Z', 'age': 76}, 'registered': {'date': '2019-11-28T00:22:21.722Z', 'age': 4}, 'phone': '(634) 088 9230', 'cell': '(642) 751 0928', 'id': {'name': 'NSS', 'value': '35 42 61 2113 5'}, 'picture': {'large': 'https://randomuser.me/api/portraits/men/3.jpg', 'medium': 'https://randomuser.me/api/portraits/med/men/3.jpg', 'thumbnail': 'https://randomuser.me/api/portraits/thumb/men/3.jpg'}, 'nat': 'MX'}</msg>
<arg>${json_data['results'][0]}</arg>
<doc>Logs the given message with the given level.</doc>
<status status="PASS" start="2024-04-01T23:15:30.657298" elapsed="0.000415"/>
</kw>
<kw name="Log" owner="BuiltIn">
<msg time="2024-04-01T23:15:30.658155" level="INFO">name</msg>
<arg>${key}</arg>
<doc>Logs the given message with the given level.</doc>
<status status="PASS" start="2024-04-01T23:15:30.658027" elapsed="0.000166"/>
</kw>
<var name="${key}">name</var>
<status status="PASS" start="2024-04-01T23:15:30.656441" elapsed="0.001967"/>
</iter>
<iter>
<kw name="Dictionary Should Contain Key" owner="Collections">
<msg time="2024-04-01T23:15:30.659102" level="INFO">False</msg>
<arg>${json_data['results'][0]}</arg>
<arg>${key}</arg>
<doc>Fails if ``key`` is not found from ``dictionary``.</doc>
<status status="PASS" start="2024-04-01T23:15:30.658729" elapsed="0.000410"/>
</kw>
<kw name="Log" owner="BuiltIn">
<msg time="2024-04-01T23:15:30.659797" level="INFO">{'gender': 'male', 'name': {'title': 'Mr', 'first': 'Samuel', 'last': 'Concepción'}, 'location': {'street': {'number': 6127, 'name': 'Continuación Cedillo'}, 'city': 'Ziquitaro', 'state': 'Tabasco', 'country': 'Mexico', 'postcode': 27863, 'coordinates': {'latitude': '23.1439', 'longitude': '-173.3273'}, 'timezone': {'offset': '+7:00', 'description': 'Bangkok, Hanoi, Jakarta'}}, 'email': 'samuel.concepcion@example.com', 'login': {'uuid': 'e3c96fd3-3010-4480-91db-80e0560dee34', 'username': 'ticklishostrich550', 'password': 'beamer', 'salt': 'pbfbrFdJ', 'md5': 'e927991b24f4661f5f7be3983cb062ee', 'sha1': '67ef56c4bde808489f5070c842a2949480120cdb', 'sha256': 'dac773747ece7f3d424463720229eaeeebfd23d183e4b0ed6dd6a8a0797a2dc0'}, 'dob': {'date': '1947-11-22T16:49:37.793Z', 'age': 76}, 'registered': {'date': '2019-11-28T00:22:21.722Z', 'age': 4}, 'phone': '(634) 088 9230', 'cell': '(642) 751 0928', 'id': {'name': 'NSS', 'value': '35 42 61 2113 5'}, 'picture': {'large': 'https://randomuser.me/api/portraits/men/3.jpg', 'medium': 'https://randomuser.me/api/portraits/med/men/3.jpg', 'thumbnail': 'https://randomuser.me/api/portraits/thumb/men/3.jpg'}, 'nat': 'MX'}</msg>
<arg>${json_data['results'][0]}</arg>
<doc>Logs the given message with the given level.</doc>
<status status="PASS" start="2024-04-01T23:15:30.659436" elapsed="0.000414"/>
</kw>
<kw name="Log" owner="BuiltIn">
<msg time="2024-04-01T23:15:30.660268" level="INFO">location</msg>
<arg>${key}</arg>
<doc>Logs the given message with the given level.</doc>
<status status="PASS" start="2024-04-01T23:15:30.660142" elapsed="0.000164"/>
</kw>
<var name="${key}">location</var>
<status status="PASS" start="2024-04-01T23:15:30.658615" elapsed="0.001903"/>
</iter>
<iter>
<kw name="Dictionary Should Contain Key" owner="Collections">
<msg time="2024-04-01T23:15:30.661173" level="INFO">False</msg>
<arg>${json_data['results'][0]}</arg>
<arg>${key}</arg>
<doc>Fails if ``key`` is not found from ``dictionary``.</doc>
<status status="PASS" start="2024-04-01T23:15:30.660805" elapsed="0.000405"/>
</kw>
<kw name="Log" owner="BuiltIn">
<msg time="2024-04-01T23:15:30.661856" level="INFO">{'gender': 'male', 'name': {'title': 'Mr', 'first': 'Samuel', 'last': 'Concepción'}, 'location': {'street': {'number': 6127, 'name': 'Continuación Cedillo'}, 'city': 'Ziquitaro', 'state': 'Tabasco', 'country': 'Mexico', 'postcode': 27863, 'coordinates': {'latitude': '23.1439', 'longitude': '-173.3273'}, 'timezone': {'offset': '+7:00', 'description': 'Bangkok, Hanoi, Jakarta'}}, 'email': 'samuel.concepcion@example.com', 'login': {'uuid': 'e3c96fd3-3010-4480-91db-80e0560dee34', 'username': 'ticklishostrich550', 'password': 'beamer', 'salt': 'pbfbrFdJ', 'md5': 'e927991b24f4661f5f7be3983cb062ee', 'sha1': '67ef56c4bde808489f5070c842a2949480120cdb', 'sha256': 'dac773747ece7f3d424463720229eaeeebfd23d183e4b0ed6dd6a8a0797a2dc0'}, 'dob': {'date': '1947-11-22T16:49:37.793Z', 'age': 76}, 'registered': {'date': '2019-11-28T00:22:21.722Z', 'age': 4}, 'phone': '(634) 088 9230', 'cell': '(642) 751 0928', 'id': {'name': 'NSS', 'value': '35 42 61 2113 5'}, 'picture': {'large': 'https://randomuser.me/api/portraits/men/3.jpg', 'medium': 'https://randomuser.me/api/portraits/med/men/3.jpg', 'thumbnail': 'https://randomuser.me/api/portraits/thumb/men/3.jpg'}, 'nat': 'MX'}</msg>
<arg>${json_data['results'][0]}</arg>
<doc>Logs the given message with the given level.</doc>
<status status="PASS" start="2024-04-01T23:15:30.661501" elapsed="0.000404"/>
</kw>
<kw name="Log" owner="BuiltIn">
<msg time="2024-04-01T23:15:30.662318" level="INFO">email</msg>
<arg>${key}</arg>
<doc>Logs the given message with the given level.</doc>
<status status="PASS" start="2024-04-01T23:15:30.662192" elapsed="0.000163"/>
</kw>
<var name="${key}">email</var>
<status status="PASS" start="2024-04-01T23:15:30.660689" elapsed="0.001907"/>
</iter>
<iter>
<kw name="Dictionary Should Contain Key" owner="Collections">
<msg time="2024-04-01T23:15:30.663270" level="INFO">False</msg>
<arg>${json_data['results'][0]}</arg>
<arg>${key}</arg>
<doc>Fails if ``key`` is not found from ``dictionary``.</doc>
<status status="PASS" start="2024-04-01T23:15:30.662887" elapsed="0.000420"/>
</kw>
<kw name="Log" owner="BuiltIn">
<msg time="2024-04-01T23:15:30.663961" level="INFO">{'gender': 'male', 'name': {'title': 'Mr', 'first': 'Samuel', 'last': 'Concepción'}, 'location': {'street': {'number': 6127, 'name': 'Continuación Cedillo'}, 'city': 'Ziquitaro', 'state': 'Tabasco', 'country': 'Mexico', 'postcode': 27863, 'coordinates': {'latitude': '23.1439', 'longitude': '-173.3273'}, 'timezone': {'offset': '+7:00', 'description': 'Bangkok, Hanoi, Jakarta'}}, 'email': 'samuel.concepcion@example.com', 'login': {'uuid': 'e3c96fd3-3010-4480-91db-80e0560dee34', 'username': 'ticklishostrich550', 'password': 'beamer', 'salt': 'pbfbrFdJ', 'md5': 'e927991b24f4661f5f7be3983cb062ee', 'sha1': '67ef56c4bde808489f5070c842a2949480120cdb', 'sha256': 'dac773747ece7f3d424463720229eaeeebfd23d183e4b0ed6dd6a8a0797a2dc0'}, 'dob': {'date': '1947-11-22T16:49:37.793Z', 'age': 76}, 'registered': {'date': '2019-11-28T00:22:21.722Z', 'age': 4}, 'phone': '(634) 088 9230', 'cell': '(642) 751 0928', 'id': {'name': 'NSS', 'value': '35 42 61 2113 5'}, 'picture': {'large': 'https://randomuser.me/api/portraits/men/3.jpg', 'medium': 'https://randomuser.me/api/portraits/med/men/3.jpg', 'thumbnail': 'https://randomuser.me/api/portraits/thumb/men/3.jpg'}, 'nat': 'MX'}</msg>
<arg>${json_data['results'][0]}</arg>
<doc>Logs the given message with the given level.</doc>
<status status="PASS" start="2024-04-01T23:15:30.663599" elapsed="0.000410"/>
</kw>
<kw name="Log" owner="BuiltIn">
<msg time="2024-04-01T23:15:30.664437" level="INFO">login</msg>
<arg>${key}</arg>
<doc>Logs the given message with the given level.</doc>
<status status="PASS" start="2024-04-01T23:15:30.664311" elapsed="0.000264"/>
</kw>
<var name="${key}">login</var>
<status status="PASS" start="2024-04-01T23:15:30.662770" elapsed="0.002055"/>
</iter>
<var>${key}</var>
<value>@{expected_keys}</value>
<status status="PASS" start="2024-04-01T23:15:30.654049" elapsed="0.010900"/>
</for>
<kw name="Create List" owner="BuiltIn">
<msg time="2024-04-01T23:15:30.665277" level="INFO">${expected_keysTwo} = ['username', 'password']</msg>
<var>${expected_keysTwo}</var>
<arg>username</arg>
<arg>password</arg>
<doc>Returns a list containing given items.</doc>
<status status="PASS" start="2024-04-01T23:15:30.665141" elapsed="0.000160"/>
</kw>
<for flavor="IN">
<iter>
<kw name="Dictionary Should Contain Key" owner="Collections">
<msg time="2024-04-01T23:15:30.666175" level="INFO">False</msg>
<arg>${json_data['results'][0]['login']}</arg>
<arg>${keyTwo}</arg>
<doc>Fails if ``key`` is not found from ``dictionary``.</doc>
<status status="PASS" start="2024-04-01T23:15:30.665798" elapsed="0.000414"/>
</kw>
<kw name="Dictionary Should Contain Key" owner="Collections">
<msg time="2024-04-01T23:15:30.666912" level="INFO">False</msg>
<arg>${json_data['results'][0]['login']}</arg>
<arg>${keyTwo}</arg>
<doc>Fails if ``key`` is not found from ``dictionary``.</doc>
<status status="PASS" start="2024-04-01T23:15:30.666505" elapsed="0.000445"/>
</kw>
<kw name="Log" owner="BuiltIn">
<msg time="2024-04-01T23:15:30.667373" level="INFO">username</msg>
<arg>${keyTwo}</arg>
<doc>Logs the given message with the given level.</doc>
<status status="PASS" start="2024-04-01T23:15:30.667241" elapsed="0.000169"/>
</kw>
<var name="${keyTwo}">username</var>
<status status="PASS" start="2024-04-01T23:15:30.665688" elapsed="0.001932"/>
</iter>
<iter>
<kw name="Dictionary Should Contain Key" owner="Collections">
<msg time="2024-04-01T23:15:30.668270" level="INFO">False</msg>
<arg>${json_data['results'][0]['login']}</arg>
<arg>${keyTwo}</arg>
<doc>Fails if ``key`` is not found from ``dictionary``.</doc>
<status status="PASS" start="2024-04-01T23:15:30.667900" elapsed="0.000407"/>
</kw>
<kw name="Dictionary Should Contain Key" owner="Collections">
<msg time="2024-04-01T23:15:30.668970" level="INFO">False</msg>
<arg>${json_data['results'][0]['login']}</arg>
<arg>${keyTwo}</arg>
<doc>Fails if ``key`` is not found from ``dictionary``.</doc>
<status status="PASS" start="2024-04-01T23:15:30.668594" elapsed="0.000412"/>
</kw>
<kw name="Log" owner="BuiltIn">
<msg time="2024-04-01T23:15:30.669420" level="INFO">password</msg>
<arg>${keyTwo}</arg>
<doc>Logs the given message with the given level.</doc>
<status status="PASS" start="2024-04-01T23:15:30.669292" elapsed="0.000165"/>
</kw>
<var name="${keyTwo}">password</var>
<status status="PASS" start="2024-04-01T23:15:30.667790" elapsed="0.001879"/>
</iter>
<var>${keyTwo}</var>
<value>@{expected_keysTwo}</value>
<status status="PASS" start="2024-04-01T23:15:30.665539" elapsed="0.004250"/>
</for>
<status status="PASS" start="2024-04-01T23:15:30.548335" elapsed="0.121589"/>
</kw>
<doc>Testa a estrutura da resposta da API.</doc>
<tag>testeEstruturaResposta</tag>
<status status="PASS" start="2024-04-01T23:15:30.547699" elapsed="0.122375"/>
</test>
<test id="s1-s1-t4" name="Validar tipos de dados" line="28">
<kw name="Teste de Tipos de Dados" owner="random-user-service">
<kw name="GET On Session" owner="RequestsLibrary">
<msg time="2024-04-01T23:15:30.743973" level="INFO">GET Request : url=https://randomuser.me/api 
 path_url=/api 
 headers={'User-Agent': 'python-requests/2.31.0', 'Accept-Encoding': 'gzip, deflate', 'Accept': '*/*', 'Connection': 'keep-alive'} 
 body=None 
 </msg>
<msg time="2024-04-01T23:15:30.744044" level="INFO">GET Response : url=https://randomuser.me/api 
 status=200, reason=OK 
 headers={'Date': 'Mon, 01 Apr 2024 23:15:30 GMT', 'Content-Type': 'application/json; charset=utf-8', 'Transfer-Encoding': 'chunked', 'Connection': 'keep-alive', 'X-Powered-By': 'Express', 'Access-Control-Allow-Origin': '*', 'Cache-Control': 'no-cache', 'ETag': 'W/"4a8-n/7r5Z3xW0IIeXrdIaC+nkOZSNQ"', 'Vary': 'Accept-Encoding', 'Content-Encoding': 'gzip', 'CF-Cache-Status': 'DYNAMIC', 'Report-To': '{"endpoints":[{"url":"https:\\/\\/a.nel.cloudflare.com\\/report\\/v4?s=OTHpcUVsIVvEZZEqe5A%2FKeIiy59%2BTPH7CXYZvjc4X0ok6G%2FTVIgqE%2BYpAVgHShJm0HtSjv9Vy%2B9HfTBgB7P3vBip6WIhij3RfwyR%2Fj6yuh4Y6swTlJ6EqMqgaXV4ewR9"}],"group":"cf-nel","max_age":604800}', 'NEL': '{"success_fraction":0,"report_to":"cf-nel","max_age":604800}', 'Server': 'cloudflare', 'CF-RAY': '86dc4814bd5662a5-ORD', 'alt-svc': 'h3=":443"; ma=86400'} 
 body={"results":[{"gender":"female","name":{"title":"Mrs","first":"Isabella","last":"Schmidtke"},"location":{"street":{"number":8246,"name":"Feldstraße"},"city":"Schwandorf","state":"Hamburg","country":"Germany","postcode":82168,"coordinates":{"latitude":"-54.1954","longitude":"40.1030"},"timezone":{"offset":"+5:00","description":"Ekaterinburg, Islamabad, Karachi, Tashkent"}},"email":"isabella.schmidtke@example.com","login":{"uuid":"7c8bd4c5-c1ee-4ebb-847b-accace6a8406","username":"sadostrich775","password":"irish","salt":"f466TRrr","md5":"09a0d1142b72ae97e1a68313b3864463","sha1":"e51ead7a8c8964f075afeec030e3b9a2a1402bd3","sha256":"a4f31b0bfb6a09bc64820ceef4ecf5c488dadb849404bf3d512f11c10c39ad56"},"dob":{"date":"1990-06-01T20:30:10.513Z","age":33},"registered":{"date":"2015-02-28T02:06:11.072Z","age":9},"phone":"0946-5204070","cell":"0174-8579041","id":{"name":"SVNR","value":"56 010690 S 658"},"picture":{"large":"https://randomuser.me/api/portraits/women/73.jpg","medium":"https://randomuser.me/api/portraits/med/women/73.jpg","thumbnail":"https://randomuser.me/api/portraits/thumb/women/73.jpg"},"nat":"DE"}],"info":{"seed":"8a330d5224424b31","results":1,"page":1,"version":"1.4"}} 
 </msg>
<msg time="2024-04-01T23:15:30.744101" level="INFO">/opt/hostedtoolcache/Python/3.12.2/x64/lib/python3.12/site-packages/urllib3/connectionpool.py:1103: InsecureRequestWarning: Unverified HTTPS request is being made to host 'randomuser.me'. Adding certificate verification is strongly advised. See: https://urllib3.readthedocs.io/en/latest/advanced-usage.html#tls-warnings
  warnings.warn(</msg>
<msg time="2024-04-01T23:15:30.744185" level="INFO">${response} = &lt;Response [200]&gt;</msg>
<var>${response}</var>
<arg>consultarAPI</arg>
<arg>/api</arg>
<doc>Sends a GET request on a previously created HTTP Session.</doc>
<status status="PASS" start="2024-04-01T23:15:30.672595" elapsed="0.071630"/>
</kw>
<kw name="Set Variable" owner="BuiltIn">
<msg time="2024-04-01T23:15:30.745334" level="INFO">${json_data} = {'results': [{'gender': 'female', 'name': {'title': 'Mrs', 'first': 'Isabella', 'last': 'Schmidtke'}, 'location': {'street': {'number': 8246, 'name': 'Feldstraße'}, 'city': 'Schwandorf', 'state': 'Ham...</msg>
<var>${json_data}</var>
<arg>${response.json()}</arg>
<doc>Returns the given values which can then be assigned to a variables.</doc>
<status status="PASS" start="2024-04-01T23:15:30.744710" elapsed="0.000653"/>
</kw>
<kw name="Log" owner="BuiltIn">
<msg time="2024-04-01T23:15:30.745827" level="INFO">{'results': [{'gender': 'female', 'name': {'title': 'Mrs', 'first': 'Isabella', 'last': 'Schmidtke'}, 'location': {'street': {'number': 8246, 'name': 'Feldstraße'}, 'city': 'Schwandorf', 'state': 'Hamburg', 'country': 'Germany', 'postcode': 82168, 'coordinates': {'latitude': '-54.1954', 'longitude': '40.1030'}, 'timezone': {'offset': '+5:00', 'description': 'Ekaterinburg, Islamabad, Karachi, Tashkent'}}, 'email': 'isabella.schmidtke@example.com', 'login': {'uuid': '7c8bd4c5-c1ee-4ebb-847b-accace6a8406', 'username': 'sadostrich775', 'password': 'irish', 'salt': 'f466TRrr', 'md5': '09a0d1142b72ae97e1a68313b3864463', 'sha1': 'e51ead7a8c8964f075afeec030e3b9a2a1402bd3', 'sha256': 'a4f31b0bfb6a09bc64820ceef4ecf5c488dadb849404bf3d512f11c10c39ad56'}, 'dob': {'date': '1990-06-01T20:30:10.513Z', 'age': 33}, 'registered': {'date': '2015-02-28T02:06:11.072Z', 'age': 9}, 'phone': '0946-5204070', 'cell': '0174-8579041', 'id': {'name': 'SVNR', 'value': '56 010690 S 658'}, 'picture': {'large': 'https://randomuser.me/api/portraits/women/73.jpg', 'medium': 'https://randomuser.me/api/portraits/med/women/73.jpg', 'thumbnail': 'https://randomuser.me/api/portraits/thumb/women/73.jpg'}, 'nat': 'DE'}], 'info': {'seed': '8a330d5224424b31', 'results': 1, 'page': 1, 'version': '1.4'}}</msg>
<arg>${json_data}</arg>
<doc>Logs the given message with the given level.</doc>
<status status="PASS" start="2024-04-01T23:15:30.745670" elapsed="0.000236"/>
</kw>
<kw name="Should Be String" owner="String">
<arg>${json_data['results'][0]['gender']}</arg>
<doc>Fails if the given ``item`` is not a string.</doc>
<status status="PASS" start="2024-04-01T23:15:30.746206" elapsed="0.000392"/>
</kw>
<kw name="Should Match Regexp" owner="BuiltIn">
<arg>${json_data['results'][0]['email']}</arg>
<arg>^[a-zA-Z0-9._%+-]+@[a-zA-Z0-9.-]+\.[a-zA-Z]{2,}$</arg>
<doc>Fails if ``string`` does not match ``pattern`` as a regular expression.</doc>
<status status="PASS" start="2024-04-01T23:15:30.746795" elapsed="0.000505"/>
</kw>
<kw name="Should Match Regexp" owner="BuiltIn">
<arg>${json_data['results'][0]['dob']['date']}</arg>
<arg>\\d{4}-\\d{2}-\\d{2}T\\d{2}:\\d{2}:\\d{2}\\.\\d{3}Z</arg>
<doc>Fails if ``string`` does not match ``pattern`` as a regular expression.</doc>
<status status="PASS" start="2024-04-01T23:15:30.747503" elapsed="0.000488"/>
</kw>
<kw name="Should Match Regexp" owner="BuiltIn">
<arg>${json_data['results'][0]['registered']['date']}</arg>
<arg>\\d{4}-\\d{2}-\\d{2}T\\d{2}:\\d{2}:\\d{2}\\.\\d{3}Z</arg>
<doc>Fails if ``string`` does not match ``pattern`` as a regular expression.</doc>
<status status="PASS" start="2024-04-01T23:15:30.748182" elapsed="0.000362"/>
</kw>
<kw name="Should Match Regexp" owner="BuiltIn">
<arg>${json_data['results'][0]['picture']['large']}</arg>
<arg>^https?://.*\.(?:png|jpe?g|gif|bmp)$</arg>
<doc>Fails if ``string`` does not match ``pattern`` as a regular expression.</doc>
<status status="PASS" start="2024-04-01T23:15:30.748729" elapsed="0.000454"/>
</kw>
<kw name="Should Match Regexp" owner="BuiltIn">
<arg>${json_data['results'][0]['picture']['medium']}</arg>
<arg>^https?://.*\.(?:png|jpe?g|gif|bmp)$</arg>
<doc>Fails if ``string`` does not match ``pattern`` as a regular expression.</doc>
<status status="PASS" start="2024-04-01T23:15:30.749370" elapsed="0.000353"/>
</kw>
<kw name="Should Match Regexp" owner="BuiltIn">
<arg>${json_data['results'][0]['picture']['thumbnail']}</arg>
<arg>^https?://.*\.(?:png|jpe?g|gif|bmp)$</arg>
<doc>Fails if ``string`` does not match ``pattern`` as a regular expression.</doc>
<status status="PASS" start="2024-04-01T23:15:30.749904" elapsed="0.000341"/>
</kw>
<kw name="Log" owner="BuiltIn">
<msg time="2024-04-01T23:15:30.750782" level="INFO">{'large': 'https://randomuser.me/api/portraits/women/73.jpg', 'medium': 'https://randomuser.me/api/portraits/med/women/73.jpg', 'thumbnail': 'https://randomuser.me/api/portraits/thumb/women/73.jpg'}</msg>
<arg>${json_data['results'][0]['picture']}</arg>
<doc>Logs the given message with the given level.</doc>
<status status="PASS" start="2024-04-01T23:15:30.750422" elapsed="0.000408"/>
</kw>
<status status="PASS" start="2024-04-01T23:15:30.672375" elapsed="0.078709"/>
</kw>
<kw name="Teste de Tipos de Dados - Postcode" owner="random-user-service">
<kw name="GET On Session" owner="RequestsLibrary">
<msg time="2024-04-01T23:15:30.840750" level="INFO">GET Request : url=https://randomuser.me/api 
 path_url=/api 
 headers={'User-Agent': 'python-requests/2.31.0', 'Accept-Encoding': 'gzip, deflate', 'Accept': '*/*', 'Connection': 'keep-alive'} 
 body=None 
 </msg>
<msg time="2024-04-01T23:15:30.840835" level="INFO">GET Response : url=https://randomuser.me/api 
 status=200, reason=OK 
 headers={'Date': 'Mon, 01 Apr 2024 23:15:30 GMT', 'Content-Type': 'application/json; charset=utf-8', 'Transfer-Encoding': 'chunked', 'Connection': 'keep-alive', 'X-Powered-By': 'Express', 'Access-Control-Allow-Origin': '*', 'Cache-Control': 'no-cache', 'ETag': 'W/"478-3IGV/bHZG5sr1nVLdAQIn1FN7bE"', 'Vary': 'Accept-Encoding', 'Content-Encoding': 'gzip', 'CF-Cache-Status': 'DYNAMIC', 'Report-To': '{"endpoints":[{"url":"https:\\/\\/a.nel.cloudflare.com\\/report\\/v4?s=omsHJoAEOds5JzUF60asmpJH8fR8U4Kosv51XIjkCExZaM3KUA6l1wpPHf9415TsUGl91JYSmMcSMRpC0z%2ByAMKTg5O1g8WPOAJlScUqIsl8DcobXxYToDPUHQYzXXWT"}],"group":"cf-nel","max_age":604800}', 'NEL': '{"success_fraction":0,"report_to":"cf-nel","max_age":604800}', 'Server': 'cloudflare', 'CF-RAY': '86dc48152dea62a5-ORD', 'alt-svc': 'h3=":443"; ma=86400'} 
 body={"results":[{"gender":"female","name":{"title":"Mrs","first":"Vildan","last":"Koç"},"location":{"street":{"number":2077,"name":"Bağdat Cd"},"city":"Bingöl","state":"Tekirdağ","country":"Turkey","postcode":16474,"coordinates":{"latitude":"65.3001","longitude":"74.7432"},"timezone":{"offset":"-7:00","description":"Mountain Time (US &amp; Canada)"}},"email":"vildan.koc@example.com","login":{"uuid":"f8933d2b-1a82-4fb0-a2f6-48281ec7fb90","username":"happyfish583","password":"zxcvbnm","salt":"QHl8Qaki","md5":"54c4fdf7b11c0f7d865faecec28d85a0","sha1":"18ba8ddc9d5e16bc48955769e257614f058d4c78","sha256":"f71229cfc1ffea569f18deb1659f7ecc37fe6294d2ddb2000fad8c7db06cd69b"},"dob":{"date":"1954-07-05T17:57:08.940Z","age":69},"registered":{"date":"2013-03-14T17:31:28.370Z","age":11},"phone":"(874)-976-0636","cell":"(450)-807-0457","id":{"name":"","value":null},"picture":{"large":"https://randomuser.me/api/portraits/women/8.jpg","medium":"https://randomuser.me/api/portraits/med/women/8.jpg","thumbnail":"https://randomuser.me/api/portraits/thumb/women/8.jpg"},"nat":"TR"}],"info":{"seed":"3a83f248de4697d9","results":1,"page":1,"version":"1.4"}} 
 </msg>
<msg time="2024-04-01T23:15:30.840905" level="INFO">/opt/hostedtoolcache/Python/3.12.2/x64/lib/python3.12/site-packages/urllib3/connectionpool.py:1103: InsecureRequestWarning: Unverified HTTPS request is being made to host 'randomuser.me'. Adding certificate verification is strongly advised. See: https://urllib3.readthedocs.io/en/latest/advanced-usage.html#tls-warnings
  warnings.warn(</msg>
<msg time="2024-04-01T23:15:30.840992" level="INFO">${response} = &lt;Response [200]&gt;</msg>
<var>${response}</var>
<arg>consultarAPI</arg>
<arg>/api</arg>
<doc>Sends a GET request on a previously created HTTP Session.</doc>
<status status="PASS" start="2024-04-01T23:15:30.751626" elapsed="0.089405"/>
</kw>
<kw name="Set Variable" owner="BuiltIn">
<msg time="2024-04-01T23:15:30.842080" level="INFO">${json_data} = {'results': [{'gender': 'female', 'name': {'title': 'Mrs', 'first': 'Vildan', 'last': 'Koç'}, 'location': {'street': {'number': 2077, 'name': 'Bağdat Cd'}, 'city': 'Bingöl', 'state': 'Tekirdağ', 'coun...</msg>
<var>${json_data}</var>
<arg>${response.json()}</arg>
<doc>Returns the given values which can then be assigned to a variables.</doc>
<status status="PASS" start="2024-04-01T23:15:30.841492" elapsed="0.000618"/>
</kw>
<kw name="Log" owner="BuiltIn">
<msg time="2024-04-01T23:15:30.842629" level="INFO">{'results': [{'gender': 'female', 'name': {'title': 'Mrs', 'first': 'Vildan', 'last': 'Koç'}, 'location': {'street': {'number': 2077, 'name': 'Bağdat Cd'}, 'city': 'Bingöl', 'state': 'Tekirdağ', 'country': 'Turkey', 'postcode': 16474, 'coordinates': {'latitude': '65.3001', 'longitude': '74.7432'}, 'timezone': {'offset': '-7:00', 'description': 'Mountain Time (US &amp; Canada)'}}, 'email': 'vildan.koc@example.com', 'login': {'uuid': 'f8933d2b-1a82-4fb0-a2f6-48281ec7fb90', 'username': 'happyfish583', 'password': 'zxcvbnm', 'salt': 'QHl8Qaki', 'md5': '54c4fdf7b11c0f7d865faecec28d85a0', 'sha1': '18ba8ddc9d5e16bc48955769e257614f058d4c78', 'sha256': 'f71229cfc1ffea569f18deb1659f7ecc37fe6294d2ddb2000fad8c7db06cd69b'}, 'dob': {'date': '1954-07-05T17:57:08.940Z', 'age': 69}, 'registered': {'date': '2013-03-14T17:31:28.370Z', 'age': 11}, 'phone': '(874)-976-0636', 'cell': '(450)-807-0457', 'id': {'name': '', 'value': None}, 'picture': {'large': 'https://randomuser.me/api/portraits/women/8.jpg', 'medium': 'https://randomuser.me/api/portraits/med/women/8.jpg', 'thumbnail': 'https://randomuser.me/api/portraits/thumb/women/8.jpg'}, 'nat': 'TR'}], 'info': {'seed': '3a83f248de4697d9', 'results': 1, 'page': 1, 'version': '1.4'}}</msg>
<arg>${json_data}</arg>
<doc>Logs the given message with the given level.</doc>
<status status="PASS" start="2024-04-01T23:15:30.842425" elapsed="0.000288"/>
</kw>
<kw name="Should Be Equal As Numbers" owner="BuiltIn">
<arg>${json_data['results'][0]['location']['postcode']}</arg>
<arg>${json_data['results'][0]['location']['postcode']}</arg>
<doc>Fails if objects are unequal after converting them to real numbers.</doc>
<status status="PASS" start="2024-04-01T23:15:30.843018" elapsed="0.000613"/>
</kw>
<kw name="Log" owner="BuiltIn">
<msg time="2024-04-01T23:15:30.844152" level="INFO">16474</msg>
<arg>${json_data['results'][0]['location']['postcode']}</arg>
<doc>Logs the given message with the given level.</doc>
<status status="PASS" start="2024-04-01T23:15:30.843821" elapsed="0.000372"/>
</kw>
<status status="PASS" start="2024-04-01T23:15:30.751293" elapsed="0.093147"/>
</kw>
<doc>Testa se os tipos de dados na resposta da API estão corretos.</doc>
<tag>testeTiposDados</tag>
<status status="PASS" start="2024-04-01T23:15:30.671838" elapsed="0.172760"/>
</test>
<test id="s1-s1-t5" name="Validar conteudo" line="35">
<kw name="Teste de Tipos de Conteudo" owner="random-user-service">
<kw name="GET On Session" owner="RequestsLibrary">
<msg time="2024-04-01T23:15:30.939992" level="INFO">GET Request : url=https://randomuser.me/api 
 path_url=/api 
 headers={'User-Agent': 'python-requests/2.31.0', 'Accept-Encoding': 'gzip, deflate', 'Accept': '*/*', 'Connection': 'keep-alive'} 
 body=None 
 </msg>
<msg time="2024-04-01T23:15:30.940076" level="INFO">GET Response : url=https://randomuser.me/api 
 status=200, reason=OK 
 headers={'Date': 'Mon, 01 Apr 2024 23:15:30 GMT', 'Content-Type': 'application/json; charset=utf-8', 'Transfer-Encoding': 'chunked', 'Connection': 'keep-alive', 'X-Powered-By': 'Express', 'Access-Control-Allow-Origin': '*', 'Cache-Control': 'no-cache', 'ETag': 'W/"482-tgdivj4Ch0j/NRbkMyoKdxsurZo"', 'Vary': 'Accept-Encoding', 'Content-Encoding': 'gzip', 'CF-Cache-Status': 'DYNAMIC', 'Report-To': '{"endpoints":[{"url":"https:\\/\\/a.nel.cloudflare.com\\/report\\/v4?s=QFOytDtB5jfIYV2dmJoahkJQdwldYaqDhhYvVoe6kLFTA0oraM2e659GixyRTbEiPem91rMlu2PN6%2F8bEJTW5p99GiQ8CicjUACP6Fto6zowLLBCqg6xtp0PsFK30LyF"}],"group":"cf-nel","max_age":604800}', 'NEL': '{"success_fraction":0,"report_to":"cf-nel","max_age":604800}', 'Server': 'cloudflare', 'CF-RAY': '86dc4815cedc62a5-ORD', 'alt-svc': 'h3=":443"; ma=86400'} 
 body={"results":[{"gender":"female","name":{"title":"Mrs","first":"Ella","last":"Madsen"},"location":{"street":{"number":1986,"name":"Søparken"},"city":"Støvring ","state":"Nordjylland","country":"Denmark","postcode":31047,"coordinates":{"latitude":"-45.2475","longitude":"169.6249"},"timezone":{"offset":"+6:00","description":"Almaty, Dhaka, Colombo"}},"email":"ella.madsen@example.com","login":{"uuid":"379c3dda-3d7e-4378-8611-88330a144178","username":"beautifulleopard568","password":"baggins","salt":"ZD6mBHHy","md5":"3aeac3e4b04bdd93376164b53f6007d3","sha1":"765342c6f8fe554db1dbd6a1b5253624ab0a1e72","sha256":"c49a2f4bbbea7e6bb7b1fffbd8b624aea8896c5f224beb207fdc0b1d8b946be8"},"dob":{"date":"1956-01-07T22:06:36.443Z","age":68},"registered":{"date":"2006-05-29T22:16:21.852Z","age":17},"phone":"60220455","cell":"19504701","id":{"name":"CPR","value":"070156-3359"},"picture":{"large":"https://randomuser.me/api/portraits/women/2.jpg","medium":"https://randomuser.me/api/portraits/med/women/2.jpg","thumbnail":"https://randomuser.me/api/portraits/thumb/women/2.jpg"},"nat":"DK"}],"info":{"seed":"37bffa6a1f811492","results":1,"page":1,"version":"1.4"}} 
 </msg>
<msg time="2024-04-01T23:15:30.940152" level="INFO">/opt/hostedtoolcache/Python/3.12.2/x64/lib/python3.12/site-packages/urllib3/connectionpool.py:1103: InsecureRequestWarning: Unverified HTTPS request is being made to host 'randomuser.me'. Adding certificate verification is strongly advised. See: https://urllib3.readthedocs.io/en/latest/advanced-usage.html#tls-warnings
  warnings.warn(</msg>
<msg time="2024-04-01T23:15:30.940269" level="INFO">${response} = &lt;Response [200]&gt;</msg>
<var>${response}</var>
<arg>consultarAPI</arg>
<arg>/api</arg>
<doc>Sends a GET request on a previously created HTTP Session.</doc>
<status status="PASS" start="2024-04-01T23:15:30.847040" elapsed="0.093284"/>
</kw>
<kw name="Set Variable" owner="BuiltIn">
<msg time="2024-04-01T23:15:30.941386" level="INFO">${json_data} = {'results': [{'gender': 'female', 'name': {'title': 'Mrs', 'first': 'Ella', 'last': 'Madsen'}, 'location': {'street': {'number': 1986, 'name': 'Søparken'}, 'city': 'Støvring ', 'state': 'Nordjylland',...</msg>
<var>${json_data}</var>
<arg>${response.json()}</arg>
<doc>Returns the given values which can then be assigned to a variables.</doc>
<status status="PASS" start="2024-04-01T23:15:30.940803" elapsed="0.000613"/>
</kw>
<kw name="Set Variable" owner="BuiltIn">
<msg time="2024-04-01T23:15:30.942095" level="INFO">${name_title} = Mrs</msg>
<var>${name_title}</var>
<arg>${json_data["results"][0]["name"]["title"]}</arg>
<doc>Returns the given values which can then be assigned to a variables.</doc>
<status status="PASS" start="2024-04-01T23:15:30.941717" elapsed="0.000403"/>
</kw>
<kw name="Create List" owner="BuiltIn">
<msg time="2024-04-01T23:15:30.942605" level="INFO">${allowed_titles} = ['Mr', 'Ms', 'Miss', 'Mrs', 'Madame', 'Monsieur']</msg>
<var>${allowed_titles}</var>
<arg>Mr</arg>
<arg>Ms</arg>
<arg>Miss</arg>
<arg>Mrs</arg>
<arg>Madame</arg>
<arg>Monsieur</arg>
<doc>Returns a list containing given items.</doc>
<status status="PASS" start="2024-04-01T23:15:30.942413" elapsed="0.000218"/>
</kw>
<kw name="List Should Contain Value" owner="Collections">
<msg time="2024-04-01T23:15:30.943102" level="INFO">False</msg>
<arg>${allowed_titles}</arg>
<arg>${name_title}</arg>
<doc>Fails if the ``value`` is not found from ``list``.</doc>
<status status="PASS" start="2024-04-01T23:15:30.942935" elapsed="0.000203"/>
</kw>
<kw name="Set Variable" owner="BuiltIn">
<msg time="2024-04-01T23:15:30.943809" level="INFO">${name_country} = DK</msg>
<var>${name_country}</var>
<arg>${json_data["results"][0]["nat"]}</arg>
<doc>Returns the given values which can then be assigned to a variables.</doc>
<status status="PASS" start="2024-04-01T23:15:30.943427" elapsed="0.000407"/>
</kw>
<kw name="Create List" owner="BuiltIn">
<msg time="2024-04-01T23:15:30.944736" level="INFO">${list_country} = ['AD', 'AE', 'AF', 'AG', 'AI', 'AL', 'AM', 'AO', 'AQ', 'AR', 'AS', 'AT', 'AU', 'AW', 'AX', 'AZ', 'BA', 'BB', 'BD', 'BE', 'BF', 'BG', 'BH', 'BI', 'BJ', 'BL', 'BM', 'BN', 'BO', 'BQ', 'BR', 'BS', 'BT', '...</msg>
<var>${list_country}</var>
<arg>AD</arg>
<arg>AE</arg>
<arg>AF</arg>
<arg>AG</arg>
<arg>AI</arg>
<arg>AL</arg>
<arg>AM</arg>
<arg>AO</arg>
<arg>AQ</arg>
<arg>AR</arg>
<arg>AS</arg>
<arg>AT</arg>
<arg>AU</arg>
<arg>AW</arg>
<arg>AX</arg>
<arg>AZ</arg>
<arg>BA</arg>
<arg>BB</arg>
<arg>BD</arg>
<arg>BE</arg>
<arg>BF</arg>
<arg>BG</arg>
<arg>BH</arg>
<arg>BI</arg>
<arg>BJ</arg>
<arg>BL</arg>
<arg>BM</arg>
<arg>BN</arg>
<arg>BO</arg>
<arg>BQ</arg>
<arg>BR</arg>
<arg>BS</arg>
<arg>BT</arg>
<arg>BV</arg>
<arg>BW</arg>
<arg>BY</arg>
<arg>BZ</arg>
<arg>CA</arg>
<arg>CC</arg>
<arg>CD</arg>
<arg>CF</arg>
<arg>CG</arg>
<arg>CH</arg>
<arg>CI</arg>
<arg>CK</arg>
<arg>CL</arg>
<arg>CM</arg>
<arg>CN</arg>
<arg>CO</arg>
<arg>CR</arg>
<arg>CU</arg>
<arg>CV</arg>
<arg>CW</arg>
<arg>CX</arg>
<arg>CY</arg>
<arg>CZ</arg>
<arg>DE</arg>
<arg>DJ</arg>
<arg>DK</arg>
<arg>DM</arg>
<arg>DO</arg>
<arg>DZ</arg>
<arg>EC</arg>
<arg>EE</arg>
<arg>EG</arg>
<arg>EH</arg>
<arg>ER</arg>
<arg>ES</arg>
<arg>ET</arg>
<arg>FI</arg>
<arg>FJ</arg>
<arg>FK</arg>
<arg>FM</arg>
<arg>FO</arg>
<arg>FR</arg>
<arg>GA</arg>
<arg>GB</arg>
<arg>GD</arg>
<arg>GE</arg>
<arg>GF</arg>
<arg>GG</arg>
<arg>GH</arg>
<arg>GI</arg>
<arg>GL</arg>
<arg>GM</arg>
<arg>GN</arg>
<arg>GP</arg>
<arg>GQ</arg>
<arg>GR</arg>
<arg>GS</arg>
<arg>GT</arg>
<arg>GU</arg>
<arg>GW</arg>
<arg>GY</arg>
<arg>HK</arg>
<arg>HM</arg>
<arg>HN</arg>
<arg>HR</arg>
<arg>HT</arg>
<arg>HU</arg>
<arg>ID</arg>
<arg>IE</arg>
<arg>IL</arg>
<arg>IM</arg>
<arg>IN</arg>
<arg>IO</arg>
<arg>IQ</arg>
<arg>IR</arg>
<arg>IS</arg>
<arg>IT</arg>
<arg>JE</arg>
<arg>JM</arg>
<arg>JO</arg>
<arg>JP</arg>
<arg>KE</arg>
<arg>KG</arg>
<arg>KH</arg>
<arg>KI</arg>
<arg>KM</arg>
<arg>KN</arg>
<arg>KP</arg>
<arg>KR</arg>
<arg>KW</arg>
<arg>KY</arg>
<arg>KZ</arg>
<arg>LA</arg>
<arg>LB</arg>
<arg>LC</arg>
<arg>LI</arg>
<arg>LK</arg>
<arg>LR</arg>
<arg>LS</arg>
<arg>LT</arg>
<arg>LU</arg>
<arg>LV</arg>
<arg>LY</arg>
<arg>MA</arg>
<arg>MC</arg>
<arg>MD</arg>
<arg>ME</arg>
<arg>MF</arg>
<arg>MG</arg>
<arg>MH</arg>
<arg>MK</arg>
<arg>ML</arg>
<arg>MM</arg>
<arg>MN</arg>
<arg>MO</arg>
<arg>MP</arg>
<arg>MQ</arg>
<arg>MR</arg>
<arg>MS</arg>
<arg>MT</arg>
<arg>MU</arg>
<arg>MV</arg>
<arg>MW</arg>
<arg>MX</arg>
<arg>MY</arg>
<arg>MZ</arg>
<arg>NA</arg>
<arg>NC</arg>
<arg>NE</arg>
<arg>NF</arg>
<arg>NG</arg>
<arg>NI</arg>
<arg>NL</arg>
<arg>NO</arg>
<arg>NP</arg>
<arg>NR</arg>
<arg>NU</arg>
<arg>NZ</arg>
<arg>OM</arg>
<arg>PA</arg>
<arg>PE</arg>
<arg>PF</arg>
<arg>PG</arg>
<arg>PH</arg>
<arg>PK</arg>
<arg>PL</arg>
<arg>PM</arg>
<arg>PN</arg>
<arg>PR</arg>
<arg>PS</arg>
<arg>PT</arg>
<arg>PW</arg>
<arg>PY</arg>
<arg>QA</arg>
<arg>RE</arg>
<arg>RO</arg>
<arg>RS</arg>
<arg>RU</arg>
<arg>RW</arg>
<arg>SA</arg>
<arg>SB</arg>
<arg>SC</arg>
<arg>SD</arg>
<arg>SE</arg>
<arg>SG</arg>
<arg>SH</arg>
<arg>SI</arg>
<arg>SJ</arg>
<arg>SK</arg>
<arg>SL</arg>
<arg>SM</arg>
<arg>SN</arg>
<arg>SO</arg>
<arg>SR</arg>
<arg>SS</arg>
<arg>ST</arg>
<arg>SV</arg>
<arg>SX</arg>
<arg>SY</arg>
<arg>SZ</arg>
<arg>TC</arg>
<arg>TD</arg>
<arg>TF</arg>
<arg>TG</arg>
<arg>TH</arg>
<arg>TJ</arg>
<arg>TK</arg>
<arg>TL</arg>
<arg>TM</arg>
<arg>TN</arg>
<arg>TO</arg>
<arg>TR</arg>
<arg>TT</arg>
<arg>TV</arg>
<arg>TW</arg>
<arg>TZ</arg>
<arg>UA</arg>
<arg>UG</arg>
<arg>UM</arg>
<arg>US</arg>
<arg>UY</arg>
<arg>UZ</arg>
<arg>VA</arg>
<arg>VC</arg>
<arg>VE</arg>
<arg>VG</arg>
<arg>VI</arg>
<arg>VN</arg>
<arg>VU</arg>
<arg>WF</arg>
<arg>WS</arg>
<arg>XK</arg>
<arg>YE</arg>
<arg>YT</arg>
<arg>ZA</arg>
<arg>ZM</arg>
<arg>ZW</arg>
<doc>Returns a list containing given items.</doc>
<status status="PASS" start="2024-04-01T23:15:30.944136" elapsed="0.000626"/>
</kw>
<kw name="List Should Contain Value" owner="Collections">
<msg time="2024-04-01T23:15:30.945847" level="INFO">False</msg>
<arg>${list_country}</arg>
<arg>${name_country}</arg>
<doc>Fails if the ``value`` is not found from ``list``.</doc>
<status status="PASS" start="2024-04-01T23:15:30.945643" elapsed="0.000241"/>
</kw>
<kw name="Run Keyword If" owner="BuiltIn">
<kw name="Should Be True" owner="BuiltIn">
<arg>${True}</arg>
<doc>Fails if the given condition is not true.</doc>
<status status="PASS" start="2024-04-01T23:15:30.947003" elapsed="0.000147"/>
</kw>
<arg>${json_data["results"][0]["location"]["coordinates"]["latitude"]} &gt;= -90 and ${json_data["results"][0]["location"]["coordinates"]["latitude"]} &lt;= 90</arg>
<arg>Should Be True</arg>
<arg>${True}</arg>
<doc>Runs the given keyword with the given arguments, if ``condition`` is true.</doc>
<status status="PASS" start="2024-04-01T23:15:30.946204" elapsed="0.001074"/>
</kw>
<kw name="Run Keyword If" owner="BuiltIn">
<kw name="Should Be True" owner="BuiltIn">
<arg>${True}</arg>
<doc>Fails if the given condition is not true.</doc>
<status status="PASS" start="2024-04-01T23:15:30.948162" elapsed="0.000139"/>
</kw>
<arg>${json_data["results"][0]["location"]["coordinates"]["longitude"]} &gt;= -180 and ${json_data["results"][0]["location"]["coordinates"]["longitude"]} &lt;= 180</arg>
<arg>Should Be True</arg>
<arg>${True}</arg>
<doc>Runs the given keyword with the given arguments, if ``condition`` is true.</doc>
<status status="PASS" start="2024-04-01T23:15:30.947463" elapsed="0.000961"/>
</kw>
<status status="PASS" start="2024-04-01T23:15:30.846820" elapsed="0.101731"/>
</kw>
<doc>Testa o conteúdo específico dos campos retornados pela API.</doc>
<tag>testeConteudo</tag>
<status status="PASS" start="2024-04-01T23:15:30.846298" elapsed="0.102396"/>
</test>
<status status="PASS" start="2024-04-01T23:15:29.953747" elapsed="0.996863"/>
</suite>
<status status="PASS" start="2024-04-01T23:15:29.939921" elapsed="1.016022"/>
</suite>
<statistics>
<total>
<stat pass="5" fail="0" skip="0">All Tests</stat>
</total>
<tag>
<stat pass="1" fail="0" skip="0">testeConteudo</stat>
<stat pass="1" fail="0" skip="0">testeEstruturaResposta</stat>
<stat pass="1" fail="0" skip="0">testeRequisicaoBasica</stat>
<stat pass="1" fail="0" skip="0">testeTiposDados</stat>
</tag>
<suite>
<stat pass="5" fail="0" skip="0" id="s1" name="Tests">Tests</stat>
<stat pass="5" fail="0" skip="0" id="s1-s1" name="Random-User-Test">Tests.Random-User-Test</stat>
</suite>
</statistics>
<errors>
</errors>
</robot>
