<?xml version="1.0" encoding="UTF-8"?>
<robot generator="Robot 7.0 (Python 3.12.2 on linux)" generated="2024-03-21T13:14:04.479083" rpa="false" schemaversion="5">
<suite id="s1" name="Tests" source="/home/runner/work/DesafioQAItauRogerioJordao/DesafioQAItauRogerioJordao/RamdonUser/tests">
<suite id="s1-s1" name="Random-User-Test" source="/home/runner/work/DesafioQAItauRogerioJordao/DesafioQAItauRogerioJordao/RamdonUser/tests/random-user-test.robot">
<test id="s1-s1-t1" name="Conectar" line="13">
<kw name="Conectar API" owner="random-user-service">
<kw name="Create Session" owner="RequestsLibrary">
<msg time="2024-03-21T13:14:04.842653" level="INFO">Creating Session using : alias=consultarAPI, url=https://randomuser.me/, headers={},                     cookies={}, auth=None, timeout=None, proxies=None, verify=False,                     debug=0 </msg>
<arg>consultarAPI</arg>
<arg>${URL}</arg>
<doc>Create Session: create a HTTP session to a server</doc>
<status status="PASS" start="2024-03-21T13:14:04.842394" elapsed="0.000430"/>
</kw>
<status status="PASS" start="2024-03-21T13:14:04.841435" elapsed="0.001735"/>
</kw>
<status status="PASS" start="2024-03-21T13:14:04.840760" elapsed="0.002602"/>
</test>
<test id="s1-s1-t2" name="Validar retorno 200 e JSON Válido" line="16">
<kw name="Teste de Requisicao Basica" owner="random-user-service">
<kw name="GET On Session" owner="RequestsLibrary">
<msg time="2024-03-21T13:14:04.938611" level="INFO">GET Request : url=https://randomuser.me/api 
 path_url=/api 
 headers={'User-Agent': 'python-requests/2.31.0', 'Accept-Encoding': 'gzip, deflate', 'Accept': '*/*', 'Connection': 'keep-alive'} 
 body=None 
 </msg>
<msg time="2024-03-21T13:14:04.938755" level="INFO">GET Response : url=https://randomuser.me/api 
 status=200, reason=OK 
 headers={'Date': 'Thu, 21 Mar 2024 13:14:04 GMT', 'Content-Type': 'application/json; charset=utf-8', 'Transfer-Encoding': 'chunked', 'Connection': 'keep-alive', 'X-Powered-By': 'Express', 'Access-Control-Allow-Origin': '*', 'Cache-Control': 'no-cache', 'ETag': 'W/"48e-6/X2PwGyfj1jWl5Jjw+cPeqXLeU"', 'Vary': 'Accept-Encoding', 'Content-Encoding': 'gzip', 'CF-Cache-Status': 'DYNAMIC', 'Report-To': '{"endpoints":[{"url":"https:\\/\\/a.nel.cloudflare.com\\/report\\/v4?s=juKNh3K6IUHlc6hPhWdSzH9ow526gmJBoRHMs4OWfkGkch46PSnulNYfMvl%2FMtFgcggmdJt7aaaQOWRgIxL5k5xH%2FaCLv97F9ZnWCKYOxhC9HH25%2BPIhhVE8o8BdUabR"}],"group":"cf-nel","max_age":604800}', 'NEL': '{"success_fraction":0,"report_to":"cf-nel","max_age":604800}', 'Server': 'cloudflare', 'CF-RAY': '867e33f479cc17b8-IAD', 'alt-svc': 'h3=":443"; ma=86400'} 
 body={"results":[{"gender":"male","name":{"title":"Mr","first":"Slavoljub","last":"Raspopović"},"location":{"street":{"number":7761,"name":"Jeličićev Venac"},"city":"Ruma","state":"Rasina","country":"Serbia","postcode":11268,"coordinates":{"latitude":"55.8753","longitude":"-125.1273"},"timezone":{"offset":"-7:00","description":"Mountain Time (US &amp; Canada)"}},"email":"slavoljub.raspopovic@example.com","login":{"uuid":"b92c5bb0-ddac-42c0-be93-4ff00a949882","username":"organicduck327","password":"thuglife","salt":"YYPWiUdm","md5":"69d5bdce94020bd5de9dd64be71c6357","sha1":"24dcc8bbd7d76c5970db023df76b1d7ea9e031e0","sha256":"3dfb1c3ad07f84e77a5da6233828d94618ff76227527907a1347b9b9dfad4299"},"dob":{"date":"1998-08-24T01:42:03.731Z","age":25},"registered":{"date":"2021-06-06T22:19:54.972Z","age":2},"phone":"016-5255-514","cell":"061-8414-615","id":{"name":"SID","value":"108924981"},"picture":{"large":"https://randomuser.me/api/portraits/men/5.jpg","medium":"https://randomuser.me/api/portraits/med/men/5.jpg","thumbnail":"https://randomuser.me/api/portraits/thumb/men/5.jpg"},"nat":"RS"}],"info":{"seed":"42f6998815abc0b6","results":1,"page":1,"version":"1.4"}} 
 </msg>
<msg time="2024-03-21T13:14:04.938858" level="INFO">/opt/hostedtoolcache/Python/3.12.2/x64/lib/python3.12/site-packages/urllib3/connectionpool.py:1103: InsecureRequestWarning: Unverified HTTPS request is being made to host 'randomuser.me'. Adding certificate verification is strongly advised. See: https://urllib3.readthedocs.io/en/latest/advanced-usage.html#tls-warnings
  warnings.warn(</msg>
<msg time="2024-03-21T13:14:04.938988" level="INFO">${response} = &lt;Response [200]&gt;</msg>
<var>${response}</var>
<arg>consultarAPI</arg>
<arg>/api</arg>
<doc>Sends a GET request on a previously created HTTP Session.</doc>
<status status="PASS" start="2024-03-21T13:14:04.845989" elapsed="0.093039"/>
</kw>
<kw name="Should Be Equal As Numbers" owner="BuiltIn">
<msg time="2024-03-21T13:14:04.940019" level="INFO">Argument types are:
&lt;class 'int'&gt;
&lt;class 'str'&gt;</msg>
<arg>${response.status_code}</arg>
<arg>200</arg>
<doc>Fails if objects are unequal after converting them to real numbers.</doc>
<status status="PASS" start="2024-03-21T13:14:04.939552" elapsed="0.000531"/>
</kw>
<kw name="Log" owner="BuiltIn">
<msg time="2024-03-21T13:14:04.940767" level="INFO">200</msg>
<arg>${response.status_code}</arg>
<doc>Logs the given message with the given level.</doc>
<status status="PASS" start="2024-03-21T13:14:04.940412" elapsed="0.000398"/>
</kw>
<kw name="Set Variable" owner="BuiltIn">
<msg time="2024-03-21T13:14:04.941615" level="INFO">${json_data} = {'results': [{'gender': 'male', 'name': {'title': 'Mr', 'first': 'Slavoljub', 'last': 'Raspopović'}, 'location': {'street': {'number': 7761, 'name': 'Jeličićev Venac'}, 'city': 'Ruma', 'state': 'Rasin...</msg>
<var>${json_data}</var>
<arg>${response.json()}</arg>
<doc>Returns the given values which can then be assigned to a variables.</doc>
<status status="PASS" start="2024-03-21T13:14:04.941154" elapsed="0.000492"/>
</kw>
<kw name="Dictionary Should Contain Key" owner="Collections">
<msg time="2024-03-21T13:14:04.942147" level="INFO">False</msg>
<arg>${json_data}</arg>
<arg>results</arg>
<doc>Fails if ``key`` is not found from ``dictionary``.</doc>
<status status="PASS" start="2024-03-21T13:14:04.941979" elapsed="0.000207"/>
</kw>
<status status="PASS" start="2024-03-21T13:14:04.845743" elapsed="0.096702"/>
</kw>
<doc>Testa se a API responde corretamente e retorna um objeto JSON válido.</doc>
<tag>testeRequisicaoBasica</tag>
<status status="PASS" start="2024-03-21T13:14:04.845212" elapsed="0.097411"/>
</test>
<test id="s1-s1-t3" name="Validar estrutura de resposta" line="22">
<kw name="Teste de Estrutura de Resposta" owner="random-user-service">
<kw name="GET On Session" owner="RequestsLibrary">
<msg time="2024-03-21T13:14:05.031968" level="INFO">GET Request : url=https://randomuser.me/api 
 path_url=/api 
 headers={'User-Agent': 'python-requests/2.31.0', 'Accept-Encoding': 'gzip, deflate', 'Accept': '*/*', 'Connection': 'keep-alive'} 
 body=None 
 </msg>
<msg time="2024-03-21T13:14:05.032051" level="INFO">GET Response : url=https://randomuser.me/api 
 status=200, reason=OK 
 headers={'Date': 'Thu, 21 Mar 2024 13:14:05 GMT', 'Content-Type': 'application/json; charset=utf-8', 'Transfer-Encoding': 'chunked', 'Connection': 'keep-alive', 'X-Powered-By': 'Express', 'Access-Control-Allow-Origin': '*', 'Cache-Control': 'no-cache', 'ETag': 'W/"47f-nF+/tTQwLy4r2CuDaikVOwHONo0"', 'Vary': 'Accept-Encoding', 'Content-Encoding': 'gzip', 'CF-Cache-Status': 'DYNAMIC', 'Report-To': '{"endpoints":[{"url":"https:\\/\\/a.nel.cloudflare.com\\/report\\/v4?s=GlDqz2Cj5PFPJq27DZw3sRoQXE5JIJ87O0ktU7oK55m03VbCmhgf6vJ8y7BqPPgxILa3xVxcjdwS%2F0g4%2F4RbQ8hPYU9ZUyAw5c15I4N8d6znnX4xaM4dgs6xWZhofw%2FC"}],"group":"cf-nel","max_age":604800}', 'NEL': '{"success_fraction":0,"report_to":"cf-nel","max_age":604800}', 'Server': 'cloudflare', 'CF-RAY': '867e33f4ea5017b8-IAD', 'alt-svc': 'h3=":443"; ma=86400'} 
 body={"results":[{"gender":"female","name":{"title":"Mrs","first":"Julia","last":"Parker"},"location":{"street":{"number":5713,"name":"Woodlawn Avenue"},"city":"New Ross","state":"Dublin City","country":"Ireland","postcode":29095,"coordinates":{"latitude":"3.1427","longitude":"25.9808"},"timezone":{"offset":"-2:00","description":"Mid-Atlantic"}},"email":"julia.parker@example.com","login":{"uuid":"8b869fb3-3dac-4474-ba14-cdd167f3d36e","username":"goldenpeacock871","password":"batman","salt":"YOYqCr7M","md5":"13e9e469b499c2be76e58596cf6ef7e7","sha1":"457d676629fe382b8a5347836d22e9a04018a612","sha256":"d86f4ef0a799d634ae78d0e23eccb284c6317baec22f847169cbbb7900f40b17"},"dob":{"date":"1992-10-13T04:48:51.634Z","age":31},"registered":{"date":"2003-07-20T06:33:55.830Z","age":20},"phone":"041-928-1391","cell":"081-184-5214","id":{"name":"PPS","value":"0570139T"},"picture":{"large":"https://randomuser.me/api/portraits/women/36.jpg","medium":"https://randomuser.me/api/portraits/med/women/36.jpg","thumbnail":"https://randomuser.me/api/portraits/thumb/women/36.jpg"},"nat":"IE"}],"info":{"seed":"91875c3bb759d22d","results":1,"page":1,"version":"1.4"}} 
 </msg>
<msg time="2024-03-21T13:14:05.032175" level="INFO">/opt/hostedtoolcache/Python/3.12.2/x64/lib/python3.12/site-packages/urllib3/connectionpool.py:1103: InsecureRequestWarning: Unverified HTTPS request is being made to host 'randomuser.me'. Adding certificate verification is strongly advised. See: https://urllib3.readthedocs.io/en/latest/advanced-usage.html#tls-warnings
  warnings.warn(</msg>
<msg time="2024-03-21T13:14:05.032305" level="INFO">${response} = &lt;Response [200]&gt;</msg>
<var>${response}</var>
<arg>consultarAPI</arg>
<arg>/api</arg>
<doc>Sends a GET request on a previously created HTTP Session.</doc>
<status status="PASS" start="2024-03-21T13:14:04.945488" elapsed="0.086857"/>
</kw>
<kw name="Set Variable" owner="BuiltIn">
<msg time="2024-03-21T13:14:05.033417" level="INFO">${json_data} = {'results': [{'gender': 'female', 'name': {'title': 'Mrs', 'first': 'Julia', 'last': 'Parker'}, 'location': {'street': {'number': 5713, 'name': 'Woodlawn Avenue'}, 'city': 'New Ross', 'state': 'Dublin...</msg>
<var>${json_data}</var>
<arg>${response.json()}</arg>
<doc>Returns the given values which can then be assigned to a variables.</doc>
<status status="PASS" start="2024-03-21T13:14:05.032800" elapsed="0.000646"/>
</kw>
<kw name="Log" owner="BuiltIn">
<msg time="2024-03-21T13:14:05.033916" level="INFO">{'results': [{'gender': 'female', 'name': {'title': 'Mrs', 'first': 'Julia', 'last': 'Parker'}, 'location': {'street': {'number': 5713, 'name': 'Woodlawn Avenue'}, 'city': 'New Ross', 'state': 'Dublin City', 'country': 'Ireland', 'postcode': 29095, 'coordinates': {'latitude': '3.1427', 'longitude': '25.9808'}, 'timezone': {'offset': '-2:00', 'description': 'Mid-Atlantic'}}, 'email': 'julia.parker@example.com', 'login': {'uuid': '8b869fb3-3dac-4474-ba14-cdd167f3d36e', 'username': 'goldenpeacock871', 'password': 'batman', 'salt': 'YOYqCr7M', 'md5': '13e9e469b499c2be76e58596cf6ef7e7', 'sha1': '457d676629fe382b8a5347836d22e9a04018a612', 'sha256': 'd86f4ef0a799d634ae78d0e23eccb284c6317baec22f847169cbbb7900f40b17'}, 'dob': {'date': '1992-10-13T04:48:51.634Z', 'age': 31}, 'registered': {'date': '2003-07-20T06:33:55.830Z', 'age': 20}, 'phone': '041-928-1391', 'cell': '081-184-5214', 'id': {'name': 'PPS', 'value': '0570139T'}, 'picture': {'large': 'https://randomuser.me/api/portraits/women/36.jpg', 'medium': 'https://randomuser.me/api/portraits/med/women/36.jpg', 'thumbnail': 'https://randomuser.me/api/portraits/thumb/women/36.jpg'}, 'nat': 'IE'}], 'info': {'seed': '91875c3bb759d22d', 'results': 1, 'page': 1, 'version': '1.4'}}</msg>
<arg>${json_data}</arg>
<doc>Logs the given message with the given level.</doc>
<status status="PASS" start="2024-03-21T13:14:05.033759" elapsed="0.000207"/>
</kw>
<kw name="Dictionary Should Contain Key" owner="Collections">
<msg time="2024-03-21T13:14:05.034421" level="INFO">False</msg>
<arg>${json_data}</arg>
<arg>results</arg>
<doc>Fails if ``key`` is not found from ``dictionary``.</doc>
<status status="PASS" start="2024-03-21T13:14:05.034269" elapsed="0.000191"/>
</kw>
<kw name="Should Not Be Empty" owner="BuiltIn">
<msg time="2024-03-21T13:14:05.034918" level="INFO">Length is 2.</msg>
<arg>${json_data}</arg>
<doc>Verifies that the given item is not empty.</doc>
<status status="PASS" start="2024-03-21T13:14:05.034784" elapsed="0.000174"/>
</kw>
<kw name="Create List" owner="BuiltIn">
<msg time="2024-03-21T13:14:05.035418" level="INFO">${expected_keys} = ['gender', 'name', 'location', 'email', 'login']</msg>
<var>${expected_keys}</var>
<arg>gender</arg>
<arg>name</arg>
<arg>location</arg>
<arg>email</arg>
<arg>login</arg>
<doc>Returns a list containing given items.</doc>
<status status="PASS" start="2024-03-21T13:14:05.035267" elapsed="0.000175"/>
</kw>
<for flavor="IN">
<iter>
<kw name="Dictionary Should Contain Key" owner="Collections">
<msg time="2024-03-21T13:14:05.036415" level="INFO">False</msg>
<arg>${json_data['results'][0]}</arg>
<arg>${key}</arg>
<doc>Fails if ``key`` is not found from ``dictionary``.</doc>
<status status="PASS" start="2024-03-21T13:14:05.036011" elapsed="0.000445"/>
</kw>
<kw name="Log" owner="BuiltIn">
<msg time="2024-03-21T13:14:05.037169" level="INFO">{'gender': 'female', 'name': {'title': 'Mrs', 'first': 'Julia', 'last': 'Parker'}, 'location': {'street': {'number': 5713, 'name': 'Woodlawn Avenue'}, 'city': 'New Ross', 'state': 'Dublin City', 'country': 'Ireland', 'postcode': 29095, 'coordinates': {'latitude': '3.1427', 'longitude': '25.9808'}, 'timezone': {'offset': '-2:00', 'description': 'Mid-Atlantic'}}, 'email': 'julia.parker@example.com', 'login': {'uuid': '8b869fb3-3dac-4474-ba14-cdd167f3d36e', 'username': 'goldenpeacock871', 'password': 'batman', 'salt': 'YOYqCr7M', 'md5': '13e9e469b499c2be76e58596cf6ef7e7', 'sha1': '457d676629fe382b8a5347836d22e9a04018a612', 'sha256': 'd86f4ef0a799d634ae78d0e23eccb284c6317baec22f847169cbbb7900f40b17'}, 'dob': {'date': '1992-10-13T04:48:51.634Z', 'age': 31}, 'registered': {'date': '2003-07-20T06:33:55.830Z', 'age': 20}, 'phone': '041-928-1391', 'cell': '081-184-5214', 'id': {'name': 'PPS', 'value': '0570139T'}, 'picture': {'large': 'https://randomuser.me/api/portraits/women/36.jpg', 'medium': 'https://randomuser.me/api/portraits/med/women/36.jpg', 'thumbnail': 'https://randomuser.me/api/portraits/thumb/women/36.jpg'}, 'nat': 'IE'}</msg>
<arg>${json_data['results'][0]}</arg>
<doc>Logs the given message with the given level.</doc>
<status status="PASS" start="2024-03-21T13:14:05.036760" elapsed="0.000459"/>
</kw>
<kw name="Log" owner="BuiltIn">
<msg time="2024-03-21T13:14:05.037653" level="INFO">gender</msg>
<arg>${key}</arg>
<doc>Logs the given message with the given level.</doc>
<status status="PASS" start="2024-03-21T13:14:05.037521" elapsed="0.000172"/>
</kw>
<var name="${key}">gender</var>
<status status="PASS" start="2024-03-21T13:14:05.035886" elapsed="0.002048"/>
</iter>
<iter>
<kw name="Dictionary Should Contain Key" owner="Collections">
<msg time="2024-03-21T13:14:05.038632" level="INFO">False</msg>
<arg>${json_data['results'][0]}</arg>
<arg>${key}</arg>
<doc>Fails if ``key`` is not found from ``dictionary``.</doc>
<status status="PASS" start="2024-03-21T13:14:05.038249" elapsed="0.000421"/>
</kw>
<kw name="Log" owner="BuiltIn">
<msg time="2024-03-21T13:14:05.039382" level="INFO">{'gender': 'female', 'name': {'title': 'Mrs', 'first': 'Julia', 'last': 'Parker'}, 'location': {'street': {'number': 5713, 'name': 'Woodlawn Avenue'}, 'city': 'New Ross', 'state': 'Dublin City', 'country': 'Ireland', 'postcode': 29095, 'coordinates': {'latitude': '3.1427', 'longitude': '25.9808'}, 'timezone': {'offset': '-2:00', 'description': 'Mid-Atlantic'}}, 'email': 'julia.parker@example.com', 'login': {'uuid': '8b869fb3-3dac-4474-ba14-cdd167f3d36e', 'username': 'goldenpeacock871', 'password': 'batman', 'salt': 'YOYqCr7M', 'md5': '13e9e469b499c2be76e58596cf6ef7e7', 'sha1': '457d676629fe382b8a5347836d22e9a04018a612', 'sha256': 'd86f4ef0a799d634ae78d0e23eccb284c6317baec22f847169cbbb7900f40b17'}, 'dob': {'date': '1992-10-13T04:48:51.634Z', 'age': 31}, 'registered': {'date': '2003-07-20T06:33:55.830Z', 'age': 20}, 'phone': '041-928-1391', 'cell': '081-184-5214', 'id': {'name': 'PPS', 'value': '0570139T'}, 'picture': {'large': 'https://randomuser.me/api/portraits/women/36.jpg', 'medium': 'https://randomuser.me/api/portraits/med/women/36.jpg', 'thumbnail': 'https://randomuser.me/api/portraits/thumb/women/36.jpg'}, 'nat': 'IE'}</msg>
<arg>${json_data['results'][0]}</arg>
<doc>Logs the given message with the given level.</doc>
<status status="PASS" start="2024-03-21T13:14:05.039000" elapsed="0.000433"/>
</kw>
<kw name="Log" owner="BuiltIn">
<msg time="2024-03-21T13:14:05.039869" level="INFO">name</msg>
<arg>${key}</arg>
<doc>Logs the given message with the given level.</doc>
<status status="PASS" start="2024-03-21T13:14:05.039738" elapsed="0.000170"/>
</kw>
<var name="${key}">name</var>
<status status="PASS" start="2024-03-21T13:14:05.038127" elapsed="0.002009"/>
</iter>
<iter>
<kw name="Dictionary Should Contain Key" owner="Collections">
<msg time="2024-03-21T13:14:05.040817" level="INFO">False</msg>
<arg>${json_data['results'][0]}</arg>
<arg>${key}</arg>
<doc>Fails if ``key`` is not found from ``dictionary``.</doc>
<status status="PASS" start="2024-03-21T13:14:05.040432" elapsed="0.000424"/>
</kw>
<kw name="Log" owner="BuiltIn">
<msg time="2024-03-21T13:14:05.041544" level="INFO">{'gender': 'female', 'name': {'title': 'Mrs', 'first': 'Julia', 'last': 'Parker'}, 'location': {'street': {'number': 5713, 'name': 'Woodlawn Avenue'}, 'city': 'New Ross', 'state': 'Dublin City', 'country': 'Ireland', 'postcode': 29095, 'coordinates': {'latitude': '3.1427', 'longitude': '25.9808'}, 'timezone': {'offset': '-2:00', 'description': 'Mid-Atlantic'}}, 'email': 'julia.parker@example.com', 'login': {'uuid': '8b869fb3-3dac-4474-ba14-cdd167f3d36e', 'username': 'goldenpeacock871', 'password': 'batman', 'salt': 'YOYqCr7M', 'md5': '13e9e469b499c2be76e58596cf6ef7e7', 'sha1': '457d676629fe382b8a5347836d22e9a04018a612', 'sha256': 'd86f4ef0a799d634ae78d0e23eccb284c6317baec22f847169cbbb7900f40b17'}, 'dob': {'date': '1992-10-13T04:48:51.634Z', 'age': 31}, 'registered': {'date': '2003-07-20T06:33:55.830Z', 'age': 20}, 'phone': '041-928-1391', 'cell': '081-184-5214', 'id': {'name': 'PPS', 'value': '0570139T'}, 'picture': {'large': 'https://randomuser.me/api/portraits/women/36.jpg', 'medium': 'https://randomuser.me/api/portraits/med/women/36.jpg', 'thumbnail': 'https://randomuser.me/api/portraits/thumb/women/36.jpg'}, 'nat': 'IE'}</msg>
<arg>${json_data['results'][0]}</arg>
<doc>Logs the given message with the given level.</doc>
<status status="PASS" start="2024-03-21T13:14:05.041181" elapsed="0.000411"/>
</kw>
<kw name="Log" owner="BuiltIn">
<msg time="2024-03-21T13:14:05.042022" level="INFO">location</msg>
<arg>${key}</arg>
<doc>Logs the given message with the given level.</doc>
<status status="PASS" start="2024-03-21T13:14:05.041895" elapsed="0.000167"/>
</kw>
<var name="${key}">location</var>
<status status="PASS" start="2024-03-21T13:14:05.040320" elapsed="0.001958"/>
</iter>
<iter>
<kw name="Dictionary Should Contain Key" owner="Collections">
<msg time="2024-03-21T13:14:05.042947" level="INFO">False</msg>
<arg>${json_data['results'][0]}</arg>
<arg>${key}</arg>
<doc>Fails if ``key`` is not found from ``dictionary``.</doc>
<status status="PASS" start="2024-03-21T13:14:05.042565" elapsed="0.000420"/>
</kw>
<kw name="Log" owner="BuiltIn">
<msg time="2024-03-21T13:14:05.043639" level="INFO">{'gender': 'female', 'name': {'title': 'Mrs', 'first': 'Julia', 'last': 'Parker'}, 'location': {'street': {'number': 5713, 'name': 'Woodlawn Avenue'}, 'city': 'New Ross', 'state': 'Dublin City', 'country': 'Ireland', 'postcode': 29095, 'coordinates': {'latitude': '3.1427', 'longitude': '25.9808'}, 'timezone': {'offset': '-2:00', 'description': 'Mid-Atlantic'}}, 'email': 'julia.parker@example.com', 'login': {'uuid': '8b869fb3-3dac-4474-ba14-cdd167f3d36e', 'username': 'goldenpeacock871', 'password': 'batman', 'salt': 'YOYqCr7M', 'md5': '13e9e469b499c2be76e58596cf6ef7e7', 'sha1': '457d676629fe382b8a5347836d22e9a04018a612', 'sha256': 'd86f4ef0a799d634ae78d0e23eccb284c6317baec22f847169cbbb7900f40b17'}, 'dob': {'date': '1992-10-13T04:48:51.634Z', 'age': 31}, 'registered': {'date': '2003-07-20T06:33:55.830Z', 'age': 20}, 'phone': '041-928-1391', 'cell': '081-184-5214', 'id': {'name': 'PPS', 'value': '0570139T'}, 'picture': {'large': 'https://randomuser.me/api/portraits/women/36.jpg', 'medium': 'https://randomuser.me/api/portraits/med/women/36.jpg', 'thumbnail': 'https://randomuser.me/api/portraits/thumb/women/36.jpg'}, 'nat': 'IE'}</msg>
<arg>${json_data['results'][0]}</arg>
<doc>Logs the given message with the given level.</doc>
<status status="PASS" start="2024-03-21T13:14:05.043288" elapsed="0.000399"/>
</kw>
<kw name="Log" owner="BuiltIn">
<msg time="2024-03-21T13:14:05.044108" level="INFO">email</msg>
<arg>${key}</arg>
<doc>Logs the given message with the given level.</doc>
<status status="PASS" start="2024-03-21T13:14:05.043981" elapsed="0.000165"/>
</kw>
<var name="${key}">email</var>
<status status="PASS" start="2024-03-21T13:14:05.042454" elapsed="0.001914"/>
</iter>
<iter>
<kw name="Dictionary Should Contain Key" owner="Collections">
<msg time="2024-03-21T13:14:05.045035" level="INFO">False</msg>
<arg>${json_data['results'][0]}</arg>
<arg>${key}</arg>
<doc>Fails if ``key`` is not found from ``dictionary``.</doc>
<status status="PASS" start="2024-03-21T13:14:05.044651" elapsed="0.000452"/>
</kw>
<kw name="Log" owner="BuiltIn">
<msg time="2024-03-21T13:14:05.045770" level="INFO">{'gender': 'female', 'name': {'title': 'Mrs', 'first': 'Julia', 'last': 'Parker'}, 'location': {'street': {'number': 5713, 'name': 'Woodlawn Avenue'}, 'city': 'New Ross', 'state': 'Dublin City', 'country': 'Ireland', 'postcode': 29095, 'coordinates': {'latitude': '3.1427', 'longitude': '25.9808'}, 'timezone': {'offset': '-2:00', 'description': 'Mid-Atlantic'}}, 'email': 'julia.parker@example.com', 'login': {'uuid': '8b869fb3-3dac-4474-ba14-cdd167f3d36e', 'username': 'goldenpeacock871', 'password': 'batman', 'salt': 'YOYqCr7M', 'md5': '13e9e469b499c2be76e58596cf6ef7e7', 'sha1': '457d676629fe382b8a5347836d22e9a04018a612', 'sha256': 'd86f4ef0a799d634ae78d0e23eccb284c6317baec22f847169cbbb7900f40b17'}, 'dob': {'date': '1992-10-13T04:48:51.634Z', 'age': 31}, 'registered': {'date': '2003-07-20T06:33:55.830Z', 'age': 20}, 'phone': '041-928-1391', 'cell': '081-184-5214', 'id': {'name': 'PPS', 'value': '0570139T'}, 'picture': {'large': 'https://randomuser.me/api/portraits/women/36.jpg', 'medium': 'https://randomuser.me/api/portraits/med/women/36.jpg', 'thumbnail': 'https://randomuser.me/api/portraits/thumb/women/36.jpg'}, 'nat': 'IE'}</msg>
<arg>${json_data['results'][0]}</arg>
<doc>Logs the given message with the given level.</doc>
<status status="PASS" start="2024-03-21T13:14:05.045416" elapsed="0.000402"/>
</kw>
<kw name="Log" owner="BuiltIn">
<msg time="2024-03-21T13:14:05.046245" level="INFO">login</msg>
<arg>${key}</arg>
<doc>Logs the given message with the given level.</doc>
<status status="PASS" start="2024-03-21T13:14:05.046120" elapsed="0.000162"/>
</kw>
<var name="${key}">login</var>
<status status="PASS" start="2024-03-21T13:14:05.044542" elapsed="0.001956"/>
</iter>
<var>${key}</var>
<value>@{expected_keys}</value>
<status status="PASS" start="2024-03-21T13:14:05.035699" elapsed="0.010945"/>
</for>
<kw name="Create List" owner="BuiltIn">
<msg time="2024-03-21T13:14:05.046986" level="INFO">${expected_keysTwo} = ['username', 'password']</msg>
<var>${expected_keysTwo}</var>
<arg>username</arg>
<arg>password</arg>
<doc>Returns a list containing given items.</doc>
<status status="PASS" start="2024-03-21T13:14:05.046844" elapsed="0.000166"/>
</kw>
<for flavor="IN">
<iter>
<kw name="Dictionary Should Contain Key" owner="Collections">
<msg time="2024-03-21T13:14:05.048011" level="INFO">False</msg>
<arg>${json_data['results'][0]['login']}</arg>
<arg>${keyTwo}</arg>
<doc>Fails if ``key`` is not found from ``dictionary``.</doc>
<status status="PASS" start="2024-03-21T13:14:05.047506" elapsed="0.000544"/>
</kw>
<kw name="Dictionary Should Contain Key" owner="Collections">
<msg time="2024-03-21T13:14:05.048722" level="INFO">False</msg>
<arg>${json_data['results'][0]['login']}</arg>
<arg>${keyTwo}</arg>
<doc>Fails if ``key`` is not found from ``dictionary``.</doc>
<status status="PASS" start="2024-03-21T13:14:05.048347" elapsed="0.000414"/>
</kw>
<kw name="Log" owner="BuiltIn">
<msg time="2024-03-21T13:14:05.049215" level="INFO">username</msg>
<arg>${keyTwo}</arg>
<doc>Logs the given message with the given level.</doc>
<status status="PASS" start="2024-03-21T13:14:05.049060" elapsed="0.000193"/>
</kw>
<var name="${keyTwo}">username</var>
<status status="PASS" start="2024-03-21T13:14:05.047396" elapsed="0.002074"/>
</iter>
<iter>
<kw name="Dictionary Should Contain Key" owner="Collections">
<msg time="2024-03-21T13:14:05.050122" level="INFO">False</msg>
<arg>${json_data['results'][0]['login']}</arg>
<arg>${keyTwo}</arg>
<doc>Fails if ``key`` is not found from ``dictionary``.</doc>
<status status="PASS" start="2024-03-21T13:14:05.049751" elapsed="0.000419"/>
</kw>
<kw name="Dictionary Should Contain Key" owner="Collections">
<msg time="2024-03-21T13:14:05.050844" level="INFO">False</msg>
<arg>${json_data['results'][0]['login']}</arg>
<arg>${keyTwo}</arg>
<doc>Fails if ``key`` is not found from ``dictionary``.</doc>
<status status="PASS" start="2024-03-21T13:14:05.050463" elapsed="0.000419"/>
</kw>
<kw name="Log" owner="BuiltIn">
<msg time="2024-03-21T13:14:05.051301" level="INFO">password</msg>
<arg>${keyTwo}</arg>
<doc>Logs the given message with the given level.</doc>
<status status="PASS" start="2024-03-21T13:14:05.051174" elapsed="0.000166"/>
</kw>
<var name="${keyTwo}">password</var>
<status status="PASS" start="2024-03-21T13:14:05.049642" elapsed="0.001916"/>
</iter>
<var>${keyTwo}</var>
<value>@{expected_keysTwo}</value>
<status status="PASS" start="2024-03-21T13:14:05.047246" elapsed="0.004435"/>
</for>
<status status="PASS" start="2024-03-21T13:14:04.945110" elapsed="0.106709"/>
</kw>
<doc>Testa a estrutura da resposta da API.</doc>
<tag>testeEstruturaResposta</tag>
<status status="PASS" start="2024-03-21T13:14:04.944516" elapsed="0.107456"/>
</test>
<test id="s1-s1-t4" name="Validar tipos de dados" line="28">
<kw name="Teste de Tipos de Dados" owner="random-user-service">
<kw name="GET On Session" owner="RequestsLibrary">
<msg time="2024-03-21T13:14:05.140925" level="INFO">GET Request : url=https://randomuser.me/api 
 path_url=/api 
 headers={'User-Agent': 'python-requests/2.31.0', 'Accept-Encoding': 'gzip, deflate', 'Accept': '*/*', 'Connection': 'keep-alive'} 
 body=None 
 </msg>
<msg time="2024-03-21T13:14:05.141004" level="INFO">GET Response : url=https://randomuser.me/api 
 status=200, reason=OK 
 headers={'Date': 'Thu, 21 Mar 2024 13:14:05 GMT', 'Content-Type': 'application/json; charset=utf-8', 'Transfer-Encoding': 'chunked', 'Connection': 'keep-alive', 'X-Powered-By': 'Express', 'Access-Control-Allow-Origin': '*', 'Cache-Control': 'no-cache', 'ETag': 'W/"48c-XD5PN1hq6kYl3rOaOli69BwXk/M"', 'Vary': 'Accept-Encoding', 'Content-Encoding': 'gzip', 'CF-Cache-Status': 'DYNAMIC', 'Report-To': '{"endpoints":[{"url":"https:\\/\\/a.nel.cloudflare.com\\/report\\/v4?s=ntGTcqeLn9ao14TYcSvw5xKdbqwlRbWwd%2BGvP3rEfO3ruhINJb6TUj%2B77VqKFjIHmxiqPyJMoxtfkpuQMw7wSgLg2m70igDhHtOuuKDy%2BrroTDgqeCiA8YKkrKArkMaA"}],"group":"cf-nel","max_age":604800}', 'NEL': '{"success_fraction":0,"report_to":"cf-nel","max_age":604800}', 'Server': 'cloudflare', 'CF-RAY': '867e33f59af717b8-IAD', 'alt-svc': 'h3=":443"; ma=86400'} 
 body={"results":[{"gender":"female","name":{"title":"Mrs","first":"Ceylan","last":"Tokgöz"},"location":{"street":{"number":9954,"name":"Bağdat Cd"},"city":"Burdur","state":"Ardahan","country":"Turkey","postcode":51798,"coordinates":{"latitude":"68.3136","longitude":"86.0352"},"timezone":{"offset":"+3:00","description":"Baghdad, Riyadh, Moscow, St. Petersburg"}},"email":"ceylan.tokgoz@example.com","login":{"uuid":"3c68fd2e-77f2-47c3-b738-948596b3e9d3","username":"lazymeercat360","password":"carlton","salt":"D9iEYn0C","md5":"034f0e7cfabaea6131375ed4472338ba","sha1":"ce357b83000d2dfd9ed9c221d6882df659a9a706","sha256":"9bfefc7d7f4b6e482a651567b257bbe8a122aa8d85ce1cb9a9fff0f9f957dc96"},"dob":{"date":"1975-02-28T23:59:29.456Z","age":49},"registered":{"date":"2009-03-26T11:28:01.070Z","age":14},"phone":"(472)-958-2613","cell":"(478)-230-8444","id":{"name":"","value":null},"picture":{"large":"https://randomuser.me/api/portraits/women/59.jpg","medium":"https://randomuser.me/api/portraits/med/women/59.jpg","thumbnail":"https://randomuser.me/api/portraits/thumb/women/59.jpg"},"nat":"TR"}],"info":{"seed":"c33c542561409e01","results":1,"page":1,"version":"1.4"}} 
 </msg>
<msg time="2024-03-21T13:14:05.141102" level="INFO">/opt/hostedtoolcache/Python/3.12.2/x64/lib/python3.12/site-packages/urllib3/connectionpool.py:1103: InsecureRequestWarning: Unverified HTTPS request is being made to host 'randomuser.me'. Adding certificate verification is strongly advised. See: https://urllib3.readthedocs.io/en/latest/advanced-usage.html#tls-warnings
  warnings.warn(</msg>
<msg time="2024-03-21T13:14:05.141216" level="INFO">${response} = &lt;Response [200]&gt;</msg>
<var>${response}</var>
<arg>consultarAPI</arg>
<arg>/api</arg>
<doc>Sends a GET request on a previously created HTTP Session.</doc>
<status status="PASS" start="2024-03-21T13:14:05.054520" elapsed="0.086744"/>
</kw>
<kw name="Set Variable" owner="BuiltIn">
<msg time="2024-03-21T13:14:05.142366" level="INFO">${json_data} = {'results': [{'gender': 'female', 'name': {'title': 'Mrs', 'first': 'Ceylan', 'last': 'Tokgöz'}, 'location': {'street': {'number': 9954, 'name': 'Bağdat Cd'}, 'city': 'Burdur', 'state': 'Ardahan', 'co...</msg>
<var>${json_data}</var>
<arg>${response.json()}</arg>
<doc>Returns the given values which can then be assigned to a variables.</doc>
<status status="PASS" start="2024-03-21T13:14:05.141778" elapsed="0.000619"/>
</kw>
<kw name="Log" owner="BuiltIn">
<msg time="2024-03-21T13:14:05.142865" level="INFO">{'results': [{'gender': 'female', 'name': {'title': 'Mrs', 'first': 'Ceylan', 'last': 'Tokgöz'}, 'location': {'street': {'number': 9954, 'name': 'Bağdat Cd'}, 'city': 'Burdur', 'state': 'Ardahan', 'country': 'Turkey', 'postcode': 51798, 'coordinates': {'latitude': '68.3136', 'longitude': '86.0352'}, 'timezone': {'offset': '+3:00', 'description': 'Baghdad, Riyadh, Moscow, St. Petersburg'}}, 'email': 'ceylan.tokgoz@example.com', 'login': {'uuid': '3c68fd2e-77f2-47c3-b738-948596b3e9d3', 'username': 'lazymeercat360', 'password': 'carlton', 'salt': 'D9iEYn0C', 'md5': '034f0e7cfabaea6131375ed4472338ba', 'sha1': 'ce357b83000d2dfd9ed9c221d6882df659a9a706', 'sha256': '9bfefc7d7f4b6e482a651567b257bbe8a122aa8d85ce1cb9a9fff0f9f957dc96'}, 'dob': {'date': '1975-02-28T23:59:29.456Z', 'age': 49}, 'registered': {'date': '2009-03-26T11:28:01.070Z', 'age': 14}, 'phone': '(472)-958-2613', 'cell': '(478)-230-8444', 'id': {'name': '', 'value': None}, 'picture': {'large': 'https://randomuser.me/api/portraits/women/59.jpg', 'medium': 'https://randomuser.me/api/portraits/med/women/59.jpg', 'thumbnail': 'https://randomuser.me/api/portraits/thumb/women/59.jpg'}, 'nat': 'TR'}], 'info': {'seed': 'c33c542561409e01', 'results': 1, 'page': 1, 'version': '1.4'}}</msg>
<arg>${json_data}</arg>
<doc>Logs the given message with the given level.</doc>
<status status="PASS" start="2024-03-21T13:14:05.142709" elapsed="0.000240"/>
</kw>
<kw name="Should Be String" owner="String">
<arg>${json_data['results'][0]['gender']}</arg>
<doc>Fails if the given ``item`` is not a string.</doc>
<status status="PASS" start="2024-03-21T13:14:05.143253" elapsed="0.000355"/>
</kw>
<kw name="Should Match Regexp" owner="BuiltIn">
<arg>${json_data['results'][0]['email']}</arg>
<arg>^[a-zA-Z0-9._%+-]+@[a-zA-Z0-9.-]+\.[a-zA-Z]{2,}$</arg>
<doc>Fails if ``string`` does not match ``pattern`` as a regular expression.</doc>
<status status="PASS" start="2024-03-21T13:14:05.143801" elapsed="0.000503"/>
</kw>
<kw name="Should Match Regexp" owner="BuiltIn">
<arg>${json_data['results'][0]['dob']['date']}</arg>
<arg>\\d{4}-\\d{2}-\\d{2}T\\d{2}:\\d{2}:\\d{2}\\.\\d{3}Z</arg>
<doc>Fails if ``string`` does not match ``pattern`` as a regular expression.</doc>
<status status="PASS" start="2024-03-21T13:14:05.144502" elapsed="0.000486"/>
</kw>
<kw name="Should Match Regexp" owner="BuiltIn">
<arg>${json_data['results'][0]['registered']['date']}</arg>
<arg>\\d{4}-\\d{2}-\\d{2}T\\d{2}:\\d{2}:\\d{2}\\.\\d{3}Z</arg>
<doc>Fails if ``string`` does not match ``pattern`` as a regular expression.</doc>
<status status="PASS" start="2024-03-21T13:14:05.145222" elapsed="0.000370"/>
</kw>
<kw name="Should Match Regexp" owner="BuiltIn">
<arg>${json_data['results'][0]['picture']['large']}</arg>
<arg>^https?://.*\.(?:png|jpe?g|gif|bmp)$</arg>
<doc>Fails if ``string`` does not match ``pattern`` as a regular expression.</doc>
<status status="PASS" start="2024-03-21T13:14:05.145790" elapsed="0.000459"/>
</kw>
<kw name="Should Match Regexp" owner="BuiltIn">
<arg>${json_data['results'][0]['picture']['medium']}</arg>
<arg>^https?://.*\.(?:png|jpe?g|gif|bmp)$</arg>
<doc>Fails if ``string`` does not match ``pattern`` as a regular expression.</doc>
<status status="PASS" start="2024-03-21T13:14:05.146438" elapsed="0.000358"/>
</kw>
<kw name="Should Match Regexp" owner="BuiltIn">
<arg>${json_data['results'][0]['picture']['thumbnail']}</arg>
<arg>^https?://.*\.(?:png|jpe?g|gif|bmp)$</arg>
<doc>Fails if ``string`` does not match ``pattern`` as a regular expression.</doc>
<status status="PASS" start="2024-03-21T13:14:05.146981" elapsed="0.000358"/>
</kw>
<kw name="Log" owner="BuiltIn">
<msg time="2024-03-21T13:14:05.147855" level="INFO">{'large': 'https://randomuser.me/api/portraits/women/59.jpg', 'medium': 'https://randomuser.me/api/portraits/med/women/59.jpg', 'thumbnail': 'https://randomuser.me/api/portraits/thumb/women/59.jpg'}</msg>
<arg>${json_data['results'][0]['picture']}</arg>
<doc>Logs the given message with the given level.</doc>
<status status="PASS" start="2024-03-21T13:14:05.147517" elapsed="0.000380"/>
</kw>
<status status="PASS" start="2024-03-21T13:14:05.054297" elapsed="0.093854"/>
</kw>
<kw name="Teste de Tipos de Dados - Postcode" owner="random-user-service">
<kw name="GET On Session" owner="RequestsLibrary">
<msg time="2024-03-21T13:14:05.249715" level="INFO">GET Request : url=https://randomuser.me/api 
 path_url=/api 
 headers={'User-Agent': 'python-requests/2.31.0', 'Accept-Encoding': 'gzip, deflate', 'Accept': '*/*', 'Connection': 'keep-alive'} 
 body=None 
 </msg>
<msg time="2024-03-21T13:14:05.249779" level="INFO">GET Response : url=https://randomuser.me/api 
 status=200, reason=OK 
 headers={'Date': 'Thu, 21 Mar 2024 13:14:05 GMT', 'Content-Type': 'application/json; charset=utf-8', 'Transfer-Encoding': 'chunked', 'Connection': 'keep-alive', 'X-Powered-By': 'Express', 'Access-Control-Allow-Origin': '*', 'Cache-Control': 'no-cache', 'ETag': 'W/"487-xTH9L1GUe6NhV+PdNGtPXQ5Ln+U"', 'Vary': 'Accept-Encoding', 'Content-Encoding': 'gzip', 'CF-Cache-Status': 'DYNAMIC', 'Report-To': '{"endpoints":[{"url":"https:\\/\\/a.nel.cloudflare.com\\/report\\/v4?s=BadtCNknXaijcprXmP02IVZ1JGUD0gqIGfx6lONslbI2QevwZ%2FR%2BZjOUHt5CXL4xvjpygMMz2bPi8x8E%2F%2Fviwivc%2Blpe0INz5JnLIcQXcuFVvamMc%2FQShxcvI6rL8Wyw"}],"group":"cf-nel","max_age":604800}', 'NEL': '{"success_fraction":0,"report_to":"cf-nel","max_age":604800}', 'Server': 'cloudflare', 'CF-RAY': '867e33f62b9e17b8-IAD', 'alt-svc': 'h3=":443"; ma=86400'} 
 body={"results":[{"gender":"male","name":{"title":"Mr","first":"Luis","last":"Vidal"},"location":{"street":{"number":7482,"name":"Paseo de Extremadura"},"city":"Córdoba","state":"Cantabria","country":"Spain","postcode":16028,"coordinates":{"latitude":"-35.3628","longitude":"-144.1866"},"timezone":{"offset":"-3:00","description":"Brazil, Buenos Aires, Georgetown"}},"email":"luis.vidal@example.com","login":{"uuid":"bf5be331-e249-48fa-980a-be82fcad29af","username":"angrymouse721","password":"kayla","salt":"4kpLI0NL","md5":"88f33676c91318452102caafd7822671","sha1":"09d5a458b70c12f13df8c360c7adf4d3010c2ee8","sha256":"cb438036d1b8994f0149d2e1fdb6211e10f3ec8e067dd47efbbdab6e35abb844"},"dob":{"date":"1996-08-01T20:17:59.220Z","age":27},"registered":{"date":"2012-11-07T17:48:39.666Z","age":11},"phone":"998-681-569","cell":"666-778-961","id":{"name":"DNI","value":"69362109-C"},"picture":{"large":"https://randomuser.me/api/portraits/men/17.jpg","medium":"https://randomuser.me/api/portraits/med/men/17.jpg","thumbnail":"https://randomuser.me/api/portraits/thumb/men/17.jpg"},"nat":"ES"}],"info":{"seed":"c4efa36002b83002","results":1,"page":1,"version":"1.4"}} 
 </msg>
<msg time="2024-03-21T13:14:05.249847" level="INFO">/opt/hostedtoolcache/Python/3.12.2/x64/lib/python3.12/site-packages/urllib3/connectionpool.py:1103: InsecureRequestWarning: Unverified HTTPS request is being made to host 'randomuser.me'. Adding certificate verification is strongly advised. See: https://urllib3.readthedocs.io/en/latest/advanced-usage.html#tls-warnings
  warnings.warn(</msg>
<msg time="2024-03-21T13:14:05.249936" level="INFO">${response} = &lt;Response [200]&gt;</msg>
<var>${response}</var>
<arg>consultarAPI</arg>
<arg>/api</arg>
<doc>Sends a GET request on a previously created HTTP Session.</doc>
<status status="PASS" start="2024-03-21T13:14:05.148587" elapsed="0.101388"/>
</kw>
<kw name="Set Variable" owner="BuiltIn">
<msg time="2024-03-21T13:14:05.251026" level="INFO">${json_data} = {'results': [{'gender': 'male', 'name': {'title': 'Mr', 'first': 'Luis', 'last': 'Vidal'}, 'location': {'street': {'number': 7482, 'name': 'Paseo de Extremadura'}, 'city': 'Córdoba', 'state': 'Cantabr...</msg>
<var>${json_data}</var>
<arg>${response.json()}</arg>
<doc>Returns the given values which can then be assigned to a variables.</doc>
<status status="PASS" start="2024-03-21T13:14:05.250449" elapsed="0.000606"/>
</kw>
<kw name="Log" owner="BuiltIn">
<msg time="2024-03-21T13:14:05.251516" level="INFO">{'results': [{'gender': 'male', 'name': {'title': 'Mr', 'first': 'Luis', 'last': 'Vidal'}, 'location': {'street': {'number': 7482, 'name': 'Paseo de Extremadura'}, 'city': 'Córdoba', 'state': 'Cantabria', 'country': 'Spain', 'postcode': 16028, 'coordinates': {'latitude': '-35.3628', 'longitude': '-144.1866'}, 'timezone': {'offset': '-3:00', 'description': 'Brazil, Buenos Aires, Georgetown'}}, 'email': 'luis.vidal@example.com', 'login': {'uuid': 'bf5be331-e249-48fa-980a-be82fcad29af', 'username': 'angrymouse721', 'password': 'kayla', 'salt': '4kpLI0NL', 'md5': '88f33676c91318452102caafd7822671', 'sha1': '09d5a458b70c12f13df8c360c7adf4d3010c2ee8', 'sha256': 'cb438036d1b8994f0149d2e1fdb6211e10f3ec8e067dd47efbbdab6e35abb844'}, 'dob': {'date': '1996-08-01T20:17:59.220Z', 'age': 27}, 'registered': {'date': '2012-11-07T17:48:39.666Z', 'age': 11}, 'phone': '998-681-569', 'cell': '666-778-961', 'id': {'name': 'DNI', 'value': '69362109-C'}, 'picture': {'large': 'https://randomuser.me/api/portraits/men/17.jpg', 'medium': 'https://randomuser.me/api/portraits/med/men/17.jpg', 'thumbnail': 'https://randomuser.me/api/portraits/thumb/men/17.jpg'}, 'nat': 'ES'}], 'info': {'seed': 'c4efa36002b83002', 'results': 1, 'page': 1, 'version': '1.4'}}</msg>
<arg>${json_data}</arg>
<doc>Logs the given message with the given level.</doc>
<status status="PASS" start="2024-03-21T13:14:05.251361" elapsed="0.000234"/>
</kw>
<kw name="Should Be Equal As Numbers" owner="BuiltIn">
<arg>${json_data['results'][0]['location']['postcode']}</arg>
<arg>${json_data['results'][0]['location']['postcode']}</arg>
<doc>Fails if objects are unequal after converting them to real numbers.</doc>
<status status="PASS" start="2024-03-21T13:14:05.251900" elapsed="0.000632"/>
</kw>
<kw name="Log" owner="BuiltIn">
<msg time="2024-03-21T13:14:05.253066" level="INFO">16028</msg>
<arg>${json_data['results'][0]['location']['postcode']}</arg>
<doc>Logs the given message with the given level.</doc>
<status status="PASS" start="2024-03-21T13:14:05.252726" elapsed="0.000419"/>
</kw>
<status status="PASS" start="2024-03-21T13:14:05.148366" elapsed="0.105048"/>
</kw>
<doc>Testa se os tipos de dados na resposta da API estão corretos.</doc>
<tag>testeTiposDados</tag>
<status status="PASS" start="2024-03-21T13:14:05.053778" elapsed="0.199800"/>
</test>
<test id="s1-s1-t5" name="Validar conteudo" line="35">
<kw name="Teste de Tipos de Conteudo" owner="random-user-service">
<kw name="GET On Session" owner="RequestsLibrary">
<msg time="2024-03-21T13:14:05.346422" level="INFO">GET Request : url=https://randomuser.me/api 
 path_url=/api 
 headers={'User-Agent': 'python-requests/2.31.0', 'Accept-Encoding': 'gzip, deflate', 'Accept': '*/*', 'Connection': 'keep-alive'} 
 body=None 
 </msg>
<msg time="2024-03-21T13:14:05.346506" level="INFO">GET Response : url=https://randomuser.me/api 
 status=200, reason=OK 
 headers={'Date': 'Thu, 21 Mar 2024 13:14:05 GMT', 'Content-Type': 'application/json; charset=utf-8', 'Transfer-Encoding': 'chunked', 'Connection': 'keep-alive', 'X-Powered-By': 'Express', 'Access-Control-Allow-Origin': '*', 'Cache-Control': 'no-cache', 'ETag': 'W/"4a7-kuKgWNzDpzco/LKDe6F3NFo4KVw"', 'Vary': 'Accept-Encoding', 'Content-Encoding': 'gzip', 'CF-Cache-Status': 'DYNAMIC', 'Report-To': '{"endpoints":[{"url":"https:\\/\\/a.nel.cloudflare.com\\/report\\/v4?s=oljqtdAWHnVCSOalkU%2F7o0NGJR51GI0MkiAJDz9ZKArMiY9zSxeePmBAJEVEr%2BB8Pd9sDRT2UqSbl6SX6OoGEk%2F1%2BUM49E%2F6wmXM11SajRy4roy9v2KqUELBC17sMnVO"}],"group":"cf-nel","max_age":604800}', 'NEL': '{"success_fraction":0,"report_to":"cf-nel","max_age":604800}', 'Server': 'cloudflare', 'CF-RAY': '867e33f6dc4e17b8-IAD', 'alt-svc': 'h3=":443"; ma=86400'} 
 body={"results":[{"gender":"female","name":{"title":"Miss","first":"آیلین","last":"حسینی"},"location":{"street":{"number":5824,"name":"شهید محمد منتظری"},"city":"بوشهر","state":"آذربایجان شرقی","country":"Iran","postcode":31842,"coordinates":{"latitude":"13.0617","longitude":"176.0025"},"timezone":{"offset":"+6:00","description":"Almaty, Dhaka, Colombo"}},"email":"aylyn.hsyny@example.com","login":{"uuid":"110c9740-3318-4122-b00e-109f5f76b381","username":"tinybutterfly136","password":"3434","salt":"nfFhji7a","md5":"f19b3c386590eb1dfa07342e12f60893","sha1":"35b1fb53639f42c4911d8c003b2850a84410a744","sha256":"426f4d56cad7b3ebfc02814204dbbb38a4c4c3baff1bcf3cb802e5ac8304854d"},"dob":{"date":"1979-02-08T15:12:58.987Z","age":45},"registered":{"date":"2022-02-13T17:07:14.918Z","age":2},"phone":"094-36250866","cell":"0947-676-3169","id":{"name":"","value":null},"picture":{"large":"https://randomuser.me/api/portraits/women/35.jpg","medium":"https://randomuser.me/api/portraits/med/women/35.jpg","thumbnail":"https://randomuser.me/api/portraits/thumb/women/35.jpg"},"nat":"IR"}],"info":{"seed":"ca7465dbc6e81c54","results":1,"page":1,"version":"1.4"}} 
 </msg>
<msg time="2024-03-21T13:14:05.346578" level="INFO">/opt/hostedtoolcache/Python/3.12.2/x64/lib/python3.12/site-packages/urllib3/connectionpool.py:1103: InsecureRequestWarning: Unverified HTTPS request is being made to host 'randomuser.me'. Adding certificate verification is strongly advised. See: https://urllib3.readthedocs.io/en/latest/advanced-usage.html#tls-warnings
  warnings.warn(</msg>
<msg time="2024-03-21T13:14:05.346695" level="INFO">${response} = &lt;Response [200]&gt;</msg>
<var>${response}</var>
<arg>consultarAPI</arg>
<arg>/api</arg>
<doc>Sends a GET request on a previously created HTTP Session.</doc>
<status status="PASS" start="2024-03-21T13:14:05.256050" elapsed="0.090699"/>
</kw>
<kw name="Set Variable" owner="BuiltIn">
<msg time="2024-03-21T13:14:05.347808" level="INFO">${json_data} = {'results': [{'gender': 'female', 'name': {'title': 'Miss', 'first': 'آیلین', 'last': 'حسینی'}, 'location': {'street': {'number': 5824, 'name': 'شهید محمد منتظری'}, 'city': 'بوشهر', 'state': 'آذربایجا...</msg>
<var>${json_data}</var>
<arg>${response.json()}</arg>
<doc>Returns the given values which can then be assigned to a variables.</doc>
<status status="PASS" start="2024-03-21T13:14:05.347252" elapsed="0.000594"/>
</kw>
<kw name="Set Variable" owner="BuiltIn">
<msg time="2024-03-21T13:14:05.348542" level="INFO">${name_title} = Miss</msg>
<var>${name_title}</var>
<arg>${json_data["results"][0]["name"]["title"]}</arg>
<doc>Returns the given values which can then be assigned to a variables.</doc>
<status status="PASS" start="2024-03-21T13:14:05.348158" elapsed="0.000410"/>
</kw>
<kw name="Create List" owner="BuiltIn">
<msg time="2024-03-21T13:14:05.349013" level="INFO">${allowed_titles} = ['Mr', 'Ms', 'Miss', 'Mrs', 'Madame', 'Monsieur']</msg>
<var>${allowed_titles}</var>
<arg>Mr</arg>
<arg>Ms</arg>
<arg>Miss</arg>
<arg>Mrs</arg>
<arg>Madame</arg>
<arg>Monsieur</arg>
<doc>Returns a list containing given items.</doc>
<status status="PASS" start="2024-03-21T13:14:05.348865" elapsed="0.000173"/>
</kw>
<kw name="List Should Contain Value" owner="Collections">
<msg time="2024-03-21T13:14:05.349559" level="INFO">False</msg>
<arg>${allowed_titles}</arg>
<arg>${name_title}</arg>
<doc>Fails if the ``value`` is not found from ``list``.</doc>
<status status="PASS" start="2024-03-21T13:14:05.349386" elapsed="0.000210"/>
</kw>
<kw name="Set Variable" owner="BuiltIn">
<msg time="2024-03-21T13:14:05.350317" level="INFO">${name_country} = IR</msg>
<var>${name_country}</var>
<arg>${json_data["results"][0]["nat"]}</arg>
<doc>Returns the given values which can then be assigned to a variables.</doc>
<status status="PASS" start="2024-03-21T13:14:05.349931" elapsed="0.000411"/>
</kw>
<kw name="Create List" owner="BuiltIn">
<msg time="2024-03-21T13:14:05.351247" level="INFO">${list_country} = ['AD', 'AE', 'AF', 'AG', 'AI', 'AL', 'AM', 'AO', 'AQ', 'AR', 'AS', 'AT', 'AU', 'AW', 'AX', 'AZ', 'BA', 'BB', 'BD', 'BE', 'BF', 'BG', 'BH', 'BI', 'BJ', 'BL', 'BM', 'BN', 'BO', 'BQ', 'BR', 'BS', 'BT', '...</msg>
<var>${list_country}</var>
<arg>AD</arg>
<arg>AE</arg>
<arg>AF</arg>
<arg>AG</arg>
<arg>AI</arg>
<arg>AL</arg>
<arg>AM</arg>
<arg>AO</arg>
<arg>AQ</arg>
<arg>AR</arg>
<arg>AS</arg>
<arg>AT</arg>
<arg>AU</arg>
<arg>AW</arg>
<arg>AX</arg>
<arg>AZ</arg>
<arg>BA</arg>
<arg>BB</arg>
<arg>BD</arg>
<arg>BE</arg>
<arg>BF</arg>
<arg>BG</arg>
<arg>BH</arg>
<arg>BI</arg>
<arg>BJ</arg>
<arg>BL</arg>
<arg>BM</arg>
<arg>BN</arg>
<arg>BO</arg>
<arg>BQ</arg>
<arg>BR</arg>
<arg>BS</arg>
<arg>BT</arg>
<arg>BV</arg>
<arg>BW</arg>
<arg>BY</arg>
<arg>BZ</arg>
<arg>CA</arg>
<arg>CC</arg>
<arg>CD</arg>
<arg>CF</arg>
<arg>CG</arg>
<arg>CH</arg>
<arg>CI</arg>
<arg>CK</arg>
<arg>CL</arg>
<arg>CM</arg>
<arg>CN</arg>
<arg>CO</arg>
<arg>CR</arg>
<arg>CU</arg>
<arg>CV</arg>
<arg>CW</arg>
<arg>CX</arg>
<arg>CY</arg>
<arg>CZ</arg>
<arg>DE</arg>
<arg>DJ</arg>
<arg>DK</arg>
<arg>DM</arg>
<arg>DO</arg>
<arg>DZ</arg>
<arg>EC</arg>
<arg>EE</arg>
<arg>EG</arg>
<arg>EH</arg>
<arg>ER</arg>
<arg>ES</arg>
<arg>ET</arg>
<arg>FI</arg>
<arg>FJ</arg>
<arg>FK</arg>
<arg>FM</arg>
<arg>FO</arg>
<arg>FR</arg>
<arg>GA</arg>
<arg>GB</arg>
<arg>GD</arg>
<arg>GE</arg>
<arg>GF</arg>
<arg>GG</arg>
<arg>GH</arg>
<arg>GI</arg>
<arg>GL</arg>
<arg>GM</arg>
<arg>GN</arg>
<arg>GP</arg>
<arg>GQ</arg>
<arg>GR</arg>
<arg>GS</arg>
<arg>GT</arg>
<arg>GU</arg>
<arg>GW</arg>
<arg>GY</arg>
<arg>HK</arg>
<arg>HM</arg>
<arg>HN</arg>
<arg>HR</arg>
<arg>HT</arg>
<arg>HU</arg>
<arg>ID</arg>
<arg>IE</arg>
<arg>IL</arg>
<arg>IM</arg>
<arg>IN</arg>
<arg>IO</arg>
<arg>IQ</arg>
<arg>IR</arg>
<arg>IS</arg>
<arg>IT</arg>
<arg>JE</arg>
<arg>JM</arg>
<arg>JO</arg>
<arg>JP</arg>
<arg>KE</arg>
<arg>KG</arg>
<arg>KH</arg>
<arg>KI</arg>
<arg>KM</arg>
<arg>KN</arg>
<arg>KP</arg>
<arg>KR</arg>
<arg>KW</arg>
<arg>KY</arg>
<arg>KZ</arg>
<arg>LA</arg>
<arg>LB</arg>
<arg>LC</arg>
<arg>LI</arg>
<arg>LK</arg>
<arg>LR</arg>
<arg>LS</arg>
<arg>LT</arg>
<arg>LU</arg>
<arg>LV</arg>
<arg>LY</arg>
<arg>MA</arg>
<arg>MC</arg>
<arg>MD</arg>
<arg>ME</arg>
<arg>MF</arg>
<arg>MG</arg>
<arg>MH</arg>
<arg>MK</arg>
<arg>ML</arg>
<arg>MM</arg>
<arg>MN</arg>
<arg>MO</arg>
<arg>MP</arg>
<arg>MQ</arg>
<arg>MR</arg>
<arg>MS</arg>
<arg>MT</arg>
<arg>MU</arg>
<arg>MV</arg>
<arg>MW</arg>
<arg>MX</arg>
<arg>MY</arg>
<arg>MZ</arg>
<arg>NA</arg>
<arg>NC</arg>
<arg>NE</arg>
<arg>NF</arg>
<arg>NG</arg>
<arg>NI</arg>
<arg>NL</arg>
<arg>NO</arg>
<arg>NP</arg>
<arg>NR</arg>
<arg>NU</arg>
<arg>NZ</arg>
<arg>OM</arg>
<arg>PA</arg>
<arg>PE</arg>
<arg>PF</arg>
<arg>PG</arg>
<arg>PH</arg>
<arg>PK</arg>
<arg>PL</arg>
<arg>PM</arg>
<arg>PN</arg>
<arg>PR</arg>
<arg>PS</arg>
<arg>PT</arg>
<arg>PW</arg>
<arg>PY</arg>
<arg>QA</arg>
<arg>RE</arg>
<arg>RO</arg>
<arg>RS</arg>
<arg>RU</arg>
<arg>RW</arg>
<arg>SA</arg>
<arg>SB</arg>
<arg>SC</arg>
<arg>SD</arg>
<arg>SE</arg>
<arg>SG</arg>
<arg>SH</arg>
<arg>SI</arg>
<arg>SJ</arg>
<arg>SK</arg>
<arg>SL</arg>
<arg>SM</arg>
<arg>SN</arg>
<arg>SO</arg>
<arg>SR</arg>
<arg>SS</arg>
<arg>ST</arg>
<arg>SV</arg>
<arg>SX</arg>
<arg>SY</arg>
<arg>SZ</arg>
<arg>TC</arg>
<arg>TD</arg>
<arg>TF</arg>
<arg>TG</arg>
<arg>TH</arg>
<arg>TJ</arg>
<arg>TK</arg>
<arg>TL</arg>
<arg>TM</arg>
<arg>TN</arg>
<arg>TO</arg>
<arg>TR</arg>
<arg>TT</arg>
<arg>TV</arg>
<arg>TW</arg>
<arg>TZ</arg>
<arg>UA</arg>
<arg>UG</arg>
<arg>UM</arg>
<arg>US</arg>
<arg>UY</arg>
<arg>UZ</arg>
<arg>VA</arg>
<arg>VC</arg>
<arg>VE</arg>
<arg>VG</arg>
<arg>VI</arg>
<arg>VN</arg>
<arg>VU</arg>
<arg>WF</arg>
<arg>WS</arg>
<arg>XK</arg>
<arg>YE</arg>
<arg>YT</arg>
<arg>ZA</arg>
<arg>ZM</arg>
<arg>ZW</arg>
<doc>Returns a list containing given items.</doc>
<status status="PASS" start="2024-03-21T13:14:05.350644" elapsed="0.000628"/>
</kw>
<kw name="List Should Contain Value" owner="Collections">
<msg time="2024-03-21T13:14:05.352254" level="INFO">False</msg>
<arg>${list_country}</arg>
<arg>${name_country}</arg>
<doc>Fails if the ``value`` is not found from ``list``.</doc>
<status status="PASS" start="2024-03-21T13:14:05.352055" elapsed="0.000236"/>
</kw>
<kw name="Run Keyword If" owner="BuiltIn">
<kw name="Should Be True" owner="BuiltIn">
<arg>${True}</arg>
<doc>Fails if the given condition is not true.</doc>
<status status="PASS" start="2024-03-21T13:14:05.353519" elapsed="0.000146"/>
</kw>
<arg>${json_data["results"][0]["location"]["coordinates"]["latitude"]} &gt;= -90 and ${json_data["results"][0]["location"]["coordinates"]["latitude"]} &lt;= 90</arg>
<arg>Should Be True</arg>
<arg>${True}</arg>
<doc>Runs the given keyword with the given arguments, if ``condition`` is true.</doc>
<status status="PASS" start="2024-03-21T13:14:05.352603" elapsed="0.001190"/>
</kw>
<kw name="Run Keyword If" owner="BuiltIn">
<kw name="Should Be True" owner="BuiltIn">
<arg>${True}</arg>
<doc>Fails if the given condition is not true.</doc>
<status status="PASS" start="2024-03-21T13:14:05.354688" elapsed="0.000139"/>
</kw>
<arg>${json_data["results"][0]["location"]["coordinates"]["longitude"]} &gt;= -180 and ${json_data["results"][0]["location"]["coordinates"]["longitude"]} &lt;= 180</arg>
<arg>Should Be True</arg>
<arg>${True}</arg>
<doc>Runs the given keyword with the given arguments, if ``condition`` is true.</doc>
<status status="PASS" start="2024-03-21T13:14:05.353992" elapsed="0.000959"/>
</kw>
<status status="PASS" start="2024-03-21T13:14:05.255832" elapsed="0.099247"/>
</kw>
<doc>Testa o conteúdo específico dos campos retornados pela API.</doc>
<tag>testeConteudo</tag>
<status status="PASS" start="2024-03-21T13:14:05.255319" elapsed="0.099916"/>
</test>
<status status="PASS" start="2024-03-21T13:14:04.531082" elapsed="0.826145"/>
</suite>
<status status="PASS" start="2024-03-21T13:14:04.517517" elapsed="0.845023"/>
</suite>
<statistics>
<total>
<stat pass="5" fail="0" skip="0">All Tests</stat>
</total>
<tag>
<stat pass="1" fail="0" skip="0">testeConteudo</stat>
<stat pass="1" fail="0" skip="0">testeEstruturaResposta</stat>
<stat pass="1" fail="0" skip="0">testeRequisicaoBasica</stat>
<stat pass="1" fail="0" skip="0">testeTiposDados</stat>
</tag>
<suite>
<stat pass="5" fail="0" skip="0" id="s1" name="Tests">Tests</stat>
<stat pass="5" fail="0" skip="0" id="s1-s1" name="Random-User-Test">Tests.Random-User-Test</stat>
</suite>
</statistics>
<errors>
<msg time="2024-03-21T13:14:04.715507" level="WARN">Error in file '/home/runner/work/DesafioQAItauRogerioJordao/DesafioQAItauRogerioJordao/RamdonUser/Services/api-RandomUser/random-user-service.robot' on line 9: Singular section headers like '*** Variable ***' are deprecated. Use plural format like '*** Variables ***' instead.</msg>
<msg time="2024-03-21T13:14:04.839924" level="ERROR">Error in file '/home/runner/work/DesafioQAItauRogerioJordao/DesafioQAItauRogerioJordao/RamdonUser/config/base.robot' on line 8: Library '/home/runner/work/DesafioQAItauRogerioJordao/DesafioQAItauRogerioJordao/services/data/RandomUser.py' does not exist.</msg>
<msg time="2024-03-21T13:14:04.840076" level="ERROR">Error in file '/home/runner/work/DesafioQAItauRogerioJordao/DesafioQAItauRogerioJordao/RamdonUser/config/base.robot' on line 9: Resource file '/home/runner/work/DesafioQAItauRogerioJordao/DesafioQAItauRogerioJordao/services/api-RandomUser/random-user-service.robot' does not exist.</msg>
</errors>
</robot>
