<?xml version="1.0" encoding="UTF-8"?>
<robot generator="Robot 7.0 (Python 3.12.2 on linux)" generated="2024-04-05T17:14:12.142121" rpa="false" schemaversion="5">
<suite id="s1" name="Tests" source="/home/runner/work/DesafioQAItauRogerioJordao/DesafioQAItauRogerioJordao/RamdonUser/tests">
<suite id="s1-s1" name="Random-User-Test" source="/home/runner/work/DesafioQAItauRogerioJordao/DesafioQAItauRogerioJordao/RamdonUser/tests/random-user-test.robot">
<test id="s1-s1-t1" name="Conectar" line="13">
<kw name="Conectar API" owner="random-user-service">
<kw name="Create Session" owner="RequestsLibrary">
<msg time="2024-04-05T17:14:12.471703" level="INFO">Creating Session using : alias=consultarAPI, url=https://randomuser.me/, headers={},                     cookies={}, auth=None, timeout=None, proxies=None, verify=False,                     debug=0 </msg>
<arg>consultarAPI</arg>
<arg>${URL}</arg>
<doc>Create Session: create a HTTP session to a server</doc>
<status status="PASS" start="2024-04-05T17:14:12.471521" elapsed="0.000330"/>
</kw>
<status status="PASS" start="2024-04-05T17:14:12.470586" elapsed="0.001588"/>
</kw>
<status status="PASS" start="2024-04-05T17:14:12.470051" elapsed="0.002312"/>
</test>
<test id="s1-s1-t2" name="Validar retorno 200 e JSON Válido" line="16">
<kw name="Teste de Requisicao Basica" owner="random-user-service">
<kw name="GET On Session" owner="RequestsLibrary">
<msg time="2024-04-05T17:14:12.553425" level="INFO">GET Request : url=https://randomuser.me/api 
 path_url=/api 
 headers={'User-Agent': 'python-requests/2.31.0', 'Accept-Encoding': 'gzip, deflate', 'Accept': '*/*', 'Connection': 'keep-alive'} 
 body=None 
 </msg>
<msg time="2024-04-05T17:14:12.553579" level="INFO">GET Response : url=https://randomuser.me/api 
 status=200, reason=OK 
 headers={'Date': 'Fri, 05 Apr 2024 17:14:12 GMT', 'Content-Type': 'application/json; charset=utf-8', 'Transfer-Encoding': 'chunked', 'Connection': 'keep-alive', 'X-Powered-By': 'Express', 'Access-Control-Allow-Origin': '*', 'Cache-Control': 'no-cache', 'ETag': 'W/"491-yz0mpnOlJbLMKotpPi9PRzwOka0"', 'Vary': 'Accept-Encoding', 'Content-Encoding': 'gzip', 'CF-Cache-Status': 'DYNAMIC', 'Report-To': '{"endpoints":[{"url":"https:\\/\\/a.nel.cloudflare.com\\/report\\/v4?s=MIBSm1EI%2B6NaO5Zg9it%2B5yCZsEC%2F4c8M72IMh9BgExrX2NGfOgaaM40BNsC%2BRF5swoWlr2ZejNntAnrWiBdx5rK1OkAkWPLYrei0drXNzL%2BrKjQ3RzleATB0qmxGQjBz"}],"group":"cf-nel","max_age":604800}', 'NEL': '{"success_fraction":0,"report_to":"cf-nel","max_age":604800}', 'Server': 'cloudflare', 'CF-RAY': '86fb2c542e1d87a1-IAD', 'alt-svc': 'h3=":443"; ma=86400'} 
 body={"results":[{"gender":"male","name":{"title":"Mr","first":"Tvorilad","last":"Zavitnevich"},"location":{"street":{"number":286,"name":"Avtomatna"},"city":"Borshchiv","state":"Luganska","country":"Ukraine","postcode":41385,"coordinates":{"latitude":"75.8282","longitude":"-96.4155"},"timezone":{"offset":"-6:00","description":"Central Time (US &amp; Canada), Mexico City"}},"email":"tvorilad.zavitnevich@example.com","login":{"uuid":"d5300175-a7ac-4410-a508-5c10f14ab74b","username":"angryleopard411","password":"esther","salt":"MEOUted6","md5":"e4d21076460e5cc2de7c907a13f5f134","sha1":"0bfa7807aca9a47947275cd4fb2763f38aabae09","sha256":"64bd67f8c7b52bb2a5f9433d18f6cd495355ae9b751199f1bfa2ba137d5574d4"},"dob":{"date":"1988-08-09T21:11:12.391Z","age":35},"registered":{"date":"2004-05-10T13:55:53.641Z","age":19},"phone":"(099) C26-7427","cell":"(098) J51-2863","id":{"name":"","value":null},"picture":{"large":"https://randomuser.me/api/portraits/men/6.jpg","medium":"https://randomuser.me/api/portraits/med/men/6.jpg","thumbnail":"https://randomuser.me/api/portraits/thumb/men/6.jpg"},"nat":"UA"}],"info":{"seed":"9737094830426ba1","results":1,"page":1,"version":"1.4"}} 
 </msg>
<msg time="2024-04-05T17:14:12.553720" level="INFO">/opt/hostedtoolcache/Python/3.12.2/x64/lib/python3.12/site-packages/urllib3/connectionpool.py:1103: InsecureRequestWarning: Unverified HTTPS request is being made to host 'randomuser.me'. Adding certificate verification is strongly advised. See: https://urllib3.readthedocs.io/en/latest/advanced-usage.html#tls-warnings
  warnings.warn(</msg>
<msg time="2024-04-05T17:14:12.553878" level="INFO">${response} = &lt;Response [200]&gt;</msg>
<var>${response}</var>
<arg>consultarAPI</arg>
<arg>/api</arg>
<doc>Sends a GET request on a previously created HTTP Session.</doc>
<status status="PASS" start="2024-04-05T17:14:12.474800" elapsed="0.079120"/>
</kw>
<kw name="Should Be Equal As Numbers" owner="BuiltIn">
<msg time="2024-04-05T17:14:12.554819" level="INFO">Argument types are:
&lt;class 'int'&gt;
&lt;class 'str'&gt;</msg>
<arg>${response.status_code}</arg>
<arg>200</arg>
<doc>Fails if objects are unequal after converting them to real numbers.</doc>
<status status="PASS" start="2024-04-05T17:14:12.554372" elapsed="0.000509"/>
</kw>
<kw name="Log" owner="BuiltIn">
<msg time="2024-04-05T17:14:12.555557" level="INFO">200</msg>
<arg>${response.status_code}</arg>
<doc>Logs the given message with the given level.</doc>
<status status="PASS" start="2024-04-05T17:14:12.555219" elapsed="0.000379"/>
</kw>
<kw name="Set Variable" owner="BuiltIn">
<msg time="2024-04-05T17:14:12.556310" level="INFO">${json_data} = {'results': [{'gender': 'male', 'name': {'title': 'Mr', 'first': 'Tvorilad', 'last': 'Zavitnevich'}, 'location': {'street': {'number': 286, 'name': 'Avtomatna'}, 'city': 'Borshchiv', 'state': 'Lugansk...</msg>
<var>${json_data}</var>
<arg>${response.json()}</arg>
<doc>Returns the given values which can then be assigned to a variables.</doc>
<status status="PASS" start="2024-04-05T17:14:12.555912" elapsed="0.000424"/>
</kw>
<kw name="Dictionary Should Contain Key" owner="Collections">
<msg time="2024-04-05T17:14:12.556763" level="INFO">False</msg>
<arg>${json_data}</arg>
<arg>results</arg>
<doc>Fails if ``key`` is not found from ``dictionary``.</doc>
<status status="PASS" start="2024-04-05T17:14:12.556612" elapsed="0.000188"/>
</kw>
<status status="PASS" start="2024-04-05T17:14:12.474554" elapsed="0.082478"/>
</kw>
<doc>Testa se a API responde corretamente e retorna um objeto JSON válido.</doc>
<tag>testeRequisicaoBasica</tag>
<status status="PASS" start="2024-04-05T17:14:12.474078" elapsed="0.083113"/>
</test>
<test id="s1-s1-t3" name="Validar estrutura de resposta" line="22">
<kw name="Teste de Estrutura de Resposta" owner="random-user-service">
<kw name="GET On Session" owner="RequestsLibrary">
<msg time="2024-04-05T17:14:12.647983" level="INFO">GET Request : url=https://randomuser.me/api 
 path_url=/api 
 headers={'User-Agent': 'python-requests/2.31.0', 'Accept-Encoding': 'gzip, deflate', 'Accept': '*/*', 'Connection': 'keep-alive'} 
 body=None 
 </msg>
<msg time="2024-04-05T17:14:12.648077" level="INFO">GET Response : url=https://randomuser.me/api 
 status=200, reason=OK 
 headers={'Date': 'Fri, 05 Apr 2024 17:14:12 GMT', 'Content-Type': 'application/json; charset=utf-8', 'Transfer-Encoding': 'chunked', 'Connection': 'keep-alive', 'X-Powered-By': 'Express', 'Access-Control-Allow-Origin': '*', 'Cache-Control': 'no-cache', 'ETag': 'W/"489-mKCYutJtB/KN8Fx/0GkX1sYdXXg"', 'Vary': 'Accept-Encoding', 'Content-Encoding': 'gzip', 'CF-Cache-Status': 'DYNAMIC', 'Report-To': '{"endpoints":[{"url":"https:\\/\\/a.nel.cloudflare.com\\/report\\/v4?s=8sPuTpcbAfS1nKUzmvmqTvhxhbdmRcpcHNH%2BUieBcYV37slU7%2FS2C9K%2FkqsqJrEsjHO7yp9yQXU19TYWzPpltx%2F1W5zMjGOw39%2BbsWd7yZE3KXEIwtjYVlV2V9Rff%2F5f"}],"group":"cf-nel","max_age":604800}', 'NEL': '{"success_fraction":0,"report_to":"cf-nel","max_age":604800}', 'Server': 'cloudflare', 'CF-RAY': '86fb2c548ebc87a1-IAD', 'alt-svc': 'h3=":443"; ma=86400'} 
 body={"results":[{"gender":"male","name":{"title":"Mr","first":"Pahal","last":"Saniel"},"location":{"street":{"number":1006,"name":"Hazratganj"},"city":"Indore","state":"Daman and Diu","country":"India","postcode":24265,"coordinates":{"latitude":"9.4140","longitude":"-3.0109"},"timezone":{"offset":"-3:00","description":"Brazil, Buenos Aires, Georgetown"}},"email":"pahal.saniel@example.com","login":{"uuid":"ac515632-18d7-4a42-be1a-414a81b7f028","username":"beautifulostrich328","password":"tigger2","salt":"eI2DPqlU","md5":"943f7c249c93427c528d8f2d693ca3b7","sha1":"56908308b59ad5a7727030afcf13cd2f3ef23b3b","sha256":"49a5874eea40cfa18bdd358187853433e4b870e247189441bd57e7bd2af4352b"},"dob":{"date":"1949-04-03T00:32:49.845Z","age":75},"registered":{"date":"2007-10-09T10:56:56.608Z","age":16},"phone":"8174901593","cell":"7448228244","id":{"name":"UIDAI","value":"442950972690"},"picture":{"large":"https://randomuser.me/api/portraits/men/66.jpg","medium":"https://randomuser.me/api/portraits/med/men/66.jpg","thumbnail":"https://randomuser.me/api/portraits/thumb/men/66.jpg"},"nat":"IN"}],"info":{"seed":"8ee5611c149e248c","results":1,"page":1,"version":"1.4"}} 
 </msg>
<msg time="2024-04-05T17:14:12.648190" level="INFO">/opt/hostedtoolcache/Python/3.12.2/x64/lib/python3.12/site-packages/urllib3/connectionpool.py:1103: InsecureRequestWarning: Unverified HTTPS request is being made to host 'randomuser.me'. Adding certificate verification is strongly advised. See: https://urllib3.readthedocs.io/en/latest/advanced-usage.html#tls-warnings
  warnings.warn(</msg>
<msg time="2024-04-05T17:14:12.648305" level="INFO">${response} = &lt;Response [200]&gt;</msg>
<var>${response}</var>
<arg>consultarAPI</arg>
<arg>/api</arg>
<doc>Sends a GET request on a previously created HTTP Session.</doc>
<status status="PASS" start="2024-04-05T17:14:12.559721" elapsed="0.088632"/>
</kw>
<kw name="Set Variable" owner="BuiltIn">
<msg time="2024-04-05T17:14:12.649341" level="INFO">${json_data} = {'results': [{'gender': 'male', 'name': {'title': 'Mr', 'first': 'Pahal', 'last': 'Saniel'}, 'location': {'street': {'number': 1006, 'name': 'Hazratganj'}, 'city': 'Indore', 'state': 'Daman and Diu', ...</msg>
<var>${json_data}</var>
<arg>${response.json()}</arg>
<doc>Returns the given values which can then be assigned to a variables.</doc>
<status status="PASS" start="2024-04-05T17:14:12.648826" elapsed="0.000542"/>
</kw>
<kw name="Log" owner="BuiltIn">
<msg time="2024-04-05T17:14:12.649806" level="INFO">{'results': [{'gender': 'male', 'name': {'title': 'Mr', 'first': 'Pahal', 'last': 'Saniel'}, 'location': {'street': {'number': 1006, 'name': 'Hazratganj'}, 'city': 'Indore', 'state': 'Daman and Diu', 'country': 'India', 'postcode': 24265, 'coordinates': {'latitude': '9.4140', 'longitude': '-3.0109'}, 'timezone': {'offset': '-3:00', 'description': 'Brazil, Buenos Aires, Georgetown'}}, 'email': 'pahal.saniel@example.com', 'login': {'uuid': 'ac515632-18d7-4a42-be1a-414a81b7f028', 'username': 'beautifulostrich328', 'password': 'tigger2', 'salt': 'eI2DPqlU', 'md5': '943f7c249c93427c528d8f2d693ca3b7', 'sha1': '56908308b59ad5a7727030afcf13cd2f3ef23b3b', 'sha256': '49a5874eea40cfa18bdd358187853433e4b870e247189441bd57e7bd2af4352b'}, 'dob': {'date': '1949-04-03T00:32:49.845Z', 'age': 75}, 'registered': {'date': '2007-10-09T10:56:56.608Z', 'age': 16}, 'phone': '8174901593', 'cell': '7448228244', 'id': {'name': 'UIDAI', 'value': '442950972690'}, 'picture': {'large': 'https://randomuser.me/api/portraits/men/66.jpg', 'medium': 'https://randomuser.me/api/portraits/med/men/66.jpg', 'thumbnail': 'https://randomuser.me/api/portraits/thumb/men/66.jpg'}, 'nat': 'IN'}], 'info': {'seed': '8ee5611c149e248c', 'results': 1, 'page': 1, 'version': '1.4'}}</msg>
<arg>${json_data}</arg>
<doc>Logs the given message with the given level.</doc>
<status status="PASS" start="2024-04-05T17:14:12.649659" elapsed="0.000191"/>
</kw>
<kw name="Dictionary Should Contain Key" owner="Collections">
<msg time="2024-04-05T17:14:12.650263" level="INFO">False</msg>
<arg>${json_data}</arg>
<arg>results</arg>
<doc>Fails if ``key`` is not found from ``dictionary``.</doc>
<status status="PASS" start="2024-04-05T17:14:12.650124" elapsed="0.000175"/>
</kw>
<kw name="Should Not Be Empty" owner="BuiltIn">
<msg time="2024-04-05T17:14:12.650692" level="INFO">Length is 2.</msg>
<arg>${json_data}</arg>
<doc>Verifies that the given item is not empty.</doc>
<status status="PASS" start="2024-04-05T17:14:12.650568" elapsed="0.000161"/>
</kw>
<kw name="Create List" owner="BuiltIn">
<msg time="2024-04-05T17:14:12.651175" level="INFO">${expected_keys} = ['gender', 'name', 'location', 'email', 'login']</msg>
<var>${expected_keys}</var>
<arg>gender</arg>
<arg>name</arg>
<arg>location</arg>
<arg>email</arg>
<arg>login</arg>
<doc>Returns a list containing given items.</doc>
<status status="PASS" start="2024-04-05T17:14:12.651001" elapsed="0.000198"/>
</kw>
<for flavor="IN">
<iter>
<kw name="Dictionary Should Contain Key" owner="Collections">
<msg time="2024-04-05T17:14:12.652098" level="INFO">False</msg>
<arg>${json_data['results'][0]}</arg>
<arg>${key}</arg>
<doc>Fails if ``key`` is not found from ``dictionary``.</doc>
<status status="PASS" start="2024-04-05T17:14:12.651725" elapsed="0.000410"/>
</kw>
<kw name="Log" owner="BuiltIn">
<msg time="2024-04-05T17:14:12.652769" level="INFO">{'gender': 'male', 'name': {'title': 'Mr', 'first': 'Pahal', 'last': 'Saniel'}, 'location': {'street': {'number': 1006, 'name': 'Hazratganj'}, 'city': 'Indore', 'state': 'Daman and Diu', 'country': 'India', 'postcode': 24265, 'coordinates': {'latitude': '9.4140', 'longitude': '-3.0109'}, 'timezone': {'offset': '-3:00', 'description': 'Brazil, Buenos Aires, Georgetown'}}, 'email': 'pahal.saniel@example.com', 'login': {'uuid': 'ac515632-18d7-4a42-be1a-414a81b7f028', 'username': 'beautifulostrich328', 'password': 'tigger2', 'salt': 'eI2DPqlU', 'md5': '943f7c249c93427c528d8f2d693ca3b7', 'sha1': '56908308b59ad5a7727030afcf13cd2f3ef23b3b', 'sha256': '49a5874eea40cfa18bdd358187853433e4b870e247189441bd57e7bd2af4352b'}, 'dob': {'date': '1949-04-03T00:32:49.845Z', 'age': 75}, 'registered': {'date': '2007-10-09T10:56:56.608Z', 'age': 16}, 'phone': '8174901593', 'cell': '7448228244', 'id': {'name': 'UIDAI', 'value': '442950972690'}, 'picture': {'large': 'https://randomuser.me/api/portraits/men/66.jpg', 'medium': 'https://randomuser.me/api/portraits/med/men/66.jpg', 'thumbnail': 'https://randomuser.me/api/portraits/thumb/men/66.jpg'}, 'nat': 'IN'}</msg>
<arg>${json_data['results'][0]}</arg>
<doc>Logs the given message with the given level.</doc>
<status status="PASS" start="2024-04-05T17:14:12.652422" elapsed="0.000392"/>
</kw>
<kw name="Log" owner="BuiltIn">
<msg time="2024-04-05T17:14:12.653211" level="INFO">gender</msg>
<arg>${key}</arg>
<doc>Logs the given message with the given level.</doc>
<status status="PASS" start="2024-04-05T17:14:12.653090" elapsed="0.000157"/>
</kw>
<var name="${key}">gender</var>
<status status="PASS" start="2024-04-05T17:14:12.651612" elapsed="0.001840"/>
</iter>
<iter>
<kw name="Dictionary Should Contain Key" owner="Collections">
<msg time="2024-04-05T17:14:12.654089" level="INFO">False</msg>
<arg>${json_data['results'][0]}</arg>
<arg>${key}</arg>
<doc>Fails if ``key`` is not found from ``dictionary``.</doc>
<status status="PASS" start="2024-04-05T17:14:12.653729" elapsed="0.000395"/>
</kw>
<kw name="Log" owner="BuiltIn">
<msg time="2024-04-05T17:14:12.654765" level="INFO">{'gender': 'male', 'name': {'title': 'Mr', 'first': 'Pahal', 'last': 'Saniel'}, 'location': {'street': {'number': 1006, 'name': 'Hazratganj'}, 'city': 'Indore', 'state': 'Daman and Diu', 'country': 'India', 'postcode': 24265, 'coordinates': {'latitude': '9.4140', 'longitude': '-3.0109'}, 'timezone': {'offset': '-3:00', 'description': 'Brazil, Buenos Aires, Georgetown'}}, 'email': 'pahal.saniel@example.com', 'login': {'uuid': 'ac515632-18d7-4a42-be1a-414a81b7f028', 'username': 'beautifulostrich328', 'password': 'tigger2', 'salt': 'eI2DPqlU', 'md5': '943f7c249c93427c528d8f2d693ca3b7', 'sha1': '56908308b59ad5a7727030afcf13cd2f3ef23b3b', 'sha256': '49a5874eea40cfa18bdd358187853433e4b870e247189441bd57e7bd2af4352b'}, 'dob': {'date': '1949-04-03T00:32:49.845Z', 'age': 75}, 'registered': {'date': '2007-10-09T10:56:56.608Z', 'age': 16}, 'phone': '8174901593', 'cell': '7448228244', 'id': {'name': 'UIDAI', 'value': '442950972690'}, 'picture': {'large': 'https://randomuser.me/api/portraits/men/66.jpg', 'medium': 'https://randomuser.me/api/portraits/med/men/66.jpg', 'thumbnail': 'https://randomuser.me/api/portraits/thumb/men/66.jpg'}, 'nat': 'IN'}</msg>
<arg>${json_data['results'][0]}</arg>
<doc>Logs the given message with the given level.</doc>
<status status="PASS" start="2024-04-05T17:14:12.654428" elapsed="0.000382"/>
</kw>
<kw name="Log" owner="BuiltIn">
<msg time="2024-04-05T17:14:12.655246" level="INFO">name</msg>
<arg>${key}</arg>
<doc>Logs the given message with the given level.</doc>
<status status="PASS" start="2024-04-05T17:14:12.655115" elapsed="0.000167"/>
</kw>
<var name="${key}">name</var>
<status status="PASS" start="2024-04-05T17:14:12.653625" elapsed="0.001865"/>
</iter>
<iter>
<kw name="Dictionary Should Contain Key" owner="Collections">
<msg time="2024-04-05T17:14:12.656117" level="INFO">False</msg>
<arg>${json_data['results'][0]}</arg>
<arg>${key}</arg>
<doc>Fails if ``key`` is not found from ``dictionary``.</doc>
<status status="PASS" start="2024-04-05T17:14:12.655759" elapsed="0.000394"/>
</kw>
<kw name="Log" owner="BuiltIn">
<msg time="2024-04-05T17:14:12.656764" level="INFO">{'gender': 'male', 'name': {'title': 'Mr', 'first': 'Pahal', 'last': 'Saniel'}, 'location': {'street': {'number': 1006, 'name': 'Hazratganj'}, 'city': 'Indore', 'state': 'Daman and Diu', 'country': 'India', 'postcode': 24265, 'coordinates': {'latitude': '9.4140', 'longitude': '-3.0109'}, 'timezone': {'offset': '-3:00', 'description': 'Brazil, Buenos Aires, Georgetown'}}, 'email': 'pahal.saniel@example.com', 'login': {'uuid': 'ac515632-18d7-4a42-be1a-414a81b7f028', 'username': 'beautifulostrich328', 'password': 'tigger2', 'salt': 'eI2DPqlU', 'md5': '943f7c249c93427c528d8f2d693ca3b7', 'sha1': '56908308b59ad5a7727030afcf13cd2f3ef23b3b', 'sha256': '49a5874eea40cfa18bdd358187853433e4b870e247189441bd57e7bd2af4352b'}, 'dob': {'date': '1949-04-03T00:32:49.845Z', 'age': 75}, 'registered': {'date': '2007-10-09T10:56:56.608Z', 'age': 16}, 'phone': '8174901593', 'cell': '7448228244', 'id': {'name': 'UIDAI', 'value': '442950972690'}, 'picture': {'large': 'https://randomuser.me/api/portraits/men/66.jpg', 'medium': 'https://randomuser.me/api/portraits/med/men/66.jpg', 'thumbnail': 'https://randomuser.me/api/portraits/thumb/men/66.jpg'}, 'nat': 'IN'}</msg>
<arg>${json_data['results'][0]}</arg>
<doc>Logs the given message with the given level.</doc>
<status status="PASS" start="2024-04-05T17:14:12.656433" elapsed="0.000379"/>
</kw>
<kw name="Log" owner="BuiltIn">
<msg time="2024-04-05T17:14:12.657199" level="INFO">location</msg>
<arg>${key}</arg>
<doc>Logs the given message with the given level.</doc>
<status status="PASS" start="2024-04-05T17:14:12.657082" elapsed="0.000152"/>
</kw>
<var name="${key}">location</var>
<status status="PASS" start="2024-04-05T17:14:12.655656" elapsed="0.001778"/>
</iter>
<iter>
<kw name="Dictionary Should Contain Key" owner="Collections">
<msg time="2024-04-05T17:14:12.658043" level="INFO">False</msg>
<arg>${json_data['results'][0]}</arg>
<arg>${key}</arg>
<doc>Fails if ``key`` is not found from ``dictionary``.</doc>
<status status="PASS" start="2024-04-05T17:14:12.657696" elapsed="0.000382"/>
</kw>
<kw name="Log" owner="BuiltIn">
<msg time="2024-04-05T17:14:12.658695" level="INFO">{'gender': 'male', 'name': {'title': 'Mr', 'first': 'Pahal', 'last': 'Saniel'}, 'location': {'street': {'number': 1006, 'name': 'Hazratganj'}, 'city': 'Indore', 'state': 'Daman and Diu', 'country': 'India', 'postcode': 24265, 'coordinates': {'latitude': '9.4140', 'longitude': '-3.0109'}, 'timezone': {'offset': '-3:00', 'description': 'Brazil, Buenos Aires, Georgetown'}}, 'email': 'pahal.saniel@example.com', 'login': {'uuid': 'ac515632-18d7-4a42-be1a-414a81b7f028', 'username': 'beautifulostrich328', 'password': 'tigger2', 'salt': 'eI2DPqlU', 'md5': '943f7c249c93427c528d8f2d693ca3b7', 'sha1': '56908308b59ad5a7727030afcf13cd2f3ef23b3b', 'sha256': '49a5874eea40cfa18bdd358187853433e4b870e247189441bd57e7bd2af4352b'}, 'dob': {'date': '1949-04-03T00:32:49.845Z', 'age': 75}, 'registered': {'date': '2007-10-09T10:56:56.608Z', 'age': 16}, 'phone': '8174901593', 'cell': '7448228244', 'id': {'name': 'UIDAI', 'value': '442950972690'}, 'picture': {'large': 'https://randomuser.me/api/portraits/men/66.jpg', 'medium': 'https://randomuser.me/api/portraits/med/men/66.jpg', 'thumbnail': 'https://randomuser.me/api/portraits/thumb/men/66.jpg'}, 'nat': 'IN'}</msg>
<arg>${json_data['results'][0]}</arg>
<doc>Logs the given message with the given level.</doc>
<status status="PASS" start="2024-04-05T17:14:12.658354" elapsed="0.000385"/>
</kw>
<kw name="Log" owner="BuiltIn">
<msg time="2024-04-05T17:14:12.659163" level="INFO">email</msg>
<arg>${key}</arg>
<doc>Logs the given message with the given level.</doc>
<status status="PASS" start="2024-04-05T17:14:12.659009" elapsed="0.000190"/>
</kw>
<var name="${key}">email</var>
<status status="PASS" start="2024-04-05T17:14:12.657594" elapsed="0.001810"/>
</iter>
<iter>
<kw name="Dictionary Should Contain Key" owner="Collections">
<msg time="2024-04-05T17:14:12.660023" level="INFO">False</msg>
<arg>${json_data['results'][0]}</arg>
<arg>${key}</arg>
<doc>Fails if ``key`` is not found from ``dictionary``.</doc>
<status status="PASS" start="2024-04-05T17:14:12.659668" elapsed="0.000389"/>
</kw>
<kw name="Log" owner="BuiltIn">
<msg time="2024-04-05T17:14:12.660670" level="INFO">{'gender': 'male', 'name': {'title': 'Mr', 'first': 'Pahal', 'last': 'Saniel'}, 'location': {'street': {'number': 1006, 'name': 'Hazratganj'}, 'city': 'Indore', 'state': 'Daman and Diu', 'country': 'India', 'postcode': 24265, 'coordinates': {'latitude': '9.4140', 'longitude': '-3.0109'}, 'timezone': {'offset': '-3:00', 'description': 'Brazil, Buenos Aires, Georgetown'}}, 'email': 'pahal.saniel@example.com', 'login': {'uuid': 'ac515632-18d7-4a42-be1a-414a81b7f028', 'username': 'beautifulostrich328', 'password': 'tigger2', 'salt': 'eI2DPqlU', 'md5': '943f7c249c93427c528d8f2d693ca3b7', 'sha1': '56908308b59ad5a7727030afcf13cd2f3ef23b3b', 'sha256': '49a5874eea40cfa18bdd358187853433e4b870e247189441bd57e7bd2af4352b'}, 'dob': {'date': '1949-04-03T00:32:49.845Z', 'age': 75}, 'registered': {'date': '2007-10-09T10:56:56.608Z', 'age': 16}, 'phone': '8174901593', 'cell': '7448228244', 'id': {'name': 'UIDAI', 'value': '442950972690'}, 'picture': {'large': 'https://randomuser.me/api/portraits/men/66.jpg', 'medium': 'https://randomuser.me/api/portraits/med/men/66.jpg', 'thumbnail': 'https://randomuser.me/api/portraits/thumb/men/66.jpg'}, 'nat': 'IN'}</msg>
<arg>${json_data['results'][0]}</arg>
<doc>Logs the given message with the given level.</doc>
<status status="PASS" start="2024-04-05T17:14:12.660332" elapsed="0.000382"/>
</kw>
<kw name="Log" owner="BuiltIn">
<msg time="2024-04-05T17:14:12.661117" level="INFO">login</msg>
<arg>${key}</arg>
<doc>Logs the given message with the given level.</doc>
<status status="PASS" start="2024-04-05T17:14:12.660996" elapsed="0.000252"/>
</kw>
<var name="${key}">login</var>
<status status="PASS" start="2024-04-05T17:14:12.659564" elapsed="0.001919"/>
</iter>
<var>${key}</var>
<value>@{expected_keys}</value>
<status status="PASS" start="2024-04-05T17:14:12.651448" elapsed="0.010154"/>
</for>
<kw name="Create List" owner="BuiltIn">
<msg time="2024-04-05T17:14:12.661910" level="INFO">${expected_keysTwo} = ['username', 'password']</msg>
<var>${expected_keysTwo}</var>
<arg>username</arg>
<arg>password</arg>
<doc>Returns a list containing given items.</doc>
<status status="PASS" start="2024-04-05T17:14:12.661781" elapsed="0.000150"/>
</kw>
<for flavor="IN">
<iter>
<kw name="Dictionary Should Contain Key" owner="Collections">
<msg time="2024-04-05T17:14:12.662754" level="INFO">False</msg>
<arg>${json_data['results'][0]['login']}</arg>
<arg>${keyTwo}</arg>
<doc>Fails if ``key`` is not found from ``dictionary``.</doc>
<status status="PASS" start="2024-04-05T17:14:12.662396" elapsed="0.000393"/>
</kw>
<kw name="Dictionary Should Contain Key" owner="Collections">
<msg time="2024-04-05T17:14:12.663451" level="INFO">False</msg>
<arg>${json_data['results'][0]['login']}</arg>
<arg>${keyTwo}</arg>
<doc>Fails if ``key`` is not found from ``dictionary``.</doc>
<status status="PASS" start="2024-04-05T17:14:12.663064" elapsed="0.000423"/>
</kw>
<kw name="Log" owner="BuiltIn">
<msg time="2024-04-05T17:14:12.663879" level="INFO">username</msg>
<arg>${keyTwo}</arg>
<doc>Logs the given message with the given level.</doc>
<status status="PASS" start="2024-04-05T17:14:12.663760" elapsed="0.000154"/>
</kw>
<var name="${keyTwo}">username</var>
<status status="PASS" start="2024-04-05T17:14:12.662294" elapsed="0.001821"/>
</iter>
<iter>
<kw name="Dictionary Should Contain Key" owner="Collections">
<msg time="2024-04-05T17:14:12.664734" level="INFO">False</msg>
<arg>${json_data['results'][0]['login']}</arg>
<arg>${keyTwo}</arg>
<doc>Fails if ``key`` is not found from ``dictionary``.</doc>
<status status="PASS" start="2024-04-05T17:14:12.664377" elapsed="0.000393"/>
</kw>
<kw name="Dictionary Should Contain Key" owner="Collections">
<msg time="2024-04-05T17:14:12.665390" level="INFO">False</msg>
<arg>${json_data['results'][0]['login']}</arg>
<arg>${keyTwo}</arg>
<doc>Fails if ``key`` is not found from ``dictionary``.</doc>
<status status="PASS" start="2024-04-05T17:14:12.665041" elapsed="0.000383"/>
</kw>
<kw name="Log" owner="BuiltIn">
<msg time="2024-04-05T17:14:12.665811" level="INFO">password</msg>
<arg>${keyTwo}</arg>
<doc>Logs the given message with the given level.</doc>
<status status="PASS" start="2024-04-05T17:14:12.665693" elapsed="0.000153"/>
</kw>
<var name="${keyTwo}">password</var>
<status status="PASS" start="2024-04-05T17:14:12.664276" elapsed="0.001769"/>
</iter>
<var>${keyTwo}</var>
<value>@{expected_keysTwo}</value>
<status status="PASS" start="2024-04-05T17:14:12.662152" elapsed="0.004005"/>
</for>
<status status="PASS" start="2024-04-05T17:14:12.559506" elapsed="0.106779"/>
</kw>
<doc>Testa a estrutura da resposta da API.</doc>
<tag>testeEstruturaResposta</tag>
<status status="PASS" start="2024-04-05T17:14:12.558837" elapsed="0.107588"/>
</test>
<test id="s1-s1-t4" name="Validar tipos de dados" line="28">
<kw name="Teste de Tipos de Dados" owner="random-user-service">
<kw name="GET On Session" owner="RequestsLibrary">
<msg time="2024-04-05T17:14:12.739865" level="INFO">GET Request : url=https://randomuser.me/api 
 path_url=/api 
 headers={'User-Agent': 'python-requests/2.31.0', 'Accept-Encoding': 'gzip, deflate', 'Accept': '*/*', 'Connection': 'keep-alive'} 
 body=None 
 </msg>
<msg time="2024-04-05T17:14:12.739934" level="INFO">GET Response : url=https://randomuser.me/api 
 status=200, reason=OK 
 headers={'Date': 'Fri, 05 Apr 2024 17:14:12 GMT', 'Content-Type': 'application/json; charset=utf-8', 'Transfer-Encoding': 'chunked', 'Connection': 'keep-alive', 'X-Powered-By': 'Express', 'Access-Control-Allow-Origin': '*', 'Cache-Control': 'no-cache', 'ETag': 'W/"487-1heoH0ole7Akn4MypV/rUHcyJ7k"', 'Vary': 'Accept-Encoding', 'Content-Encoding': 'gzip', 'CF-Cache-Status': 'DYNAMIC', 'Report-To': '{"endpoints":[{"url":"https:\\/\\/a.nel.cloudflare.com\\/report\\/v4?s=HsM%2Fio5Vc68TLoxBD7zWAQf0hqmBh7OXehmqdGuRAtOvdH%2FVRdyVAduG5Cje%2BWoG8XxijMaHyrP53ywdxPClv5EXWTt4wOj510yLrDWxloupZXk3CkMTnKzeF0SLCwd4"}],"group":"cf-nel","max_age":604800}', 'NEL': '{"success_fraction":0,"report_to":"cf-nel","max_age":604800}', 'Server': 'cloudflare', 'CF-RAY': '86fb2c552ffa87a1-IAD', 'alt-svc': 'h3=":443"; ma=86400'} 
 body={"results":[{"gender":"male","name":{"title":"Mr","first":"Dick","last":"Lucas"},"location":{"street":{"number":7723,"name":"North Street"},"city":"Chichester","state":"Worcestershire","country":"United Kingdom","postcode":"SD7R 4AQ","coordinates":{"latitude":"-6.6072","longitude":"-141.4729"},"timezone":{"offset":"+5:45","description":"Kathmandu"}},"email":"dick.lucas@example.com","login":{"uuid":"38cc83fc-9603-4158-9083-39ddc4018429","username":"orangeelephant283","password":"12345678","salt":"KzcoeuG3","md5":"86b7e543c251467a7dc1527810bc05a7","sha1":"f9f451d097412fda4df64c3bedc8984455d28a02","sha256":"c18dc199506274bc5ddbadbd794a42a2b0e2f8d1847c11b1e242c11db14df6cd"},"dob":{"date":"1978-07-20T18:50:50.357Z","age":45},"registered":{"date":"2019-08-07T00:52:44.385Z","age":4},"phone":"016977 5638","cell":"07085 791270","id":{"name":"NINO","value":"AZ 92 65 75 R"},"picture":{"large":"https://randomuser.me/api/portraits/men/81.jpg","medium":"https://randomuser.me/api/portraits/med/men/81.jpg","thumbnail":"https://randomuser.me/api/portraits/thumb/men/81.jpg"},"nat":"GB"}],"info":{"seed":"3126eb07e56cfec3","results":1,"page":1,"version":"1.4"}} 
 </msg>
<msg time="2024-04-05T17:14:12.739982" level="INFO">/opt/hostedtoolcache/Python/3.12.2/x64/lib/python3.12/site-packages/urllib3/connectionpool.py:1103: InsecureRequestWarning: Unverified HTTPS request is being made to host 'randomuser.me'. Adding certificate verification is strongly advised. See: https://urllib3.readthedocs.io/en/latest/advanced-usage.html#tls-warnings
  warnings.warn(</msg>
<msg time="2024-04-05T17:14:12.740061" level="INFO">${response} = &lt;Response [200]&gt;</msg>
<var>${response}</var>
<arg>consultarAPI</arg>
<arg>/api</arg>
<doc>Sends a GET request on a previously created HTTP Session.</doc>
<status status="PASS" start="2024-04-05T17:14:12.668746" elapsed="0.071346"/>
</kw>
<kw name="Set Variable" owner="BuiltIn">
<msg time="2024-04-05T17:14:12.740889" level="INFO">${json_data} = {'results': [{'gender': 'male', 'name': {'title': 'Mr', 'first': 'Dick', 'last': 'Lucas'}, 'location': {'street': {'number': 7723, 'name': 'North Street'}, 'city': 'Chichester', 'state': 'Worcestershi...</msg>
<var>${json_data}</var>
<arg>${response.json()}</arg>
<doc>Returns the given values which can then be assigned to a variables.</doc>
<status status="PASS" start="2024-04-05T17:14:12.740438" elapsed="0.000480"/>
</kw>
<kw name="Log" owner="BuiltIn">
<msg time="2024-04-05T17:14:12.741385" level="INFO">{'results': [{'gender': 'male', 'name': {'title': 'Mr', 'first': 'Dick', 'last': 'Lucas'}, 'location': {'street': {'number': 7723, 'name': 'North Street'}, 'city': 'Chichester', 'state': 'Worcestershire', 'country': 'United Kingdom', 'postcode': 'SD7R 4AQ', 'coordinates': {'latitude': '-6.6072', 'longitude': '-141.4729'}, 'timezone': {'offset': '+5:45', 'description': 'Kathmandu'}}, 'email': 'dick.lucas@example.com', 'login': {'uuid': '38cc83fc-9603-4158-9083-39ddc4018429', 'username': 'orangeelephant283', 'password': '12345678', 'salt': 'KzcoeuG3', 'md5': '86b7e543c251467a7dc1527810bc05a7', 'sha1': 'f9f451d097412fda4df64c3bedc8984455d28a02', 'sha256': 'c18dc199506274bc5ddbadbd794a42a2b0e2f8d1847c11b1e242c11db14df6cd'}, 'dob': {'date': '1978-07-20T18:50:50.357Z', 'age': 45}, 'registered': {'date': '2019-08-07T00:52:44.385Z', 'age': 4}, 'phone': '016977 5638', 'cell': '07085 791270', 'id': {'name': 'NINO', 'value': 'AZ 92 65 75 R'}, 'picture': {'large': 'https://randomuser.me/api/portraits/men/81.jpg', 'medium': 'https://randomuser.me/api/portraits/med/men/81.jpg', 'thumbnail': 'https://randomuser.me/api/portraits/thumb/men/81.jpg'}, 'nat': 'GB'}], 'info': {'seed': '3126eb07e56cfec3', 'results': 1, 'page': 1, 'version': '1.4'}}</msg>
<arg>${json_data}</arg>
<doc>Logs the given message with the given level.</doc>
<status status="PASS" start="2024-04-05T17:14:12.741227" elapsed="0.000239"/>
</kw>
<kw name="Should Be String" owner="String">
<arg>${json_data['results'][0]['gender']}</arg>
<doc>Fails if the given ``item`` is not a string.</doc>
<status status="PASS" start="2024-04-05T17:14:12.741767" elapsed="0.000335"/>
</kw>
<kw name="Should Match Regexp" owner="BuiltIn">
<arg>${json_data['results'][0]['email']}</arg>
<arg>^[a-zA-Z0-9._%+-]+@[a-zA-Z0-9.-]+\.[a-zA-Z]{2,}$</arg>
<doc>Fails if ``string`` does not match ``pattern`` as a regular expression.</doc>
<status status="PASS" start="2024-04-05T17:14:12.742279" elapsed="0.000465"/>
</kw>
<kw name="Should Match Regexp" owner="BuiltIn">
<arg>${json_data['results'][0]['dob']['date']}</arg>
<arg>\\d{4}-\\d{2}-\\d{2}T\\d{2}:\\d{2}:\\d{2}\\.\\d{3}Z</arg>
<doc>Fails if ``string`` does not match ``pattern`` as a regular expression.</doc>
<status status="PASS" start="2024-04-05T17:14:12.742929" elapsed="0.000481"/>
</kw>
<kw name="Should Match Regexp" owner="BuiltIn">
<arg>${json_data['results'][0]['registered']['date']}</arg>
<arg>\\d{4}-\\d{2}-\\d{2}T\\d{2}:\\d{2}:\\d{2}\\.\\d{3}Z</arg>
<doc>Fails if ``string`` does not match ``pattern`` as a regular expression.</doc>
<status status="PASS" start="2024-04-05T17:14:12.743592" elapsed="0.000342"/>
</kw>
<kw name="Should Match Regexp" owner="BuiltIn">
<arg>${json_data['results'][0]['picture']['large']}</arg>
<arg>^https?://.*\.(?:png|jpe?g|gif|bmp)$</arg>
<doc>Fails if ``string`` does not match ``pattern`` as a regular expression.</doc>
<status status="PASS" start="2024-04-05T17:14:12.744106" elapsed="0.000430"/>
</kw>
<kw name="Should Match Regexp" owner="BuiltIn">
<arg>${json_data['results'][0]['picture']['medium']}</arg>
<arg>^https?://.*\.(?:png|jpe?g|gif|bmp)$</arg>
<doc>Fails if ``string`` does not match ``pattern`` as a regular expression.</doc>
<status status="PASS" start="2024-04-05T17:14:12.744714" elapsed="0.000328"/>
</kw>
<kw name="Should Match Regexp" owner="BuiltIn">
<arg>${json_data['results'][0]['picture']['thumbnail']}</arg>
<arg>^https?://.*\.(?:png|jpe?g|gif|bmp)$</arg>
<doc>Fails if ``string`` does not match ``pattern`` as a regular expression.</doc>
<status status="PASS" start="2024-04-05T17:14:12.745213" elapsed="0.000326"/>
</kw>
<kw name="Log" owner="BuiltIn">
<msg time="2024-04-05T17:14:12.745998" level="INFO">{'large': 'https://randomuser.me/api/portraits/men/81.jpg', 'medium': 'https://randomuser.me/api/portraits/med/men/81.jpg', 'thumbnail': 'https://randomuser.me/api/portraits/thumb/men/81.jpg'}</msg>
<arg>${json_data['results'][0]['picture']}</arg>
<doc>Logs the given message with the given level.</doc>
<status status="PASS" start="2024-04-05T17:14:12.745703" elapsed="0.000333"/>
</kw>
<status status="PASS" start="2024-04-05T17:14:12.668536" elapsed="0.077732"/>
</kw>
<kw name="Teste de Tipos de Dados - Postcode" owner="random-user-service">
<kw name="GET On Session" owner="RequestsLibrary">
<msg time="2024-04-05T17:14:12.840442" level="INFO">GET Request : url=https://randomuser.me/api 
 path_url=/api 
 headers={'User-Agent': 'python-requests/2.31.0', 'Accept-Encoding': 'gzip, deflate', 'Accept': '*/*', 'Connection': 'keep-alive'} 
 body=None 
 </msg>
<msg time="2024-04-05T17:14:12.840525" level="INFO">GET Response : url=https://randomuser.me/api 
 status=200, reason=OK 
 headers={'Date': 'Fri, 05 Apr 2024 17:14:12 GMT', 'Content-Type': 'application/json; charset=utf-8', 'Transfer-Encoding': 'chunked', 'Connection': 'keep-alive', 'X-Powered-By': 'Express', 'Access-Control-Allow-Origin': '*', 'Cache-Control': 'no-cache', 'ETag': 'W/"4ab-yjaXQOdrOz8EbJ0/aphSwL7HoXw"', 'Vary': 'Accept-Encoding', 'Content-Encoding': 'gzip', 'CF-Cache-Status': 'DYNAMIC', 'Report-To': '{"endpoints":[{"url":"https:\\/\\/a.nel.cloudflare.com\\/report\\/v4?s=orkT9llK9Q610blltAihyH9zqlAoLjc3VVkyDOERa4DHBqMUZXEfJWY5W2SpZuc%2F%2FvBUxRrbLRBvDN0dbCfy%2Fu8qZXSKe5a70PSpjehPuv10AC%2BzOqIGPNCxhalYMa%2FW"}],"group":"cf-nel","max_age":604800}', 'NEL': '{"success_fraction":0,"report_to":"cf-nel","max_age":604800}', 'Server': 'cloudflare', 'CF-RAY': '86fb2c55a8fe87a1-IAD', 'alt-svc': 'h3=":443"; ma=86400'} 
 body={"results":[{"gender":"female","name":{"title":"Miss","first":"Mayte","last":"Mesa"},"location":{"street":{"number":7869,"name":"Eje vial Norte Tirado"},"city":"Mochicahui Pueblo","state":"Sonora","country":"Mexico","postcode":32527,"coordinates":{"latitude":"29.6141","longitude":"46.9002"},"timezone":{"offset":"+3:00","description":"Baghdad, Riyadh, Moscow, St. Petersburg"}},"email":"mayte.mesa@example.com","login":{"uuid":"b808ca8c-4ce8-4044-af59-ee9adb5f6374","username":"purpletiger937","password":"ffffffff","salt":"X3Hbqsh9","md5":"dcc8a7afeae2a7a52ffd1f856b587211","sha1":"e92d86683e9d8e3c4e3d2dd988a18f63441c9292","sha256":"7be6621714a1b2f12ae0da4a93385b574910edf5505af793685f51d488a4510f"},"dob":{"date":"1977-06-17T17:54:25.728Z","age":46},"registered":{"date":"2015-06-08T18:21:00.403Z","age":8},"phone":"(663) 932 4295","cell":"(642) 181 6958","id":{"name":"NSS","value":"30 76 53 7198 0"},"picture":{"large":"https://randomuser.me/api/portraits/women/80.jpg","medium":"https://randomuser.me/api/portraits/med/women/80.jpg","thumbnail":"https://randomuser.me/api/portraits/thumb/women/80.jpg"},"nat":"MX"}],"info":{"seed":"1812fb1c9c78f020","results":1,"page":1,"version":"1.4"}} 
 </msg>
<msg time="2024-04-05T17:14:12.840608" level="INFO">/opt/hostedtoolcache/Python/3.12.2/x64/lib/python3.12/site-packages/urllib3/connectionpool.py:1103: InsecureRequestWarning: Unverified HTTPS request is being made to host 'randomuser.me'. Adding certificate verification is strongly advised. See: https://urllib3.readthedocs.io/en/latest/advanced-usage.html#tls-warnings
  warnings.warn(</msg>
<msg time="2024-04-05T17:14:12.840723" level="INFO">${response} = &lt;Response [200]&gt;</msg>
<var>${response}</var>
<arg>consultarAPI</arg>
<arg>/api</arg>
<doc>Sends a GET request on a previously created HTTP Session.</doc>
<status status="PASS" start="2024-04-05T17:14:12.746772" elapsed="0.093997"/>
</kw>
<kw name="Set Variable" owner="BuiltIn">
<msg time="2024-04-05T17:14:12.841620" level="INFO">${json_data} = {'results': [{'gender': 'female', 'name': {'title': 'Miss', 'first': 'Mayte', 'last': 'Mesa'}, 'location': {'street': {'number': 7869, 'name': 'Eje vial Norte Tirado'}, 'city': 'Mochicahui Pueblo', 's...</msg>
<var>${json_data}</var>
<arg>${response.json()}</arg>
<doc>Returns the given values which can then be assigned to a variables.</doc>
<status status="PASS" start="2024-04-05T17:14:12.841214" elapsed="0.000432"/>
</kw>
<kw name="Log" owner="BuiltIn">
<msg time="2024-04-05T17:14:12.842066" level="INFO">{'results': [{'gender': 'female', 'name': {'title': 'Miss', 'first': 'Mayte', 'last': 'Mesa'}, 'location': {'street': {'number': 7869, 'name': 'Eje vial Norte Tirado'}, 'city': 'Mochicahui Pueblo', 'state': 'Sonora', 'country': 'Mexico', 'postcode': 32527, 'coordinates': {'latitude': '29.6141', 'longitude': '46.9002'}, 'timezone': {'offset': '+3:00', 'description': 'Baghdad, Riyadh, Moscow, St. Petersburg'}}, 'email': 'mayte.mesa@example.com', 'login': {'uuid': 'b808ca8c-4ce8-4044-af59-ee9adb5f6374', 'username': 'purpletiger937', 'password': 'ffffffff', 'salt': 'X3Hbqsh9', 'md5': 'dcc8a7afeae2a7a52ffd1f856b587211', 'sha1': 'e92d86683e9d8e3c4e3d2dd988a18f63441c9292', 'sha256': '7be6621714a1b2f12ae0da4a93385b574910edf5505af793685f51d488a4510f'}, 'dob': {'date': '1977-06-17T17:54:25.728Z', 'age': 46}, 'registered': {'date': '2015-06-08T18:21:00.403Z', 'age': 8}, 'phone': '(663) 932 4295', 'cell': '(642) 181 6958', 'id': {'name': 'NSS', 'value': '30 76 53 7198 0'}, 'picture': {'large': 'https://randomuser.me/api/portraits/women/80.jpg', 'medium': 'https://randomuser.me/api/portraits/med/women/80.jpg', 'thumbnail': 'https://randomuser.me/api/portraits/thumb/women/80.jpg'}, 'nat': 'MX'}], 'info': {'seed': '1812fb1c9c78f020', 'results': 1, 'page': 1, 'version': '1.4'}}</msg>
<arg>${json_data}</arg>
<doc>Logs the given message with the given level.</doc>
<status status="PASS" start="2024-04-05T17:14:12.841926" elapsed="0.000211"/>
</kw>
<kw name="Should Be Equal As Numbers" owner="BuiltIn">
<arg>${json_data['results'][0]['location']['postcode']}</arg>
<arg>${json_data['results'][0]['location']['postcode']}</arg>
<doc>Fails if objects are unequal after converting them to real numbers.</doc>
<status status="PASS" start="2024-04-05T17:14:12.842416" elapsed="0.000586"/>
</kw>
<kw name="Log" owner="BuiltIn">
<msg time="2024-04-05T17:14:12.843548" level="INFO">32527</msg>
<arg>${json_data['results'][0]['location']['postcode']}</arg>
<doc>Logs the given message with the given level.</doc>
<status status="PASS" start="2024-04-05T17:14:12.843231" elapsed="0.000355"/>
</kw>
<status status="PASS" start="2024-04-05T17:14:12.746461" elapsed="0.097361"/>
</kw>
<doc>Testa se os tipos de dados na resposta da API estão corretos.</doc>
<tag>testeTiposDados</tag>
<status status="PASS" start="2024-04-05T17:14:12.668042" elapsed="0.175930"/>
</test>
<test id="s1-s1-t5" name="Validar conteudo" line="35">
<kw name="Teste de Tipos de Conteudo" owner="random-user-service">
<kw name="GET On Session" owner="RequestsLibrary">
<msg time="2024-04-05T17:14:12.939915" level="INFO">GET Request : url=https://randomuser.me/api 
 path_url=/api 
 headers={'User-Agent': 'python-requests/2.31.0', 'Accept-Encoding': 'gzip, deflate', 'Accept': '*/*', 'Connection': 'keep-alive'} 
 body=None 
 </msg>
<msg time="2024-04-05T17:14:12.940001" level="INFO">GET Response : url=https://randomuser.me/api 
 status=200, reason=OK 
 headers={'Date': 'Fri, 05 Apr 2024 17:14:12 GMT', 'Content-Type': 'application/json; charset=utf-8', 'Transfer-Encoding': 'chunked', 'Connection': 'keep-alive', 'X-Powered-By': 'Express', 'Access-Control-Allow-Origin': '*', 'Cache-Control': 'no-cache', 'ETag': 'W/"47d-1uKtjD1+OeCM3E+5JNqeIxAmtVw"', 'Vary': 'Accept-Encoding', 'Content-Encoding': 'gzip', 'CF-Cache-Status': 'DYNAMIC', 'Report-To': '{"endpoints":[{"url":"https:\\/\\/a.nel.cloudflare.com\\/report\\/v4?s=g%2B2ScXYujDJg%2BlnqITIU65zo4UoZmUoxtu6M3Zjhjj2L4SgE%2F%2Fuwpdwyj8%2FKXVBAnN4SOw%2BgB7YeJMG5i2oaksGTQ5UjsGVRRSRYL7Td1ZDyeGmB%2Biek39uE6CYw12OH"}],"group":"cf-nel","max_age":604800}', 'NEL': '{"success_fraction":0,"report_to":"cf-nel","max_age":604800}', 'Server': 'cloudflare', 'CF-RAY': '86fb2c5649f687a1-IAD', 'alt-svc': 'h3=":443"; ma=86400'} 
 body={"results":[{"gender":"female","name":{"title":"Ms","first":"Selma","last":"Møller"},"location":{"street":{"number":4652,"name":"Granparken"},"city":"Argerskov","state":"Midtjylland","country":"Denmark","postcode":11096,"coordinates":{"latitude":"-46.5857","longitude":"53.0931"},"timezone":{"offset":"+7:00","description":"Bangkok, Hanoi, Jakarta"}},"email":"selma.moller@example.com","login":{"uuid":"d9dd7317-0824-4615-a555-050facc520f6","username":"goldenbear383","password":"free","salt":"Hkpyevjt","md5":"129e861c905845f64443d44ab4ee7167","sha1":"5c48616df3aa9b00ffdb0d20b3e9e047a89ed3e9","sha256":"40262523c305bb6ed1db90f21f81ac93645093bf747ebed595bc76a19750af4d"},"dob":{"date":"1945-12-28T17:10:18.892Z","age":78},"registered":{"date":"2021-08-02T14:38:02.134Z","age":2},"phone":"78310932","cell":"83299269","id":{"name":"CPR","value":"281245-3730"},"picture":{"large":"https://randomuser.me/api/portraits/women/66.jpg","medium":"https://randomuser.me/api/portraits/med/women/66.jpg","thumbnail":"https://randomuser.me/api/portraits/thumb/women/66.jpg"},"nat":"DK"}],"info":{"seed":"088becd255246a47","results":1,"page":1,"version":"1.4"}} 
 </msg>
<msg time="2024-04-05T17:14:12.940073" level="INFO">/opt/hostedtoolcache/Python/3.12.2/x64/lib/python3.12/site-packages/urllib3/connectionpool.py:1103: InsecureRequestWarning: Unverified HTTPS request is being made to host 'randomuser.me'. Adding certificate verification is strongly advised. See: https://urllib3.readthedocs.io/en/latest/advanced-usage.html#tls-warnings
  warnings.warn(</msg>
<msg time="2024-04-05T17:14:12.940189" level="INFO">${response} = &lt;Response [200]&gt;</msg>
<var>${response}</var>
<arg>consultarAPI</arg>
<arg>/api</arg>
<doc>Sends a GET request on a previously created HTTP Session.</doc>
<status status="PASS" start="2024-04-05T17:14:12.846168" elapsed="0.094073"/>
</kw>
<kw name="Set Variable" owner="BuiltIn">
<msg time="2024-04-05T17:14:12.941155" level="INFO">${json_data} = {'results': [{'gender': 'female', 'name': {'title': 'Ms', 'first': 'Selma', 'last': 'Møller'}, 'location': {'street': {'number': 4652, 'name': 'Granparken'}, 'city': 'Argerskov', 'state': 'Midtjylland...</msg>
<var>${json_data}</var>
<arg>${response.json()}</arg>
<doc>Returns the given values which can then be assigned to a variables.</doc>
<status status="PASS" start="2024-04-05T17:14:12.940735" elapsed="0.000447"/>
</kw>
<kw name="Set Variable" owner="BuiltIn">
<msg time="2024-04-05T17:14:12.941817" level="INFO">${name_title} = Ms</msg>
<var>${name_title}</var>
<arg>${json_data["results"][0]["name"]["title"]}</arg>
<doc>Returns the given values which can then be assigned to a variables.</doc>
<status status="PASS" start="2024-04-05T17:14:12.941459" elapsed="0.000381"/>
</kw>
<kw name="Create List" owner="BuiltIn">
<msg time="2024-04-05T17:14:12.942254" level="INFO">${allowed_titles} = ['Mr', 'Ms', 'Miss', 'Mrs', 'Madame', 'Monsieur']</msg>
<var>${allowed_titles}</var>
<arg>Mr</arg>
<arg>Ms</arg>
<arg>Miss</arg>
<arg>Mrs</arg>
<arg>Madame</arg>
<arg>Monsieur</arg>
<doc>Returns a list containing given items.</doc>
<status status="PASS" start="2024-04-05T17:14:12.942117" elapsed="0.000159"/>
</kw>
<kw name="List Should Contain Value" owner="Collections">
<msg time="2024-04-05T17:14:12.942708" level="INFO">False</msg>
<arg>${allowed_titles}</arg>
<arg>${name_title}</arg>
<doc>Fails if the ``value`` is not found from ``list``.</doc>
<status status="PASS" start="2024-04-05T17:14:12.942555" elapsed="0.000187"/>
</kw>
<kw name="Set Variable" owner="BuiltIn">
<msg time="2024-04-05T17:14:12.943390" level="INFO">${name_country} = DK</msg>
<var>${name_country}</var>
<arg>${json_data["results"][0]["nat"]}</arg>
<doc>Returns the given values which can then be assigned to a variables.</doc>
<status status="PASS" start="2024-04-05T17:14:12.943004" elapsed="0.000409"/>
</kw>
<kw name="Create List" owner="BuiltIn">
<msg time="2024-04-05T17:14:12.944250" level="INFO">${list_country} = ['AD', 'AE', 'AF', 'AG', 'AI', 'AL', 'AM', 'AO', 'AQ', 'AR', 'AS', 'AT', 'AU', 'AW', 'AX', 'AZ', 'BA', 'BB', 'BD', 'BE', 'BF', 'BG', 'BH', 'BI', 'BJ', 'BL', 'BM', 'BN', 'BO', 'BQ', 'BR', 'BS', 'BT', '...</msg>
<var>${list_country}</var>
<arg>AD</arg>
<arg>AE</arg>
<arg>AF</arg>
<arg>AG</arg>
<arg>AI</arg>
<arg>AL</arg>
<arg>AM</arg>
<arg>AO</arg>
<arg>AQ</arg>
<arg>AR</arg>
<arg>AS</arg>
<arg>AT</arg>
<arg>AU</arg>
<arg>AW</arg>
<arg>AX</arg>
<arg>AZ</arg>
<arg>BA</arg>
<arg>BB</arg>
<arg>BD</arg>
<arg>BE</arg>
<arg>BF</arg>
<arg>BG</arg>
<arg>BH</arg>
<arg>BI</arg>
<arg>BJ</arg>
<arg>BL</arg>
<arg>BM</arg>
<arg>BN</arg>
<arg>BO</arg>
<arg>BQ</arg>
<arg>BR</arg>
<arg>BS</arg>
<arg>BT</arg>
<arg>BV</arg>
<arg>BW</arg>
<arg>BY</arg>
<arg>BZ</arg>
<arg>CA</arg>
<arg>CC</arg>
<arg>CD</arg>
<arg>CF</arg>
<arg>CG</arg>
<arg>CH</arg>
<arg>CI</arg>
<arg>CK</arg>
<arg>CL</arg>
<arg>CM</arg>
<arg>CN</arg>
<arg>CO</arg>
<arg>CR</arg>
<arg>CU</arg>
<arg>CV</arg>
<arg>CW</arg>
<arg>CX</arg>
<arg>CY</arg>
<arg>CZ</arg>
<arg>DE</arg>
<arg>DJ</arg>
<arg>DK</arg>
<arg>DM</arg>
<arg>DO</arg>
<arg>DZ</arg>
<arg>EC</arg>
<arg>EE</arg>
<arg>EG</arg>
<arg>EH</arg>
<arg>ER</arg>
<arg>ES</arg>
<arg>ET</arg>
<arg>FI</arg>
<arg>FJ</arg>
<arg>FK</arg>
<arg>FM</arg>
<arg>FO</arg>
<arg>FR</arg>
<arg>GA</arg>
<arg>GB</arg>
<arg>GD</arg>
<arg>GE</arg>
<arg>GF</arg>
<arg>GG</arg>
<arg>GH</arg>
<arg>GI</arg>
<arg>GL</arg>
<arg>GM</arg>
<arg>GN</arg>
<arg>GP</arg>
<arg>GQ</arg>
<arg>GR</arg>
<arg>GS</arg>
<arg>GT</arg>
<arg>GU</arg>
<arg>GW</arg>
<arg>GY</arg>
<arg>HK</arg>
<arg>HM</arg>
<arg>HN</arg>
<arg>HR</arg>
<arg>HT</arg>
<arg>HU</arg>
<arg>ID</arg>
<arg>IE</arg>
<arg>IL</arg>
<arg>IM</arg>
<arg>IN</arg>
<arg>IO</arg>
<arg>IQ</arg>
<arg>IR</arg>
<arg>IS</arg>
<arg>IT</arg>
<arg>JE</arg>
<arg>JM</arg>
<arg>JO</arg>
<arg>JP</arg>
<arg>KE</arg>
<arg>KG</arg>
<arg>KH</arg>
<arg>KI</arg>
<arg>KM</arg>
<arg>KN</arg>
<arg>KP</arg>
<arg>KR</arg>
<arg>KW</arg>
<arg>KY</arg>
<arg>KZ</arg>
<arg>LA</arg>
<arg>LB</arg>
<arg>LC</arg>
<arg>LI</arg>
<arg>LK</arg>
<arg>LR</arg>
<arg>LS</arg>
<arg>LT</arg>
<arg>LU</arg>
<arg>LV</arg>
<arg>LY</arg>
<arg>MA</arg>
<arg>MC</arg>
<arg>MD</arg>
<arg>ME</arg>
<arg>MF</arg>
<arg>MG</arg>
<arg>MH</arg>
<arg>MK</arg>
<arg>ML</arg>
<arg>MM</arg>
<arg>MN</arg>
<arg>MO</arg>
<arg>MP</arg>
<arg>MQ</arg>
<arg>MR</arg>
<arg>MS</arg>
<arg>MT</arg>
<arg>MU</arg>
<arg>MV</arg>
<arg>MW</arg>
<arg>MX</arg>
<arg>MY</arg>
<arg>MZ</arg>
<arg>NA</arg>
<arg>NC</arg>
<arg>NE</arg>
<arg>NF</arg>
<arg>NG</arg>
<arg>NI</arg>
<arg>NL</arg>
<arg>NO</arg>
<arg>NP</arg>
<arg>NR</arg>
<arg>NU</arg>
<arg>NZ</arg>
<arg>OM</arg>
<arg>PA</arg>
<arg>PE</arg>
<arg>PF</arg>
<arg>PG</arg>
<arg>PH</arg>
<arg>PK</arg>
<arg>PL</arg>
<arg>PM</arg>
<arg>PN</arg>
<arg>PR</arg>
<arg>PS</arg>
<arg>PT</arg>
<arg>PW</arg>
<arg>PY</arg>
<arg>QA</arg>
<arg>RE</arg>
<arg>RO</arg>
<arg>RS</arg>
<arg>RU</arg>
<arg>RW</arg>
<arg>SA</arg>
<arg>SB</arg>
<arg>SC</arg>
<arg>SD</arg>
<arg>SE</arg>
<arg>SG</arg>
<arg>SH</arg>
<arg>SI</arg>
<arg>SJ</arg>
<arg>SK</arg>
<arg>SL</arg>
<arg>SM</arg>
<arg>SN</arg>
<arg>SO</arg>
<arg>SR</arg>
<arg>SS</arg>
<arg>ST</arg>
<arg>SV</arg>
<arg>SX</arg>
<arg>SY</arg>
<arg>SZ</arg>
<arg>TC</arg>
<arg>TD</arg>
<arg>TF</arg>
<arg>TG</arg>
<arg>TH</arg>
<arg>TJ</arg>
<arg>TK</arg>
<arg>TL</arg>
<arg>TM</arg>
<arg>TN</arg>
<arg>TO</arg>
<arg>TR</arg>
<arg>TT</arg>
<arg>TV</arg>
<arg>TW</arg>
<arg>TZ</arg>
<arg>UA</arg>
<arg>UG</arg>
<arg>UM</arg>
<arg>US</arg>
<arg>UY</arg>
<arg>UZ</arg>
<arg>VA</arg>
<arg>VC</arg>
<arg>VE</arg>
<arg>VG</arg>
<arg>VI</arg>
<arg>VN</arg>
<arg>VU</arg>
<arg>WF</arg>
<arg>WS</arg>
<arg>XK</arg>
<arg>YE</arg>
<arg>YT</arg>
<arg>ZA</arg>
<arg>ZM</arg>
<arg>ZW</arg>
<doc>Returns a list containing given items.</doc>
<status status="PASS" start="2024-04-05T17:14:12.943698" elapsed="0.000575"/>
</kw>
<kw name="List Should Contain Value" owner="Collections">
<msg time="2024-04-05T17:14:12.945293" level="INFO">False</msg>
<arg>${list_country}</arg>
<arg>${name_country}</arg>
<doc>Fails if the ``value`` is not found from ``list``.</doc>
<status status="PASS" start="2024-04-05T17:14:12.945099" elapsed="0.000229"/>
</kw>
<kw name="Run Keyword If" owner="BuiltIn">
<kw name="Should Be True" owner="BuiltIn">
<arg>${True}</arg>
<doc>Fails if the given condition is not true.</doc>
<status status="PASS" start="2024-04-05T17:14:12.946314" elapsed="0.000136"/>
</kw>
<arg>${json_data["results"][0]["location"]["coordinates"]["latitude"]} &gt;= -90 and ${json_data["results"][0]["location"]["coordinates"]["latitude"]} &lt;= 90</arg>
<arg>Should Be True</arg>
<arg>${True}</arg>
<doc>Runs the given keyword with the given arguments, if ``condition`` is true.</doc>
<status status="PASS" start="2024-04-05T17:14:12.945617" elapsed="0.000954"/>
</kw>
<kw name="Run Keyword If" owner="BuiltIn">
<kw name="Should Be True" owner="BuiltIn">
<arg>${True}</arg>
<doc>Fails if the given condition is not true.</doc>
<status status="PASS" start="2024-04-05T17:14:12.947432" elapsed="0.000131"/>
</kw>
<arg>${json_data["results"][0]["location"]["coordinates"]["longitude"]} &gt;= -180 and ${json_data["results"][0]["location"]["coordinates"]["longitude"]} &lt;= 180</arg>
<arg>Should Be True</arg>
<arg>${True}</arg>
<doc>Runs the given keyword with the given arguments, if ``condition`` is true.</doc>
<status status="PASS" start="2024-04-05T17:14:12.946745" elapsed="0.000934"/>
</kw>
<status status="PASS" start="2024-04-05T17:14:12.845948" elapsed="0.101850"/>
</kw>
<doc>Testa o conteúdo específico dos campos retornados pela API.</doc>
<tag>testeConteudo</tag>
<status status="PASS" start="2024-04-05T17:14:12.845545" elapsed="0.102388"/>
</test>
<status status="PASS" start="2024-04-05T17:14:12.190903" elapsed="0.758762"/>
</suite>
<status status="PASS" start="2024-04-05T17:14:12.178189" elapsed="0.776346"/>
</suite>
<statistics>
<total>
<stat pass="5" fail="0" skip="0">All Tests</stat>
</total>
<tag>
<stat pass="1" fail="0" skip="0">testeConteudo</stat>
<stat pass="1" fail="0" skip="0">testeEstruturaResposta</stat>
<stat pass="1" fail="0" skip="0">testeRequisicaoBasica</stat>
<stat pass="1" fail="0" skip="0">testeTiposDados</stat>
</tag>
<suite>
<stat pass="5" fail="0" skip="0" id="s1" name="Tests">Tests</stat>
<stat pass="5" fail="0" skip="0" id="s1-s1" name="Random-User-Test">Tests.Random-User-Test</stat>
</suite>
</statistics>
<errors>
</errors>
</robot>
