<?xml version="1.0" encoding="UTF-8"?>
<robot generator="Robot 7.0 (Python 3.12.3 on linux)" generated="2024-04-21T21:12:26.130485" rpa="false" schemaversion="5">
<suite id="s1" name="Tests" source="/home/runner/work/DesafioQAItauRogerioJordao/DesafioQAItauRogerioJordao/RamdonUser/tests">
<suite id="s1-s1" name="Random-User-Test" source="/home/runner/work/DesafioQAItauRogerioJordao/DesafioQAItauRogerioJordao/RamdonUser/tests/random-user-test.robot">
<test id="s1-s1-t1" name="Conectar" line="13">
<kw name="Conectar API" owner="random-user-service">
<kw name="Create Session" owner="RequestsLibrary">
<msg time="2024-04-21T21:12:26.489171" level="INFO">Creating Session using : alias=consultarAPI, url=https://randomuser.me/, headers={},                     cookies={}, auth=None, timeout=None, proxies=None, verify=False,                     debug=0 </msg>
<arg>consultarAPI</arg>
<arg>${URL}</arg>
<doc>Create Session: create a HTTP session to a server</doc>
<status status="PASS" start="2024-04-21T21:12:26.488972" elapsed="0.000380"/>
</kw>
<status status="PASS" start="2024-04-21T21:12:26.487985" elapsed="0.001732"/>
</kw>
<status status="PASS" start="2024-04-21T21:12:26.487337" elapsed="0.002573"/>
</test>
<test id="s1-s1-t2" name="Validar retorno 200 e JSON Válido" line="16">
<kw name="Teste de Requisicao Basica" owner="random-user-service">
<kw name="GET On Session" owner="RequestsLibrary">
<msg time="2024-04-21T21:12:26.585331" level="INFO">GET Request : url=https://randomuser.me/api 
 path_url=/api 
 headers={'User-Agent': 'python-requests/2.31.0', 'Accept-Encoding': 'gzip, deflate', 'Accept': '*/*', 'Connection': 'keep-alive'} 
 body=None 
 </msg>
<msg time="2024-04-21T21:12:26.585469" level="INFO">GET Response : url=https://randomuser.me/api 
 status=200, reason=OK 
 headers={'Date': 'Sun, 21 Apr 2024 21:12:26 GMT', 'Content-Type': 'application/json; charset=utf-8', 'Transfer-Encoding': 'chunked', 'Connection': 'keep-alive', 'X-Powered-By': 'Express', 'Access-Control-Allow-Origin': '*', 'Cache-Control': 'no-cache', 'ETag': 'W/"488-fl3wwnVjydmU72gXSZnujDJYSTY"', 'Vary': 'Accept-Encoding', 'Content-Encoding': 'gzip', 'CF-Cache-Status': 'DYNAMIC', 'Report-To': '{"endpoints":[{"url":"https:\\/\\/a.nel.cloudflare.com\\/report\\/v4?s=O%2BuvhQ5MB9EQtrHno7VcRH2j9WFOkjK7EOfa2rITdiaruAwzuO9dC6BEw%2BkNQn%2FdBvL48EZPYCLn%2FVVFRf6Rsy7d%2Bp6jsnb9Tbn%2BDVXhZA%2BBqOh3R%2BOM7BBz9T9yO67p"}],"group":"cf-nel","max_age":604800}', 'NEL': '{"success_fraction":0,"report_to":"cf-nel","max_age":604800}', 'Server': 'cloudflare', 'CF-RAY': '87805f4ddf0c28a6-IAD', 'alt-svc': 'h3=":443"; ma=86400'} 
 body={"results":[{"gender":"female","name":{"title":"Mrs","first":"Mia","last":"Wood"},"location":{"street":{"number":2301,"name":"Church Road"},"city":"Cobh","state":"Kerry","country":"Ireland","postcode":52056,"coordinates":{"latitude":"-1.7190","longitude":"22.9626"},"timezone":{"offset":"0:00","description":"Western Europe Time, London, Lisbon, Casablanca"}},"email":"mia.wood@example.com","login":{"uuid":"bf663145-7b90-49ce-80b1-3414f0cd24b0","username":"bigduck366","password":"puppydog","salt":"SLaKX6qc","md5":"5d75066d70de8de281163dc2112e9f27","sha1":"538d6835fc9ebc41aa30ccf9942d0ff549428249","sha256":"95249eedf124eda4c78d034f6fac84c15dfcbb2ebf6badde0f24c6e1e9be95a0"},"dob":{"date":"1951-05-24T14:17:10.714Z","age":72},"registered":{"date":"2007-12-07T19:19:42.129Z","age":16},"phone":"011-781-2704","cell":"081-687-0211","id":{"name":"PPS","value":"3015413T"},"picture":{"large":"https://randomuser.me/api/portraits/women/93.jpg","medium":"https://randomuser.me/api/portraits/med/women/93.jpg","thumbnail":"https://randomuser.me/api/portraits/thumb/women/93.jpg"},"nat":"IE"}],"info":{"seed":"9950ff73edf964bd","results":1,"page":1,"version":"1.4"}} 
 </msg>
<msg time="2024-04-21T21:12:26.585544" level="INFO">/opt/hostedtoolcache/Python/3.12.3/x64/lib/python3.12/site-packages/urllib3/connectionpool.py:1103: InsecureRequestWarning: Unverified HTTPS request is being made to host 'randomuser.me'. Adding certificate verification is strongly advised. See: https://urllib3.readthedocs.io/en/latest/advanced-usage.html#tls-warnings
  warnings.warn(</msg>
<msg time="2024-04-21T21:12:26.585680" level="INFO">${response} = &lt;Response [200]&gt;</msg>
<var>${response}</var>
<arg>consultarAPI</arg>
<arg>/api</arg>
<doc>Sends a GET request on a previously created HTTP Session.</doc>
<status status="PASS" start="2024-04-21T21:12:26.492638" elapsed="0.093083"/>
</kw>
<kw name="Should Be Equal As Numbers" owner="BuiltIn">
<msg time="2024-04-21T21:12:26.586600" level="INFO">Argument types are:
&lt;class 'int'&gt;
&lt;class 'str'&gt;</msg>
<arg>${response.status_code}</arg>
<arg>200</arg>
<doc>Fails if objects are unequal after converting them to real numbers.</doc>
<status status="PASS" start="2024-04-21T21:12:26.586171" elapsed="0.000494"/>
</kw>
<kw name="Log" owner="BuiltIn">
<msg time="2024-04-21T21:12:26.587375" level="INFO">200</msg>
<arg>${response.status_code}</arg>
<doc>Logs the given message with the given level.</doc>
<status status="PASS" start="2024-04-21T21:12:26.587023" elapsed="0.000395"/>
</kw>
<kw name="Set Variable" owner="BuiltIn">
<msg time="2024-04-21T21:12:26.588216" level="INFO">${json_data} = {'results': [{'gender': 'female', 'name': {'title': 'Mrs', 'first': 'Mia', 'last': 'Wood'}, 'location': {'street': {'number': 2301, 'name': 'Church Road'}, 'city': 'Cobh', 'state': 'Kerry', 'country':...</msg>
<var>${json_data}</var>
<arg>${response.json()}</arg>
<doc>Returns the given values which can then be assigned to a variables.</doc>
<status status="PASS" start="2024-04-21T21:12:26.587770" elapsed="0.000473"/>
</kw>
<kw name="Dictionary Should Contain Key" owner="Collections">
<msg time="2024-04-21T21:12:26.588720" level="INFO">False</msg>
<arg>${json_data}</arg>
<arg>results</arg>
<doc>Fails if ``key`` is not found from ``dictionary``.</doc>
<status status="PASS" start="2024-04-21T21:12:26.588547" elapsed="0.000214"/>
</kw>
<status status="PASS" start="2024-04-21T21:12:26.492383" elapsed="0.096635"/>
</kw>
<doc>Testa se a API responde corretamente e retorna um objeto JSON válido.</doc>
<tag>testeRequisicaoBasica</tag>
<status status="PASS" start="2024-04-21T21:12:26.491856" elapsed="0.097340"/>
</test>
<test id="s1-s1-t3" name="Validar estrutura de resposta" line="22">
<kw name="Teste de Estrutura de Resposta" owner="random-user-service">
<kw name="GET On Session" owner="RequestsLibrary">
<msg time="2024-04-21T21:12:26.669573" level="INFO">GET Request : url=https://randomuser.me/api 
 path_url=/api 
 headers={'User-Agent': 'python-requests/2.31.0', 'Accept-Encoding': 'gzip, deflate', 'Accept': '*/*', 'Connection': 'keep-alive'} 
 body=None 
 </msg>
<msg time="2024-04-21T21:12:26.669646" level="INFO">GET Response : url=https://randomuser.me/api 
 status=200, reason=OK 
 headers={'Date': 'Sun, 21 Apr 2024 21:12:26 GMT', 'Content-Type': 'application/json; charset=utf-8', 'Transfer-Encoding': 'chunked', 'Connection': 'keep-alive', 'X-Powered-By': 'Express', 'Access-Control-Allow-Origin': '*', 'Cache-Control': 'no-cache', 'ETag': 'W/"4ab-eVIMgWqSP/LPsOqH5VojXvDfpXY"', 'Vary': 'Accept-Encoding', 'Content-Encoding': 'gzip', 'CF-Cache-Status': 'DYNAMIC', 'Report-To': '{"endpoints":[{"url":"https:\\/\\/a.nel.cloudflare.com\\/report\\/v4?s=MFkfCDNKvnf9%2BRgI8xk6Mp7l604tmomLXwOiGunjPr3IOeRQ8TUTFIWcr7yUqaiWoffcqI%2FSGEb5qBRNlhQstMdILQ4OoFNe5mHLSLCOt4NSNjQU1t%2Fp76oGMRJ2rg27"}],"group":"cf-nel","max_age":604800}', 'NEL': '{"success_fraction":0,"report_to":"cf-nel","max_age":604800}', 'Server': 'cloudflare', 'CF-RAY': '87805f4e3fa828a6-IAD', 'alt-svc': 'h3=":443"; ma=86400'} 
 body={"results":[{"gender":"female","name":{"title":"Mrs","first":"Isabella","last":"Roberts"},"location":{"street":{"number":7650,"name":"Moorhouse Avenue"},"city":"Palmerston North","state":"Hawke'S Bay","country":"New Zealand","postcode":40039,"coordinates":{"latitude":"49.4059","longitude":"152.5092"},"timezone":{"offset":"+9:00","description":"Tokyo, Seoul, Osaka, Sapporo, Yakutsk"}},"email":"isabella.roberts@example.com","login":{"uuid":"698ec894-5c51-4e5a-8429-6710ccff0dcd","username":"organicgorilla509","password":"blanco","salt":"Xue3vPGr","md5":"589bf5aa198b630b983fc9d7b07d5c65","sha1":"5ffc4ccd013f0d6ac7bcddd08a85245b9d421a77","sha256":"760556583ee04cbb7929b8a04cce584b5829f5977b79d087eb8998b66ed37a87"},"dob":{"date":"1949-05-27T03:06:22.312Z","age":74},"registered":{"date":"2002-07-31T15:11:00.609Z","age":21},"phone":"(799)-088-8823","cell":"(659)-241-7684","id":{"name":"","value":null},"picture":{"large":"https://randomuser.me/api/portraits/women/78.jpg","medium":"https://randomuser.me/api/portraits/med/women/78.jpg","thumbnail":"https://randomuser.me/api/portraits/thumb/women/78.jpg"},"nat":"NZ"}],"info":{"seed":"c1024297f6ae5e51","results":1,"page":1,"version":"1.4"}} 
 </msg>
<msg time="2024-04-21T21:12:26.669746" level="INFO">/opt/hostedtoolcache/Python/3.12.3/x64/lib/python3.12/site-packages/urllib3/connectionpool.py:1103: InsecureRequestWarning: Unverified HTTPS request is being made to host 'randomuser.me'. Adding certificate verification is strongly advised. See: https://urllib3.readthedocs.io/en/latest/advanced-usage.html#tls-warnings
  warnings.warn(</msg>
<msg time="2024-04-21T21:12:26.669867" level="INFO">${response} = &lt;Response [200]&gt;</msg>
<var>${response}</var>
<arg>consultarAPI</arg>
<arg>/api</arg>
<doc>Sends a GET request on a previously created HTTP Session.</doc>
<status status="PASS" start="2024-04-21T21:12:26.591918" elapsed="0.077991"/>
</kw>
<kw name="Set Variable" owner="BuiltIn">
<msg time="2024-04-21T21:12:26.670791" level="INFO">${json_data} = {'results': [{'gender': 'female', 'name': {'title': 'Mrs', 'first': 'Isabella', 'last': 'Roberts'}, 'location': {'street': {'number': 7650, 'name': 'Moorhouse Avenue'}, 'city': 'Palmerston North', 'st...</msg>
<var>${json_data}</var>
<arg>${response.json()}</arg>
<doc>Returns the given values which can then be assigned to a variables.</doc>
<status status="PASS" start="2024-04-21T21:12:26.670307" elapsed="0.000513"/>
</kw>
<kw name="Log" owner="BuiltIn">
<msg time="2024-04-21T21:12:26.671287" level="INFO">{'results': [{'gender': 'female', 'name': {'title': 'Mrs', 'first': 'Isabella', 'last': 'Roberts'}, 'location': {'street': {'number': 7650, 'name': 'Moorhouse Avenue'}, 'city': 'Palmerston North', 'state': "Hawke'S Bay", 'country': 'New Zealand', 'postcode': 40039, 'coordinates': {'latitude': '49.4059', 'longitude': '152.5092'}, 'timezone': {'offset': '+9:00', 'description': 'Tokyo, Seoul, Osaka, Sapporo, Yakutsk'}}, 'email': 'isabella.roberts@example.com', 'login': {'uuid': '698ec894-5c51-4e5a-8429-6710ccff0dcd', 'username': 'organicgorilla509', 'password': 'blanco', 'salt': 'Xue3vPGr', 'md5': '589bf5aa198b630b983fc9d7b07d5c65', 'sha1': '5ffc4ccd013f0d6ac7bcddd08a85245b9d421a77', 'sha256': '760556583ee04cbb7929b8a04cce584b5829f5977b79d087eb8998b66ed37a87'}, 'dob': {'date': '1949-05-27T03:06:22.312Z', 'age': 74}, 'registered': {'date': '2002-07-31T15:11:00.609Z', 'age': 21}, 'phone': '(799)-088-8823', 'cell': '(659)-241-7684', 'id': {'name': '', 'value': None}, 'picture': {'large': 'https://randomuser.me/api/portraits/women/78.jpg', 'medium': 'https://randomuser.me/api/portraits/med/women/78.jpg', 'thumbnail': 'https://randomuser.me/api/portraits/thumb/women/78.jpg'}, 'nat': 'NZ'}], 'info': {'seed': 'c1024297f6ae5e51', 'results': 1, 'page': 1, 'version': '1.4'}}</msg>
<arg>${json_data}</arg>
<doc>Logs the given message with the given level.</doc>
<status status="PASS" start="2024-04-21T21:12:26.671129" elapsed="0.000207"/>
</kw>
<kw name="Dictionary Should Contain Key" owner="Collections">
<msg time="2024-04-21T21:12:26.671836" level="INFO">False</msg>
<arg>${json_data}</arg>
<arg>results</arg>
<doc>Fails if ``key`` is not found from ``dictionary``.</doc>
<status status="PASS" start="2024-04-21T21:12:26.671673" elapsed="0.000201"/>
</kw>
<kw name="Should Not Be Empty" owner="BuiltIn">
<msg time="2024-04-21T21:12:26.672302" level="INFO">Length is 2.</msg>
<arg>${json_data}</arg>
<doc>Verifies that the given item is not empty.</doc>
<status status="PASS" start="2024-04-21T21:12:26.672167" elapsed="0.000318"/>
</kw>
<kw name="Create List" owner="BuiltIn">
<msg time="2024-04-21T21:12:26.672932" level="INFO">${expected_keys} = ['gender', 'name', 'location', 'email', 'login']</msg>
<var>${expected_keys}</var>
<arg>gender</arg>
<arg>name</arg>
<arg>location</arg>
<arg>email</arg>
<arg>login</arg>
<doc>Returns a list containing given items.</doc>
<status status="PASS" start="2024-04-21T21:12:26.672778" elapsed="0.000179"/>
</kw>
<for flavor="IN">
<iter>
<kw name="Dictionary Should Contain Key" owner="Collections">
<msg time="2024-04-21T21:12:26.673942" level="INFO">False</msg>
<arg>${json_data['results'][0]}</arg>
<arg>${key}</arg>
<doc>Fails if ``key`` is not found from ``dictionary``.</doc>
<status status="PASS" start="2024-04-21T21:12:26.673535" elapsed="0.000447"/>
</kw>
<kw name="Log" owner="BuiltIn">
<msg time="2024-04-21T21:12:26.674649" level="INFO">{'gender': 'female', 'name': {'title': 'Mrs', 'first': 'Isabella', 'last': 'Roberts'}, 'location': {'street': {'number': 7650, 'name': 'Moorhouse Avenue'}, 'city': 'Palmerston North', 'state': "Hawke'S Bay", 'country': 'New Zealand', 'postcode': 40039, 'coordinates': {'latitude': '49.4059', 'longitude': '152.5092'}, 'timezone': {'offset': '+9:00', 'description': 'Tokyo, Seoul, Osaka, Sapporo, Yakutsk'}}, 'email': 'isabella.roberts@example.com', 'login': {'uuid': '698ec894-5c51-4e5a-8429-6710ccff0dcd', 'username': 'organicgorilla509', 'password': 'blanco', 'salt': 'Xue3vPGr', 'md5': '589bf5aa198b630b983fc9d7b07d5c65', 'sha1': '5ffc4ccd013f0d6ac7bcddd08a85245b9d421a77', 'sha256': '760556583ee04cbb7929b8a04cce584b5829f5977b79d087eb8998b66ed37a87'}, 'dob': {'date': '1949-05-27T03:06:22.312Z', 'age': 74}, 'registered': {'date': '2002-07-31T15:11:00.609Z', 'age': 21}, 'phone': '(799)-088-8823', 'cell': '(659)-241-7684', 'id': {'name': '', 'value': None}, 'picture': {'large': 'https://randomuser.me/api/portraits/women/78.jpg', 'medium': 'https://randomuser.me/api/portraits/med/women/78.jpg', 'thumbnail': 'https://randomuser.me/api/portraits/thumb/women/78.jpg'}, 'nat': 'NZ'}</msg>
<arg>${json_data['results'][0]}</arg>
<doc>Logs the given message with the given level.</doc>
<status status="PASS" start="2024-04-21T21:12:26.674284" elapsed="0.000414"/>
</kw>
<kw name="Log" owner="BuiltIn">
<msg time="2024-04-21T21:12:26.675132" level="INFO">gender</msg>
<arg>${key}</arg>
<doc>Logs the given message with the given level.</doc>
<status status="PASS" start="2024-04-21T21:12:26.675003" elapsed="0.000168"/>
</kw>
<var name="${key}">gender</var>
<status status="PASS" start="2024-04-21T21:12:26.673411" elapsed="0.001978"/>
</iter>
<iter>
<kw name="Dictionary Should Contain Key" owner="Collections">
<msg time="2024-04-21T21:12:26.676148" level="INFO">False</msg>
<arg>${json_data['results'][0]}</arg>
<arg>${key}</arg>
<doc>Fails if ``key`` is not found from ``dictionary``.</doc>
<status status="PASS" start="2024-04-21T21:12:26.675742" elapsed="0.000477"/>
</kw>
<kw name="Log" owner="BuiltIn">
<msg time="2024-04-21T21:12:26.676876" level="INFO">{'gender': 'female', 'name': {'title': 'Mrs', 'first': 'Isabella', 'last': 'Roberts'}, 'location': {'street': {'number': 7650, 'name': 'Moorhouse Avenue'}, 'city': 'Palmerston North', 'state': "Hawke'S Bay", 'country': 'New Zealand', 'postcode': 40039, 'coordinates': {'latitude': '49.4059', 'longitude': '152.5092'}, 'timezone': {'offset': '+9:00', 'description': 'Tokyo, Seoul, Osaka, Sapporo, Yakutsk'}}, 'email': 'isabella.roberts@example.com', 'login': {'uuid': '698ec894-5c51-4e5a-8429-6710ccff0dcd', 'username': 'organicgorilla509', 'password': 'blanco', 'salt': 'Xue3vPGr', 'md5': '589bf5aa198b630b983fc9d7b07d5c65', 'sha1': '5ffc4ccd013f0d6ac7bcddd08a85245b9d421a77', 'sha256': '760556583ee04cbb7929b8a04cce584b5829f5977b79d087eb8998b66ed37a87'}, 'dob': {'date': '1949-05-27T03:06:22.312Z', 'age': 74}, 'registered': {'date': '2002-07-31T15:11:00.609Z', 'age': 21}, 'phone': '(799)-088-8823', 'cell': '(659)-241-7684', 'id': {'name': '', 'value': None}, 'picture': {'large': 'https://randomuser.me/api/portraits/women/78.jpg', 'medium': 'https://randomuser.me/api/portraits/med/women/78.jpg', 'thumbnail': 'https://randomuser.me/api/portraits/thumb/women/78.jpg'}, 'nat': 'NZ'}</msg>
<arg>${json_data['results'][0]}</arg>
<doc>Logs the given message with the given level.</doc>
<status status="PASS" start="2024-04-21T21:12:26.676520" elapsed="0.000405"/>
</kw>
<kw name="Log" owner="BuiltIn">
<msg time="2024-04-21T21:12:26.677345" level="INFO">name</msg>
<arg>${key}</arg>
<doc>Logs the given message with the given level.</doc>
<status status="PASS" start="2024-04-21T21:12:26.677219" elapsed="0.000164"/>
</kw>
<var name="${key}">name</var>
<status status="PASS" start="2024-04-21T21:12:26.675626" elapsed="0.001972"/>
</iter>
<iter>
<kw name="Dictionary Should Contain Key" owner="Collections">
<msg time="2024-04-21T21:12:26.678274" level="INFO">False</msg>
<arg>${json_data['results'][0]}</arg>
<arg>${key}</arg>
<doc>Fails if ``key`` is not found from ``dictionary``.</doc>
<status status="PASS" start="2024-04-21T21:12:26.677888" elapsed="0.000424"/>
</kw>
<kw name="Log" owner="BuiltIn">
<msg time="2024-04-21T21:12:26.678985" level="INFO">{'gender': 'female', 'name': {'title': 'Mrs', 'first': 'Isabella', 'last': 'Roberts'}, 'location': {'street': {'number': 7650, 'name': 'Moorhouse Avenue'}, 'city': 'Palmerston North', 'state': "Hawke'S Bay", 'country': 'New Zealand', 'postcode': 40039, 'coordinates': {'latitude': '49.4059', 'longitude': '152.5092'}, 'timezone': {'offset': '+9:00', 'description': 'Tokyo, Seoul, Osaka, Sapporo, Yakutsk'}}, 'email': 'isabella.roberts@example.com', 'login': {'uuid': '698ec894-5c51-4e5a-8429-6710ccff0dcd', 'username': 'organicgorilla509', 'password': 'blanco', 'salt': 'Xue3vPGr', 'md5': '589bf5aa198b630b983fc9d7b07d5c65', 'sha1': '5ffc4ccd013f0d6ac7bcddd08a85245b9d421a77', 'sha256': '760556583ee04cbb7929b8a04cce584b5829f5977b79d087eb8998b66ed37a87'}, 'dob': {'date': '1949-05-27T03:06:22.312Z', 'age': 74}, 'registered': {'date': '2002-07-31T15:11:00.609Z', 'age': 21}, 'phone': '(799)-088-8823', 'cell': '(659)-241-7684', 'id': {'name': '', 'value': None}, 'picture': {'large': 'https://randomuser.me/api/portraits/women/78.jpg', 'medium': 'https://randomuser.me/api/portraits/med/women/78.jpg', 'thumbnail': 'https://randomuser.me/api/portraits/thumb/women/78.jpg'}, 'nat': 'NZ'}</msg>
<arg>${json_data['results'][0]}</arg>
<doc>Logs the given message with the given level.</doc>
<status status="PASS" start="2024-04-21T21:12:26.678615" elapsed="0.000419"/>
</kw>
<kw name="Log" owner="BuiltIn">
<msg time="2024-04-21T21:12:26.679452" level="INFO">location</msg>
<arg>${key}</arg>
<doc>Logs the given message with the given level.</doc>
<status status="PASS" start="2024-04-21T21:12:26.679327" elapsed="0.000187"/>
</kw>
<var name="${key}">location</var>
<status status="PASS" start="2024-04-21T21:12:26.677775" elapsed="0.001958"/>
</iter>
<iter>
<kw name="Dictionary Should Contain Key" owner="Collections">
<msg time="2024-04-21T21:12:26.680406" level="INFO">False</msg>
<arg>${json_data['results'][0]}</arg>
<arg>${key}</arg>
<doc>Fails if ``key`` is not found from ``dictionary``.</doc>
<status status="PASS" start="2024-04-21T21:12:26.680020" elapsed="0.000424"/>
</kw>
<kw name="Log" owner="BuiltIn">
<msg time="2024-04-21T21:12:26.681107" level="INFO">{'gender': 'female', 'name': {'title': 'Mrs', 'first': 'Isabella', 'last': 'Roberts'}, 'location': {'street': {'number': 7650, 'name': 'Moorhouse Avenue'}, 'city': 'Palmerston North', 'state': "Hawke'S Bay", 'country': 'New Zealand', 'postcode': 40039, 'coordinates': {'latitude': '49.4059', 'longitude': '152.5092'}, 'timezone': {'offset': '+9:00', 'description': 'Tokyo, Seoul, Osaka, Sapporo, Yakutsk'}}, 'email': 'isabella.roberts@example.com', 'login': {'uuid': '698ec894-5c51-4e5a-8429-6710ccff0dcd', 'username': 'organicgorilla509', 'password': 'blanco', 'salt': 'Xue3vPGr', 'md5': '589bf5aa198b630b983fc9d7b07d5c65', 'sha1': '5ffc4ccd013f0d6ac7bcddd08a85245b9d421a77', 'sha256': '760556583ee04cbb7929b8a04cce584b5829f5977b79d087eb8998b66ed37a87'}, 'dob': {'date': '1949-05-27T03:06:22.312Z', 'age': 74}, 'registered': {'date': '2002-07-31T15:11:00.609Z', 'age': 21}, 'phone': '(799)-088-8823', 'cell': '(659)-241-7684', 'id': {'name': '', 'value': None}, 'picture': {'large': 'https://randomuser.me/api/portraits/women/78.jpg', 'medium': 'https://randomuser.me/api/portraits/med/women/78.jpg', 'thumbnail': 'https://randomuser.me/api/portraits/thumb/women/78.jpg'}, 'nat': 'NZ'}</msg>
<arg>${json_data['results'][0]}</arg>
<doc>Logs the given message with the given level.</doc>
<status status="PASS" start="2024-04-21T21:12:26.680744" elapsed="0.000411"/>
</kw>
<kw name="Log" owner="BuiltIn">
<msg time="2024-04-21T21:12:26.681577" level="INFO">email</msg>
<arg>${key}</arg>
<doc>Logs the given message with the given level.</doc>
<status status="PASS" start="2024-04-21T21:12:26.681449" elapsed="0.000166"/>
</kw>
<var name="${key}">email</var>
<status status="PASS" start="2024-04-21T21:12:26.679909" elapsed="0.001915"/>
</iter>
<iter>
<kw name="Dictionary Should Contain Key" owner="Collections">
<msg time="2024-04-21T21:12:26.682487" level="INFO">False</msg>
<arg>${json_data['results'][0]}</arg>
<arg>${key}</arg>
<doc>Fails if ``key`` is not found from ``dictionary``.</doc>
<status status="PASS" start="2024-04-21T21:12:26.682105" elapsed="0.000419"/>
</kw>
<kw name="Log" owner="BuiltIn">
<msg time="2024-04-21T21:12:26.683186" level="INFO">{'gender': 'female', 'name': {'title': 'Mrs', 'first': 'Isabella', 'last': 'Roberts'}, 'location': {'street': {'number': 7650, 'name': 'Moorhouse Avenue'}, 'city': 'Palmerston North', 'state': "Hawke'S Bay", 'country': 'New Zealand', 'postcode': 40039, 'coordinates': {'latitude': '49.4059', 'longitude': '152.5092'}, 'timezone': {'offset': '+9:00', 'description': 'Tokyo, Seoul, Osaka, Sapporo, Yakutsk'}}, 'email': 'isabella.roberts@example.com', 'login': {'uuid': '698ec894-5c51-4e5a-8429-6710ccff0dcd', 'username': 'organicgorilla509', 'password': 'blanco', 'salt': 'Xue3vPGr', 'md5': '589bf5aa198b630b983fc9d7b07d5c65', 'sha1': '5ffc4ccd013f0d6ac7bcddd08a85245b9d421a77', 'sha256': '760556583ee04cbb7929b8a04cce584b5829f5977b79d087eb8998b66ed37a87'}, 'dob': {'date': '1949-05-27T03:06:22.312Z', 'age': 74}, 'registered': {'date': '2002-07-31T15:11:00.609Z', 'age': 21}, 'phone': '(799)-088-8823', 'cell': '(659)-241-7684', 'id': {'name': '', 'value': None}, 'picture': {'large': 'https://randomuser.me/api/portraits/women/78.jpg', 'medium': 'https://randomuser.me/api/portraits/med/women/78.jpg', 'thumbnail': 'https://randomuser.me/api/portraits/thumb/women/78.jpg'}, 'nat': 'NZ'}</msg>
<arg>${json_data['results'][0]}</arg>
<doc>Logs the given message with the given level.</doc>
<status status="PASS" start="2024-04-21T21:12:26.682813" elapsed="0.000422"/>
</kw>
<kw name="Log" owner="BuiltIn">
<msg time="2024-04-21T21:12:26.683686" level="INFO">login</msg>
<arg>${key}</arg>
<doc>Logs the given message with the given level.</doc>
<status status="PASS" start="2024-04-21T21:12:26.683556" elapsed="0.000198"/>
</kw>
<var name="${key}">login</var>
<status status="PASS" start="2024-04-21T21:12:26.681995" elapsed="0.001976"/>
</iter>
<var>${key}</var>
<value>@{expected_keys}</value>
<status status="PASS" start="2024-04-21T21:12:26.673224" elapsed="0.010867"/>
</for>
<kw name="Create List" owner="BuiltIn">
<msg time="2024-04-21T21:12:26.684420" level="INFO">${expected_keysTwo} = ['username', 'password']</msg>
<var>${expected_keysTwo}</var>
<arg>username</arg>
<arg>password</arg>
<doc>Returns a list containing given items.</doc>
<status status="PASS" start="2024-04-21T21:12:26.684282" elapsed="0.000162"/>
</kw>
<for flavor="IN">
<iter>
<kw name="Dictionary Should Contain Key" owner="Collections">
<msg time="2024-04-21T21:12:26.685339" level="INFO">False</msg>
<arg>${json_data['results'][0]['login']}</arg>
<arg>${keyTwo}</arg>
<doc>Fails if ``key`` is not found from ``dictionary``.</doc>
<status status="PASS" start="2024-04-21T21:12:26.684943" elapsed="0.000434"/>
</kw>
<kw name="Dictionary Should Contain Key" owner="Collections">
<msg time="2024-04-21T21:12:26.686046" level="INFO">False</msg>
<arg>${json_data['results'][0]['login']}</arg>
<arg>${keyTwo}</arg>
<doc>Fails if ``key`` is not found from ``dictionary``.</doc>
<status status="PASS" start="2024-04-21T21:12:26.685669" elapsed="0.000414"/>
</kw>
<kw name="Log" owner="BuiltIn">
<msg time="2024-04-21T21:12:26.686496" level="INFO">username</msg>
<arg>${keyTwo}</arg>
<doc>Logs the given message with the given level.</doc>
<status status="PASS" start="2024-04-21T21:12:26.686370" elapsed="0.000170"/>
</kw>
<var name="${keyTwo}">username</var>
<status status="PASS" start="2024-04-21T21:12:26.684833" elapsed="0.001922"/>
</iter>
<iter>
<kw name="Dictionary Should Contain Key" owner="Collections">
<msg time="2024-04-21T21:12:26.687532" level="INFO">False</msg>
<arg>${json_data['results'][0]['login']}</arg>
<arg>${keyTwo}</arg>
<doc>Fails if ``key`` is not found from ``dictionary``.</doc>
<status status="PASS" start="2024-04-21T21:12:26.687036" elapsed="0.000539"/>
</kw>
<kw name="Dictionary Should Contain Key" owner="Collections">
<msg time="2024-04-21T21:12:26.688261" level="INFO">False</msg>
<arg>${json_data['results'][0]['login']}</arg>
<arg>${keyTwo}</arg>
<doc>Fails if ``key`` is not found from ``dictionary``.</doc>
<status status="PASS" start="2024-04-21T21:12:26.687883" elapsed="0.000414"/>
</kw>
<kw name="Log" owner="BuiltIn">
<msg time="2024-04-21T21:12:26.688714" level="INFO">password</msg>
<arg>${keyTwo}</arg>
<doc>Logs the given message with the given level.</doc>
<status status="PASS" start="2024-04-21T21:12:26.688587" elapsed="0.000164"/>
</kw>
<var name="${keyTwo}">password</var>
<status status="PASS" start="2024-04-21T21:12:26.686927" elapsed="0.002036"/>
</iter>
<var>${keyTwo}</var>
<value>@{expected_keysTwo}</value>
<status status="PASS" start="2024-04-21T21:12:26.684681" elapsed="0.004401"/>
</for>
<status status="PASS" start="2024-04-21T21:12:26.591675" elapsed="0.097545"/>
</kw>
<doc>Testa a estrutura da resposta da API.</doc>
<tag>testeEstruturaResposta</tag>
<status status="PASS" start="2024-04-21T21:12:26.591041" elapsed="0.098330"/>
</test>
<test id="s1-s1-t4" name="Validar tipos de dados" line="28">
<kw name="Teste de Tipos de Dados" owner="random-user-service">
<kw name="GET On Session" owner="RequestsLibrary">
<msg time="2024-04-21T21:12:26.770635" level="INFO">GET Request : url=https://randomuser.me/api 
 path_url=/api 
 headers={'User-Agent': 'python-requests/2.31.0', 'Accept-Encoding': 'gzip, deflate', 'Accept': '*/*', 'Connection': 'keep-alive'} 
 body=None 
 </msg>
<msg time="2024-04-21T21:12:26.770714" level="INFO">GET Response : url=https://randomuser.me/api 
 status=200, reason=OK 
 headers={'Date': 'Sun, 21 Apr 2024 21:12:26 GMT', 'Content-Type': 'application/json; charset=utf-8', 'Transfer-Encoding': 'chunked', 'Connection': 'keep-alive', 'X-Powered-By': 'Express', 'Access-Control-Allow-Origin': '*', 'Cache-Control': 'no-cache', 'ETag': 'W/"499-hrqJggVDiOOVh9FV0nhHWXEXqaA"', 'Vary': 'Accept-Encoding', 'Content-Encoding': 'gzip', 'CF-Cache-Status': 'DYNAMIC', 'Report-To': '{"endpoints":[{"url":"https:\\/\\/a.nel.cloudflare.com\\/report\\/v4?s=YYOEeZBVC8Y4E1LFbPDHr1iX%2Blay1xUkzkro1Zwz%2FocQ%2FEnKnbs%2BoMQItXWzqR%2BgdfWOWyyAqL5RsysC8oVK3Js%2BRmjtR1W%2FStWf20I9lnL5YqbEK%2FBXTAW4j1%2Bpnbjp"}],"group":"cf-nel","max_age":604800}', 'NEL': '{"success_fraction":0,"report_to":"cf-nel","max_age":604800}', 'Server': 'cloudflare', 'CF-RAY': '87805f4ed87d28a6-IAD', 'alt-svc': 'h3=":443"; ma=86400'} 
 body={"results":[{"gender":"female","name":{"title":"Miss","first":"Kübra","last":"Yılmazer"},"location":{"street":{"number":1699,"name":"Necatibey Cd"},"city":"Şanlıurfa","state":"Hakkâri","country":"Turkey","postcode":28500,"coordinates":{"latitude":"68.3480","longitude":"171.9798"},"timezone":{"offset":"+5:00","description":"Ekaterinburg, Islamabad, Karachi, Tashkent"}},"email":"kubra.yilmazer@example.com","login":{"uuid":"8e3a28c5-31f5-4c8b-b6c8-00f85a917078","username":"orangebear156","password":"sandy","salt":"g8tUGR0y","md5":"b0751d508ae051820f7c6e0364e756fe","sha1":"4f6270f90edb29738f03cab8a0cf025292d4ca3d","sha256":"9009752b2cb5732649ef902ae9291e39f52d89362f380b415dfb8d8beea3faa1"},"dob":{"date":"1998-05-03T22:37:29.530Z","age":25},"registered":{"date":"2012-09-09T14:20:05.874Z","age":11},"phone":"(650)-404-5717","cell":"(086)-120-9170","id":{"name":"","value":null},"picture":{"large":"https://randomuser.me/api/portraits/women/34.jpg","medium":"https://randomuser.me/api/portraits/med/women/34.jpg","thumbnail":"https://randomuser.me/api/portraits/thumb/women/34.jpg"},"nat":"TR"}],"info":{"seed":"993a51ead26f3ae2","results":1,"page":1,"version":"1.4"}} 
 </msg>
<msg time="2024-04-21T21:12:26.770785" level="INFO">/opt/hostedtoolcache/Python/3.12.3/x64/lib/python3.12/site-packages/urllib3/connectionpool.py:1103: InsecureRequestWarning: Unverified HTTPS request is being made to host 'randomuser.me'. Adding certificate verification is strongly advised. See: https://urllib3.readthedocs.io/en/latest/advanced-usage.html#tls-warnings
  warnings.warn(</msg>
<msg time="2024-04-21T21:12:26.770891" level="INFO">${response} = &lt;Response [200]&gt;</msg>
<var>${response}</var>
<arg>consultarAPI</arg>
<arg>/api</arg>
<doc>Sends a GET request on a previously created HTTP Session.</doc>
<status status="PASS" start="2024-04-21T21:12:26.691881" elapsed="0.079052"/>
</kw>
<kw name="Set Variable" owner="BuiltIn">
<msg time="2024-04-21T21:12:26.771839" level="INFO">${json_data} = {'results': [{'gender': 'female', 'name': {'title': 'Miss', 'first': 'Kübra', 'last': 'Yılmazer'}, 'location': {'street': {'number': 1699, 'name': 'Necatibey Cd'}, 'city': 'Şanlıurfa', 'state': 'Hakkâ...</msg>
<var>${json_data}</var>
<arg>${response.json()}</arg>
<doc>Returns the given values which can then be assigned to a variables.</doc>
<status status="PASS" start="2024-04-21T21:12:26.771345" elapsed="0.000524"/>
</kw>
<kw name="Log" owner="BuiltIn">
<msg time="2024-04-21T21:12:26.772334" level="INFO">{'results': [{'gender': 'female', 'name': {'title': 'Miss', 'first': 'Kübra', 'last': 'Yılmazer'}, 'location': {'street': {'number': 1699, 'name': 'Necatibey Cd'}, 'city': 'Şanlıurfa', 'state': 'Hakkâri', 'country': 'Turkey', 'postcode': 28500, 'coordinates': {'latitude': '68.3480', 'longitude': '171.9798'}, 'timezone': {'offset': '+5:00', 'description': 'Ekaterinburg, Islamabad, Karachi, Tashkent'}}, 'email': 'kubra.yilmazer@example.com', 'login': {'uuid': '8e3a28c5-31f5-4c8b-b6c8-00f85a917078', 'username': 'orangebear156', 'password': 'sandy', 'salt': 'g8tUGR0y', 'md5': 'b0751d508ae051820f7c6e0364e756fe', 'sha1': '4f6270f90edb29738f03cab8a0cf025292d4ca3d', 'sha256': '9009752b2cb5732649ef902ae9291e39f52d89362f380b415dfb8d8beea3faa1'}, 'dob': {'date': '1998-05-03T22:37:29.530Z', 'age': 25}, 'registered': {'date': '2012-09-09T14:20:05.874Z', 'age': 11}, 'phone': '(650)-404-5717', 'cell': '(086)-120-9170', 'id': {'name': '', 'value': None}, 'picture': {'large': 'https://randomuser.me/api/portraits/women/34.jpg', 'medium': 'https://randomuser.me/api/portraits/med/women/34.jpg', 'thumbnail': 'https://randomuser.me/api/portraits/thumb/women/34.jpg'}, 'nat': 'TR'}], 'info': {'seed': '993a51ead26f3ae2', 'results': 1, 'page': 1, 'version': '1.4'}}</msg>
<arg>${json_data}</arg>
<doc>Logs the given message with the given level.</doc>
<status status="PASS" start="2024-04-21T21:12:26.772178" elapsed="0.000241"/>
</kw>
<kw name="Should Be String" owner="String">
<arg>${json_data['results'][0]['gender']}</arg>
<doc>Fails if the given ``item`` is not a string.</doc>
<status status="PASS" start="2024-04-21T21:12:26.772719" elapsed="0.000368"/>
</kw>
<kw name="Should Match Regexp" owner="BuiltIn">
<arg>${json_data['results'][0]['email']}</arg>
<arg>^[a-zA-Z0-9._%+-]+@[a-zA-Z0-9.-]+\.[a-zA-Z]{2,}$</arg>
<doc>Fails if ``string`` does not match ``pattern`` as a regular expression.</doc>
<status status="PASS" start="2024-04-21T21:12:26.773279" elapsed="0.000519"/>
</kw>
<kw name="Should Match Regexp" owner="BuiltIn">
<arg>${json_data['results'][0]['dob']['date']}</arg>
<arg>\\d{4}-\\d{2}-\\d{2}T\\d{2}:\\d{2}:\\d{2}\\.\\d{3}Z</arg>
<doc>Fails if ``string`` does not match ``pattern`` as a regular expression.</doc>
<status status="PASS" start="2024-04-21T21:12:26.773994" elapsed="0.000483"/>
</kw>
<kw name="Should Match Regexp" owner="BuiltIn">
<arg>${json_data['results'][0]['registered']['date']}</arg>
<arg>\\d{4}-\\d{2}-\\d{2}T\\d{2}:\\d{2}:\\d{2}\\.\\d{3}Z</arg>
<doc>Fails if ``string`` does not match ``pattern`` as a regular expression.</doc>
<status status="PASS" start="2024-04-21T21:12:26.774668" elapsed="0.000375"/>
</kw>
<kw name="Should Match Regexp" owner="BuiltIn">
<arg>${json_data['results'][0]['picture']['large']}</arg>
<arg>^https?://.*\.(?:png|jpe?g|gif|bmp)$</arg>
<doc>Fails if ``string`` does not match ``pattern`` as a regular expression.</doc>
<status status="PASS" start="2024-04-21T21:12:26.775229" elapsed="0.000497"/>
</kw>
<kw name="Should Match Regexp" owner="BuiltIn">
<arg>${json_data['results'][0]['picture']['medium']}</arg>
<arg>^https?://.*\.(?:png|jpe?g|gif|bmp)$</arg>
<doc>Fails if ``string`` does not match ``pattern`` as a regular expression.</doc>
<status status="PASS" start="2024-04-21T21:12:26.775914" elapsed="0.000364"/>
</kw>
<kw name="Should Match Regexp" owner="BuiltIn">
<arg>${json_data['results'][0]['picture']['thumbnail']}</arg>
<arg>^https?://.*\.(?:png|jpe?g|gif|bmp)$</arg>
<doc>Fails if ``string`` does not match ``pattern`` as a regular expression.</doc>
<status status="PASS" start="2024-04-21T21:12:26.776467" elapsed="0.000351"/>
</kw>
<kw name="Log" owner="BuiltIn">
<msg time="2024-04-21T21:12:26.777337" level="INFO">{'large': 'https://randomuser.me/api/portraits/women/34.jpg', 'medium': 'https://randomuser.me/api/portraits/med/women/34.jpg', 'thumbnail': 'https://randomuser.me/api/portraits/thumb/women/34.jpg'}</msg>
<arg>${json_data['results'][0]['picture']}</arg>
<doc>Logs the given message with the given level.</doc>
<status status="PASS" start="2024-04-21T21:12:26.777014" elapsed="0.000363"/>
</kw>
<status status="PASS" start="2024-04-21T21:12:26.691650" elapsed="0.085976"/>
</kw>
<kw name="Teste de Tipos de Dados - Postcode" owner="random-user-service">
<kw name="GET On Session" owner="RequestsLibrary">
<msg time="2024-04-21T21:12:26.883579" level="INFO">GET Request : url=https://randomuser.me/api 
 path_url=/api 
 headers={'User-Agent': 'python-requests/2.31.0', 'Accept-Encoding': 'gzip, deflate', 'Accept': '*/*', 'Connection': 'keep-alive'} 
 body=None 
 </msg>
<msg time="2024-04-21T21:12:26.883681" level="INFO">GET Response : url=https://randomuser.me/api 
 status=200, reason=OK 
 headers={'Date': 'Sun, 21 Apr 2024 21:12:26 GMT', 'Content-Type': 'application/json; charset=utf-8', 'Transfer-Encoding': 'chunked', 'Connection': 'keep-alive', 'X-Powered-By': 'Express', 'Access-Control-Allow-Origin': '*', 'Cache-Control': 'no-cache', 'ETag': 'W/"479-1ydkJ4ixVP9IT78nt8Huj3TZcJs"', 'Vary': 'Accept-Encoding', 'Content-Encoding': 'gzip', 'CF-Cache-Status': 'DYNAMIC', 'Report-To': '{"endpoints":[{"url":"https:\\/\\/a.nel.cloudflare.com\\/report\\/v4?s=S94xC1OACUDhus5g9PzaOtY6Z9j0WrXJVSMlofe3Z1SktJnzXUQ8TQtOPoUs5QTGKoteOdUuSltnlBxsdjlVVaFcYr1CXTA61%2B4P13atGX80Nit9%2FtwRzNFa88IVak4s"}],"group":"cf-nel","max_age":604800}', 'NEL': '{"success_fraction":0,"report_to":"cf-nel","max_age":604800}', 'Server': 'cloudflare', 'CF-RAY': '87805f4f692028a6-IAD', 'alt-svc': 'h3=":443"; ma=86400'} 
 body={"results":[{"gender":"male","name":{"title":"Mr","first":"Darpan","last":"Anchan"},"location":{"street":{"number":5528,"name":"Kazimar St"},"city":"Agartala","state":"Tripura","country":"India","postcode":34915,"coordinates":{"latitude":"11.1767","longitude":"-165.2298"},"timezone":{"offset":"+7:00","description":"Bangkok, Hanoi, Jakarta"}},"email":"darpan.anchan@example.com","login":{"uuid":"40c860e4-44b2-4e57-93f4-66351a85a83e","username":"yellowfish473","password":"cobra","salt":"stQj6wDY","md5":"b03d98749747994cc3d9d6342cd877a6","sha1":"1bb6326dbaafca518852e50c0b58aed57402e8a9","sha256":"f01c8af286403877c7f0cb4389ce4e2e40c333026ae72186e680ec30f0a70ebf"},"dob":{"date":"1968-09-03T11:01:01.051Z","age":55},"registered":{"date":"2006-02-05T14:18:17.429Z","age":18},"phone":"7653652966","cell":"9295980928","id":{"name":"UIDAI","value":"116949914265"},"picture":{"large":"https://randomuser.me/api/portraits/men/33.jpg","medium":"https://randomuser.me/api/portraits/med/men/33.jpg","thumbnail":"https://randomuser.me/api/portraits/thumb/men/33.jpg"},"nat":"IN"}],"info":{"seed":"1280f256b3014bc8","results":1,"page":1,"version":"1.4"}} 
 </msg>
<msg time="2024-04-21T21:12:26.883761" level="INFO">/opt/hostedtoolcache/Python/3.12.3/x64/lib/python3.12/site-packages/urllib3/connectionpool.py:1103: InsecureRequestWarning: Unverified HTTPS request is being made to host 'randomuser.me'. Adding certificate verification is strongly advised. See: https://urllib3.readthedocs.io/en/latest/advanced-usage.html#tls-warnings
  warnings.warn(</msg>
<msg time="2024-04-21T21:12:26.883920" level="INFO">${response} = &lt;Response [200]&gt;</msg>
<var>${response}</var>
<arg>consultarAPI</arg>
<arg>/api</arg>
<doc>Sends a GET request on a previously created HTTP Session.</doc>
<status status="PASS" start="2024-04-21T21:12:26.778068" elapsed="0.105918"/>
</kw>
<kw name="Set Variable" owner="BuiltIn">
<msg time="2024-04-21T21:12:26.884939" level="INFO">${json_data} = {'results': [{'gender': 'male', 'name': {'title': 'Mr', 'first': 'Darpan', 'last': 'Anchan'}, 'location': {'street': {'number': 5528, 'name': 'Kazimar St'}, 'city': 'Agartala', 'state': 'Tripura', 'co...</msg>
<var>${json_data}</var>
<arg>${response.json()}</arg>
<doc>Returns the given values which can then be assigned to a variables.</doc>
<status status="PASS" start="2024-04-21T21:12:26.884438" elapsed="0.000528"/>
</kw>
<kw name="Log" owner="BuiltIn">
<msg time="2024-04-21T21:12:26.885454" level="INFO">{'results': [{'gender': 'male', 'name': {'title': 'Mr', 'first': 'Darpan', 'last': 'Anchan'}, 'location': {'street': {'number': 5528, 'name': 'Kazimar St'}, 'city': 'Agartala', 'state': 'Tripura', 'country': 'India', 'postcode': 34915, 'coordinates': {'latitude': '11.1767', 'longitude': '-165.2298'}, 'timezone': {'offset': '+7:00', 'description': 'Bangkok, Hanoi, Jakarta'}}, 'email': 'darpan.anchan@example.com', 'login': {'uuid': '40c860e4-44b2-4e57-93f4-66351a85a83e', 'username': 'yellowfish473', 'password': 'cobra', 'salt': 'stQj6wDY', 'md5': 'b03d98749747994cc3d9d6342cd877a6', 'sha1': '1bb6326dbaafca518852e50c0b58aed57402e8a9', 'sha256': 'f01c8af286403877c7f0cb4389ce4e2e40c333026ae72186e680ec30f0a70ebf'}, 'dob': {'date': '1968-09-03T11:01:01.051Z', 'age': 55}, 'registered': {'date': '2006-02-05T14:18:17.429Z', 'age': 18}, 'phone': '7653652966', 'cell': '9295980928', 'id': {'name': 'UIDAI', 'value': '116949914265'}, 'picture': {'large': 'https://randomuser.me/api/portraits/men/33.jpg', 'medium': 'https://randomuser.me/api/portraits/med/men/33.jpg', 'thumbnail': 'https://randomuser.me/api/portraits/thumb/men/33.jpg'}, 'nat': 'IN'}], 'info': {'seed': '1280f256b3014bc8', 'results': 1, 'page': 1, 'version': '1.4'}}</msg>
<arg>${json_data}</arg>
<doc>Logs the given message with the given level.</doc>
<status status="PASS" start="2024-04-21T21:12:26.885292" elapsed="0.000245"/>
</kw>
<kw name="Should Be Equal As Numbers" owner="BuiltIn">
<arg>${json_data['results'][0]['location']['postcode']}</arg>
<arg>${json_data['results'][0]['location']['postcode']}</arg>
<doc>Fails if objects are unequal after converting them to real numbers.</doc>
<status status="PASS" start="2024-04-21T21:12:26.886015" elapsed="0.000651"/>
</kw>
<kw name="Log" owner="BuiltIn">
<msg time="2024-04-21T21:12:26.887194" level="INFO">34915</msg>
<arg>${json_data['results'][0]['location']['postcode']}</arg>
<doc>Logs the given message with the given level.</doc>
<status status="PASS" start="2024-04-21T21:12:26.886862" elapsed="0.000372"/>
</kw>
<status status="PASS" start="2024-04-21T21:12:26.777843" elapsed="0.109669"/>
</kw>
<doc>Testa se os tipos de dados na resposta da API estão corretos.</doc>
<tag>testeTiposDados</tag>
<status status="PASS" start="2024-04-21T21:12:26.691134" elapsed="0.196557"/>
</test>
<test id="s1-s1-t5" name="Validar conteudo" line="35">
<kw name="Teste de Tipos de Conteudo" owner="random-user-service">
<kw name="GET On Session" owner="RequestsLibrary">
<msg time="2024-04-21T21:12:26.976385" level="INFO">GET Request : url=https://randomuser.me/api 
 path_url=/api 
 headers={'User-Agent': 'python-requests/2.31.0', 'Accept-Encoding': 'gzip, deflate', 'Accept': '*/*', 'Connection': 'keep-alive'} 
 body=None 
 </msg>
<msg time="2024-04-21T21:12:26.976461" level="INFO">GET Response : url=https://randomuser.me/api 
 status=200, reason=OK 
 headers={'Date': 'Sun, 21 Apr 2024 21:12:26 GMT', 'Content-Type': 'application/json; charset=utf-8', 'Transfer-Encoding': 'chunked', 'Connection': 'keep-alive', 'X-Powered-By': 'Express', 'Access-Control-Allow-Origin': '*', 'Cache-Control': 'no-cache', 'ETag': 'W/"4a5-GVgXc98CDBVrs6sOMToa/Pe91JE"', 'Vary': 'Accept-Encoding', 'Content-Encoding': 'gzip', 'CF-Cache-Status': 'DYNAMIC', 'Report-To': '{"endpoints":[{"url":"https:\\/\\/a.nel.cloudflare.com\\/report\\/v4?s=OSDpcXQX3wCTFGPZTERkIhwgOn7dftihDQCwK4e%2FLIAEKuwRPFNq9Bwlcg3q9EalkXkx45YlbWNTGWceP04uWAR8c6rSHTAuRNwUuvAWJgPQWVVUB7VryGOVHMHbtTuY"}],"group":"cf-nel","max_age":604800}', 'NEL': '{"success_fraction":0,"report_to":"cf-nel","max_age":604800}', 'Server': 'cloudflare', 'CF-RAY': '87805f501a8728a6-IAD', 'alt-svc': 'h3=":443"; ma=86400'} 
 body={"results":[{"gender":"male","name":{"title":"Mr","first":"Francisco","last":"Mills"},"location":{"street":{"number":4094,"name":"London Road"},"city":"York","state":"Tyne and Wear","country":"United Kingdom","postcode":"F0J 0RU","coordinates":{"latitude":"-7.9734","longitude":"-139.0406"},"timezone":{"offset":"+5:00","description":"Ekaterinburg, Islamabad, Karachi, Tashkent"}},"email":"francisco.mills@example.com","login":{"uuid":"59b65fe2-b352-492b-81f5-67042a90a718","username":"yellowfrog443","password":"aaa111","salt":"SowkJjTG","md5":"4f30565af5fc9bdbc57df777ab977ee1","sha1":"ee5c79b0697ce9600022694a9ce27519f336ab73","sha256":"bab303d997d6c7efccde57da8305d62253f59483e443b0f1a3a666506b28a55e"},"dob":{"date":"1971-05-20T18:17:53.589Z","age":52},"registered":{"date":"2003-04-10T02:28:56.786Z","age":21},"phone":"015395 74819","cell":"07844 889929","id":{"name":"NINO","value":"CX 67 81 81 A"},"picture":{"large":"https://randomuser.me/api/portraits/men/27.jpg","medium":"https://randomuser.me/api/portraits/med/men/27.jpg","thumbnail":"https://randomuser.me/api/portraits/thumb/men/27.jpg"},"nat":"GB"}],"info":{"seed":"4bf6162b38c16521","results":1,"page":1,"version":"1.4"}} 
 </msg>
<msg time="2024-04-21T21:12:26.976522" level="INFO">/opt/hostedtoolcache/Python/3.12.3/x64/lib/python3.12/site-packages/urllib3/connectionpool.py:1103: InsecureRequestWarning: Unverified HTTPS request is being made to host 'randomuser.me'. Adding certificate verification is strongly advised. See: https://urllib3.readthedocs.io/en/latest/advanced-usage.html#tls-warnings
  warnings.warn(</msg>
<msg time="2024-04-21T21:12:26.976641" level="INFO">${response} = &lt;Response [200]&gt;</msg>
<var>${response}</var>
<arg>consultarAPI</arg>
<arg>/api</arg>
<doc>Sends a GET request on a previously created HTTP Session.</doc>
<status status="PASS" start="2024-04-21T21:12:26.890194" elapsed="0.086491"/>
</kw>
<kw name="Set Variable" owner="BuiltIn">
<msg time="2024-04-21T21:12:26.977561" level="INFO">${json_data} = {'results': [{'gender': 'male', 'name': {'title': 'Mr', 'first': 'Francisco', 'last': 'Mills'}, 'location': {'street': {'number': 4094, 'name': 'London Road'}, 'city': 'York', 'state': 'Tyne and Wear'...</msg>
<var>${json_data}</var>
<arg>${response.json()}</arg>
<doc>Returns the given values which can then be assigned to a variables.</doc>
<status status="PASS" start="2024-04-21T21:12:26.977093" elapsed="0.000496"/>
</kw>
<kw name="Set Variable" owner="BuiltIn">
<msg time="2024-04-21T21:12:26.978287" level="INFO">${name_title} = Mr</msg>
<var>${name_title}</var>
<arg>${json_data["results"][0]["name"]["title"]}</arg>
<doc>Returns the given values which can then be assigned to a variables.</doc>
<status status="PASS" start="2024-04-21T21:12:26.977891" elapsed="0.000420"/>
</kw>
<kw name="Create List" owner="BuiltIn">
<msg time="2024-04-21T21:12:26.978752" level="INFO">${allowed_titles} = ['Mr', 'Ms', 'Miss', 'Mrs', 'Madame', 'Monsieur']</msg>
<var>${allowed_titles}</var>
<arg>Mr</arg>
<arg>Ms</arg>
<arg>Miss</arg>
<arg>Mrs</arg>
<arg>Madame</arg>
<arg>Monsieur</arg>
<doc>Returns a list containing given items.</doc>
<status status="PASS" start="2024-04-21T21:12:26.978605" elapsed="0.000171"/>
</kw>
<kw name="List Should Contain Value" owner="Collections">
<msg time="2024-04-21T21:12:26.979246" level="INFO">False</msg>
<arg>${allowed_titles}</arg>
<arg>${name_title}</arg>
<doc>Fails if the ``value`` is not found from ``list``.</doc>
<status status="PASS" start="2024-04-21T21:12:26.979074" elapsed="0.000208"/>
</kw>
<kw name="Set Variable" owner="BuiltIn">
<msg time="2024-04-21T21:12:26.980001" level="INFO">${name_country} = GB</msg>
<var>${name_country}</var>
<arg>${json_data["results"][0]["nat"]}</arg>
<doc>Returns the given values which can then be assigned to a variables.</doc>
<status status="PASS" start="2024-04-21T21:12:26.979619" elapsed="0.000407"/>
</kw>
<kw name="Create List" owner="BuiltIn">
<msg time="2024-04-21T21:12:26.980909" level="INFO">${list_country} = ['AD', 'AE', 'AF', 'AG', 'AI', 'AL', 'AM', 'AO', 'AQ', 'AR', 'AS', 'AT', 'AU', 'AW', 'AX', 'AZ', 'BA', 'BB', 'BD', 'BE', 'BF', 'BG', 'BH', 'BI', 'BJ', 'BL', 'BM', 'BN', 'BO', 'BQ', 'BR', 'BS', 'BT', '...</msg>
<var>${list_country}</var>
<arg>AD</arg>
<arg>AE</arg>
<arg>AF</arg>
<arg>AG</arg>
<arg>AI</arg>
<arg>AL</arg>
<arg>AM</arg>
<arg>AO</arg>
<arg>AQ</arg>
<arg>AR</arg>
<arg>AS</arg>
<arg>AT</arg>
<arg>AU</arg>
<arg>AW</arg>
<arg>AX</arg>
<arg>AZ</arg>
<arg>BA</arg>
<arg>BB</arg>
<arg>BD</arg>
<arg>BE</arg>
<arg>BF</arg>
<arg>BG</arg>
<arg>BH</arg>
<arg>BI</arg>
<arg>BJ</arg>
<arg>BL</arg>
<arg>BM</arg>
<arg>BN</arg>
<arg>BO</arg>
<arg>BQ</arg>
<arg>BR</arg>
<arg>BS</arg>
<arg>BT</arg>
<arg>BV</arg>
<arg>BW</arg>
<arg>BY</arg>
<arg>BZ</arg>
<arg>CA</arg>
<arg>CC</arg>
<arg>CD</arg>
<arg>CF</arg>
<arg>CG</arg>
<arg>CH</arg>
<arg>CI</arg>
<arg>CK</arg>
<arg>CL</arg>
<arg>CM</arg>
<arg>CN</arg>
<arg>CO</arg>
<arg>CR</arg>
<arg>CU</arg>
<arg>CV</arg>
<arg>CW</arg>
<arg>CX</arg>
<arg>CY</arg>
<arg>CZ</arg>
<arg>DE</arg>
<arg>DJ</arg>
<arg>DK</arg>
<arg>DM</arg>
<arg>DO</arg>
<arg>DZ</arg>
<arg>EC</arg>
<arg>EE</arg>
<arg>EG</arg>
<arg>EH</arg>
<arg>ER</arg>
<arg>ES</arg>
<arg>ET</arg>
<arg>FI</arg>
<arg>FJ</arg>
<arg>FK</arg>
<arg>FM</arg>
<arg>FO</arg>
<arg>FR</arg>
<arg>GA</arg>
<arg>GB</arg>
<arg>GD</arg>
<arg>GE</arg>
<arg>GF</arg>
<arg>GG</arg>
<arg>GH</arg>
<arg>GI</arg>
<arg>GL</arg>
<arg>GM</arg>
<arg>GN</arg>
<arg>GP</arg>
<arg>GQ</arg>
<arg>GR</arg>
<arg>GS</arg>
<arg>GT</arg>
<arg>GU</arg>
<arg>GW</arg>
<arg>GY</arg>
<arg>HK</arg>
<arg>HM</arg>
<arg>HN</arg>
<arg>HR</arg>
<arg>HT</arg>
<arg>HU</arg>
<arg>ID</arg>
<arg>IE</arg>
<arg>IL</arg>
<arg>IM</arg>
<arg>IN</arg>
<arg>IO</arg>
<arg>IQ</arg>
<arg>IR</arg>
<arg>IS</arg>
<arg>IT</arg>
<arg>JE</arg>
<arg>JM</arg>
<arg>JO</arg>
<arg>JP</arg>
<arg>KE</arg>
<arg>KG</arg>
<arg>KH</arg>
<arg>KI</arg>
<arg>KM</arg>
<arg>KN</arg>
<arg>KP</arg>
<arg>KR</arg>
<arg>KW</arg>
<arg>KY</arg>
<arg>KZ</arg>
<arg>LA</arg>
<arg>LB</arg>
<arg>LC</arg>
<arg>LI</arg>
<arg>LK</arg>
<arg>LR</arg>
<arg>LS</arg>
<arg>LT</arg>
<arg>LU</arg>
<arg>LV</arg>
<arg>LY</arg>
<arg>MA</arg>
<arg>MC</arg>
<arg>MD</arg>
<arg>ME</arg>
<arg>MF</arg>
<arg>MG</arg>
<arg>MH</arg>
<arg>MK</arg>
<arg>ML</arg>
<arg>MM</arg>
<arg>MN</arg>
<arg>MO</arg>
<arg>MP</arg>
<arg>MQ</arg>
<arg>MR</arg>
<arg>MS</arg>
<arg>MT</arg>
<arg>MU</arg>
<arg>MV</arg>
<arg>MW</arg>
<arg>MX</arg>
<arg>MY</arg>
<arg>MZ</arg>
<arg>NA</arg>
<arg>NC</arg>
<arg>NE</arg>
<arg>NF</arg>
<arg>NG</arg>
<arg>NI</arg>
<arg>NL</arg>
<arg>NO</arg>
<arg>NP</arg>
<arg>NR</arg>
<arg>NU</arg>
<arg>NZ</arg>
<arg>OM</arg>
<arg>PA</arg>
<arg>PE</arg>
<arg>PF</arg>
<arg>PG</arg>
<arg>PH</arg>
<arg>PK</arg>
<arg>PL</arg>
<arg>PM</arg>
<arg>PN</arg>
<arg>PR</arg>
<arg>PS</arg>
<arg>PT</arg>
<arg>PW</arg>
<arg>PY</arg>
<arg>QA</arg>
<arg>RE</arg>
<arg>RO</arg>
<arg>RS</arg>
<arg>RU</arg>
<arg>RW</arg>
<arg>SA</arg>
<arg>SB</arg>
<arg>SC</arg>
<arg>SD</arg>
<arg>SE</arg>
<arg>SG</arg>
<arg>SH</arg>
<arg>SI</arg>
<arg>SJ</arg>
<arg>SK</arg>
<arg>SL</arg>
<arg>SM</arg>
<arg>SN</arg>
<arg>SO</arg>
<arg>SR</arg>
<arg>SS</arg>
<arg>ST</arg>
<arg>SV</arg>
<arg>SX</arg>
<arg>SY</arg>
<arg>SZ</arg>
<arg>TC</arg>
<arg>TD</arg>
<arg>TF</arg>
<arg>TG</arg>
<arg>TH</arg>
<arg>TJ</arg>
<arg>TK</arg>
<arg>TL</arg>
<arg>TM</arg>
<arg>TN</arg>
<arg>TO</arg>
<arg>TR</arg>
<arg>TT</arg>
<arg>TV</arg>
<arg>TW</arg>
<arg>TZ</arg>
<arg>UA</arg>
<arg>UG</arg>
<arg>UM</arg>
<arg>US</arg>
<arg>UY</arg>
<arg>UZ</arg>
<arg>VA</arg>
<arg>VC</arg>
<arg>VE</arg>
<arg>VG</arg>
<arg>VI</arg>
<arg>VN</arg>
<arg>VU</arg>
<arg>WF</arg>
<arg>WS</arg>
<arg>XK</arg>
<arg>YE</arg>
<arg>YT</arg>
<arg>ZA</arg>
<arg>ZM</arg>
<arg>ZW</arg>
<doc>Returns a list containing given items.</doc>
<status status="PASS" start="2024-04-21T21:12:26.980324" elapsed="0.000610"/>
</kw>
<kw name="List Should Contain Value" owner="Collections">
<msg time="2024-04-21T21:12:26.981919" level="INFO">False</msg>
<arg>${list_country}</arg>
<arg>${name_country}</arg>
<doc>Fails if the ``value`` is not found from ``list``.</doc>
<status status="PASS" start="2024-04-21T21:12:26.981719" elapsed="0.000235"/>
</kw>
<kw name="Run Keyword If" owner="BuiltIn">
<kw name="Should Be True" owner="BuiltIn">
<arg>${True}</arg>
<doc>Fails if the given condition is not true.</doc>
<status status="PASS" start="2024-04-21T21:12:26.983035" elapsed="0.000247"/>
</kw>
<arg>${json_data["results"][0]["location"]["coordinates"]["latitude"]} &gt;= -90 and ${json_data["results"][0]["location"]["coordinates"]["latitude"]} &lt;= 90</arg>
<arg>Should Be True</arg>
<arg>${True}</arg>
<doc>Runs the given keyword with the given arguments, if ``condition`` is true.</doc>
<status status="PASS" start="2024-04-21T21:12:26.982263" elapsed="0.001151"/>
</kw>
<kw name="Run Keyword If" owner="BuiltIn">
<kw name="Should Be True" owner="BuiltIn">
<arg>${True}</arg>
<doc>Fails if the given condition is not true.</doc>
<status status="PASS" start="2024-04-21T21:12:26.984336" elapsed="0.000137"/>
</kw>
<arg>${json_data["results"][0]["location"]["coordinates"]["longitude"]} &gt;= -180 and ${json_data["results"][0]["location"]["coordinates"]["longitude"]} &lt;= 180</arg>
<arg>Should Be True</arg>
<arg>${True}</arg>
<doc>Runs the given keyword with the given arguments, if ``condition`` is true.</doc>
<status status="PASS" start="2024-04-21T21:12:26.983633" elapsed="0.000962"/>
</kw>
<status status="PASS" start="2024-04-21T21:12:26.889963" elapsed="0.094760"/>
</kw>
<doc>Testa o conteúdo específico dos campos retornados pela API.</doc>
<tag>testeConteudo</tag>
<status status="PASS" start="2024-04-21T21:12:26.889472" elapsed="0.095395"/>
</test>
<status status="PASS" start="2024-04-21T21:12:26.190732" elapsed="0.796076"/>
</suite>
<status status="PASS" start="2024-04-21T21:12:26.176855" elapsed="0.815080"/>
</suite>
<statistics>
<total>
<stat pass="5" fail="0" skip="0">All Tests</stat>
</total>
<tag>
<stat pass="1" fail="0" skip="0">testeConteudo</stat>
<stat pass="1" fail="0" skip="0">testeEstruturaResposta</stat>
<stat pass="1" fail="0" skip="0">testeRequisicaoBasica</stat>
<stat pass="1" fail="0" skip="0">testeTiposDados</stat>
</tag>
<suite>
<stat pass="5" fail="0" skip="0" id="s1" name="Tests">Tests</stat>
<stat pass="5" fail="0" skip="0" id="s1-s1" name="Random-User-Test">Tests.Random-User-Test</stat>
</suite>
</statistics>
<errors>
</errors>
</robot>
