<?xml version="1.0" encoding="UTF-8"?>
<robot generator="Robot 7.0 (Python 3.12.3 on linux)" generated="2024-05-02T23:15:57.553368" rpa="false" schemaversion="5">
<suite id="s1" name="Tests" source="/home/runner/work/DesafioQAItauRogerioJordao/DesafioQAItauRogerioJordao/RamdonUser/tests">
<suite id="s1-s1" name="Random-User-Test" source="/home/runner/work/DesafioQAItauRogerioJordao/DesafioQAItauRogerioJordao/RamdonUser/tests/random-user-test.robot">
<test id="s1-s1-t1" name="Conectar" line="13">
<kw name="Conectar API" owner="random-user-service">
<kw name="Create Session" owner="RequestsLibrary">
<msg time="2024-05-02T23:15:57.914060" level="INFO">Creating Session using : alias=consultarAPI, url=https://randomuser.me/, headers={},                     cookies={}, auth=None, timeout=None, proxies=None, verify=False,                     debug=0 </msg>
<arg>consultarAPI</arg>
<arg>${URL}</arg>
<doc>Create Session: create a HTTP session to a server</doc>
<status status="PASS" start="2024-05-02T23:15:57.913866" elapsed="0.000361"/>
</kw>
<status status="PASS" start="2024-05-02T23:15:57.912939" elapsed="0.001636"/>
</kw>
<status status="PASS" start="2024-05-02T23:15:57.912397" elapsed="0.002368"/>
</test>
<test id="s1-s1-t2" name="Validar retorno 200 e JSON Válido" line="16">
<kw name="Teste de Requisicao Basica" owner="random-user-service">
<kw name="GET On Session" owner="RequestsLibrary">
<msg time="2024-05-02T23:15:57.993373" level="INFO">GET Request : url=https://randomuser.me/api 
 path_url=/api 
 headers={'User-Agent': 'python-requests/2.31.0', 'Accept-Encoding': 'gzip, deflate', 'Accept': '*/*', 'Connection': 'keep-alive'} 
 body=None 
 </msg>
<msg time="2024-05-02T23:15:57.993497" level="INFO">GET Response : url=https://randomuser.me/api 
 status=200, reason=OK 
 headers={'Date': 'Thu, 02 May 2024 23:15:57 GMT', 'Content-Type': 'application/json; charset=utf-8', 'Transfer-Encoding': 'chunked', 'Connection': 'keep-alive', 'X-Powered-By': 'Express', 'Access-Control-Allow-Origin': '*', 'Cache-Control': 'no-cache', 'ETag': 'W/"496-X1hoZVQPbqT0y/gr9VTeBwp5pPk"', 'Vary': 'Accept-Encoding', 'Content-Encoding': 'gzip', 'CF-Cache-Status': 'DYNAMIC', 'Report-To': '{"endpoints":[{"url":"https:\\/\\/a.nel.cloudflare.com\\/report\\/v4?s=62sS0iM1OWW1Ir%2FGiGWZ17fMGKYPoiCEcnrbr2HnOwbqvimI8IlyjcbOQGVNEl%2Fqo8rEYkCoCp3206zYdjt3Tm4IuUul%2FUvSK%2FQLxbZuPcTTVV2ynW%2FbyCI9GRW2m%2BTe"}],"group":"cf-nel","max_age":604800}', 'NEL': '{"success_fraction":0,"report_to":"cf-nel","max_age":604800}', 'Server': 'cloudflare', 'CF-RAY': '87dbb75f3d9f3b5f-IAD', 'alt-svc': 'h3=":443"; ma=86400'} 
 body={"results":[{"gender":"female","name":{"title":"Ms","first":"Isabell","last":"Erdal"},"location":{"street":{"number":5630,"name":"Nedre Ullern terrasse"},"city":"Kongsvinger","state":"Hedmark","country":"Norway","postcode":"8072","coordinates":{"latitude":"46.8540","longitude":"27.6632"},"timezone":{"offset":"-6:00","description":"Central Time (US &amp; Canada), Mexico City"}},"email":"isabell.erdal@example.com","login":{"uuid":"62f39965-c40c-4520-a901-e4243b3d7e8b","username":"bigtiger378","password":"147852","salt":"pbYtkcjL","md5":"85f8b34028df199fc787ad3ad0a07078","sha1":"b4d2cf17fc6260d80181c076b2e9eb6f116a5ed4","sha256":"dc79db8d07ea3739df379f2ebcf4e99f97e34e407f1555d3ae322a1596bde0d2"},"dob":{"date":"1953-04-22T19:21:11.131Z","age":71},"registered":{"date":"2008-03-30T17:31:02.363Z","age":16},"phone":"72848574","cell":"93739090","id":{"name":"FN","value":"22045328477"},"picture":{"large":"https://randomuser.me/api/portraits/women/23.jpg","medium":"https://randomuser.me/api/portraits/med/women/23.jpg","thumbnail":"https://randomuser.me/api/portraits/thumb/women/23.jpg"},"nat":"NO"}],"info":{"seed":"36ada7d0f895ab97","results":1,"page":1,"version":"1.4"}} 
 </msg>
<msg time="2024-05-02T23:15:57.993581" level="INFO">/opt/hostedtoolcache/Python/3.12.3/x64/lib/python3.12/site-packages/urllib3/connectionpool.py:1103: InsecureRequestWarning: Unverified HTTPS request is being made to host 'randomuser.me'. Adding certificate verification is strongly advised. See: https://urllib3.readthedocs.io/en/latest/advanced-usage.html#tls-warnings
  warnings.warn(</msg>
<msg time="2024-05-02T23:15:57.993703" level="INFO">${response} = &lt;Response [200]&gt;</msg>
<var>${response}</var>
<arg>consultarAPI</arg>
<arg>/api</arg>
<doc>Sends a GET request on a previously created HTTP Session.</doc>
<status status="PASS" start="2024-05-02T23:15:57.917392" elapsed="0.076352"/>
</kw>
<kw name="Should Be Equal As Numbers" owner="BuiltIn">
<msg time="2024-05-02T23:15:57.994544" level="INFO">Argument types are:
&lt;class 'int'&gt;
&lt;class 'str'&gt;</msg>
<arg>${response.status_code}</arg>
<arg>200</arg>
<doc>Fails if objects are unequal after converting them to real numbers.</doc>
<status status="PASS" start="2024-05-02T23:15:57.994140" elapsed="0.000468"/>
</kw>
<kw name="Log" owner="BuiltIn">
<msg time="2024-05-02T23:15:57.995300" level="INFO">200</msg>
<arg>${response.status_code}</arg>
<doc>Logs the given message with the given level.</doc>
<status status="PASS" start="2024-05-02T23:15:57.994941" elapsed="0.000403"/>
</kw>
<kw name="Set Variable" owner="BuiltIn">
<msg time="2024-05-02T23:15:57.996136" level="INFO">${json_data} = {'results': [{'gender': 'female', 'name': {'title': 'Ms', 'first': 'Isabell', 'last': 'Erdal'}, 'location': {'street': {'number': 5630, 'name': 'Nedre Ullern terrasse'}, 'city': 'Kongsvinger', 'state'...</msg>
<var>${json_data}</var>
<arg>${response.json()}</arg>
<doc>Returns the given values which can then be assigned to a variables.</doc>
<status status="PASS" start="2024-05-02T23:15:57.995697" elapsed="0.000468"/>
</kw>
<kw name="Dictionary Should Contain Key" owner="Collections">
<msg time="2024-05-02T23:15:57.996638" level="INFO">False</msg>
<arg>${json_data}</arg>
<arg>results</arg>
<doc>Fails if ``key`` is not found from ``dictionary``.</doc>
<status status="PASS" start="2024-05-02T23:15:57.996467" elapsed="0.000211"/>
</kw>
<status status="PASS" start="2024-05-02T23:15:57.917150" elapsed="0.079780"/>
</kw>
<doc>Testa se a API responde corretamente e retorna um objeto JSON válido.</doc>
<tag>testeRequisicaoBasica</tag>
<status status="PASS" start="2024-05-02T23:15:57.916684" elapsed="0.080416"/>
</test>
<test id="s1-s1-t3" name="Validar estrutura de resposta" line="22">
<kw name="Teste de Estrutura de Resposta" owner="random-user-service">
<kw name="GET On Session" owner="RequestsLibrary">
<msg time="2024-05-02T23:15:58.089423" level="INFO">GET Request : url=https://randomuser.me/api 
 path_url=/api 
 headers={'User-Agent': 'python-requests/2.31.0', 'Accept-Encoding': 'gzip, deflate', 'Accept': '*/*', 'Connection': 'keep-alive'} 
 body=None 
 </msg>
<msg time="2024-05-02T23:15:58.089514" level="INFO">GET Response : url=https://randomuser.me/api 
 status=200, reason=OK 
 headers={'Date': 'Thu, 02 May 2024 23:15:58 GMT', 'Content-Type': 'application/json; charset=utf-8', 'Transfer-Encoding': 'chunked', 'Connection': 'keep-alive', 'X-Powered-By': 'Express', 'Access-Control-Allow-Origin': '*', 'Cache-Control': 'no-cache', 'ETag': 'W/"4aa-/FpqtE3WXg5wHoeCsC3PSPjXnw8"', 'Vary': 'Accept-Encoding', 'Content-Encoding': 'gzip', 'CF-Cache-Status': 'DYNAMIC', 'Report-To': '{"endpoints":[{"url":"https:\\/\\/a.nel.cloudflare.com\\/report\\/v4?s=x1m5BHEgF1dIg3uz2vvswyOObbQzjxLFyic2W55a2HureT7bEVYeuHOefgU2eS%2FBR126cjgM%2BqjCzgcw3VpTMR9D%2Bs3HGaurB5MuPoxDqY4KcMxbjFuNe4KGd%2F8E8EMI"}],"group":"cf-nel","max_age":604800}', 'NEL': '{"success_fraction":0,"report_to":"cf-nel","max_age":604800}', 'Server': 'cloudflare', 'CF-RAY': '87dbb75f8df83b5f-IAD', 'alt-svc': 'h3=":443"; ma=86400'} 
 body={"results":[{"gender":"female","name":{"title":"Miss","first":"تینا","last":"سلطانی نژاد"},"location":{"street":{"number":7832,"name":"خاوران"},"city":"ساوه","state":"چهارمحال و بختیاری","country":"Iran","postcode":11796,"coordinates":{"latitude":"13.4265","longitude":"20.9491"},"timezone":{"offset":"-7:00","description":"Mountain Time (US &amp; Canada)"}},"email":"tyn.sltnynjd@example.com","login":{"uuid":"4553c38c-04b0-4824-87b5-8d9f9d5bd3fa","username":"greenleopard841","password":"renault","salt":"tTcIkpaE","md5":"bf0eb81dadad77ce1b5e1919823ed99d","sha1":"34e40c0c0493c91f4317253d0748a4102b823f1a","sha256":"626b86392fe323dce7d2775f6232f5c5e991bc926b7cdf14b27123ac208a1fb6"},"dob":{"date":"1979-10-05T20:03:42.147Z","age":44},"registered":{"date":"2021-12-16T08:16:05.905Z","age":2},"phone":"083-78296460","cell":"0909-150-0548","id":{"name":"","value":null},"picture":{"large":"https://randomuser.me/api/portraits/women/57.jpg","medium":"https://randomuser.me/api/portraits/med/women/57.jpg","thumbnail":"https://randomuser.me/api/portraits/thumb/women/57.jpg"},"nat":"IR"}],"info":{"seed":"fe754fd466b8afd8","results":1,"page":1,"version":"1.4"}} 
 </msg>
<msg time="2024-05-02T23:15:58.089644" level="INFO">/opt/hostedtoolcache/Python/3.12.3/x64/lib/python3.12/site-packages/urllib3/connectionpool.py:1103: InsecureRequestWarning: Unverified HTTPS request is being made to host 'randomuser.me'. Adding certificate verification is strongly advised. See: https://urllib3.readthedocs.io/en/latest/advanced-usage.html#tls-warnings
  warnings.warn(</msg>
<msg time="2024-05-02T23:15:58.089788" level="INFO">${response} = &lt;Response [200]&gt;</msg>
<var>${response}</var>
<arg>consultarAPI</arg>
<arg>/api</arg>
<doc>Sends a GET request on a previously created HTTP Session.</doc>
<status status="PASS" start="2024-05-02T23:15:57.999742" elapsed="0.090098"/>
</kw>
<kw name="Set Variable" owner="BuiltIn">
<msg time="2024-05-02T23:15:58.090860" level="INFO">${json_data} = {'results': [{'gender': 'female', 'name': {'title': 'Miss', 'first': 'تینا', 'last': 'سلطانی نژاد'}, 'location': {'street': {'number': 7832, 'name': 'خاوران'}, 'city': 'ساوه', 'state': 'چهارمحال و بخت...</msg>
<var>${json_data}</var>
<arg>${response.json()}</arg>
<doc>Returns the given values which can then be assigned to a variables.</doc>
<status status="PASS" start="2024-05-02T23:15:58.090294" elapsed="0.000597"/>
</kw>
<kw name="Log" owner="BuiltIn">
<msg time="2024-05-02T23:15:58.091415" level="INFO">{'results': [{'gender': 'female', 'name': {'title': 'Miss', 'first': 'تینا', 'last': 'سلطانی نژاد'}, 'location': {'street': {'number': 7832, 'name': 'خاوران'}, 'city': 'ساوه', 'state': 'چهارمحال و بختیاری', 'country': 'Iran', 'postcode': 11796, 'coordinates': {'latitude': '13.4265', 'longitude': '20.9491'}, 'timezone': {'offset': '-7:00', 'description': 'Mountain Time (US &amp; Canada)'}}, 'email': 'tyn.sltnynjd@example.com', 'login': {'uuid': '4553c38c-04b0-4824-87b5-8d9f9d5bd3fa', 'username': 'greenleopard841', 'password': 'renault', 'salt': 'tTcIkpaE', 'md5': 'bf0eb81dadad77ce1b5e1919823ed99d', 'sha1': '34e40c0c0493c91f4317253d0748a4102b823f1a', 'sha256': '626b86392fe323dce7d2775f6232f5c5e991bc926b7cdf14b27123ac208a1fb6'}, 'dob': {'date': '1979-10-05T20:03:42.147Z', 'age': 44}, 'registered': {'date': '2021-12-16T08:16:05.905Z', 'age': 2}, 'phone': '083-78296460', 'cell': '0909-150-0548', 'id': {'name': '', 'value': None}, 'picture': {'large': 'https://randomuser.me/api/portraits/women/57.jpg', 'medium': 'https://randomuser.me/api/portraits/med/women/57.jpg', 'thumbnail': 'https://randomuser.me/api/portraits/thumb/women/57.jpg'}, 'nat': 'IR'}], 'info': {'seed': 'fe754fd466b8afd8', 'results': 1, 'page': 1, 'version': '1.4'}}</msg>
<arg>${json_data}</arg>
<doc>Logs the given message with the given level.</doc>
<status status="PASS" start="2024-05-02T23:15:58.091220" elapsed="0.000254"/>
</kw>
<kw name="Dictionary Should Contain Key" owner="Collections">
<msg time="2024-05-02T23:15:58.091937" level="INFO">False</msg>
<arg>${json_data}</arg>
<arg>results</arg>
<doc>Fails if ``key`` is not found from ``dictionary``.</doc>
<status status="PASS" start="2024-05-02T23:15:58.091780" elapsed="0.000196"/>
</kw>
<kw name="Should Not Be Empty" owner="BuiltIn">
<msg time="2024-05-02T23:15:58.092408" level="INFO">Length is 2.</msg>
<arg>${json_data}</arg>
<doc>Verifies that the given item is not empty.</doc>
<status status="PASS" start="2024-05-02T23:15:58.092275" elapsed="0.000295"/>
</kw>
<kw name="Create List" owner="BuiltIn">
<msg time="2024-05-02T23:15:58.093027" level="INFO">${expected_keys} = ['gender', 'name', 'location', 'email', 'login']</msg>
<var>${expected_keys}</var>
<arg>gender</arg>
<arg>name</arg>
<arg>location</arg>
<arg>email</arg>
<arg>login</arg>
<doc>Returns a list containing given items.</doc>
<status status="PASS" start="2024-05-02T23:15:58.092870" elapsed="0.000182"/>
</kw>
<for flavor="IN">
<iter>
<kw name="Dictionary Should Contain Key" owner="Collections">
<msg time="2024-05-02T23:15:58.094020" level="INFO">False</msg>
<arg>${json_data['results'][0]}</arg>
<arg>${key}</arg>
<doc>Fails if ``key`` is not found from ``dictionary``.</doc>
<status status="PASS" start="2024-05-02T23:15:58.093610" elapsed="0.000449"/>
</kw>
<kw name="Log" owner="BuiltIn">
<msg time="2024-05-02T23:15:58.094728" level="INFO">{'gender': 'female', 'name': {'title': 'Miss', 'first': 'تینا', 'last': 'سلطانی نژاد'}, 'location': {'street': {'number': 7832, 'name': 'خاوران'}, 'city': 'ساوه', 'state': 'چهارمحال و بختیاری', 'country': 'Iran', 'postcode': 11796, 'coordinates': {'latitude': '13.4265', 'longitude': '20.9491'}, 'timezone': {'offset': '-7:00', 'description': 'Mountain Time (US &amp; Canada)'}}, 'email': 'tyn.sltnynjd@example.com', 'login': {'uuid': '4553c38c-04b0-4824-87b5-8d9f9d5bd3fa', 'username': 'greenleopard841', 'password': 'renault', 'salt': 'tTcIkpaE', 'md5': 'bf0eb81dadad77ce1b5e1919823ed99d', 'sha1': '34e40c0c0493c91f4317253d0748a4102b823f1a', 'sha256': '626b86392fe323dce7d2775f6232f5c5e991bc926b7cdf14b27123ac208a1fb6'}, 'dob': {'date': '1979-10-05T20:03:42.147Z', 'age': 44}, 'registered': {'date': '2021-12-16T08:16:05.905Z', 'age': 2}, 'phone': '083-78296460', 'cell': '0909-150-0548', 'id': {'name': '', 'value': None}, 'picture': {'large': 'https://randomuser.me/api/portraits/women/57.jpg', 'medium': 'https://randomuser.me/api/portraits/med/women/57.jpg', 'thumbnail': 'https://randomuser.me/api/portraits/thumb/women/57.jpg'}, 'nat': 'IR'}</msg>
<arg>${json_data['results'][0]}</arg>
<doc>Logs the given message with the given level.</doc>
<status status="PASS" start="2024-05-02T23:15:58.094357" elapsed="0.000424"/>
</kw>
<kw name="Log" owner="BuiltIn">
<msg time="2024-05-02T23:15:58.095209" level="INFO">gender</msg>
<arg>${key}</arg>
<doc>Logs the given message with the given level.</doc>
<status status="PASS" start="2024-05-02T23:15:58.095081" elapsed="0.000166"/>
</kw>
<var name="${key}">gender</var>
<status status="PASS" start="2024-05-02T23:15:58.093487" elapsed="0.002006"/>
</iter>
<iter>
<kw name="Dictionary Should Contain Key" owner="Collections">
<msg time="2024-05-02T23:15:58.096182" level="INFO">False</msg>
<arg>${json_data['results'][0]}</arg>
<arg>${key}</arg>
<doc>Fails if ``key`` is not found from ``dictionary``.</doc>
<status status="PASS" start="2024-05-02T23:15:58.095796" elapsed="0.000458"/>
</kw>
<kw name="Log" owner="BuiltIn">
<msg time="2024-05-02T23:15:58.096913" level="INFO">{'gender': 'female', 'name': {'title': 'Miss', 'first': 'تینا', 'last': 'سلطانی نژاد'}, 'location': {'street': {'number': 7832, 'name': 'خاوران'}, 'city': 'ساوه', 'state': 'چهارمحال و بختیاری', 'country': 'Iran', 'postcode': 11796, 'coordinates': {'latitude': '13.4265', 'longitude': '20.9491'}, 'timezone': {'offset': '-7:00', 'description': 'Mountain Time (US &amp; Canada)'}}, 'email': 'tyn.sltnynjd@example.com', 'login': {'uuid': '4553c38c-04b0-4824-87b5-8d9f9d5bd3fa', 'username': 'greenleopard841', 'password': 'renault', 'salt': 'tTcIkpaE', 'md5': 'bf0eb81dadad77ce1b5e1919823ed99d', 'sha1': '34e40c0c0493c91f4317253d0748a4102b823f1a', 'sha256': '626b86392fe323dce7d2775f6232f5c5e991bc926b7cdf14b27123ac208a1fb6'}, 'dob': {'date': '1979-10-05T20:03:42.147Z', 'age': 44}, 'registered': {'date': '2021-12-16T08:16:05.905Z', 'age': 2}, 'phone': '083-78296460', 'cell': '0909-150-0548', 'id': {'name': '', 'value': None}, 'picture': {'large': 'https://randomuser.me/api/portraits/women/57.jpg', 'medium': 'https://randomuser.me/api/portraits/med/women/57.jpg', 'thumbnail': 'https://randomuser.me/api/portraits/thumb/women/57.jpg'}, 'nat': 'IR'}</msg>
<arg>${json_data['results'][0]}</arg>
<doc>Logs the given message with the given level.</doc>
<status status="PASS" start="2024-05-02T23:15:58.096550" elapsed="0.000415"/>
</kw>
<kw name="Log" owner="BuiltIn">
<msg time="2024-05-02T23:15:58.097430" level="INFO">name</msg>
<arg>${key}</arg>
<doc>Logs the given message with the given level.</doc>
<status status="PASS" start="2024-05-02T23:15:58.097266" elapsed="0.000205"/>
</kw>
<var name="${key}">name</var>
<status status="PASS" start="2024-05-02T23:15:58.095681" elapsed="0.002006"/>
</iter>
<iter>
<kw name="Dictionary Should Contain Key" owner="Collections">
<msg time="2024-05-02T23:15:58.098360" level="INFO">False</msg>
<arg>${json_data['results'][0]}</arg>
<arg>${key}</arg>
<doc>Fails if ``key`` is not found from ``dictionary``.</doc>
<status status="PASS" start="2024-05-02T23:15:58.097977" elapsed="0.000421"/>
</kw>
<kw name="Log" owner="BuiltIn">
<msg time="2024-05-02T23:15:58.099061" level="INFO">{'gender': 'female', 'name': {'title': 'Miss', 'first': 'تینا', 'last': 'سلطانی نژاد'}, 'location': {'street': {'number': 7832, 'name': 'خاوران'}, 'city': 'ساوه', 'state': 'چهارمحال و بختیاری', 'country': 'Iran', 'postcode': 11796, 'coordinates': {'latitude': '13.4265', 'longitude': '20.9491'}, 'timezone': {'offset': '-7:00', 'description': 'Mountain Time (US &amp; Canada)'}}, 'email': 'tyn.sltnynjd@example.com', 'login': {'uuid': '4553c38c-04b0-4824-87b5-8d9f9d5bd3fa', 'username': 'greenleopard841', 'password': 'renault', 'salt': 'tTcIkpaE', 'md5': 'bf0eb81dadad77ce1b5e1919823ed99d', 'sha1': '34e40c0c0493c91f4317253d0748a4102b823f1a', 'sha256': '626b86392fe323dce7d2775f6232f5c5e991bc926b7cdf14b27123ac208a1fb6'}, 'dob': {'date': '1979-10-05T20:03:42.147Z', 'age': 44}, 'registered': {'date': '2021-12-16T08:16:05.905Z', 'age': 2}, 'phone': '083-78296460', 'cell': '0909-150-0548', 'id': {'name': '', 'value': None}, 'picture': {'large': 'https://randomuser.me/api/portraits/women/57.jpg', 'medium': 'https://randomuser.me/api/portraits/med/women/57.jpg', 'thumbnail': 'https://randomuser.me/api/portraits/thumb/women/57.jpg'}, 'nat': 'IR'}</msg>
<arg>${json_data['results'][0]}</arg>
<doc>Logs the given message with the given level.</doc>
<status status="PASS" start="2024-05-02T23:15:58.098691" elapsed="0.000422"/>
</kw>
<kw name="Log" owner="BuiltIn">
<msg time="2024-05-02T23:15:58.099573" level="INFO">location</msg>
<arg>${key}</arg>
<doc>Logs the given message with the given level.</doc>
<status status="PASS" start="2024-05-02T23:15:58.099439" elapsed="0.000173"/>
</kw>
<var name="${key}">location</var>
<status status="PASS" start="2024-05-02T23:15:58.097864" elapsed="0.001962"/>
</iter>
<iter>
<kw name="Dictionary Should Contain Key" owner="Collections">
<msg time="2024-05-02T23:15:58.100518" level="INFO">False</msg>
<arg>${json_data['results'][0]}</arg>
<arg>${key}</arg>
<doc>Fails if ``key`` is not found from ``dictionary``.</doc>
<status status="PASS" start="2024-05-02T23:15:58.100115" elapsed="0.000440"/>
</kw>
<kw name="Log" owner="BuiltIn">
<msg time="2024-05-02T23:15:58.101212" level="INFO">{'gender': 'female', 'name': {'title': 'Miss', 'first': 'تینا', 'last': 'سلطانی نژاد'}, 'location': {'street': {'number': 7832, 'name': 'خاوران'}, 'city': 'ساوه', 'state': 'چهارمحال و بختیاری', 'country': 'Iran', 'postcode': 11796, 'coordinates': {'latitude': '13.4265', 'longitude': '20.9491'}, 'timezone': {'offset': '-7:00', 'description': 'Mountain Time (US &amp; Canada)'}}, 'email': 'tyn.sltnynjd@example.com', 'login': {'uuid': '4553c38c-04b0-4824-87b5-8d9f9d5bd3fa', 'username': 'greenleopard841', 'password': 'renault', 'salt': 'tTcIkpaE', 'md5': 'bf0eb81dadad77ce1b5e1919823ed99d', 'sha1': '34e40c0c0493c91f4317253d0748a4102b823f1a', 'sha256': '626b86392fe323dce7d2775f6232f5c5e991bc926b7cdf14b27123ac208a1fb6'}, 'dob': {'date': '1979-10-05T20:03:42.147Z', 'age': 44}, 'registered': {'date': '2021-12-16T08:16:05.905Z', 'age': 2}, 'phone': '083-78296460', 'cell': '0909-150-0548', 'id': {'name': '', 'value': None}, 'picture': {'large': 'https://randomuser.me/api/portraits/women/57.jpg', 'medium': 'https://randomuser.me/api/portraits/med/women/57.jpg', 'thumbnail': 'https://randomuser.me/api/portraits/thumb/women/57.jpg'}, 'nat': 'IR'}</msg>
<arg>${json_data['results'][0]}</arg>
<doc>Logs the given message with the given level.</doc>
<status status="PASS" start="2024-05-02T23:15:58.100853" elapsed="0.000411"/>
</kw>
<kw name="Log" owner="BuiltIn">
<msg time="2024-05-02T23:15:58.101686" level="INFO">email</msg>
<arg>${key}</arg>
<doc>Logs the given message with the given level.</doc>
<status status="PASS" start="2024-05-02T23:15:58.101558" elapsed="0.000165"/>
</kw>
<var name="${key}">email</var>
<status status="PASS" start="2024-05-02T23:15:58.100004" elapsed="0.001936"/>
</iter>
<iter>
<kw name="Dictionary Should Contain Key" owner="Collections">
<msg time="2024-05-02T23:15:58.102619" level="INFO">False</msg>
<arg>${json_data['results'][0]}</arg>
<arg>${key}</arg>
<doc>Fails if ``key`` is not found from ``dictionary``.</doc>
<status status="PASS" start="2024-05-02T23:15:58.102230" elapsed="0.000426"/>
</kw>
<kw name="Log" owner="BuiltIn">
<msg time="2024-05-02T23:15:58.103321" level="INFO">{'gender': 'female', 'name': {'title': 'Miss', 'first': 'تینا', 'last': 'سلطانی نژاد'}, 'location': {'street': {'number': 7832, 'name': 'خاوران'}, 'city': 'ساوه', 'state': 'چهارمحال و بختیاری', 'country': 'Iran', 'postcode': 11796, 'coordinates': {'latitude': '13.4265', 'longitude': '20.9491'}, 'timezone': {'offset': '-7:00', 'description': 'Mountain Time (US &amp; Canada)'}}, 'email': 'tyn.sltnynjd@example.com', 'login': {'uuid': '4553c38c-04b0-4824-87b5-8d9f9d5bd3fa', 'username': 'greenleopard841', 'password': 'renault', 'salt': 'tTcIkpaE', 'md5': 'bf0eb81dadad77ce1b5e1919823ed99d', 'sha1': '34e40c0c0493c91f4317253d0748a4102b823f1a', 'sha256': '626b86392fe323dce7d2775f6232f5c5e991bc926b7cdf14b27123ac208a1fb6'}, 'dob': {'date': '1979-10-05T20:03:42.147Z', 'age': 44}, 'registered': {'date': '2021-12-16T08:16:05.905Z', 'age': 2}, 'phone': '083-78296460', 'cell': '0909-150-0548', 'id': {'name': '', 'value': None}, 'picture': {'large': 'https://randomuser.me/api/portraits/women/57.jpg', 'medium': 'https://randomuser.me/api/portraits/med/women/57.jpg', 'thumbnail': 'https://randomuser.me/api/portraits/thumb/women/57.jpg'}, 'nat': 'IR'}</msg>
<arg>${json_data['results'][0]}</arg>
<doc>Logs the given message with the given level.</doc>
<status status="PASS" start="2024-05-02T23:15:58.102954" elapsed="0.000448"/>
</kw>
<kw name="Log" owner="BuiltIn">
<msg time="2024-05-02T23:15:58.103856" level="INFO">login</msg>
<arg>${key}</arg>
<doc>Logs the given message with the given level.</doc>
<status status="PASS" start="2024-05-02T23:15:58.103727" elapsed="0.000167"/>
</kw>
<var name="${key}">login</var>
<status status="PASS" start="2024-05-02T23:15:58.102112" elapsed="0.002002"/>
</iter>
<var>${key}</var>
<value>@{expected_keys}</value>
<status status="PASS" start="2024-05-02T23:15:58.093308" elapsed="0.010929"/>
</for>
<kw name="Create List" owner="BuiltIn">
<msg time="2024-05-02T23:15:58.104563" level="INFO">${expected_keysTwo} = ['username', 'password']</msg>
<var>${expected_keysTwo}</var>
<arg>username</arg>
<arg>password</arg>
<doc>Returns a list containing given items.</doc>
<status status="PASS" start="2024-05-02T23:15:58.104426" elapsed="0.000161"/>
</kw>
<for flavor="IN">
<iter>
<kw name="Dictionary Should Contain Key" owner="Collections">
<msg time="2024-05-02T23:15:58.105476" level="INFO">False</msg>
<arg>${json_data['results'][0]['login']}</arg>
<arg>${keyTwo}</arg>
<doc>Fails if ``key`` is not found from ``dictionary``.</doc>
<status status="PASS" start="2024-05-02T23:15:58.105086" elapsed="0.000427"/>
</kw>
<kw name="Dictionary Should Contain Key" owner="Collections">
<msg time="2024-05-02T23:15:58.106185" level="INFO">False</msg>
<arg>${json_data['results'][0]['login']}</arg>
<arg>${keyTwo}</arg>
<doc>Fails if ``key`` is not found from ``dictionary``.</doc>
<status status="PASS" start="2024-05-02T23:15:58.105809" elapsed="0.000426"/>
</kw>
<kw name="Log" owner="BuiltIn">
<msg time="2024-05-02T23:15:58.106651" level="INFO">username</msg>
<arg>${keyTwo}</arg>
<doc>Logs the given message with the given level.</doc>
<status status="PASS" start="2024-05-02T23:15:58.106525" elapsed="0.000168"/>
</kw>
<var name="${keyTwo}">username</var>
<status status="PASS" start="2024-05-02T23:15:58.104976" elapsed="0.001927"/>
</iter>
<iter>
<kw name="Dictionary Should Contain Key" owner="Collections">
<msg time="2024-05-02T23:15:58.107688" level="INFO">False</msg>
<arg>${json_data['results'][0]['login']}</arg>
<arg>${keyTwo}</arg>
<doc>Fails if ``key`` is not found from ``dictionary``.</doc>
<status status="PASS" start="2024-05-02T23:15:58.107182" elapsed="0.000547"/>
</kw>
<kw name="Dictionary Should Contain Key" owner="Collections">
<msg time="2024-05-02T23:15:58.108409" level="INFO">False</msg>
<arg>${json_data['results'][0]['login']}</arg>
<arg>${keyTwo}</arg>
<doc>Fails if ``key`` is not found from ``dictionary``.</doc>
<status status="PASS" start="2024-05-02T23:15:58.108028" elapsed="0.000418"/>
</kw>
<kw name="Log" owner="BuiltIn">
<msg time="2024-05-02T23:15:58.108866" level="INFO">password</msg>
<arg>${keyTwo}</arg>
<doc>Logs the given message with the given level.</doc>
<status status="PASS" start="2024-05-02T23:15:58.108738" elapsed="0.000165"/>
</kw>
<var name="${keyTwo}">password</var>
<status status="PASS" start="2024-05-02T23:15:58.107074" elapsed="0.002042"/>
</iter>
<var>${keyTwo}</var>
<value>@{expected_keysTwo}</value>
<status status="PASS" start="2024-05-02T23:15:58.104822" elapsed="0.004415"/>
</for>
<status status="PASS" start="2024-05-02T23:15:57.999511" elapsed="0.109864"/>
</kw>
<doc>Testa a estrutura da resposta da API.</doc>
<tag>testeEstruturaResposta</tag>
<status status="PASS" start="2024-05-02T23:15:57.998935" elapsed="0.110589"/>
</test>
<test id="s1-s1-t4" name="Validar tipos de dados" line="28">
<kw name="Teste de Tipos de Dados" owner="random-user-service">
<kw name="GET On Session" owner="RequestsLibrary">
<msg time="2024-05-02T23:15:58.190014" level="INFO">GET Request : url=https://randomuser.me/api 
 path_url=/api 
 headers={'User-Agent': 'python-requests/2.31.0', 'Accept-Encoding': 'gzip, deflate', 'Accept': '*/*', 'Connection': 'keep-alive'} 
 body=None 
 </msg>
<msg time="2024-05-02T23:15:58.190082" level="INFO">GET Response : url=https://randomuser.me/api 
 status=200, reason=OK 
 headers={'Date': 'Thu, 02 May 2024 23:15:58 GMT', 'Content-Type': 'application/json; charset=utf-8', 'Transfer-Encoding': 'chunked', 'Connection': 'keep-alive', 'X-Powered-By': 'Express', 'Access-Control-Allow-Origin': '*', 'Cache-Control': 'no-cache', 'ETag': 'W/"484-4T+60Db1swFke+WJIIVOc+avSTI"', 'Vary': 'Accept-Encoding', 'Content-Encoding': 'gzip', 'CF-Cache-Status': 'DYNAMIC', 'Report-To': '{"endpoints":[{"url":"https:\\/\\/a.nel.cloudflare.com\\/report\\/v4?s=ib3sf8dUQwXTJ3Mbu0q8%2BDgnHJu40yCSObCm7qBv0TYcJUeBMT5nfx7DFCxbADJoXt2VOPrW0LGOIYoEOgj%2FefuutGQqBGsE9BTngEkhMlJ5o5hiQvEzAciUllRnGB0c"}],"group":"cf-nel","max_age":604800}', 'NEL': '{"success_fraction":0,"report_to":"cf-nel","max_age":604800}', 'Server': 'cloudflare', 'CF-RAY': '87dbb7603eb03b5f-IAD', 'alt-svc': 'h3=":443"; ma=86400'} 
 body={"results":[{"gender":"male","name":{"title":"Mr","first":"Pitágoras","last":"Costa"},"location":{"street":{"number":603,"name":"Rua Dom Pedro Ii "},"city":"Juazeiro do Norte","state":"Sergipe","country":"Brazil","postcode":45233,"coordinates":{"latitude":"-74.2063","longitude":"-5.1143"},"timezone":{"offset":"-9:00","description":"Alaska"}},"email":"pitagoras.costa@example.com","login":{"uuid":"c32047e6-29e0-418a-9508-acbf71271b15","username":"angrylion687","password":"frances","salt":"iK5deIQY","md5":"3e70616d26fc55549e3f29568c6ae9dd","sha1":"7202f8496d352fcff3a70eb6bb41e7913a04dbe9","sha256":"4654b5aba83863865123bfdb180761b16a377097984020f5cf9f2aa87279a334"},"dob":{"date":"1988-06-24T18:46:15.943Z","age":35},"registered":{"date":"2016-04-25T09:16:10.062Z","age":8},"phone":"(40) 1407-0358","cell":"(65) 1041-5346","id":{"name":"CPF","value":"753.789.766-70"},"picture":{"large":"https://randomuser.me/api/portraits/men/95.jpg","medium":"https://randomuser.me/api/portraits/med/men/95.jpg","thumbnail":"https://randomuser.me/api/portraits/thumb/men/95.jpg"},"nat":"BR"}],"info":{"seed":"275aaf4875227dce","results":1,"page":1,"version":"1.4"}} 
 </msg>
<msg time="2024-05-02T23:15:58.190138" level="INFO">/opt/hostedtoolcache/Python/3.12.3/x64/lib/python3.12/site-packages/urllib3/connectionpool.py:1103: InsecureRequestWarning: Unverified HTTPS request is being made to host 'randomuser.me'. Adding certificate verification is strongly advised. See: https://urllib3.readthedocs.io/en/latest/advanced-usage.html#tls-warnings
  warnings.warn(</msg>
<msg time="2024-05-02T23:15:58.190224" level="INFO">${response} = &lt;Response [200]&gt;</msg>
<var>${response}</var>
<arg>consultarAPI</arg>
<arg>/api</arg>
<doc>Sends a GET request on a previously created HTTP Session.</doc>
<status status="PASS" start="2024-05-02T23:15:58.112044" elapsed="0.078219"/>
</kw>
<kw name="Set Variable" owner="BuiltIn">
<msg time="2024-05-02T23:15:58.191263" level="INFO">${json_data} = {'results': [{'gender': 'male', 'name': {'title': 'Mr', 'first': 'Pitágoras', 'last': 'Costa'}, 'location': {'street': {'number': 603, 'name': 'Rua Dom Pedro Ii '}, 'city': 'Juazeiro do Norte', 'state...</msg>
<var>${json_data}</var>
<arg>${response.json()}</arg>
<doc>Returns the given values which can then be assigned to a variables.</doc>
<status status="PASS" start="2024-05-02T23:15:58.190703" elapsed="0.000589"/>
</kw>
<kw name="Log" owner="BuiltIn">
<msg time="2024-05-02T23:15:58.191803" level="INFO">{'results': [{'gender': 'male', 'name': {'title': 'Mr', 'first': 'Pitágoras', 'last': 'Costa'}, 'location': {'street': {'number': 603, 'name': 'Rua Dom Pedro Ii '}, 'city': 'Juazeiro do Norte', 'state': 'Sergipe', 'country': 'Brazil', 'postcode': 45233, 'coordinates': {'latitude': '-74.2063', 'longitude': '-5.1143'}, 'timezone': {'offset': '-9:00', 'description': 'Alaska'}}, 'email': 'pitagoras.costa@example.com', 'login': {'uuid': 'c32047e6-29e0-418a-9508-acbf71271b15', 'username': 'angrylion687', 'password': 'frances', 'salt': 'iK5deIQY', 'md5': '3e70616d26fc55549e3f29568c6ae9dd', 'sha1': '7202f8496d352fcff3a70eb6bb41e7913a04dbe9', 'sha256': '4654b5aba83863865123bfdb180761b16a377097984020f5cf9f2aa87279a334'}, 'dob': {'date': '1988-06-24T18:46:15.943Z', 'age': 35}, 'registered': {'date': '2016-04-25T09:16:10.062Z', 'age': 8}, 'phone': '(40) 1407-0358', 'cell': '(65) 1041-5346', 'id': {'name': 'CPF', 'value': '753.789.766-70'}, 'picture': {'large': 'https://randomuser.me/api/portraits/men/95.jpg', 'medium': 'https://randomuser.me/api/portraits/med/men/95.jpg', 'thumbnail': 'https://randomuser.me/api/portraits/thumb/men/95.jpg'}, 'nat': 'BR'}], 'info': {'seed': '275aaf4875227dce', 'results': 1, 'page': 1, 'version': '1.4'}}</msg>
<arg>${json_data}</arg>
<doc>Logs the given message with the given level.</doc>
<status status="PASS" start="2024-05-02T23:15:58.191646" elapsed="0.000242"/>
</kw>
<kw name="Should Be String" owner="String">
<arg>${json_data['results'][0]['gender']}</arg>
<doc>Fails if the given ``item`` is not a string.</doc>
<status status="PASS" start="2024-05-02T23:15:58.192189" elapsed="0.000361"/>
</kw>
<kw name="Should Match Regexp" owner="BuiltIn">
<arg>${json_data['results'][0]['email']}</arg>
<arg>^[a-zA-Z0-9._%+-]+@[a-zA-Z0-9.-]+\.[a-zA-Z]{2,}$</arg>
<doc>Fails if ``string`` does not match ``pattern`` as a regular expression.</doc>
<status status="PASS" start="2024-05-02T23:15:58.192743" elapsed="0.000505"/>
</kw>
<kw name="Should Match Regexp" owner="BuiltIn">
<arg>${json_data['results'][0]['dob']['date']}</arg>
<arg>\\d{4}-\\d{2}-\\d{2}T\\d{2}:\\d{2}:\\d{2}\\.\\d{3}Z</arg>
<doc>Fails if ``string`` does not match ``pattern`` as a regular expression.</doc>
<status status="PASS" start="2024-05-02T23:15:58.193442" elapsed="0.000511"/>
</kw>
<kw name="Should Match Regexp" owner="BuiltIn">
<arg>${json_data['results'][0]['registered']['date']}</arg>
<arg>\\d{4}-\\d{2}-\\d{2}T\\d{2}:\\d{2}:\\d{2}\\.\\d{3}Z</arg>
<doc>Fails if ``string`` does not match ``pattern`` as a regular expression.</doc>
<status status="PASS" start="2024-05-02T23:15:58.194145" elapsed="0.000371"/>
</kw>
<kw name="Should Match Regexp" owner="BuiltIn">
<arg>${json_data['results'][0]['picture']['large']}</arg>
<arg>^https?://.*\.(?:png|jpe?g|gif|bmp)$</arg>
<doc>Fails if ``string`` does not match ``pattern`` as a regular expression.</doc>
<status status="PASS" start="2024-05-02T23:15:58.194707" elapsed="0.000457"/>
</kw>
<kw name="Should Match Regexp" owner="BuiltIn">
<arg>${json_data['results'][0]['picture']['medium']}</arg>
<arg>^https?://.*\.(?:png|jpe?g|gif|bmp)$</arg>
<doc>Fails if ``string`` does not match ``pattern`` as a regular expression.</doc>
<status status="PASS" start="2024-05-02T23:15:58.195349" elapsed="0.000392"/>
</kw>
<kw name="Should Match Regexp" owner="BuiltIn">
<arg>${json_data['results'][0]['picture']['thumbnail']}</arg>
<arg>^https?://.*\.(?:png|jpe?g|gif|bmp)$</arg>
<doc>Fails if ``string`` does not match ``pattern`` as a regular expression.</doc>
<status status="PASS" start="2024-05-02T23:15:58.195932" elapsed="0.000350"/>
</kw>
<kw name="Log" owner="BuiltIn">
<msg time="2024-05-02T23:15:58.196780" level="INFO">{'large': 'https://randomuser.me/api/portraits/men/95.jpg', 'medium': 'https://randomuser.me/api/portraits/med/men/95.jpg', 'thumbnail': 'https://randomuser.me/api/portraits/thumb/men/95.jpg'}</msg>
<arg>${json_data['results'][0]['picture']}</arg>
<doc>Logs the given message with the given level.</doc>
<status status="PASS" start="2024-05-02T23:15:58.196462" elapsed="0.000361"/>
</kw>
<status status="PASS" start="2024-05-02T23:15:58.111819" elapsed="0.085254"/>
</kw>
<kw name="Teste de Tipos de Dados - Postcode" owner="random-user-service">
<kw name="GET On Session" owner="RequestsLibrary">
<msg time="2024-05-02T23:15:58.295487" level="INFO">GET Request : url=https://randomuser.me/api 
 path_url=/api 
 headers={'User-Agent': 'python-requests/2.31.0', 'Accept-Encoding': 'gzip, deflate', 'Accept': '*/*', 'Connection': 'keep-alive'} 
 body=None 
 </msg>
<msg time="2024-05-02T23:15:58.295571" level="INFO">GET Response : url=https://randomuser.me/api 
 status=200, reason=OK 
 headers={'Date': 'Thu, 02 May 2024 23:15:58 GMT', 'Content-Type': 'application/json; charset=utf-8', 'Transfer-Encoding': 'chunked', 'Connection': 'keep-alive', 'X-Powered-By': 'Express', 'Access-Control-Allow-Origin': '*', 'Cache-Control': 'no-cache', 'ETag': 'W/"486-pHrxcGGAqKehHlgdXVi7fmvPIrs"', 'Vary': 'Accept-Encoding', 'Content-Encoding': 'gzip', 'CF-Cache-Status': 'DYNAMIC', 'Report-To': '{"endpoints":[{"url":"https:\\/\\/a.nel.cloudflare.com\\/report\\/v4?s=hZgE7ZQDF4rhyFULo9BgBJjZFD%2BwQ1d30UWZzLeos3%2FAZkSj0Znc5omfCg8owmdnd99I949duCtfTne%2BP8hnSvNVBLWOGCUhtJDImkHgS18smzJQ30PJ%2B0ej%2FFG3kcis"}],"group":"cf-nel","max_age":604800}', 'NEL': '{"success_fraction":0,"report_to":"cf-nel","max_age":604800}', 'Server': 'cloudflare', 'CF-RAY': '87dbb760cf5d3b5f-IAD', 'alt-svc': 'h3=":443"; ma=86400'} 
 body={"results":[{"gender":"male","name":{"title":"Mr","first":"Johnny","last":"Allen"},"location":{"street":{"number":7205,"name":"North Road"},"city":"Killarney","state":"Wexford","country":"Ireland","postcode":22675,"coordinates":{"latitude":"-4.1535","longitude":"-71.8906"},"timezone":{"offset":"+9:00","description":"Tokyo, Seoul, Osaka, Sapporo, Yakutsk"}},"email":"johnny.allen@example.com","login":{"uuid":"80eb77f2-266f-4cc9-b00f-a60747c87b3a","username":"angryzebra685","password":"303030","salt":"iAz0XULQ","md5":"6202c68cc82a5a27a6e28014dd1e374d","sha1":"c3ae3d92782211ba7fd3f3360b501a60520bb70f","sha256":"a006f6fa50adca425dea8c0b5a3a0659111d8843be68b11408d2751b02fb0f1a"},"dob":{"date":"1969-04-03T14:18:15.878Z","age":55},"registered":{"date":"2003-01-10T12:50:12.903Z","age":21},"phone":"031-475-4726","cell":"081-650-8213","id":{"name":"PPS","value":"9373116T"},"picture":{"large":"https://randomuser.me/api/portraits/men/46.jpg","medium":"https://randomuser.me/api/portraits/med/men/46.jpg","thumbnail":"https://randomuser.me/api/portraits/thumb/men/46.jpg"},"nat":"IE"}],"info":{"seed":"a5a3a59334c6495f","results":1,"page":1,"version":"1.4"}} 
 </msg>
<msg time="2024-05-02T23:15:58.295644" level="INFO">/opt/hostedtoolcache/Python/3.12.3/x64/lib/python3.12/site-packages/urllib3/connectionpool.py:1103: InsecureRequestWarning: Unverified HTTPS request is being made to host 'randomuser.me'. Adding certificate verification is strongly advised. See: https://urllib3.readthedocs.io/en/latest/advanced-usage.html#tls-warnings
  warnings.warn(</msg>
<msg time="2024-05-02T23:15:58.295757" level="INFO">${response} = &lt;Response [200]&gt;</msg>
<var>${response}</var>
<arg>consultarAPI</arg>
<arg>/api</arg>
<doc>Sends a GET request on a previously created HTTP Session.</doc>
<status status="PASS" start="2024-05-02T23:15:58.197506" elapsed="0.098301"/>
</kw>
<kw name="Set Variable" owner="BuiltIn">
<msg time="2024-05-02T23:15:58.296704" level="INFO">${json_data} = {'results': [{'gender': 'male', 'name': {'title': 'Mr', 'first': 'Johnny', 'last': 'Allen'}, 'location': {'street': {'number': 7205, 'name': 'North Road'}, 'city': 'Killarney', 'state': 'Wexford', 'co...</msg>
<var>${json_data}</var>
<arg>${response.json()}</arg>
<doc>Returns the given values which can then be assigned to a variables.</doc>
<status status="PASS" start="2024-05-02T23:15:58.296270" elapsed="0.000462"/>
</kw>
<kw name="Log" owner="BuiltIn">
<msg time="2024-05-02T23:15:58.297183" level="INFO">{'results': [{'gender': 'male', 'name': {'title': 'Mr', 'first': 'Johnny', 'last': 'Allen'}, 'location': {'street': {'number': 7205, 'name': 'North Road'}, 'city': 'Killarney', 'state': 'Wexford', 'country': 'Ireland', 'postcode': 22675, 'coordinates': {'latitude': '-4.1535', 'longitude': '-71.8906'}, 'timezone': {'offset': '+9:00', 'description': 'Tokyo, Seoul, Osaka, Sapporo, Yakutsk'}}, 'email': 'johnny.allen@example.com', 'login': {'uuid': '80eb77f2-266f-4cc9-b00f-a60747c87b3a', 'username': 'angryzebra685', 'password': '303030', 'salt': 'iAz0XULQ', 'md5': '6202c68cc82a5a27a6e28014dd1e374d', 'sha1': 'c3ae3d92782211ba7fd3f3360b501a60520bb70f', 'sha256': 'a006f6fa50adca425dea8c0b5a3a0659111d8843be68b11408d2751b02fb0f1a'}, 'dob': {'date': '1969-04-03T14:18:15.878Z', 'age': 55}, 'registered': {'date': '2003-01-10T12:50:12.903Z', 'age': 21}, 'phone': '031-475-4726', 'cell': '081-650-8213', 'id': {'name': 'PPS', 'value': '9373116T'}, 'picture': {'large': 'https://randomuser.me/api/portraits/men/46.jpg', 'medium': 'https://randomuser.me/api/portraits/med/men/46.jpg', 'thumbnail': 'https://randomuser.me/api/portraits/thumb/men/46.jpg'}, 'nat': 'IE'}], 'info': {'seed': 'a5a3a59334c6495f', 'results': 1, 'page': 1, 'version': '1.4'}}</msg>
<arg>${json_data}</arg>
<doc>Logs the given message with the given level.</doc>
<status status="PASS" start="2024-05-02T23:15:58.297033" elapsed="0.000226"/>
</kw>
<kw name="Should Be Equal As Numbers" owner="BuiltIn">
<arg>${json_data['results'][0]['location']['postcode']}</arg>
<arg>${json_data['results'][0]['location']['postcode']}</arg>
<doc>Fails if objects are unequal after converting them to real numbers.</doc>
<status status="PASS" start="2024-05-02T23:15:58.297685" elapsed="0.000617"/>
</kw>
<kw name="Log" owner="BuiltIn">
<msg time="2024-05-02T23:15:58.298831" level="INFO">22675</msg>
<arg>${json_data['results'][0]['location']['postcode']}</arg>
<doc>Logs the given message with the given level.</doc>
<status status="PASS" start="2024-05-02T23:15:58.298492" elapsed="0.000378"/>
</kw>
<status status="PASS" start="2024-05-02T23:15:58.197286" elapsed="0.101833"/>
</kw>
<doc>Testa se os tipos de dados na resposta da API estão corretos.</doc>
<tag>testeTiposDados</tag>
<status status="PASS" start="2024-05-02T23:15:58.111287" elapsed="0.187992"/>
</test>
<test id="s1-s1-t5" name="Validar conteudo" line="35">
<kw name="Teste de Tipos de Conteudo" owner="random-user-service">
<kw name="GET On Session" owner="RequestsLibrary">
<msg time="2024-05-02T23:15:58.396105" level="INFO">GET Request : url=https://randomuser.me/api 
 path_url=/api 
 headers={'User-Agent': 'python-requests/2.31.0', 'Accept-Encoding': 'gzip, deflate', 'Accept': '*/*', 'Connection': 'keep-alive'} 
 body=None 
 </msg>
<msg time="2024-05-02T23:15:58.396190" level="INFO">GET Response : url=https://randomuser.me/api 
 status=200, reason=OK 
 headers={'Date': 'Thu, 02 May 2024 23:15:58 GMT', 'Content-Type': 'application/json; charset=utf-8', 'Transfer-Encoding': 'chunked', 'Connection': 'keep-alive', 'X-Powered-By': 'Express', 'Access-Control-Allow-Origin': '*', 'Cache-Control': 'no-cache', 'ETag': 'W/"484-CfdWPSYY9AWjcKxDRS6ZJuZ7xdA"', 'Vary': 'Accept-Encoding', 'Content-Encoding': 'gzip', 'CF-Cache-Status': 'DYNAMIC', 'Report-To': '{"endpoints":[{"url":"https:\\/\\/a.nel.cloudflare.com\\/report\\/v4?s=FsTzcE3lbebhICTiNi8J%2F7uoWdGt5j94I4Fu83fixmovQBqM8D3vH%2FepIsmOZ1AUzpkCBZU1DzUUSW6iDxgUFJ64TJP5XtZbMX5RH3wDiLRmV%2F%2F1gaWhuSDSW3wLzTeY"}],"group":"cf-nel","max_age":604800}', 'NEL': '{"success_fraction":0,"report_to":"cf-nel","max_age":604800}', 'Server': 'cloudflare', 'CF-RAY': '87dbb76168443b5f-IAD', 'alt-svc': 'h3=":443"; ma=86400'} 
 body={"results":[{"gender":"female","name":{"title":"Mrs","first":"Frida","last":"Olsen"},"location":{"street":{"number":2469,"name":"Lærkevej"},"city":"St.Merløse","state":"Hovedstaden","country":"Denmark","postcode":29203,"coordinates":{"latitude":"-38.7900","longitude":"113.5874"},"timezone":{"offset":"-8:00","description":"Pacific Time (US &amp; Canada)"}},"email":"frida.olsen@example.com","login":{"uuid":"5a9238c4-35fb-494d-bbaf-8603b9ec4855","username":"yellowlion477","password":"outkast","salt":"u7TMr2TT","md5":"b1b8d707f4290d86877da6852b8d24e6","sha1":"b4af92a2b4b0e9abfe50c568019ae3ac89835d71","sha256":"45460784d90d0a02ede7ce985ad387e4633da28aa04bc47cfacf1716cabe1524"},"dob":{"date":"1947-03-04T10:00:09.346Z","age":77},"registered":{"date":"2007-01-27T07:58:56.695Z","age":17},"phone":"59725335","cell":"62521947","id":{"name":"CPR","value":"040347-5676"},"picture":{"large":"https://randomuser.me/api/portraits/women/67.jpg","medium":"https://randomuser.me/api/portraits/med/women/67.jpg","thumbnail":"https://randomuser.me/api/portraits/thumb/women/67.jpg"},"nat":"DK"}],"info":{"seed":"f115c13f3e880bf6","results":1,"page":1,"version":"1.4"}} 
 </msg>
<msg time="2024-05-02T23:15:58.396267" level="INFO">/opt/hostedtoolcache/Python/3.12.3/x64/lib/python3.12/site-packages/urllib3/connectionpool.py:1103: InsecureRequestWarning: Unverified HTTPS request is being made to host 'randomuser.me'. Adding certificate verification is strongly advised. See: https://urllib3.readthedocs.io/en/latest/advanced-usage.html#tls-warnings
  warnings.warn(</msg>
<msg time="2024-05-02T23:15:58.396379" level="INFO">${response} = &lt;Response [200]&gt;</msg>
<var>${response}</var>
<arg>consultarAPI</arg>
<arg>/api</arg>
<doc>Sends a GET request on a previously created HTTP Session.</doc>
<status status="PASS" start="2024-05-02T23:15:58.301695" elapsed="0.094726"/>
</kw>
<kw name="Set Variable" owner="BuiltIn">
<msg time="2024-05-02T23:15:58.397245" level="INFO">${json_data} = {'results': [{'gender': 'female', 'name': {'title': 'Mrs', 'first': 'Frida', 'last': 'Olsen'}, 'location': {'street': {'number': 2469, 'name': 'Lærkevej'}, 'city': 'St.Merløse', 'state': 'Hovedstaden'...</msg>
<var>${json_data}</var>
<arg>${response.json()}</arg>
<doc>Returns the given values which can then be assigned to a variables.</doc>
<status status="PASS" start="2024-05-02T23:15:58.396791" elapsed="0.000483"/>
</kw>
<kw name="Set Variable" owner="BuiltIn">
<msg time="2024-05-02T23:15:58.397957" level="INFO">${name_title} = Mrs</msg>
<var>${name_title}</var>
<arg>${json_data["results"][0]["name"]["title"]}</arg>
<doc>Returns the given values which can then be assigned to a variables.</doc>
<status status="PASS" start="2024-05-02T23:15:58.397576" elapsed="0.000406"/>
</kw>
<kw name="Create List" owner="BuiltIn">
<msg time="2024-05-02T23:15:58.398422" level="INFO">${allowed_titles} = ['Mr', 'Ms', 'Miss', 'Mrs', 'Madame', 'Monsieur']</msg>
<var>${allowed_titles}</var>
<arg>Mr</arg>
<arg>Ms</arg>
<arg>Miss</arg>
<arg>Mrs</arg>
<arg>Madame</arg>
<arg>Monsieur</arg>
<doc>Returns a list containing given items.</doc>
<status status="PASS" start="2024-05-02T23:15:58.398275" elapsed="0.000171"/>
</kw>
<kw name="List Should Contain Value" owner="Collections">
<msg time="2024-05-02T23:15:58.398905" level="INFO">False</msg>
<arg>${allowed_titles}</arg>
<arg>${name_title}</arg>
<doc>Fails if the ``value`` is not found from ``list``.</doc>
<status status="PASS" start="2024-05-02T23:15:58.398738" elapsed="0.000203"/>
</kw>
<kw name="Set Variable" owner="BuiltIn">
<msg time="2024-05-02T23:15:58.399662" level="INFO">${name_country} = DK</msg>
<var>${name_country}</var>
<arg>${json_data["results"][0]["nat"]}</arg>
<doc>Returns the given values which can then be assigned to a variables.</doc>
<status status="PASS" start="2024-05-02T23:15:58.399227" elapsed="0.000460"/>
</kw>
<kw name="Create List" owner="BuiltIn">
<msg time="2024-05-02T23:15:58.400577" level="INFO">${list_country} = ['AD', 'AE', 'AF', 'AG', 'AI', 'AL', 'AM', 'AO', 'AQ', 'AR', 'AS', 'AT', 'AU', 'AW', 'AX', 'AZ', 'BA', 'BB', 'BD', 'BE', 'BF', 'BG', 'BH', 'BI', 'BJ', 'BL', 'BM', 'BN', 'BO', 'BQ', 'BR', 'BS', 'BT', '...</msg>
<var>${list_country}</var>
<arg>AD</arg>
<arg>AE</arg>
<arg>AF</arg>
<arg>AG</arg>
<arg>AI</arg>
<arg>AL</arg>
<arg>AM</arg>
<arg>AO</arg>
<arg>AQ</arg>
<arg>AR</arg>
<arg>AS</arg>
<arg>AT</arg>
<arg>AU</arg>
<arg>AW</arg>
<arg>AX</arg>
<arg>AZ</arg>
<arg>BA</arg>
<arg>BB</arg>
<arg>BD</arg>
<arg>BE</arg>
<arg>BF</arg>
<arg>BG</arg>
<arg>BH</arg>
<arg>BI</arg>
<arg>BJ</arg>
<arg>BL</arg>
<arg>BM</arg>
<arg>BN</arg>
<arg>BO</arg>
<arg>BQ</arg>
<arg>BR</arg>
<arg>BS</arg>
<arg>BT</arg>
<arg>BV</arg>
<arg>BW</arg>
<arg>BY</arg>
<arg>BZ</arg>
<arg>CA</arg>
<arg>CC</arg>
<arg>CD</arg>
<arg>CF</arg>
<arg>CG</arg>
<arg>CH</arg>
<arg>CI</arg>
<arg>CK</arg>
<arg>CL</arg>
<arg>CM</arg>
<arg>CN</arg>
<arg>CO</arg>
<arg>CR</arg>
<arg>CU</arg>
<arg>CV</arg>
<arg>CW</arg>
<arg>CX</arg>
<arg>CY</arg>
<arg>CZ</arg>
<arg>DE</arg>
<arg>DJ</arg>
<arg>DK</arg>
<arg>DM</arg>
<arg>DO</arg>
<arg>DZ</arg>
<arg>EC</arg>
<arg>EE</arg>
<arg>EG</arg>
<arg>EH</arg>
<arg>ER</arg>
<arg>ES</arg>
<arg>ET</arg>
<arg>FI</arg>
<arg>FJ</arg>
<arg>FK</arg>
<arg>FM</arg>
<arg>FO</arg>
<arg>FR</arg>
<arg>GA</arg>
<arg>GB</arg>
<arg>GD</arg>
<arg>GE</arg>
<arg>GF</arg>
<arg>GG</arg>
<arg>GH</arg>
<arg>GI</arg>
<arg>GL</arg>
<arg>GM</arg>
<arg>GN</arg>
<arg>GP</arg>
<arg>GQ</arg>
<arg>GR</arg>
<arg>GS</arg>
<arg>GT</arg>
<arg>GU</arg>
<arg>GW</arg>
<arg>GY</arg>
<arg>HK</arg>
<arg>HM</arg>
<arg>HN</arg>
<arg>HR</arg>
<arg>HT</arg>
<arg>HU</arg>
<arg>ID</arg>
<arg>IE</arg>
<arg>IL</arg>
<arg>IM</arg>
<arg>IN</arg>
<arg>IO</arg>
<arg>IQ</arg>
<arg>IR</arg>
<arg>IS</arg>
<arg>IT</arg>
<arg>JE</arg>
<arg>JM</arg>
<arg>JO</arg>
<arg>JP</arg>
<arg>KE</arg>
<arg>KG</arg>
<arg>KH</arg>
<arg>KI</arg>
<arg>KM</arg>
<arg>KN</arg>
<arg>KP</arg>
<arg>KR</arg>
<arg>KW</arg>
<arg>KY</arg>
<arg>KZ</arg>
<arg>LA</arg>
<arg>LB</arg>
<arg>LC</arg>
<arg>LI</arg>
<arg>LK</arg>
<arg>LR</arg>
<arg>LS</arg>
<arg>LT</arg>
<arg>LU</arg>
<arg>LV</arg>
<arg>LY</arg>
<arg>MA</arg>
<arg>MC</arg>
<arg>MD</arg>
<arg>ME</arg>
<arg>MF</arg>
<arg>MG</arg>
<arg>MH</arg>
<arg>MK</arg>
<arg>ML</arg>
<arg>MM</arg>
<arg>MN</arg>
<arg>MO</arg>
<arg>MP</arg>
<arg>MQ</arg>
<arg>MR</arg>
<arg>MS</arg>
<arg>MT</arg>
<arg>MU</arg>
<arg>MV</arg>
<arg>MW</arg>
<arg>MX</arg>
<arg>MY</arg>
<arg>MZ</arg>
<arg>NA</arg>
<arg>NC</arg>
<arg>NE</arg>
<arg>NF</arg>
<arg>NG</arg>
<arg>NI</arg>
<arg>NL</arg>
<arg>NO</arg>
<arg>NP</arg>
<arg>NR</arg>
<arg>NU</arg>
<arg>NZ</arg>
<arg>OM</arg>
<arg>PA</arg>
<arg>PE</arg>
<arg>PF</arg>
<arg>PG</arg>
<arg>PH</arg>
<arg>PK</arg>
<arg>PL</arg>
<arg>PM</arg>
<arg>PN</arg>
<arg>PR</arg>
<arg>PS</arg>
<arg>PT</arg>
<arg>PW</arg>
<arg>PY</arg>
<arg>QA</arg>
<arg>RE</arg>
<arg>RO</arg>
<arg>RS</arg>
<arg>RU</arg>
<arg>RW</arg>
<arg>SA</arg>
<arg>SB</arg>
<arg>SC</arg>
<arg>SD</arg>
<arg>SE</arg>
<arg>SG</arg>
<arg>SH</arg>
<arg>SI</arg>
<arg>SJ</arg>
<arg>SK</arg>
<arg>SL</arg>
<arg>SM</arg>
<arg>SN</arg>
<arg>SO</arg>
<arg>SR</arg>
<arg>SS</arg>
<arg>ST</arg>
<arg>SV</arg>
<arg>SX</arg>
<arg>SY</arg>
<arg>SZ</arg>
<arg>TC</arg>
<arg>TD</arg>
<arg>TF</arg>
<arg>TG</arg>
<arg>TH</arg>
<arg>TJ</arg>
<arg>TK</arg>
<arg>TL</arg>
<arg>TM</arg>
<arg>TN</arg>
<arg>TO</arg>
<arg>TR</arg>
<arg>TT</arg>
<arg>TV</arg>
<arg>TW</arg>
<arg>TZ</arg>
<arg>UA</arg>
<arg>UG</arg>
<arg>UM</arg>
<arg>US</arg>
<arg>UY</arg>
<arg>UZ</arg>
<arg>VA</arg>
<arg>VC</arg>
<arg>VE</arg>
<arg>VG</arg>
<arg>VI</arg>
<arg>VN</arg>
<arg>VU</arg>
<arg>WF</arg>
<arg>WS</arg>
<arg>XK</arg>
<arg>YE</arg>
<arg>YT</arg>
<arg>ZA</arg>
<arg>ZM</arg>
<arg>ZW</arg>
<doc>Returns a list containing given items.</doc>
<status status="PASS" start="2024-05-02T23:15:58.399992" elapsed="0.000610"/>
</kw>
<kw name="List Should Contain Value" owner="Collections">
<msg time="2024-05-02T23:15:58.401586" level="INFO">False</msg>
<arg>${list_country}</arg>
<arg>${name_country}</arg>
<doc>Fails if the ``value`` is not found from ``list``.</doc>
<status status="PASS" start="2024-05-02T23:15:58.401388" elapsed="0.000235"/>
</kw>
<kw name="Run Keyword If" owner="BuiltIn">
<kw name="Should Be True" owner="BuiltIn">
<arg>${True}</arg>
<doc>Fails if the given condition is not true.</doc>
<status status="PASS" start="2024-05-02T23:15:58.402673" elapsed="0.000238"/>
</kw>
<arg>${json_data["results"][0]["location"]["coordinates"]["latitude"]} &gt;= -90 and ${json_data["results"][0]["location"]["coordinates"]["latitude"]} &lt;= 90</arg>
<arg>Should Be True</arg>
<arg>${True}</arg>
<doc>Runs the given keyword with the given arguments, if ``condition`` is true.</doc>
<status status="PASS" start="2024-05-02T23:15:58.401928" elapsed="0.001112"/>
</kw>
<kw name="Run Keyword If" owner="BuiltIn">
<kw name="Should Be True" owner="BuiltIn">
<arg>${True}</arg>
<doc>Fails if the given condition is not true.</doc>
<status status="PASS" start="2024-05-02T23:15:58.403950" elapsed="0.000137"/>
</kw>
<arg>${json_data["results"][0]["location"]["coordinates"]["longitude"]} &gt;= -180 and ${json_data["results"][0]["location"]["coordinates"]["longitude"]} &lt;= 180</arg>
<arg>Should Be True</arg>
<arg>${True}</arg>
<doc>Runs the given keyword with the given arguments, if ``condition`` is true.</doc>
<status status="PASS" start="2024-05-02T23:15:58.403224" elapsed="0.000983"/>
</kw>
<status status="PASS" start="2024-05-02T23:15:58.301475" elapsed="0.102856"/>
</kw>
<doc>Testa o conteúdo específico dos campos retornados pela API.</doc>
<tag>testeConteudo</tag>
<status status="PASS" start="2024-05-02T23:15:58.301043" elapsed="0.103427"/>
</test>
<status status="PASS" start="2024-05-02T23:15:57.610500" elapsed="0.795872"/>
</suite>
<status status="PASS" start="2024-05-02T23:15:57.597119" elapsed="0.814303"/>
</suite>
<statistics>
<total>
<stat pass="5" fail="0" skip="0">All Tests</stat>
</total>
<tag>
<stat pass="1" fail="0" skip="0">testeConteudo</stat>
<stat pass="1" fail="0" skip="0">testeEstruturaResposta</stat>
<stat pass="1" fail="0" skip="0">testeRequisicaoBasica</stat>
<stat pass="1" fail="0" skip="0">testeTiposDados</stat>
</tag>
<suite>
<stat pass="5" fail="0" skip="0" id="s1" name="Tests">Tests</stat>
<stat pass="5" fail="0" skip="0" id="s1-s1" name="Random-User-Test">Tests.Random-User-Test</stat>
</suite>
</statistics>
<errors>
</errors>
</robot>
