<?xml version="1.0" encoding="UTF-8"?>
<robot generator="Robot 7.0 (Python 3.12.2 on linux)" generated="2024-03-26T06:18:18.004037" rpa="false" schemaversion="5">
<suite id="s1" name="Tests" source="/home/runner/work/DesafioQAItauRogerioJordao/DesafioQAItauRogerioJordao/RamdonUser/tests">
<suite id="s1-s1" name="Random-User-Test" source="/home/runner/work/DesafioQAItauRogerioJordao/DesafioQAItauRogerioJordao/RamdonUser/tests/random-user-test.robot">
<test id="s1-s1-t1" name="Conectar" line="13">
<kw name="Conectar API" owner="random-user-service">
<kw name="Create Session" owner="RequestsLibrary">
<msg time="2024-03-26T06:18:18.338811" level="INFO">Creating Session using : alias=consultarAPI, url=https://randomuser.me/, headers={},                     cookies={}, auth=None, timeout=None, proxies=None, verify=False,                     debug=0 </msg>
<arg>consultarAPI</arg>
<arg>${URL}</arg>
<doc>Create Session: create a HTTP session to a server</doc>
<status status="PASS" start="2024-03-26T06:18:18.338627" elapsed="0.000336"/>
</kw>
<status status="PASS" start="2024-03-26T06:18:18.337714" elapsed="0.001578"/>
</kw>
<status status="PASS" start="2024-03-26T06:18:18.337179" elapsed="0.002303"/>
</test>
<test id="s1-s1-t2" name="Validar retorno 200 e JSON Válido" line="16">
<kw name="Teste de Requisicao Basica" owner="random-user-service">
<kw name="GET On Session" owner="RequestsLibrary">
<msg time="2024-03-26T06:18:18.844575" level="INFO">GET Request : url=https://randomuser.me/api 
 path_url=/api 
 headers={'User-Agent': 'python-requests/2.31.0', 'Accept-Encoding': 'gzip, deflate', 'Accept': '*/*', 'Connection': 'keep-alive'} 
 body=None 
 </msg>
<msg time="2024-03-26T06:18:18.844674" level="INFO">GET Response : url=https://randomuser.me/api 
 status=200, reason=OK 
 headers={'Date': 'Tue, 26 Mar 2024 06:18:18 GMT', 'Content-Type': 'application/json; charset=utf-8', 'Transfer-Encoding': 'chunked', 'Connection': 'keep-alive', 'X-Powered-By': 'Express', 'Access-Control-Allow-Origin': '*', 'Cache-Control': 'no-cache', 'ETag': 'W/"495-Gr88GzFLJaNCFuRiU5vhz5ikkLs"', 'Vary': 'Accept-Encoding', 'Content-Encoding': 'gzip', 'CF-Cache-Status': 'DYNAMIC', 'Report-To': '{"endpoints":[{"url":"https:\\/\\/a.nel.cloudflare.com\\/report\\/v4?s=rDfcj11c7gqSH03f66L5GME1BCHDHFZJ%2FgouBevJdyVFUrpPTLytmcmf6Aoz84xLiWf2YiTyWF24jEzhApr5cJ5YBqntbMYqNUnApLorh1SJf9Nu75siePTYCD4OE%2FH9"}],"group":"cf-nel","max_age":604800}', 'NEL': '{"success_fraction":0,"report_to":"cf-nel","max_age":604800}', 'Server': 'cloudflare', 'CF-RAY': '86a505cb0f2452ef-LAX', 'alt-svc': 'h3=":443"; ma=86400'} 
 body={"results":[{"gender":"male","name":{"title":"Mr","first":"Pablo","last":"Diez"},"location":{"street":{"number":8273,"name":"Calle de Atocha"},"city":"Torrejón de Ardoz","state":"Comunidad Valenciana","country":"Spain","postcode":61964,"coordinates":{"latitude":"-32.7229","longitude":"-47.3623"},"timezone":{"offset":"-3:00","description":"Brazil, Buenos Aires, Georgetown"}},"email":"pablo.diez@example.com","login":{"uuid":"d35d6d99-2e5a-4092-a206-c6a0e5e6f925","username":"angrygorilla822","password":"bessie","salt":"j6tNaKhy","md5":"2cfe18149ed66083ce766dd83dc7207c","sha1":"34e50df0ceb9cd5256d012c6481ed7afb1e470fb","sha256":"550c2be1ef928a136a2f54c98be013b67152b86037d7179a59a67502976b959e"},"dob":{"date":"1968-10-21T07:54:36.310Z","age":55},"registered":{"date":"2014-12-19T06:14:21.659Z","age":9},"phone":"993-939-513","cell":"667-109-024","id":{"name":"DNI","value":"14490149-B"},"picture":{"large":"https://randomuser.me/api/portraits/men/5.jpg","medium":"https://randomuser.me/api/portraits/med/men/5.jpg","thumbnail":"https://randomuser.me/api/portraits/thumb/men/5.jpg"},"nat":"ES"}],"info":{"seed":"7a83c8f2a68efcff","results":1,"page":1,"version":"1.4"}} 
 </msg>
<msg time="2024-03-26T06:18:18.844761" level="INFO">/opt/hostedtoolcache/Python/3.12.2/x64/lib/python3.12/site-packages/urllib3/connectionpool.py:1103: InsecureRequestWarning: Unverified HTTPS request is being made to host 'randomuser.me'. Adding certificate verification is strongly advised. See: https://urllib3.readthedocs.io/en/latest/advanced-usage.html#tls-warnings
  warnings.warn(</msg>
<msg time="2024-03-26T06:18:18.844896" level="INFO">${response} = &lt;Response [200]&gt;</msg>
<var>${response}</var>
<arg>consultarAPI</arg>
<arg>/api</arg>
<doc>Sends a GET request on a previously created HTTP Session.</doc>
<status status="PASS" start="2024-03-26T06:18:18.341933" elapsed="0.503000"/>
</kw>
<kw name="Should Be Equal As Numbers" owner="BuiltIn">
<msg time="2024-03-26T06:18:18.845886" level="INFO">Argument types are:
&lt;class 'int'&gt;
&lt;class 'str'&gt;</msg>
<arg>${response.status_code}</arg>
<arg>200</arg>
<doc>Fails if objects are unequal after converting them to real numbers.</doc>
<status status="PASS" start="2024-03-26T06:18:18.845419" elapsed="0.000531"/>
</kw>
<kw name="Log" owner="BuiltIn">
<msg time="2024-03-26T06:18:18.846611" level="INFO">200</msg>
<arg>${response.status_code}</arg>
<doc>Logs the given message with the given level.</doc>
<status status="PASS" start="2024-03-26T06:18:18.846268" elapsed="0.000383"/>
</kw>
<kw name="Set Variable" owner="BuiltIn">
<msg time="2024-03-26T06:18:18.847362" level="INFO">${json_data} = {'results': [{'gender': 'male', 'name': {'title': 'Mr', 'first': 'Pablo', 'last': 'Diez'}, 'location': {'street': {'number': 8273, 'name': 'Calle de Atocha'}, 'city': 'Torrejón de Ardoz', 'state': 'Co...</msg>
<var>${json_data}</var>
<arg>${response.json()}</arg>
<doc>Returns the given values which can then be assigned to a variables.</doc>
<status status="PASS" start="2024-03-26T06:18:18.846955" elapsed="0.000434"/>
</kw>
<kw name="Dictionary Should Contain Key" owner="Collections">
<msg time="2024-03-26T06:18:18.847819" level="INFO">False</msg>
<arg>${json_data}</arg>
<arg>results</arg>
<doc>Fails if ``key`` is not found from ``dictionary``.</doc>
<status status="PASS" start="2024-03-26T06:18:18.847668" elapsed="0.000187"/>
</kw>
<status status="PASS" start="2024-03-26T06:18:18.341702" elapsed="0.506386"/>
</kw>
<doc>Testa se a API responde corretamente e retorna um objeto JSON válido.</doc>
<tag>testeRequisicaoBasica</tag>
<status status="PASS" start="2024-03-26T06:18:18.341215" elapsed="0.507037"/>
</test>
<test id="s1-s1-t3" name="Validar estrutura de resposta" line="22">
<kw name="Teste de Estrutura de Resposta" owner="random-user-service">
<kw name="GET On Session" owner="RequestsLibrary">
<msg time="2024-03-26T06:18:18.944490" level="INFO">GET Request : url=https://randomuser.me/api 
 path_url=/api 
 headers={'User-Agent': 'python-requests/2.31.0', 'Accept-Encoding': 'gzip, deflate', 'Accept': '*/*', 'Connection': 'keep-alive'} 
 body=None 
 </msg>
<msg time="2024-03-26T06:18:18.944575" level="INFO">GET Response : url=https://randomuser.me/api 
 status=200, reason=OK 
 headers={'Date': 'Tue, 26 Mar 2024 06:18:18 GMT', 'Content-Type': 'application/json; charset=utf-8', 'Transfer-Encoding': 'chunked', 'Connection': 'keep-alive', 'X-Powered-By': 'Express', 'Access-Control-Allow-Origin': '*', 'Cache-Control': 'no-cache', 'ETag': 'W/"47e-h2y5F+IIT1Fzvm0YmAc0dKUR5iA"', 'Vary': 'Accept-Encoding', 'Content-Encoding': 'gzip', 'CF-Cache-Status': 'DYNAMIC', 'Report-To': '{"endpoints":[{"url":"https:\\/\\/a.nel.cloudflare.com\\/report\\/v4?s=z4bGtvoGZQRnTkpc7QqtNVwrwi55tXC3WmPr1edsrDJSWr5ORsQxuMoHsm1wWSLuxjzfJGY2MwPey%2FCo3cQcaXELzdzgawAp157haly7Hjz%2BneCFFn4gjN6AChknEdnA"}],"group":"cf-nel","max_age":604800}', 'NEL': '{"success_fraction":0,"report_to":"cf-nel","max_age":604800}', 'Server': 'cloudflare', 'CF-RAY': '86a505cbd81d52ef-LAX', 'alt-svc': 'h3=":443"; ma=86400'} 
 body={"results":[{"gender":"female","name":{"title":"Ms","first":"Elinor","last":"Arnesen"},"location":{"street":{"number":8858,"name":"Hammersborggata"},"city":"Kil","state":"Nordland","country":"Norway","postcode":"2544","coordinates":{"latitude":"41.6319","longitude":"22.5502"},"timezone":{"offset":"+7:00","description":"Bangkok, Hanoi, Jakarta"}},"email":"elinor.arnesen@example.com","login":{"uuid":"40dce457-e360-4a5c-86ec-771691139484","username":"silverkoala534","password":"tanner","salt":"nybOtYpA","md5":"b24d2300793a850232e21ce997edf8f0","sha1":"f781b0e60139533bcc4a462e038e9bff0f734c42","sha256":"a6cef7a70780a0ab0a5469d41a078cf1a184aab4fc2e69e6b20f0ca6b0764215"},"dob":{"date":"1950-10-14T04:23:12.375Z","age":73},"registered":{"date":"2010-12-11T18:05:21.642Z","age":13},"phone":"20162521","cell":"46344960","id":{"name":"FN","value":"14105016698"},"picture":{"large":"https://randomuser.me/api/portraits/women/57.jpg","medium":"https://randomuser.me/api/portraits/med/women/57.jpg","thumbnail":"https://randomuser.me/api/portraits/thumb/women/57.jpg"},"nat":"NO"}],"info":{"seed":"a92eeef52901c14b","results":1,"page":1,"version":"1.4"}} 
 </msg>
<msg time="2024-03-26T06:18:18.944707" level="INFO">/opt/hostedtoolcache/Python/3.12.2/x64/lib/python3.12/site-packages/urllib3/connectionpool.py:1103: InsecureRequestWarning: Unverified HTTPS request is being made to host 'randomuser.me'. Adding certificate verification is strongly advised. See: https://urllib3.readthedocs.io/en/latest/advanced-usage.html#tls-warnings
  warnings.warn(</msg>
<msg time="2024-03-26T06:18:18.944867" level="INFO">${response} = &lt;Response [200]&gt;</msg>
<var>${response}</var>
<arg>consultarAPI</arg>
<arg>/api</arg>
<doc>Sends a GET request on a previously created HTTP Session.</doc>
<status status="PASS" start="2024-03-26T06:18:18.850816" elapsed="0.094108"/>
</kw>
<kw name="Set Variable" owner="BuiltIn">
<msg time="2024-03-26T06:18:18.945882" level="INFO">${json_data} = {'results': [{'gender': 'female', 'name': {'title': 'Ms', 'first': 'Elinor', 'last': 'Arnesen'}, 'location': {'street': {'number': 8858, 'name': 'Hammersborggata'}, 'city': 'Kil', 'state': 'Nordland',...</msg>
<var>${json_data}</var>
<arg>${response.json()}</arg>
<doc>Returns the given values which can then be assigned to a variables.</doc>
<status status="PASS" start="2024-03-26T06:18:18.945369" elapsed="0.000540"/>
</kw>
<kw name="Log" owner="BuiltIn">
<msg time="2024-03-26T06:18:18.946336" level="INFO">{'results': [{'gender': 'female', 'name': {'title': 'Ms', 'first': 'Elinor', 'last': 'Arnesen'}, 'location': {'street': {'number': 8858, 'name': 'Hammersborggata'}, 'city': 'Kil', 'state': 'Nordland', 'country': 'Norway', 'postcode': '2544', 'coordinates': {'latitude': '41.6319', 'longitude': '22.5502'}, 'timezone': {'offset': '+7:00', 'description': 'Bangkok, Hanoi, Jakarta'}}, 'email': 'elinor.arnesen@example.com', 'login': {'uuid': '40dce457-e360-4a5c-86ec-771691139484', 'username': 'silverkoala534', 'password': 'tanner', 'salt': 'nybOtYpA', 'md5': 'b24d2300793a850232e21ce997edf8f0', 'sha1': 'f781b0e60139533bcc4a462e038e9bff0f734c42', 'sha256': 'a6cef7a70780a0ab0a5469d41a078cf1a184aab4fc2e69e6b20f0ca6b0764215'}, 'dob': {'date': '1950-10-14T04:23:12.375Z', 'age': 73}, 'registered': {'date': '2010-12-11T18:05:21.642Z', 'age': 13}, 'phone': '20162521', 'cell': '46344960', 'id': {'name': 'FN', 'value': '14105016698'}, 'picture': {'large': 'https://randomuser.me/api/portraits/women/57.jpg', 'medium': 'https://randomuser.me/api/portraits/med/women/57.jpg', 'thumbnail': 'https://randomuser.me/api/portraits/thumb/women/57.jpg'}, 'nat': 'NO'}], 'info': {'seed': 'a92eeef52901c14b', 'results': 1, 'page': 1, 'version': '1.4'}}</msg>
<arg>${json_data}</arg>
<doc>Logs the given message with the given level.</doc>
<status status="PASS" start="2024-03-26T06:18:18.946193" elapsed="0.000187"/>
</kw>
<kw name="Dictionary Should Contain Key" owner="Collections">
<msg time="2024-03-26T06:18:18.946787" level="INFO">False</msg>
<arg>${json_data}</arg>
<arg>results</arg>
<doc>Fails if ``key`` is not found from ``dictionary``.</doc>
<status status="PASS" start="2024-03-26T06:18:18.946650" elapsed="0.000171"/>
</kw>
<kw name="Should Not Be Empty" owner="BuiltIn">
<msg time="2024-03-26T06:18:18.947209" level="INFO">Length is 2.</msg>
<arg>${json_data}</arg>
<doc>Verifies that the given item is not empty.</doc>
<status status="PASS" start="2024-03-26T06:18:18.947091" elapsed="0.000153"/>
</kw>
<kw name="Create List" owner="BuiltIn">
<msg time="2024-03-26T06:18:18.947645" level="INFO">${expected_keys} = ['gender', 'name', 'location', 'email', 'login']</msg>
<var>${expected_keys}</var>
<arg>gender</arg>
<arg>name</arg>
<arg>location</arg>
<arg>email</arg>
<arg>login</arg>
<doc>Returns a list containing given items.</doc>
<status status="PASS" start="2024-03-26T06:18:18.947504" elapsed="0.000163"/>
</kw>
<for flavor="IN">
<iter>
<kw name="Dictionary Should Contain Key" owner="Collections">
<msg time="2024-03-26T06:18:18.948529" level="INFO">False</msg>
<arg>${json_data['results'][0]}</arg>
<arg>${key}</arg>
<doc>Fails if ``key`` is not found from ``dictionary``.</doc>
<status status="PASS" start="2024-03-26T06:18:18.948175" elapsed="0.000389"/>
</kw>
<kw name="Log" owner="BuiltIn">
<msg time="2024-03-26T06:18:18.949220" level="INFO">{'gender': 'female', 'name': {'title': 'Ms', 'first': 'Elinor', 'last': 'Arnesen'}, 'location': {'street': {'number': 8858, 'name': 'Hammersborggata'}, 'city': 'Kil', 'state': 'Nordland', 'country': 'Norway', 'postcode': '2544', 'coordinates': {'latitude': '41.6319', 'longitude': '22.5502'}, 'timezone': {'offset': '+7:00', 'description': 'Bangkok, Hanoi, Jakarta'}}, 'email': 'elinor.arnesen@example.com', 'login': {'uuid': '40dce457-e360-4a5c-86ec-771691139484', 'username': 'silverkoala534', 'password': 'tanner', 'salt': 'nybOtYpA', 'md5': 'b24d2300793a850232e21ce997edf8f0', 'sha1': 'f781b0e60139533bcc4a462e038e9bff0f734c42', 'sha256': 'a6cef7a70780a0ab0a5469d41a078cf1a184aab4fc2e69e6b20f0ca6b0764215'}, 'dob': {'date': '1950-10-14T04:23:12.375Z', 'age': 73}, 'registered': {'date': '2010-12-11T18:05:21.642Z', 'age': 13}, 'phone': '20162521', 'cell': '46344960', 'id': {'name': 'FN', 'value': '14105016698'}, 'picture': {'large': 'https://randomuser.me/api/portraits/women/57.jpg', 'medium': 'https://randomuser.me/api/portraits/med/women/57.jpg', 'thumbnail': 'https://randomuser.me/api/portraits/thumb/women/57.jpg'}, 'nat': 'NO'}</msg>
<arg>${json_data['results'][0]}</arg>
<doc>Logs the given message with the given level.</doc>
<status status="PASS" start="2024-03-26T06:18:18.948868" elapsed="0.000401"/>
</kw>
<kw name="Log" owner="BuiltIn">
<msg time="2024-03-26T06:18:18.949667" level="INFO">gender</msg>
<arg>${key}</arg>
<doc>Logs the given message with the given level.</doc>
<status status="PASS" start="2024-03-26T06:18:18.949546" elapsed="0.000157"/>
</kw>
<var name="${key}">gender</var>
<status status="PASS" start="2024-03-26T06:18:18.948058" elapsed="0.001848"/>
</iter>
<iter>
<kw name="Dictionary Should Contain Key" owner="Collections">
<msg time="2024-03-26T06:18:18.950526" level="INFO">False</msg>
<arg>${json_data['results'][0]}</arg>
<arg>${key}</arg>
<doc>Fails if ``key`` is not found from ``dictionary``.</doc>
<status status="PASS" start="2024-03-26T06:18:18.950181" elapsed="0.000381"/>
</kw>
<kw name="Log" owner="BuiltIn">
<msg time="2024-03-26T06:18:18.951203" level="INFO">{'gender': 'female', 'name': {'title': 'Ms', 'first': 'Elinor', 'last': 'Arnesen'}, 'location': {'street': {'number': 8858, 'name': 'Hammersborggata'}, 'city': 'Kil', 'state': 'Nordland', 'country': 'Norway', 'postcode': '2544', 'coordinates': {'latitude': '41.6319', 'longitude': '22.5502'}, 'timezone': {'offset': '+7:00', 'description': 'Bangkok, Hanoi, Jakarta'}}, 'email': 'elinor.arnesen@example.com', 'login': {'uuid': '40dce457-e360-4a5c-86ec-771691139484', 'username': 'silverkoala534', 'password': 'tanner', 'salt': 'nybOtYpA', 'md5': 'b24d2300793a850232e21ce997edf8f0', 'sha1': 'f781b0e60139533bcc4a462e038e9bff0f734c42', 'sha256': 'a6cef7a70780a0ab0a5469d41a078cf1a184aab4fc2e69e6b20f0ca6b0764215'}, 'dob': {'date': '1950-10-14T04:23:12.375Z', 'age': 73}, 'registered': {'date': '2010-12-11T18:05:21.642Z', 'age': 13}, 'phone': '20162521', 'cell': '46344960', 'id': {'name': 'FN', 'value': '14105016698'}, 'picture': {'large': 'https://randomuser.me/api/portraits/women/57.jpg', 'medium': 'https://randomuser.me/api/portraits/med/women/57.jpg', 'thumbnail': 'https://randomuser.me/api/portraits/thumb/women/57.jpg'}, 'nat': 'NO'}</msg>
<arg>${json_data['results'][0]}</arg>
<doc>Logs the given message with the given level.</doc>
<status status="PASS" start="2024-03-26T06:18:18.950866" elapsed="0.000382"/>
</kw>
<kw name="Log" owner="BuiltIn">
<msg time="2024-03-26T06:18:18.951643" level="INFO">name</msg>
<arg>${key}</arg>
<doc>Logs the given message with the given level.</doc>
<status status="PASS" start="2024-03-26T06:18:18.951522" elapsed="0.000156"/>
</kw>
<var name="${key}">name</var>
<status status="PASS" start="2024-03-26T06:18:18.950076" elapsed="0.001803"/>
</iter>
<iter>
<kw name="Dictionary Should Contain Key" owner="Collections">
<msg time="2024-03-26T06:18:18.952497" level="INFO">False</msg>
<arg>${json_data['results'][0]}</arg>
<arg>${key}</arg>
<doc>Fails if ``key`` is not found from ``dictionary``.</doc>
<status status="PASS" start="2024-03-26T06:18:18.952144" elapsed="0.000389"/>
</kw>
<kw name="Log" owner="BuiltIn">
<msg time="2024-03-26T06:18:18.953171" level="INFO">{'gender': 'female', 'name': {'title': 'Ms', 'first': 'Elinor', 'last': 'Arnesen'}, 'location': {'street': {'number': 8858, 'name': 'Hammersborggata'}, 'city': 'Kil', 'state': 'Nordland', 'country': 'Norway', 'postcode': '2544', 'coordinates': {'latitude': '41.6319', 'longitude': '22.5502'}, 'timezone': {'offset': '+7:00', 'description': 'Bangkok, Hanoi, Jakarta'}}, 'email': 'elinor.arnesen@example.com', 'login': {'uuid': '40dce457-e360-4a5c-86ec-771691139484', 'username': 'silverkoala534', 'password': 'tanner', 'salt': 'nybOtYpA', 'md5': 'b24d2300793a850232e21ce997edf8f0', 'sha1': 'f781b0e60139533bcc4a462e038e9bff0f734c42', 'sha256': 'a6cef7a70780a0ab0a5469d41a078cf1a184aab4fc2e69e6b20f0ca6b0764215'}, 'dob': {'date': '1950-10-14T04:23:12.375Z', 'age': 73}, 'registered': {'date': '2010-12-11T18:05:21.642Z', 'age': 13}, 'phone': '20162521', 'cell': '46344960', 'id': {'name': 'FN', 'value': '14105016698'}, 'picture': {'large': 'https://randomuser.me/api/portraits/women/57.jpg', 'medium': 'https://randomuser.me/api/portraits/med/women/57.jpg', 'thumbnail': 'https://randomuser.me/api/portraits/thumb/women/57.jpg'}, 'nat': 'NO'}</msg>
<arg>${json_data['results'][0]}</arg>
<doc>Logs the given message with the given level.</doc>
<status status="PASS" start="2024-03-26T06:18:18.952809" elapsed="0.000410"/>
</kw>
<kw name="Log" owner="BuiltIn">
<msg time="2024-03-26T06:18:18.953604" level="INFO">location</msg>
<arg>${key}</arg>
<doc>Logs the given message with the given level.</doc>
<status status="PASS" start="2024-03-26T06:18:18.953489" elapsed="0.000150"/>
</kw>
<var name="${key}">location</var>
<status status="PASS" start="2024-03-26T06:18:18.952043" elapsed="0.001793"/>
</iter>
<iter>
<kw name="Dictionary Should Contain Key" owner="Collections">
<msg time="2024-03-26T06:18:18.954441" level="INFO">False</msg>
<arg>${json_data['results'][0]}</arg>
<arg>${key}</arg>
<doc>Fails if ``key`` is not found from ``dictionary``.</doc>
<status status="PASS" start="2024-03-26T06:18:18.954092" elapsed="0.000384"/>
</kw>
<kw name="Log" owner="BuiltIn">
<msg time="2024-03-26T06:18:18.955073" level="INFO">{'gender': 'female', 'name': {'title': 'Ms', 'first': 'Elinor', 'last': 'Arnesen'}, 'location': {'street': {'number': 8858, 'name': 'Hammersborggata'}, 'city': 'Kil', 'state': 'Nordland', 'country': 'Norway', 'postcode': '2544', 'coordinates': {'latitude': '41.6319', 'longitude': '22.5502'}, 'timezone': {'offset': '+7:00', 'description': 'Bangkok, Hanoi, Jakarta'}}, 'email': 'elinor.arnesen@example.com', 'login': {'uuid': '40dce457-e360-4a5c-86ec-771691139484', 'username': 'silverkoala534', 'password': 'tanner', 'salt': 'nybOtYpA', 'md5': 'b24d2300793a850232e21ce997edf8f0', 'sha1': 'f781b0e60139533bcc4a462e038e9bff0f734c42', 'sha256': 'a6cef7a70780a0ab0a5469d41a078cf1a184aab4fc2e69e6b20f0ca6b0764215'}, 'dob': {'date': '1950-10-14T04:23:12.375Z', 'age': 73}, 'registered': {'date': '2010-12-11T18:05:21.642Z', 'age': 13}, 'phone': '20162521', 'cell': '46344960', 'id': {'name': 'FN', 'value': '14105016698'}, 'picture': {'large': 'https://randomuser.me/api/portraits/women/57.jpg', 'medium': 'https://randomuser.me/api/portraits/med/women/57.jpg', 'thumbnail': 'https://randomuser.me/api/portraits/thumb/women/57.jpg'}, 'nat': 'NO'}</msg>
<arg>${json_data['results'][0]}</arg>
<doc>Logs the given message with the given level.</doc>
<status status="PASS" start="2024-03-26T06:18:18.954750" elapsed="0.000367"/>
</kw>
<kw name="Log" owner="BuiltIn">
<msg time="2024-03-26T06:18:18.955500" level="INFO">email</msg>
<arg>${key}</arg>
<doc>Logs the given message with the given level.</doc>
<status status="PASS" start="2024-03-26T06:18:18.955385" elapsed="0.000151"/>
</kw>
<var name="${key}">email</var>
<status status="PASS" start="2024-03-26T06:18:18.953992" elapsed="0.001740"/>
</iter>
<iter>
<kw name="Dictionary Should Contain Key" owner="Collections">
<msg time="2024-03-26T06:18:18.956350" level="INFO">False</msg>
<arg>${json_data['results'][0]}</arg>
<arg>${key}</arg>
<doc>Fails if ``key`` is not found from ``dictionary``.</doc>
<status status="PASS" start="2024-03-26T06:18:18.955998" elapsed="0.000386"/>
</kw>
<kw name="Log" owner="BuiltIn">
<msg time="2024-03-26T06:18:18.957012" level="INFO">{'gender': 'female', 'name': {'title': 'Ms', 'first': 'Elinor', 'last': 'Arnesen'}, 'location': {'street': {'number': 8858, 'name': 'Hammersborggata'}, 'city': 'Kil', 'state': 'Nordland', 'country': 'Norway', 'postcode': '2544', 'coordinates': {'latitude': '41.6319', 'longitude': '22.5502'}, 'timezone': {'offset': '+7:00', 'description': 'Bangkok, Hanoi, Jakarta'}}, 'email': 'elinor.arnesen@example.com', 'login': {'uuid': '40dce457-e360-4a5c-86ec-771691139484', 'username': 'silverkoala534', 'password': 'tanner', 'salt': 'nybOtYpA', 'md5': 'b24d2300793a850232e21ce997edf8f0', 'sha1': 'f781b0e60139533bcc4a462e038e9bff0f734c42', 'sha256': 'a6cef7a70780a0ab0a5469d41a078cf1a184aab4fc2e69e6b20f0ca6b0764215'}, 'dob': {'date': '1950-10-14T04:23:12.375Z', 'age': 73}, 'registered': {'date': '2010-12-11T18:05:21.642Z', 'age': 13}, 'phone': '20162521', 'cell': '46344960', 'id': {'name': 'FN', 'value': '14105016698'}, 'picture': {'large': 'https://randomuser.me/api/portraits/women/57.jpg', 'medium': 'https://randomuser.me/api/portraits/med/women/57.jpg', 'thumbnail': 'https://randomuser.me/api/portraits/thumb/women/57.jpg'}, 'nat': 'NO'}</msg>
<arg>${json_data['results'][0]}</arg>
<doc>Logs the given message with the given level.</doc>
<status status="PASS" start="2024-03-26T06:18:18.956654" elapsed="0.000403"/>
</kw>
<kw name="Log" owner="BuiltIn">
<msg time="2024-03-26T06:18:18.957443" level="INFO">login</msg>
<arg>${key}</arg>
<doc>Logs the given message with the given level.</doc>
<status status="PASS" start="2024-03-26T06:18:18.957326" elapsed="0.000244"/>
</kw>
<var name="${key}">login</var>
<status status="PASS" start="2024-03-26T06:18:18.955891" elapsed="0.001887"/>
</iter>
<var>${key}</var>
<value>@{expected_keys}</value>
<status status="PASS" start="2024-03-26T06:18:18.947895" elapsed="0.010019"/>
</for>
<kw name="Create List" owner="BuiltIn">
<msg time="2024-03-26T06:18:18.958222" level="INFO">${expected_keysTwo} = ['username', 'password']</msg>
<var>${expected_keysTwo}</var>
<arg>username</arg>
<arg>password</arg>
<doc>Returns a list containing given items.</doc>
<status status="PASS" start="2024-03-26T06:18:18.958096" elapsed="0.000148"/>
</kw>
<for flavor="IN">
<iter>
<kw name="Dictionary Should Contain Key" owner="Collections">
<msg time="2024-03-26T06:18:18.959046" level="INFO">False</msg>
<arg>${json_data['results'][0]['login']}</arg>
<arg>${keyTwo}</arg>
<doc>Fails if ``key`` is not found from ``dictionary``.</doc>
<status status="PASS" start="2024-03-26T06:18:18.958701" elapsed="0.000379"/>
</kw>
<kw name="Dictionary Should Contain Key" owner="Collections">
<msg time="2024-03-26T06:18:18.959695" level="INFO">False</msg>
<arg>${json_data['results'][0]['login']}</arg>
<arg>${keyTwo}</arg>
<doc>Fails if ``key`` is not found from ``dictionary``.</doc>
<status status="PASS" start="2024-03-26T06:18:18.959351" elapsed="0.000378"/>
</kw>
<kw name="Log" owner="BuiltIn">
<msg time="2024-03-26T06:18:18.960116" level="INFO">username</msg>
<arg>${keyTwo}</arg>
<doc>Logs the given message with the given level.</doc>
<status status="PASS" start="2024-03-26T06:18:18.959999" elapsed="0.000152"/>
</kw>
<var name="${keyTwo}">username</var>
<status status="PASS" start="2024-03-26T06:18:18.958600" elapsed="0.001747"/>
</iter>
<iter>
<kw name="Dictionary Should Contain Key" owner="Collections">
<msg time="2024-03-26T06:18:18.960981" level="INFO">False</msg>
<arg>${json_data['results'][0]['login']}</arg>
<arg>${keyTwo}</arg>
<doc>Fails if ``key`` is not found from ``dictionary``.</doc>
<status status="PASS" start="2024-03-26T06:18:18.960604" elapsed="0.000413"/>
</kw>
<kw name="Dictionary Should Contain Key" owner="Collections">
<msg time="2024-03-26T06:18:18.961643" level="INFO">False</msg>
<arg>${json_data['results'][0]['login']}</arg>
<arg>${keyTwo}</arg>
<doc>Fails if ``key`` is not found from ``dictionary``.</doc>
<status status="PASS" start="2024-03-26T06:18:18.961290" elapsed="0.000387"/>
</kw>
<kw name="Log" owner="BuiltIn">
<msg time="2024-03-26T06:18:18.962060" level="INFO">password</msg>
<arg>${keyTwo}</arg>
<doc>Logs the given message with the given level.</doc>
<status status="PASS" start="2024-03-26T06:18:18.961943" elapsed="0.000152"/>
</kw>
<var name="${keyTwo}">password</var>
<status status="PASS" start="2024-03-26T06:18:18.960504" elapsed="0.001788"/>
</iter>
<var>${keyTwo}</var>
<value>@{expected_keysTwo}</value>
<status status="PASS" start="2024-03-26T06:18:18.958463" elapsed="0.003941"/>
</for>
<status status="PASS" start="2024-03-26T06:18:18.850601" elapsed="0.111930"/>
</kw>
<doc>Testa a estrutura da resposta da API.</doc>
<tag>testeEstruturaResposta</tag>
<status status="PASS" start="2024-03-26T06:18:18.849940" elapsed="0.112729"/>
</test>
<test id="s1-s1-t4" name="Validar tipos de dados" line="28">
<kw name="Teste de Tipos de Dados" owner="random-user-service">
<kw name="GET On Session" owner="RequestsLibrary">
<msg time="2024-03-26T06:18:19.059120" level="INFO">GET Request : url=https://randomuser.me/api 
 path_url=/api 
 headers={'User-Agent': 'python-requests/2.31.0', 'Accept-Encoding': 'gzip, deflate', 'Accept': '*/*', 'Connection': 'keep-alive'} 
 body=None 
 </msg>
<msg time="2024-03-26T06:18:19.059205" level="INFO">GET Response : url=https://randomuser.me/api 
 status=200, reason=OK 
 headers={'Date': 'Tue, 26 Mar 2024 06:18:19 GMT', 'Content-Type': 'application/json; charset=utf-8', 'Transfer-Encoding': 'chunked', 'Connection': 'keep-alive', 'X-Powered-By': 'Express', 'Access-Control-Allow-Origin': '*', 'Cache-Control': 'no-cache', 'ETag': 'W/"490-oNUT8ycBjRm+oW6KokNYRJvQ9/Y"', 'Vary': 'Accept-Encoding', 'Content-Encoding': 'gzip', 'CF-Cache-Status': 'DYNAMIC', 'Report-To': '{"endpoints":[{"url":"https:\\/\\/a.nel.cloudflare.com\\/report\\/v4?s=PkLhWEHX0dvReu3o8cFdhRhOCc%2BG%2BNxZprxS6JyLMvD0B4%2ByRCBa0PEybOH1ghjJewDl8z7DA3wf06p8zeRa7fB7Usw5bMEpUF2HJqE6%2FzIPL%2BRJhWZFIzVELUqgn9aR"}],"group":"cf-nel","max_age":604800}', 'NEL': '{"success_fraction":0,"report_to":"cf-nel","max_age":604800}', 'Server': 'cloudflare', 'CF-RAY': '86a505cc88ce52ef-LAX', 'alt-svc': 'h3=":443"; ma=86400'} 
 body={"results":[{"gender":"female","name":{"title":"Ms","first":"Marina","last":"Enersen"},"location":{"street":{"number":6177,"name":"Skøyenåsveien"},"city":"Stavsjø","state":"Hordaland","country":"Norway","postcode":"0777","coordinates":{"latitude":"45.8028","longitude":"62.9701"},"timezone":{"offset":"+8:00","description":"Beijing, Perth, Singapore, Hong Kong"}},"email":"marina.enersen@example.com","login":{"uuid":"a2ed9cc5-20c4-46a7-acf3-b1f269872797","username":"bluepanda207","password":"zzzzzz1","salt":"bYtzNEiX","md5":"6513902ab157edc4d970eceb31290c40","sha1":"6fb1418efde5c8475e6de4dee2b9efcdc69750cb","sha256":"2a203cb0a1c554e44ad633ea4c9bd37981836f6a5d13938669be442dbdb44cc3"},"dob":{"date":"2000-11-09T05:16:31.738Z","age":23},"registered":{"date":"2005-06-06T00:53:31.347Z","age":18},"phone":"65414642","cell":"95236590","id":{"name":"FN","value":"09110065296"},"picture":{"large":"https://randomuser.me/api/portraits/women/39.jpg","medium":"https://randomuser.me/api/portraits/med/women/39.jpg","thumbnail":"https://randomuser.me/api/portraits/thumb/women/39.jpg"},"nat":"NO"}],"info":{"seed":"997b441e5434bb50","results":1,"page":1,"version":"1.4"}} 
 </msg>
<msg time="2024-03-26T06:18:19.059279" level="INFO">/opt/hostedtoolcache/Python/3.12.2/x64/lib/python3.12/site-packages/urllib3/connectionpool.py:1103: InsecureRequestWarning: Unverified HTTPS request is being made to host 'randomuser.me'. Adding certificate verification is strongly advised. See: https://urllib3.readthedocs.io/en/latest/advanced-usage.html#tls-warnings
  warnings.warn(</msg>
<msg time="2024-03-26T06:18:19.059401" level="INFO">${response} = &lt;Response [200]&gt;</msg>
<var>${response}</var>
<arg>consultarAPI</arg>
<arg>/api</arg>
<doc>Sends a GET request on a previously created HTTP Session.</doc>
<status status="PASS" start="2024-03-26T06:18:18.964986" elapsed="0.094469"/>
</kw>
<kw name="Set Variable" owner="BuiltIn">
<msg time="2024-03-26T06:18:19.060534" level="INFO">${json_data} = {'results': [{'gender': 'female', 'name': {'title': 'Ms', 'first': 'Marina', 'last': 'Enersen'}, 'location': {'street': {'number': 6177, 'name': 'Skøyenåsveien'}, 'city': 'Stavsjø', 'state': 'Hordalan...</msg>
<var>${json_data}</var>
<arg>${response.json()}</arg>
<doc>Returns the given values which can then be assigned to a variables.</doc>
<status status="PASS" start="2024-03-26T06:18:19.059993" elapsed="0.000571"/>
</kw>
<kw name="Log" owner="BuiltIn">
<msg time="2024-03-26T06:18:19.061085" level="INFO">{'results': [{'gender': 'female', 'name': {'title': 'Ms', 'first': 'Marina', 'last': 'Enersen'}, 'location': {'street': {'number': 6177, 'name': 'Skøyenåsveien'}, 'city': 'Stavsjø', 'state': 'Hordaland', 'country': 'Norway', 'postcode': '0777', 'coordinates': {'latitude': '45.8028', 'longitude': '62.9701'}, 'timezone': {'offset': '+8:00', 'description': 'Beijing, Perth, Singapore, Hong Kong'}}, 'email': 'marina.enersen@example.com', 'login': {'uuid': 'a2ed9cc5-20c4-46a7-acf3-b1f269872797', 'username': 'bluepanda207', 'password': 'zzzzzz1', 'salt': 'bYtzNEiX', 'md5': '6513902ab157edc4d970eceb31290c40', 'sha1': '6fb1418efde5c8475e6de4dee2b9efcdc69750cb', 'sha256': '2a203cb0a1c554e44ad633ea4c9bd37981836f6a5d13938669be442dbdb44cc3'}, 'dob': {'date': '2000-11-09T05:16:31.738Z', 'age': 23}, 'registered': {'date': '2005-06-06T00:53:31.347Z', 'age': 18}, 'phone': '65414642', 'cell': '95236590', 'id': {'name': 'FN', 'value': '09110065296'}, 'picture': {'large': 'https://randomuser.me/api/portraits/women/39.jpg', 'medium': 'https://randomuser.me/api/portraits/med/women/39.jpg', 'thumbnail': 'https://randomuser.me/api/portraits/thumb/women/39.jpg'}, 'nat': 'NO'}], 'info': {'seed': '997b441e5434bb50', 'results': 1, 'page': 1, 'version': '1.4'}}</msg>
<arg>${json_data}</arg>
<doc>Logs the given message with the given level.</doc>
<status status="PASS" start="2024-03-26T06:18:19.060917" elapsed="0.000249"/>
</kw>
<kw name="Should Be String" owner="String">
<arg>${json_data['results'][0]['gender']}</arg>
<doc>Fails if the given ``item`` is not a string.</doc>
<status status="PASS" start="2024-03-26T06:18:19.061467" elapsed="0.000361"/>
</kw>
<kw name="Should Match Regexp" owner="BuiltIn">
<arg>${json_data['results'][0]['email']}</arg>
<arg>^[a-zA-Z0-9._%+-]+@[a-zA-Z0-9.-]+\.[a-zA-Z]{2,}$</arg>
<doc>Fails if ``string`` does not match ``pattern`` as a regular expression.</doc>
<status status="PASS" start="2024-03-26T06:18:19.062020" elapsed="0.000497"/>
</kw>
<kw name="Should Match Regexp" owner="BuiltIn">
<arg>${json_data['results'][0]['dob']['date']}</arg>
<arg>\\d{4}-\\d{2}-\\d{2}T\\d{2}:\\d{2}:\\d{2}\\.\\d{3}Z</arg>
<doc>Fails if ``string`` does not match ``pattern`` as a regular expression.</doc>
<status status="PASS" start="2024-03-26T06:18:19.062712" elapsed="0.000491"/>
</kw>
<kw name="Should Match Regexp" owner="BuiltIn">
<arg>${json_data['results'][0]['registered']['date']}</arg>
<arg>\\d{4}-\\d{2}-\\d{2}T\\d{2}:\\d{2}:\\d{2}\\.\\d{3}Z</arg>
<doc>Fails if ``string`` does not match ``pattern`` as a regular expression.</doc>
<status status="PASS" start="2024-03-26T06:18:19.063397" elapsed="0.000363"/>
</kw>
<kw name="Should Match Regexp" owner="BuiltIn">
<arg>${json_data['results'][0]['picture']['large']}</arg>
<arg>^https?://.*\.(?:png|jpe?g|gif|bmp)$</arg>
<doc>Fails if ``string`` does not match ``pattern`` as a regular expression.</doc>
<status status="PASS" start="2024-03-26T06:18:19.063944" elapsed="0.000455"/>
</kw>
<kw name="Should Match Regexp" owner="BuiltIn">
<arg>${json_data['results'][0]['picture']['medium']}</arg>
<arg>^https?://.*\.(?:png|jpe?g|gif|bmp)$</arg>
<doc>Fails if ``string`` does not match ``pattern`` as a regular expression.</doc>
<status status="PASS" start="2024-03-26T06:18:19.064585" elapsed="0.000386"/>
</kw>
<kw name="Should Match Regexp" owner="BuiltIn">
<arg>${json_data['results'][0]['picture']['thumbnail']}</arg>
<arg>^https?://.*\.(?:png|jpe?g|gif|bmp)$</arg>
<doc>Fails if ``string`` does not match ``pattern`` as a regular expression.</doc>
<status status="PASS" start="2024-03-26T06:18:19.065155" elapsed="0.000350"/>
</kw>
<kw name="Log" owner="BuiltIn">
<msg time="2024-03-26T06:18:19.066005" level="INFO">{'large': 'https://randomuser.me/api/portraits/women/39.jpg', 'medium': 'https://randomuser.me/api/portraits/med/women/39.jpg', 'thumbnail': 'https://randomuser.me/api/portraits/thumb/women/39.jpg'}</msg>
<arg>${json_data['results'][0]['picture']}</arg>
<doc>Logs the given message with the given level.</doc>
<status status="PASS" start="2024-03-26T06:18:19.065683" elapsed="0.000368"/>
</kw>
<status status="PASS" start="2024-03-26T06:18:18.964733" elapsed="0.101567"/>
</kw>
<kw name="Teste de Tipos de Dados - Postcode" owner="random-user-service">
<kw name="GET On Session" owner="RequestsLibrary">
<msg time="2024-03-26T06:18:19.159088" level="INFO">GET Request : url=https://randomuser.me/api 
 path_url=/api 
 headers={'User-Agent': 'python-requests/2.31.0', 'Accept-Encoding': 'gzip, deflate', 'Accept': '*/*', 'Connection': 'keep-alive'} 
 body=None 
 </msg>
<msg time="2024-03-26T06:18:19.159152" level="INFO">GET Response : url=https://randomuser.me/api 
 status=200, reason=OK 
 headers={'Date': 'Tue, 26 Mar 2024 06:18:19 GMT', 'Content-Type': 'application/json; charset=utf-8', 'Transfer-Encoding': 'chunked', 'Connection': 'keep-alive', 'X-Powered-By': 'Express', 'Access-Control-Allow-Origin': '*', 'Cache-Control': 'no-cache', 'ETag': 'W/"4b5-nMyuAFsROIcLFQqQSrtA5ggmaXQ"', 'Vary': 'Accept-Encoding', 'Content-Encoding': 'gzip', 'CF-Cache-Status': 'DYNAMIC', 'Report-To': '{"endpoints":[{"url":"https:\\/\\/a.nel.cloudflare.com\\/report\\/v4?s=0weQTZrP5h2gRKdcLIkvoFvVQqnMtAcgCTsPol9%2BTqIezmRsxIr0FKoG68KsC82VEMPddA8896R3kVXasDbUdDfao9RXmMlXjKmR3W2hkyoAV2RPaKyhhHjf3A85knT8"}],"group":"cf-nel","max_age":604800}', 'NEL': '{"success_fraction":0,"report_to":"cf-nel","max_age":604800}', 'Server': 'cloudflare', 'CF-RAY': '86a505cd394c52ef-LAX', 'alt-svc': 'h3=":443"; ma=86400'} 
 body={"results":[{"gender":"female","name":{"title":"Ms","first":"Rosario","last":"Luevano"},"location":{"street":{"number":676,"name":"Eje vial Limón"},"city":"El Castillo (Mpio. Mazatlán)","state":"Guanajuato","country":"Mexico","postcode":26906,"coordinates":{"latitude":"22.1608","longitude":"91.7545"},"timezone":{"offset":"+1:00","description":"Brussels, Copenhagen, Madrid, Paris"}},"email":"rosario.luevano@example.com","login":{"uuid":"d8b71945-3767-4555-bfd3-d6ccc4458cb5","username":"brownsnake470","password":"spider","salt":"BxCtxvS0","md5":"c76126200d4bb706253970b9c8751071","sha1":"cf7462b27ca04daf3f57bebb429832dca90292d1","sha256":"d13c93087ad5f2ef39a10842e229605234d4f8880d501d9f507c7199169f63f3"},"dob":{"date":"1990-05-03T05:29:44.215Z","age":33},"registered":{"date":"2018-06-03T09:24:58.701Z","age":5},"phone":"(622) 357 7383","cell":"(658) 631 2027","id":{"name":"NSS","value":"94 49 92 0365 4"},"picture":{"large":"https://randomuser.me/api/portraits/women/75.jpg","medium":"https://randomuser.me/api/portraits/med/women/75.jpg","thumbnail":"https://randomuser.me/api/portraits/thumb/women/75.jpg"},"nat":"MX"}],"info":{"seed":"2096b5caff3a0051","results":1,"page":1,"version":"1.4"}} 
 </msg>
<msg time="2024-03-26T06:18:19.159216" level="INFO">/opt/hostedtoolcache/Python/3.12.2/x64/lib/python3.12/site-packages/urllib3/connectionpool.py:1103: InsecureRequestWarning: Unverified HTTPS request is being made to host 'randomuser.me'. Adding certificate verification is strongly advised. See: https://urllib3.readthedocs.io/en/latest/advanced-usage.html#tls-warnings
  warnings.warn(</msg>
<msg time="2024-03-26T06:18:19.159306" level="INFO">${response} = &lt;Response [200]&gt;</msg>
<var>${response}</var>
<arg>consultarAPI</arg>
<arg>/api</arg>
<doc>Sends a GET request on a previously created HTTP Session.</doc>
<status status="PASS" start="2024-03-26T06:18:19.066839" elapsed="0.092507"/>
</kw>
<kw name="Set Variable" owner="BuiltIn">
<msg time="2024-03-26T06:18:19.160347" level="INFO">${json_data} = {'results': [{'gender': 'female', 'name': {'title': 'Ms', 'first': 'Rosario', 'last': 'Luevano'}, 'location': {'street': {'number': 676, 'name': 'Eje vial Limón'}, 'city': 'El Castillo (Mpio. Mazatlán...</msg>
<var>${json_data}</var>
<arg>${response.json()}</arg>
<doc>Returns the given values which can then be assigned to a variables.</doc>
<status status="PASS" start="2024-03-26T06:18:19.159790" elapsed="0.000586"/>
</kw>
<kw name="Log" owner="BuiltIn">
<msg time="2024-03-26T06:18:19.160874" level="INFO">{'results': [{'gender': 'female', 'name': {'title': 'Ms', 'first': 'Rosario', 'last': 'Luevano'}, 'location': {'street': {'number': 676, 'name': 'Eje vial Limón'}, 'city': 'El Castillo (Mpio. Mazatlán)', 'state': 'Guanajuato', 'country': 'Mexico', 'postcode': 26906, 'coordinates': {'latitude': '22.1608', 'longitude': '91.7545'}, 'timezone': {'offset': '+1:00', 'description': 'Brussels, Copenhagen, Madrid, Paris'}}, 'email': 'rosario.luevano@example.com', 'login': {'uuid': 'd8b71945-3767-4555-bfd3-d6ccc4458cb5', 'username': 'brownsnake470', 'password': 'spider', 'salt': 'BxCtxvS0', 'md5': 'c76126200d4bb706253970b9c8751071', 'sha1': 'cf7462b27ca04daf3f57bebb429832dca90292d1', 'sha256': 'd13c93087ad5f2ef39a10842e229605234d4f8880d501d9f507c7199169f63f3'}, 'dob': {'date': '1990-05-03T05:29:44.215Z', 'age': 33}, 'registered': {'date': '2018-06-03T09:24:58.701Z', 'age': 5}, 'phone': '(622) 357 7383', 'cell': '(658) 631 2027', 'id': {'name': 'NSS', 'value': '94 49 92 0365 4'}, 'picture': {'large': 'https://randomuser.me/api/portraits/women/75.jpg', 'medium': 'https://randomuser.me/api/portraits/med/women/75.jpg', 'thumbnail': 'https://randomuser.me/api/portraits/thumb/women/75.jpg'}, 'nat': 'MX'}], 'info': {'seed': '2096b5caff3a0051', 'results': 1, 'page': 1, 'version': '1.4'}}</msg>
<arg>${json_data}</arg>
<doc>Logs the given message with the given level.</doc>
<status status="PASS" start="2024-03-26T06:18:19.160685" elapsed="0.000274"/>
</kw>
<kw name="Should Be Equal As Numbers" owner="BuiltIn">
<arg>${json_data['results'][0]['location']['postcode']}</arg>
<arg>${json_data['results'][0]['location']['postcode']}</arg>
<doc>Fails if objects are unequal after converting them to real numbers.</doc>
<status status="PASS" start="2024-03-26T06:18:19.161265" elapsed="0.000620"/>
</kw>
<kw name="Log" owner="BuiltIn">
<msg time="2024-03-26T06:18:19.162411" level="INFO">26906</msg>
<arg>${json_data['results'][0]['location']['postcode']}</arg>
<doc>Logs the given message with the given level.</doc>
<status status="PASS" start="2024-03-26T06:18:19.162076" elapsed="0.000376"/>
</kw>
<status status="PASS" start="2024-03-26T06:18:19.066506" elapsed="0.096196"/>
</kw>
<doc>Testa se os tipos de dados na resposta da API estão corretos.</doc>
<tag>testeTiposDados</tag>
<status status="PASS" start="2024-03-26T06:18:18.964228" elapsed="0.198637"/>
</test>
<test id="s1-s1-t5" name="Validar conteudo" line="35">
<kw name="Teste de Tipos de Conteudo" owner="random-user-service">
<kw name="GET On Session" owner="RequestsLibrary">
<msg time="2024-03-26T06:18:19.279259" level="INFO">GET Request : url=https://randomuser.me/api 
 path_url=/api 
 headers={'User-Agent': 'python-requests/2.31.0', 'Accept-Encoding': 'gzip, deflate', 'Accept': '*/*', 'Connection': 'keep-alive'} 
 body=None 
 </msg>
<msg time="2024-03-26T06:18:19.279337" level="INFO">GET Response : url=https://randomuser.me/api 
 status=200, reason=OK 
 headers={'Date': 'Tue, 26 Mar 2024 06:18:19 GMT', 'Content-Type': 'application/json; charset=utf-8', 'Transfer-Encoding': 'chunked', 'Connection': 'keep-alive', 'X-Powered-By': 'Express', 'Access-Control-Allow-Origin': '*', 'Cache-Control': 'no-cache', 'ETag': 'W/"49b-ZBf+FGW6au+rBcUgY1QCJ/7vhV8"', 'Vary': 'Accept-Encoding', 'Content-Encoding': 'gzip', 'CF-Cache-Status': 'DYNAMIC', 'Report-To': '{"endpoints":[{"url":"https:\\/\\/a.nel.cloudflare.com\\/report\\/v4?s=U%2FSm0ahkJ3N5eIcSLvtobypUc%2BcUZC9McG3J68eXw%2Fpfy0N3Oxk6lOp16AIQaKHEhjiH8T41ExQeUF1umiCIHI6X4vVYc%2FTFIpQNZPj3HzSDnO7%2FsHU7MA5a%2BcId8caI"}],"group":"cf-nel","max_age":604800}', 'NEL': '{"success_fraction":0,"report_to":"cf-nel","max_age":604800}', 'Server': 'cloudflare', 'CF-RAY': '86a505cdc9ec52ef-LAX', 'alt-svc': 'h3=":443"; ma=86400'} 
 body={"results":[{"gender":"male","name":{"title":"Mr","first":"Anders","last":"Verharen"},"location":{"street":{"number":6416,"name":"De La Minestraat"},"city":"Langbroek","state":"Friesland","country":"Netherlands","postcode":"6331 PU","coordinates":{"latitude":"34.2761","longitude":"-31.2515"},"timezone":{"offset":"+9:00","description":"Tokyo, Seoul, Osaka, Sapporo, Yakutsk"}},"email":"anders.verharen@example.com","login":{"uuid":"0eea5735-cb8a-4c7f-b120-2982b48ea493","username":"blackbear245","password":"anna","salt":"XRFPWC09","md5":"5275cc08d1540d7e7f4cde4aa9546f95","sha1":"df15302836a7dee32f096677084af8f052102cf9","sha256":"be953aa0bdcd845e0c7bc6ba12b568e57245ceef6964d2c2ba148ee276007c3d"},"dob":{"date":"1978-09-20T14:27:38.457Z","age":45},"registered":{"date":"2012-12-03T12:37:54.325Z","age":11},"phone":"(072) 5962617","cell":"(06) 76045732","id":{"name":"BSN","value":"01608196"},"picture":{"large":"https://randomuser.me/api/portraits/men/14.jpg","medium":"https://randomuser.me/api/portraits/med/men/14.jpg","thumbnail":"https://randomuser.me/api/portraits/thumb/men/14.jpg"},"nat":"NL"}],"info":{"seed":"d4b5e04841ca040b","results":1,"page":1,"version":"1.4"}} 
 </msg>
<msg time="2024-03-26T06:18:19.279385" level="INFO">/opt/hostedtoolcache/Python/3.12.2/x64/lib/python3.12/site-packages/urllib3/connectionpool.py:1103: InsecureRequestWarning: Unverified HTTPS request is being made to host 'randomuser.me'. Adding certificate verification is strongly advised. See: https://urllib3.readthedocs.io/en/latest/advanced-usage.html#tls-warnings
  warnings.warn(</msg>
<msg time="2024-03-26T06:18:19.279463" level="INFO">${response} = &lt;Response [200]&gt;</msg>
<var>${response}</var>
<arg>consultarAPI</arg>
<arg>/api</arg>
<doc>Sends a GET request on a previously created HTTP Session.</doc>
<status status="PASS" start="2024-03-26T06:18:19.165308" elapsed="0.114192"/>
</kw>
<kw name="Set Variable" owner="BuiltIn">
<msg time="2024-03-26T06:18:19.280473" level="INFO">${json_data} = {'results': [{'gender': 'male', 'name': {'title': 'Mr', 'first': 'Anders', 'last': 'Verharen'}, 'location': {'street': {'number': 6416, 'name': 'De La Minestraat'}, 'city': 'Langbroek', 'state': 'Frie...</msg>
<var>${json_data}</var>
<arg>${response.json()}</arg>
<doc>Returns the given values which can then be assigned to a variables.</doc>
<status status="PASS" start="2024-03-26T06:18:19.279937" elapsed="0.000564"/>
</kw>
<kw name="Set Variable" owner="BuiltIn">
<msg time="2024-03-26T06:18:19.281226" level="INFO">${name_title} = Mr</msg>
<var>${name_title}</var>
<arg>${json_data["results"][0]["name"]["title"]}</arg>
<doc>Returns the given values which can then be assigned to a variables.</doc>
<status status="PASS" start="2024-03-26T06:18:19.280812" elapsed="0.000440"/>
</kw>
<kw name="Create List" owner="BuiltIn">
<msg time="2024-03-26T06:18:19.281667" level="INFO">${allowed_titles} = ['Mr', 'Ms', 'Miss', 'Mrs', 'Madame', 'Monsieur']</msg>
<var>${allowed_titles}</var>
<arg>Mr</arg>
<arg>Ms</arg>
<arg>Miss</arg>
<arg>Mrs</arg>
<arg>Madame</arg>
<arg>Monsieur</arg>
<doc>Returns a list containing given items.</doc>
<status status="PASS" start="2024-03-26T06:18:19.281529" elapsed="0.000160"/>
</kw>
<kw name="List Should Contain Value" owner="Collections">
<msg time="2024-03-26T06:18:19.282120" level="INFO">False</msg>
<arg>${allowed_titles}</arg>
<arg>${name_title}</arg>
<doc>Fails if the ``value`` is not found from ``list``.</doc>
<status status="PASS" start="2024-03-26T06:18:19.281966" elapsed="0.000188"/>
</kw>
<kw name="Set Variable" owner="BuiltIn">
<msg time="2024-03-26T06:18:19.282771" level="INFO">${name_country} = NL</msg>
<var>${name_country}</var>
<arg>${json_data["results"][0]["nat"]}</arg>
<doc>Returns the given values which can then be assigned to a variables.</doc>
<status status="PASS" start="2024-03-26T06:18:19.282425" elapsed="0.000369"/>
</kw>
<kw name="Create List" owner="BuiltIn">
<msg time="2024-03-26T06:18:19.283627" level="INFO">${list_country} = ['AD', 'AE', 'AF', 'AG', 'AI', 'AL', 'AM', 'AO', 'AQ', 'AR', 'AS', 'AT', 'AU', 'AW', 'AX', 'AZ', 'BA', 'BB', 'BD', 'BE', 'BF', 'BG', 'BH', 'BI', 'BJ', 'BL', 'BM', 'BN', 'BO', 'BQ', 'BR', 'BS', 'BT', '...</msg>
<var>${list_country}</var>
<arg>AD</arg>
<arg>AE</arg>
<arg>AF</arg>
<arg>AG</arg>
<arg>AI</arg>
<arg>AL</arg>
<arg>AM</arg>
<arg>AO</arg>
<arg>AQ</arg>
<arg>AR</arg>
<arg>AS</arg>
<arg>AT</arg>
<arg>AU</arg>
<arg>AW</arg>
<arg>AX</arg>
<arg>AZ</arg>
<arg>BA</arg>
<arg>BB</arg>
<arg>BD</arg>
<arg>BE</arg>
<arg>BF</arg>
<arg>BG</arg>
<arg>BH</arg>
<arg>BI</arg>
<arg>BJ</arg>
<arg>BL</arg>
<arg>BM</arg>
<arg>BN</arg>
<arg>BO</arg>
<arg>BQ</arg>
<arg>BR</arg>
<arg>BS</arg>
<arg>BT</arg>
<arg>BV</arg>
<arg>BW</arg>
<arg>BY</arg>
<arg>BZ</arg>
<arg>CA</arg>
<arg>CC</arg>
<arg>CD</arg>
<arg>CF</arg>
<arg>CG</arg>
<arg>CH</arg>
<arg>CI</arg>
<arg>CK</arg>
<arg>CL</arg>
<arg>CM</arg>
<arg>CN</arg>
<arg>CO</arg>
<arg>CR</arg>
<arg>CU</arg>
<arg>CV</arg>
<arg>CW</arg>
<arg>CX</arg>
<arg>CY</arg>
<arg>CZ</arg>
<arg>DE</arg>
<arg>DJ</arg>
<arg>DK</arg>
<arg>DM</arg>
<arg>DO</arg>
<arg>DZ</arg>
<arg>EC</arg>
<arg>EE</arg>
<arg>EG</arg>
<arg>EH</arg>
<arg>ER</arg>
<arg>ES</arg>
<arg>ET</arg>
<arg>FI</arg>
<arg>FJ</arg>
<arg>FK</arg>
<arg>FM</arg>
<arg>FO</arg>
<arg>FR</arg>
<arg>GA</arg>
<arg>GB</arg>
<arg>GD</arg>
<arg>GE</arg>
<arg>GF</arg>
<arg>GG</arg>
<arg>GH</arg>
<arg>GI</arg>
<arg>GL</arg>
<arg>GM</arg>
<arg>GN</arg>
<arg>GP</arg>
<arg>GQ</arg>
<arg>GR</arg>
<arg>GS</arg>
<arg>GT</arg>
<arg>GU</arg>
<arg>GW</arg>
<arg>GY</arg>
<arg>HK</arg>
<arg>HM</arg>
<arg>HN</arg>
<arg>HR</arg>
<arg>HT</arg>
<arg>HU</arg>
<arg>ID</arg>
<arg>IE</arg>
<arg>IL</arg>
<arg>IM</arg>
<arg>IN</arg>
<arg>IO</arg>
<arg>IQ</arg>
<arg>IR</arg>
<arg>IS</arg>
<arg>IT</arg>
<arg>JE</arg>
<arg>JM</arg>
<arg>JO</arg>
<arg>JP</arg>
<arg>KE</arg>
<arg>KG</arg>
<arg>KH</arg>
<arg>KI</arg>
<arg>KM</arg>
<arg>KN</arg>
<arg>KP</arg>
<arg>KR</arg>
<arg>KW</arg>
<arg>KY</arg>
<arg>KZ</arg>
<arg>LA</arg>
<arg>LB</arg>
<arg>LC</arg>
<arg>LI</arg>
<arg>LK</arg>
<arg>LR</arg>
<arg>LS</arg>
<arg>LT</arg>
<arg>LU</arg>
<arg>LV</arg>
<arg>LY</arg>
<arg>MA</arg>
<arg>MC</arg>
<arg>MD</arg>
<arg>ME</arg>
<arg>MF</arg>
<arg>MG</arg>
<arg>MH</arg>
<arg>MK</arg>
<arg>ML</arg>
<arg>MM</arg>
<arg>MN</arg>
<arg>MO</arg>
<arg>MP</arg>
<arg>MQ</arg>
<arg>MR</arg>
<arg>MS</arg>
<arg>MT</arg>
<arg>MU</arg>
<arg>MV</arg>
<arg>MW</arg>
<arg>MX</arg>
<arg>MY</arg>
<arg>MZ</arg>
<arg>NA</arg>
<arg>NC</arg>
<arg>NE</arg>
<arg>NF</arg>
<arg>NG</arg>
<arg>NI</arg>
<arg>NL</arg>
<arg>NO</arg>
<arg>NP</arg>
<arg>NR</arg>
<arg>NU</arg>
<arg>NZ</arg>
<arg>OM</arg>
<arg>PA</arg>
<arg>PE</arg>
<arg>PF</arg>
<arg>PG</arg>
<arg>PH</arg>
<arg>PK</arg>
<arg>PL</arg>
<arg>PM</arg>
<arg>PN</arg>
<arg>PR</arg>
<arg>PS</arg>
<arg>PT</arg>
<arg>PW</arg>
<arg>PY</arg>
<arg>QA</arg>
<arg>RE</arg>
<arg>RO</arg>
<arg>RS</arg>
<arg>RU</arg>
<arg>RW</arg>
<arg>SA</arg>
<arg>SB</arg>
<arg>SC</arg>
<arg>SD</arg>
<arg>SE</arg>
<arg>SG</arg>
<arg>SH</arg>
<arg>SI</arg>
<arg>SJ</arg>
<arg>SK</arg>
<arg>SL</arg>
<arg>SM</arg>
<arg>SN</arg>
<arg>SO</arg>
<arg>SR</arg>
<arg>SS</arg>
<arg>ST</arg>
<arg>SV</arg>
<arg>SX</arg>
<arg>SY</arg>
<arg>SZ</arg>
<arg>TC</arg>
<arg>TD</arg>
<arg>TF</arg>
<arg>TG</arg>
<arg>TH</arg>
<arg>TJ</arg>
<arg>TK</arg>
<arg>TL</arg>
<arg>TM</arg>
<arg>TN</arg>
<arg>TO</arg>
<arg>TR</arg>
<arg>TT</arg>
<arg>TV</arg>
<arg>TW</arg>
<arg>TZ</arg>
<arg>UA</arg>
<arg>UG</arg>
<arg>UM</arg>
<arg>US</arg>
<arg>UY</arg>
<arg>UZ</arg>
<arg>VA</arg>
<arg>VC</arg>
<arg>VE</arg>
<arg>VG</arg>
<arg>VI</arg>
<arg>VN</arg>
<arg>VU</arg>
<arg>WF</arg>
<arg>WS</arg>
<arg>XK</arg>
<arg>YE</arg>
<arg>YT</arg>
<arg>ZA</arg>
<arg>ZM</arg>
<arg>ZW</arg>
<doc>Returns a list containing given items.</doc>
<status status="PASS" start="2024-03-26T06:18:19.283077" elapsed="0.000574"/>
</kw>
<kw name="List Should Contain Value" owner="Collections">
<msg time="2024-03-26T06:18:19.284662" level="INFO">False</msg>
<arg>${list_country}</arg>
<arg>${name_country}</arg>
<doc>Fails if the ``value`` is not found from ``list``.</doc>
<status status="PASS" start="2024-03-26T06:18:19.284473" elapsed="0.000223"/>
</kw>
<kw name="Run Keyword If" owner="BuiltIn">
<kw name="Should Be True" owner="BuiltIn">
<arg>${True}</arg>
<doc>Fails if the given condition is not true.</doc>
<status status="PASS" start="2024-03-26T06:18:19.285707" elapsed="0.000145"/>
</kw>
<arg>${json_data["results"][0]["location"]["coordinates"]["latitude"]} &gt;= -90 and ${json_data["results"][0]["location"]["coordinates"]["latitude"]} &lt;= 90</arg>
<arg>Should Be True</arg>
<arg>${True}</arg>
<doc>Runs the given keyword with the given arguments, if ``condition`` is true.</doc>
<status status="PASS" start="2024-03-26T06:18:19.285014" elapsed="0.000966"/>
</kw>
<kw name="Run Keyword If" owner="BuiltIn">
<kw name="Should Be True" owner="BuiltIn">
<arg>${True}</arg>
<doc>Fails if the given condition is not true.</doc>
<status status="PASS" start="2024-03-26T06:18:19.286863" elapsed="0.000137"/>
</kw>
<arg>${json_data["results"][0]["location"]["coordinates"]["longitude"]} &gt;= -180 and ${json_data["results"][0]["location"]["coordinates"]["longitude"]} &lt;= 180</arg>
<arg>Should Be True</arg>
<arg>${True}</arg>
<doc>Runs the given keyword with the given arguments, if ``condition`` is true.</doc>
<status status="PASS" start="2024-03-26T06:18:19.286166" elapsed="0.000960"/>
</kw>
<status status="PASS" start="2024-03-26T06:18:19.165087" elapsed="0.122166"/>
</kw>
<doc>Testa o conteúdo específico dos campos retornados pela API.</doc>
<tag>testeConteudo</tag>
<status status="PASS" start="2024-03-26T06:18:19.164576" elapsed="0.122817"/>
</test>
<status status="PASS" start="2024-03-26T06:18:18.054820" elapsed="1.234404"/>
</suite>
<status status="PASS" start="2024-03-26T06:18:18.041132" elapsed="1.253206"/>
</suite>
<statistics>
<total>
<stat pass="5" fail="0" skip="0">All Tests</stat>
</total>
<tag>
<stat pass="1" fail="0" skip="0">testeConteudo</stat>
<stat pass="1" fail="0" skip="0">testeEstruturaResposta</stat>
<stat pass="1" fail="0" skip="0">testeRequisicaoBasica</stat>
<stat pass="1" fail="0" skip="0">testeTiposDados</stat>
</tag>
<suite>
<stat pass="5" fail="0" skip="0" id="s1" name="Tests">Tests</stat>
<stat pass="5" fail="0" skip="0" id="s1-s1" name="Random-User-Test">Tests.Random-User-Test</stat>
</suite>
</statistics>
<errors>
</errors>
</robot>
