<?xml version="1.0" encoding="UTF-8"?>
<robot generator="Robot 7.0 (Python 3.12.3 on linux)" generated="2024-04-25T21:15:15.731903" rpa="false" schemaversion="5">
<suite id="s1" name="Tests" source="/home/runner/work/DesafioQAItauRogerioJordao/DesafioQAItauRogerioJordao/RamdonUser/tests">
<suite id="s1-s1" name="Random-User-Test" source="/home/runner/work/DesafioQAItauRogerioJordao/DesafioQAItauRogerioJordao/RamdonUser/tests/random-user-test.robot">
<test id="s1-s1-t1" name="Conectar" line="13">
<kw name="Conectar API" owner="random-user-service">
<kw name="Create Session" owner="RequestsLibrary">
<msg time="2024-04-25T21:15:16.090298" level="INFO">Creating Session using : alias=consultarAPI, url=https://randomuser.me/, headers={},                     cookies={}, auth=None, timeout=None, proxies=None, verify=False,                     debug=0 </msg>
<arg>consultarAPI</arg>
<arg>${URL}</arg>
<doc>Create Session: create a HTTP session to a server</doc>
<status status="PASS" start="2024-04-25T21:15:16.090109" elapsed="0.000354"/>
</kw>
<status status="PASS" start="2024-04-25T21:15:16.089201" elapsed="0.001601"/>
</kw>
<status status="PASS" start="2024-04-25T21:15:16.088639" elapsed="0.002352"/>
</test>
<test id="s1-s1-t2" name="Validar retorno 200 e JSON Válido" line="16">
<kw name="Teste de Requisicao Basica" owner="random-user-service">
<kw name="GET On Session" owner="RequestsLibrary">
<msg time="2024-04-25T21:15:16.207329" level="INFO">GET Request : url=https://randomuser.me/api 
 path_url=/api 
 headers={'User-Agent': 'python-requests/2.31.0', 'Accept-Encoding': 'gzip, deflate', 'Accept': '*/*', 'Connection': 'keep-alive'} 
 body=None 
 </msg>
<msg time="2024-04-25T21:15:16.207462" level="INFO">GET Response : url=https://randomuser.me/api 
 status=200, reason=OK 
 headers={'Date': 'Thu, 25 Apr 2024 21:15:16 GMT', 'Content-Type': 'application/json; charset=utf-8', 'Transfer-Encoding': 'chunked', 'Connection': 'keep-alive', 'X-Powered-By': 'Express', 'Access-Control-Allow-Origin': '*', 'Cache-Control': 'no-cache', 'ETag': 'W/"49e-MiLbLmtp1Y05J0desKLeEmtR/ls"', 'Vary': 'Accept-Encoding', 'Content-Encoding': 'gzip', 'CF-Cache-Status': 'DYNAMIC', 'Report-To': '{"endpoints":[{"url":"https:\\/\\/a.nel.cloudflare.com\\/report\\/v4?s=qNq2Y%2Bmb47rKaHvqYbcMu%2FQfJ8oi6b3Z5IBjnIuLPVElzq8%2FPGdsVedUf8TeMGBKmBiHQzhniE%2FkvS2QJEScHmeiwYr3f8nBVRI%2Bzp3lyA8060VLIQdSqUOXhHTA9Omw"}],"group":"cf-nel","max_age":604800}', 'NEL': '{"success_fraction":0,"report_to":"cf-nel","max_age":604800}', 'Server': 'cloudflare', 'CF-RAY': '87a158f1cb60ceb1-SJC', 'alt-svc': 'h3=":443"; ma=86400'} 
 body={"results":[{"gender":"female","name":{"title":"Mrs","first":"Nadja","last":"Borojević"},"location":{"street":{"number":9903,"name":"Gorana Petrovića"},"city":"Aranđelovac","state":"Mačva","country":"Serbia","postcode":70104,"coordinates":{"latitude":"60.7348","longitude":"135.7907"},"timezone":{"offset":"+3:00","description":"Baghdad, Riyadh, Moscow, St. Petersburg"}},"email":"nadja.borojevic@example.com","login":{"uuid":"9188f404-adbf-41c5-bd72-b43d225c9aa4","username":"blackpanda336","password":"huge","salt":"3S8gVtnY","md5":"1411b8dfeabbb0083571321890ae0263","sha1":"09aabb48320685e5a641bd4127431fa8b810078a","sha256":"2a2bbe6d16c84a144153f29ec91a2f62b03bb54235de248163b57da7ecc95694"},"dob":{"date":"1958-10-23T13:14:39.192Z","age":65},"registered":{"date":"2018-11-02T23:41:56.715Z","age":5},"phone":"013-8566-264","cell":"067-1650-099","id":{"name":"SID","value":"514505633"},"picture":{"large":"https://randomuser.me/api/portraits/women/12.jpg","medium":"https://randomuser.me/api/portraits/med/women/12.jpg","thumbnail":"https://randomuser.me/api/portraits/thumb/women/12.jpg"},"nat":"RS"}],"info":{"seed":"fedf6c7ef0bf2720","results":1,"page":1,"version":"1.4"}} 
 </msg>
<msg time="2024-04-25T21:15:16.207534" level="INFO">/opt/hostedtoolcache/Python/3.12.3/x64/lib/python3.12/site-packages/urllib3/connectionpool.py:1103: InsecureRequestWarning: Unverified HTTPS request is being made to host 'randomuser.me'. Adding certificate verification is strongly advised. See: https://urllib3.readthedocs.io/en/latest/advanced-usage.html#tls-warnings
  warnings.warn(</msg>
<msg time="2024-04-25T21:15:16.207647" level="INFO">${response} = &lt;Response [200]&gt;</msg>
<var>${response}</var>
<arg>consultarAPI</arg>
<arg>/api</arg>
<doc>Sends a GET request on a previously created HTTP Session.</doc>
<status status="PASS" start="2024-04-25T21:15:16.093671" elapsed="0.114014"/>
</kw>
<kw name="Should Be Equal As Numbers" owner="BuiltIn">
<msg time="2024-04-25T21:15:16.208516" level="INFO">Argument types are:
&lt;class 'int'&gt;
&lt;class 'str'&gt;</msg>
<arg>${response.status_code}</arg>
<arg>200</arg>
<doc>Fails if objects are unequal after converting them to real numbers.</doc>
<status status="PASS" start="2024-04-25T21:15:16.208071" elapsed="0.000510"/>
</kw>
<kw name="Log" owner="BuiltIn">
<msg time="2024-04-25T21:15:16.209284" level="INFO">200</msg>
<arg>${response.status_code}</arg>
<doc>Logs the given message with the given level.</doc>
<status status="PASS" start="2024-04-25T21:15:16.208936" elapsed="0.000392"/>
</kw>
<kw name="Set Variable" owner="BuiltIn">
<msg time="2024-04-25T21:15:16.210081" level="INFO">${json_data} = {'results': [{'gender': 'female', 'name': {'title': 'Mrs', 'first': 'Nadja', 'last': 'Borojević'}, 'location': {'street': {'number': 9903, 'name': 'Gorana Petrovića'}, 'city': 'Aranđelovac', 'state': ...</msg>
<var>${json_data}</var>
<arg>${response.json()}</arg>
<doc>Returns the given values which can then be assigned to a variables.</doc>
<status status="PASS" start="2024-04-25T21:15:16.209630" elapsed="0.000481"/>
</kw>
<kw name="Dictionary Should Contain Key" owner="Collections">
<msg time="2024-04-25T21:15:16.210579" level="INFO">False</msg>
<arg>${json_data}</arg>
<arg>results</arg>
<doc>Fails if ``key`` is not found from ``dictionary``.</doc>
<status status="PASS" start="2024-04-25T21:15:16.210415" elapsed="0.000203"/>
</kw>
<status status="PASS" start="2024-04-25T21:15:16.093423" elapsed="0.117452"/>
</kw>
<doc>Testa se a API responde corretamente e retorna um objeto JSON válido.</doc>
<tag>testeRequisicaoBasica</tag>
<status status="PASS" start="2024-04-25T21:15:16.092876" elapsed="0.118169"/>
</test>
<test id="s1-s1-t3" name="Validar estrutura de resposta" line="22">
<kw name="Teste de Estrutura de Resposta" owner="random-user-service">
<kw name="GET On Session" owner="RequestsLibrary">
<msg time="2024-04-25T21:15:16.322845" level="INFO">GET Request : url=https://randomuser.me/api 
 path_url=/api 
 headers={'User-Agent': 'python-requests/2.31.0', 'Accept-Encoding': 'gzip, deflate', 'Accept': '*/*', 'Connection': 'keep-alive'} 
 body=None 
 </msg>
<msg time="2024-04-25T21:15:16.322924" level="INFO">GET Response : url=https://randomuser.me/api 
 status=200, reason=OK 
 headers={'Date': 'Thu, 25 Apr 2024 21:15:16 GMT', 'Content-Type': 'application/json; charset=utf-8', 'Transfer-Encoding': 'chunked', 'Connection': 'keep-alive', 'X-Powered-By': 'Express', 'Access-Control-Allow-Origin': '*', 'Cache-Control': 'no-cache', 'ETag': 'W/"49d-+vhJ64i2hT01r3ePENfglJpwO/o"', 'Vary': 'Accept-Encoding', 'Content-Encoding': 'gzip', 'CF-Cache-Status': 'DYNAMIC', 'Report-To': '{"endpoints":[{"url":"https:\\/\\/a.nel.cloudflare.com\\/report\\/v4?s=KnlIVvGmg770%2BM4T1BJha8AOoMrMwxsknp1jj6nxGn%2BN2bSonU3h8VGJCcFYHO4BB79NHqi%2FCK%2FiJ08iB8shUbd9TFs1E9WrOhDlw7%2BKhrfNx0%2BtBiQmAM3dOKEYZVS5"}],"group":"cf-nel","max_age":604800}', 'NEL': '{"success_fraction":0,"report_to":"cf-nel","max_age":604800}', 'Server': 'cloudflare', 'CF-RAY': '87a158f25bc5ceb1-SJC', 'alt-svc': 'h3=":443"; ma=86400'} 
 body={"results":[{"gender":"male","name":{"title":"Mr","first":"Dobrivoje","last":"Lučić"},"location":{"street":{"number":2357,"name":"Nikole Nikolajevića"},"city":"Bajina Bašta","state":"West Bačka","country":"Serbia","postcode":84262,"coordinates":{"latitude":"64.1906","longitude":"-145.4164"},"timezone":{"offset":"+5:30","description":"Bombay, Calcutta, Madras, New Delhi"}},"email":"dobrivoje.lucic@example.com","login":{"uuid":"35b391fd-55b0-400a-af07-81faeeb7eee3","username":"angrykoala602","password":"wwwww","salt":"wtRbccQP","md5":"c4c1e65188a27e261d5ef7e881531535","sha1":"0e2f5eae75044feb20308b2e44997b9c9d230450","sha256":"06689111c27155ff5e98c8776a117eaaaa145f988fc8915e43c50753b2e3afc0"},"dob":{"date":"1951-01-19T12:04:03.967Z","age":73},"registered":{"date":"2021-11-29T11:19:38.614Z","age":2},"phone":"038-7498-824","cell":"061-3772-982","id":{"name":"SID","value":"747193730"},"picture":{"large":"https://randomuser.me/api/portraits/men/64.jpg","medium":"https://randomuser.me/api/portraits/med/men/64.jpg","thumbnail":"https://randomuser.me/api/portraits/thumb/men/64.jpg"},"nat":"RS"}],"info":{"seed":"5bd70ce67362338d","results":1,"page":1,"version":"1.4"}} 
 </msg>
<msg time="2024-04-25T21:15:16.323040" level="INFO">/opt/hostedtoolcache/Python/3.12.3/x64/lib/python3.12/site-packages/urllib3/connectionpool.py:1103: InsecureRequestWarning: Unverified HTTPS request is being made to host 'randomuser.me'. Adding certificate verification is strongly advised. See: https://urllib3.readthedocs.io/en/latest/advanced-usage.html#tls-warnings
  warnings.warn(</msg>
<msg time="2024-04-25T21:15:16.323149" level="INFO">${response} = &lt;Response [200]&gt;</msg>
<var>${response}</var>
<arg>consultarAPI</arg>
<arg>/api</arg>
<doc>Sends a GET request on a previously created HTTP Session.</doc>
<status status="PASS" start="2024-04-25T21:15:16.213614" elapsed="0.109583"/>
</kw>
<kw name="Set Variable" owner="BuiltIn">
<msg time="2024-04-25T21:15:16.324124" level="INFO">${json_data} = {'results': [{'gender': 'male', 'name': {'title': 'Mr', 'first': 'Dobrivoje', 'last': 'Lučić'}, 'location': {'street': {'number': 2357, 'name': 'Nikole Nikolajevića'}, 'city': 'Bajina Bašta', 'state':...</msg>
<var>${json_data}</var>
<arg>${response.json()}</arg>
<doc>Returns the given values which can then be assigned to a variables.</doc>
<status status="PASS" start="2024-04-25T21:15:16.323657" elapsed="0.000498"/>
</kw>
<kw name="Log" owner="BuiltIn">
<msg time="2024-04-25T21:15:16.324673" level="INFO">{'results': [{'gender': 'male', 'name': {'title': 'Mr', 'first': 'Dobrivoje', 'last': 'Lučić'}, 'location': {'street': {'number': 2357, 'name': 'Nikole Nikolajevića'}, 'city': 'Bajina Bašta', 'state': 'West Bačka', 'country': 'Serbia', 'postcode': 84262, 'coordinates': {'latitude': '64.1906', 'longitude': '-145.4164'}, 'timezone': {'offset': '+5:30', 'description': 'Bombay, Calcutta, Madras, New Delhi'}}, 'email': 'dobrivoje.lucic@example.com', 'login': {'uuid': '35b391fd-55b0-400a-af07-81faeeb7eee3', 'username': 'angrykoala602', 'password': 'wwwww', 'salt': 'wtRbccQP', 'md5': 'c4c1e65188a27e261d5ef7e881531535', 'sha1': '0e2f5eae75044feb20308b2e44997b9c9d230450', 'sha256': '06689111c27155ff5e98c8776a117eaaaa145f988fc8915e43c50753b2e3afc0'}, 'dob': {'date': '1951-01-19T12:04:03.967Z', 'age': 73}, 'registered': {'date': '2021-11-29T11:19:38.614Z', 'age': 2}, 'phone': '038-7498-824', 'cell': '061-3772-982', 'id': {'name': 'SID', 'value': '747193730'}, 'picture': {'large': 'https://randomuser.me/api/portraits/men/64.jpg', 'medium': 'https://randomuser.me/api/portraits/med/men/64.jpg', 'thumbnail': 'https://randomuser.me/api/portraits/thumb/men/64.jpg'}, 'nat': 'RS'}], 'info': {'seed': '5bd70ce67362338d', 'results': 1, 'page': 1, 'version': '1.4'}}</msg>
<arg>${json_data}</arg>
<doc>Logs the given message with the given level.</doc>
<status status="PASS" start="2024-04-25T21:15:16.324511" elapsed="0.000213"/>
</kw>
<kw name="Dictionary Should Contain Key" owner="Collections">
<msg time="2024-04-25T21:15:16.325179" level="INFO">False</msg>
<arg>${json_data}</arg>
<arg>results</arg>
<doc>Fails if ``key`` is not found from ``dictionary``.</doc>
<status status="PASS" start="2024-04-25T21:15:16.325028" elapsed="0.000189"/>
</kw>
<kw name="Should Not Be Empty" owner="BuiltIn">
<msg time="2024-04-25T21:15:16.325640" level="INFO">Length is 2.</msg>
<arg>${json_data}</arg>
<doc>Verifies that the given item is not empty.</doc>
<status status="PASS" start="2024-04-25T21:15:16.325512" elapsed="0.000166"/>
</kw>
<kw name="Create List" owner="BuiltIn">
<msg time="2024-04-25T21:15:16.326327" level="INFO">${expected_keys} = ['gender', 'name', 'location', 'email', 'login']</msg>
<var>${expected_keys}</var>
<arg>gender</arg>
<arg>name</arg>
<arg>location</arg>
<arg>email</arg>
<arg>login</arg>
<doc>Returns a list containing given items.</doc>
<status status="PASS" start="2024-04-25T21:15:16.325989" elapsed="0.000364"/>
</kw>
<for flavor="IN">
<iter>
<kw name="Dictionary Should Contain Key" owner="Collections">
<msg time="2024-04-25T21:15:16.327340" level="INFO">False</msg>
<arg>${json_data['results'][0]}</arg>
<arg>${key}</arg>
<doc>Fails if ``key`` is not found from ``dictionary``.</doc>
<status status="PASS" start="2024-04-25T21:15:16.326930" elapsed="0.000449"/>
</kw>
<kw name="Log" owner="BuiltIn">
<msg time="2024-04-25T21:15:16.328058" level="INFO">{'gender': 'male', 'name': {'title': 'Mr', 'first': 'Dobrivoje', 'last': 'Lučić'}, 'location': {'street': {'number': 2357, 'name': 'Nikole Nikolajevića'}, 'city': 'Bajina Bašta', 'state': 'West Bačka', 'country': 'Serbia', 'postcode': 84262, 'coordinates': {'latitude': '64.1906', 'longitude': '-145.4164'}, 'timezone': {'offset': '+5:30', 'description': 'Bombay, Calcutta, Madras, New Delhi'}}, 'email': 'dobrivoje.lucic@example.com', 'login': {'uuid': '35b391fd-55b0-400a-af07-81faeeb7eee3', 'username': 'angrykoala602', 'password': 'wwwww', 'salt': 'wtRbccQP', 'md5': 'c4c1e65188a27e261d5ef7e881531535', 'sha1': '0e2f5eae75044feb20308b2e44997b9c9d230450', 'sha256': '06689111c27155ff5e98c8776a117eaaaa145f988fc8915e43c50753b2e3afc0'}, 'dob': {'date': '1951-01-19T12:04:03.967Z', 'age': 73}, 'registered': {'date': '2021-11-29T11:19:38.614Z', 'age': 2}, 'phone': '038-7498-824', 'cell': '061-3772-982', 'id': {'name': 'SID', 'value': '747193730'}, 'picture': {'large': 'https://randomuser.me/api/portraits/men/64.jpg', 'medium': 'https://randomuser.me/api/portraits/med/men/64.jpg', 'thumbnail': 'https://randomuser.me/api/portraits/thumb/men/64.jpg'}, 'nat': 'RS'}</msg>
<arg>${json_data['results'][0]}</arg>
<doc>Logs the given message with the given level.</doc>
<status status="PASS" start="2024-04-25T21:15:16.327686" elapsed="0.000424"/>
</kw>
<kw name="Log" owner="BuiltIn">
<msg time="2024-04-25T21:15:16.328578" level="INFO">gender</msg>
<arg>${key}</arg>
<doc>Logs the given message with the given level.</doc>
<status status="PASS" start="2024-04-25T21:15:16.328446" elapsed="0.000171"/>
</kw>
<var name="${key}">gender</var>
<status status="PASS" start="2024-04-25T21:15:16.326804" elapsed="0.002031"/>
</iter>
<iter>
<kw name="Dictionary Should Contain Key" owner="Collections">
<msg time="2024-04-25T21:15:16.329534" level="INFO">False</msg>
<arg>${json_data['results'][0]}</arg>
<arg>${key}</arg>
<doc>Fails if ``key`` is not found from ``dictionary``.</doc>
<status status="PASS" start="2024-04-25T21:15:16.329140" elapsed="0.000438"/>
</kw>
<kw name="Log" owner="BuiltIn">
<msg time="2024-04-25T21:15:16.330281" level="INFO">{'gender': 'male', 'name': {'title': 'Mr', 'first': 'Dobrivoje', 'last': 'Lučić'}, 'location': {'street': {'number': 2357, 'name': 'Nikole Nikolajevića'}, 'city': 'Bajina Bašta', 'state': 'West Bačka', 'country': 'Serbia', 'postcode': 84262, 'coordinates': {'latitude': '64.1906', 'longitude': '-145.4164'}, 'timezone': {'offset': '+5:30', 'description': 'Bombay, Calcutta, Madras, New Delhi'}}, 'email': 'dobrivoje.lucic@example.com', 'login': {'uuid': '35b391fd-55b0-400a-af07-81faeeb7eee3', 'username': 'angrykoala602', 'password': 'wwwww', 'salt': 'wtRbccQP', 'md5': 'c4c1e65188a27e261d5ef7e881531535', 'sha1': '0e2f5eae75044feb20308b2e44997b9c9d230450', 'sha256': '06689111c27155ff5e98c8776a117eaaaa145f988fc8915e43c50753b2e3afc0'}, 'dob': {'date': '1951-01-19T12:04:03.967Z', 'age': 73}, 'registered': {'date': '2021-11-29T11:19:38.614Z', 'age': 2}, 'phone': '038-7498-824', 'cell': '061-3772-982', 'id': {'name': 'SID', 'value': '747193730'}, 'picture': {'large': 'https://randomuser.me/api/portraits/men/64.jpg', 'medium': 'https://randomuser.me/api/portraits/med/men/64.jpg', 'thumbnail': 'https://randomuser.me/api/portraits/thumb/men/64.jpg'}, 'nat': 'RS'}</msg>
<arg>${json_data['results'][0]}</arg>
<doc>Logs the given message with the given level.</doc>
<status status="PASS" start="2024-04-25T21:15:16.329910" elapsed="0.000422"/>
</kw>
<kw name="Log" owner="BuiltIn">
<msg time="2024-04-25T21:15:16.330763" level="INFO">name</msg>
<arg>${key}</arg>
<doc>Logs the given message with the given level.</doc>
<status status="PASS" start="2024-04-25T21:15:16.330634" elapsed="0.000167"/>
</kw>
<var name="${key}">name</var>
<status status="PASS" start="2024-04-25T21:15:16.329023" elapsed="0.001994"/>
</iter>
<iter>
<kw name="Dictionary Should Contain Key" owner="Collections">
<msg time="2024-04-25T21:15:16.331706" level="INFO">False</msg>
<arg>${json_data['results'][0]}</arg>
<arg>${key}</arg>
<doc>Fails if ``key`` is not found from ``dictionary``.</doc>
<status status="PASS" start="2024-04-25T21:15:16.331312" elapsed="0.000432"/>
</kw>
<kw name="Log" owner="BuiltIn">
<msg time="2024-04-25T21:15:16.332473" level="INFO">{'gender': 'male', 'name': {'title': 'Mr', 'first': 'Dobrivoje', 'last': 'Lučić'}, 'location': {'street': {'number': 2357, 'name': 'Nikole Nikolajevića'}, 'city': 'Bajina Bašta', 'state': 'West Bačka', 'country': 'Serbia', 'postcode': 84262, 'coordinates': {'latitude': '64.1906', 'longitude': '-145.4164'}, 'timezone': {'offset': '+5:30', 'description': 'Bombay, Calcutta, Madras, New Delhi'}}, 'email': 'dobrivoje.lucic@example.com', 'login': {'uuid': '35b391fd-55b0-400a-af07-81faeeb7eee3', 'username': 'angrykoala602', 'password': 'wwwww', 'salt': 'wtRbccQP', 'md5': 'c4c1e65188a27e261d5ef7e881531535', 'sha1': '0e2f5eae75044feb20308b2e44997b9c9d230450', 'sha256': '06689111c27155ff5e98c8776a117eaaaa145f988fc8915e43c50753b2e3afc0'}, 'dob': {'date': '1951-01-19T12:04:03.967Z', 'age': 73}, 'registered': {'date': '2021-11-29T11:19:38.614Z', 'age': 2}, 'phone': '038-7498-824', 'cell': '061-3772-982', 'id': {'name': 'SID', 'value': '747193730'}, 'picture': {'large': 'https://randomuser.me/api/portraits/men/64.jpg', 'medium': 'https://randomuser.me/api/portraits/med/men/64.jpg', 'thumbnail': 'https://randomuser.me/api/portraits/thumb/men/64.jpg'}, 'nat': 'RS'}</msg>
<arg>${json_data['results'][0]}</arg>
<doc>Logs the given message with the given level.</doc>
<status status="PASS" start="2024-04-25T21:15:16.332039" elapsed="0.000487"/>
</kw>
<kw name="Log" owner="BuiltIn">
<msg time="2024-04-25T21:15:16.332961" level="INFO">location</msg>
<arg>${key}</arg>
<doc>Logs the given message with the given level.</doc>
<status status="PASS" start="2024-04-25T21:15:16.332834" elapsed="0.000166"/>
</kw>
<var name="${key}">location</var>
<status status="PASS" start="2024-04-25T21:15:16.331198" elapsed="0.002017"/>
</iter>
<iter>
<kw name="Dictionary Should Contain Key" owner="Collections">
<msg time="2024-04-25T21:15:16.333891" level="INFO">False</msg>
<arg>${json_data['results'][0]}</arg>
<arg>${key}</arg>
<doc>Fails if ``key`` is not found from ``dictionary``.</doc>
<status status="PASS" start="2024-04-25T21:15:16.333500" elapsed="0.000428"/>
</kw>
<kw name="Log" owner="BuiltIn">
<msg time="2024-04-25T21:15:16.334594" level="INFO">{'gender': 'male', 'name': {'title': 'Mr', 'first': 'Dobrivoje', 'last': 'Lučić'}, 'location': {'street': {'number': 2357, 'name': 'Nikole Nikolajevića'}, 'city': 'Bajina Bašta', 'state': 'West Bačka', 'country': 'Serbia', 'postcode': 84262, 'coordinates': {'latitude': '64.1906', 'longitude': '-145.4164'}, 'timezone': {'offset': '+5:30', 'description': 'Bombay, Calcutta, Madras, New Delhi'}}, 'email': 'dobrivoje.lucic@example.com', 'login': {'uuid': '35b391fd-55b0-400a-af07-81faeeb7eee3', 'username': 'angrykoala602', 'password': 'wwwww', 'salt': 'wtRbccQP', 'md5': 'c4c1e65188a27e261d5ef7e881531535', 'sha1': '0e2f5eae75044feb20308b2e44997b9c9d230450', 'sha256': '06689111c27155ff5e98c8776a117eaaaa145f988fc8915e43c50753b2e3afc0'}, 'dob': {'date': '1951-01-19T12:04:03.967Z', 'age': 73}, 'registered': {'date': '2021-11-29T11:19:38.614Z', 'age': 2}, 'phone': '038-7498-824', 'cell': '061-3772-982', 'id': {'name': 'SID', 'value': '747193730'}, 'picture': {'large': 'https://randomuser.me/api/portraits/men/64.jpg', 'medium': 'https://randomuser.me/api/portraits/med/men/64.jpg', 'thumbnail': 'https://randomuser.me/api/portraits/thumb/men/64.jpg'}, 'nat': 'RS'}</msg>
<arg>${json_data['results'][0]}</arg>
<doc>Logs the given message with the given level.</doc>
<status status="PASS" start="2024-04-25T21:15:16.334230" elapsed="0.000415"/>
</kw>
<kw name="Log" owner="BuiltIn">
<msg time="2024-04-25T21:15:16.335070" level="INFO">email</msg>
<arg>${key}</arg>
<doc>Logs the given message with the given level.</doc>
<status status="PASS" start="2024-04-25T21:15:16.334942" elapsed="0.000166"/>
</kw>
<var name="${key}">email</var>
<status status="PASS" start="2024-04-25T21:15:16.333388" elapsed="0.001936"/>
</iter>
<iter>
<kw name="Dictionary Should Contain Key" owner="Collections">
<msg time="2024-04-25T21:15:16.336000" level="INFO">False</msg>
<arg>${json_data['results'][0]}</arg>
<arg>${key}</arg>
<doc>Fails if ``key`` is not found from ``dictionary``.</doc>
<status status="PASS" start="2024-04-25T21:15:16.335613" elapsed="0.000425"/>
</kw>
<kw name="Log" owner="BuiltIn">
<msg time="2024-04-25T21:15:16.336735" level="INFO">{'gender': 'male', 'name': {'title': 'Mr', 'first': 'Dobrivoje', 'last': 'Lučić'}, 'location': {'street': {'number': 2357, 'name': 'Nikole Nikolajevića'}, 'city': 'Bajina Bašta', 'state': 'West Bačka', 'country': 'Serbia', 'postcode': 84262, 'coordinates': {'latitude': '64.1906', 'longitude': '-145.4164'}, 'timezone': {'offset': '+5:30', 'description': 'Bombay, Calcutta, Madras, New Delhi'}}, 'email': 'dobrivoje.lucic@example.com', 'login': {'uuid': '35b391fd-55b0-400a-af07-81faeeb7eee3', 'username': 'angrykoala602', 'password': 'wwwww', 'salt': 'wtRbccQP', 'md5': 'c4c1e65188a27e261d5ef7e881531535', 'sha1': '0e2f5eae75044feb20308b2e44997b9c9d230450', 'sha256': '06689111c27155ff5e98c8776a117eaaaa145f988fc8915e43c50753b2e3afc0'}, 'dob': {'date': '1951-01-19T12:04:03.967Z', 'age': 73}, 'registered': {'date': '2021-11-29T11:19:38.614Z', 'age': 2}, 'phone': '038-7498-824', 'cell': '061-3772-982', 'id': {'name': 'SID', 'value': '747193730'}, 'picture': {'large': 'https://randomuser.me/api/portraits/men/64.jpg', 'medium': 'https://randomuser.me/api/portraits/med/men/64.jpg', 'thumbnail': 'https://randomuser.me/api/portraits/thumb/men/64.jpg'}, 'nat': 'RS'}</msg>
<arg>${json_data['results'][0]}</arg>
<doc>Logs the given message with the given level.</doc>
<status status="PASS" start="2024-04-25T21:15:16.336359" elapsed="0.000429"/>
</kw>
<kw name="Log" owner="BuiltIn">
<msg time="2024-04-25T21:15:16.337215" level="INFO">login</msg>
<arg>${key}</arg>
<doc>Logs the given message with the given level.</doc>
<status status="PASS" start="2024-04-25T21:15:16.337089" elapsed="0.000165"/>
</kw>
<var name="${key}">login</var>
<status status="PASS" start="2024-04-25T21:15:16.335500" elapsed="0.001994"/>
</iter>
<var>${key}</var>
<value>@{expected_keys}</value>
<status status="PASS" start="2024-04-25T21:15:16.326622" elapsed="0.010997"/>
</for>
<kw name="Create List" owner="BuiltIn">
<msg time="2024-04-25T21:15:16.337947" level="INFO">${expected_keysTwo} = ['username', 'password']</msg>
<var>${expected_keysTwo}</var>
<arg>username</arg>
<arg>password</arg>
<doc>Returns a list containing given items.</doc>
<status status="PASS" start="2024-04-25T21:15:16.337810" elapsed="0.000162"/>
</kw>
<for flavor="IN">
<iter>
<kw name="Dictionary Should Contain Key" owner="Collections">
<msg time="2024-04-25T21:15:16.338864" level="INFO">False</msg>
<arg>${json_data['results'][0]['login']}</arg>
<arg>${keyTwo}</arg>
<doc>Fails if ``key`` is not found from ``dictionary``.</doc>
<status status="PASS" start="2024-04-25T21:15:16.338469" elapsed="0.000433"/>
</kw>
<kw name="Dictionary Should Contain Key" owner="Collections">
<msg time="2024-04-25T21:15:16.339587" level="INFO">False</msg>
<arg>${json_data['results'][0]['login']}</arg>
<arg>${keyTwo}</arg>
<doc>Fails if ``key`` is not found from ``dictionary``.</doc>
<status status="PASS" start="2024-04-25T21:15:16.339194" elapsed="0.000432"/>
</kw>
<kw name="Log" owner="BuiltIn">
<msg time="2024-04-25T21:15:16.340113" level="INFO">username</msg>
<arg>${keyTwo}</arg>
<doc>Logs the given message with the given level.</doc>
<status status="PASS" start="2024-04-25T21:15:16.339940" elapsed="0.000220"/>
</kw>
<var name="${keyTwo}">username</var>
<status status="PASS" start="2024-04-25T21:15:16.338358" elapsed="0.002065"/>
</iter>
<iter>
<kw name="Dictionary Should Contain Key" owner="Collections">
<msg time="2024-04-25T21:15:16.341179" level="INFO">False</msg>
<arg>${json_data['results'][0]['login']}</arg>
<arg>${keyTwo}</arg>
<doc>Fails if ``key`` is not found from ``dictionary``.</doc>
<status status="PASS" start="2024-04-25T21:15:16.340762" elapsed="0.000455"/>
</kw>
<kw name="Dictionary Should Contain Key" owner="Collections">
<msg time="2024-04-25T21:15:16.341976" level="INFO">False</msg>
<arg>${json_data['results'][0]['login']}</arg>
<arg>${keyTwo}</arg>
<doc>Fails if ``key`` is not found from ``dictionary``.</doc>
<status status="PASS" start="2024-04-25T21:15:16.341514" elapsed="0.000501"/>
</kw>
<kw name="Log" owner="BuiltIn">
<msg time="2024-04-25T21:15:16.342449" level="INFO">password</msg>
<arg>${keyTwo}</arg>
<doc>Logs the given message with the given level.</doc>
<status status="PASS" start="2024-04-25T21:15:16.342318" elapsed="0.000169"/>
</kw>
<var name="${keyTwo}">password</var>
<status status="PASS" start="2024-04-25T21:15:16.340611" elapsed="0.002095"/>
</iter>
<var>${keyTwo}</var>
<value>@{expected_keysTwo}</value>
<status status="PASS" start="2024-04-25T21:15:16.338205" elapsed="0.004625"/>
</for>
<status status="PASS" start="2024-04-25T21:15:16.213375" elapsed="0.129594"/>
</kw>
<doc>Testa a estrutura da resposta da API.</doc>
<tag>testeEstruturaResposta</tag>
<status status="PASS" start="2024-04-25T21:15:16.212907" elapsed="0.130210"/>
</test>
<test id="s1-s1-t4" name="Validar tipos de dados" line="28">
<kw name="Teste de Tipos de Dados" owner="random-user-service">
<kw name="GET On Session" owner="RequestsLibrary">
<msg time="2024-04-25T21:15:16.434189" level="INFO">GET Request : url=https://randomuser.me/api 
 path_url=/api 
 headers={'User-Agent': 'python-requests/2.31.0', 'Accept-Encoding': 'gzip, deflate', 'Accept': '*/*', 'Connection': 'keep-alive'} 
 body=None 
 </msg>
<msg time="2024-04-25T21:15:16.434279" level="INFO">GET Response : url=https://randomuser.me/api 
 status=200, reason=OK 
 headers={'Date': 'Thu, 25 Apr 2024 21:15:16 GMT', 'Content-Type': 'application/json; charset=utf-8', 'Transfer-Encoding': 'chunked', 'Connection': 'keep-alive', 'X-Powered-By': 'Express', 'Access-Control-Allow-Origin': '*', 'Cache-Control': 'no-cache', 'ETag': 'W/"49e-wExIQvBsZdDBpupF38En7F1mNPk"', 'Vary': 'Accept-Encoding', 'Content-Encoding': 'gzip', 'CF-Cache-Status': 'DYNAMIC', 'Report-To': '{"endpoints":[{"url":"https:\\/\\/a.nel.cloudflare.com\\/report\\/v4?s=8RhtCAmqLLdkzeeYP18jf4OxTLEQa7Ru2mKUhbIjo0Cj60DJWnq%2FQRnErpLSlY38BQPc9jcbLF%2BDN0rJSiEPFcQsDPN38kOSgVDKReVDzsIfUmNvaH%2Be%2FDhWzRzCxxgQ"}],"group":"cf-nel","max_age":604800}', 'NEL': '{"success_fraction":0,"report_to":"cf-nel","max_age":604800}', 'Server': 'cloudflare', 'CF-RAY': '87a158f32c5eceb1-SJC', 'alt-svc': 'h3=":443"; ma=86400'} 
 body={"results":[{"gender":"female","name":{"title":"Miss","first":"Sophia","last":"Ennis"},"location":{"street":{"number":8966,"name":"Dalhousie Ave"},"city":"Woodstock","state":"Nova Scotia","country":"Canada","postcode":"Z7H 4T3","coordinates":{"latitude":"-64.7635","longitude":"72.9338"},"timezone":{"offset":"+5:30","description":"Bombay, Calcutta, Madras, New Delhi"}},"email":"sophia.ennis@example.com","login":{"uuid":"f40be5f7-e46a-475e-86dc-15166296e73f","username":"silverbutterfly387","password":"spears","salt":"qAQDv3Wx","md5":"542de38f8337e1fd5f43f1476da71868","sha1":"fd4ded1632ba4223ca5b99ff17ab26c43a673d75","sha256":"85bf5fd12cae18760865247b1d0085fcba2dcdf99bbae0faf00accd96872c490"},"dob":{"date":"1948-07-21T13:10:46.448Z","age":75},"registered":{"date":"2010-06-25T00:24:15.028Z","age":13},"phone":"E64 X42-9081","cell":"U31 S61-8394","id":{"name":"SIN","value":"436635080"},"picture":{"large":"https://randomuser.me/api/portraits/women/37.jpg","medium":"https://randomuser.me/api/portraits/med/women/37.jpg","thumbnail":"https://randomuser.me/api/portraits/thumb/women/37.jpg"},"nat":"CA"}],"info":{"seed":"ee43cf1d47fbb819","results":1,"page":1,"version":"1.4"}} 
 </msg>
<msg time="2024-04-25T21:15:16.434375" level="INFO">/opt/hostedtoolcache/Python/3.12.3/x64/lib/python3.12/site-packages/urllib3/connectionpool.py:1103: InsecureRequestWarning: Unverified HTTPS request is being made to host 'randomuser.me'. Adding certificate verification is strongly advised. See: https://urllib3.readthedocs.io/en/latest/advanced-usage.html#tls-warnings
  warnings.warn(</msg>
<msg time="2024-04-25T21:15:16.434513" level="INFO">${response} = &lt;Response [200]&gt;</msg>
<var>${response}</var>
<arg>consultarAPI</arg>
<arg>/api</arg>
<doc>Sends a GET request on a previously created HTTP Session.</doc>
<status status="PASS" start="2024-04-25T21:15:16.345660" elapsed="0.088895"/>
</kw>
<kw name="Set Variable" owner="BuiltIn">
<msg time="2024-04-25T21:15:16.435744" level="INFO">${json_data} = {'results': [{'gender': 'female', 'name': {'title': 'Miss', 'first': 'Sophia', 'last': 'Ennis'}, 'location': {'street': {'number': 8966, 'name': 'Dalhousie Ave'}, 'city': 'Woodstock', 'state': 'Nova S...</msg>
<var>${json_data}</var>
<arg>${response.json()}</arg>
<doc>Returns the given values which can then be assigned to a variables.</doc>
<status status="PASS" start="2024-04-25T21:15:16.435026" elapsed="0.000762"/>
</kw>
<kw name="Log" owner="BuiltIn">
<msg time="2024-04-25T21:15:16.436549" level="INFO">{'results': [{'gender': 'female', 'name': {'title': 'Miss', 'first': 'Sophia', 'last': 'Ennis'}, 'location': {'street': {'number': 8966, 'name': 'Dalhousie Ave'}, 'city': 'Woodstock', 'state': 'Nova Scotia', 'country': 'Canada', 'postcode': 'Z7H 4T3', 'coordinates': {'latitude': '-64.7635', 'longitude': '72.9338'}, 'timezone': {'offset': '+5:30', 'description': 'Bombay, Calcutta, Madras, New Delhi'}}, 'email': 'sophia.ennis@example.com', 'login': {'uuid': 'f40be5f7-e46a-475e-86dc-15166296e73f', 'username': 'silverbutterfly387', 'password': 'spears', 'salt': 'qAQDv3Wx', 'md5': '542de38f8337e1fd5f43f1476da71868', 'sha1': 'fd4ded1632ba4223ca5b99ff17ab26c43a673d75', 'sha256': '85bf5fd12cae18760865247b1d0085fcba2dcdf99bbae0faf00accd96872c490'}, 'dob': {'date': '1948-07-21T13:10:46.448Z', 'age': 75}, 'registered': {'date': '2010-06-25T00:24:15.028Z', 'age': 13}, 'phone': 'E64 X42-9081', 'cell': 'U31 S61-8394', 'id': {'name': 'SIN', 'value': '436635080'}, 'picture': {'large': 'https://randomuser.me/api/portraits/women/37.jpg', 'medium': 'https://randomuser.me/api/portraits/med/women/37.jpg', 'thumbnail': 'https://randomuser.me/api/portraits/thumb/women/37.jpg'}, 'nat': 'CA'}], 'info': {'seed': 'ee43cf1d47fbb819', 'results': 1, 'page': 1, 'version': '1.4'}}</msg>
<arg>${json_data}</arg>
<doc>Logs the given message with the given level.</doc>
<status status="PASS" start="2024-04-25T21:15:16.436296" elapsed="0.000383"/>
</kw>
<kw name="Should Be String" owner="String">
<arg>${json_data['results'][0]['gender']}</arg>
<doc>Fails if the given ``item`` is not a string.</doc>
<status status="PASS" start="2024-04-25T21:15:16.437166" elapsed="0.000617"/>
</kw>
<kw name="Should Match Regexp" owner="BuiltIn">
<arg>${json_data['results'][0]['email']}</arg>
<arg>^[a-zA-Z0-9._%+-]+@[a-zA-Z0-9.-]+\.[a-zA-Z]{2,}$</arg>
<doc>Fails if ``string`` does not match ``pattern`` as a regular expression.</doc>
<status status="PASS" start="2024-04-25T21:15:16.438117" elapsed="0.000774"/>
</kw>
<kw name="Should Match Regexp" owner="BuiltIn">
<arg>${json_data['results'][0]['dob']['date']}</arg>
<arg>\\d{4}-\\d{2}-\\d{2}T\\d{2}:\\d{2}:\\d{2}\\.\\d{3}Z</arg>
<doc>Fails if ``string`` does not match ``pattern`` as a regular expression.</doc>
<status status="PASS" start="2024-04-25T21:15:16.439208" elapsed="0.000745"/>
</kw>
<kw name="Should Match Regexp" owner="BuiltIn">
<arg>${json_data['results'][0]['registered']['date']}</arg>
<arg>\\d{4}-\\d{2}-\\d{2}T\\d{2}:\\d{2}:\\d{2}\\.\\d{3}Z</arg>
<doc>Fails if ``string`` does not match ``pattern`` as a regular expression.</doc>
<status status="PASS" start="2024-04-25T21:15:16.440243" elapsed="0.000612"/>
</kw>
<kw name="Should Match Regexp" owner="BuiltIn">
<arg>${json_data['results'][0]['picture']['large']}</arg>
<arg>^https?://.*\.(?:png|jpe?g|gif|bmp)$</arg>
<doc>Fails if ``string`` does not match ``pattern`` as a regular expression.</doc>
<status status="PASS" start="2024-04-25T21:15:16.441157" elapsed="0.000794"/>
</kw>
<kw name="Should Match Regexp" owner="BuiltIn">
<arg>${json_data['results'][0]['picture']['medium']}</arg>
<arg>^https?://.*\.(?:png|jpe?g|gif|bmp)$</arg>
<doc>Fails if ``string`` does not match ``pattern`` as a regular expression.</doc>
<status status="PASS" start="2024-04-25T21:15:16.442268" elapsed="0.000620"/>
</kw>
<kw name="Should Match Regexp" owner="BuiltIn">
<arg>${json_data['results'][0]['picture']['thumbnail']}</arg>
<arg>^https?://.*\.(?:png|jpe?g|gif|bmp)$</arg>
<doc>Fails if ``string`` does not match ``pattern`` as a regular expression.</doc>
<status status="PASS" start="2024-04-25T21:15:16.443195" elapsed="0.000616"/>
</kw>
<kw name="Log" owner="BuiltIn">
<msg time="2024-04-25T21:15:16.444693" level="INFO">{'large': 'https://randomuser.me/api/portraits/women/37.jpg', 'medium': 'https://randomuser.me/api/portraits/med/women/37.jpg', 'thumbnail': 'https://randomuser.me/api/portraits/thumb/women/37.jpg'}</msg>
<arg>${json_data['results'][0]['picture']}</arg>
<doc>Logs the given message with the given level.</doc>
<status status="PASS" start="2024-04-25T21:15:16.444121" elapsed="0.000639"/>
</kw>
<status status="PASS" start="2024-04-25T21:15:16.345436" elapsed="0.099697"/>
</kw>
<kw name="Teste de Tipos de Dados - Postcode" owner="random-user-service">
<kw name="GET On Session" owner="RequestsLibrary">
<msg time="2024-04-25T21:15:16.529881" level="INFO">GET Request : url=https://randomuser.me/api 
 path_url=/api 
 headers={'User-Agent': 'python-requests/2.31.0', 'Accept-Encoding': 'gzip, deflate', 'Accept': '*/*', 'Connection': 'keep-alive'} 
 body=None 
 </msg>
<msg time="2024-04-25T21:15:16.529968" level="INFO">GET Response : url=https://randomuser.me/api 
 status=200, reason=OK 
 headers={'Date': 'Thu, 25 Apr 2024 21:15:16 GMT', 'Content-Type': 'application/json; charset=utf-8', 'Transfer-Encoding': 'chunked', 'Connection': 'keep-alive', 'X-Powered-By': 'Express', 'Access-Control-Allow-Origin': '*', 'Cache-Control': 'no-cache', 'ETag': 'W/"47f-eFSeY/HRzMED7Sr1vrrwMRzzKwg"', 'Vary': 'Accept-Encoding', 'Content-Encoding': 'gzip', 'CF-Cache-Status': 'DYNAMIC', 'Report-To': '{"endpoints":[{"url":"https:\\/\\/a.nel.cloudflare.com\\/report\\/v4?s=86GjjKuolYGb8QUFbM7yLbO58SiLlkGOhCjzvrzzn3gonZ%2B2dL49EAPNOvI8pEJVokBEE4EsK4mKIb%2BUqq0bgqj%2FjQ8hsL6Jym4dEJIB2hP0mMWUvCKxcH8Pb%2Bf2Wdb1"}],"group":"cf-nel","max_age":604800}', 'NEL': '{"success_fraction":0,"report_to":"cf-nel","max_age":604800}', 'Server': 'cloudflare', 'CF-RAY': '87a158f3cce2ceb1-SJC', 'alt-svc': 'h3=":443"; ma=86400'} 
 body={"results":[{"gender":"male","name":{"title":"Mr","first":"Özkan","last":"Yıldırım"},"location":{"street":{"number":2212,"name":"Şehitler Cd"},"city":"Sivas","state":"İstanbul","country":"Turkey","postcode":67574,"coordinates":{"latitude":"67.8573","longitude":"-160.5611"},"timezone":{"offset":"-8:00","description":"Pacific Time (US &amp; Canada)"}},"email":"ozkan.yildirim@example.com","login":{"uuid":"ee235b6a-0ade-4090-9a70-fe950b5bebe8","username":"lazybird969","password":"password1","salt":"dQZ6cLcg","md5":"75fef4c26169b07b25a5dfca834eacc3","sha1":"a4b239a8749fe217935093eb2850538e18892c68","sha256":"547e0e1713e151674c1d26aad58a78a16a98cc5011c6a9cc69dadb32fa47f720"},"dob":{"date":"1994-09-16T21:32:50.656Z","age":29},"registered":{"date":"2013-10-17T22:40:53.647Z","age":10},"phone":"(073)-787-9520","cell":"(741)-943-8612","id":{"name":"","value":null},"picture":{"large":"https://randomuser.me/api/portraits/men/34.jpg","medium":"https://randomuser.me/api/portraits/med/men/34.jpg","thumbnail":"https://randomuser.me/api/portraits/thumb/men/34.jpg"},"nat":"TR"}],"info":{"seed":"068a5aecdf13b990","results":1,"page":1,"version":"1.4"}} 
 </msg>
<msg time="2024-04-25T21:15:16.530049" level="INFO">/opt/hostedtoolcache/Python/3.12.3/x64/lib/python3.12/site-packages/urllib3/connectionpool.py:1103: InsecureRequestWarning: Unverified HTTPS request is being made to host 'randomuser.me'. Adding certificate verification is strongly advised. See: https://urllib3.readthedocs.io/en/latest/advanced-usage.html#tls-warnings
  warnings.warn(</msg>
<msg time="2024-04-25T21:15:16.530151" level="INFO">${response} = &lt;Response [200]&gt;</msg>
<var>${response}</var>
<arg>consultarAPI</arg>
<arg>/api</arg>
<doc>Sends a GET request on a previously created HTTP Session.</doc>
<status status="PASS" start="2024-04-25T21:15:16.445829" elapsed="0.084357"/>
</kw>
<kw name="Set Variable" owner="BuiltIn">
<msg time="2024-04-25T21:15:16.531031" level="INFO">${json_data} = {'results': [{'gender': 'male', 'name': {'title': 'Mr', 'first': 'Özkan', 'last': 'Yıldırım'}, 'location': {'street': {'number': 2212, 'name': 'Şehitler Cd'}, 'city': 'Sivas', 'state': 'İstanbul', 'co...</msg>
<var>${json_data}</var>
<arg>${response.json()}</arg>
<doc>Returns the given values which can then be assigned to a variables.</doc>
<status status="PASS" start="2024-04-25T21:15:16.530563" elapsed="0.000499"/>
</kw>
<kw name="Log" owner="BuiltIn">
<msg time="2024-04-25T21:15:16.531565" level="INFO">{'results': [{'gender': 'male', 'name': {'title': 'Mr', 'first': 'Özkan', 'last': 'Yıldırım'}, 'location': {'street': {'number': 2212, 'name': 'Şehitler Cd'}, 'city': 'Sivas', 'state': 'İstanbul', 'country': 'Turkey', 'postcode': 67574, 'coordinates': {'latitude': '67.8573', 'longitude': '-160.5611'}, 'timezone': {'offset': '-8:00', 'description': 'Pacific Time (US &amp; Canada)'}}, 'email': 'ozkan.yildirim@example.com', 'login': {'uuid': 'ee235b6a-0ade-4090-9a70-fe950b5bebe8', 'username': 'lazybird969', 'password': 'password1', 'salt': 'dQZ6cLcg', 'md5': '75fef4c26169b07b25a5dfca834eacc3', 'sha1': 'a4b239a8749fe217935093eb2850538e18892c68', 'sha256': '547e0e1713e151674c1d26aad58a78a16a98cc5011c6a9cc69dadb32fa47f720'}, 'dob': {'date': '1994-09-16T21:32:50.656Z', 'age': 29}, 'registered': {'date': '2013-10-17T22:40:53.647Z', 'age': 10}, 'phone': '(073)-787-9520', 'cell': '(741)-943-8612', 'id': {'name': '', 'value': None}, 'picture': {'large': 'https://randomuser.me/api/portraits/men/34.jpg', 'medium': 'https://randomuser.me/api/portraits/med/men/34.jpg', 'thumbnail': 'https://randomuser.me/api/portraits/thumb/men/34.jpg'}, 'nat': 'TR'}], 'info': {'seed': '068a5aecdf13b990', 'results': 1, 'page': 1, 'version': '1.4'}}</msg>
<arg>${json_data}</arg>
<doc>Logs the given message with the given level.</doc>
<status status="PASS" start="2024-04-25T21:15:16.531384" elapsed="0.000293"/>
</kw>
<kw name="Should Be Equal As Numbers" owner="BuiltIn">
<arg>${json_data['results'][0]['location']['postcode']}</arg>
<arg>${json_data['results'][0]['location']['postcode']}</arg>
<doc>Fails if objects are unequal after converting them to real numbers.</doc>
<status status="PASS" start="2024-04-25T21:15:16.532068" elapsed="0.000946"/>
</kw>
<kw name="Log" owner="BuiltIn">
<msg time="2024-04-25T21:15:16.533684" level="INFO">67574</msg>
<arg>${json_data['results'][0]['location']['postcode']}</arg>
<doc>Logs the given message with the given level.</doc>
<status status="PASS" start="2024-04-25T21:15:16.533262" elapsed="0.000469"/>
</kw>
<status status="PASS" start="2024-04-25T21:15:16.445472" elapsed="0.088569"/>
</kw>
<doc>Testa se os tipos de dados na resposta da API estão corretos.</doc>
<tag>testeTiposDados</tag>
<status status="PASS" start="2024-04-25T21:15:16.344924" elapsed="0.189321"/>
</test>
<test id="s1-s1-t5" name="Validar conteudo" line="35">
<kw name="Teste de Tipos de Conteudo" owner="random-user-service">
<kw name="GET On Session" owner="RequestsLibrary">
<msg time="2024-04-25T21:15:16.633595" level="INFO">GET Request : url=https://randomuser.me/api 
 path_url=/api 
 headers={'User-Agent': 'python-requests/2.31.0', 'Accept-Encoding': 'gzip, deflate', 'Accept': '*/*', 'Connection': 'keep-alive'} 
 body=None 
 </msg>
<msg time="2024-04-25T21:15:16.633657" level="INFO">GET Response : url=https://randomuser.me/api 
 status=200, reason=OK 
 headers={'Date': 'Thu, 25 Apr 2024 21:15:16 GMT', 'Content-Type': 'application/json; charset=utf-8', 'Transfer-Encoding': 'chunked', 'Connection': 'keep-alive', 'X-Powered-By': 'Express', 'Access-Control-Allow-Origin': '*', 'Cache-Control': 'no-cache', 'ETag': 'W/"493-DI0stg3SCepiTpOrIOnuLOosI8E"', 'Vary': 'Accept-Encoding', 'Content-Encoding': 'gzip', 'CF-Cache-Status': 'DYNAMIC', 'Report-To': '{"endpoints":[{"url":"https:\\/\\/a.nel.cloudflare.com\\/report\\/v4?s=TqCLlqMuIm9%2Fao1w9VvTi9hU8akDCLcYuXrC7RyTYov407l8w7vxgJ6Bt4RN6dd3kPdk80xgQ75JqjtFLhfrpsY98tcCFE%2BcHq8TQBdxtqjkOSqVA8D6WPyYVtGdkDvQ"}],"group":"cf-nel","max_age":604800}', 'NEL': '{"success_fraction":0,"report_to":"cf-nel","max_age":604800}', 'Server': 'cloudflare', 'CF-RAY': '87a158f46d53ceb1-SJC', 'alt-svc': 'h3=":443"; ma=86400'} 
 body={"results":[{"gender":"female","name":{"title":"Mrs","first":"Melodie","last":"Claire"},"location":{"street":{"number":5851,"name":"Argyle St"},"city":"Windsor","state":"Nova Scotia","country":"Canada","postcode":"D4A 5I0","coordinates":{"latitude":"-72.6417","longitude":"108.3001"},"timezone":{"offset":"+4:00","description":"Abu Dhabi, Muscat, Baku, Tbilisi"}},"email":"melodie.claire@example.com","login":{"uuid":"d37992f7-7f85-420d-9adc-5c4f5090a79d","username":"silvergoose789","password":"starr","salt":"7FxhdYZO","md5":"dcd975525e9f7b7a58e2441c053b5e2e","sha1":"69cd9cf5607c8abce855363fbc3a8984e616c0a7","sha256":"6d4828873832fd77a303c467dd5b01edc5097ab06c1353b3fe1303d897e5dd6a"},"dob":{"date":"1959-04-16T22:42:06.358Z","age":65},"registered":{"date":"2021-12-29T01:42:08.970Z","age":2},"phone":"B50 Q46-8342","cell":"X21 P48-5187","id":{"name":"SIN","value":"619894785"},"picture":{"large":"https://randomuser.me/api/portraits/women/34.jpg","medium":"https://randomuser.me/api/portraits/med/women/34.jpg","thumbnail":"https://randomuser.me/api/portraits/thumb/women/34.jpg"},"nat":"CA"}],"info":{"seed":"94ca0233b471934e","results":1,"page":1,"version":"1.4"}} 
 </msg>
<msg time="2024-04-25T21:15:16.633731" level="INFO">/opt/hostedtoolcache/Python/3.12.3/x64/lib/python3.12/site-packages/urllib3/connectionpool.py:1103: InsecureRequestWarning: Unverified HTTPS request is being made to host 'randomuser.me'. Adding certificate verification is strongly advised. See: https://urllib3.readthedocs.io/en/latest/advanced-usage.html#tls-warnings
  warnings.warn(</msg>
<msg time="2024-04-25T21:15:16.634112" level="INFO">${response} = &lt;Response [200]&gt;</msg>
<var>${response}</var>
<arg>consultarAPI</arg>
<arg>/api</arg>
<doc>Sends a GET request on a previously created HTTP Session.</doc>
<status status="PASS" start="2024-04-25T21:15:16.537073" elapsed="0.097083"/>
</kw>
<kw name="Set Variable" owner="BuiltIn">
<msg time="2024-04-25T21:15:16.635038" level="INFO">${json_data} = {'results': [{'gender': 'female', 'name': {'title': 'Mrs', 'first': 'Melodie', 'last': 'Claire'}, 'location': {'street': {'number': 5851, 'name': 'Argyle St'}, 'city': 'Windsor', 'state': 'Nova Scotia...</msg>
<var>${json_data}</var>
<arg>${response.json()}</arg>
<doc>Returns the given values which can then be assigned to a variables.</doc>
<status status="PASS" start="2024-04-25T21:15:16.634597" elapsed="0.000468"/>
</kw>
<kw name="Set Variable" owner="BuiltIn">
<msg time="2024-04-25T21:15:16.635733" level="INFO">${name_title} = Mrs</msg>
<var>${name_title}</var>
<arg>${json_data["results"][0]["name"]["title"]}</arg>
<doc>Returns the given values which can then be assigned to a variables.</doc>
<status status="PASS" start="2024-04-25T21:15:16.635364" elapsed="0.000393"/>
</kw>
<kw name="Create List" owner="BuiltIn">
<msg time="2024-04-25T21:15:16.636195" level="INFO">${allowed_titles} = ['Mr', 'Ms', 'Miss', 'Mrs', 'Madame', 'Monsieur']</msg>
<var>${allowed_titles}</var>
<arg>Mr</arg>
<arg>Ms</arg>
<arg>Miss</arg>
<arg>Mrs</arg>
<arg>Madame</arg>
<arg>Monsieur</arg>
<doc>Returns a list containing given items.</doc>
<status status="PASS" start="2024-04-25T21:15:16.636050" elapsed="0.000168"/>
</kw>
<kw name="List Should Contain Value" owner="Collections">
<msg time="2024-04-25T21:15:16.636732" level="INFO">False</msg>
<arg>${allowed_titles}</arg>
<arg>${name_title}</arg>
<doc>Fails if the ``value`` is not found from ``list``.</doc>
<status status="PASS" start="2024-04-25T21:15:16.636566" elapsed="0.000202"/>
</kw>
<kw name="Set Variable" owner="BuiltIn">
<msg time="2024-04-25T21:15:16.637432" level="INFO">${name_country} = CA</msg>
<var>${name_country}</var>
<arg>${json_data["results"][0]["nat"]}</arg>
<doc>Returns the given values which can then be assigned to a variables.</doc>
<status status="PASS" start="2024-04-25T21:15:16.637052" elapsed="0.000405"/>
</kw>
<kw name="Create List" owner="BuiltIn">
<msg time="2024-04-25T21:15:16.638347" level="INFO">${list_country} = ['AD', 'AE', 'AF', 'AG', 'AI', 'AL', 'AM', 'AO', 'AQ', 'AR', 'AS', 'AT', 'AU', 'AW', 'AX', 'AZ', 'BA', 'BB', 'BD', 'BE', 'BF', 'BG', 'BH', 'BI', 'BJ', 'BL', 'BM', 'BN', 'BO', 'BQ', 'BR', 'BS', 'BT', '...</msg>
<var>${list_country}</var>
<arg>AD</arg>
<arg>AE</arg>
<arg>AF</arg>
<arg>AG</arg>
<arg>AI</arg>
<arg>AL</arg>
<arg>AM</arg>
<arg>AO</arg>
<arg>AQ</arg>
<arg>AR</arg>
<arg>AS</arg>
<arg>AT</arg>
<arg>AU</arg>
<arg>AW</arg>
<arg>AX</arg>
<arg>AZ</arg>
<arg>BA</arg>
<arg>BB</arg>
<arg>BD</arg>
<arg>BE</arg>
<arg>BF</arg>
<arg>BG</arg>
<arg>BH</arg>
<arg>BI</arg>
<arg>BJ</arg>
<arg>BL</arg>
<arg>BM</arg>
<arg>BN</arg>
<arg>BO</arg>
<arg>BQ</arg>
<arg>BR</arg>
<arg>BS</arg>
<arg>BT</arg>
<arg>BV</arg>
<arg>BW</arg>
<arg>BY</arg>
<arg>BZ</arg>
<arg>CA</arg>
<arg>CC</arg>
<arg>CD</arg>
<arg>CF</arg>
<arg>CG</arg>
<arg>CH</arg>
<arg>CI</arg>
<arg>CK</arg>
<arg>CL</arg>
<arg>CM</arg>
<arg>CN</arg>
<arg>CO</arg>
<arg>CR</arg>
<arg>CU</arg>
<arg>CV</arg>
<arg>CW</arg>
<arg>CX</arg>
<arg>CY</arg>
<arg>CZ</arg>
<arg>DE</arg>
<arg>DJ</arg>
<arg>DK</arg>
<arg>DM</arg>
<arg>DO</arg>
<arg>DZ</arg>
<arg>EC</arg>
<arg>EE</arg>
<arg>EG</arg>
<arg>EH</arg>
<arg>ER</arg>
<arg>ES</arg>
<arg>ET</arg>
<arg>FI</arg>
<arg>FJ</arg>
<arg>FK</arg>
<arg>FM</arg>
<arg>FO</arg>
<arg>FR</arg>
<arg>GA</arg>
<arg>GB</arg>
<arg>GD</arg>
<arg>GE</arg>
<arg>GF</arg>
<arg>GG</arg>
<arg>GH</arg>
<arg>GI</arg>
<arg>GL</arg>
<arg>GM</arg>
<arg>GN</arg>
<arg>GP</arg>
<arg>GQ</arg>
<arg>GR</arg>
<arg>GS</arg>
<arg>GT</arg>
<arg>GU</arg>
<arg>GW</arg>
<arg>GY</arg>
<arg>HK</arg>
<arg>HM</arg>
<arg>HN</arg>
<arg>HR</arg>
<arg>HT</arg>
<arg>HU</arg>
<arg>ID</arg>
<arg>IE</arg>
<arg>IL</arg>
<arg>IM</arg>
<arg>IN</arg>
<arg>IO</arg>
<arg>IQ</arg>
<arg>IR</arg>
<arg>IS</arg>
<arg>IT</arg>
<arg>JE</arg>
<arg>JM</arg>
<arg>JO</arg>
<arg>JP</arg>
<arg>KE</arg>
<arg>KG</arg>
<arg>KH</arg>
<arg>KI</arg>
<arg>KM</arg>
<arg>KN</arg>
<arg>KP</arg>
<arg>KR</arg>
<arg>KW</arg>
<arg>KY</arg>
<arg>KZ</arg>
<arg>LA</arg>
<arg>LB</arg>
<arg>LC</arg>
<arg>LI</arg>
<arg>LK</arg>
<arg>LR</arg>
<arg>LS</arg>
<arg>LT</arg>
<arg>LU</arg>
<arg>LV</arg>
<arg>LY</arg>
<arg>MA</arg>
<arg>MC</arg>
<arg>MD</arg>
<arg>ME</arg>
<arg>MF</arg>
<arg>MG</arg>
<arg>MH</arg>
<arg>MK</arg>
<arg>ML</arg>
<arg>MM</arg>
<arg>MN</arg>
<arg>MO</arg>
<arg>MP</arg>
<arg>MQ</arg>
<arg>MR</arg>
<arg>MS</arg>
<arg>MT</arg>
<arg>MU</arg>
<arg>MV</arg>
<arg>MW</arg>
<arg>MX</arg>
<arg>MY</arg>
<arg>MZ</arg>
<arg>NA</arg>
<arg>NC</arg>
<arg>NE</arg>
<arg>NF</arg>
<arg>NG</arg>
<arg>NI</arg>
<arg>NL</arg>
<arg>NO</arg>
<arg>NP</arg>
<arg>NR</arg>
<arg>NU</arg>
<arg>NZ</arg>
<arg>OM</arg>
<arg>PA</arg>
<arg>PE</arg>
<arg>PF</arg>
<arg>PG</arg>
<arg>PH</arg>
<arg>PK</arg>
<arg>PL</arg>
<arg>PM</arg>
<arg>PN</arg>
<arg>PR</arg>
<arg>PS</arg>
<arg>PT</arg>
<arg>PW</arg>
<arg>PY</arg>
<arg>QA</arg>
<arg>RE</arg>
<arg>RO</arg>
<arg>RS</arg>
<arg>RU</arg>
<arg>RW</arg>
<arg>SA</arg>
<arg>SB</arg>
<arg>SC</arg>
<arg>SD</arg>
<arg>SE</arg>
<arg>SG</arg>
<arg>SH</arg>
<arg>SI</arg>
<arg>SJ</arg>
<arg>SK</arg>
<arg>SL</arg>
<arg>SM</arg>
<arg>SN</arg>
<arg>SO</arg>
<arg>SR</arg>
<arg>SS</arg>
<arg>ST</arg>
<arg>SV</arg>
<arg>SX</arg>
<arg>SY</arg>
<arg>SZ</arg>
<arg>TC</arg>
<arg>TD</arg>
<arg>TF</arg>
<arg>TG</arg>
<arg>TH</arg>
<arg>TJ</arg>
<arg>TK</arg>
<arg>TL</arg>
<arg>TM</arg>
<arg>TN</arg>
<arg>TO</arg>
<arg>TR</arg>
<arg>TT</arg>
<arg>TV</arg>
<arg>TW</arg>
<arg>TZ</arg>
<arg>UA</arg>
<arg>UG</arg>
<arg>UM</arg>
<arg>US</arg>
<arg>UY</arg>
<arg>UZ</arg>
<arg>VA</arg>
<arg>VC</arg>
<arg>VE</arg>
<arg>VG</arg>
<arg>VI</arg>
<arg>VN</arg>
<arg>VU</arg>
<arg>WF</arg>
<arg>WS</arg>
<arg>XK</arg>
<arg>YE</arg>
<arg>YT</arg>
<arg>ZA</arg>
<arg>ZM</arg>
<arg>ZW</arg>
<doc>Returns a list containing given items.</doc>
<status status="PASS" start="2024-04-25T21:15:16.637758" elapsed="0.000615"/>
</kw>
<kw name="List Should Contain Value" owner="Collections">
<msg time="2024-04-25T21:15:16.639368" level="INFO">False</msg>
<arg>${list_country}</arg>
<arg>${name_country}</arg>
<doc>Fails if the ``value`` is not found from ``list``.</doc>
<status status="PASS" start="2024-04-25T21:15:16.639172" elapsed="0.000232"/>
</kw>
<kw name="Run Keyword If" owner="BuiltIn">
<kw name="Should Be True" owner="BuiltIn">
<arg>${True}</arg>
<doc>Fails if the given condition is not true.</doc>
<status status="PASS" start="2024-04-25T21:15:16.640491" elapsed="0.000143"/>
</kw>
<arg>${json_data["results"][0]["location"]["coordinates"]["latitude"]} &gt;= -90 and ${json_data["results"][0]["location"]["coordinates"]["latitude"]} &lt;= 90</arg>
<arg>Should Be True</arg>
<arg>${True}</arg>
<doc>Runs the given keyword with the given arguments, if ``condition`` is true.</doc>
<status status="PASS" start="2024-04-25T21:15:16.639716" elapsed="0.001045"/>
</kw>
<kw name="Run Keyword If" owner="BuiltIn">
<kw name="Should Be True" owner="BuiltIn">
<arg>${True}</arg>
<doc>Fails if the given condition is not true.</doc>
<status status="PASS" start="2024-04-25T21:15:16.641825" elapsed="0.000245"/>
</kw>
<arg>${json_data["results"][0]["location"]["coordinates"]["longitude"]} &gt;= -180 and ${json_data["results"][0]["location"]["coordinates"]["longitude"]} &lt;= 180</arg>
<arg>Should Be True</arg>
<arg>${True}</arg>
<doc>Runs the given keyword with the given arguments, if ``condition`` is true.</doc>
<status status="PASS" start="2024-04-25T21:15:16.640951" elapsed="0.001247"/>
</kw>
<status status="PASS" start="2024-04-25T21:15:16.536705" elapsed="0.105622"/>
</kw>
<doc>Testa o conteúdo específico dos campos retornados pela API.</doc>
<tag>testeConteudo</tag>
<status status="PASS" start="2024-04-25T21:15:16.536019" elapsed="0.106448"/>
</test>
<status status="PASS" start="2024-04-25T21:15:15.791248" elapsed="0.853160"/>
</suite>
<status status="PASS" start="2024-04-25T21:15:15.777762" elapsed="0.871706"/>
</suite>
<statistics>
<total>
<stat pass="5" fail="0" skip="0">All Tests</stat>
</total>
<tag>
<stat pass="1" fail="0" skip="0">testeConteudo</stat>
<stat pass="1" fail="0" skip="0">testeEstruturaResposta</stat>
<stat pass="1" fail="0" skip="0">testeRequisicaoBasica</stat>
<stat pass="1" fail="0" skip="0">testeTiposDados</stat>
</tag>
<suite>
<stat pass="5" fail="0" skip="0" id="s1" name="Tests">Tests</stat>
<stat pass="5" fail="0" skip="0" id="s1-s1" name="Random-User-Test">Tests.Random-User-Test</stat>
</suite>
</statistics>
<errors>
</errors>
</robot>
