<?xml version="1.0" encoding="UTF-8"?>
<robot generator="Robot 7.0 (Python 3.12.2 on linux)" generated="2024-04-09T04:17:32.202560" rpa="false" schemaversion="5">
<suite id="s1" name="Tests" source="/home/runner/work/DesafioQAItauRogerioJordao/DesafioQAItauRogerioJordao/RamdonUser/tests">
<suite id="s1-s1" name="Random-User-Test" source="/home/runner/work/DesafioQAItauRogerioJordao/DesafioQAItauRogerioJordao/RamdonUser/tests/random-user-test.robot">
<test id="s1-s1-t1" name="Conectar" line="13">
<kw name="Conectar API" owner="random-user-service">
<kw name="Create Session" owner="RequestsLibrary">
<msg time="2024-04-09T04:17:32.574753" level="INFO">Creating Session using : alias=consultarAPI, url=https://randomuser.me/, headers={},                     cookies={}, auth=None, timeout=None, proxies=None, verify=False,                     debug=0 </msg>
<arg>consultarAPI</arg>
<arg>${URL}</arg>
<doc>Create Session: create a HTTP session to a server</doc>
<status status="PASS" start="2024-04-09T04:17:32.574533" elapsed="0.000465"/>
</kw>
<status status="PASS" start="2024-04-09T04:17:32.573415" elapsed="0.001972"/>
</kw>
<status status="PASS" start="2024-04-09T04:17:32.572722" elapsed="0.002880"/>
</test>
<test id="s1-s1-t2" name="Validar retorno 200 e JSON Válido" line="16">
<kw name="Teste de Requisicao Basica" owner="random-user-service">
<kw name="GET On Session" owner="RequestsLibrary">
<msg time="2024-04-09T04:17:32.646826" level="INFO">GET Request : url=https://randomuser.me/api 
 path_url=/api 
 headers={'User-Agent': 'python-requests/2.31.0', 'Accept-Encoding': 'gzip, deflate', 'Accept': '*/*', 'Connection': 'keep-alive'} 
 body=None 
 </msg>
<msg time="2024-04-09T04:17:32.646993" level="INFO">GET Response : url=https://randomuser.me/api 
 status=200, reason=OK 
 headers={'Date': 'Tue, 09 Apr 2024 04:17:32 GMT', 'Content-Type': 'application/json; charset=utf-8', 'Transfer-Encoding': 'chunked', 'Connection': 'keep-alive', 'X-Powered-By': 'Express', 'Access-Control-Allow-Origin': '*', 'Cache-Control': 'no-cache', 'ETag': 'W/"482-2bf1hMGWQa1T0DZrQc3+2sWIqvA"', 'Vary': 'Accept-Encoding', 'Content-Encoding': 'gzip', 'CF-Cache-Status': 'DYNAMIC', 'Report-To': '{"endpoints":[{"url":"https:\\/\\/a.nel.cloudflare.com\\/report\\/v4?s=r3Y2RHDx6nQedx%2FYN8mjIpE8UOOB4D8GNUHRf3UHR2oXN1KtkAHe4UPE04zPxIAtmSuBkjtfFFBVb1x%2Fm56Y3uzbGrBbou80fJv8aJlnje986La0Xg3SNTeRqeD4EciN"}],"group":"cf-nel","max_age":604800}', 'NEL': '{"success_fraction":0,"report_to":"cf-nel","max_age":604800}', 'Server': 'cloudflare', 'CF-RAY': '8717b022dad79c2e-IAD', 'alt-svc': 'h3=":443"; ma=86400'} 
 body={"results":[{"gender":"male","name":{"title":"Mr","first":"Quinn","last":"Jones"},"location":{"street":{"number":260,"name":"Brougham Street"},"city":"Greymouth","state":"West Coast","country":"New Zealand","postcode":92655,"coordinates":{"latitude":"53.6929","longitude":"-49.6680"},"timezone":{"offset":"-8:00","description":"Pacific Time (US &amp; Canada)"}},"email":"quinn.jones@example.com","login":{"uuid":"d52013fe-97d7-445a-9358-c64fc4048b8c","username":"goldenleopard827","password":"champ1","salt":"KCZBsvML","md5":"7bd544b68452b1d49fd5075e7876b2cf","sha1":"4899fa6e508a5e7b8b32a496feef03f1078d1dc1","sha256":"df8939981949ce12d1eaf1fea97190e5825d6761da92277573fe336c85d1b81d"},"dob":{"date":"1967-01-26T21:48:37.103Z","age":57},"registered":{"date":"2007-10-22T12:47:09.723Z","age":16},"phone":"(720)-257-5764","cell":"(468)-765-6165","id":{"name":"","value":null},"picture":{"large":"https://randomuser.me/api/portraits/men/96.jpg","medium":"https://randomuser.me/api/portraits/med/men/96.jpg","thumbnail":"https://randomuser.me/api/portraits/thumb/men/96.jpg"},"nat":"NZ"}],"info":{"seed":"e54ff72e69b31cc8","results":1,"page":1,"version":"1.4"}} 
 </msg>
<msg time="2024-04-09T04:17:32.647089" level="INFO">/opt/hostedtoolcache/Python/3.12.2/x64/lib/python3.12/site-packages/urllib3/connectionpool.py:1103: InsecureRequestWarning: Unverified HTTPS request is being made to host 'randomuser.me'. Adding certificate verification is strongly advised. See: https://urllib3.readthedocs.io/en/latest/advanced-usage.html#tls-warnings
  warnings.warn(</msg>
<msg time="2024-04-09T04:17:32.647260" level="INFO">${response} = &lt;Response [200]&gt;</msg>
<var>${response}</var>
<arg>consultarAPI</arg>
<arg>/api</arg>
<doc>Sends a GET request on a previously created HTTP Session.</doc>
<status status="PASS" start="2024-04-09T04:17:32.578277" elapsed="0.069032"/>
</kw>
<kw name="Should Be Equal As Numbers" owner="BuiltIn">
<msg time="2024-04-09T04:17:32.648403" level="INFO">Argument types are:
&lt;class 'int'&gt;
&lt;class 'str'&gt;</msg>
<arg>${response.status_code}</arg>
<arg>200</arg>
<doc>Fails if objects are unequal after converting them to real numbers.</doc>
<status status="PASS" start="2024-04-09T04:17:32.647909" elapsed="0.000567"/>
</kw>
<kw name="Log" owner="BuiltIn">
<msg time="2024-04-09T04:17:32.649254" level="INFO">200</msg>
<arg>${response.status_code}</arg>
<doc>Logs the given message with the given level.</doc>
<status status="PASS" start="2024-04-09T04:17:32.648868" elapsed="0.000433"/>
</kw>
<kw name="Set Variable" owner="BuiltIn">
<msg time="2024-04-09T04:17:32.650129" level="INFO">${json_data} = {'results': [{'gender': 'male', 'name': {'title': 'Mr', 'first': 'Quinn', 'last': 'Jones'}, 'location': {'street': {'number': 260, 'name': 'Brougham Street'}, 'city': 'Greymouth', 'state': 'West Coast...</msg>
<var>${json_data}</var>
<arg>${response.json()}</arg>
<doc>Returns the given values which can then be assigned to a variables.</doc>
<status status="PASS" start="2024-04-09T04:17:32.649653" elapsed="0.000505"/>
</kw>
<kw name="Dictionary Should Contain Key" owner="Collections">
<msg time="2024-04-09T04:17:32.650671" level="INFO">False</msg>
<arg>${json_data}</arg>
<arg>results</arg>
<doc>Fails if ``key`` is not found from ``dictionary``.</doc>
<status status="PASS" start="2024-04-09T04:17:32.650485" elapsed="0.000226"/>
</kw>
<status status="PASS" start="2024-04-09T04:17:32.578014" elapsed="0.072998"/>
</kw>
<doc>Testa se a API responde corretamente e retorna um objeto JSON válido.</doc>
<tag>testeRequisicaoBasica</tag>
<status status="PASS" start="2024-04-09T04:17:32.577455" elapsed="0.073754"/>
</test>
<test id="s1-s1-t3" name="Validar estrutura de resposta" line="22">
<kw name="Teste de Estrutura de Resposta" owner="random-user-service">
<kw name="GET On Session" owner="RequestsLibrary">
<msg time="2024-04-09T04:17:32.745701" level="INFO">GET Request : url=https://randomuser.me/api 
 path_url=/api 
 headers={'User-Agent': 'python-requests/2.31.0', 'Accept-Encoding': 'gzip, deflate', 'Accept': '*/*', 'Connection': 'keep-alive'} 
 body=None 
 </msg>
<msg time="2024-04-09T04:17:32.745807" level="INFO">GET Response : url=https://randomuser.me/api 
 status=200, reason=OK 
 headers={'Date': 'Tue, 09 Apr 2024 04:17:32 GMT', 'Content-Type': 'application/json; charset=utf-8', 'Transfer-Encoding': 'chunked', 'Connection': 'keep-alive', 'X-Powered-By': 'Express', 'Access-Control-Allow-Origin': '*', 'Cache-Control': 'no-cache', 'ETag': 'W/"47c-i2LqpqCerxjh6HVAvWfg7MMcMkQ"', 'Vary': 'Accept-Encoding', 'Content-Encoding': 'gzip', 'CF-Cache-Status': 'DYNAMIC', 'Report-To': '{"endpoints":[{"url":"https:\\/\\/a.nel.cloudflare.com\\/report\\/v4?s=WfA2cWs5lG2vN6hPA9frRVPiTJNgQ7CSXooEf2ejFZW3nMORrYEYL02K8W9nE0kmvIa%2FOEcvejw1ettnuDaWtOleOxB0UiwsEvrq1RWe4MtMdN4KqD1xbHMTV5DGCFUJ"}],"group":"cf-nel","max_age":604800}', 'NEL': '{"success_fraction":0,"report_to":"cf-nel","max_age":604800}', 'Server': 'cloudflare', 'CF-RAY': '8717b0231afe9c2e-IAD', 'alt-svc': 'h3=":443"; ma=86400'} 
 body={"results":[{"gender":"male","name":{"title":"Mr","first":"Andre","last":"Wade"},"location":{"street":{"number":7689,"name":"Hamilton Ave"},"city":"Albany","state":"Tasmania","country":"Australia","postcode":6259,"coordinates":{"latitude":"-83.9399","longitude":"-90.6284"},"timezone":{"offset":"-7:00","description":"Mountain Time (US &amp; Canada)"}},"email":"andre.wade@example.com","login":{"uuid":"0e3c50b2-c468-44bd-9290-1d384f2bb6cd","username":"organicbear206","password":"blonds","salt":"UrzIsQYf","md5":"402a9e29214657b2854df2452769dbb3","sha1":"baeae4a9a9f0094169e217ed1848eace962cf0ad","sha256":"d4486685f362ce94f16edaa6132b8ef0991534f4aa15e62b97c05282b0c1aac5"},"dob":{"date":"1993-04-10T18:49:16.101Z","age":30},"registered":{"date":"2006-12-05T20:27:23.187Z","age":17},"phone":"02-9177-3780","cell":"0455-905-860","id":{"name":"TFN","value":"002763826"},"picture":{"large":"https://randomuser.me/api/portraits/men/55.jpg","medium":"https://randomuser.me/api/portraits/med/men/55.jpg","thumbnail":"https://randomuser.me/api/portraits/thumb/men/55.jpg"},"nat":"AU"}],"info":{"seed":"f53a8c1035337e1f","results":1,"page":1,"version":"1.4"}} 
 </msg>
<msg time="2024-04-09T04:17:32.745971" level="INFO">/opt/hostedtoolcache/Python/3.12.2/x64/lib/python3.12/site-packages/urllib3/connectionpool.py:1103: InsecureRequestWarning: Unverified HTTPS request is being made to host 'randomuser.me'. Adding certificate verification is strongly advised. See: https://urllib3.readthedocs.io/en/latest/advanced-usage.html#tls-warnings
  warnings.warn(</msg>
<msg time="2024-04-09T04:17:32.746127" level="INFO">${response} = &lt;Response [200]&gt;</msg>
<var>${response}</var>
<arg>consultarAPI</arg>
<arg>/api</arg>
<doc>Sends a GET request on a previously created HTTP Session.</doc>
<status status="PASS" start="2024-04-09T04:17:32.654265" elapsed="0.091909"/>
</kw>
<kw name="Set Variable" owner="BuiltIn">
<msg time="2024-04-09T04:17:32.747290" level="INFO">${json_data} = {'results': [{'gender': 'male', 'name': {'title': 'Mr', 'first': 'Andre', 'last': 'Wade'}, 'location': {'street': {'number': 7689, 'name': 'Hamilton Ave'}, 'city': 'Albany', 'state': 'Tasmania', 'coun...</msg>
<var>${json_data}</var>
<arg>${response.json()}</arg>
<doc>Returns the given values which can then be assigned to a variables.</doc>
<status status="PASS" start="2024-04-09T04:17:32.746705" elapsed="0.000616"/>
</kw>
<kw name="Log" owner="BuiltIn">
<msg time="2024-04-09T04:17:32.747872" level="INFO">{'results': [{'gender': 'male', 'name': {'title': 'Mr', 'first': 'Andre', 'last': 'Wade'}, 'location': {'street': {'number': 7689, 'name': 'Hamilton Ave'}, 'city': 'Albany', 'state': 'Tasmania', 'country': 'Australia', 'postcode': 6259, 'coordinates': {'latitude': '-83.9399', 'longitude': '-90.6284'}, 'timezone': {'offset': '-7:00', 'description': 'Mountain Time (US &amp; Canada)'}}, 'email': 'andre.wade@example.com', 'login': {'uuid': '0e3c50b2-c468-44bd-9290-1d384f2bb6cd', 'username': 'organicbear206', 'password': 'blonds', 'salt': 'UrzIsQYf', 'md5': '402a9e29214657b2854df2452769dbb3', 'sha1': 'baeae4a9a9f0094169e217ed1848eace962cf0ad', 'sha256': 'd4486685f362ce94f16edaa6132b8ef0991534f4aa15e62b97c05282b0c1aac5'}, 'dob': {'date': '1993-04-10T18:49:16.101Z', 'age': 30}, 'registered': {'date': '2006-12-05T20:27:23.187Z', 'age': 17}, 'phone': '02-9177-3780', 'cell': '0455-905-860', 'id': {'name': 'TFN', 'value': '002763826'}, 'picture': {'large': 'https://randomuser.me/api/portraits/men/55.jpg', 'medium': 'https://randomuser.me/api/portraits/med/men/55.jpg', 'thumbnail': 'https://randomuser.me/api/portraits/thumb/men/55.jpg'}, 'nat': 'AU'}], 'info': {'seed': 'f53a8c1035337e1f', 'results': 1, 'page': 1, 'version': '1.4'}}</msg>
<arg>${json_data}</arg>
<doc>Logs the given message with the given level.</doc>
<status status="PASS" start="2024-04-09T04:17:32.747691" elapsed="0.000232"/>
</kw>
<kw name="Dictionary Should Contain Key" owner="Collections">
<msg time="2024-04-09T04:17:32.748417" level="INFO">False</msg>
<arg>${json_data}</arg>
<arg>results</arg>
<doc>Fails if ``key`` is not found from ``dictionary``.</doc>
<status status="PASS" start="2024-04-09T04:17:32.748246" elapsed="0.000210"/>
</kw>
<kw name="Should Not Be Empty" owner="BuiltIn">
<msg time="2024-04-09T04:17:32.748908" level="INFO">Length is 2.</msg>
<arg>${json_data}</arg>
<doc>Verifies that the given item is not empty.</doc>
<status status="PASS" start="2024-04-09T04:17:32.748769" elapsed="0.000179"/>
</kw>
<kw name="Create List" owner="BuiltIn">
<msg time="2024-04-09T04:17:32.749409" level="INFO">${expected_keys} = ['gender', 'name', 'location', 'email', 'login']</msg>
<var>${expected_keys}</var>
<arg>gender</arg>
<arg>name</arg>
<arg>location</arg>
<arg>email</arg>
<arg>login</arg>
<doc>Returns a list containing given items.</doc>
<status status="PASS" start="2024-04-09T04:17:32.749251" elapsed="0.000183"/>
</kw>
<for flavor="IN">
<iter>
<kw name="Dictionary Should Contain Key" owner="Collections">
<msg time="2024-04-09T04:17:32.750548" level="INFO">False</msg>
<arg>${json_data['results'][0]}</arg>
<arg>${key}</arg>
<doc>Fails if ``key`` is not found from ``dictionary``.</doc>
<status status="PASS" start="2024-04-09T04:17:32.750077" elapsed="0.000512"/>
</kw>
<kw name="Log" owner="BuiltIn">
<msg time="2024-04-09T04:17:32.751355" level="INFO">{'gender': 'male', 'name': {'title': 'Mr', 'first': 'Andre', 'last': 'Wade'}, 'location': {'street': {'number': 7689, 'name': 'Hamilton Ave'}, 'city': 'Albany', 'state': 'Tasmania', 'country': 'Australia', 'postcode': 6259, 'coordinates': {'latitude': '-83.9399', 'longitude': '-90.6284'}, 'timezone': {'offset': '-7:00', 'description': 'Mountain Time (US &amp; Canada)'}}, 'email': 'andre.wade@example.com', 'login': {'uuid': '0e3c50b2-c468-44bd-9290-1d384f2bb6cd', 'username': 'organicbear206', 'password': 'blonds', 'salt': 'UrzIsQYf', 'md5': '402a9e29214657b2854df2452769dbb3', 'sha1': 'baeae4a9a9f0094169e217ed1848eace962cf0ad', 'sha256': 'd4486685f362ce94f16edaa6132b8ef0991534f4aa15e62b97c05282b0c1aac5'}, 'dob': {'date': '1993-04-10T18:49:16.101Z', 'age': 30}, 'registered': {'date': '2006-12-05T20:27:23.187Z', 'age': 17}, 'phone': '02-9177-3780', 'cell': '0455-905-860', 'id': {'name': 'TFN', 'value': '002763826'}, 'picture': {'large': 'https://randomuser.me/api/portraits/men/55.jpg', 'medium': 'https://randomuser.me/api/portraits/med/men/55.jpg', 'thumbnail': 'https://randomuser.me/api/portraits/thumb/men/55.jpg'}, 'nat': 'AU'}</msg>
<arg>${json_data['results'][0]}</arg>
<doc>Logs the given message with the given level.</doc>
<status status="PASS" start="2024-04-09T04:17:32.750967" elapsed="0.000450"/>
</kw>
<kw name="Log" owner="BuiltIn">
<msg time="2024-04-09T04:17:32.751868" level="INFO">gender</msg>
<arg>${key}</arg>
<doc>Logs the given message with the given level.</doc>
<status status="PASS" start="2024-04-09T04:17:32.751732" elapsed="0.000174"/>
</kw>
<var name="${key}">gender</var>
<status status="PASS" start="2024-04-09T04:17:32.749939" elapsed="0.002193"/>
</iter>
<iter>
<kw name="Dictionary Should Contain Key" owner="Collections">
<msg time="2024-04-09T04:17:32.752878" level="INFO">False</msg>
<arg>${json_data['results'][0]}</arg>
<arg>${key}</arg>
<doc>Fails if ``key`` is not found from ``dictionary``.</doc>
<status status="PASS" start="2024-04-09T04:17:32.752467" elapsed="0.000449"/>
</kw>
<kw name="Log" owner="BuiltIn">
<msg time="2024-04-09T04:17:32.753635" level="INFO">{'gender': 'male', 'name': {'title': 'Mr', 'first': 'Andre', 'last': 'Wade'}, 'location': {'street': {'number': 7689, 'name': 'Hamilton Ave'}, 'city': 'Albany', 'state': 'Tasmania', 'country': 'Australia', 'postcode': 6259, 'coordinates': {'latitude': '-83.9399', 'longitude': '-90.6284'}, 'timezone': {'offset': '-7:00', 'description': 'Mountain Time (US &amp; Canada)'}}, 'email': 'andre.wade@example.com', 'login': {'uuid': '0e3c50b2-c468-44bd-9290-1d384f2bb6cd', 'username': 'organicbear206', 'password': 'blonds', 'salt': 'UrzIsQYf', 'md5': '402a9e29214657b2854df2452769dbb3', 'sha1': 'baeae4a9a9f0094169e217ed1848eace962cf0ad', 'sha256': 'd4486685f362ce94f16edaa6132b8ef0991534f4aa15e62b97c05282b0c1aac5'}, 'dob': {'date': '1993-04-10T18:49:16.101Z', 'age': 30}, 'registered': {'date': '2006-12-05T20:27:23.187Z', 'age': 17}, 'phone': '02-9177-3780', 'cell': '0455-905-860', 'id': {'name': 'TFN', 'value': '002763826'}, 'picture': {'large': 'https://randomuser.me/api/portraits/men/55.jpg', 'medium': 'https://randomuser.me/api/portraits/med/men/55.jpg', 'thumbnail': 'https://randomuser.me/api/portraits/thumb/men/55.jpg'}, 'nat': 'AU'}</msg>
<arg>${json_data['results'][0]}</arg>
<doc>Logs the given message with the given level.</doc>
<status status="PASS" start="2024-04-09T04:17:32.753255" elapsed="0.000430"/>
</kw>
<kw name="Log" owner="BuiltIn">
<msg time="2024-04-09T04:17:32.754118" level="INFO">name</msg>
<arg>${key}</arg>
<doc>Logs the given message with the given level.</doc>
<status status="PASS" start="2024-04-09T04:17:32.753988" elapsed="0.000170"/>
</kw>
<var name="${key}">name</var>
<status status="PASS" start="2024-04-09T04:17:32.752339" elapsed="0.002041"/>
</iter>
<iter>
<kw name="Dictionary Should Contain Key" owner="Collections">
<msg time="2024-04-09T04:17:32.755103" level="INFO">False</msg>
<arg>${json_data['results'][0]}</arg>
<arg>${key}</arg>
<doc>Fails if ``key`` is not found from ``dictionary``.</doc>
<status status="PASS" start="2024-04-09T04:17:32.754687" elapsed="0.000455"/>
</kw>
<kw name="Log" owner="BuiltIn">
<msg time="2024-04-09T04:17:32.755806" level="INFO">{'gender': 'male', 'name': {'title': 'Mr', 'first': 'Andre', 'last': 'Wade'}, 'location': {'street': {'number': 7689, 'name': 'Hamilton Ave'}, 'city': 'Albany', 'state': 'Tasmania', 'country': 'Australia', 'postcode': 6259, 'coordinates': {'latitude': '-83.9399', 'longitude': '-90.6284'}, 'timezone': {'offset': '-7:00', 'description': 'Mountain Time (US &amp; Canada)'}}, 'email': 'andre.wade@example.com', 'login': {'uuid': '0e3c50b2-c468-44bd-9290-1d384f2bb6cd', 'username': 'organicbear206', 'password': 'blonds', 'salt': 'UrzIsQYf', 'md5': '402a9e29214657b2854df2452769dbb3', 'sha1': 'baeae4a9a9f0094169e217ed1848eace962cf0ad', 'sha256': 'd4486685f362ce94f16edaa6132b8ef0991534f4aa15e62b97c05282b0c1aac5'}, 'dob': {'date': '1993-04-10T18:49:16.101Z', 'age': 30}, 'registered': {'date': '2006-12-05T20:27:23.187Z', 'age': 17}, 'phone': '02-9177-3780', 'cell': '0455-905-860', 'id': {'name': 'TFN', 'value': '002763826'}, 'picture': {'large': 'https://randomuser.me/api/portraits/men/55.jpg', 'medium': 'https://randomuser.me/api/portraits/med/men/55.jpg', 'thumbnail': 'https://randomuser.me/api/portraits/thumb/men/55.jpg'}, 'nat': 'AU'}</msg>
<arg>${json_data['results'][0]}</arg>
<doc>Logs the given message with the given level.</doc>
<status status="PASS" start="2024-04-09T04:17:32.755448" elapsed="0.000412"/>
</kw>
<kw name="Log" owner="BuiltIn">
<msg time="2024-04-09T04:17:32.756287" level="INFO">location</msg>
<arg>${key}</arg>
<doc>Logs the given message with the given level.</doc>
<status status="PASS" start="2024-04-09T04:17:32.756158" elapsed="0.000167"/>
</kw>
<var name="${key}">location</var>
<status status="PASS" start="2024-04-09T04:17:32.754573" elapsed="0.001997"/>
</iter>
<iter>
<kw name="Dictionary Should Contain Key" owner="Collections">
<msg time="2024-04-09T04:17:32.757259" level="INFO">False</msg>
<arg>${json_data['results'][0]}</arg>
<arg>${key}</arg>
<doc>Fails if ``key`` is not found from ``dictionary``.</doc>
<status status="PASS" start="2024-04-09T04:17:32.756869" elapsed="0.000428"/>
</kw>
<kw name="Log" owner="BuiltIn">
<msg time="2024-04-09T04:17:32.758011" level="INFO">{'gender': 'male', 'name': {'title': 'Mr', 'first': 'Andre', 'last': 'Wade'}, 'location': {'street': {'number': 7689, 'name': 'Hamilton Ave'}, 'city': 'Albany', 'state': 'Tasmania', 'country': 'Australia', 'postcode': 6259, 'coordinates': {'latitude': '-83.9399', 'longitude': '-90.6284'}, 'timezone': {'offset': '-7:00', 'description': 'Mountain Time (US &amp; Canada)'}}, 'email': 'andre.wade@example.com', 'login': {'uuid': '0e3c50b2-c468-44bd-9290-1d384f2bb6cd', 'username': 'organicbear206', 'password': 'blonds', 'salt': 'UrzIsQYf', 'md5': '402a9e29214657b2854df2452769dbb3', 'sha1': 'baeae4a9a9f0094169e217ed1848eace962cf0ad', 'sha256': 'd4486685f362ce94f16edaa6132b8ef0991534f4aa15e62b97c05282b0c1aac5'}, 'dob': {'date': '1993-04-10T18:49:16.101Z', 'age': 30}, 'registered': {'date': '2006-12-05T20:27:23.187Z', 'age': 17}, 'phone': '02-9177-3780', 'cell': '0455-905-860', 'id': {'name': 'TFN', 'value': '002763826'}, 'picture': {'large': 'https://randomuser.me/api/portraits/men/55.jpg', 'medium': 'https://randomuser.me/api/portraits/med/men/55.jpg', 'thumbnail': 'https://randomuser.me/api/portraits/thumb/men/55.jpg'}, 'nat': 'AU'}</msg>
<arg>${json_data['results'][0]}</arg>
<doc>Logs the given message with the given level.</doc>
<status status="PASS" start="2024-04-09T04:17:32.757633" elapsed="0.000426"/>
</kw>
<kw name="Log" owner="BuiltIn">
<msg time="2024-04-09T04:17:32.758509" level="INFO">email</msg>
<arg>${key}</arg>
<doc>Logs the given message with the given level.</doc>
<status status="PASS" start="2024-04-09T04:17:32.758378" elapsed="0.000168"/>
</kw>
<var name="${key}">email</var>
<status status="PASS" start="2024-04-09T04:17:32.756754" elapsed="0.002030"/>
</iter>
<iter>
<kw name="Dictionary Should Contain Key" owner="Collections">
<msg time="2024-04-09T04:17:32.759475" level="INFO">False</msg>
<arg>${json_data['results'][0]}</arg>
<arg>${key}</arg>
<doc>Fails if ``key`` is not found from ``dictionary``.</doc>
<status status="PASS" start="2024-04-09T04:17:32.759082" elapsed="0.000432"/>
</kw>
<kw name="Log" owner="BuiltIn">
<msg time="2024-04-09T04:17:32.760186" level="INFO">{'gender': 'male', 'name': {'title': 'Mr', 'first': 'Andre', 'last': 'Wade'}, 'location': {'street': {'number': 7689, 'name': 'Hamilton Ave'}, 'city': 'Albany', 'state': 'Tasmania', 'country': 'Australia', 'postcode': 6259, 'coordinates': {'latitude': '-83.9399', 'longitude': '-90.6284'}, 'timezone': {'offset': '-7:00', 'description': 'Mountain Time (US &amp; Canada)'}}, 'email': 'andre.wade@example.com', 'login': {'uuid': '0e3c50b2-c468-44bd-9290-1d384f2bb6cd', 'username': 'organicbear206', 'password': 'blonds', 'salt': 'UrzIsQYf', 'md5': '402a9e29214657b2854df2452769dbb3', 'sha1': 'baeae4a9a9f0094169e217ed1848eace962cf0ad', 'sha256': 'd4486685f362ce94f16edaa6132b8ef0991534f4aa15e62b97c05282b0c1aac5'}, 'dob': {'date': '1993-04-10T18:49:16.101Z', 'age': 30}, 'registered': {'date': '2006-12-05T20:27:23.187Z', 'age': 17}, 'phone': '02-9177-3780', 'cell': '0455-905-860', 'id': {'name': 'TFN', 'value': '002763826'}, 'picture': {'large': 'https://randomuser.me/api/portraits/men/55.jpg', 'medium': 'https://randomuser.me/api/portraits/med/men/55.jpg', 'thumbnail': 'https://randomuser.me/api/portraits/thumb/men/55.jpg'}, 'nat': 'AU'}</msg>
<arg>${json_data['results'][0]}</arg>
<doc>Logs the given message with the given level.</doc>
<status status="PASS" start="2024-04-09T04:17:32.759820" elapsed="0.000414"/>
</kw>
<kw name="Log" owner="BuiltIn">
<msg time="2024-04-09T04:17:32.760661" level="INFO">login</msg>
<arg>${key}</arg>
<doc>Logs the given message with the given level.</doc>
<status status="PASS" start="2024-04-09T04:17:32.760532" elapsed="0.000172"/>
</kw>
<var name="${key}">login</var>
<status status="PASS" start="2024-04-09T04:17:32.758967" elapsed="0.001956"/>
</iter>
<var>${key}</var>
<value>@{expected_keys}</value>
<status status="PASS" start="2024-04-09T04:17:32.749732" elapsed="0.011341"/>
</for>
<kw name="Create List" owner="BuiltIn">
<msg time="2024-04-09T04:17:32.761436" level="INFO">${expected_keysTwo} = ['username', 'password']</msg>
<var>${expected_keysTwo}</var>
<arg>username</arg>
<arg>password</arg>
<doc>Returns a list containing given items.</doc>
<status status="PASS" start="2024-04-09T04:17:32.761292" elapsed="0.000168"/>
</kw>
<for flavor="IN">
<iter>
<kw name="Dictionary Should Contain Key" owner="Collections">
<msg time="2024-04-09T04:17:32.762509" level="INFO">False</msg>
<arg>${json_data['results'][0]['login']}</arg>
<arg>${keyTwo}</arg>
<doc>Fails if ``key`` is not found from ``dictionary``.</doc>
<status status="PASS" start="2024-04-09T04:17:32.762116" elapsed="0.000431"/>
</kw>
<kw name="Dictionary Should Contain Key" owner="Collections">
<msg time="2024-04-09T04:17:32.763266" level="INFO">False</msg>
<arg>${json_data['results'][0]['login']}</arg>
<arg>${keyTwo}</arg>
<doc>Fails if ``key`` is not found from ``dictionary``.</doc>
<status status="PASS" start="2024-04-09T04:17:32.762867" elapsed="0.000437"/>
</kw>
<kw name="Log" owner="BuiltIn">
<msg time="2024-04-09T04:17:32.763743" level="INFO">username</msg>
<arg>${keyTwo}</arg>
<doc>Logs the given message with the given level.</doc>
<status status="PASS" start="2024-04-09T04:17:32.763614" elapsed="0.000166"/>
</kw>
<var name="${keyTwo}">username</var>
<status status="PASS" start="2024-04-09T04:17:32.762001" elapsed="0.001998"/>
</iter>
<iter>
<kw name="Dictionary Should Contain Key" owner="Collections">
<msg time="2024-04-09T04:17:32.764673" level="INFO">False</msg>
<arg>${json_data['results'][0]['login']}</arg>
<arg>${keyTwo}</arg>
<doc>Fails if ``key`` is not found from ``dictionary``.</doc>
<status status="PASS" start="2024-04-09T04:17:32.764292" elapsed="0.000419"/>
</kw>
<kw name="Dictionary Should Contain Key" owner="Collections">
<msg time="2024-04-09T04:17:32.765385" level="INFO">False</msg>
<arg>${json_data['results'][0]['login']}</arg>
<arg>${keyTwo}</arg>
<doc>Fails if ``key`` is not found from ``dictionary``.</doc>
<status status="PASS" start="2024-04-09T04:17:32.765008" elapsed="0.000414"/>
</kw>
<kw name="Log" owner="BuiltIn">
<msg time="2024-04-09T04:17:32.765854" level="INFO">password</msg>
<arg>${keyTwo}</arg>
<doc>Logs the given message with the given level.</doc>
<status status="PASS" start="2024-04-09T04:17:32.765721" elapsed="0.000170"/>
</kw>
<var name="${keyTwo}">password</var>
<status status="PASS" start="2024-04-09T04:17:32.764181" elapsed="0.001930"/>
</iter>
<var>${keyTwo}</var>
<value>@{expected_keysTwo}</value>
<status status="PASS" start="2024-04-09T04:17:32.761710" elapsed="0.004524"/>
</for>
<status status="PASS" start="2024-04-09T04:17:32.654003" elapsed="0.112379"/>
</kw>
<doc>Testa a estrutura da resposta da API.</doc>
<tag>testeEstruturaResposta</tag>
<status status="PASS" start="2024-04-09T04:17:32.653171" elapsed="0.113384"/>
</test>
<test id="s1-s1-t4" name="Validar tipos de dados" line="28">
<kw name="Teste de Tipos de Dados" owner="random-user-service">
<kw name="GET On Session" owner="RequestsLibrary">
<msg time="2024-04-09T04:17:32.844163" level="INFO">GET Request : url=https://randomuser.me/api 
 path_url=/api 
 headers={'User-Agent': 'python-requests/2.31.0', 'Accept-Encoding': 'gzip, deflate', 'Accept': '*/*', 'Connection': 'keep-alive'} 
 body=None 
 </msg>
<msg time="2024-04-09T04:17:32.844263" level="INFO">GET Response : url=https://randomuser.me/api 
 status=200, reason=OK 
 headers={'Date': 'Tue, 09 Apr 2024 04:17:32 GMT', 'Content-Type': 'application/json; charset=utf-8', 'Transfer-Encoding': 'chunked', 'Connection': 'keep-alive', 'X-Powered-By': 'Express', 'Access-Control-Allow-Origin': '*', 'Cache-Control': 'no-cache', 'ETag': 'W/"492-Z3S/DGMfp8+g9ez1St1CbhYw+8A"', 'Vary': 'Accept-Encoding', 'Content-Encoding': 'gzip', 'CF-Cache-Status': 'DYNAMIC', 'Report-To': '{"endpoints":[{"url":"https:\\/\\/a.nel.cloudflare.com\\/report\\/v4?s=ECv2xGoUaCxvqPGM4jEP3qOrGepFD6Ia7zE%2BEM2FSmyATVCcslAAz0CKXNhfZy6WP2TVIEp5uXXaNltH%2BdEa7YFMsS3iwIIhJh9jsgyJoe3FNZUA9kAPEV7AY96l9QUG"}],"group":"cf-nel","max_age":604800}', 'NEL': '{"success_fraction":0,"report_to":"cf-nel","max_age":604800}', 'Server': 'cloudflare', 'CF-RAY': '8717b023db9b9c2e-IAD', 'alt-svc': 'h3=":443"; ma=86400'} 
 body={"results":[{"gender":"female","name":{"title":"Mrs","first":"Jasna","last":"Vasić"},"location":{"street":{"number":9132,"name":"Anđelije Milić"},"city":"Opovo","state":"Peć","country":"Serbia","postcode":92577,"coordinates":{"latitude":"61.2944","longitude":"172.8511"},"timezone":{"offset":"-5:00","description":"Eastern Time (US &amp; Canada), Bogota, Lima"}},"email":"jasna.vasic@example.com","login":{"uuid":"5e83e097-e77f-4459-9c52-3ebf61731c3e","username":"blackelephant933","password":"flicks","salt":"CE0tuJuX","md5":"647790a27bbfa2761d84d6e9c5c7fdaa","sha1":"2cdc7a3daaeb87a0863b7b5e734dd7726725222a","sha256":"d83bfe48ca9deb73fc0254eedb5574bcd989d8a7fe1d42202a818dc6c6da0365"},"dob":{"date":"1985-03-27T12:40:42.988Z","age":39},"registered":{"date":"2021-09-04T11:01:10.363Z","age":2},"phone":"014-2082-941","cell":"061-8366-503","id":{"name":"SID","value":"514817736"},"picture":{"large":"https://randomuser.me/api/portraits/women/40.jpg","medium":"https://randomuser.me/api/portraits/med/women/40.jpg","thumbnail":"https://randomuser.me/api/portraits/thumb/women/40.jpg"},"nat":"RS"}],"info":{"seed":"9e183d76edae4a40","results":1,"page":1,"version":"1.4"}} 
 </msg>
<msg time="2024-04-09T04:17:32.844343" level="INFO">/opt/hostedtoolcache/Python/3.12.2/x64/lib/python3.12/site-packages/urllib3/connectionpool.py:1103: InsecureRequestWarning: Unverified HTTPS request is being made to host 'randomuser.me'. Adding certificate verification is strongly advised. See: https://urllib3.readthedocs.io/en/latest/advanced-usage.html#tls-warnings
  warnings.warn(</msg>
<msg time="2024-04-09T04:17:32.844488" level="INFO">${response} = &lt;Response [200]&gt;</msg>
<var>${response}</var>
<arg>consultarAPI</arg>
<arg>/api</arg>
<doc>Sends a GET request on a previously created HTTP Session.</doc>
<status status="PASS" start="2024-04-09T04:17:32.769230" elapsed="0.075304"/>
</kw>
<kw name="Set Variable" owner="BuiltIn">
<msg time="2024-04-09T04:17:32.845638" level="INFO">${json_data} = {'results': [{'gender': 'female', 'name': {'title': 'Mrs', 'first': 'Jasna', 'last': 'Vasić'}, 'location': {'street': {'number': 9132, 'name': 'Anđelije Milić'}, 'city': 'Opovo', 'state': 'Peć', 'coun...</msg>
<var>${json_data}</var>
<arg>${response.json()}</arg>
<doc>Returns the given values which can then be assigned to a variables.</doc>
<status status="PASS" start="2024-04-09T04:17:32.845081" elapsed="0.000593"/>
</kw>
<kw name="Log" owner="BuiltIn">
<msg time="2024-04-09T04:17:32.846250" level="INFO">{'results': [{'gender': 'female', 'name': {'title': 'Mrs', 'first': 'Jasna', 'last': 'Vasić'}, 'location': {'street': {'number': 9132, 'name': 'Anđelije Milić'}, 'city': 'Opovo', 'state': 'Peć', 'country': 'Serbia', 'postcode': 92577, 'coordinates': {'latitude': '61.2944', 'longitude': '172.8511'}, 'timezone': {'offset': '-5:00', 'description': 'Eastern Time (US &amp; Canada), Bogota, Lima'}}, 'email': 'jasna.vasic@example.com', 'login': {'uuid': '5e83e097-e77f-4459-9c52-3ebf61731c3e', 'username': 'blackelephant933', 'password': 'flicks', 'salt': 'CE0tuJuX', 'md5': '647790a27bbfa2761d84d6e9c5c7fdaa', 'sha1': '2cdc7a3daaeb87a0863b7b5e734dd7726725222a', 'sha256': 'd83bfe48ca9deb73fc0254eedb5574bcd989d8a7fe1d42202a818dc6c6da0365'}, 'dob': {'date': '1985-03-27T12:40:42.988Z', 'age': 39}, 'registered': {'date': '2021-09-04T11:01:10.363Z', 'age': 2}, 'phone': '014-2082-941', 'cell': '061-8366-503', 'id': {'name': 'SID', 'value': '514817736'}, 'picture': {'large': 'https://randomuser.me/api/portraits/women/40.jpg', 'medium': 'https://randomuser.me/api/portraits/med/women/40.jpg', 'thumbnail': 'https://randomuser.me/api/portraits/thumb/women/40.jpg'}, 'nat': 'RS'}], 'info': {'seed': '9e183d76edae4a40', 'results': 1, 'page': 1, 'version': '1.4'}}</msg>
<arg>${json_data}</arg>
<doc>Logs the given message with the given level.</doc>
<status status="PASS" start="2024-04-09T04:17:32.846054" elapsed="0.000289"/>
</kw>
<kw name="Should Be String" owner="String">
<arg>${json_data['results'][0]['gender']}</arg>
<doc>Fails if the given ``item`` is not a string.</doc>
<status status="PASS" start="2024-04-09T04:17:32.846681" elapsed="0.000438"/>
</kw>
<kw name="Should Match Regexp" owner="BuiltIn">
<arg>${json_data['results'][0]['email']}</arg>
<arg>^[a-zA-Z0-9._%+-]+@[a-zA-Z0-9.-]+\.[a-zA-Z]{2,}$</arg>
<doc>Fails if ``string`` does not match ``pattern`` as a regular expression.</doc>
<status status="PASS" start="2024-04-09T04:17:32.847328" elapsed="0.000540"/>
</kw>
<kw name="Should Match Regexp" owner="BuiltIn">
<arg>${json_data['results'][0]['dob']['date']}</arg>
<arg>\\d{4}-\\d{2}-\\d{2}T\\d{2}:\\d{2}:\\d{2}\\.\\d{3}Z</arg>
<doc>Fails if ``string`` does not match ``pattern`` as a regular expression.</doc>
<status status="PASS" start="2024-04-09T04:17:32.848075" elapsed="0.000511"/>
</kw>
<kw name="Should Match Regexp" owner="BuiltIn">
<arg>${json_data['results'][0]['registered']['date']}</arg>
<arg>\\d{4}-\\d{2}-\\d{2}T\\d{2}:\\d{2}:\\d{2}\\.\\d{3}Z</arg>
<doc>Fails if ``string`` does not match ``pattern`` as a regular expression.</doc>
<status status="PASS" start="2024-04-09T04:17:32.848789" elapsed="0.000378"/>
</kw>
<kw name="Should Match Regexp" owner="BuiltIn">
<arg>${json_data['results'][0]['picture']['large']}</arg>
<arg>^https?://.*\.(?:png|jpe?g|gif|bmp)$</arg>
<doc>Fails if ``string`` does not match ``pattern`` as a regular expression.</doc>
<status status="PASS" start="2024-04-09T04:17:32.849358" elapsed="0.000468"/>
</kw>
<kw name="Should Match Regexp" owner="BuiltIn">
<arg>${json_data['results'][0]['picture']['medium']}</arg>
<arg>^https?://.*\.(?:png|jpe?g|gif|bmp)$</arg>
<doc>Fails if ``string`` does not match ``pattern`` as a regular expression.</doc>
<status status="PASS" start="2024-04-09T04:17:32.850029" elapsed="0.000371"/>
</kw>
<kw name="Should Match Regexp" owner="BuiltIn">
<arg>${json_data['results'][0]['picture']['thumbnail']}</arg>
<arg>^https?://.*\.(?:png|jpe?g|gif|bmp)$</arg>
<doc>Fails if ``string`` does not match ``pattern`` as a regular expression.</doc>
<status status="PASS" start="2024-04-09T04:17:32.850588" elapsed="0.000385"/>
</kw>
<kw name="Log" owner="BuiltIn">
<msg time="2024-04-09T04:17:32.851485" level="INFO">{'large': 'https://randomuser.me/api/portraits/women/40.jpg', 'medium': 'https://randomuser.me/api/portraits/med/women/40.jpg', 'thumbnail': 'https://randomuser.me/api/portraits/thumb/women/40.jpg'}</msg>
<arg>${json_data['results'][0]['picture']}</arg>
<doc>Logs the given message with the given level.</doc>
<status status="PASS" start="2024-04-09T04:17:32.851157" elapsed="0.000371"/>
</kw>
<status status="PASS" start="2024-04-09T04:17:32.768978" elapsed="0.082821"/>
</kw>
<kw name="Teste de Tipos de Dados - Postcode" owner="random-user-service">
<kw name="GET On Session" owner="RequestsLibrary">
<msg time="2024-04-09T04:17:32.944042" level="INFO">GET Request : url=https://randomuser.me/api 
 path_url=/api 
 headers={'User-Agent': 'python-requests/2.31.0', 'Accept-Encoding': 'gzip, deflate', 'Accept': '*/*', 'Connection': 'keep-alive'} 
 body=None 
 </msg>
<msg time="2024-04-09T04:17:32.944144" level="INFO">GET Response : url=https://randomuser.me/api 
 status=200, reason=OK 
 headers={'Date': 'Tue, 09 Apr 2024 04:17:32 GMT', 'Content-Type': 'application/json; charset=utf-8', 'Transfer-Encoding': 'chunked', 'Connection': 'keep-alive', 'X-Powered-By': 'Express', 'Access-Control-Allow-Origin': '*', 'Cache-Control': 'no-cache', 'ETag': 'W/"497-q3R9CDnM+EtU/RMe5dDYhoFlc6M"', 'Vary': 'Accept-Encoding', 'Content-Encoding': 'gzip', 'CF-Cache-Status': 'DYNAMIC', 'Report-To': '{"endpoints":[{"url":"https:\\/\\/a.nel.cloudflare.com\\/report\\/v4?s=C44N6MsZiF13anPkrOaniOdkqJyLTA%2BUR%2Fm5HShhIB32nx5u4xB%2Fd9V9t7DNf%2Fw8zWsTkRn8wvZpIvZko1B2iO8Hl1PuVpEYJ6zgh3LwSX%2BUEPmIhuJ1hgH0S7mBIzqb"}],"group":"cf-nel","max_age":604800}', 'NEL': '{"success_fraction":0,"report_to":"cf-nel","max_age":604800}', 'Server': 'cloudflare', 'CF-RAY': '8717b0245c039c2e-IAD', 'alt-svc': 'h3=":443"; ma=86400'} 
 body={"results":[{"gender":"male","name":{"title":"Mr","first":"Erasmo","last":"Porto"},"location":{"street":{"number":9501,"name":"Rua da Paz "},"city":"Franco da Rocha","state":"Mato Grosso do Sul","country":"Brazil","postcode":14682,"coordinates":{"latitude":"-79.5889","longitude":"-95.7947"},"timezone":{"offset":"-8:00","description":"Pacific Time (US &amp; Canada)"}},"email":"erasmo.porto@example.com","login":{"uuid":"5c2f3560-f638-4a40-8cae-fe19e9953d05","username":"purplewolf976","password":"script","salt":"7AoINrdq","md5":"520321959b322b3427f98d1f1d5e3893","sha1":"09cae72abd7117110eb5277ea7747794f72d2ba9","sha256":"3914e588d6f41700e91ff70ccc35fc5e6cc99078a06ff20b16ec8184ea7b9c3c"},"dob":{"date":"1995-12-03T20:31:48.051Z","age":28},"registered":{"date":"2004-02-07T15:21:07.789Z","age":20},"phone":"(95) 5328-0358","cell":"(75) 8850-7086","id":{"name":"CPF","value":"611.609.124-88"},"picture":{"large":"https://randomuser.me/api/portraits/men/59.jpg","medium":"https://randomuser.me/api/portraits/med/men/59.jpg","thumbnail":"https://randomuser.me/api/portraits/thumb/men/59.jpg"},"nat":"BR"}],"info":{"seed":"9e39a74bdf3b1534","results":1,"page":1,"version":"1.4"}} 
 </msg>
<msg time="2024-04-09T04:17:32.944239" level="INFO">/opt/hostedtoolcache/Python/3.12.2/x64/lib/python3.12/site-packages/urllib3/connectionpool.py:1103: InsecureRequestWarning: Unverified HTTPS request is being made to host 'randomuser.me'. Adding certificate verification is strongly advised. See: https://urllib3.readthedocs.io/en/latest/advanced-usage.html#tls-warnings
  warnings.warn(</msg>
<msg time="2024-04-09T04:17:32.944388" level="INFO">${response} = &lt;Response [200]&gt;</msg>
<var>${response}</var>
<arg>consultarAPI</arg>
<arg>/api</arg>
<doc>Sends a GET request on a previously created HTTP Session.</doc>
<status status="PASS" start="2024-04-09T04:17:32.852295" elapsed="0.092140"/>
</kw>
<kw name="Set Variable" owner="BuiltIn">
<msg time="2024-04-09T04:17:32.945518" level="INFO">${json_data} = {'results': [{'gender': 'male', 'name': {'title': 'Mr', 'first': 'Erasmo', 'last': 'Porto'}, 'location': {'street': {'number': 9501, 'name': 'Rua da Paz '}, 'city': 'Franco da Rocha', 'state': 'Mato G...</msg>
<var>${json_data}</var>
<arg>${response.json()}</arg>
<doc>Returns the given values which can then be assigned to a variables.</doc>
<status status="PASS" start="2024-04-09T04:17:32.944973" elapsed="0.000574"/>
</kw>
<kw name="Log" owner="BuiltIn">
<msg time="2024-04-09T04:17:32.946097" level="INFO">{'results': [{'gender': 'male', 'name': {'title': 'Mr', 'first': 'Erasmo', 'last': 'Porto'}, 'location': {'street': {'number': 9501, 'name': 'Rua da Paz '}, 'city': 'Franco da Rocha', 'state': 'Mato Grosso do Sul', 'country': 'Brazil', 'postcode': 14682, 'coordinates': {'latitude': '-79.5889', 'longitude': '-95.7947'}, 'timezone': {'offset': '-8:00', 'description': 'Pacific Time (US &amp; Canada)'}}, 'email': 'erasmo.porto@example.com', 'login': {'uuid': '5c2f3560-f638-4a40-8cae-fe19e9953d05', 'username': 'purplewolf976', 'password': 'script', 'salt': '7AoINrdq', 'md5': '520321959b322b3427f98d1f1d5e3893', 'sha1': '09cae72abd7117110eb5277ea7747794f72d2ba9', 'sha256': '3914e588d6f41700e91ff70ccc35fc5e6cc99078a06ff20b16ec8184ea7b9c3c'}, 'dob': {'date': '1995-12-03T20:31:48.051Z', 'age': 28}, 'registered': {'date': '2004-02-07T15:21:07.789Z', 'age': 20}, 'phone': '(95) 5328-0358', 'cell': '(75) 8850-7086', 'id': {'name': 'CPF', 'value': '611.609.124-88'}, 'picture': {'large': 'https://randomuser.me/api/portraits/men/59.jpg', 'medium': 'https://randomuser.me/api/portraits/med/men/59.jpg', 'thumbnail': 'https://randomuser.me/api/portraits/thumb/men/59.jpg'}, 'nat': 'BR'}], 'info': {'seed': '9e39a74bdf3b1534', 'results': 1, 'page': 1, 'version': '1.4'}}</msg>
<arg>${json_data}</arg>
<doc>Logs the given message with the given level.</doc>
<status status="PASS" start="2024-04-09T04:17:32.945921" elapsed="0.000265"/>
</kw>
<kw name="Should Be Equal As Numbers" owner="BuiltIn">
<arg>${json_data['results'][0]['location']['postcode']}</arg>
<arg>${json_data['results'][0]['location']['postcode']}</arg>
<doc>Fails if objects are unequal after converting them to real numbers.</doc>
<status status="PASS" start="2024-04-09T04:17:32.946512" elapsed="0.000702"/>
</kw>
<kw name="Log" owner="BuiltIn">
<msg time="2024-04-09T04:17:32.947759" level="INFO">14682</msg>
<arg>${json_data['results'][0]['location']['postcode']}</arg>
<doc>Logs the given message with the given level.</doc>
<status status="PASS" start="2024-04-09T04:17:32.947416" elapsed="0.000384"/>
</kw>
<status status="PASS" start="2024-04-09T04:17:32.852045" elapsed="0.096023"/>
</kw>
<doc>Testa se os tipos de dados na resposta da API estão corretos.</doc>
<tag>testeTiposDados</tag>
<status status="PASS" start="2024-04-09T04:17:32.768361" elapsed="0.179885"/>
</test>
<test id="s1-s1-t5" name="Validar conteudo" line="35">
<kw name="Teste de Tipos de Conteudo" owner="random-user-service">
<kw name="GET On Session" owner="RequestsLibrary">
<msg time="2024-04-09T04:17:33.043173" level="INFO">GET Request : url=https://randomuser.me/api 
 path_url=/api 
 headers={'User-Agent': 'python-requests/2.31.0', 'Accept-Encoding': 'gzip, deflate', 'Accept': '*/*', 'Connection': 'keep-alive'} 
 body=None 
 </msg>
<msg time="2024-04-09T04:17:33.043276" level="INFO">GET Response : url=https://randomuser.me/api 
 status=200, reason=OK 
 headers={'Date': 'Tue, 09 Apr 2024 04:17:33 GMT', 'Content-Type': 'application/json; charset=utf-8', 'Transfer-Encoding': 'chunked', 'Connection': 'keep-alive', 'X-Powered-By': 'Express', 'Access-Control-Allow-Origin': '*', 'Cache-Control': 'no-cache', 'ETag': 'W/"4a9-JHj4ftZqGXtzyzOS45xEb1PhbdM"', 'Vary': 'Accept-Encoding', 'Content-Encoding': 'gzip', 'CF-Cache-Status': 'DYNAMIC', 'Report-To': '{"endpoints":[{"url":"https:\\/\\/a.nel.cloudflare.com\\/report\\/v4?s=%2B0isICRCslq5HO4N30oeUg3EQTwIWw%2Bc7jUoGeK9ril1qLNhjeXM2yqnblw9hlK6x%2BAp6rgusG0hUSU%2BlMH1jw3wN9jEEyGU3sFV78JLlo7DqJsgLf9CS4dzsQjnEMBc"}],"group":"cf-nel","max_age":604800}', 'NEL': '{"success_fraction":0,"report_to":"cf-nel","max_age":604800}', 'Server': 'cloudflare', 'CF-RAY': '8717b024fc749c2e-IAD', 'alt-svc': 'h3=":443"; ma=86400'} 
 body={"results":[{"gender":"female","name":{"title":"Ms","first":"Sylvia","last":"Lichtenberg"},"location":{"street":{"number":1012,"name":"Waldstraße"},"city":"Heubach","state":"Berlin","country":"Germany","postcode":11620,"coordinates":{"latitude":"-49.4057","longitude":"129.3474"},"timezone":{"offset":"0:00","description":"Western Europe Time, London, Lisbon, Casablanca"}},"email":"sylvia.lichtenberg@example.com","login":{"uuid":"e8f71f62-0ce5-48f6-b92f-e94ef6ce01f0","username":"yellowtiger622","password":"burly","salt":"X3wI8yRJ","md5":"02c404511ac1b906e8a7c30134b8c263","sha1":"b1ccca01b127b6d2fa5fa64440b9d3cb8d6186fc","sha256":"de66d40f5884ee49ba6fda6bd3a3556b27f2722035a760ad3f14f64221b22c8b"},"dob":{"date":"1961-04-04T14:08:48.946Z","age":63},"registered":{"date":"2019-12-14T16:41:04.515Z","age":4},"phone":"0479-0090814","cell":"0174-0066509","id":{"name":"SVNR","value":"71 040461 L 612"},"picture":{"large":"https://randomuser.me/api/portraits/women/91.jpg","medium":"https://randomuser.me/api/portraits/med/women/91.jpg","thumbnail":"https://randomuser.me/api/portraits/thumb/women/91.jpg"},"nat":"DE"}],"info":{"seed":"857ea9763187b9a0","results":1,"page":1,"version":"1.4"}} 
 </msg>
<msg time="2024-04-09T04:17:33.043349" level="INFO">/opt/hostedtoolcache/Python/3.12.2/x64/lib/python3.12/site-packages/urllib3/connectionpool.py:1103: InsecureRequestWarning: Unverified HTTPS request is being made to host 'randomuser.me'. Adding certificate verification is strongly advised. See: https://urllib3.readthedocs.io/en/latest/advanced-usage.html#tls-warnings
  warnings.warn(</msg>
<msg time="2024-04-09T04:17:33.043489" level="INFO">${response} = &lt;Response [200]&gt;</msg>
<var>${response}</var>
<arg>consultarAPI</arg>
<arg>/api</arg>
<doc>Sends a GET request on a previously created HTTP Session.</doc>
<status status="PASS" start="2024-04-09T04:17:32.950867" elapsed="0.092666"/>
</kw>
<kw name="Set Variable" owner="BuiltIn">
<msg time="2024-04-09T04:17:33.044562" level="INFO">${json_data} = {'results': [{'gender': 'female', 'name': {'title': 'Ms', 'first': 'Sylvia', 'last': 'Lichtenberg'}, 'location': {'street': {'number': 1012, 'name': 'Waldstraße'}, 'city': 'Heubach', 'state': 'Berlin'...</msg>
<var>${json_data}</var>
<arg>${response.json()}</arg>
<doc>Returns the given values which can then be assigned to a variables.</doc>
<status status="PASS" start="2024-04-09T04:17:33.044038" elapsed="0.000553"/>
</kw>
<kw name="Set Variable" owner="BuiltIn">
<msg time="2024-04-09T04:17:33.045293" level="INFO">${name_title} = Ms</msg>
<var>${name_title}</var>
<arg>${json_data["results"][0]["name"]["title"]}</arg>
<doc>Returns the given values which can then be assigned to a variables.</doc>
<status status="PASS" start="2024-04-09T04:17:33.044901" elapsed="0.000417"/>
</kw>
<kw name="Create List" owner="BuiltIn">
<msg time="2024-04-09T04:17:33.045766" level="INFO">${allowed_titles} = ['Mr', 'Ms', 'Miss', 'Mrs', 'Madame', 'Monsieur']</msg>
<var>${allowed_titles}</var>
<arg>Mr</arg>
<arg>Ms</arg>
<arg>Miss</arg>
<arg>Mrs</arg>
<arg>Madame</arg>
<arg>Monsieur</arg>
<doc>Returns a list containing given items.</doc>
<status status="PASS" start="2024-04-09T04:17:33.045616" elapsed="0.000174"/>
</kw>
<kw name="List Should Contain Value" owner="Collections">
<msg time="2024-04-09T04:17:33.046283" level="INFO">False</msg>
<arg>${allowed_titles}</arg>
<arg>${name_title}</arg>
<doc>Fails if the ``value`` is not found from ``list``.</doc>
<status status="PASS" start="2024-04-09T04:17:33.046107" elapsed="0.000214"/>
</kw>
<kw name="Set Variable" owner="BuiltIn">
<msg time="2024-04-09T04:17:33.047051" level="INFO">${name_country} = DE</msg>
<var>${name_country}</var>
<arg>${json_data["results"][0]["nat"]}</arg>
<doc>Returns the given values which can then be assigned to a variables.</doc>
<status status="PASS" start="2024-04-09T04:17:33.046629" elapsed="0.000447"/>
</kw>
<kw name="Create List" owner="BuiltIn">
<msg time="2024-04-09T04:17:33.047984" level="INFO">${list_country} = ['AD', 'AE', 'AF', 'AG', 'AI', 'AL', 'AM', 'AO', 'AQ', 'AR', 'AS', 'AT', 'AU', 'AW', 'AX', 'AZ', 'BA', 'BB', 'BD', 'BE', 'BF', 'BG', 'BH', 'BI', 'BJ', 'BL', 'BM', 'BN', 'BO', 'BQ', 'BR', 'BS', 'BT', '...</msg>
<var>${list_country}</var>
<arg>AD</arg>
<arg>AE</arg>
<arg>AF</arg>
<arg>AG</arg>
<arg>AI</arg>
<arg>AL</arg>
<arg>AM</arg>
<arg>AO</arg>
<arg>AQ</arg>
<arg>AR</arg>
<arg>AS</arg>
<arg>AT</arg>
<arg>AU</arg>
<arg>AW</arg>
<arg>AX</arg>
<arg>AZ</arg>
<arg>BA</arg>
<arg>BB</arg>
<arg>BD</arg>
<arg>BE</arg>
<arg>BF</arg>
<arg>BG</arg>
<arg>BH</arg>
<arg>BI</arg>
<arg>BJ</arg>
<arg>BL</arg>
<arg>BM</arg>
<arg>BN</arg>
<arg>BO</arg>
<arg>BQ</arg>
<arg>BR</arg>
<arg>BS</arg>
<arg>BT</arg>
<arg>BV</arg>
<arg>BW</arg>
<arg>BY</arg>
<arg>BZ</arg>
<arg>CA</arg>
<arg>CC</arg>
<arg>CD</arg>
<arg>CF</arg>
<arg>CG</arg>
<arg>CH</arg>
<arg>CI</arg>
<arg>CK</arg>
<arg>CL</arg>
<arg>CM</arg>
<arg>CN</arg>
<arg>CO</arg>
<arg>CR</arg>
<arg>CU</arg>
<arg>CV</arg>
<arg>CW</arg>
<arg>CX</arg>
<arg>CY</arg>
<arg>CZ</arg>
<arg>DE</arg>
<arg>DJ</arg>
<arg>DK</arg>
<arg>DM</arg>
<arg>DO</arg>
<arg>DZ</arg>
<arg>EC</arg>
<arg>EE</arg>
<arg>EG</arg>
<arg>EH</arg>
<arg>ER</arg>
<arg>ES</arg>
<arg>ET</arg>
<arg>FI</arg>
<arg>FJ</arg>
<arg>FK</arg>
<arg>FM</arg>
<arg>FO</arg>
<arg>FR</arg>
<arg>GA</arg>
<arg>GB</arg>
<arg>GD</arg>
<arg>GE</arg>
<arg>GF</arg>
<arg>GG</arg>
<arg>GH</arg>
<arg>GI</arg>
<arg>GL</arg>
<arg>GM</arg>
<arg>GN</arg>
<arg>GP</arg>
<arg>GQ</arg>
<arg>GR</arg>
<arg>GS</arg>
<arg>GT</arg>
<arg>GU</arg>
<arg>GW</arg>
<arg>GY</arg>
<arg>HK</arg>
<arg>HM</arg>
<arg>HN</arg>
<arg>HR</arg>
<arg>HT</arg>
<arg>HU</arg>
<arg>ID</arg>
<arg>IE</arg>
<arg>IL</arg>
<arg>IM</arg>
<arg>IN</arg>
<arg>IO</arg>
<arg>IQ</arg>
<arg>IR</arg>
<arg>IS</arg>
<arg>IT</arg>
<arg>JE</arg>
<arg>JM</arg>
<arg>JO</arg>
<arg>JP</arg>
<arg>KE</arg>
<arg>KG</arg>
<arg>KH</arg>
<arg>KI</arg>
<arg>KM</arg>
<arg>KN</arg>
<arg>KP</arg>
<arg>KR</arg>
<arg>KW</arg>
<arg>KY</arg>
<arg>KZ</arg>
<arg>LA</arg>
<arg>LB</arg>
<arg>LC</arg>
<arg>LI</arg>
<arg>LK</arg>
<arg>LR</arg>
<arg>LS</arg>
<arg>LT</arg>
<arg>LU</arg>
<arg>LV</arg>
<arg>LY</arg>
<arg>MA</arg>
<arg>MC</arg>
<arg>MD</arg>
<arg>ME</arg>
<arg>MF</arg>
<arg>MG</arg>
<arg>MH</arg>
<arg>MK</arg>
<arg>ML</arg>
<arg>MM</arg>
<arg>MN</arg>
<arg>MO</arg>
<arg>MP</arg>
<arg>MQ</arg>
<arg>MR</arg>
<arg>MS</arg>
<arg>MT</arg>
<arg>MU</arg>
<arg>MV</arg>
<arg>MW</arg>
<arg>MX</arg>
<arg>MY</arg>
<arg>MZ</arg>
<arg>NA</arg>
<arg>NC</arg>
<arg>NE</arg>
<arg>NF</arg>
<arg>NG</arg>
<arg>NI</arg>
<arg>NL</arg>
<arg>NO</arg>
<arg>NP</arg>
<arg>NR</arg>
<arg>NU</arg>
<arg>NZ</arg>
<arg>OM</arg>
<arg>PA</arg>
<arg>PE</arg>
<arg>PF</arg>
<arg>PG</arg>
<arg>PH</arg>
<arg>PK</arg>
<arg>PL</arg>
<arg>PM</arg>
<arg>PN</arg>
<arg>PR</arg>
<arg>PS</arg>
<arg>PT</arg>
<arg>PW</arg>
<arg>PY</arg>
<arg>QA</arg>
<arg>RE</arg>
<arg>RO</arg>
<arg>RS</arg>
<arg>RU</arg>
<arg>RW</arg>
<arg>SA</arg>
<arg>SB</arg>
<arg>SC</arg>
<arg>SD</arg>
<arg>SE</arg>
<arg>SG</arg>
<arg>SH</arg>
<arg>SI</arg>
<arg>SJ</arg>
<arg>SK</arg>
<arg>SL</arg>
<arg>SM</arg>
<arg>SN</arg>
<arg>SO</arg>
<arg>SR</arg>
<arg>SS</arg>
<arg>ST</arg>
<arg>SV</arg>
<arg>SX</arg>
<arg>SY</arg>
<arg>SZ</arg>
<arg>TC</arg>
<arg>TD</arg>
<arg>TF</arg>
<arg>TG</arg>
<arg>TH</arg>
<arg>TJ</arg>
<arg>TK</arg>
<arg>TL</arg>
<arg>TM</arg>
<arg>TN</arg>
<arg>TO</arg>
<arg>TR</arg>
<arg>TT</arg>
<arg>TV</arg>
<arg>TW</arg>
<arg>TZ</arg>
<arg>UA</arg>
<arg>UG</arg>
<arg>UM</arg>
<arg>US</arg>
<arg>UY</arg>
<arg>UZ</arg>
<arg>VA</arg>
<arg>VC</arg>
<arg>VE</arg>
<arg>VG</arg>
<arg>VI</arg>
<arg>VN</arg>
<arg>VU</arg>
<arg>WF</arg>
<arg>WS</arg>
<arg>XK</arg>
<arg>YE</arg>
<arg>YT</arg>
<arg>ZA</arg>
<arg>ZM</arg>
<arg>ZW</arg>
<doc>Returns a list containing given items.</doc>
<status status="PASS" start="2024-04-09T04:17:33.047385" elapsed="0.000624"/>
</kw>
<kw name="List Should Contain Value" owner="Collections">
<msg time="2024-04-09T04:17:33.049002" level="INFO">False</msg>
<arg>${list_country}</arg>
<arg>${name_country}</arg>
<doc>Fails if the ``value`` is not found from ``list``.</doc>
<status status="PASS" start="2024-04-09T04:17:33.048800" elapsed="0.000240"/>
</kw>
<kw name="Run Keyword If" owner="BuiltIn">
<kw name="Should Be True" owner="BuiltIn">
<arg>${True}</arg>
<doc>Fails if the given condition is not true.</doc>
<status status="PASS" start="2024-04-09T04:17:33.050253" elapsed="0.000156"/>
</kw>
<arg>${json_data["results"][0]["location"]["coordinates"]["latitude"]} &gt;= -90 and ${json_data["results"][0]["location"]["coordinates"]["latitude"]} &lt;= 90</arg>
<arg>Should Be True</arg>
<arg>${True}</arg>
<doc>Runs the given keyword with the given arguments, if ``condition`` is true.</doc>
<status status="PASS" start="2024-04-09T04:17:33.049354" elapsed="0.001186"/>
</kw>
<kw name="Run Keyword If" owner="BuiltIn">
<kw name="Should Be True" owner="BuiltIn">
<arg>${True}</arg>
<doc>Fails if the given condition is not true.</doc>
<status status="PASS" start="2024-04-09T04:17:33.051447" elapsed="0.000139"/>
</kw>
<arg>${json_data["results"][0]["location"]["coordinates"]["longitude"]} &gt;= -180 and ${json_data["results"][0]["location"]["coordinates"]["longitude"]} &lt;= 180</arg>
<arg>Should Be True</arg>
<arg>${True}</arg>
<doc>Runs the given keyword with the given arguments, if ``condition`` is true.</doc>
<status status="PASS" start="2024-04-09T04:17:33.050726" elapsed="0.000985"/>
</kw>
<status status="PASS" start="2024-04-09T04:17:32.950595" elapsed="0.101250"/>
</kw>
<doc>Testa o conteúdo específico dos campos retornados pela API.</doc>
<tag>testeConteudo</tag>
<status status="PASS" start="2024-04-09T04:17:32.950018" elapsed="0.101984"/>
</test>
<status status="PASS" start="2024-04-09T04:17:32.261639" elapsed="0.792267"/>
</suite>
<status status="PASS" start="2024-04-09T04:17:32.247032" elapsed="0.812281"/>
</suite>
<statistics>
<total>
<stat pass="5" fail="0" skip="0">All Tests</stat>
</total>
<tag>
<stat pass="1" fail="0" skip="0">testeConteudo</stat>
<stat pass="1" fail="0" skip="0">testeEstruturaResposta</stat>
<stat pass="1" fail="0" skip="0">testeRequisicaoBasica</stat>
<stat pass="1" fail="0" skip="0">testeTiposDados</stat>
</tag>
<suite>
<stat pass="5" fail="0" skip="0" id="s1" name="Tests">Tests</stat>
<stat pass="5" fail="0" skip="0" id="s1-s1" name="Random-User-Test">Tests.Random-User-Test</stat>
</suite>
</statistics>
<errors>
</errors>
</robot>
