<?xml version="1.0" encoding="UTF-8"?>
<robot generator="Robot 7.0 (Python 3.12.3 on linux)" generated="2024-04-18T01:54:12.926641" rpa="false" schemaversion="5">
<suite id="s1" name="Tests" source="/home/runner/work/DesafioQAItauRogerioJordao/DesafioQAItauRogerioJordao/RamdonUser/tests">
<suite id="s1-s1" name="Random-User-Test" source="/home/runner/work/DesafioQAItauRogerioJordao/DesafioQAItauRogerioJordao/RamdonUser/tests/random-user-test.robot">
<test id="s1-s1-t1" name="Conectar" line="13">
<kw name="Conectar API" owner="random-user-service">
<kw name="Create Session" owner="RequestsLibrary">
<msg time="2024-04-18T01:54:13.294073" level="INFO">Creating Session using : alias=consultarAPI, url=https://randomuser.me/, headers={},                     cookies={}, auth=None, timeout=None, proxies=None, verify=False,                     debug=0 </msg>
<arg>consultarAPI</arg>
<arg>${URL}</arg>
<doc>Create Session: create a HTTP session to a server</doc>
<status status="PASS" start="2024-04-18T01:54:13.293877" elapsed="0.000361"/>
</kw>
<status status="PASS" start="2024-04-18T01:54:13.292932" elapsed="0.001652"/>
</kw>
<status status="PASS" start="2024-04-18T01:54:13.292414" elapsed="0.002358"/>
</test>
<test id="s1-s1-t2" name="Validar retorno 200 e JSON Válido" line="16">
<kw name="Teste de Requisicao Basica" owner="random-user-service">
<kw name="GET On Session" owner="RequestsLibrary">
<msg time="2024-04-18T01:54:13.480842" level="INFO">GET Request : url=https://randomuser.me/api 
 path_url=/api 
 headers={'User-Agent': 'python-requests/2.31.0', 'Accept-Encoding': 'gzip, deflate', 'Accept': '*/*', 'Connection': 'keep-alive'} 
 body=None 
 </msg>
<msg time="2024-04-18T01:54:13.480982" level="INFO">GET Response : url=https://randomuser.me/api 
 status=200, reason=OK 
 headers={'Date': 'Thu, 18 Apr 2024 01:54:13 GMT', 'Content-Type': 'application/json; charset=utf-8', 'Transfer-Encoding': 'chunked', 'Connection': 'keep-alive', 'X-Powered-By': 'Express', 'Access-Control-Allow-Origin': '*', 'Cache-Control': 'no-cache', 'ETag': 'W/"48f-q4I2Kh64gJlSzWK3BdOdqHA9LTc"', 'Vary': 'Accept-Encoding', 'Content-Encoding': 'gzip', 'CF-Cache-Status': 'DYNAMIC', 'Report-To': '{"endpoints":[{"url":"https:\\/\\/a.nel.cloudflare.com\\/report\\/v4?s=s0dFM8W389aHFWQc5GeOQVLf4%2FED7WHEyGyewM%2FWlZ1S3AMqZgG5Mekf9twM%2FP9KhRceUTKxjeB%2FIpMPRS%2FIs33FNTh7rurisoWf7MRjUdeSMjKtsF18CUrr8ifLLx1%2F"}],"group":"cf-nel","max_age":604800}', 'NEL': '{"success_fraction":0,"report_to":"cf-nel","max_age":604800}', 'Server': 'cloudflare', 'CF-RAY': '87610692087339ac-IAD', 'alt-svc': 'h3=":443"; ma=86400'} 
 body={"results":[{"gender":"male","name":{"title":"Mr","first":"Abel","last":"Riojas"},"location":{"street":{"number":8220,"name":"Viaducto Ucrania"},"city":"Morelos","state":"Chihuahua","country":"Mexico","postcode":43014,"coordinates":{"latitude":"25.8972","longitude":"-51.1861"},"timezone":{"offset":"+4:00","description":"Abu Dhabi, Muscat, Baku, Tbilisi"}},"email":"abel.riojas@example.com","login":{"uuid":"0c9df825-8593-4b07-a12d-0692b4778458","username":"blackswan111","password":"asdfghjk","salt":"FvLoRaBQ","md5":"e9d464876d7539f87f804edcae04a047","sha1":"e106e31b2ec9a5fae0414d6924ebdbeb196b2c63","sha256":"fcb5893b826a6050b77865643047792a1b9e1383126eaa3c8db67a30d3381406"},"dob":{"date":"1967-04-01T22:50:41.916Z","age":57},"registered":{"date":"2014-09-12T07:22:19.740Z","age":9},"phone":"(672) 445 2352","cell":"(639) 172 2779","id":{"name":"NSS","value":"62 66 47 6530 8"},"picture":{"large":"https://randomuser.me/api/portraits/men/16.jpg","medium":"https://randomuser.me/api/portraits/med/men/16.jpg","thumbnail":"https://randomuser.me/api/portraits/thumb/men/16.jpg"},"nat":"MX"}],"info":{"seed":"3e7b532fa8a9966c","results":1,"page":1,"version":"1.4"}} 
 </msg>
<msg time="2024-04-18T01:54:13.481062" level="INFO">/opt/hostedtoolcache/Python/3.12.3/x64/lib/python3.12/site-packages/urllib3/connectionpool.py:1103: InsecureRequestWarning: Unverified HTTPS request is being made to host 'randomuser.me'. Adding certificate verification is strongly advised. See: https://urllib3.readthedocs.io/en/latest/advanced-usage.html#tls-warnings
  warnings.warn(</msg>
<msg time="2024-04-18T01:54:13.481202" level="INFO">${response} = &lt;Response [200]&gt;</msg>
<var>${response}</var>
<arg>consultarAPI</arg>
<arg>/api</arg>
<doc>Sends a GET request on a previously created HTTP Session.</doc>
<status status="PASS" start="2024-04-18T01:54:13.297326" elapsed="0.183919"/>
</kw>
<kw name="Should Be Equal As Numbers" owner="BuiltIn">
<msg time="2024-04-18T01:54:13.482405" level="INFO">Argument types are:
&lt;class 'int'&gt;
&lt;class 'str'&gt;</msg>
<arg>${response.status_code}</arg>
<arg>200</arg>
<doc>Fails if objects are unequal after converting them to real numbers.</doc>
<status status="PASS" start="2024-04-18T01:54:13.481757" elapsed="0.000719"/>
</kw>
<kw name="Log" owner="BuiltIn">
<msg time="2024-04-18T01:54:13.483221" level="INFO">200</msg>
<arg>${response.status_code}</arg>
<doc>Logs the given message with the given level.</doc>
<status status="PASS" start="2024-04-18T01:54:13.482870" elapsed="0.000394"/>
</kw>
<kw name="Set Variable" owner="BuiltIn">
<msg time="2024-04-18T01:54:13.484197" level="INFO">${json_data} = {'results': [{'gender': 'male', 'name': {'title': 'Mr', 'first': 'Abel', 'last': 'Riojas'}, 'location': {'street': {'number': 8220, 'name': 'Viaducto Ucrania'}, 'city': 'Morelos', 'state': 'Chihuahua'...</msg>
<var>${json_data}</var>
<arg>${response.json()}</arg>
<doc>Returns the given values which can then be assigned to a variables.</doc>
<status status="PASS" start="2024-04-18T01:54:13.483570" elapsed="0.000674"/>
</kw>
<kw name="Dictionary Should Contain Key" owner="Collections">
<msg time="2024-04-18T01:54:13.484922" level="INFO">False</msg>
<arg>${json_data}</arg>
<arg>results</arg>
<doc>Fails if ``key`` is not found from ``dictionary``.</doc>
<status status="PASS" start="2024-04-18T01:54:13.484699" elapsed="0.000292"/>
</kw>
<status status="PASS" start="2024-04-18T01:54:13.297078" elapsed="0.188192"/>
</kw>
<doc>Testa se a API responde corretamente e retorna um objeto JSON válido.</doc>
<tag>testeRequisicaoBasica</tag>
<status status="PASS" start="2024-04-18T01:54:13.296617" elapsed="0.188839"/>
</test>
<test id="s1-s1-t3" name="Validar estrutura de resposta" line="22">
<kw name="Teste de Estrutura de Resposta" owner="random-user-service">
<kw name="GET On Session" owner="RequestsLibrary">
<msg time="2024-04-18T01:54:13.579846" level="INFO">GET Request : url=https://randomuser.me/api 
 path_url=/api 
 headers={'User-Agent': 'python-requests/2.31.0', 'Accept-Encoding': 'gzip, deflate', 'Accept': '*/*', 'Connection': 'keep-alive'} 
 body=None 
 </msg>
<msg time="2024-04-18T01:54:13.579937" level="INFO">GET Response : url=https://randomuser.me/api 
 status=200, reason=OK 
 headers={'Date': 'Thu, 18 Apr 2024 01:54:13 GMT', 'Content-Type': 'application/json; charset=utf-8', 'Transfer-Encoding': 'chunked', 'Connection': 'keep-alive', 'X-Powered-By': 'Express', 'Access-Control-Allow-Origin': '*', 'Cache-Control': 'no-cache', 'ETag': 'W/"474-t+Gg0ztmSOOacnxjK59Yh8afcU8"', 'Vary': 'Accept-Encoding', 'Content-Encoding': 'gzip', 'CF-Cache-Status': 'DYNAMIC', 'Report-To': '{"endpoints":[{"url":"https:\\/\\/a.nel.cloudflare.com\\/report\\/v4?s=A6fQQl4eqIiNQM%2F%2BsYr7VyRIE5N79vFXPkBmucOvUrvPhiq9KVekN%2FFaMVvwK%2BRd91808N9f4Hm7CNKLPmvReqd58sJkhcNW60m26Mfy2W2N0zVBBF3rR9mUd5mDFtzp"}],"group":"cf-nel","max_age":604800}', 'NEL': '{"success_fraction":0,"report_to":"cf-nel","max_age":604800}', 'Server': 'cloudflare', 'CF-RAY': '8761069258dd39ac-IAD', 'alt-svc': 'h3=":443"; ma=86400'} 
 body={"results":[{"gender":"male","name":{"title":"Mr","first":"مانی","last":"رضایی"},"location":{"street":{"number":5628,"name":"میدان توحید"},"city":"کرمانشاه","state":"فارس","country":"Iran","postcode":95121,"coordinates":{"latitude":"18.5331","longitude":"-94.0735"},"timezone":{"offset":"-2:00","description":"Mid-Atlantic"}},"email":"mny.rdyy@example.com","login":{"uuid":"a369be8f-59f4-4370-b01a-be8acb83a98e","username":"bigmouse747","password":"4128","salt":"tJ7qnEbl","md5":"21f4120d0ae84c4fe1524333f92be543","sha1":"9c8fae77b0e2a850415cea1da957023783ea8f4a","sha256":"ed3a686522697a900607ac04e9baf994b9915f4af1206d1a7d9357aaa22f2243"},"dob":{"date":"1997-06-28T06:42:39.684Z","age":26},"registered":{"date":"2013-04-16T09:28:43.916Z","age":11},"phone":"077-52655834","cell":"0984-324-9498","id":{"name":"","value":null},"picture":{"large":"https://randomuser.me/api/portraits/men/67.jpg","medium":"https://randomuser.me/api/portraits/med/men/67.jpg","thumbnail":"https://randomuser.me/api/portraits/thumb/men/67.jpg"},"nat":"IR"}],"info":{"seed":"33158c11c83ff132","results":1,"page":1,"version":"1.4"}} 
 </msg>
<msg time="2024-04-18T01:54:13.580062" level="INFO">/opt/hostedtoolcache/Python/3.12.3/x64/lib/python3.12/site-packages/urllib3/connectionpool.py:1103: InsecureRequestWarning: Unverified HTTPS request is being made to host 'randomuser.me'. Adding certificate verification is strongly advised. See: https://urllib3.readthedocs.io/en/latest/advanced-usage.html#tls-warnings
  warnings.warn(</msg>
<msg time="2024-04-18T01:54:13.580175" level="INFO">${response} = &lt;Response [200]&gt;</msg>
<var>${response}</var>
<arg>consultarAPI</arg>
<arg>/api</arg>
<doc>Sends a GET request on a previously created HTTP Session.</doc>
<status status="PASS" start="2024-04-18T01:54:13.488514" elapsed="0.091699"/>
</kw>
<kw name="Set Variable" owner="BuiltIn">
<msg time="2024-04-18T01:54:13.581238" level="INFO">${json_data} = {'results': [{'gender': 'male', 'name': {'title': 'Mr', 'first': 'مانی', 'last': 'رضایی'}, 'location': {'street': {'number': 5628, 'name': 'میدان توحید'}, 'city': 'کرمانشاه', 'state': 'فارس', 'country...</msg>
<var>${json_data}</var>
<arg>${response.json()}</arg>
<doc>Returns the given values which can then be assigned to a variables.</doc>
<status status="PASS" start="2024-04-18T01:54:13.580715" elapsed="0.000554"/>
</kw>
<kw name="Log" owner="BuiltIn">
<msg time="2024-04-18T01:54:13.581759" level="INFO">{'results': [{'gender': 'male', 'name': {'title': 'Mr', 'first': 'مانی', 'last': 'رضایی'}, 'location': {'street': {'number': 5628, 'name': 'میدان توحید'}, 'city': 'کرمانشاه', 'state': 'فارس', 'country': 'Iran', 'postcode': 95121, 'coordinates': {'latitude': '18.5331', 'longitude': '-94.0735'}, 'timezone': {'offset': '-2:00', 'description': 'Mid-Atlantic'}}, 'email': 'mny.rdyy@example.com', 'login': {'uuid': 'a369be8f-59f4-4370-b01a-be8acb83a98e', 'username': 'bigmouse747', 'password': '4128', 'salt': 'tJ7qnEbl', 'md5': '21f4120d0ae84c4fe1524333f92be543', 'sha1': '9c8fae77b0e2a850415cea1da957023783ea8f4a', 'sha256': 'ed3a686522697a900607ac04e9baf994b9915f4af1206d1a7d9357aaa22f2243'}, 'dob': {'date': '1997-06-28T06:42:39.684Z', 'age': 26}, 'registered': {'date': '2013-04-16T09:28:43.916Z', 'age': 11}, 'phone': '077-52655834', 'cell': '0984-324-9498', 'id': {'name': '', 'value': None}, 'picture': {'large': 'https://randomuser.me/api/portraits/men/67.jpg', 'medium': 'https://randomuser.me/api/portraits/med/men/67.jpg', 'thumbnail': 'https://randomuser.me/api/portraits/thumb/men/67.jpg'}, 'nat': 'IR'}], 'info': {'seed': '33158c11c83ff132', 'results': 1, 'page': 1, 'version': '1.4'}}</msg>
<arg>${json_data}</arg>
<doc>Logs the given message with the given level.</doc>
<status status="PASS" start="2024-04-18T01:54:13.581593" elapsed="0.000264"/>
</kw>
<kw name="Dictionary Should Contain Key" owner="Collections">
<msg time="2024-04-18T01:54:13.582337" level="INFO">False</msg>
<arg>${json_data}</arg>
<arg>results</arg>
<doc>Fails if ``key`` is not found from ``dictionary``.</doc>
<status status="PASS" start="2024-04-18T01:54:13.582170" elapsed="0.000205"/>
</kw>
<kw name="Should Not Be Empty" owner="BuiltIn">
<msg time="2024-04-18T01:54:13.582810" level="INFO">Length is 2.</msg>
<arg>${json_data}</arg>
<doc>Verifies that the given item is not empty.</doc>
<status status="PASS" start="2024-04-18T01:54:13.582674" elapsed="0.000403"/>
</kw>
<kw name="Create List" owner="BuiltIn">
<msg time="2024-04-18T01:54:13.583533" level="INFO">${expected_keys} = ['gender', 'name', 'location', 'email', 'login']</msg>
<var>${expected_keys}</var>
<arg>gender</arg>
<arg>name</arg>
<arg>location</arg>
<arg>email</arg>
<arg>login</arg>
<doc>Returns a list containing given items.</doc>
<status status="PASS" start="2024-04-18T01:54:13.583381" elapsed="0.000176"/>
</kw>
<for flavor="IN">
<iter>
<kw name="Dictionary Should Contain Key" owner="Collections">
<msg time="2024-04-18T01:54:13.584609" level="INFO">False</msg>
<arg>${json_data['results'][0]}</arg>
<arg>${key}</arg>
<doc>Fails if ``key`` is not found from ``dictionary``.</doc>
<status status="PASS" start="2024-04-18T01:54:13.584193" elapsed="0.000456"/>
</kw>
<kw name="Log" owner="BuiltIn">
<msg time="2024-04-18T01:54:13.585324" level="INFO">{'gender': 'male', 'name': {'title': 'Mr', 'first': 'مانی', 'last': 'رضایی'}, 'location': {'street': {'number': 5628, 'name': 'میدان توحید'}, 'city': 'کرمانشاه', 'state': 'فارس', 'country': 'Iran', 'postcode': 95121, 'coordinates': {'latitude': '18.5331', 'longitude': '-94.0735'}, 'timezone': {'offset': '-2:00', 'description': 'Mid-Atlantic'}}, 'email': 'mny.rdyy@example.com', 'login': {'uuid': 'a369be8f-59f4-4370-b01a-be8acb83a98e', 'username': 'bigmouse747', 'password': '4128', 'salt': 'tJ7qnEbl', 'md5': '21f4120d0ae84c4fe1524333f92be543', 'sha1': '9c8fae77b0e2a850415cea1da957023783ea8f4a', 'sha256': 'ed3a686522697a900607ac04e9baf994b9915f4af1206d1a7d9357aaa22f2243'}, 'dob': {'date': '1997-06-28T06:42:39.684Z', 'age': 26}, 'registered': {'date': '2013-04-16T09:28:43.916Z', 'age': 11}, 'phone': '077-52655834', 'cell': '0984-324-9498', 'id': {'name': '', 'value': None}, 'picture': {'large': 'https://randomuser.me/api/portraits/men/67.jpg', 'medium': 'https://randomuser.me/api/portraits/med/men/67.jpg', 'thumbnail': 'https://randomuser.me/api/portraits/thumb/men/67.jpg'}, 'nat': 'IR'}</msg>
<arg>${json_data['results'][0]}</arg>
<doc>Logs the given message with the given level.</doc>
<status status="PASS" start="2024-04-18T01:54:13.584952" elapsed="0.000423"/>
</kw>
<kw name="Log" owner="BuiltIn">
<msg time="2024-04-18T01:54:13.585824" level="INFO">gender</msg>
<arg>${key}</arg>
<doc>Logs the given message with the given level.</doc>
<status status="PASS" start="2024-04-18T01:54:13.585674" elapsed="0.000191"/>
</kw>
<var name="${key}">gender</var>
<status status="PASS" start="2024-04-18T01:54:13.584058" elapsed="0.002032"/>
</iter>
<iter>
<kw name="Dictionary Should Contain Key" owner="Collections">
<msg time="2024-04-18T01:54:13.586798" level="INFO">False</msg>
<arg>${json_data['results'][0]}</arg>
<arg>${key}</arg>
<doc>Fails if ``key`` is not found from ``dictionary``.</doc>
<status status="PASS" start="2024-04-18T01:54:13.586399" elapsed="0.000439"/>
</kw>
<kw name="Log" owner="BuiltIn">
<msg time="2024-04-18T01:54:13.587531" level="INFO">{'gender': 'male', 'name': {'title': 'Mr', 'first': 'مانی', 'last': 'رضایی'}, 'location': {'street': {'number': 5628, 'name': 'میدان توحید'}, 'city': 'کرمانشاه', 'state': 'فارس', 'country': 'Iran', 'postcode': 95121, 'coordinates': {'latitude': '18.5331', 'longitude': '-94.0735'}, 'timezone': {'offset': '-2:00', 'description': 'Mid-Atlantic'}}, 'email': 'mny.rdyy@example.com', 'login': {'uuid': 'a369be8f-59f4-4370-b01a-be8acb83a98e', 'username': 'bigmouse747', 'password': '4128', 'salt': 'tJ7qnEbl', 'md5': '21f4120d0ae84c4fe1524333f92be543', 'sha1': '9c8fae77b0e2a850415cea1da957023783ea8f4a', 'sha256': 'ed3a686522697a900607ac04e9baf994b9915f4af1206d1a7d9357aaa22f2243'}, 'dob': {'date': '1997-06-28T06:42:39.684Z', 'age': 26}, 'registered': {'date': '2013-04-16T09:28:43.916Z', 'age': 11}, 'phone': '077-52655834', 'cell': '0984-324-9498', 'id': {'name': '', 'value': None}, 'picture': {'large': 'https://randomuser.me/api/portraits/men/67.jpg', 'medium': 'https://randomuser.me/api/portraits/med/men/67.jpg', 'thumbnail': 'https://randomuser.me/api/portraits/thumb/men/67.jpg'}, 'nat': 'IR'}</msg>
<arg>${json_data['results'][0]}</arg>
<doc>Logs the given message with the given level.</doc>
<status status="PASS" start="2024-04-18T01:54:13.587164" elapsed="0.000418"/>
</kw>
<kw name="Log" owner="BuiltIn">
<msg time="2024-04-18T01:54:13.588012" level="INFO">name</msg>
<arg>${key}</arg>
<doc>Logs the given message with the given level.</doc>
<status status="PASS" start="2024-04-18T01:54:13.587884" elapsed="0.000166"/>
</kw>
<var name="${key}">name</var>
<status status="PASS" start="2024-04-18T01:54:13.586283" elapsed="0.001984"/>
</iter>
<iter>
<kw name="Dictionary Should Contain Key" owner="Collections">
<msg time="2024-04-18T01:54:13.588951" level="INFO">False</msg>
<arg>${json_data['results'][0]}</arg>
<arg>${key}</arg>
<doc>Fails if ``key`` is not found from ``dictionary``.</doc>
<status status="PASS" start="2024-04-18T01:54:13.588560" elapsed="0.000430"/>
</kw>
<kw name="Log" owner="BuiltIn">
<msg time="2024-04-18T01:54:13.589669" level="INFO">{'gender': 'male', 'name': {'title': 'Mr', 'first': 'مانی', 'last': 'رضایی'}, 'location': {'street': {'number': 5628, 'name': 'میدان توحید'}, 'city': 'کرمانشاه', 'state': 'فارس', 'country': 'Iran', 'postcode': 95121, 'coordinates': {'latitude': '18.5331', 'longitude': '-94.0735'}, 'timezone': {'offset': '-2:00', 'description': 'Mid-Atlantic'}}, 'email': 'mny.rdyy@example.com', 'login': {'uuid': 'a369be8f-59f4-4370-b01a-be8acb83a98e', 'username': 'bigmouse747', 'password': '4128', 'salt': 'tJ7qnEbl', 'md5': '21f4120d0ae84c4fe1524333f92be543', 'sha1': '9c8fae77b0e2a850415cea1da957023783ea8f4a', 'sha256': 'ed3a686522697a900607ac04e9baf994b9915f4af1206d1a7d9357aaa22f2243'}, 'dob': {'date': '1997-06-28T06:42:39.684Z', 'age': 26}, 'registered': {'date': '2013-04-16T09:28:43.916Z', 'age': 11}, 'phone': '077-52655834', 'cell': '0984-324-9498', 'id': {'name': '', 'value': None}, 'picture': {'large': 'https://randomuser.me/api/portraits/men/67.jpg', 'medium': 'https://randomuser.me/api/portraits/med/men/67.jpg', 'thumbnail': 'https://randomuser.me/api/portraits/thumb/men/67.jpg'}, 'nat': 'IR'}</msg>
<arg>${json_data['results'][0]}</arg>
<doc>Logs the given message with the given level.</doc>
<status status="PASS" start="2024-04-18T01:54:13.589299" elapsed="0.000420"/>
</kw>
<kw name="Log" owner="BuiltIn">
<msg time="2024-04-18T01:54:13.590173" level="INFO">location</msg>
<arg>${key}</arg>
<doc>Logs the given message with the given level.</doc>
<status status="PASS" start="2024-04-18T01:54:13.590047" elapsed="0.000165"/>
</kw>
<var name="${key}">location</var>
<status status="PASS" start="2024-04-18T01:54:13.588446" elapsed="0.001989"/>
</iter>
<iter>
<kw name="Dictionary Should Contain Key" owner="Collections">
<msg time="2024-04-18T01:54:13.591103" level="INFO">False</msg>
<arg>${json_data['results'][0]}</arg>
<arg>${key}</arg>
<doc>Fails if ``key`` is not found from ``dictionary``.</doc>
<status status="PASS" start="2024-04-18T01:54:13.590718" elapsed="0.000424"/>
</kw>
<kw name="Log" owner="BuiltIn">
<msg time="2024-04-18T01:54:13.591825" level="INFO">{'gender': 'male', 'name': {'title': 'Mr', 'first': 'مانی', 'last': 'رضایی'}, 'location': {'street': {'number': 5628, 'name': 'میدان توحید'}, 'city': 'کرمانشاه', 'state': 'فارس', 'country': 'Iran', 'postcode': 95121, 'coordinates': {'latitude': '18.5331', 'longitude': '-94.0735'}, 'timezone': {'offset': '-2:00', 'description': 'Mid-Atlantic'}}, 'email': 'mny.rdyy@example.com', 'login': {'uuid': 'a369be8f-59f4-4370-b01a-be8acb83a98e', 'username': 'bigmouse747', 'password': '4128', 'salt': 'tJ7qnEbl', 'md5': '21f4120d0ae84c4fe1524333f92be543', 'sha1': '9c8fae77b0e2a850415cea1da957023783ea8f4a', 'sha256': 'ed3a686522697a900607ac04e9baf994b9915f4af1206d1a7d9357aaa22f2243'}, 'dob': {'date': '1997-06-28T06:42:39.684Z', 'age': 26}, 'registered': {'date': '2013-04-16T09:28:43.916Z', 'age': 11}, 'phone': '077-52655834', 'cell': '0984-324-9498', 'id': {'name': '', 'value': None}, 'picture': {'large': 'https://randomuser.me/api/portraits/men/67.jpg', 'medium': 'https://randomuser.me/api/portraits/med/men/67.jpg', 'thumbnail': 'https://randomuser.me/api/portraits/thumb/men/67.jpg'}, 'nat': 'IR'}</msg>
<arg>${json_data['results'][0]}</arg>
<doc>Logs the given message with the given level.</doc>
<status status="PASS" start="2024-04-18T01:54:13.591443" elapsed="0.000432"/>
</kw>
<kw name="Log" owner="BuiltIn">
<msg time="2024-04-18T01:54:13.592302" level="INFO">email</msg>
<arg>${key}</arg>
<doc>Logs the given message with the given level.</doc>
<status status="PASS" start="2024-04-18T01:54:13.592174" elapsed="0.000165"/>
</kw>
<var name="${key}">email</var>
<status status="PASS" start="2024-04-18T01:54:13.590607" elapsed="0.001950"/>
</iter>
<iter>
<kw name="Dictionary Should Contain Key" owner="Collections">
<msg time="2024-04-18T01:54:13.593217" level="INFO">False</msg>
<arg>${json_data['results'][0]}</arg>
<arg>${key}</arg>
<doc>Fails if ``key`` is not found from ``dictionary``.</doc>
<status status="PASS" start="2024-04-18T01:54:13.592837" elapsed="0.000419"/>
</kw>
<kw name="Log" owner="BuiltIn">
<msg time="2024-04-18T01:54:13.593941" level="INFO">{'gender': 'male', 'name': {'title': 'Mr', 'first': 'مانی', 'last': 'رضایی'}, 'location': {'street': {'number': 5628, 'name': 'میدان توحید'}, 'city': 'کرمانشاه', 'state': 'فارس', 'country': 'Iran', 'postcode': 95121, 'coordinates': {'latitude': '18.5331', 'longitude': '-94.0735'}, 'timezone': {'offset': '-2:00', 'description': 'Mid-Atlantic'}}, 'email': 'mny.rdyy@example.com', 'login': {'uuid': 'a369be8f-59f4-4370-b01a-be8acb83a98e', 'username': 'bigmouse747', 'password': '4128', 'salt': 'tJ7qnEbl', 'md5': '21f4120d0ae84c4fe1524333f92be543', 'sha1': '9c8fae77b0e2a850415cea1da957023783ea8f4a', 'sha256': 'ed3a686522697a900607ac04e9baf994b9915f4af1206d1a7d9357aaa22f2243'}, 'dob': {'date': '1997-06-28T06:42:39.684Z', 'age': 26}, 'registered': {'date': '2013-04-16T09:28:43.916Z', 'age': 11}, 'phone': '077-52655834', 'cell': '0984-324-9498', 'id': {'name': '', 'value': None}, 'picture': {'large': 'https://randomuser.me/api/portraits/men/67.jpg', 'medium': 'https://randomuser.me/api/portraits/med/men/67.jpg', 'thumbnail': 'https://randomuser.me/api/portraits/thumb/men/67.jpg'}, 'nat': 'IR'}</msg>
<arg>${json_data['results'][0]}</arg>
<doc>Logs the given message with the given level.</doc>
<status status="PASS" start="2024-04-18T01:54:13.593551" elapsed="0.000441"/>
</kw>
<kw name="Log" owner="BuiltIn">
<msg time="2024-04-18T01:54:13.594420" level="INFO">login</msg>
<arg>${key}</arg>
<doc>Logs the given message with the given level.</doc>
<status status="PASS" start="2024-04-18T01:54:13.594292" elapsed="0.000166"/>
</kw>
<var name="${key}">login</var>
<status status="PASS" start="2024-04-18T01:54:13.592727" elapsed="0.001953"/>
</iter>
<var>${key}</var>
<value>@{expected_keys}</value>
<status status="PASS" start="2024-04-18T01:54:13.583833" elapsed="0.010967"/>
</for>
<kw name="Create List" owner="BuiltIn">
<msg time="2024-04-18T01:54:13.595165" level="INFO">${expected_keysTwo} = ['username', 'password']</msg>
<var>${expected_keysTwo}</var>
<arg>username</arg>
<arg>password</arg>
<doc>Returns a list containing given items.</doc>
<status status="PASS" start="2024-04-18T01:54:13.595026" elapsed="0.000163"/>
</kw>
<for flavor="IN">
<iter>
<kw name="Dictionary Should Contain Key" owner="Collections">
<msg time="2024-04-18T01:54:13.596093" level="INFO">False</msg>
<arg>${json_data['results'][0]['login']}</arg>
<arg>${keyTwo}</arg>
<doc>Fails if ``key`` is not found from ``dictionary``.</doc>
<status status="PASS" start="2024-04-18T01:54:13.595692" elapsed="0.000438"/>
</kw>
<kw name="Dictionary Should Contain Key" owner="Collections">
<msg time="2024-04-18T01:54:13.596798" level="INFO">False</msg>
<arg>${json_data['results'][0]['login']}</arg>
<arg>${keyTwo}</arg>
<doc>Fails if ``key`` is not found from ``dictionary``.</doc>
<status status="PASS" start="2024-04-18T01:54:13.596422" elapsed="0.000412"/>
</kw>
<kw name="Log" owner="BuiltIn">
<msg time="2024-04-18T01:54:13.597248" level="INFO">username</msg>
<arg>${keyTwo}</arg>
<doc>Logs the given message with the given level.</doc>
<status status="PASS" start="2024-04-18T01:54:13.597122" elapsed="0.000169"/>
</kw>
<var name="${keyTwo}">username</var>
<status status="PASS" start="2024-04-18T01:54:13.595582" elapsed="0.001925"/>
</iter>
<iter>
<kw name="Dictionary Should Contain Key" owner="Collections">
<msg time="2024-04-18T01:54:13.598276" level="INFO">False</msg>
<arg>${json_data['results'][0]['login']}</arg>
<arg>${keyTwo}</arg>
<doc>Fails if ``key`` is not found from ``dictionary``.</doc>
<status status="PASS" start="2024-04-18T01:54:13.597805" elapsed="0.000517"/>
</kw>
<kw name="Dictionary Should Contain Key" owner="Collections">
<msg time="2024-04-18T01:54:13.599007" level="INFO">False</msg>
<arg>${json_data['results'][0]['login']}</arg>
<arg>${keyTwo}</arg>
<doc>Fails if ``key`` is not found from ``dictionary``.</doc>
<status status="PASS" start="2024-04-18T01:54:13.598621" elapsed="0.000423"/>
</kw>
<kw name="Log" owner="BuiltIn">
<msg time="2024-04-18T01:54:13.599465" level="INFO">password</msg>
<arg>${keyTwo}</arg>
<doc>Logs the given message with the given level.</doc>
<status status="PASS" start="2024-04-18T01:54:13.599339" elapsed="0.000164"/>
</kw>
<var name="${keyTwo}">password</var>
<status status="PASS" start="2024-04-18T01:54:13.597676" elapsed="0.002045"/>
</iter>
<var>${keyTwo}</var>
<value>@{expected_keysTwo}</value>
<status status="PASS" start="2024-04-18T01:54:13.595428" elapsed="0.004414"/>
</for>
<status status="PASS" start="2024-04-18T01:54:13.488166" elapsed="0.111818"/>
</kw>
<doc>Testa a estrutura da resposta da API.</doc>
<tag>testeEstruturaResposta</tag>
<status status="PASS" start="2024-04-18T01:54:13.487381" elapsed="0.112767"/>
</test>
<test id="s1-s1-t4" name="Validar tipos de dados" line="28">
<kw name="Teste de Tipos de Dados" owner="random-user-service">
<kw name="GET On Session" owner="RequestsLibrary">
<msg time="2024-04-18T01:54:13.677460" level="INFO">GET Request : url=https://randomuser.me/api 
 path_url=/api 
 headers={'User-Agent': 'python-requests/2.31.0', 'Accept-Encoding': 'gzip, deflate', 'Accept': '*/*', 'Connection': 'keep-alive'} 
 body=None 
 </msg>
<msg time="2024-04-18T01:54:13.677562" level="INFO">GET Response : url=https://randomuser.me/api 
 status=200, reason=OK 
 headers={'Date': 'Thu, 18 Apr 2024 01:54:13 GMT', 'Content-Type': 'application/json; charset=utf-8', 'Transfer-Encoding': 'chunked', 'Connection': 'keep-alive', 'X-Powered-By': 'Express', 'Access-Control-Allow-Origin': '*', 'Cache-Control': 'no-cache', 'ETag': 'W/"491-BDkp/It6f0RstXyd4BmTzHr6sN4"', 'Vary': 'Accept-Encoding', 'Content-Encoding': 'gzip', 'CF-Cache-Status': 'DYNAMIC', 'Report-To': '{"endpoints":[{"url":"https:\\/\\/a.nel.cloudflare.com\\/report\\/v4?s=XmV4fvtls%2BPuhOwt8QvcRqRtTbgRozrVMiMChtimoH2aiBOmgmN%2Fxt%2F5XXAvT8Z5OtmbEGCx9zvL72A3gDO7PGZ0X7KuHYb%2BILAU5JrPuvaKvWcVWJEGtEW1N97KtOk1"}],"group":"cf-nel","max_age":604800}', 'NEL': '{"success_fraction":0,"report_to":"cf-nel","max_age":604800}', 'Server': 'cloudflare', 'CF-RAY': '8761069309cf39ac-IAD', 'alt-svc': 'h3=":443"; ma=86400'} 
 body={"results":[{"gender":"female","name":{"title":"Ms","first":"Scarlett","last":"Bailey"},"location":{"street":{"number":7433,"name":"Ash Dr"},"city":"Round Rock","state":"Florida","country":"United States","postcode":38913,"coordinates":{"latitude":"85.3905","longitude":"83.6026"},"timezone":{"offset":"+7:00","description":"Bangkok, Hanoi, Jakarta"}},"email":"scarlett.bailey@example.com","login":{"uuid":"d0bdb0c2-50d3-46e9-8635-51f4bb1be696","username":"goldengoose165","password":"chuckie","salt":"a1ox3LVy","md5":"531ef22bab8dc42767a04556951f9abf","sha1":"b33a6aa8bcdd2dc9377f3da2f5cf334dec859954","sha256":"8be1cca0f57d6b0d9748b705e469b48af00a95e453d707da189a9ff205a25613"},"dob":{"date":"2000-06-30T03:52:55.594Z","age":23},"registered":{"date":"2007-12-02T04:48:29.782Z","age":16},"phone":"(707) 946-3333","cell":"(889) 386-8460","id":{"name":"SSN","value":"639-76-5054"},"picture":{"large":"https://randomuser.me/api/portraits/women/71.jpg","medium":"https://randomuser.me/api/portraits/med/women/71.jpg","thumbnail":"https://randomuser.me/api/portraits/thumb/women/71.jpg"},"nat":"US"}],"info":{"seed":"644697cc70adfda2","results":1,"page":1,"version":"1.4"}} 
 </msg>
<msg time="2024-04-18T01:54:13.677647" level="INFO">/opt/hostedtoolcache/Python/3.12.3/x64/lib/python3.12/site-packages/urllib3/connectionpool.py:1103: InsecureRequestWarning: Unverified HTTPS request is being made to host 'randomuser.me'. Adding certificate verification is strongly advised. See: https://urllib3.readthedocs.io/en/latest/advanced-usage.html#tls-warnings
  warnings.warn(</msg>
<msg time="2024-04-18T01:54:13.677810" level="INFO">${response} = &lt;Response [200]&gt;</msg>
<var>${response}</var>
<arg>consultarAPI</arg>
<arg>/api</arg>
<doc>Sends a GET request on a previously created HTTP Session.</doc>
<status status="PASS" start="2024-04-18T01:54:13.602658" elapsed="0.075212"/>
</kw>
<kw name="Set Variable" owner="BuiltIn">
<msg time="2024-04-18T01:54:13.678885" level="INFO">${json_data} = {'results': [{'gender': 'female', 'name': {'title': 'Ms', 'first': 'Scarlett', 'last': 'Bailey'}, 'location': {'street': {'number': 7433, 'name': 'Ash Dr'}, 'city': 'Round Rock', 'state': 'Florida', '...</msg>
<var>${json_data}</var>
<arg>${response.json()}</arg>
<doc>Returns the given values which can then be assigned to a variables.</doc>
<status status="PASS" start="2024-04-18T01:54:13.678392" elapsed="0.000521"/>
</kw>
<kw name="Log" owner="BuiltIn">
<msg time="2024-04-18T01:54:13.679368" level="INFO">{'results': [{'gender': 'female', 'name': {'title': 'Ms', 'first': 'Scarlett', 'last': 'Bailey'}, 'location': {'street': {'number': 7433, 'name': 'Ash Dr'}, 'city': 'Round Rock', 'state': 'Florida', 'country': 'United States', 'postcode': 38913, 'coordinates': {'latitude': '85.3905', 'longitude': '83.6026'}, 'timezone': {'offset': '+7:00', 'description': 'Bangkok, Hanoi, Jakarta'}}, 'email': 'scarlett.bailey@example.com', 'login': {'uuid': 'd0bdb0c2-50d3-46e9-8635-51f4bb1be696', 'username': 'goldengoose165', 'password': 'chuckie', 'salt': 'a1ox3LVy', 'md5': '531ef22bab8dc42767a04556951f9abf', 'sha1': 'b33a6aa8bcdd2dc9377f3da2f5cf334dec859954', 'sha256': '8be1cca0f57d6b0d9748b705e469b48af00a95e453d707da189a9ff205a25613'}, 'dob': {'date': '2000-06-30T03:52:55.594Z', 'age': 23}, 'registered': {'date': '2007-12-02T04:48:29.782Z', 'age': 16}, 'phone': '(707) 946-3333', 'cell': '(889) 386-8460', 'id': {'name': 'SSN', 'value': '639-76-5054'}, 'picture': {'large': 'https://randomuser.me/api/portraits/women/71.jpg', 'medium': 'https://randomuser.me/api/portraits/med/women/71.jpg', 'thumbnail': 'https://randomuser.me/api/portraits/thumb/women/71.jpg'}, 'nat': 'US'}], 'info': {'seed': '644697cc70adfda2', 'results': 1, 'page': 1, 'version': '1.4'}}</msg>
<arg>${json_data}</arg>
<doc>Logs the given message with the given level.</doc>
<status status="PASS" start="2024-04-18T01:54:13.679219" elapsed="0.000195"/>
</kw>
<kw name="Should Be String" owner="String">
<arg>${json_data['results'][0]['gender']}</arg>
<doc>Fails if the given ``item`` is not a string.</doc>
<status status="PASS" start="2024-04-18T01:54:13.679741" elapsed="0.000362"/>
</kw>
<kw name="Should Match Regexp" owner="BuiltIn">
<arg>${json_data['results'][0]['email']}</arg>
<arg>^[a-zA-Z0-9._%+-]+@[a-zA-Z0-9.-]+\.[a-zA-Z]{2,}$</arg>
<doc>Fails if ``string`` does not match ``pattern`` as a regular expression.</doc>
<status status="PASS" start="2024-04-18T01:54:13.680293" elapsed="0.000511"/>
</kw>
<kw name="Should Match Regexp" owner="BuiltIn">
<arg>${json_data['results'][0]['dob']['date']}</arg>
<arg>\\d{4}-\\d{2}-\\d{2}T\\d{2}:\\d{2}:\\d{2}\\.\\d{3}Z</arg>
<doc>Fails if ``string`` does not match ``pattern`` as a regular expression.</doc>
<status status="PASS" start="2024-04-18T01:54:13.680995" elapsed="0.000473"/>
</kw>
<kw name="Should Match Regexp" owner="BuiltIn">
<arg>${json_data['results'][0]['registered']['date']}</arg>
<arg>\\d{4}-\\d{2}-\\d{2}T\\d{2}:\\d{2}:\\d{2}\\.\\d{3}Z</arg>
<doc>Fails if ``string`` does not match ``pattern`` as a regular expression.</doc>
<status status="PASS" start="2024-04-18T01:54:13.681656" elapsed="0.000412"/>
</kw>
<kw name="Should Match Regexp" owner="BuiltIn">
<arg>${json_data['results'][0]['picture']['large']}</arg>
<arg>^https?://.*\.(?:png|jpe?g|gif|bmp)$</arg>
<doc>Fails if ``string`` does not match ``pattern`` as a regular expression.</doc>
<status status="PASS" start="2024-04-18T01:54:13.682260" elapsed="0.000458"/>
</kw>
<kw name="Should Match Regexp" owner="BuiltIn">
<arg>${json_data['results'][0]['picture']['medium']}</arg>
<arg>^https?://.*\.(?:png|jpe?g|gif|bmp)$</arg>
<doc>Fails if ``string`` does not match ``pattern`` as a regular expression.</doc>
<status status="PASS" start="2024-04-18T01:54:13.682904" elapsed="0.000353"/>
</kw>
<kw name="Should Match Regexp" owner="BuiltIn">
<arg>${json_data['results'][0]['picture']['thumbnail']}</arg>
<arg>^https?://.*\.(?:png|jpe?g|gif|bmp)$</arg>
<doc>Fails if ``string`` does not match ``pattern`` as a regular expression.</doc>
<status status="PASS" start="2024-04-18T01:54:13.683449" elapsed="0.000355"/>
</kw>
<kw name="Log" owner="BuiltIn">
<msg time="2024-04-18T01:54:13.684302" level="INFO">{'large': 'https://randomuser.me/api/portraits/women/71.jpg', 'medium': 'https://randomuser.me/api/portraits/med/women/71.jpg', 'thumbnail': 'https://randomuser.me/api/portraits/thumb/women/71.jpg'}</msg>
<arg>${json_data['results'][0]['picture']}</arg>
<doc>Logs the given message with the given level.</doc>
<status status="PASS" start="2024-04-18T01:54:13.683983" elapsed="0.000360"/>
</kw>
<status status="PASS" start="2024-04-18T01:54:13.602424" elapsed="0.082171"/>
</kw>
<kw name="Teste de Tipos de Dados - Postcode" owner="random-user-service">
<kw name="GET On Session" owner="RequestsLibrary">
<msg time="2024-04-18T01:54:13.779366" level="INFO">GET Request : url=https://randomuser.me/api 
 path_url=/api 
 headers={'User-Agent': 'python-requests/2.31.0', 'Accept-Encoding': 'gzip, deflate', 'Accept': '*/*', 'Connection': 'keep-alive'} 
 body=None 
 </msg>
<msg time="2024-04-18T01:54:13.779428" level="INFO">GET Response : url=https://randomuser.me/api 
 status=200, reason=OK 
 headers={'Date': 'Thu, 18 Apr 2024 01:54:13 GMT', 'Content-Type': 'application/json; charset=utf-8', 'Transfer-Encoding': 'chunked', 'Connection': 'keep-alive', 'X-Powered-By': 'Express', 'Access-Control-Allow-Origin': '*', 'Cache-Control': 'no-cache', 'ETag': 'W/"49a-659MydtQ7hv19/EN5twvuoiX+RA"', 'Vary': 'Accept-Encoding', 'Content-Encoding': 'gzip', 'CF-Cache-Status': 'DYNAMIC', 'Report-To': '{"endpoints":[{"url":"https:\\/\\/a.nel.cloudflare.com\\/report\\/v4?s=P2Eem3m2thATwXIPvzGCz4HagECZ4cxfJetbKKnyxuC4UZxorbmYMlySZRuGnk2svemNPolCaS3pb2tfVAVKvAHxYCAGrgYNTI3blr37t6cUpx%2F7e%2BswQ2zVfi2p%2Bcac"}],"group":"cf-nel","max_age":604800}', 'NEL': '{"success_fraction":0,"report_to":"cf-nel","max_age":604800}', 'Server': 'cloudflare', 'CF-RAY': '876106938a6839ac-IAD', 'alt-svc': 'h3=":443"; ma=86400'} 
 body={"results":[{"gender":"female","name":{"title":"Mrs","first":"Ramya","last":"Bhardwaj"},"location":{"street":{"number":6554,"name":"Rajpur Rd"},"city":"Bhalswa","state":"Jammu and Kashmir","country":"India","postcode":19118,"coordinates":{"latitude":"12.7939","longitude":"18.5574"},"timezone":{"offset":"-4:00","description":"Atlantic Time (Canada), Caracas, La Paz"}},"email":"ramya.bhardwaj@example.com","login":{"uuid":"9294ab26-19be-49df-ac32-301c1b52321f","username":"blackduck139","password":"chuckie","salt":"MU5JY0PV","md5":"a5df5837912f5ab71bd79be83e7e888c","sha1":"14133a95c6b8a2b919daa7cbe59d01a5519700a3","sha256":"7eab8d29bee21b0cf5e6d412c9e8ebf22f356362aa7061e22db1a114b31fce58"},"dob":{"date":"1949-09-17T06:47:06.602Z","age":74},"registered":{"date":"2017-12-17T11:50:26.203Z","age":6},"phone":"9311119595","cell":"7892537402","id":{"name":"UIDAI","value":"800377583376"},"picture":{"large":"https://randomuser.me/api/portraits/women/10.jpg","medium":"https://randomuser.me/api/portraits/med/women/10.jpg","thumbnail":"https://randomuser.me/api/portraits/thumb/women/10.jpg"},"nat":"IN"}],"info":{"seed":"4985e2f1f6da5fba","results":1,"page":1,"version":"1.4"}} 
 </msg>
<msg time="2024-04-18T01:54:13.779485" level="INFO">/opt/hostedtoolcache/Python/3.12.3/x64/lib/python3.12/site-packages/urllib3/connectionpool.py:1103: InsecureRequestWarning: Unverified HTTPS request is being made to host 'randomuser.me'. Adding certificate verification is strongly advised. See: https://urllib3.readthedocs.io/en/latest/advanced-usage.html#tls-warnings
  warnings.warn(</msg>
<msg time="2024-04-18T01:54:13.779569" level="INFO">${response} = &lt;Response [200]&gt;</msg>
<var>${response}</var>
<arg>consultarAPI</arg>
<arg>/api</arg>
<doc>Sends a GET request on a previously created HTTP Session.</doc>
<status status="PASS" start="2024-04-18T01:54:13.685054" elapsed="0.094537"/>
</kw>
<kw name="Set Variable" owner="BuiltIn">
<msg time="2024-04-18T01:54:13.780469" level="INFO">${json_data} = {'results': [{'gender': 'female', 'name': {'title': 'Mrs', 'first': 'Ramya', 'last': 'Bhardwaj'}, 'location': {'street': {'number': 6554, 'name': 'Rajpur Rd'}, 'city': 'Bhalswa', 'state': 'Jammu and K...</msg>
<var>${json_data}</var>
<arg>${response.json()}</arg>
<doc>Returns the given values which can then be assigned to a variables.</doc>
<status status="PASS" start="2024-04-18T01:54:13.780024" elapsed="0.000473"/>
</kw>
<kw name="Log" owner="BuiltIn">
<msg time="2024-04-18T01:54:13.780945" level="INFO">{'results': [{'gender': 'female', 'name': {'title': 'Mrs', 'first': 'Ramya', 'last': 'Bhardwaj'}, 'location': {'street': {'number': 6554, 'name': 'Rajpur Rd'}, 'city': 'Bhalswa', 'state': 'Jammu and Kashmir', 'country': 'India', 'postcode': 19118, 'coordinates': {'latitude': '12.7939', 'longitude': '18.5574'}, 'timezone': {'offset': '-4:00', 'description': 'Atlantic Time (Canada), Caracas, La Paz'}}, 'email': 'ramya.bhardwaj@example.com', 'login': {'uuid': '9294ab26-19be-49df-ac32-301c1b52321f', 'username': 'blackduck139', 'password': 'chuckie', 'salt': 'MU5JY0PV', 'md5': 'a5df5837912f5ab71bd79be83e7e888c', 'sha1': '14133a95c6b8a2b919daa7cbe59d01a5519700a3', 'sha256': '7eab8d29bee21b0cf5e6d412c9e8ebf22f356362aa7061e22db1a114b31fce58'}, 'dob': {'date': '1949-09-17T06:47:06.602Z', 'age': 74}, 'registered': {'date': '2017-12-17T11:50:26.203Z', 'age': 6}, 'phone': '9311119595', 'cell': '7892537402', 'id': {'name': 'UIDAI', 'value': '800377583376'}, 'picture': {'large': 'https://randomuser.me/api/portraits/women/10.jpg', 'medium': 'https://randomuser.me/api/portraits/med/women/10.jpg', 'thumbnail': 'https://randomuser.me/api/portraits/thumb/women/10.jpg'}, 'nat': 'IN'}], 'info': {'seed': '4985e2f1f6da5fba', 'results': 1, 'page': 1, 'version': '1.4'}}</msg>
<arg>${json_data}</arg>
<doc>Logs the given message with the given level.</doc>
<status status="PASS" start="2024-04-18T01:54:13.780794" elapsed="0.000196"/>
</kw>
<kw name="Should Be Equal As Numbers" owner="BuiltIn">
<arg>${json_data['results'][0]['location']['postcode']}</arg>
<arg>${json_data['results'][0]['location']['postcode']}</arg>
<doc>Fails if objects are unequal after converting them to real numbers.</doc>
<status status="PASS" start="2024-04-18T01:54:13.781413" elapsed="0.000686"/>
</kw>
<kw name="Log" owner="BuiltIn">
<msg time="2024-04-18T01:54:13.782621" level="INFO">19118</msg>
<arg>${json_data['results'][0]['location']['postcode']}</arg>
<doc>Logs the given message with the given level.</doc>
<status status="PASS" start="2024-04-18T01:54:13.782290" elapsed="0.000370"/>
</kw>
<status status="PASS" start="2024-04-18T01:54:13.684819" elapsed="0.098088"/>
</kw>
<doc>Testa se os tipos de dados na resposta da API estão corretos.</doc>
<tag>testeTiposDados</tag>
<status status="PASS" start="2024-04-18T01:54:13.601961" elapsed="0.181105"/>
</test>
<test id="s1-s1-t5" name="Validar conteudo" line="35">
<kw name="Teste de Tipos de Conteudo" owner="random-user-service">
<kw name="GET On Session" owner="RequestsLibrary">
<msg time="2024-04-18T01:54:13.889512" level="INFO">GET Request : url=https://randomuser.me/api 
 path_url=/api 
 headers={'User-Agent': 'python-requests/2.31.0', 'Accept-Encoding': 'gzip, deflate', 'Accept': '*/*', 'Connection': 'keep-alive'} 
 body=None 
 </msg>
<msg time="2024-04-18T01:54:13.889578" level="INFO">GET Response : url=https://randomuser.me/api 
 status=200, reason=OK 
 headers={'Date': 'Thu, 18 Apr 2024 01:54:13 GMT', 'Content-Type': 'application/json; charset=utf-8', 'Transfer-Encoding': 'chunked', 'Connection': 'keep-alive', 'X-Powered-By': 'Express', 'Access-Control-Allow-Origin': '*', 'Cache-Control': 'no-cache', 'ETag': 'W/"4b7-VgBC9ZwQ1f0vdglI9cnOdFqXhDs"', 'Vary': 'Accept-Encoding', 'Content-Encoding': 'gzip', 'CF-Cache-Status': 'DYNAMIC', 'Report-To': '{"endpoints":[{"url":"https:\\/\\/a.nel.cloudflare.com\\/report\\/v4?s=SPP1O8gcgLfDdp815TE3YGOftcl%2FfFBBsjqkuGRVKX4fQj3nEA6cv5hBnW2aeP6HJQM3NEhhO5l47g0BiXRtn1%2BldgR52VAVyFAFbqlTQqdAGl8PAsaz0AEA9LhHhKFq"}],"group":"cf-nel","max_age":604800}', 'NEL': '{"success_fraction":0,"report_to":"cf-nel","max_age":604800}', 'Server': 'cloudflare', 'CF-RAY': '876106942b3139ac-IAD', 'alt-svc': 'h3=":443"; ma=86400'} 
 body={"results":[{"gender":"female","name":{"title":"Miss","first":"یاسمین","last":"سهيلي راد"},"location":{"street":{"number":1967,"name":"میدان شهیدان رحیمی"},"city":"قزوین","state":"خوزستان","country":"Iran","postcode":35953,"coordinates":{"latitude":"19.2864","longitude":"141.5412"},"timezone":{"offset":"+4:00","description":"Abu Dhabi, Muscat, Baku, Tbilisi"}},"email":"ysmyn.shylyrd@example.com","login":{"uuid":"f6193ca6-4f16-4ade-976a-c62280c5ae7c","username":"purplerabbit465","password":"hedgehog","salt":"7gAMY5MD","md5":"a187dedb9cede2dad8dcd43b778726d5","sha1":"fb9baef1656b0b38555e70da739602f23c28e232","sha256":"4fb495a130ec7353d4ba24c12564821963b32a5e348b1897d5d3c456e6d72ec8"},"dob":{"date":"1954-09-11T22:26:27.377Z","age":69},"registered":{"date":"2005-03-20T17:42:17.106Z","age":19},"phone":"007-36847302","cell":"0993-788-0851","id":{"name":"","value":null},"picture":{"large":"https://randomuser.me/api/portraits/women/54.jpg","medium":"https://randomuser.me/api/portraits/med/women/54.jpg","thumbnail":"https://randomuser.me/api/portraits/thumb/women/54.jpg"},"nat":"IR"}],"info":{"seed":"bde2ed1aa89c2f8c","results":1,"page":1,"version":"1.4"}} 
 </msg>
<msg time="2024-04-18T01:54:13.889639" level="INFO">/opt/hostedtoolcache/Python/3.12.3/x64/lib/python3.12/site-packages/urllib3/connectionpool.py:1103: InsecureRequestWarning: Unverified HTTPS request is being made to host 'randomuser.me'. Adding certificate verification is strongly advised. See: https://urllib3.readthedocs.io/en/latest/advanced-usage.html#tls-warnings
  warnings.warn(</msg>
<msg time="2024-04-18T01:54:13.889727" level="INFO">${response} = &lt;Response [200]&gt;</msg>
<var>${response}</var>
<arg>consultarAPI</arg>
<arg>/api</arg>
<doc>Sends a GET request on a previously created HTTP Session.</doc>
<status status="PASS" start="2024-04-18T01:54:13.785532" elapsed="0.104221"/>
</kw>
<kw name="Set Variable" owner="BuiltIn">
<msg time="2024-04-18T01:54:13.890708" level="INFO">${json_data} = {'results': [{'gender': 'female', 'name': {'title': 'Miss', 'first': 'یاسمین', 'last': 'سهيلي راد'}, 'location': {'street': {'number': 1967, 'name': 'میدان شهیدان رحیمی'}, 'city': 'قزوین', 'state': 'خ...</msg>
<var>${json_data}</var>
<arg>${response.json()}</arg>
<doc>Returns the given values which can then be assigned to a variables.</doc>
<status status="PASS" start="2024-04-18T01:54:13.890240" elapsed="0.000498"/>
</kw>
<kw name="Set Variable" owner="BuiltIn">
<msg time="2024-04-18T01:54:13.891415" level="INFO">${name_title} = Miss</msg>
<var>${name_title}</var>
<arg>${json_data["results"][0]["name"]["title"]}</arg>
<doc>Returns the given values which can then be assigned to a variables.</doc>
<status status="PASS" start="2024-04-18T01:54:13.891045" elapsed="0.000395"/>
</kw>
<kw name="Create List" owner="BuiltIn">
<msg time="2024-04-18T01:54:13.891878" level="INFO">${allowed_titles} = ['Mr', 'Ms', 'Miss', 'Mrs', 'Madame', 'Monsieur']</msg>
<var>${allowed_titles}</var>
<arg>Mr</arg>
<arg>Ms</arg>
<arg>Miss</arg>
<arg>Mrs</arg>
<arg>Madame</arg>
<arg>Monsieur</arg>
<doc>Returns a list containing given items.</doc>
<status status="PASS" start="2024-04-18T01:54:13.891734" elapsed="0.000168"/>
</kw>
<kw name="List Should Contain Value" owner="Collections">
<msg time="2024-04-18T01:54:13.892372" level="INFO">False</msg>
<arg>${allowed_titles}</arg>
<arg>${name_title}</arg>
<doc>Fails if the ``value`` is not found from ``list``.</doc>
<status status="PASS" start="2024-04-18T01:54:13.892198" elapsed="0.000209"/>
</kw>
<kw name="Set Variable" owner="BuiltIn">
<msg time="2024-04-18T01:54:13.893070" level="INFO">${name_country} = IR</msg>
<var>${name_country}</var>
<arg>${json_data["results"][0]["nat"]}</arg>
<doc>Returns the given values which can then be assigned to a variables.</doc>
<status status="PASS" start="2024-04-18T01:54:13.892690" elapsed="0.000404"/>
</kw>
<kw name="Create List" owner="BuiltIn">
<msg time="2024-04-18T01:54:13.894011" level="INFO">${list_country} = ['AD', 'AE', 'AF', 'AG', 'AI', 'AL', 'AM', 'AO', 'AQ', 'AR', 'AS', 'AT', 'AU', 'AW', 'AX', 'AZ', 'BA', 'BB', 'BD', 'BE', 'BF', 'BG', 'BH', 'BI', 'BJ', 'BL', 'BM', 'BN', 'BO', 'BQ', 'BR', 'BS', 'BT', '...</msg>
<var>${list_country}</var>
<arg>AD</arg>
<arg>AE</arg>
<arg>AF</arg>
<arg>AG</arg>
<arg>AI</arg>
<arg>AL</arg>
<arg>AM</arg>
<arg>AO</arg>
<arg>AQ</arg>
<arg>AR</arg>
<arg>AS</arg>
<arg>AT</arg>
<arg>AU</arg>
<arg>AW</arg>
<arg>AX</arg>
<arg>AZ</arg>
<arg>BA</arg>
<arg>BB</arg>
<arg>BD</arg>
<arg>BE</arg>
<arg>BF</arg>
<arg>BG</arg>
<arg>BH</arg>
<arg>BI</arg>
<arg>BJ</arg>
<arg>BL</arg>
<arg>BM</arg>
<arg>BN</arg>
<arg>BO</arg>
<arg>BQ</arg>
<arg>BR</arg>
<arg>BS</arg>
<arg>BT</arg>
<arg>BV</arg>
<arg>BW</arg>
<arg>BY</arg>
<arg>BZ</arg>
<arg>CA</arg>
<arg>CC</arg>
<arg>CD</arg>
<arg>CF</arg>
<arg>CG</arg>
<arg>CH</arg>
<arg>CI</arg>
<arg>CK</arg>
<arg>CL</arg>
<arg>CM</arg>
<arg>CN</arg>
<arg>CO</arg>
<arg>CR</arg>
<arg>CU</arg>
<arg>CV</arg>
<arg>CW</arg>
<arg>CX</arg>
<arg>CY</arg>
<arg>CZ</arg>
<arg>DE</arg>
<arg>DJ</arg>
<arg>DK</arg>
<arg>DM</arg>
<arg>DO</arg>
<arg>DZ</arg>
<arg>EC</arg>
<arg>EE</arg>
<arg>EG</arg>
<arg>EH</arg>
<arg>ER</arg>
<arg>ES</arg>
<arg>ET</arg>
<arg>FI</arg>
<arg>FJ</arg>
<arg>FK</arg>
<arg>FM</arg>
<arg>FO</arg>
<arg>FR</arg>
<arg>GA</arg>
<arg>GB</arg>
<arg>GD</arg>
<arg>GE</arg>
<arg>GF</arg>
<arg>GG</arg>
<arg>GH</arg>
<arg>GI</arg>
<arg>GL</arg>
<arg>GM</arg>
<arg>GN</arg>
<arg>GP</arg>
<arg>GQ</arg>
<arg>GR</arg>
<arg>GS</arg>
<arg>GT</arg>
<arg>GU</arg>
<arg>GW</arg>
<arg>GY</arg>
<arg>HK</arg>
<arg>HM</arg>
<arg>HN</arg>
<arg>HR</arg>
<arg>HT</arg>
<arg>HU</arg>
<arg>ID</arg>
<arg>IE</arg>
<arg>IL</arg>
<arg>IM</arg>
<arg>IN</arg>
<arg>IO</arg>
<arg>IQ</arg>
<arg>IR</arg>
<arg>IS</arg>
<arg>IT</arg>
<arg>JE</arg>
<arg>JM</arg>
<arg>JO</arg>
<arg>JP</arg>
<arg>KE</arg>
<arg>KG</arg>
<arg>KH</arg>
<arg>KI</arg>
<arg>KM</arg>
<arg>KN</arg>
<arg>KP</arg>
<arg>KR</arg>
<arg>KW</arg>
<arg>KY</arg>
<arg>KZ</arg>
<arg>LA</arg>
<arg>LB</arg>
<arg>LC</arg>
<arg>LI</arg>
<arg>LK</arg>
<arg>LR</arg>
<arg>LS</arg>
<arg>LT</arg>
<arg>LU</arg>
<arg>LV</arg>
<arg>LY</arg>
<arg>MA</arg>
<arg>MC</arg>
<arg>MD</arg>
<arg>ME</arg>
<arg>MF</arg>
<arg>MG</arg>
<arg>MH</arg>
<arg>MK</arg>
<arg>ML</arg>
<arg>MM</arg>
<arg>MN</arg>
<arg>MO</arg>
<arg>MP</arg>
<arg>MQ</arg>
<arg>MR</arg>
<arg>MS</arg>
<arg>MT</arg>
<arg>MU</arg>
<arg>MV</arg>
<arg>MW</arg>
<arg>MX</arg>
<arg>MY</arg>
<arg>MZ</arg>
<arg>NA</arg>
<arg>NC</arg>
<arg>NE</arg>
<arg>NF</arg>
<arg>NG</arg>
<arg>NI</arg>
<arg>NL</arg>
<arg>NO</arg>
<arg>NP</arg>
<arg>NR</arg>
<arg>NU</arg>
<arg>NZ</arg>
<arg>OM</arg>
<arg>PA</arg>
<arg>PE</arg>
<arg>PF</arg>
<arg>PG</arg>
<arg>PH</arg>
<arg>PK</arg>
<arg>PL</arg>
<arg>PM</arg>
<arg>PN</arg>
<arg>PR</arg>
<arg>PS</arg>
<arg>PT</arg>
<arg>PW</arg>
<arg>PY</arg>
<arg>QA</arg>
<arg>RE</arg>
<arg>RO</arg>
<arg>RS</arg>
<arg>RU</arg>
<arg>RW</arg>
<arg>SA</arg>
<arg>SB</arg>
<arg>SC</arg>
<arg>SD</arg>
<arg>SE</arg>
<arg>SG</arg>
<arg>SH</arg>
<arg>SI</arg>
<arg>SJ</arg>
<arg>SK</arg>
<arg>SL</arg>
<arg>SM</arg>
<arg>SN</arg>
<arg>SO</arg>
<arg>SR</arg>
<arg>SS</arg>
<arg>ST</arg>
<arg>SV</arg>
<arg>SX</arg>
<arg>SY</arg>
<arg>SZ</arg>
<arg>TC</arg>
<arg>TD</arg>
<arg>TF</arg>
<arg>TG</arg>
<arg>TH</arg>
<arg>TJ</arg>
<arg>TK</arg>
<arg>TL</arg>
<arg>TM</arg>
<arg>TN</arg>
<arg>TO</arg>
<arg>TR</arg>
<arg>TT</arg>
<arg>TV</arg>
<arg>TW</arg>
<arg>TZ</arg>
<arg>UA</arg>
<arg>UG</arg>
<arg>UM</arg>
<arg>US</arg>
<arg>UY</arg>
<arg>UZ</arg>
<arg>VA</arg>
<arg>VC</arg>
<arg>VE</arg>
<arg>VG</arg>
<arg>VI</arg>
<arg>VN</arg>
<arg>VU</arg>
<arg>WF</arg>
<arg>WS</arg>
<arg>XK</arg>
<arg>YE</arg>
<arg>YT</arg>
<arg>ZA</arg>
<arg>ZM</arg>
<arg>ZW</arg>
<doc>Returns a list containing given items.</doc>
<status status="PASS" start="2024-04-18T01:54:13.893390" elapsed="0.000648"/>
</kw>
<kw name="List Should Contain Value" owner="Collections">
<msg time="2024-04-18T01:54:13.895025" level="INFO">False</msg>
<arg>${list_country}</arg>
<arg>${name_country}</arg>
<doc>Fails if the ``value`` is not found from ``list``.</doc>
<status status="PASS" start="2024-04-18T01:54:13.894828" elapsed="0.000233"/>
</kw>
<kw name="Run Keyword If" owner="BuiltIn">
<kw name="Should Be True" owner="BuiltIn">
<arg>${True}</arg>
<doc>Fails if the given condition is not true.</doc>
<status status="PASS" start="2024-04-18T01:54:13.896112" elapsed="0.000255"/>
</kw>
<arg>${json_data["results"][0]["location"]["coordinates"]["latitude"]} &gt;= -90 and ${json_data["results"][0]["location"]["coordinates"]["latitude"]} &lt;= 90</arg>
<arg>Should Be True</arg>
<arg>${True}</arg>
<doc>Runs the given keyword with the given arguments, if ``condition`` is true.</doc>
<status status="PASS" start="2024-04-18T01:54:13.895372" elapsed="0.001124"/>
</kw>
<kw name="Run Keyword If" owner="BuiltIn">
<kw name="Should Be True" owner="BuiltIn">
<arg>${True}</arg>
<doc>Fails if the given condition is not true.</doc>
<status status="PASS" start="2024-04-18T01:54:13.897380" elapsed="0.000136"/>
</kw>
<arg>${json_data["results"][0]["location"]["coordinates"]["longitude"]} &gt;= -180 and ${json_data["results"][0]["location"]["coordinates"]["longitude"]} &lt;= 180</arg>
<arg>Should Be True</arg>
<arg>${True}</arg>
<doc>Runs the given keyword with the given arguments, if ``condition`` is true.</doc>
<status status="PASS" start="2024-04-18T01:54:13.896681" elapsed="0.000957"/>
</kw>
<status status="PASS" start="2024-04-18T01:54:13.785315" elapsed="0.112448"/>
</kw>
<doc>Testa o conteúdo específico dos campos retornados pela API.</doc>
<tag>testeConteudo</tag>
<status status="PASS" start="2024-04-18T01:54:13.784797" elapsed="0.113154"/>
</test>
<status status="PASS" start="2024-04-18T01:54:12.984527" elapsed="0.915332"/>
</suite>
<status status="PASS" start="2024-04-18T01:54:12.970564" elapsed="0.934421"/>
</suite>
<statistics>
<total>
<stat pass="5" fail="0" skip="0">All Tests</stat>
</total>
<tag>
<stat pass="1" fail="0" skip="0">testeConteudo</stat>
<stat pass="1" fail="0" skip="0">testeEstruturaResposta</stat>
<stat pass="1" fail="0" skip="0">testeRequisicaoBasica</stat>
<stat pass="1" fail="0" skip="0">testeTiposDados</stat>
</tag>
<suite>
<stat pass="5" fail="0" skip="0" id="s1" name="Tests">Tests</stat>
<stat pass="5" fail="0" skip="0" id="s1-s1" name="Random-User-Test">Tests.Random-User-Test</stat>
</suite>
</statistics>
<errors>
</errors>
</robot>
