<?xml version="1.0" encoding="UTF-8"?>
<robot generator="Robot 7.0.1 (Python 3.12.4 on linux)" generated="2024-08-10T04:19:50.233647" rpa="false" schemaversion="5">
<suite id="s1" name="Tests" source="/home/runner/work/ApiRandomUser/ApiRandomUser/RamdonUser/tests">
<suite id="s1-s1" name="Random-User-Test" source="/home/runner/work/ApiRandomUser/ApiRandomUser/RamdonUser/tests/random-user-test.robot">
<test id="s1-s1-t1" name="Conectar" line="13">
<kw name="Conectar API" owner="random-user-service">
<kw name="Create Session" owner="RequestsLibrary">
<msg time="2024-08-10T04:19:50.647689" level="INFO">Creating Session using : alias=consultarAPI, url=https://randomuser.me/, headers={},                     cookies={}, auth=None, timeout=None, proxies=None, verify=False,                     debug=0 </msg>
<arg>consultarAPI</arg>
<arg>${URL}</arg>
<doc>Create Session: create a HTTP session to a server</doc>
<status status="PASS" start="2024-08-10T04:19:50.647477" elapsed="0.000393"/>
</kw>
<status status="PASS" start="2024-08-10T04:19:50.646375" elapsed="0.001857"/>
</kw>
<status status="PASS" start="2024-08-10T04:19:50.645807" elapsed="0.002617"/>
</test>
<test id="s1-s1-t2" name="Validar retorno 200 e JSON Válido" line="16">
<kw name="Teste de Requisicao Basica" owner="random-user-service">
<kw name="GET On Session" owner="RequestsLibrary">
<msg time="2024-08-10T04:19:50.700071" level="INFO">GET Request : url=https://randomuser.me/api 
 path_url=/api 
 headers={'User-Agent': 'python-requests/2.32.3', 'Accept-Encoding': 'gzip, deflate', 'Accept': '*/*', 'Connection': 'keep-alive'} 
 body=None 
 </msg>
<msg time="2024-08-10T04:19:50.700223" level="INFO">GET Response : url=https://randomuser.me/api 
 status=200, reason=OK 
 headers={'Date': 'Sat, 10 Aug 2024 04:19:50 GMT', 'Content-Type': 'application/json; charset=utf-8', 'Transfer-Encoding': 'chunked', 'Connection': 'keep-alive', 'X-Powered-By': 'Express', 'Access-Control-Allow-Origin': '*', 'Cache-Control': 'no-cache', 'ETag': 'W/"4c1-O3ThLUzuuNhKJmEq/hSaPdYEoZA"', 'Vary': 'Accept-Encoding', 'Content-Encoding': 'gzip', 'CF-Cache-Status': 'DYNAMIC', 'Report-To': '{"endpoints":[{"url":"https:\\/\\/a.nel.cloudflare.com\\/report\\/v4?s=quseDsAn%2FWE58iRa7a2g1zCYzPpNQW1uA7Uc1YUPBNs537osWlt76DT2fRsFpLkmQV2EKdNxHSoIeRckgsT7424DejP6fmzubROIG4Km6tlFtF33lLoMVS4g1UhGo7Qs"}],"group":"cf-nel","max_age":604800}', 'NEL': '{"success_fraction":0,"report_to":"cf-nel","max_age":604800}', 'Server': 'cloudflare', 'CF-RAY': '8b0d30a1be6281ff-IAD', 'alt-svc': 'h3=":443"; ma=86400'} 
 body={"results":[{"gender":"female","name":{"title":"Ms","first":"Apolline","last":"Carpentier"},"location":{"street":{"number":3692,"name":"Boulevard de la Duchère"},"city":"Le Havre","state":"Ille-et-Vilaine","country":"France","postcode":33943,"coordinates":{"latitude":"-14.9322","longitude":"146.2539"},"timezone":{"offset":"+5:00","description":"Ekaterinburg, Islamabad, Karachi, Tashkent"}},"email":"apolline.carpentier@example.com","login":{"uuid":"12ba5267-4c32-436b-a467-d6972e5e46b9","username":"heavyswan475","password":"gman","salt":"YphnxRzr","md5":"0e6a132a39e203133847e539d2e67975","sha1":"aad6ba998e7596c884404d927cfe8dd6bde8ccb9","sha256":"82d51b08fc21fdf568876bfc9c3a1fe4c1fca3a9d1bde67916849582e28af5aa"},"dob":{"date":"1978-10-03T12:35:06.230Z","age":45},"registered":{"date":"2011-08-13T10:17:12.869Z","age":12},"phone":"05-39-34-76-48","cell":"06-67-28-13-24","id":{"name":"INSEE","value":"2780960983800 08"},"picture":{"large":"https://randomuser.me/api/portraits/women/13.jpg","medium":"https://randomuser.me/api/portraits/med/women/13.jpg","thumbnail":"https://randomuser.me/api/portraits/thumb/women/13.jpg"},"nat":"FR"}],"info":{"seed":"a181b3a1ac36fa58","results":1,"page":1,"version":"1.4"}} 
 </msg>
<msg time="2024-08-10T04:19:50.700306" level="INFO">/opt/hostedtoolcache/Python/3.12.4/x64/lib/python3.12/site-packages/urllib3/connectionpool.py:1099: InsecureRequestWarning: Unverified HTTPS request is being made to host 'randomuser.me'. Adding certificate verification is strongly advised. See: https://urllib3.readthedocs.io/en/latest/advanced-usage.html#tls-warnings
  warnings.warn(</msg>
<msg time="2024-08-10T04:19:50.700458" level="INFO">${response} = &lt;Response [200]&gt;</msg>
<var>${response}</var>
<arg>consultarAPI</arg>
<arg>/api</arg>
<doc>Sends a GET request on a previously created HTTP Session.</doc>
<status status="PASS" start="2024-08-10T04:19:50.651060" elapsed="0.049440"/>
</kw>
<kw name="Should Be Equal As Numbers" owner="BuiltIn">
<msg time="2024-08-10T04:19:50.701619" level="INFO">Argument types are:
&lt;class 'int'&gt;
&lt;class 'str'&gt;</msg>
<arg>${response.status_code}</arg>
<arg>200</arg>
<doc>Fails if objects are unequal after converting them to real numbers.</doc>
<status status="PASS" start="2024-08-10T04:19:50.701125" elapsed="0.000559"/>
</kw>
<kw name="Log" owner="BuiltIn">
<msg time="2024-08-10T04:19:50.702360" level="INFO">200</msg>
<arg>${response.status_code}</arg>
<doc>Logs the given message with the given level.</doc>
<status status="PASS" start="2024-08-10T04:19:50.702002" elapsed="0.000401"/>
</kw>
<kw name="Set Variable" owner="BuiltIn">
<msg time="2024-08-10T04:19:50.703200" level="INFO">${json_data} = {'results': [{'gender': 'female', 'name': {'title': 'Ms', 'first': 'Apolline', 'last': 'Carpentier'}, 'location': {'street': {'number': 3692, 'name': 'Boulevard de la Duchère'}, 'city': 'Le Havre', 's...</msg>
<var>${json_data}</var>
<arg>${response.json()}</arg>
<doc>Returns the given values which can then be assigned to a variables.</doc>
<status status="PASS" start="2024-08-10T04:19:50.702711" elapsed="0.000519"/>
</kw>
<kw name="Dictionary Should Contain Key" owner="Collections">
<arg>${json_data}</arg>
<arg>results</arg>
<doc>Fails if ``key`` is not found from ``dictionary``.</doc>
<status status="PASS" start="2024-08-10T04:19:50.703544" elapsed="0.000326"/>
</kw>
<status status="PASS" start="2024-08-10T04:19:50.650788" elapsed="0.053242"/>
</kw>
<doc>Testa se a API responde corretamente e retorna um objeto JSON válido.</doc>
<tag>testeRequisicaoBasica</tag>
<status status="PASS" start="2024-08-10T04:19:50.650311" elapsed="0.053897"/>
</test>
<test id="s1-s1-t3" name="Validar estrutura de resposta" line="22">
<kw name="Teste de Estrutura de Resposta" owner="random-user-service">
<kw name="GET On Session" owner="RequestsLibrary">
<msg time="2024-08-10T04:19:50.812802" level="INFO">GET Request : url=https://randomuser.me/api 
 path_url=/api 
 headers={'User-Agent': 'python-requests/2.32.3', 'Accept-Encoding': 'gzip, deflate', 'Accept': '*/*', 'Connection': 'keep-alive'} 
 body=None 
 </msg>
<msg time="2024-08-10T04:19:50.812916" level="INFO">GET Response : url=https://randomuser.me/api 
 status=200, reason=OK 
 headers={'Date': 'Sat, 10 Aug 2024 04:19:50 GMT', 'Content-Type': 'application/json; charset=utf-8', 'Transfer-Encoding': 'chunked', 'Connection': 'keep-alive', 'X-Powered-By': 'Express', 'Access-Control-Allow-Origin': '*', 'Cache-Control': 'no-cache', 'ETag': 'W/"48f-UyCHVlbIRW9utpdtQq25e4LKcTY"', 'Vary': 'Accept-Encoding', 'Content-Encoding': 'gzip', 'CF-Cache-Status': 'DYNAMIC', 'Report-To': '{"endpoints":[{"url":"https:\\/\\/a.nel.cloudflare.com\\/report\\/v4?s=y92Nb%2FNh7zYrOYXdLWThjB33k8FkhxA2cdF4ZcHPGfPbp3swFG2bqbm2VH9QHvEE3kBTg6LCpVf2o6vsU2FvGv9XWg%2FqvoqL%2BMPHoVbEiFyrN0Hp%2BuLSStOJcqbZScWW"}],"group":"cf-nel","max_age":604800}', 'NEL': '{"success_fraction":0,"report_to":"cf-nel","max_age":604800}', 'Server': 'cloudflare', 'CF-RAY': '8b0d30a1ee8c81ff-IAD', 'alt-svc': 'h3=":443"; ma=86400'} 
 body={"results":[{"gender":"male","name":{"title":"Mr","first":"Alvin","last":"Riley"},"location":{"street":{"number":8518,"name":"Station Road"},"city":"Newry","state":"Cornwall","country":"United Kingdom","postcode":"G2F 7BW","coordinates":{"latitude":"-6.2944","longitude":"-177.7370"},"timezone":{"offset":"+1:00","description":"Brussels, Copenhagen, Madrid, Paris"}},"email":"alvin.riley@example.com","login":{"uuid":"0c7dd921-8dbf-41b9-9cf7-7fe122adf96c","username":"yellowkoala538","password":"shoes","salt":"FZS9eRK2","md5":"5fe79b1f645e4350d665614c99571f81","sha1":"cca401fb7f72e3c6ffcfca007ee76425b535cc14","sha256":"353cbea3d2008222662ea2611ebd132002a13107cdcd33a930e57ca95e0c8d6f"},"dob":{"date":"1997-11-26T23:11:29.455Z","age":26},"registered":{"date":"2020-06-05T12:31:14.043Z","age":4},"phone":"015394 04484","cell":"07481 847966","id":{"name":"NINO","value":"EK 91 42 12 P"},"picture":{"large":"https://randomuser.me/api/portraits/men/6.jpg","medium":"https://randomuser.me/api/portraits/med/men/6.jpg","thumbnail":"https://randomuser.me/api/portraits/thumb/men/6.jpg"},"nat":"GB"}],"info":{"seed":"38ababf1f479b01b","results":1,"page":1,"version":"1.4"}} 
 </msg>
<msg time="2024-08-10T04:19:50.813067" level="INFO">/opt/hostedtoolcache/Python/3.12.4/x64/lib/python3.12/site-packages/urllib3/connectionpool.py:1099: InsecureRequestWarning: Unverified HTTPS request is being made to host 'randomuser.me'. Adding certificate verification is strongly advised. See: https://urllib3.readthedocs.io/en/latest/advanced-usage.html#tls-warnings
  warnings.warn(</msg>
<msg time="2024-08-10T04:19:50.813214" level="INFO">${response} = &lt;Response [200]&gt;</msg>
<var>${response}</var>
<arg>consultarAPI</arg>
<arg>/api</arg>
<doc>Sends a GET request on a previously created HTTP Session.</doc>
<status status="PASS" start="2024-08-10T04:19:50.706809" elapsed="0.106447"/>
</kw>
<kw name="Set Variable" owner="BuiltIn">
<msg time="2024-08-10T04:19:50.814471" level="INFO">${json_data} = {'results': [{'gender': 'male', 'name': {'title': 'Mr', 'first': 'Alvin', 'last': 'Riley'}, 'location': {'street': {'number': 8518, 'name': 'Station Road'}, 'city': 'Newry', 'state': 'Cornwall', 'coun...</msg>
<var>${json_data}</var>
<arg>${response.json()}</arg>
<doc>Returns the given values which can then be assigned to a variables.</doc>
<status status="PASS" start="2024-08-10T04:19:50.813866" elapsed="0.000634"/>
</kw>
<kw name="Log" owner="BuiltIn">
<msg time="2024-08-10T04:19:50.814983" level="INFO">{'results': [{'gender': 'male', 'name': {'title': 'Mr', 'first': 'Alvin', 'last': 'Riley'}, 'location': {'street': {'number': 8518, 'name': 'Station Road'}, 'city': 'Newry', 'state': 'Cornwall', 'country': 'United Kingdom', 'postcode': 'G2F 7BW', 'coordinates': {'latitude': '-6.2944', 'longitude': '-177.7370'}, 'timezone': {'offset': '+1:00', 'description': 'Brussels, Copenhagen, Madrid, Paris'}}, 'email': 'alvin.riley@example.com', 'login': {'uuid': '0c7dd921-8dbf-41b9-9cf7-7fe122adf96c', 'username': 'yellowkoala538', 'password': 'shoes', 'salt': 'FZS9eRK2', 'md5': '5fe79b1f645e4350d665614c99571f81', 'sha1': 'cca401fb7f72e3c6ffcfca007ee76425b535cc14', 'sha256': '353cbea3d2008222662ea2611ebd132002a13107cdcd33a930e57ca95e0c8d6f'}, 'dob': {'date': '1997-11-26T23:11:29.455Z', 'age': 26}, 'registered': {'date': '2020-06-05T12:31:14.043Z', 'age': 4}, 'phone': '015394 04484', 'cell': '07481 847966', 'id': {'name': 'NINO', 'value': 'EK 91 42 12 P'}, 'picture': {'large': 'https://randomuser.me/api/portraits/men/6.jpg', 'medium': 'https://randomuser.me/api/portraits/med/men/6.jpg', 'thumbnail': 'https://randomuser.me/api/portraits/thumb/men/6.jpg'}, 'nat': 'GB'}], 'info': {'seed': '38ababf1f479b01b', 'results': 1, 'page': 1, 'version': '1.4'}}</msg>
<arg>${json_data}</arg>
<doc>Logs the given message with the given level.</doc>
<status status="PASS" start="2024-08-10T04:19:50.814820" elapsed="0.000246"/>
</kw>
<kw name="Dictionary Should Contain Key" owner="Collections">
<arg>${json_data}</arg>
<arg>results</arg>
<doc>Fails if ``key`` is not found from ``dictionary``.</doc>
<status status="PASS" start="2024-08-10T04:19:50.815382" elapsed="0.000173"/>
</kw>
<kw name="Should Not Be Empty" owner="BuiltIn">
<msg time="2024-08-10T04:19:50.815884" level="INFO">Length is 2.</msg>
<arg>${json_data}</arg>
<doc>Verifies that the given item is not empty.</doc>
<status status="PASS" start="2024-08-10T04:19:50.815743" elapsed="0.000182"/>
</kw>
<kw name="Create List" owner="BuiltIn">
<msg time="2024-08-10T04:19:50.816363" level="INFO">${expected_keys} = ['gender', 'name', 'location', 'email', 'login']</msg>
<var>${expected_keys}</var>
<arg>gender</arg>
<arg>name</arg>
<arg>location</arg>
<arg>email</arg>
<arg>login</arg>
<doc>Returns a list containing given items.</doc>
<status status="PASS" start="2024-08-10T04:19:50.816214" elapsed="0.000173"/>
</kw>
<for flavor="IN">
<iter>
<kw name="Dictionary Should Contain Key" owner="Collections">
<arg>${json_data['results'][0]}</arg>
<arg>${key}</arg>
<doc>Fails if ``key`` is not found from ``dictionary``.</doc>
<status status="PASS" start="2024-08-10T04:19:50.816985" elapsed="0.000415"/>
</kw>
<kw name="Log" owner="BuiltIn">
<msg time="2024-08-10T04:19:50.817956" level="INFO">{'gender': 'male', 'name': {'title': 'Mr', 'first': 'Alvin', 'last': 'Riley'}, 'location': {'street': {'number': 8518, 'name': 'Station Road'}, 'city': 'Newry', 'state': 'Cornwall', 'country': 'United Kingdom', 'postcode': 'G2F 7BW', 'coordinates': {'latitude': '-6.2944', 'longitude': '-177.7370'}, 'timezone': {'offset': '+1:00', 'description': 'Brussels, Copenhagen, Madrid, Paris'}}, 'email': 'alvin.riley@example.com', 'login': {'uuid': '0c7dd921-8dbf-41b9-9cf7-7fe122adf96c', 'username': 'yellowkoala538', 'password': 'shoes', 'salt': 'FZS9eRK2', 'md5': '5fe79b1f645e4350d665614c99571f81', 'sha1': 'cca401fb7f72e3c6ffcfca007ee76425b535cc14', 'sha256': '353cbea3d2008222662ea2611ebd132002a13107cdcd33a930e57ca95e0c8d6f'}, 'dob': {'date': '1997-11-26T23:11:29.455Z', 'age': 26}, 'registered': {'date': '2020-06-05T12:31:14.043Z', 'age': 4}, 'phone': '015394 04484', 'cell': '07481 847966', 'id': {'name': 'NINO', 'value': 'EK 91 42 12 P'}, 'picture': {'large': 'https://randomuser.me/api/portraits/men/6.jpg', 'medium': 'https://randomuser.me/api/portraits/med/men/6.jpg', 'thumbnail': 'https://randomuser.me/api/portraits/thumb/men/6.jpg'}, 'nat': 'GB'}</msg>
<arg>${json_data['results'][0]}</arg>
<doc>Logs the given message with the given level.</doc>
<status status="PASS" start="2024-08-10T04:19:50.817594" elapsed="0.000420"/>
</kw>
<kw name="Log" owner="BuiltIn">
<msg time="2024-08-10T04:19:50.818443" level="INFO">gender</msg>
<arg>${key}</arg>
<doc>Logs the given message with the given level.</doc>
<status status="PASS" start="2024-08-10T04:19:50.818312" elapsed="0.000169"/>
</kw>
<var name="${key}">gender</var>
<status status="PASS" start="2024-08-10T04:19:50.816858" elapsed="0.001840"/>
</iter>
<iter>
<kw name="Dictionary Should Contain Key" owner="Collections">
<arg>${json_data['results'][0]}</arg>
<arg>${key}</arg>
<doc>Fails if ``key`` is not found from ``dictionary``.</doc>
<status status="PASS" start="2024-08-10T04:19:50.819003" elapsed="0.000431"/>
</kw>
<kw name="Log" owner="BuiltIn">
<msg time="2024-08-10T04:19:50.819971" level="INFO">{'gender': 'male', 'name': {'title': 'Mr', 'first': 'Alvin', 'last': 'Riley'}, 'location': {'street': {'number': 8518, 'name': 'Station Road'}, 'city': 'Newry', 'state': 'Cornwall', 'country': 'United Kingdom', 'postcode': 'G2F 7BW', 'coordinates': {'latitude': '-6.2944', 'longitude': '-177.7370'}, 'timezone': {'offset': '+1:00', 'description': 'Brussels, Copenhagen, Madrid, Paris'}}, 'email': 'alvin.riley@example.com', 'login': {'uuid': '0c7dd921-8dbf-41b9-9cf7-7fe122adf96c', 'username': 'yellowkoala538', 'password': 'shoes', 'salt': 'FZS9eRK2', 'md5': '5fe79b1f645e4350d665614c99571f81', 'sha1': 'cca401fb7f72e3c6ffcfca007ee76425b535cc14', 'sha256': '353cbea3d2008222662ea2611ebd132002a13107cdcd33a930e57ca95e0c8d6f'}, 'dob': {'date': '1997-11-26T23:11:29.455Z', 'age': 26}, 'registered': {'date': '2020-06-05T12:31:14.043Z', 'age': 4}, 'phone': '015394 04484', 'cell': '07481 847966', 'id': {'name': 'NINO', 'value': 'EK 91 42 12 P'}, 'picture': {'large': 'https://randomuser.me/api/portraits/men/6.jpg', 'medium': 'https://randomuser.me/api/portraits/med/men/6.jpg', 'thumbnail': 'https://randomuser.me/api/portraits/thumb/men/6.jpg'}, 'nat': 'GB'}</msg>
<arg>${json_data['results'][0]}</arg>
<doc>Logs the given message with the given level.</doc>
<status status="PASS" start="2024-08-10T04:19:50.819619" elapsed="0.000437"/>
</kw>
<kw name="Log" owner="BuiltIn">
<msg time="2024-08-10T04:19:50.820492" level="INFO">name</msg>
<arg>${key}</arg>
<doc>Logs the given message with the given level.</doc>
<status status="PASS" start="2024-08-10T04:19:50.820363" elapsed="0.000167"/>
</kw>
<var name="${key}">name</var>
<status status="PASS" start="2024-08-10T04:19:50.818885" elapsed="0.001864"/>
</iter>
<iter>
<kw name="Dictionary Should Contain Key" owner="Collections">
<arg>${json_data['results'][0]}</arg>
<arg>${key}</arg>
<doc>Fails if ``key`` is not found from ``dictionary``.</doc>
<status status="PASS" start="2024-08-10T04:19:50.821040" elapsed="0.000387"/>
</kw>
<kw name="Log" owner="BuiltIn">
<msg time="2024-08-10T04:19:50.821957" level="INFO">{'gender': 'male', 'name': {'title': 'Mr', 'first': 'Alvin', 'last': 'Riley'}, 'location': {'street': {'number': 8518, 'name': 'Station Road'}, 'city': 'Newry', 'state': 'Cornwall', 'country': 'United Kingdom', 'postcode': 'G2F 7BW', 'coordinates': {'latitude': '-6.2944', 'longitude': '-177.7370'}, 'timezone': {'offset': '+1:00', 'description': 'Brussels, Copenhagen, Madrid, Paris'}}, 'email': 'alvin.riley@example.com', 'login': {'uuid': '0c7dd921-8dbf-41b9-9cf7-7fe122adf96c', 'username': 'yellowkoala538', 'password': 'shoes', 'salt': 'FZS9eRK2', 'md5': '5fe79b1f645e4350d665614c99571f81', 'sha1': 'cca401fb7f72e3c6ffcfca007ee76425b535cc14', 'sha256': '353cbea3d2008222662ea2611ebd132002a13107cdcd33a930e57ca95e0c8d6f'}, 'dob': {'date': '1997-11-26T23:11:29.455Z', 'age': 26}, 'registered': {'date': '2020-06-05T12:31:14.043Z', 'age': 4}, 'phone': '015394 04484', 'cell': '07481 847966', 'id': {'name': 'NINO', 'value': 'EK 91 42 12 P'}, 'picture': {'large': 'https://randomuser.me/api/portraits/men/6.jpg', 'medium': 'https://randomuser.me/api/portraits/med/men/6.jpg', 'thumbnail': 'https://randomuser.me/api/portraits/thumb/men/6.jpg'}, 'nat': 'GB'}</msg>
<arg>${json_data['results'][0]}</arg>
<doc>Logs the given message with the given level.</doc>
<status status="PASS" start="2024-08-10T04:19:50.821611" elapsed="0.000393"/>
</kw>
<kw name="Log" owner="BuiltIn">
<msg time="2024-08-10T04:19:50.822436" level="INFO">location</msg>
<arg>${key}</arg>
<doc>Logs the given message with the given level.</doc>
<status status="PASS" start="2024-08-10T04:19:50.822307" elapsed="0.000167"/>
</kw>
<var name="${key}">location</var>
<status status="PASS" start="2024-08-10T04:19:50.820929" elapsed="0.001760"/>
</iter>
<iter>
<kw name="Dictionary Should Contain Key" owner="Collections">
<arg>${json_data['results'][0]}</arg>
<arg>${key}</arg>
<doc>Fails if ``key`` is not found from ``dictionary``.</doc>
<status status="PASS" start="2024-08-10T04:19:50.822967" elapsed="0.000436"/>
</kw>
<kw name="Log" owner="BuiltIn">
<msg time="2024-08-10T04:19:50.824067" level="INFO">{'gender': 'male', 'name': {'title': 'Mr', 'first': 'Alvin', 'last': 'Riley'}, 'location': {'street': {'number': 8518, 'name': 'Station Road'}, 'city': 'Newry', 'state': 'Cornwall', 'country': 'United Kingdom', 'postcode': 'G2F 7BW', 'coordinates': {'latitude': '-6.2944', 'longitude': '-177.7370'}, 'timezone': {'offset': '+1:00', 'description': 'Brussels, Copenhagen, Madrid, Paris'}}, 'email': 'alvin.riley@example.com', 'login': {'uuid': '0c7dd921-8dbf-41b9-9cf7-7fe122adf96c', 'username': 'yellowkoala538', 'password': 'shoes', 'salt': 'FZS9eRK2', 'md5': '5fe79b1f645e4350d665614c99571f81', 'sha1': 'cca401fb7f72e3c6ffcfca007ee76425b535cc14', 'sha256': '353cbea3d2008222662ea2611ebd132002a13107cdcd33a930e57ca95e0c8d6f'}, 'dob': {'date': '1997-11-26T23:11:29.455Z', 'age': 26}, 'registered': {'date': '2020-06-05T12:31:14.043Z', 'age': 4}, 'phone': '015394 04484', 'cell': '07481 847966', 'id': {'name': 'NINO', 'value': 'EK 91 42 12 P'}, 'picture': {'large': 'https://randomuser.me/api/portraits/men/6.jpg', 'medium': 'https://randomuser.me/api/portraits/med/men/6.jpg', 'thumbnail': 'https://randomuser.me/api/portraits/thumb/men/6.jpg'}, 'nat': 'GB'}</msg>
<arg>${json_data['results'][0]}</arg>
<doc>Logs the given message with the given level.</doc>
<status status="PASS" start="2024-08-10T04:19:50.823709" elapsed="0.000404"/>
</kw>
<kw name="Log" owner="BuiltIn">
<msg time="2024-08-10T04:19:50.824544" level="INFO">email</msg>
<arg>${key}</arg>
<doc>Logs the given message with the given level.</doc>
<status status="PASS" start="2024-08-10T04:19:50.824413" elapsed="0.000171"/>
</kw>
<var name="${key}">email</var>
<status status="PASS" start="2024-08-10T04:19:50.822859" elapsed="0.001944"/>
</iter>
<iter>
<kw name="Dictionary Should Contain Key" owner="Collections">
<arg>${json_data['results'][0]}</arg>
<arg>${key}</arg>
<doc>Fails if ``key`` is not found from ``dictionary``.</doc>
<status status="PASS" start="2024-08-10T04:19:50.825089" elapsed="0.000377"/>
</kw>
<kw name="Log" owner="BuiltIn">
<msg time="2024-08-10T04:19:50.825996" level="INFO">{'gender': 'male', 'name': {'title': 'Mr', 'first': 'Alvin', 'last': 'Riley'}, 'location': {'street': {'number': 8518, 'name': 'Station Road'}, 'city': 'Newry', 'state': 'Cornwall', 'country': 'United Kingdom', 'postcode': 'G2F 7BW', 'coordinates': {'latitude': '-6.2944', 'longitude': '-177.7370'}, 'timezone': {'offset': '+1:00', 'description': 'Brussels, Copenhagen, Madrid, Paris'}}, 'email': 'alvin.riley@example.com', 'login': {'uuid': '0c7dd921-8dbf-41b9-9cf7-7fe122adf96c', 'username': 'yellowkoala538', 'password': 'shoes', 'salt': 'FZS9eRK2', 'md5': '5fe79b1f645e4350d665614c99571f81', 'sha1': 'cca401fb7f72e3c6ffcfca007ee76425b535cc14', 'sha256': '353cbea3d2008222662ea2611ebd132002a13107cdcd33a930e57ca95e0c8d6f'}, 'dob': {'date': '1997-11-26T23:11:29.455Z', 'age': 26}, 'registered': {'date': '2020-06-05T12:31:14.043Z', 'age': 4}, 'phone': '015394 04484', 'cell': '07481 847966', 'id': {'name': 'NINO', 'value': 'EK 91 42 12 P'}, 'picture': {'large': 'https://randomuser.me/api/portraits/men/6.jpg', 'medium': 'https://randomuser.me/api/portraits/med/men/6.jpg', 'thumbnail': 'https://randomuser.me/api/portraits/thumb/men/6.jpg'}, 'nat': 'GB'}</msg>
<arg>${json_data['results'][0]}</arg>
<doc>Logs the given message with the given level.</doc>
<status status="PASS" start="2024-08-10T04:19:50.825654" elapsed="0.000390"/>
</kw>
<kw name="Log" owner="BuiltIn">
<msg time="2024-08-10T04:19:50.826465" level="INFO">login</msg>
<arg>${key}</arg>
<doc>Logs the given message with the given level.</doc>
<status status="PASS" start="2024-08-10T04:19:50.826337" elapsed="0.000166"/>
</kw>
<var name="${key}">login</var>
<status status="PASS" start="2024-08-10T04:19:50.824979" elapsed="0.001737"/>
</iter>
<var>${key}</var>
<value>@{expected_keys}</value>
<status status="PASS" start="2024-08-10T04:19:50.816657" elapsed="0.010179"/>
</for>
<kw name="Create List" owner="BuiltIn">
<msg time="2024-08-10T04:19:50.827195" level="INFO">${expected_keysTwo} = ['username', 'password']</msg>
<var>${expected_keysTwo}</var>
<arg>username</arg>
<arg>password</arg>
<doc>Returns a list containing given items.</doc>
<status status="PASS" start="2024-08-10T04:19:50.827026" elapsed="0.000228"/>
</kw>
<for flavor="IN">
<iter>
<kw name="Dictionary Should Contain Key" owner="Collections">
<arg>${json_data['results'][0]['login']}</arg>
<arg>${keyTwo}</arg>
<doc>Fails if ``key`` is not found from ``dictionary``.</doc>
<status status="PASS" start="2024-08-10T04:19:50.827768" elapsed="0.000393"/>
</kw>
<kw name="Dictionary Should Contain Key" owner="Collections">
<arg>${json_data['results'][0]['login']}</arg>
<arg>${keyTwo}</arg>
<doc>Fails if ``key`` is not found from ``dictionary``.</doc>
<status status="PASS" start="2024-08-10T04:19:50.828342" elapsed="0.000370"/>
</kw>
<kw name="Log" owner="BuiltIn">
<msg time="2024-08-10T04:19:50.829010" level="INFO">username</msg>
<arg>${keyTwo}</arg>
<doc>Logs the given message with the given level.</doc>
<status status="PASS" start="2024-08-10T04:19:50.828890" elapsed="0.000158"/>
</kw>
<var name="${keyTwo}">username</var>
<status status="PASS" start="2024-08-10T04:19:50.827660" elapsed="0.001608"/>
</iter>
<iter>
<kw name="Dictionary Should Contain Key" owner="Collections">
<arg>${json_data['results'][0]['login']}</arg>
<arg>${keyTwo}</arg>
<doc>Fails if ``key`` is not found from ``dictionary``.</doc>
<status status="PASS" start="2024-08-10T04:19:50.829549" elapsed="0.000385"/>
</kw>
<kw name="Dictionary Should Contain Key" owner="Collections">
<arg>${json_data['results'][0]['login']}</arg>
<arg>${keyTwo}</arg>
<doc>Fails if ``key`` is not found from ``dictionary``.</doc>
<status status="PASS" start="2024-08-10T04:19:50.830113" elapsed="0.000375"/>
</kw>
<kw name="Log" owner="BuiltIn">
<msg time="2024-08-10T04:19:50.830785" level="INFO">password</msg>
<arg>${keyTwo}</arg>
<doc>Logs the given message with the given level.</doc>
<status status="PASS" start="2024-08-10T04:19:50.830665" elapsed="0.000156"/>
</kw>
<var name="${keyTwo}">password</var>
<status status="PASS" start="2024-08-10T04:19:50.829441" elapsed="0.001630"/>
</iter>
<var>${keyTwo}</var>
<value>@{expected_keysTwo}</value>
<status status="PASS" start="2024-08-10T04:19:50.827507" elapsed="0.003694"/>
</for>
<status status="PASS" start="2024-08-10T04:19:50.706572" elapsed="0.124773"/>
</kw>
<doc>Testa a estrutura da resposta da API.</doc>
<tag>testeEstruturaResposta</tag>
<status status="PASS" start="2024-08-10T04:19:50.706045" elapsed="0.125460"/>
</test>
<test id="s1-s1-t4" name="Validar tipos de dados" line="28">
<kw name="Teste de Tipos de Dados" owner="random-user-service">
<kw name="GET On Session" owner="RequestsLibrary">
<msg time="2024-08-10T04:19:50.905642" level="INFO">GET Request : url=https://randomuser.me/api 
 path_url=/api 
 headers={'User-Agent': 'python-requests/2.32.3', 'Accept-Encoding': 'gzip, deflate', 'Accept': '*/*', 'Connection': 'keep-alive'} 
 body=None 
 </msg>
<msg time="2024-08-10T04:19:50.905757" level="INFO">GET Response : url=https://randomuser.me/api 
 status=200, reason=OK 
 headers={'Date': 'Sat, 10 Aug 2024 04:19:50 GMT', 'Content-Type': 'application/json; charset=utf-8', 'Transfer-Encoding': 'chunked', 'Connection': 'keep-alive', 'X-Powered-By': 'Express', 'Access-Control-Allow-Origin': '*', 'Cache-Control': 'no-cache', 'ETag': 'W/"488-atsdd2tLYfVJUgfDdlrD0XqicaU"', 'Vary': 'Accept-Encoding', 'Content-Encoding': 'gzip', 'cf-cache-status': 'DYNAMIC', 'Report-To': '{"endpoints":[{"url":"https:\\/\\/a.nel.cloudflare.com\\/report\\/v4?s=bpPqfi6RhuaiqA4N8MaRdmvejtyGCEvhhUsGXMZCPlfi%2BftwdFyabinAM6C%2Fgn0HCKuZa0ThwyBFYPtwWPw8DJE8iTq9RpUjZqjr2WbYyPhox9QNNEimpc0%2BkcDKZf7i"}],"group":"cf-nel","max_age":604800}', 'NEL': '{"success_fraction":0,"report_to":"cf-nel","max_age":604800}', 'Server': 'cloudflare', 'CF-RAY': '8b0d30a2bf4a81ff-IAD', 'alt-svc': 'h3=":443"; ma=86400'} 
 body={"results":[{"gender":"male","name":{"title":"Mr","first":"Lester","last":"Webb"},"location":{"street":{"number":8738,"name":"Miller Ave"},"city":"Burbank","state":"New Hampshire","country":"United States","postcode":68096,"coordinates":{"latitude":"88.6273","longitude":"-83.9838"},"timezone":{"offset":"-8:00","description":"Pacific Time (US &amp; Canada)"}},"email":"lester.webb@example.com","login":{"uuid":"9f2d819a-e24e-4815-9125-b8a6d9f4e1e4","username":"blackfrog731","password":"beaker","salt":"6kq4Fewg","md5":"b6d8d3873eb0cf7fa248daae74cb37be","sha1":"d31737f414b47697a36e917904cba575f739a261","sha256":"7f23d8a75fe9e4dc47ec448e2fb0552c0097a15710f95353acbb2eba28377bcc"},"dob":{"date":"1975-09-20T13:38:45.009Z","age":48},"registered":{"date":"2015-09-10T17:25:54.058Z","age":8},"phone":"(869) 481-8234","cell":"(864) 849-8250","id":{"name":"SSN","value":"668-06-7487"},"picture":{"large":"https://randomuser.me/api/portraits/men/40.jpg","medium":"https://randomuser.me/api/portraits/med/men/40.jpg","thumbnail":"https://randomuser.me/api/portraits/thumb/men/40.jpg"},"nat":"US"}],"info":{"seed":"b1e4006263f71106","results":1,"page":1,"version":"1.4"}} 
 </msg>
<msg time="2024-08-10T04:19:50.905846" level="INFO">/opt/hostedtoolcache/Python/3.12.4/x64/lib/python3.12/site-packages/urllib3/connectionpool.py:1099: InsecureRequestWarning: Unverified HTTPS request is being made to host 'randomuser.me'. Adding certificate verification is strongly advised. See: https://urllib3.readthedocs.io/en/latest/advanced-usage.html#tls-warnings
  warnings.warn(</msg>
<msg time="2024-08-10T04:19:50.906009" level="INFO">${response} = &lt;Response [200]&gt;</msg>
<var>${response}</var>
<arg>consultarAPI</arg>
<arg>/api</arg>
<doc>Sends a GET request on a previously created HTTP Session.</doc>
<status status="PASS" start="2024-08-10T04:19:50.834004" elapsed="0.072070"/>
</kw>
<kw name="Set Variable" owner="BuiltIn">
<msg time="2024-08-10T04:19:50.907485" level="INFO">${json_data} = {'results': [{'gender': 'male', 'name': {'title': 'Mr', 'first': 'Lester', 'last': 'Webb'}, 'location': {'street': {'number': 8738, 'name': 'Miller Ave'}, 'city': 'Burbank', 'state': 'New Hampshire', ...</msg>
<var>${json_data}</var>
<arg>${response.json()}</arg>
<doc>Returns the given values which can then be assigned to a variables.</doc>
<status status="PASS" start="2024-08-10T04:19:50.906810" elapsed="0.000707"/>
</kw>
<kw name="Log" owner="BuiltIn">
<msg time="2024-08-10T04:19:50.908099" level="INFO">{'results': [{'gender': 'male', 'name': {'title': 'Mr', 'first': 'Lester', 'last': 'Webb'}, 'location': {'street': {'number': 8738, 'name': 'Miller Ave'}, 'city': 'Burbank', 'state': 'New Hampshire', 'country': 'United States', 'postcode': 68096, 'coordinates': {'latitude': '88.6273', 'longitude': '-83.9838'}, 'timezone': {'offset': '-8:00', 'description': 'Pacific Time (US &amp; Canada)'}}, 'email': 'lester.webb@example.com', 'login': {'uuid': '9f2d819a-e24e-4815-9125-b8a6d9f4e1e4', 'username': 'blackfrog731', 'password': 'beaker', 'salt': '6kq4Fewg', 'md5': 'b6d8d3873eb0cf7fa248daae74cb37be', 'sha1': 'd31737f414b47697a36e917904cba575f739a261', 'sha256': '7f23d8a75fe9e4dc47ec448e2fb0552c0097a15710f95353acbb2eba28377bcc'}, 'dob': {'date': '1975-09-20T13:38:45.009Z', 'age': 48}, 'registered': {'date': '2015-09-10T17:25:54.058Z', 'age': 8}, 'phone': '(869) 481-8234', 'cell': '(864) 849-8250', 'id': {'name': 'SSN', 'value': '668-06-7487'}, 'picture': {'large': 'https://randomuser.me/api/portraits/men/40.jpg', 'medium': 'https://randomuser.me/api/portraits/med/men/40.jpg', 'thumbnail': 'https://randomuser.me/api/portraits/thumb/men/40.jpg'}, 'nat': 'US'}], 'info': {'seed': 'b1e4006263f71106', 'results': 1, 'page': 1, 'version': '1.4'}}</msg>
<arg>${json_data}</arg>
<doc>Logs the given message with the given level.</doc>
<status status="PASS" start="2024-08-10T04:19:50.907912" elapsed="0.000239"/>
</kw>
<kw name="Should Be String" owner="String">
<arg>${json_data['results'][0]['gender']}</arg>
<doc>Fails if the given ``item`` is not a string.</doc>
<status status="PASS" start="2024-08-10T04:19:50.908481" elapsed="0.000393"/>
</kw>
<kw name="Should Match Regexp" owner="BuiltIn">
<arg>${json_data['results'][0]['email']}</arg>
<arg>^[a-zA-Z0-9._%+-]+@[a-zA-Z0-9.-]+\.[a-zA-Z]{2,}$</arg>
<doc>Fails if ``string`` does not match ``pattern`` as a regular expression.</doc>
<status status="PASS" start="2024-08-10T04:19:50.909085" elapsed="0.000541"/>
</kw>
<kw name="Should Match Regexp" owner="BuiltIn">
<arg>${json_data['results'][0]['dob']['date']}</arg>
<arg>\\d{4}-\\d{2}-\\d{2}T\\d{2}:\\d{2}:\\d{2}\\.\\d{3}Z</arg>
<doc>Fails if ``string`` does not match ``pattern`` as a regular expression.</doc>
<status status="PASS" start="2024-08-10T04:19:50.909895" elapsed="0.000677"/>
</kw>
<kw name="Should Match Regexp" owner="BuiltIn">
<arg>${json_data['results'][0]['registered']['date']}</arg>
<arg>\\d{4}-\\d{2}-\\d{2}T\\d{2}:\\d{2}:\\d{2}\\.\\d{3}Z</arg>
<doc>Fails if ``string`` does not match ``pattern`` as a regular expression.</doc>
<status status="PASS" start="2024-08-10T04:19:50.910771" elapsed="0.000422"/>
</kw>
<kw name="Should Match Regexp" owner="BuiltIn">
<arg>${json_data['results'][0]['picture']['large']}</arg>
<arg>^https?://.*\.(?:png|jpe?g|gif|bmp)$</arg>
<doc>Fails if ``string`` does not match ``pattern`` as a regular expression.</doc>
<status status="PASS" start="2024-08-10T04:19:50.911390" elapsed="0.000477"/>
</kw>
<kw name="Should Match Regexp" owner="BuiltIn">
<arg>${json_data['results'][0]['picture']['medium']}</arg>
<arg>^https?://.*\.(?:png|jpe?g|gif|bmp)$</arg>
<doc>Fails if ``string`` does not match ``pattern`` as a regular expression.</doc>
<status status="PASS" start="2024-08-10T04:19:50.912058" elapsed="0.000360"/>
</kw>
<kw name="Should Match Regexp" owner="BuiltIn">
<arg>${json_data['results'][0]['picture']['thumbnail']}</arg>
<arg>^https?://.*\.(?:png|jpe?g|gif|bmp)$</arg>
<doc>Fails if ``string`` does not match ``pattern`` as a regular expression.</doc>
<status status="PASS" start="2024-08-10T04:19:50.912606" elapsed="0.000361"/>
</kw>
<kw name="Log" owner="BuiltIn">
<msg time="2024-08-10T04:19:50.913504" level="INFO">{'large': 'https://randomuser.me/api/portraits/men/40.jpg', 'medium': 'https://randomuser.me/api/portraits/med/men/40.jpg', 'thumbnail': 'https://randomuser.me/api/portraits/thumb/men/40.jpg'}</msg>
<arg>${json_data['results'][0]['picture']}</arg>
<doc>Logs the given message with the given level.</doc>
<status status="PASS" start="2024-08-10T04:19:50.913161" elapsed="0.000389"/>
</kw>
<status status="PASS" start="2024-08-10T04:19:50.833764" elapsed="0.080087"/>
</kw>
<kw name="Teste de Tipos de Dados - Postcode" owner="random-user-service">
<kw name="GET On Session" owner="RequestsLibrary">
<msg time="2024-08-10T04:19:51.029407" level="INFO">GET Request : url=https://randomuser.me/api 
 path_url=/api 
 headers={'User-Agent': 'python-requests/2.32.3', 'Accept-Encoding': 'gzip, deflate', 'Accept': '*/*', 'Connection': 'keep-alive'} 
 body=None 
 </msg>
<msg time="2024-08-10T04:19:51.029521" level="INFO">GET Response : url=https://randomuser.me/api 
 status=200, reason=OK 
 headers={'Date': 'Sat, 10 Aug 2024 04:19:51 GMT', 'Content-Type': 'application/json; charset=utf-8', 'Transfer-Encoding': 'chunked', 'Connection': 'keep-alive', 'X-Powered-By': 'Express', 'Access-Control-Allow-Origin': '*', 'Cache-Control': 'no-cache', 'ETag': 'W/"46c-h+9RQ+gxglce/uyb1qfandn73IU"', 'Vary': 'Accept-Encoding', 'Content-Encoding': 'gzip', 'CF-Cache-Status': 'DYNAMIC', 'Report-To': '{"endpoints":[{"url":"https:\\/\\/a.nel.cloudflare.com\\/report\\/v4?s=hqDS7A74DD1Jh7Ww3cIQ%2FtEQBU3kQl32YsZ8CadCGcbGvrb%2BIsz94nBdi1HJ88DYssRsl1Fl3bHGAsSNGnACsFHYwyZuGvSB3TZLAb29MErO28UE7osaXn9ZFIoITjHV"}],"group":"cf-nel","max_age":604800}', 'NEL': '{"success_fraction":0,"report_to":"cf-nel","max_age":604800}', 'Server': 'cloudflare', 'CF-RAY': '8b0d30a33fe481ff-IAD', 'alt-svc': 'h3=":443"; ma=86400'} 
 body={"results":[{"gender":"female","name":{"title":"Miss","first":"Özsu","last":"Tazegül"},"location":{"street":{"number":1753,"name":"Necatibey Cd"},"city":"Mersin","state":"Adana","country":"Turkey","postcode":20993,"coordinates":{"latitude":"68.6501","longitude":"130.2566"},"timezone":{"offset":"+3:30","description":"Tehran"}},"email":"ozsu.tazegul@example.com","login":{"uuid":"cc392860-1a78-4323-a340-5b14e16b45da","username":"angrygoose746","password":"darkside","salt":"NBGoimPn","md5":"93708f3263d32b8db6da0c423021c5a4","sha1":"ab04cb7940740e353b687eee1c76c43d71c3e9a8","sha256":"cf04dfe345ec1b91935e372efc8954ef227ae8904b2d677637c8cf8d20bbfc8f"},"dob":{"date":"1950-02-14T12:42:07.550Z","age":74},"registered":{"date":"2007-08-30T20:57:11.343Z","age":16},"phone":"(146)-238-6489","cell":"(941)-056-9919","id":{"name":"","value":null},"picture":{"large":"https://randomuser.me/api/portraits/women/87.jpg","medium":"https://randomuser.me/api/portraits/med/women/87.jpg","thumbnail":"https://randomuser.me/api/portraits/thumb/women/87.jpg"},"nat":"TR"}],"info":{"seed":"0a8d7db0790479cf","results":1,"page":1,"version":"1.4"}} 
 </msg>
<msg time="2024-08-10T04:19:51.029597" level="INFO">/opt/hostedtoolcache/Python/3.12.4/x64/lib/python3.12/site-packages/urllib3/connectionpool.py:1099: InsecureRequestWarning: Unverified HTTPS request is being made to host 'randomuser.me'. Adding certificate verification is strongly advised. See: https://urllib3.readthedocs.io/en/latest/advanced-usage.html#tls-warnings
  warnings.warn(</msg>
<msg time="2024-08-10T04:19:51.029738" level="INFO">${response} = &lt;Response [200]&gt;</msg>
<var>${response}</var>
<arg>consultarAPI</arg>
<arg>/api</arg>
<doc>Sends a GET request on a previously created HTTP Session.</doc>
<status status="PASS" start="2024-08-10T04:19:50.914334" elapsed="0.115445"/>
</kw>
<kw name="Set Variable" owner="BuiltIn">
<msg time="2024-08-10T04:19:51.030991" level="INFO">${json_data} = {'results': [{'gender': 'female', 'name': {'title': 'Miss', 'first': 'Özsu', 'last': 'Tazegül'}, 'location': {'street': {'number': 1753, 'name': 'Necatibey Cd'}, 'city': 'Mersin', 'state': 'Adana', 'c...</msg>
<var>${json_data}</var>
<arg>${response.json()}</arg>
<doc>Returns the given values which can then be assigned to a variables.</doc>
<status status="PASS" start="2024-08-10T04:19:51.030421" elapsed="0.000601"/>
</kw>
<kw name="Log" owner="BuiltIn">
<msg time="2024-08-10T04:19:51.031594" level="INFO">{'results': [{'gender': 'female', 'name': {'title': 'Miss', 'first': 'Özsu', 'last': 'Tazegül'}, 'location': {'street': {'number': 1753, 'name': 'Necatibey Cd'}, 'city': 'Mersin', 'state': 'Adana', 'country': 'Turkey', 'postcode': 20993, 'coordinates': {'latitude': '68.6501', 'longitude': '130.2566'}, 'timezone': {'offset': '+3:30', 'description': 'Tehran'}}, 'email': 'ozsu.tazegul@example.com', 'login': {'uuid': 'cc392860-1a78-4323-a340-5b14e16b45da', 'username': 'angrygoose746', 'password': 'darkside', 'salt': 'NBGoimPn', 'md5': '93708f3263d32b8db6da0c423021c5a4', 'sha1': 'ab04cb7940740e353b687eee1c76c43d71c3e9a8', 'sha256': 'cf04dfe345ec1b91935e372efc8954ef227ae8904b2d677637c8cf8d20bbfc8f'}, 'dob': {'date': '1950-02-14T12:42:07.550Z', 'age': 74}, 'registered': {'date': '2007-08-30T20:57:11.343Z', 'age': 16}, 'phone': '(146)-238-6489', 'cell': '(941)-056-9919', 'id': {'name': '', 'value': None}, 'picture': {'large': 'https://randomuser.me/api/portraits/women/87.jpg', 'medium': 'https://randomuser.me/api/portraits/med/women/87.jpg', 'thumbnail': 'https://randomuser.me/api/portraits/thumb/women/87.jpg'}, 'nat': 'TR'}], 'info': {'seed': '0a8d7db0790479cf', 'results': 1, 'page': 1, 'version': '1.4'}}</msg>
<arg>${json_data}</arg>
<doc>Logs the given message with the given level.</doc>
<status status="PASS" start="2024-08-10T04:19:51.031418" elapsed="0.000226"/>
</kw>
<kw name="Should Be Equal As Numbers" owner="BuiltIn">
<arg>${json_data['results'][0]['location']['postcode']}</arg>
<arg>${json_data['results'][0]['location']['postcode']}</arg>
<doc>Fails if objects are unequal after converting them to real numbers.</doc>
<status status="PASS" start="2024-08-10T04:19:51.031958" elapsed="0.000666"/>
</kw>
<kw name="Log" owner="BuiltIn">
<msg time="2024-08-10T04:19:51.033161" level="INFO">20993</msg>
<arg>${json_data['results'][0]['location']['postcode']}</arg>
<doc>Logs the given message with the given level.</doc>
<status status="PASS" start="2024-08-10T04:19:51.032818" elapsed="0.000384"/>
</kw>
<status status="PASS" start="2024-08-10T04:19:50.914089" elapsed="0.119413"/>
</kw>
<doc>Testa se os tipos de dados na resposta da API estão corretos.</doc>
<tag>testeTiposDados</tag>
<status status="PASS" start="2024-08-10T04:19:50.833303" elapsed="0.200378"/>
</test>
<test id="s1-s1-t5" name="Validar conteudo" line="35">
<kw name="Teste de Tipos de Conteudo" owner="random-user-service">
<kw name="GET On Session" owner="RequestsLibrary">
<msg time="2024-08-10T04:19:51.113466" level="INFO">GET Request : url=https://randomuser.me/api 
 path_url=/api 
 headers={'User-Agent': 'python-requests/2.32.3', 'Accept-Encoding': 'gzip, deflate', 'Accept': '*/*', 'Connection': 'keep-alive'} 
 body=None 
 </msg>
<msg time="2024-08-10T04:19:51.113575" level="INFO">GET Response : url=https://randomuser.me/api 
 status=200, reason=OK 
 headers={'Date': 'Sat, 10 Aug 2024 04:19:51 GMT', 'Content-Type': 'application/json; charset=utf-8', 'Transfer-Encoding': 'chunked', 'Connection': 'keep-alive', 'X-Powered-By': 'Express', 'Access-Control-Allow-Origin': '*', 'Cache-Control': 'no-cache', 'ETag': 'W/"49e-couwE7Maj+SQE7YAw/3PQaJwbsw"', 'Vary': 'Accept-Encoding', 'Content-Encoding': 'gzip', 'CF-Cache-Status': 'DYNAMIC', 'Report-To': '{"endpoints":[{"url":"https:\\/\\/a.nel.cloudflare.com\\/report\\/v4?s=UxAGZ6zpnNepr9mOl9qfrnuEoguFW3mhVl25jyXMqJvS47t76F4MVguXBoAwRgoqqEYiCTFOXPtknABoUIt8pXIBQPOdKhxH93SqMicB1blWQ%2FfA2mZiWY6boY1xRhNE"}],"group":"cf-nel","max_age":604800}', 'NEL': '{"success_fraction":0,"report_to":"cf-nel","max_age":604800}', 'Server': 'cloudflare', 'CF-RAY': '8b0d30a3f8d181ff-IAD', 'alt-svc': 'h3=":443"; ma=86400'} 
 body={"results":[{"gender":"male","name":{"title":"Mr","first":"Adalsindo","last":"da Luz"},"location":{"street":{"number":3527,"name":"Rua Pará "},"city":"Jaú","state":"Mato Grosso","country":"Brazil","postcode":40763,"coordinates":{"latitude":"-78.3000","longitude":"-104.3429"},"timezone":{"offset":"-4:00","description":"Atlantic Time (Canada), Caracas, La Paz"}},"email":"adalsindo.daluz@example.com","login":{"uuid":"04457765-afb1-4e85-9ad6-598791b3d098","username":"ticklishgorilla395","password":"nancy1","salt":"N8Sh6Iww","md5":"c5ada972655aba7f74890d475a3303eb","sha1":"869591483f8d49c8fe4cda3a956f80715eeeddc2","sha256":"06a52c625e9d812f7e7e5563255398eaf588ebf8366ba463ec8d105ffcd65d3b"},"dob":{"date":"1977-08-14T20:48:53.509Z","age":46},"registered":{"date":"2013-03-21T05:34:56.933Z","age":11},"phone":"(61) 7180-5522","cell":"(51) 6875-1380","id":{"name":"CPF","value":"005.973.022-78"},"picture":{"large":"https://randomuser.me/api/portraits/men/46.jpg","medium":"https://randomuser.me/api/portraits/med/men/46.jpg","thumbnail":"https://randomuser.me/api/portraits/thumb/men/46.jpg"},"nat":"BR"}],"info":{"seed":"b620640677e6465c","results":1,"page":1,"version":"1.4"}} 
 </msg>
<msg time="2024-08-10T04:19:51.113661" level="INFO">/opt/hostedtoolcache/Python/3.12.4/x64/lib/python3.12/site-packages/urllib3/connectionpool.py:1099: InsecureRequestWarning: Unverified HTTPS request is being made to host 'randomuser.me'. Adding certificate verification is strongly advised. See: https://urllib3.readthedocs.io/en/latest/advanced-usage.html#tls-warnings
  warnings.warn(</msg>
<msg time="2024-08-10T04:19:51.113798" level="INFO">${response} = &lt;Response [200]&gt;</msg>
<var>${response}</var>
<arg>consultarAPI</arg>
<arg>/api</arg>
<doc>Sends a GET request on a previously created HTTP Session.</doc>
<status status="PASS" start="2024-08-10T04:19:51.036227" elapsed="0.077611"/>
</kw>
<kw name="Set Variable" owner="BuiltIn">
<msg time="2024-08-10T04:19:51.115114" level="INFO">${json_data} = {'results': [{'gender': 'male', 'name': {'title': 'Mr', 'first': 'Adalsindo', 'last': 'da Luz'}, 'location': {'street': {'number': 3527, 'name': 'Rua Pará '}, 'city': 'Jaú', 'state': 'Mato Grosso', 'c...</msg>
<var>${json_data}</var>
<arg>${response.json()}</arg>
<doc>Returns the given values which can then be assigned to a variables.</doc>
<status status="PASS" start="2024-08-10T04:19:51.114486" elapsed="0.000662"/>
</kw>
<kw name="Set Variable" owner="BuiltIn">
<msg time="2024-08-10T04:19:51.115838" level="INFO">${name_title} = Mr</msg>
<var>${name_title}</var>
<arg>${json_data["results"][0]["name"]["title"]}</arg>
<doc>Returns the given values which can then be assigned to a variables.</doc>
<status status="PASS" start="2024-08-10T04:19:51.115458" elapsed="0.000406"/>
</kw>
<kw name="Create List" owner="BuiltIn">
<msg time="2024-08-10T04:19:51.116315" level="INFO">${allowed_titles} = ['Mr', 'Ms', 'Miss', 'Mrs', 'Madame', 'Monsieur']</msg>
<var>${allowed_titles}</var>
<arg>Mr</arg>
<arg>Ms</arg>
<arg>Miss</arg>
<arg>Mrs</arg>
<arg>Madame</arg>
<arg>Monsieur</arg>
<doc>Returns a list containing given items.</doc>
<status status="PASS" start="2024-08-10T04:19:51.116166" elapsed="0.000174"/>
</kw>
<kw name="List Should Contain Value" owner="Collections">
<arg>${allowed_titles}</arg>
<arg>${name_title}</arg>
<doc>Fails if the ``value`` is not found from ``list``.</doc>
<status status="PASS" start="2024-08-10T04:19:51.116639" elapsed="0.000177"/>
</kw>
<kw name="Set Variable" owner="BuiltIn">
<msg time="2024-08-10T04:19:51.117377" level="INFO">${name_country} = BR</msg>
<var>${name_country}</var>
<arg>${json_data["results"][0]["nat"]}</arg>
<doc>Returns the given values which can then be assigned to a variables.</doc>
<status status="PASS" start="2024-08-10T04:19:51.116999" elapsed="0.000403"/>
</kw>
<kw name="Create List" owner="BuiltIn">
<msg time="2024-08-10T04:19:51.118296" level="INFO">${list_country} = ['AD', 'AE', 'AF', 'AG', 'AI', 'AL', 'AM', 'AO', 'AQ', 'AR', 'AS', 'AT', 'AU', 'AW', 'AX', 'AZ', 'BA', 'BB', 'BD', 'BE', 'BF', 'BG', 'BH', 'BI', 'BJ', 'BL', 'BM', 'BN', 'BO', 'BQ', 'BR', 'BS', 'BT', '...</msg>
<var>${list_country}</var>
<arg>AD</arg>
<arg>AE</arg>
<arg>AF</arg>
<arg>AG</arg>
<arg>AI</arg>
<arg>AL</arg>
<arg>AM</arg>
<arg>AO</arg>
<arg>AQ</arg>
<arg>AR</arg>
<arg>AS</arg>
<arg>AT</arg>
<arg>AU</arg>
<arg>AW</arg>
<arg>AX</arg>
<arg>AZ</arg>
<arg>BA</arg>
<arg>BB</arg>
<arg>BD</arg>
<arg>BE</arg>
<arg>BF</arg>
<arg>BG</arg>
<arg>BH</arg>
<arg>BI</arg>
<arg>BJ</arg>
<arg>BL</arg>
<arg>BM</arg>
<arg>BN</arg>
<arg>BO</arg>
<arg>BQ</arg>
<arg>BR</arg>
<arg>BS</arg>
<arg>BT</arg>
<arg>BV</arg>
<arg>BW</arg>
<arg>BY</arg>
<arg>BZ</arg>
<arg>CA</arg>
<arg>CC</arg>
<arg>CD</arg>
<arg>CF</arg>
<arg>CG</arg>
<arg>CH</arg>
<arg>CI</arg>
<arg>CK</arg>
<arg>CL</arg>
<arg>CM</arg>
<arg>CN</arg>
<arg>CO</arg>
<arg>CR</arg>
<arg>CU</arg>
<arg>CV</arg>
<arg>CW</arg>
<arg>CX</arg>
<arg>CY</arg>
<arg>CZ</arg>
<arg>DE</arg>
<arg>DJ</arg>
<arg>DK</arg>
<arg>DM</arg>
<arg>DO</arg>
<arg>DZ</arg>
<arg>EC</arg>
<arg>EE</arg>
<arg>EG</arg>
<arg>EH</arg>
<arg>ER</arg>
<arg>ES</arg>
<arg>ET</arg>
<arg>FI</arg>
<arg>FJ</arg>
<arg>FK</arg>
<arg>FM</arg>
<arg>FO</arg>
<arg>FR</arg>
<arg>GA</arg>
<arg>GB</arg>
<arg>GD</arg>
<arg>GE</arg>
<arg>GF</arg>
<arg>GG</arg>
<arg>GH</arg>
<arg>GI</arg>
<arg>GL</arg>
<arg>GM</arg>
<arg>GN</arg>
<arg>GP</arg>
<arg>GQ</arg>
<arg>GR</arg>
<arg>GS</arg>
<arg>GT</arg>
<arg>GU</arg>
<arg>GW</arg>
<arg>GY</arg>
<arg>HK</arg>
<arg>HM</arg>
<arg>HN</arg>
<arg>HR</arg>
<arg>HT</arg>
<arg>HU</arg>
<arg>ID</arg>
<arg>IE</arg>
<arg>IL</arg>
<arg>IM</arg>
<arg>IN</arg>
<arg>IO</arg>
<arg>IQ</arg>
<arg>IR</arg>
<arg>IS</arg>
<arg>IT</arg>
<arg>JE</arg>
<arg>JM</arg>
<arg>JO</arg>
<arg>JP</arg>
<arg>KE</arg>
<arg>KG</arg>
<arg>KH</arg>
<arg>KI</arg>
<arg>KM</arg>
<arg>KN</arg>
<arg>KP</arg>
<arg>KR</arg>
<arg>KW</arg>
<arg>KY</arg>
<arg>KZ</arg>
<arg>LA</arg>
<arg>LB</arg>
<arg>LC</arg>
<arg>LI</arg>
<arg>LK</arg>
<arg>LR</arg>
<arg>LS</arg>
<arg>LT</arg>
<arg>LU</arg>
<arg>LV</arg>
<arg>LY</arg>
<arg>MA</arg>
<arg>MC</arg>
<arg>MD</arg>
<arg>ME</arg>
<arg>MF</arg>
<arg>MG</arg>
<arg>MH</arg>
<arg>MK</arg>
<arg>ML</arg>
<arg>MM</arg>
<arg>MN</arg>
<arg>MO</arg>
<arg>MP</arg>
<arg>MQ</arg>
<arg>MR</arg>
<arg>MS</arg>
<arg>MT</arg>
<arg>MU</arg>
<arg>MV</arg>
<arg>MW</arg>
<arg>MX</arg>
<arg>MY</arg>
<arg>MZ</arg>
<arg>NA</arg>
<arg>NC</arg>
<arg>NE</arg>
<arg>NF</arg>
<arg>NG</arg>
<arg>NI</arg>
<arg>NL</arg>
<arg>NO</arg>
<arg>NP</arg>
<arg>NR</arg>
<arg>NU</arg>
<arg>NZ</arg>
<arg>OM</arg>
<arg>PA</arg>
<arg>PE</arg>
<arg>PF</arg>
<arg>PG</arg>
<arg>PH</arg>
<arg>PK</arg>
<arg>PL</arg>
<arg>PM</arg>
<arg>PN</arg>
<arg>PR</arg>
<arg>PS</arg>
<arg>PT</arg>
<arg>PW</arg>
<arg>PY</arg>
<arg>QA</arg>
<arg>RE</arg>
<arg>RO</arg>
<arg>RS</arg>
<arg>RU</arg>
<arg>RW</arg>
<arg>SA</arg>
<arg>SB</arg>
<arg>SC</arg>
<arg>SD</arg>
<arg>SE</arg>
<arg>SG</arg>
<arg>SH</arg>
<arg>SI</arg>
<arg>SJ</arg>
<arg>SK</arg>
<arg>SL</arg>
<arg>SM</arg>
<arg>SN</arg>
<arg>SO</arg>
<arg>SR</arg>
<arg>SS</arg>
<arg>ST</arg>
<arg>SV</arg>
<arg>SX</arg>
<arg>SY</arg>
<arg>SZ</arg>
<arg>TC</arg>
<arg>TD</arg>
<arg>TF</arg>
<arg>TG</arg>
<arg>TH</arg>
<arg>TJ</arg>
<arg>TK</arg>
<arg>TL</arg>
<arg>TM</arg>
<arg>TN</arg>
<arg>TO</arg>
<arg>TR</arg>
<arg>TT</arg>
<arg>TV</arg>
<arg>TW</arg>
<arg>TZ</arg>
<arg>UA</arg>
<arg>UG</arg>
<arg>UM</arg>
<arg>US</arg>
<arg>UY</arg>
<arg>UZ</arg>
<arg>VA</arg>
<arg>VC</arg>
<arg>VE</arg>
<arg>VG</arg>
<arg>VI</arg>
<arg>VN</arg>
<arg>VU</arg>
<arg>WF</arg>
<arg>WS</arg>
<arg>XK</arg>
<arg>YE</arg>
<arg>YT</arg>
<arg>ZA</arg>
<arg>ZM</arg>
<arg>ZW</arg>
<doc>Returns a list containing given items.</doc>
<status status="PASS" start="2024-08-10T04:19:51.117692" elapsed="0.000629"/>
</kw>
<kw name="List Should Contain Value" owner="Collections">
<arg>${list_country}</arg>
<arg>${name_country}</arg>
<doc>Fails if the ``value`` is not found from ``list``.</doc>
<status status="PASS" start="2024-08-10T04:19:51.119331" elapsed="0.000213"/>
</kw>
<kw name="Run Keyword If" owner="BuiltIn">
<kw name="Should Be True" owner="BuiltIn">
<arg>${True}</arg>
<doc>Fails if the given condition is not true.</doc>
<status status="PASS" start="2024-08-10T04:19:51.120484" elapsed="0.000143"/>
</kw>
<arg>${json_data["results"][0]["location"]["coordinates"]["latitude"]} &gt;= -90 and ${json_data["results"][0]["location"]["coordinates"]["latitude"]} &lt;= 90</arg>
<arg>Should Be True</arg>
<arg>${True}</arg>
<doc>Runs the given keyword with the given arguments, if ``condition`` is true.</doc>
<status status="PASS" start="2024-08-10T04:19:51.119744" elapsed="0.001009"/>
</kw>
<kw name="Run Keyword If" owner="BuiltIn">
<kw name="Should Be True" owner="BuiltIn">
<arg>${True}</arg>
<doc>Fails if the given condition is not true.</doc>
<status status="PASS" start="2024-08-10T04:19:51.121636" elapsed="0.000135"/>
</kw>
<arg>${json_data["results"][0]["location"]["coordinates"]["longitude"]} &gt;= -180 and ${json_data["results"][0]["location"]["coordinates"]["longitude"]} &lt;= 180</arg>
<arg>Should Be True</arg>
<arg>${True}</arg>
<doc>Runs the given keyword with the given arguments, if ``condition`` is true.</doc>
<status status="PASS" start="2024-08-10T04:19:51.120942" elapsed="0.000951"/>
</kw>
<status status="PASS" start="2024-08-10T04:19:51.035990" elapsed="0.086035"/>
</kw>
<doc>Testa o conteúdo específico dos campos retornados pela API.</doc>
<tag>testeConteudo</tag>
<status status="PASS" start="2024-08-10T04:19:51.035518" elapsed="0.086660"/>
</test>
<status status="PASS" start="2024-08-10T04:19:50.294341" elapsed="0.829834"/>
</suite>
<status status="PASS" start="2024-08-10T04:19:50.279882" elapsed="0.849418"/>
</suite>
<statistics>
<total>
<stat pass="5" fail="0" skip="0">All Tests</stat>
</total>
<tag>
<stat pass="1" fail="0" skip="0">testeConteudo</stat>
<stat pass="1" fail="0" skip="0">testeEstruturaResposta</stat>
<stat pass="1" fail="0" skip="0">testeRequisicaoBasica</stat>
<stat pass="1" fail="0" skip="0">testeTiposDados</stat>
</tag>
<suite>
<stat pass="5" fail="0" skip="0" id="s1" name="Tests">Tests</stat>
<stat pass="5" fail="0" skip="0" id="s1-s1" name="Random-User-Test">Tests.Random-User-Test</stat>
</suite>
</statistics>
<errors>
</errors>
</robot>
