<?xml version="1.0" encoding="UTF-8"?>
<robot generator="Robot 7.0 (Python 3.12.3 on linux)" generated="2024-04-24T02:23:21.233468" rpa="false" schemaversion="5">
<suite id="s1" name="Tests" source="/home/runner/work/DesafioQAItauRogerioJordao/DesafioQAItauRogerioJordao/RamdonUser/tests">
<suite id="s1-s1" name="Random-User-Test" source="/home/runner/work/DesafioQAItauRogerioJordao/DesafioQAItauRogerioJordao/RamdonUser/tests/random-user-test.robot">
<test id="s1-s1-t1" name="Conectar" line="13">
<kw name="Conectar API" owner="random-user-service">
<kw name="Create Session" owner="RequestsLibrary">
<msg time="2024-04-24T02:23:21.631788" level="INFO">Creating Session using : alias=consultarAPI, url=https://randomuser.me/, headers={},                     cookies={}, auth=None, timeout=None, proxies=None, verify=False,                     debug=0 </msg>
<arg>consultarAPI</arg>
<arg>${URL}</arg>
<doc>Create Session: create a HTTP session to a server</doc>
<status status="PASS" start="2024-04-24T02:23:21.631586" elapsed="0.000429"/>
</kw>
<status status="PASS" start="2024-04-24T02:23:21.630596" elapsed="0.001785"/>
</kw>
<status status="PASS" start="2024-04-24T02:23:21.629941" elapsed="0.002633"/>
</test>
<test id="s1-s1-t2" name="Validar retorno 200 e JSON Válido" line="16">
<kw name="Teste de Requisicao Basica" owner="random-user-service">
<kw name="GET On Session" owner="RequestsLibrary">
<msg time="2024-04-24T02:23:21.749109" level="INFO">GET Request : url=https://randomuser.me/api 
 path_url=/api 
 headers={'User-Agent': 'python-requests/2.31.0', 'Accept-Encoding': 'gzip, deflate', 'Accept': '*/*', 'Connection': 'keep-alive'} 
 body=None 
 </msg>
<msg time="2024-04-24T02:23:21.749260" level="INFO">GET Response : url=https://randomuser.me/api 
 status=200, reason=OK 
 headers={'Date': 'Wed, 24 Apr 2024 02:23:21 GMT', 'Content-Type': 'application/json; charset=utf-8', 'Transfer-Encoding': 'chunked', 'Connection': 'keep-alive', 'X-Powered-By': 'Express', 'Access-Control-Allow-Origin': '*', 'Cache-Control': 'no-cache', 'ETag': 'W/"49a-TxFr5nYc4fdUip944Cx3DYZxzn0"', 'Vary': 'Accept-Encoding', 'Content-Encoding': 'gzip', 'CF-Cache-Status': 'DYNAMIC', 'Report-To': '{"endpoints":[{"url":"https:\\/\\/a.nel.cloudflare.com\\/report\\/v4?s=Wr2eSpYbw2IHjpZe%2FmzlkhuEuSmS1WjXaYzKbzEZzo1fU8PJv6OMl65443R11S%2B05xVSl8%2BxDnww%2B2ueQcjX20uTizqnTOtb0LIdbCx9gp8hcZxpmw7%2BtWRxBRY2D81U"}],"group":"cf-nel","max_age":604800}', 'NEL': '{"success_fraction":0,"report_to":"cf-nel","max_age":604800}', 'Server': 'cloudflare', 'CF-RAY': '8792a1806c0c5c19-SJC', 'alt-svc': 'h3=":443"; ma=86400'} 
 body={"results":[{"gender":"female","name":{"title":"Ms","first":"مریم","last":"نكو نظر"},"location":{"street":{"number":9928,"name":"شهید عباس افضلی"},"city":"پاکدشت","state":"تهران","country":"Iran","postcode":28865,"coordinates":{"latitude":"17.3651","longitude":"41.9552"},"timezone":{"offset":"+2:00","description":"Kaliningrad, South Africa"}},"email":"mrym.nkwnzr@example.com","login":{"uuid":"acb8f7d4-350f-45e3-bac5-a4383c34a2d0","username":"greenostrich368","password":"sampson","salt":"xb0w4mTO","md5":"bf3d3484c9b08b6bbf7c4be2afb8ab45","sha1":"9207b7f4b1ca008b51771d955814f2a5c2f11a80","sha256":"b55687f4af3bd94b86e65a2e688c31eabee408e3284c52cb2077f40ac786eba4"},"dob":{"date":"1956-06-22T07:08:39.735Z","age":67},"registered":{"date":"2013-03-05T13:33:06.081Z","age":11},"phone":"072-26180388","cell":"0917-697-2550","id":{"name":"","value":null},"picture":{"large":"https://randomuser.me/api/portraits/women/18.jpg","medium":"https://randomuser.me/api/portraits/med/women/18.jpg","thumbnail":"https://randomuser.me/api/portraits/thumb/women/18.jpg"},"nat":"IR"}],"info":{"seed":"878ed8f9f003849c","results":1,"page":1,"version":"1.4"}} 
 </msg>
<msg time="2024-04-24T02:23:21.749348" level="INFO">/opt/hostedtoolcache/Python/3.12.3/x64/lib/python3.12/site-packages/urllib3/connectionpool.py:1103: InsecureRequestWarning: Unverified HTTPS request is being made to host 'randomuser.me'. Adding certificate verification is strongly advised. See: https://urllib3.readthedocs.io/en/latest/advanced-usage.html#tls-warnings
  warnings.warn(</msg>
<msg time="2024-04-24T02:23:21.749513" level="INFO">${response} = &lt;Response [200]&gt;</msg>
<var>${response}</var>
<arg>consultarAPI</arg>
<arg>/api</arg>
<doc>Sends a GET request on a previously created HTTP Session.</doc>
<status status="PASS" start="2024-04-24T02:23:21.635265" elapsed="0.114295"/>
</kw>
<kw name="Should Be Equal As Numbers" owner="BuiltIn">
<msg time="2024-04-24T02:23:21.750568" level="INFO">Argument types are:
&lt;class 'int'&gt;
&lt;class 'str'&gt;</msg>
<arg>${response.status_code}</arg>
<arg>200</arg>
<doc>Fails if objects are unequal after converting them to real numbers.</doc>
<status status="PASS" start="2024-04-24T02:23:21.750112" elapsed="0.000522"/>
</kw>
<kw name="Log" owner="BuiltIn">
<msg time="2024-04-24T02:23:21.751334" level="INFO">200</msg>
<arg>${response.status_code}</arg>
<doc>Logs the given message with the given level.</doc>
<status status="PASS" start="2024-04-24T02:23:21.750976" elapsed="0.000401"/>
</kw>
<kw name="Set Variable" owner="BuiltIn">
<msg time="2024-04-24T02:23:21.752210" level="INFO">${json_data} = {'results': [{'gender': 'female', 'name': {'title': 'Ms', 'first': 'مریم', 'last': 'نكو نظر'}, 'location': {'street': {'number': 9928, 'name': 'شهید عباس افضلی'}, 'city': 'پاکدشت', 'state': 'تهران', '...</msg>
<var>${json_data}</var>
<arg>${response.json()}</arg>
<doc>Returns the given values which can then be assigned to a variables.</doc>
<status status="PASS" start="2024-04-24T02:23:21.751692" elapsed="0.000549"/>
</kw>
<kw name="Dictionary Should Contain Key" owner="Collections">
<msg time="2024-04-24T02:23:21.752731" level="INFO">False</msg>
<arg>${json_data}</arg>
<arg>results</arg>
<doc>Fails if ``key`` is not found from ``dictionary``.</doc>
<status status="PASS" start="2024-04-24T02:23:21.752552" elapsed="0.000219"/>
</kw>
<status status="PASS" start="2024-04-24T02:23:21.635015" elapsed="0.118019"/>
</kw>
<doc>Testa se a API responde corretamente e retorna um objeto JSON válido.</doc>
<tag>testeRequisicaoBasica</tag>
<status status="PASS" start="2024-04-24T02:23:21.634455" elapsed="0.118765"/>
</test>
<test id="s1-s1-t3" name="Validar estrutura de resposta" line="22">
<kw name="Teste de Estrutura de Resposta" owner="random-user-service">
<kw name="GET On Session" owner="RequestsLibrary">
<msg time="2024-04-24T02:23:21.855423" level="INFO">GET Request : url=https://randomuser.me/api 
 path_url=/api 
 headers={'User-Agent': 'python-requests/2.31.0', 'Accept-Encoding': 'gzip, deflate', 'Accept': '*/*', 'Connection': 'keep-alive'} 
 body=None 
 </msg>
<msg time="2024-04-24T02:23:21.855528" level="INFO">GET Response : url=https://randomuser.me/api 
 status=200, reason=OK 
 headers={'Date': 'Wed, 24 Apr 2024 02:23:21 GMT', 'Content-Type': 'application/json; charset=utf-8', 'Transfer-Encoding': 'chunked', 'Connection': 'keep-alive', 'X-Powered-By': 'Express', 'Access-Control-Allow-Origin': '*', 'Cache-Control': 'no-cache', 'ETag': 'W/"499-BjI/K8pxXjSBjto/B5npJ0Dj4Hw"', 'Vary': 'Accept-Encoding', 'Content-Encoding': 'gzip', 'CF-Cache-Status': 'DYNAMIC', 'Report-To': '{"endpoints":[{"url":"https:\\/\\/a.nel.cloudflare.com\\/report\\/v4?s=ZhqF3yTUNAXwsM4Cs2vghsFrb7FjscXF5hfDP5%2BVuvSlZ2dgyLdaPcr4a9tPjUWjeE2x8djEz5SGwLG5lBvQ0mk1HdWu%2FJFSXfuFCRhU3e6Py%2F9wlXGBg%2FZfVEqRwH8l"}],"group":"cf-nel","max_age":604800}', 'NEL': '{"success_fraction":0,"report_to":"cf-nel","max_age":604800}', 'Server': 'cloudflare', 'CF-RAY': '8792a180fc7a5c19-SJC', 'alt-svc': 'h3=":443"; ma=86400'} 
 body={"results":[{"gender":"male","name":{"title":"Mr","first":"مهراد","last":"حسینی"},"location":{"street":{"number":703,"name":"فاطمی"},"city":"ایلام","state":"آذربایجان غربی","country":"Iran","postcode":78939,"coordinates":{"latitude":"20.5725","longitude":"-165.2682"},"timezone":{"offset":"+11:00","description":"Magadan, Solomon Islands, New Caledonia"}},"email":"mhrd.hsyny@example.com","login":{"uuid":"d1f1820c-0b6a-4e02-97e3-4746af2ba32b","username":"tinyduck344","password":"johndoe","salt":"cTxO5aje","md5":"5a29f1ea617e40e7eca8f5719b7cdb88","sha1":"08df1c8c22403242635b6c019d58813ea10cde91","sha256":"596d7df2719b061d115d662e867c6c05f396a7341b037bff53e967e133b095ee"},"dob":{"date":"1972-07-14T06:15:35.434Z","age":51},"registered":{"date":"2007-05-12T08:33:41.820Z","age":16},"phone":"069-17621706","cell":"0941-145-5008","id":{"name":"","value":null},"picture":{"large":"https://randomuser.me/api/portraits/men/37.jpg","medium":"https://randomuser.me/api/portraits/med/men/37.jpg","thumbnail":"https://randomuser.me/api/portraits/thumb/men/37.jpg"},"nat":"IR"}],"info":{"seed":"56c16abc0a9e949f","results":1,"page":1,"version":"1.4"}} 
 </msg>
<msg time="2024-04-24T02:23:21.855659" level="INFO">/opt/hostedtoolcache/Python/3.12.3/x64/lib/python3.12/site-packages/urllib3/connectionpool.py:1103: InsecureRequestWarning: Unverified HTTPS request is being made to host 'randomuser.me'. Adding certificate verification is strongly advised. See: https://urllib3.readthedocs.io/en/latest/advanced-usage.html#tls-warnings
  warnings.warn(</msg>
<msg time="2024-04-24T02:23:21.855808" level="INFO">${response} = &lt;Response [200]&gt;</msg>
<var>${response}</var>
<arg>consultarAPI</arg>
<arg>/api</arg>
<doc>Sends a GET request on a previously created HTTP Session.</doc>
<status status="PASS" start="2024-04-24T02:23:21.755981" elapsed="0.099869"/>
</kw>
<kw name="Set Variable" owner="BuiltIn">
<msg time="2024-04-24T02:23:21.856967" level="INFO">${json_data} = {'results': [{'gender': 'male', 'name': {'title': 'Mr', 'first': 'مهراد', 'last': 'حسینی'}, 'location': {'street': {'number': 703, 'name': 'فاطمی'}, 'city': 'ایلام', 'state': 'آذربایجان غربی', 'countr...</msg>
<var>${json_data}</var>
<arg>${response.json()}</arg>
<doc>Returns the given values which can then be assigned to a variables.</doc>
<status status="PASS" start="2024-04-24T02:23:21.856426" elapsed="0.000572"/>
</kw>
<kw name="Log" owner="BuiltIn">
<msg time="2024-04-24T02:23:21.857482" level="INFO">{'results': [{'gender': 'male', 'name': {'title': 'Mr', 'first': 'مهراد', 'last': 'حسینی'}, 'location': {'street': {'number': 703, 'name': 'فاطمی'}, 'city': 'ایلام', 'state': 'آذربایجان غربی', 'country': 'Iran', 'postcode': 78939, 'coordinates': {'latitude': '20.5725', 'longitude': '-165.2682'}, 'timezone': {'offset': '+11:00', 'description': 'Magadan, Solomon Islands, New Caledonia'}}, 'email': 'mhrd.hsyny@example.com', 'login': {'uuid': 'd1f1820c-0b6a-4e02-97e3-4746af2ba32b', 'username': 'tinyduck344', 'password': 'johndoe', 'salt': 'cTxO5aje', 'md5': '5a29f1ea617e40e7eca8f5719b7cdb88', 'sha1': '08df1c8c22403242635b6c019d58813ea10cde91', 'sha256': '596d7df2719b061d115d662e867c6c05f396a7341b037bff53e967e133b095ee'}, 'dob': {'date': '1972-07-14T06:15:35.434Z', 'age': 51}, 'registered': {'date': '2007-05-12T08:33:41.820Z', 'age': 16}, 'phone': '069-17621706', 'cell': '0941-145-5008', 'id': {'name': '', 'value': None}, 'picture': {'large': 'https://randomuser.me/api/portraits/men/37.jpg', 'medium': 'https://randomuser.me/api/portraits/med/men/37.jpg', 'thumbnail': 'https://randomuser.me/api/portraits/thumb/men/37.jpg'}, 'nat': 'IR'}], 'info': {'seed': '56c16abc0a9e949f', 'results': 1, 'page': 1, 'version': '1.4'}}</msg>
<arg>${json_data}</arg>
<doc>Logs the given message with the given level.</doc>
<status status="PASS" start="2024-04-24T02:23:21.857315" elapsed="0.000219"/>
</kw>
<kw name="Dictionary Should Contain Key" owner="Collections">
<msg time="2024-04-24T02:23:21.857996" level="INFO">False</msg>
<arg>${json_data}</arg>
<arg>results</arg>
<doc>Fails if ``key`` is not found from ``dictionary``.</doc>
<status status="PASS" start="2024-04-24T02:23:21.857836" elapsed="0.000197"/>
</kw>
<kw name="Should Not Be Empty" owner="BuiltIn">
<msg time="2024-04-24T02:23:21.858461" level="INFO">Length is 2.</msg>
<arg>${json_data}</arg>
<doc>Verifies that the given item is not empty.</doc>
<status status="PASS" start="2024-04-24T02:23:21.858328" elapsed="0.000172"/>
</kw>
<kw name="Create List" owner="BuiltIn">
<msg time="2024-04-24T02:23:21.859123" level="INFO">${expected_keys} = ['gender', 'name', 'location', 'email', 'login']</msg>
<var>${expected_keys}</var>
<arg>gender</arg>
<arg>name</arg>
<arg>location</arg>
<arg>email</arg>
<arg>login</arg>
<doc>Returns a list containing given items.</doc>
<status status="PASS" start="2024-04-24T02:23:21.858800" elapsed="0.000349"/>
</kw>
<for flavor="IN">
<iter>
<kw name="Dictionary Should Contain Key" owner="Collections">
<msg time="2024-04-24T02:23:21.860180" level="INFO">False</msg>
<arg>${json_data['results'][0]}</arg>
<arg>${key}</arg>
<doc>Fails if ``key`` is not found from ``dictionary``.</doc>
<status status="PASS" start="2024-04-24T02:23:21.859745" elapsed="0.000474"/>
</kw>
<kw name="Log" owner="BuiltIn">
<msg time="2024-04-24T02:23:21.860898" level="INFO">{'gender': 'male', 'name': {'title': 'Mr', 'first': 'مهراد', 'last': 'حسینی'}, 'location': {'street': {'number': 703, 'name': 'فاطمی'}, 'city': 'ایلام', 'state': 'آذربایجان غربی', 'country': 'Iran', 'postcode': 78939, 'coordinates': {'latitude': '20.5725', 'longitude': '-165.2682'}, 'timezone': {'offset': '+11:00', 'description': 'Magadan, Solomon Islands, New Caledonia'}}, 'email': 'mhrd.hsyny@example.com', 'login': {'uuid': 'd1f1820c-0b6a-4e02-97e3-4746af2ba32b', 'username': 'tinyduck344', 'password': 'johndoe', 'salt': 'cTxO5aje', 'md5': '5a29f1ea617e40e7eca8f5719b7cdb88', 'sha1': '08df1c8c22403242635b6c019d58813ea10cde91', 'sha256': '596d7df2719b061d115d662e867c6c05f396a7341b037bff53e967e133b095ee'}, 'dob': {'date': '1972-07-14T06:15:35.434Z', 'age': 51}, 'registered': {'date': '2007-05-12T08:33:41.820Z', 'age': 16}, 'phone': '069-17621706', 'cell': '0941-145-5008', 'id': {'name': '', 'value': None}, 'picture': {'large': 'https://randomuser.me/api/portraits/men/37.jpg', 'medium': 'https://randomuser.me/api/portraits/med/men/37.jpg', 'thumbnail': 'https://randomuser.me/api/portraits/thumb/men/37.jpg'}, 'nat': 'IR'}</msg>
<arg>${json_data['results'][0]}</arg>
<doc>Logs the given message with the given level.</doc>
<status status="PASS" start="2024-04-24T02:23:21.860527" elapsed="0.000421"/>
</kw>
<kw name="Log" owner="BuiltIn">
<msg time="2024-04-24T02:23:21.861375" level="INFO">gender</msg>
<arg>${key}</arg>
<doc>Logs the given message with the given level.</doc>
<status status="PASS" start="2024-04-24T02:23:21.861247" elapsed="0.000166"/>
</kw>
<var name="${key}">gender</var>
<status status="PASS" start="2024-04-24T02:23:21.859618" elapsed="0.002006"/>
</iter>
<iter>
<kw name="Dictionary Should Contain Key" owner="Collections">
<msg time="2024-04-24T02:23:21.862313" level="INFO">False</msg>
<arg>${json_data['results'][0]}</arg>
<arg>${key}</arg>
<doc>Fails if ``key`` is not found from ``dictionary``.</doc>
<status status="PASS" start="2024-04-24T02:23:21.861926" elapsed="0.000425"/>
</kw>
<kw name="Log" owner="BuiltIn">
<msg time="2024-04-24T02:23:21.863046" level="INFO">{'gender': 'male', 'name': {'title': 'Mr', 'first': 'مهراد', 'last': 'حسینی'}, 'location': {'street': {'number': 703, 'name': 'فاطمی'}, 'city': 'ایلام', 'state': 'آذربایجان غربی', 'country': 'Iran', 'postcode': 78939, 'coordinates': {'latitude': '20.5725', 'longitude': '-165.2682'}, 'timezone': {'offset': '+11:00', 'description': 'Magadan, Solomon Islands, New Caledonia'}}, 'email': 'mhrd.hsyny@example.com', 'login': {'uuid': 'd1f1820c-0b6a-4e02-97e3-4746af2ba32b', 'username': 'tinyduck344', 'password': 'johndoe', 'salt': 'cTxO5aje', 'md5': '5a29f1ea617e40e7eca8f5719b7cdb88', 'sha1': '08df1c8c22403242635b6c019d58813ea10cde91', 'sha256': '596d7df2719b061d115d662e867c6c05f396a7341b037bff53e967e133b095ee'}, 'dob': {'date': '1972-07-14T06:15:35.434Z', 'age': 51}, 'registered': {'date': '2007-05-12T08:33:41.820Z', 'age': 16}, 'phone': '069-17621706', 'cell': '0941-145-5008', 'id': {'name': '', 'value': None}, 'picture': {'large': 'https://randomuser.me/api/portraits/men/37.jpg', 'medium': 'https://randomuser.me/api/portraits/med/men/37.jpg', 'thumbnail': 'https://randomuser.me/api/portraits/thumb/men/37.jpg'}, 'nat': 'IR'}</msg>
<arg>${json_data['results'][0]}</arg>
<doc>Logs the given message with the given level.</doc>
<status status="PASS" start="2024-04-24T02:23:21.862677" elapsed="0.000420"/>
</kw>
<kw name="Log" owner="BuiltIn">
<msg time="2024-04-24T02:23:21.863524" level="INFO">name</msg>
<arg>${key}</arg>
<doc>Logs the given message with the given level.</doc>
<status status="PASS" start="2024-04-24T02:23:21.863398" elapsed="0.000163"/>
</kw>
<var name="${key}">name</var>
<status status="PASS" start="2024-04-24T02:23:21.861812" elapsed="0.001961"/>
</iter>
<iter>
<kw name="Dictionary Should Contain Key" owner="Collections">
<msg time="2024-04-24T02:23:21.864503" level="INFO">False</msg>
<arg>${json_data['results'][0]}</arg>
<arg>${key}</arg>
<doc>Fails if ``key`` is not found from ``dictionary``.</doc>
<status status="PASS" start="2024-04-24T02:23:21.864115" elapsed="0.000426"/>
</kw>
<kw name="Log" owner="BuiltIn">
<msg time="2024-04-24T02:23:21.865196" level="INFO">{'gender': 'male', 'name': {'title': 'Mr', 'first': 'مهراد', 'last': 'حسینی'}, 'location': {'street': {'number': 703, 'name': 'فاطمی'}, 'city': 'ایلام', 'state': 'آذربایجان غربی', 'country': 'Iran', 'postcode': 78939, 'coordinates': {'latitude': '20.5725', 'longitude': '-165.2682'}, 'timezone': {'offset': '+11:00', 'description': 'Magadan, Solomon Islands, New Caledonia'}}, 'email': 'mhrd.hsyny@example.com', 'login': {'uuid': 'd1f1820c-0b6a-4e02-97e3-4746af2ba32b', 'username': 'tinyduck344', 'password': 'johndoe', 'salt': 'cTxO5aje', 'md5': '5a29f1ea617e40e7eca8f5719b7cdb88', 'sha1': '08df1c8c22403242635b6c019d58813ea10cde91', 'sha256': '596d7df2719b061d115d662e867c6c05f396a7341b037bff53e967e133b095ee'}, 'dob': {'date': '1972-07-14T06:15:35.434Z', 'age': 51}, 'registered': {'date': '2007-05-12T08:33:41.820Z', 'age': 16}, 'phone': '069-17621706', 'cell': '0941-145-5008', 'id': {'name': '', 'value': None}, 'picture': {'large': 'https://randomuser.me/api/portraits/men/37.jpg', 'medium': 'https://randomuser.me/api/portraits/med/men/37.jpg', 'thumbnail': 'https://randomuser.me/api/portraits/thumb/men/37.jpg'}, 'nat': 'IR'}</msg>
<arg>${json_data['results'][0]}</arg>
<doc>Logs the given message with the given level.</doc>
<status status="PASS" start="2024-04-24T02:23:21.864833" elapsed="0.000411"/>
</kw>
<kw name="Log" owner="BuiltIn">
<msg time="2024-04-24T02:23:21.865667" level="INFO">location</msg>
<arg>${key}</arg>
<doc>Logs the given message with the given level.</doc>
<status status="PASS" start="2024-04-24T02:23:21.865537" elapsed="0.000168"/>
</kw>
<var name="${key}">location</var>
<status status="PASS" start="2024-04-24T02:23:21.863988" elapsed="0.001931"/>
</iter>
<iter>
<kw name="Dictionary Should Contain Key" owner="Collections">
<msg time="2024-04-24T02:23:21.866592" level="INFO">False</msg>
<arg>${json_data['results'][0]}</arg>
<arg>${key}</arg>
<doc>Fails if ``key`` is not found from ``dictionary``.</doc>
<status status="PASS" start="2024-04-24T02:23:21.866205" elapsed="0.000424"/>
</kw>
<kw name="Log" owner="BuiltIn">
<msg time="2024-04-24T02:23:21.867297" level="INFO">{'gender': 'male', 'name': {'title': 'Mr', 'first': 'مهراد', 'last': 'حسینی'}, 'location': {'street': {'number': 703, 'name': 'فاطمی'}, 'city': 'ایلام', 'state': 'آذربایجان غربی', 'country': 'Iran', 'postcode': 78939, 'coordinates': {'latitude': '20.5725', 'longitude': '-165.2682'}, 'timezone': {'offset': '+11:00', 'description': 'Magadan, Solomon Islands, New Caledonia'}}, 'email': 'mhrd.hsyny@example.com', 'login': {'uuid': 'd1f1820c-0b6a-4e02-97e3-4746af2ba32b', 'username': 'tinyduck344', 'password': 'johndoe', 'salt': 'cTxO5aje', 'md5': '5a29f1ea617e40e7eca8f5719b7cdb88', 'sha1': '08df1c8c22403242635b6c019d58813ea10cde91', 'sha256': '596d7df2719b061d115d662e867c6c05f396a7341b037bff53e967e133b095ee'}, 'dob': {'date': '1972-07-14T06:15:35.434Z', 'age': 51}, 'registered': {'date': '2007-05-12T08:33:41.820Z', 'age': 16}, 'phone': '069-17621706', 'cell': '0941-145-5008', 'id': {'name': '', 'value': None}, 'picture': {'large': 'https://randomuser.me/api/portraits/men/37.jpg', 'medium': 'https://randomuser.me/api/portraits/med/men/37.jpg', 'thumbnail': 'https://randomuser.me/api/portraits/thumb/men/37.jpg'}, 'nat': 'IR'}</msg>
<arg>${json_data['results'][0]}</arg>
<doc>Logs the given message with the given level.</doc>
<status status="PASS" start="2024-04-24T02:23:21.866926" elapsed="0.000422"/>
</kw>
<kw name="Log" owner="BuiltIn">
<msg time="2024-04-24T02:23:21.867772" level="INFO">email</msg>
<arg>${key}</arg>
<doc>Logs the given message with the given level.</doc>
<status status="PASS" start="2024-04-24T02:23:21.867642" elapsed="0.000169"/>
</kw>
<var name="${key}">email</var>
<status status="PASS" start="2024-04-24T02:23:21.866095" elapsed="0.001973"/>
</iter>
<iter>
<kw name="Dictionary Should Contain Key" owner="Collections">
<msg time="2024-04-24T02:23:21.868733" level="INFO">False</msg>
<arg>${json_data['results'][0]}</arg>
<arg>${key}</arg>
<doc>Fails if ``key`` is not found from ``dictionary``.</doc>
<status status="PASS" start="2024-04-24T02:23:21.868353" elapsed="0.000419"/>
</kw>
<kw name="Log" owner="BuiltIn">
<msg time="2024-04-24T02:23:21.869437" level="INFO">{'gender': 'male', 'name': {'title': 'Mr', 'first': 'مهراد', 'last': 'حسینی'}, 'location': {'street': {'number': 703, 'name': 'فاطمی'}, 'city': 'ایلام', 'state': 'آذربایجان غربی', 'country': 'Iran', 'postcode': 78939, 'coordinates': {'latitude': '20.5725', 'longitude': '-165.2682'}, 'timezone': {'offset': '+11:00', 'description': 'Magadan, Solomon Islands, New Caledonia'}}, 'email': 'mhrd.hsyny@example.com', 'login': {'uuid': 'd1f1820c-0b6a-4e02-97e3-4746af2ba32b', 'username': 'tinyduck344', 'password': 'johndoe', 'salt': 'cTxO5aje', 'md5': '5a29f1ea617e40e7eca8f5719b7cdb88', 'sha1': '08df1c8c22403242635b6c019d58813ea10cde91', 'sha256': '596d7df2719b061d115d662e867c6c05f396a7341b037bff53e967e133b095ee'}, 'dob': {'date': '1972-07-14T06:15:35.434Z', 'age': 51}, 'registered': {'date': '2007-05-12T08:33:41.820Z', 'age': 16}, 'phone': '069-17621706', 'cell': '0941-145-5008', 'id': {'name': '', 'value': None}, 'picture': {'large': 'https://randomuser.me/api/portraits/men/37.jpg', 'medium': 'https://randomuser.me/api/portraits/med/men/37.jpg', 'thumbnail': 'https://randomuser.me/api/portraits/thumb/men/37.jpg'}, 'nat': 'IR'}</msg>
<arg>${json_data['results'][0]}</arg>
<doc>Logs the given message with the given level.</doc>
<status status="PASS" start="2024-04-24T02:23:21.869069" elapsed="0.000419"/>
</kw>
<kw name="Log" owner="BuiltIn">
<msg time="2024-04-24T02:23:21.869919" level="INFO">login</msg>
<arg>${key}</arg>
<doc>Logs the given message with the given level.</doc>
<status status="PASS" start="2024-04-24T02:23:21.869792" elapsed="0.000164"/>
</kw>
<var name="${key}">login</var>
<status status="PASS" start="2024-04-24T02:23:21.868241" elapsed="0.001955"/>
</iter>
<var>${key}</var>
<value>@{expected_keys}</value>
<status status="PASS" start="2024-04-24T02:23:21.859419" elapsed="0.010902"/>
</for>
<kw name="Create List" owner="BuiltIn">
<msg time="2024-04-24T02:23:21.870652" level="INFO">${expected_keysTwo} = ['username', 'password']</msg>
<var>${expected_keysTwo}</var>
<arg>username</arg>
<arg>password</arg>
<doc>Returns a list containing given items.</doc>
<status status="PASS" start="2024-04-24T02:23:21.870515" elapsed="0.000161"/>
</kw>
<for flavor="IN">
<iter>
<kw name="Dictionary Should Contain Key" owner="Collections">
<msg time="2024-04-24T02:23:21.871563" level="INFO">False</msg>
<arg>${json_data['results'][0]['login']}</arg>
<arg>${keyTwo}</arg>
<doc>Fails if ``key`` is not found from ``dictionary``.</doc>
<status status="PASS" start="2024-04-24T02:23:21.871178" elapsed="0.000423"/>
</kw>
<kw name="Dictionary Should Contain Key" owner="Collections">
<msg time="2024-04-24T02:23:21.872317" level="INFO">False</msg>
<arg>${json_data['results'][0]['login']}</arg>
<arg>${keyTwo}</arg>
<doc>Fails if ``key`` is not found from ``dictionary``.</doc>
<status status="PASS" start="2024-04-24T02:23:21.871894" elapsed="0.000460"/>
</kw>
<kw name="Log" owner="BuiltIn">
<msg time="2024-04-24T02:23:21.872774" level="INFO">username</msg>
<arg>${keyTwo}</arg>
<doc>Logs the given message with the given level.</doc>
<status status="PASS" start="2024-04-24T02:23:21.872647" elapsed="0.000170"/>
</kw>
<var name="${keyTwo}">username</var>
<status status="PASS" start="2024-04-24T02:23:21.871069" elapsed="0.001964"/>
</iter>
<iter>
<kw name="Dictionary Should Contain Key" owner="Collections">
<msg time="2024-04-24T02:23:21.873712" level="INFO">False</msg>
<arg>${json_data['results'][0]['login']}</arg>
<arg>${keyTwo}</arg>
<doc>Fails if ``key`` is not found from ``dictionary``.</doc>
<status status="PASS" start="2024-04-24T02:23:21.873316" elapsed="0.000433"/>
</kw>
<kw name="Dictionary Should Contain Key" owner="Collections">
<msg time="2024-04-24T02:23:21.874508" level="INFO">False</msg>
<arg>${json_data['results'][0]['login']}</arg>
<arg>${keyTwo}</arg>
<doc>Fails if ``key`` is not found from ``dictionary``.</doc>
<status status="PASS" start="2024-04-24T02:23:21.874042" elapsed="0.000504"/>
</kw>
<kw name="Log" owner="BuiltIn">
<msg time="2024-04-24T02:23:21.874969" level="INFO">password</msg>
<arg>${keyTwo}</arg>
<doc>Logs the given message with the given level.</doc>
<status status="PASS" start="2024-04-24T02:23:21.874841" elapsed="0.000166"/>
</kw>
<var name="${keyTwo}">password</var>
<status status="PASS" start="2024-04-24T02:23:21.873206" elapsed="0.002013"/>
</iter>
<var>${keyTwo}</var>
<value>@{expected_keysTwo}</value>
<status status="PASS" start="2024-04-24T02:23:21.870913" elapsed="0.004428"/>
</for>
<status status="PASS" start="2024-04-24T02:23:21.755706" elapsed="0.119779"/>
</kw>
<doc>Testa a estrutura da resposta da API.</doc>
<tag>testeEstruturaResposta</tag>
<status status="PASS" start="2024-04-24T02:23:21.755068" elapsed="0.120578"/>
</test>
<test id="s1-s1-t4" name="Validar tipos de dados" line="28">
<kw name="Teste de Tipos de Dados" owner="random-user-service">
<kw name="GET On Session" owner="RequestsLibrary">
<msg time="2024-04-24T02:23:21.977139" level="INFO">GET Request : url=https://randomuser.me/api 
 path_url=/api 
 headers={'User-Agent': 'python-requests/2.31.0', 'Accept-Encoding': 'gzip, deflate', 'Accept': '*/*', 'Connection': 'keep-alive'} 
 body=None 
 </msg>
<msg time="2024-04-24T02:23:21.977254" level="INFO">GET Response : url=https://randomuser.me/api 
 status=200, reason=OK 
 headers={'Date': 'Wed, 24 Apr 2024 02:23:21 GMT', 'Content-Type': 'application/json; charset=utf-8', 'Transfer-Encoding': 'chunked', 'Connection': 'keep-alive', 'X-Powered-By': 'Express', 'Access-Control-Allow-Origin': '*', 'Cache-Control': 'no-cache', 'ETag': 'W/"4a3-2ruYJVtpbzYa7bOpt5eJRlM/8gc"', 'Vary': 'Accept-Encoding', 'Content-Encoding': 'gzip', 'CF-Cache-Status': 'DYNAMIC', 'Report-To': '{"endpoints":[{"url":"https:\\/\\/a.nel.cloudflare.com\\/report\\/v4?s=hRb8%2BKRNAZlNec3f1KtgaPkZnG9bJw9XVujZuf38umienJB%2B39QwOHxJ7Amw%2F7JD8JrL%2Ba8nWrxk7OWq1JSJpQ%2Fc3KKpEdLLjh%2Btr%2B6WoCXlnGcz9YM1zESRUFciE3v1"}],"group":"cf-nel","max_age":604800}', 'NEL': '{"success_fraction":0,"report_to":"cf-nel","max_age":604800}', 'Server': 'cloudflare', 'CF-RAY': '8792a181cd305c19-SJC', 'alt-svc': 'h3=":443"; ma=86400'} 
 body={"results":[{"gender":"female","name":{"title":"Miss","first":"Rathi","last":"Chavare"},"location":{"street":{"number":9505,"name":"Chimanlal Girdharlal Rd"},"city":"Imphal","state":"Andaman and Nicobar Islands","country":"India","postcode":76239,"coordinates":{"latitude":"10.5957","longitude":"72.4562"},"timezone":{"offset":"+7:00","description":"Bangkok, Hanoi, Jakarta"}},"email":"rathi.chavare@example.com","login":{"uuid":"934df260-bf50-4943-afd8-0b95abcb3fcb","username":"orangebird731","password":"sprinter","salt":"9tbMrmz9","md5":"e4889e195b19077cce825c9f04b738f8","sha1":"07cbfbf91d583db5d3890850b7f9fbf0dfc5dacc","sha256":"9c2a1c2a63dd390e871dbd3ae042870674bdcd84a6b31ab4258b158767d47fe0"},"dob":{"date":"1978-05-02T17:57:50.092Z","age":45},"registered":{"date":"2008-08-03T03:40:13.699Z","age":15},"phone":"9772987421","cell":"9849157240","id":{"name":"UIDAI","value":"264575224707"},"picture":{"large":"https://randomuser.me/api/portraits/women/64.jpg","medium":"https://randomuser.me/api/portraits/med/women/64.jpg","thumbnail":"https://randomuser.me/api/portraits/thumb/women/64.jpg"},"nat":"IN"}],"info":{"seed":"ddf198b33c56e75b","results":1,"page":1,"version":"1.4"}} 
 </msg>
<msg time="2024-04-24T02:23:21.977342" level="INFO">/opt/hostedtoolcache/Python/3.12.3/x64/lib/python3.12/site-packages/urllib3/connectionpool.py:1103: InsecureRequestWarning: Unverified HTTPS request is being made to host 'randomuser.me'. Adding certificate verification is strongly advised. See: https://urllib3.readthedocs.io/en/latest/advanced-usage.html#tls-warnings
  warnings.warn(</msg>
<msg time="2024-04-24T02:23:21.977502" level="INFO">${response} = &lt;Response [200]&gt;</msg>
<var>${response}</var>
<arg>consultarAPI</arg>
<arg>/api</arg>
<doc>Sends a GET request on a previously created HTTP Session.</doc>
<status status="PASS" start="2024-04-24T02:23:21.878180" elapsed="0.099364"/>
</kw>
<kw name="Set Variable" owner="BuiltIn">
<msg time="2024-04-24T02:23:21.978648" level="INFO">${json_data} = {'results': [{'gender': 'female', 'name': {'title': 'Miss', 'first': 'Rathi', 'last': 'Chavare'}, 'location': {'street': {'number': 9505, 'name': 'Chimanlal Girdharlal Rd'}, 'city': 'Imphal', 'state':...</msg>
<var>${json_data}</var>
<arg>${response.json()}</arg>
<doc>Returns the given values which can then be assigned to a variables.</doc>
<status status="PASS" start="2024-04-24T02:23:21.978107" elapsed="0.000570"/>
</kw>
<kw name="Log" owner="BuiltIn">
<msg time="2024-04-24T02:23:21.979212" level="INFO">{'results': [{'gender': 'female', 'name': {'title': 'Miss', 'first': 'Rathi', 'last': 'Chavare'}, 'location': {'street': {'number': 9505, 'name': 'Chimanlal Girdharlal Rd'}, 'city': 'Imphal', 'state': 'Andaman and Nicobar Islands', 'country': 'India', 'postcode': 76239, 'coordinates': {'latitude': '10.5957', 'longitude': '72.4562'}, 'timezone': {'offset': '+7:00', 'description': 'Bangkok, Hanoi, Jakarta'}}, 'email': 'rathi.chavare@example.com', 'login': {'uuid': '934df260-bf50-4943-afd8-0b95abcb3fcb', 'username': 'orangebird731', 'password': 'sprinter', 'salt': '9tbMrmz9', 'md5': 'e4889e195b19077cce825c9f04b738f8', 'sha1': '07cbfbf91d583db5d3890850b7f9fbf0dfc5dacc', 'sha256': '9c2a1c2a63dd390e871dbd3ae042870674bdcd84a6b31ab4258b158767d47fe0'}, 'dob': {'date': '1978-05-02T17:57:50.092Z', 'age': 45}, 'registered': {'date': '2008-08-03T03:40:13.699Z', 'age': 15}, 'phone': '9772987421', 'cell': '9849157240', 'id': {'name': 'UIDAI', 'value': '264575224707'}, 'picture': {'large': 'https://randomuser.me/api/portraits/women/64.jpg', 'medium': 'https://randomuser.me/api/portraits/med/women/64.jpg', 'thumbnail': 'https://randomuser.me/api/portraits/thumb/women/64.jpg'}, 'nat': 'IN'}], 'info': {'seed': 'ddf198b33c56e75b', 'results': 1, 'page': 1, 'version': '1.4'}}</msg>
<arg>${json_data}</arg>
<doc>Logs the given message with the given level.</doc>
<status status="PASS" start="2024-04-24T02:23:21.979040" elapsed="0.000260"/>
</kw>
<kw name="Should Be String" owner="String">
<arg>${json_data['results'][0]['gender']}</arg>
<doc>Fails if the given ``item`` is not a string.</doc>
<status status="PASS" start="2024-04-24T02:23:21.979622" elapsed="0.000447"/>
</kw>
<kw name="Should Match Regexp" owner="BuiltIn">
<arg>${json_data['results'][0]['email']}</arg>
<arg>^[a-zA-Z0-9._%+-]+@[a-zA-Z0-9.-]+\.[a-zA-Z]{2,}$</arg>
<doc>Fails if ``string`` does not match ``pattern`` as a regular expression.</doc>
<status status="PASS" start="2024-04-24T02:23:21.980270" elapsed="0.000525"/>
</kw>
<kw name="Should Match Regexp" owner="BuiltIn">
<arg>${json_data['results'][0]['dob']['date']}</arg>
<arg>\\d{4}-\\d{2}-\\d{2}T\\d{2}:\\d{2}:\\d{2}\\.\\d{3}Z</arg>
<doc>Fails if ``string`` does not match ``pattern`` as a regular expression.</doc>
<status status="PASS" start="2024-04-24T02:23:21.980996" elapsed="0.000493"/>
</kw>
<kw name="Should Match Regexp" owner="BuiltIn">
<arg>${json_data['results'][0]['registered']['date']}</arg>
<arg>\\d{4}-\\d{2}-\\d{2}T\\d{2}:\\d{2}:\\d{2}\\.\\d{3}Z</arg>
<doc>Fails if ``string`` does not match ``pattern`` as a regular expression.</doc>
<status status="PASS" start="2024-04-24T02:23:21.981682" elapsed="0.000376"/>
</kw>
<kw name="Should Match Regexp" owner="BuiltIn">
<arg>${json_data['results'][0]['picture']['large']}</arg>
<arg>^https?://.*\.(?:png|jpe?g|gif|bmp)$</arg>
<doc>Fails if ``string`` does not match ``pattern`` as a regular expression.</doc>
<status status="PASS" start="2024-04-24T02:23:21.982244" elapsed="0.000463"/>
</kw>
<kw name="Should Match Regexp" owner="BuiltIn">
<arg>${json_data['results'][0]['picture']['medium']}</arg>
<arg>^https?://.*\.(?:png|jpe?g|gif|bmp)$</arg>
<doc>Fails if ``string`` does not match ``pattern`` as a regular expression.</doc>
<status status="PASS" start="2024-04-24T02:23:21.982900" elapsed="0.000368"/>
</kw>
<kw name="Should Match Regexp" owner="BuiltIn">
<arg>${json_data['results'][0]['picture']['thumbnail']}</arg>
<arg>^https?://.*\.(?:png|jpe?g|gif|bmp)$</arg>
<doc>Fails if ``string`` does not match ``pattern`` as a regular expression.</doc>
<status status="PASS" start="2024-04-24T02:23:21.983458" elapsed="0.000353"/>
</kw>
<kw name="Log" owner="BuiltIn">
<msg time="2024-04-24T02:23:21.984413" level="INFO">{'large': 'https://randomuser.me/api/portraits/women/64.jpg', 'medium': 'https://randomuser.me/api/portraits/med/women/64.jpg', 'thumbnail': 'https://randomuser.me/api/portraits/thumb/women/64.jpg'}</msg>
<arg>${json_data['results'][0]['picture']}</arg>
<doc>Logs the given message with the given level.</doc>
<status status="PASS" start="2024-04-24T02:23:21.984065" elapsed="0.000391"/>
</kw>
<status status="PASS" start="2024-04-24T02:23:21.877947" elapsed="0.106784"/>
</kw>
<kw name="Teste de Tipos de Dados - Postcode" owner="random-user-service">
<kw name="GET On Session" owner="RequestsLibrary">
<msg time="2024-04-24T02:23:22.107480" level="INFO">GET Request : url=https://randomuser.me/api 
 path_url=/api 
 headers={'User-Agent': 'python-requests/2.31.0', 'Accept-Encoding': 'gzip, deflate', 'Accept': '*/*', 'Connection': 'keep-alive'} 
 body=None 
 </msg>
<msg time="2024-04-24T02:23:22.107638" level="INFO">GET Response : url=https://randomuser.me/api 
 status=200, reason=OK 
 headers={'Date': 'Wed, 24 Apr 2024 02:23:22 GMT', 'Content-Type': 'application/json; charset=utf-8', 'Transfer-Encoding': 'chunked', 'Connection': 'keep-alive', 'X-Powered-By': 'Express', 'Access-Control-Allow-Origin': '*', 'Cache-Control': 'no-cache', 'ETag': 'W/"47e-WPoM4t86aI7osSHZD+SnFjnGtnw"', 'Vary': 'Accept-Encoding', 'Content-Encoding': 'gzip', 'CF-Cache-Status': 'DYNAMIC', 'Report-To': '{"endpoints":[{"url":"https:\\/\\/a.nel.cloudflare.com\\/report\\/v4?s=uFIo4Dh2om333oul6IrNyUXEjJlHt3eWfG6izBHv9H6OfztpSXtOKe%2FHfvOQ%2BXovc%2Br6oUXg%2FMJqyZyoluGQYKk6owOOmOdkpBRxhVFVFKhUcl63eSAYrawKidbc2gam"}],"group":"cf-nel","max_age":604800}', 'NEL': '{"success_fraction":0,"report_to":"cf-nel","max_age":604800}', 'Server': 'cloudflare', 'CF-RAY': '8792a1826dc95c19-SJC', 'alt-svc': 'h3=":443"; ma=86400'} 
 body={"results":[{"gender":"female","name":{"title":"Mrs","first":"Nicoline","last":"Olsen"},"location":{"street":{"number":1943,"name":"Diget"},"city":"Hammel","state":"Hovedstaden","country":"Denmark","postcode":72247,"coordinates":{"latitude":"-44.2788","longitude":"16.6624"},"timezone":{"offset":"-7:00","description":"Mountain Time (US &amp; Canada)"}},"email":"nicoline.olsen@example.com","login":{"uuid":"ba523145-b885-467f-960e-2457ee5e49ad","username":"tinycat350","password":"426hemi","salt":"IGxBE8vA","md5":"064f0cb775ef6ed62ecf9db417749d62","sha1":"ba48958ef077f09057cb7eefaa20885d239ffaca","sha256":"3439050c661ff2aa601f5aa351bbd3bdfd5d3d1df08d64837980ab4e323b9bcc"},"dob":{"date":"1964-11-28T14:26:48.027Z","age":59},"registered":{"date":"2012-03-27T08:33:15.051Z","age":12},"phone":"93825686","cell":"09823227","id":{"name":"CPR","value":"281164-1871"},"picture":{"large":"https://randomuser.me/api/portraits/women/86.jpg","medium":"https://randomuser.me/api/portraits/med/women/86.jpg","thumbnail":"https://randomuser.me/api/portraits/thumb/women/86.jpg"},"nat":"DK"}],"info":{"seed":"3b57190d805e2fbe","results":1,"page":1,"version":"1.4"}} 
 </msg>
<msg time="2024-04-24T02:23:22.107758" level="INFO">/opt/hostedtoolcache/Python/3.12.3/x64/lib/python3.12/site-packages/urllib3/connectionpool.py:1103: InsecureRequestWarning: Unverified HTTPS request is being made to host 'randomuser.me'. Adding certificate verification is strongly advised. See: https://urllib3.readthedocs.io/en/latest/advanced-usage.html#tls-warnings
  warnings.warn(</msg>
<msg time="2024-04-24T02:23:22.107953" level="INFO">${response} = &lt;Response [200]&gt;</msg>
<var>${response}</var>
<arg>consultarAPI</arg>
<arg>/api</arg>
<doc>Sends a GET request on a previously created HTTP Session.</doc>
<status status="PASS" start="2024-04-24T02:23:21.985209" elapsed="0.122794"/>
</kw>
<kw name="Set Variable" owner="BuiltIn">
<msg time="2024-04-24T02:23:22.109538" level="INFO">${json_data} = {'results': [{'gender': 'female', 'name': {'title': 'Mrs', 'first': 'Nicoline', 'last': 'Olsen'}, 'location': {'street': {'number': 1943, 'name': 'Diget'}, 'city': 'Hammel', 'state': 'Hovedstaden', 'c...</msg>
<var>${json_data}</var>
<arg>${response.json()}</arg>
<doc>Returns the given values which can then be assigned to a variables.</doc>
<status status="PASS" start="2024-04-24T02:23:22.108697" elapsed="0.000891"/>
</kw>
<kw name="Log" owner="BuiltIn">
<msg time="2024-04-24T02:23:22.110327" level="INFO">{'results': [{'gender': 'female', 'name': {'title': 'Mrs', 'first': 'Nicoline', 'last': 'Olsen'}, 'location': {'street': {'number': 1943, 'name': 'Diget'}, 'city': 'Hammel', 'state': 'Hovedstaden', 'country': 'Denmark', 'postcode': 72247, 'coordinates': {'latitude': '-44.2788', 'longitude': '16.6624'}, 'timezone': {'offset': '-7:00', 'description': 'Mountain Time (US &amp; Canada)'}}, 'email': 'nicoline.olsen@example.com', 'login': {'uuid': 'ba523145-b885-467f-960e-2457ee5e49ad', 'username': 'tinycat350', 'password': '426hemi', 'salt': 'IGxBE8vA', 'md5': '064f0cb775ef6ed62ecf9db417749d62', 'sha1': 'ba48958ef077f09057cb7eefaa20885d239ffaca', 'sha256': '3439050c661ff2aa601f5aa351bbd3bdfd5d3d1df08d64837980ab4e323b9bcc'}, 'dob': {'date': '1964-11-28T14:26:48.027Z', 'age': 59}, 'registered': {'date': '2012-03-27T08:33:15.051Z', 'age': 12}, 'phone': '93825686', 'cell': '09823227', 'id': {'name': 'CPR', 'value': '281164-1871'}, 'picture': {'large': 'https://randomuser.me/api/portraits/women/86.jpg', 'medium': 'https://randomuser.me/api/portraits/med/women/86.jpg', 'thumbnail': 'https://randomuser.me/api/portraits/thumb/women/86.jpg'}, 'nat': 'DK'}], 'info': {'seed': '3b57190d805e2fbe', 'results': 1, 'page': 1, 'version': '1.4'}}</msg>
<arg>${json_data}</arg>
<doc>Logs the given message with the given level.</doc>
<status status="PASS" start="2024-04-24T02:23:22.110092" elapsed="0.000359"/>
</kw>
<kw name="Should Be Equal As Numbers" owner="BuiltIn">
<arg>${json_data['results'][0]['location']['postcode']}</arg>
<arg>${json_data['results'][0]['location']['postcode']}</arg>
<doc>Fails if objects are unequal after converting them to real numbers.</doc>
<status status="PASS" start="2024-04-24T02:23:22.110877" elapsed="0.001260"/>
</kw>
<kw name="Log" owner="BuiltIn">
<msg time="2024-04-24T02:23:22.112695" level="INFO">72247</msg>
<arg>${json_data['results'][0]['location']['postcode']}</arg>
<doc>Logs the given message with the given level.</doc>
<status status="PASS" start="2024-04-24T02:23:22.112344" elapsed="0.000393"/>
</kw>
<status status="PASS" start="2024-04-24T02:23:21.984966" elapsed="0.128033"/>
</kw>
<doc>Testa se os tipos de dados na resposta da API estão corretos.</doc>
<tag>testeTiposDados</tag>
<status status="PASS" start="2024-04-24T02:23:21.877476" elapsed="0.235694"/>
</test>
<test id="s1-s1-t5" name="Validar conteudo" line="35">
<kw name="Teste de Tipos de Conteudo" owner="random-user-service">
<kw name="GET On Session" owner="RequestsLibrary">
<msg time="2024-04-24T02:23:22.896729" level="INFO">GET Request : url=https://randomuser.me/api 
 path_url=/api 
 headers={'User-Agent': 'python-requests/2.31.0', 'Accept-Encoding': 'gzip, deflate', 'Accept': '*/*', 'Connection': 'keep-alive'} 
 body=None 
 </msg>
<msg time="2024-04-24T02:23:22.896846" level="INFO">GET Response : url=https://randomuser.me/api 
 status=200, reason=OK 
 headers={'Date': 'Wed, 24 Apr 2024 02:23:22 GMT', 'Content-Type': 'application/json; charset=utf-8', 'Transfer-Encoding': 'chunked', 'Connection': 'keep-alive', 'X-Powered-By': 'Express', 'Access-Control-Allow-Origin': '*', 'Cache-Control': 'no-cache', 'ETag': 'W/"47f-uns2AGWYAWBFu6kFPp6fA6DQu3w"', 'Vary': 'Accept-Encoding', 'Content-Encoding': 'gzip', 'CF-Cache-Status': 'DYNAMIC', 'Report-To': '{"endpoints":[{"url":"https:\\/\\/a.nel.cloudflare.com\\/report\\/v4?s=c0xgbWvYe9%2FcIX4XX4Fn3lxjEYj6x6k8rK%2Bt%2B0r4FVYEmvcb1Wp1deF8LyqhJ1cstXTyN73SStBOH0jl3UIoUWHVtFkJ1ItATDv0q0jZxEZO7W5Hl4W1RP7jkEgVGTEu"}],"group":"cf-nel","max_age":604800}', 'NEL': '{"success_fraction":0,"report_to":"cf-nel","max_age":604800}', 'Server': 'cloudflare', 'CF-RAY': '8792a1833e675c19-SJC', 'alt-svc': 'h3=":443"; ma=86400'} 
 body={"results":[{"gender":"male","name":{"title":"Mr","first":"Héctor","last":"Vidal"},"location":{"street":{"number":9729,"name":"Calle Nebrija"},"city":"Gijón","state":"Castilla y León","country":"Spain","postcode":59196,"coordinates":{"latitude":"-30.3575","longitude":"-77.4979"},"timezone":{"offset":"+7:00","description":"Bangkok, Hanoi, Jakarta"}},"email":"hector.vidal@example.com","login":{"uuid":"7fcfe558-eed5-4217-a65f-c4f444290203","username":"greenzebra826","password":"glory","salt":"442vjgDz","md5":"faf665a33456de25592eb56b153c3e9f","sha1":"8148636b6e243aa44f935b0dde4eae9d9d081d6a","sha256":"ae785170d2059913bbf650134c8453c7c860bf19159b6d9e7fe1ba3bc57b0e63"},"dob":{"date":"1961-05-11T18:30:57.524Z","age":62},"registered":{"date":"2022-03-21T05:12:57.637Z","age":2},"phone":"923-150-102","cell":"650-537-075","id":{"name":"DNI","value":"53380554-Y"},"picture":{"large":"https://randomuser.me/api/portraits/men/28.jpg","medium":"https://randomuser.me/api/portraits/med/men/28.jpg","thumbnail":"https://randomuser.me/api/portraits/thumb/men/28.jpg"},"nat":"ES"}],"info":{"seed":"6cc1571d12bb0574","results":1,"page":1,"version":"1.4"}} 
 </msg>
<msg time="2024-04-24T02:23:22.896937" level="INFO">/opt/hostedtoolcache/Python/3.12.3/x64/lib/python3.12/site-packages/urllib3/connectionpool.py:1103: InsecureRequestWarning: Unverified HTTPS request is being made to host 'randomuser.me'. Adding certificate verification is strongly advised. See: https://urllib3.readthedocs.io/en/latest/advanced-usage.html#tls-warnings
  warnings.warn(</msg>
<msg time="2024-04-24T02:23:22.897086" level="INFO">${response} = &lt;Response [200]&gt;</msg>
<var>${response}</var>
<arg>consultarAPI</arg>
<arg>/api</arg>
<doc>Sends a GET request on a previously created HTTP Session.</doc>
<status status="PASS" start="2024-04-24T02:23:22.116034" elapsed="0.781101"/>
</kw>
<kw name="Set Variable" owner="BuiltIn">
<msg time="2024-04-24T02:23:22.898395" level="INFO">${json_data} = {'results': [{'gender': 'male', 'name': {'title': 'Mr', 'first': 'Héctor', 'last': 'Vidal'}, 'location': {'street': {'number': 9729, 'name': 'Calle Nebrija'}, 'city': 'Gijón', 'state': 'Castilla y Leó...</msg>
<var>${json_data}</var>
<arg>${response.json()}</arg>
<doc>Returns the given values which can then be assigned to a variables.</doc>
<status status="PASS" start="2024-04-24T02:23:22.897794" elapsed="0.000630"/>
</kw>
<kw name="Set Variable" owner="BuiltIn">
<msg time="2024-04-24T02:23:22.899117" level="INFO">${name_title} = Mr</msg>
<var>${name_title}</var>
<arg>${json_data["results"][0]["name"]["title"]}</arg>
<doc>Returns the given values which can then be assigned to a variables.</doc>
<status status="PASS" start="2024-04-24T02:23:22.898732" elapsed="0.000410"/>
</kw>
<kw name="Create List" owner="BuiltIn">
<msg time="2024-04-24T02:23:22.899585" level="INFO">${allowed_titles} = ['Mr', 'Ms', 'Miss', 'Mrs', 'Madame', 'Monsieur']</msg>
<var>${allowed_titles}</var>
<arg>Mr</arg>
<arg>Ms</arg>
<arg>Miss</arg>
<arg>Mrs</arg>
<arg>Madame</arg>
<arg>Monsieur</arg>
<doc>Returns a list containing given items.</doc>
<status status="PASS" start="2024-04-24T02:23:22.899438" elapsed="0.000171"/>
</kw>
<kw name="List Should Contain Value" owner="Collections">
<msg time="2024-04-24T02:23:22.900128" level="INFO">False</msg>
<arg>${allowed_titles}</arg>
<arg>${name_title}</arg>
<doc>Fails if the ``value`` is not found from ``list``.</doc>
<status status="PASS" start="2024-04-24T02:23:22.899936" elapsed="0.000228"/>
</kw>
<kw name="Set Variable" owner="BuiltIn">
<msg time="2024-04-24T02:23:22.900836" level="INFO">${name_country} = ES</msg>
<var>${name_country}</var>
<arg>${json_data["results"][0]["nat"]}</arg>
<doc>Returns the given values which can then be assigned to a variables.</doc>
<status status="PASS" start="2024-04-24T02:23:22.900454" elapsed="0.000407"/>
</kw>
<kw name="Create List" owner="BuiltIn">
<msg time="2024-04-24T02:23:22.901755" level="INFO">${list_country} = ['AD', 'AE', 'AF', 'AG', 'AI', 'AL', 'AM', 'AO', 'AQ', 'AR', 'AS', 'AT', 'AU', 'AW', 'AX', 'AZ', 'BA', 'BB', 'BD', 'BE', 'BF', 'BG', 'BH', 'BI', 'BJ', 'BL', 'BM', 'BN', 'BO', 'BQ', 'BR', 'BS', 'BT', '...</msg>
<var>${list_country}</var>
<arg>AD</arg>
<arg>AE</arg>
<arg>AF</arg>
<arg>AG</arg>
<arg>AI</arg>
<arg>AL</arg>
<arg>AM</arg>
<arg>AO</arg>
<arg>AQ</arg>
<arg>AR</arg>
<arg>AS</arg>
<arg>AT</arg>
<arg>AU</arg>
<arg>AW</arg>
<arg>AX</arg>
<arg>AZ</arg>
<arg>BA</arg>
<arg>BB</arg>
<arg>BD</arg>
<arg>BE</arg>
<arg>BF</arg>
<arg>BG</arg>
<arg>BH</arg>
<arg>BI</arg>
<arg>BJ</arg>
<arg>BL</arg>
<arg>BM</arg>
<arg>BN</arg>
<arg>BO</arg>
<arg>BQ</arg>
<arg>BR</arg>
<arg>BS</arg>
<arg>BT</arg>
<arg>BV</arg>
<arg>BW</arg>
<arg>BY</arg>
<arg>BZ</arg>
<arg>CA</arg>
<arg>CC</arg>
<arg>CD</arg>
<arg>CF</arg>
<arg>CG</arg>
<arg>CH</arg>
<arg>CI</arg>
<arg>CK</arg>
<arg>CL</arg>
<arg>CM</arg>
<arg>CN</arg>
<arg>CO</arg>
<arg>CR</arg>
<arg>CU</arg>
<arg>CV</arg>
<arg>CW</arg>
<arg>CX</arg>
<arg>CY</arg>
<arg>CZ</arg>
<arg>DE</arg>
<arg>DJ</arg>
<arg>DK</arg>
<arg>DM</arg>
<arg>DO</arg>
<arg>DZ</arg>
<arg>EC</arg>
<arg>EE</arg>
<arg>EG</arg>
<arg>EH</arg>
<arg>ER</arg>
<arg>ES</arg>
<arg>ET</arg>
<arg>FI</arg>
<arg>FJ</arg>
<arg>FK</arg>
<arg>FM</arg>
<arg>FO</arg>
<arg>FR</arg>
<arg>GA</arg>
<arg>GB</arg>
<arg>GD</arg>
<arg>GE</arg>
<arg>GF</arg>
<arg>GG</arg>
<arg>GH</arg>
<arg>GI</arg>
<arg>GL</arg>
<arg>GM</arg>
<arg>GN</arg>
<arg>GP</arg>
<arg>GQ</arg>
<arg>GR</arg>
<arg>GS</arg>
<arg>GT</arg>
<arg>GU</arg>
<arg>GW</arg>
<arg>GY</arg>
<arg>HK</arg>
<arg>HM</arg>
<arg>HN</arg>
<arg>HR</arg>
<arg>HT</arg>
<arg>HU</arg>
<arg>ID</arg>
<arg>IE</arg>
<arg>IL</arg>
<arg>IM</arg>
<arg>IN</arg>
<arg>IO</arg>
<arg>IQ</arg>
<arg>IR</arg>
<arg>IS</arg>
<arg>IT</arg>
<arg>JE</arg>
<arg>JM</arg>
<arg>JO</arg>
<arg>JP</arg>
<arg>KE</arg>
<arg>KG</arg>
<arg>KH</arg>
<arg>KI</arg>
<arg>KM</arg>
<arg>KN</arg>
<arg>KP</arg>
<arg>KR</arg>
<arg>KW</arg>
<arg>KY</arg>
<arg>KZ</arg>
<arg>LA</arg>
<arg>LB</arg>
<arg>LC</arg>
<arg>LI</arg>
<arg>LK</arg>
<arg>LR</arg>
<arg>LS</arg>
<arg>LT</arg>
<arg>LU</arg>
<arg>LV</arg>
<arg>LY</arg>
<arg>MA</arg>
<arg>MC</arg>
<arg>MD</arg>
<arg>ME</arg>
<arg>MF</arg>
<arg>MG</arg>
<arg>MH</arg>
<arg>MK</arg>
<arg>ML</arg>
<arg>MM</arg>
<arg>MN</arg>
<arg>MO</arg>
<arg>MP</arg>
<arg>MQ</arg>
<arg>MR</arg>
<arg>MS</arg>
<arg>MT</arg>
<arg>MU</arg>
<arg>MV</arg>
<arg>MW</arg>
<arg>MX</arg>
<arg>MY</arg>
<arg>MZ</arg>
<arg>NA</arg>
<arg>NC</arg>
<arg>NE</arg>
<arg>NF</arg>
<arg>NG</arg>
<arg>NI</arg>
<arg>NL</arg>
<arg>NO</arg>
<arg>NP</arg>
<arg>NR</arg>
<arg>NU</arg>
<arg>NZ</arg>
<arg>OM</arg>
<arg>PA</arg>
<arg>PE</arg>
<arg>PF</arg>
<arg>PG</arg>
<arg>PH</arg>
<arg>PK</arg>
<arg>PL</arg>
<arg>PM</arg>
<arg>PN</arg>
<arg>PR</arg>
<arg>PS</arg>
<arg>PT</arg>
<arg>PW</arg>
<arg>PY</arg>
<arg>QA</arg>
<arg>RE</arg>
<arg>RO</arg>
<arg>RS</arg>
<arg>RU</arg>
<arg>RW</arg>
<arg>SA</arg>
<arg>SB</arg>
<arg>SC</arg>
<arg>SD</arg>
<arg>SE</arg>
<arg>SG</arg>
<arg>SH</arg>
<arg>SI</arg>
<arg>SJ</arg>
<arg>SK</arg>
<arg>SL</arg>
<arg>SM</arg>
<arg>SN</arg>
<arg>SO</arg>
<arg>SR</arg>
<arg>SS</arg>
<arg>ST</arg>
<arg>SV</arg>
<arg>SX</arg>
<arg>SY</arg>
<arg>SZ</arg>
<arg>TC</arg>
<arg>TD</arg>
<arg>TF</arg>
<arg>TG</arg>
<arg>TH</arg>
<arg>TJ</arg>
<arg>TK</arg>
<arg>TL</arg>
<arg>TM</arg>
<arg>TN</arg>
<arg>TO</arg>
<arg>TR</arg>
<arg>TT</arg>
<arg>TV</arg>
<arg>TW</arg>
<arg>TZ</arg>
<arg>UA</arg>
<arg>UG</arg>
<arg>UM</arg>
<arg>US</arg>
<arg>UY</arg>
<arg>UZ</arg>
<arg>VA</arg>
<arg>VC</arg>
<arg>VE</arg>
<arg>VG</arg>
<arg>VI</arg>
<arg>VN</arg>
<arg>VU</arg>
<arg>WF</arg>
<arg>WS</arg>
<arg>XK</arg>
<arg>YE</arg>
<arg>YT</arg>
<arg>ZA</arg>
<arg>ZM</arg>
<arg>ZW</arg>
<doc>Returns a list containing given items.</doc>
<status status="PASS" start="2024-04-24T02:23:22.901158" elapsed="0.000622"/>
</kw>
<kw name="List Should Contain Value" owner="Collections">
<msg time="2024-04-24T02:23:22.902762" level="INFO">False</msg>
<arg>${list_country}</arg>
<arg>${name_country}</arg>
<doc>Fails if the ``value`` is not found from ``list``.</doc>
<status status="PASS" start="2024-04-24T02:23:22.902564" elapsed="0.000234"/>
</kw>
<kw name="Run Keyword If" owner="BuiltIn">
<kw name="Should Be True" owner="BuiltIn">
<arg>${True}</arg>
<doc>Fails if the given condition is not true.</doc>
<status status="PASS" start="2024-04-24T02:23:22.903874" elapsed="0.000174"/>
</kw>
<arg>${json_data["results"][0]["location"]["coordinates"]["latitude"]} &gt;= -90 and ${json_data["results"][0]["location"]["coordinates"]["latitude"]} &lt;= 90</arg>
<arg>Should Be True</arg>
<arg>${True}</arg>
<doc>Runs the given keyword with the given arguments, if ``condition`` is true.</doc>
<status status="PASS" start="2024-04-24T02:23:22.903109" elapsed="0.001069"/>
</kw>
<kw name="Run Keyword If" owner="BuiltIn">
<kw name="Should Be True" owner="BuiltIn">
<arg>${True}</arg>
<doc>Fails if the given condition is not true.</doc>
<status status="PASS" start="2024-04-24T02:23:22.905059" elapsed="0.000254"/>
</kw>
<arg>${json_data["results"][0]["location"]["coordinates"]["longitude"]} &gt;= -180 and ${json_data["results"][0]["location"]["coordinates"]["longitude"]} &lt;= 180</arg>
<arg>Should Be True</arg>
<arg>${True}</arg>
<doc>Runs the given keyword with the given arguments, if ``condition`` is true.</doc>
<status status="PASS" start="2024-04-24T02:23:22.904364" elapsed="0.001076"/>
</kw>
<status status="PASS" start="2024-04-24T02:23:22.115625" elapsed="0.789948"/>
</kw>
<doc>Testa o conteúdo específico dos campos retornados pela API.</doc>
<tag>testeConteudo</tag>
<status status="PASS" start="2024-04-24T02:23:22.114928" elapsed="0.790797"/>
</test>
<status status="PASS" start="2024-04-24T02:23:21.293941" elapsed="1.613762"/>
</suite>
<status status="PASS" start="2024-04-24T02:23:21.280128" elapsed="1.632872"/>
</suite>
<statistics>
<total>
<stat pass="5" fail="0" skip="0">All Tests</stat>
</total>
<tag>
<stat pass="1" fail="0" skip="0">testeConteudo</stat>
<stat pass="1" fail="0" skip="0">testeEstruturaResposta</stat>
<stat pass="1" fail="0" skip="0">testeRequisicaoBasica</stat>
<stat pass="1" fail="0" skip="0">testeTiposDados</stat>
</tag>
<suite>
<stat pass="5" fail="0" skip="0" id="s1" name="Tests">Tests</stat>
<stat pass="5" fail="0" skip="0" id="s1-s1" name="Random-User-Test">Tests.Random-User-Test</stat>
</suite>
</statistics>
<errors>
</errors>
</robot>
