<?xml version="1.0" encoding="UTF-8"?>
<robot generator="Robot 7.0 (Python 3.12.3 on linux)" generated="2024-06-04T05:18:25.807996" rpa="false" schemaversion="5">
<suite id="s1" name="Tests" source="/home/runner/work/ApiRandomUser/ApiRandomUser/RamdonUser/tests">
<suite id="s1-s1" name="Random-User-Test" source="/home/runner/work/ApiRandomUser/ApiRandomUser/RamdonUser/tests/random-user-test.robot">
<test id="s1-s1-t1" name="Conectar" line="13">
<kw name="Conectar API" owner="random-user-service">
<kw name="Create Session" owner="RequestsLibrary">
<msg time="2024-06-04T05:18:26.226538" level="INFO">Creating Session using : alias=consultarAPI, url=https://randomuser.me/, headers={},                     cookies={}, auth=None, timeout=None, proxies=None, verify=False,                     debug=0 </msg>
<arg>consultarAPI</arg>
<arg>${URL}</arg>
<doc>Create Session: create a HTTP session to a server</doc>
<status status="PASS" start="2024-06-04T05:18:26.226322" elapsed="0.000403"/>
</kw>
<status status="PASS" start="2024-06-04T05:18:26.225229" elapsed="0.001870"/>
</kw>
<status status="PASS" start="2024-06-04T05:18:26.224658" elapsed="0.002638"/>
</test>
<test id="s1-s1-t2" name="Validar retorno 200 e JSON Válido" line="16">
<kw name="Teste de Requisicao Basica" owner="random-user-service">
<kw name="GET On Session" owner="RequestsLibrary">
<msg time="2024-06-04T05:18:26.394666" level="INFO">GET Request : url=https://randomuser.me/api 
 path_url=/api 
 headers={'User-Agent': 'python-requests/2.32.3', 'Accept-Encoding': 'gzip, deflate', 'Accept': '*/*', 'Connection': 'keep-alive'} 
 body=None 
 </msg>
<msg time="2024-06-04T05:18:26.394849" level="INFO">GET Response : url=https://randomuser.me/api 
 status=200, reason=OK 
 headers={'Date': 'Tue, 04 Jun 2024 05:18:26 GMT', 'Content-Type': 'application/json; charset=utf-8', 'Transfer-Encoding': 'chunked', 'Connection': 'keep-alive', 'X-Powered-By': 'Express', 'Access-Control-Allow-Origin': '*', 'Cache-Control': 'no-cache', 'ETag': 'W/"493-Z/ZLIVjTxllApP36PRPavZAVChE"', 'Vary': 'Accept-Encoding', 'Content-Encoding': 'gzip', 'CF-Cache-Status': 'DYNAMIC', 'Report-To': '{"endpoints":[{"url":"https:\\/\\/a.nel.cloudflare.com\\/report\\/v4?s=SlTPDiX9%2F9D4xqZSGnZ4IW%2F4Ft3KQbm%2Ffq0ciBn3UgMik8DAkEp%2Bj67SYgRZ%2FFjoUr7Erk6mZZ1SzKGFiRWOBh%2FM0rlB7Su5K6DSbV8w14vPeqnq2TeIlbgn8uMX2xmi"}],"group":"cf-nel","max_age":604800}', 'NEL': '{"success_fraction":0,"report_to":"cf-nel","max_age":604800}', 'Server': 'cloudflare', 'CF-RAY': '88e57656cd4c202e-IAD', 'alt-svc': 'h3=":443"; ma=86400'} 
 body={"results":[{"gender":"female","name":{"title":"Madame","first":"Juliana","last":"Gauthier"},"location":{"street":{"number":4447,"name":"Place de L'Église"},"city":"Chancy","state":"Neuchâtel","country":"Switzerland","postcode":2574,"coordinates":{"latitude":"-64.0887","longitude":"107.1351"},"timezone":{"offset":"-3:30","description":"Newfoundland"}},"email":"juliana.gauthier@example.com","login":{"uuid":"75247327-8471-493e-b049-092b1a2fd60b","username":"organicbear621","password":"drake","salt":"sBgJn4nd","md5":"d4565340ddce9e2bcf8048945780bcb4","sha1":"36f508f45d942371834e18666bf5a458925bd7fa","sha256":"26f6fa6d12f69984dd9dc9645a061a7ee7ef506dd37ba2581af577fff2fb9fa9"},"dob":{"date":"1953-10-08T03:27:03.481Z","age":70},"registered":{"date":"2016-02-02T15:59:20.000Z","age":8},"phone":"079 830 68 26","cell":"077 905 65 86","id":{"name":"AVS","value":"756.9981.9285.98"},"picture":{"large":"https://randomuser.me/api/portraits/women/7.jpg","medium":"https://randomuser.me/api/portraits/med/women/7.jpg","thumbnail":"https://randomuser.me/api/portraits/thumb/women/7.jpg"},"nat":"CH"}],"info":{"seed":"d195bf2bf5940424","results":1,"page":1,"version":"1.4"}} 
 </msg>
<msg time="2024-06-04T05:18:26.394951" level="INFO">/opt/hostedtoolcache/Python/3.12.3/x64/lib/python3.12/site-packages/urllib3/connectionpool.py:1103: InsecureRequestWarning: Unverified HTTPS request is being made to host 'randomuser.me'. Adding certificate verification is strongly advised. See: https://urllib3.readthedocs.io/en/latest/advanced-usage.html#tls-warnings
  warnings.warn(</msg>
<msg time="2024-06-04T05:18:26.395115" level="INFO">${response} = &lt;Response [200]&gt;</msg>
<var>${response}</var>
<arg>consultarAPI</arg>
<arg>/api</arg>
<doc>Sends a GET request on a previously created HTTP Session.</doc>
<status status="PASS" start="2024-06-04T05:18:26.229951" elapsed="0.165208"/>
</kw>
<kw name="Should Be Equal As Numbers" owner="BuiltIn">
<msg time="2024-06-04T05:18:26.396504" level="INFO">Argument types are:
&lt;class 'int'&gt;
&lt;class 'str'&gt;</msg>
<arg>${response.status_code}</arg>
<arg>200</arg>
<doc>Fails if objects are unequal after converting them to real numbers.</doc>
<status status="PASS" start="2024-06-04T05:18:26.395890" elapsed="0.000685"/>
</kw>
<kw name="Log" owner="BuiltIn">
<msg time="2024-06-04T05:18:26.397342" level="INFO">200</msg>
<arg>${response.status_code}</arg>
<doc>Logs the given message with the given level.</doc>
<status status="PASS" start="2024-06-04T05:18:26.396963" elapsed="0.000429"/>
</kw>
<kw name="Set Variable" owner="BuiltIn">
<msg time="2024-06-04T05:18:26.398186" level="INFO">${json_data} = {'results': [{'gender': 'female', 'name': {'title': 'Madame', 'first': 'Juliana', 'last': 'Gauthier'}, 'location': {'street': {'number': 4447, 'name': "Place de L'Église"}, 'city': 'Chancy', 'state': ...</msg>
<var>${json_data}</var>
<arg>${response.json()}</arg>
<doc>Returns the given values which can then be assigned to a variables.</doc>
<status status="PASS" start="2024-06-04T05:18:26.397723" elapsed="0.000494"/>
</kw>
<kw name="Dictionary Should Contain Key" owner="Collections">
<msg time="2024-06-04T05:18:26.398712" level="INFO">False</msg>
<arg>${json_data}</arg>
<arg>results</arg>
<doc>Fails if ``key`` is not found from ``dictionary``.</doc>
<status status="PASS" start="2024-06-04T05:18:26.398536" elapsed="0.000391"/>
</kw>
<status status="PASS" start="2024-06-04T05:18:26.229694" elapsed="0.169505"/>
</kw>
<doc>Testa se a API responde corretamente e retorna um objeto JSON válido.</doc>
<tag>testeRequisicaoBasica</tag>
<status status="PASS" start="2024-06-04T05:18:26.229231" elapsed="0.170201"/>
</test>
<test id="s1-s1-t3" name="Validar estrutura de resposta" line="22">
<kw name="Teste de Estrutura de Resposta" owner="random-user-service">
<kw name="GET On Session" owner="RequestsLibrary">
<msg time="2024-06-04T05:18:26.501766" level="INFO">GET Request : url=https://randomuser.me/api 
 path_url=/api 
 headers={'User-Agent': 'python-requests/2.32.3', 'Accept-Encoding': 'gzip, deflate', 'Accept': '*/*', 'Connection': 'keep-alive'} 
 body=None 
 </msg>
<msg time="2024-06-04T05:18:26.501887" level="INFO">GET Response : url=https://randomuser.me/api 
 status=200, reason=OK 
 headers={'Date': 'Tue, 04 Jun 2024 05:18:26 GMT', 'Content-Type': 'application/json; charset=utf-8', 'Transfer-Encoding': 'chunked', 'Connection': 'keep-alive', 'X-Powered-By': 'Express', 'Access-Control-Allow-Origin': '*', 'Cache-Control': 'no-cache', 'ETag': 'W/"4a3-lAzf7ksEgmCp2iY9miK7Y0gi3wI"', 'Vary': 'Accept-Encoding', 'Content-Encoding': 'gzip', 'CF-Cache-Status': 'DYNAMIC', 'Report-To': '{"endpoints":[{"url":"https:\\/\\/a.nel.cloudflare.com\\/report\\/v4?s=1dgLuen4E21vee0UfZvKrgxxTZLLmfHPvf12Sd08HzZhNHOQhdl2ai2GYEw0Ql2jpJCPlZf01uTVwLVZIc6Yxr2AfCIS6FGmocf%2FAz2q6vi2AOjXdUrcTlsLDBrP85OT"}],"group":"cf-nel","max_age":604800}', 'NEL': '{"success_fraction":0,"report_to":"cf-nel","max_age":604800}', 'Server': 'cloudflare', 'CF-RAY': '88e576570d9d202e-IAD', 'alt-svc': 'h3=":443"; ma=86400'} 
 body={"results":[{"gender":"female","name":{"title":"Miss","first":"Judy","last":"Butler"},"location":{"street":{"number":9758,"name":"W Dallas St"},"city":"San Mateo","state":"North Dakota","country":"United States","postcode":93017,"coordinates":{"latitude":"86.0966","longitude":"167.0695"},"timezone":{"offset":"+3:00","description":"Baghdad, Riyadh, Moscow, St. Petersburg"}},"email":"judy.butler@example.com","login":{"uuid":"7158feca-e5f8-4698-a528-51a4dbcb4d46","username":"orangefrog193","password":"bigboy","salt":"u9HxKF4t","md5":"0e5f67a089343f7a2bfa7a0d7fc63c5f","sha1":"a3c9ba51b900dc009f9dd3432c2cdb5f7659408d","sha256":"bdbc743ca1c68242243ba5892fd57694c66037eea7b44e5463a827f2e3a26829"},"dob":{"date":"1981-05-27T06:38:54.012Z","age":43},"registered":{"date":"2007-12-20T07:57:28.038Z","age":16},"phone":"(776) 482-3786","cell":"(943) 434-1922","id":{"name":"SSN","value":"242-36-1994"},"picture":{"large":"https://randomuser.me/api/portraits/women/79.jpg","medium":"https://randomuser.me/api/portraits/med/women/79.jpg","thumbnail":"https://randomuser.me/api/portraits/thumb/women/79.jpg"},"nat":"US"}],"info":{"seed":"db4586fd45d470f1","results":1,"page":1,"version":"1.4"}} 
 </msg>
<msg time="2024-06-04T05:18:26.502041" level="INFO">/opt/hostedtoolcache/Python/3.12.3/x64/lib/python3.12/site-packages/urllib3/connectionpool.py:1103: InsecureRequestWarning: Unverified HTTPS request is being made to host 'randomuser.me'. Adding certificate verification is strongly advised. See: https://urllib3.readthedocs.io/en/latest/advanced-usage.html#tls-warnings
  warnings.warn(</msg>
<msg time="2024-06-04T05:18:26.502206" level="INFO">${response} = &lt;Response [200]&gt;</msg>
<var>${response}</var>
<arg>consultarAPI</arg>
<arg>/api</arg>
<doc>Sends a GET request on a previously created HTTP Session.</doc>
<status status="PASS" start="2024-06-04T05:18:26.402191" elapsed="0.100062"/>
</kw>
<kw name="Set Variable" owner="BuiltIn">
<msg time="2024-06-04T05:18:26.503610" level="INFO">${json_data} = {'results': [{'gender': 'female', 'name': {'title': 'Miss', 'first': 'Judy', 'last': 'Butler'}, 'location': {'street': {'number': 9758, 'name': 'W Dallas St'}, 'city': 'San Mateo', 'state': 'North Dak...</msg>
<var>${json_data}</var>
<arg>${response.json()}</arg>
<doc>Returns the given values which can then be assigned to a variables.</doc>
<status status="PASS" start="2024-06-04T05:18:26.502929" elapsed="0.000711"/>
</kw>
<kw name="Log" owner="BuiltIn">
<msg time="2024-06-04T05:18:26.504170" level="INFO">{'results': [{'gender': 'female', 'name': {'title': 'Miss', 'first': 'Judy', 'last': 'Butler'}, 'location': {'street': {'number': 9758, 'name': 'W Dallas St'}, 'city': 'San Mateo', 'state': 'North Dakota', 'country': 'United States', 'postcode': 93017, 'coordinates': {'latitude': '86.0966', 'longitude': '167.0695'}, 'timezone': {'offset': '+3:00', 'description': 'Baghdad, Riyadh, Moscow, St. Petersburg'}}, 'email': 'judy.butler@example.com', 'login': {'uuid': '7158feca-e5f8-4698-a528-51a4dbcb4d46', 'username': 'orangefrog193', 'password': 'bigboy', 'salt': 'u9HxKF4t', 'md5': '0e5f67a089343f7a2bfa7a0d7fc63c5f', 'sha1': 'a3c9ba51b900dc009f9dd3432c2cdb5f7659408d', 'sha256': 'bdbc743ca1c68242243ba5892fd57694c66037eea7b44e5463a827f2e3a26829'}, 'dob': {'date': '1981-05-27T06:38:54.012Z', 'age': 43}, 'registered': {'date': '2007-12-20T07:57:28.038Z', 'age': 16}, 'phone': '(776) 482-3786', 'cell': '(943) 434-1922', 'id': {'name': 'SSN', 'value': '242-36-1994'}, 'picture': {'large': 'https://randomuser.me/api/portraits/women/79.jpg', 'medium': 'https://randomuser.me/api/portraits/med/women/79.jpg', 'thumbnail': 'https://randomuser.me/api/portraits/thumb/women/79.jpg'}, 'nat': 'US'}], 'info': {'seed': 'db4586fd45d470f1', 'results': 1, 'page': 1, 'version': '1.4'}}</msg>
<arg>${json_data}</arg>
<doc>Logs the given message with the given level.</doc>
<status status="PASS" start="2024-06-04T05:18:26.503997" elapsed="0.000222"/>
</kw>
<kw name="Dictionary Should Contain Key" owner="Collections">
<msg time="2024-06-04T05:18:26.504696" level="INFO">False</msg>
<arg>${json_data}</arg>
<arg>results</arg>
<doc>Fails if ``key`` is not found from ``dictionary``.</doc>
<status status="PASS" start="2024-06-04T05:18:26.504523" elapsed="0.000212"/>
</kw>
<kw name="Should Not Be Empty" owner="BuiltIn">
<msg time="2024-06-04T05:18:26.505167" level="INFO">Length is 2.</msg>
<arg>${json_data}</arg>
<doc>Verifies that the given item is not empty.</doc>
<status status="PASS" start="2024-06-04T05:18:26.505033" elapsed="0.000173"/>
</kw>
<kw name="Create List" owner="BuiltIn">
<msg time="2024-06-04T05:18:26.505646" level="INFO">${expected_keys} = ['gender', 'name', 'location', 'email', 'login']</msg>
<var>${expected_keys}</var>
<arg>gender</arg>
<arg>name</arg>
<arg>location</arg>
<arg>email</arg>
<arg>login</arg>
<doc>Returns a list containing given items.</doc>
<status status="PASS" start="2024-06-04T05:18:26.505497" elapsed="0.000173"/>
</kw>
<for flavor="IN">
<iter>
<kw name="Dictionary Should Contain Key" owner="Collections">
<msg time="2024-06-04T05:18:26.506676" level="INFO">False</msg>
<arg>${json_data['results'][0]}</arg>
<arg>${key}</arg>
<doc>Fails if ``key`` is not found from ``dictionary``.</doc>
<status status="PASS" start="2024-06-04T05:18:26.506258" elapsed="0.000462"/>
</kw>
<kw name="Log" owner="BuiltIn">
<msg time="2024-06-04T05:18:26.507414" level="INFO">{'gender': 'female', 'name': {'title': 'Miss', 'first': 'Judy', 'last': 'Butler'}, 'location': {'street': {'number': 9758, 'name': 'W Dallas St'}, 'city': 'San Mateo', 'state': 'North Dakota', 'country': 'United States', 'postcode': 93017, 'coordinates': {'latitude': '86.0966', 'longitude': '167.0695'}, 'timezone': {'offset': '+3:00', 'description': 'Baghdad, Riyadh, Moscow, St. Petersburg'}}, 'email': 'judy.butler@example.com', 'login': {'uuid': '7158feca-e5f8-4698-a528-51a4dbcb4d46', 'username': 'orangefrog193', 'password': 'bigboy', 'salt': 'u9HxKF4t', 'md5': '0e5f67a089343f7a2bfa7a0d7fc63c5f', 'sha1': 'a3c9ba51b900dc009f9dd3432c2cdb5f7659408d', 'sha256': 'bdbc743ca1c68242243ba5892fd57694c66037eea7b44e5463a827f2e3a26829'}, 'dob': {'date': '1981-05-27T06:38:54.012Z', 'age': 43}, 'registered': {'date': '2007-12-20T07:57:28.038Z', 'age': 16}, 'phone': '(776) 482-3786', 'cell': '(943) 434-1922', 'id': {'name': 'SSN', 'value': '242-36-1994'}, 'picture': {'large': 'https://randomuser.me/api/portraits/women/79.jpg', 'medium': 'https://randomuser.me/api/portraits/med/women/79.jpg', 'thumbnail': 'https://randomuser.me/api/portraits/thumb/women/79.jpg'}, 'nat': 'US'}</msg>
<arg>${json_data['results'][0]}</arg>
<doc>Logs the given message with the given level.</doc>
<status status="PASS" start="2024-06-04T05:18:26.507019" elapsed="0.000447"/>
</kw>
<kw name="Log" owner="BuiltIn">
<msg time="2024-06-04T05:18:26.507909" level="INFO">gender</msg>
<arg>${key}</arg>
<doc>Logs the given message with the given level.</doc>
<status status="PASS" start="2024-06-04T05:18:26.507777" elapsed="0.000170"/>
</kw>
<var name="${key}">gender</var>
<status status="PASS" start="2024-06-04T05:18:26.506130" elapsed="0.002039"/>
</iter>
<iter>
<kw name="Dictionary Should Contain Key" owner="Collections">
<msg time="2024-06-04T05:18:26.508873" level="INFO">False</msg>
<arg>${json_data['results'][0]}</arg>
<arg>${key}</arg>
<doc>Fails if ``key`` is not found from ``dictionary``.</doc>
<status status="PASS" start="2024-06-04T05:18:26.508478" elapsed="0.000432"/>
</kw>
<kw name="Log" owner="BuiltIn">
<msg time="2024-06-04T05:18:26.509590" level="INFO">{'gender': 'female', 'name': {'title': 'Miss', 'first': 'Judy', 'last': 'Butler'}, 'location': {'street': {'number': 9758, 'name': 'W Dallas St'}, 'city': 'San Mateo', 'state': 'North Dakota', 'country': 'United States', 'postcode': 93017, 'coordinates': {'latitude': '86.0966', 'longitude': '167.0695'}, 'timezone': {'offset': '+3:00', 'description': 'Baghdad, Riyadh, Moscow, St. Petersburg'}}, 'email': 'judy.butler@example.com', 'login': {'uuid': '7158feca-e5f8-4698-a528-51a4dbcb4d46', 'username': 'orangefrog193', 'password': 'bigboy', 'salt': 'u9HxKF4t', 'md5': '0e5f67a089343f7a2bfa7a0d7fc63c5f', 'sha1': 'a3c9ba51b900dc009f9dd3432c2cdb5f7659408d', 'sha256': 'bdbc743ca1c68242243ba5892fd57694c66037eea7b44e5463a827f2e3a26829'}, 'dob': {'date': '1981-05-27T06:38:54.012Z', 'age': 43}, 'registered': {'date': '2007-12-20T07:57:28.038Z', 'age': 16}, 'phone': '(776) 482-3786', 'cell': '(943) 434-1922', 'id': {'name': 'SSN', 'value': '242-36-1994'}, 'picture': {'large': 'https://randomuser.me/api/portraits/women/79.jpg', 'medium': 'https://randomuser.me/api/portraits/med/women/79.jpg', 'thumbnail': 'https://randomuser.me/api/portraits/thumb/women/79.jpg'}, 'nat': 'US'}</msg>
<arg>${json_data['results'][0]}</arg>
<doc>Logs the given message with the given level.</doc>
<status status="PASS" start="2024-06-04T05:18:26.509230" elapsed="0.000408"/>
</kw>
<kw name="Log" owner="BuiltIn">
<msg time="2024-06-04T05:18:26.510055" level="INFO">name</msg>
<arg>${key}</arg>
<doc>Logs the given message with the given level.</doc>
<status status="PASS" start="2024-06-04T05:18:26.509931" elapsed="0.000161"/>
</kw>
<var name="${key}">name</var>
<status status="PASS" start="2024-06-04T05:18:26.508363" elapsed="0.001947"/>
</iter>
<iter>
<kw name="Dictionary Should Contain Key" owner="Collections">
<msg time="2024-06-04T05:18:26.510976" level="INFO">False</msg>
<arg>${json_data['results'][0]}</arg>
<arg>${key}</arg>
<doc>Fails if ``key`` is not found from ``dictionary``.</doc>
<status status="PASS" start="2024-06-04T05:18:26.510602" elapsed="0.000411"/>
</kw>
<kw name="Log" owner="BuiltIn">
<msg time="2024-06-04T05:18:26.511710" level="INFO">{'gender': 'female', 'name': {'title': 'Miss', 'first': 'Judy', 'last': 'Butler'}, 'location': {'street': {'number': 9758, 'name': 'W Dallas St'}, 'city': 'San Mateo', 'state': 'North Dakota', 'country': 'United States', 'postcode': 93017, 'coordinates': {'latitude': '86.0966', 'longitude': '167.0695'}, 'timezone': {'offset': '+3:00', 'description': 'Baghdad, Riyadh, Moscow, St. Petersburg'}}, 'email': 'judy.butler@example.com', 'login': {'uuid': '7158feca-e5f8-4698-a528-51a4dbcb4d46', 'username': 'orangefrog193', 'password': 'bigboy', 'salt': 'u9HxKF4t', 'md5': '0e5f67a089343f7a2bfa7a0d7fc63c5f', 'sha1': 'a3c9ba51b900dc009f9dd3432c2cdb5f7659408d', 'sha256': 'bdbc743ca1c68242243ba5892fd57694c66037eea7b44e5463a827f2e3a26829'}, 'dob': {'date': '1981-05-27T06:38:54.012Z', 'age': 43}, 'registered': {'date': '2007-12-20T07:57:28.038Z', 'age': 16}, 'phone': '(776) 482-3786', 'cell': '(943) 434-1922', 'id': {'name': 'SSN', 'value': '242-36-1994'}, 'picture': {'large': 'https://randomuser.me/api/portraits/women/79.jpg', 'medium': 'https://randomuser.me/api/portraits/med/women/79.jpg', 'thumbnail': 'https://randomuser.me/api/portraits/thumb/women/79.jpg'}, 'nat': 'US'}</msg>
<arg>${json_data['results'][0]}</arg>
<doc>Logs the given message with the given level.</doc>
<status status="PASS" start="2024-06-04T05:18:26.511329" elapsed="0.000429"/>
</kw>
<kw name="Log" owner="BuiltIn">
<msg time="2024-06-04T05:18:26.512182" level="INFO">location</msg>
<arg>${key}</arg>
<doc>Logs the given message with the given level.</doc>
<status status="PASS" start="2024-06-04T05:18:26.512056" elapsed="0.000163"/>
</kw>
<var name="${key}">location</var>
<status status="PASS" start="2024-06-04T05:18:26.510489" elapsed="0.001944"/>
</iter>
<iter>
<kw name="Dictionary Should Contain Key" owner="Collections">
<msg time="2024-06-04T05:18:26.513209" level="INFO">False</msg>
<arg>${json_data['results'][0]}</arg>
<arg>${key}</arg>
<doc>Fails if ``key`` is not found from ``dictionary``.</doc>
<status status="PASS" start="2024-06-04T05:18:26.512715" elapsed="0.000532"/>
</kw>
<kw name="Log" owner="BuiltIn">
<msg time="2024-06-04T05:18:26.513894" level="INFO">{'gender': 'female', 'name': {'title': 'Miss', 'first': 'Judy', 'last': 'Butler'}, 'location': {'street': {'number': 9758, 'name': 'W Dallas St'}, 'city': 'San Mateo', 'state': 'North Dakota', 'country': 'United States', 'postcode': 93017, 'coordinates': {'latitude': '86.0966', 'longitude': '167.0695'}, 'timezone': {'offset': '+3:00', 'description': 'Baghdad, Riyadh, Moscow, St. Petersburg'}}, 'email': 'judy.butler@example.com', 'login': {'uuid': '7158feca-e5f8-4698-a528-51a4dbcb4d46', 'username': 'orangefrog193', 'password': 'bigboy', 'salt': 'u9HxKF4t', 'md5': '0e5f67a089343f7a2bfa7a0d7fc63c5f', 'sha1': 'a3c9ba51b900dc009f9dd3432c2cdb5f7659408d', 'sha256': 'bdbc743ca1c68242243ba5892fd57694c66037eea7b44e5463a827f2e3a26829'}, 'dob': {'date': '1981-05-27T06:38:54.012Z', 'age': 43}, 'registered': {'date': '2007-12-20T07:57:28.038Z', 'age': 16}, 'phone': '(776) 482-3786', 'cell': '(943) 434-1922', 'id': {'name': 'SSN', 'value': '242-36-1994'}, 'picture': {'large': 'https://randomuser.me/api/portraits/women/79.jpg', 'medium': 'https://randomuser.me/api/portraits/med/women/79.jpg', 'thumbnail': 'https://randomuser.me/api/portraits/thumb/women/79.jpg'}, 'nat': 'US'}</msg>
<arg>${json_data['results'][0]}</arg>
<doc>Logs the given message with the given level.</doc>
<status status="PASS" start="2024-06-04T05:18:26.513542" elapsed="0.000401"/>
</kw>
<kw name="Log" owner="BuiltIn">
<msg time="2024-06-04T05:18:26.514356" level="INFO">email</msg>
<arg>${key}</arg>
<doc>Logs the given message with the given level.</doc>
<status status="PASS" start="2024-06-04T05:18:26.514231" elapsed="0.000162"/>
</kw>
<var name="${key}">email</var>
<status status="PASS" start="2024-06-04T05:18:26.512605" elapsed="0.001997"/>
</iter>
<iter>
<kw name="Dictionary Should Contain Key" owner="Collections">
<msg time="2024-06-04T05:18:26.515259" level="INFO">False</msg>
<arg>${json_data['results'][0]}</arg>
<arg>${key}</arg>
<doc>Fails if ``key`` is not found from ``dictionary``.</doc>
<status status="PASS" start="2024-06-04T05:18:26.514884" elapsed="0.000412"/>
</kw>
<kw name="Log" owner="BuiltIn">
<msg time="2024-06-04T05:18:26.515975" level="INFO">{'gender': 'female', 'name': {'title': 'Miss', 'first': 'Judy', 'last': 'Butler'}, 'location': {'street': {'number': 9758, 'name': 'W Dallas St'}, 'city': 'San Mateo', 'state': 'North Dakota', 'country': 'United States', 'postcode': 93017, 'coordinates': {'latitude': '86.0966', 'longitude': '167.0695'}, 'timezone': {'offset': '+3:00', 'description': 'Baghdad, Riyadh, Moscow, St. Petersburg'}}, 'email': 'judy.butler@example.com', 'login': {'uuid': '7158feca-e5f8-4698-a528-51a4dbcb4d46', 'username': 'orangefrog193', 'password': 'bigboy', 'salt': 'u9HxKF4t', 'md5': '0e5f67a089343f7a2bfa7a0d7fc63c5f', 'sha1': 'a3c9ba51b900dc009f9dd3432c2cdb5f7659408d', 'sha256': 'bdbc743ca1c68242243ba5892fd57694c66037eea7b44e5463a827f2e3a26829'}, 'dob': {'date': '1981-05-27T06:38:54.012Z', 'age': 43}, 'registered': {'date': '2007-12-20T07:57:28.038Z', 'age': 16}, 'phone': '(776) 482-3786', 'cell': '(943) 434-1922', 'id': {'name': 'SSN', 'value': '242-36-1994'}, 'picture': {'large': 'https://randomuser.me/api/portraits/women/79.jpg', 'medium': 'https://randomuser.me/api/portraits/med/women/79.jpg', 'thumbnail': 'https://randomuser.me/api/portraits/thumb/women/79.jpg'}, 'nat': 'US'}</msg>
<arg>${json_data['results'][0]}</arg>
<doc>Logs the given message with the given level.</doc>
<status status="PASS" start="2024-06-04T05:18:26.515625" elapsed="0.000399"/>
</kw>
<kw name="Log" owner="BuiltIn">
<msg time="2024-06-04T05:18:26.516431" level="INFO">login</msg>
<arg>${key}</arg>
<doc>Logs the given message with the given level.</doc>
<status status="PASS" start="2024-06-04T05:18:26.516308" elapsed="0.000190"/>
</kw>
<var name="${key}">login</var>
<status status="PASS" start="2024-06-04T05:18:26.514773" elapsed="0.001944"/>
</iter>
<var>${key}</var>
<value>@{expected_keys}</value>
<status status="PASS" start="2024-06-04T05:18:26.505929" elapsed="0.010908"/>
</for>
<kw name="Create List" owner="BuiltIn">
<msg time="2024-06-04T05:18:26.517162" level="INFO">${expected_keysTwo} = ['username', 'password']</msg>
<var>${expected_keysTwo}</var>
<arg>username</arg>
<arg>password</arg>
<doc>Returns a list containing given items.</doc>
<status status="PASS" start="2024-06-04T05:18:26.517029" elapsed="0.000157"/>
</kw>
<for flavor="IN">
<iter>
<kw name="Dictionary Should Contain Key" owner="Collections">
<msg time="2024-06-04T05:18:26.518060" level="INFO">False</msg>
<arg>${json_data['results'][0]['login']}</arg>
<arg>${keyTwo}</arg>
<doc>Fails if ``key`` is not found from ``dictionary``.</doc>
<status status="PASS" start="2024-06-04T05:18:26.517677" elapsed="0.000419"/>
</kw>
<kw name="Dictionary Should Contain Key" owner="Collections">
<msg time="2024-06-04T05:18:26.518762" level="INFO">False</msg>
<arg>${json_data['results'][0]['login']}</arg>
<arg>${keyTwo}</arg>
<doc>Fails if ``key`` is not found from ``dictionary``.</doc>
<status status="PASS" start="2024-06-04T05:18:26.518393" elapsed="0.000406"/>
</kw>
<kw name="Log" owner="BuiltIn">
<msg time="2024-06-04T05:18:26.519212" level="INFO">username</msg>
<arg>${keyTwo}</arg>
<doc>Logs the given message with the given level.</doc>
<status status="PASS" start="2024-06-04T05:18:26.519089" elapsed="0.000160"/>
</kw>
<var name="${keyTwo}">username</var>
<status status="PASS" start="2024-06-04T05:18:26.517570" elapsed="0.001934"/>
</iter>
<iter>
<kw name="Dictionary Should Contain Key" owner="Collections">
<msg time="2024-06-04T05:18:26.520158" level="INFO">False</msg>
<arg>${json_data['results'][0]['login']}</arg>
<arg>${keyTwo}</arg>
<doc>Fails if ``key`` is not found from ``dictionary``.</doc>
<status status="PASS" start="2024-06-04T05:18:26.519788" elapsed="0.000406"/>
</kw>
<kw name="Dictionary Should Contain Key" owner="Collections">
<msg time="2024-06-04T05:18:26.520860" level="INFO">False</msg>
<arg>${json_data['results'][0]['login']}</arg>
<arg>${keyTwo}</arg>
<doc>Fails if ``key`` is not found from ``dictionary``.</doc>
<status status="PASS" start="2024-06-04T05:18:26.520479" elapsed="0.000417"/>
</kw>
<kw name="Log" owner="BuiltIn">
<msg time="2024-06-04T05:18:26.521303" level="INFO">password</msg>
<arg>${keyTwo}</arg>
<doc>Logs the given message with the given level.</doc>
<status status="PASS" start="2024-06-04T05:18:26.521181" elapsed="0.000159"/>
</kw>
<var name="${keyTwo}">password</var>
<status status="PASS" start="2024-06-04T05:18:26.519674" elapsed="0.001877"/>
</iter>
<var>${keyTwo}</var>
<value>@{expected_keysTwo}</value>
<status status="PASS" start="2024-06-04T05:18:26.517419" elapsed="0.004249"/>
</for>
<status status="PASS" start="2024-06-04T05:18:26.401939" elapsed="0.119869"/>
</kw>
<doc>Testa a estrutura da resposta da API.</doc>
<tag>testeEstruturaResposta</tag>
<status status="PASS" start="2024-06-04T05:18:26.401303" elapsed="0.120662"/>
</test>
<test id="s1-s1-t4" name="Validar tipos de dados" line="28">
<kw name="Teste de Tipos de Dados" owner="random-user-service">
<kw name="GET On Session" owner="RequestsLibrary">
<msg time="2024-06-04T05:18:26.599875" level="INFO">GET Request : url=https://randomuser.me/api 
 path_url=/api 
 headers={'User-Agent': 'python-requests/2.32.3', 'Accept-Encoding': 'gzip, deflate', 'Accept': '*/*', 'Connection': 'keep-alive'} 
 body=None 
 </msg>
<msg time="2024-06-04T05:18:26.599981" level="INFO">GET Response : url=https://randomuser.me/api 
 status=200, reason=OK 
 headers={'Date': 'Tue, 04 Jun 2024 05:18:26 GMT', 'Content-Type': 'application/json; charset=utf-8', 'Transfer-Encoding': 'chunked', 'Connection': 'keep-alive', 'X-Powered-By': 'Express', 'Access-Control-Allow-Origin': '*', 'Cache-Control': 'no-cache', 'ETag': 'W/"49f-FeJAkw/LhG0o9a0igXnVSBweBPA"', 'Vary': 'Accept-Encoding', 'Content-Encoding': 'gzip', 'CF-Cache-Status': 'DYNAMIC', 'Report-To': '{"endpoints":[{"url":"https:\\/\\/a.nel.cloudflare.com\\/report\\/v4?s=0krhVHPd2koDZAZNtKmM4MtQP%2Bli49isJIm7HUAt7%2FwBVCYnfIXe96q2%2FOMUlxQa1eRSIJcrfVG%2FfXexZgMMjXpNVqCuoiBfc5W7cqRDJ1MyJdkFuy3x1mTgYMHU45ho"}],"group":"cf-nel","max_age":604800}', 'NEL': '{"success_fraction":0,"report_to":"cf-nel","max_age":604800}', 'Server': 'cloudflare', 'CF-RAY': '88e57657ce5a202e-IAD', 'alt-svc': 'h3=":443"; ma=86400'} 
 body={"results":[{"gender":"female","name":{"title":"Miss","first":"Matilda","last":"Ranta"},"location":{"street":{"number":9573,"name":"Mannerheimintie"},"city":"Kuortane","state":"Northern Savonia","country":"Finland","postcode":29851,"coordinates":{"latitude":"-26.8288","longitude":"97.7355"},"timezone":{"offset":"-7:00","description":"Mountain Time (US &amp; Canada)"}},"email":"matilda.ranta@example.com","login":{"uuid":"8c23f667-3be7-4133-a32f-587fbd8dd59e","username":"yellowfrog571","password":"blueball","salt":"R6Dgmmyp","md5":"20cf7751cee188a8693df56c8b64188c","sha1":"6d2a5beb2ecd6fa1f34ba3cb75d702098d118289","sha256":"6ee1e7bd2281eb15a08a508fc3421a2f0fdd179144ed4c3d1fd3f86340900582"},"dob":{"date":"1971-07-21T05:35:47.561Z","age":52},"registered":{"date":"2022-05-05T01:44:32.124Z","age":2},"phone":"08-588-359","cell":"046-485-03-68","id":{"name":"HETU","value":"NaNNA190undefined"},"picture":{"large":"https://randomuser.me/api/portraits/women/66.jpg","medium":"https://randomuser.me/api/portraits/med/women/66.jpg","thumbnail":"https://randomuser.me/api/portraits/thumb/women/66.jpg"},"nat":"FI"}],"info":{"seed":"b9cca34439f9a10f","results":1,"page":1,"version":"1.4"}} 
 </msg>
<msg time="2024-06-04T05:18:26.600067" level="INFO">/opt/hostedtoolcache/Python/3.12.3/x64/lib/python3.12/site-packages/urllib3/connectionpool.py:1103: InsecureRequestWarning: Unverified HTTPS request is being made to host 'randomuser.me'. Adding certificate verification is strongly advised. See: https://urllib3.readthedocs.io/en/latest/advanced-usage.html#tls-warnings
  warnings.warn(</msg>
<msg time="2024-06-04T05:18:26.600202" level="INFO">${response} = &lt;Response [200]&gt;</msg>
<var>${response}</var>
<arg>consultarAPI</arg>
<arg>/api</arg>
<doc>Sends a GET request on a previously created HTTP Session.</doc>
<status status="PASS" start="2024-06-04T05:18:26.524603" elapsed="0.075650"/>
</kw>
<kw name="Set Variable" owner="BuiltIn">
<msg time="2024-06-04T05:18:26.601519" level="INFO">${json_data} = {'results': [{'gender': 'female', 'name': {'title': 'Miss', 'first': 'Matilda', 'last': 'Ranta'}, 'location': {'street': {'number': 9573, 'name': 'Mannerheimintie'}, 'city': 'Kuortane', 'state': 'Nort...</msg>
<var>${json_data}</var>
<arg>${response.json()}</arg>
<doc>Returns the given values which can then be assigned to a variables.</doc>
<status status="PASS" start="2024-06-04T05:18:26.600913" elapsed="0.000635"/>
</kw>
<kw name="Log" owner="BuiltIn">
<msg time="2024-06-04T05:18:26.602065" level="INFO">{'results': [{'gender': 'female', 'name': {'title': 'Miss', 'first': 'Matilda', 'last': 'Ranta'}, 'location': {'street': {'number': 9573, 'name': 'Mannerheimintie'}, 'city': 'Kuortane', 'state': 'Northern Savonia', 'country': 'Finland', 'postcode': 29851, 'coordinates': {'latitude': '-26.8288', 'longitude': '97.7355'}, 'timezone': {'offset': '-7:00', 'description': 'Mountain Time (US &amp; Canada)'}}, 'email': 'matilda.ranta@example.com', 'login': {'uuid': '8c23f667-3be7-4133-a32f-587fbd8dd59e', 'username': 'yellowfrog571', 'password': 'blueball', 'salt': 'R6Dgmmyp', 'md5': '20cf7751cee188a8693df56c8b64188c', 'sha1': '6d2a5beb2ecd6fa1f34ba3cb75d702098d118289', 'sha256': '6ee1e7bd2281eb15a08a508fc3421a2f0fdd179144ed4c3d1fd3f86340900582'}, 'dob': {'date': '1971-07-21T05:35:47.561Z', 'age': 52}, 'registered': {'date': '2022-05-05T01:44:32.124Z', 'age': 2}, 'phone': '08-588-359', 'cell': '046-485-03-68', 'id': {'name': 'HETU', 'value': 'NaNNA190undefined'}, 'picture': {'large': 'https://randomuser.me/api/portraits/women/66.jpg', 'medium': 'https://randomuser.me/api/portraits/med/women/66.jpg', 'thumbnail': 'https://randomuser.me/api/portraits/thumb/women/66.jpg'}, 'nat': 'FI'}], 'info': {'seed': 'b9cca34439f9a10f', 'results': 1, 'page': 1, 'version': '1.4'}}</msg>
<arg>${json_data}</arg>
<doc>Logs the given message with the given level.</doc>
<status status="PASS" start="2024-06-04T05:18:26.601899" elapsed="0.000253"/>
</kw>
<kw name="Should Be String" owner="String">
<arg>${json_data['results'][0]['gender']}</arg>
<doc>Fails if the given ``item`` is not a string.</doc>
<status status="PASS" start="2024-06-04T05:18:26.602461" elapsed="0.000379"/>
</kw>
<kw name="Should Match Regexp" owner="BuiltIn">
<arg>${json_data['results'][0]['email']}</arg>
<arg>^[a-zA-Z0-9._%+-]+@[a-zA-Z0-9.-]+\.[a-zA-Z]{2,}$</arg>
<doc>Fails if ``string`` does not match ``pattern`` as a regular expression.</doc>
<status status="PASS" start="2024-06-04T05:18:26.603034" elapsed="0.000714"/>
</kw>
<kw name="Should Match Regexp" owner="BuiltIn">
<arg>${json_data['results'][0]['dob']['date']}</arg>
<arg>\\d{4}-\\d{2}-\\d{2}T\\d{2}:\\d{2}:\\d{2}\\.\\d{3}Z</arg>
<doc>Fails if ``string`` does not match ``pattern`` as a regular expression.</doc>
<status status="PASS" start="2024-06-04T05:18:26.603952" elapsed="0.000489"/>
</kw>
<kw name="Should Match Regexp" owner="BuiltIn">
<arg>${json_data['results'][0]['registered']['date']}</arg>
<arg>\\d{4}-\\d{2}-\\d{2}T\\d{2}:\\d{2}:\\d{2}\\.\\d{3}Z</arg>
<doc>Fails if ``string`` does not match ``pattern`` as a regular expression.</doc>
<status status="PASS" start="2024-06-04T05:18:26.604635" elapsed="0.000374"/>
</kw>
<kw name="Should Match Regexp" owner="BuiltIn">
<arg>${json_data['results'][0]['picture']['large']}</arg>
<arg>^https?://.*\.(?:png|jpe?g|gif|bmp)$</arg>
<doc>Fails if ``string`` does not match ``pattern`` as a regular expression.</doc>
<status status="PASS" start="2024-06-04T05:18:26.605198" elapsed="0.000467"/>
</kw>
<kw name="Should Match Regexp" owner="BuiltIn">
<arg>${json_data['results'][0]['picture']['medium']}</arg>
<arg>^https?://.*\.(?:png|jpe?g|gif|bmp)$</arg>
<doc>Fails if ``string`` does not match ``pattern`` as a regular expression.</doc>
<status status="PASS" start="2024-06-04T05:18:26.605855" elapsed="0.000349"/>
</kw>
<kw name="Should Match Regexp" owner="BuiltIn">
<arg>${json_data['results'][0]['picture']['thumbnail']}</arg>
<arg>^https?://.*\.(?:png|jpe?g|gif|bmp)$</arg>
<doc>Fails if ``string`` does not match ``pattern`` as a regular expression.</doc>
<status status="PASS" start="2024-06-04T05:18:26.606389" elapsed="0.000347"/>
</kw>
<kw name="Log" owner="BuiltIn">
<msg time="2024-06-04T05:18:26.607239" level="INFO">{'large': 'https://randomuser.me/api/portraits/women/66.jpg', 'medium': 'https://randomuser.me/api/portraits/med/women/66.jpg', 'thumbnail': 'https://randomuser.me/api/portraits/thumb/women/66.jpg'}</msg>
<arg>${json_data['results'][0]['picture']}</arg>
<doc>Logs the given message with the given level.</doc>
<status status="PASS" start="2024-06-04T05:18:26.606915" elapsed="0.000365"/>
</kw>
<status status="PASS" start="2024-06-04T05:18:26.524365" elapsed="0.083201"/>
</kw>
<kw name="Teste de Tipos de Dados - Postcode" owner="random-user-service">
<kw name="GET On Session" owner="RequestsLibrary">
<msg time="2024-06-04T05:18:26.697074" level="INFO">GET Request : url=https://randomuser.me/api 
 path_url=/api 
 headers={'User-Agent': 'python-requests/2.32.3', 'Accept-Encoding': 'gzip, deflate', 'Accept': '*/*', 'Connection': 'keep-alive'} 
 body=None 
 </msg>
<msg time="2024-06-04T05:18:26.697189" level="INFO">GET Response : url=https://randomuser.me/api 
 status=200, reason=OK 
 headers={'Date': 'Tue, 04 Jun 2024 05:18:26 GMT', 'Content-Type': 'application/json; charset=utf-8', 'Transfer-Encoding': 'chunked', 'Connection': 'keep-alive', 'X-Powered-By': 'Express', 'Access-Control-Allow-Origin': '*', 'Cache-Control': 'no-cache', 'ETag': 'W/"47d-giZbttG4OLVIkZ92ZMoCFq2WpIw"', 'Vary': 'Accept-Encoding', 'Content-Encoding': 'gzip', 'CF-Cache-Status': 'DYNAMIC', 'Report-To': '{"endpoints":[{"url":"https:\\/\\/a.nel.cloudflare.com\\/report\\/v4?s=dBoW0GdlDatXz0jMfE7pkZ27lG%2BSdV1T9N7onW0Rxw%2BPDfpKOvkYt9VDjxXiZALgdpSAfcEhR56zGRbYTBB%2FDJ6MgCmDVmYJesr36ce7WsF%2FflzAepyGjfFRkzC%2BvFkU"}],"group":"cf-nel","max_age":604800}', 'NEL': '{"success_fraction":0,"report_to":"cf-nel","max_age":604800}', 'Server': 'cloudflare', 'CF-RAY': '88e576585ebf202e-IAD', 'alt-svc': 'h3=":443"; ma=86400'} 
 body={"results":[{"gender":"male","name":{"title":"Mr","first":"Niels","last":"Meindl"},"location":{"street":{"number":485,"name":"Mittelstraße"},"city":"Volkach","state":"Hessen","country":"Germany","postcode":22230,"coordinates":{"latitude":"-49.1428","longitude":"-102.6853"},"timezone":{"offset":"-12:00","description":"Eniwetok, Kwajalein"}},"email":"niels.meindl@example.com","login":{"uuid":"b900ae62-0749-4b9a-b350-58533006a8d5","username":"greenbear423","password":"cinema","salt":"dBsLSLNn","md5":"a04de6f5a9e8e5455b9f8c054aabaabf","sha1":"5f6c95c9932a3f988695bf23f00d460289a1dbc7","sha256":"0b48205250e1c37dfa4e2a7f452008a1736e25396183815d0a9d06b62ede6cb6"},"dob":{"date":"1974-02-22T23:45:16.386Z","age":50},"registered":{"date":"2009-04-01T07:57:02.145Z","age":15},"phone":"0100-4658350","cell":"0179-4533089","id":{"name":"SVNR","value":"70 220274 M 036"},"picture":{"large":"https://randomuser.me/api/portraits/men/23.jpg","medium":"https://randomuser.me/api/portraits/med/men/23.jpg","thumbnail":"https://randomuser.me/api/portraits/thumb/men/23.jpg"},"nat":"DE"}],"info":{"seed":"df3ab07c8192d097","results":1,"page":1,"version":"1.4"}} 
 </msg>
<msg time="2024-06-04T05:18:26.697276" level="INFO">/opt/hostedtoolcache/Python/3.12.3/x64/lib/python3.12/site-packages/urllib3/connectionpool.py:1103: InsecureRequestWarning: Unverified HTTPS request is being made to host 'randomuser.me'. Adding certificate verification is strongly advised. See: https://urllib3.readthedocs.io/en/latest/advanced-usage.html#tls-warnings
  warnings.warn(</msg>
<msg time="2024-06-04T05:18:26.697415" level="INFO">${response} = &lt;Response [200]&gt;</msg>
<var>${response}</var>
<arg>consultarAPI</arg>
<arg>/api</arg>
<doc>Sends a GET request on a previously created HTTP Session.</doc>
<status status="PASS" start="2024-06-04T05:18:26.608016" elapsed="0.089449"/>
</kw>
<kw name="Set Variable" owner="BuiltIn">
<msg time="2024-06-04T05:18:26.698800" level="INFO">${json_data} = {'results': [{'gender': 'male', 'name': {'title': 'Mr', 'first': 'Niels', 'last': 'Meindl'}, 'location': {'street': {'number': 485, 'name': 'Mittelstraße'}, 'city': 'Volkach', 'state': 'Hessen', 'coun...</msg>
<var>${json_data}</var>
<arg>${response.json()}</arg>
<doc>Returns the given values which can then be assigned to a variables.</doc>
<status status="PASS" start="2024-06-04T05:18:26.698158" elapsed="0.000672"/>
</kw>
<kw name="Log" owner="BuiltIn">
<msg time="2024-06-04T05:18:26.699398" level="INFO">{'results': [{'gender': 'male', 'name': {'title': 'Mr', 'first': 'Niels', 'last': 'Meindl'}, 'location': {'street': {'number': 485, 'name': 'Mittelstraße'}, 'city': 'Volkach', 'state': 'Hessen', 'country': 'Germany', 'postcode': 22230, 'coordinates': {'latitude': '-49.1428', 'longitude': '-102.6853'}, 'timezone': {'offset': '-12:00', 'description': 'Eniwetok, Kwajalein'}}, 'email': 'niels.meindl@example.com', 'login': {'uuid': 'b900ae62-0749-4b9a-b350-58533006a8d5', 'username': 'greenbear423', 'password': 'cinema', 'salt': 'dBsLSLNn', 'md5': 'a04de6f5a9e8e5455b9f8c054aabaabf', 'sha1': '5f6c95c9932a3f988695bf23f00d460289a1dbc7', 'sha256': '0b48205250e1c37dfa4e2a7f452008a1736e25396183815d0a9d06b62ede6cb6'}, 'dob': {'date': '1974-02-22T23:45:16.386Z', 'age': 50}, 'registered': {'date': '2009-04-01T07:57:02.145Z', 'age': 15}, 'phone': '0100-4658350', 'cell': '0179-4533089', 'id': {'name': 'SVNR', 'value': '70 220274 M 036'}, 'picture': {'large': 'https://randomuser.me/api/portraits/men/23.jpg', 'medium': 'https://randomuser.me/api/portraits/med/men/23.jpg', 'thumbnail': 'https://randomuser.me/api/portraits/thumb/men/23.jpg'}, 'nat': 'DE'}], 'info': {'seed': 'df3ab07c8192d097', 'results': 1, 'page': 1, 'version': '1.4'}}</msg>
<arg>${json_data}</arg>
<doc>Logs the given message with the given level.</doc>
<status status="PASS" start="2024-06-04T05:18:26.699186" elapsed="0.000310"/>
</kw>
<kw name="Should Be Equal As Numbers" owner="BuiltIn">
<arg>${json_data['results'][0]['location']['postcode']}</arg>
<arg>${json_data['results'][0]['location']['postcode']}</arg>
<doc>Fails if objects are unequal after converting them to real numbers.</doc>
<status status="PASS" start="2024-06-04T05:18:26.699815" elapsed="0.000642"/>
</kw>
<kw name="Log" owner="BuiltIn">
<msg time="2024-06-04T05:18:26.700990" level="INFO">22230</msg>
<arg>${json_data['results'][0]['location']['postcode']}</arg>
<doc>Logs the given message with the given level.</doc>
<status status="PASS" start="2024-06-04T05:18:26.700653" elapsed="0.000377"/>
</kw>
<status status="PASS" start="2024-06-04T05:18:26.607788" elapsed="0.093501"/>
</kw>
<doc>Testa se os tipos de dados na resposta da API estão corretos.</doc>
<tag>testeTiposDados</tag>
<status status="PASS" start="2024-06-04T05:18:26.523808" elapsed="0.177651"/>
</test>
<test id="s1-s1-t5" name="Validar conteudo" line="35">
<kw name="Teste de Tipos de Conteudo" owner="random-user-service">
<kw name="GET On Session" owner="RequestsLibrary">
<msg time="2024-06-04T05:18:26.798848" level="INFO">GET Request : url=https://randomuser.me/api 
 path_url=/api 
 headers={'User-Agent': 'python-requests/2.32.3', 'Accept-Encoding': 'gzip, deflate', 'Accept': '*/*', 'Connection': 'keep-alive'} 
 body=None 
 </msg>
<msg time="2024-06-04T05:18:26.798949" level="INFO">GET Response : url=https://randomuser.me/api 
 status=200, reason=OK 
 headers={'Date': 'Tue, 04 Jun 2024 05:18:26 GMT', 'Content-Type': 'application/json; charset=utf-8', 'Transfer-Encoding': 'chunked', 'Connection': 'keep-alive', 'X-Powered-By': 'Express', 'Access-Control-Allow-Origin': '*', 'Cache-Control': 'no-cache', 'ETag': 'W/"48e-Q/+EUd+MstKPVlD8ztw6SvmvJ9Y"', 'Vary': 'Accept-Encoding', 'Content-Encoding': 'gzip', 'CF-Cache-Status': 'DYNAMIC', 'Report-To': '{"endpoints":[{"url":"https:\\/\\/a.nel.cloudflare.com\\/report\\/v4?s=1KBhLS8WgQlBfD%2BKqyw3i3teOoM105oZbnykzCfuQBjnc8vAebQQjX351UfbtFF8kgLsb4e7Q1gBE9pKj8Rv4wxzhDrxdpdSr%2BpVnyWQimn5UapXY5OHla1BoTnsYTal"}],"group":"cf-nel","max_age":604800}', 'NEL': '{"success_fraction":0,"report_to":"cf-nel","max_age":604800}', 'Server': 'cloudflare', 'CF-RAY': '88e57658ef53202e-IAD', 'alt-svc': 'h3=":443"; ma=86400'} 
 body={"results":[{"gender":"female","name":{"title":"Ms","first":"Ishita","last":"Dalvi"},"location":{"street":{"number":4887,"name":"Hazratganj"},"city":"Hajipur","state":"Karnataka","country":"India","postcode":65507,"coordinates":{"latitude":"5.9587","longitude":"175.7926"},"timezone":{"offset":"+1:00","description":"Brussels, Copenhagen, Madrid, Paris"}},"email":"ishita.dalvi@example.com","login":{"uuid":"43b77557-94ba-43a8-a612-acf1f5dd1548","username":"blackostrich818","password":"advance","salt":"rRNnNHOy","md5":"9acd8e5b8d5fd17ac188f3fe2ce5afb4","sha1":"201735fd342851cfbdfd2d55d22c7bc86b416c8f","sha256":"d64ae5abacda08109e468d864f0b6fab17901cb03a9aadf75e90677d59617bca"},"dob":{"date":"2000-12-22T01:32:52.604Z","age":23},"registered":{"date":"2004-09-10T09:35:16.986Z","age":19},"phone":"8880325599","cell":"8768548070","id":{"name":"UIDAI","value":"203353527479"},"picture":{"large":"https://randomuser.me/api/portraits/women/92.jpg","medium":"https://randomuser.me/api/portraits/med/women/92.jpg","thumbnail":"https://randomuser.me/api/portraits/thumb/women/92.jpg"},"nat":"IN"}],"info":{"seed":"93b486d1674756c1","results":1,"page":1,"version":"1.4"}} 
 </msg>
<msg time="2024-06-04T05:18:26.799023" level="INFO">/opt/hostedtoolcache/Python/3.12.3/x64/lib/python3.12/site-packages/urllib3/connectionpool.py:1103: InsecureRequestWarning: Unverified HTTPS request is being made to host 'randomuser.me'. Adding certificate verification is strongly advised. See: https://urllib3.readthedocs.io/en/latest/advanced-usage.html#tls-warnings
  warnings.warn(</msg>
<msg time="2024-06-04T05:18:26.799154" level="INFO">${response} = &lt;Response [200]&gt;</msg>
<var>${response}</var>
<arg>consultarAPI</arg>
<arg>/api</arg>
<doc>Sends a GET request on a previously created HTTP Session.</doc>
<status status="PASS" start="2024-06-04T05:18:26.704028" elapsed="0.095168"/>
</kw>
<kw name="Set Variable" owner="BuiltIn">
<msg time="2024-06-04T05:18:26.800512" level="INFO">${json_data} = {'results': [{'gender': 'female', 'name': {'title': 'Ms', 'first': 'Ishita', 'last': 'Dalvi'}, 'location': {'street': {'number': 4887, 'name': 'Hazratganj'}, 'city': 'Hajipur', 'state': 'Karnataka', '...</msg>
<var>${json_data}</var>
<arg>${response.json()}</arg>
<doc>Returns the given values which can then be assigned to a variables.</doc>
<status status="PASS" start="2024-06-04T05:18:26.799909" elapsed="0.000631"/>
</kw>
<kw name="Set Variable" owner="BuiltIn">
<msg time="2024-06-04T05:18:26.801238" level="INFO">${name_title} = Ms</msg>
<var>${name_title}</var>
<arg>${json_data["results"][0]["name"]["title"]}</arg>
<doc>Returns the given values which can then be assigned to a variables.</doc>
<status status="PASS" start="2024-06-04T05:18:26.800850" elapsed="0.000413"/>
</kw>
<kw name="Create List" owner="BuiltIn">
<msg time="2024-06-04T05:18:26.801709" level="INFO">${allowed_titles} = ['Mr', 'Ms', 'Miss', 'Mrs', 'Madame', 'Monsieur']</msg>
<var>${allowed_titles}</var>
<arg>Mr</arg>
<arg>Ms</arg>
<arg>Miss</arg>
<arg>Mrs</arg>
<arg>Madame</arg>
<arg>Monsieur</arg>
<doc>Returns a list containing given items.</doc>
<status status="PASS" start="2024-06-04T05:18:26.801561" elapsed="0.000172"/>
</kw>
<kw name="List Should Contain Value" owner="Collections">
<msg time="2024-06-04T05:18:26.802209" level="INFO">False</msg>
<arg>${allowed_titles}</arg>
<arg>${name_title}</arg>
<doc>Fails if the ``value`` is not found from ``list``.</doc>
<status status="PASS" start="2024-06-04T05:18:26.802035" elapsed="0.000211"/>
</kw>
<kw name="Set Variable" owner="BuiltIn">
<msg time="2024-06-04T05:18:26.803095" level="INFO">${name_country} = IN</msg>
<var>${name_country}</var>
<arg>${json_data["results"][0]["nat"]}</arg>
<doc>Returns the given values which can then be assigned to a variables.</doc>
<status status="PASS" start="2024-06-04T05:18:26.802536" elapsed="0.000584"/>
</kw>
<kw name="Create List" owner="BuiltIn">
<msg time="2024-06-04T05:18:26.804071" level="INFO">${list_country} = ['AD', 'AE', 'AF', 'AG', 'AI', 'AL', 'AM', 'AO', 'AQ', 'AR', 'AS', 'AT', 'AU', 'AW', 'AX', 'AZ', 'BA', 'BB', 'BD', 'BE', 'BF', 'BG', 'BH', 'BI', 'BJ', 'BL', 'BM', 'BN', 'BO', 'BQ', 'BR', 'BS', 'BT', '...</msg>
<var>${list_country}</var>
<arg>AD</arg>
<arg>AE</arg>
<arg>AF</arg>
<arg>AG</arg>
<arg>AI</arg>
<arg>AL</arg>
<arg>AM</arg>
<arg>AO</arg>
<arg>AQ</arg>
<arg>AR</arg>
<arg>AS</arg>
<arg>AT</arg>
<arg>AU</arg>
<arg>AW</arg>
<arg>AX</arg>
<arg>AZ</arg>
<arg>BA</arg>
<arg>BB</arg>
<arg>BD</arg>
<arg>BE</arg>
<arg>BF</arg>
<arg>BG</arg>
<arg>BH</arg>
<arg>BI</arg>
<arg>BJ</arg>
<arg>BL</arg>
<arg>BM</arg>
<arg>BN</arg>
<arg>BO</arg>
<arg>BQ</arg>
<arg>BR</arg>
<arg>BS</arg>
<arg>BT</arg>
<arg>BV</arg>
<arg>BW</arg>
<arg>BY</arg>
<arg>BZ</arg>
<arg>CA</arg>
<arg>CC</arg>
<arg>CD</arg>
<arg>CF</arg>
<arg>CG</arg>
<arg>CH</arg>
<arg>CI</arg>
<arg>CK</arg>
<arg>CL</arg>
<arg>CM</arg>
<arg>CN</arg>
<arg>CO</arg>
<arg>CR</arg>
<arg>CU</arg>
<arg>CV</arg>
<arg>CW</arg>
<arg>CX</arg>
<arg>CY</arg>
<arg>CZ</arg>
<arg>DE</arg>
<arg>DJ</arg>
<arg>DK</arg>
<arg>DM</arg>
<arg>DO</arg>
<arg>DZ</arg>
<arg>EC</arg>
<arg>EE</arg>
<arg>EG</arg>
<arg>EH</arg>
<arg>ER</arg>
<arg>ES</arg>
<arg>ET</arg>
<arg>FI</arg>
<arg>FJ</arg>
<arg>FK</arg>
<arg>FM</arg>
<arg>FO</arg>
<arg>FR</arg>
<arg>GA</arg>
<arg>GB</arg>
<arg>GD</arg>
<arg>GE</arg>
<arg>GF</arg>
<arg>GG</arg>
<arg>GH</arg>
<arg>GI</arg>
<arg>GL</arg>
<arg>GM</arg>
<arg>GN</arg>
<arg>GP</arg>
<arg>GQ</arg>
<arg>GR</arg>
<arg>GS</arg>
<arg>GT</arg>
<arg>GU</arg>
<arg>GW</arg>
<arg>GY</arg>
<arg>HK</arg>
<arg>HM</arg>
<arg>HN</arg>
<arg>HR</arg>
<arg>HT</arg>
<arg>HU</arg>
<arg>ID</arg>
<arg>IE</arg>
<arg>IL</arg>
<arg>IM</arg>
<arg>IN</arg>
<arg>IO</arg>
<arg>IQ</arg>
<arg>IR</arg>
<arg>IS</arg>
<arg>IT</arg>
<arg>JE</arg>
<arg>JM</arg>
<arg>JO</arg>
<arg>JP</arg>
<arg>KE</arg>
<arg>KG</arg>
<arg>KH</arg>
<arg>KI</arg>
<arg>KM</arg>
<arg>KN</arg>
<arg>KP</arg>
<arg>KR</arg>
<arg>KW</arg>
<arg>KY</arg>
<arg>KZ</arg>
<arg>LA</arg>
<arg>LB</arg>
<arg>LC</arg>
<arg>LI</arg>
<arg>LK</arg>
<arg>LR</arg>
<arg>LS</arg>
<arg>LT</arg>
<arg>LU</arg>
<arg>LV</arg>
<arg>LY</arg>
<arg>MA</arg>
<arg>MC</arg>
<arg>MD</arg>
<arg>ME</arg>
<arg>MF</arg>
<arg>MG</arg>
<arg>MH</arg>
<arg>MK</arg>
<arg>ML</arg>
<arg>MM</arg>
<arg>MN</arg>
<arg>MO</arg>
<arg>MP</arg>
<arg>MQ</arg>
<arg>MR</arg>
<arg>MS</arg>
<arg>MT</arg>
<arg>MU</arg>
<arg>MV</arg>
<arg>MW</arg>
<arg>MX</arg>
<arg>MY</arg>
<arg>MZ</arg>
<arg>NA</arg>
<arg>NC</arg>
<arg>NE</arg>
<arg>NF</arg>
<arg>NG</arg>
<arg>NI</arg>
<arg>NL</arg>
<arg>NO</arg>
<arg>NP</arg>
<arg>NR</arg>
<arg>NU</arg>
<arg>NZ</arg>
<arg>OM</arg>
<arg>PA</arg>
<arg>PE</arg>
<arg>PF</arg>
<arg>PG</arg>
<arg>PH</arg>
<arg>PK</arg>
<arg>PL</arg>
<arg>PM</arg>
<arg>PN</arg>
<arg>PR</arg>
<arg>PS</arg>
<arg>PT</arg>
<arg>PW</arg>
<arg>PY</arg>
<arg>QA</arg>
<arg>RE</arg>
<arg>RO</arg>
<arg>RS</arg>
<arg>RU</arg>
<arg>RW</arg>
<arg>SA</arg>
<arg>SB</arg>
<arg>SC</arg>
<arg>SD</arg>
<arg>SE</arg>
<arg>SG</arg>
<arg>SH</arg>
<arg>SI</arg>
<arg>SJ</arg>
<arg>SK</arg>
<arg>SL</arg>
<arg>SM</arg>
<arg>SN</arg>
<arg>SO</arg>
<arg>SR</arg>
<arg>SS</arg>
<arg>ST</arg>
<arg>SV</arg>
<arg>SX</arg>
<arg>SY</arg>
<arg>SZ</arg>
<arg>TC</arg>
<arg>TD</arg>
<arg>TF</arg>
<arg>TG</arg>
<arg>TH</arg>
<arg>TJ</arg>
<arg>TK</arg>
<arg>TL</arg>
<arg>TM</arg>
<arg>TN</arg>
<arg>TO</arg>
<arg>TR</arg>
<arg>TT</arg>
<arg>TV</arg>
<arg>TW</arg>
<arg>TZ</arg>
<arg>UA</arg>
<arg>UG</arg>
<arg>UM</arg>
<arg>US</arg>
<arg>UY</arg>
<arg>UZ</arg>
<arg>VA</arg>
<arg>VC</arg>
<arg>VE</arg>
<arg>VG</arg>
<arg>VI</arg>
<arg>VN</arg>
<arg>VU</arg>
<arg>WF</arg>
<arg>WS</arg>
<arg>XK</arg>
<arg>YE</arg>
<arg>YT</arg>
<arg>ZA</arg>
<arg>ZM</arg>
<arg>ZW</arg>
<doc>Returns a list containing given items.</doc>
<status status="PASS" start="2024-06-04T05:18:26.803472" elapsed="0.000624"/>
</kw>
<kw name="List Should Contain Value" owner="Collections">
<msg time="2024-06-04T05:18:26.805083" level="INFO">False</msg>
<arg>${list_country}</arg>
<arg>${name_country}</arg>
<doc>Fails if the ``value`` is not found from ``list``.</doc>
<status status="PASS" start="2024-06-04T05:18:26.804882" elapsed="0.000236"/>
</kw>
<kw name="Run Keyword If" owner="BuiltIn">
<kw name="Should Be True" owner="BuiltIn">
<arg>${True}</arg>
<doc>Fails if the given condition is not true.</doc>
<status status="PASS" start="2024-06-04T05:18:26.806179" elapsed="0.000143"/>
</kw>
<arg>${json_data["results"][0]["location"]["coordinates"]["latitude"]} &gt;= -90 and ${json_data["results"][0]["location"]["coordinates"]["latitude"]} &lt;= 90</arg>
<arg>Should Be True</arg>
<arg>${True}</arg>
<doc>Runs the given keyword with the given arguments, if ``condition`` is true.</doc>
<status status="PASS" start="2024-06-04T05:18:26.805431" elapsed="0.001017"/>
</kw>
<kw name="Run Keyword If" owner="BuiltIn">
<kw name="Should Be True" owner="BuiltIn">
<arg>${True}</arg>
<doc>Fails if the given condition is not true.</doc>
<status status="PASS" start="2024-06-04T05:18:26.807346" elapsed="0.000152"/>
</kw>
<arg>${json_data["results"][0]["location"]["coordinates"]["longitude"]} &gt;= -180 and ${json_data["results"][0]["location"]["coordinates"]["longitude"]} &lt;= 180</arg>
<arg>Should Be True</arg>
<arg>${True}</arg>
<doc>Runs the given keyword with the given arguments, if ``condition`` is true.</doc>
<status status="PASS" start="2024-06-04T05:18:26.806637" elapsed="0.000983"/>
</kw>
<status status="PASS" start="2024-06-04T05:18:26.703791" elapsed="0.103960"/>
</kw>
<doc>Testa o conteúdo específico dos campos retornados pela API.</doc>
<tag>testeConteudo</tag>
<status status="PASS" start="2024-06-04T05:18:26.703197" elapsed="0.104703"/>
</test>
<status status="PASS" start="2024-06-04T05:18:25.865811" elapsed="0.944052"/>
</suite>
<status status="PASS" start="2024-06-04T05:18:25.852394" elapsed="0.962724"/>
</suite>
<statistics>
<total>
<stat pass="5" fail="0" skip="0">All Tests</stat>
</total>
<tag>
<stat pass="1" fail="0" skip="0">testeConteudo</stat>
<stat pass="1" fail="0" skip="0">testeEstruturaResposta</stat>
<stat pass="1" fail="0" skip="0">testeRequisicaoBasica</stat>
<stat pass="1" fail="0" skip="0">testeTiposDados</stat>
</tag>
<suite>
<stat pass="5" fail="0" skip="0" id="s1" name="Tests">Tests</stat>
<stat pass="5" fail="0" skip="0" id="s1-s1" name="Random-User-Test">Tests.Random-User-Test</stat>
</suite>
</statistics>
<errors>
</errors>
</robot>
