<?xml version="1.0" encoding="UTF-8"?>
<robot generator="Robot 7.0.1 (Python 3.12.3 on linux)" generated="2024-06-18T08:20:05.709345" rpa="false" schemaversion="5">
<suite id="s1" name="Tests" source="/home/runner/work/ApiRandomUser/ApiRandomUser/RamdonUser/tests">
<suite id="s1-s1" name="Random-User-Test" source="/home/runner/work/ApiRandomUser/ApiRandomUser/RamdonUser/tests/random-user-test.robot">
<test id="s1-s1-t1" name="Conectar" line="13">
<kw name="Conectar API" owner="random-user-service">
<kw name="Create Session" owner="RequestsLibrary">
<msg time="2024-06-18T08:20:06.122996" level="INFO">Creating Session using : alias=consultarAPI, url=https://randomuser.me/, headers={},                     cookies={}, auth=None, timeout=None, proxies=None, verify=False,                     debug=0 </msg>
<arg>consultarAPI</arg>
<arg>${URL}</arg>
<doc>Create Session: create a HTTP session to a server</doc>
<status status="PASS" start="2024-06-18T08:20:06.122791" elapsed="0.000398"/>
</kw>
<status status="PASS" start="2024-06-18T08:20:06.121724" elapsed="0.001870"/>
</kw>
<status status="PASS" start="2024-06-18T08:20:06.121153" elapsed="0.002656"/>
</test>
<test id="s1-s1-t2" name="Validar retorno 200 e JSON Válido" line="16">
<kw name="Teste de Requisicao Basica" owner="random-user-service">
<kw name="GET On Session" owner="RequestsLibrary">
<msg time="2024-06-18T08:20:06.382296" level="INFO">GET Request : url=https://randomuser.me/api 
 path_url=/api 
 headers={'User-Agent': 'python-requests/2.32.3', 'Accept-Encoding': 'gzip, deflate', 'Accept': '*/*', 'Connection': 'keep-alive'} 
 body=None 
 </msg>
<msg time="2024-06-18T08:20:06.382483" level="INFO">GET Response : url=https://randomuser.me/api 
 status=200, reason=OK 
 headers={'Date': 'Tue, 18 Jun 2024 08:20:06 GMT', 'Content-Type': 'application/json; charset=utf-8', 'Transfer-Encoding': 'chunked', 'Connection': 'keep-alive', 'X-Powered-By': 'Express', 'Access-Control-Allow-Origin': '*', 'Cache-Control': 'no-cache', 'ETag': 'W/"490-q1/fXuE0gncBC6RKe3x/YtyCH2c"', 'Vary': 'Accept-Encoding', 'Content-Encoding': 'gzip', 'CF-Cache-Status': 'DYNAMIC', 'Report-To': '{"endpoints":[{"url":"https:\\/\\/a.nel.cloudflare.com\\/report\\/v4?s=x2JLmz9Teu8yT2mHOYIPFLM5SIPTfQt02XManTbeimCJe8jwBm94R68In9505K3F3%2F2sJg5EgtQq%2BRLZCoJGUzuyyanyZYtsad8CjYnziDaiuMC7sxYzTIt5FKVSD9nE"}],"group":"cf-nel","max_age":604800}', 'NEL': '{"success_fraction":0,"report_to":"cf-nel","max_age":604800}', 'Server': 'cloudflare', 'CF-RAY': '8959dbb33d5560a2-ORD', 'alt-svc': 'h3=":443"; ma=86400'} 
 body={"results":[{"gender":"female","name":{"title":"Ms","first":"Samantha","last":"Webb"},"location":{"street":{"number":8508,"name":"Windsor Road"},"city":"Bristol","state":"Powys","country":"United Kingdom","postcode":"E40 8GU","coordinates":{"latitude":"-12.4529","longitude":"136.9225"},"timezone":{"offset":"-12:00","description":"Eniwetok, Kwajalein"}},"email":"samantha.webb@example.com","login":{"uuid":"dfc0df1b-316e-4f74-a5c4-ba6634ac5bb8","username":"crazypanda716","password":"shocker","salt":"fA30Dtju","md5":"2adb1c687e5212fd04f435de8722f95e","sha1":"b602f8b4d5fadbebbe77bab11d8e7e62442dd141","sha256":"fb34d246f6cd8dd90e12152f3bb1d9cf798c41bdcc413026449745b4bfc3e02f"},"dob":{"date":"1967-03-18T13:45:59.961Z","age":57},"registered":{"date":"2010-06-01T03:29:02.916Z","age":14},"phone":"015395 93306","cell":"07559 673812","id":{"name":"NINO","value":"OP 26 85 11 E"},"picture":{"large":"https://randomuser.me/api/portraits/women/19.jpg","medium":"https://randomuser.me/api/portraits/med/women/19.jpg","thumbnail":"https://randomuser.me/api/portraits/thumb/women/19.jpg"},"nat":"GB"}],"info":{"seed":"dff7cefd108276da","results":1,"page":1,"version":"1.4"}} 
 </msg>
<msg time="2024-06-18T08:20:06.382578" level="INFO">/opt/hostedtoolcache/Python/3.12.3/x64/lib/python3.12/site-packages/urllib3/connectionpool.py:1099: InsecureRequestWarning: Unverified HTTPS request is being made to host 'randomuser.me'. Adding certificate verification is strongly advised. See: https://urllib3.readthedocs.io/en/latest/advanced-usage.html#tls-warnings
  warnings.warn(</msg>
<msg time="2024-06-18T08:20:06.382729" level="INFO">${response} = &lt;Response [200]&gt;</msg>
<var>${response}</var>
<arg>consultarAPI</arg>
<arg>/api</arg>
<doc>Sends a GET request on a previously created HTTP Session.</doc>
<status status="PASS" start="2024-06-18T08:20:06.126423" elapsed="0.256359"/>
</kw>
<kw name="Should Be Equal As Numbers" owner="BuiltIn">
<msg time="2024-06-18T08:20:06.384110" level="INFO">Argument types are:
&lt;class 'int'&gt;
&lt;class 'str'&gt;</msg>
<arg>${response.status_code}</arg>
<arg>200</arg>
<doc>Fails if objects are unequal after converting them to real numbers.</doc>
<status status="PASS" start="2024-06-18T08:20:06.383567" elapsed="0.000611"/>
</kw>
<kw name="Log" owner="BuiltIn">
<msg time="2024-06-18T08:20:06.384873" level="INFO">200</msg>
<arg>${response.status_code}</arg>
<doc>Logs the given message with the given level.</doc>
<status status="PASS" start="2024-06-18T08:20:06.384523" elapsed="0.000393"/>
</kw>
<kw name="Set Variable" owner="BuiltIn">
<msg time="2024-06-18T08:20:06.385669" level="INFO">${json_data} = {'results': [{'gender': 'female', 'name': {'title': 'Ms', 'first': 'Samantha', 'last': 'Webb'}, 'location': {'street': {'number': 8508, 'name': 'Windsor Road'}, 'city': 'Bristol', 'state': 'Powys', 'c...</msg>
<var>${json_data}</var>
<arg>${response.json()}</arg>
<doc>Returns the given values which can then be assigned to a variables.</doc>
<status status="PASS" start="2024-06-18T08:20:06.385232" elapsed="0.000466"/>
</kw>
<kw name="Dictionary Should Contain Key" owner="Collections">
<arg>${json_data}</arg>
<arg>results</arg>
<doc>Fails if ``key`` is not found from ``dictionary``.</doc>
<status status="PASS" start="2024-06-18T08:20:06.386003" elapsed="0.000173"/>
</kw>
<status status="PASS" start="2024-06-18T08:20:06.126177" elapsed="0.260155"/>
</kw>
<doc>Testa se a API responde corretamente e retorna um objeto JSON válido.</doc>
<tag>testeRequisicaoBasica</tag>
<status status="PASS" start="2024-06-18T08:20:06.125705" elapsed="0.260811"/>
</test>
<test id="s1-s1-t3" name="Validar estrutura de resposta" line="22">
<kw name="Teste de Estrutura de Resposta" owner="random-user-service">
<kw name="GET On Session" owner="RequestsLibrary">
<msg time="2024-06-18T08:20:06.428463" level="INFO">GET Request : url=https://randomuser.me/api 
 path_url=/api 
 headers={'User-Agent': 'python-requests/2.32.3', 'Accept-Encoding': 'gzip, deflate', 'Accept': '*/*', 'Connection': 'keep-alive'} 
 body=None 
 </msg>
<msg time="2024-06-18T08:20:06.428576" level="INFO">GET Response : url=https://randomuser.me/api 
 status=200, reason=OK 
 headers={'Date': 'Tue, 18 Jun 2024 08:20:06 GMT', 'Content-Type': 'application/json; charset=utf-8', 'Transfer-Encoding': 'chunked', 'Connection': 'keep-alive', 'X-Powered-By': 'Express', 'Access-Control-Allow-Origin': '*', 'Cache-Control': 'no-cache', 'ETag': 'W/"47f-znQN2rq/yqxbjGj1p+MphM3xeKQ"', 'Vary': 'Accept-Encoding', 'Content-Encoding': 'gzip', 'CF-Cache-Status': 'DYNAMIC', 'Report-To': '{"endpoints":[{"url":"https:\\/\\/a.nel.cloudflare.com\\/report\\/v4?s=LTtBAh30Qjl9EQkICNWW6b3QWz04W4J5xUFhwbwZeoRsCS4jz%2FiUcex7bTnc0Dukd9YmM7LPY8x5Kygk1jRsZBEwwpEcaZ38SNreUifigAYyVyKWW8mXPQfNAoni6ngh"}],"group":"cf-nel","max_age":604800}', 'NEL': '{"success_fraction":0,"report_to":"cf-nel","max_age":604800}', 'Server': 'cloudflare', 'CF-RAY': '8959dbb3fdbc60a2-ORD', 'alt-svc': 'h3=":443"; ma=86400'} 
 body={"results":[{"gender":"female","name":{"title":"Ms","first":"Vildan","last":"Özberk"},"location":{"street":{"number":4888,"name":"Tunalı Hilmi Cd"},"city":"Kocaeli","state":"Sivas","country":"Turkey","postcode":99643,"coordinates":{"latitude":"72.6389","longitude":"74.6953"},"timezone":{"offset":"+7:00","description":"Bangkok, Hanoi, Jakarta"}},"email":"vildan.ozberk@example.com","login":{"uuid":"ffec7a8b-f4f1-4bef-9f34-3443aaad6bb3","username":"crazyduck338","password":"clevelan","salt":"r8fS30x9","md5":"06fdbf8feb38e4e229cb6e0157dbb284","sha1":"7d1799e267f893c47a074bb96afeafa6aef21133","sha256":"3c54d34dc76d9f04ede5c55a406578c7665154c40dbedc42824e8c0630642669"},"dob":{"date":"1961-04-11T17:24:02.459Z","age":63},"registered":{"date":"2006-08-17T06:19:31.710Z","age":17},"phone":"(668)-477-1669","cell":"(010)-811-6270","id":{"name":"","value":null},"picture":{"large":"https://randomuser.me/api/portraits/women/61.jpg","medium":"https://randomuser.me/api/portraits/med/women/61.jpg","thumbnail":"https://randomuser.me/api/portraits/thumb/women/61.jpg"},"nat":"TR"}],"info":{"seed":"b54df9df0de8a70b","results":1,"page":1,"version":"1.4"}} 
 </msg>
<msg time="2024-06-18T08:20:06.428734" level="INFO">/opt/hostedtoolcache/Python/3.12.3/x64/lib/python3.12/site-packages/urllib3/connectionpool.py:1099: InsecureRequestWarning: Unverified HTTPS request is being made to host 'randomuser.me'. Adding certificate verification is strongly advised. See: https://urllib3.readthedocs.io/en/latest/advanced-usage.html#tls-warnings
  warnings.warn(</msg>
<msg time="2024-06-18T08:20:06.428862" level="INFO">${response} = &lt;Response [200]&gt;</msg>
<var>${response}</var>
<arg>consultarAPI</arg>
<arg>/api</arg>
<doc>Sends a GET request on a previously created HTTP Session.</doc>
<status status="PASS" start="2024-06-18T08:20:06.389454" elapsed="0.039450"/>
</kw>
<kw name="Set Variable" owner="BuiltIn">
<msg time="2024-06-18T08:20:06.430210" level="INFO">${json_data} = {'results': [{'gender': 'female', 'name': {'title': 'Ms', 'first': 'Vildan', 'last': 'Özberk'}, 'location': {'street': {'number': 4888, 'name': 'Tunalı Hilmi Cd'}, 'city': 'Kocaeli', 'state': 'Sivas',...</msg>
<var>${json_data}</var>
<arg>${response.json()}</arg>
<doc>Returns the given values which can then be assigned to a variables.</doc>
<status status="PASS" start="2024-06-18T08:20:06.429595" elapsed="0.000648"/>
</kw>
<kw name="Log" owner="BuiltIn">
<msg time="2024-06-18T08:20:06.430731" level="INFO">{'results': [{'gender': 'female', 'name': {'title': 'Ms', 'first': 'Vildan', 'last': 'Özberk'}, 'location': {'street': {'number': 4888, 'name': 'Tunalı Hilmi Cd'}, 'city': 'Kocaeli', 'state': 'Sivas', 'country': 'Turkey', 'postcode': 99643, 'coordinates': {'latitude': '72.6389', 'longitude': '74.6953'}, 'timezone': {'offset': '+7:00', 'description': 'Bangkok, Hanoi, Jakarta'}}, 'email': 'vildan.ozberk@example.com', 'login': {'uuid': 'ffec7a8b-f4f1-4bef-9f34-3443aaad6bb3', 'username': 'crazyduck338', 'password': 'clevelan', 'salt': 'r8fS30x9', 'md5': '06fdbf8feb38e4e229cb6e0157dbb284', 'sha1': '7d1799e267f893c47a074bb96afeafa6aef21133', 'sha256': '3c54d34dc76d9f04ede5c55a406578c7665154c40dbedc42824e8c0630642669'}, 'dob': {'date': '1961-04-11T17:24:02.459Z', 'age': 63}, 'registered': {'date': '2006-08-17T06:19:31.710Z', 'age': 17}, 'phone': '(668)-477-1669', 'cell': '(010)-811-6270', 'id': {'name': '', 'value': None}, 'picture': {'large': 'https://randomuser.me/api/portraits/women/61.jpg', 'medium': 'https://randomuser.me/api/portraits/med/women/61.jpg', 'thumbnail': 'https://randomuser.me/api/portraits/thumb/women/61.jpg'}, 'nat': 'TR'}], 'info': {'seed': 'b54df9df0de8a70b', 'results': 1, 'page': 1, 'version': '1.4'}}</msg>
<arg>${json_data}</arg>
<doc>Logs the given message with the given level.</doc>
<status status="PASS" start="2024-06-18T08:20:06.430561" elapsed="0.000232"/>
</kw>
<kw name="Dictionary Should Contain Key" owner="Collections">
<arg>${json_data}</arg>
<arg>results</arg>
<doc>Fails if ``key`` is not found from ``dictionary``.</doc>
<status status="PASS" start="2024-06-18T08:20:06.431091" elapsed="0.000163"/>
</kw>
<kw name="Should Not Be Empty" owner="BuiltIn">
<msg time="2024-06-18T08:20:06.431611" level="INFO">Length is 2.</msg>
<arg>${json_data}</arg>
<doc>Verifies that the given item is not empty.</doc>
<status status="PASS" start="2024-06-18T08:20:06.431442" elapsed="0.000210"/>
</kw>
<kw name="Create List" owner="BuiltIn">
<msg time="2024-06-18T08:20:06.432112" level="INFO">${expected_keys} = ['gender', 'name', 'location', 'email', 'login']</msg>
<var>${expected_keys}</var>
<arg>gender</arg>
<arg>name</arg>
<arg>location</arg>
<arg>email</arg>
<arg>login</arg>
<doc>Returns a list containing given items.</doc>
<status status="PASS" start="2024-06-18T08:20:06.431961" elapsed="0.000176"/>
</kw>
<for flavor="IN">
<iter>
<kw name="Dictionary Should Contain Key" owner="Collections">
<arg>${json_data['results'][0]}</arg>
<arg>${key}</arg>
<doc>Fails if ``key`` is not found from ``dictionary``.</doc>
<status status="PASS" start="2024-06-18T08:20:06.432735" elapsed="0.000408"/>
</kw>
<kw name="Log" owner="BuiltIn">
<msg time="2024-06-18T08:20:06.433701" level="INFO">{'gender': 'female', 'name': {'title': 'Ms', 'first': 'Vildan', 'last': 'Özberk'}, 'location': {'street': {'number': 4888, 'name': 'Tunalı Hilmi Cd'}, 'city': 'Kocaeli', 'state': 'Sivas', 'country': 'Turkey', 'postcode': 99643, 'coordinates': {'latitude': '72.6389', 'longitude': '74.6953'}, 'timezone': {'offset': '+7:00', 'description': 'Bangkok, Hanoi, Jakarta'}}, 'email': 'vildan.ozberk@example.com', 'login': {'uuid': 'ffec7a8b-f4f1-4bef-9f34-3443aaad6bb3', 'username': 'crazyduck338', 'password': 'clevelan', 'salt': 'r8fS30x9', 'md5': '06fdbf8feb38e4e229cb6e0157dbb284', 'sha1': '7d1799e267f893c47a074bb96afeafa6aef21133', 'sha256': '3c54d34dc76d9f04ede5c55a406578c7665154c40dbedc42824e8c0630642669'}, 'dob': {'date': '1961-04-11T17:24:02.459Z', 'age': 63}, 'registered': {'date': '2006-08-17T06:19:31.710Z', 'age': 17}, 'phone': '(668)-477-1669', 'cell': '(010)-811-6270', 'id': {'name': '', 'value': None}, 'picture': {'large': 'https://randomuser.me/api/portraits/women/61.jpg', 'medium': 'https://randomuser.me/api/portraits/med/women/61.jpg', 'thumbnail': 'https://randomuser.me/api/portraits/thumb/women/61.jpg'}, 'nat': 'TR'}</msg>
<arg>${json_data['results'][0]}</arg>
<doc>Logs the given message with the given level.</doc>
<status status="PASS" start="2024-06-18T08:20:06.433337" elapsed="0.000417"/>
</kw>
<kw name="Log" owner="BuiltIn">
<msg time="2024-06-18T08:20:06.434188" level="INFO">gender</msg>
<arg>${key}</arg>
<doc>Logs the given message with the given level.</doc>
<status status="PASS" start="2024-06-18T08:20:06.434057" elapsed="0.000170"/>
</kw>
<var name="${key}">gender</var>
<status status="PASS" start="2024-06-18T08:20:06.432609" elapsed="0.001842"/>
</iter>
<iter>
<kw name="Dictionary Should Contain Key" owner="Collections">
<arg>${json_data['results'][0]}</arg>
<arg>${key}</arg>
<doc>Fails if ``key`` is not found from ``dictionary``.</doc>
<status status="PASS" start="2024-06-18T08:20:06.434766" elapsed="0.000405"/>
</kw>
<kw name="Log" owner="BuiltIn">
<msg time="2024-06-18T08:20:06.435755" level="INFO">{'gender': 'female', 'name': {'title': 'Ms', 'first': 'Vildan', 'last': 'Özberk'}, 'location': {'street': {'number': 4888, 'name': 'Tunalı Hilmi Cd'}, 'city': 'Kocaeli', 'state': 'Sivas', 'country': 'Turkey', 'postcode': 99643, 'coordinates': {'latitude': '72.6389', 'longitude': '74.6953'}, 'timezone': {'offset': '+7:00', 'description': 'Bangkok, Hanoi, Jakarta'}}, 'email': 'vildan.ozberk@example.com', 'login': {'uuid': 'ffec7a8b-f4f1-4bef-9f34-3443aaad6bb3', 'username': 'crazyduck338', 'password': 'clevelan', 'salt': 'r8fS30x9', 'md5': '06fdbf8feb38e4e229cb6e0157dbb284', 'sha1': '7d1799e267f893c47a074bb96afeafa6aef21133', 'sha256': '3c54d34dc76d9f04ede5c55a406578c7665154c40dbedc42824e8c0630642669'}, 'dob': {'date': '1961-04-11T17:24:02.459Z', 'age': 63}, 'registered': {'date': '2006-08-17T06:19:31.710Z', 'age': 17}, 'phone': '(668)-477-1669', 'cell': '(010)-811-6270', 'id': {'name': '', 'value': None}, 'picture': {'large': 'https://randomuser.me/api/portraits/women/61.jpg', 'medium': 'https://randomuser.me/api/portraits/med/women/61.jpg', 'thumbnail': 'https://randomuser.me/api/portraits/thumb/women/61.jpg'}, 'nat': 'TR'}</msg>
<arg>${json_data['results'][0]}</arg>
<doc>Logs the given message with the given level.</doc>
<status status="PASS" start="2024-06-18T08:20:06.435360" elapsed="0.000482"/>
</kw>
<kw name="Log" owner="BuiltIn">
<msg time="2024-06-18T08:20:06.436279" level="INFO">name</msg>
<arg>${key}</arg>
<doc>Logs the given message with the given level.</doc>
<status status="PASS" start="2024-06-18T08:20:06.436148" elapsed="0.000169"/>
</kw>
<var name="${key}">name</var>
<status status="PASS" start="2024-06-18T08:20:06.434651" elapsed="0.001974"/>
</iter>
<iter>
<kw name="Dictionary Should Contain Key" owner="Collections">
<arg>${json_data['results'][0]}</arg>
<arg>${key}</arg>
<doc>Fails if ``key`` is not found from ``dictionary``.</doc>
<status status="PASS" start="2024-06-18T08:20:06.437055" elapsed="0.000600"/>
</kw>
<kw name="Log" owner="BuiltIn">
<msg time="2024-06-18T08:20:06.438384" level="INFO">{'gender': 'female', 'name': {'title': 'Ms', 'first': 'Vildan', 'last': 'Özberk'}, 'location': {'street': {'number': 4888, 'name': 'Tunalı Hilmi Cd'}, 'city': 'Kocaeli', 'state': 'Sivas', 'country': 'Turkey', 'postcode': 99643, 'coordinates': {'latitude': '72.6389', 'longitude': '74.6953'}, 'timezone': {'offset': '+7:00', 'description': 'Bangkok, Hanoi, Jakarta'}}, 'email': 'vildan.ozberk@example.com', 'login': {'uuid': 'ffec7a8b-f4f1-4bef-9f34-3443aaad6bb3', 'username': 'crazyduck338', 'password': 'clevelan', 'salt': 'r8fS30x9', 'md5': '06fdbf8feb38e4e229cb6e0157dbb284', 'sha1': '7d1799e267f893c47a074bb96afeafa6aef21133', 'sha256': '3c54d34dc76d9f04ede5c55a406578c7665154c40dbedc42824e8c0630642669'}, 'dob': {'date': '1961-04-11T17:24:02.459Z', 'age': 63}, 'registered': {'date': '2006-08-17T06:19:31.710Z', 'age': 17}, 'phone': '(668)-477-1669', 'cell': '(010)-811-6270', 'id': {'name': '', 'value': None}, 'picture': {'large': 'https://randomuser.me/api/portraits/women/61.jpg', 'medium': 'https://randomuser.me/api/portraits/med/women/61.jpg', 'thumbnail': 'https://randomuser.me/api/portraits/thumb/women/61.jpg'}, 'nat': 'TR'}</msg>
<arg>${json_data['results'][0]}</arg>
<doc>Logs the given message with the given level.</doc>
<status status="PASS" start="2024-06-18T08:20:06.437918" elapsed="0.000519"/>
</kw>
<kw name="Log" owner="BuiltIn">
<msg time="2024-06-18T08:20:06.438880" level="INFO">location</msg>
<arg>${key}</arg>
<doc>Logs the given message with the given level.</doc>
<status status="PASS" start="2024-06-18T08:20:06.438750" elapsed="0.000168"/>
</kw>
<var name="${key}">location</var>
<status status="PASS" start="2024-06-18T08:20:06.436894" elapsed="0.002245"/>
</iter>
<iter>
<kw name="Dictionary Should Contain Key" owner="Collections">
<arg>${json_data['results'][0]}</arg>
<arg>${key}</arg>
<doc>Fails if ``key`` is not found from ``dictionary``.</doc>
<status status="PASS" start="2024-06-18T08:20:06.439424" elapsed="0.000423"/>
</kw>
<kw name="Log" owner="BuiltIn">
<msg time="2024-06-18T08:20:06.440394" level="INFO">{'gender': 'female', 'name': {'title': 'Ms', 'first': 'Vildan', 'last': 'Özberk'}, 'location': {'street': {'number': 4888, 'name': 'Tunalı Hilmi Cd'}, 'city': 'Kocaeli', 'state': 'Sivas', 'country': 'Turkey', 'postcode': 99643, 'coordinates': {'latitude': '72.6389', 'longitude': '74.6953'}, 'timezone': {'offset': '+7:00', 'description': 'Bangkok, Hanoi, Jakarta'}}, 'email': 'vildan.ozberk@example.com', 'login': {'uuid': 'ffec7a8b-f4f1-4bef-9f34-3443aaad6bb3', 'username': 'crazyduck338', 'password': 'clevelan', 'salt': 'r8fS30x9', 'md5': '06fdbf8feb38e4e229cb6e0157dbb284', 'sha1': '7d1799e267f893c47a074bb96afeafa6aef21133', 'sha256': '3c54d34dc76d9f04ede5c55a406578c7665154c40dbedc42824e8c0630642669'}, 'dob': {'date': '1961-04-11T17:24:02.459Z', 'age': 63}, 'registered': {'date': '2006-08-17T06:19:31.710Z', 'age': 17}, 'phone': '(668)-477-1669', 'cell': '(010)-811-6270', 'id': {'name': '', 'value': None}, 'picture': {'large': 'https://randomuser.me/api/portraits/women/61.jpg', 'medium': 'https://randomuser.me/api/portraits/med/women/61.jpg', 'thumbnail': 'https://randomuser.me/api/portraits/thumb/women/61.jpg'}, 'nat': 'TR'}</msg>
<arg>${json_data['results'][0]}</arg>
<doc>Logs the given message with the given level.</doc>
<status status="PASS" start="2024-06-18T08:20:06.440032" elapsed="0.000413"/>
</kw>
<kw name="Log" owner="BuiltIn">
<msg time="2024-06-18T08:20:06.440879" level="INFO">email</msg>
<arg>${key}</arg>
<doc>Logs the given message with the given level.</doc>
<status status="PASS" start="2024-06-18T08:20:06.440749" elapsed="0.000169"/>
</kw>
<var name="${key}">email</var>
<status status="PASS" start="2024-06-18T08:20:06.439315" elapsed="0.001821"/>
</iter>
<iter>
<kw name="Dictionary Should Contain Key" owner="Collections">
<arg>${json_data['results'][0]}</arg>
<arg>${key}</arg>
<doc>Fails if ``key`` is not found from ``dictionary``.</doc>
<status status="PASS" start="2024-06-18T08:20:06.441420" elapsed="0.000379"/>
</kw>
<kw name="Log" owner="BuiltIn">
<msg time="2024-06-18T08:20:06.442341" level="INFO">{'gender': 'female', 'name': {'title': 'Ms', 'first': 'Vildan', 'last': 'Özberk'}, 'location': {'street': {'number': 4888, 'name': 'Tunalı Hilmi Cd'}, 'city': 'Kocaeli', 'state': 'Sivas', 'country': 'Turkey', 'postcode': 99643, 'coordinates': {'latitude': '72.6389', 'longitude': '74.6953'}, 'timezone': {'offset': '+7:00', 'description': 'Bangkok, Hanoi, Jakarta'}}, 'email': 'vildan.ozberk@example.com', 'login': {'uuid': 'ffec7a8b-f4f1-4bef-9f34-3443aaad6bb3', 'username': 'crazyduck338', 'password': 'clevelan', 'salt': 'r8fS30x9', 'md5': '06fdbf8feb38e4e229cb6e0157dbb284', 'sha1': '7d1799e267f893c47a074bb96afeafa6aef21133', 'sha256': '3c54d34dc76d9f04ede5c55a406578c7665154c40dbedc42824e8c0630642669'}, 'dob': {'date': '1961-04-11T17:24:02.459Z', 'age': 63}, 'registered': {'date': '2006-08-17T06:19:31.710Z', 'age': 17}, 'phone': '(668)-477-1669', 'cell': '(010)-811-6270', 'id': {'name': '', 'value': None}, 'picture': {'large': 'https://randomuser.me/api/portraits/women/61.jpg', 'medium': 'https://randomuser.me/api/portraits/med/women/61.jpg', 'thumbnail': 'https://randomuser.me/api/portraits/thumb/women/61.jpg'}, 'nat': 'TR'}</msg>
<arg>${json_data['results'][0]}</arg>
<doc>Logs the given message with the given level.</doc>
<status status="PASS" start="2024-06-18T08:20:06.441982" elapsed="0.000409"/>
</kw>
<kw name="Log" owner="BuiltIn">
<msg time="2024-06-18T08:20:06.442940" level="INFO">login</msg>
<arg>${key}</arg>
<doc>Logs the given message with the given level.</doc>
<status status="PASS" start="2024-06-18T08:20:06.442695" elapsed="0.000282"/>
</kw>
<var name="${key}">login</var>
<status status="PASS" start="2024-06-18T08:20:06.441311" elapsed="0.001885"/>
</iter>
<var>${key}</var>
<value>@{expected_keys}</value>
<status status="PASS" start="2024-06-18T08:20:06.432409" elapsed="0.010909"/>
</for>
<kw name="Create List" owner="BuiltIn">
<msg time="2024-06-18T08:20:06.443680" level="INFO">${expected_keysTwo} = ['username', 'password']</msg>
<var>${expected_keysTwo}</var>
<arg>username</arg>
<arg>password</arg>
<doc>Returns a list containing given items.</doc>
<status status="PASS" start="2024-06-18T08:20:06.443509" elapsed="0.000196"/>
</kw>
<for flavor="IN">
<iter>
<kw name="Dictionary Should Contain Key" owner="Collections">
<arg>${json_data['results'][0]['login']}</arg>
<arg>${keyTwo}</arg>
<doc>Fails if ``key`` is not found from ``dictionary``.</doc>
<status status="PASS" start="2024-06-18T08:20:06.444246" elapsed="0.000381"/>
</kw>
<kw name="Dictionary Should Contain Key" owner="Collections">
<arg>${json_data['results'][0]['login']}</arg>
<arg>${keyTwo}</arg>
<doc>Fails if ``key`` is not found from ``dictionary``.</doc>
<status status="PASS" start="2024-06-18T08:20:06.444810" elapsed="0.000375"/>
</kw>
<kw name="Log" owner="BuiltIn">
<msg time="2024-06-18T08:20:06.445485" level="INFO">username</msg>
<arg>${keyTwo}</arg>
<doc>Logs the given message with the given level.</doc>
<status status="PASS" start="2024-06-18T08:20:06.445364" elapsed="0.000156"/>
</kw>
<var name="${keyTwo}">username</var>
<status status="PASS" start="2024-06-18T08:20:06.444137" elapsed="0.001606"/>
</iter>
<iter>
<kw name="Dictionary Should Contain Key" owner="Collections">
<arg>${json_data['results'][0]['login']}</arg>
<arg>${keyTwo}</arg>
<doc>Fails if ``key`` is not found from ``dictionary``.</doc>
<status status="PASS" start="2024-06-18T08:20:06.446028" elapsed="0.000383"/>
</kw>
<kw name="Dictionary Should Contain Key" owner="Collections">
<arg>${json_data['results'][0]['login']}</arg>
<arg>${keyTwo}</arg>
<doc>Fails if ``key`` is not found from ``dictionary``.</doc>
<status status="PASS" start="2024-06-18T08:20:06.446592" elapsed="0.000381"/>
</kw>
<kw name="Log" owner="BuiltIn">
<msg time="2024-06-18T08:20:06.447271" level="INFO">password</msg>
<arg>${keyTwo}</arg>
<doc>Logs the given message with the given level.</doc>
<status status="PASS" start="2024-06-18T08:20:06.447151" elapsed="0.000164"/>
</kw>
<var name="${keyTwo}">password</var>
<status status="PASS" start="2024-06-18T08:20:06.445920" elapsed="0.001650"/>
</iter>
<var>${keyTwo}</var>
<value>@{expected_keysTwo}</value>
<status status="PASS" start="2024-06-18T08:20:06.443972" elapsed="0.003726"/>
</for>
<status status="PASS" start="2024-06-18T08:20:06.389215" elapsed="0.058629"/>
</kw>
<doc>Testa a estrutura da resposta da API.</doc>
<tag>testeEstruturaResposta</tag>
<status status="PASS" start="2024-06-18T08:20:06.388421" elapsed="0.059587"/>
</test>
<test id="s1-s1-t4" name="Validar tipos de dados" line="28">
<kw name="Teste de Tipos de Dados" owner="random-user-service">
<kw name="GET On Session" owner="RequestsLibrary">
<msg time="2024-06-18T08:20:06.535886" level="INFO">GET Request : url=https://randomuser.me/api 
 path_url=/api 
 headers={'User-Agent': 'python-requests/2.32.3', 'Accept-Encoding': 'gzip, deflate', 'Accept': '*/*', 'Connection': 'keep-alive'} 
 body=None 
 </msg>
<msg time="2024-06-18T08:20:06.535989" level="INFO">GET Response : url=https://randomuser.me/api 
 status=200, reason=OK 
 headers={'Date': 'Tue, 18 Jun 2024 08:20:06 GMT', 'Content-Type': 'application/json; charset=utf-8', 'Transfer-Encoding': 'chunked', 'Connection': 'keep-alive', 'X-Powered-By': 'Express', 'Access-Control-Allow-Origin': '*', 'Cache-Control': 'no-cache', 'ETag': 'W/"487-/d4p1aidYitgPcfupGRzdahxj+k"', 'Vary': 'Accept-Encoding', 'Content-Encoding': 'gzip', 'CF-Cache-Status': 'DYNAMIC', 'Report-To': '{"endpoints":[{"url":"https:\\/\\/a.nel.cloudflare.com\\/report\\/v4?s=V%2BGLxPLTEiGl940WSirGvICoEfDbs904DIIg8jat2%2BOOy6VXaPTgRx9EhxanXSrfQdQxa82JxoOl7fLNGEQot3dBxB96VPwoBJAc2qGurCe4CiMveaGr5o9ymYiXfTpu"}],"group":"cf-nel","max_age":604800}', 'NEL': '{"success_fraction":0,"report_to":"cf-nel","max_age":604800}', 'Server': 'cloudflare', 'CF-RAY': '8959dbb45df060a2-ORD', 'alt-svc': 'h3=":443"; ma=86400'} 
 body={"results":[{"gender":"female","name":{"title":"Ms","first":"Klara","last":"Kabak"},"location":{"street":{"number":8909,"name":"Mogilnickogo"},"city":"Arciz","state":"Harkivska","country":"Ukraine","postcode":32437,"coordinates":{"latitude":"80.4782","longitude":"92.5902"},"timezone":{"offset":"-5:00","description":"Eastern Time (US &amp; Canada), Bogota, Lima"}},"email":"klara.kabak@example.com","login":{"uuid":"65d4e90d-316f-4f2a-bd23-55bbf360c45a","username":"browngoose411","password":"brown","salt":"fz97kPU2","md5":"5b2ceaf4a9139c4e2e36a72121f2f16e","sha1":"601b302f5d55a35440031395f13d9fc5cbeaac24","sha256":"f60929482839f6e34a9cd8667fb9ab5b22b495f56089307682948f146084a8ec"},"dob":{"date":"1984-02-02T17:56:51.564Z","age":40},"registered":{"date":"2016-11-02T12:04:45.324Z","age":7},"phone":"(067) K07-3364","cell":"(096) C99-1369","id":{"name":"","value":null},"picture":{"large":"https://randomuser.me/api/portraits/women/90.jpg","medium":"https://randomuser.me/api/portraits/med/women/90.jpg","thumbnail":"https://randomuser.me/api/portraits/thumb/women/90.jpg"},"nat":"UA"}],"info":{"seed":"967e1a1e41d0f76d","results":1,"page":1,"version":"1.4"}} 
 </msg>
<msg time="2024-06-18T08:20:06.536067" level="INFO">/opt/hostedtoolcache/Python/3.12.3/x64/lib/python3.12/site-packages/urllib3/connectionpool.py:1099: InsecureRequestWarning: Unverified HTTPS request is being made to host 'randomuser.me'. Adding certificate verification is strongly advised. See: https://urllib3.readthedocs.io/en/latest/advanced-usage.html#tls-warnings
  warnings.warn(</msg>
<msg time="2024-06-18T08:20:06.536191" level="INFO">${response} = &lt;Response [200]&gt;</msg>
<var>${response}</var>
<arg>consultarAPI</arg>
<arg>/api</arg>
<doc>Sends a GET request on a previously created HTTP Session.</doc>
<status status="PASS" start="2024-06-18T08:20:06.450455" elapsed="0.085771"/>
</kw>
<kw name="Set Variable" owner="BuiltIn">
<msg time="2024-06-18T08:20:06.537546" level="INFO">${json_data} = {'results': [{'gender': 'female', 'name': {'title': 'Ms', 'first': 'Klara', 'last': 'Kabak'}, 'location': {'street': {'number': 8909, 'name': 'Mogilnickogo'}, 'city': 'Arciz', 'state': 'Harkivska', 'c...</msg>
<var>${json_data}</var>
<arg>${response.json()}</arg>
<doc>Returns the given values which can then be assigned to a variables.</doc>
<status status="PASS" start="2024-06-18T08:20:06.536827" elapsed="0.000749"/>
</kw>
<kw name="Log" owner="BuiltIn">
<msg time="2024-06-18T08:20:06.538056" level="INFO">{'results': [{'gender': 'female', 'name': {'title': 'Ms', 'first': 'Klara', 'last': 'Kabak'}, 'location': {'street': {'number': 8909, 'name': 'Mogilnickogo'}, 'city': 'Arciz', 'state': 'Harkivska', 'country': 'Ukraine', 'postcode': 32437, 'coordinates': {'latitude': '80.4782', 'longitude': '92.5902'}, 'timezone': {'offset': '-5:00', 'description': 'Eastern Time (US &amp; Canada), Bogota, Lima'}}, 'email': 'klara.kabak@example.com', 'login': {'uuid': '65d4e90d-316f-4f2a-bd23-55bbf360c45a', 'username': 'browngoose411', 'password': 'brown', 'salt': 'fz97kPU2', 'md5': '5b2ceaf4a9139c4e2e36a72121f2f16e', 'sha1': '601b302f5d55a35440031395f13d9fc5cbeaac24', 'sha256': 'f60929482839f6e34a9cd8667fb9ab5b22b495f56089307682948f146084a8ec'}, 'dob': {'date': '1984-02-02T17:56:51.564Z', 'age': 40}, 'registered': {'date': '2016-11-02T12:04:45.324Z', 'age': 7}, 'phone': '(067) K07-3364', 'cell': '(096) C99-1369', 'id': {'name': '', 'value': None}, 'picture': {'large': 'https://randomuser.me/api/portraits/women/90.jpg', 'medium': 'https://randomuser.me/api/portraits/med/women/90.jpg', 'thumbnail': 'https://randomuser.me/api/portraits/thumb/women/90.jpg'}, 'nat': 'UA'}], 'info': {'seed': '967e1a1e41d0f76d', 'results': 1, 'page': 1, 'version': '1.4'}}</msg>
<arg>${json_data}</arg>
<doc>Logs the given message with the given level.</doc>
<status status="PASS" start="2024-06-18T08:20:06.537896" elapsed="0.000208"/>
</kw>
<kw name="Should Be String" owner="String">
<arg>${json_data['results'][0]['gender']}</arg>
<doc>Fails if the given ``item`` is not a string.</doc>
<status status="PASS" start="2024-06-18T08:20:06.538402" elapsed="0.000367"/>
</kw>
<kw name="Should Match Regexp" owner="BuiltIn">
<arg>${json_data['results'][0]['email']}</arg>
<arg>^[a-zA-Z0-9._%+-]+@[a-zA-Z0-9.-]+\.[a-zA-Z]{2,}$</arg>
<doc>Fails if ``string`` does not match ``pattern`` as a regular expression.</doc>
<status status="PASS" start="2024-06-18T08:20:06.538960" elapsed="0.000530"/>
</kw>
<kw name="Should Match Regexp" owner="BuiltIn">
<arg>${json_data['results'][0]['dob']['date']}</arg>
<arg>\\d{4}-\\d{2}-\\d{2}T\\d{2}:\\d{2}:\\d{2}\\.\\d{3}Z</arg>
<doc>Fails if ``string`` does not match ``pattern`` as a regular expression.</doc>
<status status="PASS" start="2024-06-18T08:20:06.539772" elapsed="0.000519"/>
</kw>
<kw name="Should Match Regexp" owner="BuiltIn">
<arg>${json_data['results'][0]['registered']['date']}</arg>
<arg>\\d{4}-\\d{2}-\\d{2}T\\d{2}:\\d{2}:\\d{2}\\.\\d{3}Z</arg>
<doc>Fails if ``string`` does not match ``pattern`` as a regular expression.</doc>
<status status="PASS" start="2024-06-18T08:20:06.540493" elapsed="0.000372"/>
</kw>
<kw name="Should Match Regexp" owner="BuiltIn">
<arg>${json_data['results'][0]['picture']['large']}</arg>
<arg>^https?://.*\.(?:png|jpe?g|gif|bmp)$</arg>
<doc>Fails if ``string`` does not match ``pattern`` as a regular expression.</doc>
<status status="PASS" start="2024-06-18T08:20:06.541054" elapsed="0.000463"/>
</kw>
<kw name="Should Match Regexp" owner="BuiltIn">
<arg>${json_data['results'][0]['picture']['medium']}</arg>
<arg>^https?://.*\.(?:png|jpe?g|gif|bmp)$</arg>
<doc>Fails if ``string`` does not match ``pattern`` as a regular expression.</doc>
<status status="PASS" start="2024-06-18T08:20:06.541711" elapsed="0.000355"/>
</kw>
<kw name="Should Match Regexp" owner="BuiltIn">
<arg>${json_data['results'][0]['picture']['thumbnail']}</arg>
<arg>^https?://.*\.(?:png|jpe?g|gif|bmp)$</arg>
<doc>Fails if ``string`` does not match ``pattern`` as a regular expression.</doc>
<status status="PASS" start="2024-06-18T08:20:06.542253" elapsed="0.000347"/>
</kw>
<kw name="Log" owner="BuiltIn">
<msg time="2024-06-18T08:20:06.543123" level="INFO">{'large': 'https://randomuser.me/api/portraits/women/90.jpg', 'medium': 'https://randomuser.me/api/portraits/med/women/90.jpg', 'thumbnail': 'https://randomuser.me/api/portraits/thumb/women/90.jpg'}</msg>
<arg>${json_data['results'][0]['picture']}</arg>
<doc>Logs the given message with the given level.</doc>
<status status="PASS" start="2024-06-18T08:20:06.542784" elapsed="0.000381"/>
</kw>
<status status="PASS" start="2024-06-18T08:20:06.450214" elapsed="0.093214"/>
</kw>
<kw name="Teste de Tipos de Dados - Postcode" owner="random-user-service">
<kw name="GET On Session" owner="RequestsLibrary">
<msg time="2024-06-18T08:20:06.643145" level="INFO">GET Request : url=https://randomuser.me/api 
 path_url=/api 
 headers={'User-Agent': 'python-requests/2.32.3', 'Accept-Encoding': 'gzip, deflate', 'Accept': '*/*', 'Connection': 'keep-alive'} 
 body=None 
 </msg>
<msg time="2024-06-18T08:20:06.643244" level="INFO">GET Response : url=https://randomuser.me/api 
 status=200, reason=OK 
 headers={'Date': 'Tue, 18 Jun 2024 08:20:06 GMT', 'Content-Type': 'application/json; charset=utf-8', 'Transfer-Encoding': 'chunked', 'Connection': 'keep-alive', 'X-Powered-By': 'Express', 'Access-Control-Allow-Origin': '*', 'Cache-Control': 'no-cache', 'ETag': 'W/"48e-CoJAwX/K1esGiL/8CigRFZWm0Yo"', 'Vary': 'Accept-Encoding', 'Content-Encoding': 'gzip', 'CF-Cache-Status': 'DYNAMIC', 'Report-To': '{"endpoints":[{"url":"https:\\/\\/a.nel.cloudflare.com\\/report\\/v4?s=VhE9oEIhDO67fVbzAVdPtBL8DEg0XIWN12sySOnaa1m%2FJB1ZW15PXSuPXUt5er7871D269HEiFOGMxkjTLh0xU%2FIQsW%2BKgqSTvVTo3loTxraTB6Bcdvf4th6eTFP6arp"}],"group":"cf-nel","max_age":604800}', 'NEL': '{"success_fraction":0,"report_to":"cf-nel","max_age":604800}', 'Server': 'cloudflare', 'CF-RAY': '8959dbb4fe3f60a2-ORD', 'alt-svc': 'h3=":443"; ma=86400'} 
 body={"results":[{"gender":"female","name":{"title":"Miss","first":"Suchita","last":"Bal"},"location":{"street":{"number":492,"name":"China Bazaar Rd"},"city":"Aizawl","state":"Goa","country":"India","postcode":69637,"coordinates":{"latitude":"5.5274","longitude":"134.4825"},"timezone":{"offset":"-6:00","description":"Central Time (US &amp; Canada), Mexico City"}},"email":"suchita.bal@example.com","login":{"uuid":"d1130204-a958-410d-a647-ef698d2a6d65","username":"heavytiger991","password":"dingdong","salt":"MtIgdZ3x","md5":"41b09ecfa3565db5c826d66169471f08","sha1":"f4e9148d51aef9ac9e327cb1e3d0bbc219d0da72","sha256":"7f981e4429cae6944b9f7dd98de54a10434f9da735081fd3826aeb9f97e48265"},"dob":{"date":"1966-05-29T22:44:46.005Z","age":58},"registered":{"date":"2013-12-18T13:25:56.645Z","age":10},"phone":"9164843670","cell":"7614244052","id":{"name":"UIDAI","value":"391438058949"},"picture":{"large":"https://randomuser.me/api/portraits/women/51.jpg","medium":"https://randomuser.me/api/portraits/med/women/51.jpg","thumbnail":"https://randomuser.me/api/portraits/thumb/women/51.jpg"},"nat":"IN"}],"info":{"seed":"ca51d7c7e27eb62a","results":1,"page":1,"version":"1.4"}} 
 </msg>
<msg time="2024-06-18T08:20:06.643343" level="INFO">/opt/hostedtoolcache/Python/3.12.3/x64/lib/python3.12/site-packages/urllib3/connectionpool.py:1099: InsecureRequestWarning: Unverified HTTPS request is being made to host 'randomuser.me'. Adding certificate verification is strongly advised. See: https://urllib3.readthedocs.io/en/latest/advanced-usage.html#tls-warnings
  warnings.warn(</msg>
<msg time="2024-06-18T08:20:06.643466" level="INFO">${response} = &lt;Response [200]&gt;</msg>
<var>${response}</var>
<arg>consultarAPI</arg>
<arg>/api</arg>
<doc>Sends a GET request on a previously created HTTP Session.</doc>
<status status="PASS" start="2024-06-18T08:20:06.543953" elapsed="0.099554"/>
</kw>
<kw name="Set Variable" owner="BuiltIn">
<msg time="2024-06-18T08:20:06.644823" level="INFO">${json_data} = {'results': [{'gender': 'female', 'name': {'title': 'Miss', 'first': 'Suchita', 'last': 'Bal'}, 'location': {'street': {'number': 492, 'name': 'China Bazaar Rd'}, 'city': 'Aizawl', 'state': 'Goa', 'co...</msg>
<var>${json_data}</var>
<arg>${response.json()}</arg>
<doc>Returns the given values which can then be assigned to a variables.</doc>
<status status="PASS" start="2024-06-18T08:20:06.644218" elapsed="0.000635"/>
</kw>
<kw name="Log" owner="BuiltIn">
<msg time="2024-06-18T08:20:06.645335" level="INFO">{'results': [{'gender': 'female', 'name': {'title': 'Miss', 'first': 'Suchita', 'last': 'Bal'}, 'location': {'street': {'number': 492, 'name': 'China Bazaar Rd'}, 'city': 'Aizawl', 'state': 'Goa', 'country': 'India', 'postcode': 69637, 'coordinates': {'latitude': '5.5274', 'longitude': '134.4825'}, 'timezone': {'offset': '-6:00', 'description': 'Central Time (US &amp; Canada), Mexico City'}}, 'email': 'suchita.bal@example.com', 'login': {'uuid': 'd1130204-a958-410d-a647-ef698d2a6d65', 'username': 'heavytiger991', 'password': 'dingdong', 'salt': 'MtIgdZ3x', 'md5': '41b09ecfa3565db5c826d66169471f08', 'sha1': 'f4e9148d51aef9ac9e327cb1e3d0bbc219d0da72', 'sha256': '7f981e4429cae6944b9f7dd98de54a10434f9da735081fd3826aeb9f97e48265'}, 'dob': {'date': '1966-05-29T22:44:46.005Z', 'age': 58}, 'registered': {'date': '2013-12-18T13:25:56.645Z', 'age': 10}, 'phone': '9164843670', 'cell': '7614244052', 'id': {'name': 'UIDAI', 'value': '391438058949'}, 'picture': {'large': 'https://randomuser.me/api/portraits/women/51.jpg', 'medium': 'https://randomuser.me/api/portraits/med/women/51.jpg', 'thumbnail': 'https://randomuser.me/api/portraits/thumb/women/51.jpg'}, 'nat': 'IN'}], 'info': {'seed': 'ca51d7c7e27eb62a', 'results': 1, 'page': 1, 'version': '1.4'}}</msg>
<arg>${json_data}</arg>
<doc>Logs the given message with the given level.</doc>
<status status="PASS" start="2024-06-18T08:20:06.645167" elapsed="0.000217"/>
</kw>
<kw name="Should Be Equal As Numbers" owner="BuiltIn">
<arg>${json_data['results'][0]['location']['postcode']}</arg>
<arg>${json_data['results'][0]['location']['postcode']}</arg>
<doc>Fails if objects are unequal after converting them to real numbers.</doc>
<status status="PASS" start="2024-06-18T08:20:06.645684" elapsed="0.000617"/>
</kw>
<kw name="Log" owner="BuiltIn">
<msg time="2024-06-18T08:20:06.646828" level="INFO">69637</msg>
<arg>${json_data['results'][0]['location']['postcode']}</arg>
<doc>Logs the given message with the given level.</doc>
<status status="PASS" start="2024-06-18T08:20:06.646499" elapsed="0.000369"/>
</kw>
<status status="PASS" start="2024-06-18T08:20:06.543707" elapsed="0.103475"/>
</kw>
<doc>Testa se os tipos de dados na resposta da API estão corretos.</doc>
<tag>testeTiposDados</tag>
<status status="PASS" start="2024-06-18T08:20:06.449757" elapsed="0.197613"/>
</test>
<test id="s1-s1-t5" name="Validar conteudo" line="35">
<kw name="Teste de Tipos de Conteudo" owner="random-user-service">
<kw name="GET On Session" owner="RequestsLibrary">
<msg time="2024-06-18T08:20:06.730197" level="INFO">GET Request : url=https://randomuser.me/api 
 path_url=/api 
 headers={'User-Agent': 'python-requests/2.32.3', 'Accept-Encoding': 'gzip, deflate', 'Accept': '*/*', 'Connection': 'keep-alive'} 
 body=None 
 </msg>
<msg time="2024-06-18T08:20:06.730302" level="INFO">GET Response : url=https://randomuser.me/api 
 status=200, reason=OK 
 headers={'Date': 'Tue, 18 Jun 2024 08:20:06 GMT', 'Content-Type': 'application/json; charset=utf-8', 'Transfer-Encoding': 'chunked', 'Connection': 'keep-alive', 'X-Powered-By': 'Express', 'Access-Control-Allow-Origin': '*', 'Cache-Control': 'no-cache', 'ETag': 'W/"48f-GfcpGRAhiJvnP1JEAgX8wGqRLnQ"', 'Vary': 'Accept-Encoding', 'Content-Encoding': 'gzip', 'CF-Cache-Status': 'DYNAMIC', 'Report-To': '{"endpoints":[{"url":"https:\\/\\/a.nel.cloudflare.com\\/report\\/v4?s=JTmgz2sy1NNYyG5xZmJp4P%2BLEEwGegjY3BrVAVqskapUGDJuYQO6rz0IBWgWR9Jxiw99SaJs4fVaV9TdvfaVCn%2BPPXAta5FfYfKm8qAoumcZZa46SzVg0vcKWXQPEQZu"}],"group":"cf-nel","max_age":604800}', 'NEL': '{"success_fraction":0,"report_to":"cf-nel","max_age":604800}', 'Server': 'cloudflare', 'CF-RAY': '8959dbb59ebf60a2-ORD', 'alt-svc': 'h3=":443"; ma=86400'} 
 body={"results":[{"gender":"female","name":{"title":"Mrs","first":"Julie","last":"Larson"},"location":{"street":{"number":8861,"name":"Park Road"},"city":"Stoke-on-Trent","state":"South Yorkshire","country":"United Kingdom","postcode":"TP6M 4ZF","coordinates":{"latitude":"-8.5104","longitude":"133.5552"},"timezone":{"offset":"-9:00","description":"Alaska"}},"email":"julie.larson@example.com","login":{"uuid":"7872e9dc-d78a-49ae-afbc-0276c5f6d81c","username":"smallbird217","password":"rainbow6","salt":"BFQIQ648","md5":"13f0c4706d4e58f00040f4a2496a9a9e","sha1":"624b2fecc182376fec6d13e3e66f8e8e567490de","sha256":"04c3c5713fac76ba2405e216f8ea9c97301dbbade9222bea2079e1b3c629151e"},"dob":{"date":"1970-08-28T19:35:15.073Z","age":53},"registered":{"date":"2011-01-12T05:16:05.471Z","age":13},"phone":"017683 44656","cell":"07715 997319","id":{"name":"NINO","value":"MB 27 15 95 Q"},"picture":{"large":"https://randomuser.me/api/portraits/women/78.jpg","medium":"https://randomuser.me/api/portraits/med/women/78.jpg","thumbnail":"https://randomuser.me/api/portraits/thumb/women/78.jpg"},"nat":"GB"}],"info":{"seed":"8f1bbb0be7691d59","results":1,"page":1,"version":"1.4"}} 
 </msg>
<msg time="2024-06-18T08:20:06.730377" level="INFO">/opt/hostedtoolcache/Python/3.12.3/x64/lib/python3.12/site-packages/urllib3/connectionpool.py:1099: InsecureRequestWarning: Unverified HTTPS request is being made to host 'randomuser.me'. Adding certificate verification is strongly advised. See: https://urllib3.readthedocs.io/en/latest/advanced-usage.html#tls-warnings
  warnings.warn(</msg>
<msg time="2024-06-18T08:20:06.730502" level="INFO">${response} = &lt;Response [200]&gt;</msg>
<var>${response}</var>
<arg>consultarAPI</arg>
<arg>/api</arg>
<doc>Sends a GET request on a previously created HTTP Session.</doc>
<status status="PASS" start="2024-06-18T08:20:06.649937" elapsed="0.080604"/>
</kw>
<kw name="Set Variable" owner="BuiltIn">
<msg time="2024-06-18T08:20:06.731870" level="INFO">${json_data} = {'results': [{'gender': 'female', 'name': {'title': 'Mrs', 'first': 'Julie', 'last': 'Larson'}, 'location': {'street': {'number': 8861, 'name': 'Park Road'}, 'city': 'Stoke-on-Trent', 'state': 'South ...</msg>
<var>${json_data}</var>
<arg>${response.json()}</arg>
<doc>Returns the given values which can then be assigned to a variables.</doc>
<status status="PASS" start="2024-06-18T08:20:06.731234" elapsed="0.000665"/>
</kw>
<kw name="Set Variable" owner="BuiltIn">
<msg time="2024-06-18T08:20:06.732595" level="INFO">${name_title} = Mrs</msg>
<var>${name_title}</var>
<arg>${json_data["results"][0]["name"]["title"]}</arg>
<doc>Returns the given values which can then be assigned to a variables.</doc>
<status status="PASS" start="2024-06-18T08:20:06.732211" elapsed="0.000409"/>
</kw>
<kw name="Create List" owner="BuiltIn">
<msg time="2024-06-18T08:20:06.733065" level="INFO">${allowed_titles} = ['Mr', 'Ms', 'Miss', 'Mrs', 'Madame', 'Monsieur']</msg>
<var>${allowed_titles}</var>
<arg>Mr</arg>
<arg>Ms</arg>
<arg>Miss</arg>
<arg>Mrs</arg>
<arg>Madame</arg>
<arg>Monsieur</arg>
<doc>Returns a list containing given items.</doc>
<status status="PASS" start="2024-06-18T08:20:06.732916" elapsed="0.000173"/>
</kw>
<kw name="List Should Contain Value" owner="Collections">
<arg>${allowed_titles}</arg>
<arg>${name_title}</arg>
<doc>Fails if the ``value`` is not found from ``list``.</doc>
<status status="PASS" start="2024-06-18T08:20:06.733406" elapsed="0.000180"/>
</kw>
<kw name="Set Variable" owner="BuiltIn">
<msg time="2024-06-18T08:20:06.734128" level="INFO">${name_country} = GB</msg>
<var>${name_country}</var>
<arg>${json_data["results"][0]["nat"]}</arg>
<doc>Returns the given values which can then be assigned to a variables.</doc>
<status status="PASS" start="2024-06-18T08:20:06.733763" elapsed="0.000390"/>
</kw>
<kw name="Create List" owner="BuiltIn">
<msg time="2024-06-18T08:20:06.735041" level="INFO">${list_country} = ['AD', 'AE', 'AF', 'AG', 'AI', 'AL', 'AM', 'AO', 'AQ', 'AR', 'AS', 'AT', 'AU', 'AW', 'AX', 'AZ', 'BA', 'BB', 'BD', 'BE', 'BF', 'BG', 'BH', 'BI', 'BJ', 'BL', 'BM', 'BN', 'BO', 'BQ', 'BR', 'BS', 'BT', '...</msg>
<var>${list_country}</var>
<arg>AD</arg>
<arg>AE</arg>
<arg>AF</arg>
<arg>AG</arg>
<arg>AI</arg>
<arg>AL</arg>
<arg>AM</arg>
<arg>AO</arg>
<arg>AQ</arg>
<arg>AR</arg>
<arg>AS</arg>
<arg>AT</arg>
<arg>AU</arg>
<arg>AW</arg>
<arg>AX</arg>
<arg>AZ</arg>
<arg>BA</arg>
<arg>BB</arg>
<arg>BD</arg>
<arg>BE</arg>
<arg>BF</arg>
<arg>BG</arg>
<arg>BH</arg>
<arg>BI</arg>
<arg>BJ</arg>
<arg>BL</arg>
<arg>BM</arg>
<arg>BN</arg>
<arg>BO</arg>
<arg>BQ</arg>
<arg>BR</arg>
<arg>BS</arg>
<arg>BT</arg>
<arg>BV</arg>
<arg>BW</arg>
<arg>BY</arg>
<arg>BZ</arg>
<arg>CA</arg>
<arg>CC</arg>
<arg>CD</arg>
<arg>CF</arg>
<arg>CG</arg>
<arg>CH</arg>
<arg>CI</arg>
<arg>CK</arg>
<arg>CL</arg>
<arg>CM</arg>
<arg>CN</arg>
<arg>CO</arg>
<arg>CR</arg>
<arg>CU</arg>
<arg>CV</arg>
<arg>CW</arg>
<arg>CX</arg>
<arg>CY</arg>
<arg>CZ</arg>
<arg>DE</arg>
<arg>DJ</arg>
<arg>DK</arg>
<arg>DM</arg>
<arg>DO</arg>
<arg>DZ</arg>
<arg>EC</arg>
<arg>EE</arg>
<arg>EG</arg>
<arg>EH</arg>
<arg>ER</arg>
<arg>ES</arg>
<arg>ET</arg>
<arg>FI</arg>
<arg>FJ</arg>
<arg>FK</arg>
<arg>FM</arg>
<arg>FO</arg>
<arg>FR</arg>
<arg>GA</arg>
<arg>GB</arg>
<arg>GD</arg>
<arg>GE</arg>
<arg>GF</arg>
<arg>GG</arg>
<arg>GH</arg>
<arg>GI</arg>
<arg>GL</arg>
<arg>GM</arg>
<arg>GN</arg>
<arg>GP</arg>
<arg>GQ</arg>
<arg>GR</arg>
<arg>GS</arg>
<arg>GT</arg>
<arg>GU</arg>
<arg>GW</arg>
<arg>GY</arg>
<arg>HK</arg>
<arg>HM</arg>
<arg>HN</arg>
<arg>HR</arg>
<arg>HT</arg>
<arg>HU</arg>
<arg>ID</arg>
<arg>IE</arg>
<arg>IL</arg>
<arg>IM</arg>
<arg>IN</arg>
<arg>IO</arg>
<arg>IQ</arg>
<arg>IR</arg>
<arg>IS</arg>
<arg>IT</arg>
<arg>JE</arg>
<arg>JM</arg>
<arg>JO</arg>
<arg>JP</arg>
<arg>KE</arg>
<arg>KG</arg>
<arg>KH</arg>
<arg>KI</arg>
<arg>KM</arg>
<arg>KN</arg>
<arg>KP</arg>
<arg>KR</arg>
<arg>KW</arg>
<arg>KY</arg>
<arg>KZ</arg>
<arg>LA</arg>
<arg>LB</arg>
<arg>LC</arg>
<arg>LI</arg>
<arg>LK</arg>
<arg>LR</arg>
<arg>LS</arg>
<arg>LT</arg>
<arg>LU</arg>
<arg>LV</arg>
<arg>LY</arg>
<arg>MA</arg>
<arg>MC</arg>
<arg>MD</arg>
<arg>ME</arg>
<arg>MF</arg>
<arg>MG</arg>
<arg>MH</arg>
<arg>MK</arg>
<arg>ML</arg>
<arg>MM</arg>
<arg>MN</arg>
<arg>MO</arg>
<arg>MP</arg>
<arg>MQ</arg>
<arg>MR</arg>
<arg>MS</arg>
<arg>MT</arg>
<arg>MU</arg>
<arg>MV</arg>
<arg>MW</arg>
<arg>MX</arg>
<arg>MY</arg>
<arg>MZ</arg>
<arg>NA</arg>
<arg>NC</arg>
<arg>NE</arg>
<arg>NF</arg>
<arg>NG</arg>
<arg>NI</arg>
<arg>NL</arg>
<arg>NO</arg>
<arg>NP</arg>
<arg>NR</arg>
<arg>NU</arg>
<arg>NZ</arg>
<arg>OM</arg>
<arg>PA</arg>
<arg>PE</arg>
<arg>PF</arg>
<arg>PG</arg>
<arg>PH</arg>
<arg>PK</arg>
<arg>PL</arg>
<arg>PM</arg>
<arg>PN</arg>
<arg>PR</arg>
<arg>PS</arg>
<arg>PT</arg>
<arg>PW</arg>
<arg>PY</arg>
<arg>QA</arg>
<arg>RE</arg>
<arg>RO</arg>
<arg>RS</arg>
<arg>RU</arg>
<arg>RW</arg>
<arg>SA</arg>
<arg>SB</arg>
<arg>SC</arg>
<arg>SD</arg>
<arg>SE</arg>
<arg>SG</arg>
<arg>SH</arg>
<arg>SI</arg>
<arg>SJ</arg>
<arg>SK</arg>
<arg>SL</arg>
<arg>SM</arg>
<arg>SN</arg>
<arg>SO</arg>
<arg>SR</arg>
<arg>SS</arg>
<arg>ST</arg>
<arg>SV</arg>
<arg>SX</arg>
<arg>SY</arg>
<arg>SZ</arg>
<arg>TC</arg>
<arg>TD</arg>
<arg>TF</arg>
<arg>TG</arg>
<arg>TH</arg>
<arg>TJ</arg>
<arg>TK</arg>
<arg>TL</arg>
<arg>TM</arg>
<arg>TN</arg>
<arg>TO</arg>
<arg>TR</arg>
<arg>TT</arg>
<arg>TV</arg>
<arg>TW</arg>
<arg>TZ</arg>
<arg>UA</arg>
<arg>UG</arg>
<arg>UM</arg>
<arg>US</arg>
<arg>UY</arg>
<arg>UZ</arg>
<arg>VA</arg>
<arg>VC</arg>
<arg>VE</arg>
<arg>VG</arg>
<arg>VI</arg>
<arg>VN</arg>
<arg>VU</arg>
<arg>WF</arg>
<arg>WS</arg>
<arg>XK</arg>
<arg>YE</arg>
<arg>YT</arg>
<arg>ZA</arg>
<arg>ZM</arg>
<arg>ZW</arg>
<doc>Returns a list containing given items.</doc>
<status status="PASS" start="2024-06-18T08:20:06.734444" elapsed="0.000622"/>
</kw>
<kw name="List Should Contain Value" owner="Collections">
<arg>${list_country}</arg>
<arg>${name_country}</arg>
<doc>Fails if the ``value`` is not found from ``list``.</doc>
<status status="PASS" start="2024-06-18T08:20:06.735892" elapsed="0.000213"/>
</kw>
<kw name="Run Keyword If" owner="BuiltIn">
<kw name="Should Be True" owner="BuiltIn">
<arg>${True}</arg>
<doc>Fails if the given condition is not true.</doc>
<status status="PASS" start="2024-06-18T08:20:06.737202" elapsed="0.000143"/>
</kw>
<arg>${json_data["results"][0]["location"]["coordinates"]["latitude"]} &gt;= -90 and ${json_data["results"][0]["location"]["coordinates"]["latitude"]} &lt;= 90</arg>
<arg>Should Be True</arg>
<arg>${True}</arg>
<doc>Runs the given keyword with the given arguments, if ``condition`` is true.</doc>
<status status="PASS" start="2024-06-18T08:20:06.736302" elapsed="0.001168"/>
</kw>
<kw name="Run Keyword If" owner="BuiltIn">
<kw name="Should Be True" owner="BuiltIn">
<arg>${True}</arg>
<doc>Fails if the given condition is not true.</doc>
<status status="PASS" start="2024-06-18T08:20:06.738338" elapsed="0.000137"/>
</kw>
<arg>${json_data["results"][0]["location"]["coordinates"]["longitude"]} &gt;= -180 and ${json_data["results"][0]["location"]["coordinates"]["longitude"]} &lt;= 180</arg>
<arg>Should Be True</arg>
<arg>${True}</arg>
<doc>Runs the given keyword with the given arguments, if ``condition`` is true.</doc>
<status status="PASS" start="2024-06-18T08:20:06.737649" elapsed="0.000947"/>
</kw>
<status status="PASS" start="2024-06-18T08:20:06.649709" elapsed="0.089018"/>
</kw>
<doc>Testa o conteúdo específico dos campos retornados pela API.</doc>
<tag>testeConteudo</tag>
<status status="PASS" start="2024-06-18T08:20:06.649149" elapsed="0.089732"/>
</test>
<status status="PASS" start="2024-06-18T08:20:05.768520" elapsed="0.972395"/>
</suite>
<status status="PASS" start="2024-06-18T08:20:05.754617" elapsed="0.991535"/>
</suite>
<statistics>
<total>
<stat pass="5" fail="0" skip="0">All Tests</stat>
</total>
<tag>
<stat pass="1" fail="0" skip="0">testeConteudo</stat>
<stat pass="1" fail="0" skip="0">testeEstruturaResposta</stat>
<stat pass="1" fail="0" skip="0">testeRequisicaoBasica</stat>
<stat pass="1" fail="0" skip="0">testeTiposDados</stat>
</tag>
<suite>
<stat pass="5" fail="0" skip="0" id="s1" name="Tests">Tests</stat>
<stat pass="5" fail="0" skip="0" id="s1-s1" name="Random-User-Test">Tests.Random-User-Test</stat>
</suite>
</statistics>
<errors>
</errors>
</robot>
