<?xml version="1.0" encoding="UTF-8"?>
<robot generator="Robot 7.0 (Python 3.12.3 on linux)" generated="2024-05-04T22:12:43.504302" rpa="false" schemaversion="5">
<suite id="s1" name="Tests" source="/home/runner/work/DesafioQAItauRogerioJordao/DesafioQAItauRogerioJordao/RamdonUser/tests">
<suite id="s1-s1" name="Random-User-Test" source="/home/runner/work/DesafioQAItauRogerioJordao/DesafioQAItauRogerioJordao/RamdonUser/tests/random-user-test.robot">
<test id="s1-s1-t1" name="Conectar" line="13">
<kw name="Conectar API" owner="random-user-service">
<kw name="Create Session" owner="RequestsLibrary">
<msg time="2024-05-04T22:12:43.884429" level="INFO">Creating Session using : alias=consultarAPI, url=https://randomuser.me/, headers={},                     cookies={}, auth=None, timeout=None, proxies=None, verify=False,                     debug=0 </msg>
<arg>consultarAPI</arg>
<arg>${URL}</arg>
<doc>Create Session: create a HTTP session to a server</doc>
<status status="PASS" start="2024-05-04T22:12:43.884229" elapsed="0.000390"/>
</kw>
<status status="PASS" start="2024-05-04T22:12:43.883234" elapsed="0.001747"/>
</kw>
<status status="PASS" start="2024-05-04T22:12:43.882575" elapsed="0.002599"/>
</test>
<test id="s1-s1-t2" name="Validar retorno 200 e JSON Válido" line="16">
<kw name="Teste de Requisicao Basica" owner="random-user-service">
<kw name="GET On Session" owner="RequestsLibrary">
<msg time="2024-05-04T22:12:43.990430" level="INFO">GET Request : url=https://randomuser.me/api 
 path_url=/api 
 headers={'User-Agent': 'python-requests/2.31.0', 'Accept-Encoding': 'gzip, deflate', 'Accept': '*/*', 'Connection': 'keep-alive'} 
 body=None 
 </msg>
<msg time="2024-05-04T22:12:43.990601" level="INFO">GET Response : url=https://randomuser.me/api 
 status=200, reason=OK 
 headers={'Date': 'Sat, 04 May 2024 22:12:43 GMT', 'Content-Type': 'application/json; charset=utf-8', 'Transfer-Encoding': 'chunked', 'Connection': 'keep-alive', 'X-Powered-By': 'Express', 'Access-Control-Allow-Origin': '*', 'Cache-Control': 'no-cache', 'ETag': 'W/"499-tqIA69b9mQvlxKTZRLWSPhEFRD4"', 'Vary': 'Accept-Encoding', 'Content-Encoding': 'gzip', 'CF-Cache-Status': 'DYNAMIC', 'Report-To': '{"endpoints":[{"url":"https:\\/\\/a.nel.cloudflare.com\\/report\\/v4?s=rWMFWKx9%2FnFXPs86UFvvxLpAeSahs4Vq5fCOwad84eQwsW1LB%2FCzGYltdI0M%2FwoHtIKkzH4A%2FS5prWpg722MKvV4HU1K%2BW5T%2FIExXryXW23B0rzShxt4pvZUOPg07S%2FF"}],"group":"cf-nel","max_age":604800}', 'NEL': '{"success_fraction":0,"report_to":"cf-nel","max_age":604800}', 'Server': 'cloudflare', 'CF-RAY': '87ebd57e9b7f9123-ORD', 'alt-svc': 'h3=":443"; ma=86400'} 
 body={"results":[{"gender":"male","name":{"title":"Mr","first":"Dale","last":"Morris"},"location":{"street":{"number":2423,"name":"Railroad St"},"city":"Sunshine Coast","state":"South Australia","country":"Australia","postcode":4742,"coordinates":{"latitude":"-83.5806","longitude":"-101.2669"},"timezone":{"offset":"+3:00","description":"Baghdad, Riyadh, Moscow, St. Petersburg"}},"email":"dale.morris@example.com","login":{"uuid":"3a83ac9f-456a-4902-b909-1f9d8a146a88","username":"angrymeercat167","password":"money","salt":"sxzOKbhB","md5":"94813998ac8c33b32bae7025feeeffef","sha1":"f63d36f8622aae0571e1d1a9e45fcf46ba505f04","sha256":"58de2623dc195f058b351aea7b65ddca84efa4c5f91145dfe33e965edce4755f"},"dob":{"date":"1998-05-01T05:22:57.489Z","age":26},"registered":{"date":"2014-04-27T09:12:36.216Z","age":10},"phone":"05-6134-6556","cell":"0417-912-311","id":{"name":"TFN","value":"431818261"},"picture":{"large":"https://randomuser.me/api/portraits/men/83.jpg","medium":"https://randomuser.me/api/portraits/med/men/83.jpg","thumbnail":"https://randomuser.me/api/portraits/thumb/men/83.jpg"},"nat":"AU"}],"info":{"seed":"c512575c43fe9a8c","results":1,"page":1,"version":"1.4"}} 
 </msg>
<msg time="2024-05-04T22:12:43.990682" level="INFO">/opt/hostedtoolcache/Python/3.12.3/x64/lib/python3.12/site-packages/urllib3/connectionpool.py:1103: InsecureRequestWarning: Unverified HTTPS request is being made to host 'randomuser.me'. Adding certificate verification is strongly advised. See: https://urllib3.readthedocs.io/en/latest/advanced-usage.html#tls-warnings
  warnings.warn(</msg>
<msg time="2024-05-04T22:12:43.990830" level="INFO">${response} = &lt;Response [200]&gt;</msg>
<var>${response}</var>
<arg>consultarAPI</arg>
<arg>/api</arg>
<doc>Sends a GET request on a previously created HTTP Session.</doc>
<status status="PASS" start="2024-05-04T22:12:43.887837" elapsed="0.103034"/>
</kw>
<kw name="Should Be Equal As Numbers" owner="BuiltIn">
<msg time="2024-05-04T22:12:43.991907" level="INFO">Argument types are:
&lt;class 'int'&gt;
&lt;class 'str'&gt;</msg>
<arg>${response.status_code}</arg>
<arg>200</arg>
<doc>Fails if objects are unequal after converting them to real numbers.</doc>
<status status="PASS" start="2024-05-04T22:12:43.991440" elapsed="0.000535"/>
</kw>
<kw name="Log" owner="BuiltIn">
<msg time="2024-05-04T22:12:43.992691" level="INFO">200</msg>
<arg>${response.status_code}</arg>
<doc>Logs the given message with the given level.</doc>
<status status="PASS" start="2024-05-04T22:12:43.992326" elapsed="0.000407"/>
</kw>
<kw name="Set Variable" owner="BuiltIn">
<msg time="2024-05-04T22:12:43.993488" level="INFO">${json_data} = {'results': [{'gender': 'male', 'name': {'title': 'Mr', 'first': 'Dale', 'last': 'Morris'}, 'location': {'street': {'number': 2423, 'name': 'Railroad St'}, 'city': 'Sunshine Coast', 'state': 'South Au...</msg>
<var>${json_data}</var>
<arg>${response.json()}</arg>
<doc>Returns the given values which can then be assigned to a variables.</doc>
<status status="PASS" start="2024-05-04T22:12:43.993039" elapsed="0.000477"/>
</kw>
<kw name="Dictionary Should Contain Key" owner="Collections">
<msg time="2024-05-04T22:12:43.993988" level="INFO">False</msg>
<arg>${json_data}</arg>
<arg>results</arg>
<doc>Fails if ``key`` is not found from ``dictionary``.</doc>
<status status="PASS" start="2024-05-04T22:12:43.993820" elapsed="0.000206"/>
</kw>
<status status="PASS" start="2024-05-04T22:12:43.887597" elapsed="0.106692"/>
</kw>
<doc>Testa se a API responde corretamente e retorna um objeto JSON válido.</doc>
<tag>testeRequisicaoBasica</tag>
<status status="PASS" start="2024-05-04T22:12:43.887055" elapsed="0.107420"/>
</test>
<test id="s1-s1-t3" name="Validar estrutura de resposta" line="22">
<kw name="Teste de Estrutura de Resposta" owner="random-user-service">
<kw name="GET On Session" owner="RequestsLibrary">
<msg time="2024-05-04T22:12:44.106455" level="INFO">GET Request : url=https://randomuser.me/api 
 path_url=/api 
 headers={'User-Agent': 'python-requests/2.31.0', 'Accept-Encoding': 'gzip, deflate', 'Accept': '*/*', 'Connection': 'keep-alive'} 
 body=None 
 </msg>
<msg time="2024-05-04T22:12:44.106576" level="INFO">GET Response : url=https://randomuser.me/api 
 status=200, reason=OK 
 headers={'Date': 'Sat, 04 May 2024 22:12:44 GMT', 'Content-Type': 'application/json; charset=utf-8', 'Transfer-Encoding': 'chunked', 'Connection': 'keep-alive', 'X-Powered-By': 'Express', 'Access-Control-Allow-Origin': '*', 'Cache-Control': 'no-cache', 'ETag': 'W/"48e-SvFmV0X2tt5eA5FqcSQHgXQZvX0"', 'Vary': 'Accept-Encoding', 'Content-Encoding': 'gzip', 'CF-Cache-Status': 'DYNAMIC', 'Report-To': '{"endpoints":[{"url":"https:\\/\\/a.nel.cloudflare.com\\/report\\/v4?s=oZcaWcQB8Ka%2Fud6HGvTgyRq33CH2Ymo29aCcrTr44w%2BVh%2FT%2BOQHtfduRTK3MRN77uBkNYAUEQONgv4ojtDQ2CAUlRUigpVbeGYpU%2Brut%2FExH2We8Ycnb256Jd2BTqj%2FY"}],"group":"cf-nel","max_age":604800}', 'NEL': '{"success_fraction":0,"report_to":"cf-nel","max_age":604800}', 'Server': 'cloudflare', 'CF-RAY': '87ebd57f0cb79123-ORD', 'alt-svc': 'h3=":443"; ma=86400'} 
 body={"results":[{"gender":"male","name":{"title":"Mr","first":"Félix","last":"Gutiérrez"},"location":{"street":{"number":704,"name":"Paseo de Zorrilla"},"city":"Murcia","state":"Canarias","country":"Spain","postcode":14330,"coordinates":{"latitude":"-30.2420","longitude":"-94.3249"},"timezone":{"offset":"-5:00","description":"Eastern Time (US &amp; Canada), Bogota, Lima"}},"email":"felix.gutierrez@example.com","login":{"uuid":"5631f820-0978-4b78-9eed-45f1946a59b4","username":"tinyswan330","password":"tongue","salt":"cJEFSEI1","md5":"9fbb2fada2906a18be3b798e7737cf15","sha1":"e284cc8bd92130ee5085fd860c6cc49065df067b","sha256":"3d02a5014ab95dd9b3477abc89b0906c2fd583a88c35019e7516c41cbaaea614"},"dob":{"date":"1963-11-16T12:46:56.185Z","age":60},"registered":{"date":"2021-09-20T10:46:29.126Z","age":2},"phone":"962-463-672","cell":"603-240-641","id":{"name":"DNI","value":"69131604-J"},"picture":{"large":"https://randomuser.me/api/portraits/men/9.jpg","medium":"https://randomuser.me/api/portraits/med/men/9.jpg","thumbnail":"https://randomuser.me/api/portraits/thumb/men/9.jpg"},"nat":"ES"}],"info":{"seed":"11462310ff5aa05a","results":1,"page":1,"version":"1.4"}} 
 </msg>
<msg time="2024-05-04T22:12:44.106727" level="INFO">/opt/hostedtoolcache/Python/3.12.3/x64/lib/python3.12/site-packages/urllib3/connectionpool.py:1103: InsecureRequestWarning: Unverified HTTPS request is being made to host 'randomuser.me'. Adding certificate verification is strongly advised. See: https://urllib3.readthedocs.io/en/latest/advanced-usage.html#tls-warnings
  warnings.warn(</msg>
<msg time="2024-05-04T22:12:44.106862" level="INFO">${response} = &lt;Response [200]&gt;</msg>
<var>${response}</var>
<arg>consultarAPI</arg>
<arg>/api</arg>
<doc>Sends a GET request on a previously created HTTP Session.</doc>
<status status="PASS" start="2024-05-04T22:12:43.997216" elapsed="0.109683"/>
</kw>
<kw name="Set Variable" owner="BuiltIn">
<msg time="2024-05-04T22:12:44.108018" level="INFO">${json_data} = {'results': [{'gender': 'male', 'name': {'title': 'Mr', 'first': 'Félix', 'last': 'Gutiérrez'}, 'location': {'street': {'number': 704, 'name': 'Paseo de Zorrilla'}, 'city': 'Murcia', 'state': 'Canaria...</msg>
<var>${json_data}</var>
<arg>${response.json()}</arg>
<doc>Returns the given values which can then be assigned to a variables.</doc>
<status status="PASS" start="2024-05-04T22:12:44.107462" elapsed="0.000587"/>
</kw>
<kw name="Log" owner="BuiltIn">
<msg time="2024-05-04T22:12:44.108547" level="INFO">{'results': [{'gender': 'male', 'name': {'title': 'Mr', 'first': 'Félix', 'last': 'Gutiérrez'}, 'location': {'street': {'number': 704, 'name': 'Paseo de Zorrilla'}, 'city': 'Murcia', 'state': 'Canarias', 'country': 'Spain', 'postcode': 14330, 'coordinates': {'latitude': '-30.2420', 'longitude': '-94.3249'}, 'timezone': {'offset': '-5:00', 'description': 'Eastern Time (US &amp; Canada), Bogota, Lima'}}, 'email': 'felix.gutierrez@example.com', 'login': {'uuid': '5631f820-0978-4b78-9eed-45f1946a59b4', 'username': 'tinyswan330', 'password': 'tongue', 'salt': 'cJEFSEI1', 'md5': '9fbb2fada2906a18be3b798e7737cf15', 'sha1': 'e284cc8bd92130ee5085fd860c6cc49065df067b', 'sha256': '3d02a5014ab95dd9b3477abc89b0906c2fd583a88c35019e7516c41cbaaea614'}, 'dob': {'date': '1963-11-16T12:46:56.185Z', 'age': 60}, 'registered': {'date': '2021-09-20T10:46:29.126Z', 'age': 2}, 'phone': '962-463-672', 'cell': '603-240-641', 'id': {'name': 'DNI', 'value': '69131604-J'}, 'picture': {'large': 'https://randomuser.me/api/portraits/men/9.jpg', 'medium': 'https://randomuser.me/api/portraits/med/men/9.jpg', 'thumbnail': 'https://randomuser.me/api/portraits/thumb/men/9.jpg'}, 'nat': 'ES'}], 'info': {'seed': '11462310ff5aa05a', 'results': 1, 'page': 1, 'version': '1.4'}}</msg>
<arg>${json_data}</arg>
<doc>Logs the given message with the given level.</doc>
<status status="PASS" start="2024-05-04T22:12:44.108375" elapsed="0.000226"/>
</kw>
<kw name="Dictionary Should Contain Key" owner="Collections">
<msg time="2024-05-04T22:12:44.109061" level="INFO">False</msg>
<arg>${json_data}</arg>
<arg>results</arg>
<doc>Fails if ``key`` is not found from ``dictionary``.</doc>
<status status="PASS" start="2024-05-04T22:12:44.108903" elapsed="0.000196"/>
</kw>
<kw name="Should Not Be Empty" owner="BuiltIn">
<msg time="2024-05-04T22:12:44.109531" level="INFO">Length is 2.</msg>
<arg>${json_data}</arg>
<doc>Verifies that the given item is not empty.</doc>
<status status="PASS" start="2024-05-04T22:12:44.109395" elapsed="0.000175"/>
</kw>
<kw name="Create List" owner="BuiltIn">
<msg time="2024-05-04T22:12:44.110190" level="INFO">${expected_keys} = ['gender', 'name', 'location', 'email', 'login']</msg>
<var>${expected_keys}</var>
<arg>gender</arg>
<arg>name</arg>
<arg>location</arg>
<arg>email</arg>
<arg>login</arg>
<doc>Returns a list containing given items.</doc>
<status status="PASS" start="2024-05-04T22:12:44.109876" elapsed="0.000338"/>
</kw>
<for flavor="IN">
<iter>
<kw name="Dictionary Should Contain Key" owner="Collections">
<msg time="2024-05-04T22:12:44.111256" level="INFO">False</msg>
<arg>${json_data['results'][0]}</arg>
<arg>${key}</arg>
<doc>Fails if ``key`` is not found from ``dictionary``.</doc>
<status status="PASS" start="2024-05-04T22:12:44.110811" elapsed="0.000495"/>
</kw>
<kw name="Log" owner="BuiltIn">
<msg time="2024-05-04T22:12:44.111985" level="INFO">{'gender': 'male', 'name': {'title': 'Mr', 'first': 'Félix', 'last': 'Gutiérrez'}, 'location': {'street': {'number': 704, 'name': 'Paseo de Zorrilla'}, 'city': 'Murcia', 'state': 'Canarias', 'country': 'Spain', 'postcode': 14330, 'coordinates': {'latitude': '-30.2420', 'longitude': '-94.3249'}, 'timezone': {'offset': '-5:00', 'description': 'Eastern Time (US &amp; Canada), Bogota, Lima'}}, 'email': 'felix.gutierrez@example.com', 'login': {'uuid': '5631f820-0978-4b78-9eed-45f1946a59b4', 'username': 'tinyswan330', 'password': 'tongue', 'salt': 'cJEFSEI1', 'md5': '9fbb2fada2906a18be3b798e7737cf15', 'sha1': 'e284cc8bd92130ee5085fd860c6cc49065df067b', 'sha256': '3d02a5014ab95dd9b3477abc89b0906c2fd583a88c35019e7516c41cbaaea614'}, 'dob': {'date': '1963-11-16T12:46:56.185Z', 'age': 60}, 'registered': {'date': '2021-09-20T10:46:29.126Z', 'age': 2}, 'phone': '962-463-672', 'cell': '603-240-641', 'id': {'name': 'DNI', 'value': '69131604-J'}, 'picture': {'large': 'https://randomuser.me/api/portraits/men/9.jpg', 'medium': 'https://randomuser.me/api/portraits/med/men/9.jpg', 'thumbnail': 'https://randomuser.me/api/portraits/thumb/men/9.jpg'}, 'nat': 'ES'}</msg>
<arg>${json_data['results'][0]}</arg>
<doc>Logs the given message with the given level.</doc>
<status status="PASS" start="2024-05-04T22:12:44.111611" elapsed="0.000425"/>
</kw>
<kw name="Log" owner="BuiltIn">
<msg time="2024-05-04T22:12:44.112467" level="INFO">gender</msg>
<arg>${key}</arg>
<doc>Logs the given message with the given level.</doc>
<status status="PASS" start="2024-05-04T22:12:44.112339" elapsed="0.000165"/>
</kw>
<var name="${key}">gender</var>
<status status="PASS" start="2024-05-04T22:12:44.110683" elapsed="0.002037"/>
</iter>
<iter>
<kw name="Dictionary Should Contain Key" owner="Collections">
<msg time="2024-05-04T22:12:44.113406" level="INFO">False</msg>
<arg>${json_data['results'][0]}</arg>
<arg>${key}</arg>
<doc>Fails if ``key`` is not found from ``dictionary``.</doc>
<status status="PASS" start="2024-05-04T22:12:44.113024" elapsed="0.000420"/>
</kw>
<kw name="Log" owner="BuiltIn">
<msg time="2024-05-04T22:12:44.114134" level="INFO">{'gender': 'male', 'name': {'title': 'Mr', 'first': 'Félix', 'last': 'Gutiérrez'}, 'location': {'street': {'number': 704, 'name': 'Paseo de Zorrilla'}, 'city': 'Murcia', 'state': 'Canarias', 'country': 'Spain', 'postcode': 14330, 'coordinates': {'latitude': '-30.2420', 'longitude': '-94.3249'}, 'timezone': {'offset': '-5:00', 'description': 'Eastern Time (US &amp; Canada), Bogota, Lima'}}, 'email': 'felix.gutierrez@example.com', 'login': {'uuid': '5631f820-0978-4b78-9eed-45f1946a59b4', 'username': 'tinyswan330', 'password': 'tongue', 'salt': 'cJEFSEI1', 'md5': '9fbb2fada2906a18be3b798e7737cf15', 'sha1': 'e284cc8bd92130ee5085fd860c6cc49065df067b', 'sha256': '3d02a5014ab95dd9b3477abc89b0906c2fd583a88c35019e7516c41cbaaea614'}, 'dob': {'date': '1963-11-16T12:46:56.185Z', 'age': 60}, 'registered': {'date': '2021-09-20T10:46:29.126Z', 'age': 2}, 'phone': '962-463-672', 'cell': '603-240-641', 'id': {'name': 'DNI', 'value': '69131604-J'}, 'picture': {'large': 'https://randomuser.me/api/portraits/men/9.jpg', 'medium': 'https://randomuser.me/api/portraits/med/men/9.jpg', 'thumbnail': 'https://randomuser.me/api/portraits/thumb/men/9.jpg'}, 'nat': 'ES'}</msg>
<arg>${json_data['results'][0]}</arg>
<doc>Logs the given message with the given level.</doc>
<status status="PASS" start="2024-05-04T22:12:44.113766" elapsed="0.000420"/>
</kw>
<kw name="Log" owner="BuiltIn">
<msg time="2024-05-04T22:12:44.114618" level="INFO">name</msg>
<arg>${key}</arg>
<doc>Logs the given message with the given level.</doc>
<status status="PASS" start="2024-05-04T22:12:44.114490" elapsed="0.000165"/>
</kw>
<var name="${key}">name</var>
<status status="PASS" start="2024-05-04T22:12:44.112910" elapsed="0.001959"/>
</iter>
<iter>
<kw name="Dictionary Should Contain Key" owner="Collections">
<msg time="2024-05-04T22:12:44.115579" level="INFO">False</msg>
<arg>${json_data['results'][0]}</arg>
<arg>${key}</arg>
<doc>Fails if ``key`` is not found from ``dictionary``.</doc>
<status status="PASS" start="2024-05-04T22:12:44.115158" elapsed="0.000459"/>
</kw>
<kw name="Log" owner="BuiltIn">
<msg time="2024-05-04T22:12:44.116292" level="INFO">{'gender': 'male', 'name': {'title': 'Mr', 'first': 'Félix', 'last': 'Gutiérrez'}, 'location': {'street': {'number': 704, 'name': 'Paseo de Zorrilla'}, 'city': 'Murcia', 'state': 'Canarias', 'country': 'Spain', 'postcode': 14330, 'coordinates': {'latitude': '-30.2420', 'longitude': '-94.3249'}, 'timezone': {'offset': '-5:00', 'description': 'Eastern Time (US &amp; Canada), Bogota, Lima'}}, 'email': 'felix.gutierrez@example.com', 'login': {'uuid': '5631f820-0978-4b78-9eed-45f1946a59b4', 'username': 'tinyswan330', 'password': 'tongue', 'salt': 'cJEFSEI1', 'md5': '9fbb2fada2906a18be3b798e7737cf15', 'sha1': 'e284cc8bd92130ee5085fd860c6cc49065df067b', 'sha256': '3d02a5014ab95dd9b3477abc89b0906c2fd583a88c35019e7516c41cbaaea614'}, 'dob': {'date': '1963-11-16T12:46:56.185Z', 'age': 60}, 'registered': {'date': '2021-09-20T10:46:29.126Z', 'age': 2}, 'phone': '962-463-672', 'cell': '603-240-641', 'id': {'name': 'DNI', 'value': '69131604-J'}, 'picture': {'large': 'https://randomuser.me/api/portraits/men/9.jpg', 'medium': 'https://randomuser.me/api/portraits/med/men/9.jpg', 'thumbnail': 'https://randomuser.me/api/portraits/thumb/men/9.jpg'}, 'nat': 'ES'}</msg>
<arg>${json_data['results'][0]}</arg>
<doc>Logs the given message with the given level.</doc>
<status status="PASS" start="2024-05-04T22:12:44.115919" elapsed="0.000424"/>
</kw>
<kw name="Log" owner="BuiltIn">
<msg time="2024-05-04T22:12:44.116767" level="INFO">location</msg>
<arg>${key}</arg>
<doc>Logs the given message with the given level.</doc>
<status status="PASS" start="2024-05-04T22:12:44.116640" elapsed="0.000164"/>
</kw>
<var name="${key}">location</var>
<status status="PASS" start="2024-05-04T22:12:44.115046" elapsed="0.001972"/>
</iter>
<iter>
<kw name="Dictionary Should Contain Key" owner="Collections">
<msg time="2024-05-04T22:12:44.117684" level="INFO">False</msg>
<arg>${json_data['results'][0]}</arg>
<arg>${key}</arg>
<doc>Fails if ``key`` is not found from ``dictionary``.</doc>
<status status="PASS" start="2024-05-04T22:12:44.117301" elapsed="0.000421"/>
</kw>
<kw name="Log" owner="BuiltIn">
<msg time="2024-05-04T22:12:44.118392" level="INFO">{'gender': 'male', 'name': {'title': 'Mr', 'first': 'Félix', 'last': 'Gutiérrez'}, 'location': {'street': {'number': 704, 'name': 'Paseo de Zorrilla'}, 'city': 'Murcia', 'state': 'Canarias', 'country': 'Spain', 'postcode': 14330, 'coordinates': {'latitude': '-30.2420', 'longitude': '-94.3249'}, 'timezone': {'offset': '-5:00', 'description': 'Eastern Time (US &amp; Canada), Bogota, Lima'}}, 'email': 'felix.gutierrez@example.com', 'login': {'uuid': '5631f820-0978-4b78-9eed-45f1946a59b4', 'username': 'tinyswan330', 'password': 'tongue', 'salt': 'cJEFSEI1', 'md5': '9fbb2fada2906a18be3b798e7737cf15', 'sha1': 'e284cc8bd92130ee5085fd860c6cc49065df067b', 'sha256': '3d02a5014ab95dd9b3477abc89b0906c2fd583a88c35019e7516c41cbaaea614'}, 'dob': {'date': '1963-11-16T12:46:56.185Z', 'age': 60}, 'registered': {'date': '2021-09-20T10:46:29.126Z', 'age': 2}, 'phone': '962-463-672', 'cell': '603-240-641', 'id': {'name': 'DNI', 'value': '69131604-J'}, 'picture': {'large': 'https://randomuser.me/api/portraits/men/9.jpg', 'medium': 'https://randomuser.me/api/portraits/med/men/9.jpg', 'thumbnail': 'https://randomuser.me/api/portraits/thumb/men/9.jpg'}, 'nat': 'ES'}</msg>
<arg>${json_data['results'][0]}</arg>
<doc>Logs the given message with the given level.</doc>
<status status="PASS" start="2024-05-04T22:12:44.118028" elapsed="0.000415"/>
</kw>
<kw name="Log" owner="BuiltIn">
<msg time="2024-05-04T22:12:44.118863" level="INFO">email</msg>
<arg>${key}</arg>
<doc>Logs the given message with the given level.</doc>
<status status="PASS" start="2024-05-04T22:12:44.118737" elapsed="0.000163"/>
</kw>
<var name="${key}">email</var>
<status status="PASS" start="2024-05-04T22:12:44.117190" elapsed="0.001922"/>
</iter>
<iter>
<kw name="Dictionary Should Contain Key" owner="Collections">
<msg time="2024-05-04T22:12:44.119835" level="INFO">False</msg>
<arg>${json_data['results'][0]}</arg>
<arg>${key}</arg>
<doc>Fails if ``key`` is not found from ``dictionary``.</doc>
<status status="PASS" start="2024-05-04T22:12:44.119448" elapsed="0.000424"/>
</kw>
<kw name="Log" owner="BuiltIn">
<msg time="2024-05-04T22:12:44.120541" level="INFO">{'gender': 'male', 'name': {'title': 'Mr', 'first': 'Félix', 'last': 'Gutiérrez'}, 'location': {'street': {'number': 704, 'name': 'Paseo de Zorrilla'}, 'city': 'Murcia', 'state': 'Canarias', 'country': 'Spain', 'postcode': 14330, 'coordinates': {'latitude': '-30.2420', 'longitude': '-94.3249'}, 'timezone': {'offset': '-5:00', 'description': 'Eastern Time (US &amp; Canada), Bogota, Lima'}}, 'email': 'felix.gutierrez@example.com', 'login': {'uuid': '5631f820-0978-4b78-9eed-45f1946a59b4', 'username': 'tinyswan330', 'password': 'tongue', 'salt': 'cJEFSEI1', 'md5': '9fbb2fada2906a18be3b798e7737cf15', 'sha1': 'e284cc8bd92130ee5085fd860c6cc49065df067b', 'sha256': '3d02a5014ab95dd9b3477abc89b0906c2fd583a88c35019e7516c41cbaaea614'}, 'dob': {'date': '1963-11-16T12:46:56.185Z', 'age': 60}, 'registered': {'date': '2021-09-20T10:46:29.126Z', 'age': 2}, 'phone': '962-463-672', 'cell': '603-240-641', 'id': {'name': 'DNI', 'value': '69131604-J'}, 'picture': {'large': 'https://randomuser.me/api/portraits/men/9.jpg', 'medium': 'https://randomuser.me/api/portraits/med/men/9.jpg', 'thumbnail': 'https://randomuser.me/api/portraits/thumb/men/9.jpg'}, 'nat': 'ES'}</msg>
<arg>${json_data['results'][0]}</arg>
<doc>Logs the given message with the given level.</doc>
<status status="PASS" start="2024-05-04T22:12:44.120166" elapsed="0.000425"/>
</kw>
<kw name="Log" owner="BuiltIn">
<msg time="2024-05-04T22:12:44.121016" level="INFO">login</msg>
<arg>${key}</arg>
<doc>Logs the given message with the given level.</doc>
<status status="PASS" start="2024-05-04T22:12:44.120889" elapsed="0.000164"/>
</kw>
<var name="${key}">login</var>
<status status="PASS" start="2024-05-04T22:12:44.119336" elapsed="0.001957"/>
</iter>
<var>${key}</var>
<value>@{expected_keys}</value>
<status status="PASS" start="2024-05-04T22:12:44.110485" elapsed="0.010934"/>
</for>
<kw name="Create List" owner="BuiltIn">
<msg time="2024-05-04T22:12:44.121748" level="INFO">${expected_keysTwo} = ['username', 'password']</msg>
<var>${expected_keysTwo}</var>
<arg>username</arg>
<arg>password</arg>
<doc>Returns a list containing given items.</doc>
<status status="PASS" start="2024-05-04T22:12:44.121612" elapsed="0.000160"/>
</kw>
<for flavor="IN">
<iter>
<kw name="Dictionary Should Contain Key" owner="Collections">
<msg time="2024-05-04T22:12:44.122668" level="INFO">False</msg>
<arg>${json_data['results'][0]['login']}</arg>
<arg>${keyTwo}</arg>
<doc>Fails if ``key`` is not found from ``dictionary``.</doc>
<status status="PASS" start="2024-05-04T22:12:44.122280" elapsed="0.000424"/>
</kw>
<kw name="Dictionary Should Contain Key" owner="Collections">
<msg time="2024-05-04T22:12:44.123416" level="INFO">False</msg>
<arg>${json_data['results'][0]['login']}</arg>
<arg>${keyTwo}</arg>
<doc>Fails if ``key`` is not found from ``dictionary``.</doc>
<status status="PASS" start="2024-05-04T22:12:44.123000" elapsed="0.000453"/>
</kw>
<kw name="Log" owner="BuiltIn">
<msg time="2024-05-04T22:12:44.123872" level="INFO">username</msg>
<arg>${keyTwo}</arg>
<doc>Logs the given message with the given level.</doc>
<status status="PASS" start="2024-05-04T22:12:44.123746" elapsed="0.000167"/>
</kw>
<var name="${keyTwo}">username</var>
<status status="PASS" start="2024-05-04T22:12:44.122169" elapsed="0.001959"/>
</iter>
<iter>
<kw name="Dictionary Should Contain Key" owner="Collections">
<msg time="2024-05-04T22:12:44.124787" level="INFO">False</msg>
<arg>${json_data['results'][0]['login']}</arg>
<arg>${keyTwo}</arg>
<doc>Fails if ``key`` is not found from ``dictionary``.</doc>
<status status="PASS" start="2024-05-04T22:12:44.124407" elapsed="0.000417"/>
</kw>
<kw name="Dictionary Should Contain Key" owner="Collections">
<msg time="2024-05-04T22:12:44.125583" level="INFO">False</msg>
<arg>${json_data['results'][0]['login']}</arg>
<arg>${keyTwo}</arg>
<doc>Fails if ``key`` is not found from ``dictionary``.</doc>
<status status="PASS" start="2024-05-04T22:12:44.125114" elapsed="0.000508"/>
</kw>
<kw name="Log" owner="BuiltIn">
<msg time="2024-05-04T22:12:44.126046" level="INFO">password</msg>
<arg>${keyTwo}</arg>
<doc>Logs the given message with the given level.</doc>
<status status="PASS" start="2024-05-04T22:12:44.125919" elapsed="0.000164"/>
</kw>
<var name="${keyTwo}">password</var>
<status status="PASS" start="2024-05-04T22:12:44.124298" elapsed="0.001999"/>
</iter>
<var>${keyTwo}</var>
<value>@{expected_keysTwo}</value>
<status status="PASS" start="2024-05-04T22:12:44.122015" elapsed="0.004403"/>
</for>
<status status="PASS" start="2024-05-04T22:12:43.996979" elapsed="0.129582"/>
</kw>
<doc>Testa a estrutura da resposta da API.</doc>
<tag>testeEstruturaResposta</tag>
<status status="PASS" start="2024-05-04T22:12:43.996386" elapsed="0.130337"/>
</test>
<test id="s1-s1-t4" name="Validar tipos de dados" line="28">
<kw name="Teste de Tipos de Dados" owner="random-user-service">
<kw name="GET On Session" owner="RequestsLibrary">
<msg time="2024-05-04T22:12:44.177909" level="INFO">GET Request : url=https://randomuser.me/api 
 path_url=/api 
 headers={'User-Agent': 'python-requests/2.31.0', 'Accept-Encoding': 'gzip, deflate', 'Accept': '*/*', 'Connection': 'keep-alive'} 
 body=None 
 </msg>
<msg time="2024-05-04T22:12:44.178005" level="INFO">GET Response : url=https://randomuser.me/api 
 status=200, reason=OK 
 headers={'Date': 'Sat, 04 May 2024 22:12:44 GMT', 'Content-Type': 'application/json; charset=utf-8', 'Transfer-Encoding': 'chunked', 'Connection': 'keep-alive', 'X-Powered-By': 'Express', 'Access-Control-Allow-Origin': '*', 'Cache-Control': 'no-cache', 'ETag': 'W/"497-SqLbZMBgPEMkvvbvAynhk+91Z5o"', 'Vary': 'Accept-Encoding', 'Content-Encoding': 'gzip', 'CF-Cache-Status': 'DYNAMIC', 'Report-To': '{"endpoints":[{"url":"https:\\/\\/a.nel.cloudflare.com\\/report\\/v4?s=KnakgogmaHsX3R8a1sOBdqLpLOc5dPxZaTpsXl91M3sOXPrlaAW373PKYDMC5nFJJmwIu0BGokqnwzGMzvD87%2BNGdcsHHI46r%2FqFq7JcUYSRqK%2F9TptQ4l%2BP2lBvvJ1j"}],"group":"cf-nel","max_age":604800}', 'NEL': '{"success_fraction":0,"report_to":"cf-nel","max_age":604800}', 'Server': 'cloudflare', 'CF-RAY': '87ebd57fdec09123-ORD', 'alt-svc': 'h3=":443"; ma=86400'} 
 body={"results":[{"gender":"male","name":{"title":"Mr","first":"Elio","last":"Bernard"},"location":{"street":{"number":3242,"name":"Place de L'Abbé-Basset"},"city":"Caen","state":"Haute-Saône","country":"France","postcode":53687,"coordinates":{"latitude":"-20.7637","longitude":"-66.0670"},"timezone":{"offset":"-7:00","description":"Mountain Time (US &amp; Canada)"}},"email":"elio.bernard@example.com","login":{"uuid":"30253367-bf6b-4dcd-99c6-3e670e9b314e","username":"smallkoala323","password":"magnum","salt":"Q9yR2V2e","md5":"d1019ebb2d1a181e2de68294cc5d8b18","sha1":"477eaa4b9026867cbffa8047f9f4de4d1b28dbe8","sha256":"802a33d1c47b779618d87d0ac6614046c90c4c0c6601e6ddea35e2008e9b0159"},"dob":{"date":"1994-10-10T13:08:01.723Z","age":29},"registered":{"date":"2010-10-09T05:13:50.041Z","age":13},"phone":"01-95-72-02-92","cell":"06-99-62-91-07","id":{"name":"INSEE","value":"1940945652294 27"},"picture":{"large":"https://randomuser.me/api/portraits/men/47.jpg","medium":"https://randomuser.me/api/portraits/med/men/47.jpg","thumbnail":"https://randomuser.me/api/portraits/thumb/men/47.jpg"},"nat":"FR"}],"info":{"seed":"f2d91822d8628bfe","results":1,"page":1,"version":"1.4"}} 
 </msg>
<msg time="2024-05-04T22:12:44.178076" level="INFO">/opt/hostedtoolcache/Python/3.12.3/x64/lib/python3.12/site-packages/urllib3/connectionpool.py:1103: InsecureRequestWarning: Unverified HTTPS request is being made to host 'randomuser.me'. Adding certificate verification is strongly advised. See: https://urllib3.readthedocs.io/en/latest/advanced-usage.html#tls-warnings
  warnings.warn(</msg>
<msg time="2024-05-04T22:12:44.178197" level="INFO">${response} = &lt;Response [200]&gt;</msg>
<var>${response}</var>
<arg>consultarAPI</arg>
<arg>/api</arg>
<doc>Sends a GET request on a previously created HTTP Session.</doc>
<status status="PASS" start="2024-05-04T22:12:44.129385" elapsed="0.048852"/>
</kw>
<kw name="Set Variable" owner="BuiltIn">
<msg time="2024-05-04T22:12:44.179463" level="INFO">${json_data} = {'results': [{'gender': 'male', 'name': {'title': 'Mr', 'first': 'Elio', 'last': 'Bernard'}, 'location': {'street': {'number': 3242, 'name': "Place de L'Abbé-Basset"}, 'city': 'Caen', 'state': 'Haute-...</msg>
<var>${json_data}</var>
<arg>${response.json()}</arg>
<doc>Returns the given values which can then be assigned to a variables.</doc>
<status status="PASS" start="2024-05-04T22:12:44.178848" elapsed="0.000645"/>
</kw>
<kw name="Log" owner="BuiltIn">
<msg time="2024-05-04T22:12:44.179971" level="INFO">{'results': [{'gender': 'male', 'name': {'title': 'Mr', 'first': 'Elio', 'last': 'Bernard'}, 'location': {'street': {'number': 3242, 'name': "Place de L'Abbé-Basset"}, 'city': 'Caen', 'state': 'Haute-Saône', 'country': 'France', 'postcode': 53687, 'coordinates': {'latitude': '-20.7637', 'longitude': '-66.0670'}, 'timezone': {'offset': '-7:00', 'description': 'Mountain Time (US &amp; Canada)'}}, 'email': 'elio.bernard@example.com', 'login': {'uuid': '30253367-bf6b-4dcd-99c6-3e670e9b314e', 'username': 'smallkoala323', 'password': 'magnum', 'salt': 'Q9yR2V2e', 'md5': 'd1019ebb2d1a181e2de68294cc5d8b18', 'sha1': '477eaa4b9026867cbffa8047f9f4de4d1b28dbe8', 'sha256': '802a33d1c47b779618d87d0ac6614046c90c4c0c6601e6ddea35e2008e9b0159'}, 'dob': {'date': '1994-10-10T13:08:01.723Z', 'age': 29}, 'registered': {'date': '2010-10-09T05:13:50.041Z', 'age': 13}, 'phone': '01-95-72-02-92', 'cell': '06-99-62-91-07', 'id': {'name': 'INSEE', 'value': '1940945652294 27'}, 'picture': {'large': 'https://randomuser.me/api/portraits/men/47.jpg', 'medium': 'https://randomuser.me/api/portraits/med/men/47.jpg', 'thumbnail': 'https://randomuser.me/api/portraits/thumb/men/47.jpg'}, 'nat': 'FR'}], 'info': {'seed': 'f2d91822d8628bfe', 'results': 1, 'page': 1, 'version': '1.4'}}</msg>
<arg>${json_data}</arg>
<doc>Logs the given message with the given level.</doc>
<status status="PASS" start="2024-05-04T22:12:44.179810" elapsed="0.000251"/>
</kw>
<kw name="Should Be String" owner="String">
<arg>${json_data['results'][0]['gender']}</arg>
<doc>Fails if the given ``item`` is not a string.</doc>
<status status="PASS" start="2024-05-04T22:12:44.180365" elapsed="0.000387"/>
</kw>
<kw name="Should Match Regexp" owner="BuiltIn">
<arg>${json_data['results'][0]['email']}</arg>
<arg>^[a-zA-Z0-9._%+-]+@[a-zA-Z0-9.-]+\.[a-zA-Z]{2,}$</arg>
<doc>Fails if ``string`` does not match ``pattern`` as a regular expression.</doc>
<status status="PASS" start="2024-05-04T22:12:44.180949" elapsed="0.000514"/>
</kw>
<kw name="Should Match Regexp" owner="BuiltIn">
<arg>${json_data['results'][0]['dob']['date']}</arg>
<arg>\\d{4}-\\d{2}-\\d{2}T\\d{2}:\\d{2}:\\d{2}\\.\\d{3}Z</arg>
<doc>Fails if ``string`` does not match ``pattern`` as a regular expression.</doc>
<status status="PASS" start="2024-05-04T22:12:44.181655" elapsed="0.000491"/>
</kw>
<kw name="Should Match Regexp" owner="BuiltIn">
<arg>${json_data['results'][0]['registered']['date']}</arg>
<arg>\\d{4}-\\d{2}-\\d{2}T\\d{2}:\\d{2}:\\d{2}\\.\\d{3}Z</arg>
<doc>Fails if ``string`` does not match ``pattern`` as a regular expression.</doc>
<status status="PASS" start="2024-05-04T22:12:44.182335" elapsed="0.000371"/>
</kw>
<kw name="Should Match Regexp" owner="BuiltIn">
<arg>${json_data['results'][0]['picture']['large']}</arg>
<arg>^https?://.*\.(?:png|jpe?g|gif|bmp)$</arg>
<doc>Fails if ``string`` does not match ``pattern`` as a regular expression.</doc>
<status status="PASS" start="2024-05-04T22:12:44.182891" elapsed="0.000497"/>
</kw>
<kw name="Should Match Regexp" owner="BuiltIn">
<arg>${json_data['results'][0]['picture']['medium']}</arg>
<arg>^https?://.*\.(?:png|jpe?g|gif|bmp)$</arg>
<doc>Fails if ``string`` does not match ``pattern`` as a regular expression.</doc>
<status status="PASS" start="2024-05-04T22:12:44.183582" elapsed="0.000360"/>
</kw>
<kw name="Should Match Regexp" owner="BuiltIn">
<arg>${json_data['results'][0]['picture']['thumbnail']}</arg>
<arg>^https?://.*\.(?:png|jpe?g|gif|bmp)$</arg>
<doc>Fails if ``string`` does not match ``pattern`` as a regular expression.</doc>
<status status="PASS" start="2024-05-04T22:12:44.184133" elapsed="0.000367"/>
</kw>
<kw name="Log" owner="BuiltIn">
<msg time="2024-05-04T22:12:44.185008" level="INFO">{'large': 'https://randomuser.me/api/portraits/men/47.jpg', 'medium': 'https://randomuser.me/api/portraits/med/men/47.jpg', 'thumbnail': 'https://randomuser.me/api/portraits/thumb/men/47.jpg'}</msg>
<arg>${json_data['results'][0]['picture']}</arg>
<doc>Logs the given message with the given level.</doc>
<status status="PASS" start="2024-05-04T22:12:44.184683" elapsed="0.000367"/>
</kw>
<status status="PASS" start="2024-05-04T22:12:44.129153" elapsed="0.056155"/>
</kw>
<kw name="Teste de Tipos de Dados - Postcode" owner="random-user-service">
<kw name="GET On Session" owner="RequestsLibrary">
<msg time="2024-05-04T22:12:44.269904" level="INFO">GET Request : url=https://randomuser.me/api 
 path_url=/api 
 headers={'User-Agent': 'python-requests/2.31.0', 'Accept-Encoding': 'gzip, deflate', 'Accept': '*/*', 'Connection': 'keep-alive'} 
 body=None 
 </msg>
<msg time="2024-05-04T22:12:44.270014" level="INFO">GET Response : url=https://randomuser.me/api 
 status=200, reason=OK 
 headers={'Date': 'Sat, 04 May 2024 22:12:44 GMT', 'Content-Type': 'application/json; charset=utf-8', 'Transfer-Encoding': 'chunked', 'Connection': 'keep-alive', 'X-Powered-By': 'Express', 'Access-Control-Allow-Origin': '*', 'Cache-Control': 'no-cache', 'ETag': 'W/"476-eSyQ+4ew86qg+FSL6FiY9q7tT6s"', 'Vary': 'Accept-Encoding', 'Content-Encoding': 'gzip', 'CF-Cache-Status': 'DYNAMIC', 'Report-To': '{"endpoints":[{"url":"https:\\/\\/a.nel.cloudflare.com\\/report\\/v4?s=4xvencOB6yQtOQ6PlVLETMKTFxIXm412xFrVPNrRya6yScW%2FafqpO9kzPaAgUBtEkaJ9vWSSvCDsBlevkb00jH1fpz71PqzvM0ZNRzT01awryiNY27qAOy%2BdwDDS6C7O"}],"group":"cf-nel","max_age":604800}', 'NEL': '{"success_fraction":0,"report_to":"cf-nel","max_age":604800}', 'Server': 'cloudflare', 'CF-RAY': '87ebd5802f9e9123-ORD', 'alt-svc': 'h3=":443"; ma=86400'} 
 body={"results":[{"gender":"male","name":{"title":"Mr","first":"Henry","last":"Kroken"},"location":{"street":{"number":7602,"name":"Tyslevkroken"},"city":"Haugland","state":"Nordland","country":"Norway","postcode":"4322","coordinates":{"latitude":"40.6668","longitude":"-142.8779"},"timezone":{"offset":"+7:00","description":"Bangkok, Hanoi, Jakarta"}},"email":"henry.kroken@example.com","login":{"uuid":"57cce473-227d-4324-aa78-f6e30fd2c74a","username":"heavyleopard999","password":"parker","salt":"ikDYolrk","md5":"6faad506515afb2aea908d77152c556d","sha1":"0d9a3dbbbb7a81e9bf35c80c5f48b8f7b6076af8","sha256":"151055b151abaf980cfcea814bca92c9a45c61403491a1349e522caac01c9b0c"},"dob":{"date":"1967-06-21T10:17:48.519Z","age":56},"registered":{"date":"2020-08-18T07:34:43.289Z","age":3},"phone":"29818426","cell":"99034469","id":{"name":"FN","value":"21066729718"},"picture":{"large":"https://randomuser.me/api/portraits/men/21.jpg","medium":"https://randomuser.me/api/portraits/med/men/21.jpg","thumbnail":"https://randomuser.me/api/portraits/thumb/men/21.jpg"},"nat":"NO"}],"info":{"seed":"4ffbde7e476057bc","results":1,"page":1,"version":"1.4"}} 
 </msg>
<msg time="2024-05-04T22:12:44.270095" level="INFO">/opt/hostedtoolcache/Python/3.12.3/x64/lib/python3.12/site-packages/urllib3/connectionpool.py:1103: InsecureRequestWarning: Unverified HTTPS request is being made to host 'randomuser.me'. Adding certificate verification is strongly advised. See: https://urllib3.readthedocs.io/en/latest/advanced-usage.html#tls-warnings
  warnings.warn(</msg>
<msg time="2024-05-04T22:12:44.270221" level="INFO">${response} = &lt;Response [200]&gt;</msg>
<var>${response}</var>
<arg>consultarAPI</arg>
<arg>/api</arg>
<doc>Sends a GET request on a previously created HTTP Session.</doc>
<status status="PASS" start="2024-05-04T22:12:44.185772" elapsed="0.084491"/>
</kw>
<kw name="Set Variable" owner="BuiltIn">
<msg time="2024-05-04T22:12:44.271522" level="INFO">${json_data} = {'results': [{'gender': 'male', 'name': {'title': 'Mr', 'first': 'Henry', 'last': 'Kroken'}, 'location': {'street': {'number': 7602, 'name': 'Tyslevkroken'}, 'city': 'Haugland', 'state': 'Nordland', '...</msg>
<var>${json_data}</var>
<arg>${response.json()}</arg>
<doc>Returns the given values which can then be assigned to a variables.</doc>
<status status="PASS" start="2024-05-04T22:12:44.270885" elapsed="0.000666"/>
</kw>
<kw name="Log" owner="BuiltIn">
<msg time="2024-05-04T22:12:44.272025" level="INFO">{'results': [{'gender': 'male', 'name': {'title': 'Mr', 'first': 'Henry', 'last': 'Kroken'}, 'location': {'street': {'number': 7602, 'name': 'Tyslevkroken'}, 'city': 'Haugland', 'state': 'Nordland', 'country': 'Norway', 'postcode': '4322', 'coordinates': {'latitude': '40.6668', 'longitude': '-142.8779'}, 'timezone': {'offset': '+7:00', 'description': 'Bangkok, Hanoi, Jakarta'}}, 'email': 'henry.kroken@example.com', 'login': {'uuid': '57cce473-227d-4324-aa78-f6e30fd2c74a', 'username': 'heavyleopard999', 'password': 'parker', 'salt': 'ikDYolrk', 'md5': '6faad506515afb2aea908d77152c556d', 'sha1': '0d9a3dbbbb7a81e9bf35c80c5f48b8f7b6076af8', 'sha256': '151055b151abaf980cfcea814bca92c9a45c61403491a1349e522caac01c9b0c'}, 'dob': {'date': '1967-06-21T10:17:48.519Z', 'age': 56}, 'registered': {'date': '2020-08-18T07:34:43.289Z', 'age': 3}, 'phone': '29818426', 'cell': '99034469', 'id': {'name': 'FN', 'value': '21066729718'}, 'picture': {'large': 'https://randomuser.me/api/portraits/men/21.jpg', 'medium': 'https://randomuser.me/api/portraits/med/men/21.jpg', 'thumbnail': 'https://randomuser.me/api/portraits/thumb/men/21.jpg'}, 'nat': 'NO'}], 'info': {'seed': '4ffbde7e476057bc', 'results': 1, 'page': 1, 'version': '1.4'}}</msg>
<arg>${json_data}</arg>
<doc>Logs the given message with the given level.</doc>
<status status="PASS" start="2024-05-04T22:12:44.271867" elapsed="0.000239"/>
</kw>
<kw name="Should Be Equal As Numbers" owner="BuiltIn">
<arg>${json_data['results'][0]['location']['postcode']}</arg>
<arg>${json_data['results'][0]['location']['postcode']}</arg>
<doc>Fails if objects are unequal after converting them to real numbers.</doc>
<status status="PASS" start="2024-05-04T22:12:44.272409" elapsed="0.000818"/>
</kw>
<kw name="Log" owner="BuiltIn">
<msg time="2024-05-04T22:12:44.273758" level="INFO">4322</msg>
<arg>${json_data['results'][0]['location']['postcode']}</arg>
<doc>Logs the given message with the given level.</doc>
<status status="PASS" start="2024-05-04T22:12:44.273420" elapsed="0.000378"/>
</kw>
<status status="PASS" start="2024-05-04T22:12:44.185541" elapsed="0.088512"/>
</kw>
<doc>Testa se os tipos de dados na resposta da API estão corretos.</doc>
<tag>testeTiposDados</tag>
<status status="PASS" start="2024-05-04T22:12:44.128595" elapsed="0.145628"/>
</test>
<test id="s1-s1-t5" name="Validar conteudo" line="35">
<kw name="Teste de Tipos de Conteudo" owner="random-user-service">
<kw name="GET On Session" owner="RequestsLibrary">
<msg time="2024-05-04T22:12:44.378756" level="INFO">GET Request : url=https://randomuser.me/api 
 path_url=/api 
 headers={'User-Agent': 'python-requests/2.31.0', 'Accept-Encoding': 'gzip, deflate', 'Accept': '*/*', 'Connection': 'keep-alive'} 
 body=None 
 </msg>
<msg time="2024-05-04T22:12:44.378869" level="INFO">GET Response : url=https://randomuser.me/api 
 status=200, reason=OK 
 headers={'Date': 'Sat, 04 May 2024 22:12:44 GMT', 'Content-Type': 'application/json; charset=utf-8', 'Transfer-Encoding': 'chunked', 'Connection': 'keep-alive', 'X-Powered-By': 'Express', 'Access-Control-Allow-Origin': '*', 'Cache-Control': 'no-cache', 'ETag': 'W/"497-z/zoYpXMZrJf7INRbfsg77K7Zn4"', 'Vary': 'Accept-Encoding', 'Content-Encoding': 'gzip', 'CF-Cache-Status': 'DYNAMIC', 'Report-To': '{"endpoints":[{"url":"https:\\/\\/a.nel.cloudflare.com\\/report\\/v4?s=mLfWt7UD4Q1q6fLbIjMEYaJtroJzI0ec0NWla4jue0HtPuBdWC4fGtv%2Bb4AF1qR%2Fj%2FZAtBtTvRSuX2WhZg6hVLljZzsdKrMKpyZaWNSIrIEW2ZYODZeMWx4i00lID8Yu"}],"group":"cf-nel","max_age":604800}', 'NEL': '{"success_fraction":0,"report_to":"cf-nel","max_age":604800}', 'Server': 'cloudflare', 'CF-RAY': '87ebd580b8f09123-ORD', 'alt-svc': 'h3=":443"; ma=86400'} 
 body={"results":[{"gender":"female","name":{"title":"Ms","first":"Danielle","last":"Pohl"},"location":{"street":{"number":9720,"name":"Ringstraße"},"city":"Holzgerlingen","state":"Bremen","country":"Germany","postcode":97119,"coordinates":{"latitude":"-55.1820","longitude":"32.0835"},"timezone":{"offset":"+8:00","description":"Beijing, Perth, Singapore, Hong Kong"}},"email":"danielle.pohl@example.com","login":{"uuid":"3addfc64-feb0-4851-a3ea-f96ac5edfc29","username":"redwolf631","password":"trucks","salt":"3SaGwg4p","md5":"90eaec95b810f5bd99a140fa31e627b8","sha1":"84e2433471e7c3f683d77a607d29174289ef4c6f","sha256":"59727c083b51eb6f55e92f0af2c866e5f8a6f9b6b5ef45f97a362f4cabf8b9db"},"dob":{"date":"1968-04-11T12:25:31.627Z","age":56},"registered":{"date":"2016-01-20T11:22:39.690Z","age":8},"phone":"0388-9816839","cell":"0178-4033733","id":{"name":"SVNR","value":"21 110468 P 880"},"picture":{"large":"https://randomuser.me/api/portraits/women/75.jpg","medium":"https://randomuser.me/api/portraits/med/women/75.jpg","thumbnail":"https://randomuser.me/api/portraits/thumb/women/75.jpg"},"nat":"DE"}],"info":{"seed":"2741c3c9d791e327","results":1,"page":1,"version":"1.4"}} 
 </msg>
<msg time="2024-05-04T22:12:44.378952" level="INFO">/opt/hostedtoolcache/Python/3.12.3/x64/lib/python3.12/site-packages/urllib3/connectionpool.py:1103: InsecureRequestWarning: Unverified HTTPS request is being made to host 'randomuser.me'. Adding certificate verification is strongly advised. See: https://urllib3.readthedocs.io/en/latest/advanced-usage.html#tls-warnings
  warnings.warn(</msg>
<msg time="2024-05-04T22:12:44.379090" level="INFO">${response} = &lt;Response [200]&gt;</msg>
<var>${response}</var>
<arg>consultarAPI</arg>
<arg>/api</arg>
<doc>Sends a GET request on a previously created HTTP Session.</doc>
<status status="PASS" start="2024-05-04T22:12:44.276804" elapsed="0.102335"/>
</kw>
<kw name="Set Variable" owner="BuiltIn">
<msg time="2024-05-04T22:12:44.380391" level="INFO">${json_data} = {'results': [{'gender': 'female', 'name': {'title': 'Ms', 'first': 'Danielle', 'last': 'Pohl'}, 'location': {'street': {'number': 9720, 'name': 'Ringstraße'}, 'city': 'Holzgerlingen', 'state': 'Bremen...</msg>
<var>${json_data}</var>
<arg>${response.json()}</arg>
<doc>Returns the given values which can then be assigned to a variables.</doc>
<status status="PASS" start="2024-05-04T22:12:44.379810" elapsed="0.000610"/>
</kw>
<kw name="Set Variable" owner="BuiltIn">
<msg time="2024-05-04T22:12:44.381126" level="INFO">${name_title} = Ms</msg>
<var>${name_title}</var>
<arg>${json_data["results"][0]["name"]["title"]}</arg>
<doc>Returns the given values which can then be assigned to a variables.</doc>
<status status="PASS" start="2024-05-04T22:12:44.380737" elapsed="0.000414"/>
</kw>
<kw name="Create List" owner="BuiltIn">
<msg time="2024-05-04T22:12:44.381596" level="INFO">${allowed_titles} = ['Mr', 'Ms', 'Miss', 'Mrs', 'Madame', 'Monsieur']</msg>
<var>${allowed_titles}</var>
<arg>Mr</arg>
<arg>Ms</arg>
<arg>Miss</arg>
<arg>Mrs</arg>
<arg>Madame</arg>
<arg>Monsieur</arg>
<doc>Returns a list containing given items.</doc>
<status status="PASS" start="2024-05-04T22:12:44.381447" elapsed="0.000173"/>
</kw>
<kw name="List Should Contain Value" owner="Collections">
<msg time="2024-05-04T22:12:44.382096" level="INFO">False</msg>
<arg>${allowed_titles}</arg>
<arg>${name_title}</arg>
<doc>Fails if the ``value`` is not found from ``list``.</doc>
<status status="PASS" start="2024-05-04T22:12:44.381920" elapsed="0.000213"/>
</kw>
<kw name="Set Variable" owner="BuiltIn">
<msg time="2024-05-04T22:12:44.382808" level="INFO">${name_country} = DE</msg>
<var>${name_country}</var>
<arg>${json_data["results"][0]["nat"]}</arg>
<doc>Returns the given values which can then be assigned to a variables.</doc>
<status status="PASS" start="2024-05-04T22:12:44.382428" elapsed="0.000404"/>
</kw>
<kw name="Create List" owner="BuiltIn">
<msg time="2024-05-04T22:12:44.383746" level="INFO">${list_country} = ['AD', 'AE', 'AF', 'AG', 'AI', 'AL', 'AM', 'AO', 'AQ', 'AR', 'AS', 'AT', 'AU', 'AW', 'AX', 'AZ', 'BA', 'BB', 'BD', 'BE', 'BF', 'BG', 'BH', 'BI', 'BJ', 'BL', 'BM', 'BN', 'BO', 'BQ', 'BR', 'BS', 'BT', '...</msg>
<var>${list_country}</var>
<arg>AD</arg>
<arg>AE</arg>
<arg>AF</arg>
<arg>AG</arg>
<arg>AI</arg>
<arg>AL</arg>
<arg>AM</arg>
<arg>AO</arg>
<arg>AQ</arg>
<arg>AR</arg>
<arg>AS</arg>
<arg>AT</arg>
<arg>AU</arg>
<arg>AW</arg>
<arg>AX</arg>
<arg>AZ</arg>
<arg>BA</arg>
<arg>BB</arg>
<arg>BD</arg>
<arg>BE</arg>
<arg>BF</arg>
<arg>BG</arg>
<arg>BH</arg>
<arg>BI</arg>
<arg>BJ</arg>
<arg>BL</arg>
<arg>BM</arg>
<arg>BN</arg>
<arg>BO</arg>
<arg>BQ</arg>
<arg>BR</arg>
<arg>BS</arg>
<arg>BT</arg>
<arg>BV</arg>
<arg>BW</arg>
<arg>BY</arg>
<arg>BZ</arg>
<arg>CA</arg>
<arg>CC</arg>
<arg>CD</arg>
<arg>CF</arg>
<arg>CG</arg>
<arg>CH</arg>
<arg>CI</arg>
<arg>CK</arg>
<arg>CL</arg>
<arg>CM</arg>
<arg>CN</arg>
<arg>CO</arg>
<arg>CR</arg>
<arg>CU</arg>
<arg>CV</arg>
<arg>CW</arg>
<arg>CX</arg>
<arg>CY</arg>
<arg>CZ</arg>
<arg>DE</arg>
<arg>DJ</arg>
<arg>DK</arg>
<arg>DM</arg>
<arg>DO</arg>
<arg>DZ</arg>
<arg>EC</arg>
<arg>EE</arg>
<arg>EG</arg>
<arg>EH</arg>
<arg>ER</arg>
<arg>ES</arg>
<arg>ET</arg>
<arg>FI</arg>
<arg>FJ</arg>
<arg>FK</arg>
<arg>FM</arg>
<arg>FO</arg>
<arg>FR</arg>
<arg>GA</arg>
<arg>GB</arg>
<arg>GD</arg>
<arg>GE</arg>
<arg>GF</arg>
<arg>GG</arg>
<arg>GH</arg>
<arg>GI</arg>
<arg>GL</arg>
<arg>GM</arg>
<arg>GN</arg>
<arg>GP</arg>
<arg>GQ</arg>
<arg>GR</arg>
<arg>GS</arg>
<arg>GT</arg>
<arg>GU</arg>
<arg>GW</arg>
<arg>GY</arg>
<arg>HK</arg>
<arg>HM</arg>
<arg>HN</arg>
<arg>HR</arg>
<arg>HT</arg>
<arg>HU</arg>
<arg>ID</arg>
<arg>IE</arg>
<arg>IL</arg>
<arg>IM</arg>
<arg>IN</arg>
<arg>IO</arg>
<arg>IQ</arg>
<arg>IR</arg>
<arg>IS</arg>
<arg>IT</arg>
<arg>JE</arg>
<arg>JM</arg>
<arg>JO</arg>
<arg>JP</arg>
<arg>KE</arg>
<arg>KG</arg>
<arg>KH</arg>
<arg>KI</arg>
<arg>KM</arg>
<arg>KN</arg>
<arg>KP</arg>
<arg>KR</arg>
<arg>KW</arg>
<arg>KY</arg>
<arg>KZ</arg>
<arg>LA</arg>
<arg>LB</arg>
<arg>LC</arg>
<arg>LI</arg>
<arg>LK</arg>
<arg>LR</arg>
<arg>LS</arg>
<arg>LT</arg>
<arg>LU</arg>
<arg>LV</arg>
<arg>LY</arg>
<arg>MA</arg>
<arg>MC</arg>
<arg>MD</arg>
<arg>ME</arg>
<arg>MF</arg>
<arg>MG</arg>
<arg>MH</arg>
<arg>MK</arg>
<arg>ML</arg>
<arg>MM</arg>
<arg>MN</arg>
<arg>MO</arg>
<arg>MP</arg>
<arg>MQ</arg>
<arg>MR</arg>
<arg>MS</arg>
<arg>MT</arg>
<arg>MU</arg>
<arg>MV</arg>
<arg>MW</arg>
<arg>MX</arg>
<arg>MY</arg>
<arg>MZ</arg>
<arg>NA</arg>
<arg>NC</arg>
<arg>NE</arg>
<arg>NF</arg>
<arg>NG</arg>
<arg>NI</arg>
<arg>NL</arg>
<arg>NO</arg>
<arg>NP</arg>
<arg>NR</arg>
<arg>NU</arg>
<arg>NZ</arg>
<arg>OM</arg>
<arg>PA</arg>
<arg>PE</arg>
<arg>PF</arg>
<arg>PG</arg>
<arg>PH</arg>
<arg>PK</arg>
<arg>PL</arg>
<arg>PM</arg>
<arg>PN</arg>
<arg>PR</arg>
<arg>PS</arg>
<arg>PT</arg>
<arg>PW</arg>
<arg>PY</arg>
<arg>QA</arg>
<arg>RE</arg>
<arg>RO</arg>
<arg>RS</arg>
<arg>RU</arg>
<arg>RW</arg>
<arg>SA</arg>
<arg>SB</arg>
<arg>SC</arg>
<arg>SD</arg>
<arg>SE</arg>
<arg>SG</arg>
<arg>SH</arg>
<arg>SI</arg>
<arg>SJ</arg>
<arg>SK</arg>
<arg>SL</arg>
<arg>SM</arg>
<arg>SN</arg>
<arg>SO</arg>
<arg>SR</arg>
<arg>SS</arg>
<arg>ST</arg>
<arg>SV</arg>
<arg>SX</arg>
<arg>SY</arg>
<arg>SZ</arg>
<arg>TC</arg>
<arg>TD</arg>
<arg>TF</arg>
<arg>TG</arg>
<arg>TH</arg>
<arg>TJ</arg>
<arg>TK</arg>
<arg>TL</arg>
<arg>TM</arg>
<arg>TN</arg>
<arg>TO</arg>
<arg>TR</arg>
<arg>TT</arg>
<arg>TV</arg>
<arg>TW</arg>
<arg>TZ</arg>
<arg>UA</arg>
<arg>UG</arg>
<arg>UM</arg>
<arg>US</arg>
<arg>UY</arg>
<arg>UZ</arg>
<arg>VA</arg>
<arg>VC</arg>
<arg>VE</arg>
<arg>VG</arg>
<arg>VI</arg>
<arg>VN</arg>
<arg>VU</arg>
<arg>WF</arg>
<arg>WS</arg>
<arg>XK</arg>
<arg>YE</arg>
<arg>YT</arg>
<arg>ZA</arg>
<arg>ZM</arg>
<arg>ZW</arg>
<doc>Returns a list containing given items.</doc>
<status status="PASS" start="2024-05-04T22:12:44.383129" elapsed="0.000645"/>
</kw>
<kw name="List Should Contain Value" owner="Collections">
<msg time="2024-05-04T22:12:44.384770" level="INFO">False</msg>
<arg>${list_country}</arg>
<arg>${name_country}</arg>
<doc>Fails if the ``value`` is not found from ``list``.</doc>
<status status="PASS" start="2024-05-04T22:12:44.384569" elapsed="0.000237"/>
</kw>
<kw name="Run Keyword If" owner="BuiltIn">
<kw name="Should Be True" owner="BuiltIn">
<arg>${True}</arg>
<doc>Fails if the given condition is not true.</doc>
<status status="PASS" start="2024-05-04T22:12:44.385880" elapsed="0.000144"/>
</kw>
<arg>${json_data["results"][0]["location"]["coordinates"]["latitude"]} &gt;= -90 and ${json_data["results"][0]["location"]["coordinates"]["latitude"]} &lt;= 90</arg>
<arg>Should Be True</arg>
<arg>${True}</arg>
<doc>Runs the given keyword with the given arguments, if ``condition`` is true.</doc>
<status status="PASS" start="2024-05-04T22:12:44.385115" elapsed="0.001042"/>
</kw>
<kw name="Run Keyword If" owner="BuiltIn">
<kw name="Should Be True" owner="BuiltIn">
<arg>${True}</arg>
<doc>Fails if the given condition is not true.</doc>
<status status="PASS" start="2024-05-04T22:12:44.387058" elapsed="0.000316"/>
</kw>
<arg>${json_data["results"][0]["location"]["coordinates"]["longitude"]} &gt;= -180 and ${json_data["results"][0]["location"]["coordinates"]["longitude"]} &lt;= 180</arg>
<arg>Should Be True</arg>
<arg>${True}</arg>
<doc>Runs the given keyword with the given arguments, if ``condition`` is true.</doc>
<status status="PASS" start="2024-05-04T22:12:44.386351" elapsed="0.001159"/>
</kw>
<status status="PASS" start="2024-05-04T22:12:44.276571" elapsed="0.111077"/>
</kw>
<doc>Testa o conteúdo específico dos campos retornados pela API.</doc>
<tag>testeConteudo</tag>
<status status="PASS" start="2024-05-04T22:12:44.276024" elapsed="0.111777"/>
</test>
<status status="PASS" start="2024-05-04T22:12:43.562284" elapsed="0.827514"/>
</suite>
<status status="PASS" start="2024-05-04T22:12:43.548734" elapsed="0.846324"/>
</suite>
<statistics>
<total>
<stat pass="5" fail="0" skip="0">All Tests</stat>
</total>
<tag>
<stat pass="1" fail="0" skip="0">testeConteudo</stat>
<stat pass="1" fail="0" skip="0">testeEstruturaResposta</stat>
<stat pass="1" fail="0" skip="0">testeRequisicaoBasica</stat>
<stat pass="1" fail="0" skip="0">testeTiposDados</stat>
</tag>
<suite>
<stat pass="5" fail="0" skip="0" id="s1" name="Tests">Tests</stat>
<stat pass="5" fail="0" skip="0" id="s1-s1" name="Random-User-Test">Tests.Random-User-Test</stat>
</suite>
</statistics>
<errors>
</errors>
</robot>
