<?xml version="1.0" encoding="UTF-8"?>
<robot generator="Robot 7.0 (Python 3.12.2 on linux)" generated="2024-04-11T07:14:01.782117" rpa="false" schemaversion="5">
<suite id="s1" name="Tests" source="/home/runner/work/DesafioQAItauRogerioJordao/DesafioQAItauRogerioJordao/RamdonUser/tests">
<suite id="s1-s1" name="Random-User-Test" source="/home/runner/work/DesafioQAItauRogerioJordao/DesafioQAItauRogerioJordao/RamdonUser/tests/random-user-test.robot">
<test id="s1-s1-t1" name="Conectar" line="13">
<kw name="Conectar API" owner="random-user-service">
<kw name="Create Session" owner="RequestsLibrary">
<msg time="2024-04-11T07:14:02.148198" level="INFO">Creating Session using : alias=consultarAPI, url=https://randomuser.me/, headers={},                     cookies={}, auth=None, timeout=None, proxies=None, verify=False,                     debug=0 </msg>
<arg>consultarAPI</arg>
<arg>${URL}</arg>
<doc>Create Session: create a HTTP session to a server</doc>
<status status="PASS" start="2024-04-11T07:14:02.147985" elapsed="0.000403"/>
</kw>
<status status="PASS" start="2024-04-11T07:14:02.146874" elapsed="0.001889"/>
</kw>
<status status="PASS" start="2024-04-11T07:14:02.146284" elapsed="0.002690"/>
</test>
<test id="s1-s1-t2" name="Validar retorno 200 e JSON Válido" line="16">
<kw name="Teste de Requisicao Basica" owner="random-user-service">
<kw name="GET On Session" owner="RequestsLibrary">
<msg time="2024-04-11T07:14:02.275485" level="INFO">GET Request : url=https://randomuser.me/api 
 path_url=/api 
 headers={'User-Agent': 'python-requests/2.31.0', 'Accept-Encoding': 'gzip, deflate', 'Accept': '*/*', 'Connection': 'keep-alive'} 
 body=None 
 </msg>
<msg time="2024-04-11T07:14:02.275657" level="INFO">GET Response : url=https://randomuser.me/api 
 status=200, reason=OK 
 headers={'Date': 'Thu, 11 Apr 2024 07:14:02 GMT', 'Content-Type': 'application/json; charset=utf-8', 'Transfer-Encoding': 'chunked', 'Connection': 'keep-alive', 'X-Powered-By': 'Express', 'Access-Control-Allow-Origin': '*', 'Cache-Control': 'no-cache', 'ETag': 'W/"48f-gh0ltoMtT8UqcwbvuM8OOXfixQc"', 'Vary': 'Accept-Encoding', 'Content-Encoding': 'gzip', 'CF-Cache-Status': 'DYNAMIC', 'Report-To': '{"endpoints":[{"url":"https:\\/\\/a.nel.cloudflare.com\\/report\\/v4?s=si76ml0gBVYidMbylOTZUOVdW54%2FqEzEJql%2Bjs7DsjErsJ7YGEVrgG1wa48Calv5mqEkJip21yAHcMHpKC8zAm%2BO4BG0mClqNA1H79zAOIy5RM5OSXx7mcQO6EiVvjLU"}],"group":"cf-nel","max_age":604800}', 'NEL': '{"success_fraction":0,"report_to":"cf-nel","max_age":604800}', 'Server': 'cloudflare', 'CF-RAY': '87292d6baf8ecf49-SJC', 'alt-svc': 'h3=":443"; ma=86400'} 
 body={"results":[{"gender":"female","name":{"title":"Ms","first":"Brittany","last":"Phillips"},"location":{"street":{"number":5226,"name":"Poplar Dr"},"city":"Virginia Beach","state":"Michigan","country":"United States","postcode":69362,"coordinates":{"latitude":"89.7829","longitude":"147.4547"},"timezone":{"offset":"-10:00","description":"Hawaii"}},"email":"brittany.phillips@example.com","login":{"uuid":"2be18af6-ad54-4aad-8fa2-4fe8785c2e4e","username":"blackelephant954","password":"online","salt":"1urOPYa0","md5":"c33facb3d0963cd7f2ae9222349976f9","sha1":"45d9f68aa09555bb526ee75339d5246cb5738544","sha256":"2b0c7306b131bf4c2c9fb147fe82da14e3e065ac18e917e74f267ac856befcdc"},"dob":{"date":"1995-02-22T11:31:20.529Z","age":29},"registered":{"date":"2012-07-09T11:34:04.644Z","age":11},"phone":"(637) 392-9824","cell":"(571) 539-9413","id":{"name":"SSN","value":"726-30-9884"},"picture":{"large":"https://randomuser.me/api/portraits/women/48.jpg","medium":"https://randomuser.me/api/portraits/med/women/48.jpg","thumbnail":"https://randomuser.me/api/portraits/thumb/women/48.jpg"},"nat":"US"}],"info":{"seed":"e3add582290d34c6","results":1,"page":1,"version":"1.4"}} 
 </msg>
<msg time="2024-04-11T07:14:02.275749" level="INFO">/opt/hostedtoolcache/Python/3.12.2/x64/lib/python3.12/site-packages/urllib3/connectionpool.py:1103: InsecureRequestWarning: Unverified HTTPS request is being made to host 'randomuser.me'. Adding certificate verification is strongly advised. See: https://urllib3.readthedocs.io/en/latest/advanced-usage.html#tls-warnings
  warnings.warn(</msg>
<msg time="2024-04-11T07:14:02.275928" level="INFO">${response} = &lt;Response [200]&gt;</msg>
<var>${response}</var>
<arg>consultarAPI</arg>
<arg>/api</arg>
<doc>Sends a GET request on a previously created HTTP Session.</doc>
<status status="PASS" start="2024-04-11T07:14:02.151551" elapsed="0.124420"/>
</kw>
<kw name="Should Be Equal As Numbers" owner="BuiltIn">
<msg time="2024-04-11T07:14:02.277134" level="INFO">Argument types are:
&lt;class 'int'&gt;
&lt;class 'str'&gt;</msg>
<arg>${response.status_code}</arg>
<arg>200</arg>
<doc>Fails if objects are unequal after converting them to real numbers.</doc>
<status status="PASS" start="2024-04-11T07:14:02.276653" elapsed="0.000547"/>
</kw>
<kw name="Log" owner="BuiltIn">
<msg time="2024-04-11T07:14:02.277883" level="INFO">200</msg>
<arg>${response.status_code}</arg>
<doc>Logs the given message with the given level.</doc>
<status status="PASS" start="2024-04-11T07:14:02.277530" elapsed="0.000396"/>
</kw>
<kw name="Set Variable" owner="BuiltIn">
<msg time="2024-04-11T07:14:02.278702" level="INFO">${json_data} = {'results': [{'gender': 'female', 'name': {'title': 'Ms', 'first': 'Brittany', 'last': 'Phillips'}, 'location': {'street': {'number': 5226, 'name': 'Poplar Dr'}, 'city': 'Virginia Beach', 'state': 'Mi...</msg>
<var>${json_data}</var>
<arg>${response.json()}</arg>
<doc>Returns the given values which can then be assigned to a variables.</doc>
<status status="PASS" start="2024-04-11T07:14:02.278268" elapsed="0.000461"/>
</kw>
<kw name="Dictionary Should Contain Key" owner="Collections">
<msg time="2024-04-11T07:14:02.279203" level="INFO">False</msg>
<arg>${json_data}</arg>
<arg>results</arg>
<doc>Fails if ``key`` is not found from ``dictionary``.</doc>
<status status="PASS" start="2024-04-11T07:14:02.279033" elapsed="0.000209"/>
</kw>
<status status="PASS" start="2024-04-11T07:14:02.151295" elapsed="0.128210"/>
</kw>
<doc>Testa se a API responde corretamente e retorna um objeto JSON válido.</doc>
<tag>testeRequisicaoBasica</tag>
<status status="PASS" start="2024-04-11T07:14:02.150822" elapsed="0.128873"/>
</test>
<test id="s1-s1-t3" name="Validar estrutura de resposta" line="22">
<kw name="Teste de Estrutura de Resposta" owner="random-user-service">
<kw name="GET On Session" owner="RequestsLibrary">
<msg time="2024-04-11T07:14:02.373826" level="INFO">GET Request : url=https://randomuser.me/api 
 path_url=/api 
 headers={'User-Agent': 'python-requests/2.31.0', 'Accept-Encoding': 'gzip, deflate', 'Accept': '*/*', 'Connection': 'keep-alive'} 
 body=None 
 </msg>
<msg time="2024-04-11T07:14:02.373934" level="INFO">GET Response : url=https://randomuser.me/api 
 status=200, reason=OK 
 headers={'Date': 'Thu, 11 Apr 2024 07:14:02 GMT', 'Content-Type': 'application/json; charset=utf-8', 'Transfer-Encoding': 'chunked', 'Connection': 'keep-alive', 'X-Powered-By': 'Express', 'Access-Control-Allow-Origin': '*', 'Cache-Control': 'no-cache', 'ETag': 'W/"48e-osgLSaBMS4IzolLeDXaL5jNOCcw"', 'Vary': 'Accept-Encoding', 'Content-Encoding': 'gzip', 'CF-Cache-Status': 'DYNAMIC', 'Report-To': '{"endpoints":[{"url":"https:\\/\\/a.nel.cloudflare.com\\/report\\/v4?s=g8C01PlUsGGNeT3WQeLjsZBFqyMp%2BMGKFKe44nG%2F%2F0lHTs6l89rYVaXsyPt1WIRxSib7Eswdsa8zY4qP72vwKwTE%2FtVeAT3yXfyINONM0FDhp2TzE8fSnOW3dMg2INey"}],"group":"cf-nel","max_age":604800}', 'NEL': '{"success_fraction":0,"report_to":"cf-nel","max_age":604800}', 'Server': 'cloudflare', 'CF-RAY': '87292d6c481ccf49-SJC', 'alt-svc': 'h3=":443"; ma=86400'} 
 body={"results":[{"gender":"female","name":{"title":"Mrs","first":"Fedoua","last":"Haasjes"},"location":{"street":{"number":6937,"name":"Karwijhof"},"city":"Zijderveld","state":"Gelderland","country":"Netherlands","postcode":"8255 TY","coordinates":{"latitude":"30.5077","longitude":"146.7122"},"timezone":{"offset":"+6:00","description":"Almaty, Dhaka, Colombo"}},"email":"fedoua.haasjes@example.com","login":{"uuid":"448cbef4-3d99-4da3-b9cb-cb9a29e2a516","username":"redrabbit739","password":"royal","salt":"2KKYNn9L","md5":"3fe8a144d76b1f554f28bb2a5c364c2d","sha1":"46b0c6569b3359245c5918804c14a14003151664","sha256":"eb23b8543c7139504358ec3ca8fee80e7972f76e9eacfa79adcd2974357c22f0"},"dob":{"date":"1977-07-30T05:26:34.512Z","age":46},"registered":{"date":"2015-01-03T20:18:41.069Z","age":9},"phone":"(0502) 255881","cell":"(06) 34582785","id":{"name":"BSN","value":"11331557"},"picture":{"large":"https://randomuser.me/api/portraits/women/15.jpg","medium":"https://randomuser.me/api/portraits/med/women/15.jpg","thumbnail":"https://randomuser.me/api/portraits/thumb/women/15.jpg"},"nat":"NL"}],"info":{"seed":"173674a95bbe8b56","results":1,"page":1,"version":"1.4"}} 
 </msg>
<msg time="2024-04-11T07:14:02.374087" level="INFO">/opt/hostedtoolcache/Python/3.12.2/x64/lib/python3.12/site-packages/urllib3/connectionpool.py:1103: InsecureRequestWarning: Unverified HTTPS request is being made to host 'randomuser.me'. Adding certificate verification is strongly advised. See: https://urllib3.readthedocs.io/en/latest/advanced-usage.html#tls-warnings
  warnings.warn(</msg>
<msg time="2024-04-11T07:14:02.374245" level="INFO">${response} = &lt;Response [200]&gt;</msg>
<var>${response}</var>
<arg>consultarAPI</arg>
<arg>/api</arg>
<doc>Sends a GET request on a previously created HTTP Session.</doc>
<status status="PASS" start="2024-04-11T07:14:02.282573" elapsed="0.091713"/>
</kw>
<kw name="Set Variable" owner="BuiltIn">
<msg time="2024-04-11T07:14:02.375346" level="INFO">${json_data} = {'results': [{'gender': 'female', 'name': {'title': 'Mrs', 'first': 'Fedoua', 'last': 'Haasjes'}, 'location': {'street': {'number': 6937, 'name': 'Karwijhof'}, 'city': 'Zijderveld', 'state': 'Gelderla...</msg>
<var>${json_data}</var>
<arg>${response.json()}</arg>
<doc>Returns the given values which can then be assigned to a variables.</doc>
<status status="PASS" start="2024-04-11T07:14:02.374816" elapsed="0.000560"/>
</kw>
<kw name="Log" owner="BuiltIn">
<msg time="2024-04-11T07:14:02.375867" level="INFO">{'results': [{'gender': 'female', 'name': {'title': 'Mrs', 'first': 'Fedoua', 'last': 'Haasjes'}, 'location': {'street': {'number': 6937, 'name': 'Karwijhof'}, 'city': 'Zijderveld', 'state': 'Gelderland', 'country': 'Netherlands', 'postcode': '8255 TY', 'coordinates': {'latitude': '30.5077', 'longitude': '146.7122'}, 'timezone': {'offset': '+6:00', 'description': 'Almaty, Dhaka, Colombo'}}, 'email': 'fedoua.haasjes@example.com', 'login': {'uuid': '448cbef4-3d99-4da3-b9cb-cb9a29e2a516', 'username': 'redrabbit739', 'password': 'royal', 'salt': '2KKYNn9L', 'md5': '3fe8a144d76b1f554f28bb2a5c364c2d', 'sha1': '46b0c6569b3359245c5918804c14a14003151664', 'sha256': 'eb23b8543c7139504358ec3ca8fee80e7972f76e9eacfa79adcd2974357c22f0'}, 'dob': {'date': '1977-07-30T05:26:34.512Z', 'age': 46}, 'registered': {'date': '2015-01-03T20:18:41.069Z', 'age': 9}, 'phone': '(0502) 255881', 'cell': '(06) 34582785', 'id': {'name': 'BSN', 'value': '11331557'}, 'picture': {'large': 'https://randomuser.me/api/portraits/women/15.jpg', 'medium': 'https://randomuser.me/api/portraits/med/women/15.jpg', 'thumbnail': 'https://randomuser.me/api/portraits/thumb/women/15.jpg'}, 'nat': 'NL'}], 'info': {'seed': '173674a95bbe8b56', 'results': 1, 'page': 1, 'version': '1.4'}}</msg>
<arg>${json_data}</arg>
<doc>Logs the given message with the given level.</doc>
<status status="PASS" start="2024-04-11T07:14:02.375701" elapsed="0.000251"/>
</kw>
<kw name="Dictionary Should Contain Key" owner="Collections">
<msg time="2024-04-11T07:14:02.376430" level="INFO">False</msg>
<arg>${json_data}</arg>
<arg>results</arg>
<doc>Fails if ``key`` is not found from ``dictionary``.</doc>
<status status="PASS" start="2024-04-11T07:14:02.376264" elapsed="0.000205"/>
</kw>
<kw name="Should Not Be Empty" owner="BuiltIn">
<msg time="2024-04-11T07:14:02.376912" level="INFO">Length is 2.</msg>
<arg>${json_data}</arg>
<doc>Verifies that the given item is not empty.</doc>
<status status="PASS" start="2024-04-11T07:14:02.376774" elapsed="0.000177"/>
</kw>
<kw name="Create List" owner="BuiltIn">
<msg time="2024-04-11T07:14:02.377425" level="INFO">${expected_keys} = ['gender', 'name', 'location', 'email', 'login']</msg>
<var>${expected_keys}</var>
<arg>gender</arg>
<arg>name</arg>
<arg>location</arg>
<arg>email</arg>
<arg>login</arg>
<doc>Returns a list containing given items.</doc>
<status status="PASS" start="2024-04-11T07:14:02.377256" elapsed="0.000193"/>
</kw>
<for flavor="IN">
<iter>
<kw name="Dictionary Should Contain Key" owner="Collections">
<msg time="2024-04-11T07:14:02.378455" level="INFO">False</msg>
<arg>${json_data['results'][0]}</arg>
<arg>${key}</arg>
<doc>Fails if ``key`` is not found from ``dictionary``.</doc>
<status status="PASS" start="2024-04-11T07:14:02.378048" elapsed="0.000448"/>
</kw>
<kw name="Log" owner="BuiltIn">
<msg time="2024-04-11T07:14:02.379182" level="INFO">{'gender': 'female', 'name': {'title': 'Mrs', 'first': 'Fedoua', 'last': 'Haasjes'}, 'location': {'street': {'number': 6937, 'name': 'Karwijhof'}, 'city': 'Zijderveld', 'state': 'Gelderland', 'country': 'Netherlands', 'postcode': '8255 TY', 'coordinates': {'latitude': '30.5077', 'longitude': '146.7122'}, 'timezone': {'offset': '+6:00', 'description': 'Almaty, Dhaka, Colombo'}}, 'email': 'fedoua.haasjes@example.com', 'login': {'uuid': '448cbef4-3d99-4da3-b9cb-cb9a29e2a516', 'username': 'redrabbit739', 'password': 'royal', 'salt': '2KKYNn9L', 'md5': '3fe8a144d76b1f554f28bb2a5c364c2d', 'sha1': '46b0c6569b3359245c5918804c14a14003151664', 'sha256': 'eb23b8543c7139504358ec3ca8fee80e7972f76e9eacfa79adcd2974357c22f0'}, 'dob': {'date': '1977-07-30T05:26:34.512Z', 'age': 46}, 'registered': {'date': '2015-01-03T20:18:41.069Z', 'age': 9}, 'phone': '(0502) 255881', 'cell': '(06) 34582785', 'id': {'name': 'BSN', 'value': '11331557'}, 'picture': {'large': 'https://randomuser.me/api/portraits/women/15.jpg', 'medium': 'https://randomuser.me/api/portraits/med/women/15.jpg', 'thumbnail': 'https://randomuser.me/api/portraits/thumb/women/15.jpg'}, 'nat': 'NL'}</msg>
<arg>${json_data['results'][0]}</arg>
<doc>Logs the given message with the given level.</doc>
<status status="PASS" start="2024-04-11T07:14:02.378810" elapsed="0.000423"/>
</kw>
<kw name="Log" owner="BuiltIn">
<msg time="2024-04-11T07:14:02.379673" level="INFO">gender</msg>
<arg>${key}</arg>
<doc>Logs the given message with the given level.</doc>
<status status="PASS" start="2024-04-11T07:14:02.379540" elapsed="0.000172"/>
</kw>
<var name="${key}">gender</var>
<status status="PASS" start="2024-04-11T07:14:02.377922" elapsed="0.002040"/>
</iter>
<iter>
<kw name="Dictionary Should Contain Key" owner="Collections">
<msg time="2024-04-11T07:14:02.380663" level="INFO">False</msg>
<arg>${json_data['results'][0]}</arg>
<arg>${key}</arg>
<doc>Fails if ``key`` is not found from ``dictionary``.</doc>
<status status="PASS" start="2024-04-11T07:14:02.380273" elapsed="0.000429"/>
</kw>
<kw name="Log" owner="BuiltIn">
<msg time="2024-04-11T07:14:02.381401" level="INFO">{'gender': 'female', 'name': {'title': 'Mrs', 'first': 'Fedoua', 'last': 'Haasjes'}, 'location': {'street': {'number': 6937, 'name': 'Karwijhof'}, 'city': 'Zijderveld', 'state': 'Gelderland', 'country': 'Netherlands', 'postcode': '8255 TY', 'coordinates': {'latitude': '30.5077', 'longitude': '146.7122'}, 'timezone': {'offset': '+6:00', 'description': 'Almaty, Dhaka, Colombo'}}, 'email': 'fedoua.haasjes@example.com', 'login': {'uuid': '448cbef4-3d99-4da3-b9cb-cb9a29e2a516', 'username': 'redrabbit739', 'password': 'royal', 'salt': '2KKYNn9L', 'md5': '3fe8a144d76b1f554f28bb2a5c364c2d', 'sha1': '46b0c6569b3359245c5918804c14a14003151664', 'sha256': 'eb23b8543c7139504358ec3ca8fee80e7972f76e9eacfa79adcd2974357c22f0'}, 'dob': {'date': '1977-07-30T05:26:34.512Z', 'age': 46}, 'registered': {'date': '2015-01-03T20:18:41.069Z', 'age': 9}, 'phone': '(0502) 255881', 'cell': '(06) 34582785', 'id': {'name': 'BSN', 'value': '11331557'}, 'picture': {'large': 'https://randomuser.me/api/portraits/women/15.jpg', 'medium': 'https://randomuser.me/api/portraits/med/women/15.jpg', 'thumbnail': 'https://randomuser.me/api/portraits/thumb/women/15.jpg'}, 'nat': 'NL'}</msg>
<arg>${json_data['results'][0]}</arg>
<doc>Logs the given message with the given level.</doc>
<status status="PASS" start="2024-04-11T07:14:02.381037" elapsed="0.000411"/>
</kw>
<kw name="Log" owner="BuiltIn">
<msg time="2024-04-11T07:14:02.381879" level="INFO">name</msg>
<arg>${key}</arg>
<doc>Logs the given message with the given level.</doc>
<status status="PASS" start="2024-04-11T07:14:02.381749" elapsed="0.000169"/>
</kw>
<var name="${key}">name</var>
<status status="PASS" start="2024-04-11T07:14:02.380156" elapsed="0.001981"/>
</iter>
<iter>
<kw name="Dictionary Should Contain Key" owner="Collections">
<msg time="2024-04-11T07:14:02.382815" level="INFO">False</msg>
<arg>${json_data['results'][0]}</arg>
<arg>${key}</arg>
<doc>Fails if ``key`` is not found from ``dictionary``.</doc>
<status status="PASS" start="2024-04-11T07:14:02.382431" elapsed="0.000423"/>
</kw>
<kw name="Log" owner="BuiltIn">
<msg time="2024-04-11T07:14:02.383524" level="INFO">{'gender': 'female', 'name': {'title': 'Mrs', 'first': 'Fedoua', 'last': 'Haasjes'}, 'location': {'street': {'number': 6937, 'name': 'Karwijhof'}, 'city': 'Zijderveld', 'state': 'Gelderland', 'country': 'Netherlands', 'postcode': '8255 TY', 'coordinates': {'latitude': '30.5077', 'longitude': '146.7122'}, 'timezone': {'offset': '+6:00', 'description': 'Almaty, Dhaka, Colombo'}}, 'email': 'fedoua.haasjes@example.com', 'login': {'uuid': '448cbef4-3d99-4da3-b9cb-cb9a29e2a516', 'username': 'redrabbit739', 'password': 'royal', 'salt': '2KKYNn9L', 'md5': '3fe8a144d76b1f554f28bb2a5c364c2d', 'sha1': '46b0c6569b3359245c5918804c14a14003151664', 'sha256': 'eb23b8543c7139504358ec3ca8fee80e7972f76e9eacfa79adcd2974357c22f0'}, 'dob': {'date': '1977-07-30T05:26:34.512Z', 'age': 46}, 'registered': {'date': '2015-01-03T20:18:41.069Z', 'age': 9}, 'phone': '(0502) 255881', 'cell': '(06) 34582785', 'id': {'name': 'BSN', 'value': '11331557'}, 'picture': {'large': 'https://randomuser.me/api/portraits/women/15.jpg', 'medium': 'https://randomuser.me/api/portraits/med/women/15.jpg', 'thumbnail': 'https://randomuser.me/api/portraits/thumb/women/15.jpg'}, 'nat': 'NL'}</msg>
<arg>${json_data['results'][0]}</arg>
<doc>Logs the given message with the given level.</doc>
<status status="PASS" start="2024-04-11T07:14:02.383159" elapsed="0.000418"/>
</kw>
<kw name="Log" owner="BuiltIn">
<msg time="2024-04-11T07:14:02.384039" level="INFO">location</msg>
<arg>${key}</arg>
<doc>Logs the given message with the given level.</doc>
<status status="PASS" start="2024-04-11T07:14:02.383872" elapsed="0.000206"/>
</kw>
<var name="${key}">location</var>
<status status="PASS" start="2024-04-11T07:14:02.382318" elapsed="0.001981"/>
</iter>
<iter>
<kw name="Dictionary Should Contain Key" owner="Collections">
<msg time="2024-04-11T07:14:02.384967" level="INFO">False</msg>
<arg>${json_data['results'][0]}</arg>
<arg>${key}</arg>
<doc>Fails if ``key`` is not found from ``dictionary``.</doc>
<status status="PASS" start="2024-04-11T07:14:02.384586" elapsed="0.000419"/>
</kw>
<kw name="Log" owner="BuiltIn">
<msg time="2024-04-11T07:14:02.385661" level="INFO">{'gender': 'female', 'name': {'title': 'Mrs', 'first': 'Fedoua', 'last': 'Haasjes'}, 'location': {'street': {'number': 6937, 'name': 'Karwijhof'}, 'city': 'Zijderveld', 'state': 'Gelderland', 'country': 'Netherlands', 'postcode': '8255 TY', 'coordinates': {'latitude': '30.5077', 'longitude': '146.7122'}, 'timezone': {'offset': '+6:00', 'description': 'Almaty, Dhaka, Colombo'}}, 'email': 'fedoua.haasjes@example.com', 'login': {'uuid': '448cbef4-3d99-4da3-b9cb-cb9a29e2a516', 'username': 'redrabbit739', 'password': 'royal', 'salt': '2KKYNn9L', 'md5': '3fe8a144d76b1f554f28bb2a5c364c2d', 'sha1': '46b0c6569b3359245c5918804c14a14003151664', 'sha256': 'eb23b8543c7139504358ec3ca8fee80e7972f76e9eacfa79adcd2974357c22f0'}, 'dob': {'date': '1977-07-30T05:26:34.512Z', 'age': 46}, 'registered': {'date': '2015-01-03T20:18:41.069Z', 'age': 9}, 'phone': '(0502) 255881', 'cell': '(06) 34582785', 'id': {'name': 'BSN', 'value': '11331557'}, 'picture': {'large': 'https://randomuser.me/api/portraits/women/15.jpg', 'medium': 'https://randomuser.me/api/portraits/med/women/15.jpg', 'thumbnail': 'https://randomuser.me/api/portraits/thumb/women/15.jpg'}, 'nat': 'NL'}</msg>
<arg>${json_data['results'][0]}</arg>
<doc>Logs the given message with the given level.</doc>
<status status="PASS" start="2024-04-11T07:14:02.385304" elapsed="0.000407"/>
</kw>
<kw name="Log" owner="BuiltIn">
<msg time="2024-04-11T07:14:02.386145" level="INFO">email</msg>
<arg>${key}</arg>
<doc>Logs the given message with the given level.</doc>
<status status="PASS" start="2024-04-11T07:14:02.386013" elapsed="0.000171"/>
</kw>
<var name="${key}">email</var>
<status status="PASS" start="2024-04-11T07:14:02.384475" elapsed="0.001931"/>
</iter>
<iter>
<kw name="Dictionary Should Contain Key" owner="Collections">
<msg time="2024-04-11T07:14:02.387075" level="INFO">False</msg>
<arg>${json_data['results'][0]}</arg>
<arg>${key}</arg>
<doc>Fails if ``key`` is not found from ``dictionary``.</doc>
<status status="PASS" start="2024-04-11T07:14:02.386692" elapsed="0.000420"/>
</kw>
<kw name="Log" owner="BuiltIn">
<msg time="2024-04-11T07:14:02.387779" level="INFO">{'gender': 'female', 'name': {'title': 'Mrs', 'first': 'Fedoua', 'last': 'Haasjes'}, 'location': {'street': {'number': 6937, 'name': 'Karwijhof'}, 'city': 'Zijderveld', 'state': 'Gelderland', 'country': 'Netherlands', 'postcode': '8255 TY', 'coordinates': {'latitude': '30.5077', 'longitude': '146.7122'}, 'timezone': {'offset': '+6:00', 'description': 'Almaty, Dhaka, Colombo'}}, 'email': 'fedoua.haasjes@example.com', 'login': {'uuid': '448cbef4-3d99-4da3-b9cb-cb9a29e2a516', 'username': 'redrabbit739', 'password': 'royal', 'salt': '2KKYNn9L', 'md5': '3fe8a144d76b1f554f28bb2a5c364c2d', 'sha1': '46b0c6569b3359245c5918804c14a14003151664', 'sha256': 'eb23b8543c7139504358ec3ca8fee80e7972f76e9eacfa79adcd2974357c22f0'}, 'dob': {'date': '1977-07-30T05:26:34.512Z', 'age': 46}, 'registered': {'date': '2015-01-03T20:18:41.069Z', 'age': 9}, 'phone': '(0502) 255881', 'cell': '(06) 34582785', 'id': {'name': 'BSN', 'value': '11331557'}, 'picture': {'large': 'https://randomuser.me/api/portraits/women/15.jpg', 'medium': 'https://randomuser.me/api/portraits/med/women/15.jpg', 'thumbnail': 'https://randomuser.me/api/portraits/thumb/women/15.jpg'}, 'nat': 'NL'}</msg>
<arg>${json_data['results'][0]}</arg>
<doc>Logs the given message with the given level.</doc>
<status status="PASS" start="2024-04-11T07:14:02.387406" elapsed="0.000420"/>
</kw>
<kw name="Log" owner="BuiltIn">
<msg time="2024-04-11T07:14:02.388292" level="INFO">login</msg>
<arg>${key}</arg>
<doc>Logs the given message with the given level.</doc>
<status status="PASS" start="2024-04-11T07:14:02.388160" elapsed="0.000171"/>
</kw>
<var name="${key}">login</var>
<status status="PASS" start="2024-04-11T07:14:02.386580" elapsed="0.001997"/>
</iter>
<var>${key}</var>
<value>@{expected_keys}</value>
<status status="PASS" start="2024-04-11T07:14:02.377720" elapsed="0.010991"/>
</for>
<kw name="Create List" owner="BuiltIn">
<msg time="2024-04-11T07:14:02.389056" level="INFO">${expected_keysTwo} = ['username', 'password']</msg>
<var>${expected_keysTwo}</var>
<arg>username</arg>
<arg>password</arg>
<doc>Returns a list containing given items.</doc>
<status status="PASS" start="2024-04-11T07:14:02.388913" elapsed="0.000166"/>
</kw>
<for flavor="IN">
<iter>
<kw name="Dictionary Should Contain Key" owner="Collections">
<msg time="2024-04-11T07:14:02.390137" level="INFO">False</msg>
<arg>${json_data['results'][0]['login']}</arg>
<arg>${keyTwo}</arg>
<doc>Fails if ``key`` is not found from ``dictionary``.</doc>
<status status="PASS" start="2024-04-11T07:14:02.389729" elapsed="0.000447"/>
</kw>
<kw name="Dictionary Should Contain Key" owner="Collections">
<msg time="2024-04-11T07:14:02.390857" level="INFO">False</msg>
<arg>${json_data['results'][0]['login']}</arg>
<arg>${keyTwo}</arg>
<doc>Fails if ``key`` is not found from ``dictionary``.</doc>
<status status="PASS" start="2024-04-11T07:14:02.390478" elapsed="0.000417"/>
</kw>
<kw name="Log" owner="BuiltIn">
<msg time="2024-04-11T07:14:02.391323" level="INFO">username</msg>
<arg>${keyTwo}</arg>
<doc>Logs the given message with the given level.</doc>
<status status="PASS" start="2024-04-11T07:14:02.391192" elapsed="0.000168"/>
</kw>
<var name="${keyTwo}">username</var>
<status status="PASS" start="2024-04-11T07:14:02.389613" elapsed="0.001966"/>
</iter>
<iter>
<kw name="Dictionary Should Contain Key" owner="Collections">
<msg time="2024-04-11T07:14:02.392281" level="INFO">False</msg>
<arg>${json_data['results'][0]['login']}</arg>
<arg>${keyTwo}</arg>
<doc>Fails if ``key`` is not found from ``dictionary``.</doc>
<status status="PASS" start="2024-04-11T07:14:02.391863" elapsed="0.000457"/>
</kw>
<kw name="Dictionary Should Contain Key" owner="Collections">
<msg time="2024-04-11T07:14:02.393006" level="INFO">False</msg>
<arg>${json_data['results'][0]['login']}</arg>
<arg>${keyTwo}</arg>
<doc>Fails if ``key`` is not found from ``dictionary``.</doc>
<status status="PASS" start="2024-04-11T07:14:02.392619" elapsed="0.000424"/>
</kw>
<kw name="Log" owner="BuiltIn">
<msg time="2024-04-11T07:14:02.393467" level="INFO">password</msg>
<arg>${keyTwo}</arg>
<doc>Logs the given message with the given level.</doc>
<status status="PASS" start="2024-04-11T07:14:02.393338" elapsed="0.000168"/>
</kw>
<var name="${keyTwo}">password</var>
<status status="PASS" start="2024-04-11T07:14:02.391753" elapsed="0.001973"/>
</iter>
<var>${keyTwo}</var>
<value>@{expected_keysTwo}</value>
<status status="PASS" start="2024-04-11T07:14:02.389329" elapsed="0.004520"/>
</for>
<status status="PASS" start="2024-04-11T07:14:02.282334" elapsed="0.111661"/>
</kw>
<doc>Testa a estrutura da resposta da API.</doc>
<tag>testeEstruturaResposta</tag>
<status status="PASS" start="2024-04-11T07:14:02.281569" elapsed="0.112598"/>
</test>
<test id="s1-s1-t4" name="Validar tipos de dados" line="28">
<kw name="Teste de Tipos de Dados" owner="random-user-service">
<kw name="GET On Session" owner="RequestsLibrary">
<msg time="2024-04-11T07:14:02.481335" level="INFO">GET Request : url=https://randomuser.me/api 
 path_url=/api 
 headers={'User-Agent': 'python-requests/2.31.0', 'Accept-Encoding': 'gzip, deflate', 'Accept': '*/*', 'Connection': 'keep-alive'} 
 body=None 
 </msg>
<msg time="2024-04-11T07:14:02.481434" level="INFO">GET Response : url=https://randomuser.me/api 
 status=200, reason=OK 
 headers={'Date': 'Thu, 11 Apr 2024 07:14:02 GMT', 'Content-Type': 'application/json; charset=utf-8', 'Transfer-Encoding': 'chunked', 'Connection': 'keep-alive', 'X-Powered-By': 'Express', 'Access-Control-Allow-Origin': '*', 'Cache-Control': 'no-cache', 'ETag': 'W/"4a1-LhPOV5bk2tUxmQrAZwVItiebYrs"', 'Vary': 'Accept-Encoding', 'Content-Encoding': 'gzip', 'CF-Cache-Status': 'DYNAMIC', 'Report-To': '{"endpoints":[{"url":"https:\\/\\/a.nel.cloudflare.com\\/report\\/v4?s=ppZt%2B7RlYQ8xnzaYr0s5eeoeZ%2BPYwMwOOpgMOkCuShtr4K5vwe7XwtbkCo4hxji5Uz8utUuhTw4UGRBefk9QMCLQcTvuR7Shkd8q%2BDwBl68ihTQUhUWmsqDIXrV8rA0c"}],"group":"cf-nel","max_age":604800}', 'NEL': '{"success_fraction":0,"report_to":"cf-nel","max_age":604800}', 'Server': 'cloudflare', 'CF-RAY': '87292d6cf8b8cf49-SJC', 'alt-svc': 'h3=":443"; ma=86400'} 
 body={"results":[{"gender":"male","name":{"title":"Mr","first":"Gordon","last":"Nguyen"},"location":{"street":{"number":6208,"name":"Rolling Green Rd"},"city":"Warrnambool","state":"Western Australia","country":"Australia","postcode":2119,"coordinates":{"latitude":"-89.0242","longitude":"-74.3733"},"timezone":{"offset":"-5:00","description":"Eastern Time (US &amp; Canada), Bogota, Lima"}},"email":"gordon.nguyen@example.com","login":{"uuid":"6a39bfed-a3d2-4d70-a889-f8873549ab54","username":"lazymeercat960","password":"london","salt":"Po1h2EcA","md5":"11df0993b33ab5c82b397980984baa20","sha1":"4e868b3c9b607048c58b2884b247a68cd5906c2a","sha256":"1709becc7f9f7b37047478e9819d2a797b32aa3fba45b1ff60846b63a02248bb"},"dob":{"date":"1975-02-12T20:54:54.737Z","age":49},"registered":{"date":"2013-06-14T15:03:29.595Z","age":10},"phone":"02-3256-7328","cell":"0452-970-965","id":{"name":"TFN","value":"140093060"},"picture":{"large":"https://randomuser.me/api/portraits/men/45.jpg","medium":"https://randomuser.me/api/portraits/med/men/45.jpg","thumbnail":"https://randomuser.me/api/portraits/thumb/men/45.jpg"},"nat":"AU"}],"info":{"seed":"6330b59ef3876d05","results":1,"page":1,"version":"1.4"}} 
 </msg>
<msg time="2024-04-11T07:14:02.481508" level="INFO">/opt/hostedtoolcache/Python/3.12.2/x64/lib/python3.12/site-packages/urllib3/connectionpool.py:1103: InsecureRequestWarning: Unverified HTTPS request is being made to host 'randomuser.me'. Adding certificate verification is strongly advised. See: https://urllib3.readthedocs.io/en/latest/advanced-usage.html#tls-warnings
  warnings.warn(</msg>
<msg time="2024-04-11T07:14:02.481655" level="INFO">${response} = &lt;Response [200]&gt;</msg>
<var>${response}</var>
<arg>consultarAPI</arg>
<arg>/api</arg>
<doc>Sends a GET request on a previously created HTTP Session.</doc>
<status status="PASS" start="2024-04-11T07:14:02.396661" elapsed="0.085038"/>
</kw>
<kw name="Set Variable" owner="BuiltIn">
<msg time="2024-04-11T07:14:02.482749" level="INFO">${json_data} = {'results': [{'gender': 'male', 'name': {'title': 'Mr', 'first': 'Gordon', 'last': 'Nguyen'}, 'location': {'street': {'number': 6208, 'name': 'Rolling Green Rd'}, 'city': 'Warrnambool', 'state': 'West...</msg>
<var>${json_data}</var>
<arg>${response.json()}</arg>
<doc>Returns the given values which can then be assigned to a variables.</doc>
<status status="PASS" start="2024-04-11T07:14:02.482233" elapsed="0.000545"/>
</kw>
<kw name="Log" owner="BuiltIn">
<msg time="2024-04-11T07:14:02.483252" level="INFO">{'results': [{'gender': 'male', 'name': {'title': 'Mr', 'first': 'Gordon', 'last': 'Nguyen'}, 'location': {'street': {'number': 6208, 'name': 'Rolling Green Rd'}, 'city': 'Warrnambool', 'state': 'Western Australia', 'country': 'Australia', 'postcode': 2119, 'coordinates': {'latitude': '-89.0242', 'longitude': '-74.3733'}, 'timezone': {'offset': '-5:00', 'description': 'Eastern Time (US &amp; Canada), Bogota, Lima'}}, 'email': 'gordon.nguyen@example.com', 'login': {'uuid': '6a39bfed-a3d2-4d70-a889-f8873549ab54', 'username': 'lazymeercat960', 'password': 'london', 'salt': 'Po1h2EcA', 'md5': '11df0993b33ab5c82b397980984baa20', 'sha1': '4e868b3c9b607048c58b2884b247a68cd5906c2a', 'sha256': '1709becc7f9f7b37047478e9819d2a797b32aa3fba45b1ff60846b63a02248bb'}, 'dob': {'date': '1975-02-12T20:54:54.737Z', 'age': 49}, 'registered': {'date': '2013-06-14T15:03:29.595Z', 'age': 10}, 'phone': '02-3256-7328', 'cell': '0452-970-965', 'id': {'name': 'TFN', 'value': '140093060'}, 'picture': {'large': 'https://randomuser.me/api/portraits/men/45.jpg', 'medium': 'https://randomuser.me/api/portraits/med/men/45.jpg', 'thumbnail': 'https://randomuser.me/api/portraits/thumb/men/45.jpg'}, 'nat': 'AU'}], 'info': {'seed': '6330b59ef3876d05', 'results': 1, 'page': 1, 'version': '1.4'}}</msg>
<arg>${json_data}</arg>
<doc>Logs the given message with the given level.</doc>
<status status="PASS" start="2024-04-11T07:14:02.483091" elapsed="0.000251"/>
</kw>
<kw name="Should Be String" owner="String">
<arg>${json_data['results'][0]['gender']}</arg>
<doc>Fails if the given ``item`` is not a string.</doc>
<status status="PASS" start="2024-04-11T07:14:02.483647" elapsed="0.000397"/>
</kw>
<kw name="Should Match Regexp" owner="BuiltIn">
<arg>${json_data['results'][0]['email']}</arg>
<arg>^[a-zA-Z0-9._%+-]+@[a-zA-Z0-9.-]+\.[a-zA-Z]{2,}$</arg>
<doc>Fails if ``string`` does not match ``pattern`` as a regular expression.</doc>
<status status="PASS" start="2024-04-11T07:14:02.484240" elapsed="0.000519"/>
</kw>
<kw name="Should Match Regexp" owner="BuiltIn">
<arg>${json_data['results'][0]['dob']['date']}</arg>
<arg>\\d{4}-\\d{2}-\\d{2}T\\d{2}:\\d{2}:\\d{2}\\.\\d{3}Z</arg>
<doc>Fails if ``string`` does not match ``pattern`` as a regular expression.</doc>
<status status="PASS" start="2024-04-11T07:14:02.484958" elapsed="0.000494"/>
</kw>
<kw name="Should Match Regexp" owner="BuiltIn">
<arg>${json_data['results'][0]['registered']['date']}</arg>
<arg>\\d{4}-\\d{2}-\\d{2}T\\d{2}:\\d{2}:\\d{2}\\.\\d{3}Z</arg>
<doc>Fails if ``string`` does not match ``pattern`` as a regular expression.</doc>
<status status="PASS" start="2024-04-11T07:14:02.485646" elapsed="0.000378"/>
</kw>
<kw name="Should Match Regexp" owner="BuiltIn">
<arg>${json_data['results'][0]['picture']['large']}</arg>
<arg>^https?://.*\.(?:png|jpe?g|gif|bmp)$</arg>
<doc>Fails if ``string`` does not match ``pattern`` as a regular expression.</doc>
<status status="PASS" start="2024-04-11T07:14:02.486213" elapsed="0.000488"/>
</kw>
<kw name="Should Match Regexp" owner="BuiltIn">
<arg>${json_data['results'][0]['picture']['medium']}</arg>
<arg>^https?://.*\.(?:png|jpe?g|gif|bmp)$</arg>
<doc>Fails if ``string`` does not match ``pattern`` as a regular expression.</doc>
<status status="PASS" start="2024-04-11T07:14:02.486899" elapsed="0.000361"/>
</kw>
<kw name="Should Match Regexp" owner="BuiltIn">
<arg>${json_data['results'][0]['picture']['thumbnail']}</arg>
<arg>^https?://.*\.(?:png|jpe?g|gif|bmp)$</arg>
<doc>Fails if ``string`` does not match ``pattern`` as a regular expression.</doc>
<status status="PASS" start="2024-04-11T07:14:02.487445" elapsed="0.000355"/>
</kw>
<kw name="Log" owner="BuiltIn">
<msg time="2024-04-11T07:14:02.488339" level="INFO">{'large': 'https://randomuser.me/api/portraits/men/45.jpg', 'medium': 'https://randomuser.me/api/portraits/med/men/45.jpg', 'thumbnail': 'https://randomuser.me/api/portraits/thumb/men/45.jpg'}</msg>
<arg>${json_data['results'][0]['picture']}</arg>
<doc>Logs the given message with the given level.</doc>
<status status="PASS" start="2024-04-11T07:14:02.488009" elapsed="0.000373"/>
</kw>
<status status="PASS" start="2024-04-11T07:14:02.396423" elapsed="0.092226"/>
</kw>
<kw name="Teste de Tipos de Dados - Postcode" owner="random-user-service">
<kw name="GET On Session" owner="RequestsLibrary">
<msg time="2024-04-11T07:14:02.582018" level="INFO">GET Request : url=https://randomuser.me/api 
 path_url=/api 
 headers={'User-Agent': 'python-requests/2.31.0', 'Accept-Encoding': 'gzip, deflate', 'Accept': '*/*', 'Connection': 'keep-alive'} 
 body=None 
 </msg>
<msg time="2024-04-11T07:14:02.582134" level="INFO">GET Response : url=https://randomuser.me/api 
 status=200, reason=OK 
 headers={'Date': 'Thu, 11 Apr 2024 07:14:02 GMT', 'Content-Type': 'application/json; charset=utf-8', 'Transfer-Encoding': 'chunked', 'Connection': 'keep-alive', 'X-Powered-By': 'Express', 'Access-Control-Allow-Origin': '*', 'Cache-Control': 'no-cache', 'ETag': 'W/"48a-XVQ0VOWNEzOGyHAKQ1+72x65Fds"', 'Vary': 'Accept-Encoding', 'Content-Encoding': 'gzip', 'CF-Cache-Status': 'DYNAMIC', 'Report-To': '{"endpoints":[{"url":"https:\\/\\/a.nel.cloudflare.com\\/report\\/v4?s=5m%2BM2onZk6iuKbKV%2F8%2FrVIGI%2F4MT7U3tt2BNSLj%2FcQ1bA9TGWfC%2B7mbCF6BVtDBhwJtum4R%2BfV%2FIcfcIWYgQrHB%2BrFb5OMZJn32AgJquuu0IY9xk%2FBFvZqVN2rFWKyV7"}],"group":"cf-nel","max_age":604800}', 'NEL': '{"success_fraction":0,"report_to":"cf-nel","max_age":604800}', 'Server': 'cloudflare', 'CF-RAY': '87292d6d9927cf49-SJC', 'alt-svc': 'h3=":443"; ma=86400'} 
 body={"results":[{"gender":"male","name":{"title":"Mr","first":"Onni","last":"Wuollet"},"location":{"street":{"number":1742,"name":"Rotuaari"},"city":"Vihanti","state":"Central Finland","country":"Finland","postcode":89143,"coordinates":{"latitude":"-21.9849","longitude":"-105.4176"},"timezone":{"offset":"-1:00","description":"Azores, Cape Verde Islands"}},"email":"onni.wuollet@example.com","login":{"uuid":"bf62bf0e-db9c-4a3e-86cd-b09923dfe55a","username":"smallswan759","password":"gilligan","salt":"2TKUPm5q","md5":"9ada25e4c3238c55c36b96e57733336a","sha1":"2f336fd9a18c013478f11bee41c0daa4d746bb29","sha256":"c2e3f022ec4c23a37d7448e4f8e84a92a1c68708be940ca6509e2ce15298158f"},"dob":{"date":"1944-09-17T03:11:50.244Z","age":79},"registered":{"date":"2014-05-24T13:26:20.431Z","age":9},"phone":"03-289-933","cell":"046-564-45-31","id":{"name":"HETU","value":"NaNNA029undefined"},"picture":{"large":"https://randomuser.me/api/portraits/men/56.jpg","medium":"https://randomuser.me/api/portraits/med/men/56.jpg","thumbnail":"https://randomuser.me/api/portraits/thumb/men/56.jpg"},"nat":"FI"}],"info":{"seed":"074833e80145b111","results":1,"page":1,"version":"1.4"}} 
 </msg>
<msg time="2024-04-11T07:14:02.582242" level="INFO">/opt/hostedtoolcache/Python/3.12.2/x64/lib/python3.12/site-packages/urllib3/connectionpool.py:1103: InsecureRequestWarning: Unverified HTTPS request is being made to host 'randomuser.me'. Adding certificate verification is strongly advised. See: https://urllib3.readthedocs.io/en/latest/advanced-usage.html#tls-warnings
  warnings.warn(</msg>
<msg time="2024-04-11T07:14:02.582401" level="INFO">${response} = &lt;Response [200]&gt;</msg>
<var>${response}</var>
<arg>consultarAPI</arg>
<arg>/api</arg>
<doc>Sends a GET request on a previously created HTTP Session.</doc>
<status status="PASS" start="2024-04-11T07:14:02.489150" elapsed="0.093295"/>
</kw>
<kw name="Set Variable" owner="BuiltIn">
<msg time="2024-04-11T07:14:02.583517" level="INFO">${json_data} = {'results': [{'gender': 'male', 'name': {'title': 'Mr', 'first': 'Onni', 'last': 'Wuollet'}, 'location': {'street': {'number': 1742, 'name': 'Rotuaari'}, 'city': 'Vihanti', 'state': 'Central Finland',...</msg>
<var>${json_data}</var>
<arg>${response.json()}</arg>
<doc>Returns the given values which can then be assigned to a variables.</doc>
<status status="PASS" start="2024-04-11T07:14:02.582984" elapsed="0.000562"/>
</kw>
<kw name="Log" owner="BuiltIn">
<msg time="2024-04-11T07:14:02.584062" level="INFO">{'results': [{'gender': 'male', 'name': {'title': 'Mr', 'first': 'Onni', 'last': 'Wuollet'}, 'location': {'street': {'number': 1742, 'name': 'Rotuaari'}, 'city': 'Vihanti', 'state': 'Central Finland', 'country': 'Finland', 'postcode': 89143, 'coordinates': {'latitude': '-21.9849', 'longitude': '-105.4176'}, 'timezone': {'offset': '-1:00', 'description': 'Azores, Cape Verde Islands'}}, 'email': 'onni.wuollet@example.com', 'login': {'uuid': 'bf62bf0e-db9c-4a3e-86cd-b09923dfe55a', 'username': 'smallswan759', 'password': 'gilligan', 'salt': '2TKUPm5q', 'md5': '9ada25e4c3238c55c36b96e57733336a', 'sha1': '2f336fd9a18c013478f11bee41c0daa4d746bb29', 'sha256': 'c2e3f022ec4c23a37d7448e4f8e84a92a1c68708be940ca6509e2ce15298158f'}, 'dob': {'date': '1944-09-17T03:11:50.244Z', 'age': 79}, 'registered': {'date': '2014-05-24T13:26:20.431Z', 'age': 9}, 'phone': '03-289-933', 'cell': '046-564-45-31', 'id': {'name': 'HETU', 'value': 'NaNNA029undefined'}, 'picture': {'large': 'https://randomuser.me/api/portraits/men/56.jpg', 'medium': 'https://randomuser.me/api/portraits/med/men/56.jpg', 'thumbnail': 'https://randomuser.me/api/portraits/thumb/men/56.jpg'}, 'nat': 'FI'}], 'info': {'seed': '074833e80145b111', 'results': 1, 'page': 1, 'version': '1.4'}}</msg>
<arg>${json_data}</arg>
<doc>Logs the given message with the given level.</doc>
<status status="PASS" start="2024-04-11T07:14:02.583860" elapsed="0.000286"/>
</kw>
<kw name="Should Be Equal As Numbers" owner="BuiltIn">
<arg>${json_data['results'][0]['location']['postcode']}</arg>
<arg>${json_data['results'][0]['location']['postcode']}</arg>
<doc>Fails if objects are unequal after converting them to real numbers.</doc>
<status status="PASS" start="2024-04-11T07:14:02.584459" elapsed="0.000631"/>
</kw>
<kw name="Log" owner="BuiltIn">
<msg time="2024-04-11T07:14:02.585630" level="INFO">89143</msg>
<arg>${json_data['results'][0]['location']['postcode']}</arg>
<doc>Logs the given message with the given level.</doc>
<status status="PASS" start="2024-04-11T07:14:02.585287" elapsed="0.000385"/>
</kw>
<status status="PASS" start="2024-04-11T07:14:02.488888" elapsed="0.097047"/>
</kw>
<doc>Testa se os tipos de dados na resposta da API estão corretos.</doc>
<tag>testeTiposDados</tag>
<status status="PASS" start="2024-04-11T07:14:02.395959" elapsed="0.190154"/>
</test>
<test id="s1-s1-t5" name="Validar conteudo" line="35">
<kw name="Teste de Tipos de Conteudo" owner="random-user-service">
<kw name="GET On Session" owner="RequestsLibrary">
<msg time="2024-04-11T07:14:02.686162" level="INFO">GET Request : url=https://randomuser.me/api 
 path_url=/api 
 headers={'User-Agent': 'python-requests/2.31.0', 'Accept-Encoding': 'gzip, deflate', 'Accept': '*/*', 'Connection': 'keep-alive'} 
 body=None 
 </msg>
<msg time="2024-04-11T07:14:02.686279" level="INFO">GET Response : url=https://randomuser.me/api 
 status=200, reason=OK 
 headers={'Date': 'Thu, 11 Apr 2024 07:14:02 GMT', 'Content-Type': 'application/json; charset=utf-8', 'Transfer-Encoding': 'chunked', 'Connection': 'keep-alive', 'X-Powered-By': 'Express', 'Access-Control-Allow-Origin': '*', 'Cache-Control': 'no-cache', 'ETag': 'W/"490-IaGpU5yceUUGnNVpVradCzY1KGA"', 'Vary': 'Accept-Encoding', 'Content-Encoding': 'gzip', 'CF-Cache-Status': 'DYNAMIC', 'Report-To': '{"endpoints":[{"url":"https:\\/\\/a.nel.cloudflare.com\\/report\\/v4?s=SDKsvplkz9KCD2tjF3gtKtx6y2e2N8Vm6O5Hgm0v2WHbWGjBmeXfPC%2FFxAdyA9La7rOaqEBrwz1omXcibDphw9pazoqBbmkY901Sr7zolX0GoGRDcDsjypAIhG62phMF"}],"group":"cf-nel","max_age":604800}', 'NEL': '{"success_fraction":0,"report_to":"cf-nel","max_age":604800}', 'Server': 'cloudflare', 'CF-RAY': '87292d6e3997cf49-SJC', 'alt-svc': 'h3=":443"; ma=86400'} 
 body={"results":[{"gender":"female","name":{"title":"Miss","first":"کیانا","last":"گلشن"},"location":{"street":{"number":9824,"name":"شهید همت"},"city":"شهریار","state":"اردبیل","country":"Iran","postcode":47746,"coordinates":{"latitude":"17.1248","longitude":"35.0989"},"timezone":{"offset":"-3:00","description":"Brazil, Buenos Aires, Georgetown"}},"email":"khyn.glshn@example.com","login":{"uuid":"ef35f891-6c90-44a5-ba53-e5b1a9cbd1db","username":"bluewolf387","password":"flower1","salt":"XKcsNwSN","md5":"1a9ea8062e455b3367cad757c303589a","sha1":"33bb31b6cc5c4142dfd87b51c3f67a6b92fda342","sha256":"7a2f86134958501a13f048df35ddefaeb4bd346ce1c6769135d336512cb15312"},"dob":{"date":"1984-03-15T05:11:41.634Z","age":40},"registered":{"date":"2003-07-28T16:56:29.577Z","age":20},"phone":"057-78087882","cell":"0909-252-2007","id":{"name":"","value":null},"picture":{"large":"https://randomuser.me/api/portraits/women/66.jpg","medium":"https://randomuser.me/api/portraits/med/women/66.jpg","thumbnail":"https://randomuser.me/api/portraits/thumb/women/66.jpg"},"nat":"IR"}],"info":{"seed":"d8427baeebb88d75","results":1,"page":1,"version":"1.4"}} 
 </msg>
<msg time="2024-04-11T07:14:02.686368" level="INFO">/opt/hostedtoolcache/Python/3.12.2/x64/lib/python3.12/site-packages/urllib3/connectionpool.py:1103: InsecureRequestWarning: Unverified HTTPS request is being made to host 'randomuser.me'. Adding certificate verification is strongly advised. See: https://urllib3.readthedocs.io/en/latest/advanced-usage.html#tls-warnings
  warnings.warn(</msg>
<msg time="2024-04-11T07:14:02.686524" level="INFO">${response} = &lt;Response [200]&gt;</msg>
<var>${response}</var>
<arg>consultarAPI</arg>
<arg>/api</arg>
<doc>Sends a GET request on a previously created HTTP Session.</doc>
<status status="PASS" start="2024-04-11T07:14:02.588615" elapsed="0.097953"/>
</kw>
<kw name="Set Variable" owner="BuiltIn">
<msg time="2024-04-11T07:14:02.687671" level="INFO">${json_data} = {'results': [{'gender': 'female', 'name': {'title': 'Miss', 'first': 'کیانا', 'last': 'گلشن'}, 'location': {'street': {'number': 9824, 'name': 'شهید همت'}, 'city': 'شهریار', 'state': 'اردبیل', 'countr...</msg>
<var>${json_data}</var>
<arg>${response.json()}</arg>
<doc>Returns the given values which can then be assigned to a variables.</doc>
<status status="PASS" start="2024-04-11T07:14:02.687131" elapsed="0.000572"/>
</kw>
<kw name="Set Variable" owner="BuiltIn">
<msg time="2024-04-11T07:14:02.688437" level="INFO">${name_title} = Miss</msg>
<var>${name_title}</var>
<arg>${json_data["results"][0]["name"]["title"]}</arg>
<doc>Returns the given values which can then be assigned to a variables.</doc>
<status status="PASS" start="2024-04-11T07:14:02.688051" elapsed="0.000413"/>
</kw>
<kw name="Create List" owner="BuiltIn">
<msg time="2024-04-11T07:14:02.688916" level="INFO">${allowed_titles} = ['Mr', 'Ms', 'Miss', 'Mrs', 'Madame', 'Monsieur']</msg>
<var>${allowed_titles}</var>
<arg>Mr</arg>
<arg>Ms</arg>
<arg>Miss</arg>
<arg>Mrs</arg>
<arg>Madame</arg>
<arg>Monsieur</arg>
<doc>Returns a list containing given items.</doc>
<status status="PASS" start="2024-04-11T07:14:02.688764" elapsed="0.000176"/>
</kw>
<kw name="List Should Contain Value" owner="Collections">
<msg time="2024-04-11T07:14:02.689431" level="INFO">False</msg>
<arg>${allowed_titles}</arg>
<arg>${name_title}</arg>
<doc>Fails if the ``value`` is not found from ``list``.</doc>
<status status="PASS" start="2024-04-11T07:14:02.689252" elapsed="0.000217"/>
</kw>
<kw name="Set Variable" owner="BuiltIn">
<msg time="2024-04-11T07:14:02.690154" level="INFO">${name_country} = IR</msg>
<var>${name_country}</var>
<arg>${json_data["results"][0]["nat"]}</arg>
<doc>Returns the given values which can then be assigned to a variables.</doc>
<status status="PASS" start="2024-04-11T07:14:02.689778" elapsed="0.000401"/>
</kw>
<kw name="Create List" owner="BuiltIn">
<msg time="2024-04-11T07:14:02.691098" level="INFO">${list_country} = ['AD', 'AE', 'AF', 'AG', 'AI', 'AL', 'AM', 'AO', 'AQ', 'AR', 'AS', 'AT', 'AU', 'AW', 'AX', 'AZ', 'BA', 'BB', 'BD', 'BE', 'BF', 'BG', 'BH', 'BI', 'BJ', 'BL', 'BM', 'BN', 'BO', 'BQ', 'BR', 'BS', 'BT', '...</msg>
<var>${list_country}</var>
<arg>AD</arg>
<arg>AE</arg>
<arg>AF</arg>
<arg>AG</arg>
<arg>AI</arg>
<arg>AL</arg>
<arg>AM</arg>
<arg>AO</arg>
<arg>AQ</arg>
<arg>AR</arg>
<arg>AS</arg>
<arg>AT</arg>
<arg>AU</arg>
<arg>AW</arg>
<arg>AX</arg>
<arg>AZ</arg>
<arg>BA</arg>
<arg>BB</arg>
<arg>BD</arg>
<arg>BE</arg>
<arg>BF</arg>
<arg>BG</arg>
<arg>BH</arg>
<arg>BI</arg>
<arg>BJ</arg>
<arg>BL</arg>
<arg>BM</arg>
<arg>BN</arg>
<arg>BO</arg>
<arg>BQ</arg>
<arg>BR</arg>
<arg>BS</arg>
<arg>BT</arg>
<arg>BV</arg>
<arg>BW</arg>
<arg>BY</arg>
<arg>BZ</arg>
<arg>CA</arg>
<arg>CC</arg>
<arg>CD</arg>
<arg>CF</arg>
<arg>CG</arg>
<arg>CH</arg>
<arg>CI</arg>
<arg>CK</arg>
<arg>CL</arg>
<arg>CM</arg>
<arg>CN</arg>
<arg>CO</arg>
<arg>CR</arg>
<arg>CU</arg>
<arg>CV</arg>
<arg>CW</arg>
<arg>CX</arg>
<arg>CY</arg>
<arg>CZ</arg>
<arg>DE</arg>
<arg>DJ</arg>
<arg>DK</arg>
<arg>DM</arg>
<arg>DO</arg>
<arg>DZ</arg>
<arg>EC</arg>
<arg>EE</arg>
<arg>EG</arg>
<arg>EH</arg>
<arg>ER</arg>
<arg>ES</arg>
<arg>ET</arg>
<arg>FI</arg>
<arg>FJ</arg>
<arg>FK</arg>
<arg>FM</arg>
<arg>FO</arg>
<arg>FR</arg>
<arg>GA</arg>
<arg>GB</arg>
<arg>GD</arg>
<arg>GE</arg>
<arg>GF</arg>
<arg>GG</arg>
<arg>GH</arg>
<arg>GI</arg>
<arg>GL</arg>
<arg>GM</arg>
<arg>GN</arg>
<arg>GP</arg>
<arg>GQ</arg>
<arg>GR</arg>
<arg>GS</arg>
<arg>GT</arg>
<arg>GU</arg>
<arg>GW</arg>
<arg>GY</arg>
<arg>HK</arg>
<arg>HM</arg>
<arg>HN</arg>
<arg>HR</arg>
<arg>HT</arg>
<arg>HU</arg>
<arg>ID</arg>
<arg>IE</arg>
<arg>IL</arg>
<arg>IM</arg>
<arg>IN</arg>
<arg>IO</arg>
<arg>IQ</arg>
<arg>IR</arg>
<arg>IS</arg>
<arg>IT</arg>
<arg>JE</arg>
<arg>JM</arg>
<arg>JO</arg>
<arg>JP</arg>
<arg>KE</arg>
<arg>KG</arg>
<arg>KH</arg>
<arg>KI</arg>
<arg>KM</arg>
<arg>KN</arg>
<arg>KP</arg>
<arg>KR</arg>
<arg>KW</arg>
<arg>KY</arg>
<arg>KZ</arg>
<arg>LA</arg>
<arg>LB</arg>
<arg>LC</arg>
<arg>LI</arg>
<arg>LK</arg>
<arg>LR</arg>
<arg>LS</arg>
<arg>LT</arg>
<arg>LU</arg>
<arg>LV</arg>
<arg>LY</arg>
<arg>MA</arg>
<arg>MC</arg>
<arg>MD</arg>
<arg>ME</arg>
<arg>MF</arg>
<arg>MG</arg>
<arg>MH</arg>
<arg>MK</arg>
<arg>ML</arg>
<arg>MM</arg>
<arg>MN</arg>
<arg>MO</arg>
<arg>MP</arg>
<arg>MQ</arg>
<arg>MR</arg>
<arg>MS</arg>
<arg>MT</arg>
<arg>MU</arg>
<arg>MV</arg>
<arg>MW</arg>
<arg>MX</arg>
<arg>MY</arg>
<arg>MZ</arg>
<arg>NA</arg>
<arg>NC</arg>
<arg>NE</arg>
<arg>NF</arg>
<arg>NG</arg>
<arg>NI</arg>
<arg>NL</arg>
<arg>NO</arg>
<arg>NP</arg>
<arg>NR</arg>
<arg>NU</arg>
<arg>NZ</arg>
<arg>OM</arg>
<arg>PA</arg>
<arg>PE</arg>
<arg>PF</arg>
<arg>PG</arg>
<arg>PH</arg>
<arg>PK</arg>
<arg>PL</arg>
<arg>PM</arg>
<arg>PN</arg>
<arg>PR</arg>
<arg>PS</arg>
<arg>PT</arg>
<arg>PW</arg>
<arg>PY</arg>
<arg>QA</arg>
<arg>RE</arg>
<arg>RO</arg>
<arg>RS</arg>
<arg>RU</arg>
<arg>RW</arg>
<arg>SA</arg>
<arg>SB</arg>
<arg>SC</arg>
<arg>SD</arg>
<arg>SE</arg>
<arg>SG</arg>
<arg>SH</arg>
<arg>SI</arg>
<arg>SJ</arg>
<arg>SK</arg>
<arg>SL</arg>
<arg>SM</arg>
<arg>SN</arg>
<arg>SO</arg>
<arg>SR</arg>
<arg>SS</arg>
<arg>ST</arg>
<arg>SV</arg>
<arg>SX</arg>
<arg>SY</arg>
<arg>SZ</arg>
<arg>TC</arg>
<arg>TD</arg>
<arg>TF</arg>
<arg>TG</arg>
<arg>TH</arg>
<arg>TJ</arg>
<arg>TK</arg>
<arg>TL</arg>
<arg>TM</arg>
<arg>TN</arg>
<arg>TO</arg>
<arg>TR</arg>
<arg>TT</arg>
<arg>TV</arg>
<arg>TW</arg>
<arg>TZ</arg>
<arg>UA</arg>
<arg>UG</arg>
<arg>UM</arg>
<arg>US</arg>
<arg>UY</arg>
<arg>UZ</arg>
<arg>VA</arg>
<arg>VC</arg>
<arg>VE</arg>
<arg>VG</arg>
<arg>VI</arg>
<arg>VN</arg>
<arg>VU</arg>
<arg>WF</arg>
<arg>WS</arg>
<arg>XK</arg>
<arg>YE</arg>
<arg>YT</arg>
<arg>ZA</arg>
<arg>ZM</arg>
<arg>ZW</arg>
<doc>Returns a list containing given items.</doc>
<status status="PASS" start="2024-04-11T07:14:02.690500" elapsed="0.000624"/>
</kw>
<kw name="List Should Contain Value" owner="Collections">
<msg time="2024-04-11T07:14:02.692141" level="INFO">False</msg>
<arg>${list_country}</arg>
<arg>${name_country}</arg>
<doc>Fails if the ``value`` is not found from ``list``.</doc>
<status status="PASS" start="2024-04-11T07:14:02.691935" elapsed="0.000244"/>
</kw>
<kw name="Run Keyword If" owner="BuiltIn">
<kw name="Should Be True" owner="BuiltIn">
<arg>${True}</arg>
<doc>Fails if the given condition is not true.</doc>
<status status="PASS" start="2024-04-11T07:14:02.693402" elapsed="0.000148"/>
</kw>
<arg>${json_data["results"][0]["location"]["coordinates"]["latitude"]} &gt;= -90 and ${json_data["results"][0]["location"]["coordinates"]["latitude"]} &lt;= 90</arg>
<arg>Should Be True</arg>
<arg>${True}</arg>
<doc>Runs the given keyword with the given arguments, if ``condition`` is true.</doc>
<status status="PASS" start="2024-04-11T07:14:02.692495" elapsed="0.001184"/>
</kw>
<kw name="Run Keyword If" owner="BuiltIn">
<kw name="Should Be True" owner="BuiltIn">
<arg>${True}</arg>
<doc>Fails if the given condition is not true.</doc>
<status status="PASS" start="2024-04-11T07:14:02.694650" elapsed="0.000142"/>
</kw>
<arg>${json_data["results"][0]["location"]["coordinates"]["longitude"]} &gt;= -180 and ${json_data["results"][0]["location"]["coordinates"]["longitude"]} &lt;= 180</arg>
<arg>Should Be True</arg>
<arg>${True}</arg>
<doc>Runs the given keyword with the given arguments, if ``condition`` is true.</doc>
<status status="PASS" start="2024-04-11T07:14:02.693896" elapsed="0.001022"/>
</kw>
<status status="PASS" start="2024-04-11T07:14:02.588382" elapsed="0.106667"/>
</kw>
<doc>Testa o conteúdo específico dos campos retornados pela API.</doc>
<tag>testeConteudo</tag>
<status status="PASS" start="2024-04-11T07:14:02.587906" elapsed="0.107301"/>
</test>
<status status="PASS" start="2024-04-11T07:14:01.835514" elapsed="0.861707"/>
</suite>
<status status="PASS" start="2024-04-11T07:14:01.821632" elapsed="0.881575"/>
</suite>
<statistics>
<total>
<stat pass="5" fail="0" skip="0">All Tests</stat>
</total>
<tag>
<stat pass="1" fail="0" skip="0">testeConteudo</stat>
<stat pass="1" fail="0" skip="0">testeEstruturaResposta</stat>
<stat pass="1" fail="0" skip="0">testeRequisicaoBasica</stat>
<stat pass="1" fail="0" skip="0">testeTiposDados</stat>
</tag>
<suite>
<stat pass="5" fail="0" skip="0" id="s1" name="Tests">Tests</stat>
<stat pass="5" fail="0" skip="0" id="s1-s1" name="Random-User-Test">Tests.Random-User-Test</stat>
</suite>
</statistics>
<errors>
</errors>
</robot>
