<?xml version="1.0" encoding="UTF-8"?>
<robot generator="Robot 7.0.1 (Python 3.12.4 on linux)" generated="2024-07-06T14:12:13.844573" rpa="false" schemaversion="5">
<suite id="s1" name="Tests" source="/home/runner/work/ApiRandomUser/ApiRandomUser/RamdonUser/tests">
<suite id="s1-s1" name="Random-User-Test" source="/home/runner/work/ApiRandomUser/ApiRandomUser/RamdonUser/tests/random-user-test.robot">
<test id="s1-s1-t1" name="Conectar" line="13">
<kw name="Conectar API" owner="random-user-service">
<kw name="Create Session" owner="RequestsLibrary">
<msg time="2024-07-06T14:12:14.246379" level="INFO">Creating Session using : alias=consultarAPI, url=https://randomuser.me/, headers={},                     cookies={}, auth=None, timeout=None, proxies=None, verify=False,                     debug=0 </msg>
<arg>consultarAPI</arg>
<arg>${URL}</arg>
<doc>Create Session: create a HTTP session to a server</doc>
<status status="PASS" start="2024-07-06T14:12:14.246161" elapsed="0.000412"/>
</kw>
<status status="PASS" start="2024-07-06T14:12:14.245153" elapsed="0.001794"/>
</kw>
<status status="PASS" start="2024-07-06T14:12:14.244527" elapsed="0.002618"/>
</test>
<test id="s1-s1-t2" name="Validar retorno 200 e JSON Válido" line="16">
<kw name="Teste de Requisicao Basica" owner="random-user-service">
<kw name="GET On Session" owner="RequestsLibrary">
<msg time="2024-07-06T14:12:14.390217" level="INFO">GET Request : url=https://randomuser.me/api 
 path_url=/api 
 headers={'User-Agent': 'python-requests/2.32.3', 'Accept-Encoding': 'gzip, deflate', 'Accept': '*/*', 'Connection': 'keep-alive'} 
 body=None 
 </msg>
<msg time="2024-07-06T14:12:14.390373" level="INFO">GET Response : url=https://randomuser.me/api 
 status=200, reason=OK 
 headers={'Date': 'Sat, 06 Jul 2024 14:12:14 GMT', 'Content-Type': 'application/json; charset=utf-8', 'Transfer-Encoding': 'chunked', 'Connection': 'keep-alive', 'X-Powered-By': 'Express', 'Access-Control-Allow-Origin': '*', 'Cache-Control': 'no-cache', 'ETag': 'W/"496-g6sQukmXwOLNbpGISB28sJqkJ4c"', 'Vary': 'Accept-Encoding', 'Content-Encoding': 'gzip', 'CF-Cache-Status': 'DYNAMIC', 'Report-To': '{"endpoints":[{"url":"https:\\/\\/a.nel.cloudflare.com\\/report\\/v4?s=VjXPU3ON%2B2GtwX3Yjc5AlbfaFtun%2F3P3hVozDoZaJb2i8C6DSX8y%2BHidsfyl3uPYbqms0Il4SaB%2Bkx%2BM3mMSAt35ljhCMy20gvXKz6jMAIkGz5Hyz1qiNK2p2rtjG2Cl"}],"group":"cf-nel","max_age":604800}', 'NEL': '{"success_fraction":0,"report_to":"cf-nel","max_age":604800}', 'Server': 'cloudflare', 'CF-RAY': '89f030458a212d25-ORD', 'alt-svc': 'h3=":443"; ma=86400'} 
 body={"results":[{"gender":"female","name":{"title":"Mrs","first":"Heather","last":"Cox"},"location":{"street":{"number":4933,"name":"Park Lane"},"city":"Newcastle West","state":"South Dublin","country":"Ireland","postcode":10793,"coordinates":{"latitude":"-0.5268","longitude":"164.3722"},"timezone":{"offset":"+1:00","description":"Brussels, Copenhagen, Madrid, Paris"}},"email":"heather.cox@example.com","login":{"uuid":"629779bd-0c16-422e-96e1-3ba0f7636396","username":"beautifulduck720","password":"trace","salt":"Xgzij5Yy","md5":"63f5c19dbb55f5a7619c77ac46d9865c","sha1":"0290b30b2eeae1e7fcccbae2ca9805e3c9984d37","sha256":"92bed30f2baf17f697f209692664fd743e53506927a757e0dc8b60767898c10e"},"dob":{"date":"1980-05-26T21:21:01.536Z","age":44},"registered":{"date":"2002-04-15T23:16:49.596Z","age":22},"phone":"041-413-1648","cell":"081-091-9598","id":{"name":"PPS","value":"1502347T"},"picture":{"large":"https://randomuser.me/api/portraits/women/91.jpg","medium":"https://randomuser.me/api/portraits/med/women/91.jpg","thumbnail":"https://randomuser.me/api/portraits/thumb/women/91.jpg"},"nat":"IE"}],"info":{"seed":"af4602e549c8c711","results":1,"page":1,"version":"1.4"}} 
 </msg>
<msg time="2024-07-06T14:12:14.390461" level="INFO">/opt/hostedtoolcache/Python/3.12.4/x64/lib/python3.12/site-packages/urllib3/connectionpool.py:1099: InsecureRequestWarning: Unverified HTTPS request is being made to host 'randomuser.me'. Adding certificate verification is strongly advised. See: https://urllib3.readthedocs.io/en/latest/advanced-usage.html#tls-warnings
  warnings.warn(</msg>
<msg time="2024-07-06T14:12:14.390616" level="INFO">${response} = &lt;Response [200]&gt;</msg>
<var>${response}</var>
<arg>consultarAPI</arg>
<arg>/api</arg>
<doc>Sends a GET request on a previously created HTTP Session.</doc>
<status status="PASS" start="2024-07-06T14:12:14.249888" elapsed="0.140771"/>
</kw>
<kw name="Should Be Equal As Numbers" owner="BuiltIn">
<msg time="2024-07-06T14:12:14.392066" level="INFO">Argument types are:
&lt;class 'int'&gt;
&lt;class 'str'&gt;</msg>
<arg>${response.status_code}</arg>
<arg>200</arg>
<doc>Fails if objects are unequal after converting them to real numbers.</doc>
<status status="PASS" start="2024-07-06T14:12:14.391356" elapsed="0.000808"/>
</kw>
<kw name="Log" owner="BuiltIn">
<msg time="2024-07-06T14:12:14.392926" level="INFO">200</msg>
<arg>${response.status_code}</arg>
<doc>Logs the given message with the given level.</doc>
<status status="PASS" start="2024-07-06T14:12:14.392543" elapsed="0.000428"/>
</kw>
<kw name="Set Variable" owner="BuiltIn">
<msg time="2024-07-06T14:12:14.393745" level="INFO">${json_data} = {'results': [{'gender': 'female', 'name': {'title': 'Mrs', 'first': 'Heather', 'last': 'Cox'}, 'location': {'street': {'number': 4933, 'name': 'Park Lane'}, 'city': 'Newcastle West', 'state': 'South D...</msg>
<var>${json_data}</var>
<arg>${response.json()}</arg>
<doc>Returns the given values which can then be assigned to a variables.</doc>
<status status="PASS" start="2024-07-06T14:12:14.393292" elapsed="0.000483"/>
</kw>
<kw name="Dictionary Should Contain Key" owner="Collections">
<arg>${json_data}</arg>
<arg>results</arg>
<doc>Fails if ``key`` is not found from ``dictionary``.</doc>
<status status="PASS" start="2024-07-06T14:12:14.394094" elapsed="0.000169"/>
</kw>
<status status="PASS" start="2024-07-06T14:12:14.249635" elapsed="0.144778"/>
</kw>
<doc>Testa se a API responde corretamente e retorna um objeto JSON válido.</doc>
<tag>testeRequisicaoBasica</tag>
<status status="PASS" start="2024-07-06T14:12:14.249092" elapsed="0.145502"/>
</test>
<test id="s1-s1-t3" name="Validar estrutura de resposta" line="22">
<kw name="Teste de Estrutura de Resposta" owner="random-user-service">
<kw name="GET On Session" owner="RequestsLibrary">
<msg time="2024-07-06T14:12:14.504702" level="INFO">GET Request : url=https://randomuser.me/api 
 path_url=/api 
 headers={'User-Agent': 'python-requests/2.32.3', 'Accept-Encoding': 'gzip, deflate', 'Accept': '*/*', 'Connection': 'keep-alive'} 
 body=None 
 </msg>
<msg time="2024-07-06T14:12:14.504820" level="INFO">GET Response : url=https://randomuser.me/api 
 status=200, reason=OK 
 headers={'Date': 'Sat, 06 Jul 2024 14:12:14 GMT', 'Content-Type': 'application/json; charset=utf-8', 'Transfer-Encoding': 'chunked', 'Connection': 'keep-alive', 'X-Powered-By': 'Express', 'Access-Control-Allow-Origin': '*', 'Cache-Control': 'no-cache', 'ETag': 'W/"4a1-lNtvFQ7O6NjpFnnJOd2GRy1R5/Y"', 'Vary': 'Accept-Encoding', 'Content-Encoding': 'gzip', 'CF-Cache-Status': 'DYNAMIC', 'Report-To': '{"endpoints":[{"url":"https:\\/\\/a.nel.cloudflare.com\\/report\\/v4?s=b4RUFo%2F1Mkd1yJ3%2Fr3HcxMPUI8LRf40kk23ykvkoezetIFjSyXQU4yI%2Fc79MJbNVAvIisxNINcpLbNX1HPvsoS2XjvSb2VgJvmXC7BRi40W2NI%2BGLJl9L091OTP1MtHN"}],"group":"cf-nel","max_age":604800}', 'NEL': '{"success_fraction":0,"report_to":"cf-nel","max_age":604800}', 'Server': 'cloudflare', 'CF-RAY': '89f03045fa852d25-ORD', 'alt-svc': 'h3=":443"; ma=86400'} 
 body={"results":[{"gender":"female","name":{"title":"Mrs","first":"Lisa","last":"Kelley"},"location":{"street":{"number":8002,"name":"South Street"},"city":"Westminster","state":"Durham","country":"United Kingdom","postcode":"NF65 9RD","coordinates":{"latitude":"-4.8493","longitude":"81.7359"},"timezone":{"offset":"+3:00","description":"Baghdad, Riyadh, Moscow, St. Petersburg"}},"email":"lisa.kelley@example.com","login":{"uuid":"a7a8cbf5-2110-431e-a2ba-20e5c8711171","username":"purpledog124","password":"pizza","salt":"efcoe6yh","md5":"1770757bc5c99c48b994dfbd76a4bf23","sha1":"dd9508a2546cc4919e455b322058f0badb24ec7c","sha256":"f8c75173f1fbe7788b2e8e432218bef5799a994c3d7f8f73f72a88241597c378"},"dob":{"date":"1994-05-13T14:29:31.313Z","age":30},"registered":{"date":"2009-05-17T03:14:30.042Z","age":15},"phone":"015242 14600","cell":"07797 295742","id":{"name":"NINO","value":"OJ 90 25 19 M"},"picture":{"large":"https://randomuser.me/api/portraits/women/74.jpg","medium":"https://randomuser.me/api/portraits/med/women/74.jpg","thumbnail":"https://randomuser.me/api/portraits/thumb/women/74.jpg"},"nat":"GB"}],"info":{"seed":"41f7c5032830841e","results":1,"page":1,"version":"1.4"}} 
 </msg>
<msg time="2024-07-06T14:12:14.504980" level="INFO">/opt/hostedtoolcache/Python/3.12.4/x64/lib/python3.12/site-packages/urllib3/connectionpool.py:1099: InsecureRequestWarning: Unverified HTTPS request is being made to host 'randomuser.me'. Adding certificate verification is strongly advised. See: https://urllib3.readthedocs.io/en/latest/advanced-usage.html#tls-warnings
  warnings.warn(</msg>
<msg time="2024-07-06T14:12:14.505115" level="INFO">${response} = &lt;Response [200]&gt;</msg>
<var>${response}</var>
<arg>consultarAPI</arg>
<arg>/api</arg>
<doc>Sends a GET request on a previously created HTTP Session.</doc>
<status status="PASS" start="2024-07-06T14:12:14.397639" elapsed="0.107507"/>
</kw>
<kw name="Set Variable" owner="BuiltIn">
<msg time="2024-07-06T14:12:14.506256" level="INFO">${json_data} = {'results': [{'gender': 'female', 'name': {'title': 'Mrs', 'first': 'Lisa', 'last': 'Kelley'}, 'location': {'street': {'number': 8002, 'name': 'South Street'}, 'city': 'Westminster', 'state': 'Durham'...</msg>
<var>${json_data}</var>
<arg>${response.json()}</arg>
<doc>Returns the given values which can then be assigned to a variables.</doc>
<status status="PASS" start="2024-07-06T14:12:14.505710" elapsed="0.000576"/>
</kw>
<kw name="Log" owner="BuiltIn">
<msg time="2024-07-06T14:12:14.506810" level="INFO">{'results': [{'gender': 'female', 'name': {'title': 'Mrs', 'first': 'Lisa', 'last': 'Kelley'}, 'location': {'street': {'number': 8002, 'name': 'South Street'}, 'city': 'Westminster', 'state': 'Durham', 'country': 'United Kingdom', 'postcode': 'NF65 9RD', 'coordinates': {'latitude': '-4.8493', 'longitude': '81.7359'}, 'timezone': {'offset': '+3:00', 'description': 'Baghdad, Riyadh, Moscow, St. Petersburg'}}, 'email': 'lisa.kelley@example.com', 'login': {'uuid': 'a7a8cbf5-2110-431e-a2ba-20e5c8711171', 'username': 'purpledog124', 'password': 'pizza', 'salt': 'efcoe6yh', 'md5': '1770757bc5c99c48b994dfbd76a4bf23', 'sha1': 'dd9508a2546cc4919e455b322058f0badb24ec7c', 'sha256': 'f8c75173f1fbe7788b2e8e432218bef5799a994c3d7f8f73f72a88241597c378'}, 'dob': {'date': '1994-05-13T14:29:31.313Z', 'age': 30}, 'registered': {'date': '2009-05-17T03:14:30.042Z', 'age': 15}, 'phone': '015242 14600', 'cell': '07797 295742', 'id': {'name': 'NINO', 'value': 'OJ 90 25 19 M'}, 'picture': {'large': 'https://randomuser.me/api/portraits/women/74.jpg', 'medium': 'https://randomuser.me/api/portraits/med/women/74.jpg', 'thumbnail': 'https://randomuser.me/api/portraits/thumb/women/74.jpg'}, 'nat': 'GB'}], 'info': {'seed': '41f7c5032830841e', 'results': 1, 'page': 1, 'version': '1.4'}}</msg>
<arg>${json_data}</arg>
<doc>Logs the given message with the given level.</doc>
<status status="PASS" start="2024-07-06T14:12:14.506642" elapsed="0.000219"/>
</kw>
<kw name="Dictionary Should Contain Key" owner="Collections">
<arg>${json_data}</arg>
<arg>results</arg>
<doc>Fails if ``key`` is not found from ``dictionary``.</doc>
<status status="PASS" start="2024-07-06T14:12:14.507167" elapsed="0.000162"/>
</kw>
<kw name="Should Not Be Empty" owner="BuiltIn">
<msg time="2024-07-06T14:12:14.507651" level="INFO">Length is 2.</msg>
<arg>${json_data}</arg>
<doc>Verifies that the given item is not empty.</doc>
<status status="PASS" start="2024-07-06T14:12:14.507517" elapsed="0.000179"/>
</kw>
<kw name="Create List" owner="BuiltIn">
<msg time="2024-07-06T14:12:14.508366" level="INFO">${expected_keys} = ['gender', 'name', 'location', 'email', 'login']</msg>
<var>${expected_keys}</var>
<arg>gender</arg>
<arg>name</arg>
<arg>location</arg>
<arg>email</arg>
<arg>login</arg>
<doc>Returns a list containing given items.</doc>
<status status="PASS" start="2024-07-06T14:12:14.508020" elapsed="0.000372"/>
</kw>
<for flavor="IN">
<iter>
<kw name="Dictionary Should Contain Key" owner="Collections">
<arg>${json_data['results'][0]}</arg>
<arg>${key}</arg>
<doc>Fails if ``key`` is not found from ``dictionary``.</doc>
<status status="PASS" start="2024-07-06T14:12:14.508994" elapsed="0.000414"/>
</kw>
<kw name="Log" owner="BuiltIn">
<msg time="2024-07-06T14:12:14.509961" level="INFO">{'gender': 'female', 'name': {'title': 'Mrs', 'first': 'Lisa', 'last': 'Kelley'}, 'location': {'street': {'number': 8002, 'name': 'South Street'}, 'city': 'Westminster', 'state': 'Durham', 'country': 'United Kingdom', 'postcode': 'NF65 9RD', 'coordinates': {'latitude': '-4.8493', 'longitude': '81.7359'}, 'timezone': {'offset': '+3:00', 'description': 'Baghdad, Riyadh, Moscow, St. Petersburg'}}, 'email': 'lisa.kelley@example.com', 'login': {'uuid': 'a7a8cbf5-2110-431e-a2ba-20e5c8711171', 'username': 'purpledog124', 'password': 'pizza', 'salt': 'efcoe6yh', 'md5': '1770757bc5c99c48b994dfbd76a4bf23', 'sha1': 'dd9508a2546cc4919e455b322058f0badb24ec7c', 'sha256': 'f8c75173f1fbe7788b2e8e432218bef5799a994c3d7f8f73f72a88241597c378'}, 'dob': {'date': '1994-05-13T14:29:31.313Z', 'age': 30}, 'registered': {'date': '2009-05-17T03:14:30.042Z', 'age': 15}, 'phone': '015242 14600', 'cell': '07797 295742', 'id': {'name': 'NINO', 'value': 'OJ 90 25 19 M'}, 'picture': {'large': 'https://randomuser.me/api/portraits/women/74.jpg', 'medium': 'https://randomuser.me/api/portraits/med/women/74.jpg', 'thumbnail': 'https://randomuser.me/api/portraits/thumb/women/74.jpg'}, 'nat': 'GB'}</msg>
<arg>${json_data['results'][0]}</arg>
<doc>Logs the given message with the given level.</doc>
<status status="PASS" start="2024-07-06T14:12:14.509594" elapsed="0.000415"/>
</kw>
<kw name="Log" owner="BuiltIn">
<msg time="2024-07-06T14:12:14.510434" level="INFO">gender</msg>
<arg>${key}</arg>
<doc>Logs the given message with the given level.</doc>
<status status="PASS" start="2024-07-06T14:12:14.510307" elapsed="0.000167"/>
</kw>
<var name="${key}">gender</var>
<status status="PASS" start="2024-07-06T14:12:14.508868" elapsed="0.001822"/>
</iter>
<iter>
<kw name="Dictionary Should Contain Key" owner="Collections">
<arg>${json_data['results'][0]}</arg>
<arg>${key}</arg>
<doc>Fails if ``key`` is not found from ``dictionary``.</doc>
<status status="PASS" start="2024-07-06T14:12:14.510995" elapsed="0.000391"/>
</kw>
<kw name="Log" owner="BuiltIn">
<msg time="2024-07-06T14:12:14.511992" level="INFO">{'gender': 'female', 'name': {'title': 'Mrs', 'first': 'Lisa', 'last': 'Kelley'}, 'location': {'street': {'number': 8002, 'name': 'South Street'}, 'city': 'Westminster', 'state': 'Durham', 'country': 'United Kingdom', 'postcode': 'NF65 9RD', 'coordinates': {'latitude': '-4.8493', 'longitude': '81.7359'}, 'timezone': {'offset': '+3:00', 'description': 'Baghdad, Riyadh, Moscow, St. Petersburg'}}, 'email': 'lisa.kelley@example.com', 'login': {'uuid': 'a7a8cbf5-2110-431e-a2ba-20e5c8711171', 'username': 'purpledog124', 'password': 'pizza', 'salt': 'efcoe6yh', 'md5': '1770757bc5c99c48b994dfbd76a4bf23', 'sha1': 'dd9508a2546cc4919e455b322058f0badb24ec7c', 'sha256': 'f8c75173f1fbe7788b2e8e432218bef5799a994c3d7f8f73f72a88241597c378'}, 'dob': {'date': '1994-05-13T14:29:31.313Z', 'age': 30}, 'registered': {'date': '2009-05-17T03:14:30.042Z', 'age': 15}, 'phone': '015242 14600', 'cell': '07797 295742', 'id': {'name': 'NINO', 'value': 'OJ 90 25 19 M'}, 'picture': {'large': 'https://randomuser.me/api/portraits/women/74.jpg', 'medium': 'https://randomuser.me/api/portraits/med/women/74.jpg', 'thumbnail': 'https://randomuser.me/api/portraits/thumb/women/74.jpg'}, 'nat': 'GB'}</msg>
<arg>${json_data['results'][0]}</arg>
<doc>Logs the given message with the given level.</doc>
<status status="PASS" start="2024-07-06T14:12:14.511570" elapsed="0.000507"/>
</kw>
<kw name="Log" owner="BuiltIn">
<msg time="2024-07-06T14:12:14.512531" level="INFO">name</msg>
<arg>${key}</arg>
<doc>Logs the given message with the given level.</doc>
<status status="PASS" start="2024-07-06T14:12:14.512403" elapsed="0.000167"/>
</kw>
<var name="${key}">name</var>
<status status="PASS" start="2024-07-06T14:12:14.510878" elapsed="0.001910"/>
</iter>
<iter>
<kw name="Dictionary Should Contain Key" owner="Collections">
<arg>${json_data['results'][0]}</arg>
<arg>${key}</arg>
<doc>Fails if ``key`` is not found from ``dictionary``.</doc>
<status status="PASS" start="2024-07-06T14:12:14.513077" elapsed="0.000379"/>
</kw>
<kw name="Log" owner="BuiltIn">
<msg time="2024-07-06T14:12:14.513983" level="INFO">{'gender': 'female', 'name': {'title': 'Mrs', 'first': 'Lisa', 'last': 'Kelley'}, 'location': {'street': {'number': 8002, 'name': 'South Street'}, 'city': 'Westminster', 'state': 'Durham', 'country': 'United Kingdom', 'postcode': 'NF65 9RD', 'coordinates': {'latitude': '-4.8493', 'longitude': '81.7359'}, 'timezone': {'offset': '+3:00', 'description': 'Baghdad, Riyadh, Moscow, St. Petersburg'}}, 'email': 'lisa.kelley@example.com', 'login': {'uuid': 'a7a8cbf5-2110-431e-a2ba-20e5c8711171', 'username': 'purpledog124', 'password': 'pizza', 'salt': 'efcoe6yh', 'md5': '1770757bc5c99c48b994dfbd76a4bf23', 'sha1': 'dd9508a2546cc4919e455b322058f0badb24ec7c', 'sha256': 'f8c75173f1fbe7788b2e8e432218bef5799a994c3d7f8f73f72a88241597c378'}, 'dob': {'date': '1994-05-13T14:29:31.313Z', 'age': 30}, 'registered': {'date': '2009-05-17T03:14:30.042Z', 'age': 15}, 'phone': '015242 14600', 'cell': '07797 295742', 'id': {'name': 'NINO', 'value': 'OJ 90 25 19 M'}, 'picture': {'large': 'https://randomuser.me/api/portraits/women/74.jpg', 'medium': 'https://randomuser.me/api/portraits/med/women/74.jpg', 'thumbnail': 'https://randomuser.me/api/portraits/thumb/women/74.jpg'}, 'nat': 'GB'}</msg>
<arg>${json_data['results'][0]}</arg>
<doc>Logs the given message with the given level.</doc>
<status status="PASS" start="2024-07-06T14:12:14.513637" elapsed="0.000394"/>
</kw>
<kw name="Log" owner="BuiltIn">
<msg time="2024-07-06T14:12:14.514446" level="INFO">location</msg>
<arg>${key}</arg>
<doc>Logs the given message with the given level.</doc>
<status status="PASS" start="2024-07-06T14:12:14.514320" elapsed="0.000163"/>
</kw>
<var name="${key}">location</var>
<status status="PASS" start="2024-07-06T14:12:14.512969" elapsed="0.001727"/>
</iter>
<iter>
<kw name="Dictionary Should Contain Key" owner="Collections">
<arg>${json_data['results'][0]}</arg>
<arg>${key}</arg>
<doc>Fails if ``key`` is not found from ``dictionary``.</doc>
<status status="PASS" start="2024-07-06T14:12:14.514983" elapsed="0.000400"/>
</kw>
<kw name="Log" owner="BuiltIn">
<msg time="2024-07-06T14:12:14.515917" level="INFO">{'gender': 'female', 'name': {'title': 'Mrs', 'first': 'Lisa', 'last': 'Kelley'}, 'location': {'street': {'number': 8002, 'name': 'South Street'}, 'city': 'Westminster', 'state': 'Durham', 'country': 'United Kingdom', 'postcode': 'NF65 9RD', 'coordinates': {'latitude': '-4.8493', 'longitude': '81.7359'}, 'timezone': {'offset': '+3:00', 'description': 'Baghdad, Riyadh, Moscow, St. Petersburg'}}, 'email': 'lisa.kelley@example.com', 'login': {'uuid': 'a7a8cbf5-2110-431e-a2ba-20e5c8711171', 'username': 'purpledog124', 'password': 'pizza', 'salt': 'efcoe6yh', 'md5': '1770757bc5c99c48b994dfbd76a4bf23', 'sha1': 'dd9508a2546cc4919e455b322058f0badb24ec7c', 'sha256': 'f8c75173f1fbe7788b2e8e432218bef5799a994c3d7f8f73f72a88241597c378'}, 'dob': {'date': '1994-05-13T14:29:31.313Z', 'age': 30}, 'registered': {'date': '2009-05-17T03:14:30.042Z', 'age': 15}, 'phone': '015242 14600', 'cell': '07797 295742', 'id': {'name': 'NINO', 'value': 'OJ 90 25 19 M'}, 'picture': {'large': 'https://randomuser.me/api/portraits/women/74.jpg', 'medium': 'https://randomuser.me/api/portraits/med/women/74.jpg', 'thumbnail': 'https://randomuser.me/api/portraits/thumb/women/74.jpg'}, 'nat': 'GB'}</msg>
<arg>${json_data['results'][0]}</arg>
<doc>Logs the given message with the given level.</doc>
<status status="PASS" start="2024-07-06T14:12:14.515567" elapsed="0.000400"/>
</kw>
<kw name="Log" owner="BuiltIn">
<msg time="2024-07-06T14:12:14.516432" level="INFO">email</msg>
<arg>${key}</arg>
<doc>Logs the given message with the given level.</doc>
<status status="PASS" start="2024-07-06T14:12:14.516306" elapsed="0.000165"/>
</kw>
<var name="${key}">email</var>
<status status="PASS" start="2024-07-06T14:12:14.514874" elapsed="0.001818"/>
</iter>
<iter>
<kw name="Dictionary Should Contain Key" owner="Collections">
<arg>${json_data['results'][0]}</arg>
<arg>${key}</arg>
<doc>Fails if ``key`` is not found from ``dictionary``.</doc>
<status status="PASS" start="2024-07-06T14:12:14.516972" elapsed="0.000384"/>
</kw>
<kw name="Log" owner="BuiltIn">
<msg time="2024-07-06T14:12:14.517890" level="INFO">{'gender': 'female', 'name': {'title': 'Mrs', 'first': 'Lisa', 'last': 'Kelley'}, 'location': {'street': {'number': 8002, 'name': 'South Street'}, 'city': 'Westminster', 'state': 'Durham', 'country': 'United Kingdom', 'postcode': 'NF65 9RD', 'coordinates': {'latitude': '-4.8493', 'longitude': '81.7359'}, 'timezone': {'offset': '+3:00', 'description': 'Baghdad, Riyadh, Moscow, St. Petersburg'}}, 'email': 'lisa.kelley@example.com', 'login': {'uuid': 'a7a8cbf5-2110-431e-a2ba-20e5c8711171', 'username': 'purpledog124', 'password': 'pizza', 'salt': 'efcoe6yh', 'md5': '1770757bc5c99c48b994dfbd76a4bf23', 'sha1': 'dd9508a2546cc4919e455b322058f0badb24ec7c', 'sha256': 'f8c75173f1fbe7788b2e8e432218bef5799a994c3d7f8f73f72a88241597c378'}, 'dob': {'date': '1994-05-13T14:29:31.313Z', 'age': 30}, 'registered': {'date': '2009-05-17T03:14:30.042Z', 'age': 15}, 'phone': '015242 14600', 'cell': '07797 295742', 'id': {'name': 'NINO', 'value': 'OJ 90 25 19 M'}, 'picture': {'large': 'https://randomuser.me/api/portraits/women/74.jpg', 'medium': 'https://randomuser.me/api/portraits/med/women/74.jpg', 'thumbnail': 'https://randomuser.me/api/portraits/thumb/women/74.jpg'}, 'nat': 'GB'}</msg>
<arg>${json_data['results'][0]}</arg>
<doc>Logs the given message with the given level.</doc>
<status status="PASS" start="2024-07-06T14:12:14.517534" elapsed="0.000414"/>
</kw>
<kw name="Log" owner="BuiltIn">
<msg time="2024-07-06T14:12:14.518362" level="INFO">login</msg>
<arg>${key}</arg>
<doc>Logs the given message with the given level.</doc>
<status status="PASS" start="2024-07-06T14:12:14.518236" elapsed="0.000164"/>
</kw>
<var name="${key}">login</var>
<status status="PASS" start="2024-07-06T14:12:14.516864" elapsed="0.001751"/>
</iter>
<var>${key}</var>
<value>@{expected_keys}</value>
<status status="PASS" start="2024-07-06T14:12:14.508665" elapsed="0.010070"/>
</for>
<kw name="Create List" owner="BuiltIn">
<msg time="2024-07-06T14:12:14.519094" level="INFO">${expected_keysTwo} = ['username', 'password']</msg>
<var>${expected_keysTwo}</var>
<arg>username</arg>
<arg>password</arg>
<doc>Returns a list containing given items.</doc>
<status status="PASS" start="2024-07-06T14:12:14.518956" elapsed="0.000163"/>
</kw>
<for flavor="IN">
<iter>
<kw name="Dictionary Should Contain Key" owner="Collections">
<arg>${json_data['results'][0]['login']}</arg>
<arg>${keyTwo}</arg>
<doc>Fails if ``key`` is not found from ``dictionary``.</doc>
<status status="PASS" start="2024-07-06T14:12:14.519621" elapsed="0.000430"/>
</kw>
<kw name="Dictionary Should Contain Key" owner="Collections">
<arg>${json_data['results'][0]['login']}</arg>
<arg>${keyTwo}</arg>
<doc>Fails if ``key`` is not found from ``dictionary``.</doc>
<status status="PASS" start="2024-07-06T14:12:14.520249" elapsed="0.000377"/>
</kw>
<kw name="Log" owner="BuiltIn">
<msg time="2024-07-06T14:12:14.520935" level="INFO">username</msg>
<arg>${keyTwo}</arg>
<doc>Logs the given message with the given level.</doc>
<status status="PASS" start="2024-07-06T14:12:14.520813" elapsed="0.000160"/>
</kw>
<var name="${keyTwo}">username</var>
<status status="PASS" start="2024-07-06T14:12:14.519514" elapsed="0.001686"/>
</iter>
<iter>
<kw name="Dictionary Should Contain Key" owner="Collections">
<arg>${json_data['results'][0]['login']}</arg>
<arg>${keyTwo}</arg>
<doc>Fails if ``key`` is not found from ``dictionary``.</doc>
<status status="PASS" start="2024-07-06T14:12:14.521476" elapsed="0.000383"/>
</kw>
<kw name="Dictionary Should Contain Key" owner="Collections">
<arg>${json_data['results'][0]['login']}</arg>
<arg>${keyTwo}</arg>
<doc>Fails if ``key`` is not found from ``dictionary``.</doc>
<status status="PASS" start="2024-07-06T14:12:14.522057" elapsed="0.000385"/>
</kw>
<kw name="Log" owner="BuiltIn">
<msg time="2024-07-06T14:12:14.522734" level="INFO">password</msg>
<arg>${keyTwo}</arg>
<doc>Logs the given message with the given level.</doc>
<status status="PASS" start="2024-07-06T14:12:14.522617" elapsed="0.000155"/>
</kw>
<var name="${keyTwo}">password</var>
<status status="PASS" start="2024-07-06T14:12:14.521370" elapsed="0.001717"/>
</iter>
<var>${keyTwo}</var>
<value>@{expected_keysTwo}</value>
<status status="PASS" start="2024-07-06T14:12:14.519357" elapsed="0.003850"/>
</for>
<status status="PASS" start="2024-07-06T14:12:14.397283" elapsed="0.126067"/>
</kw>
<doc>Testa a estrutura da resposta da API.</doc>
<tag>testeEstruturaResposta</tag>
<status status="PASS" start="2024-07-06T14:12:14.396481" elapsed="0.127026"/>
</test>
<test id="s1-s1-t4" name="Validar tipos de dados" line="28">
<kw name="Teste de Tipos de Dados" owner="random-user-service">
<kw name="GET On Session" owner="RequestsLibrary">
<msg time="2024-07-06T14:12:14.624978" level="INFO">GET Request : url=https://randomuser.me/api 
 path_url=/api 
 headers={'User-Agent': 'python-requests/2.32.3', 'Accept-Encoding': 'gzip, deflate', 'Accept': '*/*', 'Connection': 'keep-alive'} 
 body=None 
 </msg>
<msg time="2024-07-06T14:12:14.625093" level="INFO">GET Response : url=https://randomuser.me/api 
 status=200, reason=OK 
 headers={'Date': 'Sat, 06 Jul 2024 14:12:14 GMT', 'Content-Type': 'application/json; charset=utf-8', 'Transfer-Encoding': 'chunked', 'Connection': 'keep-alive', 'X-Powered-By': 'Express', 'Access-Control-Allow-Origin': '*', 'Cache-Control': 'no-cache', 'ETag': 'W/"488-t9jmSQWNr7TESqmcXlDw2eaOj8c"', 'Vary': 'Accept-Encoding', 'Content-Encoding': 'gzip', 'CF-Cache-Status': 'DYNAMIC', 'Report-To': '{"endpoints":[{"url":"https:\\/\\/a.nel.cloudflare.com\\/report\\/v4?s=o6%2B8MmwF5II90GTs%2FRZg21uPJ1FZLJ6%2B7ikzsUiLJZcpRWpW9Wtt6tQUr%2FalGXFSZZmn2O%2BWyMvgzp%2B3O5BVHdr%2BzXUZRNPWFM334UXXoUGp5dDu9XO%2B01D9SjoWz5Iv"}],"group":"cf-nel","max_age":604800}', 'NEL': '{"success_fraction":0,"report_to":"cf-nel","max_age":604800}', 'Server': 'cloudflare', 'CF-RAY': '89f03046cb4e2d25-ORD', 'alt-svc': 'h3=":443"; ma=86400'} 
 body={"results":[{"gender":"female","name":{"title":"Mrs","first":"Phoebe","last":"Hamilton"},"location":{"street":{"number":2461,"name":"Grove Road"},"city":"Rush","state":"Limerick","country":"Ireland","postcode":38476,"coordinates":{"latitude":"0.3023","longitude":"82.3741"},"timezone":{"offset":"+5:30","description":"Bombay, Calcutta, Madras, New Delhi"}},"email":"phoebe.hamilton@example.com","login":{"uuid":"c59b34d8-5532-479d-a63c-7c3b19a6dc1b","username":"silverkoala779","password":"chui","salt":"vnjBJZkx","md5":"a2bcfab9102b3d6ec28941c821121ff9","sha1":"b476a213c0ea4150483d2f20b0b9671366a80588","sha256":"b7f75d731105e24106a7d455086e93680d82052032791bf8bdedc4de61d19411"},"dob":{"date":"1958-08-02T16:56:52.762Z","age":65},"registered":{"date":"2016-02-09T11:35:03.348Z","age":8},"phone":"051-648-7177","cell":"081-885-5414","id":{"name":"PPS","value":"4510906T"},"picture":{"large":"https://randomuser.me/api/portraits/women/9.jpg","medium":"https://randomuser.me/api/portraits/med/women/9.jpg","thumbnail":"https://randomuser.me/api/portraits/thumb/women/9.jpg"},"nat":"IE"}],"info":{"seed":"e96d9edeb4e65345","results":1,"page":1,"version":"1.4"}} 
 </msg>
<msg time="2024-07-06T14:12:14.625179" level="INFO">/opt/hostedtoolcache/Python/3.12.4/x64/lib/python3.12/site-packages/urllib3/connectionpool.py:1099: InsecureRequestWarning: Unverified HTTPS request is being made to host 'randomuser.me'. Adding certificate verification is strongly advised. See: https://urllib3.readthedocs.io/en/latest/advanced-usage.html#tls-warnings
  warnings.warn(</msg>
<msg time="2024-07-06T14:12:14.625320" level="INFO">${response} = &lt;Response [200]&gt;</msg>
<var>${response}</var>
<arg>consultarAPI</arg>
<arg>/api</arg>
<doc>Sends a GET request on a previously created HTTP Session.</doc>
<status status="PASS" start="2024-07-06T14:12:14.526102" elapsed="0.099284"/>
</kw>
<kw name="Set Variable" owner="BuiltIn">
<msg time="2024-07-06T14:12:14.626609" level="INFO">${json_data} = {'results': [{'gender': 'female', 'name': {'title': 'Mrs', 'first': 'Phoebe', 'last': 'Hamilton'}, 'location': {'street': {'number': 2461, 'name': 'Grove Road'}, 'city': 'Rush', 'state': 'Limerick', '...</msg>
<var>${json_data}</var>
<arg>${response.json()}</arg>
<doc>Returns the given values which can then be assigned to a variables.</doc>
<status status="PASS" start="2024-07-06T14:12:14.626036" elapsed="0.000605"/>
</kw>
<kw name="Log" owner="BuiltIn">
<msg time="2024-07-06T14:12:14.627158" level="INFO">{'results': [{'gender': 'female', 'name': {'title': 'Mrs', 'first': 'Phoebe', 'last': 'Hamilton'}, 'location': {'street': {'number': 2461, 'name': 'Grove Road'}, 'city': 'Rush', 'state': 'Limerick', 'country': 'Ireland', 'postcode': 38476, 'coordinates': {'latitude': '0.3023', 'longitude': '82.3741'}, 'timezone': {'offset': '+5:30', 'description': 'Bombay, Calcutta, Madras, New Delhi'}}, 'email': 'phoebe.hamilton@example.com', 'login': {'uuid': 'c59b34d8-5532-479d-a63c-7c3b19a6dc1b', 'username': 'silverkoala779', 'password': 'chui', 'salt': 'vnjBJZkx', 'md5': 'a2bcfab9102b3d6ec28941c821121ff9', 'sha1': 'b476a213c0ea4150483d2f20b0b9671366a80588', 'sha256': 'b7f75d731105e24106a7d455086e93680d82052032791bf8bdedc4de61d19411'}, 'dob': {'date': '1958-08-02T16:56:52.762Z', 'age': 65}, 'registered': {'date': '2016-02-09T11:35:03.348Z', 'age': 8}, 'phone': '051-648-7177', 'cell': '081-885-5414', 'id': {'name': 'PPS', 'value': '4510906T'}, 'picture': {'large': 'https://randomuser.me/api/portraits/women/9.jpg', 'medium': 'https://randomuser.me/api/portraits/med/women/9.jpg', 'thumbnail': 'https://randomuser.me/api/portraits/thumb/women/9.jpg'}, 'nat': 'IE'}], 'info': {'seed': 'e96d9edeb4e65345', 'results': 1, 'page': 1, 'version': '1.4'}}</msg>
<arg>${json_data}</arg>
<doc>Logs the given message with the given level.</doc>
<status status="PASS" start="2024-07-06T14:12:14.626991" elapsed="0.000230"/>
</kw>
<kw name="Should Be String" owner="String">
<arg>${json_data['results'][0]['gender']}</arg>
<doc>Fails if the given ``item`` is not a string.</doc>
<status status="PASS" start="2024-07-06T14:12:14.627528" elapsed="0.000383"/>
</kw>
<kw name="Should Match Regexp" owner="BuiltIn">
<arg>${json_data['results'][0]['email']}</arg>
<arg>^[a-zA-Z0-9._%+-]+@[a-zA-Z0-9.-]+\.[a-zA-Z]{2,}$</arg>
<doc>Fails if ``string`` does not match ``pattern`` as a regular expression.</doc>
<status status="PASS" start="2024-07-06T14:12:14.628193" elapsed="0.000552"/>
</kw>
<kw name="Should Match Regexp" owner="BuiltIn">
<arg>${json_data['results'][0]['dob']['date']}</arg>
<arg>\\d{4}-\\d{2}-\\d{2}T\\d{2}:\\d{2}:\\d{2}\\.\\d{3}Z</arg>
<doc>Fails if ``string`` does not match ``pattern`` as a regular expression.</doc>
<status status="PASS" start="2024-07-06T14:12:14.628949" elapsed="0.000496"/>
</kw>
<kw name="Should Match Regexp" owner="BuiltIn">
<arg>${json_data['results'][0]['registered']['date']}</arg>
<arg>\\d{4}-\\d{2}-\\d{2}T\\d{2}:\\d{2}:\\d{2}\\.\\d{3}Z</arg>
<doc>Fails if ``string`` does not match ``pattern`` as a regular expression.</doc>
<status status="PASS" start="2024-07-06T14:12:14.629641" elapsed="0.000371"/>
</kw>
<kw name="Should Match Regexp" owner="BuiltIn">
<arg>${json_data['results'][0]['picture']['large']}</arg>
<arg>^https?://.*\.(?:png|jpe?g|gif|bmp)$</arg>
<doc>Fails if ``string`` does not match ``pattern`` as a regular expression.</doc>
<status status="PASS" start="2024-07-06T14:12:14.630199" elapsed="0.000457"/>
</kw>
<kw name="Should Match Regexp" owner="BuiltIn">
<arg>${json_data['results'][0]['picture']['medium']}</arg>
<arg>^https?://.*\.(?:png|jpe?g|gif|bmp)$</arg>
<doc>Fails if ``string`` does not match ``pattern`` as a regular expression.</doc>
<status status="PASS" start="2024-07-06T14:12:14.630844" elapsed="0.000355"/>
</kw>
<kw name="Should Match Regexp" owner="BuiltIn">
<arg>${json_data['results'][0]['picture']['thumbnail']}</arg>
<arg>^https?://.*\.(?:png|jpe?g|gif|bmp)$</arg>
<doc>Fails if ``string`` does not match ``pattern`` as a regular expression.</doc>
<status status="PASS" start="2024-07-06T14:12:14.631383" elapsed="0.000352"/>
</kw>
<kw name="Log" owner="BuiltIn">
<msg time="2024-07-06T14:12:14.632283" level="INFO">{'large': 'https://randomuser.me/api/portraits/women/9.jpg', 'medium': 'https://randomuser.me/api/portraits/med/women/9.jpg', 'thumbnail': 'https://randomuser.me/api/portraits/thumb/women/9.jpg'}</msg>
<arg>${json_data['results'][0]['picture']}</arg>
<doc>Logs the given message with the given level.</doc>
<status status="PASS" start="2024-07-06T14:12:14.631918" elapsed="0.000410"/>
</kw>
<status status="PASS" start="2024-07-06T14:12:14.525876" elapsed="0.106715"/>
</kw>
<kw name="Teste de Tipos de Dados - Postcode" owner="random-user-service">
<kw name="GET On Session" owner="RequestsLibrary">
<msg time="2024-07-06T14:12:14.696215" level="INFO">GET Request : url=https://randomuser.me/api 
 path_url=/api 
 headers={'User-Agent': 'python-requests/2.32.3', 'Accept-Encoding': 'gzip, deflate', 'Accept': '*/*', 'Connection': 'keep-alive'} 
 body=None 
 </msg>
<msg time="2024-07-06T14:12:14.696330" level="INFO">GET Response : url=https://randomuser.me/api 
 status=200, reason=OK 
 headers={'Date': 'Sat, 06 Jul 2024 14:12:14 GMT', 'Content-Type': 'application/json; charset=utf-8', 'Transfer-Encoding': 'chunked', 'Connection': 'keep-alive', 'X-Powered-By': 'Express', 'Access-Control-Allow-Origin': '*', 'Cache-Control': 'no-cache', 'ETag': 'W/"493-spjKBuVEgU/7N78fTO9pUegqzfg"', 'Vary': 'Accept-Encoding', 'Content-Encoding': 'gzip', 'CF-Cache-Status': 'DYNAMIC', 'Report-To': '{"endpoints":[{"url":"https:\\/\\/a.nel.cloudflare.com\\/report\\/v4?s=fT7zrqkFgxghszhVL4CQjM%2Fhbia73Tqp4DTwhpyvGjbohGvraJpPigXqpvzo752%2BhrV3QsS9s3QkqDBYMsOgi7W0UiyFsTgjU2dqC8Trjib4TdrTM%2BoyOe5F%2FkFRNVbZ"}],"group":"cf-nel","max_age":604800}', 'NEL': '{"success_fraction":0,"report_to":"cf-nel","max_age":604800}', 'Server': 'cloudflare', 'CF-RAY': '89f030477c022d25-ORD', 'alt-svc': 'h3=":443"; ma=86400'} 
 body={"results":[{"gender":"female","name":{"title":"Mrs","first":"Selma","last":"Sørensen"},"location":{"street":{"number":2138,"name":"Egeparken"},"city":"Horsens","state":"Hovedstaden","country":"Denmark","postcode":48783,"coordinates":{"latitude":"-42.7791","longitude":"166.0763"},"timezone":{"offset":"+10:00","description":"Eastern Australia, Guam, Vladivostok"}},"email":"selma.sorensen@example.com","login":{"uuid":"df8f3244-6483-4c0c-bd44-cb466b7d433a","username":"goldenrabbit740","password":"donna1","salt":"pHoXaWRY","md5":"18d3dcc156ebcb2a3242fd19123bdf02","sha1":"8fbd0720390124ca656ac59e26c4fd3caebd6028","sha256":"d9bedd34a0c5cb52b209779832badb910b7e0bd0771310acf37ffcf653281c66"},"dob":{"date":"1961-10-28T09:17:52.691Z","age":62},"registered":{"date":"2010-01-14T09:59:38.794Z","age":14},"phone":"64822269","cell":"68284604","id":{"name":"CPR","value":"281061-1144"},"picture":{"large":"https://randomuser.me/api/portraits/women/38.jpg","medium":"https://randomuser.me/api/portraits/med/women/38.jpg","thumbnail":"https://randomuser.me/api/portraits/thumb/women/38.jpg"},"nat":"DK"}],"info":{"seed":"57ec1a406db09247","results":1,"page":1,"version":"1.4"}} 
 </msg>
<msg time="2024-07-06T14:12:14.696406" level="INFO">/opt/hostedtoolcache/Python/3.12.4/x64/lib/python3.12/site-packages/urllib3/connectionpool.py:1099: InsecureRequestWarning: Unverified HTTPS request is being made to host 'randomuser.me'. Adding certificate verification is strongly advised. See: https://urllib3.readthedocs.io/en/latest/advanced-usage.html#tls-warnings
  warnings.warn(</msg>
<msg time="2024-07-06T14:12:14.696534" level="INFO">${response} = &lt;Response [200]&gt;</msg>
<var>${response}</var>
<arg>consultarAPI</arg>
<arg>/api</arg>
<doc>Sends a GET request on a previously created HTTP Session.</doc>
<status status="PASS" start="2024-07-06T14:12:14.633059" elapsed="0.063517"/>
</kw>
<kw name="Set Variable" owner="BuiltIn">
<msg time="2024-07-06T14:12:14.697816" level="INFO">${json_data} = {'results': [{'gender': 'female', 'name': {'title': 'Mrs', 'first': 'Selma', 'last': 'Sørensen'}, 'location': {'street': {'number': 2138, 'name': 'Egeparken'}, 'city': 'Horsens', 'state': 'Hovedstaden...</msg>
<var>${json_data}</var>
<arg>${response.json()}</arg>
<doc>Returns the given values which can then be assigned to a variables.</doc>
<status status="PASS" start="2024-07-06T14:12:14.697219" elapsed="0.000628"/>
</kw>
<kw name="Log" owner="BuiltIn">
<msg time="2024-07-06T14:12:14.698371" level="INFO">{'results': [{'gender': 'female', 'name': {'title': 'Mrs', 'first': 'Selma', 'last': 'Sørensen'}, 'location': {'street': {'number': 2138, 'name': 'Egeparken'}, 'city': 'Horsens', 'state': 'Hovedstaden', 'country': 'Denmark', 'postcode': 48783, 'coordinates': {'latitude': '-42.7791', 'longitude': '166.0763'}, 'timezone': {'offset': '+10:00', 'description': 'Eastern Australia, Guam, Vladivostok'}}, 'email': 'selma.sorensen@example.com', 'login': {'uuid': 'df8f3244-6483-4c0c-bd44-cb466b7d433a', 'username': 'goldenrabbit740', 'password': 'donna1', 'salt': 'pHoXaWRY', 'md5': '18d3dcc156ebcb2a3242fd19123bdf02', 'sha1': '8fbd0720390124ca656ac59e26c4fd3caebd6028', 'sha256': 'd9bedd34a0c5cb52b209779832badb910b7e0bd0771310acf37ffcf653281c66'}, 'dob': {'date': '1961-10-28T09:17:52.691Z', 'age': 62}, 'registered': {'date': '2010-01-14T09:59:38.794Z', 'age': 14}, 'phone': '64822269', 'cell': '68284604', 'id': {'name': 'CPR', 'value': '281061-1144'}, 'picture': {'large': 'https://randomuser.me/api/portraits/women/38.jpg', 'medium': 'https://randomuser.me/api/portraits/med/women/38.jpg', 'thumbnail': 'https://randomuser.me/api/portraits/thumb/women/38.jpg'}, 'nat': 'DK'}], 'info': {'seed': '57ec1a406db09247', 'results': 1, 'page': 1, 'version': '1.4'}}</msg>
<arg>${json_data}</arg>
<doc>Logs the given message with the given level.</doc>
<status status="PASS" start="2024-07-06T14:12:14.698195" elapsed="0.000226"/>
</kw>
<kw name="Should Be Equal As Numbers" owner="BuiltIn">
<arg>${json_data['results'][0]['location']['postcode']}</arg>
<arg>${json_data['results'][0]['location']['postcode']}</arg>
<doc>Fails if objects are unequal after converting them to real numbers.</doc>
<status status="PASS" start="2024-07-06T14:12:14.698727" elapsed="0.000653"/>
</kw>
<kw name="Log" owner="BuiltIn">
<msg time="2024-07-06T14:12:14.700182" level="INFO">48783</msg>
<arg>${json_data['results'][0]['location']['postcode']}</arg>
<doc>Logs the given message with the given level.</doc>
<status status="PASS" start="2024-07-06T14:12:14.699612" elapsed="0.000615"/>
</kw>
<status status="PASS" start="2024-07-06T14:12:14.632828" elapsed="0.067668"/>
</kw>
<doc>Testa se os tipos de dados na resposta da API estão corretos.</doc>
<tag>testeTiposDados</tag>
<status status="PASS" start="2024-07-06T14:12:14.525421" elapsed="0.175246"/>
</test>
<test id="s1-s1-t5" name="Validar conteudo" line="35">
<kw name="Teste de Tipos de Conteudo" owner="random-user-service">
<kw name="GET On Session" owner="RequestsLibrary">
<msg time="2024-07-06T14:12:14.796666" level="INFO">GET Request : url=https://randomuser.me/api 
 path_url=/api 
 headers={'User-Agent': 'python-requests/2.32.3', 'Accept-Encoding': 'gzip, deflate', 'Accept': '*/*', 'Connection': 'keep-alive'} 
 body=None 
 </msg>
<msg time="2024-07-06T14:12:14.796759" level="INFO">GET Response : url=https://randomuser.me/api 
 status=200, reason=OK 
 headers={'Date': 'Sat, 06 Jul 2024 14:12:14 GMT', 'Content-Type': 'application/json; charset=utf-8', 'Transfer-Encoding': 'chunked', 'Connection': 'keep-alive', 'X-Powered-By': 'Express', 'Access-Control-Allow-Origin': '*', 'Cache-Control': 'no-cache', 'ETag': 'W/"482-OBZVSHvCIsDEa7R6lXwCAOrLHGw"', 'Vary': 'Accept-Encoding', 'Content-Encoding': 'gzip', 'CF-Cache-Status': 'DYNAMIC', 'Report-To': '{"endpoints":[{"url":"https:\\/\\/a.nel.cloudflare.com\\/report\\/v4?s=BxpyhPxsm6uhkudYR5JQBKss%2BIeKREUqTZfGpbK5KldzXrveHOUNtiGtI71qEMElK7Sg9L3l8gcfYr6d6lKdgOJ0thPnF1CvEwrPssIh7oH835x6RPFcBvNyPkie9Cg%2B"}],"group":"cf-nel","max_age":604800}', 'NEL': '{"success_fraction":0,"report_to":"cf-nel","max_age":604800}', 'Server': 'cloudflare', 'CF-RAY': '89f03047ec642d25-ORD', 'alt-svc': 'h3=":443"; ma=86400'} 
 body={"results":[{"gender":"male","name":{"title":"Mr","first":"Daniel","last":"Novak"},"location":{"street":{"number":1014,"name":"Balmoral St"},"city":"Winfield","state":"Québec","country":"Canada","postcode":"B5G 0T0","coordinates":{"latitude":"-70.7516","longitude":"-161.0771"},"timezone":{"offset":"+2:00","description":"Kaliningrad, South Africa"}},"email":"daniel.novak@example.com","login":{"uuid":"3b812fdf-46cc-4caa-ab89-f96c77a81417","username":"lazymeercat986","password":"pimping","salt":"ryWWVPNk","md5":"ea19a6807eb341ccd6ca332def4f3ecb","sha1":"f52f8143dce3d99b866490de6de1609ab7cb1f7b","sha256":"0a332da05628f82e0fa5aae715af35a837e0291a0094531f1e960c266e9251aa"},"dob":{"date":"1977-10-20T03:54:37.569Z","age":46},"registered":{"date":"2010-04-17T07:27:23.233Z","age":14},"phone":"M46 N13-0476","cell":"U62 W79-5909","id":{"name":"SIN","value":"653864603"},"picture":{"large":"https://randomuser.me/api/portraits/men/80.jpg","medium":"https://randomuser.me/api/portraits/med/men/80.jpg","thumbnail":"https://randomuser.me/api/portraits/thumb/men/80.jpg"},"nat":"CA"}],"info":{"seed":"1a7bf10a07d5ede7","results":1,"page":1,"version":"1.4"}} 
 </msg>
<msg time="2024-07-06T14:12:14.796833" level="INFO">/opt/hostedtoolcache/Python/3.12.4/x64/lib/python3.12/site-packages/urllib3/connectionpool.py:1099: InsecureRequestWarning: Unverified HTTPS request is being made to host 'randomuser.me'. Adding certificate verification is strongly advised. See: https://urllib3.readthedocs.io/en/latest/advanced-usage.html#tls-warnings
  warnings.warn(</msg>
<msg time="2024-07-06T14:12:14.796947" level="INFO">${response} = &lt;Response [200]&gt;</msg>
<var>${response}</var>
<arg>consultarAPI</arg>
<arg>/api</arg>
<doc>Sends a GET request on a previously created HTTP Session.</doc>
<status status="PASS" start="2024-07-06T14:12:14.703234" elapsed="0.093749"/>
</kw>
<kw name="Set Variable" owner="BuiltIn">
<msg time="2024-07-06T14:12:14.797994" level="INFO">${json_data} = {'results': [{'gender': 'male', 'name': {'title': 'Mr', 'first': 'Daniel', 'last': 'Novak'}, 'location': {'street': {'number': 1014, 'name': 'Balmoral St'}, 'city': 'Winfield', 'state': 'Québec', 'cou...</msg>
<var>${json_data}</var>
<arg>${response.json()}</arg>
<doc>Returns the given values which can then be assigned to a variables.</doc>
<status status="PASS" start="2024-07-06T14:12:14.797488" elapsed="0.000535"/>
</kw>
<kw name="Set Variable" owner="BuiltIn">
<msg time="2024-07-06T14:12:14.798717" level="INFO">${name_title} = Mr</msg>
<var>${name_title}</var>
<arg>${json_data["results"][0]["name"]["title"]}</arg>
<doc>Returns the given values which can then be assigned to a variables.</doc>
<status status="PASS" start="2024-07-06T14:12:14.798340" elapsed="0.000403"/>
</kw>
<kw name="Create List" owner="BuiltIn">
<msg time="2024-07-06T14:12:14.799181" level="INFO">${allowed_titles} = ['Mr', 'Ms', 'Miss', 'Mrs', 'Madame', 'Monsieur']</msg>
<var>${allowed_titles}</var>
<arg>Mr</arg>
<arg>Ms</arg>
<arg>Miss</arg>
<arg>Mrs</arg>
<arg>Madame</arg>
<arg>Monsieur</arg>
<doc>Returns a list containing given items.</doc>
<status status="PASS" start="2024-07-06T14:12:14.799034" elapsed="0.000172"/>
</kw>
<kw name="List Should Contain Value" owner="Collections">
<arg>${allowed_titles}</arg>
<arg>${name_title}</arg>
<doc>Fails if the ``value`` is not found from ``list``.</doc>
<status status="PASS" start="2024-07-06T14:12:14.799498" elapsed="0.000181"/>
</kw>
<kw name="Set Variable" owner="BuiltIn">
<msg time="2024-07-06T14:12:14.800273" level="INFO">${name_country} = CA</msg>
<var>${name_country}</var>
<arg>${json_data["results"][0]["nat"]}</arg>
<doc>Returns the given values which can then be assigned to a variables.</doc>
<status status="PASS" start="2024-07-06T14:12:14.799864" elapsed="0.000434"/>
</kw>
<kw name="Create List" owner="BuiltIn">
<msg time="2024-07-06T14:12:14.801175" level="INFO">${list_country} = ['AD', 'AE', 'AF', 'AG', 'AI', 'AL', 'AM', 'AO', 'AQ', 'AR', 'AS', 'AT', 'AU', 'AW', 'AX', 'AZ', 'BA', 'BB', 'BD', 'BE', 'BF', 'BG', 'BH', 'BI', 'BJ', 'BL', 'BM', 'BN', 'BO', 'BQ', 'BR', 'BS', 'BT', '...</msg>
<var>${list_country}</var>
<arg>AD</arg>
<arg>AE</arg>
<arg>AF</arg>
<arg>AG</arg>
<arg>AI</arg>
<arg>AL</arg>
<arg>AM</arg>
<arg>AO</arg>
<arg>AQ</arg>
<arg>AR</arg>
<arg>AS</arg>
<arg>AT</arg>
<arg>AU</arg>
<arg>AW</arg>
<arg>AX</arg>
<arg>AZ</arg>
<arg>BA</arg>
<arg>BB</arg>
<arg>BD</arg>
<arg>BE</arg>
<arg>BF</arg>
<arg>BG</arg>
<arg>BH</arg>
<arg>BI</arg>
<arg>BJ</arg>
<arg>BL</arg>
<arg>BM</arg>
<arg>BN</arg>
<arg>BO</arg>
<arg>BQ</arg>
<arg>BR</arg>
<arg>BS</arg>
<arg>BT</arg>
<arg>BV</arg>
<arg>BW</arg>
<arg>BY</arg>
<arg>BZ</arg>
<arg>CA</arg>
<arg>CC</arg>
<arg>CD</arg>
<arg>CF</arg>
<arg>CG</arg>
<arg>CH</arg>
<arg>CI</arg>
<arg>CK</arg>
<arg>CL</arg>
<arg>CM</arg>
<arg>CN</arg>
<arg>CO</arg>
<arg>CR</arg>
<arg>CU</arg>
<arg>CV</arg>
<arg>CW</arg>
<arg>CX</arg>
<arg>CY</arg>
<arg>CZ</arg>
<arg>DE</arg>
<arg>DJ</arg>
<arg>DK</arg>
<arg>DM</arg>
<arg>DO</arg>
<arg>DZ</arg>
<arg>EC</arg>
<arg>EE</arg>
<arg>EG</arg>
<arg>EH</arg>
<arg>ER</arg>
<arg>ES</arg>
<arg>ET</arg>
<arg>FI</arg>
<arg>FJ</arg>
<arg>FK</arg>
<arg>FM</arg>
<arg>FO</arg>
<arg>FR</arg>
<arg>GA</arg>
<arg>GB</arg>
<arg>GD</arg>
<arg>GE</arg>
<arg>GF</arg>
<arg>GG</arg>
<arg>GH</arg>
<arg>GI</arg>
<arg>GL</arg>
<arg>GM</arg>
<arg>GN</arg>
<arg>GP</arg>
<arg>GQ</arg>
<arg>GR</arg>
<arg>GS</arg>
<arg>GT</arg>
<arg>GU</arg>
<arg>GW</arg>
<arg>GY</arg>
<arg>HK</arg>
<arg>HM</arg>
<arg>HN</arg>
<arg>HR</arg>
<arg>HT</arg>
<arg>HU</arg>
<arg>ID</arg>
<arg>IE</arg>
<arg>IL</arg>
<arg>IM</arg>
<arg>IN</arg>
<arg>IO</arg>
<arg>IQ</arg>
<arg>IR</arg>
<arg>IS</arg>
<arg>IT</arg>
<arg>JE</arg>
<arg>JM</arg>
<arg>JO</arg>
<arg>JP</arg>
<arg>KE</arg>
<arg>KG</arg>
<arg>KH</arg>
<arg>KI</arg>
<arg>KM</arg>
<arg>KN</arg>
<arg>KP</arg>
<arg>KR</arg>
<arg>KW</arg>
<arg>KY</arg>
<arg>KZ</arg>
<arg>LA</arg>
<arg>LB</arg>
<arg>LC</arg>
<arg>LI</arg>
<arg>LK</arg>
<arg>LR</arg>
<arg>LS</arg>
<arg>LT</arg>
<arg>LU</arg>
<arg>LV</arg>
<arg>LY</arg>
<arg>MA</arg>
<arg>MC</arg>
<arg>MD</arg>
<arg>ME</arg>
<arg>MF</arg>
<arg>MG</arg>
<arg>MH</arg>
<arg>MK</arg>
<arg>ML</arg>
<arg>MM</arg>
<arg>MN</arg>
<arg>MO</arg>
<arg>MP</arg>
<arg>MQ</arg>
<arg>MR</arg>
<arg>MS</arg>
<arg>MT</arg>
<arg>MU</arg>
<arg>MV</arg>
<arg>MW</arg>
<arg>MX</arg>
<arg>MY</arg>
<arg>MZ</arg>
<arg>NA</arg>
<arg>NC</arg>
<arg>NE</arg>
<arg>NF</arg>
<arg>NG</arg>
<arg>NI</arg>
<arg>NL</arg>
<arg>NO</arg>
<arg>NP</arg>
<arg>NR</arg>
<arg>NU</arg>
<arg>NZ</arg>
<arg>OM</arg>
<arg>PA</arg>
<arg>PE</arg>
<arg>PF</arg>
<arg>PG</arg>
<arg>PH</arg>
<arg>PK</arg>
<arg>PL</arg>
<arg>PM</arg>
<arg>PN</arg>
<arg>PR</arg>
<arg>PS</arg>
<arg>PT</arg>
<arg>PW</arg>
<arg>PY</arg>
<arg>QA</arg>
<arg>RE</arg>
<arg>RO</arg>
<arg>RS</arg>
<arg>RU</arg>
<arg>RW</arg>
<arg>SA</arg>
<arg>SB</arg>
<arg>SC</arg>
<arg>SD</arg>
<arg>SE</arg>
<arg>SG</arg>
<arg>SH</arg>
<arg>SI</arg>
<arg>SJ</arg>
<arg>SK</arg>
<arg>SL</arg>
<arg>SM</arg>
<arg>SN</arg>
<arg>SO</arg>
<arg>SR</arg>
<arg>SS</arg>
<arg>ST</arg>
<arg>SV</arg>
<arg>SX</arg>
<arg>SY</arg>
<arg>SZ</arg>
<arg>TC</arg>
<arg>TD</arg>
<arg>TF</arg>
<arg>TG</arg>
<arg>TH</arg>
<arg>TJ</arg>
<arg>TK</arg>
<arg>TL</arg>
<arg>TM</arg>
<arg>TN</arg>
<arg>TO</arg>
<arg>TR</arg>
<arg>TT</arg>
<arg>TV</arg>
<arg>TW</arg>
<arg>TZ</arg>
<arg>UA</arg>
<arg>UG</arg>
<arg>UM</arg>
<arg>US</arg>
<arg>UY</arg>
<arg>UZ</arg>
<arg>VA</arg>
<arg>VC</arg>
<arg>VE</arg>
<arg>VG</arg>
<arg>VI</arg>
<arg>VN</arg>
<arg>VU</arg>
<arg>WF</arg>
<arg>WS</arg>
<arg>XK</arg>
<arg>YE</arg>
<arg>YT</arg>
<arg>ZA</arg>
<arg>ZM</arg>
<arg>ZW</arg>
<doc>Returns a list containing given items.</doc>
<status status="PASS" start="2024-07-06T14:12:14.800585" elapsed="0.000615"/>
</kw>
<kw name="List Should Contain Value" owner="Collections">
<arg>${list_country}</arg>
<arg>${name_country}</arg>
<doc>Fails if the ``value`` is not found from ``list``.</doc>
<status status="PASS" start="2024-07-06T14:12:14.801979" elapsed="0.000197"/>
</kw>
<kw name="Run Keyword If" owner="BuiltIn">
<kw name="Should Be True" owner="BuiltIn">
<arg>${True}</arg>
<doc>Fails if the given condition is not true.</doc>
<status status="PASS" start="2024-07-06T14:12:14.803108" elapsed="0.000140"/>
</kw>
<arg>${json_data["results"][0]["location"]["coordinates"]["latitude"]} &gt;= -90 and ${json_data["results"][0]["location"]["coordinates"]["latitude"]} &lt;= 90</arg>
<arg>Should Be True</arg>
<arg>${True}</arg>
<doc>Runs the given keyword with the given arguments, if ``condition`` is true.</doc>
<status status="PASS" start="2024-07-06T14:12:14.802370" elapsed="0.001001"/>
</kw>
<kw name="Run Keyword If" owner="BuiltIn">
<kw name="Should Be True" owner="BuiltIn">
<arg>${True}</arg>
<doc>Fails if the given condition is not true.</doc>
<status status="PASS" start="2024-07-06T14:12:14.804261" elapsed="0.000240"/>
</kw>
<arg>${json_data["results"][0]["location"]["coordinates"]["longitude"]} &gt;= -180 and ${json_data["results"][0]["location"]["coordinates"]["longitude"]} &lt;= 180</arg>
<arg>Should Be True</arg>
<arg>${True}</arg>
<doc>Runs the given keyword with the given arguments, if ``condition`` is true.</doc>
<status status="PASS" start="2024-07-06T14:12:14.803547" elapsed="0.001083"/>
</kw>
<status status="PASS" start="2024-07-06T14:12:14.703007" elapsed="0.101757"/>
</kw>
<doc>Testa o conteúdo específico dos campos retornados pela API.</doc>
<tag>testeConteudo</tag>
<status status="PASS" start="2024-07-06T14:12:14.702454" elapsed="0.102461"/>
</test>
<status status="PASS" start="2024-07-06T14:12:13.903722" elapsed="0.903158"/>
</suite>
<status status="PASS" start="2024-07-06T14:12:13.889221" elapsed="0.922732"/>
</suite>
<statistics>
<total>
<stat pass="5" fail="0" skip="0">All Tests</stat>
</total>
<tag>
<stat pass="1" fail="0" skip="0">testeConteudo</stat>
<stat pass="1" fail="0" skip="0">testeEstruturaResposta</stat>
<stat pass="1" fail="0" skip="0">testeRequisicaoBasica</stat>
<stat pass="1" fail="0" skip="0">testeTiposDados</stat>
</tag>
<suite>
<stat pass="5" fail="0" skip="0" id="s1" name="Tests">Tests</stat>
<stat pass="5" fail="0" skip="0" id="s1-s1" name="Random-User-Test">Tests.Random-User-Test</stat>
</suite>
</statistics>
<errors>
</errors>
</robot>
