<?xml version="1.0" encoding="UTF-8"?>
<robot generator="Robot 7.0.1 (Python 3.12.4 on linux)" generated="2024-07-29T23:14:55.221773" rpa="false" schemaversion="5">
<suite id="s1" name="Tests" source="/home/runner/work/ApiRandomUser/ApiRandomUser/RamdonUser/tests">
<suite id="s1-s1" name="Random-User-Test" source="/home/runner/work/ApiRandomUser/ApiRandomUser/RamdonUser/tests/random-user-test.robot">
<test id="s1-s1-t1" name="Conectar" line="13">
<kw name="Conectar API" owner="random-user-service">
<kw name="Create Session" owner="RequestsLibrary">
<msg time="2024-07-29T23:14:55.604473" level="INFO">Creating Session using : alias=consultarAPI, url=https://randomuser.me/, headers={},                     cookies={}, auth=None, timeout=None, proxies=None, verify=False,                     debug=0 </msg>
<arg>consultarAPI</arg>
<arg>${URL}</arg>
<doc>Create Session: create a HTTP session to a server</doc>
<status status="PASS" start="2024-07-29T23:14:55.604280" elapsed="0.000361"/>
</kw>
<status status="PASS" start="2024-07-29T23:14:55.603266" elapsed="0.001713"/>
</kw>
<status status="PASS" start="2024-07-29T23:14:55.602781" elapsed="0.002388"/>
</test>
<test id="s1-s1-t2" name="Validar retorno 200 e JSON Válido" line="16">
<kw name="Teste de Requisicao Basica" owner="random-user-service">
<kw name="GET On Session" owner="RequestsLibrary">
<msg time="2024-07-29T23:14:55.698247" level="INFO">GET Request : url=https://randomuser.me/api 
 path_url=/api 
 headers={'User-Agent': 'python-requests/2.32.3', 'Accept-Encoding': 'gzip, deflate', 'Accept': '*/*', 'Connection': 'keep-alive'} 
 body=None 
 </msg>
<msg time="2024-07-29T23:14:55.698356" level="INFO">GET Response : url=https://randomuser.me/api 
 status=200, reason=OK 
 headers={'Date': 'Mon, 29 Jul 2024 23:14:55 GMT', 'Content-Type': 'application/json; charset=utf-8', 'Transfer-Encoding': 'chunked', 'Connection': 'keep-alive', 'X-Powered-By': 'Express', 'Access-Control-Allow-Origin': '*', 'Cache-Control': 'no-cache', 'ETag': 'W/"483-lJjrF+DpZMweTy1D2XMpNpNPSW4"', 'Vary': 'Accept-Encoding', 'Content-Encoding': 'gzip', 'CF-Cache-Status': 'DYNAMIC', 'Report-To': '{"endpoints":[{"url":"https:\\/\\/a.nel.cloudflare.com\\/report\\/v4?s=GSQpOC944Cr10Fy5lWW2zrcMdf7Sq7MyXwAaq0YQ4erFOn5EtOWKWFmif6sdah%2Fc0WIRY69r1ecVFWz%2FHkNZytbMf1menEv6YP2Xs3jjbBxHAo3Pvhxb4EJJYL2%2FYnv1"}],"group":"cf-nel","max_age":604800}', 'NEL': '{"success_fraction":0,"report_to":"cf-nel","max_age":604800}', 'Server': 'cloudflare', 'CF-RAY': '8ab0ced9cb162928-ORD', 'alt-svc': 'h3=":443"; ma=86400'} 
 body={"results":[{"gender":"female","name":{"title":"Ms","first":"Joyce","last":"Rodriquez"},"location":{"street":{"number":131,"name":"Westheimer Rd"},"city":"Sunshine Coast","state":"Tasmania","country":"Australia","postcode":9481,"coordinates":{"latitude":"-87.7023","longitude":"39.8875"},"timezone":{"offset":"-10:00","description":"Hawaii"}},"email":"joyce.rodriquez@example.com","login":{"uuid":"7cc10fca-bce0-454f-9968-78e485c05c22","username":"orangeladybug571","password":"gracie","salt":"W3cxp9YK","md5":"ea1b8823ca46dd1dccd34b7fbe6d539e","sha1":"2ddf06c2ca9a016a092442bece4181f25820f79e","sha256":"7389e2c37219035271571f147be8682e7406652386bcc848794320257297a98d"},"dob":{"date":"1995-12-06T17:13:21.039Z","age":28},"registered":{"date":"2008-03-27T22:53:54.473Z","age":16},"phone":"03-7037-1194","cell":"0418-569-511","id":{"name":"TFN","value":"893516521"},"picture":{"large":"https://randomuser.me/api/portraits/women/51.jpg","medium":"https://randomuser.me/api/portraits/med/women/51.jpg","thumbnail":"https://randomuser.me/api/portraits/thumb/women/51.jpg"},"nat":"AU"}],"info":{"seed":"453e7c38b7ce505f","results":1,"page":1,"version":"1.4"}} 
 </msg>
<msg time="2024-07-29T23:14:55.698422" level="INFO">/opt/hostedtoolcache/Python/3.12.4/x64/lib/python3.12/site-packages/urllib3/connectionpool.py:1099: InsecureRequestWarning: Unverified HTTPS request is being made to host 'randomuser.me'. Adding certificate verification is strongly advised. See: https://urllib3.readthedocs.io/en/latest/advanced-usage.html#tls-warnings
  warnings.warn(</msg>
<msg time="2024-07-29T23:14:55.698536" level="INFO">${response} = &lt;Response [200]&gt;</msg>
<var>${response}</var>
<arg>consultarAPI</arg>
<arg>/api</arg>
<doc>Sends a GET request on a previously created HTTP Session.</doc>
<status status="PASS" start="2024-07-29T23:14:55.607783" elapsed="0.090793"/>
</kw>
<kw name="Should Be Equal As Numbers" owner="BuiltIn">
<msg time="2024-07-29T23:14:55.699376" level="INFO">Argument types are:
&lt;class 'int'&gt;
&lt;class 'str'&gt;</msg>
<arg>${response.status_code}</arg>
<arg>200</arg>
<doc>Fails if objects are unequal after converting them to real numbers.</doc>
<status status="PASS" start="2024-07-29T23:14:55.698974" elapsed="0.000465"/>
</kw>
<kw name="Log" owner="BuiltIn">
<msg time="2024-07-29T23:14:55.700135" level="INFO">200</msg>
<arg>${response.status_code}</arg>
<doc>Logs the given message with the given level.</doc>
<status status="PASS" start="2024-07-29T23:14:55.699755" elapsed="0.000423"/>
</kw>
<kw name="Set Variable" owner="BuiltIn">
<msg time="2024-07-29T23:14:55.700912" level="INFO">${json_data} = {'results': [{'gender': 'female', 'name': {'title': 'Ms', 'first': 'Joyce', 'last': 'Rodriquez'}, 'location': {'street': {'number': 131, 'name': 'Westheimer Rd'}, 'city': 'Sunshine Coast', 'state': 'T...</msg>
<var>${json_data}</var>
<arg>${response.json()}</arg>
<doc>Returns the given values which can then be assigned to a variables.</doc>
<status status="PASS" start="2024-07-29T23:14:55.700481" elapsed="0.000459"/>
</kw>
<kw name="Dictionary Should Contain Key" owner="Collections">
<arg>${json_data}</arg>
<arg>results</arg>
<doc>Fails if ``key`` is not found from ``dictionary``.</doc>
<status status="PASS" start="2024-07-29T23:14:55.701240" elapsed="0.000293"/>
</kw>
<status status="PASS" start="2024-07-29T23:14:55.607541" elapsed="0.094141"/>
</kw>
<doc>Testa se a API responde corretamente e retorna um objeto JSON válido.</doc>
<tag>testeRequisicaoBasica</tag>
<status status="PASS" start="2024-07-29T23:14:55.607011" elapsed="0.094833"/>
</test>
<test id="s1-s1-t3" name="Validar estrutura de resposta" line="22">
<kw name="Teste de Estrutura de Resposta" owner="random-user-service">
<kw name="GET On Session" owner="RequestsLibrary">
<msg time="2024-07-29T23:14:55.788613" level="INFO">GET Request : url=https://randomuser.me/api 
 path_url=/api 
 headers={'User-Agent': 'python-requests/2.32.3', 'Accept-Encoding': 'gzip, deflate', 'Accept': '*/*', 'Connection': 'keep-alive'} 
 body=None 
 </msg>
<msg time="2024-07-29T23:14:55.788701" level="INFO">GET Response : url=https://randomuser.me/api 
 status=200, reason=OK 
 headers={'Date': 'Mon, 29 Jul 2024 23:14:55 GMT', 'Content-Type': 'application/json; charset=utf-8', 'Transfer-Encoding': 'chunked', 'Connection': 'keep-alive', 'X-Powered-By': 'Express', 'Access-Control-Allow-Origin': '*', 'Cache-Control': 'no-cache', 'ETag': 'W/"496-D0JNZckvSqvXsuly/TPeGUsfR9Y"', 'Vary': 'Accept-Encoding', 'Content-Encoding': 'gzip', 'CF-Cache-Status': 'DYNAMIC', 'Report-To': '{"endpoints":[{"url":"https:\\/\\/a.nel.cloudflare.com\\/report\\/v4?s=64fM69rN8zEKhfdn53SFvoQW83lUkksbiIh0LaP9BvXESb7N8TUMsEWSvmt7O7G0ZyPjTvRvLiENJhzdX%2FXKRMaJgq81lhmnyw%2BHdlfBECE0RxaOMVeA914C5KpcJX6V"}],"group":"cf-nel","max_age":604800}', 'NEL': '{"success_fraction":0,"report_to":"cf-nel","max_age":604800}', 'Server': 'cloudflare', 'CF-RAY': '8ab0ceda2bc92928-ORD', 'alt-svc': 'h3=":443"; ma=86400'} 
 body={"results":[{"gender":"male","name":{"title":"Mr","first":"Aaron","last":"Valencia"},"location":{"street":{"number":2933,"name":"Diagonal República Centroafricana"},"city":"Capilla de Milpillas","state":"Zacatecas","country":"Mexico","postcode":81513,"coordinates":{"latitude":"22.0080","longitude":"-163.1335"},"timezone":{"offset":"+4:30","description":"Kabul"}},"email":"aaron.valencia@example.com","login":{"uuid":"0ea491fc-fd04-41d5-a4b8-38adbfbc6301","username":"sadlion318","password":"dogboy","salt":"8Ybrf1xA","md5":"f83b813671f4377142a080945e63e187","sha1":"4f65477b7280bb27ebc219f3bc20ff8e50e9eae5","sha256":"606b875d52f36a9687c69c3161f99241311ee5bb6c6377039da5f9c91794391b"},"dob":{"date":"1976-06-18T01:13:02.275Z","age":48},"registered":{"date":"2015-08-31T16:37:34.338Z","age":8},"phone":"(679) 784 2013","cell":"(694) 691 5618","id":{"name":"NSS","value":"64 25 69 3423 4"},"picture":{"large":"https://randomuser.me/api/portraits/men/84.jpg","medium":"https://randomuser.me/api/portraits/med/men/84.jpg","thumbnail":"https://randomuser.me/api/portraits/thumb/men/84.jpg"},"nat":"MX"}],"info":{"seed":"574b5bf336ba4f14","results":1,"page":1,"version":"1.4"}} 
 </msg>
<msg time="2024-07-29T23:14:55.788825" level="INFO">/opt/hostedtoolcache/Python/3.12.4/x64/lib/python3.12/site-packages/urllib3/connectionpool.py:1099: InsecureRequestWarning: Unverified HTTPS request is being made to host 'randomuser.me'. Adding certificate verification is strongly advised. See: https://urllib3.readthedocs.io/en/latest/advanced-usage.html#tls-warnings
  warnings.warn(</msg>
<msg time="2024-07-29T23:14:55.788963" level="INFO">${response} = &lt;Response [200]&gt;</msg>
<var>${response}</var>
<arg>consultarAPI</arg>
<arg>/api</arg>
<doc>Sends a GET request on a previously created HTTP Session.</doc>
<status status="PASS" start="2024-07-29T23:14:55.704425" elapsed="0.084590"/>
</kw>
<kw name="Set Variable" owner="BuiltIn">
<msg time="2024-07-29T23:14:55.790090" level="INFO">${json_data} = {'results': [{'gender': 'male', 'name': {'title': 'Mr', 'first': 'Aaron', 'last': 'Valencia'}, 'location': {'street': {'number': 2933, 'name': 'Diagonal República Centroafricana'}, 'city': 'Capilla de...</msg>
<var>${json_data}</var>
<arg>${response.json()}</arg>
<doc>Returns the given values which can then be assigned to a variables.</doc>
<status status="PASS" start="2024-07-29T23:14:55.789547" elapsed="0.000572"/>
</kw>
<kw name="Log" owner="BuiltIn">
<msg time="2024-07-29T23:14:55.790588" level="INFO">{'results': [{'gender': 'male', 'name': {'title': 'Mr', 'first': 'Aaron', 'last': 'Valencia'}, 'location': {'street': {'number': 2933, 'name': 'Diagonal República Centroafricana'}, 'city': 'Capilla de Milpillas', 'state': 'Zacatecas', 'country': 'Mexico', 'postcode': 81513, 'coordinates': {'latitude': '22.0080', 'longitude': '-163.1335'}, 'timezone': {'offset': '+4:30', 'description': 'Kabul'}}, 'email': 'aaron.valencia@example.com', 'login': {'uuid': '0ea491fc-fd04-41d5-a4b8-38adbfbc6301', 'username': 'sadlion318', 'password': 'dogboy', 'salt': '8Ybrf1xA', 'md5': 'f83b813671f4377142a080945e63e187', 'sha1': '4f65477b7280bb27ebc219f3bc20ff8e50e9eae5', 'sha256': '606b875d52f36a9687c69c3161f99241311ee5bb6c6377039da5f9c91794391b'}, 'dob': {'date': '1976-06-18T01:13:02.275Z', 'age': 48}, 'registered': {'date': '2015-08-31T16:37:34.338Z', 'age': 8}, 'phone': '(679) 784 2013', 'cell': '(694) 691 5618', 'id': {'name': 'NSS', 'value': '64 25 69 3423 4'}, 'picture': {'large': 'https://randomuser.me/api/portraits/men/84.jpg', 'medium': 'https://randomuser.me/api/portraits/med/men/84.jpg', 'thumbnail': 'https://randomuser.me/api/portraits/thumb/men/84.jpg'}, 'nat': 'MX'}], 'info': {'seed': '574b5bf336ba4f14', 'results': 1, 'page': 1, 'version': '1.4'}}</msg>
<arg>${json_data}</arg>
<doc>Logs the given message with the given level.</doc>
<status status="PASS" start="2024-07-29T23:14:55.790429" elapsed="0.000213"/>
</kw>
<kw name="Dictionary Should Contain Key" owner="Collections">
<arg>${json_data}</arg>
<arg>results</arg>
<doc>Fails if ``key`` is not found from ``dictionary``.</doc>
<status status="PASS" start="2024-07-29T23:14:55.790935" elapsed="0.000157"/>
</kw>
<kw name="Should Not Be Empty" owner="BuiltIn">
<msg time="2024-07-29T23:14:55.791409" level="INFO">Length is 2.</msg>
<arg>${json_data}</arg>
<doc>Verifies that the given item is not empty.</doc>
<status status="PASS" start="2024-07-29T23:14:55.791281" elapsed="0.000165"/>
</kw>
<kw name="Create List" owner="BuiltIn">
<msg time="2024-07-29T23:14:55.791877" level="INFO">${expected_keys} = ['gender', 'name', 'location', 'email', 'login']</msg>
<var>${expected_keys}</var>
<arg>gender</arg>
<arg>name</arg>
<arg>location</arg>
<arg>email</arg>
<arg>login</arg>
<doc>Returns a list containing given items.</doc>
<status status="PASS" start="2024-07-29T23:14:55.791728" elapsed="0.000173"/>
</kw>
<for flavor="IN">
<iter>
<kw name="Dictionary Should Contain Key" owner="Collections">
<arg>${json_data['results'][0]}</arg>
<arg>${key}</arg>
<doc>Fails if ``key`` is not found from ``dictionary``.</doc>
<status status="PASS" start="2024-07-29T23:14:55.792495" elapsed="0.000405"/>
</kw>
<kw name="Log" owner="BuiltIn">
<msg time="2024-07-29T23:14:55.793443" level="INFO">{'gender': 'male', 'name': {'title': 'Mr', 'first': 'Aaron', 'last': 'Valencia'}, 'location': {'street': {'number': 2933, 'name': 'Diagonal República Centroafricana'}, 'city': 'Capilla de Milpillas', 'state': 'Zacatecas', 'country': 'Mexico', 'postcode': 81513, 'coordinates': {'latitude': '22.0080', 'longitude': '-163.1335'}, 'timezone': {'offset': '+4:30', 'description': 'Kabul'}}, 'email': 'aaron.valencia@example.com', 'login': {'uuid': '0ea491fc-fd04-41d5-a4b8-38adbfbc6301', 'username': 'sadlion318', 'password': 'dogboy', 'salt': '8Ybrf1xA', 'md5': 'f83b813671f4377142a080945e63e187', 'sha1': '4f65477b7280bb27ebc219f3bc20ff8e50e9eae5', 'sha256': '606b875d52f36a9687c69c3161f99241311ee5bb6c6377039da5f9c91794391b'}, 'dob': {'date': '1976-06-18T01:13:02.275Z', 'age': 48}, 'registered': {'date': '2015-08-31T16:37:34.338Z', 'age': 8}, 'phone': '(679) 784 2013', 'cell': '(694) 691 5618', 'id': {'name': 'NSS', 'value': '64 25 69 3423 4'}, 'picture': {'large': 'https://randomuser.me/api/portraits/men/84.jpg', 'medium': 'https://randomuser.me/api/portraits/med/men/84.jpg', 'thumbnail': 'https://randomuser.me/api/portraits/thumb/men/84.jpg'}, 'nat': 'MX'}</msg>
<arg>${json_data['results'][0]}</arg>
<doc>Logs the given message with the given level.</doc>
<status status="PASS" start="2024-07-29T23:14:55.793088" elapsed="0.000415"/>
</kw>
<kw name="Log" owner="BuiltIn">
<msg time="2024-07-29T23:14:55.793934" level="INFO">gender</msg>
<arg>${key}</arg>
<doc>Logs the given message with the given level.</doc>
<status status="PASS" start="2024-07-29T23:14:55.793804" elapsed="0.000168"/>
</kw>
<var name="${key}">gender</var>
<status status="PASS" start="2024-07-29T23:14:55.792369" elapsed="0.001823"/>
</iter>
<iter>
<kw name="Dictionary Should Contain Key" owner="Collections">
<arg>${json_data['results'][0]}</arg>
<arg>${key}</arg>
<doc>Fails if ``key`` is not found from ``dictionary``.</doc>
<status status="PASS" start="2024-07-29T23:14:55.794489" elapsed="0.000386"/>
</kw>
<kw name="Log" owner="BuiltIn">
<msg time="2024-07-29T23:14:55.795418" level="INFO">{'gender': 'male', 'name': {'title': 'Mr', 'first': 'Aaron', 'last': 'Valencia'}, 'location': {'street': {'number': 2933, 'name': 'Diagonal República Centroafricana'}, 'city': 'Capilla de Milpillas', 'state': 'Zacatecas', 'country': 'Mexico', 'postcode': 81513, 'coordinates': {'latitude': '22.0080', 'longitude': '-163.1335'}, 'timezone': {'offset': '+4:30', 'description': 'Kabul'}}, 'email': 'aaron.valencia@example.com', 'login': {'uuid': '0ea491fc-fd04-41d5-a4b8-38adbfbc6301', 'username': 'sadlion318', 'password': 'dogboy', 'salt': '8Ybrf1xA', 'md5': 'f83b813671f4377142a080945e63e187', 'sha1': '4f65477b7280bb27ebc219f3bc20ff8e50e9eae5', 'sha256': '606b875d52f36a9687c69c3161f99241311ee5bb6c6377039da5f9c91794391b'}, 'dob': {'date': '1976-06-18T01:13:02.275Z', 'age': 48}, 'registered': {'date': '2015-08-31T16:37:34.338Z', 'age': 8}, 'phone': '(679) 784 2013', 'cell': '(694) 691 5618', 'id': {'name': 'NSS', 'value': '64 25 69 3423 4'}, 'picture': {'large': 'https://randomuser.me/api/portraits/men/84.jpg', 'medium': 'https://randomuser.me/api/portraits/med/men/84.jpg', 'thumbnail': 'https://randomuser.me/api/portraits/thumb/men/84.jpg'}, 'nat': 'MX'}</msg>
<arg>${json_data['results'][0]}</arg>
<doc>Logs the given message with the given level.</doc>
<status status="PASS" start="2024-07-29T23:14:55.795058" elapsed="0.000444"/>
</kw>
<kw name="Log" owner="BuiltIn">
<msg time="2024-07-29T23:14:55.795928" level="INFO">name</msg>
<arg>${key}</arg>
<doc>Logs the given message with the given level.</doc>
<status status="PASS" start="2024-07-29T23:14:55.795800" elapsed="0.000166"/>
</kw>
<var name="${key}">name</var>
<status status="PASS" start="2024-07-29T23:14:55.794377" elapsed="0.001833"/>
</iter>
<iter>
<kw name="Dictionary Should Contain Key" owner="Collections">
<arg>${json_data['results'][0]}</arg>
<arg>${key}</arg>
<doc>Fails if ``key`` is not found from ``dictionary``.</doc>
<status status="PASS" start="2024-07-29T23:14:55.796497" elapsed="0.000388"/>
</kw>
<kw name="Log" owner="BuiltIn">
<msg time="2024-07-29T23:14:55.797426" level="INFO">{'gender': 'male', 'name': {'title': 'Mr', 'first': 'Aaron', 'last': 'Valencia'}, 'location': {'street': {'number': 2933, 'name': 'Diagonal República Centroafricana'}, 'city': 'Capilla de Milpillas', 'state': 'Zacatecas', 'country': 'Mexico', 'postcode': 81513, 'coordinates': {'latitude': '22.0080', 'longitude': '-163.1335'}, 'timezone': {'offset': '+4:30', 'description': 'Kabul'}}, 'email': 'aaron.valencia@example.com', 'login': {'uuid': '0ea491fc-fd04-41d5-a4b8-38adbfbc6301', 'username': 'sadlion318', 'password': 'dogboy', 'salt': '8Ybrf1xA', 'md5': 'f83b813671f4377142a080945e63e187', 'sha1': '4f65477b7280bb27ebc219f3bc20ff8e50e9eae5', 'sha256': '606b875d52f36a9687c69c3161f99241311ee5bb6c6377039da5f9c91794391b'}, 'dob': {'date': '1976-06-18T01:13:02.275Z', 'age': 48}, 'registered': {'date': '2015-08-31T16:37:34.338Z', 'age': 8}, 'phone': '(679) 784 2013', 'cell': '(694) 691 5618', 'id': {'name': 'NSS', 'value': '64 25 69 3423 4'}, 'picture': {'large': 'https://randomuser.me/api/portraits/men/84.jpg', 'medium': 'https://randomuser.me/api/portraits/med/men/84.jpg', 'thumbnail': 'https://randomuser.me/api/portraits/thumb/men/84.jpg'}, 'nat': 'MX'}</msg>
<arg>${json_data['results'][0]}</arg>
<doc>Logs the given message with the given level.</doc>
<status status="PASS" start="2024-07-29T23:14:55.797075" elapsed="0.000401"/>
</kw>
<kw name="Log" owner="BuiltIn">
<msg time="2024-07-29T23:14:55.797906" level="INFO">location</msg>
<arg>${key}</arg>
<doc>Logs the given message with the given level.</doc>
<status status="PASS" start="2024-07-29T23:14:55.797777" elapsed="0.000167"/>
</kw>
<var name="${key}">location</var>
<status status="PASS" start="2024-07-29T23:14:55.796388" elapsed="0.001773"/>
</iter>
<iter>
<kw name="Dictionary Should Contain Key" owner="Collections">
<arg>${json_data['results'][0]}</arg>
<arg>${key}</arg>
<doc>Fails if ``key`` is not found from ``dictionary``.</doc>
<status status="PASS" start="2024-07-29T23:14:55.798442" elapsed="0.000390"/>
</kw>
<kw name="Log" owner="BuiltIn">
<msg time="2024-07-29T23:14:55.799491" level="INFO">{'gender': 'male', 'name': {'title': 'Mr', 'first': 'Aaron', 'last': 'Valencia'}, 'location': {'street': {'number': 2933, 'name': 'Diagonal República Centroafricana'}, 'city': 'Capilla de Milpillas', 'state': 'Zacatecas', 'country': 'Mexico', 'postcode': 81513, 'coordinates': {'latitude': '22.0080', 'longitude': '-163.1335'}, 'timezone': {'offset': '+4:30', 'description': 'Kabul'}}, 'email': 'aaron.valencia@example.com', 'login': {'uuid': '0ea491fc-fd04-41d5-a4b8-38adbfbc6301', 'username': 'sadlion318', 'password': 'dogboy', 'salt': '8Ybrf1xA', 'md5': 'f83b813671f4377142a080945e63e187', 'sha1': '4f65477b7280bb27ebc219f3bc20ff8e50e9eae5', 'sha256': '606b875d52f36a9687c69c3161f99241311ee5bb6c6377039da5f9c91794391b'}, 'dob': {'date': '1976-06-18T01:13:02.275Z', 'age': 48}, 'registered': {'date': '2015-08-31T16:37:34.338Z', 'age': 8}, 'phone': '(679) 784 2013', 'cell': '(694) 691 5618', 'id': {'name': 'NSS', 'value': '64 25 69 3423 4'}, 'picture': {'large': 'https://randomuser.me/api/portraits/men/84.jpg', 'medium': 'https://randomuser.me/api/portraits/med/men/84.jpg', 'thumbnail': 'https://randomuser.me/api/portraits/thumb/men/84.jpg'}, 'nat': 'MX'}</msg>
<arg>${json_data['results'][0]}</arg>
<doc>Logs the given message with the given level.</doc>
<status status="PASS" start="2024-07-29T23:14:55.799138" elapsed="0.000403"/>
</kw>
<kw name="Log" owner="BuiltIn">
<msg time="2024-07-29T23:14:55.799965" level="INFO">email</msg>
<arg>${key}</arg>
<doc>Logs the given message with the given level.</doc>
<status status="PASS" start="2024-07-29T23:14:55.799836" elapsed="0.000188"/>
</kw>
<var name="${key}">email</var>
<status status="PASS" start="2024-07-29T23:14:55.798335" elapsed="0.001909"/>
</iter>
<iter>
<kw name="Dictionary Should Contain Key" owner="Collections">
<arg>${json_data['results'][0]}</arg>
<arg>${key}</arg>
<doc>Fails if ``key`` is not found from ``dictionary``.</doc>
<status status="PASS" start="2024-07-29T23:14:55.800528" elapsed="0.000377"/>
</kw>
<kw name="Log" owner="BuiltIn">
<msg time="2024-07-29T23:14:55.801438" level="INFO">{'gender': 'male', 'name': {'title': 'Mr', 'first': 'Aaron', 'last': 'Valencia'}, 'location': {'street': {'number': 2933, 'name': 'Diagonal República Centroafricana'}, 'city': 'Capilla de Milpillas', 'state': 'Zacatecas', 'country': 'Mexico', 'postcode': 81513, 'coordinates': {'latitude': '22.0080', 'longitude': '-163.1335'}, 'timezone': {'offset': '+4:30', 'description': 'Kabul'}}, 'email': 'aaron.valencia@example.com', 'login': {'uuid': '0ea491fc-fd04-41d5-a4b8-38adbfbc6301', 'username': 'sadlion318', 'password': 'dogboy', 'salt': '8Ybrf1xA', 'md5': 'f83b813671f4377142a080945e63e187', 'sha1': '4f65477b7280bb27ebc219f3bc20ff8e50e9eae5', 'sha256': '606b875d52f36a9687c69c3161f99241311ee5bb6c6377039da5f9c91794391b'}, 'dob': {'date': '1976-06-18T01:13:02.275Z', 'age': 48}, 'registered': {'date': '2015-08-31T16:37:34.338Z', 'age': 8}, 'phone': '(679) 784 2013', 'cell': '(694) 691 5618', 'id': {'name': 'NSS', 'value': '64 25 69 3423 4'}, 'picture': {'large': 'https://randomuser.me/api/portraits/men/84.jpg', 'medium': 'https://randomuser.me/api/portraits/med/men/84.jpg', 'thumbnail': 'https://randomuser.me/api/portraits/thumb/men/84.jpg'}, 'nat': 'MX'}</msg>
<arg>${json_data['results'][0]}</arg>
<doc>Logs the given message with the given level.</doc>
<status status="PASS" start="2024-07-29T23:14:55.801093" elapsed="0.000397"/>
</kw>
<kw name="Log" owner="BuiltIn">
<msg time="2024-07-29T23:14:55.801910" level="INFO">login</msg>
<arg>${key}</arg>
<doc>Logs the given message with the given level.</doc>
<status status="PASS" start="2024-07-29T23:14:55.801784" elapsed="0.000164"/>
</kw>
<var name="${key}">login</var>
<status status="PASS" start="2024-07-29T23:14:55.800420" elapsed="0.001740"/>
</iter>
<var>${key}</var>
<value>@{expected_keys}</value>
<status status="PASS" start="2024-07-29T23:14:55.792189" elapsed="0.010090"/>
</for>
<kw name="Create List" owner="BuiltIn">
<msg time="2024-07-29T23:14:55.802607" level="INFO">${expected_keysTwo} = ['username', 'password']</msg>
<var>${expected_keysTwo}</var>
<arg>username</arg>
<arg>password</arg>
<doc>Returns a list containing given items.</doc>
<status status="PASS" start="2024-07-29T23:14:55.802468" elapsed="0.000190"/>
</kw>
<for flavor="IN">
<iter>
<kw name="Dictionary Should Contain Key" owner="Collections">
<arg>${json_data['results'][0]['login']}</arg>
<arg>${keyTwo}</arg>
<doc>Fails if ``key`` is not found from ``dictionary``.</doc>
<status status="PASS" start="2024-07-29T23:14:55.803156" elapsed="0.000381"/>
</kw>
<kw name="Dictionary Should Contain Key" owner="Collections">
<arg>${json_data['results'][0]['login']}</arg>
<arg>${keyTwo}</arg>
<doc>Fails if ``key`` is not found from ``dictionary``.</doc>
<status status="PASS" start="2024-07-29T23:14:55.803716" elapsed="0.000415"/>
</kw>
<kw name="Log" owner="BuiltIn">
<msg time="2024-07-29T23:14:55.804433" level="INFO">username</msg>
<arg>${keyTwo}</arg>
<doc>Logs the given message with the given level.</doc>
<status status="PASS" start="2024-07-29T23:14:55.804312" elapsed="0.000158"/>
</kw>
<var name="${keyTwo}">username</var>
<status status="PASS" start="2024-07-29T23:14:55.803050" elapsed="0.001637"/>
</iter>
<iter>
<kw name="Dictionary Should Contain Key" owner="Collections">
<arg>${json_data['results'][0]['login']}</arg>
<arg>${keyTwo}</arg>
<doc>Fails if ``key`` is not found from ``dictionary``.</doc>
<status status="PASS" start="2024-07-29T23:14:55.804969" elapsed="0.000375"/>
</kw>
<kw name="Dictionary Should Contain Key" owner="Collections">
<arg>${json_data['results'][0]['login']}</arg>
<arg>${keyTwo}</arg>
<doc>Fails if ``key`` is not found from ``dictionary``.</doc>
<status status="PASS" start="2024-07-29T23:14:55.805523" elapsed="0.000373"/>
</kw>
<kw name="Log" owner="BuiltIn">
<msg time="2024-07-29T23:14:55.806198" level="INFO">password</msg>
<arg>${keyTwo}</arg>
<doc>Logs the given message with the given level.</doc>
<status status="PASS" start="2024-07-29T23:14:55.806074" elapsed="0.000161"/>
</kw>
<var name="${keyTwo}">password</var>
<status status="PASS" start="2024-07-29T23:14:55.804857" elapsed="0.001596"/>
</iter>
<var>${keyTwo}</var>
<value>@{expected_keysTwo}</value>
<status status="PASS" start="2024-07-29T23:14:55.802901" elapsed="0.003672"/>
</for>
<status status="PASS" start="2024-07-29T23:14:55.704192" elapsed="0.102524"/>
</kw>
<doc>Testa a estrutura da resposta da API.</doc>
<tag>testeEstruturaResposta</tag>
<status status="PASS" start="2024-07-29T23:14:55.703712" elapsed="0.103151"/>
</test>
<test id="s1-s1-t4" name="Validar tipos de dados" line="28">
<kw name="Teste de Tipos de Dados" owner="random-user-service">
<kw name="GET On Session" owner="RequestsLibrary">
<msg time="2024-07-29T23:14:55.886214" level="INFO">GET Request : url=https://randomuser.me/api 
 path_url=/api 
 headers={'User-Agent': 'python-requests/2.32.3', 'Accept-Encoding': 'gzip, deflate', 'Accept': '*/*', 'Connection': 'keep-alive'} 
 body=None 
 </msg>
<msg time="2024-07-29T23:14:55.886300" level="INFO">GET Response : url=https://randomuser.me/api 
 status=200, reason=OK 
 headers={'Date': 'Mon, 29 Jul 2024 23:14:55 GMT', 'Content-Type': 'application/json; charset=utf-8', 'Transfer-Encoding': 'chunked', 'Connection': 'keep-alive', 'X-Powered-By': 'Express', 'Access-Control-Allow-Origin': '*', 'Cache-Control': 'no-cache', 'ETag': 'W/"4a3-ifAmpN+6CaPQKciOSVe/6OFuB8E"', 'Vary': 'Accept-Encoding', 'Content-Encoding': 'gzip', 'CF-Cache-Status': 'DYNAMIC', 'Report-To': '{"endpoints":[{"url":"https:\\/\\/a.nel.cloudflare.com\\/report\\/v4?s=maAu7mF9ZkQXkxxo6%2FMuKLl%2FeFRvaI2Sru6Wb6Y2d0cn522VgpryeTWX%2BxgpOiFyKD2%2BysLSxKZnKDQNpEGteOeMxV%2BBoi57nKrVNEFNPygRvvI5hq%2BCVgpNUtuYrf0L"}],"group":"cf-nel","max_age":604800}', 'NEL': '{"success_fraction":0,"report_to":"cf-nel","max_age":604800}', 'Server': 'cloudflare', 'CF-RAY': '8ab0cedadca92928-ORD', 'alt-svc': 'h3=":443"; ma=86400'} 
 body={"results":[{"gender":"female","name":{"title":"Mrs","first":"Hilda","last":"Maurer"},"location":{"street":{"number":4255,"name":"Mühlenweg"},"city":"Thalheim/Erzgeb.","state":"Niedersachsen","country":"Germany","postcode":82549,"coordinates":{"latitude":"-50.6556","longitude":"157.6647"},"timezone":{"offset":"-4:00","description":"Atlantic Time (Canada), Caracas, La Paz"}},"email":"hilda.maurer@example.com","login":{"uuid":"69846bd8-ce32-4bef-a667-7b8d1ccc39da","username":"lazykoala747","password":"gold","salt":"4miS57PA","md5":"e974fbb1525447f0a0f83556dbe97e33","sha1":"e153326c1f214474892752df3c56eb7f40ec9e92","sha256":"f16d9bf077b79de271d120c176edf114984cdc0f25c206e759b69b2584aebaac"},"dob":{"date":"1974-10-26T21:57:18.681Z","age":49},"registered":{"date":"2019-09-08T22:19:29.612Z","age":4},"phone":"0787-2586631","cell":"0171-8096657","id":{"name":"SVNR","value":"13 261074 M 948"},"picture":{"large":"https://randomuser.me/api/portraits/women/10.jpg","medium":"https://randomuser.me/api/portraits/med/women/10.jpg","thumbnail":"https://randomuser.me/api/portraits/thumb/women/10.jpg"},"nat":"DE"}],"info":{"seed":"e1483549b42825ac","results":1,"page":1,"version":"1.4"}} 
 </msg>
<msg time="2024-07-29T23:14:55.886377" level="INFO">/opt/hostedtoolcache/Python/3.12.4/x64/lib/python3.12/site-packages/urllib3/connectionpool.py:1099: InsecureRequestWarning: Unverified HTTPS request is being made to host 'randomuser.me'. Adding certificate verification is strongly advised. See: https://urllib3.readthedocs.io/en/latest/advanced-usage.html#tls-warnings
  warnings.warn(</msg>
<msg time="2024-07-29T23:14:55.886499" level="INFO">${response} = &lt;Response [200]&gt;</msg>
<var>${response}</var>
<arg>consultarAPI</arg>
<arg>/api</arg>
<doc>Sends a GET request on a previously created HTTP Session.</doc>
<status status="PASS" start="2024-07-29T23:14:55.809325" elapsed="0.077230"/>
</kw>
<kw name="Set Variable" owner="BuiltIn">
<msg time="2024-07-29T23:14:55.887589" level="INFO">${json_data} = {'results': [{'gender': 'female', 'name': {'title': 'Mrs', 'first': 'Hilda', 'last': 'Maurer'}, 'location': {'street': {'number': 4255, 'name': 'Mühlenweg'}, 'city': 'Thalheim/Erzgeb.', 'state': 'Nied...</msg>
<var>${json_data}</var>
<arg>${response.json()}</arg>
<doc>Returns the given values which can then be assigned to a variables.</doc>
<status status="PASS" start="2024-07-29T23:14:55.887015" elapsed="0.000605"/>
</kw>
<kw name="Log" owner="BuiltIn">
<msg time="2024-07-29T23:14:55.888131" level="INFO">{'results': [{'gender': 'female', 'name': {'title': 'Mrs', 'first': 'Hilda', 'last': 'Maurer'}, 'location': {'street': {'number': 4255, 'name': 'Mühlenweg'}, 'city': 'Thalheim/Erzgeb.', 'state': 'Niedersachsen', 'country': 'Germany', 'postcode': 82549, 'coordinates': {'latitude': '-50.6556', 'longitude': '157.6647'}, 'timezone': {'offset': '-4:00', 'description': 'Atlantic Time (Canada), Caracas, La Paz'}}, 'email': 'hilda.maurer@example.com', 'login': {'uuid': '69846bd8-ce32-4bef-a667-7b8d1ccc39da', 'username': 'lazykoala747', 'password': 'gold', 'salt': '4miS57PA', 'md5': 'e974fbb1525447f0a0f83556dbe97e33', 'sha1': 'e153326c1f214474892752df3c56eb7f40ec9e92', 'sha256': 'f16d9bf077b79de271d120c176edf114984cdc0f25c206e759b69b2584aebaac'}, 'dob': {'date': '1974-10-26T21:57:18.681Z', 'age': 49}, 'registered': {'date': '2019-09-08T22:19:29.612Z', 'age': 4}, 'phone': '0787-2586631', 'cell': '0171-8096657', 'id': {'name': 'SVNR', 'value': '13 261074 M 948'}, 'picture': {'large': 'https://randomuser.me/api/portraits/women/10.jpg', 'medium': 'https://randomuser.me/api/portraits/med/women/10.jpg', 'thumbnail': 'https://randomuser.me/api/portraits/thumb/women/10.jpg'}, 'nat': 'DE'}], 'info': {'seed': 'e1483549b42825ac', 'results': 1, 'page': 1, 'version': '1.4'}}</msg>
<arg>${json_data}</arg>
<doc>Logs the given message with the given level.</doc>
<status status="PASS" start="2024-07-29T23:14:55.887935" elapsed="0.000247"/>
</kw>
<kw name="Should Be String" owner="String">
<arg>${json_data['results'][0]['gender']}</arg>
<doc>Fails if the given ``item`` is not a string.</doc>
<status status="PASS" start="2024-07-29T23:14:55.888484" elapsed="0.000367"/>
</kw>
<kw name="Should Match Regexp" owner="BuiltIn">
<arg>${json_data['results'][0]['email']}</arg>
<arg>^[a-zA-Z0-9._%+-]+@[a-zA-Z0-9.-]+\.[a-zA-Z]{2,}$</arg>
<doc>Fails if ``string`` does not match ``pattern`` as a regular expression.</doc>
<status status="PASS" start="2024-07-29T23:14:55.889042" elapsed="0.000543"/>
</kw>
<kw name="Should Match Regexp" owner="BuiltIn">
<arg>${json_data['results'][0]['dob']['date']}</arg>
<arg>\\d{4}-\\d{2}-\\d{2}T\\d{2}:\\d{2}:\\d{2}\\.\\d{3}Z</arg>
<doc>Fails if ``string`` does not match ``pattern`` as a regular expression.</doc>
<status status="PASS" start="2024-07-29T23:14:55.889787" elapsed="0.000594"/>
</kw>
<kw name="Should Match Regexp" owner="BuiltIn">
<arg>${json_data['results'][0]['registered']['date']}</arg>
<arg>\\d{4}-\\d{2}-\\d{2}T\\d{2}:\\d{2}:\\d{2}\\.\\d{3}Z</arg>
<doc>Fails if ``string`` does not match ``pattern`` as a regular expression.</doc>
<status status="PASS" start="2024-07-29T23:14:55.890580" elapsed="0.000375"/>
</kw>
<kw name="Should Match Regexp" owner="BuiltIn">
<arg>${json_data['results'][0]['picture']['large']}</arg>
<arg>^https?://.*\.(?:png|jpe?g|gif|bmp)$</arg>
<doc>Fails if ``string`` does not match ``pattern`` as a regular expression.</doc>
<status status="PASS" start="2024-07-29T23:14:55.891145" elapsed="0.000459"/>
</kw>
<kw name="Should Match Regexp" owner="BuiltIn">
<arg>${json_data['results'][0]['picture']['medium']}</arg>
<arg>^https?://.*\.(?:png|jpe?g|gif|bmp)$</arg>
<doc>Fails if ``string`` does not match ``pattern`` as a regular expression.</doc>
<status status="PASS" start="2024-07-29T23:14:55.891793" elapsed="0.000399"/>
</kw>
<kw name="Should Match Regexp" owner="BuiltIn">
<arg>${json_data['results'][0]['picture']['thumbnail']}</arg>
<arg>^https?://.*\.(?:png|jpe?g|gif|bmp)$</arg>
<doc>Fails if ``string`` does not match ``pattern`` as a regular expression.</doc>
<status status="PASS" start="2024-07-29T23:14:55.892384" elapsed="0.000352"/>
</kw>
<kw name="Log" owner="BuiltIn">
<msg time="2024-07-29T23:14:55.893241" level="INFO">{'large': 'https://randomuser.me/api/portraits/women/10.jpg', 'medium': 'https://randomuser.me/api/portraits/med/women/10.jpg', 'thumbnail': 'https://randomuser.me/api/portraits/thumb/women/10.jpg'}</msg>
<arg>${json_data['results'][0]['picture']}</arg>
<doc>Logs the given message with the given level.</doc>
<status status="PASS" start="2024-07-29T23:14:55.892918" elapsed="0.000366"/>
</kw>
<status status="PASS" start="2024-07-29T23:14:55.809108" elapsed="0.084431"/>
</kw>
<kw name="Teste de Tipos de Dados - Postcode" owner="random-user-service">
<kw name="GET On Session" owner="RequestsLibrary">
<msg time="2024-07-29T23:14:55.985016" level="INFO">GET Request : url=https://randomuser.me/api 
 path_url=/api 
 headers={'User-Agent': 'python-requests/2.32.3', 'Accept-Encoding': 'gzip, deflate', 'Accept': '*/*', 'Connection': 'keep-alive'} 
 body=None 
 </msg>
<msg time="2024-07-29T23:14:55.985102" level="INFO">GET Response : url=https://randomuser.me/api 
 status=200, reason=OK 
 headers={'Date': 'Mon, 29 Jul 2024 23:14:55 GMT', 'Content-Type': 'application/json; charset=utf-8', 'Transfer-Encoding': 'chunked', 'Connection': 'keep-alive', 'X-Powered-By': 'Express', 'Access-Control-Allow-Origin': '*', 'Cache-Control': 'no-cache', 'ETag': 'W/"486-Uh0vAcKYuq7kxBk2OfRK+yh+u+I"', 'Vary': 'Accept-Encoding', 'Content-Encoding': 'gzip', 'CF-Cache-Status': 'DYNAMIC', 'Report-To': '{"endpoints":[{"url":"https:\\/\\/a.nel.cloudflare.com\\/report\\/v4?s=OtzyLIDerlwynAR1w%2BfmiCKtfTE%2B24MOCoy6sodWtusw24vKWEi4FiE%2FbRWEB%2BMJSWE7FBbv4FM%2BYsaiRTwOFCdgeWUmNhhQh0haKrd4FgI2YJws2SXpgJMAmWup42Pw"}],"group":"cf-nel","max_age":604800}', 'NEL': '{"success_fraction":0,"report_to":"cf-nel","max_age":604800}', 'Server': 'cloudflare', 'CF-RAY': '8ab0cedb5d442928-ORD', 'alt-svc': 'h3=":443"; ma=86400'} 
 body={"results":[{"gender":"female","name":{"title":"Miss","first":"Umbelina","last":"Fogaça"},"location":{"street":{"number":8308,"name":"Rua Mato Grosso "},"city":"Araguaína","state":"Amapá","country":"Brazil","postcode":48000,"coordinates":{"latitude":"-73.1333","longitude":"150.5585"},"timezone":{"offset":"+3:30","description":"Tehran"}},"email":"umbelina.fogaca@example.com","login":{"uuid":"e709d601-67ad-4bf9-af00-6d6a026d8a69","username":"beautifulgoose884","password":"1235","salt":"CO1T9Kl7","md5":"771bbc627185dd7e7b3e6d9426433146","sha1":"947aa3de1f0eeff6ca31e016d7d85f9dab93bd76","sha256":"ca643c7c0f34a56f13abad463d8370004173f53ca25d763983dcf3b9022d8535"},"dob":{"date":"1967-02-06T02:07:11.922Z","age":57},"registered":{"date":"2015-08-08T15:59:16.743Z","age":8},"phone":"(13) 8563-5906","cell":"(67) 5159-6421","id":{"name":"CPF","value":"718.295.627-66"},"picture":{"large":"https://randomuser.me/api/portraits/women/0.jpg","medium":"https://randomuser.me/api/portraits/med/women/0.jpg","thumbnail":"https://randomuser.me/api/portraits/thumb/women/0.jpg"},"nat":"BR"}],"info":{"seed":"8f90dc33cec625a7","results":1,"page":1,"version":"1.4"}} 
 </msg>
<msg time="2024-07-29T23:14:55.985175" level="INFO">/opt/hostedtoolcache/Python/3.12.4/x64/lib/python3.12/site-packages/urllib3/connectionpool.py:1099: InsecureRequestWarning: Unverified HTTPS request is being made to host 'randomuser.me'. Adding certificate verification is strongly advised. See: https://urllib3.readthedocs.io/en/latest/advanced-usage.html#tls-warnings
  warnings.warn(</msg>
<msg time="2024-07-29T23:14:55.985287" level="INFO">${response} = &lt;Response [200]&gt;</msg>
<var>${response}</var>
<arg>consultarAPI</arg>
<arg>/api</arg>
<doc>Sends a GET request on a previously created HTTP Session.</doc>
<status status="PASS" start="2024-07-29T23:14:55.893964" elapsed="0.091377"/>
</kw>
<kw name="Set Variable" owner="BuiltIn">
<msg time="2024-07-29T23:14:55.986443" level="INFO">${json_data} = {'results': [{'gender': 'female', 'name': {'title': 'Miss', 'first': 'Umbelina', 'last': 'Fogaça'}, 'location': {'street': {'number': 8308, 'name': 'Rua Mato Grosso '}, 'city': 'Araguaína', 'state': '...</msg>
<var>${json_data}</var>
<arg>${response.json()}</arg>
<doc>Returns the given values which can then be assigned to a variables.</doc>
<status status="PASS" start="2024-07-29T23:14:55.985888" elapsed="0.000585"/>
</kw>
<kw name="Log" owner="BuiltIn">
<msg time="2024-07-29T23:14:55.986948" level="INFO">{'results': [{'gender': 'female', 'name': {'title': 'Miss', 'first': 'Umbelina', 'last': 'Fogaça'}, 'location': {'street': {'number': 8308, 'name': 'Rua Mato Grosso '}, 'city': 'Araguaína', 'state': 'Amapá', 'country': 'Brazil', 'postcode': 48000, 'coordinates': {'latitude': '-73.1333', 'longitude': '150.5585'}, 'timezone': {'offset': '+3:30', 'description': 'Tehran'}}, 'email': 'umbelina.fogaca@example.com', 'login': {'uuid': 'e709d601-67ad-4bf9-af00-6d6a026d8a69', 'username': 'beautifulgoose884', 'password': '1235', 'salt': 'CO1T9Kl7', 'md5': '771bbc627185dd7e7b3e6d9426433146', 'sha1': '947aa3de1f0eeff6ca31e016d7d85f9dab93bd76', 'sha256': 'ca643c7c0f34a56f13abad463d8370004173f53ca25d763983dcf3b9022d8535'}, 'dob': {'date': '1967-02-06T02:07:11.922Z', 'age': 57}, 'registered': {'date': '2015-08-08T15:59:16.743Z', 'age': 8}, 'phone': '(13) 8563-5906', 'cell': '(67) 5159-6421', 'id': {'name': 'CPF', 'value': '718.295.627-66'}, 'picture': {'large': 'https://randomuser.me/api/portraits/women/0.jpg', 'medium': 'https://randomuser.me/api/portraits/med/women/0.jpg', 'thumbnail': 'https://randomuser.me/api/portraits/thumb/women/0.jpg'}, 'nat': 'BR'}], 'info': {'seed': '8f90dc33cec625a7', 'results': 1, 'page': 1, 'version': '1.4'}}</msg>
<arg>${json_data}</arg>
<doc>Logs the given message with the given level.</doc>
<status status="PASS" start="2024-07-29T23:14:55.986790" elapsed="0.000206"/>
</kw>
<kw name="Should Be Equal As Numbers" owner="BuiltIn">
<arg>${json_data['results'][0]['location']['postcode']}</arg>
<arg>${json_data['results'][0]['location']['postcode']}</arg>
<doc>Fails if objects are unequal after converting them to real numbers.</doc>
<status status="PASS" start="2024-07-29T23:14:55.987290" elapsed="0.000623"/>
</kw>
<kw name="Log" owner="BuiltIn">
<msg time="2024-07-29T23:14:55.988487" level="INFO">48000</msg>
<arg>${json_data['results'][0]['location']['postcode']}</arg>
<doc>Logs the given message with the given level.</doc>
<status status="PASS" start="2024-07-29T23:14:55.988149" elapsed="0.000412"/>
</kw>
<status status="PASS" start="2024-07-29T23:14:55.893748" elapsed="0.095068"/>
</kw>
<doc>Testa se os tipos de dados na resposta da API estão corretos.</doc>
<tag>testeTiposDados</tag>
<status status="PASS" start="2024-07-29T23:14:55.808586" elapsed="0.180383"/>
</test>
<test id="s1-s1-t5" name="Validar conteudo" line="35">
<kw name="Teste de Tipos de Conteudo" owner="random-user-service">
<kw name="GET On Session" owner="RequestsLibrary">
<msg time="2024-07-29T23:14:56.104732" level="INFO">GET Request : url=https://randomuser.me/api 
 path_url=/api 
 headers={'User-Agent': 'python-requests/2.32.3', 'Accept-Encoding': 'gzip, deflate', 'Accept': '*/*', 'Connection': 'keep-alive'} 
 body=None 
 </msg>
<msg time="2024-07-29T23:14:56.104817" level="INFO">GET Response : url=https://randomuser.me/api 
 status=200, reason=OK 
 headers={'Date': 'Mon, 29 Jul 2024 23:14:56 GMT', 'Content-Type': 'application/json; charset=utf-8', 'Transfer-Encoding': 'chunked', 'Connection': 'keep-alive', 'X-Powered-By': 'Express', 'Access-Control-Allow-Origin': '*', 'Cache-Control': 'no-cache', 'ETag': 'W/"494-u+cl8i/NQl1hl4AhCCwpcrLCRqY"', 'Vary': 'Accept-Encoding', 'Content-Encoding': 'gzip', 'CF-Cache-Status': 'DYNAMIC', 'Report-To': '{"endpoints":[{"url":"https:\\/\\/a.nel.cloudflare.com\\/report\\/v4?s=Nr91Oul99IMlkTgaV1Tb3neBP2GOBYeFgtU1kkSx4bE7cVm1M06mMTaGhtrb3hb%2Fw9AZcZe1ub%2B9neZE%2FgWk0IlF3QCpCgMk7RI%2BJAQg545xzZPu8W2mrD7rWG4IKEQw"}],"group":"cf-nel","max_age":604800}', 'NEL': '{"success_fraction":0,"report_to":"cf-nel","max_age":604800}', 'Server': 'cloudflare', 'CF-RAY': '8ab0cedbfdf22928-ORD', 'alt-svc': 'h3=":443"; ma=86400'} 
 body={"results":[{"gender":"male","name":{"title":"Mr","first":"Slavoljub","last":"Spajić"},"location":{"street":{"number":9345,"name":"Dubrovačka"},"city":"Nova Crnja","state":"Pirot","country":"Serbia","postcode":78976,"coordinates":{"latitude":"60.7919","longitude":"-153.3208"},"timezone":{"offset":"+10:00","description":"Eastern Australia, Guam, Vladivostok"}},"email":"slavoljub.spajic@example.com","login":{"uuid":"bbfe388c-898c-4bd0-9f69-7ced1f17fd05","username":"happymeercat500","password":"wonderboy","salt":"HJFWR3cv","md5":"1d995ec1eb385b7e1b5f1a7a6df4e09a","sha1":"cc6eaa823e021f247d0c1bd040dbc0c5e4042279","sha256":"41155a889d2672e8b4988885c9921b1b43fe28d0f07a6e3a6abab980fcc27051"},"dob":{"date":"1990-04-11T01:46:29.279Z","age":34},"registered":{"date":"2020-03-15T07:44:22.469Z","age":4},"phone":"019-0498-039","cell":"068-2107-712","id":{"name":"SID","value":"192854254"},"picture":{"large":"https://randomuser.me/api/portraits/men/86.jpg","medium":"https://randomuser.me/api/portraits/med/men/86.jpg","thumbnail":"https://randomuser.me/api/portraits/thumb/men/86.jpg"},"nat":"RS"}],"info":{"seed":"af1657700011f829","results":1,"page":1,"version":"1.4"}} 
 </msg>
<msg time="2024-07-29T23:14:56.104893" level="INFO">/opt/hostedtoolcache/Python/3.12.4/x64/lib/python3.12/site-packages/urllib3/connectionpool.py:1099: InsecureRequestWarning: Unverified HTTPS request is being made to host 'randomuser.me'. Adding certificate verification is strongly advised. See: https://urllib3.readthedocs.io/en/latest/advanced-usage.html#tls-warnings
  warnings.warn(</msg>
<msg time="2024-07-29T23:14:56.105007" level="INFO">${response} = &lt;Response [200]&gt;</msg>
<var>${response}</var>
<arg>consultarAPI</arg>
<arg>/api</arg>
<doc>Sends a GET request on a previously created HTTP Session.</doc>
<status status="PASS" start="2024-07-29T23:14:55.991405" elapsed="0.113644"/>
</kw>
<kw name="Set Variable" owner="BuiltIn">
<msg time="2024-07-29T23:14:56.106049" level="INFO">${json_data} = {'results': [{'gender': 'male', 'name': {'title': 'Mr', 'first': 'Slavoljub', 'last': 'Spajić'}, 'location': {'street': {'number': 9345, 'name': 'Dubrovačka'}, 'city': 'Nova Crnja', 'state': 'Pirot', ...</msg>
<var>${json_data}</var>
<arg>${response.json()}</arg>
<doc>Returns the given values which can then be assigned to a variables.</doc>
<status status="PASS" start="2024-07-29T23:14:56.105497" elapsed="0.000583"/>
</kw>
<kw name="Set Variable" owner="BuiltIn">
<msg time="2024-07-29T23:14:56.106772" level="INFO">${name_title} = Mr</msg>
<var>${name_title}</var>
<arg>${json_data["results"][0]["name"]["title"]}</arg>
<doc>Returns the given values which can then be assigned to a variables.</doc>
<status status="PASS" start="2024-07-29T23:14:56.106389" elapsed="0.000408"/>
</kw>
<kw name="Create List" owner="BuiltIn">
<msg time="2024-07-29T23:14:56.107236" level="INFO">${allowed_titles} = ['Mr', 'Ms', 'Miss', 'Mrs', 'Madame', 'Monsieur']</msg>
<var>${allowed_titles}</var>
<arg>Mr</arg>
<arg>Ms</arg>
<arg>Miss</arg>
<arg>Mrs</arg>
<arg>Madame</arg>
<arg>Monsieur</arg>
<doc>Returns a list containing given items.</doc>
<status status="PASS" start="2024-07-29T23:14:56.107089" elapsed="0.000170"/>
</kw>
<kw name="List Should Contain Value" owner="Collections">
<arg>${allowed_titles}</arg>
<arg>${name_title}</arg>
<doc>Fails if the ``value`` is not found from ``list``.</doc>
<status status="PASS" start="2024-07-29T23:14:56.107556" elapsed="0.000176"/>
</kw>
<kw name="Set Variable" owner="BuiltIn">
<msg time="2024-07-29T23:14:56.108332" level="INFO">${name_country} = RS</msg>
<var>${name_country}</var>
<arg>${json_data["results"][0]["nat"]}</arg>
<doc>Returns the given values which can then be assigned to a variables.</doc>
<status status="PASS" start="2024-07-29T23:14:56.107913" elapsed="0.000444"/>
</kw>
<kw name="Create List" owner="BuiltIn">
<msg time="2024-07-29T23:14:56.109233" level="INFO">${list_country} = ['AD', 'AE', 'AF', 'AG', 'AI', 'AL', 'AM', 'AO', 'AQ', 'AR', 'AS', 'AT', 'AU', 'AW', 'AX', 'AZ', 'BA', 'BB', 'BD', 'BE', 'BF', 'BG', 'BH', 'BI', 'BJ', 'BL', 'BM', 'BN', 'BO', 'BQ', 'BR', 'BS', 'BT', '...</msg>
<var>${list_country}</var>
<arg>AD</arg>
<arg>AE</arg>
<arg>AF</arg>
<arg>AG</arg>
<arg>AI</arg>
<arg>AL</arg>
<arg>AM</arg>
<arg>AO</arg>
<arg>AQ</arg>
<arg>AR</arg>
<arg>AS</arg>
<arg>AT</arg>
<arg>AU</arg>
<arg>AW</arg>
<arg>AX</arg>
<arg>AZ</arg>
<arg>BA</arg>
<arg>BB</arg>
<arg>BD</arg>
<arg>BE</arg>
<arg>BF</arg>
<arg>BG</arg>
<arg>BH</arg>
<arg>BI</arg>
<arg>BJ</arg>
<arg>BL</arg>
<arg>BM</arg>
<arg>BN</arg>
<arg>BO</arg>
<arg>BQ</arg>
<arg>BR</arg>
<arg>BS</arg>
<arg>BT</arg>
<arg>BV</arg>
<arg>BW</arg>
<arg>BY</arg>
<arg>BZ</arg>
<arg>CA</arg>
<arg>CC</arg>
<arg>CD</arg>
<arg>CF</arg>
<arg>CG</arg>
<arg>CH</arg>
<arg>CI</arg>
<arg>CK</arg>
<arg>CL</arg>
<arg>CM</arg>
<arg>CN</arg>
<arg>CO</arg>
<arg>CR</arg>
<arg>CU</arg>
<arg>CV</arg>
<arg>CW</arg>
<arg>CX</arg>
<arg>CY</arg>
<arg>CZ</arg>
<arg>DE</arg>
<arg>DJ</arg>
<arg>DK</arg>
<arg>DM</arg>
<arg>DO</arg>
<arg>DZ</arg>
<arg>EC</arg>
<arg>EE</arg>
<arg>EG</arg>
<arg>EH</arg>
<arg>ER</arg>
<arg>ES</arg>
<arg>ET</arg>
<arg>FI</arg>
<arg>FJ</arg>
<arg>FK</arg>
<arg>FM</arg>
<arg>FO</arg>
<arg>FR</arg>
<arg>GA</arg>
<arg>GB</arg>
<arg>GD</arg>
<arg>GE</arg>
<arg>GF</arg>
<arg>GG</arg>
<arg>GH</arg>
<arg>GI</arg>
<arg>GL</arg>
<arg>GM</arg>
<arg>GN</arg>
<arg>GP</arg>
<arg>GQ</arg>
<arg>GR</arg>
<arg>GS</arg>
<arg>GT</arg>
<arg>GU</arg>
<arg>GW</arg>
<arg>GY</arg>
<arg>HK</arg>
<arg>HM</arg>
<arg>HN</arg>
<arg>HR</arg>
<arg>HT</arg>
<arg>HU</arg>
<arg>ID</arg>
<arg>IE</arg>
<arg>IL</arg>
<arg>IM</arg>
<arg>IN</arg>
<arg>IO</arg>
<arg>IQ</arg>
<arg>IR</arg>
<arg>IS</arg>
<arg>IT</arg>
<arg>JE</arg>
<arg>JM</arg>
<arg>JO</arg>
<arg>JP</arg>
<arg>KE</arg>
<arg>KG</arg>
<arg>KH</arg>
<arg>KI</arg>
<arg>KM</arg>
<arg>KN</arg>
<arg>KP</arg>
<arg>KR</arg>
<arg>KW</arg>
<arg>KY</arg>
<arg>KZ</arg>
<arg>LA</arg>
<arg>LB</arg>
<arg>LC</arg>
<arg>LI</arg>
<arg>LK</arg>
<arg>LR</arg>
<arg>LS</arg>
<arg>LT</arg>
<arg>LU</arg>
<arg>LV</arg>
<arg>LY</arg>
<arg>MA</arg>
<arg>MC</arg>
<arg>MD</arg>
<arg>ME</arg>
<arg>MF</arg>
<arg>MG</arg>
<arg>MH</arg>
<arg>MK</arg>
<arg>ML</arg>
<arg>MM</arg>
<arg>MN</arg>
<arg>MO</arg>
<arg>MP</arg>
<arg>MQ</arg>
<arg>MR</arg>
<arg>MS</arg>
<arg>MT</arg>
<arg>MU</arg>
<arg>MV</arg>
<arg>MW</arg>
<arg>MX</arg>
<arg>MY</arg>
<arg>MZ</arg>
<arg>NA</arg>
<arg>NC</arg>
<arg>NE</arg>
<arg>NF</arg>
<arg>NG</arg>
<arg>NI</arg>
<arg>NL</arg>
<arg>NO</arg>
<arg>NP</arg>
<arg>NR</arg>
<arg>NU</arg>
<arg>NZ</arg>
<arg>OM</arg>
<arg>PA</arg>
<arg>PE</arg>
<arg>PF</arg>
<arg>PG</arg>
<arg>PH</arg>
<arg>PK</arg>
<arg>PL</arg>
<arg>PM</arg>
<arg>PN</arg>
<arg>PR</arg>
<arg>PS</arg>
<arg>PT</arg>
<arg>PW</arg>
<arg>PY</arg>
<arg>QA</arg>
<arg>RE</arg>
<arg>RO</arg>
<arg>RS</arg>
<arg>RU</arg>
<arg>RW</arg>
<arg>SA</arg>
<arg>SB</arg>
<arg>SC</arg>
<arg>SD</arg>
<arg>SE</arg>
<arg>SG</arg>
<arg>SH</arg>
<arg>SI</arg>
<arg>SJ</arg>
<arg>SK</arg>
<arg>SL</arg>
<arg>SM</arg>
<arg>SN</arg>
<arg>SO</arg>
<arg>SR</arg>
<arg>SS</arg>
<arg>ST</arg>
<arg>SV</arg>
<arg>SX</arg>
<arg>SY</arg>
<arg>SZ</arg>
<arg>TC</arg>
<arg>TD</arg>
<arg>TF</arg>
<arg>TG</arg>
<arg>TH</arg>
<arg>TJ</arg>
<arg>TK</arg>
<arg>TL</arg>
<arg>TM</arg>
<arg>TN</arg>
<arg>TO</arg>
<arg>TR</arg>
<arg>TT</arg>
<arg>TV</arg>
<arg>TW</arg>
<arg>TZ</arg>
<arg>UA</arg>
<arg>UG</arg>
<arg>UM</arg>
<arg>US</arg>
<arg>UY</arg>
<arg>UZ</arg>
<arg>VA</arg>
<arg>VC</arg>
<arg>VE</arg>
<arg>VG</arg>
<arg>VI</arg>
<arg>VN</arg>
<arg>VU</arg>
<arg>WF</arg>
<arg>WS</arg>
<arg>XK</arg>
<arg>YE</arg>
<arg>YT</arg>
<arg>ZA</arg>
<arg>ZM</arg>
<arg>ZW</arg>
<doc>Returns a list containing given items.</doc>
<status status="PASS" start="2024-07-29T23:14:56.108646" elapsed="0.000613"/>
</kw>
<kw name="List Should Contain Value" owner="Collections">
<arg>${list_country}</arg>
<arg>${name_country}</arg>
<doc>Fails if the ``value`` is not found from ``list``.</doc>
<status status="PASS" start="2024-07-29T23:14:56.110180" elapsed="0.000208"/>
</kw>
<kw name="Run Keyword If" owner="BuiltIn">
<kw name="Should Be True" owner="BuiltIn">
<arg>${True}</arg>
<doc>Fails if the given condition is not true.</doc>
<status status="PASS" start="2024-07-29T23:14:56.111322" elapsed="0.000140"/>
</kw>
<arg>${json_data["results"][0]["location"]["coordinates"]["latitude"]} &gt;= -90 and ${json_data["results"][0]["location"]["coordinates"]["latitude"]} &lt;= 90</arg>
<arg>Should Be True</arg>
<arg>${True}</arg>
<doc>Runs the given keyword with the given arguments, if ``condition`` is true.</doc>
<status status="PASS" start="2024-07-29T23:14:56.110586" elapsed="0.001001"/>
</kw>
<kw name="Run Keyword If" owner="BuiltIn">
<kw name="Should Be True" owner="BuiltIn">
<arg>${True}</arg>
<doc>Fails if the given condition is not true.</doc>
<status status="PASS" start="2024-07-29T23:14:56.112489" elapsed="0.000138"/>
</kw>
<arg>${json_data["results"][0]["location"]["coordinates"]["longitude"]} &gt;= -180 and ${json_data["results"][0]["location"]["coordinates"]["longitude"]} &lt;= 180</arg>
<arg>Should Be True</arg>
<arg>${True}</arg>
<doc>Runs the given keyword with the given arguments, if ``condition`` is true.</doc>
<status status="PASS" start="2024-07-29T23:14:56.111768" elapsed="0.000983"/>
</kw>
<status status="PASS" start="2024-07-29T23:14:55.991186" elapsed="0.121692"/>
</kw>
<doc>Testa o conteúdo específico dos campos retornados pela API.</doc>
<tag>testeConteudo</tag>
<status status="PASS" start="2024-07-29T23:14:55.990688" elapsed="0.122331"/>
</test>
<status status="PASS" start="2024-07-29T23:14:55.279514" elapsed="0.835395"/>
</suite>
<status status="PASS" start="2024-07-29T23:14:55.265322" elapsed="0.854616"/>
</suite>
<statistics>
<total>
<stat pass="5" fail="0" skip="0">All Tests</stat>
</total>
<tag>
<stat pass="1" fail="0" skip="0">testeConteudo</stat>
<stat pass="1" fail="0" skip="0">testeEstruturaResposta</stat>
<stat pass="1" fail="0" skip="0">testeRequisicaoBasica</stat>
<stat pass="1" fail="0" skip="0">testeTiposDados</stat>
</tag>
<suite>
<stat pass="5" fail="0" skip="0" id="s1" name="Tests">Tests</stat>
<stat pass="5" fail="0" skip="0" id="s1-s1" name="Random-User-Test">Tests.Random-User-Test</stat>
</suite>
</statistics>
<errors>
</errors>
</robot>
