<?xml version="1.0" encoding="UTF-8"?>
<robot generator="Robot 7.0 (Python 3.12.3 on linux)" generated="2024-05-30T19:13:30.117354" rpa="false" schemaversion="5">
<suite id="s1" name="Tests" source="/home/runner/work/ApiRandomUser/ApiRandomUser/RamdonUser/tests">
<suite id="s1-s1" name="Random-User-Test" source="/home/runner/work/ApiRandomUser/ApiRandomUser/RamdonUser/tests/random-user-test.robot">
<test id="s1-s1-t1" name="Conectar" line="13">
<kw name="Conectar API" owner="random-user-service">
<kw name="Create Session" owner="RequestsLibrary">
<msg time="2024-05-30T19:13:30.507420" level="INFO">Creating Session using : alias=consultarAPI, url=https://randomuser.me/, headers={},                     cookies={}, auth=None, timeout=None, proxies=None, verify=False,                     debug=0 </msg>
<arg>consultarAPI</arg>
<arg>${URL}</arg>
<doc>Create Session: create a HTTP session to a server</doc>
<status status="PASS" start="2024-05-30T19:13:30.507208" elapsed="0.000395"/>
</kw>
<status status="PASS" start="2024-05-30T19:13:30.506104" elapsed="0.001872"/>
</kw>
<status status="PASS" start="2024-05-30T19:13:30.505509" elapsed="0.002666"/>
</test>
<test id="s1-s1-t2" name="Validar retorno 200 e JSON Válido" line="16">
<kw name="Teste de Requisicao Basica" owner="random-user-service">
<kw name="GET On Session" owner="RequestsLibrary">
<msg time="2024-05-30T19:13:30.609728" level="INFO">GET Request : url=https://randomuser.me/api 
 path_url=/api 
 headers={'User-Agent': 'python-requests/2.32.3', 'Accept-Encoding': 'gzip, deflate', 'Accept': '*/*', 'Connection': 'keep-alive'} 
 body=None 
 </msg>
<msg time="2024-05-30T19:13:30.609877" level="INFO">GET Response : url=https://randomuser.me/api 
 status=200, reason=OK 
 headers={'Date': 'Thu, 30 May 2024 19:13:30 GMT', 'Content-Type': 'application/json; charset=utf-8', 'Transfer-Encoding': 'chunked', 'Connection': 'keep-alive', 'X-Powered-By': 'Express', 'Access-Control-Allow-Origin': '*', 'Cache-Control': 'no-cache', 'ETag': 'W/"4ab-pkem/g531kNaPcq7NkLP/EQ43H4"', 'Vary': 'Accept-Encoding', 'Content-Encoding': 'gzip', 'CF-Cache-Status': 'DYNAMIC', 'Report-To': '{"endpoints":[{"url":"https:\\/\\/a.nel.cloudflare.com\\/report\\/v4?s=sM7gv8rA%2F9f155kCRtmzOxkPJiT3P0KhSOcBL9H6QYMtkDhaAYYt20danByNQwtoFqbmGkPvuri6U%2BUyRjbxf5s8DnFp1jA2Er%2B6ZvTNmaEJxM8fqKWs9v5hM8MIjN67"}],"group":"cf-nel","max_age":604800}', 'NEL': '{"success_fraction":0,"report_to":"cf-nel","max_age":604800}', 'Server': 'cloudflare', 'CF-RAY': '88c10ab5eaa22d82-ORD', 'alt-svc': 'h3=":443"; ma=86400'} 
 body={"results":[{"gender":"male","name":{"title":"Mr","first":"Cildo","last":"Fogaça"},"location":{"street":{"number":4039,"name":"Rua Dom Pedro Ii "},"city":"Itapevi","state":"Distrito Federal","country":"Brazil","postcode":48515,"coordinates":{"latitude":"-76.7781","longitude":"-129.7939"},"timezone":{"offset":"0:00","description":"Western Europe Time, London, Lisbon, Casablanca"}},"email":"cildo.fogaca@example.com","login":{"uuid":"37764636-54e7-47bb-b89c-f64a72765fa8","username":"organicpeacock961","password":"khan","salt":"vt6EESQ0","md5":"41194644f1599256e95ae9cb85588918","sha1":"9a2395aa9af2eadd440612fd9617bab3b4bfd840","sha256":"587dad742215541516e7be35f10d6c9c2452afc5be5b530de0492873c38c424a"},"dob":{"date":"1968-08-21T18:53:34.926Z","age":55},"registered":{"date":"2007-09-14T14:28:58.958Z","age":16},"phone":"(41) 4439-6587","cell":"(11) 8974-5618","id":{"name":"CPF","value":"230.129.515-38"},"picture":{"large":"https://randomuser.me/api/portraits/men/64.jpg","medium":"https://randomuser.me/api/portraits/med/men/64.jpg","thumbnail":"https://randomuser.me/api/portraits/thumb/men/64.jpg"},"nat":"BR"}],"info":{"seed":"54804a1e01aaaa30","results":1,"page":1,"version":"1.4"}} 
 </msg>
<msg time="2024-05-30T19:13:30.609954" level="INFO">/opt/hostedtoolcache/Python/3.12.3/x64/lib/python3.12/site-packages/urllib3/connectionpool.py:1103: InsecureRequestWarning: Unverified HTTPS request is being made to host 'randomuser.me'. Adding certificate verification is strongly advised. See: https://urllib3.readthedocs.io/en/latest/advanced-usage.html#tls-warnings
  warnings.warn(</msg>
<msg time="2024-05-30T19:13:30.610079" level="INFO">${response} = &lt;Response [200]&gt;</msg>
<var>${response}</var>
<arg>consultarAPI</arg>
<arg>/api</arg>
<doc>Sends a GET request on a previously created HTTP Session.</doc>
<status status="PASS" start="2024-05-30T19:13:30.510846" elapsed="0.099272"/>
</kw>
<kw name="Should Be Equal As Numbers" owner="BuiltIn">
<msg time="2024-05-30T19:13:30.611048" level="INFO">Argument types are:
&lt;class 'int'&gt;
&lt;class 'str'&gt;</msg>
<arg>${response.status_code}</arg>
<arg>200</arg>
<doc>Fails if objects are unequal after converting them to real numbers.</doc>
<status status="PASS" start="2024-05-30T19:13:30.610571" elapsed="0.000545"/>
</kw>
<kw name="Log" owner="BuiltIn">
<msg time="2024-05-30T19:13:30.611878" level="INFO">200</msg>
<arg>${response.status_code}</arg>
<doc>Logs the given message with the given level.</doc>
<status status="PASS" start="2024-05-30T19:13:30.611487" elapsed="0.000440"/>
</kw>
<kw name="Set Variable" owner="BuiltIn">
<msg time="2024-05-30T19:13:30.612715" level="INFO">${json_data} = {'results': [{'gender': 'male', 'name': {'title': 'Mr', 'first': 'Cildo', 'last': 'Fogaça'}, 'location': {'street': {'number': 4039, 'name': 'Rua Dom Pedro Ii '}, 'city': 'Itapevi', 'state': 'Distrito...</msg>
<var>${json_data}</var>
<arg>${response.json()}</arg>
<doc>Returns the given values which can then be assigned to a variables.</doc>
<status status="PASS" start="2024-05-30T19:13:30.612262" elapsed="0.000482"/>
</kw>
<kw name="Dictionary Should Contain Key" owner="Collections">
<msg time="2024-05-30T19:13:30.613228" level="INFO">False</msg>
<arg>${json_data}</arg>
<arg>results</arg>
<doc>Fails if ``key`` is not found from ``dictionary``.</doc>
<status status="PASS" start="2024-05-30T19:13:30.613058" elapsed="0.000364"/>
</kw>
<status status="PASS" start="2024-05-30T19:13:30.510552" elapsed="0.103170"/>
</kw>
<doc>Testa se a API responde corretamente e retorna um objeto JSON válido.</doc>
<tag>testeRequisicaoBasica</tag>
<status status="PASS" start="2024-05-30T19:13:30.510082" elapsed="0.103820"/>
</test>
<test id="s1-s1-t3" name="Validar estrutura de resposta" line="22">
<kw name="Teste de Estrutura de Resposta" owner="random-user-service">
<kw name="GET On Session" owner="RequestsLibrary">
<msg time="2024-05-30T19:13:30.698035" level="INFO">GET Request : url=https://randomuser.me/api 
 path_url=/api 
 headers={'User-Agent': 'python-requests/2.32.3', 'Accept-Encoding': 'gzip, deflate', 'Accept': '*/*', 'Connection': 'keep-alive'} 
 body=None 
 </msg>
<msg time="2024-05-30T19:13:30.698144" level="INFO">GET Response : url=https://randomuser.me/api 
 status=200, reason=OK 
 headers={'Date': 'Thu, 30 May 2024 19:13:30 GMT', 'Content-Type': 'application/json; charset=utf-8', 'Transfer-Encoding': 'chunked', 'Connection': 'keep-alive', 'X-Powered-By': 'Express', 'Access-Control-Allow-Origin': '*', 'Cache-Control': 'no-cache', 'ETag': 'W/"49e-aJBOIp0XmwogSzxkyStoToa7iiQ"', 'Vary': 'Accept-Encoding', 'Content-Encoding': 'gzip', 'CF-Cache-Status': 'DYNAMIC', 'Report-To': '{"endpoints":[{"url":"https:\\/\\/a.nel.cloudflare.com\\/report\\/v4?s=6Ijvsm5glKEaNxkH%2BLHqQOGrVhoeCublgME2pLFFhsyHt5T0hnmToErO6MY0KhueWhUS9ak3xiS8HxK0H0GXIG529Iy4n10uO4r6m87jqDwG8gWOB7RAIzCT6xHny5si"}],"group":"cf-nel","max_age":604800}', 'NEL': '{"success_fraction":0,"report_to":"cf-nel","max_age":604800}', 'Server': 'cloudflare', 'CF-RAY': '88c10ab66b372d82-ORD', 'alt-svc': 'h3=":443"; ma=86400'} 
 body={"results":[{"gender":"female","name":{"title":"Miss","first":"Emily","last":"Christiansen"},"location":{"street":{"number":9988,"name":"Søndervænget"},"city":"Nr Åby","state":"Sjælland","country":"Denmark","postcode":80691,"coordinates":{"latitude":"-38.6312","longitude":"28.5869"},"timezone":{"offset":"-4:00","description":"Atlantic Time (Canada), Caracas, La Paz"}},"email":"emily.christiansen@example.com","login":{"uuid":"4104fd8b-c1ca-42f6-8909-0100cf6a1b76","username":"organicbird208","password":"135790","salt":"hXNi9zsJ","md5":"1569b3bcb867fd12b60720bec4c2b131","sha1":"3e5665c1333838729b077bd45609a81e385a458f","sha256":"f48abac143affe995f5c3754019b5473c2036e1da0d3ce9ddb4056d39f94e621"},"dob":{"date":"1947-11-08T15:35:26.438Z","age":76},"registered":{"date":"2002-10-02T11:49:48.002Z","age":21},"phone":"93617430","cell":"27638991","id":{"name":"CPR","value":"081147-7222"},"picture":{"large":"https://randomuser.me/api/portraits/women/78.jpg","medium":"https://randomuser.me/api/portraits/med/women/78.jpg","thumbnail":"https://randomuser.me/api/portraits/thumb/women/78.jpg"},"nat":"DK"}],"info":{"seed":"f0a034b79e9703e9","results":1,"page":1,"version":"1.4"}} 
 </msg>
<msg time="2024-05-30T19:13:30.698283" level="INFO">/opt/hostedtoolcache/Python/3.12.3/x64/lib/python3.12/site-packages/urllib3/connectionpool.py:1103: InsecureRequestWarning: Unverified HTTPS request is being made to host 'randomuser.me'. Adding certificate verification is strongly advised. See: https://urllib3.readthedocs.io/en/latest/advanced-usage.html#tls-warnings
  warnings.warn(</msg>
<msg time="2024-05-30T19:13:30.698408" level="INFO">${response} = &lt;Response [200]&gt;</msg>
<var>${response}</var>
<arg>consultarAPI</arg>
<arg>/api</arg>
<doc>Sends a GET request on a previously created HTTP Session.</doc>
<status status="PASS" start="2024-05-30T19:13:30.616912" elapsed="0.081533"/>
</kw>
<kw name="Set Variable" owner="BuiltIn">
<msg time="2024-05-30T19:13:30.699549" level="INFO">${json_data} = {'results': [{'gender': 'female', 'name': {'title': 'Miss', 'first': 'Emily', 'last': 'Christiansen'}, 'location': {'street': {'number': 9988, 'name': 'Søndervænget'}, 'city': 'Nr Åby', 'state': 'Sjæl...</msg>
<var>${json_data}</var>
<arg>${response.json()}</arg>
<doc>Returns the given values which can then be assigned to a variables.</doc>
<status status="PASS" start="2024-05-30T19:13:30.699002" elapsed="0.000579"/>
</kw>
<kw name="Log" owner="BuiltIn">
<msg time="2024-05-30T19:13:30.700120" level="INFO">{'results': [{'gender': 'female', 'name': {'title': 'Miss', 'first': 'Emily', 'last': 'Christiansen'}, 'location': {'street': {'number': 9988, 'name': 'Søndervænget'}, 'city': 'Nr Åby', 'state': 'Sjælland', 'country': 'Denmark', 'postcode': 80691, 'coordinates': {'latitude': '-38.6312', 'longitude': '28.5869'}, 'timezone': {'offset': '-4:00', 'description': 'Atlantic Time (Canada), Caracas, La Paz'}}, 'email': 'emily.christiansen@example.com', 'login': {'uuid': '4104fd8b-c1ca-42f6-8909-0100cf6a1b76', 'username': 'organicbird208', 'password': '135790', 'salt': 'hXNi9zsJ', 'md5': '1569b3bcb867fd12b60720bec4c2b131', 'sha1': '3e5665c1333838729b077bd45609a81e385a458f', 'sha256': 'f48abac143affe995f5c3754019b5473c2036e1da0d3ce9ddb4056d39f94e621'}, 'dob': {'date': '1947-11-08T15:35:26.438Z', 'age': 76}, 'registered': {'date': '2002-10-02T11:49:48.002Z', 'age': 21}, 'phone': '93617430', 'cell': '27638991', 'id': {'name': 'CPR', 'value': '081147-7222'}, 'picture': {'large': 'https://randomuser.me/api/portraits/women/78.jpg', 'medium': 'https://randomuser.me/api/portraits/med/women/78.jpg', 'thumbnail': 'https://randomuser.me/api/portraits/thumb/women/78.jpg'}, 'nat': 'DK'}], 'info': {'seed': 'f0a034b79e9703e9', 'results': 1, 'page': 1, 'version': '1.4'}}</msg>
<arg>${json_data}</arg>
<doc>Logs the given message with the given level.</doc>
<status status="PASS" start="2024-05-30T19:13:30.699944" elapsed="0.000227"/>
</kw>
<kw name="Dictionary Should Contain Key" owner="Collections">
<msg time="2024-05-30T19:13:30.700662" level="INFO">False</msg>
<arg>${json_data}</arg>
<arg>results</arg>
<doc>Fails if ``key`` is not found from ``dictionary``.</doc>
<status status="PASS" start="2024-05-30T19:13:30.700497" elapsed="0.000203"/>
</kw>
<kw name="Should Not Be Empty" owner="BuiltIn">
<msg time="2024-05-30T19:13:30.701144" level="INFO">Length is 2.</msg>
<arg>${json_data}</arg>
<doc>Verifies that the given item is not empty.</doc>
<status status="PASS" start="2024-05-30T19:13:30.701007" elapsed="0.000177"/>
</kw>
<kw name="Create List" owner="BuiltIn">
<msg time="2024-05-30T19:13:30.701632" level="INFO">${expected_keys} = ['gender', 'name', 'location', 'email', 'login']</msg>
<var>${expected_keys}</var>
<arg>gender</arg>
<arg>name</arg>
<arg>location</arg>
<arg>email</arg>
<arg>login</arg>
<doc>Returns a list containing given items.</doc>
<status status="PASS" start="2024-05-30T19:13:30.701482" elapsed="0.000173"/>
</kw>
<for flavor="IN">
<iter>
<kw name="Dictionary Should Contain Key" owner="Collections">
<msg time="2024-05-30T19:13:30.702693" level="INFO">False</msg>
<arg>${json_data['results'][0]}</arg>
<arg>${key}</arg>
<doc>Fails if ``key`` is not found from ``dictionary``.</doc>
<status status="PASS" start="2024-05-30T19:13:30.702253" elapsed="0.000484"/>
</kw>
<kw name="Log" owner="BuiltIn">
<msg time="2024-05-30T19:13:30.703460" level="INFO">{'gender': 'female', 'name': {'title': 'Miss', 'first': 'Emily', 'last': 'Christiansen'}, 'location': {'street': {'number': 9988, 'name': 'Søndervænget'}, 'city': 'Nr Åby', 'state': 'Sjælland', 'country': 'Denmark', 'postcode': 80691, 'coordinates': {'latitude': '-38.6312', 'longitude': '28.5869'}, 'timezone': {'offset': '-4:00', 'description': 'Atlantic Time (Canada), Caracas, La Paz'}}, 'email': 'emily.christiansen@example.com', 'login': {'uuid': '4104fd8b-c1ca-42f6-8909-0100cf6a1b76', 'username': 'organicbird208', 'password': '135790', 'salt': 'hXNi9zsJ', 'md5': '1569b3bcb867fd12b60720bec4c2b131', 'sha1': '3e5665c1333838729b077bd45609a81e385a458f', 'sha256': 'f48abac143affe995f5c3754019b5473c2036e1da0d3ce9ddb4056d39f94e621'}, 'dob': {'date': '1947-11-08T15:35:26.438Z', 'age': 76}, 'registered': {'date': '2002-10-02T11:49:48.002Z', 'age': 21}, 'phone': '93617430', 'cell': '27638991', 'id': {'name': 'CPR', 'value': '081147-7222'}, 'picture': {'large': 'https://randomuser.me/api/portraits/women/78.jpg', 'medium': 'https://randomuser.me/api/portraits/med/women/78.jpg', 'thumbnail': 'https://randomuser.me/api/portraits/thumb/women/78.jpg'}, 'nat': 'DK'}</msg>
<arg>${json_data['results'][0]}</arg>
<doc>Logs the given message with the given level.</doc>
<status status="PASS" start="2024-05-30T19:13:30.703082" elapsed="0.000430"/>
</kw>
<kw name="Log" owner="BuiltIn">
<msg time="2024-05-30T19:13:30.703950" level="INFO">gender</msg>
<arg>${key}</arg>
<doc>Logs the given message with the given level.</doc>
<status status="PASS" start="2024-05-30T19:13:30.703819" elapsed="0.000169"/>
</kw>
<var name="${key}">gender</var>
<status status="PASS" start="2024-05-30T19:13:30.702122" elapsed="0.002082"/>
</iter>
<iter>
<kw name="Dictionary Should Contain Key" owner="Collections">
<msg time="2024-05-30T19:13:30.704926" level="INFO">False</msg>
<arg>${json_data['results'][0]}</arg>
<arg>${key}</arg>
<doc>Fails if ``key`` is not found from ``dictionary``.</doc>
<status status="PASS" start="2024-05-30T19:13:30.704519" elapsed="0.000445"/>
</kw>
<kw name="Log" owner="BuiltIn">
<msg time="2024-05-30T19:13:30.705659" level="INFO">{'gender': 'female', 'name': {'title': 'Miss', 'first': 'Emily', 'last': 'Christiansen'}, 'location': {'street': {'number': 9988, 'name': 'Søndervænget'}, 'city': 'Nr Åby', 'state': 'Sjælland', 'country': 'Denmark', 'postcode': 80691, 'coordinates': {'latitude': '-38.6312', 'longitude': '28.5869'}, 'timezone': {'offset': '-4:00', 'description': 'Atlantic Time (Canada), Caracas, La Paz'}}, 'email': 'emily.christiansen@example.com', 'login': {'uuid': '4104fd8b-c1ca-42f6-8909-0100cf6a1b76', 'username': 'organicbird208', 'password': '135790', 'salt': 'hXNi9zsJ', 'md5': '1569b3bcb867fd12b60720bec4c2b131', 'sha1': '3e5665c1333838729b077bd45609a81e385a458f', 'sha256': 'f48abac143affe995f5c3754019b5473c2036e1da0d3ce9ddb4056d39f94e621'}, 'dob': {'date': '1947-11-08T15:35:26.438Z', 'age': 76}, 'registered': {'date': '2002-10-02T11:49:48.002Z', 'age': 21}, 'phone': '93617430', 'cell': '27638991', 'id': {'name': 'CPR', 'value': '081147-7222'}, 'picture': {'large': 'https://randomuser.me/api/portraits/women/78.jpg', 'medium': 'https://randomuser.me/api/portraits/med/women/78.jpg', 'thumbnail': 'https://randomuser.me/api/portraits/thumb/women/78.jpg'}, 'nat': 'DK'}</msg>
<arg>${json_data['results'][0]}</arg>
<doc>Logs the given message with the given level.</doc>
<status status="PASS" start="2024-05-30T19:13:30.705291" elapsed="0.000428"/>
</kw>
<kw name="Log" owner="BuiltIn">
<msg time="2024-05-30T19:13:30.706148" level="INFO">name</msg>
<arg>${key}</arg>
<doc>Logs the given message with the given level.</doc>
<status status="PASS" start="2024-05-30T19:13:30.706018" elapsed="0.000167"/>
</kw>
<var name="${key}">name</var>
<status status="PASS" start="2024-05-30T19:13:30.704401" elapsed="0.002007"/>
</iter>
<iter>
<kw name="Dictionary Should Contain Key" owner="Collections">
<msg time="2024-05-30T19:13:30.707160" level="INFO">False</msg>
<arg>${json_data['results'][0]}</arg>
<arg>${key}</arg>
<doc>Fails if ``key`` is not found from ``dictionary``.</doc>
<status status="PASS" start="2024-05-30T19:13:30.706706" elapsed="0.000493"/>
</kw>
<kw name="Log" owner="BuiltIn">
<msg time="2024-05-30T19:13:30.707877" level="INFO">{'gender': 'female', 'name': {'title': 'Miss', 'first': 'Emily', 'last': 'Christiansen'}, 'location': {'street': {'number': 9988, 'name': 'Søndervænget'}, 'city': 'Nr Åby', 'state': 'Sjælland', 'country': 'Denmark', 'postcode': 80691, 'coordinates': {'latitude': '-38.6312', 'longitude': '28.5869'}, 'timezone': {'offset': '-4:00', 'description': 'Atlantic Time (Canada), Caracas, La Paz'}}, 'email': 'emily.christiansen@example.com', 'login': {'uuid': '4104fd8b-c1ca-42f6-8909-0100cf6a1b76', 'username': 'organicbird208', 'password': '135790', 'salt': 'hXNi9zsJ', 'md5': '1569b3bcb867fd12b60720bec4c2b131', 'sha1': '3e5665c1333838729b077bd45609a81e385a458f', 'sha256': 'f48abac143affe995f5c3754019b5473c2036e1da0d3ce9ddb4056d39f94e621'}, 'dob': {'date': '1947-11-08T15:35:26.438Z', 'age': 76}, 'registered': {'date': '2002-10-02T11:49:48.002Z', 'age': 21}, 'phone': '93617430', 'cell': '27638991', 'id': {'name': 'CPR', 'value': '081147-7222'}, 'picture': {'large': 'https://randomuser.me/api/portraits/women/78.jpg', 'medium': 'https://randomuser.me/api/portraits/med/women/78.jpg', 'thumbnail': 'https://randomuser.me/api/portraits/thumb/women/78.jpg'}, 'nat': 'DK'}</msg>
<arg>${json_data['results'][0]}</arg>
<doc>Logs the given message with the given level.</doc>
<status status="PASS" start="2024-05-30T19:13:30.707508" elapsed="0.000420"/>
</kw>
<kw name="Log" owner="BuiltIn">
<msg time="2024-05-30T19:13:30.708372" level="INFO">location</msg>
<arg>${key}</arg>
<doc>Logs the given message with the given level.</doc>
<status status="PASS" start="2024-05-30T19:13:30.708236" elapsed="0.000174"/>
</kw>
<var name="${key}">location</var>
<status status="PASS" start="2024-05-30T19:13:30.706591" elapsed="0.002041"/>
</iter>
<iter>
<kw name="Dictionary Should Contain Key" owner="Collections">
<msg time="2024-05-30T19:13:30.709428" level="INFO">False</msg>
<arg>${json_data['results'][0]}</arg>
<arg>${key}</arg>
<doc>Fails if ``key`` is not found from ``dictionary``.</doc>
<status status="PASS" start="2024-05-30T19:13:30.708929" elapsed="0.000537"/>
</kw>
<kw name="Log" owner="BuiltIn">
<msg time="2024-05-30T19:13:30.710140" level="INFO">{'gender': 'female', 'name': {'title': 'Miss', 'first': 'Emily', 'last': 'Christiansen'}, 'location': {'street': {'number': 9988, 'name': 'Søndervænget'}, 'city': 'Nr Åby', 'state': 'Sjælland', 'country': 'Denmark', 'postcode': 80691, 'coordinates': {'latitude': '-38.6312', 'longitude': '28.5869'}, 'timezone': {'offset': '-4:00', 'description': 'Atlantic Time (Canada), Caracas, La Paz'}}, 'email': 'emily.christiansen@example.com', 'login': {'uuid': '4104fd8b-c1ca-42f6-8909-0100cf6a1b76', 'username': 'organicbird208', 'password': '135790', 'salt': 'hXNi9zsJ', 'md5': '1569b3bcb867fd12b60720bec4c2b131', 'sha1': '3e5665c1333838729b077bd45609a81e385a458f', 'sha256': 'f48abac143affe995f5c3754019b5473c2036e1da0d3ce9ddb4056d39f94e621'}, 'dob': {'date': '1947-11-08T15:35:26.438Z', 'age': 76}, 'registered': {'date': '2002-10-02T11:49:48.002Z', 'age': 21}, 'phone': '93617430', 'cell': '27638991', 'id': {'name': 'CPR', 'value': '081147-7222'}, 'picture': {'large': 'https://randomuser.me/api/portraits/women/78.jpg', 'medium': 'https://randomuser.me/api/portraits/med/women/78.jpg', 'thumbnail': 'https://randomuser.me/api/portraits/thumb/women/78.jpg'}, 'nat': 'DK'}</msg>
<arg>${json_data['results'][0]}</arg>
<doc>Logs the given message with the given level.</doc>
<status status="PASS" start="2024-05-30T19:13:30.709771" elapsed="0.000419"/>
</kw>
<kw name="Log" owner="BuiltIn">
<msg time="2024-05-30T19:13:30.710619" level="INFO">email</msg>
<arg>${key}</arg>
<doc>Logs the given message with the given level.</doc>
<status status="PASS" start="2024-05-30T19:13:30.710491" elapsed="0.000166"/>
</kw>
<var name="${key}">email</var>
<status status="PASS" start="2024-05-30T19:13:30.708817" elapsed="0.002090"/>
</iter>
<iter>
<kw name="Dictionary Should Contain Key" owner="Collections">
<msg time="2024-05-30T19:13:30.711592" level="INFO">False</msg>
<arg>${json_data['results'][0]}</arg>
<arg>${key}</arg>
<doc>Fails if ``key`` is not found from ``dictionary``.</doc>
<status status="PASS" start="2024-05-30T19:13:30.711210" elapsed="0.000419"/>
</kw>
<kw name="Log" owner="BuiltIn">
<msg time="2024-05-30T19:13:30.712291" level="INFO">{'gender': 'female', 'name': {'title': 'Miss', 'first': 'Emily', 'last': 'Christiansen'}, 'location': {'street': {'number': 9988, 'name': 'Søndervænget'}, 'city': 'Nr Åby', 'state': 'Sjælland', 'country': 'Denmark', 'postcode': 80691, 'coordinates': {'latitude': '-38.6312', 'longitude': '28.5869'}, 'timezone': {'offset': '-4:00', 'description': 'Atlantic Time (Canada), Caracas, La Paz'}}, 'email': 'emily.christiansen@example.com', 'login': {'uuid': '4104fd8b-c1ca-42f6-8909-0100cf6a1b76', 'username': 'organicbird208', 'password': '135790', 'salt': 'hXNi9zsJ', 'md5': '1569b3bcb867fd12b60720bec4c2b131', 'sha1': '3e5665c1333838729b077bd45609a81e385a458f', 'sha256': 'f48abac143affe995f5c3754019b5473c2036e1da0d3ce9ddb4056d39f94e621'}, 'dob': {'date': '1947-11-08T15:35:26.438Z', 'age': 76}, 'registered': {'date': '2002-10-02T11:49:48.002Z', 'age': 21}, 'phone': '93617430', 'cell': '27638991', 'id': {'name': 'CPR', 'value': '081147-7222'}, 'picture': {'large': 'https://randomuser.me/api/portraits/women/78.jpg', 'medium': 'https://randomuser.me/api/portraits/med/women/78.jpg', 'thumbnail': 'https://randomuser.me/api/portraits/thumb/women/78.jpg'}, 'nat': 'DK'}</msg>
<arg>${json_data['results'][0]}</arg>
<doc>Logs the given message with the given level.</doc>
<status status="PASS" start="2024-05-30T19:13:30.711932" elapsed="0.000417"/>
</kw>
<kw name="Log" owner="BuiltIn">
<msg time="2024-05-30T19:13:30.712791" level="INFO">login</msg>
<arg>${key}</arg>
<doc>Logs the given message with the given level.</doc>
<status status="PASS" start="2024-05-30T19:13:30.712661" elapsed="0.000168"/>
</kw>
<var name="${key}">login</var>
<status status="PASS" start="2024-05-30T19:13:30.711097" elapsed="0.001975"/>
</iter>
<var>${key}</var>
<value>@{expected_keys}</value>
<status status="PASS" start="2024-05-30T19:13:30.701918" elapsed="0.011278"/>
</for>
<kw name="Create List" owner="BuiltIn">
<msg time="2024-05-30T19:13:30.713539" level="INFO">${expected_keysTwo} = ['username', 'password']</msg>
<var>${expected_keysTwo}</var>
<arg>username</arg>
<arg>password</arg>
<doc>Returns a list containing given items.</doc>
<status status="PASS" start="2024-05-30T19:13:30.713403" elapsed="0.000161"/>
</kw>
<for flavor="IN">
<iter>
<kw name="Dictionary Should Contain Key" owner="Collections">
<msg time="2024-05-30T19:13:30.714452" level="INFO">False</msg>
<arg>${json_data['results'][0]['login']}</arg>
<arg>${keyTwo}</arg>
<doc>Fails if ``key`` is not found from ``dictionary``.</doc>
<status status="PASS" start="2024-05-30T19:13:30.714065" elapsed="0.000425"/>
</kw>
<kw name="Dictionary Should Contain Key" owner="Collections">
<msg time="2024-05-30T19:13:30.715268" level="INFO">False</msg>
<arg>${json_data['results'][0]['login']}</arg>
<arg>${keyTwo}</arg>
<doc>Fails if ``key`` is not found from ``dictionary``.</doc>
<status status="PASS" start="2024-05-30T19:13:30.714837" elapsed="0.000469"/>
</kw>
<kw name="Log" owner="BuiltIn">
<msg time="2024-05-30T19:13:30.715728" level="INFO">username</msg>
<arg>${keyTwo}</arg>
<doc>Logs the given message with the given level.</doc>
<status status="PASS" start="2024-05-30T19:13:30.715601" elapsed="0.000164"/>
</kw>
<var name="${keyTwo}">username</var>
<status status="PASS" start="2024-05-30T19:13:30.713954" elapsed="0.002036"/>
</iter>
<iter>
<kw name="Dictionary Should Contain Key" owner="Collections">
<msg time="2024-05-30T19:13:30.716717" level="INFO">False</msg>
<arg>${json_data['results'][0]['login']}</arg>
<arg>${keyTwo}</arg>
<doc>Fails if ``key`` is not found from ``dictionary``.</doc>
<status status="PASS" start="2024-05-30T19:13:30.716336" elapsed="0.000417"/>
</kw>
<kw name="Dictionary Should Contain Key" owner="Collections">
<msg time="2024-05-30T19:13:30.717457" level="INFO">False</msg>
<arg>${json_data['results'][0]['login']}</arg>
<arg>${keyTwo}</arg>
<doc>Fails if ``key`` is not found from ``dictionary``.</doc>
<status status="PASS" start="2024-05-30T19:13:30.717051" elapsed="0.000444"/>
</kw>
<kw name="Log" owner="BuiltIn">
<msg time="2024-05-30T19:13:30.717917" level="INFO">password</msg>
<arg>${keyTwo}</arg>
<doc>Logs the given message with the given level.</doc>
<status status="PASS" start="2024-05-30T19:13:30.717789" elapsed="0.000165"/>
</kw>
<var name="${keyTwo}">password</var>
<status status="PASS" start="2024-05-30T19:13:30.716210" elapsed="0.001957"/>
</iter>
<var>${keyTwo}</var>
<value>@{expected_keysTwo}</value>
<status status="PASS" start="2024-05-30T19:13:30.713801" elapsed="0.004491"/>
</for>
<status status="PASS" start="2024-05-30T19:13:30.616564" elapsed="0.101866"/>
</kw>
<doc>Testa a estrutura da resposta da API.</doc>
<tag>testeEstruturaResposta</tag>
<status status="PASS" start="2024-05-30T19:13:30.615754" elapsed="0.102832"/>
</test>
<test id="s1-s1-t4" name="Validar tipos de dados" line="28">
<kw name="Teste de Tipos de Dados" owner="random-user-service">
<kw name="GET On Session" owner="RequestsLibrary">
<msg time="2024-05-30T19:13:31.011943" level="INFO">GET Request : url=https://randomuser.me/api 
 path_url=/api 
 headers={'User-Agent': 'python-requests/2.32.3', 'Accept-Encoding': 'gzip, deflate', 'Accept': '*/*', 'Connection': 'keep-alive'} 
 body=None 
 </msg>
<msg time="2024-05-30T19:13:31.012042" level="INFO">GET Response : url=https://randomuser.me/api 
 status=200, reason=OK 
 headers={'Date': 'Thu, 30 May 2024 19:13:31 GMT', 'Content-Type': 'application/json; charset=utf-8', 'Transfer-Encoding': 'chunked', 'Connection': 'keep-alive', 'X-Powered-By': 'Express', 'Access-Control-Allow-Origin': '*', 'Cache-Control': 'no-cache', 'ETag': 'W/"493-d3hMbgTNK+0HRHpXOc32zPrEHk0"', 'Vary': 'Accept-Encoding', 'Content-Encoding': 'gzip', 'CF-Cache-Status': 'DYNAMIC', 'Report-To': '{"endpoints":[{"url":"https:\\/\\/a.nel.cloudflare.com\\/report\\/v4?s=7jdc7qCvkbioQLwDt%2Fa1Fd7WsELhm8AwVN%2BffFByZhkCpQ0e%2Fx%2BSDI9cZy5jifUqrrm%2Bq3towjLLkkGt7o9OdJIIwHZXUZALdKxLZmEdgmQSUVXNuk4M1uHOLk5LpNWp"}],"group":"cf-nel","max_age":604800}', 'NEL': '{"success_fraction":0,"report_to":"cf-nel","max_age":604800}', 'Server': 'cloudflare', 'CF-RAY': '88c10ab70bf42d82-ORD', 'alt-svc': 'h3=":443"; ma=86400'} 
 body={"results":[{"gender":"male","name":{"title":"Mr","first":"Mathew","last":"Robertson"},"location":{"street":{"number":4704,"name":"South Street"},"city":"Preston","state":"Norfolk","country":"United Kingdom","postcode":"Q29 9XZ","coordinates":{"latitude":"-8.7736","longitude":"-139.2924"},"timezone":{"offset":"-11:00","description":"Midway Island, Samoa"}},"email":"mathew.robertson@example.com","login":{"uuid":"ac07bbaf-8708-462f-ac63-74eed856d168","username":"greenelephant527","password":"scanner","salt":"FBbFyl8i","md5":"adff2f10ef47e63f224730f03d10c9cb","sha1":"11a7f025ff41d1b74d74945fc4409b41b7307d5a","sha256":"c4689090e86ad899625065e6cf3dee93861d77981d8569cf12f3328db060ee79"},"dob":{"date":"1962-02-02T21:54:51.846Z","age":62},"registered":{"date":"2020-09-01T04:57:37.551Z","age":3},"phone":"01004 869914","cell":"07530 670164","id":{"name":"NINO","value":"NS 20 94 08 C"},"picture":{"large":"https://randomuser.me/api/portraits/men/87.jpg","medium":"https://randomuser.me/api/portraits/med/men/87.jpg","thumbnail":"https://randomuser.me/api/portraits/thumb/men/87.jpg"},"nat":"GB"}],"info":{"seed":"40ff9fdb62380efc","results":1,"page":1,"version":"1.4"}} 
 </msg>
<msg time="2024-05-30T19:13:31.012114" level="INFO">/opt/hostedtoolcache/Python/3.12.3/x64/lib/python3.12/site-packages/urllib3/connectionpool.py:1103: InsecureRequestWarning: Unverified HTTPS request is being made to host 'randomuser.me'. Adding certificate verification is strongly advised. See: https://urllib3.readthedocs.io/en/latest/advanced-usage.html#tls-warnings
  warnings.warn(</msg>
<msg time="2024-05-30T19:13:31.012237" level="INFO">${response} = &lt;Response [200]&gt;</msg>
<var>${response}</var>
<arg>consultarAPI</arg>
<arg>/api</arg>
<doc>Sends a GET request on a previously created HTTP Session.</doc>
<status status="PASS" start="2024-05-30T19:13:30.721116" elapsed="0.291158"/>
</kw>
<kw name="Set Variable" owner="BuiltIn">
<msg time="2024-05-30T19:13:31.013321" level="INFO">${json_data} = {'results': [{'gender': 'male', 'name': {'title': 'Mr', 'first': 'Mathew', 'last': 'Robertson'}, 'location': {'street': {'number': 4704, 'name': 'South Street'}, 'city': 'Preston', 'state': 'Norfolk',...</msg>
<var>${json_data}</var>
<arg>${response.json()}</arg>
<doc>Returns the given values which can then be assigned to a variables.</doc>
<status status="PASS" start="2024-05-30T19:13:31.012801" elapsed="0.000549"/>
</kw>
<kw name="Log" owner="BuiltIn">
<msg time="2024-05-30T19:13:31.013819" level="INFO">{'results': [{'gender': 'male', 'name': {'title': 'Mr', 'first': 'Mathew', 'last': 'Robertson'}, 'location': {'street': {'number': 4704, 'name': 'South Street'}, 'city': 'Preston', 'state': 'Norfolk', 'country': 'United Kingdom', 'postcode': 'Q29 9XZ', 'coordinates': {'latitude': '-8.7736', 'longitude': '-139.2924'}, 'timezone': {'offset': '-11:00', 'description': 'Midway Island, Samoa'}}, 'email': 'mathew.robertson@example.com', 'login': {'uuid': 'ac07bbaf-8708-462f-ac63-74eed856d168', 'username': 'greenelephant527', 'password': 'scanner', 'salt': 'FBbFyl8i', 'md5': 'adff2f10ef47e63f224730f03d10c9cb', 'sha1': '11a7f025ff41d1b74d74945fc4409b41b7307d5a', 'sha256': 'c4689090e86ad899625065e6cf3dee93861d77981d8569cf12f3328db060ee79'}, 'dob': {'date': '1962-02-02T21:54:51.846Z', 'age': 62}, 'registered': {'date': '2020-09-01T04:57:37.551Z', 'age': 3}, 'phone': '01004 869914', 'cell': '07530 670164', 'id': {'name': 'NINO', 'value': 'NS 20 94 08 C'}, 'picture': {'large': 'https://randomuser.me/api/portraits/men/87.jpg', 'medium': 'https://randomuser.me/api/portraits/med/men/87.jpg', 'thumbnail': 'https://randomuser.me/api/portraits/thumb/men/87.jpg'}, 'nat': 'GB'}], 'info': {'seed': '40ff9fdb62380efc', 'results': 1, 'page': 1, 'version': '1.4'}}</msg>
<arg>${json_data}</arg>
<doc>Logs the given message with the given level.</doc>
<status status="PASS" start="2024-05-30T19:13:31.013661" elapsed="0.000241"/>
</kw>
<kw name="Should Be String" owner="String">
<arg>${json_data['results'][0]['gender']}</arg>
<doc>Fails if the given ``item`` is not a string.</doc>
<status status="PASS" start="2024-05-30T19:13:31.014200" elapsed="0.000359"/>
</kw>
<kw name="Should Match Regexp" owner="BuiltIn">
<arg>${json_data['results'][0]['email']}</arg>
<arg>^[a-zA-Z0-9._%+-]+@[a-zA-Z0-9.-]+\.[a-zA-Z]{2,}$</arg>
<doc>Fails if ``string`` does not match ``pattern`` as a regular expression.</doc>
<status status="PASS" start="2024-05-30T19:13:31.014751" elapsed="0.000747"/>
</kw>
<kw name="Should Match Regexp" owner="BuiltIn">
<arg>${json_data['results'][0]['dob']['date']}</arg>
<arg>\\d{4}-\\d{2}-\\d{2}T\\d{2}:\\d{2}:\\d{2}\\.\\d{3}Z</arg>
<doc>Fails if ``string`` does not match ``pattern`` as a regular expression.</doc>
<status status="PASS" start="2024-05-30T19:13:31.015700" elapsed="0.000485"/>
</kw>
<kw name="Should Match Regexp" owner="BuiltIn">
<arg>${json_data['results'][0]['registered']['date']}</arg>
<arg>\\d{4}-\\d{2}-\\d{2}T\\d{2}:\\d{2}:\\d{2}\\.\\d{3}Z</arg>
<doc>Fails if ``string`` does not match ``pattern`` as a regular expression.</doc>
<status status="PASS" start="2024-05-30T19:13:31.016376" elapsed="0.000364"/>
</kw>
<kw name="Should Match Regexp" owner="BuiltIn">
<arg>${json_data['results'][0]['picture']['large']}</arg>
<arg>^https?://.*\.(?:png|jpe?g|gif|bmp)$</arg>
<doc>Fails if ``string`` does not match ``pattern`` as a regular expression.</doc>
<status status="PASS" start="2024-05-30T19:13:31.016925" elapsed="0.000464"/>
</kw>
<kw name="Should Match Regexp" owner="BuiltIn">
<arg>${json_data['results'][0]['picture']['medium']}</arg>
<arg>^https?://.*\.(?:png|jpe?g|gif|bmp)$</arg>
<doc>Fails if ``string`` does not match ``pattern`` as a regular expression.</doc>
<status status="PASS" start="2024-05-30T19:13:31.017578" elapsed="0.000352"/>
</kw>
<kw name="Should Match Regexp" owner="BuiltIn">
<arg>${json_data['results'][0]['picture']['thumbnail']}</arg>
<arg>^https?://.*\.(?:png|jpe?g|gif|bmp)$</arg>
<doc>Fails if ``string`` does not match ``pattern`` as a regular expression.</doc>
<status status="PASS" start="2024-05-30T19:13:31.018115" elapsed="0.000378"/>
</kw>
<kw name="Log" owner="BuiltIn">
<msg time="2024-05-30T19:13:31.019041" level="INFO">{'large': 'https://randomuser.me/api/portraits/men/87.jpg', 'medium': 'https://randomuser.me/api/portraits/med/men/87.jpg', 'thumbnail': 'https://randomuser.me/api/portraits/thumb/men/87.jpg'}</msg>
<arg>${json_data['results'][0]['picture']}</arg>
<doc>Logs the given message with the given level.</doc>
<status status="PASS" start="2024-05-30T19:13:31.018679" elapsed="0.000404"/>
</kw>
<status status="PASS" start="2024-05-30T19:13:30.720879" elapsed="0.298465"/>
</kw>
<kw name="Teste de Tipos de Dados - Postcode" owner="random-user-service">
<kw name="GET On Session" owner="RequestsLibrary">
<msg time="2024-05-30T19:13:31.123638" level="INFO">GET Request : url=https://randomuser.me/api 
 path_url=/api 
 headers={'User-Agent': 'python-requests/2.32.3', 'Accept-Encoding': 'gzip, deflate', 'Accept': '*/*', 'Connection': 'keep-alive'} 
 body=None 
 </msg>
<msg time="2024-05-30T19:13:31.123745" level="INFO">GET Response : url=https://randomuser.me/api 
 status=200, reason=OK 
 headers={'Date': 'Thu, 30 May 2024 19:13:31 GMT', 'Content-Type': 'application/json; charset=utf-8', 'Transfer-Encoding': 'chunked', 'Connection': 'keep-alive', 'X-Powered-By': 'Express', 'Access-Control-Allow-Origin': '*', 'Cache-Control': 'no-cache', 'ETag': 'W/"484-BXF3lnp/de8JFIe22LdBtfwYMx0"', 'Vary': 'Accept-Encoding', 'Content-Encoding': 'gzip', 'CF-Cache-Status': 'DYNAMIC', 'Report-To': '{"endpoints":[{"url":"https:\\/\\/a.nel.cloudflare.com\\/report\\/v4?s=IUqnmgJvAoj832xHQtxE3rb837vrV0YN99KKU1NMT9qEOSdjTVnnup4IJ6ArC3riirGnB9X9uIo4LGUkbhbfuq%2FL%2BIQMfW2VDmHS7JEJKE8guH%2BMRwrleuEbNMxT56Ri"}],"group":"cf-nel","max_age":604800}', 'NEL': '{"success_fraction":0,"report_to":"cf-nel","max_age":604800}', 'Server': 'cloudflare', 'CF-RAY': '88c10ab8edfb2d82-ORD', 'alt-svc': 'h3=":443"; ma=86400'} 
 body={"results":[{"gender":"male","name":{"title":"Mr","first":"Lohit","last":"Shet"},"location":{"street":{"number":5027,"name":"NAD X Rd"},"city":"Asansol","state":"Dadra and Nagar Haveli","country":"India","postcode":52089,"coordinates":{"latitude":"9.2541","longitude":"-137.9013"},"timezone":{"offset":"-1:00","description":"Azores, Cape Verde Islands"}},"email":"lohit.shet@example.com","login":{"uuid":"9d689137-cf1e-4757-bf24-5cdfa38965aa","username":"blackelephant390","password":"womans","salt":"X0e5EvD9","md5":"1ecd7ef4072b0d77ff2e22b35b5aaa8b","sha1":"d23b0546b8eca62f4366d0a6dc9c6cd9835d1e40","sha256":"af591a98e60ecfc8e3938e0bcd17d515c0625ef6fae31a3bfe0dea2ae2c99c86"},"dob":{"date":"1990-03-13T04:18:24.846Z","age":34},"registered":{"date":"2019-07-23T10:12:36.589Z","age":4},"phone":"8255436643","cell":"8440708901","id":{"name":"UIDAI","value":"275490029264"},"picture":{"large":"https://randomuser.me/api/portraits/men/98.jpg","medium":"https://randomuser.me/api/portraits/med/men/98.jpg","thumbnail":"https://randomuser.me/api/portraits/thumb/men/98.jpg"},"nat":"IN"}],"info":{"seed":"29bb3ed0d14f3b04","results":1,"page":1,"version":"1.4"}} 
 </msg>
<msg time="2024-05-30T19:13:31.123824" level="INFO">/opt/hostedtoolcache/Python/3.12.3/x64/lib/python3.12/site-packages/urllib3/connectionpool.py:1103: InsecureRequestWarning: Unverified HTTPS request is being made to host 'randomuser.me'. Adding certificate verification is strongly advised. See: https://urllib3.readthedocs.io/en/latest/advanced-usage.html#tls-warnings
  warnings.warn(</msg>
<msg time="2024-05-30T19:13:31.123940" level="INFO">${response} = &lt;Response [200]&gt;</msg>
<var>${response}</var>
<arg>consultarAPI</arg>
<arg>/api</arg>
<doc>Sends a GET request on a previously created HTTP Session.</doc>
<status status="PASS" start="2024-05-30T19:13:31.019796" elapsed="0.104180"/>
</kw>
<kw name="Set Variable" owner="BuiltIn">
<msg time="2024-05-30T19:13:31.125045" level="INFO">${json_data} = {'results': [{'gender': 'male', 'name': {'title': 'Mr', 'first': 'Lohit', 'last': 'Shet'}, 'location': {'street': {'number': 5027, 'name': 'NAD X Rd'}, 'city': 'Asansol', 'state': 'Dadra and Nagar Hav...</msg>
<var>${json_data}</var>
<arg>${response.json()}</arg>
<doc>Returns the given values which can then be assigned to a variables.</doc>
<status status="PASS" start="2024-05-30T19:13:31.124533" elapsed="0.000543"/>
</kw>
<kw name="Log" owner="BuiltIn">
<msg time="2024-05-30T19:13:31.125539" level="INFO">{'results': [{'gender': 'male', 'name': {'title': 'Mr', 'first': 'Lohit', 'last': 'Shet'}, 'location': {'street': {'number': 5027, 'name': 'NAD X Rd'}, 'city': 'Asansol', 'state': 'Dadra and Nagar Haveli', 'country': 'India', 'postcode': 52089, 'coordinates': {'latitude': '9.2541', 'longitude': '-137.9013'}, 'timezone': {'offset': '-1:00', 'description': 'Azores, Cape Verde Islands'}}, 'email': 'lohit.shet@example.com', 'login': {'uuid': '9d689137-cf1e-4757-bf24-5cdfa38965aa', 'username': 'blackelephant390', 'password': 'womans', 'salt': 'X0e5EvD9', 'md5': '1ecd7ef4072b0d77ff2e22b35b5aaa8b', 'sha1': 'd23b0546b8eca62f4366d0a6dc9c6cd9835d1e40', 'sha256': 'af591a98e60ecfc8e3938e0bcd17d515c0625ef6fae31a3bfe0dea2ae2c99c86'}, 'dob': {'date': '1990-03-13T04:18:24.846Z', 'age': 34}, 'registered': {'date': '2019-07-23T10:12:36.589Z', 'age': 4}, 'phone': '8255436643', 'cell': '8440708901', 'id': {'name': 'UIDAI', 'value': '275490029264'}, 'picture': {'large': 'https://randomuser.me/api/portraits/men/98.jpg', 'medium': 'https://randomuser.me/api/portraits/med/men/98.jpg', 'thumbnail': 'https://randomuser.me/api/portraits/thumb/men/98.jpg'}, 'nat': 'IN'}], 'info': {'seed': '29bb3ed0d14f3b04', 'results': 1, 'page': 1, 'version': '1.4'}}</msg>
<arg>${json_data}</arg>
<doc>Logs the given message with the given level.</doc>
<status status="PASS" start="2024-05-30T19:13:31.125385" elapsed="0.000239"/>
</kw>
<kw name="Should Be Equal As Numbers" owner="BuiltIn">
<arg>${json_data['results'][0]['location']['postcode']}</arg>
<arg>${json_data['results'][0]['location']['postcode']}</arg>
<doc>Fails if objects are unequal after converting them to real numbers.</doc>
<status status="PASS" start="2024-05-30T19:13:31.125942" elapsed="0.000622"/>
</kw>
<kw name="Log" owner="BuiltIn">
<msg time="2024-05-30T19:13:31.127158" level="INFO">52089</msg>
<arg>${json_data['results'][0]['location']['postcode']}</arg>
<doc>Logs the given message with the given level.</doc>
<status status="PASS" start="2024-05-30T19:13:31.126806" elapsed="0.000395"/>
</kw>
<status status="PASS" start="2024-05-30T19:13:31.019570" elapsed="0.107888"/>
</kw>
<doc>Testa se os tipos de dados na resposta da API estão corretos.</doc>
<tag>testeTiposDados</tag>
<status status="PASS" start="2024-05-30T19:13:30.720390" elapsed="0.407237"/>
</test>
<test id="s1-s1-t5" name="Validar conteudo" line="35">
<kw name="Teste de Tipos de Conteudo" owner="random-user-service">
<kw name="GET On Session" owner="RequestsLibrary">
<msg time="2024-05-30T19:13:31.171605" level="INFO">GET Request : url=https://randomuser.me/api 
 path_url=/api 
 headers={'User-Agent': 'python-requests/2.32.3', 'Accept-Encoding': 'gzip, deflate', 'Accept': '*/*', 'Connection': 'keep-alive'} 
 body=None 
 </msg>
<msg time="2024-05-30T19:13:31.171688" level="INFO">GET Response : url=https://randomuser.me/api 
 status=200, reason=OK 
 headers={'Date': 'Thu, 30 May 2024 19:13:31 GMT', 'Content-Type': 'application/json; charset=utf-8', 'Transfer-Encoding': 'chunked', 'Connection': 'keep-alive', 'X-Powered-By': 'Express', 'Access-Control-Allow-Origin': '*', 'Cache-Control': 'no-cache', 'ETag': 'W/"4a2-DzijqsS81MpLuWcnB5y2LEevFVk"', 'Vary': 'Accept-Encoding', 'Content-Encoding': 'gzip', 'CF-Cache-Status': 'DYNAMIC', 'Report-To': '{"endpoints":[{"url":"https:\\/\\/a.nel.cloudflare.com\\/report\\/v4?s=3UeBBCJAAKQYNjhxtgwoTn4wNuMUnssGvMf6eMeEw6QI7j8b7uUojcMaTeabbkjJ0g9VD5TlMWASUUqeGJUqPF7H5JVMlM6QMl%2FICzPrjUr1l%2B3kppHv9Xs8keT9xZUZ"}],"group":"cf-nel","max_age":604800}', 'NEL': '{"success_fraction":0,"report_to":"cf-nel","max_age":604800}', 'Server': 'cloudflare', 'CF-RAY': '88c10ab99ecf2d82-ORD', 'alt-svc': 'h3=":443"; ma=86400'} 
 body={"results":[{"gender":"male","name":{"title":"Mr","first":"Yunnuel","last":"Pedroza"},"location":{"street":{"number":5936,"name":"Circuito Rwanda"},"city":"Coyuquilla Norte","state":"Nayarit","country":"Mexico","postcode":35439,"coordinates":{"latitude":"24.1570","longitude":"-55.3655"},"timezone":{"offset":"+10:00","description":"Eastern Australia, Guam, Vladivostok"}},"email":"yunnuel.pedroza@example.com","login":{"uuid":"fbf95384-2626-4aff-a372-4b8fc1733a2a","username":"lazycat348","password":"christmas","salt":"hzkAN87h","md5":"cfb7b13f3b74ced092ed7b456b955262","sha1":"934f215ea94959ae94ecd766515cb9b943bd4013","sha256":"fe52a3aff08b38b7502271dcec7f4cc412ca3379c47b7335026a764391a81c0f"},"dob":{"date":"1986-11-20T12:44:44.079Z","age":37},"registered":{"date":"2012-10-16T13:04:14.465Z","age":11},"phone":"(670) 422 6168","cell":"(695) 489 0880","id":{"name":"NSS","value":"00 76 11 4755 7"},"picture":{"large":"https://randomuser.me/api/portraits/men/97.jpg","medium":"https://randomuser.me/api/portraits/med/men/97.jpg","thumbnail":"https://randomuser.me/api/portraits/thumb/men/97.jpg"},"nat":"MX"}],"info":{"seed":"9f1094a9fa3e2d7b","results":1,"page":1,"version":"1.4"}} 
 </msg>
<msg time="2024-05-30T19:13:31.171760" level="INFO">/opt/hostedtoolcache/Python/3.12.3/x64/lib/python3.12/site-packages/urllib3/connectionpool.py:1103: InsecureRequestWarning: Unverified HTTPS request is being made to host 'randomuser.me'. Adding certificate verification is strongly advised. See: https://urllib3.readthedocs.io/en/latest/advanced-usage.html#tls-warnings
  warnings.warn(</msg>
<msg time="2024-05-30T19:13:31.171875" level="INFO">${response} = &lt;Response [200]&gt;</msg>
<var>${response}</var>
<arg>consultarAPI</arg>
<arg>/api</arg>
<doc>Sends a GET request on a previously created HTTP Session.</doc>
<status status="PASS" start="2024-05-30T19:13:31.130414" elapsed="0.041499"/>
</kw>
<kw name="Set Variable" owner="BuiltIn">
<msg time="2024-05-30T19:13:31.172797" level="INFO">${json_data} = {'results': [{'gender': 'male', 'name': {'title': 'Mr', 'first': 'Yunnuel', 'last': 'Pedroza'}, 'location': {'street': {'number': 5936, 'name': 'Circuito Rwanda'}, 'city': 'Coyuquilla Norte', 'state':...</msg>
<var>${json_data}</var>
<arg>${response.json()}</arg>
<doc>Returns the given values which can then be assigned to a variables.</doc>
<status status="PASS" start="2024-05-30T19:13:31.172330" elapsed="0.000496"/>
</kw>
<kw name="Set Variable" owner="BuiltIn">
<msg time="2024-05-30T19:13:31.173517" level="INFO">${name_title} = Mr</msg>
<var>${name_title}</var>
<arg>${json_data["results"][0]["name"]["title"]}</arg>
<doc>Returns the given values which can then be assigned to a variables.</doc>
<status status="PASS" start="2024-05-30T19:13:31.173130" elapsed="0.000413"/>
</kw>
<kw name="Create List" owner="BuiltIn">
<msg time="2024-05-30T19:13:31.174011" level="INFO">${allowed_titles} = ['Mr', 'Ms', 'Miss', 'Mrs', 'Madame', 'Monsieur']</msg>
<var>${allowed_titles}</var>
<arg>Mr</arg>
<arg>Ms</arg>
<arg>Miss</arg>
<arg>Mrs</arg>
<arg>Madame</arg>
<arg>Monsieur</arg>
<doc>Returns a list containing given items.</doc>
<status status="PASS" start="2024-05-30T19:13:31.173850" elapsed="0.000185"/>
</kw>
<kw name="List Should Contain Value" owner="Collections">
<msg time="2024-05-30T19:13:31.174516" level="INFO">False</msg>
<arg>${allowed_titles}</arg>
<arg>${name_title}</arg>
<doc>Fails if the ``value`` is not found from ``list``.</doc>
<status status="PASS" start="2024-05-30T19:13:31.174342" elapsed="0.000210"/>
</kw>
<kw name="Set Variable" owner="BuiltIn">
<msg time="2024-05-30T19:13:31.175450" level="INFO">${name_country} = MX</msg>
<var>${name_country}</var>
<arg>${json_data["results"][0]["nat"]}</arg>
<doc>Returns the given values which can then be assigned to a variables.</doc>
<status status="PASS" start="2024-05-30T19:13:31.174890" elapsed="0.000584"/>
</kw>
<kw name="Create List" owner="BuiltIn">
<msg time="2024-05-30T19:13:31.176383" level="INFO">${list_country} = ['AD', 'AE', 'AF', 'AG', 'AI', 'AL', 'AM', 'AO', 'AQ', 'AR', 'AS', 'AT', 'AU', 'AW', 'AX', 'AZ', 'BA', 'BB', 'BD', 'BE', 'BF', 'BG', 'BH', 'BI', 'BJ', 'BL', 'BM', 'BN', 'BO', 'BQ', 'BR', 'BS', 'BT', '...</msg>
<var>${list_country}</var>
<arg>AD</arg>
<arg>AE</arg>
<arg>AF</arg>
<arg>AG</arg>
<arg>AI</arg>
<arg>AL</arg>
<arg>AM</arg>
<arg>AO</arg>
<arg>AQ</arg>
<arg>AR</arg>
<arg>AS</arg>
<arg>AT</arg>
<arg>AU</arg>
<arg>AW</arg>
<arg>AX</arg>
<arg>AZ</arg>
<arg>BA</arg>
<arg>BB</arg>
<arg>BD</arg>
<arg>BE</arg>
<arg>BF</arg>
<arg>BG</arg>
<arg>BH</arg>
<arg>BI</arg>
<arg>BJ</arg>
<arg>BL</arg>
<arg>BM</arg>
<arg>BN</arg>
<arg>BO</arg>
<arg>BQ</arg>
<arg>BR</arg>
<arg>BS</arg>
<arg>BT</arg>
<arg>BV</arg>
<arg>BW</arg>
<arg>BY</arg>
<arg>BZ</arg>
<arg>CA</arg>
<arg>CC</arg>
<arg>CD</arg>
<arg>CF</arg>
<arg>CG</arg>
<arg>CH</arg>
<arg>CI</arg>
<arg>CK</arg>
<arg>CL</arg>
<arg>CM</arg>
<arg>CN</arg>
<arg>CO</arg>
<arg>CR</arg>
<arg>CU</arg>
<arg>CV</arg>
<arg>CW</arg>
<arg>CX</arg>
<arg>CY</arg>
<arg>CZ</arg>
<arg>DE</arg>
<arg>DJ</arg>
<arg>DK</arg>
<arg>DM</arg>
<arg>DO</arg>
<arg>DZ</arg>
<arg>EC</arg>
<arg>EE</arg>
<arg>EG</arg>
<arg>EH</arg>
<arg>ER</arg>
<arg>ES</arg>
<arg>ET</arg>
<arg>FI</arg>
<arg>FJ</arg>
<arg>FK</arg>
<arg>FM</arg>
<arg>FO</arg>
<arg>FR</arg>
<arg>GA</arg>
<arg>GB</arg>
<arg>GD</arg>
<arg>GE</arg>
<arg>GF</arg>
<arg>GG</arg>
<arg>GH</arg>
<arg>GI</arg>
<arg>GL</arg>
<arg>GM</arg>
<arg>GN</arg>
<arg>GP</arg>
<arg>GQ</arg>
<arg>GR</arg>
<arg>GS</arg>
<arg>GT</arg>
<arg>GU</arg>
<arg>GW</arg>
<arg>GY</arg>
<arg>HK</arg>
<arg>HM</arg>
<arg>HN</arg>
<arg>HR</arg>
<arg>HT</arg>
<arg>HU</arg>
<arg>ID</arg>
<arg>IE</arg>
<arg>IL</arg>
<arg>IM</arg>
<arg>IN</arg>
<arg>IO</arg>
<arg>IQ</arg>
<arg>IR</arg>
<arg>IS</arg>
<arg>IT</arg>
<arg>JE</arg>
<arg>JM</arg>
<arg>JO</arg>
<arg>JP</arg>
<arg>KE</arg>
<arg>KG</arg>
<arg>KH</arg>
<arg>KI</arg>
<arg>KM</arg>
<arg>KN</arg>
<arg>KP</arg>
<arg>KR</arg>
<arg>KW</arg>
<arg>KY</arg>
<arg>KZ</arg>
<arg>LA</arg>
<arg>LB</arg>
<arg>LC</arg>
<arg>LI</arg>
<arg>LK</arg>
<arg>LR</arg>
<arg>LS</arg>
<arg>LT</arg>
<arg>LU</arg>
<arg>LV</arg>
<arg>LY</arg>
<arg>MA</arg>
<arg>MC</arg>
<arg>MD</arg>
<arg>ME</arg>
<arg>MF</arg>
<arg>MG</arg>
<arg>MH</arg>
<arg>MK</arg>
<arg>ML</arg>
<arg>MM</arg>
<arg>MN</arg>
<arg>MO</arg>
<arg>MP</arg>
<arg>MQ</arg>
<arg>MR</arg>
<arg>MS</arg>
<arg>MT</arg>
<arg>MU</arg>
<arg>MV</arg>
<arg>MW</arg>
<arg>MX</arg>
<arg>MY</arg>
<arg>MZ</arg>
<arg>NA</arg>
<arg>NC</arg>
<arg>NE</arg>
<arg>NF</arg>
<arg>NG</arg>
<arg>NI</arg>
<arg>NL</arg>
<arg>NO</arg>
<arg>NP</arg>
<arg>NR</arg>
<arg>NU</arg>
<arg>NZ</arg>
<arg>OM</arg>
<arg>PA</arg>
<arg>PE</arg>
<arg>PF</arg>
<arg>PG</arg>
<arg>PH</arg>
<arg>PK</arg>
<arg>PL</arg>
<arg>PM</arg>
<arg>PN</arg>
<arg>PR</arg>
<arg>PS</arg>
<arg>PT</arg>
<arg>PW</arg>
<arg>PY</arg>
<arg>QA</arg>
<arg>RE</arg>
<arg>RO</arg>
<arg>RS</arg>
<arg>RU</arg>
<arg>RW</arg>
<arg>SA</arg>
<arg>SB</arg>
<arg>SC</arg>
<arg>SD</arg>
<arg>SE</arg>
<arg>SG</arg>
<arg>SH</arg>
<arg>SI</arg>
<arg>SJ</arg>
<arg>SK</arg>
<arg>SL</arg>
<arg>SM</arg>
<arg>SN</arg>
<arg>SO</arg>
<arg>SR</arg>
<arg>SS</arg>
<arg>ST</arg>
<arg>SV</arg>
<arg>SX</arg>
<arg>SY</arg>
<arg>SZ</arg>
<arg>TC</arg>
<arg>TD</arg>
<arg>TF</arg>
<arg>TG</arg>
<arg>TH</arg>
<arg>TJ</arg>
<arg>TK</arg>
<arg>TL</arg>
<arg>TM</arg>
<arg>TN</arg>
<arg>TO</arg>
<arg>TR</arg>
<arg>TT</arg>
<arg>TV</arg>
<arg>TW</arg>
<arg>TZ</arg>
<arg>UA</arg>
<arg>UG</arg>
<arg>UM</arg>
<arg>US</arg>
<arg>UY</arg>
<arg>UZ</arg>
<arg>VA</arg>
<arg>VC</arg>
<arg>VE</arg>
<arg>VG</arg>
<arg>VI</arg>
<arg>VN</arg>
<arg>VU</arg>
<arg>WF</arg>
<arg>WS</arg>
<arg>XK</arg>
<arg>YE</arg>
<arg>YT</arg>
<arg>ZA</arg>
<arg>ZM</arg>
<arg>ZW</arg>
<doc>Returns a list containing given items.</doc>
<status status="PASS" start="2024-05-30T19:13:31.175784" elapsed="0.000624"/>
</kw>
<kw name="List Should Contain Value" owner="Collections">
<msg time="2024-05-30T19:13:31.177401" level="INFO">False</msg>
<arg>${list_country}</arg>
<arg>${name_country}</arg>
<doc>Fails if the ``value`` is not found from ``list``.</doc>
<status status="PASS" start="2024-05-30T19:13:31.177197" elapsed="0.000240"/>
</kw>
<kw name="Run Keyword If" owner="BuiltIn">
<kw name="Should Be True" owner="BuiltIn">
<arg>${True}</arg>
<doc>Fails if the given condition is not true.</doc>
<status status="PASS" start="2024-05-30T19:13:31.178504" elapsed="0.000154"/>
</kw>
<arg>${json_data["results"][0]["location"]["coordinates"]["latitude"]} &gt;= -90 and ${json_data["results"][0]["location"]["coordinates"]["latitude"]} &lt;= 90</arg>
<arg>Should Be True</arg>
<arg>${True}</arg>
<doc>Runs the given keyword with the given arguments, if ``condition`` is true.</doc>
<status status="PASS" start="2024-05-30T19:13:31.177747" elapsed="0.001060"/>
</kw>
<kw name="Run Keyword If" owner="BuiltIn">
<kw name="Should Be True" owner="BuiltIn">
<arg>${True}</arg>
<doc>Fails if the given condition is not true.</doc>
<status status="PASS" start="2024-05-30T19:13:31.179701" elapsed="0.000136"/>
</kw>
<arg>${json_data["results"][0]["location"]["coordinates"]["longitude"]} &gt;= -180 and ${json_data["results"][0]["location"]["coordinates"]["longitude"]} &lt;= 180</arg>
<arg>Should Be True</arg>
<arg>${True}</arg>
<doc>Runs the given keyword with the given arguments, if ``condition`` is true.</doc>
<status status="PASS" start="2024-05-30T19:13:31.179015" elapsed="0.000951"/>
</kw>
<status status="PASS" start="2024-05-30T19:13:31.130022" elapsed="0.050073"/>
</kw>
<doc>Testa o conteúdo específico dos campos retornados pela API.</doc>
<tag>testeConteudo</tag>
<status status="PASS" start="2024-05-30T19:13:31.129354" elapsed="0.050888"/>
</test>
<status status="PASS" start="2024-05-30T19:13:30.175015" elapsed="1.007125"/>
</suite>
<status status="PASS" start="2024-05-30T19:13:30.161542" elapsed="1.025860"/>
</suite>
<statistics>
<total>
<stat pass="5" fail="0" skip="0">All Tests</stat>
</total>
<tag>
<stat pass="1" fail="0" skip="0">testeConteudo</stat>
<stat pass="1" fail="0" skip="0">testeEstruturaResposta</stat>
<stat pass="1" fail="0" skip="0">testeRequisicaoBasica</stat>
<stat pass="1" fail="0" skip="0">testeTiposDados</stat>
</tag>
<suite>
<stat pass="5" fail="0" skip="0" id="s1" name="Tests">Tests</stat>
<stat pass="5" fail="0" skip="0" id="s1-s1" name="Random-User-Test">Tests.Random-User-Test</stat>
</suite>
</statistics>
<errors>
</errors>
</robot>
