<?xml version="1.0" encoding="UTF-8"?>
<robot generator="Robot 7.0.1 (Python 3.12.4 on linux)" generated="2024-07-09T06:21:03.103173" rpa="false" schemaversion="5">
<suite id="s1" name="Tests" source="/home/runner/work/ApiRandomUser/ApiRandomUser/RamdonUser/tests">
<suite id="s1-s1" name="Random-User-Test" source="/home/runner/work/ApiRandomUser/ApiRandomUser/RamdonUser/tests/random-user-test.robot">
<test id="s1-s1-t1" name="Conectar" line="13">
<kw name="Conectar API" owner="random-user-service">
<kw name="Create Session" owner="RequestsLibrary">
<msg time="2024-07-09T06:21:03.562531" level="INFO">Creating Session using : alias=consultarAPI, url=https://randomuser.me/, headers={},                     cookies={}, auth=None, timeout=None, proxies=None, verify=False,                     debug=0 </msg>
<arg>consultarAPI</arg>
<arg>${URL}</arg>
<doc>Create Session: create a HTTP session to a server</doc>
<status status="PASS" start="2024-07-09T06:21:03.562338" elapsed="0.000355"/>
</kw>
<status status="PASS" start="2024-07-09T06:21:03.561448" elapsed="0.001583"/>
</kw>
<status status="PASS" start="2024-07-09T06:21:03.560854" elapsed="0.002364"/>
</test>
<test id="s1-s1-t2" name="Validar retorno 200 e JSON Válido" line="16">
<kw name="Teste de Requisicao Basica" owner="random-user-service">
<kw name="GET On Session" owner="RequestsLibrary">
<msg time="2024-07-09T06:21:03.789945" level="INFO">GET Request : url=https://randomuser.me/api 
 path_url=/api 
 headers={'User-Agent': 'python-requests/2.32.3', 'Accept-Encoding': 'gzip, deflate', 'Accept': '*/*', 'Connection': 'keep-alive'} 
 body=None 
 </msg>
<msg time="2024-07-09T06:21:03.790053" level="INFO">GET Response : url=https://randomuser.me/api 
 status=200, reason=OK 
 headers={'Date': 'Tue, 09 Jul 2024 06:21:03 GMT', 'Content-Type': 'application/json; charset=utf-8', 'Transfer-Encoding': 'chunked', 'Connection': 'keep-alive', 'X-Powered-By': 'Express', 'Access-Control-Allow-Origin': '*', 'Cache-Control': 'no-cache', 'ETag': 'W/"48c-RUr9F45GODchud1hSrkLWWy3zIA"', 'Vary': 'Accept-Encoding', 'Content-Encoding': 'gzip', 'CF-Cache-Status': 'DYNAMIC', 'Report-To': '{"endpoints":[{"url":"https:\\/\\/a.nel.cloudflare.com\\/report\\/v4?s=dgmfAV6tGDXz4D7yZ8e61kMJ43M7FTv2QUXIZhtIy4gRsB3JZfecqpGrGIjq20a7faED7koN5gY2DLbVMz5aeQEMEBtQgkAWJ73YFq5e7oygRzDWA%2BHXs%2Bv32YPN%2FF6B"}],"group":"cf-nel","max_age":604800}', 'NEL': '{"success_fraction":0,"report_to":"cf-nel","max_age":604800}', 'Server': 'cloudflare', 'CF-RAY': '8a06363279ff1fd0-IAD', 'alt-svc': 'h3=":443"; ma=86400'} 
 body={"results":[{"gender":"female","name":{"title":"Mrs","first":"Karolin","last":"Hirth"},"location":{"street":{"number":8658,"name":"Meisenweg"},"city":"Schieder-Schwalenberg","state":"Rheinland-Pfalz","country":"Germany","postcode":25419,"coordinates":{"latitude":"-53.9800","longitude":"39.0570"},"timezone":{"offset":"-9:00","description":"Alaska"}},"email":"karolin.hirth@example.com","login":{"uuid":"8562daca-2f73-4921-a4d2-8906d3d18c7f","username":"blacklion635","password":"slider","salt":"8ElJkh6q","md5":"0c61c559a2fb123b2eeb325499fe42af","sha1":"14179fc0579a7b2c2772041f1e3e431f561c8fc5","sha256":"060f13235e0fa1ab49da18679497dba8e076a59c611d61283c064669692a5c6a"},"dob":{"date":"1948-01-11T12:41:00.553Z","age":76},"registered":{"date":"2010-12-24T17:20:32.842Z","age":13},"phone":"0281-5749927","cell":"0172-4992978","id":{"name":"SVNR","value":"64 110148 H 507"},"picture":{"large":"https://randomuser.me/api/portraits/women/81.jpg","medium":"https://randomuser.me/api/portraits/med/women/81.jpg","thumbnail":"https://randomuser.me/api/portraits/thumb/women/81.jpg"},"nat":"DE"}],"info":{"seed":"f56391965b45276b","results":1,"page":1,"version":"1.4"}} 
 </msg>
<msg time="2024-07-09T06:21:03.790120" level="INFO">/opt/hostedtoolcache/Python/3.12.4/x64/lib/python3.12/site-packages/urllib3/connectionpool.py:1099: InsecureRequestWarning: Unverified HTTPS request is being made to host 'randomuser.me'. Adding certificate verification is strongly advised. See: https://urllib3.readthedocs.io/en/latest/advanced-usage.html#tls-warnings
  warnings.warn(</msg>
<msg time="2024-07-09T06:21:03.790245" level="INFO">${response} = &lt;Response [200]&gt;</msg>
<var>${response}</var>
<arg>consultarAPI</arg>
<arg>/api</arg>
<doc>Sends a GET request on a previously created HTTP Session.</doc>
<status status="PASS" start="2024-07-09T06:21:03.565871" elapsed="0.224420"/>
</kw>
<kw name="Should Be Equal As Numbers" owner="BuiltIn">
<msg time="2024-07-09T06:21:03.791062" level="INFO">Argument types are:
&lt;class 'int'&gt;
&lt;class 'str'&gt;</msg>
<arg>${response.status_code}</arg>
<arg>200</arg>
<doc>Fails if objects are unequal after converting them to real numbers.</doc>
<status status="PASS" start="2024-07-09T06:21:03.790659" elapsed="0.000466"/>
</kw>
<kw name="Log" owner="BuiltIn">
<msg time="2024-07-09T06:21:03.791836" level="INFO">200</msg>
<arg>${response.status_code}</arg>
<doc>Logs the given message with the given level.</doc>
<status status="PASS" start="2024-07-09T06:21:03.791477" elapsed="0.000403"/>
</kw>
<kw name="Set Variable" owner="BuiltIn">
<msg time="2024-07-09T06:21:03.792632" level="INFO">${json_data} = {'results': [{'gender': 'female', 'name': {'title': 'Mrs', 'first': 'Karolin', 'last': 'Hirth'}, 'location': {'street': {'number': 8658, 'name': 'Meisenweg'}, 'city': 'Schieder-Schwalenberg', 'state':...</msg>
<var>${json_data}</var>
<arg>${response.json()}</arg>
<doc>Returns the given values which can then be assigned to a variables.</doc>
<status status="PASS" start="2024-07-09T06:21:03.792184" elapsed="0.000476"/>
</kw>
<kw name="Dictionary Should Contain Key" owner="Collections">
<arg>${json_data}</arg>
<arg>results</arg>
<doc>Fails if ``key`` is not found from ``dictionary``.</doc>
<status status="PASS" start="2024-07-09T06:21:03.792959" elapsed="0.000161"/>
</kw>
<status status="PASS" start="2024-07-09T06:21:03.565625" elapsed="0.227645"/>
</kw>
<doc>Testa se a API responde corretamente e retorna um objeto JSON válido.</doc>
<tag>testeRequisicaoBasica</tag>
<status status="PASS" start="2024-07-09T06:21:03.565095" elapsed="0.228335"/>
</test>
<test id="s1-s1-t3" name="Validar estrutura de resposta" line="22">
<kw name="Teste de Estrutura de Resposta" owner="random-user-service">
<kw name="GET On Session" owner="RequestsLibrary">
<msg time="2024-07-09T06:21:03.884892" level="INFO">GET Request : url=https://randomuser.me/api 
 path_url=/api 
 headers={'User-Agent': 'python-requests/2.32.3', 'Accept-Encoding': 'gzip, deflate', 'Accept': '*/*', 'Connection': 'keep-alive'} 
 body=None 
 </msg>
<msg time="2024-07-09T06:21:03.884960" level="INFO">GET Response : url=https://randomuser.me/api 
 status=200, reason=OK 
 headers={'Date': 'Tue, 09 Jul 2024 06:21:03 GMT', 'Content-Type': 'application/json; charset=utf-8', 'Transfer-Encoding': 'chunked', 'Connection': 'keep-alive', 'X-Powered-By': 'Express', 'Access-Control-Allow-Origin': '*', 'Cache-Control': 'no-cache', 'ETag': 'W/"487-YoxBgT049BRG4193AJIEDhtn0Gc"', 'Vary': 'Accept-Encoding', 'Content-Encoding': 'gzip', 'CF-Cache-Status': 'DYNAMIC', 'Report-To': '{"endpoints":[{"url":"https:\\/\\/a.nel.cloudflare.com\\/report\\/v4?s=FPXl0xU2SFnlGPFTxbEkc8Zxd5yNeMKhE3X9hogAwwjxRB41q5uw6okBlJcQ5w28I2jibFolE7mURi1XeyH%2Fm392qOVQ7uLNdO7tD9ihpQT5x2zi4PMEtMCdsSeNskM3"}],"group":"cf-nel","max_age":604800}', 'NEL': '{"success_fraction":0,"report_to":"cf-nel","max_age":604800}', 'Server': 'cloudflare', 'CF-RAY': '8a063632ba201fd0-IAD', 'alt-svc': 'h3=":443"; ma=86400'} 
 body={"results":[{"gender":"female","name":{"title":"Ms","first":"Oya","last":"Tüzün"},"location":{"street":{"number":2006,"name":"Şehitler Cd"},"city":"Afyonkarahisar","state":"Kastamonu","country":"Turkey","postcode":78188,"coordinates":{"latitude":"71.8410","longitude":"33.2854"},"timezone":{"offset":"+4:00","description":"Abu Dhabi, Muscat, Baku, Tbilisi"}},"email":"oya.tuzun@example.com","login":{"uuid":"cdea3507-c7ed-4b44-9d82-70f0c729a2c9","username":"blackkoala148","password":"laguna","salt":"B6ZSqs2Z","md5":"fed8c66d88a9e3371b60b8e46d5ed9e9","sha1":"e86eb17ddbd01c855135cadf10a7d603a07d20d6","sha256":"675fdb95d9694acba97b3f58aeab6a39927658c6bd9e5859602a170fe5ea079f"},"dob":{"date":"2000-08-06T15:36:53.730Z","age":23},"registered":{"date":"2003-02-05T08:06:48.502Z","age":21},"phone":"(416)-617-6541","cell":"(283)-136-9133","id":{"name":"","value":null},"picture":{"large":"https://randomuser.me/api/portraits/women/77.jpg","medium":"https://randomuser.me/api/portraits/med/women/77.jpg","thumbnail":"https://randomuser.me/api/portraits/thumb/women/77.jpg"},"nat":"TR"}],"info":{"seed":"ed568c8faaed194c","results":1,"page":1,"version":"1.4"}} 
 </msg>
<msg time="2024-07-09T06:21:03.885062" level="INFO">/opt/hostedtoolcache/Python/3.12.4/x64/lib/python3.12/site-packages/urllib3/connectionpool.py:1099: InsecureRequestWarning: Unverified HTTPS request is being made to host 'randomuser.me'. Adding certificate verification is strongly advised. See: https://urllib3.readthedocs.io/en/latest/advanced-usage.html#tls-warnings
  warnings.warn(</msg>
<msg time="2024-07-09T06:21:03.885173" level="INFO">${response} = &lt;Response [200]&gt;</msg>
<var>${response}</var>
<arg>consultarAPI</arg>
<arg>/api</arg>
<doc>Sends a GET request on a previously created HTTP Session.</doc>
<status status="PASS" start="2024-07-09T06:21:03.796041" elapsed="0.089174"/>
</kw>
<kw name="Set Variable" owner="BuiltIn">
<msg time="2024-07-09T06:21:03.886038" level="INFO">${json_data} = {'results': [{'gender': 'female', 'name': {'title': 'Ms', 'first': 'Oya', 'last': 'Tüzün'}, 'location': {'street': {'number': 2006, 'name': 'Şehitler Cd'}, 'city': 'Afyonkarahisar', 'state': 'Kastamon...</msg>
<var>${json_data}</var>
<arg>${response.json()}</arg>
<doc>Returns the given values which can then be assigned to a variables.</doc>
<status status="PASS" start="2024-07-09T06:21:03.885588" elapsed="0.000479"/>
</kw>
<kw name="Log" owner="BuiltIn">
<msg time="2024-07-09T06:21:03.886532" level="INFO">{'results': [{'gender': 'female', 'name': {'title': 'Ms', 'first': 'Oya', 'last': 'Tüzün'}, 'location': {'street': {'number': 2006, 'name': 'Şehitler Cd'}, 'city': 'Afyonkarahisar', 'state': 'Kastamonu', 'country': 'Turkey', 'postcode': 78188, 'coordinates': {'latitude': '71.8410', 'longitude': '33.2854'}, 'timezone': {'offset': '+4:00', 'description': 'Abu Dhabi, Muscat, Baku, Tbilisi'}}, 'email': 'oya.tuzun@example.com', 'login': {'uuid': 'cdea3507-c7ed-4b44-9d82-70f0c729a2c9', 'username': 'blackkoala148', 'password': 'laguna', 'salt': 'B6ZSqs2Z', 'md5': 'fed8c66d88a9e3371b60b8e46d5ed9e9', 'sha1': 'e86eb17ddbd01c855135cadf10a7d603a07d20d6', 'sha256': '675fdb95d9694acba97b3f58aeab6a39927658c6bd9e5859602a170fe5ea079f'}, 'dob': {'date': '2000-08-06T15:36:53.730Z', 'age': 23}, 'registered': {'date': '2003-02-05T08:06:48.502Z', 'age': 21}, 'phone': '(416)-617-6541', 'cell': '(283)-136-9133', 'id': {'name': '', 'value': None}, 'picture': {'large': 'https://randomuser.me/api/portraits/women/77.jpg', 'medium': 'https://randomuser.me/api/portraits/med/women/77.jpg', 'thumbnail': 'https://randomuser.me/api/portraits/thumb/women/77.jpg'}, 'nat': 'TR'}], 'info': {'seed': 'ed568c8faaed194c', 'results': 1, 'page': 1, 'version': '1.4'}}</msg>
<arg>${json_data}</arg>
<doc>Logs the given message with the given level.</doc>
<status status="PASS" start="2024-07-09T06:21:03.886375" elapsed="0.000210"/>
</kw>
<kw name="Dictionary Should Contain Key" owner="Collections">
<arg>${json_data}</arg>
<arg>results</arg>
<doc>Fails if ``key`` is not found from ``dictionary``.</doc>
<status status="PASS" start="2024-07-09T06:21:03.886870" elapsed="0.000148"/>
</kw>
<kw name="Should Not Be Empty" owner="BuiltIn">
<msg time="2024-07-09T06:21:03.887331" level="INFO">Length is 2.</msg>
<arg>${json_data}</arg>
<doc>Verifies that the given item is not empty.</doc>
<status status="PASS" start="2024-07-09T06:21:03.887204" elapsed="0.000165"/>
</kw>
<kw name="Create List" owner="BuiltIn">
<msg time="2024-07-09T06:21:03.887974" level="INFO">${expected_keys} = ['gender', 'name', 'location', 'email', 'login']</msg>
<var>${expected_keys}</var>
<arg>gender</arg>
<arg>name</arg>
<arg>location</arg>
<arg>email</arg>
<arg>login</arg>
<doc>Returns a list containing given items.</doc>
<status status="PASS" start="2024-07-09T06:21:03.887709" elapsed="0.000290"/>
</kw>
<for flavor="IN">
<iter>
<kw name="Dictionary Should Contain Key" owner="Collections">
<arg>${json_data['results'][0]}</arg>
<arg>${key}</arg>
<doc>Fails if ``key`` is not found from ``dictionary``.</doc>
<status status="PASS" start="2024-07-09T06:21:03.888557" elapsed="0.000387"/>
</kw>
<kw name="Log" owner="BuiltIn">
<msg time="2024-07-09T06:21:03.889483" level="INFO">{'gender': 'female', 'name': {'title': 'Ms', 'first': 'Oya', 'last': 'Tüzün'}, 'location': {'street': {'number': 2006, 'name': 'Şehitler Cd'}, 'city': 'Afyonkarahisar', 'state': 'Kastamonu', 'country': 'Turkey', 'postcode': 78188, 'coordinates': {'latitude': '71.8410', 'longitude': '33.2854'}, 'timezone': {'offset': '+4:00', 'description': 'Abu Dhabi, Muscat, Baku, Tbilisi'}}, 'email': 'oya.tuzun@example.com', 'login': {'uuid': 'cdea3507-c7ed-4b44-9d82-70f0c729a2c9', 'username': 'blackkoala148', 'password': 'laguna', 'salt': 'B6ZSqs2Z', 'md5': 'fed8c66d88a9e3371b60b8e46d5ed9e9', 'sha1': 'e86eb17ddbd01c855135cadf10a7d603a07d20d6', 'sha256': '675fdb95d9694acba97b3f58aeab6a39927658c6bd9e5859602a170fe5ea079f'}, 'dob': {'date': '2000-08-06T15:36:53.730Z', 'age': 23}, 'registered': {'date': '2003-02-05T08:06:48.502Z', 'age': 21}, 'phone': '(416)-617-6541', 'cell': '(283)-136-9133', 'id': {'name': '', 'value': None}, 'picture': {'large': 'https://randomuser.me/api/portraits/women/77.jpg', 'medium': 'https://randomuser.me/api/portraits/med/women/77.jpg', 'thumbnail': 'https://randomuser.me/api/portraits/thumb/women/77.jpg'}, 'nat': 'TR'}</msg>
<arg>${json_data['results'][0]}</arg>
<doc>Logs the given message with the given level.</doc>
<status status="PASS" start="2024-07-09T06:21:03.889125" elapsed="0.000412"/>
</kw>
<kw name="Log" owner="BuiltIn">
<msg time="2024-07-09T06:21:03.889969" level="INFO">gender</msg>
<arg>${key}</arg>
<doc>Logs the given message with the given level.</doc>
<status status="PASS" start="2024-07-09T06:21:03.889836" elapsed="0.000171"/>
</kw>
<var name="${key}">gender</var>
<status status="PASS" start="2024-07-09T06:21:03.888435" elapsed="0.001788"/>
</iter>
<iter>
<kw name="Dictionary Should Contain Key" owner="Collections">
<arg>${json_data['results'][0]}</arg>
<arg>${key}</arg>
<doc>Fails if ``key`` is not found from ``dictionary``.</doc>
<status status="PASS" start="2024-07-09T06:21:03.890513" elapsed="0.000390"/>
</kw>
<kw name="Log" owner="BuiltIn">
<msg time="2024-07-09T06:21:03.891454" level="INFO">{'gender': 'female', 'name': {'title': 'Ms', 'first': 'Oya', 'last': 'Tüzün'}, 'location': {'street': {'number': 2006, 'name': 'Şehitler Cd'}, 'city': 'Afyonkarahisar', 'state': 'Kastamonu', 'country': 'Turkey', 'postcode': 78188, 'coordinates': {'latitude': '71.8410', 'longitude': '33.2854'}, 'timezone': {'offset': '+4:00', 'description': 'Abu Dhabi, Muscat, Baku, Tbilisi'}}, 'email': 'oya.tuzun@example.com', 'login': {'uuid': 'cdea3507-c7ed-4b44-9d82-70f0c729a2c9', 'username': 'blackkoala148', 'password': 'laguna', 'salt': 'B6ZSqs2Z', 'md5': 'fed8c66d88a9e3371b60b8e46d5ed9e9', 'sha1': 'e86eb17ddbd01c855135cadf10a7d603a07d20d6', 'sha256': '675fdb95d9694acba97b3f58aeab6a39927658c6bd9e5859602a170fe5ea079f'}, 'dob': {'date': '2000-08-06T15:36:53.730Z', 'age': 23}, 'registered': {'date': '2003-02-05T08:06:48.502Z', 'age': 21}, 'phone': '(416)-617-6541', 'cell': '(283)-136-9133', 'id': {'name': '', 'value': None}, 'picture': {'large': 'https://randomuser.me/api/portraits/women/77.jpg', 'medium': 'https://randomuser.me/api/portraits/med/women/77.jpg', 'thumbnail': 'https://randomuser.me/api/portraits/thumb/women/77.jpg'}, 'nat': 'TR'}</msg>
<arg>${json_data['results'][0]}</arg>
<doc>Logs the given message with the given level.</doc>
<status status="PASS" start="2024-07-09T06:21:03.891084" elapsed="0.000465"/>
</kw>
<kw name="Log" owner="BuiltIn">
<msg time="2024-07-09T06:21:03.891974" level="INFO">name</msg>
<arg>${key}</arg>
<doc>Logs the given message with the given level.</doc>
<status status="PASS" start="2024-07-09T06:21:03.891849" elapsed="0.000163"/>
</kw>
<var name="${key}">name</var>
<status status="PASS" start="2024-07-09T06:21:03.890404" elapsed="0.001821"/>
</iter>
<iter>
<kw name="Dictionary Should Contain Key" owner="Collections">
<arg>${json_data['results'][0]}</arg>
<arg>${key}</arg>
<doc>Fails if ``key`` is not found from ``dictionary``.</doc>
<status status="PASS" start="2024-07-09T06:21:03.892505" elapsed="0.000382"/>
</kw>
<kw name="Log" owner="BuiltIn">
<msg time="2024-07-09T06:21:03.893420" level="INFO">{'gender': 'female', 'name': {'title': 'Ms', 'first': 'Oya', 'last': 'Tüzün'}, 'location': {'street': {'number': 2006, 'name': 'Şehitler Cd'}, 'city': 'Afyonkarahisar', 'state': 'Kastamonu', 'country': 'Turkey', 'postcode': 78188, 'coordinates': {'latitude': '71.8410', 'longitude': '33.2854'}, 'timezone': {'offset': '+4:00', 'description': 'Abu Dhabi, Muscat, Baku, Tbilisi'}}, 'email': 'oya.tuzun@example.com', 'login': {'uuid': 'cdea3507-c7ed-4b44-9d82-70f0c729a2c9', 'username': 'blackkoala148', 'password': 'laguna', 'salt': 'B6ZSqs2Z', 'md5': 'fed8c66d88a9e3371b60b8e46d5ed9e9', 'sha1': 'e86eb17ddbd01c855135cadf10a7d603a07d20d6', 'sha256': '675fdb95d9694acba97b3f58aeab6a39927658c6bd9e5859602a170fe5ea079f'}, 'dob': {'date': '2000-08-06T15:36:53.730Z', 'age': 23}, 'registered': {'date': '2003-02-05T08:06:48.502Z', 'age': 21}, 'phone': '(416)-617-6541', 'cell': '(283)-136-9133', 'id': {'name': '', 'value': None}, 'picture': {'large': 'https://randomuser.me/api/portraits/women/77.jpg', 'medium': 'https://randomuser.me/api/portraits/med/women/77.jpg', 'thumbnail': 'https://randomuser.me/api/portraits/thumb/women/77.jpg'}, 'nat': 'TR'}</msg>
<arg>${json_data['results'][0]}</arg>
<doc>Logs the given message with the given level.</doc>
<status status="PASS" start="2024-07-09T06:21:03.893070" elapsed="0.000402"/>
</kw>
<kw name="Log" owner="BuiltIn">
<msg time="2024-07-09T06:21:03.893890" level="INFO">location</msg>
<arg>${key}</arg>
<doc>Logs the given message with the given level.</doc>
<status status="PASS" start="2024-07-09T06:21:03.893765" elapsed="0.000162"/>
</kw>
<var name="${key}">location</var>
<status status="PASS" start="2024-07-09T06:21:03.892398" elapsed="0.001740"/>
</iter>
<iter>
<kw name="Dictionary Should Contain Key" owner="Collections">
<arg>${json_data['results'][0]}</arg>
<arg>${key}</arg>
<doc>Fails if ``key`` is not found from ``dictionary``.</doc>
<status status="PASS" start="2024-07-09T06:21:03.894410" elapsed="0.000380"/>
</kw>
<kw name="Log" owner="BuiltIn">
<msg time="2024-07-09T06:21:03.895317" level="INFO">{'gender': 'female', 'name': {'title': 'Ms', 'first': 'Oya', 'last': 'Tüzün'}, 'location': {'street': {'number': 2006, 'name': 'Şehitler Cd'}, 'city': 'Afyonkarahisar', 'state': 'Kastamonu', 'country': 'Turkey', 'postcode': 78188, 'coordinates': {'latitude': '71.8410', 'longitude': '33.2854'}, 'timezone': {'offset': '+4:00', 'description': 'Abu Dhabi, Muscat, Baku, Tbilisi'}}, 'email': 'oya.tuzun@example.com', 'login': {'uuid': 'cdea3507-c7ed-4b44-9d82-70f0c729a2c9', 'username': 'blackkoala148', 'password': 'laguna', 'salt': 'B6ZSqs2Z', 'md5': 'fed8c66d88a9e3371b60b8e46d5ed9e9', 'sha1': 'e86eb17ddbd01c855135cadf10a7d603a07d20d6', 'sha256': '675fdb95d9694acba97b3f58aeab6a39927658c6bd9e5859602a170fe5ea079f'}, 'dob': {'date': '2000-08-06T15:36:53.730Z', 'age': 23}, 'registered': {'date': '2003-02-05T08:06:48.502Z', 'age': 21}, 'phone': '(416)-617-6541', 'cell': '(283)-136-9133', 'id': {'name': '', 'value': None}, 'picture': {'large': 'https://randomuser.me/api/portraits/women/77.jpg', 'medium': 'https://randomuser.me/api/portraits/med/women/77.jpg', 'thumbnail': 'https://randomuser.me/api/portraits/thumb/women/77.jpg'}, 'nat': 'TR'}</msg>
<arg>${json_data['results'][0]}</arg>
<doc>Logs the given message with the given level.</doc>
<status status="PASS" start="2024-07-09T06:21:03.894970" elapsed="0.000399"/>
</kw>
<kw name="Log" owner="BuiltIn">
<msg time="2024-07-09T06:21:03.895831" level="INFO">email</msg>
<arg>${key}</arg>
<doc>Logs the given message with the given level.</doc>
<status status="PASS" start="2024-07-09T06:21:03.895705" elapsed="0.000164"/>
</kw>
<var name="${key}">email</var>
<status status="PASS" start="2024-07-09T06:21:03.894305" elapsed="0.001775"/>
</iter>
<iter>
<kw name="Dictionary Should Contain Key" owner="Collections">
<arg>${json_data['results'][0]}</arg>
<arg>${key}</arg>
<doc>Fails if ``key`` is not found from ``dictionary``.</doc>
<status status="PASS" start="2024-07-09T06:21:03.896364" elapsed="0.000390"/>
</kw>
<kw name="Log" owner="BuiltIn">
<msg time="2024-07-09T06:21:03.897283" level="INFO">{'gender': 'female', 'name': {'title': 'Ms', 'first': 'Oya', 'last': 'Tüzün'}, 'location': {'street': {'number': 2006, 'name': 'Şehitler Cd'}, 'city': 'Afyonkarahisar', 'state': 'Kastamonu', 'country': 'Turkey', 'postcode': 78188, 'coordinates': {'latitude': '71.8410', 'longitude': '33.2854'}, 'timezone': {'offset': '+4:00', 'description': 'Abu Dhabi, Muscat, Baku, Tbilisi'}}, 'email': 'oya.tuzun@example.com', 'login': {'uuid': 'cdea3507-c7ed-4b44-9d82-70f0c729a2c9', 'username': 'blackkoala148', 'password': 'laguna', 'salt': 'B6ZSqs2Z', 'md5': 'fed8c66d88a9e3371b60b8e46d5ed9e9', 'sha1': 'e86eb17ddbd01c855135cadf10a7d603a07d20d6', 'sha256': '675fdb95d9694acba97b3f58aeab6a39927658c6bd9e5859602a170fe5ea079f'}, 'dob': {'date': '2000-08-06T15:36:53.730Z', 'age': 23}, 'registered': {'date': '2003-02-05T08:06:48.502Z', 'age': 21}, 'phone': '(416)-617-6541', 'cell': '(283)-136-9133', 'id': {'name': '', 'value': None}, 'picture': {'large': 'https://randomuser.me/api/portraits/women/77.jpg', 'medium': 'https://randomuser.me/api/portraits/med/women/77.jpg', 'thumbnail': 'https://randomuser.me/api/portraits/thumb/women/77.jpg'}, 'nat': 'TR'}</msg>
<arg>${json_data['results'][0]}</arg>
<doc>Logs the given message with the given level.</doc>
<status status="PASS" start="2024-07-09T06:21:03.896933" elapsed="0.000401"/>
</kw>
<kw name="Log" owner="BuiltIn">
<msg time="2024-07-09T06:21:03.897751" level="INFO">login</msg>
<arg>${key}</arg>
<doc>Logs the given message with the given level.</doc>
<status status="PASS" start="2024-07-09T06:21:03.897627" elapsed="0.000161"/>
</kw>
<var name="${key}">login</var>
<status status="PASS" start="2024-07-09T06:21:03.896248" elapsed="0.001750"/>
</iter>
<var>${key}</var>
<value>@{expected_keys}</value>
<status status="PASS" start="2024-07-09T06:21:03.888256" elapsed="0.009860"/>
</for>
<kw name="Create List" owner="BuiltIn">
<msg time="2024-07-09T06:21:03.898438" level="INFO">${expected_keysTwo} = ['username', 'password']</msg>
<var>${expected_keysTwo}</var>
<arg>username</arg>
<arg>password</arg>
<doc>Returns a list containing given items.</doc>
<status status="PASS" start="2024-07-09T06:21:03.898302" elapsed="0.000160"/>
</kw>
<for flavor="IN">
<iter>
<kw name="Dictionary Should Contain Key" owner="Collections">
<arg>${json_data['results'][0]['login']}</arg>
<arg>${keyTwo}</arg>
<doc>Fails if ``key`` is not found from ``dictionary``.</doc>
<status status="PASS" start="2024-07-09T06:21:03.898980" elapsed="0.000388"/>
</kw>
<kw name="Dictionary Should Contain Key" owner="Collections">
<arg>${json_data['results'][0]['login']}</arg>
<arg>${keyTwo}</arg>
<doc>Fails if ``key`` is not found from ``dictionary``.</doc>
<status status="PASS" start="2024-07-09T06:21:03.899582" elapsed="0.000382"/>
</kw>
<kw name="Log" owner="BuiltIn">
<msg time="2024-07-09T06:21:03.900265" level="INFO">username</msg>
<arg>${keyTwo}</arg>
<doc>Logs the given message with the given level.</doc>
<status status="PASS" start="2024-07-09T06:21:03.900145" elapsed="0.000157"/>
</kw>
<var name="${keyTwo}">username</var>
<status status="PASS" start="2024-07-09T06:21:03.898874" elapsed="0.001644"/>
</iter>
<iter>
<kw name="Dictionary Should Contain Key" owner="Collections">
<arg>${json_data['results'][0]['login']}</arg>
<arg>${keyTwo}</arg>
<doc>Fails if ``key`` is not found from ``dictionary``.</doc>
<status status="PASS" start="2024-07-09T06:21:03.900790" elapsed="0.000379"/>
</kw>
<kw name="Dictionary Should Contain Key" owner="Collections">
<arg>${json_data['results'][0]['login']}</arg>
<arg>${keyTwo}</arg>
<doc>Fails if ``key`` is not found from ``dictionary``.</doc>
<status status="PASS" start="2024-07-09T06:21:03.901345" elapsed="0.000360"/>
</kw>
<kw name="Log" owner="BuiltIn">
<msg time="2024-07-09T06:21:03.901994" level="INFO">password</msg>
<arg>${keyTwo}</arg>
<doc>Logs the given message with the given level.</doc>
<status status="PASS" start="2024-07-09T06:21:03.901878" elapsed="0.000157"/>
</kw>
<var name="${keyTwo}">password</var>
<status status="PASS" start="2024-07-09T06:21:03.900686" elapsed="0.001654"/>
</iter>
<var>${keyTwo}</var>
<value>@{expected_keysTwo}</value>
<status status="PASS" start="2024-07-09T06:21:03.898723" elapsed="0.003737"/>
</for>
<status status="PASS" start="2024-07-09T06:21:03.795814" elapsed="0.106781"/>
</kw>
<doc>Testa a estrutura da resposta da API.</doc>
<tag>testeEstruturaResposta</tag>
<status status="PASS" start="2024-07-09T06:21:03.795248" elapsed="0.107490"/>
</test>
<test id="s1-s1-t4" name="Validar tipos de dados" line="28">
<kw name="Teste de Tipos de Dados" owner="random-user-service">
<kw name="GET On Session" owner="RequestsLibrary">
<msg time="2024-07-09T06:21:03.988781" level="INFO">GET Request : url=https://randomuser.me/api 
 path_url=/api 
 headers={'User-Agent': 'python-requests/2.32.3', 'Accept-Encoding': 'gzip, deflate', 'Accept': '*/*', 'Connection': 'keep-alive'} 
 body=None 
 </msg>
<msg time="2024-07-09T06:21:03.988857" level="INFO">GET Response : url=https://randomuser.me/api 
 status=200, reason=OK 
 headers={'Date': 'Tue, 09 Jul 2024 06:21:03 GMT', 'Content-Type': 'application/json; charset=utf-8', 'Transfer-Encoding': 'chunked', 'Connection': 'keep-alive', 'X-Powered-By': 'Express', 'Access-Control-Allow-Origin': '*', 'Cache-Control': 'no-cache', 'ETag': 'W/"47f-LVfrJwOYXLHukkJwSkFi8sPyMH8"', 'Vary': 'Accept-Encoding', 'Content-Encoding': 'gzip', 'CF-Cache-Status': 'DYNAMIC', 'Report-To': '{"endpoints":[{"url":"https:\\/\\/a.nel.cloudflare.com\\/report\\/v4?s=el%2FM0NvBRsOdYhjORJ23WHO9eIkP4OPK%2FsM2pK4VH%2FO3HGOq5bNTYmfLH0ewze6hdoHS8QMSSPGO79vO%2Fd4Hw28xbq2X8knSMz6PcCmN2%2Bs8uFg%2Bi3yLDpvyNCfz9Rmm"}],"group":"cf-nel","max_age":604800}', 'NEL': '{"success_fraction":0,"report_to":"cf-nel","max_age":604800}', 'Server': 'cloudflare', 'CF-RAY': '8a0636336aaa1fd0-IAD', 'alt-svc': 'h3=":443"; ma=86400'} 
 body={"results":[{"gender":"female","name":{"title":"Miss","first":"Sofia","last":"Olsen"},"location":{"street":{"number":1325,"name":"Skovparken"},"city":"Vesterborg","state":"Sjælland","country":"Denmark","postcode":96635,"coordinates":{"latitude":"-44.2610","longitude":"141.5021"},"timezone":{"offset":"+7:00","description":"Bangkok, Hanoi, Jakarta"}},"email":"sofia.olsen@example.com","login":{"uuid":"ea0c2beb-f25c-4642-a9db-d8128fa7c4c9","username":"sadsnake594","password":"spectrum","salt":"luUzql6K","md5":"84d80ac2eba62b9b9918b616a61c56d2","sha1":"3eb81a189bb0657b01c60b7ec099b70db2c63d5f","sha256":"fad478498f8f94fde1b5100b42d5c7e5c53d7c0c2be1997e7769067f3e6d9e75"},"dob":{"date":"1948-05-30T11:06:17.375Z","age":76},"registered":{"date":"2005-04-01T03:28:22.204Z","age":19},"phone":"96472769","cell":"44244699","id":{"name":"CPR","value":"300548-4165"},"picture":{"large":"https://randomuser.me/api/portraits/women/52.jpg","medium":"https://randomuser.me/api/portraits/med/women/52.jpg","thumbnail":"https://randomuser.me/api/portraits/thumb/women/52.jpg"},"nat":"DK"}],"info":{"seed":"ed34f80b3478c3c2","results":1,"page":1,"version":"1.4"}} 
 </msg>
<msg time="2024-07-09T06:21:03.988928" level="INFO">/opt/hostedtoolcache/Python/3.12.4/x64/lib/python3.12/site-packages/urllib3/connectionpool.py:1099: InsecureRequestWarning: Unverified HTTPS request is being made to host 'randomuser.me'. Adding certificate verification is strongly advised. See: https://urllib3.readthedocs.io/en/latest/advanced-usage.html#tls-warnings
  warnings.warn(</msg>
<msg time="2024-07-09T06:21:03.989037" level="INFO">${response} = &lt;Response [200]&gt;</msg>
<var>${response}</var>
<arg>consultarAPI</arg>
<arg>/api</arg>
<doc>Sends a GET request on a previously created HTTP Session.</doc>
<status status="PASS" start="2024-07-09T06:21:03.905255" elapsed="0.083830"/>
</kw>
<kw name="Set Variable" owner="BuiltIn">
<msg time="2024-07-09T06:21:03.990170" level="INFO">${json_data} = {'results': [{'gender': 'female', 'name': {'title': 'Miss', 'first': 'Sofia', 'last': 'Olsen'}, 'location': {'street': {'number': 1325, 'name': 'Skovparken'}, 'city': 'Vesterborg', 'state': 'Sjælland'...</msg>
<var>${json_data}</var>
<arg>${response.json()}</arg>
<doc>Returns the given values which can then be assigned to a variables.</doc>
<status status="PASS" start="2024-07-09T06:21:03.989579" elapsed="0.000623"/>
</kw>
<kw name="Log" owner="BuiltIn">
<msg time="2024-07-09T06:21:03.990660" level="INFO">{'results': [{'gender': 'female', 'name': {'title': 'Miss', 'first': 'Sofia', 'last': 'Olsen'}, 'location': {'street': {'number': 1325, 'name': 'Skovparken'}, 'city': 'Vesterborg', 'state': 'Sjælland', 'country': 'Denmark', 'postcode': 96635, 'coordinates': {'latitude': '-44.2610', 'longitude': '141.5021'}, 'timezone': {'offset': '+7:00', 'description': 'Bangkok, Hanoi, Jakarta'}}, 'email': 'sofia.olsen@example.com', 'login': {'uuid': 'ea0c2beb-f25c-4642-a9db-d8128fa7c4c9', 'username': 'sadsnake594', 'password': 'spectrum', 'salt': 'luUzql6K', 'md5': '84d80ac2eba62b9b9918b616a61c56d2', 'sha1': '3eb81a189bb0657b01c60b7ec099b70db2c63d5f', 'sha256': 'fad478498f8f94fde1b5100b42d5c7e5c53d7c0c2be1997e7769067f3e6d9e75'}, 'dob': {'date': '1948-05-30T11:06:17.375Z', 'age': 76}, 'registered': {'date': '2005-04-01T03:28:22.204Z', 'age': 19}, 'phone': '96472769', 'cell': '44244699', 'id': {'name': 'CPR', 'value': '300548-4165'}, 'picture': {'large': 'https://randomuser.me/api/portraits/women/52.jpg', 'medium': 'https://randomuser.me/api/portraits/med/women/52.jpg', 'thumbnail': 'https://randomuser.me/api/portraits/thumb/women/52.jpg'}, 'nat': 'DK'}], 'info': {'seed': 'ed34f80b3478c3c2', 'results': 1, 'page': 1, 'version': '1.4'}}</msg>
<arg>${json_data}</arg>
<doc>Logs the given message with the given level.</doc>
<status status="PASS" start="2024-07-09T06:21:03.990503" elapsed="0.000206"/>
</kw>
<kw name="Should Be String" owner="String">
<arg>${json_data['results'][0]['gender']}</arg>
<doc>Fails if the given ``item`` is not a string.</doc>
<status status="PASS" start="2024-07-09T06:21:03.990998" elapsed="0.000349"/>
</kw>
<kw name="Should Match Regexp" owner="BuiltIn">
<arg>${json_data['results'][0]['email']}</arg>
<arg>^[a-zA-Z0-9._%+-]+@[a-zA-Z0-9.-]+\.[a-zA-Z]{2,}$</arg>
<doc>Fails if ``string`` does not match ``pattern`` as a regular expression.</doc>
<status status="PASS" start="2024-07-09T06:21:03.991590" elapsed="0.000505"/>
</kw>
<kw name="Should Match Regexp" owner="BuiltIn">
<arg>${json_data['results'][0]['dob']['date']}</arg>
<arg>\\d{4}-\\d{2}-\\d{2}T\\d{2}:\\d{2}:\\d{2}\\.\\d{3}Z</arg>
<doc>Fails if ``string`` does not match ``pattern`` as a regular expression.</doc>
<status status="PASS" start="2024-07-09T06:21:03.992322" elapsed="0.000515"/>
</kw>
<kw name="Should Match Regexp" owner="BuiltIn">
<arg>${json_data['results'][0]['registered']['date']}</arg>
<arg>\\d{4}-\\d{2}-\\d{2}T\\d{2}:\\d{2}:\\d{2}\\.\\d{3}Z</arg>
<doc>Fails if ``string`` does not match ``pattern`` as a regular expression.</doc>
<status status="PASS" start="2024-07-09T06:21:03.993029" elapsed="0.000365"/>
</kw>
<kw name="Should Match Regexp" owner="BuiltIn">
<arg>${json_data['results'][0]['picture']['large']}</arg>
<arg>^https?://.*\.(?:png|jpe?g|gif|bmp)$</arg>
<doc>Fails if ``string`` does not match ``pattern`` as a regular expression.</doc>
<status status="PASS" start="2024-07-09T06:21:03.993577" elapsed="0.000452"/>
</kw>
<kw name="Should Match Regexp" owner="BuiltIn">
<arg>${json_data['results'][0]['picture']['medium']}</arg>
<arg>^https?://.*\.(?:png|jpe?g|gif|bmp)$</arg>
<doc>Fails if ``string`` does not match ``pattern`` as a regular expression.</doc>
<status status="PASS" start="2024-07-09T06:21:03.994214" elapsed="0.000357"/>
</kw>
<kw name="Should Match Regexp" owner="BuiltIn">
<arg>${json_data['results'][0]['picture']['thumbnail']}</arg>
<arg>^https?://.*\.(?:png|jpe?g|gif|bmp)$</arg>
<doc>Fails if ``string`` does not match ``pattern`` as a regular expression.</doc>
<status status="PASS" start="2024-07-09T06:21:03.994754" elapsed="0.000344"/>
</kw>
<kw name="Log" owner="BuiltIn">
<msg time="2024-07-09T06:21:03.995632" level="INFO">{'large': 'https://randomuser.me/api/portraits/women/52.jpg', 'medium': 'https://randomuser.me/api/portraits/med/women/52.jpg', 'thumbnail': 'https://randomuser.me/api/portraits/thumb/women/52.jpg'}</msg>
<arg>${json_data['results'][0]['picture']}</arg>
<doc>Logs the given message with the given level.</doc>
<status status="PASS" start="2024-07-09T06:21:03.995278" elapsed="0.000397"/>
</kw>
<status status="PASS" start="2024-07-09T06:21:03.905038" elapsed="0.090888"/>
</kw>
<kw name="Teste de Tipos de Dados - Postcode" owner="random-user-service">
<kw name="GET On Session" owner="RequestsLibrary">
<msg time="2024-07-09T06:21:04.087864" level="INFO">GET Request : url=https://randomuser.me/api 
 path_url=/api 
 headers={'User-Agent': 'python-requests/2.32.3', 'Accept-Encoding': 'gzip, deflate', 'Accept': '*/*', 'Connection': 'keep-alive'} 
 body=None 
 </msg>
<msg time="2024-07-09T06:21:04.087948" level="INFO">GET Response : url=https://randomuser.me/api 
 status=200, reason=OK 
 headers={'Date': 'Tue, 09 Jul 2024 06:21:04 GMT', 'Content-Type': 'application/json; charset=utf-8', 'Transfer-Encoding': 'chunked', 'Connection': 'keep-alive', 'X-Powered-By': 'Express', 'Access-Control-Allow-Origin': '*', 'Cache-Control': 'no-cache', 'ETag': 'W/"480-LTFtTxCXLkzb63OsMfM97svLEKw"', 'Vary': 'Accept-Encoding', 'Content-Encoding': 'gzip', 'CF-Cache-Status': 'DYNAMIC', 'Report-To': '{"endpoints":[{"url":"https:\\/\\/a.nel.cloudflare.com\\/report\\/v4?s=rPKkCO4wh3STDL8CYgZZp7TMmsKoWb5Ya3FoBOSNHsOpN2QzRxU%2F81drJhj8qdhqC3eeuS%2FNG0W%2BMOw1bw5%2Ft3RbcxRj34KIO2CiRia85cSQDBqpNfFF54rVgUB9EeoA"}],"group":"cf-nel","max_age":604800}', 'NEL': '{"success_fraction":0,"report_to":"cf-nel","max_age":604800}', 'Server': 'cloudflare', 'CF-RAY': '8a063633fb001fd0-IAD', 'alt-svc': 'h3=":443"; ma=86400'} 
 body={"results":[{"gender":"female","name":{"title":"Miss","first":"Hotina","last":"Nikolaienko"},"location":{"street":{"number":7078,"name":"Gryadkova"},"city":"Mostiska","state":"Hersonska","country":"Ukraine","postcode":63589,"coordinates":{"latitude":"80.4575","longitude":"106.3854"},"timezone":{"offset":"-2:00","description":"Mid-Atlantic"}},"email":"hotina.nikolaienko@example.com","login":{"uuid":"f956b49d-958e-4b58-a833-7f3a4e1adf2b","username":"blueladybug952","password":"casanova","salt":"uG5UvIPI","md5":"567ff0e0225ab65e84ffa4ab2d9baf65","sha1":"4326358004f04b3172e908f8bf917934393c033c","sha256":"33fb56d96ce9264746eddbf03a23d6288ebd219d3faba1138d37db8a0fa35eae"},"dob":{"date":"1955-08-01T10:31:02.674Z","age":68},"registered":{"date":"2015-08-16T11:56:39.159Z","age":8},"phone":"(099) C68-9174","cell":"(097) T93-7617","id":{"name":"","value":null},"picture":{"large":"https://randomuser.me/api/portraits/women/28.jpg","medium":"https://randomuser.me/api/portraits/med/women/28.jpg","thumbnail":"https://randomuser.me/api/portraits/thumb/women/28.jpg"},"nat":"UA"}],"info":{"seed":"f744a0d8f9203528","results":1,"page":1,"version":"1.4"}} 
 </msg>
<msg time="2024-07-09T06:21:04.088021" level="INFO">/opt/hostedtoolcache/Python/3.12.4/x64/lib/python3.12/site-packages/urllib3/connectionpool.py:1099: InsecureRequestWarning: Unverified HTTPS request is being made to host 'randomuser.me'. Adding certificate verification is strongly advised. See: https://urllib3.readthedocs.io/en/latest/advanced-usage.html#tls-warnings
  warnings.warn(</msg>
<msg time="2024-07-09T06:21:04.088130" level="INFO">${response} = &lt;Response [200]&gt;</msg>
<var>${response}</var>
<arg>consultarAPI</arg>
<arg>/api</arg>
<doc>Sends a GET request on a previously created HTTP Session.</doc>
<status status="PASS" start="2024-07-09T06:21:03.996340" elapsed="0.091828"/>
</kw>
<kw name="Set Variable" owner="BuiltIn">
<msg time="2024-07-09T06:21:04.089044" level="INFO">${json_data} = {'results': [{'gender': 'female', 'name': {'title': 'Miss', 'first': 'Hotina', 'last': 'Nikolaienko'}, 'location': {'street': {'number': 7078, 'name': 'Gryadkova'}, 'city': 'Mostiska', 'state': 'Herso...</msg>
<var>${json_data}</var>
<arg>${response.json()}</arg>
<doc>Returns the given values which can then be assigned to a variables.</doc>
<status status="PASS" start="2024-07-09T06:21:04.088623" elapsed="0.000448"/>
</kw>
<kw name="Log" owner="BuiltIn">
<msg time="2024-07-09T06:21:04.089519" level="INFO">{'results': [{'gender': 'female', 'name': {'title': 'Miss', 'first': 'Hotina', 'last': 'Nikolaienko'}, 'location': {'street': {'number': 7078, 'name': 'Gryadkova'}, 'city': 'Mostiska', 'state': 'Hersonska', 'country': 'Ukraine', 'postcode': 63589, 'coordinates': {'latitude': '80.4575', 'longitude': '106.3854'}, 'timezone': {'offset': '-2:00', 'description': 'Mid-Atlantic'}}, 'email': 'hotina.nikolaienko@example.com', 'login': {'uuid': 'f956b49d-958e-4b58-a833-7f3a4e1adf2b', 'username': 'blueladybug952', 'password': 'casanova', 'salt': 'uG5UvIPI', 'md5': '567ff0e0225ab65e84ffa4ab2d9baf65', 'sha1': '4326358004f04b3172e908f8bf917934393c033c', 'sha256': '33fb56d96ce9264746eddbf03a23d6288ebd219d3faba1138d37db8a0fa35eae'}, 'dob': {'date': '1955-08-01T10:31:02.674Z', 'age': 68}, 'registered': {'date': '2015-08-16T11:56:39.159Z', 'age': 8}, 'phone': '(099) C68-9174', 'cell': '(097) T93-7617', 'id': {'name': '', 'value': None}, 'picture': {'large': 'https://randomuser.me/api/portraits/women/28.jpg', 'medium': 'https://randomuser.me/api/portraits/med/women/28.jpg', 'thumbnail': 'https://randomuser.me/api/portraits/thumb/women/28.jpg'}, 'nat': 'UA'}], 'info': {'seed': 'f744a0d8f9203528', 'results': 1, 'page': 1, 'version': '1.4'}}</msg>
<arg>${json_data}</arg>
<doc>Logs the given message with the given level.</doc>
<status status="PASS" start="2024-07-09T06:21:04.089366" elapsed="0.000200"/>
</kw>
<kw name="Should Be Equal As Numbers" owner="BuiltIn">
<arg>${json_data['results'][0]['location']['postcode']}</arg>
<arg>${json_data['results'][0]['location']['postcode']}</arg>
<doc>Fails if objects are unequal after converting them to real numbers.</doc>
<status status="PASS" start="2024-07-09T06:21:04.089849" elapsed="0.000608"/>
</kw>
<kw name="Log" owner="BuiltIn">
<msg time="2024-07-09T06:21:04.091098" level="INFO">63589</msg>
<arg>${json_data['results'][0]['location']['postcode']}</arg>
<doc>Logs the given message with the given level.</doc>
<status status="PASS" start="2024-07-09T06:21:04.090648" elapsed="0.000490"/>
</kw>
<status status="PASS" start="2024-07-09T06:21:03.996129" elapsed="0.095310"/>
</kw>
<doc>Testa se os tipos de dados na resposta da API estão corretos.</doc>
<tag>testeTiposDados</tag>
<status status="PASS" start="2024-07-09T06:21:03.904512" elapsed="0.187101"/>
</test>
<test id="s1-s1-t5" name="Validar conteudo" line="35">
<kw name="Teste de Tipos de Conteudo" owner="random-user-service">
<kw name="GET On Session" owner="RequestsLibrary">
<msg time="2024-07-09T06:21:04.184381" level="INFO">GET Request : url=https://randomuser.me/api 
 path_url=/api 
 headers={'User-Agent': 'python-requests/2.32.3', 'Accept-Encoding': 'gzip, deflate', 'Accept': '*/*', 'Connection': 'keep-alive'} 
 body=None 
 </msg>
<msg time="2024-07-09T06:21:04.184464" level="INFO">GET Response : url=https://randomuser.me/api 
 status=200, reason=OK 
 headers={'Date': 'Tue, 09 Jul 2024 06:21:04 GMT', 'Content-Type': 'application/json; charset=utf-8', 'Transfer-Encoding': 'chunked', 'Connection': 'keep-alive', 'X-Powered-By': 'Express', 'Access-Control-Allow-Origin': '*', 'Cache-Control': 'no-cache', 'ETag': 'W/"499-SVFAPDLaFY6G8LHJpkiy5Pt0BSc"', 'Vary': 'Accept-Encoding', 'Content-Encoding': 'gzip', 'CF-Cache-Status': 'DYNAMIC', 'Report-To': '{"endpoints":[{"url":"https:\\/\\/a.nel.cloudflare.com\\/report\\/v4?s=UE5Vy0xICsImc2P%2FKTNEK9WFdNJWWSl0BupMeVnJB55uVAUDH2IgxcOncsjceyYOatALZz5W%2F4T7zOjGH40Yvf78lD9AFWGb9uc%2F73hRyg3GqvDZgNSqROxvhhX%2BMjFK"}],"group":"cf-nel","max_age":604800}', 'NEL': '{"success_fraction":0,"report_to":"cf-nel","max_age":604800}', 'Server': 'cloudflare', 'CF-RAY': '8a0636349b771fd0-IAD', 'alt-svc': 'h3=":443"; ma=86400'} 
 body={"results":[{"gender":"male","name":{"title":"Mr","first":"Mason","last":"Collins"},"location":{"street":{"number":3146,"name":"Fincher Rd"},"city":"Palm Bay","state":"Washington","country":"United States","postcode":50796,"coordinates":{"latitude":"86.9455","longitude":"-79.9777"},"timezone":{"offset":"+1:00","description":"Brussels, Copenhagen, Madrid, Paris"}},"email":"mason.collins@example.com","login":{"uuid":"a2754ae7-8111-4072-8546-e44bc5707aac","username":"crazygorilla903","password":"dutchess","salt":"HfhgcCjG","md5":"13fecc4a5272e1ccb90b101bcbd524da","sha1":"b0612c1450866ec73f44916bd97002c61e0b8e14","sha256":"6b6f689fda94e17cd97de139aaf420f1fddd5f6258f18e10fd94dd899e309f00"},"dob":{"date":"1962-03-24T06:00:11.608Z","age":62},"registered":{"date":"2008-01-19T00:18:14.158Z","age":16},"phone":"(834) 246-6704","cell":"(333) 887-8674","id":{"name":"SSN","value":"079-51-2219"},"picture":{"large":"https://randomuser.me/api/portraits/men/73.jpg","medium":"https://randomuser.me/api/portraits/med/men/73.jpg","thumbnail":"https://randomuser.me/api/portraits/thumb/men/73.jpg"},"nat":"US"}],"info":{"seed":"6d2a5855bad89ccc","results":1,"page":1,"version":"1.4"}} 
 </msg>
<msg time="2024-07-09T06:21:04.184536" level="INFO">/opt/hostedtoolcache/Python/3.12.4/x64/lib/python3.12/site-packages/urllib3/connectionpool.py:1099: InsecureRequestWarning: Unverified HTTPS request is being made to host 'randomuser.me'. Adding certificate verification is strongly advised. See: https://urllib3.readthedocs.io/en/latest/advanced-usage.html#tls-warnings
  warnings.warn(</msg>
<msg time="2024-07-09T06:21:04.184648" level="INFO">${response} = &lt;Response [200]&gt;</msg>
<var>${response}</var>
<arg>consultarAPI</arg>
<arg>/api</arg>
<doc>Sends a GET request on a previously created HTTP Session.</doc>
<status status="PASS" start="2024-07-09T06:21:04.093931" elapsed="0.090761"/>
</kw>
<kw name="Set Variable" owner="BuiltIn">
<msg time="2024-07-09T06:21:04.185473" level="INFO">${json_data} = {'results': [{'gender': 'male', 'name': {'title': 'Mr', 'first': 'Mason', 'last': 'Collins'}, 'location': {'street': {'number': 3146, 'name': 'Fincher Rd'}, 'city': 'Palm Bay', 'state': 'Washington', ...</msg>
<var>${json_data}</var>
<arg>${response.json()}</arg>
<doc>Returns the given values which can then be assigned to a variables.</doc>
<status status="PASS" start="2024-07-09T06:21:04.185051" elapsed="0.000450"/>
</kw>
<kw name="Set Variable" owner="BuiltIn">
<msg time="2024-07-09T06:21:04.186175" level="INFO">${name_title} = Mr</msg>
<var>${name_title}</var>
<arg>${json_data["results"][0]["name"]["title"]}</arg>
<doc>Returns the given values which can then be assigned to a variables.</doc>
<status status="PASS" start="2024-07-09T06:21:04.185798" elapsed="0.000402"/>
</kw>
<kw name="Create List" owner="BuiltIn">
<msg time="2024-07-09T06:21:04.186640" level="INFO">${allowed_titles} = ['Mr', 'Ms', 'Miss', 'Mrs', 'Madame', 'Monsieur']</msg>
<var>${allowed_titles}</var>
<arg>Mr</arg>
<arg>Ms</arg>
<arg>Miss</arg>
<arg>Mrs</arg>
<arg>Madame</arg>
<arg>Monsieur</arg>
<doc>Returns a list containing given items.</doc>
<status status="PASS" start="2024-07-09T06:21:04.186495" elapsed="0.000169"/>
</kw>
<kw name="List Should Contain Value" owner="Collections">
<arg>${allowed_titles}</arg>
<arg>${name_title}</arg>
<doc>Fails if the ``value`` is not found from ``list``.</doc>
<status status="PASS" start="2024-07-09T06:21:04.186993" elapsed="0.000179"/>
</kw>
<kw name="Set Variable" owner="BuiltIn">
<msg time="2024-07-09T06:21:04.187789" level="INFO">${name_country} = US</msg>
<var>${name_country}</var>
<arg>${json_data["results"][0]["nat"]}</arg>
<doc>Returns the given values which can then be assigned to a variables.</doc>
<status status="PASS" start="2024-07-09T06:21:04.187350" elapsed="0.000465"/>
</kw>
<kw name="Create List" owner="BuiltIn">
<msg time="2024-07-09T06:21:04.188702" level="INFO">${list_country} = ['AD', 'AE', 'AF', 'AG', 'AI', 'AL', 'AM', 'AO', 'AQ', 'AR', 'AS', 'AT', 'AU', 'AW', 'AX', 'AZ', 'BA', 'BB', 'BD', 'BE', 'BF', 'BG', 'BH', 'BI', 'BJ', 'BL', 'BM', 'BN', 'BO', 'BQ', 'BR', 'BS', 'BT', '...</msg>
<var>${list_country}</var>
<arg>AD</arg>
<arg>AE</arg>
<arg>AF</arg>
<arg>AG</arg>
<arg>AI</arg>
<arg>AL</arg>
<arg>AM</arg>
<arg>AO</arg>
<arg>AQ</arg>
<arg>AR</arg>
<arg>AS</arg>
<arg>AT</arg>
<arg>AU</arg>
<arg>AW</arg>
<arg>AX</arg>
<arg>AZ</arg>
<arg>BA</arg>
<arg>BB</arg>
<arg>BD</arg>
<arg>BE</arg>
<arg>BF</arg>
<arg>BG</arg>
<arg>BH</arg>
<arg>BI</arg>
<arg>BJ</arg>
<arg>BL</arg>
<arg>BM</arg>
<arg>BN</arg>
<arg>BO</arg>
<arg>BQ</arg>
<arg>BR</arg>
<arg>BS</arg>
<arg>BT</arg>
<arg>BV</arg>
<arg>BW</arg>
<arg>BY</arg>
<arg>BZ</arg>
<arg>CA</arg>
<arg>CC</arg>
<arg>CD</arg>
<arg>CF</arg>
<arg>CG</arg>
<arg>CH</arg>
<arg>CI</arg>
<arg>CK</arg>
<arg>CL</arg>
<arg>CM</arg>
<arg>CN</arg>
<arg>CO</arg>
<arg>CR</arg>
<arg>CU</arg>
<arg>CV</arg>
<arg>CW</arg>
<arg>CX</arg>
<arg>CY</arg>
<arg>CZ</arg>
<arg>DE</arg>
<arg>DJ</arg>
<arg>DK</arg>
<arg>DM</arg>
<arg>DO</arg>
<arg>DZ</arg>
<arg>EC</arg>
<arg>EE</arg>
<arg>EG</arg>
<arg>EH</arg>
<arg>ER</arg>
<arg>ES</arg>
<arg>ET</arg>
<arg>FI</arg>
<arg>FJ</arg>
<arg>FK</arg>
<arg>FM</arg>
<arg>FO</arg>
<arg>FR</arg>
<arg>GA</arg>
<arg>GB</arg>
<arg>GD</arg>
<arg>GE</arg>
<arg>GF</arg>
<arg>GG</arg>
<arg>GH</arg>
<arg>GI</arg>
<arg>GL</arg>
<arg>GM</arg>
<arg>GN</arg>
<arg>GP</arg>
<arg>GQ</arg>
<arg>GR</arg>
<arg>GS</arg>
<arg>GT</arg>
<arg>GU</arg>
<arg>GW</arg>
<arg>GY</arg>
<arg>HK</arg>
<arg>HM</arg>
<arg>HN</arg>
<arg>HR</arg>
<arg>HT</arg>
<arg>HU</arg>
<arg>ID</arg>
<arg>IE</arg>
<arg>IL</arg>
<arg>IM</arg>
<arg>IN</arg>
<arg>IO</arg>
<arg>IQ</arg>
<arg>IR</arg>
<arg>IS</arg>
<arg>IT</arg>
<arg>JE</arg>
<arg>JM</arg>
<arg>JO</arg>
<arg>JP</arg>
<arg>KE</arg>
<arg>KG</arg>
<arg>KH</arg>
<arg>KI</arg>
<arg>KM</arg>
<arg>KN</arg>
<arg>KP</arg>
<arg>KR</arg>
<arg>KW</arg>
<arg>KY</arg>
<arg>KZ</arg>
<arg>LA</arg>
<arg>LB</arg>
<arg>LC</arg>
<arg>LI</arg>
<arg>LK</arg>
<arg>LR</arg>
<arg>LS</arg>
<arg>LT</arg>
<arg>LU</arg>
<arg>LV</arg>
<arg>LY</arg>
<arg>MA</arg>
<arg>MC</arg>
<arg>MD</arg>
<arg>ME</arg>
<arg>MF</arg>
<arg>MG</arg>
<arg>MH</arg>
<arg>MK</arg>
<arg>ML</arg>
<arg>MM</arg>
<arg>MN</arg>
<arg>MO</arg>
<arg>MP</arg>
<arg>MQ</arg>
<arg>MR</arg>
<arg>MS</arg>
<arg>MT</arg>
<arg>MU</arg>
<arg>MV</arg>
<arg>MW</arg>
<arg>MX</arg>
<arg>MY</arg>
<arg>MZ</arg>
<arg>NA</arg>
<arg>NC</arg>
<arg>NE</arg>
<arg>NF</arg>
<arg>NG</arg>
<arg>NI</arg>
<arg>NL</arg>
<arg>NO</arg>
<arg>NP</arg>
<arg>NR</arg>
<arg>NU</arg>
<arg>NZ</arg>
<arg>OM</arg>
<arg>PA</arg>
<arg>PE</arg>
<arg>PF</arg>
<arg>PG</arg>
<arg>PH</arg>
<arg>PK</arg>
<arg>PL</arg>
<arg>PM</arg>
<arg>PN</arg>
<arg>PR</arg>
<arg>PS</arg>
<arg>PT</arg>
<arg>PW</arg>
<arg>PY</arg>
<arg>QA</arg>
<arg>RE</arg>
<arg>RO</arg>
<arg>RS</arg>
<arg>RU</arg>
<arg>RW</arg>
<arg>SA</arg>
<arg>SB</arg>
<arg>SC</arg>
<arg>SD</arg>
<arg>SE</arg>
<arg>SG</arg>
<arg>SH</arg>
<arg>SI</arg>
<arg>SJ</arg>
<arg>SK</arg>
<arg>SL</arg>
<arg>SM</arg>
<arg>SN</arg>
<arg>SO</arg>
<arg>SR</arg>
<arg>SS</arg>
<arg>ST</arg>
<arg>SV</arg>
<arg>SX</arg>
<arg>SY</arg>
<arg>SZ</arg>
<arg>TC</arg>
<arg>TD</arg>
<arg>TF</arg>
<arg>TG</arg>
<arg>TH</arg>
<arg>TJ</arg>
<arg>TK</arg>
<arg>TL</arg>
<arg>TM</arg>
<arg>TN</arg>
<arg>TO</arg>
<arg>TR</arg>
<arg>TT</arg>
<arg>TV</arg>
<arg>TW</arg>
<arg>TZ</arg>
<arg>UA</arg>
<arg>UG</arg>
<arg>UM</arg>
<arg>US</arg>
<arg>UY</arg>
<arg>UZ</arg>
<arg>VA</arg>
<arg>VC</arg>
<arg>VE</arg>
<arg>VG</arg>
<arg>VI</arg>
<arg>VN</arg>
<arg>VU</arg>
<arg>WF</arg>
<arg>WS</arg>
<arg>XK</arg>
<arg>YE</arg>
<arg>YT</arg>
<arg>ZA</arg>
<arg>ZM</arg>
<arg>ZW</arg>
<doc>Returns a list containing given items.</doc>
<status status="PASS" start="2024-07-09T06:21:04.188110" elapsed="0.000618"/>
</kw>
<kw name="List Should Contain Value" owner="Collections">
<arg>${list_country}</arg>
<arg>${name_country}</arg>
<doc>Fails if the ``value`` is not found from ``list``.</doc>
<status status="PASS" start="2024-07-09T06:21:04.189524" elapsed="0.000200"/>
</kw>
<kw name="Run Keyword If" owner="BuiltIn">
<kw name="Should Be True" owner="BuiltIn">
<arg>${True}</arg>
<doc>Fails if the given condition is not true.</doc>
<status status="PASS" start="2024-07-09T06:21:04.190621" elapsed="0.000137"/>
</kw>
<arg>${json_data["results"][0]["location"]["coordinates"]["latitude"]} &gt;= -90 and ${json_data["results"][0]["location"]["coordinates"]["latitude"]} &lt;= 90</arg>
<arg>Should Be True</arg>
<arg>${True}</arg>
<doc>Runs the given keyword with the given arguments, if ``condition`` is true.</doc>
<status status="PASS" start="2024-07-09T06:21:04.189911" elapsed="0.000967"/>
</kw>
<kw name="Run Keyword If" owner="BuiltIn">
<kw name="Should Be True" owner="BuiltIn">
<arg>${True}</arg>
<doc>Fails if the given condition is not true.</doc>
<status status="PASS" start="2024-07-09T06:21:04.191775" elapsed="0.000229"/>
</kw>
<arg>${json_data["results"][0]["location"]["coordinates"]["longitude"]} &gt;= -180 and ${json_data["results"][0]["location"]["coordinates"]["longitude"]} &lt;= 180</arg>
<arg>Should Be True</arg>
<arg>${True}</arg>
<doc>Runs the given keyword with the given arguments, if ``condition`` is true.</doc>
<status status="PASS" start="2024-07-09T06:21:04.191056" elapsed="0.001075"/>
</kw>
<status status="PASS" start="2024-07-09T06:21:04.093723" elapsed="0.098537"/>
</kw>
<doc>Testa o conteúdo específico dos campos retornados pela API.</doc>
<tag>testeConteudo</tag>
<status status="PASS" start="2024-07-09T06:21:04.093315" elapsed="0.099081"/>
</test>
<status status="PASS" start="2024-07-09T06:21:03.163033" elapsed="1.031231"/>
</suite>
<status status="PASS" start="2024-07-09T06:21:03.148864" elapsed="1.050223"/>
</suite>
<statistics>
<total>
<stat pass="5" fail="0" skip="0">All Tests</stat>
</total>
<tag>
<stat pass="1" fail="0" skip="0">testeConteudo</stat>
<stat pass="1" fail="0" skip="0">testeEstruturaResposta</stat>
<stat pass="1" fail="0" skip="0">testeRequisicaoBasica</stat>
<stat pass="1" fail="0" skip="0">testeTiposDados</stat>
</tag>
<suite>
<stat pass="5" fail="0" skip="0" id="s1" name="Tests">Tests</stat>
<stat pass="5" fail="0" skip="0" id="s1-s1" name="Random-User-Test">Tests.Random-User-Test</stat>
</suite>
</statistics>
<errors>
</errors>
</robot>
