<?xml version="1.0" encoding="UTF-8"?>
<robot generator="Robot 7.0 (Python 3.12.2 on linux)" generated="2024-04-13T18:13:42.858956" rpa="false" schemaversion="5">
<suite id="s1" name="Tests" source="/home/runner/work/DesafioQAItauRogerioJordao/DesafioQAItauRogerioJordao/RamdonUser/tests">
<suite id="s1-s1" name="Random-User-Test" source="/home/runner/work/DesafioQAItauRogerioJordao/DesafioQAItauRogerioJordao/RamdonUser/tests/random-user-test.robot">
<test id="s1-s1-t1" name="Conectar" line="13">
<kw name="Conectar API" owner="random-user-service">
<kw name="Create Session" owner="RequestsLibrary">
<msg time="2024-04-13T18:13:43.227099" level="INFO">Creating Session using : alias=consultarAPI, url=https://randomuser.me/, headers={},                     cookies={}, auth=None, timeout=None, proxies=None, verify=False,                     debug=0 </msg>
<arg>consultarAPI</arg>
<arg>${URL}</arg>
<doc>Create Session: create a HTTP session to a server</doc>
<status status="PASS" start="2024-04-13T18:13:43.226894" elapsed="0.000431"/>
</kw>
<status status="PASS" start="2024-04-13T18:13:43.225831" elapsed="0.001860"/>
</kw>
<status status="PASS" start="2024-04-13T18:13:43.225212" elapsed="0.002681"/>
</test>
<test id="s1-s1-t2" name="Validar retorno 200 e JSON Válido" line="16">
<kw name="Teste de Requisicao Basica" owner="random-user-service">
<kw name="GET On Session" owner="RequestsLibrary">
<msg time="2024-04-13T18:13:43.471689" level="INFO">GET Request : url=https://randomuser.me/api 
 path_url=/api 
 headers={'User-Agent': 'python-requests/2.31.0', 'Accept-Encoding': 'gzip, deflate', 'Accept': '*/*', 'Connection': 'keep-alive'} 
 body=None 
 </msg>
<msg time="2024-04-13T18:13:43.471837" level="INFO">GET Response : url=https://randomuser.me/api 
 status=200, reason=OK 
 headers={'Date': 'Sat, 13 Apr 2024 18:13:43 GMT', 'Content-Type': 'application/json; charset=utf-8', 'Transfer-Encoding': 'chunked', 'Connection': 'keep-alive', 'X-Powered-By': 'Express', 'Access-Control-Allow-Origin': '*', 'Cache-Control': 'no-cache', 'ETag': 'W/"476-gLfyhVGThIg8PvcPmX3ta4WGK9U"', 'Vary': 'Accept-Encoding', 'Content-Encoding': 'gzip', 'CF-Cache-Status': 'DYNAMIC', 'Report-To': '{"endpoints":[{"url":"https:\\/\\/a.nel.cloudflare.com\\/report\\/v4?s=prGk1LOWPyOuxweRVVb0SN7LaYMpjvypzoXrrD0SJj4XhPtJB%2FmRBu%2F1So1EyAK64e5pYyAZi0kSYmQoDbVs5f%2BSZHpQo%2B7icYT0HV3nsn5GQ0x3OzmVjVWpGvqfWFgr"}],"group":"cf-nel","max_age":604800}', 'NEL': '{"success_fraction":0,"report_to":"cf-nel","max_age":604800}', 'Server': 'cloudflare', 'CF-RAY': '873d6e825e287fc3-IAD', 'alt-svc': 'h3=":443"; ma=86400'} 
 body={"results":[{"gender":"female","name":{"title":"Miss","first":"Jennifer","last":"Stephens"},"location":{"street":{"number":7401,"name":"Pearse Street"},"city":"Kildare","state":"Sligo","country":"Ireland","postcode":12400,"coordinates":{"latitude":"2.7285","longitude":"174.9890"},"timezone":{"offset":"+4:30","description":"Kabul"}},"email":"jennifer.stephens@example.com","login":{"uuid":"7d3aba7c-01eb-4fe1-a153-1e4fe92c4ec0","username":"brownbird908","password":"fishon","salt":"h7U73h6h","md5":"d47d624a4cdbf353958ab3d0ec4c366e","sha1":"e5d59186373e9319d7a222fcc38a92b4c3e8dc0c","sha256":"b3634833f2bacb98cfd8ebff3162c74550fb786db3d4ed239eb87ef64aa87be8"},"dob":{"date":"1959-09-20T14:25:55.922Z","age":64},"registered":{"date":"2022-05-14T18:22:26.118Z","age":1},"phone":"051-172-9707","cell":"081-742-9497","id":{"name":"PPS","value":"9253246T"},"picture":{"large":"https://randomuser.me/api/portraits/women/89.jpg","medium":"https://randomuser.me/api/portraits/med/women/89.jpg","thumbnail":"https://randomuser.me/api/portraits/thumb/women/89.jpg"},"nat":"IE"}],"info":{"seed":"570e90418d043fdd","results":1,"page":1,"version":"1.4"}} 
 </msg>
<msg time="2024-04-13T18:13:43.471915" level="INFO">/opt/hostedtoolcache/Python/3.12.2/x64/lib/python3.12/site-packages/urllib3/connectionpool.py:1103: InsecureRequestWarning: Unverified HTTPS request is being made to host 'randomuser.me'. Adding certificate verification is strongly advised. See: https://urllib3.readthedocs.io/en/latest/advanced-usage.html#tls-warnings
  warnings.warn(</msg>
<msg time="2024-04-13T18:13:43.472064" level="INFO">${response} = &lt;Response [200]&gt;</msg>
<var>${response}</var>
<arg>consultarAPI</arg>
<arg>/api</arg>
<doc>Sends a GET request on a previously created HTTP Session.</doc>
<status status="PASS" start="2024-04-13T18:13:43.230565" elapsed="0.241540"/>
</kw>
<kw name="Should Be Equal As Numbers" owner="BuiltIn">
<msg time="2024-04-13T18:13:43.473212" level="INFO">Argument types are:
&lt;class 'int'&gt;
&lt;class 'str'&gt;</msg>
<arg>${response.status_code}</arg>
<arg>200</arg>
<doc>Fails if objects are unequal after converting them to real numbers.</doc>
<status status="PASS" start="2024-04-13T18:13:43.472730" elapsed="0.000549"/>
</kw>
<kw name="Log" owner="BuiltIn">
<msg time="2024-04-13T18:13:43.473956" level="INFO">200</msg>
<arg>${response.status_code}</arg>
<doc>Logs the given message with the given level.</doc>
<status status="PASS" start="2024-04-13T18:13:43.473597" elapsed="0.000402"/>
</kw>
<kw name="Set Variable" owner="BuiltIn">
<msg time="2024-04-13T18:13:43.474765" level="INFO">${json_data} = {'results': [{'gender': 'female', 'name': {'title': 'Miss', 'first': 'Jennifer', 'last': 'Stephens'}, 'location': {'street': {'number': 7401, 'name': 'Pearse Street'}, 'city': 'Kildare', 'state': 'Sli...</msg>
<var>${json_data}</var>
<arg>${response.json()}</arg>
<doc>Returns the given values which can then be assigned to a variables.</doc>
<status status="PASS" start="2024-04-13T18:13:43.474327" elapsed="0.000467"/>
</kw>
<kw name="Dictionary Should Contain Key" owner="Collections">
<msg time="2024-04-13T18:13:43.475311" level="INFO">False</msg>
<arg>${json_data}</arg>
<arg>results</arg>
<doc>Fails if ``key`` is not found from ``dictionary``.</doc>
<status status="PASS" start="2024-04-13T18:13:43.475104" elapsed="0.000248"/>
</kw>
<status status="PASS" start="2024-04-13T18:13:43.230313" elapsed="0.245312"/>
</kw>
<doc>Testa se a API responde corretamente e retorna um objeto JSON válido.</doc>
<tag>testeRequisicaoBasica</tag>
<status status="PASS" start="2024-04-13T18:13:43.229771" elapsed="0.246046"/>
</test>
<test id="s1-s1-t3" name="Validar estrutura de resposta" line="22">
<kw name="Teste de Estrutura de Resposta" owner="random-user-service">
<kw name="GET On Session" owner="RequestsLibrary">
<msg time="2024-04-13T18:13:43.560381" level="INFO">GET Request : url=https://randomuser.me/api 
 path_url=/api 
 headers={'User-Agent': 'python-requests/2.31.0', 'Accept-Encoding': 'gzip, deflate', 'Accept': '*/*', 'Connection': 'keep-alive'} 
 body=None 
 </msg>
<msg time="2024-04-13T18:13:43.560475" level="INFO">GET Response : url=https://randomuser.me/api 
 status=200, reason=OK 
 headers={'Date': 'Sat, 13 Apr 2024 18:13:43 GMT', 'Content-Type': 'application/json; charset=utf-8', 'Transfer-Encoding': 'chunked', 'Connection': 'keep-alive', 'X-Powered-By': 'Express', 'Access-Control-Allow-Origin': '*', 'Cache-Control': 'no-cache', 'ETag': 'W/"494-3iV/bT8JylAzA+FERWx9KtDwcII"', 'Vary': 'Accept-Encoding', 'Content-Encoding': 'gzip', 'CF-Cache-Status': 'DYNAMIC', 'Report-To': '{"endpoints":[{"url":"https:\\/\\/a.nel.cloudflare.com\\/report\\/v4?s=XDDjq3LQ9Ywu5YdarpbCGK556Oj5s8Ge%2Fy%2FKRAMyXsjyOK8NAVO5BwBcBiPDXlkvmNlcGZithED5%2BQevEvN63PxASyLSBuCDB9023Z6WQQoChjnL1ZI0ofjR09F%2B%2FcDy"}],"group":"cf-nel","max_age":604800}', 'NEL': '{"success_fraction":0,"report_to":"cf-nel","max_age":604800}', 'Server': 'cloudflare', 'CF-RAY': '873d6e82beaf7fc3-IAD', 'alt-svc': 'h3=":443"; ma=86400'} 
 body={"results":[{"gender":"male","name":{"title":"Mr","first":"Adalsindo","last":"Campos"},"location":{"street":{"number":7503,"name":"Travessa dos Açorianos"},"city":"São José do Rio Preto","state":"Alagoas","country":"Brazil","postcode":84015,"coordinates":{"latitude":"-75.6103","longitude":"-44.0508"},"timezone":{"offset":"+4:30","description":"Kabul"}},"email":"adalsindo.campos@example.com","login":{"uuid":"01acfd1d-067b-44ed-902c-d79cc2633796","username":"blackpeacock871","password":"246810","salt":"cyCTs321","md5":"f4cfc877967c1eaea2e5b7813686a859","sha1":"4e9b2c3cbdc38b5fc17dd982d5bc01d975cac56f","sha256":"219a5e8c5e2a0e7cc99605d93398b67a7cbe9a9847ecb23d0c33293025fd6d40"},"dob":{"date":"1971-09-30T13:41:25.917Z","age":52},"registered":{"date":"2014-04-18T22:03:42.952Z","age":9},"phone":"(71) 4214-5458","cell":"(47) 4279-5072","id":{"name":"CPF","value":"046.048.406-75"},"picture":{"large":"https://randomuser.me/api/portraits/men/78.jpg","medium":"https://randomuser.me/api/portraits/med/men/78.jpg","thumbnail":"https://randomuser.me/api/portraits/thumb/men/78.jpg"},"nat":"BR"}],"info":{"seed":"996efbe0662c0919","results":1,"page":1,"version":"1.4"}} 
 </msg>
<msg time="2024-04-13T18:13:43.560622" level="INFO">/opt/hostedtoolcache/Python/3.12.2/x64/lib/python3.12/site-packages/urllib3/connectionpool.py:1103: InsecureRequestWarning: Unverified HTTPS request is being made to host 'randomuser.me'. Adding certificate verification is strongly advised. See: https://urllib3.readthedocs.io/en/latest/advanced-usage.html#tls-warnings
  warnings.warn(</msg>
<msg time="2024-04-13T18:13:43.560749" level="INFO">${response} = &lt;Response [200]&gt;</msg>
<var>${response}</var>
<arg>consultarAPI</arg>
<arg>/api</arg>
<doc>Sends a GET request on a previously created HTTP Session.</doc>
<status status="PASS" start="2024-04-13T18:13:43.478682" elapsed="0.082108"/>
</kw>
<kw name="Set Variable" owner="BuiltIn">
<msg time="2024-04-13T18:13:43.561814" level="INFO">${json_data} = {'results': [{'gender': 'male', 'name': {'title': 'Mr', 'first': 'Adalsindo', 'last': 'Campos'}, 'location': {'street': {'number': 7503, 'name': 'Travessa dos Açorianos'}, 'city': 'São José do Rio Pre...</msg>
<var>${json_data}</var>
<arg>${response.json()}</arg>
<doc>Returns the given values which can then be assigned to a variables.</doc>
<status status="PASS" start="2024-04-13T18:13:43.561247" elapsed="0.000596"/>
</kw>
<kw name="Log" owner="BuiltIn">
<msg time="2024-04-13T18:13:43.562333" level="INFO">{'results': [{'gender': 'male', 'name': {'title': 'Mr', 'first': 'Adalsindo', 'last': 'Campos'}, 'location': {'street': {'number': 7503, 'name': 'Travessa dos Açorianos'}, 'city': 'São José do Rio Preto', 'state': 'Alagoas', 'country': 'Brazil', 'postcode': 84015, 'coordinates': {'latitude': '-75.6103', 'longitude': '-44.0508'}, 'timezone': {'offset': '+4:30', 'description': 'Kabul'}}, 'email': 'adalsindo.campos@example.com', 'login': {'uuid': '01acfd1d-067b-44ed-902c-d79cc2633796', 'username': 'blackpeacock871', 'password': '246810', 'salt': 'cyCTs321', 'md5': 'f4cfc877967c1eaea2e5b7813686a859', 'sha1': '4e9b2c3cbdc38b5fc17dd982d5bc01d975cac56f', 'sha256': '219a5e8c5e2a0e7cc99605d93398b67a7cbe9a9847ecb23d0c33293025fd6d40'}, 'dob': {'date': '1971-09-30T13:41:25.917Z', 'age': 52}, 'registered': {'date': '2014-04-18T22:03:42.952Z', 'age': 9}, 'phone': '(71) 4214-5458', 'cell': '(47) 4279-5072', 'id': {'name': 'CPF', 'value': '046.048.406-75'}, 'picture': {'large': 'https://randomuser.me/api/portraits/men/78.jpg', 'medium': 'https://randomuser.me/api/portraits/med/men/78.jpg', 'thumbnail': 'https://randomuser.me/api/portraits/thumb/men/78.jpg'}, 'nat': 'BR'}], 'info': {'seed': '996efbe0662c0919', 'results': 1, 'page': 1, 'version': '1.4'}}</msg>
<arg>${json_data}</arg>
<doc>Logs the given message with the given level.</doc>
<status status="PASS" start="2024-04-13T18:13:43.562168" elapsed="0.000215"/>
</kw>
<kw name="Dictionary Should Contain Key" owner="Collections">
<msg time="2024-04-13T18:13:43.562837" level="INFO">False</msg>
<arg>${json_data}</arg>
<arg>results</arg>
<doc>Fails if ``key`` is not found from ``dictionary``.</doc>
<status status="PASS" start="2024-04-13T18:13:43.562682" elapsed="0.000192"/>
</kw>
<kw name="Should Not Be Empty" owner="BuiltIn">
<msg time="2024-04-13T18:13:43.563365" level="INFO">Length is 2.</msg>
<arg>${json_data}</arg>
<doc>Verifies that the given item is not empty.</doc>
<status status="PASS" start="2024-04-13T18:13:43.563208" elapsed="0.000197"/>
</kw>
<kw name="Create List" owner="BuiltIn">
<msg time="2024-04-13T18:13:43.563858" level="INFO">${expected_keys} = ['gender', 'name', 'location', 'email', 'login']</msg>
<var>${expected_keys}</var>
<arg>gender</arg>
<arg>name</arg>
<arg>location</arg>
<arg>email</arg>
<arg>login</arg>
<doc>Returns a list containing given items.</doc>
<status status="PASS" start="2024-04-13T18:13:43.563706" elapsed="0.000177"/>
</kw>
<for flavor="IN">
<iter>
<kw name="Dictionary Should Contain Key" owner="Collections">
<msg time="2024-04-13T18:13:43.564861" level="INFO">False</msg>
<arg>${json_data['results'][0]}</arg>
<arg>${key}</arg>
<doc>Fails if ``key`` is not found from ``dictionary``.</doc>
<status status="PASS" start="2024-04-13T18:13:43.564459" elapsed="0.000442"/>
</kw>
<kw name="Log" owner="BuiltIn">
<msg time="2024-04-13T18:13:43.565571" level="INFO">{'gender': 'male', 'name': {'title': 'Mr', 'first': 'Adalsindo', 'last': 'Campos'}, 'location': {'street': {'number': 7503, 'name': 'Travessa dos Açorianos'}, 'city': 'São José do Rio Preto', 'state': 'Alagoas', 'country': 'Brazil', 'postcode': 84015, 'coordinates': {'latitude': '-75.6103', 'longitude': '-44.0508'}, 'timezone': {'offset': '+4:30', 'description': 'Kabul'}}, 'email': 'adalsindo.campos@example.com', 'login': {'uuid': '01acfd1d-067b-44ed-902c-d79cc2633796', 'username': 'blackpeacock871', 'password': '246810', 'salt': 'cyCTs321', 'md5': 'f4cfc877967c1eaea2e5b7813686a859', 'sha1': '4e9b2c3cbdc38b5fc17dd982d5bc01d975cac56f', 'sha256': '219a5e8c5e2a0e7cc99605d93398b67a7cbe9a9847ecb23d0c33293025fd6d40'}, 'dob': {'date': '1971-09-30T13:41:25.917Z', 'age': 52}, 'registered': {'date': '2014-04-18T22:03:42.952Z', 'age': 9}, 'phone': '(71) 4214-5458', 'cell': '(47) 4279-5072', 'id': {'name': 'CPF', 'value': '046.048.406-75'}, 'picture': {'large': 'https://randomuser.me/api/portraits/men/78.jpg', 'medium': 'https://randomuser.me/api/portraits/med/men/78.jpg', 'thumbnail': 'https://randomuser.me/api/portraits/thumb/men/78.jpg'}, 'nat': 'BR'}</msg>
<arg>${json_data['results'][0]}</arg>
<doc>Logs the given message with the given level.</doc>
<status status="PASS" start="2024-04-13T18:13:43.565205" elapsed="0.000416"/>
</kw>
<kw name="Log" owner="BuiltIn">
<msg time="2024-04-13T18:13:43.566046" level="INFO">gender</msg>
<arg>${key}</arg>
<doc>Logs the given message with the given level.</doc>
<status status="PASS" start="2024-04-13T18:13:43.565917" elapsed="0.000168"/>
</kw>
<var name="${key}">gender</var>
<status status="PASS" start="2024-04-13T18:13:43.564334" elapsed="0.001974"/>
</iter>
<iter>
<kw name="Dictionary Should Contain Key" owner="Collections">
<msg time="2024-04-13T18:13:43.566995" level="INFO">False</msg>
<arg>${json_data['results'][0]}</arg>
<arg>${key}</arg>
<doc>Fails if ``key`` is not found from ``dictionary``.</doc>
<status status="PASS" start="2024-04-13T18:13:43.566609" elapsed="0.000441"/>
</kw>
<kw name="Log" owner="BuiltIn">
<msg time="2024-04-13T18:13:43.567802" level="INFO">{'gender': 'male', 'name': {'title': 'Mr', 'first': 'Adalsindo', 'last': 'Campos'}, 'location': {'street': {'number': 7503, 'name': 'Travessa dos Açorianos'}, 'city': 'São José do Rio Preto', 'state': 'Alagoas', 'country': 'Brazil', 'postcode': 84015, 'coordinates': {'latitude': '-75.6103', 'longitude': '-44.0508'}, 'timezone': {'offset': '+4:30', 'description': 'Kabul'}}, 'email': 'adalsindo.campos@example.com', 'login': {'uuid': '01acfd1d-067b-44ed-902c-d79cc2633796', 'username': 'blackpeacock871', 'password': '246810', 'salt': 'cyCTs321', 'md5': 'f4cfc877967c1eaea2e5b7813686a859', 'sha1': '4e9b2c3cbdc38b5fc17dd982d5bc01d975cac56f', 'sha256': '219a5e8c5e2a0e7cc99605d93398b67a7cbe9a9847ecb23d0c33293025fd6d40'}, 'dob': {'date': '1971-09-30T13:41:25.917Z', 'age': 52}, 'registered': {'date': '2014-04-18T22:03:42.952Z', 'age': 9}, 'phone': '(71) 4214-5458', 'cell': '(47) 4279-5072', 'id': {'name': 'CPF', 'value': '046.048.406-75'}, 'picture': {'large': 'https://randomuser.me/api/portraits/men/78.jpg', 'medium': 'https://randomuser.me/api/portraits/med/men/78.jpg', 'thumbnail': 'https://randomuser.me/api/portraits/thumb/men/78.jpg'}, 'nat': 'BR'}</msg>
<arg>${json_data['results'][0]}</arg>
<doc>Logs the given message with the given level.</doc>
<status status="PASS" start="2024-04-13T18:13:43.567420" elapsed="0.000432"/>
</kw>
<kw name="Log" owner="BuiltIn">
<msg time="2024-04-13T18:13:43.568294" level="INFO">name</msg>
<arg>${key}</arg>
<doc>Logs the given message with the given level.</doc>
<status status="PASS" start="2024-04-13T18:13:43.568161" elapsed="0.000172"/>
</kw>
<var name="${key}">name</var>
<status status="PASS" start="2024-04-13T18:13:43.566496" elapsed="0.002059"/>
</iter>
<iter>
<kw name="Dictionary Should Contain Key" owner="Collections">
<msg time="2024-04-13T18:13:43.569235" level="INFO">False</msg>
<arg>${json_data['results'][0]}</arg>
<arg>${key}</arg>
<doc>Fails if ``key`` is not found from ``dictionary``.</doc>
<status status="PASS" start="2024-04-13T18:13:43.568849" elapsed="0.000425"/>
</kw>
<kw name="Log" owner="BuiltIn">
<msg time="2024-04-13T18:13:43.569934" level="INFO">{'gender': 'male', 'name': {'title': 'Mr', 'first': 'Adalsindo', 'last': 'Campos'}, 'location': {'street': {'number': 7503, 'name': 'Travessa dos Açorianos'}, 'city': 'São José do Rio Preto', 'state': 'Alagoas', 'country': 'Brazil', 'postcode': 84015, 'coordinates': {'latitude': '-75.6103', 'longitude': '-44.0508'}, 'timezone': {'offset': '+4:30', 'description': 'Kabul'}}, 'email': 'adalsindo.campos@example.com', 'login': {'uuid': '01acfd1d-067b-44ed-902c-d79cc2633796', 'username': 'blackpeacock871', 'password': '246810', 'salt': 'cyCTs321', 'md5': 'f4cfc877967c1eaea2e5b7813686a859', 'sha1': '4e9b2c3cbdc38b5fc17dd982d5bc01d975cac56f', 'sha256': '219a5e8c5e2a0e7cc99605d93398b67a7cbe9a9847ecb23d0c33293025fd6d40'}, 'dob': {'date': '1971-09-30T13:41:25.917Z', 'age': 52}, 'registered': {'date': '2014-04-18T22:03:42.952Z', 'age': 9}, 'phone': '(71) 4214-5458', 'cell': '(47) 4279-5072', 'id': {'name': 'CPF', 'value': '046.048.406-75'}, 'picture': {'large': 'https://randomuser.me/api/portraits/men/78.jpg', 'medium': 'https://randomuser.me/api/portraits/med/men/78.jpg', 'thumbnail': 'https://randomuser.me/api/portraits/thumb/men/78.jpg'}, 'nat': 'BR'}</msg>
<arg>${json_data['results'][0]}</arg>
<doc>Logs the given message with the given level.</doc>
<status status="PASS" start="2024-04-13T18:13:43.569571" elapsed="0.000412"/>
</kw>
<kw name="Log" owner="BuiltIn">
<msg time="2024-04-13T18:13:43.570405" level="INFO">location</msg>
<arg>${key}</arg>
<doc>Logs the given message with the given level.</doc>
<status status="PASS" start="2024-04-13T18:13:43.570278" elapsed="0.000166"/>
</kw>
<var name="${key}">location</var>
<status status="PASS" start="2024-04-13T18:13:43.568737" elapsed="0.001925"/>
</iter>
<iter>
<kw name="Dictionary Should Contain Key" owner="Collections">
<msg time="2024-04-13T18:13:43.571359" level="INFO">False</msg>
<arg>${json_data['results'][0]}</arg>
<arg>${key}</arg>
<doc>Fails if ``key`` is not found from ``dictionary``.</doc>
<status status="PASS" start="2024-04-13T18:13:43.570943" elapsed="0.000460"/>
</kw>
<kw name="Log" owner="BuiltIn">
<msg time="2024-04-13T18:13:43.572081" level="INFO">{'gender': 'male', 'name': {'title': 'Mr', 'first': 'Adalsindo', 'last': 'Campos'}, 'location': {'street': {'number': 7503, 'name': 'Travessa dos Açorianos'}, 'city': 'São José do Rio Preto', 'state': 'Alagoas', 'country': 'Brazil', 'postcode': 84015, 'coordinates': {'latitude': '-75.6103', 'longitude': '-44.0508'}, 'timezone': {'offset': '+4:30', 'description': 'Kabul'}}, 'email': 'adalsindo.campos@example.com', 'login': {'uuid': '01acfd1d-067b-44ed-902c-d79cc2633796', 'username': 'blackpeacock871', 'password': '246810', 'salt': 'cyCTs321', 'md5': 'f4cfc877967c1eaea2e5b7813686a859', 'sha1': '4e9b2c3cbdc38b5fc17dd982d5bc01d975cac56f', 'sha256': '219a5e8c5e2a0e7cc99605d93398b67a7cbe9a9847ecb23d0c33293025fd6d40'}, 'dob': {'date': '1971-09-30T13:41:25.917Z', 'age': 52}, 'registered': {'date': '2014-04-18T22:03:42.952Z', 'age': 9}, 'phone': '(71) 4214-5458', 'cell': '(47) 4279-5072', 'id': {'name': 'CPF', 'value': '046.048.406-75'}, 'picture': {'large': 'https://randomuser.me/api/portraits/men/78.jpg', 'medium': 'https://randomuser.me/api/portraits/med/men/78.jpg', 'thumbnail': 'https://randomuser.me/api/portraits/thumb/men/78.jpg'}, 'nat': 'BR'}</msg>
<arg>${json_data['results'][0]}</arg>
<doc>Logs the given message with the given level.</doc>
<status status="PASS" start="2024-04-13T18:13:43.571707" elapsed="0.000425"/>
</kw>
<kw name="Log" owner="BuiltIn">
<msg time="2024-04-13T18:13:43.572557" level="INFO">email</msg>
<arg>${key}</arg>
<doc>Logs the given message with the given level.</doc>
<status status="PASS" start="2024-04-13T18:13:43.572429" elapsed="0.000167"/>
</kw>
<var name="${key}">email</var>
<status status="PASS" start="2024-04-13T18:13:43.570834" elapsed="0.001980"/>
</iter>
<iter>
<kw name="Dictionary Should Contain Key" owner="Collections">
<msg time="2024-04-13T18:13:43.573469" level="INFO">False</msg>
<arg>${json_data['results'][0]}</arg>
<arg>${key}</arg>
<doc>Fails if ``key`` is not found from ``dictionary``.</doc>
<status status="PASS" start="2024-04-13T18:13:43.573096" elapsed="0.000410"/>
</kw>
<kw name="Log" owner="BuiltIn">
<msg time="2024-04-13T18:13:43.574173" level="INFO">{'gender': 'male', 'name': {'title': 'Mr', 'first': 'Adalsindo', 'last': 'Campos'}, 'location': {'street': {'number': 7503, 'name': 'Travessa dos Açorianos'}, 'city': 'São José do Rio Preto', 'state': 'Alagoas', 'country': 'Brazil', 'postcode': 84015, 'coordinates': {'latitude': '-75.6103', 'longitude': '-44.0508'}, 'timezone': {'offset': '+4:30', 'description': 'Kabul'}}, 'email': 'adalsindo.campos@example.com', 'login': {'uuid': '01acfd1d-067b-44ed-902c-d79cc2633796', 'username': 'blackpeacock871', 'password': '246810', 'salt': 'cyCTs321', 'md5': 'f4cfc877967c1eaea2e5b7813686a859', 'sha1': '4e9b2c3cbdc38b5fc17dd982d5bc01d975cac56f', 'sha256': '219a5e8c5e2a0e7cc99605d93398b67a7cbe9a9847ecb23d0c33293025fd6d40'}, 'dob': {'date': '1971-09-30T13:41:25.917Z', 'age': 52}, 'registered': {'date': '2014-04-18T22:03:42.952Z', 'age': 9}, 'phone': '(71) 4214-5458', 'cell': '(47) 4279-5072', 'id': {'name': 'CPF', 'value': '046.048.406-75'}, 'picture': {'large': 'https://randomuser.me/api/portraits/men/78.jpg', 'medium': 'https://randomuser.me/api/portraits/med/men/78.jpg', 'thumbnail': 'https://randomuser.me/api/portraits/thumb/men/78.jpg'}, 'nat': 'BR'}</msg>
<arg>${json_data['results'][0]}</arg>
<doc>Logs the given message with the given level.</doc>
<status status="PASS" start="2024-04-13T18:13:43.573817" elapsed="0.000404"/>
</kw>
<kw name="Log" owner="BuiltIn">
<msg time="2024-04-13T18:13:43.574647" level="INFO">login</msg>
<arg>${key}</arg>
<doc>Logs the given message with the given level.</doc>
<status status="PASS" start="2024-04-13T18:13:43.574517" elapsed="0.000170"/>
</kw>
<var name="${key}">login</var>
<status status="PASS" start="2024-04-13T18:13:43.572987" elapsed="0.001943"/>
</iter>
<var>${key}</var>
<value>@{expected_keys}</value>
<status status="PASS" start="2024-04-13T18:13:43.564144" elapsed="0.010912"/>
</for>
<kw name="Create List" owner="BuiltIn">
<msg time="2024-04-13T18:13:43.575460" level="INFO">${expected_keysTwo} = ['username', 'password']</msg>
<var>${expected_keysTwo}</var>
<arg>username</arg>
<arg>password</arg>
<doc>Returns a list containing given items.</doc>
<status status="PASS" start="2024-04-13T18:13:43.575302" elapsed="0.000182"/>
</kw>
<for flavor="IN">
<iter>
<kw name="Dictionary Should Contain Key" owner="Collections">
<msg time="2024-04-13T18:13:43.576479" level="INFO">False</msg>
<arg>${json_data['results'][0]['login']}</arg>
<arg>${keyTwo}</arg>
<doc>Fails if ``key`` is not found from ``dictionary``.</doc>
<status status="PASS" start="2024-04-13T18:13:43.576089" elapsed="0.000429"/>
</kw>
<kw name="Dictionary Should Contain Key" owner="Collections">
<msg time="2024-04-13T18:13:43.577191" level="INFO">False</msg>
<arg>${json_data['results'][0]['login']}</arg>
<arg>${keyTwo}</arg>
<doc>Fails if ``key`` is not found from ``dictionary``.</doc>
<status status="PASS" start="2024-04-13T18:13:43.576816" elapsed="0.000414"/>
</kw>
<kw name="Log" owner="BuiltIn">
<msg time="2024-04-13T18:13:43.577656" level="INFO">username</msg>
<arg>${keyTwo}</arg>
<doc>Logs the given message with the given level.</doc>
<status status="PASS" start="2024-04-13T18:13:43.577527" elapsed="0.000167"/>
</kw>
<var name="${keyTwo}">username</var>
<status status="PASS" start="2024-04-13T18:13:43.575877" elapsed="0.002033"/>
</iter>
<iter>
<kw name="Dictionary Should Contain Key" owner="Collections">
<msg time="2024-04-13T18:13:43.578576" level="INFO">False</msg>
<arg>${json_data['results'][0]['login']}</arg>
<arg>${keyTwo}</arg>
<doc>Fails if ``key`` is not found from ``dictionary``.</doc>
<status status="PASS" start="2024-04-13T18:13:43.578195" elapsed="0.000418"/>
</kw>
<kw name="Dictionary Should Contain Key" owner="Collections">
<msg time="2024-04-13T18:13:43.579319" level="INFO">False</msg>
<arg>${json_data['results'][0]['login']}</arg>
<arg>${keyTwo}</arg>
<doc>Fails if ``key`` is not found from ``dictionary``.</doc>
<status status="PASS" start="2024-04-13T18:13:43.578906" elapsed="0.000451"/>
</kw>
<kw name="Log" owner="BuiltIn">
<msg time="2024-04-13T18:13:43.579783" level="INFO">password</msg>
<arg>${keyTwo}</arg>
<doc>Logs the given message with the given level.</doc>
<status status="PASS" start="2024-04-13T18:13:43.579655" elapsed="0.000167"/>
</kw>
<var name="${keyTwo}">password</var>
<status status="PASS" start="2024-04-13T18:13:43.578086" elapsed="0.001952"/>
</iter>
<var>${keyTwo}</var>
<value>@{expected_keysTwo}</value>
<status status="PASS" start="2024-04-13T18:13:43.575724" elapsed="0.004440"/>
</for>
<status status="PASS" start="2024-04-13T18:13:43.478291" elapsed="0.102017"/>
</kw>
<doc>Testa a estrutura da resposta da API.</doc>
<tag>testeEstruturaResposta</tag>
<status status="PASS" start="2024-04-13T18:13:43.477684" elapsed="0.102783"/>
</test>
<test id="s1-s1-t4" name="Validar tipos de dados" line="28">
<kw name="Teste de Tipos de Dados" owner="random-user-service">
<kw name="GET On Session" owner="RequestsLibrary">
<msg time="2024-04-13T18:13:43.658690" level="INFO">GET Request : url=https://randomuser.me/api 
 path_url=/api 
 headers={'User-Agent': 'python-requests/2.31.0', 'Accept-Encoding': 'gzip, deflate', 'Accept': '*/*', 'Connection': 'keep-alive'} 
 body=None 
 </msg>
<msg time="2024-04-13T18:13:43.658755" level="INFO">GET Response : url=https://randomuser.me/api 
 status=200, reason=OK 
 headers={'Date': 'Sat, 13 Apr 2024 18:13:43 GMT', 'Content-Type': 'application/json; charset=utf-8', 'Transfer-Encoding': 'chunked', 'Connection': 'keep-alive', 'X-Powered-By': 'Express', 'Access-Control-Allow-Origin': '*', 'Cache-Control': 'no-cache', 'ETag': 'W/"49e-nU2y28BbRXyaaHAyCvhP3emOjZE"', 'Vary': 'Accept-Encoding', 'Content-Encoding': 'gzip', 'CF-Cache-Status': 'DYNAMIC', 'Report-To': '{"endpoints":[{"url":"https:\\/\\/a.nel.cloudflare.com\\/report\\/v4?s=LLfqG9I%2F0iwjqemWpdxJHuqEeO3QxblGWtfxInC3CnuCnaN9JwY%2BJJaDJT1YTakdI%2F5qrrIDIWFTnAnse8jyKX6O9evxrCt3GFzjVEEyA9NgcsXK7uwksPZlwrSzF%2Bc2"}],"group":"cf-nel","max_age":604800}', 'NEL': '{"success_fraction":0,"report_to":"cf-nel","max_age":604800}', 'Server': 'cloudflare', 'CF-RAY': '873d6e836f757fc3-IAD', 'alt-svc': 'h3=":443"; ma=86400'} 
 body={"results":[{"gender":"male","name":{"title":"Mr","first":"Lucas","last":"Berger"},"location":{"street":{"number":5879,"name":"Grande Rue"},"city":"Toulon","state":"Pyrénées-Atlantiques","country":"France","postcode":75317,"coordinates":{"latitude":"-13.3460","longitude":"-128.1384"},"timezone":{"offset":"+4:00","description":"Abu Dhabi, Muscat, Baku, Tbilisi"}},"email":"lucas.berger@example.com","login":{"uuid":"80992ecb-cbd2-4fa2-9269-7446c1654a34","username":"happymeercat544","password":"brutus","salt":"XTYi7Okh","md5":"3334a1d68fb2e7930297e47c00f11e3a","sha1":"f4a745329decca2fc05f9512e791350b41b8c92b","sha256":"04f415248b97653066433c58ca9b156eadf249f20053768168e07a1d829ee04d"},"dob":{"date":"1959-07-09T06:16:17.529Z","age":64},"registered":{"date":"2007-10-13T20:29:50.315Z","age":16},"phone":"05-03-32-62-20","cell":"06-34-30-50-45","id":{"name":"INSEE","value":"1590607995043 53"},"picture":{"large":"https://randomuser.me/api/portraits/men/41.jpg","medium":"https://randomuser.me/api/portraits/med/men/41.jpg","thumbnail":"https://randomuser.me/api/portraits/thumb/men/41.jpg"},"nat":"FR"}],"info":{"seed":"ba5c96de909a7551","results":1,"page":1,"version":"1.4"}} 
 </msg>
<msg time="2024-04-13T18:13:43.658811" level="INFO">/opt/hostedtoolcache/Python/3.12.2/x64/lib/python3.12/site-packages/urllib3/connectionpool.py:1103: InsecureRequestWarning: Unverified HTTPS request is being made to host 'randomuser.me'. Adding certificate verification is strongly advised. See: https://urllib3.readthedocs.io/en/latest/advanced-usage.html#tls-warnings
  warnings.warn(</msg>
<msg time="2024-04-13T18:13:43.658902" level="INFO">${response} = &lt;Response [200]&gt;</msg>
<var>${response}</var>
<arg>consultarAPI</arg>
<arg>/api</arg>
<doc>Sends a GET request on a previously created HTTP Session.</doc>
<status status="PASS" start="2024-04-13T18:13:43.582897" elapsed="0.076044"/>
</kw>
<kw name="Set Variable" owner="BuiltIn">
<msg time="2024-04-13T18:13:43.659958" level="INFO">${json_data} = {'results': [{'gender': 'male', 'name': {'title': 'Mr', 'first': 'Lucas', 'last': 'Berger'}, 'location': {'street': {'number': 5879, 'name': 'Grande Rue'}, 'city': 'Toulon', 'state': 'Pyrénées-Atlanti...</msg>
<var>${json_data}</var>
<arg>${response.json()}</arg>
<doc>Returns the given values which can then be assigned to a variables.</doc>
<status status="PASS" start="2024-04-13T18:13:43.659405" elapsed="0.000582"/>
</kw>
<kw name="Log" owner="BuiltIn">
<msg time="2024-04-13T18:13:43.660448" level="INFO">{'results': [{'gender': 'male', 'name': {'title': 'Mr', 'first': 'Lucas', 'last': 'Berger'}, 'location': {'street': {'number': 5879, 'name': 'Grande Rue'}, 'city': 'Toulon', 'state': 'Pyrénées-Atlantiques', 'country': 'France', 'postcode': 75317, 'coordinates': {'latitude': '-13.3460', 'longitude': '-128.1384'}, 'timezone': {'offset': '+4:00', 'description': 'Abu Dhabi, Muscat, Baku, Tbilisi'}}, 'email': 'lucas.berger@example.com', 'login': {'uuid': '80992ecb-cbd2-4fa2-9269-7446c1654a34', 'username': 'happymeercat544', 'password': 'brutus', 'salt': 'XTYi7Okh', 'md5': '3334a1d68fb2e7930297e47c00f11e3a', 'sha1': 'f4a745329decca2fc05f9512e791350b41b8c92b', 'sha256': '04f415248b97653066433c58ca9b156eadf249f20053768168e07a1d829ee04d'}, 'dob': {'date': '1959-07-09T06:16:17.529Z', 'age': 64}, 'registered': {'date': '2007-10-13T20:29:50.315Z', 'age': 16}, 'phone': '05-03-32-62-20', 'cell': '06-34-30-50-45', 'id': {'name': 'INSEE', 'value': '1590607995043 53'}, 'picture': {'large': 'https://randomuser.me/api/portraits/men/41.jpg', 'medium': 'https://randomuser.me/api/portraits/med/men/41.jpg', 'thumbnail': 'https://randomuser.me/api/portraits/thumb/men/41.jpg'}, 'nat': 'FR'}], 'info': {'seed': 'ba5c96de909a7551', 'results': 1, 'page': 1, 'version': '1.4'}}</msg>
<arg>${json_data}</arg>
<doc>Logs the given message with the given level.</doc>
<status status="PASS" start="2024-04-13T18:13:43.660292" elapsed="0.000237"/>
</kw>
<kw name="Should Be String" owner="String">
<arg>${json_data['results'][0]['gender']}</arg>
<doc>Fails if the given ``item`` is not a string.</doc>
<status status="PASS" start="2024-04-13T18:13:43.660830" elapsed="0.000355"/>
</kw>
<kw name="Should Match Regexp" owner="BuiltIn">
<arg>${json_data['results'][0]['email']}</arg>
<arg>^[a-zA-Z0-9._%+-]+@[a-zA-Z0-9.-]+\.[a-zA-Z]{2,}$</arg>
<doc>Fails if ``string`` does not match ``pattern`` as a regular expression.</doc>
<status status="PASS" start="2024-04-13T18:13:43.661380" elapsed="0.000511"/>
</kw>
<kw name="Should Match Regexp" owner="BuiltIn">
<arg>${json_data['results'][0]['dob']['date']}</arg>
<arg>\\d{4}-\\d{2}-\\d{2}T\\d{2}:\\d{2}:\\d{2}\\.\\d{3}Z</arg>
<doc>Fails if ``string`` does not match ``pattern`` as a regular expression.</doc>
<status status="PASS" start="2024-04-13T18:13:43.662084" elapsed="0.000484"/>
</kw>
<kw name="Should Match Regexp" owner="BuiltIn">
<arg>${json_data['results'][0]['registered']['date']}</arg>
<arg>\\d{4}-\\d{2}-\\d{2}T\\d{2}:\\d{2}:\\d{2}\\.\\d{3}Z</arg>
<doc>Fails if ``string`` does not match ``pattern`` as a regular expression.</doc>
<status status="PASS" start="2024-04-13T18:13:43.662760" elapsed="0.000366"/>
</kw>
<kw name="Should Match Regexp" owner="BuiltIn">
<arg>${json_data['results'][0]['picture']['large']}</arg>
<arg>^https?://.*\.(?:png|jpe?g|gif|bmp)$</arg>
<doc>Fails if ``string`` does not match ``pattern`` as a regular expression.</doc>
<status status="PASS" start="2024-04-13T18:13:43.663361" elapsed="0.000462"/>
</kw>
<kw name="Should Match Regexp" owner="BuiltIn">
<arg>${json_data['results'][0]['picture']['medium']}</arg>
<arg>^https?://.*\.(?:png|jpe?g|gif|bmp)$</arg>
<doc>Fails if ``string`` does not match ``pattern`` as a regular expression.</doc>
<status status="PASS" start="2024-04-13T18:13:43.664013" elapsed="0.000356"/>
</kw>
<kw name="Should Match Regexp" owner="BuiltIn">
<arg>${json_data['results'][0]['picture']['thumbnail']}</arg>
<arg>^https?://.*\.(?:png|jpe?g|gif|bmp)$</arg>
<doc>Fails if ``string`` does not match ``pattern`` as a regular expression.</doc>
<status status="PASS" start="2024-04-13T18:13:43.664552" elapsed="0.000344"/>
</kw>
<kw name="Log" owner="BuiltIn">
<msg time="2024-04-13T18:13:43.665399" level="INFO">{'large': 'https://randomuser.me/api/portraits/men/41.jpg', 'medium': 'https://randomuser.me/api/portraits/med/men/41.jpg', 'thumbnail': 'https://randomuser.me/api/portraits/thumb/men/41.jpg'}</msg>
<arg>${json_data['results'][0]['picture']}</arg>
<doc>Logs the given message with the given level.</doc>
<status status="PASS" start="2024-04-13T18:13:43.665074" elapsed="0.000366"/>
</kw>
<status status="PASS" start="2024-04-13T18:13:43.582639" elapsed="0.083049"/>
</kw>
<kw name="Teste de Tipos de Dados - Postcode" owner="random-user-service">
<kw name="GET On Session" owner="RequestsLibrary">
<msg time="2024-04-13T18:13:43.771282" level="INFO">GET Request : url=https://randomuser.me/api 
 path_url=/api 
 headers={'User-Agent': 'python-requests/2.31.0', 'Accept-Encoding': 'gzip, deflate', 'Accept': '*/*', 'Connection': 'keep-alive'} 
 body=None 
 </msg>
<msg time="2024-04-13T18:13:43.771371" level="INFO">GET Response : url=https://randomuser.me/api 
 status=200, reason=OK 
 headers={'Date': 'Sat, 13 Apr 2024 18:13:43 GMT', 'Content-Type': 'application/json; charset=utf-8', 'Transfer-Encoding': 'chunked', 'Connection': 'keep-alive', 'X-Powered-By': 'Express', 'Access-Control-Allow-Origin': '*', 'Cache-Control': 'no-cache', 'ETag': 'W/"485-3k1TiCKDWefL0itmZh0RX/d9BP8"', 'Vary': 'Accept-Encoding', 'Content-Encoding': 'gzip', 'CF-Cache-Status': 'DYNAMIC', 'Report-To': '{"endpoints":[{"url":"https:\\/\\/a.nel.cloudflare.com\\/report\\/v4?s=JOZNihbtY0ksoEk7P89bEAlwBnqKMehAepIz8%2Fobukqx7IS6mYLCx4dncgr9MP2pSyznqMO40VD1eRESDVj9uOgrQoKGhdVVSb7tKyQv%2FpVAM5iHpLo9W1xnROsp6r9H"}],"group":"cf-nel","max_age":604800}', 'NEL': '{"success_fraction":0,"report_to":"cf-nel","max_age":604800}', 'Server': 'cloudflare', 'CF-RAY': '873d6e83e8047fc3-IAD', 'alt-svc': 'h3=":443"; ma=86400'} 
 body={"results":[{"gender":"female","name":{"title":"Mrs","first":"Leontina","last":"Lima"},"location":{"street":{"number":5954,"name":"Rua Tiradentes "},"city":"Timon","state":"Paraná","country":"Brazil","postcode":53714,"coordinates":{"latitude":"-78.6564","longitude":"10.0844"},"timezone":{"offset":"+9:30","description":"Adelaide, Darwin"}},"email":"leontina.lima@example.com","login":{"uuid":"88ae9de8-7368-4b3c-ba0c-626984c2e866","username":"silvergoose261","password":"1977","salt":"myGSpXnP","md5":"3c2bba6f88f4f5d6f138424d3f7e5f88","sha1":"b5a210cf0d0e331c9e614da76af33530d01de229","sha256":"7813ee0fce6ab407310922cd95759efa412a34a2096864922d2ae78b74d4afce"},"dob":{"date":"1966-04-13T10:03:08.188Z","age":58},"registered":{"date":"2014-02-13T19:29:06.947Z","age":10},"phone":"(37) 1853-3977","cell":"(98) 5898-8700","id":{"name":"CPF","value":"736.043.968-44"},"picture":{"large":"https://randomuser.me/api/portraits/women/50.jpg","medium":"https://randomuser.me/api/portraits/med/women/50.jpg","thumbnail":"https://randomuser.me/api/portraits/thumb/women/50.jpg"},"nat":"BR"}],"info":{"seed":"9236bbc9166b4032","results":1,"page":1,"version":"1.4"}} 
 </msg>
<msg time="2024-04-13T18:13:43.771463" level="INFO">/opt/hostedtoolcache/Python/3.12.2/x64/lib/python3.12/site-packages/urllib3/connectionpool.py:1103: InsecureRequestWarning: Unverified HTTPS request is being made to host 'randomuser.me'. Adding certificate verification is strongly advised. See: https://urllib3.readthedocs.io/en/latest/advanced-usage.html#tls-warnings
  warnings.warn(</msg>
<msg time="2024-04-13T18:13:43.771584" level="INFO">${response} = &lt;Response [200]&gt;</msg>
<var>${response}</var>
<arg>consultarAPI</arg>
<arg>/api</arg>
<doc>Sends a GET request on a previously created HTTP Session.</doc>
<status status="PASS" start="2024-04-13T18:13:43.666125" elapsed="0.105512"/>
</kw>
<kw name="Set Variable" owner="BuiltIn">
<msg time="2024-04-13T18:13:43.772739" level="INFO">${json_data} = {'results': [{'gender': 'female', 'name': {'title': 'Mrs', 'first': 'Leontina', 'last': 'Lima'}, 'location': {'street': {'number': 5954, 'name': 'Rua Tiradentes '}, 'city': 'Timon', 'state': 'Paraná',...</msg>
<var>${json_data}</var>
<arg>${response.json()}</arg>
<doc>Returns the given values which can then be assigned to a variables.</doc>
<status status="PASS" start="2024-04-13T18:13:43.772182" elapsed="0.000586"/>
</kw>
<kw name="Log" owner="BuiltIn">
<msg time="2024-04-13T18:13:43.773232" level="INFO">{'results': [{'gender': 'female', 'name': {'title': 'Mrs', 'first': 'Leontina', 'last': 'Lima'}, 'location': {'street': {'number': 5954, 'name': 'Rua Tiradentes '}, 'city': 'Timon', 'state': 'Paraná', 'country': 'Brazil', 'postcode': 53714, 'coordinates': {'latitude': '-78.6564', 'longitude': '10.0844'}, 'timezone': {'offset': '+9:30', 'description': 'Adelaide, Darwin'}}, 'email': 'leontina.lima@example.com', 'login': {'uuid': '88ae9de8-7368-4b3c-ba0c-626984c2e866', 'username': 'silvergoose261', 'password': '1977', 'salt': 'myGSpXnP', 'md5': '3c2bba6f88f4f5d6f138424d3f7e5f88', 'sha1': 'b5a210cf0d0e331c9e614da76af33530d01de229', 'sha256': '7813ee0fce6ab407310922cd95759efa412a34a2096864922d2ae78b74d4afce'}, 'dob': {'date': '1966-04-13T10:03:08.188Z', 'age': 58}, 'registered': {'date': '2014-02-13T19:29:06.947Z', 'age': 10}, 'phone': '(37) 1853-3977', 'cell': '(98) 5898-8700', 'id': {'name': 'CPF', 'value': '736.043.968-44'}, 'picture': {'large': 'https://randomuser.me/api/portraits/women/50.jpg', 'medium': 'https://randomuser.me/api/portraits/med/women/50.jpg', 'thumbnail': 'https://randomuser.me/api/portraits/thumb/women/50.jpg'}, 'nat': 'BR'}], 'info': {'seed': '9236bbc9166b4032', 'results': 1, 'page': 1, 'version': '1.4'}}</msg>
<arg>${json_data}</arg>
<doc>Logs the given message with the given level.</doc>
<status status="PASS" start="2024-04-13T18:13:43.773077" elapsed="0.000233"/>
</kw>
<kw name="Should Be Equal As Numbers" owner="BuiltIn">
<arg>${json_data['results'][0]['location']['postcode']}</arg>
<arg>${json_data['results'][0]['location']['postcode']}</arg>
<doc>Fails if objects are unequal after converting them to real numbers.</doc>
<status status="PASS" start="2024-04-13T18:13:43.773608" elapsed="0.000625"/>
</kw>
<kw name="Log" owner="BuiltIn">
<msg time="2024-04-13T18:13:43.774768" level="INFO">53714</msg>
<arg>${json_data['results'][0]['location']['postcode']}</arg>
<doc>Logs the given message with the given level.</doc>
<status status="PASS" start="2024-04-13T18:13:43.774421" elapsed="0.000387"/>
</kw>
<status status="PASS" start="2024-04-13T18:13:43.665902" elapsed="0.109153"/>
</kw>
<doc>Testa se os tipos de dados na resposta da API estão corretos.</doc>
<tag>testeTiposDados</tag>
<status status="PASS" start="2024-04-13T18:13:43.582215" elapsed="0.193038"/>
</test>
<test id="s1-s1-t5" name="Validar conteudo" line="35">
<kw name="Teste de Tipos de Conteudo" owner="random-user-service">
<kw name="GET On Session" owner="RequestsLibrary">
<msg time="2024-04-13T18:13:43.863383" level="INFO">GET Request : url=https://randomuser.me/api 
 path_url=/api 
 headers={'User-Agent': 'python-requests/2.31.0', 'Accept-Encoding': 'gzip, deflate', 'Accept': '*/*', 'Connection': 'keep-alive'} 
 body=None 
 </msg>
<msg time="2024-04-13T18:13:43.863475" level="INFO">GET Response : url=https://randomuser.me/api 
 status=200, reason=OK 
 headers={'Date': 'Sat, 13 Apr 2024 18:13:43 GMT', 'Content-Type': 'application/json; charset=utf-8', 'Transfer-Encoding': 'chunked', 'Connection': 'keep-alive', 'X-Powered-By': 'Express', 'Access-Control-Allow-Origin': '*', 'Cache-Control': 'no-cache', 'ETag': 'W/"4a6-Uj6zq85QVZdedwJHRduWsbjq6WY"', 'Vary': 'Accept-Encoding', 'Content-Encoding': 'gzip', 'CF-Cache-Status': 'DYNAMIC', 'Report-To': '{"endpoints":[{"url":"https:\\/\\/a.nel.cloudflare.com\\/report\\/v4?s=9i6Tl%2Fl8kjIfj9K7WPSVIaR%2FKT48ZU4KGcTrFX3vdYfJJ718dT5zhNQ4pS2hIO8b%2BY%2FK6ajT%2FLW3wQ3bjf9gAt2hOPjg7z6Zz3UQlrsf8ADDWAOGmrmY%2Bwkd8KpDThS%2B"}],"group":"cf-nel","max_age":604800}', 'NEL': '{"success_fraction":0,"report_to":"cf-nel","max_age":604800}', 'Server': 'cloudflare', 'CF-RAY': '873d6e8498b87fc3-IAD', 'alt-svc': 'h3=":443"; ma=86400'} 
 body={"results":[{"gender":"female","name":{"title":"Mrs","first":"Nairele","last":"Freitas"},"location":{"street":{"number":8663,"name":"Rua Belo Horizonte "},"city":"Limeira","state":"Acre","country":"Brazil","postcode":64991,"coordinates":{"latitude":"-81.0315","longitude":"93.0218"},"timezone":{"offset":"+3:00","description":"Baghdad, Riyadh, Moscow, St. Petersburg"}},"email":"nairele.freitas@example.com","login":{"uuid":"b788d270-9574-416b-8333-78d2908ea81b","username":"brownladybug561","password":"clowns","salt":"wBpfySUl","md5":"400f2b7d3938967855bd76625196e0c3","sha1":"832126c02e76f19dc1c41f07ed0d06ff94c8e0f0","sha256":"6444e047a7884159a2b532428f8e051c932e6e06d8ae6353f3a7a715ba68cf1e"},"dob":{"date":"1990-10-19T04:19:31.111Z","age":33},"registered":{"date":"2005-10-23T01:55:55.271Z","age":18},"phone":"(05) 9651-7966","cell":"(29) 6150-2007","id":{"name":"CPF","value":"415.663.964-30"},"picture":{"large":"https://randomuser.me/api/portraits/women/58.jpg","medium":"https://randomuser.me/api/portraits/med/women/58.jpg","thumbnail":"https://randomuser.me/api/portraits/thumb/women/58.jpg"},"nat":"BR"}],"info":{"seed":"9e36b2232d32f5fe","results":1,"page":1,"version":"1.4"}} 
 </msg>
<msg time="2024-04-13T18:13:43.863537" level="INFO">/opt/hostedtoolcache/Python/3.12.2/x64/lib/python3.12/site-packages/urllib3/connectionpool.py:1103: InsecureRequestWarning: Unverified HTTPS request is being made to host 'randomuser.me'. Adding certificate verification is strongly advised. See: https://urllib3.readthedocs.io/en/latest/advanced-usage.html#tls-warnings
  warnings.warn(</msg>
<msg time="2024-04-13T18:13:43.863635" level="INFO">${response} = &lt;Response [200]&gt;</msg>
<var>${response}</var>
<arg>consultarAPI</arg>
<arg>/api</arg>
<doc>Sends a GET request on a previously created HTTP Session.</doc>
<status status="PASS" start="2024-04-13T18:13:43.778060" elapsed="0.085610"/>
</kw>
<kw name="Set Variable" owner="BuiltIn">
<msg time="2024-04-13T18:13:43.864604" level="INFO">${json_data} = {'results': [{'gender': 'female', 'name': {'title': 'Mrs', 'first': 'Nairele', 'last': 'Freitas'}, 'location': {'street': {'number': 8663, 'name': 'Rua Belo Horizonte '}, 'city': 'Limeira', 'state': '...</msg>
<var>${json_data}</var>
<arg>${response.json()}</arg>
<doc>Returns the given values which can then be assigned to a variables.</doc>
<status status="PASS" start="2024-04-13T18:13:43.864125" elapsed="0.000507"/>
</kw>
<kw name="Set Variable" owner="BuiltIn">
<msg time="2024-04-13T18:13:43.865307" level="INFO">${name_title} = Mrs</msg>
<var>${name_title}</var>
<arg>${json_data["results"][0]["name"]["title"]}</arg>
<doc>Returns the given values which can then be assigned to a variables.</doc>
<status status="PASS" start="2024-04-13T18:13:43.864930" elapsed="0.000402"/>
</kw>
<kw name="Create List" owner="BuiltIn">
<msg time="2024-04-13T18:13:43.865780" level="INFO">${allowed_titles} = ['Mr', 'Ms', 'Miss', 'Mrs', 'Madame', 'Monsieur']</msg>
<var>${allowed_titles}</var>
<arg>Mr</arg>
<arg>Ms</arg>
<arg>Miss</arg>
<arg>Mrs</arg>
<arg>Madame</arg>
<arg>Monsieur</arg>
<doc>Returns a list containing given items.</doc>
<status status="PASS" start="2024-04-13T18:13:43.865626" elapsed="0.000178"/>
</kw>
<kw name="List Should Contain Value" owner="Collections">
<msg time="2024-04-13T18:13:43.866279" level="INFO">False</msg>
<arg>${allowed_titles}</arg>
<arg>${name_title}</arg>
<doc>Fails if the ``value`` is not found from ``list``.</doc>
<status status="PASS" start="2024-04-13T18:13:43.866100" elapsed="0.000217"/>
</kw>
<kw name="Set Variable" owner="BuiltIn">
<msg time="2024-04-13T18:13:43.866974" level="INFO">${name_country} = BR</msg>
<var>${name_country}</var>
<arg>${json_data["results"][0]["nat"]}</arg>
<doc>Returns the given values which can then be assigned to a variables.</doc>
<status status="PASS" start="2024-04-13T18:13:43.866600" elapsed="0.000399"/>
</kw>
<kw name="Create List" owner="BuiltIn">
<msg time="2024-04-13T18:13:43.867934" level="INFO">${list_country} = ['AD', 'AE', 'AF', 'AG', 'AI', 'AL', 'AM', 'AO', 'AQ', 'AR', 'AS', 'AT', 'AU', 'AW', 'AX', 'AZ', 'BA', 'BB', 'BD', 'BE', 'BF', 'BG', 'BH', 'BI', 'BJ', 'BL', 'BM', 'BN', 'BO', 'BQ', 'BR', 'BS', 'BT', '...</msg>
<var>${list_country}</var>
<arg>AD</arg>
<arg>AE</arg>
<arg>AF</arg>
<arg>AG</arg>
<arg>AI</arg>
<arg>AL</arg>
<arg>AM</arg>
<arg>AO</arg>
<arg>AQ</arg>
<arg>AR</arg>
<arg>AS</arg>
<arg>AT</arg>
<arg>AU</arg>
<arg>AW</arg>
<arg>AX</arg>
<arg>AZ</arg>
<arg>BA</arg>
<arg>BB</arg>
<arg>BD</arg>
<arg>BE</arg>
<arg>BF</arg>
<arg>BG</arg>
<arg>BH</arg>
<arg>BI</arg>
<arg>BJ</arg>
<arg>BL</arg>
<arg>BM</arg>
<arg>BN</arg>
<arg>BO</arg>
<arg>BQ</arg>
<arg>BR</arg>
<arg>BS</arg>
<arg>BT</arg>
<arg>BV</arg>
<arg>BW</arg>
<arg>BY</arg>
<arg>BZ</arg>
<arg>CA</arg>
<arg>CC</arg>
<arg>CD</arg>
<arg>CF</arg>
<arg>CG</arg>
<arg>CH</arg>
<arg>CI</arg>
<arg>CK</arg>
<arg>CL</arg>
<arg>CM</arg>
<arg>CN</arg>
<arg>CO</arg>
<arg>CR</arg>
<arg>CU</arg>
<arg>CV</arg>
<arg>CW</arg>
<arg>CX</arg>
<arg>CY</arg>
<arg>CZ</arg>
<arg>DE</arg>
<arg>DJ</arg>
<arg>DK</arg>
<arg>DM</arg>
<arg>DO</arg>
<arg>DZ</arg>
<arg>EC</arg>
<arg>EE</arg>
<arg>EG</arg>
<arg>EH</arg>
<arg>ER</arg>
<arg>ES</arg>
<arg>ET</arg>
<arg>FI</arg>
<arg>FJ</arg>
<arg>FK</arg>
<arg>FM</arg>
<arg>FO</arg>
<arg>FR</arg>
<arg>GA</arg>
<arg>GB</arg>
<arg>GD</arg>
<arg>GE</arg>
<arg>GF</arg>
<arg>GG</arg>
<arg>GH</arg>
<arg>GI</arg>
<arg>GL</arg>
<arg>GM</arg>
<arg>GN</arg>
<arg>GP</arg>
<arg>GQ</arg>
<arg>GR</arg>
<arg>GS</arg>
<arg>GT</arg>
<arg>GU</arg>
<arg>GW</arg>
<arg>GY</arg>
<arg>HK</arg>
<arg>HM</arg>
<arg>HN</arg>
<arg>HR</arg>
<arg>HT</arg>
<arg>HU</arg>
<arg>ID</arg>
<arg>IE</arg>
<arg>IL</arg>
<arg>IM</arg>
<arg>IN</arg>
<arg>IO</arg>
<arg>IQ</arg>
<arg>IR</arg>
<arg>IS</arg>
<arg>IT</arg>
<arg>JE</arg>
<arg>JM</arg>
<arg>JO</arg>
<arg>JP</arg>
<arg>KE</arg>
<arg>KG</arg>
<arg>KH</arg>
<arg>KI</arg>
<arg>KM</arg>
<arg>KN</arg>
<arg>KP</arg>
<arg>KR</arg>
<arg>KW</arg>
<arg>KY</arg>
<arg>KZ</arg>
<arg>LA</arg>
<arg>LB</arg>
<arg>LC</arg>
<arg>LI</arg>
<arg>LK</arg>
<arg>LR</arg>
<arg>LS</arg>
<arg>LT</arg>
<arg>LU</arg>
<arg>LV</arg>
<arg>LY</arg>
<arg>MA</arg>
<arg>MC</arg>
<arg>MD</arg>
<arg>ME</arg>
<arg>MF</arg>
<arg>MG</arg>
<arg>MH</arg>
<arg>MK</arg>
<arg>ML</arg>
<arg>MM</arg>
<arg>MN</arg>
<arg>MO</arg>
<arg>MP</arg>
<arg>MQ</arg>
<arg>MR</arg>
<arg>MS</arg>
<arg>MT</arg>
<arg>MU</arg>
<arg>MV</arg>
<arg>MW</arg>
<arg>MX</arg>
<arg>MY</arg>
<arg>MZ</arg>
<arg>NA</arg>
<arg>NC</arg>
<arg>NE</arg>
<arg>NF</arg>
<arg>NG</arg>
<arg>NI</arg>
<arg>NL</arg>
<arg>NO</arg>
<arg>NP</arg>
<arg>NR</arg>
<arg>NU</arg>
<arg>NZ</arg>
<arg>OM</arg>
<arg>PA</arg>
<arg>PE</arg>
<arg>PF</arg>
<arg>PG</arg>
<arg>PH</arg>
<arg>PK</arg>
<arg>PL</arg>
<arg>PM</arg>
<arg>PN</arg>
<arg>PR</arg>
<arg>PS</arg>
<arg>PT</arg>
<arg>PW</arg>
<arg>PY</arg>
<arg>QA</arg>
<arg>RE</arg>
<arg>RO</arg>
<arg>RS</arg>
<arg>RU</arg>
<arg>RW</arg>
<arg>SA</arg>
<arg>SB</arg>
<arg>SC</arg>
<arg>SD</arg>
<arg>SE</arg>
<arg>SG</arg>
<arg>SH</arg>
<arg>SI</arg>
<arg>SJ</arg>
<arg>SK</arg>
<arg>SL</arg>
<arg>SM</arg>
<arg>SN</arg>
<arg>SO</arg>
<arg>SR</arg>
<arg>SS</arg>
<arg>ST</arg>
<arg>SV</arg>
<arg>SX</arg>
<arg>SY</arg>
<arg>SZ</arg>
<arg>TC</arg>
<arg>TD</arg>
<arg>TF</arg>
<arg>TG</arg>
<arg>TH</arg>
<arg>TJ</arg>
<arg>TK</arg>
<arg>TL</arg>
<arg>TM</arg>
<arg>TN</arg>
<arg>TO</arg>
<arg>TR</arg>
<arg>TT</arg>
<arg>TV</arg>
<arg>TW</arg>
<arg>TZ</arg>
<arg>UA</arg>
<arg>UG</arg>
<arg>UM</arg>
<arg>US</arg>
<arg>UY</arg>
<arg>UZ</arg>
<arg>VA</arg>
<arg>VC</arg>
<arg>VE</arg>
<arg>VG</arg>
<arg>VI</arg>
<arg>VN</arg>
<arg>VU</arg>
<arg>WF</arg>
<arg>WS</arg>
<arg>XK</arg>
<arg>YE</arg>
<arg>YT</arg>
<arg>ZA</arg>
<arg>ZM</arg>
<arg>ZW</arg>
<doc>Returns a list containing given items.</doc>
<status status="PASS" start="2024-04-13T18:13:43.867336" elapsed="0.000622"/>
</kw>
<kw name="List Should Contain Value" owner="Collections">
<msg time="2024-04-13T18:13:43.868938" level="INFO">False</msg>
<arg>${list_country}</arg>
<arg>${name_country}</arg>
<doc>Fails if the ``value`` is not found from ``list``.</doc>
<status status="PASS" start="2024-04-13T18:13:43.868740" elapsed="0.000235"/>
</kw>
<kw name="Run Keyword If" owner="BuiltIn">
<kw name="Should Be True" owner="BuiltIn">
<arg>${True}</arg>
<doc>Fails if the given condition is not true.</doc>
<status status="PASS" start="2024-04-13T18:13:43.870166" elapsed="0.000144"/>
</kw>
<arg>${json_data["results"][0]["location"]["coordinates"]["latitude"]} &gt;= -90 and ${json_data["results"][0]["location"]["coordinates"]["latitude"]} &lt;= 90</arg>
<arg>Should Be True</arg>
<arg>${True}</arg>
<doc>Runs the given keyword with the given arguments, if ``condition`` is true.</doc>
<status status="PASS" start="2024-04-13T18:13:43.869294" elapsed="0.001141"/>
</kw>
<kw name="Run Keyword If" owner="BuiltIn">
<kw name="Should Be True" owner="BuiltIn">
<arg>${True}</arg>
<doc>Fails if the given condition is not true.</doc>
<status status="PASS" start="2024-04-13T18:13:43.871346" elapsed="0.000138"/>
</kw>
<arg>${json_data["results"][0]["location"]["coordinates"]["longitude"]} &gt;= -180 and ${json_data["results"][0]["location"]["coordinates"]["longitude"]} &lt;= 180</arg>
<arg>Should Be True</arg>
<arg>${True}</arg>
<doc>Runs the given keyword with the given arguments, if ``condition`` is true.</doc>
<status status="PASS" start="2024-04-13T18:13:43.870619" elapsed="0.000987"/>
</kw>
<status status="PASS" start="2024-04-13T18:13:43.777690" elapsed="0.094046"/>
</kw>
<doc>Testa o conteúdo específico dos campos retornados pela API.</doc>
<tag>testeConteudo</tag>
<status status="PASS" start="2024-04-13T18:13:43.777024" elapsed="0.094861"/>
</test>
<status status="PASS" start="2024-04-13T18:13:42.916421" elapsed="0.957411"/>
</suite>
<status status="PASS" start="2024-04-13T18:13:42.900634" elapsed="0.978595"/>
</suite>
<statistics>
<total>
<stat pass="5" fail="0" skip="0">All Tests</stat>
</total>
<tag>
<stat pass="1" fail="0" skip="0">testeConteudo</stat>
<stat pass="1" fail="0" skip="0">testeEstruturaResposta</stat>
<stat pass="1" fail="0" skip="0">testeRequisicaoBasica</stat>
<stat pass="1" fail="0" skip="0">testeTiposDados</stat>
</tag>
<suite>
<stat pass="5" fail="0" skip="0" id="s1" name="Tests">Tests</stat>
<stat pass="5" fail="0" skip="0" id="s1-s1" name="Random-User-Test">Tests.Random-User-Test</stat>
</suite>
</statistics>
<errors>
</errors>
</robot>
