<?xml version="1.0" encoding="UTF-8"?>
<robot generator="Robot 7.0 (Python 3.12.3 on linux)" generated="2024-05-12T14:12:46.617618" rpa="false" schemaversion="5">
<suite id="s1" name="Tests" source="/home/runner/work/DesafioQAItauRogerioJordao/DesafioQAItauRogerioJordao/RamdonUser/tests">
<suite id="s1-s1" name="Random-User-Test" source="/home/runner/work/DesafioQAItauRogerioJordao/DesafioQAItauRogerioJordao/RamdonUser/tests/random-user-test.robot">
<test id="s1-s1-t1" name="Conectar" line="13">
<kw name="Conectar API" owner="random-user-service">
<kw name="Create Session" owner="RequestsLibrary">
<msg time="2024-05-12T14:12:46.976946" level="INFO">Creating Session using : alias=consultarAPI, url=https://randomuser.me/, headers={},                     cookies={}, auth=None, timeout=None, proxies=None, verify=False,                     debug=0 </msg>
<arg>consultarAPI</arg>
<arg>${URL}</arg>
<doc>Create Session: create a HTTP session to a server</doc>
<status status="PASS" start="2024-05-12T14:12:46.976745" elapsed="0.000386"/>
</kw>
<status status="PASS" start="2024-05-12T14:12:46.975719" elapsed="0.001778"/>
</kw>
<status status="PASS" start="2024-05-12T14:12:46.975148" elapsed="0.002541"/>
</test>
<test id="s1-s1-t2" name="Validar retorno 200 e JSON Válido" line="16">
<kw name="Teste de Requisicao Basica" owner="random-user-service">
<kw name="GET On Session" owner="RequestsLibrary">
<msg time="2024-05-12T14:12:47.224286" level="INFO">GET Request : url=https://randomuser.me/api 
 path_url=/api 
 headers={'User-Agent': 'python-requests/2.31.0', 'Accept-Encoding': 'gzip, deflate', 'Accept': '*/*', 'Connection': 'keep-alive'} 
 body=None 
 </msg>
<msg time="2024-05-12T14:12:47.224441" level="INFO">GET Response : url=https://randomuser.me/api 
 status=200, reason=OK 
 headers={'Date': 'Sun, 12 May 2024 14:12:47 GMT', 'Content-Type': 'application/json; charset=utf-8', 'Transfer-Encoding': 'chunked', 'Connection': 'keep-alive', 'X-Powered-By': 'Express', 'Access-Control-Allow-Origin': '*', 'Cache-Control': 'no-cache', 'ETag': 'W/"47d-nyyq2HU20w1Qdlpja8SQzTTQtOQ"', 'Vary': 'Accept-Encoding', 'Content-Encoding': 'gzip', 'CF-Cache-Status': 'DYNAMIC', 'Report-To': '{"endpoints":[{"url":"https:\\/\\/a.nel.cloudflare.com\\/report\\/v4?s=wupz8Z1KQnZOTwspoOJ3%2Fg%2BBy0wdqkUwVV3JE%2BZwMS4rc8Jy5XIMu5rVrjmGLSVFk0ukykRhhb4SM6ef%2Ba9RAd9iRF%2BhOs6smL7qA270tsQSbClfKNOF34RqWPRTiFFb"}],"group":"cf-nel","max_age":604800}', 'NEL': '{"success_fraction":0,"report_to":"cf-nel","max_age":604800}', 'Server': 'cloudflare', 'CF-RAY': '882b0171fda22ede-LAX', 'alt-svc': 'h3=":443"; ma=86400'} 
 body={"results":[{"gender":"male","name":{"title":"Mr","first":"Orinder","last":"Pai"},"location":{"street":{"number":6062,"name":"Lamington Rd"},"city":"Bettiah","state":"Uttarakhand","country":"India","postcode":40386,"coordinates":{"latitude":"9.7533","longitude":"-120.9688"},"timezone":{"offset":"-1:00","description":"Azores, Cape Verde Islands"}},"email":"orinder.pai@example.com","login":{"uuid":"aa6962f5-f4a8-446a-93fe-48025946512b","username":"yellowwolf339","password":"camper","salt":"8rOHpyQt","md5":"ce296360564e4c198fdf9b5488efc615","sha1":"90f3966240142f530a8a5358737dad029ea872d1","sha256":"a64beca28edbc24979b68c6d1824a61bf7ab7a2c158620885833073caa6a862c"},"dob":{"date":"1975-02-28T22:31:24.976Z","age":49},"registered":{"date":"2002-05-28T02:54:01.054Z","age":21},"phone":"7623301716","cell":"9418921354","id":{"name":"UIDAI","value":"057446714741"},"picture":{"large":"https://randomuser.me/api/portraits/men/17.jpg","medium":"https://randomuser.me/api/portraits/med/men/17.jpg","thumbnail":"https://randomuser.me/api/portraits/thumb/men/17.jpg"},"nat":"IN"}],"info":{"seed":"eed833c7bd0e3465","results":1,"page":1,"version":"1.4"}} 
 </msg>
<msg time="2024-05-12T14:12:47.224526" level="INFO">/opt/hostedtoolcache/Python/3.12.3/x64/lib/python3.12/site-packages/urllib3/connectionpool.py:1103: InsecureRequestWarning: Unverified HTTPS request is being made to host 'randomuser.me'. Adding certificate verification is strongly advised. See: https://urllib3.readthedocs.io/en/latest/advanced-usage.html#tls-warnings
  warnings.warn(</msg>
<msg time="2024-05-12T14:12:47.224673" level="INFO">${response} = &lt;Response [200]&gt;</msg>
<var>${response}</var>
<arg>consultarAPI</arg>
<arg>/api</arg>
<doc>Sends a GET request on a previously created HTTP Session.</doc>
<status status="PASS" start="2024-05-12T14:12:46.980363" elapsed="0.244352"/>
</kw>
<kw name="Should Be Equal As Numbers" owner="BuiltIn">
<msg time="2024-05-12T14:12:47.225734" level="INFO">Argument types are:
&lt;class 'int'&gt;
&lt;class 'str'&gt;</msg>
<arg>${response.status_code}</arg>
<arg>200</arg>
<doc>Fails if objects are unequal after converting them to real numbers.</doc>
<status status="PASS" start="2024-05-12T14:12:47.225265" elapsed="0.000535"/>
</kw>
<kw name="Log" owner="BuiltIn">
<msg time="2024-05-12T14:12:47.226506" level="INFO">200</msg>
<arg>${response.status_code}</arg>
<doc>Logs the given message with the given level.</doc>
<status status="PASS" start="2024-05-12T14:12:47.226141" elapsed="0.000409"/>
</kw>
<kw name="Set Variable" owner="BuiltIn">
<msg time="2024-05-12T14:12:47.227337" level="INFO">${json_data} = {'results': [{'gender': 'male', 'name': {'title': 'Mr', 'first': 'Orinder', 'last': 'Pai'}, 'location': {'street': {'number': 6062, 'name': 'Lamington Rd'}, 'city': 'Bettiah', 'state': 'Uttarakhand', ...</msg>
<var>${json_data}</var>
<arg>${response.json()}</arg>
<doc>Returns the given values which can then be assigned to a variables.</doc>
<status status="PASS" start="2024-05-12T14:12:47.226877" elapsed="0.000489"/>
</kw>
<kw name="Dictionary Should Contain Key" owner="Collections">
<msg time="2024-05-12T14:12:47.227894" level="INFO">False</msg>
<arg>${json_data}</arg>
<arg>results</arg>
<doc>Fails if ``key`` is not found from ``dictionary``.</doc>
<status status="PASS" start="2024-05-12T14:12:47.227697" elapsed="0.000238"/>
</kw>
<status status="PASS" start="2024-05-12T14:12:46.980120" elapsed="0.248089"/>
</kw>
<doc>Testa se a API responde corretamente e retorna um objeto JSON válido.</doc>
<tag>testeRequisicaoBasica</tag>
<status status="PASS" start="2024-05-12T14:12:46.979616" elapsed="0.248784"/>
</test>
<test id="s1-s1-t3" name="Validar estrutura de resposta" line="22">
<kw name="Teste de Estrutura de Resposta" owner="random-user-service">
<kw name="GET On Session" owner="RequestsLibrary">
<msg time="2024-05-12T14:12:47.332689" level="INFO">GET Request : url=https://randomuser.me/api 
 path_url=/api 
 headers={'User-Agent': 'python-requests/2.31.0', 'Accept-Encoding': 'gzip, deflate', 'Accept': '*/*', 'Connection': 'keep-alive'} 
 body=None 
 </msg>
<msg time="2024-05-12T14:12:47.332785" level="INFO">GET Response : url=https://randomuser.me/api 
 status=200, reason=OK 
 headers={'Date': 'Sun, 12 May 2024 14:12:47 GMT', 'Content-Type': 'application/json; charset=utf-8', 'Transfer-Encoding': 'chunked', 'Connection': 'keep-alive', 'X-Powered-By': 'Express', 'Access-Control-Allow-Origin': '*', 'Cache-Control': 'no-cache', 'ETag': 'W/"48e-meRq/OZUe9+NqvP+J7scgL5pmRs"', 'Vary': 'Accept-Encoding', 'Content-Encoding': 'gzip', 'CF-Cache-Status': 'DYNAMIC', 'Report-To': '{"endpoints":[{"url":"https:\\/\\/a.nel.cloudflare.com\\/report\\/v4?s=PAFYiTaqK5iEbQ22ibmB6Kftwg2af%2FMZcrZCNNw%2Fpu1Vp65NCX%2BL3bPzKIaJr6aPwtLUAe84Fm53W9igD47T5ZwfPx0HSFyHKO80v0VP%2BDrdm2n4mN4pOjGRq8L2tlec"}],"group":"cf-nel","max_age":604800}', 'NEL': '{"success_fraction":0,"report_to":"cf-nel","max_age":604800}', 'Server': 'cloudflare', 'CF-RAY': '882b01733e792ede-LAX', 'alt-svc': 'h3=":443"; ma=86400'} 
 body={"results":[{"gender":"male","name":{"title":"Mr","first":"Herculano","last":"Rodrigues"},"location":{"street":{"number":7108,"name":"Avenida Brasil "},"city":"Ubá","state":"Maranhão","country":"Brazil","postcode":30779,"coordinates":{"latitude":"-77.3702","longitude":"-155.8461"},"timezone":{"offset":"-3:30","description":"Newfoundland"}},"email":"herculano.rodrigues@example.com","login":{"uuid":"7d4b0f53-fe7c-4685-871a-d72cddeba354","username":"beautifulostrich858","password":"iawgk2","salt":"94EWAHwr","md5":"c004e9833e5cb560c2fd92df44302f1c","sha1":"4ec7402a10103696ec1f32f2cfe3983be63715c6","sha256":"1c8f5c4b32d0330fda5e9de9020213c1b6b28627366bb5cdfa6156b676111b93"},"dob":{"date":"1969-10-23T16:56:31.974Z","age":54},"registered":{"date":"2005-01-13T18:06:47.488Z","age":19},"phone":"(88) 9762-3297","cell":"(75) 0813-2144","id":{"name":"CPF","value":"449.148.589-34"},"picture":{"large":"https://randomuser.me/api/portraits/men/77.jpg","medium":"https://randomuser.me/api/portraits/med/men/77.jpg","thumbnail":"https://randomuser.me/api/portraits/thumb/men/77.jpg"},"nat":"BR"}],"info":{"seed":"e967901c105ec683","results":1,"page":1,"version":"1.4"}} 
 </msg>
<msg time="2024-05-12T14:12:47.332911" level="INFO">/opt/hostedtoolcache/Python/3.12.3/x64/lib/python3.12/site-packages/urllib3/connectionpool.py:1103: InsecureRequestWarning: Unverified HTTPS request is being made to host 'randomuser.me'. Adding certificate verification is strongly advised. See: https://urllib3.readthedocs.io/en/latest/advanced-usage.html#tls-warnings
  warnings.warn(</msg>
<msg time="2024-05-12T14:12:47.333029" level="INFO">${response} = &lt;Response [200]&gt;</msg>
<var>${response}</var>
<arg>consultarAPI</arg>
<arg>/api</arg>
<doc>Sends a GET request on a previously created HTTP Session.</doc>
<status status="PASS" start="2024-05-12T14:12:47.231049" elapsed="0.102015"/>
</kw>
<kw name="Set Variable" owner="BuiltIn">
<msg time="2024-05-12T14:12:47.334138" level="INFO">${json_data} = {'results': [{'gender': 'male', 'name': {'title': 'Mr', 'first': 'Herculano', 'last': 'Rodrigues'}, 'location': {'street': {'number': 7108, 'name': 'Avenida Brasil '}, 'city': 'Ubá', 'state': 'Maranhã...</msg>
<var>${json_data}</var>
<arg>${response.json()}</arg>
<doc>Returns the given values which can then be assigned to a variables.</doc>
<status status="PASS" start="2024-05-12T14:12:47.333611" elapsed="0.000558"/>
</kw>
<kw name="Log" owner="BuiltIn">
<msg time="2024-05-12T14:12:47.334656" level="INFO">{'results': [{'gender': 'male', 'name': {'title': 'Mr', 'first': 'Herculano', 'last': 'Rodrigues'}, 'location': {'street': {'number': 7108, 'name': 'Avenida Brasil '}, 'city': 'Ubá', 'state': 'Maranhão', 'country': 'Brazil', 'postcode': 30779, 'coordinates': {'latitude': '-77.3702', 'longitude': '-155.8461'}, 'timezone': {'offset': '-3:30', 'description': 'Newfoundland'}}, 'email': 'herculano.rodrigues@example.com', 'login': {'uuid': '7d4b0f53-fe7c-4685-871a-d72cddeba354', 'username': 'beautifulostrich858', 'password': 'iawgk2', 'salt': '94EWAHwr', 'md5': 'c004e9833e5cb560c2fd92df44302f1c', 'sha1': '4ec7402a10103696ec1f32f2cfe3983be63715c6', 'sha256': '1c8f5c4b32d0330fda5e9de9020213c1b6b28627366bb5cdfa6156b676111b93'}, 'dob': {'date': '1969-10-23T16:56:31.974Z', 'age': 54}, 'registered': {'date': '2005-01-13T18:06:47.488Z', 'age': 19}, 'phone': '(88) 9762-3297', 'cell': '(75) 0813-2144', 'id': {'name': 'CPF', 'value': '449.148.589-34'}, 'picture': {'large': 'https://randomuser.me/api/portraits/men/77.jpg', 'medium': 'https://randomuser.me/api/portraits/med/men/77.jpg', 'thumbnail': 'https://randomuser.me/api/portraits/thumb/men/77.jpg'}, 'nat': 'BR'}], 'info': {'seed': 'e967901c105ec683', 'results': 1, 'page': 1, 'version': '1.4'}}</msg>
<arg>${json_data}</arg>
<doc>Logs the given message with the given level.</doc>
<status status="PASS" start="2024-05-12T14:12:47.334483" elapsed="0.000223"/>
</kw>
<kw name="Dictionary Should Contain Key" owner="Collections">
<msg time="2024-05-12T14:12:47.335171" level="INFO">False</msg>
<arg>${json_data}</arg>
<arg>results</arg>
<doc>Fails if ``key`` is not found from ``dictionary``.</doc>
<status status="PASS" start="2024-05-12T14:12:47.335005" elapsed="0.000204"/>
</kw>
<kw name="Should Not Be Empty" owner="BuiltIn">
<msg time="2024-05-12T14:12:47.335638" level="INFO">Length is 2.</msg>
<arg>${json_data}</arg>
<doc>Verifies that the given item is not empty.</doc>
<status status="PASS" start="2024-05-12T14:12:47.335506" elapsed="0.000405"/>
</kw>
<kw name="Create List" owner="BuiltIn">
<msg time="2024-05-12T14:12:47.336385" level="INFO">${expected_keys} = ['gender', 'name', 'location', 'email', 'login']</msg>
<var>${expected_keys}</var>
<arg>gender</arg>
<arg>name</arg>
<arg>location</arg>
<arg>email</arg>
<arg>login</arg>
<doc>Returns a list containing given items.</doc>
<status status="PASS" start="2024-05-12T14:12:47.336229" elapsed="0.000180"/>
</kw>
<for flavor="IN">
<iter>
<kw name="Dictionary Should Contain Key" owner="Collections">
<msg time="2024-05-12T14:12:47.337416" level="INFO">False</msg>
<arg>${json_data['results'][0]}</arg>
<arg>${key}</arg>
<doc>Fails if ``key`` is not found from ``dictionary``.</doc>
<status status="PASS" start="2024-05-12T14:12:47.337005" elapsed="0.000450"/>
</kw>
<kw name="Log" owner="BuiltIn">
<msg time="2024-05-12T14:12:47.338129" level="INFO">{'gender': 'male', 'name': {'title': 'Mr', 'first': 'Herculano', 'last': 'Rodrigues'}, 'location': {'street': {'number': 7108, 'name': 'Avenida Brasil '}, 'city': 'Ubá', 'state': 'Maranhão', 'country': 'Brazil', 'postcode': 30779, 'coordinates': {'latitude': '-77.3702', 'longitude': '-155.8461'}, 'timezone': {'offset': '-3:30', 'description': 'Newfoundland'}}, 'email': 'herculano.rodrigues@example.com', 'login': {'uuid': '7d4b0f53-fe7c-4685-871a-d72cddeba354', 'username': 'beautifulostrich858', 'password': 'iawgk2', 'salt': '94EWAHwr', 'md5': 'c004e9833e5cb560c2fd92df44302f1c', 'sha1': '4ec7402a10103696ec1f32f2cfe3983be63715c6', 'sha256': '1c8f5c4b32d0330fda5e9de9020213c1b6b28627366bb5cdfa6156b676111b93'}, 'dob': {'date': '1969-10-23T16:56:31.974Z', 'age': 54}, 'registered': {'date': '2005-01-13T18:06:47.488Z', 'age': 19}, 'phone': '(88) 9762-3297', 'cell': '(75) 0813-2144', 'id': {'name': 'CPF', 'value': '449.148.589-34'}, 'picture': {'large': 'https://randomuser.me/api/portraits/men/77.jpg', 'medium': 'https://randomuser.me/api/portraits/med/men/77.jpg', 'thumbnail': 'https://randomuser.me/api/portraits/thumb/men/77.jpg'}, 'nat': 'BR'}</msg>
<arg>${json_data['results'][0]}</arg>
<doc>Logs the given message with the given level.</doc>
<status status="PASS" start="2024-05-12T14:12:47.337755" elapsed="0.000424"/>
</kw>
<kw name="Log" owner="BuiltIn">
<msg time="2024-05-12T14:12:47.338612" level="INFO">gender</msg>
<arg>${key}</arg>
<doc>Logs the given message with the given level.</doc>
<status status="PASS" start="2024-05-12T14:12:47.338482" elapsed="0.000167"/>
</kw>
<var name="${key}">gender</var>
<status status="PASS" start="2024-05-12T14:12:47.336876" elapsed="0.001992"/>
</iter>
<iter>
<kw name="Dictionary Should Contain Key" owner="Collections">
<msg time="2024-05-12T14:12:47.339555" level="INFO">False</msg>
<arg>${json_data['results'][0]}</arg>
<arg>${key}</arg>
<doc>Fails if ``key`` is not found from ``dictionary``.</doc>
<status status="PASS" start="2024-05-12T14:12:47.339172" elapsed="0.000421"/>
</kw>
<kw name="Log" owner="BuiltIn">
<msg time="2024-05-12T14:12:47.340336" level="INFO">{'gender': 'male', 'name': {'title': 'Mr', 'first': 'Herculano', 'last': 'Rodrigues'}, 'location': {'street': {'number': 7108, 'name': 'Avenida Brasil '}, 'city': 'Ubá', 'state': 'Maranhão', 'country': 'Brazil', 'postcode': 30779, 'coordinates': {'latitude': '-77.3702', 'longitude': '-155.8461'}, 'timezone': {'offset': '-3:30', 'description': 'Newfoundland'}}, 'email': 'herculano.rodrigues@example.com', 'login': {'uuid': '7d4b0f53-fe7c-4685-871a-d72cddeba354', 'username': 'beautifulostrich858', 'password': 'iawgk2', 'salt': '94EWAHwr', 'md5': 'c004e9833e5cb560c2fd92df44302f1c', 'sha1': '4ec7402a10103696ec1f32f2cfe3983be63715c6', 'sha256': '1c8f5c4b32d0330fda5e9de9020213c1b6b28627366bb5cdfa6156b676111b93'}, 'dob': {'date': '1969-10-23T16:56:31.974Z', 'age': 54}, 'registered': {'date': '2005-01-13T18:06:47.488Z', 'age': 19}, 'phone': '(88) 9762-3297', 'cell': '(75) 0813-2144', 'id': {'name': 'CPF', 'value': '449.148.589-34'}, 'picture': {'large': 'https://randomuser.me/api/portraits/men/77.jpg', 'medium': 'https://randomuser.me/api/portraits/med/men/77.jpg', 'thumbnail': 'https://randomuser.me/api/portraits/thumb/men/77.jpg'}, 'nat': 'BR'}</msg>
<arg>${json_data['results'][0]}</arg>
<doc>Logs the given message with the given level.</doc>
<status status="PASS" start="2024-05-12T14:12:47.339964" elapsed="0.000423"/>
</kw>
<kw name="Log" owner="BuiltIn">
<msg time="2024-05-12T14:12:47.340817" level="INFO">name</msg>
<arg>${key}</arg>
<doc>Logs the given message with the given level.</doc>
<status status="PASS" start="2024-05-12T14:12:47.340689" elapsed="0.000165"/>
</kw>
<var name="${key}">name</var>
<status status="PASS" start="2024-05-12T14:12:47.339058" elapsed="0.002010"/>
</iter>
<iter>
<kw name="Dictionary Should Contain Key" owner="Collections">
<msg time="2024-05-12T14:12:47.341763" level="INFO">False</msg>
<arg>${json_data['results'][0]}</arg>
<arg>${key}</arg>
<doc>Fails if ``key`` is not found from ``dictionary``.</doc>
<status status="PASS" start="2024-05-12T14:12:47.341373" elapsed="0.000428"/>
</kw>
<kw name="Log" owner="BuiltIn">
<msg time="2024-05-12T14:12:47.342464" level="INFO">{'gender': 'male', 'name': {'title': 'Mr', 'first': 'Herculano', 'last': 'Rodrigues'}, 'location': {'street': {'number': 7108, 'name': 'Avenida Brasil '}, 'city': 'Ubá', 'state': 'Maranhão', 'country': 'Brazil', 'postcode': 30779, 'coordinates': {'latitude': '-77.3702', 'longitude': '-155.8461'}, 'timezone': {'offset': '-3:30', 'description': 'Newfoundland'}}, 'email': 'herculano.rodrigues@example.com', 'login': {'uuid': '7d4b0f53-fe7c-4685-871a-d72cddeba354', 'username': 'beautifulostrich858', 'password': 'iawgk2', 'salt': '94EWAHwr', 'md5': 'c004e9833e5cb560c2fd92df44302f1c', 'sha1': '4ec7402a10103696ec1f32f2cfe3983be63715c6', 'sha256': '1c8f5c4b32d0330fda5e9de9020213c1b6b28627366bb5cdfa6156b676111b93'}, 'dob': {'date': '1969-10-23T16:56:31.974Z', 'age': 54}, 'registered': {'date': '2005-01-13T18:06:47.488Z', 'age': 19}, 'phone': '(88) 9762-3297', 'cell': '(75) 0813-2144', 'id': {'name': 'CPF', 'value': '449.148.589-34'}, 'picture': {'large': 'https://randomuser.me/api/portraits/men/77.jpg', 'medium': 'https://randomuser.me/api/portraits/med/men/77.jpg', 'thumbnail': 'https://randomuser.me/api/portraits/thumb/men/77.jpg'}, 'nat': 'BR'}</msg>
<arg>${json_data['results'][0]}</arg>
<doc>Logs the given message with the given level.</doc>
<status status="PASS" start="2024-05-12T14:12:47.342099" elapsed="0.000414"/>
</kw>
<kw name="Log" owner="BuiltIn">
<msg time="2024-05-12T14:12:47.342932" level="INFO">location</msg>
<arg>${key}</arg>
<doc>Logs the given message with the given level.</doc>
<status status="PASS" start="2024-05-12T14:12:47.342806" elapsed="0.000164"/>
</kw>
<var name="${key}">location</var>
<status status="PASS" start="2024-05-12T14:12:47.341256" elapsed="0.001929"/>
</iter>
<iter>
<kw name="Dictionary Should Contain Key" owner="Collections">
<msg time="2024-05-12T14:12:47.343900" level="INFO">False</msg>
<arg>${json_data['results'][0]}</arg>
<arg>${key}</arg>
<doc>Fails if ``key`` is not found from ``dictionary``.</doc>
<status status="PASS" start="2024-05-12T14:12:47.343470" elapsed="0.000468"/>
</kw>
<kw name="Log" owner="BuiltIn">
<msg time="2024-05-12T14:12:47.344607" level="INFO">{'gender': 'male', 'name': {'title': 'Mr', 'first': 'Herculano', 'last': 'Rodrigues'}, 'location': {'street': {'number': 7108, 'name': 'Avenida Brasil '}, 'city': 'Ubá', 'state': 'Maranhão', 'country': 'Brazil', 'postcode': 30779, 'coordinates': {'latitude': '-77.3702', 'longitude': '-155.8461'}, 'timezone': {'offset': '-3:30', 'description': 'Newfoundland'}}, 'email': 'herculano.rodrigues@example.com', 'login': {'uuid': '7d4b0f53-fe7c-4685-871a-d72cddeba354', 'username': 'beautifulostrich858', 'password': 'iawgk2', 'salt': '94EWAHwr', 'md5': 'c004e9833e5cb560c2fd92df44302f1c', 'sha1': '4ec7402a10103696ec1f32f2cfe3983be63715c6', 'sha256': '1c8f5c4b32d0330fda5e9de9020213c1b6b28627366bb5cdfa6156b676111b93'}, 'dob': {'date': '1969-10-23T16:56:31.974Z', 'age': 54}, 'registered': {'date': '2005-01-13T18:06:47.488Z', 'age': 19}, 'phone': '(88) 9762-3297', 'cell': '(75) 0813-2144', 'id': {'name': 'CPF', 'value': '449.148.589-34'}, 'picture': {'large': 'https://randomuser.me/api/portraits/men/77.jpg', 'medium': 'https://randomuser.me/api/portraits/med/men/77.jpg', 'thumbnail': 'https://randomuser.me/api/portraits/thumb/men/77.jpg'}, 'nat': 'BR'}</msg>
<arg>${json_data['results'][0]}</arg>
<doc>Logs the given message with the given level.</doc>
<status status="PASS" start="2024-05-12T14:12:47.344238" elapsed="0.000418"/>
</kw>
<kw name="Log" owner="BuiltIn">
<msg time="2024-05-12T14:12:47.345087" level="INFO">email</msg>
<arg>${key}</arg>
<doc>Logs the given message with the given level.</doc>
<status status="PASS" start="2024-05-12T14:12:47.344961" elapsed="0.000163"/>
</kw>
<var name="${key}">email</var>
<status status="PASS" start="2024-05-12T14:12:47.343360" elapsed="0.001976"/>
</iter>
<iter>
<kw name="Dictionary Should Contain Key" owner="Collections">
<msg time="2024-05-12T14:12:47.346011" level="INFO">False</msg>
<arg>${json_data['results'][0]}</arg>
<arg>${key}</arg>
<doc>Fails if ``key`` is not found from ``dictionary``.</doc>
<status status="PASS" start="2024-05-12T14:12:47.345619" elapsed="0.000430"/>
</kw>
<kw name="Log" owner="BuiltIn">
<msg time="2024-05-12T14:12:47.346708" level="INFO">{'gender': 'male', 'name': {'title': 'Mr', 'first': 'Herculano', 'last': 'Rodrigues'}, 'location': {'street': {'number': 7108, 'name': 'Avenida Brasil '}, 'city': 'Ubá', 'state': 'Maranhão', 'country': 'Brazil', 'postcode': 30779, 'coordinates': {'latitude': '-77.3702', 'longitude': '-155.8461'}, 'timezone': {'offset': '-3:30', 'description': 'Newfoundland'}}, 'email': 'herculano.rodrigues@example.com', 'login': {'uuid': '7d4b0f53-fe7c-4685-871a-d72cddeba354', 'username': 'beautifulostrich858', 'password': 'iawgk2', 'salt': '94EWAHwr', 'md5': 'c004e9833e5cb560c2fd92df44302f1c', 'sha1': '4ec7402a10103696ec1f32f2cfe3983be63715c6', 'sha256': '1c8f5c4b32d0330fda5e9de9020213c1b6b28627366bb5cdfa6156b676111b93'}, 'dob': {'date': '1969-10-23T16:56:31.974Z', 'age': 54}, 'registered': {'date': '2005-01-13T18:06:47.488Z', 'age': 19}, 'phone': '(88) 9762-3297', 'cell': '(75) 0813-2144', 'id': {'name': 'CPF', 'value': '449.148.589-34'}, 'picture': {'large': 'https://randomuser.me/api/portraits/men/77.jpg', 'medium': 'https://randomuser.me/api/portraits/med/men/77.jpg', 'thumbnail': 'https://randomuser.me/api/portraits/thumb/men/77.jpg'}, 'nat': 'BR'}</msg>
<arg>${json_data['results'][0]}</arg>
<doc>Logs the given message with the given level.</doc>
<status status="PASS" start="2024-05-12T14:12:47.346343" elapsed="0.000414"/>
</kw>
<kw name="Log" owner="BuiltIn">
<msg time="2024-05-12T14:12:47.347178" level="INFO">login</msg>
<arg>${key}</arg>
<doc>Logs the given message with the given level.</doc>
<status status="PASS" start="2024-05-12T14:12:47.347051" elapsed="0.000167"/>
</kw>
<var name="${key}">login</var>
<status status="PASS" start="2024-05-12T14:12:47.345511" elapsed="0.001951"/>
</iter>
<var>${key}</var>
<value>@{expected_keys}</value>
<status status="PASS" start="2024-05-12T14:12:47.336672" elapsed="0.010915"/>
</for>
<kw name="Create List" owner="BuiltIn">
<msg time="2024-05-12T14:12:47.347962" level="INFO">${expected_keysTwo} = ['username', 'password']</msg>
<var>${expected_keysTwo}</var>
<arg>username</arg>
<arg>password</arg>
<doc>Returns a list containing given items.</doc>
<status status="PASS" start="2024-05-12T14:12:47.347810" elapsed="0.000175"/>
</kw>
<for flavor="IN">
<iter>
<kw name="Dictionary Should Contain Key" owner="Collections">
<msg time="2024-05-12T14:12:47.348882" level="INFO">False</msg>
<arg>${json_data['results'][0]['login']}</arg>
<arg>${keyTwo}</arg>
<doc>Fails if ``key`` is not found from ``dictionary``.</doc>
<status status="PASS" start="2024-05-12T14:12:47.348488" elapsed="0.000432"/>
</kw>
<kw name="Dictionary Should Contain Key" owner="Collections">
<msg time="2024-05-12T14:12:47.349610" level="INFO">False</msg>
<arg>${json_data['results'][0]['login']}</arg>
<arg>${keyTwo}</arg>
<doc>Fails if ``key`` is not found from ``dictionary``.</doc>
<status status="PASS" start="2024-05-12T14:12:47.349219" elapsed="0.000429"/>
</kw>
<kw name="Log" owner="BuiltIn">
<msg time="2024-05-12T14:12:47.350072" level="INFO">username</msg>
<arg>${keyTwo}</arg>
<doc>Logs the given message with the given level.</doc>
<status status="PASS" start="2024-05-12T14:12:47.349944" elapsed="0.000171"/>
</kw>
<var name="${keyTwo}">username</var>
<status status="PASS" start="2024-05-12T14:12:47.348379" elapsed="0.001961"/>
</iter>
<iter>
<kw name="Dictionary Should Contain Key" owner="Collections">
<msg time="2024-05-12T14:12:47.351103" level="INFO">False</msg>
<arg>${json_data['results'][0]['login']}</arg>
<arg>${keyTwo}</arg>
<doc>Fails if ``key`` is not found from ``dictionary``.</doc>
<status status="PASS" start="2024-05-12T14:12:47.350628" elapsed="0.000516"/>
</kw>
<kw name="Dictionary Should Contain Key" owner="Collections">
<msg time="2024-05-12T14:12:47.351870" level="INFO">False</msg>
<arg>${json_data['results'][0]['login']}</arg>
<arg>${keyTwo}</arg>
<doc>Fails if ``key`` is not found from ``dictionary``.</doc>
<status status="PASS" start="2024-05-12T14:12:47.351444" elapsed="0.000472"/>
</kw>
<kw name="Log" owner="BuiltIn">
<msg time="2024-05-12T14:12:47.352348" level="INFO">password</msg>
<arg>${keyTwo}</arg>
<doc>Logs the given message with the given level.</doc>
<status status="PASS" start="2024-05-12T14:12:47.352218" elapsed="0.000167"/>
</kw>
<var name="${keyTwo}">password</var>
<status status="PASS" start="2024-05-12T14:12:47.350518" elapsed="0.002086"/>
</iter>
<var>${keyTwo}</var>
<value>@{expected_keysTwo}</value>
<status status="PASS" start="2024-05-12T14:12:47.348227" elapsed="0.004497"/>
</for>
<status status="PASS" start="2024-05-12T14:12:47.230810" elapsed="0.122056"/>
</kw>
<doc>Testa a estrutura da resposta da API.</doc>
<tag>testeEstruturaResposta</tag>
<status status="PASS" start="2024-05-12T14:12:47.230286" elapsed="0.122737"/>
</test>
<test id="s1-s1-t4" name="Validar tipos de dados" line="28">
<kw name="Teste de Tipos de Dados" owner="random-user-service">
<kw name="GET On Session" owner="RequestsLibrary">
<msg time="2024-05-12T14:12:47.449187" level="INFO">GET Request : url=https://randomuser.me/api 
 path_url=/api 
 headers={'User-Agent': 'python-requests/2.31.0', 'Accept-Encoding': 'gzip, deflate', 'Accept': '*/*', 'Connection': 'keep-alive'} 
 body=None 
 </msg>
<msg time="2024-05-12T14:12:47.449297" level="INFO">GET Response : url=https://randomuser.me/api 
 status=200, reason=OK 
 headers={'Date': 'Sun, 12 May 2024 14:12:47 GMT', 'Content-Type': 'application/json; charset=utf-8', 'Transfer-Encoding': 'chunked', 'Connection': 'keep-alive', 'X-Powered-By': 'Express', 'Access-Control-Allow-Origin': '*', 'Cache-Control': 'no-cache', 'ETag': 'W/"49a-lEQ88ovMDmidY5TDI3mcR1kOT44"', 'Vary': 'Accept-Encoding', 'Content-Encoding': 'gzip', 'CF-Cache-Status': 'DYNAMIC', 'Report-To': '{"endpoints":[{"url":"https:\\/\\/a.nel.cloudflare.com\\/report\\/v4?s=OK8fA27fVroEbiRuhx9vuDfKt4sRR3XrtM40GYBKMsLPLACa0tPppkLZHYYoA8mqz%2BgdIsC3dFj4dDsVdspWLsQUqlveRxkxpq5veCpZtBOO8ehhANVyK3KULVV8uq7x"}],"group":"cf-nel","max_age":604800}', 'NEL': '{"success_fraction":0,"report_to":"cf-nel","max_age":604800}', 'Server': 'cloudflare', 'CF-RAY': '882b0173ff642ede-LAX', 'alt-svc': 'h3=":443"; ma=86400'} 
 body={"results":[{"gender":"female","name":{"title":"Miss","first":"یسنا","last":"کامروا"},"location":{"street":{"number":3027,"name":"بلال حبشی"},"city":"پاکدشت","state":"اردبیل","country":"Iran","postcode":99410,"coordinates":{"latitude":"17.5256","longitude":"73.4018"},"timezone":{"offset":"+8:00","description":"Beijing, Perth, Singapore, Hong Kong"}},"email":"ysn.khmrw@example.com","login":{"uuid":"fc4d42d1-f3d9-4dfc-a8b4-5756f22251d4","username":"crazyfrog544","password":"pinkfloyd","salt":"m1LZ0XAG","md5":"b6d7c548bcdbd1cac9f37231f028b2ea","sha1":"4f497069852452d5623827489df313f87513986e","sha256":"2a9046cd36b2ca31d0f031249eb42998e11e3a5c0327783860511ab28936e896"},"dob":{"date":"1963-05-05T00:39:39.643Z","age":61},"registered":{"date":"2010-12-29T03:02:04.623Z","age":13},"phone":"011-13082358","cell":"0935-914-0214","id":{"name":"","value":null},"picture":{"large":"https://randomuser.me/api/portraits/women/95.jpg","medium":"https://randomuser.me/api/portraits/med/women/95.jpg","thumbnail":"https://randomuser.me/api/portraits/thumb/women/95.jpg"},"nat":"IR"}],"info":{"seed":"fafc36153fd5fb68","results":1,"page":1,"version":"1.4"}} 
 </msg>
<msg time="2024-05-12T14:12:47.449385" level="INFO">/opt/hostedtoolcache/Python/3.12.3/x64/lib/python3.12/site-packages/urllib3/connectionpool.py:1103: InsecureRequestWarning: Unverified HTTPS request is being made to host 'randomuser.me'. Adding certificate verification is strongly advised. See: https://urllib3.readthedocs.io/en/latest/advanced-usage.html#tls-warnings
  warnings.warn(</msg>
<msg time="2024-05-12T14:12:47.449519" level="INFO">${response} = &lt;Response [200]&gt;</msg>
<var>${response}</var>
<arg>consultarAPI</arg>
<arg>/api</arg>
<doc>Sends a GET request on a previously created HTTP Session.</doc>
<status status="PASS" start="2024-05-12T14:12:47.355613" elapsed="0.093955"/>
</kw>
<kw name="Set Variable" owner="BuiltIn">
<msg time="2024-05-12T14:12:47.450638" level="INFO">${json_data} = {'results': [{'gender': 'female', 'name': {'title': 'Miss', 'first': 'یسنا', 'last': 'کامروا'}, 'location': {'street': {'number': 3027, 'name': 'بلال حبشی'}, 'city': 'پاکدشت', 'state': 'اردبیل', 'coun...</msg>
<var>${json_data}</var>
<arg>${response.json()}</arg>
<doc>Returns the given values which can then be assigned to a variables.</doc>
<status status="PASS" start="2024-05-12T14:12:47.450101" elapsed="0.000569"/>
</kw>
<kw name="Log" owner="BuiltIn">
<msg time="2024-05-12T14:12:47.451153" level="INFO">{'results': [{'gender': 'female', 'name': {'title': 'Miss', 'first': 'یسنا', 'last': 'کامروا'}, 'location': {'street': {'number': 3027, 'name': 'بلال حبشی'}, 'city': 'پاکدشت', 'state': 'اردبیل', 'country': 'Iran', 'postcode': 99410, 'coordinates': {'latitude': '17.5256', 'longitude': '73.4018'}, 'timezone': {'offset': '+8:00', 'description': 'Beijing, Perth, Singapore, Hong Kong'}}, 'email': 'ysn.khmrw@example.com', 'login': {'uuid': 'fc4d42d1-f3d9-4dfc-a8b4-5756f22251d4', 'username': 'crazyfrog544', 'password': 'pinkfloyd', 'salt': 'm1LZ0XAG', 'md5': 'b6d7c548bcdbd1cac9f37231f028b2ea', 'sha1': '4f497069852452d5623827489df313f87513986e', 'sha256': '2a9046cd36b2ca31d0f031249eb42998e11e3a5c0327783860511ab28936e896'}, 'dob': {'date': '1963-05-05T00:39:39.643Z', 'age': 61}, 'registered': {'date': '2010-12-29T03:02:04.623Z', 'age': 13}, 'phone': '011-13082358', 'cell': '0935-914-0214', 'id': {'name': '', 'value': None}, 'picture': {'large': 'https://randomuser.me/api/portraits/women/95.jpg', 'medium': 'https://randomuser.me/api/portraits/med/women/95.jpg', 'thumbnail': 'https://randomuser.me/api/portraits/thumb/women/95.jpg'}, 'nat': 'IR'}], 'info': {'seed': 'fafc36153fd5fb68', 'results': 1, 'page': 1, 'version': '1.4'}}</msg>
<arg>${json_data}</arg>
<doc>Logs the given message with the given level.</doc>
<status status="PASS" start="2024-05-12T14:12:47.450986" elapsed="0.000253"/>
</kw>
<kw name="Should Be String" owner="String">
<arg>${json_data['results'][0]['gender']}</arg>
<doc>Fails if the given ``item`` is not a string.</doc>
<status status="PASS" start="2024-05-12T14:12:47.451543" elapsed="0.000431"/>
</kw>
<kw name="Should Match Regexp" owner="BuiltIn">
<arg>${json_data['results'][0]['email']}</arg>
<arg>^[a-zA-Z0-9._%+-]+@[a-zA-Z0-9.-]+\.[a-zA-Z]{2,}$</arg>
<doc>Fails if ``string`` does not match ``pattern`` as a regular expression.</doc>
<status status="PASS" start="2024-05-12T14:12:47.452172" elapsed="0.000520"/>
</kw>
<kw name="Should Match Regexp" owner="BuiltIn">
<arg>${json_data['results'][0]['dob']['date']}</arg>
<arg>\\d{4}-\\d{2}-\\d{2}T\\d{2}:\\d{2}:\\d{2}\\.\\d{3}Z</arg>
<doc>Fails if ``string`` does not match ``pattern`` as a regular expression.</doc>
<status status="PASS" start="2024-05-12T14:12:47.452891" elapsed="0.000493"/>
</kw>
<kw name="Should Match Regexp" owner="BuiltIn">
<arg>${json_data['results'][0]['registered']['date']}</arg>
<arg>\\d{4}-\\d{2}-\\d{2}T\\d{2}:\\d{2}:\\d{2}\\.\\d{3}Z</arg>
<doc>Fails if ``string`` does not match ``pattern`` as a regular expression.</doc>
<status status="PASS" start="2024-05-12T14:12:47.453578" elapsed="0.000374"/>
</kw>
<kw name="Should Match Regexp" owner="BuiltIn">
<arg>${json_data['results'][0]['picture']['large']}</arg>
<arg>^https?://.*\.(?:png|jpe?g|gif|bmp)$</arg>
<doc>Fails if ``string`` does not match ``pattern`` as a regular expression.</doc>
<status status="PASS" start="2024-05-12T14:12:47.454148" elapsed="0.000459"/>
</kw>
<kw name="Should Match Regexp" owner="BuiltIn">
<arg>${json_data['results'][0]['picture']['medium']}</arg>
<arg>^https?://.*\.(?:png|jpe?g|gif|bmp)$</arg>
<doc>Fails if ``string`` does not match ``pattern`` as a regular expression.</doc>
<status status="PASS" start="2024-05-12T14:12:47.454795" elapsed="0.000359"/>
</kw>
<kw name="Should Match Regexp" owner="BuiltIn">
<arg>${json_data['results'][0]['picture']['thumbnail']}</arg>
<arg>^https?://.*\.(?:png|jpe?g|gif|bmp)$</arg>
<doc>Fails if ``string`` does not match ``pattern`` as a regular expression.</doc>
<status status="PASS" start="2024-05-12T14:12:47.455342" elapsed="0.000351"/>
</kw>
<kw name="Log" owner="BuiltIn">
<msg time="2024-05-12T14:12:47.456229" level="INFO">{'large': 'https://randomuser.me/api/portraits/women/95.jpg', 'medium': 'https://randomuser.me/api/portraits/med/women/95.jpg', 'thumbnail': 'https://randomuser.me/api/portraits/thumb/women/95.jpg'}</msg>
<arg>${json_data['results'][0]['picture']}</arg>
<doc>Logs the given message with the given level.</doc>
<status status="PASS" start="2024-05-12T14:12:47.455907" elapsed="0.000363"/>
</kw>
<status status="PASS" start="2024-05-12T14:12:47.355385" elapsed="0.101146"/>
</kw>
<kw name="Teste de Tipos de Dados - Postcode" owner="random-user-service">
<kw name="GET On Session" owner="RequestsLibrary">
<msg time="2024-05-12T14:12:47.757887" level="INFO">GET Request : url=https://randomuser.me/api 
 path_url=/api 
 headers={'User-Agent': 'python-requests/2.31.0', 'Accept-Encoding': 'gzip, deflate', 'Accept': '*/*', 'Connection': 'keep-alive'} 
 body=None 
 </msg>
<msg time="2024-05-12T14:12:47.758000" level="INFO">GET Response : url=https://randomuser.me/api 
 status=200, reason=OK 
 headers={'Date': 'Sun, 12 May 2024 14:12:47 GMT', 'Content-Type': 'application/json; charset=utf-8', 'Transfer-Encoding': 'chunked', 'Connection': 'keep-alive', 'X-Powered-By': 'Express', 'Access-Control-Allow-Origin': '*', 'Cache-Control': 'no-cache', 'ETag': 'W/"48c-aSQpF4caAMl67k5Hp2Tvf4XIeS4"', 'Vary': 'Accept-Encoding', 'Content-Encoding': 'gzip', 'CF-Cache-Status': 'DYNAMIC', 'Report-To': '{"endpoints":[{"url":"https:\\/\\/a.nel.cloudflare.com\\/report\\/v4?s=qTqf2KdmgwK2%2FnaoWL1Wfat1OwT4nERkvBIfgJKbiMsK1WAPIVfxuVj0jhtzr13RERrdpfel2lpxe%2BlVoZHMWozr8ocOamhTE8SYQs4QohOq3WRZbGWyEteIsSMtBN3j"}],"group":"cf-nel","max_age":604800}', 'NEL': '{"success_fraction":0,"report_to":"cf-nel","max_age":604800}', 'Server': 'cloudflare', 'CF-RAY': '882b0174a8722ede-LAX', 'alt-svc': 'h3=":443"; ma=86400'} 
 body={"results":[{"gender":"male","name":{"title":"Mr","first":"Chandran","last":"Rai"},"location":{"street":{"number":3308,"name":"Ratha Bheedi"},"city":"Guntakal","state":"Chandigarh","country":"India","postcode":30986,"coordinates":{"latitude":"12.0768","longitude":"-138.2177"},"timezone":{"offset":"-4:00","description":"Atlantic Time (Canada), Caracas, La Paz"}},"email":"chandran.rai@example.com","login":{"uuid":"4b45c523-42a5-41d3-bd8d-16dc2a555c3c","username":"lazysnake174","password":"sunrise","salt":"phNtf2o9","md5":"0cee49ea99b324450de3e9792fe63472","sha1":"a995c77a674455e120a06d1addcee8620c8f21ef","sha256":"335c39420a13fb962b76f673f30d0b6475601413a07c35a151ee47081ed604f6"},"dob":{"date":"1967-05-26T19:30:01.281Z","age":56},"registered":{"date":"2019-05-15T20:53:30.788Z","age":4},"phone":"7633371722","cell":"9264027681","id":{"name":"UIDAI","value":"847025749590"},"picture":{"large":"https://randomuser.me/api/portraits/men/76.jpg","medium":"https://randomuser.me/api/portraits/med/men/76.jpg","thumbnail":"https://randomuser.me/api/portraits/thumb/men/76.jpg"},"nat":"IN"}],"info":{"seed":"16504f44f91f613a","results":1,"page":1,"version":"1.4"}} 
 </msg>
<msg time="2024-05-12T14:12:47.758086" level="INFO">/opt/hostedtoolcache/Python/3.12.3/x64/lib/python3.12/site-packages/urllib3/connectionpool.py:1103: InsecureRequestWarning: Unverified HTTPS request is being made to host 'randomuser.me'. Adding certificate verification is strongly advised. See: https://urllib3.readthedocs.io/en/latest/advanced-usage.html#tls-warnings
  warnings.warn(</msg>
<msg time="2024-05-12T14:12:47.758220" level="INFO">${response} = &lt;Response [200]&gt;</msg>
<var>${response}</var>
<arg>consultarAPI</arg>
<arg>/api</arg>
<doc>Sends a GET request on a previously created HTTP Session.</doc>
<status status="PASS" start="2024-05-12T14:12:47.456993" elapsed="0.301268"/>
</kw>
<kw name="Set Variable" owner="BuiltIn">
<msg time="2024-05-12T14:12:47.759306" level="INFO">${json_data} = {'results': [{'gender': 'male', 'name': {'title': 'Mr', 'first': 'Chandran', 'last': 'Rai'}, 'location': {'street': {'number': 3308, 'name': 'Ratha Bheedi'}, 'city': 'Guntakal', 'state': 'Chandigarh',...</msg>
<var>${json_data}</var>
<arg>${response.json()}</arg>
<doc>Returns the given values which can then be assigned to a variables.</doc>
<status status="PASS" start="2024-05-12T14:12:47.758783" elapsed="0.000550"/>
</kw>
<kw name="Log" owner="BuiltIn">
<msg time="2024-05-12T14:12:47.759842" level="INFO">{'results': [{'gender': 'male', 'name': {'title': 'Mr', 'first': 'Chandran', 'last': 'Rai'}, 'location': {'street': {'number': 3308, 'name': 'Ratha Bheedi'}, 'city': 'Guntakal', 'state': 'Chandigarh', 'country': 'India', 'postcode': 30986, 'coordinates': {'latitude': '12.0768', 'longitude': '-138.2177'}, 'timezone': {'offset': '-4:00', 'description': 'Atlantic Time (Canada), Caracas, La Paz'}}, 'email': 'chandran.rai@example.com', 'login': {'uuid': '4b45c523-42a5-41d3-bd8d-16dc2a555c3c', 'username': 'lazysnake174', 'password': 'sunrise', 'salt': 'phNtf2o9', 'md5': '0cee49ea99b324450de3e9792fe63472', 'sha1': 'a995c77a674455e120a06d1addcee8620c8f21ef', 'sha256': '335c39420a13fb962b76f673f30d0b6475601413a07c35a151ee47081ed604f6'}, 'dob': {'date': '1967-05-26T19:30:01.281Z', 'age': 56}, 'registered': {'date': '2019-05-15T20:53:30.788Z', 'age': 4}, 'phone': '7633371722', 'cell': '9264027681', 'id': {'name': 'UIDAI', 'value': '847025749590'}, 'picture': {'large': 'https://randomuser.me/api/portraits/men/76.jpg', 'medium': 'https://randomuser.me/api/portraits/med/men/76.jpg', 'thumbnail': 'https://randomuser.me/api/portraits/thumb/men/76.jpg'}, 'nat': 'IN'}], 'info': {'seed': '16504f44f91f613a', 'results': 1, 'page': 1, 'version': '1.4'}}</msg>
<arg>${json_data}</arg>
<doc>Logs the given message with the given level.</doc>
<status status="PASS" start="2024-05-12T14:12:47.759643" elapsed="0.000288"/>
</kw>
<kw name="Should Be Equal As Numbers" owner="BuiltIn">
<arg>${json_data['results'][0]['location']['postcode']}</arg>
<arg>${json_data['results'][0]['location']['postcode']}</arg>
<doc>Fails if objects are unequal after converting them to real numbers.</doc>
<status status="PASS" start="2024-05-12T14:12:47.760432" elapsed="0.000625"/>
</kw>
<kw name="Log" owner="BuiltIn">
<msg time="2024-05-12T14:12:47.761582" level="INFO">30986</msg>
<arg>${json_data['results'][0]['location']['postcode']}</arg>
<doc>Logs the given message with the given level.</doc>
<status status="PASS" start="2024-05-12T14:12:47.761248" elapsed="0.000373"/>
</kw>
<status status="PASS" start="2024-05-12T14:12:47.456764" elapsed="0.305107"/>
</kw>
<doc>Testa se os tipos de dados na resposta da API estão corretos.</doc>
<tag>testeTiposDados</tag>
<status status="PASS" start="2024-05-12T14:12:47.354836" elapsed="0.407203"/>
</test>
<test id="s1-s1-t5" name="Validar conteudo" line="35">
<kw name="Teste de Tipos de Conteudo" owner="random-user-service">
<kw name="GET On Session" owner="RequestsLibrary">
<msg time="2024-05-12T14:12:47.860262" level="INFO">GET Request : url=https://randomuser.me/api 
 path_url=/api 
 headers={'User-Agent': 'python-requests/2.31.0', 'Accept-Encoding': 'gzip, deflate', 'Accept': '*/*', 'Connection': 'keep-alive'} 
 body=None 
 </msg>
<msg time="2024-05-12T14:12:47.860366" level="INFO">GET Response : url=https://randomuser.me/api 
 status=200, reason=OK 
 headers={'Date': 'Sun, 12 May 2024 14:12:47 GMT', 'Content-Type': 'application/json; charset=utf-8', 'Transfer-Encoding': 'chunked', 'Connection': 'keep-alive', 'X-Powered-By': 'Express', 'Access-Control-Allow-Origin': '*', 'Cache-Control': 'no-cache', 'ETag': 'W/"47e-WmcP8JdurCSiYl+qajONbDJKVZg"', 'Vary': 'Accept-Encoding', 'Content-Encoding': 'gzip', 'CF-Cache-Status': 'DYNAMIC', 'Report-To': '{"endpoints":[{"url":"https:\\/\\/a.nel.cloudflare.com\\/report\\/v4?s=AMUNvi1ySYGAEWwZdN2dSsr6jV0o%2BniZP4kY4Prob0y2eH2lGOK78mtWPFml8Q3nXrGqgJ9M%2BnT%2BDwZZn%2FEx4MhtKGIXHbMwf%2B0E7vlOxq1egt0FXa2nAlC5HGu1%2BHgx"}],"group":"cf-nel","max_age":604800}', 'NEL': '{"success_fraction":0,"report_to":"cf-nel","max_age":604800}', 'Server': 'cloudflare', 'CF-RAY': '882b01768b372ede-LAX', 'alt-svc': 'h3=":443"; ma=86400'} 
 body={"results":[{"gender":"female","name":{"title":"Mrs","first":"Samantha","last":"Andrews"},"location":{"street":{"number":1815,"name":"New Street"},"city":"Skerries","state":"Tipperary","country":"Ireland","postcode":17828,"coordinates":{"latitude":"-1.5399","longitude":"60.7855"},"timezone":{"offset":"-2:00","description":"Mid-Atlantic"}},"email":"samantha.andrews@example.com","login":{"uuid":"d06627dd-1e49-4648-ba77-b013f8b6561e","username":"heavypanda146","password":"jarvis","salt":"4qMAsGnP","md5":"51e152c2f0b78d55e1613d57b2bdce75","sha1":"9d5262ec4f5ae59d1eeba7c6948ffd021c2d5ab1","sha256":"5351e13261338dc3aa1c1ec4a53ce37ec30f750a1f3598bea72b9a999652b4eb"},"dob":{"date":"1949-04-25T13:57:14.760Z","age":75},"registered":{"date":"2006-11-08T01:04:58.591Z","age":17},"phone":"041-643-4080","cell":"081-119-1791","id":{"name":"PPS","value":"8875665T"},"picture":{"large":"https://randomuser.me/api/portraits/women/96.jpg","medium":"https://randomuser.me/api/portraits/med/women/96.jpg","thumbnail":"https://randomuser.me/api/portraits/thumb/women/96.jpg"},"nat":"IE"}],"info":{"seed":"b7e4d37169d78ff2","results":1,"page":1,"version":"1.4"}} 
 </msg>
<msg time="2024-05-12T14:12:47.860446" level="INFO">/opt/hostedtoolcache/Python/3.12.3/x64/lib/python3.12/site-packages/urllib3/connectionpool.py:1103: InsecureRequestWarning: Unverified HTTPS request is being made to host 'randomuser.me'. Adding certificate verification is strongly advised. See: https://urllib3.readthedocs.io/en/latest/advanced-usage.html#tls-warnings
  warnings.warn(</msg>
<msg time="2024-05-12T14:12:47.860550" level="INFO">${response} = &lt;Response [200]&gt;</msg>
<var>${response}</var>
<arg>consultarAPI</arg>
<arg>/api</arg>
<doc>Sends a GET request on a previously created HTTP Session.</doc>
<status status="PASS" start="2024-05-12T14:12:47.764502" elapsed="0.096085"/>
</kw>
<kw name="Set Variable" owner="BuiltIn">
<msg time="2024-05-12T14:12:47.861573" level="INFO">${json_data} = {'results': [{'gender': 'female', 'name': {'title': 'Mrs', 'first': 'Samantha', 'last': 'Andrews'}, 'location': {'street': {'number': 1815, 'name': 'New Street'}, 'city': 'Skerries', 'state': 'Tippera...</msg>
<var>${json_data}</var>
<arg>${response.json()}</arg>
<doc>Returns the given values which can then be assigned to a variables.</doc>
<status status="PASS" start="2024-05-12T14:12:47.861075" elapsed="0.000526"/>
</kw>
<kw name="Set Variable" owner="BuiltIn">
<msg time="2024-05-12T14:12:47.862288" level="INFO">${name_title} = Mrs</msg>
<var>${name_title}</var>
<arg>${json_data["results"][0]["name"]["title"]}</arg>
<doc>Returns the given values which can then be assigned to a variables.</doc>
<status status="PASS" start="2024-05-12T14:12:47.861904" elapsed="0.000409"/>
</kw>
<kw name="Create List" owner="BuiltIn">
<msg time="2024-05-12T14:12:47.862756" level="INFO">${allowed_titles} = ['Mr', 'Ms', 'Miss', 'Mrs', 'Madame', 'Monsieur']</msg>
<var>${allowed_titles}</var>
<arg>Mr</arg>
<arg>Ms</arg>
<arg>Miss</arg>
<arg>Mrs</arg>
<arg>Madame</arg>
<arg>Monsieur</arg>
<doc>Returns a list containing given items.</doc>
<status status="PASS" start="2024-05-12T14:12:47.862609" elapsed="0.000171"/>
</kw>
<kw name="List Should Contain Value" owner="Collections">
<msg time="2024-05-12T14:12:47.863253" level="INFO">False</msg>
<arg>${allowed_titles}</arg>
<arg>${name_title}</arg>
<doc>Fails if the ``value`` is not found from ``list``.</doc>
<status status="PASS" start="2024-05-12T14:12:47.863080" elapsed="0.000209"/>
</kw>
<kw name="Set Variable" owner="BuiltIn">
<msg time="2024-05-12T14:12:47.864003" level="INFO">${name_country} = IE</msg>
<var>${name_country}</var>
<arg>${json_data["results"][0]["nat"]}</arg>
<doc>Returns the given values which can then be assigned to a variables.</doc>
<status status="PASS" start="2024-05-12T14:12:47.863577" elapsed="0.000451"/>
</kw>
<kw name="Create List" owner="BuiltIn">
<msg time="2024-05-12T14:12:47.864933" level="INFO">${list_country} = ['AD', 'AE', 'AF', 'AG', 'AI', 'AL', 'AM', 'AO', 'AQ', 'AR', 'AS', 'AT', 'AU', 'AW', 'AX', 'AZ', 'BA', 'BB', 'BD', 'BE', 'BF', 'BG', 'BH', 'BI', 'BJ', 'BL', 'BM', 'BN', 'BO', 'BQ', 'BR', 'BS', 'BT', '...</msg>
<var>${list_country}</var>
<arg>AD</arg>
<arg>AE</arg>
<arg>AF</arg>
<arg>AG</arg>
<arg>AI</arg>
<arg>AL</arg>
<arg>AM</arg>
<arg>AO</arg>
<arg>AQ</arg>
<arg>AR</arg>
<arg>AS</arg>
<arg>AT</arg>
<arg>AU</arg>
<arg>AW</arg>
<arg>AX</arg>
<arg>AZ</arg>
<arg>BA</arg>
<arg>BB</arg>
<arg>BD</arg>
<arg>BE</arg>
<arg>BF</arg>
<arg>BG</arg>
<arg>BH</arg>
<arg>BI</arg>
<arg>BJ</arg>
<arg>BL</arg>
<arg>BM</arg>
<arg>BN</arg>
<arg>BO</arg>
<arg>BQ</arg>
<arg>BR</arg>
<arg>BS</arg>
<arg>BT</arg>
<arg>BV</arg>
<arg>BW</arg>
<arg>BY</arg>
<arg>BZ</arg>
<arg>CA</arg>
<arg>CC</arg>
<arg>CD</arg>
<arg>CF</arg>
<arg>CG</arg>
<arg>CH</arg>
<arg>CI</arg>
<arg>CK</arg>
<arg>CL</arg>
<arg>CM</arg>
<arg>CN</arg>
<arg>CO</arg>
<arg>CR</arg>
<arg>CU</arg>
<arg>CV</arg>
<arg>CW</arg>
<arg>CX</arg>
<arg>CY</arg>
<arg>CZ</arg>
<arg>DE</arg>
<arg>DJ</arg>
<arg>DK</arg>
<arg>DM</arg>
<arg>DO</arg>
<arg>DZ</arg>
<arg>EC</arg>
<arg>EE</arg>
<arg>EG</arg>
<arg>EH</arg>
<arg>ER</arg>
<arg>ES</arg>
<arg>ET</arg>
<arg>FI</arg>
<arg>FJ</arg>
<arg>FK</arg>
<arg>FM</arg>
<arg>FO</arg>
<arg>FR</arg>
<arg>GA</arg>
<arg>GB</arg>
<arg>GD</arg>
<arg>GE</arg>
<arg>GF</arg>
<arg>GG</arg>
<arg>GH</arg>
<arg>GI</arg>
<arg>GL</arg>
<arg>GM</arg>
<arg>GN</arg>
<arg>GP</arg>
<arg>GQ</arg>
<arg>GR</arg>
<arg>GS</arg>
<arg>GT</arg>
<arg>GU</arg>
<arg>GW</arg>
<arg>GY</arg>
<arg>HK</arg>
<arg>HM</arg>
<arg>HN</arg>
<arg>HR</arg>
<arg>HT</arg>
<arg>HU</arg>
<arg>ID</arg>
<arg>IE</arg>
<arg>IL</arg>
<arg>IM</arg>
<arg>IN</arg>
<arg>IO</arg>
<arg>IQ</arg>
<arg>IR</arg>
<arg>IS</arg>
<arg>IT</arg>
<arg>JE</arg>
<arg>JM</arg>
<arg>JO</arg>
<arg>JP</arg>
<arg>KE</arg>
<arg>KG</arg>
<arg>KH</arg>
<arg>KI</arg>
<arg>KM</arg>
<arg>KN</arg>
<arg>KP</arg>
<arg>KR</arg>
<arg>KW</arg>
<arg>KY</arg>
<arg>KZ</arg>
<arg>LA</arg>
<arg>LB</arg>
<arg>LC</arg>
<arg>LI</arg>
<arg>LK</arg>
<arg>LR</arg>
<arg>LS</arg>
<arg>LT</arg>
<arg>LU</arg>
<arg>LV</arg>
<arg>LY</arg>
<arg>MA</arg>
<arg>MC</arg>
<arg>MD</arg>
<arg>ME</arg>
<arg>MF</arg>
<arg>MG</arg>
<arg>MH</arg>
<arg>MK</arg>
<arg>ML</arg>
<arg>MM</arg>
<arg>MN</arg>
<arg>MO</arg>
<arg>MP</arg>
<arg>MQ</arg>
<arg>MR</arg>
<arg>MS</arg>
<arg>MT</arg>
<arg>MU</arg>
<arg>MV</arg>
<arg>MW</arg>
<arg>MX</arg>
<arg>MY</arg>
<arg>MZ</arg>
<arg>NA</arg>
<arg>NC</arg>
<arg>NE</arg>
<arg>NF</arg>
<arg>NG</arg>
<arg>NI</arg>
<arg>NL</arg>
<arg>NO</arg>
<arg>NP</arg>
<arg>NR</arg>
<arg>NU</arg>
<arg>NZ</arg>
<arg>OM</arg>
<arg>PA</arg>
<arg>PE</arg>
<arg>PF</arg>
<arg>PG</arg>
<arg>PH</arg>
<arg>PK</arg>
<arg>PL</arg>
<arg>PM</arg>
<arg>PN</arg>
<arg>PR</arg>
<arg>PS</arg>
<arg>PT</arg>
<arg>PW</arg>
<arg>PY</arg>
<arg>QA</arg>
<arg>RE</arg>
<arg>RO</arg>
<arg>RS</arg>
<arg>RU</arg>
<arg>RW</arg>
<arg>SA</arg>
<arg>SB</arg>
<arg>SC</arg>
<arg>SD</arg>
<arg>SE</arg>
<arg>SG</arg>
<arg>SH</arg>
<arg>SI</arg>
<arg>SJ</arg>
<arg>SK</arg>
<arg>SL</arg>
<arg>SM</arg>
<arg>SN</arg>
<arg>SO</arg>
<arg>SR</arg>
<arg>SS</arg>
<arg>ST</arg>
<arg>SV</arg>
<arg>SX</arg>
<arg>SY</arg>
<arg>SZ</arg>
<arg>TC</arg>
<arg>TD</arg>
<arg>TF</arg>
<arg>TG</arg>
<arg>TH</arg>
<arg>TJ</arg>
<arg>TK</arg>
<arg>TL</arg>
<arg>TM</arg>
<arg>TN</arg>
<arg>TO</arg>
<arg>TR</arg>
<arg>TT</arg>
<arg>TV</arg>
<arg>TW</arg>
<arg>TZ</arg>
<arg>UA</arg>
<arg>UG</arg>
<arg>UM</arg>
<arg>US</arg>
<arg>UY</arg>
<arg>UZ</arg>
<arg>VA</arg>
<arg>VC</arg>
<arg>VE</arg>
<arg>VG</arg>
<arg>VI</arg>
<arg>VN</arg>
<arg>VU</arg>
<arg>WF</arg>
<arg>WS</arg>
<arg>XK</arg>
<arg>YE</arg>
<arg>YT</arg>
<arg>ZA</arg>
<arg>ZM</arg>
<arg>ZW</arg>
<doc>Returns a list containing given items.</doc>
<status status="PASS" start="2024-05-12T14:12:47.864343" elapsed="0.000616"/>
</kw>
<kw name="List Should Contain Value" owner="Collections">
<msg time="2024-05-12T14:12:47.865945" level="INFO">False</msg>
<arg>${list_country}</arg>
<arg>${name_country}</arg>
<doc>Fails if the ``value`` is not found from ``list``.</doc>
<status status="PASS" start="2024-05-12T14:12:47.865746" elapsed="0.000235"/>
</kw>
<kw name="Run Keyword If" owner="BuiltIn">
<kw name="Should Be True" owner="BuiltIn">
<arg>${True}</arg>
<doc>Fails if the given condition is not true.</doc>
<status status="PASS" start="2024-05-12T14:12:47.867053" elapsed="0.000262"/>
</kw>
<arg>${json_data["results"][0]["location"]["coordinates"]["latitude"]} &gt;= -90 and ${json_data["results"][0]["location"]["coordinates"]["latitude"]} &lt;= 90</arg>
<arg>Should Be True</arg>
<arg>${True}</arg>
<doc>Runs the given keyword with the given arguments, if ``condition`` is true.</doc>
<status status="PASS" start="2024-05-12T14:12:47.866292" elapsed="0.001160"/>
</kw>
<kw name="Run Keyword If" owner="BuiltIn">
<kw name="Should Be True" owner="BuiltIn">
<arg>${True}</arg>
<doc>Fails if the given condition is not true.</doc>
<status status="PASS" start="2024-05-12T14:12:47.868380" elapsed="0.000138"/>
</kw>
<arg>${json_data["results"][0]["location"]["coordinates"]["longitude"]} &gt;= -180 and ${json_data["results"][0]["location"]["coordinates"]["longitude"]} &lt;= 180</arg>
<arg>Should Be True</arg>
<arg>${True}</arg>
<doc>Runs the given keyword with the given arguments, if ``condition`` is true.</doc>
<status status="PASS" start="2024-05-12T14:12:47.867636" elapsed="0.001006"/>
</kw>
<status status="PASS" start="2024-05-12T14:12:47.764276" elapsed="0.104497"/>
</kw>
<doc>Testa o conteúdo específico dos campos retornados pela API.</doc>
<tag>testeConteudo</tag>
<status status="PASS" start="2024-05-12T14:12:47.763807" elapsed="0.105120"/>
</test>
<status status="PASS" start="2024-05-12T14:12:46.675317" elapsed="1.195630"/>
</suite>
<status status="PASS" start="2024-05-12T14:12:46.661815" elapsed="1.214279"/>
</suite>
<statistics>
<total>
<stat pass="5" fail="0" skip="0">All Tests</stat>
</total>
<tag>
<stat pass="1" fail="0" skip="0">testeConteudo</stat>
<stat pass="1" fail="0" skip="0">testeEstruturaResposta</stat>
<stat pass="1" fail="0" skip="0">testeRequisicaoBasica</stat>
<stat pass="1" fail="0" skip="0">testeTiposDados</stat>
</tag>
<suite>
<stat pass="5" fail="0" skip="0" id="s1" name="Tests">Tests</stat>
<stat pass="5" fail="0" skip="0" id="s1-s1" name="Random-User-Test">Tests.Random-User-Test</stat>
</suite>
</statistics>
<errors>
</errors>
</robot>
