<?xml version="1.0" encoding="UTF-8"?>
<robot generator="Robot 7.0 (Python 3.12.3 on linux)" generated="2024-04-30T08:18:19.578675" rpa="false" schemaversion="5">
<suite id="s1" name="Tests" source="/home/runner/work/DesafioQAItauRogerioJordao/DesafioQAItauRogerioJordao/RamdonUser/tests">
<suite id="s1-s1" name="Random-User-Test" source="/home/runner/work/DesafioQAItauRogerioJordao/DesafioQAItauRogerioJordao/RamdonUser/tests/random-user-test.robot">
<test id="s1-s1-t1" name="Conectar" line="13">
<kw name="Conectar API" owner="random-user-service">
<kw name="Create Session" owner="RequestsLibrary">
<msg time="2024-04-30T08:18:19.933514" level="INFO">Creating Session using : alias=consultarAPI, url=https://randomuser.me/, headers={},                     cookies={}, auth=None, timeout=None, proxies=None, verify=False,                     debug=0 </msg>
<arg>consultarAPI</arg>
<arg>${URL}</arg>
<doc>Create Session: create a HTTP session to a server</doc>
<status status="PASS" start="2024-04-30T08:18:19.933315" elapsed="0.000380"/>
</kw>
<status status="PASS" start="2024-04-30T08:18:19.932304" elapsed="0.001751"/>
</kw>
<status status="PASS" start="2024-04-30T08:18:19.931642" elapsed="0.002610"/>
</test>
<test id="s1-s1-t2" name="Validar retorno 200 e JSON Válido" line="16">
<kw name="Teste de Requisicao Basica" owner="random-user-service">
<kw name="GET On Session" owner="RequestsLibrary">
<msg time="2024-04-30T08:18:20.215231" level="INFO">GET Request : url=https://randomuser.me/api 
 path_url=/api 
 headers={'User-Agent': 'python-requests/2.31.0', 'Accept-Encoding': 'gzip, deflate', 'Accept': '*/*', 'Connection': 'keep-alive'} 
 body=None 
 </msg>
<msg time="2024-04-30T08:18:20.215392" level="INFO">GET Response : url=https://randomuser.me/api 
 status=200, reason=OK 
 headers={'Date': 'Tue, 30 Apr 2024 08:18:20 GMT', 'Content-Type': 'application/json; charset=utf-8', 'Transfer-Encoding': 'chunked', 'Connection': 'keep-alive', 'X-Powered-By': 'Express', 'Access-Control-Allow-Origin': '*', 'Cache-Control': 'no-cache', 'ETag': 'W/"491-uM6GSTolVPh2xqIPIRGNoA4SRBw"', 'Vary': 'Accept-Encoding', 'Content-Encoding': 'gzip', 'CF-Cache-Status': 'DYNAMIC', 'Report-To': '{"endpoints":[{"url":"https:\\/\\/a.nel.cloudflare.com\\/report\\/v4?s=s3%2BWc42QrT6JOTyTS6zDtKrPzgG3YxKs2Cqg%2FfLqIYTxQsf9fRnVP%2FqubY0ZznNDgPZ4CG24LAQk258z%2BdhcBe7i9MqdeVvDTFA%2FOkXy4BH7hss1nKqGoE0J0xm7%2BWIG"}],"group":"cf-nel","max_age":604800}', 'NEL': '{"success_fraction":0,"report_to":"cf-nel","max_age":604800}', 'Server': 'cloudflare', 'CF-RAY': '87c619badce21046-ORD', 'alt-svc': 'h3=":443"; ma=86400'} 
 body={"results":[{"gender":"male","name":{"title":"Mr","first":"Mladen","last":"Borjan"},"location":{"street":{"number":3609,"name":"Milovana Milenkovića"},"city":"Vranje","state":"Raška","country":"Serbia","postcode":39848,"coordinates":{"latitude":"61.4714","longitude":"-35.6969"},"timezone":{"offset":"+5:00","description":"Ekaterinburg, Islamabad, Karachi, Tashkent"}},"email":"mladen.borjan@example.com","login":{"uuid":"81a58eb5-eabc-42bc-955f-a662ea9f8f26","username":"greenwolf674","password":"free","salt":"5NSYlUVu","md5":"5f417d144fce3c876ea483b37858372d","sha1":"e0c5b0668bbe8a6d482bb47138ab06bfc7f9a5c1","sha256":"09d1b9cb8b7cabd246825d4f3c83d52bafcc165cbaef0efe05e8c34e211cba29"},"dob":{"date":"1966-10-31T12:22:28.905Z","age":57},"registered":{"date":"2010-04-30T03:51:42.937Z","age":14},"phone":"036-6959-138","cell":"061-8283-691","id":{"name":"SID","value":"022884681"},"picture":{"large":"https://randomuser.me/api/portraits/men/17.jpg","medium":"https://randomuser.me/api/portraits/med/men/17.jpg","thumbnail":"https://randomuser.me/api/portraits/thumb/men/17.jpg"},"nat":"RS"}],"info":{"seed":"8ba6113334fa5b43","results":1,"page":1,"version":"1.4"}} 
 </msg>
<msg time="2024-04-30T08:18:20.215478" level="INFO">/opt/hostedtoolcache/Python/3.12.3/x64/lib/python3.12/site-packages/urllib3/connectionpool.py:1103: InsecureRequestWarning: Unverified HTTPS request is being made to host 'randomuser.me'. Adding certificate verification is strongly advised. See: https://urllib3.readthedocs.io/en/latest/advanced-usage.html#tls-warnings
  warnings.warn(</msg>
<msg time="2024-04-30T08:18:20.215646" level="INFO">${response} = &lt;Response [200]&gt;</msg>
<var>${response}</var>
<arg>consultarAPI</arg>
<arg>/api</arg>
<doc>Sends a GET request on a previously created HTTP Session.</doc>
<status status="PASS" start="2024-04-30T08:18:19.936885" elapsed="0.278808"/>
</kw>
<kw name="Should Be Equal As Numbers" owner="BuiltIn">
<msg time="2024-04-30T08:18:20.216721" level="INFO">Argument types are:
&lt;class 'int'&gt;
&lt;class 'str'&gt;</msg>
<arg>${response.status_code}</arg>
<arg>200</arg>
<doc>Fails if objects are unequal after converting them to real numbers.</doc>
<status status="PASS" start="2024-04-30T08:18:20.216250" elapsed="0.000536"/>
</kw>
<kw name="Log" owner="BuiltIn">
<msg time="2024-04-30T08:18:20.217501" level="INFO">200</msg>
<arg>${response.status_code}</arg>
<doc>Logs the given message with the given level.</doc>
<status status="PASS" start="2024-04-30T08:18:20.217151" elapsed="0.000391"/>
</kw>
<kw name="Set Variable" owner="BuiltIn">
<msg time="2024-04-30T08:18:20.218309" level="INFO">${json_data} = {'results': [{'gender': 'male', 'name': {'title': 'Mr', 'first': 'Mladen', 'last': 'Borjan'}, 'location': {'street': {'number': 3609, 'name': 'Milovana Milenkovića'}, 'city': 'Vranje', 'state': 'Raška...</msg>
<var>${json_data}</var>
<arg>${response.json()}</arg>
<doc>Returns the given values which can then be assigned to a variables.</doc>
<status status="PASS" start="2024-04-30T08:18:20.217842" elapsed="0.000497"/>
</kw>
<kw name="Dictionary Should Contain Key" owner="Collections">
<msg time="2024-04-30T08:18:20.218814" level="INFO">False</msg>
<arg>${json_data}</arg>
<arg>results</arg>
<doc>Fails if ``key`` is not found from ``dictionary``.</doc>
<status status="PASS" start="2024-04-30T08:18:20.218642" elapsed="0.000215"/>
</kw>
<status status="PASS" start="2024-04-30T08:18:19.936642" elapsed="0.282472"/>
</kw>
<doc>Testa se a API responde corretamente e retorna um objeto JSON válido.</doc>
<tag>testeRequisicaoBasica</tag>
<status status="PASS" start="2024-04-30T08:18:19.936175" elapsed="0.283163"/>
</test>
<test id="s1-s1-t3" name="Validar estrutura de resposta" line="22">
<kw name="Teste de Estrutura de Resposta" owner="random-user-service">
<kw name="GET On Session" owner="RequestsLibrary">
<msg time="2024-04-30T08:18:20.300382" level="INFO">GET Request : url=https://randomuser.me/api 
 path_url=/api 
 headers={'User-Agent': 'python-requests/2.31.0', 'Accept-Encoding': 'gzip, deflate', 'Accept': '*/*', 'Connection': 'keep-alive'} 
 body=None 
 </msg>
<msg time="2024-04-30T08:18:20.300476" level="INFO">GET Response : url=https://randomuser.me/api 
 status=200, reason=OK 
 headers={'Date': 'Tue, 30 Apr 2024 08:18:20 GMT', 'Content-Type': 'application/json; charset=utf-8', 'Transfer-Encoding': 'chunked', 'Connection': 'keep-alive', 'X-Powered-By': 'Express', 'Access-Control-Allow-Origin': '*', 'Cache-Control': 'no-cache', 'ETag': 'W/"48d-d/qWiKM/3/fgO3uHy/kH4jPHi5c"', 'Vary': 'Accept-Encoding', 'Content-Encoding': 'gzip', 'CF-Cache-Status': 'DYNAMIC', 'Report-To': '{"endpoints":[{"url":"https:\\/\\/a.nel.cloudflare.com\\/report\\/v4?s=HwL%2FsxWlKfoEfOKnQgXtKt4eHmpG8ML5Fnxfb8ujob1IgJ6dxP0MwfD1Od%2BsDPsLkM6K4weBS9lKK%2FQo40h7LkDRL0dAhK8y0MwZJ8v1lqBOUM9HQMVBa3aSUpjXC1A5"}],"group":"cf-nel","max_age":604800}', 'NEL': '{"success_fraction":0,"report_to":"cf-nel","max_age":604800}', 'Server': 'cloudflare', 'CF-RAY': '87c619bc6de21046-ORD', 'alt-svc': 'h3=":443"; ma=86400'} 
 body={"results":[{"gender":"male","name":{"title":"Monsieur","first":"Markus","last":"Robin"},"location":{"street":{"number":228,"name":"Rue Baraban"},"city":"Stettlen","state":"Fribourg","country":"Switzerland","postcode":7079,"coordinates":{"latitude":"-63.9968","longitude":"-161.0323"},"timezone":{"offset":"+2:00","description":"Kaliningrad, South Africa"}},"email":"markus.robin@example.com","login":{"uuid":"ae806d3c-f5a4-46b7-84e3-70a9a0938478","username":"tinyduck531","password":"cornell","salt":"7tNsATCa","md5":"266bad188ee92c105dce6e0fd1fc64a6","sha1":"0689d7d82828805aad45e28d1f72d99222f19e9b","sha256":"ec6ebb5a8737460f9f447fcc2a3f2cc9d51cea68bc34deeb7d974f7c8bf244c1"},"dob":{"date":"1945-09-14T20:53:25.677Z","age":78},"registered":{"date":"2015-06-30T18:07:59.096Z","age":8},"phone":"075 525 24 57","cell":"075 168 46 59","id":{"name":"AVS","value":"756.3616.6387.91"},"picture":{"large":"https://randomuser.me/api/portraits/men/61.jpg","medium":"https://randomuser.me/api/portraits/med/men/61.jpg","thumbnail":"https://randomuser.me/api/portraits/thumb/men/61.jpg"},"nat":"CH"}],"info":{"seed":"be4f4d5d92d7545f","results":1,"page":1,"version":"1.4"}} 
 </msg>
<msg time="2024-04-30T08:18:20.300604" level="INFO">/opt/hostedtoolcache/Python/3.12.3/x64/lib/python3.12/site-packages/urllib3/connectionpool.py:1103: InsecureRequestWarning: Unverified HTTPS request is being made to host 'randomuser.me'. Adding certificate verification is strongly advised. See: https://urllib3.readthedocs.io/en/latest/advanced-usage.html#tls-warnings
  warnings.warn(</msg>
<msg time="2024-04-30T08:18:20.300747" level="INFO">${response} = &lt;Response [200]&gt;</msg>
<var>${response}</var>
<arg>consultarAPI</arg>
<arg>/api</arg>
<doc>Sends a GET request on a previously created HTTP Session.</doc>
<status status="PASS" start="2024-04-30T08:18:20.221896" elapsed="0.078893"/>
</kw>
<kw name="Set Variable" owner="BuiltIn">
<msg time="2024-04-30T08:18:20.301799" level="INFO">${json_data} = {'results': [{'gender': 'male', 'name': {'title': 'Monsieur', 'first': 'Markus', 'last': 'Robin'}, 'location': {'street': {'number': 228, 'name': 'Rue Baraban'}, 'city': 'Stettlen', 'state': 'Fribourg...</msg>
<var>${json_data}</var>
<arg>${response.json()}</arg>
<doc>Returns the given values which can then be assigned to a variables.</doc>
<status status="PASS" start="2024-04-30T08:18:20.301282" elapsed="0.000545"/>
</kw>
<kw name="Log" owner="BuiltIn">
<msg time="2024-04-30T08:18:20.302290" level="INFO">{'results': [{'gender': 'male', 'name': {'title': 'Monsieur', 'first': 'Markus', 'last': 'Robin'}, 'location': {'street': {'number': 228, 'name': 'Rue Baraban'}, 'city': 'Stettlen', 'state': 'Fribourg', 'country': 'Switzerland', 'postcode': 7079, 'coordinates': {'latitude': '-63.9968', 'longitude': '-161.0323'}, 'timezone': {'offset': '+2:00', 'description': 'Kaliningrad, South Africa'}}, 'email': 'markus.robin@example.com', 'login': {'uuid': 'ae806d3c-f5a4-46b7-84e3-70a9a0938478', 'username': 'tinyduck531', 'password': 'cornell', 'salt': '7tNsATCa', 'md5': '266bad188ee92c105dce6e0fd1fc64a6', 'sha1': '0689d7d82828805aad45e28d1f72d99222f19e9b', 'sha256': 'ec6ebb5a8737460f9f447fcc2a3f2cc9d51cea68bc34deeb7d974f7c8bf244c1'}, 'dob': {'date': '1945-09-14T20:53:25.677Z', 'age': 78}, 'registered': {'date': '2015-06-30T18:07:59.096Z', 'age': 8}, 'phone': '075 525 24 57', 'cell': '075 168 46 59', 'id': {'name': 'AVS', 'value': '756.3616.6387.91'}, 'picture': {'large': 'https://randomuser.me/api/portraits/men/61.jpg', 'medium': 'https://randomuser.me/api/portraits/med/men/61.jpg', 'thumbnail': 'https://randomuser.me/api/portraits/thumb/men/61.jpg'}, 'nat': 'CH'}], 'info': {'seed': 'be4f4d5d92d7545f', 'results': 1, 'page': 1, 'version': '1.4'}}</msg>
<arg>${json_data}</arg>
<doc>Logs the given message with the given level.</doc>
<status status="PASS" start="2024-04-30T08:18:20.302134" elapsed="0.000205"/>
</kw>
<kw name="Dictionary Should Contain Key" owner="Collections">
<msg time="2024-04-30T08:18:20.302788" level="INFO">False</msg>
<arg>${json_data}</arg>
<arg>results</arg>
<doc>Fails if ``key`` is not found from ``dictionary``.</doc>
<status status="PASS" start="2024-04-30T08:18:20.302628" elapsed="0.000197"/>
</kw>
<kw name="Should Not Be Empty" owner="BuiltIn">
<msg time="2024-04-30T08:18:20.303292" level="INFO">Length is 2.</msg>
<arg>${json_data}</arg>
<doc>Verifies that the given item is not empty.</doc>
<status status="PASS" start="2024-04-30T08:18:20.303117" elapsed="0.000378"/>
</kw>
<kw name="Create List" owner="BuiltIn">
<msg time="2024-04-30T08:18:20.303938" level="INFO">${expected_keys} = ['gender', 'name', 'location', 'email', 'login']</msg>
<var>${expected_keys}</var>
<arg>gender</arg>
<arg>name</arg>
<arg>location</arg>
<arg>email</arg>
<arg>login</arg>
<doc>Returns a list containing given items.</doc>
<status status="PASS" start="2024-04-30T08:18:20.303790" elapsed="0.000171"/>
</kw>
<for flavor="IN">
<iter>
<kw name="Dictionary Should Contain Key" owner="Collections">
<msg time="2024-04-30T08:18:20.304951" level="INFO">False</msg>
<arg>${json_data['results'][0]}</arg>
<arg>${key}</arg>
<doc>Fails if ``key`` is not found from ``dictionary``.</doc>
<status status="PASS" start="2024-04-30T08:18:20.304544" elapsed="0.000444"/>
</kw>
<kw name="Log" owner="BuiltIn">
<msg time="2024-04-30T08:18:20.305648" level="INFO">{'gender': 'male', 'name': {'title': 'Monsieur', 'first': 'Markus', 'last': 'Robin'}, 'location': {'street': {'number': 228, 'name': 'Rue Baraban'}, 'city': 'Stettlen', 'state': 'Fribourg', 'country': 'Switzerland', 'postcode': 7079, 'coordinates': {'latitude': '-63.9968', 'longitude': '-161.0323'}, 'timezone': {'offset': '+2:00', 'description': 'Kaliningrad, South Africa'}}, 'email': 'markus.robin@example.com', 'login': {'uuid': 'ae806d3c-f5a4-46b7-84e3-70a9a0938478', 'username': 'tinyduck531', 'password': 'cornell', 'salt': '7tNsATCa', 'md5': '266bad188ee92c105dce6e0fd1fc64a6', 'sha1': '0689d7d82828805aad45e28d1f72d99222f19e9b', 'sha256': 'ec6ebb5a8737460f9f447fcc2a3f2cc9d51cea68bc34deeb7d974f7c8bf244c1'}, 'dob': {'date': '1945-09-14T20:53:25.677Z', 'age': 78}, 'registered': {'date': '2015-06-30T18:07:59.096Z', 'age': 8}, 'phone': '075 525 24 57', 'cell': '075 168 46 59', 'id': {'name': 'AVS', 'value': '756.3616.6387.91'}, 'picture': {'large': 'https://randomuser.me/api/portraits/men/61.jpg', 'medium': 'https://randomuser.me/api/portraits/med/men/61.jpg', 'thumbnail': 'https://randomuser.me/api/portraits/thumb/men/61.jpg'}, 'nat': 'CH'}</msg>
<arg>${json_data['results'][0]}</arg>
<doc>Logs the given message with the given level.</doc>
<status status="PASS" start="2024-04-30T08:18:20.305287" elapsed="0.000409"/>
</kw>
<kw name="Log" owner="BuiltIn">
<msg time="2024-04-30T08:18:20.306113" level="INFO">gender</msg>
<arg>${key}</arg>
<doc>Logs the given message with the given level.</doc>
<status status="PASS" start="2024-04-30T08:18:20.305987" elapsed="0.000162"/>
</kw>
<var name="${key}">gender</var>
<status status="PASS" start="2024-04-30T08:18:20.304419" elapsed="0.001942"/>
</iter>
<iter>
<kw name="Dictionary Should Contain Key" owner="Collections">
<msg time="2024-04-30T08:18:20.307036" level="INFO">False</msg>
<arg>${json_data['results'][0]}</arg>
<arg>${key}</arg>
<doc>Fails if ``key`` is not found from ``dictionary``.</doc>
<status status="PASS" start="2024-04-30T08:18:20.306661" elapsed="0.000412"/>
</kw>
<kw name="Log" owner="BuiltIn">
<msg time="2024-04-30T08:18:20.307783" level="INFO">{'gender': 'male', 'name': {'title': 'Monsieur', 'first': 'Markus', 'last': 'Robin'}, 'location': {'street': {'number': 228, 'name': 'Rue Baraban'}, 'city': 'Stettlen', 'state': 'Fribourg', 'country': 'Switzerland', 'postcode': 7079, 'coordinates': {'latitude': '-63.9968', 'longitude': '-161.0323'}, 'timezone': {'offset': '+2:00', 'description': 'Kaliningrad, South Africa'}}, 'email': 'markus.robin@example.com', 'login': {'uuid': 'ae806d3c-f5a4-46b7-84e3-70a9a0938478', 'username': 'tinyduck531', 'password': 'cornell', 'salt': '7tNsATCa', 'md5': '266bad188ee92c105dce6e0fd1fc64a6', 'sha1': '0689d7d82828805aad45e28d1f72d99222f19e9b', 'sha256': 'ec6ebb5a8737460f9f447fcc2a3f2cc9d51cea68bc34deeb7d974f7c8bf244c1'}, 'dob': {'date': '1945-09-14T20:53:25.677Z', 'age': 78}, 'registered': {'date': '2015-06-30T18:07:59.096Z', 'age': 8}, 'phone': '075 525 24 57', 'cell': '075 168 46 59', 'id': {'name': 'AVS', 'value': '756.3616.6387.91'}, 'picture': {'large': 'https://randomuser.me/api/portraits/men/61.jpg', 'medium': 'https://randomuser.me/api/portraits/med/men/61.jpg', 'thumbnail': 'https://randomuser.me/api/portraits/thumb/men/61.jpg'}, 'nat': 'CH'}</msg>
<arg>${json_data['results'][0]}</arg>
<doc>Logs the given message with the given level.</doc>
<status status="PASS" start="2024-04-30T08:18:20.307419" elapsed="0.000412"/>
</kw>
<kw name="Log" owner="BuiltIn">
<msg time="2024-04-30T08:18:20.308251" level="INFO">name</msg>
<arg>${key}</arg>
<doc>Logs the given message with the given level.</doc>
<status status="PASS" start="2024-04-30T08:18:20.308124" elapsed="0.000163"/>
</kw>
<var name="${key}">name</var>
<status status="PASS" start="2024-04-30T08:18:20.306546" elapsed="0.001958"/>
</iter>
<iter>
<kw name="Dictionary Should Contain Key" owner="Collections">
<msg time="2024-04-30T08:18:20.309182" level="INFO">False</msg>
<arg>${json_data['results'][0]}</arg>
<arg>${key}</arg>
<doc>Fails if ``key`` is not found from ``dictionary``.</doc>
<status status="PASS" start="2024-04-30T08:18:20.308792" elapsed="0.000428"/>
</kw>
<kw name="Log" owner="BuiltIn">
<msg time="2024-04-30T08:18:20.309884" level="INFO">{'gender': 'male', 'name': {'title': 'Monsieur', 'first': 'Markus', 'last': 'Robin'}, 'location': {'street': {'number': 228, 'name': 'Rue Baraban'}, 'city': 'Stettlen', 'state': 'Fribourg', 'country': 'Switzerland', 'postcode': 7079, 'coordinates': {'latitude': '-63.9968', 'longitude': '-161.0323'}, 'timezone': {'offset': '+2:00', 'description': 'Kaliningrad, South Africa'}}, 'email': 'markus.robin@example.com', 'login': {'uuid': 'ae806d3c-f5a4-46b7-84e3-70a9a0938478', 'username': 'tinyduck531', 'password': 'cornell', 'salt': '7tNsATCa', 'md5': '266bad188ee92c105dce6e0fd1fc64a6', 'sha1': '0689d7d82828805aad45e28d1f72d99222f19e9b', 'sha256': 'ec6ebb5a8737460f9f447fcc2a3f2cc9d51cea68bc34deeb7d974f7c8bf244c1'}, 'dob': {'date': '1945-09-14T20:53:25.677Z', 'age': 78}, 'registered': {'date': '2015-06-30T18:07:59.096Z', 'age': 8}, 'phone': '075 525 24 57', 'cell': '075 168 46 59', 'id': {'name': 'AVS', 'value': '756.3616.6387.91'}, 'picture': {'large': 'https://randomuser.me/api/portraits/men/61.jpg', 'medium': 'https://randomuser.me/api/portraits/med/men/61.jpg', 'thumbnail': 'https://randomuser.me/api/portraits/thumb/men/61.jpg'}, 'nat': 'CH'}</msg>
<arg>${json_data['results'][0]}</arg>
<doc>Logs the given message with the given level.</doc>
<status status="PASS" start="2024-04-30T08:18:20.309516" elapsed="0.000414"/>
</kw>
<kw name="Log" owner="BuiltIn">
<msg time="2024-04-30T08:18:20.310347" level="INFO">location</msg>
<arg>${key}</arg>
<doc>Logs the given message with the given level.</doc>
<status status="PASS" start="2024-04-30T08:18:20.310223" elapsed="0.000161"/>
</kw>
<var name="${key}">location</var>
<status status="PASS" start="2024-04-30T08:18:20.308681" elapsed="0.001914"/>
</iter>
<iter>
<kw name="Dictionary Should Contain Key" owner="Collections">
<msg time="2024-04-30T08:18:20.311290" level="INFO">False</msg>
<arg>${json_data['results'][0]}</arg>
<arg>${key}</arg>
<doc>Fails if ``key`` is not found from ``dictionary``.</doc>
<status status="PASS" start="2024-04-30T08:18:20.310872" elapsed="0.000456"/>
</kw>
<kw name="Log" owner="BuiltIn">
<msg time="2024-04-30T08:18:20.311982" level="INFO">{'gender': 'male', 'name': {'title': 'Monsieur', 'first': 'Markus', 'last': 'Robin'}, 'location': {'street': {'number': 228, 'name': 'Rue Baraban'}, 'city': 'Stettlen', 'state': 'Fribourg', 'country': 'Switzerland', 'postcode': 7079, 'coordinates': {'latitude': '-63.9968', 'longitude': '-161.0323'}, 'timezone': {'offset': '+2:00', 'description': 'Kaliningrad, South Africa'}}, 'email': 'markus.robin@example.com', 'login': {'uuid': 'ae806d3c-f5a4-46b7-84e3-70a9a0938478', 'username': 'tinyduck531', 'password': 'cornell', 'salt': '7tNsATCa', 'md5': '266bad188ee92c105dce6e0fd1fc64a6', 'sha1': '0689d7d82828805aad45e28d1f72d99222f19e9b', 'sha256': 'ec6ebb5a8737460f9f447fcc2a3f2cc9d51cea68bc34deeb7d974f7c8bf244c1'}, 'dob': {'date': '1945-09-14T20:53:25.677Z', 'age': 78}, 'registered': {'date': '2015-06-30T18:07:59.096Z', 'age': 8}, 'phone': '075 525 24 57', 'cell': '075 168 46 59', 'id': {'name': 'AVS', 'value': '756.3616.6387.91'}, 'picture': {'large': 'https://randomuser.me/api/portraits/men/61.jpg', 'medium': 'https://randomuser.me/api/portraits/med/men/61.jpg', 'thumbnail': 'https://randomuser.me/api/portraits/thumb/men/61.jpg'}, 'nat': 'CH'}</msg>
<arg>${json_data['results'][0]}</arg>
<doc>Logs the given message with the given level.</doc>
<status status="PASS" start="2024-04-30T08:18:20.311627" elapsed="0.000403"/>
</kw>
<kw name="Log" owner="BuiltIn">
<msg time="2024-04-30T08:18:20.312444" level="INFO">email</msg>
<arg>${key}</arg>
<doc>Logs the given message with the given level.</doc>
<status status="PASS" start="2024-04-30T08:18:20.312321" elapsed="0.000160"/>
</kw>
<var name="${key}">email</var>
<status status="PASS" start="2024-04-30T08:18:20.310764" elapsed="0.001929"/>
</iter>
<iter>
<kw name="Dictionary Should Contain Key" owner="Collections">
<msg time="2024-04-30T08:18:20.313342" level="INFO">False</msg>
<arg>${json_data['results'][0]}</arg>
<arg>${key}</arg>
<doc>Fails if ``key`` is not found from ``dictionary``.</doc>
<status status="PASS" start="2024-04-30T08:18:20.312968" elapsed="0.000410"/>
</kw>
<kw name="Log" owner="BuiltIn">
<msg time="2024-04-30T08:18:20.314033" level="INFO">{'gender': 'male', 'name': {'title': 'Monsieur', 'first': 'Markus', 'last': 'Robin'}, 'location': {'street': {'number': 228, 'name': 'Rue Baraban'}, 'city': 'Stettlen', 'state': 'Fribourg', 'country': 'Switzerland', 'postcode': 7079, 'coordinates': {'latitude': '-63.9968', 'longitude': '-161.0323'}, 'timezone': {'offset': '+2:00', 'description': 'Kaliningrad, South Africa'}}, 'email': 'markus.robin@example.com', 'login': {'uuid': 'ae806d3c-f5a4-46b7-84e3-70a9a0938478', 'username': 'tinyduck531', 'password': 'cornell', 'salt': '7tNsATCa', 'md5': '266bad188ee92c105dce6e0fd1fc64a6', 'sha1': '0689d7d82828805aad45e28d1f72d99222f19e9b', 'sha256': 'ec6ebb5a8737460f9f447fcc2a3f2cc9d51cea68bc34deeb7d974f7c8bf244c1'}, 'dob': {'date': '1945-09-14T20:53:25.677Z', 'age': 78}, 'registered': {'date': '2015-06-30T18:07:59.096Z', 'age': 8}, 'phone': '075 525 24 57', 'cell': '075 168 46 59', 'id': {'name': 'AVS', 'value': '756.3616.6387.91'}, 'picture': {'large': 'https://randomuser.me/api/portraits/men/61.jpg', 'medium': 'https://randomuser.me/api/portraits/med/men/61.jpg', 'thumbnail': 'https://randomuser.me/api/portraits/thumb/men/61.jpg'}, 'nat': 'CH'}</msg>
<arg>${json_data['results'][0]}</arg>
<doc>Logs the given message with the given level.</doc>
<status status="PASS" start="2024-04-30T08:18:20.313668" elapsed="0.000411"/>
</kw>
<kw name="Log" owner="BuiltIn">
<msg time="2024-04-30T08:18:20.314495" level="INFO">login</msg>
<arg>${key}</arg>
<doc>Logs the given message with the given level.</doc>
<status status="PASS" start="2024-04-30T08:18:20.314371" elapsed="0.000161"/>
</kw>
<var name="${key}">login</var>
<status status="PASS" start="2024-04-30T08:18:20.312859" elapsed="0.001907"/>
</iter>
<var>${key}</var>
<value>@{expected_keys}</value>
<status status="PASS" start="2024-04-30T08:18:20.304223" elapsed="0.010666"/>
</for>
<kw name="Create List" owner="BuiltIn">
<msg time="2024-04-30T08:18:20.315248" level="INFO">${expected_keysTwo} = ['username', 'password']</msg>
<var>${expected_keysTwo}</var>
<arg>username</arg>
<arg>password</arg>
<doc>Returns a list containing given items.</doc>
<status status="PASS" start="2024-04-30T08:18:20.315080" elapsed="0.000193"/>
</kw>
<for flavor="IN">
<iter>
<kw name="Dictionary Should Contain Key" owner="Collections">
<msg time="2024-04-30T08:18:20.316167" level="INFO">False</msg>
<arg>${json_data['results'][0]['login']}</arg>
<arg>${keyTwo}</arg>
<doc>Fails if ``key`` is not found from ``dictionary``.</doc>
<status status="PASS" start="2024-04-30T08:18:20.315778" elapsed="0.000425"/>
</kw>
<kw name="Dictionary Should Contain Key" owner="Collections">
<msg time="2024-04-30T08:18:20.316873" level="INFO">False</msg>
<arg>${json_data['results'][0]['login']}</arg>
<arg>${keyTwo}</arg>
<doc>Fails if ``key`` is not found from ``dictionary``.</doc>
<status status="PASS" start="2024-04-30T08:18:20.316493" elapsed="0.000417"/>
</kw>
<kw name="Log" owner="BuiltIn">
<msg time="2024-04-30T08:18:20.317323" level="INFO">username</msg>
<arg>${keyTwo}</arg>
<doc>Logs the given message with the given level.</doc>
<status status="PASS" start="2024-04-30T08:18:20.317197" elapsed="0.000168"/>
</kw>
<var name="${keyTwo}">username</var>
<status status="PASS" start="2024-04-30T08:18:20.315667" elapsed="0.001912"/>
</iter>
<iter>
<kw name="Dictionary Should Contain Key" owner="Collections">
<msg time="2024-04-30T08:18:20.318317" level="INFO">False</msg>
<arg>${json_data['results'][0]['login']}</arg>
<arg>${keyTwo}</arg>
<doc>Fails if ``key`` is not found from ``dictionary``.</doc>
<status status="PASS" start="2024-04-30T08:18:20.317856" elapsed="0.000501"/>
</kw>
<kw name="Dictionary Should Contain Key" owner="Collections">
<msg time="2024-04-30T08:18:20.319041" level="INFO">False</msg>
<arg>${json_data['results'][0]['login']}</arg>
<arg>${keyTwo}</arg>
<doc>Fails if ``key`` is not found from ``dictionary``.</doc>
<status status="PASS" start="2024-04-30T08:18:20.318663" elapsed="0.000414"/>
</kw>
<kw name="Log" owner="BuiltIn">
<msg time="2024-04-30T08:18:20.319540" level="INFO">password</msg>
<arg>${keyTwo}</arg>
<doc>Logs the given message with the given level.</doc>
<status status="PASS" start="2024-04-30T08:18:20.319410" elapsed="0.000168"/>
</kw>
<var name="${keyTwo}">password</var>
<status status="PASS" start="2024-04-30T08:18:20.317747" elapsed="0.002048"/>
</iter>
<var>${keyTwo}</var>
<value>@{expected_keysTwo}</value>
<status status="PASS" start="2024-04-30T08:18:20.315517" elapsed="0.004400"/>
</for>
<status status="PASS" start="2024-04-30T08:18:20.221649" elapsed="0.098411"/>
</kw>
<doc>Testa a estrutura da resposta da API.</doc>
<tag>testeEstruturaResposta</tag>
<status status="PASS" start="2024-04-30T08:18:20.221149" elapsed="0.099071"/>
</test>
<test id="s1-s1-t4" name="Validar tipos de dados" line="28">
<kw name="Teste de Tipos de Dados" owner="random-user-service">
<kw name="GET On Session" owner="RequestsLibrary">
<msg time="2024-04-30T08:18:20.376717" level="INFO">GET Request : url=https://randomuser.me/api 
 path_url=/api 
 headers={'User-Agent': 'python-requests/2.31.0', 'Accept-Encoding': 'gzip, deflate', 'Accept': '*/*', 'Connection': 'keep-alive'} 
 body=None 
 </msg>
<msg time="2024-04-30T08:18:20.376794" level="INFO">GET Response : url=https://randomuser.me/api 
 status=200, reason=OK 
 headers={'Date': 'Tue, 30 Apr 2024 08:18:20 GMT', 'Content-Type': 'application/json; charset=utf-8', 'Transfer-Encoding': 'chunked', 'Connection': 'keep-alive', 'X-Powered-By': 'Express', 'Access-Control-Allow-Origin': '*', 'Cache-Control': 'no-cache', 'ETag': 'W/"493-bv7wBf6mlDu+FBBzVeTwaSrrSXk"', 'Vary': 'Accept-Encoding', 'Content-Encoding': 'gzip', 'CF-Cache-Status': 'DYNAMIC', 'Report-To': '{"endpoints":[{"url":"https:\\/\\/a.nel.cloudflare.com\\/report\\/v4?s=4jm6%2Fg4UJczLFr7a1mrB9IT8SEpvxUu39sdCNra4k3hQ5XpZDKsa2N9IdQinzUod9%2BVVr1GsLTBMXTD2VWnpeDXBB0pkAXbVNpRl3tIXTomMQE3Y1rl1yGmwo0HtSZKK"}],"group":"cf-nel","max_age":604800}', 'NEL': '{"success_fraction":0,"report_to":"cf-nel","max_age":604800}', 'Server': 'cloudflare', 'CF-RAY': '87c619bd0e3a1046-ORD', 'alt-svc': 'h3=":443"; ma=86400'} 
 body={"results":[{"gender":"male","name":{"title":"Mr","first":"Alfred","last":"Poulsen"},"location":{"street":{"number":1542,"name":"Frilandsvej"},"city":"København Sv","state":"Syddanmark","country":"Denmark","postcode":66114,"coordinates":{"latitude":"-44.1521","longitude":"-121.6549"},"timezone":{"offset":"+10:00","description":"Eastern Australia, Guam, Vladivostok"}},"email":"alfred.poulsen@example.com","login":{"uuid":"1df237e9-a08e-44f1-9e6b-ec1ce46937b1","username":"happyostrich935","password":"sweetnes","salt":"NdH3q0fK","md5":"0eddb2f2632de519defa3ab8b15e931f","sha1":"b759ca510fe571987872c4b9c8d1ae22301577fb","sha256":"33b823391034926e394c1b2d6d6c8fdeaa8355ea53e9e4e2d9b29acea2ca94a4"},"dob":{"date":"1989-11-01T08:07:14.178Z","age":34},"registered":{"date":"2004-08-23T10:52:27.127Z","age":19},"phone":"82351470","cell":"82541020","id":{"name":"CPR","value":"011189-3912"},"picture":{"large":"https://randomuser.me/api/portraits/men/76.jpg","medium":"https://randomuser.me/api/portraits/med/men/76.jpg","thumbnail":"https://randomuser.me/api/portraits/thumb/men/76.jpg"},"nat":"DK"}],"info":{"seed":"4f50d6974140b698","results":1,"page":1,"version":"1.4"}} 
 </msg>
<msg time="2024-04-30T08:18:20.376864" level="INFO">/opt/hostedtoolcache/Python/3.12.3/x64/lib/python3.12/site-packages/urllib3/connectionpool.py:1103: InsecureRequestWarning: Unverified HTTPS request is being made to host 'randomuser.me'. Adding certificate verification is strongly advised. See: https://urllib3.readthedocs.io/en/latest/advanced-usage.html#tls-warnings
  warnings.warn(</msg>
<msg time="2024-04-30T08:18:20.376964" level="INFO">${response} = &lt;Response [200]&gt;</msg>
<var>${response}</var>
<arg>consultarAPI</arg>
<arg>/api</arg>
<doc>Sends a GET request on a previously created HTTP Session.</doc>
<status status="PASS" start="2024-04-30T08:18:20.322719" elapsed="0.054281"/>
</kw>
<kw name="Set Variable" owner="BuiltIn">
<msg time="2024-04-30T08:18:20.377900" level="INFO">${json_data} = {'results': [{'gender': 'male', 'name': {'title': 'Mr', 'first': 'Alfred', 'last': 'Poulsen'}, 'location': {'street': {'number': 1542, 'name': 'Frilandsvej'}, 'city': 'København Sv', 'state': 'Syddanm...</msg>
<var>${json_data}</var>
<arg>${response.json()}</arg>
<doc>Returns the given values which can then be assigned to a variables.</doc>
<status status="PASS" start="2024-04-30T08:18:20.377435" elapsed="0.000496"/>
</kw>
<kw name="Log" owner="BuiltIn">
<msg time="2024-04-30T08:18:20.378397" level="INFO">{'results': [{'gender': 'male', 'name': {'title': 'Mr', 'first': 'Alfred', 'last': 'Poulsen'}, 'location': {'street': {'number': 1542, 'name': 'Frilandsvej'}, 'city': 'København Sv', 'state': 'Syddanmark', 'country': 'Denmark', 'postcode': 66114, 'coordinates': {'latitude': '-44.1521', 'longitude': '-121.6549'}, 'timezone': {'offset': '+10:00', 'description': 'Eastern Australia, Guam, Vladivostok'}}, 'email': 'alfred.poulsen@example.com', 'login': {'uuid': '1df237e9-a08e-44f1-9e6b-ec1ce46937b1', 'username': 'happyostrich935', 'password': 'sweetnes', 'salt': 'NdH3q0fK', 'md5': '0eddb2f2632de519defa3ab8b15e931f', 'sha1': 'b759ca510fe571987872c4b9c8d1ae22301577fb', 'sha256': '33b823391034926e394c1b2d6d6c8fdeaa8355ea53e9e4e2d9b29acea2ca94a4'}, 'dob': {'date': '1989-11-01T08:07:14.178Z', 'age': 34}, 'registered': {'date': '2004-08-23T10:52:27.127Z', 'age': 19}, 'phone': '82351470', 'cell': '82541020', 'id': {'name': 'CPR', 'value': '011189-3912'}, 'picture': {'large': 'https://randomuser.me/api/portraits/men/76.jpg', 'medium': 'https://randomuser.me/api/portraits/med/men/76.jpg', 'thumbnail': 'https://randomuser.me/api/portraits/thumb/men/76.jpg'}, 'nat': 'DK'}], 'info': {'seed': '4f50d6974140b698', 'results': 1, 'page': 1, 'version': '1.4'}}</msg>
<arg>${json_data}</arg>
<doc>Logs the given message with the given level.</doc>
<status status="PASS" start="2024-04-30T08:18:20.378234" elapsed="0.000245"/>
</kw>
<kw name="Should Be String" owner="String">
<arg>${json_data['results'][0]['gender']}</arg>
<doc>Fails if the given ``item`` is not a string.</doc>
<status status="PASS" start="2024-04-30T08:18:20.378777" elapsed="0.000365"/>
</kw>
<kw name="Should Match Regexp" owner="BuiltIn">
<arg>${json_data['results'][0]['email']}</arg>
<arg>^[a-zA-Z0-9._%+-]+@[a-zA-Z0-9.-]+\.[a-zA-Z]{2,}$</arg>
<doc>Fails if ``string`` does not match ``pattern`` as a regular expression.</doc>
<status status="PASS" start="2024-04-30T08:18:20.379382" elapsed="0.000529"/>
</kw>
<kw name="Should Match Regexp" owner="BuiltIn">
<arg>${json_data['results'][0]['dob']['date']}</arg>
<arg>\\d{4}-\\d{2}-\\d{2}T\\d{2}:\\d{2}:\\d{2}\\.\\d{3}Z</arg>
<doc>Fails if ``string`` does not match ``pattern`` as a regular expression.</doc>
<status status="PASS" start="2024-04-30T08:18:20.380108" elapsed="0.000492"/>
</kw>
<kw name="Should Match Regexp" owner="BuiltIn">
<arg>${json_data['results'][0]['registered']['date']}</arg>
<arg>\\d{4}-\\d{2}-\\d{2}T\\d{2}:\\d{2}:\\d{2}\\.\\d{3}Z</arg>
<doc>Fails if ``string`` does not match ``pattern`` as a regular expression.</doc>
<status status="PASS" start="2024-04-30T08:18:20.380791" elapsed="0.000370"/>
</kw>
<kw name="Should Match Regexp" owner="BuiltIn">
<arg>${json_data['results'][0]['picture']['large']}</arg>
<arg>^https?://.*\.(?:png|jpe?g|gif|bmp)$</arg>
<doc>Fails if ``string`` does not match ``pattern`` as a regular expression.</doc>
<status status="PASS" start="2024-04-30T08:18:20.381346" elapsed="0.000462"/>
</kw>
<kw name="Should Match Regexp" owner="BuiltIn">
<arg>${json_data['results'][0]['picture']['medium']}</arg>
<arg>^https?://.*\.(?:png|jpe?g|gif|bmp)$</arg>
<doc>Fails if ``string`` does not match ``pattern`` as a regular expression.</doc>
<status status="PASS" start="2024-04-30T08:18:20.381994" elapsed="0.000360"/>
</kw>
<kw name="Should Match Regexp" owner="BuiltIn">
<arg>${json_data['results'][0]['picture']['thumbnail']}</arg>
<arg>^https?://.*\.(?:png|jpe?g|gif|bmp)$</arg>
<doc>Fails if ``string`` does not match ``pattern`` as a regular expression.</doc>
<status status="PASS" start="2024-04-30T08:18:20.382545" elapsed="0.000359"/>
</kw>
<kw name="Log" owner="BuiltIn">
<msg time="2024-04-30T08:18:20.383434" level="INFO">{'large': 'https://randomuser.me/api/portraits/men/76.jpg', 'medium': 'https://randomuser.me/api/portraits/med/men/76.jpg', 'thumbnail': 'https://randomuser.me/api/portraits/thumb/men/76.jpg'}</msg>
<arg>${json_data['results'][0]['picture']}</arg>
<doc>Logs the given message with the given level.</doc>
<status status="PASS" start="2024-04-30T08:18:20.383087" elapsed="0.000389"/>
</kw>
<status status="PASS" start="2024-04-30T08:18:20.322490" elapsed="0.061239"/>
</kw>
<kw name="Teste de Tipos de Dados - Postcode" owner="random-user-service">
<kw name="GET On Session" owner="RequestsLibrary">
<msg time="2024-04-30T08:18:20.471038" level="INFO">GET Request : url=https://randomuser.me/api 
 path_url=/api 
 headers={'User-Agent': 'python-requests/2.31.0', 'Accept-Encoding': 'gzip, deflate', 'Accept': '*/*', 'Connection': 'keep-alive'} 
 body=None 
 </msg>
<msg time="2024-04-30T08:18:20.471138" level="INFO">GET Response : url=https://randomuser.me/api 
 status=200, reason=OK 
 headers={'Date': 'Tue, 30 Apr 2024 08:18:20 GMT', 'Content-Type': 'application/json; charset=utf-8', 'Transfer-Encoding': 'chunked', 'Connection': 'keep-alive', 'X-Powered-By': 'Express', 'Access-Control-Allow-Origin': '*', 'Cache-Control': 'no-cache', 'ETag': 'W/"480-LfdKvL3Pw40glTmKgDtWXuVe9zM"', 'Vary': 'Accept-Encoding', 'Content-Encoding': 'gzip', 'CF-Cache-Status': 'DYNAMIC', 'Report-To': '{"endpoints":[{"url":"https:\\/\\/a.nel.cloudflare.com\\/report\\/v4?s=W0UWELndjHMwLx9VUhtbV8gE9h18nc77KDFJgOEHi46vO3fhKYKbCuc32qMTrw2H24u7duMW0xvG1w6gMFGz0lz6lUKhwCNx%2BY6YV31%2BdSpS%2BDQq8L4yq8h6eJfiBwo8"}],"group":"cf-nel","max_age":604800}', 'NEL': '{"success_fraction":0,"report_to":"cf-nel","max_age":604800}', 'Server': 'cloudflare', 'CF-RAY': '87c619bd7e911046-ORD', 'alt-svc': 'h3=":443"; ma=86400'} 
 body={"results":[{"gender":"male","name":{"title":"Mr","first":"May","last":"Indik"},"location":{"street":{"number":6273,"name":"Litovska"},"city":"Gorodnya","state":"Zaporizka","country":"Ukraine","postcode":55042,"coordinates":{"latitude":"74.0806","longitude":"-162.4812"},"timezone":{"offset":"0:00","description":"Western Europe Time, London, Lisbon, Casablanca"}},"email":"may.indik@example.com","login":{"uuid":"857a8348-74ba-43a3-bf36-9ac0a287a9c9","username":"bluegorilla661","password":"water","salt":"DsQPpNml","md5":"c1f3d1a997e43e85a4950b666bc4494a","sha1":"e14c40159941eea231b05efdd1e3db7df36f993a","sha256":"f0786c7a1dee5fc46d66d16e2fa4cdf5f6d8f5b79c18cf234348b8cc8a66eb04"},"dob":{"date":"1983-02-17T05:59:39.731Z","age":41},"registered":{"date":"2018-04-24T09:17:26.051Z","age":6},"phone":"(097) E54-6575","cell":"(097) V82-8036","id":{"name":"","value":null},"picture":{"large":"https://randomuser.me/api/portraits/men/6.jpg","medium":"https://randomuser.me/api/portraits/med/men/6.jpg","thumbnail":"https://randomuser.me/api/portraits/thumb/men/6.jpg"},"nat":"UA"}],"info":{"seed":"05766fc42e40256e","results":1,"page":1,"version":"1.4"}} 
 </msg>
<msg time="2024-04-30T08:18:20.471247" level="INFO">/opt/hostedtoolcache/Python/3.12.3/x64/lib/python3.12/site-packages/urllib3/connectionpool.py:1103: InsecureRequestWarning: Unverified HTTPS request is being made to host 'randomuser.me'. Adding certificate verification is strongly advised. See: https://urllib3.readthedocs.io/en/latest/advanced-usage.html#tls-warnings
  warnings.warn(</msg>
<msg time="2024-04-30T08:18:20.471384" level="INFO">${response} = &lt;Response [200]&gt;</msg>
<var>${response}</var>
<arg>consultarAPI</arg>
<arg>/api</arg>
<doc>Sends a GET request on a previously created HTTP Session.</doc>
<status status="PASS" start="2024-04-30T08:18:20.384163" elapsed="0.087263"/>
</kw>
<kw name="Set Variable" owner="BuiltIn">
<msg time="2024-04-30T08:18:20.472439" level="INFO">${json_data} = {'results': [{'gender': 'male', 'name': {'title': 'Mr', 'first': 'May', 'last': 'Indik'}, 'location': {'street': {'number': 6273, 'name': 'Litovska'}, 'city': 'Gorodnya', 'state': 'Zaporizka', 'countr...</msg>
<var>${json_data}</var>
<arg>${response.json()}</arg>
<doc>Returns the given values which can then be assigned to a variables.</doc>
<status status="PASS" start="2024-04-30T08:18:20.471933" elapsed="0.000534"/>
</kw>
<kw name="Log" owner="BuiltIn">
<msg time="2024-04-30T08:18:20.472928" level="INFO">{'results': [{'gender': 'male', 'name': {'title': 'Mr', 'first': 'May', 'last': 'Indik'}, 'location': {'street': {'number': 6273, 'name': 'Litovska'}, 'city': 'Gorodnya', 'state': 'Zaporizka', 'country': 'Ukraine', 'postcode': 55042, 'coordinates': {'latitude': '74.0806', 'longitude': '-162.4812'}, 'timezone': {'offset': '0:00', 'description': 'Western Europe Time, London, Lisbon, Casablanca'}}, 'email': 'may.indik@example.com', 'login': {'uuid': '857a8348-74ba-43a3-bf36-9ac0a287a9c9', 'username': 'bluegorilla661', 'password': 'water', 'salt': 'DsQPpNml', 'md5': 'c1f3d1a997e43e85a4950b666bc4494a', 'sha1': 'e14c40159941eea231b05efdd1e3db7df36f993a', 'sha256': 'f0786c7a1dee5fc46d66d16e2fa4cdf5f6d8f5b79c18cf234348b8cc8a66eb04'}, 'dob': {'date': '1983-02-17T05:59:39.731Z', 'age': 41}, 'registered': {'date': '2018-04-24T09:17:26.051Z', 'age': 6}, 'phone': '(097) E54-6575', 'cell': '(097) V82-8036', 'id': {'name': '', 'value': None}, 'picture': {'large': 'https://randomuser.me/api/portraits/men/6.jpg', 'medium': 'https://randomuser.me/api/portraits/med/men/6.jpg', 'thumbnail': 'https://randomuser.me/api/portraits/thumb/men/6.jpg'}, 'nat': 'UA'}], 'info': {'seed': '05766fc42e40256e', 'results': 1, 'page': 1, 'version': '1.4'}}</msg>
<arg>${json_data}</arg>
<doc>Logs the given message with the given level.</doc>
<status status="PASS" start="2024-04-30T08:18:20.472775" elapsed="0.000233"/>
</kw>
<kw name="Should Be Equal As Numbers" owner="BuiltIn">
<arg>${json_data['results'][0]['location']['postcode']}</arg>
<arg>${json_data['results'][0]['location']['postcode']}</arg>
<doc>Fails if objects are unequal after converting them to real numbers.</doc>
<status status="PASS" start="2024-04-30T08:18:20.473473" elapsed="0.000622"/>
</kw>
<kw name="Log" owner="BuiltIn">
<msg time="2024-04-30T08:18:20.474618" level="INFO">55042</msg>
<arg>${json_data['results'][0]['location']['postcode']}</arg>
<doc>Logs the given message with the given level.</doc>
<status status="PASS" start="2024-04-30T08:18:20.474286" elapsed="0.000372"/>
</kw>
<status status="PASS" start="2024-04-30T08:18:20.383940" elapsed="0.090969"/>
</kw>
<doc>Testa se os tipos de dados na resposta da API estão corretos.</doc>
<tag>testeTiposDados</tag>
<status status="PASS" start="2024-04-30T08:18:20.322052" elapsed="0.153024"/>
</test>
<test id="s1-s1-t5" name="Validar conteudo" line="35">
<kw name="Teste de Tipos de Conteudo" owner="random-user-service">
<kw name="GET On Session" owner="RequestsLibrary">
<msg time="2024-04-30T08:18:20.567264" level="INFO">GET Request : url=https://randomuser.me/api 
 path_url=/api 
 headers={'User-Agent': 'python-requests/2.31.0', 'Accept-Encoding': 'gzip, deflate', 'Accept': '*/*', 'Connection': 'keep-alive'} 
 body=None 
 </msg>
<msg time="2024-04-30T08:18:20.567349" level="INFO">GET Response : url=https://randomuser.me/api 
 status=200, reason=OK 
 headers={'Date': 'Tue, 30 Apr 2024 08:18:20 GMT', 'Content-Type': 'application/json; charset=utf-8', 'Transfer-Encoding': 'chunked', 'Connection': 'keep-alive', 'X-Powered-By': 'Express', 'Access-Control-Allow-Origin': '*', 'Cache-Control': 'no-cache', 'ETag': 'W/"48b-NVCoQf0rMaiV04OE54hKqhKAe4A"', 'Vary': 'Accept-Encoding', 'Content-Encoding': 'gzip', 'CF-Cache-Status': 'DYNAMIC', 'Report-To': '{"endpoints":[{"url":"https:\\/\\/a.nel.cloudflare.com\\/report\\/v4?s=4WF%2BPQ2NqkJxwdD1BWyM4sB0sGHvsIfcaMkq8a02Tcbpv8mwkRgUFeaPon%2B9S1S5resPexMtrWZkpWUSKo%2FLMehd61hUEusg6K8kHYoB6uWfpnM6b9dLroN3gBIIj8Kg"}],"group":"cf-nel","max_age":604800}', 'NEL': '{"success_fraction":0,"report_to":"cf-nel","max_age":604800}', 'Server': 'cloudflare', 'CF-RAY': '87c619be0eef1046-ORD', 'alt-svc': 'h3=":443"; ma=86400'} 
 body={"results":[{"gender":"female","name":{"title":"Miss","first":"Emilie","last":"Poulsen"},"location":{"street":{"number":7532,"name":"Klostervej"},"city":"Agerbæk","state":"Danmark","country":"Denmark","postcode":85522,"coordinates":{"latitude":"-45.1230","longitude":"143.7624"},"timezone":{"offset":"+1:00","description":"Brussels, Copenhagen, Madrid, Paris"}},"email":"emilie.poulsen@example.com","login":{"uuid":"3c07c602-d490-4574-a8fe-0b8dd33cdfd2","username":"whitebird720","password":"yankee","salt":"sLdwBsyH","md5":"d7a5bcabf3503dc79af718533ce4e8bc","sha1":"d299f08bdee7284ccbdfe8949e262ac04eb4696f","sha256":"21c996d572fde110b5105381630b2dbac20a6994b05ca07530c72493aeb1c954"},"dob":{"date":"1976-07-27T07:37:23.569Z","age":47},"registered":{"date":"2018-11-15T01:20:40.443Z","age":5},"phone":"22789813","cell":"61260360","id":{"name":"CPR","value":"270776-1231"},"picture":{"large":"https://randomuser.me/api/portraits/women/80.jpg","medium":"https://randomuser.me/api/portraits/med/women/80.jpg","thumbnail":"https://randomuser.me/api/portraits/thumb/women/80.jpg"},"nat":"DK"}],"info":{"seed":"cdb7241c27331841","results":1,"page":1,"version":"1.4"}} 
 </msg>
<msg time="2024-04-30T08:18:20.567421" level="INFO">/opt/hostedtoolcache/Python/3.12.3/x64/lib/python3.12/site-packages/urllib3/connectionpool.py:1103: InsecureRequestWarning: Unverified HTTPS request is being made to host 'randomuser.me'. Adding certificate verification is strongly advised. See: https://urllib3.readthedocs.io/en/latest/advanced-usage.html#tls-warnings
  warnings.warn(</msg>
<msg time="2024-04-30T08:18:20.567524" level="INFO">${response} = &lt;Response [200]&gt;</msg>
<var>${response}</var>
<arg>consultarAPI</arg>
<arg>/api</arg>
<doc>Sends a GET request on a previously created HTTP Session.</doc>
<status status="PASS" start="2024-04-30T08:18:20.477535" elapsed="0.090028"/>
</kw>
<kw name="Set Variable" owner="BuiltIn">
<msg time="2024-04-30T08:18:20.568440" level="INFO">${json_data} = {'results': [{'gender': 'female', 'name': {'title': 'Miss', 'first': 'Emilie', 'last': 'Poulsen'}, 'location': {'street': {'number': 7532, 'name': 'Klostervej'}, 'city': 'Agerbæk', 'state': 'Danmark',...</msg>
<var>${json_data}</var>
<arg>${response.json()}</arg>
<doc>Returns the given values which can then be assigned to a variables.</doc>
<status status="PASS" start="2024-04-30T08:18:20.567977" elapsed="0.000493"/>
</kw>
<kw name="Set Variable" owner="BuiltIn">
<msg time="2024-04-30T08:18:20.569147" level="INFO">${name_title} = Miss</msg>
<var>${name_title}</var>
<arg>${json_data["results"][0]["name"]["title"]}</arg>
<doc>Returns the given values which can then be assigned to a variables.</doc>
<status status="PASS" start="2024-04-30T08:18:20.568772" elapsed="0.000400"/>
</kw>
<kw name="Create List" owner="BuiltIn">
<msg time="2024-04-30T08:18:20.569618" level="INFO">${allowed_titles} = ['Mr', 'Ms', 'Miss', 'Mrs', 'Madame', 'Monsieur']</msg>
<var>${allowed_titles}</var>
<arg>Mr</arg>
<arg>Ms</arg>
<arg>Miss</arg>
<arg>Mrs</arg>
<arg>Madame</arg>
<arg>Monsieur</arg>
<doc>Returns a list containing given items.</doc>
<status status="PASS" start="2024-04-30T08:18:20.569472" elapsed="0.000170"/>
</kw>
<kw name="List Should Contain Value" owner="Collections">
<msg time="2024-04-30T08:18:20.570108" level="INFO">False</msg>
<arg>${allowed_titles}</arg>
<arg>${name_title}</arg>
<doc>Fails if the ``value`` is not found from ``list``.</doc>
<status status="PASS" start="2024-04-30T08:18:20.569939" elapsed="0.000205"/>
</kw>
<kw name="Set Variable" owner="BuiltIn">
<msg time="2024-04-30T08:18:20.570816" level="INFO">${name_country} = DK</msg>
<var>${name_country}</var>
<arg>${json_data["results"][0]["nat"]}</arg>
<doc>Returns the given values which can then be assigned to a variables.</doc>
<status status="PASS" start="2024-04-30T08:18:20.570440" elapsed="0.000401"/>
</kw>
<kw name="Create List" owner="BuiltIn">
<msg time="2024-04-30T08:18:20.571811" level="INFO">${list_country} = ['AD', 'AE', 'AF', 'AG', 'AI', 'AL', 'AM', 'AO', 'AQ', 'AR', 'AS', 'AT', 'AU', 'AW', 'AX', 'AZ', 'BA', 'BB', 'BD', 'BE', 'BF', 'BG', 'BH', 'BI', 'BJ', 'BL', 'BM', 'BN', 'BO', 'BQ', 'BR', 'BS', 'BT', '...</msg>
<var>${list_country}</var>
<arg>AD</arg>
<arg>AE</arg>
<arg>AF</arg>
<arg>AG</arg>
<arg>AI</arg>
<arg>AL</arg>
<arg>AM</arg>
<arg>AO</arg>
<arg>AQ</arg>
<arg>AR</arg>
<arg>AS</arg>
<arg>AT</arg>
<arg>AU</arg>
<arg>AW</arg>
<arg>AX</arg>
<arg>AZ</arg>
<arg>BA</arg>
<arg>BB</arg>
<arg>BD</arg>
<arg>BE</arg>
<arg>BF</arg>
<arg>BG</arg>
<arg>BH</arg>
<arg>BI</arg>
<arg>BJ</arg>
<arg>BL</arg>
<arg>BM</arg>
<arg>BN</arg>
<arg>BO</arg>
<arg>BQ</arg>
<arg>BR</arg>
<arg>BS</arg>
<arg>BT</arg>
<arg>BV</arg>
<arg>BW</arg>
<arg>BY</arg>
<arg>BZ</arg>
<arg>CA</arg>
<arg>CC</arg>
<arg>CD</arg>
<arg>CF</arg>
<arg>CG</arg>
<arg>CH</arg>
<arg>CI</arg>
<arg>CK</arg>
<arg>CL</arg>
<arg>CM</arg>
<arg>CN</arg>
<arg>CO</arg>
<arg>CR</arg>
<arg>CU</arg>
<arg>CV</arg>
<arg>CW</arg>
<arg>CX</arg>
<arg>CY</arg>
<arg>CZ</arg>
<arg>DE</arg>
<arg>DJ</arg>
<arg>DK</arg>
<arg>DM</arg>
<arg>DO</arg>
<arg>DZ</arg>
<arg>EC</arg>
<arg>EE</arg>
<arg>EG</arg>
<arg>EH</arg>
<arg>ER</arg>
<arg>ES</arg>
<arg>ET</arg>
<arg>FI</arg>
<arg>FJ</arg>
<arg>FK</arg>
<arg>FM</arg>
<arg>FO</arg>
<arg>FR</arg>
<arg>GA</arg>
<arg>GB</arg>
<arg>GD</arg>
<arg>GE</arg>
<arg>GF</arg>
<arg>GG</arg>
<arg>GH</arg>
<arg>GI</arg>
<arg>GL</arg>
<arg>GM</arg>
<arg>GN</arg>
<arg>GP</arg>
<arg>GQ</arg>
<arg>GR</arg>
<arg>GS</arg>
<arg>GT</arg>
<arg>GU</arg>
<arg>GW</arg>
<arg>GY</arg>
<arg>HK</arg>
<arg>HM</arg>
<arg>HN</arg>
<arg>HR</arg>
<arg>HT</arg>
<arg>HU</arg>
<arg>ID</arg>
<arg>IE</arg>
<arg>IL</arg>
<arg>IM</arg>
<arg>IN</arg>
<arg>IO</arg>
<arg>IQ</arg>
<arg>IR</arg>
<arg>IS</arg>
<arg>IT</arg>
<arg>JE</arg>
<arg>JM</arg>
<arg>JO</arg>
<arg>JP</arg>
<arg>KE</arg>
<arg>KG</arg>
<arg>KH</arg>
<arg>KI</arg>
<arg>KM</arg>
<arg>KN</arg>
<arg>KP</arg>
<arg>KR</arg>
<arg>KW</arg>
<arg>KY</arg>
<arg>KZ</arg>
<arg>LA</arg>
<arg>LB</arg>
<arg>LC</arg>
<arg>LI</arg>
<arg>LK</arg>
<arg>LR</arg>
<arg>LS</arg>
<arg>LT</arg>
<arg>LU</arg>
<arg>LV</arg>
<arg>LY</arg>
<arg>MA</arg>
<arg>MC</arg>
<arg>MD</arg>
<arg>ME</arg>
<arg>MF</arg>
<arg>MG</arg>
<arg>MH</arg>
<arg>MK</arg>
<arg>ML</arg>
<arg>MM</arg>
<arg>MN</arg>
<arg>MO</arg>
<arg>MP</arg>
<arg>MQ</arg>
<arg>MR</arg>
<arg>MS</arg>
<arg>MT</arg>
<arg>MU</arg>
<arg>MV</arg>
<arg>MW</arg>
<arg>MX</arg>
<arg>MY</arg>
<arg>MZ</arg>
<arg>NA</arg>
<arg>NC</arg>
<arg>NE</arg>
<arg>NF</arg>
<arg>NG</arg>
<arg>NI</arg>
<arg>NL</arg>
<arg>NO</arg>
<arg>NP</arg>
<arg>NR</arg>
<arg>NU</arg>
<arg>NZ</arg>
<arg>OM</arg>
<arg>PA</arg>
<arg>PE</arg>
<arg>PF</arg>
<arg>PG</arg>
<arg>PH</arg>
<arg>PK</arg>
<arg>PL</arg>
<arg>PM</arg>
<arg>PN</arg>
<arg>PR</arg>
<arg>PS</arg>
<arg>PT</arg>
<arg>PW</arg>
<arg>PY</arg>
<arg>QA</arg>
<arg>RE</arg>
<arg>RO</arg>
<arg>RS</arg>
<arg>RU</arg>
<arg>RW</arg>
<arg>SA</arg>
<arg>SB</arg>
<arg>SC</arg>
<arg>SD</arg>
<arg>SE</arg>
<arg>SG</arg>
<arg>SH</arg>
<arg>SI</arg>
<arg>SJ</arg>
<arg>SK</arg>
<arg>SL</arg>
<arg>SM</arg>
<arg>SN</arg>
<arg>SO</arg>
<arg>SR</arg>
<arg>SS</arg>
<arg>ST</arg>
<arg>SV</arg>
<arg>SX</arg>
<arg>SY</arg>
<arg>SZ</arg>
<arg>TC</arg>
<arg>TD</arg>
<arg>TF</arg>
<arg>TG</arg>
<arg>TH</arg>
<arg>TJ</arg>
<arg>TK</arg>
<arg>TL</arg>
<arg>TM</arg>
<arg>TN</arg>
<arg>TO</arg>
<arg>TR</arg>
<arg>TT</arg>
<arg>TV</arg>
<arg>TW</arg>
<arg>TZ</arg>
<arg>UA</arg>
<arg>UG</arg>
<arg>UM</arg>
<arg>US</arg>
<arg>UY</arg>
<arg>UZ</arg>
<arg>VA</arg>
<arg>VC</arg>
<arg>VE</arg>
<arg>VG</arg>
<arg>VI</arg>
<arg>VN</arg>
<arg>VU</arg>
<arg>WF</arg>
<arg>WS</arg>
<arg>XK</arg>
<arg>YE</arg>
<arg>YT</arg>
<arg>ZA</arg>
<arg>ZM</arg>
<arg>ZW</arg>
<doc>Returns a list containing given items.</doc>
<status status="PASS" start="2024-04-30T08:18:20.571135" elapsed="0.000703"/>
</kw>
<kw name="List Should Contain Value" owner="Collections">
<msg time="2024-04-30T08:18:20.572835" level="INFO">False</msg>
<arg>${list_country}</arg>
<arg>${name_country}</arg>
<doc>Fails if the ``value`` is not found from ``list``.</doc>
<status status="PASS" start="2024-04-30T08:18:20.572636" elapsed="0.000235"/>
</kw>
<kw name="Run Keyword If" owner="BuiltIn">
<kw name="Should Be True" owner="BuiltIn">
<arg>${True}</arg>
<doc>Fails if the given condition is not true.</doc>
<status status="PASS" start="2024-04-30T08:18:20.573935" elapsed="0.000242"/>
</kw>
<arg>${json_data["results"][0]["location"]["coordinates"]["latitude"]} &gt;= -90 and ${json_data["results"][0]["location"]["coordinates"]["latitude"]} &lt;= 90</arg>
<arg>Should Be True</arg>
<arg>${True}</arg>
<doc>Runs the given keyword with the given arguments, if ``condition`` is true.</doc>
<status status="PASS" start="2024-04-30T08:18:20.573180" elapsed="0.001126"/>
</kw>
<kw name="Run Keyword If" owner="BuiltIn">
<kw name="Should Be True" owner="BuiltIn">
<arg>${True}</arg>
<doc>Fails if the given condition is not true.</doc>
<status status="PASS" start="2024-04-30T08:18:20.575220" elapsed="0.000149"/>
</kw>
<arg>${json_data["results"][0]["location"]["coordinates"]["longitude"]} &gt;= -180 and ${json_data["results"][0]["location"]["coordinates"]["longitude"]} &lt;= 180</arg>
<arg>Should Be True</arg>
<arg>${True}</arg>
<doc>Runs the given keyword with the given arguments, if ``condition`` is true.</doc>
<status status="PASS" start="2024-04-30T08:18:20.574494" elapsed="0.000999"/>
</kw>
<status status="PASS" start="2024-04-30T08:18:20.477306" elapsed="0.098317"/>
</kw>
<doc>Testa o conteúdo específico dos campos retornados pela API.</doc>
<tag>testeConteudo</tag>
<status status="PASS" start="2024-04-30T08:18:20.476852" elapsed="0.098918"/>
</test>
<status status="PASS" start="2024-04-30T08:18:19.636817" elapsed="0.940864"/>
</suite>
<status status="PASS" start="2024-04-30T08:18:19.623171" elapsed="0.959621"/>
</suite>
<statistics>
<total>
<stat pass="5" fail="0" skip="0">All Tests</stat>
</total>
<tag>
<stat pass="1" fail="0" skip="0">testeConteudo</stat>
<stat pass="1" fail="0" skip="0">testeEstruturaResposta</stat>
<stat pass="1" fail="0" skip="0">testeRequisicaoBasica</stat>
<stat pass="1" fail="0" skip="0">testeTiposDados</stat>
</tag>
<suite>
<stat pass="5" fail="0" skip="0" id="s1" name="Tests">Tests</stat>
<stat pass="5" fail="0" skip="0" id="s1-s1" name="Random-User-Test">Tests.Random-User-Test</stat>
</suite>
</statistics>
<errors>
</errors>
</robot>
