<?xml version="1.0" encoding="UTF-8"?>
<robot generator="Robot 7.0 (Python 3.12.3 on linux)" generated="2024-05-19T15:14:03.432162" rpa="false" schemaversion="5">
<suite id="s1" name="Tests" source="/home/runner/work/DesafioQAItauRogerioJordao/DesafioQAItauRogerioJordao/RamdonUser/tests">
<suite id="s1-s1" name="Random-User-Test" source="/home/runner/work/DesafioQAItauRogerioJordao/DesafioQAItauRogerioJordao/RamdonUser/tests/random-user-test.robot">
<test id="s1-s1-t1" name="Conectar" line="13">
<kw name="Conectar API" owner="random-user-service">
<kw name="Create Session" owner="RequestsLibrary">
<msg time="2024-05-19T15:14:03.789189" level="INFO">Creating Session using : alias=consultarAPI, url=https://randomuser.me/, headers={},                     cookies={}, auth=None, timeout=None, proxies=None, verify=False,                     debug=0 </msg>
<arg>consultarAPI</arg>
<arg>${URL}</arg>
<doc>Create Session: create a HTTP session to a server</doc>
<status status="PASS" start="2024-05-19T15:14:03.788984" elapsed="0.000388"/>
</kw>
<status status="PASS" start="2024-05-19T15:14:03.787979" elapsed="0.001757"/>
</kw>
<status status="PASS" start="2024-05-19T15:14:03.787298" elapsed="0.002635"/>
</test>
<test id="s1-s1-t2" name="Validar retorno 200 e JSON Válido" line="16">
<kw name="Teste de Requisicao Basica" owner="random-user-service">
<kw name="GET On Session" owner="RequestsLibrary">
<msg time="2024-05-19T15:14:04.630713" level="INFO">GET Request : url=https://randomuser.me/api 
 path_url=/api 
 headers={'User-Agent': 'python-requests/2.31.0', 'Accept-Encoding': 'gzip, deflate', 'Accept': '*/*', 'Connection': 'keep-alive'} 
 body=None 
 </msg>
<msg time="2024-05-19T15:14:04.630866" level="INFO">GET Response : url=https://randomuser.me/api 
 status=200, reason=OK 
 headers={'Date': 'Sun, 19 May 2024 15:14:04 GMT', 'Content-Type': 'application/json; charset=utf-8', 'Transfer-Encoding': 'chunked', 'Connection': 'keep-alive', 'X-Powered-By': 'Express', 'Access-Control-Allow-Origin': '*', 'Cache-Control': 'no-cache', 'ETag': 'W/"49b-L3eWPNXMoDlDKMHdjlec1ilbJkM"', 'Vary': 'Accept-Encoding', 'Content-Encoding': 'gzip', 'CF-Cache-Status': 'DYNAMIC', 'Report-To': '{"endpoints":[{"url":"https:\\/\\/a.nel.cloudflare.com\\/report\\/v4?s=zXf%2FeUAc9DpBgBz%2FSKokY9UFQMh6IbXXJ2SMdvjO8B858EQhTRAJ%2BCGm8QwJAOfz6FQuNgZAuh1MvPcbZXbpUZ%2FrxQI19sUjD4mslTF%2FPpM8Qkxl2Idzz8bH9Emz1a8B"}],"group":"cf-nel","max_age":604800}', 'NEL': '{"success_fraction":0,"report_to":"cf-nel","max_age":604800}', 'Server': 'cloudflare', 'CF-RAY': '886508d60a6d10e4-ORD', 'alt-svc': 'h3=":443"; ma=86400'} 
 body={"results":[{"gender":"female","name":{"title":"Ms","first":"Esperanza","last":"Ortiz"},"location":{"street":{"number":1156,"name":"Calle de La Luna"},"city":"Barcelona","state":"Andalucía","country":"Spain","postcode":20404,"coordinates":{"latitude":"-31.4424","longitude":"24.6866"},"timezone":{"offset":"+5:30","description":"Bombay, Calcutta, Madras, New Delhi"}},"email":"esperanza.ortiz@example.com","login":{"uuid":"5aeb1810-1aa8-4a55-b1f8-89cef773a4b5","username":"orangeleopard661","password":"webber","salt":"QMHOtv8f","md5":"ddcaf5f0fc51f3e6caddf3bd7c169c36","sha1":"82f4884b0bbdb5baa32f5b01ac52af99c60366ff","sha256":"ef7e00c47becf38952387a12cd973236d3fca954e961400ad51cb871796df407"},"dob":{"date":"1990-06-25T18:59:54.333Z","age":33},"registered":{"date":"2020-07-18T17:44:19.266Z","age":3},"phone":"944-262-730","cell":"629-075-006","id":{"name":"DNI","value":"09900841-A"},"picture":{"large":"https://randomuser.me/api/portraits/women/95.jpg","medium":"https://randomuser.me/api/portraits/med/women/95.jpg","thumbnail":"https://randomuser.me/api/portraits/thumb/women/95.jpg"},"nat":"ES"}],"info":{"seed":"9229785acdcfe258","results":1,"page":1,"version":"1.4"}} 
 </msg>
<msg time="2024-05-19T15:14:04.630947" level="INFO">/opt/hostedtoolcache/Python/3.12.3/x64/lib/python3.12/site-packages/urllib3/connectionpool.py:1103: InsecureRequestWarning: Unverified HTTPS request is being made to host 'randomuser.me'. Adding certificate verification is strongly advised. See: https://urllib3.readthedocs.io/en/latest/advanced-usage.html#tls-warnings
  warnings.warn(</msg>
<msg time="2024-05-19T15:14:04.631087" level="INFO">${response} = &lt;Response [200]&gt;</msg>
<var>${response}</var>
<arg>consultarAPI</arg>
<arg>/api</arg>
<doc>Sends a GET request on a previously created HTTP Session.</doc>
<status status="PASS" start="2024-05-19T15:14:03.792653" elapsed="0.838469"/>
</kw>
<kw name="Should Be Equal As Numbers" owner="BuiltIn">
<msg time="2024-05-19T15:14:04.632233" level="INFO">Argument types are:
&lt;class 'int'&gt;
&lt;class 'str'&gt;</msg>
<arg>${response.status_code}</arg>
<arg>200</arg>
<doc>Fails if objects are unequal after converting them to real numbers.</doc>
<status status="PASS" start="2024-05-19T15:14:04.631743" elapsed="0.000554"/>
</kw>
<kw name="Log" owner="BuiltIn">
<msg time="2024-05-19T15:14:04.633004" level="INFO">200</msg>
<arg>${response.status_code}</arg>
<doc>Logs the given message with the given level.</doc>
<status status="PASS" start="2024-05-19T15:14:04.632657" elapsed="0.000389"/>
</kw>
<kw name="Set Variable" owner="BuiltIn">
<msg time="2024-05-19T15:14:04.633807" level="INFO">${json_data} = {'results': [{'gender': 'female', 'name': {'title': 'Ms', 'first': 'Esperanza', 'last': 'Ortiz'}, 'location': {'street': {'number': 1156, 'name': 'Calle de La Luna'}, 'city': 'Barcelona', 'state': 'An...</msg>
<var>${json_data}</var>
<arg>${response.json()}</arg>
<doc>Returns the given values which can then be assigned to a variables.</doc>
<status status="PASS" start="2024-05-19T15:14:04.633351" elapsed="0.000485"/>
</kw>
<kw name="Dictionary Should Contain Key" owner="Collections">
<msg time="2024-05-19T15:14:04.634301" level="INFO">False</msg>
<arg>${json_data}</arg>
<arg>results</arg>
<doc>Fails if ``key`` is not found from ``dictionary``.</doc>
<status status="PASS" start="2024-05-19T15:14:04.634136" elapsed="0.000203"/>
</kw>
<status status="PASS" start="2024-05-19T15:14:03.792396" elapsed="0.842199"/>
</kw>
<doc>Testa se a API responde corretamente e retorna um objeto JSON válido.</doc>
<tag>testeRequisicaoBasica</tag>
<status status="PASS" start="2024-05-19T15:14:03.791807" elapsed="0.842973"/>
</test>
<test id="s1-s1-t3" name="Validar estrutura de resposta" line="22">
<kw name="Teste de Estrutura de Resposta" owner="random-user-service">
<kw name="GET On Session" owner="RequestsLibrary">
<msg time="2024-05-19T15:14:04.769847" level="INFO">GET Request : url=https://randomuser.me/api 
 path_url=/api 
 headers={'User-Agent': 'python-requests/2.31.0', 'Accept-Encoding': 'gzip, deflate', 'Accept': '*/*', 'Connection': 'keep-alive'} 
 body=None 
 </msg>
<msg time="2024-05-19T15:14:04.769956" level="INFO">GET Response : url=https://randomuser.me/api 
 status=200, reason=OK 
 headers={'Date': 'Sun, 19 May 2024 15:14:04 GMT', 'Content-Type': 'application/json; charset=utf-8', 'Transfer-Encoding': 'chunked', 'Connection': 'keep-alive', 'X-Powered-By': 'Express', 'Access-Control-Allow-Origin': '*', 'Cache-Control': 'no-cache', 'ETag': 'W/"4a2-qupDm6x8eO73Zeovd1Bwa306nbA"', 'Vary': 'Accept-Encoding', 'Content-Encoding': 'gzip', 'CF-Cache-Status': 'DYNAMIC', 'Report-To': '{"endpoints":[{"url":"https:\\/\\/a.nel.cloudflare.com\\/report\\/v4?s=SjuazlurshWQVpVIeGotzzLUd1FmLSFNYImpPm%2Bk01ETFgLsEI5mRTBhrnXVm%2BZqI5CkVO9MUobY4OkjaC9T%2FglS8MnWaafl758edkXitNJ4K%2BPSYfBIXwRCpJN9Upc3"}],"group":"cf-nel","max_age":604800}', 'NEL': '{"success_fraction":0,"report_to":"cf-nel","max_age":604800}', 'Server': 'cloudflare', 'CF-RAY': '886508daf88f10e4-ORD', 'alt-svc': 'h3=":443"; ma=86400'} 
 body={"results":[{"gender":"male","name":{"title":"Mr","first":"Clinton","last":"Roberts"},"location":{"street":{"number":1998,"name":"Queen Street"},"city":"Canterbury","state":"Wiltshire","country":"United Kingdom","postcode":"L90 8ED","coordinates":{"latitude":"-7.8367","longitude":"-120.2296"},"timezone":{"offset":"-3:00","description":"Brazil, Buenos Aires, Georgetown"}},"email":"clinton.roberts@example.com","login":{"uuid":"2c53a2ff-4fea-4551-9497-0d7509fb15b5","username":"organicladybug153","password":"dennis","salt":"r86Ovvhw","md5":"2f9c48b973d04c00e0afd92884a4f6c3","sha1":"e1b18e72113b6ff6b726e5f4b35344de93d4062e","sha256":"8cbc7aaeb4d78ff8a40aa52e5aecfa7a04f143b17b37d29bbf320f1ca5809893"},"dob":{"date":"1993-02-05T08:20:53.649Z","age":31},"registered":{"date":"2012-04-08T17:01:36.102Z","age":12},"phone":"019467 48199","cell":"07454 155235","id":{"name":"NINO","value":"LH 80 39 18 I"},"picture":{"large":"https://randomuser.me/api/portraits/men/34.jpg","medium":"https://randomuser.me/api/portraits/med/men/34.jpg","thumbnail":"https://randomuser.me/api/portraits/thumb/men/34.jpg"},"nat":"GB"}],"info":{"seed":"af5feab6c80c1afe","results":1,"page":1,"version":"1.4"}} 
 </msg>
<msg time="2024-05-19T15:14:04.770098" level="INFO">/opt/hostedtoolcache/Python/3.12.3/x64/lib/python3.12/site-packages/urllib3/connectionpool.py:1103: InsecureRequestWarning: Unverified HTTPS request is being made to host 'randomuser.me'. Adding certificate verification is strongly advised. See: https://urllib3.readthedocs.io/en/latest/advanced-usage.html#tls-warnings
  warnings.warn(</msg>
<msg time="2024-05-19T15:14:04.770242" level="INFO">${response} = &lt;Response [200]&gt;</msg>
<var>${response}</var>
<arg>consultarAPI</arg>
<arg>/api</arg>
<doc>Sends a GET request on a previously created HTTP Session.</doc>
<status status="PASS" start="2024-05-19T15:14:04.637368" elapsed="0.132922"/>
</kw>
<kw name="Set Variable" owner="BuiltIn">
<msg time="2024-05-19T15:14:04.771296" level="INFO">${json_data} = {'results': [{'gender': 'male', 'name': {'title': 'Mr', 'first': 'Clinton', 'last': 'Roberts'}, 'location': {'street': {'number': 1998, 'name': 'Queen Street'}, 'city': 'Canterbury', 'state': 'Wiltshi...</msg>
<var>${json_data}</var>
<arg>${response.json()}</arg>
<doc>Returns the given values which can then be assigned to a variables.</doc>
<status status="PASS" start="2024-05-19T15:14:04.770778" elapsed="0.000548"/>
</kw>
<kw name="Log" owner="BuiltIn">
<msg time="2024-05-19T15:14:04.771806" level="INFO">{'results': [{'gender': 'male', 'name': {'title': 'Mr', 'first': 'Clinton', 'last': 'Roberts'}, 'location': {'street': {'number': 1998, 'name': 'Queen Street'}, 'city': 'Canterbury', 'state': 'Wiltshire', 'country': 'United Kingdom', 'postcode': 'L90 8ED', 'coordinates': {'latitude': '-7.8367', 'longitude': '-120.2296'}, 'timezone': {'offset': '-3:00', 'description': 'Brazil, Buenos Aires, Georgetown'}}, 'email': 'clinton.roberts@example.com', 'login': {'uuid': '2c53a2ff-4fea-4551-9497-0d7509fb15b5', 'username': 'organicladybug153', 'password': 'dennis', 'salt': 'r86Ovvhw', 'md5': '2f9c48b973d04c00e0afd92884a4f6c3', 'sha1': 'e1b18e72113b6ff6b726e5f4b35344de93d4062e', 'sha256': '8cbc7aaeb4d78ff8a40aa52e5aecfa7a04f143b17b37d29bbf320f1ca5809893'}, 'dob': {'date': '1993-02-05T08:20:53.649Z', 'age': 31}, 'registered': {'date': '2012-04-08T17:01:36.102Z', 'age': 12}, 'phone': '019467 48199', 'cell': '07454 155235', 'id': {'name': 'NINO', 'value': 'LH 80 39 18 I'}, 'picture': {'large': 'https://randomuser.me/api/portraits/men/34.jpg', 'medium': 'https://randomuser.me/api/portraits/med/men/34.jpg', 'thumbnail': 'https://randomuser.me/api/portraits/thumb/men/34.jpg'}, 'nat': 'GB'}], 'info': {'seed': 'af5feab6c80c1afe', 'results': 1, 'page': 1, 'version': '1.4'}}</msg>
<arg>${json_data}</arg>
<doc>Logs the given message with the given level.</doc>
<status status="PASS" start="2024-05-19T15:14:04.771641" elapsed="0.000213"/>
</kw>
<kw name="Dictionary Should Contain Key" owner="Collections">
<msg time="2024-05-19T15:14:04.772366" level="INFO">False</msg>
<arg>${json_data}</arg>
<arg>results</arg>
<doc>Fails if ``key`` is not found from ``dictionary``.</doc>
<status status="PASS" start="2024-05-19T15:14:04.772202" elapsed="0.000201"/>
</kw>
<kw name="Should Not Be Empty" owner="BuiltIn">
<msg time="2024-05-19T15:14:04.772854" level="INFO">Length is 2.</msg>
<arg>${json_data}</arg>
<doc>Verifies that the given item is not empty.</doc>
<status status="PASS" start="2024-05-19T15:14:04.772721" elapsed="0.000172"/>
</kw>
<kw name="Create List" owner="BuiltIn">
<msg time="2024-05-19T15:14:04.773491" level="INFO">${expected_keys} = ['gender', 'name', 'location', 'email', 'login']</msg>
<var>${expected_keys}</var>
<arg>gender</arg>
<arg>name</arg>
<arg>location</arg>
<arg>email</arg>
<arg>login</arg>
<doc>Returns a list containing given items.</doc>
<status status="PASS" start="2024-05-19T15:14:04.773184" elapsed="0.000332"/>
</kw>
<for flavor="IN">
<iter>
<kw name="Dictionary Should Contain Key" owner="Collections">
<msg time="2024-05-19T15:14:04.774514" level="INFO">False</msg>
<arg>${json_data['results'][0]}</arg>
<arg>${key}</arg>
<doc>Fails if ``key`` is not found from ``dictionary``.</doc>
<status status="PASS" start="2024-05-19T15:14:04.774112" elapsed="0.000441"/>
</kw>
<kw name="Log" owner="BuiltIn">
<msg time="2024-05-19T15:14:04.775223" level="INFO">{'gender': 'male', 'name': {'title': 'Mr', 'first': 'Clinton', 'last': 'Roberts'}, 'location': {'street': {'number': 1998, 'name': 'Queen Street'}, 'city': 'Canterbury', 'state': 'Wiltshire', 'country': 'United Kingdom', 'postcode': 'L90 8ED', 'coordinates': {'latitude': '-7.8367', 'longitude': '-120.2296'}, 'timezone': {'offset': '-3:00', 'description': 'Brazil, Buenos Aires, Georgetown'}}, 'email': 'clinton.roberts@example.com', 'login': {'uuid': '2c53a2ff-4fea-4551-9497-0d7509fb15b5', 'username': 'organicladybug153', 'password': 'dennis', 'salt': 'r86Ovvhw', 'md5': '2f9c48b973d04c00e0afd92884a4f6c3', 'sha1': 'e1b18e72113b6ff6b726e5f4b35344de93d4062e', 'sha256': '8cbc7aaeb4d78ff8a40aa52e5aecfa7a04f143b17b37d29bbf320f1ca5809893'}, 'dob': {'date': '1993-02-05T08:20:53.649Z', 'age': 31}, 'registered': {'date': '2012-04-08T17:01:36.102Z', 'age': 12}, 'phone': '019467 48199', 'cell': '07454 155235', 'id': {'name': 'NINO', 'value': 'LH 80 39 18 I'}, 'picture': {'large': 'https://randomuser.me/api/portraits/men/34.jpg', 'medium': 'https://randomuser.me/api/portraits/med/men/34.jpg', 'thumbnail': 'https://randomuser.me/api/portraits/thumb/men/34.jpg'}, 'nat': 'GB'}</msg>
<arg>${json_data['results'][0]}</arg>
<doc>Logs the given message with the given level.</doc>
<status status="PASS" start="2024-05-19T15:14:04.774854" elapsed="0.000418"/>
</kw>
<kw name="Log" owner="BuiltIn">
<msg time="2024-05-19T15:14:04.775704" level="INFO">gender</msg>
<arg>${key}</arg>
<doc>Logs the given message with the given level.</doc>
<status status="PASS" start="2024-05-19T15:14:04.775577" elapsed="0.000164"/>
</kw>
<var name="${key}">gender</var>
<status status="PASS" start="2024-05-19T15:14:04.773984" elapsed="0.001993"/>
</iter>
<iter>
<kw name="Dictionary Should Contain Key" owner="Collections">
<msg time="2024-05-19T15:14:04.776680" level="INFO">False</msg>
<arg>${json_data['results'][0]}</arg>
<arg>${key}</arg>
<doc>Fails if ``key`` is not found from ``dictionary``.</doc>
<status status="PASS" start="2024-05-19T15:14:04.776283" elapsed="0.000434"/>
</kw>
<kw name="Log" owner="BuiltIn">
<msg time="2024-05-19T15:14:04.777418" level="INFO">{'gender': 'male', 'name': {'title': 'Mr', 'first': 'Clinton', 'last': 'Roberts'}, 'location': {'street': {'number': 1998, 'name': 'Queen Street'}, 'city': 'Canterbury', 'state': 'Wiltshire', 'country': 'United Kingdom', 'postcode': 'L90 8ED', 'coordinates': {'latitude': '-7.8367', 'longitude': '-120.2296'}, 'timezone': {'offset': '-3:00', 'description': 'Brazil, Buenos Aires, Georgetown'}}, 'email': 'clinton.roberts@example.com', 'login': {'uuid': '2c53a2ff-4fea-4551-9497-0d7509fb15b5', 'username': 'organicladybug153', 'password': 'dennis', 'salt': 'r86Ovvhw', 'md5': '2f9c48b973d04c00e0afd92884a4f6c3', 'sha1': 'e1b18e72113b6ff6b726e5f4b35344de93d4062e', 'sha256': '8cbc7aaeb4d78ff8a40aa52e5aecfa7a04f143b17b37d29bbf320f1ca5809893'}, 'dob': {'date': '1993-02-05T08:20:53.649Z', 'age': 31}, 'registered': {'date': '2012-04-08T17:01:36.102Z', 'age': 12}, 'phone': '019467 48199', 'cell': '07454 155235', 'id': {'name': 'NINO', 'value': 'LH 80 39 18 I'}, 'picture': {'large': 'https://randomuser.me/api/portraits/men/34.jpg', 'medium': 'https://randomuser.me/api/portraits/med/men/34.jpg', 'thumbnail': 'https://randomuser.me/api/portraits/thumb/men/34.jpg'}, 'nat': 'GB'}</msg>
<arg>${json_data['results'][0]}</arg>
<doc>Logs the given message with the given level.</doc>
<status status="PASS" start="2024-05-19T15:14:04.777056" elapsed="0.000410"/>
</kw>
<kw name="Log" owner="BuiltIn">
<msg time="2024-05-19T15:14:04.777888" level="INFO">name</msg>
<arg>${key}</arg>
<doc>Logs the given message with the given level.</doc>
<status status="PASS" start="2024-05-19T15:14:04.777762" elapsed="0.000163"/>
</kw>
<var name="${key}">name</var>
<status status="PASS" start="2024-05-19T15:14:04.776167" elapsed="0.001971"/>
</iter>
<iter>
<kw name="Dictionary Should Contain Key" owner="Collections">
<msg time="2024-05-19T15:14:04.778809" level="INFO">False</msg>
<arg>${json_data['results'][0]}</arg>
<arg>${key}</arg>
<doc>Fails if ``key`` is not found from ``dictionary``.</doc>
<status status="PASS" start="2024-05-19T15:14:04.778427" elapsed="0.000419"/>
</kw>
<kw name="Log" owner="BuiltIn">
<msg time="2024-05-19T15:14:04.779505" level="INFO">{'gender': 'male', 'name': {'title': 'Mr', 'first': 'Clinton', 'last': 'Roberts'}, 'location': {'street': {'number': 1998, 'name': 'Queen Street'}, 'city': 'Canterbury', 'state': 'Wiltshire', 'country': 'United Kingdom', 'postcode': 'L90 8ED', 'coordinates': {'latitude': '-7.8367', 'longitude': '-120.2296'}, 'timezone': {'offset': '-3:00', 'description': 'Brazil, Buenos Aires, Georgetown'}}, 'email': 'clinton.roberts@example.com', 'login': {'uuid': '2c53a2ff-4fea-4551-9497-0d7509fb15b5', 'username': 'organicladybug153', 'password': 'dennis', 'salt': 'r86Ovvhw', 'md5': '2f9c48b973d04c00e0afd92884a4f6c3', 'sha1': 'e1b18e72113b6ff6b726e5f4b35344de93d4062e', 'sha256': '8cbc7aaeb4d78ff8a40aa52e5aecfa7a04f143b17b37d29bbf320f1ca5809893'}, 'dob': {'date': '1993-02-05T08:20:53.649Z', 'age': 31}, 'registered': {'date': '2012-04-08T17:01:36.102Z', 'age': 12}, 'phone': '019467 48199', 'cell': '07454 155235', 'id': {'name': 'NINO', 'value': 'LH 80 39 18 I'}, 'picture': {'large': 'https://randomuser.me/api/portraits/men/34.jpg', 'medium': 'https://randomuser.me/api/portraits/med/men/34.jpg', 'thumbnail': 'https://randomuser.me/api/portraits/thumb/men/34.jpg'}, 'nat': 'GB'}</msg>
<arg>${json_data['results'][0]}</arg>
<doc>Logs the given message with the given level.</doc>
<status status="PASS" start="2024-05-19T15:14:04.779146" elapsed="0.000407"/>
</kw>
<kw name="Log" owner="BuiltIn">
<msg time="2024-05-19T15:14:04.779996" level="INFO">location</msg>
<arg>${key}</arg>
<doc>Logs the given message with the given level.</doc>
<status status="PASS" start="2024-05-19T15:14:04.779849" elapsed="0.000186"/>
</kw>
<var name="${key}">location</var>
<status status="PASS" start="2024-05-19T15:14:04.778315" elapsed="0.001942"/>
</iter>
<iter>
<kw name="Dictionary Should Contain Key" owner="Collections">
<msg time="2024-05-19T15:14:04.780926" level="INFO">False</msg>
<arg>${json_data['results'][0]}</arg>
<arg>${key}</arg>
<doc>Fails if ``key`` is not found from ``dictionary``.</doc>
<status status="PASS" start="2024-05-19T15:14:04.780540" elapsed="0.000423"/>
</kw>
<kw name="Log" owner="BuiltIn">
<msg time="2024-05-19T15:14:04.781617" level="INFO">{'gender': 'male', 'name': {'title': 'Mr', 'first': 'Clinton', 'last': 'Roberts'}, 'location': {'street': {'number': 1998, 'name': 'Queen Street'}, 'city': 'Canterbury', 'state': 'Wiltshire', 'country': 'United Kingdom', 'postcode': 'L90 8ED', 'coordinates': {'latitude': '-7.8367', 'longitude': '-120.2296'}, 'timezone': {'offset': '-3:00', 'description': 'Brazil, Buenos Aires, Georgetown'}}, 'email': 'clinton.roberts@example.com', 'login': {'uuid': '2c53a2ff-4fea-4551-9497-0d7509fb15b5', 'username': 'organicladybug153', 'password': 'dennis', 'salt': 'r86Ovvhw', 'md5': '2f9c48b973d04c00e0afd92884a4f6c3', 'sha1': 'e1b18e72113b6ff6b726e5f4b35344de93d4062e', 'sha256': '8cbc7aaeb4d78ff8a40aa52e5aecfa7a04f143b17b37d29bbf320f1ca5809893'}, 'dob': {'date': '1993-02-05T08:20:53.649Z', 'age': 31}, 'registered': {'date': '2012-04-08T17:01:36.102Z', 'age': 12}, 'phone': '019467 48199', 'cell': '07454 155235', 'id': {'name': 'NINO', 'value': 'LH 80 39 18 I'}, 'picture': {'large': 'https://randomuser.me/api/portraits/men/34.jpg', 'medium': 'https://randomuser.me/api/portraits/med/men/34.jpg', 'thumbnail': 'https://randomuser.me/api/portraits/thumb/men/34.jpg'}, 'nat': 'GB'}</msg>
<arg>${json_data['results'][0]}</arg>
<doc>Logs the given message with the given level.</doc>
<status status="PASS" start="2024-05-19T15:14:04.781262" elapsed="0.000402"/>
</kw>
<kw name="Log" owner="BuiltIn">
<msg time="2024-05-19T15:14:04.782088" level="INFO">email</msg>
<arg>${key}</arg>
<doc>Logs the given message with the given level.</doc>
<status status="PASS" start="2024-05-19T15:14:04.781962" elapsed="0.000163"/>
</kw>
<var name="${key}">email</var>
<status status="PASS" start="2024-05-19T15:14:04.780429" elapsed="0.001919"/>
</iter>
<iter>
<kw name="Dictionary Should Contain Key" owner="Collections">
<msg time="2024-05-19T15:14:04.783010" level="INFO">False</msg>
<arg>${json_data['results'][0]}</arg>
<arg>${key}</arg>
<doc>Fails if ``key`` is not found from ``dictionary``.</doc>
<status status="PASS" start="2024-05-19T15:14:04.782627" elapsed="0.000419"/>
</kw>
<kw name="Log" owner="BuiltIn">
<msg time="2024-05-19T15:14:04.783706" level="INFO">{'gender': 'male', 'name': {'title': 'Mr', 'first': 'Clinton', 'last': 'Roberts'}, 'location': {'street': {'number': 1998, 'name': 'Queen Street'}, 'city': 'Canterbury', 'state': 'Wiltshire', 'country': 'United Kingdom', 'postcode': 'L90 8ED', 'coordinates': {'latitude': '-7.8367', 'longitude': '-120.2296'}, 'timezone': {'offset': '-3:00', 'description': 'Brazil, Buenos Aires, Georgetown'}}, 'email': 'clinton.roberts@example.com', 'login': {'uuid': '2c53a2ff-4fea-4551-9497-0d7509fb15b5', 'username': 'organicladybug153', 'password': 'dennis', 'salt': 'r86Ovvhw', 'md5': '2f9c48b973d04c00e0afd92884a4f6c3', 'sha1': 'e1b18e72113b6ff6b726e5f4b35344de93d4062e', 'sha256': '8cbc7aaeb4d78ff8a40aa52e5aecfa7a04f143b17b37d29bbf320f1ca5809893'}, 'dob': {'date': '1993-02-05T08:20:53.649Z', 'age': 31}, 'registered': {'date': '2012-04-08T17:01:36.102Z', 'age': 12}, 'phone': '019467 48199', 'cell': '07454 155235', 'id': {'name': 'NINO', 'value': 'LH 80 39 18 I'}, 'picture': {'large': 'https://randomuser.me/api/portraits/men/34.jpg', 'medium': 'https://randomuser.me/api/portraits/med/men/34.jpg', 'thumbnail': 'https://randomuser.me/api/portraits/thumb/men/34.jpg'}, 'nat': 'GB'}</msg>
<arg>${json_data['results'][0]}</arg>
<doc>Logs the given message with the given level.</doc>
<status status="PASS" start="2024-05-19T15:14:04.783342" elapsed="0.000418"/>
</kw>
<kw name="Log" owner="BuiltIn">
<msg time="2024-05-19T15:14:04.784218" level="INFO">login</msg>
<arg>${key}</arg>
<doc>Logs the given message with the given level.</doc>
<status status="PASS" start="2024-05-19T15:14:04.784090" elapsed="0.000197"/>
</kw>
<var name="${key}">login</var>
<status status="PASS" start="2024-05-19T15:14:04.782518" elapsed="0.001993"/>
</iter>
<var>${key}</var>
<value>@{expected_keys}</value>
<status status="PASS" start="2024-05-19T15:14:04.773790" elapsed="0.010841"/>
</for>
<kw name="Create List" owner="BuiltIn">
<msg time="2024-05-19T15:14:04.784960" level="INFO">${expected_keysTwo} = ['username', 'password']</msg>
<var>${expected_keysTwo}</var>
<arg>username</arg>
<arg>password</arg>
<doc>Returns a list containing given items.</doc>
<status status="PASS" start="2024-05-19T15:14:04.784823" elapsed="0.000160"/>
</kw>
<for flavor="IN">
<iter>
<kw name="Dictionary Should Contain Key" owner="Collections">
<msg time="2024-05-19T15:14:04.785875" level="INFO">False</msg>
<arg>${json_data['results'][0]['login']}</arg>
<arg>${keyTwo}</arg>
<doc>Fails if ``key`` is not found from ``dictionary``.</doc>
<status status="PASS" start="2024-05-19T15:14:04.785486" elapsed="0.000425"/>
</kw>
<kw name="Dictionary Should Contain Key" owner="Collections">
<msg time="2024-05-19T15:14:04.786585" level="INFO">False</msg>
<arg>${json_data['results'][0]['login']}</arg>
<arg>${keyTwo}</arg>
<doc>Fails if ``key`` is not found from ``dictionary``.</doc>
<status status="PASS" start="2024-05-19T15:14:04.786209" elapsed="0.000413"/>
</kw>
<kw name="Log" owner="BuiltIn">
<msg time="2024-05-19T15:14:04.787050" level="INFO">username</msg>
<arg>${keyTwo}</arg>
<doc>Logs the given message with the given level.</doc>
<status status="PASS" start="2024-05-19T15:14:04.786915" elapsed="0.000177"/>
</kw>
<var name="${keyTwo}">username</var>
<status status="PASS" start="2024-05-19T15:14:04.785376" elapsed="0.001932"/>
</iter>
<iter>
<kw name="Dictionary Should Contain Key" owner="Collections">
<msg time="2024-05-19T15:14:04.787992" level="INFO">False</msg>
<arg>${json_data['results'][0]['login']}</arg>
<arg>${keyTwo}</arg>
<doc>Fails if ``key`` is not found from ``dictionary``.</doc>
<status status="PASS" start="2024-05-19T15:14:04.787588" elapsed="0.000442"/>
</kw>
<kw name="Dictionary Should Contain Key" owner="Collections">
<msg time="2024-05-19T15:14:04.788793" level="INFO">False</msg>
<arg>${json_data['results'][0]['login']}</arg>
<arg>${keyTwo}</arg>
<doc>Fails if ``key`` is not found from ``dictionary``.</doc>
<status status="PASS" start="2024-05-19T15:14:04.788329" elapsed="0.000503"/>
</kw>
<kw name="Log" owner="BuiltIn">
<msg time="2024-05-19T15:14:04.789255" level="INFO">password</msg>
<arg>${keyTwo}</arg>
<doc>Logs the given message with the given level.</doc>
<status status="PASS" start="2024-05-19T15:14:04.789128" elapsed="0.000164"/>
</kw>
<var name="${keyTwo}">password</var>
<status status="PASS" start="2024-05-19T15:14:04.787479" elapsed="0.002031"/>
</iter>
<var>${keyTwo}</var>
<value>@{expected_keysTwo}</value>
<status status="PASS" start="2024-05-19T15:14:04.785222" elapsed="0.004410"/>
</for>
<status status="PASS" start="2024-05-19T15:14:04.637135" elapsed="0.152640"/>
</kw>
<doc>Testa a estrutura da resposta da API.</doc>
<tag>testeEstruturaResposta</tag>
<status status="PASS" start="2024-05-19T15:14:04.636617" elapsed="0.153316"/>
</test>
<test id="s1-s1-t4" name="Validar tipos de dados" line="28">
<kw name="Teste de Tipos de Dados" owner="random-user-service">
<kw name="GET On Session" owner="RequestsLibrary">
<msg time="2024-05-19T15:14:04.834928" level="INFO">GET Request : url=https://randomuser.me/api 
 path_url=/api 
 headers={'User-Agent': 'python-requests/2.31.0', 'Accept-Encoding': 'gzip, deflate', 'Accept': '*/*', 'Connection': 'keep-alive'} 
 body=None 
 </msg>
<msg time="2024-05-19T15:14:04.835032" level="INFO">GET Response : url=https://randomuser.me/api 
 status=200, reason=OK 
 headers={'Date': 'Sun, 19 May 2024 15:14:04 GMT', 'Content-Type': 'application/json; charset=utf-8', 'Transfer-Encoding': 'chunked', 'Connection': 'keep-alive', 'X-Powered-By': 'Express', 'Access-Control-Allow-Origin': '*', 'Cache-Control': 'no-cache', 'ETag': 'W/"4a5-TAwurl3gi4JxwH1wVo1pgR5t89A"', 'Vary': 'Accept-Encoding', 'Content-Encoding': 'gzip', 'CF-Cache-Status': 'DYNAMIC', 'Report-To': '{"endpoints":[{"url":"https:\\/\\/a.nel.cloudflare.com\\/report\\/v4?s=nv1x5Aw%2B5%2FdGAVu7rloDKDLFEf1CCay8aZs7tamZ9VlKuRLJFoNXSnSUTkVc6R3ZTpzhbcnye6GC2jDKwtE%2B6gORGiOOIf%2Fv8pfaTzGS%2BQiSclxrmum3AKWJ8vYlydrj"}],"group":"cf-nel","max_age":604800}', 'NEL': '{"success_fraction":0,"report_to":"cf-nel","max_age":604800}', 'Server': 'cloudflare', 'CF-RAY': '886508dbf9a810e4-ORD', 'alt-svc': 'h3=":443"; ma=86400'} 
 body={"results":[{"gender":"female","name":{"title":"Miss","first":"Amélie","last":"Andre"},"location":{"street":{"number":5493,"name":"Rue du Bon-Pasteur"},"city":"Tourcoing","state":"Calvados","country":"France","postcode":53792,"coordinates":{"latitude":"-19.3799","longitude":"165.7062"},"timezone":{"offset":"+2:00","description":"Kaliningrad, South Africa"}},"email":"amelie.andre@example.com","login":{"uuid":"10188ce2-7cc2-4939-963d-1477b4281d51","username":"ticklishbutterfly334","password":"cassandr","salt":"VXkKnLvz","md5":"1d96c8e2ff77b5ebb049608a93fab7c2","sha1":"7e0539af5cf05c282f16d2e7f127ba7e31a916b3","sha256":"c718d6eaf0fd9d6f5b7c764a51b8c155934b0bbfa998227d5510304b9ae871af"},"dob":{"date":"1969-06-26T03:58:59.445Z","age":54},"registered":{"date":"2012-01-09T06:39:24.197Z","age":12},"phone":"02-15-18-30-09","cell":"06-25-67-14-35","id":{"name":"INSEE","value":"2690599803716 63"},"picture":{"large":"https://randomuser.me/api/portraits/women/69.jpg","medium":"https://randomuser.me/api/portraits/med/women/69.jpg","thumbnail":"https://randomuser.me/api/portraits/thumb/women/69.jpg"},"nat":"FR"}],"info":{"seed":"28495022490d52c0","results":1,"page":1,"version":"1.4"}} 
 </msg>
<msg time="2024-05-19T15:14:04.835129" level="INFO">/opt/hostedtoolcache/Python/3.12.3/x64/lib/python3.12/site-packages/urllib3/connectionpool.py:1103: InsecureRequestWarning: Unverified HTTPS request is being made to host 'randomuser.me'. Adding certificate verification is strongly advised. See: https://urllib3.readthedocs.io/en/latest/advanced-usage.html#tls-warnings
  warnings.warn(</msg>
<msg time="2024-05-19T15:14:04.835263" level="INFO">${response} = &lt;Response [200]&gt;</msg>
<var>${response}</var>
<arg>consultarAPI</arg>
<arg>/api</arg>
<doc>Sends a GET request on a previously created HTTP Session.</doc>
<status status="PASS" start="2024-05-19T15:14:04.792461" elapsed="0.042835"/>
</kw>
<kw name="Set Variable" owner="BuiltIn">
<msg time="2024-05-19T15:14:04.836419" level="INFO">${json_data} = {'results': [{'gender': 'female', 'name': {'title': 'Miss', 'first': 'Amélie', 'last': 'Andre'}, 'location': {'street': {'number': 5493, 'name': 'Rue du Bon-Pasteur'}, 'city': 'Tourcoing', 'state': 'C...</msg>
<var>${json_data}</var>
<arg>${response.json()}</arg>
<doc>Returns the given values which can then be assigned to a variables.</doc>
<status status="PASS" start="2024-05-19T15:14:04.835868" elapsed="0.000600"/>
</kw>
<kw name="Log" owner="BuiltIn">
<msg time="2024-05-19T15:14:04.837002" level="INFO">{'results': [{'gender': 'female', 'name': {'title': 'Miss', 'first': 'Amélie', 'last': 'Andre'}, 'location': {'street': {'number': 5493, 'name': 'Rue du Bon-Pasteur'}, 'city': 'Tourcoing', 'state': 'Calvados', 'country': 'France', 'postcode': 53792, 'coordinates': {'latitude': '-19.3799', 'longitude': '165.7062'}, 'timezone': {'offset': '+2:00', 'description': 'Kaliningrad, South Africa'}}, 'email': 'amelie.andre@example.com', 'login': {'uuid': '10188ce2-7cc2-4939-963d-1477b4281d51', 'username': 'ticklishbutterfly334', 'password': 'cassandr', 'salt': 'VXkKnLvz', 'md5': '1d96c8e2ff77b5ebb049608a93fab7c2', 'sha1': '7e0539af5cf05c282f16d2e7f127ba7e31a916b3', 'sha256': 'c718d6eaf0fd9d6f5b7c764a51b8c155934b0bbfa998227d5510304b9ae871af'}, 'dob': {'date': '1969-06-26T03:58:59.445Z', 'age': 54}, 'registered': {'date': '2012-01-09T06:39:24.197Z', 'age': 12}, 'phone': '02-15-18-30-09', 'cell': '06-25-67-14-35', 'id': {'name': 'INSEE', 'value': '2690599803716 63'}, 'picture': {'large': 'https://randomuser.me/api/portraits/women/69.jpg', 'medium': 'https://randomuser.me/api/portraits/med/women/69.jpg', 'thumbnail': 'https://randomuser.me/api/portraits/thumb/women/69.jpg'}, 'nat': 'FR'}], 'info': {'seed': '28495022490d52c0', 'results': 1, 'page': 1, 'version': '1.4'}}</msg>
<arg>${json_data}</arg>
<doc>Logs the given message with the given level.</doc>
<status status="PASS" start="2024-05-19T15:14:04.836840" elapsed="0.000248"/>
</kw>
<kw name="Should Be String" owner="String">
<arg>${json_data['results'][0]['gender']}</arg>
<doc>Fails if the given ``item`` is not a string.</doc>
<status status="PASS" start="2024-05-19T15:14:04.837392" elapsed="0.000369"/>
</kw>
<kw name="Should Match Regexp" owner="BuiltIn">
<arg>${json_data['results'][0]['email']}</arg>
<arg>^[a-zA-Z0-9._%+-]+@[a-zA-Z0-9.-]+\.[a-zA-Z]{2,}$</arg>
<doc>Fails if ``string`` does not match ``pattern`` as a regular expression.</doc>
<status status="PASS" start="2024-05-19T15:14:04.837954" elapsed="0.000511"/>
</kw>
<kw name="Should Match Regexp" owner="BuiltIn">
<arg>${json_data['results'][0]['dob']['date']}</arg>
<arg>\\d{4}-\\d{2}-\\d{2}T\\d{2}:\\d{2}:\\d{2}\\.\\d{3}Z</arg>
<doc>Fails if ``string`` does not match ``pattern`` as a regular expression.</doc>
<status status="PASS" start="2024-05-19T15:14:04.838660" elapsed="0.000486"/>
</kw>
<kw name="Should Match Regexp" owner="BuiltIn">
<arg>${json_data['results'][0]['registered']['date']}</arg>
<arg>\\d{4}-\\d{2}-\\d{2}T\\d{2}:\\d{2}:\\d{2}\\.\\d{3}Z</arg>
<doc>Fails if ``string`` does not match ``pattern`` as a regular expression.</doc>
<status status="PASS" start="2024-05-19T15:14:04.839337" elapsed="0.000370"/>
</kw>
<kw name="Should Match Regexp" owner="BuiltIn">
<arg>${json_data['results'][0]['picture']['large']}</arg>
<arg>^https?://.*\.(?:png|jpe?g|gif|bmp)$</arg>
<doc>Fails if ``string`` does not match ``pattern`` as a regular expression.</doc>
<status status="PASS" start="2024-05-19T15:14:04.839894" elapsed="0.000487"/>
</kw>
<kw name="Should Match Regexp" owner="BuiltIn">
<arg>${json_data['results'][0]['picture']['medium']}</arg>
<arg>^https?://.*\.(?:png|jpe?g|gif|bmp)$</arg>
<doc>Fails if ``string`` does not match ``pattern`` as a regular expression.</doc>
<status status="PASS" start="2024-05-19T15:14:04.840575" elapsed="0.000359"/>
</kw>
<kw name="Should Match Regexp" owner="BuiltIn">
<arg>${json_data['results'][0]['picture']['thumbnail']}</arg>
<arg>^https?://.*\.(?:png|jpe?g|gif|bmp)$</arg>
<doc>Fails if ``string`` does not match ``pattern`` as a regular expression.</doc>
<status status="PASS" start="2024-05-19T15:14:04.841126" elapsed="0.000348"/>
</kw>
<kw name="Log" owner="BuiltIn">
<msg time="2024-05-19T15:14:04.841974" level="INFO">{'large': 'https://randomuser.me/api/portraits/women/69.jpg', 'medium': 'https://randomuser.me/api/portraits/med/women/69.jpg', 'thumbnail': 'https://randomuser.me/api/portraits/thumb/women/69.jpg'}</msg>
<arg>${json_data['results'][0]['picture']}</arg>
<doc>Logs the given message with the given level.</doc>
<status status="PASS" start="2024-05-19T15:14:04.841654" elapsed="0.000360"/>
</kw>
<status status="PASS" start="2024-05-19T15:14:04.792232" elapsed="0.050041"/>
</kw>
<kw name="Teste de Tipos de Dados - Postcode" owner="random-user-service">
<kw name="GET On Session" owner="RequestsLibrary">
<msg time="2024-05-19T15:14:04.944358" level="INFO">GET Request : url=https://randomuser.me/api 
 path_url=/api 
 headers={'User-Agent': 'python-requests/2.31.0', 'Accept-Encoding': 'gzip, deflate', 'Accept': '*/*', 'Connection': 'keep-alive'} 
 body=None 
 </msg>
<msg time="2024-05-19T15:14:04.944471" level="INFO">GET Response : url=https://randomuser.me/api 
 status=200, reason=OK 
 headers={'Date': 'Sun, 19 May 2024 15:14:04 GMT', 'Content-Type': 'application/json; charset=utf-8', 'Transfer-Encoding': 'chunked', 'Connection': 'keep-alive', 'X-Powered-By': 'Express', 'Access-Control-Allow-Origin': '*', 'Cache-Control': 'no-cache', 'ETag': 'W/"494-wIHp25mopDrEljoGQubkJRoHC7Q"', 'Vary': 'Accept-Encoding', 'Content-Encoding': 'gzip', 'CF-Cache-Status': 'DYNAMIC', 'Report-To': '{"endpoints":[{"url":"https:\\/\\/a.nel.cloudflare.com\\/report\\/v4?s=mxQzLyDap6XGQpNhC21plLqgMaIzmFlKuvc4%2BJkkhWMdlvsTEeRdQFXDMiI%2BX70ZUO%2FfRrGCLN%2BIqT94W2SSFJso6vr8Kn9%2FNku8O7UH2CesZOzDIsZm1ieo%2F%2Fu%2BNqhI"}],"group":"cf-nel","max_age":604800}', 'NEL': '{"success_fraction":0,"report_to":"cf-nel","max_age":604800}', 'Server': 'cloudflare', 'CF-RAY': '886508dc4a3910e4-ORD', 'alt-svc': 'h3=":443"; ma=86400'} 
 body={"results":[{"gender":"male","name":{"title":"Mr","first":"José","last":"Diez"},"location":{"street":{"number":6246,"name":"Calle de Bravo Murillo"},"city":"Pamplona","state":"Aragón","country":"Spain","postcode":93212,"coordinates":{"latitude":"-30.7943","longitude":"-119.8323"},"timezone":{"offset":"-5:00","description":"Eastern Time (US &amp; Canada), Bogota, Lima"}},"email":"jose.diez@example.com","login":{"uuid":"93496a1e-05ad-4524-82c1-325d29e5e24c","username":"smallbutterfly274","password":"bonjour","salt":"bvP3ultp","md5":"8c53142cbc4728bb981e060c5f818f68","sha1":"d252b8c4c79880be3d471b0dac76c0d833071354","sha256":"62b4bf94ed1ef701f20fc6af1ef6b36d03e21d7d4369e20c5728a73e592fc726"},"dob":{"date":"1953-01-30T01:46:17.236Z","age":71},"registered":{"date":"2009-09-24T10:01:10.642Z","age":14},"phone":"916-839-127","cell":"648-755-051","id":{"name":"DNI","value":"00916393-Q"},"picture":{"large":"https://randomuser.me/api/portraits/men/82.jpg","medium":"https://randomuser.me/api/portraits/med/men/82.jpg","thumbnail":"https://randomuser.me/api/portraits/thumb/men/82.jpg"},"nat":"ES"}],"info":{"seed":"0f5c545e0a1f0ac0","results":1,"page":1,"version":"1.4"}} 
 </msg>
<msg time="2024-05-19T15:14:04.944558" level="INFO">/opt/hostedtoolcache/Python/3.12.3/x64/lib/python3.12/site-packages/urllib3/connectionpool.py:1103: InsecureRequestWarning: Unverified HTTPS request is being made to host 'randomuser.me'. Adding certificate verification is strongly advised. See: https://urllib3.readthedocs.io/en/latest/advanced-usage.html#tls-warnings
  warnings.warn(</msg>
<msg time="2024-05-19T15:14:04.944688" level="INFO">${response} = &lt;Response [200]&gt;</msg>
<var>${response}</var>
<arg>consultarAPI</arg>
<arg>/api</arg>
<doc>Sends a GET request on a previously created HTTP Session.</doc>
<status status="PASS" start="2024-05-19T15:14:04.842732" elapsed="0.101992"/>
</kw>
<kw name="Set Variable" owner="BuiltIn">
<msg time="2024-05-19T15:14:04.945801" level="INFO">${json_data} = {'results': [{'gender': 'male', 'name': {'title': 'Mr', 'first': 'José', 'last': 'Diez'}, 'location': {'street': {'number': 6246, 'name': 'Calle de Bravo Murillo'}, 'city': 'Pamplona', 'state': 'Aragó...</msg>
<var>${json_data}</var>
<arg>${response.json()}</arg>
<doc>Returns the given values which can then be assigned to a variables.</doc>
<status status="PASS" start="2024-05-19T15:14:04.945266" elapsed="0.000564"/>
</kw>
<kw name="Log" owner="BuiltIn">
<msg time="2024-05-19T15:14:04.946310" level="INFO">{'results': [{'gender': 'male', 'name': {'title': 'Mr', 'first': 'José', 'last': 'Diez'}, 'location': {'street': {'number': 6246, 'name': 'Calle de Bravo Murillo'}, 'city': 'Pamplona', 'state': 'Aragón', 'country': 'Spain', 'postcode': 93212, 'coordinates': {'latitude': '-30.7943', 'longitude': '-119.8323'}, 'timezone': {'offset': '-5:00', 'description': 'Eastern Time (US &amp; Canada), Bogota, Lima'}}, 'email': 'jose.diez@example.com', 'login': {'uuid': '93496a1e-05ad-4524-82c1-325d29e5e24c', 'username': 'smallbutterfly274', 'password': 'bonjour', 'salt': 'bvP3ultp', 'md5': '8c53142cbc4728bb981e060c5f818f68', 'sha1': 'd252b8c4c79880be3d471b0dac76c0d833071354', 'sha256': '62b4bf94ed1ef701f20fc6af1ef6b36d03e21d7d4369e20c5728a73e592fc726'}, 'dob': {'date': '1953-01-30T01:46:17.236Z', 'age': 71}, 'registered': {'date': '2009-09-24T10:01:10.642Z', 'age': 14}, 'phone': '916-839-127', 'cell': '648-755-051', 'id': {'name': 'DNI', 'value': '00916393-Q'}, 'picture': {'large': 'https://randomuser.me/api/portraits/men/82.jpg', 'medium': 'https://randomuser.me/api/portraits/med/men/82.jpg', 'thumbnail': 'https://randomuser.me/api/portraits/thumb/men/82.jpg'}, 'nat': 'ES'}], 'info': {'seed': '0f5c545e0a1f0ac0', 'results': 1, 'page': 1, 'version': '1.4'}}</msg>
<arg>${json_data}</arg>
<doc>Logs the given message with the given level.</doc>
<status status="PASS" start="2024-05-19T15:14:04.946147" elapsed="0.000251"/>
</kw>
<kw name="Should Be Equal As Numbers" owner="BuiltIn">
<arg>${json_data['results'][0]['location']['postcode']}</arg>
<arg>${json_data['results'][0]['location']['postcode']}</arg>
<doc>Fails if objects are unequal after converting them to real numbers.</doc>
<status status="PASS" start="2024-05-19T15:14:04.946703" elapsed="0.000810"/>
</kw>
<kw name="Log" owner="BuiltIn">
<msg time="2024-05-19T15:14:04.948089" level="INFO">93212</msg>
<arg>${json_data['results'][0]['location']['postcode']}</arg>
<doc>Logs the given message with the given level.</doc>
<status status="PASS" start="2024-05-19T15:14:04.947710" elapsed="0.000419"/>
</kw>
<status status="PASS" start="2024-05-19T15:14:04.842503" elapsed="0.105885"/>
</kw>
<doc>Testa se os tipos de dados na resposta da API estão corretos.</doc>
<tag>testeTiposDados</tag>
<status status="PASS" start="2024-05-19T15:14:04.791730" elapsed="0.156831"/>
</test>
<test id="s1-s1-t5" name="Validar conteudo" line="35">
<kw name="Teste de Tipos de Conteudo" owner="random-user-service">
<kw name="GET On Session" owner="RequestsLibrary">
<msg time="2024-05-19T15:14:05.047031" level="INFO">GET Request : url=https://randomuser.me/api 
 path_url=/api 
 headers={'User-Agent': 'python-requests/2.31.0', 'Accept-Encoding': 'gzip, deflate', 'Accept': '*/*', 'Connection': 'keep-alive'} 
 body=None 
 </msg>
<msg time="2024-05-19T15:14:05.047131" level="INFO">GET Response : url=https://randomuser.me/api 
 status=200, reason=OK 
 headers={'Date': 'Sun, 19 May 2024 15:14:05 GMT', 'Content-Type': 'application/json; charset=utf-8', 'Transfer-Encoding': 'chunked', 'Connection': 'keep-alive', 'X-Powered-By': 'Express', 'Access-Control-Allow-Origin': '*', 'Cache-Control': 'no-cache', 'ETag': 'W/"4a6-VxnXrdwMNYIY1JeXkfz2qY933Fk"', 'Vary': 'Accept-Encoding', 'Content-Encoding': 'gzip', 'CF-Cache-Status': 'DYNAMIC', 'Report-To': '{"endpoints":[{"url":"https:\\/\\/a.nel.cloudflare.com\\/report\\/v4?s=swr5kLH94MDjTc%2Bcso5jjDGZ4Fri%2FvWsSbTu7gSj%2BuAg8TgM%2FOqKXIW1QEilCY62cmm4VPY4n8U5jdKxQKc9980TfdxLY5f1NuQkVpilCLsA%2B4w%2B%2B0exauwICc%2Fhp8hL"}],"group":"cf-nel","max_age":604800}', 'NEL': '{"success_fraction":0,"report_to":"cf-nel","max_age":604800}', 'Server': 'cloudflare', 'CF-RAY': '886508dcfb3810e4-ORD', 'alt-svc': 'h3=":443"; ma=86400'} 
 body={"results":[{"gender":"female","name":{"title":"Ms","first":"Marcela","last":"Candelaria"},"location":{"street":{"number":7091,"name":"Circunvalación Tamaulipas"},"city":"Isla Mujeres","state":"Campeche","country":"Mexico","postcode":56379,"coordinates":{"latitude":"24.0774","longitude":"122.7067"},"timezone":{"offset":"-12:00","description":"Eniwetok, Kwajalein"}},"email":"marcela.candelaria@example.com","login":{"uuid":"92f0b651-8eff-41b5-8d79-0e30c38996a8","username":"organicbear889","password":"juan","salt":"680gTwaZ","md5":"733137a5c7c5bc1885e4e1115443d2a4","sha1":"2ec0ad28f7958d980189c483c271e47b32914e7e","sha256":"912172792e335842b4c59da569578d1cb8044cd9bc2f55f60d2a03856483d77e"},"dob":{"date":"1956-10-07T18:30:38.823Z","age":67},"registered":{"date":"2003-03-24T15:09:49.760Z","age":21},"phone":"(625) 554 6533","cell":"(624) 011 9264","id":{"name":"NSS","value":"43 63 88 6300 2"},"picture":{"large":"https://randomuser.me/api/portraits/women/76.jpg","medium":"https://randomuser.me/api/portraits/med/women/76.jpg","thumbnail":"https://randomuser.me/api/portraits/thumb/women/76.jpg"},"nat":"MX"}],"info":{"seed":"e235fd4f2093a214","results":1,"page":1,"version":"1.4"}} 
 </msg>
<msg time="2024-05-19T15:14:05.047204" level="INFO">/opt/hostedtoolcache/Python/3.12.3/x64/lib/python3.12/site-packages/urllib3/connectionpool.py:1103: InsecureRequestWarning: Unverified HTTPS request is being made to host 'randomuser.me'. Adding certificate verification is strongly advised. See: https://urllib3.readthedocs.io/en/latest/advanced-usage.html#tls-warnings
  warnings.warn(</msg>
<msg time="2024-05-19T15:14:05.047325" level="INFO">${response} = &lt;Response [200]&gt;</msg>
<var>${response}</var>
<arg>consultarAPI</arg>
<arg>/api</arg>
<doc>Sends a GET request on a previously created HTTP Session.</doc>
<status status="PASS" start="2024-05-19T15:14:04.951029" elapsed="0.096322"/>
</kw>
<kw name="Set Variable" owner="BuiltIn">
<msg time="2024-05-19T15:14:05.048484" level="INFO">${json_data} = {'results': [{'gender': 'female', 'name': {'title': 'Ms', 'first': 'Marcela', 'last': 'Candelaria'}, 'location': {'street': {'number': 7091, 'name': 'Circunvalación Tamaulipas'}, 'city': 'Isla Mujeres...</msg>
<var>${json_data}</var>
<arg>${response.json()}</arg>
<doc>Returns the given values which can then be assigned to a variables.</doc>
<status status="PASS" start="2024-05-19T15:14:05.047955" elapsed="0.000559"/>
</kw>
<kw name="Set Variable" owner="BuiltIn">
<msg time="2024-05-19T15:14:05.049210" level="INFO">${name_title} = Ms</msg>
<var>${name_title}</var>
<arg>${json_data["results"][0]["name"]["title"]}</arg>
<doc>Returns the given values which can then be assigned to a variables.</doc>
<status status="PASS" start="2024-05-19T15:14:05.048827" elapsed="0.000409"/>
</kw>
<kw name="Create List" owner="BuiltIn">
<msg time="2024-05-19T15:14:05.049688" level="INFO">${allowed_titles} = ['Mr', 'Ms', 'Miss', 'Mrs', 'Madame', 'Monsieur']</msg>
<var>${allowed_titles}</var>
<arg>Mr</arg>
<arg>Ms</arg>
<arg>Miss</arg>
<arg>Mrs</arg>
<arg>Madame</arg>
<arg>Monsieur</arg>
<doc>Returns a list containing given items.</doc>
<status status="PASS" start="2024-05-19T15:14:05.049538" elapsed="0.000175"/>
</kw>
<kw name="List Should Contain Value" owner="Collections">
<msg time="2024-05-19T15:14:05.050186" level="INFO">False</msg>
<arg>${allowed_titles}</arg>
<arg>${name_title}</arg>
<doc>Fails if the ``value`` is not found from ``list``.</doc>
<status status="PASS" start="2024-05-19T15:14:05.050014" elapsed="0.000208"/>
</kw>
<kw name="Set Variable" owner="BuiltIn">
<msg time="2024-05-19T15:14:05.050897" level="INFO">${name_country} = MX</msg>
<var>${name_country}</var>
<arg>${json_data["results"][0]["nat"]}</arg>
<doc>Returns the given values which can then be assigned to a variables.</doc>
<status status="PASS" start="2024-05-19T15:14:05.050515" elapsed="0.000407"/>
</kw>
<kw name="Create List" owner="BuiltIn">
<msg time="2024-05-19T15:14:05.051810" level="INFO">${list_country} = ['AD', 'AE', 'AF', 'AG', 'AI', 'AL', 'AM', 'AO', 'AQ', 'AR', 'AS', 'AT', 'AU', 'AW', 'AX', 'AZ', 'BA', 'BB', 'BD', 'BE', 'BF', 'BG', 'BH', 'BI', 'BJ', 'BL', 'BM', 'BN', 'BO', 'BQ', 'BR', 'BS', 'BT', '...</msg>
<var>${list_country}</var>
<arg>AD</arg>
<arg>AE</arg>
<arg>AF</arg>
<arg>AG</arg>
<arg>AI</arg>
<arg>AL</arg>
<arg>AM</arg>
<arg>AO</arg>
<arg>AQ</arg>
<arg>AR</arg>
<arg>AS</arg>
<arg>AT</arg>
<arg>AU</arg>
<arg>AW</arg>
<arg>AX</arg>
<arg>AZ</arg>
<arg>BA</arg>
<arg>BB</arg>
<arg>BD</arg>
<arg>BE</arg>
<arg>BF</arg>
<arg>BG</arg>
<arg>BH</arg>
<arg>BI</arg>
<arg>BJ</arg>
<arg>BL</arg>
<arg>BM</arg>
<arg>BN</arg>
<arg>BO</arg>
<arg>BQ</arg>
<arg>BR</arg>
<arg>BS</arg>
<arg>BT</arg>
<arg>BV</arg>
<arg>BW</arg>
<arg>BY</arg>
<arg>BZ</arg>
<arg>CA</arg>
<arg>CC</arg>
<arg>CD</arg>
<arg>CF</arg>
<arg>CG</arg>
<arg>CH</arg>
<arg>CI</arg>
<arg>CK</arg>
<arg>CL</arg>
<arg>CM</arg>
<arg>CN</arg>
<arg>CO</arg>
<arg>CR</arg>
<arg>CU</arg>
<arg>CV</arg>
<arg>CW</arg>
<arg>CX</arg>
<arg>CY</arg>
<arg>CZ</arg>
<arg>DE</arg>
<arg>DJ</arg>
<arg>DK</arg>
<arg>DM</arg>
<arg>DO</arg>
<arg>DZ</arg>
<arg>EC</arg>
<arg>EE</arg>
<arg>EG</arg>
<arg>EH</arg>
<arg>ER</arg>
<arg>ES</arg>
<arg>ET</arg>
<arg>FI</arg>
<arg>FJ</arg>
<arg>FK</arg>
<arg>FM</arg>
<arg>FO</arg>
<arg>FR</arg>
<arg>GA</arg>
<arg>GB</arg>
<arg>GD</arg>
<arg>GE</arg>
<arg>GF</arg>
<arg>GG</arg>
<arg>GH</arg>
<arg>GI</arg>
<arg>GL</arg>
<arg>GM</arg>
<arg>GN</arg>
<arg>GP</arg>
<arg>GQ</arg>
<arg>GR</arg>
<arg>GS</arg>
<arg>GT</arg>
<arg>GU</arg>
<arg>GW</arg>
<arg>GY</arg>
<arg>HK</arg>
<arg>HM</arg>
<arg>HN</arg>
<arg>HR</arg>
<arg>HT</arg>
<arg>HU</arg>
<arg>ID</arg>
<arg>IE</arg>
<arg>IL</arg>
<arg>IM</arg>
<arg>IN</arg>
<arg>IO</arg>
<arg>IQ</arg>
<arg>IR</arg>
<arg>IS</arg>
<arg>IT</arg>
<arg>JE</arg>
<arg>JM</arg>
<arg>JO</arg>
<arg>JP</arg>
<arg>KE</arg>
<arg>KG</arg>
<arg>KH</arg>
<arg>KI</arg>
<arg>KM</arg>
<arg>KN</arg>
<arg>KP</arg>
<arg>KR</arg>
<arg>KW</arg>
<arg>KY</arg>
<arg>KZ</arg>
<arg>LA</arg>
<arg>LB</arg>
<arg>LC</arg>
<arg>LI</arg>
<arg>LK</arg>
<arg>LR</arg>
<arg>LS</arg>
<arg>LT</arg>
<arg>LU</arg>
<arg>LV</arg>
<arg>LY</arg>
<arg>MA</arg>
<arg>MC</arg>
<arg>MD</arg>
<arg>ME</arg>
<arg>MF</arg>
<arg>MG</arg>
<arg>MH</arg>
<arg>MK</arg>
<arg>ML</arg>
<arg>MM</arg>
<arg>MN</arg>
<arg>MO</arg>
<arg>MP</arg>
<arg>MQ</arg>
<arg>MR</arg>
<arg>MS</arg>
<arg>MT</arg>
<arg>MU</arg>
<arg>MV</arg>
<arg>MW</arg>
<arg>MX</arg>
<arg>MY</arg>
<arg>MZ</arg>
<arg>NA</arg>
<arg>NC</arg>
<arg>NE</arg>
<arg>NF</arg>
<arg>NG</arg>
<arg>NI</arg>
<arg>NL</arg>
<arg>NO</arg>
<arg>NP</arg>
<arg>NR</arg>
<arg>NU</arg>
<arg>NZ</arg>
<arg>OM</arg>
<arg>PA</arg>
<arg>PE</arg>
<arg>PF</arg>
<arg>PG</arg>
<arg>PH</arg>
<arg>PK</arg>
<arg>PL</arg>
<arg>PM</arg>
<arg>PN</arg>
<arg>PR</arg>
<arg>PS</arg>
<arg>PT</arg>
<arg>PW</arg>
<arg>PY</arg>
<arg>QA</arg>
<arg>RE</arg>
<arg>RO</arg>
<arg>RS</arg>
<arg>RU</arg>
<arg>RW</arg>
<arg>SA</arg>
<arg>SB</arg>
<arg>SC</arg>
<arg>SD</arg>
<arg>SE</arg>
<arg>SG</arg>
<arg>SH</arg>
<arg>SI</arg>
<arg>SJ</arg>
<arg>SK</arg>
<arg>SL</arg>
<arg>SM</arg>
<arg>SN</arg>
<arg>SO</arg>
<arg>SR</arg>
<arg>SS</arg>
<arg>ST</arg>
<arg>SV</arg>
<arg>SX</arg>
<arg>SY</arg>
<arg>SZ</arg>
<arg>TC</arg>
<arg>TD</arg>
<arg>TF</arg>
<arg>TG</arg>
<arg>TH</arg>
<arg>TJ</arg>
<arg>TK</arg>
<arg>TL</arg>
<arg>TM</arg>
<arg>TN</arg>
<arg>TO</arg>
<arg>TR</arg>
<arg>TT</arg>
<arg>TV</arg>
<arg>TW</arg>
<arg>TZ</arg>
<arg>UA</arg>
<arg>UG</arg>
<arg>UM</arg>
<arg>US</arg>
<arg>UY</arg>
<arg>UZ</arg>
<arg>VA</arg>
<arg>VC</arg>
<arg>VE</arg>
<arg>VG</arg>
<arg>VI</arg>
<arg>VN</arg>
<arg>VU</arg>
<arg>WF</arg>
<arg>WS</arg>
<arg>XK</arg>
<arg>YE</arg>
<arg>YT</arg>
<arg>ZA</arg>
<arg>ZM</arg>
<arg>ZW</arg>
<doc>Returns a list containing given items.</doc>
<status status="PASS" start="2024-05-19T15:14:05.051221" elapsed="0.000614"/>
</kw>
<kw name="List Should Contain Value" owner="Collections">
<msg time="2024-05-19T15:14:05.052862" level="INFO">False</msg>
<arg>${list_country}</arg>
<arg>${name_country}</arg>
<doc>Fails if the ``value`` is not found from ``list``.</doc>
<status status="PASS" start="2024-05-19T15:14:05.052664" elapsed="0.000235"/>
</kw>
<kw name="Run Keyword If" owner="BuiltIn">
<kw name="Should Be True" owner="BuiltIn">
<arg>${True}</arg>
<doc>Fails if the given condition is not true.</doc>
<status status="PASS" start="2024-05-19T15:14:05.053966" elapsed="0.000142"/>
</kw>
<arg>${json_data["results"][0]["location"]["coordinates"]["latitude"]} &gt;= -90 and ${json_data["results"][0]["location"]["coordinates"]["latitude"]} &lt;= 90</arg>
<arg>Should Be True</arg>
<arg>${True}</arg>
<doc>Runs the given keyword with the given arguments, if ``condition`` is true.</doc>
<status status="PASS" start="2024-05-19T15:14:05.053210" elapsed="0.001023"/>
</kw>
<kw name="Run Keyword If" owner="BuiltIn">
<kw name="Should Be True" owner="BuiltIn">
<arg>${True}</arg>
<doc>Fails if the given condition is not true.</doc>
<status status="PASS" start="2024-05-19T15:14:05.055100" elapsed="0.000257"/>
</kw>
<arg>${json_data["results"][0]["location"]["coordinates"]["longitude"]} &gt;= -180 and ${json_data["results"][0]["location"]["coordinates"]["longitude"]} &lt;= 180</arg>
<arg>Should Be True</arg>
<arg>${True}</arg>
<doc>Runs the given keyword with the given arguments, if ``condition`` is true.</doc>
<status status="PASS" start="2024-05-19T15:14:05.054420" elapsed="0.001062"/>
</kw>
<status status="PASS" start="2024-05-19T15:14:04.950797" elapsed="0.104818"/>
</kw>
<doc>Testa o conteúdo específico dos campos retornados pela API.</doc>
<tag>testeConteudo</tag>
<status status="PASS" start="2024-05-19T15:14:04.950320" elapsed="0.105445"/>
</test>
<status status="PASS" start="2024-05-19T15:14:03.488836" elapsed="1.568921"/>
</suite>
<status status="PASS" start="2024-05-19T15:14:03.475540" elapsed="1.587395"/>
</suite>
<statistics>
<total>
<stat pass="5" fail="0" skip="0">All Tests</stat>
</total>
<tag>
<stat pass="1" fail="0" skip="0">testeConteudo</stat>
<stat pass="1" fail="0" skip="0">testeEstruturaResposta</stat>
<stat pass="1" fail="0" skip="0">testeRequisicaoBasica</stat>
<stat pass="1" fail="0" skip="0">testeTiposDados</stat>
</tag>
<suite>
<stat pass="5" fail="0" skip="0" id="s1" name="Tests">Tests</stat>
<stat pass="5" fail="0" skip="0" id="s1-s1" name="Random-User-Test">Tests.Random-User-Test</stat>
</suite>
</statistics>
<errors>
</errors>
</robot>
