<?xml version="1.0" encoding="UTF-8"?>
<robot generator="Robot 7.0 (Python 3.12.3 on linux)" generated="2024-05-07T23:13:02.984688" rpa="false" schemaversion="5">
<suite id="s1" name="Tests" source="/home/runner/work/DesafioQAItauRogerioJordao/DesafioQAItauRogerioJordao/RamdonUser/tests">
<suite id="s1-s1" name="Random-User-Test" source="/home/runner/work/DesafioQAItauRogerioJordao/DesafioQAItauRogerioJordao/RamdonUser/tests/random-user-test.robot">
<test id="s1-s1-t1" name="Conectar" line="13">
<kw name="Conectar API" owner="random-user-service">
<kw name="Create Session" owner="RequestsLibrary">
<msg time="2024-05-07T23:13:03.344312" level="INFO">Creating Session using : alias=consultarAPI, url=https://randomuser.me/, headers={},                     cookies={}, auth=None, timeout=None, proxies=None, verify=False,                     debug=0 </msg>
<arg>consultarAPI</arg>
<arg>${URL}</arg>
<doc>Create Session: create a HTTP session to a server</doc>
<status status="PASS" start="2024-05-07T23:13:03.344115" elapsed="0.000378"/>
</kw>
<status status="PASS" start="2024-05-07T23:13:03.343151" elapsed="0.001701"/>
</kw>
<status status="PASS" start="2024-05-07T23:13:03.342573" elapsed="0.002471"/>
</test>
<test id="s1-s1-t2" name="Validar retorno 200 e JSON Válido" line="16">
<kw name="Teste de Requisicao Basica" owner="random-user-service">
<kw name="GET On Session" owner="RequestsLibrary">
<msg time="2024-05-07T23:13:03.705858" level="INFO">GET Request : url=https://randomuser.me/api 
 path_url=/api 
 headers={'User-Agent': 'python-requests/2.31.0', 'Accept-Encoding': 'gzip, deflate', 'Accept': '*/*', 'Connection': 'keep-alive'} 
 body=None 
 </msg>
<msg time="2024-05-07T23:13:03.706020" level="INFO">GET Response : url=https://randomuser.me/api 
 status=200, reason=OK 
 headers={'Date': 'Tue, 07 May 2024 23:13:03 GMT', 'Content-Type': 'application/json; charset=utf-8', 'Transfer-Encoding': 'chunked', 'Connection': 'keep-alive', 'X-Powered-By': 'Express', 'Access-Control-Allow-Origin': '*', 'Cache-Control': 'no-cache', 'ETag': 'W/"482-aCFM6S29Srb5uGzpT3WP8LorODQ"', 'Vary': 'Accept-Encoding', 'Content-Encoding': 'gzip', 'CF-Cache-Status': 'DYNAMIC', 'Report-To': '{"endpoints":[{"url":"https:\\/\\/a.nel.cloudflare.com\\/report\\/v4?s=mo8MJlDeRfJ7fAJG1tKvYnVkBMHIOjWZfL8Y1L%2BYHhwtoqoyN8bw6avlT47cMSzrWS0qTlXyguFZnQbwgDFZ9DQ%2FKgVc8pcEJ4za6CDka05OdAAfwq6Tdvl7on6ZNf4G"}],"group":"cf-nel","max_age":604800}', 'NEL': '{"success_fraction":0,"report_to":"cf-nel","max_age":604800}', 'Server': 'cloudflare', 'CF-RAY': '8804e5fc1e932566-SJC', 'alt-svc': 'h3=":443"; ma=86400'} 
 body={"results":[{"gender":"male","name":{"title":"Mr","first":"Rafael","last":"Herrero"},"location":{"street":{"number":2429,"name":"Avenida del Planetario"},"city":"Alicante","state":"Comunidad de Madrid","country":"Spain","postcode":66544,"coordinates":{"latitude":"-36.2453","longitude":"-158.6795"},"timezone":{"offset":"-9:00","description":"Alaska"}},"email":"rafael.herrero@example.com","login":{"uuid":"d613217a-214f-4aa3-96c4-aa3693696a0f","username":"silverfish664","password":"gotham","salt":"lep0PPnw","md5":"a7a84bfa70696148034407073a181f4c","sha1":"eab303eedada19fc7d1a3e9da0884bcb86f08ec9","sha256":"2436d5e41801e5b774c288fbb519ab84074bc5eb2789449288cebe13cc54eec6"},"dob":{"date":"1980-04-26T08:40:57.879Z","age":44},"registered":{"date":"2006-03-16T03:25:34.421Z","age":18},"phone":"962-364-609","cell":"690-175-178","id":{"name":"DNI","value":"84823221-T"},"picture":{"large":"https://randomuser.me/api/portraits/men/40.jpg","medium":"https://randomuser.me/api/portraits/med/men/40.jpg","thumbnail":"https://randomuser.me/api/portraits/thumb/men/40.jpg"},"nat":"ES"}],"info":{"seed":"fcabc715cb337345","results":1,"page":1,"version":"1.4"}} 
 </msg>
<msg time="2024-05-07T23:13:03.706104" level="INFO">/opt/hostedtoolcache/Python/3.12.3/x64/lib/python3.12/site-packages/urllib3/connectionpool.py:1103: InsecureRequestWarning: Unverified HTTPS request is being made to host 'randomuser.me'. Adding certificate verification is strongly advised. See: https://urllib3.readthedocs.io/en/latest/advanced-usage.html#tls-warnings
  warnings.warn(</msg>
<msg time="2024-05-07T23:13:03.706296" level="INFO">${response} = &lt;Response [200]&gt;</msg>
<var>${response}</var>
<arg>consultarAPI</arg>
<arg>/api</arg>
<doc>Sends a GET request on a previously created HTTP Session.</doc>
<status status="PASS" start="2024-05-07T23:13:03.347696" elapsed="0.358641"/>
</kw>
<kw name="Should Be Equal As Numbers" owner="BuiltIn">
<msg time="2024-05-07T23:13:03.707354" level="INFO">Argument types are:
&lt;class 'int'&gt;
&lt;class 'str'&gt;</msg>
<arg>${response.status_code}</arg>
<arg>200</arg>
<doc>Fails if objects are unequal after converting them to real numbers.</doc>
<status status="PASS" start="2024-05-07T23:13:03.706877" elapsed="0.000543"/>
</kw>
<kw name="Log" owner="BuiltIn">
<msg time="2024-05-07T23:13:03.708129" level="INFO">200</msg>
<arg>${response.status_code}</arg>
<doc>Logs the given message with the given level.</doc>
<status status="PASS" start="2024-05-07T23:13:03.707769" elapsed="0.000402"/>
</kw>
<kw name="Set Variable" owner="BuiltIn">
<msg time="2024-05-07T23:13:03.708911" level="INFO">${json_data} = {'results': [{'gender': 'male', 'name': {'title': 'Mr', 'first': 'Rafael', 'last': 'Herrero'}, 'location': {'street': {'number': 2429, 'name': 'Avenida del Planetario'}, 'city': 'Alicante', 'state': '...</msg>
<var>${json_data}</var>
<arg>${response.json()}</arg>
<doc>Returns the given values which can then be assigned to a variables.</doc>
<status status="PASS" start="2024-05-07T23:13:03.708476" elapsed="0.000463"/>
</kw>
<kw name="Dictionary Should Contain Key" owner="Collections">
<msg time="2024-05-07T23:13:03.709409" level="INFO">False</msg>
<arg>${json_data}</arg>
<arg>results</arg>
<doc>Fails if ``key`` is not found from ``dictionary``.</doc>
<status status="PASS" start="2024-05-07T23:13:03.709238" elapsed="0.000211"/>
</kw>
<status status="PASS" start="2024-05-07T23:13:03.347447" elapsed="0.362261"/>
</kw>
<doc>Testa se a API responde corretamente e retorna um objeto JSON válido.</doc>
<tag>testeRequisicaoBasica</tag>
<status status="PASS" start="2024-05-07T23:13:03.346987" elapsed="0.362907"/>
</test>
<test id="s1-s1-t3" name="Validar estrutura de resposta" line="22">
<kw name="Teste de Estrutura de Resposta" owner="random-user-service">
<kw name="GET On Session" owner="RequestsLibrary">
<msg time="2024-05-07T23:13:03.810237" level="INFO">GET Request : url=https://randomuser.me/api 
 path_url=/api 
 headers={'User-Agent': 'python-requests/2.31.0', 'Accept-Encoding': 'gzip, deflate', 'Accept': '*/*', 'Connection': 'keep-alive'} 
 body=None 
 </msg>
<msg time="2024-05-07T23:13:03.810338" level="INFO">GET Response : url=https://randomuser.me/api 
 status=200, reason=OK 
 headers={'Date': 'Tue, 07 May 2024 23:13:03 GMT', 'Content-Type': 'application/json; charset=utf-8', 'Transfer-Encoding': 'chunked', 'Connection': 'keep-alive', 'X-Powered-By': 'Express', 'Access-Control-Allow-Origin': '*', 'Cache-Control': 'no-cache', 'ETag': 'W/"464-H2YulkoTxNkIQH/EB+1PGKKsqnI"', 'Vary': 'Accept-Encoding', 'Content-Encoding': 'gzip', 'CF-Cache-Status': 'DYNAMIC', 'Report-To': '{"endpoints":[{"url":"https:\\/\\/a.nel.cloudflare.com\\/report\\/v4?s=b6QhGTAo2MzXOljlG8TktRkYRw1VUm4LEjznwdcBsqdrkygC0xd2E8OEMAkbo0W15gsyrqB6eD7DHfhTG%2BuKbBsh7xDIY7tm8mZoDQlYsVw%2BXjb7FzikDSVHvklcWRRG"}],"group":"cf-nel","max_age":604800}', 'NEL': '{"success_fraction":0,"report_to":"cf-nel","max_age":604800}', 'Server': 'cloudflare', 'CF-RAY': '8804e5fe380e2566-SJC', 'alt-svc': 'h3=":443"; ma=86400'} 
 body={"results":[{"gender":"male","name":{"title":"Mr","first":"Nathan","last":"Haukås"},"location":{"street":{"number":9264,"name":"Fjellklangveien"},"city":"Vadsø","state":"Oslo","country":"Norway","postcode":"8513","coordinates":{"latitude":"45.0053","longitude":"-129.4325"},"timezone":{"offset":"+3:30","description":"Tehran"}},"email":"nathan.haukas@example.com","login":{"uuid":"a49e3e99-7ca2-4e46-9e26-a672ff894680","username":"blackgorilla698","password":"temp","salt":"EVNj4qz3","md5":"90c0bd24e553af896ae4e758630852c1","sha1":"d5a9a7e8a2cdc47e7b1db77fe95d16f5ed32dd9e","sha256":"de11022d1b9265a6a5f6f6859b571e7cc122554b72f03b64d28522cf701c3d6b"},"dob":{"date":"1967-03-29T19:00:54.227Z","age":57},"registered":{"date":"2011-03-29T04:17:56.735Z","age":13},"phone":"89553350","cell":"96822686","id":{"name":"FN","value":"29036747755"},"picture":{"large":"https://randomuser.me/api/portraits/men/17.jpg","medium":"https://randomuser.me/api/portraits/med/men/17.jpg","thumbnail":"https://randomuser.me/api/portraits/thumb/men/17.jpg"},"nat":"NO"}],"info":{"seed":"77e0d7cdef4b972c","results":1,"page":1,"version":"1.4"}} 
 </msg>
<msg time="2024-05-07T23:13:03.810470" level="INFO">/opt/hostedtoolcache/Python/3.12.3/x64/lib/python3.12/site-packages/urllib3/connectionpool.py:1103: InsecureRequestWarning: Unverified HTTPS request is being made to host 'randomuser.me'. Adding certificate verification is strongly advised. See: https://urllib3.readthedocs.io/en/latest/advanced-usage.html#tls-warnings
  warnings.warn(</msg>
<msg time="2024-05-07T23:13:03.810614" level="INFO">${response} = &lt;Response [200]&gt;</msg>
<var>${response}</var>
<arg>consultarAPI</arg>
<arg>/api</arg>
<doc>Sends a GET request on a previously created HTTP Session.</doc>
<status status="PASS" start="2024-05-07T23:13:03.712579" elapsed="0.098076"/>
</kw>
<kw name="Set Variable" owner="BuiltIn">
<msg time="2024-05-07T23:13:03.811697" level="INFO">${json_data} = {'results': [{'gender': 'male', 'name': {'title': 'Mr', 'first': 'Nathan', 'last': 'Haukås'}, 'location': {'street': {'number': 9264, 'name': 'Fjellklangveien'}, 'city': 'Vadsø', 'state': 'Oslo', 'cou...</msg>
<var>${json_data}</var>
<arg>${response.json()}</arg>
<doc>Returns the given values which can then be assigned to a variables.</doc>
<status status="PASS" start="2024-05-07T23:13:03.811177" elapsed="0.000550"/>
</kw>
<kw name="Log" owner="BuiltIn">
<msg time="2024-05-07T23:13:03.812189" level="INFO">{'results': [{'gender': 'male', 'name': {'title': 'Mr', 'first': 'Nathan', 'last': 'Haukås'}, 'location': {'street': {'number': 9264, 'name': 'Fjellklangveien'}, 'city': 'Vadsø', 'state': 'Oslo', 'country': 'Norway', 'postcode': '8513', 'coordinates': {'latitude': '45.0053', 'longitude': '-129.4325'}, 'timezone': {'offset': '+3:30', 'description': 'Tehran'}}, 'email': 'nathan.haukas@example.com', 'login': {'uuid': 'a49e3e99-7ca2-4e46-9e26-a672ff894680', 'username': 'blackgorilla698', 'password': 'temp', 'salt': 'EVNj4qz3', 'md5': '90c0bd24e553af896ae4e758630852c1', 'sha1': 'd5a9a7e8a2cdc47e7b1db77fe95d16f5ed32dd9e', 'sha256': 'de11022d1b9265a6a5f6f6859b571e7cc122554b72f03b64d28522cf701c3d6b'}, 'dob': {'date': '1967-03-29T19:00:54.227Z', 'age': 57}, 'registered': {'date': '2011-03-29T04:17:56.735Z', 'age': 13}, 'phone': '89553350', 'cell': '96822686', 'id': {'name': 'FN', 'value': '29036747755'}, 'picture': {'large': 'https://randomuser.me/api/portraits/men/17.jpg', 'medium': 'https://randomuser.me/api/portraits/med/men/17.jpg', 'thumbnail': 'https://randomuser.me/api/portraits/thumb/men/17.jpg'}, 'nat': 'NO'}], 'info': {'seed': '77e0d7cdef4b972c', 'results': 1, 'page': 1, 'version': '1.4'}}</msg>
<arg>${json_data}</arg>
<doc>Logs the given message with the given level.</doc>
<status status="PASS" start="2024-05-07T23:13:03.812030" elapsed="0.000208"/>
</kw>
<kw name="Dictionary Should Contain Key" owner="Collections">
<msg time="2024-05-07T23:13:03.812692" level="INFO">False</msg>
<arg>${json_data}</arg>
<arg>results</arg>
<doc>Fails if ``key`` is not found from ``dictionary``.</doc>
<status status="PASS" start="2024-05-07T23:13:03.812533" elapsed="0.000195"/>
</kw>
<kw name="Should Not Be Empty" owner="BuiltIn">
<msg time="2024-05-07T23:13:03.813154" level="INFO">Length is 2.</msg>
<arg>${json_data}</arg>
<doc>Verifies that the given item is not empty.</doc>
<status status="PASS" start="2024-05-07T23:13:03.813018" elapsed="0.000333"/>
</kw>
<kw name="Create List" owner="BuiltIn">
<msg time="2024-05-07T23:13:03.813800" level="INFO">${expected_keys} = ['gender', 'name', 'location', 'email', 'login']</msg>
<var>${expected_keys}</var>
<arg>gender</arg>
<arg>name</arg>
<arg>location</arg>
<arg>email</arg>
<arg>login</arg>
<doc>Returns a list containing given items.</doc>
<status status="PASS" start="2024-05-07T23:13:03.813647" elapsed="0.000177"/>
</kw>
<for flavor="IN">
<iter>
<kw name="Dictionary Should Contain Key" owner="Collections">
<msg time="2024-05-07T23:13:03.814853" level="INFO">False</msg>
<arg>${json_data['results'][0]}</arg>
<arg>${key}</arg>
<doc>Fails if ``key`` is not found from ``dictionary``.</doc>
<status status="PASS" start="2024-05-07T23:13:03.814446" elapsed="0.000445"/>
</kw>
<kw name="Log" owner="BuiltIn">
<msg time="2024-05-07T23:13:03.815556" level="INFO">{'gender': 'male', 'name': {'title': 'Mr', 'first': 'Nathan', 'last': 'Haukås'}, 'location': {'street': {'number': 9264, 'name': 'Fjellklangveien'}, 'city': 'Vadsø', 'state': 'Oslo', 'country': 'Norway', 'postcode': '8513', 'coordinates': {'latitude': '45.0053', 'longitude': '-129.4325'}, 'timezone': {'offset': '+3:30', 'description': 'Tehran'}}, 'email': 'nathan.haukas@example.com', 'login': {'uuid': 'a49e3e99-7ca2-4e46-9e26-a672ff894680', 'username': 'blackgorilla698', 'password': 'temp', 'salt': 'EVNj4qz3', 'md5': '90c0bd24e553af896ae4e758630852c1', 'sha1': 'd5a9a7e8a2cdc47e7b1db77fe95d16f5ed32dd9e', 'sha256': 'de11022d1b9265a6a5f6f6859b571e7cc122554b72f03b64d28522cf701c3d6b'}, 'dob': {'date': '1967-03-29T19:00:54.227Z', 'age': 57}, 'registered': {'date': '2011-03-29T04:17:56.735Z', 'age': 13}, 'phone': '89553350', 'cell': '96822686', 'id': {'name': 'FN', 'value': '29036747755'}, 'picture': {'large': 'https://randomuser.me/api/portraits/men/17.jpg', 'medium': 'https://randomuser.me/api/portraits/med/men/17.jpg', 'thumbnail': 'https://randomuser.me/api/portraits/thumb/men/17.jpg'}, 'nat': 'NO'}</msg>
<arg>${json_data['results'][0]}</arg>
<doc>Logs the given message with the given level.</doc>
<status status="PASS" start="2024-05-07T23:13:03.815190" elapsed="0.000414"/>
</kw>
<kw name="Log" owner="BuiltIn">
<msg time="2024-05-07T23:13:03.816034" level="INFO">gender</msg>
<arg>${key}</arg>
<doc>Logs the given message with the given level.</doc>
<status status="PASS" start="2024-05-07T23:13:03.815908" elapsed="0.000163"/>
</kw>
<var name="${key}">gender</var>
<status status="PASS" start="2024-05-07T23:13:03.814308" elapsed="0.001975"/>
</iter>
<iter>
<kw name="Dictionary Should Contain Key" owner="Collections">
<msg time="2024-05-07T23:13:03.816967" level="INFO">False</msg>
<arg>${json_data['results'][0]}</arg>
<arg>${key}</arg>
<doc>Fails if ``key`` is not found from ``dictionary``.</doc>
<status status="PASS" start="2024-05-07T23:13:03.816582" elapsed="0.000423"/>
</kw>
<kw name="Log" owner="BuiltIn">
<msg time="2024-05-07T23:13:03.817694" level="INFO">{'gender': 'male', 'name': {'title': 'Mr', 'first': 'Nathan', 'last': 'Haukås'}, 'location': {'street': {'number': 9264, 'name': 'Fjellklangveien'}, 'city': 'Vadsø', 'state': 'Oslo', 'country': 'Norway', 'postcode': '8513', 'coordinates': {'latitude': '45.0053', 'longitude': '-129.4325'}, 'timezone': {'offset': '+3:30', 'description': 'Tehran'}}, 'email': 'nathan.haukas@example.com', 'login': {'uuid': 'a49e3e99-7ca2-4e46-9e26-a672ff894680', 'username': 'blackgorilla698', 'password': 'temp', 'salt': 'EVNj4qz3', 'md5': '90c0bd24e553af896ae4e758630852c1', 'sha1': 'd5a9a7e8a2cdc47e7b1db77fe95d16f5ed32dd9e', 'sha256': 'de11022d1b9265a6a5f6f6859b571e7cc122554b72f03b64d28522cf701c3d6b'}, 'dob': {'date': '1967-03-29T19:00:54.227Z', 'age': 57}, 'registered': {'date': '2011-03-29T04:17:56.735Z', 'age': 13}, 'phone': '89553350', 'cell': '96822686', 'id': {'name': 'FN', 'value': '29036747755'}, 'picture': {'large': 'https://randomuser.me/api/portraits/men/17.jpg', 'medium': 'https://randomuser.me/api/portraits/med/men/17.jpg', 'thumbnail': 'https://randomuser.me/api/portraits/thumb/men/17.jpg'}, 'nat': 'NO'}</msg>
<arg>${json_data['results'][0]}</arg>
<doc>Logs the given message with the given level.</doc>
<status status="PASS" start="2024-05-07T23:13:03.817296" elapsed="0.000447"/>
</kw>
<kw name="Log" owner="BuiltIn">
<msg time="2024-05-07T23:13:03.818172" level="INFO">name</msg>
<arg>${key}</arg>
<doc>Logs the given message with the given level.</doc>
<status status="PASS" start="2024-05-07T23:13:03.818048" elapsed="0.000193"/>
</kw>
<var name="${key}">name</var>
<status status="PASS" start="2024-05-07T23:13:03.816467" elapsed="0.002004"/>
</iter>
<iter>
<kw name="Dictionary Should Contain Key" owner="Collections">
<msg time="2024-05-07T23:13:03.819146" level="INFO">False</msg>
<arg>${json_data['results'][0]}</arg>
<arg>${key}</arg>
<doc>Fails if ``key`` is not found from ``dictionary``.</doc>
<status status="PASS" start="2024-05-07T23:13:03.818760" elapsed="0.000422"/>
</kw>
<kw name="Log" owner="BuiltIn">
<msg time="2024-05-07T23:13:03.819835" level="INFO">{'gender': 'male', 'name': {'title': 'Mr', 'first': 'Nathan', 'last': 'Haukås'}, 'location': {'street': {'number': 9264, 'name': 'Fjellklangveien'}, 'city': 'Vadsø', 'state': 'Oslo', 'country': 'Norway', 'postcode': '8513', 'coordinates': {'latitude': '45.0053', 'longitude': '-129.4325'}, 'timezone': {'offset': '+3:30', 'description': 'Tehran'}}, 'email': 'nathan.haukas@example.com', 'login': {'uuid': 'a49e3e99-7ca2-4e46-9e26-a672ff894680', 'username': 'blackgorilla698', 'password': 'temp', 'salt': 'EVNj4qz3', 'md5': '90c0bd24e553af896ae4e758630852c1', 'sha1': 'd5a9a7e8a2cdc47e7b1db77fe95d16f5ed32dd9e', 'sha256': 'de11022d1b9265a6a5f6f6859b571e7cc122554b72f03b64d28522cf701c3d6b'}, 'dob': {'date': '1967-03-29T19:00:54.227Z', 'age': 57}, 'registered': {'date': '2011-03-29T04:17:56.735Z', 'age': 13}, 'phone': '89553350', 'cell': '96822686', 'id': {'name': 'FN', 'value': '29036747755'}, 'picture': {'large': 'https://randomuser.me/api/portraits/men/17.jpg', 'medium': 'https://randomuser.me/api/portraits/med/men/17.jpg', 'thumbnail': 'https://randomuser.me/api/portraits/thumb/men/17.jpg'}, 'nat': 'NO'}</msg>
<arg>${json_data['results'][0]}</arg>
<doc>Logs the given message with the given level.</doc>
<status status="PASS" start="2024-05-07T23:13:03.819478" elapsed="0.000404"/>
</kw>
<kw name="Log" owner="BuiltIn">
<msg time="2024-05-07T23:13:03.820294" level="INFO">location</msg>
<arg>${key}</arg>
<doc>Logs the given message with the given level.</doc>
<status status="PASS" start="2024-05-07T23:13:03.820172" elapsed="0.000158"/>
</kw>
<var name="${key}">location</var>
<status status="PASS" start="2024-05-07T23:13:03.818650" elapsed="0.001891"/>
</iter>
<iter>
<kw name="Dictionary Should Contain Key" owner="Collections">
<msg time="2024-05-07T23:13:03.821200" level="INFO">False</msg>
<arg>${json_data['results'][0]}</arg>
<arg>${key}</arg>
<doc>Fails if ``key`` is not found from ``dictionary``.</doc>
<status status="PASS" start="2024-05-07T23:13:03.820822" elapsed="0.000415"/>
</kw>
<kw name="Log" owner="BuiltIn">
<msg time="2024-05-07T23:13:03.821925" level="INFO">{'gender': 'male', 'name': {'title': 'Mr', 'first': 'Nathan', 'last': 'Haukås'}, 'location': {'street': {'number': 9264, 'name': 'Fjellklangveien'}, 'city': 'Vadsø', 'state': 'Oslo', 'country': 'Norway', 'postcode': '8513', 'coordinates': {'latitude': '45.0053', 'longitude': '-129.4325'}, 'timezone': {'offset': '+3:30', 'description': 'Tehran'}}, 'email': 'nathan.haukas@example.com', 'login': {'uuid': 'a49e3e99-7ca2-4e46-9e26-a672ff894680', 'username': 'blackgorilla698', 'password': 'temp', 'salt': 'EVNj4qz3', 'md5': '90c0bd24e553af896ae4e758630852c1', 'sha1': 'd5a9a7e8a2cdc47e7b1db77fe95d16f5ed32dd9e', 'sha256': 'de11022d1b9265a6a5f6f6859b571e7cc122554b72f03b64d28522cf701c3d6b'}, 'dob': {'date': '1967-03-29T19:00:54.227Z', 'age': 57}, 'registered': {'date': '2011-03-29T04:17:56.735Z', 'age': 13}, 'phone': '89553350', 'cell': '96822686', 'id': {'name': 'FN', 'value': '29036747755'}, 'picture': {'large': 'https://randomuser.me/api/portraits/men/17.jpg', 'medium': 'https://randomuser.me/api/portraits/med/men/17.jpg', 'thumbnail': 'https://randomuser.me/api/portraits/thumb/men/17.jpg'}, 'nat': 'NO'}</msg>
<arg>${json_data['results'][0]}</arg>
<doc>Logs the given message with the given level.</doc>
<status status="PASS" start="2024-05-07T23:13:03.821531" elapsed="0.000443"/>
</kw>
<kw name="Log" owner="BuiltIn">
<msg time="2024-05-07T23:13:03.822440" level="INFO">email</msg>
<arg>${key}</arg>
<doc>Logs the given message with the given level.</doc>
<status status="PASS" start="2024-05-07T23:13:03.822309" elapsed="0.000168"/>
</kw>
<var name="${key}">email</var>
<status status="PASS" start="2024-05-07T23:13:03.820713" elapsed="0.001980"/>
</iter>
<iter>
<kw name="Dictionary Should Contain Key" owner="Collections">
<msg time="2024-05-07T23:13:03.823361" level="INFO">False</msg>
<arg>${json_data['results'][0]}</arg>
<arg>${key}</arg>
<doc>Fails if ``key`` is not found from ``dictionary``.</doc>
<status status="PASS" start="2024-05-07T23:13:03.822973" elapsed="0.000426"/>
</kw>
<kw name="Log" owner="BuiltIn">
<msg time="2024-05-07T23:13:03.824125" level="INFO">{'gender': 'male', 'name': {'title': 'Mr', 'first': 'Nathan', 'last': 'Haukås'}, 'location': {'street': {'number': 9264, 'name': 'Fjellklangveien'}, 'city': 'Vadsø', 'state': 'Oslo', 'country': 'Norway', 'postcode': '8513', 'coordinates': {'latitude': '45.0053', 'longitude': '-129.4325'}, 'timezone': {'offset': '+3:30', 'description': 'Tehran'}}, 'email': 'nathan.haukas@example.com', 'login': {'uuid': 'a49e3e99-7ca2-4e46-9e26-a672ff894680', 'username': 'blackgorilla698', 'password': 'temp', 'salt': 'EVNj4qz3', 'md5': '90c0bd24e553af896ae4e758630852c1', 'sha1': 'd5a9a7e8a2cdc47e7b1db77fe95d16f5ed32dd9e', 'sha256': 'de11022d1b9265a6a5f6f6859b571e7cc122554b72f03b64d28522cf701c3d6b'}, 'dob': {'date': '1967-03-29T19:00:54.227Z', 'age': 57}, 'registered': {'date': '2011-03-29T04:17:56.735Z', 'age': 13}, 'phone': '89553350', 'cell': '96822686', 'id': {'name': 'FN', 'value': '29036747755'}, 'picture': {'large': 'https://randomuser.me/api/portraits/men/17.jpg', 'medium': 'https://randomuser.me/api/portraits/med/men/17.jpg', 'thumbnail': 'https://randomuser.me/api/portraits/thumb/men/17.jpg'}, 'nat': 'NO'}</msg>
<arg>${json_data['results'][0]}</arg>
<doc>Logs the given message with the given level.</doc>
<status status="PASS" start="2024-05-07T23:13:03.823717" elapsed="0.000457"/>
</kw>
<kw name="Log" owner="BuiltIn">
<msg time="2024-05-07T23:13:03.824606" level="INFO">login</msg>
<arg>${key}</arg>
<doc>Logs the given message with the given level.</doc>
<status status="PASS" start="2024-05-07T23:13:03.824480" elapsed="0.000163"/>
</kw>
<var name="${key}">login</var>
<status status="PASS" start="2024-05-07T23:13:03.822864" elapsed="0.001997"/>
</iter>
<var>${key}</var>
<value>@{expected_keys}</value>
<status status="PASS" start="2024-05-07T23:13:03.814081" elapsed="0.010900"/>
</for>
<kw name="Create List" owner="BuiltIn">
<msg time="2024-05-07T23:13:03.825337" level="INFO">${expected_keysTwo} = ['username', 'password']</msg>
<var>${expected_keysTwo}</var>
<arg>username</arg>
<arg>password</arg>
<doc>Returns a list containing given items.</doc>
<status status="PASS" start="2024-05-07T23:13:03.825170" elapsed="0.000190"/>
</kw>
<for flavor="IN">
<iter>
<kw name="Dictionary Should Contain Key" owner="Collections">
<msg time="2024-05-07T23:13:03.826310" level="INFO">False</msg>
<arg>${json_data['results'][0]['login']}</arg>
<arg>${keyTwo}</arg>
<doc>Fails if ``key`` is not found from ``dictionary``.</doc>
<status status="PASS" start="2024-05-07T23:13:03.825882" elapsed="0.000467"/>
</kw>
<kw name="Dictionary Should Contain Key" owner="Collections">
<msg time="2024-05-07T23:13:03.827046" level="INFO">False</msg>
<arg>${json_data['results'][0]['login']}</arg>
<arg>${keyTwo}</arg>
<doc>Fails if ``key`` is not found from ``dictionary``.</doc>
<status status="PASS" start="2024-05-07T23:13:03.826658" elapsed="0.000426"/>
</kw>
<kw name="Log" owner="BuiltIn">
<msg time="2024-05-07T23:13:03.827497" level="INFO">username</msg>
<arg>${keyTwo}</arg>
<doc>Logs the given message with the given level.</doc>
<status status="PASS" start="2024-05-07T23:13:03.827373" elapsed="0.000178"/>
</kw>
<var name="${keyTwo}">username</var>
<status status="PASS" start="2024-05-07T23:13:03.825771" elapsed="0.001991"/>
</iter>
<iter>
<kw name="Dictionary Should Contain Key" owner="Collections">
<msg time="2024-05-07T23:13:03.828505" level="INFO">False</msg>
<arg>${json_data['results'][0]['login']}</arg>
<arg>${keyTwo}</arg>
<doc>Fails if ``key`` is not found from ``dictionary``.</doc>
<status status="PASS" start="2024-05-07T23:13:03.828041" elapsed="0.000505"/>
</kw>
<kw name="Dictionary Should Contain Key" owner="Collections">
<msg time="2024-05-07T23:13:03.829216" level="INFO">False</msg>
<arg>${json_data['results'][0]['login']}</arg>
<arg>${keyTwo}</arg>
<doc>Fails if ``key`` is not found from ``dictionary``.</doc>
<status status="PASS" start="2024-05-07T23:13:03.828840" elapsed="0.000411"/>
</kw>
<kw name="Log" owner="BuiltIn">
<msg time="2024-05-07T23:13:03.829663" level="INFO">password</msg>
<arg>${keyTwo}</arg>
<doc>Logs the given message with the given level.</doc>
<status status="PASS" start="2024-05-07T23:13:03.829538" elapsed="0.000162"/>
</kw>
<var name="${keyTwo}">password</var>
<status status="PASS" start="2024-05-07T23:13:03.827931" elapsed="0.001981"/>
</iter>
<var>${keyTwo}</var>
<value>@{expected_keysTwo}</value>
<status status="PASS" start="2024-05-07T23:13:03.825594" elapsed="0.004438"/>
</for>
<status status="PASS" start="2024-05-07T23:13:03.712339" elapsed="0.117832"/>
</kw>
<doc>Testa a estrutura da resposta da API.</doc>
<tag>testeEstruturaResposta</tag>
<status status="PASS" start="2024-05-07T23:13:03.711821" elapsed="0.118559"/>
</test>
<test id="s1-s1-t4" name="Validar tipos de dados" line="28">
<kw name="Teste de Tipos de Dados" owner="random-user-service">
<kw name="GET On Session" owner="RequestsLibrary">
<msg time="2024-05-07T23:13:03.924306" level="INFO">GET Request : url=https://randomuser.me/api 
 path_url=/api 
 headers={'User-Agent': 'python-requests/2.31.0', 'Accept-Encoding': 'gzip, deflate', 'Accept': '*/*', 'Connection': 'keep-alive'} 
 body=None 
 </msg>
<msg time="2024-05-07T23:13:03.924383" level="INFO">GET Response : url=https://randomuser.me/api 
 status=200, reason=OK 
 headers={'Date': 'Tue, 07 May 2024 23:13:03 GMT', 'Content-Type': 'application/json; charset=utf-8', 'Transfer-Encoding': 'chunked', 'Connection': 'keep-alive', 'X-Powered-By': 'Express', 'Access-Control-Allow-Origin': '*', 'Cache-Control': 'no-cache', 'ETag': 'W/"480-eebKPHn0jBIrZmmC+CW42Relg8k"', 'Vary': 'Accept-Encoding', 'Content-Encoding': 'gzip', 'CF-Cache-Status': 'DYNAMIC', 'Report-To': '{"endpoints":[{"url":"https:\\/\\/a.nel.cloudflare.com\\/report\\/v4?s=CznfAcS8ofRD6K8I4P6iBPF4V7iR70JwsqKFnvuHNKfQHBmsR1uEUZd0oqtD5hZVpHAOLApw4jHJBa7HDzE11jC5Dgeak8XKv%2FmAjuBn7eidSd8ss%2BTzBaQx28kf4H%2Fs"}],"group":"cf-nel","max_age":604800}', 'NEL': '{"success_fraction":0,"report_to":"cf-nel","max_age":604800}', 'Server': 'cloudflare', 'CF-RAY': '8804e5fef8852566-SJC', 'alt-svc': 'h3=":443"; ma=86400'} 
 body={"results":[{"gender":"female","name":{"title":"Mrs","first":"Willie","last":"Anderson"},"location":{"street":{"number":462,"name":"Nowlin Rd"},"city":"Albany","state":"Western Australia","country":"Australia","postcode":6657,"coordinates":{"latitude":"-82.6044","longitude":"165.1427"},"timezone":{"offset":"-9:00","description":"Alaska"}},"email":"willie.anderson@example.com","login":{"uuid":"f071080e-8582-4279-9d49-ef76bd656f51","username":"purpletiger995","password":"denmark","salt":"tGklDMwY","md5":"4caa3f256f9a606b373265dd4cccb293","sha1":"bd6a46ab9bedb05117d402d0a14b78c8c76b51f7","sha256":"48c1cb88c1799ed52f43c7cecc3bca10a12ef68d1a21107d1992691af2202e61"},"dob":{"date":"1970-02-21T07:44:57.561Z","age":54},"registered":{"date":"2010-07-09T12:38:34.115Z","age":13},"phone":"08-4349-3018","cell":"0482-401-474","id":{"name":"TFN","value":"652714759"},"picture":{"large":"https://randomuser.me/api/portraits/women/70.jpg","medium":"https://randomuser.me/api/portraits/med/women/70.jpg","thumbnail":"https://randomuser.me/api/portraits/thumb/women/70.jpg"},"nat":"AU"}],"info":{"seed":"b3c4dee552517ec5","results":1,"page":1,"version":"1.4"}} 
 </msg>
<msg time="2024-05-07T23:13:03.924448" level="INFO">/opt/hostedtoolcache/Python/3.12.3/x64/lib/python3.12/site-packages/urllib3/connectionpool.py:1103: InsecureRequestWarning: Unverified HTTPS request is being made to host 'randomuser.me'. Adding certificate verification is strongly advised. See: https://urllib3.readthedocs.io/en/latest/advanced-usage.html#tls-warnings
  warnings.warn(</msg>
<msg time="2024-05-07T23:13:03.924546" level="INFO">${response} = &lt;Response [200]&gt;</msg>
<var>${response}</var>
<arg>consultarAPI</arg>
<arg>/api</arg>
<doc>Sends a GET request on a previously created HTTP Session.</doc>
<status status="PASS" start="2024-05-07T23:13:03.832863" elapsed="0.091712"/>
</kw>
<kw name="Set Variable" owner="BuiltIn">
<msg time="2024-05-07T23:13:03.925578" level="INFO">${json_data} = {'results': [{'gender': 'female', 'name': {'title': 'Mrs', 'first': 'Willie', 'last': 'Anderson'}, 'location': {'street': {'number': 462, 'name': 'Nowlin Rd'}, 'city': 'Albany', 'state': 'Western Aust...</msg>
<var>${json_data}</var>
<arg>${response.json()}</arg>
<doc>Returns the given values which can then be assigned to a variables.</doc>
<status status="PASS" start="2024-05-07T23:13:03.925091" elapsed="0.000515"/>
</kw>
<kw name="Log" owner="BuiltIn">
<msg time="2024-05-07T23:13:03.926058" level="INFO">{'results': [{'gender': 'female', 'name': {'title': 'Mrs', 'first': 'Willie', 'last': 'Anderson'}, 'location': {'street': {'number': 462, 'name': 'Nowlin Rd'}, 'city': 'Albany', 'state': 'Western Australia', 'country': 'Australia', 'postcode': 6657, 'coordinates': {'latitude': '-82.6044', 'longitude': '165.1427'}, 'timezone': {'offset': '-9:00', 'description': 'Alaska'}}, 'email': 'willie.anderson@example.com', 'login': {'uuid': 'f071080e-8582-4279-9d49-ef76bd656f51', 'username': 'purpletiger995', 'password': 'denmark', 'salt': 'tGklDMwY', 'md5': '4caa3f256f9a606b373265dd4cccb293', 'sha1': 'bd6a46ab9bedb05117d402d0a14b78c8c76b51f7', 'sha256': '48c1cb88c1799ed52f43c7cecc3bca10a12ef68d1a21107d1992691af2202e61'}, 'dob': {'date': '1970-02-21T07:44:57.561Z', 'age': 54}, 'registered': {'date': '2010-07-09T12:38:34.115Z', 'age': 13}, 'phone': '08-4349-3018', 'cell': '0482-401-474', 'id': {'name': 'TFN', 'value': '652714759'}, 'picture': {'large': 'https://randomuser.me/api/portraits/women/70.jpg', 'medium': 'https://randomuser.me/api/portraits/med/women/70.jpg', 'thumbnail': 'https://randomuser.me/api/portraits/thumb/women/70.jpg'}, 'nat': 'AU'}], 'info': {'seed': 'b3c4dee552517ec5', 'results': 1, 'page': 1, 'version': '1.4'}}</msg>
<arg>${json_data}</arg>
<doc>Logs the given message with the given level.</doc>
<status status="PASS" start="2024-05-07T23:13:03.925907" elapsed="0.000198"/>
</kw>
<kw name="Should Be String" owner="String">
<arg>${json_data['results'][0]['gender']}</arg>
<doc>Fails if the given ``item`` is not a string.</doc>
<status status="PASS" start="2024-05-07T23:13:03.926448" elapsed="0.000408"/>
</kw>
<kw name="Should Match Regexp" owner="BuiltIn">
<arg>${json_data['results'][0]['email']}</arg>
<arg>^[a-zA-Z0-9._%+-]+@[a-zA-Z0-9.-]+\.[a-zA-Z]{2,}$</arg>
<doc>Fails if ``string`` does not match ``pattern`` as a regular expression.</doc>
<status status="PASS" start="2024-05-07T23:13:03.927047" elapsed="0.000514"/>
</kw>
<kw name="Should Match Regexp" owner="BuiltIn">
<arg>${json_data['results'][0]['dob']['date']}</arg>
<arg>\\d{4}-\\d{2}-\\d{2}T\\d{2}:\\d{2}:\\d{2}\\.\\d{3}Z</arg>
<doc>Fails if ``string`` does not match ``pattern`` as a regular expression.</doc>
<status status="PASS" start="2024-05-07T23:13:03.927756" elapsed="0.000521"/>
</kw>
<kw name="Should Match Regexp" owner="BuiltIn">
<arg>${json_data['results'][0]['registered']['date']}</arg>
<arg>\\d{4}-\\d{2}-\\d{2}T\\d{2}:\\d{2}:\\d{2}\\.\\d{3}Z</arg>
<doc>Fails if ``string`` does not match ``pattern`` as a regular expression.</doc>
<status status="PASS" start="2024-05-07T23:13:03.928472" elapsed="0.000373"/>
</kw>
<kw name="Should Match Regexp" owner="BuiltIn">
<arg>${json_data['results'][0]['picture']['large']}</arg>
<arg>^https?://.*\.(?:png|jpe?g|gif|bmp)$</arg>
<doc>Fails if ``string`` does not match ``pattern`` as a regular expression.</doc>
<status status="PASS" start="2024-05-07T23:13:03.929033" elapsed="0.000502"/>
</kw>
<kw name="Should Match Regexp" owner="BuiltIn">
<arg>${json_data['results'][0]['picture']['medium']}</arg>
<arg>^https?://.*\.(?:png|jpe?g|gif|bmp)$</arg>
<doc>Fails if ``string`` does not match ``pattern`` as a regular expression.</doc>
<status status="PASS" start="2024-05-07T23:13:03.929727" elapsed="0.000362"/>
</kw>
<kw name="Should Match Regexp" owner="BuiltIn">
<arg>${json_data['results'][0]['picture']['thumbnail']}</arg>
<arg>^https?://.*\.(?:png|jpe?g|gif|bmp)$</arg>
<doc>Fails if ``string`` does not match ``pattern`` as a regular expression.</doc>
<status status="PASS" start="2024-05-07T23:13:03.930319" elapsed="0.000381"/>
</kw>
<kw name="Log" owner="BuiltIn">
<msg time="2024-05-07T23:13:03.931214" level="INFO">{'large': 'https://randomuser.me/api/portraits/women/70.jpg', 'medium': 'https://randomuser.me/api/portraits/med/women/70.jpg', 'thumbnail': 'https://randomuser.me/api/portraits/thumb/women/70.jpg'}</msg>
<arg>${json_data['results'][0]['picture']}</arg>
<doc>Logs the given message with the given level.</doc>
<status status="PASS" start="2024-05-07T23:13:03.930886" elapsed="0.000369"/>
</kw>
<status status="PASS" start="2024-05-07T23:13:03.832640" elapsed="0.098868"/>
</kw>
<kw name="Teste de Tipos de Dados - Postcode" owner="random-user-service">
<kw name="GET On Session" owner="RequestsLibrary">
<msg time="2024-05-07T23:13:04.023622" level="INFO">GET Request : url=https://randomuser.me/api 
 path_url=/api 
 headers={'User-Agent': 'python-requests/2.31.0', 'Accept-Encoding': 'gzip, deflate', 'Accept': '*/*', 'Connection': 'keep-alive'} 
 body=None 
 </msg>
<msg time="2024-05-07T23:13:04.023712" level="INFO">GET Response : url=https://randomuser.me/api 
 status=200, reason=OK 
 headers={'Date': 'Tue, 07 May 2024 23:13:04 GMT', 'Content-Type': 'application/json; charset=utf-8', 'Transfer-Encoding': 'chunked', 'Connection': 'keep-alive', 'X-Powered-By': 'Express', 'Access-Control-Allow-Origin': '*', 'Cache-Control': 'no-cache', 'ETag': 'W/"492-k9EUF24VBKRWgpmOrzVaGzLo0xg"', 'Vary': 'Accept-Encoding', 'Content-Encoding': 'gzip', 'CF-Cache-Status': 'DYNAMIC', 'Report-To': '{"endpoints":[{"url":"https:\\/\\/a.nel.cloudflare.com\\/report\\/v4?s=RBl3bDFCI7aM9Ha4hOtGRLsX1JHfkhRCcgTAX4vuxTwX7ab7Lx5fOAwIMMrcnZRhAm7GT%2BOF2krYhB9As5mOuVz88AY0G4yItVsFC5VvU73kbRJJ1hLZ1yP66xJAijVh"}],"group":"cf-nel","max_age":604800}', 'NEL': '{"success_fraction":0,"report_to":"cf-nel","max_age":604800}', 'Server': 'cloudflare', 'CF-RAY': '8804e5ff98f52566-SJC', 'alt-svc': 'h3=":443"; ma=86400'} 
 body={"results":[{"gender":"female","name":{"title":"Ms","first":"Ronja","last":"Ranta"},"location":{"street":{"number":2465,"name":"Pirkankatu"},"city":"Kivijärvi","state":"Uusimaa","country":"Finland","postcode":23325,"coordinates":{"latitude":"-21.8116","longitude":"5.6520"},"timezone":{"offset":"+4:00","description":"Abu Dhabi, Muscat, Baku, Tbilisi"}},"email":"ronja.ranta@example.com","login":{"uuid":"dcea385e-29dc-41d5-9598-7942c5f00d06","username":"orangekoala620","password":"magneto","salt":"K1VeZt1u","md5":"93d38a807307a26ee1129bfb9f59c576","sha1":"6072743e3f7f662e5a7312d7ef210fa4321c3135","sha256":"6a7828deee3d1977f7f0cce4be1dd13f75b532c6eb6d858d6763c351adc6e67a"},"dob":{"date":"1961-07-20T20:21:41.894Z","age":62},"registered":{"date":"2005-01-27T15:21:29.765Z","age":19},"phone":"04-900-804","cell":"047-131-20-55","id":{"name":"HETU","value":"NaNNA622undefined"},"picture":{"large":"https://randomuser.me/api/portraits/women/74.jpg","medium":"https://randomuser.me/api/portraits/med/women/74.jpg","thumbnail":"https://randomuser.me/api/portraits/thumb/women/74.jpg"},"nat":"FI"}],"info":{"seed":"d6e67f17a9fb2ddf","results":1,"page":1,"version":"1.4"}} 
 </msg>
<msg time="2024-05-07T23:13:04.023782" level="INFO">/opt/hostedtoolcache/Python/3.12.3/x64/lib/python3.12/site-packages/urllib3/connectionpool.py:1103: InsecureRequestWarning: Unverified HTTPS request is being made to host 'randomuser.me'. Adding certificate verification is strongly advised. See: https://urllib3.readthedocs.io/en/latest/advanced-usage.html#tls-warnings
  warnings.warn(</msg>
<msg time="2024-05-07T23:13:04.023894" level="INFO">${response} = &lt;Response [200]&gt;</msg>
<var>${response}</var>
<arg>consultarAPI</arg>
<arg>/api</arg>
<doc>Sends a GET request on a previously created HTTP Session.</doc>
<status status="PASS" start="2024-05-07T23:13:03.931957" elapsed="0.091962"/>
</kw>
<kw name="Set Variable" owner="BuiltIn">
<msg time="2024-05-07T23:13:04.024956" level="INFO">${json_data} = {'results': [{'gender': 'female', 'name': {'title': 'Ms', 'first': 'Ronja', 'last': 'Ranta'}, 'location': {'street': {'number': 2465, 'name': 'Pirkankatu'}, 'city': 'Kivijärvi', 'state': 'Uusimaa', 'c...</msg>
<var>${json_data}</var>
<arg>${response.json()}</arg>
<doc>Returns the given values which can then be assigned to a variables.</doc>
<status status="PASS" start="2024-05-07T23:13:04.024440" elapsed="0.000544"/>
</kw>
<kw name="Log" owner="BuiltIn">
<msg time="2024-05-07T23:13:04.025450" level="INFO">{'results': [{'gender': 'female', 'name': {'title': 'Ms', 'first': 'Ronja', 'last': 'Ranta'}, 'location': {'street': {'number': 2465, 'name': 'Pirkankatu'}, 'city': 'Kivijärvi', 'state': 'Uusimaa', 'country': 'Finland', 'postcode': 23325, 'coordinates': {'latitude': '-21.8116', 'longitude': '5.6520'}, 'timezone': {'offset': '+4:00', 'description': 'Abu Dhabi, Muscat, Baku, Tbilisi'}}, 'email': 'ronja.ranta@example.com', 'login': {'uuid': 'dcea385e-29dc-41d5-9598-7942c5f00d06', 'username': 'orangekoala620', 'password': 'magneto', 'salt': 'K1VeZt1u', 'md5': '93d38a807307a26ee1129bfb9f59c576', 'sha1': '6072743e3f7f662e5a7312d7ef210fa4321c3135', 'sha256': '6a7828deee3d1977f7f0cce4be1dd13f75b532c6eb6d858d6763c351adc6e67a'}, 'dob': {'date': '1961-07-20T20:21:41.894Z', 'age': 62}, 'registered': {'date': '2005-01-27T15:21:29.765Z', 'age': 19}, 'phone': '04-900-804', 'cell': '047-131-20-55', 'id': {'name': 'HETU', 'value': 'NaNNA622undefined'}, 'picture': {'large': 'https://randomuser.me/api/portraits/women/74.jpg', 'medium': 'https://randomuser.me/api/portraits/med/women/74.jpg', 'thumbnail': 'https://randomuser.me/api/portraits/thumb/women/74.jpg'}, 'nat': 'FI'}], 'info': {'seed': 'd6e67f17a9fb2ddf', 'results': 1, 'page': 1, 'version': '1.4'}}</msg>
<arg>${json_data}</arg>
<doc>Logs the given message with the given level.</doc>
<status status="PASS" start="2024-05-07T23:13:04.025292" elapsed="0.000206"/>
</kw>
<kw name="Should Be Equal As Numbers" owner="BuiltIn">
<arg>${json_data['results'][0]['location']['postcode']}</arg>
<arg>${json_data['results'][0]['location']['postcode']}</arg>
<doc>Fails if objects are unequal after converting them to real numbers.</doc>
<status status="PASS" start="2024-05-07T23:13:04.025975" elapsed="0.000682"/>
</kw>
<kw name="Log" owner="BuiltIn">
<msg time="2024-05-07T23:13:04.027227" level="INFO">23325</msg>
<arg>${json_data['results'][0]['location']['postcode']}</arg>
<doc>Logs the given message with the given level.</doc>
<status status="PASS" start="2024-05-07T23:13:04.026887" elapsed="0.000381"/>
</kw>
<status status="PASS" start="2024-05-07T23:13:03.931728" elapsed="0.095805"/>
</kw>
<doc>Testa se os tipos de dados na resposta da API estão corretos.</doc>
<tag>testeTiposDados</tag>
<status status="PASS" start="2024-05-07T23:13:03.832157" elapsed="0.195544"/>
</test>
<test id="s1-s1-t5" name="Validar conteudo" line="35">
<kw name="Teste de Tipos de Conteudo" owner="random-user-service">
<kw name="GET On Session" owner="RequestsLibrary">
<msg time="2024-05-07T23:13:04.128037" level="INFO">GET Request : url=https://randomuser.me/api 
 path_url=/api 
 headers={'User-Agent': 'python-requests/2.31.0', 'Accept-Encoding': 'gzip, deflate', 'Accept': '*/*', 'Connection': 'keep-alive'} 
 body=None 
 </msg>
<msg time="2024-05-07T23:13:04.128145" level="INFO">GET Response : url=https://randomuser.me/api 
 status=200, reason=OK 
 headers={'Date': 'Tue, 07 May 2024 23:13:04 GMT', 'Content-Type': 'application/json; charset=utf-8', 'Transfer-Encoding': 'chunked', 'Connection': 'keep-alive', 'X-Powered-By': 'Express', 'Access-Control-Allow-Origin': '*', 'Cache-Control': 'no-cache', 'ETag': 'W/"491-fNWJ7x8MUQIkbqcyqjwGaAn1VYI"', 'Vary': 'Accept-Encoding', 'Content-Encoding': 'gzip', 'CF-Cache-Status': 'DYNAMIC', 'Report-To': '{"endpoints":[{"url":"https:\\/\\/a.nel.cloudflare.com\\/report\\/v4?s=UtpgOXXLjh%2FoM1ZuGzeU5hKxWl90vHwyVyc6f1t9OCIF2dd1iN%2Be1B0w28V0M6W8fi4MRwTZvt%2Fhazua09%2FIp0XNXjutmTKpdTCOdQJ1B5wgowsIZ5MapwAQWKhEV9wo"}],"group":"cf-nel","max_age":604800}', 'NEL': '{"success_fraction":0,"report_to":"cf-nel","max_age":604800}', 'Server': 'cloudflare', 'CF-RAY': '8804e600394e2566-SJC', 'alt-svc': 'h3=":443"; ma=86400'} 
 body={"results":[{"gender":"female","name":{"title":"Ms","first":"Harriet","last":"Jackson"},"location":{"street":{"number":3381,"name":"Main Street"},"city":"Hastings","state":"Canterbury","country":"New Zealand","postcode":15479,"coordinates":{"latitude":"54.3889","longitude":"0.0435"},"timezone":{"offset":"+4:00","description":"Abu Dhabi, Muscat, Baku, Tbilisi"}},"email":"harriet.jackson@example.com","login":{"uuid":"54d95752-0d23-4852-b296-5396c75959c8","username":"greengoose273","password":"mercedes","salt":"ZimGuhlk","md5":"f8c7172ee2cde3a8bc889f71aa7445e7","sha1":"28c29995940cefaa087b9d97330caabf9aa38a48","sha256":"4ebda6d8fdf44cde6f08c531c13d5f316b0abe5ead3dd426bde5395cf56d94b1"},"dob":{"date":"1978-10-31T07:40:52.674Z","age":45},"registered":{"date":"2010-05-18T09:18:15.694Z","age":13},"phone":"(436)-357-5449","cell":"(847)-684-4234","id":{"name":"","value":null},"picture":{"large":"https://randomuser.me/api/portraits/women/74.jpg","medium":"https://randomuser.me/api/portraits/med/women/74.jpg","thumbnail":"https://randomuser.me/api/portraits/thumb/women/74.jpg"},"nat":"NZ"}],"info":{"seed":"6979bf8f4861eb2a","results":1,"page":1,"version":"1.4"}} 
 </msg>
<msg time="2024-05-07T23:13:04.128226" level="INFO">/opt/hostedtoolcache/Python/3.12.3/x64/lib/python3.12/site-packages/urllib3/connectionpool.py:1103: InsecureRequestWarning: Unverified HTTPS request is being made to host 'randomuser.me'. Adding certificate verification is strongly advised. See: https://urllib3.readthedocs.io/en/latest/advanced-usage.html#tls-warnings
  warnings.warn(</msg>
<msg time="2024-05-07T23:13:04.128361" level="INFO">${response} = &lt;Response [200]&gt;</msg>
<var>${response}</var>
<arg>consultarAPI</arg>
<arg>/api</arg>
<doc>Sends a GET request on a previously created HTTP Session.</doc>
<status status="PASS" start="2024-05-07T23:13:04.030460" elapsed="0.097953"/>
</kw>
<kw name="Set Variable" owner="BuiltIn">
<msg time="2024-05-07T23:13:04.129453" level="INFO">${json_data} = {'results': [{'gender': 'female', 'name': {'title': 'Ms', 'first': 'Harriet', 'last': 'Jackson'}, 'location': {'street': {'number': 3381, 'name': 'Main Street'}, 'city': 'Hastings', 'state': 'Canterbu...</msg>
<var>${json_data}</var>
<arg>${response.json()}</arg>
<doc>Returns the given values which can then be assigned to a variables.</doc>
<status status="PASS" start="2024-05-07T23:13:04.128934" elapsed="0.000547"/>
</kw>
<kw name="Set Variable" owner="BuiltIn">
<msg time="2024-05-07T23:13:04.130248" level="INFO">${name_title} = Ms</msg>
<var>${name_title}</var>
<arg>${json_data["results"][0]["name"]["title"]}</arg>
<doc>Returns the given values which can then be assigned to a variables.</doc>
<status status="PASS" start="2024-05-07T23:13:04.129795" elapsed="0.000484"/>
</kw>
<kw name="Create List" owner="BuiltIn">
<msg time="2024-05-07T23:13:04.130733" level="INFO">${allowed_titles} = ['Mr', 'Ms', 'Miss', 'Mrs', 'Madame', 'Monsieur']</msg>
<var>${allowed_titles}</var>
<arg>Mr</arg>
<arg>Ms</arg>
<arg>Miss</arg>
<arg>Mrs</arg>
<arg>Madame</arg>
<arg>Monsieur</arg>
<doc>Returns a list containing given items.</doc>
<status status="PASS" start="2024-05-07T23:13:04.130583" elapsed="0.000174"/>
</kw>
<kw name="List Should Contain Value" owner="Collections">
<msg time="2024-05-07T23:13:04.131230" level="INFO">False</msg>
<arg>${allowed_titles}</arg>
<arg>${name_title}</arg>
<doc>Fails if the ``value`` is not found from ``list``.</doc>
<status status="PASS" start="2024-05-07T23:13:04.131057" elapsed="0.000211"/>
</kw>
<kw name="Set Variable" owner="BuiltIn">
<msg time="2024-05-07T23:13:04.131931" level="INFO">${name_country} = NZ</msg>
<var>${name_country}</var>
<arg>${json_data["results"][0]["nat"]}</arg>
<doc>Returns the given values which can then be assigned to a variables.</doc>
<status status="PASS" start="2024-05-07T23:13:04.131554" elapsed="0.000402"/>
</kw>
<kw name="Create List" owner="BuiltIn">
<msg time="2024-05-07T23:13:04.132833" level="INFO">${list_country} = ['AD', 'AE', 'AF', 'AG', 'AI', 'AL', 'AM', 'AO', 'AQ', 'AR', 'AS', 'AT', 'AU', 'AW', 'AX', 'AZ', 'BA', 'BB', 'BD', 'BE', 'BF', 'BG', 'BH', 'BI', 'BJ', 'BL', 'BM', 'BN', 'BO', 'BQ', 'BR', 'BS', 'BT', '...</msg>
<var>${list_country}</var>
<arg>AD</arg>
<arg>AE</arg>
<arg>AF</arg>
<arg>AG</arg>
<arg>AI</arg>
<arg>AL</arg>
<arg>AM</arg>
<arg>AO</arg>
<arg>AQ</arg>
<arg>AR</arg>
<arg>AS</arg>
<arg>AT</arg>
<arg>AU</arg>
<arg>AW</arg>
<arg>AX</arg>
<arg>AZ</arg>
<arg>BA</arg>
<arg>BB</arg>
<arg>BD</arg>
<arg>BE</arg>
<arg>BF</arg>
<arg>BG</arg>
<arg>BH</arg>
<arg>BI</arg>
<arg>BJ</arg>
<arg>BL</arg>
<arg>BM</arg>
<arg>BN</arg>
<arg>BO</arg>
<arg>BQ</arg>
<arg>BR</arg>
<arg>BS</arg>
<arg>BT</arg>
<arg>BV</arg>
<arg>BW</arg>
<arg>BY</arg>
<arg>BZ</arg>
<arg>CA</arg>
<arg>CC</arg>
<arg>CD</arg>
<arg>CF</arg>
<arg>CG</arg>
<arg>CH</arg>
<arg>CI</arg>
<arg>CK</arg>
<arg>CL</arg>
<arg>CM</arg>
<arg>CN</arg>
<arg>CO</arg>
<arg>CR</arg>
<arg>CU</arg>
<arg>CV</arg>
<arg>CW</arg>
<arg>CX</arg>
<arg>CY</arg>
<arg>CZ</arg>
<arg>DE</arg>
<arg>DJ</arg>
<arg>DK</arg>
<arg>DM</arg>
<arg>DO</arg>
<arg>DZ</arg>
<arg>EC</arg>
<arg>EE</arg>
<arg>EG</arg>
<arg>EH</arg>
<arg>ER</arg>
<arg>ES</arg>
<arg>ET</arg>
<arg>FI</arg>
<arg>FJ</arg>
<arg>FK</arg>
<arg>FM</arg>
<arg>FO</arg>
<arg>FR</arg>
<arg>GA</arg>
<arg>GB</arg>
<arg>GD</arg>
<arg>GE</arg>
<arg>GF</arg>
<arg>GG</arg>
<arg>GH</arg>
<arg>GI</arg>
<arg>GL</arg>
<arg>GM</arg>
<arg>GN</arg>
<arg>GP</arg>
<arg>GQ</arg>
<arg>GR</arg>
<arg>GS</arg>
<arg>GT</arg>
<arg>GU</arg>
<arg>GW</arg>
<arg>GY</arg>
<arg>HK</arg>
<arg>HM</arg>
<arg>HN</arg>
<arg>HR</arg>
<arg>HT</arg>
<arg>HU</arg>
<arg>ID</arg>
<arg>IE</arg>
<arg>IL</arg>
<arg>IM</arg>
<arg>IN</arg>
<arg>IO</arg>
<arg>IQ</arg>
<arg>IR</arg>
<arg>IS</arg>
<arg>IT</arg>
<arg>JE</arg>
<arg>JM</arg>
<arg>JO</arg>
<arg>JP</arg>
<arg>KE</arg>
<arg>KG</arg>
<arg>KH</arg>
<arg>KI</arg>
<arg>KM</arg>
<arg>KN</arg>
<arg>KP</arg>
<arg>KR</arg>
<arg>KW</arg>
<arg>KY</arg>
<arg>KZ</arg>
<arg>LA</arg>
<arg>LB</arg>
<arg>LC</arg>
<arg>LI</arg>
<arg>LK</arg>
<arg>LR</arg>
<arg>LS</arg>
<arg>LT</arg>
<arg>LU</arg>
<arg>LV</arg>
<arg>LY</arg>
<arg>MA</arg>
<arg>MC</arg>
<arg>MD</arg>
<arg>ME</arg>
<arg>MF</arg>
<arg>MG</arg>
<arg>MH</arg>
<arg>MK</arg>
<arg>ML</arg>
<arg>MM</arg>
<arg>MN</arg>
<arg>MO</arg>
<arg>MP</arg>
<arg>MQ</arg>
<arg>MR</arg>
<arg>MS</arg>
<arg>MT</arg>
<arg>MU</arg>
<arg>MV</arg>
<arg>MW</arg>
<arg>MX</arg>
<arg>MY</arg>
<arg>MZ</arg>
<arg>NA</arg>
<arg>NC</arg>
<arg>NE</arg>
<arg>NF</arg>
<arg>NG</arg>
<arg>NI</arg>
<arg>NL</arg>
<arg>NO</arg>
<arg>NP</arg>
<arg>NR</arg>
<arg>NU</arg>
<arg>NZ</arg>
<arg>OM</arg>
<arg>PA</arg>
<arg>PE</arg>
<arg>PF</arg>
<arg>PG</arg>
<arg>PH</arg>
<arg>PK</arg>
<arg>PL</arg>
<arg>PM</arg>
<arg>PN</arg>
<arg>PR</arg>
<arg>PS</arg>
<arg>PT</arg>
<arg>PW</arg>
<arg>PY</arg>
<arg>QA</arg>
<arg>RE</arg>
<arg>RO</arg>
<arg>RS</arg>
<arg>RU</arg>
<arg>RW</arg>
<arg>SA</arg>
<arg>SB</arg>
<arg>SC</arg>
<arg>SD</arg>
<arg>SE</arg>
<arg>SG</arg>
<arg>SH</arg>
<arg>SI</arg>
<arg>SJ</arg>
<arg>SK</arg>
<arg>SL</arg>
<arg>SM</arg>
<arg>SN</arg>
<arg>SO</arg>
<arg>SR</arg>
<arg>SS</arg>
<arg>ST</arg>
<arg>SV</arg>
<arg>SX</arg>
<arg>SY</arg>
<arg>SZ</arg>
<arg>TC</arg>
<arg>TD</arg>
<arg>TF</arg>
<arg>TG</arg>
<arg>TH</arg>
<arg>TJ</arg>
<arg>TK</arg>
<arg>TL</arg>
<arg>TM</arg>
<arg>TN</arg>
<arg>TO</arg>
<arg>TR</arg>
<arg>TT</arg>
<arg>TV</arg>
<arg>TW</arg>
<arg>TZ</arg>
<arg>UA</arg>
<arg>UG</arg>
<arg>UM</arg>
<arg>US</arg>
<arg>UY</arg>
<arg>UZ</arg>
<arg>VA</arg>
<arg>VC</arg>
<arg>VE</arg>
<arg>VG</arg>
<arg>VI</arg>
<arg>VN</arg>
<arg>VU</arg>
<arg>WF</arg>
<arg>WS</arg>
<arg>XK</arg>
<arg>YE</arg>
<arg>YT</arg>
<arg>ZA</arg>
<arg>ZM</arg>
<arg>ZW</arg>
<doc>Returns a list containing given items.</doc>
<status status="PASS" start="2024-05-07T23:13:04.132260" elapsed="0.000599"/>
</kw>
<kw name="List Should Contain Value" owner="Collections">
<msg time="2024-05-07T23:13:04.133841" level="INFO">False</msg>
<arg>${list_country}</arg>
<arg>${name_country}</arg>
<doc>Fails if the ``value`` is not found from ``list``.</doc>
<status status="PASS" start="2024-05-07T23:13:04.133644" elapsed="0.000233"/>
</kw>
<kw name="Run Keyword If" owner="BuiltIn">
<kw name="Should Be True" owner="BuiltIn">
<arg>${True}</arg>
<doc>Fails if the given condition is not true.</doc>
<status status="PASS" start="2024-05-07T23:13:04.134963" elapsed="0.000257"/>
</kw>
<arg>${json_data["results"][0]["location"]["coordinates"]["latitude"]} &gt;= -90 and ${json_data["results"][0]["location"]["coordinates"]["latitude"]} &lt;= 90</arg>
<arg>Should Be True</arg>
<arg>${True}</arg>
<doc>Runs the given keyword with the given arguments, if ``condition`` is true.</doc>
<status status="PASS" start="2024-05-07T23:13:04.134189" elapsed="0.001162"/>
</kw>
<kw name="Run Keyword If" owner="BuiltIn">
<kw name="Should Be True" owner="BuiltIn">
<arg>${True}</arg>
<doc>Fails if the given condition is not true.</doc>
<status status="PASS" start="2024-05-07T23:13:04.136235" elapsed="0.000136"/>
</kw>
<arg>${json_data["results"][0]["location"]["coordinates"]["longitude"]} &gt;= -180 and ${json_data["results"][0]["location"]["coordinates"]["longitude"]} &lt;= 180</arg>
<arg>Should Be True</arg>
<arg>${True}</arg>
<doc>Runs the given keyword with the given arguments, if ``condition`` is true.</doc>
<status status="PASS" start="2024-05-07T23:13:04.135538" elapsed="0.000955"/>
</kw>
<status status="PASS" start="2024-05-07T23:13:04.030052" elapsed="0.106570"/>
</kw>
<doc>Testa o conteúdo específico dos campos retornados pela API.</doc>
<tag>testeConteudo</tag>
<status status="PASS" start="2024-05-07T23:13:04.029423" elapsed="0.107360"/>
</test>
<status status="PASS" start="2024-05-07T23:13:03.042599" elapsed="1.096147"/>
</suite>
<status status="PASS" start="2024-05-07T23:13:03.029059" elapsed="1.114777"/>
</suite>
<statistics>
<total>
<stat pass="5" fail="0" skip="0">All Tests</stat>
</total>
<tag>
<stat pass="1" fail="0" skip="0">testeConteudo</stat>
<stat pass="1" fail="0" skip="0">testeEstruturaResposta</stat>
<stat pass="1" fail="0" skip="0">testeRequisicaoBasica</stat>
<stat pass="1" fail="0" skip="0">testeTiposDados</stat>
</tag>
<suite>
<stat pass="5" fail="0" skip="0" id="s1" name="Tests">Tests</stat>
<stat pass="5" fail="0" skip="0" id="s1-s1" name="Random-User-Test">Tests.Random-User-Test</stat>
</suite>
</statistics>
<errors>
</errors>
</robot>
