<?xml version="1.0" encoding="UTF-8"?>
<robot generator="Robot 7.0 (Python 3.12.3 on linux)" generated="2024-05-05T20:13:49.402169" rpa="false" schemaversion="5">
<suite id="s1" name="Tests" source="/home/runner/work/DesafioQAItauRogerioJordao/DesafioQAItauRogerioJordao/RamdonUser/tests">
<suite id="s1-s1" name="Random-User-Test" source="/home/runner/work/DesafioQAItauRogerioJordao/DesafioQAItauRogerioJordao/RamdonUser/tests/random-user-test.robot">
<test id="s1-s1-t1" name="Conectar" line="13">
<kw name="Conectar API" owner="random-user-service">
<kw name="Create Session" owner="RequestsLibrary">
<msg time="2024-05-05T20:13:49.760187" level="INFO">Creating Session using : alias=consultarAPI, url=https://randomuser.me/, headers={},                     cookies={}, auth=None, timeout=None, proxies=None, verify=False,                     debug=0 </msg>
<arg>consultarAPI</arg>
<arg>${URL}</arg>
<doc>Create Session: create a HTTP session to a server</doc>
<status status="PASS" start="2024-05-05T20:13:49.759989" elapsed="0.000364"/>
</kw>
<status status="PASS" start="2024-05-05T20:13:49.759035" elapsed="0.001661"/>
</kw>
<status status="PASS" start="2024-05-05T20:13:49.758524" elapsed="0.002365"/>
</test>
<test id="s1-s1-t2" name="Validar retorno 200 e JSON Válido" line="16">
<kw name="Teste de Requisicao Basica" owner="random-user-service">
<kw name="GET On Session" owner="RequestsLibrary">
<msg time="2024-05-05T20:13:49.843102" level="INFO">GET Request : url=https://randomuser.me/api 
 path_url=/api 
 headers={'User-Agent': 'python-requests/2.31.0', 'Accept-Encoding': 'gzip, deflate', 'Accept': '*/*', 'Connection': 'keep-alive'} 
 body=None 
 </msg>
<msg time="2024-05-05T20:13:49.843234" level="INFO">GET Response : url=https://randomuser.me/api 
 status=200, reason=OK 
 headers={'Date': 'Sun, 05 May 2024 20:13:49 GMT', 'Content-Type': 'application/json; charset=utf-8', 'Transfer-Encoding': 'chunked', 'Connection': 'keep-alive', 'X-Powered-By': 'Express', 'Access-Control-Allow-Origin': '*', 'Cache-Control': 'no-cache', 'ETag': 'W/"4a1-sDmGiiQPfPISxOtcWYuEIrIQzjQ"', 'Vary': 'Accept-Encoding', 'Content-Encoding': 'gzip', 'CF-Cache-Status': 'DYNAMIC', 'Report-To': '{"endpoints":[{"url":"https:\\/\\/a.nel.cloudflare.com\\/report\\/v4?s=vcEY2Ig8Tn3fSjjCGP79RDE1GZ2dQTk4bPfjQBRAJgWBU3JIEqkcEPZayjcxktWXO7DTLrk5SfynMVLtDi%2FwNZYBLra0VpVd6t4qzjbLyzFUdTyq%2BVAWmDFW0w7zxCSN"}],"group":"cf-nel","max_age":604800}', 'NEL': '{"success_fraction":0,"report_to":"cf-nel","max_age":604800}', 'Server': 'cloudflare', 'CF-RAY': '87f364b24b8d7004-IAD', 'alt-svc': 'h3=":443"; ma=86400'} 
 body={"results":[{"gender":"male","name":{"title":"Mr","first":"Benjamin","last":"Oliver"},"location":{"street":{"number":8169,"name":"E North St"},"city":"Santa Rosa","state":"Virginia","country":"United States","postcode":57095,"coordinates":{"latitude":"83.5627","longitude":"-138.6358"},"timezone":{"offset":"-4:00","description":"Atlantic Time (Canada), Caracas, La Paz"}},"email":"benjamin.oliver@example.com","login":{"uuid":"1a4d3ce8-56c4-4407-8186-3576334c53a6","username":"orangegorilla316","password":"arlene","salt":"xAXqsbCd","md5":"ceb7fe367bd94b0262c7a78c559ca4b2","sha1":"120f7094fd284b3ecfa2573d08f2c734437764ba","sha256":"a478cdc2dd5668a68237a5ba263b599e5c8b10f795c6b61d5e77e07a829ebbfb"},"dob":{"date":"1963-05-18T17:45:33.242Z","age":60},"registered":{"date":"2011-08-04T19:22:04.875Z","age":12},"phone":"(322) 832-6454","cell":"(438) 991-7470","id":{"name":"SSN","value":"745-72-9807"},"picture":{"large":"https://randomuser.me/api/portraits/men/41.jpg","medium":"https://randomuser.me/api/portraits/med/men/41.jpg","thumbnail":"https://randomuser.me/api/portraits/thumb/men/41.jpg"},"nat":"US"}],"info":{"seed":"a7ed6dfa447e5a50","results":1,"page":1,"version":"1.4"}} 
 </msg>
<msg time="2024-05-05T20:13:49.843340" level="INFO">/opt/hostedtoolcache/Python/3.12.3/x64/lib/python3.12/site-packages/urllib3/connectionpool.py:1103: InsecureRequestWarning: Unverified HTTPS request is being made to host 'randomuser.me'. Adding certificate verification is strongly advised. See: https://urllib3.readthedocs.io/en/latest/advanced-usage.html#tls-warnings
  warnings.warn(</msg>
<msg time="2024-05-05T20:13:49.843460" level="INFO">${response} = &lt;Response [200]&gt;</msg>
<var>${response}</var>
<arg>consultarAPI</arg>
<arg>/api</arg>
<doc>Sends a GET request on a previously created HTTP Session.</doc>
<status status="PASS" start="2024-05-05T20:13:49.763465" elapsed="0.080037"/>
</kw>
<kw name="Should Be Equal As Numbers" owner="BuiltIn">
<msg time="2024-05-05T20:13:49.844485" level="INFO">Argument types are:
&lt;class 'int'&gt;
&lt;class 'str'&gt;</msg>
<arg>${response.status_code}</arg>
<arg>200</arg>
<doc>Fails if objects are unequal after converting them to real numbers.</doc>
<status status="PASS" start="2024-05-05T20:13:49.844003" elapsed="0.000547"/>
</kw>
<kw name="Log" owner="BuiltIn">
<msg time="2024-05-05T20:13:49.845248" level="INFO">200</msg>
<arg>${response.status_code}</arg>
<doc>Logs the given message with the given level.</doc>
<status status="PASS" start="2024-05-05T20:13:49.844890" elapsed="0.000401"/>
</kw>
<kw name="Set Variable" owner="BuiltIn">
<msg time="2024-05-05T20:13:49.846031" level="INFO">${json_data} = {'results': [{'gender': 'male', 'name': {'title': 'Mr', 'first': 'Benjamin', 'last': 'Oliver'}, 'location': {'street': {'number': 8169, 'name': 'E North St'}, 'city': 'Santa Rosa', 'state': 'Virginia'...</msg>
<var>${json_data}</var>
<arg>${response.json()}</arg>
<doc>Returns the given values which can then be assigned to a variables.</doc>
<status status="PASS" start="2024-05-05T20:13:49.845601" elapsed="0.000458"/>
</kw>
<kw name="Dictionary Should Contain Key" owner="Collections">
<msg time="2024-05-05T20:13:49.846527" level="INFO">False</msg>
<arg>${json_data}</arg>
<arg>results</arg>
<doc>Fails if ``key`` is not found from ``dictionary``.</doc>
<status status="PASS" start="2024-05-05T20:13:49.846357" elapsed="0.000211"/>
</kw>
<status status="PASS" start="2024-05-05T20:13:49.763181" elapsed="0.083639"/>
</kw>
<doc>Testa se a API responde corretamente e retorna um objeto JSON válido.</doc>
<tag>testeRequisicaoBasica</tag>
<status status="PASS" start="2024-05-05T20:13:49.762727" elapsed="0.084261"/>
</test>
<test id="s1-s1-t3" name="Validar estrutura de resposta" line="22">
<kw name="Teste de Estrutura de Resposta" owner="random-user-service">
<kw name="GET On Session" owner="RequestsLibrary">
<msg time="2024-05-05T20:13:49.930412" level="INFO">GET Request : url=https://randomuser.me/api 
 path_url=/api 
 headers={'User-Agent': 'python-requests/2.31.0', 'Accept-Encoding': 'gzip, deflate', 'Accept': '*/*', 'Connection': 'keep-alive'} 
 body=None 
 </msg>
<msg time="2024-05-05T20:13:49.930487" level="INFO">GET Response : url=https://randomuser.me/api 
 status=200, reason=OK 
 headers={'Date': 'Sun, 05 May 2024 20:13:49 GMT', 'Content-Type': 'application/json; charset=utf-8', 'Transfer-Encoding': 'chunked', 'Connection': 'keep-alive', 'X-Powered-By': 'Express', 'Access-Control-Allow-Origin': '*', 'Cache-Control': 'no-cache', 'ETag': 'W/"4a5-JIUkKVqyPwI+gXGOxEu29DmZXlo"', 'Vary': 'Accept-Encoding', 'Content-Encoding': 'gzip', 'CF-Cache-Status': 'DYNAMIC', 'Report-To': '{"endpoints":[{"url":"https:\\/\\/a.nel.cloudflare.com\\/report\\/v4?s=WWzrlo%2F7bpAGv30wxQNjR72Vl%2BpDfFcqiQ7iIna3UZgR%2B5WqF7%2B9hukdLLX67rr2LVzFSxXJT9dFaxh%2BaGJlHpMkbOqMKBF20Anuo%2BdNBGGLVyGMaiv321x%2BFlERebZW"}],"group":"cf-nel","max_age":604800}', 'NEL': '{"success_fraction":0,"report_to":"cf-nel","max_age":604800}', 'Server': 'cloudflare', 'CF-RAY': '87f364b29bdd7004-IAD', 'alt-svc': 'h3=":443"; ma=86400'} 
 body={"results":[{"gender":"female","name":{"title":"Mrs","first":"Rose","last":"Nguyen"},"location":{"street":{"number":3419,"name":"Rue Chazière"},"city":"Clermont-Ferrand","state":"Yvelines","country":"France","postcode":20300,"coordinates":{"latitude":"-13.7860","longitude":"74.8214"},"timezone":{"offset":"-6:00","description":"Central Time (US &amp; Canada), Mexico City"}},"email":"rose.nguyen@example.com","login":{"uuid":"eb83573f-1862-4711-8776-afee2f819b70","username":"happymouse955","password":"jenna","salt":"GAkBfecC","md5":"f13fd9b999b3dc163916dfe98670af2f","sha1":"a9de9f465bedc0e75b819d3d9d9df6614b8413dd","sha256":"e745391e59af8005fec73932dc039c5052c64a6cc83b2377281c4b231a834475"},"dob":{"date":"1995-06-18T21:00:29.793Z","age":28},"registered":{"date":"2020-07-02T08:26:48.860Z","age":3},"phone":"05-50-56-40-08","cell":"06-06-07-09-91","id":{"name":"INSEE","value":"2950586292205 43"},"picture":{"large":"https://randomuser.me/api/portraits/women/18.jpg","medium":"https://randomuser.me/api/portraits/med/women/18.jpg","thumbnail":"https://randomuser.me/api/portraits/thumb/women/18.jpg"},"nat":"FR"}],"info":{"seed":"58c0c8a002292516","results":1,"page":1,"version":"1.4"}} 
 </msg>
<msg time="2024-05-05T20:13:49.930588" level="INFO">/opt/hostedtoolcache/Python/3.12.3/x64/lib/python3.12/site-packages/urllib3/connectionpool.py:1103: InsecureRequestWarning: Unverified HTTPS request is being made to host 'randomuser.me'. Adding certificate verification is strongly advised. See: https://urllib3.readthedocs.io/en/latest/advanced-usage.html#tls-warnings
  warnings.warn(</msg>
<msg time="2024-05-05T20:13:49.930685" level="INFO">${response} = &lt;Response [200]&gt;</msg>
<var>${response}</var>
<arg>consultarAPI</arg>
<arg>/api</arg>
<doc>Sends a GET request on a previously created HTTP Session.</doc>
<status status="PASS" start="2024-05-05T20:13:49.849679" elapsed="0.081048"/>
</kw>
<kw name="Set Variable" owner="BuiltIn">
<msg time="2024-05-05T20:13:49.931805" level="INFO">${json_data} = {'results': [{'gender': 'female', 'name': {'title': 'Mrs', 'first': 'Rose', 'last': 'Nguyen'}, 'location': {'street': {'number': 3419, 'name': 'Rue Chazière'}, 'city': 'Clermont-Ferrand', 'state': 'Yv...</msg>
<var>${json_data}</var>
<arg>${response.json()}</arg>
<doc>Returns the given values which can then be assigned to a variables.</doc>
<status status="PASS" start="2024-05-05T20:13:49.931195" elapsed="0.000641"/>
</kw>
<kw name="Log" owner="BuiltIn">
<msg time="2024-05-05T20:13:49.932312" level="INFO">{'results': [{'gender': 'female', 'name': {'title': 'Mrs', 'first': 'Rose', 'last': 'Nguyen'}, 'location': {'street': {'number': 3419, 'name': 'Rue Chazière'}, 'city': 'Clermont-Ferrand', 'state': 'Yvelines', 'country': 'France', 'postcode': 20300, 'coordinates': {'latitude': '-13.7860', 'longitude': '74.8214'}, 'timezone': {'offset': '-6:00', 'description': 'Central Time (US &amp; Canada), Mexico City'}}, 'email': 'rose.nguyen@example.com', 'login': {'uuid': 'eb83573f-1862-4711-8776-afee2f819b70', 'username': 'happymouse955', 'password': 'jenna', 'salt': 'GAkBfecC', 'md5': 'f13fd9b999b3dc163916dfe98670af2f', 'sha1': 'a9de9f465bedc0e75b819d3d9d9df6614b8413dd', 'sha256': 'e745391e59af8005fec73932dc039c5052c64a6cc83b2377281c4b231a834475'}, 'dob': {'date': '1995-06-18T21:00:29.793Z', 'age': 28}, 'registered': {'date': '2020-07-02T08:26:48.860Z', 'age': 3}, 'phone': '05-50-56-40-08', 'cell': '06-06-07-09-91', 'id': {'name': 'INSEE', 'value': '2950586292205 43'}, 'picture': {'large': 'https://randomuser.me/api/portraits/women/18.jpg', 'medium': 'https://randomuser.me/api/portraits/med/women/18.jpg', 'thumbnail': 'https://randomuser.me/api/portraits/thumb/women/18.jpg'}, 'nat': 'FR'}], 'info': {'seed': '58c0c8a002292516', 'results': 1, 'page': 1, 'version': '1.4'}}</msg>
<arg>${json_data}</arg>
<doc>Logs the given message with the given level.</doc>
<status status="PASS" start="2024-05-05T20:13:49.932148" elapsed="0.000216"/>
</kw>
<kw name="Dictionary Should Contain Key" owner="Collections">
<msg time="2024-05-05T20:13:49.932824" level="INFO">False</msg>
<arg>${json_data}</arg>
<arg>results</arg>
<doc>Fails if ``key`` is not found from ``dictionary``.</doc>
<status status="PASS" start="2024-05-05T20:13:49.932665" elapsed="0.000196"/>
</kw>
<kw name="Should Not Be Empty" owner="BuiltIn">
<msg time="2024-05-05T20:13:49.933413" level="INFO">Length is 2.</msg>
<arg>${json_data}</arg>
<doc>Verifies that the given item is not empty.</doc>
<status status="PASS" start="2024-05-05T20:13:49.933224" elapsed="0.000430"/>
</kw>
<kw name="Create List" owner="BuiltIn">
<msg time="2024-05-05T20:13:49.934234" level="INFO">${expected_keys} = ['gender', 'name', 'location', 'email', 'login']</msg>
<var>${expected_keys}</var>
<arg>gender</arg>
<arg>name</arg>
<arg>location</arg>
<arg>email</arg>
<arg>login</arg>
<doc>Returns a list containing given items.</doc>
<status status="PASS" start="2024-05-05T20:13:49.934055" elapsed="0.000204"/>
</kw>
<for flavor="IN">
<iter>
<kw name="Dictionary Should Contain Key" owner="Collections">
<msg time="2024-05-05T20:13:49.935262" level="INFO">False</msg>
<arg>${json_data['results'][0]}</arg>
<arg>${key}</arg>
<doc>Fails if ``key`` is not found from ``dictionary``.</doc>
<status status="PASS" start="2024-05-05T20:13:49.934852" elapsed="0.000483"/>
</kw>
<kw name="Log" owner="BuiltIn">
<msg time="2024-05-05T20:13:49.936026" level="INFO">{'gender': 'female', 'name': {'title': 'Mrs', 'first': 'Rose', 'last': 'Nguyen'}, 'location': {'street': {'number': 3419, 'name': 'Rue Chazière'}, 'city': 'Clermont-Ferrand', 'state': 'Yvelines', 'country': 'France', 'postcode': 20300, 'coordinates': {'latitude': '-13.7860', 'longitude': '74.8214'}, 'timezone': {'offset': '-6:00', 'description': 'Central Time (US &amp; Canada), Mexico City'}}, 'email': 'rose.nguyen@example.com', 'login': {'uuid': 'eb83573f-1862-4711-8776-afee2f819b70', 'username': 'happymouse955', 'password': 'jenna', 'salt': 'GAkBfecC', 'md5': 'f13fd9b999b3dc163916dfe98670af2f', 'sha1': 'a9de9f465bedc0e75b819d3d9d9df6614b8413dd', 'sha256': 'e745391e59af8005fec73932dc039c5052c64a6cc83b2377281c4b231a834475'}, 'dob': {'date': '1995-06-18T21:00:29.793Z', 'age': 28}, 'registered': {'date': '2020-07-02T08:26:48.860Z', 'age': 3}, 'phone': '05-50-56-40-08', 'cell': '06-06-07-09-91', 'id': {'name': 'INSEE', 'value': '2950586292205 43'}, 'picture': {'large': 'https://randomuser.me/api/portraits/women/18.jpg', 'medium': 'https://randomuser.me/api/portraits/med/women/18.jpg', 'thumbnail': 'https://randomuser.me/api/portraits/thumb/women/18.jpg'}, 'nat': 'FR'}</msg>
<arg>${json_data['results'][0]}</arg>
<doc>Logs the given message with the given level.</doc>
<status status="PASS" start="2024-05-05T20:13:49.935653" elapsed="0.000428"/>
</kw>
<kw name="Log" owner="BuiltIn">
<msg time="2024-05-05T20:13:49.936516" level="INFO">gender</msg>
<arg>${key}</arg>
<doc>Logs the given message with the given level.</doc>
<status status="PASS" start="2024-05-05T20:13:49.936386" elapsed="0.000168"/>
</kw>
<var name="${key}">gender</var>
<status status="PASS" start="2024-05-05T20:13:49.934716" elapsed="0.002059"/>
</iter>
<iter>
<kw name="Dictionary Should Contain Key" owner="Collections">
<msg time="2024-05-05T20:13:49.937474" level="INFO">False</msg>
<arg>${json_data['results'][0]}</arg>
<arg>${key}</arg>
<doc>Fails if ``key`` is not found from ``dictionary``.</doc>
<status status="PASS" start="2024-05-05T20:13:49.937085" elapsed="0.000459"/>
</kw>
<kw name="Log" owner="BuiltIn">
<msg time="2024-05-05T20:13:49.938214" level="INFO">{'gender': 'female', 'name': {'title': 'Mrs', 'first': 'Rose', 'last': 'Nguyen'}, 'location': {'street': {'number': 3419, 'name': 'Rue Chazière'}, 'city': 'Clermont-Ferrand', 'state': 'Yvelines', 'country': 'France', 'postcode': 20300, 'coordinates': {'latitude': '-13.7860', 'longitude': '74.8214'}, 'timezone': {'offset': '-6:00', 'description': 'Central Time (US &amp; Canada), Mexico City'}}, 'email': 'rose.nguyen@example.com', 'login': {'uuid': 'eb83573f-1862-4711-8776-afee2f819b70', 'username': 'happymouse955', 'password': 'jenna', 'salt': 'GAkBfecC', 'md5': 'f13fd9b999b3dc163916dfe98670af2f', 'sha1': 'a9de9f465bedc0e75b819d3d9d9df6614b8413dd', 'sha256': 'e745391e59af8005fec73932dc039c5052c64a6cc83b2377281c4b231a834475'}, 'dob': {'date': '1995-06-18T21:00:29.793Z', 'age': 28}, 'registered': {'date': '2020-07-02T08:26:48.860Z', 'age': 3}, 'phone': '05-50-56-40-08', 'cell': '06-06-07-09-91', 'id': {'name': 'INSEE', 'value': '2950586292205 43'}, 'picture': {'large': 'https://randomuser.me/api/portraits/women/18.jpg', 'medium': 'https://randomuser.me/api/portraits/med/women/18.jpg', 'thumbnail': 'https://randomuser.me/api/portraits/thumb/women/18.jpg'}, 'nat': 'FR'}</msg>
<arg>${json_data['results'][0]}</arg>
<doc>Logs the given message with the given level.</doc>
<status status="PASS" start="2024-05-05T20:13:49.937849" elapsed="0.000419"/>
</kw>
<kw name="Log" owner="BuiltIn">
<msg time="2024-05-05T20:13:49.938698" level="INFO">name</msg>
<arg>${key}</arg>
<doc>Logs the given message with the given level.</doc>
<status status="PASS" start="2024-05-05T20:13:49.938569" elapsed="0.000168"/>
</kw>
<var name="${key}">name</var>
<status status="PASS" start="2024-05-05T20:13:49.936965" elapsed="0.001990"/>
</iter>
<iter>
<kw name="Dictionary Should Contain Key" owner="Collections">
<msg time="2024-05-05T20:13:49.939667" level="INFO">False</msg>
<arg>${json_data['results'][0]}</arg>
<arg>${key}</arg>
<doc>Fails if ``key`` is not found from ``dictionary``.</doc>
<status status="PASS" start="2024-05-05T20:13:49.939248" elapsed="0.000458"/>
</kw>
<kw name="Log" owner="BuiltIn">
<msg time="2024-05-05T20:13:49.940381" level="INFO">{'gender': 'female', 'name': {'title': 'Mrs', 'first': 'Rose', 'last': 'Nguyen'}, 'location': {'street': {'number': 3419, 'name': 'Rue Chazière'}, 'city': 'Clermont-Ferrand', 'state': 'Yvelines', 'country': 'France', 'postcode': 20300, 'coordinates': {'latitude': '-13.7860', 'longitude': '74.8214'}, 'timezone': {'offset': '-6:00', 'description': 'Central Time (US &amp; Canada), Mexico City'}}, 'email': 'rose.nguyen@example.com', 'login': {'uuid': 'eb83573f-1862-4711-8776-afee2f819b70', 'username': 'happymouse955', 'password': 'jenna', 'salt': 'GAkBfecC', 'md5': 'f13fd9b999b3dc163916dfe98670af2f', 'sha1': 'a9de9f465bedc0e75b819d3d9d9df6614b8413dd', 'sha256': 'e745391e59af8005fec73932dc039c5052c64a6cc83b2377281c4b231a834475'}, 'dob': {'date': '1995-06-18T21:00:29.793Z', 'age': 28}, 'registered': {'date': '2020-07-02T08:26:48.860Z', 'age': 3}, 'phone': '05-50-56-40-08', 'cell': '06-06-07-09-91', 'id': {'name': 'INSEE', 'value': '2950586292205 43'}, 'picture': {'large': 'https://randomuser.me/api/portraits/women/18.jpg', 'medium': 'https://randomuser.me/api/portraits/med/women/18.jpg', 'thumbnail': 'https://randomuser.me/api/portraits/thumb/women/18.jpg'}, 'nat': 'FR'}</msg>
<arg>${json_data['results'][0]}</arg>
<doc>Logs the given message with the given level.</doc>
<status status="PASS" start="2024-05-05T20:13:49.940008" elapsed="0.000425"/>
</kw>
<kw name="Log" owner="BuiltIn">
<msg time="2024-05-05T20:13:49.940857" level="INFO">location</msg>
<arg>${key}</arg>
<doc>Logs the given message with the given level.</doc>
<status status="PASS" start="2024-05-05T20:13:49.940729" elapsed="0.000173"/>
</kw>
<var name="${key}">location</var>
<status status="PASS" start="2024-05-05T20:13:49.939136" elapsed="0.001981"/>
</iter>
<iter>
<kw name="Dictionary Should Contain Key" owner="Collections">
<msg time="2024-05-05T20:13:49.941792" level="INFO">False</msg>
<arg>${json_data['results'][0]}</arg>
<arg>${key}</arg>
<doc>Fails if ``key`` is not found from ``dictionary``.</doc>
<status status="PASS" start="2024-05-05T20:13:49.941404" elapsed="0.000426"/>
</kw>
<kw name="Log" owner="BuiltIn">
<msg time="2024-05-05T20:13:49.942498" level="INFO">{'gender': 'female', 'name': {'title': 'Mrs', 'first': 'Rose', 'last': 'Nguyen'}, 'location': {'street': {'number': 3419, 'name': 'Rue Chazière'}, 'city': 'Clermont-Ferrand', 'state': 'Yvelines', 'country': 'France', 'postcode': 20300, 'coordinates': {'latitude': '-13.7860', 'longitude': '74.8214'}, 'timezone': {'offset': '-6:00', 'description': 'Central Time (US &amp; Canada), Mexico City'}}, 'email': 'rose.nguyen@example.com', 'login': {'uuid': 'eb83573f-1862-4711-8776-afee2f819b70', 'username': 'happymouse955', 'password': 'jenna', 'salt': 'GAkBfecC', 'md5': 'f13fd9b999b3dc163916dfe98670af2f', 'sha1': 'a9de9f465bedc0e75b819d3d9d9df6614b8413dd', 'sha256': 'e745391e59af8005fec73932dc039c5052c64a6cc83b2377281c4b231a834475'}, 'dob': {'date': '1995-06-18T21:00:29.793Z', 'age': 28}, 'registered': {'date': '2020-07-02T08:26:48.860Z', 'age': 3}, 'phone': '05-50-56-40-08', 'cell': '06-06-07-09-91', 'id': {'name': 'INSEE', 'value': '2950586292205 43'}, 'picture': {'large': 'https://randomuser.me/api/portraits/women/18.jpg', 'medium': 'https://randomuser.me/api/portraits/med/women/18.jpg', 'thumbnail': 'https://randomuser.me/api/portraits/thumb/women/18.jpg'}, 'nat': 'FR'}</msg>
<arg>${json_data['results'][0]}</arg>
<doc>Logs the given message with the given level.</doc>
<status status="PASS" start="2024-05-05T20:13:49.942131" elapsed="0.000418"/>
</kw>
<kw name="Log" owner="BuiltIn">
<msg time="2024-05-05T20:13:49.942973" level="INFO">email</msg>
<arg>${key}</arg>
<doc>Logs the given message with the given level.</doc>
<status status="PASS" start="2024-05-05T20:13:49.942846" elapsed="0.000164"/>
</kw>
<var name="${key}">email</var>
<status status="PASS" start="2024-05-05T20:13:49.941293" elapsed="0.001931"/>
</iter>
<iter>
<kw name="Dictionary Should Contain Key" owner="Collections">
<msg time="2024-05-05T20:13:49.943939" level="INFO">False</msg>
<arg>${json_data['results'][0]}</arg>
<arg>${key}</arg>
<doc>Fails if ``key`` is not found from ``dictionary``.</doc>
<status status="PASS" start="2024-05-05T20:13:49.943549" elapsed="0.000428"/>
</kw>
<kw name="Log" owner="BuiltIn">
<msg time="2024-05-05T20:13:49.944756" level="INFO">{'gender': 'female', 'name': {'title': 'Mrs', 'first': 'Rose', 'last': 'Nguyen'}, 'location': {'street': {'number': 3419, 'name': 'Rue Chazière'}, 'city': 'Clermont-Ferrand', 'state': 'Yvelines', 'country': 'France', 'postcode': 20300, 'coordinates': {'latitude': '-13.7860', 'longitude': '74.8214'}, 'timezone': {'offset': '-6:00', 'description': 'Central Time (US &amp; Canada), Mexico City'}}, 'email': 'rose.nguyen@example.com', 'login': {'uuid': 'eb83573f-1862-4711-8776-afee2f819b70', 'username': 'happymouse955', 'password': 'jenna', 'salt': 'GAkBfecC', 'md5': 'f13fd9b999b3dc163916dfe98670af2f', 'sha1': 'a9de9f465bedc0e75b819d3d9d9df6614b8413dd', 'sha256': 'e745391e59af8005fec73932dc039c5052c64a6cc83b2377281c4b231a834475'}, 'dob': {'date': '1995-06-18T21:00:29.793Z', 'age': 28}, 'registered': {'date': '2020-07-02T08:26:48.860Z', 'age': 3}, 'phone': '05-50-56-40-08', 'cell': '06-06-07-09-91', 'id': {'name': 'INSEE', 'value': '2950586292205 43'}, 'picture': {'large': 'https://randomuser.me/api/portraits/women/18.jpg', 'medium': 'https://randomuser.me/api/portraits/med/women/18.jpg', 'thumbnail': 'https://randomuser.me/api/portraits/thumb/women/18.jpg'}, 'nat': 'FR'}</msg>
<arg>${json_data['results'][0]}</arg>
<doc>Logs the given message with the given level.</doc>
<status status="PASS" start="2024-05-05T20:13:49.944366" elapsed="0.000442"/>
</kw>
<kw name="Log" owner="BuiltIn">
<msg time="2024-05-05T20:13:49.945241" level="INFO">login</msg>
<arg>${key}</arg>
<doc>Logs the given message with the given level.</doc>
<status status="PASS" start="2024-05-05T20:13:49.945113" elapsed="0.000202"/>
</kw>
<var name="${key}">login</var>
<status status="PASS" start="2024-05-05T20:13:49.943434" elapsed="0.002104"/>
</iter>
<var>${key}</var>
<value>@{expected_keys}</value>
<status status="PASS" start="2024-05-05T20:13:49.934527" elapsed="0.011133"/>
</for>
<kw name="Create List" owner="BuiltIn">
<msg time="2024-05-05T20:13:49.945999" level="INFO">${expected_keysTwo} = ['username', 'password']</msg>
<var>${expected_keysTwo}</var>
<arg>username</arg>
<arg>password</arg>
<doc>Returns a list containing given items.</doc>
<status status="PASS" start="2024-05-05T20:13:49.945859" elapsed="0.000165"/>
</kw>
<for flavor="IN">
<iter>
<kw name="Dictionary Should Contain Key" owner="Collections">
<msg time="2024-05-05T20:13:49.946919" level="INFO">False</msg>
<arg>${json_data['results'][0]['login']}</arg>
<arg>${keyTwo}</arg>
<doc>Fails if ``key`` is not found from ``dictionary``.</doc>
<status status="PASS" start="2024-05-05T20:13:49.946527" elapsed="0.000429"/>
</kw>
<kw name="Dictionary Should Contain Key" owner="Collections">
<msg time="2024-05-05T20:13:49.947667" level="INFO">False</msg>
<arg>${json_data['results'][0]['login']}</arg>
<arg>${keyTwo}</arg>
<doc>Fails if ``key`` is not found from ``dictionary``.</doc>
<status status="PASS" start="2024-05-05T20:13:49.947250" elapsed="0.000455"/>
</kw>
<kw name="Log" owner="BuiltIn">
<msg time="2024-05-05T20:13:49.948126" level="INFO">username</msg>
<arg>${keyTwo}</arg>
<doc>Logs the given message with the given level.</doc>
<status status="PASS" start="2024-05-05T20:13:49.947999" elapsed="0.000169"/>
</kw>
<var name="${keyTwo}">username</var>
<status status="PASS" start="2024-05-05T20:13:49.946417" elapsed="0.001965"/>
</iter>
<iter>
<kw name="Dictionary Should Contain Key" owner="Collections">
<msg time="2024-05-05T20:13:49.949122" level="INFO">False</msg>
<arg>${json_data['results'][0]['login']}</arg>
<arg>${keyTwo}</arg>
<doc>Fails if ``key`` is not found from ``dictionary``.</doc>
<status status="PASS" start="2024-05-05T20:13:49.948661" elapsed="0.000500"/>
</kw>
<kw name="Dictionary Should Contain Key" owner="Collections">
<msg time="2024-05-05T20:13:49.950128" level="INFO">False</msg>
<arg>${json_data['results'][0]['login']}</arg>
<arg>${keyTwo}</arg>
<doc>Fails if ``key`` is not found from ``dictionary``.</doc>
<status status="PASS" start="2024-05-05T20:13:49.949551" elapsed="0.000619"/>
</kw>
<kw name="Log" owner="BuiltIn">
<msg time="2024-05-05T20:13:49.950607" level="INFO">password</msg>
<arg>${keyTwo}</arg>
<doc>Logs the given message with the given level.</doc>
<status status="PASS" start="2024-05-05T20:13:49.950477" elapsed="0.000190"/>
</kw>
<var name="${keyTwo}">password</var>
<status status="PASS" start="2024-05-05T20:13:49.948552" elapsed="0.002344"/>
</iter>
<var>${keyTwo}</var>
<value>@{expected_keysTwo}</value>
<status status="PASS" start="2024-05-05T20:13:49.946262" elapsed="0.004758"/>
</for>
<status status="PASS" start="2024-05-05T20:13:49.849448" elapsed="0.101728"/>
</kw>
<doc>Testa a estrutura da resposta da API.</doc>
<tag>testeEstruturaResposta</tag>
<status status="PASS" start="2024-05-05T20:13:49.848860" elapsed="0.102501"/>
</test>
<test id="s1-s1-t4" name="Validar tipos de dados" line="28">
<kw name="Teste de Tipos de Dados" owner="random-user-service">
<kw name="GET On Session" owner="RequestsLibrary">
<msg time="2024-05-05T20:13:50.033967" level="INFO">GET Request : url=https://randomuser.me/api 
 path_url=/api 
 headers={'User-Agent': 'python-requests/2.31.0', 'Accept-Encoding': 'gzip, deflate', 'Accept': '*/*', 'Connection': 'keep-alive'} 
 body=None 
 </msg>
<msg time="2024-05-05T20:13:50.034049" level="INFO">GET Response : url=https://randomuser.me/api 
 status=200, reason=OK 
 headers={'Date': 'Sun, 05 May 2024 20:13:50 GMT', 'Content-Type': 'application/json; charset=utf-8', 'Transfer-Encoding': 'chunked', 'Connection': 'keep-alive', 'X-Powered-By': 'Express', 'Access-Control-Allow-Origin': '*', 'Cache-Control': 'no-cache', 'ETag': 'W/"48f-eMLoNj4IJfXIva1mR7Ru/0BkD8c"', 'Vary': 'Accept-Encoding', 'Content-Encoding': 'gzip', 'CF-Cache-Status': 'DYNAMIC', 'Report-To': '{"endpoints":[{"url":"https:\\/\\/a.nel.cloudflare.com\\/report\\/v4?s=OzQubfqvIF%2FHPfT1F5syXmytmKivyKWmKhP5h7y%2BORAi99aDYJWddkosbbCuvyW5ucjSQf29Byv8B05JRDOl2120dbVh7uYu%2Bpq4NwqHkYmbStFaKS%2BZLmT9QThBpLad"}],"group":"cf-nel","max_age":604800}', 'NEL': '{"success_fraction":0,"report_to":"cf-nel","max_age":604800}', 'Server': 'cloudflare', 'CF-RAY': '87f364b33c7a7004-IAD', 'alt-svc': 'h3=":443"; ma=86400'} 
 body={"results":[{"gender":"female","name":{"title":"Mrs","first":"Chloe","last":"Nes"},"location":{"street":{"number":5472,"name":"Solefallsveien"},"city":"Reine","state":"Troms - Romsa","country":"Norway","postcode":"0623","coordinates":{"latitude":"39.2692","longitude":"30.0362"},"timezone":{"offset":"+3:00","description":"Baghdad, Riyadh, Moscow, St. Petersburg"}},"email":"chloe.nes@example.com","login":{"uuid":"39588c9d-5ef3-4614-b1e4-193ee684e6af","username":"crazybutterfly648","password":"threesom","salt":"69nAep0f","md5":"141067c7c2bdbb918b1fb5abf165d778","sha1":"9a69cbd17bf96110108500f52b465f70e2ac1946","sha256":"7049cf761c3ce15704c21035a4d67722ac9156fd93857d8c1b5a0733b6ef6bf6"},"dob":{"date":"1957-10-22T20:23:40.334Z","age":66},"registered":{"date":"2020-03-08T06:41:48.642Z","age":4},"phone":"55394699","cell":"96450941","id":{"name":"FN","value":"22105742693"},"picture":{"large":"https://randomuser.me/api/portraits/women/88.jpg","medium":"https://randomuser.me/api/portraits/med/women/88.jpg","thumbnail":"https://randomuser.me/api/portraits/thumb/women/88.jpg"},"nat":"NO"}],"info":{"seed":"66e0e95630751c43","results":1,"page":1,"version":"1.4"}} 
 </msg>
<msg time="2024-05-05T20:13:50.034121" level="INFO">/opt/hostedtoolcache/Python/3.12.3/x64/lib/python3.12/site-packages/urllib3/connectionpool.py:1103: InsecureRequestWarning: Unverified HTTPS request is being made to host 'randomuser.me'. Adding certificate verification is strongly advised. See: https://urllib3.readthedocs.io/en/latest/advanced-usage.html#tls-warnings
  warnings.warn(</msg>
<msg time="2024-05-05T20:13:50.034233" level="INFO">${response} = &lt;Response [200]&gt;</msg>
<var>${response}</var>
<arg>consultarAPI</arg>
<arg>/api</arg>
<doc>Sends a GET request on a previously created HTTP Session.</doc>
<status status="PASS" start="2024-05-05T20:13:49.953856" elapsed="0.080420"/>
</kw>
<kw name="Set Variable" owner="BuiltIn">
<msg time="2024-05-05T20:13:50.035267" level="INFO">${json_data} = {'results': [{'gender': 'female', 'name': {'title': 'Mrs', 'first': 'Chloe', 'last': 'Nes'}, 'location': {'street': {'number': 5472, 'name': 'Solefallsveien'}, 'city': 'Reine', 'state': 'Troms - Romsa...</msg>
<var>${json_data}</var>
<arg>${response.json()}</arg>
<doc>Returns the given values which can then be assigned to a variables.</doc>
<status status="PASS" start="2024-05-05T20:13:50.034814" elapsed="0.000481"/>
</kw>
<kw name="Log" owner="BuiltIn">
<msg time="2024-05-05T20:13:50.035783" level="INFO">{'results': [{'gender': 'female', 'name': {'title': 'Mrs', 'first': 'Chloe', 'last': 'Nes'}, 'location': {'street': {'number': 5472, 'name': 'Solefallsveien'}, 'city': 'Reine', 'state': 'Troms - Romsa', 'country': 'Norway', 'postcode': '0623', 'coordinates': {'latitude': '39.2692', 'longitude': '30.0362'}, 'timezone': {'offset': '+3:00', 'description': 'Baghdad, Riyadh, Moscow, St. Petersburg'}}, 'email': 'chloe.nes@example.com', 'login': {'uuid': '39588c9d-5ef3-4614-b1e4-193ee684e6af', 'username': 'crazybutterfly648', 'password': 'threesom', 'salt': '69nAep0f', 'md5': '141067c7c2bdbb918b1fb5abf165d778', 'sha1': '9a69cbd17bf96110108500f52b465f70e2ac1946', 'sha256': '7049cf761c3ce15704c21035a4d67722ac9156fd93857d8c1b5a0733b6ef6bf6'}, 'dob': {'date': '1957-10-22T20:23:40.334Z', 'age': 66}, 'registered': {'date': '2020-03-08T06:41:48.642Z', 'age': 4}, 'phone': '55394699', 'cell': '96450941', 'id': {'name': 'FN', 'value': '22105742693'}, 'picture': {'large': 'https://randomuser.me/api/portraits/women/88.jpg', 'medium': 'https://randomuser.me/api/portraits/med/women/88.jpg', 'thumbnail': 'https://randomuser.me/api/portraits/thumb/women/88.jpg'}, 'nat': 'NO'}], 'info': {'seed': '66e0e95630751c43', 'results': 1, 'page': 1, 'version': '1.4'}}</msg>
<arg>${json_data}</arg>
<doc>Logs the given message with the given level.</doc>
<status status="PASS" start="2024-05-05T20:13:50.035630" elapsed="0.000233"/>
</kw>
<kw name="Should Be String" owner="String">
<arg>${json_data['results'][0]['gender']}</arg>
<doc>Fails if the given ``item`` is not a string.</doc>
<status status="PASS" start="2024-05-05T20:13:50.036163" elapsed="0.000363"/>
</kw>
<kw name="Should Match Regexp" owner="BuiltIn">
<arg>${json_data['results'][0]['email']}</arg>
<arg>^[a-zA-Z0-9._%+-]+@[a-zA-Z0-9.-]+\.[a-zA-Z]{2,}$</arg>
<doc>Fails if ``string`` does not match ``pattern`` as a regular expression.</doc>
<status status="PASS" start="2024-05-05T20:13:50.036721" elapsed="0.000508"/>
</kw>
<kw name="Should Match Regexp" owner="BuiltIn">
<arg>${json_data['results'][0]['dob']['date']}</arg>
<arg>\\d{4}-\\d{2}-\\d{2}T\\d{2}:\\d{2}:\\d{2}\\.\\d{3}Z</arg>
<doc>Fails if ``string`` does not match ``pattern`` as a regular expression.</doc>
<status status="PASS" start="2024-05-05T20:13:50.037424" elapsed="0.000512"/>
</kw>
<kw name="Should Match Regexp" owner="BuiltIn">
<arg>${json_data['results'][0]['registered']['date']}</arg>
<arg>\\d{4}-\\d{2}-\\d{2}T\\d{2}:\\d{2}:\\d{2}\\.\\d{3}Z</arg>
<doc>Fails if ``string`` does not match ``pattern`` as a regular expression.</doc>
<status status="PASS" start="2024-05-05T20:13:50.038138" elapsed="0.000389"/>
</kw>
<kw name="Should Match Regexp" owner="BuiltIn">
<arg>${json_data['results'][0]['picture']['large']}</arg>
<arg>^https?://.*\.(?:png|jpe?g|gif|bmp)$</arg>
<doc>Fails if ``string`` does not match ``pattern`` as a regular expression.</doc>
<status status="PASS" start="2024-05-05T20:13:50.038730" elapsed="0.000466"/>
</kw>
<kw name="Should Match Regexp" owner="BuiltIn">
<arg>${json_data['results'][0]['picture']['medium']}</arg>
<arg>^https?://.*\.(?:png|jpe?g|gif|bmp)$</arg>
<doc>Fails if ``string`` does not match ``pattern`` as a regular expression.</doc>
<status status="PASS" start="2024-05-05T20:13:50.039414" elapsed="0.000361"/>
</kw>
<kw name="Should Match Regexp" owner="BuiltIn">
<arg>${json_data['results'][0]['picture']['thumbnail']}</arg>
<arg>^https?://.*\.(?:png|jpe?g|gif|bmp)$</arg>
<doc>Fails if ``string`` does not match ``pattern`` as a regular expression.</doc>
<status status="PASS" start="2024-05-05T20:13:50.039965" elapsed="0.000348"/>
</kw>
<kw name="Log" owner="BuiltIn">
<msg time="2024-05-05T20:13:50.040812" level="INFO">{'large': 'https://randomuser.me/api/portraits/women/88.jpg', 'medium': 'https://randomuser.me/api/portraits/med/women/88.jpg', 'thumbnail': 'https://randomuser.me/api/portraits/thumb/women/88.jpg'}</msg>
<arg>${json_data['results'][0]['picture']}</arg>
<doc>Logs the given message with the given level.</doc>
<status status="PASS" start="2024-05-05T20:13:50.040492" elapsed="0.000361"/>
</kw>
<status status="PASS" start="2024-05-05T20:13:49.953631" elapsed="0.087472"/>
</kw>
<kw name="Teste de Tipos de Dados - Postcode" owner="random-user-service">
<kw name="GET On Session" owner="RequestsLibrary">
<msg time="2024-05-05T20:13:50.148726" level="INFO">GET Request : url=https://randomuser.me/api 
 path_url=/api 
 headers={'User-Agent': 'python-requests/2.31.0', 'Accept-Encoding': 'gzip, deflate', 'Accept': '*/*', 'Connection': 'keep-alive'} 
 body=None 
 </msg>
<msg time="2024-05-05T20:13:50.148808" level="INFO">GET Response : url=https://randomuser.me/api 
 status=200, reason=OK 
 headers={'Date': 'Sun, 05 May 2024 20:13:50 GMT', 'Content-Type': 'application/json; charset=utf-8', 'Transfer-Encoding': 'chunked', 'Connection': 'keep-alive', 'X-Powered-By': 'Express', 'Access-Control-Allow-Origin': '*', 'Cache-Control': 'no-cache', 'ETag': 'W/"4a1-v7wQAahncXLw7otcO1ogp61uKuE"', 'Vary': 'Accept-Encoding', 'Content-Encoding': 'gzip', 'CF-Cache-Status': 'DYNAMIC', 'Report-To': '{"endpoints":[{"url":"https:\\/\\/a.nel.cloudflare.com\\/report\\/v4?s=nB5yhpkrkhDLzDotZGgVQrtx%2FmunWGpuo3A04xu2%2Fkfxod9WGtHmNu2cR8S7LcJxA7m5%2F3yp5YCNVDFfNy1M0Gxz2DAH%2Fsf2uJoNRQkwCe8sCHZjdGxdk8jPoRQI%2BD5i"}],"group":"cf-nel","max_age":604800}', 'NEL': '{"success_fraction":0,"report_to":"cf-nel","max_age":604800}', 'Server': 'cloudflare', 'CF-RAY': '87f364b3cce47004-IAD', 'alt-svc': 'h3=":443"; ma=86400'} 
 body={"results":[{"gender":"male","name":{"title":"Mr","first":"Samu","last":"Huotari"},"location":{"street":{"number":4509,"name":"Mechelininkatu"},"city":"Helsinki","state":"Central Finland","country":"Finland","postcode":93116,"coordinates":{"latitude":"-22.3018","longitude":"-44.9245"},"timezone":{"offset":"-5:00","description":"Eastern Time (US &amp; Canada), Bogota, Lima"}},"email":"samu.huotari@example.com","login":{"uuid":"d347610e-e141-44f8-ad78-f969a86617ec","username":"heavyleopard998","password":"stalker","salt":"4eqhq8Ii","md5":"f17d3cf3986821e40d315c7709778c37","sha1":"4a21d9002fdafbb4cddb3c43d2fedfaac8984824","sha256":"3f457e47ea3685ec5e62df086e1da2d2b9522f26963eacf28eb310f3a3bcf422"},"dob":{"date":"1979-10-01T13:13:54.969Z","age":44},"registered":{"date":"2010-10-07T00:13:38.049Z","age":13},"phone":"07-543-149","cell":"047-591-12-56","id":{"name":"HETU","value":"NaNNA991undefined"},"picture":{"large":"https://randomuser.me/api/portraits/men/61.jpg","medium":"https://randomuser.me/api/portraits/med/men/61.jpg","thumbnail":"https://randomuser.me/api/portraits/thumb/men/61.jpg"},"nat":"FI"}],"info":{"seed":"b7eb5beb51c7fac5","results":1,"page":1,"version":"1.4"}} 
 </msg>
<msg time="2024-05-05T20:13:50.148877" level="INFO">/opt/hostedtoolcache/Python/3.12.3/x64/lib/python3.12/site-packages/urllib3/connectionpool.py:1103: InsecureRequestWarning: Unverified HTTPS request is being made to host 'randomuser.me'. Adding certificate verification is strongly advised. See: https://urllib3.readthedocs.io/en/latest/advanced-usage.html#tls-warnings
  warnings.warn(</msg>
<msg time="2024-05-05T20:13:50.148959" level="INFO">${response} = &lt;Response [200]&gt;</msg>
<var>${response}</var>
<arg>consultarAPI</arg>
<arg>/api</arg>
<doc>Sends a GET request on a previously created HTTP Session.</doc>
<status status="PASS" start="2024-05-05T20:13:50.041536" elapsed="0.107448"/>
</kw>
<kw name="Set Variable" owner="BuiltIn">
<msg time="2024-05-05T20:13:50.149811" level="INFO">${json_data} = {'results': [{'gender': 'male', 'name': {'title': 'Mr', 'first': 'Samu', 'last': 'Huotari'}, 'location': {'street': {'number': 4509, 'name': 'Mechelininkatu'}, 'city': 'Helsinki', 'state': 'Central Fi...</msg>
<var>${json_data}</var>
<arg>${response.json()}</arg>
<doc>Returns the given values which can then be assigned to a variables.</doc>
<status status="PASS" start="2024-05-05T20:13:50.149355" elapsed="0.000482"/>
</kw>
<kw name="Log" owner="BuiltIn">
<msg time="2024-05-05T20:13:50.150290" level="INFO">{'results': [{'gender': 'male', 'name': {'title': 'Mr', 'first': 'Samu', 'last': 'Huotari'}, 'location': {'street': {'number': 4509, 'name': 'Mechelininkatu'}, 'city': 'Helsinki', 'state': 'Central Finland', 'country': 'Finland', 'postcode': 93116, 'coordinates': {'latitude': '-22.3018', 'longitude': '-44.9245'}, 'timezone': {'offset': '-5:00', 'description': 'Eastern Time (US &amp; Canada), Bogota, Lima'}}, 'email': 'samu.huotari@example.com', 'login': {'uuid': 'd347610e-e141-44f8-ad78-f969a86617ec', 'username': 'heavyleopard998', 'password': 'stalker', 'salt': '4eqhq8Ii', 'md5': 'f17d3cf3986821e40d315c7709778c37', 'sha1': '4a21d9002fdafbb4cddb3c43d2fedfaac8984824', 'sha256': '3f457e47ea3685ec5e62df086e1da2d2b9522f26963eacf28eb310f3a3bcf422'}, 'dob': {'date': '1979-10-01T13:13:54.969Z', 'age': 44}, 'registered': {'date': '2010-10-07T00:13:38.049Z', 'age': 13}, 'phone': '07-543-149', 'cell': '047-591-12-56', 'id': {'name': 'HETU', 'value': 'NaNNA991undefined'}, 'picture': {'large': 'https://randomuser.me/api/portraits/men/61.jpg', 'medium': 'https://randomuser.me/api/portraits/med/men/61.jpg', 'thumbnail': 'https://randomuser.me/api/portraits/thumb/men/61.jpg'}, 'nat': 'FI'}], 'info': {'seed': 'b7eb5beb51c7fac5', 'results': 1, 'page': 1, 'version': '1.4'}}</msg>
<arg>${json_data}</arg>
<doc>Logs the given message with the given level.</doc>
<status status="PASS" start="2024-05-05T20:13:50.150141" elapsed="0.000226"/>
</kw>
<kw name="Should Be Equal As Numbers" owner="BuiltIn">
<arg>${json_data['results'][0]['location']['postcode']}</arg>
<arg>${json_data['results'][0]['location']['postcode']}</arg>
<doc>Fails if objects are unequal after converting them to real numbers.</doc>
<status status="PASS" start="2024-05-05T20:13:50.150800" elapsed="0.000657"/>
</kw>
<kw name="Log" owner="BuiltIn">
<msg time="2024-05-05T20:13:50.151988" level="INFO">93116</msg>
<arg>${json_data['results'][0]['location']['postcode']}</arg>
<doc>Logs the given message with the given level.</doc>
<status status="PASS" start="2024-05-05T20:13:50.151650" elapsed="0.000378"/>
</kw>
<status status="PASS" start="2024-05-05T20:13:50.041319" elapsed="0.110961"/>
</kw>
<doc>Testa se os tipos de dados na resposta da API estão corretos.</doc>
<tag>testeTiposDados</tag>
<status status="PASS" start="2024-05-05T20:13:49.953119" elapsed="0.199328"/>
</test>
<test id="s1-s1-t5" name="Validar conteudo" line="35">
<kw name="Teste de Tipos de Conteudo" owner="random-user-service">
<kw name="GET On Session" owner="RequestsLibrary">
<msg time="2024-05-05T20:13:50.234007" level="INFO">GET Request : url=https://randomuser.me/api 
 path_url=/api 
 headers={'User-Agent': 'python-requests/2.31.0', 'Accept-Encoding': 'gzip, deflate', 'Accept': '*/*', 'Connection': 'keep-alive'} 
 body=None 
 </msg>
<msg time="2024-05-05T20:13:50.234101" level="INFO">GET Response : url=https://randomuser.me/api 
 status=200, reason=OK 
 headers={'Date': 'Sun, 05 May 2024 20:13:50 GMT', 'Content-Type': 'application/json; charset=utf-8', 'Transfer-Encoding': 'chunked', 'Connection': 'keep-alive', 'X-Powered-By': 'Express', 'Access-Control-Allow-Origin': '*', 'Cache-Control': 'no-cache', 'ETag': 'W/"49d-E/sz/xdCsTtDHyKorVTMlCcZeH8"', 'Vary': 'Accept-Encoding', 'Content-Encoding': 'gzip', 'CF-Cache-Status': 'DYNAMIC', 'Report-To': '{"endpoints":[{"url":"https:\\/\\/a.nel.cloudflare.com\\/report\\/v4?s=gDkoAcSvMPiVUH4Xcal5OmY%2FM7V1XYRbPMl%2F6EMFt1Cu0dwpbmEyeuKeHqXqz%2FKzN0VKAaVgB6jZAwLCTT8gzqJk9xrjwMEmmzlEJr7jT3sLEDqBvHHIdYvsfpI2DKDp"}],"group":"cf-nel","max_age":604800}', 'NEL': '{"success_fraction":0,"report_to":"cf-nel","max_age":604800}', 'Server': 'cloudflare', 'CF-RAY': '87f364b47d847004-IAD', 'alt-svc': 'h3=":443"; ma=86400'} 
 body={"results":[{"gender":"female","name":{"title":"Miss","first":"Mirolyuba","last":"Krikliy"},"location":{"street":{"number":1987,"name":"Grechaniy provulok"},"city":"Druzhkivka","state":"Lvivska","country":"Ukraine","postcode":23069,"coordinates":{"latitude":"79.4842","longitude":"121.8912"},"timezone":{"offset":"+10:00","description":"Eastern Australia, Guam, Vladivostok"}},"email":"mirolyuba.krikliy@example.com","login":{"uuid":"874f3448-2893-4406-b717-e8f76e5eb570","username":"lazytiger562","password":"antony","salt":"HJoqcyCC","md5":"2a558d55e20c9465b1ed978d1dbd3e64","sha1":"dd9f05bc588df737ec41b8842ac74e3ac08bf2f6","sha256":"8d288d2d9c57b68b913d174f8850de76c2d2346e95cca8d6c78a77e6e242ccbc"},"dob":{"date":"2000-01-20T02:59:10.140Z","age":24},"registered":{"date":"2011-03-27T22:06:21.802Z","age":13},"phone":"(099) J97-3404","cell":"(067) B24-0548","id":{"name":"","value":null},"picture":{"large":"https://randomuser.me/api/portraits/women/38.jpg","medium":"https://randomuser.me/api/portraits/med/women/38.jpg","thumbnail":"https://randomuser.me/api/portraits/thumb/women/38.jpg"},"nat":"UA"}],"info":{"seed":"01a9123e7bc9469c","results":1,"page":1,"version":"1.4"}} 
 </msg>
<msg time="2024-05-05T20:13:50.234167" level="INFO">/opt/hostedtoolcache/Python/3.12.3/x64/lib/python3.12/site-packages/urllib3/connectionpool.py:1103: InsecureRequestWarning: Unverified HTTPS request is being made to host 'randomuser.me'. Adding certificate verification is strongly advised. See: https://urllib3.readthedocs.io/en/latest/advanced-usage.html#tls-warnings
  warnings.warn(</msg>
<msg time="2024-05-05T20:13:50.234278" level="INFO">${response} = &lt;Response [200]&gt;</msg>
<var>${response}</var>
<arg>consultarAPI</arg>
<arg>/api</arg>
<doc>Sends a GET request on a previously created HTTP Session.</doc>
<status status="PASS" start="2024-05-05T20:13:50.154893" elapsed="0.079413"/>
</kw>
<kw name="Set Variable" owner="BuiltIn">
<msg time="2024-05-05T20:13:50.235376" level="INFO">${json_data} = {'results': [{'gender': 'female', 'name': {'title': 'Miss', 'first': 'Mirolyuba', 'last': 'Krikliy'}, 'location': {'street': {'number': 1987, 'name': 'Grechaniy provulok'}, 'city': 'Druzhkivka', 'stat...</msg>
<var>${json_data}</var>
<arg>${response.json()}</arg>
<doc>Returns the given values which can then be assigned to a variables.</doc>
<status status="PASS" start="2024-05-05T20:13:50.234847" elapsed="0.000563"/>
</kw>
<kw name="Set Variable" owner="BuiltIn">
<msg time="2024-05-05T20:13:50.236097" level="INFO">${name_title} = Miss</msg>
<var>${name_title}</var>
<arg>${json_data["results"][0]["name"]["title"]}</arg>
<doc>Returns the given values which can then be assigned to a variables.</doc>
<status status="PASS" start="2024-05-05T20:13:50.235713" elapsed="0.000409"/>
</kw>
<kw name="Create List" owner="BuiltIn">
<msg time="2024-05-05T20:13:50.236570" level="INFO">${allowed_titles} = ['Mr', 'Ms', 'Miss', 'Mrs', 'Madame', 'Monsieur']</msg>
<var>${allowed_titles}</var>
<arg>Mr</arg>
<arg>Ms</arg>
<arg>Miss</arg>
<arg>Mrs</arg>
<arg>Madame</arg>
<arg>Monsieur</arg>
<doc>Returns a list containing given items.</doc>
<status status="PASS" start="2024-05-05T20:13:50.236421" elapsed="0.000173"/>
</kw>
<kw name="List Should Contain Value" owner="Collections">
<msg time="2024-05-05T20:13:50.237076" level="INFO">False</msg>
<arg>${allowed_titles}</arg>
<arg>${name_title}</arg>
<doc>Fails if the ``value`` is not found from ``list``.</doc>
<status status="PASS" start="2024-05-05T20:13:50.236890" elapsed="0.000222"/>
</kw>
<kw name="Set Variable" owner="BuiltIn">
<msg time="2024-05-05T20:13:50.237788" level="INFO">${name_country} = UA</msg>
<var>${name_country}</var>
<arg>${json_data["results"][0]["nat"]}</arg>
<doc>Returns the given values which can then be assigned to a variables.</doc>
<status status="PASS" start="2024-05-05T20:13:50.237408" elapsed="0.000405"/>
</kw>
<kw name="Create List" owner="BuiltIn">
<msg time="2024-05-05T20:13:50.238700" level="INFO">${list_country} = ['AD', 'AE', 'AF', 'AG', 'AI', 'AL', 'AM', 'AO', 'AQ', 'AR', 'AS', 'AT', 'AU', 'AW', 'AX', 'AZ', 'BA', 'BB', 'BD', 'BE', 'BF', 'BG', 'BH', 'BI', 'BJ', 'BL', 'BM', 'BN', 'BO', 'BQ', 'BR', 'BS', 'BT', '...</msg>
<var>${list_country}</var>
<arg>AD</arg>
<arg>AE</arg>
<arg>AF</arg>
<arg>AG</arg>
<arg>AI</arg>
<arg>AL</arg>
<arg>AM</arg>
<arg>AO</arg>
<arg>AQ</arg>
<arg>AR</arg>
<arg>AS</arg>
<arg>AT</arg>
<arg>AU</arg>
<arg>AW</arg>
<arg>AX</arg>
<arg>AZ</arg>
<arg>BA</arg>
<arg>BB</arg>
<arg>BD</arg>
<arg>BE</arg>
<arg>BF</arg>
<arg>BG</arg>
<arg>BH</arg>
<arg>BI</arg>
<arg>BJ</arg>
<arg>BL</arg>
<arg>BM</arg>
<arg>BN</arg>
<arg>BO</arg>
<arg>BQ</arg>
<arg>BR</arg>
<arg>BS</arg>
<arg>BT</arg>
<arg>BV</arg>
<arg>BW</arg>
<arg>BY</arg>
<arg>BZ</arg>
<arg>CA</arg>
<arg>CC</arg>
<arg>CD</arg>
<arg>CF</arg>
<arg>CG</arg>
<arg>CH</arg>
<arg>CI</arg>
<arg>CK</arg>
<arg>CL</arg>
<arg>CM</arg>
<arg>CN</arg>
<arg>CO</arg>
<arg>CR</arg>
<arg>CU</arg>
<arg>CV</arg>
<arg>CW</arg>
<arg>CX</arg>
<arg>CY</arg>
<arg>CZ</arg>
<arg>DE</arg>
<arg>DJ</arg>
<arg>DK</arg>
<arg>DM</arg>
<arg>DO</arg>
<arg>DZ</arg>
<arg>EC</arg>
<arg>EE</arg>
<arg>EG</arg>
<arg>EH</arg>
<arg>ER</arg>
<arg>ES</arg>
<arg>ET</arg>
<arg>FI</arg>
<arg>FJ</arg>
<arg>FK</arg>
<arg>FM</arg>
<arg>FO</arg>
<arg>FR</arg>
<arg>GA</arg>
<arg>GB</arg>
<arg>GD</arg>
<arg>GE</arg>
<arg>GF</arg>
<arg>GG</arg>
<arg>GH</arg>
<arg>GI</arg>
<arg>GL</arg>
<arg>GM</arg>
<arg>GN</arg>
<arg>GP</arg>
<arg>GQ</arg>
<arg>GR</arg>
<arg>GS</arg>
<arg>GT</arg>
<arg>GU</arg>
<arg>GW</arg>
<arg>GY</arg>
<arg>HK</arg>
<arg>HM</arg>
<arg>HN</arg>
<arg>HR</arg>
<arg>HT</arg>
<arg>HU</arg>
<arg>ID</arg>
<arg>IE</arg>
<arg>IL</arg>
<arg>IM</arg>
<arg>IN</arg>
<arg>IO</arg>
<arg>IQ</arg>
<arg>IR</arg>
<arg>IS</arg>
<arg>IT</arg>
<arg>JE</arg>
<arg>JM</arg>
<arg>JO</arg>
<arg>JP</arg>
<arg>KE</arg>
<arg>KG</arg>
<arg>KH</arg>
<arg>KI</arg>
<arg>KM</arg>
<arg>KN</arg>
<arg>KP</arg>
<arg>KR</arg>
<arg>KW</arg>
<arg>KY</arg>
<arg>KZ</arg>
<arg>LA</arg>
<arg>LB</arg>
<arg>LC</arg>
<arg>LI</arg>
<arg>LK</arg>
<arg>LR</arg>
<arg>LS</arg>
<arg>LT</arg>
<arg>LU</arg>
<arg>LV</arg>
<arg>LY</arg>
<arg>MA</arg>
<arg>MC</arg>
<arg>MD</arg>
<arg>ME</arg>
<arg>MF</arg>
<arg>MG</arg>
<arg>MH</arg>
<arg>MK</arg>
<arg>ML</arg>
<arg>MM</arg>
<arg>MN</arg>
<arg>MO</arg>
<arg>MP</arg>
<arg>MQ</arg>
<arg>MR</arg>
<arg>MS</arg>
<arg>MT</arg>
<arg>MU</arg>
<arg>MV</arg>
<arg>MW</arg>
<arg>MX</arg>
<arg>MY</arg>
<arg>MZ</arg>
<arg>NA</arg>
<arg>NC</arg>
<arg>NE</arg>
<arg>NF</arg>
<arg>NG</arg>
<arg>NI</arg>
<arg>NL</arg>
<arg>NO</arg>
<arg>NP</arg>
<arg>NR</arg>
<arg>NU</arg>
<arg>NZ</arg>
<arg>OM</arg>
<arg>PA</arg>
<arg>PE</arg>
<arg>PF</arg>
<arg>PG</arg>
<arg>PH</arg>
<arg>PK</arg>
<arg>PL</arg>
<arg>PM</arg>
<arg>PN</arg>
<arg>PR</arg>
<arg>PS</arg>
<arg>PT</arg>
<arg>PW</arg>
<arg>PY</arg>
<arg>QA</arg>
<arg>RE</arg>
<arg>RO</arg>
<arg>RS</arg>
<arg>RU</arg>
<arg>RW</arg>
<arg>SA</arg>
<arg>SB</arg>
<arg>SC</arg>
<arg>SD</arg>
<arg>SE</arg>
<arg>SG</arg>
<arg>SH</arg>
<arg>SI</arg>
<arg>SJ</arg>
<arg>SK</arg>
<arg>SL</arg>
<arg>SM</arg>
<arg>SN</arg>
<arg>SO</arg>
<arg>SR</arg>
<arg>SS</arg>
<arg>ST</arg>
<arg>SV</arg>
<arg>SX</arg>
<arg>SY</arg>
<arg>SZ</arg>
<arg>TC</arg>
<arg>TD</arg>
<arg>TF</arg>
<arg>TG</arg>
<arg>TH</arg>
<arg>TJ</arg>
<arg>TK</arg>
<arg>TL</arg>
<arg>TM</arg>
<arg>TN</arg>
<arg>TO</arg>
<arg>TR</arg>
<arg>TT</arg>
<arg>TV</arg>
<arg>TW</arg>
<arg>TZ</arg>
<arg>UA</arg>
<arg>UG</arg>
<arg>UM</arg>
<arg>US</arg>
<arg>UY</arg>
<arg>UZ</arg>
<arg>VA</arg>
<arg>VC</arg>
<arg>VE</arg>
<arg>VG</arg>
<arg>VI</arg>
<arg>VN</arg>
<arg>VU</arg>
<arg>WF</arg>
<arg>WS</arg>
<arg>XK</arg>
<arg>YE</arg>
<arg>YT</arg>
<arg>ZA</arg>
<arg>ZM</arg>
<arg>ZW</arg>
<doc>Returns a list containing given items.</doc>
<status status="PASS" start="2024-05-05T20:13:50.238111" elapsed="0.000614"/>
</kw>
<kw name="List Should Contain Value" owner="Collections">
<msg time="2024-05-05T20:13:50.239738" level="INFO">False</msg>
<arg>${list_country}</arg>
<arg>${name_country}</arg>
<doc>Fails if the ``value`` is not found from ``list``.</doc>
<status status="PASS" start="2024-05-05T20:13:50.239535" elapsed="0.000238"/>
</kw>
<kw name="Run Keyword If" owner="BuiltIn">
<kw name="Should Be True" owner="BuiltIn">
<arg>${True}</arg>
<doc>Fails if the given condition is not true.</doc>
<status status="PASS" start="2024-05-05T20:13:50.240835" elapsed="0.000256"/>
</kw>
<arg>${json_data["results"][0]["location"]["coordinates"]["latitude"]} &gt;= -90 and ${json_data["results"][0]["location"]["coordinates"]["latitude"]} &lt;= 90</arg>
<arg>Should Be True</arg>
<arg>${True}</arg>
<doc>Runs the given keyword with the given arguments, if ``condition`` is true.</doc>
<status status="PASS" start="2024-05-05T20:13:50.240089" elapsed="0.001133"/>
</kw>
<kw name="Run Keyword If" owner="BuiltIn">
<kw name="Should Be True" owner="BuiltIn">
<arg>${True}</arg>
<doc>Fails if the given condition is not true.</doc>
<status status="PASS" start="2024-05-05T20:13:50.242110" elapsed="0.000136"/>
</kw>
<arg>${json_data["results"][0]["location"]["coordinates"]["longitude"]} &gt;= -180 and ${json_data["results"][0]["location"]["coordinates"]["longitude"]} &lt;= 180</arg>
<arg>Should Be True</arg>
<arg>${True}</arg>
<doc>Runs the given keyword with the given arguments, if ``condition`` is true.</doc>
<status status="PASS" start="2024-05-05T20:13:50.241408" elapsed="0.000960"/>
</kw>
<status status="PASS" start="2024-05-05T20:13:50.154673" elapsed="0.087827"/>
</kw>
<doc>Testa o conteúdo específico dos campos retornados pela API.</doc>
<tag>testeConteudo</tag>
<status status="PASS" start="2024-05-05T20:13:50.154159" elapsed="0.088495"/>
</test>
<status status="PASS" start="2024-05-05T20:13:49.459830" elapsed="0.784807"/>
</suite>
<status status="PASS" start="2024-05-05T20:13:49.445984" elapsed="0.803776"/>
</suite>
<statistics>
<total>
<stat pass="5" fail="0" skip="0">All Tests</stat>
</total>
<tag>
<stat pass="1" fail="0" skip="0">testeConteudo</stat>
<stat pass="1" fail="0" skip="0">testeEstruturaResposta</stat>
<stat pass="1" fail="0" skip="0">testeRequisicaoBasica</stat>
<stat pass="1" fail="0" skip="0">testeTiposDados</stat>
</tag>
<suite>
<stat pass="5" fail="0" skip="0" id="s1" name="Tests">Tests</stat>
<stat pass="5" fail="0" skip="0" id="s1-s1" name="Random-User-Test">Tests.Random-User-Test</stat>
</suite>
</statistics>
<errors>
</errors>
</robot>
