<?xml version="1.0" encoding="UTF-8"?>
<robot generator="Robot 7.0.1 (Python 3.12.4 on linux)" generated="2024-08-06T08:19:07.699771" rpa="false" schemaversion="5">
<suite id="s1" name="Tests" source="/home/runner/work/ApiRandomUser/ApiRandomUser/RamdonUser/tests">
<suite id="s1-s1" name="Random-User-Test" source="/home/runner/work/ApiRandomUser/ApiRandomUser/RamdonUser/tests/random-user-test.robot">
<test id="s1-s1-t1" name="Conectar" line="13">
<kw name="Conectar API" owner="random-user-service">
<kw name="Create Session" owner="RequestsLibrary">
<msg time="2024-08-06T08:19:08.129581" level="INFO">Creating Session using : alias=consultarAPI, url=https://randomuser.me/, headers={},                     cookies={}, auth=None, timeout=None, proxies=None, verify=False,                     debug=0 </msg>
<arg>consultarAPI</arg>
<arg>${URL}</arg>
<doc>Create Session: create a HTTP session to a server</doc>
<status status="PASS" start="2024-08-06T08:19:08.129374" elapsed="0.000395"/>
</kw>
<status status="PASS" start="2024-08-06T08:19:08.128263" elapsed="0.001882"/>
</kw>
<status status="PASS" start="2024-08-06T08:19:08.127694" elapsed="0.002659"/>
</test>
<test id="s1-s1-t2" name="Validar retorno 200 e JSON Válido" line="16">
<kw name="Teste de Requisicao Basica" owner="random-user-service">
<kw name="GET On Session" owner="RequestsLibrary">
<msg time="2024-08-06T08:19:17.445783" level="INFO">GET Request : url=https://randomuser.me/api 
 path_url=/api 
 headers={'User-Agent': 'python-requests/2.32.3', 'Accept-Encoding': 'gzip, deflate', 'Accept': '*/*', 'Connection': 'keep-alive'} 
 body=None 
 </msg>
<msg time="2024-08-06T08:19:17.445953" level="INFO">GET Response : url=https://randomuser.me/api 
 status=200, reason=OK 
 headers={'Date': 'Tue, 06 Aug 2024 08:19:17 GMT', 'Content-Type': 'application/json; charset=utf-8', 'Transfer-Encoding': 'chunked', 'Connection': 'keep-alive', 'X-Powered-By': 'Express', 'Access-Control-Allow-Origin': '*', 'Cache-Control': 'no-cache', 'ETag': 'W/"476-97tYAA9eA/zca8dc5qXqPSNtiho"', 'Vary': 'Accept-Encoding', 'Content-Encoding': 'gzip', 'CF-Cache-Status': 'DYNAMIC', 'Report-To': '{"endpoints":[{"url":"https:\\/\\/a.nel.cloudflare.com\\/report\\/v4?s=STozGJoSPA%2FzoPCWSqnUhKiYC4UeF%2BKflG5L78PZ52I0ZuBXd7OqkUnhsgTzdGpZELQLf2AC1Whp%2BRVvSBLXk56%2B%2FOt9WDBsstN1y7PdiAEEvkXDJfI4aKXH%2BZw7lmry"}],"group":"cf-nel","max_age":604800}', 'NEL': '{"success_fraction":0,"report_to":"cf-nel","max_age":604800}', 'Server': 'cloudflare', 'CF-RAY': '8aed99a80ac16190-ORD', 'alt-svc': 'h3=":443"; ma=86400'} 
 body={"results":[{"gender":"female","name":{"title":"Mrs","first":"Fatma","last":"Limoncuoğlu"},"location":{"street":{"number":609,"name":"Kushimoto Sk"},"city":"Karaman","state":"İstanbul","country":"Turkey","postcode":91755,"coordinates":{"latitude":"69.4489","longitude":"84.6806"},"timezone":{"offset":"-3:30","description":"Newfoundland"}},"email":"fatma.limoncuoglu@example.com","login":{"uuid":"799503d6-eec1-4ba0-9695-2ea51e3e216b","username":"greencat898","password":"malibu","salt":"5YeTNdez","md5":"4ee3c0fe5e6344ec0752676d263ff503","sha1":"08031350ad835a188cf360e73cf8406b98393c4a","sha256":"077d877075879beed63a3448a15a6e1cb952362cc1acb60400c8e63ff4d35d60"},"dob":{"date":"1982-05-14T19:01:20.296Z","age":42},"registered":{"date":"2009-03-14T19:51:06.891Z","age":15},"phone":"(928)-103-7513","cell":"(564)-821-8369","id":{"name":"","value":null},"picture":{"large":"https://randomuser.me/api/portraits/women/9.jpg","medium":"https://randomuser.me/api/portraits/med/women/9.jpg","thumbnail":"https://randomuser.me/api/portraits/thumb/women/9.jpg"},"nat":"TR"}],"info":{"seed":"5ce4a2d1bab30d56","results":1,"page":1,"version":"1.4"}} 
 </msg>
<msg time="2024-08-06T08:19:17.446039" level="INFO">/opt/hostedtoolcache/Python/3.12.4/x64/lib/python3.12/site-packages/urllib3/connectionpool.py:1099: InsecureRequestWarning: Unverified HTTPS request is being made to host 'randomuser.me'. Adding certificate verification is strongly advised. See: https://urllib3.readthedocs.io/en/latest/advanced-usage.html#tls-warnings
  warnings.warn(</msg>
<msg time="2024-08-06T08:19:17.446190" level="INFO">${response} = &lt;Response [200]&gt;</msg>
<var>${response}</var>
<arg>consultarAPI</arg>
<arg>/api</arg>
<doc>Sends a GET request on a previously created HTTP Session.</doc>
<status status="PASS" start="2024-08-06T08:19:08.133075" elapsed="9.313154"/>
</kw>
<kw name="Should Be Equal As Numbers" owner="BuiltIn">
<msg time="2024-08-06T08:19:17.447427" level="INFO">Argument types are:
&lt;class 'int'&gt;
&lt;class 'str'&gt;</msg>
<arg>${response.status_code}</arg>
<arg>200</arg>
<doc>Fails if objects are unequal after converting them to real numbers.</doc>
<status status="PASS" start="2024-08-06T08:19:17.446930" elapsed="0.000562"/>
</kw>
<kw name="Log" owner="BuiltIn">
<msg time="2024-08-06T08:19:17.448150" level="INFO">200</msg>
<arg>${response.status_code}</arg>
<doc>Logs the given message with the given level.</doc>
<status status="PASS" start="2024-08-06T08:19:17.447801" elapsed="0.000390"/>
</kw>
<kw name="Set Variable" owner="BuiltIn">
<msg time="2024-08-06T08:19:17.448929" level="INFO">${json_data} = {'results': [{'gender': 'female', 'name': {'title': 'Mrs', 'first': 'Fatma', 'last': 'Limoncuoğlu'}, 'location': {'street': {'number': 609, 'name': 'Kushimoto Sk'}, 'city': 'Karaman', 'state': 'İstanb...</msg>
<var>${json_data}</var>
<arg>${response.json()}</arg>
<doc>Returns the given values which can then be assigned to a variables.</doc>
<status status="PASS" start="2024-08-06T08:19:17.448494" elapsed="0.000466"/>
</kw>
<kw name="Dictionary Should Contain Key" owner="Collections">
<arg>${json_data}</arg>
<arg>results</arg>
<doc>Fails if ``key`` is not found from ``dictionary``.</doc>
<status status="PASS" start="2024-08-06T08:19:17.449300" elapsed="0.000334"/>
</kw>
<status status="PASS" start="2024-08-06T08:19:08.132814" elapsed="9.316970"/>
</kw>
<doc>Testa se a API responde corretamente e retorna um objeto JSON válido.</doc>
<tag>testeRequisicaoBasica</tag>
<status status="PASS" start="2024-08-06T08:19:08.132334" elapsed="9.317622"/>
</test>
<test id="s1-s1-t3" name="Validar estrutura de resposta" line="22">
<kw name="Teste de Estrutura de Resposta" owner="random-user-service">
<kw name="GET On Session" owner="RequestsLibrary">
<msg time="2024-08-06T08:19:34.559926" level="INFO">GET Request : url=https://randomuser.me/api 
 path_url=/api 
 headers={'User-Agent': 'python-requests/2.32.3', 'Accept-Encoding': 'gzip, deflate', 'Accept': '*/*', 'Connection': 'keep-alive'} 
 body=None 
 </msg>
<msg time="2024-08-06T08:19:34.560027" level="INFO">GET Response : url=https://randomuser.me/api 
 status=200, reason=OK 
 headers={'Date': 'Tue, 06 Aug 2024 08:19:34 GMT', 'Content-Type': 'application/json; charset=utf-8', 'Transfer-Encoding': 'chunked', 'Connection': 'keep-alive', 'X-Powered-By': 'Express', 'Access-Control-Allow-Origin': '*', 'Cache-Control': 'no-cache', 'ETag': 'W/"494-dgznNwPiJG3nuANhbHm+4qjAyXU"', 'Vary': 'Accept-Encoding', 'Content-Encoding': 'gzip', 'CF-Cache-Status': 'DYNAMIC', 'Report-To': '{"endpoints":[{"url":"https:\\/\\/a.nel.cloudflare.com\\/report\\/v4?s=%2FN3x9CGs%2FMEPdPwFTg1fJrd7wSu0x3%2FCcS7K2SZ5CEiSbM11TuytZ2eK4HwfJdIVzlCek0g1wLXQFMIwuipZiXO5tS66xjG6VwAMexZfGLrmzPQKN%2F05X3Rahxz2AlI4"}],"group":"cf-nel","max_age":604800}', 'NEL': '{"success_fraction":0,"report_to":"cf-nel","max_age":604800}', 'Server': 'cloudflare', 'CF-RAY': '8aed99e21ffa6190-ORD', 'alt-svc': 'h3=":443"; ma=86400'} 
 body={"results":[{"gender":"male","name":{"title":"Mr","first":"Duco","last":"Rasing"},"location":{"street":{"number":514,"name":"Het Revier"},"city":"Vorden","state":"Groningen","country":"Netherlands","postcode":"9496 TY","coordinates":{"latitude":"34.1151","longitude":"-150.7600"},"timezone":{"offset":"+10:00","description":"Eastern Australia, Guam, Vladivostok"}},"email":"duco.rasing@example.com","login":{"uuid":"39f0be50-06bf-4197-8a06-eeeb163546a9","username":"beautifulgorilla925","password":"nicholas","salt":"dyR8eLDd","md5":"333a19eb905ff21603ac3e8ec969c3ad","sha1":"953ff48df8f4a50d2f0b505ce7744c1337ff4422","sha256":"955df61da4ba9c602ef28b6bc13b3a48c9a4ea1ce4125675a4ca0a5aafd2b1b5"},"dob":{"date":"1995-08-18T10:28:56.322Z","age":28},"registered":{"date":"2020-07-06T03:39:34.519Z","age":4},"phone":"(003) 1323656","cell":"(06) 18824423","id":{"name":"BSN","value":"46237409"},"picture":{"large":"https://randomuser.me/api/portraits/men/74.jpg","medium":"https://randomuser.me/api/portraits/med/men/74.jpg","thumbnail":"https://randomuser.me/api/portraits/thumb/men/74.jpg"},"nat":"NL"}],"info":{"seed":"6653c61c99f80b22","results":1,"page":1,"version":"1.4"}} 
 </msg>
<msg time="2024-08-06T08:19:34.560164" level="INFO">/opt/hostedtoolcache/Python/3.12.4/x64/lib/python3.12/site-packages/urllib3/connectionpool.py:1099: InsecureRequestWarning: Unverified HTTPS request is being made to host 'randomuser.me'. Adding certificate verification is strongly advised. See: https://urllib3.readthedocs.io/en/latest/advanced-usage.html#tls-warnings
  warnings.warn(</msg>
<msg time="2024-08-06T08:19:34.560296" level="INFO">${response} = &lt;Response [200]&gt;</msg>
<var>${response}</var>
<arg>consultarAPI</arg>
<arg>/api</arg>
<doc>Sends a GET request on a previously created HTTP Session.</doc>
<status status="PASS" start="2024-08-06T08:19:17.452556" elapsed="17.107780"/>
</kw>
<kw name="Set Variable" owner="BuiltIn">
<msg time="2024-08-06T08:19:34.561598" level="INFO">${json_data} = {'results': [{'gender': 'male', 'name': {'title': 'Mr', 'first': 'Duco', 'last': 'Rasing'}, 'location': {'street': {'number': 514, 'name': 'Het Revier'}, 'city': 'Vorden', 'state': 'Groningen', 'count...</msg>
<var>${json_data}</var>
<arg>${response.json()}</arg>
<doc>Returns the given values which can then be assigned to a variables.</doc>
<status status="PASS" start="2024-08-06T08:19:34.560968" elapsed="0.000660"/>
</kw>
<kw name="Log" owner="BuiltIn">
<msg time="2024-08-06T08:19:34.562092" level="INFO">{'results': [{'gender': 'male', 'name': {'title': 'Mr', 'first': 'Duco', 'last': 'Rasing'}, 'location': {'street': {'number': 514, 'name': 'Het Revier'}, 'city': 'Vorden', 'state': 'Groningen', 'country': 'Netherlands', 'postcode': '9496 TY', 'coordinates': {'latitude': '34.1151', 'longitude': '-150.7600'}, 'timezone': {'offset': '+10:00', 'description': 'Eastern Australia, Guam, Vladivostok'}}, 'email': 'duco.rasing@example.com', 'login': {'uuid': '39f0be50-06bf-4197-8a06-eeeb163546a9', 'username': 'beautifulgorilla925', 'password': 'nicholas', 'salt': 'dyR8eLDd', 'md5': '333a19eb905ff21603ac3e8ec969c3ad', 'sha1': '953ff48df8f4a50d2f0b505ce7744c1337ff4422', 'sha256': '955df61da4ba9c602ef28b6bc13b3a48c9a4ea1ce4125675a4ca0a5aafd2b1b5'}, 'dob': {'date': '1995-08-18T10:28:56.322Z', 'age': 28}, 'registered': {'date': '2020-07-06T03:39:34.519Z', 'age': 4}, 'phone': '(003) 1323656', 'cell': '(06) 18824423', 'id': {'name': 'BSN', 'value': '46237409'}, 'picture': {'large': 'https://randomuser.me/api/portraits/men/74.jpg', 'medium': 'https://randomuser.me/api/portraits/med/men/74.jpg', 'thumbnail': 'https://randomuser.me/api/portraits/thumb/men/74.jpg'}, 'nat': 'NL'}], 'info': {'seed': '6653c61c99f80b22', 'results': 1, 'page': 1, 'version': '1.4'}}</msg>
<arg>${json_data}</arg>
<doc>Logs the given message with the given level.</doc>
<status status="PASS" start="2024-08-06T08:19:34.561934" elapsed="0.000205"/>
</kw>
<kw name="Dictionary Should Contain Key" owner="Collections">
<arg>${json_data}</arg>
<arg>results</arg>
<doc>Fails if ``key`` is not found from ``dictionary``.</doc>
<status status="PASS" start="2024-08-06T08:19:34.562427" elapsed="0.000163"/>
</kw>
<kw name="Should Not Be Empty" owner="BuiltIn">
<msg time="2024-08-06T08:19:34.562897" level="INFO">Length is 2.</msg>
<arg>${json_data}</arg>
<doc>Verifies that the given item is not empty.</doc>
<status status="PASS" start="2024-08-06T08:19:34.562768" elapsed="0.000166"/>
</kw>
<kw name="Create List" owner="BuiltIn">
<msg time="2024-08-06T08:19:34.563371" level="INFO">${expected_keys} = ['gender', 'name', 'location', 'email', 'login']</msg>
<var>${expected_keys}</var>
<arg>gender</arg>
<arg>name</arg>
<arg>location</arg>
<arg>email</arg>
<arg>login</arg>
<doc>Returns a list containing given items.</doc>
<status status="PASS" start="2024-08-06T08:19:34.563217" elapsed="0.000177"/>
</kw>
<for flavor="IN">
<iter>
<kw name="Dictionary Should Contain Key" owner="Collections">
<arg>${json_data['results'][0]}</arg>
<arg>${key}</arg>
<doc>Fails if ``key`` is not found from ``dictionary``.</doc>
<status status="PASS" start="2024-08-06T08:19:34.563959" elapsed="0.000403"/>
</kw>
<kw name="Log" owner="BuiltIn">
<msg time="2024-08-06T08:19:34.564896" level="INFO">{'gender': 'male', 'name': {'title': 'Mr', 'first': 'Duco', 'last': 'Rasing'}, 'location': {'street': {'number': 514, 'name': 'Het Revier'}, 'city': 'Vorden', 'state': 'Groningen', 'country': 'Netherlands', 'postcode': '9496 TY', 'coordinates': {'latitude': '34.1151', 'longitude': '-150.7600'}, 'timezone': {'offset': '+10:00', 'description': 'Eastern Australia, Guam, Vladivostok'}}, 'email': 'duco.rasing@example.com', 'login': {'uuid': '39f0be50-06bf-4197-8a06-eeeb163546a9', 'username': 'beautifulgorilla925', 'password': 'nicholas', 'salt': 'dyR8eLDd', 'md5': '333a19eb905ff21603ac3e8ec969c3ad', 'sha1': '953ff48df8f4a50d2f0b505ce7744c1337ff4422', 'sha256': '955df61da4ba9c602ef28b6bc13b3a48c9a4ea1ce4125675a4ca0a5aafd2b1b5'}, 'dob': {'date': '1995-08-18T10:28:56.322Z', 'age': 28}, 'registered': {'date': '2020-07-06T03:39:34.519Z', 'age': 4}, 'phone': '(003) 1323656', 'cell': '(06) 18824423', 'id': {'name': 'BSN', 'value': '46237409'}, 'picture': {'large': 'https://randomuser.me/api/portraits/men/74.jpg', 'medium': 'https://randomuser.me/api/portraits/med/men/74.jpg', 'thumbnail': 'https://randomuser.me/api/portraits/thumb/men/74.jpg'}, 'nat': 'NL'}</msg>
<arg>${json_data['results'][0]}</arg>
<doc>Logs the given message with the given level.</doc>
<status status="PASS" start="2024-08-06T08:19:34.564547" elapsed="0.000397"/>
</kw>
<kw name="Log" owner="BuiltIn">
<msg time="2024-08-06T08:19:34.565408" level="INFO">gender</msg>
<arg>${key}</arg>
<doc>Logs the given message with the given level.</doc>
<status status="PASS" start="2024-08-06T08:19:34.565270" elapsed="0.000176"/>
</kw>
<var name="${key}">gender</var>
<status status="PASS" start="2024-08-06T08:19:34.563835" elapsed="0.001825"/>
</iter>
<iter>
<kw name="Dictionary Should Contain Key" owner="Collections">
<arg>${json_data['results'][0]}</arg>
<arg>${key}</arg>
<doc>Fails if ``key`` is not found from ``dictionary``.</doc>
<status status="PASS" start="2024-08-06T08:19:34.565968" elapsed="0.000388"/>
</kw>
<kw name="Log" owner="BuiltIn">
<msg time="2024-08-06T08:19:34.566884" level="INFO">{'gender': 'male', 'name': {'title': 'Mr', 'first': 'Duco', 'last': 'Rasing'}, 'location': {'street': {'number': 514, 'name': 'Het Revier'}, 'city': 'Vorden', 'state': 'Groningen', 'country': 'Netherlands', 'postcode': '9496 TY', 'coordinates': {'latitude': '34.1151', 'longitude': '-150.7600'}, 'timezone': {'offset': '+10:00', 'description': 'Eastern Australia, Guam, Vladivostok'}}, 'email': 'duco.rasing@example.com', 'login': {'uuid': '39f0be50-06bf-4197-8a06-eeeb163546a9', 'username': 'beautifulgorilla925', 'password': 'nicholas', 'salt': 'dyR8eLDd', 'md5': '333a19eb905ff21603ac3e8ec969c3ad', 'sha1': '953ff48df8f4a50d2f0b505ce7744c1337ff4422', 'sha256': '955df61da4ba9c602ef28b6bc13b3a48c9a4ea1ce4125675a4ca0a5aafd2b1b5'}, 'dob': {'date': '1995-08-18T10:28:56.322Z', 'age': 28}, 'registered': {'date': '2020-07-06T03:39:34.519Z', 'age': 4}, 'phone': '(003) 1323656', 'cell': '(06) 18824423', 'id': {'name': 'BSN', 'value': '46237409'}, 'picture': {'large': 'https://randomuser.me/api/portraits/men/74.jpg', 'medium': 'https://randomuser.me/api/portraits/med/men/74.jpg', 'thumbnail': 'https://randomuser.me/api/portraits/thumb/men/74.jpg'}, 'nat': 'NL'}</msg>
<arg>${json_data['results'][0]}</arg>
<doc>Logs the given message with the given level.</doc>
<status status="PASS" start="2024-08-06T08:19:34.566536" elapsed="0.000428"/>
</kw>
<kw name="Log" owner="BuiltIn">
<msg time="2024-08-06T08:19:34.567382" level="INFO">name</msg>
<arg>${key}</arg>
<doc>Logs the given message with the given level.</doc>
<status status="PASS" start="2024-08-06T08:19:34.567256" elapsed="0.000163"/>
</kw>
<var name="${key}">name</var>
<status status="PASS" start="2024-08-06T08:19:34.565853" elapsed="0.001782"/>
</iter>
<iter>
<kw name="Dictionary Should Contain Key" owner="Collections">
<arg>${json_data['results'][0]}</arg>
<arg>${key}</arg>
<doc>Fails if ``key`` is not found from ``dictionary``.</doc>
<status status="PASS" start="2024-08-06T08:19:34.567913" elapsed="0.000372"/>
</kw>
<kw name="Log" owner="BuiltIn">
<msg time="2024-08-06T08:19:34.568816" level="INFO">{'gender': 'male', 'name': {'title': 'Mr', 'first': 'Duco', 'last': 'Rasing'}, 'location': {'street': {'number': 514, 'name': 'Het Revier'}, 'city': 'Vorden', 'state': 'Groningen', 'country': 'Netherlands', 'postcode': '9496 TY', 'coordinates': {'latitude': '34.1151', 'longitude': '-150.7600'}, 'timezone': {'offset': '+10:00', 'description': 'Eastern Australia, Guam, Vladivostok'}}, 'email': 'duco.rasing@example.com', 'login': {'uuid': '39f0be50-06bf-4197-8a06-eeeb163546a9', 'username': 'beautifulgorilla925', 'password': 'nicholas', 'salt': 'dyR8eLDd', 'md5': '333a19eb905ff21603ac3e8ec969c3ad', 'sha1': '953ff48df8f4a50d2f0b505ce7744c1337ff4422', 'sha256': '955df61da4ba9c602ef28b6bc13b3a48c9a4ea1ce4125675a4ca0a5aafd2b1b5'}, 'dob': {'date': '1995-08-18T10:28:56.322Z', 'age': 28}, 'registered': {'date': '2020-07-06T03:39:34.519Z', 'age': 4}, 'phone': '(003) 1323656', 'cell': '(06) 18824423', 'id': {'name': 'BSN', 'value': '46237409'}, 'picture': {'large': 'https://randomuser.me/api/portraits/men/74.jpg', 'medium': 'https://randomuser.me/api/portraits/med/men/74.jpg', 'thumbnail': 'https://randomuser.me/api/portraits/thumb/men/74.jpg'}, 'nat': 'NL'}</msg>
<arg>${json_data['results'][0]}</arg>
<doc>Logs the given message with the given level.</doc>
<status status="PASS" start="2024-08-06T08:19:34.568463" elapsed="0.000399"/>
</kw>
<kw name="Log" owner="BuiltIn">
<msg time="2024-08-06T08:19:34.569321" level="INFO">location</msg>
<arg>${key}</arg>
<doc>Logs the given message with the given level.</doc>
<status status="PASS" start="2024-08-06T08:19:34.569152" elapsed="0.000206"/>
</kw>
<var name="${key}">location</var>
<status status="PASS" start="2024-08-06T08:19:34.567806" elapsed="0.001775"/>
</iter>
<iter>
<kw name="Dictionary Should Contain Key" owner="Collections">
<arg>${json_data['results'][0]}</arg>
<arg>${key}</arg>
<doc>Fails if ``key`` is not found from ``dictionary``.</doc>
<status status="PASS" start="2024-08-06T08:19:34.569852" elapsed="0.000374"/>
</kw>
<kw name="Log" owner="BuiltIn">
<msg time="2024-08-06T08:19:34.570881" level="INFO">{'gender': 'male', 'name': {'title': 'Mr', 'first': 'Duco', 'last': 'Rasing'}, 'location': {'street': {'number': 514, 'name': 'Het Revier'}, 'city': 'Vorden', 'state': 'Groningen', 'country': 'Netherlands', 'postcode': '9496 TY', 'coordinates': {'latitude': '34.1151', 'longitude': '-150.7600'}, 'timezone': {'offset': '+10:00', 'description': 'Eastern Australia, Guam, Vladivostok'}}, 'email': 'duco.rasing@example.com', 'login': {'uuid': '39f0be50-06bf-4197-8a06-eeeb163546a9', 'username': 'beautifulgorilla925', 'password': 'nicholas', 'salt': 'dyR8eLDd', 'md5': '333a19eb905ff21603ac3e8ec969c3ad', 'sha1': '953ff48df8f4a50d2f0b505ce7744c1337ff4422', 'sha256': '955df61da4ba9c602ef28b6bc13b3a48c9a4ea1ce4125675a4ca0a5aafd2b1b5'}, 'dob': {'date': '1995-08-18T10:28:56.322Z', 'age': 28}, 'registered': {'date': '2020-07-06T03:39:34.519Z', 'age': 4}, 'phone': '(003) 1323656', 'cell': '(06) 18824423', 'id': {'name': 'BSN', 'value': '46237409'}, 'picture': {'large': 'https://randomuser.me/api/portraits/men/74.jpg', 'medium': 'https://randomuser.me/api/portraits/med/men/74.jpg', 'thumbnail': 'https://randomuser.me/api/portraits/thumb/men/74.jpg'}, 'nat': 'NL'}</msg>
<arg>${json_data['results'][0]}</arg>
<doc>Logs the given message with the given level.</doc>
<status status="PASS" start="2024-08-06T08:19:34.570523" elapsed="0.000405"/>
</kw>
<kw name="Log" owner="BuiltIn">
<msg time="2024-08-06T08:19:34.571344" level="INFO">email</msg>
<arg>${key}</arg>
<doc>Logs the given message with the given level.</doc>
<status status="PASS" start="2024-08-06T08:19:34.571217" elapsed="0.000166"/>
</kw>
<var name="${key}">email</var>
<status status="PASS" start="2024-08-06T08:19:34.569747" elapsed="0.001848"/>
</iter>
<iter>
<kw name="Dictionary Should Contain Key" owner="Collections">
<arg>${json_data['results'][0]}</arg>
<arg>${key}</arg>
<doc>Fails if ``key`` is not found from ``dictionary``.</doc>
<status status="PASS" start="2024-08-06T08:19:34.571869" elapsed="0.000389"/>
</kw>
<kw name="Log" owner="BuiltIn">
<msg time="2024-08-06T08:19:34.572790" level="INFO">{'gender': 'male', 'name': {'title': 'Mr', 'first': 'Duco', 'last': 'Rasing'}, 'location': {'street': {'number': 514, 'name': 'Het Revier'}, 'city': 'Vorden', 'state': 'Groningen', 'country': 'Netherlands', 'postcode': '9496 TY', 'coordinates': {'latitude': '34.1151', 'longitude': '-150.7600'}, 'timezone': {'offset': '+10:00', 'description': 'Eastern Australia, Guam, Vladivostok'}}, 'email': 'duco.rasing@example.com', 'login': {'uuid': '39f0be50-06bf-4197-8a06-eeeb163546a9', 'username': 'beautifulgorilla925', 'password': 'nicholas', 'salt': 'dyR8eLDd', 'md5': '333a19eb905ff21603ac3e8ec969c3ad', 'sha1': '953ff48df8f4a50d2f0b505ce7744c1337ff4422', 'sha256': '955df61da4ba9c602ef28b6bc13b3a48c9a4ea1ce4125675a4ca0a5aafd2b1b5'}, 'dob': {'date': '1995-08-18T10:28:56.322Z', 'age': 28}, 'registered': {'date': '2020-07-06T03:39:34.519Z', 'age': 4}, 'phone': '(003) 1323656', 'cell': '(06) 18824423', 'id': {'name': 'BSN', 'value': '46237409'}, 'picture': {'large': 'https://randomuser.me/api/portraits/men/74.jpg', 'medium': 'https://randomuser.me/api/portraits/med/men/74.jpg', 'thumbnail': 'https://randomuser.me/api/portraits/thumb/men/74.jpg'}, 'nat': 'NL'}</msg>
<arg>${json_data['results'][0]}</arg>
<doc>Logs the given message with the given level.</doc>
<status status="PASS" start="2024-08-06T08:19:34.572435" elapsed="0.000404"/>
</kw>
<kw name="Log" owner="BuiltIn">
<msg time="2024-08-06T08:19:34.573295" level="INFO">login</msg>
<arg>${key}</arg>
<doc>Logs the given message with the given level.</doc>
<status status="PASS" start="2024-08-06T08:19:34.573125" elapsed="0.000209"/>
</kw>
<var name="${key}">login</var>
<status status="PASS" start="2024-08-06T08:19:34.571763" elapsed="0.001789"/>
</iter>
<var>${key}</var>
<value>@{expected_keys}</value>
<status status="PASS" start="2024-08-06T08:19:34.563648" elapsed="0.010023"/>
</for>
<kw name="Create List" owner="BuiltIn">
<msg time="2024-08-06T08:19:34.573989" level="INFO">${expected_keysTwo} = ['username', 'password']</msg>
<var>${expected_keysTwo}</var>
<arg>username</arg>
<arg>password</arg>
<doc>Returns a list containing given items.</doc>
<status status="PASS" start="2024-08-06T08:19:34.573856" elapsed="0.000183"/>
</kw>
<for flavor="IN">
<iter>
<kw name="Dictionary Should Contain Key" owner="Collections">
<arg>${json_data['results'][0]['login']}</arg>
<arg>${keyTwo}</arg>
<doc>Fails if ``key`` is not found from ``dictionary``.</doc>
<status status="PASS" start="2024-08-06T08:19:34.574535" elapsed="0.000390"/>
</kw>
<kw name="Dictionary Should Contain Key" owner="Collections">
<arg>${json_data['results'][0]['login']}</arg>
<arg>${keyTwo}</arg>
<doc>Fails if ``key`` is not found from ``dictionary``.</doc>
<status status="PASS" start="2024-08-06T08:19:34.575108" elapsed="0.000376"/>
</kw>
<kw name="Log" owner="BuiltIn">
<msg time="2024-08-06T08:19:34.575776" level="INFO">username</msg>
<arg>${keyTwo}</arg>
<doc>Logs the given message with the given level.</doc>
<status status="PASS" start="2024-08-06T08:19:34.575658" elapsed="0.000154"/>
</kw>
<var name="${keyTwo}">username</var>
<status status="PASS" start="2024-08-06T08:19:34.574428" elapsed="0.001598"/>
</iter>
<iter>
<kw name="Dictionary Should Contain Key" owner="Collections">
<arg>${json_data['results'][0]['login']}</arg>
<arg>${keyTwo}</arg>
<doc>Fails if ``key`` is not found from ``dictionary``.</doc>
<status status="PASS" start="2024-08-06T08:19:34.576297" elapsed="0.000401"/>
</kw>
<kw name="Dictionary Should Contain Key" owner="Collections">
<arg>${json_data['results'][0]['login']}</arg>
<arg>${keyTwo}</arg>
<doc>Fails if ``key`` is not found from ``dictionary``.</doc>
<status status="PASS" start="2024-08-06T08:19:34.576873" elapsed="0.000419"/>
</kw>
<kw name="Log" owner="BuiltIn">
<msg time="2024-08-06T08:19:34.577608" level="INFO">password</msg>
<arg>${keyTwo}</arg>
<doc>Logs the given message with the given level.</doc>
<status status="PASS" start="2024-08-06T08:19:34.577487" elapsed="0.000158"/>
</kw>
<var name="${keyTwo}">password</var>
<status status="PASS" start="2024-08-06T08:19:34.576194" elapsed="0.001666"/>
</iter>
<var>${keyTwo}</var>
<value>@{expected_keysTwo}</value>
<status status="PASS" start="2024-08-06T08:19:34.574280" elapsed="0.003696"/>
</for>
<status status="PASS" start="2024-08-06T08:19:17.452325" elapsed="17.125791"/>
</kw>
<doc>Testa a estrutura da resposta da API.</doc>
<tag>testeEstruturaResposta</tag>
<status status="PASS" start="2024-08-06T08:19:17.451725" elapsed="17.126548"/>
</test>
<test id="s1-s1-t4" name="Validar tipos de dados" line="28">
<kw name="Teste de Tipos de Dados" owner="random-user-service">
<kw name="GET On Session" owner="RequestsLibrary">
<msg time="2024-08-06T08:19:46.518026" level="INFO">GET Request : url=https://randomuser.me/api 
 path_url=/api 
 headers={'User-Agent': 'python-requests/2.32.3', 'Accept-Encoding': 'gzip, deflate', 'Accept': '*/*', 'Connection': 'keep-alive'} 
 body=None 
 </msg>
<msg time="2024-08-06T08:19:46.518140" level="INFO">GET Response : url=https://randomuser.me/api 
 status=200, reason=OK 
 headers={'Date': 'Tue, 06 Aug 2024 08:19:46 GMT', 'Content-Type': 'application/json; charset=utf-8', 'Transfer-Encoding': 'chunked', 'Connection': 'keep-alive', 'X-Powered-By': 'Express', 'Access-Control-Allow-Origin': '*', 'Cache-Control': 'no-cache', 'ETag': 'W/"485-fJ87qdV8vFp3W73V9nh4281188s"', 'Vary': 'Accept-Encoding', 'Content-Encoding': 'gzip', 'CF-Cache-Status': 'DYNAMIC', 'Report-To': '{"endpoints":[{"url":"https:\\/\\/a.nel.cloudflare.com\\/report\\/v4?s=Fix3XCVShBHNYESld%2BjmBrmh3dL39GL2hBc4b6JcaDARCkCmPJufJ9PeTzewflZRKwec%2BTghulexlE4VQ%2FnNkBDl7BiBIiWE3PZjBNR8EytkjJyFmWPZEzkB1avFy6vD"}],"group":"cf-nel","max_age":604800}', 'NEL': '{"success_fraction":0,"report_to":"cf-nel","max_age":604800}', 'Server': 'cloudflare', 'CF-RAY': '8aed9a4d2f386190-ORD', 'alt-svc': 'h3=":443"; ma=86400'} 
 body={"results":[{"gender":"female","name":{"title":"Ms","first":"Sheila","last":"Hunt"},"location":{"street":{"number":7310,"name":"Valwood Pkwy"},"city":"Rancho Cucamonga","state":"Iowa","country":"United States","postcode":46958,"coordinates":{"latitude":"84.7865","longitude":"22.5645"},"timezone":{"offset":"-3:30","description":"Newfoundland"}},"email":"sheila.hunt@example.com","login":{"uuid":"d7b5bdb4-6dbd-4fd4-8d26-0fcb33513fbf","username":"happybear999","password":"bobdylan","salt":"1S293spZ","md5":"6802a9a203938ecb584aeafc956aeba0","sha1":"473acd2ecf8de7a2f0ba27b0ae5b28354f1f3253","sha256":"160a6486fe5f9b5d30f01c02c89bd4380a973fcdbd4e25b5c8669af0c6a5df1e"},"dob":{"date":"1988-04-12T23:06:09.844Z","age":36},"registered":{"date":"2016-02-27T10:30:39.868Z","age":8},"phone":"(330) 397-9556","cell":"(523) 943-2823","id":{"name":"SSN","value":"731-67-4110"},"picture":{"large":"https://randomuser.me/api/portraits/women/24.jpg","medium":"https://randomuser.me/api/portraits/med/women/24.jpg","thumbnail":"https://randomuser.me/api/portraits/thumb/women/24.jpg"},"nat":"US"}],"info":{"seed":"6bd64bb897444677","results":1,"page":1,"version":"1.4"}} 
 </msg>
<msg time="2024-08-06T08:19:46.518224" level="INFO">/opt/hostedtoolcache/Python/3.12.4/x64/lib/python3.12/site-packages/urllib3/connectionpool.py:1099: InsecureRequestWarning: Unverified HTTPS request is being made to host 'randomuser.me'. Adding certificate verification is strongly advised. See: https://urllib3.readthedocs.io/en/latest/advanced-usage.html#tls-warnings
  warnings.warn(</msg>
<msg time="2024-08-06T08:19:46.518370" level="INFO">${response} = &lt;Response [200]&gt;</msg>
<var>${response}</var>
<arg>consultarAPI</arg>
<arg>/api</arg>
<doc>Sends a GET request on a previously created HTTP Session.</doc>
<status status="PASS" start="2024-08-06T08:19:34.580700" elapsed="11.937711"/>
</kw>
<kw name="Set Variable" owner="BuiltIn">
<msg time="2024-08-06T08:19:46.519585" level="INFO">${json_data} = {'results': [{'gender': 'female', 'name': {'title': 'Ms', 'first': 'Sheila', 'last': 'Hunt'}, 'location': {'street': {'number': 7310, 'name': 'Valwood Pkwy'}, 'city': 'Rancho Cucamonga', 'state': 'Iow...</msg>
<var>${json_data}</var>
<arg>${response.json()}</arg>
<doc>Returns the given values which can then be assigned to a variables.</doc>
<status status="PASS" start="2024-08-06T08:19:46.519034" elapsed="0.000579"/>
</kw>
<kw name="Log" owner="BuiltIn">
<msg time="2024-08-06T08:19:46.520073" level="INFO">{'results': [{'gender': 'female', 'name': {'title': 'Ms', 'first': 'Sheila', 'last': 'Hunt'}, 'location': {'street': {'number': 7310, 'name': 'Valwood Pkwy'}, 'city': 'Rancho Cucamonga', 'state': 'Iowa', 'country': 'United States', 'postcode': 46958, 'coordinates': {'latitude': '84.7865', 'longitude': '22.5645'}, 'timezone': {'offset': '-3:30', 'description': 'Newfoundland'}}, 'email': 'sheila.hunt@example.com', 'login': {'uuid': 'd7b5bdb4-6dbd-4fd4-8d26-0fcb33513fbf', 'username': 'happybear999', 'password': 'bobdylan', 'salt': '1S293spZ', 'md5': '6802a9a203938ecb584aeafc956aeba0', 'sha1': '473acd2ecf8de7a2f0ba27b0ae5b28354f1f3253', 'sha256': '160a6486fe5f9b5d30f01c02c89bd4380a973fcdbd4e25b5c8669af0c6a5df1e'}, 'dob': {'date': '1988-04-12T23:06:09.844Z', 'age': 36}, 'registered': {'date': '2016-02-27T10:30:39.868Z', 'age': 8}, 'phone': '(330) 397-9556', 'cell': '(523) 943-2823', 'id': {'name': 'SSN', 'value': '731-67-4110'}, 'picture': {'large': 'https://randomuser.me/api/portraits/women/24.jpg', 'medium': 'https://randomuser.me/api/portraits/med/women/24.jpg', 'thumbnail': 'https://randomuser.me/api/portraits/thumb/women/24.jpg'}, 'nat': 'US'}], 'info': {'seed': '6bd64bb897444677', 'results': 1, 'page': 1, 'version': '1.4'}}</msg>
<arg>${json_data}</arg>
<doc>Logs the given message with the given level.</doc>
<status status="PASS" start="2024-08-06T08:19:46.519917" elapsed="0.000202"/>
</kw>
<kw name="Should Be String" owner="String">
<arg>${json_data['results'][0]['gender']}</arg>
<doc>Fails if the given ``item`` is not a string.</doc>
<status status="PASS" start="2024-08-06T08:19:46.520409" elapsed="0.000358"/>
</kw>
<kw name="Should Match Regexp" owner="BuiltIn">
<arg>${json_data['results'][0]['email']}</arg>
<arg>^[a-zA-Z0-9._%+-]+@[a-zA-Z0-9.-]+\.[a-zA-Z]{2,}$</arg>
<doc>Fails if ``string`` does not match ``pattern`` as a regular expression.</doc>
<status status="PASS" start="2024-08-06T08:19:46.520961" elapsed="0.000571"/>
</kw>
<kw name="Should Match Regexp" owner="BuiltIn">
<arg>${json_data['results'][0]['dob']['date']}</arg>
<arg>\\d{4}-\\d{2}-\\d{2}T\\d{2}:\\d{2}:\\d{2}\\.\\d{3}Z</arg>
<doc>Fails if ``string`` does not match ``pattern`` as a regular expression.</doc>
<status status="PASS" start="2024-08-06T08:19:46.521768" elapsed="0.000635"/>
</kw>
<kw name="Should Match Regexp" owner="BuiltIn">
<arg>${json_data['results'][0]['registered']['date']}</arg>
<arg>\\d{4}-\\d{2}-\\d{2}T\\d{2}:\\d{2}:\\d{2}\\.\\d{3}Z</arg>
<doc>Fails if ``string`` does not match ``pattern`` as a regular expression.</doc>
<status status="PASS" start="2024-08-06T08:19:46.522598" elapsed="0.000374"/>
</kw>
<kw name="Should Match Regexp" owner="BuiltIn">
<arg>${json_data['results'][0]['picture']['large']}</arg>
<arg>^https?://.*\.(?:png|jpe?g|gif|bmp)$</arg>
<doc>Fails if ``string`` does not match ``pattern`` as a regular expression.</doc>
<status status="PASS" start="2024-08-06T08:19:46.523157" elapsed="0.000458"/>
</kw>
<kw name="Should Match Regexp" owner="BuiltIn">
<arg>${json_data['results'][0]['picture']['medium']}</arg>
<arg>^https?://.*\.(?:png|jpe?g|gif|bmp)$</arg>
<doc>Fails if ``string`` does not match ``pattern`` as a regular expression.</doc>
<status status="PASS" start="2024-08-06T08:19:46.523801" elapsed="0.000357"/>
</kw>
<kw name="Should Match Regexp" owner="BuiltIn">
<arg>${json_data['results'][0]['picture']['thumbnail']}</arg>
<arg>^https?://.*\.(?:png|jpe?g|gif|bmp)$</arg>
<doc>Fails if ``string`` does not match ``pattern`` as a regular expression.</doc>
<status status="PASS" start="2024-08-06T08:19:46.524340" elapsed="0.000351"/>
</kw>
<kw name="Log" owner="BuiltIn">
<msg time="2024-08-06T08:19:46.525215" level="INFO">{'large': 'https://randomuser.me/api/portraits/women/24.jpg', 'medium': 'https://randomuser.me/api/portraits/med/women/24.jpg', 'thumbnail': 'https://randomuser.me/api/portraits/thumb/women/24.jpg'}</msg>
<arg>${json_data['results'][0]['picture']}</arg>
<doc>Logs the given message with the given level.</doc>
<status status="PASS" start="2024-08-06T08:19:46.524868" elapsed="0.000391"/>
</kw>
<status status="PASS" start="2024-08-06T08:19:34.580473" elapsed="11.945049"/>
</kw>
<kw name="Teste de Tipos de Dados - Postcode" owner="random-user-service">
<kw name="GET On Session" owner="RequestsLibrary">
<msg time="2024-08-06T08:19:50.522907" level="INFO">GET Request : url=https://randomuser.me/api 
 path_url=/api 
 headers={'User-Agent': 'python-requests/2.32.3', 'Accept-Encoding': 'gzip, deflate', 'Accept': '*/*', 'Connection': 'keep-alive'} 
 body=None 
 </msg>
<msg time="2024-08-06T08:19:50.523002" level="INFO">GET Response : url=https://randomuser.me/api 
 status=200, reason=OK 
 headers={'Date': 'Tue, 06 Aug 2024 08:19:50 GMT', 'Content-Type': 'application/json; charset=utf-8', 'Transfer-Encoding': 'chunked', 'Connection': 'keep-alive', 'X-Powered-By': 'Express', 'Access-Control-Allow-Origin': '*', 'Cache-Control': 'no-cache', 'ETag': 'W/"4a4-lCmJJkpvBp2AlxXqo9lDB9/SUzY"', 'Vary': 'Accept-Encoding', 'Content-Encoding': 'gzip', 'CF-Cache-Status': 'DYNAMIC', 'Report-To': '{"endpoints":[{"url":"https:\\/\\/a.nel.cloudflare.com\\/report\\/v4?s=O%2BmTnX7%2Br07APfIOm%2FrJRA2UT2t14BCDCPeR5eJ2iEbSmu399xxfOmSYrHFn2GRbCDZhJx8W8lqQZK%2B73YdNV3eB2QcgZzeSrPf8Y2pa374sh6%2FJ48iFICieQPVpCKPU"}],"group":"cf-nel","max_age":604800}', 'NEL': '{"success_fraction":0,"report_to":"cf-nel","max_age":604800}', 'Server': 'cloudflare', 'CF-RAY': '8aed9a97c8ea6190-ORD', 'alt-svc': 'h3=":443"; ma=86400'} 
 body={"results":[{"gender":"male","name":{"title":"Mr","first":"Maximiano","last":"da Rocha"},"location":{"street":{"number":197,"name":"Rua Minas Gerais "},"city":"São Mateus","state":"Bahia","country":"Brazil","postcode":94430,"coordinates":{"latitude":"-81.0753","longitude":"-114.0476"},"timezone":{"offset":"+1:00","description":"Brussels, Copenhagen, Madrid, Paris"}},"email":"maximiano.darocha@example.com","login":{"uuid":"a5706e2f-41e0-457e-92de-61a23b1fa303","username":"ticklishtiger460","password":"buffalo1","salt":"pg4cvD6Y","md5":"e5e7a21eff02e6e16a5bf1a4f8ec4c31","sha1":"7cab1e522186ec4c7b5d52ddd8a0d145b25d2b07","sha256":"f93a4a314d9eb16ab5d60c39f8a2a375c266ed868200ff18c3d69a913919aea3"},"dob":{"date":"1948-11-06T01:06:12.237Z","age":75},"registered":{"date":"2015-01-25T02:23:10.546Z","age":9},"phone":"(27) 1962-0211","cell":"(82) 0195-6344","id":{"name":"CPF","value":"146.938.455-23"},"picture":{"large":"https://randomuser.me/api/portraits/men/14.jpg","medium":"https://randomuser.me/api/portraits/med/men/14.jpg","thumbnail":"https://randomuser.me/api/portraits/thumb/men/14.jpg"},"nat":"BR"}],"info":{"seed":"4b9e33c997a5c3ee","results":1,"page":1,"version":"1.4"}} 
 </msg>
<msg time="2024-08-06T08:19:50.523073" level="INFO">/opt/hostedtoolcache/Python/3.12.4/x64/lib/python3.12/site-packages/urllib3/connectionpool.py:1099: InsecureRequestWarning: Unverified HTTPS request is being made to host 'randomuser.me'. Adding certificate verification is strongly advised. See: https://urllib3.readthedocs.io/en/latest/advanced-usage.html#tls-warnings
  warnings.warn(</msg>
<msg time="2024-08-06T08:19:50.523190" level="INFO">${response} = &lt;Response [200]&gt;</msg>
<var>${response}</var>
<arg>consultarAPI</arg>
<arg>/api</arg>
<doc>Sends a GET request on a previously created HTTP Session.</doc>
<status status="PASS" start="2024-08-06T08:19:46.525969" elapsed="3.997259"/>
</kw>
<kw name="Set Variable" owner="BuiltIn">
<msg time="2024-08-06T08:19:50.524274" level="INFO">${json_data} = {'results': [{'gender': 'male', 'name': {'title': 'Mr', 'first': 'Maximiano', 'last': 'da Rocha'}, 'location': {'street': {'number': 197, 'name': 'Rua Minas Gerais '}, 'city': 'São Mateus', 'state': '...</msg>
<var>${json_data}</var>
<arg>${response.json()}</arg>
<doc>Returns the given values which can then be assigned to a variables.</doc>
<status status="PASS" start="2024-08-06T08:19:50.523754" elapsed="0.000549"/>
</kw>
<kw name="Log" owner="BuiltIn">
<msg time="2024-08-06T08:19:50.524760" level="INFO">{'results': [{'gender': 'male', 'name': {'title': 'Mr', 'first': 'Maximiano', 'last': 'da Rocha'}, 'location': {'street': {'number': 197, 'name': 'Rua Minas Gerais '}, 'city': 'São Mateus', 'state': 'Bahia', 'country': 'Brazil', 'postcode': 94430, 'coordinates': {'latitude': '-81.0753', 'longitude': '-114.0476'}, 'timezone': {'offset': '+1:00', 'description': 'Brussels, Copenhagen, Madrid, Paris'}}, 'email': 'maximiano.darocha@example.com', 'login': {'uuid': 'a5706e2f-41e0-457e-92de-61a23b1fa303', 'username': 'ticklishtiger460', 'password': 'buffalo1', 'salt': 'pg4cvD6Y', 'md5': 'e5e7a21eff02e6e16a5bf1a4f8ec4c31', 'sha1': '7cab1e522186ec4c7b5d52ddd8a0d145b25d2b07', 'sha256': 'f93a4a314d9eb16ab5d60c39f8a2a375c266ed868200ff18c3d69a913919aea3'}, 'dob': {'date': '1948-11-06T01:06:12.237Z', 'age': 75}, 'registered': {'date': '2015-01-25T02:23:10.546Z', 'age': 9}, 'phone': '(27) 1962-0211', 'cell': '(82) 0195-6344', 'id': {'name': 'CPF', 'value': '146.938.455-23'}, 'picture': {'large': 'https://randomuser.me/api/portraits/men/14.jpg', 'medium': 'https://randomuser.me/api/portraits/med/men/14.jpg', 'thumbnail': 'https://randomuser.me/api/portraits/thumb/men/14.jpg'}, 'nat': 'BR'}], 'info': {'seed': '4b9e33c997a5c3ee', 'results': 1, 'page': 1, 'version': '1.4'}}</msg>
<arg>${json_data}</arg>
<doc>Logs the given message with the given level.</doc>
<status status="PASS" start="2024-08-06T08:19:50.524602" elapsed="0.000206"/>
</kw>
<kw name="Should Be Equal As Numbers" owner="BuiltIn">
<arg>${json_data['results'][0]['location']['postcode']}</arg>
<arg>${json_data['results'][0]['location']['postcode']}</arg>
<doc>Fails if objects are unequal after converting them to real numbers.</doc>
<status status="PASS" start="2024-08-06T08:19:50.525135" elapsed="0.000656"/>
</kw>
<kw name="Log" owner="BuiltIn">
<msg time="2024-08-06T08:19:50.526305" level="INFO">94430</msg>
<arg>${json_data['results'][0]['location']['postcode']}</arg>
<doc>Logs the given message with the given level.</doc>
<status status="PASS" start="2024-08-06T08:19:50.525977" elapsed="0.000408"/>
</kw>
<status status="PASS" start="2024-08-06T08:19:46.525744" elapsed="4.000900"/>
</kw>
<doc>Testa se os tipos de dados na resposta da API estão corretos.</doc>
<tag>testeTiposDados</tag>
<status status="PASS" start="2024-08-06T08:19:34.580016" elapsed="15.946800"/>
</test>
<test id="s1-s1-t5" name="Validar conteudo" line="35">
<kw name="Teste de Tipos de Conteudo" owner="random-user-service">
<kw name="GET On Session" owner="RequestsLibrary">
<msg time="2024-08-06T08:19:52.901516" level="INFO">GET Request : url=https://randomuser.me/api 
 path_url=/api 
 headers={'User-Agent': 'python-requests/2.32.3', 'Accept-Encoding': 'gzip, deflate', 'Accept': '*/*', 'Connection': 'keep-alive'} 
 body=None 
 </msg>
<msg time="2024-08-06T08:19:52.901626" level="INFO">GET Response : url=https://randomuser.me/api 
 status=200, reason=OK 
 headers={'Date': 'Tue, 06 Aug 2024 08:19:52 GMT', 'Content-Type': 'application/json; charset=utf-8', 'Transfer-Encoding': 'chunked', 'Connection': 'keep-alive', 'X-Powered-By': 'Express', 'Access-Control-Allow-Origin': '*', 'Cache-Control': 'no-cache', 'ETag': 'W/"48a-S/qPp5q7vZ1LuLCbL0ukcwBJ0Sk"', 'Vary': 'Accept-Encoding', 'Content-Encoding': 'gzip', 'CF-Cache-Status': 'DYNAMIC', 'Report-To': '{"endpoints":[{"url":"https:\\/\\/a.nel.cloudflare.com\\/report\\/v4?s=970GceHiccDOgf5%2FJ4g3d4%2Fd9yEAV5eQAsD0RIuthS1uH6zEB%2FTo0jSTIOQl0QTynnrxqm6CEuajpmcLZGPxtON%2FlpunzfkDzlbWxflu0nVPIruPgbcUxPr%2BDrDM%2FnxY"}],"group":"cf-nel","max_age":604800}', 'NEL': '{"success_fraction":0,"report_to":"cf-nel","max_age":604800}', 'Server': 'cloudflare', 'CF-RAY': '8aed9ab0cfc46190-ORD', 'alt-svc': 'h3=":443"; ma=86400'} 
 body={"results":[{"gender":"male","name":{"title":"Mr","first":"Ed","last":"Oosterkamp"},"location":{"street":{"number":3842,"name":"Heerkensakker"},"city":"Best","state":"Noord-Holland","country":"Netherlands","postcode":"4038 QJ","coordinates":{"latitude":"33.2172","longitude":"-96.0774"},"timezone":{"offset":"-8:00","description":"Pacific Time (US &amp; Canada)"}},"email":"ed.oosterkamp@example.com","login":{"uuid":"3826a1a2-c264-4a32-ba52-24b70a0599f1","username":"goldencat245","password":"musical","salt":"XkzqNnlU","md5":"e0e3e03e615d99c8d99653bd1fe63aa8","sha1":"b7fa2a8f0bcc4c5ab7da02d5982b392aaba74235","sha256":"dcd66999e3820d4a5d94acf6ed0786d26ed0ae84bfee171922d17d391f7ec798"},"dob":{"date":"1961-05-02T22:42:02.297Z","age":63},"registered":{"date":"2016-05-01T22:54:54.487Z","age":8},"phone":"(006) 0356906","cell":"(06) 21433310","id":{"name":"BSN","value":"54618031"},"picture":{"large":"https://randomuser.me/api/portraits/men/44.jpg","medium":"https://randomuser.me/api/portraits/med/men/44.jpg","thumbnail":"https://randomuser.me/api/portraits/thumb/men/44.jpg"},"nat":"NL"}],"info":{"seed":"236a832ebed8b377","results":1,"page":1,"version":"1.4"}} 
 </msg>
<msg time="2024-08-06T08:19:52.901707" level="INFO">/opt/hostedtoolcache/Python/3.12.4/x64/lib/python3.12/site-packages/urllib3/connectionpool.py:1099: InsecureRequestWarning: Unverified HTTPS request is being made to host 'randomuser.me'. Adding certificate verification is strongly advised. See: https://urllib3.readthedocs.io/en/latest/advanced-usage.html#tls-warnings
  warnings.warn(</msg>
<msg time="2024-08-06T08:19:52.901851" level="INFO">${response} = &lt;Response [200]&gt;</msg>
<var>${response}</var>
<arg>consultarAPI</arg>
<arg>/api</arg>
<doc>Sends a GET request on a previously created HTTP Session.</doc>
<status status="PASS" start="2024-08-06T08:19:50.529303" elapsed="2.372589"/>
</kw>
<kw name="Set Variable" owner="BuiltIn">
<msg time="2024-08-06T08:19:52.903096" level="INFO">${json_data} = {'results': [{'gender': 'male', 'name': {'title': 'Mr', 'first': 'Ed', 'last': 'Oosterkamp'}, 'location': {'street': {'number': 3842, 'name': 'Heerkensakker'}, 'city': 'Best', 'state': 'Noord-Holland'...</msg>
<var>${json_data}</var>
<arg>${response.json()}</arg>
<doc>Returns the given values which can then be assigned to a variables.</doc>
<status status="PASS" start="2024-08-06T08:19:52.902483" elapsed="0.000642"/>
</kw>
<kw name="Set Variable" owner="BuiltIn">
<msg time="2024-08-06T08:19:52.903830" level="INFO">${name_title} = Mr</msg>
<var>${name_title}</var>
<arg>${json_data["results"][0]["name"]["title"]}</arg>
<doc>Returns the given values which can then be assigned to a variables.</doc>
<status status="PASS" start="2024-08-06T08:19:52.903427" elapsed="0.000428"/>
</kw>
<kw name="Create List" owner="BuiltIn">
<msg time="2024-08-06T08:19:52.904331" level="INFO">${allowed_titles} = ['Mr', 'Ms', 'Miss', 'Mrs', 'Madame', 'Monsieur']</msg>
<var>${allowed_titles}</var>
<arg>Mr</arg>
<arg>Ms</arg>
<arg>Miss</arg>
<arg>Mrs</arg>
<arg>Madame</arg>
<arg>Monsieur</arg>
<doc>Returns a list containing given items.</doc>
<status status="PASS" start="2024-08-06T08:19:52.904180" elapsed="0.000175"/>
</kw>
<kw name="List Should Contain Value" owner="Collections">
<arg>${allowed_titles}</arg>
<arg>${name_title}</arg>
<doc>Fails if the ``value`` is not found from ``list``.</doc>
<status status="PASS" start="2024-08-06T08:19:52.904648" elapsed="0.000185"/>
</kw>
<kw name="Set Variable" owner="BuiltIn">
<msg time="2024-08-06T08:19:52.905415" level="INFO">${name_country} = NL</msg>
<var>${name_country}</var>
<arg>${json_data["results"][0]["nat"]}</arg>
<doc>Returns the given values which can then be assigned to a variables.</doc>
<status status="PASS" start="2024-08-06T08:19:52.905010" elapsed="0.000431"/>
</kw>
<kw name="Create List" owner="BuiltIn">
<msg time="2024-08-06T08:19:52.906331" level="INFO">${list_country} = ['AD', 'AE', 'AF', 'AG', 'AI', 'AL', 'AM', 'AO', 'AQ', 'AR', 'AS', 'AT', 'AU', 'AW', 'AX', 'AZ', 'BA', 'BB', 'BD', 'BE', 'BF', 'BG', 'BH', 'BI', 'BJ', 'BL', 'BM', 'BN', 'BO', 'BQ', 'BR', 'BS', 'BT', '...</msg>
<var>${list_country}</var>
<arg>AD</arg>
<arg>AE</arg>
<arg>AF</arg>
<arg>AG</arg>
<arg>AI</arg>
<arg>AL</arg>
<arg>AM</arg>
<arg>AO</arg>
<arg>AQ</arg>
<arg>AR</arg>
<arg>AS</arg>
<arg>AT</arg>
<arg>AU</arg>
<arg>AW</arg>
<arg>AX</arg>
<arg>AZ</arg>
<arg>BA</arg>
<arg>BB</arg>
<arg>BD</arg>
<arg>BE</arg>
<arg>BF</arg>
<arg>BG</arg>
<arg>BH</arg>
<arg>BI</arg>
<arg>BJ</arg>
<arg>BL</arg>
<arg>BM</arg>
<arg>BN</arg>
<arg>BO</arg>
<arg>BQ</arg>
<arg>BR</arg>
<arg>BS</arg>
<arg>BT</arg>
<arg>BV</arg>
<arg>BW</arg>
<arg>BY</arg>
<arg>BZ</arg>
<arg>CA</arg>
<arg>CC</arg>
<arg>CD</arg>
<arg>CF</arg>
<arg>CG</arg>
<arg>CH</arg>
<arg>CI</arg>
<arg>CK</arg>
<arg>CL</arg>
<arg>CM</arg>
<arg>CN</arg>
<arg>CO</arg>
<arg>CR</arg>
<arg>CU</arg>
<arg>CV</arg>
<arg>CW</arg>
<arg>CX</arg>
<arg>CY</arg>
<arg>CZ</arg>
<arg>DE</arg>
<arg>DJ</arg>
<arg>DK</arg>
<arg>DM</arg>
<arg>DO</arg>
<arg>DZ</arg>
<arg>EC</arg>
<arg>EE</arg>
<arg>EG</arg>
<arg>EH</arg>
<arg>ER</arg>
<arg>ES</arg>
<arg>ET</arg>
<arg>FI</arg>
<arg>FJ</arg>
<arg>FK</arg>
<arg>FM</arg>
<arg>FO</arg>
<arg>FR</arg>
<arg>GA</arg>
<arg>GB</arg>
<arg>GD</arg>
<arg>GE</arg>
<arg>GF</arg>
<arg>GG</arg>
<arg>GH</arg>
<arg>GI</arg>
<arg>GL</arg>
<arg>GM</arg>
<arg>GN</arg>
<arg>GP</arg>
<arg>GQ</arg>
<arg>GR</arg>
<arg>GS</arg>
<arg>GT</arg>
<arg>GU</arg>
<arg>GW</arg>
<arg>GY</arg>
<arg>HK</arg>
<arg>HM</arg>
<arg>HN</arg>
<arg>HR</arg>
<arg>HT</arg>
<arg>HU</arg>
<arg>ID</arg>
<arg>IE</arg>
<arg>IL</arg>
<arg>IM</arg>
<arg>IN</arg>
<arg>IO</arg>
<arg>IQ</arg>
<arg>IR</arg>
<arg>IS</arg>
<arg>IT</arg>
<arg>JE</arg>
<arg>JM</arg>
<arg>JO</arg>
<arg>JP</arg>
<arg>KE</arg>
<arg>KG</arg>
<arg>KH</arg>
<arg>KI</arg>
<arg>KM</arg>
<arg>KN</arg>
<arg>KP</arg>
<arg>KR</arg>
<arg>KW</arg>
<arg>KY</arg>
<arg>KZ</arg>
<arg>LA</arg>
<arg>LB</arg>
<arg>LC</arg>
<arg>LI</arg>
<arg>LK</arg>
<arg>LR</arg>
<arg>LS</arg>
<arg>LT</arg>
<arg>LU</arg>
<arg>LV</arg>
<arg>LY</arg>
<arg>MA</arg>
<arg>MC</arg>
<arg>MD</arg>
<arg>ME</arg>
<arg>MF</arg>
<arg>MG</arg>
<arg>MH</arg>
<arg>MK</arg>
<arg>ML</arg>
<arg>MM</arg>
<arg>MN</arg>
<arg>MO</arg>
<arg>MP</arg>
<arg>MQ</arg>
<arg>MR</arg>
<arg>MS</arg>
<arg>MT</arg>
<arg>MU</arg>
<arg>MV</arg>
<arg>MW</arg>
<arg>MX</arg>
<arg>MY</arg>
<arg>MZ</arg>
<arg>NA</arg>
<arg>NC</arg>
<arg>NE</arg>
<arg>NF</arg>
<arg>NG</arg>
<arg>NI</arg>
<arg>NL</arg>
<arg>NO</arg>
<arg>NP</arg>
<arg>NR</arg>
<arg>NU</arg>
<arg>NZ</arg>
<arg>OM</arg>
<arg>PA</arg>
<arg>PE</arg>
<arg>PF</arg>
<arg>PG</arg>
<arg>PH</arg>
<arg>PK</arg>
<arg>PL</arg>
<arg>PM</arg>
<arg>PN</arg>
<arg>PR</arg>
<arg>PS</arg>
<arg>PT</arg>
<arg>PW</arg>
<arg>PY</arg>
<arg>QA</arg>
<arg>RE</arg>
<arg>RO</arg>
<arg>RS</arg>
<arg>RU</arg>
<arg>RW</arg>
<arg>SA</arg>
<arg>SB</arg>
<arg>SC</arg>
<arg>SD</arg>
<arg>SE</arg>
<arg>SG</arg>
<arg>SH</arg>
<arg>SI</arg>
<arg>SJ</arg>
<arg>SK</arg>
<arg>SL</arg>
<arg>SM</arg>
<arg>SN</arg>
<arg>SO</arg>
<arg>SR</arg>
<arg>SS</arg>
<arg>ST</arg>
<arg>SV</arg>
<arg>SX</arg>
<arg>SY</arg>
<arg>SZ</arg>
<arg>TC</arg>
<arg>TD</arg>
<arg>TF</arg>
<arg>TG</arg>
<arg>TH</arg>
<arg>TJ</arg>
<arg>TK</arg>
<arg>TL</arg>
<arg>TM</arg>
<arg>TN</arg>
<arg>TO</arg>
<arg>TR</arg>
<arg>TT</arg>
<arg>TV</arg>
<arg>TW</arg>
<arg>TZ</arg>
<arg>UA</arg>
<arg>UG</arg>
<arg>UM</arg>
<arg>US</arg>
<arg>UY</arg>
<arg>UZ</arg>
<arg>VA</arg>
<arg>VC</arg>
<arg>VE</arg>
<arg>VG</arg>
<arg>VI</arg>
<arg>VN</arg>
<arg>VU</arg>
<arg>WF</arg>
<arg>WS</arg>
<arg>XK</arg>
<arg>YE</arg>
<arg>YT</arg>
<arg>ZA</arg>
<arg>ZM</arg>
<arg>ZW</arg>
<doc>Returns a list containing given items.</doc>
<status status="PASS" start="2024-08-06T08:19:52.905733" elapsed="0.000624"/>
</kw>
<kw name="List Should Contain Value" owner="Collections">
<arg>${list_country}</arg>
<arg>${name_country}</arg>
<doc>Fails if the ``value`` is not found from ``list``.</doc>
<status status="PASS" start="2024-08-06T08:19:52.907346" elapsed="0.000205"/>
</kw>
<kw name="Run Keyword If" owner="BuiltIn">
<kw name="Should Be True" owner="BuiltIn">
<arg>${True}</arg>
<doc>Fails if the given condition is not true.</doc>
<status status="PASS" start="2024-08-06T08:19:52.908499" elapsed="0.000142"/>
</kw>
<arg>${json_data["results"][0]["location"]["coordinates"]["latitude"]} &gt;= -90 and ${json_data["results"][0]["location"]["coordinates"]["latitude"]} &lt;= 90</arg>
<arg>Should Be True</arg>
<arg>${True}</arg>
<doc>Runs the given keyword with the given arguments, if ``condition`` is true.</doc>
<status status="PASS" start="2024-08-06T08:19:52.907747" elapsed="0.001017"/>
</kw>
<kw name="Run Keyword If" owner="BuiltIn">
<kw name="Should Be True" owner="BuiltIn">
<arg>${True}</arg>
<doc>Fails if the given condition is not true.</doc>
<status status="PASS" start="2024-08-06T08:19:52.909683" elapsed="0.000137"/>
</kw>
<arg>${json_data["results"][0]["location"]["coordinates"]["longitude"]} &gt;= -180 and ${json_data["results"][0]["location"]["coordinates"]["longitude"]} &lt;= 180</arg>
<arg>Should Be True</arg>
<arg>${True}</arg>
<doc>Runs the given keyword with the given arguments, if ``condition`` is true.</doc>
<status status="PASS" start="2024-08-06T08:19:52.908942" elapsed="0.001001"/>
</kw>
<status status="PASS" start="2024-08-06T08:19:50.529046" elapsed="2.381031"/>
</kw>
<doc>Testa o conteúdo específico dos campos retornados pela API.</doc>
<tag>testeConteudo</tag>
<status status="PASS" start="2024-08-06T08:19:50.528556" elapsed="2.381675"/>
</test>
<status status="PASS" start="2024-08-06T08:19:07.759402" elapsed="45.152733"/>
</suite>
<status status="PASS" start="2024-08-06T08:19:07.744196" elapsed="45.173105"/>
</suite>
<statistics>
<total>
<stat pass="5" fail="0" skip="0">All Tests</stat>
</total>
<tag>
<stat pass="1" fail="0" skip="0">testeConteudo</stat>
<stat pass="1" fail="0" skip="0">testeEstruturaResposta</stat>
<stat pass="1" fail="0" skip="0">testeRequisicaoBasica</stat>
<stat pass="1" fail="0" skip="0">testeTiposDados</stat>
</tag>
<suite>
<stat pass="5" fail="0" skip="0" id="s1" name="Tests">Tests</stat>
<stat pass="5" fail="0" skip="0" id="s1-s1" name="Random-User-Test">Tests.Random-User-Test</stat>
</suite>
</statistics>
<errors>
</errors>
</robot>
