<?xml version="1.0" encoding="UTF-8"?>
<robot generator="Robot 7.0 (Python 3.12.3 on linux)" generated="2024-05-19T22:15:42.775958" rpa="false" schemaversion="5">
<suite id="s1" name="Tests" source="/home/runner/work/DesafioQAItauRogerioJordao/DesafioQAItauRogerioJordao/RamdonUser/tests">
<suite id="s1-s1" name="Random-User-Test" source="/home/runner/work/DesafioQAItauRogerioJordao/DesafioQAItauRogerioJordao/RamdonUser/tests/random-user-test.robot">
<test id="s1-s1-t1" name="Conectar" line="13">
<kw name="Conectar API" owner="random-user-service">
<kw name="Create Session" owner="RequestsLibrary">
<msg time="2024-05-19T22:15:43.180279" level="INFO">Creating Session using : alias=consultarAPI, url=https://randomuser.me/, headers={},                     cookies={}, auth=None, timeout=None, proxies=None, verify=False,                     debug=0 </msg>
<arg>consultarAPI</arg>
<arg>${URL}</arg>
<doc>Create Session: create a HTTP session to a server</doc>
<status status="PASS" start="2024-05-19T22:15:43.180076" elapsed="0.000389"/>
</kw>
<status status="PASS" start="2024-05-19T22:15:43.179078" elapsed="0.001751"/>
</kw>
<status status="PASS" start="2024-05-19T22:15:43.178507" elapsed="0.002518"/>
</test>
<test id="s1-s1-t2" name="Validar retorno 200 e JSON Válido" line="16">
<kw name="Teste de Requisicao Basica" owner="random-user-service">
<kw name="GET On Session" owner="RequestsLibrary">
<msg time="2024-05-19T22:15:43.281146" level="INFO">GET Request : url=https://randomuser.me/api 
 path_url=/api 
 headers={'User-Agent': 'python-requests/2.31.0', 'Accept-Encoding': 'gzip, deflate', 'Accept': '*/*', 'Connection': 'keep-alive'} 
 body=None 
 </msg>
<msg time="2024-05-19T22:15:43.281313" level="INFO">GET Response : url=https://randomuser.me/api 
 status=200, reason=OK 
 headers={'Date': 'Sun, 19 May 2024 22:15:43 GMT', 'Content-Type': 'application/json; charset=utf-8', 'Transfer-Encoding': 'chunked', 'Connection': 'keep-alive', 'X-Powered-By': 'Express', 'Access-Control-Allow-Origin': '*', 'Cache-Control': 'no-cache', 'ETag': 'W/"470-5ytUJQsqbL6eLlewWsKFcQS6noc"', 'Vary': 'Accept-Encoding', 'Content-Encoding': 'gzip', 'CF-Cache-Status': 'DYNAMIC', 'Report-To': '{"endpoints":[{"url":"https:\\/\\/a.nel.cloudflare.com\\/report\\/v4?s=jz%2FLJkwN52Duw2WGxyUE0muP4SNnApMfK4AsgtGIkMyJW4LGqA2cA5cRLUSK0V2K7PZz%2F3vRlnxvNJXFL3HgHSKBhQT2gHa971%2F40fsITKF%2B5Sf1TRG%2BwKWyqxXWqMTX"}],"group":"cf-nel","max_age":604800}', 'NEL': '{"success_fraction":0,"report_to":"cf-nel","max_age":604800}', 'Server': 'cloudflare', 'CF-RAY': '8867727f19e73916-IAD', 'alt-svc': 'h3=":443"; ma=86400'} 
 body={"results":[{"gender":"female","name":{"title":"Miss","first":"Aisha","last":"Opstad"},"location":{"street":{"number":4028,"name":"Stenbråtveien"},"city":"Aure","state":"Akershus","country":"Norway","postcode":"3997","coordinates":{"latitude":"40.7278","longitude":"131.5704"},"timezone":{"offset":"-3:30","description":"Newfoundland"}},"email":"aisha.opstad@example.com","login":{"uuid":"0a146d00-7dab-4983-86f4-d60381bb1a4c","username":"crazysnake489","password":"xyzzy","salt":"2NSLGprz","md5":"f84fad24888eda62ff5bf5882efcc615","sha1":"f8c0d6c7cf7847629a8e424d574021821ba3e6bc","sha256":"02723a300b98d76563de3ff56d031b100934431a35cf88ac2a9972866b534a52"},"dob":{"date":"1945-05-16T07:40:06.262Z","age":79},"registered":{"date":"2006-01-23T15:51:51.904Z","age":18},"phone":"27716271","cell":"40040976","id":{"name":"FN","value":"16054536821"},"picture":{"large":"https://randomuser.me/api/portraits/women/50.jpg","medium":"https://randomuser.me/api/portraits/med/women/50.jpg","thumbnail":"https://randomuser.me/api/portraits/thumb/women/50.jpg"},"nat":"NO"}],"info":{"seed":"58a11891f9f6c172","results":1,"page":1,"version":"1.4"}} 
 </msg>
<msg time="2024-05-19T22:15:43.281405" level="INFO">/opt/hostedtoolcache/Python/3.12.3/x64/lib/python3.12/site-packages/urllib3/connectionpool.py:1103: InsecureRequestWarning: Unverified HTTPS request is being made to host 'randomuser.me'. Adding certificate verification is strongly advised. See: https://urllib3.readthedocs.io/en/latest/advanced-usage.html#tls-warnings
  warnings.warn(</msg>
<msg time="2024-05-19T22:15:43.281553" level="INFO">${response} = &lt;Response [200]&gt;</msg>
<var>${response}</var>
<arg>consultarAPI</arg>
<arg>/api</arg>
<doc>Sends a GET request on a previously created HTTP Session.</doc>
<status status="PASS" start="2024-05-19T22:15:43.183705" elapsed="0.097912"/>
</kw>
<kw name="Should Be Equal As Numbers" owner="BuiltIn">
<msg time="2024-05-19T22:15:43.282823" level="INFO">Argument types are:
&lt;class 'int'&gt;
&lt;class 'str'&gt;</msg>
<arg>${response.status_code}</arg>
<arg>200</arg>
<doc>Fails if objects are unequal after converting them to real numbers.</doc>
<status status="PASS" start="2024-05-19T22:15:43.282314" elapsed="0.000576"/>
</kw>
<kw name="Log" owner="BuiltIn">
<msg time="2024-05-19T22:15:43.283605" level="INFO">200</msg>
<arg>${response.status_code}</arg>
<doc>Logs the given message with the given level.</doc>
<status status="PASS" start="2024-05-19T22:15:43.283245" elapsed="0.000404"/>
</kw>
<kw name="Set Variable" owner="BuiltIn">
<msg time="2024-05-19T22:15:43.284404" level="INFO">${json_data} = {'results': [{'gender': 'female', 'name': {'title': 'Miss', 'first': 'Aisha', 'last': 'Opstad'}, 'location': {'street': {'number': 4028, 'name': 'Stenbråtveien'}, 'city': 'Aure', 'state': 'Akershus', ...</msg>
<var>${json_data}</var>
<arg>${response.json()}</arg>
<doc>Returns the given values which can then be assigned to a variables.</doc>
<status status="PASS" start="2024-05-19T22:15:43.283961" elapsed="0.000473"/>
</kw>
<kw name="Dictionary Should Contain Key" owner="Collections">
<msg time="2024-05-19T22:15:43.284917" level="INFO">False</msg>
<arg>${json_data}</arg>
<arg>results</arg>
<doc>Fails if ``key`` is not found from ``dictionary``.</doc>
<status status="PASS" start="2024-05-19T22:15:43.284744" elapsed="0.000214"/>
</kw>
<status status="PASS" start="2024-05-19T22:15:43.183459" elapsed="0.101762"/>
</kw>
<doc>Testa se a API responde corretamente e retorna um objeto JSON válido.</doc>
<tag>testeRequisicaoBasica</tag>
<status status="PASS" start="2024-05-19T22:15:43.182975" elapsed="0.102437"/>
</test>
<test id="s1-s1-t3" name="Validar estrutura de resposta" line="22">
<kw name="Teste de Estrutura de Resposta" owner="random-user-service">
<kw name="GET On Session" owner="RequestsLibrary">
<msg time="2024-05-19T22:15:43.379409" level="INFO">GET Request : url=https://randomuser.me/api 
 path_url=/api 
 headers={'User-Agent': 'python-requests/2.31.0', 'Accept-Encoding': 'gzip, deflate', 'Accept': '*/*', 'Connection': 'keep-alive'} 
 body=None 
 </msg>
<msg time="2024-05-19T22:15:43.379503" level="INFO">GET Response : url=https://randomuser.me/api 
 status=200, reason=OK 
 headers={'Date': 'Sun, 19 May 2024 22:15:43 GMT', 'Content-Type': 'application/json; charset=utf-8', 'Transfer-Encoding': 'chunked', 'Connection': 'keep-alive', 'X-Powered-By': 'Express', 'Access-Control-Allow-Origin': '*', 'Cache-Control': 'no-cache', 'ETag': 'W/"489-D7WweBU3srVnmLuN8SSHPJBFovA"', 'Vary': 'Accept-Encoding', 'Content-Encoding': 'gzip', 'CF-Cache-Status': 'DYNAMIC', 'Report-To': '{"endpoints":[{"url":"https:\\/\\/a.nel.cloudflare.com\\/report\\/v4?s=ejJNncIpc8ls4My01%2FMFl5%2Bl0CbQKl5Er0Pi4CLAyw%2BilOmo%2FOKBy0NLPcUcuTI7mgC0e0N%2FqrqXe1oUyERzs8bnRMRwETI55OZ8wO2wg6heZw2ZVOgsIXhJeGe%2FCDNb"}],"group":"cf-nel","max_age":604800}', 'NEL': '{"success_fraction":0,"report_to":"cf-nel","max_age":604800}', 'Server': 'cloudflare', 'CF-RAY': '8867727f8a623916-IAD', 'alt-svc': 'h3=":443"; ma=86400'} 
 body={"results":[{"gender":"female","name":{"title":"Miss","first":"Audrey","last":"Perkins"},"location":{"street":{"number":1397,"name":"Lakeshore Rd"},"city":"Oklahoma City","state":"Colorado","country":"United States","postcode":37299,"coordinates":{"latitude":"85.4735","longitude":"51.7289"},"timezone":{"offset":"-9:00","description":"Alaska"}},"email":"audrey.perkins@example.com","login":{"uuid":"1b3126a1-40b5-4721-a3b9-a4fe54698c47","username":"organicmouse349","password":"qweasd","salt":"dUuClgOn","md5":"753e54cce10c1909159a38b882c7cc34","sha1":"3d5f850cb2516ec02302fc776f82d7bd6dbccebb","sha256":"3ff7daf2dd783dbd7389af573f99c672f84db25928aa88ead41055d19b3fda15"},"dob":{"date":"1998-08-27T22:54:37.796Z","age":25},"registered":{"date":"2020-09-01T04:14:32.961Z","age":3},"phone":"(445) 672-4721","cell":"(443) 495-6654","id":{"name":"SSN","value":"178-83-0635"},"picture":{"large":"https://randomuser.me/api/portraits/women/35.jpg","medium":"https://randomuser.me/api/portraits/med/women/35.jpg","thumbnail":"https://randomuser.me/api/portraits/thumb/women/35.jpg"},"nat":"US"}],"info":{"seed":"9ca6ec402ef74bef","results":1,"page":1,"version":"1.4"}} 
 </msg>
<msg time="2024-05-19T22:15:43.379624" level="INFO">/opt/hostedtoolcache/Python/3.12.3/x64/lib/python3.12/site-packages/urllib3/connectionpool.py:1103: InsecureRequestWarning: Unverified HTTPS request is being made to host 'randomuser.me'. Adding certificate verification is strongly advised. See: https://urllib3.readthedocs.io/en/latest/advanced-usage.html#tls-warnings
  warnings.warn(</msg>
<msg time="2024-05-19T22:15:43.379754" level="INFO">${response} = &lt;Response [200]&gt;</msg>
<var>${response}</var>
<arg>consultarAPI</arg>
<arg>/api</arg>
<doc>Sends a GET request on a previously created HTTP Session.</doc>
<status status="PASS" start="2024-05-19T22:15:43.288067" elapsed="0.091727"/>
</kw>
<kw name="Set Variable" owner="BuiltIn">
<msg time="2024-05-19T22:15:43.380967" level="INFO">${json_data} = {'results': [{'gender': 'female', 'name': {'title': 'Miss', 'first': 'Audrey', 'last': 'Perkins'}, 'location': {'street': {'number': 1397, 'name': 'Lakeshore Rd'}, 'city': 'Oklahoma City', 'state': 'C...</msg>
<var>${json_data}</var>
<arg>${response.json()}</arg>
<doc>Returns the given values which can then be assigned to a variables.</doc>
<status status="PASS" start="2024-05-19T22:15:43.380406" elapsed="0.000591"/>
</kw>
<kw name="Log" owner="BuiltIn">
<msg time="2024-05-19T22:15:43.381475" level="INFO">{'results': [{'gender': 'female', 'name': {'title': 'Miss', 'first': 'Audrey', 'last': 'Perkins'}, 'location': {'street': {'number': 1397, 'name': 'Lakeshore Rd'}, 'city': 'Oklahoma City', 'state': 'Colorado', 'country': 'United States', 'postcode': 37299, 'coordinates': {'latitude': '85.4735', 'longitude': '51.7289'}, 'timezone': {'offset': '-9:00', 'description': 'Alaska'}}, 'email': 'audrey.perkins@example.com', 'login': {'uuid': '1b3126a1-40b5-4721-a3b9-a4fe54698c47', 'username': 'organicmouse349', 'password': 'qweasd', 'salt': 'dUuClgOn', 'md5': '753e54cce10c1909159a38b882c7cc34', 'sha1': '3d5f850cb2516ec02302fc776f82d7bd6dbccebb', 'sha256': '3ff7daf2dd783dbd7389af573f99c672f84db25928aa88ead41055d19b3fda15'}, 'dob': {'date': '1998-08-27T22:54:37.796Z', 'age': 25}, 'registered': {'date': '2020-09-01T04:14:32.961Z', 'age': 3}, 'phone': '(445) 672-4721', 'cell': '(443) 495-6654', 'id': {'name': 'SSN', 'value': '178-83-0635'}, 'picture': {'large': 'https://randomuser.me/api/portraits/women/35.jpg', 'medium': 'https://randomuser.me/api/portraits/med/women/35.jpg', 'thumbnail': 'https://randomuser.me/api/portraits/thumb/women/35.jpg'}, 'nat': 'US'}], 'info': {'seed': '9ca6ec402ef74bef', 'results': 1, 'page': 1, 'version': '1.4'}}</msg>
<arg>${json_data}</arg>
<doc>Logs the given message with the given level.</doc>
<status status="PASS" start="2024-05-19T22:15:43.381311" elapsed="0.000211"/>
</kw>
<kw name="Dictionary Should Contain Key" owner="Collections">
<msg time="2024-05-19T22:15:43.382032" level="INFO">False</msg>
<arg>${json_data}</arg>
<arg>results</arg>
<doc>Fails if ``key`` is not found from ``dictionary``.</doc>
<status status="PASS" start="2024-05-19T22:15:43.381867" elapsed="0.000203"/>
</kw>
<kw name="Should Not Be Empty" owner="BuiltIn">
<msg time="2024-05-19T22:15:43.382509" level="INFO">Length is 2.</msg>
<arg>${json_data}</arg>
<doc>Verifies that the given item is not empty.</doc>
<status status="PASS" start="2024-05-19T22:15:43.382371" elapsed="0.000341"/>
</kw>
<kw name="Create List" owner="BuiltIn">
<msg time="2024-05-19T22:15:43.383173" level="INFO">${expected_keys} = ['gender', 'name', 'location', 'email', 'login']</msg>
<var>${expected_keys}</var>
<arg>gender</arg>
<arg>name</arg>
<arg>location</arg>
<arg>email</arg>
<arg>login</arg>
<doc>Returns a list containing given items.</doc>
<status status="PASS" start="2024-05-19T22:15:43.383015" elapsed="0.000182"/>
</kw>
<for flavor="IN">
<iter>
<kw name="Dictionary Should Contain Key" owner="Collections">
<msg time="2024-05-19T22:15:43.384194" level="INFO">False</msg>
<arg>${json_data['results'][0]}</arg>
<arg>${key}</arg>
<doc>Fails if ``key`` is not found from ``dictionary``.</doc>
<status status="PASS" start="2024-05-19T22:15:43.383786" elapsed="0.000447"/>
</kw>
<kw name="Log" owner="BuiltIn">
<msg time="2024-05-19T22:15:43.384902" level="INFO">{'gender': 'female', 'name': {'title': 'Miss', 'first': 'Audrey', 'last': 'Perkins'}, 'location': {'street': {'number': 1397, 'name': 'Lakeshore Rd'}, 'city': 'Oklahoma City', 'state': 'Colorado', 'country': 'United States', 'postcode': 37299, 'coordinates': {'latitude': '85.4735', 'longitude': '51.7289'}, 'timezone': {'offset': '-9:00', 'description': 'Alaska'}}, 'email': 'audrey.perkins@example.com', 'login': {'uuid': '1b3126a1-40b5-4721-a3b9-a4fe54698c47', 'username': 'organicmouse349', 'password': 'qweasd', 'salt': 'dUuClgOn', 'md5': '753e54cce10c1909159a38b882c7cc34', 'sha1': '3d5f850cb2516ec02302fc776f82d7bd6dbccebb', 'sha256': '3ff7daf2dd783dbd7389af573f99c672f84db25928aa88ead41055d19b3fda15'}, 'dob': {'date': '1998-08-27T22:54:37.796Z', 'age': 25}, 'registered': {'date': '2020-09-01T04:14:32.961Z', 'age': 3}, 'phone': '(445) 672-4721', 'cell': '(443) 495-6654', 'id': {'name': 'SSN', 'value': '178-83-0635'}, 'picture': {'large': 'https://randomuser.me/api/portraits/women/35.jpg', 'medium': 'https://randomuser.me/api/portraits/med/women/35.jpg', 'thumbnail': 'https://randomuser.me/api/portraits/thumb/women/35.jpg'}, 'nat': 'US'}</msg>
<arg>${json_data['results'][0]}</arg>
<doc>Logs the given message with the given level.</doc>
<status status="PASS" start="2024-05-19T22:15:43.384535" elapsed="0.000417"/>
</kw>
<kw name="Log" owner="BuiltIn">
<msg time="2024-05-19T22:15:43.385386" level="INFO">gender</msg>
<arg>${key}</arg>
<doc>Logs the given message with the given level.</doc>
<status status="PASS" start="2024-05-19T22:15:43.385255" elapsed="0.000169"/>
</kw>
<var name="${key}">gender</var>
<status status="PASS" start="2024-05-19T22:15:43.383658" elapsed="0.002014"/>
</iter>
<iter>
<kw name="Dictionary Should Contain Key" owner="Collections">
<msg time="2024-05-19T22:15:43.386382" level="INFO">False</msg>
<arg>${json_data['results'][0]}</arg>
<arg>${key}</arg>
<doc>Fails if ``key`` is not found from ``dictionary``.</doc>
<status status="PASS" start="2024-05-19T22:15:43.385992" elapsed="0.000428"/>
</kw>
<kw name="Log" owner="BuiltIn">
<msg time="2024-05-19T22:15:43.387110" level="INFO">{'gender': 'female', 'name': {'title': 'Miss', 'first': 'Audrey', 'last': 'Perkins'}, 'location': {'street': {'number': 1397, 'name': 'Lakeshore Rd'}, 'city': 'Oklahoma City', 'state': 'Colorado', 'country': 'United States', 'postcode': 37299, 'coordinates': {'latitude': '85.4735', 'longitude': '51.7289'}, 'timezone': {'offset': '-9:00', 'description': 'Alaska'}}, 'email': 'audrey.perkins@example.com', 'login': {'uuid': '1b3126a1-40b5-4721-a3b9-a4fe54698c47', 'username': 'organicmouse349', 'password': 'qweasd', 'salt': 'dUuClgOn', 'md5': '753e54cce10c1909159a38b882c7cc34', 'sha1': '3d5f850cb2516ec02302fc776f82d7bd6dbccebb', 'sha256': '3ff7daf2dd783dbd7389af573f99c672f84db25928aa88ead41055d19b3fda15'}, 'dob': {'date': '1998-08-27T22:54:37.796Z', 'age': 25}, 'registered': {'date': '2020-09-01T04:14:32.961Z', 'age': 3}, 'phone': '(445) 672-4721', 'cell': '(443) 495-6654', 'id': {'name': 'SSN', 'value': '178-83-0635'}, 'picture': {'large': 'https://randomuser.me/api/portraits/women/35.jpg', 'medium': 'https://randomuser.me/api/portraits/med/women/35.jpg', 'thumbnail': 'https://randomuser.me/api/portraits/thumb/women/35.jpg'}, 'nat': 'US'}</msg>
<arg>${json_data['results'][0]}</arg>
<doc>Logs the given message with the given level.</doc>
<status status="PASS" start="2024-05-19T22:15:43.386748" elapsed="0.000411"/>
</kw>
<kw name="Log" owner="BuiltIn">
<msg time="2024-05-19T22:15:43.387586" level="INFO">name</msg>
<arg>${key}</arg>
<doc>Logs the given message with the given level.</doc>
<status status="PASS" start="2024-05-19T22:15:43.387458" elapsed="0.000166"/>
</kw>
<var name="${key}">name</var>
<status status="PASS" start="2024-05-19T22:15:43.385871" elapsed="0.001967"/>
</iter>
<iter>
<kw name="Dictionary Should Contain Key" owner="Collections">
<msg time="2024-05-19T22:15:43.388514" level="INFO">False</msg>
<arg>${json_data['results'][0]}</arg>
<arg>${key}</arg>
<doc>Fails if ``key`` is not found from ``dictionary``.</doc>
<status status="PASS" start="2024-05-19T22:15:43.388132" elapsed="0.000419"/>
</kw>
<kw name="Log" owner="BuiltIn">
<msg time="2024-05-19T22:15:43.389216" level="INFO">{'gender': 'female', 'name': {'title': 'Miss', 'first': 'Audrey', 'last': 'Perkins'}, 'location': {'street': {'number': 1397, 'name': 'Lakeshore Rd'}, 'city': 'Oklahoma City', 'state': 'Colorado', 'country': 'United States', 'postcode': 37299, 'coordinates': {'latitude': '85.4735', 'longitude': '51.7289'}, 'timezone': {'offset': '-9:00', 'description': 'Alaska'}}, 'email': 'audrey.perkins@example.com', 'login': {'uuid': '1b3126a1-40b5-4721-a3b9-a4fe54698c47', 'username': 'organicmouse349', 'password': 'qweasd', 'salt': 'dUuClgOn', 'md5': '753e54cce10c1909159a38b882c7cc34', 'sha1': '3d5f850cb2516ec02302fc776f82d7bd6dbccebb', 'sha256': '3ff7daf2dd783dbd7389af573f99c672f84db25928aa88ead41055d19b3fda15'}, 'dob': {'date': '1998-08-27T22:54:37.796Z', 'age': 25}, 'registered': {'date': '2020-09-01T04:14:32.961Z', 'age': 3}, 'phone': '(445) 672-4721', 'cell': '(443) 495-6654', 'id': {'name': 'SSN', 'value': '178-83-0635'}, 'picture': {'large': 'https://randomuser.me/api/portraits/women/35.jpg', 'medium': 'https://randomuser.me/api/portraits/med/women/35.jpg', 'thumbnail': 'https://randomuser.me/api/portraits/thumb/women/35.jpg'}, 'nat': 'US'}</msg>
<arg>${json_data['results'][0]}</arg>
<doc>Logs the given message with the given level.</doc>
<status status="PASS" start="2024-05-19T22:15:43.388854" elapsed="0.000411"/>
</kw>
<kw name="Log" owner="BuiltIn">
<msg time="2024-05-19T22:15:43.389716" level="INFO">location</msg>
<arg>${key}</arg>
<doc>Logs the given message with the given level.</doc>
<status status="PASS" start="2024-05-19T22:15:43.389559" elapsed="0.000196"/>
</kw>
<var name="${key}">location</var>
<status status="PASS" start="2024-05-19T22:15:43.388017" elapsed="0.001969"/>
</iter>
<iter>
<kw name="Dictionary Should Contain Key" owner="Collections">
<msg time="2024-05-19T22:15:43.390682" level="INFO">False</msg>
<arg>${json_data['results'][0]}</arg>
<arg>${key}</arg>
<doc>Fails if ``key`` is not found from ``dictionary``.</doc>
<status status="PASS" start="2024-05-19T22:15:43.390282" elapsed="0.000438"/>
</kw>
<kw name="Log" owner="BuiltIn">
<msg time="2024-05-19T22:15:43.391375" level="INFO">{'gender': 'female', 'name': {'title': 'Miss', 'first': 'Audrey', 'last': 'Perkins'}, 'location': {'street': {'number': 1397, 'name': 'Lakeshore Rd'}, 'city': 'Oklahoma City', 'state': 'Colorado', 'country': 'United States', 'postcode': 37299, 'coordinates': {'latitude': '85.4735', 'longitude': '51.7289'}, 'timezone': {'offset': '-9:00', 'description': 'Alaska'}}, 'email': 'audrey.perkins@example.com', 'login': {'uuid': '1b3126a1-40b5-4721-a3b9-a4fe54698c47', 'username': 'organicmouse349', 'password': 'qweasd', 'salt': 'dUuClgOn', 'md5': '753e54cce10c1909159a38b882c7cc34', 'sha1': '3d5f850cb2516ec02302fc776f82d7bd6dbccebb', 'sha256': '3ff7daf2dd783dbd7389af573f99c672f84db25928aa88ead41055d19b3fda15'}, 'dob': {'date': '1998-08-27T22:54:37.796Z', 'age': 25}, 'registered': {'date': '2020-09-01T04:14:32.961Z', 'age': 3}, 'phone': '(445) 672-4721', 'cell': '(443) 495-6654', 'id': {'name': 'SSN', 'value': '178-83-0635'}, 'picture': {'large': 'https://randomuser.me/api/portraits/women/35.jpg', 'medium': 'https://randomuser.me/api/portraits/med/women/35.jpg', 'thumbnail': 'https://randomuser.me/api/portraits/thumb/women/35.jpg'}, 'nat': 'US'}</msg>
<arg>${json_data['results'][0]}</arg>
<doc>Logs the given message with the given level.</doc>
<status status="PASS" start="2024-05-19T22:15:43.391019" elapsed="0.000407"/>
</kw>
<kw name="Log" owner="BuiltIn">
<msg time="2024-05-19T22:15:43.391852" level="INFO">email</msg>
<arg>${key}</arg>
<doc>Logs the given message with the given level.</doc>
<status status="PASS" start="2024-05-19T22:15:43.391724" elapsed="0.000165"/>
</kw>
<var name="${key}">email</var>
<status status="PASS" start="2024-05-19T22:15:43.390164" elapsed="0.001939"/>
</iter>
<iter>
<kw name="Dictionary Should Contain Key" owner="Collections">
<msg time="2024-05-19T22:15:43.392782" level="INFO">False</msg>
<arg>${json_data['results'][0]}</arg>
<arg>${key}</arg>
<doc>Fails if ``key`` is not found from ``dictionary``.</doc>
<status status="PASS" start="2024-05-19T22:15:43.392392" elapsed="0.000427"/>
</kw>
<kw name="Log" owner="BuiltIn">
<msg time="2024-05-19T22:15:43.393483" level="INFO">{'gender': 'female', 'name': {'title': 'Miss', 'first': 'Audrey', 'last': 'Perkins'}, 'location': {'street': {'number': 1397, 'name': 'Lakeshore Rd'}, 'city': 'Oklahoma City', 'state': 'Colorado', 'country': 'United States', 'postcode': 37299, 'coordinates': {'latitude': '85.4735', 'longitude': '51.7289'}, 'timezone': {'offset': '-9:00', 'description': 'Alaska'}}, 'email': 'audrey.perkins@example.com', 'login': {'uuid': '1b3126a1-40b5-4721-a3b9-a4fe54698c47', 'username': 'organicmouse349', 'password': 'qweasd', 'salt': 'dUuClgOn', 'md5': '753e54cce10c1909159a38b882c7cc34', 'sha1': '3d5f850cb2516ec02302fc776f82d7bd6dbccebb', 'sha256': '3ff7daf2dd783dbd7389af573f99c672f84db25928aa88ead41055d19b3fda15'}, 'dob': {'date': '1998-08-27T22:54:37.796Z', 'age': 25}, 'registered': {'date': '2020-09-01T04:14:32.961Z', 'age': 3}, 'phone': '(445) 672-4721', 'cell': '(443) 495-6654', 'id': {'name': 'SSN', 'value': '178-83-0635'}, 'picture': {'large': 'https://randomuser.me/api/portraits/women/35.jpg', 'medium': 'https://randomuser.me/api/portraits/med/women/35.jpg', 'thumbnail': 'https://randomuser.me/api/portraits/thumb/women/35.jpg'}, 'nat': 'US'}</msg>
<arg>${json_data['results'][0]}</arg>
<doc>Logs the given message with the given level.</doc>
<status status="PASS" start="2024-05-19T22:15:43.393116" elapsed="0.000415"/>
</kw>
<kw name="Log" owner="BuiltIn">
<msg time="2024-05-19T22:15:43.393998" level="INFO">login</msg>
<arg>${key}</arg>
<doc>Logs the given message with the given level.</doc>
<status status="PASS" start="2024-05-19T22:15:43.393870" elapsed="0.000166"/>
</kw>
<var name="${key}">login</var>
<status status="PASS" start="2024-05-19T22:15:43.392279" elapsed="0.002001"/>
</iter>
<var>${key}</var>
<value>@{expected_keys}</value>
<status status="PASS" start="2024-05-19T22:15:43.383460" elapsed="0.010948"/>
</for>
<kw name="Create List" owner="BuiltIn">
<msg time="2024-05-19T22:15:43.394745" level="INFO">${expected_keysTwo} = ['username', 'password']</msg>
<var>${expected_keysTwo}</var>
<arg>username</arg>
<arg>password</arg>
<doc>Returns a list containing given items.</doc>
<status status="PASS" start="2024-05-19T22:15:43.394607" elapsed="0.000162"/>
</kw>
<for flavor="IN">
<iter>
<kw name="Dictionary Should Contain Key" owner="Collections">
<msg time="2024-05-19T22:15:43.395668" level="INFO">False</msg>
<arg>${json_data['results'][0]['login']}</arg>
<arg>${keyTwo}</arg>
<doc>Fails if ``key`` is not found from ``dictionary``.</doc>
<status status="PASS" start="2024-05-19T22:15:43.395280" elapsed="0.000426"/>
</kw>
<kw name="Dictionary Should Contain Key" owner="Collections">
<msg time="2024-05-19T22:15:43.396379" level="INFO">False</msg>
<arg>${json_data['results'][0]['login']}</arg>
<arg>${keyTwo}</arg>
<doc>Fails if ``key`` is not found from ``dictionary``.</doc>
<status status="PASS" start="2024-05-19T22:15:43.396002" elapsed="0.000415"/>
</kw>
<kw name="Log" owner="BuiltIn">
<msg time="2024-05-19T22:15:43.396840" level="INFO">username</msg>
<arg>${keyTwo}</arg>
<doc>Logs the given message with the given level.</doc>
<status status="PASS" start="2024-05-19T22:15:43.396711" elapsed="0.000171"/>
</kw>
<var name="${keyTwo}">username</var>
<status status="PASS" start="2024-05-19T22:15:43.395167" elapsed="0.001930"/>
</iter>
<iter>
<kw name="Dictionary Should Contain Key" owner="Collections">
<msg time="2024-05-19T22:15:43.397877" level="INFO">False</msg>
<arg>${json_data['results'][0]['login']}</arg>
<arg>${keyTwo}</arg>
<doc>Fails if ``key`` is not found from ``dictionary``.</doc>
<status status="PASS" start="2024-05-19T22:15:43.397385" elapsed="0.000533"/>
</kw>
<kw name="Dictionary Should Contain Key" owner="Collections">
<msg time="2024-05-19T22:15:43.398597" level="INFO">False</msg>
<arg>${json_data['results'][0]['login']}</arg>
<arg>${keyTwo}</arg>
<doc>Fails if ``key`` is not found from ``dictionary``.</doc>
<status status="PASS" start="2024-05-19T22:15:43.398218" elapsed="0.000416"/>
</kw>
<kw name="Log" owner="BuiltIn">
<msg time="2024-05-19T22:15:43.399062" level="INFO">password</msg>
<arg>${keyTwo}</arg>
<doc>Logs the given message with the given level.</doc>
<status status="PASS" start="2024-05-19T22:15:43.398934" elapsed="0.000166"/>
</kw>
<var name="${keyTwo}">password</var>
<status status="PASS" start="2024-05-19T22:15:43.397270" elapsed="0.002045"/>
</iter>
<var>${keyTwo}</var>
<value>@{expected_keysTwo}</value>
<status status="PASS" start="2024-05-19T22:15:43.395010" elapsed="0.004426"/>
</for>
<status status="PASS" start="2024-05-19T22:15:43.287828" elapsed="0.111748"/>
</kw>
<doc>Testa a estrutura da resposta da API.</doc>
<tag>testeEstruturaResposta</tag>
<status status="PASS" start="2024-05-19T22:15:43.287304" elapsed="0.112434"/>
</test>
<test id="s1-s1-t4" name="Validar tipos de dados" line="28">
<kw name="Teste de Tipos de Dados" owner="random-user-service">
<kw name="GET On Session" owner="RequestsLibrary">
<msg time="2024-05-19T22:15:43.465411" level="INFO">GET Request : url=https://randomuser.me/api 
 path_url=/api 
 headers={'User-Agent': 'python-requests/2.31.0', 'Accept-Encoding': 'gzip, deflate', 'Accept': '*/*', 'Connection': 'keep-alive'} 
 body=None 
 </msg>
<msg time="2024-05-19T22:15:43.465505" level="INFO">GET Response : url=https://randomuser.me/api 
 status=200, reason=OK 
 headers={'Date': 'Sun, 19 May 2024 22:15:43 GMT', 'Content-Type': 'application/json; charset=utf-8', 'Transfer-Encoding': 'chunked', 'Connection': 'keep-alive', 'X-Powered-By': 'Express', 'Access-Control-Allow-Origin': '*', 'Cache-Control': 'no-cache', 'ETag': 'W/"49d-HTaRVrl5050agOlEJ/qBQD0Cx6A"', 'Vary': 'Accept-Encoding', 'Content-Encoding': 'gzip', 'CF-Cache-Status': 'DYNAMIC', 'Report-To': '{"endpoints":[{"url":"https:\\/\\/a.nel.cloudflare.com\\/report\\/v4?s=LHE8YdJK%2B233TO7UA8X%2BDSfsOddJLpmzxKk0x3CdobFakjzwc3nb0JTEfbFbArkIiJfpIssf1WczgfwTAnjH5qmO5OyJQfZjyEh2396ISG620DD5Dn43YGK8c7ZRFtPl"}],"group":"cf-nel","max_age":604800}', 'NEL': '{"success_fraction":0,"report_to":"cf-nel","max_age":604800}', 'Server': 'cloudflare', 'CF-RAY': '886772804b253916-IAD', 'alt-svc': 'h3=":443"; ma=86400'} 
 body={"results":[{"gender":"female","name":{"title":"Mrs","first":"Marianna","last":"Zayachkivskiy"},"location":{"street":{"number":7961,"name":"Muromska"},"city":"Vilkove","state":"Hmelnicka","country":"Ukraine","postcode":93346,"coordinates":{"latitude":"74.6579","longitude":"18.6110"},"timezone":{"offset":"+5:00","description":"Ekaterinburg, Islamabad, Karachi, Tashkent"}},"email":"marianna.zayachkivskiy@example.com","login":{"uuid":"859ac92e-ed19-4e9a-83e6-f52cec48602c","username":"happywolf388","password":"think","salt":"ZhM7MOao","md5":"a337da97b8b4f4fd98e5d78210926712","sha1":"98ec775bd40f498978838527a7d5bfd1e1f796b9","sha256":"1ebace431aa2a0337fd54b29b7ade54d792dcd4c1bddc4ce6466195e0d41befb"},"dob":{"date":"1952-01-29T09:25:04.559Z","age":72},"registered":{"date":"2017-12-20T00:32:47.988Z","age":6},"phone":"(098) H54-0175","cell":"(067) W77-7435","id":{"name":"","value":null},"picture":{"large":"https://randomuser.me/api/portraits/women/90.jpg","medium":"https://randomuser.me/api/portraits/med/women/90.jpg","thumbnail":"https://randomuser.me/api/portraits/thumb/women/90.jpg"},"nat":"UA"}],"info":{"seed":"50951216cf78c2ae","results":1,"page":1,"version":"1.4"}} 
 </msg>
<msg time="2024-05-19T22:15:43.465580" level="INFO">/opt/hostedtoolcache/Python/3.12.3/x64/lib/python3.12/site-packages/urllib3/connectionpool.py:1103: InsecureRequestWarning: Unverified HTTPS request is being made to host 'randomuser.me'. Adding certificate verification is strongly advised. See: https://urllib3.readthedocs.io/en/latest/advanced-usage.html#tls-warnings
  warnings.warn(</msg>
<msg time="2024-05-19T22:15:43.465706" level="INFO">${response} = &lt;Response [200]&gt;</msg>
<var>${response}</var>
<arg>consultarAPI</arg>
<arg>/api</arg>
<doc>Sends a GET request on a previously created HTTP Session.</doc>
<status status="PASS" start="2024-05-19T22:15:43.402249" elapsed="0.063495"/>
</kw>
<kw name="Set Variable" owner="BuiltIn">
<msg time="2024-05-19T22:15:43.466688" level="INFO">${json_data} = {'results': [{'gender': 'female', 'name': {'title': 'Mrs', 'first': 'Marianna', 'last': 'Zayachkivskiy'}, 'location': {'street': {'number': 7961, 'name': 'Muromska'}, 'city': 'Vilkove', 'state': 'Hmel...</msg>
<var>${json_data}</var>
<arg>${response.json()}</arg>
<doc>Returns the given values which can then be assigned to a variables.</doc>
<status status="PASS" start="2024-05-19T22:15:43.466187" elapsed="0.000531"/>
</kw>
<kw name="Log" owner="BuiltIn">
<msg time="2024-05-19T22:15:43.467188" level="INFO">{'results': [{'gender': 'female', 'name': {'title': 'Mrs', 'first': 'Marianna', 'last': 'Zayachkivskiy'}, 'location': {'street': {'number': 7961, 'name': 'Muromska'}, 'city': 'Vilkove', 'state': 'Hmelnicka', 'country': 'Ukraine', 'postcode': 93346, 'coordinates': {'latitude': '74.6579', 'longitude': '18.6110'}, 'timezone': {'offset': '+5:00', 'description': 'Ekaterinburg, Islamabad, Karachi, Tashkent'}}, 'email': 'marianna.zayachkivskiy@example.com', 'login': {'uuid': '859ac92e-ed19-4e9a-83e6-f52cec48602c', 'username': 'happywolf388', 'password': 'think', 'salt': 'ZhM7MOao', 'md5': 'a337da97b8b4f4fd98e5d78210926712', 'sha1': '98ec775bd40f498978838527a7d5bfd1e1f796b9', 'sha256': '1ebace431aa2a0337fd54b29b7ade54d792dcd4c1bddc4ce6466195e0d41befb'}, 'dob': {'date': '1952-01-29T09:25:04.559Z', 'age': 72}, 'registered': {'date': '2017-12-20T00:32:47.988Z', 'age': 6}, 'phone': '(098) H54-0175', 'cell': '(067) W77-7435', 'id': {'name': '', 'value': None}, 'picture': {'large': 'https://randomuser.me/api/portraits/women/90.jpg', 'medium': 'https://randomuser.me/api/portraits/med/women/90.jpg', 'thumbnail': 'https://randomuser.me/api/portraits/thumb/women/90.jpg'}, 'nat': 'UA'}], 'info': {'seed': '50951216cf78c2ae', 'results': 1, 'page': 1, 'version': '1.4'}}</msg>
<arg>${json_data}</arg>
<doc>Logs the given message with the given level.</doc>
<status status="PASS" start="2024-05-19T22:15:43.467030" elapsed="0.000243"/>
</kw>
<kw name="Should Be String" owner="String">
<arg>${json_data['results'][0]['gender']}</arg>
<doc>Fails if the given ``item`` is not a string.</doc>
<status status="PASS" start="2024-05-19T22:15:43.467577" elapsed="0.000373"/>
</kw>
<kw name="Should Match Regexp" owner="BuiltIn">
<arg>${json_data['results'][0]['email']}</arg>
<arg>^[a-zA-Z0-9._%+-]+@[a-zA-Z0-9.-]+\.[a-zA-Z]{2,}$</arg>
<doc>Fails if ``string`` does not match ``pattern`` as a regular expression.</doc>
<status status="PASS" start="2024-05-19T22:15:43.468148" elapsed="0.000528"/>
</kw>
<kw name="Should Match Regexp" owner="BuiltIn">
<arg>${json_data['results'][0]['dob']['date']}</arg>
<arg>\\d{4}-\\d{2}-\\d{2}T\\d{2}:\\d{2}:\\d{2}\\.\\d{3}Z</arg>
<doc>Fails if ``string`` does not match ``pattern`` as a regular expression.</doc>
<status status="PASS" start="2024-05-19T22:15:43.468885" elapsed="0.000515"/>
</kw>
<kw name="Should Match Regexp" owner="BuiltIn">
<arg>${json_data['results'][0]['registered']['date']}</arg>
<arg>\\d{4}-\\d{2}-\\d{2}T\\d{2}:\\d{2}:\\d{2}\\.\\d{3}Z</arg>
<doc>Fails if ``string`` does not match ``pattern`` as a regular expression.</doc>
<status status="PASS" start="2024-05-19T22:15:43.469623" elapsed="0.000392"/>
</kw>
<kw name="Should Match Regexp" owner="BuiltIn">
<arg>${json_data['results'][0]['picture']['large']}</arg>
<arg>^https?://.*\.(?:png|jpe?g|gif|bmp)$</arg>
<doc>Fails if ``string`` does not match ``pattern`` as a regular expression.</doc>
<status status="PASS" start="2024-05-19T22:15:43.470211" elapsed="0.000475"/>
</kw>
<kw name="Should Match Regexp" owner="BuiltIn">
<arg>${json_data['results'][0]['picture']['medium']}</arg>
<arg>^https?://.*\.(?:png|jpe?g|gif|bmp)$</arg>
<doc>Fails if ``string`` does not match ``pattern`` as a regular expression.</doc>
<status status="PASS" start="2024-05-19T22:15:43.470880" elapsed="0.000356"/>
</kw>
<kw name="Should Match Regexp" owner="BuiltIn">
<arg>${json_data['results'][0]['picture']['thumbnail']}</arg>
<arg>^https?://.*\.(?:png|jpe?g|gif|bmp)$</arg>
<doc>Fails if ``string`` does not match ``pattern`` as a regular expression.</doc>
<status status="PASS" start="2024-05-19T22:15:43.471430" elapsed="0.000352"/>
</kw>
<kw name="Log" owner="BuiltIn">
<msg time="2024-05-19T22:15:43.472293" level="INFO">{'large': 'https://randomuser.me/api/portraits/women/90.jpg', 'medium': 'https://randomuser.me/api/portraits/med/women/90.jpg', 'thumbnail': 'https://randomuser.me/api/portraits/thumb/women/90.jpg'}</msg>
<arg>${json_data['results'][0]['picture']}</arg>
<doc>Logs the given message with the given level.</doc>
<status status="PASS" start="2024-05-19T22:15:43.471967" elapsed="0.000370"/>
</kw>
<status status="PASS" start="2024-05-19T22:15:43.402022" elapsed="0.070571"/>
</kw>
<kw name="Teste de Tipos de Dados - Postcode" owner="random-user-service">
<kw name="GET On Session" owner="RequestsLibrary">
<msg time="2024-05-19T22:15:43.556366" level="INFO">GET Request : url=https://randomuser.me/api 
 path_url=/api 
 headers={'User-Agent': 'python-requests/2.31.0', 'Accept-Encoding': 'gzip, deflate', 'Accept': '*/*', 'Connection': 'keep-alive'} 
 body=None 
 </msg>
<msg time="2024-05-19T22:15:43.556458" level="INFO">GET Response : url=https://randomuser.me/api 
 status=200, reason=OK 
 headers={'Date': 'Sun, 19 May 2024 22:15:43 GMT', 'Content-Type': 'application/json; charset=utf-8', 'Transfer-Encoding': 'chunked', 'Connection': 'keep-alive', 'X-Powered-By': 'Express', 'Access-Control-Allow-Origin': '*', 'Cache-Control': 'no-cache', 'ETag': 'W/"492-ttg6qsNEeYyFsK6KBQkNXuRZBgc"', 'Vary': 'Accept-Encoding', 'Content-Encoding': 'gzip', 'CF-Cache-Status': 'DYNAMIC', 'Report-To': '{"endpoints":[{"url":"https:\\/\\/a.nel.cloudflare.com\\/report\\/v4?s=Un12F7ZUxytto90%2F1RgGv1VnBVlFx1nZYABmodREQOLbnz8jjk13cuJ8cR9s9SNA8tGywU27MBx5dOdkCg41ijhyv5SNX%2B%2F0wGOBk9tG1gZRlJHNTLyDVTZRkY47ynUA"}],"group":"cf-nel","max_age":604800}', 'NEL': '{"success_fraction":0,"report_to":"cf-nel","max_age":604800}', 'Server': 'cloudflare', 'CF-RAY': '88677280bba53916-IAD', 'alt-svc': 'h3=":443"; ma=86400'} 
 body={"results":[{"gender":"female","name":{"title":"Mrs","first":"یاسمین","last":"رضاییان"},"location":{"street":{"number":1859,"name":"استاد قریب"},"city":"کاشان","state":"گلستان","country":"Iran","postcode":45079,"coordinates":{"latitude":"17.2712","longitude":"1.2335"},"timezone":{"offset":"-1:00","description":"Azores, Cape Verde Islands"}},"email":"ysmyn.rdyyn@example.com","login":{"uuid":"f36621de-60d4-4f0e-aadc-2efefb86aae0","username":"silverdog928","password":"sixsix","salt":"bYs7c6xN","md5":"ba524e902d0ca65965e834facb0c585f","sha1":"71f8d425fca4233ae898656dde4ba773889f2edf","sha256":"9e9f14ef83a688c26d269c91adb6331fdd56d6289815038a05416bbb6b97f0d0"},"dob":{"date":"1999-04-21T12:53:24.919Z","age":25},"registered":{"date":"2020-07-05T03:53:50.166Z","age":3},"phone":"075-46690194","cell":"0911-804-1591","id":{"name":"","value":null},"picture":{"large":"https://randomuser.me/api/portraits/women/92.jpg","medium":"https://randomuser.me/api/portraits/med/women/92.jpg","thumbnail":"https://randomuser.me/api/portraits/thumb/women/92.jpg"},"nat":"IR"}],"info":{"seed":"eaf930c9e7bf73b4","results":1,"page":1,"version":"1.4"}} 
 </msg>
<msg time="2024-05-19T22:15:43.556541" level="INFO">/opt/hostedtoolcache/Python/3.12.3/x64/lib/python3.12/site-packages/urllib3/connectionpool.py:1103: InsecureRequestWarning: Unverified HTTPS request is being made to host 'randomuser.me'. Adding certificate verification is strongly advised. See: https://urllib3.readthedocs.io/en/latest/advanced-usage.html#tls-warnings
  warnings.warn(</msg>
<msg time="2024-05-19T22:15:43.556650" level="INFO">${response} = &lt;Response [200]&gt;</msg>
<var>${response}</var>
<arg>consultarAPI</arg>
<arg>/api</arg>
<doc>Sends a GET request on a previously created HTTP Session.</doc>
<status status="PASS" start="2024-05-19T22:15:43.473048" elapsed="0.083630"/>
</kw>
<kw name="Set Variable" owner="BuiltIn">
<msg time="2024-05-19T22:15:43.557583" level="INFO">${json_data} = {'results': [{'gender': 'female', 'name': {'title': 'Mrs', 'first': 'یاسمین', 'last': 'رضاییان'}, 'location': {'street': {'number': 1859, 'name': 'استاد قریب'}, 'city': 'کاشان', 'state': 'گلستان', 'co...</msg>
<var>${json_data}</var>
<arg>${response.json()}</arg>
<doc>Returns the given values which can then be assigned to a variables.</doc>
<status status="PASS" start="2024-05-19T22:15:43.557092" elapsed="0.000554"/>
</kw>
<kw name="Log" owner="BuiltIn">
<msg time="2024-05-19T22:15:43.558138" level="INFO">{'results': [{'gender': 'female', 'name': {'title': 'Mrs', 'first': 'یاسمین', 'last': 'رضاییان'}, 'location': {'street': {'number': 1859, 'name': 'استاد قریب'}, 'city': 'کاشان', 'state': 'گلستان', 'country': 'Iran', 'postcode': 45079, 'coordinates': {'latitude': '17.2712', 'longitude': '1.2335'}, 'timezone': {'offset': '-1:00', 'description': 'Azores, Cape Verde Islands'}}, 'email': 'ysmyn.rdyyn@example.com', 'login': {'uuid': 'f36621de-60d4-4f0e-aadc-2efefb86aae0', 'username': 'silverdog928', 'password': 'sixsix', 'salt': 'bYs7c6xN', 'md5': 'ba524e902d0ca65965e834facb0c585f', 'sha1': '71f8d425fca4233ae898656dde4ba773889f2edf', 'sha256': '9e9f14ef83a688c26d269c91adb6331fdd56d6289815038a05416bbb6b97f0d0'}, 'dob': {'date': '1999-04-21T12:53:24.919Z', 'age': 25}, 'registered': {'date': '2020-07-05T03:53:50.166Z', 'age': 3}, 'phone': '075-46690194', 'cell': '0911-804-1591', 'id': {'name': '', 'value': None}, 'picture': {'large': 'https://randomuser.me/api/portraits/women/92.jpg', 'medium': 'https://randomuser.me/api/portraits/med/women/92.jpg', 'thumbnail': 'https://randomuser.me/api/portraits/thumb/women/92.jpg'}, 'nat': 'IR'}], 'info': {'seed': 'eaf930c9e7bf73b4', 'results': 1, 'page': 1, 'version': '1.4'}}</msg>
<arg>${json_data}</arg>
<doc>Logs the given message with the given level.</doc>
<status status="PASS" start="2024-05-19T22:15:43.557975" elapsed="0.000259"/>
</kw>
<kw name="Should Be Equal As Numbers" owner="BuiltIn">
<arg>${json_data['results'][0]['location']['postcode']}</arg>
<arg>${json_data['results'][0]['location']['postcode']}</arg>
<doc>Fails if objects are unequal after converting them to real numbers.</doc>
<status status="PASS" start="2024-05-19T22:15:43.558695" elapsed="0.000645"/>
</kw>
<kw name="Log" owner="BuiltIn">
<msg time="2024-05-19T22:15:43.559879" level="INFO">45079</msg>
<arg>${json_data['results'][0]['location']['postcode']}</arg>
<doc>Logs the given message with the given level.</doc>
<status status="PASS" start="2024-05-19T22:15:43.559539" elapsed="0.000390"/>
</kw>
<status status="PASS" start="2024-05-19T22:15:43.472819" elapsed="0.087397"/>
</kw>
<doc>Testa se os tipos de dados na resposta da API estão corretos.</doc>
<tag>testeTiposDados</tag>
<status status="PASS" start="2024-05-19T22:15:43.401529" elapsed="0.158856"/>
</test>
<test id="s1-s1-t5" name="Validar conteudo" line="35">
<kw name="Teste de Tipos de Conteudo" owner="random-user-service">
<kw name="GET On Session" owner="RequestsLibrary">
<msg time="2024-05-19T22:15:43.656102" level="INFO">GET Request : url=https://randomuser.me/api 
 path_url=/api 
 headers={'User-Agent': 'python-requests/2.31.0', 'Accept-Encoding': 'gzip, deflate', 'Accept': '*/*', 'Connection': 'keep-alive'} 
 body=None 
 </msg>
<msg time="2024-05-19T22:15:43.656200" level="INFO">GET Response : url=https://randomuser.me/api 
 status=200, reason=OK 
 headers={'Date': 'Sun, 19 May 2024 22:15:43 GMT', 'Content-Type': 'application/json; charset=utf-8', 'Transfer-Encoding': 'chunked', 'Connection': 'keep-alive', 'X-Powered-By': 'Express', 'Access-Control-Allow-Origin': '*', 'Cache-Control': 'no-cache', 'ETag': 'W/"48b-ZT4cBTflUfMYO58InyxeMMoGpng"', 'Vary': 'Accept-Encoding', 'Content-Encoding': 'gzip', 'CF-Cache-Status': 'DYNAMIC', 'Report-To': '{"endpoints":[{"url":"https:\\/\\/a.nel.cloudflare.com\\/report\\/v4?s=5RGOGopSrbKZcL7DT3kutQ5y3NDScVvVRoZ%2BTcskm8WEicfiixwZJjNjixJvmdGHa4qgTd8j4uj8YzsKKsdTl8CAVouZ7m9L%2FhzBPA2Bibn6JNg8IVqHTMKn8KufdAkp"}],"group":"cf-nel","max_age":604800}', 'NEL': '{"success_fraction":0,"report_to":"cf-nel","max_age":604800}', 'Server': 'cloudflare', 'CF-RAY': '886772814c733916-IAD', 'alt-svc': 'h3=":443"; ma=86400'} 
 body={"results":[{"gender":"female","name":{"title":"Miss","first":"Pinja","last":"Pollari"},"location":{"street":{"number":9058,"name":"Siilitie"},"city":"Ruokolahti","state":"Uusimaa","country":"Finland","postcode":27473,"coordinates":{"latitude":"-21.6925","longitude":"144.5294"},"timezone":{"offset":"-12:00","description":"Eniwetok, Kwajalein"}},"email":"pinja.pollari@example.com","login":{"uuid":"cb10ecbe-355c-4082-a425-78088ff4f454","username":"goldenkoala598","password":"beauty","salt":"ttVaGijq","md5":"50362c434790c004a7237f004221f0a0","sha1":"5d7191fed52bc48d7016399c52f1907b164573cc","sha256":"4c631c1eecce706f0c28256c0e69946ca71c109c8b3b94e044a1a4bb8188e9e1"},"dob":{"date":"1947-01-23T16:45:31.641Z","age":77},"registered":{"date":"2012-11-01T18:26:43.025Z","age":11},"phone":"09-929-232","cell":"045-703-46-80","id":{"name":"HETU","value":"NaNNA364undefined"},"picture":{"large":"https://randomuser.me/api/portraits/women/52.jpg","medium":"https://randomuser.me/api/portraits/med/women/52.jpg","thumbnail":"https://randomuser.me/api/portraits/thumb/women/52.jpg"},"nat":"FI"}],"info":{"seed":"d6342a45918aba49","results":1,"page":1,"version":"1.4"}} 
 </msg>
<msg time="2024-05-19T22:15:43.656279" level="INFO">/opt/hostedtoolcache/Python/3.12.3/x64/lib/python3.12/site-packages/urllib3/connectionpool.py:1103: InsecureRequestWarning: Unverified HTTPS request is being made to host 'randomuser.me'. Adding certificate verification is strongly advised. See: https://urllib3.readthedocs.io/en/latest/advanced-usage.html#tls-warnings
  warnings.warn(</msg>
<msg time="2024-05-19T22:15:43.656413" level="INFO">${response} = &lt;Response [200]&gt;</msg>
<var>${response}</var>
<arg>consultarAPI</arg>
<arg>/api</arg>
<doc>Sends a GET request on a previously created HTTP Session.</doc>
<status status="PASS" start="2024-05-19T22:15:43.563286" elapsed="0.093179"/>
</kw>
<kw name="Set Variable" owner="BuiltIn">
<msg time="2024-05-19T22:15:43.657529" level="INFO">${json_data} = {'results': [{'gender': 'female', 'name': {'title': 'Miss', 'first': 'Pinja', 'last': 'Pollari'}, 'location': {'street': {'number': 9058, 'name': 'Siilitie'}, 'city': 'Ruokolahti', 'state': 'Uusimaa',...</msg>
<var>${json_data}</var>
<arg>${response.json()}</arg>
<doc>Returns the given values which can then be assigned to a variables.</doc>
<status status="PASS" start="2024-05-19T22:15:43.657026" elapsed="0.000532"/>
</kw>
<kw name="Set Variable" owner="BuiltIn">
<msg time="2024-05-19T22:15:43.658308" level="INFO">${name_title} = Miss</msg>
<var>${name_title}</var>
<arg>${json_data["results"][0]["name"]["title"]}</arg>
<doc>Returns the given values which can then be assigned to a variables.</doc>
<status status="PASS" start="2024-05-19T22:15:43.657912" elapsed="0.000422"/>
</kw>
<kw name="Create List" owner="BuiltIn">
<msg time="2024-05-19T22:15:43.658796" level="INFO">${allowed_titles} = ['Mr', 'Ms', 'Miss', 'Mrs', 'Madame', 'Monsieur']</msg>
<var>${allowed_titles}</var>
<arg>Mr</arg>
<arg>Ms</arg>
<arg>Miss</arg>
<arg>Mrs</arg>
<arg>Madame</arg>
<arg>Monsieur</arg>
<doc>Returns a list containing given items.</doc>
<status status="PASS" start="2024-05-19T22:15:43.658643" elapsed="0.000178"/>
</kw>
<kw name="List Should Contain Value" owner="Collections">
<msg time="2024-05-19T22:15:43.659307" level="INFO">False</msg>
<arg>${allowed_titles}</arg>
<arg>${name_title}</arg>
<doc>Fails if the ``value`` is not found from ``list``.</doc>
<status status="PASS" start="2024-05-19T22:15:43.659130" elapsed="0.000215"/>
</kw>
<kw name="Set Variable" owner="BuiltIn">
<msg time="2024-05-19T22:15:43.660030" level="INFO">${name_country} = FI</msg>
<var>${name_country}</var>
<arg>${json_data["results"][0]["nat"]}</arg>
<doc>Returns the given values which can then be assigned to a variables.</doc>
<status status="PASS" start="2024-05-19T22:15:43.659647" elapsed="0.000409"/>
</kw>
<kw name="Create List" owner="BuiltIn">
<msg time="2024-05-19T22:15:43.660956" level="INFO">${list_country} = ['AD', 'AE', 'AF', 'AG', 'AI', 'AL', 'AM', 'AO', 'AQ', 'AR', 'AS', 'AT', 'AU', 'AW', 'AX', 'AZ', 'BA', 'BB', 'BD', 'BE', 'BF', 'BG', 'BH', 'BI', 'BJ', 'BL', 'BM', 'BN', 'BO', 'BQ', 'BR', 'BS', 'BT', '...</msg>
<var>${list_country}</var>
<arg>AD</arg>
<arg>AE</arg>
<arg>AF</arg>
<arg>AG</arg>
<arg>AI</arg>
<arg>AL</arg>
<arg>AM</arg>
<arg>AO</arg>
<arg>AQ</arg>
<arg>AR</arg>
<arg>AS</arg>
<arg>AT</arg>
<arg>AU</arg>
<arg>AW</arg>
<arg>AX</arg>
<arg>AZ</arg>
<arg>BA</arg>
<arg>BB</arg>
<arg>BD</arg>
<arg>BE</arg>
<arg>BF</arg>
<arg>BG</arg>
<arg>BH</arg>
<arg>BI</arg>
<arg>BJ</arg>
<arg>BL</arg>
<arg>BM</arg>
<arg>BN</arg>
<arg>BO</arg>
<arg>BQ</arg>
<arg>BR</arg>
<arg>BS</arg>
<arg>BT</arg>
<arg>BV</arg>
<arg>BW</arg>
<arg>BY</arg>
<arg>BZ</arg>
<arg>CA</arg>
<arg>CC</arg>
<arg>CD</arg>
<arg>CF</arg>
<arg>CG</arg>
<arg>CH</arg>
<arg>CI</arg>
<arg>CK</arg>
<arg>CL</arg>
<arg>CM</arg>
<arg>CN</arg>
<arg>CO</arg>
<arg>CR</arg>
<arg>CU</arg>
<arg>CV</arg>
<arg>CW</arg>
<arg>CX</arg>
<arg>CY</arg>
<arg>CZ</arg>
<arg>DE</arg>
<arg>DJ</arg>
<arg>DK</arg>
<arg>DM</arg>
<arg>DO</arg>
<arg>DZ</arg>
<arg>EC</arg>
<arg>EE</arg>
<arg>EG</arg>
<arg>EH</arg>
<arg>ER</arg>
<arg>ES</arg>
<arg>ET</arg>
<arg>FI</arg>
<arg>FJ</arg>
<arg>FK</arg>
<arg>FM</arg>
<arg>FO</arg>
<arg>FR</arg>
<arg>GA</arg>
<arg>GB</arg>
<arg>GD</arg>
<arg>GE</arg>
<arg>GF</arg>
<arg>GG</arg>
<arg>GH</arg>
<arg>GI</arg>
<arg>GL</arg>
<arg>GM</arg>
<arg>GN</arg>
<arg>GP</arg>
<arg>GQ</arg>
<arg>GR</arg>
<arg>GS</arg>
<arg>GT</arg>
<arg>GU</arg>
<arg>GW</arg>
<arg>GY</arg>
<arg>HK</arg>
<arg>HM</arg>
<arg>HN</arg>
<arg>HR</arg>
<arg>HT</arg>
<arg>HU</arg>
<arg>ID</arg>
<arg>IE</arg>
<arg>IL</arg>
<arg>IM</arg>
<arg>IN</arg>
<arg>IO</arg>
<arg>IQ</arg>
<arg>IR</arg>
<arg>IS</arg>
<arg>IT</arg>
<arg>JE</arg>
<arg>JM</arg>
<arg>JO</arg>
<arg>JP</arg>
<arg>KE</arg>
<arg>KG</arg>
<arg>KH</arg>
<arg>KI</arg>
<arg>KM</arg>
<arg>KN</arg>
<arg>KP</arg>
<arg>KR</arg>
<arg>KW</arg>
<arg>KY</arg>
<arg>KZ</arg>
<arg>LA</arg>
<arg>LB</arg>
<arg>LC</arg>
<arg>LI</arg>
<arg>LK</arg>
<arg>LR</arg>
<arg>LS</arg>
<arg>LT</arg>
<arg>LU</arg>
<arg>LV</arg>
<arg>LY</arg>
<arg>MA</arg>
<arg>MC</arg>
<arg>MD</arg>
<arg>ME</arg>
<arg>MF</arg>
<arg>MG</arg>
<arg>MH</arg>
<arg>MK</arg>
<arg>ML</arg>
<arg>MM</arg>
<arg>MN</arg>
<arg>MO</arg>
<arg>MP</arg>
<arg>MQ</arg>
<arg>MR</arg>
<arg>MS</arg>
<arg>MT</arg>
<arg>MU</arg>
<arg>MV</arg>
<arg>MW</arg>
<arg>MX</arg>
<arg>MY</arg>
<arg>MZ</arg>
<arg>NA</arg>
<arg>NC</arg>
<arg>NE</arg>
<arg>NF</arg>
<arg>NG</arg>
<arg>NI</arg>
<arg>NL</arg>
<arg>NO</arg>
<arg>NP</arg>
<arg>NR</arg>
<arg>NU</arg>
<arg>NZ</arg>
<arg>OM</arg>
<arg>PA</arg>
<arg>PE</arg>
<arg>PF</arg>
<arg>PG</arg>
<arg>PH</arg>
<arg>PK</arg>
<arg>PL</arg>
<arg>PM</arg>
<arg>PN</arg>
<arg>PR</arg>
<arg>PS</arg>
<arg>PT</arg>
<arg>PW</arg>
<arg>PY</arg>
<arg>QA</arg>
<arg>RE</arg>
<arg>RO</arg>
<arg>RS</arg>
<arg>RU</arg>
<arg>RW</arg>
<arg>SA</arg>
<arg>SB</arg>
<arg>SC</arg>
<arg>SD</arg>
<arg>SE</arg>
<arg>SG</arg>
<arg>SH</arg>
<arg>SI</arg>
<arg>SJ</arg>
<arg>SK</arg>
<arg>SL</arg>
<arg>SM</arg>
<arg>SN</arg>
<arg>SO</arg>
<arg>SR</arg>
<arg>SS</arg>
<arg>ST</arg>
<arg>SV</arg>
<arg>SX</arg>
<arg>SY</arg>
<arg>SZ</arg>
<arg>TC</arg>
<arg>TD</arg>
<arg>TF</arg>
<arg>TG</arg>
<arg>TH</arg>
<arg>TJ</arg>
<arg>TK</arg>
<arg>TL</arg>
<arg>TM</arg>
<arg>TN</arg>
<arg>TO</arg>
<arg>TR</arg>
<arg>TT</arg>
<arg>TV</arg>
<arg>TW</arg>
<arg>TZ</arg>
<arg>UA</arg>
<arg>UG</arg>
<arg>UM</arg>
<arg>US</arg>
<arg>UY</arg>
<arg>UZ</arg>
<arg>VA</arg>
<arg>VC</arg>
<arg>VE</arg>
<arg>VG</arg>
<arg>VI</arg>
<arg>VN</arg>
<arg>VU</arg>
<arg>WF</arg>
<arg>WS</arg>
<arg>XK</arg>
<arg>YE</arg>
<arg>YT</arg>
<arg>ZA</arg>
<arg>ZM</arg>
<arg>ZW</arg>
<doc>Returns a list containing given items.</doc>
<status status="PASS" start="2024-05-19T22:15:43.660362" elapsed="0.000620"/>
</kw>
<kw name="List Should Contain Value" owner="Collections">
<msg time="2024-05-19T22:15:43.661993" level="INFO">False</msg>
<arg>${list_country}</arg>
<arg>${name_country}</arg>
<doc>Fails if the ``value`` is not found from ``list``.</doc>
<status status="PASS" start="2024-05-19T22:15:43.661790" elapsed="0.000240"/>
</kw>
<kw name="Run Keyword If" owner="BuiltIn">
<kw name="Should Be True" owner="BuiltIn">
<arg>${True}</arg>
<doc>Fails if the given condition is not true.</doc>
<status status="PASS" start="2024-05-19T22:15:43.663119" elapsed="0.000257"/>
</kw>
<arg>${json_data["results"][0]["location"]["coordinates"]["latitude"]} &gt;= -90 and ${json_data["results"][0]["location"]["coordinates"]["latitude"]} &lt;= 90</arg>
<arg>Should Be True</arg>
<arg>${True}</arg>
<doc>Runs the given keyword with the given arguments, if ``condition`` is true.</doc>
<status status="PASS" start="2024-05-19T22:15:43.662358" elapsed="0.001155"/>
</kw>
<kw name="Run Keyword If" owner="BuiltIn">
<kw name="Should Be True" owner="BuiltIn">
<arg>${True}</arg>
<doc>Fails if the given condition is not true.</doc>
<status status="PASS" start="2024-05-19T22:15:43.664413" elapsed="0.000142"/>
</kw>
<arg>${json_data["results"][0]["location"]["coordinates"]["longitude"]} &gt;= -180 and ${json_data["results"][0]["location"]["coordinates"]["longitude"]} &lt;= 180</arg>
<arg>Should Be True</arg>
<arg>${True}</arg>
<doc>Runs the given keyword with the given arguments, if ``condition`` is true.</doc>
<status status="PASS" start="2024-05-19T22:15:43.663702" elapsed="0.000979"/>
</kw>
<status status="PASS" start="2024-05-19T22:15:43.562910" elapsed="0.101904"/>
</kw>
<doc>Testa o conteúdo específico dos campos retornados pela API.</doc>
<tag>testeConteudo</tag>
<status status="PASS" start="2024-05-19T22:15:43.562222" elapsed="0.102742"/>
</test>
<status status="PASS" start="2024-05-19T22:15:42.834554" elapsed="0.832407"/>
</suite>
<status status="PASS" start="2024-05-19T22:15:42.820961" elapsed="0.851198"/>
</suite>
<statistics>
<total>
<stat pass="5" fail="0" skip="0">All Tests</stat>
</total>
<tag>
<stat pass="1" fail="0" skip="0">testeConteudo</stat>
<stat pass="1" fail="0" skip="0">testeEstruturaResposta</stat>
<stat pass="1" fail="0" skip="0">testeRequisicaoBasica</stat>
<stat pass="1" fail="0" skip="0">testeTiposDados</stat>
</tag>
<suite>
<stat pass="5" fail="0" skip="0" id="s1" name="Tests">Tests</stat>
<stat pass="5" fail="0" skip="0" id="s1-s1" name="Random-User-Test">Tests.Random-User-Test</stat>
</suite>
</statistics>
<errors>
</errors>
</robot>
