<?xml version="1.0" encoding="UTF-8"?>
<robot generator="Robot 7.0.1 (Python 3.12.4 on linux)" generated="2024-07-30T02:33:48.472831" rpa="false" schemaversion="5">
<suite id="s1" name="Tests" source="/home/runner/work/ApiRandomUser/ApiRandomUser/RamdonUser/tests">
<suite id="s1-s1" name="Random-User-Test" source="/home/runner/work/ApiRandomUser/ApiRandomUser/RamdonUser/tests/random-user-test.robot">
<test id="s1-s1-t1" name="Conectar" line="13">
<kw name="Conectar API" owner="random-user-service">
<kw name="Create Session" owner="RequestsLibrary">
<msg time="2024-07-30T02:33:48.928420" level="INFO">Creating Session using : alias=consultarAPI, url=https://randomuser.me/, headers={},                     cookies={}, auth=None, timeout=None, proxies=None, verify=False,                     debug=0 </msg>
<arg>consultarAPI</arg>
<arg>${URL}</arg>
<doc>Create Session: create a HTTP session to a server</doc>
<status status="PASS" start="2024-07-30T02:33:48.928207" elapsed="0.000408"/>
</kw>
<status status="PASS" start="2024-07-30T02:33:48.927104" elapsed="0.001886"/>
</kw>
<status status="PASS" start="2024-07-30T02:33:48.926458" elapsed="0.002732"/>
</test>
<test id="s1-s1-t2" name="Validar retorno 200 e JSON Válido" line="16">
<kw name="Teste de Requisicao Basica" owner="random-user-service">
<kw name="GET On Session" owner="RequestsLibrary">
<msg time="2024-07-30T02:33:48.996442" level="INFO">GET Request : url=https://randomuser.me/api 
 path_url=/api 
 headers={'User-Agent': 'python-requests/2.32.3', 'Accept-Encoding': 'gzip, deflate', 'Accept': '*/*', 'Connection': 'keep-alive'} 
 body=None 
 </msg>
<msg time="2024-07-30T02:33:48.996595" level="INFO">GET Response : url=https://randomuser.me/api 
 status=200, reason=OK 
 headers={'Date': 'Tue, 30 Jul 2024 02:33:48 GMT', 'Content-Type': 'application/json; charset=utf-8', 'Transfer-Encoding': 'chunked', 'Connection': 'keep-alive', 'X-Powered-By': 'Express', 'Access-Control-Allow-Origin': '*', 'Cache-Control': 'no-cache', 'ETag': 'W/"48b-8nS6J99KUWgNTN8klnfovAMSIRo"', 'Vary': 'Accept-Encoding', 'Content-Encoding': 'gzip', 'CF-Cache-Status': 'DYNAMIC', 'Report-To': '{"endpoints":[{"url":"https:\\/\\/a.nel.cloudflare.com\\/report\\/v4?s=Mp6LPZH4pB4LKq3H6ct%2FeVb2m5JbbL8qz29UlCUigUavMoo1WiDuAS4JZhJAqB2BcvG7ykCcn2I%2FKa2QBFttw7ErlzcTHqETEqu427QILOWKCbd08D0fmWzoX6x2MZWs"}],"group":"cf-nel","max_age":604800}', 'NEL': '{"success_fraction":0,"report_to":"cf-nel","max_age":604800}', 'Server': 'cloudflare', 'CF-RAY': '8ab1f230eb391733-IAD', 'alt-svc': 'h3=":443"; ma=86400'} 
 body={"results":[{"gender":"female","name":{"title":"Miss","first":"Anaëlle","last":"Laurent"},"location":{"street":{"number":2872,"name":"Avenue Paul Eluard"},"city":"Nancy","state":"Val-de-Marne","country":"France","postcode":30957,"coordinates":{"latitude":"-19.9917","longitude":"73.0459"},"timezone":{"offset":"-9:00","description":"Alaska"}},"email":"anaelle.laurent@example.com","login":{"uuid":"1732418e-3f1b-44c7-bb97-9b8a7d197585","username":"lazylion764","password":"marley","salt":"9hRrVCDQ","md5":"ed5950386e1b85e7d85a76f8f469dfbe","sha1":"6289629933c5fe70034fdd43c5739e671d2e2fd0","sha256":"1edf183d3dbc8453b3cf6393446dcd6f7df16455abd7fe9a9e66864cdaf26c7c"},"dob":{"date":"1975-08-15T08:58:44.188Z","age":48},"registered":{"date":"2015-04-27T15:34:05.485Z","age":9},"phone":"05-15-43-53-14","cell":"06-62-29-37-28","id":{"name":"INSEE","value":"2750717415911 74"},"picture":{"large":"https://randomuser.me/api/portraits/women/43.jpg","medium":"https://randomuser.me/api/portraits/med/women/43.jpg","thumbnail":"https://randomuser.me/api/portraits/thumb/women/43.jpg"},"nat":"FR"}],"info":{"seed":"2fc3ea255ae18aee","results":1,"page":1,"version":"1.4"}} 
 </msg>
<msg time="2024-07-30T02:33:48.996679" level="INFO">/opt/hostedtoolcache/Python/3.12.4/x64/lib/python3.12/site-packages/urllib3/connectionpool.py:1099: InsecureRequestWarning: Unverified HTTPS request is being made to host 'randomuser.me'. Adding certificate verification is strongly advised. See: https://urllib3.readthedocs.io/en/latest/advanced-usage.html#tls-warnings
  warnings.warn(</msg>
<msg time="2024-07-30T02:33:48.996844" level="INFO">${response} = &lt;Response [200]&gt;</msg>
<var>${response}</var>
<arg>consultarAPI</arg>
<arg>/api</arg>
<doc>Sends a GET request on a previously created HTTP Session.</doc>
<status status="PASS" start="2024-07-30T02:33:48.931895" elapsed="0.064982"/>
</kw>
<kw name="Should Be Equal As Numbers" owner="BuiltIn">
<msg time="2024-07-30T02:33:48.997891" level="INFO">Argument types are:
&lt;class 'int'&gt;
&lt;class 'str'&gt;</msg>
<arg>${response.status_code}</arg>
<arg>200</arg>
<doc>Fails if objects are unequal after converting them to real numbers.</doc>
<status status="PASS" start="2024-07-30T02:33:48.997421" elapsed="0.000537"/>
</kw>
<kw name="Log" owner="BuiltIn">
<msg time="2024-07-30T02:33:48.998681" level="INFO">200</msg>
<arg>${response.status_code}</arg>
<doc>Logs the given message with the given level.</doc>
<status status="PASS" start="2024-07-30T02:33:48.998309" elapsed="0.000417"/>
</kw>
<kw name="Set Variable" owner="BuiltIn">
<msg time="2024-07-30T02:33:48.999491" level="INFO">${json_data} = {'results': [{'gender': 'female', 'name': {'title': 'Miss', 'first': 'Anaëlle', 'last': 'Laurent'}, 'location': {'street': {'number': 2872, 'name': 'Avenue Paul Eluard'}, 'city': 'Nancy', 'state': 'Va...</msg>
<var>${json_data}</var>
<arg>${response.json()}</arg>
<doc>Returns the given values which can then be assigned to a variables.</doc>
<status status="PASS" start="2024-07-30T02:33:48.999042" elapsed="0.000478"/>
</kw>
<kw name="Dictionary Should Contain Key" owner="Collections">
<arg>${json_data}</arg>
<arg>results</arg>
<doc>Fails if ``key`` is not found from ``dictionary``.</doc>
<status status="PASS" start="2024-07-30T02:33:48.999860" elapsed="0.000340"/>
</kw>
<status status="PASS" start="2024-07-30T02:33:48.931639" elapsed="0.068718"/>
</kw>
<doc>Testa se a API responde corretamente e retorna um objeto JSON válido.</doc>
<tag>testeRequisicaoBasica</tag>
<status status="PASS" start="2024-07-30T02:33:48.931058" elapsed="0.069474"/>
</test>
<test id="s1-s1-t3" name="Validar estrutura de resposta" line="22">
<kw name="Teste de Estrutura de Resposta" owner="random-user-service">
<kw name="GET On Session" owner="RequestsLibrary">
<msg time="2024-07-30T02:33:49.084485" level="INFO">GET Request : url=https://randomuser.me/api 
 path_url=/api 
 headers={'User-Agent': 'python-requests/2.32.3', 'Accept-Encoding': 'gzip, deflate', 'Accept': '*/*', 'Connection': 'keep-alive'} 
 body=None 
 </msg>
<msg time="2024-07-30T02:33:49.084585" level="INFO">GET Response : url=https://randomuser.me/api 
 status=200, reason=OK 
 headers={'Date': 'Tue, 30 Jul 2024 02:33:49 GMT', 'Content-Type': 'application/json; charset=utf-8', 'Transfer-Encoding': 'chunked', 'Connection': 'keep-alive', 'X-Powered-By': 'Express', 'Access-Control-Allow-Origin': '*', 'Cache-Control': 'no-cache', 'ETag': 'W/"4a2-Oo3S+5DDuaZMYc+4ONwmiHbv4+Y"', 'Vary': 'Accept-Encoding', 'Content-Encoding': 'gzip', 'CF-Cache-Status': 'DYNAMIC', 'Report-To': '{"endpoints":[{"url":"https:\\/\\/a.nel.cloudflare.com\\/report\\/v4?s=NtmkZKpV8ck%2B1qbb6m3NOcR7NBDmNiM%2BzC1RAiqQUtqKPwrcGA1DBZvK568qA3OV68RPz9brNiTWixspOY5sldLedbfwOS8BW1eUszaYocOJnaVeD%2BiE5uYNShmLK7eg"}],"group":"cf-nel","max_age":604800}', 'NEL': '{"success_fraction":0,"report_to":"cf-nel","max_age":604800}', 'Server': 'cloudflare', 'CF-RAY': '8ab1f2314b831733-IAD', 'alt-svc': 'h3=":443"; ma=86400'} 
 body={"results":[{"gender":"male","name":{"title":"Monsieur","first":"Arben","last":"Rousseau"},"location":{"street":{"number":9312,"name":"Rue de Bonnel"},"city":"Büron","state":"Zürich","country":"Switzerland","postcode":7009,"coordinates":{"latitude":"-55.8506","longitude":"-122.8193"},"timezone":{"offset":"+11:00","description":"Magadan, Solomon Islands, New Caledonia"}},"email":"arben.rousseau@example.com","login":{"uuid":"1efe72f2-c357-4603-a6bb-fa5ea8aeb509","username":"sadostrich979","password":"hailey","salt":"VpuBAdmP","md5":"228a7b14308f829d0093bddbb291eb44","sha1":"8325a81fea343941a3c6f1d8a8eace289aadaacf","sha256":"785190e35bdd5f0ce6d8266e5a950a801adbda12e763f7dd8effea873cefd445"},"dob":{"date":"1982-03-21T07:32:21.842Z","age":42},"registered":{"date":"2008-08-26T08:33:54.284Z","age":15},"phone":"077 697 30 60","cell":"079 227 33 45","id":{"name":"AVS","value":"756.7568.9163.59"},"picture":{"large":"https://randomuser.me/api/portraits/men/92.jpg","medium":"https://randomuser.me/api/portraits/med/men/92.jpg","thumbnail":"https://randomuser.me/api/portraits/thumb/men/92.jpg"},"nat":"CH"}],"info":{"seed":"766445849e868945","results":1,"page":1,"version":"1.4"}} 
 </msg>
<msg time="2024-07-30T02:33:49.084709" level="INFO">/opt/hostedtoolcache/Python/3.12.4/x64/lib/python3.12/site-packages/urllib3/connectionpool.py:1099: InsecureRequestWarning: Unverified HTTPS request is being made to host 'randomuser.me'. Adding certificate verification is strongly advised. See: https://urllib3.readthedocs.io/en/latest/advanced-usage.html#tls-warnings
  warnings.warn(</msg>
<msg time="2024-07-30T02:33:49.084858" level="INFO">${response} = &lt;Response [200]&gt;</msg>
<var>${response}</var>
<arg>consultarAPI</arg>
<arg>/api</arg>
<doc>Sends a GET request on a previously created HTTP Session.</doc>
<status status="PASS" start="2024-07-30T02:33:49.003100" elapsed="0.081799"/>
</kw>
<kw name="Set Variable" owner="BuiltIn">
<msg time="2024-07-30T02:33:49.085904" level="INFO">${json_data} = {'results': [{'gender': 'male', 'name': {'title': 'Monsieur', 'first': 'Arben', 'last': 'Rousseau'}, 'location': {'street': {'number': 9312, 'name': 'Rue de Bonnel'}, 'city': 'Büron', 'state': 'Zürich...</msg>
<var>${json_data}</var>
<arg>${response.json()}</arg>
<doc>Returns the given values which can then be assigned to a variables.</doc>
<status status="PASS" start="2024-07-30T02:33:49.085385" elapsed="0.000549"/>
</kw>
<kw name="Log" owner="BuiltIn">
<msg time="2024-07-30T02:33:49.086417" level="INFO">{'results': [{'gender': 'male', 'name': {'title': 'Monsieur', 'first': 'Arben', 'last': 'Rousseau'}, 'location': {'street': {'number': 9312, 'name': 'Rue de Bonnel'}, 'city': 'Büron', 'state': 'Zürich', 'country': 'Switzerland', 'postcode': 7009, 'coordinates': {'latitude': '-55.8506', 'longitude': '-122.8193'}, 'timezone': {'offset': '+11:00', 'description': 'Magadan, Solomon Islands, New Caledonia'}}, 'email': 'arben.rousseau@example.com', 'login': {'uuid': '1efe72f2-c357-4603-a6bb-fa5ea8aeb509', 'username': 'sadostrich979', 'password': 'hailey', 'salt': 'VpuBAdmP', 'md5': '228a7b14308f829d0093bddbb291eb44', 'sha1': '8325a81fea343941a3c6f1d8a8eace289aadaacf', 'sha256': '785190e35bdd5f0ce6d8266e5a950a801adbda12e763f7dd8effea873cefd445'}, 'dob': {'date': '1982-03-21T07:32:21.842Z', 'age': 42}, 'registered': {'date': '2008-08-26T08:33:54.284Z', 'age': 15}, 'phone': '077 697 30 60', 'cell': '079 227 33 45', 'id': {'name': 'AVS', 'value': '756.7568.9163.59'}, 'picture': {'large': 'https://randomuser.me/api/portraits/men/92.jpg', 'medium': 'https://randomuser.me/api/portraits/med/men/92.jpg', 'thumbnail': 'https://randomuser.me/api/portraits/thumb/men/92.jpg'}, 'nat': 'CH'}], 'info': {'seed': '766445849e868945', 'results': 1, 'page': 1, 'version': '1.4'}}</msg>
<arg>${json_data}</arg>
<doc>Logs the given message with the given level.</doc>
<status status="PASS" start="2024-07-30T02:33:49.086244" elapsed="0.000234"/>
</kw>
<kw name="Dictionary Should Contain Key" owner="Collections">
<arg>${json_data}</arg>
<arg>results</arg>
<doc>Fails if ``key`` is not found from ``dictionary``.</doc>
<status status="PASS" start="2024-07-30T02:33:49.086771" elapsed="0.000164"/>
</kw>
<kw name="Should Not Be Empty" owner="BuiltIn">
<msg time="2024-07-30T02:33:49.087245" level="INFO">Length is 2.</msg>
<arg>${json_data}</arg>
<doc>Verifies that the given item is not empty.</doc>
<status status="PASS" start="2024-07-30T02:33:49.087117" elapsed="0.000166"/>
</kw>
<kw name="Create List" owner="BuiltIn">
<msg time="2024-07-30T02:33:49.087754" level="INFO">${expected_keys} = ['gender', 'name', 'location', 'email', 'login']</msg>
<var>${expected_keys}</var>
<arg>gender</arg>
<arg>name</arg>
<arg>location</arg>
<arg>email</arg>
<arg>login</arg>
<doc>Returns a list containing given items.</doc>
<status status="PASS" start="2024-07-30T02:33:49.087598" elapsed="0.000179"/>
</kw>
<for flavor="IN">
<iter>
<kw name="Dictionary Should Contain Key" owner="Collections">
<arg>${json_data['results'][0]}</arg>
<arg>${key}</arg>
<doc>Fails if ``key`` is not found from ``dictionary``.</doc>
<status status="PASS" start="2024-07-30T02:33:49.088359" elapsed="0.000405"/>
</kw>
<kw name="Log" owner="BuiltIn">
<msg time="2024-07-30T02:33:49.089308" level="INFO">{'gender': 'male', 'name': {'title': 'Monsieur', 'first': 'Arben', 'last': 'Rousseau'}, 'location': {'street': {'number': 9312, 'name': 'Rue de Bonnel'}, 'city': 'Büron', 'state': 'Zürich', 'country': 'Switzerland', 'postcode': 7009, 'coordinates': {'latitude': '-55.8506', 'longitude': '-122.8193'}, 'timezone': {'offset': '+11:00', 'description': 'Magadan, Solomon Islands, New Caledonia'}}, 'email': 'arben.rousseau@example.com', 'login': {'uuid': '1efe72f2-c357-4603-a6bb-fa5ea8aeb509', 'username': 'sadostrich979', 'password': 'hailey', 'salt': 'VpuBAdmP', 'md5': '228a7b14308f829d0093bddbb291eb44', 'sha1': '8325a81fea343941a3c6f1d8a8eace289aadaacf', 'sha256': '785190e35bdd5f0ce6d8266e5a950a801adbda12e763f7dd8effea873cefd445'}, 'dob': {'date': '1982-03-21T07:32:21.842Z', 'age': 42}, 'registered': {'date': '2008-08-26T08:33:54.284Z', 'age': 15}, 'phone': '077 697 30 60', 'cell': '079 227 33 45', 'id': {'name': 'AVS', 'value': '756.7568.9163.59'}, 'picture': {'large': 'https://randomuser.me/api/portraits/men/92.jpg', 'medium': 'https://randomuser.me/api/portraits/med/men/92.jpg', 'thumbnail': 'https://randomuser.me/api/portraits/thumb/men/92.jpg'}, 'nat': 'CH'}</msg>
<arg>${json_data['results'][0]}</arg>
<doc>Logs the given message with the given level.</doc>
<status status="PASS" start="2024-07-30T02:33:49.088949" elapsed="0.000410"/>
</kw>
<kw name="Log" owner="BuiltIn">
<msg time="2024-07-30T02:33:49.089791" level="INFO">gender</msg>
<arg>${key}</arg>
<doc>Logs the given message with the given level.</doc>
<status status="PASS" start="2024-07-30T02:33:49.089660" elapsed="0.000175"/>
</kw>
<var name="${key}">gender</var>
<status status="PASS" start="2024-07-30T02:33:49.088232" elapsed="0.001821"/>
</iter>
<iter>
<kw name="Dictionary Should Contain Key" owner="Collections">
<arg>${json_data['results'][0]}</arg>
<arg>${key}</arg>
<doc>Fails if ``key`` is not found from ``dictionary``.</doc>
<status status="PASS" start="2024-07-30T02:33:49.090349" elapsed="0.000386"/>
</kw>
<kw name="Log" owner="BuiltIn">
<msg time="2024-07-30T02:33:49.091309" level="INFO">{'gender': 'male', 'name': {'title': 'Monsieur', 'first': 'Arben', 'last': 'Rousseau'}, 'location': {'street': {'number': 9312, 'name': 'Rue de Bonnel'}, 'city': 'Büron', 'state': 'Zürich', 'country': 'Switzerland', 'postcode': 7009, 'coordinates': {'latitude': '-55.8506', 'longitude': '-122.8193'}, 'timezone': {'offset': '+11:00', 'description': 'Magadan, Solomon Islands, New Caledonia'}}, 'email': 'arben.rousseau@example.com', 'login': {'uuid': '1efe72f2-c357-4603-a6bb-fa5ea8aeb509', 'username': 'sadostrich979', 'password': 'hailey', 'salt': 'VpuBAdmP', 'md5': '228a7b14308f829d0093bddbb291eb44', 'sha1': '8325a81fea343941a3c6f1d8a8eace289aadaacf', 'sha256': '785190e35bdd5f0ce6d8266e5a950a801adbda12e763f7dd8effea873cefd445'}, 'dob': {'date': '1982-03-21T07:32:21.842Z', 'age': 42}, 'registered': {'date': '2008-08-26T08:33:54.284Z', 'age': 15}, 'phone': '077 697 30 60', 'cell': '079 227 33 45', 'id': {'name': 'AVS', 'value': '756.7568.9163.59'}, 'picture': {'large': 'https://randomuser.me/api/portraits/men/92.jpg', 'medium': 'https://randomuser.me/api/portraits/med/men/92.jpg', 'thumbnail': 'https://randomuser.me/api/portraits/thumb/men/92.jpg'}, 'nat': 'CH'}</msg>
<arg>${json_data['results'][0]}</arg>
<doc>Logs the given message with the given level.</doc>
<status status="PASS" start="2024-07-30T02:33:49.090914" elapsed="0.000445"/>
</kw>
<kw name="Log" owner="BuiltIn">
<msg time="2024-07-30T02:33:49.091808" level="INFO">name</msg>
<arg>${key}</arg>
<doc>Logs the given message with the given level.</doc>
<status status="PASS" start="2024-07-30T02:33:49.091677" elapsed="0.000168"/>
</kw>
<var name="${key}">name</var>
<status status="PASS" start="2024-07-30T02:33:49.090237" elapsed="0.001825"/>
</iter>
<iter>
<kw name="Dictionary Should Contain Key" owner="Collections">
<arg>${json_data['results'][0]}</arg>
<arg>${key}</arg>
<doc>Fails if ``key`` is not found from ``dictionary``.</doc>
<status status="PASS" start="2024-07-30T02:33:49.092344" elapsed="0.000373"/>
</kw>
<kw name="Log" owner="BuiltIn">
<msg time="2024-07-30T02:33:49.093248" level="INFO">{'gender': 'male', 'name': {'title': 'Monsieur', 'first': 'Arben', 'last': 'Rousseau'}, 'location': {'street': {'number': 9312, 'name': 'Rue de Bonnel'}, 'city': 'Büron', 'state': 'Zürich', 'country': 'Switzerland', 'postcode': 7009, 'coordinates': {'latitude': '-55.8506', 'longitude': '-122.8193'}, 'timezone': {'offset': '+11:00', 'description': 'Magadan, Solomon Islands, New Caledonia'}}, 'email': 'arben.rousseau@example.com', 'login': {'uuid': '1efe72f2-c357-4603-a6bb-fa5ea8aeb509', 'username': 'sadostrich979', 'password': 'hailey', 'salt': 'VpuBAdmP', 'md5': '228a7b14308f829d0093bddbb291eb44', 'sha1': '8325a81fea343941a3c6f1d8a8eace289aadaacf', 'sha256': '785190e35bdd5f0ce6d8266e5a950a801adbda12e763f7dd8effea873cefd445'}, 'dob': {'date': '1982-03-21T07:32:21.842Z', 'age': 42}, 'registered': {'date': '2008-08-26T08:33:54.284Z', 'age': 15}, 'phone': '077 697 30 60', 'cell': '079 227 33 45', 'id': {'name': 'AVS', 'value': '756.7568.9163.59'}, 'picture': {'large': 'https://randomuser.me/api/portraits/men/92.jpg', 'medium': 'https://randomuser.me/api/portraits/med/men/92.jpg', 'thumbnail': 'https://randomuser.me/api/portraits/thumb/men/92.jpg'}, 'nat': 'CH'}</msg>
<arg>${json_data['results'][0]}</arg>
<doc>Logs the given message with the given level.</doc>
<status status="PASS" start="2024-07-30T02:33:49.092903" elapsed="0.000394"/>
</kw>
<kw name="Log" owner="BuiltIn">
<msg time="2024-07-30T02:33:49.093716" level="INFO">location</msg>
<arg>${key}</arg>
<doc>Logs the given message with the given level.</doc>
<status status="PASS" start="2024-07-30T02:33:49.093590" elapsed="0.000164"/>
</kw>
<var name="${key}">location</var>
<status status="PASS" start="2024-07-30T02:33:49.092239" elapsed="0.001726"/>
</iter>
<iter>
<kw name="Dictionary Should Contain Key" owner="Collections">
<arg>${json_data['results'][0]}</arg>
<arg>${key}</arg>
<doc>Fails if ``key`` is not found from ``dictionary``.</doc>
<status status="PASS" start="2024-07-30T02:33:49.094240" elapsed="0.000378"/>
</kw>
<kw name="Log" owner="BuiltIn">
<msg time="2024-07-30T02:33:49.095280" level="INFO">{'gender': 'male', 'name': {'title': 'Monsieur', 'first': 'Arben', 'last': 'Rousseau'}, 'location': {'street': {'number': 9312, 'name': 'Rue de Bonnel'}, 'city': 'Büron', 'state': 'Zürich', 'country': 'Switzerland', 'postcode': 7009, 'coordinates': {'latitude': '-55.8506', 'longitude': '-122.8193'}, 'timezone': {'offset': '+11:00', 'description': 'Magadan, Solomon Islands, New Caledonia'}}, 'email': 'arben.rousseau@example.com', 'login': {'uuid': '1efe72f2-c357-4603-a6bb-fa5ea8aeb509', 'username': 'sadostrich979', 'password': 'hailey', 'salt': 'VpuBAdmP', 'md5': '228a7b14308f829d0093bddbb291eb44', 'sha1': '8325a81fea343941a3c6f1d8a8eace289aadaacf', 'sha256': '785190e35bdd5f0ce6d8266e5a950a801adbda12e763f7dd8effea873cefd445'}, 'dob': {'date': '1982-03-21T07:32:21.842Z', 'age': 42}, 'registered': {'date': '2008-08-26T08:33:54.284Z', 'age': 15}, 'phone': '077 697 30 60', 'cell': '079 227 33 45', 'id': {'name': 'AVS', 'value': '756.7568.9163.59'}, 'picture': {'large': 'https://randomuser.me/api/portraits/men/92.jpg', 'medium': 'https://randomuser.me/api/portraits/med/men/92.jpg', 'thumbnail': 'https://randomuser.me/api/portraits/thumb/men/92.jpg'}, 'nat': 'CH'}</msg>
<arg>${json_data['results'][0]}</arg>
<doc>Logs the given message with the given level.</doc>
<status status="PASS" start="2024-07-30T02:33:49.094926" elapsed="0.000404"/>
</kw>
<kw name="Log" owner="BuiltIn">
<msg time="2024-07-30T02:33:49.095773" level="INFO">email</msg>
<arg>${key}</arg>
<doc>Logs the given message with the given level.</doc>
<status status="PASS" start="2024-07-30T02:33:49.095645" elapsed="0.000166"/>
</kw>
<var name="${key}">email</var>
<status status="PASS" start="2024-07-30T02:33:49.094135" elapsed="0.001892"/>
</iter>
<iter>
<kw name="Dictionary Should Contain Key" owner="Collections">
<arg>${json_data['results'][0]}</arg>
<arg>${key}</arg>
<doc>Fails if ``key`` is not found from ``dictionary``.</doc>
<status status="PASS" start="2024-07-30T02:33:49.096304" elapsed="0.000372"/>
</kw>
<kw name="Log" owner="BuiltIn">
<msg time="2024-07-30T02:33:49.097196" level="INFO">{'gender': 'male', 'name': {'title': 'Monsieur', 'first': 'Arben', 'last': 'Rousseau'}, 'location': {'street': {'number': 9312, 'name': 'Rue de Bonnel'}, 'city': 'Büron', 'state': 'Zürich', 'country': 'Switzerland', 'postcode': 7009, 'coordinates': {'latitude': '-55.8506', 'longitude': '-122.8193'}, 'timezone': {'offset': '+11:00', 'description': 'Magadan, Solomon Islands, New Caledonia'}}, 'email': 'arben.rousseau@example.com', 'login': {'uuid': '1efe72f2-c357-4603-a6bb-fa5ea8aeb509', 'username': 'sadostrich979', 'password': 'hailey', 'salt': 'VpuBAdmP', 'md5': '228a7b14308f829d0093bddbb291eb44', 'sha1': '8325a81fea343941a3c6f1d8a8eace289aadaacf', 'sha256': '785190e35bdd5f0ce6d8266e5a950a801adbda12e763f7dd8effea873cefd445'}, 'dob': {'date': '1982-03-21T07:32:21.842Z', 'age': 42}, 'registered': {'date': '2008-08-26T08:33:54.284Z', 'age': 15}, 'phone': '077 697 30 60', 'cell': '079 227 33 45', 'id': {'name': 'AVS', 'value': '756.7568.9163.59'}, 'picture': {'large': 'https://randomuser.me/api/portraits/men/92.jpg', 'medium': 'https://randomuser.me/api/portraits/med/men/92.jpg', 'thumbnail': 'https://randomuser.me/api/portraits/thumb/men/92.jpg'}, 'nat': 'CH'}</msg>
<arg>${json_data['results'][0]}</arg>
<doc>Logs the given message with the given level.</doc>
<status status="PASS" start="2024-07-30T02:33:49.096855" elapsed="0.000389"/>
</kw>
<kw name="Log" owner="BuiltIn">
<msg time="2024-07-30T02:33:49.097657" level="INFO">login</msg>
<arg>${key}</arg>
<doc>Logs the given message with the given level.</doc>
<status status="PASS" start="2024-07-30T02:33:49.097532" elapsed="0.000161"/>
</kw>
<var name="${key}">login</var>
<status status="PASS" start="2024-07-30T02:33:49.096197" elapsed="0.001708"/>
</iter>
<var>${key}</var>
<value>@{expected_keys}</value>
<status status="PASS" start="2024-07-30T02:33:49.088038" elapsed="0.009987"/>
</for>
<kw name="Create List" owner="BuiltIn">
<msg time="2024-07-30T02:33:49.098380" level="INFO">${expected_keysTwo} = ['username', 'password']</msg>
<var>${expected_keysTwo}</var>
<arg>username</arg>
<arg>password</arg>
<doc>Returns a list containing given items.</doc>
<status status="PASS" start="2024-07-30T02:33:49.098244" elapsed="0.000160"/>
</kw>
<for flavor="IN">
<iter>
<kw name="Dictionary Should Contain Key" owner="Collections">
<arg>${json_data['results'][0]['login']}</arg>
<arg>${keyTwo}</arg>
<doc>Fails if ``key`` is not found from ``dictionary``.</doc>
<status status="PASS" start="2024-07-30T02:33:49.098891" elapsed="0.000373"/>
</kw>
<kw name="Dictionary Should Contain Key" owner="Collections">
<arg>${json_data['results'][0]['login']}</arg>
<arg>${keyTwo}</arg>
<doc>Fails if ``key`` is not found from ``dictionary``.</doc>
<status status="PASS" start="2024-07-30T02:33:49.099439" elapsed="0.000412"/>
</kw>
<kw name="Log" owner="BuiltIn">
<msg time="2024-07-30T02:33:49.100145" level="INFO">username</msg>
<arg>${keyTwo}</arg>
<doc>Logs the given message with the given level.</doc>
<status status="PASS" start="2024-07-30T02:33:49.100027" elapsed="0.000156"/>
</kw>
<var name="${keyTwo}">username</var>
<status status="PASS" start="2024-07-30T02:33:49.098786" elapsed="0.001612"/>
</iter>
<iter>
<kw name="Dictionary Should Contain Key" owner="Collections">
<arg>${json_data['results'][0]['login']}</arg>
<arg>${keyTwo}</arg>
<doc>Fails if ``key`` is not found from ``dictionary``.</doc>
<status status="PASS" start="2024-07-30T02:33:49.100676" elapsed="0.000368"/>
</kw>
<kw name="Dictionary Should Contain Key" owner="Collections">
<arg>${json_data['results'][0]['login']}</arg>
<arg>${keyTwo}</arg>
<doc>Fails if ``key`` is not found from ``dictionary``.</doc>
<status status="PASS" start="2024-07-30T02:33:49.101217" elapsed="0.000364"/>
</kw>
<kw name="Log" owner="BuiltIn">
<msg time="2024-07-30T02:33:49.101880" level="INFO">password</msg>
<arg>${keyTwo}</arg>
<doc>Logs the given message with the given level.</doc>
<status status="PASS" start="2024-07-30T02:33:49.101753" elapsed="0.000163"/>
</kw>
<var name="${keyTwo}">password</var>
<status status="PASS" start="2024-07-30T02:33:49.100567" elapsed="0.001565"/>
</iter>
<var>${keyTwo}</var>
<value>@{expected_keysTwo}</value>
<status status="PASS" start="2024-07-30T02:33:49.098635" elapsed="0.003617"/>
</for>
<status status="PASS" start="2024-07-30T02:33:49.002862" elapsed="0.099528"/>
</kw>
<doc>Testa a estrutura da resposta da API.</doc>
<tag>testeEstruturaResposta</tag>
<status status="PASS" start="2024-07-30T02:33:49.002361" elapsed="0.100185"/>
</test>
<test id="s1-s1-t4" name="Validar tipos de dados" line="28">
<kw name="Teste de Tipos de Dados" owner="random-user-service">
<kw name="GET On Session" owner="RequestsLibrary">
<msg time="2024-07-30T02:33:49.183577" level="INFO">GET Request : url=https://randomuser.me/api 
 path_url=/api 
 headers={'User-Agent': 'python-requests/2.32.3', 'Accept-Encoding': 'gzip, deflate', 'Accept': '*/*', 'Connection': 'keep-alive'} 
 body=None 
 </msg>
<msg time="2024-07-30T02:33:49.183667" level="INFO">GET Response : url=https://randomuser.me/api 
 status=200, reason=OK 
 headers={'Date': 'Tue, 30 Jul 2024 02:33:49 GMT', 'Content-Type': 'application/json; charset=utf-8', 'Transfer-Encoding': 'chunked', 'Connection': 'keep-alive', 'X-Powered-By': 'Express', 'Access-Control-Allow-Origin': '*', 'Cache-Control': 'no-cache', 'ETag': 'W/"493-2WBvVyf5x3b52TlBUXHSXDh4mUE"', 'Vary': 'Accept-Encoding', 'Content-Encoding': 'gzip', 'CF-Cache-Status': 'DYNAMIC', 'Report-To': '{"endpoints":[{"url":"https:\\/\\/a.nel.cloudflare.com\\/report\\/v4?s=mnnTy%2BeEOPbtS69Sgc5I3IjMR0ChGQs%2FmzBJr0ofBGI64VD3W3EkUR8bsTx3hjmGEg4uZaE5WpMdu8q84KoOCurYrW7asH%2BDuvkp5x0fgdPXJ4HRG4l9XThcLlU7%2BYln"}],"group":"cf-nel","max_age":604800}', 'NEL': '{"success_fraction":0,"report_to":"cf-nel","max_age":604800}', 'Server': 'cloudflare', 'CF-RAY': '8ab1f231ec281733-IAD', 'alt-svc': 'h3=":443"; ma=86400'} 
 body={"results":[{"gender":"male","name":{"title":"Mr","first":"Ceyhun","last":"Karabulut"},"location":{"street":{"number":9377,"name":"Fatih Sultan Mehmet Cd"},"city":"Muğla","state":"Nevşehir","country":"Turkey","postcode":23857,"coordinates":{"latitude":"70.8207","longitude":"-113.8907"},"timezone":{"offset":"+9:00","description":"Tokyo, Seoul, Osaka, Sapporo, Yakutsk"}},"email":"ceyhun.karabulut@example.com","login":{"uuid":"27efc992-a4fc-44a7-bbde-8f163a5201ee","username":"tinytiger579","password":"queens","salt":"Ps0WsPBm","md5":"f2c7a6519efac44b64a53de09f4634da","sha1":"9c2d8e58412b207d0772006f9a2a34e288955af0","sha256":"a4712df4a78d2d8c1a6bb8236ae4d52692b37271fa34dc5a0933aa393f6328b2"},"dob":{"date":"2000-12-11T04:26:47.369Z","age":23},"registered":{"date":"2004-08-17T18:21:42.528Z","age":19},"phone":"(263)-100-9966","cell":"(164)-349-3138","id":{"name":"","value":null},"picture":{"large":"https://randomuser.me/api/portraits/men/40.jpg","medium":"https://randomuser.me/api/portraits/med/men/40.jpg","thumbnail":"https://randomuser.me/api/portraits/thumb/men/40.jpg"},"nat":"TR"}],"info":{"seed":"df67df2c7c8d7ee1","results":1,"page":1,"version":"1.4"}} 
 </msg>
<msg time="2024-07-30T02:33:49.183739" level="INFO">/opt/hostedtoolcache/Python/3.12.4/x64/lib/python3.12/site-packages/urllib3/connectionpool.py:1099: InsecureRequestWarning: Unverified HTTPS request is being made to host 'randomuser.me'. Adding certificate verification is strongly advised. See: https://urllib3.readthedocs.io/en/latest/advanced-usage.html#tls-warnings
  warnings.warn(</msg>
<msg time="2024-07-30T02:33:49.183867" level="INFO">${response} = &lt;Response [200]&gt;</msg>
<var>${response}</var>
<arg>consultarAPI</arg>
<arg>/api</arg>
<doc>Sends a GET request on a previously created HTTP Session.</doc>
<status status="PASS" start="2024-07-30T02:33:49.104948" elapsed="0.078960"/>
</kw>
<kw name="Set Variable" owner="BuiltIn">
<msg time="2024-07-30T02:33:49.184870" level="INFO">${json_data} = {'results': [{'gender': 'male', 'name': {'title': 'Mr', 'first': 'Ceyhun', 'last': 'Karabulut'}, 'location': {'street': {'number': 9377, 'name': 'Fatih Sultan Mehmet Cd'}, 'city': 'Muğla', 'state': 'N...</msg>
<var>${json_data}</var>
<arg>${response.json()}</arg>
<doc>Returns the given values which can then be assigned to a variables.</doc>
<status status="PASS" start="2024-07-30T02:33:49.184365" elapsed="0.000535"/>
</kw>
<kw name="Log" owner="BuiltIn">
<msg time="2024-07-30T02:33:49.185359" level="INFO">{'results': [{'gender': 'male', 'name': {'title': 'Mr', 'first': 'Ceyhun', 'last': 'Karabulut'}, 'location': {'street': {'number': 9377, 'name': 'Fatih Sultan Mehmet Cd'}, 'city': 'Muğla', 'state': 'Nevşehir', 'country': 'Turkey', 'postcode': 23857, 'coordinates': {'latitude': '70.8207', 'longitude': '-113.8907'}, 'timezone': {'offset': '+9:00', 'description': 'Tokyo, Seoul, Osaka, Sapporo, Yakutsk'}}, 'email': 'ceyhun.karabulut@example.com', 'login': {'uuid': '27efc992-a4fc-44a7-bbde-8f163a5201ee', 'username': 'tinytiger579', 'password': 'queens', 'salt': 'Ps0WsPBm', 'md5': 'f2c7a6519efac44b64a53de09f4634da', 'sha1': '9c2d8e58412b207d0772006f9a2a34e288955af0', 'sha256': 'a4712df4a78d2d8c1a6bb8236ae4d52692b37271fa34dc5a0933aa393f6328b2'}, 'dob': {'date': '2000-12-11T04:26:47.369Z', 'age': 23}, 'registered': {'date': '2004-08-17T18:21:42.528Z', 'age': 19}, 'phone': '(263)-100-9966', 'cell': '(164)-349-3138', 'id': {'name': '', 'value': None}, 'picture': {'large': 'https://randomuser.me/api/portraits/men/40.jpg', 'medium': 'https://randomuser.me/api/portraits/med/men/40.jpg', 'thumbnail': 'https://randomuser.me/api/portraits/thumb/men/40.jpg'}, 'nat': 'TR'}], 'info': {'seed': 'df67df2c7c8d7ee1', 'results': 1, 'page': 1, 'version': '1.4'}}</msg>
<arg>${json_data}</arg>
<doc>Logs the given message with the given level.</doc>
<status status="PASS" start="2024-07-30T02:33:49.185203" elapsed="0.000205"/>
</kw>
<kw name="Should Be String" owner="String">
<arg>${json_data['results'][0]['gender']}</arg>
<doc>Fails if the given ``item`` is not a string.</doc>
<status status="PASS" start="2024-07-30T02:33:49.185698" elapsed="0.000368"/>
</kw>
<kw name="Should Match Regexp" owner="BuiltIn">
<arg>${json_data['results'][0]['email']}</arg>
<arg>^[a-zA-Z0-9._%+-]+@[a-zA-Z0-9.-]+\.[a-zA-Z]{2,}$</arg>
<doc>Fails if ``string`` does not match ``pattern`` as a regular expression.</doc>
<status status="PASS" start="2024-07-30T02:33:49.186291" elapsed="0.000524"/>
</kw>
<kw name="Should Match Regexp" owner="BuiltIn">
<arg>${json_data['results'][0]['dob']['date']}</arg>
<arg>\\d{4}-\\d{2}-\\d{2}T\\d{2}:\\d{2}:\\d{2}\\.\\d{3}Z</arg>
<doc>Fails if ``string`` does not match ``pattern`` as a regular expression.</doc>
<status status="PASS" start="2024-07-30T02:33:49.187008" elapsed="0.000643"/>
</kw>
<kw name="Should Match Regexp" owner="BuiltIn">
<arg>${json_data['results'][0]['registered']['date']}</arg>
<arg>\\d{4}-\\d{2}-\\d{2}T\\d{2}:\\d{2}:\\d{2}\\.\\d{3}Z</arg>
<doc>Fails if ``string`` does not match ``pattern`` as a regular expression.</doc>
<status status="PASS" start="2024-07-30T02:33:49.187845" elapsed="0.000367"/>
</kw>
<kw name="Should Match Regexp" owner="BuiltIn">
<arg>${json_data['results'][0]['picture']['large']}</arg>
<arg>^https?://.*\.(?:png|jpe?g|gif|bmp)$</arg>
<doc>Fails if ``string`` does not match ``pattern`` as a regular expression.</doc>
<status status="PASS" start="2024-07-30T02:33:49.188394" elapsed="0.000451"/>
</kw>
<kw name="Should Match Regexp" owner="BuiltIn">
<arg>${json_data['results'][0]['picture']['medium']}</arg>
<arg>^https?://.*\.(?:png|jpe?g|gif|bmp)$</arg>
<doc>Fails if ``string`` does not match ``pattern`` as a regular expression.</doc>
<status status="PASS" start="2024-07-30T02:33:49.189031" elapsed="0.000347"/>
</kw>
<kw name="Should Match Regexp" owner="BuiltIn">
<arg>${json_data['results'][0]['picture']['thumbnail']}</arg>
<arg>^https?://.*\.(?:png|jpe?g|gif|bmp)$</arg>
<doc>Fails if ``string`` does not match ``pattern`` as a regular expression.</doc>
<status status="PASS" start="2024-07-30T02:33:49.189556" elapsed="0.000344"/>
</kw>
<kw name="Log" owner="BuiltIn">
<msg time="2024-07-30T02:33:49.190393" level="INFO">{'large': 'https://randomuser.me/api/portraits/men/40.jpg', 'medium': 'https://randomuser.me/api/portraits/med/men/40.jpg', 'thumbnail': 'https://randomuser.me/api/portraits/thumb/men/40.jpg'}</msg>
<arg>${json_data['results'][0]['picture']}</arg>
<doc>Logs the given message with the given level.</doc>
<status status="PASS" start="2024-07-30T02:33:49.190077" elapsed="0.000358"/>
</kw>
<status status="PASS" start="2024-07-30T02:33:49.104730" elapsed="0.085959"/>
</kw>
<kw name="Teste de Tipos de Dados - Postcode" owner="random-user-service">
<kw name="GET On Session" owner="RequestsLibrary">
<msg time="2024-07-30T02:33:49.285608" level="INFO">GET Request : url=https://randomuser.me/api 
 path_url=/api 
 headers={'User-Agent': 'python-requests/2.32.3', 'Accept-Encoding': 'gzip, deflate', 'Accept': '*/*', 'Connection': 'keep-alive'} 
 body=None 
 </msg>
<msg time="2024-07-30T02:33:49.285688" level="INFO">GET Response : url=https://randomuser.me/api 
 status=200, reason=OK 
 headers={'Date': 'Tue, 30 Jul 2024 02:33:49 GMT', 'Content-Type': 'application/json; charset=utf-8', 'Transfer-Encoding': 'chunked', 'Connection': 'keep-alive', 'X-Powered-By': 'Express', 'Access-Control-Allow-Origin': '*', 'Cache-Control': 'no-cache', 'ETag': 'W/"47b-OkvWRvdoc9mJk3vKz2lBJijeK5c"', 'Vary': 'Accept-Encoding', 'Content-Encoding': 'gzip', 'CF-Cache-Status': 'DYNAMIC', 'Report-To': '{"endpoints":[{"url":"https:\\/\\/a.nel.cloudflare.com\\/report\\/v4?s=GrB8N9wBeNbPK1WDR7hdXyFZH7tv29az5F%2BqXDp%2FwTA%2FXfduHG2boacK0CHeOH91OD4AgibrHizihqwKML7norGmGwZrqL%2B0ShqA5mz9igRDmZnECJHKIjwI1tsWIshz"}],"group":"cf-nel","max_age":604800}', 'NEL': '{"success_fraction":0,"report_to":"cf-nel","max_age":604800}', 'Server': 'cloudflare', 'CF-RAY': '8ab1f2327cbf1733-IAD', 'alt-svc': 'h3=":443"; ma=86400'} 
 body={"results":[{"gender":"female","name":{"title":"Ms","first":"Abigail","last":"Wright"},"location":{"street":{"number":7774,"name":"New Brighton Road"},"city":"Wellington","state":"Auckland","country":"New Zealand","postcode":59528,"coordinates":{"latitude":"53.2145","longitude":"145.8371"},"timezone":{"offset":"+3:30","description":"Tehran"}},"email":"abigail.wright@example.com","login":{"uuid":"0fd9c9e0-853a-4197-a246-5d97cc5bd4df","username":"greenfrog872","password":"cookie1","salt":"vmPdMCPj","md5":"97801fdc27ebc26e2a51595e9eac5e49","sha1":"491227ff1282f269af04eb3dcb8d29526637b7a9","sha256":"2a0965a50efdffb1aedf3fb80240b568bb88b0ebd8d1dc7616568fdf9586697e"},"dob":{"date":"1977-05-19T05:09:52.593Z","age":47},"registered":{"date":"2011-02-13T21:55:58.035Z","age":13},"phone":"(736)-828-9548","cell":"(902)-441-2016","id":{"name":"","value":null},"picture":{"large":"https://randomuser.me/api/portraits/women/75.jpg","medium":"https://randomuser.me/api/portraits/med/women/75.jpg","thumbnail":"https://randomuser.me/api/portraits/thumb/women/75.jpg"},"nat":"NZ"}],"info":{"seed":"7ffe592b6fc40b3a","results":1,"page":1,"version":"1.4"}} 
 </msg>
<msg time="2024-07-30T02:33:49.285752" level="INFO">/opt/hostedtoolcache/Python/3.12.4/x64/lib/python3.12/site-packages/urllib3/connectionpool.py:1099: InsecureRequestWarning: Unverified HTTPS request is being made to host 'randomuser.me'. Adding certificate verification is strongly advised. See: https://urllib3.readthedocs.io/en/latest/advanced-usage.html#tls-warnings
  warnings.warn(</msg>
<msg time="2024-07-30T02:33:49.285878" level="INFO">${response} = &lt;Response [200]&gt;</msg>
<var>${response}</var>
<arg>consultarAPI</arg>
<arg>/api</arg>
<doc>Sends a GET request on a previously created HTTP Session.</doc>
<status status="PASS" start="2024-07-30T02:33:49.191132" elapsed="0.094776"/>
</kw>
<kw name="Set Variable" owner="BuiltIn">
<msg time="2024-07-30T02:33:49.286821" level="INFO">${json_data} = {'results': [{'gender': 'female', 'name': {'title': 'Ms', 'first': 'Abigail', 'last': 'Wright'}, 'location': {'street': {'number': 7774, 'name': 'New Brighton Road'}, 'city': 'Wellington', 'state': 'A...</msg>
<var>${json_data}</var>
<arg>${response.json()}</arg>
<doc>Returns the given values which can then be assigned to a variables.</doc>
<status status="PASS" start="2024-07-30T02:33:49.286336" elapsed="0.000514"/>
</kw>
<kw name="Log" owner="BuiltIn">
<msg time="2024-07-30T02:33:49.287320" level="INFO">{'results': [{'gender': 'female', 'name': {'title': 'Ms', 'first': 'Abigail', 'last': 'Wright'}, 'location': {'street': {'number': 7774, 'name': 'New Brighton Road'}, 'city': 'Wellington', 'state': 'Auckland', 'country': 'New Zealand', 'postcode': 59528, 'coordinates': {'latitude': '53.2145', 'longitude': '145.8371'}, 'timezone': {'offset': '+3:30', 'description': 'Tehran'}}, 'email': 'abigail.wright@example.com', 'login': {'uuid': '0fd9c9e0-853a-4197-a246-5d97cc5bd4df', 'username': 'greenfrog872', 'password': 'cookie1', 'salt': 'vmPdMCPj', 'md5': '97801fdc27ebc26e2a51595e9eac5e49', 'sha1': '491227ff1282f269af04eb3dcb8d29526637b7a9', 'sha256': '2a0965a50efdffb1aedf3fb80240b568bb88b0ebd8d1dc7616568fdf9586697e'}, 'dob': {'date': '1977-05-19T05:09:52.593Z', 'age': 47}, 'registered': {'date': '2011-02-13T21:55:58.035Z', 'age': 13}, 'phone': '(736)-828-9548', 'cell': '(902)-441-2016', 'id': {'name': '', 'value': None}, 'picture': {'large': 'https://randomuser.me/api/portraits/women/75.jpg', 'medium': 'https://randomuser.me/api/portraits/med/women/75.jpg', 'thumbnail': 'https://randomuser.me/api/portraits/thumb/women/75.jpg'}, 'nat': 'NZ'}], 'info': {'seed': '7ffe592b6fc40b3a', 'results': 1, 'page': 1, 'version': '1.4'}}</msg>
<arg>${json_data}</arg>
<doc>Logs the given message with the given level.</doc>
<status status="PASS" start="2024-07-30T02:33:49.287162" elapsed="0.000206"/>
</kw>
<kw name="Should Be Equal As Numbers" owner="BuiltIn">
<arg>${json_data['results'][0]['location']['postcode']}</arg>
<arg>${json_data['results'][0]['location']['postcode']}</arg>
<doc>Fails if objects are unequal after converting them to real numbers.</doc>
<status status="PASS" start="2024-07-30T02:33:49.287691" elapsed="0.000625"/>
</kw>
<kw name="Log" owner="BuiltIn">
<msg time="2024-07-30T02:33:49.288881" level="INFO">59528</msg>
<arg>${json_data['results'][0]['location']['postcode']}</arg>
<doc>Logs the given message with the given level.</doc>
<status status="PASS" start="2024-07-30T02:33:49.288510" elapsed="0.000413"/>
</kw>
<status status="PASS" start="2024-07-30T02:33:49.190908" elapsed="0.098271"/>
</kw>
<doc>Testa se os tipos de dados na resposta da API estão corretos.</doc>
<tag>testeTiposDados</tag>
<status status="PASS" start="2024-07-30T02:33:49.104292" elapsed="0.185054"/>
</test>
<test id="s1-s1-t5" name="Validar conteudo" line="35">
<kw name="Teste de Tipos de Conteudo" owner="random-user-service">
<kw name="GET On Session" owner="RequestsLibrary">
<msg time="2024-07-30T02:33:49.381291" level="INFO">GET Request : url=https://randomuser.me/api 
 path_url=/api 
 headers={'User-Agent': 'python-requests/2.32.3', 'Accept-Encoding': 'gzip, deflate', 'Accept': '*/*', 'Connection': 'keep-alive'} 
 body=None 
 </msg>
<msg time="2024-07-30T02:33:49.381371" level="INFO">GET Response : url=https://randomuser.me/api 
 status=200, reason=OK 
 headers={'Date': 'Tue, 30 Jul 2024 02:33:49 GMT', 'Content-Type': 'application/json; charset=utf-8', 'Transfer-Encoding': 'chunked', 'Connection': 'keep-alive', 'X-Powered-By': 'Express', 'Access-Control-Allow-Origin': '*', 'Cache-Control': 'no-cache', 'ETag': 'W/"486-KkD01n2ncvPf2gTynhrVpb+MW/k"', 'Vary': 'Accept-Encoding', 'Content-Encoding': 'gzip', 'CF-Cache-Status': 'DYNAMIC', 'Report-To': '{"endpoints":[{"url":"https:\\/\\/a.nel.cloudflare.com\\/report\\/v4?s=4DOZAXTO%2BX3bz5PlSkaNhgO9rohHKE6kps4Nu4ue%2FFa5rUhCRc2BtinXuyUOscpnp4O4wo%2FAIjH7CNVKpp9fVQp3S3fQBKozxK14vb%2FAVwsNsGVlldOKxLEsEsJ1S9J6"}],"group":"cf-nel","max_age":604800}', 'NEL': '{"success_fraction":0,"report_to":"cf-nel","max_age":604800}', 'Server': 'cloudflare', 'CF-RAY': '8ab1f2331d551733-IAD', 'alt-svc': 'h3=":443"; ma=86400'} 
 body={"results":[{"gender":"female","name":{"title":"Mrs","first":"Matilda","last":"Neva"},"location":{"street":{"number":9101,"name":"Visiokatu"},"city":"Varkaus","state":"Northern Savonia","country":"Finland","postcode":23413,"coordinates":{"latitude":"-22.5096","longitude":"51.5900"},"timezone":{"offset":"+5:45","description":"Kathmandu"}},"email":"matilda.neva@example.com","login":{"uuid":"895cefe7-2123-4015-ae6d-71dea7aefe9c","username":"ticklishladybug202","password":"gentle","salt":"fjocfuO4","md5":"ea311c815c9a21e431e34fc97a308509","sha1":"f51ac458c536cc1822fa1e93464cbdfd4f2db025","sha256":"39fa1bf6ab64fb0a4a43e2cf0012c82530d1b3df6c550abe9e12828a52876bfa"},"dob":{"date":"1994-03-06T09:13:41.344Z","age":30},"registered":{"date":"2019-11-18T15:56:41.664Z","age":4},"phone":"05-699-967","cell":"048-104-71-32","id":{"name":"HETU","value":"NaNNA602undefined"},"picture":{"large":"https://randomuser.me/api/portraits/women/62.jpg","medium":"https://randomuser.me/api/portraits/med/women/62.jpg","thumbnail":"https://randomuser.me/api/portraits/thumb/women/62.jpg"},"nat":"FI"}],"info":{"seed":"e929fc5515ed7143","results":1,"page":1,"version":"1.4"}} 
 </msg>
<msg time="2024-07-30T02:33:49.381433" level="INFO">/opt/hostedtoolcache/Python/3.12.4/x64/lib/python3.12/site-packages/urllib3/connectionpool.py:1099: InsecureRequestWarning: Unverified HTTPS request is being made to host 'randomuser.me'. Adding certificate verification is strongly advised. See: https://urllib3.readthedocs.io/en/latest/advanced-usage.html#tls-warnings
  warnings.warn(</msg>
<msg time="2024-07-30T02:33:49.381556" level="INFO">${response} = &lt;Response [200]&gt;</msg>
<var>${response}</var>
<arg>consultarAPI</arg>
<arg>/api</arg>
<doc>Sends a GET request on a previously created HTTP Session.</doc>
<status status="PASS" start="2024-07-30T02:33:49.291895" elapsed="0.089703"/>
</kw>
<kw name="Set Variable" owner="BuiltIn">
<msg time="2024-07-30T02:33:49.382533" level="INFO">${json_data} = {'results': [{'gender': 'female', 'name': {'title': 'Mrs', 'first': 'Matilda', 'last': 'Neva'}, 'location': {'street': {'number': 9101, 'name': 'Visiokatu'}, 'city': 'Varkaus', 'state': 'Northern Savo...</msg>
<var>${json_data}</var>
<arg>${response.json()}</arg>
<doc>Returns the given values which can then be assigned to a variables.</doc>
<status status="PASS" start="2024-07-30T02:33:49.382046" elapsed="0.000516"/>
</kw>
<kw name="Set Variable" owner="BuiltIn">
<msg time="2024-07-30T02:33:49.383247" level="INFO">${name_title} = Mrs</msg>
<var>${name_title}</var>
<arg>${json_data["results"][0]["name"]["title"]}</arg>
<doc>Returns the given values which can then be assigned to a variables.</doc>
<status status="PASS" start="2024-07-30T02:33:49.382867" elapsed="0.000406"/>
</kw>
<kw name="Create List" owner="BuiltIn">
<msg time="2024-07-30T02:33:49.383756" level="INFO">${allowed_titles} = ['Mr', 'Ms', 'Miss', 'Mrs', 'Madame', 'Monsieur']</msg>
<var>${allowed_titles}</var>
<arg>Mr</arg>
<arg>Ms</arg>
<arg>Miss</arg>
<arg>Mrs</arg>
<arg>Madame</arg>
<arg>Monsieur</arg>
<doc>Returns a list containing given items.</doc>
<status status="PASS" start="2024-07-30T02:33:49.383596" elapsed="0.000185"/>
</kw>
<kw name="List Should Contain Value" owner="Collections">
<arg>${allowed_titles}</arg>
<arg>${name_title}</arg>
<doc>Fails if the ``value`` is not found from ``list``.</doc>
<status status="PASS" start="2024-07-30T02:33:49.384076" elapsed="0.000182"/>
</kw>
<kw name="Set Variable" owner="BuiltIn">
<msg time="2024-07-30T02:33:49.384812" level="INFO">${name_country} = FI</msg>
<var>${name_country}</var>
<arg>${json_data["results"][0]["nat"]}</arg>
<doc>Returns the given values which can then be assigned to a variables.</doc>
<status status="PASS" start="2024-07-30T02:33:49.384444" elapsed="0.000393"/>
</kw>
<kw name="Create List" owner="BuiltIn">
<msg time="2024-07-30T02:33:49.385712" level="INFO">${list_country} = ['AD', 'AE', 'AF', 'AG', 'AI', 'AL', 'AM', 'AO', 'AQ', 'AR', 'AS', 'AT', 'AU', 'AW', 'AX', 'AZ', 'BA', 'BB', 'BD', 'BE', 'BF', 'BG', 'BH', 'BI', 'BJ', 'BL', 'BM', 'BN', 'BO', 'BQ', 'BR', 'BS', 'BT', '...</msg>
<var>${list_country}</var>
<arg>AD</arg>
<arg>AE</arg>
<arg>AF</arg>
<arg>AG</arg>
<arg>AI</arg>
<arg>AL</arg>
<arg>AM</arg>
<arg>AO</arg>
<arg>AQ</arg>
<arg>AR</arg>
<arg>AS</arg>
<arg>AT</arg>
<arg>AU</arg>
<arg>AW</arg>
<arg>AX</arg>
<arg>AZ</arg>
<arg>BA</arg>
<arg>BB</arg>
<arg>BD</arg>
<arg>BE</arg>
<arg>BF</arg>
<arg>BG</arg>
<arg>BH</arg>
<arg>BI</arg>
<arg>BJ</arg>
<arg>BL</arg>
<arg>BM</arg>
<arg>BN</arg>
<arg>BO</arg>
<arg>BQ</arg>
<arg>BR</arg>
<arg>BS</arg>
<arg>BT</arg>
<arg>BV</arg>
<arg>BW</arg>
<arg>BY</arg>
<arg>BZ</arg>
<arg>CA</arg>
<arg>CC</arg>
<arg>CD</arg>
<arg>CF</arg>
<arg>CG</arg>
<arg>CH</arg>
<arg>CI</arg>
<arg>CK</arg>
<arg>CL</arg>
<arg>CM</arg>
<arg>CN</arg>
<arg>CO</arg>
<arg>CR</arg>
<arg>CU</arg>
<arg>CV</arg>
<arg>CW</arg>
<arg>CX</arg>
<arg>CY</arg>
<arg>CZ</arg>
<arg>DE</arg>
<arg>DJ</arg>
<arg>DK</arg>
<arg>DM</arg>
<arg>DO</arg>
<arg>DZ</arg>
<arg>EC</arg>
<arg>EE</arg>
<arg>EG</arg>
<arg>EH</arg>
<arg>ER</arg>
<arg>ES</arg>
<arg>ET</arg>
<arg>FI</arg>
<arg>FJ</arg>
<arg>FK</arg>
<arg>FM</arg>
<arg>FO</arg>
<arg>FR</arg>
<arg>GA</arg>
<arg>GB</arg>
<arg>GD</arg>
<arg>GE</arg>
<arg>GF</arg>
<arg>GG</arg>
<arg>GH</arg>
<arg>GI</arg>
<arg>GL</arg>
<arg>GM</arg>
<arg>GN</arg>
<arg>GP</arg>
<arg>GQ</arg>
<arg>GR</arg>
<arg>GS</arg>
<arg>GT</arg>
<arg>GU</arg>
<arg>GW</arg>
<arg>GY</arg>
<arg>HK</arg>
<arg>HM</arg>
<arg>HN</arg>
<arg>HR</arg>
<arg>HT</arg>
<arg>HU</arg>
<arg>ID</arg>
<arg>IE</arg>
<arg>IL</arg>
<arg>IM</arg>
<arg>IN</arg>
<arg>IO</arg>
<arg>IQ</arg>
<arg>IR</arg>
<arg>IS</arg>
<arg>IT</arg>
<arg>JE</arg>
<arg>JM</arg>
<arg>JO</arg>
<arg>JP</arg>
<arg>KE</arg>
<arg>KG</arg>
<arg>KH</arg>
<arg>KI</arg>
<arg>KM</arg>
<arg>KN</arg>
<arg>KP</arg>
<arg>KR</arg>
<arg>KW</arg>
<arg>KY</arg>
<arg>KZ</arg>
<arg>LA</arg>
<arg>LB</arg>
<arg>LC</arg>
<arg>LI</arg>
<arg>LK</arg>
<arg>LR</arg>
<arg>LS</arg>
<arg>LT</arg>
<arg>LU</arg>
<arg>LV</arg>
<arg>LY</arg>
<arg>MA</arg>
<arg>MC</arg>
<arg>MD</arg>
<arg>ME</arg>
<arg>MF</arg>
<arg>MG</arg>
<arg>MH</arg>
<arg>MK</arg>
<arg>ML</arg>
<arg>MM</arg>
<arg>MN</arg>
<arg>MO</arg>
<arg>MP</arg>
<arg>MQ</arg>
<arg>MR</arg>
<arg>MS</arg>
<arg>MT</arg>
<arg>MU</arg>
<arg>MV</arg>
<arg>MW</arg>
<arg>MX</arg>
<arg>MY</arg>
<arg>MZ</arg>
<arg>NA</arg>
<arg>NC</arg>
<arg>NE</arg>
<arg>NF</arg>
<arg>NG</arg>
<arg>NI</arg>
<arg>NL</arg>
<arg>NO</arg>
<arg>NP</arg>
<arg>NR</arg>
<arg>NU</arg>
<arg>NZ</arg>
<arg>OM</arg>
<arg>PA</arg>
<arg>PE</arg>
<arg>PF</arg>
<arg>PG</arg>
<arg>PH</arg>
<arg>PK</arg>
<arg>PL</arg>
<arg>PM</arg>
<arg>PN</arg>
<arg>PR</arg>
<arg>PS</arg>
<arg>PT</arg>
<arg>PW</arg>
<arg>PY</arg>
<arg>QA</arg>
<arg>RE</arg>
<arg>RO</arg>
<arg>RS</arg>
<arg>RU</arg>
<arg>RW</arg>
<arg>SA</arg>
<arg>SB</arg>
<arg>SC</arg>
<arg>SD</arg>
<arg>SE</arg>
<arg>SG</arg>
<arg>SH</arg>
<arg>SI</arg>
<arg>SJ</arg>
<arg>SK</arg>
<arg>SL</arg>
<arg>SM</arg>
<arg>SN</arg>
<arg>SO</arg>
<arg>SR</arg>
<arg>SS</arg>
<arg>ST</arg>
<arg>SV</arg>
<arg>SX</arg>
<arg>SY</arg>
<arg>SZ</arg>
<arg>TC</arg>
<arg>TD</arg>
<arg>TF</arg>
<arg>TG</arg>
<arg>TH</arg>
<arg>TJ</arg>
<arg>TK</arg>
<arg>TL</arg>
<arg>TM</arg>
<arg>TN</arg>
<arg>TO</arg>
<arg>TR</arg>
<arg>TT</arg>
<arg>TV</arg>
<arg>TW</arg>
<arg>TZ</arg>
<arg>UA</arg>
<arg>UG</arg>
<arg>UM</arg>
<arg>US</arg>
<arg>UY</arg>
<arg>UZ</arg>
<arg>VA</arg>
<arg>VC</arg>
<arg>VE</arg>
<arg>VG</arg>
<arg>VI</arg>
<arg>VN</arg>
<arg>VU</arg>
<arg>WF</arg>
<arg>WS</arg>
<arg>XK</arg>
<arg>YE</arg>
<arg>YT</arg>
<arg>ZA</arg>
<arg>ZM</arg>
<arg>ZW</arg>
<doc>Returns a list containing given items.</doc>
<status status="PASS" start="2024-07-30T02:33:49.385125" elapsed="0.000612"/>
</kw>
<kw name="List Should Contain Value" owner="Collections">
<arg>${list_country}</arg>
<arg>${name_country}</arg>
<doc>Fails if the ``value`` is not found from ``list``.</doc>
<status status="PASS" start="2024-07-30T02:33:49.386693" elapsed="0.000210"/>
</kw>
<kw name="Run Keyword If" owner="BuiltIn">
<kw name="Should Be True" owner="BuiltIn">
<arg>${True}</arg>
<doc>Fails if the given condition is not true.</doc>
<status status="PASS" start="2024-07-30T02:33:49.387891" elapsed="0.000144"/>
</kw>
<arg>${json_data["results"][0]["location"]["coordinates"]["latitude"]} &gt;= -90 and ${json_data["results"][0]["location"]["coordinates"]["latitude"]} &lt;= 90</arg>
<arg>Should Be True</arg>
<arg>${True}</arg>
<doc>Runs the given keyword with the given arguments, if ``condition`` is true.</doc>
<status status="PASS" start="2024-07-30T02:33:49.387103" elapsed="0.001058"/>
</kw>
<kw name="Run Keyword If" owner="BuiltIn">
<kw name="Should Be True" owner="BuiltIn">
<arg>${True}</arg>
<doc>Fails if the given condition is not true.</doc>
<status status="PASS" start="2024-07-30T02:33:49.389029" elapsed="0.000136"/>
</kw>
<arg>${json_data["results"][0]["location"]["coordinates"]["longitude"]} &gt;= -180 and ${json_data["results"][0]["location"]["coordinates"]["longitude"]} &lt;= 180</arg>
<arg>Should Be True</arg>
<arg>${True}</arg>
<doc>Runs the given keyword with the given arguments, if ``condition`` is true.</doc>
<status status="PASS" start="2024-07-30T02:33:49.388343" elapsed="0.000946"/>
</kw>
<status status="PASS" start="2024-07-30T02:33:49.291667" elapsed="0.097750"/>
</kw>
<doc>Testa o conteúdo específico dos campos retornados pela API.</doc>
<tag>testeConteudo</tag>
<status status="PASS" start="2024-07-30T02:33:49.291089" elapsed="0.098475"/>
</test>
<status status="PASS" start="2024-07-30T02:33:48.571766" elapsed="0.819744"/>
</suite>
<status status="PASS" start="2024-07-30T02:33:48.545249" elapsed="0.851402"/>
</suite>
<statistics>
<total>
<stat pass="5" fail="0" skip="0">All Tests</stat>
</total>
<tag>
<stat pass="1" fail="0" skip="0">testeConteudo</stat>
<stat pass="1" fail="0" skip="0">testeEstruturaResposta</stat>
<stat pass="1" fail="0" skip="0">testeRequisicaoBasica</stat>
<stat pass="1" fail="0" skip="0">testeTiposDados</stat>
</tag>
<suite>
<stat pass="5" fail="0" skip="0" id="s1" name="Tests">Tests</stat>
<stat pass="5" fail="0" skip="0" id="s1-s1" name="Random-User-Test">Tests.Random-User-Test</stat>
</suite>
</statistics>
<errors>
</errors>
</robot>
