<?xml version="1.0" encoding="UTF-8"?>
<robot generator="Robot 7.0.1 (Python 3.12.4 on linux)" generated="2024-07-19T23:15:24.308451" rpa="false" schemaversion="5">
<suite id="s1" name="Tests" source="/home/runner/work/ApiRandomUser/ApiRandomUser/RamdonUser/tests">
<suite id="s1-s1" name="Random-User-Test" source="/home/runner/work/ApiRandomUser/ApiRandomUser/RamdonUser/tests/random-user-test.robot">
<test id="s1-s1-t1" name="Conectar" line="13">
<kw name="Conectar API" owner="random-user-service">
<kw name="Create Session" owner="RequestsLibrary">
<msg time="2024-07-19T23:15:24.697784" level="INFO">Creating Session using : alias=consultarAPI, url=https://randomuser.me/, headers={},                     cookies={}, auth=None, timeout=None, proxies=None, verify=False,                     debug=0 </msg>
<arg>consultarAPI</arg>
<arg>${URL}</arg>
<doc>Create Session: create a HTTP session to a server</doc>
<status status="PASS" start="2024-07-19T23:15:24.697586" elapsed="0.000366"/>
</kw>
<status status="PASS" start="2024-07-19T23:15:24.696570" elapsed="0.001728"/>
</kw>
<status status="PASS" start="2024-07-19T23:15:24.696063" elapsed="0.002423"/>
</test>
<test id="s1-s1-t2" name="Validar retorno 200 e JSON Válido" line="16">
<kw name="Teste de Requisicao Basica" owner="random-user-service">
<kw name="GET On Session" owner="RequestsLibrary">
<msg time="2024-07-19T23:15:24.871303" level="INFO">GET Request : url=https://randomuser.me/api 
 path_url=/api 
 headers={'User-Agent': 'python-requests/2.32.3', 'Accept-Encoding': 'gzip, deflate', 'Accept': '*/*', 'Connection': 'keep-alive'} 
 body=None 
 </msg>
<msg time="2024-07-19T23:15:24.871419" level="INFO">GET Response : url=https://randomuser.me/api 
 status=200, reason=OK 
 headers={'Date': 'Fri, 19 Jul 2024 23:15:24 GMT', 'Content-Type': 'application/json; charset=utf-8', 'Transfer-Encoding': 'chunked', 'Connection': 'keep-alive', 'X-Powered-By': 'Express', 'Access-Control-Allow-Origin': '*', 'Cache-Control': 'no-cache', 'ETag': 'W/"4a0-NYSG0Cs2RWE52h0v3CfV5j9iZeE"', 'Vary': 'Accept-Encoding', 'Content-Encoding': 'gzip', 'CF-Cache-Status': 'DYNAMIC', 'Report-To': '{"endpoints":[{"url":"https:\\/\\/a.nel.cloudflare.com\\/report\\/v4?s=sAeWTAKVU3q68IhL9ki2E93Amumd5%2FzLMLd5o8P9LkSQGOK6sijB9ThiaVnif5ZA14ZNQkc%2BzHx5XkvDMt%2FCsHs4Zr%2FcthbRP7pboDJNWUrvbmg31PHo9uaazCLoFbHU"}],"group":"cf-nel","max_age":604800}', 'NEL': '{"success_fraction":0,"report_to":"cf-nel","max_age":604800}', 'Server': 'cloudflare', 'CF-RAY': '8a5e69d04cee8006-IAD', 'alt-svc': 'h3=":443"; ma=86400'} 
 body={"results":[{"gender":"female","name":{"title":"Mrs","first":"Mihaela","last":"Rakić"},"location":{"street":{"number":4040,"name":"Bogoševačka"},"city":"Medveđa","state":"Kosovo-Pomoravlje","country":"Serbia","postcode":77955,"coordinates":{"latitude":"64.0001","longitude":"103.1091"},"timezone":{"offset":"-4:00","description":"Atlantic Time (Canada), Caracas, La Paz"}},"email":"mihaela.rakic@example.com","login":{"uuid":"89546173-c65c-47ce-a812-0c02410512a6","username":"blackbird781","password":"barney1","salt":"zvYBY4jF","md5":"9b1d47ecac08026e58b166617d876269","sha1":"6dd9df2561b438ace35c4d7c318e299f1542d1ea","sha256":"5a882d3f002b230c4053fdfe2f2ea7c3999e2de330cabf6be5f8e17b4d202172"},"dob":{"date":"1946-03-09T05:28:16.417Z","age":78},"registered":{"date":"2005-07-21T16:27:59.292Z","age":18},"phone":"010-3116-386","cell":"067-7414-567","id":{"name":"SID","value":"128963974"},"picture":{"large":"https://randomuser.me/api/portraits/women/27.jpg","medium":"https://randomuser.me/api/portraits/med/women/27.jpg","thumbnail":"https://randomuser.me/api/portraits/thumb/women/27.jpg"},"nat":"RS"}],"info":{"seed":"9e7d399ad53f2816","results":1,"page":1,"version":"1.4"}} 
 </msg>
<msg time="2024-07-19T23:15:24.871492" level="INFO">/opt/hostedtoolcache/Python/3.12.4/x64/lib/python3.12/site-packages/urllib3/connectionpool.py:1099: InsecureRequestWarning: Unverified HTTPS request is being made to host 'randomuser.me'. Adding certificate verification is strongly advised. See: https://urllib3.readthedocs.io/en/latest/advanced-usage.html#tls-warnings
  warnings.warn(</msg>
<msg time="2024-07-19T23:15:24.871621" level="INFO">${response} = &lt;Response [200]&gt;</msg>
<var>${response}</var>
<arg>consultarAPI</arg>
<arg>/api</arg>
<doc>Sends a GET request on a previously created HTTP Session.</doc>
<status status="PASS" start="2024-07-19T23:15:24.701012" elapsed="0.170648"/>
</kw>
<kw name="Should Be Equal As Numbers" owner="BuiltIn">
<msg time="2024-07-19T23:15:24.872475" level="INFO">Argument types are:
&lt;class 'int'&gt;
&lt;class 'str'&gt;</msg>
<arg>${response.status_code}</arg>
<arg>200</arg>
<doc>Fails if objects are unequal after converting them to real numbers.</doc>
<status status="PASS" start="2024-07-19T23:15:24.872072" elapsed="0.000465"/>
</kw>
<kw name="Log" owner="BuiltIn">
<msg time="2024-07-19T23:15:24.873194" level="INFO">200</msg>
<arg>${response.status_code}</arg>
<doc>Logs the given message with the given level.</doc>
<status status="PASS" start="2024-07-19T23:15:24.872847" elapsed="0.000423"/>
</kw>
<kw name="Set Variable" owner="BuiltIn">
<msg time="2024-07-19T23:15:24.874019" level="INFO">${json_data} = {'results': [{'gender': 'female', 'name': {'title': 'Mrs', 'first': 'Mihaela', 'last': 'Rakić'}, 'location': {'street': {'number': 4040, 'name': 'Bogoševačka'}, 'city': 'Medveđa', 'state': 'Kosovo-Pom...</msg>
<var>${json_data}</var>
<arg>${response.json()}</arg>
<doc>Returns the given values which can then be assigned to a variables.</doc>
<status status="PASS" start="2024-07-19T23:15:24.873575" elapsed="0.000474"/>
</kw>
<kw name="Dictionary Should Contain Key" owner="Collections">
<arg>${json_data}</arg>
<arg>results</arg>
<doc>Fails if ``key`` is not found from ``dictionary``.</doc>
<status status="PASS" start="2024-07-19T23:15:24.874349" elapsed="0.000298"/>
</kw>
<status status="PASS" start="2024-07-19T23:15:24.700770" elapsed="0.174024"/>
</kw>
<doc>Testa se a API responde corretamente e retorna um objeto JSON válido.</doc>
<tag>testeRequisicaoBasica</tag>
<status status="PASS" start="2024-07-19T23:15:24.700320" elapsed="0.174630"/>
</test>
<test id="s1-s1-t3" name="Validar estrutura de resposta" line="22">
<kw name="Teste de Estrutura de Resposta" owner="random-user-service">
<kw name="GET On Session" owner="RequestsLibrary">
<msg time="2024-07-19T23:15:24.977254" level="INFO">GET Request : url=https://randomuser.me/api 
 path_url=/api 
 headers={'User-Agent': 'python-requests/2.32.3', 'Accept-Encoding': 'gzip, deflate', 'Accept': '*/*', 'Connection': 'keep-alive'} 
 body=None 
 </msg>
<msg time="2024-07-19T23:15:24.977322" level="INFO">GET Response : url=https://randomuser.me/api 
 status=200, reason=OK 
 headers={'Date': 'Fri, 19 Jul 2024 23:15:24 GMT', 'Content-Type': 'application/json; charset=utf-8', 'Transfer-Encoding': 'chunked', 'Connection': 'keep-alive', 'X-Powered-By': 'Express', 'Access-Control-Allow-Origin': '*', 'Cache-Control': 'no-cache', 'ETag': 'W/"48e-FyHdC9z/c6bYna0rRTYjd3PBoMA"', 'Vary': 'Accept-Encoding', 'Content-Encoding': 'gzip', 'CF-Cache-Status': 'DYNAMIC', 'Report-To': '{"endpoints":[{"url":"https:\\/\\/a.nel.cloudflare.com\\/report\\/v4?s=BdAaD71rxgKuvNs%2B183G2N5iahmrhqGg7puRpvVujdOr0PQM3ed2Vk7u9UCfdM8cMi6MFcRy4t0zaG9EDW5X5ifpbEqdxw2QqWHpyOBu6F1XzCIeDKBuYSlpqt63Z%2Bwy"}],"group":"cf-nel","max_age":604800}', 'NEL': '{"success_fraction":0,"report_to":"cf-nel","max_age":604800}', 'Server': 'cloudflare', 'CF-RAY': '8a5e69d08d268006-IAD', 'alt-svc': 'h3=":443"; ma=86400'} 
 body={"results":[{"gender":"male","name":{"title":"Mr","first":"آدرین","last":"سالاری"},"location":{"street":{"number":3693,"name":"خاوران"},"city":"شیراز","state":"هرمزگان","country":"Iran","postcode":88408,"coordinates":{"latitude":"15.6614","longitude":"-114.8613"},"timezone":{"offset":"+3:00","description":"Baghdad, Riyadh, Moscow, St. Petersburg"}},"email":"adryn.slry@example.com","login":{"uuid":"048539ad-b371-4aef-a5c6-f6413e8e1966","username":"smallkoala987","password":"france","salt":"RnDeP47j","md5":"bf40131b41afd390a2d070b4472eeffa","sha1":"5aa48520a4da22505d9c911ff7d74139f77da5ca","sha256":"99f8acbaf6f73f001a1b7edee40f5d7a55b67c44f075a211560162e3db0b5536"},"dob":{"date":"1965-12-13T10:14:18.445Z","age":58},"registered":{"date":"2007-11-06T13:33:29.293Z","age":16},"phone":"029-59054333","cell":"0933-254-9371","id":{"name":"","value":null},"picture":{"large":"https://randomuser.me/api/portraits/men/7.jpg","medium":"https://randomuser.me/api/portraits/med/men/7.jpg","thumbnail":"https://randomuser.me/api/portraits/thumb/men/7.jpg"},"nat":"IR"}],"info":{"seed":"6f2fbb7a43e9e2ca","results":1,"page":1,"version":"1.4"}} 
 </msg>
<msg time="2024-07-19T23:15:24.977419" level="INFO">/opt/hostedtoolcache/Python/3.12.4/x64/lib/python3.12/site-packages/urllib3/connectionpool.py:1099: InsecureRequestWarning: Unverified HTTPS request is being made to host 'randomuser.me'. Adding certificate verification is strongly advised. See: https://urllib3.readthedocs.io/en/latest/advanced-usage.html#tls-warnings
  warnings.warn(</msg>
<msg time="2024-07-19T23:15:24.977530" level="INFO">${response} = &lt;Response [200]&gt;</msg>
<var>${response}</var>
<arg>consultarAPI</arg>
<arg>/api</arg>
<doc>Sends a GET request on a previously created HTTP Session.</doc>
<status status="PASS" start="2024-07-19T23:15:24.877550" elapsed="0.100019"/>
</kw>
<kw name="Set Variable" owner="BuiltIn">
<msg time="2024-07-19T23:15:24.978395" level="INFO">${json_data} = {'results': [{'gender': 'male', 'name': {'title': 'Mr', 'first': 'آدرین', 'last': 'سالاری'}, 'location': {'street': {'number': 3693, 'name': 'خاوران'}, 'city': 'شیراز', 'state': 'هرمزگان', 'country': ...</msg>
<var>${json_data}</var>
<arg>${response.json()}</arg>
<doc>Returns the given values which can then be assigned to a variables.</doc>
<status status="PASS" start="2024-07-19T23:15:24.977937" elapsed="0.000489"/>
</kw>
<kw name="Log" owner="BuiltIn">
<msg time="2024-07-19T23:15:24.978889" level="INFO">{'results': [{'gender': 'male', 'name': {'title': 'Mr', 'first': 'آدرین', 'last': 'سالاری'}, 'location': {'street': {'number': 3693, 'name': 'خاوران'}, 'city': 'شیراز', 'state': 'هرمزگان', 'country': 'Iran', 'postcode': 88408, 'coordinates': {'latitude': '15.6614', 'longitude': '-114.8613'}, 'timezone': {'offset': '+3:00', 'description': 'Baghdad, Riyadh, Moscow, St. Petersburg'}}, 'email': 'adryn.slry@example.com', 'login': {'uuid': '048539ad-b371-4aef-a5c6-f6413e8e1966', 'username': 'smallkoala987', 'password': 'france', 'salt': 'RnDeP47j', 'md5': 'bf40131b41afd390a2d070b4472eeffa', 'sha1': '5aa48520a4da22505d9c911ff7d74139f77da5ca', 'sha256': '99f8acbaf6f73f001a1b7edee40f5d7a55b67c44f075a211560162e3db0b5536'}, 'dob': {'date': '1965-12-13T10:14:18.445Z', 'age': 58}, 'registered': {'date': '2007-11-06T13:33:29.293Z', 'age': 16}, 'phone': '029-59054333', 'cell': '0933-254-9371', 'id': {'name': '', 'value': None}, 'picture': {'large': 'https://randomuser.me/api/portraits/men/7.jpg', 'medium': 'https://randomuser.me/api/portraits/med/men/7.jpg', 'thumbnail': 'https://randomuser.me/api/portraits/thumb/men/7.jpg'}, 'nat': 'IR'}], 'info': {'seed': '6f2fbb7a43e9e2ca', 'results': 1, 'page': 1, 'version': '1.4'}}</msg>
<arg>${json_data}</arg>
<doc>Logs the given message with the given level.</doc>
<status status="PASS" start="2024-07-19T23:15:24.978727" elapsed="0.000213"/>
</kw>
<kw name="Dictionary Should Contain Key" owner="Collections">
<arg>${json_data}</arg>
<arg>results</arg>
<doc>Fails if ``key`` is not found from ``dictionary``.</doc>
<status status="PASS" start="2024-07-19T23:15:24.979231" elapsed="0.000153"/>
</kw>
<kw name="Should Not Be Empty" owner="BuiltIn">
<msg time="2024-07-19T23:15:24.979696" level="INFO">Length is 2.</msg>
<arg>${json_data}</arg>
<doc>Verifies that the given item is not empty.</doc>
<status status="PASS" start="2024-07-19T23:15:24.979570" elapsed="0.000173"/>
</kw>
<kw name="Create List" owner="BuiltIn">
<msg time="2024-07-19T23:15:24.980180" level="INFO">${expected_keys} = ['gender', 'name', 'location', 'email', 'login']</msg>
<var>${expected_keys}</var>
<arg>gender</arg>
<arg>name</arg>
<arg>location</arg>
<arg>email</arg>
<arg>login</arg>
<doc>Returns a list containing given items.</doc>
<status status="PASS" start="2024-07-19T23:15:24.980029" elapsed="0.000175"/>
</kw>
<for flavor="IN">
<iter>
<kw name="Dictionary Should Contain Key" owner="Collections">
<arg>${json_data['results'][0]}</arg>
<arg>${key}</arg>
<doc>Fails if ``key`` is not found from ``dictionary``.</doc>
<status status="PASS" start="2024-07-19T23:15:24.980759" elapsed="0.000411"/>
</kw>
<kw name="Log" owner="BuiltIn">
<msg time="2024-07-19T23:15:24.981747" level="INFO">{'gender': 'male', 'name': {'title': 'Mr', 'first': 'آدرین', 'last': 'سالاری'}, 'location': {'street': {'number': 3693, 'name': 'خاوران'}, 'city': 'شیراز', 'state': 'هرمزگان', 'country': 'Iran', 'postcode': 88408, 'coordinates': {'latitude': '15.6614', 'longitude': '-114.8613'}, 'timezone': {'offset': '+3:00', 'description': 'Baghdad, Riyadh, Moscow, St. Petersburg'}}, 'email': 'adryn.slry@example.com', 'login': {'uuid': '048539ad-b371-4aef-a5c6-f6413e8e1966', 'username': 'smallkoala987', 'password': 'france', 'salt': 'RnDeP47j', 'md5': 'bf40131b41afd390a2d070b4472eeffa', 'sha1': '5aa48520a4da22505d9c911ff7d74139f77da5ca', 'sha256': '99f8acbaf6f73f001a1b7edee40f5d7a55b67c44f075a211560162e3db0b5536'}, 'dob': {'date': '1965-12-13T10:14:18.445Z', 'age': 58}, 'registered': {'date': '2007-11-06T13:33:29.293Z', 'age': 16}, 'phone': '029-59054333', 'cell': '0933-254-9371', 'id': {'name': '', 'value': None}, 'picture': {'large': 'https://randomuser.me/api/portraits/men/7.jpg', 'medium': 'https://randomuser.me/api/portraits/med/men/7.jpg', 'thumbnail': 'https://randomuser.me/api/portraits/thumb/men/7.jpg'}, 'nat': 'IR'}</msg>
<arg>${json_data['results'][0]}</arg>
<doc>Logs the given message with the given level.</doc>
<status status="PASS" start="2024-07-19T23:15:24.981381" elapsed="0.000417"/>
</kw>
<kw name="Log" owner="BuiltIn">
<msg time="2024-07-19T23:15:24.982225" level="INFO">gender</msg>
<arg>${key}</arg>
<doc>Logs the given message with the given level.</doc>
<status status="PASS" start="2024-07-19T23:15:24.982099" elapsed="0.000163"/>
</kw>
<var name="${key}">gender</var>
<status status="PASS" start="2024-07-19T23:15:24.980635" elapsed="0.001838"/>
</iter>
<iter>
<kw name="Dictionary Should Contain Key" owner="Collections">
<arg>${json_data['results'][0]}</arg>
<arg>${key}</arg>
<doc>Fails if ``key`` is not found from ``dictionary``.</doc>
<status status="PASS" start="2024-07-19T23:15:24.982760" elapsed="0.000377"/>
</kw>
<kw name="Log" owner="BuiltIn">
<msg time="2024-07-19T23:15:24.983675" level="INFO">{'gender': 'male', 'name': {'title': 'Mr', 'first': 'آدرین', 'last': 'سالاری'}, 'location': {'street': {'number': 3693, 'name': 'خاوران'}, 'city': 'شیراز', 'state': 'هرمزگان', 'country': 'Iran', 'postcode': 88408, 'coordinates': {'latitude': '15.6614', 'longitude': '-114.8613'}, 'timezone': {'offset': '+3:00', 'description': 'Baghdad, Riyadh, Moscow, St. Petersburg'}}, 'email': 'adryn.slry@example.com', 'login': {'uuid': '048539ad-b371-4aef-a5c6-f6413e8e1966', 'username': 'smallkoala987', 'password': 'france', 'salt': 'RnDeP47j', 'md5': 'bf40131b41afd390a2d070b4472eeffa', 'sha1': '5aa48520a4da22505d9c911ff7d74139f77da5ca', 'sha256': '99f8acbaf6f73f001a1b7edee40f5d7a55b67c44f075a211560162e3db0b5536'}, 'dob': {'date': '1965-12-13T10:14:18.445Z', 'age': 58}, 'registered': {'date': '2007-11-06T13:33:29.293Z', 'age': 16}, 'phone': '029-59054333', 'cell': '0933-254-9371', 'id': {'name': '', 'value': None}, 'picture': {'large': 'https://randomuser.me/api/portraits/men/7.jpg', 'medium': 'https://randomuser.me/api/portraits/med/men/7.jpg', 'thumbnail': 'https://randomuser.me/api/portraits/thumb/men/7.jpg'}, 'nat': 'IR'}</msg>
<arg>${json_data['results'][0]}</arg>
<doc>Logs the given message with the given level.</doc>
<status status="PASS" start="2024-07-19T23:15:24.983314" elapsed="0.000445"/>
</kw>
<kw name="Log" owner="BuiltIn">
<msg time="2024-07-19T23:15:24.984180" level="INFO">name</msg>
<arg>${key}</arg>
<doc>Logs the given message with the given level.</doc>
<status status="PASS" start="2024-07-19T23:15:24.984056" elapsed="0.000161"/>
</kw>
<var name="${key}">name</var>
<status status="PASS" start="2024-07-19T23:15:24.982651" elapsed="0.001788"/>
</iter>
<iter>
<kw name="Dictionary Should Contain Key" owner="Collections">
<arg>${json_data['results'][0]}</arg>
<arg>${key}</arg>
<doc>Fails if ``key`` is not found from ``dictionary``.</doc>
<status status="PASS" start="2024-07-19T23:15:24.984720" elapsed="0.000377"/>
</kw>
<kw name="Log" owner="BuiltIn">
<msg time="2024-07-19T23:15:24.985657" level="INFO">{'gender': 'male', 'name': {'title': 'Mr', 'first': 'آدرین', 'last': 'سالاری'}, 'location': {'street': {'number': 3693, 'name': 'خاوران'}, 'city': 'شیراز', 'state': 'هرمزگان', 'country': 'Iran', 'postcode': 88408, 'coordinates': {'latitude': '15.6614', 'longitude': '-114.8613'}, 'timezone': {'offset': '+3:00', 'description': 'Baghdad, Riyadh, Moscow, St. Petersburg'}}, 'email': 'adryn.slry@example.com', 'login': {'uuid': '048539ad-b371-4aef-a5c6-f6413e8e1966', 'username': 'smallkoala987', 'password': 'france', 'salt': 'RnDeP47j', 'md5': 'bf40131b41afd390a2d070b4472eeffa', 'sha1': '5aa48520a4da22505d9c911ff7d74139f77da5ca', 'sha256': '99f8acbaf6f73f001a1b7edee40f5d7a55b67c44f075a211560162e3db0b5536'}, 'dob': {'date': '1965-12-13T10:14:18.445Z', 'age': 58}, 'registered': {'date': '2007-11-06T13:33:29.293Z', 'age': 16}, 'phone': '029-59054333', 'cell': '0933-254-9371', 'id': {'name': '', 'value': None}, 'picture': {'large': 'https://randomuser.me/api/portraits/men/7.jpg', 'medium': 'https://randomuser.me/api/portraits/med/men/7.jpg', 'thumbnail': 'https://randomuser.me/api/portraits/thumb/men/7.jpg'}, 'nat': 'IR'}</msg>
<arg>${json_data['results'][0]}</arg>
<doc>Logs the given message with the given level.</doc>
<status status="PASS" start="2024-07-19T23:15:24.985303" elapsed="0.000404"/>
</kw>
<kw name="Log" owner="BuiltIn">
<msg time="2024-07-19T23:15:24.986127" level="INFO">location</msg>
<arg>${key}</arg>
<doc>Logs the given message with the given level.</doc>
<status status="PASS" start="2024-07-19T23:15:24.986002" elapsed="0.000161"/>
</kw>
<var name="${key}">location</var>
<status status="PASS" start="2024-07-19T23:15:24.984612" elapsed="0.001765"/>
</iter>
<iter>
<kw name="Dictionary Should Contain Key" owner="Collections">
<arg>${json_data['results'][0]}</arg>
<arg>${key}</arg>
<doc>Fails if ``key`` is not found from ``dictionary``.</doc>
<status status="PASS" start="2024-07-19T23:15:24.986653" elapsed="0.000390"/>
</kw>
<kw name="Log" owner="BuiltIn">
<msg time="2024-07-19T23:15:24.987692" level="INFO">{'gender': 'male', 'name': {'title': 'Mr', 'first': 'آدرین', 'last': 'سالاری'}, 'location': {'street': {'number': 3693, 'name': 'خاوران'}, 'city': 'شیراز', 'state': 'هرمزگان', 'country': 'Iran', 'postcode': 88408, 'coordinates': {'latitude': '15.6614', 'longitude': '-114.8613'}, 'timezone': {'offset': '+3:00', 'description': 'Baghdad, Riyadh, Moscow, St. Petersburg'}}, 'email': 'adryn.slry@example.com', 'login': {'uuid': '048539ad-b371-4aef-a5c6-f6413e8e1966', 'username': 'smallkoala987', 'password': 'france', 'salt': 'RnDeP47j', 'md5': 'bf40131b41afd390a2d070b4472eeffa', 'sha1': '5aa48520a4da22505d9c911ff7d74139f77da5ca', 'sha256': '99f8acbaf6f73f001a1b7edee40f5d7a55b67c44f075a211560162e3db0b5536'}, 'dob': {'date': '1965-12-13T10:14:18.445Z', 'age': 58}, 'registered': {'date': '2007-11-06T13:33:29.293Z', 'age': 16}, 'phone': '029-59054333', 'cell': '0933-254-9371', 'id': {'name': '', 'value': None}, 'picture': {'large': 'https://randomuser.me/api/portraits/men/7.jpg', 'medium': 'https://randomuser.me/api/portraits/med/men/7.jpg', 'thumbnail': 'https://randomuser.me/api/portraits/thumb/men/7.jpg'}, 'nat': 'IR'}</msg>
<arg>${json_data['results'][0]}</arg>
<doc>Logs the given message with the given level.</doc>
<status status="PASS" start="2024-07-19T23:15:24.987335" elapsed="0.000408"/>
</kw>
<kw name="Log" owner="BuiltIn">
<msg time="2024-07-19T23:15:24.988163" level="INFO">email</msg>
<arg>${key}</arg>
<doc>Logs the given message with the given level.</doc>
<status status="PASS" start="2024-07-19T23:15:24.988037" elapsed="0.000162"/>
</kw>
<var name="${key}">email</var>
<status status="PASS" start="2024-07-19T23:15:24.986547" elapsed="0.001862"/>
</iter>
<iter>
<kw name="Dictionary Should Contain Key" owner="Collections">
<arg>${json_data['results'][0]}</arg>
<arg>${key}</arg>
<doc>Fails if ``key`` is not found from ``dictionary``.</doc>
<status status="PASS" start="2024-07-19T23:15:24.988685" elapsed="0.000375"/>
</kw>
<kw name="Log" owner="BuiltIn">
<msg time="2024-07-19T23:15:24.989616" level="INFO">{'gender': 'male', 'name': {'title': 'Mr', 'first': 'آدرین', 'last': 'سالاری'}, 'location': {'street': {'number': 3693, 'name': 'خاوران'}, 'city': 'شیراز', 'state': 'هرمزگان', 'country': 'Iran', 'postcode': 88408, 'coordinates': {'latitude': '15.6614', 'longitude': '-114.8613'}, 'timezone': {'offset': '+3:00', 'description': 'Baghdad, Riyadh, Moscow, St. Petersburg'}}, 'email': 'adryn.slry@example.com', 'login': {'uuid': '048539ad-b371-4aef-a5c6-f6413e8e1966', 'username': 'smallkoala987', 'password': 'france', 'salt': 'RnDeP47j', 'md5': 'bf40131b41afd390a2d070b4472eeffa', 'sha1': '5aa48520a4da22505d9c911ff7d74139f77da5ca', 'sha256': '99f8acbaf6f73f001a1b7edee40f5d7a55b67c44f075a211560162e3db0b5536'}, 'dob': {'date': '1965-12-13T10:14:18.445Z', 'age': 58}, 'registered': {'date': '2007-11-06T13:33:29.293Z', 'age': 16}, 'phone': '029-59054333', 'cell': '0933-254-9371', 'id': {'name': '', 'value': None}, 'picture': {'large': 'https://randomuser.me/api/portraits/men/7.jpg', 'medium': 'https://randomuser.me/api/portraits/med/men/7.jpg', 'thumbnail': 'https://randomuser.me/api/portraits/thumb/men/7.jpg'}, 'nat': 'IR'}</msg>
<arg>${json_data['results'][0]}</arg>
<doc>Logs the given message with the given level.</doc>
<status status="PASS" start="2024-07-19T23:15:24.989261" elapsed="0.000405"/>
</kw>
<kw name="Log" owner="BuiltIn">
<msg time="2024-07-19T23:15:24.990093" level="INFO">login</msg>
<arg>${key}</arg>
<doc>Logs the given message with the given level.</doc>
<status status="PASS" start="2024-07-19T23:15:24.989969" elapsed="0.000160"/>
</kw>
<var name="${key}">login</var>
<status status="PASS" start="2024-07-19T23:15:24.988578" elapsed="0.001775"/>
</iter>
<var>${key}</var>
<value>@{expected_keys}</value>
<status status="PASS" start="2024-07-19T23:15:24.980458" elapsed="0.010013"/>
</for>
<kw name="Create List" owner="BuiltIn">
<msg time="2024-07-19T23:15:24.990794" level="INFO">${expected_keysTwo} = ['username', 'password']</msg>
<var>${expected_keysTwo}</var>
<arg>username</arg>
<arg>password</arg>
<doc>Returns a list containing given items.</doc>
<status status="PASS" start="2024-07-19T23:15:24.990664" elapsed="0.000182"/>
</kw>
<for flavor="IN">
<iter>
<kw name="Dictionary Should Contain Key" owner="Collections">
<arg>${json_data['results'][0]['login']}</arg>
<arg>${keyTwo}</arg>
<doc>Fails if ``key`` is not found from ``dictionary``.</doc>
<status status="PASS" start="2024-07-19T23:15:24.991341" elapsed="0.000380"/>
</kw>
<kw name="Dictionary Should Contain Key" owner="Collections">
<arg>${json_data['results'][0]['login']}</arg>
<arg>${keyTwo}</arg>
<doc>Fails if ``key`` is not found from ``dictionary``.</doc>
<status status="PASS" start="2024-07-19T23:15:24.991901" elapsed="0.000377"/>
</kw>
<kw name="Log" owner="BuiltIn">
<msg time="2024-07-19T23:15:24.992575" level="INFO">username</msg>
<arg>${keyTwo}</arg>
<doc>Logs the given message with the given level.</doc>
<status status="PASS" start="2024-07-19T23:15:24.992456" elapsed="0.000156"/>
</kw>
<var name="${keyTwo}">username</var>
<status status="PASS" start="2024-07-19T23:15:24.991234" elapsed="0.001592"/>
</iter>
<iter>
<kw name="Dictionary Should Contain Key" owner="Collections">
<arg>${json_data['results'][0]['login']}</arg>
<arg>${keyTwo}</arg>
<doc>Fails if ``key`` is not found from ``dictionary``.</doc>
<status status="PASS" start="2024-07-19T23:15:24.993102" elapsed="0.000399"/>
</kw>
<kw name="Dictionary Should Contain Key" owner="Collections">
<arg>${json_data['results'][0]['login']}</arg>
<arg>${keyTwo}</arg>
<doc>Fails if ``key`` is not found from ``dictionary``.</doc>
<status status="PASS" start="2024-07-19T23:15:24.993677" elapsed="0.000364"/>
</kw>
<kw name="Log" owner="BuiltIn">
<msg time="2024-07-19T23:15:24.994335" level="INFO">password</msg>
<arg>${keyTwo}</arg>
<doc>Logs the given message with the given level.</doc>
<status status="PASS" start="2024-07-19T23:15:24.994213" elapsed="0.000158"/>
</kw>
<var name="${keyTwo}">password</var>
<status status="PASS" start="2024-07-19T23:15:24.992992" elapsed="0.001597"/>
</iter>
<var>${keyTwo}</var>
<value>@{expected_keysTwo}</value>
<status status="PASS" start="2024-07-19T23:15:24.991086" elapsed="0.003621"/>
</for>
<status status="PASS" start="2024-07-19T23:15:24.877320" elapsed="0.117523"/>
</kw>
<doc>Testa a estrutura da resposta da API.</doc>
<tag>testeEstruturaResposta</tag>
<status status="PASS" start="2024-07-19T23:15:24.876734" elapsed="0.118252"/>
</test>
<test id="s1-s1-t4" name="Validar tipos de dados" line="28">
<kw name="Teste de Tipos de Dados" owner="random-user-service">
<kw name="GET On Session" owner="RequestsLibrary">
<msg time="2024-07-19T23:15:25.072183" level="INFO">GET Request : url=https://randomuser.me/api 
 path_url=/api 
 headers={'User-Agent': 'python-requests/2.32.3', 'Accept-Encoding': 'gzip, deflate', 'Accept': '*/*', 'Connection': 'keep-alive'} 
 body=None 
 </msg>
<msg time="2024-07-19T23:15:25.072264" level="INFO">GET Response : url=https://randomuser.me/api 
 status=200, reason=OK 
 headers={'Date': 'Fri, 19 Jul 2024 23:15:25 GMT', 'Content-Type': 'application/json; charset=utf-8', 'Transfer-Encoding': 'chunked', 'Connection': 'keep-alive', 'X-Powered-By': 'Express', 'Access-Control-Allow-Origin': '*', 'Cache-Control': 'no-cache', 'ETag': 'W/"497-ACXrkCgFdQJIWRmqhxLfQfvJEq4"', 'Vary': 'Accept-Encoding', 'Content-Encoding': 'gzip', 'CF-Cache-Status': 'DYNAMIC', 'Report-To': '{"endpoints":[{"url":"https:\\/\\/a.nel.cloudflare.com\\/report\\/v4?s=q4fRGgC6jetYG%2Fc2b6zsje1em0RjfYgEiI3xYgboJn4egK8sOBfXm%2FPtYVbsvHI8XcYP6m2NsePBMnhaPnZw1CBK6oTqPemjoOwKR%2Bs3cJu7mCk1njjCpCRMRnwVznFG"}],"group":"cf-nel","max_age":604800}', 'NEL': '{"success_fraction":0,"report_to":"cf-nel","max_age":604800}', 'Server': 'cloudflare', 'CF-RAY': '8a5e69d14de28006-IAD', 'alt-svc': 'h3=":443"; ma=86400'} 
 body={"results":[{"gender":"female","name":{"title":"Ms","first":"Gabrielle","last":"Harcourt"},"location":{"street":{"number":5946,"name":"St. Catherine St"},"city":"Enterprise","state":"British Columbia","country":"Canada","postcode":"M1F 8F1","coordinates":{"latitude":"-71.6000","longitude":"97.4505"},"timezone":{"offset":"+6:00","description":"Almaty, Dhaka, Colombo"}},"email":"gabrielle.harcourt@example.com","login":{"uuid":"76fc9d41-10c9-45f7-9f16-221b14b8c284","username":"happydog223","password":"bass","salt":"cWLx7Cu9","md5":"a1dbc95b3260a2756761e735463786b7","sha1":"def3e4ee5541337fab43615a9a4d2a5bcf845f14","sha256":"c7eb237a6b8e846f28a6501560a049a449c9702c4dee709241ddc00a7986c73a"},"dob":{"date":"1951-04-03T02:06:32.391Z","age":73},"registered":{"date":"2016-05-03T13:09:37.117Z","age":8},"phone":"G75 U15-2817","cell":"G95 X29-9410","id":{"name":"SIN","value":"604619494"},"picture":{"large":"https://randomuser.me/api/portraits/women/8.jpg","medium":"https://randomuser.me/api/portraits/med/women/8.jpg","thumbnail":"https://randomuser.me/api/portraits/thumb/women/8.jpg"},"nat":"CA"}],"info":{"seed":"910a2a2305cedb89","results":1,"page":1,"version":"1.4"}} 
 </msg>
<msg time="2024-07-19T23:15:25.072338" level="INFO">/opt/hostedtoolcache/Python/3.12.4/x64/lib/python3.12/site-packages/urllib3/connectionpool.py:1099: InsecureRequestWarning: Unverified HTTPS request is being made to host 'randomuser.me'. Adding certificate verification is strongly advised. See: https://urllib3.readthedocs.io/en/latest/advanced-usage.html#tls-warnings
  warnings.warn(</msg>
<msg time="2024-07-19T23:15:25.072458" level="INFO">${response} = &lt;Response [200]&gt;</msg>
<var>${response}</var>
<arg>consultarAPI</arg>
<arg>/api</arg>
<doc>Sends a GET request on a previously created HTTP Session.</doc>
<status status="PASS" start="2024-07-19T23:15:24.997345" elapsed="0.075156"/>
</kw>
<kw name="Set Variable" owner="BuiltIn">
<msg time="2024-07-19T23:15:25.073336" level="INFO">${json_data} = {'results': [{'gender': 'female', 'name': {'title': 'Ms', 'first': 'Gabrielle', 'last': 'Harcourt'}, 'location': {'street': {'number': 5946, 'name': 'St. Catherine St'}, 'city': 'Enterprise', 'state':...</msg>
<var>${json_data}</var>
<arg>${response.json()}</arg>
<doc>Returns the given values which can then be assigned to a variables.</doc>
<status status="PASS" start="2024-07-19T23:15:25.072848" elapsed="0.000517"/>
</kw>
<kw name="Log" owner="BuiltIn">
<msg time="2024-07-19T23:15:25.073816" level="INFO">{'results': [{'gender': 'female', 'name': {'title': 'Ms', 'first': 'Gabrielle', 'last': 'Harcourt'}, 'location': {'street': {'number': 5946, 'name': 'St. Catherine St'}, 'city': 'Enterprise', 'state': 'British Columbia', 'country': 'Canada', 'postcode': 'M1F 8F1', 'coordinates': {'latitude': '-71.6000', 'longitude': '97.4505'}, 'timezone': {'offset': '+6:00', 'description': 'Almaty, Dhaka, Colombo'}}, 'email': 'gabrielle.harcourt@example.com', 'login': {'uuid': '76fc9d41-10c9-45f7-9f16-221b14b8c284', 'username': 'happydog223', 'password': 'bass', 'salt': 'cWLx7Cu9', 'md5': 'a1dbc95b3260a2756761e735463786b7', 'sha1': 'def3e4ee5541337fab43615a9a4d2a5bcf845f14', 'sha256': 'c7eb237a6b8e846f28a6501560a049a449c9702c4dee709241ddc00a7986c73a'}, 'dob': {'date': '1951-04-03T02:06:32.391Z', 'age': 73}, 'registered': {'date': '2016-05-03T13:09:37.117Z', 'age': 8}, 'phone': 'G75 U15-2817', 'cell': 'G95 X29-9410', 'id': {'name': 'SIN', 'value': '604619494'}, 'picture': {'large': 'https://randomuser.me/api/portraits/women/8.jpg', 'medium': 'https://randomuser.me/api/portraits/med/women/8.jpg', 'thumbnail': 'https://randomuser.me/api/portraits/thumb/women/8.jpg'}, 'nat': 'CA'}], 'info': {'seed': '910a2a2305cedb89', 'results': 1, 'page': 1, 'version': '1.4'}}</msg>
<arg>${json_data}</arg>
<doc>Logs the given message with the given level.</doc>
<status status="PASS" start="2024-07-19T23:15:25.073670" elapsed="0.000193"/>
</kw>
<kw name="Should Be String" owner="String">
<arg>${json_data['results'][0]['gender']}</arg>
<doc>Fails if the given ``item`` is not a string.</doc>
<status status="PASS" start="2024-07-19T23:15:25.074150" elapsed="0.000354"/>
</kw>
<kw name="Should Match Regexp" owner="BuiltIn">
<arg>${json_data['results'][0]['email']}</arg>
<arg>^[a-zA-Z0-9._%+-]+@[a-zA-Z0-9.-]+\.[a-zA-Z]{2,}$</arg>
<doc>Fails if ``string`` does not match ``pattern`` as a regular expression.</doc>
<status status="PASS" start="2024-07-19T23:15:25.074689" elapsed="0.000536"/>
</kw>
<kw name="Should Match Regexp" owner="BuiltIn">
<arg>${json_data['results'][0]['dob']['date']}</arg>
<arg>\\d{4}-\\d{2}-\\d{2}T\\d{2}:\\d{2}:\\d{2}\\.\\d{3}Z</arg>
<doc>Fails if ``string`` does not match ``pattern`` as a regular expression.</doc>
<status status="PASS" start="2024-07-19T23:15:25.075420" elapsed="0.000578"/>
</kw>
<kw name="Should Match Regexp" owner="BuiltIn">
<arg>${json_data['results'][0]['registered']['date']}</arg>
<arg>\\d{4}-\\d{2}-\\d{2}T\\d{2}:\\d{2}:\\d{2}\\.\\d{3}Z</arg>
<doc>Fails if ``string`` does not match ``pattern`` as a regular expression.</doc>
<status status="PASS" start="2024-07-19T23:15:25.076189" elapsed="0.000365"/>
</kw>
<kw name="Should Match Regexp" owner="BuiltIn">
<arg>${json_data['results'][0]['picture']['large']}</arg>
<arg>^https?://.*\.(?:png|jpe?g|gif|bmp)$</arg>
<doc>Fails if ``string`` does not match ``pattern`` as a regular expression.</doc>
<status status="PASS" start="2024-07-19T23:15:25.076738" elapsed="0.000454"/>
</kw>
<kw name="Should Match Regexp" owner="BuiltIn">
<arg>${json_data['results'][0]['picture']['medium']}</arg>
<arg>^https?://.*\.(?:png|jpe?g|gif|bmp)$</arg>
<doc>Fails if ``string`` does not match ``pattern`` as a regular expression.</doc>
<status status="PASS" start="2024-07-19T23:15:25.077407" elapsed="0.000350"/>
</kw>
<kw name="Should Match Regexp" owner="BuiltIn">
<arg>${json_data['results'][0]['picture']['thumbnail']}</arg>
<arg>^https?://.*\.(?:png|jpe?g|gif|bmp)$</arg>
<doc>Fails if ``string`` does not match ``pattern`` as a regular expression.</doc>
<status status="PASS" start="2024-07-19T23:15:25.077940" elapsed="0.000342"/>
</kw>
<kw name="Log" owner="BuiltIn">
<msg time="2024-07-19T23:15:25.078776" level="INFO">{'large': 'https://randomuser.me/api/portraits/women/8.jpg', 'medium': 'https://randomuser.me/api/portraits/med/women/8.jpg', 'thumbnail': 'https://randomuser.me/api/portraits/thumb/women/8.jpg'}</msg>
<arg>${json_data['results'][0]['picture']}</arg>
<doc>Logs the given message with the given level.</doc>
<status status="PASS" start="2024-07-19T23:15:25.078460" elapsed="0.000356"/>
</kw>
<status status="PASS" start="2024-07-19T23:15:24.997104" elapsed="0.081963"/>
</kw>
<kw name="Teste de Tipos de Dados - Postcode" owner="random-user-service">
<kw name="GET On Session" owner="RequestsLibrary">
<msg time="2024-07-19T23:15:25.174627" level="INFO">GET Request : url=https://randomuser.me/api 
 path_url=/api 
 headers={'User-Agent': 'python-requests/2.32.3', 'Accept-Encoding': 'gzip, deflate', 'Accept': '*/*', 'Connection': 'keep-alive'} 
 body=None 
 </msg>
<msg time="2024-07-19T23:15:25.174689" level="INFO">GET Response : url=https://randomuser.me/api 
 status=200, reason=OK 
 headers={'Date': 'Fri, 19 Jul 2024 23:15:25 GMT', 'Content-Type': 'application/json; charset=utf-8', 'Transfer-Encoding': 'chunked', 'Connection': 'keep-alive', 'X-Powered-By': 'Express', 'Access-Control-Allow-Origin': '*', 'Cache-Control': 'no-cache', 'ETag': 'W/"4ac-uDsdZO8il4uy5B5Chty38/E+GE0"', 'Vary': 'Accept-Encoding', 'Content-Encoding': 'gzip', 'CF-Cache-Status': 'DYNAMIC', 'Report-To': '{"endpoints":[{"url":"https:\\/\\/a.nel.cloudflare.com\\/report\\/v4?s=dsdkQakUFWW1YT9J2duHLheQhlVxGltbG%2BuD5y4W5r1c1T4U7ucXigDm%2BElpuVVJd25Hj4wmgboxEixhPwi8GOzxfCk5diXbBnSb1mHJdwkrvw3%2Fd%2BnSNU3o%2FXX3NB%2BQ"}],"group":"cf-nel","max_age":604800}', 'NEL': '{"success_fraction":0,"report_to":"cf-nel","max_age":604800}', 'Server': 'cloudflare', 'CF-RAY': '8a5e69d1ce5b8006-IAD', 'alt-svc': 'h3=":443"; ma=86400'} 
 body={"results":[{"gender":"male","name":{"title":"Monsieur","first":"Jean-Pierre","last":"Da Silva"},"location":{"street":{"number":8624,"name":"Rue André-Gide"},"city":"Naters","state":"Basel-Landschaft","country":"Switzerland","postcode":6260,"coordinates":{"latitude":"-63.4914","longitude":"-26.6097"},"timezone":{"offset":"-7:00","description":"Mountain Time (US &amp; Canada)"}},"email":"jean-pierre.dasilva@example.com","login":{"uuid":"723d6913-d952-4400-8a2a-6c389bc52fa4","username":"blackostrich493","password":"peachy","salt":"1JxisbbH","md5":"7a38a5e8ceded7c29da696808d66544c","sha1":"130ccd91a6337fdabf8185c3c2631bab0030a5ed","sha256":"9c063f030043e1bf02f36f7ccf44d9d045828f70608dc0591a7e02ad91a230f8"},"dob":{"date":"1990-06-21T07:11:56.571Z","age":34},"registered":{"date":"2006-04-14T04:47:19.454Z","age":18},"phone":"078 731 96 28","cell":"078 190 65 56","id":{"name":"AVS","value":"756.6741.6124.43"},"picture":{"large":"https://randomuser.me/api/portraits/men/54.jpg","medium":"https://randomuser.me/api/portraits/med/men/54.jpg","thumbnail":"https://randomuser.me/api/portraits/thumb/men/54.jpg"},"nat":"CH"}],"info":{"seed":"aee84c230ef90c73","results":1,"page":1,"version":"1.4"}} 
 </msg>
<msg time="2024-07-19T23:15:25.174745" level="INFO">/opt/hostedtoolcache/Python/3.12.4/x64/lib/python3.12/site-packages/urllib3/connectionpool.py:1099: InsecureRequestWarning: Unverified HTTPS request is being made to host 'randomuser.me'. Adding certificate verification is strongly advised. See: https://urllib3.readthedocs.io/en/latest/advanced-usage.html#tls-warnings
  warnings.warn(</msg>
<msg time="2024-07-19T23:15:25.174848" level="INFO">${response} = &lt;Response [200]&gt;</msg>
<var>${response}</var>
<arg>consultarAPI</arg>
<arg>/api</arg>
<doc>Sends a GET request on a previously created HTTP Session.</doc>
<status status="PASS" start="2024-07-19T23:15:25.079495" elapsed="0.095393"/>
</kw>
<kw name="Set Variable" owner="BuiltIn">
<msg time="2024-07-19T23:15:25.175706" level="INFO">${json_data} = {'results': [{'gender': 'male', 'name': {'title': 'Monsieur', 'first': 'Jean-Pierre', 'last': 'Da Silva'}, 'location': {'street': {'number': 8624, 'name': 'Rue André-Gide'}, 'city': 'Naters', 'state':...</msg>
<var>${json_data}</var>
<arg>${response.json()}</arg>
<doc>Returns the given values which can then be assigned to a variables.</doc>
<status status="PASS" start="2024-07-19T23:15:25.175264" elapsed="0.000470"/>
</kw>
<kw name="Log" owner="BuiltIn">
<msg time="2024-07-19T23:15:25.176184" level="INFO">{'results': [{'gender': 'male', 'name': {'title': 'Monsieur', 'first': 'Jean-Pierre', 'last': 'Da Silva'}, 'location': {'street': {'number': 8624, 'name': 'Rue André-Gide'}, 'city': 'Naters', 'state': 'Basel-Landschaft', 'country': 'Switzerland', 'postcode': 6260, 'coordinates': {'latitude': '-63.4914', 'longitude': '-26.6097'}, 'timezone': {'offset': '-7:00', 'description': 'Mountain Time (US &amp; Canada)'}}, 'email': 'jean-pierre.dasilva@example.com', 'login': {'uuid': '723d6913-d952-4400-8a2a-6c389bc52fa4', 'username': 'blackostrich493', 'password': 'peachy', 'salt': '1JxisbbH', 'md5': '7a38a5e8ceded7c29da696808d66544c', 'sha1': '130ccd91a6337fdabf8185c3c2631bab0030a5ed', 'sha256': '9c063f030043e1bf02f36f7ccf44d9d045828f70608dc0591a7e02ad91a230f8'}, 'dob': {'date': '1990-06-21T07:11:56.571Z', 'age': 34}, 'registered': {'date': '2006-04-14T04:47:19.454Z', 'age': 18}, 'phone': '078 731 96 28', 'cell': '078 190 65 56', 'id': {'name': 'AVS', 'value': '756.6741.6124.43'}, 'picture': {'large': 'https://randomuser.me/api/portraits/men/54.jpg', 'medium': 'https://randomuser.me/api/portraits/med/men/54.jpg', 'thumbnail': 'https://randomuser.me/api/portraits/thumb/men/54.jpg'}, 'nat': 'CH'}], 'info': {'seed': 'aee84c230ef90c73', 'results': 1, 'page': 1, 'version': '1.4'}}</msg>
<arg>${json_data}</arg>
<doc>Logs the given message with the given level.</doc>
<status status="PASS" start="2024-07-19T23:15:25.176034" elapsed="0.000201"/>
</kw>
<kw name="Should Be Equal As Numbers" owner="BuiltIn">
<arg>${json_data['results'][0]['location']['postcode']}</arg>
<arg>${json_data['results'][0]['location']['postcode']}</arg>
<doc>Fails if objects are unequal after converting them to real numbers.</doc>
<status status="PASS" start="2024-07-19T23:15:25.176526" elapsed="0.000624"/>
</kw>
<kw name="Log" owner="BuiltIn">
<msg time="2024-07-19T23:15:25.177775" level="INFO">6260</msg>
<arg>${json_data['results'][0]['location']['postcode']}</arg>
<doc>Logs the given message with the given level.</doc>
<status status="PASS" start="2024-07-19T23:15:25.177396" elapsed="0.000419"/>
</kw>
<status status="PASS" start="2024-07-19T23:15:25.079282" elapsed="0.098782"/>
</kw>
<doc>Testa se os tipos de dados na resposta da API estão corretos.</doc>
<tag>testeTiposDados</tag>
<status status="PASS" start="2024-07-19T23:15:24.996696" elapsed="0.181521"/>
</test>
<test id="s1-s1-t5" name="Validar conteudo" line="35">
<kw name="Teste de Tipos de Conteudo" owner="random-user-service">
<kw name="GET On Session" owner="RequestsLibrary">
<msg time="2024-07-19T23:15:25.279428" level="INFO">GET Request : url=https://randomuser.me/api 
 path_url=/api 
 headers={'User-Agent': 'python-requests/2.32.3', 'Accept-Encoding': 'gzip, deflate', 'Accept': '*/*', 'Connection': 'keep-alive'} 
 body=None 
 </msg>
<msg time="2024-07-19T23:15:25.279512" level="INFO">GET Response : url=https://randomuser.me/api 
 status=200, reason=OK 
 headers={'Date': 'Fri, 19 Jul 2024 23:15:25 GMT', 'Content-Type': 'application/json; charset=utf-8', 'Transfer-Encoding': 'chunked', 'Connection': 'keep-alive', 'X-Powered-By': 'Express', 'Access-Control-Allow-Origin': '*', 'Cache-Control': 'no-cache', 'ETag': 'W/"49d-RMjvHLeuHSenDnqVFIIXb5Z+6do"', 'Vary': 'Accept-Encoding', 'Content-Encoding': 'gzip', 'CF-Cache-Status': 'DYNAMIC', 'Report-To': '{"endpoints":[{"url":"https:\\/\\/a.nel.cloudflare.com\\/report\\/v4?s=GodqaTQ2iikvWXl8OuNkPItg5YSwPK9ExeD9iMMsKUAeblrx3LrscB8FMBIf7YlZ%2FuoHr%2FEVKums3t1fIlsuVJF0sys7chzPr%2BOg1GrHVtI5dsNPLOAddZf9WLoEmFVC"}],"group":"cf-nel","max_age":604800}', 'NEL': '{"success_fraction":0,"report_to":"cf-nel","max_age":604800}', 'Server': 'cloudflare', 'CF-RAY': '8a5e69d26eef8006-IAD', 'alt-svc': 'h3=":443"; ma=86400'} 
 body={"results":[{"gender":"female","name":{"title":"Mrs","first":"Cristina","last":"Toro"},"location":{"street":{"number":1444,"name":"Peatonal Sánchez"},"city":"Zapotitán de Hidalgo","state":"Baja California Sur","country":"Mexico","postcode":45184,"coordinates":{"latitude":"28.9221","longitude":"127.4887"},"timezone":{"offset":"-10:00","description":"Hawaii"}},"email":"cristina.toro@example.com","login":{"uuid":"4e612cf1-620c-4b79-843f-e48d29720f80","username":"yellowtiger340","password":"cheese1","salt":"hbXSBJUq","md5":"03f269a142fec64ae68b71b1c64c6344","sha1":"677584311b3b568b33752b24e5c7274dd7022d86","sha256":"f20e6f05a35fd06aa6ae3b6fe40c5cfa9d940585b3bc80dcdebbc2ba6ff1f5d0"},"dob":{"date":"1973-07-01T05:33:58.918Z","age":51},"registered":{"date":"2019-06-23T21:53:12.829Z","age":5},"phone":"(654) 109 5002","cell":"(680) 187 6104","id":{"name":"NSS","value":"64 33 95 2466 4"},"picture":{"large":"https://randomuser.me/api/portraits/women/15.jpg","medium":"https://randomuser.me/api/portraits/med/women/15.jpg","thumbnail":"https://randomuser.me/api/portraits/thumb/women/15.jpg"},"nat":"MX"}],"info":{"seed":"4803cc4c5e8d397c","results":1,"page":1,"version":"1.4"}} 
 </msg>
<msg time="2024-07-19T23:15:25.279585" level="INFO">/opt/hostedtoolcache/Python/3.12.4/x64/lib/python3.12/site-packages/urllib3/connectionpool.py:1099: InsecureRequestWarning: Unverified HTTPS request is being made to host 'randomuser.me'. Adding certificate verification is strongly advised. See: https://urllib3.readthedocs.io/en/latest/advanced-usage.html#tls-warnings
  warnings.warn(</msg>
<msg time="2024-07-19T23:15:25.279724" level="INFO">${response} = &lt;Response [200]&gt;</msg>
<var>${response}</var>
<arg>consultarAPI</arg>
<arg>/api</arg>
<doc>Sends a GET request on a previously created HTTP Session.</doc>
<status status="PASS" start="2024-07-19T23:15:25.180625" elapsed="0.099153"/>
</kw>
<kw name="Set Variable" owner="BuiltIn">
<msg time="2024-07-19T23:15:25.280644" level="INFO">${json_data} = {'results': [{'gender': 'female', 'name': {'title': 'Mrs', 'first': 'Cristina', 'last': 'Toro'}, 'location': {'street': {'number': 1444, 'name': 'Peatonal Sánchez'}, 'city': 'Zapotitán de Hidalgo', 's...</msg>
<var>${json_data}</var>
<arg>${response.json()}</arg>
<doc>Returns the given values which can then be assigned to a variables.</doc>
<status status="PASS" start="2024-07-19T23:15:25.280182" elapsed="0.000491"/>
</kw>
<kw name="Set Variable" owner="BuiltIn">
<msg time="2024-07-19T23:15:25.281410" level="INFO">${name_title} = Mrs</msg>
<var>${name_title}</var>
<arg>${json_data["results"][0]["name"]["title"]}</arg>
<doc>Returns the given values which can then be assigned to a variables.</doc>
<status status="PASS" start="2024-07-19T23:15:25.280975" elapsed="0.000461"/>
</kw>
<kw name="Create List" owner="BuiltIn">
<msg time="2024-07-19T23:15:25.281882" level="INFO">${allowed_titles} = ['Mr', 'Ms', 'Miss', 'Mrs', 'Madame', 'Monsieur']</msg>
<var>${allowed_titles}</var>
<arg>Mr</arg>
<arg>Ms</arg>
<arg>Miss</arg>
<arg>Mrs</arg>
<arg>Madame</arg>
<arg>Monsieur</arg>
<doc>Returns a list containing given items.</doc>
<status status="PASS" start="2024-07-19T23:15:25.281728" elapsed="0.000178"/>
</kw>
<kw name="List Should Contain Value" owner="Collections">
<arg>${allowed_titles}</arg>
<arg>${name_title}</arg>
<doc>Fails if the ``value`` is not found from ``list``.</doc>
<status status="PASS" start="2024-07-19T23:15:25.282196" elapsed="0.000167"/>
</kw>
<kw name="Set Variable" owner="BuiltIn">
<msg time="2024-07-19T23:15:25.282915" level="INFO">${name_country} = MX</msg>
<var>${name_country}</var>
<arg>${json_data["results"][0]["nat"]}</arg>
<doc>Returns the given values which can then be assigned to a variables.</doc>
<status status="PASS" start="2024-07-19T23:15:25.282543" elapsed="0.000397"/>
</kw>
<kw name="Create List" owner="BuiltIn">
<msg time="2024-07-19T23:15:25.283820" level="INFO">${list_country} = ['AD', 'AE', 'AF', 'AG', 'AI', 'AL', 'AM', 'AO', 'AQ', 'AR', 'AS', 'AT', 'AU', 'AW', 'AX', 'AZ', 'BA', 'BB', 'BD', 'BE', 'BF', 'BG', 'BH', 'BI', 'BJ', 'BL', 'BM', 'BN', 'BO', 'BQ', 'BR', 'BS', 'BT', '...</msg>
<var>${list_country}</var>
<arg>AD</arg>
<arg>AE</arg>
<arg>AF</arg>
<arg>AG</arg>
<arg>AI</arg>
<arg>AL</arg>
<arg>AM</arg>
<arg>AO</arg>
<arg>AQ</arg>
<arg>AR</arg>
<arg>AS</arg>
<arg>AT</arg>
<arg>AU</arg>
<arg>AW</arg>
<arg>AX</arg>
<arg>AZ</arg>
<arg>BA</arg>
<arg>BB</arg>
<arg>BD</arg>
<arg>BE</arg>
<arg>BF</arg>
<arg>BG</arg>
<arg>BH</arg>
<arg>BI</arg>
<arg>BJ</arg>
<arg>BL</arg>
<arg>BM</arg>
<arg>BN</arg>
<arg>BO</arg>
<arg>BQ</arg>
<arg>BR</arg>
<arg>BS</arg>
<arg>BT</arg>
<arg>BV</arg>
<arg>BW</arg>
<arg>BY</arg>
<arg>BZ</arg>
<arg>CA</arg>
<arg>CC</arg>
<arg>CD</arg>
<arg>CF</arg>
<arg>CG</arg>
<arg>CH</arg>
<arg>CI</arg>
<arg>CK</arg>
<arg>CL</arg>
<arg>CM</arg>
<arg>CN</arg>
<arg>CO</arg>
<arg>CR</arg>
<arg>CU</arg>
<arg>CV</arg>
<arg>CW</arg>
<arg>CX</arg>
<arg>CY</arg>
<arg>CZ</arg>
<arg>DE</arg>
<arg>DJ</arg>
<arg>DK</arg>
<arg>DM</arg>
<arg>DO</arg>
<arg>DZ</arg>
<arg>EC</arg>
<arg>EE</arg>
<arg>EG</arg>
<arg>EH</arg>
<arg>ER</arg>
<arg>ES</arg>
<arg>ET</arg>
<arg>FI</arg>
<arg>FJ</arg>
<arg>FK</arg>
<arg>FM</arg>
<arg>FO</arg>
<arg>FR</arg>
<arg>GA</arg>
<arg>GB</arg>
<arg>GD</arg>
<arg>GE</arg>
<arg>GF</arg>
<arg>GG</arg>
<arg>GH</arg>
<arg>GI</arg>
<arg>GL</arg>
<arg>GM</arg>
<arg>GN</arg>
<arg>GP</arg>
<arg>GQ</arg>
<arg>GR</arg>
<arg>GS</arg>
<arg>GT</arg>
<arg>GU</arg>
<arg>GW</arg>
<arg>GY</arg>
<arg>HK</arg>
<arg>HM</arg>
<arg>HN</arg>
<arg>HR</arg>
<arg>HT</arg>
<arg>HU</arg>
<arg>ID</arg>
<arg>IE</arg>
<arg>IL</arg>
<arg>IM</arg>
<arg>IN</arg>
<arg>IO</arg>
<arg>IQ</arg>
<arg>IR</arg>
<arg>IS</arg>
<arg>IT</arg>
<arg>JE</arg>
<arg>JM</arg>
<arg>JO</arg>
<arg>JP</arg>
<arg>KE</arg>
<arg>KG</arg>
<arg>KH</arg>
<arg>KI</arg>
<arg>KM</arg>
<arg>KN</arg>
<arg>KP</arg>
<arg>KR</arg>
<arg>KW</arg>
<arg>KY</arg>
<arg>KZ</arg>
<arg>LA</arg>
<arg>LB</arg>
<arg>LC</arg>
<arg>LI</arg>
<arg>LK</arg>
<arg>LR</arg>
<arg>LS</arg>
<arg>LT</arg>
<arg>LU</arg>
<arg>LV</arg>
<arg>LY</arg>
<arg>MA</arg>
<arg>MC</arg>
<arg>MD</arg>
<arg>ME</arg>
<arg>MF</arg>
<arg>MG</arg>
<arg>MH</arg>
<arg>MK</arg>
<arg>ML</arg>
<arg>MM</arg>
<arg>MN</arg>
<arg>MO</arg>
<arg>MP</arg>
<arg>MQ</arg>
<arg>MR</arg>
<arg>MS</arg>
<arg>MT</arg>
<arg>MU</arg>
<arg>MV</arg>
<arg>MW</arg>
<arg>MX</arg>
<arg>MY</arg>
<arg>MZ</arg>
<arg>NA</arg>
<arg>NC</arg>
<arg>NE</arg>
<arg>NF</arg>
<arg>NG</arg>
<arg>NI</arg>
<arg>NL</arg>
<arg>NO</arg>
<arg>NP</arg>
<arg>NR</arg>
<arg>NU</arg>
<arg>NZ</arg>
<arg>OM</arg>
<arg>PA</arg>
<arg>PE</arg>
<arg>PF</arg>
<arg>PG</arg>
<arg>PH</arg>
<arg>PK</arg>
<arg>PL</arg>
<arg>PM</arg>
<arg>PN</arg>
<arg>PR</arg>
<arg>PS</arg>
<arg>PT</arg>
<arg>PW</arg>
<arg>PY</arg>
<arg>QA</arg>
<arg>RE</arg>
<arg>RO</arg>
<arg>RS</arg>
<arg>RU</arg>
<arg>RW</arg>
<arg>SA</arg>
<arg>SB</arg>
<arg>SC</arg>
<arg>SD</arg>
<arg>SE</arg>
<arg>SG</arg>
<arg>SH</arg>
<arg>SI</arg>
<arg>SJ</arg>
<arg>SK</arg>
<arg>SL</arg>
<arg>SM</arg>
<arg>SN</arg>
<arg>SO</arg>
<arg>SR</arg>
<arg>SS</arg>
<arg>ST</arg>
<arg>SV</arg>
<arg>SX</arg>
<arg>SY</arg>
<arg>SZ</arg>
<arg>TC</arg>
<arg>TD</arg>
<arg>TF</arg>
<arg>TG</arg>
<arg>TH</arg>
<arg>TJ</arg>
<arg>TK</arg>
<arg>TL</arg>
<arg>TM</arg>
<arg>TN</arg>
<arg>TO</arg>
<arg>TR</arg>
<arg>TT</arg>
<arg>TV</arg>
<arg>TW</arg>
<arg>TZ</arg>
<arg>UA</arg>
<arg>UG</arg>
<arg>UM</arg>
<arg>US</arg>
<arg>UY</arg>
<arg>UZ</arg>
<arg>VA</arg>
<arg>VC</arg>
<arg>VE</arg>
<arg>VG</arg>
<arg>VI</arg>
<arg>VN</arg>
<arg>VU</arg>
<arg>WF</arg>
<arg>WS</arg>
<arg>XK</arg>
<arg>YE</arg>
<arg>YT</arg>
<arg>ZA</arg>
<arg>ZM</arg>
<arg>ZW</arg>
<doc>Returns a list containing given items.</doc>
<status status="PASS" start="2024-07-19T23:15:25.283227" elapsed="0.000620"/>
</kw>
<kw name="List Should Contain Value" owner="Collections">
<arg>${list_country}</arg>
<arg>${name_country}</arg>
<doc>Fails if the ``value`` is not found from ``list``.</doc>
<status status="PASS" start="2024-07-19T23:15:25.284768" elapsed="0.000206"/>
</kw>
<kw name="Run Keyword If" owner="BuiltIn">
<kw name="Should Be True" owner="BuiltIn">
<arg>${True}</arg>
<doc>Fails if the given condition is not true.</doc>
<status status="PASS" start="2024-07-19T23:15:25.285930" elapsed="0.000140"/>
</kw>
<arg>${json_data["results"][0]["location"]["coordinates"]["latitude"]} &gt;= -90 and ${json_data["results"][0]["location"]["coordinates"]["latitude"]} &lt;= 90</arg>
<arg>Should Be True</arg>
<arg>${True}</arg>
<doc>Runs the given keyword with the given arguments, if ``condition`` is true.</doc>
<status status="PASS" start="2024-07-19T23:15:25.285167" elapsed="0.001028"/>
</kw>
<kw name="Run Keyword If" owner="BuiltIn">
<kw name="Should Be True" owner="BuiltIn">
<arg>${True}</arg>
<doc>Fails if the given condition is not true.</doc>
<status status="PASS" start="2024-07-19T23:15:25.287060" elapsed="0.000132"/>
</kw>
<arg>${json_data["results"][0]["location"]["coordinates"]["longitude"]} &gt;= -180 and ${json_data["results"][0]["location"]["coordinates"]["longitude"]} &lt;= 180</arg>
<arg>Should Be True</arg>
<arg>${True}</arg>
<doc>Runs the given keyword with the given arguments, if ``condition`` is true.</doc>
<status status="PASS" start="2024-07-19T23:15:25.286375" elapsed="0.000938"/>
</kw>
<status status="PASS" start="2024-07-19T23:15:25.180413" elapsed="0.107027"/>
</kw>
<doc>Testa o conteúdo específico dos campos retornados pela API.</doc>
<tag>testeConteudo</tag>
<status status="PASS" start="2024-07-19T23:15:25.179903" elapsed="0.107676"/>
</test>
<status status="PASS" start="2024-07-19T23:15:24.367603" elapsed="0.921878"/>
</suite>
<status status="PASS" start="2024-07-19T23:15:24.353478" elapsed="0.940889"/>
</suite>
<statistics>
<total>
<stat pass="5" fail="0" skip="0">All Tests</stat>
</total>
<tag>
<stat pass="1" fail="0" skip="0">testeConteudo</stat>
<stat pass="1" fail="0" skip="0">testeEstruturaResposta</stat>
<stat pass="1" fail="0" skip="0">testeRequisicaoBasica</stat>
<stat pass="1" fail="0" skip="0">testeTiposDados</stat>
</tag>
<suite>
<stat pass="5" fail="0" skip="0" id="s1" name="Tests">Tests</stat>
<stat pass="5" fail="0" skip="0" id="s1-s1" name="Random-User-Test">Tests.Random-User-Test</stat>
</suite>
</statistics>
<errors>
</errors>
</robot>
