<?xml version="1.0" encoding="UTF-8"?>
<robot generator="Robot 7.0 (Python 3.12.3 on linux)" generated="2024-06-06T07:14:51.072164" rpa="false" schemaversion="5">
<suite id="s1" name="Tests" source="/home/runner/work/ApiRandomUser/ApiRandomUser/RamdonUser/tests">
<suite id="s1-s1" name="Random-User-Test" source="/home/runner/work/ApiRandomUser/ApiRandomUser/RamdonUser/tests/random-user-test.robot">
<test id="s1-s1-t1" name="Conectar" line="13">
<kw name="Conectar API" owner="random-user-service">
<kw name="Create Session" owner="RequestsLibrary">
<msg time="2024-06-06T07:14:51.427088" level="INFO">Creating Session using : alias=consultarAPI, url=https://randomuser.me/, headers={},                     cookies={}, auth=None, timeout=None, proxies=None, verify=False,                     debug=0 </msg>
<arg>consultarAPI</arg>
<arg>${URL}</arg>
<doc>Create Session: create a HTTP session to a server</doc>
<status status="PASS" start="2024-06-06T07:14:51.426900" elapsed="0.000348"/>
</kw>
<status status="PASS" start="2024-06-06T07:14:51.425941" elapsed="0.001635"/>
</kw>
<status status="PASS" start="2024-06-06T07:14:51.425469" elapsed="0.002286"/>
</test>
<test id="s1-s1-t2" name="Validar retorno 200 e JSON Válido" line="16">
<kw name="Teste de Requisicao Basica" owner="random-user-service">
<kw name="GET On Session" owner="RequestsLibrary">
<msg time="2024-06-06T07:14:51.617911" level="INFO">GET Request : url=https://randomuser.me/api 
 path_url=/api 
 headers={'User-Agent': 'python-requests/2.32.3', 'Accept-Encoding': 'gzip, deflate', 'Accept': '*/*', 'Connection': 'keep-alive'} 
 body=None 
 </msg>
<msg time="2024-06-06T07:14:51.618044" level="INFO">GET Response : url=https://randomuser.me/api 
 status=200, reason=OK 
 headers={'Date': 'Thu, 06 Jun 2024 07:14:51 GMT', 'Content-Type': 'application/json; charset=utf-8', 'Transfer-Encoding': 'chunked', 'Connection': 'keep-alive', 'X-Powered-By': 'Express', 'Access-Control-Allow-Origin': '*', 'Cache-Control': 'no-cache', 'ETag': 'W/"481-TIU8SXWsk5FyaZMi3N3C9u0/Mus"', 'Vary': 'Accept-Encoding', 'Content-Encoding': 'gzip', 'CF-Cache-Status': 'DYNAMIC', 'Report-To': '{"endpoints":[{"url":"https:\\/\\/a.nel.cloudflare.com\\/report\\/v4?s=3C6CpVpq3Rr13nHUJ18XJDGi4FXUv2EqR8DKef3Qs9%2Fd8G6JmELwE0G3mbmXTWnyisgzZWSTQ8AuczkzCP2lN1w2QmekXWtekqaUeGtkOSvIAIjiH653tmdDS%2BpBPa7G"}],"group":"cf-nel","max_age":604800}', 'NEL': '{"success_fraction":0,"report_to":"cf-nel","max_age":604800}', 'Server': 'cloudflare', 'CF-RAY': '88f69ba04c753b24-IAD', 'alt-svc': 'h3=":443"; ma=86400'} 
 body={"results":[{"gender":"female","name":{"title":"Ms","first":"Mia","last":"Tremblay"},"location":{"street":{"number":7158,"name":"Bay Ave"},"city":"Belmont","state":"Ontario","country":"Canada","postcode":"D0S 9R1","coordinates":{"latitude":"-66.5901","longitude":"102.7483"},"timezone":{"offset":"+2:00","description":"Kaliningrad, South Africa"}},"email":"mia.tremblay@example.com","login":{"uuid":"deb8b31a-5d78-46d0-a38e-0621d2ac9ddc","username":"tinybear492","password":"letmein","salt":"2CHx1aMn","md5":"f3e5f2af25c46305ca334ae7fb6b710e","sha1":"c5e637836b20170f2bb65be394363ba4723ce73b","sha256":"074022fe345fe0e153a71e268e2f58b68f322b726e14551575af28b835627462"},"dob":{"date":"1954-08-23T07:51:15.277Z","age":69},"registered":{"date":"2003-09-02T11:42:04.246Z","age":20},"phone":"E67 O88-8114","cell":"R65 V90-3118","id":{"name":"SIN","value":"705660983"},"picture":{"large":"https://randomuser.me/api/portraits/women/82.jpg","medium":"https://randomuser.me/api/portraits/med/women/82.jpg","thumbnail":"https://randomuser.me/api/portraits/thumb/women/82.jpg"},"nat":"CA"}],"info":{"seed":"d82f2d02bd736f78","results":1,"page":1,"version":"1.4"}} 
 </msg>
<msg time="2024-06-06T07:14:51.618131" level="INFO">/opt/hostedtoolcache/Python/3.12.3/x64/lib/python3.12/site-packages/urllib3/connectionpool.py:1103: InsecureRequestWarning: Unverified HTTPS request is being made to host 'randomuser.me'. Adding certificate verification is strongly advised. See: https://urllib3.readthedocs.io/en/latest/advanced-usage.html#tls-warnings
  warnings.warn(</msg>
<msg time="2024-06-06T07:14:51.618293" level="INFO">${response} = &lt;Response [200]&gt;</msg>
<var>${response}</var>
<arg>consultarAPI</arg>
<arg>/api</arg>
<doc>Sends a GET request on a previously created HTTP Session.</doc>
<status status="PASS" start="2024-06-06T07:14:51.430289" elapsed="0.188043"/>
</kw>
<kw name="Should Be Equal As Numbers" owner="BuiltIn">
<msg time="2024-06-06T07:14:51.619236" level="INFO">Argument types are:
&lt;class 'int'&gt;
&lt;class 'str'&gt;</msg>
<arg>${response.status_code}</arg>
<arg>200</arg>
<doc>Fails if objects are unequal after converting them to real numbers.</doc>
<status status="PASS" start="2024-06-06T07:14:51.618878" elapsed="0.000415"/>
</kw>
<kw name="Log" owner="BuiltIn">
<msg time="2024-06-06T07:14:51.619912" level="INFO">200</msg>
<arg>${response.status_code}</arg>
<doc>Logs the given message with the given level.</doc>
<status status="PASS" start="2024-06-06T07:14:51.619600" elapsed="0.000354"/>
</kw>
<kw name="Set Variable" owner="BuiltIn">
<msg time="2024-06-06T07:14:51.620653" level="INFO">${json_data} = {'results': [{'gender': 'female', 'name': {'title': 'Ms', 'first': 'Mia', 'last': 'Tremblay'}, 'location': {'street': {'number': 7158, 'name': 'Bay Ave'}, 'city': 'Belmont', 'state': 'Ontario', 'count...</msg>
<var>${json_data}</var>
<arg>${response.json()}</arg>
<doc>Returns the given values which can then be assigned to a variables.</doc>
<status status="PASS" start="2024-06-06T07:14:51.620230" elapsed="0.000450"/>
</kw>
<kw name="Dictionary Should Contain Key" owner="Collections">
<msg time="2024-06-06T07:14:51.621142" level="INFO">False</msg>
<arg>${json_data}</arg>
<arg>results</arg>
<doc>Fails if ``key`` is not found from ``dictionary``.</doc>
<status status="PASS" start="2024-06-06T07:14:51.620975" elapsed="0.000325"/>
</kw>
<status status="PASS" start="2024-06-06T07:14:51.430042" elapsed="0.191516"/>
</kw>
<doc>Testa se a API responde corretamente e retorna um objeto JSON válido.</doc>
<tag>testeRequisicaoBasica</tag>
<status status="PASS" start="2024-06-06T07:14:51.429556" elapsed="0.192168"/>
</test>
<test id="s1-s1-t3" name="Validar estrutura de resposta" line="22">
<kw name="Teste de Estrutura de Resposta" owner="random-user-service">
<kw name="GET On Session" owner="RequestsLibrary">
<msg time="2024-06-06T07:14:51.702997" level="INFO">GET Request : url=https://randomuser.me/api 
 path_url=/api 
 headers={'User-Agent': 'python-requests/2.32.3', 'Accept-Encoding': 'gzip, deflate', 'Accept': '*/*', 'Connection': 'keep-alive'} 
 body=None 
 </msg>
<msg time="2024-06-06T07:14:51.703085" level="INFO">GET Response : url=https://randomuser.me/api 
 status=200, reason=OK 
 headers={'Date': 'Thu, 06 Jun 2024 07:14:51 GMT', 'Content-Type': 'application/json; charset=utf-8', 'Transfer-Encoding': 'chunked', 'Connection': 'keep-alive', 'X-Powered-By': 'Express', 'Access-Control-Allow-Origin': '*', 'Cache-Control': 'no-cache', 'ETag': 'W/"48e-O+EXVsYpOqYEVZVLO8NnIp4K30g"', 'Vary': 'Accept-Encoding', 'Content-Encoding': 'gzip', 'CF-Cache-Status': 'DYNAMIC', 'Report-To': '{"endpoints":[{"url":"https:\\/\\/a.nel.cloudflare.com\\/report\\/v4?s=TdtsWybQcqjl%2BScp4o1hpJEbPTe8AH8saISwAeGXIXQZ%2FubzeuSyuJLuAFOlq88fkCBZZLB%2FUoeI5Y64VrhsKaH0rNA0VkM%2Bwrst41BkwSOxrNS0z2IjDixtTc4jfFhi"}],"group":"cf-nel","max_age":604800}', 'NEL': '{"success_fraction":0,"report_to":"cf-nel","max_age":604800}', 'Server': 'cloudflare', 'CF-RAY': '88f69ba0acc53b24-IAD', 'alt-svc': 'h3=":443"; ma=86400'} 
 body={"results":[{"gender":"male","name":{"title":"Mr","first":"Hjalmar","last":"Frøyland"},"location":{"street":{"number":2904,"name":"Brennaveien"},"city":"Hommelstø","state":"Telemark","country":"Norway","postcode":"1281","coordinates":{"latitude":"41.6895","longitude":"-23.7797"},"timezone":{"offset":"+10:00","description":"Eastern Australia, Guam, Vladivostok"}},"email":"hjalmar.froyland@example.com","login":{"uuid":"53f414cb-cf2d-47f4-9dae-2f6361b86687","username":"purpletiger241","password":"stupid1","salt":"U8iZC8qI","md5":"78db4042ad6efd64c301ecf1a806d790","sha1":"8286e1f2d69f00ea5de5b3583a0a1bb50f98f801","sha256":"fab782a8acbac5ea3dd1f2fa20d3e5829659056166dae6aa0a9b6ce04652c16b"},"dob":{"date":"1999-05-18T21:29:57.690Z","age":25},"registered":{"date":"2010-08-09T23:46:19.027Z","age":13},"phone":"51754354","cell":"98537625","id":{"name":"FN","value":"18059906573"},"picture":{"large":"https://randomuser.me/api/portraits/men/22.jpg","medium":"https://randomuser.me/api/portraits/med/men/22.jpg","thumbnail":"https://randomuser.me/api/portraits/thumb/men/22.jpg"},"nat":"NO"}],"info":{"seed":"2e5a4af2c11c3ca9","results":1,"page":1,"version":"1.4"}} 
 </msg>
<msg time="2024-06-06T07:14:51.703208" level="INFO">/opt/hostedtoolcache/Python/3.12.3/x64/lib/python3.12/site-packages/urllib3/connectionpool.py:1103: InsecureRequestWarning: Unverified HTTPS request is being made to host 'randomuser.me'. Adding certificate verification is strongly advised. See: https://urllib3.readthedocs.io/en/latest/advanced-usage.html#tls-warnings
  warnings.warn(</msg>
<msg time="2024-06-06T07:14:51.703351" level="INFO">${response} = &lt;Response [200]&gt;</msg>
<var>${response}</var>
<arg>consultarAPI</arg>
<arg>/api</arg>
<doc>Sends a GET request on a previously created HTTP Session.</doc>
<status status="PASS" start="2024-06-06T07:14:51.624182" elapsed="0.079206"/>
</kw>
<kw name="Set Variable" owner="BuiltIn">
<msg time="2024-06-06T07:14:51.704215" level="INFO">${json_data} = {'results': [{'gender': 'male', 'name': {'title': 'Mr', 'first': 'Hjalmar', 'last': 'Frøyland'}, 'location': {'street': {'number': 2904, 'name': 'Brennaveien'}, 'city': 'Hommelstø', 'state': 'Telemark...</msg>
<var>${json_data}</var>
<arg>${response.json()}</arg>
<doc>Returns the given values which can then be assigned to a variables.</doc>
<status status="PASS" start="2024-06-06T07:14:51.703760" elapsed="0.000483"/>
</kw>
<kw name="Log" owner="BuiltIn">
<msg time="2024-06-06T07:14:51.704703" level="INFO">{'results': [{'gender': 'male', 'name': {'title': 'Mr', 'first': 'Hjalmar', 'last': 'Frøyland'}, 'location': {'street': {'number': 2904, 'name': 'Brennaveien'}, 'city': 'Hommelstø', 'state': 'Telemark', 'country': 'Norway', 'postcode': '1281', 'coordinates': {'latitude': '41.6895', 'longitude': '-23.7797'}, 'timezone': {'offset': '+10:00', 'description': 'Eastern Australia, Guam, Vladivostok'}}, 'email': 'hjalmar.froyland@example.com', 'login': {'uuid': '53f414cb-cf2d-47f4-9dae-2f6361b86687', 'username': 'purpletiger241', 'password': 'stupid1', 'salt': 'U8iZC8qI', 'md5': '78db4042ad6efd64c301ecf1a806d790', 'sha1': '8286e1f2d69f00ea5de5b3583a0a1bb50f98f801', 'sha256': 'fab782a8acbac5ea3dd1f2fa20d3e5829659056166dae6aa0a9b6ce04652c16b'}, 'dob': {'date': '1999-05-18T21:29:57.690Z', 'age': 25}, 'registered': {'date': '2010-08-09T23:46:19.027Z', 'age': 13}, 'phone': '51754354', 'cell': '98537625', 'id': {'name': 'FN', 'value': '18059906573'}, 'picture': {'large': 'https://randomuser.me/api/portraits/men/22.jpg', 'medium': 'https://randomuser.me/api/portraits/med/men/22.jpg', 'thumbnail': 'https://randomuser.me/api/portraits/thumb/men/22.jpg'}, 'nat': 'NO'}], 'info': {'seed': '2e5a4af2c11c3ca9', 'results': 1, 'page': 1, 'version': '1.4'}}</msg>
<arg>${json_data}</arg>
<doc>Logs the given message with the given level.</doc>
<status status="PASS" start="2024-06-06T07:14:51.704546" elapsed="0.000204"/>
</kw>
<kw name="Dictionary Should Contain Key" owner="Collections">
<msg time="2024-06-06T07:14:51.705189" level="INFO">False</msg>
<arg>${json_data}</arg>
<arg>results</arg>
<doc>Fails if ``key`` is not found from ``dictionary``.</doc>
<status status="PASS" start="2024-06-06T07:14:51.705039" elapsed="0.000185"/>
</kw>
<kw name="Should Not Be Empty" owner="BuiltIn">
<msg time="2024-06-06T07:14:51.705675" level="INFO">Length is 2.</msg>
<arg>${json_data}</arg>
<doc>Verifies that the given item is not empty.</doc>
<status status="PASS" start="2024-06-06T07:14:51.705516" elapsed="0.000217"/>
</kw>
<kw name="Create List" owner="BuiltIn">
<msg time="2024-06-06T07:14:51.706453" level="INFO">${expected_keys} = ['gender', 'name', 'location', 'email', 'login']</msg>
<var>${expected_keys}</var>
<arg>gender</arg>
<arg>name</arg>
<arg>location</arg>
<arg>email</arg>
<arg>login</arg>
<doc>Returns a list containing given items.</doc>
<status status="PASS" start="2024-06-06T07:14:51.706190" elapsed="0.000307"/>
</kw>
<for flavor="IN">
<iter>
<kw name="Dictionary Should Contain Key" owner="Collections">
<msg time="2024-06-06T07:14:51.707986" level="INFO">False</msg>
<arg>${json_data['results'][0]}</arg>
<arg>${key}</arg>
<doc>Fails if ``key`` is not found from ``dictionary``.</doc>
<status status="PASS" start="2024-06-06T07:14:51.707358" elapsed="0.000696"/>
</kw>
<kw name="Log" owner="BuiltIn">
<msg time="2024-06-06T07:14:51.709080" level="INFO">{'gender': 'male', 'name': {'title': 'Mr', 'first': 'Hjalmar', 'last': 'Frøyland'}, 'location': {'street': {'number': 2904, 'name': 'Brennaveien'}, 'city': 'Hommelstø', 'state': 'Telemark', 'country': 'Norway', 'postcode': '1281', 'coordinates': {'latitude': '41.6895', 'longitude': '-23.7797'}, 'timezone': {'offset': '+10:00', 'description': 'Eastern Australia, Guam, Vladivostok'}}, 'email': 'hjalmar.froyland@example.com', 'login': {'uuid': '53f414cb-cf2d-47f4-9dae-2f6361b86687', 'username': 'purpletiger241', 'password': 'stupid1', 'salt': 'U8iZC8qI', 'md5': '78db4042ad6efd64c301ecf1a806d790', 'sha1': '8286e1f2d69f00ea5de5b3583a0a1bb50f98f801', 'sha256': 'fab782a8acbac5ea3dd1f2fa20d3e5829659056166dae6aa0a9b6ce04652c16b'}, 'dob': {'date': '1999-05-18T21:29:57.690Z', 'age': 25}, 'registered': {'date': '2010-08-09T23:46:19.027Z', 'age': 13}, 'phone': '51754354', 'cell': '98537625', 'id': {'name': 'FN', 'value': '18059906573'}, 'picture': {'large': 'https://randomuser.me/api/portraits/men/22.jpg', 'medium': 'https://randomuser.me/api/portraits/med/men/22.jpg', 'thumbnail': 'https://randomuser.me/api/portraits/thumb/men/22.jpg'}, 'nat': 'NO'}</msg>
<arg>${json_data['results'][0]}</arg>
<doc>Logs the given message with the given level.</doc>
<status status="PASS" start="2024-06-06T07:14:51.708500" elapsed="0.000653"/>
</kw>
<kw name="Log" owner="BuiltIn">
<msg time="2024-06-06T07:14:51.709736" level="INFO">gender</msg>
<arg>${key}</arg>
<doc>Logs the given message with the given level.</doc>
<status status="PASS" start="2024-06-06T07:14:51.709567" elapsed="0.000221"/>
</kw>
<var name="${key}">gender</var>
<status status="PASS" start="2024-06-06T07:14:51.707169" elapsed="0.002894"/>
</iter>
<iter>
<kw name="Dictionary Should Contain Key" owner="Collections">
<msg time="2024-06-06T07:14:51.711036" level="INFO">False</msg>
<arg>${json_data['results'][0]}</arg>
<arg>${key}</arg>
<doc>Fails if ``key`` is not found from ``dictionary``.</doc>
<status status="PASS" start="2024-06-06T07:14:51.710487" elapsed="0.000600"/>
</kw>
<kw name="Log" owner="BuiltIn">
<msg time="2024-06-06T07:14:51.712024" level="INFO">{'gender': 'male', 'name': {'title': 'Mr', 'first': 'Hjalmar', 'last': 'Frøyland'}, 'location': {'street': {'number': 2904, 'name': 'Brennaveien'}, 'city': 'Hommelstø', 'state': 'Telemark', 'country': 'Norway', 'postcode': '1281', 'coordinates': {'latitude': '41.6895', 'longitude': '-23.7797'}, 'timezone': {'offset': '+10:00', 'description': 'Eastern Australia, Guam, Vladivostok'}}, 'email': 'hjalmar.froyland@example.com', 'login': {'uuid': '53f414cb-cf2d-47f4-9dae-2f6361b86687', 'username': 'purpletiger241', 'password': 'stupid1', 'salt': 'U8iZC8qI', 'md5': '78db4042ad6efd64c301ecf1a806d790', 'sha1': '8286e1f2d69f00ea5de5b3583a0a1bb50f98f801', 'sha256': 'fab782a8acbac5ea3dd1f2fa20d3e5829659056166dae6aa0a9b6ce04652c16b'}, 'dob': {'date': '1999-05-18T21:29:57.690Z', 'age': 25}, 'registered': {'date': '2010-08-09T23:46:19.027Z', 'age': 13}, 'phone': '51754354', 'cell': '98537625', 'id': {'name': 'FN', 'value': '18059906573'}, 'picture': {'large': 'https://randomuser.me/api/portraits/men/22.jpg', 'medium': 'https://randomuser.me/api/portraits/med/men/22.jpg', 'thumbnail': 'https://randomuser.me/api/portraits/thumb/men/22.jpg'}, 'nat': 'NO'}</msg>
<arg>${json_data['results'][0]}</arg>
<doc>Logs the given message with the given level.</doc>
<status status="PASS" start="2024-06-06T07:14:51.711513" elapsed="0.000581"/>
</kw>
<kw name="Log" owner="BuiltIn">
<msg time="2024-06-06T07:14:51.712662" level="INFO">name</msg>
<arg>${key}</arg>
<doc>Logs the given message with the given level.</doc>
<status status="PASS" start="2024-06-06T07:14:51.712487" elapsed="0.000226"/>
</kw>
<var name="${key}">name</var>
<status status="PASS" start="2024-06-06T07:14:51.710302" elapsed="0.002700"/>
</iter>
<iter>
<kw name="Dictionary Should Contain Key" owner="Collections">
<msg time="2024-06-06T07:14:51.713947" level="INFO">False</msg>
<arg>${json_data['results'][0]}</arg>
<arg>${key}</arg>
<doc>Fails if ``key`` is not found from ``dictionary``.</doc>
<status status="PASS" start="2024-06-06T07:14:51.713413" elapsed="0.000596"/>
</kw>
<kw name="Log" owner="BuiltIn">
<msg time="2024-06-06T07:14:51.715040" level="INFO">{'gender': 'male', 'name': {'title': 'Mr', 'first': 'Hjalmar', 'last': 'Frøyland'}, 'location': {'street': {'number': 2904, 'name': 'Brennaveien'}, 'city': 'Hommelstø', 'state': 'Telemark', 'country': 'Norway', 'postcode': '1281', 'coordinates': {'latitude': '41.6895', 'longitude': '-23.7797'}, 'timezone': {'offset': '+10:00', 'description': 'Eastern Australia, Guam, Vladivostok'}}, 'email': 'hjalmar.froyland@example.com', 'login': {'uuid': '53f414cb-cf2d-47f4-9dae-2f6361b86687', 'username': 'purpletiger241', 'password': 'stupid1', 'salt': 'U8iZC8qI', 'md5': '78db4042ad6efd64c301ecf1a806d790', 'sha1': '8286e1f2d69f00ea5de5b3583a0a1bb50f98f801', 'sha256': 'fab782a8acbac5ea3dd1f2fa20d3e5829659056166dae6aa0a9b6ce04652c16b'}, 'dob': {'date': '1999-05-18T21:29:57.690Z', 'age': 25}, 'registered': {'date': '2010-08-09T23:46:19.027Z', 'age': 13}, 'phone': '51754354', 'cell': '98537625', 'id': {'name': 'FN', 'value': '18059906573'}, 'picture': {'large': 'https://randomuser.me/api/portraits/men/22.jpg', 'medium': 'https://randomuser.me/api/portraits/med/men/22.jpg', 'thumbnail': 'https://randomuser.me/api/portraits/thumb/men/22.jpg'}, 'nat': 'NO'}</msg>
<arg>${json_data['results'][0]}</arg>
<doc>Logs the given message with the given level.</doc>
<status status="PASS" start="2024-06-06T07:14:51.714446" elapsed="0.000673"/>
</kw>
<kw name="Log" owner="BuiltIn">
<msg time="2024-06-06T07:14:51.715745" level="INFO">location</msg>
<arg>${key}</arg>
<doc>Logs the given message with the given level.</doc>
<status status="PASS" start="2024-06-06T07:14:51.715553" elapsed="0.000251"/>
</kw>
<var name="${key}">location</var>
<status status="PASS" start="2024-06-06T07:14:51.713254" elapsed="0.002866"/>
</iter>
<iter>
<kw name="Dictionary Should Contain Key" owner="Collections">
<msg time="2024-06-06T07:14:51.717223" level="INFO">False</msg>
<arg>${json_data['results'][0]}</arg>
<arg>${key}</arg>
<doc>Fails if ``key`` is not found from ``dictionary``.</doc>
<status status="PASS" start="2024-06-06T07:14:51.716552" elapsed="0.000729"/>
</kw>
<kw name="Log" owner="BuiltIn">
<msg time="2024-06-06T07:14:51.718246" level="INFO">{'gender': 'male', 'name': {'title': 'Mr', 'first': 'Hjalmar', 'last': 'Frøyland'}, 'location': {'street': {'number': 2904, 'name': 'Brennaveien'}, 'city': 'Hommelstø', 'state': 'Telemark', 'country': 'Norway', 'postcode': '1281', 'coordinates': {'latitude': '41.6895', 'longitude': '-23.7797'}, 'timezone': {'offset': '+10:00', 'description': 'Eastern Australia, Guam, Vladivostok'}}, 'email': 'hjalmar.froyland@example.com', 'login': {'uuid': '53f414cb-cf2d-47f4-9dae-2f6361b86687', 'username': 'purpletiger241', 'password': 'stupid1', 'salt': 'U8iZC8qI', 'md5': '78db4042ad6efd64c301ecf1a806d790', 'sha1': '8286e1f2d69f00ea5de5b3583a0a1bb50f98f801', 'sha256': 'fab782a8acbac5ea3dd1f2fa20d3e5829659056166dae6aa0a9b6ce04652c16b'}, 'dob': {'date': '1999-05-18T21:29:57.690Z', 'age': 25}, 'registered': {'date': '2010-08-09T23:46:19.027Z', 'age': 13}, 'phone': '51754354', 'cell': '98537625', 'id': {'name': 'FN', 'value': '18059906573'}, 'picture': {'large': 'https://randomuser.me/api/portraits/men/22.jpg', 'medium': 'https://randomuser.me/api/portraits/med/men/22.jpg', 'thumbnail': 'https://randomuser.me/api/portraits/thumb/men/22.jpg'}, 'nat': 'NO'}</msg>
<arg>${json_data['results'][0]}</arg>
<doc>Logs the given message with the given level.</doc>
<status status="PASS" start="2024-06-06T07:14:51.717719" elapsed="0.000600"/>
</kw>
<kw name="Log" owner="BuiltIn">
<msg time="2024-06-06T07:14:51.718951" level="INFO">email</msg>
<arg>${key}</arg>
<doc>Logs the given message with the given level.</doc>
<status status="PASS" start="2024-06-06T07:14:51.718761" elapsed="0.000253"/>
</kw>
<var name="${key}">email</var>
<status status="PASS" start="2024-06-06T07:14:51.716384" elapsed="0.002943"/>
</iter>
<iter>
<kw name="Dictionary Should Contain Key" owner="Collections">
<msg time="2024-06-06T07:14:51.720332" level="INFO">False</msg>
<arg>${json_data['results'][0]}</arg>
<arg>${key}</arg>
<doc>Fails if ``key`` is not found from ``dictionary``.</doc>
<status status="PASS" start="2024-06-06T07:14:51.719732" elapsed="0.000660"/>
</kw>
<kw name="Log" owner="BuiltIn">
<msg time="2024-06-06T07:14:51.721338" level="INFO">{'gender': 'male', 'name': {'title': 'Mr', 'first': 'Hjalmar', 'last': 'Frøyland'}, 'location': {'street': {'number': 2904, 'name': 'Brennaveien'}, 'city': 'Hommelstø', 'state': 'Telemark', 'country': 'Norway', 'postcode': '1281', 'coordinates': {'latitude': '41.6895', 'longitude': '-23.7797'}, 'timezone': {'offset': '+10:00', 'description': 'Eastern Australia, Guam, Vladivostok'}}, 'email': 'hjalmar.froyland@example.com', 'login': {'uuid': '53f414cb-cf2d-47f4-9dae-2f6361b86687', 'username': 'purpletiger241', 'password': 'stupid1', 'salt': 'U8iZC8qI', 'md5': '78db4042ad6efd64c301ecf1a806d790', 'sha1': '8286e1f2d69f00ea5de5b3583a0a1bb50f98f801', 'sha256': 'fab782a8acbac5ea3dd1f2fa20d3e5829659056166dae6aa0a9b6ce04652c16b'}, 'dob': {'date': '1999-05-18T21:29:57.690Z', 'age': 25}, 'registered': {'date': '2010-08-09T23:46:19.027Z', 'age': 13}, 'phone': '51754354', 'cell': '98537625', 'id': {'name': 'FN', 'value': '18059906573'}, 'picture': {'large': 'https://randomuser.me/api/portraits/men/22.jpg', 'medium': 'https://randomuser.me/api/portraits/med/men/22.jpg', 'thumbnail': 'https://randomuser.me/api/portraits/thumb/men/22.jpg'}, 'nat': 'NO'}</msg>
<arg>${json_data['results'][0]}</arg>
<doc>Logs the given message with the given level.</doc>
<status status="PASS" start="2024-06-06T07:14:51.720793" elapsed="0.000632"/>
</kw>
<kw name="Log" owner="BuiltIn">
<msg time="2024-06-06T07:14:51.722085" level="INFO">login</msg>
<arg>${key}</arg>
<doc>Logs the given message with the given level.</doc>
<status status="PASS" start="2024-06-06T07:14:51.721890" elapsed="0.000256"/>
</kw>
<var name="${key}">login</var>
<status status="PASS" start="2024-06-06T07:14:51.719576" elapsed="0.002993"/>
</iter>
<var>${key}</var>
<value>@{expected_keys}</value>
<status status="PASS" start="2024-06-06T07:14:51.706910" elapsed="0.015875"/>
</for>
<kw name="Create List" owner="BuiltIn">
<msg time="2024-06-06T07:14:51.723278" level="INFO">${expected_keysTwo} = ['username', 'password']</msg>
<var>${expected_keysTwo}</var>
<arg>username</arg>
<arg>password</arg>
<doc>Returns a list containing given items.</doc>
<status status="PASS" start="2024-06-06T07:14:51.723090" elapsed="0.000224"/>
</kw>
<for flavor="IN">
<iter>
<kw name="Dictionary Should Contain Key" owner="Collections">
<msg time="2024-06-06T07:14:51.724585" level="INFO">False</msg>
<arg>${json_data['results'][0]['login']}</arg>
<arg>${keyTwo}</arg>
<doc>Fails if ``key`` is not found from ``dictionary``.</doc>
<status status="PASS" start="2024-06-06T07:14:51.723991" elapsed="0.000655"/>
</kw>
<kw name="Dictionary Should Contain Key" owner="Collections">
<msg time="2024-06-06T07:14:51.725657" level="INFO">False</msg>
<arg>${json_data['results'][0]['login']}</arg>
<arg>${keyTwo}</arg>
<doc>Fails if ``key`` is not found from ``dictionary``.</doc>
<status status="PASS" start="2024-06-06T07:14:51.725075" elapsed="0.000640"/>
</kw>
<kw name="Log" owner="BuiltIn">
<msg time="2024-06-06T07:14:51.726340" level="INFO">username</msg>
<arg>${keyTwo}</arg>
<doc>Logs the given message with the given level.</doc>
<status status="PASS" start="2024-06-06T07:14:51.726145" elapsed="0.000282"/>
</kw>
<var name="${keyTwo}">username</var>
<status status="PASS" start="2024-06-06T07:14:51.723839" elapsed="0.002914"/>
</iter>
<iter>
<kw name="Dictionary Should Contain Key" owner="Collections">
<msg time="2024-06-06T07:14:51.727702" level="INFO">False</msg>
<arg>${json_data['results'][0]['login']}</arg>
<arg>${keyTwo}</arg>
<doc>Fails if ``key`` is not found from ``dictionary``.</doc>
<status status="PASS" start="2024-06-06T07:14:51.727144" elapsed="0.000619"/>
</kw>
<kw name="Dictionary Should Contain Key" owner="Collections">
<msg time="2024-06-06T07:14:51.728779" level="INFO">False</msg>
<arg>${json_data['results'][0]['login']}</arg>
<arg>${keyTwo}</arg>
<doc>Fails if ``key`` is not found from ``dictionary``.</doc>
<status status="PASS" start="2024-06-06T07:14:51.728182" elapsed="0.000659"/>
</kw>
<kw name="Log" owner="BuiltIn">
<msg time="2024-06-06T07:14:51.729450" level="INFO">password</msg>
<arg>${keyTwo}</arg>
<doc>Logs the given message with the given level.</doc>
<status status="PASS" start="2024-06-06T07:14:51.729262" elapsed="0.000250"/>
</kw>
<var name="${keyTwo}">password</var>
<status status="PASS" start="2024-06-06T07:14:51.726992" elapsed="0.002840"/>
</iter>
<var>${keyTwo}</var>
<value>@{expected_keysTwo}</value>
<status status="PASS" start="2024-06-06T07:14:51.723628" elapsed="0.006400"/>
</for>
<status status="PASS" start="2024-06-06T07:14:51.623970" elapsed="0.106284"/>
</kw>
<doc>Testa a estrutura da resposta da API.</doc>
<tag>testeEstruturaResposta</tag>
<status status="PASS" start="2024-06-06T07:14:51.623546" elapsed="0.106986"/>
</test>
<test id="s1-s1-t4" name="Validar tipos de dados" line="28">
<kw name="Teste de Tipos de Dados" owner="random-user-service">
<kw name="GET On Session" owner="RequestsLibrary">
<msg time="2024-06-06T07:14:51.806922" level="INFO">GET Request : url=https://randomuser.me/api 
 path_url=/api 
 headers={'User-Agent': 'python-requests/2.32.3', 'Accept-Encoding': 'gzip, deflate', 'Accept': '*/*', 'Connection': 'keep-alive'} 
 body=None 
 </msg>
<msg time="2024-06-06T07:14:51.807024" level="INFO">GET Response : url=https://randomuser.me/api 
 status=200, reason=OK 
 headers={'Date': 'Thu, 06 Jun 2024 07:14:51 GMT', 'Content-Type': 'application/json; charset=utf-8', 'Transfer-Encoding': 'chunked', 'Connection': 'keep-alive', 'X-Powered-By': 'Express', 'Access-Control-Allow-Origin': '*', 'Cache-Control': 'no-cache', 'ETag': 'W/"4a1-HY46+CwjgobvxPS5/yawTHWVonA"', 'Vary': 'Accept-Encoding', 'Content-Encoding': 'gzip', 'CF-Cache-Status': 'DYNAMIC', 'Report-To': '{"endpoints":[{"url":"https:\\/\\/a.nel.cloudflare.com\\/report\\/v4?s=1H37l%2BgkH2bh6XoT4msbnu2vVpjj4c6ivFdadL2UaTpKx9sj3ZU22HhSXZ%2F4kexw1caqWxbi%2FDIyv%2FYZNgFe0s%2FRzi%2B4Fd%2BO%2BZMk8apSADCXCOcM6fBRowxlrfp2eyOG"}],"group":"cf-nel","max_age":604800}', 'NEL': '{"success_fraction":0,"report_to":"cf-nel","max_age":604800}', 'Server': 'cloudflare', 'CF-RAY': '88f69ba15d5d3b24-IAD', 'alt-svc': 'h3=":443"; ma=86400'} 
 body={"results":[{"gender":"female","name":{"title":"Mrs","first":"Lucena","last":"Cardoso"},"location":{"street":{"number":864,"name":"Rua Paraíba "},"city":"Criciúma","state":"Mato Grosso","country":"Brazil","postcode":95512,"coordinates":{"latitude":"-79.0361","longitude":"58.2022"},"timezone":{"offset":"+8:00","description":"Beijing, Perth, Singapore, Hong Kong"}},"email":"lucena.cardoso@example.com","login":{"uuid":"916d1746-f238-4972-94a6-f7ecd22a6c18","username":"happyzebra526","password":"nothing","salt":"koHIBkvq","md5":"6245779ec381dde4f74a3ca70810d03e","sha1":"cfbd72c83953bd58c1e5d2ecfb5259b444231330","sha256":"e6f91ebd14b193904152a2b69b210a427393fb0f964737f3091696ea5441d897"},"dob":{"date":"1996-04-22T23:52:54.004Z","age":28},"registered":{"date":"2017-07-21T10:02:09.606Z","age":6},"phone":"(11) 6470-5432","cell":"(92) 7999-5470","id":{"name":"CPF","value":"710.228.072-41"},"picture":{"large":"https://randomuser.me/api/portraits/women/84.jpg","medium":"https://randomuser.me/api/portraits/med/women/84.jpg","thumbnail":"https://randomuser.me/api/portraits/thumb/women/84.jpg"},"nat":"BR"}],"info":{"seed":"432da0eaed6998a9","results":1,"page":1,"version":"1.4"}} 
 </msg>
<msg time="2024-06-06T07:14:51.807115" level="INFO">/opt/hostedtoolcache/Python/3.12.3/x64/lib/python3.12/site-packages/urllib3/connectionpool.py:1103: InsecureRequestWarning: Unverified HTTPS request is being made to host 'randomuser.me'. Adding certificate verification is strongly advised. See: https://urllib3.readthedocs.io/en/latest/advanced-usage.html#tls-warnings
  warnings.warn(</msg>
<msg time="2024-06-06T07:14:51.807223" level="INFO">${response} = &lt;Response [200]&gt;</msg>
<var>${response}</var>
<arg>consultarAPI</arg>
<arg>/api</arg>
<doc>Sends a GET request on a previously created HTTP Session.</doc>
<status status="PASS" start="2024-06-06T07:14:51.734274" elapsed="0.072988"/>
</kw>
<kw name="Set Variable" owner="BuiltIn">
<msg time="2024-06-06T07:14:51.808026" level="INFO">${json_data} = {'results': [{'gender': 'female', 'name': {'title': 'Mrs', 'first': 'Lucena', 'last': 'Cardoso'}, 'location': {'street': {'number': 864, 'name': 'Rua Paraíba '}, 'city': 'Criciúma', 'state': 'Mato Gro...</msg>
<var>${json_data}</var>
<arg>${response.json()}</arg>
<doc>Returns the given values which can then be assigned to a variables.</doc>
<status status="PASS" start="2024-06-06T07:14:51.807598" elapsed="0.000456"/>
</kw>
<kw name="Log" owner="BuiltIn">
<msg time="2024-06-06T07:14:51.808494" level="INFO">{'results': [{'gender': 'female', 'name': {'title': 'Mrs', 'first': 'Lucena', 'last': 'Cardoso'}, 'location': {'street': {'number': 864, 'name': 'Rua Paraíba '}, 'city': 'Criciúma', 'state': 'Mato Grosso', 'country': 'Brazil', 'postcode': 95512, 'coordinates': {'latitude': '-79.0361', 'longitude': '58.2022'}, 'timezone': {'offset': '+8:00', 'description': 'Beijing, Perth, Singapore, Hong Kong'}}, 'email': 'lucena.cardoso@example.com', 'login': {'uuid': '916d1746-f238-4972-94a6-f7ecd22a6c18', 'username': 'happyzebra526', 'password': 'nothing', 'salt': 'koHIBkvq', 'md5': '6245779ec381dde4f74a3ca70810d03e', 'sha1': 'cfbd72c83953bd58c1e5d2ecfb5259b444231330', 'sha256': 'e6f91ebd14b193904152a2b69b210a427393fb0f964737f3091696ea5441d897'}, 'dob': {'date': '1996-04-22T23:52:54.004Z', 'age': 28}, 'registered': {'date': '2017-07-21T10:02:09.606Z', 'age': 6}, 'phone': '(11) 6470-5432', 'cell': '(92) 7999-5470', 'id': {'name': 'CPF', 'value': '710.228.072-41'}, 'picture': {'large': 'https://randomuser.me/api/portraits/women/84.jpg', 'medium': 'https://randomuser.me/api/portraits/med/women/84.jpg', 'thumbnail': 'https://randomuser.me/api/portraits/thumb/women/84.jpg'}, 'nat': 'BR'}], 'info': {'seed': '432da0eaed6998a9', 'results': 1, 'page': 1, 'version': '1.4'}}</msg>
<arg>${json_data}</arg>
<doc>Logs the given message with the given level.</doc>
<status status="PASS" start="2024-06-06T07:14:51.808345" elapsed="0.000226"/>
</kw>
<kw name="Should Be String" owner="String">
<arg>${json_data['results'][0]['gender']}</arg>
<doc>Fails if the given ``item`` is not a string.</doc>
<status status="PASS" start="2024-06-06T07:14:51.808855" elapsed="0.000346"/>
</kw>
<kw name="Should Match Regexp" owner="BuiltIn">
<arg>${json_data['results'][0]['email']}</arg>
<arg>^[a-zA-Z0-9._%+-]+@[a-zA-Z0-9.-]+\.[a-zA-Z]{2,}$</arg>
<doc>Fails if ``string`` does not match ``pattern`` as a regular expression.</doc>
<status status="PASS" start="2024-06-06T07:14:51.809381" elapsed="0.000584"/>
</kw>
<kw name="Should Match Regexp" owner="BuiltIn">
<arg>${json_data['results'][0]['dob']['date']}</arg>
<arg>\\d{4}-\\d{2}-\\d{2}T\\d{2}:\\d{2}:\\d{2}\\.\\d{3}Z</arg>
<doc>Fails if ``string`` does not match ``pattern`` as a regular expression.</doc>
<status status="PASS" start="2024-06-06T07:14:51.810151" elapsed="0.000502"/>
</kw>
<kw name="Should Match Regexp" owner="BuiltIn">
<arg>${json_data['results'][0]['registered']['date']}</arg>
<arg>\\d{4}-\\d{2}-\\d{2}T\\d{2}:\\d{2}:\\d{2}\\.\\d{3}Z</arg>
<doc>Fails if ``string`` does not match ``pattern`` as a regular expression.</doc>
<status status="PASS" start="2024-06-06T07:14:51.810838" elapsed="0.000343"/>
</kw>
<kw name="Should Match Regexp" owner="BuiltIn">
<arg>${json_data['results'][0]['picture']['large']}</arg>
<arg>^https?://.*\.(?:png|jpe?g|gif|bmp)$</arg>
<doc>Fails if ``string`` does not match ``pattern`` as a regular expression.</doc>
<status status="PASS" start="2024-06-06T07:14:51.811356" elapsed="0.000442"/>
</kw>
<kw name="Should Match Regexp" owner="BuiltIn">
<arg>${json_data['results'][0]['picture']['medium']}</arg>
<arg>^https?://.*\.(?:png|jpe?g|gif|bmp)$</arg>
<doc>Fails if ``string`` does not match ``pattern`` as a regular expression.</doc>
<status status="PASS" start="2024-06-06T07:14:51.811998" elapsed="0.000325"/>
</kw>
<kw name="Should Match Regexp" owner="BuiltIn">
<arg>${json_data['results'][0]['picture']['thumbnail']}</arg>
<arg>^https?://.*\.(?:png|jpe?g|gif|bmp)$</arg>
<doc>Fails if ``string`` does not match ``pattern`` as a regular expression.</doc>
<status status="PASS" start="2024-06-06T07:14:51.812499" elapsed="0.000347"/>
</kw>
<kw name="Log" owner="BuiltIn">
<msg time="2024-06-06T07:14:51.813325" level="INFO">{'large': 'https://randomuser.me/api/portraits/women/84.jpg', 'medium': 'https://randomuser.me/api/portraits/med/women/84.jpg', 'thumbnail': 'https://randomuser.me/api/portraits/thumb/women/84.jpg'}</msg>
<arg>${json_data['results'][0]['picture']}</arg>
<doc>Logs the given message with the given level.</doc>
<status status="PASS" start="2024-06-06T07:14:51.813025" elapsed="0.000338"/>
</kw>
<status status="PASS" start="2024-06-06T07:14:51.733945" elapsed="0.079656"/>
</kw>
<kw name="Teste de Tipos de Dados - Postcode" owner="random-user-service">
<kw name="GET On Session" owner="RequestsLibrary">
<msg time="2024-06-06T07:14:51.903984" level="INFO">GET Request : url=https://randomuser.me/api 
 path_url=/api 
 headers={'User-Agent': 'python-requests/2.32.3', 'Accept-Encoding': 'gzip, deflate', 'Accept': '*/*', 'Connection': 'keep-alive'} 
 body=None 
 </msg>
<msg time="2024-06-06T07:14:51.904086" level="INFO">GET Response : url=https://randomuser.me/api 
 status=200, reason=OK 
 headers={'Date': 'Thu, 06 Jun 2024 07:14:51 GMT', 'Content-Type': 'application/json; charset=utf-8', 'Transfer-Encoding': 'chunked', 'Connection': 'keep-alive', 'X-Powered-By': 'Express', 'Access-Control-Allow-Origin': '*', 'Cache-Control': 'no-cache', 'ETag': 'W/"496-RKCVm8fhOiLlVQrHIkhAvwa8Dbs"', 'Vary': 'Accept-Encoding', 'Content-Encoding': 'gzip', 'CF-Cache-Status': 'DYNAMIC', 'Report-To': '{"endpoints":[{"url":"https:\\/\\/a.nel.cloudflare.com\\/report\\/v4?s=g1p16xk%2BSL7T7Nf3SDOfk1I2uo4aOibjF7dJjocbBt3Ioemt%2BBxyzotRCSVqxM8TFrA%2BOZ%2Ff8bgMXrYMkQCqoxj5xXsK3bjfVvdavDWDkoZS45IbbcV5DUJigWLddErW"}],"group":"cf-nel","max_age":604800}', 'NEL': '{"success_fraction":0,"report_to":"cf-nel","max_age":604800}', 'Server': 'cloudflare', 'CF-RAY': '88f69ba1ddba3b24-IAD', 'alt-svc': 'h3=":443"; ma=86400'} 
 body={"results":[{"gender":"female","name":{"title":"Mrs","first":"Alberte","last":"Christensen"},"location":{"street":{"number":7732,"name":"Rønnebærvej"},"city":"Ulsted, Hals","state":"Danmark","country":"Denmark","postcode":95930,"coordinates":{"latitude":"-44.2432","longitude":"54.6095"},"timezone":{"offset":"-3:00","description":"Brazil, Buenos Aires, Georgetown"}},"email":"alberte.christensen@example.com","login":{"uuid":"0085cae1-fb80-475c-95c4-5d0bba4c6ffb","username":"crazyfrog846","password":"rogue","salt":"SIaCuXhu","md5":"de6875667a42228c061342264058cdae","sha1":"544ebdb79010c527b71adbdfa36a2c2b0e53b9e0","sha256":"1b851e6c99abfbb6e52112f87e3ba1161bd6b29b95b9c1f7394f722e934db97d"},"dob":{"date":"1945-08-20T01:48:54.129Z","age":78},"registered":{"date":"2017-04-04T06:05:04.043Z","age":7},"phone":"62749966","cell":"38243971","id":{"name":"CPR","value":"190845-9019"},"picture":{"large":"https://randomuser.me/api/portraits/women/70.jpg","medium":"https://randomuser.me/api/portraits/med/women/70.jpg","thumbnail":"https://randomuser.me/api/portraits/thumb/women/70.jpg"},"nat":"DK"}],"info":{"seed":"9e5f5713a11b4b70","results":1,"page":1,"version":"1.4"}} 
 </msg>
<msg time="2024-06-06T07:14:51.904201" level="INFO">/opt/hostedtoolcache/Python/3.12.3/x64/lib/python3.12/site-packages/urllib3/connectionpool.py:1103: InsecureRequestWarning: Unverified HTTPS request is being made to host 'randomuser.me'. Adding certificate verification is strongly advised. See: https://urllib3.readthedocs.io/en/latest/advanced-usage.html#tls-warnings
  warnings.warn(</msg>
<msg time="2024-06-06T07:14:51.904341" level="INFO">${response} = &lt;Response [200]&gt;</msg>
<var>${response}</var>
<arg>consultarAPI</arg>
<arg>/api</arg>
<doc>Sends a GET request on a previously created HTTP Session.</doc>
<status status="PASS" start="2024-06-06T07:14:51.813999" elapsed="0.090380"/>
</kw>
<kw name="Set Variable" owner="BuiltIn">
<msg time="2024-06-06T07:14:51.905157" level="INFO">${json_data} = {'results': [{'gender': 'female', 'name': {'title': 'Mrs', 'first': 'Alberte', 'last': 'Christensen'}, 'location': {'street': {'number': 7732, 'name': 'Rønnebærvej'}, 'city': 'Ulsted, Hals', 'state': ...</msg>
<var>${json_data}</var>
<arg>${response.json()}</arg>
<doc>Returns the given values which can then be assigned to a variables.</doc>
<status status="PASS" start="2024-06-06T07:14:51.904730" elapsed="0.000452"/>
</kw>
<kw name="Log" owner="BuiltIn">
<msg time="2024-06-06T07:14:51.905601" level="INFO">{'results': [{'gender': 'female', 'name': {'title': 'Mrs', 'first': 'Alberte', 'last': 'Christensen'}, 'location': {'street': {'number': 7732, 'name': 'Rønnebærvej'}, 'city': 'Ulsted, Hals', 'state': 'Danmark', 'country': 'Denmark', 'postcode': 95930, 'coordinates': {'latitude': '-44.2432', 'longitude': '54.6095'}, 'timezone': {'offset': '-3:00', 'description': 'Brazil, Buenos Aires, Georgetown'}}, 'email': 'alberte.christensen@example.com', 'login': {'uuid': '0085cae1-fb80-475c-95c4-5d0bba4c6ffb', 'username': 'crazyfrog846', 'password': 'rogue', 'salt': 'SIaCuXhu', 'md5': 'de6875667a42228c061342264058cdae', 'sha1': '544ebdb79010c527b71adbdfa36a2c2b0e53b9e0', 'sha256': '1b851e6c99abfbb6e52112f87e3ba1161bd6b29b95b9c1f7394f722e934db97d'}, 'dob': {'date': '1945-08-20T01:48:54.129Z', 'age': 78}, 'registered': {'date': '2017-04-04T06:05:04.043Z', 'age': 7}, 'phone': '62749966', 'cell': '38243971', 'id': {'name': 'CPR', 'value': '190845-9019'}, 'picture': {'large': 'https://randomuser.me/api/portraits/women/70.jpg', 'medium': 'https://randomuser.me/api/portraits/med/women/70.jpg', 'thumbnail': 'https://randomuser.me/api/portraits/thumb/women/70.jpg'}, 'nat': 'DK'}], 'info': {'seed': '9e5f5713a11b4b70', 'results': 1, 'page': 1, 'version': '1.4'}}</msg>
<arg>${json_data}</arg>
<doc>Logs the given message with the given level.</doc>
<status status="PASS" start="2024-06-06T07:14:51.905461" elapsed="0.000211"/>
</kw>
<kw name="Should Be Equal As Numbers" owner="BuiltIn">
<arg>${json_data['results'][0]['location']['postcode']}</arg>
<arg>${json_data['results'][0]['location']['postcode']}</arg>
<doc>Fails if objects are unequal after converting them to real numbers.</doc>
<status status="PASS" start="2024-06-06T07:14:51.905951" elapsed="0.000612"/>
</kw>
<kw name="Log" owner="BuiltIn">
<msg time="2024-06-06T07:14:51.907063" level="INFO">95930</msg>
<arg>${json_data['results'][0]['location']['postcode']}</arg>
<doc>Logs the given message with the given level.</doc>
<status status="PASS" start="2024-06-06T07:14:51.906745" elapsed="0.000355"/>
</kw>
<status status="PASS" start="2024-06-06T07:14:51.813795" elapsed="0.093540"/>
</kw>
<doc>Testa se os tipos de dados na resposta da API estão corretos.</doc>
<tag>testeTiposDados</tag>
<status status="PASS" start="2024-06-06T07:14:51.733372" elapsed="0.174107"/>
</test>
<test id="s1-s1-t5" name="Validar conteudo" line="35">
<kw name="Teste de Tipos de Conteudo" owner="random-user-service">
<kw name="GET On Session" owner="RequestsLibrary">
<msg time="2024-06-06T07:14:52.003647" level="INFO">GET Request : url=https://randomuser.me/api 
 path_url=/api 
 headers={'User-Agent': 'python-requests/2.32.3', 'Accept-Encoding': 'gzip, deflate', 'Accept': '*/*', 'Connection': 'keep-alive'} 
 body=None 
 </msg>
<msg time="2024-06-06T07:14:52.003729" level="INFO">GET Response : url=https://randomuser.me/api 
 status=200, reason=OK 
 headers={'Date': 'Thu, 06 Jun 2024 07:14:52 GMT', 'Content-Type': 'application/json; charset=utf-8', 'Transfer-Encoding': 'chunked', 'Connection': 'keep-alive', 'X-Powered-By': 'Express', 'Access-Control-Allow-Origin': '*', 'Cache-Control': 'no-cache', 'ETag': 'W/"496-igh58Z8drNkMnN7el+jTyKIP4X8"', 'Vary': 'Accept-Encoding', 'Content-Encoding': 'gzip', 'CF-Cache-Status': 'DYNAMIC', 'Report-To': '{"endpoints":[{"url":"https:\\/\\/a.nel.cloudflare.com\\/report\\/v4?s=UKjPOyrHggXSFPiFzK4rS0hdCd7Ai0SotZQIQP2a0%2Fjr1%2FF8NuUnG1hsZDckcsyZPnLZ%2FCswSiQpZ1nuK0WQi2%2F90WuQI05D0W5mwFMdryjEoc9wju2xto4gqKe4tSFg"}],"group":"cf-nel","max_age":604800}', 'NEL': '{"success_fraction":0,"report_to":"cf-nel","max_age":604800}', 'Server': 'cloudflare', 'CF-RAY': '88f69ba27e313b24-IAD', 'alt-svc': 'h3=":443"; ma=86400'} 
 body={"results":[{"gender":"male","name":{"title":"Mr","first":"Ismael","last":"Blanco"},"location":{"street":{"number":5925,"name":"Calle del Arenal"},"city":"Arrecife","state":"Comunidad de Madrid","country":"Spain","postcode":94751,"coordinates":{"latitude":"-35.4041","longitude":"-37.2532"},"timezone":{"offset":"-6:00","description":"Central Time (US &amp; Canada), Mexico City"}},"email":"ismael.blanco@example.com","login":{"uuid":"8039c17f-996d-48a9-a102-64f453ea6f0c","username":"angrycat486","password":"baker","salt":"MKx1GQJO","md5":"ecca8b277218f1b4357feeacf1c35855","sha1":"71f22931ae983140fe6f9090f5a229603aa310cb","sha256":"e6cef3a4a2ff7ce9d2f466f5924d45302d22ae0bb97ef79f4869795d8ea5651d"},"dob":{"date":"1959-09-30T19:32:14.418Z","age":64},"registered":{"date":"2021-12-18T20:37:27.857Z","age":2},"phone":"932-963-907","cell":"614-063-484","id":{"name":"DNI","value":"18076192-G"},"picture":{"large":"https://randomuser.me/api/portraits/men/27.jpg","medium":"https://randomuser.me/api/portraits/med/men/27.jpg","thumbnail":"https://randomuser.me/api/portraits/thumb/men/27.jpg"},"nat":"ES"}],"info":{"seed":"e33fdf5e139c5247","results":1,"page":1,"version":"1.4"}} 
 </msg>
<msg time="2024-06-06T07:14:52.003803" level="INFO">/opt/hostedtoolcache/Python/3.12.3/x64/lib/python3.12/site-packages/urllib3/connectionpool.py:1103: InsecureRequestWarning: Unverified HTTPS request is being made to host 'randomuser.me'. Adding certificate verification is strongly advised. See: https://urllib3.readthedocs.io/en/latest/advanced-usage.html#tls-warnings
  warnings.warn(</msg>
<msg time="2024-06-06T07:14:52.003950" level="INFO">${response} = &lt;Response [200]&gt;</msg>
<var>${response}</var>
<arg>consultarAPI</arg>
<arg>/api</arg>
<doc>Sends a GET request on a previously created HTTP Session.</doc>
<status status="PASS" start="2024-06-06T07:14:51.910003" elapsed="0.094005"/>
</kw>
<kw name="Set Variable" owner="BuiltIn">
<msg time="2024-06-06T07:14:52.005005" level="INFO">${json_data} = {'results': [{'gender': 'male', 'name': {'title': 'Mr', 'first': 'Ismael', 'last': 'Blanco'}, 'location': {'street': {'number': 5925, 'name': 'Calle del Arenal'}, 'city': 'Arrecife', 'state': 'Comunid...</msg>
<var>${json_data}</var>
<arg>${response.json()}</arg>
<doc>Returns the given values which can then be assigned to a variables.</doc>
<status status="PASS" start="2024-06-06T07:14:52.004513" elapsed="0.000518"/>
</kw>
<kw name="Set Variable" owner="BuiltIn">
<msg time="2024-06-06T07:14:52.005666" level="INFO">${name_title} = Mr</msg>
<var>${name_title}</var>
<arg>${json_data["results"][0]["name"]["title"]}</arg>
<doc>Returns the given values which can then be assigned to a variables.</doc>
<status status="PASS" start="2024-06-06T07:14:52.005312" elapsed="0.000378"/>
</kw>
<kw name="Create List" owner="BuiltIn">
<msg time="2024-06-06T07:14:52.006108" level="INFO">${allowed_titles} = ['Mr', 'Ms', 'Miss', 'Mrs', 'Madame', 'Monsieur']</msg>
<var>${allowed_titles}</var>
<arg>Mr</arg>
<arg>Ms</arg>
<arg>Miss</arg>
<arg>Mrs</arg>
<arg>Madame</arg>
<arg>Monsieur</arg>
<doc>Returns a list containing given items.</doc>
<status status="PASS" start="2024-06-06T07:14:52.005969" elapsed="0.000161"/>
</kw>
<kw name="List Should Contain Value" owner="Collections">
<msg time="2024-06-06T07:14:52.006648" level="INFO">False</msg>
<arg>${allowed_titles}</arg>
<arg>${name_title}</arg>
<doc>Fails if the ``value`` is not found from ``list``.</doc>
<status status="PASS" start="2024-06-06T07:14:52.006469" elapsed="0.000213"/>
</kw>
<kw name="Set Variable" owner="BuiltIn">
<msg time="2024-06-06T07:14:52.007437" level="INFO">${name_country} = ES</msg>
<var>${name_country}</var>
<arg>${json_data["results"][0]["nat"]}</arg>
<doc>Returns the given values which can then be assigned to a variables.</doc>
<status status="PASS" start="2024-06-06T07:14:52.006962" elapsed="0.000499"/>
</kw>
<kw name="Create List" owner="BuiltIn">
<msg time="2024-06-06T07:14:52.008298" level="INFO">${list_country} = ['AD', 'AE', 'AF', 'AG', 'AI', 'AL', 'AM', 'AO', 'AQ', 'AR', 'AS', 'AT', 'AU', 'AW', 'AX', 'AZ', 'BA', 'BB', 'BD', 'BE', 'BF', 'BG', 'BH', 'BI', 'BJ', 'BL', 'BM', 'BN', 'BO', 'BQ', 'BR', 'BS', 'BT', '...</msg>
<var>${list_country}</var>
<arg>AD</arg>
<arg>AE</arg>
<arg>AF</arg>
<arg>AG</arg>
<arg>AI</arg>
<arg>AL</arg>
<arg>AM</arg>
<arg>AO</arg>
<arg>AQ</arg>
<arg>AR</arg>
<arg>AS</arg>
<arg>AT</arg>
<arg>AU</arg>
<arg>AW</arg>
<arg>AX</arg>
<arg>AZ</arg>
<arg>BA</arg>
<arg>BB</arg>
<arg>BD</arg>
<arg>BE</arg>
<arg>BF</arg>
<arg>BG</arg>
<arg>BH</arg>
<arg>BI</arg>
<arg>BJ</arg>
<arg>BL</arg>
<arg>BM</arg>
<arg>BN</arg>
<arg>BO</arg>
<arg>BQ</arg>
<arg>BR</arg>
<arg>BS</arg>
<arg>BT</arg>
<arg>BV</arg>
<arg>BW</arg>
<arg>BY</arg>
<arg>BZ</arg>
<arg>CA</arg>
<arg>CC</arg>
<arg>CD</arg>
<arg>CF</arg>
<arg>CG</arg>
<arg>CH</arg>
<arg>CI</arg>
<arg>CK</arg>
<arg>CL</arg>
<arg>CM</arg>
<arg>CN</arg>
<arg>CO</arg>
<arg>CR</arg>
<arg>CU</arg>
<arg>CV</arg>
<arg>CW</arg>
<arg>CX</arg>
<arg>CY</arg>
<arg>CZ</arg>
<arg>DE</arg>
<arg>DJ</arg>
<arg>DK</arg>
<arg>DM</arg>
<arg>DO</arg>
<arg>DZ</arg>
<arg>EC</arg>
<arg>EE</arg>
<arg>EG</arg>
<arg>EH</arg>
<arg>ER</arg>
<arg>ES</arg>
<arg>ET</arg>
<arg>FI</arg>
<arg>FJ</arg>
<arg>FK</arg>
<arg>FM</arg>
<arg>FO</arg>
<arg>FR</arg>
<arg>GA</arg>
<arg>GB</arg>
<arg>GD</arg>
<arg>GE</arg>
<arg>GF</arg>
<arg>GG</arg>
<arg>GH</arg>
<arg>GI</arg>
<arg>GL</arg>
<arg>GM</arg>
<arg>GN</arg>
<arg>GP</arg>
<arg>GQ</arg>
<arg>GR</arg>
<arg>GS</arg>
<arg>GT</arg>
<arg>GU</arg>
<arg>GW</arg>
<arg>GY</arg>
<arg>HK</arg>
<arg>HM</arg>
<arg>HN</arg>
<arg>HR</arg>
<arg>HT</arg>
<arg>HU</arg>
<arg>ID</arg>
<arg>IE</arg>
<arg>IL</arg>
<arg>IM</arg>
<arg>IN</arg>
<arg>IO</arg>
<arg>IQ</arg>
<arg>IR</arg>
<arg>IS</arg>
<arg>IT</arg>
<arg>JE</arg>
<arg>JM</arg>
<arg>JO</arg>
<arg>JP</arg>
<arg>KE</arg>
<arg>KG</arg>
<arg>KH</arg>
<arg>KI</arg>
<arg>KM</arg>
<arg>KN</arg>
<arg>KP</arg>
<arg>KR</arg>
<arg>KW</arg>
<arg>KY</arg>
<arg>KZ</arg>
<arg>LA</arg>
<arg>LB</arg>
<arg>LC</arg>
<arg>LI</arg>
<arg>LK</arg>
<arg>LR</arg>
<arg>LS</arg>
<arg>LT</arg>
<arg>LU</arg>
<arg>LV</arg>
<arg>LY</arg>
<arg>MA</arg>
<arg>MC</arg>
<arg>MD</arg>
<arg>ME</arg>
<arg>MF</arg>
<arg>MG</arg>
<arg>MH</arg>
<arg>MK</arg>
<arg>ML</arg>
<arg>MM</arg>
<arg>MN</arg>
<arg>MO</arg>
<arg>MP</arg>
<arg>MQ</arg>
<arg>MR</arg>
<arg>MS</arg>
<arg>MT</arg>
<arg>MU</arg>
<arg>MV</arg>
<arg>MW</arg>
<arg>MX</arg>
<arg>MY</arg>
<arg>MZ</arg>
<arg>NA</arg>
<arg>NC</arg>
<arg>NE</arg>
<arg>NF</arg>
<arg>NG</arg>
<arg>NI</arg>
<arg>NL</arg>
<arg>NO</arg>
<arg>NP</arg>
<arg>NR</arg>
<arg>NU</arg>
<arg>NZ</arg>
<arg>OM</arg>
<arg>PA</arg>
<arg>PE</arg>
<arg>PF</arg>
<arg>PG</arg>
<arg>PH</arg>
<arg>PK</arg>
<arg>PL</arg>
<arg>PM</arg>
<arg>PN</arg>
<arg>PR</arg>
<arg>PS</arg>
<arg>PT</arg>
<arg>PW</arg>
<arg>PY</arg>
<arg>QA</arg>
<arg>RE</arg>
<arg>RO</arg>
<arg>RS</arg>
<arg>RU</arg>
<arg>RW</arg>
<arg>SA</arg>
<arg>SB</arg>
<arg>SC</arg>
<arg>SD</arg>
<arg>SE</arg>
<arg>SG</arg>
<arg>SH</arg>
<arg>SI</arg>
<arg>SJ</arg>
<arg>SK</arg>
<arg>SL</arg>
<arg>SM</arg>
<arg>SN</arg>
<arg>SO</arg>
<arg>SR</arg>
<arg>SS</arg>
<arg>ST</arg>
<arg>SV</arg>
<arg>SX</arg>
<arg>SY</arg>
<arg>SZ</arg>
<arg>TC</arg>
<arg>TD</arg>
<arg>TF</arg>
<arg>TG</arg>
<arg>TH</arg>
<arg>TJ</arg>
<arg>TK</arg>
<arg>TL</arg>
<arg>TM</arg>
<arg>TN</arg>
<arg>TO</arg>
<arg>TR</arg>
<arg>TT</arg>
<arg>TV</arg>
<arg>TW</arg>
<arg>TZ</arg>
<arg>UA</arg>
<arg>UG</arg>
<arg>UM</arg>
<arg>US</arg>
<arg>UY</arg>
<arg>UZ</arg>
<arg>VA</arg>
<arg>VC</arg>
<arg>VE</arg>
<arg>VG</arg>
<arg>VI</arg>
<arg>VN</arg>
<arg>VU</arg>
<arg>WF</arg>
<arg>WS</arg>
<arg>XK</arg>
<arg>YE</arg>
<arg>YT</arg>
<arg>ZA</arg>
<arg>ZM</arg>
<arg>ZW</arg>
<doc>Returns a list containing given items.</doc>
<status status="PASS" start="2024-06-06T07:14:52.007749" elapsed="0.000572"/>
</kw>
<kw name="List Should Contain Value" owner="Collections">
<msg time="2024-06-06T07:14:52.009242" level="INFO">False</msg>
<arg>${list_country}</arg>
<arg>${name_country}</arg>
<doc>Fails if the ``value`` is not found from ``list``.</doc>
<status status="PASS" start="2024-06-06T07:14:52.009050" elapsed="0.000226"/>
</kw>
<kw name="Run Keyword If" owner="BuiltIn">
<kw name="Should Be True" owner="BuiltIn">
<arg>${True}</arg>
<doc>Fails if the given condition is not true.</doc>
<status status="PASS" start="2024-06-06T07:14:52.010266" elapsed="0.000151"/>
</kw>
<arg>${json_data["results"][0]["location"]["coordinates"]["latitude"]} &gt;= -90 and ${json_data["results"][0]["location"]["coordinates"]["latitude"]} &lt;= 90</arg>
<arg>Should Be True</arg>
<arg>${True}</arg>
<doc>Runs the given keyword with the given arguments, if ``condition`` is true.</doc>
<status status="PASS" start="2024-06-06T07:14:52.009571" elapsed="0.000976"/>
</kw>
<kw name="Run Keyword If" owner="BuiltIn">
<kw name="Should Be True" owner="BuiltIn">
<arg>${True}</arg>
<doc>Fails if the given condition is not true.</doc>
<status status="PASS" start="2024-06-06T07:14:52.011377" elapsed="0.000127"/>
</kw>
<arg>${json_data["results"][0]["location"]["coordinates"]["longitude"]} &gt;= -180 and ${json_data["results"][0]["location"]["coordinates"]["longitude"]} &lt;= 180</arg>
<arg>Should Be True</arg>
<arg>${True}</arg>
<doc>Runs the given keyword with the given arguments, if ``condition`` is true.</doc>
<status status="PASS" start="2024-06-06T07:14:52.010725" elapsed="0.000891"/>
</kw>
<status status="PASS" start="2024-06-06T07:14:51.909660" elapsed="0.102074"/>
</kw>
<doc>Testa o conteúdo específico dos campos retornados pela API.</doc>
<tag>testeConteudo</tag>
<status status="PASS" start="2024-06-06T07:14:51.909054" elapsed="0.102810"/>
</test>
<status status="PASS" start="2024-06-06T07:14:51.127749" elapsed="0.885835"/>
</suite>
<status status="PASS" start="2024-06-06T07:14:51.115125" elapsed="0.903144"/>
</suite>
<statistics>
<total>
<stat pass="5" fail="0" skip="0">All Tests</stat>
</total>
<tag>
<stat pass="1" fail="0" skip="0">testeConteudo</stat>
<stat pass="1" fail="0" skip="0">testeEstruturaResposta</stat>
<stat pass="1" fail="0" skip="0">testeRequisicaoBasica</stat>
<stat pass="1" fail="0" skip="0">testeTiposDados</stat>
</tag>
<suite>
<stat pass="5" fail="0" skip="0" id="s1" name="Tests">Tests</stat>
<stat pass="5" fail="0" skip="0" id="s1-s1" name="Random-User-Test">Tests.Random-User-Test</stat>
</suite>
</statistics>
<errors>
</errors>
</robot>
