<?xml version="1.0" encoding="UTF-8"?>
<robot generator="Robot 7.0.1 (Python 3.12.4 on linux)" generated="2024-08-07T23:14:59.328669" rpa="false" schemaversion="5">
<suite id="s1" name="Tests" source="/home/runner/work/ApiRandomUser/ApiRandomUser/RamdonUser/tests">
<suite id="s1-s1" name="Random-User-Test" source="/home/runner/work/ApiRandomUser/ApiRandomUser/RamdonUser/tests/random-user-test.robot">
<test id="s1-s1-t1" name="Conectar" line="13">
<kw name="Conectar API" owner="random-user-service">
<kw name="Create Session" owner="RequestsLibrary">
<msg time="2024-08-07T23:14:59.726849" level="INFO">Creating Session using : alias=consultarAPI, url=https://randomuser.me/, headers={},                     cookies={}, auth=None, timeout=None, proxies=None, verify=False,                     debug=0 </msg>
<arg>consultarAPI</arg>
<arg>${URL}</arg>
<doc>Create Session: create a HTTP session to a server</doc>
<status status="PASS" start="2024-08-07T23:14:59.726652" elapsed="0.000372"/>
</kw>
<status status="PASS" start="2024-08-07T23:14:59.725611" elapsed="0.001767"/>
</kw>
<status status="PASS" start="2024-08-07T23:14:59.725035" elapsed="0.002539"/>
</test>
<test id="s1-s1-t2" name="Validar retorno 200 e JSON Válido" line="16">
<kw name="Teste de Requisicao Basica" owner="random-user-service">
<kw name="GET On Session" owner="RequestsLibrary">
<msg time="2024-08-07T23:14:59.943082" level="INFO">GET Request : url=https://randomuser.me/api 
 path_url=/api 
 headers={'User-Agent': 'python-requests/2.32.3', 'Accept-Encoding': 'gzip, deflate', 'Accept': '*/*', 'Connection': 'keep-alive'} 
 body=None 
 </msg>
<msg time="2024-08-07T23:14:59.943246" level="INFO">GET Response : url=https://randomuser.me/api 
 status=200, reason=OK 
 headers={'Date': 'Wed, 07 Aug 2024 23:14:59 GMT', 'Content-Type': 'application/json; charset=utf-8', 'Transfer-Encoding': 'chunked', 'Connection': 'keep-alive', 'X-Powered-By': 'Express', 'Access-Control-Allow-Origin': '*', 'Cache-Control': 'no-cache', 'ETag': 'W/"46b-A71yhjbg8u+5jIUGFN3gF11w6GE"', 'Vary': 'Accept-Encoding', 'Content-Encoding': 'gzip', 'CF-Cache-Status': 'DYNAMIC', 'Report-To': '{"endpoints":[{"url":"https:\\/\\/a.nel.cloudflare.com\\/report\\/v4?s=ler4BVYewrJncTtDbvrWwefHoljlthMcjRf01CXQvj2bAy5DaRqrGWehqKqtGqLKwdU9RDHnxzhgvhJX3wxTiyp1FXLJyZfa3AMnnK3ysN3hwEqHA2UL4dGaUMzRHp3e"}],"group":"cf-nel","max_age":604800}', 'NEL': '{"success_fraction":0,"report_to":"cf-nel","max_age":604800}', 'Server': 'cloudflare', 'CF-RAY': '8afaf7543e220834-IAD', 'alt-svc': 'h3=":443"; ma=86400'} 
 body={"results":[{"gender":"male","name":{"title":"Mr","first":"Isaac","last":"Patel"},"location":{"street":{"number":3507,"name":"Cashel Street"},"city":"Timaru","state":"Wellington","country":"New Zealand","postcode":76768,"coordinates":{"latitude":"54.7863","longitude":"-34.3794"},"timezone":{"offset":"-3:30","description":"Newfoundland"}},"email":"isaac.patel@example.com","login":{"uuid":"79551deb-f00e-4780-807b-9227f0bb4664","username":"heavypanda661","password":"8989","salt":"9db6CGdG","md5":"dee5b18bc58aa2ddcb65ee715996555c","sha1":"5ad3d24989f39de47c16aa835d4d115b72eac5a7","sha256":"018ed947a1a1ee99246f9fdda59ad698ed2bd597101b454f0c94bed54aa1b900"},"dob":{"date":"1955-01-22T23:17:52.634Z","age":69},"registered":{"date":"2005-12-30T23:37:59.820Z","age":18},"phone":"(907)-723-3287","cell":"(448)-552-3728","id":{"name":"","value":null},"picture":{"large":"https://randomuser.me/api/portraits/men/46.jpg","medium":"https://randomuser.me/api/portraits/med/men/46.jpg","thumbnail":"https://randomuser.me/api/portraits/thumb/men/46.jpg"},"nat":"NZ"}],"info":{"seed":"cff8ff47fed00638","results":1,"page":1,"version":"1.4"}} 
 </msg>
<msg time="2024-08-07T23:14:59.943326" level="INFO">/opt/hostedtoolcache/Python/3.12.4/x64/lib/python3.12/site-packages/urllib3/connectionpool.py:1099: InsecureRequestWarning: Unverified HTTPS request is being made to host 'randomuser.me'. Adding certificate verification is strongly advised. See: https://urllib3.readthedocs.io/en/latest/advanced-usage.html#tls-warnings
  warnings.warn(</msg>
<msg time="2024-08-07T23:14:59.943477" level="INFO">${response} = &lt;Response [200]&gt;</msg>
<var>${response}</var>
<arg>consultarAPI</arg>
<arg>/api</arg>
<doc>Sends a GET request on a previously created HTTP Session.</doc>
<status status="PASS" start="2024-08-07T23:14:59.730181" elapsed="0.213338"/>
</kw>
<kw name="Should Be Equal As Numbers" owner="BuiltIn">
<msg time="2024-08-07T23:14:59.944646" level="INFO">Argument types are:
&lt;class 'int'&gt;
&lt;class 'str'&gt;</msg>
<arg>${response.status_code}</arg>
<arg>200</arg>
<doc>Fails if objects are unequal after converting them to real numbers.</doc>
<status status="PASS" start="2024-08-07T23:14:59.944148" elapsed="0.000563"/>
</kw>
<kw name="Log" owner="BuiltIn">
<msg time="2024-08-07T23:14:59.945418" level="INFO">200</msg>
<arg>${response.status_code}</arg>
<doc>Logs the given message with the given level.</doc>
<status status="PASS" start="2024-08-07T23:14:59.945033" elapsed="0.000429"/>
</kw>
<kw name="Set Variable" owner="BuiltIn">
<msg time="2024-08-07T23:14:59.946209" level="INFO">${json_data} = {'results': [{'gender': 'male', 'name': {'title': 'Mr', 'first': 'Isaac', 'last': 'Patel'}, 'location': {'street': {'number': 3507, 'name': 'Cashel Street'}, 'city': 'Timaru', 'state': 'Wellington', '...</msg>
<var>${json_data}</var>
<arg>${response.json()}</arg>
<doc>Returns the given values which can then be assigned to a variables.</doc>
<status status="PASS" start="2024-08-07T23:14:59.945770" elapsed="0.000468"/>
</kw>
<kw name="Dictionary Should Contain Key" owner="Collections">
<arg>${json_data}</arg>
<arg>results</arg>
<doc>Fails if ``key`` is not found from ``dictionary``.</doc>
<status status="PASS" start="2024-08-07T23:14:59.946544" elapsed="0.000324"/>
</kw>
<status status="PASS" start="2024-08-07T23:14:59.729935" elapsed="0.217090"/>
</kw>
<doc>Testa se a API responde corretamente e retorna um objeto JSON válido.</doc>
<tag>testeRequisicaoBasica</tag>
<status status="PASS" start="2024-08-07T23:14:59.729483" elapsed="0.217797"/>
</test>
<test id="s1-s1-t3" name="Validar estrutura de resposta" line="22">
<kw name="Teste de Estrutura de Resposta" owner="random-user-service">
<kw name="GET On Session" owner="RequestsLibrary">
<msg time="2024-08-07T23:15:00.005748" level="INFO">GET Request : url=https://randomuser.me/api 
 path_url=/api 
 headers={'User-Agent': 'python-requests/2.32.3', 'Accept-Encoding': 'gzip, deflate', 'Accept': '*/*', 'Connection': 'keep-alive'} 
 body=None 
 </msg>
<msg time="2024-08-07T23:15:00.005836" level="INFO">GET Response : url=https://randomuser.me/api 
 status=200, reason=OK 
 headers={'Date': 'Wed, 07 Aug 2024 23:15:00 GMT', 'Content-Type': 'application/json; charset=utf-8', 'Transfer-Encoding': 'chunked', 'Connection': 'keep-alive', 'X-Powered-By': 'Express', 'Access-Control-Allow-Origin': '*', 'Cache-Control': 'no-cache', 'ETag': 'W/"493-pht6D+IE4PBHhbyJtOkJ+IFs73g"', 'Vary': 'Accept-Encoding', 'Content-Encoding': 'gzip', 'CF-Cache-Status': 'DYNAMIC', 'Report-To': '{"endpoints":[{"url":"https:\\/\\/a.nel.cloudflare.com\\/report\\/v4?s=BuEa2KFmGJCnpHcIUA9nN1nq4Ue80jcg3nGeABrSx9Xo6JjWuZdzawtZn24NyxwIbyxFEu9Q%2FBnFT%2FOtwNmKA5gHzhCyiIFN2fq2kcW1jk%2BeBo4Za8cYSzDcHOQcYlAx"}],"group":"cf-nel","max_age":604800}', 'NEL': '{"success_fraction":0,"report_to":"cf-nel","max_age":604800}', 'Server': 'cloudflare', 'CF-RAY': '8afaf754bea40834-IAD', 'alt-svc': 'h3=":443"; ma=86400'} 
 body={"results":[{"gender":"male","name":{"title":"Mr","first":"Mohamed","last":"Velasco"},"location":{"street":{"number":9385,"name":"Calle de Téllez"},"city":"Cuenca","state":"País Vasco","country":"Spain","postcode":79318,"coordinates":{"latitude":"-35.9330","longitude":"-16.0903"},"timezone":{"offset":"-5:00","description":"Eastern Time (US &amp; Canada), Bogota, Lima"}},"email":"mohamed.velasco@example.com","login":{"uuid":"cf3fa3ec-a282-4fa7-acaa-d06ecbfc9196","username":"redmouse846","password":"sabres","salt":"PiHk0QC3","md5":"c31d01b790df80262715fb417151dfcb","sha1":"58b8aab94f10cadf25dd1a48f933eb586d5f5e56","sha256":"e03e4c841858fcb77fce34490f44dd44210fa8c0e39c30737664bc654a49f0fc"},"dob":{"date":"1946-04-20T23:40:33.054Z","age":78},"registered":{"date":"2010-08-11T22:50:15.677Z","age":13},"phone":"987-976-064","cell":"626-580-696","id":{"name":"DNI","value":"66531287-U"},"picture":{"large":"https://randomuser.me/api/portraits/men/88.jpg","medium":"https://randomuser.me/api/portraits/med/men/88.jpg","thumbnail":"https://randomuser.me/api/portraits/thumb/men/88.jpg"},"nat":"ES"}],"info":{"seed":"c1f64096c9d81700","results":1,"page":1,"version":"1.4"}} 
 </msg>
<msg time="2024-08-07T23:15:00.005967" level="INFO">/opt/hostedtoolcache/Python/3.12.4/x64/lib/python3.12/site-packages/urllib3/connectionpool.py:1099: InsecureRequestWarning: Unverified HTTPS request is being made to host 'randomuser.me'. Adding certificate verification is strongly advised. See: https://urllib3.readthedocs.io/en/latest/advanced-usage.html#tls-warnings
  warnings.warn(</msg>
<msg time="2024-08-07T23:15:00.006091" level="INFO">${response} = &lt;Response [200]&gt;</msg>
<var>${response}</var>
<arg>consultarAPI</arg>
<arg>/api</arg>
<doc>Sends a GET request on a previously created HTTP Session.</doc>
<status status="PASS" start="2024-08-07T23:14:59.950150" elapsed="0.055988"/>
</kw>
<kw name="Set Variable" owner="BuiltIn">
<msg time="2024-08-07T23:15:00.007042" level="INFO">${json_data} = {'results': [{'gender': 'male', 'name': {'title': 'Mr', 'first': 'Mohamed', 'last': 'Velasco'}, 'location': {'street': {'number': 9385, 'name': 'Calle de Téllez'}, 'city': 'Cuenca', 'state': 'País Vas...</msg>
<var>${json_data}</var>
<arg>${response.json()}</arg>
<doc>Returns the given values which can then be assigned to a variables.</doc>
<status status="PASS" start="2024-08-07T23:15:00.006580" elapsed="0.000492"/>
</kw>
<kw name="Log" owner="BuiltIn">
<msg time="2024-08-07T23:15:00.007540" level="INFO">{'results': [{'gender': 'male', 'name': {'title': 'Mr', 'first': 'Mohamed', 'last': 'Velasco'}, 'location': {'street': {'number': 9385, 'name': 'Calle de Téllez'}, 'city': 'Cuenca', 'state': 'País Vasco', 'country': 'Spain', 'postcode': 79318, 'coordinates': {'latitude': '-35.9330', 'longitude': '-16.0903'}, 'timezone': {'offset': '-5:00', 'description': 'Eastern Time (US &amp; Canada), Bogota, Lima'}}, 'email': 'mohamed.velasco@example.com', 'login': {'uuid': 'cf3fa3ec-a282-4fa7-acaa-d06ecbfc9196', 'username': 'redmouse846', 'password': 'sabres', 'salt': 'PiHk0QC3', 'md5': 'c31d01b790df80262715fb417151dfcb', 'sha1': '58b8aab94f10cadf25dd1a48f933eb586d5f5e56', 'sha256': 'e03e4c841858fcb77fce34490f44dd44210fa8c0e39c30737664bc654a49f0fc'}, 'dob': {'date': '1946-04-20T23:40:33.054Z', 'age': 78}, 'registered': {'date': '2010-08-11T22:50:15.677Z', 'age': 13}, 'phone': '987-976-064', 'cell': '626-580-696', 'id': {'name': 'DNI', 'value': '66531287-U'}, 'picture': {'large': 'https://randomuser.me/api/portraits/men/88.jpg', 'medium': 'https://randomuser.me/api/portraits/med/men/88.jpg', 'thumbnail': 'https://randomuser.me/api/portraits/thumb/men/88.jpg'}, 'nat': 'ES'}], 'info': {'seed': 'c1f64096c9d81700', 'results': 1, 'page': 1, 'version': '1.4'}}</msg>
<arg>${json_data}</arg>
<doc>Logs the given message with the given level.</doc>
<status status="PASS" start="2024-08-07T23:15:00.007379" elapsed="0.000216"/>
</kw>
<kw name="Dictionary Should Contain Key" owner="Collections">
<arg>${json_data}</arg>
<arg>results</arg>
<doc>Fails if ``key`` is not found from ``dictionary``.</doc>
<status status="PASS" start="2024-08-07T23:15:00.007889" elapsed="0.000165"/>
</kw>
<kw name="Should Not Be Empty" owner="BuiltIn">
<msg time="2024-08-07T23:15:00.008366" level="INFO">Length is 2.</msg>
<arg>${json_data}</arg>
<doc>Verifies that the given item is not empty.</doc>
<status status="PASS" start="2024-08-07T23:15:00.008240" elapsed="0.000165"/>
</kw>
<kw name="Create List" owner="BuiltIn">
<msg time="2024-08-07T23:15:00.008856" level="INFO">${expected_keys} = ['gender', 'name', 'location', 'email', 'login']</msg>
<var>${expected_keys}</var>
<arg>gender</arg>
<arg>name</arg>
<arg>location</arg>
<arg>email</arg>
<arg>login</arg>
<doc>Returns a list containing given items.</doc>
<status status="PASS" start="2024-08-07T23:15:00.008699" elapsed="0.000183"/>
</kw>
<for flavor="IN">
<iter>
<kw name="Dictionary Should Contain Key" owner="Collections">
<arg>${json_data['results'][0]}</arg>
<arg>${key}</arg>
<doc>Fails if ``key`` is not found from ``dictionary``.</doc>
<status status="PASS" start="2024-08-07T23:15:00.009515" elapsed="0.000416"/>
</kw>
<kw name="Log" owner="BuiltIn">
<msg time="2024-08-07T23:15:00.010480" level="INFO">{'gender': 'male', 'name': {'title': 'Mr', 'first': 'Mohamed', 'last': 'Velasco'}, 'location': {'street': {'number': 9385, 'name': 'Calle de Téllez'}, 'city': 'Cuenca', 'state': 'País Vasco', 'country': 'Spain', 'postcode': 79318, 'coordinates': {'latitude': '-35.9330', 'longitude': '-16.0903'}, 'timezone': {'offset': '-5:00', 'description': 'Eastern Time (US &amp; Canada), Bogota, Lima'}}, 'email': 'mohamed.velasco@example.com', 'login': {'uuid': 'cf3fa3ec-a282-4fa7-acaa-d06ecbfc9196', 'username': 'redmouse846', 'password': 'sabres', 'salt': 'PiHk0QC3', 'md5': 'c31d01b790df80262715fb417151dfcb', 'sha1': '58b8aab94f10cadf25dd1a48f933eb586d5f5e56', 'sha256': 'e03e4c841858fcb77fce34490f44dd44210fa8c0e39c30737664bc654a49f0fc'}, 'dob': {'date': '1946-04-20T23:40:33.054Z', 'age': 78}, 'registered': {'date': '2010-08-11T22:50:15.677Z', 'age': 13}, 'phone': '987-976-064', 'cell': '626-580-696', 'id': {'name': 'DNI', 'value': '66531287-U'}, 'picture': {'large': 'https://randomuser.me/api/portraits/men/88.jpg', 'medium': 'https://randomuser.me/api/portraits/med/men/88.jpg', 'thumbnail': 'https://randomuser.me/api/portraits/thumb/men/88.jpg'}, 'nat': 'ES'}</msg>
<arg>${json_data['results'][0]}</arg>
<doc>Logs the given message with the given level.</doc>
<status status="PASS" start="2024-08-07T23:15:00.010123" elapsed="0.000409"/>
</kw>
<kw name="Log" owner="BuiltIn">
<msg time="2024-08-07T23:15:00.010963" level="INFO">gender</msg>
<arg>${key}</arg>
<doc>Logs the given message with the given level.</doc>
<status status="PASS" start="2024-08-07T23:15:00.010833" elapsed="0.000170"/>
</kw>
<var name="${key}">gender</var>
<status status="PASS" start="2024-08-07T23:15:00.009386" elapsed="0.001836"/>
</iter>
<iter>
<kw name="Dictionary Should Contain Key" owner="Collections">
<arg>${json_data['results'][0]}</arg>
<arg>${key}</arg>
<doc>Fails if ``key`` is not found from ``dictionary``.</doc>
<status status="PASS" start="2024-08-07T23:15:00.011526" elapsed="0.000395"/>
</kw>
<kw name="Log" owner="BuiltIn">
<msg time="2024-08-07T23:15:00.012467" level="INFO">{'gender': 'male', 'name': {'title': 'Mr', 'first': 'Mohamed', 'last': 'Velasco'}, 'location': {'street': {'number': 9385, 'name': 'Calle de Téllez'}, 'city': 'Cuenca', 'state': 'País Vasco', 'country': 'Spain', 'postcode': 79318, 'coordinates': {'latitude': '-35.9330', 'longitude': '-16.0903'}, 'timezone': {'offset': '-5:00', 'description': 'Eastern Time (US &amp; Canada), Bogota, Lima'}}, 'email': 'mohamed.velasco@example.com', 'login': {'uuid': 'cf3fa3ec-a282-4fa7-acaa-d06ecbfc9196', 'username': 'redmouse846', 'password': 'sabres', 'salt': 'PiHk0QC3', 'md5': 'c31d01b790df80262715fb417151dfcb', 'sha1': '58b8aab94f10cadf25dd1a48f933eb586d5f5e56', 'sha256': 'e03e4c841858fcb77fce34490f44dd44210fa8c0e39c30737664bc654a49f0fc'}, 'dob': {'date': '1946-04-20T23:40:33.054Z', 'age': 78}, 'registered': {'date': '2010-08-11T22:50:15.677Z', 'age': 13}, 'phone': '987-976-064', 'cell': '626-580-696', 'id': {'name': 'DNI', 'value': '66531287-U'}, 'picture': {'large': 'https://randomuser.me/api/portraits/men/88.jpg', 'medium': 'https://randomuser.me/api/portraits/med/men/88.jpg', 'thumbnail': 'https://randomuser.me/api/portraits/thumb/men/88.jpg'}, 'nat': 'ES'}</msg>
<arg>${json_data['results'][0]}</arg>
<doc>Logs the given message with the given level.</doc>
<status status="PASS" start="2024-08-07T23:15:00.012108" elapsed="0.000443"/>
</kw>
<kw name="Log" owner="BuiltIn">
<msg time="2024-08-07T23:15:00.012986" level="INFO">name</msg>
<arg>${key}</arg>
<doc>Logs the given message with the given level.</doc>
<status status="PASS" start="2024-08-07T23:15:00.012856" elapsed="0.000169"/>
</kw>
<var name="${key}">name</var>
<status status="PASS" start="2024-08-07T23:15:00.011409" elapsed="0.001857"/>
</iter>
<iter>
<kw name="Dictionary Should Contain Key" owner="Collections">
<arg>${json_data['results'][0]}</arg>
<arg>${key}</arg>
<doc>Fails if ``key`` is not found from ``dictionary``.</doc>
<status status="PASS" start="2024-08-07T23:15:00.013567" elapsed="0.000384"/>
</kw>
<kw name="Log" owner="BuiltIn">
<msg time="2024-08-07T23:15:00.014490" level="INFO">{'gender': 'male', 'name': {'title': 'Mr', 'first': 'Mohamed', 'last': 'Velasco'}, 'location': {'street': {'number': 9385, 'name': 'Calle de Téllez'}, 'city': 'Cuenca', 'state': 'País Vasco', 'country': 'Spain', 'postcode': 79318, 'coordinates': {'latitude': '-35.9330', 'longitude': '-16.0903'}, 'timezone': {'offset': '-5:00', 'description': 'Eastern Time (US &amp; Canada), Bogota, Lima'}}, 'email': 'mohamed.velasco@example.com', 'login': {'uuid': 'cf3fa3ec-a282-4fa7-acaa-d06ecbfc9196', 'username': 'redmouse846', 'password': 'sabres', 'salt': 'PiHk0QC3', 'md5': 'c31d01b790df80262715fb417151dfcb', 'sha1': '58b8aab94f10cadf25dd1a48f933eb586d5f5e56', 'sha256': 'e03e4c841858fcb77fce34490f44dd44210fa8c0e39c30737664bc654a49f0fc'}, 'dob': {'date': '1946-04-20T23:40:33.054Z', 'age': 78}, 'registered': {'date': '2010-08-11T22:50:15.677Z', 'age': 13}, 'phone': '987-976-064', 'cell': '626-580-696', 'id': {'name': 'DNI', 'value': '66531287-U'}, 'picture': {'large': 'https://randomuser.me/api/portraits/men/88.jpg', 'medium': 'https://randomuser.me/api/portraits/med/men/88.jpg', 'thumbnail': 'https://randomuser.me/api/portraits/thumb/men/88.jpg'}, 'nat': 'ES'}</msg>
<arg>${json_data['results'][0]}</arg>
<doc>Logs the given message with the given level.</doc>
<status status="PASS" start="2024-08-07T23:15:00.014136" elapsed="0.000406"/>
</kw>
<kw name="Log" owner="BuiltIn">
<msg time="2024-08-07T23:15:00.015008" level="INFO">location</msg>
<arg>${key}</arg>
<doc>Logs the given message with the given level.</doc>
<status status="PASS" start="2024-08-07T23:15:00.014874" elapsed="0.000171"/>
</kw>
<var name="${key}">location</var>
<status status="PASS" start="2024-08-07T23:15:00.013456" elapsed="0.001809"/>
</iter>
<iter>
<kw name="Dictionary Should Contain Key" owner="Collections">
<arg>${json_data['results'][0]}</arg>
<arg>${key}</arg>
<doc>Fails if ``key`` is not found from ``dictionary``.</doc>
<status status="PASS" start="2024-08-07T23:15:00.015550" elapsed="0.000392"/>
</kw>
<kw name="Log" owner="BuiltIn">
<msg time="2024-08-07T23:15:00.016729" level="INFO">{'gender': 'male', 'name': {'title': 'Mr', 'first': 'Mohamed', 'last': 'Velasco'}, 'location': {'street': {'number': 9385, 'name': 'Calle de Téllez'}, 'city': 'Cuenca', 'state': 'País Vasco', 'country': 'Spain', 'postcode': 79318, 'coordinates': {'latitude': '-35.9330', 'longitude': '-16.0903'}, 'timezone': {'offset': '-5:00', 'description': 'Eastern Time (US &amp; Canada), Bogota, Lima'}}, 'email': 'mohamed.velasco@example.com', 'login': {'uuid': 'cf3fa3ec-a282-4fa7-acaa-d06ecbfc9196', 'username': 'redmouse846', 'password': 'sabres', 'salt': 'PiHk0QC3', 'md5': 'c31d01b790df80262715fb417151dfcb', 'sha1': '58b8aab94f10cadf25dd1a48f933eb586d5f5e56', 'sha256': 'e03e4c841858fcb77fce34490f44dd44210fa8c0e39c30737664bc654a49f0fc'}, 'dob': {'date': '1946-04-20T23:40:33.054Z', 'age': 78}, 'registered': {'date': '2010-08-11T22:50:15.677Z', 'age': 13}, 'phone': '987-976-064', 'cell': '626-580-696', 'id': {'name': 'DNI', 'value': '66531287-U'}, 'picture': {'large': 'https://randomuser.me/api/portraits/men/88.jpg', 'medium': 'https://randomuser.me/api/portraits/med/men/88.jpg', 'thumbnail': 'https://randomuser.me/api/portraits/thumb/men/88.jpg'}, 'nat': 'ES'}</msg>
<arg>${json_data['results'][0]}</arg>
<doc>Logs the given message with the given level.</doc>
<status status="PASS" start="2024-08-07T23:15:00.016355" elapsed="0.000427"/>
</kw>
<kw name="Log" owner="BuiltIn">
<msg time="2024-08-07T23:15:00.017249" level="INFO">email</msg>
<arg>${key}</arg>
<doc>Logs the given message with the given level.</doc>
<status status="PASS" start="2024-08-07T23:15:00.017095" elapsed="0.000217"/>
</kw>
<var name="${key}">email</var>
<status status="PASS" start="2024-08-07T23:15:00.015441" elapsed="0.002108"/>
</iter>
<iter>
<kw name="Dictionary Should Contain Key" owner="Collections">
<arg>${json_data['results'][0]}</arg>
<arg>${key}</arg>
<doc>Fails if ``key`` is not found from ``dictionary``.</doc>
<status status="PASS" start="2024-08-07T23:15:00.017840" elapsed="0.000379"/>
</kw>
<kw name="Log" owner="BuiltIn">
<msg time="2024-08-07T23:15:00.018758" level="INFO">{'gender': 'male', 'name': {'title': 'Mr', 'first': 'Mohamed', 'last': 'Velasco'}, 'location': {'street': {'number': 9385, 'name': 'Calle de Téllez'}, 'city': 'Cuenca', 'state': 'País Vasco', 'country': 'Spain', 'postcode': 79318, 'coordinates': {'latitude': '-35.9330', 'longitude': '-16.0903'}, 'timezone': {'offset': '-5:00', 'description': 'Eastern Time (US &amp; Canada), Bogota, Lima'}}, 'email': 'mohamed.velasco@example.com', 'login': {'uuid': 'cf3fa3ec-a282-4fa7-acaa-d06ecbfc9196', 'username': 'redmouse846', 'password': 'sabres', 'salt': 'PiHk0QC3', 'md5': 'c31d01b790df80262715fb417151dfcb', 'sha1': '58b8aab94f10cadf25dd1a48f933eb586d5f5e56', 'sha256': 'e03e4c841858fcb77fce34490f44dd44210fa8c0e39c30737664bc654a49f0fc'}, 'dob': {'date': '1946-04-20T23:40:33.054Z', 'age': 78}, 'registered': {'date': '2010-08-11T22:50:15.677Z', 'age': 13}, 'phone': '987-976-064', 'cell': '626-580-696', 'id': {'name': 'DNI', 'value': '66531287-U'}, 'picture': {'large': 'https://randomuser.me/api/portraits/men/88.jpg', 'medium': 'https://randomuser.me/api/portraits/med/men/88.jpg', 'thumbnail': 'https://randomuser.me/api/portraits/thumb/men/88.jpg'}, 'nat': 'ES'}</msg>
<arg>${json_data['results'][0]}</arg>
<doc>Logs the given message with the given level.</doc>
<status status="PASS" start="2024-08-07T23:15:00.018403" elapsed="0.000408"/>
</kw>
<kw name="Log" owner="BuiltIn">
<msg time="2024-08-07T23:15:00.019239" level="INFO">login</msg>
<arg>${key}</arg>
<doc>Logs the given message with the given level.</doc>
<status status="PASS" start="2024-08-07T23:15:00.019111" elapsed="0.000166"/>
</kw>
<var name="${key}">login</var>
<status status="PASS" start="2024-08-07T23:15:00.017729" elapsed="0.001768"/>
</iter>
<var>${key}</var>
<value>@{expected_keys}</value>
<status status="PASS" start="2024-08-07T23:15:00.009146" elapsed="0.010471"/>
</for>
<kw name="Create List" owner="BuiltIn">
<msg time="2024-08-07T23:15:00.019944" level="INFO">${expected_keysTwo} = ['username', 'password']</msg>
<var>${expected_keysTwo}</var>
<arg>username</arg>
<arg>password</arg>
<doc>Returns a list containing given items.</doc>
<status status="PASS" start="2024-08-07T23:15:00.019809" elapsed="0.000191"/>
</kw>
<for flavor="IN">
<iter>
<kw name="Dictionary Should Contain Key" owner="Collections">
<arg>${json_data['results'][0]['login']}</arg>
<arg>${keyTwo}</arg>
<doc>Fails if ``key`` is not found from ``dictionary``.</doc>
<status status="PASS" start="2024-08-07T23:15:00.020523" elapsed="0.000392"/>
</kw>
<kw name="Dictionary Should Contain Key" owner="Collections">
<arg>${json_data['results'][0]['login']}</arg>
<arg>${keyTwo}</arg>
<doc>Fails if ``key`` is not found from ``dictionary``.</doc>
<status status="PASS" start="2024-08-07T23:15:00.021097" elapsed="0.000469"/>
</kw>
<kw name="Log" owner="BuiltIn">
<msg time="2024-08-07T23:15:00.021872" level="INFO">username</msg>
<arg>${keyTwo}</arg>
<doc>Logs the given message with the given level.</doc>
<status status="PASS" start="2024-08-07T23:15:00.021749" elapsed="0.000162"/>
</kw>
<var name="${keyTwo}">username</var>
<status status="PASS" start="2024-08-07T23:15:00.020410" elapsed="0.001729"/>
</iter>
<iter>
<kw name="Dictionary Should Contain Key" owner="Collections">
<arg>${json_data['results'][0]['login']}</arg>
<arg>${keyTwo}</arg>
<doc>Fails if ``key`` is not found from ``dictionary``.</doc>
<status status="PASS" start="2024-08-07T23:15:00.022422" elapsed="0.000405"/>
</kw>
<kw name="Dictionary Should Contain Key" owner="Collections">
<arg>${json_data['results'][0]['login']}</arg>
<arg>${keyTwo}</arg>
<doc>Fails if ``key`` is not found from ``dictionary``.</doc>
<status status="PASS" start="2024-08-07T23:15:00.023007" elapsed="0.000372"/>
</kw>
<kw name="Log" owner="BuiltIn">
<msg time="2024-08-07T23:15:00.023684" level="INFO">password</msg>
<arg>${keyTwo}</arg>
<doc>Logs the given message with the given level.</doc>
<status status="PASS" start="2024-08-07T23:15:00.023565" elapsed="0.000157"/>
</kw>
<var name="${keyTwo}">password</var>
<status status="PASS" start="2024-08-07T23:15:00.022315" elapsed="0.001629"/>
</iter>
<var>${keyTwo}</var>
<value>@{expected_keysTwo}</value>
<status status="PASS" start="2024-08-07T23:15:00.020254" elapsed="0.003813"/>
</for>
<status status="PASS" start="2024-08-07T23:14:59.949915" elapsed="0.074292"/>
</kw>
<doc>Testa a estrutura da resposta da API.</doc>
<tag>testeEstruturaResposta</tag>
<status status="PASS" start="2024-08-07T23:14:59.949360" elapsed="0.075002"/>
</test>
<test id="s1-s1-t4" name="Validar tipos de dados" line="28">
<kw name="Teste de Tipos de Dados" owner="random-user-service">
<kw name="GET On Session" owner="RequestsLibrary">
<msg time="2024-08-07T23:15:00.116980" level="INFO">GET Request : url=https://randomuser.me/api 
 path_url=/api 
 headers={'User-Agent': 'python-requests/2.32.3', 'Accept-Encoding': 'gzip, deflate', 'Accept': '*/*', 'Connection': 'keep-alive'} 
 body=None 
 </msg>
<msg time="2024-08-07T23:15:00.117085" level="INFO">GET Response : url=https://randomuser.me/api 
 status=200, reason=OK 
 headers={'Date': 'Wed, 07 Aug 2024 23:15:00 GMT', 'Content-Type': 'application/json; charset=utf-8', 'Transfer-Encoding': 'chunked', 'Connection': 'keep-alive', 'X-Powered-By': 'Express', 'Access-Control-Allow-Origin': '*', 'Cache-Control': 'no-cache', 'ETag': 'W/"49f-IHN37b5N55biukWezydH6VzHhnk"', 'Vary': 'Accept-Encoding', 'Content-Encoding': 'gzip', 'CF-Cache-Status': 'DYNAMIC', 'Report-To': '{"endpoints":[{"url":"https:\\/\\/a.nel.cloudflare.com\\/report\\/v4?s=4hnKejyyBJEXfwooYb70O51U%2FHJ%2BMVSzUhU9P7NqnQD5o7rB3PXgRVgoQwZEOXQjuzZGqfTfryMSYM3P5EKk8ErxcpoONDuza%2FAFUT98ZBIysebOKQOh5XmbR1xRYGMv"}],"group":"cf-nel","max_age":604800}', 'NEL': '{"success_fraction":0,"report_to":"cf-nel","max_age":604800}', 'Server': 'cloudflare', 'CF-RAY': '8afaf7553f500834-IAD', 'alt-svc': 'h3=":443"; ma=86400'} 
 body={"results":[{"gender":"female","name":{"title":"Ms","first":"Judith","last":"Soto"},"location":{"street":{"number":7700,"name":"Continuación Hidalgo"},"city":"Jalcocotán","state":"Sonora","country":"Mexico","postcode":44770,"coordinates":{"latitude":"22.0708","longitude":"126.8949"},"timezone":{"offset":"+9:00","description":"Tokyo, Seoul, Osaka, Sapporo, Yakutsk"}},"email":"judith.soto@example.com","login":{"uuid":"8dedc76c-6fdc-4ef9-9883-c9e4108152ba","username":"bluerabbit637","password":"kaiser","salt":"8YU58KvG","md5":"0b26681c714378118f0d1c3ecb8dc931","sha1":"25efc4214059bed0c61943c7cfab53e307abd4ef","sha256":"69a0e8b4dc9f9cfa5d23b1838a6086495c694733b12b08e21acb8e9d9d70affb"},"dob":{"date":"1996-09-18T09:42:17.875Z","age":27},"registered":{"date":"2007-09-24T06:41:16.518Z","age":16},"phone":"(605) 031 7620","cell":"(602) 930 4761","id":{"name":"NSS","value":"04 57 64 5979 3"},"picture":{"large":"https://randomuser.me/api/portraits/women/7.jpg","medium":"https://randomuser.me/api/portraits/med/women/7.jpg","thumbnail":"https://randomuser.me/api/portraits/thumb/women/7.jpg"},"nat":"MX"}],"info":{"seed":"f69247760cb8af1d","results":1,"page":1,"version":"1.4"}} 
 </msg>
<msg time="2024-08-07T23:15:00.117172" level="INFO">/opt/hostedtoolcache/Python/3.12.4/x64/lib/python3.12/site-packages/urllib3/connectionpool.py:1099: InsecureRequestWarning: Unverified HTTPS request is being made to host 'randomuser.me'. Adding certificate verification is strongly advised. See: https://urllib3.readthedocs.io/en/latest/advanced-usage.html#tls-warnings
  warnings.warn(</msg>
<msg time="2024-08-07T23:15:00.117335" level="INFO">${response} = &lt;Response [200]&gt;</msg>
<var>${response}</var>
<arg>consultarAPI</arg>
<arg>/api</arg>
<doc>Sends a GET request on a previously created HTTP Session.</doc>
<status status="PASS" start="2024-08-07T23:15:00.026881" elapsed="0.090512"/>
</kw>
<kw name="Set Variable" owner="BuiltIn">
<msg time="2024-08-07T23:15:00.118510" level="INFO">${json_data} = {'results': [{'gender': 'female', 'name': {'title': 'Ms', 'first': 'Judith', 'last': 'Soto'}, 'location': {'street': {'number': 7700, 'name': 'Continuación Hidalgo'}, 'city': 'Jalcocotán', 'state': 'S...</msg>
<var>${json_data}</var>
<arg>${response.json()}</arg>
<doc>Returns the given values which can then be assigned to a variables.</doc>
<status status="PASS" start="2024-08-07T23:15:00.117946" elapsed="0.000594"/>
</kw>
<kw name="Log" owner="BuiltIn">
<msg time="2024-08-07T23:15:00.119000" level="INFO">{'results': [{'gender': 'female', 'name': {'title': 'Ms', 'first': 'Judith', 'last': 'Soto'}, 'location': {'street': {'number': 7700, 'name': 'Continuación Hidalgo'}, 'city': 'Jalcocotán', 'state': 'Sonora', 'country': 'Mexico', 'postcode': 44770, 'coordinates': {'latitude': '22.0708', 'longitude': '126.8949'}, 'timezone': {'offset': '+9:00', 'description': 'Tokyo, Seoul, Osaka, Sapporo, Yakutsk'}}, 'email': 'judith.soto@example.com', 'login': {'uuid': '8dedc76c-6fdc-4ef9-9883-c9e4108152ba', 'username': 'bluerabbit637', 'password': 'kaiser', 'salt': '8YU58KvG', 'md5': '0b26681c714378118f0d1c3ecb8dc931', 'sha1': '25efc4214059bed0c61943c7cfab53e307abd4ef', 'sha256': '69a0e8b4dc9f9cfa5d23b1838a6086495c694733b12b08e21acb8e9d9d70affb'}, 'dob': {'date': '1996-09-18T09:42:17.875Z', 'age': 27}, 'registered': {'date': '2007-09-24T06:41:16.518Z', 'age': 16}, 'phone': '(605) 031 7620', 'cell': '(602) 930 4761', 'id': {'name': 'NSS', 'value': '04 57 64 5979 3'}, 'picture': {'large': 'https://randomuser.me/api/portraits/women/7.jpg', 'medium': 'https://randomuser.me/api/portraits/med/women/7.jpg', 'thumbnail': 'https://randomuser.me/api/portraits/thumb/women/7.jpg'}, 'nat': 'MX'}], 'info': {'seed': 'f69247760cb8af1d', 'results': 1, 'page': 1, 'version': '1.4'}}</msg>
<arg>${json_data}</arg>
<doc>Logs the given message with the given level.</doc>
<status status="PASS" start="2024-08-07T23:15:00.118844" elapsed="0.000206"/>
</kw>
<kw name="Should Be String" owner="String">
<arg>${json_data['results'][0]['gender']}</arg>
<doc>Fails if the given ``item`` is not a string.</doc>
<status status="PASS" start="2024-08-07T23:15:00.119343" elapsed="0.000386"/>
</kw>
<kw name="Should Match Regexp" owner="BuiltIn">
<arg>${json_data['results'][0]['email']}</arg>
<arg>^[a-zA-Z0-9._%+-]+@[a-zA-Z0-9.-]+\.[a-zA-Z]{2,}$</arg>
<doc>Fails if ``string`` does not match ``pattern`` as a regular expression.</doc>
<status status="PASS" start="2024-08-07T23:15:00.119927" elapsed="0.000561"/>
</kw>
<kw name="Should Match Regexp" owner="BuiltIn">
<arg>${json_data['results'][0]['dob']['date']}</arg>
<arg>\\d{4}-\\d{2}-\\d{2}T\\d{2}:\\d{2}:\\d{2}\\.\\d{3}Z</arg>
<doc>Fails if ``string`` does not match ``pattern`` as a regular expression.</doc>
<status status="PASS" start="2024-08-07T23:15:00.120684" elapsed="0.000678"/>
</kw>
<kw name="Should Match Regexp" owner="BuiltIn">
<arg>${json_data['results'][0]['registered']['date']}</arg>
<arg>\\d{4}-\\d{2}-\\d{2}T\\d{2}:\\d{2}:\\d{2}\\.\\d{3}Z</arg>
<doc>Fails if ``string`` does not match ``pattern`` as a regular expression.</doc>
<status status="PASS" start="2024-08-07T23:15:00.121561" elapsed="0.000376"/>
</kw>
<kw name="Should Match Regexp" owner="BuiltIn">
<arg>${json_data['results'][0]['picture']['large']}</arg>
<arg>^https?://.*\.(?:png|jpe?g|gif|bmp)$</arg>
<doc>Fails if ``string`` does not match ``pattern`` as a regular expression.</doc>
<status status="PASS" start="2024-08-07T23:15:00.122122" elapsed="0.000464"/>
</kw>
<kw name="Should Match Regexp" owner="BuiltIn">
<arg>${json_data['results'][0]['picture']['medium']}</arg>
<arg>^https?://.*\.(?:png|jpe?g|gif|bmp)$</arg>
<doc>Fails if ``string`` does not match ``pattern`` as a regular expression.</doc>
<status status="PASS" start="2024-08-07T23:15:00.122774" elapsed="0.000353"/>
</kw>
<kw name="Should Match Regexp" owner="BuiltIn">
<arg>${json_data['results'][0]['picture']['thumbnail']}</arg>
<arg>^https?://.*\.(?:png|jpe?g|gif|bmp)$</arg>
<doc>Fails if ``string`` does not match ``pattern`` as a regular expression.</doc>
<status status="PASS" start="2024-08-07T23:15:00.123311" elapsed="0.000351"/>
</kw>
<kw name="Log" owner="BuiltIn">
<msg time="2024-08-07T23:15:00.124160" level="INFO">{'large': 'https://randomuser.me/api/portraits/women/7.jpg', 'medium': 'https://randomuser.me/api/portraits/med/women/7.jpg', 'thumbnail': 'https://randomuser.me/api/portraits/thumb/women/7.jpg'}</msg>
<arg>${json_data['results'][0]['picture']}</arg>
<doc>Logs the given message with the given level.</doc>
<status status="PASS" start="2024-08-07T23:15:00.123841" elapsed="0.000362"/>
</kw>
<status status="PASS" start="2024-08-07T23:15:00.026658" elapsed="0.097804"/>
</kw>
<kw name="Teste de Tipos de Dados - Postcode" owner="random-user-service">
<kw name="GET On Session" owner="RequestsLibrary">
<msg time="2024-08-07T23:15:00.304683" level="INFO">GET Request : url=https://randomuser.me/api 
 path_url=/api 
 headers={'User-Agent': 'python-requests/2.32.3', 'Accept-Encoding': 'gzip, deflate', 'Accept': '*/*', 'Connection': 'keep-alive'} 
 body=None 
 </msg>
<msg time="2024-08-07T23:15:00.304797" level="INFO">GET Response : url=https://randomuser.me/api 
 status=200, reason=OK 
 headers={'Date': 'Wed, 07 Aug 2024 23:15:00 GMT', 'Content-Type': 'application/json; charset=utf-8', 'Transfer-Encoding': 'chunked', 'Connection': 'keep-alive', 'X-Powered-By': 'Express', 'Access-Control-Allow-Origin': '*', 'Cache-Control': 'no-cache', 'ETag': 'W/"46a-CrNeFJhVA51QxUiBfzZIs2uk/20"', 'Vary': 'Accept-Encoding', 'Content-Encoding': 'gzip', 'CF-Cache-Status': 'DYNAMIC', 'Report-To': '{"endpoints":[{"url":"https:\\/\\/a.nel.cloudflare.com\\/report\\/v4?s=w6ugNeok5mlFV%2F7GH9KtWuRYr9Syok11rfqVHf778W5H%2FDnnNImEr89yL6MC3JhuO%2FMdfIY%2BgtPYXcoT6nl4i9%2BHPQjkQ6vNqNkIIYyOY%2B%2BTidzG5clcua44ir7KBETj"}],"group":"cf-nel","max_age":604800}', 'NEL': '{"success_fraction":0,"report_to":"cf-nel","max_age":604800}', 'Server': 'cloudflare', 'CF-RAY': '8afaf755c8520834-IAD', 'alt-svc': 'h3=":443"; ma=86400'} 
 body={"results":[{"gender":"male","name":{"title":"Mr","first":"Gavrilo","last":"Tadić"},"location":{"street":{"number":4360,"name":"Mise Todorovića"},"city":"Kikinda","state":"Bor","country":"Serbia","postcode":14338,"coordinates":{"latitude":"57.4682","longitude":"-119.2571"},"timezone":{"offset":"+3:30","description":"Tehran"}},"email":"gavrilo.tadic@example.com","login":{"uuid":"4c968400-a397-438f-94c5-250602bd30f1","username":"smallfrog260","password":"dingle","salt":"QpICoG0L","md5":"89eab4bb6ae1ee337227717cc645eb01","sha1":"4f1e045a6ab318462df929eea8be399c38e24fab","sha256":"212abedf76c8deca22f93632bf2d9530b6ba2956af69426c1dc66efad6cd373b"},"dob":{"date":"1965-03-13T03:37:31.230Z","age":59},"registered":{"date":"2002-07-11T02:30:12.444Z","age":22},"phone":"011-7820-911","cell":"061-3869-503","id":{"name":"SID","value":"833323957"},"picture":{"large":"https://randomuser.me/api/portraits/men/43.jpg","medium":"https://randomuser.me/api/portraits/med/men/43.jpg","thumbnail":"https://randomuser.me/api/portraits/thumb/men/43.jpg"},"nat":"RS"}],"info":{"seed":"d233ba1211c2d63e","results":1,"page":1,"version":"1.4"}} 
 </msg>
<msg time="2024-08-07T23:15:00.304887" level="INFO">/opt/hostedtoolcache/Python/3.12.4/x64/lib/python3.12/site-packages/urllib3/connectionpool.py:1099: InsecureRequestWarning: Unverified HTTPS request is being made to host 'randomuser.me'. Adding certificate verification is strongly advised. See: https://urllib3.readthedocs.io/en/latest/advanced-usage.html#tls-warnings
  warnings.warn(</msg>
<msg time="2024-08-07T23:15:00.305023" level="INFO">${response} = &lt;Response [200]&gt;</msg>
<var>${response}</var>
<arg>consultarAPI</arg>
<arg>/api</arg>
<doc>Sends a GET request on a previously created HTTP Session.</doc>
<status status="PASS" start="2024-08-07T23:15:00.124934" elapsed="0.180131"/>
</kw>
<kw name="Set Variable" owner="BuiltIn">
<msg time="2024-08-07T23:15:00.306099" level="INFO">${json_data} = {'results': [{'gender': 'male', 'name': {'title': 'Mr', 'first': 'Gavrilo', 'last': 'Tadić'}, 'location': {'street': {'number': 4360, 'name': 'Mise Todorovića'}, 'city': 'Kikinda', 'state': 'Bor', 'co...</msg>
<var>${json_data}</var>
<arg>${response.json()}</arg>
<doc>Returns the given values which can then be assigned to a variables.</doc>
<status status="PASS" start="2024-08-07T23:15:00.305570" elapsed="0.000561"/>
</kw>
<kw name="Log" owner="BuiltIn">
<msg time="2024-08-07T23:15:00.306624" level="INFO">{'results': [{'gender': 'male', 'name': {'title': 'Mr', 'first': 'Gavrilo', 'last': 'Tadić'}, 'location': {'street': {'number': 4360, 'name': 'Mise Todorovića'}, 'city': 'Kikinda', 'state': 'Bor', 'country': 'Serbia', 'postcode': 14338, 'coordinates': {'latitude': '57.4682', 'longitude': '-119.2571'}, 'timezone': {'offset': '+3:30', 'description': 'Tehran'}}, 'email': 'gavrilo.tadic@example.com', 'login': {'uuid': '4c968400-a397-438f-94c5-250602bd30f1', 'username': 'smallfrog260', 'password': 'dingle', 'salt': 'QpICoG0L', 'md5': '89eab4bb6ae1ee337227717cc645eb01', 'sha1': '4f1e045a6ab318462df929eea8be399c38e24fab', 'sha256': '212abedf76c8deca22f93632bf2d9530b6ba2956af69426c1dc66efad6cd373b'}, 'dob': {'date': '1965-03-13T03:37:31.230Z', 'age': 59}, 'registered': {'date': '2002-07-11T02:30:12.444Z', 'age': 22}, 'phone': '011-7820-911', 'cell': '061-3869-503', 'id': {'name': 'SID', 'value': '833323957'}, 'picture': {'large': 'https://randomuser.me/api/portraits/men/43.jpg', 'medium': 'https://randomuser.me/api/portraits/med/men/43.jpg', 'thumbnail': 'https://randomuser.me/api/portraits/thumb/men/43.jpg'}, 'nat': 'RS'}], 'info': {'seed': 'd233ba1211c2d63e', 'results': 1, 'page': 1, 'version': '1.4'}}</msg>
<arg>${json_data}</arg>
<doc>Logs the given message with the given level.</doc>
<status status="PASS" start="2024-08-07T23:15:00.306462" elapsed="0.000213"/>
</kw>
<kw name="Should Be Equal As Numbers" owner="BuiltIn">
<arg>${json_data['results'][0]['location']['postcode']}</arg>
<arg>${json_data['results'][0]['location']['postcode']}</arg>
<doc>Fails if objects are unequal after converting them to real numbers.</doc>
<status status="PASS" start="2024-08-07T23:15:00.306975" elapsed="0.000634"/>
</kw>
<kw name="Log" owner="BuiltIn">
<msg time="2024-08-07T23:15:00.308146" level="INFO">14338</msg>
<arg>${json_data['results'][0]['location']['postcode']}</arg>
<doc>Logs the given message with the given level.</doc>
<status status="PASS" start="2024-08-07T23:15:00.307803" elapsed="0.000386"/>
</kw>
<status status="PASS" start="2024-08-07T23:15:00.124706" elapsed="0.183773"/>
</kw>
<doc>Testa se os tipos de dados na resposta da API estão corretos.</doc>
<tag>testeTiposDados</tag>
<status status="PASS" start="2024-08-07T23:15:00.026211" elapsed="0.282443"/>
</test>
<test id="s1-s1-t5" name="Validar conteudo" line="35">
<kw name="Teste de Tipos de Conteudo" owner="random-user-service">
<kw name="GET On Session" owner="RequestsLibrary">
<msg time="2024-08-07T23:15:00.464433" level="INFO">GET Request : url=https://randomuser.me/api 
 path_url=/api 
 headers={'User-Agent': 'python-requests/2.32.3', 'Accept-Encoding': 'gzip, deflate', 'Accept': '*/*', 'Connection': 'keep-alive'} 
 body=None 
 </msg>
<msg time="2024-08-07T23:15:00.464530" level="INFO">GET Response : url=https://randomuser.me/api 
 status=200, reason=OK 
 headers={'Date': 'Wed, 07 Aug 2024 23:15:00 GMT', 'Content-Type': 'application/json; charset=utf-8', 'Transfer-Encoding': 'chunked', 'Connection': 'keep-alive', 'X-Powered-By': 'Express', 'Access-Control-Allow-Origin': '*', 'Cache-Control': 'no-cache', 'ETag': 'W/"46c-L67GkGGuPdH+HsKWl6C1htobBiw"', 'Vary': 'Accept-Encoding', 'Content-Encoding': 'gzip', 'CF-Cache-Status': 'DYNAMIC', 'Report-To': '{"endpoints":[{"url":"https:\\/\\/a.nel.cloudflare.com\\/report\\/v4?s=LMFSttuvjyYM6y6RBJGLhzna8m5w%2FPG2Sk%2FF5aNCqBu8QjB8wPHG0FBWYciUmJQEbSRSveTFGvUtvyCjTkC4hcUZK%2BTOJFHZqBMHSXzoliuyl0kNyaliXwy2IEuidB9%2B"}],"group":"cf-nel","max_age":604800}', 'NEL': '{"success_fraction":0,"report_to":"cf-nel","max_age":604800}', 'Server': 'cloudflare', 'CF-RAY': '8afaf756f9f20834-IAD', 'alt-svc': 'h3=":443"; ma=86400'} 
 body={"results":[{"gender":"male","name":{"title":"Mr","first":"Todd","last":"Gordon"},"location":{"street":{"number":1917,"name":"Grove Road"},"city":"Letterkenny","state":"Longford","country":"Ireland","postcode":97941,"coordinates":{"latitude":"0.3205","longitude":"-11.1753"},"timezone":{"offset":"-9:00","description":"Alaska"}},"email":"todd.gordon@example.com","login":{"uuid":"e513489f-e2df-4ebf-8f9a-667c76675db9","username":"purpleostrich470","password":"whiteout","salt":"3l106R0H","md5":"98ea7d022ba6a27dcfdf9fbe267e2aaf","sha1":"4991a38b1619b7b59ed9946a81b81435c0186151","sha256":"ed9772310d9f5140dd70147ddc66c234b94a13693353cc6448acb87909b848e5"},"dob":{"date":"1968-07-03T04:06:11.378Z","age":56},"registered":{"date":"2011-07-17T02:15:51.951Z","age":13},"phone":"041-434-3876","cell":"081-726-0239","id":{"name":"PPS","value":"2171907T"},"picture":{"large":"https://randomuser.me/api/portraits/men/76.jpg","medium":"https://randomuser.me/api/portraits/med/men/76.jpg","thumbnail":"https://randomuser.me/api/portraits/thumb/men/76.jpg"},"nat":"IE"}],"info":{"seed":"d75752b021de1e7e","results":1,"page":1,"version":"1.4"}} 
 </msg>
<msg time="2024-08-07T23:15:00.464597" level="INFO">/opt/hostedtoolcache/Python/3.12.4/x64/lib/python3.12/site-packages/urllib3/connectionpool.py:1099: InsecureRequestWarning: Unverified HTTPS request is being made to host 'randomuser.me'. Adding certificate verification is strongly advised. See: https://urllib3.readthedocs.io/en/latest/advanced-usage.html#tls-warnings
  warnings.warn(</msg>
<msg time="2024-08-07T23:15:00.464709" level="INFO">${response} = &lt;Response [200]&gt;</msg>
<var>${response}</var>
<arg>consultarAPI</arg>
<arg>/api</arg>
<doc>Sends a GET request on a previously created HTTP Session.</doc>
<status status="PASS" start="2024-08-07T23:15:00.311515" elapsed="0.153230"/>
</kw>
<kw name="Set Variable" owner="BuiltIn">
<msg time="2024-08-07T23:15:00.465779" level="INFO">${json_data} = {'results': [{'gender': 'male', 'name': {'title': 'Mr', 'first': 'Todd', 'last': 'Gordon'}, 'location': {'street': {'number': 1917, 'name': 'Grove Road'}, 'city': 'Letterkenny', 'state': 'Longford', '...</msg>
<var>${json_data}</var>
<arg>${response.json()}</arg>
<doc>Returns the given values which can then be assigned to a variables.</doc>
<status status="PASS" start="2024-08-07T23:15:00.465275" elapsed="0.000533"/>
</kw>
<kw name="Set Variable" owner="BuiltIn">
<msg time="2024-08-07T23:15:00.466498" level="INFO">${name_title} = Mr</msg>
<var>${name_title}</var>
<arg>${json_data["results"][0]["name"]["title"]}</arg>
<doc>Returns the given values which can then be assigned to a variables.</doc>
<status status="PASS" start="2024-08-07T23:15:00.466112" elapsed="0.000411"/>
</kw>
<kw name="Create List" owner="BuiltIn">
<msg time="2024-08-07T23:15:00.466971" level="INFO">${allowed_titles} = ['Mr', 'Ms', 'Miss', 'Mrs', 'Madame', 'Monsieur']</msg>
<var>${allowed_titles}</var>
<arg>Mr</arg>
<arg>Ms</arg>
<arg>Miss</arg>
<arg>Mrs</arg>
<arg>Madame</arg>
<arg>Monsieur</arg>
<doc>Returns a list containing given items.</doc>
<status status="PASS" start="2024-08-07T23:15:00.466821" elapsed="0.000175"/>
</kw>
<kw name="List Should Contain Value" owner="Collections">
<arg>${allowed_titles}</arg>
<arg>${name_title}</arg>
<doc>Fails if the ``value`` is not found from ``list``.</doc>
<status status="PASS" start="2024-08-07T23:15:00.467296" elapsed="0.000179"/>
</kw>
<kw name="Set Variable" owner="BuiltIn">
<msg time="2024-08-07T23:15:00.468041" level="INFO">${name_country} = IE</msg>
<var>${name_country}</var>
<arg>${json_data["results"][0]["nat"]}</arg>
<doc>Returns the given values which can then be assigned to a variables.</doc>
<status status="PASS" start="2024-08-07T23:15:00.467664" elapsed="0.000402"/>
</kw>
<kw name="Create List" owner="BuiltIn">
<msg time="2024-08-07T23:15:00.468951" level="INFO">${list_country} = ['AD', 'AE', 'AF', 'AG', 'AI', 'AL', 'AM', 'AO', 'AQ', 'AR', 'AS', 'AT', 'AU', 'AW', 'AX', 'AZ', 'BA', 'BB', 'BD', 'BE', 'BF', 'BG', 'BH', 'BI', 'BJ', 'BL', 'BM', 'BN', 'BO', 'BQ', 'BR', 'BS', 'BT', '...</msg>
<var>${list_country}</var>
<arg>AD</arg>
<arg>AE</arg>
<arg>AF</arg>
<arg>AG</arg>
<arg>AI</arg>
<arg>AL</arg>
<arg>AM</arg>
<arg>AO</arg>
<arg>AQ</arg>
<arg>AR</arg>
<arg>AS</arg>
<arg>AT</arg>
<arg>AU</arg>
<arg>AW</arg>
<arg>AX</arg>
<arg>AZ</arg>
<arg>BA</arg>
<arg>BB</arg>
<arg>BD</arg>
<arg>BE</arg>
<arg>BF</arg>
<arg>BG</arg>
<arg>BH</arg>
<arg>BI</arg>
<arg>BJ</arg>
<arg>BL</arg>
<arg>BM</arg>
<arg>BN</arg>
<arg>BO</arg>
<arg>BQ</arg>
<arg>BR</arg>
<arg>BS</arg>
<arg>BT</arg>
<arg>BV</arg>
<arg>BW</arg>
<arg>BY</arg>
<arg>BZ</arg>
<arg>CA</arg>
<arg>CC</arg>
<arg>CD</arg>
<arg>CF</arg>
<arg>CG</arg>
<arg>CH</arg>
<arg>CI</arg>
<arg>CK</arg>
<arg>CL</arg>
<arg>CM</arg>
<arg>CN</arg>
<arg>CO</arg>
<arg>CR</arg>
<arg>CU</arg>
<arg>CV</arg>
<arg>CW</arg>
<arg>CX</arg>
<arg>CY</arg>
<arg>CZ</arg>
<arg>DE</arg>
<arg>DJ</arg>
<arg>DK</arg>
<arg>DM</arg>
<arg>DO</arg>
<arg>DZ</arg>
<arg>EC</arg>
<arg>EE</arg>
<arg>EG</arg>
<arg>EH</arg>
<arg>ER</arg>
<arg>ES</arg>
<arg>ET</arg>
<arg>FI</arg>
<arg>FJ</arg>
<arg>FK</arg>
<arg>FM</arg>
<arg>FO</arg>
<arg>FR</arg>
<arg>GA</arg>
<arg>GB</arg>
<arg>GD</arg>
<arg>GE</arg>
<arg>GF</arg>
<arg>GG</arg>
<arg>GH</arg>
<arg>GI</arg>
<arg>GL</arg>
<arg>GM</arg>
<arg>GN</arg>
<arg>GP</arg>
<arg>GQ</arg>
<arg>GR</arg>
<arg>GS</arg>
<arg>GT</arg>
<arg>GU</arg>
<arg>GW</arg>
<arg>GY</arg>
<arg>HK</arg>
<arg>HM</arg>
<arg>HN</arg>
<arg>HR</arg>
<arg>HT</arg>
<arg>HU</arg>
<arg>ID</arg>
<arg>IE</arg>
<arg>IL</arg>
<arg>IM</arg>
<arg>IN</arg>
<arg>IO</arg>
<arg>IQ</arg>
<arg>IR</arg>
<arg>IS</arg>
<arg>IT</arg>
<arg>JE</arg>
<arg>JM</arg>
<arg>JO</arg>
<arg>JP</arg>
<arg>KE</arg>
<arg>KG</arg>
<arg>KH</arg>
<arg>KI</arg>
<arg>KM</arg>
<arg>KN</arg>
<arg>KP</arg>
<arg>KR</arg>
<arg>KW</arg>
<arg>KY</arg>
<arg>KZ</arg>
<arg>LA</arg>
<arg>LB</arg>
<arg>LC</arg>
<arg>LI</arg>
<arg>LK</arg>
<arg>LR</arg>
<arg>LS</arg>
<arg>LT</arg>
<arg>LU</arg>
<arg>LV</arg>
<arg>LY</arg>
<arg>MA</arg>
<arg>MC</arg>
<arg>MD</arg>
<arg>ME</arg>
<arg>MF</arg>
<arg>MG</arg>
<arg>MH</arg>
<arg>MK</arg>
<arg>ML</arg>
<arg>MM</arg>
<arg>MN</arg>
<arg>MO</arg>
<arg>MP</arg>
<arg>MQ</arg>
<arg>MR</arg>
<arg>MS</arg>
<arg>MT</arg>
<arg>MU</arg>
<arg>MV</arg>
<arg>MW</arg>
<arg>MX</arg>
<arg>MY</arg>
<arg>MZ</arg>
<arg>NA</arg>
<arg>NC</arg>
<arg>NE</arg>
<arg>NF</arg>
<arg>NG</arg>
<arg>NI</arg>
<arg>NL</arg>
<arg>NO</arg>
<arg>NP</arg>
<arg>NR</arg>
<arg>NU</arg>
<arg>NZ</arg>
<arg>OM</arg>
<arg>PA</arg>
<arg>PE</arg>
<arg>PF</arg>
<arg>PG</arg>
<arg>PH</arg>
<arg>PK</arg>
<arg>PL</arg>
<arg>PM</arg>
<arg>PN</arg>
<arg>PR</arg>
<arg>PS</arg>
<arg>PT</arg>
<arg>PW</arg>
<arg>PY</arg>
<arg>QA</arg>
<arg>RE</arg>
<arg>RO</arg>
<arg>RS</arg>
<arg>RU</arg>
<arg>RW</arg>
<arg>SA</arg>
<arg>SB</arg>
<arg>SC</arg>
<arg>SD</arg>
<arg>SE</arg>
<arg>SG</arg>
<arg>SH</arg>
<arg>SI</arg>
<arg>SJ</arg>
<arg>SK</arg>
<arg>SL</arg>
<arg>SM</arg>
<arg>SN</arg>
<arg>SO</arg>
<arg>SR</arg>
<arg>SS</arg>
<arg>ST</arg>
<arg>SV</arg>
<arg>SX</arg>
<arg>SY</arg>
<arg>SZ</arg>
<arg>TC</arg>
<arg>TD</arg>
<arg>TF</arg>
<arg>TG</arg>
<arg>TH</arg>
<arg>TJ</arg>
<arg>TK</arg>
<arg>TL</arg>
<arg>TM</arg>
<arg>TN</arg>
<arg>TO</arg>
<arg>TR</arg>
<arg>TT</arg>
<arg>TV</arg>
<arg>TW</arg>
<arg>TZ</arg>
<arg>UA</arg>
<arg>UG</arg>
<arg>UM</arg>
<arg>US</arg>
<arg>UY</arg>
<arg>UZ</arg>
<arg>VA</arg>
<arg>VC</arg>
<arg>VE</arg>
<arg>VG</arg>
<arg>VI</arg>
<arg>VN</arg>
<arg>VU</arg>
<arg>WF</arg>
<arg>WS</arg>
<arg>XK</arg>
<arg>YE</arg>
<arg>YT</arg>
<arg>ZA</arg>
<arg>ZM</arg>
<arg>ZW</arg>
<doc>Returns a list containing given items.</doc>
<status status="PASS" start="2024-08-07T23:15:00.468362" elapsed="0.000616"/>
</kw>
<kw name="List Should Contain Value" owner="Collections">
<arg>${list_country}</arg>
<arg>${name_country}</arg>
<doc>Fails if the ``value`` is not found from ``list``.</doc>
<status status="PASS" start="2024-08-07T23:15:00.469991" elapsed="0.000212"/>
</kw>
<kw name="Run Keyword If" owner="BuiltIn">
<kw name="Should Be True" owner="BuiltIn">
<arg>${True}</arg>
<doc>Fails if the given condition is not true.</doc>
<status status="PASS" start="2024-08-07T23:15:00.471145" elapsed="0.000144"/>
</kw>
<arg>${json_data["results"][0]["location"]["coordinates"]["latitude"]} &gt;= -90 and ${json_data["results"][0]["location"]["coordinates"]["latitude"]} &lt;= 90</arg>
<arg>Should Be True</arg>
<arg>${True}</arg>
<doc>Runs the given keyword with the given arguments, if ``condition`` is true.</doc>
<status status="PASS" start="2024-08-07T23:15:00.470403" elapsed="0.001015"/>
</kw>
<kw name="Run Keyword If" owner="BuiltIn">
<kw name="Should Be True" owner="BuiltIn">
<arg>${True}</arg>
<doc>Fails if the given condition is not true.</doc>
<status status="PASS" start="2024-08-07T23:15:00.472295" elapsed="0.000137"/>
</kw>
<arg>${json_data["results"][0]["location"]["coordinates"]["longitude"]} &gt;= -180 and ${json_data["results"][0]["location"]["coordinates"]["longitude"]} &lt;= 180</arg>
<arg>Should Be True</arg>
<arg>${True}</arg>
<doc>Runs the given keyword with the given arguments, if ``condition`` is true.</doc>
<status status="PASS" start="2024-08-07T23:15:00.471598" elapsed="0.000957"/>
</kw>
<status status="PASS" start="2024-08-07T23:15:00.311130" elapsed="0.161558"/>
</kw>
<doc>Testa o conteúdo específico dos campos retornados pela API.</doc>
<tag>testeConteudo</tag>
<status status="PASS" start="2024-08-07T23:15:00.310455" elapsed="0.162384"/>
</test>
<status status="PASS" start="2024-08-07T23:14:59.388327" elapsed="1.086462"/>
</suite>
<status status="PASS" start="2024-08-07T23:14:59.373946" elapsed="1.105951"/>
</suite>
<statistics>
<total>
<stat pass="5" fail="0" skip="0">All Tests</stat>
</total>
<tag>
<stat pass="1" fail="0" skip="0">testeConteudo</stat>
<stat pass="1" fail="0" skip="0">testeEstruturaResposta</stat>
<stat pass="1" fail="0" skip="0">testeRequisicaoBasica</stat>
<stat pass="1" fail="0" skip="0">testeTiposDados</stat>
</tag>
<suite>
<stat pass="5" fail="0" skip="0" id="s1" name="Tests">Tests</stat>
<stat pass="5" fail="0" skip="0" id="s1-s1" name="Random-User-Test">Tests.Random-User-Test</stat>
</suite>
</statistics>
<errors>
</errors>
</robot>
