<?xml version="1.0" encoding="UTF-8"?>
<robot generator="Robot 7.0 (Python 3.12.2 on linux)" generated="2024-04-16T22:13:42.030477" rpa="false" schemaversion="5">
<suite id="s1" name="Tests" source="/home/runner/work/DesafioQAItauRogerioJordao/DesafioQAItauRogerioJordao/RamdonUser/tests">
<suite id="s1-s1" name="Random-User-Test" source="/home/runner/work/DesafioQAItauRogerioJordao/DesafioQAItauRogerioJordao/RamdonUser/tests/random-user-test.robot">
<test id="s1-s1-t1" name="Conectar" line="13">
<kw name="Conectar API" owner="random-user-service">
<kw name="Create Session" owner="RequestsLibrary">
<msg time="2024-04-16T22:13:42.441268" level="INFO">Creating Session using : alias=consultarAPI, url=https://randomuser.me/, headers={},                     cookies={}, auth=None, timeout=None, proxies=None, verify=False,                     debug=0 </msg>
<arg>consultarAPI</arg>
<arg>${URL}</arg>
<doc>Create Session: create a HTTP session to a server</doc>
<status status="PASS" start="2024-04-16T22:13:42.441019" elapsed="0.000464"/>
</kw>
<status status="PASS" start="2024-04-16T22:13:42.439984" elapsed="0.001885"/>
</kw>
<status status="PASS" start="2024-04-16T22:13:42.439305" elapsed="0.002789"/>
</test>
<test id="s1-s1-t2" name="Validar retorno 200 e JSON Válido" line="16">
<kw name="Teste de Requisicao Basica" owner="random-user-service">
<kw name="GET On Session" owner="RequestsLibrary">
<msg time="2024-04-16T22:13:42.505886" level="INFO">GET Request : url=https://randomuser.me/api 
 path_url=/api 
 headers={'User-Agent': 'python-requests/2.31.0', 'Accept-Encoding': 'gzip, deflate', 'Accept': '*/*', 'Connection': 'keep-alive'} 
 body=None 
 </msg>
<msg time="2024-04-16T22:13:42.506052" level="INFO">GET Response : url=https://randomuser.me/api 
 status=200, reason=OK 
 headers={'Date': 'Tue, 16 Apr 2024 22:13:42 GMT', 'Content-Type': 'application/json; charset=utf-8', 'Transfer-Encoding': 'chunked', 'Connection': 'keep-alive', 'X-Powered-By': 'Express', 'Access-Control-Allow-Origin': '*', 'Cache-Control': 'no-cache', 'ETag': 'W/"485-Y3QrsJ62EFls9uRm7QbsNT4H1ks"', 'Vary': 'Accept-Encoding', 'Content-Encoding': 'gzip', 'CF-Cache-Status': 'DYNAMIC', 'Report-To': '{"endpoints":[{"url":"https:\\/\\/a.nel.cloudflare.com\\/report\\/v4?s=jgh8C7%2FeybhAPdWQuNpJ40IUpBNYzjQXv3nhUGAFlAvEWck4QgY7ewhjOk%2B5tlTPrpcKKH4KuH%2FUK11Tm4b4LINBKsHkM5ayKag2D0uz9vDykJGSSaSk3qH13hSqUIBp"}],"group":"cf-nel","max_age":604800}', 'NEL': '{"success_fraction":0,"report_to":"cf-nel","max_age":604800}', 'Server': 'cloudflare', 'CF-RAY': '8757862c6c3f58a6-IAD', 'alt-svc': 'h3=":443"; ma=86400'} 
 body={"results":[{"gender":"male","name":{"title":"Mr","first":"Istvan","last":"Gradl"},"location":{"street":{"number":1065,"name":"Industriestraße"},"city":"Ennigerloh","state":"Schleswig-Holstein","country":"Germany","postcode":58362,"coordinates":{"latitude":"-49.2511","longitude":"-137.2019"},"timezone":{"offset":"-9:00","description":"Alaska"}},"email":"istvan.gradl@example.com","login":{"uuid":"841163e8-4626-432c-9c88-82180dd13a55","username":"orangeleopard582","password":"sharp","salt":"pAhyoiVK","md5":"c4738c4c227ee9c88bfac00e5e4cffd2","sha1":"d59da4556bfea3b5d2b83ea0b22f4f907e58acb5","sha256":"4a01d1af19f4e286c3088829aba0b84ddbf484bbab9e7ba1ca0d756b2ab980cc"},"dob":{"date":"1954-12-16T14:54:28.033Z","age":69},"registered":{"date":"2003-10-04T19:25:36.323Z","age":20},"phone":"0088-0263382","cell":"0175-8863062","id":{"name":"SVNR","value":"61 161254 G 254"},"picture":{"large":"https://randomuser.me/api/portraits/men/54.jpg","medium":"https://randomuser.me/api/portraits/med/men/54.jpg","thumbnail":"https://randomuser.me/api/portraits/thumb/men/54.jpg"},"nat":"DE"}],"info":{"seed":"8c7ff2416bf4ad45","results":1,"page":1,"version":"1.4"}} 
 </msg>
<msg time="2024-04-16T22:13:42.506148" level="INFO">/opt/hostedtoolcache/Python/3.12.2/x64/lib/python3.12/site-packages/urllib3/connectionpool.py:1103: InsecureRequestWarning: Unverified HTTPS request is being made to host 'randomuser.me'. Adding certificate verification is strongly advised. See: https://urllib3.readthedocs.io/en/latest/advanced-usage.html#tls-warnings
  warnings.warn(</msg>
<msg time="2024-04-16T22:13:42.506321" level="INFO">${response} = &lt;Response [200]&gt;</msg>
<var>${response}</var>
<arg>consultarAPI</arg>
<arg>/api</arg>
<doc>Sends a GET request on a previously created HTTP Session.</doc>
<status status="PASS" start="2024-04-16T22:13:42.444837" elapsed="0.061532"/>
</kw>
<kw name="Should Be Equal As Numbers" owner="BuiltIn">
<msg time="2024-04-16T22:13:42.507474" level="INFO">Argument types are:
&lt;class 'int'&gt;
&lt;class 'str'&gt;</msg>
<arg>${response.status_code}</arg>
<arg>200</arg>
<doc>Fails if objects are unequal after converting them to real numbers.</doc>
<status status="PASS" start="2024-04-16T22:13:42.506984" elapsed="0.000564"/>
</kw>
<kw name="Log" owner="BuiltIn">
<msg time="2024-04-16T22:13:42.508342" level="INFO">200</msg>
<arg>${response.status_code}</arg>
<doc>Logs the given message with the given level.</doc>
<status status="PASS" start="2024-04-16T22:13:42.507937" elapsed="0.000451"/>
</kw>
<kw name="Set Variable" owner="BuiltIn">
<msg time="2024-04-16T22:13:42.509261" level="INFO">${json_data} = {'results': [{'gender': 'male', 'name': {'title': 'Mr', 'first': 'Istvan', 'last': 'Gradl'}, 'location': {'street': {'number': 1065, 'name': 'Industriestraße'}, 'city': 'Ennigerloh', 'state': 'Schlesw...</msg>
<var>${json_data}</var>
<arg>${response.json()}</arg>
<doc>Returns the given values which can then be assigned to a variables.</doc>
<status status="PASS" start="2024-04-16T22:13:42.508747" elapsed="0.000547"/>
</kw>
<kw name="Dictionary Should Contain Key" owner="Collections">
<msg time="2024-04-16T22:13:42.509803" level="INFO">False</msg>
<arg>${json_data}</arg>
<arg>results</arg>
<doc>Fails if ``key`` is not found from ``dictionary``.</doc>
<status status="PASS" start="2024-04-16T22:13:42.509626" elapsed="0.000217"/>
</kw>
<status status="PASS" start="2024-04-16T22:13:42.444565" elapsed="0.065564"/>
</kw>
<doc>Testa se a API responde corretamente e retorna um objeto JSON válido.</doc>
<tag>testeRequisicaoBasica</tag>
<status status="PASS" start="2024-04-16T22:13:42.443978" elapsed="0.066347"/>
</test>
<test id="s1-s1-t3" name="Validar estrutura de resposta" line="22">
<kw name="Teste de Estrutura de Resposta" owner="random-user-service">
<kw name="GET On Session" owner="RequestsLibrary">
<msg time="2024-04-16T22:13:42.619079" level="INFO">GET Request : url=https://randomuser.me/api 
 path_url=/api 
 headers={'User-Agent': 'python-requests/2.31.0', 'Accept-Encoding': 'gzip, deflate', 'Accept': '*/*', 'Connection': 'keep-alive'} 
 body=None 
 </msg>
<msg time="2024-04-16T22:13:42.619195" level="INFO">GET Response : url=https://randomuser.me/api 
 status=200, reason=OK 
 headers={'Date': 'Tue, 16 Apr 2024 22:13:42 GMT', 'Content-Type': 'application/json; charset=utf-8', 'Transfer-Encoding': 'chunked', 'Connection': 'keep-alive', 'X-Powered-By': 'Express', 'Access-Control-Allow-Origin': '*', 'Cache-Control': 'no-cache', 'ETag': 'W/"49c-0Zr3um3FDzK0leuNMEp4O2Z7MNI"', 'Vary': 'Accept-Encoding', 'Content-Encoding': 'gzip', 'CF-Cache-Status': 'DYNAMIC', 'Report-To': '{"endpoints":[{"url":"https:\\/\\/a.nel.cloudflare.com\\/report\\/v4?s=o7%2BuHcEq%2FphwyQc%2Fxh8v0YRYU3ld3Oq3JhZ9f0L9Oemr1UWxSftjLLyaRo0XQPJMdGMVltK6FBWFTu52kqkIzRec%2BPS9XP1BHAc4bEeWgHk%2BaSfJZ96gcRMedwq6J%2Fww"}],"group":"cf-nel","max_age":604800}', 'NEL': '{"success_fraction":0,"report_to":"cf-nel","max_age":604800}', 'Server': 'cloudflare', 'CF-RAY': '8757862cbca758a6-IAD', 'alt-svc': 'h3=":443"; ma=86400'} 
 body={"results":[{"gender":"female","name":{"title":"Mrs","first":"Juliette","last":"Tremblay"},"location":{"street":{"number":796,"name":"King St"},"city":"Princeton","state":"Manitoba","country":"Canada","postcode":"Y2W 5U6","coordinates":{"latitude":"-70.9638","longitude":"92.8708"},"timezone":{"offset":"-6:00","description":"Central Time (US &amp; Canada), Mexico City"}},"email":"juliette.tremblay@example.com","login":{"uuid":"ae9319a2-f8c3-48da-9618-59a7511515d4","username":"lazygoose646","password":"all4one","salt":"HXmIYQdA","md5":"4f93565cae537a7d54e45ed3ad17803e","sha1":"11ad607575dbee6152c591a2178181c0a3b06e60","sha256":"7b1c6f3521c9af5210707665c72f30d9854e547adbddce0e6350f297ba502cab"},"dob":{"date":"1983-06-22T17:45:28.528Z","age":40},"registered":{"date":"2011-05-14T23:29:50.914Z","age":12},"phone":"C03 B38-2004","cell":"P84 Y61-8691","id":{"name":"SIN","value":"953648771"},"picture":{"large":"https://randomuser.me/api/portraits/women/32.jpg","medium":"https://randomuser.me/api/portraits/med/women/32.jpg","thumbnail":"https://randomuser.me/api/portraits/thumb/women/32.jpg"},"nat":"CA"}],"info":{"seed":"d76d25e46da614bc","results":1,"page":1,"version":"1.4"}} 
 </msg>
<msg time="2024-04-16T22:13:42.619343" level="INFO">/opt/hostedtoolcache/Python/3.12.2/x64/lib/python3.12/site-packages/urllib3/connectionpool.py:1103: InsecureRequestWarning: Unverified HTTPS request is being made to host 'randomuser.me'. Adding certificate verification is strongly advised. See: https://urllib3.readthedocs.io/en/latest/advanced-usage.html#tls-warnings
  warnings.warn(</msg>
<msg time="2024-04-16T22:13:42.619510" level="INFO">${response} = &lt;Response [200]&gt;</msg>
<var>${response}</var>
<arg>consultarAPI</arg>
<arg>/api</arg>
<doc>Sends a GET request on a previously created HTTP Session.</doc>
<status status="PASS" start="2024-04-16T22:13:42.513120" elapsed="0.106437"/>
</kw>
<kw name="Set Variable" owner="BuiltIn">
<msg time="2024-04-16T22:13:42.620721" level="INFO">${json_data} = {'results': [{'gender': 'female', 'name': {'title': 'Mrs', 'first': 'Juliette', 'last': 'Tremblay'}, 'location': {'street': {'number': 796, 'name': 'King St'}, 'city': 'Princeton', 'state': 'Manitoba'...</msg>
<var>${json_data}</var>
<arg>${response.json()}</arg>
<doc>Returns the given values which can then be assigned to a variables.</doc>
<status status="PASS" start="2024-04-16T22:13:42.620131" elapsed="0.000621"/>
</kw>
<kw name="Log" owner="BuiltIn">
<msg time="2024-04-16T22:13:42.621373" level="INFO">{'results': [{'gender': 'female', 'name': {'title': 'Mrs', 'first': 'Juliette', 'last': 'Tremblay'}, 'location': {'street': {'number': 796, 'name': 'King St'}, 'city': 'Princeton', 'state': 'Manitoba', 'country': 'Canada', 'postcode': 'Y2W 5U6', 'coordinates': {'latitude': '-70.9638', 'longitude': '92.8708'}, 'timezone': {'offset': '-6:00', 'description': 'Central Time (US &amp; Canada), Mexico City'}}, 'email': 'juliette.tremblay@example.com', 'login': {'uuid': 'ae9319a2-f8c3-48da-9618-59a7511515d4', 'username': 'lazygoose646', 'password': 'all4one', 'salt': 'HXmIYQdA', 'md5': '4f93565cae537a7d54e45ed3ad17803e', 'sha1': '11ad607575dbee6152c591a2178181c0a3b06e60', 'sha256': '7b1c6f3521c9af5210707665c72f30d9854e547adbddce0e6350f297ba502cab'}, 'dob': {'date': '1983-06-22T17:45:28.528Z', 'age': 40}, 'registered': {'date': '2011-05-14T23:29:50.914Z', 'age': 12}, 'phone': 'C03 B38-2004', 'cell': 'P84 Y61-8691', 'id': {'name': 'SIN', 'value': '953648771'}, 'picture': {'large': 'https://randomuser.me/api/portraits/women/32.jpg', 'medium': 'https://randomuser.me/api/portraits/med/women/32.jpg', 'thumbnail': 'https://randomuser.me/api/portraits/thumb/women/32.jpg'}, 'nat': 'CA'}], 'info': {'seed': 'd76d25e46da614bc', 'results': 1, 'page': 1, 'version': '1.4'}}</msg>
<arg>${json_data}</arg>
<doc>Logs the given message with the given level.</doc>
<status status="PASS" start="2024-04-16T22:13:42.621140" elapsed="0.000287"/>
</kw>
<kw name="Dictionary Should Contain Key" owner="Collections">
<msg time="2024-04-16T22:13:42.621946" level="INFO">False</msg>
<arg>${json_data}</arg>
<arg>results</arg>
<doc>Fails if ``key`` is not found from ``dictionary``.</doc>
<status status="PASS" start="2024-04-16T22:13:42.621766" elapsed="0.000220"/>
</kw>
<kw name="Should Not Be Empty" owner="BuiltIn">
<msg time="2024-04-16T22:13:42.622453" level="INFO">Length is 2.</msg>
<arg>${json_data}</arg>
<doc>Verifies that the given item is not empty.</doc>
<status status="PASS" start="2024-04-16T22:13:42.622310" elapsed="0.000184"/>
</kw>
<kw name="Create List" owner="BuiltIn">
<msg time="2024-04-16T22:13:42.623147" level="INFO">${expected_keys} = ['gender', 'name', 'location', 'email', 'login']</msg>
<var>${expected_keys}</var>
<arg>gender</arg>
<arg>name</arg>
<arg>location</arg>
<arg>email</arg>
<arg>login</arg>
<doc>Returns a list containing given items.</doc>
<status status="PASS" start="2024-04-16T22:13:42.622805" elapsed="0.000368"/>
</kw>
<for flavor="IN">
<iter>
<kw name="Dictionary Should Contain Key" owner="Collections">
<msg time="2024-04-16T22:13:42.624235" level="INFO">False</msg>
<arg>${json_data['results'][0]}</arg>
<arg>${key}</arg>
<doc>Fails if ``key`` is not found from ``dictionary``.</doc>
<status status="PASS" start="2024-04-16T22:13:42.623800" elapsed="0.000475"/>
</kw>
<kw name="Log" owner="BuiltIn">
<msg time="2024-04-16T22:13:42.624969" level="INFO">{'gender': 'female', 'name': {'title': 'Mrs', 'first': 'Juliette', 'last': 'Tremblay'}, 'location': {'street': {'number': 796, 'name': 'King St'}, 'city': 'Princeton', 'state': 'Manitoba', 'country': 'Canada', 'postcode': 'Y2W 5U6', 'coordinates': {'latitude': '-70.9638', 'longitude': '92.8708'}, 'timezone': {'offset': '-6:00', 'description': 'Central Time (US &amp; Canada), Mexico City'}}, 'email': 'juliette.tremblay@example.com', 'login': {'uuid': 'ae9319a2-f8c3-48da-9618-59a7511515d4', 'username': 'lazygoose646', 'password': 'all4one', 'salt': 'HXmIYQdA', 'md5': '4f93565cae537a7d54e45ed3ad17803e', 'sha1': '11ad607575dbee6152c591a2178181c0a3b06e60', 'sha256': '7b1c6f3521c9af5210707665c72f30d9854e547adbddce0e6350f297ba502cab'}, 'dob': {'date': '1983-06-22T17:45:28.528Z', 'age': 40}, 'registered': {'date': '2011-05-14T23:29:50.914Z', 'age': 12}, 'phone': 'C03 B38-2004', 'cell': 'P84 Y61-8691', 'id': {'name': 'SIN', 'value': '953648771'}, 'picture': {'large': 'https://randomuser.me/api/portraits/women/32.jpg', 'medium': 'https://randomuser.me/api/portraits/med/women/32.jpg', 'thumbnail': 'https://randomuser.me/api/portraits/thumb/women/32.jpg'}, 'nat': 'CA'}</msg>
<arg>${json_data['results'][0]}</arg>
<doc>Logs the given message with the given level.</doc>
<status status="PASS" start="2024-04-16T22:13:42.624587" elapsed="0.000433"/>
</kw>
<kw name="Log" owner="BuiltIn">
<msg time="2024-04-16T22:13:42.625493" level="INFO">gender</msg>
<arg>${key}</arg>
<doc>Logs the given message with the given level.</doc>
<status status="PASS" start="2024-04-16T22:13:42.625359" elapsed="0.000173"/>
</kw>
<var name="${key}">gender</var>
<status status="PASS" start="2024-04-16T22:13:42.623665" elapsed="0.002089"/>
</iter>
<iter>
<kw name="Dictionary Should Contain Key" owner="Collections">
<msg time="2024-04-16T22:13:42.626529" level="INFO">False</msg>
<arg>${json_data['results'][0]}</arg>
<arg>${key}</arg>
<doc>Fails if ``key`` is not found from ``dictionary``.</doc>
<status status="PASS" start="2024-04-16T22:13:42.626086" elapsed="0.000481"/>
</kw>
<kw name="Log" owner="BuiltIn">
<msg time="2024-04-16T22:13:42.627271" level="INFO">{'gender': 'female', 'name': {'title': 'Mrs', 'first': 'Juliette', 'last': 'Tremblay'}, 'location': {'street': {'number': 796, 'name': 'King St'}, 'city': 'Princeton', 'state': 'Manitoba', 'country': 'Canada', 'postcode': 'Y2W 5U6', 'coordinates': {'latitude': '-70.9638', 'longitude': '92.8708'}, 'timezone': {'offset': '-6:00', 'description': 'Central Time (US &amp; Canada), Mexico City'}}, 'email': 'juliette.tremblay@example.com', 'login': {'uuid': 'ae9319a2-f8c3-48da-9618-59a7511515d4', 'username': 'lazygoose646', 'password': 'all4one', 'salt': 'HXmIYQdA', 'md5': '4f93565cae537a7d54e45ed3ad17803e', 'sha1': '11ad607575dbee6152c591a2178181c0a3b06e60', 'sha256': '7b1c6f3521c9af5210707665c72f30d9854e547adbddce0e6350f297ba502cab'}, 'dob': {'date': '1983-06-22T17:45:28.528Z', 'age': 40}, 'registered': {'date': '2011-05-14T23:29:50.914Z', 'age': 12}, 'phone': 'C03 B38-2004', 'cell': 'P84 Y61-8691', 'id': {'name': 'SIN', 'value': '953648771'}, 'picture': {'large': 'https://randomuser.me/api/portraits/women/32.jpg', 'medium': 'https://randomuser.me/api/portraits/med/women/32.jpg', 'thumbnail': 'https://randomuser.me/api/portraits/thumb/women/32.jpg'}, 'nat': 'CA'}</msg>
<arg>${json_data['results'][0]}</arg>
<doc>Logs the given message with the given level.</doc>
<status status="PASS" start="2024-04-16T22:13:42.626898" elapsed="0.000422"/>
</kw>
<kw name="Log" owner="BuiltIn">
<msg time="2024-04-16T22:13:42.627756" level="INFO">name</msg>
<arg>${key}</arg>
<doc>Logs the given message with the given level.</doc>
<status status="PASS" start="2024-04-16T22:13:42.627624" elapsed="0.000170"/>
</kw>
<var name="${key}">name</var>
<status status="PASS" start="2024-04-16T22:13:42.625962" elapsed="0.002057"/>
</iter>
<iter>
<kw name="Dictionary Should Contain Key" owner="Collections">
<msg time="2024-04-16T22:13:42.628729" level="INFO">False</msg>
<arg>${json_data['results'][0]}</arg>
<arg>${key}</arg>
<doc>Fails if ``key`` is not found from ``dictionary``.</doc>
<status status="PASS" start="2024-04-16T22:13:42.628337" elapsed="0.000430"/>
</kw>
<kw name="Log" owner="BuiltIn">
<msg time="2024-04-16T22:13:42.629464" level="INFO">{'gender': 'female', 'name': {'title': 'Mrs', 'first': 'Juliette', 'last': 'Tremblay'}, 'location': {'street': {'number': 796, 'name': 'King St'}, 'city': 'Princeton', 'state': 'Manitoba', 'country': 'Canada', 'postcode': 'Y2W 5U6', 'coordinates': {'latitude': '-70.9638', 'longitude': '92.8708'}, 'timezone': {'offset': '-6:00', 'description': 'Central Time (US &amp; Canada), Mexico City'}}, 'email': 'juliette.tremblay@example.com', 'login': {'uuid': 'ae9319a2-f8c3-48da-9618-59a7511515d4', 'username': 'lazygoose646', 'password': 'all4one', 'salt': 'HXmIYQdA', 'md5': '4f93565cae537a7d54e45ed3ad17803e', 'sha1': '11ad607575dbee6152c591a2178181c0a3b06e60', 'sha256': '7b1c6f3521c9af5210707665c72f30d9854e547adbddce0e6350f297ba502cab'}, 'dob': {'date': '1983-06-22T17:45:28.528Z', 'age': 40}, 'registered': {'date': '2011-05-14T23:29:50.914Z', 'age': 12}, 'phone': 'C03 B38-2004', 'cell': 'P84 Y61-8691', 'id': {'name': 'SIN', 'value': '953648771'}, 'picture': {'large': 'https://randomuser.me/api/portraits/women/32.jpg', 'medium': 'https://randomuser.me/api/portraits/med/women/32.jpg', 'thumbnail': 'https://randomuser.me/api/portraits/thumb/women/32.jpg'}, 'nat': 'CA'}</msg>
<arg>${json_data['results'][0]}</arg>
<doc>Logs the given message with the given level.</doc>
<status status="PASS" start="2024-04-16T22:13:42.629071" elapsed="0.000441"/>
</kw>
<kw name="Log" owner="BuiltIn">
<msg time="2024-04-16T22:13:42.629947" level="INFO">location</msg>
<arg>${key}</arg>
<doc>Logs the given message with the given level.</doc>
<status status="PASS" start="2024-04-16T22:13:42.629817" elapsed="0.000169"/>
</kw>
<var name="${key}">location</var>
<status status="PASS" start="2024-04-16T22:13:42.628219" elapsed="0.001985"/>
</iter>
<iter>
<kw name="Dictionary Should Contain Key" owner="Collections">
<msg time="2024-04-16T22:13:42.630882" level="INFO">False</msg>
<arg>${json_data['results'][0]}</arg>
<arg>${key}</arg>
<doc>Fails if ``key`` is not found from ``dictionary``.</doc>
<status status="PASS" start="2024-04-16T22:13:42.630499" elapsed="0.000421"/>
</kw>
<kw name="Log" owner="BuiltIn">
<msg time="2024-04-16T22:13:42.631592" level="INFO">{'gender': 'female', 'name': {'title': 'Mrs', 'first': 'Juliette', 'last': 'Tremblay'}, 'location': {'street': {'number': 796, 'name': 'King St'}, 'city': 'Princeton', 'state': 'Manitoba', 'country': 'Canada', 'postcode': 'Y2W 5U6', 'coordinates': {'latitude': '-70.9638', 'longitude': '92.8708'}, 'timezone': {'offset': '-6:00', 'description': 'Central Time (US &amp; Canada), Mexico City'}}, 'email': 'juliette.tremblay@example.com', 'login': {'uuid': 'ae9319a2-f8c3-48da-9618-59a7511515d4', 'username': 'lazygoose646', 'password': 'all4one', 'salt': 'HXmIYQdA', 'md5': '4f93565cae537a7d54e45ed3ad17803e', 'sha1': '11ad607575dbee6152c591a2178181c0a3b06e60', 'sha256': '7b1c6f3521c9af5210707665c72f30d9854e547adbddce0e6350f297ba502cab'}, 'dob': {'date': '1983-06-22T17:45:28.528Z', 'age': 40}, 'registered': {'date': '2011-05-14T23:29:50.914Z', 'age': 12}, 'phone': 'C03 B38-2004', 'cell': 'P84 Y61-8691', 'id': {'name': 'SIN', 'value': '953648771'}, 'picture': {'large': 'https://randomuser.me/api/portraits/women/32.jpg', 'medium': 'https://randomuser.me/api/portraits/med/women/32.jpg', 'thumbnail': 'https://randomuser.me/api/portraits/thumb/women/32.jpg'}, 'nat': 'CA'}</msg>
<arg>${json_data['results'][0]}</arg>
<doc>Logs the given message with the given level.</doc>
<status status="PASS" start="2024-04-16T22:13:42.631225" elapsed="0.000415"/>
</kw>
<kw name="Log" owner="BuiltIn">
<msg time="2024-04-16T22:13:42.632070" level="INFO">email</msg>
<arg>${key}</arg>
<doc>Logs the given message with the given level.</doc>
<status status="PASS" start="2024-04-16T22:13:42.631941" elapsed="0.000168"/>
</kw>
<var name="${key}">email</var>
<status status="PASS" start="2024-04-16T22:13:42.630386" elapsed="0.001940"/>
</iter>
<iter>
<kw name="Dictionary Should Contain Key" owner="Collections">
<msg time="2024-04-16T22:13:42.633010" level="INFO">False</msg>
<arg>${json_data['results'][0]}</arg>
<arg>${key}</arg>
<doc>Fails if ``key`` is not found from ``dictionary``.</doc>
<status status="PASS" start="2024-04-16T22:13:42.632624" elapsed="0.000424"/>
</kw>
<kw name="Log" owner="BuiltIn">
<msg time="2024-04-16T22:13:42.633804" level="INFO">{'gender': 'female', 'name': {'title': 'Mrs', 'first': 'Juliette', 'last': 'Tremblay'}, 'location': {'street': {'number': 796, 'name': 'King St'}, 'city': 'Princeton', 'state': 'Manitoba', 'country': 'Canada', 'postcode': 'Y2W 5U6', 'coordinates': {'latitude': '-70.9638', 'longitude': '92.8708'}, 'timezone': {'offset': '-6:00', 'description': 'Central Time (US &amp; Canada), Mexico City'}}, 'email': 'juliette.tremblay@example.com', 'login': {'uuid': 'ae9319a2-f8c3-48da-9618-59a7511515d4', 'username': 'lazygoose646', 'password': 'all4one', 'salt': 'HXmIYQdA', 'md5': '4f93565cae537a7d54e45ed3ad17803e', 'sha1': '11ad607575dbee6152c591a2178181c0a3b06e60', 'sha256': '7b1c6f3521c9af5210707665c72f30d9854e547adbddce0e6350f297ba502cab'}, 'dob': {'date': '1983-06-22T17:45:28.528Z', 'age': 40}, 'registered': {'date': '2011-05-14T23:29:50.914Z', 'age': 12}, 'phone': 'C03 B38-2004', 'cell': 'P84 Y61-8691', 'id': {'name': 'SIN', 'value': '953648771'}, 'picture': {'large': 'https://randomuser.me/api/portraits/women/32.jpg', 'medium': 'https://randomuser.me/api/portraits/med/women/32.jpg', 'thumbnail': 'https://randomuser.me/api/portraits/thumb/women/32.jpg'}, 'nat': 'CA'}</msg>
<arg>${json_data['results'][0]}</arg>
<doc>Logs the given message with the given level.</doc>
<status status="PASS" start="2024-04-16T22:13:42.633425" elapsed="0.000427"/>
</kw>
<kw name="Log" owner="BuiltIn">
<msg time="2024-04-16T22:13:42.634288" level="INFO">login</msg>
<arg>${key}</arg>
<doc>Logs the given message with the given level.</doc>
<status status="PASS" start="2024-04-16T22:13:42.634158" elapsed="0.000168"/>
</kw>
<var name="${key}">login</var>
<status status="PASS" start="2024-04-16T22:13:42.632506" elapsed="0.002066"/>
</iter>
<var>${key}</var>
<value>@{expected_keys}</value>
<status status="PASS" start="2024-04-16T22:13:42.623454" elapsed="0.011244"/>
</for>
<kw name="Create List" owner="BuiltIn">
<msg time="2024-04-16T22:13:42.635040" level="INFO">${expected_keysTwo} = ['username', 'password']</msg>
<var>${expected_keysTwo}</var>
<arg>username</arg>
<arg>password</arg>
<doc>Returns a list containing given items.</doc>
<status status="PASS" start="2024-04-16T22:13:42.634902" elapsed="0.000163"/>
</kw>
<for flavor="IN">
<iter>
<kw name="Dictionary Should Contain Key" owner="Collections">
<msg time="2024-04-16T22:13:42.635986" level="INFO">False</msg>
<arg>${json_data['results'][0]['login']}</arg>
<arg>${keyTwo}</arg>
<doc>Fails if ``key`` is not found from ``dictionary``.</doc>
<status status="PASS" start="2024-04-16T22:13:42.635593" elapsed="0.000432"/>
</kw>
<kw name="Dictionary Should Contain Key" owner="Collections">
<msg time="2024-04-16T22:13:42.636721" level="INFO">False</msg>
<arg>${json_data['results'][0]['login']}</arg>
<arg>${keyTwo}</arg>
<doc>Fails if ``key`` is not found from ``dictionary``.</doc>
<status status="PASS" start="2024-04-16T22:13:42.636323" elapsed="0.000436"/>
</kw>
<kw name="Log" owner="BuiltIn">
<msg time="2024-04-16T22:13:42.637184" level="INFO">username</msg>
<arg>${keyTwo}</arg>
<doc>Logs the given message with the given level.</doc>
<status status="PASS" start="2024-04-16T22:13:42.637054" elapsed="0.000207"/>
</kw>
<var name="${keyTwo}">username</var>
<status status="PASS" start="2024-04-16T22:13:42.635482" elapsed="0.002009"/>
</iter>
<iter>
<kw name="Dictionary Should Contain Key" owner="Collections">
<msg time="2024-04-16T22:13:42.638181" level="INFO">False</msg>
<arg>${json_data['results'][0]['login']}</arg>
<arg>${keyTwo}</arg>
<doc>Fails if ``key`` is not found from ``dictionary``.</doc>
<status status="PASS" start="2024-04-16T22:13:42.637783" elapsed="0.000437"/>
</kw>
<kw name="Dictionary Should Contain Key" owner="Collections">
<msg time="2024-04-16T22:13:42.638992" level="INFO">False</msg>
<arg>${json_data['results'][0]['login']}</arg>
<arg>${keyTwo}</arg>
<doc>Fails if ``key`` is not found from ``dictionary``.</doc>
<status status="PASS" start="2024-04-16T22:13:42.638523" elapsed="0.000509"/>
</kw>
<kw name="Log" owner="BuiltIn">
<msg time="2024-04-16T22:13:42.639465" level="INFO">password</msg>
<arg>${keyTwo}</arg>
<doc>Logs the given message with the given level.</doc>
<status status="PASS" start="2024-04-16T22:13:42.639335" elapsed="0.000167"/>
</kw>
<var name="${keyTwo}">password</var>
<status status="PASS" start="2024-04-16T22:13:42.637671" elapsed="0.002052"/>
</iter>
<var>${keyTwo}</var>
<value>@{expected_keysTwo}</value>
<status status="PASS" start="2024-04-16T22:13:42.635317" elapsed="0.004531"/>
</for>
<status status="PASS" start="2024-04-16T22:13:42.512867" elapsed="0.127128"/>
</kw>
<doc>Testa a estrutura da resposta da API.</doc>
<tag>testeEstruturaResposta</tag>
<status status="PASS" start="2024-04-16T22:13:42.512221" elapsed="0.127945"/>
</test>
<test id="s1-s1-t4" name="Validar tipos de dados" line="28">
<kw name="Teste de Tipos de Dados" owner="random-user-service">
<kw name="GET On Session" owner="RequestsLibrary">
<msg time="2024-04-16T22:13:42.707266" level="INFO">GET Request : url=https://randomuser.me/api 
 path_url=/api 
 headers={'User-Agent': 'python-requests/2.31.0', 'Accept-Encoding': 'gzip, deflate', 'Accept': '*/*', 'Connection': 'keep-alive'} 
 body=None 
 </msg>
<msg time="2024-04-16T22:13:42.707387" level="INFO">GET Response : url=https://randomuser.me/api 
 status=200, reason=OK 
 headers={'Date': 'Tue, 16 Apr 2024 22:13:42 GMT', 'Content-Type': 'application/json; charset=utf-8', 'Transfer-Encoding': 'chunked', 'Connection': 'keep-alive', 'X-Powered-By': 'Express', 'Access-Control-Allow-Origin': '*', 'Cache-Control': 'no-cache', 'ETag': 'W/"47b-yY4mLmLJzEnCLwceItI89gXiFuk"', 'Vary': 'Accept-Encoding', 'Content-Encoding': 'gzip', 'CF-Cache-Status': 'DYNAMIC', 'Report-To': '{"endpoints":[{"url":"https:\\/\\/a.nel.cloudflare.com\\/report\\/v4?s=hCdgWfAMHdHI8kuLvETIIMxj8iSyttDPAUfysho0ubXJa09s2XdWkdmSRzOHPh3mCD3TsJtlRAnP3FF%2FqGqI3HvqAlyPoa%2BUnv83PVEt00DJAl%2FPTSyHP5hfVzZNu3fH"}],"group":"cf-nel","max_age":604800}', 'NEL': '{"success_fraction":0,"report_to":"cf-nel","max_age":604800}', 'Server': 'cloudflare', 'CF-RAY': '8757862d8d8d58a6-IAD', 'alt-svc': 'h3=":443"; ma=86400'} 
 body={"results":[{"gender":"male","name":{"title":"Mr","first":"Dylan","last":"French"},"location":{"street":{"number":8371,"name":"Wellington St"},"city":"Greenwood","state":"Manitoba","country":"Canada","postcode":"Z4D 8M3","coordinates":{"latitude":"-67.6678","longitude":"-145.3637"},"timezone":{"offset":"-2:00","description":"Mid-Atlantic"}},"email":"dylan.french@example.com","login":{"uuid":"446df624-2b70-4943-bcf4-a876fd78ffbd","username":"yellowelephant711","password":"rhythm","salt":"lTBaLslU","md5":"31a1e05c5d46e2f378711b5f79806469","sha1":"fef2e92473cc722fb3e1807077b94aeeb18d5ad5","sha256":"11b32449cb658ad389c970c03c35713a95e9bfa3bd8d2de4919fcc9d32b10f5e"},"dob":{"date":"1975-10-25T21:05:52.330Z","age":48},"registered":{"date":"2011-09-17T12:25:49.607Z","age":12},"phone":"Z84 O99-7890","cell":"A68 S69-2909","id":{"name":"SIN","value":"585350069"},"picture":{"large":"https://randomuser.me/api/portraits/men/41.jpg","medium":"https://randomuser.me/api/portraits/med/men/41.jpg","thumbnail":"https://randomuser.me/api/portraits/thumb/men/41.jpg"},"nat":"CA"}],"info":{"seed":"21f7a758e378132c","results":1,"page":1,"version":"1.4"}} 
 </msg>
<msg time="2024-04-16T22:13:42.707478" level="INFO">/opt/hostedtoolcache/Python/3.12.2/x64/lib/python3.12/site-packages/urllib3/connectionpool.py:1103: InsecureRequestWarning: Unverified HTTPS request is being made to host 'randomuser.me'. Adding certificate verification is strongly advised. See: https://urllib3.readthedocs.io/en/latest/advanced-usage.html#tls-warnings
  warnings.warn(</msg>
<msg time="2024-04-16T22:13:42.707627" level="INFO">${response} = &lt;Response [200]&gt;</msg>
<var>${response}</var>
<arg>consultarAPI</arg>
<arg>/api</arg>
<doc>Sends a GET request on a previously created HTTP Session.</doc>
<status status="PASS" start="2024-04-16T22:13:42.642730" elapsed="0.064951"/>
</kw>
<kw name="Set Variable" owner="BuiltIn">
<msg time="2024-04-16T22:13:42.708867" level="INFO">${json_data} = {'results': [{'gender': 'male', 'name': {'title': 'Mr', 'first': 'Dylan', 'last': 'French'}, 'location': {'street': {'number': 8371, 'name': 'Wellington St'}, 'city': 'Greenwood', 'state': 'Manitoba',...</msg>
<var>${json_data}</var>
<arg>${response.json()}</arg>
<doc>Returns the given values which can then be assigned to a variables.</doc>
<status status="PASS" start="2024-04-16T22:13:42.708277" elapsed="0.000620"/>
</kw>
<kw name="Log" owner="BuiltIn">
<msg time="2024-04-16T22:13:42.709518" level="INFO">{'results': [{'gender': 'male', 'name': {'title': 'Mr', 'first': 'Dylan', 'last': 'French'}, 'location': {'street': {'number': 8371, 'name': 'Wellington St'}, 'city': 'Greenwood', 'state': 'Manitoba', 'country': 'Canada', 'postcode': 'Z4D 8M3', 'coordinates': {'latitude': '-67.6678', 'longitude': '-145.3637'}, 'timezone': {'offset': '-2:00', 'description': 'Mid-Atlantic'}}, 'email': 'dylan.french@example.com', 'login': {'uuid': '446df624-2b70-4943-bcf4-a876fd78ffbd', 'username': 'yellowelephant711', 'password': 'rhythm', 'salt': 'lTBaLslU', 'md5': '31a1e05c5d46e2f378711b5f79806469', 'sha1': 'fef2e92473cc722fb3e1807077b94aeeb18d5ad5', 'sha256': '11b32449cb658ad389c970c03c35713a95e9bfa3bd8d2de4919fcc9d32b10f5e'}, 'dob': {'date': '1975-10-25T21:05:52.330Z', 'age': 48}, 'registered': {'date': '2011-09-17T12:25:49.607Z', 'age': 12}, 'phone': 'Z84 O99-7890', 'cell': 'A68 S69-2909', 'id': {'name': 'SIN', 'value': '585350069'}, 'picture': {'large': 'https://randomuser.me/api/portraits/men/41.jpg', 'medium': 'https://randomuser.me/api/portraits/med/men/41.jpg', 'thumbnail': 'https://randomuser.me/api/portraits/thumb/men/41.jpg'}, 'nat': 'CA'}], 'info': {'seed': '21f7a758e378132c', 'results': 1, 'page': 1, 'version': '1.4'}}</msg>
<arg>${json_data}</arg>
<doc>Logs the given message with the given level.</doc>
<status status="PASS" start="2024-04-16T22:13:42.709328" elapsed="0.000285"/>
</kw>
<kw name="Should Be String" owner="String">
<arg>${json_data['results'][0]['gender']}</arg>
<doc>Fails if the given ``item`` is not a string.</doc>
<status status="PASS" start="2024-04-16T22:13:42.709963" elapsed="0.000415"/>
</kw>
<kw name="Should Match Regexp" owner="BuiltIn">
<arg>${json_data['results'][0]['email']}</arg>
<arg>^[a-zA-Z0-9._%+-]+@[a-zA-Z0-9.-]+\.[a-zA-Z]{2,}$</arg>
<doc>Fails if ``string`` does not match ``pattern`` as a regular expression.</doc>
<status status="PASS" start="2024-04-16T22:13:42.710588" elapsed="0.000557"/>
</kw>
<kw name="Should Match Regexp" owner="BuiltIn">
<arg>${json_data['results'][0]['dob']['date']}</arg>
<arg>\\d{4}-\\d{2}-\\d{2}T\\d{2}:\\d{2}:\\d{2}\\.\\d{3}Z</arg>
<doc>Fails if ``string`` does not match ``pattern`` as a regular expression.</doc>
<status status="PASS" start="2024-04-16T22:13:42.711353" elapsed="0.000516"/>
</kw>
<kw name="Should Match Regexp" owner="BuiltIn">
<arg>${json_data['results'][0]['registered']['date']}</arg>
<arg>\\d{4}-\\d{2}-\\d{2}T\\d{2}:\\d{2}:\\d{2}\\.\\d{3}Z</arg>
<doc>Fails if ``string`` does not match ``pattern`` as a regular expression.</doc>
<status status="PASS" start="2024-04-16T22:13:42.712071" elapsed="0.000399"/>
</kw>
<kw name="Should Match Regexp" owner="BuiltIn">
<arg>${json_data['results'][0]['picture']['large']}</arg>
<arg>^https?://.*\.(?:png|jpe?g|gif|bmp)$</arg>
<doc>Fails if ``string`` does not match ``pattern`` as a regular expression.</doc>
<status status="PASS" start="2024-04-16T22:13:42.712665" elapsed="0.000485"/>
</kw>
<kw name="Should Match Regexp" owner="BuiltIn">
<arg>${json_data['results'][0]['picture']['medium']}</arg>
<arg>^https?://.*\.(?:png|jpe?g|gif|bmp)$</arg>
<doc>Fails if ``string`` does not match ``pattern`` as a regular expression.</doc>
<status status="PASS" start="2024-04-16T22:13:42.713374" elapsed="0.000367"/>
</kw>
<kw name="Should Match Regexp" owner="BuiltIn">
<arg>${json_data['results'][0]['picture']['thumbnail']}</arg>
<arg>^https?://.*\.(?:png|jpe?g|gif|bmp)$</arg>
<doc>Fails if ``string`` does not match ``pattern`` as a regular expression.</doc>
<status status="PASS" start="2024-04-16T22:13:42.713940" elapsed="0.000359"/>
</kw>
<kw name="Log" owner="BuiltIn">
<msg time="2024-04-16T22:13:42.714833" level="INFO">{'large': 'https://randomuser.me/api/portraits/men/41.jpg', 'medium': 'https://randomuser.me/api/portraits/med/men/41.jpg', 'thumbnail': 'https://randomuser.me/api/portraits/thumb/men/41.jpg'}</msg>
<arg>${json_data['results'][0]['picture']}</arg>
<doc>Logs the given message with the given level.</doc>
<status status="PASS" start="2024-04-16T22:13:42.714488" elapsed="0.000388"/>
</kw>
<status status="PASS" start="2024-04-16T22:13:42.642493" elapsed="0.072661"/>
</kw>
<kw name="Teste de Tipos de Dados - Postcode" owner="random-user-service">
<kw name="GET On Session" owner="RequestsLibrary">
<msg time="2024-04-16T22:13:42.817131" level="INFO">GET Request : url=https://randomuser.me/api 
 path_url=/api 
 headers={'User-Agent': 'python-requests/2.31.0', 'Accept-Encoding': 'gzip, deflate', 'Accept': '*/*', 'Connection': 'keep-alive'} 
 body=None 
 </msg>
<msg time="2024-04-16T22:13:42.817274" level="INFO">GET Response : url=https://randomuser.me/api 
 status=200, reason=OK 
 headers={'Date': 'Tue, 16 Apr 2024 22:13:42 GMT', 'Content-Type': 'application/json; charset=utf-8', 'Transfer-Encoding': 'chunked', 'Connection': 'keep-alive', 'X-Powered-By': 'Express', 'Access-Control-Allow-Origin': '*', 'Cache-Control': 'no-cache', 'ETag': 'W/"486-RqWgqlpMspHooixwmhi5U3l0mUU"', 'Vary': 'Accept-Encoding', 'Content-Encoding': 'gzip', 'CF-Cache-Status': 'DYNAMIC', 'Report-To': '{"endpoints":[{"url":"https:\\/\\/a.nel.cloudflare.com\\/report\\/v4?s=UOSGVoy9vOzczJU8jNCrrUR552WtM7%2FpVofhhNi7ydWb9ZrEIP%2BQUan4fldVc4LqvgbbHq2t65K1wF73tlq%2B8gmdzbxBxZJvPBHkMp%2FJ7WEgTx0pvyTlA2ZCk0UxjVh7"}],"group":"cf-nel","max_age":604800}', 'NEL': '{"success_fraction":0,"report_to":"cf-nel","max_age":604800}', 'Server': 'cloudflare', 'CF-RAY': '8757862dfe1458a6-IAD', 'alt-svc': 'h3=":443"; ma=86400'} 
 body={"results":[{"gender":"male","name":{"title":"Mr","first":"Léo","last":"Garcia"},"location":{"street":{"number":6982,"name":"Rue Saint-Georges"},"city":"Dunkerque","state":"Creuse","country":"France","postcode":86568,"coordinates":{"latitude":"-14.2250","longitude":"-48.8182"},"timezone":{"offset":"-1:00","description":"Azores, Cape Verde Islands"}},"email":"leo.garcia@example.com","login":{"uuid":"956bf53d-1204-45e9-80b0-42a172daaccb","username":"sadbear333","password":"8989","salt":"fidtw3Mr","md5":"de678ed110310e7a838e4da022095aa3","sha1":"a4fe8a862629322d8f43adca8d02e7e5f89e3c64","sha256":"68ab5d98fbf52953fd281260078f4bb89e2cb047c4a5a92d0eb382e54c26a640"},"dob":{"date":"1952-07-30T19:00:42.305Z","age":71},"registered":{"date":"2015-04-10T17:23:24.387Z","age":9},"phone":"03-18-66-77-70","cell":"06-56-67-10-56","id":{"name":"INSEE","value":"1520624394160 02"},"picture":{"large":"https://randomuser.me/api/portraits/men/10.jpg","medium":"https://randomuser.me/api/portraits/med/men/10.jpg","thumbnail":"https://randomuser.me/api/portraits/thumb/men/10.jpg"},"nat":"FR"}],"info":{"seed":"a7c48a3059129a87","results":1,"page":1,"version":"1.4"}} 
 </msg>
<msg time="2024-04-16T22:13:42.817360" level="INFO">/opt/hostedtoolcache/Python/3.12.2/x64/lib/python3.12/site-packages/urllib3/connectionpool.py:1103: InsecureRequestWarning: Unverified HTTPS request is being made to host 'randomuser.me'. Adding certificate verification is strongly advised. See: https://urllib3.readthedocs.io/en/latest/advanced-usage.html#tls-warnings
  warnings.warn(</msg>
<msg time="2024-04-16T22:13:42.817506" level="INFO">${response} = &lt;Response [200]&gt;</msg>
<var>${response}</var>
<arg>consultarAPI</arg>
<arg>/api</arg>
<doc>Sends a GET request on a previously created HTTP Session.</doc>
<status status="PASS" start="2024-04-16T22:13:42.715661" elapsed="0.101885"/>
</kw>
<kw name="Set Variable" owner="BuiltIn">
<msg time="2024-04-16T22:13:42.818896" level="INFO">${json_data} = {'results': [{'gender': 'male', 'name': {'title': 'Mr', 'first': 'Léo', 'last': 'Garcia'}, 'location': {'street': {'number': 6982, 'name': 'Rue Saint-Georges'}, 'city': 'Dunkerque', 'state': 'Creuse',...</msg>
<var>${json_data}</var>
<arg>${response.json()}</arg>
<doc>Returns the given values which can then be assigned to a variables.</doc>
<status status="PASS" start="2024-04-16T22:13:42.818269" elapsed="0.000658"/>
</kw>
<kw name="Log" owner="BuiltIn">
<msg time="2024-04-16T22:13:42.819514" level="INFO">{'results': [{'gender': 'male', 'name': {'title': 'Mr', 'first': 'Léo', 'last': 'Garcia'}, 'location': {'street': {'number': 6982, 'name': 'Rue Saint-Georges'}, 'city': 'Dunkerque', 'state': 'Creuse', 'country': 'France', 'postcode': 86568, 'coordinates': {'latitude': '-14.2250', 'longitude': '-48.8182'}, 'timezone': {'offset': '-1:00', 'description': 'Azores, Cape Verde Islands'}}, 'email': 'leo.garcia@example.com', 'login': {'uuid': '956bf53d-1204-45e9-80b0-42a172daaccb', 'username': 'sadbear333', 'password': '8989', 'salt': 'fidtw3Mr', 'md5': 'de678ed110310e7a838e4da022095aa3', 'sha1': 'a4fe8a862629322d8f43adca8d02e7e5f89e3c64', 'sha256': '68ab5d98fbf52953fd281260078f4bb89e2cb047c4a5a92d0eb382e54c26a640'}, 'dob': {'date': '1952-07-30T19:00:42.305Z', 'age': 71}, 'registered': {'date': '2015-04-10T17:23:24.387Z', 'age': 9}, 'phone': '03-18-66-77-70', 'cell': '06-56-67-10-56', 'id': {'name': 'INSEE', 'value': '1520624394160 02'}, 'picture': {'large': 'https://randomuser.me/api/portraits/men/10.jpg', 'medium': 'https://randomuser.me/api/portraits/med/men/10.jpg', 'thumbnail': 'https://randomuser.me/api/portraits/thumb/men/10.jpg'}, 'nat': 'FR'}], 'info': {'seed': 'a7c48a3059129a87', 'results': 1, 'page': 1, 'version': '1.4'}}</msg>
<arg>${json_data}</arg>
<doc>Logs the given message with the given level.</doc>
<status status="PASS" start="2024-04-16T22:13:42.819320" elapsed="0.000282"/>
</kw>
<kw name="Should Be Equal As Numbers" owner="BuiltIn">
<arg>${json_data['results'][0]['location']['postcode']}</arg>
<arg>${json_data['results'][0]['location']['postcode']}</arg>
<doc>Fails if objects are unequal after converting them to real numbers.</doc>
<status status="PASS" start="2024-04-16T22:13:42.819943" elapsed="0.000883"/>
</kw>
<kw name="Log" owner="BuiltIn">
<msg time="2024-04-16T22:13:42.821437" level="INFO">86568</msg>
<arg>${json_data['results'][0]['location']['postcode']}</arg>
<doc>Logs the given message with the given level.</doc>
<status status="PASS" start="2024-04-16T22:13:42.821042" elapsed="0.000439"/>
</kw>
<status status="PASS" start="2024-04-16T22:13:42.715403" elapsed="0.106359"/>
</kw>
<doc>Testa se os tipos de dados na resposta da API estão corretos.</doc>
<tag>testeTiposDados</tag>
<status status="PASS" start="2024-04-16T22:13:42.642006" elapsed="0.179937"/>
</test>
<test id="s1-s1-t5" name="Validar conteudo" line="35">
<kw name="Teste de Tipos de Conteudo" owner="random-user-service">
<kw name="GET On Session" owner="RequestsLibrary">
<msg time="2024-04-16T22:13:42.914141" level="INFO">GET Request : url=https://randomuser.me/api 
 path_url=/api 
 headers={'User-Agent': 'python-requests/2.31.0', 'Accept-Encoding': 'gzip, deflate', 'Accept': '*/*', 'Connection': 'keep-alive'} 
 body=None 
 </msg>
<msg time="2024-04-16T22:13:42.914251" level="INFO">GET Response : url=https://randomuser.me/api 
 status=200, reason=OK 
 headers={'Date': 'Tue, 16 Apr 2024 22:13:42 GMT', 'Content-Type': 'application/json; charset=utf-8', 'Transfer-Encoding': 'chunked', 'Connection': 'keep-alive', 'X-Powered-By': 'Express', 'Access-Control-Allow-Origin': '*', 'Cache-Control': 'no-cache', 'ETag': 'W/"492-54n2TBYCMbKytDmNOuiURxaT6mI"', 'Vary': 'Accept-Encoding', 'Content-Encoding': 'gzip', 'CF-Cache-Status': 'DYNAMIC', 'Report-To': '{"endpoints":[{"url":"https:\\/\\/a.nel.cloudflare.com\\/report\\/v4?s=fG5n1efayrI2rC2aOmY1JcLw%2BVNpXwGqINFcXq1a9bA0qrgpZzg4PaLb2oibb6tCPgdWCMLdTKLYk9T209fqxSYhwptGjWs9yx%2FwG7EOddZmSX04badp8hmk%2FWQ8zMHJ"}],"group":"cf-nel","max_age":604800}', 'NEL': '{"success_fraction":0,"report_to":"cf-nel","max_age":604800}', 'Server': 'cloudflare', 'CF-RAY': '8757862eaec958a6-IAD', 'alt-svc': 'h3=":443"; ma=86400'} 
 body={"results":[{"gender":"male","name":{"title":"Mr","first":"Pranay","last":"Moolya"},"location":{"street":{"number":7053,"name":"Mall Rd"},"city":"Siliguri","state":"Dadra and Nagar Haveli","country":"India","postcode":79123,"coordinates":{"latitude":"4.5699","longitude":"-94.2416"},"timezone":{"offset":"+5:30","description":"Bombay, Calcutta, Madras, New Delhi"}},"email":"pranay.moolya@example.com","login":{"uuid":"b8bb7d3c-d542-43c9-afc6-a59ba5968543","username":"smallgorilla670","password":"werner","salt":"2vqinWLA","md5":"cceb441daddfd28ecc4e751f7d7bf23e","sha1":"7d09b01baa4361f2c2e8f4d42d1e8c3c0bc92272","sha256":"36cc443320dc5ea89aafb320792ff06c4aa4d808022adacc8347e9856abb4f81"},"dob":{"date":"1962-05-23T16:52:45.625Z","age":61},"registered":{"date":"2013-08-04T20:13:56.287Z","age":10},"phone":"9364533168","cell":"8091021204","id":{"name":"UIDAI","value":"139550957780"},"picture":{"large":"https://randomuser.me/api/portraits/men/74.jpg","medium":"https://randomuser.me/api/portraits/med/men/74.jpg","thumbnail":"https://randomuser.me/api/portraits/thumb/men/74.jpg"},"nat":"IN"}],"info":{"seed":"716b744499ada107","results":1,"page":1,"version":"1.4"}} 
 </msg>
<msg time="2024-04-16T22:13:42.914328" level="INFO">/opt/hostedtoolcache/Python/3.12.2/x64/lib/python3.12/site-packages/urllib3/connectionpool.py:1103: InsecureRequestWarning: Unverified HTTPS request is being made to host 'randomuser.me'. Adding certificate verification is strongly advised. See: https://urllib3.readthedocs.io/en/latest/advanced-usage.html#tls-warnings
  warnings.warn(</msg>
<msg time="2024-04-16T22:13:42.914469" level="INFO">${response} = &lt;Response [200]&gt;</msg>
<var>${response}</var>
<arg>consultarAPI</arg>
<arg>/api</arg>
<doc>Sends a GET request on a previously created HTTP Session.</doc>
<status status="PASS" start="2024-04-16T22:13:42.824558" elapsed="0.089959"/>
</kw>
<kw name="Set Variable" owner="BuiltIn">
<msg time="2024-04-16T22:13:42.915807" level="INFO">${json_data} = {'results': [{'gender': 'male', 'name': {'title': 'Mr', 'first': 'Pranay', 'last': 'Moolya'}, 'location': {'street': {'number': 7053, 'name': 'Mall Rd'}, 'city': 'Siliguri', 'state': 'Dadra and Nagar ...</msg>
<var>${json_data}</var>
<arg>${response.json()}</arg>
<doc>Returns the given values which can then be assigned to a variables.</doc>
<status status="PASS" start="2024-04-16T22:13:42.915196" elapsed="0.000641"/>
</kw>
<kw name="Set Variable" owner="BuiltIn">
<msg time="2024-04-16T22:13:42.916637" level="INFO">${name_title} = Mr</msg>
<var>${name_title}</var>
<arg>${json_data["results"][0]["name"]["title"]}</arg>
<doc>Returns the given values which can then be assigned to a variables.</doc>
<status status="PASS" start="2024-04-16T22:13:42.916207" elapsed="0.000456"/>
</kw>
<kw name="Create List" owner="BuiltIn">
<msg time="2024-04-16T22:13:42.917160" level="INFO">${allowed_titles} = ['Mr', 'Ms', 'Miss', 'Mrs', 'Madame', 'Monsieur']</msg>
<var>${allowed_titles}</var>
<arg>Mr</arg>
<arg>Ms</arg>
<arg>Miss</arg>
<arg>Mrs</arg>
<arg>Madame</arg>
<arg>Monsieur</arg>
<doc>Returns a list containing given items.</doc>
<status status="PASS" start="2024-04-16T22:13:42.916997" elapsed="0.000188"/>
</kw>
<kw name="List Should Contain Value" owner="Collections">
<msg time="2024-04-16T22:13:42.917766" level="INFO">False</msg>
<arg>${allowed_titles}</arg>
<arg>${name_title}</arg>
<doc>Fails if the ``value`` is not found from ``list``.</doc>
<status status="PASS" start="2024-04-16T22:13:42.917571" elapsed="0.000235"/>
</kw>
<kw name="Set Variable" owner="BuiltIn">
<msg time="2024-04-16T22:13:42.918512" level="INFO">${name_country} = IN</msg>
<var>${name_country}</var>
<arg>${json_data["results"][0]["nat"]}</arg>
<doc>Returns the given values which can then be assigned to a variables.</doc>
<status status="PASS" start="2024-04-16T22:13:42.918114" elapsed="0.000424"/>
</kw>
<kw name="Create List" owner="BuiltIn">
<msg time="2024-04-16T22:13:42.919468" level="INFO">${list_country} = ['AD', 'AE', 'AF', 'AG', 'AI', 'AL', 'AM', 'AO', 'AQ', 'AR', 'AS', 'AT', 'AU', 'AW', 'AX', 'AZ', 'BA', 'BB', 'BD', 'BE', 'BF', 'BG', 'BH', 'BI', 'BJ', 'BL', 'BM', 'BN', 'BO', 'BQ', 'BR', 'BS', 'BT', '...</msg>
<var>${list_country}</var>
<arg>AD</arg>
<arg>AE</arg>
<arg>AF</arg>
<arg>AG</arg>
<arg>AI</arg>
<arg>AL</arg>
<arg>AM</arg>
<arg>AO</arg>
<arg>AQ</arg>
<arg>AR</arg>
<arg>AS</arg>
<arg>AT</arg>
<arg>AU</arg>
<arg>AW</arg>
<arg>AX</arg>
<arg>AZ</arg>
<arg>BA</arg>
<arg>BB</arg>
<arg>BD</arg>
<arg>BE</arg>
<arg>BF</arg>
<arg>BG</arg>
<arg>BH</arg>
<arg>BI</arg>
<arg>BJ</arg>
<arg>BL</arg>
<arg>BM</arg>
<arg>BN</arg>
<arg>BO</arg>
<arg>BQ</arg>
<arg>BR</arg>
<arg>BS</arg>
<arg>BT</arg>
<arg>BV</arg>
<arg>BW</arg>
<arg>BY</arg>
<arg>BZ</arg>
<arg>CA</arg>
<arg>CC</arg>
<arg>CD</arg>
<arg>CF</arg>
<arg>CG</arg>
<arg>CH</arg>
<arg>CI</arg>
<arg>CK</arg>
<arg>CL</arg>
<arg>CM</arg>
<arg>CN</arg>
<arg>CO</arg>
<arg>CR</arg>
<arg>CU</arg>
<arg>CV</arg>
<arg>CW</arg>
<arg>CX</arg>
<arg>CY</arg>
<arg>CZ</arg>
<arg>DE</arg>
<arg>DJ</arg>
<arg>DK</arg>
<arg>DM</arg>
<arg>DO</arg>
<arg>DZ</arg>
<arg>EC</arg>
<arg>EE</arg>
<arg>EG</arg>
<arg>EH</arg>
<arg>ER</arg>
<arg>ES</arg>
<arg>ET</arg>
<arg>FI</arg>
<arg>FJ</arg>
<arg>FK</arg>
<arg>FM</arg>
<arg>FO</arg>
<arg>FR</arg>
<arg>GA</arg>
<arg>GB</arg>
<arg>GD</arg>
<arg>GE</arg>
<arg>GF</arg>
<arg>GG</arg>
<arg>GH</arg>
<arg>GI</arg>
<arg>GL</arg>
<arg>GM</arg>
<arg>GN</arg>
<arg>GP</arg>
<arg>GQ</arg>
<arg>GR</arg>
<arg>GS</arg>
<arg>GT</arg>
<arg>GU</arg>
<arg>GW</arg>
<arg>GY</arg>
<arg>HK</arg>
<arg>HM</arg>
<arg>HN</arg>
<arg>HR</arg>
<arg>HT</arg>
<arg>HU</arg>
<arg>ID</arg>
<arg>IE</arg>
<arg>IL</arg>
<arg>IM</arg>
<arg>IN</arg>
<arg>IO</arg>
<arg>IQ</arg>
<arg>IR</arg>
<arg>IS</arg>
<arg>IT</arg>
<arg>JE</arg>
<arg>JM</arg>
<arg>JO</arg>
<arg>JP</arg>
<arg>KE</arg>
<arg>KG</arg>
<arg>KH</arg>
<arg>KI</arg>
<arg>KM</arg>
<arg>KN</arg>
<arg>KP</arg>
<arg>KR</arg>
<arg>KW</arg>
<arg>KY</arg>
<arg>KZ</arg>
<arg>LA</arg>
<arg>LB</arg>
<arg>LC</arg>
<arg>LI</arg>
<arg>LK</arg>
<arg>LR</arg>
<arg>LS</arg>
<arg>LT</arg>
<arg>LU</arg>
<arg>LV</arg>
<arg>LY</arg>
<arg>MA</arg>
<arg>MC</arg>
<arg>MD</arg>
<arg>ME</arg>
<arg>MF</arg>
<arg>MG</arg>
<arg>MH</arg>
<arg>MK</arg>
<arg>ML</arg>
<arg>MM</arg>
<arg>MN</arg>
<arg>MO</arg>
<arg>MP</arg>
<arg>MQ</arg>
<arg>MR</arg>
<arg>MS</arg>
<arg>MT</arg>
<arg>MU</arg>
<arg>MV</arg>
<arg>MW</arg>
<arg>MX</arg>
<arg>MY</arg>
<arg>MZ</arg>
<arg>NA</arg>
<arg>NC</arg>
<arg>NE</arg>
<arg>NF</arg>
<arg>NG</arg>
<arg>NI</arg>
<arg>NL</arg>
<arg>NO</arg>
<arg>NP</arg>
<arg>NR</arg>
<arg>NU</arg>
<arg>NZ</arg>
<arg>OM</arg>
<arg>PA</arg>
<arg>PE</arg>
<arg>PF</arg>
<arg>PG</arg>
<arg>PH</arg>
<arg>PK</arg>
<arg>PL</arg>
<arg>PM</arg>
<arg>PN</arg>
<arg>PR</arg>
<arg>PS</arg>
<arg>PT</arg>
<arg>PW</arg>
<arg>PY</arg>
<arg>QA</arg>
<arg>RE</arg>
<arg>RO</arg>
<arg>RS</arg>
<arg>RU</arg>
<arg>RW</arg>
<arg>SA</arg>
<arg>SB</arg>
<arg>SC</arg>
<arg>SD</arg>
<arg>SE</arg>
<arg>SG</arg>
<arg>SH</arg>
<arg>SI</arg>
<arg>SJ</arg>
<arg>SK</arg>
<arg>SL</arg>
<arg>SM</arg>
<arg>SN</arg>
<arg>SO</arg>
<arg>SR</arg>
<arg>SS</arg>
<arg>ST</arg>
<arg>SV</arg>
<arg>SX</arg>
<arg>SY</arg>
<arg>SZ</arg>
<arg>TC</arg>
<arg>TD</arg>
<arg>TF</arg>
<arg>TG</arg>
<arg>TH</arg>
<arg>TJ</arg>
<arg>TK</arg>
<arg>TL</arg>
<arg>TM</arg>
<arg>TN</arg>
<arg>TO</arg>
<arg>TR</arg>
<arg>TT</arg>
<arg>TV</arg>
<arg>TW</arg>
<arg>TZ</arg>
<arg>UA</arg>
<arg>UG</arg>
<arg>UM</arg>
<arg>US</arg>
<arg>UY</arg>
<arg>UZ</arg>
<arg>VA</arg>
<arg>VC</arg>
<arg>VE</arg>
<arg>VG</arg>
<arg>VI</arg>
<arg>VN</arg>
<arg>VU</arg>
<arg>WF</arg>
<arg>WS</arg>
<arg>XK</arg>
<arg>YE</arg>
<arg>YT</arg>
<arg>ZA</arg>
<arg>ZM</arg>
<arg>ZW</arg>
<doc>Returns a list containing given items.</doc>
<status status="PASS" start="2024-04-16T22:13:42.918853" elapsed="0.000641"/>
</kw>
<kw name="List Should Contain Value" owner="Collections">
<msg time="2024-04-16T22:13:42.920503" level="INFO">False</msg>
<arg>${list_country}</arg>
<arg>${name_country}</arg>
<doc>Fails if the ``value`` is not found from ``list``.</doc>
<status status="PASS" start="2024-04-16T22:13:42.920294" elapsed="0.000247"/>
</kw>
<kw name="Run Keyword If" owner="BuiltIn">
<kw name="Should Be True" owner="BuiltIn">
<arg>${True}</arg>
<doc>Fails if the given condition is not true.</doc>
<status status="PASS" start="2024-04-16T22:13:42.921672" elapsed="0.000150"/>
</kw>
<arg>${json_data["results"][0]["location"]["coordinates"]["latitude"]} &gt;= -90 and ${json_data["results"][0]["location"]["coordinates"]["latitude"]} &lt;= 90</arg>
<arg>Should Be True</arg>
<arg>${True}</arg>
<doc>Runs the given keyword with the given arguments, if ``condition`` is true.</doc>
<status status="PASS" start="2024-04-16T22:13:42.920863" elapsed="0.001091"/>
</kw>
<kw name="Run Keyword If" owner="BuiltIn">
<kw name="Should Be True" owner="BuiltIn">
<arg>${True}</arg>
<doc>Fails if the given condition is not true.</doc>
<status status="PASS" start="2024-04-16T22:13:42.922876" elapsed="0.000288"/>
</kw>
<arg>${json_data["results"][0]["location"]["coordinates"]["longitude"]} &gt;= -180 and ${json_data["results"][0]["location"]["coordinates"]["longitude"]} &lt;= 180</arg>
<arg>Should Be True</arg>
<arg>${True}</arg>
<doc>Runs the given keyword with the given arguments, if ``condition`` is true.</doc>
<status status="PASS" start="2024-04-16T22:13:42.922152" elapsed="0.001145"/>
</kw>
<status status="PASS" start="2024-04-16T22:13:42.824311" elapsed="0.099127"/>
</kw>
<doc>Testa o conteúdo específico dos campos retornados pela API.</doc>
<tag>testeConteudo</tag>
<status status="PASS" start="2024-04-16T22:13:42.823736" elapsed="0.099869"/>
</test>
<status status="PASS" start="2024-04-16T22:13:42.083777" elapsed="0.841880"/>
</suite>
<status status="PASS" start="2024-04-16T22:13:42.069851" elapsed="0.861433"/>
</suite>
<statistics>
<total>
<stat pass="5" fail="0" skip="0">All Tests</stat>
</total>
<tag>
<stat pass="1" fail="0" skip="0">testeConteudo</stat>
<stat pass="1" fail="0" skip="0">testeEstruturaResposta</stat>
<stat pass="1" fail="0" skip="0">testeRequisicaoBasica</stat>
<stat pass="1" fail="0" skip="0">testeTiposDados</stat>
</tag>
<suite>
<stat pass="5" fail="0" skip="0" id="s1" name="Tests">Tests</stat>
<stat pass="5" fail="0" skip="0" id="s1-s1" name="Random-User-Test">Tests.Random-User-Test</stat>
</suite>
</statistics>
<errors>
</errors>
</robot>
