<?xml version="1.0" encoding="UTF-8"?>
<robot generator="Robot 7.0 (Python 3.12.2 on linux)" generated="2024-04-08T02:24:21.975199" rpa="false" schemaversion="5">
<suite id="s1" name="Tests" source="/home/runner/work/DesafioQAItauRogerioJordao/DesafioQAItauRogerioJordao/RamdonUser/tests">
<suite id="s1-s1" name="Random-User-Test" source="/home/runner/work/DesafioQAItauRogerioJordao/DesafioQAItauRogerioJordao/RamdonUser/tests/random-user-test.robot">
<test id="s1-s1-t1" name="Conectar" line="13">
<kw name="Conectar API" owner="random-user-service">
<kw name="Create Session" owner="RequestsLibrary">
<msg time="2024-04-08T02:24:22.327192" level="INFO">Creating Session using : alias=consultarAPI, url=https://randomuser.me/, headers={},                     cookies={}, auth=None, timeout=None, proxies=None, verify=False,                     debug=0 </msg>
<arg>consultarAPI</arg>
<arg>${URL}</arg>
<doc>Create Session: create a HTTP session to a server</doc>
<status status="PASS" start="2024-04-08T02:24:22.326936" elapsed="0.000472"/>
</kw>
<status status="PASS" start="2024-04-08T02:24:22.325401" elapsed="0.002445"/>
</kw>
<status status="PASS" start="2024-04-08T02:24:22.324689" elapsed="0.003424"/>
</test>
<test id="s1-s1-t2" name="Validar retorno 200 e JSON Válido" line="16">
<kw name="Teste de Requisicao Basica" owner="random-user-service">
<kw name="GET On Session" owner="RequestsLibrary">
<msg time="2024-04-08T02:24:22.546827" level="INFO">GET Request : url=https://randomuser.me/api 
 path_url=/api 
 headers={'User-Agent': 'python-requests/2.31.0', 'Accept-Encoding': 'gzip, deflate', 'Accept': '*/*', 'Connection': 'keep-alive'} 
 body=None 
 </msg>
<msg time="2024-04-08T02:24:22.546974" level="INFO">GET Response : url=https://randomuser.me/api 
 status=200, reason=OK 
 headers={'Date': 'Mon, 08 Apr 2024 02:24:22 GMT', 'Content-Type': 'application/json; charset=utf-8', 'Transfer-Encoding': 'chunked', 'Connection': 'keep-alive', 'X-Powered-By': 'Express', 'Access-Control-Allow-Origin': '*', 'Cache-Control': 'no-cache', 'ETag': 'W/"48d-YM1ebJf0yWXwsvVBIATC9gHQA40"', 'Vary': 'Accept-Encoding', 'Content-Encoding': 'gzip', 'CF-Cache-Status': 'DYNAMIC', 'Report-To': '{"endpoints":[{"url":"https:\\/\\/a.nel.cloudflare.com\\/report\\/v4?s=DC5wAUPHXbO0awrErV1i%2FzmnXmSzfgnd7UiTdv4f6ZHSK40h77IwrytaR8GklOXjF2fxgY1x1AvBJ2CnBP7w%2FbJLEStiF%2BcpZVYwskRVc7a84MZj7FsQK95bRv6OlbEG"}],"group":"cf-nel","max_age":604800}', 'NEL': '{"success_fraction":0,"report_to":"cf-nel","max_age":604800}', 'Server': 'cloudflare', 'CF-RAY': '870eccfcbe81828a-IAD', 'alt-svc': 'h3=":443"; ma=86400'} 
 body={"results":[{"gender":"male","name":{"title":"Mr","first":"Fredo","last":"da Rocha"},"location":{"street":{"number":665,"name":"Rua Paraná "},"city":"Taboão da Serra","state":"Sergipe","country":"Brazil","postcode":15228,"coordinates":{"latitude":"-78.8631","longitude":"-60.8438"},"timezone":{"offset":"+6:00","description":"Almaty, Dhaka, Colombo"}},"email":"fredo.darocha@example.com","login":{"uuid":"65c17ee0-555f-4f77-8b9f-8dca6012a330","username":"organiczebra561","password":"redleg","salt":"uvt77CEV","md5":"c9bffb37993aae038f3a433bee5cc39a","sha1":"6b565a7624e15460e7d7f61862dd21d5edc41853","sha256":"d76466aa0d30eda58293ef96a274a899166b8f5f2c729d26f78bd962cca63e86"},"dob":{"date":"1992-05-25T09:35:22.986Z","age":31},"registered":{"date":"2018-04-14T22:45:02.531Z","age":5},"phone":"(30) 0162-2004","cell":"(54) 7351-5534","id":{"name":"CPF","value":"758.150.592-15"},"picture":{"large":"https://randomuser.me/api/portraits/men/68.jpg","medium":"https://randomuser.me/api/portraits/med/men/68.jpg","thumbnail":"https://randomuser.me/api/portraits/thumb/men/68.jpg"},"nat":"BR"}],"info":{"seed":"5ad53d5b317684af","results":1,"page":1,"version":"1.4"}} 
 </msg>
<msg time="2024-04-08T02:24:22.547058" level="INFO">/opt/hostedtoolcache/Python/3.12.2/x64/lib/python3.12/site-packages/urllib3/connectionpool.py:1103: InsecureRequestWarning: Unverified HTTPS request is being made to host 'randomuser.me'. Adding certificate verification is strongly advised. See: https://urllib3.readthedocs.io/en/latest/advanced-usage.html#tls-warnings
  warnings.warn(</msg>
<msg time="2024-04-08T02:24:22.547196" level="INFO">${response} = &lt;Response [200]&gt;</msg>
<var>${response}</var>
<arg>consultarAPI</arg>
<arg>/api</arg>
<doc>Sends a GET request on a previously created HTTP Session.</doc>
<status status="PASS" start="2024-04-08T02:24:22.330998" elapsed="0.216240"/>
</kw>
<kw name="Should Be Equal As Numbers" owner="BuiltIn">
<msg time="2024-04-08T02:24:22.548317" level="INFO">Argument types are:
&lt;class 'int'&gt;
&lt;class 'str'&gt;</msg>
<arg>${response.status_code}</arg>
<arg>200</arg>
<doc>Fails if objects are unequal after converting them to real numbers.</doc>
<status status="PASS" start="2024-04-08T02:24:22.547840" elapsed="0.000546"/>
</kw>
<kw name="Log" owner="BuiltIn">
<msg time="2024-04-08T02:24:22.549153" level="INFO">200</msg>
<arg>${response.status_code}</arg>
<doc>Logs the given message with the given level.</doc>
<status status="PASS" start="2024-04-08T02:24:22.548770" elapsed="0.000428"/>
</kw>
<kw name="Set Variable" owner="BuiltIn">
<msg time="2024-04-08T02:24:22.549989" level="INFO">${json_data} = {'results': [{'gender': 'male', 'name': {'title': 'Mr', 'first': 'Fredo', 'last': 'da Rocha'}, 'location': {'street': {'number': 665, 'name': 'Rua Paraná '}, 'city': 'Taboão da Serra', 'state': 'Sergi...</msg>
<var>${json_data}</var>
<arg>${response.json()}</arg>
<doc>Returns the given values which can then be assigned to a variables.</doc>
<status status="PASS" start="2024-04-08T02:24:22.549536" elapsed="0.000482"/>
</kw>
<kw name="Dictionary Should Contain Key" owner="Collections">
<msg time="2024-04-08T02:24:22.550502" level="INFO">False</msg>
<arg>${json_data}</arg>
<arg>results</arg>
<doc>Fails if ``key`` is not found from ``dictionary``.</doc>
<status status="PASS" start="2024-04-08T02:24:22.550330" elapsed="0.000212"/>
</kw>
<status status="PASS" start="2024-04-08T02:24:22.330740" elapsed="0.220062"/>
</kw>
<doc>Testa se a API responde corretamente e retorna um objeto JSON válido.</doc>
<tag>testeRequisicaoBasica</tag>
<status status="PASS" start="2024-04-08T02:24:22.330254" elapsed="0.220744"/>
</test>
<test id="s1-s1-t3" name="Validar estrutura de resposta" line="22">
<kw name="Teste de Estrutura de Resposta" owner="random-user-service">
<kw name="GET On Session" owner="RequestsLibrary">
<msg time="2024-04-08T02:24:22.639506" level="INFO">GET Request : url=https://randomuser.me/api 
 path_url=/api 
 headers={'User-Agent': 'python-requests/2.31.0', 'Accept-Encoding': 'gzip, deflate', 'Accept': '*/*', 'Connection': 'keep-alive'} 
 body=None 
 </msg>
<msg time="2024-04-08T02:24:22.639591" level="INFO">GET Response : url=https://randomuser.me/api 
 status=200, reason=OK 
 headers={'Date': 'Mon, 08 Apr 2024 02:24:22 GMT', 'Content-Type': 'application/json; charset=utf-8', 'Transfer-Encoding': 'chunked', 'Connection': 'keep-alive', 'X-Powered-By': 'Express', 'Access-Control-Allow-Origin': '*', 'Cache-Control': 'no-cache', 'ETag': 'W/"4a1-haW4LGOu7Wong3T8mAZC0OgON3M"', 'Vary': 'Accept-Encoding', 'Content-Encoding': 'gzip', 'CF-Cache-Status': 'DYNAMIC', 'Report-To': '{"endpoints":[{"url":"https:\\/\\/a.nel.cloudflare.com\\/report\\/v4?s=A5A%2B5qbQMxskwaAq0edOl1XV0%2Fd8jKq94mLq%2B%2FsVhMKbSEdb%2BsoJdxLirtjqTkZgbslnHKCpiLODht0tCraPPkZwYpZX%2FBXCz6L53bLAXS9%2BhQPzO9JqyYh%2FGMpoPk8l"}],"group":"cf-nel","max_age":604800}', 'NEL': '{"success_fraction":0,"report_to":"cf-nel","max_age":604800}', 'Server': 'cloudflare', 'CF-RAY': '870eccfcfec0828a-IAD', 'alt-svc': 'h3=":443"; ma=86400'} 
 body={"results":[{"gender":"female","name":{"title":"Miss","first":"Katie","last":"Evans"},"location":{"street":{"number":8048,"name":"North Road"},"city":"Worcester","state":"Strathclyde","country":"United Kingdom","postcode":"V65 4UR","coordinates":{"latitude":"-10.7982","longitude":"92.5890"},"timezone":{"offset":"+5:30","description":"Bombay, Calcutta, Madras, New Delhi"}},"email":"katie.evans@example.com","login":{"uuid":"834bc8fd-cfaa-4d58-ae65-883042ba32ce","username":"goldenleopard571","password":"gogo","salt":"9PQ2xIi4","md5":"7c7d652d9268fddc4175b89646bbd444","sha1":"417400b30f7c55a29b96fc9f1329af098220f479","sha256":"9d2aa3dd51a2273a81cd412ff5d3dc074e58d90b27f83688bf454431d9d0b05d"},"dob":{"date":"1955-12-24T22:02:48.669Z","age":68},"registered":{"date":"2002-07-10T11:02:32.745Z","age":21},"phone":"01176 11795","cell":"07712 635330","id":{"name":"NINO","value":"EW 30 53 47 V"},"picture":{"large":"https://randomuser.me/api/portraits/women/27.jpg","medium":"https://randomuser.me/api/portraits/med/women/27.jpg","thumbnail":"https://randomuser.me/api/portraits/thumb/women/27.jpg"},"nat":"GB"}],"info":{"seed":"9f6509094bf9a0ee","results":1,"page":1,"version":"1.4"}} 
 </msg>
<msg time="2024-04-08T02:24:22.639725" level="INFO">/opt/hostedtoolcache/Python/3.12.2/x64/lib/python3.12/site-packages/urllib3/connectionpool.py:1103: InsecureRequestWarning: Unverified HTTPS request is being made to host 'randomuser.me'. Adding certificate verification is strongly advised. See: https://urllib3.readthedocs.io/en/latest/advanced-usage.html#tls-warnings
  warnings.warn(</msg>
<msg time="2024-04-08T02:24:22.639862" level="INFO">${response} = &lt;Response [200]&gt;</msg>
<var>${response}</var>
<arg>consultarAPI</arg>
<arg>/api</arg>
<doc>Sends a GET request on a previously created HTTP Session.</doc>
<status status="PASS" start="2024-04-08T02:24:22.553814" elapsed="0.086096"/>
</kw>
<kw name="Set Variable" owner="BuiltIn">
<msg time="2024-04-08T02:24:22.640991" level="INFO">${json_data} = {'results': [{'gender': 'female', 'name': {'title': 'Miss', 'first': 'Katie', 'last': 'Evans'}, 'location': {'street': {'number': 8048, 'name': 'North Road'}, 'city': 'Worcester', 'state': 'Strathclyd...</msg>
<var>${json_data}</var>
<arg>${response.json()}</arg>
<doc>Returns the given values which can then be assigned to a variables.</doc>
<status status="PASS" start="2024-04-08T02:24:22.640402" elapsed="0.000618"/>
</kw>
<kw name="Log" owner="BuiltIn">
<msg time="2024-04-08T02:24:22.641493" level="INFO">{'results': [{'gender': 'female', 'name': {'title': 'Miss', 'first': 'Katie', 'last': 'Evans'}, 'location': {'street': {'number': 8048, 'name': 'North Road'}, 'city': 'Worcester', 'state': 'Strathclyde', 'country': 'United Kingdom', 'postcode': 'V65 4UR', 'coordinates': {'latitude': '-10.7982', 'longitude': '92.5890'}, 'timezone': {'offset': '+5:30', 'description': 'Bombay, Calcutta, Madras, New Delhi'}}, 'email': 'katie.evans@example.com', 'login': {'uuid': '834bc8fd-cfaa-4d58-ae65-883042ba32ce', 'username': 'goldenleopard571', 'password': 'gogo', 'salt': '9PQ2xIi4', 'md5': '7c7d652d9268fddc4175b89646bbd444', 'sha1': '417400b30f7c55a29b96fc9f1329af098220f479', 'sha256': '9d2aa3dd51a2273a81cd412ff5d3dc074e58d90b27f83688bf454431d9d0b05d'}, 'dob': {'date': '1955-12-24T22:02:48.669Z', 'age': 68}, 'registered': {'date': '2002-07-10T11:02:32.745Z', 'age': 21}, 'phone': '01176 11795', 'cell': '07712 635330', 'id': {'name': 'NINO', 'value': 'EW 30 53 47 V'}, 'picture': {'large': 'https://randomuser.me/api/portraits/women/27.jpg', 'medium': 'https://randomuser.me/api/portraits/med/women/27.jpg', 'thumbnail': 'https://randomuser.me/api/portraits/thumb/women/27.jpg'}, 'nat': 'GB'}], 'info': {'seed': '9f6509094bf9a0ee', 'results': 1, 'page': 1, 'version': '1.4'}}</msg>
<arg>${json_data}</arg>
<doc>Logs the given message with the given level.</doc>
<status status="PASS" start="2024-04-08T02:24:22.641335" elapsed="0.000205"/>
</kw>
<kw name="Dictionary Should Contain Key" owner="Collections">
<msg time="2024-04-08T02:24:22.641995" level="INFO">False</msg>
<arg>${json_data}</arg>
<arg>results</arg>
<doc>Fails if ``key`` is not found from ``dictionary``.</doc>
<status status="PASS" start="2024-04-08T02:24:22.641841" elapsed="0.000191"/>
</kw>
<kw name="Should Not Be Empty" owner="BuiltIn">
<msg time="2024-04-08T02:24:22.642456" level="INFO">Length is 2.</msg>
<arg>${json_data}</arg>
<doc>Verifies that the given item is not empty.</doc>
<status status="PASS" start="2024-04-08T02:24:22.642322" elapsed="0.000172"/>
</kw>
<kw name="Create List" owner="BuiltIn">
<msg time="2024-04-08T02:24:22.642969" level="INFO">${expected_keys} = ['gender', 'name', 'location', 'email', 'login']</msg>
<var>${expected_keys}</var>
<arg>gender</arg>
<arg>name</arg>
<arg>location</arg>
<arg>email</arg>
<arg>login</arg>
<doc>Returns a list containing given items.</doc>
<status status="PASS" start="2024-04-08T02:24:22.642815" elapsed="0.000179"/>
</kw>
<for flavor="IN">
<iter>
<kw name="Dictionary Should Contain Key" owner="Collections">
<msg time="2024-04-08T02:24:22.643965" level="INFO">False</msg>
<arg>${json_data['results'][0]}</arg>
<arg>${key}</arg>
<doc>Fails if ``key`` is not found from ``dictionary``.</doc>
<status status="PASS" start="2024-04-08T02:24:22.643568" elapsed="0.000437"/>
</kw>
<kw name="Log" owner="BuiltIn">
<msg time="2024-04-08T02:24:22.644699" level="INFO">{'gender': 'female', 'name': {'title': 'Miss', 'first': 'Katie', 'last': 'Evans'}, 'location': {'street': {'number': 8048, 'name': 'North Road'}, 'city': 'Worcester', 'state': 'Strathclyde', 'country': 'United Kingdom', 'postcode': 'V65 4UR', 'coordinates': {'latitude': '-10.7982', 'longitude': '92.5890'}, 'timezone': {'offset': '+5:30', 'description': 'Bombay, Calcutta, Madras, New Delhi'}}, 'email': 'katie.evans@example.com', 'login': {'uuid': '834bc8fd-cfaa-4d58-ae65-883042ba32ce', 'username': 'goldenleopard571', 'password': 'gogo', 'salt': '9PQ2xIi4', 'md5': '7c7d652d9268fddc4175b89646bbd444', 'sha1': '417400b30f7c55a29b96fc9f1329af098220f479', 'sha256': '9d2aa3dd51a2273a81cd412ff5d3dc074e58d90b27f83688bf454431d9d0b05d'}, 'dob': {'date': '1955-12-24T22:02:48.669Z', 'age': 68}, 'registered': {'date': '2002-07-10T11:02:32.745Z', 'age': 21}, 'phone': '01176 11795', 'cell': '07712 635330', 'id': {'name': 'NINO', 'value': 'EW 30 53 47 V'}, 'picture': {'large': 'https://randomuser.me/api/portraits/women/27.jpg', 'medium': 'https://randomuser.me/api/portraits/med/women/27.jpg', 'thumbnail': 'https://randomuser.me/api/portraits/thumb/women/27.jpg'}, 'nat': 'GB'}</msg>
<arg>${json_data['results'][0]}</arg>
<doc>Logs the given message with the given level.</doc>
<status status="PASS" start="2024-04-08T02:24:22.644316" elapsed="0.000462"/>
</kw>
<kw name="Log" owner="BuiltIn">
<msg time="2024-04-08T02:24:22.645219" level="INFO">gender</msg>
<arg>${key}</arg>
<doc>Logs the given message with the given level.</doc>
<status status="PASS" start="2024-04-08T02:24:22.645087" elapsed="0.000171"/>
</kw>
<var name="${key}">gender</var>
<status status="PASS" start="2024-04-08T02:24:22.643444" elapsed="0.002038"/>
</iter>
<iter>
<kw name="Dictionary Should Contain Key" owner="Collections">
<msg time="2024-04-08T02:24:22.646175" level="INFO">False</msg>
<arg>${json_data['results'][0]}</arg>
<arg>${key}</arg>
<doc>Fails if ``key`` is not found from ``dictionary``.</doc>
<status status="PASS" start="2024-04-08T02:24:22.645790" elapsed="0.000423"/>
</kw>
<kw name="Log" owner="BuiltIn">
<msg time="2024-04-08T02:24:22.646892" level="INFO">{'gender': 'female', 'name': {'title': 'Miss', 'first': 'Katie', 'last': 'Evans'}, 'location': {'street': {'number': 8048, 'name': 'North Road'}, 'city': 'Worcester', 'state': 'Strathclyde', 'country': 'United Kingdom', 'postcode': 'V65 4UR', 'coordinates': {'latitude': '-10.7982', 'longitude': '92.5890'}, 'timezone': {'offset': '+5:30', 'description': 'Bombay, Calcutta, Madras, New Delhi'}}, 'email': 'katie.evans@example.com', 'login': {'uuid': '834bc8fd-cfaa-4d58-ae65-883042ba32ce', 'username': 'goldenleopard571', 'password': 'gogo', 'salt': '9PQ2xIi4', 'md5': '7c7d652d9268fddc4175b89646bbd444', 'sha1': '417400b30f7c55a29b96fc9f1329af098220f479', 'sha256': '9d2aa3dd51a2273a81cd412ff5d3dc074e58d90b27f83688bf454431d9d0b05d'}, 'dob': {'date': '1955-12-24T22:02:48.669Z', 'age': 68}, 'registered': {'date': '2002-07-10T11:02:32.745Z', 'age': 21}, 'phone': '01176 11795', 'cell': '07712 635330', 'id': {'name': 'NINO', 'value': 'EW 30 53 47 V'}, 'picture': {'large': 'https://randomuser.me/api/portraits/women/27.jpg', 'medium': 'https://randomuser.me/api/portraits/med/women/27.jpg', 'thumbnail': 'https://randomuser.me/api/portraits/thumb/women/27.jpg'}, 'nat': 'GB'}</msg>
<arg>${json_data['results'][0]}</arg>
<doc>Logs the given message with the given level.</doc>
<status status="PASS" start="2024-04-08T02:24:22.646534" elapsed="0.000406"/>
</kw>
<kw name="Log" owner="BuiltIn">
<msg time="2024-04-08T02:24:22.647367" level="INFO">name</msg>
<arg>${key}</arg>
<doc>Logs the given message with the given level.</doc>
<status status="PASS" start="2024-04-08T02:24:22.647238" elapsed="0.000167"/>
</kw>
<var name="${key}">name</var>
<status status="PASS" start="2024-04-08T02:24:22.645674" elapsed="0.001946"/>
</iter>
<iter>
<kw name="Dictionary Should Contain Key" owner="Collections">
<msg time="2024-04-08T02:24:22.648290" level="INFO">False</msg>
<arg>${json_data['results'][0]}</arg>
<arg>${key}</arg>
<doc>Fails if ``key`` is not found from ``dictionary``.</doc>
<status status="PASS" start="2024-04-08T02:24:22.647910" elapsed="0.000418"/>
</kw>
<kw name="Log" owner="BuiltIn">
<msg time="2024-04-08T02:24:22.649043" level="INFO">{'gender': 'female', 'name': {'title': 'Miss', 'first': 'Katie', 'last': 'Evans'}, 'location': {'street': {'number': 8048, 'name': 'North Road'}, 'city': 'Worcester', 'state': 'Strathclyde', 'country': 'United Kingdom', 'postcode': 'V65 4UR', 'coordinates': {'latitude': '-10.7982', 'longitude': '92.5890'}, 'timezone': {'offset': '+5:30', 'description': 'Bombay, Calcutta, Madras, New Delhi'}}, 'email': 'katie.evans@example.com', 'login': {'uuid': '834bc8fd-cfaa-4d58-ae65-883042ba32ce', 'username': 'goldenleopard571', 'password': 'gogo', 'salt': '9PQ2xIi4', 'md5': '7c7d652d9268fddc4175b89646bbd444', 'sha1': '417400b30f7c55a29b96fc9f1329af098220f479', 'sha256': '9d2aa3dd51a2273a81cd412ff5d3dc074e58d90b27f83688bf454431d9d0b05d'}, 'dob': {'date': '1955-12-24T22:02:48.669Z', 'age': 68}, 'registered': {'date': '2002-07-10T11:02:32.745Z', 'age': 21}, 'phone': '01176 11795', 'cell': '07712 635330', 'id': {'name': 'NINO', 'value': 'EW 30 53 47 V'}, 'picture': {'large': 'https://randomuser.me/api/portraits/women/27.jpg', 'medium': 'https://randomuser.me/api/portraits/med/women/27.jpg', 'thumbnail': 'https://randomuser.me/api/portraits/thumb/women/27.jpg'}, 'nat': 'GB'}</msg>
<arg>${json_data['results'][0]}</arg>
<doc>Logs the given message with the given level.</doc>
<status status="PASS" start="2024-04-08T02:24:22.648630" elapsed="0.000467"/>
</kw>
<kw name="Log" owner="BuiltIn">
<msg time="2024-04-08T02:24:22.649525" level="INFO">location</msg>
<arg>${key}</arg>
<doc>Logs the given message with the given level.</doc>
<status status="PASS" start="2024-04-08T02:24:22.649396" elapsed="0.000168"/>
</kw>
<var name="${key}">location</var>
<status status="PASS" start="2024-04-08T02:24:22.647800" elapsed="0.002043"/>
</iter>
<iter>
<kw name="Dictionary Should Contain Key" owner="Collections">
<msg time="2024-04-08T02:24:22.650518" level="INFO">False</msg>
<arg>${json_data['results'][0]}</arg>
<arg>${key}</arg>
<doc>Fails if ``key`` is not found from ``dictionary``.</doc>
<status status="PASS" start="2024-04-08T02:24:22.650143" elapsed="0.000413"/>
</kw>
<kw name="Log" owner="BuiltIn">
<msg time="2024-04-08T02:24:22.651214" level="INFO">{'gender': 'female', 'name': {'title': 'Miss', 'first': 'Katie', 'last': 'Evans'}, 'location': {'street': {'number': 8048, 'name': 'North Road'}, 'city': 'Worcester', 'state': 'Strathclyde', 'country': 'United Kingdom', 'postcode': 'V65 4UR', 'coordinates': {'latitude': '-10.7982', 'longitude': '92.5890'}, 'timezone': {'offset': '+5:30', 'description': 'Bombay, Calcutta, Madras, New Delhi'}}, 'email': 'katie.evans@example.com', 'login': {'uuid': '834bc8fd-cfaa-4d58-ae65-883042ba32ce', 'username': 'goldenleopard571', 'password': 'gogo', 'salt': '9PQ2xIi4', 'md5': '7c7d652d9268fddc4175b89646bbd444', 'sha1': '417400b30f7c55a29b96fc9f1329af098220f479', 'sha256': '9d2aa3dd51a2273a81cd412ff5d3dc074e58d90b27f83688bf454431d9d0b05d'}, 'dob': {'date': '1955-12-24T22:02:48.669Z', 'age': 68}, 'registered': {'date': '2002-07-10T11:02:32.745Z', 'age': 21}, 'phone': '01176 11795', 'cell': '07712 635330', 'id': {'name': 'NINO', 'value': 'EW 30 53 47 V'}, 'picture': {'large': 'https://randomuser.me/api/portraits/women/27.jpg', 'medium': 'https://randomuser.me/api/portraits/med/women/27.jpg', 'thumbnail': 'https://randomuser.me/api/portraits/thumb/women/27.jpg'}, 'nat': 'GB'}</msg>
<arg>${json_data['results'][0]}</arg>
<doc>Logs the given message with the given level.</doc>
<status status="PASS" start="2024-04-08T02:24:22.650856" elapsed="0.000406"/>
</kw>
<kw name="Log" owner="BuiltIn">
<msg time="2024-04-08T02:24:22.651691" level="INFO">email</msg>
<arg>${key}</arg>
<doc>Logs the given message with the given level.</doc>
<status status="PASS" start="2024-04-08T02:24:22.651562" elapsed="0.000167"/>
</kw>
<var name="${key}">email</var>
<status status="PASS" start="2024-04-08T02:24:22.650030" elapsed="0.001911"/>
</iter>
<iter>
<kw name="Dictionary Should Contain Key" owner="Collections">
<msg time="2024-04-08T02:24:22.652606" level="INFO">False</msg>
<arg>${json_data['results'][0]}</arg>
<arg>${key}</arg>
<doc>Fails if ``key`` is not found from ``dictionary``.</doc>
<status status="PASS" start="2024-04-08T02:24:22.652226" elapsed="0.000418"/>
</kw>
<kw name="Log" owner="BuiltIn">
<msg time="2024-04-08T02:24:22.653331" level="INFO">{'gender': 'female', 'name': {'title': 'Miss', 'first': 'Katie', 'last': 'Evans'}, 'location': {'street': {'number': 8048, 'name': 'North Road'}, 'city': 'Worcester', 'state': 'Strathclyde', 'country': 'United Kingdom', 'postcode': 'V65 4UR', 'coordinates': {'latitude': '-10.7982', 'longitude': '92.5890'}, 'timezone': {'offset': '+5:30', 'description': 'Bombay, Calcutta, Madras, New Delhi'}}, 'email': 'katie.evans@example.com', 'login': {'uuid': '834bc8fd-cfaa-4d58-ae65-883042ba32ce', 'username': 'goldenleopard571', 'password': 'gogo', 'salt': '9PQ2xIi4', 'md5': '7c7d652d9268fddc4175b89646bbd444', 'sha1': '417400b30f7c55a29b96fc9f1329af098220f479', 'sha256': '9d2aa3dd51a2273a81cd412ff5d3dc074e58d90b27f83688bf454431d9d0b05d'}, 'dob': {'date': '1955-12-24T22:02:48.669Z', 'age': 68}, 'registered': {'date': '2002-07-10T11:02:32.745Z', 'age': 21}, 'phone': '01176 11795', 'cell': '07712 635330', 'id': {'name': 'NINO', 'value': 'EW 30 53 47 V'}, 'picture': {'large': 'https://randomuser.me/api/portraits/women/27.jpg', 'medium': 'https://randomuser.me/api/portraits/med/women/27.jpg', 'thumbnail': 'https://randomuser.me/api/portraits/thumb/women/27.jpg'}, 'nat': 'GB'}</msg>
<arg>${json_data['results'][0]}</arg>
<doc>Logs the given message with the given level.</doc>
<status status="PASS" start="2024-04-08T02:24:22.652970" elapsed="0.000407"/>
</kw>
<kw name="Log" owner="BuiltIn">
<msg time="2024-04-08T02:24:22.653803" level="INFO">login</msg>
<arg>${key}</arg>
<doc>Logs the given message with the given level.</doc>
<status status="PASS" start="2024-04-08T02:24:22.653675" elapsed="0.000198"/>
</kw>
<var name="${key}">login</var>
<status status="PASS" start="2024-04-08T02:24:22.652116" elapsed="0.001983"/>
</iter>
<var>${key}</var>
<value>@{expected_keys}</value>
<status status="PASS" start="2024-04-08T02:24:22.643256" elapsed="0.010966"/>
</for>
<kw name="Create List" owner="BuiltIn">
<msg time="2024-04-08T02:24:22.654555" level="INFO">${expected_keysTwo} = ['username', 'password']</msg>
<var>${expected_keysTwo}</var>
<arg>username</arg>
<arg>password</arg>
<doc>Returns a list containing given items.</doc>
<status status="PASS" start="2024-04-08T02:24:22.654413" elapsed="0.000167"/>
</kw>
<for flavor="IN">
<iter>
<kw name="Dictionary Should Contain Key" owner="Collections">
<msg time="2024-04-08T02:24:22.655619" level="INFO">False</msg>
<arg>${json_data['results'][0]['login']}</arg>
<arg>${keyTwo}</arg>
<doc>Fails if ``key`` is not found from ``dictionary``.</doc>
<status status="PASS" start="2024-04-08T02:24:22.655211" elapsed="0.000447"/>
</kw>
<kw name="Dictionary Should Contain Key" owner="Collections">
<msg time="2024-04-08T02:24:22.656351" level="INFO">False</msg>
<arg>${json_data['results'][0]['login']}</arg>
<arg>${keyTwo}</arg>
<doc>Fails if ``key`` is not found from ``dictionary``.</doc>
<status status="PASS" start="2024-04-08T02:24:22.655972" elapsed="0.000417"/>
</kw>
<kw name="Log" owner="BuiltIn">
<msg time="2024-04-08T02:24:22.656852" level="INFO">username</msg>
<arg>${keyTwo}</arg>
<doc>Logs the given message with the given level.</doc>
<status status="PASS" start="2024-04-08T02:24:22.656686" elapsed="0.000205"/>
</kw>
<var name="${keyTwo}">username</var>
<status status="PASS" start="2024-04-08T02:24:22.655098" elapsed="0.002011"/>
</iter>
<iter>
<kw name="Dictionary Should Contain Key" owner="Collections">
<msg time="2024-04-08T02:24:22.657769" level="INFO">False</msg>
<arg>${json_data['results'][0]['login']}</arg>
<arg>${keyTwo}</arg>
<doc>Fails if ``key`` is not found from ``dictionary``.</doc>
<status status="PASS" start="2024-04-08T02:24:22.657394" elapsed="0.000413"/>
</kw>
<kw name="Dictionary Should Contain Key" owner="Collections">
<msg time="2024-04-08T02:24:22.658512" level="INFO">False</msg>
<arg>${json_data['results'][0]['login']}</arg>
<arg>${keyTwo}</arg>
<doc>Fails if ``key`` is not found from ``dictionary``.</doc>
<status status="PASS" start="2024-04-08T02:24:22.658116" elapsed="0.000432"/>
</kw>
<kw name="Log" owner="BuiltIn">
<msg time="2024-04-08T02:24:22.658965" level="INFO">password</msg>
<arg>${keyTwo}</arg>
<doc>Logs the given message with the given level.</doc>
<status status="PASS" start="2024-04-08T02:24:22.658838" elapsed="0.000163"/>
</kw>
<var name="${keyTwo}">password</var>
<status status="PASS" start="2024-04-08T02:24:22.657284" elapsed="0.001931"/>
</iter>
<var>${keyTwo}</var>
<value>@{expected_keysTwo}</value>
<status status="PASS" start="2024-04-08T02:24:22.654832" elapsed="0.004503"/>
</for>
<status status="PASS" start="2024-04-08T02:24:22.553575" elapsed="0.105898"/>
</kw>
<doc>Testa a estrutura da resposta da API.</doc>
<tag>testeEstruturaResposta</tag>
<status status="PASS" start="2024-04-08T02:24:22.552898" elapsed="0.106732"/>
</test>
<test id="s1-s1-t4" name="Validar tipos de dados" line="28">
<kw name="Teste de Tipos de Dados" owner="random-user-service">
<kw name="GET On Session" owner="RequestsLibrary">
<msg time="2024-04-08T02:24:22.755715" level="INFO">GET Request : url=https://randomuser.me/api 
 path_url=/api 
 headers={'User-Agent': 'python-requests/2.31.0', 'Accept-Encoding': 'gzip, deflate', 'Accept': '*/*', 'Connection': 'keep-alive'} 
 body=None 
 </msg>
<msg time="2024-04-08T02:24:22.755795" level="INFO">GET Response : url=https://randomuser.me/api 
 status=200, reason=OK 
 headers={'Date': 'Mon, 08 Apr 2024 02:24:22 GMT', 'Content-Type': 'application/json; charset=utf-8', 'Transfer-Encoding': 'chunked', 'Connection': 'keep-alive', 'X-Powered-By': 'Express', 'Access-Control-Allow-Origin': '*', 'Cache-Control': 'no-cache', 'ETag': 'W/"494-Mc+Y99Wf97QaWlzWXDVWZJtiSq8"', 'Vary': 'Accept-Encoding', 'Content-Encoding': 'gzip', 'CF-Cache-Status': 'DYNAMIC', 'Report-To': '{"endpoints":[{"url":"https:\\/\\/a.nel.cloudflare.com\\/report\\/v4?s=mL5yimN8qMDAlTnxIH%2BXRO3iw3Ld1HvgV33beQURscP9bWFKmfmIVh1EPzublU3dwYkRlOfIIDa9XtWqGSAFHZHsFQ%2FH62El5%2F3UBBISOpds93wSI%2BwR5JwmnQczWopc"}],"group":"cf-nel","max_age":604800}', 'NEL': '{"success_fraction":0,"report_to":"cf-nel","max_age":604800}', 'Server': 'cloudflare', 'CF-RAY': '870eccfdaf53828a-IAD', 'alt-svc': 'h3=":443"; ma=86400'} 
 body={"results":[{"gender":"male","name":{"title":"Mr","first":"Nicolay","last":"Berkvens"},"location":{"street":{"number":3767,"name":"Everwijnpark"},"city":"Hippolytushoef","state":"Flevoland","country":"Netherlands","postcode":"3928 QN","coordinates":{"latitude":"30.2834","longitude":"-176.1361"},"timezone":{"offset":"+7:00","description":"Bangkok, Hanoi, Jakarta"}},"email":"nicolay.berkvens@example.com","login":{"uuid":"a0d68527-44a4-4363-8100-848255c68cf5","username":"angrybird601","password":"andrews","salt":"psMqmzmX","md5":"8db5b97426502d063e5cbc47cb81de33","sha1":"b1f9fd8401eb1221a1bf2498330006b9ecedf84a","sha256":"5d6b1d3ff758aacae852e7ad114a88ab2c38dd898f3559a9d26255cf148e2767"},"dob":{"date":"1960-03-20T14:32:19.380Z","age":64},"registered":{"date":"2012-05-12T10:31:02.025Z","age":11},"phone":"(0580) 399858","cell":"(06) 16645763","id":{"name":"BSN","value":"14994044"},"picture":{"large":"https://randomuser.me/api/portraits/men/13.jpg","medium":"https://randomuser.me/api/portraits/med/men/13.jpg","thumbnail":"https://randomuser.me/api/portraits/thumb/men/13.jpg"},"nat":"NL"}],"info":{"seed":"ef598d2fd8d524e9","results":1,"page":1,"version":"1.4"}} 
 </msg>
<msg time="2024-04-08T02:24:22.755865" level="INFO">/opt/hostedtoolcache/Python/3.12.2/x64/lib/python3.12/site-packages/urllib3/connectionpool.py:1103: InsecureRequestWarning: Unverified HTTPS request is being made to host 'randomuser.me'. Adding certificate verification is strongly advised. See: https://urllib3.readthedocs.io/en/latest/advanced-usage.html#tls-warnings
  warnings.warn(</msg>
<msg time="2024-04-08T02:24:22.755983" level="INFO">${response} = &lt;Response [200]&gt;</msg>
<var>${response}</var>
<arg>consultarAPI</arg>
<arg>/api</arg>
<doc>Sends a GET request on a previously created HTTP Session.</doc>
<status status="PASS" start="2024-04-08T02:24:22.662088" elapsed="0.093943"/>
</kw>
<kw name="Set Variable" owner="BuiltIn">
<msg time="2024-04-08T02:24:22.757137" level="INFO">${json_data} = {'results': [{'gender': 'male', 'name': {'title': 'Mr', 'first': 'Nicolay', 'last': 'Berkvens'}, 'location': {'street': {'number': 3767, 'name': 'Everwijnpark'}, 'city': 'Hippolytushoef', 'state': 'Fl...</msg>
<var>${json_data}</var>
<arg>${response.json()}</arg>
<doc>Returns the given values which can then be assigned to a variables.</doc>
<status status="PASS" start="2024-04-08T02:24:22.756550" elapsed="0.000614"/>
</kw>
<kw name="Log" owner="BuiltIn">
<msg time="2024-04-08T02:24:22.757632" level="INFO">{'results': [{'gender': 'male', 'name': {'title': 'Mr', 'first': 'Nicolay', 'last': 'Berkvens'}, 'location': {'street': {'number': 3767, 'name': 'Everwijnpark'}, 'city': 'Hippolytushoef', 'state': 'Flevoland', 'country': 'Netherlands', 'postcode': '3928 QN', 'coordinates': {'latitude': '30.2834', 'longitude': '-176.1361'}, 'timezone': {'offset': '+7:00', 'description': 'Bangkok, Hanoi, Jakarta'}}, 'email': 'nicolay.berkvens@example.com', 'login': {'uuid': 'a0d68527-44a4-4363-8100-848255c68cf5', 'username': 'angrybird601', 'password': 'andrews', 'salt': 'psMqmzmX', 'md5': '8db5b97426502d063e5cbc47cb81de33', 'sha1': 'b1f9fd8401eb1221a1bf2498330006b9ecedf84a', 'sha256': '5d6b1d3ff758aacae852e7ad114a88ab2c38dd898f3559a9d26255cf148e2767'}, 'dob': {'date': '1960-03-20T14:32:19.380Z', 'age': 64}, 'registered': {'date': '2012-05-12T10:31:02.025Z', 'age': 11}, 'phone': '(0580) 399858', 'cell': '(06) 16645763', 'id': {'name': 'BSN', 'value': '14994044'}, 'picture': {'large': 'https://randomuser.me/api/portraits/men/13.jpg', 'medium': 'https://randomuser.me/api/portraits/med/men/13.jpg', 'thumbnail': 'https://randomuser.me/api/portraits/thumb/men/13.jpg'}, 'nat': 'NL'}], 'info': {'seed': 'ef598d2fd8d524e9', 'results': 1, 'page': 1, 'version': '1.4'}}</msg>
<arg>${json_data}</arg>
<doc>Logs the given message with the given level.</doc>
<status status="PASS" start="2024-04-08T02:24:22.757475" elapsed="0.000241"/>
</kw>
<kw name="Should Be String" owner="String">
<arg>${json_data['results'][0]['gender']}</arg>
<doc>Fails if the given ``item`` is not a string.</doc>
<status status="PASS" start="2024-04-08T02:24:22.758020" elapsed="0.000361"/>
</kw>
<kw name="Should Match Regexp" owner="BuiltIn">
<arg>${json_data['results'][0]['email']}</arg>
<arg>^[a-zA-Z0-9._%+-]+@[a-zA-Z0-9.-]+\.[a-zA-Z]{2,}$</arg>
<doc>Fails if ``string`` does not match ``pattern`` as a regular expression.</doc>
<status status="PASS" start="2024-04-08T02:24:22.758575" elapsed="0.000505"/>
</kw>
<kw name="Should Match Regexp" owner="BuiltIn">
<arg>${json_data['results'][0]['dob']['date']}</arg>
<arg>\\d{4}-\\d{2}-\\d{2}T\\d{2}:\\d{2}:\\d{2}\\.\\d{3}Z</arg>
<doc>Fails if ``string`` does not match ``pattern`` as a regular expression.</doc>
<status status="PASS" start="2024-04-08T02:24:22.759275" elapsed="0.000494"/>
</kw>
<kw name="Should Match Regexp" owner="BuiltIn">
<arg>${json_data['results'][0]['registered']['date']}</arg>
<arg>\\d{4}-\\d{2}-\\d{2}T\\d{2}:\\d{2}:\\d{2}\\.\\d{3}Z</arg>
<doc>Fails if ``string`` does not match ``pattern`` as a regular expression.</doc>
<status status="PASS" start="2024-04-08T02:24:22.759967" elapsed="0.000371"/>
</kw>
<kw name="Should Match Regexp" owner="BuiltIn">
<arg>${json_data['results'][0]['picture']['large']}</arg>
<arg>^https?://.*\.(?:png|jpe?g|gif|bmp)$</arg>
<doc>Fails if ``string`` does not match ``pattern`` as a regular expression.</doc>
<status status="PASS" start="2024-04-08T02:24:22.760527" elapsed="0.000489"/>
</kw>
<kw name="Should Match Regexp" owner="BuiltIn">
<arg>${json_data['results'][0]['picture']['medium']}</arg>
<arg>^https?://.*\.(?:png|jpe?g|gif|bmp)$</arg>
<doc>Fails if ``string`` does not match ``pattern`` as a regular expression.</doc>
<status status="PASS" start="2024-04-08T02:24:22.761208" elapsed="0.000360"/>
</kw>
<kw name="Should Match Regexp" owner="BuiltIn">
<arg>${json_data['results'][0]['picture']['thumbnail']}</arg>
<arg>^https?://.*\.(?:png|jpe?g|gif|bmp)$</arg>
<doc>Fails if ``string`` does not match ``pattern`` as a regular expression.</doc>
<status status="PASS" start="2024-04-08T02:24:22.761757" elapsed="0.000358"/>
</kw>
<kw name="Log" owner="BuiltIn">
<msg time="2024-04-08T02:24:22.762626" level="INFO">{'large': 'https://randomuser.me/api/portraits/men/13.jpg', 'medium': 'https://randomuser.me/api/portraits/med/men/13.jpg', 'thumbnail': 'https://randomuser.me/api/portraits/thumb/men/13.jpg'}</msg>
<arg>${json_data['results'][0]['picture']}</arg>
<doc>Logs the given message with the given level.</doc>
<status status="PASS" start="2024-04-08T02:24:22.762297" elapsed="0.000371"/>
</kw>
<status status="PASS" start="2024-04-08T02:24:22.661854" elapsed="0.101070"/>
</kw>
<kw name="Teste de Tipos de Dados - Postcode" owner="random-user-service">
<kw name="GET On Session" owner="RequestsLibrary">
<msg time="2024-04-08T02:24:22.835403" level="INFO">GET Request : url=https://randomuser.me/api 
 path_url=/api 
 headers={'User-Agent': 'python-requests/2.31.0', 'Accept-Encoding': 'gzip, deflate', 'Accept': '*/*', 'Connection': 'keep-alive'} 
 body=None 
 </msg>
<msg time="2024-04-08T02:24:22.835476" level="INFO">GET Response : url=https://randomuser.me/api 
 status=200, reason=OK 
 headers={'Date': 'Mon, 08 Apr 2024 02:24:22 GMT', 'Content-Type': 'application/json; charset=utf-8', 'Transfer-Encoding': 'chunked', 'Connection': 'keep-alive', 'X-Powered-By': 'Express', 'Access-Control-Allow-Origin': '*', 'Cache-Control': 'no-cache', 'ETag': 'W/"497-Ho14ECbYO166sWBh4LzG5YhbFC8"', 'Vary': 'Accept-Encoding', 'Content-Encoding': 'gzip', 'CF-Cache-Status': 'DYNAMIC', 'Report-To': '{"endpoints":[{"url":"https:\\/\\/a.nel.cloudflare.com\\/report\\/v4?s=dlvSjer4aNPzqXkVxawEu2gI31%2B3QeHOynDN7bS%2FIbi9SHV3%2Byl9GF6XBryGeKe7usLQ3OFJuHZVFumQW7MlC15MlkwpIXBD3%2FZo8%2Bk4UqqACFzIA9j2HXXxqRcI4Rai"}],"group":"cf-nel","max_age":604800}', 'NEL': '{"success_fraction":0,"report_to":"cf-nel","max_age":604800}', 'Server': 'cloudflare', 'CF-RAY': '870eccfe4804828a-IAD', 'alt-svc': 'h3=":443"; ma=86400'} 
 body={"results":[{"gender":"female","name":{"title":"Ms","first":"Leah","last":"Perkins"},"location":{"street":{"number":711,"name":"Woodlawn Avenue"},"city":"Kilkenny","state":"Sligo","country":"Ireland","postcode":76741,"coordinates":{"latitude":"3.5064","longitude":"65.3645"},"timezone":{"offset":"0:00","description":"Western Europe Time, London, Lisbon, Casablanca"}},"email":"leah.perkins@example.com","login":{"uuid":"9bf71f7c-bbb1-44ec-b280-c6a4fab550ae","username":"angryrabbit486","password":"lawman","salt":"QReq6X8j","md5":"c1e613a2b53794aa615904643fc49e7d","sha1":"0666480af75899ede44cbd7ab3491eb12ecd568d","sha256":"a9fd3ba8f010200f032f3bf057df86aebe4cd11e3c6208129b1b500393a258c0"},"dob":{"date":"1982-01-03T16:05:49.392Z","age":42},"registered":{"date":"2007-08-22T20:49:20.922Z","age":16},"phone":"051-633-0698","cell":"081-398-8804","id":{"name":"PPS","value":"2987440T"},"picture":{"large":"https://randomuser.me/api/portraits/women/95.jpg","medium":"https://randomuser.me/api/portraits/med/women/95.jpg","thumbnail":"https://randomuser.me/api/portraits/thumb/women/95.jpg"},"nat":"IE"}],"info":{"seed":"e09cfbc5b8be04af","results":1,"page":1,"version":"1.4"}} 
 </msg>
<msg time="2024-04-08T02:24:22.835552" level="INFO">/opt/hostedtoolcache/Python/3.12.2/x64/lib/python3.12/site-packages/urllib3/connectionpool.py:1103: InsecureRequestWarning: Unverified HTTPS request is being made to host 'randomuser.me'. Adding certificate verification is strongly advised. See: https://urllib3.readthedocs.io/en/latest/advanced-usage.html#tls-warnings
  warnings.warn(</msg>
<msg time="2024-04-08T02:24:22.835660" level="INFO">${response} = &lt;Response [200]&gt;</msg>
<var>${response}</var>
<arg>consultarAPI</arg>
<arg>/api</arg>
<doc>Sends a GET request on a previously created HTTP Session.</doc>
<status status="PASS" start="2024-04-08T02:24:22.763378" elapsed="0.072327"/>
</kw>
<kw name="Set Variable" owner="BuiltIn">
<msg time="2024-04-08T02:24:22.836520" level="INFO">${json_data} = {'results': [{'gender': 'female', 'name': {'title': 'Ms', 'first': 'Leah', 'last': 'Perkins'}, 'location': {'street': {'number': 711, 'name': 'Woodlawn Avenue'}, 'city': 'Kilkenny', 'state': 'Sligo', ...</msg>
<var>${json_data}</var>
<arg>${response.json()}</arg>
<doc>Returns the given values which can then be assigned to a variables.</doc>
<status status="PASS" start="2024-04-08T02:24:22.836065" elapsed="0.000483"/>
</kw>
<kw name="Log" owner="BuiltIn">
<msg time="2024-04-08T02:24:22.837051" level="INFO">{'results': [{'gender': 'female', 'name': {'title': 'Ms', 'first': 'Leah', 'last': 'Perkins'}, 'location': {'street': {'number': 711, 'name': 'Woodlawn Avenue'}, 'city': 'Kilkenny', 'state': 'Sligo', 'country': 'Ireland', 'postcode': 76741, 'coordinates': {'latitude': '3.5064', 'longitude': '65.3645'}, 'timezone': {'offset': '0:00', 'description': 'Western Europe Time, London, Lisbon, Casablanca'}}, 'email': 'leah.perkins@example.com', 'login': {'uuid': '9bf71f7c-bbb1-44ec-b280-c6a4fab550ae', 'username': 'angryrabbit486', 'password': 'lawman', 'salt': 'QReq6X8j', 'md5': 'c1e613a2b53794aa615904643fc49e7d', 'sha1': '0666480af75899ede44cbd7ab3491eb12ecd568d', 'sha256': 'a9fd3ba8f010200f032f3bf057df86aebe4cd11e3c6208129b1b500393a258c0'}, 'dob': {'date': '1982-01-03T16:05:49.392Z', 'age': 42}, 'registered': {'date': '2007-08-22T20:49:20.922Z', 'age': 16}, 'phone': '051-633-0698', 'cell': '081-398-8804', 'id': {'name': 'PPS', 'value': '2987440T'}, 'picture': {'large': 'https://randomuser.me/api/portraits/women/95.jpg', 'medium': 'https://randomuser.me/api/portraits/med/women/95.jpg', 'thumbnail': 'https://randomuser.me/api/portraits/thumb/women/95.jpg'}, 'nat': 'IE'}], 'info': {'seed': 'e09cfbc5b8be04af', 'results': 1, 'page': 1, 'version': '1.4'}}</msg>
<arg>${json_data}</arg>
<doc>Logs the given message with the given level.</doc>
<status status="PASS" start="2024-04-08T02:24:22.836896" elapsed="0.000232"/>
</kw>
<kw name="Should Be Equal As Numbers" owner="BuiltIn">
<arg>${json_data['results'][0]['location']['postcode']}</arg>
<arg>${json_data['results'][0]['location']['postcode']}</arg>
<doc>Fails if objects are unequal after converting them to real numbers.</doc>
<status status="PASS" start="2024-04-08T02:24:22.837435" elapsed="0.000629"/>
</kw>
<kw name="Log" owner="BuiltIn">
<msg time="2024-04-08T02:24:22.838592" level="INFO">76741</msg>
<arg>${json_data['results'][0]['location']['postcode']}</arg>
<doc>Logs the given message with the given level.</doc>
<status status="PASS" start="2024-04-08T02:24:22.838256" elapsed="0.000377"/>
</kw>
<status status="PASS" start="2024-04-08T02:24:22.763147" elapsed="0.075741"/>
</kw>
<doc>Testa se os tipos de dados na resposta da API estão corretos.</doc>
<tag>testeTiposDados</tag>
<status status="PASS" start="2024-04-08T02:24:22.661416" elapsed="0.177640"/>
</test>
<test id="s1-s1-t5" name="Validar conteudo" line="35">
<kw name="Teste de Tipos de Conteudo" owner="random-user-service">
<kw name="GET On Session" owner="RequestsLibrary">
<msg time="2024-04-08T02:24:22.937789" level="INFO">GET Request : url=https://randomuser.me/api 
 path_url=/api 
 headers={'User-Agent': 'python-requests/2.31.0', 'Accept-Encoding': 'gzip, deflate', 'Accept': '*/*', 'Connection': 'keep-alive'} 
 body=None 
 </msg>
<msg time="2024-04-08T02:24:22.937868" level="INFO">GET Response : url=https://randomuser.me/api 
 status=200, reason=OK 
 headers={'Date': 'Mon, 08 Apr 2024 02:24:22 GMT', 'Content-Type': 'application/json; charset=utf-8', 'Transfer-Encoding': 'chunked', 'Connection': 'keep-alive', 'X-Powered-By': 'Express', 'Access-Control-Allow-Origin': '*', 'Cache-Control': 'no-cache', 'ETag': 'W/"4a1-sR8+dTyGrCT1i9Wy8srqB1t++U4"', 'Vary': 'Accept-Encoding', 'Content-Encoding': 'gzip', 'CF-Cache-Status': 'DYNAMIC', 'Report-To': '{"endpoints":[{"url":"https:\\/\\/a.nel.cloudflare.com\\/report\\/v4?s=huFlCDutWz3Fa9CvQPFzbO8HToQMaCGLy%2F9Vrrzkqj4ChkeQgZIGVD82qIZxdsDm4osMVcdt5JiV9W71rBmE8W05IS398pADKj%2BT7o0ocNk0Vf%2BYC1F4BFoKKfsASjNc"}],"group":"cf-nel","max_age":604800}', 'NEL': '{"success_fraction":0,"report_to":"cf-nel","max_age":604800}', 'Server': 'cloudflare', 'CF-RAY': '870eccfec89e828a-IAD', 'alt-svc': 'h3=":443"; ma=86400'} 
 body={"results":[{"gender":"male","name":{"title":"Mr","first":"Gerónimo","last":"Cavazos"},"location":{"street":{"number":9517,"name":"Cerrada Congo"},"city":"Pijijiapan","state":"Sinaloa","country":"Mexico","postcode":66637,"coordinates":{"latitude":"26.9247","longitude":"-78.4586"},"timezone":{"offset":"+9:00","description":"Tokyo, Seoul, Osaka, Sapporo, Yakutsk"}},"email":"geronimo.cavazos@example.com","login":{"uuid":"53ef49ca-0b64-4cee-ae9b-f8d7c766b2e8","username":"purpleostrich967","password":"valentin","salt":"dTApX55N","md5":"a9c43c48ef19d74558ef2dd912535b1a","sha1":"e02fd984be6af6a830902f113a3ef8640c944930","sha256":"e99f3604a6f6cb66a0ca1dde1bfa3c66f366051d1743d8167be903712733fcf5"},"dob":{"date":"1973-12-14T00:30:06.263Z","age":50},"registered":{"date":"2018-08-22T13:14:31.362Z","age":5},"phone":"(674) 447 1852","cell":"(658) 181 4298","id":{"name":"NSS","value":"27 22 21 0780 6"},"picture":{"large":"https://randomuser.me/api/portraits/men/43.jpg","medium":"https://randomuser.me/api/portraits/med/men/43.jpg","thumbnail":"https://randomuser.me/api/portraits/thumb/men/43.jpg"},"nat":"MX"}],"info":{"seed":"4e40ea3befe8a369","results":1,"page":1,"version":"1.4"}} 
 </msg>
<msg time="2024-04-08T02:24:22.937938" level="INFO">/opt/hostedtoolcache/Python/3.12.2/x64/lib/python3.12/site-packages/urllib3/connectionpool.py:1103: InsecureRequestWarning: Unverified HTTPS request is being made to host 'randomuser.me'. Adding certificate verification is strongly advised. See: https://urllib3.readthedocs.io/en/latest/advanced-usage.html#tls-warnings
  warnings.warn(</msg>
<msg time="2024-04-08T02:24:22.938067" level="INFO">${response} = &lt;Response [200]&gt;</msg>
<var>${response}</var>
<arg>consultarAPI</arg>
<arg>/api</arg>
<doc>Sends a GET request on a previously created HTTP Session.</doc>
<status status="PASS" start="2024-04-08T02:24:22.841905" elapsed="0.096217"/>
</kw>
<kw name="Set Variable" owner="BuiltIn">
<msg time="2024-04-08T02:24:22.939024" level="INFO">${json_data} = {'results': [{'gender': 'male', 'name': {'title': 'Mr', 'first': 'Gerónimo', 'last': 'Cavazos'}, 'location': {'street': {'number': 9517, 'name': 'Cerrada Congo'}, 'city': 'Pijijiapan', 'state': 'Sinal...</msg>
<var>${json_data}</var>
<arg>${response.json()}</arg>
<doc>Returns the given values which can then be assigned to a variables.</doc>
<status status="PASS" start="2024-04-08T02:24:22.938556" elapsed="0.000503"/>
</kw>
<kw name="Set Variable" owner="BuiltIn">
<msg time="2024-04-08T02:24:22.939759" level="INFO">${name_title} = Mr</msg>
<var>${name_title}</var>
<arg>${json_data["results"][0]["name"]["title"]}</arg>
<doc>Returns the given values which can then be assigned to a variables.</doc>
<status status="PASS" start="2024-04-08T02:24:22.939363" elapsed="0.000421"/>
</kw>
<kw name="Create List" owner="BuiltIn">
<msg time="2024-04-08T02:24:22.940231" level="INFO">${allowed_titles} = ['Mr', 'Ms', 'Miss', 'Mrs', 'Madame', 'Monsieur']</msg>
<var>${allowed_titles}</var>
<arg>Mr</arg>
<arg>Ms</arg>
<arg>Miss</arg>
<arg>Mrs</arg>
<arg>Madame</arg>
<arg>Monsieur</arg>
<doc>Returns a list containing given items.</doc>
<status status="PASS" start="2024-04-08T02:24:22.940080" elapsed="0.000176"/>
</kw>
<kw name="List Should Contain Value" owner="Collections">
<msg time="2024-04-08T02:24:22.940770" level="INFO">False</msg>
<arg>${allowed_titles}</arg>
<arg>${name_title}</arg>
<doc>Fails if the ``value`` is not found from ``list``.</doc>
<status status="PASS" start="2024-04-08T02:24:22.940559" elapsed="0.000252"/>
</kw>
<kw name="Set Variable" owner="BuiltIn">
<msg time="2024-04-08T02:24:22.941487" level="INFO">${name_country} = MX</msg>
<var>${name_country}</var>
<arg>${json_data["results"][0]["nat"]}</arg>
<doc>Returns the given values which can then be assigned to a variables.</doc>
<status status="PASS" start="2024-04-08T02:24:22.941111" elapsed="0.000401"/>
</kw>
<kw name="Create List" owner="BuiltIn">
<msg time="2024-04-08T02:24:22.942431" level="INFO">${list_country} = ['AD', 'AE', 'AF', 'AG', 'AI', 'AL', 'AM', 'AO', 'AQ', 'AR', 'AS', 'AT', 'AU', 'AW', 'AX', 'AZ', 'BA', 'BB', 'BD', 'BE', 'BF', 'BG', 'BH', 'BI', 'BJ', 'BL', 'BM', 'BN', 'BO', 'BQ', 'BR', 'BS', 'BT', '...</msg>
<var>${list_country}</var>
<arg>AD</arg>
<arg>AE</arg>
<arg>AF</arg>
<arg>AG</arg>
<arg>AI</arg>
<arg>AL</arg>
<arg>AM</arg>
<arg>AO</arg>
<arg>AQ</arg>
<arg>AR</arg>
<arg>AS</arg>
<arg>AT</arg>
<arg>AU</arg>
<arg>AW</arg>
<arg>AX</arg>
<arg>AZ</arg>
<arg>BA</arg>
<arg>BB</arg>
<arg>BD</arg>
<arg>BE</arg>
<arg>BF</arg>
<arg>BG</arg>
<arg>BH</arg>
<arg>BI</arg>
<arg>BJ</arg>
<arg>BL</arg>
<arg>BM</arg>
<arg>BN</arg>
<arg>BO</arg>
<arg>BQ</arg>
<arg>BR</arg>
<arg>BS</arg>
<arg>BT</arg>
<arg>BV</arg>
<arg>BW</arg>
<arg>BY</arg>
<arg>BZ</arg>
<arg>CA</arg>
<arg>CC</arg>
<arg>CD</arg>
<arg>CF</arg>
<arg>CG</arg>
<arg>CH</arg>
<arg>CI</arg>
<arg>CK</arg>
<arg>CL</arg>
<arg>CM</arg>
<arg>CN</arg>
<arg>CO</arg>
<arg>CR</arg>
<arg>CU</arg>
<arg>CV</arg>
<arg>CW</arg>
<arg>CX</arg>
<arg>CY</arg>
<arg>CZ</arg>
<arg>DE</arg>
<arg>DJ</arg>
<arg>DK</arg>
<arg>DM</arg>
<arg>DO</arg>
<arg>DZ</arg>
<arg>EC</arg>
<arg>EE</arg>
<arg>EG</arg>
<arg>EH</arg>
<arg>ER</arg>
<arg>ES</arg>
<arg>ET</arg>
<arg>FI</arg>
<arg>FJ</arg>
<arg>FK</arg>
<arg>FM</arg>
<arg>FO</arg>
<arg>FR</arg>
<arg>GA</arg>
<arg>GB</arg>
<arg>GD</arg>
<arg>GE</arg>
<arg>GF</arg>
<arg>GG</arg>
<arg>GH</arg>
<arg>GI</arg>
<arg>GL</arg>
<arg>GM</arg>
<arg>GN</arg>
<arg>GP</arg>
<arg>GQ</arg>
<arg>GR</arg>
<arg>GS</arg>
<arg>GT</arg>
<arg>GU</arg>
<arg>GW</arg>
<arg>GY</arg>
<arg>HK</arg>
<arg>HM</arg>
<arg>HN</arg>
<arg>HR</arg>
<arg>HT</arg>
<arg>HU</arg>
<arg>ID</arg>
<arg>IE</arg>
<arg>IL</arg>
<arg>IM</arg>
<arg>IN</arg>
<arg>IO</arg>
<arg>IQ</arg>
<arg>IR</arg>
<arg>IS</arg>
<arg>IT</arg>
<arg>JE</arg>
<arg>JM</arg>
<arg>JO</arg>
<arg>JP</arg>
<arg>KE</arg>
<arg>KG</arg>
<arg>KH</arg>
<arg>KI</arg>
<arg>KM</arg>
<arg>KN</arg>
<arg>KP</arg>
<arg>KR</arg>
<arg>KW</arg>
<arg>KY</arg>
<arg>KZ</arg>
<arg>LA</arg>
<arg>LB</arg>
<arg>LC</arg>
<arg>LI</arg>
<arg>LK</arg>
<arg>LR</arg>
<arg>LS</arg>
<arg>LT</arg>
<arg>LU</arg>
<arg>LV</arg>
<arg>LY</arg>
<arg>MA</arg>
<arg>MC</arg>
<arg>MD</arg>
<arg>ME</arg>
<arg>MF</arg>
<arg>MG</arg>
<arg>MH</arg>
<arg>MK</arg>
<arg>ML</arg>
<arg>MM</arg>
<arg>MN</arg>
<arg>MO</arg>
<arg>MP</arg>
<arg>MQ</arg>
<arg>MR</arg>
<arg>MS</arg>
<arg>MT</arg>
<arg>MU</arg>
<arg>MV</arg>
<arg>MW</arg>
<arg>MX</arg>
<arg>MY</arg>
<arg>MZ</arg>
<arg>NA</arg>
<arg>NC</arg>
<arg>NE</arg>
<arg>NF</arg>
<arg>NG</arg>
<arg>NI</arg>
<arg>NL</arg>
<arg>NO</arg>
<arg>NP</arg>
<arg>NR</arg>
<arg>NU</arg>
<arg>NZ</arg>
<arg>OM</arg>
<arg>PA</arg>
<arg>PE</arg>
<arg>PF</arg>
<arg>PG</arg>
<arg>PH</arg>
<arg>PK</arg>
<arg>PL</arg>
<arg>PM</arg>
<arg>PN</arg>
<arg>PR</arg>
<arg>PS</arg>
<arg>PT</arg>
<arg>PW</arg>
<arg>PY</arg>
<arg>QA</arg>
<arg>RE</arg>
<arg>RO</arg>
<arg>RS</arg>
<arg>RU</arg>
<arg>RW</arg>
<arg>SA</arg>
<arg>SB</arg>
<arg>SC</arg>
<arg>SD</arg>
<arg>SE</arg>
<arg>SG</arg>
<arg>SH</arg>
<arg>SI</arg>
<arg>SJ</arg>
<arg>SK</arg>
<arg>SL</arg>
<arg>SM</arg>
<arg>SN</arg>
<arg>SO</arg>
<arg>SR</arg>
<arg>SS</arg>
<arg>ST</arg>
<arg>SV</arg>
<arg>SX</arg>
<arg>SY</arg>
<arg>SZ</arg>
<arg>TC</arg>
<arg>TD</arg>
<arg>TF</arg>
<arg>TG</arg>
<arg>TH</arg>
<arg>TJ</arg>
<arg>TK</arg>
<arg>TL</arg>
<arg>TM</arg>
<arg>TN</arg>
<arg>TO</arg>
<arg>TR</arg>
<arg>TT</arg>
<arg>TV</arg>
<arg>TW</arg>
<arg>TZ</arg>
<arg>UA</arg>
<arg>UG</arg>
<arg>UM</arg>
<arg>US</arg>
<arg>UY</arg>
<arg>UZ</arg>
<arg>VA</arg>
<arg>VC</arg>
<arg>VE</arg>
<arg>VG</arg>
<arg>VI</arg>
<arg>VN</arg>
<arg>VU</arg>
<arg>WF</arg>
<arg>WS</arg>
<arg>XK</arg>
<arg>YE</arg>
<arg>YT</arg>
<arg>ZA</arg>
<arg>ZM</arg>
<arg>ZW</arg>
<doc>Returns a list containing given items.</doc>
<status status="PASS" start="2024-04-08T02:24:22.941816" elapsed="0.000641"/>
</kw>
<kw name="List Should Contain Value" owner="Collections">
<msg time="2024-04-08T02:24:22.943447" level="INFO">False</msg>
<arg>${list_country}</arg>
<arg>${name_country}</arg>
<doc>Fails if the ``value`` is not found from ``list``.</doc>
<status status="PASS" start="2024-04-08T02:24:22.943246" elapsed="0.000237"/>
</kw>
<kw name="Run Keyword If" owner="BuiltIn">
<kw name="Should Be True" owner="BuiltIn">
<arg>${True}</arg>
<doc>Fails if the given condition is not true.</doc>
<status status="PASS" start="2024-04-08T02:24:22.944650" elapsed="0.000171"/>
</kw>
<arg>${json_data["results"][0]["location"]["coordinates"]["latitude"]} &gt;= -90 and ${json_data["results"][0]["location"]["coordinates"]["latitude"]} &lt;= 90</arg>
<arg>Should Be True</arg>
<arg>${True}</arg>
<doc>Runs the given keyword with the given arguments, if ``condition`` is true.</doc>
<status status="PASS" start="2024-04-08T02:24:22.943792" elapsed="0.001160"/>
</kw>
<kw name="Run Keyword If" owner="BuiltIn">
<kw name="Should Be True" owner="BuiltIn">
<arg>${True}</arg>
<doc>Fails if the given condition is not true.</doc>
<status status="PASS" start="2024-04-08T02:24:22.945832" elapsed="0.000139"/>
</kw>
<arg>${json_data["results"][0]["location"]["coordinates"]["longitude"]} &gt;= -180 and ${json_data["results"][0]["location"]["coordinates"]["longitude"]} &lt;= 180</arg>
<arg>Should Be True</arg>
<arg>${True}</arg>
<doc>Runs the given keyword with the given arguments, if ``condition`` is true.</doc>
<status status="PASS" start="2024-04-08T02:24:22.945138" elapsed="0.000958"/>
</kw>
<status status="PASS" start="2024-04-08T02:24:22.841532" elapsed="0.104692"/>
</kw>
<doc>Testa o conteúdo específico dos campos retornados pela API.</doc>
<tag>testeConteudo</tag>
<status status="PASS" start="2024-04-08T02:24:22.840848" elapsed="0.105523"/>
</test>
<status status="PASS" start="2024-04-08T02:24:22.027867" elapsed="0.920363"/>
</suite>
<status status="PASS" start="2024-04-08T02:24:22.014205" elapsed="0.939332"/>
</suite>
<statistics>
<total>
<stat pass="5" fail="0" skip="0">All Tests</stat>
</total>
<tag>
<stat pass="1" fail="0" skip="0">testeConteudo</stat>
<stat pass="1" fail="0" skip="0">testeEstruturaResposta</stat>
<stat pass="1" fail="0" skip="0">testeRequisicaoBasica</stat>
<stat pass="1" fail="0" skip="0">testeTiposDados</stat>
</tag>
<suite>
<stat pass="5" fail="0" skip="0" id="s1" name="Tests">Tests</stat>
<stat pass="5" fail="0" skip="0" id="s1-s1" name="Random-User-Test">Tests.Random-User-Test</stat>
</suite>
</statistics>
<errors>
</errors>
</robot>
