<?xml version="1.0" encoding="UTF-8"?>
<robot generator="Robot 7.0.1 (Python 3.12.4 on linux)" generated="2024-07-22T10:16:25.499214" rpa="false" schemaversion="5">
<suite id="s1" name="Tests" source="/home/runner/work/ApiRandomUser/ApiRandomUser/RamdonUser/tests">
<suite id="s1-s1" name="Random-User-Test" source="/home/runner/work/ApiRandomUser/ApiRandomUser/RamdonUser/tests/random-user-test.robot">
<test id="s1-s1-t1" name="Conectar" line="13">
<kw name="Conectar API" owner="random-user-service">
<kw name="Create Session" owner="RequestsLibrary">
<msg time="2024-07-22T10:16:25.883740" level="INFO">Creating Session using : alias=consultarAPI, url=https://randomuser.me/, headers={},                     cookies={}, auth=None, timeout=None, proxies=None, verify=False,                     debug=0 </msg>
<arg>consultarAPI</arg>
<arg>${URL}</arg>
<doc>Create Session: create a HTTP session to a server</doc>
<status status="PASS" start="2024-07-22T10:16:25.883537" elapsed="0.000409"/>
</kw>
<status status="PASS" start="2024-07-22T10:16:25.882546" elapsed="0.001772"/>
</kw>
<status status="PASS" start="2024-07-22T10:16:25.881961" elapsed="0.002550"/>
</test>
<test id="s1-s1-t2" name="Validar retorno 200 e JSON Válido" line="16">
<kw name="Teste de Requisicao Basica" owner="random-user-service">
<kw name="GET On Session" owner="RequestsLibrary">
<msg time="2024-07-22T10:16:26.057452" level="INFO">GET Request : url=https://randomuser.me/api 
 path_url=/api 
 headers={'User-Agent': 'python-requests/2.32.3', 'Accept-Encoding': 'gzip, deflate', 'Accept': '*/*', 'Connection': 'keep-alive'} 
 body=None 
 </msg>
<msg time="2024-07-22T10:16:26.057617" level="INFO">GET Response : url=https://randomuser.me/api 
 status=200, reason=OK 
 headers={'Date': 'Mon, 22 Jul 2024 10:16:26 GMT', 'Content-Type': 'application/json; charset=utf-8', 'Transfer-Encoding': 'chunked', 'Connection': 'keep-alive', 'X-Powered-By': 'Express', 'Access-Control-Allow-Origin': '*', 'Cache-Control': 'no-cache', 'ETag': 'W/"4a2-Elg9fDo9BCgAXnTCd3UIitzMOxI"', 'Vary': 'Accept-Encoding', 'Content-Encoding': 'gzip', 'CF-Cache-Status': 'DYNAMIC', 'Report-To': '{"endpoints":[{"url":"https:\\/\\/a.nel.cloudflare.com\\/report\\/v4?s=QRmohB4Wzy%2B%2BT16PfOxuDX615tcfvnHAyyXw%2Bk4sqR7VnQB2Qh04O3kIAtVRCe0i%2BDBXwZdqqs5XUfYGE8yblWrYDqO5WfGn498oN3x72xEUBdnjFpBPnj70j9C6lA8T"}],"group":"cf-nel","max_age":604800}', 'NEL': '{"success_fraction":0,"report_to":"cf-nel","max_age":604800}', 'Server': 'cloudflare', 'CF-RAY': '8a72acdaaaf52093-IAD', 'alt-svc': 'h3=":443"; ma=86400'} 
 body={"results":[{"gender":"male","name":{"title":"Mr","first":"میلاد","last":"محمدخان"},"location":{"street":{"number":2299,"name":"شهید مطهری"},"city":"بابل","state":"قزوین","country":"Iran","postcode":25858,"coordinates":{"latitude":"14.5123","longitude":"-158.5289"},"timezone":{"offset":"0:00","description":"Western Europe Time, London, Lisbon, Casablanca"}},"email":"myld.mhmdkhn@example.com","login":{"uuid":"e9737382-8416-4a5f-a19a-43e7dfa8974d","username":"organicostrich359","password":"amsterda","salt":"IpfAMx7y","md5":"8b8cc0567d3c56e7af5180bfc146a0e8","sha1":"79623bf34a30886ed842589711c963cf3402b3b9","sha256":"f3019a5bd2df15365aa00977867ba6f5b156fcc5ca9f7081fc0a4759ce43a973"},"dob":{"date":"1958-08-07T09:56:46.391Z","age":65},"registered":{"date":"2020-08-12T01:09:56.428Z","age":3},"phone":"089-65642894","cell":"0959-291-8223","id":{"name":"","value":null},"picture":{"large":"https://randomuser.me/api/portraits/men/44.jpg","medium":"https://randomuser.me/api/portraits/med/men/44.jpg","thumbnail":"https://randomuser.me/api/portraits/thumb/men/44.jpg"},"nat":"IR"}],"info":{"seed":"948bd4abb051339b","results":1,"page":1,"version":"1.4"}} 
 </msg>
<msg time="2024-07-22T10:16:26.057722" level="INFO">/opt/hostedtoolcache/Python/3.12.4/x64/lib/python3.12/site-packages/urllib3/connectionpool.py:1099: InsecureRequestWarning: Unverified HTTPS request is being made to host 'randomuser.me'. Adding certificate verification is strongly advised. See: https://urllib3.readthedocs.io/en/latest/advanced-usage.html#tls-warnings
  warnings.warn(</msg>
<msg time="2024-07-22T10:16:26.057888" level="INFO">${response} = &lt;Response [200]&gt;</msg>
<var>${response}</var>
<arg>consultarAPI</arg>
<arg>/api</arg>
<doc>Sends a GET request on a previously created HTTP Session.</doc>
<status status="PASS" start="2024-07-22T10:16:25.887099" elapsed="0.170822"/>
</kw>
<kw name="Should Be Equal As Numbers" owner="BuiltIn">
<msg time="2024-07-22T10:16:26.058918" level="INFO">Argument types are:
&lt;class 'int'&gt;
&lt;class 'str'&gt;</msg>
<arg>${response.status_code}</arg>
<arg>200</arg>
<doc>Fails if objects are unequal after converting them to real numbers.</doc>
<status status="PASS" start="2024-07-22T10:16:26.058448" elapsed="0.000535"/>
</kw>
<kw name="Log" owner="BuiltIn">
<msg time="2024-07-22T10:16:26.059662" level="INFO">200</msg>
<arg>${response.status_code}</arg>
<doc>Logs the given message with the given level.</doc>
<status status="PASS" start="2024-07-22T10:16:26.059311" elapsed="0.000395"/>
</kw>
<kw name="Set Variable" owner="BuiltIn">
<msg time="2024-07-22T10:16:26.060507" level="INFO">${json_data} = {'results': [{'gender': 'male', 'name': {'title': 'Mr', 'first': 'میلاد', 'last': 'محمدخان'}, 'location': {'street': {'number': 2299, 'name': 'شهید مطهری'}, 'city': 'بابل', 'state': 'قزوین', 'country'...</msg>
<var>${json_data}</var>
<arg>${response.json()}</arg>
<doc>Returns the given values which can then be assigned to a variables.</doc>
<status status="PASS" start="2024-07-22T10:16:26.060052" elapsed="0.000488"/>
</kw>
<kw name="Dictionary Should Contain Key" owner="Collections">
<arg>${json_data}</arg>
<arg>results</arg>
<doc>Fails if ``key`` is not found from ``dictionary``.</doc>
<status status="PASS" start="2024-07-22T10:16:26.060852" elapsed="0.000336"/>
</kw>
<status status="PASS" start="2024-07-22T10:16:25.886856" elapsed="0.174487"/>
</kw>
<doc>Testa se a API responde corretamente e retorna um objeto JSON válido.</doc>
<tag>testeRequisicaoBasica</tag>
<status status="PASS" start="2024-07-22T10:16:25.886362" elapsed="0.175156"/>
</test>
<test id="s1-s1-t3" name="Validar estrutura de resposta" line="22">
<kw name="Teste de Estrutura de Resposta" owner="random-user-service">
<kw name="GET On Session" owner="RequestsLibrary">
<msg time="2024-07-22T10:16:26.172957" level="INFO">GET Request : url=https://randomuser.me/api 
 path_url=/api 
 headers={'User-Agent': 'python-requests/2.32.3', 'Accept-Encoding': 'gzip, deflate', 'Accept': '*/*', 'Connection': 'keep-alive'} 
 body=None 
 </msg>
<msg time="2024-07-22T10:16:26.173068" level="INFO">GET Response : url=https://randomuser.me/api 
 status=200, reason=OK 
 headers={'Date': 'Mon, 22 Jul 2024 10:16:26 GMT', 'Content-Type': 'application/json; charset=utf-8', 'Transfer-Encoding': 'chunked', 'Connection': 'keep-alive', 'X-Powered-By': 'Express', 'Access-Control-Allow-Origin': '*', 'Cache-Control': 'no-cache', 'ETag': 'W/"489-kS/jCLYq8Llq+GjEKDZUcXeVSZo"', 'Vary': 'Accept-Encoding', 'Content-Encoding': 'gzip', 'CF-Cache-Status': 'DYNAMIC', 'Report-To': '{"endpoints":[{"url":"https:\\/\\/a.nel.cloudflare.com\\/report\\/v4?s=YgAO2jmtUConoPAe%2B6Jrya63Xr9M6PSRQtjEpJH1S7v%2FQghnVvHJVCNWzfRQEciZC9LojJ2Jvjhc0wPDkB%2FfzwUaOD0xKn7OimGdb989ms2gyixifWSHFn3xlGt%2BuDdI"}],"group":"cf-nel","max_age":604800}', 'NEL': '{"success_fraction":0,"report_to":"cf-nel","max_age":604800}', 'Server': 'cloudflare', 'CF-RAY': '8a72acdaeb1d2093-IAD', 'alt-svc': 'h3=":443"; ma=86400'} 
 body={"results":[{"gender":"male","name":{"title":"Mr","first":"Lonnie","last":"Freeman"},"location":{"street":{"number":3771,"name":"W Gray St"},"city":"Westminster","state":"Arizona","country":"United States","postcode":76234,"coordinates":{"latitude":"84.6401","longitude":"-109.7073"},"timezone":{"offset":"+6:00","description":"Almaty, Dhaka, Colombo"}},"email":"lonnie.freeman@example.com","login":{"uuid":"a4c6ef0b-09d8-4045-93e5-eebf11f79353","username":"tinyfrog932","password":"cavalier","salt":"dJYGaput","md5":"7bc970e73c524df8f4ad93fbc65b7b41","sha1":"5f925fcd22ef57c0b635214a4a6058604a7ace73","sha256":"d76d0c5b46681a90a878e4b161400560de73bf0ecdfb8c885a47ec9036188543"},"dob":{"date":"1994-11-04T17:27:32.419Z","age":29},"registered":{"date":"2016-02-05T10:42:20.536Z","age":8},"phone":"(219) 552-3168","cell":"(976) 950-5840","id":{"name":"SSN","value":"061-97-8643"},"picture":{"large":"https://randomuser.me/api/portraits/men/99.jpg","medium":"https://randomuser.me/api/portraits/med/men/99.jpg","thumbnail":"https://randomuser.me/api/portraits/thumb/men/99.jpg"},"nat":"US"}],"info":{"seed":"7a1f11726347b8c9","results":1,"page":1,"version":"1.4"}} 
 </msg>
<msg time="2024-07-22T10:16:26.173223" level="INFO">/opt/hostedtoolcache/Python/3.12.4/x64/lib/python3.12/site-packages/urllib3/connectionpool.py:1099: InsecureRequestWarning: Unverified HTTPS request is being made to host 'randomuser.me'. Adding certificate verification is strongly advised. See: https://urllib3.readthedocs.io/en/latest/advanced-usage.html#tls-warnings
  warnings.warn(</msg>
<msg time="2024-07-22T10:16:26.173392" level="INFO">${response} = &lt;Response [200]&gt;</msg>
<var>${response}</var>
<arg>consultarAPI</arg>
<arg>/api</arg>
<doc>Sends a GET request on a previously created HTTP Session.</doc>
<status status="PASS" start="2024-07-22T10:16:26.064148" elapsed="0.109298"/>
</kw>
<kw name="Set Variable" owner="BuiltIn">
<msg time="2024-07-22T10:16:26.174496" level="INFO">${json_data} = {'results': [{'gender': 'male', 'name': {'title': 'Mr', 'first': 'Lonnie', 'last': 'Freeman'}, 'location': {'street': {'number': 3771, 'name': 'W Gray St'}, 'city': 'Westminster', 'state': 'Arizona', ...</msg>
<var>${json_data}</var>
<arg>${response.json()}</arg>
<doc>Returns the given values which can then be assigned to a variables.</doc>
<status status="PASS" start="2024-07-22T10:16:26.173958" elapsed="0.000567"/>
</kw>
<kw name="Log" owner="BuiltIn">
<msg time="2024-07-22T10:16:26.175002" level="INFO">{'results': [{'gender': 'male', 'name': {'title': 'Mr', 'first': 'Lonnie', 'last': 'Freeman'}, 'location': {'street': {'number': 3771, 'name': 'W Gray St'}, 'city': 'Westminster', 'state': 'Arizona', 'country': 'United States', 'postcode': 76234, 'coordinates': {'latitude': '84.6401', 'longitude': '-109.7073'}, 'timezone': {'offset': '+6:00', 'description': 'Almaty, Dhaka, Colombo'}}, 'email': 'lonnie.freeman@example.com', 'login': {'uuid': 'a4c6ef0b-09d8-4045-93e5-eebf11f79353', 'username': 'tinyfrog932', 'password': 'cavalier', 'salt': 'dJYGaput', 'md5': '7bc970e73c524df8f4ad93fbc65b7b41', 'sha1': '5f925fcd22ef57c0b635214a4a6058604a7ace73', 'sha256': 'd76d0c5b46681a90a878e4b161400560de73bf0ecdfb8c885a47ec9036188543'}, 'dob': {'date': '1994-11-04T17:27:32.419Z', 'age': 29}, 'registered': {'date': '2016-02-05T10:42:20.536Z', 'age': 8}, 'phone': '(219) 552-3168', 'cell': '(976) 950-5840', 'id': {'name': 'SSN', 'value': '061-97-8643'}, 'picture': {'large': 'https://randomuser.me/api/portraits/men/99.jpg', 'medium': 'https://randomuser.me/api/portraits/med/men/99.jpg', 'thumbnail': 'https://randomuser.me/api/portraits/thumb/men/99.jpg'}, 'nat': 'US'}], 'info': {'seed': '7a1f11726347b8c9', 'results': 1, 'page': 1, 'version': '1.4'}}</msg>
<arg>${json_data}</arg>
<doc>Logs the given message with the given level.</doc>
<status status="PASS" start="2024-07-22T10:16:26.174839" elapsed="0.000214"/>
</kw>
<kw name="Dictionary Should Contain Key" owner="Collections">
<arg>${json_data}</arg>
<arg>results</arg>
<doc>Fails if ``key`` is not found from ``dictionary``.</doc>
<status status="PASS" start="2024-07-22T10:16:26.175343" elapsed="0.000164"/>
</kw>
<kw name="Should Not Be Empty" owner="BuiltIn">
<msg time="2024-07-22T10:16:26.175820" level="INFO">Length is 2.</msg>
<arg>${json_data}</arg>
<doc>Verifies that the given item is not empty.</doc>
<status status="PASS" start="2024-07-22T10:16:26.175692" elapsed="0.000165"/>
</kw>
<kw name="Create List" owner="BuiltIn">
<msg time="2024-07-22T10:16:26.176356" level="INFO">${expected_keys} = ['gender', 'name', 'location', 'email', 'login']</msg>
<var>${expected_keys}</var>
<arg>gender</arg>
<arg>name</arg>
<arg>location</arg>
<arg>email</arg>
<arg>login</arg>
<doc>Returns a list containing given items.</doc>
<status status="PASS" start="2024-07-22T10:16:26.176205" elapsed="0.000176"/>
</kw>
<for flavor="IN">
<iter>
<kw name="Dictionary Should Contain Key" owner="Collections">
<arg>${json_data['results'][0]}</arg>
<arg>${key}</arg>
<doc>Fails if ``key`` is not found from ``dictionary``.</doc>
<status status="PASS" start="2024-07-22T10:16:26.176975" elapsed="0.000411"/>
</kw>
<kw name="Log" owner="BuiltIn">
<msg time="2024-07-22T10:16:26.177919" level="INFO">{'gender': 'male', 'name': {'title': 'Mr', 'first': 'Lonnie', 'last': 'Freeman'}, 'location': {'street': {'number': 3771, 'name': 'W Gray St'}, 'city': 'Westminster', 'state': 'Arizona', 'country': 'United States', 'postcode': 76234, 'coordinates': {'latitude': '84.6401', 'longitude': '-109.7073'}, 'timezone': {'offset': '+6:00', 'description': 'Almaty, Dhaka, Colombo'}}, 'email': 'lonnie.freeman@example.com', 'login': {'uuid': 'a4c6ef0b-09d8-4045-93e5-eebf11f79353', 'username': 'tinyfrog932', 'password': 'cavalier', 'salt': 'dJYGaput', 'md5': '7bc970e73c524df8f4ad93fbc65b7b41', 'sha1': '5f925fcd22ef57c0b635214a4a6058604a7ace73', 'sha256': 'd76d0c5b46681a90a878e4b161400560de73bf0ecdfb8c885a47ec9036188543'}, 'dob': {'date': '1994-11-04T17:27:32.419Z', 'age': 29}, 'registered': {'date': '2016-02-05T10:42:20.536Z', 'age': 8}, 'phone': '(219) 552-3168', 'cell': '(976) 950-5840', 'id': {'name': 'SSN', 'value': '061-97-8643'}, 'picture': {'large': 'https://randomuser.me/api/portraits/men/99.jpg', 'medium': 'https://randomuser.me/api/portraits/med/men/99.jpg', 'thumbnail': 'https://randomuser.me/api/portraits/thumb/men/99.jpg'}, 'nat': 'US'}</msg>
<arg>${json_data['results'][0]}</arg>
<doc>Logs the given message with the given level.</doc>
<status status="PASS" start="2024-07-22T10:16:26.177569" elapsed="0.000400"/>
</kw>
<kw name="Log" owner="BuiltIn">
<msg time="2024-07-22T10:16:26.178403" level="INFO">gender</msg>
<arg>${key}</arg>
<doc>Logs the given message with the given level.</doc>
<status status="PASS" start="2024-07-22T10:16:26.178275" elapsed="0.000168"/>
</kw>
<var name="${key}">gender</var>
<status status="PASS" start="2024-07-22T10:16:26.176848" elapsed="0.001814"/>
</iter>
<iter>
<kw name="Dictionary Should Contain Key" owner="Collections">
<arg>${json_data['results'][0]}</arg>
<arg>${key}</arg>
<doc>Fails if ``key`` is not found from ``dictionary``.</doc>
<status status="PASS" start="2024-07-22T10:16:26.178958" elapsed="0.000383"/>
</kw>
<kw name="Log" owner="BuiltIn">
<msg time="2024-07-22T10:16:26.179875" level="INFO">{'gender': 'male', 'name': {'title': 'Mr', 'first': 'Lonnie', 'last': 'Freeman'}, 'location': {'street': {'number': 3771, 'name': 'W Gray St'}, 'city': 'Westminster', 'state': 'Arizona', 'country': 'United States', 'postcode': 76234, 'coordinates': {'latitude': '84.6401', 'longitude': '-109.7073'}, 'timezone': {'offset': '+6:00', 'description': 'Almaty, Dhaka, Colombo'}}, 'email': 'lonnie.freeman@example.com', 'login': {'uuid': 'a4c6ef0b-09d8-4045-93e5-eebf11f79353', 'username': 'tinyfrog932', 'password': 'cavalier', 'salt': 'dJYGaput', 'md5': '7bc970e73c524df8f4ad93fbc65b7b41', 'sha1': '5f925fcd22ef57c0b635214a4a6058604a7ace73', 'sha256': 'd76d0c5b46681a90a878e4b161400560de73bf0ecdfb8c885a47ec9036188543'}, 'dob': {'date': '1994-11-04T17:27:32.419Z', 'age': 29}, 'registered': {'date': '2016-02-05T10:42:20.536Z', 'age': 8}, 'phone': '(219) 552-3168', 'cell': '(976) 950-5840', 'id': {'name': 'SSN', 'value': '061-97-8643'}, 'picture': {'large': 'https://randomuser.me/api/portraits/men/99.jpg', 'medium': 'https://randomuser.me/api/portraits/med/men/99.jpg', 'thumbnail': 'https://randomuser.me/api/portraits/thumb/men/99.jpg'}, 'nat': 'US'}</msg>
<arg>${json_data['results'][0]}</arg>
<doc>Logs the given message with the given level.</doc>
<status status="PASS" start="2024-07-22T10:16:26.179522" elapsed="0.000458"/>
</kw>
<kw name="Log" owner="BuiltIn">
<msg time="2024-07-22T10:16:26.180407" level="INFO">name</msg>
<arg>${key}</arg>
<doc>Logs the given message with the given level.</doc>
<status status="PASS" start="2024-07-22T10:16:26.180280" elapsed="0.000165"/>
</kw>
<var name="${key}">name</var>
<status status="PASS" start="2024-07-22T10:16:26.178848" elapsed="0.001812"/>
</iter>
<iter>
<kw name="Dictionary Should Contain Key" owner="Collections">
<arg>${json_data['results'][0]}</arg>
<arg>${key}</arg>
<doc>Fails if ``key`` is not found from ``dictionary``.</doc>
<status status="PASS" start="2024-07-22T10:16:26.180944" elapsed="0.000376"/>
</kw>
<kw name="Log" owner="BuiltIn">
<msg time="2024-07-22T10:16:26.181853" level="INFO">{'gender': 'male', 'name': {'title': 'Mr', 'first': 'Lonnie', 'last': 'Freeman'}, 'location': {'street': {'number': 3771, 'name': 'W Gray St'}, 'city': 'Westminster', 'state': 'Arizona', 'country': 'United States', 'postcode': 76234, 'coordinates': {'latitude': '84.6401', 'longitude': '-109.7073'}, 'timezone': {'offset': '+6:00', 'description': 'Almaty, Dhaka, Colombo'}}, 'email': 'lonnie.freeman@example.com', 'login': {'uuid': 'a4c6ef0b-09d8-4045-93e5-eebf11f79353', 'username': 'tinyfrog932', 'password': 'cavalier', 'salt': 'dJYGaput', 'md5': '7bc970e73c524df8f4ad93fbc65b7b41', 'sha1': '5f925fcd22ef57c0b635214a4a6058604a7ace73', 'sha256': 'd76d0c5b46681a90a878e4b161400560de73bf0ecdfb8c885a47ec9036188543'}, 'dob': {'date': '1994-11-04T17:27:32.419Z', 'age': 29}, 'registered': {'date': '2016-02-05T10:42:20.536Z', 'age': 8}, 'phone': '(219) 552-3168', 'cell': '(976) 950-5840', 'id': {'name': 'SSN', 'value': '061-97-8643'}, 'picture': {'large': 'https://randomuser.me/api/portraits/men/99.jpg', 'medium': 'https://randomuser.me/api/portraits/med/men/99.jpg', 'thumbnail': 'https://randomuser.me/api/portraits/thumb/men/99.jpg'}, 'nat': 'US'}</msg>
<arg>${json_data['results'][0]}</arg>
<doc>Logs the given message with the given level.</doc>
<status status="PASS" start="2024-07-22T10:16:26.181507" elapsed="0.000395"/>
</kw>
<kw name="Log" owner="BuiltIn">
<msg time="2024-07-22T10:16:26.182322" level="INFO">location</msg>
<arg>${key}</arg>
<doc>Logs the given message with the given level.</doc>
<status status="PASS" start="2024-07-22T10:16:26.182196" elapsed="0.000163"/>
</kw>
<var name="${key}">location</var>
<status status="PASS" start="2024-07-22T10:16:26.180836" elapsed="0.001739"/>
</iter>
<iter>
<kw name="Dictionary Should Contain Key" owner="Collections">
<arg>${json_data['results'][0]}</arg>
<arg>${key}</arg>
<doc>Fails if ``key`` is not found from ``dictionary``.</doc>
<status status="PASS" start="2024-07-22T10:16:26.182852" elapsed="0.000385"/>
</kw>
<kw name="Log" owner="BuiltIn">
<msg time="2024-07-22T10:16:26.183934" level="INFO">{'gender': 'male', 'name': {'title': 'Mr', 'first': 'Lonnie', 'last': 'Freeman'}, 'location': {'street': {'number': 3771, 'name': 'W Gray St'}, 'city': 'Westminster', 'state': 'Arizona', 'country': 'United States', 'postcode': 76234, 'coordinates': {'latitude': '84.6401', 'longitude': '-109.7073'}, 'timezone': {'offset': '+6:00', 'description': 'Almaty, Dhaka, Colombo'}}, 'email': 'lonnie.freeman@example.com', 'login': {'uuid': 'a4c6ef0b-09d8-4045-93e5-eebf11f79353', 'username': 'tinyfrog932', 'password': 'cavalier', 'salt': 'dJYGaput', 'md5': '7bc970e73c524df8f4ad93fbc65b7b41', 'sha1': '5f925fcd22ef57c0b635214a4a6058604a7ace73', 'sha256': 'd76d0c5b46681a90a878e4b161400560de73bf0ecdfb8c885a47ec9036188543'}, 'dob': {'date': '1994-11-04T17:27:32.419Z', 'age': 29}, 'registered': {'date': '2016-02-05T10:42:20.536Z', 'age': 8}, 'phone': '(219) 552-3168', 'cell': '(976) 950-5840', 'id': {'name': 'SSN', 'value': '061-97-8643'}, 'picture': {'large': 'https://randomuser.me/api/portraits/men/99.jpg', 'medium': 'https://randomuser.me/api/portraits/med/men/99.jpg', 'thumbnail': 'https://randomuser.me/api/portraits/thumb/men/99.jpg'}, 'nat': 'US'}</msg>
<arg>${json_data['results'][0]}</arg>
<doc>Logs the given message with the given level.</doc>
<status status="PASS" start="2024-07-22T10:16:26.183547" elapsed="0.000444"/>
</kw>
<kw name="Log" owner="BuiltIn">
<msg time="2024-07-22T10:16:26.184423" level="INFO">email</msg>
<arg>${key}</arg>
<doc>Logs the given message with the given level.</doc>
<status status="PASS" start="2024-07-22T10:16:26.184294" elapsed="0.000168"/>
</kw>
<var name="${key}">email</var>
<status status="PASS" start="2024-07-22T10:16:26.182747" elapsed="0.001930"/>
</iter>
<iter>
<kw name="Dictionary Should Contain Key" owner="Collections">
<arg>${json_data['results'][0]}</arg>
<arg>${key}</arg>
<doc>Fails if ``key`` is not found from ``dictionary``.</doc>
<status status="PASS" start="2024-07-22T10:16:26.184956" elapsed="0.000375"/>
</kw>
<kw name="Log" owner="BuiltIn">
<msg time="2024-07-22T10:16:26.185854" level="INFO">{'gender': 'male', 'name': {'title': 'Mr', 'first': 'Lonnie', 'last': 'Freeman'}, 'location': {'street': {'number': 3771, 'name': 'W Gray St'}, 'city': 'Westminster', 'state': 'Arizona', 'country': 'United States', 'postcode': 76234, 'coordinates': {'latitude': '84.6401', 'longitude': '-109.7073'}, 'timezone': {'offset': '+6:00', 'description': 'Almaty, Dhaka, Colombo'}}, 'email': 'lonnie.freeman@example.com', 'login': {'uuid': 'a4c6ef0b-09d8-4045-93e5-eebf11f79353', 'username': 'tinyfrog932', 'password': 'cavalier', 'salt': 'dJYGaput', 'md5': '7bc970e73c524df8f4ad93fbc65b7b41', 'sha1': '5f925fcd22ef57c0b635214a4a6058604a7ace73', 'sha256': 'd76d0c5b46681a90a878e4b161400560de73bf0ecdfb8c885a47ec9036188543'}, 'dob': {'date': '1994-11-04T17:27:32.419Z', 'age': 29}, 'registered': {'date': '2016-02-05T10:42:20.536Z', 'age': 8}, 'phone': '(219) 552-3168', 'cell': '(976) 950-5840', 'id': {'name': 'SSN', 'value': '061-97-8643'}, 'picture': {'large': 'https://randomuser.me/api/portraits/men/99.jpg', 'medium': 'https://randomuser.me/api/portraits/med/men/99.jpg', 'thumbnail': 'https://randomuser.me/api/portraits/thumb/men/99.jpg'}, 'nat': 'US'}</msg>
<arg>${json_data['results'][0]}</arg>
<doc>Logs the given message with the given level.</doc>
<status status="PASS" start="2024-07-22T10:16:26.185511" elapsed="0.000392"/>
</kw>
<kw name="Log" owner="BuiltIn">
<msg time="2024-07-22T10:16:26.186321" level="INFO">login</msg>
<arg>${key}</arg>
<doc>Logs the given message with the given level.</doc>
<status status="PASS" start="2024-07-22T10:16:26.186196" elapsed="0.000162"/>
</kw>
<var name="${key}">login</var>
<status status="PASS" start="2024-07-22T10:16:26.184849" elapsed="0.001722"/>
</iter>
<var>${key}</var>
<value>@{expected_keys}</value>
<status status="PASS" start="2024-07-22T10:16:26.176650" elapsed="0.010039"/>
</for>
<kw name="Create List" owner="BuiltIn">
<msg time="2024-07-22T10:16:26.187019" level="INFO">${expected_keysTwo} = ['username', 'password']</msg>
<var>${expected_keysTwo}</var>
<arg>username</arg>
<arg>password</arg>
<doc>Returns a list containing given items.</doc>
<status status="PASS" start="2024-07-22T10:16:26.186881" elapsed="0.000163"/>
</kw>
<for flavor="IN">
<iter>
<kw name="Dictionary Should Contain Key" owner="Collections">
<arg>${json_data['results'][0]['login']}</arg>
<arg>${keyTwo}</arg>
<doc>Fails if ``key`` is not found from ``dictionary``.</doc>
<status status="PASS" start="2024-07-22T10:16:26.187573" elapsed="0.000410"/>
</kw>
<kw name="Dictionary Should Contain Key" owner="Collections">
<arg>${json_data['results'][0]['login']}</arg>
<arg>${keyTwo}</arg>
<doc>Fails if ``key`` is not found from ``dictionary``.</doc>
<status status="PASS" start="2024-07-22T10:16:26.188171" elapsed="0.000372"/>
</kw>
<kw name="Log" owner="BuiltIn">
<msg time="2024-07-22T10:16:26.188839" level="INFO">username</msg>
<arg>${keyTwo}</arg>
<doc>Logs the given message with the given level.</doc>
<status status="PASS" start="2024-07-22T10:16:26.188721" elapsed="0.000156"/>
</kw>
<var name="${keyTwo}">username</var>
<status status="PASS" start="2024-07-22T10:16:26.187467" elapsed="0.001628"/>
</iter>
<iter>
<kw name="Dictionary Should Contain Key" owner="Collections">
<arg>${json_data['results'][0]['login']}</arg>
<arg>${keyTwo}</arg>
<doc>Fails if ``key`` is not found from ``dictionary``.</doc>
<status status="PASS" start="2024-07-22T10:16:26.189376" elapsed="0.000381"/>
</kw>
<kw name="Dictionary Should Contain Key" owner="Collections">
<arg>${json_data['results'][0]['login']}</arg>
<arg>${keyTwo}</arg>
<doc>Fails if ``key`` is not found from ``dictionary``.</doc>
<status status="PASS" start="2024-07-22T10:16:26.189935" elapsed="0.000368"/>
</kw>
<kw name="Log" owner="BuiltIn">
<msg time="2024-07-22T10:16:26.190602" level="INFO">password</msg>
<arg>${keyTwo}</arg>
<doc>Logs the given message with the given level.</doc>
<status status="PASS" start="2024-07-22T10:16:26.190478" elapsed="0.000162"/>
</kw>
<var name="${keyTwo}">password</var>
<status status="PASS" start="2024-07-22T10:16:26.189266" elapsed="0.001598"/>
</iter>
<var>${keyTwo}</var>
<value>@{expected_keysTwo}</value>
<status status="PASS" start="2024-07-22T10:16:26.187310" elapsed="0.003675"/>
</for>
<status status="PASS" start="2024-07-22T10:16:26.063906" elapsed="0.127223"/>
</kw>
<doc>Testa a estrutura da resposta da API.</doc>
<tag>testeEstruturaResposta</tag>
<status status="PASS" start="2024-07-22T10:16:26.063369" elapsed="0.127918"/>
</test>
<test id="s1-s1-t4" name="Validar tipos de dados" line="28">
<kw name="Teste de Tipos de Dados" owner="random-user-service">
<kw name="GET On Session" owner="RequestsLibrary">
<msg time="2024-07-22T10:16:26.258621" level="INFO">GET Request : url=https://randomuser.me/api 
 path_url=/api 
 headers={'User-Agent': 'python-requests/2.32.3', 'Accept-Encoding': 'gzip, deflate', 'Accept': '*/*', 'Connection': 'keep-alive'} 
 body=None 
 </msg>
<msg time="2024-07-22T10:16:26.258702" level="INFO">GET Response : url=https://randomuser.me/api 
 status=200, reason=OK 
 headers={'Date': 'Mon, 22 Jul 2024 10:16:26 GMT', 'Content-Type': 'application/json; charset=utf-8', 'Transfer-Encoding': 'chunked', 'Connection': 'keep-alive', 'X-Powered-By': 'Express', 'Access-Control-Allow-Origin': '*', 'Cache-Control': 'no-cache', 'ETag': 'W/"487-0ct1NWFoAyaolphEKxIUaI8HAT4"', 'Vary': 'Accept-Encoding', 'Content-Encoding': 'gzip', 'CF-Cache-Status': 'DYNAMIC', 'Report-To': '{"endpoints":[{"url":"https:\\/\\/a.nel.cloudflare.com\\/report\\/v4?s=IZ4HiE7XIkIaTKSzIkM5dyHxPtvc3%2BV8MeJl7DptUMEsqTU20uWypbSNcnTGXUuVsR4VBDZSsmvOEkigOQbjRerYk3mqn%2BE0CNorQO6QXPsZsTpXB4Lg%2BL%2BiW6MY7ZLy"}],"group":"cf-nel","max_age":604800}', 'NEL': '{"success_fraction":0,"report_to":"cf-nel","max_age":604800}', 'Server': 'cloudflare', 'CF-RAY': '8a72acdbbbd12093-IAD', 'alt-svc': 'h3=":443"; ma=86400'} 
 body={"results":[{"gender":"male","name":{"title":"Mr","first":"پوریا","last":"قاسمی"},"location":{"street":{"number":3963,"name":"شهید کامبیز خشی"},"city":"اسلام‌شهر","state":"کرمانشاه","country":"Iran","postcode":42204,"coordinates":{"latitude":"13.9905","longitude":"-140.0788"},"timezone":{"offset":"+4:30","description":"Kabul"}},"email":"pwry.qsmy@example.com","login":{"uuid":"f7a681d5-155c-4c4d-9868-3b83af35da75","username":"greenleopard321","password":"load","salt":"gvwXXp1e","md5":"043a7c3975159f07b947c45c56170c09","sha1":"befb8321b00b444ba137b047b92c38855ca2ca3b","sha256":"114dfd5ba872b52c139ec434665c67b9f5d712238853a4075591b35761164720"},"dob":{"date":"1984-06-16T11:57:04.488Z","age":40},"registered":{"date":"2013-05-20T09:22:48.822Z","age":11},"phone":"069-23864324","cell":"0965-409-5213","id":{"name":"","value":null},"picture":{"large":"https://randomuser.me/api/portraits/men/23.jpg","medium":"https://randomuser.me/api/portraits/med/men/23.jpg","thumbnail":"https://randomuser.me/api/portraits/thumb/men/23.jpg"},"nat":"IR"}],"info":{"seed":"6726cf3ba2cf9eb7","results":1,"page":1,"version":"1.4"}} 
 </msg>
<msg time="2024-07-22T10:16:26.258774" level="INFO">/opt/hostedtoolcache/Python/3.12.4/x64/lib/python3.12/site-packages/urllib3/connectionpool.py:1099: InsecureRequestWarning: Unverified HTTPS request is being made to host 'randomuser.me'. Adding certificate verification is strongly advised. See: https://urllib3.readthedocs.io/en/latest/advanced-usage.html#tls-warnings
  warnings.warn(</msg>
<msg time="2024-07-22T10:16:26.258894" level="INFO">${response} = &lt;Response [200]&gt;</msg>
<var>${response}</var>
<arg>consultarAPI</arg>
<arg>/api</arg>
<doc>Sends a GET request on a previously created HTTP Session.</doc>
<status status="PASS" start="2024-07-22T10:16:26.193841" elapsed="0.065097"/>
</kw>
<kw name="Set Variable" owner="BuiltIn">
<msg time="2024-07-22T10:16:26.259931" level="INFO">${json_data} = {'results': [{'gender': 'male', 'name': {'title': 'Mr', 'first': 'پوریا', 'last': 'قاسمی'}, 'location': {'street': {'number': 3963, 'name': 'شهید کامبیز خشی'}, 'city': 'اسلام\u200cشهر', 'state': 'کرما...</msg>
<var>${json_data}</var>
<arg>${response.json()}</arg>
<doc>Returns the given values which can then be assigned to a variables.</doc>
<status status="PASS" start="2024-07-22T10:16:26.259394" elapsed="0.000573"/>
</kw>
<kw name="Log" owner="BuiltIn">
<msg time="2024-07-22T10:16:26.260460" level="INFO">{'results': [{'gender': 'male', 'name': {'title': 'Mr', 'first': 'پوریا', 'last': 'قاسمی'}, 'location': {'street': {'number': 3963, 'name': 'شهید کامبیز خشی'}, 'city': 'اسلام\u200cشهر', 'state': 'کرمانشاه', 'country': 'Iran', 'postcode': 42204, 'coordinates': {'latitude': '13.9905', 'longitude': '-140.0788'}, 'timezone': {'offset': '+4:30', 'description': 'Kabul'}}, 'email': 'pwry.qsmy@example.com', 'login': {'uuid': 'f7a681d5-155c-4c4d-9868-3b83af35da75', 'username': 'greenleopard321', 'password': 'load', 'salt': 'gvwXXp1e', 'md5': '043a7c3975159f07b947c45c56170c09', 'sha1': 'befb8321b00b444ba137b047b92c38855ca2ca3b', 'sha256': '114dfd5ba872b52c139ec434665c67b9f5d712238853a4075591b35761164720'}, 'dob': {'date': '1984-06-16T11:57:04.488Z', 'age': 40}, 'registered': {'date': '2013-05-20T09:22:48.822Z', 'age': 11}, 'phone': '069-23864324', 'cell': '0965-409-5213', 'id': {'name': '', 'value': None}, 'picture': {'large': 'https://randomuser.me/api/portraits/men/23.jpg', 'medium': 'https://randomuser.me/api/portraits/med/men/23.jpg', 'thumbnail': 'https://randomuser.me/api/portraits/thumb/men/23.jpg'}, 'nat': 'IR'}], 'info': {'seed': '6726cf3ba2cf9eb7', 'results': 1, 'page': 1, 'version': '1.4'}}</msg>
<arg>${json_data}</arg>
<doc>Logs the given message with the given level.</doc>
<status status="PASS" start="2024-07-22T10:16:26.260297" elapsed="0.000217"/>
</kw>
<kw name="Should Be String" owner="String">
<arg>${json_data['results'][0]['gender']}</arg>
<doc>Fails if the given ``item`` is not a string.</doc>
<status status="PASS" start="2024-07-22T10:16:26.260819" elapsed="0.000374"/>
</kw>
<kw name="Should Match Regexp" owner="BuiltIn">
<arg>${json_data['results'][0]['email']}</arg>
<arg>^[a-zA-Z0-9._%+-]+@[a-zA-Z0-9.-]+\.[a-zA-Z]{2,}$</arg>
<doc>Fails if ``string`` does not match ``pattern`` as a regular expression.</doc>
<status status="PASS" start="2024-07-22T10:16:26.261385" elapsed="0.000516"/>
</kw>
<kw name="Should Match Regexp" owner="BuiltIn">
<arg>${json_data['results'][0]['dob']['date']}</arg>
<arg>\\d{4}-\\d{2}-\\d{2}T\\d{2}:\\d{2}:\\d{2}\\.\\d{3}Z</arg>
<doc>Fails if ``string`` does not match ``pattern`` as a regular expression.</doc>
<status status="PASS" start="2024-07-22T10:16:26.262135" elapsed="0.000623"/>
</kw>
<kw name="Should Match Regexp" owner="BuiltIn">
<arg>${json_data['results'][0]['registered']['date']}</arg>
<arg>\\d{4}-\\d{2}-\\d{2}T\\d{2}:\\d{2}:\\d{2}\\.\\d{3}Z</arg>
<doc>Fails if ``string`` does not match ``pattern`` as a regular expression.</doc>
<status status="PASS" start="2024-07-22T10:16:26.262949" elapsed="0.000371"/>
</kw>
<kw name="Should Match Regexp" owner="BuiltIn">
<arg>${json_data['results'][0]['picture']['large']}</arg>
<arg>^https?://.*\.(?:png|jpe?g|gif|bmp)$</arg>
<doc>Fails if ``string`` does not match ``pattern`` as a regular expression.</doc>
<status status="PASS" start="2024-07-22T10:16:26.263506" elapsed="0.000496"/>
</kw>
<kw name="Should Match Regexp" owner="BuiltIn">
<arg>${json_data['results'][0]['picture']['medium']}</arg>
<arg>^https?://.*\.(?:png|jpe?g|gif|bmp)$</arg>
<doc>Fails if ``string`` does not match ``pattern`` as a regular expression.</doc>
<status status="PASS" start="2024-07-22T10:16:26.264196" elapsed="0.000358"/>
</kw>
<kw name="Should Match Regexp" owner="BuiltIn">
<arg>${json_data['results'][0]['picture']['thumbnail']}</arg>
<arg>^https?://.*\.(?:png|jpe?g|gif|bmp)$</arg>
<doc>Fails if ``string`` does not match ``pattern`` as a regular expression.</doc>
<status status="PASS" start="2024-07-22T10:16:26.264740" elapsed="0.000349"/>
</kw>
<kw name="Log" owner="BuiltIn">
<msg time="2024-07-22T10:16:26.265589" level="INFO">{'large': 'https://randomuser.me/api/portraits/men/23.jpg', 'medium': 'https://randomuser.me/api/portraits/med/men/23.jpg', 'thumbnail': 'https://randomuser.me/api/portraits/thumb/men/23.jpg'}</msg>
<arg>${json_data['results'][0]['picture']}</arg>
<doc>Logs the given message with the given level.</doc>
<status status="PASS" start="2024-07-22T10:16:26.265268" elapsed="0.000363"/>
</kw>
<status status="PASS" start="2024-07-22T10:16:26.193613" elapsed="0.072277"/>
</kw>
<kw name="Teste de Tipos de Dados - Postcode" owner="random-user-service">
<kw name="GET On Session" owner="RequestsLibrary">
<msg time="2024-07-22T10:16:26.441230" level="INFO">GET Request : url=https://randomuser.me/api 
 path_url=/api 
 headers={'User-Agent': 'python-requests/2.32.3', 'Accept-Encoding': 'gzip, deflate', 'Accept': '*/*', 'Connection': 'keep-alive'} 
 body=None 
 </msg>
<msg time="2024-07-22T10:16:26.441310" level="INFO">GET Response : url=https://randomuser.me/api 
 status=200, reason=OK 
 headers={'Date': 'Mon, 22 Jul 2024 10:16:26 GMT', 'Content-Type': 'application/json; charset=utf-8', 'Transfer-Encoding': 'chunked', 'Connection': 'keep-alive', 'X-Powered-By': 'Express', 'Access-Control-Allow-Origin': '*', 'Cache-Control': 'no-cache', 'ETag': 'W/"49e-ITsllQi5OX/HMuW22qLP2I6sMQA"', 'Vary': 'Accept-Encoding', 'Content-Encoding': 'gzip', 'CF-Cache-Status': 'DYNAMIC', 'Report-To': '{"endpoints":[{"url":"https:\\/\\/a.nel.cloudflare.com\\/report\\/v4?s=9NnB%2Bw%2FSalwqO7n%2BtBPeSz5p13T%2Bu4GDB3Sw4lyc%2BvKZfrijSAkuZRjAHigzLOxn%2FuEvAC7sE4IvLXLXwwT%2F2u8BtPDQtPRpNwmkTRr2zDc8HnUDmfZ3gjwtssW7CLvb"}],"group":"cf-nel","max_age":604800}', 'NEL': '{"success_fraction":0,"report_to":"cf-nel","max_age":604800}', 'Server': 'cloudflare', 'CF-RAY': '8a72acdc3c372093-IAD', 'alt-svc': 'h3=":443"; ma=86400'} 
 body={"results":[{"gender":"male","name":{"title":"Mr","first":"Idário","last":"Pires"},"location":{"street":{"number":8281,"name":"Rua Rio de Janeiro "},"city":"Vitória","state":"Mato Grosso do Sul","country":"Brazil","postcode":77896,"coordinates":{"latitude":"-77.8856","longitude":"-41.1601"},"timezone":{"offset":"-3:00","description":"Brazil, Buenos Aires, Georgetown"}},"email":"idario.pires@example.com","login":{"uuid":"8c5d9f6c-ef90-44d4-8cea-3d72e35e34f8","username":"tinyostrich288","password":"shai","salt":"68KbrZsd","md5":"952c14e20e26bdaa235eb8db194c4127","sha1":"7efb89ad342f838f707f715801a6ac930a0b4b96","sha256":"0eeb58c0b2de654921c88c7c6555071e4e41c18a61b52c532ec60d9a35d2976a"},"dob":{"date":"1993-04-20T09:53:41.355Z","age":31},"registered":{"date":"2011-03-06T09:30:41.562Z","age":13},"phone":"(92) 3923-9584","cell":"(09) 0096-6649","id":{"name":"CPF","value":"208.567.144-60"},"picture":{"large":"https://randomuser.me/api/portraits/men/16.jpg","medium":"https://randomuser.me/api/portraits/med/men/16.jpg","thumbnail":"https://randomuser.me/api/portraits/thumb/men/16.jpg"},"nat":"BR"}],"info":{"seed":"51b476ab183ce90f","results":1,"page":1,"version":"1.4"}} 
 </msg>
<msg time="2024-07-22T10:16:26.441375" level="INFO">/opt/hostedtoolcache/Python/3.12.4/x64/lib/python3.12/site-packages/urllib3/connectionpool.py:1099: InsecureRequestWarning: Unverified HTTPS request is being made to host 'randomuser.me'. Adding certificate verification is strongly advised. See: https://urllib3.readthedocs.io/en/latest/advanced-usage.html#tls-warnings
  warnings.warn(</msg>
<msg time="2024-07-22T10:16:26.441494" level="INFO">${response} = &lt;Response [200]&gt;</msg>
<var>${response}</var>
<arg>consultarAPI</arg>
<arg>/api</arg>
<doc>Sends a GET request on a previously created HTTP Session.</doc>
<status status="PASS" start="2024-07-22T10:16:26.266343" elapsed="0.175190"/>
</kw>
<kw name="Set Variable" owner="BuiltIn">
<msg time="2024-07-22T10:16:26.442479" level="INFO">${json_data} = {'results': [{'gender': 'male', 'name': {'title': 'Mr', 'first': 'Idário', 'last': 'Pires'}, 'location': {'street': {'number': 8281, 'name': 'Rua Rio de Janeiro '}, 'city': 'Vitória', 'state': 'Mato G...</msg>
<var>${json_data}</var>
<arg>${response.json()}</arg>
<doc>Returns the given values which can then be assigned to a variables.</doc>
<status status="PASS" start="2024-07-22T10:16:26.441994" elapsed="0.000515"/>
</kw>
<kw name="Log" owner="BuiltIn">
<msg time="2024-07-22T10:16:26.442972" level="INFO">{'results': [{'gender': 'male', 'name': {'title': 'Mr', 'first': 'Idário', 'last': 'Pires'}, 'location': {'street': {'number': 8281, 'name': 'Rua Rio de Janeiro '}, 'city': 'Vitória', 'state': 'Mato Grosso do Sul', 'country': 'Brazil', 'postcode': 77896, 'coordinates': {'latitude': '-77.8856', 'longitude': '-41.1601'}, 'timezone': {'offset': '-3:00', 'description': 'Brazil, Buenos Aires, Georgetown'}}, 'email': 'idario.pires@example.com', 'login': {'uuid': '8c5d9f6c-ef90-44d4-8cea-3d72e35e34f8', 'username': 'tinyostrich288', 'password': 'shai', 'salt': '68KbrZsd', 'md5': '952c14e20e26bdaa235eb8db194c4127', 'sha1': '7efb89ad342f838f707f715801a6ac930a0b4b96', 'sha256': '0eeb58c0b2de654921c88c7c6555071e4e41c18a61b52c532ec60d9a35d2976a'}, 'dob': {'date': '1993-04-20T09:53:41.355Z', 'age': 31}, 'registered': {'date': '2011-03-06T09:30:41.562Z', 'age': 13}, 'phone': '(92) 3923-9584', 'cell': '(09) 0096-6649', 'id': {'name': 'CPF', 'value': '208.567.144-60'}, 'picture': {'large': 'https://randomuser.me/api/portraits/men/16.jpg', 'medium': 'https://randomuser.me/api/portraits/med/men/16.jpg', 'thumbnail': 'https://randomuser.me/api/portraits/thumb/men/16.jpg'}, 'nat': 'BR'}], 'info': {'seed': '51b476ab183ce90f', 'results': 1, 'page': 1, 'version': '1.4'}}</msg>
<arg>${json_data}</arg>
<doc>Logs the given message with the given level.</doc>
<status status="PASS" start="2024-07-22T10:16:26.442816" elapsed="0.000211"/>
</kw>
<kw name="Should Be Equal As Numbers" owner="BuiltIn">
<arg>${json_data['results'][0]['location']['postcode']}</arg>
<arg>${json_data['results'][0]['location']['postcode']}</arg>
<doc>Fails if objects are unequal after converting them to real numbers.</doc>
<status status="PASS" start="2024-07-22T10:16:26.443320" elapsed="0.000671"/>
</kw>
<kw name="Log" owner="BuiltIn">
<msg time="2024-07-22T10:16:26.444529" level="INFO">77896</msg>
<arg>${json_data['results'][0]['location']['postcode']}</arg>
<doc>Logs the given message with the given level.</doc>
<status status="PASS" start="2024-07-22T10:16:26.444189" elapsed="0.000380"/>
</kw>
<status status="PASS" start="2024-07-22T10:16:26.266112" elapsed="0.178743"/>
</kw>
<doc>Testa se os tipos de dados na resposta da API estão corretos.</doc>
<tag>testeTiposDados</tag>
<status status="PASS" start="2024-07-22T10:16:26.193131" elapsed="0.251892"/>
</test>
<test id="s1-s1-t5" name="Validar conteudo" line="35">
<kw name="Teste de Tipos de Conteudo" owner="random-user-service">
<kw name="GET On Session" owner="RequestsLibrary">
<msg time="2024-07-22T10:16:26.502046" level="INFO">GET Request : url=https://randomuser.me/api 
 path_url=/api 
 headers={'User-Agent': 'python-requests/2.32.3', 'Accept-Encoding': 'gzip, deflate', 'Accept': '*/*', 'Connection': 'keep-alive'} 
 body=None 
 </msg>
<msg time="2024-07-22T10:16:26.502112" level="INFO">GET Response : url=https://randomuser.me/api 
 status=200, reason=OK 
 headers={'Date': 'Mon, 22 Jul 2024 10:16:26 GMT', 'Content-Type': 'application/json; charset=utf-8', 'Transfer-Encoding': 'chunked', 'Connection': 'keep-alive', 'X-Powered-By': 'Express', 'Access-Control-Allow-Origin': '*', 'Cache-Control': 'no-cache', 'ETag': 'W/"47e-Gp79Vlm44K8EuhZkIivrTJ674t8"', 'Vary': 'Accept-Encoding', 'Content-Encoding': 'gzip', 'CF-Cache-Status': 'DYNAMIC', 'Report-To': '{"endpoints":[{"url":"https:\\/\\/a.nel.cloudflare.com\\/report\\/v4?s=VULFLLrYLITv8zKEhPx%2BW1Nurlt%2BPeydKf9bL4MwIgTMfs3sOOUL7%2FPzucMUsLYYgbkNTSTERxMonJxxwaVuKjmepvS3z%2FfqUIHwWii68slAbMbs9z9QATw0F36uzkBj"}],"group":"cf-nel","max_age":604800}', 'NEL': '{"success_fraction":0,"report_to":"cf-nel","max_age":604800}', 'Server': 'cloudflare', 'CF-RAY': '8a72acdd5d1e2093-IAD', 'alt-svc': 'h3=":443"; ma=86400'} 
 body={"results":[{"gender":"male","name":{"title":"Mr","first":"Ben","last":"Gutierrez"},"location":{"street":{"number":7246,"name":"Oak Ridge Ln"},"city":"Fresno","state":"Illinois","country":"United States","postcode":58720,"coordinates":{"latitude":"82.5590","longitude":"-141.9936"},"timezone":{"offset":"+5:45","description":"Kathmandu"}},"email":"ben.gutierrez@example.com","login":{"uuid":"15bb9548-7983-4127-bd97-1a5f8684cfd3","username":"organicladybug192","password":"skinny","salt":"BJHmejE9","md5":"12634d9ded45c9df32087b41b64ed03c","sha1":"20ebb87b531a1d32e35d614acff06fd4723df1d6","sha256":"07421b0a6086c2289ce4ac1c7dd2401f01d7992544ff316817623627d273f88b"},"dob":{"date":"1980-06-01T19:35:47.348Z","age":44},"registered":{"date":"2009-05-06T22:19:48.235Z","age":15},"phone":"(645) 479-8265","cell":"(627) 270-0219","id":{"name":"SSN","value":"243-80-6615"},"picture":{"large":"https://randomuser.me/api/portraits/men/97.jpg","medium":"https://randomuser.me/api/portraits/med/men/97.jpg","thumbnail":"https://randomuser.me/api/portraits/thumb/men/97.jpg"},"nat":"US"}],"info":{"seed":"2d37ad8f7beafe6d","results":1,"page":1,"version":"1.4"}} 
 </msg>
<msg time="2024-07-22T10:16:26.502172" level="INFO">/opt/hostedtoolcache/Python/3.12.4/x64/lib/python3.12/site-packages/urllib3/connectionpool.py:1099: InsecureRequestWarning: Unverified HTTPS request is being made to host 'randomuser.me'. Adding certificate verification is strongly advised. See: https://urllib3.readthedocs.io/en/latest/advanced-usage.html#tls-warnings
  warnings.warn(</msg>
<msg time="2024-07-22T10:16:26.502257" level="INFO">${response} = &lt;Response [200]&gt;</msg>
<var>${response}</var>
<arg>consultarAPI</arg>
<arg>/api</arg>
<doc>Sends a GET request on a previously created HTTP Session.</doc>
<status status="PASS" start="2024-07-22T10:16:26.447500" elapsed="0.054782"/>
</kw>
<kw name="Set Variable" owner="BuiltIn">
<msg time="2024-07-22T10:16:26.503118" level="INFO">${json_data} = {'results': [{'gender': 'male', 'name': {'title': 'Mr', 'first': 'Ben', 'last': 'Gutierrez'}, 'location': {'street': {'number': 7246, 'name': 'Oak Ridge Ln'}, 'city': 'Fresno', 'state': 'Illinois', 'c...</msg>
<var>${json_data}</var>
<arg>${response.json()}</arg>
<doc>Returns the given values which can then be assigned to a variables.</doc>
<status status="PASS" start="2024-07-22T10:16:26.502667" elapsed="0.000480"/>
</kw>
<kw name="Set Variable" owner="BuiltIn">
<msg time="2024-07-22T10:16:26.503831" level="INFO">${name_title} = Mr</msg>
<var>${name_title}</var>
<arg>${json_data["results"][0]["name"]["title"]}</arg>
<doc>Returns the given values which can then be assigned to a variables.</doc>
<status status="PASS" start="2024-07-22T10:16:26.503451" elapsed="0.000406"/>
</kw>
<kw name="Create List" owner="BuiltIn">
<msg time="2024-07-22T10:16:26.504365" level="INFO">${allowed_titles} = ['Mr', 'Ms', 'Miss', 'Mrs', 'Madame', 'Monsieur']</msg>
<var>${allowed_titles}</var>
<arg>Mr</arg>
<arg>Ms</arg>
<arg>Miss</arg>
<arg>Mrs</arg>
<arg>Madame</arg>
<arg>Monsieur</arg>
<doc>Returns a list containing given items.</doc>
<status status="PASS" start="2024-07-22T10:16:26.504217" elapsed="0.000172"/>
</kw>
<kw name="List Should Contain Value" owner="Collections">
<arg>${allowed_titles}</arg>
<arg>${name_title}</arg>
<doc>Fails if the ``value`` is not found from ``list``.</doc>
<status status="PASS" start="2024-07-22T10:16:26.504686" elapsed="0.000181"/>
</kw>
<kw name="Set Variable" owner="BuiltIn">
<msg time="2024-07-22T10:16:26.505432" level="INFO">${name_country} = US</msg>
<var>${name_country}</var>
<arg>${json_data["results"][0]["nat"]}</arg>
<doc>Returns the given values which can then be assigned to a variables.</doc>
<status status="PASS" start="2024-07-22T10:16:26.505048" elapsed="0.000409"/>
</kw>
<kw name="Create List" owner="BuiltIn">
<msg time="2024-07-22T10:16:26.506340" level="INFO">${list_country} = ['AD', 'AE', 'AF', 'AG', 'AI', 'AL', 'AM', 'AO', 'AQ', 'AR', 'AS', 'AT', 'AU', 'AW', 'AX', 'AZ', 'BA', 'BB', 'BD', 'BE', 'BF', 'BG', 'BH', 'BI', 'BJ', 'BL', 'BM', 'BN', 'BO', 'BQ', 'BR', 'BS', 'BT', '...</msg>
<var>${list_country}</var>
<arg>AD</arg>
<arg>AE</arg>
<arg>AF</arg>
<arg>AG</arg>
<arg>AI</arg>
<arg>AL</arg>
<arg>AM</arg>
<arg>AO</arg>
<arg>AQ</arg>
<arg>AR</arg>
<arg>AS</arg>
<arg>AT</arg>
<arg>AU</arg>
<arg>AW</arg>
<arg>AX</arg>
<arg>AZ</arg>
<arg>BA</arg>
<arg>BB</arg>
<arg>BD</arg>
<arg>BE</arg>
<arg>BF</arg>
<arg>BG</arg>
<arg>BH</arg>
<arg>BI</arg>
<arg>BJ</arg>
<arg>BL</arg>
<arg>BM</arg>
<arg>BN</arg>
<arg>BO</arg>
<arg>BQ</arg>
<arg>BR</arg>
<arg>BS</arg>
<arg>BT</arg>
<arg>BV</arg>
<arg>BW</arg>
<arg>BY</arg>
<arg>BZ</arg>
<arg>CA</arg>
<arg>CC</arg>
<arg>CD</arg>
<arg>CF</arg>
<arg>CG</arg>
<arg>CH</arg>
<arg>CI</arg>
<arg>CK</arg>
<arg>CL</arg>
<arg>CM</arg>
<arg>CN</arg>
<arg>CO</arg>
<arg>CR</arg>
<arg>CU</arg>
<arg>CV</arg>
<arg>CW</arg>
<arg>CX</arg>
<arg>CY</arg>
<arg>CZ</arg>
<arg>DE</arg>
<arg>DJ</arg>
<arg>DK</arg>
<arg>DM</arg>
<arg>DO</arg>
<arg>DZ</arg>
<arg>EC</arg>
<arg>EE</arg>
<arg>EG</arg>
<arg>EH</arg>
<arg>ER</arg>
<arg>ES</arg>
<arg>ET</arg>
<arg>FI</arg>
<arg>FJ</arg>
<arg>FK</arg>
<arg>FM</arg>
<arg>FO</arg>
<arg>FR</arg>
<arg>GA</arg>
<arg>GB</arg>
<arg>GD</arg>
<arg>GE</arg>
<arg>GF</arg>
<arg>GG</arg>
<arg>GH</arg>
<arg>GI</arg>
<arg>GL</arg>
<arg>GM</arg>
<arg>GN</arg>
<arg>GP</arg>
<arg>GQ</arg>
<arg>GR</arg>
<arg>GS</arg>
<arg>GT</arg>
<arg>GU</arg>
<arg>GW</arg>
<arg>GY</arg>
<arg>HK</arg>
<arg>HM</arg>
<arg>HN</arg>
<arg>HR</arg>
<arg>HT</arg>
<arg>HU</arg>
<arg>ID</arg>
<arg>IE</arg>
<arg>IL</arg>
<arg>IM</arg>
<arg>IN</arg>
<arg>IO</arg>
<arg>IQ</arg>
<arg>IR</arg>
<arg>IS</arg>
<arg>IT</arg>
<arg>JE</arg>
<arg>JM</arg>
<arg>JO</arg>
<arg>JP</arg>
<arg>KE</arg>
<arg>KG</arg>
<arg>KH</arg>
<arg>KI</arg>
<arg>KM</arg>
<arg>KN</arg>
<arg>KP</arg>
<arg>KR</arg>
<arg>KW</arg>
<arg>KY</arg>
<arg>KZ</arg>
<arg>LA</arg>
<arg>LB</arg>
<arg>LC</arg>
<arg>LI</arg>
<arg>LK</arg>
<arg>LR</arg>
<arg>LS</arg>
<arg>LT</arg>
<arg>LU</arg>
<arg>LV</arg>
<arg>LY</arg>
<arg>MA</arg>
<arg>MC</arg>
<arg>MD</arg>
<arg>ME</arg>
<arg>MF</arg>
<arg>MG</arg>
<arg>MH</arg>
<arg>MK</arg>
<arg>ML</arg>
<arg>MM</arg>
<arg>MN</arg>
<arg>MO</arg>
<arg>MP</arg>
<arg>MQ</arg>
<arg>MR</arg>
<arg>MS</arg>
<arg>MT</arg>
<arg>MU</arg>
<arg>MV</arg>
<arg>MW</arg>
<arg>MX</arg>
<arg>MY</arg>
<arg>MZ</arg>
<arg>NA</arg>
<arg>NC</arg>
<arg>NE</arg>
<arg>NF</arg>
<arg>NG</arg>
<arg>NI</arg>
<arg>NL</arg>
<arg>NO</arg>
<arg>NP</arg>
<arg>NR</arg>
<arg>NU</arg>
<arg>NZ</arg>
<arg>OM</arg>
<arg>PA</arg>
<arg>PE</arg>
<arg>PF</arg>
<arg>PG</arg>
<arg>PH</arg>
<arg>PK</arg>
<arg>PL</arg>
<arg>PM</arg>
<arg>PN</arg>
<arg>PR</arg>
<arg>PS</arg>
<arg>PT</arg>
<arg>PW</arg>
<arg>PY</arg>
<arg>QA</arg>
<arg>RE</arg>
<arg>RO</arg>
<arg>RS</arg>
<arg>RU</arg>
<arg>RW</arg>
<arg>SA</arg>
<arg>SB</arg>
<arg>SC</arg>
<arg>SD</arg>
<arg>SE</arg>
<arg>SG</arg>
<arg>SH</arg>
<arg>SI</arg>
<arg>SJ</arg>
<arg>SK</arg>
<arg>SL</arg>
<arg>SM</arg>
<arg>SN</arg>
<arg>SO</arg>
<arg>SR</arg>
<arg>SS</arg>
<arg>ST</arg>
<arg>SV</arg>
<arg>SX</arg>
<arg>SY</arg>
<arg>SZ</arg>
<arg>TC</arg>
<arg>TD</arg>
<arg>TF</arg>
<arg>TG</arg>
<arg>TH</arg>
<arg>TJ</arg>
<arg>TK</arg>
<arg>TL</arg>
<arg>TM</arg>
<arg>TN</arg>
<arg>TO</arg>
<arg>TR</arg>
<arg>TT</arg>
<arg>TV</arg>
<arg>TW</arg>
<arg>TZ</arg>
<arg>UA</arg>
<arg>UG</arg>
<arg>UM</arg>
<arg>US</arg>
<arg>UY</arg>
<arg>UZ</arg>
<arg>VA</arg>
<arg>VC</arg>
<arg>VE</arg>
<arg>VG</arg>
<arg>VI</arg>
<arg>VN</arg>
<arg>VU</arg>
<arg>WF</arg>
<arg>WS</arg>
<arg>XK</arg>
<arg>YE</arg>
<arg>YT</arg>
<arg>ZA</arg>
<arg>ZM</arg>
<arg>ZW</arg>
<doc>Returns a list containing given items.</doc>
<status status="PASS" start="2024-07-22T10:16:26.505747" elapsed="0.000619"/>
</kw>
<kw name="List Should Contain Value" owner="Collections">
<arg>${list_country}</arg>
<arg>${name_country}</arg>
<doc>Fails if the ``value`` is not found from ``list``.</doc>
<status status="PASS" start="2024-07-22T10:16:26.507303" elapsed="0.000207"/>
</kw>
<kw name="Run Keyword If" owner="BuiltIn">
<kw name="Should Be True" owner="BuiltIn">
<arg>${True}</arg>
<doc>Fails if the given condition is not true.</doc>
<status status="PASS" start="2024-07-22T10:16:26.508489" elapsed="0.000141"/>
</kw>
<arg>${json_data["results"][0]["location"]["coordinates"]["latitude"]} &gt;= -90 and ${json_data["results"][0]["location"]["coordinates"]["latitude"]} &lt;= 90</arg>
<arg>Should Be True</arg>
<arg>${True}</arg>
<doc>Runs the given keyword with the given arguments, if ``condition`` is true.</doc>
<status status="PASS" start="2024-07-22T10:16:26.507704" elapsed="0.001051"/>
</kw>
<kw name="Run Keyword If" owner="BuiltIn">
<kw name="Should Be True" owner="BuiltIn">
<arg>${True}</arg>
<doc>Fails if the given condition is not true.</doc>
<status status="PASS" start="2024-07-22T10:16:26.509617" elapsed="0.000134"/>
</kw>
<arg>${json_data["results"][0]["location"]["coordinates"]["longitude"]} &gt;= -180 and ${json_data["results"][0]["location"]["coordinates"]["longitude"]} &lt;= 180</arg>
<arg>Should Be True</arg>
<arg>${True}</arg>
<doc>Runs the given keyword with the given arguments, if ``condition`` is true.</doc>
<status status="PASS" start="2024-07-22T10:16:26.508934" elapsed="0.000940"/>
</kw>
<status status="PASS" start="2024-07-22T10:16:26.447277" elapsed="0.062723"/>
</kw>
<doc>Testa o conteúdo específico dos campos retornados pela API.</doc>
<tag>testeConteudo</tag>
<status status="PASS" start="2024-07-22T10:16:26.446772" elapsed="0.063368"/>
</test>
<status status="PASS" start="2024-07-22T10:16:25.557165" elapsed="0.954890"/>
</suite>
<status status="PASS" start="2024-07-22T10:16:25.542935" elapsed="0.974070"/>
</suite>
<statistics>
<total>
<stat pass="5" fail="0" skip="0">All Tests</stat>
</total>
<tag>
<stat pass="1" fail="0" skip="0">testeConteudo</stat>
<stat pass="1" fail="0" skip="0">testeEstruturaResposta</stat>
<stat pass="1" fail="0" skip="0">testeRequisicaoBasica</stat>
<stat pass="1" fail="0" skip="0">testeTiposDados</stat>
</tag>
<suite>
<stat pass="5" fail="0" skip="0" id="s1" name="Tests">Tests</stat>
<stat pass="5" fail="0" skip="0" id="s1-s1" name="Random-User-Test">Tests.Random-User-Test</stat>
</suite>
</statistics>
<errors>
</errors>
</robot>
