<?xml version="1.0" encoding="UTF-8"?>
<robot generator="Robot 7.0 (Python 3.12.3 on linux)" generated="2024-05-07T17:12:56.036437" rpa="false" schemaversion="5">
<suite id="s1" name="Tests" source="/home/runner/work/DesafioQAItauRogerioJordao/DesafioQAItauRogerioJordao/RamdonUser/tests">
<suite id="s1-s1" name="Random-User-Test" source="/home/runner/work/DesafioQAItauRogerioJordao/DesafioQAItauRogerioJordao/RamdonUser/tests/random-user-test.robot">
<test id="s1-s1-t1" name="Conectar" line="13">
<kw name="Conectar API" owner="random-user-service">
<kw name="Create Session" owner="RequestsLibrary">
<msg time="2024-05-07T17:12:56.404943" level="INFO">Creating Session using : alias=consultarAPI, url=https://randomuser.me/, headers={},                     cookies={}, auth=None, timeout=None, proxies=None, verify=False,                     debug=0 </msg>
<arg>consultarAPI</arg>
<arg>${URL}</arg>
<doc>Create Session: create a HTTP session to a server</doc>
<status status="PASS" start="2024-05-07T17:12:56.404739" elapsed="0.000403"/>
</kw>
<status status="PASS" start="2024-05-07T17:12:56.403728" elapsed="0.001773"/>
</kw>
<status status="PASS" start="2024-05-07T17:12:56.403141" elapsed="0.002551"/>
</test>
<test id="s1-s1-t2" name="Validar retorno 200 e JSON Válido" line="16">
<kw name="Teste de Requisicao Basica" owner="random-user-service">
<kw name="GET On Session" owner="RequestsLibrary">
<msg time="2024-05-07T17:12:56.555939" level="INFO">GET Request : url=https://randomuser.me/api 
 path_url=/api 
 headers={'User-Agent': 'python-requests/2.31.0', 'Accept-Encoding': 'gzip, deflate', 'Accept': '*/*', 'Connection': 'keep-alive'} 
 body=None 
 </msg>
<msg time="2024-05-07T17:12:56.556115" level="INFO">GET Response : url=https://randomuser.me/api 
 status=200, reason=OK 
 headers={'Date': 'Tue, 07 May 2024 17:12:56 GMT', 'Content-Type': 'application/json; charset=utf-8', 'Transfer-Encoding': 'chunked', 'Connection': 'keep-alive', 'X-Powered-By': 'Express', 'Access-Control-Allow-Origin': '*', 'Cache-Control': 'no-cache', 'ETag': 'W/"488-g2p54dQT3hc6SLxMkgDI5CaQlFs"', 'Vary': 'Accept-Encoding', 'Content-Encoding': 'gzip', 'CF-Cache-Status': 'DYNAMIC', 'Report-To': '{"endpoints":[{"url":"https:\\/\\/a.nel.cloudflare.com\\/report\\/v4?s=MQW%2FcJZlgJUpVxTOiRhCKqfv%2F0VyG24OoFGmlwByHrmh3DcvhF%2FMT18kpX%2BXzfl9VpHkOCnk0s3idYamKMJu5UG9zlmOAocTcM0GZOXVWD7Ra6Ltih4dahVPvrjmC8HT"}],"group":"cf-nel","max_age":604800}', 'NEL': '{"success_fraction":0,"report_to":"cf-nel","max_age":604800}', 'Server': 'cloudflare', 'CF-RAY': '8802d6790cefe17c-ORD', 'alt-svc': 'h3=":443"; ma=86400'} 
 body={"results":[{"gender":"male","name":{"title":"Mr","first":"Mattis","last":"Bonsaksen"},"location":{"street":{"number":8250,"name":"Tjernveien"},"city":"Åmli","state":"Bergen","country":"Norway","postcode":"9118","coordinates":{"latitude":"42.0718","longitude":"-108.8948"},"timezone":{"offset":"-5:00","description":"Eastern Time (US &amp; Canada), Bogota, Lima"}},"email":"mattis.bonsaksen@example.com","login":{"uuid":"913ddf14-6e08-4170-9099-c4f391bf45b2","username":"organicmeercat807","password":"1221","salt":"y4bHeBd1","md5":"d2d8681ea84f7e796de929b3d2a93caf","sha1":"5d3e25cc154938c52718473777c3c0fcaee71b67","sha256":"5486dd30e24d574cbf6ac93b8bb741ea7872a49ac1506df1189189bba7eab70c"},"dob":{"date":"1959-03-25T06:20:39.104Z","age":65},"registered":{"date":"2021-11-08T01:03:25.384Z","age":2},"phone":"61792361","cell":"91858845","id":{"name":"FN","value":"25035920385"},"picture":{"large":"https://randomuser.me/api/portraits/men/22.jpg","medium":"https://randomuser.me/api/portraits/med/men/22.jpg","thumbnail":"https://randomuser.me/api/portraits/thumb/men/22.jpg"},"nat":"NO"}],"info":{"seed":"a2fbd3194447d0d1","results":1,"page":1,"version":"1.4"}} 
 </msg>
<msg time="2024-05-07T17:12:56.556202" level="INFO">/opt/hostedtoolcache/Python/3.12.3/x64/lib/python3.12/site-packages/urllib3/connectionpool.py:1103: InsecureRequestWarning: Unverified HTTPS request is being made to host 'randomuser.me'. Adding certificate verification is strongly advised. See: https://urllib3.readthedocs.io/en/latest/advanced-usage.html#tls-warnings
  warnings.warn(</msg>
<msg time="2024-05-07T17:12:56.556355" level="INFO">${response} = &lt;Response [200]&gt;</msg>
<var>${response}</var>
<arg>consultarAPI</arg>
<arg>/api</arg>
<doc>Sends a GET request on a previously created HTTP Session.</doc>
<status status="PASS" start="2024-05-07T17:12:56.408306" elapsed="0.148093"/>
</kw>
<kw name="Should Be Equal As Numbers" owner="BuiltIn">
<msg time="2024-05-07T17:12:56.557429" level="INFO">Argument types are:
&lt;class 'int'&gt;
&lt;class 'str'&gt;</msg>
<arg>${response.status_code}</arg>
<arg>200</arg>
<doc>Fails if objects are unequal after converting them to real numbers.</doc>
<status status="PASS" start="2024-05-07T17:12:56.556962" elapsed="0.000535"/>
</kw>
<kw name="Log" owner="BuiltIn">
<msg time="2024-05-07T17:12:56.558183" level="INFO">200</msg>
<arg>${response.status_code}</arg>
<doc>Logs the given message with the given level.</doc>
<status status="PASS" start="2024-05-07T17:12:56.557827" elapsed="0.000398"/>
</kw>
<kw name="Set Variable" owner="BuiltIn">
<msg time="2024-05-07T17:12:56.559018" level="INFO">${json_data} = {'results': [{'gender': 'male', 'name': {'title': 'Mr', 'first': 'Mattis', 'last': 'Bonsaksen'}, 'location': {'street': {'number': 8250, 'name': 'Tjernveien'}, 'city': 'Åmli', 'state': 'Bergen', 'coun...</msg>
<var>${json_data}</var>
<arg>${response.json()}</arg>
<doc>Returns the given values which can then be assigned to a variables.</doc>
<status status="PASS" start="2024-05-07T17:12:56.558564" elapsed="0.000483"/>
</kw>
<kw name="Dictionary Should Contain Key" owner="Collections">
<msg time="2024-05-07T17:12:56.559527" level="INFO">False</msg>
<arg>${json_data}</arg>
<arg>results</arg>
<doc>Fails if ``key`` is not found from ``dictionary``.</doc>
<status status="PASS" start="2024-05-07T17:12:56.559354" elapsed="0.000214"/>
</kw>
<status status="PASS" start="2024-05-07T17:12:56.408064" elapsed="0.151766"/>
</kw>
<doc>Testa se a API responde corretamente e retorna um objeto JSON válido.</doc>
<tag>testeRequisicaoBasica</tag>
<status status="PASS" start="2024-05-07T17:12:56.407611" elapsed="0.152409"/>
</test>
<test id="s1-s1-t3" name="Validar estrutura de resposta" line="22">
<kw name="Teste de Estrutura de Resposta" owner="random-user-service">
<kw name="GET On Session" owner="RequestsLibrary">
<msg time="2024-05-07T17:12:56.656195" level="INFO">GET Request : url=https://randomuser.me/api 
 path_url=/api 
 headers={'User-Agent': 'python-requests/2.31.0', 'Accept-Encoding': 'gzip, deflate', 'Accept': '*/*', 'Connection': 'keep-alive'} 
 body=None 
 </msg>
<msg time="2024-05-07T17:12:56.656297" level="INFO">GET Response : url=https://randomuser.me/api 
 status=200, reason=OK 
 headers={'Date': 'Tue, 07 May 2024 17:12:56 GMT', 'Content-Type': 'application/json; charset=utf-8', 'Transfer-Encoding': 'chunked', 'Connection': 'keep-alive', 'X-Powered-By': 'Express', 'Access-Control-Allow-Origin': '*', 'Cache-Control': 'no-cache', 'ETag': 'W/"491-ar9KDgw+5IQkWzMoWAVTRPrq8ss"', 'Vary': 'Accept-Encoding', 'Content-Encoding': 'gzip', 'CF-Cache-Status': 'DYNAMIC', 'Report-To': '{"endpoints":[{"url":"https:\\/\\/a.nel.cloudflare.com\\/report\\/v4?s=OccPGr2rJJobayTdsM0DcMcAm5K2R6cMni88%2FO44FEX4tWnLXN6GOdls4cNgs3INloAznhd7BXid83SUIRcPMzlvT6TN08nc5y8Ng3FUpjdEdABZadmfK9SzX3PrbEt5"}],"group":"cf-nel","max_age":604800}', 'NEL': '{"success_fraction":0,"report_to":"cf-nel","max_age":604800}', 'Server': 'cloudflare', 'CF-RAY': '8802d6798dbde17c-ORD', 'alt-svc': 'h3=":443"; ma=86400'} 
 body={"results":[{"gender":"female","name":{"title":"Miss","first":"Teresa","last":"Nguyen"},"location":{"street":{"number":5717,"name":"Preston Rd"},"city":"Queanbeyan","state":"New South Wales","country":"Australia","postcode":9874,"coordinates":{"latitude":"-88.8129","longitude":"152.6407"},"timezone":{"offset":"+7:00","description":"Bangkok, Hanoi, Jakarta"}},"email":"teresa.nguyen@example.com","login":{"uuid":"ea4c9ab2-beb8-4332-bf52-eb8a4d8e5f98","username":"blacktiger751","password":"florida1","salt":"3QHnmin9","md5":"c24df46e81d647972ce065ba2c4c16fd","sha1":"57ef4ffb508c2d2647413fef88bdd4109fb6b10f","sha256":"13405c2b230dbdcc0e37493c557be9adc0ac849858e0879cb091807ad85917a2"},"dob":{"date":"1974-09-19T14:38:18.607Z","age":49},"registered":{"date":"2015-11-06T06:37:00.726Z","age":8},"phone":"08-5839-6551","cell":"0471-971-552","id":{"name":"TFN","value":"288304686"},"picture":{"large":"https://randomuser.me/api/portraits/women/24.jpg","medium":"https://randomuser.me/api/portraits/med/women/24.jpg","thumbnail":"https://randomuser.me/api/portraits/thumb/women/24.jpg"},"nat":"AU"}],"info":{"seed":"8ef47e859d8fadba","results":1,"page":1,"version":"1.4"}} 
 </msg>
<msg time="2024-05-07T17:12:56.656424" level="INFO">/opt/hostedtoolcache/Python/3.12.3/x64/lib/python3.12/site-packages/urllib3/connectionpool.py:1103: InsecureRequestWarning: Unverified HTTPS request is being made to host 'randomuser.me'. Adding certificate verification is strongly advised. See: https://urllib3.readthedocs.io/en/latest/advanced-usage.html#tls-warnings
  warnings.warn(</msg>
<msg time="2024-05-07T17:12:56.656569" level="INFO">${response} = &lt;Response [200]&gt;</msg>
<var>${response}</var>
<arg>consultarAPI</arg>
<arg>/api</arg>
<doc>Sends a GET request on a previously created HTTP Session.</doc>
<status status="PASS" start="2024-05-07T17:12:56.562710" elapsed="0.093901"/>
</kw>
<kw name="Set Variable" owner="BuiltIn">
<msg time="2024-05-07T17:12:56.657798" level="INFO">${json_data} = {'results': [{'gender': 'female', 'name': {'title': 'Miss', 'first': 'Teresa', 'last': 'Nguyen'}, 'location': {'street': {'number': 5717, 'name': 'Preston Rd'}, 'city': 'Queanbeyan', 'state': 'New Sou...</msg>
<var>${json_data}</var>
<arg>${response.json()}</arg>
<doc>Returns the given values which can then be assigned to a variables.</doc>
<status status="PASS" start="2024-05-07T17:12:56.657241" elapsed="0.000586"/>
</kw>
<kw name="Log" owner="BuiltIn">
<msg time="2024-05-07T17:12:56.658304" level="INFO">{'results': [{'gender': 'female', 'name': {'title': 'Miss', 'first': 'Teresa', 'last': 'Nguyen'}, 'location': {'street': {'number': 5717, 'name': 'Preston Rd'}, 'city': 'Queanbeyan', 'state': 'New South Wales', 'country': 'Australia', 'postcode': 9874, 'coordinates': {'latitude': '-88.8129', 'longitude': '152.6407'}, 'timezone': {'offset': '+7:00', 'description': 'Bangkok, Hanoi, Jakarta'}}, 'email': 'teresa.nguyen@example.com', 'login': {'uuid': 'ea4c9ab2-beb8-4332-bf52-eb8a4d8e5f98', 'username': 'blacktiger751', 'password': 'florida1', 'salt': '3QHnmin9', 'md5': 'c24df46e81d647972ce065ba2c4c16fd', 'sha1': '57ef4ffb508c2d2647413fef88bdd4109fb6b10f', 'sha256': '13405c2b230dbdcc0e37493c557be9adc0ac849858e0879cb091807ad85917a2'}, 'dob': {'date': '1974-09-19T14:38:18.607Z', 'age': 49}, 'registered': {'date': '2015-11-06T06:37:00.726Z', 'age': 8}, 'phone': '08-5839-6551', 'cell': '0471-971-552', 'id': {'name': 'TFN', 'value': '288304686'}, 'picture': {'large': 'https://randomuser.me/api/portraits/women/24.jpg', 'medium': 'https://randomuser.me/api/portraits/med/women/24.jpg', 'thumbnail': 'https://randomuser.me/api/portraits/thumb/women/24.jpg'}, 'nat': 'AU'}], 'info': {'seed': '8ef47e859d8fadba', 'results': 1, 'page': 1, 'version': '1.4'}}</msg>
<arg>${json_data}</arg>
<doc>Logs the given message with the given level.</doc>
<status status="PASS" start="2024-05-07T17:12:56.658138" elapsed="0.000216"/>
</kw>
<kw name="Dictionary Should Contain Key" owner="Collections">
<msg time="2024-05-07T17:12:56.658852" level="INFO">False</msg>
<arg>${json_data}</arg>
<arg>results</arg>
<doc>Fails if ``key`` is not found from ``dictionary``.</doc>
<status status="PASS" start="2024-05-07T17:12:56.658692" elapsed="0.000199"/>
</kw>
<kw name="Should Not Be Empty" owner="BuiltIn">
<msg time="2024-05-07T17:12:56.659317" level="INFO">Length is 2.</msg>
<arg>${json_data}</arg>
<doc>Verifies that the given item is not empty.</doc>
<status status="PASS" start="2024-05-07T17:12:56.659186" elapsed="0.000170"/>
</kw>
<kw name="Create List" owner="BuiltIn">
<msg time="2024-05-07T17:12:56.659963" level="INFO">${expected_keys} = ['gender', 'name', 'location', 'email', 'login']</msg>
<var>${expected_keys}</var>
<arg>gender</arg>
<arg>name</arg>
<arg>location</arg>
<arg>email</arg>
<arg>login</arg>
<doc>Returns a list containing given items.</doc>
<status status="PASS" start="2024-05-07T17:12:56.659648" elapsed="0.000340"/>
</kw>
<for flavor="IN">
<iter>
<kw name="Dictionary Should Contain Key" owner="Collections">
<msg time="2024-05-07T17:12:56.660985" level="INFO">False</msg>
<arg>${json_data['results'][0]}</arg>
<arg>${key}</arg>
<doc>Fails if ``key`` is not found from ``dictionary``.</doc>
<status status="PASS" start="2024-05-07T17:12:56.660581" elapsed="0.000442"/>
</kw>
<kw name="Log" owner="BuiltIn">
<msg time="2024-05-07T17:12:56.661684" level="INFO">{'gender': 'female', 'name': {'title': 'Miss', 'first': 'Teresa', 'last': 'Nguyen'}, 'location': {'street': {'number': 5717, 'name': 'Preston Rd'}, 'city': 'Queanbeyan', 'state': 'New South Wales', 'country': 'Australia', 'postcode': 9874, 'coordinates': {'latitude': '-88.8129', 'longitude': '152.6407'}, 'timezone': {'offset': '+7:00', 'description': 'Bangkok, Hanoi, Jakarta'}}, 'email': 'teresa.nguyen@example.com', 'login': {'uuid': 'ea4c9ab2-beb8-4332-bf52-eb8a4d8e5f98', 'username': 'blacktiger751', 'password': 'florida1', 'salt': '3QHnmin9', 'md5': 'c24df46e81d647972ce065ba2c4c16fd', 'sha1': '57ef4ffb508c2d2647413fef88bdd4109fb6b10f', 'sha256': '13405c2b230dbdcc0e37493c557be9adc0ac849858e0879cb091807ad85917a2'}, 'dob': {'date': '1974-09-19T14:38:18.607Z', 'age': 49}, 'registered': {'date': '2015-11-06T06:37:00.726Z', 'age': 8}, 'phone': '08-5839-6551', 'cell': '0471-971-552', 'id': {'name': 'TFN', 'value': '288304686'}, 'picture': {'large': 'https://randomuser.me/api/portraits/women/24.jpg', 'medium': 'https://randomuser.me/api/portraits/med/women/24.jpg', 'thumbnail': 'https://randomuser.me/api/portraits/thumb/women/24.jpg'}, 'nat': 'AU'}</msg>
<arg>${json_data['results'][0]}</arg>
<doc>Logs the given message with the given level.</doc>
<status status="PASS" start="2024-05-07T17:12:56.661321" elapsed="0.000410"/>
</kw>
<kw name="Log" owner="BuiltIn">
<msg time="2024-05-07T17:12:56.662158" level="INFO">gender</msg>
<arg>${key}</arg>
<doc>Logs the given message with the given level.</doc>
<status status="PASS" start="2024-05-07T17:12:56.662033" elapsed="0.000161"/>
</kw>
<var name="${key}">gender</var>
<status status="PASS" start="2024-05-07T17:12:56.660451" elapsed="0.001956"/>
</iter>
<iter>
<kw name="Dictionary Should Contain Key" owner="Collections">
<msg time="2024-05-07T17:12:56.663141" level="INFO">False</msg>
<arg>${json_data['results'][0]}</arg>
<arg>${key}</arg>
<doc>Fails if ``key`` is not found from ``dictionary``.</doc>
<status status="PASS" start="2024-05-07T17:12:56.662749" elapsed="0.000430"/>
</kw>
<kw name="Log" owner="BuiltIn">
<msg time="2024-05-07T17:12:56.663866" level="INFO">{'gender': 'female', 'name': {'title': 'Miss', 'first': 'Teresa', 'last': 'Nguyen'}, 'location': {'street': {'number': 5717, 'name': 'Preston Rd'}, 'city': 'Queanbeyan', 'state': 'New South Wales', 'country': 'Australia', 'postcode': 9874, 'coordinates': {'latitude': '-88.8129', 'longitude': '152.6407'}, 'timezone': {'offset': '+7:00', 'description': 'Bangkok, Hanoi, Jakarta'}}, 'email': 'teresa.nguyen@example.com', 'login': {'uuid': 'ea4c9ab2-beb8-4332-bf52-eb8a4d8e5f98', 'username': 'blacktiger751', 'password': 'florida1', 'salt': '3QHnmin9', 'md5': 'c24df46e81d647972ce065ba2c4c16fd', 'sha1': '57ef4ffb508c2d2647413fef88bdd4109fb6b10f', 'sha256': '13405c2b230dbdcc0e37493c557be9adc0ac849858e0879cb091807ad85917a2'}, 'dob': {'date': '1974-09-19T14:38:18.607Z', 'age': 49}, 'registered': {'date': '2015-11-06T06:37:00.726Z', 'age': 8}, 'phone': '08-5839-6551', 'cell': '0471-971-552', 'id': {'name': 'TFN', 'value': '288304686'}, 'picture': {'large': 'https://randomuser.me/api/portraits/women/24.jpg', 'medium': 'https://randomuser.me/api/portraits/med/women/24.jpg', 'thumbnail': 'https://randomuser.me/api/portraits/thumb/women/24.jpg'}, 'nat': 'AU'}</msg>
<arg>${json_data['results'][0]}</arg>
<doc>Logs the given message with the given level.</doc>
<status status="PASS" start="2024-05-07T17:12:56.663502" elapsed="0.000412"/>
</kw>
<kw name="Log" owner="BuiltIn">
<msg time="2024-05-07T17:12:56.664331" level="INFO">name</msg>
<arg>${key}</arg>
<doc>Logs the given message with the given level.</doc>
<status status="PASS" start="2024-05-07T17:12:56.664206" elapsed="0.000162"/>
</kw>
<var name="${key}">name</var>
<status status="PASS" start="2024-05-07T17:12:56.662627" elapsed="0.001954"/>
</iter>
<iter>
<kw name="Dictionary Should Contain Key" owner="Collections">
<msg time="2024-05-07T17:12:56.665253" level="INFO">False</msg>
<arg>${json_data['results'][0]}</arg>
<arg>${key}</arg>
<doc>Fails if ``key`` is not found from ``dictionary``.</doc>
<status status="PASS" start="2024-05-07T17:12:56.664871" elapsed="0.000421"/>
</kw>
<kw name="Log" owner="BuiltIn">
<msg time="2024-05-07T17:12:56.665952" level="INFO">{'gender': 'female', 'name': {'title': 'Miss', 'first': 'Teresa', 'last': 'Nguyen'}, 'location': {'street': {'number': 5717, 'name': 'Preston Rd'}, 'city': 'Queanbeyan', 'state': 'New South Wales', 'country': 'Australia', 'postcode': 9874, 'coordinates': {'latitude': '-88.8129', 'longitude': '152.6407'}, 'timezone': {'offset': '+7:00', 'description': 'Bangkok, Hanoi, Jakarta'}}, 'email': 'teresa.nguyen@example.com', 'login': {'uuid': 'ea4c9ab2-beb8-4332-bf52-eb8a4d8e5f98', 'username': 'blacktiger751', 'password': 'florida1', 'salt': '3QHnmin9', 'md5': 'c24df46e81d647972ce065ba2c4c16fd', 'sha1': '57ef4ffb508c2d2647413fef88bdd4109fb6b10f', 'sha256': '13405c2b230dbdcc0e37493c557be9adc0ac849858e0879cb091807ad85917a2'}, 'dob': {'date': '1974-09-19T14:38:18.607Z', 'age': 49}, 'registered': {'date': '2015-11-06T06:37:00.726Z', 'age': 8}, 'phone': '08-5839-6551', 'cell': '0471-971-552', 'id': {'name': 'TFN', 'value': '288304686'}, 'picture': {'large': 'https://randomuser.me/api/portraits/women/24.jpg', 'medium': 'https://randomuser.me/api/portraits/med/women/24.jpg', 'thumbnail': 'https://randomuser.me/api/portraits/thumb/women/24.jpg'}, 'nat': 'AU'}</msg>
<arg>${json_data['results'][0]}</arg>
<doc>Logs the given message with the given level.</doc>
<status status="PASS" start="2024-05-07T17:12:56.665589" elapsed="0.000411"/>
</kw>
<kw name="Log" owner="BuiltIn">
<msg time="2024-05-07T17:12:56.666415" level="INFO">location</msg>
<arg>${key}</arg>
<doc>Logs the given message with the given level.</doc>
<status status="PASS" start="2024-05-07T17:12:56.666291" elapsed="0.000161"/>
</kw>
<var name="${key}">location</var>
<status status="PASS" start="2024-05-07T17:12:56.664759" elapsed="0.001952"/>
</iter>
<iter>
<kw name="Dictionary Should Contain Key" owner="Collections">
<msg time="2024-05-07T17:12:56.667381" level="INFO">False</msg>
<arg>${json_data['results'][0]}</arg>
<arg>${key}</arg>
<doc>Fails if ``key`` is not found from ``dictionary``.</doc>
<status status="PASS" start="2024-05-07T17:12:56.666997" elapsed="0.000421"/>
</kw>
<kw name="Log" owner="BuiltIn">
<msg time="2024-05-07T17:12:56.668076" level="INFO">{'gender': 'female', 'name': {'title': 'Miss', 'first': 'Teresa', 'last': 'Nguyen'}, 'location': {'street': {'number': 5717, 'name': 'Preston Rd'}, 'city': 'Queanbeyan', 'state': 'New South Wales', 'country': 'Australia', 'postcode': 9874, 'coordinates': {'latitude': '-88.8129', 'longitude': '152.6407'}, 'timezone': {'offset': '+7:00', 'description': 'Bangkok, Hanoi, Jakarta'}}, 'email': 'teresa.nguyen@example.com', 'login': {'uuid': 'ea4c9ab2-beb8-4332-bf52-eb8a4d8e5f98', 'username': 'blacktiger751', 'password': 'florida1', 'salt': '3QHnmin9', 'md5': 'c24df46e81d647972ce065ba2c4c16fd', 'sha1': '57ef4ffb508c2d2647413fef88bdd4109fb6b10f', 'sha256': '13405c2b230dbdcc0e37493c557be9adc0ac849858e0879cb091807ad85917a2'}, 'dob': {'date': '1974-09-19T14:38:18.607Z', 'age': 49}, 'registered': {'date': '2015-11-06T06:37:00.726Z', 'age': 8}, 'phone': '08-5839-6551', 'cell': '0471-971-552', 'id': {'name': 'TFN', 'value': '288304686'}, 'picture': {'large': 'https://randomuser.me/api/portraits/women/24.jpg', 'medium': 'https://randomuser.me/api/portraits/med/women/24.jpg', 'thumbnail': 'https://randomuser.me/api/portraits/thumb/women/24.jpg'}, 'nat': 'AU'}</msg>
<arg>${json_data['results'][0]}</arg>
<doc>Logs the given message with the given level.</doc>
<status status="PASS" start="2024-05-07T17:12:56.667717" elapsed="0.000407"/>
</kw>
<kw name="Log" owner="BuiltIn">
<msg time="2024-05-07T17:12:56.668569" level="INFO">email</msg>
<arg>${key}</arg>
<doc>Logs the given message with the given level.</doc>
<status status="PASS" start="2024-05-07T17:12:56.668440" elapsed="0.000167"/>
</kw>
<var name="${key}">email</var>
<status status="PASS" start="2024-05-07T17:12:56.666886" elapsed="0.001940"/>
</iter>
<iter>
<kw name="Dictionary Should Contain Key" owner="Collections">
<msg time="2024-05-07T17:12:56.669498" level="INFO">False</msg>
<arg>${json_data['results'][0]}</arg>
<arg>${key}</arg>
<doc>Fails if ``key`` is not found from ``dictionary``.</doc>
<status status="PASS" start="2024-05-07T17:12:56.669109" elapsed="0.000427"/>
</kw>
<kw name="Log" owner="BuiltIn">
<msg time="2024-05-07T17:12:56.670201" level="INFO">{'gender': 'female', 'name': {'title': 'Miss', 'first': 'Teresa', 'last': 'Nguyen'}, 'location': {'street': {'number': 5717, 'name': 'Preston Rd'}, 'city': 'Queanbeyan', 'state': 'New South Wales', 'country': 'Australia', 'postcode': 9874, 'coordinates': {'latitude': '-88.8129', 'longitude': '152.6407'}, 'timezone': {'offset': '+7:00', 'description': 'Bangkok, Hanoi, Jakarta'}}, 'email': 'teresa.nguyen@example.com', 'login': {'uuid': 'ea4c9ab2-beb8-4332-bf52-eb8a4d8e5f98', 'username': 'blacktiger751', 'password': 'florida1', 'salt': '3QHnmin9', 'md5': 'c24df46e81d647972ce065ba2c4c16fd', 'sha1': '57ef4ffb508c2d2647413fef88bdd4109fb6b10f', 'sha256': '13405c2b230dbdcc0e37493c557be9adc0ac849858e0879cb091807ad85917a2'}, 'dob': {'date': '1974-09-19T14:38:18.607Z', 'age': 49}, 'registered': {'date': '2015-11-06T06:37:00.726Z', 'age': 8}, 'phone': '08-5839-6551', 'cell': '0471-971-552', 'id': {'name': 'TFN', 'value': '288304686'}, 'picture': {'large': 'https://randomuser.me/api/portraits/women/24.jpg', 'medium': 'https://randomuser.me/api/portraits/med/women/24.jpg', 'thumbnail': 'https://randomuser.me/api/portraits/thumb/women/24.jpg'}, 'nat': 'AU'}</msg>
<arg>${json_data['results'][0]}</arg>
<doc>Logs the given message with the given level.</doc>
<status status="PASS" start="2024-05-07T17:12:56.669830" elapsed="0.000419"/>
</kw>
<kw name="Log" owner="BuiltIn">
<msg time="2024-05-07T17:12:56.670693" level="INFO">login</msg>
<arg>${key}</arg>
<doc>Logs the given message with the given level.</doc>
<status status="PASS" start="2024-05-07T17:12:56.670566" elapsed="0.000165"/>
</kw>
<var name="${key}">login</var>
<status status="PASS" start="2024-05-07T17:12:56.668998" elapsed="0.001976"/>
</iter>
<var>${key}</var>
<value>@{expected_keys}</value>
<status status="PASS" start="2024-05-07T17:12:56.660256" elapsed="0.010845"/>
</for>
<kw name="Create List" owner="BuiltIn">
<msg time="2024-05-07T17:12:56.671429" level="INFO">${expected_keysTwo} = ['username', 'password']</msg>
<var>${expected_keysTwo}</var>
<arg>username</arg>
<arg>password</arg>
<doc>Returns a list containing given items.</doc>
<status status="PASS" start="2024-05-07T17:12:56.671292" elapsed="0.000161"/>
</kw>
<for flavor="IN">
<iter>
<kw name="Dictionary Should Contain Key" owner="Collections">
<msg time="2024-05-07T17:12:56.672336" level="INFO">False</msg>
<arg>${json_data['results'][0]['login']}</arg>
<arg>${keyTwo}</arg>
<doc>Fails if ``key`` is not found from ``dictionary``.</doc>
<status status="PASS" start="2024-05-07T17:12:56.671948" elapsed="0.000426"/>
</kw>
<kw name="Dictionary Should Contain Key" owner="Collections">
<msg time="2024-05-07T17:12:56.673056" level="INFO">False</msg>
<arg>${json_data['results'][0]['login']}</arg>
<arg>${keyTwo}</arg>
<doc>Fails if ``key`` is not found from ``dictionary``.</doc>
<status status="PASS" start="2024-05-07T17:12:56.672668" elapsed="0.000426"/>
</kw>
<kw name="Log" owner="BuiltIn">
<msg time="2024-05-07T17:12:56.673510" level="INFO">username</msg>
<arg>${keyTwo}</arg>
<doc>Logs the given message with the given level.</doc>
<status status="PASS" start="2024-05-07T17:12:56.673384" elapsed="0.000169"/>
</kw>
<var name="${keyTwo}">username</var>
<status status="PASS" start="2024-05-07T17:12:56.671840" elapsed="0.001926"/>
</iter>
<iter>
<kw name="Dictionary Should Contain Key" owner="Collections">
<msg time="2024-05-07T17:12:56.674429" level="INFO">False</msg>
<arg>${json_data['results'][0]['login']}</arg>
<arg>${keyTwo}</arg>
<doc>Fails if ``key`` is not found from ``dictionary``.</doc>
<status status="PASS" start="2024-05-07T17:12:56.674047" elapsed="0.000420"/>
</kw>
<kw name="Dictionary Should Contain Key" owner="Collections">
<msg time="2024-05-07T17:12:56.675270" level="INFO">False</msg>
<arg>${json_data['results'][0]['login']}</arg>
<arg>${keyTwo}</arg>
<doc>Fails if ``key`` is not found from ``dictionary``.</doc>
<status status="PASS" start="2024-05-07T17:12:56.674787" elapsed="0.000521"/>
</kw>
<kw name="Log" owner="BuiltIn">
<msg time="2024-05-07T17:12:56.675735" level="INFO">password</msg>
<arg>${keyTwo}</arg>
<doc>Logs the given message with the given level.</doc>
<status status="PASS" start="2024-05-07T17:12:56.675600" elapsed="0.000197"/>
</kw>
<var name="${keyTwo}">password</var>
<status status="PASS" start="2024-05-07T17:12:56.673936" elapsed="0.002170"/>
</iter>
<var>${keyTwo}</var>
<value>@{expected_keysTwo}</value>
<status status="PASS" start="2024-05-07T17:12:56.671687" elapsed="0.004588"/>
</for>
<status status="PASS" start="2024-05-07T17:12:56.562437" elapsed="0.114054"/>
</kw>
<doc>Testa a estrutura da resposta da API.</doc>
<tag>testeEstruturaResposta</tag>
<status status="PASS" start="2024-05-07T17:12:56.561895" elapsed="0.114839"/>
</test>
<test id="s1-s1-t4" name="Validar tipos de dados" line="28">
<kw name="Teste de Tipos de Dados" owner="random-user-service">
<kw name="GET On Session" owner="RequestsLibrary">
<msg time="2024-05-07T17:12:56.760683" level="INFO">GET Request : url=https://randomuser.me/api 
 path_url=/api 
 headers={'User-Agent': 'python-requests/2.31.0', 'Accept-Encoding': 'gzip, deflate', 'Accept': '*/*', 'Connection': 'keep-alive'} 
 body=None 
 </msg>
<msg time="2024-05-07T17:12:56.760784" level="INFO">GET Response : url=https://randomuser.me/api 
 status=200, reason=OK 
 headers={'Date': 'Tue, 07 May 2024 17:12:56 GMT', 'Content-Type': 'application/json; charset=utf-8', 'Transfer-Encoding': 'chunked', 'Connection': 'keep-alive', 'X-Powered-By': 'Express', 'Access-Control-Allow-Origin': '*', 'Cache-Control': 'no-cache', 'ETag': 'W/"477-GapClMYGg67gqKCr4rWo3fkNRvQ"', 'Vary': 'Accept-Encoding', 'Content-Encoding': 'gzip', 'CF-Cache-Status': 'DYNAMIC', 'Report-To': '{"endpoints":[{"url":"https:\\/\\/a.nel.cloudflare.com\\/report\\/v4?s=MiDzNF1YLPYCwT9yTrk0EmhavKpSH5cwzjeuw8fVwGSdjoCMg%2F9tjD3gJUaCwM8ueHZm3Zczlo7nwrrJiuI0lDTQdg6kCjBftu9uMFcVlRuti7bnRqEEKU9JqpfdMJd4"}],"group":"cf-nel","max_age":604800}', 'NEL': '{"success_fraction":0,"report_to":"cf-nel","max_age":604800}', 'Server': 'cloudflare', 'CF-RAY': '8802d67a4ecbe17c-ORD', 'alt-svc': 'h3=":443"; ma=86400'} 
 body={"results":[{"gender":"male","name":{"title":"Mr","first":"Mille","last":"Christiansen"},"location":{"street":{"number":3399,"name":"Solbakken"},"city":"Kongsvinger","state":"Sjælland","country":"Denmark","postcode":80431,"coordinates":{"latitude":"-43.4490","longitude":"-70.5253"},"timezone":{"offset":"-3:30","description":"Newfoundland"}},"email":"mille.christiansen@example.com","login":{"uuid":"a245c6bc-ba1b-47b3-8650-581d4135b79b","username":"greenbear406","password":"gerbil","salt":"RNgSBTnI","md5":"2c28e31c7e4c637c81c5f6e46daa275e","sha1":"522d05efb8d8a31997accfea0751a9503a28ed93","sha256":"ed46b82ffec69aa73f4cc61c67b7999ce99c1018f6cee0e5c014f78c595c5ca2"},"dob":{"date":"1975-06-08T21:15:26.509Z","age":48},"registered":{"date":"2003-11-21T13:14:45.838Z","age":20},"phone":"20236467","cell":"82444155","id":{"name":"CPR","value":"080675-6048"},"picture":{"large":"https://randomuser.me/api/portraits/men/81.jpg","medium":"https://randomuser.me/api/portraits/med/men/81.jpg","thumbnail":"https://randomuser.me/api/portraits/thumb/men/81.jpg"},"nat":"DK"}],"info":{"seed":"7fa97db42a3843d7","results":1,"page":1,"version":"1.4"}} 
 </msg>
<msg time="2024-05-07T17:12:56.760858" level="INFO">/opt/hostedtoolcache/Python/3.12.3/x64/lib/python3.12/site-packages/urllib3/connectionpool.py:1103: InsecureRequestWarning: Unverified HTTPS request is being made to host 'randomuser.me'. Adding certificate verification is strongly advised. See: https://urllib3.readthedocs.io/en/latest/advanced-usage.html#tls-warnings
  warnings.warn(</msg>
<msg time="2024-05-07T17:12:56.761000" level="INFO">${response} = &lt;Response [200]&gt;</msg>
<var>${response}</var>
<arg>consultarAPI</arg>
<arg>/api</arg>
<doc>Sends a GET request on a previously created HTTP Session.</doc>
<status status="PASS" start="2024-05-07T17:12:56.679843" elapsed="0.081202"/>
</kw>
<kw name="Set Variable" owner="BuiltIn">
<msg time="2024-05-07T17:12:56.762275" level="INFO">${json_data} = {'results': [{'gender': 'male', 'name': {'title': 'Mr', 'first': 'Mille', 'last': 'Christiansen'}, 'location': {'street': {'number': 3399, 'name': 'Solbakken'}, 'city': 'Kongsvinger', 'state': 'Sjælla...</msg>
<var>${json_data}</var>
<arg>${response.json()}</arg>
<doc>Returns the given values which can then be assigned to a variables.</doc>
<status status="PASS" start="2024-05-07T17:12:56.761690" elapsed="0.000615"/>
</kw>
<kw name="Log" owner="BuiltIn">
<msg time="2024-05-07T17:12:56.762820" level="INFO">{'results': [{'gender': 'male', 'name': {'title': 'Mr', 'first': 'Mille', 'last': 'Christiansen'}, 'location': {'street': {'number': 3399, 'name': 'Solbakken'}, 'city': 'Kongsvinger', 'state': 'Sjælland', 'country': 'Denmark', 'postcode': 80431, 'coordinates': {'latitude': '-43.4490', 'longitude': '-70.5253'}, 'timezone': {'offset': '-3:30', 'description': 'Newfoundland'}}, 'email': 'mille.christiansen@example.com', 'login': {'uuid': 'a245c6bc-ba1b-47b3-8650-581d4135b79b', 'username': 'greenbear406', 'password': 'gerbil', 'salt': 'RNgSBTnI', 'md5': '2c28e31c7e4c637c81c5f6e46daa275e', 'sha1': '522d05efb8d8a31997accfea0751a9503a28ed93', 'sha256': 'ed46b82ffec69aa73f4cc61c67b7999ce99c1018f6cee0e5c014f78c595c5ca2'}, 'dob': {'date': '1975-06-08T21:15:26.509Z', 'age': 48}, 'registered': {'date': '2003-11-21T13:14:45.838Z', 'age': 20}, 'phone': '20236467', 'cell': '82444155', 'id': {'name': 'CPR', 'value': '080675-6048'}, 'picture': {'large': 'https://randomuser.me/api/portraits/men/81.jpg', 'medium': 'https://randomuser.me/api/portraits/med/men/81.jpg', 'thumbnail': 'https://randomuser.me/api/portraits/thumb/men/81.jpg'}, 'nat': 'DK'}], 'info': {'seed': '7fa97db42a3843d7', 'results': 1, 'page': 1, 'version': '1.4'}}</msg>
<arg>${json_data}</arg>
<doc>Logs the given message with the given level.</doc>
<status status="PASS" start="2024-05-07T17:12:56.762657" elapsed="0.000251"/>
</kw>
<kw name="Should Be String" owner="String">
<arg>${json_data['results'][0]['gender']}</arg>
<doc>Fails if the given ``item`` is not a string.</doc>
<status status="PASS" start="2024-05-07T17:12:56.763211" elapsed="0.000371"/>
</kw>
<kw name="Should Match Regexp" owner="BuiltIn">
<arg>${json_data['results'][0]['email']}</arg>
<arg>^[a-zA-Z0-9._%+-]+@[a-zA-Z0-9.-]+\.[a-zA-Z]{2,}$</arg>
<doc>Fails if ``string`` does not match ``pattern`` as a regular expression.</doc>
<status status="PASS" start="2024-05-07T17:12:56.763773" elapsed="0.000513"/>
</kw>
<kw name="Should Match Regexp" owner="BuiltIn">
<arg>${json_data['results'][0]['dob']['date']}</arg>
<arg>\\d{4}-\\d{2}-\\d{2}T\\d{2}:\\d{2}:\\d{2}\\.\\d{3}Z</arg>
<doc>Fails if ``string`` does not match ``pattern`` as a regular expression.</doc>
<status status="PASS" start="2024-05-07T17:12:56.764479" elapsed="0.000499"/>
</kw>
<kw name="Should Match Regexp" owner="BuiltIn">
<arg>${json_data['results'][0]['registered']['date']}</arg>
<arg>\\d{4}-\\d{2}-\\d{2}T\\d{2}:\\d{2}:\\d{2}\\.\\d{3}Z</arg>
<doc>Fails if ``string`` does not match ``pattern`` as a regular expression.</doc>
<status status="PASS" start="2024-05-07T17:12:56.765168" elapsed="0.000365"/>
</kw>
<kw name="Should Match Regexp" owner="BuiltIn">
<arg>${json_data['results'][0]['picture']['large']}</arg>
<arg>^https?://.*\.(?:png|jpe?g|gif|bmp)$</arg>
<doc>Fails if ``string`` does not match ``pattern`` as a regular expression.</doc>
<status status="PASS" start="2024-05-07T17:12:56.765720" elapsed="0.000458"/>
</kw>
<kw name="Should Match Regexp" owner="BuiltIn">
<arg>${json_data['results'][0]['picture']['medium']}</arg>
<arg>^https?://.*\.(?:png|jpe?g|gif|bmp)$</arg>
<doc>Fails if ``string`` does not match ``pattern`` as a regular expression.</doc>
<status status="PASS" start="2024-05-07T17:12:56.766367" elapsed="0.000392"/>
</kw>
<kw name="Should Match Regexp" owner="BuiltIn">
<arg>${json_data['results'][0]['picture']['thumbnail']}</arg>
<arg>^https?://.*\.(?:png|jpe?g|gif|bmp)$</arg>
<doc>Fails if ``string`` does not match ``pattern`` as a regular expression.</doc>
<status status="PASS" start="2024-05-07T17:12:56.766953" elapsed="0.000358"/>
</kw>
<kw name="Log" owner="BuiltIn">
<msg time="2024-05-07T17:12:56.767816" level="INFO">{'large': 'https://randomuser.me/api/portraits/men/81.jpg', 'medium': 'https://randomuser.me/api/portraits/med/men/81.jpg', 'thumbnail': 'https://randomuser.me/api/portraits/thumb/men/81.jpg'}</msg>
<arg>${json_data['results'][0]['picture']}</arg>
<doc>Logs the given message with the given level.</doc>
<status status="PASS" start="2024-05-07T17:12:56.767492" elapsed="0.000366"/>
</kw>
<status status="PASS" start="2024-05-07T17:12:56.679602" elapsed="0.088514"/>
</kw>
<kw name="Teste de Tipos de Dados - Postcode" owner="random-user-service">
<kw name="GET On Session" owner="RequestsLibrary">
<msg time="2024-05-07T17:12:56.869673" level="INFO">GET Request : url=https://randomuser.me/api 
 path_url=/api 
 headers={'User-Agent': 'python-requests/2.31.0', 'Accept-Encoding': 'gzip, deflate', 'Accept': '*/*', 'Connection': 'keep-alive'} 
 body=None 
 </msg>
<msg time="2024-05-07T17:12:56.869778" level="INFO">GET Response : url=https://randomuser.me/api 
 status=200, reason=OK 
 headers={'Date': 'Tue, 07 May 2024 17:12:56 GMT', 'Content-Type': 'application/json; charset=utf-8', 'Transfer-Encoding': 'chunked', 'Connection': 'keep-alive', 'X-Powered-By': 'Express', 'Access-Control-Allow-Origin': '*', 'Cache-Control': 'no-cache', 'ETag': 'W/"48d-QlbFAgGe29G4+A7OXhJK3xBbylg"', 'Vary': 'Accept-Encoding', 'Content-Encoding': 'gzip', 'CF-Cache-Status': 'DYNAMIC', 'Report-To': '{"endpoints":[{"url":"https:\\/\\/a.nel.cloudflare.com\\/report\\/v4?s=kz1hKSxYCclv0CMY0yiX7ukKj5kVabuoh88QVsqn9NxJ3kNBZHPUo7iyv5PGIosxEDEdYv1ovV2rHC%2FoDNlq4lo9NUWJ4h8154QAwpbv8g6u%2BRiriFalvi%2FUeaqmba4p"}],"group":"cf-nel","max_age":604800}', 'NEL': '{"success_fraction":0,"report_to":"cf-nel","max_age":604800}', 'Server': 'cloudflare', 'CF-RAY': '8802d67adfa4e17c-ORD', 'alt-svc': 'h3=":443"; ma=86400'} 
 body={"results":[{"gender":"male","name":{"title":"Mr","first":"Eda","last":"de Souza"},"location":{"street":{"number":4252,"name":"Rua São Sebastiao "},"city":"Macapá","state":"Paraíba","country":"Brazil","postcode":93923,"coordinates":{"latitude":"-79.7258","longitude":"-130.4608"},"timezone":{"offset":"-11:00","description":"Midway Island, Samoa"}},"email":"eda.desouza@example.com","login":{"uuid":"4506d88e-877a-43c7-adf1-4e68f9a1eb6f","username":"yellowbutterfly368","password":"stone1","salt":"HDENoXE4","md5":"d01016313bbd4bafa449f56d466c695c","sha1":"256d4c0f7c2e901b4c85521c3f69364efb6b5c2b","sha256":"50f655e922c717c3ef62861666adce406cd383ac31fa1e14cc0815abfb2c33c6"},"dob":{"date":"1997-05-05T10:16:10.889Z","age":27},"registered":{"date":"2010-04-11T13:03:50.614Z","age":14},"phone":"(95) 6196-4930","cell":"(24) 1193-2130","id":{"name":"CPF","value":"197.745.588-52"},"picture":{"large":"https://randomuser.me/api/portraits/men/55.jpg","medium":"https://randomuser.me/api/portraits/med/men/55.jpg","thumbnail":"https://randomuser.me/api/portraits/thumb/men/55.jpg"},"nat":"BR"}],"info":{"seed":"97797ac77ba4ec89","results":1,"page":1,"version":"1.4"}} 
 </msg>
<msg time="2024-05-07T17:12:56.869852" level="INFO">/opt/hostedtoolcache/Python/3.12.3/x64/lib/python3.12/site-packages/urllib3/connectionpool.py:1103: InsecureRequestWarning: Unverified HTTPS request is being made to host 'randomuser.me'. Adding certificate verification is strongly advised. See: https://urllib3.readthedocs.io/en/latest/advanced-usage.html#tls-warnings
  warnings.warn(</msg>
<msg time="2024-05-07T17:12:56.869982" level="INFO">${response} = &lt;Response [200]&gt;</msg>
<var>${response}</var>
<arg>consultarAPI</arg>
<arg>/api</arg>
<doc>Sends a GET request on a previously created HTTP Session.</doc>
<status status="PASS" start="2024-05-07T17:12:56.768585" elapsed="0.101441"/>
</kw>
<kw name="Set Variable" owner="BuiltIn">
<msg time="2024-05-07T17:12:56.871336" level="INFO">${json_data} = {'results': [{'gender': 'male', 'name': {'title': 'Mr', 'first': 'Eda', 'last': 'de Souza'}, 'location': {'street': {'number': 4252, 'name': 'Rua São Sebastiao '}, 'city': 'Macapá', 'state': 'Paraíba'...</msg>
<var>${json_data}</var>
<arg>${response.json()}</arg>
<doc>Returns the given values which can then be assigned to a variables.</doc>
<status status="PASS" start="2024-05-07T17:12:56.870736" elapsed="0.000630"/>
</kw>
<kw name="Log" owner="BuiltIn">
<msg time="2024-05-07T17:12:56.871859" level="INFO">{'results': [{'gender': 'male', 'name': {'title': 'Mr', 'first': 'Eda', 'last': 'de Souza'}, 'location': {'street': {'number': 4252, 'name': 'Rua São Sebastiao '}, 'city': 'Macapá', 'state': 'Paraíba', 'country': 'Brazil', 'postcode': 93923, 'coordinates': {'latitude': '-79.7258', 'longitude': '-130.4608'}, 'timezone': {'offset': '-11:00', 'description': 'Midway Island, Samoa'}}, 'email': 'eda.desouza@example.com', 'login': {'uuid': '4506d88e-877a-43c7-adf1-4e68f9a1eb6f', 'username': 'yellowbutterfly368', 'password': 'stone1', 'salt': 'HDENoXE4', 'md5': 'd01016313bbd4bafa449f56d466c695c', 'sha1': '256d4c0f7c2e901b4c85521c3f69364efb6b5c2b', 'sha256': '50f655e922c717c3ef62861666adce406cd383ac31fa1e14cc0815abfb2c33c6'}, 'dob': {'date': '1997-05-05T10:16:10.889Z', 'age': 27}, 'registered': {'date': '2010-04-11T13:03:50.614Z', 'age': 14}, 'phone': '(95) 6196-4930', 'cell': '(24) 1193-2130', 'id': {'name': 'CPF', 'value': '197.745.588-52'}, 'picture': {'large': 'https://randomuser.me/api/portraits/men/55.jpg', 'medium': 'https://randomuser.me/api/portraits/med/men/55.jpg', 'thumbnail': 'https://randomuser.me/api/portraits/thumb/men/55.jpg'}, 'nat': 'BR'}], 'info': {'seed': '97797ac77ba4ec89', 'results': 1, 'page': 1, 'version': '1.4'}}</msg>
<arg>${json_data}</arg>
<doc>Logs the given message with the given level.</doc>
<status status="PASS" start="2024-05-07T17:12:56.871696" elapsed="0.000248"/>
</kw>
<kw name="Should Be Equal As Numbers" owner="BuiltIn">
<arg>${json_data['results'][0]['location']['postcode']}</arg>
<arg>${json_data['results'][0]['location']['postcode']}</arg>
<doc>Fails if objects are unequal after converting them to real numbers.</doc>
<status status="PASS" start="2024-05-07T17:12:56.872253" elapsed="0.000831"/>
</kw>
<kw name="Log" owner="BuiltIn">
<msg time="2024-05-07T17:12:56.873620" level="INFO">93923</msg>
<arg>${json_data['results'][0]['location']['postcode']}</arg>
<doc>Logs the given message with the given level.</doc>
<status status="PASS" start="2024-05-07T17:12:56.873279" elapsed="0.000382"/>
</kw>
<status status="PASS" start="2024-05-07T17:12:56.768350" elapsed="0.105567"/>
</kw>
<doc>Testa se os tipos de dados na resposta da API estão corretos.</doc>
<tag>testeTiposDados</tag>
<status status="PASS" start="2024-05-07T17:12:56.679124" elapsed="0.194961"/>
</test>
<test id="s1-s1-t5" name="Validar conteudo" line="35">
<kw name="Teste de Tipos de Conteudo" owner="random-user-service">
<kw name="GET On Session" owner="RequestsLibrary">
<msg time="2024-05-07T17:12:56.958846" level="INFO">GET Request : url=https://randomuser.me/api 
 path_url=/api 
 headers={'User-Agent': 'python-requests/2.31.0', 'Accept-Encoding': 'gzip, deflate', 'Accept': '*/*', 'Connection': 'keep-alive'} 
 body=None 
 </msg>
<msg time="2024-05-07T17:12:56.958945" level="INFO">GET Response : url=https://randomuser.me/api 
 status=200, reason=OK 
 headers={'Date': 'Tue, 07 May 2024 17:12:56 GMT', 'Content-Type': 'application/json; charset=utf-8', 'Transfer-Encoding': 'chunked', 'Connection': 'keep-alive', 'X-Powered-By': 'Express', 'Access-Control-Allow-Origin': '*', 'Cache-Control': 'no-cache', 'ETag': 'W/"4a0-ORhHEoGr4NOgTcMrQrJnFSzW5QE"', 'Vary': 'Accept-Encoding', 'Content-Encoding': 'gzip', 'CF-Cache-Status': 'DYNAMIC', 'Report-To': '{"endpoints":[{"url":"https:\\/\\/a.nel.cloudflare.com\\/report\\/v4?s=LBdJKFfjh78%2BqwOQhPO87gk71VsKTryDhqviIamh1iyUrqC7e2FhHbLadJEZCJPR%2FAqxxMXR%2F2QWzjd6Kyccr38bq6Otewazw8RDi0shuDIduI0Oz0N290666Xx%2FN9OQ"}],"group":"cf-nel","max_age":604800}', 'NEL': '{"success_fraction":0,"report_to":"cf-nel","max_age":604800}', 'Server': 'cloudflare', 'CF-RAY': '8802d67b88b8e17c-ORD', 'alt-svc': 'h3=":443"; ma=86400'} 
 body={"results":[{"gender":"male","name":{"title":"Mr","first":"Emilio","last":"Menchaca"},"location":{"street":{"number":2948,"name":"Viaducto Chiapas"},"city":"Yanga","state":"Guanajuato","country":"Mexico","postcode":67624,"coordinates":{"latitude":"25.7141","longitude":"-123.3671"},"timezone":{"offset":"+3:00","description":"Baghdad, Riyadh, Moscow, St. Petersburg"}},"email":"emilio.menchaca@example.com","login":{"uuid":"3884ff5a-9f4e-4b65-a104-08a7c03d204d","username":"angryelephant131","password":"andres","salt":"K9t6Tzwz","md5":"25222a803ad82a0aece9be94df434f4d","sha1":"88c00de282ffa7a2a371fa88b7bf08cc6a827e71","sha256":"7bd3e94d7d1a4663af8cf1b1532ee8990d2cc4db8282aff8d16cae268194bde9"},"dob":{"date":"1976-06-09T02:11:36.839Z","age":47},"registered":{"date":"2015-01-05T17:42:52.072Z","age":9},"phone":"(670) 181 0380","cell":"(611) 030 2757","id":{"name":"NSS","value":"11 70 33 9405 8"},"picture":{"large":"https://randomuser.me/api/portraits/men/45.jpg","medium":"https://randomuser.me/api/portraits/med/men/45.jpg","thumbnail":"https://randomuser.me/api/portraits/thumb/men/45.jpg"},"nat":"MX"}],"info":{"seed":"83882fb9aa5c927a","results":1,"page":1,"version":"1.4"}} 
 </msg>
<msg time="2024-05-07T17:12:56.959018" level="INFO">/opt/hostedtoolcache/Python/3.12.3/x64/lib/python3.12/site-packages/urllib3/connectionpool.py:1103: InsecureRequestWarning: Unverified HTTPS request is being made to host 'randomuser.me'. Adding certificate verification is strongly advised. See: https://urllib3.readthedocs.io/en/latest/advanced-usage.html#tls-warnings
  warnings.warn(</msg>
<msg time="2024-05-07T17:12:56.959139" level="INFO">${response} = &lt;Response [200]&gt;</msg>
<var>${response}</var>
<arg>consultarAPI</arg>
<arg>/api</arg>
<doc>Sends a GET request on a previously created HTTP Session.</doc>
<status status="PASS" start="2024-05-07T17:12:56.877081" elapsed="0.082093"/>
</kw>
<kw name="Set Variable" owner="BuiltIn">
<msg time="2024-05-07T17:12:56.960240" level="INFO">${json_data} = {'results': [{'gender': 'male', 'name': {'title': 'Mr', 'first': 'Emilio', 'last': 'Menchaca'}, 'location': {'street': {'number': 2948, 'name': 'Viaducto Chiapas'}, 'city': 'Yanga', 'state': 'Guanajua...</msg>
<var>${json_data}</var>
<arg>${response.json()}</arg>
<doc>Returns the given values which can then be assigned to a variables.</doc>
<status status="PASS" start="2024-05-07T17:12:56.959717" elapsed="0.000552"/>
</kw>
<kw name="Set Variable" owner="BuiltIn">
<msg time="2024-05-07T17:12:56.960989" level="INFO">${name_title} = Mr</msg>
<var>${name_title}</var>
<arg>${json_data["results"][0]["name"]["title"]}</arg>
<doc>Returns the given values which can then be assigned to a variables.</doc>
<status status="PASS" start="2024-05-07T17:12:56.960589" elapsed="0.000427"/>
</kw>
<kw name="Create List" owner="BuiltIn">
<msg time="2024-05-07T17:12:56.961480" level="INFO">${allowed_titles} = ['Mr', 'Ms', 'Miss', 'Mrs', 'Madame', 'Monsieur']</msg>
<var>${allowed_titles}</var>
<arg>Mr</arg>
<arg>Ms</arg>
<arg>Miss</arg>
<arg>Mrs</arg>
<arg>Madame</arg>
<arg>Monsieur</arg>
<doc>Returns a list containing given items.</doc>
<status status="PASS" start="2024-05-07T17:12:56.961328" elapsed="0.000177"/>
</kw>
<kw name="List Should Contain Value" owner="Collections">
<msg time="2024-05-07T17:12:56.961984" level="INFO">False</msg>
<arg>${allowed_titles}</arg>
<arg>${name_title}</arg>
<doc>Fails if the ``value`` is not found from ``list``.</doc>
<status status="PASS" start="2024-05-07T17:12:56.961808" elapsed="0.000214"/>
</kw>
<kw name="Set Variable" owner="BuiltIn">
<msg time="2024-05-07T17:12:56.962744" level="INFO">${name_country} = MX</msg>
<var>${name_country}</var>
<arg>${json_data["results"][0]["nat"]}</arg>
<doc>Returns the given values which can then be assigned to a variables.</doc>
<status status="PASS" start="2024-05-07T17:12:56.962318" elapsed="0.000452"/>
</kw>
<kw name="Create List" owner="BuiltIn">
<msg time="2024-05-07T17:12:56.963660" level="INFO">${list_country} = ['AD', 'AE', 'AF', 'AG', 'AI', 'AL', 'AM', 'AO', 'AQ', 'AR', 'AS', 'AT', 'AU', 'AW', 'AX', 'AZ', 'BA', 'BB', 'BD', 'BE', 'BF', 'BG', 'BH', 'BI', 'BJ', 'BL', 'BM', 'BN', 'BO', 'BQ', 'BR', 'BS', 'BT', '...</msg>
<var>${list_country}</var>
<arg>AD</arg>
<arg>AE</arg>
<arg>AF</arg>
<arg>AG</arg>
<arg>AI</arg>
<arg>AL</arg>
<arg>AM</arg>
<arg>AO</arg>
<arg>AQ</arg>
<arg>AR</arg>
<arg>AS</arg>
<arg>AT</arg>
<arg>AU</arg>
<arg>AW</arg>
<arg>AX</arg>
<arg>AZ</arg>
<arg>BA</arg>
<arg>BB</arg>
<arg>BD</arg>
<arg>BE</arg>
<arg>BF</arg>
<arg>BG</arg>
<arg>BH</arg>
<arg>BI</arg>
<arg>BJ</arg>
<arg>BL</arg>
<arg>BM</arg>
<arg>BN</arg>
<arg>BO</arg>
<arg>BQ</arg>
<arg>BR</arg>
<arg>BS</arg>
<arg>BT</arg>
<arg>BV</arg>
<arg>BW</arg>
<arg>BY</arg>
<arg>BZ</arg>
<arg>CA</arg>
<arg>CC</arg>
<arg>CD</arg>
<arg>CF</arg>
<arg>CG</arg>
<arg>CH</arg>
<arg>CI</arg>
<arg>CK</arg>
<arg>CL</arg>
<arg>CM</arg>
<arg>CN</arg>
<arg>CO</arg>
<arg>CR</arg>
<arg>CU</arg>
<arg>CV</arg>
<arg>CW</arg>
<arg>CX</arg>
<arg>CY</arg>
<arg>CZ</arg>
<arg>DE</arg>
<arg>DJ</arg>
<arg>DK</arg>
<arg>DM</arg>
<arg>DO</arg>
<arg>DZ</arg>
<arg>EC</arg>
<arg>EE</arg>
<arg>EG</arg>
<arg>EH</arg>
<arg>ER</arg>
<arg>ES</arg>
<arg>ET</arg>
<arg>FI</arg>
<arg>FJ</arg>
<arg>FK</arg>
<arg>FM</arg>
<arg>FO</arg>
<arg>FR</arg>
<arg>GA</arg>
<arg>GB</arg>
<arg>GD</arg>
<arg>GE</arg>
<arg>GF</arg>
<arg>GG</arg>
<arg>GH</arg>
<arg>GI</arg>
<arg>GL</arg>
<arg>GM</arg>
<arg>GN</arg>
<arg>GP</arg>
<arg>GQ</arg>
<arg>GR</arg>
<arg>GS</arg>
<arg>GT</arg>
<arg>GU</arg>
<arg>GW</arg>
<arg>GY</arg>
<arg>HK</arg>
<arg>HM</arg>
<arg>HN</arg>
<arg>HR</arg>
<arg>HT</arg>
<arg>HU</arg>
<arg>ID</arg>
<arg>IE</arg>
<arg>IL</arg>
<arg>IM</arg>
<arg>IN</arg>
<arg>IO</arg>
<arg>IQ</arg>
<arg>IR</arg>
<arg>IS</arg>
<arg>IT</arg>
<arg>JE</arg>
<arg>JM</arg>
<arg>JO</arg>
<arg>JP</arg>
<arg>KE</arg>
<arg>KG</arg>
<arg>KH</arg>
<arg>KI</arg>
<arg>KM</arg>
<arg>KN</arg>
<arg>KP</arg>
<arg>KR</arg>
<arg>KW</arg>
<arg>KY</arg>
<arg>KZ</arg>
<arg>LA</arg>
<arg>LB</arg>
<arg>LC</arg>
<arg>LI</arg>
<arg>LK</arg>
<arg>LR</arg>
<arg>LS</arg>
<arg>LT</arg>
<arg>LU</arg>
<arg>LV</arg>
<arg>LY</arg>
<arg>MA</arg>
<arg>MC</arg>
<arg>MD</arg>
<arg>ME</arg>
<arg>MF</arg>
<arg>MG</arg>
<arg>MH</arg>
<arg>MK</arg>
<arg>ML</arg>
<arg>MM</arg>
<arg>MN</arg>
<arg>MO</arg>
<arg>MP</arg>
<arg>MQ</arg>
<arg>MR</arg>
<arg>MS</arg>
<arg>MT</arg>
<arg>MU</arg>
<arg>MV</arg>
<arg>MW</arg>
<arg>MX</arg>
<arg>MY</arg>
<arg>MZ</arg>
<arg>NA</arg>
<arg>NC</arg>
<arg>NE</arg>
<arg>NF</arg>
<arg>NG</arg>
<arg>NI</arg>
<arg>NL</arg>
<arg>NO</arg>
<arg>NP</arg>
<arg>NR</arg>
<arg>NU</arg>
<arg>NZ</arg>
<arg>OM</arg>
<arg>PA</arg>
<arg>PE</arg>
<arg>PF</arg>
<arg>PG</arg>
<arg>PH</arg>
<arg>PK</arg>
<arg>PL</arg>
<arg>PM</arg>
<arg>PN</arg>
<arg>PR</arg>
<arg>PS</arg>
<arg>PT</arg>
<arg>PW</arg>
<arg>PY</arg>
<arg>QA</arg>
<arg>RE</arg>
<arg>RO</arg>
<arg>RS</arg>
<arg>RU</arg>
<arg>RW</arg>
<arg>SA</arg>
<arg>SB</arg>
<arg>SC</arg>
<arg>SD</arg>
<arg>SE</arg>
<arg>SG</arg>
<arg>SH</arg>
<arg>SI</arg>
<arg>SJ</arg>
<arg>SK</arg>
<arg>SL</arg>
<arg>SM</arg>
<arg>SN</arg>
<arg>SO</arg>
<arg>SR</arg>
<arg>SS</arg>
<arg>ST</arg>
<arg>SV</arg>
<arg>SX</arg>
<arg>SY</arg>
<arg>SZ</arg>
<arg>TC</arg>
<arg>TD</arg>
<arg>TF</arg>
<arg>TG</arg>
<arg>TH</arg>
<arg>TJ</arg>
<arg>TK</arg>
<arg>TL</arg>
<arg>TM</arg>
<arg>TN</arg>
<arg>TO</arg>
<arg>TR</arg>
<arg>TT</arg>
<arg>TV</arg>
<arg>TW</arg>
<arg>TZ</arg>
<arg>UA</arg>
<arg>UG</arg>
<arg>UM</arg>
<arg>US</arg>
<arg>UY</arg>
<arg>UZ</arg>
<arg>VA</arg>
<arg>VC</arg>
<arg>VE</arg>
<arg>VG</arg>
<arg>VI</arg>
<arg>VN</arg>
<arg>VU</arg>
<arg>WF</arg>
<arg>WS</arg>
<arg>XK</arg>
<arg>YE</arg>
<arg>YT</arg>
<arg>ZA</arg>
<arg>ZM</arg>
<arg>ZW</arg>
<doc>Returns a list containing given items.</doc>
<status status="PASS" start="2024-05-07T17:12:56.963076" elapsed="0.000610"/>
</kw>
<kw name="List Should Contain Value" owner="Collections">
<msg time="2024-05-07T17:12:56.964693" level="INFO">False</msg>
<arg>${list_country}</arg>
<arg>${name_country}</arg>
<doc>Fails if the ``value`` is not found from ``list``.</doc>
<status status="PASS" start="2024-05-07T17:12:56.964492" elapsed="0.000238"/>
</kw>
<kw name="Run Keyword If" owner="BuiltIn">
<kw name="Should Be True" owner="BuiltIn">
<arg>${True}</arg>
<doc>Fails if the given condition is not true.</doc>
<status status="PASS" start="2024-05-07T17:12:56.965822" elapsed="0.000146"/>
</kw>
<arg>${json_data["results"][0]["location"]["coordinates"]["latitude"]} &gt;= -90 and ${json_data["results"][0]["location"]["coordinates"]["latitude"]} &lt;= 90</arg>
<arg>Should Be True</arg>
<arg>${True}</arg>
<doc>Runs the given keyword with the given arguments, if ``condition`` is true.</doc>
<status status="PASS" start="2024-05-07T17:12:56.965042" elapsed="0.001053"/>
</kw>
<kw name="Run Keyword If" owner="BuiltIn">
<kw name="Should Be True" owner="BuiltIn">
<arg>${True}</arg>
<doc>Fails if the given condition is not true.</doc>
<status status="PASS" start="2024-05-07T17:12:56.967015" elapsed="0.000272"/>
</kw>
<arg>${json_data["results"][0]["location"]["coordinates"]["longitude"]} &gt;= -180 and ${json_data["results"][0]["location"]["coordinates"]["longitude"]} &lt;= 180</arg>
<arg>Should Be True</arg>
<arg>${True}</arg>
<doc>Runs the given keyword with the given arguments, if ``condition`` is true.</doc>
<status status="PASS" start="2024-05-07T17:12:56.966280" elapsed="0.001133"/>
</kw>
<status status="PASS" start="2024-05-07T17:12:56.876697" elapsed="0.090854"/>
</kw>
<doc>Testa o conteúdo específico dos campos retornados pela API.</doc>
<tag>testeConteudo</tag>
<status status="PASS" start="2024-05-07T17:12:56.875992" elapsed="0.091714"/>
</test>
<status status="PASS" start="2024-05-07T17:12:56.096334" elapsed="0.873348"/>
</suite>
<status status="PASS" start="2024-05-07T17:12:56.082696" elapsed="0.892194"/>
</suite>
<statistics>
<total>
<stat pass="5" fail="0" skip="0">All Tests</stat>
</total>
<tag>
<stat pass="1" fail="0" skip="0">testeConteudo</stat>
<stat pass="1" fail="0" skip="0">testeEstruturaResposta</stat>
<stat pass="1" fail="0" skip="0">testeRequisicaoBasica</stat>
<stat pass="1" fail="0" skip="0">testeTiposDados</stat>
</tag>
<suite>
<stat pass="5" fail="0" skip="0" id="s1" name="Tests">Tests</stat>
<stat pass="5" fail="0" skip="0" id="s1-s1" name="Random-User-Test">Tests.Random-User-Test</stat>
</suite>
</statistics>
<errors>
</errors>
</robot>
