<?xml version="1.0" encoding="UTF-8"?>
<robot generator="Robot 7.0.1 (Python 3.12.4 on linux)" generated="2024-07-22T01:10:22.682576" rpa="false" schemaversion="5">
<suite id="s1" name="Tests" source="/home/runner/work/ApiRandomUser/ApiRandomUser/RamdonUser/tests">
<suite id="s1-s1" name="Random-User-Test" source="/home/runner/work/ApiRandomUser/ApiRandomUser/RamdonUser/tests/random-user-test.robot">
<test id="s1-s1-t1" name="Conectar" line="13">
<kw name="Conectar API" owner="random-user-service">
<kw name="Create Session" owner="RequestsLibrary">
<msg time="2024-07-22T01:10:23.082724" level="INFO">Creating Session using : alias=consultarAPI, url=https://randomuser.me/, headers={},                     cookies={}, auth=None, timeout=None, proxies=None, verify=False,                     debug=0 </msg>
<arg>consultarAPI</arg>
<arg>${URL}</arg>
<doc>Create Session: create a HTTP session to a server</doc>
<status status="PASS" start="2024-07-22T01:10:23.082521" elapsed="0.000398"/>
</kw>
<status status="PASS" start="2024-07-22T01:10:23.081463" elapsed="0.001825"/>
</kw>
<status status="PASS" start="2024-07-22T01:10:23.080820" elapsed="0.002693"/>
</test>
<test id="s1-s1-t2" name="Validar retorno 200 e JSON Válido" line="16">
<kw name="Teste de Requisicao Basica" owner="random-user-service">
<kw name="GET On Session" owner="RequestsLibrary">
<msg time="2024-07-22T01:10:23.262882" level="INFO">GET Request : url=https://randomuser.me/api 
 path_url=/api 
 headers={'User-Agent': 'python-requests/2.32.3', 'Accept-Encoding': 'gzip, deflate', 'Accept': '*/*', 'Connection': 'keep-alive'} 
 body=None 
 </msg>
<msg time="2024-07-22T01:10:23.263040" level="INFO">GET Response : url=https://randomuser.me/api 
 status=200, reason=OK 
 headers={'Date': 'Mon, 22 Jul 2024 01:10:23 GMT', 'Content-Type': 'application/json; charset=utf-8', 'Transfer-Encoding': 'chunked', 'Connection': 'keep-alive', 'X-Powered-By': 'Express', 'Access-Control-Allow-Origin': '*', 'Cache-Control': 'no-cache', 'ETag': 'W/"47e-r6PmErzHek6qMcq1dL7gKMvLqOs"', 'Vary': 'Accept-Encoding', 'Content-Encoding': 'gzip', 'CF-Cache-Status': 'DYNAMIC', 'Report-To': '{"endpoints":[{"url":"https:\\/\\/a.nel.cloudflare.com\\/report\\/v4?s=DA4sHRW3bn04C7hwHKIWoG42opPI0nRIyC2y3vwX8IXBARcsQZouhj7u%2FRd4S7Or%2F1ZU5KQ7dbvt3jCSRXltQp5NtQWiOdptAJl4n%2F4HgEiJSfNX93zXvCM9xYDvFT1J"}],"group":"cf-nel","max_age":604800}', 'NEL': '{"success_fraction":0,"report_to":"cf-nel","max_age":604800}', 'Server': 'cloudflare', 'CF-RAY': '8a6f8cfa993928fa-LAX', 'alt-svc': 'h3=":443"; ma=86400'} 
 body={"results":[{"gender":"female","name":{"title":"Miss","first":"Ella","last":"Maki"},"location":{"street":{"number":6389,"name":"Korkeavuorenkatu"},"city":"Hartola","state":"Åland","country":"Finland","postcode":54015,"coordinates":{"latitude":"-22.3627","longitude":"8.4993"},"timezone":{"offset":"+9:30","description":"Adelaide, Darwin"}},"email":"ella.maki@example.com","login":{"uuid":"283ea51f-7bb4-4be8-b17d-ff52669648ff","username":"smallzebra960","password":"judy","salt":"SQqS6ITh","md5":"575cc25c8193ce9fb1bbd1fdadb38549","sha1":"9cd331f86b7542e4d708b8377604abc126d64785","sha256":"9f052920b3300837c0ca1255377e07775831084d470928d784f91dfebd800cc9"},"dob":{"date":"1963-06-28T17:26:25.095Z","age":61},"registered":{"date":"2004-12-15T14:53:59.235Z","age":19},"phone":"05-643-599","cell":"046-222-81-86","id":{"name":"HETU","value":"NaNNA630undefined"},"picture":{"large":"https://randomuser.me/api/portraits/women/38.jpg","medium":"https://randomuser.me/api/portraits/med/women/38.jpg","thumbnail":"https://randomuser.me/api/portraits/thumb/women/38.jpg"},"nat":"FI"}],"info":{"seed":"7078da2fd1bb8031","results":1,"page":1,"version":"1.4"}} 
 </msg>
<msg time="2024-07-22T01:10:23.263126" level="INFO">/opt/hostedtoolcache/Python/3.12.4/x64/lib/python3.12/site-packages/urllib3/connectionpool.py:1099: InsecureRequestWarning: Unverified HTTPS request is being made to host 'randomuser.me'. Adding certificate verification is strongly advised. See: https://urllib3.readthedocs.io/en/latest/advanced-usage.html#tls-warnings
  warnings.warn(</msg>
<msg time="2024-07-22T01:10:23.263310" level="INFO">${response} = &lt;Response [200]&gt;</msg>
<var>${response}</var>
<arg>consultarAPI</arg>
<arg>/api</arg>
<doc>Sends a GET request on a previously created HTTP Session.</doc>
<status status="PASS" start="2024-07-22T01:10:23.086157" elapsed="0.177201"/>
</kw>
<kw name="Should Be Equal As Numbers" owner="BuiltIn">
<msg time="2024-07-22T01:10:23.264364" level="INFO">Argument types are:
&lt;class 'int'&gt;
&lt;class 'str'&gt;</msg>
<arg>${response.status_code}</arg>
<arg>200</arg>
<doc>Fails if objects are unequal after converting them to real numbers.</doc>
<status status="PASS" start="2024-07-22T01:10:23.263901" elapsed="0.000527"/>
</kw>
<kw name="Log" owner="BuiltIn">
<msg time="2024-07-22T01:10:23.265086" level="INFO">200</msg>
<arg>${response.status_code}</arg>
<doc>Logs the given message with the given level.</doc>
<status status="PASS" start="2024-07-22T01:10:23.264742" elapsed="0.000385"/>
</kw>
<kw name="Set Variable" owner="BuiltIn">
<msg time="2024-07-22T01:10:23.265868" level="INFO">${json_data} = {'results': [{'gender': 'female', 'name': {'title': 'Miss', 'first': 'Ella', 'last': 'Maki'}, 'location': {'street': {'number': 6389, 'name': 'Korkeavuorenkatu'}, 'city': 'Hartola', 'state': 'Åland', ...</msg>
<var>${json_data}</var>
<arg>${response.json()}</arg>
<doc>Returns the given values which can then be assigned to a variables.</doc>
<status status="PASS" start="2024-07-22T01:10:23.265426" elapsed="0.000471"/>
</kw>
<kw name="Dictionary Should Contain Key" owner="Collections">
<arg>${json_data}</arg>
<arg>results</arg>
<doc>Fails if ``key`` is not found from ``dictionary``.</doc>
<status status="PASS" start="2024-07-22T01:10:23.266196" elapsed="0.000321"/>
</kw>
<status status="PASS" start="2024-07-22T01:10:23.085909" elapsed="0.180760"/>
</kw>
<doc>Testa se a API responde corretamente e retorna um objeto JSON válido.</doc>
<tag>testeRequisicaoBasica</tag>
<status status="PASS" start="2024-07-22T01:10:23.085384" elapsed="0.181461"/>
</test>
<test id="s1-s1-t3" name="Validar estrutura de resposta" line="22">
<kw name="Teste de Estrutura de Resposta" owner="random-user-service">
<kw name="GET On Session" owner="RequestsLibrary">
<msg time="2024-07-22T01:10:23.440290" level="INFO">GET Request : url=https://randomuser.me/api 
 path_url=/api 
 headers={'User-Agent': 'python-requests/2.32.3', 'Accept-Encoding': 'gzip, deflate', 'Accept': '*/*', 'Connection': 'keep-alive'} 
 body=None 
 </msg>
<msg time="2024-07-22T01:10:23.440392" level="INFO">GET Response : url=https://randomuser.me/api 
 status=200, reason=OK 
 headers={'Date': 'Mon, 22 Jul 2024 01:10:23 GMT', 'Content-Type': 'application/json; charset=utf-8', 'Transfer-Encoding': 'chunked', 'Connection': 'keep-alive', 'X-Powered-By': 'Express', 'Access-Control-Allow-Origin': '*', 'Cache-Control': 'no-cache', 'ETag': 'W/"468-c1AufMQackKh6/WmYqm8JKJBAe8"', 'Vary': 'Accept-Encoding', 'Content-Encoding': 'gzip', 'CF-Cache-Status': 'DYNAMIC', 'Report-To': '{"endpoints":[{"url":"https:\\/\\/a.nel.cloudflare.com\\/report\\/v4?s=tz%2Ben7OxcIEMjvIkPqLqHTY24HnClQgJwugf5o%2BhUXWgIFjg4zw1FjF5fHznS0LTd%2BJq8CgpRWrXtzfqg9lfKVDusiociet0jrxrpr%2BjW6D45Tw3ubOUjP3h0bOm0FkW"}],"group":"cf-nel","max_age":604800}', 'NEL': '{"success_fraction":0,"report_to":"cf-nel","max_age":604800}', 'Server': 'cloudflare', 'CF-RAY': '8a6f8cfb7a8a28fa-LAX', 'alt-svc': 'h3=":443"; ma=86400'} 
 body={"results":[{"gender":"male","name":{"title":"Mr","first":"Davut","last":"Tokgöz"},"location":{"street":{"number":9048,"name":"Talak Göktepe Cd"},"city":"Giresun","state":"Ordu","country":"Turkey","postcode":49298,"coordinates":{"latitude":"68.7418","longitude":"-82.8274"},"timezone":{"offset":"-10:00","description":"Hawaii"}},"email":"davut.tokgoz@example.com","login":{"uuid":"4c1e45a6-dbce-47fe-9128-ac65950553d2","username":"blueleopard711","password":"baltimor","salt":"YQX4B04f","md5":"940021d30d5f5d532615e27a00cac68a","sha1":"c5123eebf7352f7aecbb24efb85d5a401bd87e70","sha256":"7d5fc19a79fd3de2283b92ab84fc5eb619261492b40098d88028793e49643236"},"dob":{"date":"1988-12-10T15:37:45.573Z","age":35},"registered":{"date":"2010-12-28T12:39:36.792Z","age":13},"phone":"(630)-332-8129","cell":"(569)-807-4829","id":{"name":"","value":null},"picture":{"large":"https://randomuser.me/api/portraits/men/37.jpg","medium":"https://randomuser.me/api/portraits/med/men/37.jpg","thumbnail":"https://randomuser.me/api/portraits/thumb/men/37.jpg"},"nat":"TR"}],"info":{"seed":"ef07700fbdb192e9","results":1,"page":1,"version":"1.4"}} 
 </msg>
<msg time="2024-07-22T01:10:23.440524" level="INFO">/opt/hostedtoolcache/Python/3.12.4/x64/lib/python3.12/site-packages/urllib3/connectionpool.py:1099: InsecureRequestWarning: Unverified HTTPS request is being made to host 'randomuser.me'. Adding certificate verification is strongly advised. See: https://urllib3.readthedocs.io/en/latest/advanced-usage.html#tls-warnings
  warnings.warn(</msg>
<msg time="2024-07-22T01:10:23.440674" level="INFO">${response} = &lt;Response [200]&gt;</msg>
<var>${response}</var>
<arg>consultarAPI</arg>
<arg>/api</arg>
<doc>Sends a GET request on a previously created HTTP Session.</doc>
<status status="PASS" start="2024-07-22T01:10:23.269535" elapsed="0.171183"/>
</kw>
<kw name="Set Variable" owner="BuiltIn">
<msg time="2024-07-22T01:10:23.441736" level="INFO">${json_data} = {'results': [{'gender': 'male', 'name': {'title': 'Mr', 'first': 'Davut', 'last': 'Tokgöz'}, 'location': {'street': {'number': 9048, 'name': 'Talak Göktepe Cd'}, 'city': 'Giresun', 'state': 'Ordu', 'c...</msg>
<var>${json_data}</var>
<arg>${response.json()}</arg>
<doc>Returns the given values which can then be assigned to a variables.</doc>
<status status="PASS" start="2024-07-22T01:10:23.441217" elapsed="0.000548"/>
</kw>
<kw name="Log" owner="BuiltIn">
<msg time="2024-07-22T01:10:23.442246" level="INFO">{'results': [{'gender': 'male', 'name': {'title': 'Mr', 'first': 'Davut', 'last': 'Tokgöz'}, 'location': {'street': {'number': 9048, 'name': 'Talak Göktepe Cd'}, 'city': 'Giresun', 'state': 'Ordu', 'country': 'Turkey', 'postcode': 49298, 'coordinates': {'latitude': '68.7418', 'longitude': '-82.8274'}, 'timezone': {'offset': '-10:00', 'description': 'Hawaii'}}, 'email': 'davut.tokgoz@example.com', 'login': {'uuid': '4c1e45a6-dbce-47fe-9128-ac65950553d2', 'username': 'blueleopard711', 'password': 'baltimor', 'salt': 'YQX4B04f', 'md5': '940021d30d5f5d532615e27a00cac68a', 'sha1': 'c5123eebf7352f7aecbb24efb85d5a401bd87e70', 'sha256': '7d5fc19a79fd3de2283b92ab84fc5eb619261492b40098d88028793e49643236'}, 'dob': {'date': '1988-12-10T15:37:45.573Z', 'age': 35}, 'registered': {'date': '2010-12-28T12:39:36.792Z', 'age': 13}, 'phone': '(630)-332-8129', 'cell': '(569)-807-4829', 'id': {'name': '', 'value': None}, 'picture': {'large': 'https://randomuser.me/api/portraits/men/37.jpg', 'medium': 'https://randomuser.me/api/portraits/med/men/37.jpg', 'thumbnail': 'https://randomuser.me/api/portraits/thumb/men/37.jpg'}, 'nat': 'TR'}], 'info': {'seed': 'ef07700fbdb192e9', 'results': 1, 'page': 1, 'version': '1.4'}}</msg>
<arg>${json_data}</arg>
<doc>Logs the given message with the given level.</doc>
<status status="PASS" start="2024-07-22T01:10:23.442072" elapsed="0.000226"/>
</kw>
<kw name="Dictionary Should Contain Key" owner="Collections">
<arg>${json_data}</arg>
<arg>results</arg>
<doc>Fails if ``key`` is not found from ``dictionary``.</doc>
<status status="PASS" start="2024-07-22T01:10:23.442589" elapsed="0.000166"/>
</kw>
<kw name="Should Not Be Empty" owner="BuiltIn">
<msg time="2024-07-22T01:10:23.443056" level="INFO">Length is 2.</msg>
<arg>${json_data}</arg>
<doc>Verifies that the given item is not empty.</doc>
<status status="PASS" start="2024-07-22T01:10:23.442934" elapsed="0.000159"/>
</kw>
<kw name="Create List" owner="BuiltIn">
<msg time="2024-07-22T01:10:23.443572" level="INFO">${expected_keys} = ['gender', 'name', 'location', 'email', 'login']</msg>
<var>${expected_keys}</var>
<arg>gender</arg>
<arg>name</arg>
<arg>location</arg>
<arg>email</arg>
<arg>login</arg>
<doc>Returns a list containing given items.</doc>
<status status="PASS" start="2024-07-22T01:10:23.443377" elapsed="0.000221"/>
</kw>
<for flavor="IN">
<iter>
<kw name="Dictionary Should Contain Key" owner="Collections">
<arg>${json_data['results'][0]}</arg>
<arg>${key}</arg>
<doc>Fails if ``key`` is not found from ``dictionary``.</doc>
<status status="PASS" start="2024-07-22T01:10:23.444212" elapsed="0.000407"/>
</kw>
<kw name="Log" owner="BuiltIn">
<msg time="2024-07-22T01:10:23.445158" level="INFO">{'gender': 'male', 'name': {'title': 'Mr', 'first': 'Davut', 'last': 'Tokgöz'}, 'location': {'street': {'number': 9048, 'name': 'Talak Göktepe Cd'}, 'city': 'Giresun', 'state': 'Ordu', 'country': 'Turkey', 'postcode': 49298, 'coordinates': {'latitude': '68.7418', 'longitude': '-82.8274'}, 'timezone': {'offset': '-10:00', 'description': 'Hawaii'}}, 'email': 'davut.tokgoz@example.com', 'login': {'uuid': '4c1e45a6-dbce-47fe-9128-ac65950553d2', 'username': 'blueleopard711', 'password': 'baltimor', 'salt': 'YQX4B04f', 'md5': '940021d30d5f5d532615e27a00cac68a', 'sha1': 'c5123eebf7352f7aecbb24efb85d5a401bd87e70', 'sha256': '7d5fc19a79fd3de2283b92ab84fc5eb619261492b40098d88028793e49643236'}, 'dob': {'date': '1988-12-10T15:37:45.573Z', 'age': 35}, 'registered': {'date': '2010-12-28T12:39:36.792Z', 'age': 13}, 'phone': '(630)-332-8129', 'cell': '(569)-807-4829', 'id': {'name': '', 'value': None}, 'picture': {'large': 'https://randomuser.me/api/portraits/men/37.jpg', 'medium': 'https://randomuser.me/api/portraits/med/men/37.jpg', 'thumbnail': 'https://randomuser.me/api/portraits/thumb/men/37.jpg'}, 'nat': 'TR'}</msg>
<arg>${json_data['results'][0]}</arg>
<doc>Logs the given message with the given level.</doc>
<status status="PASS" start="2024-07-22T01:10:23.444807" elapsed="0.000401"/>
</kw>
<kw name="Log" owner="BuiltIn">
<msg time="2024-07-22T01:10:23.445626" level="INFO">gender</msg>
<arg>${key}</arg>
<doc>Logs the given message with the given level.</doc>
<status status="PASS" start="2024-07-22T01:10:23.445502" elapsed="0.000161"/>
</kw>
<var name="${key}">gender</var>
<status status="PASS" start="2024-07-22T01:10:23.444077" elapsed="0.001797"/>
</iter>
<iter>
<kw name="Dictionary Should Contain Key" owner="Collections">
<arg>${json_data['results'][0]}</arg>
<arg>${key}</arg>
<doc>Fails if ``key`` is not found from ``dictionary``.</doc>
<status status="PASS" start="2024-07-22T01:10:23.446166" elapsed="0.000381"/>
</kw>
<kw name="Log" owner="BuiltIn">
<msg time="2024-07-22T01:10:23.447079" level="INFO">{'gender': 'male', 'name': {'title': 'Mr', 'first': 'Davut', 'last': 'Tokgöz'}, 'location': {'street': {'number': 9048, 'name': 'Talak Göktepe Cd'}, 'city': 'Giresun', 'state': 'Ordu', 'country': 'Turkey', 'postcode': 49298, 'coordinates': {'latitude': '68.7418', 'longitude': '-82.8274'}, 'timezone': {'offset': '-10:00', 'description': 'Hawaii'}}, 'email': 'davut.tokgoz@example.com', 'login': {'uuid': '4c1e45a6-dbce-47fe-9128-ac65950553d2', 'username': 'blueleopard711', 'password': 'baltimor', 'salt': 'YQX4B04f', 'md5': '940021d30d5f5d532615e27a00cac68a', 'sha1': 'c5123eebf7352f7aecbb24efb85d5a401bd87e70', 'sha256': '7d5fc19a79fd3de2283b92ab84fc5eb619261492b40098d88028793e49643236'}, 'dob': {'date': '1988-12-10T15:37:45.573Z', 'age': 35}, 'registered': {'date': '2010-12-28T12:39:36.792Z', 'age': 13}, 'phone': '(630)-332-8129', 'cell': '(569)-807-4829', 'id': {'name': '', 'value': None}, 'picture': {'large': 'https://randomuser.me/api/portraits/men/37.jpg', 'medium': 'https://randomuser.me/api/portraits/med/men/37.jpg', 'thumbnail': 'https://randomuser.me/api/portraits/thumb/men/37.jpg'}, 'nat': 'TR'}</msg>
<arg>${json_data['results'][0]}</arg>
<doc>Logs the given message with the given level.</doc>
<status status="PASS" start="2024-07-22T01:10:23.446727" elapsed="0.000434"/>
</kw>
<kw name="Log" owner="BuiltIn">
<msg time="2024-07-22T01:10:23.447616" level="INFO">name</msg>
<arg>${key}</arg>
<doc>Logs the given message with the given level.</doc>
<status status="PASS" start="2024-07-22T01:10:23.447467" elapsed="0.000187"/>
</kw>
<var name="${key}">name</var>
<status status="PASS" start="2024-07-22T01:10:23.446057" elapsed="0.001812"/>
</iter>
<iter>
<kw name="Dictionary Should Contain Key" owner="Collections">
<arg>${json_data['results'][0]}</arg>
<arg>${key}</arg>
<doc>Fails if ``key`` is not found from ``dictionary``.</doc>
<status status="PASS" start="2024-07-22T01:10:23.448145" elapsed="0.000371"/>
</kw>
<kw name="Log" owner="BuiltIn">
<msg time="2024-07-22T01:10:23.449051" level="INFO">{'gender': 'male', 'name': {'title': 'Mr', 'first': 'Davut', 'last': 'Tokgöz'}, 'location': {'street': {'number': 9048, 'name': 'Talak Göktepe Cd'}, 'city': 'Giresun', 'state': 'Ordu', 'country': 'Turkey', 'postcode': 49298, 'coordinates': {'latitude': '68.7418', 'longitude': '-82.8274'}, 'timezone': {'offset': '-10:00', 'description': 'Hawaii'}}, 'email': 'davut.tokgoz@example.com', 'login': {'uuid': '4c1e45a6-dbce-47fe-9128-ac65950553d2', 'username': 'blueleopard711', 'password': 'baltimor', 'salt': 'YQX4B04f', 'md5': '940021d30d5f5d532615e27a00cac68a', 'sha1': 'c5123eebf7352f7aecbb24efb85d5a401bd87e70', 'sha256': '7d5fc19a79fd3de2283b92ab84fc5eb619261492b40098d88028793e49643236'}, 'dob': {'date': '1988-12-10T15:37:45.573Z', 'age': 35}, 'registered': {'date': '2010-12-28T12:39:36.792Z', 'age': 13}, 'phone': '(630)-332-8129', 'cell': '(569)-807-4829', 'id': {'name': '', 'value': None}, 'picture': {'large': 'https://randomuser.me/api/portraits/men/37.jpg', 'medium': 'https://randomuser.me/api/portraits/med/men/37.jpg', 'thumbnail': 'https://randomuser.me/api/portraits/thumb/men/37.jpg'}, 'nat': 'TR'}</msg>
<arg>${json_data['results'][0]}</arg>
<doc>Logs the given message with the given level.</doc>
<status status="PASS" start="2024-07-22T01:10:23.448700" elapsed="0.000399"/>
</kw>
<kw name="Log" owner="BuiltIn">
<msg time="2024-07-22T01:10:23.449536" level="INFO">location</msg>
<arg>${key}</arg>
<doc>Logs the given message with the given level.</doc>
<status status="PASS" start="2024-07-22T01:10:23.449410" elapsed="0.000163"/>
</kw>
<var name="${key}">location</var>
<status status="PASS" start="2024-07-22T01:10:23.448040" elapsed="0.001750"/>
</iter>
<iter>
<kw name="Dictionary Should Contain Key" owner="Collections">
<arg>${json_data['results'][0]}</arg>
<arg>${key}</arg>
<doc>Fails if ``key`` is not found from ``dictionary``.</doc>
<status status="PASS" start="2024-07-22T01:10:23.450064" elapsed="0.000377"/>
</kw>
<kw name="Log" owner="BuiltIn">
<msg time="2024-07-22T01:10:23.451102" level="INFO">{'gender': 'male', 'name': {'title': 'Mr', 'first': 'Davut', 'last': 'Tokgöz'}, 'location': {'street': {'number': 9048, 'name': 'Talak Göktepe Cd'}, 'city': 'Giresun', 'state': 'Ordu', 'country': 'Turkey', 'postcode': 49298, 'coordinates': {'latitude': '68.7418', 'longitude': '-82.8274'}, 'timezone': {'offset': '-10:00', 'description': 'Hawaii'}}, 'email': 'davut.tokgoz@example.com', 'login': {'uuid': '4c1e45a6-dbce-47fe-9128-ac65950553d2', 'username': 'blueleopard711', 'password': 'baltimor', 'salt': 'YQX4B04f', 'md5': '940021d30d5f5d532615e27a00cac68a', 'sha1': 'c5123eebf7352f7aecbb24efb85d5a401bd87e70', 'sha256': '7d5fc19a79fd3de2283b92ab84fc5eb619261492b40098d88028793e49643236'}, 'dob': {'date': '1988-12-10T15:37:45.573Z', 'age': 35}, 'registered': {'date': '2010-12-28T12:39:36.792Z', 'age': 13}, 'phone': '(630)-332-8129', 'cell': '(569)-807-4829', 'id': {'name': '', 'value': None}, 'picture': {'large': 'https://randomuser.me/api/portraits/men/37.jpg', 'medium': 'https://randomuser.me/api/portraits/med/men/37.jpg', 'thumbnail': 'https://randomuser.me/api/portraits/thumb/men/37.jpg'}, 'nat': 'TR'}</msg>
<arg>${json_data['results'][0]}</arg>
<doc>Logs the given message with the given level.</doc>
<status status="PASS" start="2024-07-22T01:10:23.450745" elapsed="0.000406"/>
</kw>
<kw name="Log" owner="BuiltIn">
<msg time="2024-07-22T01:10:23.451590" level="INFO">email</msg>
<arg>${key}</arg>
<doc>Logs the given message with the given level.</doc>
<status status="PASS" start="2024-07-22T01:10:23.451443" elapsed="0.000185"/>
</kw>
<var name="${key}">email</var>
<status status="PASS" start="2024-07-22T01:10:23.449958" elapsed="0.001881"/>
</iter>
<iter>
<kw name="Dictionary Should Contain Key" owner="Collections">
<arg>${json_data['results'][0]}</arg>
<arg>${key}</arg>
<doc>Fails if ``key`` is not found from ``dictionary``.</doc>
<status status="PASS" start="2024-07-22T01:10:23.452122" elapsed="0.000367"/>
</kw>
<kw name="Log" owner="BuiltIn">
<msg time="2024-07-22T01:10:23.453006" level="INFO">{'gender': 'male', 'name': {'title': 'Mr', 'first': 'Davut', 'last': 'Tokgöz'}, 'location': {'street': {'number': 9048, 'name': 'Talak Göktepe Cd'}, 'city': 'Giresun', 'state': 'Ordu', 'country': 'Turkey', 'postcode': 49298, 'coordinates': {'latitude': '68.7418', 'longitude': '-82.8274'}, 'timezone': {'offset': '-10:00', 'description': 'Hawaii'}}, 'email': 'davut.tokgoz@example.com', 'login': {'uuid': '4c1e45a6-dbce-47fe-9128-ac65950553d2', 'username': 'blueleopard711', 'password': 'baltimor', 'salt': 'YQX4B04f', 'md5': '940021d30d5f5d532615e27a00cac68a', 'sha1': 'c5123eebf7352f7aecbb24efb85d5a401bd87e70', 'sha256': '7d5fc19a79fd3de2283b92ab84fc5eb619261492b40098d88028793e49643236'}, 'dob': {'date': '1988-12-10T15:37:45.573Z', 'age': 35}, 'registered': {'date': '2010-12-28T12:39:36.792Z', 'age': 13}, 'phone': '(630)-332-8129', 'cell': '(569)-807-4829', 'id': {'name': '', 'value': None}, 'picture': {'large': 'https://randomuser.me/api/portraits/men/37.jpg', 'medium': 'https://randomuser.me/api/portraits/med/men/37.jpg', 'thumbnail': 'https://randomuser.me/api/portraits/thumb/men/37.jpg'}, 'nat': 'TR'}</msg>
<arg>${json_data['results'][0]}</arg>
<doc>Logs the given message with the given level.</doc>
<status status="PASS" start="2024-07-22T01:10:23.452666" elapsed="0.000400"/>
</kw>
<kw name="Log" owner="BuiltIn">
<msg time="2024-07-22T01:10:23.453472" level="INFO">login</msg>
<arg>${key}</arg>
<doc>Logs the given message with the given level.</doc>
<status status="PASS" start="2024-07-22T01:10:23.453351" elapsed="0.000156"/>
</kw>
<var name="${key}">login</var>
<status status="PASS" start="2024-07-22T01:10:23.452006" elapsed="0.001710"/>
</iter>
<var>${key}</var>
<value>@{expected_keys}</value>
<status status="PASS" start="2024-07-22T01:10:23.443873" elapsed="0.009961"/>
</for>
<kw name="Create List" owner="BuiltIn">
<msg time="2024-07-22T01:10:23.454150" level="INFO">${expected_keysTwo} = ['username', 'password']</msg>
<var>${expected_keysTwo}</var>
<arg>username</arg>
<arg>password</arg>
<doc>Returns a list containing given items.</doc>
<status status="PASS" start="2024-07-22T01:10:23.454019" elapsed="0.000155"/>
</kw>
<for flavor="IN">
<iter>
<kw name="Dictionary Should Contain Key" owner="Collections">
<arg>${json_data['results'][0]['login']}</arg>
<arg>${keyTwo}</arg>
<doc>Fails if ``key`` is not found from ``dictionary``.</doc>
<status status="PASS" start="2024-07-22T01:10:23.454689" elapsed="0.000388"/>
</kw>
<kw name="Dictionary Should Contain Key" owner="Collections">
<arg>${json_data['results'][0]['login']}</arg>
<arg>${keyTwo}</arg>
<doc>Fails if ``key`` is not found from ``dictionary``.</doc>
<status status="PASS" start="2024-07-22T01:10:23.455256" elapsed="0.000384"/>
</kw>
<kw name="Log" owner="BuiltIn">
<msg time="2024-07-22T01:10:23.455933" level="INFO">username</msg>
<arg>${keyTwo}</arg>
<doc>Logs the given message with the given level.</doc>
<status status="PASS" start="2024-07-22T01:10:23.455816" elapsed="0.000153"/>
</kw>
<var name="${keyTwo}">username</var>
<status status="PASS" start="2024-07-22T01:10:23.454582" elapsed="0.001609"/>
</iter>
<iter>
<kw name="Dictionary Should Contain Key" owner="Collections">
<arg>${json_data['results'][0]['login']}</arg>
<arg>${keyTwo}</arg>
<doc>Fails if ``key`` is not found from ``dictionary``.</doc>
<status status="PASS" start="2024-07-22T01:10:23.456470" elapsed="0.000375"/>
</kw>
<kw name="Dictionary Should Contain Key" owner="Collections">
<arg>${json_data['results'][0]['login']}</arg>
<arg>${keyTwo}</arg>
<doc>Fails if ``key`` is not found from ``dictionary``.</doc>
<status status="PASS" start="2024-07-22T01:10:23.457019" elapsed="0.000513"/>
</kw>
<kw name="Log" owner="BuiltIn">
<msg time="2024-07-22T01:10:23.457942" level="INFO">password</msg>
<arg>${keyTwo}</arg>
<doc>Logs the given message with the given level.</doc>
<status status="PASS" start="2024-07-22T01:10:23.457782" elapsed="0.000210"/>
</kw>
<var name="${keyTwo}">password</var>
<status status="PASS" start="2024-07-22T01:10:23.456359" elapsed="0.001877"/>
</iter>
<var>${keyTwo}</var>
<value>@{expected_keysTwo}</value>
<status status="PASS" start="2024-07-22T01:10:23.454429" elapsed="0.003927"/>
</for>
<status status="PASS" start="2024-07-22T01:10:23.269303" elapsed="0.189191"/>
</kw>
<doc>Testa a estrutura da resposta da API.</doc>
<tag>testeEstruturaResposta</tag>
<status status="PASS" start="2024-07-22T01:10:23.268729" elapsed="0.189918"/>
</test>
<test id="s1-s1-t4" name="Validar tipos de dados" line="28">
<kw name="Teste de Tipos de Dados" owner="random-user-service">
<kw name="GET On Session" owner="RequestsLibrary">
<msg time="2024-07-22T01:10:23.561278" level="INFO">GET Request : url=https://randomuser.me/api 
 path_url=/api 
 headers={'User-Agent': 'python-requests/2.32.3', 'Accept-Encoding': 'gzip, deflate', 'Accept': '*/*', 'Connection': 'keep-alive'} 
 body=None 
 </msg>
<msg time="2024-07-22T01:10:23.561387" level="INFO">GET Response : url=https://randomuser.me/api 
 status=200, reason=OK 
 headers={'Date': 'Mon, 22 Jul 2024 01:10:23 GMT', 'Content-Type': 'application/json; charset=utf-8', 'Transfer-Encoding': 'chunked', 'Connection': 'keep-alive', 'X-Powered-By': 'Express', 'Access-Control-Allow-Origin': '*', 'Cache-Control': 'no-cache', 'ETag': 'W/"49f-HX28kaa98wavZSvfnMIrHy1bgoU"', 'Vary': 'Accept-Encoding', 'Content-Encoding': 'gzip', 'CF-Cache-Status': 'DYNAMIC', 'Report-To': '{"endpoints":[{"url":"https:\\/\\/a.nel.cloudflare.com\\/report\\/v4?s=eJzoEgyai%2FP57DITOxTdrKudtlVRaDsv%2FdFWl6exwAQZTqkDNAbx6DsYEuD5VFpoMOLhsHHkC%2FlFQG3H9k%2FwFnQVkeU7RhnfpwQF3vUApIy%2Fpdn%2B5zFIVVy%2Bp6LM0aCT"}],"group":"cf-nel","max_age":604800}', 'NEL': '{"success_fraction":0,"report_to":"cf-nel","max_age":604800}', 'Server': 'cloudflare', 'CF-RAY': '8a6f8cfcabef28fa-LAX', 'alt-svc': 'h3=":443"; ma=86400'} 
 body={"results":[{"gender":"male","name":{"title":"Mr","first":"Hudson","last":"Pelletier"},"location":{"street":{"number":2434,"name":"Lake of Bays Road"},"city":"Lasalle","state":"New Brunswick","country":"Canada","postcode":"H5S 6O6","coordinates":{"latitude":"-67.6410","longitude":"-53.8795"},"timezone":{"offset":"+3:00","description":"Baghdad, Riyadh, Moscow, St. Petersburg"}},"email":"hudson.pelletier@example.com","login":{"uuid":"6c939844-617d-4300-8b62-ac6204969838","username":"happydog675","password":"rachel1","salt":"zgEZoccV","md5":"d49ecadb381a502cc473bdd6b6559e72","sha1":"d0022bbdc589560eff56509d8046a32f644e3d96","sha256":"53bfeb5bbc856a8152e4f2ce3888887458dcd5ccc9a1ee631936cb837dea5d15"},"dob":{"date":"1988-07-27T06:40:35.023Z","age":35},"registered":{"date":"2010-12-06T20:02:11.808Z","age":13},"phone":"B26 K55-1580","cell":"M41 L82-0938","id":{"name":"SIN","value":"249397316"},"picture":{"large":"https://randomuser.me/api/portraits/men/13.jpg","medium":"https://randomuser.me/api/portraits/med/men/13.jpg","thumbnail":"https://randomuser.me/api/portraits/thumb/men/13.jpg"},"nat":"CA"}],"info":{"seed":"c6bf68311d53563b","results":1,"page":1,"version":"1.4"}} 
 </msg>
<msg time="2024-07-22T01:10:23.561471" level="INFO">/opt/hostedtoolcache/Python/3.12.4/x64/lib/python3.12/site-packages/urllib3/connectionpool.py:1099: InsecureRequestWarning: Unverified HTTPS request is being made to host 'randomuser.me'. Adding certificate verification is strongly advised. See: https://urllib3.readthedocs.io/en/latest/advanced-usage.html#tls-warnings
  warnings.warn(</msg>
<msg time="2024-07-22T01:10:23.561618" level="INFO">${response} = &lt;Response [200]&gt;</msg>
<var>${response}</var>
<arg>consultarAPI</arg>
<arg>/api</arg>
<doc>Sends a GET request on a previously created HTTP Session.</doc>
<status status="PASS" start="2024-07-22T01:10:23.461600" elapsed="0.100070"/>
</kw>
<kw name="Set Variable" owner="BuiltIn">
<msg time="2024-07-22T01:10:23.562739" level="INFO">${json_data} = {'results': [{'gender': 'male', 'name': {'title': 'Mr', 'first': 'Hudson', 'last': 'Pelletier'}, 'location': {'street': {'number': 2434, 'name': 'Lake of Bays Road'}, 'city': 'Lasalle', 'state': 'New ...</msg>
<var>${json_data}</var>
<arg>${response.json()}</arg>
<doc>Returns the given values which can then be assigned to a variables.</doc>
<status status="PASS" start="2024-07-22T01:10:23.562204" elapsed="0.000563"/>
</kw>
<kw name="Log" owner="BuiltIn">
<msg time="2024-07-22T01:10:23.563288" level="INFO">{'results': [{'gender': 'male', 'name': {'title': 'Mr', 'first': 'Hudson', 'last': 'Pelletier'}, 'location': {'street': {'number': 2434, 'name': 'Lake of Bays Road'}, 'city': 'Lasalle', 'state': 'New Brunswick', 'country': 'Canada', 'postcode': 'H5S 6O6', 'coordinates': {'latitude': '-67.6410', 'longitude': '-53.8795'}, 'timezone': {'offset': '+3:00', 'description': 'Baghdad, Riyadh, Moscow, St. Petersburg'}}, 'email': 'hudson.pelletier@example.com', 'login': {'uuid': '6c939844-617d-4300-8b62-ac6204969838', 'username': 'happydog675', 'password': 'rachel1', 'salt': 'zgEZoccV', 'md5': 'd49ecadb381a502cc473bdd6b6559e72', 'sha1': 'd0022bbdc589560eff56509d8046a32f644e3d96', 'sha256': '53bfeb5bbc856a8152e4f2ce3888887458dcd5ccc9a1ee631936cb837dea5d15'}, 'dob': {'date': '1988-07-27T06:40:35.023Z', 'age': 35}, 'registered': {'date': '2010-12-06T20:02:11.808Z', 'age': 13}, 'phone': 'B26 K55-1580', 'cell': 'M41 L82-0938', 'id': {'name': 'SIN', 'value': '249397316'}, 'picture': {'large': 'https://randomuser.me/api/portraits/men/13.jpg', 'medium': 'https://randomuser.me/api/portraits/med/men/13.jpg', 'thumbnail': 'https://randomuser.me/api/portraits/thumb/men/13.jpg'}, 'nat': 'CA'}], 'info': {'seed': 'c6bf68311d53563b', 'results': 1, 'page': 1, 'version': '1.4'}}</msg>
<arg>${json_data}</arg>
<doc>Logs the given message with the given level.</doc>
<status status="PASS" start="2024-07-22T01:10:23.563121" elapsed="0.000216"/>
</kw>
<kw name="Should Be String" owner="String">
<arg>${json_data['results'][0]['gender']}</arg>
<doc>Fails if the given ``item`` is not a string.</doc>
<status status="PASS" start="2024-07-22T01:10:23.563675" elapsed="0.000394"/>
</kw>
<kw name="Should Match Regexp" owner="BuiltIn">
<arg>${json_data['results'][0]['email']}</arg>
<arg>^[a-zA-Z0-9._%+-]+@[a-zA-Z0-9.-]+\.[a-zA-Z]{2,}$</arg>
<doc>Fails if ``string`` does not match ``pattern`` as a regular expression.</doc>
<status status="PASS" start="2024-07-22T01:10:23.564263" elapsed="0.000523"/>
</kw>
<kw name="Should Match Regexp" owner="BuiltIn">
<arg>${json_data['results'][0]['dob']['date']}</arg>
<arg>\\d{4}-\\d{2}-\\d{2}T\\d{2}:\\d{2}:\\d{2}\\.\\d{3}Z</arg>
<doc>Fails if ``string`` does not match ``pattern`` as a regular expression.</doc>
<status status="PASS" start="2024-07-22T01:10:23.565021" elapsed="0.000656"/>
</kw>
<kw name="Should Match Regexp" owner="BuiltIn">
<arg>${json_data['results'][0]['registered']['date']}</arg>
<arg>\\d{4}-\\d{2}-\\d{2}T\\d{2}:\\d{2}:\\d{2}\\.\\d{3}Z</arg>
<doc>Fails if ``string`` does not match ``pattern`` as a regular expression.</doc>
<status status="PASS" start="2024-07-22T01:10:23.565872" elapsed="0.000373"/>
</kw>
<kw name="Should Match Regexp" owner="BuiltIn">
<arg>${json_data['results'][0]['picture']['large']}</arg>
<arg>^https?://.*\.(?:png|jpe?g|gif|bmp)$</arg>
<doc>Fails if ``string`` does not match ``pattern`` as a regular expression.</doc>
<status status="PASS" start="2024-07-22T01:10:23.566432" elapsed="0.000459"/>
</kw>
<kw name="Should Match Regexp" owner="BuiltIn">
<arg>${json_data['results'][0]['picture']['medium']}</arg>
<arg>^https?://.*\.(?:png|jpe?g|gif|bmp)$</arg>
<doc>Fails if ``string`` does not match ``pattern`` as a regular expression.</doc>
<status status="PASS" start="2024-07-22T01:10:23.567078" elapsed="0.000356"/>
</kw>
<kw name="Should Match Regexp" owner="BuiltIn">
<arg>${json_data['results'][0]['picture']['thumbnail']}</arg>
<arg>^https?://.*\.(?:png|jpe?g|gif|bmp)$</arg>
<doc>Fails if ``string`` does not match ``pattern`` as a regular expression.</doc>
<status status="PASS" start="2024-07-22T01:10:23.567645" elapsed="0.000356"/>
</kw>
<kw name="Log" owner="BuiltIn">
<msg time="2024-07-22T01:10:23.568504" level="INFO">{'large': 'https://randomuser.me/api/portraits/men/13.jpg', 'medium': 'https://randomuser.me/api/portraits/med/men/13.jpg', 'thumbnail': 'https://randomuser.me/api/portraits/thumb/men/13.jpg'}</msg>
<arg>${json_data['results'][0]['picture']}</arg>
<doc>Logs the given message with the given level.</doc>
<status status="PASS" start="2024-07-22T01:10:23.568184" elapsed="0.000363"/>
</kw>
<status status="PASS" start="2024-07-22T01:10:23.461241" elapsed="0.107564"/>
</kw>
<kw name="Teste de Tipos de Dados - Postcode" owner="random-user-service">
<kw name="GET On Session" owner="RequestsLibrary">
<msg time="2024-07-22T01:10:23.678659" level="INFO">GET Request : url=https://randomuser.me/api 
 path_url=/api 
 headers={'User-Agent': 'python-requests/2.32.3', 'Accept-Encoding': 'gzip, deflate', 'Accept': '*/*', 'Connection': 'keep-alive'} 
 body=None 
 </msg>
<msg time="2024-07-22T01:10:23.678761" level="INFO">GET Response : url=https://randomuser.me/api 
 status=200, reason=OK 
 headers={'Date': 'Mon, 22 Jul 2024 01:10:23 GMT', 'Content-Type': 'application/json; charset=utf-8', 'Transfer-Encoding': 'chunked', 'Connection': 'keep-alive', 'X-Powered-By': 'Express', 'Access-Control-Allow-Origin': '*', 'Cache-Control': 'no-cache', 'ETag': 'W/"484-AkxdGEWRv3OirH55MkTuv8UeUYQ"', 'Vary': 'Accept-Encoding', 'Content-Encoding': 'gzip', 'CF-Cache-Status': 'DYNAMIC', 'Report-To': '{"endpoints":[{"url":"https:\\/\\/a.nel.cloudflare.com\\/report\\/v4?s=fleTUBjM9YOcaGL%2Bj5fFgRqRE9SMTZ26Yrx7Ys0gV%2FLVV98lBjZ3gXH3X6QDlWZHNHOB3lau8krTS%2Bo%2BCoMTXs0Ii7CGgPTng%2F1Auzn8su2J4x5kpo60wCLdxnD6MHoz"}],"group":"cf-nel","max_age":604800}', 'NEL': '{"success_fraction":0,"report_to":"cf-nel","max_age":604800}', 'Server': 'cloudflare', 'CF-RAY': '8a6f8cfd5caf28fa-LAX', 'alt-svc': 'h3=":443"; ma=86400'} 
 body={"results":[{"gender":"male","name":{"title":"Mr","first":"آریا","last":"رضاییان"},"location":{"street":{"number":5342,"name":"میدان امام حسین"},"city":"زنجان","state":"همدان","country":"Iran","postcode":88151,"coordinates":{"latitude":"16.5040","longitude":"-83.9812"},"timezone":{"offset":"-12:00","description":"Eniwetok, Kwajalein"}},"email":"ary.rdyyn@example.com","login":{"uuid":"2308a7bd-bb1f-4ecc-b073-7bb9a7feac24","username":"heavyduck520","password":"1999","salt":"STh94YWU","md5":"1c9ac31bd52860634642a2e0d11a8e63","sha1":"6069b841120f23a2b517ee5fa8876156d836d792","sha256":"0f9b8f530e7ee72d683aabdfe62cbd1669a87b2ad65c2c80853eea079cc3a643"},"dob":{"date":"1986-01-03T10:37:04.812Z","age":38},"registered":{"date":"2017-02-28T09:45:37.959Z","age":7},"phone":"064-98671242","cell":"0955-560-5913","id":{"name":"","value":null},"picture":{"large":"https://randomuser.me/api/portraits/men/62.jpg","medium":"https://randomuser.me/api/portraits/med/men/62.jpg","thumbnail":"https://randomuser.me/api/portraits/thumb/men/62.jpg"},"nat":"IR"}],"info":{"seed":"a5a1cb8a11142bef","results":1,"page":1,"version":"1.4"}} 
 </msg>
<msg time="2024-07-22T01:10:23.678835" level="INFO">/opt/hostedtoolcache/Python/3.12.4/x64/lib/python3.12/site-packages/urllib3/connectionpool.py:1099: InsecureRequestWarning: Unverified HTTPS request is being made to host 'randomuser.me'. Adding certificate verification is strongly advised. See: https://urllib3.readthedocs.io/en/latest/advanced-usage.html#tls-warnings
  warnings.warn(</msg>
<msg time="2024-07-22T01:10:23.678979" level="INFO">${response} = &lt;Response [200]&gt;</msg>
<var>${response}</var>
<arg>consultarAPI</arg>
<arg>/api</arg>
<doc>Sends a GET request on a previously created HTTP Session.</doc>
<status status="PASS" start="2024-07-22T01:10:23.569268" elapsed="0.109754"/>
</kw>
<kw name="Set Variable" owner="BuiltIn">
<msg time="2024-07-22T01:10:23.680093" level="INFO">${json_data} = {'results': [{'gender': 'male', 'name': {'title': 'Mr', 'first': 'آریا', 'last': 'رضاییان'}, 'location': {'street': {'number': 5342, 'name': 'میدان امام حسین'}, 'city': 'زنجان', 'state': 'همدان', 'cou...</msg>
<var>${json_data}</var>
<arg>${response.json()}</arg>
<doc>Returns the given values which can then be assigned to a variables.</doc>
<status status="PASS" start="2024-07-22T01:10:23.679573" elapsed="0.000550"/>
</kw>
<kw name="Log" owner="BuiltIn">
<msg time="2024-07-22T01:10:23.680605" level="INFO">{'results': [{'gender': 'male', 'name': {'title': 'Mr', 'first': 'آریا', 'last': 'رضاییان'}, 'location': {'street': {'number': 5342, 'name': 'میدان امام حسین'}, 'city': 'زنجان', 'state': 'همدان', 'country': 'Iran', 'postcode': 88151, 'coordinates': {'latitude': '16.5040', 'longitude': '-83.9812'}, 'timezone': {'offset': '-12:00', 'description': 'Eniwetok, Kwajalein'}}, 'email': 'ary.rdyyn@example.com', 'login': {'uuid': '2308a7bd-bb1f-4ecc-b073-7bb9a7feac24', 'username': 'heavyduck520', 'password': '1999', 'salt': 'STh94YWU', 'md5': '1c9ac31bd52860634642a2e0d11a8e63', 'sha1': '6069b841120f23a2b517ee5fa8876156d836d792', 'sha256': '0f9b8f530e7ee72d683aabdfe62cbd1669a87b2ad65c2c80853eea079cc3a643'}, 'dob': {'date': '1986-01-03T10:37:04.812Z', 'age': 38}, 'registered': {'date': '2017-02-28T09:45:37.959Z', 'age': 7}, 'phone': '064-98671242', 'cell': '0955-560-5913', 'id': {'name': '', 'value': None}, 'picture': {'large': 'https://randomuser.me/api/portraits/men/62.jpg', 'medium': 'https://randomuser.me/api/portraits/med/men/62.jpg', 'thumbnail': 'https://randomuser.me/api/portraits/thumb/men/62.jpg'}, 'nat': 'IR'}], 'info': {'seed': 'a5a1cb8a11142bef', 'results': 1, 'page': 1, 'version': '1.4'}}</msg>
<arg>${json_data}</arg>
<doc>Logs the given message with the given level.</doc>
<status status="PASS" start="2024-07-22T01:10:23.680432" elapsed="0.000223"/>
</kw>
<kw name="Should Be Equal As Numbers" owner="BuiltIn">
<arg>${json_data['results'][0]['location']['postcode']}</arg>
<arg>${json_data['results'][0]['location']['postcode']}</arg>
<doc>Fails if objects are unequal after converting them to real numbers.</doc>
<status status="PASS" start="2024-07-22T01:10:23.680945" elapsed="0.000629"/>
</kw>
<kw name="Log" owner="BuiltIn">
<msg time="2024-07-22T01:10:23.682099" level="INFO">88151</msg>
<arg>${json_data['results'][0]['location']['postcode']}</arg>
<doc>Logs the given message with the given level.</doc>
<status status="PASS" start="2024-07-22T01:10:23.681763" elapsed="0.000375"/>
</kw>
<status status="PASS" start="2024-07-22T01:10:23.569031" elapsed="0.113390"/>
</kw>
<doc>Testa se os tipos de dados na resposta da API estão corretos.</doc>
<tag>testeTiposDados</tag>
<status status="PASS" start="2024-07-22T01:10:23.460522" elapsed="0.222074"/>
</test>
<test id="s1-s1-t5" name="Validar conteudo" line="35">
<kw name="Teste de Tipos de Conteudo" owner="random-user-service">
<kw name="GET On Session" owner="RequestsLibrary">
<msg time="2024-07-22T01:10:23.804118" level="INFO">GET Request : url=https://randomuser.me/api 
 path_url=/api 
 headers={'User-Agent': 'python-requests/2.32.3', 'Accept-Encoding': 'gzip, deflate', 'Accept': '*/*', 'Connection': 'keep-alive'} 
 body=None 
 </msg>
<msg time="2024-07-22T01:10:23.804216" level="INFO">GET Response : url=https://randomuser.me/api 
 status=200, reason=OK 
 headers={'Date': 'Mon, 22 Jul 2024 01:10:23 GMT', 'Content-Type': 'application/json; charset=utf-8', 'Transfer-Encoding': 'chunked', 'Connection': 'keep-alive', 'X-Powered-By': 'Express', 'Access-Control-Allow-Origin': '*', 'Cache-Control': 'no-cache', 'ETag': 'W/"464-3KVSKYA/tfYkBWgQ9hN62ZNWIVs"', 'Vary': 'Accept-Encoding', 'Content-Encoding': 'gzip', 'CF-Cache-Status': 'DYNAMIC', 'Report-To': '{"endpoints":[{"url":"https:\\/\\/a.nel.cloudflare.com\\/report\\/v4?s=YbpjgfFQUuGsiSgofEnUxcsYkDR1bCwWjNOnPHGGiQB6AfbCQ87EIco5Tn6rvTzU9v1CniwLKuQufN%2B0w3dbDXAVG6az%2BWeUxhjJQK0mBvcKh0cT883o%2B%2BCUKI0tdxMN"}],"group":"cf-nel","max_age":604800}', 'NEL': '{"success_fraction":0,"report_to":"cf-nel","max_age":604800}', 'Server': 'cloudflare', 'CF-RAY': '8a6f8cfe1d8d28fa-LAX', 'alt-svc': 'h3=":443"; ma=86400'} 
 body={"results":[{"gender":"male","name":{"title":"Mr","first":"Edgar","last":"Reid"},"location":{"street":{"number":2937,"name":"Galway Road"},"city":"New Ross","state":"Monaghan","country":"Ireland","postcode":38809,"coordinates":{"latitude":"3.8576","longitude":"-121.7122"},"timezone":{"offset":"+4:30","description":"Kabul"}},"email":"edgar.reid@example.com","login":{"uuid":"4ca43bb5-ba67-4012-934a-4cd8c1625edf","username":"brownostrich363","password":"clover","salt":"RQACdgi2","md5":"7ad392cdd6fc56f0bb786725dbb5ebde","sha1":"127f1617d34de7c4e355d8de8258d20eddbacd1d","sha256":"1976db9f5f0aff8425b9b5fae6ad1606fd77761e6ab03920e17f3788a81519a5"},"dob":{"date":"1988-01-29T10:49:23.547Z","age":36},"registered":{"date":"2018-09-15T15:59:10.878Z","age":5},"phone":"061-041-3889","cell":"081-010-7912","id":{"name":"PPS","value":"9922491T"},"picture":{"large":"https://randomuser.me/api/portraits/men/55.jpg","medium":"https://randomuser.me/api/portraits/med/men/55.jpg","thumbnail":"https://randomuser.me/api/portraits/thumb/men/55.jpg"},"nat":"IE"}],"info":{"seed":"e92f291978febb50","results":1,"page":1,"version":"1.4"}} 
 </msg>
<msg time="2024-07-22T01:10:23.804281" level="INFO">/opt/hostedtoolcache/Python/3.12.4/x64/lib/python3.12/site-packages/urllib3/connectionpool.py:1099: InsecureRequestWarning: Unverified HTTPS request is being made to host 'randomuser.me'. Adding certificate verification is strongly advised. See: https://urllib3.readthedocs.io/en/latest/advanced-usage.html#tls-warnings
  warnings.warn(</msg>
<msg time="2024-07-22T01:10:23.804419" level="INFO">${response} = &lt;Response [200]&gt;</msg>
<var>${response}</var>
<arg>consultarAPI</arg>
<arg>/api</arg>
<doc>Sends a GET request on a previously created HTTP Session.</doc>
<status status="PASS" start="2024-07-22T01:10:23.685062" elapsed="0.119396"/>
</kw>
<kw name="Set Variable" owner="BuiltIn">
<msg time="2024-07-22T01:10:23.805446" level="INFO">${json_data} = {'results': [{'gender': 'male', 'name': {'title': 'Mr', 'first': 'Edgar', 'last': 'Reid'}, 'location': {'street': {'number': 2937, 'name': 'Galway Road'}, 'city': 'New Ross', 'state': 'Monaghan', 'cou...</msg>
<var>${json_data}</var>
<arg>${response.json()}</arg>
<doc>Returns the given values which can then be assigned to a variables.</doc>
<status status="PASS" start="2024-07-22T01:10:23.804936" elapsed="0.000539"/>
</kw>
<kw name="Set Variable" owner="BuiltIn">
<msg time="2024-07-22T01:10:23.806155" level="INFO">${name_title} = Mr</msg>
<var>${name_title}</var>
<arg>${json_data["results"][0]["name"]["title"]}</arg>
<doc>Returns the given values which can then be assigned to a variables.</doc>
<status status="PASS" start="2024-07-22T01:10:23.805778" elapsed="0.000402"/>
</kw>
<kw name="Create List" owner="BuiltIn">
<msg time="2024-07-22T01:10:23.806618" level="INFO">${allowed_titles} = ['Mr', 'Ms', 'Miss', 'Mrs', 'Madame', 'Monsieur']</msg>
<var>${allowed_titles}</var>
<arg>Mr</arg>
<arg>Ms</arg>
<arg>Miss</arg>
<arg>Mrs</arg>
<arg>Madame</arg>
<arg>Monsieur</arg>
<doc>Returns a list containing given items.</doc>
<status status="PASS" start="2024-07-22T01:10:23.806471" elapsed="0.000171"/>
</kw>
<kw name="List Should Contain Value" owner="Collections">
<arg>${allowed_titles}</arg>
<arg>${name_title}</arg>
<doc>Fails if the ``value`` is not found from ``list``.</doc>
<status status="PASS" start="2024-07-22T01:10:23.806937" elapsed="0.000172"/>
</kw>
<kw name="Set Variable" owner="BuiltIn">
<msg time="2024-07-22T01:10:23.807737" level="INFO">${name_country} = IE</msg>
<var>${name_country}</var>
<arg>${json_data["results"][0]["nat"]}</arg>
<doc>Returns the given values which can then be assigned to a variables.</doc>
<status status="PASS" start="2024-07-22T01:10:23.807286" elapsed="0.000476"/>
</kw>
<kw name="Create List" owner="BuiltIn">
<msg time="2024-07-22T01:10:23.808656" level="INFO">${list_country} = ['AD', 'AE', 'AF', 'AG', 'AI', 'AL', 'AM', 'AO', 'AQ', 'AR', 'AS', 'AT', 'AU', 'AW', 'AX', 'AZ', 'BA', 'BB', 'BD', 'BE', 'BF', 'BG', 'BH', 'BI', 'BJ', 'BL', 'BM', 'BN', 'BO', 'BQ', 'BR', 'BS', 'BT', '...</msg>
<var>${list_country}</var>
<arg>AD</arg>
<arg>AE</arg>
<arg>AF</arg>
<arg>AG</arg>
<arg>AI</arg>
<arg>AL</arg>
<arg>AM</arg>
<arg>AO</arg>
<arg>AQ</arg>
<arg>AR</arg>
<arg>AS</arg>
<arg>AT</arg>
<arg>AU</arg>
<arg>AW</arg>
<arg>AX</arg>
<arg>AZ</arg>
<arg>BA</arg>
<arg>BB</arg>
<arg>BD</arg>
<arg>BE</arg>
<arg>BF</arg>
<arg>BG</arg>
<arg>BH</arg>
<arg>BI</arg>
<arg>BJ</arg>
<arg>BL</arg>
<arg>BM</arg>
<arg>BN</arg>
<arg>BO</arg>
<arg>BQ</arg>
<arg>BR</arg>
<arg>BS</arg>
<arg>BT</arg>
<arg>BV</arg>
<arg>BW</arg>
<arg>BY</arg>
<arg>BZ</arg>
<arg>CA</arg>
<arg>CC</arg>
<arg>CD</arg>
<arg>CF</arg>
<arg>CG</arg>
<arg>CH</arg>
<arg>CI</arg>
<arg>CK</arg>
<arg>CL</arg>
<arg>CM</arg>
<arg>CN</arg>
<arg>CO</arg>
<arg>CR</arg>
<arg>CU</arg>
<arg>CV</arg>
<arg>CW</arg>
<arg>CX</arg>
<arg>CY</arg>
<arg>CZ</arg>
<arg>DE</arg>
<arg>DJ</arg>
<arg>DK</arg>
<arg>DM</arg>
<arg>DO</arg>
<arg>DZ</arg>
<arg>EC</arg>
<arg>EE</arg>
<arg>EG</arg>
<arg>EH</arg>
<arg>ER</arg>
<arg>ES</arg>
<arg>ET</arg>
<arg>FI</arg>
<arg>FJ</arg>
<arg>FK</arg>
<arg>FM</arg>
<arg>FO</arg>
<arg>FR</arg>
<arg>GA</arg>
<arg>GB</arg>
<arg>GD</arg>
<arg>GE</arg>
<arg>GF</arg>
<arg>GG</arg>
<arg>GH</arg>
<arg>GI</arg>
<arg>GL</arg>
<arg>GM</arg>
<arg>GN</arg>
<arg>GP</arg>
<arg>GQ</arg>
<arg>GR</arg>
<arg>GS</arg>
<arg>GT</arg>
<arg>GU</arg>
<arg>GW</arg>
<arg>GY</arg>
<arg>HK</arg>
<arg>HM</arg>
<arg>HN</arg>
<arg>HR</arg>
<arg>HT</arg>
<arg>HU</arg>
<arg>ID</arg>
<arg>IE</arg>
<arg>IL</arg>
<arg>IM</arg>
<arg>IN</arg>
<arg>IO</arg>
<arg>IQ</arg>
<arg>IR</arg>
<arg>IS</arg>
<arg>IT</arg>
<arg>JE</arg>
<arg>JM</arg>
<arg>JO</arg>
<arg>JP</arg>
<arg>KE</arg>
<arg>KG</arg>
<arg>KH</arg>
<arg>KI</arg>
<arg>KM</arg>
<arg>KN</arg>
<arg>KP</arg>
<arg>KR</arg>
<arg>KW</arg>
<arg>KY</arg>
<arg>KZ</arg>
<arg>LA</arg>
<arg>LB</arg>
<arg>LC</arg>
<arg>LI</arg>
<arg>LK</arg>
<arg>LR</arg>
<arg>LS</arg>
<arg>LT</arg>
<arg>LU</arg>
<arg>LV</arg>
<arg>LY</arg>
<arg>MA</arg>
<arg>MC</arg>
<arg>MD</arg>
<arg>ME</arg>
<arg>MF</arg>
<arg>MG</arg>
<arg>MH</arg>
<arg>MK</arg>
<arg>ML</arg>
<arg>MM</arg>
<arg>MN</arg>
<arg>MO</arg>
<arg>MP</arg>
<arg>MQ</arg>
<arg>MR</arg>
<arg>MS</arg>
<arg>MT</arg>
<arg>MU</arg>
<arg>MV</arg>
<arg>MW</arg>
<arg>MX</arg>
<arg>MY</arg>
<arg>MZ</arg>
<arg>NA</arg>
<arg>NC</arg>
<arg>NE</arg>
<arg>NF</arg>
<arg>NG</arg>
<arg>NI</arg>
<arg>NL</arg>
<arg>NO</arg>
<arg>NP</arg>
<arg>NR</arg>
<arg>NU</arg>
<arg>NZ</arg>
<arg>OM</arg>
<arg>PA</arg>
<arg>PE</arg>
<arg>PF</arg>
<arg>PG</arg>
<arg>PH</arg>
<arg>PK</arg>
<arg>PL</arg>
<arg>PM</arg>
<arg>PN</arg>
<arg>PR</arg>
<arg>PS</arg>
<arg>PT</arg>
<arg>PW</arg>
<arg>PY</arg>
<arg>QA</arg>
<arg>RE</arg>
<arg>RO</arg>
<arg>RS</arg>
<arg>RU</arg>
<arg>RW</arg>
<arg>SA</arg>
<arg>SB</arg>
<arg>SC</arg>
<arg>SD</arg>
<arg>SE</arg>
<arg>SG</arg>
<arg>SH</arg>
<arg>SI</arg>
<arg>SJ</arg>
<arg>SK</arg>
<arg>SL</arg>
<arg>SM</arg>
<arg>SN</arg>
<arg>SO</arg>
<arg>SR</arg>
<arg>SS</arg>
<arg>ST</arg>
<arg>SV</arg>
<arg>SX</arg>
<arg>SY</arg>
<arg>SZ</arg>
<arg>TC</arg>
<arg>TD</arg>
<arg>TF</arg>
<arg>TG</arg>
<arg>TH</arg>
<arg>TJ</arg>
<arg>TK</arg>
<arg>TL</arg>
<arg>TM</arg>
<arg>TN</arg>
<arg>TO</arg>
<arg>TR</arg>
<arg>TT</arg>
<arg>TV</arg>
<arg>TW</arg>
<arg>TZ</arg>
<arg>UA</arg>
<arg>UG</arg>
<arg>UM</arg>
<arg>US</arg>
<arg>UY</arg>
<arg>UZ</arg>
<arg>VA</arg>
<arg>VC</arg>
<arg>VE</arg>
<arg>VG</arg>
<arg>VI</arg>
<arg>VN</arg>
<arg>VU</arg>
<arg>WF</arg>
<arg>WS</arg>
<arg>XK</arg>
<arg>YE</arg>
<arg>YT</arg>
<arg>ZA</arg>
<arg>ZM</arg>
<arg>ZW</arg>
<doc>Returns a list containing given items.</doc>
<status status="PASS" start="2024-07-22T01:10:23.808052" elapsed="0.000630"/>
</kw>
<kw name="List Should Contain Value" owner="Collections">
<arg>${list_country}</arg>
<arg>${name_country}</arg>
<doc>Fails if the ``value`` is not found from ``list``.</doc>
<status status="PASS" start="2024-07-22T01:10:23.809663" elapsed="0.000206"/>
</kw>
<kw name="Run Keyword If" owner="BuiltIn">
<kw name="Should Be True" owner="BuiltIn">
<arg>${True}</arg>
<doc>Fails if the given condition is not true.</doc>
<status status="PASS" start="2024-07-22T01:10:23.810812" elapsed="0.000141"/>
</kw>
<arg>${json_data["results"][0]["location"]["coordinates"]["latitude"]} &gt;= -90 and ${json_data["results"][0]["location"]["coordinates"]["latitude"]} &lt;= 90</arg>
<arg>Should Be True</arg>
<arg>${True}</arg>
<doc>Runs the given keyword with the given arguments, if ``condition`` is true.</doc>
<status status="PASS" start="2024-07-22T01:10:23.810065" elapsed="0.001012"/>
</kw>
<kw name="Run Keyword If" owner="BuiltIn">
<kw name="Should Be True" owner="BuiltIn">
<arg>${True}</arg>
<doc>Fails if the given condition is not true.</doc>
<status status="PASS" start="2024-07-22T01:10:23.811999" elapsed="0.000136"/>
</kw>
<arg>${json_data["results"][0]["location"]["coordinates"]["longitude"]} &gt;= -180 and ${json_data["results"][0]["location"]["coordinates"]["longitude"]} &lt;= 180</arg>
<arg>Should Be True</arg>
<arg>${True}</arg>
<doc>Runs the given keyword with the given arguments, if ``condition`` is true.</doc>
<status status="PASS" start="2024-07-22T01:10:23.811257" elapsed="0.001001"/>
</kw>
<status status="PASS" start="2024-07-22T01:10:23.684837" elapsed="0.127552"/>
</kw>
<doc>Testa o conteúdo específico dos campos retornados pela API.</doc>
<tag>testeConteudo</tag>
<status status="PASS" start="2024-07-22T01:10:23.684383" elapsed="0.128157"/>
</test>
<status status="PASS" start="2024-07-22T01:10:22.742746" elapsed="1.071724"/>
</suite>
<status status="PASS" start="2024-07-22T01:10:22.727884" elapsed="1.091634"/>
</suite>
<statistics>
<total>
<stat pass="5" fail="0" skip="0">All Tests</stat>
</total>
<tag>
<stat pass="1" fail="0" skip="0">testeConteudo</stat>
<stat pass="1" fail="0" skip="0">testeEstruturaResposta</stat>
<stat pass="1" fail="0" skip="0">testeRequisicaoBasica</stat>
<stat pass="1" fail="0" skip="0">testeTiposDados</stat>
</tag>
<suite>
<stat pass="5" fail="0" skip="0" id="s1" name="Tests">Tests</stat>
<stat pass="5" fail="0" skip="0" id="s1-s1" name="Random-User-Test">Tests.Random-User-Test</stat>
</suite>
</statistics>
<errors>
</errors>
</robot>
