<?xml version="1.0" encoding="UTF-8"?>
<robot generator="Robot 7.0 (Python 3.12.2 on linux)" generated="2024-03-21T12:24:03.883574" rpa="false" schemaversion="5">
<suite id="s1" name="Tests" source="/home/runner/work/DesafioQA---Itau---Rogerio-Jordao/DesafioQA---Itau---Rogerio-Jordao/DesafioQA - Itau - Rogerio Jordao/tests">
<suite id="s1-s1" name="Random-User-Test" source="/home/runner/work/DesafioQA---Itau---Rogerio-Jordao/DesafioQA---Itau---Rogerio-Jordao/DesafioQA - Itau - Rogerio Jordao/tests/random-user-test.robot">
<test id="s1-s1-t1" name="Conectar" line="24">
<kw name="Conectar API">
<kw name="Create Session" owner="RequestsLibrary">
<msg time="2024-03-21T12:24:04.222478" level="INFO">Creating Session using : alias=consultarAPI, url=https://randomuser.me/, headers={},                     cookies={}, auth=None, timeout=None, proxies=None, verify=False,                     debug=0 </msg>
<arg>consultarAPI</arg>
<arg>${URL}</arg>
<doc>Create Session: create a HTTP session to a server</doc>
<status status="PASS" start="2024-03-21T12:24:04.222246" elapsed="0.000430"/>
</kw>
<status status="PASS" start="2024-03-21T12:24:04.221286" elapsed="0.001817"/>
</kw>
<status status="PASS" start="2024-03-21T12:24:04.220608" elapsed="0.002705"/>
</test>
<test id="s1-s1-t2" name="Validar retorno 200 e JSON Válido" line="27">
<kw name="Teste de Requisicao Basica">
<kw name="GET On Session" owner="RequestsLibrary">
<msg time="2024-03-21T12:24:04.484392" level="INFO">GET Request : url=https://randomuser.me/api 
 path_url=/api 
 headers={'User-Agent': 'python-requests/2.31.0', 'Accept-Encoding': 'gzip, deflate', 'Accept': '*/*', 'Connection': 'keep-alive'} 
 body=None 
 </msg>
<msg time="2024-03-21T12:24:04.484548" level="INFO">GET Response : url=https://randomuser.me/api 
 status=200, reason=OK 
 headers={'Date': 'Thu, 21 Mar 2024 12:24:04 GMT', 'Content-Type': 'application/json; charset=utf-8', 'Transfer-Encoding': 'chunked', 'Connection': 'keep-alive', 'X-Powered-By': 'Express', 'Access-Control-Allow-Origin': '*', 'Cache-Control': 'no-cache', 'ETag': 'W/"496-2/mjVbpfZw6SsmM+ksGGP8clrOs"', 'Vary': 'Accept-Encoding', 'Content-Encoding': 'gzip', 'CF-Cache-Status': 'DYNAMIC', 'Report-To': '{"endpoints":[{"url":"https:\\/\\/a.nel.cloudflare.com\\/report\\/v4?s=OgBkQMJcciHuRVn7OHdjtc5dRqzrjtmN5OJN8LUA5qzxedGyCz1NmhCQcR76mGyBJnc%2BpM2nm48W%2FBpmBrzrEr747etxG0flOVLGaKV5o67rfsNLe6wO2p7PiTR0q6V9"}],"group":"cf-nel","max_age":604800}', 'NEL': '{"success_fraction":0,"report_to":"cf-nel","max_age":604800}', 'Server': 'cloudflare', 'CF-RAY': '867deab36b542f44-LAX', 'alt-svc': 'h3=":443"; ma=86400'} 
 body={"results":[{"gender":"female","name":{"title":"Ms","first":"Alexa","last":"Gardner"},"location":{"street":{"number":4752,"name":"Royal Ln"},"city":"Antioch","state":"Hawaii","country":"United States","postcode":26399,"coordinates":{"latitude":"87.2850","longitude":"176.2051"},"timezone":{"offset":"+5:30","description":"Bombay, Calcutta, Madras, New Delhi"}},"email":"alexa.gardner@example.com","login":{"uuid":"04bb7b03-217f-4699-bdf9-d6ca38394ba4","username":"organicswan474","password":"zidane","salt":"fB0xKM7Z","md5":"b1425e6482492e9f6dda67603f3426a9","sha1":"facd67f6ced642b083a4beb3a09f3d1ed9df6f85","sha256":"bc04e88b4efd85944ea5d24f6b5bbe13fad23bd9e2c3a5301bff4f2446d7eb28"},"dob":{"date":"1987-08-10T12:14:33.911Z","age":36},"registered":{"date":"2015-10-17T04:42:08.365Z","age":8},"phone":"(625) 476-2244","cell":"(870) 565-0958","id":{"name":"SSN","value":"565-77-7949"},"picture":{"large":"https://randomuser.me/api/portraits/women/24.jpg","medium":"https://randomuser.me/api/portraits/med/women/24.jpg","thumbnail":"https://randomuser.me/api/portraits/thumb/women/24.jpg"},"nat":"US"}],"info":{"seed":"54674a587cef5bd4","results":1,"page":1,"version":"1.4"}} 
 </msg>
<msg time="2024-03-21T12:24:04.484907" level="INFO">/opt/hostedtoolcache/Python/3.12.2/x64/lib/python3.12/site-packages/urllib3/connectionpool.py:1103: InsecureRequestWarning: Unverified HTTPS request is being made to host 'randomuser.me'. Adding certificate verification is strongly advised. See: https://urllib3.readthedocs.io/en/latest/advanced-usage.html#tls-warnings
  warnings.warn(</msg>
<msg time="2024-03-21T12:24:04.485065" level="INFO">${response} = &lt;Response [200]&gt;</msg>
<var>${response}</var>
<arg>consultarAPI</arg>
<arg>/api</arg>
<doc>Sends a GET request on a previously created HTTP Session.</doc>
<status status="PASS" start="2024-03-21T12:24:04.226128" elapsed="0.258980"/>
</kw>
<kw name="Should Be Equal As Numbers" owner="BuiltIn">
<msg time="2024-03-21T12:24:04.486173" level="INFO">Argument types are:
&lt;class 'int'&gt;
&lt;class 'str'&gt;</msg>
<arg>${response.status_code}</arg>
<arg>200</arg>
<doc>Fails if objects are unequal after converting them to real numbers.</doc>
<status status="PASS" start="2024-03-21T12:24:04.485675" elapsed="0.000576"/>
</kw>
<kw name="Log" owner="BuiltIn">
<msg time="2024-03-21T12:24:04.486975" level="INFO">200</msg>
<arg>${response.status_code}</arg>
<doc>Logs the given message with the given level.</doc>
<status status="PASS" start="2024-03-21T12:24:04.486604" elapsed="0.000418"/>
</kw>
<kw name="Set Variable" owner="BuiltIn">
<msg time="2024-03-21T12:24:04.487814" level="INFO">${json_data} = {'results': [{'gender': 'female', 'name': {'title': 'Ms', 'first': 'Alexa', 'last': 'Gardner'}, 'location': {'street': {'number': 4752, 'name': 'Royal Ln'}, 'city': 'Antioch', 'state': 'Hawaii', 'coun...</msg>
<var>${json_data}</var>
<arg>${response.json()}</arg>
<doc>Returns the given values which can then be assigned to a variables.</doc>
<status status="PASS" start="2024-03-21T12:24:04.487345" elapsed="0.000499"/>
</kw>
<kw name="Dictionary Should Contain Key" owner="Collections">
<msg time="2024-03-21T12:24:04.488353" level="INFO">False</msg>
<arg>${json_data}</arg>
<arg>results</arg>
<doc>Fails if ``key`` is not found from ``dictionary``.</doc>
<status status="PASS" start="2024-03-21T12:24:04.488170" elapsed="0.000225"/>
</kw>
<status status="PASS" start="2024-03-21T12:24:04.225860" elapsed="0.262802"/>
</kw>
<doc>Testa se a API responde corretamente e retorna um objeto JSON válido.</doc>
<tag>testeRequisicaoBasica</tag>
<status status="PASS" start="2024-03-21T12:24:04.225284" elapsed="0.263602"/>
</test>
<test id="s1-s1-t3" name="Validar estrutura de resposta" line="33">
<kw name="Teste de Estrutura de Resposta">
<kw name="GET On Session" owner="RequestsLibrary">
<msg time="2024-03-21T12:24:04.601348" level="INFO">GET Request : url=https://randomuser.me/api 
 path_url=/api 
 headers={'User-Agent': 'python-requests/2.31.0', 'Accept-Encoding': 'gzip, deflate', 'Accept': '*/*', 'Connection': 'keep-alive'} 
 body=None 
 </msg>
<msg time="2024-03-21T12:24:04.601450" level="INFO">GET Response : url=https://randomuser.me/api 
 status=200, reason=OK 
 headers={'Date': 'Thu, 21 Mar 2024 12:24:04 GMT', 'Content-Type': 'application/json; charset=utf-8', 'Transfer-Encoding': 'chunked', 'Connection': 'keep-alive', 'X-Powered-By': 'Express', 'Access-Control-Allow-Origin': '*', 'Cache-Control': 'no-cache', 'ETag': 'W/"484-G+W0x0QNvsKeuYHc0pFo2v7kf1s"', 'Vary': 'Accept-Encoding', 'Content-Encoding': 'gzip', 'CF-Cache-Status': 'DYNAMIC', 'Report-To': '{"endpoints":[{"url":"https:\\/\\/a.nel.cloudflare.com\\/report\\/v4?s=FMypoc2vA4%2FHTSt0bd7EtDyARN5bF%2Fvrjx64mzr%2FARVmcfINTk4dYJzXMuQ4M%2Boi6lrCeo3C8Ig35hfef3ijPPFV5YOL%2Fzxy%2F2mVFuMapyq%2FAq3TbVFOHMAOrWvv%2BxUz"}],"group":"cf-nel","max_age":604800}', 'NEL': '{"success_fraction":0,"report_to":"cf-nel","max_age":604800}', 'Server': 'cloudflare', 'CF-RAY': '867deab41c032f44-LAX', 'alt-svc': 'h3=":443"; ma=86400'} 
 body={"results":[{"gender":"female","name":{"title":"Ms","first":"Karlijn","last":"Heetebrij"},"location":{"street":{"number":3643,"name":"Havenplein"},"city":"Enkhuizen","state":"Zeeland","country":"Netherlands","postcode":"3193 BX","coordinates":{"latitude":"32.8177","longitude":"130.2277"},"timezone":{"offset":"+4:30","description":"Kabul"}},"email":"karlijn.heetebrij@example.com","login":{"uuid":"74ca5a3e-7973-489e-bae5-6b706b069801","username":"greenkoala728","password":"terminat","salt":"KBmHK5BO","md5":"114b39bf4be61c9bc91cdebe9caa351c","sha1":"d9b404f9aab8147eb3a696bf18dfdb1621b15334","sha256":"1d5b55015595e27782f326b9e749eae487921504351e769cdbd2acf5a099d9ce"},"dob":{"date":"1972-10-29T03:59:56.681Z","age":51},"registered":{"date":"2002-04-07T02:37:03.697Z","age":21},"phone":"(070) 4550034","cell":"(06) 46369456","id":{"name":"BSN","value":"72537423"},"picture":{"large":"https://randomuser.me/api/portraits/women/38.jpg","medium":"https://randomuser.me/api/portraits/med/women/38.jpg","thumbnail":"https://randomuser.me/api/portraits/thumb/women/38.jpg"},"nat":"NL"}],"info":{"seed":"373e294a76be0017","results":1,"page":1,"version":"1.4"}} 
 </msg>
<msg time="2024-03-21T12:24:04.601577" level="INFO">/opt/hostedtoolcache/Python/3.12.2/x64/lib/python3.12/site-packages/urllib3/connectionpool.py:1103: InsecureRequestWarning: Unverified HTTPS request is being made to host 'randomuser.me'. Adding certificate verification is strongly advised. See: https://urllib3.readthedocs.io/en/latest/advanced-usage.html#tls-warnings
  warnings.warn(</msg>
<msg time="2024-03-21T12:24:04.601705" level="INFO">${response} = &lt;Response [200]&gt;</msg>
<var>${response}</var>
<arg>consultarAPI</arg>
<arg>/api</arg>
<doc>Sends a GET request on a previously created HTTP Session.</doc>
<status status="PASS" start="2024-03-21T12:24:04.491512" elapsed="0.110235"/>
</kw>
<kw name="Set Variable" owner="BuiltIn">
<msg time="2024-03-21T12:24:04.602782" level="INFO">${json_data} = {'results': [{'gender': 'female', 'name': {'title': 'Ms', 'first': 'Karlijn', 'last': 'Heetebrij'}, 'location': {'street': {'number': 3643, 'name': 'Havenplein'}, 'city': 'Enkhuizen', 'state': 'Zeelan...</msg>
<var>${json_data}</var>
<arg>${response.json()}</arg>
<doc>Returns the given values which can then be assigned to a variables.</doc>
<status status="PASS" start="2024-03-21T12:24:04.602249" elapsed="0.000561"/>
</kw>
<kw name="Log" owner="BuiltIn">
<msg time="2024-03-21T12:24:04.603274" level="INFO">{'results': [{'gender': 'female', 'name': {'title': 'Ms', 'first': 'Karlijn', 'last': 'Heetebrij'}, 'location': {'street': {'number': 3643, 'name': 'Havenplein'}, 'city': 'Enkhuizen', 'state': 'Zeeland', 'country': 'Netherlands', 'postcode': '3193 BX', 'coordinates': {'latitude': '32.8177', 'longitude': '130.2277'}, 'timezone': {'offset': '+4:30', 'description': 'Kabul'}}, 'email': 'karlijn.heetebrij@example.com', 'login': {'uuid': '74ca5a3e-7973-489e-bae5-6b706b069801', 'username': 'greenkoala728', 'password': 'terminat', 'salt': 'KBmHK5BO', 'md5': '114b39bf4be61c9bc91cdebe9caa351c', 'sha1': 'd9b404f9aab8147eb3a696bf18dfdb1621b15334', 'sha256': '1d5b55015595e27782f326b9e749eae487921504351e769cdbd2acf5a099d9ce'}, 'dob': {'date': '1972-10-29T03:59:56.681Z', 'age': 51}, 'registered': {'date': '2002-04-07T02:37:03.697Z', 'age': 21}, 'phone': '(070) 4550034', 'cell': '(06) 46369456', 'id': {'name': 'BSN', 'value': '72537423'}, 'picture': {'large': 'https://randomuser.me/api/portraits/women/38.jpg', 'medium': 'https://randomuser.me/api/portraits/med/women/38.jpg', 'thumbnail': 'https://randomuser.me/api/portraits/thumb/women/38.jpg'}, 'nat': 'NL'}], 'info': {'seed': '373e294a76be0017', 'results': 1, 'page': 1, 'version': '1.4'}}</msg>
<arg>${json_data}</arg>
<doc>Logs the given message with the given level.</doc>
<status status="PASS" start="2024-03-21T12:24:04.603115" elapsed="0.000207"/>
</kw>
<kw name="Dictionary Should Contain Key" owner="Collections">
<msg time="2024-03-21T12:24:04.603780" level="INFO">False</msg>
<arg>${json_data}</arg>
<arg>results</arg>
<doc>Fails if ``key`` is not found from ``dictionary``.</doc>
<status status="PASS" start="2024-03-21T12:24:04.603615" elapsed="0.000203"/>
</kw>
<kw name="Should Not Be Empty" owner="BuiltIn">
<msg time="2024-03-21T12:24:04.604240" level="INFO">Length is 2.</msg>
<arg>${json_data}</arg>
<doc>Verifies that the given item is not empty.</doc>
<status status="PASS" start="2024-03-21T12:24:04.604107" elapsed="0.000172"/>
</kw>
<kw name="Create List" owner="BuiltIn">
<msg time="2024-03-21T12:24:04.604752" level="INFO">${expected_keys} = ['gender', 'name', 'location', 'email', 'login']</msg>
<var>${expected_keys}</var>
<arg>gender</arg>
<arg>name</arg>
<arg>location</arg>
<arg>email</arg>
<arg>login</arg>
<doc>Returns a list containing given items.</doc>
<status status="PASS" start="2024-03-21T12:24:04.604564" elapsed="0.000217"/>
</kw>
<for flavor="IN">
<iter>
<kw name="Dictionary Should Contain Key" owner="Collections">
<msg time="2024-03-21T12:24:04.605799" level="INFO">False</msg>
<arg>${json_data['results'][0]}</arg>
<arg>${key}</arg>
<doc>Fails if ``key`` is not found from ``dictionary``.</doc>
<status status="PASS" start="2024-03-21T12:24:04.605389" elapsed="0.000450"/>
</kw>
<kw name="Log" owner="BuiltIn">
<msg time="2024-03-21T12:24:04.606506" level="INFO">{'gender': 'female', 'name': {'title': 'Ms', 'first': 'Karlijn', 'last': 'Heetebrij'}, 'location': {'street': {'number': 3643, 'name': 'Havenplein'}, 'city': 'Enkhuizen', 'state': 'Zeeland', 'country': 'Netherlands', 'postcode': '3193 BX', 'coordinates': {'latitude': '32.8177', 'longitude': '130.2277'}, 'timezone': {'offset': '+4:30', 'description': 'Kabul'}}, 'email': 'karlijn.heetebrij@example.com', 'login': {'uuid': '74ca5a3e-7973-489e-bae5-6b706b069801', 'username': 'greenkoala728', 'password': 'terminat', 'salt': 'KBmHK5BO', 'md5': '114b39bf4be61c9bc91cdebe9caa351c', 'sha1': 'd9b404f9aab8147eb3a696bf18dfdb1621b15334', 'sha256': '1d5b55015595e27782f326b9e749eae487921504351e769cdbd2acf5a099d9ce'}, 'dob': {'date': '1972-10-29T03:59:56.681Z', 'age': 51}, 'registered': {'date': '2002-04-07T02:37:03.697Z', 'age': 21}, 'phone': '(070) 4550034', 'cell': '(06) 46369456', 'id': {'name': 'BSN', 'value': '72537423'}, 'picture': {'large': 'https://randomuser.me/api/portraits/women/38.jpg', 'medium': 'https://randomuser.me/api/portraits/med/women/38.jpg', 'thumbnail': 'https://randomuser.me/api/portraits/thumb/women/38.jpg'}, 'nat': 'NL'}</msg>
<arg>${json_data['results'][0]}</arg>
<doc>Logs the given message with the given level.</doc>
<status status="PASS" start="2024-03-21T12:24:04.606135" elapsed="0.000419"/>
</kw>
<kw name="Log" owner="BuiltIn">
<msg time="2024-03-21T12:24:04.606984" level="INFO">gender</msg>
<arg>${key}</arg>
<doc>Logs the given message with the given level.</doc>
<status status="PASS" start="2024-03-21T12:24:04.606853" elapsed="0.000169"/>
</kw>
<var name="${key}">gender</var>
<status status="PASS" start="2024-03-21T12:24:04.605269" elapsed="0.001970"/>
</iter>
<iter>
<kw name="Dictionary Should Contain Key" owner="Collections">
<msg time="2024-03-21T12:24:04.607924" level="INFO">False</msg>
<arg>${json_data['results'][0]}</arg>
<arg>${key}</arg>
<doc>Fails if ``key`` is not found from ``dictionary``.</doc>
<status status="PASS" start="2024-03-21T12:24:04.607539" elapsed="0.000424"/>
</kw>
<kw name="Log" owner="BuiltIn">
<msg time="2024-03-21T12:24:04.608644" level="INFO">{'gender': 'female', 'name': {'title': 'Ms', 'first': 'Karlijn', 'last': 'Heetebrij'}, 'location': {'street': {'number': 3643, 'name': 'Havenplein'}, 'city': 'Enkhuizen', 'state': 'Zeeland', 'country': 'Netherlands', 'postcode': '3193 BX', 'coordinates': {'latitude': '32.8177', 'longitude': '130.2277'}, 'timezone': {'offset': '+4:30', 'description': 'Kabul'}}, 'email': 'karlijn.heetebrij@example.com', 'login': {'uuid': '74ca5a3e-7973-489e-bae5-6b706b069801', 'username': 'greenkoala728', 'password': 'terminat', 'salt': 'KBmHK5BO', 'md5': '114b39bf4be61c9bc91cdebe9caa351c', 'sha1': 'd9b404f9aab8147eb3a696bf18dfdb1621b15334', 'sha256': '1d5b55015595e27782f326b9e749eae487921504351e769cdbd2acf5a099d9ce'}, 'dob': {'date': '1972-10-29T03:59:56.681Z', 'age': 51}, 'registered': {'date': '2002-04-07T02:37:03.697Z', 'age': 21}, 'phone': '(070) 4550034', 'cell': '(06) 46369456', 'id': {'name': 'BSN', 'value': '72537423'}, 'picture': {'large': 'https://randomuser.me/api/portraits/women/38.jpg', 'medium': 'https://randomuser.me/api/portraits/med/women/38.jpg', 'thumbnail': 'https://randomuser.me/api/portraits/thumb/women/38.jpg'}, 'nat': 'NL'}</msg>
<arg>${json_data['results'][0]}</arg>
<doc>Logs the given message with the given level.</doc>
<status status="PASS" start="2024-03-21T12:24:04.608281" elapsed="0.000431"/>
</kw>
<kw name="Log" owner="BuiltIn">
<msg time="2024-03-21T12:24:04.609133" level="INFO">name</msg>
<arg>${key}</arg>
<doc>Logs the given message with the given level.</doc>
<status status="PASS" start="2024-03-21T12:24:04.609005" elapsed="0.000166"/>
</kw>
<var name="${key}">name</var>
<status status="PASS" start="2024-03-21T12:24:04.607431" elapsed="0.001955"/>
</iter>
<iter>
<kw name="Dictionary Should Contain Key" owner="Collections">
<msg time="2024-03-21T12:24:04.610061" level="INFO">False</msg>
<arg>${json_data['results'][0]}</arg>
<arg>${key}</arg>
<doc>Fails if ``key`` is not found from ``dictionary``.</doc>
<status status="PASS" start="2024-03-21T12:24:04.609677" elapsed="0.000552"/>
</kw>
<kw name="Log" owner="BuiltIn">
<msg time="2024-03-21T12:24:04.610893" level="INFO">{'gender': 'female', 'name': {'title': 'Ms', 'first': 'Karlijn', 'last': 'Heetebrij'}, 'location': {'street': {'number': 3643, 'name': 'Havenplein'}, 'city': 'Enkhuizen', 'state': 'Zeeland', 'country': 'Netherlands', 'postcode': '3193 BX', 'coordinates': {'latitude': '32.8177', 'longitude': '130.2277'}, 'timezone': {'offset': '+4:30', 'description': 'Kabul'}}, 'email': 'karlijn.heetebrij@example.com', 'login': {'uuid': '74ca5a3e-7973-489e-bae5-6b706b069801', 'username': 'greenkoala728', 'password': 'terminat', 'salt': 'KBmHK5BO', 'md5': '114b39bf4be61c9bc91cdebe9caa351c', 'sha1': 'd9b404f9aab8147eb3a696bf18dfdb1621b15334', 'sha256': '1d5b55015595e27782f326b9e749eae487921504351e769cdbd2acf5a099d9ce'}, 'dob': {'date': '1972-10-29T03:59:56.681Z', 'age': 51}, 'registered': {'date': '2002-04-07T02:37:03.697Z', 'age': 21}, 'phone': '(070) 4550034', 'cell': '(06) 46369456', 'id': {'name': 'BSN', 'value': '72537423'}, 'picture': {'large': 'https://randomuser.me/api/portraits/women/38.jpg', 'medium': 'https://randomuser.me/api/portraits/med/women/38.jpg', 'thumbnail': 'https://randomuser.me/api/portraits/thumb/women/38.jpg'}, 'nat': 'NL'}</msg>
<arg>${json_data['results'][0]}</arg>
<doc>Logs the given message with the given level.</doc>
<status status="PASS" start="2024-03-21T12:24:04.610522" elapsed="0.000418"/>
</kw>
<kw name="Log" owner="BuiltIn">
<msg time="2024-03-21T12:24:04.611357" level="INFO">location</msg>
<arg>${key}</arg>
<doc>Logs the given message with the given level.</doc>
<status status="PASS" start="2024-03-21T12:24:04.611229" elapsed="0.000166"/>
</kw>
<var name="${key}">location</var>
<status status="PASS" start="2024-03-21T12:24:04.609565" elapsed="0.002047"/>
</iter>
<iter>
<kw name="Dictionary Should Contain Key" owner="Collections">
<msg time="2024-03-21T12:24:04.612270" level="INFO">False</msg>
<arg>${json_data['results'][0]}</arg>
<arg>${key}</arg>
<doc>Fails if ``key`` is not found from ``dictionary``.</doc>
<status status="PASS" start="2024-03-21T12:24:04.611894" elapsed="0.000414"/>
</kw>
<kw name="Log" owner="BuiltIn">
<msg time="2024-03-21T12:24:04.613004" level="INFO">{'gender': 'female', 'name': {'title': 'Ms', 'first': 'Karlijn', 'last': 'Heetebrij'}, 'location': {'street': {'number': 3643, 'name': 'Havenplein'}, 'city': 'Enkhuizen', 'state': 'Zeeland', 'country': 'Netherlands', 'postcode': '3193 BX', 'coordinates': {'latitude': '32.8177', 'longitude': '130.2277'}, 'timezone': {'offset': '+4:30', 'description': 'Kabul'}}, 'email': 'karlijn.heetebrij@example.com', 'login': {'uuid': '74ca5a3e-7973-489e-bae5-6b706b069801', 'username': 'greenkoala728', 'password': 'terminat', 'salt': 'KBmHK5BO', 'md5': '114b39bf4be61c9bc91cdebe9caa351c', 'sha1': 'd9b404f9aab8147eb3a696bf18dfdb1621b15334', 'sha256': '1d5b55015595e27782f326b9e749eae487921504351e769cdbd2acf5a099d9ce'}, 'dob': {'date': '1972-10-29T03:59:56.681Z', 'age': 51}, 'registered': {'date': '2002-04-07T02:37:03.697Z', 'age': 21}, 'phone': '(070) 4550034', 'cell': '(06) 46369456', 'id': {'name': 'BSN', 'value': '72537423'}, 'picture': {'large': 'https://randomuser.me/api/portraits/women/38.jpg', 'medium': 'https://randomuser.me/api/portraits/med/women/38.jpg', 'thumbnail': 'https://randomuser.me/api/portraits/thumb/women/38.jpg'}, 'nat': 'NL'}</msg>
<arg>${json_data['results'][0]}</arg>
<doc>Logs the given message with the given level.</doc>
<status status="PASS" start="2024-03-21T12:24:04.612597" elapsed="0.000466"/>
</kw>
<kw name="Log" owner="BuiltIn">
<msg time="2024-03-21T12:24:04.613484" level="INFO">email</msg>
<arg>${key}</arg>
<doc>Logs the given message with the given level.</doc>
<status status="PASS" start="2024-03-21T12:24:04.613358" elapsed="0.000164"/>
</kw>
<var name="${key}">email</var>
<status status="PASS" start="2024-03-21T12:24:04.611790" elapsed="0.001946"/>
</iter>
<iter>
<kw name="Dictionary Should Contain Key" owner="Collections">
<msg time="2024-03-21T12:24:04.614401" level="INFO">False</msg>
<arg>${json_data['results'][0]}</arg>
<arg>${key}</arg>
<doc>Fails if ``key`` is not found from ``dictionary``.</doc>
<status status="PASS" start="2024-03-21T12:24:04.614015" elapsed="0.000424"/>
</kw>
<kw name="Log" owner="BuiltIn">
<msg time="2024-03-21T12:24:04.615097" level="INFO">{'gender': 'female', 'name': {'title': 'Ms', 'first': 'Karlijn', 'last': 'Heetebrij'}, 'location': {'street': {'number': 3643, 'name': 'Havenplein'}, 'city': 'Enkhuizen', 'state': 'Zeeland', 'country': 'Netherlands', 'postcode': '3193 BX', 'coordinates': {'latitude': '32.8177', 'longitude': '130.2277'}, 'timezone': {'offset': '+4:30', 'description': 'Kabul'}}, 'email': 'karlijn.heetebrij@example.com', 'login': {'uuid': '74ca5a3e-7973-489e-bae5-6b706b069801', 'username': 'greenkoala728', 'password': 'terminat', 'salt': 'KBmHK5BO', 'md5': '114b39bf4be61c9bc91cdebe9caa351c', 'sha1': 'd9b404f9aab8147eb3a696bf18dfdb1621b15334', 'sha256': '1d5b55015595e27782f326b9e749eae487921504351e769cdbd2acf5a099d9ce'}, 'dob': {'date': '1972-10-29T03:59:56.681Z', 'age': 51}, 'registered': {'date': '2002-04-07T02:37:03.697Z', 'age': 21}, 'phone': '(070) 4550034', 'cell': '(06) 46369456', 'id': {'name': 'BSN', 'value': '72537423'}, 'picture': {'large': 'https://randomuser.me/api/portraits/women/38.jpg', 'medium': 'https://randomuser.me/api/portraits/med/women/38.jpg', 'thumbnail': 'https://randomuser.me/api/portraits/thumb/women/38.jpg'}, 'nat': 'NL'}</msg>
<arg>${json_data['results'][0]}</arg>
<doc>Logs the given message with the given level.</doc>
<status status="PASS" start="2024-03-21T12:24:04.614729" elapsed="0.000415"/>
</kw>
<kw name="Log" owner="BuiltIn">
<msg time="2024-03-21T12:24:04.615564" level="INFO">login</msg>
<arg>${key}</arg>
<doc>Logs the given message with the given level.</doc>
<status status="PASS" start="2024-03-21T12:24:04.615435" elapsed="0.000168"/>
</kw>
<var name="${key}">login</var>
<status status="PASS" start="2024-03-21T12:24:04.613910" elapsed="0.001909"/>
</iter>
<var>${key}</var>
<value>@{expected_keys}</value>
<status status="PASS" start="2024-03-21T12:24:04.605053" elapsed="0.010916"/>
</for>
<kw name="Create List" owner="BuiltIn">
<msg time="2024-03-21T12:24:04.616304" level="INFO">${expected_keysTwo} = ['username', 'password']</msg>
<var>${expected_keysTwo}</var>
<arg>username</arg>
<arg>password</arg>
<doc>Returns a list containing given items.</doc>
<status status="PASS" start="2024-03-21T12:24:04.616166" elapsed="0.000161"/>
</kw>
<for flavor="IN">
<iter>
<kw name="Dictionary Should Contain Key" owner="Collections">
<msg time="2024-03-21T12:24:04.617237" level="INFO">False</msg>
<arg>${json_data['results'][0]['login']}</arg>
<arg>${keyTwo}</arg>
<doc>Fails if ``key`` is not found from ``dictionary``.</doc>
<status status="PASS" start="2024-03-21T12:24:04.616855" elapsed="0.000419"/>
</kw>
<kw name="Dictionary Should Contain Key" owner="Collections">
<msg time="2024-03-21T12:24:04.617950" level="INFO">False</msg>
<arg>${json_data['results'][0]['login']}</arg>
<arg>${keyTwo}</arg>
<doc>Fails if ``key`` is not found from ``dictionary``.</doc>
<status status="PASS" start="2024-03-21T12:24:04.617573" elapsed="0.000415"/>
</kw>
<kw name="Log" owner="BuiltIn">
<msg time="2024-03-21T12:24:04.618403" level="INFO">username</msg>
<arg>${keyTwo}</arg>
<doc>Logs the given message with the given level.</doc>
<status status="PASS" start="2024-03-21T12:24:04.618275" elapsed="0.000166"/>
</kw>
<var name="${keyTwo}">username</var>
<status status="PASS" start="2024-03-21T12:24:04.616749" elapsed="0.001916"/>
</iter>
<iter>
<kw name="Dictionary Should Contain Key" owner="Collections">
<msg time="2024-03-21T12:24:04.619327" level="INFO">False</msg>
<arg>${json_data['results'][0]['login']}</arg>
<arg>${keyTwo}</arg>
<doc>Fails if ``key`` is not found from ``dictionary``.</doc>
<status status="PASS" start="2024-03-21T12:24:04.618944" elapsed="0.000420"/>
</kw>
<kw name="Dictionary Should Contain Key" owner="Collections">
<msg time="2024-03-21T12:24:04.620027" level="INFO">False</msg>
<arg>${json_data['results'][0]['login']}</arg>
<arg>${keyTwo}</arg>
<doc>Fails if ``key`` is not found from ``dictionary``.</doc>
<status status="PASS" start="2024-03-21T12:24:04.619649" elapsed="0.000416"/>
</kw>
<kw name="Log" owner="BuiltIn">
<msg time="2024-03-21T12:24:04.620478" level="INFO">password</msg>
<arg>${keyTwo}</arg>
<doc>Logs the given message with the given level.</doc>
<status status="PASS" start="2024-03-21T12:24:04.620351" elapsed="0.000164"/>
</kw>
<var name="${keyTwo}">password</var>
<status status="PASS" start="2024-03-21T12:24:04.618841" elapsed="0.001928"/>
</iter>
<var>${keyTwo}</var>
<value>@{expected_keysTwo}</value>
<status status="PASS" start="2024-03-21T12:24:04.616568" elapsed="0.004326"/>
</for>
<status status="PASS" start="2024-03-21T12:24:04.491281" elapsed="0.129760"/>
</kw>
<doc>Testa a estrutura da resposta da API.</doc>
<tag>testeEstruturaResposta</tag>
<status status="PASS" start="2024-03-21T12:24:04.490749" elapsed="0.130464"/>
</test>
<test id="s1-s1-t4" name="Validar tipos de dados" line="39">
<kw name="Teste de Tipos de Dados">
<kw name="GET On Session" owner="RequestsLibrary">
<msg time="2024-03-21T12:24:04.719087" level="INFO">GET Request : url=https://randomuser.me/api 
 path_url=/api 
 headers={'User-Agent': 'python-requests/2.31.0', 'Accept-Encoding': 'gzip, deflate', 'Accept': '*/*', 'Connection': 'keep-alive'} 
 body=None 
 </msg>
<msg time="2024-03-21T12:24:04.719198" level="INFO">GET Response : url=https://randomuser.me/api 
 status=200, reason=OK 
 headers={'Date': 'Thu, 21 Mar 2024 12:24:04 GMT', 'Content-Type': 'application/json; charset=utf-8', 'Transfer-Encoding': 'chunked', 'Connection': 'keep-alive', 'X-Powered-By': 'Express', 'Access-Control-Allow-Origin': '*', 'Cache-Control': 'no-cache', 'ETag': 'W/"490-4APAUkq1oagMthJFQ0V4yNPIZ9I"', 'Vary': 'Accept-Encoding', 'Content-Encoding': 'gzip', 'CF-Cache-Status': 'DYNAMIC', 'Report-To': '{"endpoints":[{"url":"https:\\/\\/a.nel.cloudflare.com\\/report\\/v4?s=hALCsjfJo%2BrTt5F5%2F%2BT7qwnFt9Z2IqpL29l5bNRtjMGpiH9HFnQ%2BDSTiYX2O5VZjFcq%2Bm0mFUrbphLNMsoMG47oGVd1A2PgzZ71v2a9oBE%2By2tCgWZWH60sAesHgRP%2BO"}],"group":"cf-nel","max_age":604800}', 'NEL': '{"success_fraction":0,"report_to":"cf-nel","max_age":604800}', 'Server': 'cloudflare', 'CF-RAY': '867deab4eca52f44-LAX', 'alt-svc': 'h3=":443"; ma=86400'} 
 body={"results":[{"gender":"female","name":{"title":"Miss","first":"Rachel","last":"Bourgeois"},"location":{"street":{"number":2937,"name":"Rue Chazière"},"city":"Grenoble","state":"Manche","country":"France","postcode":57973,"coordinates":{"latitude":"-16.7879","longitude":"84.4647"},"timezone":{"offset":"-2:00","description":"Mid-Atlantic"}},"email":"rachel.bourgeois@example.com","login":{"uuid":"e156475a-8a17-4754-ac51-0503cb55a125","username":"beautifulbird429","password":"eskimo","salt":"OgCEtplV","md5":"b6862ed5d2dfafb9110c64787e59c84e","sha1":"7cc2495ed15cecc9bce3d0403685ddeb1e26949a","sha256":"d6810224210fa1d31cbb9189c261b47b6ad4a0efbe84dccfc98fd0cbbdb221f0"},"dob":{"date":"1948-01-12T14:10:42.949Z","age":76},"registered":{"date":"2006-11-11T00:09:30.772Z","age":17},"phone":"04-33-60-13-56","cell":"06-11-79-13-70","id":{"name":"INSEE","value":"2480090741104 41"},"picture":{"large":"https://randomuser.me/api/portraits/women/76.jpg","medium":"https://randomuser.me/api/portraits/med/women/76.jpg","thumbnail":"https://randomuser.me/api/portraits/thumb/women/76.jpg"},"nat":"FR"}],"info":{"seed":"c42d9946a65e42c5","results":1,"page":1,"version":"1.4"}} 
 </msg>
<msg time="2024-03-21T12:24:04.719280" level="INFO">/opt/hostedtoolcache/Python/3.12.2/x64/lib/python3.12/site-packages/urllib3/connectionpool.py:1103: InsecureRequestWarning: Unverified HTTPS request is being made to host 'randomuser.me'. Adding certificate verification is strongly advised. See: https://urllib3.readthedocs.io/en/latest/advanced-usage.html#tls-warnings
  warnings.warn(</msg>
<msg time="2024-03-21T12:24:04.719425" level="INFO">${response} = &lt;Response [200]&gt;</msg>
<var>${response}</var>
<arg>consultarAPI</arg>
<arg>/api</arg>
<doc>Sends a GET request on a previously created HTTP Session.</doc>
<status status="PASS" start="2024-03-21T12:24:04.623638" elapsed="0.095832"/>
</kw>
<kw name="Set Variable" owner="BuiltIn">
<msg time="2024-03-21T12:24:04.720770" level="INFO">${json_data} = {'results': [{'gender': 'female', 'name': {'title': 'Miss', 'first': 'Rachel', 'last': 'Bourgeois'}, 'location': {'street': {'number': 2937, 'name': 'Rue Chazière'}, 'city': 'Grenoble', 'state': 'Manc...</msg>
<var>${json_data}</var>
<arg>${response.json()}</arg>
<doc>Returns the given values which can then be assigned to a variables.</doc>
<status status="PASS" start="2024-03-21T12:24:04.720122" elapsed="0.000685"/>
</kw>
<kw name="Log" owner="BuiltIn">
<msg time="2024-03-21T12:24:04.721364" level="INFO">{'results': [{'gender': 'female', 'name': {'title': 'Miss', 'first': 'Rachel', 'last': 'Bourgeois'}, 'location': {'street': {'number': 2937, 'name': 'Rue Chazière'}, 'city': 'Grenoble', 'state': 'Manche', 'country': 'France', 'postcode': 57973, 'coordinates': {'latitude': '-16.7879', 'longitude': '84.4647'}, 'timezone': {'offset': '-2:00', 'description': 'Mid-Atlantic'}}, 'email': 'rachel.bourgeois@example.com', 'login': {'uuid': 'e156475a-8a17-4754-ac51-0503cb55a125', 'username': 'beautifulbird429', 'password': 'eskimo', 'salt': 'OgCEtplV', 'md5': 'b6862ed5d2dfafb9110c64787e59c84e', 'sha1': '7cc2495ed15cecc9bce3d0403685ddeb1e26949a', 'sha256': 'd6810224210fa1d31cbb9189c261b47b6ad4a0efbe84dccfc98fd0cbbdb221f0'}, 'dob': {'date': '1948-01-12T14:10:42.949Z', 'age': 76}, 'registered': {'date': '2006-11-11T00:09:30.772Z', 'age': 17}, 'phone': '04-33-60-13-56', 'cell': '06-11-79-13-70', 'id': {'name': 'INSEE', 'value': '2480090741104 41'}, 'picture': {'large': 'https://randomuser.me/api/portraits/women/76.jpg', 'medium': 'https://randomuser.me/api/portraits/med/women/76.jpg', 'thumbnail': 'https://randomuser.me/api/portraits/thumb/women/76.jpg'}, 'nat': 'FR'}], 'info': {'seed': 'c42d9946a65e42c5', 'results': 1, 'page': 1, 'version': '1.4'}}</msg>
<arg>${json_data}</arg>
<doc>Logs the given message with the given level.</doc>
<status status="PASS" start="2024-03-21T12:24:04.721185" elapsed="0.000267"/>
</kw>
<kw name="Should Be String" owner="String">
<arg>${json_data['results'][0]['gender']}</arg>
<doc>Fails if the given ``item`` is not a string.</doc>
<status status="PASS" start="2024-03-21T12:24:04.721775" elapsed="0.000387"/>
</kw>
<kw name="Should Match Regexp" owner="BuiltIn">
<arg>${json_data['results'][0]['email']}</arg>
<arg>^[a-zA-Z0-9._%+-]+@[a-zA-Z0-9.-]+\.[a-zA-Z]{2,}$</arg>
<doc>Fails if ``string`` does not match ``pattern`` as a regular expression.</doc>
<status status="PASS" start="2024-03-21T12:24:04.722356" elapsed="0.000712"/>
</kw>
<kw name="Should Match Regexp" owner="BuiltIn">
<arg>${json_data['results'][0]['dob']['date']}</arg>
<arg>\\d{4}-\\d{2}-\\d{2}T\\d{2}:\\d{2}:\\d{2}\\.\\d{3}Z</arg>
<doc>Fails if ``string`` does not match ``pattern`` as a regular expression.</doc>
<status status="PASS" start="2024-03-21T12:24:04.723268" elapsed="0.000501"/>
</kw>
<kw name="Should Match Regexp" owner="BuiltIn">
<arg>${json_data['results'][0]['registered']['date']}</arg>
<arg>\\d{4}-\\d{2}-\\d{2}T\\d{2}:\\d{2}:\\d{2}\\.\\d{3}Z</arg>
<doc>Fails if ``string`` does not match ``pattern`` as a regular expression.</doc>
<status status="PASS" start="2024-03-21T12:24:04.723961" elapsed="0.000371"/>
</kw>
<kw name="Should Match Regexp" owner="BuiltIn">
<arg>${json_data['results'][0]['picture']['large']}</arg>
<arg>^https?://.*\.(?:png|jpe?g|gif|bmp)$</arg>
<doc>Fails if ``string`` does not match ``pattern`` as a regular expression.</doc>
<status status="PASS" start="2024-03-21T12:24:04.724518" elapsed="0.000515"/>
</kw>
<kw name="Should Match Regexp" owner="BuiltIn">
<arg>${json_data['results'][0]['picture']['medium']}</arg>
<arg>^https?://.*\.(?:png|jpe?g|gif|bmp)$</arg>
<doc>Fails if ``string`` does not match ``pattern`` as a regular expression.</doc>
<status status="PASS" start="2024-03-21T12:24:04.725231" elapsed="0.000357"/>
</kw>
<kw name="Should Match Regexp" owner="BuiltIn">
<arg>${json_data['results'][0]['picture']['thumbnail']}</arg>
<arg>^https?://.*\.(?:png|jpe?g|gif|bmp)$</arg>
<doc>Fails if ``string`` does not match ``pattern`` as a regular expression.</doc>
<status status="PASS" start="2024-03-21T12:24:04.725768" elapsed="0.000352"/>
</kw>
<kw name="Log" owner="BuiltIn">
<msg time="2024-03-21T12:24:04.726628" level="INFO">{'large': 'https://randomuser.me/api/portraits/women/76.jpg', 'medium': 'https://randomuser.me/api/portraits/med/women/76.jpg', 'thumbnail': 'https://randomuser.me/api/portraits/thumb/women/76.jpg'}</msg>
<arg>${json_data['results'][0]['picture']}</arg>
<doc>Logs the given message with the given level.</doc>
<status status="PASS" start="2024-03-21T12:24:04.726297" elapsed="0.000373"/>
</kw>
<status status="PASS" start="2024-03-21T12:24:04.623416" elapsed="0.103526"/>
</kw>
<kw name="Teste de Tipos de Dados - Postcode">
<kw name="GET On Session" owner="RequestsLibrary">
<msg time="2024-03-21T12:24:04.822233" level="INFO">GET Request : url=https://randomuser.me/api 
 path_url=/api 
 headers={'User-Agent': 'python-requests/2.31.0', 'Accept-Encoding': 'gzip, deflate', 'Accept': '*/*', 'Connection': 'keep-alive'} 
 body=None 
 </msg>
<msg time="2024-03-21T12:24:04.822334" level="INFO">GET Response : url=https://randomuser.me/api 
 status=200, reason=OK 
 headers={'Date': 'Thu, 21 Mar 2024 12:24:04 GMT', 'Content-Type': 'application/json; charset=utf-8', 'Transfer-Encoding': 'chunked', 'Connection': 'keep-alive', 'X-Powered-By': 'Express', 'Access-Control-Allow-Origin': '*', 'Cache-Control': 'no-cache', 'ETag': 'W/"499-QD97wmCTjHmjFcJLyvwLv+YKan0"', 'Vary': 'Accept-Encoding', 'Content-Encoding': 'gzip', 'CF-Cache-Status': 'DYNAMIC', 'Report-To': '{"endpoints":[{"url":"https:\\/\\/a.nel.cloudflare.com\\/report\\/v4?s=LbQY1qY6tghW6h4Ne%2Bd2VG8HRerOX2GCCCVoGCyh%2FqVFEoswU5Y6V0zeGvKFKFKbz9Ud4AznvwZzvaO6QbdLzf8z5NfRx9Y68R0CydWFLsNYemKk482VS%2BfgVbWpGcGY"}],"group":"cf-nel","max_age":604800}', 'NEL': '{"success_fraction":0,"report_to":"cf-nel","max_age":604800}', 'Server': 'cloudflare', 'CF-RAY': '867deab59d172f44-LAX', 'alt-svc': 'h3=":443"; ma=86400'} 
 body={"results":[{"gender":"female","name":{"title":"Miss","first":"آدرینا","last":"موسوی"},"location":{"street":{"number":6991,"name":"نوفل لوشاتو"},"city":"اردبیل","state":"کرمانشاه","country":"Iran","postcode":16776,"coordinates":{"latitude":"20.0449","longitude":"152.3023"},"timezone":{"offset":"+7:00","description":"Bangkok, Hanoi, Jakarta"}},"email":"adryn.mwswy@example.com","login":{"uuid":"0a4dbd1d-1242-47c3-9e1a-9cc4de11455a","username":"purplemouse823","password":"annika","salt":"jqkCXmh5","md5":"0df8a5e6185afd30e4258e3a5f2edaf4","sha1":"97c5f4d1eb7fe166649efccf9356e0158bd2df4a","sha256":"6eec87eb6b54b68d05a34fe497d1563bbe54d9c76253b7f22c0704000f619b4a"},"dob":{"date":"1988-12-22T16:17:19.083Z","age":35},"registered":{"date":"2008-02-09T00:12:49.158Z","age":16},"phone":"090-02336636","cell":"0992-291-0414","id":{"name":"","value":null},"picture":{"large":"https://randomuser.me/api/portraits/women/84.jpg","medium":"https://randomuser.me/api/portraits/med/women/84.jpg","thumbnail":"https://randomuser.me/api/portraits/thumb/women/84.jpg"},"nat":"IR"}],"info":{"seed":"a43df5d0f1ff193c","results":1,"page":1,"version":"1.4"}} 
 </msg>
<msg time="2024-03-21T12:24:04.822410" level="INFO">/opt/hostedtoolcache/Python/3.12.2/x64/lib/python3.12/site-packages/urllib3/connectionpool.py:1103: InsecureRequestWarning: Unverified HTTPS request is being made to host 'randomuser.me'. Adding certificate verification is strongly advised. See: https://urllib3.readthedocs.io/en/latest/advanced-usage.html#tls-warnings
  warnings.warn(</msg>
<msg time="2024-03-21T12:24:04.822561" level="INFO">${response} = &lt;Response [200]&gt;</msg>
<var>${response}</var>
<arg>consultarAPI</arg>
<arg>/api</arg>
<doc>Sends a GET request on a previously created HTTP Session.</doc>
<status status="PASS" start="2024-03-21T12:24:04.727397" elapsed="0.095202"/>
</kw>
<kw name="Set Variable" owner="BuiltIn">
<msg time="2024-03-21T12:24:04.823659" level="INFO">${json_data} = {'results': [{'gender': 'female', 'name': {'title': 'Miss', 'first': 'آدرینا', 'last': 'موسوی'}, 'location': {'street': {'number': 6991, 'name': 'نوفل لوشاتو'}, 'city': 'اردبیل', 'state': 'کرمانشاه', ...</msg>
<var>${json_data}</var>
<arg>${response.json()}</arg>
<doc>Returns the given values which can then be assigned to a variables.</doc>
<status status="PASS" start="2024-03-21T12:24:04.823126" elapsed="0.000563"/>
</kw>
<kw name="Log" owner="BuiltIn">
<msg time="2024-03-21T12:24:04.824164" level="INFO">{'results': [{'gender': 'female', 'name': {'title': 'Miss', 'first': 'آدرینا', 'last': 'موسوی'}, 'location': {'street': {'number': 6991, 'name': 'نوفل لوشاتو'}, 'city': 'اردبیل', 'state': 'کرمانشاه', 'country': 'Iran', 'postcode': 16776, 'coordinates': {'latitude': '20.0449', 'longitude': '152.3023'}, 'timezone': {'offset': '+7:00', 'description': 'Bangkok, Hanoi, Jakarta'}}, 'email': 'adryn.mwswy@example.com', 'login': {'uuid': '0a4dbd1d-1242-47c3-9e1a-9cc4de11455a', 'username': 'purplemouse823', 'password': 'annika', 'salt': 'jqkCXmh5', 'md5': '0df8a5e6185afd30e4258e3a5f2edaf4', 'sha1': '97c5f4d1eb7fe166649efccf9356e0158bd2df4a', 'sha256': '6eec87eb6b54b68d05a34fe497d1563bbe54d9c76253b7f22c0704000f619b4a'}, 'dob': {'date': '1988-12-22T16:17:19.083Z', 'age': 35}, 'registered': {'date': '2008-02-09T00:12:49.158Z', 'age': 16}, 'phone': '090-02336636', 'cell': '0992-291-0414', 'id': {'name': '', 'value': None}, 'picture': {'large': 'https://randomuser.me/api/portraits/women/84.jpg', 'medium': 'https://randomuser.me/api/portraits/med/women/84.jpg', 'thumbnail': 'https://randomuser.me/api/portraits/thumb/women/84.jpg'}, 'nat': 'IR'}], 'info': {'seed': 'a43df5d0f1ff193c', 'results': 1, 'page': 1, 'version': '1.4'}}</msg>
<arg>${json_data}</arg>
<doc>Logs the given message with the given level.</doc>
<status status="PASS" start="2024-03-21T12:24:04.823998" elapsed="0.000257"/>
</kw>
<kw name="Should Be Equal As Numbers" owner="BuiltIn">
<arg>${json_data['results'][0]['location']['postcode']}</arg>
<arg>${json_data['results'][0]['location']['postcode']}</arg>
<doc>Fails if objects are unequal after converting them to real numbers.</doc>
<status status="PASS" start="2024-03-21T12:24:04.824557" elapsed="0.000700"/>
</kw>
<kw name="Log" owner="BuiltIn">
<msg time="2024-03-21T12:24:04.825796" level="INFO">16776</msg>
<arg>${json_data['results'][0]['location']['postcode']}</arg>
<doc>Logs the given message with the given level.</doc>
<status status="PASS" start="2024-03-21T12:24:04.825453" elapsed="0.000384"/>
</kw>
<status status="PASS" start="2024-03-21T12:24:04.727168" elapsed="0.098939"/>
</kw>
<doc>Testa se os tipos de dados na resposta da API estão corretos.</doc>
<tag>testeTiposDados</tag>
<status status="PASS" start="2024-03-21T12:24:04.622957" elapsed="0.203326"/>
</test>
<test id="s1-s1-t5" name="Validar conteudo" line="46">
<kw name="Teste de Tipos de Conteudo">
<kw name="GET On Session" owner="RequestsLibrary">
<msg time="2024-03-21T12:24:04.929504" level="INFO">GET Request : url=https://randomuser.me/api 
 path_url=/api 
 headers={'User-Agent': 'python-requests/2.31.0', 'Accept-Encoding': 'gzip, deflate', 'Accept': '*/*', 'Connection': 'keep-alive'} 
 body=None 
 </msg>
<msg time="2024-03-21T12:24:04.929628" level="INFO">GET Response : url=https://randomuser.me/api 
 status=200, reason=OK 
 headers={'Date': 'Thu, 21 Mar 2024 12:24:04 GMT', 'Content-Type': 'application/json; charset=utf-8', 'Transfer-Encoding': 'chunked', 'Connection': 'keep-alive', 'X-Powered-By': 'Express', 'Access-Control-Allow-Origin': '*', 'Cache-Control': 'no-cache', 'ETag': 'W/"48d-uhuZfQX/LrvyPAPMYiyug9fLsYQ"', 'Vary': 'Accept-Encoding', 'Content-Encoding': 'gzip', 'CF-Cache-Status': 'DYNAMIC', 'Report-To': '{"endpoints":[{"url":"https:\\/\\/a.nel.cloudflare.com\\/report\\/v4?s=TcEwuflwrK8NEwAf%2FXfDn6eUAmBzoHo%2BsmkGaCbfqfxA%2BtrVkVqXEmjPZAVsy0LoWgUwG%2FEFnQUIxQuxXiGhPK%2FzApMJe13V1AmByLeffctpqHCSDPiV4OrlaxSFw39a"}],"group":"cf-nel","max_age":604800}', 'NEL': '{"success_fraction":0,"report_to":"cf-nel","max_age":604800}', 'Server': 'cloudflare', 'CF-RAY': '867deab63d8a2f44-LAX', 'alt-svc': 'h3=":443"; ma=86400'} 
 body={"results":[{"gender":"female","name":{"title":"Ms","first":"Esther","last":"Arias"},"location":{"street":{"number":7526,"name":"Continuación Norte Becerra"},"city":"Sihochac","state":"Sinaloa","country":"Mexico","postcode":58219,"coordinates":{"latitude":"23.5463","longitude":"166.7922"},"timezone":{"offset":"+9:30","description":"Adelaide, Darwin"}},"email":"esther.arias@example.com","login":{"uuid":"60cec7dc-8d6c-4467-8a0b-483f0b79177a","username":"sadfish561","password":"7654321","salt":"1zVpxCsP","md5":"107feb503dfdc39e680c9ff9d854e737","sha1":"4171b0285b1f56997497c98bd54b4ead2fa31644","sha256":"42570bec5edfca807120122dc4ad9bee790beb1e536612067029d76ed25a61ee"},"dob":{"date":"1955-08-17T23:59:14.533Z","age":68},"registered":{"date":"2021-12-15T14:14:15.728Z","age":2},"phone":"(674) 504 4609","cell":"(636) 438 4354","id":{"name":"NSS","value":"89 55 51 2732 1"},"picture":{"large":"https://randomuser.me/api/portraits/women/5.jpg","medium":"https://randomuser.me/api/portraits/med/women/5.jpg","thumbnail":"https://randomuser.me/api/portraits/thumb/women/5.jpg"},"nat":"MX"}],"info":{"seed":"1a7ecd2ed3f499da","results":1,"page":1,"version":"1.4"}} 
 </msg>
<msg time="2024-03-21T12:24:04.929712" level="INFO">/opt/hostedtoolcache/Python/3.12.2/x64/lib/python3.12/site-packages/urllib3/connectionpool.py:1103: InsecureRequestWarning: Unverified HTTPS request is being made to host 'randomuser.me'. Adding certificate verification is strongly advised. See: https://urllib3.readthedocs.io/en/latest/advanced-usage.html#tls-warnings
  warnings.warn(</msg>
<msg time="2024-03-21T12:24:04.929852" level="INFO">${response} = &lt;Response [200]&gt;</msg>
<var>${response}</var>
<arg>consultarAPI</arg>
<arg>/api</arg>
<doc>Sends a GET request on a previously created HTTP Session.</doc>
<status status="PASS" start="2024-03-21T12:24:04.828747" elapsed="0.101145"/>
</kw>
<kw name="Set Variable" owner="BuiltIn">
<msg time="2024-03-21T12:24:04.931140" level="INFO">${json_data} = {'results': [{'gender': 'female', 'name': {'title': 'Ms', 'first': 'Esther', 'last': 'Arias'}, 'location': {'street': {'number': 7526, 'name': 'Continuación Norte Becerra'}, 'city': 'Sihochac', 'state...</msg>
<var>${json_data}</var>
<arg>${response.json()}</arg>
<doc>Returns the given values which can then be assigned to a variables.</doc>
<status status="PASS" start="2024-03-21T12:24:04.930540" elapsed="0.000630"/>
</kw>
<kw name="Set Variable" owner="BuiltIn">
<msg time="2024-03-21T12:24:04.931881" level="INFO">${name_title} = Ms</msg>
<var>${name_title}</var>
<arg>${json_data["results"][0]["name"]["title"]}</arg>
<doc>Returns the given values which can then be assigned to a variables.</doc>
<status status="PASS" start="2024-03-21T12:24:04.931485" elapsed="0.000422"/>
</kw>
<kw name="Create List" owner="BuiltIn">
<msg time="2024-03-21T12:24:04.932353" level="INFO">${allowed_titles} = ['Mr', 'Ms', 'Miss', 'Mrs', 'Madame', 'Monsieur']</msg>
<var>${allowed_titles}</var>
<arg>Mr</arg>
<arg>Ms</arg>
<arg>Miss</arg>
<arg>Mrs</arg>
<arg>Madame</arg>
<arg>Monsieur</arg>
<doc>Returns a list containing given items.</doc>
<status status="PASS" start="2024-03-21T12:24:04.932202" elapsed="0.000175"/>
</kw>
<kw name="List Should Contain Value" owner="Collections">
<msg time="2024-03-21T12:24:04.932900" level="INFO">False</msg>
<arg>${allowed_titles}</arg>
<arg>${name_title}</arg>
<doc>Fails if the ``value`` is not found from ``list``.</doc>
<status status="PASS" start="2024-03-21T12:24:04.932671" elapsed="0.000268"/>
</kw>
<kw name="Set Variable" owner="BuiltIn">
<msg time="2024-03-21T12:24:04.933607" level="INFO">${name_country} = MX</msg>
<var>${name_country}</var>
<arg>${json_data["results"][0]["nat"]}</arg>
<doc>Returns the given values which can then be assigned to a variables.</doc>
<status status="PASS" start="2024-03-21T12:24:04.933233" elapsed="0.000399"/>
</kw>
<kw name="Create List" owner="BuiltIn">
<msg time="2024-03-21T12:24:04.934531" level="INFO">${list_country} = ['AD', 'AE', 'AF', 'AG', 'AI', 'AL', 'AM', 'AO', 'AQ', 'AR', 'AS', 'AT', 'AU', 'AW', 'AX', 'AZ', 'BA', 'BB', 'BD', 'BE', 'BF', 'BG', 'BH', 'BI', 'BJ', 'BL', 'BM', 'BN', 'BO', 'BQ', 'BR', 'BS', 'BT', '...</msg>
<var>${list_country}</var>
<arg>AD</arg>
<arg>AE</arg>
<arg>AF</arg>
<arg>AG</arg>
<arg>AI</arg>
<arg>AL</arg>
<arg>AM</arg>
<arg>AO</arg>
<arg>AQ</arg>
<arg>AR</arg>
<arg>AS</arg>
<arg>AT</arg>
<arg>AU</arg>
<arg>AW</arg>
<arg>AX</arg>
<arg>AZ</arg>
<arg>BA</arg>
<arg>BB</arg>
<arg>BD</arg>
<arg>BE</arg>
<arg>BF</arg>
<arg>BG</arg>
<arg>BH</arg>
<arg>BI</arg>
<arg>BJ</arg>
<arg>BL</arg>
<arg>BM</arg>
<arg>BN</arg>
<arg>BO</arg>
<arg>BQ</arg>
<arg>BR</arg>
<arg>BS</arg>
<arg>BT</arg>
<arg>BV</arg>
<arg>BW</arg>
<arg>BY</arg>
<arg>BZ</arg>
<arg>CA</arg>
<arg>CC</arg>
<arg>CD</arg>
<arg>CF</arg>
<arg>CG</arg>
<arg>CH</arg>
<arg>CI</arg>
<arg>CK</arg>
<arg>CL</arg>
<arg>CM</arg>
<arg>CN</arg>
<arg>CO</arg>
<arg>CR</arg>
<arg>CU</arg>
<arg>CV</arg>
<arg>CW</arg>
<arg>CX</arg>
<arg>CY</arg>
<arg>CZ</arg>
<arg>DE</arg>
<arg>DJ</arg>
<arg>DK</arg>
<arg>DM</arg>
<arg>DO</arg>
<arg>DZ</arg>
<arg>EC</arg>
<arg>EE</arg>
<arg>EG</arg>
<arg>EH</arg>
<arg>ER</arg>
<arg>ES</arg>
<arg>ET</arg>
<arg>FI</arg>
<arg>FJ</arg>
<arg>FK</arg>
<arg>FM</arg>
<arg>FO</arg>
<arg>FR</arg>
<arg>GA</arg>
<arg>GB</arg>
<arg>GD</arg>
<arg>GE</arg>
<arg>GF</arg>
<arg>GG</arg>
<arg>GH</arg>
<arg>GI</arg>
<arg>GL</arg>
<arg>GM</arg>
<arg>GN</arg>
<arg>GP</arg>
<arg>GQ</arg>
<arg>GR</arg>
<arg>GS</arg>
<arg>GT</arg>
<arg>GU</arg>
<arg>GW</arg>
<arg>GY</arg>
<arg>HK</arg>
<arg>HM</arg>
<arg>HN</arg>
<arg>HR</arg>
<arg>HT</arg>
<arg>HU</arg>
<arg>ID</arg>
<arg>IE</arg>
<arg>IL</arg>
<arg>IM</arg>
<arg>IN</arg>
<arg>IO</arg>
<arg>IQ</arg>
<arg>IR</arg>
<arg>IS</arg>
<arg>IT</arg>
<arg>JE</arg>
<arg>JM</arg>
<arg>JO</arg>
<arg>JP</arg>
<arg>KE</arg>
<arg>KG</arg>
<arg>KH</arg>
<arg>KI</arg>
<arg>KM</arg>
<arg>KN</arg>
<arg>KP</arg>
<arg>KR</arg>
<arg>KW</arg>
<arg>KY</arg>
<arg>KZ</arg>
<arg>LA</arg>
<arg>LB</arg>
<arg>LC</arg>
<arg>LI</arg>
<arg>LK</arg>
<arg>LR</arg>
<arg>LS</arg>
<arg>LT</arg>
<arg>LU</arg>
<arg>LV</arg>
<arg>LY</arg>
<arg>MA</arg>
<arg>MC</arg>
<arg>MD</arg>
<arg>ME</arg>
<arg>MF</arg>
<arg>MG</arg>
<arg>MH</arg>
<arg>MK</arg>
<arg>ML</arg>
<arg>MM</arg>
<arg>MN</arg>
<arg>MO</arg>
<arg>MP</arg>
<arg>MQ</arg>
<arg>MR</arg>
<arg>MS</arg>
<arg>MT</arg>
<arg>MU</arg>
<arg>MV</arg>
<arg>MW</arg>
<arg>MX</arg>
<arg>MY</arg>
<arg>MZ</arg>
<arg>NA</arg>
<arg>NC</arg>
<arg>NE</arg>
<arg>NF</arg>
<arg>NG</arg>
<arg>NI</arg>
<arg>NL</arg>
<arg>NO</arg>
<arg>NP</arg>
<arg>NR</arg>
<arg>NU</arg>
<arg>NZ</arg>
<arg>OM</arg>
<arg>PA</arg>
<arg>PE</arg>
<arg>PF</arg>
<arg>PG</arg>
<arg>PH</arg>
<arg>PK</arg>
<arg>PL</arg>
<arg>PM</arg>
<arg>PN</arg>
<arg>PR</arg>
<arg>PS</arg>
<arg>PT</arg>
<arg>PW</arg>
<arg>PY</arg>
<arg>QA</arg>
<arg>RE</arg>
<arg>RO</arg>
<arg>RS</arg>
<arg>RU</arg>
<arg>RW</arg>
<arg>SA</arg>
<arg>SB</arg>
<arg>SC</arg>
<arg>SD</arg>
<arg>SE</arg>
<arg>SG</arg>
<arg>SH</arg>
<arg>SI</arg>
<arg>SJ</arg>
<arg>SK</arg>
<arg>SL</arg>
<arg>SM</arg>
<arg>SN</arg>
<arg>SO</arg>
<arg>SR</arg>
<arg>SS</arg>
<arg>ST</arg>
<arg>SV</arg>
<arg>SX</arg>
<arg>SY</arg>
<arg>SZ</arg>
<arg>TC</arg>
<arg>TD</arg>
<arg>TF</arg>
<arg>TG</arg>
<arg>TH</arg>
<arg>TJ</arg>
<arg>TK</arg>
<arg>TL</arg>
<arg>TM</arg>
<arg>TN</arg>
<arg>TO</arg>
<arg>TR</arg>
<arg>TT</arg>
<arg>TV</arg>
<arg>TW</arg>
<arg>TZ</arg>
<arg>UA</arg>
<arg>UG</arg>
<arg>UM</arg>
<arg>US</arg>
<arg>UY</arg>
<arg>UZ</arg>
<arg>VA</arg>
<arg>VC</arg>
<arg>VE</arg>
<arg>VG</arg>
<arg>VI</arg>
<arg>VN</arg>
<arg>VU</arg>
<arg>WF</arg>
<arg>WS</arg>
<arg>XK</arg>
<arg>YE</arg>
<arg>YT</arg>
<arg>ZA</arg>
<arg>ZM</arg>
<arg>ZW</arg>
<doc>Returns a list containing given items.</doc>
<status status="PASS" start="2024-03-21T12:24:04.933927" elapsed="0.000629"/>
</kw>
<kw name="List Should Contain Value" owner="Collections">
<msg time="2024-03-21T12:24:04.935751" level="INFO">False</msg>
<arg>${list_country}</arg>
<arg>${name_country}</arg>
<doc>Fails if the ``value`` is not found from ``list``.</doc>
<status status="PASS" start="2024-03-21T12:24:04.935542" elapsed="0.000246"/>
</kw>
<kw name="Run Keyword If" owner="BuiltIn">
<kw name="Should Be True" owner="BuiltIn">
<arg>${True}</arg>
<doc>Fails if the given condition is not true.</doc>
<status status="PASS" start="2024-03-21T12:24:04.936885" elapsed="0.000150"/>
</kw>
<arg>${json_data["results"][0]["location"]["coordinates"]["latitude"]} &gt;= -90 and ${json_data["results"][0]["location"]["coordinates"]["latitude"]} &lt;= 90</arg>
<arg>Should Be True</arg>
<arg>${True}</arg>
<doc>Runs the given keyword with the given arguments, if ``condition`` is true.</doc>
<status status="PASS" start="2024-03-21T12:24:04.936096" elapsed="0.001080"/>
</kw>
<kw name="Run Keyword If" owner="BuiltIn">
<kw name="Should Be True" owner="BuiltIn">
<arg>${True}</arg>
<doc>Fails if the given condition is not true.</doc>
<status status="PASS" start="2024-03-21T12:24:04.938058" elapsed="0.000140"/>
</kw>
<arg>${json_data["results"][0]["location"]["coordinates"]["longitude"]} &gt;= -180 and ${json_data["results"][0]["location"]["coordinates"]["longitude"]} &lt;= 180</arg>
<arg>Should Be True</arg>
<arg>${True}</arg>
<doc>Runs the given keyword with the given arguments, if ``condition`` is true.</doc>
<status status="PASS" start="2024-03-21T12:24:04.937355" elapsed="0.000969"/>
</kw>
<status status="PASS" start="2024-03-21T12:24:04.828491" elapsed="0.109969"/>
</kw>
<doc>Testa o conteúdo específico dos campos retornados pela API.</doc>
<tag>testeConteudo</tag>
<status status="PASS" start="2024-03-21T12:24:04.828025" elapsed="0.110592"/>
</test>
<status status="PASS" start="2024-03-21T12:24:03.938742" elapsed="1.001864"/>
</suite>
<status status="PASS" start="2024-03-21T12:24:03.924544" elapsed="1.021472"/>
</suite>
<statistics>
<total>
<stat pass="5" fail="0" skip="0">All Tests</stat>
</total>
<tag>
<stat pass="1" fail="0" skip="0">testeConteudo</stat>
<stat pass="1" fail="0" skip="0">testeEstruturaResposta</stat>
<stat pass="1" fail="0" skip="0">testeRequisicaoBasica</stat>
<stat pass="1" fail="0" skip="0">testeTiposDados</stat>
</tag>
<suite>
<stat pass="5" fail="0" skip="0" id="s1" name="Tests">Tests</stat>
<stat pass="5" fail="0" skip="0" id="s1-s1" name="Random-User-Test">Tests.Random-User-Test</stat>
</suite>
</statistics>
<errors>
</errors>
</robot>
