<?xml version="1.0" encoding="UTF-8"?>
<robot generator="Robot 7.0 (Python 3.12.2 on linux)" generated="2024-04-09T16:16:03.194598" rpa="false" schemaversion="5">
<suite id="s1" name="Tests" source="/home/runner/work/DesafioQAItauRogerioJordao/DesafioQAItauRogerioJordao/RamdonUser/tests">
<suite id="s1-s1" name="Random-User-Test" source="/home/runner/work/DesafioQAItauRogerioJordao/DesafioQAItauRogerioJordao/RamdonUser/tests/random-user-test.robot">
<test id="s1-s1-t1" name="Conectar" line="13">
<kw name="Conectar API" owner="random-user-service">
<kw name="Create Session" owner="RequestsLibrary">
<msg time="2024-04-09T16:16:03.594761" level="INFO">Creating Session using : alias=consultarAPI, url=https://randomuser.me/, headers={},                     cookies={}, auth=None, timeout=None, proxies=None, verify=False,                     debug=0 </msg>
<arg>consultarAPI</arg>
<arg>${URL}</arg>
<doc>Create Session: create a HTTP session to a server</doc>
<status status="PASS" start="2024-04-09T16:16:03.594510" elapsed="0.000475"/>
</kw>
<status status="PASS" start="2024-04-09T16:16:03.593332" elapsed="0.002038"/>
</kw>
<status status="PASS" start="2024-04-09T16:16:03.592718" elapsed="0.002860"/>
</test>
<test id="s1-s1-t2" name="Validar retorno 200 e JSON Válido" line="16">
<kw name="Teste de Requisicao Basica" owner="random-user-service">
<kw name="GET On Session" owner="RequestsLibrary">
<msg time="2024-04-09T16:16:03.771513" level="INFO">GET Request : url=https://randomuser.me/api 
 path_url=/api 
 headers={'User-Agent': 'python-requests/2.31.0', 'Accept-Encoding': 'gzip, deflate', 'Accept': '*/*', 'Connection': 'keep-alive'} 
 body=None 
 </msg>
<msg time="2024-04-09T16:16:03.771690" level="INFO">GET Response : url=https://randomuser.me/api 
 status=200, reason=OK 
 headers={'Date': 'Tue, 09 Apr 2024 16:16:03 GMT', 'Content-Type': 'application/json; charset=utf-8', 'Transfer-Encoding': 'chunked', 'Connection': 'keep-alive', 'X-Powered-By': 'Express', 'Access-Control-Allow-Origin': '*', 'Cache-Control': 'no-cache', 'ETag': 'W/"49d-BjiyCq2VdPIP4eiFIzQF/jvmxdc"', 'Vary': 'Accept-Encoding', 'Content-Encoding': 'gzip', 'CF-Cache-Status': 'DYNAMIC', 'Report-To': '{"endpoints":[{"url":"https:\\/\\/a.nel.cloudflare.com\\/report\\/v4?s=tU4JuWAhtQQQdxkGdfi8ly5JAin%2F28nAbv8Nj6LGUZX2DJGy4CyjklIbjLuj4Sv2BMubbclSsES8EQqS%2FylZyV2g79VvxSR%2FmHg2WjpDukYT%2FUYqyhqGbQ2omLPAodyf"}],"group":"cf-nel","max_age":604800}', 'NEL': '{"success_fraction":0,"report_to":"cf-nel","max_age":604800}', 'Server': 'cloudflare', 'CF-RAY': '871bcca75ef469ff-IAD', 'alt-svc': 'h3=":443"; ma=86400'} 
 body={"results":[{"gender":"female","name":{"title":"Miss","first":"Slavica","last":"Radanović"},"location":{"street":{"number":3417,"name":"Vrbeštička"},"city":"Krupanj","state":"South Banat","country":"Serbia","postcode":24075,"coordinates":{"latitude":"59.1987","longitude":"113.3711"},"timezone":{"offset":"+5:30","description":"Bombay, Calcutta, Madras, New Delhi"}},"email":"slavica.radanovic@example.com","login":{"uuid":"c91b5f5c-2147-49ba-bfe2-ce85b1489cbb","username":"bluerabbit923","password":"trixie","salt":"fpEMSOU9","md5":"523f4a8bce2f91871c9dfd487db9a61a","sha1":"120f5a857c747319e271307b45bf1927183e3915","sha256":"d34b860fc765cfe8e91da85d96ced6c708f7595e2afc21210268d900f25b0566"},"dob":{"date":"1973-04-26T10:56:56.693Z","age":50},"registered":{"date":"2008-10-02T15:39:25.271Z","age":15},"phone":"012-5677-651","cell":"067-4150-622","id":{"name":"SID","value":"747080031"},"picture":{"large":"https://randomuser.me/api/portraits/women/71.jpg","medium":"https://randomuser.me/api/portraits/med/women/71.jpg","thumbnail":"https://randomuser.me/api/portraits/thumb/women/71.jpg"},"nat":"RS"}],"info":{"seed":"cb28a4cb7d4d2523","results":1,"page":1,"version":"1.4"}} 
 </msg>
<msg time="2024-04-09T16:16:03.771803" level="INFO">/opt/hostedtoolcache/Python/3.12.2/x64/lib/python3.12/site-packages/urllib3/connectionpool.py:1103: InsecureRequestWarning: Unverified HTTPS request is being made to host 'randomuser.me'. Adding certificate verification is strongly advised. See: https://urllib3.readthedocs.io/en/latest/advanced-usage.html#tls-warnings
  warnings.warn(</msg>
<msg time="2024-04-09T16:16:03.771981" level="INFO">${response} = &lt;Response [200]&gt;</msg>
<var>${response}</var>
<arg>consultarAPI</arg>
<arg>/api</arg>
<doc>Sends a GET request on a previously created HTTP Session.</doc>
<status status="PASS" start="2024-04-09T16:16:03.598189" elapsed="0.173837"/>
</kw>
<kw name="Should Be Equal As Numbers" owner="BuiltIn">
<msg time="2024-04-09T16:16:03.773132" level="INFO">Argument types are:
&lt;class 'int'&gt;
&lt;class 'str'&gt;</msg>
<arg>${response.status_code}</arg>
<arg>200</arg>
<doc>Fails if objects are unequal after converting them to real numbers.</doc>
<status status="PASS" start="2024-04-09T16:16:03.772574" elapsed="0.000629"/>
</kw>
<kw name="Log" owner="BuiltIn">
<msg time="2024-04-09T16:16:03.773898" level="INFO">200</msg>
<arg>${response.status_code}</arg>
<doc>Logs the given message with the given level.</doc>
<status status="PASS" start="2024-04-09T16:16:03.773537" elapsed="0.000405"/>
</kw>
<kw name="Set Variable" owner="BuiltIn">
<msg time="2024-04-09T16:16:03.774754" level="INFO">${json_data} = {'results': [{'gender': 'female', 'name': {'title': 'Miss', 'first': 'Slavica', 'last': 'Radanović'}, 'location': {'street': {'number': 3417, 'name': 'Vrbeštička'}, 'city': 'Krupanj', 'state': 'South ...</msg>
<var>${json_data}</var>
<arg>${response.json()}</arg>
<doc>Returns the given values which can then be assigned to a variables.</doc>
<status status="PASS" start="2024-04-09T16:16:03.774292" elapsed="0.000493"/>
</kw>
<kw name="Dictionary Should Contain Key" owner="Collections">
<msg time="2024-04-09T16:16:03.775274" level="INFO">False</msg>
<arg>${json_data}</arg>
<arg>results</arg>
<doc>Fails if ``key`` is not found from ``dictionary``.</doc>
<status status="PASS" start="2024-04-09T16:16:03.775095" elapsed="0.000220"/>
</kw>
<status status="PASS" start="2024-04-09T16:16:03.597938" elapsed="0.177646"/>
</kw>
<doc>Testa se a API responde corretamente e retorna um objeto JSON válido.</doc>
<tag>testeRequisicaoBasica</tag>
<status status="PASS" start="2024-04-09T16:16:03.597486" elapsed="0.178294"/>
</test>
<test id="s1-s1-t3" name="Validar estrutura de resposta" line="22">
<kw name="Teste de Estrutura de Resposta" owner="random-user-service">
<kw name="GET On Session" owner="RequestsLibrary">
<msg time="2024-04-09T16:16:03.875885" level="INFO">GET Request : url=https://randomuser.me/api 
 path_url=/api 
 headers={'User-Agent': 'python-requests/2.31.0', 'Accept-Encoding': 'gzip, deflate', 'Accept': '*/*', 'Connection': 'keep-alive'} 
 body=None 
 </msg>
<msg time="2024-04-09T16:16:03.875967" level="INFO">GET Response : url=https://randomuser.me/api 
 status=200, reason=OK 
 headers={'Date': 'Tue, 09 Apr 2024 16:16:03 GMT', 'Content-Type': 'application/json; charset=utf-8', 'Transfer-Encoding': 'chunked', 'Connection': 'keep-alive', 'X-Powered-By': 'Express', 'Access-Control-Allow-Origin': '*', 'Cache-Control': 'no-cache', 'ETag': 'W/"493-zRi+pHRqCJKDkiHL3qKdjOZ++Dw"', 'Vary': 'Accept-Encoding', 'Content-Encoding': 'gzip', 'CF-Cache-Status': 'DYNAMIC', 'Report-To': '{"endpoints":[{"url":"https:\\/\\/a.nel.cloudflare.com\\/report\\/v4?s=HauVA9%2Brl4JtKZYJY0cL2Q0WIwaCu9dxuJ87%2BgUMy0mIA55ZD9Mfg7y%2FO29Z4%2B%2FWSmobEOYKY9i2yP%2BQJjludqt5r%2BJm%2FKSNbC%2FI7t26JDfz2l8VH%2FiNZzylx0LVrVRI"}],"group":"cf-nel","max_age":604800}', 'NEL': '{"success_fraction":0,"report_to":"cf-nel","max_age":604800}', 'Server': 'cloudflare', 'CF-RAY': '871bcca7af4169ff-IAD', 'alt-svc': 'h3=":443"; ma=86400'} 
 body={"results":[{"gender":"female","name":{"title":"Ms","first":"Ana","last":"Le Gall"},"location":{"street":{"number":8797,"name":"Avenue Joliot Curie"},"city":"Colombes","state":"Vosges","country":"France","postcode":75493,"coordinates":{"latitude":"-13.5657","longitude":"76.2794"},"timezone":{"offset":"-1:00","description":"Azores, Cape Verde Islands"}},"email":"ana.legall@example.com","login":{"uuid":"17e6e14f-b7df-4e31-aee5-fc637e821a6b","username":"goldenzebra796","password":"tina","salt":"CZ85lez5","md5":"931475deb856f1ab39174813c9391fa8","sha1":"b31ff2c3d417f49b27ffae286f1568de89a501a6","sha256":"cecde9d00421e26c02a77866247a2ce7325c8323a47f5aa5ad325a846ee6d2f3"},"dob":{"date":"1968-12-11T04:41:54.749Z","age":55},"registered":{"date":"2006-02-11T13:01:36.448Z","age":18},"phone":"05-51-16-37-30","cell":"06-42-87-03-26","id":{"name":"INSEE","value":"2681187702753 33"},"picture":{"large":"https://randomuser.me/api/portraits/women/45.jpg","medium":"https://randomuser.me/api/portraits/med/women/45.jpg","thumbnail":"https://randomuser.me/api/portraits/thumb/women/45.jpg"},"nat":"FR"}],"info":{"seed":"ca8c00a573501f82","results":1,"page":1,"version":"1.4"}} 
 </msg>
<msg time="2024-04-09T16:16:03.876101" level="INFO">/opt/hostedtoolcache/Python/3.12.2/x64/lib/python3.12/site-packages/urllib3/connectionpool.py:1103: InsecureRequestWarning: Unverified HTTPS request is being made to host 'randomuser.me'. Adding certificate verification is strongly advised. See: https://urllib3.readthedocs.io/en/latest/advanced-usage.html#tls-warnings
  warnings.warn(</msg>
<msg time="2024-04-09T16:16:03.876206" level="INFO">${response} = &lt;Response [200]&gt;</msg>
<var>${response}</var>
<arg>consultarAPI</arg>
<arg>/api</arg>
<doc>Sends a GET request on a previously created HTTP Session.</doc>
<status status="PASS" start="2024-04-09T16:16:03.778664" elapsed="0.097575"/>
</kw>
<kw name="Set Variable" owner="BuiltIn">
<msg time="2024-04-09T16:16:03.877124" level="INFO">${json_data} = {'results': [{'gender': 'female', 'name': {'title': 'Ms', 'first': 'Ana', 'last': 'Le Gall'}, 'location': {'street': {'number': 8797, 'name': 'Avenue Joliot Curie'}, 'city': 'Colombes', 'state': 'Vosg...</msg>
<var>${json_data}</var>
<arg>${response.json()}</arg>
<doc>Returns the given values which can then be assigned to a variables.</doc>
<status status="PASS" start="2024-04-09T16:16:03.876624" elapsed="0.000530"/>
</kw>
<kw name="Log" owner="BuiltIn">
<msg time="2024-04-09T16:16:03.877625" level="INFO">{'results': [{'gender': 'female', 'name': {'title': 'Ms', 'first': 'Ana', 'last': 'Le Gall'}, 'location': {'street': {'number': 8797, 'name': 'Avenue Joliot Curie'}, 'city': 'Colombes', 'state': 'Vosges', 'country': 'France', 'postcode': 75493, 'coordinates': {'latitude': '-13.5657', 'longitude': '76.2794'}, 'timezone': {'offset': '-1:00', 'description': 'Azores, Cape Verde Islands'}}, 'email': 'ana.legall@example.com', 'login': {'uuid': '17e6e14f-b7df-4e31-aee5-fc637e821a6b', 'username': 'goldenzebra796', 'password': 'tina', 'salt': 'CZ85lez5', 'md5': '931475deb856f1ab39174813c9391fa8', 'sha1': 'b31ff2c3d417f49b27ffae286f1568de89a501a6', 'sha256': 'cecde9d00421e26c02a77866247a2ce7325c8323a47f5aa5ad325a846ee6d2f3'}, 'dob': {'date': '1968-12-11T04:41:54.749Z', 'age': 55}, 'registered': {'date': '2006-02-11T13:01:36.448Z', 'age': 18}, 'phone': '05-51-16-37-30', 'cell': '06-42-87-03-26', 'id': {'name': 'INSEE', 'value': '2681187702753 33'}, 'picture': {'large': 'https://randomuser.me/api/portraits/women/45.jpg', 'medium': 'https://randomuser.me/api/portraits/med/women/45.jpg', 'thumbnail': 'https://randomuser.me/api/portraits/thumb/women/45.jpg'}, 'nat': 'FR'}], 'info': {'seed': 'ca8c00a573501f82', 'results': 1, 'page': 1, 'version': '1.4'}}</msg>
<arg>${json_data}</arg>
<doc>Logs the given message with the given level.</doc>
<status status="PASS" start="2024-04-09T16:16:03.877466" elapsed="0.000206"/>
</kw>
<kw name="Dictionary Should Contain Key" owner="Collections">
<msg time="2024-04-09T16:16:03.878125" level="INFO">False</msg>
<arg>${json_data}</arg>
<arg>results</arg>
<doc>Fails if ``key`` is not found from ``dictionary``.</doc>
<status status="PASS" start="2024-04-09T16:16:03.877971" elapsed="0.000192"/>
</kw>
<kw name="Should Not Be Empty" owner="BuiltIn">
<msg time="2024-04-09T16:16:03.878594" level="INFO">Length is 2.</msg>
<arg>${json_data}</arg>
<doc>Verifies that the given item is not empty.</doc>
<status status="PASS" start="2024-04-09T16:16:03.878460" elapsed="0.000173"/>
</kw>
<kw name="Create List" owner="BuiltIn">
<msg time="2024-04-09T16:16:03.879073" level="INFO">${expected_keys} = ['gender', 'name', 'location', 'email', 'login']</msg>
<var>${expected_keys}</var>
<arg>gender</arg>
<arg>name</arg>
<arg>location</arg>
<arg>email</arg>
<arg>login</arg>
<doc>Returns a list containing given items.</doc>
<status status="PASS" start="2024-04-09T16:16:03.878924" elapsed="0.000174"/>
</kw>
<for flavor="IN">
<iter>
<kw name="Dictionary Should Contain Key" owner="Collections">
<msg time="2024-04-09T16:16:03.880079" level="INFO">False</msg>
<arg>${json_data['results'][0]}</arg>
<arg>${key}</arg>
<doc>Fails if ``key`` is not found from ``dictionary``.</doc>
<status status="PASS" start="2024-04-09T16:16:03.879683" elapsed="0.000436"/>
</kw>
<kw name="Log" owner="BuiltIn">
<msg time="2024-04-09T16:16:03.880813" level="INFO">{'gender': 'female', 'name': {'title': 'Ms', 'first': 'Ana', 'last': 'Le Gall'}, 'location': {'street': {'number': 8797, 'name': 'Avenue Joliot Curie'}, 'city': 'Colombes', 'state': 'Vosges', 'country': 'France', 'postcode': 75493, 'coordinates': {'latitude': '-13.5657', 'longitude': '76.2794'}, 'timezone': {'offset': '-1:00', 'description': 'Azores, Cape Verde Islands'}}, 'email': 'ana.legall@example.com', 'login': {'uuid': '17e6e14f-b7df-4e31-aee5-fc637e821a6b', 'username': 'goldenzebra796', 'password': 'tina', 'salt': 'CZ85lez5', 'md5': '931475deb856f1ab39174813c9391fa8', 'sha1': 'b31ff2c3d417f49b27ffae286f1568de89a501a6', 'sha256': 'cecde9d00421e26c02a77866247a2ce7325c8323a47f5aa5ad325a846ee6d2f3'}, 'dob': {'date': '1968-12-11T04:41:54.749Z', 'age': 55}, 'registered': {'date': '2006-02-11T13:01:36.448Z', 'age': 18}, 'phone': '05-51-16-37-30', 'cell': '06-42-87-03-26', 'id': {'name': 'INSEE', 'value': '2681187702753 33'}, 'picture': {'large': 'https://randomuser.me/api/portraits/women/45.jpg', 'medium': 'https://randomuser.me/api/portraits/med/women/45.jpg', 'thumbnail': 'https://randomuser.me/api/portraits/thumb/women/45.jpg'}, 'nat': 'FR'}</msg>
<arg>${json_data['results'][0]}</arg>
<doc>Logs the given message with the given level.</doc>
<status status="PASS" start="2024-04-09T16:16:03.880428" elapsed="0.000447"/>
</kw>
<kw name="Log" owner="BuiltIn">
<msg time="2024-04-09T16:16:03.881316" level="INFO">gender</msg>
<arg>${key}</arg>
<doc>Logs the given message with the given level.</doc>
<status status="PASS" start="2024-04-09T16:16:03.881186" elapsed="0.000170"/>
</kw>
<var name="${key}">gender</var>
<status status="PASS" start="2024-04-09T16:16:03.879547" elapsed="0.002043"/>
</iter>
<iter>
<kw name="Dictionary Should Contain Key" owner="Collections">
<msg time="2024-04-09T16:16:03.882284" level="INFO">False</msg>
<arg>${json_data['results'][0]}</arg>
<arg>${key}</arg>
<doc>Fails if ``key`` is not found from ``dictionary``.</doc>
<status status="PASS" start="2024-04-09T16:16:03.881895" elapsed="0.000427"/>
</kw>
<kw name="Log" owner="BuiltIn">
<msg time="2024-04-09T16:16:03.883023" level="INFO">{'gender': 'female', 'name': {'title': 'Ms', 'first': 'Ana', 'last': 'Le Gall'}, 'location': {'street': {'number': 8797, 'name': 'Avenue Joliot Curie'}, 'city': 'Colombes', 'state': 'Vosges', 'country': 'France', 'postcode': 75493, 'coordinates': {'latitude': '-13.5657', 'longitude': '76.2794'}, 'timezone': {'offset': '-1:00', 'description': 'Azores, Cape Verde Islands'}}, 'email': 'ana.legall@example.com', 'login': {'uuid': '17e6e14f-b7df-4e31-aee5-fc637e821a6b', 'username': 'goldenzebra796', 'password': 'tina', 'salt': 'CZ85lez5', 'md5': '931475deb856f1ab39174813c9391fa8', 'sha1': 'b31ff2c3d417f49b27ffae286f1568de89a501a6', 'sha256': 'cecde9d00421e26c02a77866247a2ce7325c8323a47f5aa5ad325a846ee6d2f3'}, 'dob': {'date': '1968-12-11T04:41:54.749Z', 'age': 55}, 'registered': {'date': '2006-02-11T13:01:36.448Z', 'age': 18}, 'phone': '05-51-16-37-30', 'cell': '06-42-87-03-26', 'id': {'name': 'INSEE', 'value': '2681187702753 33'}, 'picture': {'large': 'https://randomuser.me/api/portraits/women/45.jpg', 'medium': 'https://randomuser.me/api/portraits/med/women/45.jpg', 'thumbnail': 'https://randomuser.me/api/portraits/thumb/women/45.jpg'}, 'nat': 'FR'}</msg>
<arg>${json_data['results'][0]}</arg>
<doc>Logs the given message with the given level.</doc>
<status status="PASS" start="2024-04-09T16:16:03.882651" elapsed="0.000420"/>
</kw>
<kw name="Log" owner="BuiltIn">
<msg time="2024-04-09T16:16:03.883508" level="INFO">name</msg>
<arg>${key}</arg>
<doc>Logs the given message with the given level.</doc>
<status status="PASS" start="2024-04-09T16:16:03.883377" elapsed="0.000169"/>
</kw>
<var name="${key}">name</var>
<status status="PASS" start="2024-04-09T16:16:03.881779" elapsed="0.001989"/>
</iter>
<iter>
<kw name="Dictionary Should Contain Key" owner="Collections">
<msg time="2024-04-09T16:16:03.884440" level="INFO">False</msg>
<arg>${json_data['results'][0]}</arg>
<arg>${key}</arg>
<doc>Fails if ``key`` is not found from ``dictionary``.</doc>
<status status="PASS" start="2024-04-09T16:16:03.884064" elapsed="0.000414"/>
</kw>
<kw name="Log" owner="BuiltIn">
<msg time="2024-04-09T16:16:03.885196" level="INFO">{'gender': 'female', 'name': {'title': 'Ms', 'first': 'Ana', 'last': 'Le Gall'}, 'location': {'street': {'number': 8797, 'name': 'Avenue Joliot Curie'}, 'city': 'Colombes', 'state': 'Vosges', 'country': 'France', 'postcode': 75493, 'coordinates': {'latitude': '-13.5657', 'longitude': '76.2794'}, 'timezone': {'offset': '-1:00', 'description': 'Azores, Cape Verde Islands'}}, 'email': 'ana.legall@example.com', 'login': {'uuid': '17e6e14f-b7df-4e31-aee5-fc637e821a6b', 'username': 'goldenzebra796', 'password': 'tina', 'salt': 'CZ85lez5', 'md5': '931475deb856f1ab39174813c9391fa8', 'sha1': 'b31ff2c3d417f49b27ffae286f1568de89a501a6', 'sha256': 'cecde9d00421e26c02a77866247a2ce7325c8323a47f5aa5ad325a846ee6d2f3'}, 'dob': {'date': '1968-12-11T04:41:54.749Z', 'age': 55}, 'registered': {'date': '2006-02-11T13:01:36.448Z', 'age': 18}, 'phone': '05-51-16-37-30', 'cell': '06-42-87-03-26', 'id': {'name': 'INSEE', 'value': '2681187702753 33'}, 'picture': {'large': 'https://randomuser.me/api/portraits/women/45.jpg', 'medium': 'https://randomuser.me/api/portraits/med/women/45.jpg', 'thumbnail': 'https://randomuser.me/api/portraits/thumb/women/45.jpg'}, 'nat': 'FR'}</msg>
<arg>${json_data['results'][0]}</arg>
<doc>Logs the given message with the given level.</doc>
<status status="PASS" start="2024-04-09T16:16:03.884816" elapsed="0.000433"/>
</kw>
<kw name="Log" owner="BuiltIn">
<msg time="2024-04-09T16:16:03.885678" level="INFO">location</msg>
<arg>${key}</arg>
<doc>Logs the given message with the given level.</doc>
<status status="PASS" start="2024-04-09T16:16:03.885550" elapsed="0.000167"/>
</kw>
<var name="${key}">location</var>
<status status="PASS" start="2024-04-09T16:16:03.883951" elapsed="0.001983"/>
</iter>
<iter>
<kw name="Dictionary Should Contain Key" owner="Collections">
<msg time="2024-04-09T16:16:03.886608" level="INFO">False</msg>
<arg>${json_data['results'][0]}</arg>
<arg>${key}</arg>
<doc>Fails if ``key`` is not found from ``dictionary``.</doc>
<status status="PASS" start="2024-04-09T16:16:03.886229" elapsed="0.000418"/>
</kw>
<kw name="Log" owner="BuiltIn">
<msg time="2024-04-09T16:16:03.887298" level="INFO">{'gender': 'female', 'name': {'title': 'Ms', 'first': 'Ana', 'last': 'Le Gall'}, 'location': {'street': {'number': 8797, 'name': 'Avenue Joliot Curie'}, 'city': 'Colombes', 'state': 'Vosges', 'country': 'France', 'postcode': 75493, 'coordinates': {'latitude': '-13.5657', 'longitude': '76.2794'}, 'timezone': {'offset': '-1:00', 'description': 'Azores, Cape Verde Islands'}}, 'email': 'ana.legall@example.com', 'login': {'uuid': '17e6e14f-b7df-4e31-aee5-fc637e821a6b', 'username': 'goldenzebra796', 'password': 'tina', 'salt': 'CZ85lez5', 'md5': '931475deb856f1ab39174813c9391fa8', 'sha1': 'b31ff2c3d417f49b27ffae286f1568de89a501a6', 'sha256': 'cecde9d00421e26c02a77866247a2ce7325c8323a47f5aa5ad325a846ee6d2f3'}, 'dob': {'date': '1968-12-11T04:41:54.749Z', 'age': 55}, 'registered': {'date': '2006-02-11T13:01:36.448Z', 'age': 18}, 'phone': '05-51-16-37-30', 'cell': '06-42-87-03-26', 'id': {'name': 'INSEE', 'value': '2681187702753 33'}, 'picture': {'large': 'https://randomuser.me/api/portraits/women/45.jpg', 'medium': 'https://randomuser.me/api/portraits/med/women/45.jpg', 'thumbnail': 'https://randomuser.me/api/portraits/thumb/women/45.jpg'}, 'nat': 'FR'}</msg>
<arg>${json_data['results'][0]}</arg>
<doc>Logs the given message with the given level.</doc>
<status status="PASS" start="2024-04-09T16:16:03.886946" elapsed="0.000399"/>
</kw>
<kw name="Log" owner="BuiltIn">
<msg time="2024-04-09T16:16:03.887773" level="INFO">email</msg>
<arg>${key}</arg>
<doc>Logs the given message with the given level.</doc>
<status status="PASS" start="2024-04-09T16:16:03.887644" elapsed="0.000167"/>
</kw>
<var name="${key}">email</var>
<status status="PASS" start="2024-04-09T16:16:03.886109" elapsed="0.001917"/>
</iter>
<iter>
<kw name="Dictionary Should Contain Key" owner="Collections">
<msg time="2024-04-09T16:16:03.888695" level="INFO">False</msg>
<arg>${json_data['results'][0]}</arg>
<arg>${key}</arg>
<doc>Fails if ``key`` is not found from ``dictionary``.</doc>
<status status="PASS" start="2024-04-09T16:16:03.888310" elapsed="0.000424"/>
</kw>
<kw name="Log" owner="BuiltIn">
<msg time="2024-04-09T16:16:03.889446" level="INFO">{'gender': 'female', 'name': {'title': 'Ms', 'first': 'Ana', 'last': 'Le Gall'}, 'location': {'street': {'number': 8797, 'name': 'Avenue Joliot Curie'}, 'city': 'Colombes', 'state': 'Vosges', 'country': 'France', 'postcode': 75493, 'coordinates': {'latitude': '-13.5657', 'longitude': '76.2794'}, 'timezone': {'offset': '-1:00', 'description': 'Azores, Cape Verde Islands'}}, 'email': 'ana.legall@example.com', 'login': {'uuid': '17e6e14f-b7df-4e31-aee5-fc637e821a6b', 'username': 'goldenzebra796', 'password': 'tina', 'salt': 'CZ85lez5', 'md5': '931475deb856f1ab39174813c9391fa8', 'sha1': 'b31ff2c3d417f49b27ffae286f1568de89a501a6', 'sha256': 'cecde9d00421e26c02a77866247a2ce7325c8323a47f5aa5ad325a846ee6d2f3'}, 'dob': {'date': '1968-12-11T04:41:54.749Z', 'age': 55}, 'registered': {'date': '2006-02-11T13:01:36.448Z', 'age': 18}, 'phone': '05-51-16-37-30', 'cell': '06-42-87-03-26', 'id': {'name': 'INSEE', 'value': '2681187702753 33'}, 'picture': {'large': 'https://randomuser.me/api/portraits/women/45.jpg', 'medium': 'https://randomuser.me/api/portraits/med/women/45.jpg', 'thumbnail': 'https://randomuser.me/api/portraits/thumb/women/45.jpg'}, 'nat': 'FR'}</msg>
<arg>${json_data['results'][0]}</arg>
<doc>Logs the given message with the given level.</doc>
<status status="PASS" start="2024-04-09T16:16:03.889082" elapsed="0.000411"/>
</kw>
<kw name="Log" owner="BuiltIn">
<msg time="2024-04-09T16:16:03.889931" level="INFO">login</msg>
<arg>${key}</arg>
<doc>Logs the given message with the given level.</doc>
<status status="PASS" start="2024-04-09T16:16:03.889802" elapsed="0.000172"/>
</kw>
<var name="${key}">login</var>
<status status="PASS" start="2024-04-09T16:16:03.888200" elapsed="0.002013"/>
</iter>
<var>${key}</var>
<value>@{expected_keys}</value>
<status status="PASS" start="2024-04-09T16:16:03.879359" elapsed="0.010982"/>
</for>
<kw name="Create List" owner="BuiltIn">
<msg time="2024-04-09T16:16:03.890675" level="INFO">${expected_keysTwo} = ['username', 'password']</msg>
<var>${expected_keysTwo}</var>
<arg>username</arg>
<arg>password</arg>
<doc>Returns a list containing given items.</doc>
<status status="PASS" start="2024-04-09T16:16:03.890536" elapsed="0.000162"/>
</kw>
<for flavor="IN">
<iter>
<kw name="Dictionary Should Contain Key" owner="Collections">
<msg time="2024-04-09T16:16:03.891703" level="INFO">False</msg>
<arg>${json_data['results'][0]['login']}</arg>
<arg>${keyTwo}</arg>
<doc>Fails if ``key`` is not found from ``dictionary``.</doc>
<status status="PASS" start="2024-04-09T16:16:03.891315" elapsed="0.000426"/>
</kw>
<kw name="Dictionary Should Contain Key" owner="Collections">
<msg time="2024-04-09T16:16:03.892422" level="INFO">False</msg>
<arg>${json_data['results'][0]['login']}</arg>
<arg>${keyTwo}</arg>
<doc>Fails if ``key`` is not found from ``dictionary``.</doc>
<status status="PASS" start="2024-04-09T16:16:03.892040" elapsed="0.000419"/>
</kw>
<kw name="Log" owner="BuiltIn">
<msg time="2024-04-09T16:16:03.892918" level="INFO">username</msg>
<arg>${keyTwo}</arg>
<doc>Logs the given message with the given level.</doc>
<status status="PASS" start="2024-04-09T16:16:03.892773" elapsed="0.000183"/>
</kw>
<var name="${keyTwo}">username</var>
<status status="PASS" start="2024-04-09T16:16:03.891200" elapsed="0.001974"/>
</iter>
<iter>
<kw name="Dictionary Should Contain Key" owner="Collections">
<msg time="2024-04-09T16:16:03.893835" level="INFO">False</msg>
<arg>${json_data['results'][0]['login']}</arg>
<arg>${keyTwo}</arg>
<doc>Fails if ``key`` is not found from ``dictionary``.</doc>
<status status="PASS" start="2024-04-09T16:16:03.893459" elapsed="0.000415"/>
</kw>
<kw name="Dictionary Should Contain Key" owner="Collections">
<msg time="2024-04-09T16:16:03.894545" level="INFO">False</msg>
<arg>${json_data['results'][0]['login']}</arg>
<arg>${keyTwo}</arg>
<doc>Fails if ``key`` is not found from ``dictionary``.</doc>
<status status="PASS" start="2024-04-09T16:16:03.894167" elapsed="0.000416"/>
</kw>
<kw name="Log" owner="BuiltIn">
<msg time="2024-04-09T16:16:03.895001" level="INFO">password</msg>
<arg>${keyTwo}</arg>
<doc>Logs the given message with the given level.</doc>
<status status="PASS" start="2024-04-09T16:16:03.894874" elapsed="0.000166"/>
</kw>
<var name="${keyTwo}">password</var>
<status status="PASS" start="2024-04-09T16:16:03.893348" elapsed="0.001910"/>
</iter>
<var>${keyTwo}</var>
<value>@{expected_keysTwo}</value>
<status status="PASS" start="2024-04-09T16:16:03.890943" elapsed="0.004436"/>
</for>
<status status="PASS" start="2024-04-09T16:16:03.778419" elapsed="0.117099"/>
</kw>
<doc>Testa a estrutura da resposta da API.</doc>
<tag>testeEstruturaResposta</tag>
<status status="PASS" start="2024-04-09T16:16:03.777704" elapsed="0.117970"/>
</test>
<test id="s1-s1-t4" name="Validar tipos de dados" line="28">
<kw name="Teste de Tipos de Dados" owner="random-user-service">
<kw name="GET On Session" owner="RequestsLibrary">
<msg time="2024-04-09T16:16:03.973914" level="INFO">GET Request : url=https://randomuser.me/api 
 path_url=/api 
 headers={'User-Agent': 'python-requests/2.31.0', 'Accept-Encoding': 'gzip, deflate', 'Accept': '*/*', 'Connection': 'keep-alive'} 
 body=None 
 </msg>
<msg time="2024-04-09T16:16:03.973993" level="INFO">GET Response : url=https://randomuser.me/api 
 status=200, reason=OK 
 headers={'Date': 'Tue, 09 Apr 2024 16:16:03 GMT', 'Content-Type': 'application/json; charset=utf-8', 'Transfer-Encoding': 'chunked', 'Connection': 'keep-alive', 'X-Powered-By': 'Express', 'Access-Control-Allow-Origin': '*', 'Cache-Control': 'no-cache', 'ETag': 'W/"4ab-ePf8RWFjXW8IV0diFWhTzON+e2g"', 'Vary': 'Accept-Encoding', 'Content-Encoding': 'gzip', 'CF-Cache-Status': 'DYNAMIC', 'Report-To': '{"endpoints":[{"url":"https:\\/\\/a.nel.cloudflare.com\\/report\\/v4?s=xTk5KBuxvV05HyJwAkeapOXqZ3lSJr6U%2BXvUE0qxQlGZSlra5rrTwOmf%2FcLhWuQ9YvuxMB81%2BC7zdnth4JIAPY%2BBG%2BQZekeaAQBQnLrKI5RzRBApZjai6VqXhv62lIh5"}],"group":"cf-nel","max_age":604800}', 'NEL': '{"success_fraction":0,"report_to":"cf-nel","max_age":604800}', 'Server': 'cloudflare', 'CF-RAY': '871bcca85fe869ff-IAD', 'alt-svc': 'h3=":443"; ma=86400'} 
 body={"results":[{"gender":"male","name":{"title":"Mr","first":"Jadranko","last":"Zelenović"},"location":{"street":{"number":8290,"name":"Đorđa Mihailovića"},"city":"Jagodina","state":"Pirot","country":"Serbia","postcode":40612,"coordinates":{"latitude":"61.3283","longitude":"-142.1161"},"timezone":{"offset":"0:00","description":"Western Europe Time, London, Lisbon, Casablanca"}},"email":"jadranko.zelenovic@example.com","login":{"uuid":"5f7d3485-3411-40ac-a4c1-85533841f102","username":"silverbutterfly573","password":"doomsday","salt":"nqhecNWO","md5":"00a7ad4f7c46a0b699e6c31479014aa6","sha1":"030031f60a0eebf7e375bde2c4def1879a0ce92e","sha256":"cdc46a080dc435034e524db179e5214cc03951315f367c7c15b125d077f59688"},"dob":{"date":"1963-02-01T05:37:23.806Z","age":61},"registered":{"date":"2008-12-24T13:27:05.371Z","age":15},"phone":"015-3090-011","cell":"068-5496-627","id":{"name":"SID","value":"881249709"},"picture":{"large":"https://randomuser.me/api/portraits/men/23.jpg","medium":"https://randomuser.me/api/portraits/med/men/23.jpg","thumbnail":"https://randomuser.me/api/portraits/thumb/men/23.jpg"},"nat":"RS"}],"info":{"seed":"0bfcb5fad514b614","results":1,"page":1,"version":"1.4"}} 
 </msg>
<msg time="2024-04-09T16:16:03.974067" level="INFO">/opt/hostedtoolcache/Python/3.12.2/x64/lib/python3.12/site-packages/urllib3/connectionpool.py:1103: InsecureRequestWarning: Unverified HTTPS request is being made to host 'randomuser.me'. Adding certificate verification is strongly advised. See: https://urllib3.readthedocs.io/en/latest/advanced-usage.html#tls-warnings
  warnings.warn(</msg>
<msg time="2024-04-09T16:16:03.974175" level="INFO">${response} = &lt;Response [200]&gt;</msg>
<var>${response}</var>
<arg>consultarAPI</arg>
<arg>/api</arg>
<doc>Sends a GET request on a previously created HTTP Session.</doc>
<status status="PASS" start="2024-04-09T16:16:03.898198" elapsed="0.076028"/>
</kw>
<kw name="Set Variable" owner="BuiltIn">
<msg time="2024-04-09T16:16:03.975564" level="INFO">${json_data} = {'results': [{'gender': 'male', 'name': {'title': 'Mr', 'first': 'Jadranko', 'last': 'Zelenović'}, 'location': {'street': {'number': 8290, 'name': 'Đorđa Mihailovića'}, 'city': 'Jagodina', 'state': 'P...</msg>
<var>${json_data}</var>
<arg>${response.json()}</arg>
<doc>Returns the given values which can then be assigned to a variables.</doc>
<status status="PASS" start="2024-04-09T16:16:03.974819" elapsed="0.000780"/>
</kw>
<kw name="Log" owner="BuiltIn">
<msg time="2024-04-09T16:16:03.976067" level="INFO">{'results': [{'gender': 'male', 'name': {'title': 'Mr', 'first': 'Jadranko', 'last': 'Zelenović'}, 'location': {'street': {'number': 8290, 'name': 'Đorđa Mihailovića'}, 'city': 'Jagodina', 'state': 'Pirot', 'country': 'Serbia', 'postcode': 40612, 'coordinates': {'latitude': '61.3283', 'longitude': '-142.1161'}, 'timezone': {'offset': '0:00', 'description': 'Western Europe Time, London, Lisbon, Casablanca'}}, 'email': 'jadranko.zelenovic@example.com', 'login': {'uuid': '5f7d3485-3411-40ac-a4c1-85533841f102', 'username': 'silverbutterfly573', 'password': 'doomsday', 'salt': 'nqhecNWO', 'md5': '00a7ad4f7c46a0b699e6c31479014aa6', 'sha1': '030031f60a0eebf7e375bde2c4def1879a0ce92e', 'sha256': 'cdc46a080dc435034e524db179e5214cc03951315f367c7c15b125d077f59688'}, 'dob': {'date': '1963-02-01T05:37:23.806Z', 'age': 61}, 'registered': {'date': '2008-12-24T13:27:05.371Z', 'age': 15}, 'phone': '015-3090-011', 'cell': '068-5496-627', 'id': {'name': 'SID', 'value': '881249709'}, 'picture': {'large': 'https://randomuser.me/api/portraits/men/23.jpg', 'medium': 'https://randomuser.me/api/portraits/med/men/23.jpg', 'thumbnail': 'https://randomuser.me/api/portraits/thumb/men/23.jpg'}, 'nat': 'RS'}], 'info': {'seed': '0bfcb5fad514b614', 'results': 1, 'page': 1, 'version': '1.4'}}</msg>
<arg>${json_data}</arg>
<doc>Logs the given message with the given level.</doc>
<status status="PASS" start="2024-04-09T16:16:03.975909" elapsed="0.000242"/>
</kw>
<kw name="Should Be String" owner="String">
<arg>${json_data['results'][0]['gender']}</arg>
<doc>Fails if the given ``item`` is not a string.</doc>
<status status="PASS" start="2024-04-09T16:16:03.976457" elapsed="0.000420"/>
</kw>
<kw name="Should Match Regexp" owner="BuiltIn">
<arg>${json_data['results'][0]['email']}</arg>
<arg>^[a-zA-Z0-9._%+-]+@[a-zA-Z0-9.-]+\.[a-zA-Z]{2,}$</arg>
<doc>Fails if ``string`` does not match ``pattern`` as a regular expression.</doc>
<status status="PASS" start="2024-04-09T16:16:03.977077" elapsed="0.000516"/>
</kw>
<kw name="Should Match Regexp" owner="BuiltIn">
<arg>${json_data['results'][0]['dob']['date']}</arg>
<arg>\\d{4}-\\d{2}-\\d{2}T\\d{2}:\\d{2}:\\d{2}\\.\\d{3}Z</arg>
<doc>Fails if ``string`` does not match ``pattern`` as a regular expression.</doc>
<status status="PASS" start="2024-04-09T16:16:03.977794" elapsed="0.000497"/>
</kw>
<kw name="Should Match Regexp" owner="BuiltIn">
<arg>${json_data['results'][0]['registered']['date']}</arg>
<arg>\\d{4}-\\d{2}-\\d{2}T\\d{2}:\\d{2}:\\d{2}\\.\\d{3}Z</arg>
<doc>Fails if ``string`` does not match ``pattern`` as a regular expression.</doc>
<status status="PASS" start="2024-04-09T16:16:03.978491" elapsed="0.000369"/>
</kw>
<kw name="Should Match Regexp" owner="BuiltIn">
<arg>${json_data['results'][0]['picture']['large']}</arg>
<arg>^https?://.*\.(?:png|jpe?g|gif|bmp)$</arg>
<doc>Fails if ``string`` does not match ``pattern`` as a regular expression.</doc>
<status status="PASS" start="2024-04-09T16:16:03.979046" elapsed="0.000459"/>
</kw>
<kw name="Should Match Regexp" owner="BuiltIn">
<arg>${json_data['results'][0]['picture']['medium']}</arg>
<arg>^https?://.*\.(?:png|jpe?g|gif|bmp)$</arg>
<doc>Fails if ``string`` does not match ``pattern`` as a regular expression.</doc>
<status status="PASS" start="2024-04-09T16:16:03.979697" elapsed="0.000369"/>
</kw>
<kw name="Should Match Regexp" owner="BuiltIn">
<arg>${json_data['results'][0]['picture']['thumbnail']}</arg>
<arg>^https?://.*\.(?:png|jpe?g|gif|bmp)$</arg>
<doc>Fails if ``string`` does not match ``pattern`` as a regular expression.</doc>
<status status="PASS" start="2024-04-09T16:16:03.980253" elapsed="0.000346"/>
</kw>
<kw name="Log" owner="BuiltIn">
<msg time="2024-04-09T16:16:03.981155" level="INFO">{'large': 'https://randomuser.me/api/portraits/men/23.jpg', 'medium': 'https://randomuser.me/api/portraits/med/men/23.jpg', 'thumbnail': 'https://randomuser.me/api/portraits/thumb/men/23.jpg'}</msg>
<arg>${json_data['results'][0]['picture']}</arg>
<doc>Logs the given message with the given level.</doc>
<status status="PASS" start="2024-04-09T16:16:03.980802" elapsed="0.000396"/>
</kw>
<status status="PASS" start="2024-04-09T16:16:03.897972" elapsed="0.083481"/>
</kw>
<kw name="Teste de Tipos de Dados - Postcode" owner="random-user-service">
<kw name="GET On Session" owner="RequestsLibrary">
<msg time="2024-04-09T16:16:04.098266" level="INFO">GET Request : url=https://randomuser.me/api 
 path_url=/api 
 headers={'User-Agent': 'python-requests/2.31.0', 'Accept-Encoding': 'gzip, deflate', 'Accept': '*/*', 'Connection': 'keep-alive'} 
 body=None 
 </msg>
<msg time="2024-04-09T16:16:04.098346" level="INFO">GET Response : url=https://randomuser.me/api 
 status=200, reason=OK 
 headers={'Date': 'Tue, 09 Apr 2024 16:16:04 GMT', 'Content-Type': 'application/json; charset=utf-8', 'Transfer-Encoding': 'chunked', 'Connection': 'keep-alive', 'X-Powered-By': 'Express', 'Access-Control-Allow-Origin': '*', 'Cache-Control': 'no-cache', 'ETag': 'W/"494-GUyDhU4eSd+5i/DVrvGMnTVNY0U"', 'Vary': 'Accept-Encoding', 'Content-Encoding': 'gzip', 'CF-Cache-Status': 'DYNAMIC', 'Report-To': '{"endpoints":[{"url":"https:\\/\\/a.nel.cloudflare.com\\/report\\/v4?s=uLY9VMr6BvGuTGA%2FkUGlitqeygtdr%2BaXUYBcH6wk8OGcBDVsAbKwdbd0m4GgCsXHT%2FbmVTUYaIw073uaXL8Z2nW3uvFvI6utoWmJowBb92NP5X4Uy4jt%2Be9k549Oqvv0"}],"group":"cf-nel","max_age":604800}', 'NEL': '{"success_fraction":0,"report_to":"cf-nel","max_age":604800}', 'Server': 'cloudflare', 'CF-RAY': '871bcca8e86069ff-IAD', 'alt-svc': 'h3=":443"; ma=86400'} 
 body={"results":[{"gender":"female","name":{"title":"Miss","first":"Yasemin","last":"Erginsoy"},"location":{"street":{"number":7198,"name":"Fatih Sultan Mehmet Cd"},"city":"Erzincan","state":"Bolu","country":"Turkey","postcode":51364,"coordinates":{"latitude":"67.7569","longitude":"126.2709"},"timezone":{"offset":"+4:00","description":"Abu Dhabi, Muscat, Baku, Tbilisi"}},"email":"yasemin.erginsoy@example.com","login":{"uuid":"f54abc42-7be4-44fb-bb59-99d91f3b0719","username":"organicmouse618","password":"flyers","salt":"R4qr9ToT","md5":"fbf139ef079792594526c5e2ca34d579","sha1":"09c7660067ab28cf45e51bd4649bade4c964edcf","sha256":"ac40e1eded9d1fb46529697c5e22a8dadf2a5b170bc4bbeee90814c3a39ec8a5"},"dob":{"date":"1992-03-13T07:51:02.525Z","age":32},"registered":{"date":"2014-01-26T14:15:15.959Z","age":10},"phone":"(927)-041-5202","cell":"(993)-420-6033","id":{"name":"","value":null},"picture":{"large":"https://randomuser.me/api/portraits/women/6.jpg","medium":"https://randomuser.me/api/portraits/med/women/6.jpg","thumbnail":"https://randomuser.me/api/portraits/thumb/women/6.jpg"},"nat":"TR"}],"info":{"seed":"d1bb7e7f3d8d15b9","results":1,"page":1,"version":"1.4"}} 
 </msg>
<msg time="2024-04-09T16:16:04.098433" level="INFO">/opt/hostedtoolcache/Python/3.12.2/x64/lib/python3.12/site-packages/urllib3/connectionpool.py:1103: InsecureRequestWarning: Unverified HTTPS request is being made to host 'randomuser.me'. Adding certificate verification is strongly advised. See: https://urllib3.readthedocs.io/en/latest/advanced-usage.html#tls-warnings
  warnings.warn(</msg>
<msg time="2024-04-09T16:16:04.098542" level="INFO">${response} = &lt;Response [200]&gt;</msg>
<var>${response}</var>
<arg>consultarAPI</arg>
<arg>/api</arg>
<doc>Sends a GET request on a previously created HTTP Session.</doc>
<status status="PASS" start="2024-04-09T16:16:03.981895" elapsed="0.116686"/>
</kw>
<kw name="Set Variable" owner="BuiltIn">
<msg time="2024-04-09T16:16:04.099415" level="INFO">${json_data} = {'results': [{'gender': 'female', 'name': {'title': 'Miss', 'first': 'Yasemin', 'last': 'Erginsoy'}, 'location': {'street': {'number': 7198, 'name': 'Fatih Sultan Mehmet Cd'}, 'city': 'Erzincan', 'sta...</msg>
<var>${json_data}</var>
<arg>${response.json()}</arg>
<doc>Returns the given values which can then be assigned to a variables.</doc>
<status status="PASS" start="2024-04-09T16:16:04.098956" elapsed="0.000487"/>
</kw>
<kw name="Log" owner="BuiltIn">
<msg time="2024-04-09T16:16:04.099902" level="INFO">{'results': [{'gender': 'female', 'name': {'title': 'Miss', 'first': 'Yasemin', 'last': 'Erginsoy'}, 'location': {'street': {'number': 7198, 'name': 'Fatih Sultan Mehmet Cd'}, 'city': 'Erzincan', 'state': 'Bolu', 'country': 'Turkey', 'postcode': 51364, 'coordinates': {'latitude': '67.7569', 'longitude': '126.2709'}, 'timezone': {'offset': '+4:00', 'description': 'Abu Dhabi, Muscat, Baku, Tbilisi'}}, 'email': 'yasemin.erginsoy@example.com', 'login': {'uuid': 'f54abc42-7be4-44fb-bb59-99d91f3b0719', 'username': 'organicmouse618', 'password': 'flyers', 'salt': 'R4qr9ToT', 'md5': 'fbf139ef079792594526c5e2ca34d579', 'sha1': '09c7660067ab28cf45e51bd4649bade4c964edcf', 'sha256': 'ac40e1eded9d1fb46529697c5e22a8dadf2a5b170bc4bbeee90814c3a39ec8a5'}, 'dob': {'date': '1992-03-13T07:51:02.525Z', 'age': 32}, 'registered': {'date': '2014-01-26T14:15:15.959Z', 'age': 10}, 'phone': '(927)-041-5202', 'cell': '(993)-420-6033', 'id': {'name': '', 'value': None}, 'picture': {'large': 'https://randomuser.me/api/portraits/women/6.jpg', 'medium': 'https://randomuser.me/api/portraits/med/women/6.jpg', 'thumbnail': 'https://randomuser.me/api/portraits/thumb/women/6.jpg'}, 'nat': 'TR'}], 'info': {'seed': 'd1bb7e7f3d8d15b9', 'results': 1, 'page': 1, 'version': '1.4'}}</msg>
<arg>${json_data}</arg>
<doc>Logs the given message with the given level.</doc>
<status status="PASS" start="2024-04-09T16:16:04.099752" elapsed="0.000227"/>
</kw>
<kw name="Should Be Equal As Numbers" owner="BuiltIn">
<arg>${json_data['results'][0]['location']['postcode']}</arg>
<arg>${json_data['results'][0]['location']['postcode']}</arg>
<doc>Fails if objects are unequal after converting them to real numbers.</doc>
<status status="PASS" start="2024-04-09T16:16:04.100278" elapsed="0.000680"/>
</kw>
<kw name="Log" owner="BuiltIn">
<msg time="2024-04-09T16:16:04.101496" level="INFO">51364</msg>
<arg>${json_data['results'][0]['location']['postcode']}</arg>
<doc>Logs the given message with the given level.</doc>
<status status="PASS" start="2024-04-09T16:16:04.101163" elapsed="0.000373"/>
</kw>
<status status="PASS" start="2024-04-09T16:16:03.981665" elapsed="0.120120"/>
</kw>
<doc>Testa se os tipos de dados na resposta da API estão corretos.</doc>
<tag>testeTiposDados</tag>
<status status="PASS" start="2024-04-09T16:16:03.897529" elapsed="0.204417"/>
</test>
<test id="s1-s1-t5" name="Validar conteudo" line="35">
<kw name="Teste de Tipos de Conteudo" owner="random-user-service">
<kw name="GET On Session" owner="RequestsLibrary">
<msg time="2024-04-09T16:16:04.179955" level="INFO">GET Request : url=https://randomuser.me/api 
 path_url=/api 
 headers={'User-Agent': 'python-requests/2.31.0', 'Accept-Encoding': 'gzip, deflate', 'Accept': '*/*', 'Connection': 'keep-alive'} 
 body=None 
 </msg>
<msg time="2024-04-09T16:16:04.180035" level="INFO">GET Response : url=https://randomuser.me/api 
 status=200, reason=OK 
 headers={'Date': 'Tue, 09 Apr 2024 16:16:04 GMT', 'Content-Type': 'application/json; charset=utf-8', 'Transfer-Encoding': 'chunked', 'Connection': 'keep-alive', 'X-Powered-By': 'Express', 'Access-Control-Allow-Origin': '*', 'Cache-Control': 'no-cache', 'ETag': 'W/"49e-qejlW8AQP9qIGM4hNmcyTCppdqI"', 'Vary': 'Accept-Encoding', 'Content-Encoding': 'gzip', 'CF-Cache-Status': 'DYNAMIC', 'Report-To': '{"endpoints":[{"url":"https:\\/\\/a.nel.cloudflare.com\\/report\\/v4?s=u%2BOzKKKLmAWcFijHUNIid%2FFKA47slEezNdBrZnnNTg6wuVy4inIRKlc%2F%2FBvEFsgQBQ5TSG7UIEqLPlBlxmf9Jt9CeV0LgJQdDKjbEETS8b4Y%2FIyMDxA1FDv02FjU%2BQhv"}],"group":"cf-nel","max_age":604800}', 'NEL': '{"success_fraction":0,"report_to":"cf-nel","max_age":604800}', 'Server': 'cloudflare', 'CF-RAY': '871bcca9a93969ff-IAD', 'alt-svc': 'h3=":443"; ma=86400'} 
 body={"results":[{"gender":"female","name":{"title":"Miss","first":"Julie","last":"da Rosa"},"location":{"street":{"number":5697,"name":"Rua Vinte de Setembro"},"city":"Rio Branco","state":"São Paulo","country":"Brazil","postcode":54249,"coordinates":{"latitude":"-81.2662","longitude":"159.1900"},"timezone":{"offset":"-8:00","description":"Pacific Time (US &amp; Canada)"}},"email":"julie.darosa@example.com","login":{"uuid":"85029ebf-7965-4b30-b631-bb4651c0e429","username":"bigpeacock760","password":"clown","salt":"LzvUoa9z","md5":"0e686d3883791528ba98460049e6fde4","sha1":"d376ad76b29ec51662a8fef78c2d4a32018aa4e6","sha256":"770e9d06923496f0986d6cde0ee7403b9ae7b2ac647cbaf2f89c0a3710c35e49"},"dob":{"date":"1958-12-12T23:38:15.904Z","age":65},"registered":{"date":"2010-09-02T19:10:20.601Z","age":13},"phone":"(07) 0821-5937","cell":"(60) 2714-9210","id":{"name":"CPF","value":"302.803.847-74"},"picture":{"large":"https://randomuser.me/api/portraits/women/31.jpg","medium":"https://randomuser.me/api/portraits/med/women/31.jpg","thumbnail":"https://randomuser.me/api/portraits/thumb/women/31.jpg"},"nat":"BR"}],"info":{"seed":"1e49ecf56a566838","results":1,"page":1,"version":"1.4"}} 
 </msg>
<msg time="2024-04-09T16:16:04.180115" level="INFO">/opt/hostedtoolcache/Python/3.12.2/x64/lib/python3.12/site-packages/urllib3/connectionpool.py:1103: InsecureRequestWarning: Unverified HTTPS request is being made to host 'randomuser.me'. Adding certificate verification is strongly advised. See: https://urllib3.readthedocs.io/en/latest/advanced-usage.html#tls-warnings
  warnings.warn(</msg>
<msg time="2024-04-09T16:16:04.180219" level="INFO">${response} = &lt;Response [200]&gt;</msg>
<var>${response}</var>
<arg>consultarAPI</arg>
<arg>/api</arg>
<doc>Sends a GET request on a previously created HTTP Session.</doc>
<status status="PASS" start="2024-04-09T16:16:04.104353" elapsed="0.075908"/>
</kw>
<kw name="Set Variable" owner="BuiltIn">
<msg time="2024-04-09T16:16:04.181306" level="INFO">${json_data} = {'results': [{'gender': 'female', 'name': {'title': 'Miss', 'first': 'Julie', 'last': 'da Rosa'}, 'location': {'street': {'number': 5697, 'name': 'Rua Vinte de Setembro'}, 'city': 'Rio Branco', 'state...</msg>
<var>${json_data}</var>
<arg>${response.json()}</arg>
<doc>Returns the given values which can then be assigned to a variables.</doc>
<status status="PASS" start="2024-04-09T16:16:04.180836" elapsed="0.000499"/>
</kw>
<kw name="Set Variable" owner="BuiltIn">
<msg time="2024-04-09T16:16:04.182084" level="INFO">${name_title} = Miss</msg>
<var>${name_title}</var>
<arg>${json_data["results"][0]["name"]["title"]}</arg>
<doc>Returns the given values which can then be assigned to a variables.</doc>
<status status="PASS" start="2024-04-09T16:16:04.181680" elapsed="0.000429"/>
</kw>
<kw name="Create List" owner="BuiltIn">
<msg time="2024-04-09T16:16:04.182568" level="INFO">${allowed_titles} = ['Mr', 'Ms', 'Miss', 'Mrs', 'Madame', 'Monsieur']</msg>
<var>${allowed_titles}</var>
<arg>Mr</arg>
<arg>Ms</arg>
<arg>Miss</arg>
<arg>Mrs</arg>
<arg>Madame</arg>
<arg>Monsieur</arg>
<doc>Returns a list containing given items.</doc>
<status status="PASS" start="2024-04-09T16:16:04.182420" elapsed="0.000173"/>
</kw>
<kw name="List Should Contain Value" owner="Collections">
<msg time="2024-04-09T16:16:04.183060" level="INFO">False</msg>
<arg>${allowed_titles}</arg>
<arg>${name_title}</arg>
<doc>Fails if the ``value`` is not found from ``list``.</doc>
<status status="PASS" start="2024-04-09T16:16:04.182893" elapsed="0.000203"/>
</kw>
<kw name="Set Variable" owner="BuiltIn">
<msg time="2024-04-09T16:16:04.183762" level="INFO">${name_country} = BR</msg>
<var>${name_country}</var>
<arg>${json_data["results"][0]["nat"]}</arg>
<doc>Returns the given values which can then be assigned to a variables.</doc>
<status status="PASS" start="2024-04-09T16:16:04.183384" elapsed="0.000403"/>
</kw>
<kw name="Create List" owner="BuiltIn">
<msg time="2024-04-09T16:16:04.184695" level="INFO">${list_country} = ['AD', 'AE', 'AF', 'AG', 'AI', 'AL', 'AM', 'AO', 'AQ', 'AR', 'AS', 'AT', 'AU', 'AW', 'AX', 'AZ', 'BA', 'BB', 'BD', 'BE', 'BF', 'BG', 'BH', 'BI', 'BJ', 'BL', 'BM', 'BN', 'BO', 'BQ', 'BR', 'BS', 'BT', '...</msg>
<var>${list_country}</var>
<arg>AD</arg>
<arg>AE</arg>
<arg>AF</arg>
<arg>AG</arg>
<arg>AI</arg>
<arg>AL</arg>
<arg>AM</arg>
<arg>AO</arg>
<arg>AQ</arg>
<arg>AR</arg>
<arg>AS</arg>
<arg>AT</arg>
<arg>AU</arg>
<arg>AW</arg>
<arg>AX</arg>
<arg>AZ</arg>
<arg>BA</arg>
<arg>BB</arg>
<arg>BD</arg>
<arg>BE</arg>
<arg>BF</arg>
<arg>BG</arg>
<arg>BH</arg>
<arg>BI</arg>
<arg>BJ</arg>
<arg>BL</arg>
<arg>BM</arg>
<arg>BN</arg>
<arg>BO</arg>
<arg>BQ</arg>
<arg>BR</arg>
<arg>BS</arg>
<arg>BT</arg>
<arg>BV</arg>
<arg>BW</arg>
<arg>BY</arg>
<arg>BZ</arg>
<arg>CA</arg>
<arg>CC</arg>
<arg>CD</arg>
<arg>CF</arg>
<arg>CG</arg>
<arg>CH</arg>
<arg>CI</arg>
<arg>CK</arg>
<arg>CL</arg>
<arg>CM</arg>
<arg>CN</arg>
<arg>CO</arg>
<arg>CR</arg>
<arg>CU</arg>
<arg>CV</arg>
<arg>CW</arg>
<arg>CX</arg>
<arg>CY</arg>
<arg>CZ</arg>
<arg>DE</arg>
<arg>DJ</arg>
<arg>DK</arg>
<arg>DM</arg>
<arg>DO</arg>
<arg>DZ</arg>
<arg>EC</arg>
<arg>EE</arg>
<arg>EG</arg>
<arg>EH</arg>
<arg>ER</arg>
<arg>ES</arg>
<arg>ET</arg>
<arg>FI</arg>
<arg>FJ</arg>
<arg>FK</arg>
<arg>FM</arg>
<arg>FO</arg>
<arg>FR</arg>
<arg>GA</arg>
<arg>GB</arg>
<arg>GD</arg>
<arg>GE</arg>
<arg>GF</arg>
<arg>GG</arg>
<arg>GH</arg>
<arg>GI</arg>
<arg>GL</arg>
<arg>GM</arg>
<arg>GN</arg>
<arg>GP</arg>
<arg>GQ</arg>
<arg>GR</arg>
<arg>GS</arg>
<arg>GT</arg>
<arg>GU</arg>
<arg>GW</arg>
<arg>GY</arg>
<arg>HK</arg>
<arg>HM</arg>
<arg>HN</arg>
<arg>HR</arg>
<arg>HT</arg>
<arg>HU</arg>
<arg>ID</arg>
<arg>IE</arg>
<arg>IL</arg>
<arg>IM</arg>
<arg>IN</arg>
<arg>IO</arg>
<arg>IQ</arg>
<arg>IR</arg>
<arg>IS</arg>
<arg>IT</arg>
<arg>JE</arg>
<arg>JM</arg>
<arg>JO</arg>
<arg>JP</arg>
<arg>KE</arg>
<arg>KG</arg>
<arg>KH</arg>
<arg>KI</arg>
<arg>KM</arg>
<arg>KN</arg>
<arg>KP</arg>
<arg>KR</arg>
<arg>KW</arg>
<arg>KY</arg>
<arg>KZ</arg>
<arg>LA</arg>
<arg>LB</arg>
<arg>LC</arg>
<arg>LI</arg>
<arg>LK</arg>
<arg>LR</arg>
<arg>LS</arg>
<arg>LT</arg>
<arg>LU</arg>
<arg>LV</arg>
<arg>LY</arg>
<arg>MA</arg>
<arg>MC</arg>
<arg>MD</arg>
<arg>ME</arg>
<arg>MF</arg>
<arg>MG</arg>
<arg>MH</arg>
<arg>MK</arg>
<arg>ML</arg>
<arg>MM</arg>
<arg>MN</arg>
<arg>MO</arg>
<arg>MP</arg>
<arg>MQ</arg>
<arg>MR</arg>
<arg>MS</arg>
<arg>MT</arg>
<arg>MU</arg>
<arg>MV</arg>
<arg>MW</arg>
<arg>MX</arg>
<arg>MY</arg>
<arg>MZ</arg>
<arg>NA</arg>
<arg>NC</arg>
<arg>NE</arg>
<arg>NF</arg>
<arg>NG</arg>
<arg>NI</arg>
<arg>NL</arg>
<arg>NO</arg>
<arg>NP</arg>
<arg>NR</arg>
<arg>NU</arg>
<arg>NZ</arg>
<arg>OM</arg>
<arg>PA</arg>
<arg>PE</arg>
<arg>PF</arg>
<arg>PG</arg>
<arg>PH</arg>
<arg>PK</arg>
<arg>PL</arg>
<arg>PM</arg>
<arg>PN</arg>
<arg>PR</arg>
<arg>PS</arg>
<arg>PT</arg>
<arg>PW</arg>
<arg>PY</arg>
<arg>QA</arg>
<arg>RE</arg>
<arg>RO</arg>
<arg>RS</arg>
<arg>RU</arg>
<arg>RW</arg>
<arg>SA</arg>
<arg>SB</arg>
<arg>SC</arg>
<arg>SD</arg>
<arg>SE</arg>
<arg>SG</arg>
<arg>SH</arg>
<arg>SI</arg>
<arg>SJ</arg>
<arg>SK</arg>
<arg>SL</arg>
<arg>SM</arg>
<arg>SN</arg>
<arg>SO</arg>
<arg>SR</arg>
<arg>SS</arg>
<arg>ST</arg>
<arg>SV</arg>
<arg>SX</arg>
<arg>SY</arg>
<arg>SZ</arg>
<arg>TC</arg>
<arg>TD</arg>
<arg>TF</arg>
<arg>TG</arg>
<arg>TH</arg>
<arg>TJ</arg>
<arg>TK</arg>
<arg>TL</arg>
<arg>TM</arg>
<arg>TN</arg>
<arg>TO</arg>
<arg>TR</arg>
<arg>TT</arg>
<arg>TV</arg>
<arg>TW</arg>
<arg>TZ</arg>
<arg>UA</arg>
<arg>UG</arg>
<arg>UM</arg>
<arg>US</arg>
<arg>UY</arg>
<arg>UZ</arg>
<arg>VA</arg>
<arg>VC</arg>
<arg>VE</arg>
<arg>VG</arg>
<arg>VI</arg>
<arg>VN</arg>
<arg>VU</arg>
<arg>WF</arg>
<arg>WS</arg>
<arg>XK</arg>
<arg>YE</arg>
<arg>YT</arg>
<arg>ZA</arg>
<arg>ZM</arg>
<arg>ZW</arg>
<doc>Returns a list containing given items.</doc>
<status status="PASS" start="2024-04-09T16:16:04.184096" elapsed="0.000626"/>
</kw>
<kw name="List Should Contain Value" owner="Collections">
<msg time="2024-04-09T16:16:04.185764" level="INFO">False</msg>
<arg>${list_country}</arg>
<arg>${name_country}</arg>
<doc>Fails if the ``value`` is not found from ``list``.</doc>
<status status="PASS" start="2024-04-09T16:16:04.185558" elapsed="0.000243"/>
</kw>
<kw name="Run Keyword If" owner="BuiltIn">
<kw name="Should Be True" owner="BuiltIn">
<arg>${True}</arg>
<doc>Fails if the given condition is not true.</doc>
<status status="PASS" start="2024-04-09T16:16:04.186971" elapsed="0.000147"/>
</kw>
<arg>${json_data["results"][0]["location"]["coordinates"]["latitude"]} &gt;= -90 and ${json_data["results"][0]["location"]["coordinates"]["latitude"]} &lt;= 90</arg>
<arg>Should Be True</arg>
<arg>${True}</arg>
<doc>Runs the given keyword with the given arguments, if ``condition`` is true.</doc>
<status status="PASS" start="2024-04-09T16:16:04.186112" elapsed="0.001135"/>
</kw>
<kw name="Run Keyword If" owner="BuiltIn">
<kw name="Should Be True" owner="BuiltIn">
<arg>${True}</arg>
<doc>Fails if the given condition is not true.</doc>
<status status="PASS" start="2024-04-09T16:16:04.188133" elapsed="0.000138"/>
</kw>
<arg>${json_data["results"][0]["location"]["coordinates"]["longitude"]} &gt;= -180 and ${json_data["results"][0]["location"]["coordinates"]["longitude"]} &lt;= 180</arg>
<arg>Should Be True</arg>
<arg>${True}</arg>
<doc>Runs the given keyword with the given arguments, if ``condition`` is true.</doc>
<status status="PASS" start="2024-04-09T16:16:04.187433" elapsed="0.000963"/>
</kw>
<status status="PASS" start="2024-04-09T16:16:04.104136" elapsed="0.084389"/>
</kw>
<doc>Testa o conteúdo específico dos campos retornados pela API.</doc>
<tag>testeConteudo</tag>
<status status="PASS" start="2024-04-09T16:16:04.103617" elapsed="0.085054"/>
</test>
<status status="PASS" start="2024-04-09T16:16:03.247258" elapsed="0.943355"/>
</suite>
<status status="PASS" start="2024-04-09T16:16:03.233323" elapsed="0.962634"/>
</suite>
<statistics>
<total>
<stat pass="5" fail="0" skip="0">All Tests</stat>
</total>
<tag>
<stat pass="1" fail="0" skip="0">testeConteudo</stat>
<stat pass="1" fail="0" skip="0">testeEstruturaResposta</stat>
<stat pass="1" fail="0" skip="0">testeRequisicaoBasica</stat>
<stat pass="1" fail="0" skip="0">testeTiposDados</stat>
</tag>
<suite>
<stat pass="5" fail="0" skip="0" id="s1" name="Tests">Tests</stat>
<stat pass="5" fail="0" skip="0" id="s1-s1" name="Random-User-Test">Tests.Random-User-Test</stat>
</suite>
</statistics>
<errors>
</errors>
</robot>
