<?xml version="1.0" encoding="UTF-8"?>
<robot generator="Robot 7.0.1 (Python 3.12.4 on linux)" generated="2024-07-06T17:12:09.518378" rpa="false" schemaversion="5">
<suite id="s1" name="Tests" source="/home/runner/work/ApiRandomUser/ApiRandomUser/RamdonUser/tests">
<suite id="s1-s1" name="Random-User-Test" source="/home/runner/work/ApiRandomUser/ApiRandomUser/RamdonUser/tests/random-user-test.robot">
<test id="s1-s1-t1" name="Conectar" line="13">
<kw name="Conectar API" owner="random-user-service">
<kw name="Create Session" owner="RequestsLibrary">
<msg time="2024-07-06T17:12:09.912977" level="INFO">Creating Session using : alias=consultarAPI, url=https://randomuser.me/, headers={},                     cookies={}, auth=None, timeout=None, proxies=None, verify=False,                     debug=0 </msg>
<arg>consultarAPI</arg>
<arg>${URL}</arg>
<doc>Create Session: create a HTTP session to a server</doc>
<status status="PASS" start="2024-07-06T17:12:09.912780" elapsed="0.000370"/>
</kw>
<status status="PASS" start="2024-07-06T17:12:09.911865" elapsed="0.001633"/>
</kw>
<status status="PASS" start="2024-07-06T17:12:09.911269" elapsed="0.002424"/>
</test>
<test id="s1-s1-t2" name="Validar retorno 200 e JSON Válido" line="16">
<kw name="Teste de Requisicao Basica" owner="random-user-service">
<kw name="GET On Session" owner="RequestsLibrary">
<msg time="2024-07-06T17:12:10.147911" level="INFO">GET Request : url=https://randomuser.me/api 
 path_url=/api 
 headers={'User-Agent': 'python-requests/2.32.3', 'Accept-Encoding': 'gzip, deflate', 'Accept': '*/*', 'Connection': 'keep-alive'} 
 body=None 
 </msg>
<msg time="2024-07-06T17:12:10.148044" level="INFO">GET Response : url=https://randomuser.me/api 
 status=200, reason=OK 
 headers={'Date': 'Sat, 06 Jul 2024 17:12:10 GMT', 'Content-Type': 'application/json; charset=utf-8', 'Transfer-Encoding': 'chunked', 'Connection': 'keep-alive', 'X-Powered-By': 'Express', 'Access-Control-Allow-Origin': '*', 'Cache-Control': 'no-cache', 'ETag': 'W/"4ae-Pcd7GtdEEU6bR8Vwj5e/6g0PWu8"', 'Vary': 'Accept-Encoding', 'Content-Encoding': 'gzip', 'CF-Cache-Status': 'DYNAMIC', 'Report-To': '{"endpoints":[{"url":"https:\\/\\/a.nel.cloudflare.com\\/report\\/v4?s=FoWohxxu74UIHHWKGACp0%2FlqPZpU601OzsaNfJqP6NXscYMUgNCC2TtwH3pGZAs1RlSrjMWbYHrnreweyj01YSCKuXPi1M6L8U97eHPtZh%2Fs5XgHfNw5hhXItUBYjaOh"}],"group":"cf-nel","max_age":604800}', 'NEL': '{"success_fraction":0,"report_to":"cf-nel","max_age":604800}', 'Server': 'cloudflare', 'CF-RAY': '89f137d739805a94-IAD', 'alt-svc': 'h3=":443"; ma=86400'} 
 body={"results":[{"gender":"female","name":{"title":"Mrs","first":"Eline","last":"Francois"},"location":{"street":{"number":2919,"name":"Rue de L'Abbé-Migne"},"city":"Fort-de-France","state":"Ain","country":"France","postcode":13594,"coordinates":{"latitude":"-19.1409","longitude":"73.7787"},"timezone":{"offset":"+5:30","description":"Bombay, Calcutta, Madras, New Delhi"}},"email":"eline.francois@example.com","login":{"uuid":"457b4950-0926-478d-9b4d-84d82999bc19","username":"ticklishleopard329","password":"conner","salt":"KizEI1MT","md5":"c4f5f4e3844570025c664d9263f693c9","sha1":"22e2f7ae7b46fd409d639db1ae51184d0d482258","sha256":"3a0620b641e19970df7dd21a0f6aac03561811d9946b84f5d2224853c534ae5e"},"dob":{"date":"1992-07-24T07:18:20.170Z","age":31},"registered":{"date":"2013-02-21T13:10:13.104Z","age":11},"phone":"04-56-77-05-03","cell":"06-35-32-76-67","id":{"name":"INSEE","value":"2920689981389 29"},"picture":{"large":"https://randomuser.me/api/portraits/women/13.jpg","medium":"https://randomuser.me/api/portraits/med/women/13.jpg","thumbnail":"https://randomuser.me/api/portraits/thumb/women/13.jpg"},"nat":"FR"}],"info":{"seed":"c3f4b06da547ff7f","results":1,"page":1,"version":"1.4"}} 
 </msg>
<msg time="2024-07-06T17:12:10.148144" level="INFO">/opt/hostedtoolcache/Python/3.12.4/x64/lib/python3.12/site-packages/urllib3/connectionpool.py:1099: InsecureRequestWarning: Unverified HTTPS request is being made to host 'randomuser.me'. Adding certificate verification is strongly advised. See: https://urllib3.readthedocs.io/en/latest/advanced-usage.html#tls-warnings
  warnings.warn(</msg>
<msg time="2024-07-06T17:12:10.148282" level="INFO">${response} = &lt;Response [200]&gt;</msg>
<var>${response}</var>
<arg>consultarAPI</arg>
<arg>/api</arg>
<doc>Sends a GET request on a previously created HTTP Session.</doc>
<status status="PASS" start="2024-07-06T17:12:09.916422" elapsed="0.231900"/>
</kw>
<kw name="Should Be Equal As Numbers" owner="BuiltIn">
<msg time="2024-07-06T17:12:10.149629" level="INFO">Argument types are:
&lt;class 'int'&gt;
&lt;class 'str'&gt;</msg>
<arg>${response.status_code}</arg>
<arg>200</arg>
<doc>Fails if objects are unequal after converting them to real numbers.</doc>
<status status="PASS" start="2024-07-06T17:12:10.148985" elapsed="0.000739"/>
</kw>
<kw name="Log" owner="BuiltIn">
<msg time="2024-07-06T17:12:10.150848" level="INFO">200</msg>
<arg>${response.status_code}</arg>
<doc>Logs the given message with the given level.</doc>
<status status="PASS" start="2024-07-06T17:12:10.150262" elapsed="0.000659"/>
</kw>
<kw name="Set Variable" owner="BuiltIn">
<msg time="2024-07-06T17:12:10.152137" level="INFO">${json_data} = {'results': [{'gender': 'female', 'name': {'title': 'Mrs', 'first': 'Eline', 'last': 'Francois'}, 'location': {'street': {'number': 2919, 'name': "Rue de L'Abbé-Migne"}, 'city': 'Fort-de-France', 'sta...</msg>
<var>${json_data}</var>
<arg>${response.json()}</arg>
<doc>Returns the given values which can then be assigned to a variables.</doc>
<status status="PASS" start="2024-07-06T17:12:10.151423" elapsed="0.000755"/>
</kw>
<kw name="Dictionary Should Contain Key" owner="Collections">
<arg>${json_data}</arg>
<arg>results</arg>
<doc>Fails if ``key`` is not found from ``dictionary``.</doc>
<status status="PASS" start="2024-07-06T17:12:10.152629" elapsed="0.000183"/>
</kw>
<status status="PASS" start="2024-07-06T17:12:09.916176" elapsed="0.236787"/>
</kw>
<doc>Testa se a API responde corretamente e retorna um objeto JSON válido.</doc>
<tag>testeRequisicaoBasica</tag>
<status status="PASS" start="2024-07-06T17:12:09.915650" elapsed="0.237478"/>
</test>
<test id="s1-s1-t3" name="Validar estrutura de resposta" line="22">
<kw name="Teste de Estrutura de Resposta" owner="random-user-service">
<kw name="GET On Session" owner="RequestsLibrary">
<msg time="2024-07-06T17:12:10.251472" level="INFO">GET Request : url=https://randomuser.me/api 
 path_url=/api 
 headers={'User-Agent': 'python-requests/2.32.3', 'Accept-Encoding': 'gzip, deflate', 'Accept': '*/*', 'Connection': 'keep-alive'} 
 body=None 
 </msg>
<msg time="2024-07-06T17:12:10.251542" level="INFO">GET Response : url=https://randomuser.me/api 
 status=200, reason=OK 
 headers={'Date': 'Sat, 06 Jul 2024 17:12:10 GMT', 'Content-Type': 'application/json; charset=utf-8', 'Transfer-Encoding': 'chunked', 'Connection': 'keep-alive', 'X-Powered-By': 'Express', 'Access-Control-Allow-Origin': '*', 'Cache-Control': 'no-cache', 'ETag': 'W/"498-ZEjyOtfnCx0+kbC6sUeEG0WnbCk"', 'Vary': 'Accept-Encoding', 'Content-Encoding': 'gzip', 'CF-Cache-Status': 'DYNAMIC', 'Report-To': '{"endpoints":[{"url":"https:\\/\\/a.nel.cloudflare.com\\/report\\/v4?s=o91Z%2BIxeAD2p8ETJmF2bjo5JrqugAcipozzAs7uEWl%2FSiqoaztYPisLLHGKzdP23MOH0gJ9ig9xPxVP7dKAx959tHtbjloUXFUGWwn2rFp9JNDsfvT9L4g%2FCS3imn32p"}],"group":"cf-nel","max_age":604800}', 'NEL': '{"success_fraction":0,"report_to":"cf-nel","max_age":604800}', 'Server': 'cloudflare', 'CF-RAY': '89f137d779b25a94-IAD', 'alt-svc': 'h3=":443"; ma=86400'} 
 body={"results":[{"gender":"female","name":{"title":"Miss","first":"بهاره","last":"یاسمی"},"location":{"street":{"number":9556,"name":"میدان توحید"},"city":"همدان","state":"بوشهر","country":"Iran","postcode":79228,"coordinates":{"latitude":"18.0651","longitude":"86.2463"},"timezone":{"offset":"+8:00","description":"Beijing, Perth, Singapore, Hong Kong"}},"email":"bhrh.ysmy@example.com","login":{"uuid":"3f2dfbc3-c235-4e8c-b4d6-538b1083884c","username":"greengoose277","password":"softail","salt":"kpu3HXEs","md5":"d228628af6c40d181a070f6111740807","sha1":"de66aa8c5e8e25dfc592ef540d2fe0e24cc9e465","sha256":"d3c293e7edcba57fe977d0ec004809b6cf932785e43f7f8cdaf34bf776e3def2"},"dob":{"date":"1974-03-24T02:43:17.186Z","age":50},"registered":{"date":"2016-08-07T11:37:51.348Z","age":7},"phone":"005-15537522","cell":"0993-900-3623","id":{"name":"","value":null},"picture":{"large":"https://randomuser.me/api/portraits/women/11.jpg","medium":"https://randomuser.me/api/portraits/med/women/11.jpg","thumbnail":"https://randomuser.me/api/portraits/thumb/women/11.jpg"},"nat":"IR"}],"info":{"seed":"6d53c3b4130ace91","results":1,"page":1,"version":"1.4"}} 
 </msg>
<msg time="2024-07-06T17:12:10.251645" level="INFO">/opt/hostedtoolcache/Python/3.12.4/x64/lib/python3.12/site-packages/urllib3/connectionpool.py:1099: InsecureRequestWarning: Unverified HTTPS request is being made to host 'randomuser.me'. Adding certificate verification is strongly advised. See: https://urllib3.readthedocs.io/en/latest/advanced-usage.html#tls-warnings
  warnings.warn(</msg>
<msg time="2024-07-06T17:12:10.251759" level="INFO">${response} = &lt;Response [200]&gt;</msg>
<var>${response}</var>
<arg>consultarAPI</arg>
<arg>/api</arg>
<doc>Sends a GET request on a previously created HTTP Session.</doc>
<status status="PASS" start="2024-07-06T17:12:10.155776" elapsed="0.096024"/>
</kw>
<kw name="Set Variable" owner="BuiltIn">
<msg time="2024-07-06T17:12:10.252615" level="INFO">${json_data} = {'results': [{'gender': 'female', 'name': {'title': 'Miss', 'first': 'بهاره', 'last': 'یاسمی'}, 'location': {'street': {'number': 9556, 'name': 'میدان توحید'}, 'city': 'همدان', 'state': 'بوشهر', 'coun...</msg>
<var>${json_data}</var>
<arg>${response.json()}</arg>
<doc>Returns the given values which can then be assigned to a variables.</doc>
<status status="PASS" start="2024-07-06T17:12:10.252157" elapsed="0.000488"/>
</kw>
<kw name="Log" owner="BuiltIn">
<msg time="2024-07-06T17:12:10.253115" level="INFO">{'results': [{'gender': 'female', 'name': {'title': 'Miss', 'first': 'بهاره', 'last': 'یاسمی'}, 'location': {'street': {'number': 9556, 'name': 'میدان توحید'}, 'city': 'همدان', 'state': 'بوشهر', 'country': 'Iran', 'postcode': 79228, 'coordinates': {'latitude': '18.0651', 'longitude': '86.2463'}, 'timezone': {'offset': '+8:00', 'description': 'Beijing, Perth, Singapore, Hong Kong'}}, 'email': 'bhrh.ysmy@example.com', 'login': {'uuid': '3f2dfbc3-c235-4e8c-b4d6-538b1083884c', 'username': 'greengoose277', 'password': 'softail', 'salt': 'kpu3HXEs', 'md5': 'd228628af6c40d181a070f6111740807', 'sha1': 'de66aa8c5e8e25dfc592ef540d2fe0e24cc9e465', 'sha256': 'd3c293e7edcba57fe977d0ec004809b6cf932785e43f7f8cdaf34bf776e3def2'}, 'dob': {'date': '1974-03-24T02:43:17.186Z', 'age': 50}, 'registered': {'date': '2016-08-07T11:37:51.348Z', 'age': 7}, 'phone': '005-15537522', 'cell': '0993-900-3623', 'id': {'name': '', 'value': None}, 'picture': {'large': 'https://randomuser.me/api/portraits/women/11.jpg', 'medium': 'https://randomuser.me/api/portraits/med/women/11.jpg', 'thumbnail': 'https://randomuser.me/api/portraits/thumb/women/11.jpg'}, 'nat': 'IR'}], 'info': {'seed': '6d53c3b4130ace91', 'results': 1, 'page': 1, 'version': '1.4'}}</msg>
<arg>${json_data}</arg>
<doc>Logs the given message with the given level.</doc>
<status status="PASS" start="2024-07-06T17:12:10.252958" elapsed="0.000206"/>
</kw>
<kw name="Dictionary Should Contain Key" owner="Collections">
<arg>${json_data}</arg>
<arg>results</arg>
<doc>Fails if ``key`` is not found from ``dictionary``.</doc>
<status status="PASS" start="2024-07-06T17:12:10.253449" elapsed="0.000150"/>
</kw>
<kw name="Should Not Be Empty" owner="BuiltIn">
<msg time="2024-07-06T17:12:10.253953" level="INFO">Length is 2.</msg>
<arg>${json_data}</arg>
<doc>Verifies that the given item is not empty.</doc>
<status status="PASS" start="2024-07-06T17:12:10.253775" elapsed="0.000220"/>
</kw>
<kw name="Create List" owner="BuiltIn">
<msg time="2024-07-06T17:12:10.254569" level="INFO">${expected_keys} = ['gender', 'name', 'location', 'email', 'login']</msg>
<var>${expected_keys}</var>
<arg>gender</arg>
<arg>name</arg>
<arg>location</arg>
<arg>email</arg>
<arg>login</arg>
<doc>Returns a list containing given items.</doc>
<status status="PASS" start="2024-07-06T17:12:10.254297" elapsed="0.000296"/>
</kw>
<for flavor="IN">
<iter>
<kw name="Dictionary Should Contain Key" owner="Collections">
<arg>${json_data['results'][0]}</arg>
<arg>${key}</arg>
<doc>Fails if ``key`` is not found from ``dictionary``.</doc>
<status status="PASS" start="2024-07-06T17:12:10.255147" elapsed="0.000400"/>
</kw>
<kw name="Log" owner="BuiltIn">
<msg time="2024-07-06T17:12:10.256079" level="INFO">{'gender': 'female', 'name': {'title': 'Miss', 'first': 'بهاره', 'last': 'یاسمی'}, 'location': {'street': {'number': 9556, 'name': 'میدان توحید'}, 'city': 'همدان', 'state': 'بوشهر', 'country': 'Iran', 'postcode': 79228, 'coordinates': {'latitude': '18.0651', 'longitude': '86.2463'}, 'timezone': {'offset': '+8:00', 'description': 'Beijing, Perth, Singapore, Hong Kong'}}, 'email': 'bhrh.ysmy@example.com', 'login': {'uuid': '3f2dfbc3-c235-4e8c-b4d6-538b1083884c', 'username': 'greengoose277', 'password': 'softail', 'salt': 'kpu3HXEs', 'md5': 'd228628af6c40d181a070f6111740807', 'sha1': 'de66aa8c5e8e25dfc592ef540d2fe0e24cc9e465', 'sha256': 'd3c293e7edcba57fe977d0ec004809b6cf932785e43f7f8cdaf34bf776e3def2'}, 'dob': {'date': '1974-03-24T02:43:17.186Z', 'age': 50}, 'registered': {'date': '2016-08-07T11:37:51.348Z', 'age': 7}, 'phone': '005-15537522', 'cell': '0993-900-3623', 'id': {'name': '', 'value': None}, 'picture': {'large': 'https://randomuser.me/api/portraits/women/11.jpg', 'medium': 'https://randomuser.me/api/portraits/med/women/11.jpg', 'thumbnail': 'https://randomuser.me/api/portraits/thumb/women/11.jpg'}, 'nat': 'IR'}</msg>
<arg>${json_data['results'][0]}</arg>
<doc>Logs the given message with the given level.</doc>
<status status="PASS" start="2024-07-06T17:12:10.255729" elapsed="0.000401"/>
</kw>
<kw name="Log" owner="BuiltIn">
<msg time="2024-07-06T17:12:10.256546" level="INFO">gender</msg>
<arg>${key}</arg>
<doc>Logs the given message with the given level.</doc>
<status status="PASS" start="2024-07-06T17:12:10.256421" elapsed="0.000163"/>
</kw>
<var name="${key}">gender</var>
<status status="PASS" start="2024-07-06T17:12:10.255028" elapsed="0.001772"/>
</iter>
<iter>
<kw name="Dictionary Should Contain Key" owner="Collections">
<arg>${json_data['results'][0]}</arg>
<arg>${key}</arg>
<doc>Fails if ``key`` is not found from ``dictionary``.</doc>
<status status="PASS" start="2024-07-06T17:12:10.257093" elapsed="0.000386"/>
</kw>
<kw name="Log" owner="BuiltIn">
<msg time="2024-07-06T17:12:10.258083" level="INFO">{'gender': 'female', 'name': {'title': 'Miss', 'first': 'بهاره', 'last': 'یاسمی'}, 'location': {'street': {'number': 9556, 'name': 'میدان توحید'}, 'city': 'همدان', 'state': 'بوشهر', 'country': 'Iran', 'postcode': 79228, 'coordinates': {'latitude': '18.0651', 'longitude': '86.2463'}, 'timezone': {'offset': '+8:00', 'description': 'Beijing, Perth, Singapore, Hong Kong'}}, 'email': 'bhrh.ysmy@example.com', 'login': {'uuid': '3f2dfbc3-c235-4e8c-b4d6-538b1083884c', 'username': 'greengoose277', 'password': 'softail', 'salt': 'kpu3HXEs', 'md5': 'd228628af6c40d181a070f6111740807', 'sha1': 'de66aa8c5e8e25dfc592ef540d2fe0e24cc9e465', 'sha256': 'd3c293e7edcba57fe977d0ec004809b6cf932785e43f7f8cdaf34bf776e3def2'}, 'dob': {'date': '1974-03-24T02:43:17.186Z', 'age': 50}, 'registered': {'date': '2016-08-07T11:37:51.348Z', 'age': 7}, 'phone': '005-15537522', 'cell': '0993-900-3623', 'id': {'name': '', 'value': None}, 'picture': {'large': 'https://randomuser.me/api/portraits/women/11.jpg', 'medium': 'https://randomuser.me/api/portraits/med/women/11.jpg', 'thumbnail': 'https://randomuser.me/api/portraits/thumb/women/11.jpg'}, 'nat': 'IR'}</msg>
<arg>${json_data['results'][0]}</arg>
<doc>Logs the given message with the given level.</doc>
<status status="PASS" start="2024-07-06T17:12:10.257658" elapsed="0.000476"/>
</kw>
<kw name="Log" owner="BuiltIn">
<msg time="2024-07-06T17:12:10.258558" level="INFO">name</msg>
<arg>${key}</arg>
<doc>Logs the given message with the given level.</doc>
<status status="PASS" start="2024-07-06T17:12:10.258432" elapsed="0.000163"/>
</kw>
<var name="${key}">name</var>
<status status="PASS" start="2024-07-06T17:12:10.256979" elapsed="0.001829"/>
</iter>
<iter>
<kw name="Dictionary Should Contain Key" owner="Collections">
<arg>${json_data['results'][0]}</arg>
<arg>${key}</arg>
<doc>Fails if ``key`` is not found from ``dictionary``.</doc>
<status status="PASS" start="2024-07-06T17:12:10.259085" elapsed="0.000369"/>
</kw>
<kw name="Log" owner="BuiltIn">
<msg time="2024-07-06T17:12:10.259976" level="INFO">{'gender': 'female', 'name': {'title': 'Miss', 'first': 'بهاره', 'last': 'یاسمی'}, 'location': {'street': {'number': 9556, 'name': 'میدان توحید'}, 'city': 'همدان', 'state': 'بوشهر', 'country': 'Iran', 'postcode': 79228, 'coordinates': {'latitude': '18.0651', 'longitude': '86.2463'}, 'timezone': {'offset': '+8:00', 'description': 'Beijing, Perth, Singapore, Hong Kong'}}, 'email': 'bhrh.ysmy@example.com', 'login': {'uuid': '3f2dfbc3-c235-4e8c-b4d6-538b1083884c', 'username': 'greengoose277', 'password': 'softail', 'salt': 'kpu3HXEs', 'md5': 'd228628af6c40d181a070f6111740807', 'sha1': 'de66aa8c5e8e25dfc592ef540d2fe0e24cc9e465', 'sha256': 'd3c293e7edcba57fe977d0ec004809b6cf932785e43f7f8cdaf34bf776e3def2'}, 'dob': {'date': '1974-03-24T02:43:17.186Z', 'age': 50}, 'registered': {'date': '2016-08-07T11:37:51.348Z', 'age': 7}, 'phone': '005-15537522', 'cell': '0993-900-3623', 'id': {'name': '', 'value': None}, 'picture': {'large': 'https://randomuser.me/api/portraits/women/11.jpg', 'medium': 'https://randomuser.me/api/portraits/med/women/11.jpg', 'thumbnail': 'https://randomuser.me/api/portraits/thumb/women/11.jpg'}, 'nat': 'IR'}</msg>
<arg>${json_data['results'][0]}</arg>
<doc>Logs the given message with the given level.</doc>
<status status="PASS" start="2024-07-06T17:12:10.259630" elapsed="0.000395"/>
</kw>
<kw name="Log" owner="BuiltIn">
<msg time="2024-07-06T17:12:10.260444" level="INFO">location</msg>
<arg>${key}</arg>
<doc>Logs the given message with the given level.</doc>
<status status="PASS" start="2024-07-06T17:12:10.260319" elapsed="0.000161"/>
</kw>
<var name="${key}">location</var>
<status status="PASS" start="2024-07-06T17:12:10.258979" elapsed="0.001725"/>
</iter>
<iter>
<kw name="Dictionary Should Contain Key" owner="Collections">
<arg>${json_data['results'][0]}</arg>
<arg>${key}</arg>
<doc>Fails if ``key`` is not found from ``dictionary``.</doc>
<status status="PASS" start="2024-07-06T17:12:10.261013" elapsed="0.000385"/>
</kw>
<kw name="Log" owner="BuiltIn">
<msg time="2024-07-06T17:12:10.261944" level="INFO">{'gender': 'female', 'name': {'title': 'Miss', 'first': 'بهاره', 'last': 'یاسمی'}, 'location': {'street': {'number': 9556, 'name': 'میدان توحید'}, 'city': 'همدان', 'state': 'بوشهر', 'country': 'Iran', 'postcode': 79228, 'coordinates': {'latitude': '18.0651', 'longitude': '86.2463'}, 'timezone': {'offset': '+8:00', 'description': 'Beijing, Perth, Singapore, Hong Kong'}}, 'email': 'bhrh.ysmy@example.com', 'login': {'uuid': '3f2dfbc3-c235-4e8c-b4d6-538b1083884c', 'username': 'greengoose277', 'password': 'softail', 'salt': 'kpu3HXEs', 'md5': 'd228628af6c40d181a070f6111740807', 'sha1': 'de66aa8c5e8e25dfc592ef540d2fe0e24cc9e465', 'sha256': 'd3c293e7edcba57fe977d0ec004809b6cf932785e43f7f8cdaf34bf776e3def2'}, 'dob': {'date': '1974-03-24T02:43:17.186Z', 'age': 50}, 'registered': {'date': '2016-08-07T11:37:51.348Z', 'age': 7}, 'phone': '005-15537522', 'cell': '0993-900-3623', 'id': {'name': '', 'value': None}, 'picture': {'large': 'https://randomuser.me/api/portraits/women/11.jpg', 'medium': 'https://randomuser.me/api/portraits/med/women/11.jpg', 'thumbnail': 'https://randomuser.me/api/portraits/thumb/women/11.jpg'}, 'nat': 'IR'}</msg>
<arg>${json_data['results'][0]}</arg>
<doc>Logs the given message with the given level.</doc>
<status status="PASS" start="2024-07-06T17:12:10.261576" elapsed="0.000428"/>
</kw>
<kw name="Log" owner="BuiltIn">
<msg time="2024-07-06T17:12:10.262422" level="INFO">email</msg>
<arg>${key}</arg>
<doc>Logs the given message with the given level.</doc>
<status status="PASS" start="2024-07-06T17:12:10.262297" elapsed="0.000162"/>
</kw>
<var name="${key}">email</var>
<status status="PASS" start="2024-07-06T17:12:10.260898" elapsed="0.001778"/>
</iter>
<iter>
<kw name="Dictionary Should Contain Key" owner="Collections">
<arg>${json_data['results'][0]}</arg>
<arg>${key}</arg>
<doc>Fails if ``key`` is not found from ``dictionary``.</doc>
<status status="PASS" start="2024-07-06T17:12:10.262960" elapsed="0.000540"/>
</kw>
<kw name="Log" owner="BuiltIn">
<msg time="2024-07-06T17:12:10.264042" level="INFO">{'gender': 'female', 'name': {'title': 'Miss', 'first': 'بهاره', 'last': 'یاسمی'}, 'location': {'street': {'number': 9556, 'name': 'میدان توحید'}, 'city': 'همدان', 'state': 'بوشهر', 'country': 'Iran', 'postcode': 79228, 'coordinates': {'latitude': '18.0651', 'longitude': '86.2463'}, 'timezone': {'offset': '+8:00', 'description': 'Beijing, Perth, Singapore, Hong Kong'}}, 'email': 'bhrh.ysmy@example.com', 'login': {'uuid': '3f2dfbc3-c235-4e8c-b4d6-538b1083884c', 'username': 'greengoose277', 'password': 'softail', 'salt': 'kpu3HXEs', 'md5': 'd228628af6c40d181a070f6111740807', 'sha1': 'de66aa8c5e8e25dfc592ef540d2fe0e24cc9e465', 'sha256': 'd3c293e7edcba57fe977d0ec004809b6cf932785e43f7f8cdaf34bf776e3def2'}, 'dob': {'date': '1974-03-24T02:43:17.186Z', 'age': 50}, 'registered': {'date': '2016-08-07T11:37:51.348Z', 'age': 7}, 'phone': '005-15537522', 'cell': '0993-900-3623', 'id': {'name': '', 'value': None}, 'picture': {'large': 'https://randomuser.me/api/portraits/women/11.jpg', 'medium': 'https://randomuser.me/api/portraits/med/women/11.jpg', 'thumbnail': 'https://randomuser.me/api/portraits/thumb/women/11.jpg'}, 'nat': 'IR'}</msg>
<arg>${json_data['results'][0]}</arg>
<doc>Logs the given message with the given level.</doc>
<status status="PASS" start="2024-07-06T17:12:10.263684" elapsed="0.000408"/>
</kw>
<kw name="Log" owner="BuiltIn">
<msg time="2024-07-06T17:12:10.264510" level="INFO">login</msg>
<arg>${key}</arg>
<doc>Logs the given message with the given level.</doc>
<status status="PASS" start="2024-07-06T17:12:10.264384" elapsed="0.000163"/>
</kw>
<var name="${key}">login</var>
<status status="PASS" start="2024-07-06T17:12:10.262849" elapsed="0.001910"/>
</iter>
<var>${key}</var>
<value>@{expected_keys}</value>
<status status="PASS" start="2024-07-06T17:12:10.254849" elapsed="0.010030"/>
</for>
<kw name="Create List" owner="BuiltIn">
<msg time="2024-07-06T17:12:10.265239" level="INFO">${expected_keysTwo} = ['username', 'password']</msg>
<var>${expected_keysTwo}</var>
<arg>username</arg>
<arg>password</arg>
<doc>Returns a list containing given items.</doc>
<status status="PASS" start="2024-07-06T17:12:10.265065" elapsed="0.000199"/>
</kw>
<for flavor="IN">
<iter>
<kw name="Dictionary Should Contain Key" owner="Collections">
<arg>${json_data['results'][0]['login']}</arg>
<arg>${keyTwo}</arg>
<doc>Fails if ``key`` is not found from ``dictionary``.</doc>
<status status="PASS" start="2024-07-06T17:12:10.265753" elapsed="0.000411"/>
</kw>
<kw name="Dictionary Should Contain Key" owner="Collections">
<arg>${json_data['results'][0]['login']}</arg>
<arg>${keyTwo}</arg>
<doc>Fails if ``key`` is not found from ``dictionary``.</doc>
<status status="PASS" start="2024-07-06T17:12:10.266340" elapsed="0.000376"/>
</kw>
<kw name="Log" owner="BuiltIn">
<msg time="2024-07-06T17:12:10.267012" level="INFO">username</msg>
<arg>${keyTwo}</arg>
<doc>Logs the given message with the given level.</doc>
<status status="PASS" start="2024-07-06T17:12:10.266894" elapsed="0.000155"/>
</kw>
<var name="${keyTwo}">username</var>
<status status="PASS" start="2024-07-06T17:12:10.265648" elapsed="0.001620"/>
</iter>
<iter>
<kw name="Dictionary Should Contain Key" owner="Collections">
<arg>${json_data['results'][0]['login']}</arg>
<arg>${keyTwo}</arg>
<doc>Fails if ``key`` is not found from ``dictionary``.</doc>
<status status="PASS" start="2024-07-06T17:12:10.267541" elapsed="0.000377"/>
</kw>
<kw name="Dictionary Should Contain Key" owner="Collections">
<arg>${json_data['results'][0]['login']}</arg>
<arg>${keyTwo}</arg>
<doc>Fails if ``key`` is not found from ``dictionary``.</doc>
<status status="PASS" start="2024-07-06T17:12:10.268092" elapsed="0.000387"/>
</kw>
<kw name="Log" owner="BuiltIn">
<msg time="2024-07-06T17:12:10.268770" level="INFO">password</msg>
<arg>${keyTwo}</arg>
<doc>Logs the given message with the given level.</doc>
<status status="PASS" start="2024-07-06T17:12:10.268653" elapsed="0.000160"/>
</kw>
<var name="${keyTwo}">password</var>
<status status="PASS" start="2024-07-06T17:12:10.267436" elapsed="0.001684"/>
</iter>
<var>${keyTwo}</var>
<value>@{expected_keysTwo}</value>
<status status="PASS" start="2024-07-06T17:12:10.265501" elapsed="0.003738"/>
</for>
<status status="PASS" start="2024-07-06T17:12:10.155544" elapsed="0.113829"/>
</kw>
<doc>Testa a estrutura da resposta da API.</doc>
<tag>testeEstruturaResposta</tag>
<status status="PASS" start="2024-07-06T17:12:10.154979" elapsed="0.114538"/>
</test>
<test id="s1-s1-t4" name="Validar tipos de dados" line="28">
<kw name="Teste de Tipos de Dados" owner="random-user-service">
<kw name="GET On Session" owner="RequestsLibrary">
<msg time="2024-07-06T17:12:10.344763" level="INFO">GET Request : url=https://randomuser.me/api 
 path_url=/api 
 headers={'User-Agent': 'python-requests/2.32.3', 'Accept-Encoding': 'gzip, deflate', 'Accept': '*/*', 'Connection': 'keep-alive'} 
 body=None 
 </msg>
<msg time="2024-07-06T17:12:10.344848" level="INFO">GET Response : url=https://randomuser.me/api 
 status=200, reason=OK 
 headers={'Date': 'Sat, 06 Jul 2024 17:12:10 GMT', 'Content-Type': 'application/json; charset=utf-8', 'Transfer-Encoding': 'chunked', 'Connection': 'keep-alive', 'X-Powered-By': 'Express', 'Access-Control-Allow-Origin': '*', 'Cache-Control': 'no-cache', 'ETag': 'W/"4ba-ZtdOKttPsaKyNR3/abj/xgrBEQg"', 'Vary': 'Accept-Encoding', 'Content-Encoding': 'gzip', 'CF-Cache-Status': 'DYNAMIC', 'Report-To': '{"endpoints":[{"url":"https:\\/\\/a.nel.cloudflare.com\\/report\\/v4?s=HTy3VbGHgZ1qJdODDWID0P6KCt7A%2BouqwWF3bZiEoU%2FilTxYKYaizNNf02KzRjZ3TYXdIOs%2BsPzM33W%2BpPWVJXJRx1V16JxX3YEqkk99oFdy9PisnS627aF3JWlAo9EH"}],"group":"cf-nel","max_age":604800}', 'NEL': '{"success_fraction":0,"report_to":"cf-nel","max_age":604800}', 'Server': 'cloudflare', 'CF-RAY': '89f137d83a525a94-IAD', 'alt-svc': 'h3=":443"; ma=86400'} 
 body={"results":[{"gender":"female","name":{"title":"Mrs","first":"Isabel","last":"Colón"},"location":{"street":{"number":5355,"name":"Continuación Cintrón"},"city":"Club de Golf Santa Anita","state":"Zacatecas","country":"Mexico","postcode":79404,"coordinates":{"latitude":"27.1773","longitude":"86.5276"},"timezone":{"offset":"+11:00","description":"Magadan, Solomon Islands, New Caledonia"}},"email":"isabel.colon@example.com","login":{"uuid":"838f872f-c4f5-4bd5-8e6d-0af272feacb8","username":"ticklishbear710","password":"glock","salt":"r8wR2wX4","md5":"17f17f2eba81982882e87a314d25d259","sha1":"38f7052f4a725e355d852230af0bc4539f856002","sha256":"77bb082fa3f3a0dc049ed2a99ab6e7d699a0cb89c2fb0d9c162f417ddb430426"},"dob":{"date":"2000-05-18T19:10:58.801Z","age":24},"registered":{"date":"2005-02-03T08:29:04.027Z","age":19},"phone":"(619) 967 7574","cell":"(691) 887 8543","id":{"name":"NSS","value":"79 80 10 5558 6"},"picture":{"large":"https://randomuser.me/api/portraits/women/47.jpg","medium":"https://randomuser.me/api/portraits/med/women/47.jpg","thumbnail":"https://randomuser.me/api/portraits/thumb/women/47.jpg"},"nat":"MX"}],"info":{"seed":"d1d9dab217346008","results":1,"page":1,"version":"1.4"}} 
 </msg>
<msg time="2024-07-06T17:12:10.344925" level="INFO">/opt/hostedtoolcache/Python/3.12.4/x64/lib/python3.12/site-packages/urllib3/connectionpool.py:1099: InsecureRequestWarning: Unverified HTTPS request is being made to host 'randomuser.me'. Adding certificate verification is strongly advised. See: https://urllib3.readthedocs.io/en/latest/advanced-usage.html#tls-warnings
  warnings.warn(</msg>
<msg time="2024-07-06T17:12:10.345067" level="INFO">${response} = &lt;Response [200]&gt;</msg>
<var>${response}</var>
<arg>consultarAPI</arg>
<arg>/api</arg>
<doc>Sends a GET request on a previously created HTTP Session.</doc>
<status status="PASS" start="2024-07-06T17:12:10.272021" elapsed="0.073098"/>
</kw>
<kw name="Set Variable" owner="BuiltIn">
<msg time="2024-07-06T17:12:10.346090" level="INFO">${json_data} = {'results': [{'gender': 'female', 'name': {'title': 'Mrs', 'first': 'Isabel', 'last': 'Colón'}, 'location': {'street': {'number': 5355, 'name': 'Continuación Cintrón'}, 'city': 'Club de Golf Santa Ani...</msg>
<var>${json_data}</var>
<arg>${response.json()}</arg>
<doc>Returns the given values which can then be assigned to a variables.</doc>
<status status="PASS" start="2024-07-06T17:12:10.345591" elapsed="0.000529"/>
</kw>
<kw name="Log" owner="BuiltIn">
<msg time="2024-07-06T17:12:10.346599" level="INFO">{'results': [{'gender': 'female', 'name': {'title': 'Mrs', 'first': 'Isabel', 'last': 'Colón'}, 'location': {'street': {'number': 5355, 'name': 'Continuación Cintrón'}, 'city': 'Club de Golf Santa Anita', 'state': 'Zacatecas', 'country': 'Mexico', 'postcode': 79404, 'coordinates': {'latitude': '27.1773', 'longitude': '86.5276'}, 'timezone': {'offset': '+11:00', 'description': 'Magadan, Solomon Islands, New Caledonia'}}, 'email': 'isabel.colon@example.com', 'login': {'uuid': '838f872f-c4f5-4bd5-8e6d-0af272feacb8', 'username': 'ticklishbear710', 'password': 'glock', 'salt': 'r8wR2wX4', 'md5': '17f17f2eba81982882e87a314d25d259', 'sha1': '38f7052f4a725e355d852230af0bc4539f856002', 'sha256': '77bb082fa3f3a0dc049ed2a99ab6e7d699a0cb89c2fb0d9c162f417ddb430426'}, 'dob': {'date': '2000-05-18T19:10:58.801Z', 'age': 24}, 'registered': {'date': '2005-02-03T08:29:04.027Z', 'age': 19}, 'phone': '(619) 967 7574', 'cell': '(691) 887 8543', 'id': {'name': 'NSS', 'value': '79 80 10 5558 6'}, 'picture': {'large': 'https://randomuser.me/api/portraits/women/47.jpg', 'medium': 'https://randomuser.me/api/portraits/med/women/47.jpg', 'thumbnail': 'https://randomuser.me/api/portraits/thumb/women/47.jpg'}, 'nat': 'MX'}], 'info': {'seed': 'd1d9dab217346008', 'results': 1, 'page': 1, 'version': '1.4'}}</msg>
<arg>${json_data}</arg>
<doc>Logs the given message with the given level.</doc>
<status status="PASS" start="2024-07-06T17:12:10.346437" elapsed="0.000213"/>
</kw>
<kw name="Should Be String" owner="String">
<arg>${json_data['results'][0]['gender']}</arg>
<doc>Fails if the given ``item`` is not a string.</doc>
<status status="PASS" start="2024-07-06T17:12:10.346943" elapsed="0.000363"/>
</kw>
<kw name="Should Match Regexp" owner="BuiltIn">
<arg>${json_data['results'][0]['email']}</arg>
<arg>^[a-zA-Z0-9._%+-]+@[a-zA-Z0-9.-]+\.[a-zA-Z]{2,}$</arg>
<doc>Fails if ``string`` does not match ``pattern`` as a regular expression.</doc>
<status status="PASS" start="2024-07-06T17:12:10.347528" elapsed="0.000513"/>
</kw>
<kw name="Should Match Regexp" owner="BuiltIn">
<arg>${json_data['results'][0]['dob']['date']}</arg>
<arg>\\d{4}-\\d{2}-\\d{2}T\\d{2}:\\d{2}:\\d{2}\\.\\d{3}Z</arg>
<doc>Fails if ``string`` does not match ``pattern`` as a regular expression.</doc>
<status status="PASS" start="2024-07-06T17:12:10.348237" elapsed="0.000481"/>
</kw>
<kw name="Should Match Regexp" owner="BuiltIn">
<arg>${json_data['results'][0]['registered']['date']}</arg>
<arg>\\d{4}-\\d{2}-\\d{2}T\\d{2}:\\d{2}:\\d{2}\\.\\d{3}Z</arg>
<doc>Fails if ``string`` does not match ``pattern`` as a regular expression.</doc>
<status status="PASS" start="2024-07-06T17:12:10.348910" elapsed="0.000364"/>
</kw>
<kw name="Should Match Regexp" owner="BuiltIn">
<arg>${json_data['results'][0]['picture']['large']}</arg>
<arg>^https?://.*\.(?:png|jpe?g|gif|bmp)$</arg>
<doc>Fails if ``string`` does not match ``pattern`` as a regular expression.</doc>
<status status="PASS" start="2024-07-06T17:12:10.349458" elapsed="0.000493"/>
</kw>
<kw name="Should Match Regexp" owner="BuiltIn">
<arg>${json_data['results'][0]['picture']['medium']}</arg>
<arg>^https?://.*\.(?:png|jpe?g|gif|bmp)$</arg>
<doc>Fails if ``string`` does not match ``pattern`` as a regular expression.</doc>
<status status="PASS" start="2024-07-06T17:12:10.350144" elapsed="0.000356"/>
</kw>
<kw name="Should Match Regexp" owner="BuiltIn">
<arg>${json_data['results'][0]['picture']['thumbnail']}</arg>
<arg>^https?://.*\.(?:png|jpe?g|gif|bmp)$</arg>
<doc>Fails if ``string`` does not match ``pattern`` as a regular expression.</doc>
<status status="PASS" start="2024-07-06T17:12:10.350683" elapsed="0.000346"/>
</kw>
<kw name="Log" owner="BuiltIn">
<msg time="2024-07-06T17:12:10.351541" level="INFO">{'large': 'https://randomuser.me/api/portraits/women/47.jpg', 'medium': 'https://randomuser.me/api/portraits/med/women/47.jpg', 'thumbnail': 'https://randomuser.me/api/portraits/thumb/women/47.jpg'}</msg>
<arg>${json_data['results'][0]['picture']}</arg>
<doc>Logs the given message with the given level.</doc>
<status status="PASS" start="2024-07-06T17:12:10.351210" elapsed="0.000373"/>
</kw>
<status status="PASS" start="2024-07-06T17:12:10.271806" elapsed="0.080031"/>
</kw>
<kw name="Teste de Tipos de Dados - Postcode" owner="random-user-service">
<kw name="GET On Session" owner="RequestsLibrary">
<msg time="2024-07-06T17:12:10.453100" level="INFO">GET Request : url=https://randomuser.me/api 
 path_url=/api 
 headers={'User-Agent': 'python-requests/2.32.3', 'Accept-Encoding': 'gzip, deflate', 'Accept': '*/*', 'Connection': 'keep-alive'} 
 body=None 
 </msg>
<msg time="2024-07-06T17:12:10.453185" level="INFO">GET Response : url=https://randomuser.me/api 
 status=200, reason=OK 
 headers={'Date': 'Sat, 06 Jul 2024 17:12:10 GMT', 'Content-Type': 'application/json; charset=utf-8', 'Transfer-Encoding': 'chunked', 'Connection': 'keep-alive', 'X-Powered-By': 'Express', 'Access-Control-Allow-Origin': '*', 'Cache-Control': 'no-cache', 'ETag': 'W/"4ac-/tGczIyVAaLgAaUExp5vo2YdNKo"', 'Vary': 'Accept-Encoding', 'Content-Encoding': 'gzip', 'CF-Cache-Status': 'DYNAMIC', 'Report-To': '{"endpoints":[{"url":"https:\\/\\/a.nel.cloudflare.com\\/report\\/v4?s=B4eXspPBhRu6lCLwio3C1WXQeGOC6LMIbxAUYeazkhAsVTRK8NgkMhDA3tNXAUG1q2%2B5w6eGZ5Iv5oyFc88X1bCItFe5L0MUjDh3irH%2ByuVmixT83pwNwK2ZcJuGykvZ"}],"group":"cf-nel","max_age":604800}', 'NEL': '{"success_fraction":0,"report_to":"cf-nel","max_age":604800}', 'Server': 'cloudflare', 'CF-RAY': '89f137d8baac5a94-IAD', 'alt-svc': 'h3=":443"; ma=86400'} 
 body={"results":[{"gender":"female","name":{"title":"Ms","first":"Andréa","last":"Aubert"},"location":{"street":{"number":2816,"name":"Rue des Cuirassiers"},"city":"Caen","state":"Charente","country":"France","postcode":21881,"coordinates":{"latitude":"-19.4184","longitude":"138.8428"},"timezone":{"offset":"+5:00","description":"Ekaterinburg, Islamabad, Karachi, Tashkent"}},"email":"andrea.aubert@example.com","login":{"uuid":"10da4b32-2d5e-4e94-a4a5-375d90faee6e","username":"goldenelephant546","password":"myself","salt":"1w63Krlr","md5":"20505f895a105b0fb962525f7d77601d","sha1":"99000d941e322ba4427bd539c97376379fde3a6c","sha256":"0981de52638a3ee97b532c675eddc40cad6aef50f5dbbe3dc96378cdabc7801c"},"dob":{"date":"1963-06-30T10:05:50.850Z","age":61},"registered":{"date":"2019-08-13T02:06:14.189Z","age":4},"phone":"01-96-89-49-34","cell":"06-24-80-76-06","id":{"name":"INSEE","value":"2630551170778 17"},"picture":{"large":"https://randomuser.me/api/portraits/women/59.jpg","medium":"https://randomuser.me/api/portraits/med/women/59.jpg","thumbnail":"https://randomuser.me/api/portraits/thumb/women/59.jpg"},"nat":"FR"}],"info":{"seed":"2233e874af137d70","results":1,"page":1,"version":"1.4"}} 
 </msg>
<msg time="2024-07-06T17:12:10.453263" level="INFO">/opt/hostedtoolcache/Python/3.12.4/x64/lib/python3.12/site-packages/urllib3/connectionpool.py:1099: InsecureRequestWarning: Unverified HTTPS request is being made to host 'randomuser.me'. Adding certificate verification is strongly advised. See: https://urllib3.readthedocs.io/en/latest/advanced-usage.html#tls-warnings
  warnings.warn(</msg>
<msg time="2024-07-06T17:12:10.453404" level="INFO">${response} = &lt;Response [200]&gt;</msg>
<var>${response}</var>
<arg>consultarAPI</arg>
<arg>/api</arg>
<doc>Sends a GET request on a previously created HTTP Session.</doc>
<status status="PASS" start="2024-07-06T17:12:10.352260" elapsed="0.101194"/>
</kw>
<kw name="Set Variable" owner="BuiltIn">
<msg time="2024-07-06T17:12:10.454367" level="INFO">${json_data} = {'results': [{'gender': 'female', 'name': {'title': 'Ms', 'first': 'Andréa', 'last': 'Aubert'}, 'location': {'street': {'number': 2816, 'name': 'Rue des Cuirassiers'}, 'city': 'Caen', 'state': 'Charen...</msg>
<var>${json_data}</var>
<arg>${response.json()}</arg>
<doc>Returns the given values which can then be assigned to a variables.</doc>
<status status="PASS" start="2024-07-06T17:12:10.453919" elapsed="0.000478"/>
</kw>
<kw name="Log" owner="BuiltIn">
<msg time="2024-07-06T17:12:10.454858" level="INFO">{'results': [{'gender': 'female', 'name': {'title': 'Ms', 'first': 'Andréa', 'last': 'Aubert'}, 'location': {'street': {'number': 2816, 'name': 'Rue des Cuirassiers'}, 'city': 'Caen', 'state': 'Charente', 'country': 'France', 'postcode': 21881, 'coordinates': {'latitude': '-19.4184', 'longitude': '138.8428'}, 'timezone': {'offset': '+5:00', 'description': 'Ekaterinburg, Islamabad, Karachi, Tashkent'}}, 'email': 'andrea.aubert@example.com', 'login': {'uuid': '10da4b32-2d5e-4e94-a4a5-375d90faee6e', 'username': 'goldenelephant546', 'password': 'myself', 'salt': '1w63Krlr', 'md5': '20505f895a105b0fb962525f7d77601d', 'sha1': '99000d941e322ba4427bd539c97376379fde3a6c', 'sha256': '0981de52638a3ee97b532c675eddc40cad6aef50f5dbbe3dc96378cdabc7801c'}, 'dob': {'date': '1963-06-30T10:05:50.850Z', 'age': 61}, 'registered': {'date': '2019-08-13T02:06:14.189Z', 'age': 4}, 'phone': '01-96-89-49-34', 'cell': '06-24-80-76-06', 'id': {'name': 'INSEE', 'value': '2630551170778 17'}, 'picture': {'large': 'https://randomuser.me/api/portraits/women/59.jpg', 'medium': 'https://randomuser.me/api/portraits/med/women/59.jpg', 'thumbnail': 'https://randomuser.me/api/portraits/thumb/women/59.jpg'}, 'nat': 'FR'}], 'info': {'seed': '2233e874af137d70', 'results': 1, 'page': 1, 'version': '1.4'}}</msg>
<arg>${json_data}</arg>
<doc>Logs the given message with the given level.</doc>
<status status="PASS" start="2024-07-06T17:12:10.454704" elapsed="0.000206"/>
</kw>
<kw name="Should Be Equal As Numbers" owner="BuiltIn">
<arg>${json_data['results'][0]['location']['postcode']}</arg>
<arg>${json_data['results'][0]['location']['postcode']}</arg>
<doc>Fails if objects are unequal after converting them to real numbers.</doc>
<status status="PASS" start="2024-07-06T17:12:10.455203" elapsed="0.000616"/>
</kw>
<kw name="Log" owner="BuiltIn">
<msg time="2024-07-06T17:12:10.456496" level="INFO">21881</msg>
<arg>${json_data['results'][0]['location']['postcode']}</arg>
<doc>Logs the given message with the given level.</doc>
<status status="PASS" start="2024-07-06T17:12:10.456041" elapsed="0.000497"/>
</kw>
<status status="PASS" start="2024-07-06T17:12:10.352045" elapsed="0.104744"/>
</kw>
<doc>Testa se os tipos de dados na resposta da API estão corretos.</doc>
<tag>testeTiposDados</tag>
<status status="PASS" start="2024-07-06T17:12:10.271289" elapsed="0.185656"/>
</test>
<test id="s1-s1-t5" name="Validar conteudo" line="35">
<kw name="Teste de Tipos de Conteudo" owner="random-user-service">
<kw name="GET On Session" owner="RequestsLibrary">
<msg time="2024-07-06T17:12:10.580160" level="INFO">GET Request : url=https://randomuser.me/api 
 path_url=/api 
 headers={'User-Agent': 'python-requests/2.32.3', 'Accept-Encoding': 'gzip, deflate', 'Accept': '*/*', 'Connection': 'keep-alive'} 
 body=None 
 </msg>
<msg time="2024-07-06T17:12:10.580244" level="INFO">GET Response : url=https://randomuser.me/api 
 status=200, reason=OK 
 headers={'Date': 'Sat, 06 Jul 2024 17:12:10 GMT', 'Content-Type': 'application/json; charset=utf-8', 'Transfer-Encoding': 'chunked', 'Connection': 'keep-alive', 'X-Powered-By': 'Express', 'Access-Control-Allow-Origin': '*', 'Cache-Control': 'no-cache', 'ETag': 'W/"473-uhvFlkZY3kAeCB7epZAfzPhaeCw"', 'Vary': 'Accept-Encoding', 'Content-Encoding': 'gzip', 'CF-Cache-Status': 'DYNAMIC', 'Report-To': '{"endpoints":[{"url":"https:\\/\\/a.nel.cloudflare.com\\/report\\/v4?s=cgO0XB9QVrV1tTzzVTz71bO30aXdukB%2FzjkIdQCZhk3Um2Vql2OsufYmUIPb%2B32WA6vbm0ryQ0vHp2owv9BsCor9WJq49ISERI0h5DdZtUP1qypdUzBm34JungoGpYUD"}],"group":"cf-nel","max_age":604800}', 'NEL': '{"success_fraction":0,"report_to":"cf-nel","max_age":604800}', 'Server': 'cloudflare', 'CF-RAY': '89f137d96b275a94-IAD', 'alt-svc': 'h3=":443"; ma=86400'} 
 body={"results":[{"gender":"male","name":{"title":"Mr","first":"Jordan","last":"Jennings"},"location":{"street":{"number":2198,"name":"Mill Lane"},"city":"Newbridge","state":"Cavan","country":"Ireland","postcode":60283,"coordinates":{"latitude":"0.2228","longitude":"-153.5119"},"timezone":{"offset":"-3:30","description":"Newfoundland"}},"email":"jordan.jennings@example.com","login":{"uuid":"87536b08-8964-4901-82f3-174c07cf00cf","username":"yellowelephant192","password":"brady","salt":"GLyrLbeF","md5":"8f423486d6e6a154b0cbb2aab21e8404","sha1":"db98cd91acb6bafa383451dd3a859e23414a2e85","sha256":"2cd169817d6a159f708cbd31c137fe5a34b8fdb07908640992a271dba0a6d911"},"dob":{"date":"1971-12-15T21:25:37.766Z","age":52},"registered":{"date":"2007-07-08T13:09:28.084Z","age":16},"phone":"011-479-0079","cell":"081-995-7188","id":{"name":"PPS","value":"1808578T"},"picture":{"large":"https://randomuser.me/api/portraits/men/79.jpg","medium":"https://randomuser.me/api/portraits/med/men/79.jpg","thumbnail":"https://randomuser.me/api/portraits/thumb/men/79.jpg"},"nat":"IE"}],"info":{"seed":"9d7d53916ef1bb34","results":1,"page":1,"version":"1.4"}} 
 </msg>
<msg time="2024-07-06T17:12:10.580320" level="INFO">/opt/hostedtoolcache/Python/3.12.4/x64/lib/python3.12/site-packages/urllib3/connectionpool.py:1099: InsecureRequestWarning: Unverified HTTPS request is being made to host 'randomuser.me'. Adding certificate verification is strongly advised. See: https://urllib3.readthedocs.io/en/latest/advanced-usage.html#tls-warnings
  warnings.warn(</msg>
<msg time="2024-07-06T17:12:10.580463" level="INFO">${response} = &lt;Response [200]&gt;</msg>
<var>${response}</var>
<arg>consultarAPI</arg>
<arg>/api</arg>
<doc>Sends a GET request on a previously created HTTP Session.</doc>
<status status="PASS" start="2024-07-06T17:12:10.459347" elapsed="0.121173"/>
</kw>
<kw name="Set Variable" owner="BuiltIn">
<msg time="2024-07-06T17:12:10.581419" level="INFO">${json_data} = {'results': [{'gender': 'male', 'name': {'title': 'Mr', 'first': 'Jordan', 'last': 'Jennings'}, 'location': {'street': {'number': 2198, 'name': 'Mill Lane'}, 'city': 'Newbridge', 'state': 'Cavan', 'co...</msg>
<var>${json_data}</var>
<arg>${response.json()}</arg>
<doc>Returns the given values which can then be assigned to a variables.</doc>
<status status="PASS" start="2024-07-06T17:12:10.580979" elapsed="0.000469"/>
</kw>
<kw name="Set Variable" owner="BuiltIn">
<msg time="2024-07-06T17:12:10.582190" level="INFO">${name_title} = Mr</msg>
<var>${name_title}</var>
<arg>${json_data["results"][0]["name"]["title"]}</arg>
<doc>Returns the given values which can then be assigned to a variables.</doc>
<status status="PASS" start="2024-07-06T17:12:10.581759" elapsed="0.000457"/>
</kw>
<kw name="Create List" owner="BuiltIn">
<msg time="2024-07-06T17:12:10.582661" level="INFO">${allowed_titles} = ['Mr', 'Ms', 'Miss', 'Mrs', 'Madame', 'Monsieur']</msg>
<var>${allowed_titles}</var>
<arg>Mr</arg>
<arg>Ms</arg>
<arg>Miss</arg>
<arg>Mrs</arg>
<arg>Madame</arg>
<arg>Monsieur</arg>
<doc>Returns a list containing given items.</doc>
<status status="PASS" start="2024-07-06T17:12:10.582513" elapsed="0.000173"/>
</kw>
<kw name="List Should Contain Value" owner="Collections">
<arg>${allowed_titles}</arg>
<arg>${name_title}</arg>
<doc>Fails if the ``value`` is not found from ``list``.</doc>
<status status="PASS" start="2024-07-06T17:12:10.582984" elapsed="0.000177"/>
</kw>
<kw name="Set Variable" owner="BuiltIn">
<msg time="2024-07-06T17:12:10.583706" level="INFO">${name_country} = IE</msg>
<var>${name_country}</var>
<arg>${json_data["results"][0]["nat"]}</arg>
<doc>Returns the given values which can then be assigned to a variables.</doc>
<status status="PASS" start="2024-07-06T17:12:10.583342" elapsed="0.000389"/>
</kw>
<kw name="Create List" owner="BuiltIn">
<msg time="2024-07-06T17:12:10.584610" level="INFO">${list_country} = ['AD', 'AE', 'AF', 'AG', 'AI', 'AL', 'AM', 'AO', 'AQ', 'AR', 'AS', 'AT', 'AU', 'AW', 'AX', 'AZ', 'BA', 'BB', 'BD', 'BE', 'BF', 'BG', 'BH', 'BI', 'BJ', 'BL', 'BM', 'BN', 'BO', 'BQ', 'BR', 'BS', 'BT', '...</msg>
<var>${list_country}</var>
<arg>AD</arg>
<arg>AE</arg>
<arg>AF</arg>
<arg>AG</arg>
<arg>AI</arg>
<arg>AL</arg>
<arg>AM</arg>
<arg>AO</arg>
<arg>AQ</arg>
<arg>AR</arg>
<arg>AS</arg>
<arg>AT</arg>
<arg>AU</arg>
<arg>AW</arg>
<arg>AX</arg>
<arg>AZ</arg>
<arg>BA</arg>
<arg>BB</arg>
<arg>BD</arg>
<arg>BE</arg>
<arg>BF</arg>
<arg>BG</arg>
<arg>BH</arg>
<arg>BI</arg>
<arg>BJ</arg>
<arg>BL</arg>
<arg>BM</arg>
<arg>BN</arg>
<arg>BO</arg>
<arg>BQ</arg>
<arg>BR</arg>
<arg>BS</arg>
<arg>BT</arg>
<arg>BV</arg>
<arg>BW</arg>
<arg>BY</arg>
<arg>BZ</arg>
<arg>CA</arg>
<arg>CC</arg>
<arg>CD</arg>
<arg>CF</arg>
<arg>CG</arg>
<arg>CH</arg>
<arg>CI</arg>
<arg>CK</arg>
<arg>CL</arg>
<arg>CM</arg>
<arg>CN</arg>
<arg>CO</arg>
<arg>CR</arg>
<arg>CU</arg>
<arg>CV</arg>
<arg>CW</arg>
<arg>CX</arg>
<arg>CY</arg>
<arg>CZ</arg>
<arg>DE</arg>
<arg>DJ</arg>
<arg>DK</arg>
<arg>DM</arg>
<arg>DO</arg>
<arg>DZ</arg>
<arg>EC</arg>
<arg>EE</arg>
<arg>EG</arg>
<arg>EH</arg>
<arg>ER</arg>
<arg>ES</arg>
<arg>ET</arg>
<arg>FI</arg>
<arg>FJ</arg>
<arg>FK</arg>
<arg>FM</arg>
<arg>FO</arg>
<arg>FR</arg>
<arg>GA</arg>
<arg>GB</arg>
<arg>GD</arg>
<arg>GE</arg>
<arg>GF</arg>
<arg>GG</arg>
<arg>GH</arg>
<arg>GI</arg>
<arg>GL</arg>
<arg>GM</arg>
<arg>GN</arg>
<arg>GP</arg>
<arg>GQ</arg>
<arg>GR</arg>
<arg>GS</arg>
<arg>GT</arg>
<arg>GU</arg>
<arg>GW</arg>
<arg>GY</arg>
<arg>HK</arg>
<arg>HM</arg>
<arg>HN</arg>
<arg>HR</arg>
<arg>HT</arg>
<arg>HU</arg>
<arg>ID</arg>
<arg>IE</arg>
<arg>IL</arg>
<arg>IM</arg>
<arg>IN</arg>
<arg>IO</arg>
<arg>IQ</arg>
<arg>IR</arg>
<arg>IS</arg>
<arg>IT</arg>
<arg>JE</arg>
<arg>JM</arg>
<arg>JO</arg>
<arg>JP</arg>
<arg>KE</arg>
<arg>KG</arg>
<arg>KH</arg>
<arg>KI</arg>
<arg>KM</arg>
<arg>KN</arg>
<arg>KP</arg>
<arg>KR</arg>
<arg>KW</arg>
<arg>KY</arg>
<arg>KZ</arg>
<arg>LA</arg>
<arg>LB</arg>
<arg>LC</arg>
<arg>LI</arg>
<arg>LK</arg>
<arg>LR</arg>
<arg>LS</arg>
<arg>LT</arg>
<arg>LU</arg>
<arg>LV</arg>
<arg>LY</arg>
<arg>MA</arg>
<arg>MC</arg>
<arg>MD</arg>
<arg>ME</arg>
<arg>MF</arg>
<arg>MG</arg>
<arg>MH</arg>
<arg>MK</arg>
<arg>ML</arg>
<arg>MM</arg>
<arg>MN</arg>
<arg>MO</arg>
<arg>MP</arg>
<arg>MQ</arg>
<arg>MR</arg>
<arg>MS</arg>
<arg>MT</arg>
<arg>MU</arg>
<arg>MV</arg>
<arg>MW</arg>
<arg>MX</arg>
<arg>MY</arg>
<arg>MZ</arg>
<arg>NA</arg>
<arg>NC</arg>
<arg>NE</arg>
<arg>NF</arg>
<arg>NG</arg>
<arg>NI</arg>
<arg>NL</arg>
<arg>NO</arg>
<arg>NP</arg>
<arg>NR</arg>
<arg>NU</arg>
<arg>NZ</arg>
<arg>OM</arg>
<arg>PA</arg>
<arg>PE</arg>
<arg>PF</arg>
<arg>PG</arg>
<arg>PH</arg>
<arg>PK</arg>
<arg>PL</arg>
<arg>PM</arg>
<arg>PN</arg>
<arg>PR</arg>
<arg>PS</arg>
<arg>PT</arg>
<arg>PW</arg>
<arg>PY</arg>
<arg>QA</arg>
<arg>RE</arg>
<arg>RO</arg>
<arg>RS</arg>
<arg>RU</arg>
<arg>RW</arg>
<arg>SA</arg>
<arg>SB</arg>
<arg>SC</arg>
<arg>SD</arg>
<arg>SE</arg>
<arg>SG</arg>
<arg>SH</arg>
<arg>SI</arg>
<arg>SJ</arg>
<arg>SK</arg>
<arg>SL</arg>
<arg>SM</arg>
<arg>SN</arg>
<arg>SO</arg>
<arg>SR</arg>
<arg>SS</arg>
<arg>ST</arg>
<arg>SV</arg>
<arg>SX</arg>
<arg>SY</arg>
<arg>SZ</arg>
<arg>TC</arg>
<arg>TD</arg>
<arg>TF</arg>
<arg>TG</arg>
<arg>TH</arg>
<arg>TJ</arg>
<arg>TK</arg>
<arg>TL</arg>
<arg>TM</arg>
<arg>TN</arg>
<arg>TO</arg>
<arg>TR</arg>
<arg>TT</arg>
<arg>TV</arg>
<arg>TW</arg>
<arg>TZ</arg>
<arg>UA</arg>
<arg>UG</arg>
<arg>UM</arg>
<arg>US</arg>
<arg>UY</arg>
<arg>UZ</arg>
<arg>VA</arg>
<arg>VC</arg>
<arg>VE</arg>
<arg>VG</arg>
<arg>VI</arg>
<arg>VN</arg>
<arg>VU</arg>
<arg>WF</arg>
<arg>WS</arg>
<arg>XK</arg>
<arg>YE</arg>
<arg>YT</arg>
<arg>ZA</arg>
<arg>ZM</arg>
<arg>ZW</arg>
<doc>Returns a list containing given items.</doc>
<status status="PASS" start="2024-07-06T17:12:10.584017" elapsed="0.000620"/>
</kw>
<kw name="List Should Contain Value" owner="Collections">
<arg>${list_country}</arg>
<arg>${name_country}</arg>
<doc>Fails if the ``value`` is not found from ``list``.</doc>
<status status="PASS" start="2024-07-06T17:12:10.585425" elapsed="0.000200"/>
</kw>
<kw name="Run Keyword If" owner="BuiltIn">
<kw name="Should Be True" owner="BuiltIn">
<arg>${True}</arg>
<doc>Fails if the given condition is not true.</doc>
<status status="PASS" start="2024-07-06T17:12:10.586574" elapsed="0.000142"/>
</kw>
<arg>${json_data["results"][0]["location"]["coordinates"]["latitude"]} &gt;= -90 and ${json_data["results"][0]["location"]["coordinates"]["latitude"]} &lt;= 90</arg>
<arg>Should Be True</arg>
<arg>${True}</arg>
<doc>Runs the given keyword with the given arguments, if ``condition`` is true.</doc>
<status status="PASS" start="2024-07-06T17:12:10.585817" elapsed="0.001022"/>
</kw>
<kw name="Run Keyword If" owner="BuiltIn">
<kw name="Should Be True" owner="BuiltIn">
<arg>${True}</arg>
<doc>Fails if the given condition is not true.</doc>
<status status="PASS" start="2024-07-06T17:12:10.587712" elapsed="0.000227"/>
</kw>
<arg>${json_data["results"][0]["location"]["coordinates"]["longitude"]} &gt;= -180 and ${json_data["results"][0]["location"]["coordinates"]["longitude"]} &lt;= 180</arg>
<arg>Should Be True</arg>
<arg>${True}</arg>
<doc>Runs the given keyword with the given arguments, if ``condition`` is true.</doc>
<status status="PASS" start="2024-07-06T17:12:10.587018" elapsed="0.001048"/>
</kw>
<status status="PASS" start="2024-07-06T17:12:10.459093" elapsed="0.129100"/>
</kw>
<doc>Testa o conteúdo específico dos campos retornados pela API.</doc>
<tag>testeConteudo</tag>
<status status="PASS" start="2024-07-06T17:12:10.458693" elapsed="0.129639"/>
</test>
<status status="PASS" start="2024-07-06T17:12:09.576974" elapsed="1.013244"/>
</suite>
<status status="PASS" start="2024-07-06T17:12:09.562433" elapsed="1.032736"/>
</suite>
<statistics>
<total>
<stat pass="5" fail="0" skip="0">All Tests</stat>
</total>
<tag>
<stat pass="1" fail="0" skip="0">testeConteudo</stat>
<stat pass="1" fail="0" skip="0">testeEstruturaResposta</stat>
<stat pass="1" fail="0" skip="0">testeRequisicaoBasica</stat>
<stat pass="1" fail="0" skip="0">testeTiposDados</stat>
</tag>
<suite>
<stat pass="5" fail="0" skip="0" id="s1" name="Tests">Tests</stat>
<stat pass="5" fail="0" skip="0" id="s1-s1" name="Random-User-Test">Tests.Random-User-Test</stat>
</suite>
</statistics>
<errors>
</errors>
</robot>
