<?xml version="1.0" encoding="UTF-8"?>
<robot generator="Robot 7.0 (Python 3.12.2 on linux)" generated="2024-03-31T21:11:15.127719" rpa="false" schemaversion="5">
<suite id="s1" name="Tests" source="/home/runner/work/DesafioQAItauRogerioJordao/DesafioQAItauRogerioJordao/RamdonUser/tests">
<suite id="s1-s1" name="Random-User-Test" source="/home/runner/work/DesafioQAItauRogerioJordao/DesafioQAItauRogerioJordao/RamdonUser/tests/random-user-test.robot">
<test id="s1-s1-t1" name="Conectar" line="13">
<kw name="Conectar API" owner="random-user-service">
<kw name="Create Session" owner="RequestsLibrary">
<msg time="2024-03-31T21:11:15.484067" level="INFO">Creating Session using : alias=consultarAPI, url=https://randomuser.me/, headers={},                     cookies={}, auth=None, timeout=None, proxies=None, verify=False,                     debug=0 </msg>
<arg>consultarAPI</arg>
<arg>${URL}</arg>
<doc>Create Session: create a HTTP session to a server</doc>
<status status="PASS" start="2024-03-31T21:11:15.483851" elapsed="0.000403"/>
</kw>
<status status="PASS" start="2024-03-31T21:11:15.482766" elapsed="0.001867"/>
</kw>
<status status="PASS" start="2024-03-31T21:11:15.482082" elapsed="0.002759"/>
</test>
<test id="s1-s1-t2" name="Validar retorno 200 e JSON Válido" line="16">
<kw name="Teste de Requisicao Basica" owner="random-user-service">
<kw name="GET On Session" owner="RequestsLibrary">
<msg time="2024-03-31T21:11:15.649964" level="INFO">GET Request : url=https://randomuser.me/api 
 path_url=/api 
 headers={'User-Agent': 'python-requests/2.31.0', 'Accept-Encoding': 'gzip, deflate', 'Accept': '*/*', 'Connection': 'keep-alive'} 
 body=None 
 </msg>
<msg time="2024-03-31T21:11:15.650141" level="INFO">GET Response : url=https://randomuser.me/api 
 status=200, reason=OK 
 headers={'Date': 'Sun, 31 Mar 2024 21:11:15 GMT', 'Content-Type': 'application/json; charset=utf-8', 'Transfer-Encoding': 'chunked', 'Connection': 'keep-alive', 'X-Powered-By': 'Express', 'Access-Control-Allow-Origin': '*', 'Cache-Control': 'no-cache', 'ETag': 'W/"49a-1WXAlCVeSnQyczdnjgC0n80vG4Y"', 'Vary': 'Accept-Encoding', 'Content-Encoding': 'gzip', 'CF-Cache-Status': 'DYNAMIC', 'Report-To': '{"endpoints":[{"url":"https:\\/\\/a.nel.cloudflare.com\\/report\\/v4?s=NtY8LyksXF5lzgliTlVPWf4u%2BzwuxtBoQsQiPiZRLnivmEz4C7cZ34pubCAxAq%2FvsGMmCLtX4zXxOKyxFHfYPCJ6VdEm62bcMsauYXsJ114hcv1ekTvmNq7%2F8aPc7gcV"}],"group":"cf-nel","max_age":604800}', 'NEL': '{"success_fraction":0,"report_to":"cf-nel","max_age":604800}', 'Server': 'cloudflare', 'CF-RAY': '86d354b22bee102c-LAX', 'alt-svc': 'h3=":443"; ma=86400'} 
 body={"results":[{"gender":"female","name":{"title":"Mrs","first":"Tilde","last":"Mortensen"},"location":{"street":{"number":9041,"name":"Åtoften"},"city":"St.Merløse","state":"Nordjylland","country":"Denmark","postcode":59127,"coordinates":{"latitude":"-44.8330","longitude":"24.4328"},"timezone":{"offset":"0:00","description":"Western Europe Time, London, Lisbon, Casablanca"}},"email":"tilde.mortensen@example.com","login":{"uuid":"f867efc8-89ed-424b-b042-476b805045f6","username":"blackfish547","password":"danny","salt":"M42lpTTb","md5":"83077fb2ab653a984e319b24636d455e","sha1":"6ed4f90ec7cf9e20c31bbb3e2b1f684716cee121","sha256":"055f8de15cf6a6fcb4b6f95ca1b46f3f0a84cf734d09c5aa81eaf9b7446fa10e"},"dob":{"date":"1968-08-29T14:08:58.113Z","age":55},"registered":{"date":"2016-11-26T05:17:59.149Z","age":7},"phone":"03023947","cell":"70428676","id":{"name":"CPR","value":"290868-5857"},"picture":{"large":"https://randomuser.me/api/portraits/women/51.jpg","medium":"https://randomuser.me/api/portraits/med/women/51.jpg","thumbnail":"https://randomuser.me/api/portraits/thumb/women/51.jpg"},"nat":"DK"}],"info":{"seed":"5431cb1801ddcbde","results":1,"page":1,"version":"1.4"}} 
 </msg>
<msg time="2024-03-31T21:11:15.650275" level="INFO">/opt/hostedtoolcache/Python/3.12.2/x64/lib/python3.12/site-packages/urllib3/connectionpool.py:1103: InsecureRequestWarning: Unverified HTTPS request is being made to host 'randomuser.me'. Adding certificate verification is strongly advised. See: https://urllib3.readthedocs.io/en/latest/advanced-usage.html#tls-warnings
  warnings.warn(</msg>
<msg time="2024-03-31T21:11:15.650446" level="INFO">${response} = &lt;Response [200]&gt;</msg>
<var>${response}</var>
<arg>consultarAPI</arg>
<arg>/api</arg>
<doc>Sends a GET request on a previously created HTTP Session.</doc>
<status status="PASS" start="2024-03-31T21:11:15.487592" elapsed="0.162926"/>
</kw>
<kw name="Should Be Equal As Numbers" owner="BuiltIn">
<msg time="2024-03-31T21:11:15.651578" level="INFO">Argument types are:
&lt;class 'int'&gt;
&lt;class 'str'&gt;</msg>
<arg>${response.status_code}</arg>
<arg>200</arg>
<doc>Fails if objects are unequal after converting them to real numbers.</doc>
<status status="PASS" start="2024-03-31T21:11:15.651090" elapsed="0.000560"/>
</kw>
<kw name="Log" owner="BuiltIn">
<msg time="2024-03-31T21:11:15.652430" level="INFO">200</msg>
<arg>${response.status_code}</arg>
<doc>Logs the given message with the given level.</doc>
<status status="PASS" start="2024-03-31T21:11:15.652033" elapsed="0.000443"/>
</kw>
<kw name="Set Variable" owner="BuiltIn">
<msg time="2024-03-31T21:11:15.653354" level="INFO">${json_data} = {'results': [{'gender': 'female', 'name': {'title': 'Mrs', 'first': 'Tilde', 'last': 'Mortensen'}, 'location': {'street': {'number': 9041, 'name': 'Åtoften'}, 'city': 'St.Merløse', 'state': 'Nordjylla...</msg>
<var>${json_data}</var>
<arg>${response.json()}</arg>
<doc>Returns the given values which can then be assigned to a variables.</doc>
<status status="PASS" start="2024-03-31T21:11:15.652847" elapsed="0.000537"/>
</kw>
<kw name="Dictionary Should Contain Key" owner="Collections">
<msg time="2024-03-31T21:11:15.653904" level="INFO">False</msg>
<arg>${json_data}</arg>
<arg>results</arg>
<doc>Fails if ``key`` is not found from ``dictionary``.</doc>
<status status="PASS" start="2024-03-31T21:11:15.653719" elapsed="0.000226"/>
</kw>
<status status="PASS" start="2024-03-31T21:11:15.487327" elapsed="0.166886"/>
</kw>
<doc>Testa se a API responde corretamente e retorna um objeto JSON válido.</doc>
<tag>testeRequisicaoBasica</tag>
<status status="PASS" start="2024-03-31T21:11:15.486729" elapsed="0.167677"/>
</test>
<test id="s1-s1-t3" name="Validar estrutura de resposta" line="22">
<kw name="Teste de Estrutura de Resposta" owner="random-user-service">
<kw name="GET On Session" owner="RequestsLibrary">
<msg time="2024-03-31T21:11:15.750111" level="INFO">GET Request : url=https://randomuser.me/api 
 path_url=/api 
 headers={'User-Agent': 'python-requests/2.31.0', 'Accept-Encoding': 'gzip, deflate', 'Accept': '*/*', 'Connection': 'keep-alive'} 
 body=None 
 </msg>
<msg time="2024-03-31T21:11:15.750228" level="INFO">GET Response : url=https://randomuser.me/api 
 status=200, reason=OK 
 headers={'Date': 'Sun, 31 Mar 2024 21:11:15 GMT', 'Content-Type': 'application/json; charset=utf-8', 'Transfer-Encoding': 'chunked', 'Connection': 'keep-alive', 'X-Powered-By': 'Express', 'Access-Control-Allow-Origin': '*', 'Cache-Control': 'no-cache', 'ETag': 'W/"498-bV3+tcrt4hjThZRbWxIgNoaojBE"', 'Vary': 'Accept-Encoding', 'Content-Encoding': 'gzip', 'CF-Cache-Status': 'DYNAMIC', 'Report-To': '{"endpoints":[{"url":"https:\\/\\/a.nel.cloudflare.com\\/report\\/v4?s=eos50jxh%2FcVgwi3wAd0Tr6R22MaCVOQCpv5qCzqgXmX%2FoZgn%2BjDIrMEtR7zLjyuri%2BzEx1bbOuRCy2rVUA%2Fj9P0hD%2FL6dGbE8YXE7mrVMVT0Lu%2FA63zYzCG4BnVWynRe"}],"group":"cf-nel","max_age":604800}', 'NEL': '{"success_fraction":0,"report_to":"cf-nel","max_age":604800}', 'Server': 'cloudflare', 'CF-RAY': '86d354b2ed05102c-LAX', 'alt-svc': 'h3=":443"; ma=86400'} 
 body={"results":[{"gender":"female","name":{"title":"Miss","first":"Helena","last":"Dias"},"location":{"street":{"number":3080,"name":"Rua Dom Pedro Ii "},"city":"Ribeirão Pires","state":"Bahia","country":"Brazil","postcode":78030,"coordinates":{"latitude":"-78.9937","longitude":"98.4506"},"timezone":{"offset":"-3:00","description":"Brazil, Buenos Aires, Georgetown"}},"email":"helena.dias@example.com","login":{"uuid":"664544b2-c076-4f50-a511-2a1d48303c85","username":"bigcat708","password":"altima","salt":"dCA7udPv","md5":"851c70340b503cca1c4dfcd223aa53f8","sha1":"846cc15838fa0a7d2d270c1cc7972e599634f6d9","sha256":"bd3ae80da5a2db4a064581765e80dc6216859520b45d900a54ca96097c79ba19"},"dob":{"date":"1948-11-06T16:00:19.385Z","age":75},"registered":{"date":"2019-07-17T06:08:22.701Z","age":4},"phone":"(52) 0275-3081","cell":"(37) 9663-5923","id":{"name":"CPF","value":"532.458.856-12"},"picture":{"large":"https://randomuser.me/api/portraits/women/24.jpg","medium":"https://randomuser.me/api/portraits/med/women/24.jpg","thumbnail":"https://randomuser.me/api/portraits/thumb/women/24.jpg"},"nat":"BR"}],"info":{"seed":"08bba0909af31dec","results":1,"page":1,"version":"1.4"}} 
 </msg>
<msg time="2024-03-31T21:11:15.750393" level="INFO">/opt/hostedtoolcache/Python/3.12.2/x64/lib/python3.12/site-packages/urllib3/connectionpool.py:1103: InsecureRequestWarning: Unverified HTTPS request is being made to host 'randomuser.me'. Adding certificate verification is strongly advised. See: https://urllib3.readthedocs.io/en/latest/advanced-usage.html#tls-warnings
  warnings.warn(</msg>
<msg time="2024-03-31T21:11:15.750545" level="INFO">${response} = &lt;Response [200]&gt;</msg>
<var>${response}</var>
<arg>consultarAPI</arg>
<arg>/api</arg>
<doc>Sends a GET request on a previously created HTTP Session.</doc>
<status status="PASS" start="2024-03-31T21:11:15.657370" elapsed="0.093228"/>
</kw>
<kw name="Set Variable" owner="BuiltIn">
<msg time="2024-03-31T21:11:15.751816" level="INFO">${json_data} = {'results': [{'gender': 'female', 'name': {'title': 'Miss', 'first': 'Helena', 'last': 'Dias'}, 'location': {'street': {'number': 3080, 'name': 'Rua Dom Pedro Ii '}, 'city': 'Ribeirão Pires', 'state':...</msg>
<var>${json_data}</var>
<arg>${response.json()}</arg>
<doc>Returns the given values which can then be assigned to a variables.</doc>
<status status="PASS" start="2024-03-31T21:11:15.751244" elapsed="0.000603"/>
</kw>
<kw name="Log" owner="BuiltIn">
<msg time="2024-03-31T21:11:15.752366" level="INFO">{'results': [{'gender': 'female', 'name': {'title': 'Miss', 'first': 'Helena', 'last': 'Dias'}, 'location': {'street': {'number': 3080, 'name': 'Rua Dom Pedro Ii '}, 'city': 'Ribeirão Pires', 'state': 'Bahia', 'country': 'Brazil', 'postcode': 78030, 'coordinates': {'latitude': '-78.9937', 'longitude': '98.4506'}, 'timezone': {'offset': '-3:00', 'description': 'Brazil, Buenos Aires, Georgetown'}}, 'email': 'helena.dias@example.com', 'login': {'uuid': '664544b2-c076-4f50-a511-2a1d48303c85', 'username': 'bigcat708', 'password': 'altima', 'salt': 'dCA7udPv', 'md5': '851c70340b503cca1c4dfcd223aa53f8', 'sha1': '846cc15838fa0a7d2d270c1cc7972e599634f6d9', 'sha256': 'bd3ae80da5a2db4a064581765e80dc6216859520b45d900a54ca96097c79ba19'}, 'dob': {'date': '1948-11-06T16:00:19.385Z', 'age': 75}, 'registered': {'date': '2019-07-17T06:08:22.701Z', 'age': 4}, 'phone': '(52) 0275-3081', 'cell': '(37) 9663-5923', 'id': {'name': 'CPF', 'value': '532.458.856-12'}, 'picture': {'large': 'https://randomuser.me/api/portraits/women/24.jpg', 'medium': 'https://randomuser.me/api/portraits/med/women/24.jpg', 'thumbnail': 'https://randomuser.me/api/portraits/thumb/women/24.jpg'}, 'nat': 'BR'}], 'info': {'seed': '08bba0909af31dec', 'results': 1, 'page': 1, 'version': '1.4'}}</msg>
<arg>${json_data}</arg>
<doc>Logs the given message with the given level.</doc>
<status status="PASS" start="2024-03-31T21:11:15.752197" elapsed="0.000221"/>
</kw>
<kw name="Dictionary Should Contain Key" owner="Collections">
<msg time="2024-03-31T21:11:15.752890" level="INFO">False</msg>
<arg>${json_data}</arg>
<arg>results</arg>
<doc>Fails if ``key`` is not found from ``dictionary``.</doc>
<status status="PASS" start="2024-03-31T21:11:15.752726" elapsed="0.000202"/>
</kw>
<kw name="Should Not Be Empty" owner="BuiltIn">
<msg time="2024-03-31T21:11:15.753420" level="INFO">Length is 2.</msg>
<arg>${json_data}</arg>
<doc>Verifies that the given item is not empty.</doc>
<status status="PASS" start="2024-03-31T21:11:15.753270" elapsed="0.000189"/>
</kw>
<kw name="Create List" owner="BuiltIn">
<msg time="2024-03-31T21:11:15.753910" level="INFO">${expected_keys} = ['gender', 'name', 'location', 'email', 'login']</msg>
<var>${expected_keys}</var>
<arg>gender</arg>
<arg>name</arg>
<arg>location</arg>
<arg>email</arg>
<arg>login</arg>
<doc>Returns a list containing given items.</doc>
<status status="PASS" start="2024-03-31T21:11:15.753755" elapsed="0.000180"/>
</kw>
<for flavor="IN">
<iter>
<kw name="Dictionary Should Contain Key" owner="Collections">
<msg time="2024-03-31T21:11:15.754954" level="INFO">False</msg>
<arg>${json_data['results'][0]}</arg>
<arg>${key}</arg>
<doc>Fails if ``key`` is not found from ``dictionary``.</doc>
<status status="PASS" start="2024-03-31T21:11:15.754533" elapsed="0.000460"/>
</kw>
<kw name="Log" owner="BuiltIn">
<msg time="2024-03-31T21:11:15.755677" level="INFO">{'gender': 'female', 'name': {'title': 'Miss', 'first': 'Helena', 'last': 'Dias'}, 'location': {'street': {'number': 3080, 'name': 'Rua Dom Pedro Ii '}, 'city': 'Ribeirão Pires', 'state': 'Bahia', 'country': 'Brazil', 'postcode': 78030, 'coordinates': {'latitude': '-78.9937', 'longitude': '98.4506'}, 'timezone': {'offset': '-3:00', 'description': 'Brazil, Buenos Aires, Georgetown'}}, 'email': 'helena.dias@example.com', 'login': {'uuid': '664544b2-c076-4f50-a511-2a1d48303c85', 'username': 'bigcat708', 'password': 'altima', 'salt': 'dCA7udPv', 'md5': '851c70340b503cca1c4dfcd223aa53f8', 'sha1': '846cc15838fa0a7d2d270c1cc7972e599634f6d9', 'sha256': 'bd3ae80da5a2db4a064581765e80dc6216859520b45d900a54ca96097c79ba19'}, 'dob': {'date': '1948-11-06T16:00:19.385Z', 'age': 75}, 'registered': {'date': '2019-07-17T06:08:22.701Z', 'age': 4}, 'phone': '(52) 0275-3081', 'cell': '(37) 9663-5923', 'id': {'name': 'CPF', 'value': '532.458.856-12'}, 'picture': {'large': 'https://randomuser.me/api/portraits/women/24.jpg', 'medium': 'https://randomuser.me/api/portraits/med/women/24.jpg', 'thumbnail': 'https://randomuser.me/api/portraits/thumb/women/24.jpg'}, 'nat': 'BR'}</msg>
<arg>${json_data['results'][0]}</arg>
<doc>Logs the given message with the given level.</doc>
<status status="PASS" start="2024-03-31T21:11:15.755303" elapsed="0.000430"/>
</kw>
<kw name="Log" owner="BuiltIn">
<msg time="2024-03-31T21:11:15.756176" level="INFO">gender</msg>
<arg>${key}</arg>
<doc>Logs the given message with the given level.</doc>
<status status="PASS" start="2024-03-31T21:11:15.756043" elapsed="0.000172"/>
</kw>
<var name="${key}">gender</var>
<status status="PASS" start="2024-03-31T21:11:15.754405" elapsed="0.002032"/>
</iter>
<iter>
<kw name="Dictionary Should Contain Key" owner="Collections">
<msg time="2024-03-31T21:11:15.757128" level="INFO">False</msg>
<arg>${json_data['results'][0]}</arg>
<arg>${key}</arg>
<doc>Fails if ``key`` is not found from ``dictionary``.</doc>
<status status="PASS" start="2024-03-31T21:11:15.756747" elapsed="0.000419"/>
</kw>
<kw name="Log" owner="BuiltIn">
<msg time="2024-03-31T21:11:15.757898" level="INFO">{'gender': 'female', 'name': {'title': 'Miss', 'first': 'Helena', 'last': 'Dias'}, 'location': {'street': {'number': 3080, 'name': 'Rua Dom Pedro Ii '}, 'city': 'Ribeirão Pires', 'state': 'Bahia', 'country': 'Brazil', 'postcode': 78030, 'coordinates': {'latitude': '-78.9937', 'longitude': '98.4506'}, 'timezone': {'offset': '-3:00', 'description': 'Brazil, Buenos Aires, Georgetown'}}, 'email': 'helena.dias@example.com', 'login': {'uuid': '664544b2-c076-4f50-a511-2a1d48303c85', 'username': 'bigcat708', 'password': 'altima', 'salt': 'dCA7udPv', 'md5': '851c70340b503cca1c4dfcd223aa53f8', 'sha1': '846cc15838fa0a7d2d270c1cc7972e599634f6d9', 'sha256': 'bd3ae80da5a2db4a064581765e80dc6216859520b45d900a54ca96097c79ba19'}, 'dob': {'date': '1948-11-06T16:00:19.385Z', 'age': 75}, 'registered': {'date': '2019-07-17T06:08:22.701Z', 'age': 4}, 'phone': '(52) 0275-3081', 'cell': '(37) 9663-5923', 'id': {'name': 'CPF', 'value': '532.458.856-12'}, 'picture': {'large': 'https://randomuser.me/api/portraits/women/24.jpg', 'medium': 'https://randomuser.me/api/portraits/med/women/24.jpg', 'thumbnail': 'https://randomuser.me/api/portraits/thumb/women/24.jpg'}, 'nat': 'BR'}</msg>
<arg>${json_data['results'][0]}</arg>
<doc>Logs the given message with the given level.</doc>
<status status="PASS" start="2024-03-31T21:11:15.757519" elapsed="0.000429"/>
</kw>
<kw name="Log" owner="BuiltIn">
<msg time="2024-03-31T21:11:15.758379" level="INFO">name</msg>
<arg>${key}</arg>
<doc>Logs the given message with the given level.</doc>
<status status="PASS" start="2024-03-31T21:11:15.758249" elapsed="0.000169"/>
</kw>
<var name="${key}">name</var>
<status status="PASS" start="2024-03-31T21:11:15.756632" elapsed="0.002016"/>
</iter>
<iter>
<kw name="Dictionary Should Contain Key" owner="Collections">
<msg time="2024-03-31T21:11:15.759317" level="INFO">False</msg>
<arg>${json_data['results'][0]}</arg>
<arg>${key}</arg>
<doc>Fails if ``key`` is not found from ``dictionary``.</doc>
<status status="PASS" start="2024-03-31T21:11:15.758942" elapsed="0.000413"/>
</kw>
<kw name="Log" owner="BuiltIn">
<msg time="2024-03-31T21:11:15.760020" level="INFO">{'gender': 'female', 'name': {'title': 'Miss', 'first': 'Helena', 'last': 'Dias'}, 'location': {'street': {'number': 3080, 'name': 'Rua Dom Pedro Ii '}, 'city': 'Ribeirão Pires', 'state': 'Bahia', 'country': 'Brazil', 'postcode': 78030, 'coordinates': {'latitude': '-78.9937', 'longitude': '98.4506'}, 'timezone': {'offset': '-3:00', 'description': 'Brazil, Buenos Aires, Georgetown'}}, 'email': 'helena.dias@example.com', 'login': {'uuid': '664544b2-c076-4f50-a511-2a1d48303c85', 'username': 'bigcat708', 'password': 'altima', 'salt': 'dCA7udPv', 'md5': '851c70340b503cca1c4dfcd223aa53f8', 'sha1': '846cc15838fa0a7d2d270c1cc7972e599634f6d9', 'sha256': 'bd3ae80da5a2db4a064581765e80dc6216859520b45d900a54ca96097c79ba19'}, 'dob': {'date': '1948-11-06T16:00:19.385Z', 'age': 75}, 'registered': {'date': '2019-07-17T06:08:22.701Z', 'age': 4}, 'phone': '(52) 0275-3081', 'cell': '(37) 9663-5923', 'id': {'name': 'CPF', 'value': '532.458.856-12'}, 'picture': {'large': 'https://randomuser.me/api/portraits/women/24.jpg', 'medium': 'https://randomuser.me/api/portraits/med/women/24.jpg', 'thumbnail': 'https://randomuser.me/api/portraits/thumb/women/24.jpg'}, 'nat': 'BR'}</msg>
<arg>${json_data['results'][0]}</arg>
<doc>Logs the given message with the given level.</doc>
<status status="PASS" start="2024-03-31T21:11:15.759655" elapsed="0.000418"/>
</kw>
<kw name="Log" owner="BuiltIn">
<msg time="2024-03-31T21:11:15.760497" level="INFO">location</msg>
<arg>${key}</arg>
<doc>Logs the given message with the given level.</doc>
<status status="PASS" start="2024-03-31T21:11:15.760370" elapsed="0.000166"/>
</kw>
<var name="${key}">location</var>
<status status="PASS" start="2024-03-31T21:11:15.758830" elapsed="0.001925"/>
</iter>
<iter>
<kw name="Dictionary Should Contain Key" owner="Collections">
<msg time="2024-03-31T21:11:15.761468" level="INFO">False</msg>
<arg>${json_data['results'][0]}</arg>
<arg>${key}</arg>
<doc>Fails if ``key`` is not found from ``dictionary``.</doc>
<status status="PASS" start="2024-03-31T21:11:15.761038" elapsed="0.000468"/>
</kw>
<kw name="Log" owner="BuiltIn">
<msg time="2024-03-31T21:11:15.762172" level="INFO">{'gender': 'female', 'name': {'title': 'Miss', 'first': 'Helena', 'last': 'Dias'}, 'location': {'street': {'number': 3080, 'name': 'Rua Dom Pedro Ii '}, 'city': 'Ribeirão Pires', 'state': 'Bahia', 'country': 'Brazil', 'postcode': 78030, 'coordinates': {'latitude': '-78.9937', 'longitude': '98.4506'}, 'timezone': {'offset': '-3:00', 'description': 'Brazil, Buenos Aires, Georgetown'}}, 'email': 'helena.dias@example.com', 'login': {'uuid': '664544b2-c076-4f50-a511-2a1d48303c85', 'username': 'bigcat708', 'password': 'altima', 'salt': 'dCA7udPv', 'md5': '851c70340b503cca1c4dfcd223aa53f8', 'sha1': '846cc15838fa0a7d2d270c1cc7972e599634f6d9', 'sha256': 'bd3ae80da5a2db4a064581765e80dc6216859520b45d900a54ca96097c79ba19'}, 'dob': {'date': '1948-11-06T16:00:19.385Z', 'age': 75}, 'registered': {'date': '2019-07-17T06:08:22.701Z', 'age': 4}, 'phone': '(52) 0275-3081', 'cell': '(37) 9663-5923', 'id': {'name': 'CPF', 'value': '532.458.856-12'}, 'picture': {'large': 'https://randomuser.me/api/portraits/women/24.jpg', 'medium': 'https://randomuser.me/api/portraits/med/women/24.jpg', 'thumbnail': 'https://randomuser.me/api/portraits/thumb/women/24.jpg'}, 'nat': 'BR'}</msg>
<arg>${json_data['results'][0]}</arg>
<doc>Logs the given message with the given level.</doc>
<status status="PASS" start="2024-03-31T21:11:15.761805" elapsed="0.000416"/>
</kw>
<kw name="Log" owner="BuiltIn">
<msg time="2024-03-31T21:11:15.762644" level="INFO">email</msg>
<arg>${key}</arg>
<doc>Logs the given message with the given level.</doc>
<status status="PASS" start="2024-03-31T21:11:15.762516" elapsed="0.000166"/>
</kw>
<var name="${key}">email</var>
<status status="PASS" start="2024-03-31T21:11:15.760928" elapsed="0.001974"/>
</iter>
<iter>
<kw name="Dictionary Should Contain Key" owner="Collections">
<msg time="2024-03-31T21:11:15.763583" level="INFO">False</msg>
<arg>${json_data['results'][0]}</arg>
<arg>${key}</arg>
<doc>Fails if ``key`` is not found from ``dictionary``.</doc>
<status status="PASS" start="2024-03-31T21:11:15.763208" elapsed="0.000412"/>
</kw>
<kw name="Log" owner="BuiltIn">
<msg time="2024-03-31T21:11:15.764280" level="INFO">{'gender': 'female', 'name': {'title': 'Miss', 'first': 'Helena', 'last': 'Dias'}, 'location': {'street': {'number': 3080, 'name': 'Rua Dom Pedro Ii '}, 'city': 'Ribeirão Pires', 'state': 'Bahia', 'country': 'Brazil', 'postcode': 78030, 'coordinates': {'latitude': '-78.9937', 'longitude': '98.4506'}, 'timezone': {'offset': '-3:00', 'description': 'Brazil, Buenos Aires, Georgetown'}}, 'email': 'helena.dias@example.com', 'login': {'uuid': '664544b2-c076-4f50-a511-2a1d48303c85', 'username': 'bigcat708', 'password': 'altima', 'salt': 'dCA7udPv', 'md5': '851c70340b503cca1c4dfcd223aa53f8', 'sha1': '846cc15838fa0a7d2d270c1cc7972e599634f6d9', 'sha256': 'bd3ae80da5a2db4a064581765e80dc6216859520b45d900a54ca96097c79ba19'}, 'dob': {'date': '1948-11-06T16:00:19.385Z', 'age': 75}, 'registered': {'date': '2019-07-17T06:08:22.701Z', 'age': 4}, 'phone': '(52) 0275-3081', 'cell': '(37) 9663-5923', 'id': {'name': 'CPF', 'value': '532.458.856-12'}, 'picture': {'large': 'https://randomuser.me/api/portraits/women/24.jpg', 'medium': 'https://randomuser.me/api/portraits/med/women/24.jpg', 'thumbnail': 'https://randomuser.me/api/portraits/thumb/women/24.jpg'}, 'nat': 'BR'}</msg>
<arg>${json_data['results'][0]}</arg>
<doc>Logs the given message with the given level.</doc>
<status status="PASS" start="2024-03-31T21:11:15.763914" elapsed="0.000415"/>
</kw>
<kw name="Log" owner="BuiltIn">
<msg time="2024-03-31T21:11:15.764746" level="INFO">login</msg>
<arg>${key}</arg>
<doc>Logs the given message with the given level.</doc>
<status status="PASS" start="2024-03-31T21:11:15.764620" elapsed="0.000273"/>
</kw>
<var name="${key}">login</var>
<status status="PASS" start="2024-03-31T21:11:15.763080" elapsed="0.002065"/>
</iter>
<var>${key}</var>
<value>@{expected_keys}</value>
<status status="PASS" start="2024-03-31T21:11:15.754207" elapsed="0.011087"/>
</for>
<kw name="Create List" owner="BuiltIn">
<msg time="2024-03-31T21:11:15.765639" level="INFO">${expected_keysTwo} = ['username', 'password']</msg>
<var>${expected_keysTwo}</var>
<arg>username</arg>
<arg>password</arg>
<doc>Returns a list containing given items.</doc>
<status status="PASS" start="2024-03-31T21:11:15.765498" elapsed="0.000166"/>
</kw>
<for flavor="IN">
<iter>
<kw name="Dictionary Should Contain Key" owner="Collections">
<msg time="2024-03-31T21:11:15.766551" level="INFO">False</msg>
<arg>${json_data['results'][0]['login']}</arg>
<arg>${keyTwo}</arg>
<doc>Fails if ``key`` is not found from ``dictionary``.</doc>
<status status="PASS" start="2024-03-31T21:11:15.766171" elapsed="0.000418"/>
</kw>
<kw name="Dictionary Should Contain Key" owner="Collections">
<msg time="2024-03-31T21:11:15.767542" level="INFO">False</msg>
<arg>${json_data['results'][0]['login']}</arg>
<arg>${keyTwo}</arg>
<doc>Fails if ``key`` is not found from ``dictionary``.</doc>
<status status="PASS" start="2024-03-31T21:11:15.766966" elapsed="0.000636"/>
</kw>
<kw name="Log" owner="BuiltIn">
<msg time="2024-03-31T21:11:15.768087" level="INFO">username</msg>
<arg>${keyTwo}</arg>
<doc>Logs the given message with the given level.</doc>
<status status="PASS" start="2024-03-31T21:11:15.767953" elapsed="0.000171"/>
</kw>
<var name="${keyTwo}">username</var>
<status status="PASS" start="2024-03-31T21:11:15.766060" elapsed="0.002281"/>
</iter>
<iter>
<kw name="Dictionary Should Contain Key" owner="Collections">
<msg time="2024-03-31T21:11:15.769029" level="INFO">False</msg>
<arg>${json_data['results'][0]['login']}</arg>
<arg>${keyTwo}</arg>
<doc>Fails if ``key`` is not found from ``dictionary``.</doc>
<status status="PASS" start="2024-03-31T21:11:15.768639" elapsed="0.000428"/>
</kw>
<kw name="Dictionary Should Contain Key" owner="Collections">
<msg time="2024-03-31T21:11:15.769775" level="INFO">False</msg>
<arg>${json_data['results'][0]['login']}</arg>
<arg>${keyTwo}</arg>
<doc>Fails if ``key`` is not found from ``dictionary``.</doc>
<status status="PASS" start="2024-03-31T21:11:15.769392" elapsed="0.000421"/>
</kw>
<kw name="Log" owner="BuiltIn">
<msg time="2024-03-31T21:11:15.770234" level="INFO">password</msg>
<arg>${keyTwo}</arg>
<doc>Logs the given message with the given level.</doc>
<status status="PASS" start="2024-03-31T21:11:15.770106" elapsed="0.000166"/>
</kw>
<var name="${keyTwo}">password</var>
<status status="PASS" start="2024-03-31T21:11:15.768516" elapsed="0.001972"/>
</iter>
<var>${keyTwo}</var>
<value>@{expected_keysTwo}</value>
<status status="PASS" start="2024-03-31T21:11:15.765906" elapsed="0.004703"/>
</for>
<status status="PASS" start="2024-03-31T21:11:15.657085" elapsed="0.113668"/>
</kw>
<doc>Testa a estrutura da resposta da API.</doc>
<tag>testeEstruturaResposta</tag>
<status status="PASS" start="2024-03-31T21:11:15.656290" elapsed="0.114628"/>
</test>
<test id="s1-s1-t4" name="Validar tipos de dados" line="28">
<kw name="Teste de Tipos de Dados" owner="random-user-service">
<kw name="GET On Session" owner="RequestsLibrary">
<msg time="2024-03-31T21:11:15.870909" level="INFO">GET Request : url=https://randomuser.me/api 
 path_url=/api 
 headers={'User-Agent': 'python-requests/2.31.0', 'Accept-Encoding': 'gzip, deflate', 'Accept': '*/*', 'Connection': 'keep-alive'} 
 body=None 
 </msg>
<msg time="2024-03-31T21:11:15.871004" level="INFO">GET Response : url=https://randomuser.me/api 
 status=200, reason=OK 
 headers={'Date': 'Sun, 31 Mar 2024 21:11:15 GMT', 'Content-Type': 'application/json; charset=utf-8', 'Transfer-Encoding': 'chunked', 'Connection': 'keep-alive', 'X-Powered-By': 'Express', 'Access-Control-Allow-Origin': '*', 'Cache-Control': 'no-cache', 'ETag': 'W/"48c-14ZDymBWLeGUE8L+AQwMXMW+1lc"', 'Vary': 'Accept-Encoding', 'Content-Encoding': 'gzip', 'CF-Cache-Status': 'DYNAMIC', 'Report-To': '{"endpoints":[{"url":"https:\\/\\/a.nel.cloudflare.com\\/report\\/v4?s=Y0qO%2Bi1lzDra0rSOYKWt66i5wzGw%2FJbRLDoobhILzHisOwlFSnjsPpBNi%2B3O0K61ayvwVhRT23wx5Wv6GvrokyTsFY09ou0RwYxe1xpNDp7jSOkeY0J9llBa9jJSUHIL"}],"group":"cf-nel","max_age":604800}', 'NEL': '{"success_fraction":0,"report_to":"cf-nel","max_age":604800}', 'Server': 'cloudflare', 'CF-RAY': '86d354b39e40102c-LAX', 'alt-svc': 'h3=":443"; ma=86400'} 
 body={"results":[{"gender":"male","name":{"title":"Mr","first":"Macit","last":"Karabulut"},"location":{"street":{"number":529,"name":"Fatih Sultan Mehmet Cd"},"city":"Giresun","state":"Kütahya","country":"Turkey","postcode":40244,"coordinates":{"latitude":"69.1935","longitude":"-91.8357"},"timezone":{"offset":"-3:00","description":"Brazil, Buenos Aires, Georgetown"}},"email":"macit.karabulut@example.com","login":{"uuid":"a750c585-b792-47a7-a58e-525fdb0367bc","username":"orangetiger421","password":"fergus","salt":"RDLiEMEN","md5":"f1b18b8bd9c8e5a1d9d018141e3dde13","sha1":"803ca0ef516652660cf559ffdc71a1898820bc34","sha256":"eff263531779f3cbfacb0062928d7a739e9108a1234148e2eca8452a50c2368a"},"dob":{"date":"1952-04-30T11:23:15.386Z","age":71},"registered":{"date":"2008-09-27T07:10:04.310Z","age":15},"phone":"(870)-144-7774","cell":"(091)-051-4579","id":{"name":"","value":null},"picture":{"large":"https://randomuser.me/api/portraits/men/95.jpg","medium":"https://randomuser.me/api/portraits/med/men/95.jpg","thumbnail":"https://randomuser.me/api/portraits/thumb/men/95.jpg"},"nat":"TR"}],"info":{"seed":"c3121a71a53fdcbb","results":1,"page":1,"version":"1.4"}} 
 </msg>
<msg time="2024-03-31T21:11:15.871072" level="INFO">/opt/hostedtoolcache/Python/3.12.2/x64/lib/python3.12/site-packages/urllib3/connectionpool.py:1103: InsecureRequestWarning: Unverified HTTPS request is being made to host 'randomuser.me'. Adding certificate verification is strongly advised. See: https://urllib3.readthedocs.io/en/latest/advanced-usage.html#tls-warnings
  warnings.warn(</msg>
<msg time="2024-03-31T21:11:15.871192" level="INFO">${response} = &lt;Response [200]&gt;</msg>
<var>${response}</var>
<arg>consultarAPI</arg>
<arg>/api</arg>
<doc>Sends a GET request on a previously created HTTP Session.</doc>
<status status="PASS" start="2024-03-31T21:11:15.773539" elapsed="0.097684"/>
</kw>
<kw name="Set Variable" owner="BuiltIn">
<msg time="2024-03-31T21:11:15.872308" level="INFO">${json_data} = {'results': [{'gender': 'male', 'name': {'title': 'Mr', 'first': 'Macit', 'last': 'Karabulut'}, 'location': {'street': {'number': 529, 'name': 'Fatih Sultan Mehmet Cd'}, 'city': 'Giresun', 'state': 'K...</msg>
<var>${json_data}</var>
<arg>${response.json()}</arg>
<doc>Returns the given values which can then be assigned to a variables.</doc>
<status status="PASS" start="2024-03-31T21:11:15.871777" elapsed="0.000559"/>
</kw>
<kw name="Log" owner="BuiltIn">
<msg time="2024-03-31T21:11:15.872815" level="INFO">{'results': [{'gender': 'male', 'name': {'title': 'Mr', 'first': 'Macit', 'last': 'Karabulut'}, 'location': {'street': {'number': 529, 'name': 'Fatih Sultan Mehmet Cd'}, 'city': 'Giresun', 'state': 'Kütahya', 'country': 'Turkey', 'postcode': 40244, 'coordinates': {'latitude': '69.1935', 'longitude': '-91.8357'}, 'timezone': {'offset': '-3:00', 'description': 'Brazil, Buenos Aires, Georgetown'}}, 'email': 'macit.karabulut@example.com', 'login': {'uuid': 'a750c585-b792-47a7-a58e-525fdb0367bc', 'username': 'orangetiger421', 'password': 'fergus', 'salt': 'RDLiEMEN', 'md5': 'f1b18b8bd9c8e5a1d9d018141e3dde13', 'sha1': '803ca0ef516652660cf559ffdc71a1898820bc34', 'sha256': 'eff263531779f3cbfacb0062928d7a739e9108a1234148e2eca8452a50c2368a'}, 'dob': {'date': '1952-04-30T11:23:15.386Z', 'age': 71}, 'registered': {'date': '2008-09-27T07:10:04.310Z', 'age': 15}, 'phone': '(870)-144-7774', 'cell': '(091)-051-4579', 'id': {'name': '', 'value': None}, 'picture': {'large': 'https://randomuser.me/api/portraits/men/95.jpg', 'medium': 'https://randomuser.me/api/portraits/med/men/95.jpg', 'thumbnail': 'https://randomuser.me/api/portraits/thumb/men/95.jpg'}, 'nat': 'TR'}], 'info': {'seed': 'c3121a71a53fdcbb', 'results': 1, 'page': 1, 'version': '1.4'}}</msg>
<arg>${json_data}</arg>
<doc>Logs the given message with the given level.</doc>
<status status="PASS" start="2024-03-31T21:11:15.872653" elapsed="0.000258"/>
</kw>
<kw name="Should Be String" owner="String">
<arg>${json_data['results'][0]['gender']}</arg>
<doc>Fails if the given ``item`` is not a string.</doc>
<status status="PASS" start="2024-03-31T21:11:15.873217" elapsed="0.000408"/>
</kw>
<kw name="Should Match Regexp" owner="BuiltIn">
<arg>${json_data['results'][0]['email']}</arg>
<arg>^[a-zA-Z0-9._%+-]+@[a-zA-Z0-9.-]+\.[a-zA-Z]{2,}$</arg>
<doc>Fails if ``string`` does not match ``pattern`` as a regular expression.</doc>
<status status="PASS" start="2024-03-31T21:11:15.873824" elapsed="0.000530"/>
</kw>
<kw name="Should Match Regexp" owner="BuiltIn">
<arg>${json_data['results'][0]['dob']['date']}</arg>
<arg>\\d{4}-\\d{2}-\\d{2}T\\d{2}:\\d{2}:\\d{2}\\.\\d{3}Z</arg>
<doc>Fails if ``string`` does not match ``pattern`` as a regular expression.</doc>
<status status="PASS" start="2024-03-31T21:11:15.874556" elapsed="0.000497"/>
</kw>
<kw name="Should Match Regexp" owner="BuiltIn">
<arg>${json_data['results'][0]['registered']['date']}</arg>
<arg>\\d{4}-\\d{2}-\\d{2}T\\d{2}:\\d{2}:\\d{2}\\.\\d{3}Z</arg>
<doc>Fails if ``string`` does not match ``pattern`` as a regular expression.</doc>
<status status="PASS" start="2024-03-31T21:11:15.875250" elapsed="0.000370"/>
</kw>
<kw name="Should Match Regexp" owner="BuiltIn">
<arg>${json_data['results'][0]['picture']['large']}</arg>
<arg>^https?://.*\.(?:png|jpe?g|gif|bmp)$</arg>
<doc>Fails if ``string`` does not match ``pattern`` as a regular expression.</doc>
<status status="PASS" start="2024-03-31T21:11:15.875820" elapsed="0.000462"/>
</kw>
<kw name="Should Match Regexp" owner="BuiltIn">
<arg>${json_data['results'][0]['picture']['medium']}</arg>
<arg>^https?://.*\.(?:png|jpe?g|gif|bmp)$</arg>
<doc>Fails if ``string`` does not match ``pattern`` as a regular expression.</doc>
<status status="PASS" start="2024-03-31T21:11:15.876487" elapsed="0.000384"/>
</kw>
<kw name="Should Match Regexp" owner="BuiltIn">
<arg>${json_data['results'][0]['picture']['thumbnail']}</arg>
<arg>^https?://.*\.(?:png|jpe?g|gif|bmp)$</arg>
<doc>Fails if ``string`` does not match ``pattern`` as a regular expression.</doc>
<status status="PASS" start="2024-03-31T21:11:15.877070" elapsed="0.000389"/>
</kw>
<kw name="Log" owner="BuiltIn">
<msg time="2024-03-31T21:11:15.877984" level="INFO">{'large': 'https://randomuser.me/api/portraits/men/95.jpg', 'medium': 'https://randomuser.me/api/portraits/med/men/95.jpg', 'thumbnail': 'https://randomuser.me/api/portraits/thumb/men/95.jpg'}</msg>
<arg>${json_data['results'][0]['picture']}</arg>
<doc>Logs the given message with the given level.</doc>
<status status="PASS" start="2024-03-31T21:11:15.877645" elapsed="0.000388"/>
</kw>
<status status="PASS" start="2024-03-31T21:11:15.773292" elapsed="0.105008"/>
</kw>
<kw name="Teste de Tipos de Dados - Postcode" owner="random-user-service">
<kw name="GET On Session" owner="RequestsLibrary">
<msg time="2024-03-31T21:11:15.971411" level="INFO">GET Request : url=https://randomuser.me/api 
 path_url=/api 
 headers={'User-Agent': 'python-requests/2.31.0', 'Accept-Encoding': 'gzip, deflate', 'Accept': '*/*', 'Connection': 'keep-alive'} 
 body=None 
 </msg>
<msg time="2024-03-31T21:11:15.971520" level="INFO">GET Response : url=https://randomuser.me/api 
 status=200, reason=OK 
 headers={'Date': 'Sun, 31 Mar 2024 21:11:15 GMT', 'Content-Type': 'application/json; charset=utf-8', 'Transfer-Encoding': 'chunked', 'Connection': 'keep-alive', 'X-Powered-By': 'Express', 'Access-Control-Allow-Origin': '*', 'Cache-Control': 'no-cache', 'ETag': 'W/"49c-pDe9mMyotXG1s5qJLKOIyTCwNZY"', 'Vary': 'Accept-Encoding', 'Content-Encoding': 'gzip', 'CF-Cache-Status': 'DYNAMIC', 'Report-To': '{"endpoints":[{"url":"https:\\/\\/a.nel.cloudflare.com\\/report\\/v4?s=guhxMhpkhdPwKvCq%2BkBMr8mtd3f7%2F%2FoInEXqhWkRNcnnFgMbLkL6VK40yajhityp7bQi3PeRMKtIIiaftB8mKq3Cx5O440ENBggJa2X%2FixeIYdzFqOgHgYxFu99RaHVj"}],"group":"cf-nel","max_age":604800}', 'NEL': '{"success_fraction":0,"report_to":"cf-nel","max_age":604800}', 'Server': 'cloudflare', 'CF-RAY': '86d354b44f2f102c-LAX', 'alt-svc': 'h3=":443"; ma=86400'} 
 body={"results":[{"gender":"female","name":{"title":"Ms","first":"Courtney","last":"Black"},"location":{"street":{"number":6420,"name":"W Sherman Dr"},"city":"Sunshine Coast","state":"Tasmania","country":"Australia","postcode":6716,"coordinates":{"latitude":"-88.7795","longitude":"137.0436"},"timezone":{"offset":"+9:00","description":"Tokyo, Seoul, Osaka, Sapporo, Yakutsk"}},"email":"courtney.black@example.com","login":{"uuid":"31ddaecb-83f9-4c4a-a18b-d11e8bdd11c7","username":"sadsnake195","password":"killbill","salt":"m9LVpM4f","md5":"e8a8b6ee206f97f97b78cac28700b2e6","sha1":"396214ea5496e15baff651e99c403a2544e50649","sha256":"b94aa8922bc84af75332bcd5caac7e8624d9b67a6b5c750a6bcd2124990c0991"},"dob":{"date":"1950-10-28T00:45:43.893Z","age":73},"registered":{"date":"2020-02-08T04:01:47.736Z","age":4},"phone":"07-8811-7438","cell":"0457-212-877","id":{"name":"TFN","value":"622989372"},"picture":{"large":"https://randomuser.me/api/portraits/women/53.jpg","medium":"https://randomuser.me/api/portraits/med/women/53.jpg","thumbnail":"https://randomuser.me/api/portraits/thumb/women/53.jpg"},"nat":"AU"}],"info":{"seed":"5f53307a45bdeb5a","results":1,"page":1,"version":"1.4"}} 
 </msg>
<msg time="2024-03-31T21:11:15.971618" level="INFO">/opt/hostedtoolcache/Python/3.12.2/x64/lib/python3.12/site-packages/urllib3/connectionpool.py:1103: InsecureRequestWarning: Unverified HTTPS request is being made to host 'randomuser.me'. Adding certificate verification is strongly advised. See: https://urllib3.readthedocs.io/en/latest/advanced-usage.html#tls-warnings
  warnings.warn(</msg>
<msg time="2024-03-31T21:11:15.971766" level="INFO">${response} = &lt;Response [200]&gt;</msg>
<var>${response}</var>
<arg>consultarAPI</arg>
<arg>/api</arg>
<doc>Sends a GET request on a previously created HTTP Session.</doc>
<status status="PASS" start="2024-03-31T21:11:15.878925" elapsed="0.092884"/>
</kw>
<kw name="Set Variable" owner="BuiltIn">
<msg time="2024-03-31T21:11:15.972883" level="INFO">${json_data} = {'results': [{'gender': 'female', 'name': {'title': 'Ms', 'first': 'Courtney', 'last': 'Black'}, 'location': {'street': {'number': 6420, 'name': 'W Sherman Dr'}, 'city': 'Sunshine Coast', 'state': 'Ta...</msg>
<var>${json_data}</var>
<arg>${response.json()}</arg>
<doc>Returns the given values which can then be assigned to a variables.</doc>
<status status="PASS" start="2024-03-31T21:11:15.972373" elapsed="0.000538"/>
</kw>
<kw name="Log" owner="BuiltIn">
<msg time="2024-03-31T21:11:15.973421" level="INFO">{'results': [{'gender': 'female', 'name': {'title': 'Ms', 'first': 'Courtney', 'last': 'Black'}, 'location': {'street': {'number': 6420, 'name': 'W Sherman Dr'}, 'city': 'Sunshine Coast', 'state': 'Tasmania', 'country': 'Australia', 'postcode': 6716, 'coordinates': {'latitude': '-88.7795', 'longitude': '137.0436'}, 'timezone': {'offset': '+9:00', 'description': 'Tokyo, Seoul, Osaka, Sapporo, Yakutsk'}}, 'email': 'courtney.black@example.com', 'login': {'uuid': '31ddaecb-83f9-4c4a-a18b-d11e8bdd11c7', 'username': 'sadsnake195', 'password': 'killbill', 'salt': 'm9LVpM4f', 'md5': 'e8a8b6ee206f97f97b78cac28700b2e6', 'sha1': '396214ea5496e15baff651e99c403a2544e50649', 'sha256': 'b94aa8922bc84af75332bcd5caac7e8624d9b67a6b5c750a6bcd2124990c0991'}, 'dob': {'date': '1950-10-28T00:45:43.893Z', 'age': 73}, 'registered': {'date': '2020-02-08T04:01:47.736Z', 'age': 4}, 'phone': '07-8811-7438', 'cell': '0457-212-877', 'id': {'name': 'TFN', 'value': '622989372'}, 'picture': {'large': 'https://randomuser.me/api/portraits/women/53.jpg', 'medium': 'https://randomuser.me/api/portraits/med/women/53.jpg', 'thumbnail': 'https://randomuser.me/api/portraits/thumb/women/53.jpg'}, 'nat': 'AU'}], 'info': {'seed': '5f53307a45bdeb5a', 'results': 1, 'page': 1, 'version': '1.4'}}</msg>
<arg>${json_data}</arg>
<doc>Logs the given message with the given level.</doc>
<status status="PASS" start="2024-03-31T21:11:15.973221" elapsed="0.000284"/>
</kw>
<kw name="Should Be Equal As Numbers" owner="BuiltIn">
<arg>${json_data['results'][0]['location']['postcode']}</arg>
<arg>${json_data['results'][0]['location']['postcode']}</arg>
<doc>Fails if objects are unequal after converting them to real numbers.</doc>
<status status="PASS" start="2024-03-31T21:11:15.973811" elapsed="0.000634"/>
</kw>
<kw name="Log" owner="BuiltIn">
<msg time="2024-03-31T21:11:15.974974" level="INFO">6716</msg>
<arg>${json_data['results'][0]['location']['postcode']}</arg>
<doc>Logs the given message with the given level.</doc>
<status status="PASS" start="2024-03-31T21:11:15.974638" elapsed="0.000377"/>
</kw>
<status status="PASS" start="2024-03-31T21:11:15.878533" elapsed="0.096738"/>
</kw>
<doc>Testa se os tipos de dados na resposta da API estão corretos.</doc>
<tag>testeTiposDados</tag>
<status status="PASS" start="2024-03-31T21:11:15.772680" elapsed="0.202761"/>
</test>
<test id="s1-s1-t5" name="Validar conteudo" line="35">
<kw name="Teste de Tipos de Conteudo" owner="random-user-service">
<kw name="GET On Session" owner="RequestsLibrary">
<msg time="2024-03-31T21:11:16.070764" level="INFO">GET Request : url=https://randomuser.me/api 
 path_url=/api 
 headers={'User-Agent': 'python-requests/2.31.0', 'Accept-Encoding': 'gzip, deflate', 'Accept': '*/*', 'Connection': 'keep-alive'} 
 body=None 
 </msg>
<msg time="2024-03-31T21:11:16.070874" level="INFO">GET Response : url=https://randomuser.me/api 
 status=200, reason=OK 
 headers={'Date': 'Sun, 31 Mar 2024 21:11:16 GMT', 'Content-Type': 'application/json; charset=utf-8', 'Transfer-Encoding': 'chunked', 'Connection': 'keep-alive', 'X-Powered-By': 'Express', 'Access-Control-Allow-Origin': '*', 'Cache-Control': 'no-cache', 'ETag': 'W/"4a0-95+VATITXdMZwA78ahQomA/1xZc"', 'Vary': 'Accept-Encoding', 'Content-Encoding': 'gzip', 'CF-Cache-Status': 'DYNAMIC', 'Report-To': '{"endpoints":[{"url":"https:\\/\\/a.nel.cloudflare.com\\/report\\/v4?s=DO7CMdjW%2B5Ndy%2BcplakVzquaA6BjJ8XmJb2p%2BQBirP%2BzOYGeHKF8PBC4H6PoB1b0QllPxttv3nc4EY0EDqvFZLzjf1B4bmwIsWTWqL5xIN%2BU%2Bstj%2FIHphDNMcC6S3AYG"}],"group":"cf-nel","max_age":604800}', 'NEL': '{"success_fraction":0,"report_to":"cf-nel","max_age":604800}', 'Server': 'cloudflare', 'CF-RAY': '86d354b4effe102c-LAX', 'alt-svc': 'h3=":443"; ma=86400'} 
 body={"results":[{"gender":"male","name":{"title":"Mr","first":"Francisco","last":"Davis"},"location":{"street":{"number":200,"name":"Northaven Rd"},"city":"Syracuse","state":"New Hampshire","country":"United States","postcode":52796,"coordinates":{"latitude":"85.8142","longitude":"-140.5231"},"timezone":{"offset":"+11:00","description":"Magadan, Solomon Islands, New Caledonia"}},"email":"francisco.davis@example.com","login":{"uuid":"53f08e97-61e6-4eb4-9174-12cb0b2de995","username":"lazyfish204","password":"aaa111","salt":"Ad4y4TqK","md5":"101078b61bccb0a1b01c36d793d9729a","sha1":"5a6e9ff1e0684394de0d0dbf4cdd2def26db30ca","sha256":"fcb2477838bc7404710a1bfe9f33b1d53a4f93cc52db0512e816eb9d4cea6de5"},"dob":{"date":"1954-03-31T01:39:43.072Z","age":70},"registered":{"date":"2017-05-28T14:58:55.601Z","age":6},"phone":"(271) 886-5360","cell":"(295) 596-8321","id":{"name":"SSN","value":"053-55-1660"},"picture":{"large":"https://randomuser.me/api/portraits/men/71.jpg","medium":"https://randomuser.me/api/portraits/med/men/71.jpg","thumbnail":"https://randomuser.me/api/portraits/thumb/men/71.jpg"},"nat":"US"}],"info":{"seed":"d9d41e209173e7ac","results":1,"page":1,"version":"1.4"}} 
 </msg>
<msg time="2024-03-31T21:11:16.070951" level="INFO">/opt/hostedtoolcache/Python/3.12.2/x64/lib/python3.12/site-packages/urllib3/connectionpool.py:1103: InsecureRequestWarning: Unverified HTTPS request is being made to host 'randomuser.me'. Adding certificate verification is strongly advised. See: https://urllib3.readthedocs.io/en/latest/advanced-usage.html#tls-warnings
  warnings.warn(</msg>
<msg time="2024-03-31T21:11:16.071085" level="INFO">${response} = &lt;Response [200]&gt;</msg>
<var>${response}</var>
<arg>consultarAPI</arg>
<arg>/api</arg>
<doc>Sends a GET request on a previously created HTTP Session.</doc>
<status status="PASS" start="2024-03-31T21:11:15.977897" elapsed="0.093216"/>
</kw>
<kw name="Set Variable" owner="BuiltIn">
<msg time="2024-03-31T21:11:16.072176" level="INFO">${json_data} = {'results': [{'gender': 'male', 'name': {'title': 'Mr', 'first': 'Francisco', 'last': 'Davis'}, 'location': {'street': {'number': 200, 'name': 'Northaven Rd'}, 'city': 'Syracuse', 'state': 'New Hampsh...</msg>
<var>${json_data}</var>
<arg>${response.json()}</arg>
<doc>Returns the given values which can then be assigned to a variables.</doc>
<status status="PASS" start="2024-03-31T21:11:16.071670" elapsed="0.000534"/>
</kw>
<kw name="Set Variable" owner="BuiltIn">
<msg time="2024-03-31T21:11:16.072891" level="INFO">${name_title} = Mr</msg>
<var>${name_title}</var>
<arg>${json_data["results"][0]["name"]["title"]}</arg>
<doc>Returns the given values which can then be assigned to a variables.</doc>
<status status="PASS" start="2024-03-31T21:11:16.072510" elapsed="0.000406"/>
</kw>
<kw name="Create List" owner="BuiltIn">
<msg time="2024-03-31T21:11:16.073417" level="INFO">${allowed_titles} = ['Mr', 'Ms', 'Miss', 'Mrs', 'Madame', 'Monsieur']</msg>
<var>${allowed_titles}</var>
<arg>Mr</arg>
<arg>Ms</arg>
<arg>Miss</arg>
<arg>Mrs</arg>
<arg>Madame</arg>
<arg>Monsieur</arg>
<doc>Returns a list containing given items.</doc>
<status status="PASS" start="2024-03-31T21:11:16.073224" elapsed="0.000219"/>
</kw>
<kw name="List Should Contain Value" owner="Collections">
<msg time="2024-03-31T21:11:16.073936" level="INFO">False</msg>
<arg>${allowed_titles}</arg>
<arg>${name_title}</arg>
<doc>Fails if the ``value`` is not found from ``list``.</doc>
<status status="PASS" start="2024-03-31T21:11:16.073753" elapsed="0.000220"/>
</kw>
<kw name="Set Variable" owner="BuiltIn">
<msg time="2024-03-31T21:11:16.074641" level="INFO">${name_country} = US</msg>
<var>${name_country}</var>
<arg>${json_data["results"][0]["nat"]}</arg>
<doc>Returns the given values which can then be assigned to a variables.</doc>
<status status="PASS" start="2024-03-31T21:11:16.074260" elapsed="0.000407"/>
</kw>
<kw name="Create List" owner="BuiltIn">
<msg time="2024-03-31T21:11:16.075641" level="INFO">${list_country} = ['AD', 'AE', 'AF', 'AG', 'AI', 'AL', 'AM', 'AO', 'AQ', 'AR', 'AS', 'AT', 'AU', 'AW', 'AX', 'AZ', 'BA', 'BB', 'BD', 'BE', 'BF', 'BG', 'BH', 'BI', 'BJ', 'BL', 'BM', 'BN', 'BO', 'BQ', 'BR', 'BS', 'BT', '...</msg>
<var>${list_country}</var>
<arg>AD</arg>
<arg>AE</arg>
<arg>AF</arg>
<arg>AG</arg>
<arg>AI</arg>
<arg>AL</arg>
<arg>AM</arg>
<arg>AO</arg>
<arg>AQ</arg>
<arg>AR</arg>
<arg>AS</arg>
<arg>AT</arg>
<arg>AU</arg>
<arg>AW</arg>
<arg>AX</arg>
<arg>AZ</arg>
<arg>BA</arg>
<arg>BB</arg>
<arg>BD</arg>
<arg>BE</arg>
<arg>BF</arg>
<arg>BG</arg>
<arg>BH</arg>
<arg>BI</arg>
<arg>BJ</arg>
<arg>BL</arg>
<arg>BM</arg>
<arg>BN</arg>
<arg>BO</arg>
<arg>BQ</arg>
<arg>BR</arg>
<arg>BS</arg>
<arg>BT</arg>
<arg>BV</arg>
<arg>BW</arg>
<arg>BY</arg>
<arg>BZ</arg>
<arg>CA</arg>
<arg>CC</arg>
<arg>CD</arg>
<arg>CF</arg>
<arg>CG</arg>
<arg>CH</arg>
<arg>CI</arg>
<arg>CK</arg>
<arg>CL</arg>
<arg>CM</arg>
<arg>CN</arg>
<arg>CO</arg>
<arg>CR</arg>
<arg>CU</arg>
<arg>CV</arg>
<arg>CW</arg>
<arg>CX</arg>
<arg>CY</arg>
<arg>CZ</arg>
<arg>DE</arg>
<arg>DJ</arg>
<arg>DK</arg>
<arg>DM</arg>
<arg>DO</arg>
<arg>DZ</arg>
<arg>EC</arg>
<arg>EE</arg>
<arg>EG</arg>
<arg>EH</arg>
<arg>ER</arg>
<arg>ES</arg>
<arg>ET</arg>
<arg>FI</arg>
<arg>FJ</arg>
<arg>FK</arg>
<arg>FM</arg>
<arg>FO</arg>
<arg>FR</arg>
<arg>GA</arg>
<arg>GB</arg>
<arg>GD</arg>
<arg>GE</arg>
<arg>GF</arg>
<arg>GG</arg>
<arg>GH</arg>
<arg>GI</arg>
<arg>GL</arg>
<arg>GM</arg>
<arg>GN</arg>
<arg>GP</arg>
<arg>GQ</arg>
<arg>GR</arg>
<arg>GS</arg>
<arg>GT</arg>
<arg>GU</arg>
<arg>GW</arg>
<arg>GY</arg>
<arg>HK</arg>
<arg>HM</arg>
<arg>HN</arg>
<arg>HR</arg>
<arg>HT</arg>
<arg>HU</arg>
<arg>ID</arg>
<arg>IE</arg>
<arg>IL</arg>
<arg>IM</arg>
<arg>IN</arg>
<arg>IO</arg>
<arg>IQ</arg>
<arg>IR</arg>
<arg>IS</arg>
<arg>IT</arg>
<arg>JE</arg>
<arg>JM</arg>
<arg>JO</arg>
<arg>JP</arg>
<arg>KE</arg>
<arg>KG</arg>
<arg>KH</arg>
<arg>KI</arg>
<arg>KM</arg>
<arg>KN</arg>
<arg>KP</arg>
<arg>KR</arg>
<arg>KW</arg>
<arg>KY</arg>
<arg>KZ</arg>
<arg>LA</arg>
<arg>LB</arg>
<arg>LC</arg>
<arg>LI</arg>
<arg>LK</arg>
<arg>LR</arg>
<arg>LS</arg>
<arg>LT</arg>
<arg>LU</arg>
<arg>LV</arg>
<arg>LY</arg>
<arg>MA</arg>
<arg>MC</arg>
<arg>MD</arg>
<arg>ME</arg>
<arg>MF</arg>
<arg>MG</arg>
<arg>MH</arg>
<arg>MK</arg>
<arg>ML</arg>
<arg>MM</arg>
<arg>MN</arg>
<arg>MO</arg>
<arg>MP</arg>
<arg>MQ</arg>
<arg>MR</arg>
<arg>MS</arg>
<arg>MT</arg>
<arg>MU</arg>
<arg>MV</arg>
<arg>MW</arg>
<arg>MX</arg>
<arg>MY</arg>
<arg>MZ</arg>
<arg>NA</arg>
<arg>NC</arg>
<arg>NE</arg>
<arg>NF</arg>
<arg>NG</arg>
<arg>NI</arg>
<arg>NL</arg>
<arg>NO</arg>
<arg>NP</arg>
<arg>NR</arg>
<arg>NU</arg>
<arg>NZ</arg>
<arg>OM</arg>
<arg>PA</arg>
<arg>PE</arg>
<arg>PF</arg>
<arg>PG</arg>
<arg>PH</arg>
<arg>PK</arg>
<arg>PL</arg>
<arg>PM</arg>
<arg>PN</arg>
<arg>PR</arg>
<arg>PS</arg>
<arg>PT</arg>
<arg>PW</arg>
<arg>PY</arg>
<arg>QA</arg>
<arg>RE</arg>
<arg>RO</arg>
<arg>RS</arg>
<arg>RU</arg>
<arg>RW</arg>
<arg>SA</arg>
<arg>SB</arg>
<arg>SC</arg>
<arg>SD</arg>
<arg>SE</arg>
<arg>SG</arg>
<arg>SH</arg>
<arg>SI</arg>
<arg>SJ</arg>
<arg>SK</arg>
<arg>SL</arg>
<arg>SM</arg>
<arg>SN</arg>
<arg>SO</arg>
<arg>SR</arg>
<arg>SS</arg>
<arg>ST</arg>
<arg>SV</arg>
<arg>SX</arg>
<arg>SY</arg>
<arg>SZ</arg>
<arg>TC</arg>
<arg>TD</arg>
<arg>TF</arg>
<arg>TG</arg>
<arg>TH</arg>
<arg>TJ</arg>
<arg>TK</arg>
<arg>TL</arg>
<arg>TM</arg>
<arg>TN</arg>
<arg>TO</arg>
<arg>TR</arg>
<arg>TT</arg>
<arg>TV</arg>
<arg>TW</arg>
<arg>TZ</arg>
<arg>UA</arg>
<arg>UG</arg>
<arg>UM</arg>
<arg>US</arg>
<arg>UY</arg>
<arg>UZ</arg>
<arg>VA</arg>
<arg>VC</arg>
<arg>VE</arg>
<arg>VG</arg>
<arg>VI</arg>
<arg>VN</arg>
<arg>VU</arg>
<arg>WF</arg>
<arg>WS</arg>
<arg>XK</arg>
<arg>YE</arg>
<arg>YT</arg>
<arg>ZA</arg>
<arg>ZM</arg>
<arg>ZW</arg>
<doc>Returns a list containing given items.</doc>
<status status="PASS" start="2024-03-31T21:11:16.074976" elapsed="0.000691"/>
</kw>
<kw name="List Should Contain Value" owner="Collections">
<msg time="2024-03-31T21:11:16.076786" level="INFO">False</msg>
<arg>${list_country}</arg>
<arg>${name_country}</arg>
<doc>Fails if the ``value`` is not found from ``list``.</doc>
<status status="PASS" start="2024-03-31T21:11:16.076579" elapsed="0.000276"/>
</kw>
<kw name="Run Keyword If" owner="BuiltIn">
<kw name="Should Be True" owner="BuiltIn">
<arg>${True}</arg>
<doc>Fails if the given condition is not true.</doc>
<status status="PASS" start="2024-03-31T21:11:16.077978" elapsed="0.000147"/>
</kw>
<arg>${json_data["results"][0]["location"]["coordinates"]["latitude"]} &gt;= -90 and ${json_data["results"][0]["location"]["coordinates"]["latitude"]} &lt;= 90</arg>
<arg>Should Be True</arg>
<arg>${True}</arg>
<doc>Runs the given keyword with the given arguments, if ``condition`` is true.</doc>
<status status="PASS" start="2024-03-31T21:11:16.077193" elapsed="0.001060"/>
</kw>
<kw name="Run Keyword If" owner="BuiltIn">
<kw name="Should Be True" owner="BuiltIn">
<arg>${True}</arg>
<doc>Fails if the given condition is not true.</doc>
<status status="PASS" start="2024-03-31T21:11:16.079151" elapsed="0.000137"/>
</kw>
<arg>${json_data["results"][0]["location"]["coordinates"]["longitude"]} &gt;= -180 and ${json_data["results"][0]["location"]["coordinates"]["longitude"]} &lt;= 180</arg>
<arg>Should Be True</arg>
<arg>${True}</arg>
<doc>Runs the given keyword with the given arguments, if ``condition`` is true.</doc>
<status status="PASS" start="2024-03-31T21:11:16.078448" elapsed="0.000964"/>
</kw>
<status status="PASS" start="2024-03-31T21:11:15.977667" elapsed="0.101875"/>
</kw>
<doc>Testa o conteúdo específico dos campos retornados pela API.</doc>
<tag>testeConteudo</tag>
<status status="PASS" start="2024-03-31T21:11:15.977178" elapsed="0.102528"/>
</test>
<status status="PASS" start="2024-03-31T21:11:15.180777" elapsed="0.900875"/>
</suite>
<status status="PASS" start="2024-03-31T21:11:15.166989" elapsed="0.919950"/>
</suite>
<statistics>
<total>
<stat pass="5" fail="0" skip="0">All Tests</stat>
</total>
<tag>
<stat pass="1" fail="0" skip="0">testeConteudo</stat>
<stat pass="1" fail="0" skip="0">testeEstruturaResposta</stat>
<stat pass="1" fail="0" skip="0">testeRequisicaoBasica</stat>
<stat pass="1" fail="0" skip="0">testeTiposDados</stat>
</tag>
<suite>
<stat pass="5" fail="0" skip="0" id="s1" name="Tests">Tests</stat>
<stat pass="5" fail="0" skip="0" id="s1-s1" name="Random-User-Test">Tests.Random-User-Test</stat>
</suite>
</statistics>
<errors>
</errors>
</robot>
