<?xml version="1.0" encoding="UTF-8"?>
<robot generator="Robot 7.0 (Python 3.12.2 on linux)" generated="2024-03-21T13:28:47.691251" rpa="false" schemaversion="5">
<suite id="s1" name="Tests" source="/home/runner/work/DesafioQAItauRogerioJordao/DesafioQAItauRogerioJordao/RamdonUser/tests">
<suite id="s1-s1" name="Random-User-Test" source="/home/runner/work/DesafioQAItauRogerioJordao/DesafioQAItauRogerioJordao/RamdonUser/tests/random-user-test.robot">
<test id="s1-s1-t1" name="Conectar" line="13">
<kw name="Conectar API" owner="random-user-service">
<kw name="Create Session" owner="RequestsLibrary">
<msg time="2024-03-21T13:28:48.047558" level="INFO">Creating Session using : alias=consultarAPI, url=https://randomuser.me/, headers={},                     cookies={}, auth=None, timeout=None, proxies=None, verify=False,                     debug=0 </msg>
<arg>consultarAPI</arg>
<arg>${URL}</arg>
<doc>Create Session: create a HTTP session to a server</doc>
<status status="PASS" start="2024-03-21T13:28:48.047284" elapsed="0.000464"/>
</kw>
<status status="PASS" start="2024-03-21T13:28:48.046359" elapsed="0.001796"/>
</kw>
<status status="PASS" start="2024-03-21T13:28:48.045844" elapsed="0.002516"/>
</test>
<test id="s1-s1-t2" name="Validar retorno 200 e JSON Válido" line="16">
<kw name="Teste de Requisicao Basica" owner="random-user-service">
<kw name="GET On Session" owner="RequestsLibrary">
<msg time="2024-03-21T13:28:48.195667" level="INFO">GET Request : url=https://randomuser.me/api 
 path_url=/api 
 headers={'User-Agent': 'python-requests/2.31.0', 'Accept-Encoding': 'gzip, deflate', 'Accept': '*/*', 'Connection': 'keep-alive'} 
 body=None 
 </msg>
<msg time="2024-03-21T13:28:48.195813" level="INFO">GET Response : url=https://randomuser.me/api 
 status=200, reason=OK 
 headers={'Date': 'Thu, 21 Mar 2024 13:28:48 GMT', 'Content-Type': 'application/json; charset=utf-8', 'Transfer-Encoding': 'chunked', 'Connection': 'keep-alive', 'X-Powered-By': 'Express', 'Access-Control-Allow-Origin': '*', 'Cache-Control': 'no-cache', 'ETag': 'W/"492-pNwiWvGCt193OSh+lUe3rDZ1fEg"', 'Vary': 'Accept-Encoding', 'Content-Encoding': 'gzip', 'CF-Cache-Status': 'DYNAMIC', 'Report-To': '{"endpoints":[{"url":"https:\\/\\/a.nel.cloudflare.com\\/report\\/v4?s=RJ6wMwP8ROMCuRsaPD6%2FTDG8SbIouZpVxgMyimeSIUOMP8nhlKgBf%2F93kcwtVM5uktk7PedELAX8DP0xDN2b9%2FK7eQWMN%2BgOKWC%2BXb8jxgOpaoc9wHd0nycrIxtVURUY"}],"group":"cf-nel","max_age":604800}', 'NEL': '{"success_fraction":0,"report_to":"cf-nel","max_age":604800}', 'Server': 'cloudflare', 'CF-RAY': '867e49847e20082e-IAD', 'alt-svc': 'h3=":443"; ma=86400'} 
 body={"results":[{"gender":"male","name":{"title":"Mr","first":"Jayden","last":"Mitchell"},"location":{"street":{"number":9631,"name":"West Ave"},"city":"Cumberland","state":"Ontario","country":"Canada","postcode":"L4Y 3E1","coordinates":{"latitude":"-66.0360","longitude":"-43.0942"},"timezone":{"offset":"+3:00","description":"Baghdad, Riyadh, Moscow, St. Petersburg"}},"email":"jayden.mitchell@example.com","login":{"uuid":"7a8ff3a4-9087-44fe-8079-00d558bde306","username":"lazymeercat124","password":"321321","salt":"LaGCs96G","md5":"da0e5ac22d76b18a7beb0929719fed0e","sha1":"fe59e7d5f43910868b848279bc5b2a425e25df3c","sha256":"aded8ac4ac601afd200d7f76776b33a2f794578112ce66482e72fae9f8c8074e"},"dob":{"date":"1944-09-22T16:38:14.597Z","age":79},"registered":{"date":"2019-06-14T03:13:57.039Z","age":4},"phone":"J57 W82-0344","cell":"D50 G08-1431","id":{"name":"SIN","value":"143078772"},"picture":{"large":"https://randomuser.me/api/portraits/men/34.jpg","medium":"https://randomuser.me/api/portraits/med/men/34.jpg","thumbnail":"https://randomuser.me/api/portraits/thumb/men/34.jpg"},"nat":"CA"}],"info":{"seed":"80294b4e0064eb25","results":1,"page":1,"version":"1.4"}} 
 </msg>
<msg time="2024-03-21T13:28:48.195959" level="INFO">/opt/hostedtoolcache/Python/3.12.2/x64/lib/python3.12/site-packages/urllib3/connectionpool.py:1103: InsecureRequestWarning: Unverified HTTPS request is being made to host 'randomuser.me'. Adding certificate verification is strongly advised. See: https://urllib3.readthedocs.io/en/latest/advanced-usage.html#tls-warnings
  warnings.warn(</msg>
<msg time="2024-03-21T13:28:48.196119" level="INFO">${response} = &lt;Response [200]&gt;</msg>
<var>${response}</var>
<arg>consultarAPI</arg>
<arg>/api</arg>
<doc>Sends a GET request on a previously created HTTP Session.</doc>
<status status="PASS" start="2024-03-21T13:28:48.050901" elapsed="0.145251"/>
</kw>
<kw name="Should Be Equal As Numbers" owner="BuiltIn">
<msg time="2024-03-21T13:28:48.197118" level="INFO">Argument types are:
&lt;class 'int'&gt;
&lt;class 'str'&gt;</msg>
<arg>${response.status_code}</arg>
<arg>200</arg>
<doc>Fails if objects are unequal after converting them to real numbers.</doc>
<status status="PASS" start="2024-03-21T13:28:48.196655" elapsed="0.000530"/>
</kw>
<kw name="Log" owner="BuiltIn">
<msg time="2024-03-21T13:28:48.197907" level="INFO">200</msg>
<arg>${response.status_code}</arg>
<doc>Logs the given message with the given level.</doc>
<status status="PASS" start="2024-03-21T13:28:48.197535" elapsed="0.000416"/>
</kw>
<kw name="Set Variable" owner="BuiltIn">
<msg time="2024-03-21T13:28:48.198736" level="INFO">${json_data} = {'results': [{'gender': 'male', 'name': {'title': 'Mr', 'first': 'Jayden', 'last': 'Mitchell'}, 'location': {'street': {'number': 9631, 'name': 'West Ave'}, 'city': 'Cumberland', 'state': 'Ontario', '...</msg>
<var>${json_data}</var>
<arg>${response.json()}</arg>
<doc>Returns the given values which can then be assigned to a variables.</doc>
<status status="PASS" start="2024-03-21T13:28:48.198267" elapsed="0.000499"/>
</kw>
<kw name="Dictionary Should Contain Key" owner="Collections">
<msg time="2024-03-21T13:28:48.199256" level="INFO">False</msg>
<arg>${json_data}</arg>
<arg>results</arg>
<doc>Fails if ``key`` is not found from ``dictionary``.</doc>
<status status="PASS" start="2024-03-21T13:28:48.199077" elapsed="0.000220"/>
</kw>
<status status="PASS" start="2024-03-21T13:28:48.050649" elapsed="0.148913"/>
</kw>
<doc>Testa se a API responde corretamente e retorna um objeto JSON válido.</doc>
<tag>testeRequisicaoBasica</tag>
<status status="PASS" start="2024-03-21T13:28:48.050206" elapsed="0.149568"/>
</test>
<test id="s1-s1-t3" name="Validar estrutura de resposta" line="22">
<kw name="Teste de Estrutura de Resposta" owner="random-user-service">
<kw name="GET On Session" owner="RequestsLibrary">
<msg time="2024-03-21T13:28:48.235658" level="INFO">GET Request : url=https://randomuser.me/api 
 path_url=/api 
 headers={'User-Agent': 'python-requests/2.31.0', 'Accept-Encoding': 'gzip, deflate', 'Accept': '*/*', 'Connection': 'keep-alive'} 
 body=None 
 </msg>
<msg time="2024-03-21T13:28:48.235727" level="INFO">GET Response : url=https://randomuser.me/api 
 status=200, reason=OK 
 headers={'Date': 'Thu, 21 Mar 2024 13:28:48 GMT', 'Content-Type': 'application/json; charset=utf-8', 'Transfer-Encoding': 'chunked', 'Connection': 'keep-alive', 'X-Powered-By': 'Express', 'Access-Control-Allow-Origin': '*', 'Cache-Control': 'no-cache', 'ETag': 'W/"474-dOXUhDzMnAn1c7VzGxSwTDbfmk4"', 'Vary': 'Accept-Encoding', 'Content-Encoding': 'gzip', 'CF-Cache-Status': 'DYNAMIC', 'Report-To': '{"endpoints":[{"url":"https:\\/\\/a.nel.cloudflare.com\\/report\\/v4?s=yWYcLn3%2B2fCtNmyvBwVpyuSXahuSdhpxkZdal8CyT0JbNeOKl3mBNJdTU46%2B8HROTLi7iQ1UpdUrKd%2BGgprRTtFP0%2BxToGk1%2BcOMUoTXqqJZaziBlQHSL4dwUpdqk75K"}],"group":"cf-nel","max_age":604800}', 'NEL': '{"success_fraction":0,"report_to":"cf-nel","max_age":604800}', 'Server': 'cloudflare', 'CF-RAY': '867e49854f25082e-IAD', 'alt-svc': 'h3=":443"; ma=86400'} 
 body={"results":[{"gender":"male","name":{"title":"Mr","first":"Neel","last":"Dhamdhame"},"location":{"street":{"number":3828,"name":"Mirza Ismail Rd"},"city":"Tenali","state":"Uttarakhand","country":"India","postcode":13583,"coordinates":{"latitude":"5.2408","longitude":"-136.9052"},"timezone":{"offset":"+5:45","description":"Kathmandu"}},"email":"neel.dhamdhame@example.com","login":{"uuid":"a4b69ef0-f296-483b-a9fb-27f7120adbd4","username":"yellowpanda214","password":"mordor","salt":"7kKzFoRi","md5":"5cc06bfb016690315c9e2077be7d6a86","sha1":"e9c74e5e4ae5c2fa354a2a88120fc07a0804a870","sha256":"e7088be5019278c216393f8b665033291f052bf86ba89f9c03f1097c920bafac"},"dob":{"date":"1972-10-15T22:04:10.086Z","age":51},"registered":{"date":"2021-12-21T22:57:19.632Z","age":2},"phone":"7106868203","cell":"7882945710","id":{"name":"UIDAI","value":"547653952962"},"picture":{"large":"https://randomuser.me/api/portraits/men/46.jpg","medium":"https://randomuser.me/api/portraits/med/men/46.jpg","thumbnail":"https://randomuser.me/api/portraits/thumb/men/46.jpg"},"nat":"IN"}],"info":{"seed":"2503bc595ebcd7ef","results":1,"page":1,"version":"1.4"}} 
 </msg>
<msg time="2024-03-21T13:28:48.235837" level="INFO">/opt/hostedtoolcache/Python/3.12.2/x64/lib/python3.12/site-packages/urllib3/connectionpool.py:1103: InsecureRequestWarning: Unverified HTTPS request is being made to host 'randomuser.me'. Adding certificate verification is strongly advised. See: https://urllib3.readthedocs.io/en/latest/advanced-usage.html#tls-warnings
  warnings.warn(</msg>
<msg time="2024-03-21T13:28:48.235974" level="INFO">${response} = &lt;Response [200]&gt;</msg>
<var>${response}</var>
<arg>consultarAPI</arg>
<arg>/api</arg>
<doc>Sends a GET request on a previously created HTTP Session.</doc>
<status status="PASS" start="2024-03-21T13:28:48.202676" elapsed="0.033329"/>
</kw>
<kw name="Set Variable" owner="BuiltIn">
<msg time="2024-03-21T13:28:48.236822" level="INFO">${json_data} = {'results': [{'gender': 'male', 'name': {'title': 'Mr', 'first': 'Neel', 'last': 'Dhamdhame'}, 'location': {'street': {'number': 3828, 'name': 'Mirza Ismail Rd'}, 'city': 'Tenali', 'state': 'Uttarakha...</msg>
<var>${json_data}</var>
<arg>${response.json()}</arg>
<doc>Returns the given values which can then be assigned to a variables.</doc>
<status status="PASS" start="2024-03-21T13:28:48.236358" elapsed="0.000494"/>
</kw>
<kw name="Log" owner="BuiltIn">
<msg time="2024-03-21T13:28:48.237326" level="INFO">{'results': [{'gender': 'male', 'name': {'title': 'Mr', 'first': 'Neel', 'last': 'Dhamdhame'}, 'location': {'street': {'number': 3828, 'name': 'Mirza Ismail Rd'}, 'city': 'Tenali', 'state': 'Uttarakhand', 'country': 'India', 'postcode': 13583, 'coordinates': {'latitude': '5.2408', 'longitude': '-136.9052'}, 'timezone': {'offset': '+5:45', 'description': 'Kathmandu'}}, 'email': 'neel.dhamdhame@example.com', 'login': {'uuid': 'a4b69ef0-f296-483b-a9fb-27f7120adbd4', 'username': 'yellowpanda214', 'password': 'mordor', 'salt': '7kKzFoRi', 'md5': '5cc06bfb016690315c9e2077be7d6a86', 'sha1': 'e9c74e5e4ae5c2fa354a2a88120fc07a0804a870', 'sha256': 'e7088be5019278c216393f8b665033291f052bf86ba89f9c03f1097c920bafac'}, 'dob': {'date': '1972-10-15T22:04:10.086Z', 'age': 51}, 'registered': {'date': '2021-12-21T22:57:19.632Z', 'age': 2}, 'phone': '7106868203', 'cell': '7882945710', 'id': {'name': 'UIDAI', 'value': '547653952962'}, 'picture': {'large': 'https://randomuser.me/api/portraits/men/46.jpg', 'medium': 'https://randomuser.me/api/portraits/med/men/46.jpg', 'thumbnail': 'https://randomuser.me/api/portraits/thumb/men/46.jpg'}, 'nat': 'IN'}], 'info': {'seed': '2503bc595ebcd7ef', 'results': 1, 'page': 1, 'version': '1.4'}}</msg>
<arg>${json_data}</arg>
<doc>Logs the given message with the given level.</doc>
<status status="PASS" start="2024-03-21T13:28:48.237165" elapsed="0.000210"/>
</kw>
<kw name="Dictionary Should Contain Key" owner="Collections">
<msg time="2024-03-21T13:28:48.237833" level="INFO">False</msg>
<arg>${json_data}</arg>
<arg>results</arg>
<doc>Fails if ``key`` is not found from ``dictionary``.</doc>
<status status="PASS" start="2024-03-21T13:28:48.237674" elapsed="0.000198"/>
</kw>
<kw name="Should Not Be Empty" owner="BuiltIn">
<msg time="2024-03-21T13:28:48.238307" level="INFO">Length is 2.</msg>
<arg>${json_data}</arg>
<doc>Verifies that the given item is not empty.</doc>
<status status="PASS" start="2024-03-21T13:28:48.238169" elapsed="0.000178"/>
</kw>
<kw name="Create List" owner="BuiltIn">
<msg time="2024-03-21T13:28:48.238799" level="INFO">${expected_keys} = ['gender', 'name', 'location', 'email', 'login']</msg>
<var>${expected_keys}</var>
<arg>gender</arg>
<arg>name</arg>
<arg>location</arg>
<arg>email</arg>
<arg>login</arg>
<doc>Returns a list containing given items.</doc>
<status status="PASS" start="2024-03-21T13:28:48.238644" elapsed="0.000180"/>
</kw>
<for flavor="IN">
<iter>
<kw name="Dictionary Should Contain Key" owner="Collections">
<msg time="2024-03-21T13:28:48.239819" level="INFO">False</msg>
<arg>${json_data['results'][0]}</arg>
<arg>${key}</arg>
<doc>Fails if ``key`` is not found from ``dictionary``.</doc>
<status status="PASS" start="2024-03-21T13:28:48.239416" elapsed="0.000443"/>
</kw>
<kw name="Log" owner="BuiltIn">
<msg time="2024-03-21T13:28:48.240583" level="INFO">{'gender': 'male', 'name': {'title': 'Mr', 'first': 'Neel', 'last': 'Dhamdhame'}, 'location': {'street': {'number': 3828, 'name': 'Mirza Ismail Rd'}, 'city': 'Tenali', 'state': 'Uttarakhand', 'country': 'India', 'postcode': 13583, 'coordinates': {'latitude': '5.2408', 'longitude': '-136.9052'}, 'timezone': {'offset': '+5:45', 'description': 'Kathmandu'}}, 'email': 'neel.dhamdhame@example.com', 'login': {'uuid': 'a4b69ef0-f296-483b-a9fb-27f7120adbd4', 'username': 'yellowpanda214', 'password': 'mordor', 'salt': '7kKzFoRi', 'md5': '5cc06bfb016690315c9e2077be7d6a86', 'sha1': 'e9c74e5e4ae5c2fa354a2a88120fc07a0804a870', 'sha256': 'e7088be5019278c216393f8b665033291f052bf86ba89f9c03f1097c920bafac'}, 'dob': {'date': '1972-10-15T22:04:10.086Z', 'age': 51}, 'registered': {'date': '2021-12-21T22:57:19.632Z', 'age': 2}, 'phone': '7106868203', 'cell': '7882945710', 'id': {'name': 'UIDAI', 'value': '547653952962'}, 'picture': {'large': 'https://randomuser.me/api/portraits/men/46.jpg', 'medium': 'https://randomuser.me/api/portraits/med/men/46.jpg', 'thumbnail': 'https://randomuser.me/api/portraits/thumb/men/46.jpg'}, 'nat': 'IN'}</msg>
<arg>${json_data['results'][0]}</arg>
<doc>Logs the given message with the given level.</doc>
<status status="PASS" start="2024-03-21T13:28:48.240209" elapsed="0.000424"/>
</kw>
<kw name="Log" owner="BuiltIn">
<msg time="2024-03-21T13:28:48.241070" level="INFO">gender</msg>
<arg>${key}</arg>
<doc>Logs the given message with the given level.</doc>
<status status="PASS" start="2024-03-21T13:28:48.240938" elapsed="0.000177"/>
</kw>
<var name="${key}">gender</var>
<status status="PASS" start="2024-03-21T13:28:48.239284" elapsed="0.002054"/>
</iter>
<iter>
<kw name="Dictionary Should Contain Key" owner="Collections">
<msg time="2024-03-21T13:28:48.242059" level="INFO">False</msg>
<arg>${json_data['results'][0]}</arg>
<arg>${key}</arg>
<doc>Fails if ``key`` is not found from ``dictionary``.</doc>
<status status="PASS" start="2024-03-21T13:28:48.241653" elapsed="0.000445"/>
</kw>
<kw name="Log" owner="BuiltIn">
<msg time="2024-03-21T13:28:48.242796" level="INFO">{'gender': 'male', 'name': {'title': 'Mr', 'first': 'Neel', 'last': 'Dhamdhame'}, 'location': {'street': {'number': 3828, 'name': 'Mirza Ismail Rd'}, 'city': 'Tenali', 'state': 'Uttarakhand', 'country': 'India', 'postcode': 13583, 'coordinates': {'latitude': '5.2408', 'longitude': '-136.9052'}, 'timezone': {'offset': '+5:45', 'description': 'Kathmandu'}}, 'email': 'neel.dhamdhame@example.com', 'login': {'uuid': 'a4b69ef0-f296-483b-a9fb-27f7120adbd4', 'username': 'yellowpanda214', 'password': 'mordor', 'salt': '7kKzFoRi', 'md5': '5cc06bfb016690315c9e2077be7d6a86', 'sha1': 'e9c74e5e4ae5c2fa354a2a88120fc07a0804a870', 'sha256': 'e7088be5019278c216393f8b665033291f052bf86ba89f9c03f1097c920bafac'}, 'dob': {'date': '1972-10-15T22:04:10.086Z', 'age': 51}, 'registered': {'date': '2021-12-21T22:57:19.632Z', 'age': 2}, 'phone': '7106868203', 'cell': '7882945710', 'id': {'name': 'UIDAI', 'value': '547653952962'}, 'picture': {'large': 'https://randomuser.me/api/portraits/men/46.jpg', 'medium': 'https://randomuser.me/api/portraits/med/men/46.jpg', 'thumbnail': 'https://randomuser.me/api/portraits/thumb/men/46.jpg'}, 'nat': 'IN'}</msg>
<arg>${json_data['results'][0]}</arg>
<doc>Logs the given message with the given level.</doc>
<status status="PASS" start="2024-03-21T13:28:48.242432" elapsed="0.000413"/>
</kw>
<kw name="Log" owner="BuiltIn">
<msg time="2024-03-21T13:28:48.243280" level="INFO">name</msg>
<arg>${key}</arg>
<doc>Logs the given message with the given level.</doc>
<status status="PASS" start="2024-03-21T13:28:48.243150" elapsed="0.000168"/>
</kw>
<var name="${key}">name</var>
<status status="PASS" start="2024-03-21T13:28:48.241529" elapsed="0.002007"/>
</iter>
<iter>
<kw name="Dictionary Should Contain Key" owner="Collections">
<msg time="2024-03-21T13:28:48.244246" level="INFO">False</msg>
<arg>${json_data['results'][0]}</arg>
<arg>${key}</arg>
<doc>Fails if ``key`` is not found from ``dictionary``.</doc>
<status status="PASS" start="2024-03-21T13:28:48.243836" elapsed="0.000448"/>
</kw>
<kw name="Log" owner="BuiltIn">
<msg time="2024-03-21T13:28:48.244940" level="INFO">{'gender': 'male', 'name': {'title': 'Mr', 'first': 'Neel', 'last': 'Dhamdhame'}, 'location': {'street': {'number': 3828, 'name': 'Mirza Ismail Rd'}, 'city': 'Tenali', 'state': 'Uttarakhand', 'country': 'India', 'postcode': 13583, 'coordinates': {'latitude': '5.2408', 'longitude': '-136.9052'}, 'timezone': {'offset': '+5:45', 'description': 'Kathmandu'}}, 'email': 'neel.dhamdhame@example.com', 'login': {'uuid': 'a4b69ef0-f296-483b-a9fb-27f7120adbd4', 'username': 'yellowpanda214', 'password': 'mordor', 'salt': '7kKzFoRi', 'md5': '5cc06bfb016690315c9e2077be7d6a86', 'sha1': 'e9c74e5e4ae5c2fa354a2a88120fc07a0804a870', 'sha256': 'e7088be5019278c216393f8b665033291f052bf86ba89f9c03f1097c920bafac'}, 'dob': {'date': '1972-10-15T22:04:10.086Z', 'age': 51}, 'registered': {'date': '2021-12-21T22:57:19.632Z', 'age': 2}, 'phone': '7106868203', 'cell': '7882945710', 'id': {'name': 'UIDAI', 'value': '547653952962'}, 'picture': {'large': 'https://randomuser.me/api/portraits/men/46.jpg', 'medium': 'https://randomuser.me/api/portraits/med/men/46.jpg', 'thumbnail': 'https://randomuser.me/api/portraits/thumb/men/46.jpg'}, 'nat': 'IN'}</msg>
<arg>${json_data['results'][0]}</arg>
<doc>Logs the given message with the given level.</doc>
<status status="PASS" start="2024-03-21T13:28:48.244583" elapsed="0.000405"/>
</kw>
<kw name="Log" owner="BuiltIn">
<msg time="2024-03-21T13:28:48.245419" level="INFO">location</msg>
<arg>${key}</arg>
<doc>Logs the given message with the given level.</doc>
<status status="PASS" start="2024-03-21T13:28:48.245289" elapsed="0.000169"/>
</kw>
<var name="${key}">location</var>
<status status="PASS" start="2024-03-21T13:28:48.243719" elapsed="0.001962"/>
</iter>
<iter>
<kw name="Dictionary Should Contain Key" owner="Collections">
<msg time="2024-03-21T13:28:48.246360" level="INFO">False</msg>
<arg>${json_data['results'][0]}</arg>
<arg>${key}</arg>
<doc>Fails if ``key`` is not found from ``dictionary``.</doc>
<status status="PASS" start="2024-03-21T13:28:48.245972" elapsed="0.000427"/>
</kw>
<kw name="Log" owner="BuiltIn">
<msg time="2024-03-21T13:28:48.247063" level="INFO">{'gender': 'male', 'name': {'title': 'Mr', 'first': 'Neel', 'last': 'Dhamdhame'}, 'location': {'street': {'number': 3828, 'name': 'Mirza Ismail Rd'}, 'city': 'Tenali', 'state': 'Uttarakhand', 'country': 'India', 'postcode': 13583, 'coordinates': {'latitude': '5.2408', 'longitude': '-136.9052'}, 'timezone': {'offset': '+5:45', 'description': 'Kathmandu'}}, 'email': 'neel.dhamdhame@example.com', 'login': {'uuid': 'a4b69ef0-f296-483b-a9fb-27f7120adbd4', 'username': 'yellowpanda214', 'password': 'mordor', 'salt': '7kKzFoRi', 'md5': '5cc06bfb016690315c9e2077be7d6a86', 'sha1': 'e9c74e5e4ae5c2fa354a2a88120fc07a0804a870', 'sha256': 'e7088be5019278c216393f8b665033291f052bf86ba89f9c03f1097c920bafac'}, 'dob': {'date': '1972-10-15T22:04:10.086Z', 'age': 51}, 'registered': {'date': '2021-12-21T22:57:19.632Z', 'age': 2}, 'phone': '7106868203', 'cell': '7882945710', 'id': {'name': 'UIDAI', 'value': '547653952962'}, 'picture': {'large': 'https://randomuser.me/api/portraits/men/46.jpg', 'medium': 'https://randomuser.me/api/portraits/med/men/46.jpg', 'thumbnail': 'https://randomuser.me/api/portraits/thumb/men/46.jpg'}, 'nat': 'IN'}</msg>
<arg>${json_data['results'][0]}</arg>
<doc>Logs the given message with the given level.</doc>
<status status="PASS" start="2024-03-21T13:28:48.246709" elapsed="0.000402"/>
</kw>
<kw name="Log" owner="BuiltIn">
<msg time="2024-03-21T13:28:48.247534" level="INFO">email</msg>
<arg>${key}</arg>
<doc>Logs the given message with the given level.</doc>
<status status="PASS" start="2024-03-21T13:28:48.247407" elapsed="0.000166"/>
</kw>
<var name="${key}">email</var>
<status status="PASS" start="2024-03-21T13:28:48.245858" elapsed="0.001931"/>
</iter>
<iter>
<kw name="Dictionary Should Contain Key" owner="Collections">
<msg time="2024-03-21T13:28:48.248514" level="INFO">False</msg>
<arg>${json_data['results'][0]}</arg>
<arg>${key}</arg>
<doc>Fails if ``key`` is not found from ``dictionary``.</doc>
<status status="PASS" start="2024-03-21T13:28:48.248120" elapsed="0.000433"/>
</kw>
<kw name="Log" owner="BuiltIn">
<msg time="2024-03-21T13:28:48.249218" level="INFO">{'gender': 'male', 'name': {'title': 'Mr', 'first': 'Neel', 'last': 'Dhamdhame'}, 'location': {'street': {'number': 3828, 'name': 'Mirza Ismail Rd'}, 'city': 'Tenali', 'state': 'Uttarakhand', 'country': 'India', 'postcode': 13583, 'coordinates': {'latitude': '5.2408', 'longitude': '-136.9052'}, 'timezone': {'offset': '+5:45', 'description': 'Kathmandu'}}, 'email': 'neel.dhamdhame@example.com', 'login': {'uuid': 'a4b69ef0-f296-483b-a9fb-27f7120adbd4', 'username': 'yellowpanda214', 'password': 'mordor', 'salt': '7kKzFoRi', 'md5': '5cc06bfb016690315c9e2077be7d6a86', 'sha1': 'e9c74e5e4ae5c2fa354a2a88120fc07a0804a870', 'sha256': 'e7088be5019278c216393f8b665033291f052bf86ba89f9c03f1097c920bafac'}, 'dob': {'date': '1972-10-15T22:04:10.086Z', 'age': 51}, 'registered': {'date': '2021-12-21T22:57:19.632Z', 'age': 2}, 'phone': '7106868203', 'cell': '7882945710', 'id': {'name': 'UIDAI', 'value': '547653952962'}, 'picture': {'large': 'https://randomuser.me/api/portraits/men/46.jpg', 'medium': 'https://randomuser.me/api/portraits/med/men/46.jpg', 'thumbnail': 'https://randomuser.me/api/portraits/thumb/men/46.jpg'}, 'nat': 'IN'}</msg>
<arg>${json_data['results'][0]}</arg>
<doc>Logs the given message with the given level.</doc>
<status status="PASS" start="2024-03-21T13:28:48.248854" elapsed="0.000411"/>
</kw>
<kw name="Log" owner="BuiltIn">
<msg time="2024-03-21T13:28:48.249689" level="INFO">login</msg>
<arg>${key}</arg>
<doc>Logs the given message with the given level.</doc>
<status status="PASS" start="2024-03-21T13:28:48.249561" elapsed="0.000166"/>
</kw>
<var name="${key}">login</var>
<status status="PASS" start="2024-03-21T13:28:48.248000" elapsed="0.001942"/>
</iter>
<var>${key}</var>
<value>@{expected_keys}</value>
<status status="PASS" start="2024-03-21T13:28:48.239092" elapsed="0.010972"/>
</for>
<kw name="Create List" owner="BuiltIn">
<msg time="2024-03-21T13:28:48.250447" level="INFO">${expected_keysTwo} = ['username', 'password']</msg>
<var>${expected_keysTwo}</var>
<arg>username</arg>
<arg>password</arg>
<doc>Returns a list containing given items.</doc>
<status status="PASS" start="2024-03-21T13:28:48.250286" elapsed="0.000186"/>
</kw>
<for flavor="IN">
<iter>
<kw name="Dictionary Should Contain Key" owner="Collections">
<msg time="2024-03-21T13:28:48.251471" level="INFO">False</msg>
<arg>${json_data['results'][0]['login']}</arg>
<arg>${keyTwo}</arg>
<doc>Fails if ``key`` is not found from ``dictionary``.</doc>
<status status="PASS" start="2024-03-21T13:28:48.250980" elapsed="0.000530"/>
</kw>
<kw name="Dictionary Should Contain Key" owner="Collections">
<msg time="2024-03-21T13:28:48.252225" level="INFO">False</msg>
<arg>${json_data['results'][0]['login']}</arg>
<arg>${keyTwo}</arg>
<doc>Fails if ``key`` is not found from ``dictionary``.</doc>
<status status="PASS" start="2024-03-21T13:28:48.251814" elapsed="0.000450"/>
</kw>
<kw name="Log" owner="BuiltIn">
<msg time="2024-03-21T13:28:48.252698" level="INFO">username</msg>
<arg>${keyTwo}</arg>
<doc>Logs the given message with the given level.</doc>
<status status="PASS" start="2024-03-21T13:28:48.252567" elapsed="0.000169"/>
</kw>
<var name="${keyTwo}">username</var>
<status status="PASS" start="2024-03-21T13:28:48.250868" elapsed="0.002090"/>
</iter>
<iter>
<kw name="Dictionary Should Contain Key" owner="Collections">
<msg time="2024-03-21T13:28:48.253626" level="INFO">False</msg>
<arg>${json_data['results'][0]['login']}</arg>
<arg>${keyTwo}</arg>
<doc>Fails if ``key`` is not found from ``dictionary``.</doc>
<status status="PASS" start="2024-03-21T13:28:48.253252" elapsed="0.000413"/>
</kw>
<kw name="Dictionary Should Contain Key" owner="Collections">
<msg time="2024-03-21T13:28:48.254336" level="INFO">False</msg>
<arg>${json_data['results'][0]['login']}</arg>
<arg>${keyTwo}</arg>
<doc>Fails if ``key`` is not found from ``dictionary``.</doc>
<status status="PASS" start="2024-03-21T13:28:48.253961" elapsed="0.000411"/>
</kw>
<kw name="Log" owner="BuiltIn">
<msg time="2024-03-21T13:28:48.254790" level="INFO">password</msg>
<arg>${keyTwo}</arg>
<doc>Logs the given message with the given level.</doc>
<status status="PASS" start="2024-03-21T13:28:48.254662" elapsed="0.000167"/>
</kw>
<var name="${keyTwo}">password</var>
<status status="PASS" start="2024-03-21T13:28:48.253138" elapsed="0.001909"/>
</iter>
<var>${keyTwo}</var>
<value>@{expected_keysTwo}</value>
<status status="PASS" start="2024-03-21T13:28:48.250712" elapsed="0.004458"/>
</for>
<status status="PASS" start="2024-03-21T13:28:48.202276" elapsed="0.053033"/>
</kw>
<doc>Testa a estrutura da resposta da API.</doc>
<tag>testeEstruturaResposta</tag>
<status status="PASS" start="2024-03-21T13:28:48.201754" elapsed="0.053708"/>
</test>
<test id="s1-s1-t4" name="Validar tipos de dados" line="28">
<kw name="Teste de Tipos de Dados" owner="random-user-service">
<kw name="GET On Session" owner="RequestsLibrary">
<msg time="2024-03-21T13:28:48.606416" level="INFO">GET Request : url=https://randomuser.me/api 
 path_url=/api 
 headers={'User-Agent': 'python-requests/2.31.0', 'Accept-Encoding': 'gzip, deflate', 'Accept': '*/*', 'Connection': 'keep-alive'} 
 body=None 
 </msg>
<msg time="2024-03-21T13:28:48.606486" level="INFO">GET Response : url=https://randomuser.me/api 
 status=200, reason=OK 
 headers={'Date': 'Thu, 21 Mar 2024 13:28:48 GMT', 'Content-Type': 'application/json; charset=utf-8', 'Transfer-Encoding': 'chunked', 'Connection': 'keep-alive', 'X-Powered-By': 'Express', 'Access-Control-Allow-Origin': '*', 'Cache-Control': 'no-cache', 'ETag': 'W/"49a-oY30rpn8nvhm/eOZe9A5Kwx1uow"', 'Vary': 'Accept-Encoding', 'Content-Encoding': 'gzip', 'CF-Cache-Status': 'DYNAMIC', 'Report-To': '{"endpoints":[{"url":"https:\\/\\/a.nel.cloudflare.com\\/report\\/v4?s=y1nbWTaK03uF6KTMyddJmxb2E5bkf20%2BXYOmp5fUnQNJM0hVCTp6X4NwyqO640O3QsS4YlnUGrgTCscHO0DvWXWdBFhLF%2F4cGBisus%2FU8wuxxTCUlT8Ry9UB21PwYiGv"}],"group":"cf-nel","max_age":604800}', 'NEL': '{"success_fraction":0,"report_to":"cf-nel","max_age":604800}', 'Server': 'cloudflare', 'CF-RAY': '867e4985bff9082e-IAD', 'alt-svc': 'h3=":443"; ma=86400'} 
 body={"results":[{"gender":"male","name":{"title":"Mr","first":"Teodor","last":"Vidaković"},"location":{"street":{"number":5208,"name":"Staro Naselje"},"city":"Vlasotince","state":"Central Banat","country":"Serbia","postcode":95868,"coordinates":{"latitude":"64.2070","longitude":"-89.7753"},"timezone":{"offset":"+1:00","description":"Brussels, Copenhagen, Madrid, Paris"}},"email":"teodor.vidakovic@example.com","login":{"uuid":"ce78ce1f-5024-4277-b4d7-222f441d5e5d","username":"smallladybug220","password":"corsair","salt":"uakrjEBC","md5":"87bc3bd7e48cd710e2a2b88cf964da32","sha1":"8e032cecad2462a219faaa1259e3f9df946173c2","sha256":"1ac5bf2409af7128ef4ae6307cfc7834c3d07df7fa18e529697a9872df742f22"},"dob":{"date":"1951-10-29T09:30:45.031Z","age":72},"registered":{"date":"2005-12-08T11:41:55.060Z","age":18},"phone":"012-0838-384","cell":"063-0211-851","id":{"name":"SID","value":"002335564"},"picture":{"large":"https://randomuser.me/api/portraits/men/96.jpg","medium":"https://randomuser.me/api/portraits/med/men/96.jpg","thumbnail":"https://randomuser.me/api/portraits/thumb/men/96.jpg"},"nat":"RS"}],"info":{"seed":"ae47f2c2aaa61e90","results":1,"page":1,"version":"1.4"}} 
 </msg>
<msg time="2024-03-21T13:28:48.606549" level="INFO">/opt/hostedtoolcache/Python/3.12.2/x64/lib/python3.12/site-packages/urllib3/connectionpool.py:1103: InsecureRequestWarning: Unverified HTTPS request is being made to host 'randomuser.me'. Adding certificate verification is strongly advised. See: https://urllib3.readthedocs.io/en/latest/advanced-usage.html#tls-warnings
  warnings.warn(</msg>
<msg time="2024-03-21T13:28:48.606658" level="INFO">${response} = &lt;Response [200]&gt;</msg>
<var>${response}</var>
<arg>consultarAPI</arg>
<arg>/api</arg>
<doc>Sends a GET request on a previously created HTTP Session.</doc>
<status status="PASS" start="2024-03-21T13:28:48.257922" elapsed="0.348778"/>
</kw>
<kw name="Set Variable" owner="BuiltIn">
<msg time="2024-03-21T13:28:48.607555" level="INFO">${json_data} = {'results': [{'gender': 'male', 'name': {'title': 'Mr', 'first': 'Teodor', 'last': 'Vidaković'}, 'location': {'street': {'number': 5208, 'name': 'Staro Naselje'}, 'city': 'Vlasotince', 'state': 'Centr...</msg>
<var>${json_data}</var>
<arg>${response.json()}</arg>
<doc>Returns the given values which can then be assigned to a variables.</doc>
<status status="PASS" start="2024-03-21T13:28:48.607078" elapsed="0.000508"/>
</kw>
<kw name="Log" owner="BuiltIn">
<msg time="2024-03-21T13:28:48.608097" level="INFO">{'results': [{'gender': 'male', 'name': {'title': 'Mr', 'first': 'Teodor', 'last': 'Vidaković'}, 'location': {'street': {'number': 5208, 'name': 'Staro Naselje'}, 'city': 'Vlasotince', 'state': 'Central Banat', 'country': 'Serbia', 'postcode': 95868, 'coordinates': {'latitude': '64.2070', 'longitude': '-89.7753'}, 'timezone': {'offset': '+1:00', 'description': 'Brussels, Copenhagen, Madrid, Paris'}}, 'email': 'teodor.vidakovic@example.com', 'login': {'uuid': 'ce78ce1f-5024-4277-b4d7-222f441d5e5d', 'username': 'smallladybug220', 'password': 'corsair', 'salt': 'uakrjEBC', 'md5': '87bc3bd7e48cd710e2a2b88cf964da32', 'sha1': '8e032cecad2462a219faaa1259e3f9df946173c2', 'sha256': '1ac5bf2409af7128ef4ae6307cfc7834c3d07df7fa18e529697a9872df742f22'}, 'dob': {'date': '1951-10-29T09:30:45.031Z', 'age': 72}, 'registered': {'date': '2005-12-08T11:41:55.060Z', 'age': 18}, 'phone': '012-0838-384', 'cell': '063-0211-851', 'id': {'name': 'SID', 'value': '002335564'}, 'picture': {'large': 'https://randomuser.me/api/portraits/men/96.jpg', 'medium': 'https://randomuser.me/api/portraits/med/men/96.jpg', 'thumbnail': 'https://randomuser.me/api/portraits/thumb/men/96.jpg'}, 'nat': 'RS'}], 'info': {'seed': 'ae47f2c2aaa61e90', 'results': 1, 'page': 1, 'version': '1.4'}}</msg>
<arg>${json_data}</arg>
<doc>Logs the given message with the given level.</doc>
<status status="PASS" start="2024-03-21T13:28:48.607925" elapsed="0.000223"/>
</kw>
<kw name="Should Be String" owner="String">
<arg>${json_data['results'][0]['gender']}</arg>
<doc>Fails if the given ``item`` is not a string.</doc>
<status status="PASS" start="2024-03-21T13:28:48.608478" elapsed="0.000370"/>
</kw>
<kw name="Should Match Regexp" owner="BuiltIn">
<arg>${json_data['results'][0]['email']}</arg>
<arg>^[a-zA-Z0-9._%+-]+@[a-zA-Z0-9.-]+\.[a-zA-Z]{2,}$</arg>
<doc>Fails if ``string`` does not match ``pattern`` as a regular expression.</doc>
<status status="PASS" start="2024-03-21T13:28:48.609041" elapsed="0.000510"/>
</kw>
<kw name="Should Match Regexp" owner="BuiltIn">
<arg>${json_data['results'][0]['dob']['date']}</arg>
<arg>\\d{4}-\\d{2}-\\d{2}T\\d{2}:\\d{2}:\\d{2}\\.\\d{3}Z</arg>
<doc>Fails if ``string`` does not match ``pattern`` as a regular expression.</doc>
<status status="PASS" start="2024-03-21T13:28:48.609745" elapsed="0.000504"/>
</kw>
<kw name="Should Match Regexp" owner="BuiltIn">
<arg>${json_data['results'][0]['registered']['date']}</arg>
<arg>\\d{4}-\\d{2}-\\d{2}T\\d{2}:\\d{2}:\\d{2}\\.\\d{3}Z</arg>
<doc>Fails if ``string`` does not match ``pattern`` as a regular expression.</doc>
<status status="PASS" start="2024-03-21T13:28:48.610440" elapsed="0.000379"/>
</kw>
<kw name="Should Match Regexp" owner="BuiltIn">
<arg>${json_data['results'][0]['picture']['large']}</arg>
<arg>^https?://.*\.(?:png|jpe?g|gif|bmp)$</arg>
<doc>Fails if ``string`` does not match ``pattern`` as a regular expression.</doc>
<status status="PASS" start="2024-03-21T13:28:48.611006" elapsed="0.000455"/>
</kw>
<kw name="Should Match Regexp" owner="BuiltIn">
<arg>${json_data['results'][0]['picture']['medium']}</arg>
<arg>^https?://.*\.(?:png|jpe?g|gif|bmp)$</arg>
<doc>Fails if ``string`` does not match ``pattern`` as a regular expression.</doc>
<status status="PASS" start="2024-03-21T13:28:48.611661" elapsed="0.000407"/>
</kw>
<kw name="Should Match Regexp" owner="BuiltIn">
<arg>${json_data['results'][0]['picture']['thumbnail']}</arg>
<arg>^https?://.*\.(?:png|jpe?g|gif|bmp)$</arg>
<doc>Fails if ``string`` does not match ``pattern`` as a regular expression.</doc>
<status status="PASS" start="2024-03-21T13:28:48.612253" elapsed="0.000357"/>
</kw>
<kw name="Log" owner="BuiltIn">
<msg time="2024-03-21T13:28:48.613118" level="INFO">{'large': 'https://randomuser.me/api/portraits/men/96.jpg', 'medium': 'https://randomuser.me/api/portraits/med/men/96.jpg', 'thumbnail': 'https://randomuser.me/api/portraits/thumb/men/96.jpg'}</msg>
<arg>${json_data['results'][0]['picture']}</arg>
<doc>Logs the given message with the given level.</doc>
<status status="PASS" start="2024-03-21T13:28:48.612790" elapsed="0.000369"/>
</kw>
<status status="PASS" start="2024-03-21T13:28:48.257695" elapsed="0.355716"/>
</kw>
<kw name="Teste de Tipos de Dados - Postcode" owner="random-user-service">
<kw name="GET On Session" owner="RequestsLibrary">
<msg time="2024-03-21T13:28:48.732929" level="INFO">GET Request : url=https://randomuser.me/api 
 path_url=/api 
 headers={'User-Agent': 'python-requests/2.31.0', 'Accept-Encoding': 'gzip, deflate', 'Accept': '*/*', 'Connection': 'keep-alive'} 
 body=None 
 </msg>
<msg time="2024-03-21T13:28:48.733014" level="INFO">GET Response : url=https://randomuser.me/api 
 status=200, reason=OK 
 headers={'Date': 'Thu, 21 Mar 2024 13:28:48 GMT', 'Content-Type': 'application/json; charset=utf-8', 'Transfer-Encoding': 'chunked', 'Connection': 'keep-alive', 'X-Powered-By': 'Express', 'Access-Control-Allow-Origin': '*', 'Cache-Control': 'no-cache', 'ETag': 'W/"490-2zQvOh85ZS5XYtmnK3SbmHiPtHc"', 'Vary': 'Accept-Encoding', 'Content-Encoding': 'gzip', 'CF-Cache-Status': 'DYNAMIC', 'Report-To': '{"endpoints":[{"url":"https:\\/\\/a.nel.cloudflare.com\\/report\\/v4?s=j7BE66toJiRWxtRjXIKH2Wkl8pYsltbBU4AEDOQeNDEHjFQQgl4T15gM%2FXm%2Bzz77Th4M9%2FCRTii1gIUl7mPzqRC2ChqpjCx0DaJQjFIALzr2%2BLpadCOs9%2BAovUYNv2Xh"}],"group":"cf-nel","max_age":604800}', 'NEL': '{"success_fraction":0,"report_to":"cf-nel","max_age":604800}', 'Server': 'cloudflare', 'CF-RAY': '867e4987dac1082e-IAD', 'alt-svc': 'h3=":443"; ma=86400'} 
 body={"results":[{"gender":"male","name":{"title":"Mr","first":"Mons","last":"Frantzen"},"location":{"street":{"number":6378,"name":"Arthur Nordlies vei"},"city":"Innfjorden","state":"Telemark","country":"Norway","postcode":"1893","coordinates":{"latitude":"44.5159","longitude":"-146.1836"},"timezone":{"offset":"+9:00","description":"Tokyo, Seoul, Osaka, Sapporo, Yakutsk"}},"email":"mons.frantzen@example.com","login":{"uuid":"a3ea05c3-1070-403c-9d3a-a5a126b7dfa4","username":"brownmouse696","password":"stephanie","salt":"ebCaaoXh","md5":"231974a39bdd7ca201e04a2958212074","sha1":"e460c7e357a4c951fec1f88eca530286917ebe7a","sha256":"ea2c3104b9d68a6ff3134b23b2e27e03b3f3e97ac60ce6d6dff2c5427ce8a348"},"dob":{"date":"1963-03-08T09:02:31.317Z","age":61},"registered":{"date":"2015-07-29T10:33:56.254Z","age":8},"phone":"34748962","cell":"95241830","id":{"name":"FN","value":"08036342995"},"picture":{"large":"https://randomuser.me/api/portraits/men/10.jpg","medium":"https://randomuser.me/api/portraits/med/men/10.jpg","thumbnail":"https://randomuser.me/api/portraits/thumb/men/10.jpg"},"nat":"NO"}],"info":{"seed":"5325cc8ad9fd9c84","results":1,"page":1,"version":"1.4"}} 
 </msg>
<msg time="2024-03-21T13:28:48.733104" level="INFO">/opt/hostedtoolcache/Python/3.12.2/x64/lib/python3.12/site-packages/urllib3/connectionpool.py:1103: InsecureRequestWarning: Unverified HTTPS request is being made to host 'randomuser.me'. Adding certificate verification is strongly advised. See: https://urllib3.readthedocs.io/en/latest/advanced-usage.html#tls-warnings
  warnings.warn(</msg>
<msg time="2024-03-21T13:28:48.733246" level="INFO">${response} = &lt;Response [200]&gt;</msg>
<var>${response}</var>
<arg>consultarAPI</arg>
<arg>/api</arg>
<doc>Sends a GET request on a previously created HTTP Session.</doc>
<status status="PASS" start="2024-03-21T13:28:48.613861" elapsed="0.119441"/>
</kw>
<kw name="Set Variable" owner="BuiltIn">
<msg time="2024-03-21T13:28:48.734196" level="INFO">${json_data} = {'results': [{'gender': 'male', 'name': {'title': 'Mr', 'first': 'Mons', 'last': 'Frantzen'}, 'location': {'street': {'number': 6378, 'name': 'Arthur Nordlies vei'}, 'city': 'Innfjorden', 'state': 'Te...</msg>
<var>${json_data}</var>
<arg>${response.json()}</arg>
<doc>Returns the given values which can then be assigned to a variables.</doc>
<status status="PASS" start="2024-03-21T13:28:48.733733" elapsed="0.000493"/>
</kw>
<kw name="Log" owner="BuiltIn">
<msg time="2024-03-21T13:28:48.734692" level="INFO">{'results': [{'gender': 'male', 'name': {'title': 'Mr', 'first': 'Mons', 'last': 'Frantzen'}, 'location': {'street': {'number': 6378, 'name': 'Arthur Nordlies vei'}, 'city': 'Innfjorden', 'state': 'Telemark', 'country': 'Norway', 'postcode': '1893', 'coordinates': {'latitude': '44.5159', 'longitude': '-146.1836'}, 'timezone': {'offset': '+9:00', 'description': 'Tokyo, Seoul, Osaka, Sapporo, Yakutsk'}}, 'email': 'mons.frantzen@example.com', 'login': {'uuid': 'a3ea05c3-1070-403c-9d3a-a5a126b7dfa4', 'username': 'brownmouse696', 'password': 'stephanie', 'salt': 'ebCaaoXh', 'md5': '231974a39bdd7ca201e04a2958212074', 'sha1': 'e460c7e357a4c951fec1f88eca530286917ebe7a', 'sha256': 'ea2c3104b9d68a6ff3134b23b2e27e03b3f3e97ac60ce6d6dff2c5427ce8a348'}, 'dob': {'date': '1963-03-08T09:02:31.317Z', 'age': 61}, 'registered': {'date': '2015-07-29T10:33:56.254Z', 'age': 8}, 'phone': '34748962', 'cell': '95241830', 'id': {'name': 'FN', 'value': '08036342995'}, 'picture': {'large': 'https://randomuser.me/api/portraits/men/10.jpg', 'medium': 'https://randomuser.me/api/portraits/med/men/10.jpg', 'thumbnail': 'https://randomuser.me/api/portraits/thumb/men/10.jpg'}, 'nat': 'NO'}], 'info': {'seed': '5325cc8ad9fd9c84', 'results': 1, 'page': 1, 'version': '1.4'}}</msg>
<arg>${json_data}</arg>
<doc>Logs the given message with the given level.</doc>
<status status="PASS" start="2024-03-21T13:28:48.734535" elapsed="0.000204"/>
</kw>
<kw name="Should Be Equal As Numbers" owner="BuiltIn">
<arg>${json_data['results'][0]['location']['postcode']}</arg>
<arg>${json_data['results'][0]['location']['postcode']}</arg>
<doc>Fails if objects are unequal after converting them to real numbers.</doc>
<status status="PASS" start="2024-03-21T13:28:48.735051" elapsed="0.000662"/>
</kw>
<kw name="Log" owner="BuiltIn">
<msg time="2024-03-21T13:28:48.736305" level="INFO">1893</msg>
<arg>${json_data['results'][0]['location']['postcode']}</arg>
<doc>Logs the given message with the given level.</doc>
<status status="PASS" start="2024-03-21T13:28:48.735948" elapsed="0.000399"/>
</kw>
<status status="PASS" start="2024-03-21T13:28:48.613631" elapsed="0.122983"/>
</kw>
<doc>Testa se os tipos de dados na resposta da API estão corretos.</doc>
<tag>testeTiposDados</tag>
<status status="PASS" start="2024-03-21T13:28:48.257262" elapsed="0.479518"/>
</test>
<test id="s1-s1-t5" name="Validar conteudo" line="35">
<kw name="Teste de Tipos de Conteudo" owner="random-user-service">
<kw name="GET On Session" owner="RequestsLibrary">
<msg time="2024-03-21T13:28:48.770634" level="INFO">GET Request : url=https://randomuser.me/api 
 path_url=/api 
 headers={'User-Agent': 'python-requests/2.31.0', 'Accept-Encoding': 'gzip, deflate', 'Accept': '*/*', 'Connection': 'keep-alive'} 
 body=None 
 </msg>
<msg time="2024-03-21T13:28:48.770699" level="INFO">GET Response : url=https://randomuser.me/api 
 status=200, reason=OK 
 headers={'Date': 'Thu, 21 Mar 2024 13:28:48 GMT', 'Content-Type': 'application/json; charset=utf-8', 'Transfer-Encoding': 'chunked', 'Connection': 'keep-alive', 'X-Powered-By': 'Express', 'Access-Control-Allow-Origin': '*', 'Cache-Control': 'no-cache', 'ETag': 'W/"478-tGmQaXDk4oa00SNFK0cQwB+euMU"', 'Vary': 'Accept-Encoding', 'Content-Encoding': 'gzip', 'CF-Cache-Status': 'DYNAMIC', 'Report-To': '{"endpoints":[{"url":"https:\\/\\/a.nel.cloudflare.com\\/report\\/v4?s=EmrCo4Uqkd2LUmnJl8pf6le9QAQDYVsUgVJMIRj1dnU3Ed4S%2BEMho7E3ts01Z3nguJY175GtSNjd0X4BNaAJ54zccmiGTeBWez1ysqsYX%2FobTueAAKQYJmD%2FEoInyVKF"}],"group":"cf-nel","max_age":604800}', 'NEL': '{"success_fraction":0,"report_to":"cf-nel","max_age":604800}', 'Server': 'cloudflare', 'CF-RAY': '867e4988abaa082e-IAD', 'alt-svc': 'h3=":443"; ma=86400'} 
 body={"results":[{"gender":"male","name":{"title":"Mr","first":"Kairav","last":"Acharya"},"location":{"street":{"number":7730,"name":"Sampige Rd"},"city":"Nizamabad","state":"Sikkim","country":"India","postcode":59757,"coordinates":{"latitude":"6.3608","longitude":"-168.6731"},"timezone":{"offset":"+9:30","description":"Adelaide, Darwin"}},"email":"kairav.acharya@example.com","login":{"uuid":"80eccad8-557c-4bc1-8f0b-8b65a53dfed5","username":"beautifulpanda560","password":"velvet","salt":"utDXRWgq","md5":"ba051bd02d48a6559edb0dc43c492052","sha1":"2c27af7656878f71c5854d6c895d31a2596c3cd1","sha256":"abba37e2fe29f7b562c0a916def9af8ec7fc6858c6725b1bd0a76f7dce92ce86"},"dob":{"date":"1984-12-09T19:07:59.207Z","age":39},"registered":{"date":"2010-03-03T20:32:38.474Z","age":14},"phone":"9328988348","cell":"8656067981","id":{"name":"UIDAI","value":"549761799154"},"picture":{"large":"https://randomuser.me/api/portraits/men/35.jpg","medium":"https://randomuser.me/api/portraits/med/men/35.jpg","thumbnail":"https://randomuser.me/api/portraits/thumb/men/35.jpg"},"nat":"IN"}],"info":{"seed":"e0e0cc9eba9b4571","results":1,"page":1,"version":"1.4"}} 
 </msg>
<msg time="2024-03-21T13:28:48.770759" level="INFO">/opt/hostedtoolcache/Python/3.12.2/x64/lib/python3.12/site-packages/urllib3/connectionpool.py:1103: InsecureRequestWarning: Unverified HTTPS request is being made to host 'randomuser.me'. Adding certificate verification is strongly advised. See: https://urllib3.readthedocs.io/en/latest/advanced-usage.html#tls-warnings
  warnings.warn(</msg>
<msg time="2024-03-21T13:28:48.770868" level="INFO">${response} = &lt;Response [200]&gt;</msg>
<var>${response}</var>
<arg>consultarAPI</arg>
<arg>/api</arg>
<doc>Sends a GET request on a previously created HTTP Session.</doc>
<status status="PASS" start="2024-03-21T13:28:48.739602" elapsed="0.031309"/>
</kw>
<kw name="Set Variable" owner="BuiltIn">
<msg time="2024-03-21T13:28:48.771737" level="INFO">${json_data} = {'results': [{'gender': 'male', 'name': {'title': 'Mr', 'first': 'Kairav', 'last': 'Acharya'}, 'location': {'street': {'number': 7730, 'name': 'Sampige Rd'}, 'city': 'Nizamabad', 'state': 'Sikkim', 'c...</msg>
<var>${json_data}</var>
<arg>${response.json()}</arg>
<doc>Returns the given values which can then be assigned to a variables.</doc>
<status status="PASS" start="2024-03-21T13:28:48.771287" elapsed="0.000478"/>
</kw>
<kw name="Set Variable" owner="BuiltIn">
<msg time="2024-03-21T13:28:48.772485" level="INFO">${name_title} = Mr</msg>
<var>${name_title}</var>
<arg>${json_data["results"][0]["name"]["title"]}</arg>
<doc>Returns the given values which can then be assigned to a variables.</doc>
<status status="PASS" start="2024-03-21T13:28:48.772103" elapsed="0.000408"/>
</kw>
<kw name="Create List" owner="BuiltIn">
<msg time="2024-03-21T13:28:48.772966" level="INFO">${allowed_titles} = ['Mr', 'Ms', 'Miss', 'Mrs', 'Madame', 'Monsieur']</msg>
<var>${allowed_titles}</var>
<arg>Mr</arg>
<arg>Ms</arg>
<arg>Miss</arg>
<arg>Mrs</arg>
<arg>Madame</arg>
<arg>Monsieur</arg>
<doc>Returns a list containing given items.</doc>
<status status="PASS" start="2024-03-21T13:28:48.772812" elapsed="0.000179"/>
</kw>
<kw name="List Should Contain Value" owner="Collections">
<msg time="2024-03-21T13:28:48.773470" level="INFO">False</msg>
<arg>${allowed_titles}</arg>
<arg>${name_title}</arg>
<doc>Fails if the ``value`` is not found from ``list``.</doc>
<status status="PASS" start="2024-03-21T13:28:48.773289" elapsed="0.000219"/>
</kw>
<kw name="Set Variable" owner="BuiltIn">
<msg time="2024-03-21T13:28:48.774175" level="INFO">${name_country} = IN</msg>
<var>${name_country}</var>
<arg>${json_data["results"][0]["nat"]}</arg>
<doc>Returns the given values which can then be assigned to a variables.</doc>
<status status="PASS" start="2024-03-21T13:28:48.773795" elapsed="0.000406"/>
</kw>
<kw name="Create List" owner="BuiltIn">
<msg time="2024-03-21T13:28:48.775209" level="INFO">${list_country} = ['AD', 'AE', 'AF', 'AG', 'AI', 'AL', 'AM', 'AO', 'AQ', 'AR', 'AS', 'AT', 'AU', 'AW', 'AX', 'AZ', 'BA', 'BB', 'BD', 'BE', 'BF', 'BG', 'BH', 'BI', 'BJ', 'BL', 'BM', 'BN', 'BO', 'BQ', 'BR', 'BS', 'BT', '...</msg>
<var>${list_country}</var>
<arg>AD</arg>
<arg>AE</arg>
<arg>AF</arg>
<arg>AG</arg>
<arg>AI</arg>
<arg>AL</arg>
<arg>AM</arg>
<arg>AO</arg>
<arg>AQ</arg>
<arg>AR</arg>
<arg>AS</arg>
<arg>AT</arg>
<arg>AU</arg>
<arg>AW</arg>
<arg>AX</arg>
<arg>AZ</arg>
<arg>BA</arg>
<arg>BB</arg>
<arg>BD</arg>
<arg>BE</arg>
<arg>BF</arg>
<arg>BG</arg>
<arg>BH</arg>
<arg>BI</arg>
<arg>BJ</arg>
<arg>BL</arg>
<arg>BM</arg>
<arg>BN</arg>
<arg>BO</arg>
<arg>BQ</arg>
<arg>BR</arg>
<arg>BS</arg>
<arg>BT</arg>
<arg>BV</arg>
<arg>BW</arg>
<arg>BY</arg>
<arg>BZ</arg>
<arg>CA</arg>
<arg>CC</arg>
<arg>CD</arg>
<arg>CF</arg>
<arg>CG</arg>
<arg>CH</arg>
<arg>CI</arg>
<arg>CK</arg>
<arg>CL</arg>
<arg>CM</arg>
<arg>CN</arg>
<arg>CO</arg>
<arg>CR</arg>
<arg>CU</arg>
<arg>CV</arg>
<arg>CW</arg>
<arg>CX</arg>
<arg>CY</arg>
<arg>CZ</arg>
<arg>DE</arg>
<arg>DJ</arg>
<arg>DK</arg>
<arg>DM</arg>
<arg>DO</arg>
<arg>DZ</arg>
<arg>EC</arg>
<arg>EE</arg>
<arg>EG</arg>
<arg>EH</arg>
<arg>ER</arg>
<arg>ES</arg>
<arg>ET</arg>
<arg>FI</arg>
<arg>FJ</arg>
<arg>FK</arg>
<arg>FM</arg>
<arg>FO</arg>
<arg>FR</arg>
<arg>GA</arg>
<arg>GB</arg>
<arg>GD</arg>
<arg>GE</arg>
<arg>GF</arg>
<arg>GG</arg>
<arg>GH</arg>
<arg>GI</arg>
<arg>GL</arg>
<arg>GM</arg>
<arg>GN</arg>
<arg>GP</arg>
<arg>GQ</arg>
<arg>GR</arg>
<arg>GS</arg>
<arg>GT</arg>
<arg>GU</arg>
<arg>GW</arg>
<arg>GY</arg>
<arg>HK</arg>
<arg>HM</arg>
<arg>HN</arg>
<arg>HR</arg>
<arg>HT</arg>
<arg>HU</arg>
<arg>ID</arg>
<arg>IE</arg>
<arg>IL</arg>
<arg>IM</arg>
<arg>IN</arg>
<arg>IO</arg>
<arg>IQ</arg>
<arg>IR</arg>
<arg>IS</arg>
<arg>IT</arg>
<arg>JE</arg>
<arg>JM</arg>
<arg>JO</arg>
<arg>JP</arg>
<arg>KE</arg>
<arg>KG</arg>
<arg>KH</arg>
<arg>KI</arg>
<arg>KM</arg>
<arg>KN</arg>
<arg>KP</arg>
<arg>KR</arg>
<arg>KW</arg>
<arg>KY</arg>
<arg>KZ</arg>
<arg>LA</arg>
<arg>LB</arg>
<arg>LC</arg>
<arg>LI</arg>
<arg>LK</arg>
<arg>LR</arg>
<arg>LS</arg>
<arg>LT</arg>
<arg>LU</arg>
<arg>LV</arg>
<arg>LY</arg>
<arg>MA</arg>
<arg>MC</arg>
<arg>MD</arg>
<arg>ME</arg>
<arg>MF</arg>
<arg>MG</arg>
<arg>MH</arg>
<arg>MK</arg>
<arg>ML</arg>
<arg>MM</arg>
<arg>MN</arg>
<arg>MO</arg>
<arg>MP</arg>
<arg>MQ</arg>
<arg>MR</arg>
<arg>MS</arg>
<arg>MT</arg>
<arg>MU</arg>
<arg>MV</arg>
<arg>MW</arg>
<arg>MX</arg>
<arg>MY</arg>
<arg>MZ</arg>
<arg>NA</arg>
<arg>NC</arg>
<arg>NE</arg>
<arg>NF</arg>
<arg>NG</arg>
<arg>NI</arg>
<arg>NL</arg>
<arg>NO</arg>
<arg>NP</arg>
<arg>NR</arg>
<arg>NU</arg>
<arg>NZ</arg>
<arg>OM</arg>
<arg>PA</arg>
<arg>PE</arg>
<arg>PF</arg>
<arg>PG</arg>
<arg>PH</arg>
<arg>PK</arg>
<arg>PL</arg>
<arg>PM</arg>
<arg>PN</arg>
<arg>PR</arg>
<arg>PS</arg>
<arg>PT</arg>
<arg>PW</arg>
<arg>PY</arg>
<arg>QA</arg>
<arg>RE</arg>
<arg>RO</arg>
<arg>RS</arg>
<arg>RU</arg>
<arg>RW</arg>
<arg>SA</arg>
<arg>SB</arg>
<arg>SC</arg>
<arg>SD</arg>
<arg>SE</arg>
<arg>SG</arg>
<arg>SH</arg>
<arg>SI</arg>
<arg>SJ</arg>
<arg>SK</arg>
<arg>SL</arg>
<arg>SM</arg>
<arg>SN</arg>
<arg>SO</arg>
<arg>SR</arg>
<arg>SS</arg>
<arg>ST</arg>
<arg>SV</arg>
<arg>SX</arg>
<arg>SY</arg>
<arg>SZ</arg>
<arg>TC</arg>
<arg>TD</arg>
<arg>TF</arg>
<arg>TG</arg>
<arg>TH</arg>
<arg>TJ</arg>
<arg>TK</arg>
<arg>TL</arg>
<arg>TM</arg>
<arg>TN</arg>
<arg>TO</arg>
<arg>TR</arg>
<arg>TT</arg>
<arg>TV</arg>
<arg>TW</arg>
<arg>TZ</arg>
<arg>UA</arg>
<arg>UG</arg>
<arg>UM</arg>
<arg>US</arg>
<arg>UY</arg>
<arg>UZ</arg>
<arg>VA</arg>
<arg>VC</arg>
<arg>VE</arg>
<arg>VG</arg>
<arg>VI</arg>
<arg>VN</arg>
<arg>VU</arg>
<arg>WF</arg>
<arg>WS</arg>
<arg>XK</arg>
<arg>YE</arg>
<arg>YT</arg>
<arg>ZA</arg>
<arg>ZM</arg>
<arg>ZW</arg>
<doc>Returns a list containing given items.</doc>
<status status="PASS" start="2024-03-21T13:28:48.774500" elapsed="0.000735"/>
</kw>
<kw name="List Should Contain Value" owner="Collections">
<msg time="2024-03-21T13:28:48.776243" level="INFO">False</msg>
<arg>${list_country}</arg>
<arg>${name_country}</arg>
<doc>Fails if the ``value`` is not found from ``list``.</doc>
<status status="PASS" start="2024-03-21T13:28:48.776031" elapsed="0.000249"/>
</kw>
<kw name="Run Keyword If" owner="BuiltIn">
<kw name="Should Be True" owner="BuiltIn">
<arg>${True}</arg>
<doc>Fails if the given condition is not true.</doc>
<status status="PASS" start="2024-03-21T13:28:48.777450" elapsed="0.000146"/>
</kw>
<arg>${json_data["results"][0]["location"]["coordinates"]["latitude"]} &gt;= -90 and ${json_data["results"][0]["location"]["coordinates"]["latitude"]} &lt;= 90</arg>
<arg>Should Be True</arg>
<arg>${True}</arg>
<doc>Runs the given keyword with the given arguments, if ``condition`` is true.</doc>
<status status="PASS" start="2024-03-21T13:28:48.776600" elapsed="0.001124"/>
</kw>
<kw name="Run Keyword If" owner="BuiltIn">
<kw name="Should Be True" owner="BuiltIn">
<arg>${True}</arg>
<doc>Fails if the given condition is not true.</doc>
<status status="PASS" start="2024-03-21T13:28:48.778600" elapsed="0.000138"/>
</kw>
<arg>${json_data["results"][0]["location"]["coordinates"]["longitude"]} &gt;= -180 and ${json_data["results"][0]["location"]["coordinates"]["longitude"]} &lt;= 180</arg>
<arg>Should Be True</arg>
<arg>${True}</arg>
<doc>Runs the given keyword with the given arguments, if ``condition`` is true.</doc>
<status status="PASS" start="2024-03-21T13:28:48.777911" elapsed="0.000953"/>
</kw>
<status status="PASS" start="2024-03-21T13:28:48.739235" elapsed="0.039758"/>
</kw>
<doc>Testa o conteúdo específico dos campos retornados pela API.</doc>
<tag>testeConteudo</tag>
<status status="PASS" start="2024-03-21T13:28:48.738546" elapsed="0.040593"/>
</test>
<status status="PASS" start="2024-03-21T13:28:47.743500" elapsed="1.037574"/>
</suite>
<status status="PASS" start="2024-03-21T13:28:47.729810" elapsed="1.056521"/>
</suite>
<statistics>
<total>
<stat pass="5" fail="0" skip="0">All Tests</stat>
</total>
<tag>
<stat pass="1" fail="0" skip="0">testeConteudo</stat>
<stat pass="1" fail="0" skip="0">testeEstruturaResposta</stat>
<stat pass="1" fail="0" skip="0">testeRequisicaoBasica</stat>
<stat pass="1" fail="0" skip="0">testeTiposDados</stat>
</tag>
<suite>
<stat pass="5" fail="0" skip="0" id="s1" name="Tests">Tests</stat>
<stat pass="5" fail="0" skip="0" id="s1-s1" name="Random-User-Test">Tests.Random-User-Test</stat>
</suite>
</statistics>
<errors>
<msg time="2024-03-21T13:28:48.045182" level="ERROR">Error in file '/home/runner/work/DesafioQAItauRogerioJordao/DesafioQAItauRogerioJordao/RamdonUser/config/base.robot' on line 8: Invalid resource file extension '.py'. Supported extensions are '.json', '.resource', '.rest', '.robot', '.rsrc', '.rst', '.tsv' and '.txt'.</msg>
</errors>
</robot>
