<?xml version="1.0" encoding="UTF-8"?>
<robot generator="Robot 7.0 (Python 3.12.3 on linux)" generated="2024-05-06T07:13:52.587434" rpa="false" schemaversion="5">
<suite id="s1" name="Tests" source="/home/runner/work/DesafioQAItauRogerioJordao/DesafioQAItauRogerioJordao/RamdonUser/tests">
<suite id="s1-s1" name="Random-User-Test" source="/home/runner/work/DesafioQAItauRogerioJordao/DesafioQAItauRogerioJordao/RamdonUser/tests/random-user-test.robot">
<test id="s1-s1-t1" name="Conectar" line="13">
<kw name="Conectar API" owner="random-user-service">
<kw name="Create Session" owner="RequestsLibrary">
<msg time="2024-05-06T07:13:52.951806" level="INFO">Creating Session using : alias=consultarAPI, url=https://randomuser.me/, headers={},                     cookies={}, auth=None, timeout=None, proxies=None, verify=False,                     debug=0 </msg>
<arg>consultarAPI</arg>
<arg>${URL}</arg>
<doc>Create Session: create a HTTP session to a server</doc>
<status status="PASS" start="2024-05-06T07:13:52.951612" elapsed="0.000388"/>
</kw>
<status status="PASS" start="2024-05-06T07:13:52.950703" elapsed="0.001634"/>
</kw>
<status status="PASS" start="2024-05-06T07:13:52.950153" elapsed="0.002372"/>
</test>
<test id="s1-s1-t2" name="Validar retorno 200 e JSON Válido" line="16">
<kw name="Teste de Requisicao Basica" owner="random-user-service">
<kw name="GET On Session" owner="RequestsLibrary">
<msg time="2024-05-06T07:13:53.037544" level="INFO">GET Request : url=https://randomuser.me/api 
 path_url=/api 
 headers={'User-Agent': 'python-requests/2.31.0', 'Accept-Encoding': 'gzip, deflate', 'Accept': '*/*', 'Connection': 'keep-alive'} 
 body=None 
 </msg>
<msg time="2024-05-06T07:13:53.037662" level="INFO">GET Response : url=https://randomuser.me/api 
 status=200, reason=OK 
 headers={'Date': 'Mon, 06 May 2024 07:13:53 GMT', 'Content-Type': 'application/json; charset=utf-8', 'Transfer-Encoding': 'chunked', 'Connection': 'keep-alive', 'X-Powered-By': 'Express', 'Access-Control-Allow-Origin': '*', 'Cache-Control': 'no-cache', 'ETag': 'W/"491-nZMetYKJyglfk588hJidPUnntWU"', 'Vary': 'Accept-Encoding', 'Content-Encoding': 'gzip', 'CF-Cache-Status': 'DYNAMIC', 'Report-To': '{"endpoints":[{"url":"https:\\/\\/a.nel.cloudflare.com\\/report\\/v4?s=bDw6X3%2Bn2Ud%2F32E8sJmdjmSJ1xXlutv%2FHBQqnQ2Gda8ymFLwekvzniYFld6IdQsHESqIn4ltr9E%2FJdxs6h%2BrhIiWZbplbATmYkaRO9tbsaPceOER2604xMQaOqIEatAi"}],"group":"cf-nel","max_age":604800}', 'NEL': '{"success_fraction":0,"report_to":"cf-nel","max_age":604800}', 'Server': 'cloudflare', 'CF-RAY': '87f72b923dc80798-IAD', 'alt-svc': 'h3=":443"; ma=86400'} 
 body={"results":[{"gender":"male","name":{"title":"Mr","first":"Daniel","last":"Harcourt"},"location":{"street":{"number":8190,"name":"36th Ave"},"city":"Belmont","state":"Prince Edward Island","country":"Canada","postcode":"P5V 7O6","coordinates":{"latitude":"-71.5983","longitude":"-82.5111"},"timezone":{"offset":"-8:00","description":"Pacific Time (US &amp; Canada)"}},"email":"daniel.harcourt@example.com","login":{"uuid":"362d10bc-b709-4e19-9ec5-8c5979e4a2ce","username":"silvergoose565","password":"trigger","salt":"SCbL4hJd","md5":"eb9e535ff9bab6d04f6858a3e40d6fd4","sha1":"44d65f999a9b82e3d09d846e3239fb3a18a8199f","sha256":"e9f83bfe7e3467ceb489720b5dad7719e712b9cbabcaaeae13c719a113ce8853"},"dob":{"date":"1987-04-29T05:18:29.683Z","age":37},"registered":{"date":"2008-10-07T02:35:31.168Z","age":15},"phone":"L59 H61-7863","cell":"E28 H69-8129","id":{"name":"SIN","value":"168498541"},"picture":{"large":"https://randomuser.me/api/portraits/men/61.jpg","medium":"https://randomuser.me/api/portraits/med/men/61.jpg","thumbnail":"https://randomuser.me/api/portraits/thumb/men/61.jpg"},"nat":"CA"}],"info":{"seed":"f4089b5663e1e2b8","results":1,"page":1,"version":"1.4"}} 
 </msg>
<msg time="2024-05-06T07:13:53.037745" level="INFO">/opt/hostedtoolcache/Python/3.12.3/x64/lib/python3.12/site-packages/urllib3/connectionpool.py:1103: InsecureRequestWarning: Unverified HTTPS request is being made to host 'randomuser.me'. Adding certificate verification is strongly advised. See: https://urllib3.readthedocs.io/en/latest/advanced-usage.html#tls-warnings
  warnings.warn(</msg>
<msg time="2024-05-06T07:13:53.037876" level="INFO">${response} = &lt;Response [200]&gt;</msg>
<var>${response}</var>
<arg>consultarAPI</arg>
<arg>/api</arg>
<doc>Sends a GET request on a previously created HTTP Session.</doc>
<status status="PASS" start="2024-05-06T07:13:52.955073" elapsed="0.082855"/>
</kw>
<kw name="Should Be Equal As Numbers" owner="BuiltIn">
<msg time="2024-05-06T07:13:53.038916" level="INFO">Argument types are:
&lt;class 'int'&gt;
&lt;class 'str'&gt;</msg>
<arg>${response.status_code}</arg>
<arg>200</arg>
<doc>Fails if objects are unequal after converting them to real numbers.</doc>
<status status="PASS" start="2024-05-06T07:13:53.038420" elapsed="0.000560"/>
</kw>
<kw name="Log" owner="BuiltIn">
<msg time="2024-05-06T07:13:53.039675" level="INFO">200</msg>
<arg>${response.status_code}</arg>
<doc>Logs the given message with the given level.</doc>
<status status="PASS" start="2024-05-06T07:13:53.039325" elapsed="0.000392"/>
</kw>
<kw name="Set Variable" owner="BuiltIn">
<msg time="2024-05-06T07:13:53.040499" level="INFO">${json_data} = {'results': [{'gender': 'male', 'name': {'title': 'Mr', 'first': 'Daniel', 'last': 'Harcourt'}, 'location': {'street': {'number': 8190, 'name': '36th Ave'}, 'city': 'Belmont', 'state': 'Prince Edward ...</msg>
<var>${json_data}</var>
<arg>${response.json()}</arg>
<doc>Returns the given values which can then be assigned to a variables.</doc>
<status status="PASS" start="2024-05-06T07:13:53.040063" elapsed="0.000464"/>
</kw>
<kw name="Dictionary Should Contain Key" owner="Collections">
<msg time="2024-05-06T07:13:53.040999" level="INFO">False</msg>
<arg>${json_data}</arg>
<arg>results</arg>
<doc>Fails if ``key`` is not found from ``dictionary``.</doc>
<status status="PASS" start="2024-05-06T07:13:53.040829" elapsed="0.000211"/>
</kw>
<status status="PASS" start="2024-05-06T07:13:52.954835" elapsed="0.086461"/>
</kw>
<doc>Testa se a API responde corretamente e retorna um objeto JSON válido.</doc>
<tag>testeRequisicaoBasica</tag>
<status status="PASS" start="2024-05-06T07:13:52.954373" elapsed="0.087090"/>
</test>
<test id="s1-s1-t3" name="Validar estrutura de resposta" line="22">
<kw name="Teste de Estrutura de Resposta" owner="random-user-service">
<kw name="GET On Session" owner="RequestsLibrary">
<msg time="2024-05-06T07:13:53.134602" level="INFO">GET Request : url=https://randomuser.me/api 
 path_url=/api 
 headers={'User-Agent': 'python-requests/2.31.0', 'Accept-Encoding': 'gzip, deflate', 'Accept': '*/*', 'Connection': 'keep-alive'} 
 body=None 
 </msg>
<msg time="2024-05-06T07:13:53.134692" level="INFO">GET Response : url=https://randomuser.me/api 
 status=200, reason=OK 
 headers={'Date': 'Mon, 06 May 2024 07:13:53 GMT', 'Content-Type': 'application/json; charset=utf-8', 'Transfer-Encoding': 'chunked', 'Connection': 'keep-alive', 'X-Powered-By': 'Express', 'Access-Control-Allow-Origin': '*', 'Cache-Control': 'no-cache', 'ETag': 'W/"484-E5sy/WSYoxj43LgvpG/Nz9hm/AY"', 'Vary': 'Accept-Encoding', 'Content-Encoding': 'gzip', 'CF-Cache-Status': 'DYNAMIC', 'Report-To': '{"endpoints":[{"url":"https:\\/\\/a.nel.cloudflare.com\\/report\\/v4?s=duTsaYFhmzu60Lch3C2kRPayBsL3xU30iJykE%2F%2BRtTl4%2F97dQlKJRGfP0jJ3DsezIFSDAAOmjWyRA2AHSVXdHLWP7RsJGE%2FAvLtoMEKgdXn169%2Fw%2BaRFUMGyEyQO3R8i"}],"group":"cf-nel","max_age":604800}', 'NEL': '{"success_fraction":0,"report_to":"cf-nel","max_age":604800}', 'Server': 'cloudflare', 'CF-RAY': '87f72b928e010798-IAD', 'alt-svc': 'h3=":443"; ma=86400'} 
 body={"results":[{"gender":"female","name":{"title":"Ms","first":"Margie","last":"Byrd"},"location":{"street":{"number":9186,"name":"First Street"},"city":"Kalgoorlie","state":"New South Wales","country":"Australia","postcode":3818,"coordinates":{"latitude":"-87.8375","longitude":"108.4550"},"timezone":{"offset":"-2:00","description":"Mid-Atlantic"}},"email":"margie.byrd@example.com","login":{"uuid":"a1b6e473-4839-46ee-a538-a22c75d2859c","username":"orangeostrich253","password":"coconut","salt":"GoJy576v","md5":"029dec84b4ed2b153c4ab686411624ed","sha1":"530d0475df1bf964d9cdc92c81c9a590b4b8dc33","sha256":"87517fbaf85db4b41f07b71538067d0ae8c2bf782a17a5fefb8a8c20e5f59974"},"dob":{"date":"1952-07-20T13:23:59.763Z","age":71},"registered":{"date":"2017-06-17T11:24:33.400Z","age":6},"phone":"03-8153-5893","cell":"0470-521-197","id":{"name":"TFN","value":"655873726"},"picture":{"large":"https://randomuser.me/api/portraits/women/45.jpg","medium":"https://randomuser.me/api/portraits/med/women/45.jpg","thumbnail":"https://randomuser.me/api/portraits/thumb/women/45.jpg"},"nat":"AU"}],"info":{"seed":"c0e32ebaa97e0557","results":1,"page":1,"version":"1.4"}} 
 </msg>
<msg time="2024-05-06T07:13:53.134814" level="INFO">/opt/hostedtoolcache/Python/3.12.3/x64/lib/python3.12/site-packages/urllib3/connectionpool.py:1103: InsecureRequestWarning: Unverified HTTPS request is being made to host 'randomuser.me'. Adding certificate verification is strongly advised. See: https://urllib3.readthedocs.io/en/latest/advanced-usage.html#tls-warnings
  warnings.warn(</msg>
<msg time="2024-05-06T07:13:53.134937" level="INFO">${response} = &lt;Response [200]&gt;</msg>
<var>${response}</var>
<arg>consultarAPI</arg>
<arg>/api</arg>
<doc>Sends a GET request on a previously created HTTP Session.</doc>
<status status="PASS" start="2024-05-06T07:13:53.044124" elapsed="0.090851"/>
</kw>
<kw name="Set Variable" owner="BuiltIn">
<msg time="2024-05-06T07:13:53.135844" level="INFO">${json_data} = {'results': [{'gender': 'female', 'name': {'title': 'Ms', 'first': 'Margie', 'last': 'Byrd'}, 'location': {'street': {'number': 9186, 'name': 'First Street'}, 'city': 'Kalgoorlie', 'state': 'New South...</msg>
<var>${json_data}</var>
<arg>${response.json()}</arg>
<doc>Returns the given values which can then be assigned to a variables.</doc>
<status status="PASS" start="2024-05-06T07:13:53.135374" elapsed="0.000526"/>
</kw>
<kw name="Log" owner="BuiltIn">
<msg time="2024-05-06T07:13:53.136367" level="INFO">{'results': [{'gender': 'female', 'name': {'title': 'Ms', 'first': 'Margie', 'last': 'Byrd'}, 'location': {'street': {'number': 9186, 'name': 'First Street'}, 'city': 'Kalgoorlie', 'state': 'New South Wales', 'country': 'Australia', 'postcode': 3818, 'coordinates': {'latitude': '-87.8375', 'longitude': '108.4550'}, 'timezone': {'offset': '-2:00', 'description': 'Mid-Atlantic'}}, 'email': 'margie.byrd@example.com', 'login': {'uuid': 'a1b6e473-4839-46ee-a538-a22c75d2859c', 'username': 'orangeostrich253', 'password': 'coconut', 'salt': 'GoJy576v', 'md5': '029dec84b4ed2b153c4ab686411624ed', 'sha1': '530d0475df1bf964d9cdc92c81c9a590b4b8dc33', 'sha256': '87517fbaf85db4b41f07b71538067d0ae8c2bf782a17a5fefb8a8c20e5f59974'}, 'dob': {'date': '1952-07-20T13:23:59.763Z', 'age': 71}, 'registered': {'date': '2017-06-17T11:24:33.400Z', 'age': 6}, 'phone': '03-8153-5893', 'cell': '0470-521-197', 'id': {'name': 'TFN', 'value': '655873726'}, 'picture': {'large': 'https://randomuser.me/api/portraits/women/45.jpg', 'medium': 'https://randomuser.me/api/portraits/med/women/45.jpg', 'thumbnail': 'https://randomuser.me/api/portraits/thumb/women/45.jpg'}, 'nat': 'AU'}], 'info': {'seed': 'c0e32ebaa97e0557', 'results': 1, 'page': 1, 'version': '1.4'}}</msg>
<arg>${json_data}</arg>
<doc>Logs the given message with the given level.</doc>
<status status="PASS" start="2024-05-06T07:13:53.136211" elapsed="0.000203"/>
</kw>
<kw name="Dictionary Should Contain Key" owner="Collections">
<msg time="2024-05-06T07:13:53.136859" level="INFO">False</msg>
<arg>${json_data}</arg>
<arg>results</arg>
<doc>Fails if ``key`` is not found from ``dictionary``.</doc>
<status status="PASS" start="2024-05-06T07:13:53.136703" elapsed="0.000193"/>
</kw>
<kw name="Should Not Be Empty" owner="BuiltIn">
<msg time="2024-05-06T07:13:53.137315" level="INFO">Length is 2.</msg>
<arg>${json_data}</arg>
<doc>Verifies that the given item is not empty.</doc>
<status status="PASS" start="2024-05-06T07:13:53.137184" elapsed="0.000310"/>
</kw>
<kw name="Create List" owner="BuiltIn">
<msg time="2024-05-06T07:13:53.137936" level="INFO">${expected_keys} = ['gender', 'name', 'location', 'email', 'login']</msg>
<var>${expected_keys}</var>
<arg>gender</arg>
<arg>name</arg>
<arg>location</arg>
<arg>email</arg>
<arg>login</arg>
<doc>Returns a list containing given items.</doc>
<status status="PASS" start="2024-05-06T07:13:53.137784" elapsed="0.000176"/>
</kw>
<for flavor="IN">
<iter>
<kw name="Dictionary Should Contain Key" owner="Collections">
<msg time="2024-05-06T07:13:53.138917" level="INFO">False</msg>
<arg>${json_data['results'][0]}</arg>
<arg>${key}</arg>
<doc>Fails if ``key`` is not found from ``dictionary``.</doc>
<status status="PASS" start="2024-05-06T07:13:53.138519" elapsed="0.000435"/>
</kw>
<kw name="Log" owner="BuiltIn">
<msg time="2024-05-06T07:13:53.139624" level="INFO">{'gender': 'female', 'name': {'title': 'Ms', 'first': 'Margie', 'last': 'Byrd'}, 'location': {'street': {'number': 9186, 'name': 'First Street'}, 'city': 'Kalgoorlie', 'state': 'New South Wales', 'country': 'Australia', 'postcode': 3818, 'coordinates': {'latitude': '-87.8375', 'longitude': '108.4550'}, 'timezone': {'offset': '-2:00', 'description': 'Mid-Atlantic'}}, 'email': 'margie.byrd@example.com', 'login': {'uuid': 'a1b6e473-4839-46ee-a538-a22c75d2859c', 'username': 'orangeostrich253', 'password': 'coconut', 'salt': 'GoJy576v', 'md5': '029dec84b4ed2b153c4ab686411624ed', 'sha1': '530d0475df1bf964d9cdc92c81c9a590b4b8dc33', 'sha256': '87517fbaf85db4b41f07b71538067d0ae8c2bf782a17a5fefb8a8c20e5f59974'}, 'dob': {'date': '1952-07-20T13:23:59.763Z', 'age': 71}, 'registered': {'date': '2017-06-17T11:24:33.400Z', 'age': 6}, 'phone': '03-8153-5893', 'cell': '0470-521-197', 'id': {'name': 'TFN', 'value': '655873726'}, 'picture': {'large': 'https://randomuser.me/api/portraits/women/45.jpg', 'medium': 'https://randomuser.me/api/portraits/med/women/45.jpg', 'thumbnail': 'https://randomuser.me/api/portraits/thumb/women/45.jpg'}, 'nat': 'AU'}</msg>
<arg>${json_data['results'][0]}</arg>
<doc>Logs the given message with the given level.</doc>
<status status="PASS" start="2024-05-06T07:13:53.139249" elapsed="0.000422"/>
</kw>
<kw name="Log" owner="BuiltIn">
<msg time="2024-05-06T07:13:53.140112" level="INFO">gender</msg>
<arg>${key}</arg>
<doc>Logs the given message with the given level.</doc>
<status status="PASS" start="2024-05-06T07:13:53.139983" elapsed="0.000165"/>
</kw>
<var name="${key}">gender</var>
<status status="PASS" start="2024-05-06T07:13:53.138395" elapsed="0.001967"/>
</iter>
<iter>
<kw name="Dictionary Should Contain Key" owner="Collections">
<msg time="2024-05-06T07:13:53.141031" level="INFO">False</msg>
<arg>${json_data['results'][0]}</arg>
<arg>${key}</arg>
<doc>Fails if ``key`` is not found from ``dictionary``.</doc>
<status status="PASS" start="2024-05-06T07:13:53.140657" elapsed="0.000411"/>
</kw>
<kw name="Log" owner="BuiltIn">
<msg time="2024-05-06T07:13:53.141744" level="INFO">{'gender': 'female', 'name': {'title': 'Ms', 'first': 'Margie', 'last': 'Byrd'}, 'location': {'street': {'number': 9186, 'name': 'First Street'}, 'city': 'Kalgoorlie', 'state': 'New South Wales', 'country': 'Australia', 'postcode': 3818, 'coordinates': {'latitude': '-87.8375', 'longitude': '108.4550'}, 'timezone': {'offset': '-2:00', 'description': 'Mid-Atlantic'}}, 'email': 'margie.byrd@example.com', 'login': {'uuid': 'a1b6e473-4839-46ee-a538-a22c75d2859c', 'username': 'orangeostrich253', 'password': 'coconut', 'salt': 'GoJy576v', 'md5': '029dec84b4ed2b153c4ab686411624ed', 'sha1': '530d0475df1bf964d9cdc92c81c9a590b4b8dc33', 'sha256': '87517fbaf85db4b41f07b71538067d0ae8c2bf782a17a5fefb8a8c20e5f59974'}, 'dob': {'date': '1952-07-20T13:23:59.763Z', 'age': 71}, 'registered': {'date': '2017-06-17T11:24:33.400Z', 'age': 6}, 'phone': '03-8153-5893', 'cell': '0470-521-197', 'id': {'name': 'TFN', 'value': '655873726'}, 'picture': {'large': 'https://randomuser.me/api/portraits/women/45.jpg', 'medium': 'https://randomuser.me/api/portraits/med/women/45.jpg', 'thumbnail': 'https://randomuser.me/api/portraits/thumb/women/45.jpg'}, 'nat': 'AU'}</msg>
<arg>${json_data['results'][0]}</arg>
<doc>Logs the given message with the given level.</doc>
<status status="PASS" start="2024-05-06T07:13:53.141385" elapsed="0.000406"/>
</kw>
<kw name="Log" owner="BuiltIn">
<msg time="2024-05-06T07:13:53.142209" level="INFO">name</msg>
<arg>${key}</arg>
<doc>Logs the given message with the given level.</doc>
<status status="PASS" start="2024-05-06T07:13:53.142084" elapsed="0.000161"/>
</kw>
<var name="${key}">name</var>
<status status="PASS" start="2024-05-06T07:13:53.140544" elapsed="0.001912"/>
</iter>
<iter>
<kw name="Dictionary Should Contain Key" owner="Collections">
<msg time="2024-05-06T07:13:53.143126" level="INFO">False</msg>
<arg>${json_data['results'][0]}</arg>
<arg>${key}</arg>
<doc>Fails if ``key`` is not found from ``dictionary``.</doc>
<status status="PASS" start="2024-05-06T07:13:53.142741" elapsed="0.000420"/>
</kw>
<kw name="Log" owner="BuiltIn">
<msg time="2024-05-06T07:13:53.143814" level="INFO">{'gender': 'female', 'name': {'title': 'Ms', 'first': 'Margie', 'last': 'Byrd'}, 'location': {'street': {'number': 9186, 'name': 'First Street'}, 'city': 'Kalgoorlie', 'state': 'New South Wales', 'country': 'Australia', 'postcode': 3818, 'coordinates': {'latitude': '-87.8375', 'longitude': '108.4550'}, 'timezone': {'offset': '-2:00', 'description': 'Mid-Atlantic'}}, 'email': 'margie.byrd@example.com', 'login': {'uuid': 'a1b6e473-4839-46ee-a538-a22c75d2859c', 'username': 'orangeostrich253', 'password': 'coconut', 'salt': 'GoJy576v', 'md5': '029dec84b4ed2b153c4ab686411624ed', 'sha1': '530d0475df1bf964d9cdc92c81c9a590b4b8dc33', 'sha256': '87517fbaf85db4b41f07b71538067d0ae8c2bf782a17a5fefb8a8c20e5f59974'}, 'dob': {'date': '1952-07-20T13:23:59.763Z', 'age': 71}, 'registered': {'date': '2017-06-17T11:24:33.400Z', 'age': 6}, 'phone': '03-8153-5893', 'cell': '0470-521-197', 'id': {'name': 'TFN', 'value': '655873726'}, 'picture': {'large': 'https://randomuser.me/api/portraits/women/45.jpg', 'medium': 'https://randomuser.me/api/portraits/med/women/45.jpg', 'thumbnail': 'https://randomuser.me/api/portraits/thumb/women/45.jpg'}, 'nat': 'AU'}</msg>
<arg>${json_data['results'][0]}</arg>
<doc>Logs the given message with the given level.</doc>
<status status="PASS" start="2024-05-06T07:13:53.143454" elapsed="0.000406"/>
</kw>
<kw name="Log" owner="BuiltIn">
<msg time="2024-05-06T07:13:53.144303" level="INFO">location</msg>
<arg>${key}</arg>
<doc>Logs the given message with the given level.</doc>
<status status="PASS" start="2024-05-06T07:13:53.144179" elapsed="0.000160"/>
</kw>
<var name="${key}">location</var>
<status status="PASS" start="2024-05-06T07:13:53.142630" elapsed="0.001921"/>
</iter>
<iter>
<kw name="Dictionary Should Contain Key" owner="Collections">
<msg time="2024-05-06T07:13:53.145213" level="INFO">False</msg>
<arg>${json_data['results'][0]}</arg>
<arg>${key}</arg>
<doc>Fails if ``key`` is not found from ``dictionary``.</doc>
<status status="PASS" start="2024-05-06T07:13:53.144833" elapsed="0.000417"/>
</kw>
<kw name="Log" owner="BuiltIn">
<msg time="2024-05-06T07:13:53.145895" level="INFO">{'gender': 'female', 'name': {'title': 'Ms', 'first': 'Margie', 'last': 'Byrd'}, 'location': {'street': {'number': 9186, 'name': 'First Street'}, 'city': 'Kalgoorlie', 'state': 'New South Wales', 'country': 'Australia', 'postcode': 3818, 'coordinates': {'latitude': '-87.8375', 'longitude': '108.4550'}, 'timezone': {'offset': '-2:00', 'description': 'Mid-Atlantic'}}, 'email': 'margie.byrd@example.com', 'login': {'uuid': 'a1b6e473-4839-46ee-a538-a22c75d2859c', 'username': 'orangeostrich253', 'password': 'coconut', 'salt': 'GoJy576v', 'md5': '029dec84b4ed2b153c4ab686411624ed', 'sha1': '530d0475df1bf964d9cdc92c81c9a590b4b8dc33', 'sha256': '87517fbaf85db4b41f07b71538067d0ae8c2bf782a17a5fefb8a8c20e5f59974'}, 'dob': {'date': '1952-07-20T13:23:59.763Z', 'age': 71}, 'registered': {'date': '2017-06-17T11:24:33.400Z', 'age': 6}, 'phone': '03-8153-5893', 'cell': '0470-521-197', 'id': {'name': 'TFN', 'value': '655873726'}, 'picture': {'large': 'https://randomuser.me/api/portraits/women/45.jpg', 'medium': 'https://randomuser.me/api/portraits/med/women/45.jpg', 'thumbnail': 'https://randomuser.me/api/portraits/thumb/women/45.jpg'}, 'nat': 'AU'}</msg>
<arg>${json_data['results'][0]}</arg>
<doc>Logs the given message with the given level.</doc>
<status status="PASS" start="2024-05-06T07:13:53.145542" elapsed="0.000399"/>
</kw>
<kw name="Log" owner="BuiltIn">
<msg time="2024-05-06T07:13:53.146355" level="INFO">email</msg>
<arg>${key}</arg>
<doc>Logs the given message with the given level.</doc>
<status status="PASS" start="2024-05-06T07:13:53.146230" elapsed="0.000161"/>
</kw>
<var name="${key}">email</var>
<status status="PASS" start="2024-05-06T07:13:53.144723" elapsed="0.001877"/>
</iter>
<iter>
<kw name="Dictionary Should Contain Key" owner="Collections">
<msg time="2024-05-06T07:13:53.147257" level="INFO">False</msg>
<arg>${json_data['results'][0]}</arg>
<arg>${key}</arg>
<doc>Fails if ``key`` is not found from ``dictionary``.</doc>
<status status="PASS" start="2024-05-06T07:13:53.146878" elapsed="0.000415"/>
</kw>
<kw name="Log" owner="BuiltIn">
<msg time="2024-05-06T07:13:53.147988" level="INFO">{'gender': 'female', 'name': {'title': 'Ms', 'first': 'Margie', 'last': 'Byrd'}, 'location': {'street': {'number': 9186, 'name': 'First Street'}, 'city': 'Kalgoorlie', 'state': 'New South Wales', 'country': 'Australia', 'postcode': 3818, 'coordinates': {'latitude': '-87.8375', 'longitude': '108.4550'}, 'timezone': {'offset': '-2:00', 'description': 'Mid-Atlantic'}}, 'email': 'margie.byrd@example.com', 'login': {'uuid': 'a1b6e473-4839-46ee-a538-a22c75d2859c', 'username': 'orangeostrich253', 'password': 'coconut', 'salt': 'GoJy576v', 'md5': '029dec84b4ed2b153c4ab686411624ed', 'sha1': '530d0475df1bf964d9cdc92c81c9a590b4b8dc33', 'sha256': '87517fbaf85db4b41f07b71538067d0ae8c2bf782a17a5fefb8a8c20e5f59974'}, 'dob': {'date': '1952-07-20T13:23:59.763Z', 'age': 71}, 'registered': {'date': '2017-06-17T11:24:33.400Z', 'age': 6}, 'phone': '03-8153-5893', 'cell': '0470-521-197', 'id': {'name': 'TFN', 'value': '655873726'}, 'picture': {'large': 'https://randomuser.me/api/portraits/women/45.jpg', 'medium': 'https://randomuser.me/api/portraits/med/women/45.jpg', 'thumbnail': 'https://randomuser.me/api/portraits/thumb/women/45.jpg'}, 'nat': 'AU'}</msg>
<arg>${json_data['results'][0]}</arg>
<doc>Logs the given message with the given level.</doc>
<status status="PASS" start="2024-05-06T07:13:53.147584" elapsed="0.000454"/>
</kw>
<kw name="Log" owner="BuiltIn">
<msg time="2024-05-06T07:13:53.148470" level="INFO">login</msg>
<arg>${key}</arg>
<doc>Logs the given message with the given level.</doc>
<status status="PASS" start="2024-05-06T07:13:53.148341" elapsed="0.000166"/>
</kw>
<var name="${key}">login</var>
<status status="PASS" start="2024-05-06T07:13:53.146768" elapsed="0.001955"/>
</iter>
<var>${key}</var>
<value>@{expected_keys}</value>
<status status="PASS" start="2024-05-06T07:13:53.138212" elapsed="0.010656"/>
</for>
<kw name="Create List" owner="BuiltIn">
<msg time="2024-05-06T07:13:53.149204" level="INFO">${expected_keysTwo} = ['username', 'password']</msg>
<var>${expected_keysTwo}</var>
<arg>username</arg>
<arg>password</arg>
<doc>Returns a list containing given items.</doc>
<status status="PASS" start="2024-05-06T07:13:53.149064" elapsed="0.000164"/>
</kw>
<for flavor="IN">
<iter>
<kw name="Dictionary Should Contain Key" owner="Collections">
<msg time="2024-05-06T07:13:53.150118" level="INFO">False</msg>
<arg>${json_data['results'][0]['login']}</arg>
<arg>${keyTwo}</arg>
<doc>Fails if ``key`` is not found from ``dictionary``.</doc>
<status status="PASS" start="2024-05-06T07:13:53.149726" elapsed="0.000430"/>
</kw>
<kw name="Dictionary Should Contain Key" owner="Collections">
<msg time="2024-05-06T07:13:53.150829" level="INFO">False</msg>
<arg>${json_data['results'][0]['login']}</arg>
<arg>${keyTwo}</arg>
<doc>Fails if ``key`` is not found from ``dictionary``.</doc>
<status status="PASS" start="2024-05-06T07:13:53.150452" elapsed="0.000414"/>
</kw>
<kw name="Log" owner="BuiltIn">
<msg time="2024-05-06T07:13:53.151287" level="INFO">username</msg>
<arg>${keyTwo}</arg>
<doc>Logs the given message with the given level.</doc>
<status status="PASS" start="2024-05-06T07:13:53.151160" elapsed="0.000168"/>
</kw>
<var name="${keyTwo}">username</var>
<status status="PASS" start="2024-05-06T07:13:53.149615" elapsed="0.001929"/>
</iter>
<iter>
<kw name="Dictionary Should Contain Key" owner="Collections">
<msg time="2024-05-06T07:13:53.152308" level="INFO">False</msg>
<arg>${json_data['results'][0]['login']}</arg>
<arg>${keyTwo}</arg>
<doc>Fails if ``key`` is not found from ``dictionary``.</doc>
<status status="PASS" start="2024-05-06T07:13:53.151822" elapsed="0.000525"/>
</kw>
<kw name="Dictionary Should Contain Key" owner="Collections">
<msg time="2024-05-06T07:13:53.153027" level="INFO">False</msg>
<arg>${json_data['results'][0]['login']}</arg>
<arg>${keyTwo}</arg>
<doc>Fails if ``key`` is not found from ``dictionary``.</doc>
<status status="PASS" start="2024-05-06T07:13:53.152644" elapsed="0.000420"/>
</kw>
<kw name="Log" owner="BuiltIn">
<msg time="2024-05-06T07:13:53.153483" level="INFO">password</msg>
<arg>${keyTwo}</arg>
<doc>Logs the given message with the given level.</doc>
<status status="PASS" start="2024-05-06T07:13:53.153357" elapsed="0.000162"/>
</kw>
<var name="${keyTwo}">password</var>
<status status="PASS" start="2024-05-06T07:13:53.151713" elapsed="0.002019"/>
</iter>
<var>${keyTwo}</var>
<value>@{expected_keysTwo}</value>
<status status="PASS" start="2024-05-06T07:13:53.149464" elapsed="0.004387"/>
</for>
<status status="PASS" start="2024-05-06T07:13:53.043886" elapsed="0.110100"/>
</kw>
<doc>Testa a estrutura da resposta da API.</doc>
<tag>testeEstruturaResposta</tag>
<status status="PASS" start="2024-05-06T07:13:53.043274" elapsed="0.110862"/>
</test>
<test id="s1-s1-t4" name="Validar tipos de dados" line="28">
<kw name="Teste de Tipos de Dados" owner="random-user-service">
<kw name="GET On Session" owner="RequestsLibrary">
<msg time="2024-05-06T07:13:53.234397" level="INFO">GET Request : url=https://randomuser.me/api 
 path_url=/api 
 headers={'User-Agent': 'python-requests/2.31.0', 'Accept-Encoding': 'gzip, deflate', 'Accept': '*/*', 'Connection': 'keep-alive'} 
 body=None 
 </msg>
<msg time="2024-05-06T07:13:53.234459" level="INFO">GET Response : url=https://randomuser.me/api 
 status=200, reason=OK 
 headers={'Date': 'Mon, 06 May 2024 07:13:53 GMT', 'Content-Type': 'application/json; charset=utf-8', 'Transfer-Encoding': 'chunked', 'Connection': 'keep-alive', 'X-Powered-By': 'Express', 'Access-Control-Allow-Origin': '*', 'Cache-Control': 'no-cache', 'ETag': 'W/"485-ZMAZLUNG46D5cnhJQM5ystrPhDk"', 'Vary': 'Accept-Encoding', 'Content-Encoding': 'gzip', 'CF-Cache-Status': 'DYNAMIC', 'Report-To': '{"endpoints":[{"url":"https:\\/\\/a.nel.cloudflare.com\\/report\\/v4?s=3WX7vtqo9yWE7aTmLZJzHPS2YnlW44mTLrarWR7JlMe0%2FDU4l%2Fe6AuuI7a4d2PPBiWD%2F8sTt9f1H%2BaL%2BzIzUNcvprjJp4DbC0pQ1s4nPRSmHLvnxFUyb1Qqp7U19pZCj"}],"group":"cf-nel","max_age":604800}', 'NEL': '{"success_fraction":0,"report_to":"cf-nel","max_age":604800}', 'Server': 'cloudflare', 'CF-RAY': '87f72b934e720798-IAD', 'alt-svc': 'h3=":443"; ma=86400'} 
 body={"results":[{"gender":"male","name":{"title":"Mr","first":"Tyrone","last":"Freeman"},"location":{"street":{"number":4545,"name":"Stevens Creek Blvd"},"city":"Warrnambool","state":"Victoria","country":"Australia","postcode":8091,"coordinates":{"latitude":"-84.6127","longitude":"-91.6217"},"timezone":{"offset":"+6:00","description":"Almaty, Dhaka, Colombo"}},"email":"tyrone.freeman@example.com","login":{"uuid":"f4c7cfdd-dac6-4f1e-9f25-007669be92f2","username":"bluefrog153","password":"zhai","salt":"YOVy7f3Z","md5":"e15986d88f9abe7a699bf20f01e611db","sha1":"29904c9a646483f6a9dd5ebb73f907050b27fbda","sha256":"0cda78d999630ce0b3f81887fbb3b2aafedafd35e48600362abfe8269e266b49"},"dob":{"date":"1947-03-20T16:59:01.817Z","age":77},"registered":{"date":"2011-03-28T03:49:13.869Z","age":13},"phone":"04-5786-1910","cell":"0428-339-488","id":{"name":"TFN","value":"596852713"},"picture":{"large":"https://randomuser.me/api/portraits/men/41.jpg","medium":"https://randomuser.me/api/portraits/med/men/41.jpg","thumbnail":"https://randomuser.me/api/portraits/thumb/men/41.jpg"},"nat":"AU"}],"info":{"seed":"a17fbf3633fbe955","results":1,"page":1,"version":"1.4"}} 
 </msg>
<msg time="2024-05-06T07:13:53.234514" level="INFO">/opt/hostedtoolcache/Python/3.12.3/x64/lib/python3.12/site-packages/urllib3/connectionpool.py:1103: InsecureRequestWarning: Unverified HTTPS request is being made to host 'randomuser.me'. Adding certificate verification is strongly advised. See: https://urllib3.readthedocs.io/en/latest/advanced-usage.html#tls-warnings
  warnings.warn(</msg>
<msg time="2024-05-06T07:13:53.234615" level="INFO">${response} = &lt;Response [200]&gt;</msg>
<var>${response}</var>
<arg>consultarAPI</arg>
<arg>/api</arg>
<doc>Sends a GET request on a previously created HTTP Session.</doc>
<status status="PASS" start="2024-05-06T07:13:53.156640" elapsed="0.078013"/>
</kw>
<kw name="Set Variable" owner="BuiltIn">
<msg time="2024-05-06T07:13:53.235439" level="INFO">${json_data} = {'results': [{'gender': 'male', 'name': {'title': 'Mr', 'first': 'Tyrone', 'last': 'Freeman'}, 'location': {'street': {'number': 4545, 'name': 'Stevens Creek Blvd'}, 'city': 'Warrnambool', 'state': 'V...</msg>
<var>${json_data}</var>
<arg>${response.json()}</arg>
<doc>Returns the given values which can then be assigned to a variables.</doc>
<status status="PASS" start="2024-05-06T07:13:53.235002" elapsed="0.000465"/>
</kw>
<kw name="Log" owner="BuiltIn">
<msg time="2024-05-06T07:13:53.235961" level="INFO">{'results': [{'gender': 'male', 'name': {'title': 'Mr', 'first': 'Tyrone', 'last': 'Freeman'}, 'location': {'street': {'number': 4545, 'name': 'Stevens Creek Blvd'}, 'city': 'Warrnambool', 'state': 'Victoria', 'country': 'Australia', 'postcode': 8091, 'coordinates': {'latitude': '-84.6127', 'longitude': '-91.6217'}, 'timezone': {'offset': '+6:00', 'description': 'Almaty, Dhaka, Colombo'}}, 'email': 'tyrone.freeman@example.com', 'login': {'uuid': 'f4c7cfdd-dac6-4f1e-9f25-007669be92f2', 'username': 'bluefrog153', 'password': 'zhai', 'salt': 'YOVy7f3Z', 'md5': 'e15986d88f9abe7a699bf20f01e611db', 'sha1': '29904c9a646483f6a9dd5ebb73f907050b27fbda', 'sha256': '0cda78d999630ce0b3f81887fbb3b2aafedafd35e48600362abfe8269e266b49'}, 'dob': {'date': '1947-03-20T16:59:01.817Z', 'age': 77}, 'registered': {'date': '2011-03-28T03:49:13.869Z', 'age': 13}, 'phone': '04-5786-1910', 'cell': '0428-339-488', 'id': {'name': 'TFN', 'value': '596852713'}, 'picture': {'large': 'https://randomuser.me/api/portraits/men/41.jpg', 'medium': 'https://randomuser.me/api/portraits/med/men/41.jpg', 'thumbnail': 'https://randomuser.me/api/portraits/thumb/men/41.jpg'}, 'nat': 'AU'}], 'info': {'seed': 'a17fbf3633fbe955', 'results': 1, 'page': 1, 'version': '1.4'}}</msg>
<arg>${json_data}</arg>
<doc>Logs the given message with the given level.</doc>
<status status="PASS" start="2024-05-06T07:13:53.235770" elapsed="0.000273"/>
</kw>
<kw name="Should Be String" owner="String">
<arg>${json_data['results'][0]['gender']}</arg>
<doc>Fails if the given ``item`` is not a string.</doc>
<status status="PASS" start="2024-05-06T07:13:53.236347" elapsed="0.000362"/>
</kw>
<kw name="Should Match Regexp" owner="BuiltIn">
<arg>${json_data['results'][0]['email']}</arg>
<arg>^[a-zA-Z0-9._%+-]+@[a-zA-Z0-9.-]+\.[a-zA-Z]{2,}$</arg>
<doc>Fails if ``string`` does not match ``pattern`` as a regular expression.</doc>
<status status="PASS" start="2024-05-06T07:13:53.236898" elapsed="0.000502"/>
</kw>
<kw name="Should Match Regexp" owner="BuiltIn">
<arg>${json_data['results'][0]['dob']['date']}</arg>
<arg>\\d{4}-\\d{2}-\\d{2}T\\d{2}:\\d{2}:\\d{2}\\.\\d{3}Z</arg>
<doc>Fails if ``string`` does not match ``pattern`` as a regular expression.</doc>
<status status="PASS" start="2024-05-06T07:13:53.237596" elapsed="0.000498"/>
</kw>
<kw name="Should Match Regexp" owner="BuiltIn">
<arg>${json_data['results'][0]['registered']['date']}</arg>
<arg>\\d{4}-\\d{2}-\\d{2}T\\d{2}:\\d{2}:\\d{2}\\.\\d{3}Z</arg>
<doc>Fails if ``string`` does not match ``pattern`` as a regular expression.</doc>
<status status="PASS" start="2024-05-06T07:13:53.238284" elapsed="0.000362"/>
</kw>
<kw name="Should Match Regexp" owner="BuiltIn">
<arg>${json_data['results'][0]['picture']['large']}</arg>
<arg>^https?://.*\.(?:png|jpe?g|gif|bmp)$</arg>
<doc>Fails if ``string`` does not match ``pattern`` as a regular expression.</doc>
<status status="PASS" start="2024-05-06T07:13:53.238839" elapsed="0.000487"/>
</kw>
<kw name="Should Match Regexp" owner="BuiltIn">
<arg>${json_data['results'][0]['picture']['medium']}</arg>
<arg>^https?://.*\.(?:png|jpe?g|gif|bmp)$</arg>
<doc>Fails if ``string`` does not match ``pattern`` as a regular expression.</doc>
<status status="PASS" start="2024-05-06T07:13:53.239530" elapsed="0.000387"/>
</kw>
<kw name="Should Match Regexp" owner="BuiltIn">
<arg>${json_data['results'][0]['picture']['thumbnail']}</arg>
<arg>^https?://.*\.(?:png|jpe?g|gif|bmp)$</arg>
<doc>Fails if ``string`` does not match ``pattern`` as a regular expression.</doc>
<status status="PASS" start="2024-05-06T07:13:53.240112" elapsed="0.000356"/>
</kw>
<kw name="Log" owner="BuiltIn">
<msg time="2024-05-06T07:13:53.240971" level="INFO">{'large': 'https://randomuser.me/api/portraits/men/41.jpg', 'medium': 'https://randomuser.me/api/portraits/med/men/41.jpg', 'thumbnail': 'https://randomuser.me/api/portraits/thumb/men/41.jpg'}</msg>
<arg>${json_data['results'][0]['picture']}</arg>
<doc>Logs the given message with the given level.</doc>
<status status="PASS" start="2024-05-06T07:13:53.240648" elapsed="0.000364"/>
</kw>
<status status="PASS" start="2024-05-06T07:13:53.156419" elapsed="0.084842"/>
</kw>
<kw name="Teste de Tipos de Dados - Postcode" owner="random-user-service">
<kw name="GET On Session" owner="RequestsLibrary">
<msg time="2024-05-06T07:13:53.333971" level="INFO">GET Request : url=https://randomuser.me/api 
 path_url=/api 
 headers={'User-Agent': 'python-requests/2.31.0', 'Accept-Encoding': 'gzip, deflate', 'Accept': '*/*', 'Connection': 'keep-alive'} 
 body=None 
 </msg>
<msg time="2024-05-06T07:13:53.334041" level="INFO">GET Response : url=https://randomuser.me/api 
 status=200, reason=OK 
 headers={'Date': 'Mon, 06 May 2024 07:13:53 GMT', 'Content-Type': 'application/json; charset=utf-8', 'Transfer-Encoding': 'chunked', 'Connection': 'keep-alive', 'X-Powered-By': 'Express', 'Access-Control-Allow-Origin': '*', 'Cache-Control': 'no-cache', 'ETag': 'W/"4a3-ivSZ0/2IRdBpDtJGExBlTp6Q8C4"', 'Vary': 'Accept-Encoding', 'Content-Encoding': 'gzip', 'CF-Cache-Status': 'DYNAMIC', 'Report-To': '{"endpoints":[{"url":"https:\\/\\/a.nel.cloudflare.com\\/report\\/v4?s=puYEnBkMJ7M10UdNx9U9yvHrTfHN4uTK0n9%2FeGwlsq8yfm1OY5UP6gFIXwPUZ1MHeDeYzhanByoMbRj7TBsTiBoSvPRNi%2Bdi14%2B2PzhAMf6rSlOorak2ojhzU8yzuTxV"}],"group":"cf-nel","max_age":604800}', 'NEL': '{"success_fraction":0,"report_to":"cf-nel","max_age":604800}', 'Server': 'cloudflare', 'CF-RAY': '87f72b93cee10798-IAD', 'alt-svc': 'h3=":443"; ma=86400'} 
 body={"results":[{"gender":"female","name":{"title":"Miss","first":"Pinja","last":"Hakola"},"location":{"street":{"number":4023,"name":"Hermiankatu"},"city":"Kirkkonummi","state":"Lapland","country":"Finland","postcode":39023,"coordinates":{"latitude":"-27.9988","longitude":"79.6167"},"timezone":{"offset":"0:00","description":"Western Europe Time, London, Lisbon, Casablanca"}},"email":"pinja.hakola@example.com","login":{"uuid":"c1376354-541e-4caa-9658-e87fd965999b","username":"lazytiger599","password":"elwood","salt":"pg5WOOYA","md5":"591f7b5464e890a441e531a78d0f12cb","sha1":"89bf2fdbad3991fc40950bf2c3c9eb5514f4b4b5","sha256":"d4f5eb3c1cbd387b6cadffa26ea12bbec283ae4c29103558e304c7bb60864597"},"dob":{"date":"1970-08-29T01:53:22.641Z","age":53},"registered":{"date":"2022-04-17T15:56:15.225Z","age":2},"phone":"06-435-556","cell":"042-509-17-01","id":{"name":"HETU","value":"NaNNA378undefined"},"picture":{"large":"https://randomuser.me/api/portraits/women/84.jpg","medium":"https://randomuser.me/api/portraits/med/women/84.jpg","thumbnail":"https://randomuser.me/api/portraits/thumb/women/84.jpg"},"nat":"FI"}],"info":{"seed":"d840b2002a991423","results":1,"page":1,"version":"1.4"}} 
 </msg>
<msg time="2024-05-06T07:13:53.334099" level="INFO">/opt/hostedtoolcache/Python/3.12.3/x64/lib/python3.12/site-packages/urllib3/connectionpool.py:1103: InsecureRequestWarning: Unverified HTTPS request is being made to host 'randomuser.me'. Adding certificate verification is strongly advised. See: https://urllib3.readthedocs.io/en/latest/advanced-usage.html#tls-warnings
  warnings.warn(</msg>
<msg time="2024-05-06T07:13:53.334212" level="INFO">${response} = &lt;Response [200]&gt;</msg>
<var>${response}</var>
<arg>consultarAPI</arg>
<arg>/api</arg>
<doc>Sends a GET request on a previously created HTTP Session.</doc>
<status status="PASS" start="2024-05-06T07:13:53.241688" elapsed="0.092562"/>
</kw>
<kw name="Set Variable" owner="BuiltIn">
<msg time="2024-05-06T07:13:53.335115" level="INFO">${json_data} = {'results': [{'gender': 'female', 'name': {'title': 'Miss', 'first': 'Pinja', 'last': 'Hakola'}, 'location': {'street': {'number': 4023, 'name': 'Hermiankatu'}, 'city': 'Kirkkonummi', 'state': 'Laplan...</msg>
<var>${json_data}</var>
<arg>${response.json()}</arg>
<doc>Returns the given values which can then be assigned to a variables.</doc>
<status status="PASS" start="2024-05-06T07:13:53.334645" elapsed="0.000498"/>
</kw>
<kw name="Log" owner="BuiltIn">
<msg time="2024-05-06T07:13:53.335608" level="INFO">{'results': [{'gender': 'female', 'name': {'title': 'Miss', 'first': 'Pinja', 'last': 'Hakola'}, 'location': {'street': {'number': 4023, 'name': 'Hermiankatu'}, 'city': 'Kirkkonummi', 'state': 'Lapland', 'country': 'Finland', 'postcode': 39023, 'coordinates': {'latitude': '-27.9988', 'longitude': '79.6167'}, 'timezone': {'offset': '0:00', 'description': 'Western Europe Time, London, Lisbon, Casablanca'}}, 'email': 'pinja.hakola@example.com', 'login': {'uuid': 'c1376354-541e-4caa-9658-e87fd965999b', 'username': 'lazytiger599', 'password': 'elwood', 'salt': 'pg5WOOYA', 'md5': '591f7b5464e890a441e531a78d0f12cb', 'sha1': '89bf2fdbad3991fc40950bf2c3c9eb5514f4b4b5', 'sha256': 'd4f5eb3c1cbd387b6cadffa26ea12bbec283ae4c29103558e304c7bb60864597'}, 'dob': {'date': '1970-08-29T01:53:22.641Z', 'age': 53}, 'registered': {'date': '2022-04-17T15:56:15.225Z', 'age': 2}, 'phone': '06-435-556', 'cell': '042-509-17-01', 'id': {'name': 'HETU', 'value': 'NaNNA378undefined'}, 'picture': {'large': 'https://randomuser.me/api/portraits/women/84.jpg', 'medium': 'https://randomuser.me/api/portraits/med/women/84.jpg', 'thumbnail': 'https://randomuser.me/api/portraits/thumb/women/84.jpg'}, 'nat': 'FI'}], 'info': {'seed': 'd840b2002a991423', 'results': 1, 'page': 1, 'version': '1.4'}}</msg>
<arg>${json_data}</arg>
<doc>Logs the given message with the given level.</doc>
<status status="PASS" start="2024-05-06T07:13:53.335454" elapsed="0.000232"/>
</kw>
<kw name="Should Be Equal As Numbers" owner="BuiltIn">
<arg>${json_data['results'][0]['location']['postcode']}</arg>
<arg>${json_data['results'][0]['location']['postcode']}</arg>
<doc>Fails if objects are unequal after converting them to real numbers.</doc>
<status status="PASS" start="2024-05-06T07:13:53.336175" elapsed="0.000631"/>
</kw>
<kw name="Log" owner="BuiltIn">
<msg time="2024-05-06T07:13:53.337336" level="INFO">39023</msg>
<arg>${json_data['results'][0]['location']['postcode']}</arg>
<doc>Logs the given message with the given level.</doc>
<status status="PASS" start="2024-05-06T07:13:53.337001" elapsed="0.000375"/>
</kw>
<status status="PASS" start="2024-05-06T07:13:53.241471" elapsed="0.096158"/>
</kw>
<doc>Testa se os tipos de dados na resposta da API estão corretos.</doc>
<tag>testeTiposDados</tag>
<status status="PASS" start="2024-05-06T07:13:53.155899" elapsed="0.181893"/>
</test>
<test id="s1-s1-t5" name="Validar conteudo" line="35">
<kw name="Teste de Tipos de Conteudo" owner="random-user-service">
<kw name="GET On Session" owner="RequestsLibrary">
<msg time="2024-05-06T07:13:53.450308" level="INFO">GET Request : url=https://randomuser.me/api 
 path_url=/api 
 headers={'User-Agent': 'python-requests/2.31.0', 'Accept-Encoding': 'gzip, deflate', 'Accept': '*/*', 'Connection': 'keep-alive'} 
 body=None 
 </msg>
<msg time="2024-05-06T07:13:53.450405" level="INFO">GET Response : url=https://randomuser.me/api 
 status=200, reason=OK 
 headers={'Date': 'Mon, 06 May 2024 07:13:53 GMT', 'Content-Type': 'application/json; charset=utf-8', 'Transfer-Encoding': 'chunked', 'Connection': 'keep-alive', 'X-Powered-By': 'Express', 'Access-Control-Allow-Origin': '*', 'Cache-Control': 'no-cache', 'ETag': 'W/"499-6/f10lp94epg29MhmiYW/4rn/uI"', 'Vary': 'Accept-Encoding', 'Content-Encoding': 'gzip', 'CF-Cache-Status': 'DYNAMIC', 'Report-To': '{"endpoints":[{"url":"https:\\/\\/a.nel.cloudflare.com\\/report\\/v4?s=gN66rs7P4x8zeb4yHfmVpj11YYgBTd1Zi%2FiLN7hxskUpeshfpsVTWdC2xVbbOfByy5gKRgceboc8CpdHSphpHykFCM1BDhhagMG9xIL0dfXuoIdo6QQeF9LeZCDDDAt7"}],"group":"cf-nel","max_age":604800}', 'NEL': '{"success_fraction":0,"report_to":"cf-nel","max_age":604800}', 'Server': 'cloudflare', 'CF-RAY': '87f72b946f560798-IAD', 'alt-svc': 'h3=":443"; ma=86400'} 
 body={"results":[{"gender":"male","name":{"title":"Mr","first":"Johan","last":"Simon"},"location":{"street":{"number":9765,"name":"Place de L'Europe"},"city":"Perpignan","state":"Creuse","country":"France","postcode":31562,"coordinates":{"latitude":"-15.1052","longitude":"-79.7199"},"timezone":{"offset":"-6:00","description":"Central Time (US &amp; Canada), Mexico City"}},"email":"johan.simon@example.com","login":{"uuid":"6f3f3b33-f63d-4afc-9793-9da2d46b8587","username":"purpleduck631","password":"jeremy","salt":"0znZQ7Y3","md5":"498c13b68d6acc8ea56230baeb22ee70","sha1":"3ed21f32eb331e2046f33ee0f3e5da977bbadfa7","sha256":"95aef217bfcb687bbc4cc914844f32e5ee9b1038be8f28512113bfb470e4c661"},"dob":{"date":"1991-02-05T14:45:53.453Z","age":33},"registered":{"date":"2015-10-27T22:14:03.872Z","age":8},"phone":"05-24-75-35-40","cell":"06-85-56-02-19","id":{"name":"INSEE","value":"1910114736527 70"},"picture":{"large":"https://randomuser.me/api/portraits/men/13.jpg","medium":"https://randomuser.me/api/portraits/med/men/13.jpg","thumbnail":"https://randomuser.me/api/portraits/thumb/men/13.jpg"},"nat":"FR"}],"info":{"seed":"b98b4cd7cfe49dd9","results":1,"page":1,"version":"1.4"}} 
 </msg>
<msg time="2024-05-06T07:13:53.450484" level="INFO">/opt/hostedtoolcache/Python/3.12.3/x64/lib/python3.12/site-packages/urllib3/connectionpool.py:1103: InsecureRequestWarning: Unverified HTTPS request is being made to host 'randomuser.me'. Adding certificate verification is strongly advised. See: https://urllib3.readthedocs.io/en/latest/advanced-usage.html#tls-warnings
  warnings.warn(</msg>
<msg time="2024-05-06T07:13:53.450637" level="INFO">${response} = &lt;Response [200]&gt;</msg>
<var>${response}</var>
<arg>consultarAPI</arg>
<arg>/api</arg>
<doc>Sends a GET request on a previously created HTTP Session.</doc>
<status status="PASS" start="2024-05-06T07:13:53.340313" elapsed="0.110402"/>
</kw>
<kw name="Set Variable" owner="BuiltIn">
<msg time="2024-05-06T07:13:53.451649" level="INFO">${json_data} = {'results': [{'gender': 'male', 'name': {'title': 'Mr', 'first': 'Johan', 'last': 'Simon'}, 'location': {'street': {'number': 9765, 'name': "Place de L'Europe"}, 'city': 'Perpignan', 'state': 'Creuse'...</msg>
<var>${json_data}</var>
<arg>${response.json()}</arg>
<doc>Returns the given values which can then be assigned to a variables.</doc>
<status status="PASS" start="2024-05-06T07:13:53.451156" elapsed="0.000521"/>
</kw>
<kw name="Set Variable" owner="BuiltIn">
<msg time="2024-05-06T07:13:53.452422" level="INFO">${name_title} = Mr</msg>
<var>${name_title}</var>
<arg>${json_data["results"][0]["name"]["title"]}</arg>
<doc>Returns the given values which can then be assigned to a variables.</doc>
<status status="PASS" start="2024-05-06T07:13:53.452034" elapsed="0.000414"/>
</kw>
<kw name="Create List" owner="BuiltIn">
<msg time="2024-05-06T07:13:53.452901" level="INFO">${allowed_titles} = ['Mr', 'Ms', 'Miss', 'Mrs', 'Madame', 'Monsieur']</msg>
<var>${allowed_titles}</var>
<arg>Mr</arg>
<arg>Ms</arg>
<arg>Miss</arg>
<arg>Mrs</arg>
<arg>Madame</arg>
<arg>Monsieur</arg>
<doc>Returns a list containing given items.</doc>
<status status="PASS" start="2024-05-06T07:13:53.452752" elapsed="0.000173"/>
</kw>
<kw name="List Should Contain Value" owner="Collections">
<msg time="2024-05-06T07:13:53.453393" level="INFO">False</msg>
<arg>${allowed_titles}</arg>
<arg>${name_title}</arg>
<doc>Fails if the ``value`` is not found from ``list``.</doc>
<status status="PASS" start="2024-05-06T07:13:53.453220" elapsed="0.000210"/>
</kw>
<kw name="Set Variable" owner="BuiltIn">
<msg time="2024-05-06T07:13:53.454101" level="INFO">${name_country} = FR</msg>
<var>${name_country}</var>
<arg>${json_data["results"][0]["nat"]}</arg>
<doc>Returns the given values which can then be assigned to a variables.</doc>
<status status="PASS" start="2024-05-06T07:13:53.453721" elapsed="0.000405"/>
</kw>
<kw name="Create List" owner="BuiltIn">
<msg time="2024-05-06T07:13:53.455008" level="INFO">${list_country} = ['AD', 'AE', 'AF', 'AG', 'AI', 'AL', 'AM', 'AO', 'AQ', 'AR', 'AS', 'AT', 'AU', 'AW', 'AX', 'AZ', 'BA', 'BB', 'BD', 'BE', 'BF', 'BG', 'BH', 'BI', 'BJ', 'BL', 'BM', 'BN', 'BO', 'BQ', 'BR', 'BS', 'BT', '...</msg>
<var>${list_country}</var>
<arg>AD</arg>
<arg>AE</arg>
<arg>AF</arg>
<arg>AG</arg>
<arg>AI</arg>
<arg>AL</arg>
<arg>AM</arg>
<arg>AO</arg>
<arg>AQ</arg>
<arg>AR</arg>
<arg>AS</arg>
<arg>AT</arg>
<arg>AU</arg>
<arg>AW</arg>
<arg>AX</arg>
<arg>AZ</arg>
<arg>BA</arg>
<arg>BB</arg>
<arg>BD</arg>
<arg>BE</arg>
<arg>BF</arg>
<arg>BG</arg>
<arg>BH</arg>
<arg>BI</arg>
<arg>BJ</arg>
<arg>BL</arg>
<arg>BM</arg>
<arg>BN</arg>
<arg>BO</arg>
<arg>BQ</arg>
<arg>BR</arg>
<arg>BS</arg>
<arg>BT</arg>
<arg>BV</arg>
<arg>BW</arg>
<arg>BY</arg>
<arg>BZ</arg>
<arg>CA</arg>
<arg>CC</arg>
<arg>CD</arg>
<arg>CF</arg>
<arg>CG</arg>
<arg>CH</arg>
<arg>CI</arg>
<arg>CK</arg>
<arg>CL</arg>
<arg>CM</arg>
<arg>CN</arg>
<arg>CO</arg>
<arg>CR</arg>
<arg>CU</arg>
<arg>CV</arg>
<arg>CW</arg>
<arg>CX</arg>
<arg>CY</arg>
<arg>CZ</arg>
<arg>DE</arg>
<arg>DJ</arg>
<arg>DK</arg>
<arg>DM</arg>
<arg>DO</arg>
<arg>DZ</arg>
<arg>EC</arg>
<arg>EE</arg>
<arg>EG</arg>
<arg>EH</arg>
<arg>ER</arg>
<arg>ES</arg>
<arg>ET</arg>
<arg>FI</arg>
<arg>FJ</arg>
<arg>FK</arg>
<arg>FM</arg>
<arg>FO</arg>
<arg>FR</arg>
<arg>GA</arg>
<arg>GB</arg>
<arg>GD</arg>
<arg>GE</arg>
<arg>GF</arg>
<arg>GG</arg>
<arg>GH</arg>
<arg>GI</arg>
<arg>GL</arg>
<arg>GM</arg>
<arg>GN</arg>
<arg>GP</arg>
<arg>GQ</arg>
<arg>GR</arg>
<arg>GS</arg>
<arg>GT</arg>
<arg>GU</arg>
<arg>GW</arg>
<arg>GY</arg>
<arg>HK</arg>
<arg>HM</arg>
<arg>HN</arg>
<arg>HR</arg>
<arg>HT</arg>
<arg>HU</arg>
<arg>ID</arg>
<arg>IE</arg>
<arg>IL</arg>
<arg>IM</arg>
<arg>IN</arg>
<arg>IO</arg>
<arg>IQ</arg>
<arg>IR</arg>
<arg>IS</arg>
<arg>IT</arg>
<arg>JE</arg>
<arg>JM</arg>
<arg>JO</arg>
<arg>JP</arg>
<arg>KE</arg>
<arg>KG</arg>
<arg>KH</arg>
<arg>KI</arg>
<arg>KM</arg>
<arg>KN</arg>
<arg>KP</arg>
<arg>KR</arg>
<arg>KW</arg>
<arg>KY</arg>
<arg>KZ</arg>
<arg>LA</arg>
<arg>LB</arg>
<arg>LC</arg>
<arg>LI</arg>
<arg>LK</arg>
<arg>LR</arg>
<arg>LS</arg>
<arg>LT</arg>
<arg>LU</arg>
<arg>LV</arg>
<arg>LY</arg>
<arg>MA</arg>
<arg>MC</arg>
<arg>MD</arg>
<arg>ME</arg>
<arg>MF</arg>
<arg>MG</arg>
<arg>MH</arg>
<arg>MK</arg>
<arg>ML</arg>
<arg>MM</arg>
<arg>MN</arg>
<arg>MO</arg>
<arg>MP</arg>
<arg>MQ</arg>
<arg>MR</arg>
<arg>MS</arg>
<arg>MT</arg>
<arg>MU</arg>
<arg>MV</arg>
<arg>MW</arg>
<arg>MX</arg>
<arg>MY</arg>
<arg>MZ</arg>
<arg>NA</arg>
<arg>NC</arg>
<arg>NE</arg>
<arg>NF</arg>
<arg>NG</arg>
<arg>NI</arg>
<arg>NL</arg>
<arg>NO</arg>
<arg>NP</arg>
<arg>NR</arg>
<arg>NU</arg>
<arg>NZ</arg>
<arg>OM</arg>
<arg>PA</arg>
<arg>PE</arg>
<arg>PF</arg>
<arg>PG</arg>
<arg>PH</arg>
<arg>PK</arg>
<arg>PL</arg>
<arg>PM</arg>
<arg>PN</arg>
<arg>PR</arg>
<arg>PS</arg>
<arg>PT</arg>
<arg>PW</arg>
<arg>PY</arg>
<arg>QA</arg>
<arg>RE</arg>
<arg>RO</arg>
<arg>RS</arg>
<arg>RU</arg>
<arg>RW</arg>
<arg>SA</arg>
<arg>SB</arg>
<arg>SC</arg>
<arg>SD</arg>
<arg>SE</arg>
<arg>SG</arg>
<arg>SH</arg>
<arg>SI</arg>
<arg>SJ</arg>
<arg>SK</arg>
<arg>SL</arg>
<arg>SM</arg>
<arg>SN</arg>
<arg>SO</arg>
<arg>SR</arg>
<arg>SS</arg>
<arg>ST</arg>
<arg>SV</arg>
<arg>SX</arg>
<arg>SY</arg>
<arg>SZ</arg>
<arg>TC</arg>
<arg>TD</arg>
<arg>TF</arg>
<arg>TG</arg>
<arg>TH</arg>
<arg>TJ</arg>
<arg>TK</arg>
<arg>TL</arg>
<arg>TM</arg>
<arg>TN</arg>
<arg>TO</arg>
<arg>TR</arg>
<arg>TT</arg>
<arg>TV</arg>
<arg>TW</arg>
<arg>TZ</arg>
<arg>UA</arg>
<arg>UG</arg>
<arg>UM</arg>
<arg>US</arg>
<arg>UY</arg>
<arg>UZ</arg>
<arg>VA</arg>
<arg>VC</arg>
<arg>VE</arg>
<arg>VG</arg>
<arg>VI</arg>
<arg>VN</arg>
<arg>VU</arg>
<arg>WF</arg>
<arg>WS</arg>
<arg>XK</arg>
<arg>YE</arg>
<arg>YT</arg>
<arg>ZA</arg>
<arg>ZM</arg>
<arg>ZW</arg>
<doc>Returns a list containing given items.</doc>
<status status="PASS" start="2024-05-06T07:13:53.454429" elapsed="0.000604"/>
</kw>
<kw name="List Should Contain Value" owner="Collections">
<msg time="2024-05-06T07:13:53.456048" level="INFO">False</msg>
<arg>${list_country}</arg>
<arg>${name_country}</arg>
<doc>Fails if the ``value`` is not found from ``list``.</doc>
<status status="PASS" start="2024-05-06T07:13:53.455827" elapsed="0.000258"/>
</kw>
<kw name="Run Keyword If" owner="BuiltIn">
<kw name="Should Be True" owner="BuiltIn">
<arg>${True}</arg>
<doc>Fails if the given condition is not true.</doc>
<status status="PASS" start="2024-05-06T07:13:53.457174" elapsed="0.000255"/>
</kw>
<arg>${json_data["results"][0]["location"]["coordinates"]["latitude"]} &gt;= -90 and ${json_data["results"][0]["location"]["coordinates"]["latitude"]} &lt;= 90</arg>
<arg>Should Be True</arg>
<arg>${True}</arg>
<doc>Runs the given keyword with the given arguments, if ``condition`` is true.</doc>
<status status="PASS" start="2024-05-06T07:13:53.456414" elapsed="0.001148"/>
</kw>
<kw name="Run Keyword If" owner="BuiltIn">
<kw name="Should Be True" owner="BuiltIn">
<arg>${True}</arg>
<doc>Fails if the given condition is not true.</doc>
<status status="PASS" start="2024-05-06T07:13:53.458464" elapsed="0.000140"/>
</kw>
<arg>${json_data["results"][0]["location"]["coordinates"]["longitude"]} &gt;= -180 and ${json_data["results"][0]["location"]["coordinates"]["longitude"]} &lt;= 180</arg>
<arg>Should Be True</arg>
<arg>${True}</arg>
<doc>Runs the given keyword with the given arguments, if ``condition`` is true.</doc>
<status status="PASS" start="2024-05-06T07:13:53.457755" elapsed="0.000972"/>
</kw>
<status status="PASS" start="2024-05-06T07:13:53.340087" elapsed="0.118771"/>
</kw>
<doc>Testa o conteúdo específico dos campos retornados pela API.</doc>
<tag>testeConteudo</tag>
<status status="PASS" start="2024-05-06T07:13:53.339553" elapsed="0.119455"/>
</test>
<status status="PASS" start="2024-05-06T07:13:52.658170" elapsed="0.802871"/>
</suite>
<status status="PASS" start="2024-05-06T07:13:52.644001" elapsed="0.822204"/>
</suite>
<statistics>
<total>
<stat pass="5" fail="0" skip="0">All Tests</stat>
</total>
<tag>
<stat pass="1" fail="0" skip="0">testeConteudo</stat>
<stat pass="1" fail="0" skip="0">testeEstruturaResposta</stat>
<stat pass="1" fail="0" skip="0">testeRequisicaoBasica</stat>
<stat pass="1" fail="0" skip="0">testeTiposDados</stat>
</tag>
<suite>
<stat pass="5" fail="0" skip="0" id="s1" name="Tests">Tests</stat>
<stat pass="5" fail="0" skip="0" id="s1-s1" name="Random-User-Test">Tests.Random-User-Test</stat>
</suite>
</statistics>
<errors>
</errors>
</robot>
