<?xml version="1.0" encoding="UTF-8"?>
<robot generator="Robot 7.0.1 (Python 3.12.4 on linux)" generated="2024-06-27T04:20:02.445118" rpa="false" schemaversion="5">
<suite id="s1" name="Tests" source="/home/runner/work/ApiRandomUser/ApiRandomUser/RamdonUser/tests">
<suite id="s1-s1" name="Random-User-Test" source="/home/runner/work/ApiRandomUser/ApiRandomUser/RamdonUser/tests/random-user-test.robot">
<test id="s1-s1-t1" name="Conectar" line="13">
<kw name="Conectar API" owner="random-user-service">
<kw name="Create Session" owner="RequestsLibrary">
<msg time="2024-06-27T04:20:02.844896" level="INFO">Creating Session using : alias=consultarAPI, url=https://randomuser.me/, headers={},                     cookies={}, auth=None, timeout=None, proxies=None, verify=False,                     debug=0 </msg>
<arg>consultarAPI</arg>
<arg>${URL}</arg>
<doc>Create Session: create a HTTP session to a server</doc>
<status status="PASS" start="2024-06-27T04:20:02.844692" elapsed="0.000379"/>
</kw>
<status status="PASS" start="2024-06-27T04:20:02.843747" elapsed="0.001702"/>
</kw>
<status status="PASS" start="2024-06-27T04:20:02.843202" elapsed="0.002436"/>
</test>
<test id="s1-s1-t2" name="Validar retorno 200 e JSON Válido" line="16">
<kw name="Teste de Requisicao Basica" owner="random-user-service">
<kw name="GET On Session" owner="RequestsLibrary">
<msg time="2024-06-27T04:20:03.239290" level="INFO">GET Request : url=https://randomuser.me/api 
 path_url=/api 
 headers={'User-Agent': 'python-requests/2.32.3', 'Accept-Encoding': 'gzip, deflate', 'Accept': '*/*', 'Connection': 'keep-alive'} 
 body=None 
 </msg>
<msg time="2024-06-27T04:20:03.239447" level="INFO">GET Response : url=https://randomuser.me/api 
 status=200, reason=OK 
 headers={'Date': 'Thu, 27 Jun 2024 04:20:03 GMT', 'Content-Type': 'application/json; charset=utf-8', 'Transfer-Encoding': 'chunked', 'Connection': 'keep-alive', 'X-Powered-By': 'Express', 'Access-Control-Allow-Origin': '*', 'Cache-Control': 'no-cache', 'ETag': 'W/"49f-d4NvULLgfsNexb0dYp8+L4aAJfA"', 'Vary': 'Accept-Encoding', 'Content-Encoding': 'gzip', 'CF-Cache-Status': 'DYNAMIC', 'Report-To': '{"endpoints":[{"url":"https:\\/\\/a.nel.cloudflare.com\\/report\\/v4?s=kTBrruL0ZjpGTqXNsfXe4qy0z%2F81xdsyPbFUDvnMDfdDPE94jgTnjGq%2F1WByrCvQu6Z1OVmbUt7Ew%2FMcEZYZQsekEZ3uWqfzv6ePnons3VhJn56NlIyHsxa9P3XMH2MZ"}],"group":"cf-nel","max_age":604800}', 'NEL': '{"success_fraction":0,"report_to":"cf-nel","max_age":604800}', 'Server': 'cloudflare', 'CF-RAY': '89a2a46f7d9657d3-IAD', 'alt-svc': 'h3=":443"; ma=86400'} 
 body={"results":[{"gender":"female","name":{"title":"Miss","first":"Suzanna","last":"Dean"},"location":{"street":{"number":573,"name":"Mill Lane"},"city":"Edinburgh","state":"Surrey","country":"United Kingdom","postcode":"G8 0RE","coordinates":{"latitude":"-11.1064","longitude":"64.3931"},"timezone":{"offset":"-5:00","description":"Eastern Time (US &amp; Canada), Bogota, Lima"}},"email":"suzanna.dean@example.com","login":{"uuid":"e344074d-c180-487f-b002-eac63762f674","username":"blacktiger709","password":"159357","salt":"eGdGC8Ba","md5":"7b4229a5adb346320e434861bdc914ef","sha1":"0d1cccd050d31ff6c256e820ae490a144137f2cc","sha256":"6a3c2790fe5cf9cb77a56fa2d8c593f13fbd4f9a178cc090d9dc8ec8f8163c69"},"dob":{"date":"1988-08-13T22:47:51.140Z","age":35},"registered":{"date":"2010-06-02T07:56:49.100Z","age":14},"phone":"016977 9586","cell":"07130 731470","id":{"name":"NINO","value":"TP 05 46 81 K"},"picture":{"large":"https://randomuser.me/api/portraits/women/24.jpg","medium":"https://randomuser.me/api/portraits/med/women/24.jpg","thumbnail":"https://randomuser.me/api/portraits/thumb/women/24.jpg"},"nat":"GB"}],"info":{"seed":"829bb9d682939a55","results":1,"page":1,"version":"1.4"}} 
 </msg>
<msg time="2024-06-27T04:20:03.239543" level="INFO">/opt/hostedtoolcache/Python/3.12.4/x64/lib/python3.12/site-packages/urllib3/connectionpool.py:1099: InsecureRequestWarning: Unverified HTTPS request is being made to host 'randomuser.me'. Adding certificate verification is strongly advised. See: https://urllib3.readthedocs.io/en/latest/advanced-usage.html#tls-warnings
  warnings.warn(</msg>
<msg time="2024-06-27T04:20:03.239700" level="INFO">${response} = &lt;Response [200]&gt;</msg>
<var>${response}</var>
<arg>consultarAPI</arg>
<arg>/api</arg>
<doc>Sends a GET request on a previously created HTTP Session.</doc>
<status status="PASS" start="2024-06-27T04:20:02.848211" elapsed="0.391533"/>
</kw>
<kw name="Should Be Equal As Numbers" owner="BuiltIn">
<msg time="2024-06-27T04:20:03.240691" level="INFO">Argument types are:
&lt;class 'int'&gt;
&lt;class 'str'&gt;</msg>
<arg>${response.status_code}</arg>
<arg>200</arg>
<doc>Fails if objects are unequal after converting them to real numbers.</doc>
<status status="PASS" start="2024-06-27T04:20:03.240244" elapsed="0.000509"/>
</kw>
<kw name="Log" owner="BuiltIn">
<msg time="2024-06-27T04:20:03.241448" level="INFO">200</msg>
<arg>${response.status_code}</arg>
<doc>Logs the given message with the given level.</doc>
<status status="PASS" start="2024-06-27T04:20:03.241066" elapsed="0.000423"/>
</kw>
<kw name="Set Variable" owner="BuiltIn">
<msg time="2024-06-27T04:20:03.242220" level="INFO">${json_data} = {'results': [{'gender': 'female', 'name': {'title': 'Miss', 'first': 'Suzanna', 'last': 'Dean'}, 'location': {'street': {'number': 573, 'name': 'Mill Lane'}, 'city': 'Edinburgh', 'state': 'Surrey', 'c...</msg>
<var>${json_data}</var>
<arg>${response.json()}</arg>
<doc>Returns the given values which can then be assigned to a variables.</doc>
<status status="PASS" start="2024-06-27T04:20:03.241791" elapsed="0.000457"/>
</kw>
<kw name="Dictionary Should Contain Key" owner="Collections">
<arg>${json_data}</arg>
<arg>results</arg>
<doc>Fails if ``key`` is not found from ``dictionary``.</doc>
<status status="PASS" start="2024-06-27T04:20:03.242542" elapsed="0.000160"/>
</kw>
<status status="PASS" start="2024-06-27T04:20:02.847965" elapsed="0.394886"/>
</kw>
<doc>Testa se a API responde corretamente e retorna um objeto JSON válido.</doc>
<tag>testeRequisicaoBasica</tag>
<status status="PASS" start="2024-06-27T04:20:02.847504" elapsed="0.395523"/>
</test>
<test id="s1-s1-t3" name="Validar estrutura de resposta" line="22">
<kw name="Teste de Estrutura de Resposta" owner="random-user-service">
<kw name="GET On Session" owner="RequestsLibrary">
<msg time="2024-06-27T04:20:03.300905" level="INFO">GET Request : url=https://randomuser.me/api 
 path_url=/api 
 headers={'User-Agent': 'python-requests/2.32.3', 'Accept-Encoding': 'gzip, deflate', 'Accept': '*/*', 'Connection': 'keep-alive'} 
 body=None 
 </msg>
<msg time="2024-06-27T04:20:03.300988" level="INFO">GET Response : url=https://randomuser.me/api 
 status=200, reason=OK 
 headers={'Date': 'Thu, 27 Jun 2024 04:20:03 GMT', 'Content-Type': 'application/json; charset=utf-8', 'Transfer-Encoding': 'chunked', 'Connection': 'keep-alive', 'X-Powered-By': 'Express', 'Access-Control-Allow-Origin': '*', 'Cache-Control': 'no-cache', 'ETag': 'W/"494-Md6+CtJJKrXPX6w62VUMyHhI+4Y"', 'Vary': 'Accept-Encoding', 'Content-Encoding': 'gzip', 'CF-Cache-Status': 'DYNAMIC', 'Report-To': '{"endpoints":[{"url":"https:\\/\\/a.nel.cloudflare.com\\/report\\/v4?s=HZboQAio0a7jolSG25vE%2F76yD%2FHeicZcRIemxJyfkJvs84K6tLfq0IK6oe3wBXEC0NLsZ3PqncUw0wP3O9NY5qRrKQ3Qas3nQuaaGYHyhDweAz2GuSVv9kl05yoNaebW"}],"group":"cf-nel","max_age":604800}', 'NEL': '{"success_fraction":0,"report_to":"cf-nel","max_age":604800}', 'Server': 'cloudflare', 'CF-RAY': '89a2a4704e1557d3-IAD', 'alt-svc': 'h3=":443"; ma=86400'} 
 body={"results":[{"gender":"male","name":{"title":"Mr","first":"Teodoro","last":"Fuentes"},"location":{"street":{"number":5768,"name":"Callejón Zamora"},"city":"Huautla","state":"Morelos","country":"Mexico","postcode":76469,"coordinates":{"latitude":"26.2985","longitude":"-89.8318"},"timezone":{"offset":"+5:30","description":"Bombay, Calcutta, Madras, New Delhi"}},"email":"teodoro.fuentes@example.com","login":{"uuid":"e5b9458b-a385-429b-9c17-ad812181f21e","username":"bigkoala685","password":"shearer","salt":"PmIwkKTZ","md5":"776342416f943b85445feada6f128d2c","sha1":"4e4e540973031ec0469e6fe199b7cccfd1f76227","sha256":"a35dde4ec4cba4cc30b9e89997f2e1e341402a11e180d88cc8791ebc14590db5"},"dob":{"date":"1992-12-29T11:52:53.440Z","age":31},"registered":{"date":"2012-04-22T20:59:12.951Z","age":12},"phone":"(610) 509 1092","cell":"(625) 646 3734","id":{"name":"NSS","value":"03 73 14 8129 8"},"picture":{"large":"https://randomuser.me/api/portraits/men/6.jpg","medium":"https://randomuser.me/api/portraits/med/men/6.jpg","thumbnail":"https://randomuser.me/api/portraits/thumb/men/6.jpg"},"nat":"MX"}],"info":{"seed":"4e418baae6005b91","results":1,"page":1,"version":"1.4"}} 
 </msg>
<msg time="2024-06-27T04:20:03.301107" level="INFO">/opt/hostedtoolcache/Python/3.12.4/x64/lib/python3.12/site-packages/urllib3/connectionpool.py:1099: InsecureRequestWarning: Unverified HTTPS request is being made to host 'randomuser.me'. Adding certificate verification is strongly advised. See: https://urllib3.readthedocs.io/en/latest/advanced-usage.html#tls-warnings
  warnings.warn(</msg>
<msg time="2024-06-27T04:20:03.301269" level="INFO">${response} = &lt;Response [200]&gt;</msg>
<var>${response}</var>
<arg>consultarAPI</arg>
<arg>/api</arg>
<doc>Sends a GET request on a previously created HTTP Session.</doc>
<status status="PASS" start="2024-06-27T04:20:03.245651" elapsed="0.055668"/>
</kw>
<kw name="Set Variable" owner="BuiltIn">
<msg time="2024-06-27T04:20:03.302212" level="INFO">${json_data} = {'results': [{'gender': 'male', 'name': {'title': 'Mr', 'first': 'Teodoro', 'last': 'Fuentes'}, 'location': {'street': {'number': 5768, 'name': 'Callejón Zamora'}, 'city': 'Huautla', 'state': 'Morelos...</msg>
<var>${json_data}</var>
<arg>${response.json()}</arg>
<doc>Returns the given values which can then be assigned to a variables.</doc>
<status status="PASS" start="2024-06-27T04:20:03.301750" elapsed="0.000492"/>
</kw>
<kw name="Log" owner="BuiltIn">
<msg time="2024-06-27T04:20:03.302710" level="INFO">{'results': [{'gender': 'male', 'name': {'title': 'Mr', 'first': 'Teodoro', 'last': 'Fuentes'}, 'location': {'street': {'number': 5768, 'name': 'Callejón Zamora'}, 'city': 'Huautla', 'state': 'Morelos', 'country': 'Mexico', 'postcode': 76469, 'coordinates': {'latitude': '26.2985', 'longitude': '-89.8318'}, 'timezone': {'offset': '+5:30', 'description': 'Bombay, Calcutta, Madras, New Delhi'}}, 'email': 'teodoro.fuentes@example.com', 'login': {'uuid': 'e5b9458b-a385-429b-9c17-ad812181f21e', 'username': 'bigkoala685', 'password': 'shearer', 'salt': 'PmIwkKTZ', 'md5': '776342416f943b85445feada6f128d2c', 'sha1': '4e4e540973031ec0469e6fe199b7cccfd1f76227', 'sha256': 'a35dde4ec4cba4cc30b9e89997f2e1e341402a11e180d88cc8791ebc14590db5'}, 'dob': {'date': '1992-12-29T11:52:53.440Z', 'age': 31}, 'registered': {'date': '2012-04-22T20:59:12.951Z', 'age': 12}, 'phone': '(610) 509 1092', 'cell': '(625) 646 3734', 'id': {'name': 'NSS', 'value': '03 73 14 8129 8'}, 'picture': {'large': 'https://randomuser.me/api/portraits/men/6.jpg', 'medium': 'https://randomuser.me/api/portraits/med/men/6.jpg', 'thumbnail': 'https://randomuser.me/api/portraits/thumb/men/6.jpg'}, 'nat': 'MX'}], 'info': {'seed': '4e418baae6005b91', 'results': 1, 'page': 1, 'version': '1.4'}}</msg>
<arg>${json_data}</arg>
<doc>Logs the given message with the given level.</doc>
<status status="PASS" start="2024-06-27T04:20:03.302550" elapsed="0.000208"/>
</kw>
<kw name="Dictionary Should Contain Key" owner="Collections">
<arg>${json_data}</arg>
<arg>results</arg>
<doc>Fails if ``key`` is not found from ``dictionary``.</doc>
<status status="PASS" start="2024-06-27T04:20:03.303047" elapsed="0.000154"/>
</kw>
<kw name="Should Not Be Empty" owner="BuiltIn">
<msg time="2024-06-27T04:20:03.303512" level="INFO">Length is 2.</msg>
<arg>${json_data}</arg>
<doc>Verifies that the given item is not empty.</doc>
<status status="PASS" start="2024-06-27T04:20:03.303383" elapsed="0.000171"/>
</kw>
<kw name="Create List" owner="BuiltIn">
<msg time="2024-06-27T04:20:03.304128" level="INFO">${expected_keys} = ['gender', 'name', 'location', 'email', 'login']</msg>
<var>${expected_keys}</var>
<arg>gender</arg>
<arg>name</arg>
<arg>location</arg>
<arg>email</arg>
<arg>login</arg>
<doc>Returns a list containing given items.</doc>
<status status="PASS" start="2024-06-27T04:20:03.303849" elapsed="0.000304"/>
</kw>
<for flavor="IN">
<iter>
<kw name="Dictionary Should Contain Key" owner="Collections">
<arg>${json_data['results'][0]}</arg>
<arg>${key}</arg>
<doc>Fails if ``key`` is not found from ``dictionary``.</doc>
<status status="PASS" start="2024-06-27T04:20:03.304720" elapsed="0.000386"/>
</kw>
<kw name="Log" owner="BuiltIn">
<msg time="2024-06-27T04:20:03.305721" level="INFO">{'gender': 'male', 'name': {'title': 'Mr', 'first': 'Teodoro', 'last': 'Fuentes'}, 'location': {'street': {'number': 5768, 'name': 'Callejón Zamora'}, 'city': 'Huautla', 'state': 'Morelos', 'country': 'Mexico', 'postcode': 76469, 'coordinates': {'latitude': '26.2985', 'longitude': '-89.8318'}, 'timezone': {'offset': '+5:30', 'description': 'Bombay, Calcutta, Madras, New Delhi'}}, 'email': 'teodoro.fuentes@example.com', 'login': {'uuid': 'e5b9458b-a385-429b-9c17-ad812181f21e', 'username': 'bigkoala685', 'password': 'shearer', 'salt': 'PmIwkKTZ', 'md5': '776342416f943b85445feada6f128d2c', 'sha1': '4e4e540973031ec0469e6fe199b7cccfd1f76227', 'sha256': 'a35dde4ec4cba4cc30b9e89997f2e1e341402a11e180d88cc8791ebc14590db5'}, 'dob': {'date': '1992-12-29T11:52:53.440Z', 'age': 31}, 'registered': {'date': '2012-04-22T20:59:12.951Z', 'age': 12}, 'phone': '(610) 509 1092', 'cell': '(625) 646 3734', 'id': {'name': 'NSS', 'value': '03 73 14 8129 8'}, 'picture': {'large': 'https://randomuser.me/api/portraits/men/6.jpg', 'medium': 'https://randomuser.me/api/portraits/med/men/6.jpg', 'thumbnail': 'https://randomuser.me/api/portraits/thumb/men/6.jpg'}, 'nat': 'MX'}</msg>
<arg>${json_data['results'][0]}</arg>
<doc>Logs the given message with the given level.</doc>
<status status="PASS" start="2024-06-27T04:20:03.305331" elapsed="0.000440"/>
</kw>
<kw name="Log" owner="BuiltIn">
<msg time="2024-06-27T04:20:03.306198" level="INFO">gender</msg>
<arg>${key}</arg>
<doc>Logs the given message with the given level.</doc>
<status status="PASS" start="2024-06-27T04:20:03.306070" elapsed="0.000166"/>
</kw>
<var name="${key}">gender</var>
<status status="PASS" start="2024-06-27T04:20:03.304596" elapsed="0.001853"/>
</iter>
<iter>
<kw name="Dictionary Should Contain Key" owner="Collections">
<arg>${json_data['results'][0]}</arg>
<arg>${key}</arg>
<doc>Fails if ``key`` is not found from ``dictionary``.</doc>
<status status="PASS" start="2024-06-27T04:20:03.306740" elapsed="0.000392"/>
</kw>
<kw name="Log" owner="BuiltIn">
<msg time="2024-06-27T04:20:03.307660" level="INFO">{'gender': 'male', 'name': {'title': 'Mr', 'first': 'Teodoro', 'last': 'Fuentes'}, 'location': {'street': {'number': 5768, 'name': 'Callejón Zamora'}, 'city': 'Huautla', 'state': 'Morelos', 'country': 'Mexico', 'postcode': 76469, 'coordinates': {'latitude': '26.2985', 'longitude': '-89.8318'}, 'timezone': {'offset': '+5:30', 'description': 'Bombay, Calcutta, Madras, New Delhi'}}, 'email': 'teodoro.fuentes@example.com', 'login': {'uuid': 'e5b9458b-a385-429b-9c17-ad812181f21e', 'username': 'bigkoala685', 'password': 'shearer', 'salt': 'PmIwkKTZ', 'md5': '776342416f943b85445feada6f128d2c', 'sha1': '4e4e540973031ec0469e6fe199b7cccfd1f76227', 'sha256': 'a35dde4ec4cba4cc30b9e89997f2e1e341402a11e180d88cc8791ebc14590db5'}, 'dob': {'date': '1992-12-29T11:52:53.440Z', 'age': 31}, 'registered': {'date': '2012-04-22T20:59:12.951Z', 'age': 12}, 'phone': '(610) 509 1092', 'cell': '(625) 646 3734', 'id': {'name': 'NSS', 'value': '03 73 14 8129 8'}, 'picture': {'large': 'https://randomuser.me/api/portraits/men/6.jpg', 'medium': 'https://randomuser.me/api/portraits/med/men/6.jpg', 'thumbnail': 'https://randomuser.me/api/portraits/thumb/men/6.jpg'}, 'nat': 'MX'}</msg>
<arg>${json_data['results'][0]}</arg>
<doc>Logs the given message with the given level.</doc>
<status status="PASS" start="2024-06-27T04:20:03.307312" elapsed="0.000428"/>
</kw>
<kw name="Log" owner="BuiltIn">
<msg time="2024-06-27T04:20:03.308164" level="INFO">name</msg>
<arg>${key}</arg>
<doc>Logs the given message with the given level.</doc>
<status status="PASS" start="2024-06-27T04:20:03.308037" elapsed="0.000163"/>
</kw>
<var name="${key}">name</var>
<status status="PASS" start="2024-06-27T04:20:03.306628" elapsed="0.001788"/>
</iter>
<iter>
<kw name="Dictionary Should Contain Key" owner="Collections">
<arg>${json_data['results'][0]}</arg>
<arg>${key}</arg>
<doc>Fails if ``key`` is not found from ``dictionary``.</doc>
<status status="PASS" start="2024-06-27T04:20:03.308697" elapsed="0.000374"/>
</kw>
<kw name="Log" owner="BuiltIn">
<msg time="2024-06-27T04:20:03.309661" level="INFO">{'gender': 'male', 'name': {'title': 'Mr', 'first': 'Teodoro', 'last': 'Fuentes'}, 'location': {'street': {'number': 5768, 'name': 'Callejón Zamora'}, 'city': 'Huautla', 'state': 'Morelos', 'country': 'Mexico', 'postcode': 76469, 'coordinates': {'latitude': '26.2985', 'longitude': '-89.8318'}, 'timezone': {'offset': '+5:30', 'description': 'Bombay, Calcutta, Madras, New Delhi'}}, 'email': 'teodoro.fuentes@example.com', 'login': {'uuid': 'e5b9458b-a385-429b-9c17-ad812181f21e', 'username': 'bigkoala685', 'password': 'shearer', 'salt': 'PmIwkKTZ', 'md5': '776342416f943b85445feada6f128d2c', 'sha1': '4e4e540973031ec0469e6fe199b7cccfd1f76227', 'sha256': 'a35dde4ec4cba4cc30b9e89997f2e1e341402a11e180d88cc8791ebc14590db5'}, 'dob': {'date': '1992-12-29T11:52:53.440Z', 'age': 31}, 'registered': {'date': '2012-04-22T20:59:12.951Z', 'age': 12}, 'phone': '(610) 509 1092', 'cell': '(625) 646 3734', 'id': {'name': 'NSS', 'value': '03 73 14 8129 8'}, 'picture': {'large': 'https://randomuser.me/api/portraits/men/6.jpg', 'medium': 'https://randomuser.me/api/portraits/med/men/6.jpg', 'thumbnail': 'https://randomuser.me/api/portraits/thumb/men/6.jpg'}, 'nat': 'MX'}</msg>
<arg>${json_data['results'][0]}</arg>
<doc>Logs the given message with the given level.</doc>
<status status="PASS" start="2024-06-27T04:20:03.309292" elapsed="0.000428"/>
</kw>
<kw name="Log" owner="BuiltIn">
<msg time="2024-06-27T04:20:03.310145" level="INFO">location</msg>
<arg>${key}</arg>
<doc>Logs the given message with the given level.</doc>
<status status="PASS" start="2024-06-27T04:20:03.310018" elapsed="0.000164"/>
</kw>
<var name="${key}">location</var>
<status status="PASS" start="2024-06-27T04:20:03.308590" elapsed="0.001805"/>
</iter>
<iter>
<kw name="Dictionary Should Contain Key" owner="Collections">
<arg>${json_data['results'][0]}</arg>
<arg>${key}</arg>
<doc>Fails if ``key`` is not found from ``dictionary``.</doc>
<status status="PASS" start="2024-06-27T04:20:03.310673" elapsed="0.000383"/>
</kw>
<kw name="Log" owner="BuiltIn">
<msg time="2024-06-27T04:20:03.311585" level="INFO">{'gender': 'male', 'name': {'title': 'Mr', 'first': 'Teodoro', 'last': 'Fuentes'}, 'location': {'street': {'number': 5768, 'name': 'Callejón Zamora'}, 'city': 'Huautla', 'state': 'Morelos', 'country': 'Mexico', 'postcode': 76469, 'coordinates': {'latitude': '26.2985', 'longitude': '-89.8318'}, 'timezone': {'offset': '+5:30', 'description': 'Bombay, Calcutta, Madras, New Delhi'}}, 'email': 'teodoro.fuentes@example.com', 'login': {'uuid': 'e5b9458b-a385-429b-9c17-ad812181f21e', 'username': 'bigkoala685', 'password': 'shearer', 'salt': 'PmIwkKTZ', 'md5': '776342416f943b85445feada6f128d2c', 'sha1': '4e4e540973031ec0469e6fe199b7cccfd1f76227', 'sha256': 'a35dde4ec4cba4cc30b9e89997f2e1e341402a11e180d88cc8791ebc14590db5'}, 'dob': {'date': '1992-12-29T11:52:53.440Z', 'age': 31}, 'registered': {'date': '2012-04-22T20:59:12.951Z', 'age': 12}, 'phone': '(610) 509 1092', 'cell': '(625) 646 3734', 'id': {'name': 'NSS', 'value': '03 73 14 8129 8'}, 'picture': {'large': 'https://randomuser.me/api/portraits/men/6.jpg', 'medium': 'https://randomuser.me/api/portraits/med/men/6.jpg', 'thumbnail': 'https://randomuser.me/api/portraits/thumb/men/6.jpg'}, 'nat': 'MX'}</msg>
<arg>${json_data['results'][0]}</arg>
<doc>Logs the given message with the given level.</doc>
<status status="PASS" start="2024-06-27T04:20:03.311236" elapsed="0.000407"/>
</kw>
<kw name="Log" owner="BuiltIn">
<msg time="2024-06-27T04:20:03.312067" level="INFO">email</msg>
<arg>${key}</arg>
<doc>Logs the given message with the given level.</doc>
<status status="PASS" start="2024-06-27T04:20:03.311942" elapsed="0.000163"/>
</kw>
<var name="${key}">email</var>
<status status="PASS" start="2024-06-27T04:20:03.310565" elapsed="0.001758"/>
</iter>
<iter>
<kw name="Dictionary Should Contain Key" owner="Collections">
<arg>${json_data['results'][0]}</arg>
<arg>${key}</arg>
<doc>Fails if ``key`` is not found from ``dictionary``.</doc>
<status status="PASS" start="2024-06-27T04:20:03.312607" elapsed="0.000378"/>
</kw>
<kw name="Log" owner="BuiltIn">
<msg time="2024-06-27T04:20:03.313544" level="INFO">{'gender': 'male', 'name': {'title': 'Mr', 'first': 'Teodoro', 'last': 'Fuentes'}, 'location': {'street': {'number': 5768, 'name': 'Callejón Zamora'}, 'city': 'Huautla', 'state': 'Morelos', 'country': 'Mexico', 'postcode': 76469, 'coordinates': {'latitude': '26.2985', 'longitude': '-89.8318'}, 'timezone': {'offset': '+5:30', 'description': 'Bombay, Calcutta, Madras, New Delhi'}}, 'email': 'teodoro.fuentes@example.com', 'login': {'uuid': 'e5b9458b-a385-429b-9c17-ad812181f21e', 'username': 'bigkoala685', 'password': 'shearer', 'salt': 'PmIwkKTZ', 'md5': '776342416f943b85445feada6f128d2c', 'sha1': '4e4e540973031ec0469e6fe199b7cccfd1f76227', 'sha256': 'a35dde4ec4cba4cc30b9e89997f2e1e341402a11e180d88cc8791ebc14590db5'}, 'dob': {'date': '1992-12-29T11:52:53.440Z', 'age': 31}, 'registered': {'date': '2012-04-22T20:59:12.951Z', 'age': 12}, 'phone': '(610) 509 1092', 'cell': '(625) 646 3734', 'id': {'name': 'NSS', 'value': '03 73 14 8129 8'}, 'picture': {'large': 'https://randomuser.me/api/portraits/men/6.jpg', 'medium': 'https://randomuser.me/api/portraits/med/men/6.jpg', 'thumbnail': 'https://randomuser.me/api/portraits/thumb/men/6.jpg'}, 'nat': 'MX'}</msg>
<arg>${json_data['results'][0]}</arg>
<doc>Logs the given message with the given level.</doc>
<status status="PASS" start="2024-06-27T04:20:03.313185" elapsed="0.000409"/>
</kw>
<kw name="Log" owner="BuiltIn">
<msg time="2024-06-27T04:20:03.314011" level="INFO">login</msg>
<arg>${key}</arg>
<doc>Logs the given message with the given level.</doc>
<status status="PASS" start="2024-06-27T04:20:03.313886" elapsed="0.000162"/>
</kw>
<var name="${key}">login</var>
<status status="PASS" start="2024-06-27T04:20:03.312490" elapsed="0.001770"/>
</iter>
<var>${key}</var>
<value>@{expected_keys}</value>
<status status="PASS" start="2024-06-27T04:20:03.304412" elapsed="0.009965"/>
</for>
<kw name="Create List" owner="BuiltIn">
<msg time="2024-06-27T04:20:03.314698" level="INFO">${expected_keysTwo} = ['username', 'password']</msg>
<var>${expected_keysTwo}</var>
<arg>username</arg>
<arg>password</arg>
<doc>Returns a list containing given items.</doc>
<status status="PASS" start="2024-06-27T04:20:03.314559" elapsed="0.000190"/>
</kw>
<for flavor="IN">
<iter>
<kw name="Dictionary Should Contain Key" owner="Collections">
<arg>${json_data['results'][0]['login']}</arg>
<arg>${keyTwo}</arg>
<doc>Fails if ``key`` is not found from ``dictionary``.</doc>
<status status="PASS" start="2024-06-27T04:20:03.315241" elapsed="0.000378"/>
</kw>
<kw name="Dictionary Should Contain Key" owner="Collections">
<arg>${json_data['results'][0]['login']}</arg>
<arg>${keyTwo}</arg>
<doc>Fails if ``key`` is not found from ``dictionary``.</doc>
<status status="PASS" start="2024-06-27T04:20:03.315800" elapsed="0.000375"/>
</kw>
<kw name="Log" owner="BuiltIn">
<msg time="2024-06-27T04:20:03.316474" level="INFO">username</msg>
<arg>${keyTwo}</arg>
<doc>Logs the given message with the given level.</doc>
<status status="PASS" start="2024-06-27T04:20:03.316355" elapsed="0.000156"/>
</kw>
<var name="${keyTwo}">username</var>
<status status="PASS" start="2024-06-27T04:20:03.315135" elapsed="0.001597"/>
</iter>
<iter>
<kw name="Dictionary Should Contain Key" owner="Collections">
<arg>${json_data['results'][0]['login']}</arg>
<arg>${keyTwo}</arg>
<doc>Fails if ``key`` is not found from ``dictionary``.</doc>
<status status="PASS" start="2024-06-27T04:20:03.317005" elapsed="0.000404"/>
</kw>
<kw name="Dictionary Should Contain Key" owner="Collections">
<arg>${json_data['results'][0]['login']}</arg>
<arg>${keyTwo}</arg>
<doc>Fails if ``key`` is not found from ``dictionary``.</doc>
<status status="PASS" start="2024-06-27T04:20:03.317587" elapsed="0.000360"/>
</kw>
<kw name="Log" owner="BuiltIn">
<msg time="2024-06-27T04:20:03.318238" level="INFO">password</msg>
<arg>${keyTwo}</arg>
<doc>Logs the given message with the given level.</doc>
<status status="PASS" start="2024-06-27T04:20:03.318121" elapsed="0.000159"/>
</kw>
<var name="${keyTwo}">password</var>
<status status="PASS" start="2024-06-27T04:20:03.316900" elapsed="0.001690"/>
</iter>
<var>${keyTwo}</var>
<value>@{expected_keysTwo}</value>
<status status="PASS" start="2024-06-27T04:20:03.314987" elapsed="0.003723"/>
</for>
<status status="PASS" start="2024-06-27T04:20:03.245418" elapsed="0.073427"/>
</kw>
<doc>Testa a estrutura da resposta da API.</doc>
<tag>testeEstruturaResposta</tag>
<status status="PASS" start="2024-06-27T04:20:03.244869" elapsed="0.074121"/>
</test>
<test id="s1-s1-t4" name="Validar tipos de dados" line="28">
<kw name="Teste de Tipos de Dados" owner="random-user-service">
<kw name="GET On Session" owner="RequestsLibrary">
<msg time="2024-06-27T04:20:03.378995" level="INFO">GET Request : url=https://randomuser.me/api 
 path_url=/api 
 headers={'User-Agent': 'python-requests/2.32.3', 'Accept-Encoding': 'gzip, deflate', 'Accept': '*/*', 'Connection': 'keep-alive'} 
 body=None 
 </msg>
<msg time="2024-06-27T04:20:03.379072" level="INFO">GET Response : url=https://randomuser.me/api 
 status=200, reason=OK 
 headers={'Date': 'Thu, 27 Jun 2024 04:20:03 GMT', 'Content-Type': 'application/json; charset=utf-8', 'Transfer-Encoding': 'chunked', 'Connection': 'keep-alive', 'X-Powered-By': 'Express', 'Access-Control-Allow-Origin': '*', 'Cache-Control': 'no-cache', 'ETag': 'W/"490-nBuBbStEHEp3NUaPAoRELc3/QLE"', 'Vary': 'Accept-Encoding', 'Content-Encoding': 'gzip', 'CF-Cache-Status': 'DYNAMIC', 'Report-To': '{"endpoints":[{"url":"https:\\/\\/a.nel.cloudflare.com\\/report\\/v4?s=JMMopOlWDacLcQtN7KXVeA2J7h4EsdalrbLK8Q2D73kGBP8RWmXtRTpw7hh77zoUMW6tND5a2jlMCdonRT0Vkh1RINcLBs1RgxYTwZscztSTM4aHs30Z87Lo0p%2FQT5lk"}],"group":"cf-nel","max_age":604800}', 'NEL': '{"success_fraction":0,"report_to":"cf-nel","max_age":604800}', 'Server': 'cloudflare', 'CF-RAY': '89a2a470ce7d57d3-IAD', 'alt-svc': 'h3=":443"; ma=86400'} 
 body={"results":[{"gender":"male","name":{"title":"Mr","first":"Maxime","last":"Bélanger"},"location":{"street":{"number":9764,"name":"Cedar St"},"city":"Lasalle","state":"Québec","country":"Canada","postcode":"S2K 3L7","coordinates":{"latitude":"-69.1165","longitude":"-1.3486"},"timezone":{"offset":"-6:00","description":"Central Time (US &amp; Canada), Mexico City"}},"email":"maxime.belanger@example.com","login":{"uuid":"a23f38c7-cc12-4ee7-908f-0b7fd456cb95","username":"orangezebra126","password":"111222","salt":"XXhk45EL","md5":"f2eb438b67fc8faa72191aec2a719354","sha1":"114ab1fb27b51ec1a8da859c518b71f9ddc3b26b","sha256":"060269e7d7b418ef9b949351ea3cfd2c8969d4abe7d832380e3354f142a23ab8"},"dob":{"date":"1987-03-03T00:40:42.813Z","age":37},"registered":{"date":"2011-11-15T20:00:14.950Z","age":12},"phone":"W23 K77-5385","cell":"W28 N65-9395","id":{"name":"SIN","value":"973661507"},"picture":{"large":"https://randomuser.me/api/portraits/men/96.jpg","medium":"https://randomuser.me/api/portraits/med/men/96.jpg","thumbnail":"https://randomuser.me/api/portraits/thumb/men/96.jpg"},"nat":"CA"}],"info":{"seed":"f268d27036803df0","results":1,"page":1,"version":"1.4"}} 
 </msg>
<msg time="2024-06-27T04:20:03.379146" level="INFO">/opt/hostedtoolcache/Python/3.12.4/x64/lib/python3.12/site-packages/urllib3/connectionpool.py:1099: InsecureRequestWarning: Unverified HTTPS request is being made to host 'randomuser.me'. Adding certificate verification is strongly advised. See: https://urllib3.readthedocs.io/en/latest/advanced-usage.html#tls-warnings
  warnings.warn(</msg>
<msg time="2024-06-27T04:20:03.379273" level="INFO">${response} = &lt;Response [200]&gt;</msg>
<var>${response}</var>
<arg>consultarAPI</arg>
<arg>/api</arg>
<doc>Sends a GET request on a previously created HTTP Session.</doc>
<status status="PASS" start="2024-06-27T04:20:03.321450" elapsed="0.057876"/>
</kw>
<kw name="Set Variable" owner="BuiltIn">
<msg time="2024-06-27T04:20:03.380202" level="INFO">${json_data} = {'results': [{'gender': 'male', 'name': {'title': 'Mr', 'first': 'Maxime', 'last': 'Bélanger'}, 'location': {'street': {'number': 9764, 'name': 'Cedar St'}, 'city': 'Lasalle', 'state': 'Québec', 'coun...</msg>
<var>${json_data}</var>
<arg>${response.json()}</arg>
<doc>Returns the given values which can then be assigned to a variables.</doc>
<status status="PASS" start="2024-06-27T04:20:03.379750" elapsed="0.000485"/>
</kw>
<kw name="Log" owner="BuiltIn">
<msg time="2024-06-27T04:20:03.380693" level="INFO">{'results': [{'gender': 'male', 'name': {'title': 'Mr', 'first': 'Maxime', 'last': 'Bélanger'}, 'location': {'street': {'number': 9764, 'name': 'Cedar St'}, 'city': 'Lasalle', 'state': 'Québec', 'country': 'Canada', 'postcode': 'S2K 3L7', 'coordinates': {'latitude': '-69.1165', 'longitude': '-1.3486'}, 'timezone': {'offset': '-6:00', 'description': 'Central Time (US &amp; Canada), Mexico City'}}, 'email': 'maxime.belanger@example.com', 'login': {'uuid': 'a23f38c7-cc12-4ee7-908f-0b7fd456cb95', 'username': 'orangezebra126', 'password': '111222', 'salt': 'XXhk45EL', 'md5': 'f2eb438b67fc8faa72191aec2a719354', 'sha1': '114ab1fb27b51ec1a8da859c518b71f9ddc3b26b', 'sha256': '060269e7d7b418ef9b949351ea3cfd2c8969d4abe7d832380e3354f142a23ab8'}, 'dob': {'date': '1987-03-03T00:40:42.813Z', 'age': 37}, 'registered': {'date': '2011-11-15T20:00:14.950Z', 'age': 12}, 'phone': 'W23 K77-5385', 'cell': 'W28 N65-9395', 'id': {'name': 'SIN', 'value': '973661507'}, 'picture': {'large': 'https://randomuser.me/api/portraits/men/96.jpg', 'medium': 'https://randomuser.me/api/portraits/med/men/96.jpg', 'thumbnail': 'https://randomuser.me/api/portraits/thumb/men/96.jpg'}, 'nat': 'CA'}], 'info': {'seed': 'f268d27036803df0', 'results': 1, 'page': 1, 'version': '1.4'}}</msg>
<arg>${json_data}</arg>
<doc>Logs the given message with the given level.</doc>
<status status="PASS" start="2024-06-27T04:20:03.380536" elapsed="0.000207"/>
</kw>
<kw name="Should Be String" owner="String">
<arg>${json_data['results'][0]['gender']}</arg>
<doc>Fails if the given ``item`` is not a string.</doc>
<status status="PASS" start="2024-06-27T04:20:03.381030" elapsed="0.000388"/>
</kw>
<kw name="Should Match Regexp" owner="BuiltIn">
<arg>${json_data['results'][0]['email']}</arg>
<arg>^[a-zA-Z0-9._%+-]+@[a-zA-Z0-9.-]+\.[a-zA-Z]{2,}$</arg>
<doc>Fails if ``string`` does not match ``pattern`` as a regular expression.</doc>
<status status="PASS" start="2024-06-27T04:20:03.381602" elapsed="0.000545"/>
</kw>
<kw name="Should Match Regexp" owner="BuiltIn">
<arg>${json_data['results'][0]['dob']['date']}</arg>
<arg>\\d{4}-\\d{2}-\\d{2}T\\d{2}:\\d{2}:\\d{2}\\.\\d{3}Z</arg>
<doc>Fails if ``string`` does not match ``pattern`` as a regular expression.</doc>
<status status="PASS" start="2024-06-27T04:20:03.382341" elapsed="0.000476"/>
</kw>
<kw name="Should Match Regexp" owner="BuiltIn">
<arg>${json_data['results'][0]['registered']['date']}</arg>
<arg>\\d{4}-\\d{2}-\\d{2}T\\d{2}:\\d{2}:\\d{2}\\.\\d{3}Z</arg>
<doc>Fails if ``string`` does not match ``pattern`` as a regular expression.</doc>
<status status="PASS" start="2024-06-27T04:20:03.383006" elapsed="0.000360"/>
</kw>
<kw name="Should Match Regexp" owner="BuiltIn">
<arg>${json_data['results'][0]['picture']['large']}</arg>
<arg>^https?://.*\.(?:png|jpe?g|gif|bmp)$</arg>
<doc>Fails if ``string`` does not match ``pattern`` as a regular expression.</doc>
<status status="PASS" start="2024-06-27T04:20:03.383547" elapsed="0.000475"/>
</kw>
<kw name="Should Match Regexp" owner="BuiltIn">
<arg>${json_data['results'][0]['picture']['medium']}</arg>
<arg>^https?://.*\.(?:png|jpe?g|gif|bmp)$</arg>
<doc>Fails if ``string`` does not match ``pattern`` as a regular expression.</doc>
<status status="PASS" start="2024-06-27T04:20:03.384210" elapsed="0.000378"/>
</kw>
<kw name="Should Match Regexp" owner="BuiltIn">
<arg>${json_data['results'][0]['picture']['thumbnail']}</arg>
<arg>^https?://.*\.(?:png|jpe?g|gif|bmp)$</arg>
<doc>Fails if ``string`` does not match ``pattern`` as a regular expression.</doc>
<status status="PASS" start="2024-06-27T04:20:03.384771" elapsed="0.000346"/>
</kw>
<kw name="Log" owner="BuiltIn">
<msg time="2024-06-27T04:20:03.385662" level="INFO">{'large': 'https://randomuser.me/api/portraits/men/96.jpg', 'medium': 'https://randomuser.me/api/portraits/med/men/96.jpg', 'thumbnail': 'https://randomuser.me/api/portraits/thumb/men/96.jpg'}</msg>
<arg>${json_data['results'][0]['picture']}</arg>
<doc>Logs the given message with the given level.</doc>
<status status="PASS" start="2024-06-27T04:20:03.385334" elapsed="0.000370"/>
</kw>
<status status="PASS" start="2024-06-27T04:20:03.321191" elapsed="0.064762"/>
</kw>
<kw name="Teste de Tipos de Dados - Postcode" owner="random-user-service">
<kw name="GET On Session" owner="RequestsLibrary">
<msg time="2024-06-27T04:20:03.478298" level="INFO">GET Request : url=https://randomuser.me/api 
 path_url=/api 
 headers={'User-Agent': 'python-requests/2.32.3', 'Accept-Encoding': 'gzip, deflate', 'Accept': '*/*', 'Connection': 'keep-alive'} 
 body=None 
 </msg>
<msg time="2024-06-27T04:20:03.478374" level="INFO">GET Response : url=https://randomuser.me/api 
 status=200, reason=OK 
 headers={'Date': 'Thu, 27 Jun 2024 04:20:03 GMT', 'Content-Type': 'application/json; charset=utf-8', 'Transfer-Encoding': 'chunked', 'Connection': 'keep-alive', 'X-Powered-By': 'Express', 'Access-Control-Allow-Origin': '*', 'Cache-Control': 'no-cache', 'ETag': 'W/"495-NL8o0PyFKHB5/UbKeDiwzHeC6Ds"', 'Vary': 'Accept-Encoding', 'Content-Encoding': 'gzip', 'CF-Cache-Status': 'DYNAMIC', 'Report-To': '{"endpoints":[{"url":"https:\\/\\/a.nel.cloudflare.com\\/report\\/v4?s=UEf6%2FG%2Fs3OJ0eBm2MxhgBFg4MvOMgjMCd9%2BiO%2FJGP%2B8PHls%2BHGu0pSfRmHMHxxpYr5Lv4ybQ6tP4JsJPvBPcrIHMUyWBc4MfBq7y1M368%2F408955Vhlktlg52ocv7WVW"}],"group":"cf-nel","max_age":604800}', 'NEL': '{"success_fraction":0,"report_to":"cf-nel","max_age":604800}', 'Server': 'cloudflare', 'CF-RAY': '89a2a4712eaf57d3-IAD', 'alt-svc': 'h3=":443"; ma=86400'} 
 body={"results":[{"gender":"male","name":{"title":"Mr","first":"Brennan","last":"Watts"},"location":{"street":{"number":7948,"name":"Cackson St"},"city":"Rockhampton","state":"New South Wales","country":"Australia","postcode":968,"coordinates":{"latitude":"-87.2544","longitude":"-79.8025"},"timezone":{"offset":"+8:00","description":"Beijing, Perth, Singapore, Hong Kong"}},"email":"brennan.watts@example.com","login":{"uuid":"1fdc1b2c-f2bb-4a94-92e7-290ba8ffcf24","username":"whiteladybug250","password":"browns","salt":"0lTUNLsZ","md5":"41f4badfd18edab9d6d3ca43cbdd4f64","sha1":"7fa61ccf2b9c730fd3284c515b40892845d62f8b","sha256":"d07a6786a226f01104c8e8470b63fa8f8298d246d3fde9acb269d2ddf93acae3"},"dob":{"date":"1976-10-31T11:56:20.807Z","age":47},"registered":{"date":"2002-05-28T05:45:37.761Z","age":22},"phone":"06-5997-9131","cell":"0433-414-656","id":{"name":"TFN","value":"565634956"},"picture":{"large":"https://randomuser.me/api/portraits/men/72.jpg","medium":"https://randomuser.me/api/portraits/med/men/72.jpg","thumbnail":"https://randomuser.me/api/portraits/thumb/men/72.jpg"},"nat":"AU"}],"info":{"seed":"34b34fd7c237c414","results":1,"page":1,"version":"1.4"}} 
 </msg>
<msg time="2024-06-27T04:20:03.478439" level="INFO">/opt/hostedtoolcache/Python/3.12.4/x64/lib/python3.12/site-packages/urllib3/connectionpool.py:1099: InsecureRequestWarning: Unverified HTTPS request is being made to host 'randomuser.me'. Adding certificate verification is strongly advised. See: https://urllib3.readthedocs.io/en/latest/advanced-usage.html#tls-warnings
  warnings.warn(</msg>
<msg time="2024-06-27T04:20:03.478574" level="INFO">${response} = &lt;Response [200]&gt;</msg>
<var>${response}</var>
<arg>consultarAPI</arg>
<arg>/api</arg>
<doc>Sends a GET request on a previously created HTTP Session.</doc>
<status status="PASS" start="2024-06-27T04:20:03.386376" elapsed="0.092258"/>
</kw>
<kw name="Set Variable" owner="BuiltIn">
<msg time="2024-06-27T04:20:03.479473" level="INFO">${json_data} = {'results': [{'gender': 'male', 'name': {'title': 'Mr', 'first': 'Brennan', 'last': 'Watts'}, 'location': {'street': {'number': 7948, 'name': 'Cackson St'}, 'city': 'Rockhampton', 'state': 'New South ...</msg>
<var>${json_data}</var>
<arg>${response.json()}</arg>
<doc>Returns the given values which can then be assigned to a variables.</doc>
<status status="PASS" start="2024-06-27T04:20:03.479039" elapsed="0.000465"/>
</kw>
<kw name="Log" owner="BuiltIn">
<msg time="2024-06-27T04:20:03.479954" level="INFO">{'results': [{'gender': 'male', 'name': {'title': 'Mr', 'first': 'Brennan', 'last': 'Watts'}, 'location': {'street': {'number': 7948, 'name': 'Cackson St'}, 'city': 'Rockhampton', 'state': 'New South Wales', 'country': 'Australia', 'postcode': 968, 'coordinates': {'latitude': '-87.2544', 'longitude': '-79.8025'}, 'timezone': {'offset': '+8:00', 'description': 'Beijing, Perth, Singapore, Hong Kong'}}, 'email': 'brennan.watts@example.com', 'login': {'uuid': '1fdc1b2c-f2bb-4a94-92e7-290ba8ffcf24', 'username': 'whiteladybug250', 'password': 'browns', 'salt': '0lTUNLsZ', 'md5': '41f4badfd18edab9d6d3ca43cbdd4f64', 'sha1': '7fa61ccf2b9c730fd3284c515b40892845d62f8b', 'sha256': 'd07a6786a226f01104c8e8470b63fa8f8298d246d3fde9acb269d2ddf93acae3'}, 'dob': {'date': '1976-10-31T11:56:20.807Z', 'age': 47}, 'registered': {'date': '2002-05-28T05:45:37.761Z', 'age': 22}, 'phone': '06-5997-9131', 'cell': '0433-414-656', 'id': {'name': 'TFN', 'value': '565634956'}, 'picture': {'large': 'https://randomuser.me/api/portraits/men/72.jpg', 'medium': 'https://randomuser.me/api/portraits/med/men/72.jpg', 'thumbnail': 'https://randomuser.me/api/portraits/thumb/men/72.jpg'}, 'nat': 'AU'}], 'info': {'seed': '34b34fd7c237c414', 'results': 1, 'page': 1, 'version': '1.4'}}</msg>
<arg>${json_data}</arg>
<doc>Logs the given message with the given level.</doc>
<status status="PASS" start="2024-06-27T04:20:03.479802" elapsed="0.000199"/>
</kw>
<kw name="Should Be Equal As Numbers" owner="BuiltIn">
<arg>${json_data['results'][0]['location']['postcode']}</arg>
<arg>${json_data['results'][0]['location']['postcode']}</arg>
<doc>Fails if objects are unequal after converting them to real numbers.</doc>
<status status="PASS" start="2024-06-27T04:20:03.480297" elapsed="0.000624"/>
</kw>
<kw name="Log" owner="BuiltIn">
<msg time="2024-06-27T04:20:03.481634" level="INFO">968</msg>
<arg>${json_data['results'][0]['location']['postcode']}</arg>
<doc>Logs the given message with the given level.</doc>
<status status="PASS" start="2024-06-27T04:20:03.481124" elapsed="0.000583"/>
</kw>
<status status="PASS" start="2024-06-27T04:20:03.386161" elapsed="0.095799"/>
</kw>
<doc>Testa se os tipos de dados na resposta da API estão corretos.</doc>
<tag>testeTiposDados</tag>
<status status="PASS" start="2024-06-27T04:20:03.320728" elapsed="0.161388"/>
</test>
<test id="s1-s1-t5" name="Validar conteudo" line="35">
<kw name="Teste de Tipos de Conteudo" owner="random-user-service">
<kw name="GET On Session" owner="RequestsLibrary">
<msg time="2024-06-27T04:20:03.590844" level="INFO">GET Request : url=https://randomuser.me/api 
 path_url=/api 
 headers={'User-Agent': 'python-requests/2.32.3', 'Accept-Encoding': 'gzip, deflate', 'Accept': '*/*', 'Connection': 'keep-alive'} 
 body=None 
 </msg>
<msg time="2024-06-27T04:20:03.590946" level="INFO">GET Response : url=https://randomuser.me/api 
 status=200, reason=OK 
 headers={'Date': 'Thu, 27 Jun 2024 04:20:03 GMT', 'Content-Type': 'application/json; charset=utf-8', 'Transfer-Encoding': 'chunked', 'Connection': 'keep-alive', 'X-Powered-By': 'Express', 'Access-Control-Allow-Origin': '*', 'Cache-Control': 'no-cache', 'ETag': 'W/"488-2hUe5grBs7pjEIUZtOJNacyt0vw"', 'Vary': 'Accept-Encoding', 'Content-Encoding': 'gzip', 'CF-Cache-Status': 'DYNAMIC', 'Report-To': '{"endpoints":[{"url":"https:\\/\\/a.nel.cloudflare.com\\/report\\/v4?s=DWNcbEuytn8%2FvEirm6LQgovp15OrX%2BBLz2jkfqvlU1WwBiKGPjywKhKVbDTuCQL4r937E3sWei6k6Wbli2UMz4iNfgdr69C5v%2FLrcEvfF2pZ%2FxCVhH7W%2Fq1POmH7MTwh"}],"group":"cf-nel","max_age":604800}', 'NEL': '{"success_fraction":0,"report_to":"cf-nel","max_age":604800}', 'Server': 'cloudflare', 'CF-RAY': '89a2a471cf0f57d3-IAD', 'alt-svc': 'h3=":443"; ma=86400'} 
 body={"results":[{"gender":"male","name":{"title":"Mr","first":"Leo","last":"Berry"},"location":{"street":{"number":3043,"name":"Green Rd"},"city":"Busselton","state":"Western Australia","country":"Australia","postcode":6398,"coordinates":{"latitude":"-83.2173","longitude":"-140.9125"},"timezone":{"offset":"-3:00","description":"Brazil, Buenos Aires, Georgetown"}},"email":"leo.berry@example.com","login":{"uuid":"915453e9-21f2-4684-a3fc-ee7e44fda660","username":"whitepeacock895","password":"chips","salt":"ke8jzHs3","md5":"bf72abe9717df4e9f094ff67adde24bc","sha1":"fd1ee1468f1923eab5456382119042156e16f120","sha256":"83956e503931f33fc63dcd948e6f5022dcfd790355de5e2032893aca78088589"},"dob":{"date":"1995-12-28T01:44:29.870Z","age":28},"registered":{"date":"2012-03-02T16:51:40.270Z","age":12},"phone":"02-2986-4302","cell":"0441-370-302","id":{"name":"TFN","value":"743810571"},"picture":{"large":"https://randomuser.me/api/portraits/men/90.jpg","medium":"https://randomuser.me/api/portraits/med/men/90.jpg","thumbnail":"https://randomuser.me/api/portraits/thumb/men/90.jpg"},"nat":"AU"}],"info":{"seed":"b1d2947f2f357872","results":1,"page":1,"version":"1.4"}} 
 </msg>
<msg time="2024-06-27T04:20:03.591022" level="INFO">/opt/hostedtoolcache/Python/3.12.4/x64/lib/python3.12/site-packages/urllib3/connectionpool.py:1099: InsecureRequestWarning: Unverified HTTPS request is being made to host 'randomuser.me'. Adding certificate verification is strongly advised. See: https://urllib3.readthedocs.io/en/latest/advanced-usage.html#tls-warnings
  warnings.warn(</msg>
<msg time="2024-06-27T04:20:03.591174" level="INFO">${response} = &lt;Response [200]&gt;</msg>
<var>${response}</var>
<arg>consultarAPI</arg>
<arg>/api</arg>
<doc>Sends a GET request on a previously created HTTP Session.</doc>
<status status="PASS" start="2024-06-27T04:20:03.484835" elapsed="0.106388"/>
</kw>
<kw name="Set Variable" owner="BuiltIn">
<msg time="2024-06-27T04:20:03.592190" level="INFO">${json_data} = {'results': [{'gender': 'male', 'name': {'title': 'Mr', 'first': 'Leo', 'last': 'Berry'}, 'location': {'street': {'number': 3043, 'name': 'Green Rd'}, 'city': 'Busselton', 'state': 'Western Australia'...</msg>
<var>${json_data}</var>
<arg>${response.json()}</arg>
<doc>Returns the given values which can then be assigned to a variables.</doc>
<status status="PASS" start="2024-06-27T04:20:03.591698" elapsed="0.000522"/>
</kw>
<kw name="Set Variable" owner="BuiltIn">
<msg time="2024-06-27T04:20:03.592912" level="INFO">${name_title} = Mr</msg>
<var>${name_title}</var>
<arg>${json_data["results"][0]["name"]["title"]}</arg>
<doc>Returns the given values which can then be assigned to a variables.</doc>
<status status="PASS" start="2024-06-27T04:20:03.592521" elapsed="0.000416"/>
</kw>
<kw name="Create List" owner="BuiltIn">
<msg time="2024-06-27T04:20:03.593414" level="INFO">${allowed_titles} = ['Mr', 'Ms', 'Miss', 'Mrs', 'Madame', 'Monsieur']</msg>
<var>${allowed_titles}</var>
<arg>Mr</arg>
<arg>Ms</arg>
<arg>Miss</arg>
<arg>Mrs</arg>
<arg>Madame</arg>
<arg>Monsieur</arg>
<doc>Returns a list containing given items.</doc>
<status status="PASS" start="2024-06-27T04:20:03.593260" elapsed="0.000179"/>
</kw>
<kw name="List Should Contain Value" owner="Collections">
<arg>${allowed_titles}</arg>
<arg>${name_title}</arg>
<doc>Fails if the ``value`` is not found from ``list``.</doc>
<status status="PASS" start="2024-06-27T04:20:03.593734" elapsed="0.000175"/>
</kw>
<kw name="Set Variable" owner="BuiltIn">
<msg time="2024-06-27T04:20:03.594464" level="INFO">${name_country} = AU</msg>
<var>${name_country}</var>
<arg>${json_data["results"][0]["nat"]}</arg>
<doc>Returns the given values which can then be assigned to a variables.</doc>
<status status="PASS" start="2024-06-27T04:20:03.594099" elapsed="0.000390"/>
</kw>
<kw name="Create List" owner="BuiltIn">
<msg time="2024-06-27T04:20:03.595371" level="INFO">${list_country} = ['AD', 'AE', 'AF', 'AG', 'AI', 'AL', 'AM', 'AO', 'AQ', 'AR', 'AS', 'AT', 'AU', 'AW', 'AX', 'AZ', 'BA', 'BB', 'BD', 'BE', 'BF', 'BG', 'BH', 'BI', 'BJ', 'BL', 'BM', 'BN', 'BO', 'BQ', 'BR', 'BS', 'BT', '...</msg>
<var>${list_country}</var>
<arg>AD</arg>
<arg>AE</arg>
<arg>AF</arg>
<arg>AG</arg>
<arg>AI</arg>
<arg>AL</arg>
<arg>AM</arg>
<arg>AO</arg>
<arg>AQ</arg>
<arg>AR</arg>
<arg>AS</arg>
<arg>AT</arg>
<arg>AU</arg>
<arg>AW</arg>
<arg>AX</arg>
<arg>AZ</arg>
<arg>BA</arg>
<arg>BB</arg>
<arg>BD</arg>
<arg>BE</arg>
<arg>BF</arg>
<arg>BG</arg>
<arg>BH</arg>
<arg>BI</arg>
<arg>BJ</arg>
<arg>BL</arg>
<arg>BM</arg>
<arg>BN</arg>
<arg>BO</arg>
<arg>BQ</arg>
<arg>BR</arg>
<arg>BS</arg>
<arg>BT</arg>
<arg>BV</arg>
<arg>BW</arg>
<arg>BY</arg>
<arg>BZ</arg>
<arg>CA</arg>
<arg>CC</arg>
<arg>CD</arg>
<arg>CF</arg>
<arg>CG</arg>
<arg>CH</arg>
<arg>CI</arg>
<arg>CK</arg>
<arg>CL</arg>
<arg>CM</arg>
<arg>CN</arg>
<arg>CO</arg>
<arg>CR</arg>
<arg>CU</arg>
<arg>CV</arg>
<arg>CW</arg>
<arg>CX</arg>
<arg>CY</arg>
<arg>CZ</arg>
<arg>DE</arg>
<arg>DJ</arg>
<arg>DK</arg>
<arg>DM</arg>
<arg>DO</arg>
<arg>DZ</arg>
<arg>EC</arg>
<arg>EE</arg>
<arg>EG</arg>
<arg>EH</arg>
<arg>ER</arg>
<arg>ES</arg>
<arg>ET</arg>
<arg>FI</arg>
<arg>FJ</arg>
<arg>FK</arg>
<arg>FM</arg>
<arg>FO</arg>
<arg>FR</arg>
<arg>GA</arg>
<arg>GB</arg>
<arg>GD</arg>
<arg>GE</arg>
<arg>GF</arg>
<arg>GG</arg>
<arg>GH</arg>
<arg>GI</arg>
<arg>GL</arg>
<arg>GM</arg>
<arg>GN</arg>
<arg>GP</arg>
<arg>GQ</arg>
<arg>GR</arg>
<arg>GS</arg>
<arg>GT</arg>
<arg>GU</arg>
<arg>GW</arg>
<arg>GY</arg>
<arg>HK</arg>
<arg>HM</arg>
<arg>HN</arg>
<arg>HR</arg>
<arg>HT</arg>
<arg>HU</arg>
<arg>ID</arg>
<arg>IE</arg>
<arg>IL</arg>
<arg>IM</arg>
<arg>IN</arg>
<arg>IO</arg>
<arg>IQ</arg>
<arg>IR</arg>
<arg>IS</arg>
<arg>IT</arg>
<arg>JE</arg>
<arg>JM</arg>
<arg>JO</arg>
<arg>JP</arg>
<arg>KE</arg>
<arg>KG</arg>
<arg>KH</arg>
<arg>KI</arg>
<arg>KM</arg>
<arg>KN</arg>
<arg>KP</arg>
<arg>KR</arg>
<arg>KW</arg>
<arg>KY</arg>
<arg>KZ</arg>
<arg>LA</arg>
<arg>LB</arg>
<arg>LC</arg>
<arg>LI</arg>
<arg>LK</arg>
<arg>LR</arg>
<arg>LS</arg>
<arg>LT</arg>
<arg>LU</arg>
<arg>LV</arg>
<arg>LY</arg>
<arg>MA</arg>
<arg>MC</arg>
<arg>MD</arg>
<arg>ME</arg>
<arg>MF</arg>
<arg>MG</arg>
<arg>MH</arg>
<arg>MK</arg>
<arg>ML</arg>
<arg>MM</arg>
<arg>MN</arg>
<arg>MO</arg>
<arg>MP</arg>
<arg>MQ</arg>
<arg>MR</arg>
<arg>MS</arg>
<arg>MT</arg>
<arg>MU</arg>
<arg>MV</arg>
<arg>MW</arg>
<arg>MX</arg>
<arg>MY</arg>
<arg>MZ</arg>
<arg>NA</arg>
<arg>NC</arg>
<arg>NE</arg>
<arg>NF</arg>
<arg>NG</arg>
<arg>NI</arg>
<arg>NL</arg>
<arg>NO</arg>
<arg>NP</arg>
<arg>NR</arg>
<arg>NU</arg>
<arg>NZ</arg>
<arg>OM</arg>
<arg>PA</arg>
<arg>PE</arg>
<arg>PF</arg>
<arg>PG</arg>
<arg>PH</arg>
<arg>PK</arg>
<arg>PL</arg>
<arg>PM</arg>
<arg>PN</arg>
<arg>PR</arg>
<arg>PS</arg>
<arg>PT</arg>
<arg>PW</arg>
<arg>PY</arg>
<arg>QA</arg>
<arg>RE</arg>
<arg>RO</arg>
<arg>RS</arg>
<arg>RU</arg>
<arg>RW</arg>
<arg>SA</arg>
<arg>SB</arg>
<arg>SC</arg>
<arg>SD</arg>
<arg>SE</arg>
<arg>SG</arg>
<arg>SH</arg>
<arg>SI</arg>
<arg>SJ</arg>
<arg>SK</arg>
<arg>SL</arg>
<arg>SM</arg>
<arg>SN</arg>
<arg>SO</arg>
<arg>SR</arg>
<arg>SS</arg>
<arg>ST</arg>
<arg>SV</arg>
<arg>SX</arg>
<arg>SY</arg>
<arg>SZ</arg>
<arg>TC</arg>
<arg>TD</arg>
<arg>TF</arg>
<arg>TG</arg>
<arg>TH</arg>
<arg>TJ</arg>
<arg>TK</arg>
<arg>TL</arg>
<arg>TM</arg>
<arg>TN</arg>
<arg>TO</arg>
<arg>TR</arg>
<arg>TT</arg>
<arg>TV</arg>
<arg>TW</arg>
<arg>TZ</arg>
<arg>UA</arg>
<arg>UG</arg>
<arg>UM</arg>
<arg>US</arg>
<arg>UY</arg>
<arg>UZ</arg>
<arg>VA</arg>
<arg>VC</arg>
<arg>VE</arg>
<arg>VG</arg>
<arg>VI</arg>
<arg>VN</arg>
<arg>VU</arg>
<arg>WF</arg>
<arg>WS</arg>
<arg>XK</arg>
<arg>YE</arg>
<arg>YT</arg>
<arg>ZA</arg>
<arg>ZM</arg>
<arg>ZW</arg>
<doc>Returns a list containing given items.</doc>
<status status="PASS" start="2024-06-27T04:20:03.594774" elapsed="0.000622"/>
</kw>
<kw name="List Should Contain Value" owner="Collections">
<arg>${list_country}</arg>
<arg>${name_country}</arg>
<doc>Fails if the ``value`` is not found from ``list``.</doc>
<status status="PASS" start="2024-06-27T04:20:03.596186" elapsed="0.000198"/>
</kw>
<kw name="Run Keyword If" owner="BuiltIn">
<kw name="Should Be True" owner="BuiltIn">
<arg>${True}</arg>
<doc>Fails if the given condition is not true.</doc>
<status status="PASS" start="2024-06-27T04:20:03.597355" elapsed="0.000140"/>
</kw>
<arg>${json_data["results"][0]["location"]["coordinates"]["latitude"]} &gt;= -90 and ${json_data["results"][0]["location"]["coordinates"]["latitude"]} &lt;= 90</arg>
<arg>Should Be True</arg>
<arg>${True}</arg>
<doc>Runs the given keyword with the given arguments, if ``condition`` is true.</doc>
<status status="PASS" start="2024-06-27T04:20:03.596576" elapsed="0.001043"/>
</kw>
<kw name="Run Keyword If" owner="BuiltIn">
<kw name="Should Be True" owner="BuiltIn">
<arg>${True}</arg>
<doc>Fails if the given condition is not true.</doc>
<status status="PASS" start="2024-06-27T04:20:03.598483" elapsed="0.000235"/>
</kw>
<arg>${json_data["results"][0]["location"]["coordinates"]["longitude"]} &gt;= -180 and ${json_data["results"][0]["location"]["coordinates"]["longitude"]} &lt;= 180</arg>
<arg>Should Be True</arg>
<arg>${True}</arg>
<doc>Runs the given keyword with the given arguments, if ``condition`` is true.</doc>
<status status="PASS" start="2024-06-27T04:20:03.597799" elapsed="0.001047"/>
</kw>
<status status="PASS" start="2024-06-27T04:20:03.484475" elapsed="0.114503"/>
</kw>
<doc>Testa o conteúdo específico dos campos retornados pela API.</doc>
<tag>testeConteudo</tag>
<status status="PASS" start="2024-06-27T04:20:03.483839" elapsed="0.115288"/>
</test>
<status status="PASS" start="2024-06-27T04:20:02.503753" elapsed="1.097278"/>
</suite>
<status status="PASS" start="2024-06-27T04:20:02.489416" elapsed="1.116652"/>
</suite>
<statistics>
<total>
<stat pass="5" fail="0" skip="0">All Tests</stat>
</total>
<tag>
<stat pass="1" fail="0" skip="0">testeConteudo</stat>
<stat pass="1" fail="0" skip="0">testeEstruturaResposta</stat>
<stat pass="1" fail="0" skip="0">testeRequisicaoBasica</stat>
<stat pass="1" fail="0" skip="0">testeTiposDados</stat>
</tag>
<suite>
<stat pass="5" fail="0" skip="0" id="s1" name="Tests">Tests</stat>
<stat pass="5" fail="0" skip="0" id="s1-s1" name="Random-User-Test">Tests.Random-User-Test</stat>
</suite>
</statistics>
<errors>
</errors>
</robot>
