<?xml version="1.0" encoding="UTF-8"?>
<robot generator="Robot 7.0 (Python 3.12.2 on linux)" generated="2024-04-09T05:13:22.292297" rpa="false" schemaversion="5">
<suite id="s1" name="Tests" source="/home/runner/work/DesafioQAItauRogerioJordao/DesafioQAItauRogerioJordao/RamdonUser/tests">
<suite id="s1-s1" name="Random-User-Test" source="/home/runner/work/DesafioQAItauRogerioJordao/DesafioQAItauRogerioJordao/RamdonUser/tests/random-user-test.robot">
<test id="s1-s1-t1" name="Conectar" line="13">
<kw name="Conectar API" owner="random-user-service">
<kw name="Create Session" owner="RequestsLibrary">
<msg time="2024-04-09T05:13:22.684669" level="INFO">Creating Session using : alias=consultarAPI, url=https://randomuser.me/, headers={},                     cookies={}, auth=None, timeout=None, proxies=None, verify=False,                     debug=0 </msg>
<arg>consultarAPI</arg>
<arg>${URL}</arg>
<doc>Create Session: create a HTTP session to a server</doc>
<status status="PASS" start="2024-04-09T05:13:22.684443" elapsed="0.000419"/>
</kw>
<status status="PASS" start="2024-04-09T05:13:22.683382" elapsed="0.001849"/>
</kw>
<status status="PASS" start="2024-04-09T05:13:22.682821" elapsed="0.002617"/>
</test>
<test id="s1-s1-t2" name="Validar retorno 200 e JSON Válido" line="16">
<kw name="Teste de Requisicao Basica" owner="random-user-service">
<kw name="GET On Session" owner="RequestsLibrary">
<msg time="2024-04-09T05:13:22.754460" level="INFO">GET Request : url=https://randomuser.me/api 
 path_url=/api 
 headers={'User-Agent': 'python-requests/2.31.0', 'Accept-Encoding': 'gzip, deflate', 'Accept': '*/*', 'Connection': 'keep-alive'} 
 body=None 
 </msg>
<msg time="2024-04-09T05:13:22.754614" level="INFO">GET Response : url=https://randomuser.me/api 
 status=200, reason=OK 
 headers={'Date': 'Tue, 09 Apr 2024 05:13:22 GMT', 'Content-Type': 'application/json; charset=utf-8', 'Transfer-Encoding': 'chunked', 'Connection': 'keep-alive', 'X-Powered-By': 'Express', 'Access-Control-Allow-Origin': '*', 'Cache-Control': 'no-cache', 'ETag': 'W/"495-KBnj4zi+87qs/tg7y8lm1kAkfJE"', 'Vary': 'Accept-Encoding', 'Content-Encoding': 'gzip', 'CF-Cache-Status': 'DYNAMIC', 'Report-To': '{"endpoints":[{"url":"https:\\/\\/a.nel.cloudflare.com\\/report\\/v4?s=SR8RPw0xuzv5K%2B%2BIBlg1I2LUyN0rikLH5nRFyJArBYZTp50axQwdbrmx347tHYaUh8d3%2FOu0w4aZqfLOSqFOHQRi1YXmlDxDMz1lbqeobwL3aHQVj7vX6h5nLpYolnun"}],"group":"cf-nel","max_age":604800}', 'NEL': '{"success_fraction":0,"report_to":"cf-nel","max_age":604800}', 'Server': 'cloudflare', 'CF-RAY': '871801ecfcfb2ac6-ORD', 'alt-svc': 'h3=":443"; ma=86400'} 
 body={"results":[{"gender":"female","name":{"title":"Miss","first":"Anja","last":"Kalinić"},"location":{"street":{"number":7200,"name":"Plemetinska"},"city":"Šid","state":"North Bačka","country":"Serbia","postcode":31825,"coordinates":{"latitude":"61.0921","longitude":"139.5710"},"timezone":{"offset":"-6:00","description":"Central Time (US &amp; Canada), Mexico City"}},"email":"anja.kalinic@example.com","login":{"uuid":"1423bab6-31b6-4a54-82a4-e65592cd0762","username":"crazywolf482","password":"patrick1","salt":"fRyOvpXk","md5":"d752aefc3844cfa5d52568258761cd55","sha1":"09ed371fd63b09a33afe41b5ac9c3988943ba87d","sha256":"bd141474dc3e35ec75e2ea431dbd64f34b8f51df108f077be2f28793da9bdde4"},"dob":{"date":"1964-10-09T01:42:08.723Z","age":59},"registered":{"date":"2008-09-15T09:24:19.988Z","age":15},"phone":"017-8043-119","cell":"062-5446-812","id":{"name":"SID","value":"090171290"},"picture":{"large":"https://randomuser.me/api/portraits/women/55.jpg","medium":"https://randomuser.me/api/portraits/med/women/55.jpg","thumbnail":"https://randomuser.me/api/portraits/thumb/women/55.jpg"},"nat":"RS"}],"info":{"seed":"e4b99a18977ea0f1","results":1,"page":1,"version":"1.4"}} 
 </msg>
<msg time="2024-04-09T05:13:22.754707" level="INFO">/opt/hostedtoolcache/Python/3.12.2/x64/lib/python3.12/site-packages/urllib3/connectionpool.py:1103: InsecureRequestWarning: Unverified HTTPS request is being made to host 'randomuser.me'. Adding certificate verification is strongly advised. See: https://urllib3.readthedocs.io/en/latest/advanced-usage.html#tls-warnings
  warnings.warn(</msg>
<msg time="2024-04-09T05:13:22.754868" level="INFO">${response} = &lt;Response [200]&gt;</msg>
<var>${response}</var>
<arg>consultarAPI</arg>
<arg>/api</arg>
<doc>Sends a GET request on a previously created HTTP Session.</doc>
<status status="PASS" start="2024-04-09T05:13:22.688233" elapsed="0.066677"/>
</kw>
<kw name="Should Be Equal As Numbers" owner="BuiltIn">
<msg time="2024-04-09T05:13:22.755906" level="INFO">Argument types are:
&lt;class 'int'&gt;
&lt;class 'str'&gt;</msg>
<arg>${response.status_code}</arg>
<arg>200</arg>
<doc>Fails if objects are unequal after converting them to real numbers.</doc>
<status status="PASS" start="2024-04-09T05:13:22.755439" elapsed="0.000535"/>
</kw>
<kw name="Log" owner="BuiltIn">
<msg time="2024-04-09T05:13:22.756681" level="INFO">200</msg>
<arg>${response.status_code}</arg>
<doc>Logs the given message with the given level.</doc>
<status status="PASS" start="2024-04-09T05:13:22.756303" elapsed="0.000422"/>
</kw>
<kw name="Set Variable" owner="BuiltIn">
<msg time="2024-04-09T05:13:22.757520" level="INFO">${json_data} = {'results': [{'gender': 'female', 'name': {'title': 'Miss', 'first': 'Anja', 'last': 'Kalinić'}, 'location': {'street': {'number': 7200, 'name': 'Plemetinska'}, 'city': 'Šid', 'state': 'North Bačka', ...</msg>
<var>${json_data}</var>
<arg>${response.json()}</arg>
<doc>Returns the given values which can then be assigned to a variables.</doc>
<status status="PASS" start="2024-04-09T05:13:22.757065" elapsed="0.000487"/>
</kw>
<kw name="Dictionary Should Contain Key" owner="Collections">
<msg time="2024-04-09T05:13:22.758030" level="INFO">False</msg>
<arg>${json_data}</arg>
<arg>results</arg>
<doc>Fails if ``key`` is not found from ``dictionary``.</doc>
<status status="PASS" start="2024-04-09T05:13:22.757857" elapsed="0.000215"/>
</kw>
<status status="PASS" start="2024-04-09T05:13:22.687983" elapsed="0.070354"/>
</kw>
<doc>Testa se a API responde corretamente e retorna um objeto JSON válido.</doc>
<tag>testeRequisicaoBasica</tag>
<status status="PASS" start="2024-04-09T05:13:22.687425" elapsed="0.071104"/>
</test>
<test id="s1-s1-t3" name="Validar estrutura de resposta" line="22">
<kw name="Teste de Estrutura de Resposta" owner="random-user-service">
<kw name="GET On Session" owner="RequestsLibrary">
<msg time="2024-04-09T05:13:22.859490" level="INFO">GET Request : url=https://randomuser.me/api 
 path_url=/api 
 headers={'User-Agent': 'python-requests/2.31.0', 'Accept-Encoding': 'gzip, deflate', 'Accept': '*/*', 'Connection': 'keep-alive'} 
 body=None 
 </msg>
<msg time="2024-04-09T05:13:22.859609" level="INFO">GET Response : url=https://randomuser.me/api 
 status=200, reason=OK 
 headers={'Date': 'Tue, 09 Apr 2024 05:13:22 GMT', 'Content-Type': 'application/json; charset=utf-8', 'Transfer-Encoding': 'chunked', 'Connection': 'keep-alive', 'X-Powered-By': 'Express', 'Access-Control-Allow-Origin': '*', 'Cache-Control': 'no-cache', 'ETag': 'W/"4a1-ut8/AumwL7RRFkIC/ay/Os0iptY"', 'Vary': 'Accept-Encoding', 'Content-Encoding': 'gzip', 'CF-Cache-Status': 'DYNAMIC', 'Report-To': '{"endpoints":[{"url":"https:\\/\\/a.nel.cloudflare.com\\/report\\/v4?s=C1UcEeS0jIKe72CHipo%2F6O5Ss2qos226DDevb%2F4CwBEX7msAiALlAH%2BMVUC4ldVQTqBKhttIoUVDSZcD1zfKbdMXAkfRi882YRscMdUugs8JJSj6MACZe%2FdOKfimuyIo"}],"group":"cf-nel","max_age":604800}', 'NEL': '{"success_fraction":0,"report_to":"cf-nel","max_age":604800}', 'Server': 'cloudflare', 'CF-RAY': '871801ed4d2d2ac6-ORD', 'alt-svc': 'h3=":443"; ma=86400'} 
 body={"results":[{"gender":"male","name":{"title":"Mr","first":"Sasha","last":"Moulin"},"location":{"street":{"number":1067,"name":"Montée du Chemin-Neuf"},"city":"Colombes","state":"Haute-Corse","country":"France","postcode":80077,"coordinates":{"latitude":"-14.5546","longitude":"-33.5513"},"timezone":{"offset":"+1:00","description":"Brussels, Copenhagen, Madrid, Paris"}},"email":"sasha.moulin@example.com","login":{"uuid":"db71245c-ce90-4445-966a-ba751fd68d70","username":"happymouse748","password":"gundam","salt":"U6JbrquL","md5":"a2ee1c9ccb260d5afbf999cd1b9bcee6","sha1":"c25955d40ddc9394c278aa4029354b0adb730b75","sha256":"702cfa29ae0094c2675a65e84d55b3e45186c055723b1a5caf70cb57040d11b8"},"dob":{"date":"1980-08-07T04:25:12.517Z","age":43},"registered":{"date":"2011-09-26T18:06:17.772Z","age":12},"phone":"01-98-45-84-01","cell":"06-74-33-80-92","id":{"name":"INSEE","value":"1800734669457 14"},"picture":{"large":"https://randomuser.me/api/portraits/men/37.jpg","medium":"https://randomuser.me/api/portraits/med/men/37.jpg","thumbnail":"https://randomuser.me/api/portraits/thumb/men/37.jpg"},"nat":"FR"}],"info":{"seed":"8cc6953f4ffc873f","results":1,"page":1,"version":"1.4"}} 
 </msg>
<msg time="2024-04-09T05:13:22.859767" level="INFO">/opt/hostedtoolcache/Python/3.12.2/x64/lib/python3.12/site-packages/urllib3/connectionpool.py:1103: InsecureRequestWarning: Unverified HTTPS request is being made to host 'randomuser.me'. Adding certificate verification is strongly advised. See: https://urllib3.readthedocs.io/en/latest/advanced-usage.html#tls-warnings
  warnings.warn(</msg>
<msg time="2024-04-09T05:13:22.859915" level="INFO">${response} = &lt;Response [200]&gt;</msg>
<var>${response}</var>
<arg>consultarAPI</arg>
<arg>/api</arg>
<doc>Sends a GET request on a previously created HTTP Session.</doc>
<status status="PASS" start="2024-04-09T05:13:22.761712" elapsed="0.098248"/>
</kw>
<kw name="Set Variable" owner="BuiltIn">
<msg time="2024-04-09T05:13:22.861115" level="INFO">${json_data} = {'results': [{'gender': 'male', 'name': {'title': 'Mr', 'first': 'Sasha', 'last': 'Moulin'}, 'location': {'street': {'number': 1067, 'name': 'Montée du Chemin-Neuf'}, 'city': 'Colombes', 'state': 'Hau...</msg>
<var>${json_data}</var>
<arg>${response.json()}</arg>
<doc>Returns the given values which can then be assigned to a variables.</doc>
<status status="PASS" start="2024-04-09T05:13:22.860541" elapsed="0.000605"/>
</kw>
<kw name="Log" owner="BuiltIn">
<msg time="2024-04-09T05:13:22.861636" level="INFO">{'results': [{'gender': 'male', 'name': {'title': 'Mr', 'first': 'Sasha', 'last': 'Moulin'}, 'location': {'street': {'number': 1067, 'name': 'Montée du Chemin-Neuf'}, 'city': 'Colombes', 'state': 'Haute-Corse', 'country': 'France', 'postcode': 80077, 'coordinates': {'latitude': '-14.5546', 'longitude': '-33.5513'}, 'timezone': {'offset': '+1:00', 'description': 'Brussels, Copenhagen, Madrid, Paris'}}, 'email': 'sasha.moulin@example.com', 'login': {'uuid': 'db71245c-ce90-4445-966a-ba751fd68d70', 'username': 'happymouse748', 'password': 'gundam', 'salt': 'U6JbrquL', 'md5': 'a2ee1c9ccb260d5afbf999cd1b9bcee6', 'sha1': 'c25955d40ddc9394c278aa4029354b0adb730b75', 'sha256': '702cfa29ae0094c2675a65e84d55b3e45186c055723b1a5caf70cb57040d11b8'}, 'dob': {'date': '1980-08-07T04:25:12.517Z', 'age': 43}, 'registered': {'date': '2011-09-26T18:06:17.772Z', 'age': 12}, 'phone': '01-98-45-84-01', 'cell': '06-74-33-80-92', 'id': {'name': 'INSEE', 'value': '1800734669457 14'}, 'picture': {'large': 'https://randomuser.me/api/portraits/men/37.jpg', 'medium': 'https://randomuser.me/api/portraits/med/men/37.jpg', 'thumbnail': 'https://randomuser.me/api/portraits/thumb/men/37.jpg'}, 'nat': 'FR'}], 'info': {'seed': '8cc6953f4ffc873f', 'results': 1, 'page': 1, 'version': '1.4'}}</msg>
<arg>${json_data}</arg>
<doc>Logs the given message with the given level.</doc>
<status status="PASS" start="2024-04-09T05:13:22.861468" elapsed="0.000220"/>
</kw>
<kw name="Dictionary Should Contain Key" owner="Collections">
<msg time="2024-04-09T05:13:22.862174" level="INFO">False</msg>
<arg>${json_data}</arg>
<arg>results</arg>
<doc>Fails if ``key`` is not found from ``dictionary``.</doc>
<status status="PASS" start="2024-04-09T05:13:22.862014" elapsed="0.000198"/>
</kw>
<kw name="Should Not Be Empty" owner="BuiltIn">
<msg time="2024-04-09T05:13:22.862644" level="INFO">Length is 2.</msg>
<arg>${json_data}</arg>
<doc>Verifies that the given item is not empty.</doc>
<status status="PASS" start="2024-04-09T05:13:22.862509" elapsed="0.000173"/>
</kw>
<kw name="Create List" owner="BuiltIn">
<msg time="2024-04-09T05:13:22.863123" level="INFO">${expected_keys} = ['gender', 'name', 'location', 'email', 'login']</msg>
<var>${expected_keys}</var>
<arg>gender</arg>
<arg>name</arg>
<arg>location</arg>
<arg>email</arg>
<arg>login</arg>
<doc>Returns a list containing given items.</doc>
<status status="PASS" start="2024-04-09T05:13:22.862972" elapsed="0.000176"/>
</kw>
<for flavor="IN">
<iter>
<kw name="Dictionary Should Contain Key" owner="Collections">
<msg time="2024-04-09T05:13:22.864149" level="INFO">False</msg>
<arg>${json_data['results'][0]}</arg>
<arg>${key}</arg>
<doc>Fails if ``key`` is not found from ``dictionary``.</doc>
<status status="PASS" start="2024-04-09T05:13:22.863743" elapsed="0.000446"/>
</kw>
<kw name="Log" owner="BuiltIn">
<msg time="2024-04-09T05:13:22.864901" level="INFO">{'gender': 'male', 'name': {'title': 'Mr', 'first': 'Sasha', 'last': 'Moulin'}, 'location': {'street': {'number': 1067, 'name': 'Montée du Chemin-Neuf'}, 'city': 'Colombes', 'state': 'Haute-Corse', 'country': 'France', 'postcode': 80077, 'coordinates': {'latitude': '-14.5546', 'longitude': '-33.5513'}, 'timezone': {'offset': '+1:00', 'description': 'Brussels, Copenhagen, Madrid, Paris'}}, 'email': 'sasha.moulin@example.com', 'login': {'uuid': 'db71245c-ce90-4445-966a-ba751fd68d70', 'username': 'happymouse748', 'password': 'gundam', 'salt': 'U6JbrquL', 'md5': 'a2ee1c9ccb260d5afbf999cd1b9bcee6', 'sha1': 'c25955d40ddc9394c278aa4029354b0adb730b75', 'sha256': '702cfa29ae0094c2675a65e84d55b3e45186c055723b1a5caf70cb57040d11b8'}, 'dob': {'date': '1980-08-07T04:25:12.517Z', 'age': 43}, 'registered': {'date': '2011-09-26T18:06:17.772Z', 'age': 12}, 'phone': '01-98-45-84-01', 'cell': '06-74-33-80-92', 'id': {'name': 'INSEE', 'value': '1800734669457 14'}, 'picture': {'large': 'https://randomuser.me/api/portraits/men/37.jpg', 'medium': 'https://randomuser.me/api/portraits/med/men/37.jpg', 'thumbnail': 'https://randomuser.me/api/portraits/thumb/men/37.jpg'}, 'nat': 'FR'}</msg>
<arg>${json_data['results'][0]}</arg>
<doc>Logs the given message with the given level.</doc>
<status status="PASS" start="2024-04-09T05:13:22.864503" elapsed="0.000454"/>
</kw>
<kw name="Log" owner="BuiltIn">
<msg time="2024-04-09T05:13:22.865409" level="INFO">gender</msg>
<arg>${key}</arg>
<doc>Logs the given message with the given level.</doc>
<status status="PASS" start="2024-04-09T05:13:22.865268" elapsed="0.000180"/>
</kw>
<var name="${key}">gender</var>
<status status="PASS" start="2024-04-09T05:13:22.863610" elapsed="0.002072"/>
</iter>
<iter>
<kw name="Dictionary Should Contain Key" owner="Collections">
<msg time="2024-04-09T05:13:22.866403" level="INFO">False</msg>
<arg>${json_data['results'][0]}</arg>
<arg>${key}</arg>
<doc>Fails if ``key`` is not found from ``dictionary``.</doc>
<status status="PASS" start="2024-04-09T05:13:22.866010" elapsed="0.000433"/>
</kw>
<kw name="Log" owner="BuiltIn">
<msg time="2024-04-09T05:13:22.867136" level="INFO">{'gender': 'male', 'name': {'title': 'Mr', 'first': 'Sasha', 'last': 'Moulin'}, 'location': {'street': {'number': 1067, 'name': 'Montée du Chemin-Neuf'}, 'city': 'Colombes', 'state': 'Haute-Corse', 'country': 'France', 'postcode': 80077, 'coordinates': {'latitude': '-14.5546', 'longitude': '-33.5513'}, 'timezone': {'offset': '+1:00', 'description': 'Brussels, Copenhagen, Madrid, Paris'}}, 'email': 'sasha.moulin@example.com', 'login': {'uuid': 'db71245c-ce90-4445-966a-ba751fd68d70', 'username': 'happymouse748', 'password': 'gundam', 'salt': 'U6JbrquL', 'md5': 'a2ee1c9ccb260d5afbf999cd1b9bcee6', 'sha1': 'c25955d40ddc9394c278aa4029354b0adb730b75', 'sha256': '702cfa29ae0094c2675a65e84d55b3e45186c055723b1a5caf70cb57040d11b8'}, 'dob': {'date': '1980-08-07T04:25:12.517Z', 'age': 43}, 'registered': {'date': '2011-09-26T18:06:17.772Z', 'age': 12}, 'phone': '01-98-45-84-01', 'cell': '06-74-33-80-92', 'id': {'name': 'INSEE', 'value': '1800734669457 14'}, 'picture': {'large': 'https://randomuser.me/api/portraits/men/37.jpg', 'medium': 'https://randomuser.me/api/portraits/med/men/37.jpg', 'thumbnail': 'https://randomuser.me/api/portraits/thumb/men/37.jpg'}, 'nat': 'FR'}</msg>
<arg>${json_data['results'][0]}</arg>
<doc>Logs the given message with the given level.</doc>
<status status="PASS" start="2024-04-09T05:13:22.866771" elapsed="0.000416"/>
</kw>
<kw name="Log" owner="BuiltIn">
<msg time="2024-04-09T05:13:22.867618" level="INFO">name</msg>
<arg>${key}</arg>
<doc>Logs the given message with the given level.</doc>
<status status="PASS" start="2024-04-09T05:13:22.867489" elapsed="0.000167"/>
</kw>
<var name="${key}">name</var>
<status status="PASS" start="2024-04-09T05:13:22.865881" elapsed="0.001993"/>
</iter>
<iter>
<kw name="Dictionary Should Contain Key" owner="Collections">
<msg time="2024-04-09T05:13:22.868545" level="INFO">False</msg>
<arg>${json_data['results'][0]}</arg>
<arg>${key}</arg>
<doc>Fails if ``key`` is not found from ``dictionary``.</doc>
<status status="PASS" start="2024-04-09T05:13:22.868167" elapsed="0.000438"/>
</kw>
<kw name="Log" owner="BuiltIn">
<msg time="2024-04-09T05:13:22.869285" level="INFO">{'gender': 'male', 'name': {'title': 'Mr', 'first': 'Sasha', 'last': 'Moulin'}, 'location': {'street': {'number': 1067, 'name': 'Montée du Chemin-Neuf'}, 'city': 'Colombes', 'state': 'Haute-Corse', 'country': 'France', 'postcode': 80077, 'coordinates': {'latitude': '-14.5546', 'longitude': '-33.5513'}, 'timezone': {'offset': '+1:00', 'description': 'Brussels, Copenhagen, Madrid, Paris'}}, 'email': 'sasha.moulin@example.com', 'login': {'uuid': 'db71245c-ce90-4445-966a-ba751fd68d70', 'username': 'happymouse748', 'password': 'gundam', 'salt': 'U6JbrquL', 'md5': 'a2ee1c9ccb260d5afbf999cd1b9bcee6', 'sha1': 'c25955d40ddc9394c278aa4029354b0adb730b75', 'sha256': '702cfa29ae0094c2675a65e84d55b3e45186c055723b1a5caf70cb57040d11b8'}, 'dob': {'date': '1980-08-07T04:25:12.517Z', 'age': 43}, 'registered': {'date': '2011-09-26T18:06:17.772Z', 'age': 12}, 'phone': '01-98-45-84-01', 'cell': '06-74-33-80-92', 'id': {'name': 'INSEE', 'value': '1800734669457 14'}, 'picture': {'large': 'https://randomuser.me/api/portraits/men/37.jpg', 'medium': 'https://randomuser.me/api/portraits/med/men/37.jpg', 'thumbnail': 'https://randomuser.me/api/portraits/thumb/men/37.jpg'}, 'nat': 'FR'}</msg>
<arg>${json_data['results'][0]}</arg>
<doc>Logs the given message with the given level.</doc>
<status status="PASS" start="2024-04-09T05:13:22.868917" elapsed="0.000423"/>
</kw>
<kw name="Log" owner="BuiltIn">
<msg time="2024-04-09T05:13:22.869772" level="INFO">location</msg>
<arg>${key}</arg>
<doc>Logs the given message with the given level.</doc>
<status status="PASS" start="2024-04-09T05:13:22.869645" elapsed="0.000166"/>
</kw>
<var name="${key}">location</var>
<status status="PASS" start="2024-04-09T05:13:22.868055" elapsed="0.001974"/>
</iter>
<iter>
<kw name="Dictionary Should Contain Key" owner="Collections">
<msg time="2024-04-09T05:13:22.870697" level="INFO">False</msg>
<arg>${json_data['results'][0]}</arg>
<arg>${key}</arg>
<doc>Fails if ``key`` is not found from ``dictionary``.</doc>
<status status="PASS" start="2024-04-09T05:13:22.870315" elapsed="0.000420"/>
</kw>
<kw name="Log" owner="BuiltIn">
<msg time="2024-04-09T05:13:22.871391" level="INFO">{'gender': 'male', 'name': {'title': 'Mr', 'first': 'Sasha', 'last': 'Moulin'}, 'location': {'street': {'number': 1067, 'name': 'Montée du Chemin-Neuf'}, 'city': 'Colombes', 'state': 'Haute-Corse', 'country': 'France', 'postcode': 80077, 'coordinates': {'latitude': '-14.5546', 'longitude': '-33.5513'}, 'timezone': {'offset': '+1:00', 'description': 'Brussels, Copenhagen, Madrid, Paris'}}, 'email': 'sasha.moulin@example.com', 'login': {'uuid': 'db71245c-ce90-4445-966a-ba751fd68d70', 'username': 'happymouse748', 'password': 'gundam', 'salt': 'U6JbrquL', 'md5': 'a2ee1c9ccb260d5afbf999cd1b9bcee6', 'sha1': 'c25955d40ddc9394c278aa4029354b0adb730b75', 'sha256': '702cfa29ae0094c2675a65e84d55b3e45186c055723b1a5caf70cb57040d11b8'}, 'dob': {'date': '1980-08-07T04:25:12.517Z', 'age': 43}, 'registered': {'date': '2011-09-26T18:06:17.772Z', 'age': 12}, 'phone': '01-98-45-84-01', 'cell': '06-74-33-80-92', 'id': {'name': 'INSEE', 'value': '1800734669457 14'}, 'picture': {'large': 'https://randomuser.me/api/portraits/men/37.jpg', 'medium': 'https://randomuser.me/api/portraits/med/men/37.jpg', 'thumbnail': 'https://randomuser.me/api/portraits/thumb/men/37.jpg'}, 'nat': 'FR'}</msg>
<arg>${json_data['results'][0]}</arg>
<doc>Logs the given message with the given level.</doc>
<status status="PASS" start="2024-04-09T05:13:22.871033" elapsed="0.000409"/>
</kw>
<kw name="Log" owner="BuiltIn">
<msg time="2024-04-09T05:13:22.871867" level="INFO">email</msg>
<arg>${key}</arg>
<doc>Logs the given message with the given level.</doc>
<status status="PASS" start="2024-04-09T05:13:22.871740" elapsed="0.000165"/>
</kw>
<var name="${key}">email</var>
<status status="PASS" start="2024-04-09T05:13:22.870205" elapsed="0.001915"/>
</iter>
<iter>
<kw name="Dictionary Should Contain Key" owner="Collections">
<msg time="2024-04-09T05:13:22.872815" level="INFO">False</msg>
<arg>${json_data['results'][0]}</arg>
<arg>${key}</arg>
<doc>Fails if ``key`` is not found from ``dictionary``.</doc>
<status status="PASS" start="2024-04-09T05:13:22.872402" elapsed="0.000452"/>
</kw>
<kw name="Log" owner="BuiltIn">
<msg time="2024-04-09T05:13:22.873518" level="INFO">{'gender': 'male', 'name': {'title': 'Mr', 'first': 'Sasha', 'last': 'Moulin'}, 'location': {'street': {'number': 1067, 'name': 'Montée du Chemin-Neuf'}, 'city': 'Colombes', 'state': 'Haute-Corse', 'country': 'France', 'postcode': 80077, 'coordinates': {'latitude': '-14.5546', 'longitude': '-33.5513'}, 'timezone': {'offset': '+1:00', 'description': 'Brussels, Copenhagen, Madrid, Paris'}}, 'email': 'sasha.moulin@example.com', 'login': {'uuid': 'db71245c-ce90-4445-966a-ba751fd68d70', 'username': 'happymouse748', 'password': 'gundam', 'salt': 'U6JbrquL', 'md5': 'a2ee1c9ccb260d5afbf999cd1b9bcee6', 'sha1': 'c25955d40ddc9394c278aa4029354b0adb730b75', 'sha256': '702cfa29ae0094c2675a65e84d55b3e45186c055723b1a5caf70cb57040d11b8'}, 'dob': {'date': '1980-08-07T04:25:12.517Z', 'age': 43}, 'registered': {'date': '2011-09-26T18:06:17.772Z', 'age': 12}, 'phone': '01-98-45-84-01', 'cell': '06-74-33-80-92', 'id': {'name': 'INSEE', 'value': '1800734669457 14'}, 'picture': {'large': 'https://randomuser.me/api/portraits/men/37.jpg', 'medium': 'https://randomuser.me/api/portraits/med/men/37.jpg', 'thumbnail': 'https://randomuser.me/api/portraits/thumb/men/37.jpg'}, 'nat': 'FR'}</msg>
<arg>${json_data['results'][0]}</arg>
<doc>Logs the given message with the given level.</doc>
<status status="PASS" start="2024-04-09T05:13:22.873160" elapsed="0.000408"/>
</kw>
<kw name="Log" owner="BuiltIn">
<msg time="2024-04-09T05:13:22.873990" level="INFO">login</msg>
<arg>${key}</arg>
<doc>Logs the given message with the given level.</doc>
<status status="PASS" start="2024-04-09T05:13:22.873863" elapsed="0.000199"/>
</kw>
<var name="${key}">login</var>
<status status="PASS" start="2024-04-09T05:13:22.872294" elapsed="0.001994"/>
</iter>
<var>${key}</var>
<value>@{expected_keys}</value>
<status status="PASS" start="2024-04-09T05:13:22.863414" elapsed="0.010997"/>
</for>
<kw name="Create List" owner="BuiltIn">
<msg time="2024-04-09T05:13:22.874749" level="INFO">${expected_keysTwo} = ['username', 'password']</msg>
<var>${expected_keysTwo}</var>
<arg>username</arg>
<arg>password</arg>
<doc>Returns a list containing given items.</doc>
<status status="PASS" start="2024-04-09T05:13:22.874612" elapsed="0.000161"/>
</kw>
<for flavor="IN">
<iter>
<kw name="Dictionary Should Contain Key" owner="Collections">
<msg time="2024-04-09T05:13:22.875784" level="INFO">False</msg>
<arg>${json_data['results'][0]['login']}</arg>
<arg>${keyTwo}</arg>
<doc>Fails if ``key`` is not found from ``dictionary``.</doc>
<status status="PASS" start="2024-04-09T05:13:22.875392" elapsed="0.000430"/>
</kw>
<kw name="Dictionary Should Contain Key" owner="Collections">
<msg time="2024-04-09T05:13:22.876532" level="INFO">False</msg>
<arg>${json_data['results'][0]['login']}</arg>
<arg>${keyTwo}</arg>
<doc>Fails if ``key`` is not found from ``dictionary``.</doc>
<status status="PASS" start="2024-04-09T05:13:22.876152" elapsed="0.000438"/>
</kw>
<kw name="Log" owner="BuiltIn">
<msg time="2024-04-09T05:13:22.877030" level="INFO">username</msg>
<arg>${keyTwo}</arg>
<doc>Logs the given message with the given level.</doc>
<status status="PASS" start="2024-04-09T05:13:22.876901" elapsed="0.000167"/>
</kw>
<var name="${keyTwo}">username</var>
<status status="PASS" start="2024-04-09T05:13:22.875280" elapsed="0.002004"/>
</iter>
<iter>
<kw name="Dictionary Should Contain Key" owner="Collections">
<msg time="2024-04-09T05:13:22.877942" level="INFO">False</msg>
<arg>${json_data['results'][0]['login']}</arg>
<arg>${keyTwo}</arg>
<doc>Fails if ``key`` is not found from ``dictionary``.</doc>
<status status="PASS" start="2024-04-09T05:13:22.877567" elapsed="0.000413"/>
</kw>
<kw name="Dictionary Should Contain Key" owner="Collections">
<msg time="2024-04-09T05:13:22.878644" level="INFO">False</msg>
<arg>${json_data['results'][0]['login']}</arg>
<arg>${keyTwo}</arg>
<doc>Fails if ``key`` is not found from ``dictionary``.</doc>
<status status="PASS" start="2024-04-09T05:13:22.878271" elapsed="0.000410"/>
</kw>
<kw name="Log" owner="BuiltIn">
<msg time="2024-04-09T05:13:22.879095" level="INFO">password</msg>
<arg>${keyTwo}</arg>
<doc>Logs the given message with the given level.</doc>
<status status="PASS" start="2024-04-09T05:13:22.878971" elapsed="0.000161"/>
</kw>
<var name="${keyTwo}">password</var>
<status status="PASS" start="2024-04-09T05:13:22.877458" elapsed="0.001887"/>
</iter>
<var>${keyTwo}</var>
<value>@{expected_keysTwo}</value>
<status status="PASS" start="2024-04-09T05:13:22.875012" elapsed="0.004454"/>
</for>
<status status="PASS" start="2024-04-09T05:13:22.761377" elapsed="0.118231"/>
</kw>
<doc>Testa a estrutura da resposta da API.</doc>
<tag>testeEstruturaResposta</tag>
<status status="PASS" start="2024-04-09T05:13:22.760378" elapsed="0.119400"/>
</test>
<test id="s1-s1-t4" name="Validar tipos de dados" line="28">
<kw name="Teste de Tipos de Dados" owner="random-user-service">
<kw name="GET On Session" owner="RequestsLibrary">
<msg time="2024-04-09T05:13:22.957860" level="INFO">GET Request : url=https://randomuser.me/api 
 path_url=/api 
 headers={'User-Agent': 'python-requests/2.31.0', 'Accept-Encoding': 'gzip, deflate', 'Accept': '*/*', 'Connection': 'keep-alive'} 
 body=None 
 </msg>
<msg time="2024-04-09T05:13:22.957961" level="INFO">GET Response : url=https://randomuser.me/api 
 status=200, reason=OK 
 headers={'Date': 'Tue, 09 Apr 2024 05:13:22 GMT', 'Content-Type': 'application/json; charset=utf-8', 'Transfer-Encoding': 'chunked', 'Connection': 'keep-alive', 'X-Powered-By': 'Express', 'Access-Control-Allow-Origin': '*', 'Cache-Control': 'no-cache', 'ETag': 'W/"4b5-SgC6U3NSwYjy36g2qBjXzdjSE+M"', 'Vary': 'Accept-Encoding', 'Content-Encoding': 'gzip', 'CF-Cache-Status': 'DYNAMIC', 'Report-To': '{"endpoints":[{"url":"https:\\/\\/a.nel.cloudflare.com\\/report\\/v4?s=H%2FAllusUIEKreLgzSWiunzBeG%2F82Nb%2BWxTlDobMCNtTmkP1yp3keTi3mPD2lkzxzVIqohzaLSQMoPCDExjKAd9ReNpNkBLXAiM3Z4i6R0yhWyOqqGAoWZRRwXSALFl5j"}],"group":"cf-nel","max_age":604800}', 'NEL': '{"success_fraction":0,"report_to":"cf-nel","max_age":604800}', 'Server': 'cloudflare', 'CF-RAY': '871801ee0dc42ac6-ORD', 'alt-svc': 'h3=":443"; ma=86400'} 
 body={"results":[{"gender":"female","name":{"title":"Ms","first":"Fernanda","last":"Dias"},"location":{"street":{"number":3081,"name":"Rua João Xxiii"},"city":"Jaraguá do Sul","state":"Mato Grosso do Sul","country":"Brazil","postcode":60055,"coordinates":{"latitude":"-78.2405","longitude":"90.6847"},"timezone":{"offset":"0:00","description":"Western Europe Time, London, Lisbon, Casablanca"}},"email":"fernanda.dias@example.com","login":{"uuid":"55f74677-8ad0-42d6-b38b-a7fa2f6e8d88","username":"sadmouse499","password":"lights","salt":"P1al1AUm","md5":"cef13b32f53f3905a93d7bd19e88b5f2","sha1":"b664f64e328411d527a5aad40d685d3ca32fa172","sha256":"92eaa7b0e056100e1e38a50cfa44958e3c05153511c2c1fdea6551452c15b480"},"dob":{"date":"1998-01-20T08:09:34.400Z","age":26},"registered":{"date":"2015-01-08T05:03:42.317Z","age":9},"phone":"(93) 8585-5036","cell":"(33) 1108-3118","id":{"name":"CPF","value":"475.913.729-11"},"picture":{"large":"https://randomuser.me/api/portraits/women/15.jpg","medium":"https://randomuser.me/api/portraits/med/women/15.jpg","thumbnail":"https://randomuser.me/api/portraits/thumb/women/15.jpg"},"nat":"BR"}],"info":{"seed":"58a7749b3d7d4fbf","results":1,"page":1,"version":"1.4"}} 
 </msg>
<msg time="2024-04-09T05:13:22.958034" level="INFO">/opt/hostedtoolcache/Python/3.12.2/x64/lib/python3.12/site-packages/urllib3/connectionpool.py:1103: InsecureRequestWarning: Unverified HTTPS request is being made to host 'randomuser.me'. Adding certificate verification is strongly advised. See: https://urllib3.readthedocs.io/en/latest/advanced-usage.html#tls-warnings
  warnings.warn(</msg>
<msg time="2024-04-09T05:13:22.958164" level="INFO">${response} = &lt;Response [200]&gt;</msg>
<var>${response}</var>
<arg>consultarAPI</arg>
<arg>/api</arg>
<doc>Sends a GET request on a previously created HTTP Session.</doc>
<status status="PASS" start="2024-04-09T05:13:22.882695" elapsed="0.075512"/>
</kw>
<kw name="Set Variable" owner="BuiltIn">
<msg time="2024-04-09T05:13:22.959408" level="INFO">${json_data} = {'results': [{'gender': 'female', 'name': {'title': 'Ms', 'first': 'Fernanda', 'last': 'Dias'}, 'location': {'street': {'number': 3081, 'name': 'Rua João Xxiii'}, 'city': 'Jaraguá do Sul', 'state': 'M...</msg>
<var>${json_data}</var>
<arg>${response.json()}</arg>
<doc>Returns the given values which can then be assigned to a variables.</doc>
<status status="PASS" start="2024-04-09T05:13:22.958848" elapsed="0.000590"/>
</kw>
<kw name="Log" owner="BuiltIn">
<msg time="2024-04-09T05:13:22.959915" level="INFO">{'results': [{'gender': 'female', 'name': {'title': 'Ms', 'first': 'Fernanda', 'last': 'Dias'}, 'location': {'street': {'number': 3081, 'name': 'Rua João Xxiii'}, 'city': 'Jaraguá do Sul', 'state': 'Mato Grosso do Sul', 'country': 'Brazil', 'postcode': 60055, 'coordinates': {'latitude': '-78.2405', 'longitude': '90.6847'}, 'timezone': {'offset': '0:00', 'description': 'Western Europe Time, London, Lisbon, Casablanca'}}, 'email': 'fernanda.dias@example.com', 'login': {'uuid': '55f74677-8ad0-42d6-b38b-a7fa2f6e8d88', 'username': 'sadmouse499', 'password': 'lights', 'salt': 'P1al1AUm', 'md5': 'cef13b32f53f3905a93d7bd19e88b5f2', 'sha1': 'b664f64e328411d527a5aad40d685d3ca32fa172', 'sha256': '92eaa7b0e056100e1e38a50cfa44958e3c05153511c2c1fdea6551452c15b480'}, 'dob': {'date': '1998-01-20T08:09:34.400Z', 'age': 26}, 'registered': {'date': '2015-01-08T05:03:42.317Z', 'age': 9}, 'phone': '(93) 8585-5036', 'cell': '(33) 1108-3118', 'id': {'name': 'CPF', 'value': '475.913.729-11'}, 'picture': {'large': 'https://randomuser.me/api/portraits/women/15.jpg', 'medium': 'https://randomuser.me/api/portraits/med/women/15.jpg', 'thumbnail': 'https://randomuser.me/api/portraits/thumb/women/15.jpg'}, 'nat': 'BR'}], 'info': {'seed': '58a7749b3d7d4fbf', 'results': 1, 'page': 1, 'version': '1.4'}}</msg>
<arg>${json_data}</arg>
<doc>Logs the given message with the given level.</doc>
<status status="PASS" start="2024-04-09T05:13:22.959755" elapsed="0.000247"/>
</kw>
<kw name="Should Be String" owner="String">
<arg>${json_data['results'][0]['gender']}</arg>
<doc>Fails if the given ``item`` is not a string.</doc>
<status status="PASS" start="2024-04-09T05:13:22.960310" elapsed="0.000405"/>
</kw>
<kw name="Should Match Regexp" owner="BuiltIn">
<arg>${json_data['results'][0]['email']}</arg>
<arg>^[a-zA-Z0-9._%+-]+@[a-zA-Z0-9.-]+\.[a-zA-Z]{2,}$</arg>
<doc>Fails if ``string`` does not match ``pattern`` as a regular expression.</doc>
<status status="PASS" start="2024-04-09T05:13:22.960913" elapsed="0.000517"/>
</kw>
<kw name="Should Match Regexp" owner="BuiltIn">
<arg>${json_data['results'][0]['dob']['date']}</arg>
<arg>\\d{4}-\\d{2}-\\d{2}T\\d{2}:\\d{2}:\\d{2}\\.\\d{3}Z</arg>
<doc>Fails if ``string`` does not match ``pattern`` as a regular expression.</doc>
<status status="PASS" start="2024-04-09T05:13:22.961625" elapsed="0.000493"/>
</kw>
<kw name="Should Match Regexp" owner="BuiltIn">
<arg>${json_data['results'][0]['registered']['date']}</arg>
<arg>\\d{4}-\\d{2}-\\d{2}T\\d{2}:\\d{2}:\\d{2}\\.\\d{3}Z</arg>
<doc>Fails if ``string`` does not match ``pattern`` as a regular expression.</doc>
<status status="PASS" start="2024-04-09T05:13:22.962315" elapsed="0.000369"/>
</kw>
<kw name="Should Match Regexp" owner="BuiltIn">
<arg>${json_data['results'][0]['picture']['large']}</arg>
<arg>^https?://.*\.(?:png|jpe?g|gif|bmp)$</arg>
<doc>Fails if ``string`` does not match ``pattern`` as a regular expression.</doc>
<status status="PASS" start="2024-04-09T05:13:22.962870" elapsed="0.000456"/>
</kw>
<kw name="Should Match Regexp" owner="BuiltIn">
<arg>${json_data['results'][0]['picture']['medium']}</arg>
<arg>^https?://.*\.(?:png|jpe?g|gif|bmp)$</arg>
<doc>Fails if ``string`` does not match ``pattern`` as a regular expression.</doc>
<status status="PASS" start="2024-04-09T05:13:22.963514" elapsed="0.000354"/>
</kw>
<kw name="Should Match Regexp" owner="BuiltIn">
<arg>${json_data['results'][0]['picture']['thumbnail']}</arg>
<arg>^https?://.*\.(?:png|jpe?g|gif|bmp)$</arg>
<doc>Fails if ``string`` does not match ``pattern`` as a regular expression.</doc>
<status status="PASS" start="2024-04-09T05:13:22.964052" elapsed="0.000350"/>
</kw>
<kw name="Log" owner="BuiltIn">
<msg time="2024-04-09T05:13:22.964954" level="INFO">{'large': 'https://randomuser.me/api/portraits/women/15.jpg', 'medium': 'https://randomuser.me/api/portraits/med/women/15.jpg', 'thumbnail': 'https://randomuser.me/api/portraits/thumb/women/15.jpg'}</msg>
<arg>${json_data['results'][0]['picture']}</arg>
<doc>Logs the given message with the given level.</doc>
<status status="PASS" start="2024-04-09T05:13:22.964616" elapsed="0.000380"/>
</kw>
<status status="PASS" start="2024-04-09T05:13:22.882311" elapsed="0.082943"/>
</kw>
<kw name="Teste de Tipos de Dados - Postcode" owner="random-user-service">
<kw name="GET On Session" owner="RequestsLibrary">
<msg time="2024-04-09T05:13:23.058591" level="INFO">GET Request : url=https://randomuser.me/api 
 path_url=/api 
 headers={'User-Agent': 'python-requests/2.31.0', 'Accept-Encoding': 'gzip, deflate', 'Accept': '*/*', 'Connection': 'keep-alive'} 
 body=None 
 </msg>
<msg time="2024-04-09T05:13:23.058715" level="INFO">GET Response : url=https://randomuser.me/api 
 status=200, reason=OK 
 headers={'Date': 'Tue, 09 Apr 2024 05:13:23 GMT', 'Content-Type': 'application/json; charset=utf-8', 'Transfer-Encoding': 'chunked', 'Connection': 'keep-alive', 'X-Powered-By': 'Express', 'Access-Control-Allow-Origin': '*', 'Cache-Control': 'no-cache', 'ETag': 'W/"47c-DQp+2bEFyK8d8Fw0jApWdsp3hHc"', 'Vary': 'Accept-Encoding', 'Content-Encoding': 'gzip', 'CF-Cache-Status': 'DYNAMIC', 'Report-To': '{"endpoints":[{"url":"https:\\/\\/a.nel.cloudflare.com\\/report\\/v4?s=CWUb4P%2B81qDoxAAsvAQEKn1vAzsX8MuHaFFGTf7xfRWnxl1VGYOz9LptRBIF3A8B8vU4U%2F4ICCmThZmqY94vplzwIPykIKpbKUiM3IDoPEPPs1gfTND6uTFTtLsHYgaC"}],"group":"cf-nel","max_age":604800}', 'NEL': '{"success_fraction":0,"report_to":"cf-nel","max_age":604800}', 'Server': 'cloudflare', 'CF-RAY': '871801ee8e0c2ac6-ORD', 'alt-svc': 'h3=":443"; ma=86400'} 
 body={"results":[{"gender":"male","name":{"title":"Mr","first":"Luke","last":"Riley"},"location":{"street":{"number":6052,"name":"Lakeshore Rd"},"city":"Port Macquarie","state":"Victoria","country":"Australia","postcode":9445,"coordinates":{"latitude":"-82.9579","longitude":"-66.5854"},"timezone":{"offset":"+6:00","description":"Almaty, Dhaka, Colombo"}},"email":"luke.riley@example.com","login":{"uuid":"acc96ac8-f0e4-4c65-bf89-0b09fb71d603","username":"orangelion135","password":"zxcv","salt":"9a4pVyvS","md5":"a5cda0031b2c45f8f85652a95ec3d84a","sha1":"5c271fa5d10c4f38301b3a09ad77ac61f73ab82f","sha256":"6adc2ece0ffedd77e66745ac44f04eb7a3aab52218db6c0488eab67adbbd6e53"},"dob":{"date":"1986-09-22T14:17:47.490Z","age":37},"registered":{"date":"2002-04-10T23:19:28.879Z","age":21},"phone":"09-7408-4023","cell":"0429-709-662","id":{"name":"TFN","value":"057030981"},"picture":{"large":"https://randomuser.me/api/portraits/men/58.jpg","medium":"https://randomuser.me/api/portraits/med/men/58.jpg","thumbnail":"https://randomuser.me/api/portraits/thumb/men/58.jpg"},"nat":"AU"}],"info":{"seed":"9f088c6fbb00ab3c","results":1,"page":1,"version":"1.4"}} 
 </msg>
<msg time="2024-04-09T05:13:23.058825" level="INFO">/opt/hostedtoolcache/Python/3.12.2/x64/lib/python3.12/site-packages/urllib3/connectionpool.py:1103: InsecureRequestWarning: Unverified HTTPS request is being made to host 'randomuser.me'. Adding certificate verification is strongly advised. See: https://urllib3.readthedocs.io/en/latest/advanced-usage.html#tls-warnings
  warnings.warn(</msg>
<msg time="2024-04-09T05:13:23.058968" level="INFO">${response} = &lt;Response [200]&gt;</msg>
<var>${response}</var>
<arg>consultarAPI</arg>
<arg>/api</arg>
<doc>Sends a GET request on a previously created HTTP Session.</doc>
<status status="PASS" start="2024-04-09T05:13:22.965726" elapsed="0.093275"/>
</kw>
<kw name="Set Variable" owner="BuiltIn">
<msg time="2024-04-09T05:13:23.060060" level="INFO">${json_data} = {'results': [{'gender': 'male', 'name': {'title': 'Mr', 'first': 'Luke', 'last': 'Riley'}, 'location': {'street': {'number': 6052, 'name': 'Lakeshore Rd'}, 'city': 'Port Macquarie', 'state': 'Victoria...</msg>
<var>${json_data}</var>
<arg>${response.json()}</arg>
<doc>Returns the given values which can then be assigned to a variables.</doc>
<status status="PASS" start="2024-04-09T05:13:23.059534" elapsed="0.000556"/>
</kw>
<kw name="Log" owner="BuiltIn">
<msg time="2024-04-09T05:13:23.060563" level="INFO">{'results': [{'gender': 'male', 'name': {'title': 'Mr', 'first': 'Luke', 'last': 'Riley'}, 'location': {'street': {'number': 6052, 'name': 'Lakeshore Rd'}, 'city': 'Port Macquarie', 'state': 'Victoria', 'country': 'Australia', 'postcode': 9445, 'coordinates': {'latitude': '-82.9579', 'longitude': '-66.5854'}, 'timezone': {'offset': '+6:00', 'description': 'Almaty, Dhaka, Colombo'}}, 'email': 'luke.riley@example.com', 'login': {'uuid': 'acc96ac8-f0e4-4c65-bf89-0b09fb71d603', 'username': 'orangelion135', 'password': 'zxcv', 'salt': '9a4pVyvS', 'md5': 'a5cda0031b2c45f8f85652a95ec3d84a', 'sha1': '5c271fa5d10c4f38301b3a09ad77ac61f73ab82f', 'sha256': '6adc2ece0ffedd77e66745ac44f04eb7a3aab52218db6c0488eab67adbbd6e53'}, 'dob': {'date': '1986-09-22T14:17:47.490Z', 'age': 37}, 'registered': {'date': '2002-04-10T23:19:28.879Z', 'age': 21}, 'phone': '09-7408-4023', 'cell': '0429-709-662', 'id': {'name': 'TFN', 'value': '057030981'}, 'picture': {'large': 'https://randomuser.me/api/portraits/men/58.jpg', 'medium': 'https://randomuser.me/api/portraits/med/men/58.jpg', 'thumbnail': 'https://randomuser.me/api/portraits/thumb/men/58.jpg'}, 'nat': 'AU'}], 'info': {'seed': '9f088c6fbb00ab3c', 'results': 1, 'page': 1, 'version': '1.4'}}</msg>
<arg>${json_data}</arg>
<doc>Logs the given message with the given level.</doc>
<status status="PASS" start="2024-04-09T05:13:23.060403" elapsed="0.000301"/>
</kw>
<kw name="Should Be Equal As Numbers" owner="BuiltIn">
<arg>${json_data['results'][0]['location']['postcode']}</arg>
<arg>${json_data['results'][0]['location']['postcode']}</arg>
<doc>Fails if objects are unequal after converting them to real numbers.</doc>
<status status="PASS" start="2024-04-09T05:13:23.061023" elapsed="0.000650"/>
</kw>
<kw name="Log" owner="BuiltIn">
<msg time="2024-04-09T05:13:23.062295" level="INFO">9445</msg>
<arg>${json_data['results'][0]['location']['postcode']}</arg>
<doc>Logs the given message with the given level.</doc>
<status status="PASS" start="2024-04-09T05:13:23.061869" elapsed="0.000469"/>
</kw>
<status status="PASS" start="2024-04-09T05:13:22.965484" elapsed="0.097231"/>
</kw>
<doc>Testa se os tipos de dados na resposta da API estão corretos.</doc>
<tag>testeTiposDados</tag>
<status status="PASS" start="2024-04-09T05:13:22.881606" elapsed="0.181382"/>
</test>
<test id="s1-s1-t5" name="Validar conteudo" line="35">
<kw name="Teste de Tipos de Conteudo" owner="random-user-service">
<kw name="GET On Session" owner="RequestsLibrary">
<msg time="2024-04-09T05:13:23.155271" level="INFO">GET Request : url=https://randomuser.me/api 
 path_url=/api 
 headers={'User-Agent': 'python-requests/2.31.0', 'Accept-Encoding': 'gzip, deflate', 'Accept': '*/*', 'Connection': 'keep-alive'} 
 body=None 
 </msg>
<msg time="2024-04-09T05:13:23.155371" level="INFO">GET Response : url=https://randomuser.me/api 
 status=200, reason=OK 
 headers={'Date': 'Tue, 09 Apr 2024 05:13:23 GMT', 'Content-Type': 'application/json; charset=utf-8', 'Transfer-Encoding': 'chunked', 'Connection': 'keep-alive', 'X-Powered-By': 'Express', 'Access-Control-Allow-Origin': '*', 'Cache-Control': 'no-cache', 'ETag': 'W/"47f-0+tJ0c5hP5fZHBkJwsvAIS132ag"', 'Vary': 'Accept-Encoding', 'Content-Encoding': 'gzip', 'CF-Cache-Status': 'DYNAMIC', 'Report-To': '{"endpoints":[{"url":"https:\\/\\/a.nel.cloudflare.com\\/report\\/v4?s=2oH2TYYU%2FhjWjQ0GLD8B1%2FhP47pHllZJ%2BqU8j7nBiVJOgUkUReMb3TTTsXl97z4vTw2xPKS%2FGfHf0y9ggRCNtbbOhozipqgWb0cZU7ndm7F87vDUnRsgfRCejT7PQ2lt"}],"group":"cf-nel","max_age":604800}', 'NEL': '{"success_fraction":0,"report_to":"cf-nel","max_age":604800}', 'Server': 'cloudflare', 'CF-RAY': '871801ef2e892ac6-ORD', 'alt-svc': 'h3=":443"; ma=86400'} 
 body={"results":[{"gender":"male","name":{"title":"Mr","first":"Velibor","last":"Srećković"},"location":{"street":{"number":6121,"name":"Bulevar Mladih"},"city":"Paraćin","state":"Central Banat","country":"Serbia","postcode":67636,"coordinates":{"latitude":"58.1328","longitude":"-27.3565"},"timezone":{"offset":"+4:30","description":"Kabul"}},"email":"velibor.sreckovic@example.com","login":{"uuid":"dba9191a-efc2-4cb7-b563-273d766251dc","username":"happyelephant230","password":"flower1","salt":"69WlXUDm","md5":"bfae6501a0e714c7acf5b7133e9c0570","sha1":"bbd5df060217811d171e909b80527d4d91be0b77","sha256":"6bcddc094897004c041a73c86a93f4d14c4d959c499a92ac28233504ed3d843c"},"dob":{"date":"1972-11-06T23:32:13.144Z","age":51},"registered":{"date":"2007-02-17T03:12:58.953Z","age":17},"phone":"024-3130-879","cell":"065-8628-501","id":{"name":"SID","value":"360449794"},"picture":{"large":"https://randomuser.me/api/portraits/men/81.jpg","medium":"https://randomuser.me/api/portraits/med/men/81.jpg","thumbnail":"https://randomuser.me/api/portraits/thumb/men/81.jpg"},"nat":"RS"}],"info":{"seed":"aa244e9321745daf","results":1,"page":1,"version":"1.4"}} 
 </msg>
<msg time="2024-04-09T05:13:23.155449" level="INFO">/opt/hostedtoolcache/Python/3.12.2/x64/lib/python3.12/site-packages/urllib3/connectionpool.py:1103: InsecureRequestWarning: Unverified HTTPS request is being made to host 'randomuser.me'. Adding certificate verification is strongly advised. See: https://urllib3.readthedocs.io/en/latest/advanced-usage.html#tls-warnings
  warnings.warn(</msg>
<msg time="2024-04-09T05:13:23.155572" level="INFO">${response} = &lt;Response [200]&gt;</msg>
<var>${response}</var>
<arg>consultarAPI</arg>
<arg>/api</arg>
<doc>Sends a GET request on a previously created HTTP Session.</doc>
<status status="PASS" start="2024-04-09T05:13:23.066093" elapsed="0.089522"/>
</kw>
<kw name="Set Variable" owner="BuiltIn">
<msg time="2024-04-09T05:13:23.156696" level="INFO">${json_data} = {'results': [{'gender': 'male', 'name': {'title': 'Mr', 'first': 'Velibor', 'last': 'Srećković'}, 'location': {'street': {'number': 6121, 'name': 'Bulevar Mladih'}, 'city': 'Paraćin', 'state': 'Centra...</msg>
<var>${json_data}</var>
<arg>${response.json()}</arg>
<doc>Returns the given values which can then be assigned to a variables.</doc>
<status status="PASS" start="2024-04-09T05:13:23.156128" elapsed="0.000601"/>
</kw>
<kw name="Set Variable" owner="BuiltIn">
<msg time="2024-04-09T05:13:23.157433" level="INFO">${name_title} = Mr</msg>
<var>${name_title}</var>
<arg>${json_data["results"][0]["name"]["title"]}</arg>
<doc>Returns the given values which can then be assigned to a variables.</doc>
<status status="PASS" start="2024-04-09T05:13:23.157041" elapsed="0.000418"/>
</kw>
<kw name="Create List" owner="BuiltIn">
<msg time="2024-04-09T05:13:23.157919" level="INFO">${allowed_titles} = ['Mr', 'Ms', 'Miss', 'Mrs', 'Madame', 'Monsieur']</msg>
<var>${allowed_titles}</var>
<arg>Mr</arg>
<arg>Ms</arg>
<arg>Miss</arg>
<arg>Mrs</arg>
<arg>Madame</arg>
<arg>Monsieur</arg>
<doc>Returns a list containing given items.</doc>
<status status="PASS" start="2024-04-09T05:13:23.157767" elapsed="0.000177"/>
</kw>
<kw name="List Should Contain Value" owner="Collections">
<msg time="2024-04-09T05:13:23.158436" level="INFO">False</msg>
<arg>${allowed_titles}</arg>
<arg>${name_title}</arg>
<doc>Fails if the ``value`` is not found from ``list``.</doc>
<status status="PASS" start="2024-04-09T05:13:23.158258" elapsed="0.000218"/>
</kw>
<kw name="Set Variable" owner="BuiltIn">
<msg time="2024-04-09T05:13:23.159151" level="INFO">${name_country} = RS</msg>
<var>${name_country}</var>
<arg>${json_data["results"][0]["nat"]}</arg>
<doc>Returns the given values which can then be assigned to a variables.</doc>
<status status="PASS" start="2024-04-09T05:13:23.158766" elapsed="0.000411"/>
</kw>
<kw name="Create List" owner="BuiltIn">
<msg time="2024-04-09T05:13:23.160104" level="INFO">${list_country} = ['AD', 'AE', 'AF', 'AG', 'AI', 'AL', 'AM', 'AO', 'AQ', 'AR', 'AS', 'AT', 'AU', 'AW', 'AX', 'AZ', 'BA', 'BB', 'BD', 'BE', 'BF', 'BG', 'BH', 'BI', 'BJ', 'BL', 'BM', 'BN', 'BO', 'BQ', 'BR', 'BS', 'BT', '...</msg>
<var>${list_country}</var>
<arg>AD</arg>
<arg>AE</arg>
<arg>AF</arg>
<arg>AG</arg>
<arg>AI</arg>
<arg>AL</arg>
<arg>AM</arg>
<arg>AO</arg>
<arg>AQ</arg>
<arg>AR</arg>
<arg>AS</arg>
<arg>AT</arg>
<arg>AU</arg>
<arg>AW</arg>
<arg>AX</arg>
<arg>AZ</arg>
<arg>BA</arg>
<arg>BB</arg>
<arg>BD</arg>
<arg>BE</arg>
<arg>BF</arg>
<arg>BG</arg>
<arg>BH</arg>
<arg>BI</arg>
<arg>BJ</arg>
<arg>BL</arg>
<arg>BM</arg>
<arg>BN</arg>
<arg>BO</arg>
<arg>BQ</arg>
<arg>BR</arg>
<arg>BS</arg>
<arg>BT</arg>
<arg>BV</arg>
<arg>BW</arg>
<arg>BY</arg>
<arg>BZ</arg>
<arg>CA</arg>
<arg>CC</arg>
<arg>CD</arg>
<arg>CF</arg>
<arg>CG</arg>
<arg>CH</arg>
<arg>CI</arg>
<arg>CK</arg>
<arg>CL</arg>
<arg>CM</arg>
<arg>CN</arg>
<arg>CO</arg>
<arg>CR</arg>
<arg>CU</arg>
<arg>CV</arg>
<arg>CW</arg>
<arg>CX</arg>
<arg>CY</arg>
<arg>CZ</arg>
<arg>DE</arg>
<arg>DJ</arg>
<arg>DK</arg>
<arg>DM</arg>
<arg>DO</arg>
<arg>DZ</arg>
<arg>EC</arg>
<arg>EE</arg>
<arg>EG</arg>
<arg>EH</arg>
<arg>ER</arg>
<arg>ES</arg>
<arg>ET</arg>
<arg>FI</arg>
<arg>FJ</arg>
<arg>FK</arg>
<arg>FM</arg>
<arg>FO</arg>
<arg>FR</arg>
<arg>GA</arg>
<arg>GB</arg>
<arg>GD</arg>
<arg>GE</arg>
<arg>GF</arg>
<arg>GG</arg>
<arg>GH</arg>
<arg>GI</arg>
<arg>GL</arg>
<arg>GM</arg>
<arg>GN</arg>
<arg>GP</arg>
<arg>GQ</arg>
<arg>GR</arg>
<arg>GS</arg>
<arg>GT</arg>
<arg>GU</arg>
<arg>GW</arg>
<arg>GY</arg>
<arg>HK</arg>
<arg>HM</arg>
<arg>HN</arg>
<arg>HR</arg>
<arg>HT</arg>
<arg>HU</arg>
<arg>ID</arg>
<arg>IE</arg>
<arg>IL</arg>
<arg>IM</arg>
<arg>IN</arg>
<arg>IO</arg>
<arg>IQ</arg>
<arg>IR</arg>
<arg>IS</arg>
<arg>IT</arg>
<arg>JE</arg>
<arg>JM</arg>
<arg>JO</arg>
<arg>JP</arg>
<arg>KE</arg>
<arg>KG</arg>
<arg>KH</arg>
<arg>KI</arg>
<arg>KM</arg>
<arg>KN</arg>
<arg>KP</arg>
<arg>KR</arg>
<arg>KW</arg>
<arg>KY</arg>
<arg>KZ</arg>
<arg>LA</arg>
<arg>LB</arg>
<arg>LC</arg>
<arg>LI</arg>
<arg>LK</arg>
<arg>LR</arg>
<arg>LS</arg>
<arg>LT</arg>
<arg>LU</arg>
<arg>LV</arg>
<arg>LY</arg>
<arg>MA</arg>
<arg>MC</arg>
<arg>MD</arg>
<arg>ME</arg>
<arg>MF</arg>
<arg>MG</arg>
<arg>MH</arg>
<arg>MK</arg>
<arg>ML</arg>
<arg>MM</arg>
<arg>MN</arg>
<arg>MO</arg>
<arg>MP</arg>
<arg>MQ</arg>
<arg>MR</arg>
<arg>MS</arg>
<arg>MT</arg>
<arg>MU</arg>
<arg>MV</arg>
<arg>MW</arg>
<arg>MX</arg>
<arg>MY</arg>
<arg>MZ</arg>
<arg>NA</arg>
<arg>NC</arg>
<arg>NE</arg>
<arg>NF</arg>
<arg>NG</arg>
<arg>NI</arg>
<arg>NL</arg>
<arg>NO</arg>
<arg>NP</arg>
<arg>NR</arg>
<arg>NU</arg>
<arg>NZ</arg>
<arg>OM</arg>
<arg>PA</arg>
<arg>PE</arg>
<arg>PF</arg>
<arg>PG</arg>
<arg>PH</arg>
<arg>PK</arg>
<arg>PL</arg>
<arg>PM</arg>
<arg>PN</arg>
<arg>PR</arg>
<arg>PS</arg>
<arg>PT</arg>
<arg>PW</arg>
<arg>PY</arg>
<arg>QA</arg>
<arg>RE</arg>
<arg>RO</arg>
<arg>RS</arg>
<arg>RU</arg>
<arg>RW</arg>
<arg>SA</arg>
<arg>SB</arg>
<arg>SC</arg>
<arg>SD</arg>
<arg>SE</arg>
<arg>SG</arg>
<arg>SH</arg>
<arg>SI</arg>
<arg>SJ</arg>
<arg>SK</arg>
<arg>SL</arg>
<arg>SM</arg>
<arg>SN</arg>
<arg>SO</arg>
<arg>SR</arg>
<arg>SS</arg>
<arg>ST</arg>
<arg>SV</arg>
<arg>SX</arg>
<arg>SY</arg>
<arg>SZ</arg>
<arg>TC</arg>
<arg>TD</arg>
<arg>TF</arg>
<arg>TG</arg>
<arg>TH</arg>
<arg>TJ</arg>
<arg>TK</arg>
<arg>TL</arg>
<arg>TM</arg>
<arg>TN</arg>
<arg>TO</arg>
<arg>TR</arg>
<arg>TT</arg>
<arg>TV</arg>
<arg>TW</arg>
<arg>TZ</arg>
<arg>UA</arg>
<arg>UG</arg>
<arg>UM</arg>
<arg>US</arg>
<arg>UY</arg>
<arg>UZ</arg>
<arg>VA</arg>
<arg>VC</arg>
<arg>VE</arg>
<arg>VG</arg>
<arg>VI</arg>
<arg>VN</arg>
<arg>VU</arg>
<arg>WF</arg>
<arg>WS</arg>
<arg>XK</arg>
<arg>YE</arg>
<arg>YT</arg>
<arg>ZA</arg>
<arg>ZM</arg>
<arg>ZW</arg>
<doc>Returns a list containing given items.</doc>
<status status="PASS" start="2024-04-09T05:13:23.159498" elapsed="0.000633"/>
</kw>
<kw name="List Should Contain Value" owner="Collections">
<msg time="2024-04-09T05:13:23.161149" level="INFO">False</msg>
<arg>${list_country}</arg>
<arg>${name_country}</arg>
<doc>Fails if the ``value`` is not found from ``list``.</doc>
<status status="PASS" start="2024-04-09T05:13:23.160940" elapsed="0.000247"/>
</kw>
<kw name="Run Keyword If" owner="BuiltIn">
<kw name="Should Be True" owner="BuiltIn">
<arg>${True}</arg>
<doc>Fails if the given condition is not true.</doc>
<status status="PASS" start="2024-04-09T05:13:23.162416" elapsed="0.000147"/>
</kw>
<arg>${json_data["results"][0]["location"]["coordinates"]["latitude"]} &gt;= -90 and ${json_data["results"][0]["location"]["coordinates"]["latitude"]} &lt;= 90</arg>
<arg>Should Be True</arg>
<arg>${True}</arg>
<doc>Runs the given keyword with the given arguments, if ``condition`` is true.</doc>
<status status="PASS" start="2024-04-09T05:13:23.161507" elapsed="0.001186"/>
</kw>
<kw name="Run Keyword If" owner="BuiltIn">
<kw name="Should Be True" owner="BuiltIn">
<arg>${True}</arg>
<doc>Fails if the given condition is not true.</doc>
<status status="PASS" start="2024-04-09T05:13:23.163587" elapsed="0.000140"/>
</kw>
<arg>${json_data["results"][0]["location"]["coordinates"]["longitude"]} &gt;= -180 and ${json_data["results"][0]["location"]["coordinates"]["longitude"]} &lt;= 180</arg>
<arg>Should Be True</arg>
<arg>${True}</arg>
<doc>Runs the given keyword with the given arguments, if ``condition`` is true.</doc>
<status status="PASS" start="2024-04-09T05:13:23.162881" elapsed="0.000973"/>
</kw>
<status status="PASS" start="2024-04-09T05:13:23.065713" elapsed="0.098277"/>
</kw>
<doc>Testa o conteúdo específico dos campos retornados pela API.</doc>
<tag>testeConteudo</tag>
<status status="PASS" start="2024-04-09T05:13:23.065006" elapsed="0.099143"/>
</test>
<status status="PASS" start="2024-04-09T05:13:22.358958" elapsed="0.807208"/>
</suite>
<status status="PASS" start="2024-04-09T05:13:22.345296" elapsed="0.826305"/>
</suite>
<statistics>
<total>
<stat pass="5" fail="0" skip="0">All Tests</stat>
</total>
<tag>
<stat pass="1" fail="0" skip="0">testeConteudo</stat>
<stat pass="1" fail="0" skip="0">testeEstruturaResposta</stat>
<stat pass="1" fail="0" skip="0">testeRequisicaoBasica</stat>
<stat pass="1" fail="0" skip="0">testeTiposDados</stat>
</tag>
<suite>
<stat pass="5" fail="0" skip="0" id="s1" name="Tests">Tests</stat>
<stat pass="5" fail="0" skip="0" id="s1-s1" name="Random-User-Test">Tests.Random-User-Test</stat>
</suite>
</statistics>
<errors>
</errors>
</robot>
