<?xml version="1.0" encoding="UTF-8"?>
<robot generator="Robot 7.0.1 (Python 3.12.4 on linux)" generated="2024-07-30T07:14:31.458456" rpa="false" schemaversion="5">
<suite id="s1" name="Tests" source="/home/runner/work/ApiRandomUser/ApiRandomUser/RamdonUser/tests">
<suite id="s1-s1" name="Random-User-Test" source="/home/runner/work/ApiRandomUser/ApiRandomUser/RamdonUser/tests/random-user-test.robot">
<test id="s1-s1-t1" name="Conectar" line="13">
<kw name="Conectar API" owner="random-user-service">
<kw name="Create Session" owner="RequestsLibrary">
<msg time="2024-07-30T07:14:31.882782" level="INFO">Creating Session using : alias=consultarAPI, url=https://randomuser.me/, headers={},                     cookies={}, auth=None, timeout=None, proxies=None, verify=False,                     debug=0 </msg>
<arg>consultarAPI</arg>
<arg>${URL}</arg>
<doc>Create Session: create a HTTP session to a server</doc>
<status status="PASS" start="2024-07-30T07:14:31.882582" elapsed="0.000390"/>
</kw>
<status status="PASS" start="2024-07-30T07:14:31.881529" elapsed="0.001809"/>
</kw>
<status status="PASS" start="2024-07-30T07:14:31.880948" elapsed="0.002583"/>
</test>
<test id="s1-s1-t2" name="Validar retorno 200 e JSON Válido" line="16">
<kw name="Teste de Requisicao Basica" owner="random-user-service">
<kw name="GET On Session" owner="RequestsLibrary">
<msg time="2024-07-30T07:14:32.206105" level="INFO">GET Request : url=https://randomuser.me/api 
 path_url=/api 
 headers={'User-Agent': 'python-requests/2.32.3', 'Accept-Encoding': 'gzip, deflate', 'Accept': '*/*', 'Connection': 'keep-alive'} 
 body=None 
 </msg>
<msg time="2024-07-30T07:14:32.206283" level="INFO">GET Response : url=https://randomuser.me/api 
 status=200, reason=OK 
 headers={'Date': 'Tue, 30 Jul 2024 07:14:32 GMT', 'Content-Type': 'application/json; charset=utf-8', 'Transfer-Encoding': 'chunked', 'Connection': 'keep-alive', 'X-Powered-By': 'Express', 'Access-Control-Allow-Origin': '*', 'Cache-Control': 'no-cache', 'ETag': 'W/"47f-qCZptiE5xRgHk4YdZmvk1MyPWwI"', 'Vary': 'Accept-Encoding', 'Content-Encoding': 'gzip', 'CF-Cache-Status': 'DYNAMIC', 'Report-To': '{"endpoints":[{"url":"https:\\/\\/a.nel.cloudflare.com\\/report\\/v4?s=%2BKGgEajSQAQdyov%2FmRvp21ZEJ1O02j25PSc%2FTk08D7Kh%2Fma5f%2Fd6zGT0%2FNIGsJ%2F48iDUz8lnv%2FK%2FAO3gzwecX9x9%2BXuCqA6Qnf0jwhK212bviuA713ws3fFZTgP5L9Mk"}],"group":"cf-nel","max_age":604800}', 'NEL': '{"success_fraction":0,"report_to":"cf-nel","max_age":604800}', 'Server': 'cloudflare', 'CF-RAY': '8ab38d663b8c6211-ORD', 'alt-svc': 'h3=":443"; ma=86400'} 
 body={"results":[{"gender":"female","name":{"title":"Ms","first":"Hermine","last":"Gunnerud"},"location":{"street":{"number":7514,"name":"Vardeveien"},"city":"Bø","state":"Troms - Romsa","country":"Norway","postcode":"4678","coordinates":{"latitude":"42.1075","longitude":"104.5949"},"timezone":{"offset":"+6:00","description":"Almaty, Dhaka, Colombo"}},"email":"hermine.gunnerud@example.com","login":{"uuid":"64fcce1c-cd92-4dd6-b2f7-3433cc408dfa","username":"heavyduck365","password":"witch","salt":"3JiZZxEh","md5":"709bd90ca38a4234f734009fd8f1c4c9","sha1":"a5cd6b7053c38a05663e0c3379405d517550a8d6","sha256":"2cbc79235be68550035a176ddf233a57e4aa463dbbadb0e0736248201265f8e2"},"dob":{"date":"1955-10-31T07:36:46.626Z","age":68},"registered":{"date":"2006-06-05T02:36:35.548Z","age":18},"phone":"73058969","cell":"40293731","id":{"name":"FN","value":"31105510694"},"picture":{"large":"https://randomuser.me/api/portraits/women/75.jpg","medium":"https://randomuser.me/api/portraits/med/women/75.jpg","thumbnail":"https://randomuser.me/api/portraits/thumb/women/75.jpg"},"nat":"NO"}],"info":{"seed":"3677b1abc1657d8c","results":1,"page":1,"version":"1.4"}} 
 </msg>
<msg time="2024-07-30T07:14:32.206372" level="INFO">/opt/hostedtoolcache/Python/3.12.4/x64/lib/python3.12/site-packages/urllib3/connectionpool.py:1099: InsecureRequestWarning: Unverified HTTPS request is being made to host 'randomuser.me'. Adding certificate verification is strongly advised. See: https://urllib3.readthedocs.io/en/latest/advanced-usage.html#tls-warnings
  warnings.warn(</msg>
<msg time="2024-07-30T07:14:32.206520" level="INFO">${response} = &lt;Response [200]&gt;</msg>
<var>${response}</var>
<arg>consultarAPI</arg>
<arg>/api</arg>
<doc>Sends a GET request on a previously created HTTP Session.</doc>
<status status="PASS" start="2024-07-30T07:14:31.886192" elapsed="0.320473"/>
</kw>
<kw name="Should Be Equal As Numbers" owner="BuiltIn">
<msg time="2024-07-30T07:14:32.207688" level="INFO">Argument types are:
&lt;class 'int'&gt;
&lt;class 'str'&gt;</msg>
<arg>${response.status_code}</arg>
<arg>200</arg>
<doc>Fails if objects are unequal after converting them to real numbers.</doc>
<status status="PASS" start="2024-07-30T07:14:32.207208" elapsed="0.000545"/>
</kw>
<kw name="Log" owner="BuiltIn">
<msg time="2024-07-30T07:14:32.208471" level="INFO">200</msg>
<arg>${response.status_code}</arg>
<doc>Logs the given message with the given level.</doc>
<status status="PASS" start="2024-07-30T07:14:32.208120" elapsed="0.000393"/>
</kw>
<kw name="Set Variable" owner="BuiltIn">
<msg time="2024-07-30T07:14:32.209275" level="INFO">${json_data} = {'results': [{'gender': 'female', 'name': {'title': 'Ms', 'first': 'Hermine', 'last': 'Gunnerud'}, 'location': {'street': {'number': 7514, 'name': 'Vardeveien'}, 'city': 'Bø', 'state': 'Troms - Romsa'...</msg>
<var>${json_data}</var>
<arg>${response.json()}</arg>
<doc>Returns the given values which can then be assigned to a variables.</doc>
<status status="PASS" start="2024-07-30T07:14:32.208818" elapsed="0.000487"/>
</kw>
<kw name="Dictionary Should Contain Key" owner="Collections">
<arg>${json_data}</arg>
<arg>results</arg>
<doc>Fails if ``key`` is not found from ``dictionary``.</doc>
<status status="PASS" start="2024-07-30T07:14:32.209608" elapsed="0.000328"/>
</kw>
<status status="PASS" start="2024-07-30T07:14:31.885943" elapsed="0.324149"/>
</kw>
<doc>Testa se a API responde corretamente e retorna um objeto JSON válido.</doc>
<tag>testeRequisicaoBasica</tag>
<status status="PASS" start="2024-07-30T07:14:31.885455" elapsed="0.324814"/>
</test>
<test id="s1-s1-t3" name="Validar estrutura de resposta" line="22">
<kw name="Teste de Estrutura de Resposta" owner="random-user-service">
<kw name="GET On Session" owner="RequestsLibrary">
<msg time="2024-07-30T07:14:32.306631" level="INFO">GET Request : url=https://randomuser.me/api 
 path_url=/api 
 headers={'User-Agent': 'python-requests/2.32.3', 'Accept-Encoding': 'gzip, deflate', 'Accept': '*/*', 'Connection': 'keep-alive'} 
 body=None 
 </msg>
<msg time="2024-07-30T07:14:32.306754" level="INFO">GET Response : url=https://randomuser.me/api 
 status=200, reason=OK 
 headers={'Date': 'Tue, 30 Jul 2024 07:14:32 GMT', 'Content-Type': 'application/json; charset=utf-8', 'Transfer-Encoding': 'chunked', 'Connection': 'keep-alive', 'X-Powered-By': 'Express', 'Access-Control-Allow-Origin': '*', 'Cache-Control': 'no-cache', 'ETag': 'W/"47f-IRMkm5ECxUG0v5CFjr4TJ4/yiCo"', 'Vary': 'Accept-Encoding', 'Content-Encoding': 'gzip', 'CF-Cache-Status': 'DYNAMIC', 'Report-To': '{"endpoints":[{"url":"https:\\/\\/a.nel.cloudflare.com\\/report\\/v4?s=rgTbslBgYZIuSWNf2mueL6bQG7A1FoPcjstyTAY55kP2n5sxd%2B28lZliO2GIZT%2BoA0hzj1hFFyGPOcApEZ43oXVp9mPwXuTQOU%2FO0LY%2FkImSO1JxWGtm8xQbm%2FFrVtI9"}],"group":"cf-nel","max_age":604800}', 'NEL': '{"success_fraction":0,"report_to":"cf-nel","max_age":604800}', 'Server': 'cloudflare', 'CF-RAY': '8ab38d676c586211-ORD', 'alt-svc': 'h3=":443"; ma=86400'} 
 body={"results":[{"gender":"female","name":{"title":"Mrs","first":"Clara","last":"Pedersen"},"location":{"street":{"number":7509,"name":"Bøgevang"},"city":"Roslev","state":"Nordjylland","country":"Denmark","postcode":65844,"coordinates":{"latitude":"-41.2949","longitude":"165.5636"},"timezone":{"offset":"-11:00","description":"Midway Island, Samoa"}},"email":"clara.pedersen@example.com","login":{"uuid":"3b60c1a8-96f4-4858-9cda-bc91f9faddf1","username":"redostrich823","password":"smudge","salt":"x0qIvHKV","md5":"38941c6bb78c9939d90c6d67124adaa2","sha1":"cc1b2228ec3772b285a52f908fb3e10c575e9af5","sha256":"4bc8da8271a5a89680e272e748d1afd8d265314bc445459969812bc0b72614db"},"dob":{"date":"1977-06-05T19:06:19.138Z","age":47},"registered":{"date":"2003-11-20T21:11:18.836Z","age":20},"phone":"59688909","cell":"01251366","id":{"name":"CPR","value":"050677-4733"},"picture":{"large":"https://randomuser.me/api/portraits/women/95.jpg","medium":"https://randomuser.me/api/portraits/med/women/95.jpg","thumbnail":"https://randomuser.me/api/portraits/thumb/women/95.jpg"},"nat":"DK"}],"info":{"seed":"0481bf5621685399","results":1,"page":1,"version":"1.4"}} 
 </msg>
<msg time="2024-07-30T07:14:32.306917" level="INFO">/opt/hostedtoolcache/Python/3.12.4/x64/lib/python3.12/site-packages/urllib3/connectionpool.py:1099: InsecureRequestWarning: Unverified HTTPS request is being made to host 'randomuser.me'. Adding certificate verification is strongly advised. See: https://urllib3.readthedocs.io/en/latest/advanced-usage.html#tls-warnings
  warnings.warn(</msg>
<msg time="2024-07-30T07:14:32.307065" level="INFO">${response} = &lt;Response [200]&gt;</msg>
<var>${response}</var>
<arg>consultarAPI</arg>
<arg>/api</arg>
<doc>Sends a GET request on a previously created HTTP Session.</doc>
<status status="PASS" start="2024-07-30T07:14:32.212931" elapsed="0.094180"/>
</kw>
<kw name="Set Variable" owner="BuiltIn">
<msg time="2024-07-30T07:14:32.308245" level="INFO">${json_data} = {'results': [{'gender': 'female', 'name': {'title': 'Mrs', 'first': 'Clara', 'last': 'Pedersen'}, 'location': {'street': {'number': 7509, 'name': 'Bøgevang'}, 'city': 'Roslev', 'state': 'Nordjylland',...</msg>
<var>${json_data}</var>
<arg>${response.json()}</arg>
<doc>Returns the given values which can then be assigned to a variables.</doc>
<status status="PASS" start="2024-07-30T07:14:32.307656" elapsed="0.000620"/>
</kw>
<kw name="Log" owner="BuiltIn">
<msg time="2024-07-30T07:14:32.308760" level="INFO">{'results': [{'gender': 'female', 'name': {'title': 'Mrs', 'first': 'Clara', 'last': 'Pedersen'}, 'location': {'street': {'number': 7509, 'name': 'Bøgevang'}, 'city': 'Roslev', 'state': 'Nordjylland', 'country': 'Denmark', 'postcode': 65844, 'coordinates': {'latitude': '-41.2949', 'longitude': '165.5636'}, 'timezone': {'offset': '-11:00', 'description': 'Midway Island, Samoa'}}, 'email': 'clara.pedersen@example.com', 'login': {'uuid': '3b60c1a8-96f4-4858-9cda-bc91f9faddf1', 'username': 'redostrich823', 'password': 'smudge', 'salt': 'x0qIvHKV', 'md5': '38941c6bb78c9939d90c6d67124adaa2', 'sha1': 'cc1b2228ec3772b285a52f908fb3e10c575e9af5', 'sha256': '4bc8da8271a5a89680e272e748d1afd8d265314bc445459969812bc0b72614db'}, 'dob': {'date': '1977-06-05T19:06:19.138Z', 'age': 47}, 'registered': {'date': '2003-11-20T21:11:18.836Z', 'age': 20}, 'phone': '59688909', 'cell': '01251366', 'id': {'name': 'CPR', 'value': '050677-4733'}, 'picture': {'large': 'https://randomuser.me/api/portraits/women/95.jpg', 'medium': 'https://randomuser.me/api/portraits/med/women/95.jpg', 'thumbnail': 'https://randomuser.me/api/portraits/thumb/women/95.jpg'}, 'nat': 'DK'}], 'info': {'seed': '0481bf5621685399', 'results': 1, 'page': 1, 'version': '1.4'}}</msg>
<arg>${json_data}</arg>
<doc>Logs the given message with the given level.</doc>
<status status="PASS" start="2024-07-30T07:14:32.308590" elapsed="0.000221"/>
</kw>
<kw name="Dictionary Should Contain Key" owner="Collections">
<arg>${json_data}</arg>
<arg>results</arg>
<doc>Fails if ``key`` is not found from ``dictionary``.</doc>
<status status="PASS" start="2024-07-30T07:14:32.309176" elapsed="0.000189"/>
</kw>
<kw name="Should Not Be Empty" owner="BuiltIn">
<msg time="2024-07-30T07:14:32.309685" level="INFO">Length is 2.</msg>
<arg>${json_data}</arg>
<doc>Verifies that the given item is not empty.</doc>
<status status="PASS" start="2024-07-30T07:14:32.309556" elapsed="0.000167"/>
</kw>
<kw name="Create List" owner="BuiltIn">
<msg time="2024-07-30T07:14:32.310168" level="INFO">${expected_keys} = ['gender', 'name', 'location', 'email', 'login']</msg>
<var>${expected_keys}</var>
<arg>gender</arg>
<arg>name</arg>
<arg>location</arg>
<arg>email</arg>
<arg>login</arg>
<doc>Returns a list containing given items.</doc>
<status status="PASS" start="2024-07-30T07:14:32.310012" elapsed="0.000191"/>
</kw>
<for flavor="IN">
<iter>
<kw name="Dictionary Should Contain Key" owner="Collections">
<arg>${json_data['results'][0]}</arg>
<arg>${key}</arg>
<doc>Fails if ``key`` is not found from ``dictionary``.</doc>
<status status="PASS" start="2024-07-30T07:14:32.310794" elapsed="0.000413"/>
</kw>
<kw name="Log" owner="BuiltIn">
<msg time="2024-07-30T07:14:32.311756" level="INFO">{'gender': 'female', 'name': {'title': 'Mrs', 'first': 'Clara', 'last': 'Pedersen'}, 'location': {'street': {'number': 7509, 'name': 'Bøgevang'}, 'city': 'Roslev', 'state': 'Nordjylland', 'country': 'Denmark', 'postcode': 65844, 'coordinates': {'latitude': '-41.2949', 'longitude': '165.5636'}, 'timezone': {'offset': '-11:00', 'description': 'Midway Island, Samoa'}}, 'email': 'clara.pedersen@example.com', 'login': {'uuid': '3b60c1a8-96f4-4858-9cda-bc91f9faddf1', 'username': 'redostrich823', 'password': 'smudge', 'salt': 'x0qIvHKV', 'md5': '38941c6bb78c9939d90c6d67124adaa2', 'sha1': 'cc1b2228ec3772b285a52f908fb3e10c575e9af5', 'sha256': '4bc8da8271a5a89680e272e748d1afd8d265314bc445459969812bc0b72614db'}, 'dob': {'date': '1977-06-05T19:06:19.138Z', 'age': 47}, 'registered': {'date': '2003-11-20T21:11:18.836Z', 'age': 20}, 'phone': '59688909', 'cell': '01251366', 'id': {'name': 'CPR', 'value': '050677-4733'}, 'picture': {'large': 'https://randomuser.me/api/portraits/women/95.jpg', 'medium': 'https://randomuser.me/api/portraits/med/women/95.jpg', 'thumbnail': 'https://randomuser.me/api/portraits/thumb/women/95.jpg'}, 'nat': 'DK'}</msg>
<arg>${json_data['results'][0]}</arg>
<doc>Logs the given message with the given level.</doc>
<status status="PASS" start="2024-07-30T07:14:32.311399" elapsed="0.000407"/>
</kw>
<kw name="Log" owner="BuiltIn">
<msg time="2024-07-30T07:14:32.312258" level="INFO">gender</msg>
<arg>${key}</arg>
<doc>Logs the given message with the given level.</doc>
<status status="PASS" start="2024-07-30T07:14:32.312128" elapsed="0.000167"/>
</kw>
<var name="${key}">gender</var>
<status status="PASS" start="2024-07-30T07:14:32.310659" elapsed="0.001851"/>
</iter>
<iter>
<kw name="Dictionary Should Contain Key" owner="Collections">
<arg>${json_data['results'][0]}</arg>
<arg>${key}</arg>
<doc>Fails if ``key`` is not found from ``dictionary``.</doc>
<status status="PASS" start="2024-07-30T07:14:32.312802" elapsed="0.000383"/>
</kw>
<kw name="Log" owner="BuiltIn">
<msg time="2024-07-30T07:14:32.313722" level="INFO">{'gender': 'female', 'name': {'title': 'Mrs', 'first': 'Clara', 'last': 'Pedersen'}, 'location': {'street': {'number': 7509, 'name': 'Bøgevang'}, 'city': 'Roslev', 'state': 'Nordjylland', 'country': 'Denmark', 'postcode': 65844, 'coordinates': {'latitude': '-41.2949', 'longitude': '165.5636'}, 'timezone': {'offset': '-11:00', 'description': 'Midway Island, Samoa'}}, 'email': 'clara.pedersen@example.com', 'login': {'uuid': '3b60c1a8-96f4-4858-9cda-bc91f9faddf1', 'username': 'redostrich823', 'password': 'smudge', 'salt': 'x0qIvHKV', 'md5': '38941c6bb78c9939d90c6d67124adaa2', 'sha1': 'cc1b2228ec3772b285a52f908fb3e10c575e9af5', 'sha256': '4bc8da8271a5a89680e272e748d1afd8d265314bc445459969812bc0b72614db'}, 'dob': {'date': '1977-06-05T19:06:19.138Z', 'age': 47}, 'registered': {'date': '2003-11-20T21:11:18.836Z', 'age': 20}, 'phone': '59688909', 'cell': '01251366', 'id': {'name': 'CPR', 'value': '050677-4733'}, 'picture': {'large': 'https://randomuser.me/api/portraits/women/95.jpg', 'medium': 'https://randomuser.me/api/portraits/med/women/95.jpg', 'thumbnail': 'https://randomuser.me/api/portraits/thumb/women/95.jpg'}, 'nat': 'DK'}</msg>
<arg>${json_data['results'][0]}</arg>
<doc>Logs the given message with the given level.</doc>
<status status="PASS" start="2024-07-30T07:14:32.313366" elapsed="0.000443"/>
</kw>
<kw name="Log" owner="BuiltIn">
<msg time="2024-07-30T07:14:32.314236" level="INFO">name</msg>
<arg>${key}</arg>
<doc>Logs the given message with the given level.</doc>
<status status="PASS" start="2024-07-30T07:14:32.314110" elapsed="0.000164"/>
</kw>
<var name="${key}">name</var>
<status status="PASS" start="2024-07-30T07:14:32.312691" elapsed="0.001795"/>
</iter>
<iter>
<kw name="Dictionary Should Contain Key" owner="Collections">
<arg>${json_data['results'][0]}</arg>
<arg>${key}</arg>
<doc>Fails if ``key`` is not found from ``dictionary``.</doc>
<status status="PASS" start="2024-07-30T07:14:32.314763" elapsed="0.000375"/>
</kw>
<kw name="Log" owner="BuiltIn">
<msg time="2024-07-30T07:14:32.315668" level="INFO">{'gender': 'female', 'name': {'title': 'Mrs', 'first': 'Clara', 'last': 'Pedersen'}, 'location': {'street': {'number': 7509, 'name': 'Bøgevang'}, 'city': 'Roslev', 'state': 'Nordjylland', 'country': 'Denmark', 'postcode': 65844, 'coordinates': {'latitude': '-41.2949', 'longitude': '165.5636'}, 'timezone': {'offset': '-11:00', 'description': 'Midway Island, Samoa'}}, 'email': 'clara.pedersen@example.com', 'login': {'uuid': '3b60c1a8-96f4-4858-9cda-bc91f9faddf1', 'username': 'redostrich823', 'password': 'smudge', 'salt': 'x0qIvHKV', 'md5': '38941c6bb78c9939d90c6d67124adaa2', 'sha1': 'cc1b2228ec3772b285a52f908fb3e10c575e9af5', 'sha256': '4bc8da8271a5a89680e272e748d1afd8d265314bc445459969812bc0b72614db'}, 'dob': {'date': '1977-06-05T19:06:19.138Z', 'age': 47}, 'registered': {'date': '2003-11-20T21:11:18.836Z', 'age': 20}, 'phone': '59688909', 'cell': '01251366', 'id': {'name': 'CPR', 'value': '050677-4733'}, 'picture': {'large': 'https://randomuser.me/api/portraits/women/95.jpg', 'medium': 'https://randomuser.me/api/portraits/med/women/95.jpg', 'thumbnail': 'https://randomuser.me/api/portraits/thumb/women/95.jpg'}, 'nat': 'DK'}</msg>
<arg>${json_data['results'][0]}</arg>
<doc>Logs the given message with the given level.</doc>
<status status="PASS" start="2024-07-30T07:14:32.315324" elapsed="0.000393"/>
</kw>
<kw name="Log" owner="BuiltIn">
<msg time="2024-07-30T07:14:32.316166" level="INFO">location</msg>
<arg>${key}</arg>
<doc>Logs the given message with the given level.</doc>
<status status="PASS" start="2024-07-30T07:14:32.316028" elapsed="0.000175"/>
</kw>
<var name="${key}">location</var>
<status status="PASS" start="2024-07-30T07:14:32.314659" elapsed="0.001766"/>
</iter>
<iter>
<kw name="Dictionary Should Contain Key" owner="Collections">
<arg>${json_data['results'][0]}</arg>
<arg>${key}</arg>
<doc>Fails if ``key`` is not found from ``dictionary``.</doc>
<status status="PASS" start="2024-07-30T07:14:32.316701" elapsed="0.000385"/>
</kw>
<kw name="Log" owner="BuiltIn">
<msg time="2024-07-30T07:14:32.317747" level="INFO">{'gender': 'female', 'name': {'title': 'Mrs', 'first': 'Clara', 'last': 'Pedersen'}, 'location': {'street': {'number': 7509, 'name': 'Bøgevang'}, 'city': 'Roslev', 'state': 'Nordjylland', 'country': 'Denmark', 'postcode': 65844, 'coordinates': {'latitude': '-41.2949', 'longitude': '165.5636'}, 'timezone': {'offset': '-11:00', 'description': 'Midway Island, Samoa'}}, 'email': 'clara.pedersen@example.com', 'login': {'uuid': '3b60c1a8-96f4-4858-9cda-bc91f9faddf1', 'username': 'redostrich823', 'password': 'smudge', 'salt': 'x0qIvHKV', 'md5': '38941c6bb78c9939d90c6d67124adaa2', 'sha1': 'cc1b2228ec3772b285a52f908fb3e10c575e9af5', 'sha256': '4bc8da8271a5a89680e272e748d1afd8d265314bc445459969812bc0b72614db'}, 'dob': {'date': '1977-06-05T19:06:19.138Z', 'age': 47}, 'registered': {'date': '2003-11-20T21:11:18.836Z', 'age': 20}, 'phone': '59688909', 'cell': '01251366', 'id': {'name': 'CPR', 'value': '050677-4733'}, 'picture': {'large': 'https://randomuser.me/api/portraits/women/95.jpg', 'medium': 'https://randomuser.me/api/portraits/med/women/95.jpg', 'thumbnail': 'https://randomuser.me/api/portraits/thumb/women/95.jpg'}, 'nat': 'DK'}</msg>
<arg>${json_data['results'][0]}</arg>
<doc>Logs the given message with the given level.</doc>
<status status="PASS" start="2024-07-30T07:14:32.317394" elapsed="0.000403"/>
</kw>
<kw name="Log" owner="BuiltIn">
<msg time="2024-07-30T07:14:32.318221" level="INFO">email</msg>
<arg>${key}</arg>
<doc>Logs the given message with the given level.</doc>
<status status="PASS" start="2024-07-30T07:14:32.318092" elapsed="0.000168"/>
</kw>
<var name="${key}">email</var>
<status status="PASS" start="2024-07-30T07:14:32.316596" elapsed="0.001877"/>
</iter>
<iter>
<kw name="Dictionary Should Contain Key" owner="Collections">
<arg>${json_data['results'][0]}</arg>
<arg>${key}</arg>
<doc>Fails if ``key`` is not found from ``dictionary``.</doc>
<status status="PASS" start="2024-07-30T07:14:32.318750" elapsed="0.000370"/>
</kw>
<kw name="Log" owner="BuiltIn">
<msg time="2024-07-30T07:14:32.319653" level="INFO">{'gender': 'female', 'name': {'title': 'Mrs', 'first': 'Clara', 'last': 'Pedersen'}, 'location': {'street': {'number': 7509, 'name': 'Bøgevang'}, 'city': 'Roslev', 'state': 'Nordjylland', 'country': 'Denmark', 'postcode': 65844, 'coordinates': {'latitude': '-41.2949', 'longitude': '165.5636'}, 'timezone': {'offset': '-11:00', 'description': 'Midway Island, Samoa'}}, 'email': 'clara.pedersen@example.com', 'login': {'uuid': '3b60c1a8-96f4-4858-9cda-bc91f9faddf1', 'username': 'redostrich823', 'password': 'smudge', 'salt': 'x0qIvHKV', 'md5': '38941c6bb78c9939d90c6d67124adaa2', 'sha1': 'cc1b2228ec3772b285a52f908fb3e10c575e9af5', 'sha256': '4bc8da8271a5a89680e272e748d1afd8d265314bc445459969812bc0b72614db'}, 'dob': {'date': '1977-06-05T19:06:19.138Z', 'age': 47}, 'registered': {'date': '2003-11-20T21:11:18.836Z', 'age': 20}, 'phone': '59688909', 'cell': '01251366', 'id': {'name': 'CPR', 'value': '050677-4733'}, 'picture': {'large': 'https://randomuser.me/api/portraits/women/95.jpg', 'medium': 'https://randomuser.me/api/portraits/med/women/95.jpg', 'thumbnail': 'https://randomuser.me/api/portraits/thumb/women/95.jpg'}, 'nat': 'DK'}</msg>
<arg>${json_data['results'][0]}</arg>
<doc>Logs the given message with the given level.</doc>
<status status="PASS" start="2024-07-30T07:14:32.319299" elapsed="0.000404"/>
</kw>
<kw name="Log" owner="BuiltIn">
<msg time="2024-07-30T07:14:32.320154" level="INFO">login</msg>
<arg>${key}</arg>
<doc>Logs the given message with the given level.</doc>
<status status="PASS" start="2024-07-30T07:14:32.320015" elapsed="0.000177"/>
</kw>
<var name="${key}">login</var>
<status status="PASS" start="2024-07-30T07:14:32.318643" elapsed="0.001762"/>
</iter>
<var>${key}</var>
<value>@{expected_keys}</value>
<status status="PASS" start="2024-07-30T07:14:32.310464" elapsed="0.010061"/>
</for>
<kw name="Create List" owner="BuiltIn">
<msg time="2024-07-30T07:14:32.320848" level="INFO">${expected_keysTwo} = ['username', 'password']</msg>
<var>${expected_keysTwo}</var>
<arg>username</arg>
<arg>password</arg>
<doc>Returns a list containing given items.</doc>
<status status="PASS" start="2024-07-30T07:14:32.320709" elapsed="0.000162"/>
</kw>
<for flavor="IN">
<iter>
<kw name="Dictionary Should Contain Key" owner="Collections">
<arg>${json_data['results'][0]['login']}</arg>
<arg>${keyTwo}</arg>
<doc>Fails if ``key`` is not found from ``dictionary``.</doc>
<status status="PASS" start="2024-07-30T07:14:32.321395" elapsed="0.000379"/>
</kw>
<kw name="Dictionary Should Contain Key" owner="Collections">
<arg>${json_data['results'][0]['login']}</arg>
<arg>${keyTwo}</arg>
<doc>Fails if ``key`` is not found from ``dictionary``.</doc>
<status status="PASS" start="2024-07-30T07:14:32.321955" elapsed="0.000375"/>
</kw>
<kw name="Log" owner="BuiltIn">
<msg time="2024-07-30T07:14:32.322627" level="INFO">username</msg>
<arg>${keyTwo}</arg>
<doc>Logs the given message with the given level.</doc>
<status status="PASS" start="2024-07-30T07:14:32.322508" elapsed="0.000156"/>
</kw>
<var name="${keyTwo}">username</var>
<status status="PASS" start="2024-07-30T07:14:32.321287" elapsed="0.001594"/>
</iter>
<iter>
<kw name="Dictionary Should Contain Key" owner="Collections">
<arg>${json_data['results'][0]['login']}</arg>
<arg>${keyTwo}</arg>
<doc>Fails if ``key`` is not found from ``dictionary``.</doc>
<status status="PASS" start="2024-07-30T07:14:32.323159" elapsed="0.000385"/>
</kw>
<kw name="Dictionary Should Contain Key" owner="Collections">
<arg>${json_data['results'][0]['login']}</arg>
<arg>${keyTwo}</arg>
<doc>Fails if ``key`` is not found from ``dictionary``.</doc>
<status status="PASS" start="2024-07-30T07:14:32.323721" elapsed="0.000402"/>
</kw>
<kw name="Log" owner="BuiltIn">
<msg time="2024-07-30T07:14:32.324428" level="INFO">password</msg>
<arg>${keyTwo}</arg>
<doc>Logs the given message with the given level.</doc>
<status status="PASS" start="2024-07-30T07:14:32.324303" elapsed="0.000161"/>
</kw>
<var name="${keyTwo}">password</var>
<status status="PASS" start="2024-07-30T07:14:32.323049" elapsed="0.001636"/>
</iter>
<var>${keyTwo}</var>
<value>@{expected_keysTwo}</value>
<status status="PASS" start="2024-07-30T07:14:32.321132" elapsed="0.003674"/>
</for>
<status status="PASS" start="2024-07-30T07:14:32.212695" elapsed="0.112251"/>
</kw>
<doc>Testa a estrutura da resposta da API.</doc>
<tag>testeEstruturaResposta</tag>
<status status="PASS" start="2024-07-30T07:14:32.212138" elapsed="0.112966"/>
</test>
<test id="s1-s1-t4" name="Validar tipos de dados" line="28">
<kw name="Teste de Tipos de Dados" owner="random-user-service">
<kw name="GET On Session" owner="RequestsLibrary">
<msg time="2024-07-30T07:14:32.379330" level="INFO">GET Request : url=https://randomuser.me/api 
 path_url=/api 
 headers={'User-Agent': 'python-requests/2.32.3', 'Accept-Encoding': 'gzip, deflate', 'Accept': '*/*', 'Connection': 'keep-alive'} 
 body=None 
 </msg>
<msg time="2024-07-30T07:14:32.379441" level="INFO">GET Response : url=https://randomuser.me/api 
 status=200, reason=OK 
 headers={'Date': 'Tue, 30 Jul 2024 07:14:32 GMT', 'Content-Type': 'application/json; charset=utf-8', 'Transfer-Encoding': 'chunked', 'Connection': 'keep-alive', 'X-Powered-By': 'Express', 'Access-Control-Allow-Origin': '*', 'Cache-Control': 'no-cache', 'ETag': 'W/"48a-00j5bOj2mmcrXmuqiUdq2fL31so"', 'Vary': 'Accept-Encoding', 'Content-Encoding': 'gzip', 'CF-Cache-Status': 'DYNAMIC', 'Report-To': '{"endpoints":[{"url":"https:\\/\\/a.nel.cloudflare.com\\/report\\/v4?s=06nscLsXN%2FlrGKjpuIr6r5BiLjLvgwY%2Fcz5tD0wHwJzYxeYB0YiInhQbIs7f1AO2rN2q%2BGORevqpQS7VNcIjhSX3zXIXsdnipvfWkmFymGkKss06XGcHWkWQWBh4jtlr"}],"group":"cf-nel","max_age":604800}', 'NEL': '{"success_fraction":0,"report_to":"cf-nel","max_age":604800}', 'Server': 'cloudflare', 'CF-RAY': '8ab38d681cca6211-ORD', 'alt-svc': 'h3=":443"; ma=86400'} 
 body={"results":[{"gender":"male","name":{"title":"Monsieur","first":"Dominic","last":"Henry"},"location":{"street":{"number":5803,"name":"Quai Chauveau"},"city":"Fisibach","state":"Graubünden","country":"Switzerland","postcode":8280,"coordinates":{"latitude":"-61.5164","longitude":"-95.6044"},"timezone":{"offset":"-2:00","description":"Mid-Atlantic"}},"email":"dominic.henry@example.com","login":{"uuid":"36695451-6aae-438e-8758-8d34c47ea8ae","username":"goldenlion580","password":"jezebel","salt":"AQQ5nI3G","md5":"3d5fe99ebf9af1ba45ac8aa76a16a38c","sha1":"e0b5941e844bed27eb01299562ffbc896369f209","sha256":"61aaf08ae4c38da00737c6ebfa800da6fc0a9bc7bf6b2516ad1c6ccb1446cf86"},"dob":{"date":"1992-10-07T05:38:18.818Z","age":31},"registered":{"date":"2006-06-19T10:48:44.988Z","age":18},"phone":"076 496 56 93","cell":"078 739 20 71","id":{"name":"AVS","value":"756.3923.6414.15"},"picture":{"large":"https://randomuser.me/api/portraits/men/26.jpg","medium":"https://randomuser.me/api/portraits/med/men/26.jpg","thumbnail":"https://randomuser.me/api/portraits/thumb/men/26.jpg"},"nat":"CH"}],"info":{"seed":"1b5eb4b8e6ce473f","results":1,"page":1,"version":"1.4"}} 
 </msg>
<msg time="2024-07-30T07:14:32.379530" level="INFO">/opt/hostedtoolcache/Python/3.12.4/x64/lib/python3.12/site-packages/urllib3/connectionpool.py:1099: InsecureRequestWarning: Unverified HTTPS request is being made to host 'randomuser.me'. Adding certificate verification is strongly advised. See: https://urllib3.readthedocs.io/en/latest/advanced-usage.html#tls-warnings
  warnings.warn(</msg>
<msg time="2024-07-30T07:14:32.379670" level="INFO">${response} = &lt;Response [200]&gt;</msg>
<var>${response}</var>
<arg>consultarAPI</arg>
<arg>/api</arg>
<doc>Sends a GET request on a previously created HTTP Session.</doc>
<status status="PASS" start="2024-07-30T07:14:32.327544" elapsed="0.052185"/>
</kw>
<kw name="Set Variable" owner="BuiltIn">
<msg time="2024-07-30T07:14:32.381080" level="INFO">${json_data} = {'results': [{'gender': 'male', 'name': {'title': 'Monsieur', 'first': 'Dominic', 'last': 'Henry'}, 'location': {'street': {'number': 5803, 'name': 'Quai Chauveau'}, 'city': 'Fisibach', 'state': 'Grau...</msg>
<var>${json_data}</var>
<arg>${response.json()}</arg>
<doc>Returns the given values which can then be assigned to a variables.</doc>
<status status="PASS" start="2024-07-30T07:14:32.380453" elapsed="0.000656"/>
</kw>
<kw name="Log" owner="BuiltIn">
<msg time="2024-07-30T07:14:32.381583" level="INFO">{'results': [{'gender': 'male', 'name': {'title': 'Monsieur', 'first': 'Dominic', 'last': 'Henry'}, 'location': {'street': {'number': 5803, 'name': 'Quai Chauveau'}, 'city': 'Fisibach', 'state': 'Graubünden', 'country': 'Switzerland', 'postcode': 8280, 'coordinates': {'latitude': '-61.5164', 'longitude': '-95.6044'}, 'timezone': {'offset': '-2:00', 'description': 'Mid-Atlantic'}}, 'email': 'dominic.henry@example.com', 'login': {'uuid': '36695451-6aae-438e-8758-8d34c47ea8ae', 'username': 'goldenlion580', 'password': 'jezebel', 'salt': 'AQQ5nI3G', 'md5': '3d5fe99ebf9af1ba45ac8aa76a16a38c', 'sha1': 'e0b5941e844bed27eb01299562ffbc896369f209', 'sha256': '61aaf08ae4c38da00737c6ebfa800da6fc0a9bc7bf6b2516ad1c6ccb1446cf86'}, 'dob': {'date': '1992-10-07T05:38:18.818Z', 'age': 31}, 'registered': {'date': '2006-06-19T10:48:44.988Z', 'age': 18}, 'phone': '076 496 56 93', 'cell': '078 739 20 71', 'id': {'name': 'AVS', 'value': '756.3923.6414.15'}, 'picture': {'large': 'https://randomuser.me/api/portraits/men/26.jpg', 'medium': 'https://randomuser.me/api/portraits/med/men/26.jpg', 'thumbnail': 'https://randomuser.me/api/portraits/thumb/men/26.jpg'}, 'nat': 'CH'}], 'info': {'seed': '1b5eb4b8e6ce473f', 'results': 1, 'page': 1, 'version': '1.4'}}</msg>
<arg>${json_data}</arg>
<doc>Logs the given message with the given level.</doc>
<status status="PASS" start="2024-07-30T07:14:32.381422" elapsed="0.000210"/>
</kw>
<kw name="Should Be String" owner="String">
<arg>${json_data['results'][0]['gender']}</arg>
<doc>Fails if the given ``item`` is not a string.</doc>
<status status="PASS" start="2024-07-30T07:14:32.381924" elapsed="0.000365"/>
</kw>
<kw name="Should Match Regexp" owner="BuiltIn">
<arg>${json_data['results'][0]['email']}</arg>
<arg>^[a-zA-Z0-9._%+-]+@[a-zA-Z0-9.-]+\.[a-zA-Z]{2,}$</arg>
<doc>Fails if ``string`` does not match ``pattern`` as a regular expression.</doc>
<status status="PASS" start="2024-07-30T07:14:32.382476" elapsed="0.000517"/>
</kw>
<kw name="Should Match Regexp" owner="BuiltIn">
<arg>${json_data['results'][0]['dob']['date']}</arg>
<arg>\\d{4}-\\d{2}-\\d{2}T\\d{2}:\\d{2}:\\d{2}\\.\\d{3}Z</arg>
<doc>Fails if ``string`` does not match ``pattern`` as a regular expression.</doc>
<status status="PASS" start="2024-07-30T07:14:32.383222" elapsed="0.000639"/>
</kw>
<kw name="Should Match Regexp" owner="BuiltIn">
<arg>${json_data['results'][0]['registered']['date']}</arg>
<arg>\\d{4}-\\d{2}-\\d{2}T\\d{2}:\\d{2}:\\d{2}\\.\\d{3}Z</arg>
<doc>Fails if ``string`` does not match ``pattern`` as a regular expression.</doc>
<status status="PASS" start="2024-07-30T07:14:32.384105" elapsed="0.000391"/>
</kw>
<kw name="Should Match Regexp" owner="BuiltIn">
<arg>${json_data['results'][0]['picture']['large']}</arg>
<arg>^https?://.*\.(?:png|jpe?g|gif|bmp)$</arg>
<doc>Fails if ``string`` does not match ``pattern`` as a regular expression.</doc>
<status status="PASS" start="2024-07-30T07:14:32.384682" elapsed="0.000455"/>
</kw>
<kw name="Should Match Regexp" owner="BuiltIn">
<arg>${json_data['results'][0]['picture']['medium']}</arg>
<arg>^https?://.*\.(?:png|jpe?g|gif|bmp)$</arg>
<doc>Fails if ``string`` does not match ``pattern`` as a regular expression.</doc>
<status status="PASS" start="2024-07-30T07:14:32.385323" elapsed="0.000347"/>
</kw>
<kw name="Should Match Regexp" owner="BuiltIn">
<arg>${json_data['results'][0]['picture']['thumbnail']}</arg>
<arg>^https?://.*\.(?:png|jpe?g|gif|bmp)$</arg>
<doc>Fails if ``string`` does not match ``pattern`` as a regular expression.</doc>
<status status="PASS" start="2024-07-30T07:14:32.385851" elapsed="0.000347"/>
</kw>
<kw name="Log" owner="BuiltIn">
<msg time="2024-07-30T07:14:32.386696" level="INFO">{'large': 'https://randomuser.me/api/portraits/men/26.jpg', 'medium': 'https://randomuser.me/api/portraits/med/men/26.jpg', 'thumbnail': 'https://randomuser.me/api/portraits/thumb/men/26.jpg'}</msg>
<arg>${json_data['results'][0]['picture']}</arg>
<doc>Logs the given message with the given level.</doc>
<status status="PASS" start="2024-07-30T07:14:32.386374" elapsed="0.000363"/>
</kw>
<status status="PASS" start="2024-07-30T07:14:32.327319" elapsed="0.059681"/>
</kw>
<kw name="Teste de Tipos de Dados - Postcode" owner="random-user-service">
<kw name="GET On Session" owner="RequestsLibrary">
<msg time="2024-07-30T07:14:32.466369" level="INFO">GET Request : url=https://randomuser.me/api 
 path_url=/api 
 headers={'User-Agent': 'python-requests/2.32.3', 'Accept-Encoding': 'gzip, deflate', 'Accept': '*/*', 'Connection': 'keep-alive'} 
 body=None 
 </msg>
<msg time="2024-07-30T07:14:32.466479" level="INFO">GET Response : url=https://randomuser.me/api 
 status=200, reason=OK 
 headers={'Date': 'Tue, 30 Jul 2024 07:14:32 GMT', 'Content-Type': 'application/json; charset=utf-8', 'Transfer-Encoding': 'chunked', 'Connection': 'keep-alive', 'X-Powered-By': 'Express', 'Access-Control-Allow-Origin': '*', 'Cache-Control': 'no-cache', 'ETag': 'W/"495-GSslnzpKCwzruh3Ih67w1viAoYE"', 'Vary': 'Accept-Encoding', 'Content-Encoding': 'gzip', 'CF-Cache-Status': 'DYNAMIC', 'Report-To': '{"endpoints":[{"url":"https:\\/\\/a.nel.cloudflare.com\\/report\\/v4?s=XcH2lBbVl2bhGGx4ziGl965xIQ%2FOjukggdtKEHRB9rKIvE2inla0ZBccC%2BFFXAT%2BpHtBvEUFQ5JiTeDajjYz03kvHoopVX9mshPQkE6Qis1Hl4bArHQP%2Fx0jjqtWP9YB"}],"group":"cf-nel","max_age":604800}', 'NEL': '{"success_fraction":0,"report_to":"cf-nel","max_age":604800}', 'Server': 'cloudflare', 'CF-RAY': '8ab38d687d1b6211-ORD', 'alt-svc': 'h3=":443"; ma=86400'} 
 body={"results":[{"gender":"male","name":{"title":"Mr","first":"Jayden","last":"Jackson"},"location":{"street":{"number":2111,"name":"Domain Road"},"city":"Blenheim","state":"Bay of Plenty","country":"New Zealand","postcode":50202,"coordinates":{"latitude":"54.4344","longitude":"-58.4394"},"timezone":{"offset":"+10:00","description":"Eastern Australia, Guam, Vladivostok"}},"email":"jayden.jackson@example.com","login":{"uuid":"84f33017-4493-40cf-b7d3-dbacd5e047d8","username":"ticklishelephant861","password":"hopkins","salt":"rrLlaW8m","md5":"37635ae0322b534f6b0f82c433e60328","sha1":"1211908fbd71200a2f76661b9e2f5339bfb9617e","sha256":"60f832fdd2d3ddf0b66548bb391ba56235ddc9f7965bd699b7339ae7f0e82a6e"},"dob":{"date":"1986-11-20T10:32:16.508Z","age":37},"registered":{"date":"2014-11-19T07:38:18.062Z","age":9},"phone":"(839)-024-8518","cell":"(691)-963-4871","id":{"name":"","value":null},"picture":{"large":"https://randomuser.me/api/portraits/men/76.jpg","medium":"https://randomuser.me/api/portraits/med/men/76.jpg","thumbnail":"https://randomuser.me/api/portraits/thumb/men/76.jpg"},"nat":"NZ"}],"info":{"seed":"be12ae065c506714","results":1,"page":1,"version":"1.4"}} 
 </msg>
<msg time="2024-07-30T07:14:32.466563" level="INFO">/opt/hostedtoolcache/Python/3.12.4/x64/lib/python3.12/site-packages/urllib3/connectionpool.py:1099: InsecureRequestWarning: Unverified HTTPS request is being made to host 'randomuser.me'. Adding certificate verification is strongly advised. See: https://urllib3.readthedocs.io/en/latest/advanced-usage.html#tls-warnings
  warnings.warn(</msg>
<msg time="2024-07-30T07:14:32.466704" level="INFO">${response} = &lt;Response [200]&gt;</msg>
<var>${response}</var>
<arg>consultarAPI</arg>
<arg>/api</arg>
<doc>Sends a GET request on a previously created HTTP Session.</doc>
<status status="PASS" start="2024-07-30T07:14:32.387468" elapsed="0.079282"/>
</kw>
<kw name="Set Variable" owner="BuiltIn">
<msg time="2024-07-30T07:14:32.468060" level="INFO">${json_data} = {'results': [{'gender': 'male', 'name': {'title': 'Mr', 'first': 'Jayden', 'last': 'Jackson'}, 'location': {'street': {'number': 2111, 'name': 'Domain Road'}, 'city': 'Blenheim', 'state': 'Bay of Plen...</msg>
<var>${json_data}</var>
<arg>${response.json()}</arg>
<doc>Returns the given values which can then be assigned to a variables.</doc>
<status status="PASS" start="2024-07-30T07:14:32.467410" elapsed="0.000687"/>
</kw>
<kw name="Log" owner="BuiltIn">
<msg time="2024-07-30T07:14:32.468567" level="INFO">{'results': [{'gender': 'male', 'name': {'title': 'Mr', 'first': 'Jayden', 'last': 'Jackson'}, 'location': {'street': {'number': 2111, 'name': 'Domain Road'}, 'city': 'Blenheim', 'state': 'Bay of Plenty', 'country': 'New Zealand', 'postcode': 50202, 'coordinates': {'latitude': '54.4344', 'longitude': '-58.4394'}, 'timezone': {'offset': '+10:00', 'description': 'Eastern Australia, Guam, Vladivostok'}}, 'email': 'jayden.jackson@example.com', 'login': {'uuid': '84f33017-4493-40cf-b7d3-dbacd5e047d8', 'username': 'ticklishelephant861', 'password': 'hopkins', 'salt': 'rrLlaW8m', 'md5': '37635ae0322b534f6b0f82c433e60328', 'sha1': '1211908fbd71200a2f76661b9e2f5339bfb9617e', 'sha256': '60f832fdd2d3ddf0b66548bb391ba56235ddc9f7965bd699b7339ae7f0e82a6e'}, 'dob': {'date': '1986-11-20T10:32:16.508Z', 'age': 37}, 'registered': {'date': '2014-11-19T07:38:18.062Z', 'age': 9}, 'phone': '(839)-024-8518', 'cell': '(691)-963-4871', 'id': {'name': '', 'value': None}, 'picture': {'large': 'https://randomuser.me/api/portraits/men/76.jpg', 'medium': 'https://randomuser.me/api/portraits/med/men/76.jpg', 'thumbnail': 'https://randomuser.me/api/portraits/thumb/men/76.jpg'}, 'nat': 'NZ'}], 'info': {'seed': 'be12ae065c506714', 'results': 1, 'page': 1, 'version': '1.4'}}</msg>
<arg>${json_data}</arg>
<doc>Logs the given message with the given level.</doc>
<status status="PASS" start="2024-07-30T07:14:32.468408" elapsed="0.000206"/>
</kw>
<kw name="Should Be Equal As Numbers" owner="BuiltIn">
<arg>${json_data['results'][0]['location']['postcode']}</arg>
<arg>${json_data['results'][0]['location']['postcode']}</arg>
<doc>Fails if objects are unequal after converting them to real numbers.</doc>
<status status="PASS" start="2024-07-30T07:14:32.468917" elapsed="0.000622"/>
</kw>
<kw name="Log" owner="BuiltIn">
<msg time="2024-07-30T07:14:32.470062" level="INFO">50202</msg>
<arg>${json_data['results'][0]['location']['postcode']}</arg>
<doc>Logs the given message with the given level.</doc>
<status status="PASS" start="2024-07-30T07:14:32.469731" elapsed="0.000371"/>
</kw>
<status status="PASS" start="2024-07-30T07:14:32.387229" elapsed="0.083159"/>
</kw>
<doc>Testa se os tipos de dados na resposta da API estão corretos.</doc>
<tag>testeTiposDados</tag>
<status status="PASS" start="2024-07-30T07:14:32.326842" elapsed="0.143724"/>
</test>
<test id="s1-s1-t5" name="Validar conteudo" line="35">
<kw name="Teste de Tipos de Conteudo" owner="random-user-service">
<kw name="GET On Session" owner="RequestsLibrary">
<msg time="2024-07-30T07:14:32.596487" level="INFO">GET Request : url=https://randomuser.me/api 
 path_url=/api 
 headers={'User-Agent': 'python-requests/2.32.3', 'Accept-Encoding': 'gzip, deflate', 'Accept': '*/*', 'Connection': 'keep-alive'} 
 body=None 
 </msg>
<msg time="2024-07-30T07:14:32.596589" level="INFO">GET Response : url=https://randomuser.me/api 
 status=200, reason=OK 
 headers={'Date': 'Tue, 30 Jul 2024 07:14:32 GMT', 'Content-Type': 'application/json; charset=utf-8', 'Transfer-Encoding': 'chunked', 'Connection': 'keep-alive', 'X-Powered-By': 'Express', 'Access-Control-Allow-Origin': '*', 'Cache-Control': 'no-cache', 'ETag': 'W/"486-vaVoNNefjdKxC3kYBP8DoBLM+g0"', 'Vary': 'Accept-Encoding', 'Content-Encoding': 'gzip', 'CF-Cache-Status': 'DYNAMIC', 'Report-To': '{"endpoints":[{"url":"https:\\/\\/a.nel.cloudflare.com\\/report\\/v4?s=cwMjwqEO1zeqNPJdzdLmWWG8Ihdd5u1%2BNK2sni9%2BUe8EbuxH9TxJl8XStlWoKDntr%2F7cCROf7HB0U8Vbji45GQHrsXk%2BqtHxhFvxpyUiRba0fnmpiKk9Ucip27vxxnLW"}],"group":"cf-nel","max_age":604800}', 'NEL': '{"success_fraction":0,"report_to":"cf-nel","max_age":604800}', 'Server': 'cloudflare', 'CF-RAY': '8ab38d690d6c6211-ORD', 'alt-svc': 'h3=":443"; ma=86400'} 
 body={"results":[{"gender":"female","name":{"title":"Miss","first":"Sofía","last":"Molina"},"location":{"street":{"number":8454,"name":"Boulevard Lesotho"},"city":"Petatlán","state":"Tamaulipas","country":"Mexico","postcode":87226,"coordinates":{"latitude":"27.2601","longitude":"48.7668"},"timezone":{"offset":"-10:00","description":"Hawaii"}},"email":"sofia.molina@example.com","login":{"uuid":"e931d29d-dcd8-442b-a7a7-9e775f34ca5c","username":"heavymeercat935","password":"page","salt":"U2GqiQiE","md5":"ecc01a1aa9050a5313257b9f0f94588e","sha1":"e8c8abb8cab992356987ef6ece3b059f024d9202","sha256":"91837ac91e3b41f0fc78605941aa6fdb9924daf42f45a3f78f54e2b3283b1cce"},"dob":{"date":"1970-10-08T18:07:33.855Z","age":53},"registered":{"date":"2011-05-09T04:28:46.192Z","age":13},"phone":"(692) 286 3779","cell":"(689) 192 2003","id":{"name":"NSS","value":"31 67 98 2930 2"},"picture":{"large":"https://randomuser.me/api/portraits/women/31.jpg","medium":"https://randomuser.me/api/portraits/med/women/31.jpg","thumbnail":"https://randomuser.me/api/portraits/thumb/women/31.jpg"},"nat":"MX"}],"info":{"seed":"0bfa70898691675a","results":1,"page":1,"version":"1.4"}} 
 </msg>
<msg time="2024-07-30T07:14:32.596670" level="INFO">/opt/hostedtoolcache/Python/3.12.4/x64/lib/python3.12/site-packages/urllib3/connectionpool.py:1099: InsecureRequestWarning: Unverified HTTPS request is being made to host 'randomuser.me'. Adding certificate verification is strongly advised. See: https://urllib3.readthedocs.io/en/latest/advanced-usage.html#tls-warnings
  warnings.warn(</msg>
<msg time="2024-07-30T07:14:32.596795" level="INFO">${response} = &lt;Response [200]&gt;</msg>
<var>${response}</var>
<arg>consultarAPI</arg>
<arg>/api</arg>
<doc>Sends a GET request on a previously created HTTP Session.</doc>
<status status="PASS" start="2024-07-30T07:14:32.473422" elapsed="0.123413"/>
</kw>
<kw name="Set Variable" owner="BuiltIn">
<msg time="2024-07-30T07:14:32.598084" level="INFO">${json_data} = {'results': [{'gender': 'female', 'name': {'title': 'Miss', 'first': 'Sofía', 'last': 'Molina'}, 'location': {'street': {'number': 8454, 'name': 'Boulevard Lesotho'}, 'city': 'Petatlán', 'state': 'Tam...</msg>
<var>${json_data}</var>
<arg>${response.json()}</arg>
<doc>Returns the given values which can then be assigned to a variables.</doc>
<status status="PASS" start="2024-07-30T07:14:32.597501" elapsed="0.000613"/>
</kw>
<kw name="Set Variable" owner="BuiltIn">
<msg time="2024-07-30T07:14:32.598823" level="INFO">${name_title} = Miss</msg>
<var>${name_title}</var>
<arg>${json_data["results"][0]["name"]["title"]}</arg>
<doc>Returns the given values which can then be assigned to a variables.</doc>
<status status="PASS" start="2024-07-30T07:14:32.598435" elapsed="0.000413"/>
</kw>
<kw name="Create List" owner="BuiltIn">
<msg time="2024-07-30T07:14:32.599292" level="INFO">${allowed_titles} = ['Mr', 'Ms', 'Miss', 'Mrs', 'Madame', 'Monsieur']</msg>
<var>${allowed_titles}</var>
<arg>Mr</arg>
<arg>Ms</arg>
<arg>Miss</arg>
<arg>Mrs</arg>
<arg>Madame</arg>
<arg>Monsieur</arg>
<doc>Returns a list containing given items.</doc>
<status status="PASS" start="2024-07-30T07:14:32.599141" elapsed="0.000178"/>
</kw>
<kw name="List Should Contain Value" owner="Collections">
<arg>${allowed_titles}</arg>
<arg>${name_title}</arg>
<doc>Fails if the ``value`` is not found from ``list``.</doc>
<status status="PASS" start="2024-07-30T07:14:32.599613" elapsed="0.000192"/>
</kw>
<kw name="Set Variable" owner="BuiltIn">
<msg time="2024-07-30T07:14:32.600407" level="INFO">${name_country} = MX</msg>
<var>${name_country}</var>
<arg>${json_data["results"][0]["nat"]}</arg>
<doc>Returns the given values which can then be assigned to a variables.</doc>
<status status="PASS" start="2024-07-30T07:14:32.600020" elapsed="0.000413"/>
</kw>
<kw name="Create List" owner="BuiltIn">
<msg time="2024-07-30T07:14:32.601319" level="INFO">${list_country} = ['AD', 'AE', 'AF', 'AG', 'AI', 'AL', 'AM', 'AO', 'AQ', 'AR', 'AS', 'AT', 'AU', 'AW', 'AX', 'AZ', 'BA', 'BB', 'BD', 'BE', 'BF', 'BG', 'BH', 'BI', 'BJ', 'BL', 'BM', 'BN', 'BO', 'BQ', 'BR', 'BS', 'BT', '...</msg>
<var>${list_country}</var>
<arg>AD</arg>
<arg>AE</arg>
<arg>AF</arg>
<arg>AG</arg>
<arg>AI</arg>
<arg>AL</arg>
<arg>AM</arg>
<arg>AO</arg>
<arg>AQ</arg>
<arg>AR</arg>
<arg>AS</arg>
<arg>AT</arg>
<arg>AU</arg>
<arg>AW</arg>
<arg>AX</arg>
<arg>AZ</arg>
<arg>BA</arg>
<arg>BB</arg>
<arg>BD</arg>
<arg>BE</arg>
<arg>BF</arg>
<arg>BG</arg>
<arg>BH</arg>
<arg>BI</arg>
<arg>BJ</arg>
<arg>BL</arg>
<arg>BM</arg>
<arg>BN</arg>
<arg>BO</arg>
<arg>BQ</arg>
<arg>BR</arg>
<arg>BS</arg>
<arg>BT</arg>
<arg>BV</arg>
<arg>BW</arg>
<arg>BY</arg>
<arg>BZ</arg>
<arg>CA</arg>
<arg>CC</arg>
<arg>CD</arg>
<arg>CF</arg>
<arg>CG</arg>
<arg>CH</arg>
<arg>CI</arg>
<arg>CK</arg>
<arg>CL</arg>
<arg>CM</arg>
<arg>CN</arg>
<arg>CO</arg>
<arg>CR</arg>
<arg>CU</arg>
<arg>CV</arg>
<arg>CW</arg>
<arg>CX</arg>
<arg>CY</arg>
<arg>CZ</arg>
<arg>DE</arg>
<arg>DJ</arg>
<arg>DK</arg>
<arg>DM</arg>
<arg>DO</arg>
<arg>DZ</arg>
<arg>EC</arg>
<arg>EE</arg>
<arg>EG</arg>
<arg>EH</arg>
<arg>ER</arg>
<arg>ES</arg>
<arg>ET</arg>
<arg>FI</arg>
<arg>FJ</arg>
<arg>FK</arg>
<arg>FM</arg>
<arg>FO</arg>
<arg>FR</arg>
<arg>GA</arg>
<arg>GB</arg>
<arg>GD</arg>
<arg>GE</arg>
<arg>GF</arg>
<arg>GG</arg>
<arg>GH</arg>
<arg>GI</arg>
<arg>GL</arg>
<arg>GM</arg>
<arg>GN</arg>
<arg>GP</arg>
<arg>GQ</arg>
<arg>GR</arg>
<arg>GS</arg>
<arg>GT</arg>
<arg>GU</arg>
<arg>GW</arg>
<arg>GY</arg>
<arg>HK</arg>
<arg>HM</arg>
<arg>HN</arg>
<arg>HR</arg>
<arg>HT</arg>
<arg>HU</arg>
<arg>ID</arg>
<arg>IE</arg>
<arg>IL</arg>
<arg>IM</arg>
<arg>IN</arg>
<arg>IO</arg>
<arg>IQ</arg>
<arg>IR</arg>
<arg>IS</arg>
<arg>IT</arg>
<arg>JE</arg>
<arg>JM</arg>
<arg>JO</arg>
<arg>JP</arg>
<arg>KE</arg>
<arg>KG</arg>
<arg>KH</arg>
<arg>KI</arg>
<arg>KM</arg>
<arg>KN</arg>
<arg>KP</arg>
<arg>KR</arg>
<arg>KW</arg>
<arg>KY</arg>
<arg>KZ</arg>
<arg>LA</arg>
<arg>LB</arg>
<arg>LC</arg>
<arg>LI</arg>
<arg>LK</arg>
<arg>LR</arg>
<arg>LS</arg>
<arg>LT</arg>
<arg>LU</arg>
<arg>LV</arg>
<arg>LY</arg>
<arg>MA</arg>
<arg>MC</arg>
<arg>MD</arg>
<arg>ME</arg>
<arg>MF</arg>
<arg>MG</arg>
<arg>MH</arg>
<arg>MK</arg>
<arg>ML</arg>
<arg>MM</arg>
<arg>MN</arg>
<arg>MO</arg>
<arg>MP</arg>
<arg>MQ</arg>
<arg>MR</arg>
<arg>MS</arg>
<arg>MT</arg>
<arg>MU</arg>
<arg>MV</arg>
<arg>MW</arg>
<arg>MX</arg>
<arg>MY</arg>
<arg>MZ</arg>
<arg>NA</arg>
<arg>NC</arg>
<arg>NE</arg>
<arg>NF</arg>
<arg>NG</arg>
<arg>NI</arg>
<arg>NL</arg>
<arg>NO</arg>
<arg>NP</arg>
<arg>NR</arg>
<arg>NU</arg>
<arg>NZ</arg>
<arg>OM</arg>
<arg>PA</arg>
<arg>PE</arg>
<arg>PF</arg>
<arg>PG</arg>
<arg>PH</arg>
<arg>PK</arg>
<arg>PL</arg>
<arg>PM</arg>
<arg>PN</arg>
<arg>PR</arg>
<arg>PS</arg>
<arg>PT</arg>
<arg>PW</arg>
<arg>PY</arg>
<arg>QA</arg>
<arg>RE</arg>
<arg>RO</arg>
<arg>RS</arg>
<arg>RU</arg>
<arg>RW</arg>
<arg>SA</arg>
<arg>SB</arg>
<arg>SC</arg>
<arg>SD</arg>
<arg>SE</arg>
<arg>SG</arg>
<arg>SH</arg>
<arg>SI</arg>
<arg>SJ</arg>
<arg>SK</arg>
<arg>SL</arg>
<arg>SM</arg>
<arg>SN</arg>
<arg>SO</arg>
<arg>SR</arg>
<arg>SS</arg>
<arg>ST</arg>
<arg>SV</arg>
<arg>SX</arg>
<arg>SY</arg>
<arg>SZ</arg>
<arg>TC</arg>
<arg>TD</arg>
<arg>TF</arg>
<arg>TG</arg>
<arg>TH</arg>
<arg>TJ</arg>
<arg>TK</arg>
<arg>TL</arg>
<arg>TM</arg>
<arg>TN</arg>
<arg>TO</arg>
<arg>TR</arg>
<arg>TT</arg>
<arg>TV</arg>
<arg>TW</arg>
<arg>TZ</arg>
<arg>UA</arg>
<arg>UG</arg>
<arg>UM</arg>
<arg>US</arg>
<arg>UY</arg>
<arg>UZ</arg>
<arg>VA</arg>
<arg>VC</arg>
<arg>VE</arg>
<arg>VG</arg>
<arg>VI</arg>
<arg>VN</arg>
<arg>VU</arg>
<arg>WF</arg>
<arg>WS</arg>
<arg>XK</arg>
<arg>YE</arg>
<arg>YT</arg>
<arg>ZA</arg>
<arg>ZM</arg>
<arg>ZW</arg>
<doc>Returns a list containing given items.</doc>
<status status="PASS" start="2024-07-30T07:14:32.600722" elapsed="0.000623"/>
</kw>
<kw name="List Should Contain Value" owner="Collections">
<arg>${list_country}</arg>
<arg>${name_country}</arg>
<doc>Fails if the ``value`` is not found from ``list``.</doc>
<status status="PASS" start="2024-07-30T07:14:32.602323" elapsed="0.000210"/>
</kw>
<kw name="Run Keyword If" owner="BuiltIn">
<kw name="Should Be True" owner="BuiltIn">
<arg>${True}</arg>
<doc>Fails if the given condition is not true.</doc>
<status status="PASS" start="2024-07-30T07:14:32.603492" elapsed="0.000145"/>
</kw>
<arg>${json_data["results"][0]["location"]["coordinates"]["latitude"]} &gt;= -90 and ${json_data["results"][0]["location"]["coordinates"]["latitude"]} &lt;= 90</arg>
<arg>Should Be True</arg>
<arg>${True}</arg>
<doc>Runs the given keyword with the given arguments, if ``condition`` is true.</doc>
<status status="PASS" start="2024-07-30T07:14:32.602733" elapsed="0.001029"/>
</kw>
<kw name="Run Keyword If" owner="BuiltIn">
<kw name="Should Be True" owner="BuiltIn">
<arg>${True}</arg>
<doc>Fails if the given condition is not true.</doc>
<status status="PASS" start="2024-07-30T07:14:32.604686" elapsed="0.000139"/>
</kw>
<arg>${json_data["results"][0]["location"]["coordinates"]["longitude"]} &gt;= -180 and ${json_data["results"][0]["location"]["coordinates"]["longitude"]} &lt;= 180</arg>
<arg>Should Be True</arg>
<arg>${True}</arg>
<doc>Runs the given keyword with the given arguments, if ``condition`` is true.</doc>
<status status="PASS" start="2024-07-30T07:14:32.603943" elapsed="0.001007"/>
</kw>
<status status="PASS" start="2024-07-30T07:14:32.473033" elapsed="0.132050"/>
</kw>
<doc>Testa o conteúdo específico dos campos retornados pela API.</doc>
<tag>testeConteudo</tag>
<status status="PASS" start="2024-07-30T07:14:32.472364" elapsed="0.132875"/>
</test>
<status status="PASS" start="2024-07-30T07:14:31.521746" elapsed="1.085488"/>
</suite>
<status status="PASS" start="2024-07-30T07:14:31.503456" elapsed="1.109016"/>
</suite>
<statistics>
<total>
<stat pass="5" fail="0" skip="0">All Tests</stat>
</total>
<tag>
<stat pass="1" fail="0" skip="0">testeConteudo</stat>
<stat pass="1" fail="0" skip="0">testeEstruturaResposta</stat>
<stat pass="1" fail="0" skip="0">testeRequisicaoBasica</stat>
<stat pass="1" fail="0" skip="0">testeTiposDados</stat>
</tag>
<suite>
<stat pass="5" fail="0" skip="0" id="s1" name="Tests">Tests</stat>
<stat pass="5" fail="0" skip="0" id="s1-s1" name="Random-User-Test">Tests.Random-User-Test</stat>
</suite>
</statistics>
<errors>
</errors>
</robot>
