<?xml version="1.0" encoding="UTF-8"?>
<robot generator="Robot 7.0.1 (Python 3.12.4 on linux)" generated="2024-07-22T06:22:13.219185" rpa="false" schemaversion="5">
<suite id="s1" name="Tests" source="/home/runner/work/ApiRandomUser/ApiRandomUser/RamdonUser/tests">
<suite id="s1-s1" name="Random-User-Test" source="/home/runner/work/ApiRandomUser/ApiRandomUser/RamdonUser/tests/random-user-test.robot">
<test id="s1-s1-t1" name="Conectar" line="13">
<kw name="Conectar API" owner="random-user-service">
<kw name="Create Session" owner="RequestsLibrary">
<msg time="2024-07-22T06:22:13.639874" level="INFO">Creating Session using : alias=consultarAPI, url=https://randomuser.me/, headers={},                     cookies={}, auth=None, timeout=None, proxies=None, verify=False,                     debug=0 </msg>
<arg>consultarAPI</arg>
<arg>${URL}</arg>
<doc>Create Session: create a HTTP session to a server</doc>
<status status="PASS" start="2024-07-22T06:22:13.639658" elapsed="0.000414"/>
</kw>
<status status="PASS" start="2024-07-22T06:22:13.638552" elapsed="0.001902"/>
</kw>
<status status="PASS" start="2024-07-22T06:22:13.637964" elapsed="0.002750"/>
</test>
<test id="s1-s1-t2" name="Validar retorno 200 e JSON Válido" line="16">
<kw name="Teste de Requisicao Basica" owner="random-user-service">
<kw name="GET On Session" owner="RequestsLibrary">
<msg time="2024-07-22T06:22:13.816781" level="INFO">GET Request : url=https://randomuser.me/api 
 path_url=/api 
 headers={'User-Agent': 'python-requests/2.32.3', 'Accept-Encoding': 'gzip, deflate', 'Accept': '*/*', 'Connection': 'keep-alive'} 
 body=None 
 </msg>
<msg time="2024-07-22T06:22:13.816955" level="INFO">GET Response : url=https://randomuser.me/api 
 status=200, reason=OK 
 headers={'Date': 'Mon, 22 Jul 2024 06:22:13 GMT', 'Content-Type': 'application/json; charset=utf-8', 'Transfer-Encoding': 'chunked', 'Connection': 'keep-alive', 'X-Powered-By': 'Express', 'Access-Control-Allow-Origin': '*', 'Cache-Control': 'no-cache', 'ETag': 'W/"49d-6gRmvYDHyIqlTo/fBJI7y2qsr28"', 'Vary': 'Accept-Encoding', 'Content-Encoding': 'gzip', 'CF-Cache-Status': 'DYNAMIC', 'Report-To': '{"endpoints":[{"url":"https:\\/\\/a.nel.cloudflare.com\\/report\\/v4?s=sLzfQE51bKrg5qv%2B8uRbyN9H9WA2Mj7%2FwrKD3LgubIAPS3wCaBoY0WzoWkevcvXXuSiLlPG0ENBiCt5377bo3NFJEqt7cGq6hOEnJ2zBK%2FvwLPffY0Xq%2F1802RUYqr8K"}],"group":"cf-nel","max_age":604800}', 'NEL': '{"success_fraction":0,"report_to":"cf-nel","max_age":604800}', 'Server': 'cloudflare', 'CF-RAY': '8a7155c82b589c42-IAD', 'alt-svc': 'h3=":443"; ma=86400'} 
 body={"results":[{"gender":"female","name":{"title":"Mrs","first":"Brooklyn","last":"Jackson"},"location":{"street":{"number":4886,"name":"Bridge Street"},"city":"Nelson","state":"Taranaki","country":"New Zealand","postcode":74948,"coordinates":{"latitude":"50.2887","longitude":"157.5818"},"timezone":{"offset":"-6:00","description":"Central Time (US &amp; Canada), Mexico City"}},"email":"brooklyn.jackson@example.com","login":{"uuid":"2493718b-be06-42b1-af9a-1025344e7635","username":"redbutterfly153","password":"mitchell","salt":"3azjThk0","md5":"3af60ac7a457d0f967cbb0bc48255f00","sha1":"2bc6d8439fe714d1ed177725cf2acf4466c2ca96","sha256":"d811b862b747bc5915223805a59efbe280c432e0a6fba550ef7e28909d73835f"},"dob":{"date":"1953-12-30T07:44:10.878Z","age":70},"registered":{"date":"2009-07-30T05:37:45.349Z","age":14},"phone":"(328)-432-3548","cell":"(180)-602-4603","id":{"name":"","value":null},"picture":{"large":"https://randomuser.me/api/portraits/women/23.jpg","medium":"https://randomuser.me/api/portraits/med/women/23.jpg","thumbnail":"https://randomuser.me/api/portraits/thumb/women/23.jpg"},"nat":"NZ"}],"info":{"seed":"cab31490fbe88c44","results":1,"page":1,"version":"1.4"}} 
 </msg>
<msg time="2024-07-22T06:22:13.817053" level="INFO">/opt/hostedtoolcache/Python/3.12.4/x64/lib/python3.12/site-packages/urllib3/connectionpool.py:1099: InsecureRequestWarning: Unverified HTTPS request is being made to host 'randomuser.me'. Adding certificate verification is strongly advised. See: https://urllib3.readthedocs.io/en/latest/advanced-usage.html#tls-warnings
  warnings.warn(</msg>
<msg time="2024-07-22T06:22:13.817241" level="INFO">${response} = &lt;Response [200]&gt;</msg>
<var>${response}</var>
<arg>consultarAPI</arg>
<arg>/api</arg>
<doc>Sends a GET request on a previously created HTTP Session.</doc>
<status status="PASS" start="2024-07-22T06:22:13.643497" elapsed="0.173800"/>
</kw>
<kw name="Should Be Equal As Numbers" owner="BuiltIn">
<msg time="2024-07-22T06:22:13.818308" level="INFO">Argument types are:
&lt;class 'int'&gt;
&lt;class 'str'&gt;</msg>
<arg>${response.status_code}</arg>
<arg>200</arg>
<doc>Fails if objects are unequal after converting them to real numbers.</doc>
<status status="PASS" start="2024-07-22T06:22:13.817811" elapsed="0.000567"/>
</kw>
<kw name="Log" owner="BuiltIn">
<msg time="2024-07-22T06:22:13.819095" level="INFO">200</msg>
<arg>${response.status_code}</arg>
<doc>Logs the given message with the given level.</doc>
<status status="PASS" start="2024-07-22T06:22:13.818731" elapsed="0.000408"/>
</kw>
<kw name="Set Variable" owner="BuiltIn">
<msg time="2024-07-22T06:22:13.819905" level="INFO">${json_data} = {'results': [{'gender': 'female', 'name': {'title': 'Mrs', 'first': 'Brooklyn', 'last': 'Jackson'}, 'location': {'street': {'number': 4886, 'name': 'Bridge Street'}, 'city': 'Nelson', 'state': 'Tarana...</msg>
<var>${json_data}</var>
<arg>${response.json()}</arg>
<doc>Returns the given values which can then be assigned to a variables.</doc>
<status status="PASS" start="2024-07-22T06:22:13.819456" elapsed="0.000478"/>
</kw>
<kw name="Dictionary Should Contain Key" owner="Collections">
<arg>${json_data}</arg>
<arg>results</arg>
<doc>Fails if ``key`` is not found from ``dictionary``.</doc>
<status status="PASS" start="2024-07-22T06:22:13.820244" elapsed="0.000391"/>
</kw>
<status status="PASS" start="2024-07-22T06:22:13.643232" elapsed="0.177576"/>
</kw>
<doc>Testa se a API responde corretamente e retorna um objeto JSON válido.</doc>
<tag>testeRequisicaoBasica</tag>
<status status="PASS" start="2024-07-22T06:22:13.642730" elapsed="0.178269"/>
</test>
<test id="s1-s1-t3" name="Validar estrutura de resposta" line="22">
<kw name="Teste de Estrutura de Resposta" owner="random-user-service">
<kw name="GET On Session" owner="RequestsLibrary">
<msg time="2024-07-22T06:22:13.919651" level="INFO">GET Request : url=https://randomuser.me/api 
 path_url=/api 
 headers={'User-Agent': 'python-requests/2.32.3', 'Accept-Encoding': 'gzip, deflate', 'Accept': '*/*', 'Connection': 'keep-alive'} 
 body=None 
 </msg>
<msg time="2024-07-22T06:22:13.919769" level="INFO">GET Response : url=https://randomuser.me/api 
 status=200, reason=OK 
 headers={'Date': 'Mon, 22 Jul 2024 06:22:13 GMT', 'Content-Type': 'application/json; charset=utf-8', 'Transfer-Encoding': 'chunked', 'Connection': 'keep-alive', 'X-Powered-By': 'Express', 'Access-Control-Allow-Origin': '*', 'Cache-Control': 'no-cache', 'ETag': 'W/"492-43TsR+geh1mCNBbIkJciJ4h5qQo"', 'Vary': 'Accept-Encoding', 'Content-Encoding': 'gzip', 'CF-Cache-Status': 'DYNAMIC', 'Report-To': '{"endpoints":[{"url":"https:\\/\\/a.nel.cloudflare.com\\/report\\/v4?s=KpkV4%2BdcCrX2eV4RGN23HUSmMSnVLk%2B5m61tkXlEcgkyy8pnqEkK6MhNTCTvkQU6ylqqoJJZq%2FAc55sgvhOcPzlkXdKJInBydmKdKMJQbqW6Gm5ciRkdmXTq%2BUp1%2FKLP"}],"group":"cf-nel","max_age":604800}', 'NEL': '{"success_fraction":0,"report_to":"cf-nel","max_age":604800}', 'Server': 'cloudflare', 'CF-RAY': '8a7155c86b8c9c42-IAD', 'alt-svc': 'h3=":443"; ma=86400'} 
 body={"results":[{"gender":"female","name":{"title":"Miss","first":"Parimala","last":"Uchil"},"location":{"street":{"number":2080,"name":"Old Jail Rd"},"city":"Rajahmundry","state":"Chandigarh","country":"India","postcode":53558,"coordinates":{"latitude":"5.6445","longitude":"58.7279"},"timezone":{"offset":"-3:00","description":"Brazil, Buenos Aires, Georgetown"}},"email":"parimala.uchil@example.com","login":{"uuid":"8f0539c2-72a9-45b6-b2e7-6a1bec442edc","username":"heavykoala706","password":"tracey","salt":"iMJwRxlk","md5":"7c0732964c1b3a55903886f5daa14788","sha1":"16a554764fc7530a294ca85c908896706988dd87","sha256":"0b84509e4d7998f7465647ff382323994d324fef8bba59517a1a08bc966eb1c3"},"dob":{"date":"1949-10-28T10:10:56.880Z","age":74},"registered":{"date":"2016-06-12T06:52:36.268Z","age":8},"phone":"9221987336","cell":"7909191932","id":{"name":"UIDAI","value":"327389957229"},"picture":{"large":"https://randomuser.me/api/portraits/women/86.jpg","medium":"https://randomuser.me/api/portraits/med/women/86.jpg","thumbnail":"https://randomuser.me/api/portraits/thumb/women/86.jpg"},"nat":"IN"}],"info":{"seed":"d956393dc660fe4a","results":1,"page":1,"version":"1.4"}} 
 </msg>
<msg time="2024-07-22T06:22:13.919926" level="INFO">/opt/hostedtoolcache/Python/3.12.4/x64/lib/python3.12/site-packages/urllib3/connectionpool.py:1099: InsecureRequestWarning: Unverified HTTPS request is being made to host 'randomuser.me'. Adding certificate verification is strongly advised. See: https://urllib3.readthedocs.io/en/latest/advanced-usage.html#tls-warnings
  warnings.warn(</msg>
<msg time="2024-07-22T06:22:13.920080" level="INFO">${response} = &lt;Response [200]&gt;</msg>
<var>${response}</var>
<arg>consultarAPI</arg>
<arg>/api</arg>
<doc>Sends a GET request on a previously created HTTP Session.</doc>
<status status="PASS" start="2024-07-22T06:22:13.823796" elapsed="0.096331"/>
</kw>
<kw name="Set Variable" owner="BuiltIn">
<msg time="2024-07-22T06:22:13.921290" level="INFO">${json_data} = {'results': [{'gender': 'female', 'name': {'title': 'Miss', 'first': 'Parimala', 'last': 'Uchil'}, 'location': {'street': {'number': 2080, 'name': 'Old Jail Rd'}, 'city': 'Rajahmundry', 'state': 'Chan...</msg>
<var>${json_data}</var>
<arg>${response.json()}</arg>
<doc>Returns the given values which can then be assigned to a variables.</doc>
<status status="PASS" start="2024-07-22T06:22:13.920715" elapsed="0.000605"/>
</kw>
<kw name="Log" owner="BuiltIn">
<msg time="2024-07-22T06:22:13.921892" level="INFO">{'results': [{'gender': 'female', 'name': {'title': 'Miss', 'first': 'Parimala', 'last': 'Uchil'}, 'location': {'street': {'number': 2080, 'name': 'Old Jail Rd'}, 'city': 'Rajahmundry', 'state': 'Chandigarh', 'country': 'India', 'postcode': 53558, 'coordinates': {'latitude': '5.6445', 'longitude': '58.7279'}, 'timezone': {'offset': '-3:00', 'description': 'Brazil, Buenos Aires, Georgetown'}}, 'email': 'parimala.uchil@example.com', 'login': {'uuid': '8f0539c2-72a9-45b6-b2e7-6a1bec442edc', 'username': 'heavykoala706', 'password': 'tracey', 'salt': 'iMJwRxlk', 'md5': '7c0732964c1b3a55903886f5daa14788', 'sha1': '16a554764fc7530a294ca85c908896706988dd87', 'sha256': '0b84509e4d7998f7465647ff382323994d324fef8bba59517a1a08bc966eb1c3'}, 'dob': {'date': '1949-10-28T10:10:56.880Z', 'age': 74}, 'registered': {'date': '2016-06-12T06:52:36.268Z', 'age': 8}, 'phone': '9221987336', 'cell': '7909191932', 'id': {'name': 'UIDAI', 'value': '327389957229'}, 'picture': {'large': 'https://randomuser.me/api/portraits/women/86.jpg', 'medium': 'https://randomuser.me/api/portraits/med/women/86.jpg', 'thumbnail': 'https://randomuser.me/api/portraits/thumb/women/86.jpg'}, 'nat': 'IN'}], 'info': {'seed': 'd956393dc660fe4a', 'results': 1, 'page': 1, 'version': '1.4'}}</msg>
<arg>${json_data}</arg>
<doc>Logs the given message with the given level.</doc>
<status status="PASS" start="2024-07-22T06:22:13.921702" elapsed="0.000246"/>
</kw>
<kw name="Dictionary Should Contain Key" owner="Collections">
<arg>${json_data}</arg>
<arg>results</arg>
<doc>Fails if ``key`` is not found from ``dictionary``.</doc>
<status status="PASS" start="2024-07-22T06:22:13.922306" elapsed="0.000185"/>
</kw>
<kw name="Should Not Be Empty" owner="BuiltIn">
<msg time="2024-07-22T06:22:13.922838" level="INFO">Length is 2.</msg>
<arg>${json_data}</arg>
<doc>Verifies that the given item is not empty.</doc>
<status status="PASS" start="2024-07-22T06:22:13.922695" elapsed="0.000185"/>
</kw>
<kw name="Create List" owner="BuiltIn">
<msg time="2024-07-22T06:22:13.923362" level="INFO">${expected_keys} = ['gender', 'name', 'location', 'email', 'login']</msg>
<var>${expected_keys}</var>
<arg>gender</arg>
<arg>name</arg>
<arg>location</arg>
<arg>email</arg>
<arg>login</arg>
<doc>Returns a list containing given items.</doc>
<status status="PASS" start="2024-07-22T06:22:13.923199" elapsed="0.000187"/>
</kw>
<for flavor="IN">
<iter>
<kw name="Dictionary Should Contain Key" owner="Collections">
<arg>${json_data['results'][0]}</arg>
<arg>${key}</arg>
<doc>Fails if ``key`` is not found from ``dictionary``.</doc>
<status status="PASS" start="2024-07-22T06:22:13.924023" elapsed="0.000442"/>
</kw>
<kw name="Log" owner="BuiltIn">
<msg time="2024-07-22T06:22:13.925082" level="INFO">{'gender': 'female', 'name': {'title': 'Miss', 'first': 'Parimala', 'last': 'Uchil'}, 'location': {'street': {'number': 2080, 'name': 'Old Jail Rd'}, 'city': 'Rajahmundry', 'state': 'Chandigarh', 'country': 'India', 'postcode': 53558, 'coordinates': {'latitude': '5.6445', 'longitude': '58.7279'}, 'timezone': {'offset': '-3:00', 'description': 'Brazil, Buenos Aires, Georgetown'}}, 'email': 'parimala.uchil@example.com', 'login': {'uuid': '8f0539c2-72a9-45b6-b2e7-6a1bec442edc', 'username': 'heavykoala706', 'password': 'tracey', 'salt': 'iMJwRxlk', 'md5': '7c0732964c1b3a55903886f5daa14788', 'sha1': '16a554764fc7530a294ca85c908896706988dd87', 'sha256': '0b84509e4d7998f7465647ff382323994d324fef8bba59517a1a08bc966eb1c3'}, 'dob': {'date': '1949-10-28T10:10:56.880Z', 'age': 74}, 'registered': {'date': '2016-06-12T06:52:36.268Z', 'age': 8}, 'phone': '9221987336', 'cell': '7909191932', 'id': {'name': 'UIDAI', 'value': '327389957229'}, 'picture': {'large': 'https://randomuser.me/api/portraits/women/86.jpg', 'medium': 'https://randomuser.me/api/portraits/med/women/86.jpg', 'thumbnail': 'https://randomuser.me/api/portraits/thumb/women/86.jpg'}, 'nat': 'IN'}</msg>
<arg>${json_data['results'][0]}</arg>
<doc>Logs the given message with the given level.</doc>
<status status="PASS" start="2024-07-22T06:22:13.924697" elapsed="0.000438"/>
</kw>
<kw name="Log" owner="BuiltIn">
<msg time="2024-07-22T06:22:13.925583" level="INFO">gender</msg>
<arg>${key}</arg>
<doc>Logs the given message with the given level.</doc>
<status status="PASS" start="2024-07-22T06:22:13.925449" elapsed="0.000173"/>
</kw>
<var name="${key}">gender</var>
<status status="PASS" start="2024-07-22T06:22:13.923881" elapsed="0.001962"/>
</iter>
<iter>
<kw name="Dictionary Should Contain Key" owner="Collections">
<arg>${json_data['results'][0]}</arg>
<arg>${key}</arg>
<doc>Fails if ``key`` is not found from ``dictionary``.</doc>
<status status="PASS" start="2024-07-22T06:22:13.926161" elapsed="0.000459"/>
</kw>
<kw name="Log" owner="BuiltIn">
<msg time="2024-07-22T06:22:13.927180" level="INFO">{'gender': 'female', 'name': {'title': 'Miss', 'first': 'Parimala', 'last': 'Uchil'}, 'location': {'street': {'number': 2080, 'name': 'Old Jail Rd'}, 'city': 'Rajahmundry', 'state': 'Chandigarh', 'country': 'India', 'postcode': 53558, 'coordinates': {'latitude': '5.6445', 'longitude': '58.7279'}, 'timezone': {'offset': '-3:00', 'description': 'Brazil, Buenos Aires, Georgetown'}}, 'email': 'parimala.uchil@example.com', 'login': {'uuid': '8f0539c2-72a9-45b6-b2e7-6a1bec442edc', 'username': 'heavykoala706', 'password': 'tracey', 'salt': 'iMJwRxlk', 'md5': '7c0732964c1b3a55903886f5daa14788', 'sha1': '16a554764fc7530a294ca85c908896706988dd87', 'sha256': '0b84509e4d7998f7465647ff382323994d324fef8bba59517a1a08bc966eb1c3'}, 'dob': {'date': '1949-10-28T10:10:56.880Z', 'age': 74}, 'registered': {'date': '2016-06-12T06:52:36.268Z', 'age': 8}, 'phone': '9221987336', 'cell': '7909191932', 'id': {'name': 'UIDAI', 'value': '327389957229'}, 'picture': {'large': 'https://randomuser.me/api/portraits/women/86.jpg', 'medium': 'https://randomuser.me/api/portraits/med/women/86.jpg', 'thumbnail': 'https://randomuser.me/api/portraits/thumb/women/86.jpg'}, 'nat': 'IN'}</msg>
<arg>${json_data['results'][0]}</arg>
<doc>Logs the given message with the given level.</doc>
<status status="PASS" start="2024-07-22T06:22:13.926805" elapsed="0.000466"/>
</kw>
<kw name="Log" owner="BuiltIn">
<msg time="2024-07-22T06:22:13.927703" level="INFO">name</msg>
<arg>${key}</arg>
<doc>Logs the given message with the given level.</doc>
<status status="PASS" start="2024-07-22T06:22:13.927574" elapsed="0.000168"/>
</kw>
<var name="${key}">name</var>
<status status="PASS" start="2024-07-22T06:22:13.926045" elapsed="0.001917"/>
</iter>
<iter>
<kw name="Dictionary Should Contain Key" owner="Collections">
<arg>${json_data['results'][0]}</arg>
<arg>${key}</arg>
<doc>Fails if ``key`` is not found from ``dictionary``.</doc>
<status status="PASS" start="2024-07-22T06:22:13.928259" elapsed="0.000447"/>
</kw>
<kw name="Log" owner="BuiltIn">
<msg time="2024-07-22T06:22:13.929261" level="INFO">{'gender': 'female', 'name': {'title': 'Miss', 'first': 'Parimala', 'last': 'Uchil'}, 'location': {'street': {'number': 2080, 'name': 'Old Jail Rd'}, 'city': 'Rajahmundry', 'state': 'Chandigarh', 'country': 'India', 'postcode': 53558, 'coordinates': {'latitude': '5.6445', 'longitude': '58.7279'}, 'timezone': {'offset': '-3:00', 'description': 'Brazil, Buenos Aires, Georgetown'}}, 'email': 'parimala.uchil@example.com', 'login': {'uuid': '8f0539c2-72a9-45b6-b2e7-6a1bec442edc', 'username': 'heavykoala706', 'password': 'tracey', 'salt': 'iMJwRxlk', 'md5': '7c0732964c1b3a55903886f5daa14788', 'sha1': '16a554764fc7530a294ca85c908896706988dd87', 'sha256': '0b84509e4d7998f7465647ff382323994d324fef8bba59517a1a08bc966eb1c3'}, 'dob': {'date': '1949-10-28T10:10:56.880Z', 'age': 74}, 'registered': {'date': '2016-06-12T06:52:36.268Z', 'age': 8}, 'phone': '9221987336', 'cell': '7909191932', 'id': {'name': 'UIDAI', 'value': '327389957229'}, 'picture': {'large': 'https://randomuser.me/api/portraits/women/86.jpg', 'medium': 'https://randomuser.me/api/portraits/med/women/86.jpg', 'thumbnail': 'https://randomuser.me/api/portraits/thumb/women/86.jpg'}, 'nat': 'IN'}</msg>
<arg>${json_data['results'][0]}</arg>
<doc>Logs the given message with the given level.</doc>
<status status="PASS" start="2024-07-22T06:22:13.928901" elapsed="0.000411"/>
</kw>
<kw name="Log" owner="BuiltIn">
<msg time="2024-07-22T06:22:13.929740" level="INFO">location</msg>
<arg>${key}</arg>
<doc>Logs the given message with the given level.</doc>
<status status="PASS" start="2024-07-22T06:22:13.929611" elapsed="0.000167"/>
</kw>
<var name="${key}">location</var>
<status status="PASS" start="2024-07-22T06:22:13.928149" elapsed="0.001846"/>
</iter>
<iter>
<kw name="Dictionary Should Contain Key" owner="Collections">
<arg>${json_data['results'][0]}</arg>
<arg>${key}</arg>
<doc>Fails if ``key`` is not found from ``dictionary``.</doc>
<status status="PASS" start="2024-07-22T06:22:13.930282" elapsed="0.000385"/>
</kw>
<kw name="Log" owner="BuiltIn">
<msg time="2024-07-22T06:22:13.931388" level="INFO">{'gender': 'female', 'name': {'title': 'Miss', 'first': 'Parimala', 'last': 'Uchil'}, 'location': {'street': {'number': 2080, 'name': 'Old Jail Rd'}, 'city': 'Rajahmundry', 'state': 'Chandigarh', 'country': 'India', 'postcode': 53558, 'coordinates': {'latitude': '5.6445', 'longitude': '58.7279'}, 'timezone': {'offset': '-3:00', 'description': 'Brazil, Buenos Aires, Georgetown'}}, 'email': 'parimala.uchil@example.com', 'login': {'uuid': '8f0539c2-72a9-45b6-b2e7-6a1bec442edc', 'username': 'heavykoala706', 'password': 'tracey', 'salt': 'iMJwRxlk', 'md5': '7c0732964c1b3a55903886f5daa14788', 'sha1': '16a554764fc7530a294ca85c908896706988dd87', 'sha256': '0b84509e4d7998f7465647ff382323994d324fef8bba59517a1a08bc966eb1c3'}, 'dob': {'date': '1949-10-28T10:10:56.880Z', 'age': 74}, 'registered': {'date': '2016-06-12T06:52:36.268Z', 'age': 8}, 'phone': '9221987336', 'cell': '7909191932', 'id': {'name': 'UIDAI', 'value': '327389957229'}, 'picture': {'large': 'https://randomuser.me/api/portraits/women/86.jpg', 'medium': 'https://randomuser.me/api/portraits/med/women/86.jpg', 'thumbnail': 'https://randomuser.me/api/portraits/thumb/women/86.jpg'}, 'nat': 'IN'}</msg>
<arg>${json_data['results'][0]}</arg>
<doc>Logs the given message with the given level.</doc>
<status status="PASS" start="2024-07-22T06:22:13.931006" elapsed="0.000435"/>
</kw>
<kw name="Log" owner="BuiltIn">
<msg time="2024-07-22T06:22:13.931906" level="INFO">email</msg>
<arg>${key}</arg>
<doc>Logs the given message with the given level.</doc>
<status status="PASS" start="2024-07-22T06:22:13.931769" elapsed="0.000178"/>
</kw>
<var name="${key}">email</var>
<status status="PASS" start="2024-07-22T06:22:13.930175" elapsed="0.002001"/>
</iter>
<iter>
<kw name="Dictionary Should Contain Key" owner="Collections">
<arg>${json_data['results'][0]}</arg>
<arg>${key}</arg>
<doc>Fails if ``key`` is not found from ``dictionary``.</doc>
<status status="PASS" start="2024-07-22T06:22:13.932497" elapsed="0.000446"/>
</kw>
<kw name="Log" owner="BuiltIn">
<msg time="2024-07-22T06:22:13.933520" level="INFO">{'gender': 'female', 'name': {'title': 'Miss', 'first': 'Parimala', 'last': 'Uchil'}, 'location': {'street': {'number': 2080, 'name': 'Old Jail Rd'}, 'city': 'Rajahmundry', 'state': 'Chandigarh', 'country': 'India', 'postcode': 53558, 'coordinates': {'latitude': '5.6445', 'longitude': '58.7279'}, 'timezone': {'offset': '-3:00', 'description': 'Brazil, Buenos Aires, Georgetown'}}, 'email': 'parimala.uchil@example.com', 'login': {'uuid': '8f0539c2-72a9-45b6-b2e7-6a1bec442edc', 'username': 'heavykoala706', 'password': 'tracey', 'salt': 'iMJwRxlk', 'md5': '7c0732964c1b3a55903886f5daa14788', 'sha1': '16a554764fc7530a294ca85c908896706988dd87', 'sha256': '0b84509e4d7998f7465647ff382323994d324fef8bba59517a1a08bc966eb1c3'}, 'dob': {'date': '1949-10-28T10:10:56.880Z', 'age': 74}, 'registered': {'date': '2016-06-12T06:52:36.268Z', 'age': 8}, 'phone': '9221987336', 'cell': '7909191932', 'id': {'name': 'UIDAI', 'value': '327389957229'}, 'picture': {'large': 'https://randomuser.me/api/portraits/women/86.jpg', 'medium': 'https://randomuser.me/api/portraits/med/women/86.jpg', 'thumbnail': 'https://randomuser.me/api/portraits/thumb/women/86.jpg'}, 'nat': 'IN'}</msg>
<arg>${json_data['results'][0]}</arg>
<doc>Logs the given message with the given level.</doc>
<status status="PASS" start="2024-07-22T06:22:13.933139" elapsed="0.000433"/>
</kw>
<kw name="Log" owner="BuiltIn">
<msg time="2024-07-22T06:22:13.934020" level="INFO">login</msg>
<arg>${key}</arg>
<doc>Logs the given message with the given level.</doc>
<status status="PASS" start="2024-07-22T06:22:13.933883" elapsed="0.000176"/>
</kw>
<var name="${key}">login</var>
<status status="PASS" start="2024-07-22T06:22:13.932379" elapsed="0.001903"/>
</iter>
<var>${key}</var>
<value>@{expected_keys}</value>
<status status="PASS" start="2024-07-22T06:22:13.923667" elapsed="0.010743"/>
</for>
<kw name="Create List" owner="BuiltIn">
<msg time="2024-07-22T06:22:13.934763" level="INFO">${expected_keysTwo} = ['username', 'password']</msg>
<var>${expected_keysTwo}</var>
<arg>username</arg>
<arg>password</arg>
<doc>Returns a list containing given items.</doc>
<status status="PASS" start="2024-07-22T06:22:13.934620" elapsed="0.000196"/>
</kw>
<for flavor="IN">
<iter>
<kw name="Dictionary Should Contain Key" owner="Collections">
<arg>${json_data['results'][0]['login']}</arg>
<arg>${keyTwo}</arg>
<doc>Fails if ``key`` is not found from ``dictionary``.</doc>
<status status="PASS" start="2024-07-22T06:22:13.935363" elapsed="0.000411"/>
</kw>
<kw name="Dictionary Should Contain Key" owner="Collections">
<arg>${json_data['results'][0]['login']}</arg>
<arg>${keyTwo}</arg>
<doc>Fails if ``key`` is not found from ``dictionary``.</doc>
<status status="PASS" start="2024-07-22T06:22:13.935969" elapsed="0.000396"/>
</kw>
<kw name="Log" owner="BuiltIn">
<msg time="2024-07-22T06:22:13.936723" level="INFO">username</msg>
<arg>${keyTwo}</arg>
<doc>Logs the given message with the given level.</doc>
<status status="PASS" start="2024-07-22T06:22:13.936582" elapsed="0.000181"/>
</kw>
<var name="${keyTwo}">username</var>
<status status="PASS" start="2024-07-22T06:22:13.935247" elapsed="0.001748"/>
</iter>
<iter>
<kw name="Dictionary Should Contain Key" owner="Collections">
<arg>${json_data['results'][0]['login']}</arg>
<arg>${keyTwo}</arg>
<doc>Fails if ``key`` is not found from ``dictionary``.</doc>
<status status="PASS" start="2024-07-22T06:22:13.937301" elapsed="0.000410"/>
</kw>
<kw name="Dictionary Should Contain Key" owner="Collections">
<arg>${json_data['results'][0]['login']}</arg>
<arg>${keyTwo}</arg>
<doc>Fails if ``key`` is not found from ``dictionary``.</doc>
<status status="PASS" start="2024-07-22T06:22:13.937899" elapsed="0.000392"/>
</kw>
<kw name="Log" owner="BuiltIn">
<msg time="2024-07-22T06:22:13.938621" level="INFO">password</msg>
<arg>${keyTwo}</arg>
<doc>Logs the given message with the given level.</doc>
<status status="PASS" start="2024-07-22T06:22:13.938485" elapsed="0.000176"/>
</kw>
<var name="${keyTwo}">password</var>
<status status="PASS" start="2024-07-22T06:22:13.937182" elapsed="0.001711"/>
</iter>
<var>${keyTwo}</var>
<value>@{expected_keysTwo}</value>
<status status="PASS" start="2024-07-22T06:22:13.935073" elapsed="0.003952"/>
</for>
<status status="PASS" start="2024-07-22T06:22:13.823534" elapsed="0.115651"/>
</kw>
<doc>Testa a estrutura da resposta da API.</doc>
<tag>testeEstruturaResposta</tag>
<status status="PASS" start="2024-07-22T06:22:13.822978" elapsed="0.116383"/>
</test>
<test id="s1-s1-t4" name="Validar tipos de dados" line="28">
<kw name="Teste de Tipos de Dados" owner="random-user-service">
<kw name="GET On Session" owner="RequestsLibrary">
<msg time="2024-07-22T06:22:14.031536" level="INFO">GET Request : url=https://randomuser.me/api 
 path_url=/api 
 headers={'User-Agent': 'python-requests/2.32.3', 'Accept-Encoding': 'gzip, deflate', 'Accept': '*/*', 'Connection': 'keep-alive'} 
 body=None 
 </msg>
<msg time="2024-07-22T06:22:14.031650" level="INFO">GET Response : url=https://randomuser.me/api 
 status=200, reason=OK 
 headers={'Date': 'Mon, 22 Jul 2024 06:22:14 GMT', 'Content-Type': 'application/json; charset=utf-8', 'Transfer-Encoding': 'chunked', 'Connection': 'keep-alive', 'X-Powered-By': 'Express', 'Access-Control-Allow-Origin': '*', 'Cache-Control': 'no-cache', 'ETag': 'W/"498-X8Hy0tJyRlRYwHXnWfaRbtNTaBs"', 'Vary': 'Accept-Encoding', 'Content-Encoding': 'gzip', 'CF-Cache-Status': 'DYNAMIC', 'Report-To': '{"endpoints":[{"url":"https:\\/\\/a.nel.cloudflare.com\\/report\\/v4?s=Q8EQujlhNzljMWehkYZJ%2BL%2BF6kGk4gOxP0LC4VqN2D9xnqebFblVOoR4J1aeRlg%2BU%2BKhKq9RWLKUqrs%2F4h5TdnRxqWK2wz4dXdGBWqfMy47qQlPS%2FYJWtYQcQLGwoXSR"}],"group":"cf-nel","max_age":604800}', 'NEL': '{"success_fraction":0,"report_to":"cf-nel","max_age":604800}', 'Server': 'cloudflare', 'CF-RAY': '8a7155c92c239c42-IAD', 'alt-svc': 'h3=":443"; ma=86400'} 
 body={"results":[{"gender":"female","name":{"title":"Miss","first":"Danica","last":"Ivanović"},"location":{"street":{"number":5233,"name":"Ace Nikolića"},"city":"Rekovac","state":"South Bačka","country":"Serbia","postcode":65818,"coordinates":{"latitude":"60.6027","longitude":"158.0539"},"timezone":{"offset":"+5:30","description":"Bombay, Calcutta, Madras, New Delhi"}},"email":"danica.ivanovic@example.com","login":{"uuid":"230b80bc-95c3-46fc-93d2-b19913dc85dc","username":"blackpanda195","password":"steele","salt":"vVoy7V3m","md5":"164d397e1724a311c8493273930ec382","sha1":"1d3be44c357271419be3c98f997be29248228a3c","sha256":"9b5326d50dd652ce8ac9d8171109d411946a73dc7cb0262f95a2dd16ebce3833"},"dob":{"date":"1979-07-13T11:52:47.941Z","age":45},"registered":{"date":"2013-11-15T01:12:36.981Z","age":10},"phone":"018-7538-854","cell":"067-0413-937","id":{"name":"SID","value":"535413639"},"picture":{"large":"https://randomuser.me/api/portraits/women/9.jpg","medium":"https://randomuser.me/api/portraits/med/women/9.jpg","thumbnail":"https://randomuser.me/api/portraits/thumb/women/9.jpg"},"nat":"RS"}],"info":{"seed":"163ad38432884685","results":1,"page":1,"version":"1.4"}} 
 </msg>
<msg time="2024-07-22T06:22:14.031742" level="INFO">/opt/hostedtoolcache/Python/3.12.4/x64/lib/python3.12/site-packages/urllib3/connectionpool.py:1099: InsecureRequestWarning: Unverified HTTPS request is being made to host 'randomuser.me'. Adding certificate verification is strongly advised. See: https://urllib3.readthedocs.io/en/latest/advanced-usage.html#tls-warnings
  warnings.warn(</msg>
<msg time="2024-07-22T06:22:14.031909" level="INFO">${response} = &lt;Response [200]&gt;</msg>
<var>${response}</var>
<arg>consultarAPI</arg>
<arg>/api</arg>
<doc>Sends a GET request on a previously created HTTP Session.</doc>
<status status="PASS" start="2024-07-22T06:22:13.942024" elapsed="0.089937"/>
</kw>
<kw name="Set Variable" owner="BuiltIn">
<msg time="2024-07-22T06:22:14.033127" level="INFO">${json_data} = {'results': [{'gender': 'female', 'name': {'title': 'Miss', 'first': 'Danica', 'last': 'Ivanović'}, 'location': {'street': {'number': 5233, 'name': 'Ace Nikolića'}, 'city': 'Rekovac', 'state': 'South ...</msg>
<var>${json_data}</var>
<arg>${response.json()}</arg>
<doc>Returns the given values which can then be assigned to a variables.</doc>
<status status="PASS" start="2024-07-22T06:22:14.032550" elapsed="0.000608"/>
</kw>
<kw name="Log" owner="BuiltIn">
<msg time="2024-07-22T06:22:14.033704" level="INFO">{'results': [{'gender': 'female', 'name': {'title': 'Miss', 'first': 'Danica', 'last': 'Ivanović'}, 'location': {'street': {'number': 5233, 'name': 'Ace Nikolića'}, 'city': 'Rekovac', 'state': 'South Bačka', 'country': 'Serbia', 'postcode': 65818, 'coordinates': {'latitude': '60.6027', 'longitude': '158.0539'}, 'timezone': {'offset': '+5:30', 'description': 'Bombay, Calcutta, Madras, New Delhi'}}, 'email': 'danica.ivanovic@example.com', 'login': {'uuid': '230b80bc-95c3-46fc-93d2-b19913dc85dc', 'username': 'blackpanda195', 'password': 'steele', 'salt': 'vVoy7V3m', 'md5': '164d397e1724a311c8493273930ec382', 'sha1': '1d3be44c357271419be3c98f997be29248228a3c', 'sha256': '9b5326d50dd652ce8ac9d8171109d411946a73dc7cb0262f95a2dd16ebce3833'}, 'dob': {'date': '1979-07-13T11:52:47.941Z', 'age': 45}, 'registered': {'date': '2013-11-15T01:12:36.981Z', 'age': 10}, 'phone': '018-7538-854', 'cell': '067-0413-937', 'id': {'name': 'SID', 'value': '535413639'}, 'picture': {'large': 'https://randomuser.me/api/portraits/women/9.jpg', 'medium': 'https://randomuser.me/api/portraits/med/women/9.jpg', 'thumbnail': 'https://randomuser.me/api/portraits/thumb/women/9.jpg'}, 'nat': 'RS'}], 'info': {'seed': '163ad38432884685', 'results': 1, 'page': 1, 'version': '1.4'}}</msg>
<arg>${json_data}</arg>
<doc>Logs the given message with the given level.</doc>
<status status="PASS" start="2024-07-22T06:22:14.033530" elapsed="0.000227"/>
</kw>
<kw name="Should Be String" owner="String">
<arg>${json_data['results'][0]['gender']}</arg>
<doc>Fails if the given ``item`` is not a string.</doc>
<status status="PASS" start="2024-07-22T06:22:14.034063" elapsed="0.000391"/>
</kw>
<kw name="Should Match Regexp" owner="BuiltIn">
<arg>${json_data['results'][0]['email']}</arg>
<arg>^[a-zA-Z0-9._%+-]+@[a-zA-Z0-9.-]+\.[a-zA-Z]{2,}$</arg>
<doc>Fails if ``string`` does not match ``pattern`` as a regular expression.</doc>
<status status="PASS" start="2024-07-22T06:22:14.034650" elapsed="0.000583"/>
</kw>
<kw name="Should Match Regexp" owner="BuiltIn">
<arg>${json_data['results'][0]['dob']['date']}</arg>
<arg>\\d{4}-\\d{2}-\\d{2}T\\d{2}:\\d{2}:\\d{2}\\.\\d{3}Z</arg>
<doc>Fails if ``string`` does not match ``pattern`` as a regular expression.</doc>
<status status="PASS" start="2024-07-22T06:22:14.035442" elapsed="0.000683"/>
</kw>
<kw name="Should Match Regexp" owner="BuiltIn">
<arg>${json_data['results'][0]['registered']['date']}</arg>
<arg>\\d{4}-\\d{2}-\\d{2}T\\d{2}:\\d{2}:\\d{2}\\.\\d{3}Z</arg>
<doc>Fails if ``string`` does not match ``pattern`` as a regular expression.</doc>
<status status="PASS" start="2024-07-22T06:22:14.036335" elapsed="0.000430"/>
</kw>
<kw name="Should Match Regexp" owner="BuiltIn">
<arg>${json_data['results'][0]['picture']['large']}</arg>
<arg>^https?://.*\.(?:png|jpe?g|gif|bmp)$</arg>
<doc>Fails if ``string`` does not match ``pattern`` as a regular expression.</doc>
<status status="PASS" start="2024-07-22T06:22:14.036967" elapsed="0.000500"/>
</kw>
<kw name="Should Match Regexp" owner="BuiltIn">
<arg>${json_data['results'][0]['picture']['medium']}</arg>
<arg>^https?://.*\.(?:png|jpe?g|gif|bmp)$</arg>
<doc>Fails if ``string`` does not match ``pattern`` as a regular expression.</doc>
<status status="PASS" start="2024-07-22T06:22:14.037671" elapsed="0.000376"/>
</kw>
<kw name="Should Match Regexp" owner="BuiltIn">
<arg>${json_data['results'][0]['picture']['thumbnail']}</arg>
<arg>^https?://.*\.(?:png|jpe?g|gif|bmp)$</arg>
<doc>Fails if ``string`` does not match ``pattern`` as a regular expression.</doc>
<status status="PASS" start="2024-07-22T06:22:14.038243" elapsed="0.000374"/>
</kw>
<kw name="Log" owner="BuiltIn">
<msg time="2024-07-22T06:22:14.039162" level="INFO">{'large': 'https://randomuser.me/api/portraits/women/9.jpg', 'medium': 'https://randomuser.me/api/portraits/med/women/9.jpg', 'thumbnail': 'https://randomuser.me/api/portraits/thumb/women/9.jpg'}</msg>
<arg>${json_data['results'][0]['picture']}</arg>
<doc>Logs the given message with the given level.</doc>
<status status="PASS" start="2024-07-22T06:22:14.038812" elapsed="0.000395"/>
</kw>
<status status="PASS" start="2024-07-22T06:22:13.941792" elapsed="0.097694"/>
</kw>
<kw name="Teste de Tipos de Dados - Postcode" owner="random-user-service">
<kw name="GET On Session" owner="RequestsLibrary">
<msg time="2024-07-22T06:22:14.134128" level="INFO">GET Request : url=https://randomuser.me/api 
 path_url=/api 
 headers={'User-Agent': 'python-requests/2.32.3', 'Accept-Encoding': 'gzip, deflate', 'Accept': '*/*', 'Connection': 'keep-alive'} 
 body=None 
 </msg>
<msg time="2024-07-22T06:22:14.134240" level="INFO">GET Response : url=https://randomuser.me/api 
 status=200, reason=OK 
 headers={'Date': 'Mon, 22 Jul 2024 06:22:14 GMT', 'Content-Type': 'application/json; charset=utf-8', 'Transfer-Encoding': 'chunked', 'Connection': 'keep-alive', 'X-Powered-By': 'Express', 'Access-Control-Allow-Origin': '*', 'Cache-Control': 'no-cache', 'ETag': 'W/"49e-qRHar4IKYRmwZDnhb3Od+5RQaYU"', 'Vary': 'Accept-Encoding', 'Content-Encoding': 'gzip', 'CF-Cache-Status': 'DYNAMIC', 'Report-To': '{"endpoints":[{"url":"https:\\/\\/a.nel.cloudflare.com\\/report\\/v4?s=vgcm4ioPrL8yah%2F0OFT54q0%2F5L6%2FAbMTm8xBl%2BvodQwFGsmr4j64fFgvoiK4Luar8buzKOXjSaELNNAO%2FMDfMTUH4kKiKSEXndQGKtEgIuGxy%2FzfKq%2FqxEmvpdwSlSMf"}],"group":"cf-nel","max_age":604800}', 'NEL': '{"success_fraction":0,"report_to":"cf-nel","max_age":604800}', 'Server': 'cloudflare', 'CF-RAY': '8a7155c9cd089c42-IAD', 'alt-svc': 'h3=":443"; ma=86400'} 
 body={"results":[{"gender":"female","name":{"title":"Ms","first":"Alicia","last":"Pascual"},"location":{"street":{"number":8831,"name":"Calle de Bravo Murillo"},"city":"Alcalá de Henares","state":"Melilla","country":"Spain","postcode":45854,"coordinates":{"latitude":"-34.4435","longitude":"41.0181"},"timezone":{"offset":"+4:00","description":"Abu Dhabi, Muscat, Baku, Tbilisi"}},"email":"alicia.pascual@example.com","login":{"uuid":"0bf9e60c-6cea-4f48-9e38-9b8b1f1e8018","username":"lazymeercat750","password":"cassidy","salt":"X5O7pHY6","md5":"6927c592503d2fe45db8ff9b40b7133f","sha1":"045a19a5437930b7e76f3bc0dd04d72d4c33054c","sha256":"cd15cd07040437a69fe1fa92c1815e2993f8c50cabc1b51cbecd1f7b236b6b19"},"dob":{"date":"1974-07-17T18:33:20.074Z","age":50},"registered":{"date":"2017-02-17T19:33:06.631Z","age":7},"phone":"990-950-051","cell":"699-221-108","id":{"name":"DNI","value":"74256471-J"},"picture":{"large":"https://randomuser.me/api/portraits/women/8.jpg","medium":"https://randomuser.me/api/portraits/med/women/8.jpg","thumbnail":"https://randomuser.me/api/portraits/thumb/women/8.jpg"},"nat":"ES"}],"info":{"seed":"b470fc729df1de18","results":1,"page":1,"version":"1.4"}} 
 </msg>
<msg time="2024-07-22T06:22:14.134323" level="INFO">/opt/hostedtoolcache/Python/3.12.4/x64/lib/python3.12/site-packages/urllib3/connectionpool.py:1099: InsecureRequestWarning: Unverified HTTPS request is being made to host 'randomuser.me'. Adding certificate verification is strongly advised. See: https://urllib3.readthedocs.io/en/latest/advanced-usage.html#tls-warnings
  warnings.warn(</msg>
<msg time="2024-07-22T06:22:14.134458" level="INFO">${response} = &lt;Response [200]&gt;</msg>
<var>${response}</var>
<arg>consultarAPI</arg>
<arg>/api</arg>
<doc>Sends a GET request on a previously created HTTP Session.</doc>
<status status="PASS" start="2024-07-22T06:22:14.039979" elapsed="0.094525"/>
</kw>
<kw name="Set Variable" owner="BuiltIn">
<msg time="2024-07-22T06:22:14.135519" level="INFO">${json_data} = {'results': [{'gender': 'female', 'name': {'title': 'Ms', 'first': 'Alicia', 'last': 'Pascual'}, 'location': {'street': {'number': 8831, 'name': 'Calle de Bravo Murillo'}, 'city': 'Alcalá de Henares',...</msg>
<var>${json_data}</var>
<arg>${response.json()}</arg>
<doc>Returns the given values which can then be assigned to a variables.</doc>
<status status="PASS" start="2024-07-22T06:22:14.135014" elapsed="0.000534"/>
</kw>
<kw name="Log" owner="BuiltIn">
<msg time="2024-07-22T06:22:14.136013" level="INFO">{'results': [{'gender': 'female', 'name': {'title': 'Ms', 'first': 'Alicia', 'last': 'Pascual'}, 'location': {'street': {'number': 8831, 'name': 'Calle de Bravo Murillo'}, 'city': 'Alcalá de Henares', 'state': 'Melilla', 'country': 'Spain', 'postcode': 45854, 'coordinates': {'latitude': '-34.4435', 'longitude': '41.0181'}, 'timezone': {'offset': '+4:00', 'description': 'Abu Dhabi, Muscat, Baku, Tbilisi'}}, 'email': 'alicia.pascual@example.com', 'login': {'uuid': '0bf9e60c-6cea-4f48-9e38-9b8b1f1e8018', 'username': 'lazymeercat750', 'password': 'cassidy', 'salt': 'X5O7pHY6', 'md5': '6927c592503d2fe45db8ff9b40b7133f', 'sha1': '045a19a5437930b7e76f3bc0dd04d72d4c33054c', 'sha256': 'cd15cd07040437a69fe1fa92c1815e2993f8c50cabc1b51cbecd1f7b236b6b19'}, 'dob': {'date': '1974-07-17T18:33:20.074Z', 'age': 50}, 'registered': {'date': '2017-02-17T19:33:06.631Z', 'age': 7}, 'phone': '990-950-051', 'cell': '699-221-108', 'id': {'name': 'DNI', 'value': '74256471-J'}, 'picture': {'large': 'https://randomuser.me/api/portraits/women/8.jpg', 'medium': 'https://randomuser.me/api/portraits/med/women/8.jpg', 'thumbnail': 'https://randomuser.me/api/portraits/thumb/women/8.jpg'}, 'nat': 'ES'}], 'info': {'seed': 'b470fc729df1de18', 'results': 1, 'page': 1, 'version': '1.4'}}</msg>
<arg>${json_data}</arg>
<doc>Logs the given message with the given level.</doc>
<status status="PASS" start="2024-07-22T06:22:14.135851" elapsed="0.000211"/>
</kw>
<kw name="Should Be Equal As Numbers" owner="BuiltIn">
<arg>${json_data['results'][0]['location']['postcode']}</arg>
<arg>${json_data['results'][0]['location']['postcode']}</arg>
<doc>Fails if objects are unequal after converting them to real numbers.</doc>
<status status="PASS" start="2024-07-22T06:22:14.136355" elapsed="0.000695"/>
</kw>
<kw name="Log" owner="BuiltIn">
<msg time="2024-07-22T06:22:14.137615" level="INFO">45854</msg>
<arg>${json_data['results'][0]['location']['postcode']}</arg>
<doc>Logs the given message with the given level.</doc>
<status status="PASS" start="2024-07-22T06:22:14.137242" elapsed="0.000450"/>
</kw>
<status status="PASS" start="2024-07-22T06:22:14.039731" elapsed="0.098223"/>
</kw>
<doc>Testa se os tipos de dados na resposta da API estão corretos.</doc>
<tag>testeTiposDados</tag>
<status status="PASS" start="2024-07-22T06:22:13.941298" elapsed="0.196829"/>
</test>
<test id="s1-s1-t5" name="Validar conteudo" line="35">
<kw name="Teste de Tipos de Conteudo" owner="random-user-service">
<kw name="GET On Session" owner="RequestsLibrary">
<msg time="2024-07-22T06:22:14.236662" level="INFO">GET Request : url=https://randomuser.me/api 
 path_url=/api 
 headers={'User-Agent': 'python-requests/2.32.3', 'Accept-Encoding': 'gzip, deflate', 'Accept': '*/*', 'Connection': 'keep-alive'} 
 body=None 
 </msg>
<msg time="2024-07-22T06:22:14.236762" level="INFO">GET Response : url=https://randomuser.me/api 
 status=200, reason=OK 
 headers={'Date': 'Mon, 22 Jul 2024 06:22:14 GMT', 'Content-Type': 'application/json; charset=utf-8', 'Transfer-Encoding': 'chunked', 'Connection': 'keep-alive', 'X-Powered-By': 'Express', 'Access-Control-Allow-Origin': '*', 'Cache-Control': 'no-cache', 'ETag': 'W/"467-VUjEDKNfVpfXQa5WQhGvuSOqAdY"', 'Vary': 'Accept-Encoding', 'Content-Encoding': 'gzip', 'CF-Cache-Status': 'DYNAMIC', 'Report-To': '{"endpoints":[{"url":"https:\\/\\/a.nel.cloudflare.com\\/report\\/v4?s=v1dDqy%2Bjxn0HmJt1IwEVgRP9bItZ6dPfyJHT%2F2OP4EZTfBDR8XgM%2BV%2F0YRniMMMLjE7vtwdY%2BQX676eRF8MILGETfFJXqyT%2BXzhTk5V7POiqht%2BteuZCveqsOT3ifBld"}],"group":"cf-nel","max_age":604800}', 'NEL': '{"success_fraction":0,"report_to":"cf-nel","max_age":604800}', 'Server': 'cloudflare', 'CF-RAY': '8a7155ca6d909c42-IAD', 'alt-svc': 'h3=":443"; ma=86400'} 
 body={"results":[{"gender":"male","name":{"title":"Mr","first":"Shayan","last":"Tøsse"},"location":{"street":{"number":4787,"name":"Parkenga"},"city":"Verdalsøra","state":"Trøndelag","country":"Norway","postcode":"5055","coordinates":{"latitude":"44.8348","longitude":"-175.7117"},"timezone":{"offset":"-10:00","description":"Hawaii"}},"email":"shayan.tosse@example.com","login":{"uuid":"de17aeeb-eb59-4144-b14c-771472dd3db5","username":"crazyrabbit545","password":"alpha","salt":"3TtLgrsQ","md5":"f27b84f2d0f6e4633cd8f6caefef0052","sha1":"cb49e1e3e0aea216dd5f44922516e5f2c3ff060f","sha256":"aab60b990e565b13f890506742ec8bed79aa26b6f175c95036bdd9d3f373d2d4"},"dob":{"date":"1971-11-29T18:25:59.965Z","age":52},"registered":{"date":"2004-07-06T10:48:05.175Z","age":20},"phone":"51882873","cell":"43209915","id":{"name":"FN","value":"29117108307"},"picture":{"large":"https://randomuser.me/api/portraits/men/30.jpg","medium":"https://randomuser.me/api/portraits/med/men/30.jpg","thumbnail":"https://randomuser.me/api/portraits/thumb/men/30.jpg"},"nat":"NO"}],"info":{"seed":"67094a395b964e0b","results":1,"page":1,"version":"1.4"}} 
 </msg>
<msg time="2024-07-22T06:22:14.236835" level="INFO">/opt/hostedtoolcache/Python/3.12.4/x64/lib/python3.12/site-packages/urllib3/connectionpool.py:1099: InsecureRequestWarning: Unverified HTTPS request is being made to host 'randomuser.me'. Adding certificate verification is strongly advised. See: https://urllib3.readthedocs.io/en/latest/advanced-usage.html#tls-warnings
  warnings.warn(</msg>
<msg time="2024-07-22T06:22:14.236978" level="INFO">${response} = &lt;Response [200]&gt;</msg>
<var>${response}</var>
<arg>consultarAPI</arg>
<arg>/api</arg>
<doc>Sends a GET request on a previously created HTTP Session.</doc>
<status status="PASS" start="2024-07-22T06:22:14.140575" elapsed="0.096451"/>
</kw>
<kw name="Set Variable" owner="BuiltIn">
<msg time="2024-07-22T06:22:14.238080" level="INFO">${json_data} = {'results': [{'gender': 'male', 'name': {'title': 'Mr', 'first': 'Shayan', 'last': 'Tøsse'}, 'location': {'street': {'number': 4787, 'name': 'Parkenga'}, 'city': 'Verdalsøra', 'state': 'Trøndelag', 'c...</msg>
<var>${json_data}</var>
<arg>${response.json()}</arg>
<doc>Returns the given values which can then be assigned to a variables.</doc>
<status status="PASS" start="2024-07-22T06:22:14.237526" elapsed="0.000585"/>
</kw>
<kw name="Set Variable" owner="BuiltIn">
<msg time="2024-07-22T06:22:14.238798" level="INFO">${name_title} = Mr</msg>
<var>${name_title}</var>
<arg>${json_data["results"][0]["name"]["title"]}</arg>
<doc>Returns the given values which can then be assigned to a variables.</doc>
<status status="PASS" start="2024-07-22T06:22:14.238417" elapsed="0.000407"/>
</kw>
<kw name="Create List" owner="BuiltIn">
<msg time="2024-07-22T06:22:14.239265" level="INFO">${allowed_titles} = ['Mr', 'Ms', 'Miss', 'Mrs', 'Madame', 'Monsieur']</msg>
<var>${allowed_titles}</var>
<arg>Mr</arg>
<arg>Ms</arg>
<arg>Miss</arg>
<arg>Mrs</arg>
<arg>Madame</arg>
<arg>Monsieur</arg>
<doc>Returns a list containing given items.</doc>
<status status="PASS" start="2024-07-22T06:22:14.239119" elapsed="0.000170"/>
</kw>
<kw name="List Should Contain Value" owner="Collections">
<arg>${allowed_titles}</arg>
<arg>${name_title}</arg>
<doc>Fails if the ``value`` is not found from ``list``.</doc>
<status status="PASS" start="2024-07-22T06:22:14.239590" elapsed="0.000182"/>
</kw>
<kw name="Set Variable" owner="BuiltIn">
<msg time="2024-07-22T06:22:14.240327" level="INFO">${name_country} = NO</msg>
<var>${name_country}</var>
<arg>${json_data["results"][0]["nat"]}</arg>
<doc>Returns the given values which can then be assigned to a variables.</doc>
<status status="PASS" start="2024-07-22T06:22:14.239953" elapsed="0.000400"/>
</kw>
<kw name="Create List" owner="BuiltIn">
<msg time="2024-07-22T06:22:14.241288" level="INFO">${list_country} = ['AD', 'AE', 'AF', 'AG', 'AI', 'AL', 'AM', 'AO', 'AQ', 'AR', 'AS', 'AT', 'AU', 'AW', 'AX', 'AZ', 'BA', 'BB', 'BD', 'BE', 'BF', 'BG', 'BH', 'BI', 'BJ', 'BL', 'BM', 'BN', 'BO', 'BQ', 'BR', 'BS', 'BT', '...</msg>
<var>${list_country}</var>
<arg>AD</arg>
<arg>AE</arg>
<arg>AF</arg>
<arg>AG</arg>
<arg>AI</arg>
<arg>AL</arg>
<arg>AM</arg>
<arg>AO</arg>
<arg>AQ</arg>
<arg>AR</arg>
<arg>AS</arg>
<arg>AT</arg>
<arg>AU</arg>
<arg>AW</arg>
<arg>AX</arg>
<arg>AZ</arg>
<arg>BA</arg>
<arg>BB</arg>
<arg>BD</arg>
<arg>BE</arg>
<arg>BF</arg>
<arg>BG</arg>
<arg>BH</arg>
<arg>BI</arg>
<arg>BJ</arg>
<arg>BL</arg>
<arg>BM</arg>
<arg>BN</arg>
<arg>BO</arg>
<arg>BQ</arg>
<arg>BR</arg>
<arg>BS</arg>
<arg>BT</arg>
<arg>BV</arg>
<arg>BW</arg>
<arg>BY</arg>
<arg>BZ</arg>
<arg>CA</arg>
<arg>CC</arg>
<arg>CD</arg>
<arg>CF</arg>
<arg>CG</arg>
<arg>CH</arg>
<arg>CI</arg>
<arg>CK</arg>
<arg>CL</arg>
<arg>CM</arg>
<arg>CN</arg>
<arg>CO</arg>
<arg>CR</arg>
<arg>CU</arg>
<arg>CV</arg>
<arg>CW</arg>
<arg>CX</arg>
<arg>CY</arg>
<arg>CZ</arg>
<arg>DE</arg>
<arg>DJ</arg>
<arg>DK</arg>
<arg>DM</arg>
<arg>DO</arg>
<arg>DZ</arg>
<arg>EC</arg>
<arg>EE</arg>
<arg>EG</arg>
<arg>EH</arg>
<arg>ER</arg>
<arg>ES</arg>
<arg>ET</arg>
<arg>FI</arg>
<arg>FJ</arg>
<arg>FK</arg>
<arg>FM</arg>
<arg>FO</arg>
<arg>FR</arg>
<arg>GA</arg>
<arg>GB</arg>
<arg>GD</arg>
<arg>GE</arg>
<arg>GF</arg>
<arg>GG</arg>
<arg>GH</arg>
<arg>GI</arg>
<arg>GL</arg>
<arg>GM</arg>
<arg>GN</arg>
<arg>GP</arg>
<arg>GQ</arg>
<arg>GR</arg>
<arg>GS</arg>
<arg>GT</arg>
<arg>GU</arg>
<arg>GW</arg>
<arg>GY</arg>
<arg>HK</arg>
<arg>HM</arg>
<arg>HN</arg>
<arg>HR</arg>
<arg>HT</arg>
<arg>HU</arg>
<arg>ID</arg>
<arg>IE</arg>
<arg>IL</arg>
<arg>IM</arg>
<arg>IN</arg>
<arg>IO</arg>
<arg>IQ</arg>
<arg>IR</arg>
<arg>IS</arg>
<arg>IT</arg>
<arg>JE</arg>
<arg>JM</arg>
<arg>JO</arg>
<arg>JP</arg>
<arg>KE</arg>
<arg>KG</arg>
<arg>KH</arg>
<arg>KI</arg>
<arg>KM</arg>
<arg>KN</arg>
<arg>KP</arg>
<arg>KR</arg>
<arg>KW</arg>
<arg>KY</arg>
<arg>KZ</arg>
<arg>LA</arg>
<arg>LB</arg>
<arg>LC</arg>
<arg>LI</arg>
<arg>LK</arg>
<arg>LR</arg>
<arg>LS</arg>
<arg>LT</arg>
<arg>LU</arg>
<arg>LV</arg>
<arg>LY</arg>
<arg>MA</arg>
<arg>MC</arg>
<arg>MD</arg>
<arg>ME</arg>
<arg>MF</arg>
<arg>MG</arg>
<arg>MH</arg>
<arg>MK</arg>
<arg>ML</arg>
<arg>MM</arg>
<arg>MN</arg>
<arg>MO</arg>
<arg>MP</arg>
<arg>MQ</arg>
<arg>MR</arg>
<arg>MS</arg>
<arg>MT</arg>
<arg>MU</arg>
<arg>MV</arg>
<arg>MW</arg>
<arg>MX</arg>
<arg>MY</arg>
<arg>MZ</arg>
<arg>NA</arg>
<arg>NC</arg>
<arg>NE</arg>
<arg>NF</arg>
<arg>NG</arg>
<arg>NI</arg>
<arg>NL</arg>
<arg>NO</arg>
<arg>NP</arg>
<arg>NR</arg>
<arg>NU</arg>
<arg>NZ</arg>
<arg>OM</arg>
<arg>PA</arg>
<arg>PE</arg>
<arg>PF</arg>
<arg>PG</arg>
<arg>PH</arg>
<arg>PK</arg>
<arg>PL</arg>
<arg>PM</arg>
<arg>PN</arg>
<arg>PR</arg>
<arg>PS</arg>
<arg>PT</arg>
<arg>PW</arg>
<arg>PY</arg>
<arg>QA</arg>
<arg>RE</arg>
<arg>RO</arg>
<arg>RS</arg>
<arg>RU</arg>
<arg>RW</arg>
<arg>SA</arg>
<arg>SB</arg>
<arg>SC</arg>
<arg>SD</arg>
<arg>SE</arg>
<arg>SG</arg>
<arg>SH</arg>
<arg>SI</arg>
<arg>SJ</arg>
<arg>SK</arg>
<arg>SL</arg>
<arg>SM</arg>
<arg>SN</arg>
<arg>SO</arg>
<arg>SR</arg>
<arg>SS</arg>
<arg>ST</arg>
<arg>SV</arg>
<arg>SX</arg>
<arg>SY</arg>
<arg>SZ</arg>
<arg>TC</arg>
<arg>TD</arg>
<arg>TF</arg>
<arg>TG</arg>
<arg>TH</arg>
<arg>TJ</arg>
<arg>TK</arg>
<arg>TL</arg>
<arg>TM</arg>
<arg>TN</arg>
<arg>TO</arg>
<arg>TR</arg>
<arg>TT</arg>
<arg>TV</arg>
<arg>TW</arg>
<arg>TZ</arg>
<arg>UA</arg>
<arg>UG</arg>
<arg>UM</arg>
<arg>US</arg>
<arg>UY</arg>
<arg>UZ</arg>
<arg>VA</arg>
<arg>VC</arg>
<arg>VE</arg>
<arg>VG</arg>
<arg>VI</arg>
<arg>VN</arg>
<arg>VU</arg>
<arg>WF</arg>
<arg>WS</arg>
<arg>XK</arg>
<arg>YE</arg>
<arg>YT</arg>
<arg>ZA</arg>
<arg>ZM</arg>
<arg>ZW</arg>
<doc>Returns a list containing given items.</doc>
<status status="PASS" start="2024-07-22T06:22:14.240696" elapsed="0.000618"/>
</kw>
<kw name="List Should Contain Value" owner="Collections">
<arg>${list_country}</arg>
<arg>${name_country}</arg>
<doc>Fails if the ``value`` is not found from ``list``.</doc>
<status status="PASS" start="2024-07-22T06:22:14.242318" elapsed="0.000222"/>
</kw>
<kw name="Run Keyword If" owner="BuiltIn">
<kw name="Should Be True" owner="BuiltIn">
<arg>${True}</arg>
<doc>Fails if the given condition is not true.</doc>
<status status="PASS" start="2024-07-22T06:22:14.243558" elapsed="0.000153"/>
</kw>
<arg>${json_data["results"][0]["location"]["coordinates"]["latitude"]} &gt;= -90 and ${json_data["results"][0]["location"]["coordinates"]["latitude"]} &lt;= 90</arg>
<arg>Should Be True</arg>
<arg>${True}</arg>
<doc>Runs the given keyword with the given arguments, if ``condition`` is true.</doc>
<status status="PASS" start="2024-07-22T06:22:14.242760" elapsed="0.001085"/>
</kw>
<kw name="Run Keyword If" owner="BuiltIn">
<kw name="Should Be True" owner="BuiltIn">
<arg>${True}</arg>
<doc>Fails if the given condition is not true.</doc>
<status status="PASS" start="2024-07-22T06:22:14.244798" elapsed="0.000146"/>
</kw>
<arg>${json_data["results"][0]["location"]["coordinates"]["longitude"]} &gt;= -180 and ${json_data["results"][0]["location"]["coordinates"]["longitude"]} &lt;= 180</arg>
<arg>Should Be True</arg>
<arg>${True}</arg>
<doc>Runs the given keyword with the given arguments, if ``condition`` is true.</doc>
<status status="PASS" start="2024-07-22T06:22:14.244041" elapsed="0.001037"/>
</kw>
<status status="PASS" start="2024-07-22T06:22:14.140332" elapsed="0.104888"/>
</kw>
<doc>Testa o conteúdo específico dos campos retornados pela API.</doc>
<tag>testeConteudo</tag>
<status status="PASS" start="2024-07-22T06:22:14.139873" elapsed="0.105513"/>
</test>
<status status="PASS" start="2024-07-22T06:22:13.278848" elapsed="0.968620"/>
</suite>
<status status="PASS" start="2024-07-22T06:22:13.263633" elapsed="0.989092"/>
</suite>
<statistics>
<total>
<stat pass="5" fail="0" skip="0">All Tests</stat>
</total>
<tag>
<stat pass="1" fail="0" skip="0">testeConteudo</stat>
<stat pass="1" fail="0" skip="0">testeEstruturaResposta</stat>
<stat pass="1" fail="0" skip="0">testeRequisicaoBasica</stat>
<stat pass="1" fail="0" skip="0">testeTiposDados</stat>
</tag>
<suite>
<stat pass="5" fail="0" skip="0" id="s1" name="Tests">Tests</stat>
<stat pass="5" fail="0" skip="0" id="s1-s1" name="Random-User-Test">Tests.Random-User-Test</stat>
</suite>
</statistics>
<errors>
</errors>
</robot>
