<?xml version="1.0" encoding="UTF-8"?>
<robot generator="Robot 7.0 (Python 3.12.3 on linux)" generated="2024-05-09T21:14:52.216359" rpa="false" schemaversion="5">
<suite id="s1" name="Tests" source="/home/runner/work/DesafioQAItauRogerioJordao/DesafioQAItauRogerioJordao/RamdonUser/tests">
<suite id="s1-s1" name="Random-User-Test" source="/home/runner/work/DesafioQAItauRogerioJordao/DesafioQAItauRogerioJordao/RamdonUser/tests/random-user-test.robot">
<test id="s1-s1-t1" name="Conectar" line="13">
<kw name="Conectar API" owner="random-user-service">
<kw name="Create Session" owner="RequestsLibrary">
<msg time="2024-05-09T21:14:52.565080" level="INFO">Creating Session using : alias=consultarAPI, url=https://randomuser.me/, headers={},                     cookies={}, auth=None, timeout=None, proxies=None, verify=False,                     debug=0 </msg>
<arg>consultarAPI</arg>
<arg>${URL}</arg>
<doc>Create Session: create a HTTP session to a server</doc>
<status status="PASS" start="2024-05-09T21:14:52.564885" elapsed="0.000367"/>
</kw>
<status status="PASS" start="2024-05-09T21:14:52.563941" elapsed="0.001644"/>
</kw>
<status status="PASS" start="2024-05-09T21:14:52.563387" elapsed="0.002387"/>
</test>
<test id="s1-s1-t2" name="Validar retorno 200 e JSON Válido" line="16">
<kw name="Teste de Requisicao Basica" owner="random-user-service">
<kw name="GET On Session" owner="RequestsLibrary">
<msg time="2024-05-09T21:14:52.936896" level="INFO">GET Request : url=https://randomuser.me/api 
 path_url=/api 
 headers={'User-Agent': 'python-requests/2.31.0', 'Accept-Encoding': 'gzip, deflate', 'Accept': '*/*', 'Connection': 'keep-alive'} 
 body=None 
 </msg>
<msg time="2024-05-09T21:14:52.937014" level="INFO">GET Response : url=https://randomuser.me/api 
 status=200, reason=OK 
 headers={'Date': 'Thu, 09 May 2024 21:14:52 GMT', 'Content-Type': 'application/json; charset=utf-8', 'Transfer-Encoding': 'chunked', 'Connection': 'keep-alive', 'X-Powered-By': 'Express', 'Access-Control-Allow-Origin': '*', 'Cache-Control': 'no-cache', 'ETag': 'W/"483-OVZ7JakBA4i1H8a+19lbb61OKHk"', 'Vary': 'Accept-Encoding', 'Content-Encoding': 'gzip', 'CF-Cache-Status': 'DYNAMIC', 'Report-To': '{"endpoints":[{"url":"https:\\/\\/a.nel.cloudflare.com\\/report\\/v4?s=w9SdKF%2FJ4AZGbYpa5h87tJpBmXama1BccQlKz7yMN3X8AczC9hyC%2Bl%2F9coo%2FRLidir%2BMm0L%2Fhb81QrA3cwOc1y%2Be5rAalbhBCOxkD9RpHM%2BJjL6zBajb8kNAD8%2Fg%2FzaU"}],"group":"cf-nel","max_age":604800}', 'NEL': '{"success_fraction":0,"report_to":"cf-nel","max_age":604800}', 'Server': 'cloudflare', 'CF-RAY': '8814b39ecbe661bb-ORD', 'alt-svc': 'h3=":443"; ma=86400'} 
 body={"results":[{"gender":"female","name":{"title":"Mrs","first":"Prathiksha","last":"Padmanabha"},"location":{"street":{"number":9274,"name":"S.A Rd"},"city":"Indore","state":"Daman and Diu","country":"India","postcode":32300,"coordinates":{"latitude":"11.4439","longitude":"176.1599"},"timezone":{"offset":"+4:30","description":"Kabul"}},"email":"prathiksha.padmanabha@example.com","login":{"uuid":"8a8aec63-3a67-4b3e-b677-6a6939126a2b","username":"heavygorilla718","password":"insanity","salt":"OAESo7mx","md5":"cdcb2623b1d77401cd0c6ae59fc0c1f8","sha1":"6aaf5f7a4b7808664a1cbf5fd7c3147a9ce1b852","sha256":"74346964488f55c2870b08b2714b570c78fd0a432412a98fd4ff1022e3b0cd32"},"dob":{"date":"1967-12-04T20:35:49.425Z","age":56},"registered":{"date":"2014-05-20T12:56:42.115Z","age":9},"phone":"8014617767","cell":"8350962051","id":{"name":"UIDAI","value":"888392263618"},"picture":{"large":"https://randomuser.me/api/portraits/women/19.jpg","medium":"https://randomuser.me/api/portraits/med/women/19.jpg","thumbnail":"https://randomuser.me/api/portraits/thumb/women/19.jpg"},"nat":"IN"}],"info":{"seed":"8d0669c0bba4fb3c","results":1,"page":1,"version":"1.4"}} 
 </msg>
<msg time="2024-05-09T21:14:52.937083" level="INFO">/opt/hostedtoolcache/Python/3.12.3/x64/lib/python3.12/site-packages/urllib3/connectionpool.py:1103: InsecureRequestWarning: Unverified HTTPS request is being made to host 'randomuser.me'. Adding certificate verification is strongly advised. See: https://urllib3.readthedocs.io/en/latest/advanced-usage.html#tls-warnings
  warnings.warn(</msg>
<msg time="2024-05-09T21:14:52.937205" level="INFO">${response} = &lt;Response [200]&gt;</msg>
<var>${response}</var>
<arg>consultarAPI</arg>
<arg>/api</arg>
<doc>Sends a GET request on a previously created HTTP Session.</doc>
<status status="PASS" start="2024-05-09T21:14:52.568436" elapsed="0.368810"/>
</kw>
<kw name="Should Be Equal As Numbers" owner="BuiltIn">
<msg time="2024-05-09T21:14:52.938404" level="INFO">Argument types are:
&lt;class 'int'&gt;
&lt;class 'str'&gt;</msg>
<arg>${response.status_code}</arg>
<arg>200</arg>
<doc>Fails if objects are unequal after converting them to real numbers.</doc>
<status status="PASS" start="2024-05-09T21:14:52.937782" elapsed="0.000685"/>
</kw>
<kw name="Log" owner="BuiltIn">
<msg time="2024-05-09T21:14:52.939166" level="INFO">200</msg>
<arg>${response.status_code}</arg>
<doc>Logs the given message with the given level.</doc>
<status status="PASS" start="2024-05-09T21:14:52.938811" elapsed="0.000397"/>
</kw>
<kw name="Set Variable" owner="BuiltIn">
<msg time="2024-05-09T21:14:52.939941" level="INFO">${json_data} = {'results': [{'gender': 'female', 'name': {'title': 'Mrs', 'first': 'Prathiksha', 'last': 'Padmanabha'}, 'location': {'street': {'number': 9274, 'name': 'S.A Rd'}, 'city': 'Indore', 'state': 'Daman an...</msg>
<var>${json_data}</var>
<arg>${response.json()}</arg>
<doc>Returns the given values which can then be assigned to a variables.</doc>
<status status="PASS" start="2024-05-09T21:14:52.939512" elapsed="0.000457"/>
</kw>
<kw name="Dictionary Should Contain Key" owner="Collections">
<msg time="2024-05-09T21:14:52.940458" level="INFO">False</msg>
<arg>${json_data}</arg>
<arg>results</arg>
<doc>Fails if ``key`` is not found from ``dictionary``.</doc>
<status status="PASS" start="2024-05-09T21:14:52.940264" elapsed="0.000234"/>
</kw>
<status status="PASS" start="2024-05-09T21:14:52.568162" elapsed="0.372593"/>
</kw>
<doc>Testa se a API responde corretamente e retorna um objeto JSON válido.</doc>
<tag>testeRequisicaoBasica</tag>
<status status="PASS" start="2024-05-09T21:14:52.567649" elapsed="0.373279"/>
</test>
<test id="s1-s1-t3" name="Validar estrutura de resposta" line="22">
<kw name="Teste de Estrutura de Resposta" owner="random-user-service">
<kw name="GET On Session" owner="RequestsLibrary">
<msg time="2024-05-09T21:14:53.039462" level="INFO">GET Request : url=https://randomuser.me/api 
 path_url=/api 
 headers={'User-Agent': 'python-requests/2.31.0', 'Accept-Encoding': 'gzip, deflate', 'Accept': '*/*', 'Connection': 'keep-alive'} 
 body=None 
 </msg>
<msg time="2024-05-09T21:14:53.039541" level="INFO">GET Response : url=https://randomuser.me/api 
 status=200, reason=OK 
 headers={'Date': 'Thu, 09 May 2024 21:14:53 GMT', 'Content-Type': 'application/json; charset=utf-8', 'Transfer-Encoding': 'chunked', 'Connection': 'keep-alive', 'X-Powered-By': 'Express', 'Access-Control-Allow-Origin': '*', 'Cache-Control': 'no-cache', 'ETag': 'W/"493-ihJxXZ6Uxrh1QdF/wQEQy+Of8JE"', 'Vary': 'Accept-Encoding', 'Content-Encoding': 'gzip', 'CF-Cache-Status': 'DYNAMIC', 'Report-To': '{"endpoints":[{"url":"https:\\/\\/a.nel.cloudflare.com\\/report\\/v4?s=7yJvuLp%2FuyaAHncgUf4%2BHOpaBpGhD5niRzMY%2BdDZdnbvFXteexUsgOoS1EX5lG57GjJBRSrCLmOTL%2FawsLs93zYxLMCUNRjV2ThmeXmvGsxw08GOG9lGaGFMlk%2FAMPIO"}],"group":"cf-nel","max_age":604800}', 'NEL': '{"success_fraction":0,"report_to":"cf-nel","max_age":604800}', 'Server': 'cloudflare', 'CF-RAY': '8814b3a0eee161bb-ORD', 'alt-svc': 'h3=":443"; ma=86400'} 
 body={"results":[{"gender":"male","name":{"title":"Mr","first":"Cameron","last":"Wang"},"location":{"street":{"number":2013,"name":"Hillsborough Road"},"city":"Tauranga","state":"Southland","country":"New Zealand","postcode":11239,"coordinates":{"latitude":"49.4455","longitude":"-24.0787"},"timezone":{"offset":"+5:00","description":"Ekaterinburg, Islamabad, Karachi, Tashkent"}},"email":"cameron.wang@example.com","login":{"uuid":"3da36ca0-4432-4733-8cd1-fc21dd6a670a","username":"smallbutterfly962","password":"rubber","salt":"rsplBnnp","md5":"09569575aa8040102f0d4839ba84244d","sha1":"6b34ce8dcfdae3addfdeb5d22a6e4946dbc51f52","sha256":"30d982cd8840cd7dddb6499a4fcd05f56947ab805d84493774bf6ab92ad818e8"},"dob":{"date":"1990-07-11T04:07:57.625Z","age":33},"registered":{"date":"2005-04-10T07:59:09.162Z","age":19},"phone":"(884)-644-0682","cell":"(849)-600-1139","id":{"name":"","value":null},"picture":{"large":"https://randomuser.me/api/portraits/men/9.jpg","medium":"https://randomuser.me/api/portraits/med/men/9.jpg","thumbnail":"https://randomuser.me/api/portraits/thumb/men/9.jpg"},"nat":"NZ"}],"info":{"seed":"b8c1d98144302ca6","results":1,"page":1,"version":"1.4"}} 
 </msg>
<msg time="2024-05-09T21:14:53.039653" level="INFO">/opt/hostedtoolcache/Python/3.12.3/x64/lib/python3.12/site-packages/urllib3/connectionpool.py:1103: InsecureRequestWarning: Unverified HTTPS request is being made to host 'randomuser.me'. Adding certificate verification is strongly advised. See: https://urllib3.readthedocs.io/en/latest/advanced-usage.html#tls-warnings
  warnings.warn(</msg>
<msg time="2024-05-09T21:14:53.039774" level="INFO">${response} = &lt;Response [200]&gt;</msg>
<var>${response}</var>
<arg>consultarAPI</arg>
<arg>/api</arg>
<doc>Sends a GET request on a previously created HTTP Session.</doc>
<status status="PASS" start="2024-05-09T21:14:52.943549" elapsed="0.096274"/>
</kw>
<kw name="Set Variable" owner="BuiltIn">
<msg time="2024-05-09T21:14:53.040862" level="INFO">${json_data} = {'results': [{'gender': 'male', 'name': {'title': 'Mr', 'first': 'Cameron', 'last': 'Wang'}, 'location': {'street': {'number': 2013, 'name': 'Hillsborough Road'}, 'city': 'Tauranga', 'state': 'Southla...</msg>
<var>${json_data}</var>
<arg>${response.json()}</arg>
<doc>Returns the given values which can then be assigned to a variables.</doc>
<status status="PASS" start="2024-05-09T21:14:53.040277" elapsed="0.000613"/>
</kw>
<kw name="Log" owner="BuiltIn">
<msg time="2024-05-09T21:14:53.041350" level="INFO">{'results': [{'gender': 'male', 'name': {'title': 'Mr', 'first': 'Cameron', 'last': 'Wang'}, 'location': {'street': {'number': 2013, 'name': 'Hillsborough Road'}, 'city': 'Tauranga', 'state': 'Southland', 'country': 'New Zealand', 'postcode': 11239, 'coordinates': {'latitude': '49.4455', 'longitude': '-24.0787'}, 'timezone': {'offset': '+5:00', 'description': 'Ekaterinburg, Islamabad, Karachi, Tashkent'}}, 'email': 'cameron.wang@example.com', 'login': {'uuid': '3da36ca0-4432-4733-8cd1-fc21dd6a670a', 'username': 'smallbutterfly962', 'password': 'rubber', 'salt': 'rsplBnnp', 'md5': '09569575aa8040102f0d4839ba84244d', 'sha1': '6b34ce8dcfdae3addfdeb5d22a6e4946dbc51f52', 'sha256': '30d982cd8840cd7dddb6499a4fcd05f56947ab805d84493774bf6ab92ad818e8'}, 'dob': {'date': '1990-07-11T04:07:57.625Z', 'age': 33}, 'registered': {'date': '2005-04-10T07:59:09.162Z', 'age': 19}, 'phone': '(884)-644-0682', 'cell': '(849)-600-1139', 'id': {'name': '', 'value': None}, 'picture': {'large': 'https://randomuser.me/api/portraits/men/9.jpg', 'medium': 'https://randomuser.me/api/portraits/med/men/9.jpg', 'thumbnail': 'https://randomuser.me/api/portraits/thumb/men/9.jpg'}, 'nat': 'NZ'}], 'info': {'seed': 'b8c1d98144302ca6', 'results': 1, 'page': 1, 'version': '1.4'}}</msg>
<arg>${json_data}</arg>
<doc>Logs the given message with the given level.</doc>
<status status="PASS" start="2024-05-09T21:14:53.041190" elapsed="0.000208"/>
</kw>
<kw name="Dictionary Should Contain Key" owner="Collections">
<msg time="2024-05-09T21:14:53.041841" level="INFO">False</msg>
<arg>${json_data}</arg>
<arg>results</arg>
<doc>Fails if ``key`` is not found from ``dictionary``.</doc>
<status status="PASS" start="2024-05-09T21:14:53.041692" elapsed="0.000184"/>
</kw>
<kw name="Should Not Be Empty" owner="BuiltIn">
<msg time="2024-05-09T21:14:53.042296" level="INFO">Length is 2.</msg>
<arg>${json_data}</arg>
<doc>Verifies that the given item is not empty.</doc>
<status status="PASS" start="2024-05-09T21:14:53.042162" elapsed="0.000175"/>
</kw>
<kw name="Create List" owner="BuiltIn">
<msg time="2024-05-09T21:14:53.042885" level="INFO">${expected_keys} = ['gender', 'name', 'location', 'email', 'login']</msg>
<var>${expected_keys}</var>
<arg>gender</arg>
<arg>name</arg>
<arg>location</arg>
<arg>email</arg>
<arg>login</arg>
<doc>Returns a list containing given items.</doc>
<status status="PASS" start="2024-05-09T21:14:53.042618" elapsed="0.000292"/>
</kw>
<for flavor="IN">
<iter>
<kw name="Dictionary Should Contain Key" owner="Collections">
<msg time="2024-05-09T21:14:53.043876" level="INFO">False</msg>
<arg>${json_data['results'][0]}</arg>
<arg>${key}</arg>
<doc>Fails if ``key`` is not found from ``dictionary``.</doc>
<status status="PASS" start="2024-05-09T21:14:53.043474" elapsed="0.000439"/>
</kw>
<kw name="Log" owner="BuiltIn">
<msg time="2024-05-09T21:14:53.044612" level="INFO">{'gender': 'male', 'name': {'title': 'Mr', 'first': 'Cameron', 'last': 'Wang'}, 'location': {'street': {'number': 2013, 'name': 'Hillsborough Road'}, 'city': 'Tauranga', 'state': 'Southland', 'country': 'New Zealand', 'postcode': 11239, 'coordinates': {'latitude': '49.4455', 'longitude': '-24.0787'}, 'timezone': {'offset': '+5:00', 'description': 'Ekaterinburg, Islamabad, Karachi, Tashkent'}}, 'email': 'cameron.wang@example.com', 'login': {'uuid': '3da36ca0-4432-4733-8cd1-fc21dd6a670a', 'username': 'smallbutterfly962', 'password': 'rubber', 'salt': 'rsplBnnp', 'md5': '09569575aa8040102f0d4839ba84244d', 'sha1': '6b34ce8dcfdae3addfdeb5d22a6e4946dbc51f52', 'sha256': '30d982cd8840cd7dddb6499a4fcd05f56947ab805d84493774bf6ab92ad818e8'}, 'dob': {'date': '1990-07-11T04:07:57.625Z', 'age': 33}, 'registered': {'date': '2005-04-10T07:59:09.162Z', 'age': 19}, 'phone': '(884)-644-0682', 'cell': '(849)-600-1139', 'id': {'name': '', 'value': None}, 'picture': {'large': 'https://randomuser.me/api/portraits/men/9.jpg', 'medium': 'https://randomuser.me/api/portraits/med/men/9.jpg', 'thumbnail': 'https://randomuser.me/api/portraits/thumb/men/9.jpg'}, 'nat': 'NZ'}</msg>
<arg>${json_data['results'][0]}</arg>
<doc>Logs the given message with the given level.</doc>
<status status="PASS" start="2024-05-09T21:14:53.044208" elapsed="0.000451"/>
</kw>
<kw name="Log" owner="BuiltIn">
<msg time="2024-05-09T21:14:53.045086" level="INFO">gender</msg>
<arg>${key}</arg>
<doc>Logs the given message with the given level.</doc>
<status status="PASS" start="2024-05-09T21:14:53.044959" elapsed="0.000164"/>
</kw>
<var name="${key}">gender</var>
<status status="PASS" start="2024-05-09T21:14:53.043350" elapsed="0.001983"/>
</iter>
<iter>
<kw name="Dictionary Should Contain Key" owner="Collections">
<msg time="2024-05-09T21:14:53.046018" level="INFO">False</msg>
<arg>${json_data['results'][0]}</arg>
<arg>${key}</arg>
<doc>Fails if ``key`` is not found from ``dictionary``.</doc>
<status status="PASS" start="2024-05-09T21:14:53.045631" elapsed="0.000423"/>
</kw>
<kw name="Log" owner="BuiltIn">
<msg time="2024-05-09T21:14:53.046733" level="INFO">{'gender': 'male', 'name': {'title': 'Mr', 'first': 'Cameron', 'last': 'Wang'}, 'location': {'street': {'number': 2013, 'name': 'Hillsborough Road'}, 'city': 'Tauranga', 'state': 'Southland', 'country': 'New Zealand', 'postcode': 11239, 'coordinates': {'latitude': '49.4455', 'longitude': '-24.0787'}, 'timezone': {'offset': '+5:00', 'description': 'Ekaterinburg, Islamabad, Karachi, Tashkent'}}, 'email': 'cameron.wang@example.com', 'login': {'uuid': '3da36ca0-4432-4733-8cd1-fc21dd6a670a', 'username': 'smallbutterfly962', 'password': 'rubber', 'salt': 'rsplBnnp', 'md5': '09569575aa8040102f0d4839ba84244d', 'sha1': '6b34ce8dcfdae3addfdeb5d22a6e4946dbc51f52', 'sha256': '30d982cd8840cd7dddb6499a4fcd05f56947ab805d84493774bf6ab92ad818e8'}, 'dob': {'date': '1990-07-11T04:07:57.625Z', 'age': 33}, 'registered': {'date': '2005-04-10T07:59:09.162Z', 'age': 19}, 'phone': '(884)-644-0682', 'cell': '(849)-600-1139', 'id': {'name': '', 'value': None}, 'picture': {'large': 'https://randomuser.me/api/portraits/men/9.jpg', 'medium': 'https://randomuser.me/api/portraits/med/men/9.jpg', 'thumbnail': 'https://randomuser.me/api/portraits/thumb/men/9.jpg'}, 'nat': 'NZ'}</msg>
<arg>${json_data['results'][0]}</arg>
<doc>Logs the given message with the given level.</doc>
<status status="PASS" start="2024-05-09T21:14:53.046374" elapsed="0.000406"/>
</kw>
<kw name="Log" owner="BuiltIn">
<msg time="2024-05-09T21:14:53.047196" level="INFO">name</msg>
<arg>${key}</arg>
<doc>Logs the given message with the given level.</doc>
<status status="PASS" start="2024-05-09T21:14:53.047071" elapsed="0.000162"/>
</kw>
<var name="${key}">name</var>
<status status="PASS" start="2024-05-09T21:14:53.045515" elapsed="0.001928"/>
</iter>
<iter>
<kw name="Dictionary Should Contain Key" owner="Collections">
<msg time="2024-05-09T21:14:53.048129" level="INFO">False</msg>
<arg>${json_data['results'][0]}</arg>
<arg>${key}</arg>
<doc>Fails if ``key`` is not found from ``dictionary``.</doc>
<status status="PASS" start="2024-05-09T21:14:53.047727" elapsed="0.000438"/>
</kw>
<kw name="Log" owner="BuiltIn">
<msg time="2024-05-09T21:14:53.048818" level="INFO">{'gender': 'male', 'name': {'title': 'Mr', 'first': 'Cameron', 'last': 'Wang'}, 'location': {'street': {'number': 2013, 'name': 'Hillsborough Road'}, 'city': 'Tauranga', 'state': 'Southland', 'country': 'New Zealand', 'postcode': 11239, 'coordinates': {'latitude': '49.4455', 'longitude': '-24.0787'}, 'timezone': {'offset': '+5:00', 'description': 'Ekaterinburg, Islamabad, Karachi, Tashkent'}}, 'email': 'cameron.wang@example.com', 'login': {'uuid': '3da36ca0-4432-4733-8cd1-fc21dd6a670a', 'username': 'smallbutterfly962', 'password': 'rubber', 'salt': 'rsplBnnp', 'md5': '09569575aa8040102f0d4839ba84244d', 'sha1': '6b34ce8dcfdae3addfdeb5d22a6e4946dbc51f52', 'sha256': '30d982cd8840cd7dddb6499a4fcd05f56947ab805d84493774bf6ab92ad818e8'}, 'dob': {'date': '1990-07-11T04:07:57.625Z', 'age': 33}, 'registered': {'date': '2005-04-10T07:59:09.162Z', 'age': 19}, 'phone': '(884)-644-0682', 'cell': '(849)-600-1139', 'id': {'name': '', 'value': None}, 'picture': {'large': 'https://randomuser.me/api/portraits/men/9.jpg', 'medium': 'https://randomuser.me/api/portraits/med/men/9.jpg', 'thumbnail': 'https://randomuser.me/api/portraits/thumb/men/9.jpg'}, 'nat': 'NZ'}</msg>
<arg>${json_data['results'][0]}</arg>
<doc>Logs the given message with the given level.</doc>
<status status="PASS" start="2024-05-09T21:14:53.048471" elapsed="0.000394"/>
</kw>
<kw name="Log" owner="BuiltIn">
<msg time="2024-05-09T21:14:53.049286" level="INFO">location</msg>
<arg>${key}</arg>
<doc>Logs the given message with the given level.</doc>
<status status="PASS" start="2024-05-09T21:14:53.049158" elapsed="0.000166"/>
</kw>
<var name="${key}">location</var>
<status status="PASS" start="2024-05-09T21:14:53.047618" elapsed="0.001919"/>
</iter>
<iter>
<kw name="Dictionary Should Contain Key" owner="Collections">
<msg time="2024-05-09T21:14:53.050204" level="INFO">False</msg>
<arg>${json_data['results'][0]}</arg>
<arg>${key}</arg>
<doc>Fails if ``key`` is not found from ``dictionary``.</doc>
<status status="PASS" start="2024-05-09T21:14:53.049821" elapsed="0.000421"/>
</kw>
<kw name="Log" owner="BuiltIn">
<msg time="2024-05-09T21:14:53.050902" level="INFO">{'gender': 'male', 'name': {'title': 'Mr', 'first': 'Cameron', 'last': 'Wang'}, 'location': {'street': {'number': 2013, 'name': 'Hillsborough Road'}, 'city': 'Tauranga', 'state': 'Southland', 'country': 'New Zealand', 'postcode': 11239, 'coordinates': {'latitude': '49.4455', 'longitude': '-24.0787'}, 'timezone': {'offset': '+5:00', 'description': 'Ekaterinburg, Islamabad, Karachi, Tashkent'}}, 'email': 'cameron.wang@example.com', 'login': {'uuid': '3da36ca0-4432-4733-8cd1-fc21dd6a670a', 'username': 'smallbutterfly962', 'password': 'rubber', 'salt': 'rsplBnnp', 'md5': '09569575aa8040102f0d4839ba84244d', 'sha1': '6b34ce8dcfdae3addfdeb5d22a6e4946dbc51f52', 'sha256': '30d982cd8840cd7dddb6499a4fcd05f56947ab805d84493774bf6ab92ad818e8'}, 'dob': {'date': '1990-07-11T04:07:57.625Z', 'age': 33}, 'registered': {'date': '2005-04-10T07:59:09.162Z', 'age': 19}, 'phone': '(884)-644-0682', 'cell': '(849)-600-1139', 'id': {'name': '', 'value': None}, 'picture': {'large': 'https://randomuser.me/api/portraits/men/9.jpg', 'medium': 'https://randomuser.me/api/portraits/med/men/9.jpg', 'thumbnail': 'https://randomuser.me/api/portraits/thumb/men/9.jpg'}, 'nat': 'NZ'}</msg>
<arg>${json_data['results'][0]}</arg>
<doc>Logs the given message with the given level.</doc>
<status status="PASS" start="2024-05-09T21:14:53.050544" elapsed="0.000406"/>
</kw>
<kw name="Log" owner="BuiltIn">
<msg time="2024-05-09T21:14:53.051369" level="INFO">email</msg>
<arg>${key}</arg>
<doc>Logs the given message with the given level.</doc>
<status status="PASS" start="2024-05-09T21:14:53.051243" elapsed="0.000163"/>
</kw>
<var name="${key}">email</var>
<status status="PASS" start="2024-05-09T21:14:53.049711" elapsed="0.001909"/>
</iter>
<iter>
<kw name="Dictionary Should Contain Key" owner="Collections">
<msg time="2024-05-09T21:14:53.052298" level="INFO">False</msg>
<arg>${json_data['results'][0]}</arg>
<arg>${key}</arg>
<doc>Fails if ``key`` is not found from ``dictionary``.</doc>
<status status="PASS" start="2024-05-09T21:14:53.051905" elapsed="0.000431"/>
</kw>
<kw name="Log" owner="BuiltIn">
<msg time="2024-05-09T21:14:53.053039" level="INFO">{'gender': 'male', 'name': {'title': 'Mr', 'first': 'Cameron', 'last': 'Wang'}, 'location': {'street': {'number': 2013, 'name': 'Hillsborough Road'}, 'city': 'Tauranga', 'state': 'Southland', 'country': 'New Zealand', 'postcode': 11239, 'coordinates': {'latitude': '49.4455', 'longitude': '-24.0787'}, 'timezone': {'offset': '+5:00', 'description': 'Ekaterinburg, Islamabad, Karachi, Tashkent'}}, 'email': 'cameron.wang@example.com', 'login': {'uuid': '3da36ca0-4432-4733-8cd1-fc21dd6a670a', 'username': 'smallbutterfly962', 'password': 'rubber', 'salt': 'rsplBnnp', 'md5': '09569575aa8040102f0d4839ba84244d', 'sha1': '6b34ce8dcfdae3addfdeb5d22a6e4946dbc51f52', 'sha256': '30d982cd8840cd7dddb6499a4fcd05f56947ab805d84493774bf6ab92ad818e8'}, 'dob': {'date': '1990-07-11T04:07:57.625Z', 'age': 33}, 'registered': {'date': '2005-04-10T07:59:09.162Z', 'age': 19}, 'phone': '(884)-644-0682', 'cell': '(849)-600-1139', 'id': {'name': '', 'value': None}, 'picture': {'large': 'https://randomuser.me/api/portraits/men/9.jpg', 'medium': 'https://randomuser.me/api/portraits/med/men/9.jpg', 'thumbnail': 'https://randomuser.me/api/portraits/thumb/men/9.jpg'}, 'nat': 'NZ'}</msg>
<arg>${json_data['results'][0]}</arg>
<doc>Logs the given message with the given level.</doc>
<status status="PASS" start="2024-05-09T21:14:53.052672" elapsed="0.000414"/>
</kw>
<kw name="Log" owner="BuiltIn">
<msg time="2024-05-09T21:14:53.053516" level="INFO">login</msg>
<arg>${key}</arg>
<doc>Logs the given message with the given level.</doc>
<status status="PASS" start="2024-05-09T21:14:53.053387" elapsed="0.000168"/>
</kw>
<var name="${key}">login</var>
<status status="PASS" start="2024-05-09T21:14:53.051794" elapsed="0.002000"/>
</iter>
<var>${key}</var>
<value>@{expected_keys}</value>
<status status="PASS" start="2024-05-09T21:14:53.043169" elapsed="0.010750"/>
</for>
<kw name="Create List" owner="BuiltIn">
<msg time="2024-05-09T21:14:53.054246" level="INFO">${expected_keysTwo} = ['username', 'password']</msg>
<var>${expected_keysTwo}</var>
<arg>username</arg>
<arg>password</arg>
<doc>Returns a list containing given items.</doc>
<status status="PASS" start="2024-05-09T21:14:53.054109" elapsed="0.000161"/>
</kw>
<for flavor="IN">
<iter>
<kw name="Dictionary Should Contain Key" owner="Collections">
<msg time="2024-05-09T21:14:53.055155" level="INFO">False</msg>
<arg>${json_data['results'][0]['login']}</arg>
<arg>${keyTwo}</arg>
<doc>Fails if ``key`` is not found from ``dictionary``.</doc>
<status status="PASS" start="2024-05-09T21:14:53.054761" elapsed="0.000431"/>
</kw>
<kw name="Dictionary Should Contain Key" owner="Collections">
<msg time="2024-05-09T21:14:53.055867" level="INFO">False</msg>
<arg>${json_data['results'][0]['login']}</arg>
<arg>${keyTwo}</arg>
<doc>Fails if ``key`` is not found from ``dictionary``.</doc>
<status status="PASS" start="2024-05-09T21:14:53.055487" elapsed="0.000419"/>
</kw>
<kw name="Log" owner="BuiltIn">
<msg time="2024-05-09T21:14:53.056323" level="INFO">username</msg>
<arg>${keyTwo}</arg>
<doc>Logs the given message with the given level.</doc>
<status status="PASS" start="2024-05-09T21:14:53.056197" elapsed="0.000194"/>
</kw>
<var name="${keyTwo}">username</var>
<status status="PASS" start="2024-05-09T21:14:53.054653" elapsed="0.001975"/>
</iter>
<iter>
<kw name="Dictionary Should Contain Key" owner="Collections">
<msg time="2024-05-09T21:14:53.057287" level="INFO">False</msg>
<arg>${json_data['results'][0]['login']}</arg>
<arg>${keyTwo}</arg>
<doc>Fails if ``key`` is not found from ``dictionary``.</doc>
<status status="PASS" start="2024-05-09T21:14:53.056912" elapsed="0.000413"/>
</kw>
<kw name="Dictionary Should Contain Key" owner="Collections">
<msg time="2024-05-09T21:14:53.058086" level="INFO">False</msg>
<arg>${json_data['results'][0]['login']}</arg>
<arg>${keyTwo}</arg>
<doc>Fails if ``key`` is not found from ``dictionary``.</doc>
<status status="PASS" start="2024-05-09T21:14:53.057617" elapsed="0.000507"/>
</kw>
<kw name="Log" owner="BuiltIn">
<msg time="2024-05-09T21:14:53.058550" level="INFO">password</msg>
<arg>${keyTwo}</arg>
<doc>Logs the given message with the given level.</doc>
<status status="PASS" start="2024-05-09T21:14:53.058421" elapsed="0.000166"/>
</kw>
<var name="${keyTwo}">password</var>
<status status="PASS" start="2024-05-09T21:14:53.056799" elapsed="0.002009"/>
</iter>
<var>${keyTwo}</var>
<value>@{expected_keysTwo}</value>
<status status="PASS" start="2024-05-09T21:14:53.054502" elapsed="0.004429"/>
</for>
<status status="PASS" start="2024-05-09T21:14:52.943320" elapsed="0.115747"/>
</kw>
<doc>Testa a estrutura da resposta da API.</doc>
<tag>testeEstruturaResposta</tag>
<status status="PASS" start="2024-05-09T21:14:52.942743" elapsed="0.116469"/>
</test>
<test id="s1-s1-t4" name="Validar tipos de dados" line="28">
<kw name="Teste de Tipos de Dados" owner="random-user-service">
<kw name="GET On Session" owner="RequestsLibrary">
<msg time="2024-05-09T21:14:53.115460" level="INFO">GET Request : url=https://randomuser.me/api 
 path_url=/api 
 headers={'User-Agent': 'python-requests/2.31.0', 'Accept-Encoding': 'gzip, deflate', 'Accept': '*/*', 'Connection': 'keep-alive'} 
 body=None 
 </msg>
<msg time="2024-05-09T21:14:53.115548" level="INFO">GET Response : url=https://randomuser.me/api 
 status=200, reason=OK 
 headers={'Date': 'Thu, 09 May 2024 21:14:53 GMT', 'Content-Type': 'application/json; charset=utf-8', 'Transfer-Encoding': 'chunked', 'Connection': 'keep-alive', 'X-Powered-By': 'Express', 'Access-Control-Allow-Origin': '*', 'Cache-Control': 'no-cache', 'ETag': 'W/"48b-kTYampJOq8AU/AU5NgDzUP6kjhg"', 'Vary': 'Accept-Encoding', 'Content-Encoding': 'gzip', 'CF-Cache-Status': 'DYNAMIC', 'Report-To': '{"endpoints":[{"url":"https:\\/\\/a.nel.cloudflare.com\\/report\\/v4?s=XcgpXExc%2FtcQwNQmzG5RdFZmbaBlTwmD4uYXhTH9McpuMkfmRTVRgpArVvrO1PukEI23UR3G2cYxjoHzDERVwsxeXKChb8TdPWJEK2At7q2dAAyX6leP6GW2s4CzPY6G"}],"group":"cf-nel","max_age":604800}', 'NEL': '{"success_fraction":0,"report_to":"cf-nel","max_age":604800}', 'Server': 'cloudflare', 'CF-RAY': '8814b3a1afb961bb-ORD', 'alt-svc': 'h3=":443"; ma=86400'} 
 body={"results":[{"gender":"male","name":{"title":"Monsieur","first":"Joao","last":"Durand"},"location":{"street":{"number":9117,"name":"Rue de L'Abbé-Groult"},"city":"Eriswil","state":"Glarus","country":"Switzerland","postcode":5845,"coordinates":{"latitude":"-55.9868","longitude":"-58.6706"},"timezone":{"offset":"-3:30","description":"Newfoundland"}},"email":"joao.durand@example.com","login":{"uuid":"744e8453-8c11-48af-8821-112e874852e4","username":"blackbutterfly177","password":"kisses","salt":"GXeeIQ8r","md5":"fe75bf0e3bf8ec31f951aab8a601e18d","sha1":"239d6b834c983d78b20d8c9194bfd5a266ae2fde","sha256":"33ae2799bd5214715549aa68d4b9e455c84a7dd7361e4467be792b7e709368ee"},"dob":{"date":"1951-07-20T12:10:51.194Z","age":72},"registered":{"date":"2005-03-11T15:20:07.749Z","age":19},"phone":"077 253 18 23","cell":"076 578 53 92","id":{"name":"AVS","value":"756.8750.0937.51"},"picture":{"large":"https://randomuser.me/api/portraits/men/92.jpg","medium":"https://randomuser.me/api/portraits/med/men/92.jpg","thumbnail":"https://randomuser.me/api/portraits/thumb/men/92.jpg"},"nat":"CH"}],"info":{"seed":"a1f8344e2394036a","results":1,"page":1,"version":"1.4"}} 
 </msg>
<msg time="2024-05-09T21:14:53.115625" level="INFO">/opt/hostedtoolcache/Python/3.12.3/x64/lib/python3.12/site-packages/urllib3/connectionpool.py:1103: InsecureRequestWarning: Unverified HTTPS request is being made to host 'randomuser.me'. Adding certificate verification is strongly advised. See: https://urllib3.readthedocs.io/en/latest/advanced-usage.html#tls-warnings
  warnings.warn(</msg>
<msg time="2024-05-09T21:14:53.115746" level="INFO">${response} = &lt;Response [200]&gt;</msg>
<var>${response}</var>
<arg>consultarAPI</arg>
<arg>/api</arg>
<doc>Sends a GET request on a previously created HTTP Session.</doc>
<status status="PASS" start="2024-05-09T21:14:53.061681" elapsed="0.054120"/>
</kw>
<kw name="Set Variable" owner="BuiltIn">
<msg time="2024-05-09T21:14:53.116976" level="INFO">${json_data} = {'results': [{'gender': 'male', 'name': {'title': 'Monsieur', 'first': 'Joao', 'last': 'Durand'}, 'location': {'street': {'number': 9117, 'name': "Rue de L'Abbé-Groult"}, 'city': 'Eriswil', 'state': '...</msg>
<var>${json_data}</var>
<arg>${response.json()}</arg>
<doc>Returns the given values which can then be assigned to a variables.</doc>
<status status="PASS" start="2024-05-09T21:14:53.116341" elapsed="0.000665"/>
</kw>
<kw name="Log" owner="BuiltIn">
<msg time="2024-05-09T21:14:53.117478" level="INFO">{'results': [{'gender': 'male', 'name': {'title': 'Monsieur', 'first': 'Joao', 'last': 'Durand'}, 'location': {'street': {'number': 9117, 'name': "Rue de L'Abbé-Groult"}, 'city': 'Eriswil', 'state': 'Glarus', 'country': 'Switzerland', 'postcode': 5845, 'coordinates': {'latitude': '-55.9868', 'longitude': '-58.6706'}, 'timezone': {'offset': '-3:30', 'description': 'Newfoundland'}}, 'email': 'joao.durand@example.com', 'login': {'uuid': '744e8453-8c11-48af-8821-112e874852e4', 'username': 'blackbutterfly177', 'password': 'kisses', 'salt': 'GXeeIQ8r', 'md5': 'fe75bf0e3bf8ec31f951aab8a601e18d', 'sha1': '239d6b834c983d78b20d8c9194bfd5a266ae2fde', 'sha256': '33ae2799bd5214715549aa68d4b9e455c84a7dd7361e4467be792b7e709368ee'}, 'dob': {'date': '1951-07-20T12:10:51.194Z', 'age': 72}, 'registered': {'date': '2005-03-11T15:20:07.749Z', 'age': 19}, 'phone': '077 253 18 23', 'cell': '076 578 53 92', 'id': {'name': 'AVS', 'value': '756.8750.0937.51'}, 'picture': {'large': 'https://randomuser.me/api/portraits/men/92.jpg', 'medium': 'https://randomuser.me/api/portraits/med/men/92.jpg', 'thumbnail': 'https://randomuser.me/api/portraits/thumb/men/92.jpg'}, 'nat': 'CH'}], 'info': {'seed': 'a1f8344e2394036a', 'results': 1, 'page': 1, 'version': '1.4'}}</msg>
<arg>${json_data}</arg>
<doc>Logs the given message with the given level.</doc>
<status status="PASS" start="2024-05-09T21:14:53.117319" elapsed="0.000239"/>
</kw>
<kw name="Should Be String" owner="String">
<arg>${json_data['results'][0]['gender']}</arg>
<doc>Fails if the given ``item`` is not a string.</doc>
<status status="PASS" start="2024-05-09T21:14:53.117861" elapsed="0.000373"/>
</kw>
<kw name="Should Match Regexp" owner="BuiltIn">
<arg>${json_data['results'][0]['email']}</arg>
<arg>^[a-zA-Z0-9._%+-]+@[a-zA-Z0-9.-]+\.[a-zA-Z]{2,}$</arg>
<doc>Fails if ``string`` does not match ``pattern`` as a regular expression.</doc>
<status status="PASS" start="2024-05-09T21:14:53.118428" elapsed="0.000509"/>
</kw>
<kw name="Should Match Regexp" owner="BuiltIn">
<arg>${json_data['results'][0]['dob']['date']}</arg>
<arg>\\d{4}-\\d{2}-\\d{2}T\\d{2}:\\d{2}:\\d{2}\\.\\d{3}Z</arg>
<doc>Fails if ``string`` does not match ``pattern`` as a regular expression.</doc>
<status status="PASS" start="2024-05-09T21:14:53.119135" elapsed="0.000498"/>
</kw>
<kw name="Should Match Regexp" owner="BuiltIn">
<arg>${json_data['results'][0]['registered']['date']}</arg>
<arg>\\d{4}-\\d{2}-\\d{2}T\\d{2}:\\d{2}:\\d{2}\\.\\d{3}Z</arg>
<doc>Fails if ``string`` does not match ``pattern`` as a regular expression.</doc>
<status status="PASS" start="2024-05-09T21:14:53.119826" elapsed="0.000368"/>
</kw>
<kw name="Should Match Regexp" owner="BuiltIn">
<arg>${json_data['results'][0]['picture']['large']}</arg>
<arg>^https?://.*\.(?:png|jpe?g|gif|bmp)$</arg>
<doc>Fails if ``string`` does not match ``pattern`` as a regular expression.</doc>
<status status="PASS" start="2024-05-09T21:14:53.120412" elapsed="0.000480"/>
</kw>
<kw name="Should Match Regexp" owner="BuiltIn">
<arg>${json_data['results'][0]['picture']['medium']}</arg>
<arg>^https?://.*\.(?:png|jpe?g|gif|bmp)$</arg>
<doc>Fails if ``string`` does not match ``pattern`` as a regular expression.</doc>
<status status="PASS" start="2024-05-09T21:14:53.121083" elapsed="0.000361"/>
</kw>
<kw name="Should Match Regexp" owner="BuiltIn">
<arg>${json_data['results'][0]['picture']['thumbnail']}</arg>
<arg>^https?://.*\.(?:png|jpe?g|gif|bmp)$</arg>
<doc>Fails if ``string`` does not match ``pattern`` as a regular expression.</doc>
<status status="PASS" start="2024-05-09T21:14:53.121657" elapsed="0.000357"/>
</kw>
<kw name="Log" owner="BuiltIn">
<msg time="2024-05-09T21:14:53.122520" level="INFO">{'large': 'https://randomuser.me/api/portraits/men/92.jpg', 'medium': 'https://randomuser.me/api/portraits/med/men/92.jpg', 'thumbnail': 'https://randomuser.me/api/portraits/thumb/men/92.jpg'}</msg>
<arg>${json_data['results'][0]['picture']}</arg>
<doc>Logs the given message with the given level.</doc>
<status status="PASS" start="2024-05-09T21:14:53.122197" elapsed="0.000365"/>
</kw>
<status status="PASS" start="2024-05-09T21:14:53.061461" elapsed="0.061351"/>
</kw>
<kw name="Teste de Tipos de Dados - Postcode" owner="random-user-service">
<kw name="GET On Session" owner="RequestsLibrary">
<msg time="2024-05-09T21:14:53.210355" level="INFO">GET Request : url=https://randomuser.me/api 
 path_url=/api 
 headers={'User-Agent': 'python-requests/2.31.0', 'Accept-Encoding': 'gzip, deflate', 'Accept': '*/*', 'Connection': 'keep-alive'} 
 body=None 
 </msg>
<msg time="2024-05-09T21:14:53.210418" level="INFO">GET Response : url=https://randomuser.me/api 
 status=200, reason=OK 
 headers={'Date': 'Thu, 09 May 2024 21:14:53 GMT', 'Content-Type': 'application/json; charset=utf-8', 'Transfer-Encoding': 'chunked', 'Connection': 'keep-alive', 'X-Powered-By': 'Express', 'Access-Control-Allow-Origin': '*', 'Cache-Control': 'no-cache', 'ETag': 'W/"491-Hnpktmokt1PNAC+NEODMm9ZJYe0"', 'Vary': 'Accept-Encoding', 'Content-Encoding': 'gzip', 'CF-Cache-Status': 'DYNAMIC', 'Report-To': '{"endpoints":[{"url":"https:\\/\\/a.nel.cloudflare.com\\/report\\/v4?s=Yg1EItXKl0o0tsVk4Fz6n7jKpC5vBcitUUZ%2Bd0qGlqk3bzMl1XxZ4oZL8qNQxFUQz2xWdUyTrD7HkThOzKxB%2BiwunJMlyBbQejbe3t3ty6SmX%2BDO%2BRJs%2FmftJC0D%2FfIt"}],"group":"cf-nel","max_age":604800}', 'NEL': '{"success_fraction":0,"report_to":"cf-nel","max_age":604800}', 'Server': 'cloudflare', 'CF-RAY': '8814b3a2083961bb-ORD', 'alt-svc': 'h3=":443"; ma=86400'} 
 body={"results":[{"gender":"female","name":{"title":"Ms","first":"Juliette","last":"Leroy"},"location":{"street":{"number":7424,"name":"Rue de la Barre"},"city":"Amiens","state":"Pas-de-Calais","country":"France","postcode":84502,"coordinates":{"latitude":"-16.9297","longitude":"107.6130"},"timezone":{"offset":"+9:30","description":"Adelaide, Darwin"}},"email":"juliette.leroy@example.com","login":{"uuid":"79aeba0c-d5d4-4f07-a8aa-d1297b37198a","username":"redsnake168","password":"oooooo","salt":"v3q9bE6G","md5":"836ab601ea410eb3fda0fdb82201bd42","sha1":"081df14f21aaf31e980735efcdfabf02a288cd45","sha256":"84b07dda7d4539b1b6e3d4254c52c15148504d21424779e300c6f5663640e7a0"},"dob":{"date":"1954-01-22T22:25:05.434Z","age":70},"registered":{"date":"2013-09-26T04:39:31.559Z","age":10},"phone":"04-24-16-56-66","cell":"06-10-36-64-94","id":{"name":"INSEE","value":"2540094557806 92"},"picture":{"large":"https://randomuser.me/api/portraits/women/43.jpg","medium":"https://randomuser.me/api/portraits/med/women/43.jpg","thumbnail":"https://randomuser.me/api/portraits/thumb/women/43.jpg"},"nat":"FR"}],"info":{"seed":"d876891ca8b6614f","results":1,"page":1,"version":"1.4"}} 
 </msg>
<msg time="2024-05-09T21:14:53.210478" level="INFO">/opt/hostedtoolcache/Python/3.12.3/x64/lib/python3.12/site-packages/urllib3/connectionpool.py:1103: InsecureRequestWarning: Unverified HTTPS request is being made to host 'randomuser.me'. Adding certificate verification is strongly advised. See: https://urllib3.readthedocs.io/en/latest/advanced-usage.html#tls-warnings
  warnings.warn(</msg>
<msg time="2024-05-09T21:14:53.210564" level="INFO">${response} = &lt;Response [200]&gt;</msg>
<var>${response}</var>
<arg>consultarAPI</arg>
<arg>/api</arg>
<doc>Sends a GET request on a previously created HTTP Session.</doc>
<status status="PASS" start="2024-05-09T21:14:53.123242" elapsed="0.087363"/>
</kw>
<kw name="Set Variable" owner="BuiltIn">
<msg time="2024-05-09T21:14:53.211605" level="INFO">${json_data} = {'results': [{'gender': 'female', 'name': {'title': 'Ms', 'first': 'Juliette', 'last': 'Leroy'}, 'location': {'street': {'number': 7424, 'name': 'Rue de la Barre'}, 'city': 'Amiens', 'state': 'Pas-de-...</msg>
<var>${json_data}</var>
<arg>${response.json()}</arg>
<doc>Returns the given values which can then be assigned to a variables.</doc>
<status status="PASS" start="2024-05-09T21:14:53.211047" elapsed="0.000587"/>
</kw>
<kw name="Log" owner="BuiltIn">
<msg time="2024-05-09T21:14:53.212096" level="INFO">{'results': [{'gender': 'female', 'name': {'title': 'Ms', 'first': 'Juliette', 'last': 'Leroy'}, 'location': {'street': {'number': 7424, 'name': 'Rue de la Barre'}, 'city': 'Amiens', 'state': 'Pas-de-Calais', 'country': 'France', 'postcode': 84502, 'coordinates': {'latitude': '-16.9297', 'longitude': '107.6130'}, 'timezone': {'offset': '+9:30', 'description': 'Adelaide, Darwin'}}, 'email': 'juliette.leroy@example.com', 'login': {'uuid': '79aeba0c-d5d4-4f07-a8aa-d1297b37198a', 'username': 'redsnake168', 'password': 'oooooo', 'salt': 'v3q9bE6G', 'md5': '836ab601ea410eb3fda0fdb82201bd42', 'sha1': '081df14f21aaf31e980735efcdfabf02a288cd45', 'sha256': '84b07dda7d4539b1b6e3d4254c52c15148504d21424779e300c6f5663640e7a0'}, 'dob': {'date': '1954-01-22T22:25:05.434Z', 'age': 70}, 'registered': {'date': '2013-09-26T04:39:31.559Z', 'age': 10}, 'phone': '04-24-16-56-66', 'cell': '06-10-36-64-94', 'id': {'name': 'INSEE', 'value': '2540094557806 92'}, 'picture': {'large': 'https://randomuser.me/api/portraits/women/43.jpg', 'medium': 'https://randomuser.me/api/portraits/med/women/43.jpg', 'thumbnail': 'https://randomuser.me/api/portraits/thumb/women/43.jpg'}, 'nat': 'FR'}], 'info': {'seed': 'd876891ca8b6614f', 'results': 1, 'page': 1, 'version': '1.4'}}</msg>
<arg>${json_data}</arg>
<doc>Logs the given message with the given level.</doc>
<status status="PASS" start="2024-05-09T21:14:53.211942" elapsed="0.000232"/>
</kw>
<kw name="Should Be Equal As Numbers" owner="BuiltIn">
<arg>${json_data['results'][0]['location']['postcode']}</arg>
<arg>${json_data['results'][0]['location']['postcode']}</arg>
<doc>Fails if objects are unequal after converting them to real numbers.</doc>
<status status="PASS" start="2024-05-09T21:14:53.212523" elapsed="0.000772"/>
</kw>
<kw name="Log" owner="BuiltIn">
<msg time="2024-05-09T21:14:53.213835" level="INFO">84502</msg>
<arg>${json_data['results'][0]['location']['postcode']}</arg>
<doc>Logs the given message with the given level.</doc>
<status status="PASS" start="2024-05-09T21:14:53.213495" elapsed="0.000380"/>
</kw>
<status status="PASS" start="2024-05-09T21:14:53.123025" elapsed="0.091101"/>
</kw>
<doc>Testa se os tipos de dados na resposta da API estão corretos.</doc>
<tag>testeTiposDados</tag>
<status status="PASS" start="2024-05-09T21:14:53.060986" elapsed="0.153299"/>
</test>
<test id="s1-s1-t5" name="Validar conteudo" line="35">
<kw name="Teste de Tipos de Conteudo" owner="random-user-service">
<kw name="GET On Session" owner="RequestsLibrary">
<msg time="2024-05-09T21:14:53.314852" level="INFO">GET Request : url=https://randomuser.me/api 
 path_url=/api 
 headers={'User-Agent': 'python-requests/2.31.0', 'Accept-Encoding': 'gzip, deflate', 'Accept': '*/*', 'Connection': 'keep-alive'} 
 body=None 
 </msg>
<msg time="2024-05-09T21:14:53.314937" level="INFO">GET Response : url=https://randomuser.me/api 
 status=200, reason=OK 
 headers={'Date': 'Thu, 09 May 2024 21:14:53 GMT', 'Content-Type': 'application/json; charset=utf-8', 'Transfer-Encoding': 'chunked', 'Connection': 'keep-alive', 'X-Powered-By': 'Express', 'Access-Control-Allow-Origin': '*', 'Cache-Control': 'no-cache', 'ETag': 'W/"49f-qBsLkiwrZcQs8bGvWXf8C/d/bKo"', 'Vary': 'Accept-Encoding', 'Content-Encoding': 'gzip', 'CF-Cache-Status': 'DYNAMIC', 'Report-To': '{"endpoints":[{"url":"https:\\/\\/a.nel.cloudflare.com\\/report\\/v4?s=zYNHRLeK4W0jr4vx%2F5%2BpNp3XUHjghZKSlwPu1begJVEe0KDZu%2FyYvd7DQ3O8Tf1S1w5ElsWLnfBiDmVdwDPpyrw1BypBugSI0AlC4fIKXVJl19zQfE7%2B%2BU0xSipLVaJH"}],"group":"cf-nel","max_age":604800}', 'NEL': '{"success_fraction":0,"report_to":"cf-nel","max_age":604800}', 'Server': 'cloudflare', 'CF-RAY': '8814b3a2991f61bb-ORD', 'alt-svc': 'h3=":443"; ma=86400'} 
 body={"results":[{"gender":"female","name":{"title":"Miss","first":"Florencia","last":"Candelaria"},"location":{"street":{"number":6939,"name":"Eje vial Carmona"},"city":"Mochitlán","state":"Oaxaca","country":"Mexico","postcode":58396,"coordinates":{"latitude":"24.8518","longitude":"31.8069"},"timezone":{"offset":"+9:30","description":"Adelaide, Darwin"}},"email":"florencia.candelaria@example.com","login":{"uuid":"621eb989-8371-466a-ad4c-1a65220607e8","username":"silverbutterfly700","password":"dougie","salt":"nCeAzP3Z","md5":"5d1737bce2d882fbbeea2d474b4509e4","sha1":"c01be817bdfce09b710251b15512aaa8bc14f8f4","sha256":"c8e81dd908fd885e1b890dfb14f2ebf75899363b89a94a6a143ec813e7deca7d"},"dob":{"date":"1968-04-17T11:31:37.551Z","age":56},"registered":{"date":"2009-03-13T13:09:21.737Z","age":15},"phone":"(610) 404 9555","cell":"(627) 731 1635","id":{"name":"NSS","value":"04 53 56 7677 1"},"picture":{"large":"https://randomuser.me/api/portraits/women/15.jpg","medium":"https://randomuser.me/api/portraits/med/women/15.jpg","thumbnail":"https://randomuser.me/api/portraits/thumb/women/15.jpg"},"nat":"MX"}],"info":{"seed":"844a9d357909e9d7","results":1,"page":1,"version":"1.4"}} 
 </msg>
<msg time="2024-05-09T21:14:53.315011" level="INFO">/opt/hostedtoolcache/Python/3.12.3/x64/lib/python3.12/site-packages/urllib3/connectionpool.py:1103: InsecureRequestWarning: Unverified HTTPS request is being made to host 'randomuser.me'. Adding certificate verification is strongly advised. See: https://urllib3.readthedocs.io/en/latest/advanced-usage.html#tls-warnings
  warnings.warn(</msg>
<msg time="2024-05-09T21:14:53.315127" level="INFO">${response} = &lt;Response [200]&gt;</msg>
<var>${response}</var>
<arg>consultarAPI</arg>
<arg>/api</arg>
<doc>Sends a GET request on a previously created HTTP Session.</doc>
<status status="PASS" start="2024-05-09T21:14:53.216774" elapsed="0.098406"/>
</kw>
<kw name="Set Variable" owner="BuiltIn">
<msg time="2024-05-09T21:14:53.316254" level="INFO">${json_data} = {'results': [{'gender': 'female', 'name': {'title': 'Miss', 'first': 'Florencia', 'last': 'Candelaria'}, 'location': {'street': {'number': 6939, 'name': 'Eje vial Carmona'}, 'city': 'Mochitlán', 'stat...</msg>
<var>${json_data}</var>
<arg>${response.json()}</arg>
<doc>Returns the given values which can then be assigned to a variables.</doc>
<status status="PASS" start="2024-05-09T21:14:53.315702" elapsed="0.000581"/>
</kw>
<kw name="Set Variable" owner="BuiltIn">
<msg time="2024-05-09T21:14:53.317027" level="INFO">${name_title} = Miss</msg>
<var>${name_title}</var>
<arg>${json_data["results"][0]["name"]["title"]}</arg>
<doc>Returns the given values which can then be assigned to a variables.</doc>
<status status="PASS" start="2024-05-09T21:14:53.316638" elapsed="0.000414"/>
</kw>
<kw name="Create List" owner="BuiltIn">
<msg time="2024-05-09T21:14:53.317493" level="INFO">${allowed_titles} = ['Mr', 'Ms', 'Miss', 'Mrs', 'Madame', 'Monsieur']</msg>
<var>${allowed_titles}</var>
<arg>Mr</arg>
<arg>Ms</arg>
<arg>Miss</arg>
<arg>Mrs</arg>
<arg>Madame</arg>
<arg>Monsieur</arg>
<doc>Returns a list containing given items.</doc>
<status status="PASS" start="2024-05-09T21:14:53.317347" elapsed="0.000169"/>
</kw>
<kw name="List Should Contain Value" owner="Collections">
<msg time="2024-05-09T21:14:53.317978" level="INFO">False</msg>
<arg>${allowed_titles}</arg>
<arg>${name_title}</arg>
<doc>Fails if the ``value`` is not found from ``list``.</doc>
<status status="PASS" start="2024-05-09T21:14:53.317812" elapsed="0.000201"/>
</kw>
<kw name="Set Variable" owner="BuiltIn">
<msg time="2024-05-09T21:14:53.318678" level="INFO">${name_country} = MX</msg>
<var>${name_country}</var>
<arg>${json_data["results"][0]["nat"]}</arg>
<doc>Returns the given values which can then be assigned to a variables.</doc>
<status status="PASS" start="2024-05-09T21:14:53.318303" elapsed="0.000399"/>
</kw>
<kw name="Create List" owner="BuiltIn">
<msg time="2024-05-09T21:14:53.319584" level="INFO">${list_country} = ['AD', 'AE', 'AF', 'AG', 'AI', 'AL', 'AM', 'AO', 'AQ', 'AR', 'AS', 'AT', 'AU', 'AW', 'AX', 'AZ', 'BA', 'BB', 'BD', 'BE', 'BF', 'BG', 'BH', 'BI', 'BJ', 'BL', 'BM', 'BN', 'BO', 'BQ', 'BR', 'BS', 'BT', '...</msg>
<var>${list_country}</var>
<arg>AD</arg>
<arg>AE</arg>
<arg>AF</arg>
<arg>AG</arg>
<arg>AI</arg>
<arg>AL</arg>
<arg>AM</arg>
<arg>AO</arg>
<arg>AQ</arg>
<arg>AR</arg>
<arg>AS</arg>
<arg>AT</arg>
<arg>AU</arg>
<arg>AW</arg>
<arg>AX</arg>
<arg>AZ</arg>
<arg>BA</arg>
<arg>BB</arg>
<arg>BD</arg>
<arg>BE</arg>
<arg>BF</arg>
<arg>BG</arg>
<arg>BH</arg>
<arg>BI</arg>
<arg>BJ</arg>
<arg>BL</arg>
<arg>BM</arg>
<arg>BN</arg>
<arg>BO</arg>
<arg>BQ</arg>
<arg>BR</arg>
<arg>BS</arg>
<arg>BT</arg>
<arg>BV</arg>
<arg>BW</arg>
<arg>BY</arg>
<arg>BZ</arg>
<arg>CA</arg>
<arg>CC</arg>
<arg>CD</arg>
<arg>CF</arg>
<arg>CG</arg>
<arg>CH</arg>
<arg>CI</arg>
<arg>CK</arg>
<arg>CL</arg>
<arg>CM</arg>
<arg>CN</arg>
<arg>CO</arg>
<arg>CR</arg>
<arg>CU</arg>
<arg>CV</arg>
<arg>CW</arg>
<arg>CX</arg>
<arg>CY</arg>
<arg>CZ</arg>
<arg>DE</arg>
<arg>DJ</arg>
<arg>DK</arg>
<arg>DM</arg>
<arg>DO</arg>
<arg>DZ</arg>
<arg>EC</arg>
<arg>EE</arg>
<arg>EG</arg>
<arg>EH</arg>
<arg>ER</arg>
<arg>ES</arg>
<arg>ET</arg>
<arg>FI</arg>
<arg>FJ</arg>
<arg>FK</arg>
<arg>FM</arg>
<arg>FO</arg>
<arg>FR</arg>
<arg>GA</arg>
<arg>GB</arg>
<arg>GD</arg>
<arg>GE</arg>
<arg>GF</arg>
<arg>GG</arg>
<arg>GH</arg>
<arg>GI</arg>
<arg>GL</arg>
<arg>GM</arg>
<arg>GN</arg>
<arg>GP</arg>
<arg>GQ</arg>
<arg>GR</arg>
<arg>GS</arg>
<arg>GT</arg>
<arg>GU</arg>
<arg>GW</arg>
<arg>GY</arg>
<arg>HK</arg>
<arg>HM</arg>
<arg>HN</arg>
<arg>HR</arg>
<arg>HT</arg>
<arg>HU</arg>
<arg>ID</arg>
<arg>IE</arg>
<arg>IL</arg>
<arg>IM</arg>
<arg>IN</arg>
<arg>IO</arg>
<arg>IQ</arg>
<arg>IR</arg>
<arg>IS</arg>
<arg>IT</arg>
<arg>JE</arg>
<arg>JM</arg>
<arg>JO</arg>
<arg>JP</arg>
<arg>KE</arg>
<arg>KG</arg>
<arg>KH</arg>
<arg>KI</arg>
<arg>KM</arg>
<arg>KN</arg>
<arg>KP</arg>
<arg>KR</arg>
<arg>KW</arg>
<arg>KY</arg>
<arg>KZ</arg>
<arg>LA</arg>
<arg>LB</arg>
<arg>LC</arg>
<arg>LI</arg>
<arg>LK</arg>
<arg>LR</arg>
<arg>LS</arg>
<arg>LT</arg>
<arg>LU</arg>
<arg>LV</arg>
<arg>LY</arg>
<arg>MA</arg>
<arg>MC</arg>
<arg>MD</arg>
<arg>ME</arg>
<arg>MF</arg>
<arg>MG</arg>
<arg>MH</arg>
<arg>MK</arg>
<arg>ML</arg>
<arg>MM</arg>
<arg>MN</arg>
<arg>MO</arg>
<arg>MP</arg>
<arg>MQ</arg>
<arg>MR</arg>
<arg>MS</arg>
<arg>MT</arg>
<arg>MU</arg>
<arg>MV</arg>
<arg>MW</arg>
<arg>MX</arg>
<arg>MY</arg>
<arg>MZ</arg>
<arg>NA</arg>
<arg>NC</arg>
<arg>NE</arg>
<arg>NF</arg>
<arg>NG</arg>
<arg>NI</arg>
<arg>NL</arg>
<arg>NO</arg>
<arg>NP</arg>
<arg>NR</arg>
<arg>NU</arg>
<arg>NZ</arg>
<arg>OM</arg>
<arg>PA</arg>
<arg>PE</arg>
<arg>PF</arg>
<arg>PG</arg>
<arg>PH</arg>
<arg>PK</arg>
<arg>PL</arg>
<arg>PM</arg>
<arg>PN</arg>
<arg>PR</arg>
<arg>PS</arg>
<arg>PT</arg>
<arg>PW</arg>
<arg>PY</arg>
<arg>QA</arg>
<arg>RE</arg>
<arg>RO</arg>
<arg>RS</arg>
<arg>RU</arg>
<arg>RW</arg>
<arg>SA</arg>
<arg>SB</arg>
<arg>SC</arg>
<arg>SD</arg>
<arg>SE</arg>
<arg>SG</arg>
<arg>SH</arg>
<arg>SI</arg>
<arg>SJ</arg>
<arg>SK</arg>
<arg>SL</arg>
<arg>SM</arg>
<arg>SN</arg>
<arg>SO</arg>
<arg>SR</arg>
<arg>SS</arg>
<arg>ST</arg>
<arg>SV</arg>
<arg>SX</arg>
<arg>SY</arg>
<arg>SZ</arg>
<arg>TC</arg>
<arg>TD</arg>
<arg>TF</arg>
<arg>TG</arg>
<arg>TH</arg>
<arg>TJ</arg>
<arg>TK</arg>
<arg>TL</arg>
<arg>TM</arg>
<arg>TN</arg>
<arg>TO</arg>
<arg>TR</arg>
<arg>TT</arg>
<arg>TV</arg>
<arg>TW</arg>
<arg>TZ</arg>
<arg>UA</arg>
<arg>UG</arg>
<arg>UM</arg>
<arg>US</arg>
<arg>UY</arg>
<arg>UZ</arg>
<arg>VA</arg>
<arg>VC</arg>
<arg>VE</arg>
<arg>VG</arg>
<arg>VI</arg>
<arg>VN</arg>
<arg>VU</arg>
<arg>WF</arg>
<arg>WS</arg>
<arg>XK</arg>
<arg>YE</arg>
<arg>YT</arg>
<arg>ZA</arg>
<arg>ZM</arg>
<arg>ZW</arg>
<doc>Returns a list containing given items.</doc>
<status status="PASS" start="2024-05-09T21:14:53.318996" elapsed="0.000612"/>
</kw>
<kw name="List Should Contain Value" owner="Collections">
<msg time="2024-05-09T21:14:53.320624" level="INFO">False</msg>
<arg>${list_country}</arg>
<arg>${name_country}</arg>
<doc>Fails if the ``value`` is not found from ``list``.</doc>
<status status="PASS" start="2024-05-09T21:14:53.320424" elapsed="0.000236"/>
</kw>
<kw name="Run Keyword If" owner="BuiltIn">
<kw name="Should Be True" owner="BuiltIn">
<arg>${True}</arg>
<doc>Fails if the given condition is not true.</doc>
<status status="PASS" start="2024-05-09T21:14:53.321714" elapsed="0.000141"/>
</kw>
<arg>${json_data["results"][0]["location"]["coordinates"]["latitude"]} &gt;= -90 and ${json_data["results"][0]["location"]["coordinates"]["latitude"]} &lt;= 90</arg>
<arg>Should Be True</arg>
<arg>${True}</arg>
<doc>Runs the given keyword with the given arguments, if ``condition`` is true.</doc>
<status status="PASS" start="2024-05-09T21:14:53.320971" elapsed="0.001007"/>
</kw>
<kw name="Run Keyword If" owner="BuiltIn">
<kw name="Should Be True" owner="BuiltIn">
<arg>${True}</arg>
<doc>Fails if the given condition is not true.</doc>
<status status="PASS" start="2024-05-09T21:14:53.322867" elapsed="0.000241"/>
</kw>
<arg>${json_data["results"][0]["location"]["coordinates"]["longitude"]} &gt;= -180 and ${json_data["results"][0]["location"]["coordinates"]["longitude"]} &lt;= 180</arg>
<arg>Should Be True</arg>
<arg>${True}</arg>
<doc>Runs the given keyword with the given arguments, if ``condition`` is true.</doc>
<status status="PASS" start="2024-05-09T21:14:53.322162" elapsed="0.001073"/>
</kw>
<status status="PASS" start="2024-05-09T21:14:53.216551" elapsed="0.106812"/>
</kw>
<doc>Testa o conteúdo específico dos campos retornados pela API.</doc>
<tag>testeConteudo</tag>
<status status="PASS" start="2024-05-09T21:14:53.216023" elapsed="0.107480"/>
</test>
<status status="PASS" start="2024-05-09T21:14:52.273199" elapsed="1.052299"/>
</suite>
<status status="PASS" start="2024-05-09T21:14:52.259763" elapsed="1.070828"/>
</suite>
<statistics>
<total>
<stat pass="5" fail="0" skip="0">All Tests</stat>
</total>
<tag>
<stat pass="1" fail="0" skip="0">testeConteudo</stat>
<stat pass="1" fail="0" skip="0">testeEstruturaResposta</stat>
<stat pass="1" fail="0" skip="0">testeRequisicaoBasica</stat>
<stat pass="1" fail="0" skip="0">testeTiposDados</stat>
</tag>
<suite>
<stat pass="5" fail="0" skip="0" id="s1" name="Tests">Tests</stat>
<stat pass="5" fail="0" skip="0" id="s1-s1" name="Random-User-Test">Tests.Random-User-Test</stat>
</suite>
</statistics>
<errors>
</errors>
</robot>
