<?xml version="1.0" encoding="UTF-8"?>
<robot generator="Robot 7.0 (Python 3.12.3 on linux)" generated="2024-05-24T13:16:17.462448" rpa="false" schemaversion="5">
<suite id="s1" name="Tests" source="/home/runner/work/DesafioQAItauRogerioJordao/DesafioQAItauRogerioJordao/RamdonUser/tests">
<suite id="s1-s1" name="Random-User-Test" source="/home/runner/work/DesafioQAItauRogerioJordao/DesafioQAItauRogerioJordao/RamdonUser/tests/random-user-test.robot">
<test id="s1-s1-t1" name="Conectar" line="13">
<kw name="Conectar API" owner="random-user-service">
<kw name="Create Session" owner="RequestsLibrary">
<msg time="2024-05-24T13:16:17.852261" level="INFO">Creating Session using : alias=consultarAPI, url=https://randomuser.me/, headers={},                     cookies={}, auth=None, timeout=None, proxies=None, verify=False,                     debug=0 </msg>
<arg>consultarAPI</arg>
<arg>${URL}</arg>
<doc>Create Session: create a HTTP session to a server</doc>
<status status="PASS" start="2024-05-24T13:16:17.852050" elapsed="0.000404"/>
</kw>
<status status="PASS" start="2024-05-24T13:16:17.851055" elapsed="0.001802"/>
</kw>
<status status="PASS" start="2024-05-24T13:16:17.850440" elapsed="0.002625"/>
</test>
<test id="s1-s1-t2" name="Validar retorno 200 e JSON Válido" line="16">
<kw name="Teste de Requisicao Basica" owner="random-user-service">
<kw name="GET On Session" owner="RequestsLibrary">
<msg time="2024-05-24T13:16:18.089833" level="INFO">GET Request : url=https://randomuser.me/api 
 path_url=/api 
 headers={'User-Agent': 'python-requests/2.32.2', 'Accept-Encoding': 'gzip, deflate', 'Accept': '*/*', 'Connection': 'keep-alive'} 
 body=None 
 </msg>
<msg time="2024-05-24T13:16:18.089991" level="INFO">GET Response : url=https://randomuser.me/api 
 status=200, reason=OK 
 headers={'Date': 'Fri, 24 May 2024 13:16:18 GMT', 'Content-Type': 'application/json; charset=utf-8', 'Transfer-Encoding': 'chunked', 'Connection': 'keep-alive', 'X-Powered-By': 'Express', 'Access-Control-Allow-Origin': '*', 'Cache-Control': 'no-cache', 'ETag': 'W/"48e-5TxSsJisdEAWvMkW03fkcZufXmE"', 'Vary': 'Accept-Encoding', 'Content-Encoding': 'gzip', 'CF-Cache-Status': 'DYNAMIC', 'Report-To': '{"endpoints":[{"url":"https:\\/\\/a.nel.cloudflare.com\\/report\\/v4?s=RBcs9Rj%2FAnRZV%2BGDEgusWLGOgodWdazQiy%2Fic4DswZGvacMe9I6sLvFw21GQzR2ha25afrQE9n0x2X2OO%2BHLRfQlBNYx6n3QsJi4Vt5R8F%2BzMLhiVDHytD5GpTbMbkxS"}],"group":"cf-nel","max_age":604800}', 'NEL': '{"success_fraction":0,"report_to":"cf-nel","max_age":604800}', 'Server': 'cloudflare', 'CF-RAY': '888d8f34cf110806-IAD', 'alt-svc': 'h3=":443"; ma=86400'} 
 body={"results":[{"gender":"female","name":{"title":"Miss","first":"Nella","last":"Kalm"},"location":{"street":{"number":6598,"name":"Itsenäisyydenkatu"},"city":"Kuopio","state":"Kymenlaakso","country":"Finland","postcode":10827,"coordinates":{"latitude":"-27.0184","longitude":"9.3054"},"timezone":{"offset":"-12:00","description":"Eniwetok, Kwajalein"}},"email":"nella.kalm@example.com","login":{"uuid":"a300a453-057b-4df7-bff0-c24059ab109b","username":"angryrabbit267","password":"xxxxxx1","salt":"tEUZ7DR8","md5":"fc9c97aeab95eb79a6f90fe27a9ff631","sha1":"6e36c5a42cb67d4a6f771a57410ac377675afcfc","sha256":"8aefd1da016ae129cd0dfa5736e435d3ad8d0556578888ed46def0a3d926d7b8"},"dob":{"date":"1962-05-17T17:27:47.908Z","age":62},"registered":{"date":"2002-07-18T07:13:18.287Z","age":21},"phone":"06-670-057","cell":"043-130-79-48","id":{"name":"HETU","value":"NaNNA496undefined"},"picture":{"large":"https://randomuser.me/api/portraits/women/36.jpg","medium":"https://randomuser.me/api/portraits/med/women/36.jpg","thumbnail":"https://randomuser.me/api/portraits/thumb/women/36.jpg"},"nat":"FI"}],"info":{"seed":"22daba96821cc523","results":1,"page":1,"version":"1.4"}} 
 </msg>
<msg time="2024-05-24T13:16:18.090080" level="INFO">/opt/hostedtoolcache/Python/3.12.3/x64/lib/python3.12/site-packages/urllib3/connectionpool.py:1103: InsecureRequestWarning: Unverified HTTPS request is being made to host 'randomuser.me'. Adding certificate verification is strongly advised. See: https://urllib3.readthedocs.io/en/latest/advanced-usage.html#tls-warnings
  warnings.warn(</msg>
<msg time="2024-05-24T13:16:18.090244" level="INFO">${response} = &lt;Response [200]&gt;</msg>
<var>${response}</var>
<arg>consultarAPI</arg>
<arg>/api</arg>
<doc>Sends a GET request on a previously created HTTP Session.</doc>
<status status="PASS" start="2024-05-24T13:16:17.855757" elapsed="0.234535"/>
</kw>
<kw name="Should Be Equal As Numbers" owner="BuiltIn">
<msg time="2024-05-24T13:16:18.091321" level="INFO">Argument types are:
&lt;class 'int'&gt;
&lt;class 'str'&gt;</msg>
<arg>${response.status_code}</arg>
<arg>200</arg>
<doc>Fails if objects are unequal after converting them to real numbers.</doc>
<status status="PASS" start="2024-05-24T13:16:18.090839" elapsed="0.000553"/>
</kw>
<kw name="Log" owner="BuiltIn">
<msg time="2024-05-24T13:16:18.092177" level="INFO">200</msg>
<arg>${response.status_code}</arg>
<doc>Logs the given message with the given level.</doc>
<status status="PASS" start="2024-05-24T13:16:18.091793" elapsed="0.000441"/>
</kw>
<kw name="Set Variable" owner="BuiltIn">
<msg time="2024-05-24T13:16:18.093081" level="INFO">${json_data} = {'results': [{'gender': 'female', 'name': {'title': 'Miss', 'first': 'Nella', 'last': 'Kalm'}, 'location': {'street': {'number': 6598, 'name': 'Itsenäisyydenkatu'}, 'city': 'Kuopio', 'state': 'Kymenla...</msg>
<var>${json_data}</var>
<arg>${response.json()}</arg>
<doc>Returns the given values which can then be assigned to a variables.</doc>
<status status="PASS" start="2024-05-24T13:16:18.092564" elapsed="0.000547"/>
</kw>
<kw name="Dictionary Should Contain Key" owner="Collections">
<msg time="2024-05-24T13:16:18.093665" level="INFO">False</msg>
<arg>${json_data}</arg>
<arg>results</arg>
<doc>Fails if ``key`` is not found from ``dictionary``.</doc>
<status status="PASS" start="2024-05-24T13:16:18.093480" elapsed="0.000225"/>
</kw>
<status status="PASS" start="2024-05-24T13:16:17.855501" elapsed="0.238472"/>
</kw>
<doc>Testa se a API responde corretamente e retorna um objeto JSON válido.</doc>
<tag>testeRequisicaoBasica</tag>
<status status="PASS" start="2024-05-24T13:16:17.854961" elapsed="0.239205"/>
</test>
<test id="s1-s1-t3" name="Validar estrutura de resposta" line="22">
<kw name="Teste de Estrutura de Resposta" owner="random-user-service">
<kw name="GET On Session" owner="RequestsLibrary">
<msg time="2024-05-24T13:16:18.186850" level="INFO">GET Request : url=https://randomuser.me/api 
 path_url=/api 
 headers={'User-Agent': 'python-requests/2.32.2', 'Accept-Encoding': 'gzip, deflate', 'Accept': '*/*', 'Connection': 'keep-alive'} 
 body=None 
 </msg>
<msg time="2024-05-24T13:16:18.186959" level="INFO">GET Response : url=https://randomuser.me/api 
 status=200, reason=OK 
 headers={'Date': 'Fri, 24 May 2024 13:16:18 GMT', 'Content-Type': 'application/json; charset=utf-8', 'Transfer-Encoding': 'chunked', 'Connection': 'keep-alive', 'X-Powered-By': 'Express', 'Access-Control-Allow-Origin': '*', 'Cache-Control': 'no-cache', 'ETag': 'W/"486-DpK8R6lcI+3328pdQZVx0iyzrJc"', 'Vary': 'Accept-Encoding', 'Content-Encoding': 'gzip', 'CF-Cache-Status': 'DYNAMIC', 'Report-To': '{"endpoints":[{"url":"https:\\/\\/a.nel.cloudflare.com\\/report\\/v4?s=e650cxN9cU6L2fAxxqiZDMpKoH0wKyICHfL6OgYNlkS6l5a9x7v79xEl39b5gPMTBfjLMrEZiQkucDD1IcJq%2BuxwuPY7C09LuMTOrUdQAfnovKX0ammPc6tSIYvfJMrx"}],"group":"cf-nel","max_age":604800}', 'NEL': '{"success_fraction":0,"report_to":"cf-nel","max_age":604800}', 'Server': 'cloudflare', 'CF-RAY': '888d8f351faa0806-IAD', 'alt-svc': 'h3=":443"; ma=86400'} 
 body={"results":[{"gender":"female","name":{"title":"Ms","first":"Iva","last":"Stojković"},"location":{"street":{"number":9660,"name":"Save Vukovića "},"city":"Negotin","state":"Pirot","country":"Serbia","postcode":70219,"coordinates":{"latitude":"55.8044","longitude":"62.0842"},"timezone":{"offset":"-8:00","description":"Pacific Time (US &amp; Canada)"}},"email":"iva.stojkovic@example.com","login":{"uuid":"4cb2fc88-a24d-45af-b10d-cb2a92712abd","username":"smallrabbit767","password":"123987","salt":"ks1wQ87d","md5":"89efe0884ffa9759d013223cdbffddf2","sha1":"4b2d689c83539e4a77d860c1f6b8f720bbcc894c","sha256":"3be4654f164bab3c42d13d5986d37231abc7f07c859ffb8c221b2e79c8a2c385"},"dob":{"date":"1954-06-17T05:47:41.671Z","age":69},"registered":{"date":"2015-11-05T00:01:03.623Z","age":8},"phone":"014-0166-889","cell":"063-0283-243","id":{"name":"SID","value":"299600556"},"picture":{"large":"https://randomuser.me/api/portraits/women/55.jpg","medium":"https://randomuser.me/api/portraits/med/women/55.jpg","thumbnail":"https://randomuser.me/api/portraits/thumb/women/55.jpg"},"nat":"RS"}],"info":{"seed":"dab38f12d7edc041","results":1,"page":1,"version":"1.4"}} 
 </msg>
<msg time="2024-05-24T13:16:18.187101" level="INFO">/opt/hostedtoolcache/Python/3.12.3/x64/lib/python3.12/site-packages/urllib3/connectionpool.py:1103: InsecureRequestWarning: Unverified HTTPS request is being made to host 'randomuser.me'. Adding certificate verification is strongly advised. See: https://urllib3.readthedocs.io/en/latest/advanced-usage.html#tls-warnings
  warnings.warn(</msg>
<msg time="2024-05-24T13:16:18.187249" level="INFO">${response} = &lt;Response [200]&gt;</msg>
<var>${response}</var>
<arg>consultarAPI</arg>
<arg>/api</arg>
<doc>Sends a GET request on a previously created HTTP Session.</doc>
<status status="PASS" start="2024-05-24T13:16:18.096944" elapsed="0.090345"/>
</kw>
<kw name="Set Variable" owner="BuiltIn">
<msg time="2024-05-24T13:16:18.188372" level="INFO">${json_data} = {'results': [{'gender': 'female', 'name': {'title': 'Ms', 'first': 'Iva', 'last': 'Stojković'}, 'location': {'street': {'number': 9660, 'name': 'Save Vukovića '}, 'city': 'Negotin', 'state': 'Pirot', ...</msg>
<var>${json_data}</var>
<arg>${response.json()}</arg>
<doc>Returns the given values which can then be assigned to a variables.</doc>
<status status="PASS" start="2024-05-24T13:16:18.187819" elapsed="0.000584"/>
</kw>
<kw name="Log" owner="BuiltIn">
<msg time="2024-05-24T13:16:18.188992" level="INFO">{'results': [{'gender': 'female', 'name': {'title': 'Ms', 'first': 'Iva', 'last': 'Stojković'}, 'location': {'street': {'number': 9660, 'name': 'Save Vukovića '}, 'city': 'Negotin', 'state': 'Pirot', 'country': 'Serbia', 'postcode': 70219, 'coordinates': {'latitude': '55.8044', 'longitude': '62.0842'}, 'timezone': {'offset': '-8:00', 'description': 'Pacific Time (US &amp; Canada)'}}, 'email': 'iva.stojkovic@example.com', 'login': {'uuid': '4cb2fc88-a24d-45af-b10d-cb2a92712abd', 'username': 'smallrabbit767', 'password': '123987', 'salt': 'ks1wQ87d', 'md5': '89efe0884ffa9759d013223cdbffddf2', 'sha1': '4b2d689c83539e4a77d860c1f6b8f720bbcc894c', 'sha256': '3be4654f164bab3c42d13d5986d37231abc7f07c859ffb8c221b2e79c8a2c385'}, 'dob': {'date': '1954-06-17T05:47:41.671Z', 'age': 69}, 'registered': {'date': '2015-11-05T00:01:03.623Z', 'age': 8}, 'phone': '014-0166-889', 'cell': '063-0283-243', 'id': {'name': 'SID', 'value': '299600556'}, 'picture': {'large': 'https://randomuser.me/api/portraits/women/55.jpg', 'medium': 'https://randomuser.me/api/portraits/med/women/55.jpg', 'thumbnail': 'https://randomuser.me/api/portraits/thumb/women/55.jpg'}, 'nat': 'RS'}], 'info': {'seed': 'dab38f12d7edc041', 'results': 1, 'page': 1, 'version': '1.4'}}</msg>
<arg>${json_data}</arg>
<doc>Logs the given message with the given level.</doc>
<status status="PASS" start="2024-05-24T13:16:18.188766" elapsed="0.000286"/>
</kw>
<kw name="Dictionary Should Contain Key" owner="Collections">
<msg time="2024-05-24T13:16:18.189543" level="INFO">False</msg>
<arg>${json_data}</arg>
<arg>results</arg>
<doc>Fails if ``key`` is not found from ``dictionary``.</doc>
<status status="PASS" start="2024-05-24T13:16:18.189375" elapsed="0.000206"/>
</kw>
<kw name="Should Not Be Empty" owner="BuiltIn">
<msg time="2024-05-24T13:16:18.190049" level="INFO">Length is 2.</msg>
<arg>${json_data}</arg>
<doc>Verifies that the given item is not empty.</doc>
<status status="PASS" start="2024-05-24T13:16:18.189908" elapsed="0.000180"/>
</kw>
<kw name="Create List" owner="BuiltIn">
<msg time="2024-05-24T13:16:18.190714" level="INFO">${expected_keys} = ['gender', 'name', 'location', 'email', 'login']</msg>
<var>${expected_keys}</var>
<arg>gender</arg>
<arg>name</arg>
<arg>location</arg>
<arg>email</arg>
<arg>login</arg>
<doc>Returns a list containing given items.</doc>
<status status="PASS" start="2024-05-24T13:16:18.190386" elapsed="0.000355"/>
</kw>
<for flavor="IN">
<iter>
<kw name="Dictionary Should Contain Key" owner="Collections">
<msg time="2024-05-24T13:16:18.191770" level="INFO">False</msg>
<arg>${json_data['results'][0]}</arg>
<arg>${key}</arg>
<doc>Fails if ``key`` is not found from ``dictionary``.</doc>
<status status="PASS" start="2024-05-24T13:16:18.191349" elapsed="0.000461"/>
</kw>
<kw name="Log" owner="BuiltIn">
<msg time="2024-05-24T13:16:18.192500" level="INFO">{'gender': 'female', 'name': {'title': 'Ms', 'first': 'Iva', 'last': 'Stojković'}, 'location': {'street': {'number': 9660, 'name': 'Save Vukovića '}, 'city': 'Negotin', 'state': 'Pirot', 'country': 'Serbia', 'postcode': 70219, 'coordinates': {'latitude': '55.8044', 'longitude': '62.0842'}, 'timezone': {'offset': '-8:00', 'description': 'Pacific Time (US &amp; Canada)'}}, 'email': 'iva.stojkovic@example.com', 'login': {'uuid': '4cb2fc88-a24d-45af-b10d-cb2a92712abd', 'username': 'smallrabbit767', 'password': '123987', 'salt': 'ks1wQ87d', 'md5': '89efe0884ffa9759d013223cdbffddf2', 'sha1': '4b2d689c83539e4a77d860c1f6b8f720bbcc894c', 'sha256': '3be4654f164bab3c42d13d5986d37231abc7f07c859ffb8c221b2e79c8a2c385'}, 'dob': {'date': '1954-06-17T05:47:41.671Z', 'age': 69}, 'registered': {'date': '2015-11-05T00:01:03.623Z', 'age': 8}, 'phone': '014-0166-889', 'cell': '063-0283-243', 'id': {'name': 'SID', 'value': '299600556'}, 'picture': {'large': 'https://randomuser.me/api/portraits/women/55.jpg', 'medium': 'https://randomuser.me/api/portraits/med/women/55.jpg', 'thumbnail': 'https://randomuser.me/api/portraits/thumb/women/55.jpg'}, 'nat': 'RS'}</msg>
<arg>${json_data['results'][0]}</arg>
<doc>Logs the given message with the given level.</doc>
<status status="PASS" start="2024-05-24T13:16:18.192117" elapsed="0.000436"/>
</kw>
<kw name="Log" owner="BuiltIn">
<msg time="2024-05-24T13:16:18.193011" level="INFO">gender</msg>
<arg>${key}</arg>
<doc>Logs the given message with the given level.</doc>
<status status="PASS" start="2024-05-24T13:16:18.192878" elapsed="0.000172"/>
</kw>
<var name="${key}">gender</var>
<status status="PASS" start="2024-05-24T13:16:18.191218" elapsed="0.002054"/>
</iter>
<iter>
<kw name="Dictionary Should Contain Key" owner="Collections">
<msg time="2024-05-24T13:16:18.193987" level="INFO">False</msg>
<arg>${json_data['results'][0]}</arg>
<arg>${key}</arg>
<doc>Fails if ``key`` is not found from ``dictionary``.</doc>
<status status="PASS" start="2024-05-24T13:16:18.193588" elapsed="0.000437"/>
</kw>
<kw name="Log" owner="BuiltIn">
<msg time="2024-05-24T13:16:18.194722" level="INFO">{'gender': 'female', 'name': {'title': 'Ms', 'first': 'Iva', 'last': 'Stojković'}, 'location': {'street': {'number': 9660, 'name': 'Save Vukovića '}, 'city': 'Negotin', 'state': 'Pirot', 'country': 'Serbia', 'postcode': 70219, 'coordinates': {'latitude': '55.8044', 'longitude': '62.0842'}, 'timezone': {'offset': '-8:00', 'description': 'Pacific Time (US &amp; Canada)'}}, 'email': 'iva.stojkovic@example.com', 'login': {'uuid': '4cb2fc88-a24d-45af-b10d-cb2a92712abd', 'username': 'smallrabbit767', 'password': '123987', 'salt': 'ks1wQ87d', 'md5': '89efe0884ffa9759d013223cdbffddf2', 'sha1': '4b2d689c83539e4a77d860c1f6b8f720bbcc894c', 'sha256': '3be4654f164bab3c42d13d5986d37231abc7f07c859ffb8c221b2e79c8a2c385'}, 'dob': {'date': '1954-06-17T05:47:41.671Z', 'age': 69}, 'registered': {'date': '2015-11-05T00:01:03.623Z', 'age': 8}, 'phone': '014-0166-889', 'cell': '063-0283-243', 'id': {'name': 'SID', 'value': '299600556'}, 'picture': {'large': 'https://randomuser.me/api/portraits/women/55.jpg', 'medium': 'https://randomuser.me/api/portraits/med/women/55.jpg', 'thumbnail': 'https://randomuser.me/api/portraits/thumb/women/55.jpg'}, 'nat': 'RS'}</msg>
<arg>${json_data['results'][0]}</arg>
<doc>Logs the given message with the given level.</doc>
<status status="PASS" start="2024-05-24T13:16:18.194355" elapsed="0.000421"/>
</kw>
<kw name="Log" owner="BuiltIn">
<msg time="2024-05-24T13:16:18.195205" level="INFO">name</msg>
<arg>${key}</arg>
<doc>Logs the given message with the given level.</doc>
<status status="PASS" start="2024-05-24T13:16:18.195078" elapsed="0.000163"/>
</kw>
<var name="${key}">name</var>
<status status="PASS" start="2024-05-24T13:16:18.193470" elapsed="0.001987"/>
</iter>
<iter>
<kw name="Dictionary Should Contain Key" owner="Collections">
<msg time="2024-05-24T13:16:18.196145" level="INFO">False</msg>
<arg>${json_data['results'][0]}</arg>
<arg>${key}</arg>
<doc>Fails if ``key`` is not found from ``dictionary``.</doc>
<status status="PASS" start="2024-05-24T13:16:18.195761" elapsed="0.000421"/>
</kw>
<kw name="Log" owner="BuiltIn">
<msg time="2024-05-24T13:16:18.196875" level="INFO">{'gender': 'female', 'name': {'title': 'Ms', 'first': 'Iva', 'last': 'Stojković'}, 'location': {'street': {'number': 9660, 'name': 'Save Vukovića '}, 'city': 'Negotin', 'state': 'Pirot', 'country': 'Serbia', 'postcode': 70219, 'coordinates': {'latitude': '55.8044', 'longitude': '62.0842'}, 'timezone': {'offset': '-8:00', 'description': 'Pacific Time (US &amp; Canada)'}}, 'email': 'iva.stojkovic@example.com', 'login': {'uuid': '4cb2fc88-a24d-45af-b10d-cb2a92712abd', 'username': 'smallrabbit767', 'password': '123987', 'salt': 'ks1wQ87d', 'md5': '89efe0884ffa9759d013223cdbffddf2', 'sha1': '4b2d689c83539e4a77d860c1f6b8f720bbcc894c', 'sha256': '3be4654f164bab3c42d13d5986d37231abc7f07c859ffb8c221b2e79c8a2c385'}, 'dob': {'date': '1954-06-17T05:47:41.671Z', 'age': 69}, 'registered': {'date': '2015-11-05T00:01:03.623Z', 'age': 8}, 'phone': '014-0166-889', 'cell': '063-0283-243', 'id': {'name': 'SID', 'value': '299600556'}, 'picture': {'large': 'https://randomuser.me/api/portraits/women/55.jpg', 'medium': 'https://randomuser.me/api/portraits/med/women/55.jpg', 'thumbnail': 'https://randomuser.me/api/portraits/thumb/women/55.jpg'}, 'nat': 'RS'}</msg>
<arg>${json_data['results'][0]}</arg>
<doc>Logs the given message with the given level.</doc>
<status status="PASS" start="2024-05-24T13:16:18.196477" elapsed="0.000454"/>
</kw>
<kw name="Log" owner="BuiltIn">
<msg time="2024-05-24T13:16:18.197370" level="INFO">location</msg>
<arg>${key}</arg>
<doc>Logs the given message with the given level.</doc>
<status status="PASS" start="2024-05-24T13:16:18.197241" elapsed="0.000166"/>
</kw>
<var name="${key}">location</var>
<status status="PASS" start="2024-05-24T13:16:18.195643" elapsed="0.001982"/>
</iter>
<iter>
<kw name="Dictionary Should Contain Key" owner="Collections">
<msg time="2024-05-24T13:16:18.198303" level="INFO">False</msg>
<arg>${json_data['results'][0]}</arg>
<arg>${key}</arg>
<doc>Fails if ``key`` is not found from ``dictionary``.</doc>
<status status="PASS" start="2024-05-24T13:16:18.197914" elapsed="0.000427"/>
</kw>
<kw name="Log" owner="BuiltIn">
<msg time="2024-05-24T13:16:18.199009" level="INFO">{'gender': 'female', 'name': {'title': 'Ms', 'first': 'Iva', 'last': 'Stojković'}, 'location': {'street': {'number': 9660, 'name': 'Save Vukovića '}, 'city': 'Negotin', 'state': 'Pirot', 'country': 'Serbia', 'postcode': 70219, 'coordinates': {'latitude': '55.8044', 'longitude': '62.0842'}, 'timezone': {'offset': '-8:00', 'description': 'Pacific Time (US &amp; Canada)'}}, 'email': 'iva.stojkovic@example.com', 'login': {'uuid': '4cb2fc88-a24d-45af-b10d-cb2a92712abd', 'username': 'smallrabbit767', 'password': '123987', 'salt': 'ks1wQ87d', 'md5': '89efe0884ffa9759d013223cdbffddf2', 'sha1': '4b2d689c83539e4a77d860c1f6b8f720bbcc894c', 'sha256': '3be4654f164bab3c42d13d5986d37231abc7f07c859ffb8c221b2e79c8a2c385'}, 'dob': {'date': '1954-06-17T05:47:41.671Z', 'age': 69}, 'registered': {'date': '2015-11-05T00:01:03.623Z', 'age': 8}, 'phone': '014-0166-889', 'cell': '063-0283-243', 'id': {'name': 'SID', 'value': '299600556'}, 'picture': {'large': 'https://randomuser.me/api/portraits/women/55.jpg', 'medium': 'https://randomuser.me/api/portraits/med/women/55.jpg', 'thumbnail': 'https://randomuser.me/api/portraits/thumb/women/55.jpg'}, 'nat': 'RS'}</msg>
<arg>${json_data['results'][0]}</arg>
<doc>Logs the given message with the given level.</doc>
<status status="PASS" start="2024-05-24T13:16:18.198645" elapsed="0.000419"/>
</kw>
<kw name="Log" owner="BuiltIn">
<msg time="2024-05-24T13:16:18.199488" level="INFO">email</msg>
<arg>${key}</arg>
<doc>Logs the given message with the given level.</doc>
<status status="PASS" start="2024-05-24T13:16:18.199362" elapsed="0.000163"/>
</kw>
<var name="${key}">email</var>
<status status="PASS" start="2024-05-24T13:16:18.197803" elapsed="0.001944"/>
</iter>
<iter>
<kw name="Dictionary Should Contain Key" owner="Collections">
<msg time="2024-05-24T13:16:18.200424" level="INFO">False</msg>
<arg>${json_data['results'][0]}</arg>
<arg>${key}</arg>
<doc>Fails if ``key`` is not found from ``dictionary``.</doc>
<status status="PASS" start="2024-05-24T13:16:18.200033" elapsed="0.000428"/>
</kw>
<kw name="Log" owner="BuiltIn">
<msg time="2024-05-24T13:16:18.201141" level="INFO">{'gender': 'female', 'name': {'title': 'Ms', 'first': 'Iva', 'last': 'Stojković'}, 'location': {'street': {'number': 9660, 'name': 'Save Vukovića '}, 'city': 'Negotin', 'state': 'Pirot', 'country': 'Serbia', 'postcode': 70219, 'coordinates': {'latitude': '55.8044', 'longitude': '62.0842'}, 'timezone': {'offset': '-8:00', 'description': 'Pacific Time (US &amp; Canada)'}}, 'email': 'iva.stojkovic@example.com', 'login': {'uuid': '4cb2fc88-a24d-45af-b10d-cb2a92712abd', 'username': 'smallrabbit767', 'password': '123987', 'salt': 'ks1wQ87d', 'md5': '89efe0884ffa9759d013223cdbffddf2', 'sha1': '4b2d689c83539e4a77d860c1f6b8f720bbcc894c', 'sha256': '3be4654f164bab3c42d13d5986d37231abc7f07c859ffb8c221b2e79c8a2c385'}, 'dob': {'date': '1954-06-17T05:47:41.671Z', 'age': 69}, 'registered': {'date': '2015-11-05T00:01:03.623Z', 'age': 8}, 'phone': '014-0166-889', 'cell': '063-0283-243', 'id': {'name': 'SID', 'value': '299600556'}, 'picture': {'large': 'https://randomuser.me/api/portraits/women/55.jpg', 'medium': 'https://randomuser.me/api/portraits/med/women/55.jpg', 'thumbnail': 'https://randomuser.me/api/portraits/thumb/women/55.jpg'}, 'nat': 'RS'}</msg>
<arg>${json_data['results'][0]}</arg>
<doc>Logs the given message with the given level.</doc>
<status status="PASS" start="2024-05-24T13:16:18.200758" elapsed="0.000436"/>
</kw>
<kw name="Log" owner="BuiltIn">
<msg time="2024-05-24T13:16:18.201615" level="INFO">login</msg>
<arg>${key}</arg>
<doc>Logs the given message with the given level.</doc>
<status status="PASS" start="2024-05-24T13:16:18.201489" elapsed="0.000164"/>
</kw>
<var name="${key}">login</var>
<status status="PASS" start="2024-05-24T13:16:18.199922" elapsed="0.001977"/>
</iter>
<var>${key}</var>
<value>@{expected_keys}</value>
<status status="PASS" start="2024-05-24T13:16:18.191013" elapsed="0.011016"/>
</for>
<kw name="Create List" owner="BuiltIn">
<msg time="2024-05-24T13:16:18.202366" level="INFO">${expected_keysTwo} = ['username', 'password']</msg>
<var>${expected_keysTwo}</var>
<arg>username</arg>
<arg>password</arg>
<doc>Returns a list containing given items.</doc>
<status status="PASS" start="2024-05-24T13:16:18.202229" elapsed="0.000161"/>
</kw>
<for flavor="IN">
<iter>
<kw name="Dictionary Should Contain Key" owner="Collections">
<msg time="2024-05-24T13:16:18.203287" level="INFO">False</msg>
<arg>${json_data['results'][0]['login']}</arg>
<arg>${keyTwo}</arg>
<doc>Fails if ``key`` is not found from ``dictionary``.</doc>
<status status="PASS" start="2024-05-24T13:16:18.202898" elapsed="0.000426"/>
</kw>
<kw name="Dictionary Should Contain Key" owner="Collections">
<msg time="2024-05-24T13:16:18.204003" level="INFO">False</msg>
<arg>${json_data['results'][0]['login']}</arg>
<arg>${keyTwo}</arg>
<doc>Fails if ``key`` is not found from ``dictionary``.</doc>
<status status="PASS" start="2024-05-24T13:16:18.203618" elapsed="0.000422"/>
</kw>
<kw name="Log" owner="BuiltIn">
<msg time="2024-05-24T13:16:18.204456" level="INFO">username</msg>
<arg>${keyTwo}</arg>
<doc>Logs the given message with the given level.</doc>
<status status="PASS" start="2024-05-24T13:16:18.204330" elapsed="0.000163"/>
</kw>
<var name="${keyTwo}">username</var>
<status status="PASS" start="2024-05-24T13:16:18.202787" elapsed="0.001923"/>
</iter>
<iter>
<kw name="Dictionary Should Contain Key" owner="Collections">
<msg time="2024-05-24T13:16:18.205425" level="INFO">False</msg>
<arg>${json_data['results'][0]['login']}</arg>
<arg>${keyTwo}</arg>
<doc>Fails if ``key`` is not found from ``dictionary``.</doc>
<status status="PASS" start="2024-05-24T13:16:18.205041" elapsed="0.000420"/>
</kw>
<kw name="Dictionary Should Contain Key" owner="Collections">
<msg time="2024-05-24T13:16:18.206224" level="INFO">False</msg>
<arg>${json_data['results'][0]['login']}</arg>
<arg>${keyTwo}</arg>
<doc>Fails if ``key`` is not found from ``dictionary``.</doc>
<status status="PASS" start="2024-05-24T13:16:18.205758" elapsed="0.000505"/>
</kw>
<kw name="Log" owner="BuiltIn">
<msg time="2024-05-24T13:16:18.206689" level="INFO">password</msg>
<arg>${keyTwo}</arg>
<doc>Logs the given message with the given level.</doc>
<status status="PASS" start="2024-05-24T13:16:18.206561" elapsed="0.000165"/>
</kw>
<var name="${keyTwo}">password</var>
<status status="PASS" start="2024-05-24T13:16:18.204929" elapsed="0.002015"/>
</iter>
<var>${keyTwo}</var>
<value>@{expected_keysTwo}</value>
<status status="PASS" start="2024-05-24T13:16:18.202630" elapsed="0.004436"/>
</for>
<status status="PASS" start="2024-05-24T13:16:18.096663" elapsed="0.110549"/>
</kw>
<doc>Testa a estrutura da resposta da API.</doc>
<tag>testeEstruturaResposta</tag>
<status status="PASS" start="2024-05-24T13:16:18.096028" elapsed="0.111346"/>
</test>
<test id="s1-s1-t4" name="Validar tipos de dados" line="28">
<kw name="Teste de Tipos de Dados" owner="random-user-service">
<kw name="GET On Session" owner="RequestsLibrary">
<msg time="2024-05-24T13:16:18.285846" level="INFO">GET Request : url=https://randomuser.me/api 
 path_url=/api 
 headers={'User-Agent': 'python-requests/2.32.2', 'Accept-Encoding': 'gzip, deflate', 'Accept': '*/*', 'Connection': 'keep-alive'} 
 body=None 
 </msg>
<msg time="2024-05-24T13:16:18.285951" level="INFO">GET Response : url=https://randomuser.me/api 
 status=200, reason=OK 
 headers={'Date': 'Fri, 24 May 2024 13:16:18 GMT', 'Content-Type': 'application/json; charset=utf-8', 'Transfer-Encoding': 'chunked', 'Connection': 'keep-alive', 'X-Powered-By': 'Express', 'Access-Control-Allow-Origin': '*', 'Cache-Control': 'no-cache', 'ETag': 'W/"4b9-sM6PS7hIiFVh6hrfagbvOIDtpJA"', 'Vary': 'Accept-Encoding', 'Content-Encoding': 'gzip', 'CF-Cache-Status': 'DYNAMIC', 'Report-To': '{"endpoints":[{"url":"https:\\/\\/a.nel.cloudflare.com\\/report\\/v4?s=C%2BxxMjPiCVDR0BKVsiasPBLxP%2FBFaBPPu7J5eR0oUsEaQl4GrPaJpJ7WtzxG4Eq5w2iBya%2Bl9uwGtIan0byfTgprYMdKhNjiY6TROwsJWXttVPWzxJ6341qCyHqm%2BAKl"}],"group":"cf-nel","max_age":604800}', 'NEL': '{"success_fraction":0,"report_to":"cf-nel","max_age":604800}', 'Server': 'cloudflare', 'CF-RAY': '888d8f35d88d0806-IAD', 'alt-svc': 'h3=":443"; ma=86400'} 
 body={"results":[{"gender":"female","name":{"title":"Ms","first":"Meghashree","last":"Suvarna"},"location":{"street":{"number":467,"name":"Chimanlal Girdharlal Rd"},"city":"Tiruchirappalli","state":"Madhya Pradesh","country":"India","postcode":88965,"coordinates":{"latitude":"8.2358","longitude":"14.1672"},"timezone":{"offset":"0:00","description":"Western Europe Time, London, Lisbon, Casablanca"}},"email":"meghashree.suvarna@example.com","login":{"uuid":"6fd702f8-e02a-488b-9241-e2495e4e928d","username":"bigwolf237","password":"corvet07","salt":"blNFFSwi","md5":"0c20f98b624e317ca8f499f707283b90","sha1":"f42bbd4024f3ca2fcb9760d69f7d534a764fb9ae","sha256":"b187e78a7f0851837cabb70a8c3be0032f23ccecfefe2892c1e72dedde9d6435"},"dob":{"date":"1960-09-07T07:17:46.326Z","age":63},"registered":{"date":"2014-03-13T13:36:24.074Z","age":10},"phone":"9285158394","cell":"9880949632","id":{"name":"UIDAI","value":"558423919147"},"picture":{"large":"https://randomuser.me/api/portraits/women/33.jpg","medium":"https://randomuser.me/api/portraits/med/women/33.jpg","thumbnail":"https://randomuser.me/api/portraits/thumb/women/33.jpg"},"nat":"IN"}],"info":{"seed":"376c8feb8df00dde","results":1,"page":1,"version":"1.4"}} 
 </msg>
<msg time="2024-05-24T13:16:18.286021" level="INFO">/opt/hostedtoolcache/Python/3.12.3/x64/lib/python3.12/site-packages/urllib3/connectionpool.py:1103: InsecureRequestWarning: Unverified HTTPS request is being made to host 'randomuser.me'. Adding certificate verification is strongly advised. See: https://urllib3.readthedocs.io/en/latest/advanced-usage.html#tls-warnings
  warnings.warn(</msg>
<msg time="2024-05-24T13:16:18.286159" level="INFO">${response} = &lt;Response [200]&gt;</msg>
<var>${response}</var>
<arg>consultarAPI</arg>
<arg>/api</arg>
<doc>Sends a GET request on a previously created HTTP Session.</doc>
<status status="PASS" start="2024-05-24T13:16:18.209986" elapsed="0.076217"/>
</kw>
<kw name="Set Variable" owner="BuiltIn">
<msg time="2024-05-24T13:16:18.287247" level="INFO">${json_data} = {'results': [{'gender': 'female', 'name': {'title': 'Ms', 'first': 'Meghashree', 'last': 'Suvarna'}, 'location': {'street': {'number': 467, 'name': 'Chimanlal Girdharlal Rd'}, 'city': 'Tiruchirappalli...</msg>
<var>${json_data}</var>
<arg>${response.json()}</arg>
<doc>Returns the given values which can then be assigned to a variables.</doc>
<status status="PASS" start="2024-05-24T13:16:18.286704" elapsed="0.000572"/>
</kw>
<kw name="Log" owner="BuiltIn">
<msg time="2024-05-24T13:16:18.287797" level="INFO">{'results': [{'gender': 'female', 'name': {'title': 'Ms', 'first': 'Meghashree', 'last': 'Suvarna'}, 'location': {'street': {'number': 467, 'name': 'Chimanlal Girdharlal Rd'}, 'city': 'Tiruchirappalli', 'state': 'Madhya Pradesh', 'country': 'India', 'postcode': 88965, 'coordinates': {'latitude': '8.2358', 'longitude': '14.1672'}, 'timezone': {'offset': '0:00', 'description': 'Western Europe Time, London, Lisbon, Casablanca'}}, 'email': 'meghashree.suvarna@example.com', 'login': {'uuid': '6fd702f8-e02a-488b-9241-e2495e4e928d', 'username': 'bigwolf237', 'password': 'corvet07', 'salt': 'blNFFSwi', 'md5': '0c20f98b624e317ca8f499f707283b90', 'sha1': 'f42bbd4024f3ca2fcb9760d69f7d534a764fb9ae', 'sha256': 'b187e78a7f0851837cabb70a8c3be0032f23ccecfefe2892c1e72dedde9d6435'}, 'dob': {'date': '1960-09-07T07:17:46.326Z', 'age': 63}, 'registered': {'date': '2014-03-13T13:36:24.074Z', 'age': 10}, 'phone': '9285158394', 'cell': '9880949632', 'id': {'name': 'UIDAI', 'value': '558423919147'}, 'picture': {'large': 'https://randomuser.me/api/portraits/women/33.jpg', 'medium': 'https://randomuser.me/api/portraits/med/women/33.jpg', 'thumbnail': 'https://randomuser.me/api/portraits/thumb/women/33.jpg'}, 'nat': 'IN'}], 'info': {'seed': '376c8feb8df00dde', 'results': 1, 'page': 1, 'version': '1.4'}}</msg>
<arg>${json_data}</arg>
<doc>Logs the given message with the given level.</doc>
<status status="PASS" start="2024-05-24T13:16:18.287627" elapsed="0.000257"/>
</kw>
<kw name="Should Be String" owner="String">
<arg>${json_data['results'][0]['gender']}</arg>
<doc>Fails if the given ``item`` is not a string.</doc>
<status status="PASS" start="2024-05-24T13:16:18.288203" elapsed="0.000375"/>
</kw>
<kw name="Should Match Regexp" owner="BuiltIn">
<arg>${json_data['results'][0]['email']}</arg>
<arg>^[a-zA-Z0-9._%+-]+@[a-zA-Z0-9.-]+\.[a-zA-Z]{2,}$</arg>
<doc>Fails if ``string`` does not match ``pattern`` as a regular expression.</doc>
<status status="PASS" start="2024-05-24T13:16:18.288776" elapsed="0.000593"/>
</kw>
<kw name="Should Match Regexp" owner="BuiltIn">
<arg>${json_data['results'][0]['dob']['date']}</arg>
<arg>\\d{4}-\\d{2}-\\d{2}T\\d{2}:\\d{2}:\\d{2}\\.\\d{3}Z</arg>
<doc>Fails if ``string`` does not match ``pattern`` as a regular expression.</doc>
<status status="PASS" start="2024-05-24T13:16:18.289568" elapsed="0.000494"/>
</kw>
<kw name="Should Match Regexp" owner="BuiltIn">
<arg>${json_data['results'][0]['registered']['date']}</arg>
<arg>\\d{4}-\\d{2}-\\d{2}T\\d{2}:\\d{2}:\\d{2}\\.\\d{3}Z</arg>
<doc>Fails if ``string`` does not match ``pattern`` as a regular expression.</doc>
<status status="PASS" start="2024-05-24T13:16:18.290259" elapsed="0.000369"/>
</kw>
<kw name="Should Match Regexp" owner="BuiltIn">
<arg>${json_data['results'][0]['picture']['large']}</arg>
<arg>^https?://.*\.(?:png|jpe?g|gif|bmp)$</arg>
<doc>Fails if ``string`` does not match ``pattern`` as a regular expression.</doc>
<status status="PASS" start="2024-05-24T13:16:18.290821" elapsed="0.000474"/>
</kw>
<kw name="Should Match Regexp" owner="BuiltIn">
<arg>${json_data['results'][0]['picture']['medium']}</arg>
<arg>^https?://.*\.(?:png|jpe?g|gif|bmp)$</arg>
<doc>Fails if ``string`` does not match ``pattern`` as a regular expression.</doc>
<status status="PASS" start="2024-05-24T13:16:18.291486" elapsed="0.000365"/>
</kw>
<kw name="Should Match Regexp" owner="BuiltIn">
<arg>${json_data['results'][0]['picture']['thumbnail']}</arg>
<arg>^https?://.*\.(?:png|jpe?g|gif|bmp)$</arg>
<doc>Fails if ``string`` does not match ``pattern`` as a regular expression.</doc>
<status status="PASS" start="2024-05-24T13:16:18.292037" elapsed="0.000348"/>
</kw>
<kw name="Log" owner="BuiltIn">
<msg time="2024-05-24T13:16:18.292926" level="INFO">{'large': 'https://randomuser.me/api/portraits/women/33.jpg', 'medium': 'https://randomuser.me/api/portraits/med/women/33.jpg', 'thumbnail': 'https://randomuser.me/api/portraits/thumb/women/33.jpg'}</msg>
<arg>${json_data['results'][0]['picture']}</arg>
<doc>Logs the given message with the given level.</doc>
<status status="PASS" start="2024-05-24T13:16:18.292572" elapsed="0.000400"/>
</kw>
<status status="PASS" start="2024-05-24T13:16:18.209744" elapsed="0.083496"/>
</kw>
<kw name="Teste de Tipos de Dados - Postcode" owner="random-user-service">
<kw name="GET On Session" owner="RequestsLibrary">
<msg time="2024-05-24T13:16:18.403650" level="INFO">GET Request : url=https://randomuser.me/api 
 path_url=/api 
 headers={'User-Agent': 'python-requests/2.32.2', 'Accept-Encoding': 'gzip, deflate', 'Accept': '*/*', 'Connection': 'keep-alive'} 
 body=None 
 </msg>
<msg time="2024-05-24T13:16:18.403762" level="INFO">GET Response : url=https://randomuser.me/api 
 status=200, reason=OK 
 headers={'Date': 'Fri, 24 May 2024 13:16:18 GMT', 'Content-Type': 'application/json; charset=utf-8', 'Transfer-Encoding': 'chunked', 'Connection': 'keep-alive', 'X-Powered-By': 'Express', 'Access-Control-Allow-Origin': '*', 'Cache-Control': 'no-cache', 'ETag': 'W/"496-UOH7vPCgs2a/K8lLSqLu+NFWtlQ"', 'Vary': 'Accept-Encoding', 'Content-Encoding': 'gzip', 'CF-Cache-Status': 'DYNAMIC', 'Report-To': '{"endpoints":[{"url":"https:\\/\\/a.nel.cloudflare.com\\/report\\/v4?s=dznk4VqPIu8Da6LJSCjuZTeDAimoZ8dO1HoNQfv%2FWVFkq4PvXdw8qs4H33CK5y18Ku%2FYrC1xYbRYyv%2FfuN2Jynd%2BXU8fkBKDuc9hh6L%2BLFit1%2FxVIsaDT6rW7QUEzFkN"}],"group":"cf-nel","max_age":604800}', 'NEL': '{"success_fraction":0,"report_to":"cf-nel","max_age":604800}', 'Server': 'cloudflare', 'CF-RAY': '888d8f3659230806-IAD', 'alt-svc': 'h3=":443"; ma=86400'} 
 body={"results":[{"gender":"female","name":{"title":"Ms","first":"Jesús","last":"Prieto"},"location":{"street":{"number":3435,"name":"Calle Nebrija"},"city":"Fuenlabrada","state":"Andalucía","country":"Spain","postcode":74543,"coordinates":{"latitude":"-33.9417","longitude":"110.4624"},"timezone":{"offset":"-6:00","description":"Central Time (US &amp; Canada), Mexico City"}},"email":"jesus.prieto@example.com","login":{"uuid":"7bf35e40-b913-4e2b-a877-2872762c343d","username":"heavydog602","password":"inside","salt":"Kfm5jSlI","md5":"1f0d660653592212ec6d93f79058c8b2","sha1":"a3afd1c9c4f73afc7b1bb2206ce8d16147c09cde","sha256":"066dfc4e8af56638a51f6a31ff4fddbfd4779cd258da5372fee5a180506b3036"},"dob":{"date":"1972-02-22T00:39:09.014Z","age":52},"registered":{"date":"2005-06-06T18:21:30.287Z","age":18},"phone":"931-822-285","cell":"616-328-654","id":{"name":"DNI","value":"48064708-Z"},"picture":{"large":"https://randomuser.me/api/portraits/women/47.jpg","medium":"https://randomuser.me/api/portraits/med/women/47.jpg","thumbnail":"https://randomuser.me/api/portraits/thumb/women/47.jpg"},"nat":"ES"}],"info":{"seed":"3616654fd78ab1d6","results":1,"page":1,"version":"1.4"}} 
 </msg>
<msg time="2024-05-24T13:16:18.403846" level="INFO">/opt/hostedtoolcache/Python/3.12.3/x64/lib/python3.12/site-packages/urllib3/connectionpool.py:1103: InsecureRequestWarning: Unverified HTTPS request is being made to host 'randomuser.me'. Adding certificate verification is strongly advised. See: https://urllib3.readthedocs.io/en/latest/advanced-usage.html#tls-warnings
  warnings.warn(</msg>
<msg time="2024-05-24T13:16:18.404005" level="INFO">${response} = &lt;Response [200]&gt;</msg>
<var>${response}</var>
<arg>consultarAPI</arg>
<arg>/api</arg>
<doc>Sends a GET request on a previously created HTTP Session.</doc>
<status status="PASS" start="2024-05-24T13:16:18.293729" elapsed="0.110330"/>
</kw>
<kw name="Set Variable" owner="BuiltIn">
<msg time="2024-05-24T13:16:18.405161" level="INFO">${json_data} = {'results': [{'gender': 'female', 'name': {'title': 'Ms', 'first': 'Jesús', 'last': 'Prieto'}, 'location': {'street': {'number': 3435, 'name': 'Calle Nebrija'}, 'city': 'Fuenlabrada', 'state': 'Andalu...</msg>
<var>${json_data}</var>
<arg>${response.json()}</arg>
<doc>Returns the given values which can then be assigned to a variables.</doc>
<status status="PASS" start="2024-05-24T13:16:18.404590" elapsed="0.000601"/>
</kw>
<kw name="Log" owner="BuiltIn">
<msg time="2024-05-24T13:16:18.405672" level="INFO">{'results': [{'gender': 'female', 'name': {'title': 'Ms', 'first': 'Jesús', 'last': 'Prieto'}, 'location': {'street': {'number': 3435, 'name': 'Calle Nebrija'}, 'city': 'Fuenlabrada', 'state': 'Andalucía', 'country': 'Spain', 'postcode': 74543, 'coordinates': {'latitude': '-33.9417', 'longitude': '110.4624'}, 'timezone': {'offset': '-6:00', 'description': 'Central Time (US &amp; Canada), Mexico City'}}, 'email': 'jesus.prieto@example.com', 'login': {'uuid': '7bf35e40-b913-4e2b-a877-2872762c343d', 'username': 'heavydog602', 'password': 'inside', 'salt': 'Kfm5jSlI', 'md5': '1f0d660653592212ec6d93f79058c8b2', 'sha1': 'a3afd1c9c4f73afc7b1bb2206ce8d16147c09cde', 'sha256': '066dfc4e8af56638a51f6a31ff4fddbfd4779cd258da5372fee5a180506b3036'}, 'dob': {'date': '1972-02-22T00:39:09.014Z', 'age': 52}, 'registered': {'date': '2005-06-06T18:21:30.287Z', 'age': 18}, 'phone': '931-822-285', 'cell': '616-328-654', 'id': {'name': 'DNI', 'value': '48064708-Z'}, 'picture': {'large': 'https://randomuser.me/api/portraits/women/47.jpg', 'medium': 'https://randomuser.me/api/portraits/med/women/47.jpg', 'thumbnail': 'https://randomuser.me/api/portraits/thumb/women/47.jpg'}, 'nat': 'ES'}], 'info': {'seed': '3616654fd78ab1d6', 'results': 1, 'page': 1, 'version': '1.4'}}</msg>
<arg>${json_data}</arg>
<doc>Logs the given message with the given level.</doc>
<status status="PASS" start="2024-05-24T13:16:18.405510" elapsed="0.000249"/>
</kw>
<kw name="Should Be Equal As Numbers" owner="BuiltIn">
<arg>${json_data['results'][0]['location']['postcode']}</arg>
<arg>${json_data['results'][0]['location']['postcode']}</arg>
<doc>Fails if objects are unequal after converting them to real numbers.</doc>
<status status="PASS" start="2024-05-24T13:16:18.406069" elapsed="0.000799"/>
</kw>
<kw name="Log" owner="BuiltIn">
<msg time="2024-05-24T13:16:18.407406" level="INFO">74543</msg>
<arg>${json_data['results'][0]['location']['postcode']}</arg>
<doc>Logs the given message with the given level.</doc>
<status status="PASS" start="2024-05-24T13:16:18.407069" elapsed="0.000377"/>
</kw>
<status status="PASS" start="2024-05-24T13:16:18.293478" elapsed="0.114226"/>
</kw>
<doc>Testa se os tipos de dados na resposta da API estão corretos.</doc>
<tag>testeTiposDados</tag>
<status status="PASS" start="2024-05-24T13:16:18.209161" elapsed="0.198714"/>
</test>
<test id="s1-s1-t5" name="Validar conteudo" line="35">
<kw name="Teste de Tipos de Conteudo" owner="random-user-service">
<kw name="GET On Session" owner="RequestsLibrary">
<msg time="2024-05-24T13:16:18.688516" level="INFO">GET Request : url=https://randomuser.me/api 
 path_url=/api 
 headers={'User-Agent': 'python-requests/2.32.2', 'Accept-Encoding': 'gzip, deflate', 'Accept': '*/*', 'Connection': 'keep-alive'} 
 body=None 
 </msg>
<msg time="2024-05-24T13:16:18.688628" level="INFO">GET Response : url=https://randomuser.me/api 
 status=200, reason=OK 
 headers={'Date': 'Fri, 24 May 2024 13:16:18 GMT', 'Content-Type': 'application/json; charset=utf-8', 'Transfer-Encoding': 'chunked', 'Connection': 'keep-alive', 'X-Powered-By': 'Express', 'Access-Control-Allow-Origin': '*', 'Cache-Control': 'no-cache', 'ETag': 'W/"491-tulnNFwgl6VMPnSFhyOMOTjz2vU"', 'Vary': 'Accept-Encoding', 'Content-Encoding': 'gzip', 'CF-Cache-Status': 'DYNAMIC', 'Report-To': '{"endpoints":[{"url":"https:\\/\\/a.nel.cloudflare.com\\/report\\/v4?s=00WJAyrumsbPi%2BKl5p5nfs%2BKOolkZpwqQPBoQf0gHzE%2FU9a2gPrzhpH7Z7vAbwNRSElXN6cH9DZYDrT%2FDRUmgZmoSVZ0bsIdj92578EGZiE0g%2F2NchG8Tt06SfqrM0si"}],"group":"cf-nel","max_age":604800}', 'NEL': '{"success_fraction":0,"report_to":"cf-nel","max_age":604800}', 'Server': 'cloudflare', 'CF-RAY': '888d8f3719f50806-IAD', 'alt-svc': 'h3=":443"; ma=86400'} 
 body={"results":[{"gender":"female","name":{"title":"Ms","first":"Melodie","last":"Chu"},"location":{"street":{"number":4461,"name":"Park Rd"},"city":"Sherbrooke","state":"Nunavut","country":"Canada","postcode":"Z0Q 8V2","coordinates":{"latitude":"-72.3817","longitude":"150.1466"},"timezone":{"offset":"-6:00","description":"Central Time (US &amp; Canada), Mexico City"}},"email":"melodie.chu@example.com","login":{"uuid":"d3c37ac9-d27a-4d1a-adea-ed27e3ad781d","username":"purpleswan879","password":"tender","salt":"iENZgNO3","md5":"abfca4613b9a0f769d276a2e5ed3917d","sha1":"0cf7e9e3c7ee9759fa8e554fbe302cde0ef11f09","sha256":"d5eb82ec077f4a4b24b28d5775da03c681ae574ab9ea7bc4d8f8e24e5b959db4"},"dob":{"date":"1952-09-15T07:49:22.564Z","age":71},"registered":{"date":"2011-11-14T19:42:17.342Z","age":12},"phone":"E68 M51-8161","cell":"J07 P86-0183","id":{"name":"SIN","value":"119449536"},"picture":{"large":"https://randomuser.me/api/portraits/women/90.jpg","medium":"https://randomuser.me/api/portraits/med/women/90.jpg","thumbnail":"https://randomuser.me/api/portraits/thumb/women/90.jpg"},"nat":"CA"}],"info":{"seed":"6971158c5bf276fe","results":1,"page":1,"version":"1.4"}} 
 </msg>
<msg time="2024-05-24T13:16:18.688708" level="INFO">/opt/hostedtoolcache/Python/3.12.3/x64/lib/python3.12/site-packages/urllib3/connectionpool.py:1103: InsecureRequestWarning: Unverified HTTPS request is being made to host 'randomuser.me'. Adding certificate verification is strongly advised. See: https://urllib3.readthedocs.io/en/latest/advanced-usage.html#tls-warnings
  warnings.warn(</msg>
<msg time="2024-05-24T13:16:18.688872" level="INFO">${response} = &lt;Response [200]&gt;</msg>
<var>${response}</var>
<arg>consultarAPI</arg>
<arg>/api</arg>
<doc>Sends a GET request on a previously created HTTP Session.</doc>
<status status="PASS" start="2024-05-24T13:16:18.410343" elapsed="0.278573"/>
</kw>
<kw name="Set Variable" owner="BuiltIn">
<msg time="2024-05-24T13:16:18.689940" level="INFO">${json_data} = {'results': [{'gender': 'female', 'name': {'title': 'Ms', 'first': 'Melodie', 'last': 'Chu'}, 'location': {'street': {'number': 4461, 'name': 'Park Rd'}, 'city': 'Sherbrooke', 'state': 'Nunavut', 'cou...</msg>
<var>${json_data}</var>
<arg>${response.json()}</arg>
<doc>Returns the given values which can then be assigned to a variables.</doc>
<status status="PASS" start="2024-05-24T13:16:18.689435" elapsed="0.000534"/>
</kw>
<kw name="Set Variable" owner="BuiltIn">
<msg time="2024-05-24T13:16:18.690656" level="INFO">${name_title} = Ms</msg>
<var>${name_title}</var>
<arg>${json_data["results"][0]["name"]["title"]}</arg>
<doc>Returns the given values which can then be assigned to a variables.</doc>
<status status="PASS" start="2024-05-24T13:16:18.690271" elapsed="0.000411"/>
</kw>
<kw name="Create List" owner="BuiltIn">
<msg time="2024-05-24T13:16:18.691130" level="INFO">${allowed_titles} = ['Mr', 'Ms', 'Miss', 'Mrs', 'Madame', 'Monsieur']</msg>
<var>${allowed_titles}</var>
<arg>Mr</arg>
<arg>Ms</arg>
<arg>Miss</arg>
<arg>Mrs</arg>
<arg>Madame</arg>
<arg>Monsieur</arg>
<doc>Returns a list containing given items.</doc>
<status status="PASS" start="2024-05-24T13:16:18.690981" elapsed="0.000173"/>
</kw>
<kw name="List Should Contain Value" owner="Collections">
<msg time="2024-05-24T13:16:18.691628" level="INFO">False</msg>
<arg>${allowed_titles}</arg>
<arg>${name_title}</arg>
<doc>Fails if the ``value`` is not found from ``list``.</doc>
<status status="PASS" start="2024-05-24T13:16:18.691454" elapsed="0.000210"/>
</kw>
<kw name="Set Variable" owner="BuiltIn">
<msg time="2024-05-24T13:16:18.692350" level="INFO">${name_country} = CA</msg>
<var>${name_country}</var>
<arg>${json_data["results"][0]["nat"]}</arg>
<doc>Returns the given values which can then be assigned to a variables.</doc>
<status status="PASS" start="2024-05-24T13:16:18.691962" elapsed="0.000414"/>
</kw>
<kw name="Create List" owner="BuiltIn">
<msg time="2024-05-24T13:16:18.693328" level="INFO">${list_country} = ['AD', 'AE', 'AF', 'AG', 'AI', 'AL', 'AM', 'AO', 'AQ', 'AR', 'AS', 'AT', 'AU', 'AW', 'AX', 'AZ', 'BA', 'BB', 'BD', 'BE', 'BF', 'BG', 'BH', 'BI', 'BJ', 'BL', 'BM', 'BN', 'BO', 'BQ', 'BR', 'BS', 'BT', '...</msg>
<var>${list_country}</var>
<arg>AD</arg>
<arg>AE</arg>
<arg>AF</arg>
<arg>AG</arg>
<arg>AI</arg>
<arg>AL</arg>
<arg>AM</arg>
<arg>AO</arg>
<arg>AQ</arg>
<arg>AR</arg>
<arg>AS</arg>
<arg>AT</arg>
<arg>AU</arg>
<arg>AW</arg>
<arg>AX</arg>
<arg>AZ</arg>
<arg>BA</arg>
<arg>BB</arg>
<arg>BD</arg>
<arg>BE</arg>
<arg>BF</arg>
<arg>BG</arg>
<arg>BH</arg>
<arg>BI</arg>
<arg>BJ</arg>
<arg>BL</arg>
<arg>BM</arg>
<arg>BN</arg>
<arg>BO</arg>
<arg>BQ</arg>
<arg>BR</arg>
<arg>BS</arg>
<arg>BT</arg>
<arg>BV</arg>
<arg>BW</arg>
<arg>BY</arg>
<arg>BZ</arg>
<arg>CA</arg>
<arg>CC</arg>
<arg>CD</arg>
<arg>CF</arg>
<arg>CG</arg>
<arg>CH</arg>
<arg>CI</arg>
<arg>CK</arg>
<arg>CL</arg>
<arg>CM</arg>
<arg>CN</arg>
<arg>CO</arg>
<arg>CR</arg>
<arg>CU</arg>
<arg>CV</arg>
<arg>CW</arg>
<arg>CX</arg>
<arg>CY</arg>
<arg>CZ</arg>
<arg>DE</arg>
<arg>DJ</arg>
<arg>DK</arg>
<arg>DM</arg>
<arg>DO</arg>
<arg>DZ</arg>
<arg>EC</arg>
<arg>EE</arg>
<arg>EG</arg>
<arg>EH</arg>
<arg>ER</arg>
<arg>ES</arg>
<arg>ET</arg>
<arg>FI</arg>
<arg>FJ</arg>
<arg>FK</arg>
<arg>FM</arg>
<arg>FO</arg>
<arg>FR</arg>
<arg>GA</arg>
<arg>GB</arg>
<arg>GD</arg>
<arg>GE</arg>
<arg>GF</arg>
<arg>GG</arg>
<arg>GH</arg>
<arg>GI</arg>
<arg>GL</arg>
<arg>GM</arg>
<arg>GN</arg>
<arg>GP</arg>
<arg>GQ</arg>
<arg>GR</arg>
<arg>GS</arg>
<arg>GT</arg>
<arg>GU</arg>
<arg>GW</arg>
<arg>GY</arg>
<arg>HK</arg>
<arg>HM</arg>
<arg>HN</arg>
<arg>HR</arg>
<arg>HT</arg>
<arg>HU</arg>
<arg>ID</arg>
<arg>IE</arg>
<arg>IL</arg>
<arg>IM</arg>
<arg>IN</arg>
<arg>IO</arg>
<arg>IQ</arg>
<arg>IR</arg>
<arg>IS</arg>
<arg>IT</arg>
<arg>JE</arg>
<arg>JM</arg>
<arg>JO</arg>
<arg>JP</arg>
<arg>KE</arg>
<arg>KG</arg>
<arg>KH</arg>
<arg>KI</arg>
<arg>KM</arg>
<arg>KN</arg>
<arg>KP</arg>
<arg>KR</arg>
<arg>KW</arg>
<arg>KY</arg>
<arg>KZ</arg>
<arg>LA</arg>
<arg>LB</arg>
<arg>LC</arg>
<arg>LI</arg>
<arg>LK</arg>
<arg>LR</arg>
<arg>LS</arg>
<arg>LT</arg>
<arg>LU</arg>
<arg>LV</arg>
<arg>LY</arg>
<arg>MA</arg>
<arg>MC</arg>
<arg>MD</arg>
<arg>ME</arg>
<arg>MF</arg>
<arg>MG</arg>
<arg>MH</arg>
<arg>MK</arg>
<arg>ML</arg>
<arg>MM</arg>
<arg>MN</arg>
<arg>MO</arg>
<arg>MP</arg>
<arg>MQ</arg>
<arg>MR</arg>
<arg>MS</arg>
<arg>MT</arg>
<arg>MU</arg>
<arg>MV</arg>
<arg>MW</arg>
<arg>MX</arg>
<arg>MY</arg>
<arg>MZ</arg>
<arg>NA</arg>
<arg>NC</arg>
<arg>NE</arg>
<arg>NF</arg>
<arg>NG</arg>
<arg>NI</arg>
<arg>NL</arg>
<arg>NO</arg>
<arg>NP</arg>
<arg>NR</arg>
<arg>NU</arg>
<arg>NZ</arg>
<arg>OM</arg>
<arg>PA</arg>
<arg>PE</arg>
<arg>PF</arg>
<arg>PG</arg>
<arg>PH</arg>
<arg>PK</arg>
<arg>PL</arg>
<arg>PM</arg>
<arg>PN</arg>
<arg>PR</arg>
<arg>PS</arg>
<arg>PT</arg>
<arg>PW</arg>
<arg>PY</arg>
<arg>QA</arg>
<arg>RE</arg>
<arg>RO</arg>
<arg>RS</arg>
<arg>RU</arg>
<arg>RW</arg>
<arg>SA</arg>
<arg>SB</arg>
<arg>SC</arg>
<arg>SD</arg>
<arg>SE</arg>
<arg>SG</arg>
<arg>SH</arg>
<arg>SI</arg>
<arg>SJ</arg>
<arg>SK</arg>
<arg>SL</arg>
<arg>SM</arg>
<arg>SN</arg>
<arg>SO</arg>
<arg>SR</arg>
<arg>SS</arg>
<arg>ST</arg>
<arg>SV</arg>
<arg>SX</arg>
<arg>SY</arg>
<arg>SZ</arg>
<arg>TC</arg>
<arg>TD</arg>
<arg>TF</arg>
<arg>TG</arg>
<arg>TH</arg>
<arg>TJ</arg>
<arg>TK</arg>
<arg>TL</arg>
<arg>TM</arg>
<arg>TN</arg>
<arg>TO</arg>
<arg>TR</arg>
<arg>TT</arg>
<arg>TV</arg>
<arg>TW</arg>
<arg>TZ</arg>
<arg>UA</arg>
<arg>UG</arg>
<arg>UM</arg>
<arg>US</arg>
<arg>UY</arg>
<arg>UZ</arg>
<arg>VA</arg>
<arg>VC</arg>
<arg>VE</arg>
<arg>VG</arg>
<arg>VI</arg>
<arg>VN</arg>
<arg>VU</arg>
<arg>WF</arg>
<arg>WS</arg>
<arg>XK</arg>
<arg>YE</arg>
<arg>YT</arg>
<arg>ZA</arg>
<arg>ZM</arg>
<arg>ZW</arg>
<doc>Returns a list containing given items.</doc>
<status status="PASS" start="2024-05-24T13:16:18.692681" elapsed="0.000674"/>
</kw>
<kw name="List Should Contain Value" owner="Collections">
<msg time="2024-05-24T13:16:18.694380" level="INFO">False</msg>
<arg>${list_country}</arg>
<arg>${name_country}</arg>
<doc>Fails if the ``value`` is not found from ``list``.</doc>
<status status="PASS" start="2024-05-24T13:16:18.694173" elapsed="0.000243"/>
</kw>
<kw name="Run Keyword If" owner="BuiltIn">
<kw name="Should Be True" owner="BuiltIn">
<arg>${True}</arg>
<doc>Fails if the given condition is not true.</doc>
<status status="PASS" start="2024-05-24T13:16:18.695499" elapsed="0.000144"/>
</kw>
<arg>${json_data["results"][0]["location"]["coordinates"]["latitude"]} &gt;= -90 and ${json_data["results"][0]["location"]["coordinates"]["latitude"]} &lt;= 90</arg>
<arg>Should Be True</arg>
<arg>${True}</arg>
<doc>Runs the given keyword with the given arguments, if ``condition`` is true.</doc>
<status status="PASS" start="2024-05-24T13:16:18.694735" elapsed="0.001035"/>
</kw>
<kw name="Run Keyword If" owner="BuiltIn">
<kw name="Should Be True" owner="BuiltIn">
<arg>${True}</arg>
<doc>Fails if the given condition is not true.</doc>
<status status="PASS" start="2024-05-24T13:16:18.696652" elapsed="0.000313"/>
</kw>
<arg>${json_data["results"][0]["location"]["coordinates"]["longitude"]} &gt;= -180 and ${json_data["results"][0]["location"]["coordinates"]["longitude"]} &lt;= 180</arg>
<arg>Should Be True</arg>
<arg>${True}</arg>
<doc>Runs the given keyword with the given arguments, if ``condition`` is true.</doc>
<status status="PASS" start="2024-05-24T13:16:18.695954" elapsed="0.001141"/>
</kw>
<status status="PASS" start="2024-05-24T13:16:18.410116" elapsed="0.287113"/>
</kw>
<doc>Testa o conteúdo específico dos campos retornados pela API.</doc>
<tag>testeConteudo</tag>
<status status="PASS" start="2024-05-24T13:16:18.409663" elapsed="0.287722"/>
</test>
<status status="PASS" start="2024-05-24T13:16:17.520683" elapsed="1.178696"/>
</suite>
<status status="PASS" start="2024-05-24T13:16:17.506714" elapsed="1.197912"/>
</suite>
<statistics>
<total>
<stat pass="5" fail="0" skip="0">All Tests</stat>
</total>
<tag>
<stat pass="1" fail="0" skip="0">testeConteudo</stat>
<stat pass="1" fail="0" skip="0">testeEstruturaResposta</stat>
<stat pass="1" fail="0" skip="0">testeRequisicaoBasica</stat>
<stat pass="1" fail="0" skip="0">testeTiposDados</stat>
</tag>
<suite>
<stat pass="5" fail="0" skip="0" id="s1" name="Tests">Tests</stat>
<stat pass="5" fail="0" skip="0" id="s1-s1" name="Random-User-Test">Tests.Random-User-Test</stat>
</suite>
</statistics>
<errors>
</errors>
</robot>
