<?xml version="1.0" encoding="UTF-8"?>
<robot generator="Robot 7.0 (Python 3.12.2 on linux)" generated="2024-03-26T16:17:33.079937" rpa="false" schemaversion="5">
<suite id="s1" name="Tests" source="/home/runner/work/DesafioQAItauRogerioJordao/DesafioQAItauRogerioJordao/RamdonUser/tests">
<suite id="s1-s1" name="Random-User-Test" source="/home/runner/work/DesafioQAItauRogerioJordao/DesafioQAItauRogerioJordao/RamdonUser/tests/random-user-test.robot">
<test id="s1-s1-t1" name="Conectar" line="13">
<kw name="Conectar API" owner="random-user-service">
<kw name="Create Session" owner="RequestsLibrary">
<msg time="2024-03-26T16:17:33.563098" level="INFO">Creating Session using : alias=consultarAPI, url=https://randomuser.me/, headers={},                     cookies={}, auth=None, timeout=None, proxies=None, verify=False,                     debug=0 </msg>
<arg>consultarAPI</arg>
<arg>${URL}</arg>
<doc>Create Session: create a HTTP session to a server</doc>
<status status="PASS" start="2024-03-26T16:17:33.562890" elapsed="0.000406"/>
</kw>
<status status="PASS" start="2024-03-26T16:17:33.561838" elapsed="0.001832"/>
</kw>
<status status="PASS" start="2024-03-26T16:17:33.561256" elapsed="0.002630"/>
</test>
<test id="s1-s1-t2" name="Validar retorno 200 e JSON Válido" line="16">
<kw name="Teste de Requisicao Basica" owner="random-user-service">
<kw name="GET On Session" owner="RequestsLibrary">
<msg time="2024-03-26T16:17:33.726637" level="INFO">GET Request : url=https://randomuser.me/api 
 path_url=/api 
 headers={'User-Agent': 'python-requests/2.31.0', 'Accept-Encoding': 'gzip, deflate', 'Accept': '*/*', 'Connection': 'keep-alive'} 
 body=None 
 </msg>
<msg time="2024-03-26T16:17:33.726851" level="INFO">GET Response : url=https://randomuser.me/api 
 status=200, reason=OK 
 headers={'Date': 'Tue, 26 Mar 2024 16:17:33 GMT', 'Content-Type': 'application/json; charset=utf-8', 'Transfer-Encoding': 'chunked', 'Connection': 'keep-alive', 'X-Powered-By': 'Express', 'Access-Control-Allow-Origin': '*', 'Cache-Control': 'no-cache', 'ETag': 'W/"498-5mIVV0nq5zaVRwz0OjPqpHzo714"', 'Vary': 'Accept-Encoding', 'Content-Encoding': 'gzip', 'CF-Cache-Status': 'DYNAMIC', 'Report-To': '{"endpoints":[{"url":"https:\\/\\/a.nel.cloudflare.com\\/report\\/v4?s=HX2AIktxSTfGKSqmflv0YQPzEVAtmgr%2Bs0ZEzO10rO1xMQ8MUhQovSX1pUNLGKWAwzbjerTau%2BCMZZjvRVtOZZKx2lw4iaDVK4kbwXXQHQG%2F4ZUqmbUq%2BYh61L8v5Hfe"}],"group":"cf-nel","max_age":604800}', 'NEL': '{"success_fraction":0,"report_to":"cf-nel","max_age":604800}', 'Server': 'cloudflare', 'CF-RAY': '86a873991de708e0-LAX', 'alt-svc': 'h3=":443"; ma=86400'} 
 body={"results":[{"gender":"male","name":{"title":"Mr","first":"Andy","last":"Mitchell"},"location":{"street":{"number":712,"name":"Queensway"},"city":"Swansea","state":"Borders","country":"United Kingdom","postcode":"EU65 4DW","coordinates":{"latitude":"-5.5937","longitude":"-125.4250"},"timezone":{"offset":"+1:00","description":"Brussels, Copenhagen, Madrid, Paris"}},"email":"andy.mitchell@example.com","login":{"uuid":"0971ad08-fdd5-4e77-86da-a10afea618d5","username":"ticklishostrich676","password":"hard","salt":"82Zx5CCF","md5":"7350bb713c91fb3d0a3ca3809861a320","sha1":"02f1f24cdae51febe8085fb507b278b3e762115c","sha256":"d3f17fecfa104836597281da298edca156fc7905a386b5423a04ca9b442d9b9a"},"dob":{"date":"1949-07-07T02:53:44.078Z","age":74},"registered":{"date":"2002-11-02T23:02:17.669Z","age":21},"phone":"015396 03039","cell":"07645 725528","id":{"name":"NINO","value":"NS 19 04 64 J"},"picture":{"large":"https://randomuser.me/api/portraits/men/66.jpg","medium":"https://randomuser.me/api/portraits/med/men/66.jpg","thumbnail":"https://randomuser.me/api/portraits/thumb/men/66.jpg"},"nat":"GB"}],"info":{"seed":"6776e1f9cb23e669","results":1,"page":1,"version":"1.4"}} 
 </msg>
<msg time="2024-03-26T16:17:33.727021" level="INFO">/opt/hostedtoolcache/Python/3.12.2/x64/lib/python3.12/site-packages/urllib3/connectionpool.py:1103: InsecureRequestWarning: Unverified HTTPS request is being made to host 'randomuser.me'. Adding certificate verification is strongly advised. See: https://urllib3.readthedocs.io/en/latest/advanced-usage.html#tls-warnings
  warnings.warn(</msg>
<msg time="2024-03-26T16:17:33.727212" level="INFO">${response} = &lt;Response [200]&gt;</msg>
<var>${response}</var>
<arg>consultarAPI</arg>
<arg>/api</arg>
<doc>Sends a GET request on a previously created HTTP Session.</doc>
<status status="PASS" start="2024-03-26T16:17:33.566502" elapsed="0.160755"/>
</kw>
<kw name="Should Be Equal As Numbers" owner="BuiltIn">
<msg time="2024-03-26T16:17:33.728356" level="INFO">Argument types are:
&lt;class 'int'&gt;
&lt;class 'str'&gt;</msg>
<arg>${response.status_code}</arg>
<arg>200</arg>
<doc>Fails if objects are unequal after converting them to real numbers.</doc>
<status status="PASS" start="2024-03-26T16:17:33.727834" elapsed="0.000592"/>
</kw>
<kw name="Log" owner="BuiltIn">
<msg time="2024-03-26T16:17:33.729143" level="INFO">200</msg>
<arg>${response.status_code}</arg>
<doc>Logs the given message with the given level.</doc>
<status status="PASS" start="2024-03-26T16:17:33.728771" elapsed="0.000417"/>
</kw>
<kw name="Set Variable" owner="BuiltIn">
<msg time="2024-03-26T16:17:33.730003" level="INFO">${json_data} = {'results': [{'gender': 'male', 'name': {'title': 'Mr', 'first': 'Andy', 'last': 'Mitchell'}, 'location': {'street': {'number': 712, 'name': 'Queensway'}, 'city': 'Swansea', 'state': 'Borders', 'count...</msg>
<var>${json_data}</var>
<arg>${response.json()}</arg>
<doc>Returns the given values which can then be assigned to a variables.</doc>
<status status="PASS" start="2024-03-26T16:17:33.729537" elapsed="0.000494"/>
</kw>
<kw name="Dictionary Should Contain Key" owner="Collections">
<msg time="2024-03-26T16:17:33.730563" level="INFO">False</msg>
<arg>${json_data}</arg>
<arg>results</arg>
<doc>Fails if ``key`` is not found from ``dictionary``.</doc>
<status status="PASS" start="2024-03-26T16:17:33.730364" elapsed="0.000242"/>
</kw>
<status status="PASS" start="2024-03-26T16:17:33.566250" elapsed="0.164634"/>
</kw>
<doc>Testa se a API responde corretamente e retorna um objeto JSON válido.</doc>
<tag>testeRequisicaoBasica</tag>
<status status="PASS" start="2024-03-26T16:17:33.565753" elapsed="0.165328"/>
</test>
<test id="s1-s1-t3" name="Validar estrutura de resposta" line="22">
<kw name="Teste de Estrutura de Resposta" owner="random-user-service">
<kw name="GET On Session" owner="RequestsLibrary">
<msg time="2024-03-26T16:17:33.835137" level="INFO">GET Request : url=https://randomuser.me/api 
 path_url=/api 
 headers={'User-Agent': 'python-requests/2.31.0', 'Accept-Encoding': 'gzip, deflate', 'Accept': '*/*', 'Connection': 'keep-alive'} 
 body=None 
 </msg>
<msg time="2024-03-26T16:17:33.835263" level="INFO">GET Response : url=https://randomuser.me/api 
 status=200, reason=OK 
 headers={'Date': 'Tue, 26 Mar 2024 16:17:33 GMT', 'Content-Type': 'application/json; charset=utf-8', 'Transfer-Encoding': 'chunked', 'Connection': 'keep-alive', 'X-Powered-By': 'Express', 'Access-Control-Allow-Origin': '*', 'Cache-Control': 'no-cache', 'ETag': 'W/"470-SGxmtVsIEl8wa1Sgat3T8wPrvFw"', 'Vary': 'Accept-Encoding', 'Content-Encoding': 'gzip', 'CF-Cache-Status': 'DYNAMIC', 'Report-To': '{"endpoints":[{"url":"https:\\/\\/a.nel.cloudflare.com\\/report\\/v4?s=JDdKFBvrhYaAd73yL00ZiwtJW5ifvgo3HEOPFp8t77z6DKsoU619WsLTVJuXWwLPpmZXzXKCCrzMZ0ZXQqwPCVd0v4w3VJNfJm6YVEnxJjrSzGrGFRD10R3gUGq4LvKC"}],"group":"cf-nel","max_age":604800}', 'NEL': '{"success_fraction":0,"report_to":"cf-nel","max_age":604800}', 'Server': 'cloudflare', 'CF-RAY': '86a87399df1608e0-LAX', 'alt-svc': 'h3=":443"; ma=86400'} 
 body={"results":[{"gender":"female","name":{"title":"Mrs","first":"Barb","last":"Smith"},"location":{"street":{"number":4497,"name":"Galway Road"},"city":"Kilcock","state":"Galway City","country":"Ireland","postcode":94754,"coordinates":{"latitude":"4.1468","longitude":"137.4308"},"timezone":{"offset":"+3:30","description":"Tehran"}},"email":"barb.smith@example.com","login":{"uuid":"2d897275-f1f8-4592-9bde-52c354de32ed","username":"whitegoose226","password":"strength","salt":"f9GtMk1T","md5":"f8f5112e4122177aac70fd3a700b19af","sha1":"fca1b244361e0f177867f8ebd14965d9e450b12e","sha256":"8fa85479f4a107b05227cc2c49fe51195af11436a208da86e75b8dc5029e92ed"},"dob":{"date":"1987-08-08T19:05:46.246Z","age":36},"registered":{"date":"2006-12-17T11:56:56.965Z","age":17},"phone":"021-882-1881","cell":"081-120-9449","id":{"name":"PPS","value":"6160842T"},"picture":{"large":"https://randomuser.me/api/portraits/women/32.jpg","medium":"https://randomuser.me/api/portraits/med/women/32.jpg","thumbnail":"https://randomuser.me/api/portraits/thumb/women/32.jpg"},"nat":"IE"}],"info":{"seed":"bb67eaa8ebd1f6a1","results":1,"page":1,"version":"1.4"}} 
 </msg>
<msg time="2024-03-26T16:17:33.835438" level="INFO">/opt/hostedtoolcache/Python/3.12.2/x64/lib/python3.12/site-packages/urllib3/connectionpool.py:1103: InsecureRequestWarning: Unverified HTTPS request is being made to host 'randomuser.me'. Adding certificate verification is strongly advised. See: https://urllib3.readthedocs.io/en/latest/advanced-usage.html#tls-warnings
  warnings.warn(</msg>
<msg time="2024-03-26T16:17:33.835611" level="INFO">${response} = &lt;Response [200]&gt;</msg>
<var>${response}</var>
<arg>consultarAPI</arg>
<arg>/api</arg>
<doc>Sends a GET request on a previously created HTTP Session.</doc>
<status status="PASS" start="2024-03-26T16:17:33.734020" elapsed="0.101638"/>
</kw>
<kw name="Set Variable" owner="BuiltIn">
<msg time="2024-03-26T16:17:33.836920" level="INFO">${json_data} = {'results': [{'gender': 'female', 'name': {'title': 'Mrs', 'first': 'Barb', 'last': 'Smith'}, 'location': {'street': {'number': 4497, 'name': 'Galway Road'}, 'city': 'Kilcock', 'state': 'Galway City',...</msg>
<var>${json_data}</var>
<arg>${response.json()}</arg>
<doc>Returns the given values which can then be assigned to a variables.</doc>
<status status="PASS" start="2024-03-26T16:17:33.836343" elapsed="0.000606"/>
</kw>
<kw name="Log" owner="BuiltIn">
<msg time="2024-03-26T16:17:33.837440" level="INFO">{'results': [{'gender': 'female', 'name': {'title': 'Mrs', 'first': 'Barb', 'last': 'Smith'}, 'location': {'street': {'number': 4497, 'name': 'Galway Road'}, 'city': 'Kilcock', 'state': 'Galway City', 'country': 'Ireland', 'postcode': 94754, 'coordinates': {'latitude': '4.1468', 'longitude': '137.4308'}, 'timezone': {'offset': '+3:30', 'description': 'Tehran'}}, 'email': 'barb.smith@example.com', 'login': {'uuid': '2d897275-f1f8-4592-9bde-52c354de32ed', 'username': 'whitegoose226', 'password': 'strength', 'salt': 'f9GtMk1T', 'md5': 'f8f5112e4122177aac70fd3a700b19af', 'sha1': 'fca1b244361e0f177867f8ebd14965d9e450b12e', 'sha256': '8fa85479f4a107b05227cc2c49fe51195af11436a208da86e75b8dc5029e92ed'}, 'dob': {'date': '1987-08-08T19:05:46.246Z', 'age': 36}, 'registered': {'date': '2006-12-17T11:56:56.965Z', 'age': 17}, 'phone': '021-882-1881', 'cell': '081-120-9449', 'id': {'name': 'PPS', 'value': '6160842T'}, 'picture': {'large': 'https://randomuser.me/api/portraits/women/32.jpg', 'medium': 'https://randomuser.me/api/portraits/med/women/32.jpg', 'thumbnail': 'https://randomuser.me/api/portraits/thumb/women/32.jpg'}, 'nat': 'IE'}], 'info': {'seed': 'bb67eaa8ebd1f6a1', 'results': 1, 'page': 1, 'version': '1.4'}}</msg>
<arg>${json_data}</arg>
<doc>Logs the given message with the given level.</doc>
<status status="PASS" start="2024-03-26T16:17:33.837273" elapsed="0.000216"/>
</kw>
<kw name="Dictionary Should Contain Key" owner="Collections">
<msg time="2024-03-26T16:17:33.837955" level="INFO">False</msg>
<arg>${json_data}</arg>
<arg>results</arg>
<doc>Fails if ``key`` is not found from ``dictionary``.</doc>
<status status="PASS" start="2024-03-26T16:17:33.837793" elapsed="0.000200"/>
</kw>
<kw name="Should Not Be Empty" owner="BuiltIn">
<msg time="2024-03-26T16:17:33.838432" level="INFO">Length is 2.</msg>
<arg>${json_data}</arg>
<doc>Verifies that the given item is not empty.</doc>
<status status="PASS" start="2024-03-26T16:17:33.838295" elapsed="0.000176"/>
</kw>
<kw name="Create List" owner="BuiltIn">
<msg time="2024-03-26T16:17:33.838921" level="INFO">${expected_keys} = ['gender', 'name', 'location', 'email', 'login']</msg>
<var>${expected_keys}</var>
<arg>gender</arg>
<arg>name</arg>
<arg>location</arg>
<arg>email</arg>
<arg>login</arg>
<doc>Returns a list containing given items.</doc>
<status status="PASS" start="2024-03-26T16:17:33.838765" elapsed="0.000181"/>
</kw>
<for flavor="IN">
<iter>
<kw name="Dictionary Should Contain Key" owner="Collections">
<msg time="2024-03-26T16:17:33.839972" level="INFO">False</msg>
<arg>${json_data['results'][0]}</arg>
<arg>${key}</arg>
<doc>Fails if ``key`` is not found from ``dictionary``.</doc>
<status status="PASS" start="2024-03-26T16:17:33.839544" elapsed="0.000516"/>
</kw>
<kw name="Log" owner="BuiltIn">
<msg time="2024-03-26T16:17:33.840806" level="INFO">{'gender': 'female', 'name': {'title': 'Mrs', 'first': 'Barb', 'last': 'Smith'}, 'location': {'street': {'number': 4497, 'name': 'Galway Road'}, 'city': 'Kilcock', 'state': 'Galway City', 'country': 'Ireland', 'postcode': 94754, 'coordinates': {'latitude': '4.1468', 'longitude': '137.4308'}, 'timezone': {'offset': '+3:30', 'description': 'Tehran'}}, 'email': 'barb.smith@example.com', 'login': {'uuid': '2d897275-f1f8-4592-9bde-52c354de32ed', 'username': 'whitegoose226', 'password': 'strength', 'salt': 'f9GtMk1T', 'md5': 'f8f5112e4122177aac70fd3a700b19af', 'sha1': 'fca1b244361e0f177867f8ebd14965d9e450b12e', 'sha256': '8fa85479f4a107b05227cc2c49fe51195af11436a208da86e75b8dc5029e92ed'}, 'dob': {'date': '1987-08-08T19:05:46.246Z', 'age': 36}, 'registered': {'date': '2006-12-17T11:56:56.965Z', 'age': 17}, 'phone': '021-882-1881', 'cell': '081-120-9449', 'id': {'name': 'PPS', 'value': '6160842T'}, 'picture': {'large': 'https://randomuser.me/api/portraits/women/32.jpg', 'medium': 'https://randomuser.me/api/portraits/med/women/32.jpg', 'thumbnail': 'https://randomuser.me/api/portraits/thumb/women/32.jpg'}, 'nat': 'IE'}</msg>
<arg>${json_data['results'][0]}</arg>
<doc>Logs the given message with the given level.</doc>
<status status="PASS" start="2024-03-26T16:17:33.840406" elapsed="0.000457"/>
</kw>
<kw name="Log" owner="BuiltIn">
<msg time="2024-03-26T16:17:33.841328" level="INFO">gender</msg>
<arg>${key}</arg>
<doc>Logs the given message with the given level.</doc>
<status status="PASS" start="2024-03-26T16:17:33.841187" elapsed="0.000182"/>
</kw>
<var name="${key}">gender</var>
<status status="PASS" start="2024-03-26T16:17:33.839419" elapsed="0.002184"/>
</iter>
<iter>
<kw name="Dictionary Should Contain Key" owner="Collections">
<msg time="2024-03-26T16:17:33.842316" level="INFO">False</msg>
<arg>${json_data['results'][0]}</arg>
<arg>${key}</arg>
<doc>Fails if ``key`` is not found from ``dictionary``.</doc>
<status status="PASS" start="2024-03-26T16:17:33.841924" elapsed="0.000432"/>
</kw>
<kw name="Log" owner="BuiltIn">
<msg time="2024-03-26T16:17:33.843078" level="INFO">{'gender': 'female', 'name': {'title': 'Mrs', 'first': 'Barb', 'last': 'Smith'}, 'location': {'street': {'number': 4497, 'name': 'Galway Road'}, 'city': 'Kilcock', 'state': 'Galway City', 'country': 'Ireland', 'postcode': 94754, 'coordinates': {'latitude': '4.1468', 'longitude': '137.4308'}, 'timezone': {'offset': '+3:30', 'description': 'Tehran'}}, 'email': 'barb.smith@example.com', 'login': {'uuid': '2d897275-f1f8-4592-9bde-52c354de32ed', 'username': 'whitegoose226', 'password': 'strength', 'salt': 'f9GtMk1T', 'md5': 'f8f5112e4122177aac70fd3a700b19af', 'sha1': 'fca1b244361e0f177867f8ebd14965d9e450b12e', 'sha256': '8fa85479f4a107b05227cc2c49fe51195af11436a208da86e75b8dc5029e92ed'}, 'dob': {'date': '1987-08-08T19:05:46.246Z', 'age': 36}, 'registered': {'date': '2006-12-17T11:56:56.965Z', 'age': 17}, 'phone': '021-882-1881', 'cell': '081-120-9449', 'id': {'name': 'PPS', 'value': '6160842T'}, 'picture': {'large': 'https://randomuser.me/api/portraits/women/32.jpg', 'medium': 'https://randomuser.me/api/portraits/med/women/32.jpg', 'thumbnail': 'https://randomuser.me/api/portraits/thumb/women/32.jpg'}, 'nat': 'IE'}</msg>
<arg>${json_data['results'][0]}</arg>
<doc>Logs the given message with the given level.</doc>
<status status="PASS" start="2024-03-26T16:17:33.842708" elapsed="0.000420"/>
</kw>
<kw name="Log" owner="BuiltIn">
<msg time="2024-03-26T16:17:33.843558" level="INFO">name</msg>
<arg>${key}</arg>
<doc>Logs the given message with the given level.</doc>
<status status="PASS" start="2024-03-26T16:17:33.843431" elapsed="0.000165"/>
</kw>
<var name="${key}">name</var>
<status status="PASS" start="2024-03-26T16:17:33.841807" elapsed="0.002013"/>
</iter>
<iter>
<kw name="Dictionary Should Contain Key" owner="Collections">
<msg time="2024-03-26T16:17:33.844532" level="INFO">False</msg>
<arg>${json_data['results'][0]}</arg>
<arg>${key}</arg>
<doc>Fails if ``key`` is not found from ``dictionary``.</doc>
<status status="PASS" start="2024-03-26T16:17:33.844140" elapsed="0.000430"/>
</kw>
<kw name="Log" owner="BuiltIn">
<msg time="2024-03-26T16:17:33.845238" level="INFO">{'gender': 'female', 'name': {'title': 'Mrs', 'first': 'Barb', 'last': 'Smith'}, 'location': {'street': {'number': 4497, 'name': 'Galway Road'}, 'city': 'Kilcock', 'state': 'Galway City', 'country': 'Ireland', 'postcode': 94754, 'coordinates': {'latitude': '4.1468', 'longitude': '137.4308'}, 'timezone': {'offset': '+3:30', 'description': 'Tehran'}}, 'email': 'barb.smith@example.com', 'login': {'uuid': '2d897275-f1f8-4592-9bde-52c354de32ed', 'username': 'whitegoose226', 'password': 'strength', 'salt': 'f9GtMk1T', 'md5': 'f8f5112e4122177aac70fd3a700b19af', 'sha1': 'fca1b244361e0f177867f8ebd14965d9e450b12e', 'sha256': '8fa85479f4a107b05227cc2c49fe51195af11436a208da86e75b8dc5029e92ed'}, 'dob': {'date': '1987-08-08T19:05:46.246Z', 'age': 36}, 'registered': {'date': '2006-12-17T11:56:56.965Z', 'age': 17}, 'phone': '021-882-1881', 'cell': '081-120-9449', 'id': {'name': 'PPS', 'value': '6160842T'}, 'picture': {'large': 'https://randomuser.me/api/portraits/women/32.jpg', 'medium': 'https://randomuser.me/api/portraits/med/women/32.jpg', 'thumbnail': 'https://randomuser.me/api/portraits/thumb/women/32.jpg'}, 'nat': 'IE'}</msg>
<arg>${json_data['results'][0]}</arg>
<doc>Logs the given message with the given level.</doc>
<status status="PASS" start="2024-03-26T16:17:33.844873" elapsed="0.000432"/>
</kw>
<kw name="Log" owner="BuiltIn">
<msg time="2024-03-26T16:17:33.845763" level="INFO">location</msg>
<arg>${key}</arg>
<doc>Logs the given message with the given level.</doc>
<status status="PASS" start="2024-03-26T16:17:33.845636" elapsed="0.000166"/>
</kw>
<var name="${key}">location</var>
<status status="PASS" start="2024-03-26T16:17:33.844023" elapsed="0.001989"/>
</iter>
<iter>
<kw name="Dictionary Should Contain Key" owner="Collections">
<msg time="2024-03-26T16:17:33.846691" level="INFO">False</msg>
<arg>${json_data['results'][0]}</arg>
<arg>${key}</arg>
<doc>Fails if ``key`` is not found from ``dictionary``.</doc>
<status status="PASS" start="2024-03-26T16:17:33.846304" elapsed="0.000425"/>
</kw>
<kw name="Log" owner="BuiltIn">
<msg time="2024-03-26T16:17:33.847426" level="INFO">{'gender': 'female', 'name': {'title': 'Mrs', 'first': 'Barb', 'last': 'Smith'}, 'location': {'street': {'number': 4497, 'name': 'Galway Road'}, 'city': 'Kilcock', 'state': 'Galway City', 'country': 'Ireland', 'postcode': 94754, 'coordinates': {'latitude': '4.1468', 'longitude': '137.4308'}, 'timezone': {'offset': '+3:30', 'description': 'Tehran'}}, 'email': 'barb.smith@example.com', 'login': {'uuid': '2d897275-f1f8-4592-9bde-52c354de32ed', 'username': 'whitegoose226', 'password': 'strength', 'salt': 'f9GtMk1T', 'md5': 'f8f5112e4122177aac70fd3a700b19af', 'sha1': 'fca1b244361e0f177867f8ebd14965d9e450b12e', 'sha256': '8fa85479f4a107b05227cc2c49fe51195af11436a208da86e75b8dc5029e92ed'}, 'dob': {'date': '1987-08-08T19:05:46.246Z', 'age': 36}, 'registered': {'date': '2006-12-17T11:56:56.965Z', 'age': 17}, 'phone': '021-882-1881', 'cell': '081-120-9449', 'id': {'name': 'PPS', 'value': '6160842T'}, 'picture': {'large': 'https://randomuser.me/api/portraits/women/32.jpg', 'medium': 'https://randomuser.me/api/portraits/med/women/32.jpg', 'thumbnail': 'https://randomuser.me/api/portraits/thumb/women/32.jpg'}, 'nat': 'IE'}</msg>
<arg>${json_data['results'][0]}</arg>
<doc>Logs the given message with the given level.</doc>
<status status="PASS" start="2024-03-26T16:17:33.847039" elapsed="0.000439"/>
</kw>
<kw name="Log" owner="BuiltIn">
<msg time="2024-03-26T16:17:33.847925" level="INFO">email</msg>
<arg>${key}</arg>
<doc>Logs the given message with the given level.</doc>
<status status="PASS" start="2024-03-26T16:17:33.847789" elapsed="0.000176"/>
</kw>
<var name="${key}">email</var>
<status status="PASS" start="2024-03-26T16:17:33.846193" elapsed="0.002036"/>
</iter>
<iter>
<kw name="Dictionary Should Contain Key" owner="Collections">
<msg time="2024-03-26T16:17:33.848947" level="INFO">False</msg>
<arg>${json_data['results'][0]}</arg>
<arg>${key}</arg>
<doc>Fails if ``key`` is not found from ``dictionary``.</doc>
<status status="PASS" start="2024-03-26T16:17:33.848532" elapsed="0.000454"/>
</kw>
<kw name="Log" owner="BuiltIn">
<msg time="2024-03-26T16:17:33.849681" level="INFO">{'gender': 'female', 'name': {'title': 'Mrs', 'first': 'Barb', 'last': 'Smith'}, 'location': {'street': {'number': 4497, 'name': 'Galway Road'}, 'city': 'Kilcock', 'state': 'Galway City', 'country': 'Ireland', 'postcode': 94754, 'coordinates': {'latitude': '4.1468', 'longitude': '137.4308'}, 'timezone': {'offset': '+3:30', 'description': 'Tehran'}}, 'email': 'barb.smith@example.com', 'login': {'uuid': '2d897275-f1f8-4592-9bde-52c354de32ed', 'username': 'whitegoose226', 'password': 'strength', 'salt': 'f9GtMk1T', 'md5': 'f8f5112e4122177aac70fd3a700b19af', 'sha1': 'fca1b244361e0f177867f8ebd14965d9e450b12e', 'sha256': '8fa85479f4a107b05227cc2c49fe51195af11436a208da86e75b8dc5029e92ed'}, 'dob': {'date': '1987-08-08T19:05:46.246Z', 'age': 36}, 'registered': {'date': '2006-12-17T11:56:56.965Z', 'age': 17}, 'phone': '021-882-1881', 'cell': '081-120-9449', 'id': {'name': 'PPS', 'value': '6160842T'}, 'picture': {'large': 'https://randomuser.me/api/portraits/women/32.jpg', 'medium': 'https://randomuser.me/api/portraits/med/women/32.jpg', 'thumbnail': 'https://randomuser.me/api/portraits/thumb/women/32.jpg'}, 'nat': 'IE'}</msg>
<arg>${json_data['results'][0]}</arg>
<doc>Logs the given message with the given level.</doc>
<status status="PASS" start="2024-03-26T16:17:33.849305" elapsed="0.000426"/>
</kw>
<kw name="Log" owner="BuiltIn">
<msg time="2024-03-26T16:17:33.850176" level="INFO">login</msg>
<arg>${key}</arg>
<doc>Logs the given message with the given level.</doc>
<status status="PASS" start="2024-03-26T16:17:33.850037" elapsed="0.000293"/>
</kw>
<var name="${key}">login</var>
<status status="PASS" start="2024-03-26T16:17:33.848416" elapsed="0.002160"/>
</iter>
<var>${key}</var>
<value>@{expected_keys}</value>
<status status="PASS" start="2024-03-26T16:17:33.839218" elapsed="0.011491"/>
</for>
<kw name="Create List" owner="BuiltIn">
<msg time="2024-03-26T16:17:33.851102" level="INFO">${expected_keysTwo} = ['username', 'password']</msg>
<var>${expected_keysTwo}</var>
<arg>username</arg>
<arg>password</arg>
<doc>Returns a list containing given items.</doc>
<status status="PASS" start="2024-03-26T16:17:33.850952" elapsed="0.000176"/>
</kw>
<for flavor="IN">
<iter>
<kw name="Dictionary Should Contain Key" owner="Collections">
<msg time="2024-03-26T16:17:33.852100" level="INFO">False</msg>
<arg>${json_data['results'][0]['login']}</arg>
<arg>${keyTwo}</arg>
<doc>Fails if ``key`` is not found from ``dictionary``.</doc>
<status status="PASS" start="2024-03-26T16:17:33.851671" elapsed="0.000472"/>
</kw>
<kw name="Dictionary Should Contain Key" owner="Collections">
<msg time="2024-03-26T16:17:33.852832" level="INFO">False</msg>
<arg>${json_data['results'][0]['login']}</arg>
<arg>${keyTwo}</arg>
<doc>Fails if ``key`` is not found from ``dictionary``.</doc>
<status status="PASS" start="2024-03-26T16:17:33.852452" elapsed="0.000420"/>
</kw>
<kw name="Log" owner="BuiltIn">
<msg time="2024-03-26T16:17:33.853297" level="INFO">username</msg>
<arg>${keyTwo}</arg>
<doc>Logs the given message with the given level.</doc>
<status status="PASS" start="2024-03-26T16:17:33.853168" elapsed="0.000167"/>
</kw>
<var name="${keyTwo}">username</var>
<status status="PASS" start="2024-03-26T16:17:33.851556" elapsed="0.002000"/>
</iter>
<iter>
<kw name="Dictionary Should Contain Key" owner="Collections">
<msg time="2024-03-26T16:17:33.854231" level="INFO">False</msg>
<arg>${json_data['results'][0]['login']}</arg>
<arg>${keyTwo}</arg>
<doc>Fails if ``key`` is not found from ``dictionary``.</doc>
<status status="PASS" start="2024-03-26T16:17:33.853850" elapsed="0.000419"/>
</kw>
<kw name="Dictionary Should Contain Key" owner="Collections">
<msg time="2024-03-26T16:17:33.854963" level="INFO">False</msg>
<arg>${json_data['results'][0]['login']}</arg>
<arg>${keyTwo}</arg>
<doc>Fails if ``key`` is not found from ``dictionary``.</doc>
<status status="PASS" start="2024-03-26T16:17:33.854564" elapsed="0.000438"/>
</kw>
<kw name="Log" owner="BuiltIn">
<msg time="2024-03-26T16:17:33.855496" level="INFO">password</msg>
<arg>${keyTwo}</arg>
<doc>Logs the given message with the given level.</doc>
<status status="PASS" start="2024-03-26T16:17:33.855344" elapsed="0.000197"/>
</kw>
<var name="${keyTwo}">password</var>
<status status="PASS" start="2024-03-26T16:17:33.853738" elapsed="0.002041"/>
</iter>
<var>${keyTwo}</var>
<value>@{expected_keysTwo}</value>
<status status="PASS" start="2024-03-26T16:17:33.851397" elapsed="0.004514"/>
</for>
<status status="PASS" start="2024-03-26T16:17:33.733756" elapsed="0.122356"/>
</kw>
<doc>Testa a estrutura da resposta da API.</doc>
<tag>testeEstruturaResposta</tag>
<status status="PASS" start="2024-03-26T16:17:33.733033" elapsed="0.123263"/>
</test>
<test id="s1-s1-t4" name="Validar tipos de dados" line="28">
<kw name="Teste de Tipos de Dados" owner="random-user-service">
<kw name="GET On Session" owner="RequestsLibrary">
<msg time="2024-03-26T16:17:33.961323" level="INFO">GET Request : url=https://randomuser.me/api 
 path_url=/api 
 headers={'User-Agent': 'python-requests/2.31.0', 'Accept-Encoding': 'gzip, deflate', 'Accept': '*/*', 'Connection': 'keep-alive'} 
 body=None 
 </msg>
<msg time="2024-03-26T16:17:33.961421" level="INFO">GET Response : url=https://randomuser.me/api 
 status=200, reason=OK 
 headers={'Date': 'Tue, 26 Mar 2024 16:17:33 GMT', 'Content-Type': 'application/json; charset=utf-8', 'Transfer-Encoding': 'chunked', 'Connection': 'keep-alive', 'X-Powered-By': 'Express', 'Access-Control-Allow-Origin': '*', 'Cache-Control': 'no-cache', 'ETag': 'W/"47c-Utalyh3FfIaZBk1xAkZ1Aok1waY"', 'Vary': 'Accept-Encoding', 'Content-Encoding': 'gzip', 'CF-Cache-Status': 'DYNAMIC', 'Report-To': '{"endpoints":[{"url":"https:\\/\\/a.nel.cloudflare.com\\/report\\/v4?s=3zLs%2BA4MqwIEr50vxfuz7YC%2FnuqOYCtna%2Bt5kgWs6GZ223Fo6odA2SlpopUpp4PhIgFGrurrAOSB1Wt9rM9JDqMlOTs1f9F27WUUx36pvjg%2FYrduDud4AOAPv%2FOoqZDA"}],"group":"cf-nel","max_age":604800}', 'NEL': '{"success_fraction":0,"report_to":"cf-nel","max_age":604800}', 'Server': 'cloudflare', 'CF-RAY': '86a8739aa84b08e0-LAX', 'alt-svc': 'h3=":443"; ma=86400'} 
 body={"results":[{"gender":"male","name":{"title":"Mr","first":"George","last":"Kuhn"},"location":{"street":{"number":3830,"name":"Westheimer Rd"},"city":"Bundaberg","state":"Victoria","country":"Australia","postcode":9808,"coordinates":{"latitude":"-85.0708","longitude":"-3.6934"},"timezone":{"offset":"+7:00","description":"Bangkok, Hanoi, Jakarta"}},"email":"george.kuhn@example.com","login":{"uuid":"68c6f3cb-c998-433c-b696-0776ff0c094b","username":"purplekoala156","password":"goats","salt":"WKJHopXB","md5":"e814ceea811059277283c961eae9aa29","sha1":"9dd29a42c86b7f184e84b5a1c02014f19923b18c","sha256":"4f4929d0c642eaa99f1d6ec0b14f23ddced8bd5e4951f5cc985ee4490dcde3a9"},"dob":{"date":"1971-12-18T22:31:00.424Z","age":52},"registered":{"date":"2012-01-14T22:39:21.664Z","age":12},"phone":"09-9080-5268","cell":"0479-643-420","id":{"name":"TFN","value":"792767843"},"picture":{"large":"https://randomuser.me/api/portraits/men/40.jpg","medium":"https://randomuser.me/api/portraits/med/men/40.jpg","thumbnail":"https://randomuser.me/api/portraits/thumb/men/40.jpg"},"nat":"AU"}],"info":{"seed":"b6b4618f607d9253","results":1,"page":1,"version":"1.4"}} 
 </msg>
<msg time="2024-03-26T16:17:33.961492" level="INFO">/opt/hostedtoolcache/Python/3.12.2/x64/lib/python3.12/site-packages/urllib3/connectionpool.py:1103: InsecureRequestWarning: Unverified HTTPS request is being made to host 'randomuser.me'. Adding certificate verification is strongly advised. See: https://urllib3.readthedocs.io/en/latest/advanced-usage.html#tls-warnings
  warnings.warn(</msg>
<msg time="2024-03-26T16:17:33.961640" level="INFO">${response} = &lt;Response [200]&gt;</msg>
<var>${response}</var>
<arg>consultarAPI</arg>
<arg>/api</arg>
<doc>Sends a GET request on a previously created HTTP Session.</doc>
<status status="PASS" start="2024-03-26T16:17:33.858939" elapsed="0.102746"/>
</kw>
<kw name="Set Variable" owner="BuiltIn">
<msg time="2024-03-26T16:17:33.962784" level="INFO">${json_data} = {'results': [{'gender': 'male', 'name': {'title': 'Mr', 'first': 'George', 'last': 'Kuhn'}, 'location': {'street': {'number': 3830, 'name': 'Westheimer Rd'}, 'city': 'Bundaberg', 'state': 'Victoria', ...</msg>
<var>${json_data}</var>
<arg>${response.json()}</arg>
<doc>Returns the given values which can then be assigned to a variables.</doc>
<status status="PASS" start="2024-03-26T16:17:33.962261" elapsed="0.000552"/>
</kw>
<kw name="Log" owner="BuiltIn">
<msg time="2024-03-26T16:17:33.963288" level="INFO">{'results': [{'gender': 'male', 'name': {'title': 'Mr', 'first': 'George', 'last': 'Kuhn'}, 'location': {'street': {'number': 3830, 'name': 'Westheimer Rd'}, 'city': 'Bundaberg', 'state': 'Victoria', 'country': 'Australia', 'postcode': 9808, 'coordinates': {'latitude': '-85.0708', 'longitude': '-3.6934'}, 'timezone': {'offset': '+7:00', 'description': 'Bangkok, Hanoi, Jakarta'}}, 'email': 'george.kuhn@example.com', 'login': {'uuid': '68c6f3cb-c998-433c-b696-0776ff0c094b', 'username': 'purplekoala156', 'password': 'goats', 'salt': 'WKJHopXB', 'md5': 'e814ceea811059277283c961eae9aa29', 'sha1': '9dd29a42c86b7f184e84b5a1c02014f19923b18c', 'sha256': '4f4929d0c642eaa99f1d6ec0b14f23ddced8bd5e4951f5cc985ee4490dcde3a9'}, 'dob': {'date': '1971-12-18T22:31:00.424Z', 'age': 52}, 'registered': {'date': '2012-01-14T22:39:21.664Z', 'age': 12}, 'phone': '09-9080-5268', 'cell': '0479-643-420', 'id': {'name': 'TFN', 'value': '792767843'}, 'picture': {'large': 'https://randomuser.me/api/portraits/men/40.jpg', 'medium': 'https://randomuser.me/api/portraits/med/men/40.jpg', 'thumbnail': 'https://randomuser.me/api/portraits/thumb/men/40.jpg'}, 'nat': 'AU'}], 'info': {'seed': 'b6b4618f607d9253', 'results': 1, 'page': 1, 'version': '1.4'}}</msg>
<arg>${json_data}</arg>
<doc>Logs the given message with the given level.</doc>
<status status="PASS" start="2024-03-26T16:17:33.963129" elapsed="0.000208"/>
</kw>
<kw name="Should Be String" owner="String">
<arg>${json_data['results'][0]['gender']}</arg>
<doc>Fails if the given ``item`` is not a string.</doc>
<status status="PASS" start="2024-03-26T16:17:33.963669" elapsed="0.000400"/>
</kw>
<kw name="Should Match Regexp" owner="BuiltIn">
<arg>${json_data['results'][0]['email']}</arg>
<arg>^[a-zA-Z0-9._%+-]+@[a-zA-Z0-9.-]+\.[a-zA-Z]{2,}$</arg>
<doc>Fails if ``string`` does not match ``pattern`` as a regular expression.</doc>
<status status="PASS" start="2024-03-26T16:17:33.964269" elapsed="0.000534"/>
</kw>
<kw name="Should Match Regexp" owner="BuiltIn">
<arg>${json_data['results'][0]['dob']['date']}</arg>
<arg>\\d{4}-\\d{2}-\\d{2}T\\d{2}:\\d{2}:\\d{2}\\.\\d{3}Z</arg>
<doc>Fails if ``string`` does not match ``pattern`` as a regular expression.</doc>
<status status="PASS" start="2024-03-26T16:17:33.965003" elapsed="0.000493"/>
</kw>
<kw name="Should Match Regexp" owner="BuiltIn">
<arg>${json_data['results'][0]['registered']['date']}</arg>
<arg>\\d{4}-\\d{2}-\\d{2}T\\d{2}:\\d{2}:\\d{2}\\.\\d{3}Z</arg>
<doc>Fails if ``string`` does not match ``pattern`` as a regular expression.</doc>
<status status="PASS" start="2024-03-26T16:17:33.965688" elapsed="0.000371"/>
</kw>
<kw name="Should Match Regexp" owner="BuiltIn">
<arg>${json_data['results'][0]['picture']['large']}</arg>
<arg>^https?://.*\.(?:png|jpe?g|gif|bmp)$</arg>
<doc>Fails if ``string`` does not match ``pattern`` as a regular expression.</doc>
<status status="PASS" start="2024-03-26T16:17:33.966259" elapsed="0.000506"/>
</kw>
<kw name="Should Match Regexp" owner="BuiltIn">
<arg>${json_data['results'][0]['picture']['medium']}</arg>
<arg>^https?://.*\.(?:png|jpe?g|gif|bmp)$</arg>
<doc>Fails if ``string`` does not match ``pattern`` as a regular expression.</doc>
<status status="PASS" start="2024-03-26T16:17:33.966977" elapsed="0.000391"/>
</kw>
<kw name="Should Match Regexp" owner="BuiltIn">
<arg>${json_data['results'][0]['picture']['thumbnail']}</arg>
<arg>^https?://.*\.(?:png|jpe?g|gif|bmp)$</arg>
<doc>Fails if ``string`` does not match ``pattern`` as a regular expression.</doc>
<status status="PASS" start="2024-03-26T16:17:33.967576" elapsed="0.000373"/>
</kw>
<kw name="Log" owner="BuiltIn">
<msg time="2024-03-26T16:17:33.968542" level="INFO">{'large': 'https://randomuser.me/api/portraits/men/40.jpg', 'medium': 'https://randomuser.me/api/portraits/med/men/40.jpg', 'thumbnail': 'https://randomuser.me/api/portraits/thumb/men/40.jpg'}</msg>
<arg>${json_data['results'][0]['picture']}</arg>
<doc>Logs the given message with the given level.</doc>
<status status="PASS" start="2024-03-26T16:17:33.968179" elapsed="0.000426"/>
</kw>
<status status="PASS" start="2024-03-26T16:17:33.858683" elapsed="0.110212"/>
</kw>
<kw name="Teste de Tipos de Dados - Postcode" owner="random-user-service">
<kw name="GET On Session" owner="RequestsLibrary">
<msg time="2024-03-26T16:17:34.072802" level="INFO">GET Request : url=https://randomuser.me/api 
 path_url=/api 
 headers={'User-Agent': 'python-requests/2.31.0', 'Accept-Encoding': 'gzip, deflate', 'Accept': '*/*', 'Connection': 'keep-alive'} 
 body=None 
 </msg>
<msg time="2024-03-26T16:17:34.072928" level="INFO">GET Response : url=https://randomuser.me/api 
 status=200, reason=OK 
 headers={'Date': 'Tue, 26 Mar 2024 16:17:34 GMT', 'Content-Type': 'application/json; charset=utf-8', 'Transfer-Encoding': 'chunked', 'Connection': 'keep-alive', 'X-Powered-By': 'Express', 'Access-Control-Allow-Origin': '*', 'Cache-Control': 'no-cache', 'ETag': 'W/"48a-JiPavwBVOaHnoVAyC4Cy9ob1B4w"', 'Vary': 'Accept-Encoding', 'Content-Encoding': 'gzip', 'CF-Cache-Status': 'DYNAMIC', 'Report-To': '{"endpoints":[{"url":"https:\\/\\/a.nel.cloudflare.com\\/report\\/v4?s=8POsmKGWgFdozap1EPHE5rQoxUzfH7yVp1ALWmxDmjkce%2FUXFRm5UZn6qgVlzSBwVvvGcOAJbZ1xcUcIht8i5pFe%2FlfEgJFQ938Ur3RFUpDxcd3AhvPjLxFHLDkE3CjW"}],"group":"cf-nel","max_age":604800}', 'NEL': '{"success_fraction":0,"report_to":"cf-nel","max_age":604800}', 'Server': 'cloudflare', 'CF-RAY': '86a8739b599d08e0-LAX', 'alt-svc': 'h3=":443"; ma=86400'} 
 body={"results":[{"gender":"male","name":{"title":"Mr","first":"Alessio","last":"Lefevre"},"location":{"street":{"number":2432,"name":"Rue Victor-Hugo"},"city":"Limoges","state":"Seine-Maritime","country":"France","postcode":77292,"coordinates":{"latitude":"-20.0774","longitude":"-33.5727"},"timezone":{"offset":"-3:30","description":"Newfoundland"}},"email":"alessio.lefevre@example.com","login":{"uuid":"0853f6db-a424-49dd-9a30-9e78f5e5249f","username":"bluebird634","password":"nipples","salt":"PrkpJZYu","md5":"6bb71c98112cabfba573da73d4ab6c21","sha1":"b23cf343430f6ff3d97c084f063e1eb4fa2858ce","sha256":"398e452a1139a3c8b6ee35f612320e3d45ac4ff415812712c9834b1a4a4fbed4"},"dob":{"date":"1995-06-18T11:42:10.559Z","age":28},"registered":{"date":"2011-11-06T21:13:35.806Z","age":12},"phone":"05-39-31-26-93","cell":"06-70-39-66-55","id":{"name":"INSEE","value":"1950560786683 47"},"picture":{"large":"https://randomuser.me/api/portraits/men/55.jpg","medium":"https://randomuser.me/api/portraits/med/men/55.jpg","thumbnail":"https://randomuser.me/api/portraits/thumb/men/55.jpg"},"nat":"FR"}],"info":{"seed":"95df4330e6ea8828","results":1,"page":1,"version":"1.4"}} 
 </msg>
<msg time="2024-03-26T16:17:34.073033" level="INFO">/opt/hostedtoolcache/Python/3.12.2/x64/lib/python3.12/site-packages/urllib3/connectionpool.py:1103: InsecureRequestWarning: Unverified HTTPS request is being made to host 'randomuser.me'. Adding certificate verification is strongly advised. See: https://urllib3.readthedocs.io/en/latest/advanced-usage.html#tls-warnings
  warnings.warn(</msg>
<msg time="2024-03-26T16:17:34.073190" level="INFO">${response} = &lt;Response [200]&gt;</msg>
<var>${response}</var>
<arg>consultarAPI</arg>
<arg>/api</arg>
<doc>Sends a GET request on a previously created HTTP Session.</doc>
<status status="PASS" start="2024-03-26T16:17:33.969586" elapsed="0.103648"/>
</kw>
<kw name="Set Variable" owner="BuiltIn">
<msg time="2024-03-26T16:17:34.074291" level="INFO">${json_data} = {'results': [{'gender': 'male', 'name': {'title': 'Mr', 'first': 'Alessio', 'last': 'Lefevre'}, 'location': {'street': {'number': 2432, 'name': 'Rue Victor-Hugo'}, 'city': 'Limoges', 'state': 'Seine-M...</msg>
<var>${json_data}</var>
<arg>${response.json()}</arg>
<doc>Returns the given values which can then be assigned to a variables.</doc>
<status status="PASS" start="2024-03-26T16:17:34.073781" elapsed="0.000537"/>
</kw>
<kw name="Log" owner="BuiltIn">
<msg time="2024-03-26T16:17:34.074787" level="INFO">{'results': [{'gender': 'male', 'name': {'title': 'Mr', 'first': 'Alessio', 'last': 'Lefevre'}, 'location': {'street': {'number': 2432, 'name': 'Rue Victor-Hugo'}, 'city': 'Limoges', 'state': 'Seine-Maritime', 'country': 'France', 'postcode': 77292, 'coordinates': {'latitude': '-20.0774', 'longitude': '-33.5727'}, 'timezone': {'offset': '-3:30', 'description': 'Newfoundland'}}, 'email': 'alessio.lefevre@example.com', 'login': {'uuid': '0853f6db-a424-49dd-9a30-9e78f5e5249f', 'username': 'bluebird634', 'password': 'nipples', 'salt': 'PrkpJZYu', 'md5': '6bb71c98112cabfba573da73d4ab6c21', 'sha1': 'b23cf343430f6ff3d97c084f063e1eb4fa2858ce', 'sha256': '398e452a1139a3c8b6ee35f612320e3d45ac4ff415812712c9834b1a4a4fbed4'}, 'dob': {'date': '1995-06-18T11:42:10.559Z', 'age': 28}, 'registered': {'date': '2011-11-06T21:13:35.806Z', 'age': 12}, 'phone': '05-39-31-26-93', 'cell': '06-70-39-66-55', 'id': {'name': 'INSEE', 'value': '1950560786683 47'}, 'picture': {'large': 'https://randomuser.me/api/portraits/men/55.jpg', 'medium': 'https://randomuser.me/api/portraits/med/men/55.jpg', 'thumbnail': 'https://randomuser.me/api/portraits/thumb/men/55.jpg'}, 'nat': 'FR'}], 'info': {'seed': '95df4330e6ea8828', 'results': 1, 'page': 1, 'version': '1.4'}}</msg>
<arg>${json_data}</arg>
<doc>Logs the given message with the given level.</doc>
<status status="PASS" start="2024-03-26T16:17:34.074630" elapsed="0.000206"/>
</kw>
<kw name="Should Be Equal As Numbers" owner="BuiltIn">
<arg>${json_data['results'][0]['location']['postcode']}</arg>
<arg>${json_data['results'][0]['location']['postcode']}</arg>
<doc>Fails if objects are unequal after converting them to real numbers.</doc>
<status status="PASS" start="2024-03-26T16:17:34.075149" elapsed="0.000638"/>
</kw>
<kw name="Log" owner="BuiltIn">
<msg time="2024-03-26T16:17:34.076462" level="INFO">77292</msg>
<arg>${json_data['results'][0]['location']['postcode']}</arg>
<doc>Logs the given message with the given level.</doc>
<status status="PASS" start="2024-03-26T16:17:34.076102" elapsed="0.000401"/>
</kw>
<status status="PASS" start="2024-03-26T16:17:33.969150" elapsed="0.107613"/>
</kw>
<doc>Testa se os tipos de dados na resposta da API estão corretos.</doc>
<tag>testeTiposDados</tag>
<status status="PASS" start="2024-03-26T16:17:33.858191" elapsed="0.218745"/>
</test>
<test id="s1-s1-t5" name="Validar conteudo" line="35">
<kw name="Teste de Tipos de Conteudo" owner="random-user-service">
<kw name="GET On Session" owner="RequestsLibrary">
<msg time="2024-03-26T16:17:34.187764" level="INFO">GET Request : url=https://randomuser.me/api 
 path_url=/api 
 headers={'User-Agent': 'python-requests/2.31.0', 'Accept-Encoding': 'gzip, deflate', 'Accept': '*/*', 'Connection': 'keep-alive'} 
 body=None 
 </msg>
<msg time="2024-03-26T16:17:34.187875" level="INFO">GET Response : url=https://randomuser.me/api 
 status=200, reason=OK 
 headers={'Date': 'Tue, 26 Mar 2024 16:17:34 GMT', 'Content-Type': 'application/json; charset=utf-8', 'Transfer-Encoding': 'chunked', 'Connection': 'keep-alive', 'X-Powered-By': 'Express', 'Access-Control-Allow-Origin': '*', 'Cache-Control': 'no-cache', 'ETag': 'W/"481-r7DWD6l2oNYYC7S4FbYJRT0OmKI"', 'Vary': 'Accept-Encoding', 'Content-Encoding': 'gzip', 'CF-Cache-Status': 'DYNAMIC', 'Report-To': '{"endpoints":[{"url":"https:\\/\\/a.nel.cloudflare.com\\/report\\/v4?s=dD%2B%2FYsV89etrpdM9D3x%2Buao9RGfFPdhXR116EQEulQE3QlXOgh6cqU1c4lcp1wqSmTOKoERzMbyB5Z8RXNzkINnLp9YrIT8d%2FcnFduec13%2Bb0vKDa6Shxc4IYzc2DgHI"}],"group":"cf-nel","max_age":604800}', 'NEL': '{"success_fraction":0,"report_to":"cf-nel","max_age":604800}', 'Server': 'cloudflare', 'CF-RAY': '86a8739c0a7208e0-LAX', 'alt-svc': 'h3=":443"; ma=86400'} 
 body={"results":[{"gender":"female","name":{"title":"Ms","first":"Victoria","last":"Ma"},"location":{"street":{"number":1785,"name":"Alfred St"},"city":"Field","state":"Northwest Territories","country":"Canada","postcode":"N1D 4R7","coordinates":{"latitude":"-71.1303","longitude":"31.8233"},"timezone":{"offset":"+4:30","description":"Kabul"}},"email":"victoria.ma@example.com","login":{"uuid":"f9ca2257-ca65-49de-8381-6b867cb619a3","username":"beautifulgorilla773","password":"lisalisa","salt":"QBwLZ7Io","md5":"6b9d97bf5ae677ed9cd040cabfe34ca8","sha1":"d81b7b5fc07791a3bc0a56bc8786efc26f050131","sha256":"818ed53a27a275d7389707ead721760fe3ba877f3e4e994b51b9b6826571926e"},"dob":{"date":"1974-04-29T23:50:06.953Z","age":49},"registered":{"date":"2011-01-11T08:41:10.632Z","age":13},"phone":"U74 D66-2824","cell":"J12 U91-8066","id":{"name":"SIN","value":"542696471"},"picture":{"large":"https://randomuser.me/api/portraits/women/43.jpg","medium":"https://randomuser.me/api/portraits/med/women/43.jpg","thumbnail":"https://randomuser.me/api/portraits/thumb/women/43.jpg"},"nat":"CA"}],"info":{"seed":"ee19c6390600aeef","results":1,"page":1,"version":"1.4"}} 
 </msg>
<msg time="2024-03-26T16:17:34.187955" level="INFO">/opt/hostedtoolcache/Python/3.12.2/x64/lib/python3.12/site-packages/urllib3/connectionpool.py:1103: InsecureRequestWarning: Unverified HTTPS request is being made to host 'randomuser.me'. Adding certificate verification is strongly advised. See: https://urllib3.readthedocs.io/en/latest/advanced-usage.html#tls-warnings
  warnings.warn(</msg>
<msg time="2024-03-26T16:17:34.188165" level="INFO">${response} = &lt;Response [200]&gt;</msg>
<var>${response}</var>
<arg>consultarAPI</arg>
<arg>/api</arg>
<doc>Sends a GET request on a previously created HTTP Session.</doc>
<status status="PASS" start="2024-03-26T16:17:34.079483" elapsed="0.108736"/>
</kw>
<kw name="Set Variable" owner="BuiltIn">
<msg time="2024-03-26T16:17:34.189295" level="INFO">${json_data} = {'results': [{'gender': 'female', 'name': {'title': 'Ms', 'first': 'Victoria', 'last': 'Ma'}, 'location': {'street': {'number': 1785, 'name': 'Alfred St'}, 'city': 'Field', 'state': 'Northwest Territo...</msg>
<var>${json_data}</var>
<arg>${response.json()}</arg>
<doc>Returns the given values which can then be assigned to a variables.</doc>
<status status="PASS" start="2024-03-26T16:17:34.188779" elapsed="0.000545"/>
</kw>
<kw name="Set Variable" owner="BuiltIn">
<msg time="2024-03-26T16:17:34.190034" level="INFO">${name_title} = Ms</msg>
<var>${name_title}</var>
<arg>${json_data["results"][0]["name"]["title"]}</arg>
<doc>Returns the given values which can then be assigned to a variables.</doc>
<status status="PASS" start="2024-03-26T16:17:34.189634" elapsed="0.000427"/>
</kw>
<kw name="Create List" owner="BuiltIn">
<msg time="2024-03-26T16:17:34.190546" level="INFO">${allowed_titles} = ['Mr', 'Ms', 'Miss', 'Mrs', 'Madame', 'Monsieur']</msg>
<var>${allowed_titles}</var>
<arg>Mr</arg>
<arg>Ms</arg>
<arg>Miss</arg>
<arg>Mrs</arg>
<arg>Madame</arg>
<arg>Monsieur</arg>
<doc>Returns a list containing given items.</doc>
<status status="PASS" start="2024-03-26T16:17:34.190386" elapsed="0.000186"/>
</kw>
<kw name="List Should Contain Value" owner="Collections">
<msg time="2024-03-26T16:17:34.191089" level="INFO">False</msg>
<arg>${allowed_titles}</arg>
<arg>${name_title}</arg>
<doc>Fails if the ``value`` is not found from ``list``.</doc>
<status status="PASS" start="2024-03-26T16:17:34.190902" elapsed="0.000230"/>
</kw>
<kw name="Set Variable" owner="BuiltIn">
<msg time="2024-03-26T16:17:34.191831" level="INFO">${name_country} = CA</msg>
<var>${name_country}</var>
<arg>${json_data["results"][0]["nat"]}</arg>
<doc>Returns the given values which can then be assigned to a variables.</doc>
<status status="PASS" start="2024-03-26T16:17:34.191435" elapsed="0.000422"/>
</kw>
<kw name="Create List" owner="BuiltIn">
<msg time="2024-03-26T16:17:34.192838" level="INFO">${list_country} = ['AD', 'AE', 'AF', 'AG', 'AI', 'AL', 'AM', 'AO', 'AQ', 'AR', 'AS', 'AT', 'AU', 'AW', 'AX', 'AZ', 'BA', 'BB', 'BD', 'BE', 'BF', 'BG', 'BH', 'BI', 'BJ', 'BL', 'BM', 'BN', 'BO', 'BQ', 'BR', 'BS', 'BT', '...</msg>
<var>${list_country}</var>
<arg>AD</arg>
<arg>AE</arg>
<arg>AF</arg>
<arg>AG</arg>
<arg>AI</arg>
<arg>AL</arg>
<arg>AM</arg>
<arg>AO</arg>
<arg>AQ</arg>
<arg>AR</arg>
<arg>AS</arg>
<arg>AT</arg>
<arg>AU</arg>
<arg>AW</arg>
<arg>AX</arg>
<arg>AZ</arg>
<arg>BA</arg>
<arg>BB</arg>
<arg>BD</arg>
<arg>BE</arg>
<arg>BF</arg>
<arg>BG</arg>
<arg>BH</arg>
<arg>BI</arg>
<arg>BJ</arg>
<arg>BL</arg>
<arg>BM</arg>
<arg>BN</arg>
<arg>BO</arg>
<arg>BQ</arg>
<arg>BR</arg>
<arg>BS</arg>
<arg>BT</arg>
<arg>BV</arg>
<arg>BW</arg>
<arg>BY</arg>
<arg>BZ</arg>
<arg>CA</arg>
<arg>CC</arg>
<arg>CD</arg>
<arg>CF</arg>
<arg>CG</arg>
<arg>CH</arg>
<arg>CI</arg>
<arg>CK</arg>
<arg>CL</arg>
<arg>CM</arg>
<arg>CN</arg>
<arg>CO</arg>
<arg>CR</arg>
<arg>CU</arg>
<arg>CV</arg>
<arg>CW</arg>
<arg>CX</arg>
<arg>CY</arg>
<arg>CZ</arg>
<arg>DE</arg>
<arg>DJ</arg>
<arg>DK</arg>
<arg>DM</arg>
<arg>DO</arg>
<arg>DZ</arg>
<arg>EC</arg>
<arg>EE</arg>
<arg>EG</arg>
<arg>EH</arg>
<arg>ER</arg>
<arg>ES</arg>
<arg>ET</arg>
<arg>FI</arg>
<arg>FJ</arg>
<arg>FK</arg>
<arg>FM</arg>
<arg>FO</arg>
<arg>FR</arg>
<arg>GA</arg>
<arg>GB</arg>
<arg>GD</arg>
<arg>GE</arg>
<arg>GF</arg>
<arg>GG</arg>
<arg>GH</arg>
<arg>GI</arg>
<arg>GL</arg>
<arg>GM</arg>
<arg>GN</arg>
<arg>GP</arg>
<arg>GQ</arg>
<arg>GR</arg>
<arg>GS</arg>
<arg>GT</arg>
<arg>GU</arg>
<arg>GW</arg>
<arg>GY</arg>
<arg>HK</arg>
<arg>HM</arg>
<arg>HN</arg>
<arg>HR</arg>
<arg>HT</arg>
<arg>HU</arg>
<arg>ID</arg>
<arg>IE</arg>
<arg>IL</arg>
<arg>IM</arg>
<arg>IN</arg>
<arg>IO</arg>
<arg>IQ</arg>
<arg>IR</arg>
<arg>IS</arg>
<arg>IT</arg>
<arg>JE</arg>
<arg>JM</arg>
<arg>JO</arg>
<arg>JP</arg>
<arg>KE</arg>
<arg>KG</arg>
<arg>KH</arg>
<arg>KI</arg>
<arg>KM</arg>
<arg>KN</arg>
<arg>KP</arg>
<arg>KR</arg>
<arg>KW</arg>
<arg>KY</arg>
<arg>KZ</arg>
<arg>LA</arg>
<arg>LB</arg>
<arg>LC</arg>
<arg>LI</arg>
<arg>LK</arg>
<arg>LR</arg>
<arg>LS</arg>
<arg>LT</arg>
<arg>LU</arg>
<arg>LV</arg>
<arg>LY</arg>
<arg>MA</arg>
<arg>MC</arg>
<arg>MD</arg>
<arg>ME</arg>
<arg>MF</arg>
<arg>MG</arg>
<arg>MH</arg>
<arg>MK</arg>
<arg>ML</arg>
<arg>MM</arg>
<arg>MN</arg>
<arg>MO</arg>
<arg>MP</arg>
<arg>MQ</arg>
<arg>MR</arg>
<arg>MS</arg>
<arg>MT</arg>
<arg>MU</arg>
<arg>MV</arg>
<arg>MW</arg>
<arg>MX</arg>
<arg>MY</arg>
<arg>MZ</arg>
<arg>NA</arg>
<arg>NC</arg>
<arg>NE</arg>
<arg>NF</arg>
<arg>NG</arg>
<arg>NI</arg>
<arg>NL</arg>
<arg>NO</arg>
<arg>NP</arg>
<arg>NR</arg>
<arg>NU</arg>
<arg>NZ</arg>
<arg>OM</arg>
<arg>PA</arg>
<arg>PE</arg>
<arg>PF</arg>
<arg>PG</arg>
<arg>PH</arg>
<arg>PK</arg>
<arg>PL</arg>
<arg>PM</arg>
<arg>PN</arg>
<arg>PR</arg>
<arg>PS</arg>
<arg>PT</arg>
<arg>PW</arg>
<arg>PY</arg>
<arg>QA</arg>
<arg>RE</arg>
<arg>RO</arg>
<arg>RS</arg>
<arg>RU</arg>
<arg>RW</arg>
<arg>SA</arg>
<arg>SB</arg>
<arg>SC</arg>
<arg>SD</arg>
<arg>SE</arg>
<arg>SG</arg>
<arg>SH</arg>
<arg>SI</arg>
<arg>SJ</arg>
<arg>SK</arg>
<arg>SL</arg>
<arg>SM</arg>
<arg>SN</arg>
<arg>SO</arg>
<arg>SR</arg>
<arg>SS</arg>
<arg>ST</arg>
<arg>SV</arg>
<arg>SX</arg>
<arg>SY</arg>
<arg>SZ</arg>
<arg>TC</arg>
<arg>TD</arg>
<arg>TF</arg>
<arg>TG</arg>
<arg>TH</arg>
<arg>TJ</arg>
<arg>TK</arg>
<arg>TL</arg>
<arg>TM</arg>
<arg>TN</arg>
<arg>TO</arg>
<arg>TR</arg>
<arg>TT</arg>
<arg>TV</arg>
<arg>TW</arg>
<arg>TZ</arg>
<arg>UA</arg>
<arg>UG</arg>
<arg>UM</arg>
<arg>US</arg>
<arg>UY</arg>
<arg>UZ</arg>
<arg>VA</arg>
<arg>VC</arg>
<arg>VE</arg>
<arg>VG</arg>
<arg>VI</arg>
<arg>VN</arg>
<arg>VU</arg>
<arg>WF</arg>
<arg>WS</arg>
<arg>XK</arg>
<arg>YE</arg>
<arg>YT</arg>
<arg>ZA</arg>
<arg>ZM</arg>
<arg>ZW</arg>
<doc>Returns a list containing given items.</doc>
<status status="PASS" start="2024-03-26T16:17:34.192222" elapsed="0.000642"/>
</kw>
<kw name="List Should Contain Value" owner="Collections">
<msg time="2024-03-26T16:17:34.194017" level="INFO">False</msg>
<arg>${list_country}</arg>
<arg>${name_country}</arg>
<doc>Fails if the ``value`` is not found from ``list``.</doc>
<status status="PASS" start="2024-03-26T16:17:34.193813" elapsed="0.000241"/>
</kw>
<kw name="Run Keyword If" owner="BuiltIn">
<kw name="Should Be True" owner="BuiltIn">
<arg>${True}</arg>
<doc>Fails if the given condition is not true.</doc>
<status status="PASS" start="2024-03-26T16:17:34.195129" elapsed="0.000148"/>
</kw>
<arg>${json_data["results"][0]["location"]["coordinates"]["latitude"]} &gt;= -90 and ${json_data["results"][0]["location"]["coordinates"]["latitude"]} &lt;= 90</arg>
<arg>Should Be True</arg>
<arg>${True}</arg>
<doc>Runs the given keyword with the given arguments, if ``condition`` is true.</doc>
<status status="PASS" start="2024-03-26T16:17:34.194370" elapsed="0.001037"/>
</kw>
<kw name="Run Keyword If" owner="BuiltIn">
<kw name="Should Be True" owner="BuiltIn">
<arg>${True}</arg>
<doc>Fails if the given condition is not true.</doc>
<status status="PASS" start="2024-03-26T16:17:34.196338" elapsed="0.000140"/>
</kw>
<arg>${json_data["results"][0]["location"]["coordinates"]["longitude"]} &gt;= -180 and ${json_data["results"][0]["location"]["coordinates"]["longitude"]} &lt;= 180</arg>
<arg>Should Be True</arg>
<arg>${True}</arg>
<doc>Runs the given keyword with the given arguments, if ``condition`` is true.</doc>
<status status="PASS" start="2024-03-26T16:17:34.195594" elapsed="0.001010"/>
</kw>
<status status="PASS" start="2024-03-26T16:17:34.079230" elapsed="0.117506"/>
</kw>
<doc>Testa o conteúdo específico dos campos retornados pela API.</doc>
<tag>testeConteudo</tag>
<status status="PASS" start="2024-03-26T16:17:34.078744" elapsed="0.118148"/>
</test>
<status status="PASS" start="2024-03-26T16:17:33.133308" elapsed="1.065541"/>
</suite>
<status status="PASS" start="2024-03-26T16:17:33.119309" elapsed="1.085038"/>
</suite>
<statistics>
<total>
<stat pass="5" fail="0" skip="0">All Tests</stat>
</total>
<tag>
<stat pass="1" fail="0" skip="0">testeConteudo</stat>
<stat pass="1" fail="0" skip="0">testeEstruturaResposta</stat>
<stat pass="1" fail="0" skip="0">testeRequisicaoBasica</stat>
<stat pass="1" fail="0" skip="0">testeTiposDados</stat>
</tag>
<suite>
<stat pass="5" fail="0" skip="0" id="s1" name="Tests">Tests</stat>
<stat pass="5" fail="0" skip="0" id="s1-s1" name="Random-User-Test">Tests.Random-User-Test</stat>
</suite>
</statistics>
<errors>
</errors>
</robot>
