<?xml version="1.0" encoding="UTF-8"?>
<robot generator="Robot 7.0.1 (Python 3.12.4 on linux)" generated="2024-06-21T07:14:38.050612" rpa="false" schemaversion="5">
<suite id="s1" name="Tests" source="/home/runner/work/ApiRandomUser/ApiRandomUser/RamdonUser/tests">
<suite id="s1-s1" name="Random-User-Test" source="/home/runner/work/ApiRandomUser/ApiRandomUser/RamdonUser/tests/random-user-test.robot">
<test id="s1-s1-t1" name="Conectar" line="13">
<kw name="Conectar API" owner="random-user-service">
<kw name="Create Session" owner="RequestsLibrary">
<msg time="2024-06-21T07:14:38.471799" level="INFO">Creating Session using : alias=consultarAPI, url=https://randomuser.me/, headers={},                     cookies={}, auth=None, timeout=None, proxies=None, verify=False,                     debug=0 </msg>
<arg>consultarAPI</arg>
<arg>${URL}</arg>
<doc>Create Session: create a HTTP session to a server</doc>
<status status="PASS" start="2024-06-21T07:14:38.471593" elapsed="0.000382"/>
</kw>
<status status="PASS" start="2024-06-21T07:14:38.470607" elapsed="0.001739"/>
</kw>
<status status="PASS" start="2024-06-21T07:14:38.470059" elapsed="0.002479"/>
</test>
<test id="s1-s1-t2" name="Validar retorno 200 e JSON Válido" line="16">
<kw name="Teste de Requisicao Basica" owner="random-user-service">
<kw name="GET On Session" owner="RequestsLibrary">
<msg time="2024-06-21T07:14:38.748796" level="INFO">GET Request : url=https://randomuser.me/api 
 path_url=/api 
 headers={'User-Agent': 'python-requests/2.32.3', 'Accept-Encoding': 'gzip, deflate', 'Accept': '*/*', 'Connection': 'keep-alive'} 
 body=None 
 </msg>
<msg time="2024-06-21T07:14:38.748957" level="INFO">GET Response : url=https://randomuser.me/api 
 status=200, reason=OK 
 headers={'Date': 'Fri, 21 Jun 2024 07:14:38 GMT', 'Content-Type': 'application/json; charset=utf-8', 'Transfer-Encoding': 'chunked', 'Connection': 'keep-alive', 'X-Powered-By': 'Express', 'Access-Control-Allow-Origin': '*', 'Cache-Control': 'no-cache', 'ETag': 'W/"49e-PfV3jj836txi0vmyiLiaiVuBo7M"', 'Vary': 'Accept-Encoding', 'Content-Encoding': 'gzip', 'CF-Cache-Status': 'DYNAMIC', 'Report-To': '{"endpoints":[{"url":"https:\\/\\/a.nel.cloudflare.com\\/report\\/v4?s=sC365vamKKhmdDiTZetTPOEsXzHh8%2BXNkFi9Aj8Dz5vPdlCR%2F9pK0VYP0N5H7VEWC9d2QH5fag73gioPtuP1tDydI4JnMb9y%2F5UBZkg7QIlD4GZH6Ki%2F53XTTvnrGKJd"}],"group":"cf-nel","max_age":604800}', 'NEL': '{"success_fraction":0,"report_to":"cf-nel","max_age":604800}', 'Server': 'cloudflare', 'CF-RAY': '897233ef8bc6159e-SJC', 'alt-svc': 'h3=":443"; ma=86400'} 
 body={"results":[{"gender":"female","name":{"title":"Mrs","first":"Victoria","last":"Addy"},"location":{"street":{"number":4133,"name":"Richmond Ave"},"city":"Cadillac","state":"Saskatchewan","country":"Canada","postcode":"X6A 0Q5","coordinates":{"latitude":"-67.2023","longitude":"125.7197"},"timezone":{"offset":"+8:00","description":"Beijing, Perth, Singapore, Hong Kong"}},"email":"victoria.addy@example.com","login":{"uuid":"f07d6c1e-4230-4762-b020-2f12ee099581","username":"beautifuldog944","password":"blue123","salt":"incBylQd","md5":"1ce9ab25b7403307946596d20ce8359b","sha1":"3720546c5892d035e0d6d3536e650c5646696e7e","sha256":"56e38507e089d956fecc1011a53d1d28c90bfb1f8bcb1eae84cc5a78db04a5c4"},"dob":{"date":"1951-01-14T06:33:37.992Z","age":73},"registered":{"date":"2005-06-21T07:22:49.654Z","age":18},"phone":"X06 O35-0099","cell":"C01 B95-8579","id":{"name":"SIN","value":"619369291"},"picture":{"large":"https://randomuser.me/api/portraits/women/90.jpg","medium":"https://randomuser.me/api/portraits/med/women/90.jpg","thumbnail":"https://randomuser.me/api/portraits/thumb/women/90.jpg"},"nat":"CA"}],"info":{"seed":"443a7ba0cbffd24f","results":1,"page":1,"version":"1.4"}} 
 </msg>
<msg time="2024-06-21T07:14:38.749047" level="INFO">/opt/hostedtoolcache/Python/3.12.4/x64/lib/python3.12/site-packages/urllib3/connectionpool.py:1099: InsecureRequestWarning: Unverified HTTPS request is being made to host 'randomuser.me'. Adding certificate verification is strongly advised. See: https://urllib3.readthedocs.io/en/latest/advanced-usage.html#tls-warnings
  warnings.warn(</msg>
<msg time="2024-06-21T07:14:38.749203" level="INFO">${response} = &lt;Response [200]&gt;</msg>
<var>${response}</var>
<arg>consultarAPI</arg>
<arg>/api</arg>
<doc>Sends a GET request on a previously created HTTP Session.</doc>
<status status="PASS" start="2024-06-21T07:14:38.475106" elapsed="0.274148"/>
</kw>
<kw name="Should Be Equal As Numbers" owner="BuiltIn">
<msg time="2024-06-21T07:14:38.750576" level="INFO">Argument types are:
&lt;class 'int'&gt;
&lt;class 'str'&gt;</msg>
<arg>${response.status_code}</arg>
<arg>200</arg>
<doc>Fails if objects are unequal after converting them to real numbers.</doc>
<status status="PASS" start="2024-06-21T07:14:38.750010" elapsed="0.000640"/>
</kw>
<kw name="Log" owner="BuiltIn">
<msg time="2024-06-21T07:14:38.751337" level="INFO">200</msg>
<arg>${response.status_code}</arg>
<doc>Logs the given message with the given level.</doc>
<status status="PASS" start="2024-06-21T07:14:38.750985" elapsed="0.000396"/>
</kw>
<kw name="Set Variable" owner="BuiltIn">
<msg time="2024-06-21T07:14:38.752145" level="INFO">${json_data} = {'results': [{'gender': 'female', 'name': {'title': 'Mrs', 'first': 'Victoria', 'last': 'Addy'}, 'location': {'street': {'number': 4133, 'name': 'Richmond Ave'}, 'city': 'Cadillac', 'state': 'Saskatch...</msg>
<var>${json_data}</var>
<arg>${response.json()}</arg>
<doc>Returns the given values which can then be assigned to a variables.</doc>
<status status="PASS" start="2024-06-21T07:14:38.751688" elapsed="0.000488"/>
</kw>
<kw name="Dictionary Should Contain Key" owner="Collections">
<arg>${json_data}</arg>
<arg>results</arg>
<doc>Fails if ``key`` is not found from ``dictionary``.</doc>
<status status="PASS" start="2024-06-21T07:14:38.752479" elapsed="0.000184"/>
</kw>
<status status="PASS" start="2024-06-21T07:14:38.474858" elapsed="0.277958"/>
</kw>
<doc>Testa se a API responde corretamente e retorna um objeto JSON válido.</doc>
<tag>testeRequisicaoBasica</tag>
<status status="PASS" start="2024-06-21T07:14:38.474408" elapsed="0.278587"/>
</test>
<test id="s1-s1-t3" name="Validar estrutura de resposta" line="22">
<kw name="Teste de Estrutura de Resposta" owner="random-user-service">
<kw name="GET On Session" owner="RequestsLibrary">
<msg time="2024-06-21T07:14:38.889869" level="INFO">GET Request : url=https://randomuser.me/api 
 path_url=/api 
 headers={'User-Agent': 'python-requests/2.32.3', 'Accept-Encoding': 'gzip, deflate', 'Accept': '*/*', 'Connection': 'keep-alive'} 
 body=None 
 </msg>
<msg time="2024-06-21T07:14:38.889974" level="INFO">GET Response : url=https://randomuser.me/api 
 status=200, reason=OK 
 headers={'Date': 'Fri, 21 Jun 2024 07:14:38 GMT', 'Content-Type': 'application/json; charset=utf-8', 'Transfer-Encoding': 'chunked', 'Connection': 'keep-alive', 'X-Powered-By': 'Express', 'Access-Control-Allow-Origin': '*', 'Cache-Control': 'no-cache', 'ETag': 'W/"47e-oPo4Q9e6OFN8YZyG9bhvcZ2ExUM"', 'Vary': 'Accept-Encoding', 'Content-Encoding': 'gzip', 'CF-Cache-Status': 'DYNAMIC', 'Report-To': '{"endpoints":[{"url":"https:\\/\\/a.nel.cloudflare.com\\/report\\/v4?s=KNnnRuJVM8mV75OKyyxC9w5dsFH38yWDVRVUemE4ZWZELi%2FUL%2BiwL3jNwRY1QO5LQoeey6V4fpJB%2FOmlah4d3PuZTQd5%2BKTQHZFhPljUXWUQnrvt7k1mKi%2Ft0RmxO3sU"}],"group":"cf-nel","max_age":604800}', 'NEL': '{"success_fraction":0,"report_to":"cf-nel","max_age":604800}', 'Server': 'cloudflare', 'CF-RAY': '897233f03c4c159e-SJC', 'alt-svc': 'h3=":443"; ma=86400'} 
 body={"results":[{"gender":"female","name":{"title":"Miss","first":"Andrea","last":"Aguilar"},"location":{"street":{"number":199,"name":"Calle de Toledo"},"city":"Almería","state":"Extremadura","country":"Spain","postcode":26744,"coordinates":{"latitude":"-35.3471","longitude":"17.4233"},"timezone":{"offset":"+4:30","description":"Kabul"}},"email":"andrea.aguilar@example.com","login":{"uuid":"102a0a19-2312-4cd3-bccd-cd7fcb125472","username":"ticklishrabbit879","password":"shannon1","salt":"ngjX2nmX","md5":"ba9b8674f4066fcd2c42a2645e8a155a","sha1":"f9a8f38e27a6943c9b8410f2c3257fac02c94e5e","sha256":"58d9fc74410bb5ffed61459e498b104b48db01fc64fbc2c7516c86c73545632b"},"dob":{"date":"1972-05-01T12:29:13.538Z","age":52},"registered":{"date":"2021-09-04T12:12:00.350Z","age":2},"phone":"970-132-416","cell":"643-217-414","id":{"name":"DNI","value":"53928004-K"},"picture":{"large":"https://randomuser.me/api/portraits/women/75.jpg","medium":"https://randomuser.me/api/portraits/med/women/75.jpg","thumbnail":"https://randomuser.me/api/portraits/thumb/women/75.jpg"},"nat":"ES"}],"info":{"seed":"a119f287c62dbc8b","results":1,"page":1,"version":"1.4"}} 
 </msg>
<msg time="2024-06-21T07:14:38.890116" level="INFO">/opt/hostedtoolcache/Python/3.12.4/x64/lib/python3.12/site-packages/urllib3/connectionpool.py:1099: InsecureRequestWarning: Unverified HTTPS request is being made to host 'randomuser.me'. Adding certificate verification is strongly advised. See: https://urllib3.readthedocs.io/en/latest/advanced-usage.html#tls-warnings
  warnings.warn(</msg>
<msg time="2024-06-21T07:14:38.890256" level="INFO">${response} = &lt;Response [200]&gt;</msg>
<var>${response}</var>
<arg>consultarAPI</arg>
<arg>/api</arg>
<doc>Sends a GET request on a previously created HTTP Session.</doc>
<status status="PASS" start="2024-06-21T07:14:38.756121" elapsed="0.134178"/>
</kw>
<kw name="Set Variable" owner="BuiltIn">
<msg time="2024-06-21T07:14:38.891578" level="INFO">${json_data} = {'results': [{'gender': 'female', 'name': {'title': 'Miss', 'first': 'Andrea', 'last': 'Aguilar'}, 'location': {'street': {'number': 199, 'name': 'Calle de Toledo'}, 'city': 'Almería', 'state': 'Extre...</msg>
<var>${json_data}</var>
<arg>${response.json()}</arg>
<doc>Returns the given values which can then be assigned to a variables.</doc>
<status status="PASS" start="2024-06-21T07:14:38.890985" elapsed="0.000623"/>
</kw>
<kw name="Log" owner="BuiltIn">
<msg time="2024-06-21T07:14:38.892093" level="INFO">{'results': [{'gender': 'female', 'name': {'title': 'Miss', 'first': 'Andrea', 'last': 'Aguilar'}, 'location': {'street': {'number': 199, 'name': 'Calle de Toledo'}, 'city': 'Almería', 'state': 'Extremadura', 'country': 'Spain', 'postcode': 26744, 'coordinates': {'latitude': '-35.3471', 'longitude': '17.4233'}, 'timezone': {'offset': '+4:30', 'description': 'Kabul'}}, 'email': 'andrea.aguilar@example.com', 'login': {'uuid': '102a0a19-2312-4cd3-bccd-cd7fcb125472', 'username': 'ticklishrabbit879', 'password': 'shannon1', 'salt': 'ngjX2nmX', 'md5': 'ba9b8674f4066fcd2c42a2645e8a155a', 'sha1': 'f9a8f38e27a6943c9b8410f2c3257fac02c94e5e', 'sha256': '58d9fc74410bb5ffed61459e498b104b48db01fc64fbc2c7516c86c73545632b'}, 'dob': {'date': '1972-05-01T12:29:13.538Z', 'age': 52}, 'registered': {'date': '2021-09-04T12:12:00.350Z', 'age': 2}, 'phone': '970-132-416', 'cell': '643-217-414', 'id': {'name': 'DNI', 'value': '53928004-K'}, 'picture': {'large': 'https://randomuser.me/api/portraits/women/75.jpg', 'medium': 'https://randomuser.me/api/portraits/med/women/75.jpg', 'thumbnail': 'https://randomuser.me/api/portraits/thumb/women/75.jpg'}, 'nat': 'ES'}], 'info': {'seed': 'a119f287c62dbc8b', 'results': 1, 'page': 1, 'version': '1.4'}}</msg>
<arg>${json_data}</arg>
<doc>Logs the given message with the given level.</doc>
<status status="PASS" start="2024-06-21T07:14:38.891921" elapsed="0.000222"/>
</kw>
<kw name="Dictionary Should Contain Key" owner="Collections">
<arg>${json_data}</arg>
<arg>results</arg>
<doc>Fails if ``key`` is not found from ``dictionary``.</doc>
<status status="PASS" start="2024-06-21T07:14:38.892434" elapsed="0.000159"/>
</kw>
<kw name="Should Not Be Empty" owner="BuiltIn">
<msg time="2024-06-21T07:14:38.892901" level="INFO">Length is 2.</msg>
<arg>${json_data}</arg>
<doc>Verifies that the given item is not empty.</doc>
<status status="PASS" start="2024-06-21T07:14:38.892778" elapsed="0.000160"/>
</kw>
<kw name="Create List" owner="BuiltIn">
<msg time="2024-06-21T07:14:38.893563" level="INFO">${expected_keys} = ['gender', 'name', 'location', 'email', 'login']</msg>
<var>${expected_keys}</var>
<arg>gender</arg>
<arg>name</arg>
<arg>location</arg>
<arg>email</arg>
<arg>login</arg>
<doc>Returns a list containing given items.</doc>
<status status="PASS" start="2024-06-21T07:14:38.893223" elapsed="0.000366"/>
</kw>
<for flavor="IN">
<iter>
<kw name="Dictionary Should Contain Key" owner="Collections">
<arg>${json_data['results'][0]}</arg>
<arg>${key}</arg>
<doc>Fails if ``key`` is not found from ``dictionary``.</doc>
<status status="PASS" start="2024-06-21T07:14:38.894182" elapsed="0.000395"/>
</kw>
<kw name="Log" owner="BuiltIn">
<msg time="2024-06-21T07:14:38.895124" level="INFO">{'gender': 'female', 'name': {'title': 'Miss', 'first': 'Andrea', 'last': 'Aguilar'}, 'location': {'street': {'number': 199, 'name': 'Calle de Toledo'}, 'city': 'Almería', 'state': 'Extremadura', 'country': 'Spain', 'postcode': 26744, 'coordinates': {'latitude': '-35.3471', 'longitude': '17.4233'}, 'timezone': {'offset': '+4:30', 'description': 'Kabul'}}, 'email': 'andrea.aguilar@example.com', 'login': {'uuid': '102a0a19-2312-4cd3-bccd-cd7fcb125472', 'username': 'ticklishrabbit879', 'password': 'shannon1', 'salt': 'ngjX2nmX', 'md5': 'ba9b8674f4066fcd2c42a2645e8a155a', 'sha1': 'f9a8f38e27a6943c9b8410f2c3257fac02c94e5e', 'sha256': '58d9fc74410bb5ffed61459e498b104b48db01fc64fbc2c7516c86c73545632b'}, 'dob': {'date': '1972-05-01T12:29:13.538Z', 'age': 52}, 'registered': {'date': '2021-09-04T12:12:00.350Z', 'age': 2}, 'phone': '970-132-416', 'cell': '643-217-414', 'id': {'name': 'DNI', 'value': '53928004-K'}, 'picture': {'large': 'https://randomuser.me/api/portraits/women/75.jpg', 'medium': 'https://randomuser.me/api/portraits/med/women/75.jpg', 'thumbnail': 'https://randomuser.me/api/portraits/thumb/women/75.jpg'}, 'nat': 'ES'}</msg>
<arg>${json_data['results'][0]}</arg>
<doc>Logs the given message with the given level.</doc>
<status status="PASS" start="2024-06-21T07:14:38.894764" elapsed="0.000409"/>
</kw>
<kw name="Log" owner="BuiltIn">
<msg time="2024-06-21T07:14:38.895596" level="INFO">gender</msg>
<arg>${key}</arg>
<doc>Logs the given message with the given level.</doc>
<status status="PASS" start="2024-06-21T07:14:38.895470" elapsed="0.000163"/>
</kw>
<var name="${key}">gender</var>
<status status="PASS" start="2024-06-21T07:14:38.894059" elapsed="0.001813"/>
</iter>
<iter>
<kw name="Dictionary Should Contain Key" owner="Collections">
<arg>${json_data['results'][0]}</arg>
<arg>${key}</arg>
<doc>Fails if ``key`` is not found from ``dictionary``.</doc>
<status status="PASS" start="2024-06-21T07:14:38.896161" elapsed="0.000382"/>
</kw>
<kw name="Log" owner="BuiltIn">
<msg time="2024-06-21T07:14:38.897075" level="INFO">{'gender': 'female', 'name': {'title': 'Miss', 'first': 'Andrea', 'last': 'Aguilar'}, 'location': {'street': {'number': 199, 'name': 'Calle de Toledo'}, 'city': 'Almería', 'state': 'Extremadura', 'country': 'Spain', 'postcode': 26744, 'coordinates': {'latitude': '-35.3471', 'longitude': '17.4233'}, 'timezone': {'offset': '+4:30', 'description': 'Kabul'}}, 'email': 'andrea.aguilar@example.com', 'login': {'uuid': '102a0a19-2312-4cd3-bccd-cd7fcb125472', 'username': 'ticklishrabbit879', 'password': 'shannon1', 'salt': 'ngjX2nmX', 'md5': 'ba9b8674f4066fcd2c42a2645e8a155a', 'sha1': 'f9a8f38e27a6943c9b8410f2c3257fac02c94e5e', 'sha256': '58d9fc74410bb5ffed61459e498b104b48db01fc64fbc2c7516c86c73545632b'}, 'dob': {'date': '1972-05-01T12:29:13.538Z', 'age': 52}, 'registered': {'date': '2021-09-04T12:12:00.350Z', 'age': 2}, 'phone': '970-132-416', 'cell': '643-217-414', 'id': {'name': 'DNI', 'value': '53928004-K'}, 'picture': {'large': 'https://randomuser.me/api/portraits/women/75.jpg', 'medium': 'https://randomuser.me/api/portraits/med/women/75.jpg', 'thumbnail': 'https://randomuser.me/api/portraits/thumb/women/75.jpg'}, 'nat': 'ES'}</msg>
<arg>${json_data['results'][0]}</arg>
<doc>Logs the given message with the given level.</doc>
<status status="PASS" start="2024-06-21T07:14:38.896725" elapsed="0.000434"/>
</kw>
<kw name="Log" owner="BuiltIn">
<msg time="2024-06-21T07:14:38.897628" level="INFO">name</msg>
<arg>${key}</arg>
<doc>Logs the given message with the given level.</doc>
<status status="PASS" start="2024-06-21T07:14:38.897487" elapsed="0.000179"/>
</kw>
<var name="${key}">name</var>
<status status="PASS" start="2024-06-21T07:14:38.896052" elapsed="0.001831"/>
</iter>
<iter>
<kw name="Dictionary Should Contain Key" owner="Collections">
<arg>${json_data['results'][0]}</arg>
<arg>${key}</arg>
<doc>Fails if ``key`` is not found from ``dictionary``.</doc>
<status status="PASS" start="2024-06-21T07:14:38.898164" elapsed="0.000378"/>
</kw>
<kw name="Log" owner="BuiltIn">
<msg time="2024-06-21T07:14:38.899076" level="INFO">{'gender': 'female', 'name': {'title': 'Miss', 'first': 'Andrea', 'last': 'Aguilar'}, 'location': {'street': {'number': 199, 'name': 'Calle de Toledo'}, 'city': 'Almería', 'state': 'Extremadura', 'country': 'Spain', 'postcode': 26744, 'coordinates': {'latitude': '-35.3471', 'longitude': '17.4233'}, 'timezone': {'offset': '+4:30', 'description': 'Kabul'}}, 'email': 'andrea.aguilar@example.com', 'login': {'uuid': '102a0a19-2312-4cd3-bccd-cd7fcb125472', 'username': 'ticklishrabbit879', 'password': 'shannon1', 'salt': 'ngjX2nmX', 'md5': 'ba9b8674f4066fcd2c42a2645e8a155a', 'sha1': 'f9a8f38e27a6943c9b8410f2c3257fac02c94e5e', 'sha256': '58d9fc74410bb5ffed61459e498b104b48db01fc64fbc2c7516c86c73545632b'}, 'dob': {'date': '1972-05-01T12:29:13.538Z', 'age': 52}, 'registered': {'date': '2021-09-04T12:12:00.350Z', 'age': 2}, 'phone': '970-132-416', 'cell': '643-217-414', 'id': {'name': 'DNI', 'value': '53928004-K'}, 'picture': {'large': 'https://randomuser.me/api/portraits/women/75.jpg', 'medium': 'https://randomuser.me/api/portraits/med/women/75.jpg', 'thumbnail': 'https://randomuser.me/api/portraits/thumb/women/75.jpg'}, 'nat': 'ES'}</msg>
<arg>${json_data['results'][0]}</arg>
<doc>Logs the given message with the given level.</doc>
<status status="PASS" start="2024-06-21T07:14:38.898719" elapsed="0.000406"/>
</kw>
<kw name="Log" owner="BuiltIn">
<msg time="2024-06-21T07:14:38.899544" level="INFO">location</msg>
<arg>${key}</arg>
<doc>Logs the given message with the given level.</doc>
<status status="PASS" start="2024-06-21T07:14:38.899416" elapsed="0.000165"/>
</kw>
<var name="${key}">location</var>
<status status="PASS" start="2024-06-21T07:14:38.898057" elapsed="0.001739"/>
</iter>
<iter>
<kw name="Dictionary Should Contain Key" owner="Collections">
<arg>${json_data['results'][0]}</arg>
<arg>${key}</arg>
<doc>Fails if ``key`` is not found from ``dictionary``.</doc>
<status status="PASS" start="2024-06-21T07:14:38.900075" elapsed="0.000382"/>
</kw>
<kw name="Log" owner="BuiltIn">
<msg time="2024-06-21T07:14:38.900990" level="INFO">{'gender': 'female', 'name': {'title': 'Miss', 'first': 'Andrea', 'last': 'Aguilar'}, 'location': {'street': {'number': 199, 'name': 'Calle de Toledo'}, 'city': 'Almería', 'state': 'Extremadura', 'country': 'Spain', 'postcode': 26744, 'coordinates': {'latitude': '-35.3471', 'longitude': '17.4233'}, 'timezone': {'offset': '+4:30', 'description': 'Kabul'}}, 'email': 'andrea.aguilar@example.com', 'login': {'uuid': '102a0a19-2312-4cd3-bccd-cd7fcb125472', 'username': 'ticklishrabbit879', 'password': 'shannon1', 'salt': 'ngjX2nmX', 'md5': 'ba9b8674f4066fcd2c42a2645e8a155a', 'sha1': 'f9a8f38e27a6943c9b8410f2c3257fac02c94e5e', 'sha256': '58d9fc74410bb5ffed61459e498b104b48db01fc64fbc2c7516c86c73545632b'}, 'dob': {'date': '1972-05-01T12:29:13.538Z', 'age': 52}, 'registered': {'date': '2021-09-04T12:12:00.350Z', 'age': 2}, 'phone': '970-132-416', 'cell': '643-217-414', 'id': {'name': 'DNI', 'value': '53928004-K'}, 'picture': {'large': 'https://randomuser.me/api/portraits/women/75.jpg', 'medium': 'https://randomuser.me/api/portraits/med/women/75.jpg', 'thumbnail': 'https://randomuser.me/api/portraits/thumb/women/75.jpg'}, 'nat': 'ES'}</msg>
<arg>${json_data['results'][0]}</arg>
<doc>Logs the given message with the given level.</doc>
<status status="PASS" start="2024-06-21T07:14:38.900642" elapsed="0.000411"/>
</kw>
<kw name="Log" owner="BuiltIn">
<msg time="2024-06-21T07:14:38.901511" level="INFO">email</msg>
<arg>${key}</arg>
<doc>Logs the given message with the given level.</doc>
<status status="PASS" start="2024-06-21T07:14:38.901345" elapsed="0.000204"/>
</kw>
<var name="${key}">email</var>
<status status="PASS" start="2024-06-21T07:14:38.899968" elapsed="0.001796"/>
</iter>
<iter>
<kw name="Dictionary Should Contain Key" owner="Collections">
<arg>${json_data['results'][0]}</arg>
<arg>${key}</arg>
<doc>Fails if ``key`` is not found from ``dictionary``.</doc>
<status status="PASS" start="2024-06-21T07:14:38.902033" elapsed="0.000391"/>
</kw>
<kw name="Log" owner="BuiltIn">
<msg time="2024-06-21T07:14:38.902946" level="INFO">{'gender': 'female', 'name': {'title': 'Miss', 'first': 'Andrea', 'last': 'Aguilar'}, 'location': {'street': {'number': 199, 'name': 'Calle de Toledo'}, 'city': 'Almería', 'state': 'Extremadura', 'country': 'Spain', 'postcode': 26744, 'coordinates': {'latitude': '-35.3471', 'longitude': '17.4233'}, 'timezone': {'offset': '+4:30', 'description': 'Kabul'}}, 'email': 'andrea.aguilar@example.com', 'login': {'uuid': '102a0a19-2312-4cd3-bccd-cd7fcb125472', 'username': 'ticklishrabbit879', 'password': 'shannon1', 'salt': 'ngjX2nmX', 'md5': 'ba9b8674f4066fcd2c42a2645e8a155a', 'sha1': 'f9a8f38e27a6943c9b8410f2c3257fac02c94e5e', 'sha256': '58d9fc74410bb5ffed61459e498b104b48db01fc64fbc2c7516c86c73545632b'}, 'dob': {'date': '1972-05-01T12:29:13.538Z', 'age': 52}, 'registered': {'date': '2021-09-04T12:12:00.350Z', 'age': 2}, 'phone': '970-132-416', 'cell': '643-217-414', 'id': {'name': 'DNI', 'value': '53928004-K'}, 'picture': {'large': 'https://randomuser.me/api/portraits/women/75.jpg', 'medium': 'https://randomuser.me/api/portraits/med/women/75.jpg', 'thumbnail': 'https://randomuser.me/api/portraits/thumb/women/75.jpg'}, 'nat': 'ES'}</msg>
<arg>${json_data['results'][0]}</arg>
<doc>Logs the given message with the given level.</doc>
<status status="PASS" start="2024-06-21T07:14:38.902600" elapsed="0.000393"/>
</kw>
<kw name="Log" owner="BuiltIn">
<msg time="2024-06-21T07:14:38.903412" level="INFO">login</msg>
<arg>${key}</arg>
<doc>Logs the given message with the given level.</doc>
<status status="PASS" start="2024-06-21T07:14:38.903287" elapsed="0.000163"/>
</kw>
<var name="${key}">login</var>
<status status="PASS" start="2024-06-21T07:14:38.901929" elapsed="0.001734"/>
</iter>
<var>${key}</var>
<value>@{expected_keys}</value>
<status status="PASS" start="2024-06-21T07:14:38.893861" elapsed="0.009919"/>
</for>
<kw name="Create List" owner="BuiltIn">
<msg time="2024-06-21T07:14:38.904094" level="INFO">${expected_keysTwo} = ['username', 'password']</msg>
<var>${expected_keysTwo}</var>
<arg>username</arg>
<arg>password</arg>
<doc>Returns a list containing given items.</doc>
<status status="PASS" start="2024-06-21T07:14:38.903961" elapsed="0.000157"/>
</kw>
<for flavor="IN">
<iter>
<kw name="Dictionary Should Contain Key" owner="Collections">
<arg>${json_data['results'][0]['login']}</arg>
<arg>${keyTwo}</arg>
<doc>Fails if ``key`` is not found from ``dictionary``.</doc>
<status status="PASS" start="2024-06-21T07:14:38.904629" elapsed="0.000383"/>
</kw>
<kw name="Dictionary Should Contain Key" owner="Collections">
<arg>${json_data['results'][0]['login']}</arg>
<arg>${keyTwo}</arg>
<doc>Fails if ``key`` is not found from ``dictionary``.</doc>
<status status="PASS" start="2024-06-21T07:14:38.905193" elapsed="0.000406"/>
</kw>
<kw name="Log" owner="BuiltIn">
<msg time="2024-06-21T07:14:38.905898" level="INFO">username</msg>
<arg>${keyTwo}</arg>
<doc>Logs the given message with the given level.</doc>
<status status="PASS" start="2024-06-21T07:14:38.905777" elapsed="0.000158"/>
</kw>
<var name="${keyTwo}">username</var>
<status status="PASS" start="2024-06-21T07:14:38.904525" elapsed="0.001631"/>
</iter>
<iter>
<kw name="Dictionary Should Contain Key" owner="Collections">
<arg>${json_data['results'][0]['login']}</arg>
<arg>${keyTwo}</arg>
<doc>Fails if ``key`` is not found from ``dictionary``.</doc>
<status status="PASS" start="2024-06-21T07:14:38.906431" elapsed="0.000374"/>
</kw>
<kw name="Dictionary Should Contain Key" owner="Collections">
<arg>${json_data['results'][0]['login']}</arg>
<arg>${keyTwo}</arg>
<doc>Fails if ``key`` is not found from ``dictionary``.</doc>
<status status="PASS" start="2024-06-21T07:14:38.906980" elapsed="0.000376"/>
</kw>
<kw name="Log" owner="BuiltIn">
<msg time="2024-06-21T07:14:38.907650" level="INFO">password</msg>
<arg>${keyTwo}</arg>
<doc>Logs the given message with the given level.</doc>
<status status="PASS" start="2024-06-21T07:14:38.907532" elapsed="0.000155"/>
</kw>
<var name="${keyTwo}">password</var>
<status status="PASS" start="2024-06-21T07:14:38.906326" elapsed="0.001673"/>
</iter>
<var>${keyTwo}</var>
<value>@{expected_keysTwo}</value>
<status status="PASS" start="2024-06-21T07:14:38.904374" elapsed="0.003744"/>
</for>
<status status="PASS" start="2024-06-21T07:14:38.755777" elapsed="0.152482"/>
</kw>
<doc>Testa a estrutura da resposta da API.</doc>
<tag>testeEstruturaResposta</tag>
<status status="PASS" start="2024-06-21T07:14:38.754960" elapsed="0.153451"/>
</test>
<test id="s1-s1-t4" name="Validar tipos de dados" line="28">
<kw name="Teste de Tipos de Dados" owner="random-user-service">
<kw name="GET On Session" owner="RequestsLibrary">
<msg time="2024-06-21T07:14:38.998803" level="INFO">GET Request : url=https://randomuser.me/api 
 path_url=/api 
 headers={'User-Agent': 'python-requests/2.32.3', 'Accept-Encoding': 'gzip, deflate', 'Accept': '*/*', 'Connection': 'keep-alive'} 
 body=None 
 </msg>
<msg time="2024-06-21T07:14:38.998893" level="INFO">GET Response : url=https://randomuser.me/api 
 status=200, reason=OK 
 headers={'Date': 'Fri, 21 Jun 2024 07:14:38 GMT', 'Content-Type': 'application/json; charset=utf-8', 'Transfer-Encoding': 'chunked', 'Connection': 'keep-alive', 'X-Powered-By': 'Express', 'Access-Control-Allow-Origin': '*', 'Cache-Control': 'no-cache', 'ETag': 'W/"47e-ehE/so+yjh+7+Om6mpNpdDQZu0s"', 'Vary': 'Accept-Encoding', 'Content-Encoding': 'gzip', 'CF-Cache-Status': 'DYNAMIC', 'Report-To': '{"endpoints":[{"url":"https:\\/\\/a.nel.cloudflare.com\\/report\\/v4?s=q88snVPIX0Kp8jPqKva6Mc3eeFzdlMQgXoPTenmhtwsDopMYVsvAeS6uM4GrFq06xR5Kq0xrcX4BSU8CaWeNDdOnzgl2smHgv%2FltL6MWvgSjRMZmehO7WZJHSeIMb0BT"}],"group":"cf-nel","max_age":604800}', 'NEL': '{"success_fraction":0,"report_to":"cf-nel","max_age":604800}', 'Server': 'cloudflare', 'CF-RAY': '897233f13d49159e-SJC', 'alt-svc': 'h3=":443"; ma=86400'} 
 body={"results":[{"gender":"male","name":{"title":"Mr","first":"Eli","last":"Fuller"},"location":{"street":{"number":9132,"name":"Avondale Ave"},"city":"Saint Paul","state":"Vermont","country":"United States","postcode":93690,"coordinates":{"latitude":"86.3473","longitude":"-27.2951"},"timezone":{"offset":"-2:00","description":"Mid-Atlantic"}},"email":"eli.fuller@example.com","login":{"uuid":"445e0cee-6d32-4229-a521-03480b22b211","username":"blackbutterfly100","password":"francis","salt":"yYoiilMl","md5":"09ebde4f2e71bbd312632d992dfa6130","sha1":"121f88afa9f6e32ef43b6204fb48707d6c1f6a6e","sha256":"3bf40f864e0ebefd97cee7b3650bbc5d9998dc95acdb7f563d6d3514a71d7736"},"dob":{"date":"1957-06-09T09:47:58.022Z","age":67},"registered":{"date":"2007-07-12T11:19:07.965Z","age":16},"phone":"(271) 361-1024","cell":"(349) 567-7615","id":{"name":"SSN","value":"619-93-9051"},"picture":{"large":"https://randomuser.me/api/portraits/men/55.jpg","medium":"https://randomuser.me/api/portraits/med/men/55.jpg","thumbnail":"https://randomuser.me/api/portraits/thumb/men/55.jpg"},"nat":"US"}],"info":{"seed":"3103b28fb111ef7c","results":1,"page":1,"version":"1.4"}} 
 </msg>
<msg time="2024-06-21T07:14:38.998965" level="INFO">/opt/hostedtoolcache/Python/3.12.4/x64/lib/python3.12/site-packages/urllib3/connectionpool.py:1099: InsecureRequestWarning: Unverified HTTPS request is being made to host 'randomuser.me'. Adding certificate verification is strongly advised. See: https://urllib3.readthedocs.io/en/latest/advanced-usage.html#tls-warnings
  warnings.warn(</msg>
<msg time="2024-06-21T07:14:38.999087" level="INFO">${response} = &lt;Response [200]&gt;</msg>
<var>${response}</var>
<arg>consultarAPI</arg>
<arg>/api</arg>
<doc>Sends a GET request on a previously created HTTP Session.</doc>
<status status="PASS" start="2024-06-21T07:14:38.911015" elapsed="0.088113"/>
</kw>
<kw name="Set Variable" owner="BuiltIn">
<msg time="2024-06-21T07:14:39.000380" level="INFO">${json_data} = {'results': [{'gender': 'male', 'name': {'title': 'Mr', 'first': 'Eli', 'last': 'Fuller'}, 'location': {'street': {'number': 9132, 'name': 'Avondale Ave'}, 'city': 'Saint Paul', 'state': 'Vermont', 'c...</msg>
<var>${json_data}</var>
<arg>${response.json()}</arg>
<doc>Returns the given values which can then be assigned to a variables.</doc>
<status status="PASS" start="2024-06-21T07:14:38.999775" elapsed="0.000635"/>
</kw>
<kw name="Log" owner="BuiltIn">
<msg time="2024-06-21T07:14:39.000873" level="INFO">{'results': [{'gender': 'male', 'name': {'title': 'Mr', 'first': 'Eli', 'last': 'Fuller'}, 'location': {'street': {'number': 9132, 'name': 'Avondale Ave'}, 'city': 'Saint Paul', 'state': 'Vermont', 'country': 'United States', 'postcode': 93690, 'coordinates': {'latitude': '86.3473', 'longitude': '-27.2951'}, 'timezone': {'offset': '-2:00', 'description': 'Mid-Atlantic'}}, 'email': 'eli.fuller@example.com', 'login': {'uuid': '445e0cee-6d32-4229-a521-03480b22b211', 'username': 'blackbutterfly100', 'password': 'francis', 'salt': 'yYoiilMl', 'md5': '09ebde4f2e71bbd312632d992dfa6130', 'sha1': '121f88afa9f6e32ef43b6204fb48707d6c1f6a6e', 'sha256': '3bf40f864e0ebefd97cee7b3650bbc5d9998dc95acdb7f563d6d3514a71d7736'}, 'dob': {'date': '1957-06-09T09:47:58.022Z', 'age': 67}, 'registered': {'date': '2007-07-12T11:19:07.965Z', 'age': 16}, 'phone': '(271) 361-1024', 'cell': '(349) 567-7615', 'id': {'name': 'SSN', 'value': '619-93-9051'}, 'picture': {'large': 'https://randomuser.me/api/portraits/men/55.jpg', 'medium': 'https://randomuser.me/api/portraits/med/men/55.jpg', 'thumbnail': 'https://randomuser.me/api/portraits/thumb/men/55.jpg'}, 'nat': 'US'}], 'info': {'seed': '3103b28fb111ef7c', 'results': 1, 'page': 1, 'version': '1.4'}}</msg>
<arg>${json_data}</arg>
<doc>Logs the given message with the given level.</doc>
<status status="PASS" start="2024-06-21T07:14:39.000718" elapsed="0.000204"/>
</kw>
<kw name="Should Be String" owner="String">
<arg>${json_data['results'][0]['gender']}</arg>
<doc>Fails if the given ``item`` is not a string.</doc>
<status status="PASS" start="2024-06-21T07:14:39.001212" elapsed="0.000419"/>
</kw>
<kw name="Should Match Regexp" owner="BuiltIn">
<arg>${json_data['results'][0]['email']}</arg>
<arg>^[a-zA-Z0-9._%+-]+@[a-zA-Z0-9.-]+\.[a-zA-Z]{2,}$</arg>
<doc>Fails if ``string`` does not match ``pattern`` as a regular expression.</doc>
<status status="PASS" start="2024-06-21T07:14:39.001823" elapsed="0.000530"/>
</kw>
<kw name="Should Match Regexp" owner="BuiltIn">
<arg>${json_data['results'][0]['dob']['date']}</arg>
<arg>\\d{4}-\\d{2}-\\d{2}T\\d{2}:\\d{2}:\\d{2}\\.\\d{3}Z</arg>
<doc>Fails if ``string`` does not match ``pattern`` as a regular expression.</doc>
<status status="PASS" start="2024-06-21T07:14:39.002585" elapsed="0.000487"/>
</kw>
<kw name="Should Match Regexp" owner="BuiltIn">
<arg>${json_data['results'][0]['registered']['date']}</arg>
<arg>\\d{4}-\\d{2}-\\d{2}T\\d{2}:\\d{2}:\\d{2}\\.\\d{3}Z</arg>
<doc>Fails if ``string`` does not match ``pattern`` as a regular expression.</doc>
<status status="PASS" start="2024-06-21T07:14:39.003268" elapsed="0.000376"/>
</kw>
<kw name="Should Match Regexp" owner="BuiltIn">
<arg>${json_data['results'][0]['picture']['large']}</arg>
<arg>^https?://.*\.(?:png|jpe?g|gif|bmp)$</arg>
<doc>Fails if ``string`` does not match ``pattern`` as a regular expression.</doc>
<status status="PASS" start="2024-06-21T07:14:39.003829" elapsed="0.000458"/>
</kw>
<kw name="Should Match Regexp" owner="BuiltIn">
<arg>${json_data['results'][0]['picture']['medium']}</arg>
<arg>^https?://.*\.(?:png|jpe?g|gif|bmp)$</arg>
<doc>Fails if ``string`` does not match ``pattern`` as a regular expression.</doc>
<status status="PASS" start="2024-06-21T07:14:39.004473" elapsed="0.000351"/>
</kw>
<kw name="Should Match Regexp" owner="BuiltIn">
<arg>${json_data['results'][0]['picture']['thumbnail']}</arg>
<arg>^https?://.*\.(?:png|jpe?g|gif|bmp)$</arg>
<doc>Fails if ``string`` does not match ``pattern`` as a regular expression.</doc>
<status status="PASS" start="2024-06-21T07:14:39.005016" elapsed="0.000355"/>
</kw>
<kw name="Log" owner="BuiltIn">
<msg time="2024-06-21T07:14:39.005916" level="INFO">{'large': 'https://randomuser.me/api/portraits/men/55.jpg', 'medium': 'https://randomuser.me/api/portraits/med/men/55.jpg', 'thumbnail': 'https://randomuser.me/api/portraits/thumb/men/55.jpg'}</msg>
<arg>${json_data['results'][0]['picture']}</arg>
<doc>Logs the given message with the given level.</doc>
<status status="PASS" start="2024-06-21T07:14:39.005584" elapsed="0.000376"/>
</kw>
<status status="PASS" start="2024-06-21T07:14:38.910789" elapsed="0.095431"/>
</kw>
<kw name="Teste de Tipos de Dados - Postcode" owner="random-user-service">
<kw name="GET On Session" owner="RequestsLibrary">
<msg time="2024-06-21T07:14:39.098875" level="INFO">GET Request : url=https://randomuser.me/api 
 path_url=/api 
 headers={'User-Agent': 'python-requests/2.32.3', 'Accept-Encoding': 'gzip, deflate', 'Accept': '*/*', 'Connection': 'keep-alive'} 
 body=None 
 </msg>
<msg time="2024-06-21T07:14:39.098975" level="INFO">GET Response : url=https://randomuser.me/api 
 status=200, reason=OK 
 headers={'Date': 'Fri, 21 Jun 2024 07:14:39 GMT', 'Content-Type': 'application/json; charset=utf-8', 'Transfer-Encoding': 'chunked', 'Connection': 'keep-alive', 'X-Powered-By': 'Express', 'Access-Control-Allow-Origin': '*', 'Cache-Control': 'no-cache', 'ETag': 'W/"477-16bLDvRcZfWPMTjwymi4DFWZpDE"', 'Vary': 'Accept-Encoding', 'Content-Encoding': 'gzip', 'CF-Cache-Status': 'DYNAMIC', 'Report-To': '{"endpoints":[{"url":"https:\\/\\/a.nel.cloudflare.com\\/report\\/v4?s=E%2FGylWd%2FY5C9RP34Cg0RGKDgMNyQAhscF0WeavfHghvbeZu6P5YPDRs1nH3XoapCHNuLGp5sQCi5FtR3oggyAvzGgqgjDFZfQCM8w42RMPLhebkwA906v8%2BtlYbIENpJ"}],"group":"cf-nel","max_age":604800}', 'NEL': '{"success_fraction":0,"report_to":"cf-nel","max_age":604800}', 'Server': 'cloudflare', 'CF-RAY': '897233f1ddaa159e-SJC', 'alt-svc': 'h3=":443"; ma=86400'} 
 body={"results":[{"gender":"male","name":{"title":"Mr","first":"آریا","last":"حسینی"},"location":{"street":{"number":4351,"name":"رسالت"},"city":"کرمانشاه","state":"خراسان جنوبی","country":"Iran","postcode":37353,"coordinates":{"latitude":"16.0346","longitude":"-138.6115"},"timezone":{"offset":"-9:00","description":"Alaska"}},"email":"ary.hsyny@example.com","login":{"uuid":"21165e44-a866-4ce9-bd0d-9b5e4bf611cd","username":"angryswan651","password":"spikey","salt":"MIxBV4KU","md5":"83cb6804eed7be8ffa025c5916645033","sha1":"c0a3f97f3c011dd5e045785225d86be24beb6c14","sha256":"a7e9a843360f8fd4ab3b92bd555fbbe0acce3202eb8d435a7c306873ff52c44e"},"dob":{"date":"1986-08-01T12:50:43.654Z","age":37},"registered":{"date":"2008-11-16T03:18:04.130Z","age":15},"phone":"027-94007839","cell":"0940-170-7358","id":{"name":"","value":null},"picture":{"large":"https://randomuser.me/api/portraits/men/88.jpg","medium":"https://randomuser.me/api/portraits/med/men/88.jpg","thumbnail":"https://randomuser.me/api/portraits/thumb/men/88.jpg"},"nat":"IR"}],"info":{"seed":"ea9306e3dcaebfea","results":1,"page":1,"version":"1.4"}} 
 </msg>
<msg time="2024-06-21T07:14:39.099063" level="INFO">/opt/hostedtoolcache/Python/3.12.4/x64/lib/python3.12/site-packages/urllib3/connectionpool.py:1099: InsecureRequestWarning: Unverified HTTPS request is being made to host 'randomuser.me'. Adding certificate verification is strongly advised. See: https://urllib3.readthedocs.io/en/latest/advanced-usage.html#tls-warnings
  warnings.warn(</msg>
<msg time="2024-06-21T07:14:39.099196" level="INFO">${response} = &lt;Response [200]&gt;</msg>
<var>${response}</var>
<arg>consultarAPI</arg>
<arg>/api</arg>
<doc>Sends a GET request on a previously created HTTP Session.</doc>
<status status="PASS" start="2024-06-21T07:14:39.006672" elapsed="0.092567"/>
</kw>
<kw name="Set Variable" owner="BuiltIn">
<msg time="2024-06-21T07:14:39.100561" level="INFO">${json_data} = {'results': [{'gender': 'male', 'name': {'title': 'Mr', 'first': 'آریا', 'last': 'حسینی'}, 'location': {'street': {'number': 4351, 'name': 'رسالت'}, 'city': 'کرمانشاه', 'state': 'خراسان جنوبی', 'count...</msg>
<var>${json_data}</var>
<arg>${response.json()}</arg>
<doc>Returns the given values which can then be assigned to a variables.</doc>
<status status="PASS" start="2024-06-21T07:14:39.099932" elapsed="0.000663"/>
</kw>
<kw name="Log" owner="BuiltIn">
<msg time="2024-06-21T07:14:39.101114" level="INFO">{'results': [{'gender': 'male', 'name': {'title': 'Mr', 'first': 'آریا', 'last': 'حسینی'}, 'location': {'street': {'number': 4351, 'name': 'رسالت'}, 'city': 'کرمانشاه', 'state': 'خراسان جنوبی', 'country': 'Iran', 'postcode': 37353, 'coordinates': {'latitude': '16.0346', 'longitude': '-138.6115'}, 'timezone': {'offset': '-9:00', 'description': 'Alaska'}}, 'email': 'ary.hsyny@example.com', 'login': {'uuid': '21165e44-a866-4ce9-bd0d-9b5e4bf611cd', 'username': 'angryswan651', 'password': 'spikey', 'salt': 'MIxBV4KU', 'md5': '83cb6804eed7be8ffa025c5916645033', 'sha1': 'c0a3f97f3c011dd5e045785225d86be24beb6c14', 'sha256': 'a7e9a843360f8fd4ab3b92bd555fbbe0acce3202eb8d435a7c306873ff52c44e'}, 'dob': {'date': '1986-08-01T12:50:43.654Z', 'age': 37}, 'registered': {'date': '2008-11-16T03:18:04.130Z', 'age': 15}, 'phone': '027-94007839', 'cell': '0940-170-7358', 'id': {'name': '', 'value': None}, 'picture': {'large': 'https://randomuser.me/api/portraits/men/88.jpg', 'medium': 'https://randomuser.me/api/portraits/med/men/88.jpg', 'thumbnail': 'https://randomuser.me/api/portraits/thumb/men/88.jpg'}, 'nat': 'IR'}], 'info': {'seed': 'ea9306e3dcaebfea', 'results': 1, 'page': 1, 'version': '1.4'}}</msg>
<arg>${json_data}</arg>
<doc>Logs the given message with the given level.</doc>
<status status="PASS" start="2024-06-21T07:14:39.100941" elapsed="0.000225"/>
</kw>
<kw name="Should Be Equal As Numbers" owner="BuiltIn">
<arg>${json_data['results'][0]['location']['postcode']}</arg>
<arg>${json_data['results'][0]['location']['postcode']}</arg>
<doc>Fails if objects are unequal after converting them to real numbers.</doc>
<status status="PASS" start="2024-06-21T07:14:39.101524" elapsed="0.000643"/>
</kw>
<kw name="Log" owner="BuiltIn">
<msg time="2024-06-21T07:14:39.102883" level="INFO">37353</msg>
<arg>${json_data['results'][0]['location']['postcode']}</arg>
<doc>Logs the given message with the given level.</doc>
<status status="PASS" start="2024-06-21T07:14:39.102363" elapsed="0.000565"/>
</kw>
<status status="PASS" start="2024-06-21T07:14:39.006447" elapsed="0.096748"/>
</kw>
<doc>Testa se os tipos de dados na resposta da API estão corretos.</doc>
<tag>testeTiposDados</tag>
<status status="PASS" start="2024-06-21T07:14:38.910215" elapsed="0.193194"/>
</test>
<test id="s1-s1-t5" name="Validar conteudo" line="35">
<kw name="Teste de Tipos de Conteudo" owner="random-user-service">
<kw name="GET On Session" owner="RequestsLibrary">
<msg time="2024-06-21T07:14:39.197185" level="INFO">GET Request : url=https://randomuser.me/api 
 path_url=/api 
 headers={'User-Agent': 'python-requests/2.32.3', 'Accept-Encoding': 'gzip, deflate', 'Accept': '*/*', 'Connection': 'keep-alive'} 
 body=None 
 </msg>
<msg time="2024-06-21T07:14:39.197274" level="INFO">GET Response : url=https://randomuser.me/api 
 status=200, reason=OK 
 headers={'Date': 'Fri, 21 Jun 2024 07:14:39 GMT', 'Content-Type': 'application/json; charset=utf-8', 'Transfer-Encoding': 'chunked', 'Connection': 'keep-alive', 'X-Powered-By': 'Express', 'Access-Control-Allow-Origin': '*', 'Cache-Control': 'no-cache', 'ETag': 'W/"4ae-8o+RPdArqbtbMrm9MHS5kctSxQs"', 'Vary': 'Accept-Encoding', 'Content-Encoding': 'gzip', 'CF-Cache-Status': 'DYNAMIC', 'Report-To': '{"endpoints":[{"url":"https:\\/\\/a.nel.cloudflare.com\\/report\\/v4?s=YRTAJjC0IIvwcmkJCGBUU3BCd4EVwlmHDA1dZ5xFJFBtTmDnoB9fB3nA3SpHUMA%2BtEPPmbRH6yheGrLx4tmGaSMtGen88iTUBDdebmdAyvzpLap0JiQNqrivv2jlVp5r"}],"group":"cf-nel","max_age":604800}', 'NEL': '{"success_fraction":0,"report_to":"cf-nel","max_age":604800}', 'Server': 'cloudflare', 'CF-RAY': '897233f26e1a159e-SJC', 'alt-svc': 'h3=":443"; ma=86400'} 
 body={"results":[{"gender":"male","name":{"title":"Mr","first":"Jefferson","last":"Van Otterdijk"},"location":{"street":{"number":119,"name":"Aan de Kreppel"},"city":"Angeren","state":"Noord-Brabant","country":"Netherlands","postcode":"2179 PA","coordinates":{"latitude":"31.6436","longitude":"-28.7442"},"timezone":{"offset":"-4:00","description":"Atlantic Time (Canada), Caracas, La Paz"}},"email":"jefferson.vanotterdijk@example.com","login":{"uuid":"6d400094-7504-4e54-9e6f-88b8e50772d7","username":"greenwolf572","password":"swimming","salt":"Cucs4wr2","md5":"e43b17e8a4231943ce898276771e7760","sha1":"67821a6a719c54474324f7b0282d855907c32ecc","sha256":"e7c1062fbd2c41a363748cf574d67c28abb82598409da1040b405e8e96dcbaef"},"dob":{"date":"1975-05-26T00:30:26.765Z","age":49},"registered":{"date":"2016-03-10T21:38:02.082Z","age":8},"phone":"(083) 0441842","cell":"(06) 36287129","id":{"name":"BSN","value":"90607609"},"picture":{"large":"https://randomuser.me/api/portraits/men/53.jpg","medium":"https://randomuser.me/api/portraits/med/men/53.jpg","thumbnail":"https://randomuser.me/api/portraits/thumb/men/53.jpg"},"nat":"NL"}],"info":{"seed":"88eb9e32573151cf","results":1,"page":1,"version":"1.4"}} 
 </msg>
<msg time="2024-06-21T07:14:39.197347" level="INFO">/opt/hostedtoolcache/Python/3.12.4/x64/lib/python3.12/site-packages/urllib3/connectionpool.py:1099: InsecureRequestWarning: Unverified HTTPS request is being made to host 'randomuser.me'. Adding certificate verification is strongly advised. See: https://urllib3.readthedocs.io/en/latest/advanced-usage.html#tls-warnings
  warnings.warn(</msg>
<msg time="2024-06-21T07:14:39.197489" level="INFO">${response} = &lt;Response [200]&gt;</msg>
<var>${response}</var>
<arg>consultarAPI</arg>
<arg>/api</arg>
<doc>Sends a GET request on a previously created HTTP Session.</doc>
<status status="PASS" start="2024-06-21T07:14:39.105991" elapsed="0.091539"/>
</kw>
<kw name="Set Variable" owner="BuiltIn">
<msg time="2024-06-21T07:14:39.198754" level="INFO">${json_data} = {'results': [{'gender': 'male', 'name': {'title': 'Mr', 'first': 'Jefferson', 'last': 'Van Otterdijk'}, 'location': {'street': {'number': 119, 'name': 'Aan de Kreppel'}, 'city': 'Angeren', 'state': 'N...</msg>
<var>${json_data}</var>
<arg>${response.json()}</arg>
<doc>Returns the given values which can then be assigned to a variables.</doc>
<status status="PASS" start="2024-06-21T07:14:39.198171" elapsed="0.000614"/>
</kw>
<kw name="Set Variable" owner="BuiltIn">
<msg time="2024-06-21T07:14:39.199515" level="INFO">${name_title} = Mr</msg>
<var>${name_title}</var>
<arg>${json_data["results"][0]["name"]["title"]}</arg>
<doc>Returns the given values which can then be assigned to a variables.</doc>
<status status="PASS" start="2024-06-21T07:14:39.199117" elapsed="0.000425"/>
</kw>
<kw name="Create List" owner="BuiltIn">
<msg time="2024-06-21T07:14:39.200002" level="INFO">${allowed_titles} = ['Mr', 'Ms', 'Miss', 'Mrs', 'Madame', 'Monsieur']</msg>
<var>${allowed_titles}</var>
<arg>Mr</arg>
<arg>Ms</arg>
<arg>Miss</arg>
<arg>Mrs</arg>
<arg>Madame</arg>
<arg>Monsieur</arg>
<doc>Returns a list containing given items.</doc>
<status status="PASS" start="2024-06-21T07:14:39.199847" elapsed="0.000180"/>
</kw>
<kw name="List Should Contain Value" owner="Collections">
<arg>${allowed_titles}</arg>
<arg>${name_title}</arg>
<doc>Fails if the ``value`` is not found from ``list``.</doc>
<status status="PASS" start="2024-06-21T07:14:39.200344" elapsed="0.000180"/>
</kw>
<kw name="Set Variable" owner="BuiltIn">
<msg time="2024-06-21T07:14:39.201079" level="INFO">${name_country} = NL</msg>
<var>${name_country}</var>
<arg>${json_data["results"][0]["nat"]}</arg>
<doc>Returns the given values which can then be assigned to a variables.</doc>
<status status="PASS" start="2024-06-21T07:14:39.200706" elapsed="0.000398"/>
</kw>
<kw name="Create List" owner="BuiltIn">
<msg time="2024-06-21T07:14:39.202028" level="INFO">${list_country} = ['AD', 'AE', 'AF', 'AG', 'AI', 'AL', 'AM', 'AO', 'AQ', 'AR', 'AS', 'AT', 'AU', 'AW', 'AX', 'AZ', 'BA', 'BB', 'BD', 'BE', 'BF', 'BG', 'BH', 'BI', 'BJ', 'BL', 'BM', 'BN', 'BO', 'BQ', 'BR', 'BS', 'BT', '...</msg>
<var>${list_country}</var>
<arg>AD</arg>
<arg>AE</arg>
<arg>AF</arg>
<arg>AG</arg>
<arg>AI</arg>
<arg>AL</arg>
<arg>AM</arg>
<arg>AO</arg>
<arg>AQ</arg>
<arg>AR</arg>
<arg>AS</arg>
<arg>AT</arg>
<arg>AU</arg>
<arg>AW</arg>
<arg>AX</arg>
<arg>AZ</arg>
<arg>BA</arg>
<arg>BB</arg>
<arg>BD</arg>
<arg>BE</arg>
<arg>BF</arg>
<arg>BG</arg>
<arg>BH</arg>
<arg>BI</arg>
<arg>BJ</arg>
<arg>BL</arg>
<arg>BM</arg>
<arg>BN</arg>
<arg>BO</arg>
<arg>BQ</arg>
<arg>BR</arg>
<arg>BS</arg>
<arg>BT</arg>
<arg>BV</arg>
<arg>BW</arg>
<arg>BY</arg>
<arg>BZ</arg>
<arg>CA</arg>
<arg>CC</arg>
<arg>CD</arg>
<arg>CF</arg>
<arg>CG</arg>
<arg>CH</arg>
<arg>CI</arg>
<arg>CK</arg>
<arg>CL</arg>
<arg>CM</arg>
<arg>CN</arg>
<arg>CO</arg>
<arg>CR</arg>
<arg>CU</arg>
<arg>CV</arg>
<arg>CW</arg>
<arg>CX</arg>
<arg>CY</arg>
<arg>CZ</arg>
<arg>DE</arg>
<arg>DJ</arg>
<arg>DK</arg>
<arg>DM</arg>
<arg>DO</arg>
<arg>DZ</arg>
<arg>EC</arg>
<arg>EE</arg>
<arg>EG</arg>
<arg>EH</arg>
<arg>ER</arg>
<arg>ES</arg>
<arg>ET</arg>
<arg>FI</arg>
<arg>FJ</arg>
<arg>FK</arg>
<arg>FM</arg>
<arg>FO</arg>
<arg>FR</arg>
<arg>GA</arg>
<arg>GB</arg>
<arg>GD</arg>
<arg>GE</arg>
<arg>GF</arg>
<arg>GG</arg>
<arg>GH</arg>
<arg>GI</arg>
<arg>GL</arg>
<arg>GM</arg>
<arg>GN</arg>
<arg>GP</arg>
<arg>GQ</arg>
<arg>GR</arg>
<arg>GS</arg>
<arg>GT</arg>
<arg>GU</arg>
<arg>GW</arg>
<arg>GY</arg>
<arg>HK</arg>
<arg>HM</arg>
<arg>HN</arg>
<arg>HR</arg>
<arg>HT</arg>
<arg>HU</arg>
<arg>ID</arg>
<arg>IE</arg>
<arg>IL</arg>
<arg>IM</arg>
<arg>IN</arg>
<arg>IO</arg>
<arg>IQ</arg>
<arg>IR</arg>
<arg>IS</arg>
<arg>IT</arg>
<arg>JE</arg>
<arg>JM</arg>
<arg>JO</arg>
<arg>JP</arg>
<arg>KE</arg>
<arg>KG</arg>
<arg>KH</arg>
<arg>KI</arg>
<arg>KM</arg>
<arg>KN</arg>
<arg>KP</arg>
<arg>KR</arg>
<arg>KW</arg>
<arg>KY</arg>
<arg>KZ</arg>
<arg>LA</arg>
<arg>LB</arg>
<arg>LC</arg>
<arg>LI</arg>
<arg>LK</arg>
<arg>LR</arg>
<arg>LS</arg>
<arg>LT</arg>
<arg>LU</arg>
<arg>LV</arg>
<arg>LY</arg>
<arg>MA</arg>
<arg>MC</arg>
<arg>MD</arg>
<arg>ME</arg>
<arg>MF</arg>
<arg>MG</arg>
<arg>MH</arg>
<arg>MK</arg>
<arg>ML</arg>
<arg>MM</arg>
<arg>MN</arg>
<arg>MO</arg>
<arg>MP</arg>
<arg>MQ</arg>
<arg>MR</arg>
<arg>MS</arg>
<arg>MT</arg>
<arg>MU</arg>
<arg>MV</arg>
<arg>MW</arg>
<arg>MX</arg>
<arg>MY</arg>
<arg>MZ</arg>
<arg>NA</arg>
<arg>NC</arg>
<arg>NE</arg>
<arg>NF</arg>
<arg>NG</arg>
<arg>NI</arg>
<arg>NL</arg>
<arg>NO</arg>
<arg>NP</arg>
<arg>NR</arg>
<arg>NU</arg>
<arg>NZ</arg>
<arg>OM</arg>
<arg>PA</arg>
<arg>PE</arg>
<arg>PF</arg>
<arg>PG</arg>
<arg>PH</arg>
<arg>PK</arg>
<arg>PL</arg>
<arg>PM</arg>
<arg>PN</arg>
<arg>PR</arg>
<arg>PS</arg>
<arg>PT</arg>
<arg>PW</arg>
<arg>PY</arg>
<arg>QA</arg>
<arg>RE</arg>
<arg>RO</arg>
<arg>RS</arg>
<arg>RU</arg>
<arg>RW</arg>
<arg>SA</arg>
<arg>SB</arg>
<arg>SC</arg>
<arg>SD</arg>
<arg>SE</arg>
<arg>SG</arg>
<arg>SH</arg>
<arg>SI</arg>
<arg>SJ</arg>
<arg>SK</arg>
<arg>SL</arg>
<arg>SM</arg>
<arg>SN</arg>
<arg>SO</arg>
<arg>SR</arg>
<arg>SS</arg>
<arg>ST</arg>
<arg>SV</arg>
<arg>SX</arg>
<arg>SY</arg>
<arg>SZ</arg>
<arg>TC</arg>
<arg>TD</arg>
<arg>TF</arg>
<arg>TG</arg>
<arg>TH</arg>
<arg>TJ</arg>
<arg>TK</arg>
<arg>TL</arg>
<arg>TM</arg>
<arg>TN</arg>
<arg>TO</arg>
<arg>TR</arg>
<arg>TT</arg>
<arg>TV</arg>
<arg>TW</arg>
<arg>TZ</arg>
<arg>UA</arg>
<arg>UG</arg>
<arg>UM</arg>
<arg>US</arg>
<arg>UY</arg>
<arg>UZ</arg>
<arg>VA</arg>
<arg>VC</arg>
<arg>VE</arg>
<arg>VG</arg>
<arg>VI</arg>
<arg>VN</arg>
<arg>VU</arg>
<arg>WF</arg>
<arg>WS</arg>
<arg>XK</arg>
<arg>YE</arg>
<arg>YT</arg>
<arg>ZA</arg>
<arg>ZM</arg>
<arg>ZW</arg>
<doc>Returns a list containing given items.</doc>
<status status="PASS" start="2024-06-21T07:14:39.201424" elapsed="0.000629"/>
</kw>
<kw name="List Should Contain Value" owner="Collections">
<arg>${list_country}</arg>
<arg>${name_country}</arg>
<doc>Fails if the ``value`` is not found from ``list``.</doc>
<status status="PASS" start="2024-06-21T07:14:39.202856" elapsed="0.000212"/>
</kw>
<kw name="Run Keyword If" owner="BuiltIn">
<kw name="Should Be True" owner="BuiltIn">
<arg>${True}</arg>
<doc>Fails if the given condition is not true.</doc>
<status status="PASS" start="2024-06-21T07:14:39.204012" elapsed="0.000144"/>
</kw>
<arg>${json_data["results"][0]["location"]["coordinates"]["latitude"]} &gt;= -90 and ${json_data["results"][0]["location"]["coordinates"]["latitude"]} &lt;= 90</arg>
<arg>Should Be True</arg>
<arg>${True}</arg>
<doc>Runs the given keyword with the given arguments, if ``condition`` is true.</doc>
<status status="PASS" start="2024-06-21T07:14:39.203271" elapsed="0.001008"/>
</kw>
<kw name="Run Keyword If" owner="BuiltIn">
<kw name="Should Be True" owner="BuiltIn">
<arg>${True}</arg>
<doc>Fails if the given condition is not true.</doc>
<status status="PASS" start="2024-06-21T07:14:39.205145" elapsed="0.000274"/>
</kw>
<arg>${json_data["results"][0]["location"]["coordinates"]["longitude"]} &gt;= -180 and ${json_data["results"][0]["location"]["coordinates"]["longitude"]} &lt;= 180</arg>
<arg>Should Be True</arg>
<arg>${True}</arg>
<doc>Runs the given keyword with the given arguments, if ``condition`` is true.</doc>
<status status="PASS" start="2024-06-21T07:14:39.204457" elapsed="0.001099"/>
</kw>
<status status="PASS" start="2024-06-21T07:14:39.105759" elapsed="0.099932"/>
</kw>
<doc>Testa o conteúdo específico dos campos retornados pela API.</doc>
<tag>testeConteudo</tag>
<status status="PASS" start="2024-06-21T07:14:39.105185" elapsed="0.100656"/>
</test>
<status status="PASS" start="2024-06-21T07:14:38.114563" elapsed="1.093277"/>
</suite>
<status status="PASS" start="2024-06-21T07:14:38.100126" elapsed="1.112932"/>
</suite>
<statistics>
<total>
<stat pass="5" fail="0" skip="0">All Tests</stat>
</total>
<tag>
<stat pass="1" fail="0" skip="0">testeConteudo</stat>
<stat pass="1" fail="0" skip="0">testeEstruturaResposta</stat>
<stat pass="1" fail="0" skip="0">testeRequisicaoBasica</stat>
<stat pass="1" fail="0" skip="0">testeTiposDados</stat>
</tag>
<suite>
<stat pass="5" fail="0" skip="0" id="s1" name="Tests">Tests</stat>
<stat pass="5" fail="0" skip="0" id="s1-s1" name="Random-User-Test">Tests.Random-User-Test</stat>
</suite>
</statistics>
<errors>
</errors>
</robot>
