<?xml version="1.0" encoding="UTF-8"?>
<robot generator="Robot 7.0.1 (Python 3.12.4 on linux)" generated="2024-08-07T06:21:50.363001" rpa="false" schemaversion="5">
<suite id="s1" name="Tests" source="/home/runner/work/ApiRandomUser/ApiRandomUser/RamdonUser/tests">
<suite id="s1-s1" name="Random-User-Test" source="/home/runner/work/ApiRandomUser/ApiRandomUser/RamdonUser/tests/random-user-test.robot">
<test id="s1-s1-t1" name="Conectar" line="13">
<kw name="Conectar API" owner="random-user-service">
<kw name="Create Session" owner="RequestsLibrary">
<msg time="2024-08-07T06:21:50.773950" level="INFO">Creating Session using : alias=consultarAPI, url=https://randomuser.me/, headers={},                     cookies={}, auth=None, timeout=None, proxies=None, verify=False,                     debug=0 </msg>
<arg>consultarAPI</arg>
<arg>${URL}</arg>
<doc>Create Session: create a HTTP session to a server</doc>
<status status="PASS" start="2024-08-07T06:21:50.773752" elapsed="0.000385"/>
</kw>
<status status="PASS" start="2024-08-07T06:21:50.772686" elapsed="0.001818"/>
</kw>
<status status="PASS" start="2024-08-07T06:21:50.772043" elapsed="0.002655"/>
</test>
<test id="s1-s1-t2" name="Validar retorno 200 e JSON Válido" line="16">
<kw name="Teste de Requisicao Basica" owner="random-user-service">
<kw name="GET On Session" owner="RequestsLibrary">
<msg time="2024-08-07T06:21:51.073466" level="INFO">GET Request : url=https://randomuser.me/api 
 path_url=/api 
 headers={'User-Agent': 'python-requests/2.32.3', 'Accept-Encoding': 'gzip, deflate', 'Accept': '*/*', 'Connection': 'keep-alive'} 
 body=None 
 </msg>
<msg time="2024-08-07T06:21:51.073649" level="INFO">GET Response : url=https://randomuser.me/api 
 status=200, reason=OK 
 headers={'Date': 'Wed, 07 Aug 2024 06:21:51 GMT', 'Content-Type': 'application/json; charset=utf-8', 'Transfer-Encoding': 'chunked', 'Connection': 'keep-alive', 'X-Powered-By': 'Express', 'Access-Control-Allow-Origin': '*', 'Cache-Control': 'no-cache', 'ETag': 'W/"497-ej+ljYo1EoxyH8gj9jFRzfkUwXI"', 'Vary': 'Accept-Encoding', 'Content-Encoding': 'gzip', 'CF-Cache-Status': 'DYNAMIC', 'Report-To': '{"endpoints":[{"url":"https:\\/\\/a.nel.cloudflare.com\\/report\\/v4?s=zl6yJhL6JwGt%2F6PWJCEdgBKajBrF1mybasFeJnc7U9JLk1wCkfHXfqXeQ5KHC8X3a4mu7k03VxjmWcq3LXw%2BVBu%2BKhY9fcCiHA%2Fz5QBgrubQAwhyaREMog1v53pYiS3B"}],"group":"cf-nel","max_age":604800}', 'NEL': '{"success_fraction":0,"report_to":"cf-nel","max_age":604800}', 'Server': 'cloudflare', 'CF-RAY': '8af52b398c440fb6-LAX', 'alt-svc': 'h3=":443"; ma=86400'} 
 body={"results":[{"gender":"female","name":{"title":"Ms","first":"Noémie","last":"Lavigne"},"location":{"street":{"number":7248,"name":"Pine Rd"},"city":"Hampstead","state":"Nova Scotia","country":"Canada","postcode":"Z7I 8G5","coordinates":{"latitude":"-67.4871","longitude":"21.7546"},"timezone":{"offset":"+10:00","description":"Eastern Australia, Guam, Vladivostok"}},"email":"noemie.lavigne@example.com","login":{"uuid":"d8efbb68-6f1c-4f9c-9482-ec045359780f","username":"bluetiger806","password":"kungfu","salt":"0eX0JWJq","md5":"74df79cd40cc35811f0f60bfb509d310","sha1":"762db20b12eb29b607af718be66809faf72b1a27","sha256":"fddc3f87728c6ff77a2a4e8a59f4741ba25694c1fafd2cecbf9ff58cb8a7cafb"},"dob":{"date":"1946-01-16T21:55:14.715Z","age":78},"registered":{"date":"2008-06-18T00:32:30.102Z","age":16},"phone":"F35 L50-9088","cell":"Y39 Q22-6588","id":{"name":"SIN","value":"303999577"},"picture":{"large":"https://randomuser.me/api/portraits/women/33.jpg","medium":"https://randomuser.me/api/portraits/med/women/33.jpg","thumbnail":"https://randomuser.me/api/portraits/thumb/women/33.jpg"},"nat":"CA"}],"info":{"seed":"e692e0ed843fd1d8","results":1,"page":1,"version":"1.4"}} 
 </msg>
<msg time="2024-08-07T06:21:51.073736" level="INFO">/opt/hostedtoolcache/Python/3.12.4/x64/lib/python3.12/site-packages/urllib3/connectionpool.py:1099: InsecureRequestWarning: Unverified HTTPS request is being made to host 'randomuser.me'. Adding certificate verification is strongly advised. See: https://urllib3.readthedocs.io/en/latest/advanced-usage.html#tls-warnings
  warnings.warn(</msg>
<msg time="2024-08-07T06:21:51.073903" level="INFO">${response} = &lt;Response [200]&gt;</msg>
<var>${response}</var>
<arg>consultarAPI</arg>
<arg>/api</arg>
<doc>Sends a GET request on a previously created HTTP Session.</doc>
<status status="PASS" start="2024-08-07T06:21:50.777397" elapsed="0.296551"/>
</kw>
<kw name="Should Be Equal As Numbers" owner="BuiltIn">
<msg time="2024-08-07T06:21:51.075012" level="INFO">Argument types are:
&lt;class 'int'&gt;
&lt;class 'str'&gt;</msg>
<arg>${response.status_code}</arg>
<arg>200</arg>
<doc>Fails if objects are unequal after converting them to real numbers.</doc>
<status status="PASS" start="2024-08-07T06:21:51.074547" elapsed="0.000533"/>
</kw>
<kw name="Log" owner="BuiltIn">
<msg time="2024-08-07T06:21:51.075801" level="INFO">200</msg>
<arg>${response.status_code}</arg>
<doc>Logs the given message with the given level.</doc>
<status status="PASS" start="2024-08-07T06:21:51.075451" elapsed="0.000393"/>
</kw>
<kw name="Set Variable" owner="BuiltIn">
<msg time="2024-08-07T06:21:51.076601" level="INFO">${json_data} = {'results': [{'gender': 'female', 'name': {'title': 'Ms', 'first': 'Noémie', 'last': 'Lavigne'}, 'location': {'street': {'number': 7248, 'name': 'Pine Rd'}, 'city': 'Hampstead', 'state': 'Nova Scotia'...</msg>
<var>${json_data}</var>
<arg>${response.json()}</arg>
<doc>Returns the given values which can then be assigned to a variables.</doc>
<status status="PASS" start="2024-08-07T06:21:51.076152" elapsed="0.000478"/>
</kw>
<kw name="Dictionary Should Contain Key" owner="Collections">
<arg>${json_data}</arg>
<arg>results</arg>
<doc>Fails if ``key`` is not found from ``dictionary``.</doc>
<status status="PASS" start="2024-08-07T06:21:51.076936" elapsed="0.000347"/>
</kw>
<status status="PASS" start="2024-08-07T06:21:50.777149" elapsed="0.300292"/>
</kw>
<doc>Testa se a API responde corretamente e retorna um objeto JSON válido.</doc>
<tag>testeRequisicaoBasica</tag>
<status status="PASS" start="2024-08-07T06:21:50.776632" elapsed="0.300985"/>
</test>
<test id="s1-s1-t3" name="Validar estrutura de resposta" line="22">
<kw name="Teste de Estrutura de Resposta" owner="random-user-service">
<kw name="GET On Session" owner="RequestsLibrary">
<msg time="2024-08-07T06:21:51.243333" level="INFO">GET Request : url=https://randomuser.me/api 
 path_url=/api 
 headers={'User-Agent': 'python-requests/2.32.3', 'Accept-Encoding': 'gzip, deflate', 'Accept': '*/*', 'Connection': 'keep-alive'} 
 body=None 
 </msg>
<msg time="2024-08-07T06:21:51.243434" level="INFO">GET Response : url=https://randomuser.me/api 
 status=200, reason=OK 
 headers={'Date': 'Wed, 07 Aug 2024 06:21:51 GMT', 'Content-Type': 'application/json; charset=utf-8', 'Transfer-Encoding': 'chunked', 'Connection': 'keep-alive', 'X-Powered-By': 'Express', 'Access-Control-Allow-Origin': '*', 'Cache-Control': 'no-cache', 'ETag': 'W/"48e-1dX/Ka3D9lc0yQYuF+mzeI9X7zQ"', 'Vary': 'Accept-Encoding', 'Content-Encoding': 'gzip', 'CF-Cache-Status': 'DYNAMIC', 'Report-To': '{"endpoints":[{"url":"https:\\/\\/a.nel.cloudflare.com\\/report\\/v4?s=KDO4sG0lLc%2F4xw9AYjNL8zDpoGUD1GMA%2Bg%2F%2BT27euExIxmr9BjIPfidrsX9vErp%2BW9s%2Bj41gZHD3qiuISr0h6lk0ddQU2J7h%2B6wuEfpVXJrjknOCadwtbJ3CXXXS%2BdXF"}],"group":"cf-nel","max_age":604800}', 'NEL': '{"success_fraction":0,"report_to":"cf-nel","max_age":604800}', 'Server': 'cloudflare', 'CF-RAY': '8af52b3a4d6d0fb6-LAX', 'alt-svc': 'h3=":443"; ma=86400'} 
 body={"results":[{"gender":"male","name":{"title":"Mr","first":"Predislav","last":"Pigulyak"},"location":{"street":{"number":8802,"name":"Peredova"},"city":"Sosnivka","state":"Chernivecka","country":"Ukraine","postcode":27098,"coordinates":{"latitude":"75.3734","longitude":"-48.1030"},"timezone":{"offset":"-5:00","description":"Eastern Time (US &amp; Canada), Bogota, Lima"}},"email":"predislav.pigulyak@example.com","login":{"uuid":"aa4eadf3-6798-482d-b992-a7d9f9292923","username":"purplecat696","password":"mindy","salt":"xCJHFhY0","md5":"95415ed7f34030332f492571e0ef04f5","sha1":"ae535650599a0df5943e63916f219cec01ef4dc4","sha256":"927011a8d012895d0f86a4ebc45413464a2836bfada2ee55eee6690ad44ed4e1"},"dob":{"date":"1970-09-30T02:44:24.231Z","age":53},"registered":{"date":"2019-04-12T13:24:01.016Z","age":5},"phone":"(099) O16-1512","cell":"(096) C53-1312","id":{"name":"","value":null},"picture":{"large":"https://randomuser.me/api/portraits/men/60.jpg","medium":"https://randomuser.me/api/portraits/med/men/60.jpg","thumbnail":"https://randomuser.me/api/portraits/thumb/men/60.jpg"},"nat":"UA"}],"info":{"seed":"25d9541715d2f93d","results":1,"page":1,"version":"1.4"}} 
 </msg>
<msg time="2024-08-07T06:21:51.243566" level="INFO">/opt/hostedtoolcache/Python/3.12.4/x64/lib/python3.12/site-packages/urllib3/connectionpool.py:1099: InsecureRequestWarning: Unverified HTTPS request is being made to host 'randomuser.me'. Adding certificate verification is strongly advised. See: https://urllib3.readthedocs.io/en/latest/advanced-usage.html#tls-warnings
  warnings.warn(</msg>
<msg time="2024-08-07T06:21:51.243686" level="INFO">${response} = &lt;Response [200]&gt;</msg>
<var>${response}</var>
<arg>consultarAPI</arg>
<arg>/api</arg>
<doc>Sends a GET request on a previously created HTTP Session.</doc>
<status status="PASS" start="2024-08-07T06:21:51.081026" elapsed="0.162698"/>
</kw>
<kw name="Set Variable" owner="BuiltIn">
<msg time="2024-08-07T06:21:51.244738" level="INFO">${json_data} = {'results': [{'gender': 'male', 'name': {'title': 'Mr', 'first': 'Predislav', 'last': 'Pigulyak'}, 'location': {'street': {'number': 8802, 'name': 'Peredova'}, 'city': 'Sosnivka', 'state': 'Cherniveck...</msg>
<var>${json_data}</var>
<arg>${response.json()}</arg>
<doc>Returns the given values which can then be assigned to a variables.</doc>
<status status="PASS" start="2024-08-07T06:21:51.244226" elapsed="0.000541"/>
</kw>
<kw name="Log" owner="BuiltIn">
<msg time="2024-08-07T06:21:51.245226" level="INFO">{'results': [{'gender': 'male', 'name': {'title': 'Mr', 'first': 'Predislav', 'last': 'Pigulyak'}, 'location': {'street': {'number': 8802, 'name': 'Peredova'}, 'city': 'Sosnivka', 'state': 'Chernivecka', 'country': 'Ukraine', 'postcode': 27098, 'coordinates': {'latitude': '75.3734', 'longitude': '-48.1030'}, 'timezone': {'offset': '-5:00', 'description': 'Eastern Time (US &amp; Canada), Bogota, Lima'}}, 'email': 'predislav.pigulyak@example.com', 'login': {'uuid': 'aa4eadf3-6798-482d-b992-a7d9f9292923', 'username': 'purplecat696', 'password': 'mindy', 'salt': 'xCJHFhY0', 'md5': '95415ed7f34030332f492571e0ef04f5', 'sha1': 'ae535650599a0df5943e63916f219cec01ef4dc4', 'sha256': '927011a8d012895d0f86a4ebc45413464a2836bfada2ee55eee6690ad44ed4e1'}, 'dob': {'date': '1970-09-30T02:44:24.231Z', 'age': 53}, 'registered': {'date': '2019-04-12T13:24:01.016Z', 'age': 5}, 'phone': '(099) O16-1512', 'cell': '(096) C53-1312', 'id': {'name': '', 'value': None}, 'picture': {'large': 'https://randomuser.me/api/portraits/men/60.jpg', 'medium': 'https://randomuser.me/api/portraits/med/men/60.jpg', 'thumbnail': 'https://randomuser.me/api/portraits/thumb/men/60.jpg'}, 'nat': 'UA'}], 'info': {'seed': '25d9541715d2f93d', 'results': 1, 'page': 1, 'version': '1.4'}}</msg>
<arg>${json_data}</arg>
<doc>Logs the given message with the given level.</doc>
<status status="PASS" start="2024-08-07T06:21:51.245068" elapsed="0.000207"/>
</kw>
<kw name="Dictionary Should Contain Key" owner="Collections">
<arg>${json_data}</arg>
<arg>results</arg>
<doc>Fails if ``key`` is not found from ``dictionary``.</doc>
<status status="PASS" start="2024-08-07T06:21:51.245565" elapsed="0.000164"/>
</kw>
<kw name="Should Not Be Empty" owner="BuiltIn">
<msg time="2024-08-07T06:21:51.246036" level="INFO">Length is 2.</msg>
<arg>${json_data}</arg>
<doc>Verifies that the given item is not empty.</doc>
<status status="PASS" start="2024-08-07T06:21:51.245909" elapsed="0.000164"/>
</kw>
<kw name="Create List" owner="BuiltIn">
<msg time="2024-08-07T06:21:51.246513" level="INFO">${expected_keys} = ['gender', 'name', 'location', 'email', 'login']</msg>
<var>${expected_keys}</var>
<arg>gender</arg>
<arg>name</arg>
<arg>location</arg>
<arg>email</arg>
<arg>login</arg>
<doc>Returns a list containing given items.</doc>
<status status="PASS" start="2024-08-07T06:21:51.246360" elapsed="0.000177"/>
</kw>
<for flavor="IN">
<iter>
<kw name="Dictionary Should Contain Key" owner="Collections">
<arg>${json_data['results'][0]}</arg>
<arg>${key}</arg>
<doc>Fails if ``key`` is not found from ``dictionary``.</doc>
<status status="PASS" start="2024-08-07T06:21:51.247104" elapsed="0.000432"/>
</kw>
<kw name="Log" owner="BuiltIn">
<msg time="2024-08-07T06:21:51.248081" level="INFO">{'gender': 'male', 'name': {'title': 'Mr', 'first': 'Predislav', 'last': 'Pigulyak'}, 'location': {'street': {'number': 8802, 'name': 'Peredova'}, 'city': 'Sosnivka', 'state': 'Chernivecka', 'country': 'Ukraine', 'postcode': 27098, 'coordinates': {'latitude': '75.3734', 'longitude': '-48.1030'}, 'timezone': {'offset': '-5:00', 'description': 'Eastern Time (US &amp; Canada), Bogota, Lima'}}, 'email': 'predislav.pigulyak@example.com', 'login': {'uuid': 'aa4eadf3-6798-482d-b992-a7d9f9292923', 'username': 'purplecat696', 'password': 'mindy', 'salt': 'xCJHFhY0', 'md5': '95415ed7f34030332f492571e0ef04f5', 'sha1': 'ae535650599a0df5943e63916f219cec01ef4dc4', 'sha256': '927011a8d012895d0f86a4ebc45413464a2836bfada2ee55eee6690ad44ed4e1'}, 'dob': {'date': '1970-09-30T02:44:24.231Z', 'age': 53}, 'registered': {'date': '2019-04-12T13:24:01.016Z', 'age': 5}, 'phone': '(099) O16-1512', 'cell': '(096) C53-1312', 'id': {'name': '', 'value': None}, 'picture': {'large': 'https://randomuser.me/api/portraits/men/60.jpg', 'medium': 'https://randomuser.me/api/portraits/med/men/60.jpg', 'thumbnail': 'https://randomuser.me/api/portraits/thumb/men/60.jpg'}, 'nat': 'UA'}</msg>
<arg>${json_data['results'][0]}</arg>
<doc>Logs the given message with the given level.</doc>
<status status="PASS" start="2024-08-07T06:21:51.247727" elapsed="0.000412"/>
</kw>
<kw name="Log" owner="BuiltIn">
<msg time="2024-08-07T06:21:51.248562" level="INFO">gender</msg>
<arg>${key}</arg>
<doc>Logs the given message with the given level.</doc>
<status status="PASS" start="2024-08-07T06:21:51.248433" elapsed="0.000167"/>
</kw>
<var name="${key}">gender</var>
<status status="PASS" start="2024-08-07T06:21:51.246982" elapsed="0.001833"/>
</iter>
<iter>
<kw name="Dictionary Should Contain Key" owner="Collections">
<arg>${json_data['results'][0]}</arg>
<arg>${key}</arg>
<doc>Fails if ``key`` is not found from ``dictionary``.</doc>
<status status="PASS" start="2024-08-07T06:21:51.249111" elapsed="0.000381"/>
</kw>
<kw name="Log" owner="BuiltIn">
<msg time="2024-08-07T06:21:51.250033" level="INFO">{'gender': 'male', 'name': {'title': 'Mr', 'first': 'Predislav', 'last': 'Pigulyak'}, 'location': {'street': {'number': 8802, 'name': 'Peredova'}, 'city': 'Sosnivka', 'state': 'Chernivecka', 'country': 'Ukraine', 'postcode': 27098, 'coordinates': {'latitude': '75.3734', 'longitude': '-48.1030'}, 'timezone': {'offset': '-5:00', 'description': 'Eastern Time (US &amp; Canada), Bogota, Lima'}}, 'email': 'predislav.pigulyak@example.com', 'login': {'uuid': 'aa4eadf3-6798-482d-b992-a7d9f9292923', 'username': 'purplecat696', 'password': 'mindy', 'salt': 'xCJHFhY0', 'md5': '95415ed7f34030332f492571e0ef04f5', 'sha1': 'ae535650599a0df5943e63916f219cec01ef4dc4', 'sha256': '927011a8d012895d0f86a4ebc45413464a2836bfada2ee55eee6690ad44ed4e1'}, 'dob': {'date': '1970-09-30T02:44:24.231Z', 'age': 53}, 'registered': {'date': '2019-04-12T13:24:01.016Z', 'age': 5}, 'phone': '(099) O16-1512', 'cell': '(096) C53-1312', 'id': {'name': '', 'value': None}, 'picture': {'large': 'https://randomuser.me/api/portraits/men/60.jpg', 'medium': 'https://randomuser.me/api/portraits/med/men/60.jpg', 'thumbnail': 'https://randomuser.me/api/portraits/thumb/men/60.jpg'}, 'nat': 'UA'}</msg>
<arg>${json_data['results'][0]}</arg>
<doc>Logs the given message with the given level.</doc>
<status status="PASS" start="2024-08-07T06:21:51.249676" elapsed="0.000438"/>
</kw>
<kw name="Log" owner="BuiltIn">
<msg time="2024-08-07T06:21:51.250538" level="INFO">name</msg>
<arg>${key}</arg>
<doc>Logs the given message with the given level.</doc>
<status status="PASS" start="2024-08-07T06:21:51.250409" elapsed="0.000166"/>
</kw>
<var name="${key}">name</var>
<status status="PASS" start="2024-08-07T06:21:51.248996" elapsed="0.001792"/>
</iter>
<iter>
<kw name="Dictionary Should Contain Key" owner="Collections">
<arg>${json_data['results'][0]}</arg>
<arg>${key}</arg>
<doc>Fails if ``key`` is not found from ``dictionary``.</doc>
<status status="PASS" start="2024-08-07T06:21:51.251070" elapsed="0.000404"/>
</kw>
<kw name="Log" owner="BuiltIn">
<msg time="2024-08-07T06:21:51.252012" level="INFO">{'gender': 'male', 'name': {'title': 'Mr', 'first': 'Predislav', 'last': 'Pigulyak'}, 'location': {'street': {'number': 8802, 'name': 'Peredova'}, 'city': 'Sosnivka', 'state': 'Chernivecka', 'country': 'Ukraine', 'postcode': 27098, 'coordinates': {'latitude': '75.3734', 'longitude': '-48.1030'}, 'timezone': {'offset': '-5:00', 'description': 'Eastern Time (US &amp; Canada), Bogota, Lima'}}, 'email': 'predislav.pigulyak@example.com', 'login': {'uuid': 'aa4eadf3-6798-482d-b992-a7d9f9292923', 'username': 'purplecat696', 'password': 'mindy', 'salt': 'xCJHFhY0', 'md5': '95415ed7f34030332f492571e0ef04f5', 'sha1': 'ae535650599a0df5943e63916f219cec01ef4dc4', 'sha256': '927011a8d012895d0f86a4ebc45413464a2836bfada2ee55eee6690ad44ed4e1'}, 'dob': {'date': '1970-09-30T02:44:24.231Z', 'age': 53}, 'registered': {'date': '2019-04-12T13:24:01.016Z', 'age': 5}, 'phone': '(099) O16-1512', 'cell': '(096) C53-1312', 'id': {'name': '', 'value': None}, 'picture': {'large': 'https://randomuser.me/api/portraits/men/60.jpg', 'medium': 'https://randomuser.me/api/portraits/med/men/60.jpg', 'thumbnail': 'https://randomuser.me/api/portraits/thumb/men/60.jpg'}, 'nat': 'UA'}</msg>
<arg>${json_data['results'][0]}</arg>
<doc>Logs the given message with the given level.</doc>
<status status="PASS" start="2024-08-07T06:21:51.251665" elapsed="0.000406"/>
</kw>
<kw name="Log" owner="BuiltIn">
<msg time="2024-08-07T06:21:51.252503" level="INFO">location</msg>
<arg>${key}</arg>
<doc>Logs the given message with the given level.</doc>
<status status="PASS" start="2024-08-07T06:21:51.252374" elapsed="0.000167"/>
</kw>
<var name="${key}">location</var>
<status status="PASS" start="2024-08-07T06:21:51.250961" elapsed="0.001794"/>
</iter>
<iter>
<kw name="Dictionary Should Contain Key" owner="Collections">
<arg>${json_data['results'][0]}</arg>
<arg>${key}</arg>
<doc>Fails if ``key`` is not found from ``dictionary``.</doc>
<status status="PASS" start="2024-08-07T06:21:51.253035" elapsed="0.000386"/>
</kw>
<kw name="Log" owner="BuiltIn">
<msg time="2024-08-07T06:21:51.254068" level="INFO">{'gender': 'male', 'name': {'title': 'Mr', 'first': 'Predislav', 'last': 'Pigulyak'}, 'location': {'street': {'number': 8802, 'name': 'Peredova'}, 'city': 'Sosnivka', 'state': 'Chernivecka', 'country': 'Ukraine', 'postcode': 27098, 'coordinates': {'latitude': '75.3734', 'longitude': '-48.1030'}, 'timezone': {'offset': '-5:00', 'description': 'Eastern Time (US &amp; Canada), Bogota, Lima'}}, 'email': 'predislav.pigulyak@example.com', 'login': {'uuid': 'aa4eadf3-6798-482d-b992-a7d9f9292923', 'username': 'purplecat696', 'password': 'mindy', 'salt': 'xCJHFhY0', 'md5': '95415ed7f34030332f492571e0ef04f5', 'sha1': 'ae535650599a0df5943e63916f219cec01ef4dc4', 'sha256': '927011a8d012895d0f86a4ebc45413464a2836bfada2ee55eee6690ad44ed4e1'}, 'dob': {'date': '1970-09-30T02:44:24.231Z', 'age': 53}, 'registered': {'date': '2019-04-12T13:24:01.016Z', 'age': 5}, 'phone': '(099) O16-1512', 'cell': '(096) C53-1312', 'id': {'name': '', 'value': None}, 'picture': {'large': 'https://randomuser.me/api/portraits/men/60.jpg', 'medium': 'https://randomuser.me/api/portraits/med/men/60.jpg', 'thumbnail': 'https://randomuser.me/api/portraits/thumb/men/60.jpg'}, 'nat': 'UA'}</msg>
<arg>${json_data['results'][0]}</arg>
<doc>Logs the given message with the given level.</doc>
<status status="PASS" start="2024-08-07T06:21:51.253717" elapsed="0.000400"/>
</kw>
<kw name="Log" owner="BuiltIn">
<msg time="2024-08-07T06:21:51.254542" level="INFO">email</msg>
<arg>${key}</arg>
<doc>Logs the given message with the given level.</doc>
<status status="PASS" start="2024-08-07T06:21:51.254414" elapsed="0.000166"/>
</kw>
<var name="${key}">email</var>
<status status="PASS" start="2024-08-07T06:21:51.252926" elapsed="0.001870"/>
</iter>
<iter>
<kw name="Dictionary Should Contain Key" owner="Collections">
<arg>${json_data['results'][0]}</arg>
<arg>${key}</arg>
<doc>Fails if ``key`` is not found from ``dictionary``.</doc>
<status status="PASS" start="2024-08-07T06:21:51.255103" elapsed="0.000406"/>
</kw>
<kw name="Log" owner="BuiltIn">
<msg time="2024-08-07T06:21:51.256038" level="INFO">{'gender': 'male', 'name': {'title': 'Mr', 'first': 'Predislav', 'last': 'Pigulyak'}, 'location': {'street': {'number': 8802, 'name': 'Peredova'}, 'city': 'Sosnivka', 'state': 'Chernivecka', 'country': 'Ukraine', 'postcode': 27098, 'coordinates': {'latitude': '75.3734', 'longitude': '-48.1030'}, 'timezone': {'offset': '-5:00', 'description': 'Eastern Time (US &amp; Canada), Bogota, Lima'}}, 'email': 'predislav.pigulyak@example.com', 'login': {'uuid': 'aa4eadf3-6798-482d-b992-a7d9f9292923', 'username': 'purplecat696', 'password': 'mindy', 'salt': 'xCJHFhY0', 'md5': '95415ed7f34030332f492571e0ef04f5', 'sha1': 'ae535650599a0df5943e63916f219cec01ef4dc4', 'sha256': '927011a8d012895d0f86a4ebc45413464a2836bfada2ee55eee6690ad44ed4e1'}, 'dob': {'date': '1970-09-30T02:44:24.231Z', 'age': 53}, 'registered': {'date': '2019-04-12T13:24:01.016Z', 'age': 5}, 'phone': '(099) O16-1512', 'cell': '(096) C53-1312', 'id': {'name': '', 'value': None}, 'picture': {'large': 'https://randomuser.me/api/portraits/men/60.jpg', 'medium': 'https://randomuser.me/api/portraits/med/men/60.jpg', 'thumbnail': 'https://randomuser.me/api/portraits/thumb/men/60.jpg'}, 'nat': 'UA'}</msg>
<arg>${json_data['results'][0]}</arg>
<doc>Logs the given message with the given level.</doc>
<status status="PASS" start="2024-08-07T06:21:51.255693" elapsed="0.000393"/>
</kw>
<kw name="Log" owner="BuiltIn">
<msg time="2024-08-07T06:21:51.256514" level="INFO">login</msg>
<arg>${key}</arg>
<doc>Logs the given message with the given level.</doc>
<status status="PASS" start="2024-08-07T06:21:51.256387" elapsed="0.000164"/>
</kw>
<var name="${key}">login</var>
<status status="PASS" start="2024-08-07T06:21:51.254981" elapsed="0.001784"/>
</iter>
<var>${key}</var>
<value>@{expected_keys}</value>
<status status="PASS" start="2024-08-07T06:21:51.246792" elapsed="0.010092"/>
</for>
<kw name="Create List" owner="BuiltIn">
<msg time="2024-08-07T06:21:51.257258" level="INFO">${expected_keysTwo} = ['username', 'password']</msg>
<var>${expected_keysTwo}</var>
<arg>username</arg>
<arg>password</arg>
<doc>Returns a list containing given items.</doc>
<status status="PASS" start="2024-08-07T06:21:51.257098" elapsed="0.000220"/>
</kw>
<for flavor="IN">
<iter>
<kw name="Dictionary Should Contain Key" owner="Collections">
<arg>${json_data['results'][0]['login']}</arg>
<arg>${keyTwo}</arg>
<doc>Fails if ``key`` is not found from ``dictionary``.</doc>
<status status="PASS" start="2024-08-07T06:21:51.257834" elapsed="0.000388"/>
</kw>
<kw name="Dictionary Should Contain Key" owner="Collections">
<arg>${json_data['results'][0]['login']}</arg>
<arg>${keyTwo}</arg>
<doc>Fails if ``key`` is not found from ``dictionary``.</doc>
<status status="PASS" start="2024-08-07T06:21:51.258403" elapsed="0.000398"/>
</kw>
<kw name="Log" owner="BuiltIn">
<msg time="2024-08-07T06:21:51.259104" level="INFO">username</msg>
<arg>${keyTwo}</arg>
<doc>Logs the given message with the given level.</doc>
<status status="PASS" start="2024-08-07T06:21:51.258981" elapsed="0.000161"/>
</kw>
<var name="${keyTwo}">username</var>
<status status="PASS" start="2024-08-07T06:21:51.257726" elapsed="0.001658"/>
</iter>
<iter>
<kw name="Dictionary Should Contain Key" owner="Collections">
<arg>${json_data['results'][0]['login']}</arg>
<arg>${keyTwo}</arg>
<doc>Fails if ``key`` is not found from ``dictionary``.</doc>
<status status="PASS" start="2024-08-07T06:21:51.259664" elapsed="0.000389"/>
</kw>
<kw name="Dictionary Should Contain Key" owner="Collections">
<arg>${json_data['results'][0]['login']}</arg>
<arg>${keyTwo}</arg>
<doc>Fails if ``key`` is not found from ``dictionary``.</doc>
<status status="PASS" start="2024-08-07T06:21:51.260233" elapsed="0.000371"/>
</kw>
<kw name="Log" owner="BuiltIn">
<msg time="2024-08-07T06:21:51.260899" level="INFO">password</msg>
<arg>${keyTwo}</arg>
<doc>Logs the given message with the given level.</doc>
<status status="PASS" start="2024-08-07T06:21:51.260780" elapsed="0.000156"/>
</kw>
<var name="${keyTwo}">password</var>
<status status="PASS" start="2024-08-07T06:21:51.259557" elapsed="0.001598"/>
</iter>
<var>${keyTwo}</var>
<value>@{expected_keysTwo}</value>
<status status="PASS" start="2024-08-07T06:21:51.257576" elapsed="0.003697"/>
</for>
<status status="PASS" start="2024-08-07T06:21:51.080685" elapsed="0.180729"/>
</kw>
<doc>Testa a estrutura da resposta da API.</doc>
<tag>testeEstruturaResposta</tag>
<status status="PASS" start="2024-08-07T06:21:51.079893" elapsed="0.181683"/>
</test>
<test id="s1-s1-t4" name="Validar tipos de dados" line="28">
<kw name="Teste de Tipos de Dados" owner="random-user-service">
<kw name="GET On Session" owner="RequestsLibrary">
<msg time="2024-08-07T06:21:51.374898" level="INFO">GET Request : url=https://randomuser.me/api 
 path_url=/api 
 headers={'User-Agent': 'python-requests/2.32.3', 'Accept-Encoding': 'gzip, deflate', 'Accept': '*/*', 'Connection': 'keep-alive'} 
 body=None 
 </msg>
<msg time="2024-08-07T06:21:51.374976" level="INFO">GET Response : url=https://randomuser.me/api 
 status=200, reason=OK 
 headers={'Date': 'Wed, 07 Aug 2024 06:21:51 GMT', 'Content-Type': 'application/json; charset=utf-8', 'Transfer-Encoding': 'chunked', 'Connection': 'keep-alive', 'X-Powered-By': 'Express', 'Access-Control-Allow-Origin': '*', 'Cache-Control': 'no-cache', 'ETag': 'W/"48b-JsMT++KBRCVGGSWkzXZCyB/iU5s"', 'Vary': 'Accept-Encoding', 'Content-Encoding': 'gzip', 'CF-Cache-Status': 'DYNAMIC', 'Report-To': '{"endpoints":[{"url":"https:\\/\\/a.nel.cloudflare.com\\/report\\/v4?s=IsBgSfjUb%2BTPsvpX8oGLlVN94mdT8t3qzCSa0Tm7LP4ClO%2BONctMfVfknkn0kO%2B1ifcFxBHnmZi7uKqv7S6IK2Mcgp2NCMtOl0mgDpvniXsbBL8kmtWIXkvBNWw5O4S%2B"}],"group":"cf-nel","max_age":604800}', 'NEL': '{"success_fraction":0,"report_to":"cf-nel","max_age":604800}', 'Server': 'cloudflare', 'CF-RAY': '8af52b3b7ef70fb6-LAX', 'alt-svc': 'h3=":443"; ma=86400'} 
 body={"results":[{"gender":"male","name":{"title":"Mr","first":"Dragutin","last":"Dinčić"},"location":{"street":{"number":5925,"name":"Ljubiše Glišića "},"city":"Smederevska Palanka","state":"Moravica","country":"Serbia","postcode":86672,"coordinates":{"latitude":"58.0124","longitude":"-163.7883"},"timezone":{"offset":"+9:30","description":"Adelaide, Darwin"}},"email":"dragutin.dincic@example.com","login":{"uuid":"41e97c5d-d269-4aff-b5ab-0e016037faa9","username":"redpanda140","password":"fletcher","salt":"2jyMN88U","md5":"1df7e97d9543416e607cf94eb0fbd26b","sha1":"694feabd2aa66fa09a980126619e6aea5d5d0e85","sha256":"91b6f5aa25d7d21683fd2a0099a4ce68b52ee57c83adcc4c84c8d5df3b05935b"},"dob":{"date":"1997-02-12T03:28:33.252Z","age":27},"registered":{"date":"2002-09-16T05:11:02.304Z","age":21},"phone":"020-2496-665","cell":"061-8891-627","id":{"name":"SID","value":"765891738"},"picture":{"large":"https://randomuser.me/api/portraits/men/9.jpg","medium":"https://randomuser.me/api/portraits/med/men/9.jpg","thumbnail":"https://randomuser.me/api/portraits/thumb/men/9.jpg"},"nat":"RS"}],"info":{"seed":"a88b5ea2555ac2bc","results":1,"page":1,"version":"1.4"}} 
 </msg>
<msg time="2024-08-07T06:21:51.375051" level="INFO">/opt/hostedtoolcache/Python/3.12.4/x64/lib/python3.12/site-packages/urllib3/connectionpool.py:1099: InsecureRequestWarning: Unverified HTTPS request is being made to host 'randomuser.me'. Adding certificate verification is strongly advised. See: https://urllib3.readthedocs.io/en/latest/advanced-usage.html#tls-warnings
  warnings.warn(</msg>
<msg time="2024-08-07T06:21:51.375157" level="INFO">${response} = &lt;Response [200]&gt;</msg>
<var>${response}</var>
<arg>consultarAPI</arg>
<arg>/api</arg>
<doc>Sends a GET request on a previously created HTTP Session.</doc>
<status status="PASS" start="2024-08-07T06:21:51.264114" elapsed="0.111094"/>
</kw>
<kw name="Set Variable" owner="BuiltIn">
<msg time="2024-08-07T06:21:51.376249" level="INFO">${json_data} = {'results': [{'gender': 'male', 'name': {'title': 'Mr', 'first': 'Dragutin', 'last': 'Dinčić'}, 'location': {'street': {'number': 5925, 'name': 'Ljubiše Glišića '}, 'city': 'Smederevska Palanka', 'sta...</msg>
<var>${json_data}</var>
<arg>${response.json()}</arg>
<doc>Returns the given values which can then be assigned to a variables.</doc>
<status status="PASS" start="2024-08-07T06:21:51.375682" elapsed="0.000598"/>
</kw>
<kw name="Log" owner="BuiltIn">
<msg time="2024-08-07T06:21:51.376753" level="INFO">{'results': [{'gender': 'male', 'name': {'title': 'Mr', 'first': 'Dragutin', 'last': 'Dinčić'}, 'location': {'street': {'number': 5925, 'name': 'Ljubiše Glišića '}, 'city': 'Smederevska Palanka', 'state': 'Moravica', 'country': 'Serbia', 'postcode': 86672, 'coordinates': {'latitude': '58.0124', 'longitude': '-163.7883'}, 'timezone': {'offset': '+9:30', 'description': 'Adelaide, Darwin'}}, 'email': 'dragutin.dincic@example.com', 'login': {'uuid': '41e97c5d-d269-4aff-b5ab-0e016037faa9', 'username': 'redpanda140', 'password': 'fletcher', 'salt': '2jyMN88U', 'md5': '1df7e97d9543416e607cf94eb0fbd26b', 'sha1': '694feabd2aa66fa09a980126619e6aea5d5d0e85', 'sha256': '91b6f5aa25d7d21683fd2a0099a4ce68b52ee57c83adcc4c84c8d5df3b05935b'}, 'dob': {'date': '1997-02-12T03:28:33.252Z', 'age': 27}, 'registered': {'date': '2002-09-16T05:11:02.304Z', 'age': 21}, 'phone': '020-2496-665', 'cell': '061-8891-627', 'id': {'name': 'SID', 'value': '765891738'}, 'picture': {'large': 'https://randomuser.me/api/portraits/men/9.jpg', 'medium': 'https://randomuser.me/api/portraits/med/men/9.jpg', 'thumbnail': 'https://randomuser.me/api/portraits/thumb/men/9.jpg'}, 'nat': 'RS'}], 'info': {'seed': 'a88b5ea2555ac2bc', 'results': 1, 'page': 1, 'version': '1.4'}}</msg>
<arg>${json_data}</arg>
<doc>Logs the given message with the given level.</doc>
<status status="PASS" start="2024-08-07T06:21:51.376596" elapsed="0.000206"/>
</kw>
<kw name="Should Be String" owner="String">
<arg>${json_data['results'][0]['gender']}</arg>
<doc>Fails if the given ``item`` is not a string.</doc>
<status status="PASS" start="2024-08-07T06:21:51.377101" elapsed="0.000363"/>
</kw>
<kw name="Should Match Regexp" owner="BuiltIn">
<arg>${json_data['results'][0]['email']}</arg>
<arg>^[a-zA-Z0-9._%+-]+@[a-zA-Z0-9.-]+\.[a-zA-Z]{2,}$</arg>
<doc>Fails if ``string`` does not match ``pattern`` as a regular expression.</doc>
<status status="PASS" start="2024-08-07T06:21:51.377652" elapsed="0.000509"/>
</kw>
<kw name="Should Match Regexp" owner="BuiltIn">
<arg>${json_data['results'][0]['dob']['date']}</arg>
<arg>\\d{4}-\\d{2}-\\d{2}T\\d{2}:\\d{2}:\\d{2}\\.\\d{3}Z</arg>
<doc>Fails if ``string`` does not match ``pattern`` as a regular expression.</doc>
<status status="PASS" start="2024-08-07T06:21:51.378389" elapsed="0.000588"/>
</kw>
<kw name="Should Match Regexp" owner="BuiltIn">
<arg>${json_data['results'][0]['registered']['date']}</arg>
<arg>\\d{4}-\\d{2}-\\d{2}T\\d{2}:\\d{2}:\\d{2}\\.\\d{3}Z</arg>
<doc>Fails if ``string`` does not match ``pattern`` as a regular expression.</doc>
<status status="PASS" start="2024-08-07T06:21:51.379170" elapsed="0.000423"/>
</kw>
<kw name="Should Match Regexp" owner="BuiltIn">
<arg>${json_data['results'][0]['picture']['large']}</arg>
<arg>^https?://.*\.(?:png|jpe?g|gif|bmp)$</arg>
<doc>Fails if ``string`` does not match ``pattern`` as a regular expression.</doc>
<status status="PASS" start="2024-08-07T06:21:51.379788" elapsed="0.000473"/>
</kw>
<kw name="Should Match Regexp" owner="BuiltIn">
<arg>${json_data['results'][0]['picture']['medium']}</arg>
<arg>^https?://.*\.(?:png|jpe?g|gif|bmp)$</arg>
<doc>Fails if ``string`` does not match ``pattern`` as a regular expression.</doc>
<status status="PASS" start="2024-08-07T06:21:51.380456" elapsed="0.000359"/>
</kw>
<kw name="Should Match Regexp" owner="BuiltIn">
<arg>${json_data['results'][0]['picture']['thumbnail']}</arg>
<arg>^https?://.*\.(?:png|jpe?g|gif|bmp)$</arg>
<doc>Fails if ``string`` does not match ``pattern`` as a regular expression.</doc>
<status status="PASS" start="2024-08-07T06:21:51.380996" elapsed="0.000358"/>
</kw>
<kw name="Log" owner="BuiltIn">
<msg time="2024-08-07T06:21:51.381854" level="INFO">{'large': 'https://randomuser.me/api/portraits/men/9.jpg', 'medium': 'https://randomuser.me/api/portraits/med/men/9.jpg', 'thumbnail': 'https://randomuser.me/api/portraits/thumb/men/9.jpg'}</msg>
<arg>${json_data['results'][0]['picture']}</arg>
<doc>Logs the given message with the given level.</doc>
<status status="PASS" start="2024-08-07T06:21:51.381534" elapsed="0.000362"/>
</kw>
<status status="PASS" start="2024-08-07T06:21:51.263891" elapsed="0.118256"/>
</kw>
<kw name="Teste de Tipos de Dados - Postcode" owner="random-user-service">
<kw name="GET On Session" owner="RequestsLibrary">
<msg time="2024-08-07T06:21:51.486013" level="INFO">GET Request : url=https://randomuser.me/api 
 path_url=/api 
 headers={'User-Agent': 'python-requests/2.32.3', 'Accept-Encoding': 'gzip, deflate', 'Accept': '*/*', 'Connection': 'keep-alive'} 
 body=None 
 </msg>
<msg time="2024-08-07T06:21:51.486090" level="INFO">GET Response : url=https://randomuser.me/api 
 status=200, reason=OK 
 headers={'Date': 'Wed, 07 Aug 2024 06:21:51 GMT', 'Content-Type': 'application/json; charset=utf-8', 'Transfer-Encoding': 'chunked', 'Connection': 'keep-alive', 'X-Powered-By': 'Express', 'Access-Control-Allow-Origin': '*', 'Cache-Control': 'no-cache', 'ETag': 'W/"47e-10xHRIOLvW1LnsAMLIwKZyjfXKA"', 'Vary': 'Accept-Encoding', 'Content-Encoding': 'gzip', 'CF-Cache-Status': 'DYNAMIC', 'Report-To': '{"endpoints":[{"url":"https:\\/\\/a.nel.cloudflare.com\\/report\\/v4?s=juL1ZsROyWh5ZXRzTDKCPNHWwSlpmRNSBal%2B9Bx4yrM2szr7V2Uq2r2bT3JgW8uNFRnUOtboxqRGUCaHTDDCvPOpzvg7PcMIa6zJACPFjAOXkUNeShTBSl39hJrr2NLd"}],"group":"cf-nel","max_age":604800}', 'NEL': '{"success_fraction":0,"report_to":"cf-nel","max_age":604800}', 'Server': 'cloudflare', 'CF-RAY': '8af52b3c2fb30fb6-LAX', 'alt-svc': 'h3=":443"; ma=86400'} 
 body={"results":[{"gender":"male","name":{"title":"Mr","first":"Andrés","last":"Ferrer"},"location":{"street":{"number":187,"name":"Calle de La Luna"},"city":"Vitoria","state":"Canarias","country":"Spain","postcode":61807,"coordinates":{"latitude":"-37.4790","longitude":"-43.1358"},"timezone":{"offset":"-8:00","description":"Pacific Time (US &amp; Canada)"}},"email":"andres.ferrer@example.com","login":{"uuid":"14208f39-1195-4ddf-abac-7eddb6edd843","username":"redsnake518","password":"powell","salt":"fhLx1Y8P","md5":"333c6068fa633edd07d0cb79f14fd926","sha1":"170abe314726d4cf3286adc8e5024c59b041963a","sha256":"dcae4e4eaf64709b0e8afb0f6735a0747a16bb783f1f104b9d325d21e4246f20"},"dob":{"date":"1997-09-20T18:31:30.392Z","age":26},"registered":{"date":"2018-10-12T21:55:09.270Z","age":5},"phone":"973-888-532","cell":"615-607-301","id":{"name":"DNI","value":"96257058-J"},"picture":{"large":"https://randomuser.me/api/portraits/men/85.jpg","medium":"https://randomuser.me/api/portraits/med/men/85.jpg","thumbnail":"https://randomuser.me/api/portraits/thumb/men/85.jpg"},"nat":"ES"}],"info":{"seed":"8ed59eee9837deea","results":1,"page":1,"version":"1.4"}} 
 </msg>
<msg time="2024-08-07T06:21:51.486159" level="INFO">/opt/hostedtoolcache/Python/3.12.4/x64/lib/python3.12/site-packages/urllib3/connectionpool.py:1099: InsecureRequestWarning: Unverified HTTPS request is being made to host 'randomuser.me'. Adding certificate verification is strongly advised. See: https://urllib3.readthedocs.io/en/latest/advanced-usage.html#tls-warnings
  warnings.warn(</msg>
<msg time="2024-08-07T06:21:51.486260" level="INFO">${response} = &lt;Response [200]&gt;</msg>
<var>${response}</var>
<arg>consultarAPI</arg>
<arg>/api</arg>
<doc>Sends a GET request on a previously created HTTP Session.</doc>
<status status="PASS" start="2024-08-07T06:21:51.382576" elapsed="0.103720"/>
</kw>
<kw name="Set Variable" owner="BuiltIn">
<msg time="2024-08-07T06:21:51.487149" level="INFO">${json_data} = {'results': [{'gender': 'male', 'name': {'title': 'Mr', 'first': 'Andrés', 'last': 'Ferrer'}, 'location': {'street': {'number': 187, 'name': 'Calle de La Luna'}, 'city': 'Vitoria', 'state': 'Canarias'...</msg>
<var>${json_data}</var>
<arg>${response.json()}</arg>
<doc>Returns the given values which can then be assigned to a variables.</doc>
<status status="PASS" start="2024-08-07T06:21:51.486695" elapsed="0.000483"/>
</kw>
<kw name="Log" owner="BuiltIn">
<msg time="2024-08-07T06:21:51.487694" level="INFO">{'results': [{'gender': 'male', 'name': {'title': 'Mr', 'first': 'Andrés', 'last': 'Ferrer'}, 'location': {'street': {'number': 187, 'name': 'Calle de La Luna'}, 'city': 'Vitoria', 'state': 'Canarias', 'country': 'Spain', 'postcode': 61807, 'coordinates': {'latitude': '-37.4790', 'longitude': '-43.1358'}, 'timezone': {'offset': '-8:00', 'description': 'Pacific Time (US &amp; Canada)'}}, 'email': 'andres.ferrer@example.com', 'login': {'uuid': '14208f39-1195-4ddf-abac-7eddb6edd843', 'username': 'redsnake518', 'password': 'powell', 'salt': 'fhLx1Y8P', 'md5': '333c6068fa633edd07d0cb79f14fd926', 'sha1': '170abe314726d4cf3286adc8e5024c59b041963a', 'sha256': 'dcae4e4eaf64709b0e8afb0f6735a0747a16bb783f1f104b9d325d21e4246f20'}, 'dob': {'date': '1997-09-20T18:31:30.392Z', 'age': 26}, 'registered': {'date': '2018-10-12T21:55:09.270Z', 'age': 5}, 'phone': '973-888-532', 'cell': '615-607-301', 'id': {'name': 'DNI', 'value': '96257058-J'}, 'picture': {'large': 'https://randomuser.me/api/portraits/men/85.jpg', 'medium': 'https://randomuser.me/api/portraits/med/men/85.jpg', 'thumbnail': 'https://randomuser.me/api/portraits/thumb/men/85.jpg'}, 'nat': 'ES'}], 'info': {'seed': '8ed59eee9837deea', 'results': 1, 'page': 1, 'version': '1.4'}}</msg>
<arg>${json_data}</arg>
<doc>Logs the given message with the given level.</doc>
<status status="PASS" start="2024-08-07T06:21:51.487538" elapsed="0.000206"/>
</kw>
<kw name="Should Be Equal As Numbers" owner="BuiltIn">
<arg>${json_data['results'][0]['location']['postcode']}</arg>
<arg>${json_data['results'][0]['location']['postcode']}</arg>
<doc>Fails if objects are unequal after converting them to real numbers.</doc>
<status status="PASS" start="2024-08-07T06:21:51.488036" elapsed="0.000607"/>
</kw>
<kw name="Log" owner="BuiltIn">
<msg time="2024-08-07T06:21:51.489171" level="INFO">61807</msg>
<arg>${json_data['results'][0]['location']['postcode']}</arg>
<doc>Logs the given message with the given level.</doc>
<status status="PASS" start="2024-08-07T06:21:51.488829" elapsed="0.000383"/>
</kw>
<status status="PASS" start="2024-08-07T06:21:51.382363" elapsed="0.107124"/>
</kw>
<doc>Testa se os tipos de dados na resposta da API estão corretos.</doc>
<tag>testeTiposDados</tag>
<status status="PASS" start="2024-08-07T06:21:51.263351" elapsed="0.226294"/>
</test>
<test id="s1-s1-t5" name="Validar conteudo" line="35">
<kw name="Teste de Tipos de Conteudo" owner="random-user-service">
<kw name="GET On Session" owner="RequestsLibrary">
<msg time="2024-08-07T06:21:51.602196" level="INFO">GET Request : url=https://randomuser.me/api 
 path_url=/api 
 headers={'User-Agent': 'python-requests/2.32.3', 'Accept-Encoding': 'gzip, deflate', 'Accept': '*/*', 'Connection': 'keep-alive'} 
 body=None 
 </msg>
<msg time="2024-08-07T06:21:51.602275" level="INFO">GET Response : url=https://randomuser.me/api 
 status=200, reason=OK 
 headers={'Date': 'Wed, 07 Aug 2024 06:21:51 GMT', 'Content-Type': 'application/json; charset=utf-8', 'Transfer-Encoding': 'chunked', 'Connection': 'keep-alive', 'X-Powered-By': 'Express', 'Access-Control-Allow-Origin': '*', 'Cache-Control': 'no-cache', 'ETag': 'W/"498-j3fhTU9mKyytUNtQfVathpDLxy4"', 'Vary': 'Accept-Encoding', 'Content-Encoding': 'gzip', 'CF-Cache-Status': 'DYNAMIC', 'Report-To': '{"endpoints":[{"url":"https:\\/\\/a.nel.cloudflare.com\\/report\\/v4?s=j4tYOI5OK3%2BVJbZsZCqwu3zVLYnykF%2BXW5U7cb%2F2TtUwCdUIC9tM5YqLhK0iesQbdMcbTGcHavHTZvA%2FbOtnZeRTb2NOvff5Kw%2BQ64ICvKfpWAvh%2FJdPck5hRReJ273e"}],"group":"cf-nel","max_age":604800}', 'NEL': '{"success_fraction":0,"report_to":"cf-nel","max_age":604800}', 'Server': 'cloudflare', 'CF-RAY': '8af52b3cd8990fb6-LAX', 'alt-svc': 'h3=":443"; ma=86400'} 
 body={"results":[{"gender":"female","name":{"title":"Miss","first":"Lori","last":"Lewis"},"location":{"street":{"number":1650,"name":"Homestead Rd"},"city":"Sunshine Coast","state":"Victoria","country":"Australia","postcode":6624,"coordinates":{"latitude":"-83.0397","longitude":"42.5492"},"timezone":{"offset":"+1:00","description":"Brussels, Copenhagen, Madrid, Paris"}},"email":"lori.lewis@example.com","login":{"uuid":"980726cd-a730-4e8c-83a2-6a825ce3b22b","username":"blackgorilla696","password":"oklahoma","salt":"Enb6GUWn","md5":"8a46f73fdf9f497e1465b2980329b0f1","sha1":"cc074cbe6a4c33d8d76b0d9461a5c2c7c8cf030f","sha256":"852424039f3ef708d46bffbb57a376d954d02e2476ab39b7e22054c8b5090fab"},"dob":{"date":"1974-04-10T10:35:48.969Z","age":50},"registered":{"date":"2005-01-31T01:42:14.494Z","age":19},"phone":"07-9271-1709","cell":"0485-000-436","id":{"name":"TFN","value":"465108503"},"picture":{"large":"https://randomuser.me/api/portraits/women/35.jpg","medium":"https://randomuser.me/api/portraits/med/women/35.jpg","thumbnail":"https://randomuser.me/api/portraits/thumb/women/35.jpg"},"nat":"AU"}],"info":{"seed":"01ffa4322de1edb4","results":1,"page":1,"version":"1.4"}} 
 </msg>
<msg time="2024-08-07T06:21:51.602343" level="INFO">/opt/hostedtoolcache/Python/3.12.4/x64/lib/python3.12/site-packages/urllib3/connectionpool.py:1099: InsecureRequestWarning: Unverified HTTPS request is being made to host 'randomuser.me'. Adding certificate verification is strongly advised. See: https://urllib3.readthedocs.io/en/latest/advanced-usage.html#tls-warnings
  warnings.warn(</msg>
<msg time="2024-08-07T06:21:51.602447" level="INFO">${response} = &lt;Response [200]&gt;</msg>
<var>${response}</var>
<arg>consultarAPI</arg>
<arg>/api</arg>
<doc>Sends a GET request on a previously created HTTP Session.</doc>
<status status="PASS" start="2024-08-07T06:21:51.492017" elapsed="0.110472"/>
</kw>
<kw name="Set Variable" owner="BuiltIn">
<msg time="2024-08-07T06:21:51.603407" level="INFO">${json_data} = {'results': [{'gender': 'female', 'name': {'title': 'Miss', 'first': 'Lori', 'last': 'Lewis'}, 'location': {'street': {'number': 1650, 'name': 'Homestead Rd'}, 'city': 'Sunshine Coast', 'state': 'Vict...</msg>
<var>${json_data}</var>
<arg>${response.json()}</arg>
<doc>Returns the given values which can then be assigned to a variables.</doc>
<status status="PASS" start="2024-08-07T06:21:51.602915" elapsed="0.000530"/>
</kw>
<kw name="Set Variable" owner="BuiltIn">
<msg time="2024-08-07T06:21:51.604134" level="INFO">${name_title} = Miss</msg>
<var>${name_title}</var>
<arg>${json_data["results"][0]["name"]["title"]}</arg>
<doc>Returns the given values which can then be assigned to a variables.</doc>
<status status="PASS" start="2024-08-07T06:21:51.603749" elapsed="0.000411"/>
</kw>
<kw name="Create List" owner="BuiltIn">
<msg time="2024-08-07T06:21:51.604606" level="INFO">${allowed_titles} = ['Mr', 'Ms', 'Miss', 'Mrs', 'Madame', 'Monsieur']</msg>
<var>${allowed_titles}</var>
<arg>Mr</arg>
<arg>Ms</arg>
<arg>Miss</arg>
<arg>Mrs</arg>
<arg>Madame</arg>
<arg>Monsieur</arg>
<doc>Returns a list containing given items.</doc>
<status status="PASS" start="2024-08-07T06:21:51.604456" elapsed="0.000175"/>
</kw>
<kw name="List Should Contain Value" owner="Collections">
<arg>${allowed_titles}</arg>
<arg>${name_title}</arg>
<doc>Fails if the ``value`` is not found from ``list``.</doc>
<status status="PASS" start="2024-08-07T06:21:51.604928" elapsed="0.000173"/>
</kw>
<kw name="Set Variable" owner="BuiltIn">
<msg time="2024-08-07T06:21:51.605663" level="INFO">${name_country} = AU</msg>
<var>${name_country}</var>
<arg>${json_data["results"][0]["nat"]}</arg>
<doc>Returns the given values which can then be assigned to a variables.</doc>
<status status="PASS" start="2024-08-07T06:21:51.605286" elapsed="0.000403"/>
</kw>
<kw name="Create List" owner="BuiltIn">
<msg time="2024-08-07T06:21:51.606589" level="INFO">${list_country} = ['AD', 'AE', 'AF', 'AG', 'AI', 'AL', 'AM', 'AO', 'AQ', 'AR', 'AS', 'AT', 'AU', 'AW', 'AX', 'AZ', 'BA', 'BB', 'BD', 'BE', 'BF', 'BG', 'BH', 'BI', 'BJ', 'BL', 'BM', 'BN', 'BO', 'BQ', 'BR', 'BS', 'BT', '...</msg>
<var>${list_country}</var>
<arg>AD</arg>
<arg>AE</arg>
<arg>AF</arg>
<arg>AG</arg>
<arg>AI</arg>
<arg>AL</arg>
<arg>AM</arg>
<arg>AO</arg>
<arg>AQ</arg>
<arg>AR</arg>
<arg>AS</arg>
<arg>AT</arg>
<arg>AU</arg>
<arg>AW</arg>
<arg>AX</arg>
<arg>AZ</arg>
<arg>BA</arg>
<arg>BB</arg>
<arg>BD</arg>
<arg>BE</arg>
<arg>BF</arg>
<arg>BG</arg>
<arg>BH</arg>
<arg>BI</arg>
<arg>BJ</arg>
<arg>BL</arg>
<arg>BM</arg>
<arg>BN</arg>
<arg>BO</arg>
<arg>BQ</arg>
<arg>BR</arg>
<arg>BS</arg>
<arg>BT</arg>
<arg>BV</arg>
<arg>BW</arg>
<arg>BY</arg>
<arg>BZ</arg>
<arg>CA</arg>
<arg>CC</arg>
<arg>CD</arg>
<arg>CF</arg>
<arg>CG</arg>
<arg>CH</arg>
<arg>CI</arg>
<arg>CK</arg>
<arg>CL</arg>
<arg>CM</arg>
<arg>CN</arg>
<arg>CO</arg>
<arg>CR</arg>
<arg>CU</arg>
<arg>CV</arg>
<arg>CW</arg>
<arg>CX</arg>
<arg>CY</arg>
<arg>CZ</arg>
<arg>DE</arg>
<arg>DJ</arg>
<arg>DK</arg>
<arg>DM</arg>
<arg>DO</arg>
<arg>DZ</arg>
<arg>EC</arg>
<arg>EE</arg>
<arg>EG</arg>
<arg>EH</arg>
<arg>ER</arg>
<arg>ES</arg>
<arg>ET</arg>
<arg>FI</arg>
<arg>FJ</arg>
<arg>FK</arg>
<arg>FM</arg>
<arg>FO</arg>
<arg>FR</arg>
<arg>GA</arg>
<arg>GB</arg>
<arg>GD</arg>
<arg>GE</arg>
<arg>GF</arg>
<arg>GG</arg>
<arg>GH</arg>
<arg>GI</arg>
<arg>GL</arg>
<arg>GM</arg>
<arg>GN</arg>
<arg>GP</arg>
<arg>GQ</arg>
<arg>GR</arg>
<arg>GS</arg>
<arg>GT</arg>
<arg>GU</arg>
<arg>GW</arg>
<arg>GY</arg>
<arg>HK</arg>
<arg>HM</arg>
<arg>HN</arg>
<arg>HR</arg>
<arg>HT</arg>
<arg>HU</arg>
<arg>ID</arg>
<arg>IE</arg>
<arg>IL</arg>
<arg>IM</arg>
<arg>IN</arg>
<arg>IO</arg>
<arg>IQ</arg>
<arg>IR</arg>
<arg>IS</arg>
<arg>IT</arg>
<arg>JE</arg>
<arg>JM</arg>
<arg>JO</arg>
<arg>JP</arg>
<arg>KE</arg>
<arg>KG</arg>
<arg>KH</arg>
<arg>KI</arg>
<arg>KM</arg>
<arg>KN</arg>
<arg>KP</arg>
<arg>KR</arg>
<arg>KW</arg>
<arg>KY</arg>
<arg>KZ</arg>
<arg>LA</arg>
<arg>LB</arg>
<arg>LC</arg>
<arg>LI</arg>
<arg>LK</arg>
<arg>LR</arg>
<arg>LS</arg>
<arg>LT</arg>
<arg>LU</arg>
<arg>LV</arg>
<arg>LY</arg>
<arg>MA</arg>
<arg>MC</arg>
<arg>MD</arg>
<arg>ME</arg>
<arg>MF</arg>
<arg>MG</arg>
<arg>MH</arg>
<arg>MK</arg>
<arg>ML</arg>
<arg>MM</arg>
<arg>MN</arg>
<arg>MO</arg>
<arg>MP</arg>
<arg>MQ</arg>
<arg>MR</arg>
<arg>MS</arg>
<arg>MT</arg>
<arg>MU</arg>
<arg>MV</arg>
<arg>MW</arg>
<arg>MX</arg>
<arg>MY</arg>
<arg>MZ</arg>
<arg>NA</arg>
<arg>NC</arg>
<arg>NE</arg>
<arg>NF</arg>
<arg>NG</arg>
<arg>NI</arg>
<arg>NL</arg>
<arg>NO</arg>
<arg>NP</arg>
<arg>NR</arg>
<arg>NU</arg>
<arg>NZ</arg>
<arg>OM</arg>
<arg>PA</arg>
<arg>PE</arg>
<arg>PF</arg>
<arg>PG</arg>
<arg>PH</arg>
<arg>PK</arg>
<arg>PL</arg>
<arg>PM</arg>
<arg>PN</arg>
<arg>PR</arg>
<arg>PS</arg>
<arg>PT</arg>
<arg>PW</arg>
<arg>PY</arg>
<arg>QA</arg>
<arg>RE</arg>
<arg>RO</arg>
<arg>RS</arg>
<arg>RU</arg>
<arg>RW</arg>
<arg>SA</arg>
<arg>SB</arg>
<arg>SC</arg>
<arg>SD</arg>
<arg>SE</arg>
<arg>SG</arg>
<arg>SH</arg>
<arg>SI</arg>
<arg>SJ</arg>
<arg>SK</arg>
<arg>SL</arg>
<arg>SM</arg>
<arg>SN</arg>
<arg>SO</arg>
<arg>SR</arg>
<arg>SS</arg>
<arg>ST</arg>
<arg>SV</arg>
<arg>SX</arg>
<arg>SY</arg>
<arg>SZ</arg>
<arg>TC</arg>
<arg>TD</arg>
<arg>TF</arg>
<arg>TG</arg>
<arg>TH</arg>
<arg>TJ</arg>
<arg>TK</arg>
<arg>TL</arg>
<arg>TM</arg>
<arg>TN</arg>
<arg>TO</arg>
<arg>TR</arg>
<arg>TT</arg>
<arg>TV</arg>
<arg>TW</arg>
<arg>TZ</arg>
<arg>UA</arg>
<arg>UG</arg>
<arg>UM</arg>
<arg>US</arg>
<arg>UY</arg>
<arg>UZ</arg>
<arg>VA</arg>
<arg>VC</arg>
<arg>VE</arg>
<arg>VG</arg>
<arg>VI</arg>
<arg>VN</arg>
<arg>VU</arg>
<arg>WF</arg>
<arg>WS</arg>
<arg>XK</arg>
<arg>YE</arg>
<arg>YT</arg>
<arg>ZA</arg>
<arg>ZM</arg>
<arg>ZW</arg>
<doc>Returns a list containing given items.</doc>
<status status="PASS" start="2024-08-07T06:21:51.605980" elapsed="0.000634"/>
</kw>
<kw name="List Should Contain Value" owner="Collections">
<arg>${list_country}</arg>
<arg>${name_country}</arg>
<doc>Fails if the ``value`` is not found from ``list``.</doc>
<status status="PASS" start="2024-08-07T06:21:51.607581" elapsed="0.000212"/>
</kw>
<kw name="Run Keyword If" owner="BuiltIn">
<kw name="Should Be True" owner="BuiltIn">
<arg>${True}</arg>
<doc>Fails if the given condition is not true.</doc>
<status status="PASS" start="2024-08-07T06:21:51.608728" elapsed="0.000142"/>
</kw>
<arg>${json_data["results"][0]["location"]["coordinates"]["latitude"]} &gt;= -90 and ${json_data["results"][0]["location"]["coordinates"]["latitude"]} &lt;= 90</arg>
<arg>Should Be True</arg>
<arg>${True}</arg>
<doc>Runs the given keyword with the given arguments, if ``condition`` is true.</doc>
<status status="PASS" start="2024-08-07T06:21:51.607992" elapsed="0.001005"/>
</kw>
<kw name="Run Keyword If" owner="BuiltIn">
<kw name="Should Be True" owner="BuiltIn">
<arg>${True}</arg>
<doc>Fails if the given condition is not true.</doc>
<status status="PASS" start="2024-08-07T06:21:51.609873" elapsed="0.000137"/>
</kw>
<arg>${json_data["results"][0]["location"]["coordinates"]["longitude"]} &gt;= -180 and ${json_data["results"][0]["location"]["coordinates"]["longitude"]} &lt;= 180</arg>
<arg>Should Be True</arg>
<arg>${True}</arg>
<doc>Runs the given keyword with the given arguments, if ``condition`` is true.</doc>
<status status="PASS" start="2024-08-07T06:21:51.609177" elapsed="0.000955"/>
</kw>
<status status="PASS" start="2024-08-07T06:21:51.491802" elapsed="0.118459"/>
</kw>
<doc>Testa o conteúdo específico dos campos retornados pela API.</doc>
<tag>testeConteudo</tag>
<status status="PASS" start="2024-08-07T06:21:51.491327" elapsed="0.119076"/>
</test>
<status status="PASS" start="2024-08-07T06:21:50.421612" elapsed="1.190760"/>
</suite>
<status status="PASS" start="2024-08-07T06:21:50.407449" elapsed="1.209915"/>
</suite>
<statistics>
<total>
<stat pass="5" fail="0" skip="0">All Tests</stat>
</total>
<tag>
<stat pass="1" fail="0" skip="0">testeConteudo</stat>
<stat pass="1" fail="0" skip="0">testeEstruturaResposta</stat>
<stat pass="1" fail="0" skip="0">testeRequisicaoBasica</stat>
<stat pass="1" fail="0" skip="0">testeTiposDados</stat>
</tag>
<suite>
<stat pass="5" fail="0" skip="0" id="s1" name="Tests">Tests</stat>
<stat pass="5" fail="0" skip="0" id="s1-s1" name="Random-User-Test">Tests.Random-User-Test</stat>
</suite>
</statistics>
<errors>
</errors>
</robot>
