<?xml version="1.0" encoding="UTF-8"?>
<robot generator="Robot 7.0 (Python 3.12.3 on linux)" generated="2024-06-09T13:15:24.927708" rpa="false" schemaversion="5">
<suite id="s1" name="Tests" source="/home/runner/work/ApiRandomUser/ApiRandomUser/RamdonUser/tests">
<suite id="s1-s1" name="Random-User-Test" source="/home/runner/work/ApiRandomUser/ApiRandomUser/RamdonUser/tests/random-user-test.robot">
<test id="s1-s1-t1" name="Conectar" line="13">
<kw name="Conectar API" owner="random-user-service">
<kw name="Create Session" owner="RequestsLibrary">
<msg time="2024-06-09T13:15:25.378671" level="INFO">Creating Session using : alias=consultarAPI, url=https://randomuser.me/, headers={},                     cookies={}, auth=None, timeout=None, proxies=None, verify=False,                     debug=0 </msg>
<arg>consultarAPI</arg>
<arg>${URL}</arg>
<doc>Create Session: create a HTTP session to a server</doc>
<status status="PASS" start="2024-06-09T13:15:25.378450" elapsed="0.000427"/>
</kw>
<status status="PASS" start="2024-06-09T13:15:25.377350" elapsed="0.001910"/>
</kw>
<status status="PASS" start="2024-06-09T13:15:25.376713" elapsed="0.002742"/>
</test>
<test id="s1-s1-t2" name="Validar retorno 200 e JSON Válido" line="16">
<kw name="Teste de Requisicao Basica" owner="random-user-service">
<kw name="GET On Session" owner="RequestsLibrary">
<msg time="2024-06-09T13:15:25.570079" level="INFO">GET Request : url=https://randomuser.me/api 
 path_url=/api 
 headers={'User-Agent': 'python-requests/2.32.3', 'Accept-Encoding': 'gzip, deflate', 'Accept': '*/*', 'Connection': 'keep-alive'} 
 body=None 
 </msg>
<msg time="2024-06-09T13:15:25.570229" level="INFO">GET Response : url=https://randomuser.me/api 
 status=200, reason=OK 
 headers={'Date': 'Sun, 09 Jun 2024 13:15:25 GMT', 'Content-Type': 'application/json; charset=utf-8', 'Transfer-Encoding': 'chunked', 'Connection': 'keep-alive', 'X-Powered-By': 'Express', 'Access-Control-Allow-Origin': '*', 'Cache-Control': 'no-cache', 'ETag': 'W/"493-/dtMgCiYdTclf/4i2mFlv/sCrdY"', 'Vary': 'Accept-Encoding', 'Content-Encoding': 'gzip', 'CF-Cache-Status': 'DYNAMIC', 'Report-To': '{"endpoints":[{"url":"https:\\/\\/a.nel.cloudflare.com\\/report\\/v4?s=Bh5Dyl%2BVFt7HIERY1NNMQkyTZYAE3Xc1Qj3GE5C5LY12cXTDJ94hgzZDDePx2wVswlu6Jv27t7zf3q10WIA2qhC3ZZIUNDeWiTDgYrDAMAhKT8UQAJJ8YLrCM4aTURjp"}],"group":"cf-nel","max_age":604800}', 'NEL': '{"success_fraction":0,"report_to":"cf-nel","max_age":604800}', 'Server': 'cloudflare', 'CF-RAY': '891163ec8d580830-IAD', 'alt-svc': 'h3=":443"; ma=86400'} 
 body={"results":[{"gender":"male","name":{"title":"Mr","first":"Allen","last":"Bishop"},"location":{"street":{"number":8614,"name":"Lone Wolf Trail"},"city":"Tweed","state":"Northern Territory","country":"Australia","postcode":5058,"coordinates":{"latitude":"-87.3173","longitude":"-44.6898"},"timezone":{"offset":"+3:00","description":"Baghdad, Riyadh, Moscow, St. Petersburg"}},"email":"allen.bishop@example.com","login":{"uuid":"018d7e55-f2cd-44b4-ab5e-b5ea635a1fe8","username":"greenwolf754","password":"r2d2","salt":"8jX2qRtO","md5":"8a6eeced23aaf37c30b134699799589c","sha1":"83ed01a65f0d8f2133aea6c9a1e4ae319a1bde87","sha256":"bdf1a9bceb002791130ccf188ac2c177024649332dd88f36e7be89f921ca7f4e"},"dob":{"date":"1963-12-18T03:23:59.877Z","age":60},"registered":{"date":"2019-12-03T20:17:30.375Z","age":4},"phone":"04-2361-9852","cell":"0454-063-275","id":{"name":"TFN","value":"214630146"},"picture":{"large":"https://randomuser.me/api/portraits/men/68.jpg","medium":"https://randomuser.me/api/portraits/med/men/68.jpg","thumbnail":"https://randomuser.me/api/portraits/thumb/men/68.jpg"},"nat":"AU"}],"info":{"seed":"15265aa4ed90d639","results":1,"page":1,"version":"1.4"}} 
 </msg>
<msg time="2024-06-09T13:15:25.570338" level="INFO">/opt/hostedtoolcache/Python/3.12.3/x64/lib/python3.12/site-packages/urllib3/connectionpool.py:1103: InsecureRequestWarning: Unverified HTTPS request is being made to host 'randomuser.me'. Adding certificate verification is strongly advised. See: https://urllib3.readthedocs.io/en/latest/advanced-usage.html#tls-warnings
  warnings.warn(</msg>
<msg time="2024-06-09T13:15:25.570499" level="INFO">${response} = &lt;Response [200]&gt;</msg>
<var>${response}</var>
<arg>consultarAPI</arg>
<arg>/api</arg>
<doc>Sends a GET request on a previously created HTTP Session.</doc>
<status status="PASS" start="2024-06-09T13:15:25.382226" elapsed="0.188314"/>
</kw>
<kw name="Should Be Equal As Numbers" owner="BuiltIn">
<msg time="2024-06-09T13:15:25.571693" level="INFO">Argument types are:
&lt;class 'int'&gt;
&lt;class 'str'&gt;</msg>
<arg>${response.status_code}</arg>
<arg>200</arg>
<doc>Fails if objects are unequal after converting them to real numbers.</doc>
<status status="PASS" start="2024-06-09T13:15:25.571200" elapsed="0.000561"/>
</kw>
<kw name="Log" owner="BuiltIn">
<msg time="2024-06-09T13:15:25.572480" level="INFO">200</msg>
<arg>${response.status_code}</arg>
<doc>Logs the given message with the given level.</doc>
<status status="PASS" start="2024-06-09T13:15:25.572122" elapsed="0.000405"/>
</kw>
<kw name="Set Variable" owner="BuiltIn">
<msg time="2024-06-09T13:15:25.573279" level="INFO">${json_data} = {'results': [{'gender': 'male', 'name': {'title': 'Mr', 'first': 'Allen', 'last': 'Bishop'}, 'location': {'street': {'number': 8614, 'name': 'Lone Wolf Trail'}, 'city': 'Tweed', 'state': 'Northern Ter...</msg>
<var>${json_data}</var>
<arg>${response.json()}</arg>
<doc>Returns the given values which can then be assigned to a variables.</doc>
<status status="PASS" start="2024-06-09T13:15:25.572842" elapsed="0.000467"/>
</kw>
<kw name="Dictionary Should Contain Key" owner="Collections">
<msg time="2024-06-09T13:15:25.573792" level="INFO">False</msg>
<arg>${json_data}</arg>
<arg>results</arg>
<doc>Fails if ``key`` is not found from ``dictionary``.</doc>
<status status="PASS" start="2024-06-09T13:15:25.573619" elapsed="0.000383"/>
</kw>
<status status="PASS" start="2024-06-09T13:15:25.381959" elapsed="0.192311"/>
</kw>
<doc>Testa se a API responde corretamente e retorna um objeto JSON válido.</doc>
<tag>testeRequisicaoBasica</tag>
<status status="PASS" start="2024-06-09T13:15:25.381377" elapsed="0.193114"/>
</test>
<test id="s1-s1-t3" name="Validar estrutura de resposta" line="22">
<kw name="Teste de Estrutura de Resposta" owner="random-user-service">
<kw name="GET On Session" owner="RequestsLibrary">
<msg time="2024-06-09T13:15:25.701145" level="INFO">GET Request : url=https://randomuser.me/api 
 path_url=/api 
 headers={'User-Agent': 'python-requests/2.32.3', 'Accept-Encoding': 'gzip, deflate', 'Accept': '*/*', 'Connection': 'keep-alive'} 
 body=None 
 </msg>
<msg time="2024-06-09T13:15:25.701263" level="INFO">GET Response : url=https://randomuser.me/api 
 status=200, reason=OK 
 headers={'Date': 'Sun, 09 Jun 2024 13:15:25 GMT', 'Content-Type': 'application/json; charset=utf-8', 'Transfer-Encoding': 'chunked', 'Connection': 'keep-alive', 'X-Powered-By': 'Express', 'Access-Control-Allow-Origin': '*', 'Cache-Control': 'no-cache', 'ETag': 'W/"4b8-HuRQ30CG2lwVXXMd60qDk4y9L6c"', 'Vary': 'Accept-Encoding', 'Content-Encoding': 'gzip', 'CF-Cache-Status': 'DYNAMIC', 'Report-To': '{"endpoints":[{"url":"https:\\/\\/a.nel.cloudflare.com\\/report\\/v4?s=Qz2SeMIV%2FSKLN6O%2F41Q6HUEdLxKt0t5Lkh7ZacwUnSHQotDD6X6VqKVz3Xcyx0hfeMq4CCsI1RIfkvW%2FbKbT%2F5UC%2FC8QlTZKIBO%2B4uwpa8VNbvWwMiJFS6M3alPt%2BqGq"}],"group":"cf-nel","max_age":604800}', 'NEL': '{"success_fraction":0,"report_to":"cf-nel","max_age":604800}', 'Server': 'cloudflare', 'CF-RAY': '891163eced9e0830-IAD', 'alt-svc': 'h3=":443"; ma=86400'} 
 body={"results":[{"gender":"female","name":{"title":"Mrs","first":"Magdalene","last":"Kölbl"},"location":{"street":{"number":6921,"name":"Birkenstraße"},"city":"Schwalmstadt","state":"Mecklenburg-Vorpommern","country":"Germany","postcode":52473,"coordinates":{"latitude":"-55.5938","longitude":"125.5286"},"timezone":{"offset":"+3:00","description":"Baghdad, Riyadh, Moscow, St. Petersburg"}},"email":"magdalene.kolbl@example.com","login":{"uuid":"a798b1c7-7429-4893-b729-f8249a82a86a","username":"organiczebra553","password":"border","salt":"riJFMoDB","md5":"7adfad2c4968a4ec2bd650cb9c9df0e1","sha1":"2c099d263cc08a96d1e15c0eb6c5f7e412c55b6b","sha256":"9af47a2c77a0d879c403c71f44882374e579f8421bf46da1df6e72d684760b3b"},"dob":{"date":"1954-08-31T23:11:01.813Z","age":69},"registered":{"date":"2008-05-29T05:41:05.168Z","age":16},"phone":"0651-6546402","cell":"0175-6516881","id":{"name":"SVNR","value":"12 310854 K 673"},"picture":{"large":"https://randomuser.me/api/portraits/women/57.jpg","medium":"https://randomuser.me/api/portraits/med/women/57.jpg","thumbnail":"https://randomuser.me/api/portraits/thumb/women/57.jpg"},"nat":"DE"}],"info":{"seed":"9168a0b2a0f95463","results":1,"page":1,"version":"1.4"}} 
 </msg>
<msg time="2024-06-09T13:15:25.701409" level="INFO">/opt/hostedtoolcache/Python/3.12.3/x64/lib/python3.12/site-packages/urllib3/connectionpool.py:1103: InsecureRequestWarning: Unverified HTTPS request is being made to host 'randomuser.me'. Adding certificate verification is strongly advised. See: https://urllib3.readthedocs.io/en/latest/advanced-usage.html#tls-warnings
  warnings.warn(</msg>
<msg time="2024-06-09T13:15:25.701536" level="INFO">${response} = &lt;Response [200]&gt;</msg>
<var>${response}</var>
<arg>consultarAPI</arg>
<arg>/api</arg>
<doc>Sends a GET request on a previously created HTTP Session.</doc>
<status status="PASS" start="2024-06-09T13:15:25.577210" elapsed="0.124366"/>
</kw>
<kw name="Set Variable" owner="BuiltIn">
<msg time="2024-06-09T13:15:25.702863" level="INFO">${json_data} = {'results': [{'gender': 'female', 'name': {'title': 'Mrs', 'first': 'Magdalene', 'last': 'Kölbl'}, 'location': {'street': {'number': 6921, 'name': 'Birkenstraße'}, 'city': 'Schwalmstadt', 'state': 'Me...</msg>
<var>${json_data}</var>
<arg>${response.json()}</arg>
<doc>Returns the given values which can then be assigned to a variables.</doc>
<status status="PASS" start="2024-06-09T13:15:25.702229" elapsed="0.000664"/>
</kw>
<kw name="Log" owner="BuiltIn">
<msg time="2024-06-09T13:15:25.703365" level="INFO">{'results': [{'gender': 'female', 'name': {'title': 'Mrs', 'first': 'Magdalene', 'last': 'Kölbl'}, 'location': {'street': {'number': 6921, 'name': 'Birkenstraße'}, 'city': 'Schwalmstadt', 'state': 'Mecklenburg-Vorpommern', 'country': 'Germany', 'postcode': 52473, 'coordinates': {'latitude': '-55.5938', 'longitude': '125.5286'}, 'timezone': {'offset': '+3:00', 'description': 'Baghdad, Riyadh, Moscow, St. Petersburg'}}, 'email': 'magdalene.kolbl@example.com', 'login': {'uuid': 'a798b1c7-7429-4893-b729-f8249a82a86a', 'username': 'organiczebra553', 'password': 'border', 'salt': 'riJFMoDB', 'md5': '7adfad2c4968a4ec2bd650cb9c9df0e1', 'sha1': '2c099d263cc08a96d1e15c0eb6c5f7e412c55b6b', 'sha256': '9af47a2c77a0d879c403c71f44882374e579f8421bf46da1df6e72d684760b3b'}, 'dob': {'date': '1954-08-31T23:11:01.813Z', 'age': 69}, 'registered': {'date': '2008-05-29T05:41:05.168Z', 'age': 16}, 'phone': '0651-6546402', 'cell': '0175-6516881', 'id': {'name': 'SVNR', 'value': '12 310854 K 673'}, 'picture': {'large': 'https://randomuser.me/api/portraits/women/57.jpg', 'medium': 'https://randomuser.me/api/portraits/med/women/57.jpg', 'thumbnail': 'https://randomuser.me/api/portraits/thumb/women/57.jpg'}, 'nat': 'DE'}], 'info': {'seed': '9168a0b2a0f95463', 'results': 1, 'page': 1, 'version': '1.4'}}</msg>
<arg>${json_data}</arg>
<doc>Logs the given message with the given level.</doc>
<status status="PASS" start="2024-06-09T13:15:25.703205" elapsed="0.000210"/>
</kw>
<kw name="Dictionary Should Contain Key" owner="Collections">
<msg time="2024-06-09T13:15:25.703858" level="INFO">False</msg>
<arg>${json_data}</arg>
<arg>results</arg>
<doc>Fails if ``key`` is not found from ``dictionary``.</doc>
<status status="PASS" start="2024-06-09T13:15:25.703706" elapsed="0.000187"/>
</kw>
<kw name="Should Not Be Empty" owner="BuiltIn">
<msg time="2024-06-09T13:15:25.704315" level="INFO">Length is 2.</msg>
<arg>${json_data}</arg>
<doc>Verifies that the given item is not empty.</doc>
<status status="PASS" start="2024-06-09T13:15:25.704180" elapsed="0.000173"/>
</kw>
<kw name="Create List" owner="BuiltIn">
<msg time="2024-06-09T13:15:25.704794" level="INFO">${expected_keys} = ['gender', 'name', 'location', 'email', 'login']</msg>
<var>${expected_keys}</var>
<arg>gender</arg>
<arg>name</arg>
<arg>location</arg>
<arg>email</arg>
<arg>login</arg>
<doc>Returns a list containing given items.</doc>
<status status="PASS" start="2024-06-09T13:15:25.704642" elapsed="0.000177"/>
</kw>
<for flavor="IN">
<iter>
<kw name="Dictionary Should Contain Key" owner="Collections">
<msg time="2024-06-09T13:15:25.705796" level="INFO">False</msg>
<arg>${json_data['results'][0]}</arg>
<arg>${key}</arg>
<doc>Fails if ``key`` is not found from ``dictionary``.</doc>
<status status="PASS" start="2024-06-09T13:15:25.705394" elapsed="0.000446"/>
</kw>
<kw name="Log" owner="BuiltIn">
<msg time="2024-06-09T13:15:25.706577" level="INFO">{'gender': 'female', 'name': {'title': 'Mrs', 'first': 'Magdalene', 'last': 'Kölbl'}, 'location': {'street': {'number': 6921, 'name': 'Birkenstraße'}, 'city': 'Schwalmstadt', 'state': 'Mecklenburg-Vorpommern', 'country': 'Germany', 'postcode': 52473, 'coordinates': {'latitude': '-55.5938', 'longitude': '125.5286'}, 'timezone': {'offset': '+3:00', 'description': 'Baghdad, Riyadh, Moscow, St. Petersburg'}}, 'email': 'magdalene.kolbl@example.com', 'login': {'uuid': 'a798b1c7-7429-4893-b729-f8249a82a86a', 'username': 'organiczebra553', 'password': 'border', 'salt': 'riJFMoDB', 'md5': '7adfad2c4968a4ec2bd650cb9c9df0e1', 'sha1': '2c099d263cc08a96d1e15c0eb6c5f7e412c55b6b', 'sha256': '9af47a2c77a0d879c403c71f44882374e579f8421bf46da1df6e72d684760b3b'}, 'dob': {'date': '1954-08-31T23:11:01.813Z', 'age': 69}, 'registered': {'date': '2008-05-29T05:41:05.168Z', 'age': 16}, 'phone': '0651-6546402', 'cell': '0175-6516881', 'id': {'name': 'SVNR', 'value': '12 310854 K 673'}, 'picture': {'large': 'https://randomuser.me/api/portraits/women/57.jpg', 'medium': 'https://randomuser.me/api/portraits/med/women/57.jpg', 'thumbnail': 'https://randomuser.me/api/portraits/thumb/women/57.jpg'}, 'nat': 'DE'}</msg>
<arg>${json_data['results'][0]}</arg>
<doc>Logs the given message with the given level.</doc>
<status status="PASS" start="2024-06-09T13:15:25.706135" elapsed="0.000505"/>
</kw>
<kw name="Log" owner="BuiltIn">
<msg time="2024-06-09T13:15:25.707083" level="INFO">gender</msg>
<arg>${key}</arg>
<doc>Logs the given message with the given level.</doc>
<status status="PASS" start="2024-06-09T13:15:25.706950" elapsed="0.000172"/>
</kw>
<var name="${key}">gender</var>
<status status="PASS" start="2024-06-09T13:15:25.705271" elapsed="0.002065"/>
</iter>
<iter>
<kw name="Dictionary Should Contain Key" owner="Collections">
<msg time="2024-06-09T13:15:25.708011" level="INFO">False</msg>
<arg>${json_data['results'][0]}</arg>
<arg>${key}</arg>
<doc>Fails if ``key`` is not found from ``dictionary``.</doc>
<status status="PASS" start="2024-06-09T13:15:25.707631" elapsed="0.000449"/>
</kw>
<kw name="Log" owner="BuiltIn">
<msg time="2024-06-09T13:15:25.708735" level="INFO">{'gender': 'female', 'name': {'title': 'Mrs', 'first': 'Magdalene', 'last': 'Kölbl'}, 'location': {'street': {'number': 6921, 'name': 'Birkenstraße'}, 'city': 'Schwalmstadt', 'state': 'Mecklenburg-Vorpommern', 'country': 'Germany', 'postcode': 52473, 'coordinates': {'latitude': '-55.5938', 'longitude': '125.5286'}, 'timezone': {'offset': '+3:00', 'description': 'Baghdad, Riyadh, Moscow, St. Petersburg'}}, 'email': 'magdalene.kolbl@example.com', 'login': {'uuid': 'a798b1c7-7429-4893-b729-f8249a82a86a', 'username': 'organiczebra553', 'password': 'border', 'salt': 'riJFMoDB', 'md5': '7adfad2c4968a4ec2bd650cb9c9df0e1', 'sha1': '2c099d263cc08a96d1e15c0eb6c5f7e412c55b6b', 'sha256': '9af47a2c77a0d879c403c71f44882374e579f8421bf46da1df6e72d684760b3b'}, 'dob': {'date': '1954-08-31T23:11:01.813Z', 'age': 69}, 'registered': {'date': '2008-05-29T05:41:05.168Z', 'age': 16}, 'phone': '0651-6546402', 'cell': '0175-6516881', 'id': {'name': 'SVNR', 'value': '12 310854 K 673'}, 'picture': {'large': 'https://randomuser.me/api/portraits/women/57.jpg', 'medium': 'https://randomuser.me/api/portraits/med/women/57.jpg', 'thumbnail': 'https://randomuser.me/api/portraits/thumb/women/57.jpg'}, 'nat': 'DE'}</msg>
<arg>${json_data['results'][0]}</arg>
<doc>Logs the given message with the given level.</doc>
<status status="PASS" start="2024-06-09T13:15:25.708374" elapsed="0.000421"/>
</kw>
<kw name="Log" owner="BuiltIn">
<msg time="2024-06-09T13:15:25.709212" level="INFO">name</msg>
<arg>${key}</arg>
<doc>Logs the given message with the given level.</doc>
<status status="PASS" start="2024-06-09T13:15:25.709088" elapsed="0.000161"/>
</kw>
<var name="${key}">name</var>
<status status="PASS" start="2024-06-09T13:15:25.707518" elapsed="0.001948"/>
</iter>
<iter>
<kw name="Dictionary Should Contain Key" owner="Collections">
<msg time="2024-06-09T13:15:25.710141" level="INFO">False</msg>
<arg>${json_data['results'][0]}</arg>
<arg>${key}</arg>
<doc>Fails if ``key`` is not found from ``dictionary``.</doc>
<status status="PASS" start="2024-06-09T13:15:25.709754" elapsed="0.000423"/>
</kw>
<kw name="Log" owner="BuiltIn">
<msg time="2024-06-09T13:15:25.710881" level="INFO">{'gender': 'female', 'name': {'title': 'Mrs', 'first': 'Magdalene', 'last': 'Kölbl'}, 'location': {'street': {'number': 6921, 'name': 'Birkenstraße'}, 'city': 'Schwalmstadt', 'state': 'Mecklenburg-Vorpommern', 'country': 'Germany', 'postcode': 52473, 'coordinates': {'latitude': '-55.5938', 'longitude': '125.5286'}, 'timezone': {'offset': '+3:00', 'description': 'Baghdad, Riyadh, Moscow, St. Petersburg'}}, 'email': 'magdalene.kolbl@example.com', 'login': {'uuid': 'a798b1c7-7429-4893-b729-f8249a82a86a', 'username': 'organiczebra553', 'password': 'border', 'salt': 'riJFMoDB', 'md5': '7adfad2c4968a4ec2bd650cb9c9df0e1', 'sha1': '2c099d263cc08a96d1e15c0eb6c5f7e412c55b6b', 'sha256': '9af47a2c77a0d879c403c71f44882374e579f8421bf46da1df6e72d684760b3b'}, 'dob': {'date': '1954-08-31T23:11:01.813Z', 'age': 69}, 'registered': {'date': '2008-05-29T05:41:05.168Z', 'age': 16}, 'phone': '0651-6546402', 'cell': '0175-6516881', 'id': {'name': 'SVNR', 'value': '12 310854 K 673'}, 'picture': {'large': 'https://randomuser.me/api/portraits/women/57.jpg', 'medium': 'https://randomuser.me/api/portraits/med/women/57.jpg', 'thumbnail': 'https://randomuser.me/api/portraits/thumb/women/57.jpg'}, 'nat': 'DE'}</msg>
<arg>${json_data['results'][0]}</arg>
<doc>Logs the given message with the given level.</doc>
<status status="PASS" start="2024-06-09T13:15:25.710512" elapsed="0.000420"/>
</kw>
<kw name="Log" owner="BuiltIn">
<msg time="2024-06-09T13:15:25.711364" level="INFO">location</msg>
<arg>${key}</arg>
<doc>Logs the given message with the given level.</doc>
<status status="PASS" start="2024-06-09T13:15:25.711238" elapsed="0.000163"/>
</kw>
<var name="${key}">location</var>
<status status="PASS" start="2024-06-09T13:15:25.709641" elapsed="0.001976"/>
</iter>
<iter>
<kw name="Dictionary Should Contain Key" owner="Collections">
<msg time="2024-06-09T13:15:25.712440" level="INFO">False</msg>
<arg>${json_data['results'][0]}</arg>
<arg>${key}</arg>
<doc>Fails if ``key`` is not found from ``dictionary``.</doc>
<status status="PASS" start="2024-06-09T13:15:25.711896" elapsed="0.000600"/>
</kw>
<kw name="Log" owner="BuiltIn">
<msg time="2024-06-09T13:15:25.713197" level="INFO">{'gender': 'female', 'name': {'title': 'Mrs', 'first': 'Magdalene', 'last': 'Kölbl'}, 'location': {'street': {'number': 6921, 'name': 'Birkenstraße'}, 'city': 'Schwalmstadt', 'state': 'Mecklenburg-Vorpommern', 'country': 'Germany', 'postcode': 52473, 'coordinates': {'latitude': '-55.5938', 'longitude': '125.5286'}, 'timezone': {'offset': '+3:00', 'description': 'Baghdad, Riyadh, Moscow, St. Petersburg'}}, 'email': 'magdalene.kolbl@example.com', 'login': {'uuid': 'a798b1c7-7429-4893-b729-f8249a82a86a', 'username': 'organiczebra553', 'password': 'border', 'salt': 'riJFMoDB', 'md5': '7adfad2c4968a4ec2bd650cb9c9df0e1', 'sha1': '2c099d263cc08a96d1e15c0eb6c5f7e412c55b6b', 'sha256': '9af47a2c77a0d879c403c71f44882374e579f8421bf46da1df6e72d684760b3b'}, 'dob': {'date': '1954-08-31T23:11:01.813Z', 'age': 69}, 'registered': {'date': '2008-05-29T05:41:05.168Z', 'age': 16}, 'phone': '0651-6546402', 'cell': '0175-6516881', 'id': {'name': 'SVNR', 'value': '12 310854 K 673'}, 'picture': {'large': 'https://randomuser.me/api/portraits/women/57.jpg', 'medium': 'https://randomuser.me/api/portraits/med/women/57.jpg', 'thumbnail': 'https://randomuser.me/api/portraits/thumb/women/57.jpg'}, 'nat': 'DE'}</msg>
<arg>${json_data['results'][0]}</arg>
<doc>Logs the given message with the given level.</doc>
<status status="PASS" start="2024-06-09T13:15:25.712831" elapsed="0.000416"/>
</kw>
<kw name="Log" owner="BuiltIn">
<msg time="2024-06-09T13:15:25.713665" level="INFO">email</msg>
<arg>${key}</arg>
<doc>Logs the given message with the given level.</doc>
<status status="PASS" start="2024-06-09T13:15:25.713539" elapsed="0.000163"/>
</kw>
<var name="${key}">email</var>
<status status="PASS" start="2024-06-09T13:15:25.711785" elapsed="0.002128"/>
</iter>
<iter>
<kw name="Dictionary Should Contain Key" owner="Collections">
<msg time="2024-06-09T13:15:25.714628" level="INFO">False</msg>
<arg>${json_data['results'][0]}</arg>
<arg>${key}</arg>
<doc>Fails if ``key`` is not found from ``dictionary``.</doc>
<status status="PASS" start="2024-06-09T13:15:25.714194" elapsed="0.000473"/>
</kw>
<kw name="Log" owner="BuiltIn">
<msg time="2024-06-09T13:15:25.715329" level="INFO">{'gender': 'female', 'name': {'title': 'Mrs', 'first': 'Magdalene', 'last': 'Kölbl'}, 'location': {'street': {'number': 6921, 'name': 'Birkenstraße'}, 'city': 'Schwalmstadt', 'state': 'Mecklenburg-Vorpommern', 'country': 'Germany', 'postcode': 52473, 'coordinates': {'latitude': '-55.5938', 'longitude': '125.5286'}, 'timezone': {'offset': '+3:00', 'description': 'Baghdad, Riyadh, Moscow, St. Petersburg'}}, 'email': 'magdalene.kolbl@example.com', 'login': {'uuid': 'a798b1c7-7429-4893-b729-f8249a82a86a', 'username': 'organiczebra553', 'password': 'border', 'salt': 'riJFMoDB', 'md5': '7adfad2c4968a4ec2bd650cb9c9df0e1', 'sha1': '2c099d263cc08a96d1e15c0eb6c5f7e412c55b6b', 'sha256': '9af47a2c77a0d879c403c71f44882374e579f8421bf46da1df6e72d684760b3b'}, 'dob': {'date': '1954-08-31T23:11:01.813Z', 'age': 69}, 'registered': {'date': '2008-05-29T05:41:05.168Z', 'age': 16}, 'phone': '0651-6546402', 'cell': '0175-6516881', 'id': {'name': 'SVNR', 'value': '12 310854 K 673'}, 'picture': {'large': 'https://randomuser.me/api/portraits/women/57.jpg', 'medium': 'https://randomuser.me/api/portraits/med/women/57.jpg', 'thumbnail': 'https://randomuser.me/api/portraits/thumb/women/57.jpg'}, 'nat': 'DE'}</msg>
<arg>${json_data['results'][0]}</arg>
<doc>Logs the given message with the given level.</doc>
<status status="PASS" start="2024-06-09T13:15:25.714970" elapsed="0.000408"/>
</kw>
<kw name="Log" owner="BuiltIn">
<msg time="2024-06-09T13:15:25.715821" level="INFO">login</msg>
<arg>${key}</arg>
<doc>Logs the given message with the given level.</doc>
<status status="PASS" start="2024-06-09T13:15:25.715694" elapsed="0.000165"/>
</kw>
<var name="${key}">login</var>
<status status="PASS" start="2024-06-09T13:15:25.714083" elapsed="0.001990"/>
</iter>
<var>${key}</var>
<value>@{expected_keys}</value>
<status status="PASS" start="2024-06-09T13:15:25.705078" elapsed="0.011117"/>
</for>
<kw name="Create List" owner="BuiltIn">
<msg time="2024-06-09T13:15:25.716524" level="INFO">${expected_keysTwo} = ['username', 'password']</msg>
<var>${expected_keysTwo}</var>
<arg>username</arg>
<arg>password</arg>
<doc>Returns a list containing given items.</doc>
<status status="PASS" start="2024-06-09T13:15:25.716389" elapsed="0.000159"/>
</kw>
<for flavor="IN">
<iter>
<kw name="Dictionary Should Contain Key" owner="Collections">
<msg time="2024-06-09T13:15:25.717426" level="INFO">False</msg>
<arg>${json_data['results'][0]['login']}</arg>
<arg>${keyTwo}</arg>
<doc>Fails if ``key`` is not found from ``dictionary``.</doc>
<status status="PASS" start="2024-06-09T13:15:25.717044" elapsed="0.000420"/>
</kw>
<kw name="Dictionary Should Contain Key" owner="Collections">
<msg time="2024-06-09T13:15:25.718129" level="INFO">False</msg>
<arg>${json_data['results'][0]['login']}</arg>
<arg>${keyTwo}</arg>
<doc>Fails if ``key`` is not found from ``dictionary``.</doc>
<status status="PASS" start="2024-06-09T13:15:25.717755" elapsed="0.000409"/>
</kw>
<kw name="Log" owner="BuiltIn">
<msg time="2024-06-09T13:15:25.718695" level="INFO">username</msg>
<arg>${keyTwo}</arg>
<doc>Logs the given message with the given level.</doc>
<status status="PASS" start="2024-06-09T13:15:25.718545" elapsed="0.000187"/>
</kw>
<var name="${keyTwo}">username</var>
<status status="PASS" start="2024-06-09T13:15:25.716935" elapsed="0.002017"/>
</iter>
<iter>
<kw name="Dictionary Should Contain Key" owner="Collections">
<msg time="2024-06-09T13:15:25.719620" level="INFO">False</msg>
<arg>${json_data['results'][0]['login']}</arg>
<arg>${keyTwo}</arg>
<doc>Fails if ``key`` is not found from ``dictionary``.</doc>
<status status="PASS" start="2024-06-09T13:15:25.719230" elapsed="0.000427"/>
</kw>
<kw name="Dictionary Should Contain Key" owner="Collections">
<msg time="2024-06-09T13:15:25.720327" level="INFO">False</msg>
<arg>${json_data['results'][0]['login']}</arg>
<arg>${keyTwo}</arg>
<doc>Fails if ``key`` is not found from ``dictionary``.</doc>
<status status="PASS" start="2024-06-09T13:15:25.719953" elapsed="0.000411"/>
</kw>
<kw name="Log" owner="BuiltIn">
<msg time="2024-06-09T13:15:25.720779" level="INFO">password</msg>
<arg>${keyTwo}</arg>
<doc>Logs the given message with the given level.</doc>
<status status="PASS" start="2024-06-09T13:15:25.720654" elapsed="0.000162"/>
</kw>
<var name="${keyTwo}">password</var>
<status status="PASS" start="2024-06-09T13:15:25.719120" elapsed="0.001909"/>
</iter>
<var>${keyTwo}</var>
<value>@{expected_keysTwo}</value>
<status status="PASS" start="2024-06-09T13:15:25.716782" elapsed="0.004365"/>
</for>
<status status="PASS" start="2024-06-09T13:15:25.576968" elapsed="0.144319"/>
</kw>
<doc>Testa a estrutura da resposta da API.</doc>
<tag>testeEstruturaResposta</tag>
<status status="PASS" start="2024-06-09T13:15:25.576343" elapsed="0.145102"/>
</test>
<test id="s1-s1-t4" name="Validar tipos de dados" line="28">
<kw name="Teste de Tipos de Dados" owner="random-user-service">
<kw name="GET On Session" owner="RequestsLibrary">
<msg time="2024-06-09T13:15:25.767445" level="INFO">GET Request : url=https://randomuser.me/api 
 path_url=/api 
 headers={'User-Agent': 'python-requests/2.32.3', 'Accept-Encoding': 'gzip, deflate', 'Accept': '*/*', 'Connection': 'keep-alive'} 
 body=None 
 </msg>
<msg time="2024-06-09T13:15:25.767521" level="INFO">GET Response : url=https://randomuser.me/api 
 status=200, reason=OK 
 headers={'Date': 'Sun, 09 Jun 2024 13:15:25 GMT', 'Content-Type': 'application/json; charset=utf-8', 'Transfer-Encoding': 'chunked', 'Connection': 'keep-alive', 'X-Powered-By': 'Express', 'Access-Control-Allow-Origin': '*', 'Cache-Control': 'no-cache', 'ETag': 'W/"4af-yTbKKyjfQQSaaf3SbOWChXpwhUs"', 'Vary': 'Accept-Encoding', 'Content-Encoding': 'gzip', 'CF-Cache-Status': 'DYNAMIC', 'Report-To': '{"endpoints":[{"url":"https:\\/\\/a.nel.cloudflare.com\\/report\\/v4?s=sRY2W1nnRWcVQI6bsP1WXcqzvWOekulbKWCvc0XGKSqKB%2FjANiCRrk8FQYOHkjq7QAQ5fEdy5u32V2zaCsD3hMUQHkWTh2RipUEKTmuKzUgVICt7oPuGTHLX6Q7fQnDz"}],"group":"cf-nel","max_age":604800}', 'NEL': '{"success_fraction":0,"report_to":"cf-nel","max_age":604800}', 'Server': 'cloudflare', 'CF-RAY': '891163edce670830-IAD', 'alt-svc': 'h3=":443"; ma=86400'} 
 body={"results":[{"gender":"female","name":{"title":"Miss","first":"Vicky","last":"Howard"},"location":{"street":{"number":981,"name":"Queensway"},"city":"Nottingham","state":"North Yorkshire","country":"United Kingdom","postcode":"J29 9JU","coordinates":{"latitude":"-6.2145","longitude":"111.4283"},"timezone":{"offset":"+3:00","description":"Baghdad, Riyadh, Moscow, St. Petersburg"}},"email":"vicky.howard@example.com","login":{"uuid":"f6081a9a-5fc0-4504-9ad5-a032a3791707","username":"goldenostrich135","password":"software","salt":"9XdwarvN","md5":"977c894dd6820c24c85dd8e7d72d0c8c","sha1":"b0184c82c5beebacebeb0f80b2acc1a77cde1d48","sha256":"38b3ded6a891b30eaa17cc3f0d8ede32bcb3472858c80c5bb5b0c9d1c62c696a"},"dob":{"date":"1958-06-17T02:59:14.828Z","age":65},"registered":{"date":"2005-11-20T02:22:01.848Z","age":18},"phone":"017684 94845","cell":"07373 239283","id":{"name":"NINO","value":"MX 06 40 78 B"},"picture":{"large":"https://randomuser.me/api/portraits/women/63.jpg","medium":"https://randomuser.me/api/portraits/med/women/63.jpg","thumbnail":"https://randomuser.me/api/portraits/thumb/women/63.jpg"},"nat":"GB"}],"info":{"seed":"9880ac96a8f512ef","results":1,"page":1,"version":"1.4"}} 
 </msg>
<msg time="2024-06-09T13:15:25.767583" level="INFO">/opt/hostedtoolcache/Python/3.12.3/x64/lib/python3.12/site-packages/urllib3/connectionpool.py:1103: InsecureRequestWarning: Unverified HTTPS request is being made to host 'randomuser.me'. Adding certificate verification is strongly advised. See: https://urllib3.readthedocs.io/en/latest/advanced-usage.html#tls-warnings
  warnings.warn(</msg>
<msg time="2024-06-09T13:15:25.767692" level="INFO">${response} = &lt;Response [200]&gt;</msg>
<var>${response}</var>
<arg>consultarAPI</arg>
<arg>/api</arg>
<doc>Sends a GET request on a previously created HTTP Session.</doc>
<status status="PASS" start="2024-06-09T13:15:25.724089" elapsed="0.043640"/>
</kw>
<kw name="Set Variable" owner="BuiltIn">
<msg time="2024-06-09T13:15:25.768821" level="INFO">${json_data} = {'results': [{'gender': 'female', 'name': {'title': 'Miss', 'first': 'Vicky', 'last': 'Howard'}, 'location': {'street': {'number': 981, 'name': 'Queensway'}, 'city': 'Nottingham', 'state': 'North York...</msg>
<var>${json_data}</var>
<arg>${response.json()}</arg>
<doc>Returns the given values which can then be assigned to a variables.</doc>
<status status="PASS" start="2024-06-09T13:15:25.768251" elapsed="0.000599"/>
</kw>
<kw name="Log" owner="BuiltIn">
<msg time="2024-06-09T13:15:25.769320" level="INFO">{'results': [{'gender': 'female', 'name': {'title': 'Miss', 'first': 'Vicky', 'last': 'Howard'}, 'location': {'street': {'number': 981, 'name': 'Queensway'}, 'city': 'Nottingham', 'state': 'North Yorkshire', 'country': 'United Kingdom', 'postcode': 'J29 9JU', 'coordinates': {'latitude': '-6.2145', 'longitude': '111.4283'}, 'timezone': {'offset': '+3:00', 'description': 'Baghdad, Riyadh, Moscow, St. Petersburg'}}, 'email': 'vicky.howard@example.com', 'login': {'uuid': 'f6081a9a-5fc0-4504-9ad5-a032a3791707', 'username': 'goldenostrich135', 'password': 'software', 'salt': '9XdwarvN', 'md5': '977c894dd6820c24c85dd8e7d72d0c8c', 'sha1': 'b0184c82c5beebacebeb0f80b2acc1a77cde1d48', 'sha256': '38b3ded6a891b30eaa17cc3f0d8ede32bcb3472858c80c5bb5b0c9d1c62c696a'}, 'dob': {'date': '1958-06-17T02:59:14.828Z', 'age': 65}, 'registered': {'date': '2005-11-20T02:22:01.848Z', 'age': 18}, 'phone': '017684 94845', 'cell': '07373 239283', 'id': {'name': 'NINO', 'value': 'MX 06 40 78 B'}, 'picture': {'large': 'https://randomuser.me/api/portraits/women/63.jpg', 'medium': 'https://randomuser.me/api/portraits/med/women/63.jpg', 'thumbnail': 'https://randomuser.me/api/portraits/thumb/women/63.jpg'}, 'nat': 'GB'}], 'info': {'seed': '9880ac96a8f512ef', 'results': 1, 'page': 1, 'version': '1.4'}}</msg>
<arg>${json_data}</arg>
<doc>Logs the given message with the given level.</doc>
<status status="PASS" start="2024-06-09T13:15:25.769162" elapsed="0.000244"/>
</kw>
<kw name="Should Be String" owner="String">
<arg>${json_data['results'][0]['gender']}</arg>
<doc>Fails if the given ``item`` is not a string.</doc>
<status status="PASS" start="2024-06-09T13:15:25.769713" elapsed="0.000359"/>
</kw>
<kw name="Should Match Regexp" owner="BuiltIn">
<arg>${json_data['results'][0]['email']}</arg>
<arg>^[a-zA-Z0-9._%+-]+@[a-zA-Z0-9.-]+\.[a-zA-Z]{2,}$</arg>
<doc>Fails if ``string`` does not match ``pattern`` as a regular expression.</doc>
<status status="PASS" start="2024-06-09T13:15:25.770265" elapsed="0.000695"/>
</kw>
<kw name="Should Match Regexp" owner="BuiltIn">
<arg>${json_data['results'][0]['dob']['date']}</arg>
<arg>\\d{4}-\\d{2}-\\d{2}T\\d{2}:\\d{2}:\\d{2}\\.\\d{3}Z</arg>
<doc>Fails if ``string`` does not match ``pattern`` as a regular expression.</doc>
<status status="PASS" start="2024-06-09T13:15:25.771160" elapsed="0.000506"/>
</kw>
<kw name="Should Match Regexp" owner="BuiltIn">
<arg>${json_data['results'][0]['registered']['date']}</arg>
<arg>\\d{4}-\\d{2}-\\d{2}T\\d{2}:\\d{2}:\\d{2}\\.\\d{3}Z</arg>
<doc>Fails if ``string`` does not match ``pattern`` as a regular expression.</doc>
<status status="PASS" start="2024-06-09T13:15:25.771861" elapsed="0.000373"/>
</kw>
<kw name="Should Match Regexp" owner="BuiltIn">
<arg>${json_data['results'][0]['picture']['large']}</arg>
<arg>^https?://.*\.(?:png|jpe?g|gif|bmp)$</arg>
<doc>Fails if ``string`` does not match ``pattern`` as a regular expression.</doc>
<status status="PASS" start="2024-06-09T13:15:25.772425" elapsed="0.000468"/>
</kw>
<kw name="Should Match Regexp" owner="BuiltIn">
<arg>${json_data['results'][0]['picture']['medium']}</arg>
<arg>^https?://.*\.(?:png|jpe?g|gif|bmp)$</arg>
<doc>Fails if ``string`` does not match ``pattern`` as a regular expression.</doc>
<status status="PASS" start="2024-06-09T13:15:25.773085" elapsed="0.000350"/>
</kw>
<kw name="Should Match Regexp" owner="BuiltIn">
<arg>${json_data['results'][0]['picture']['thumbnail']}</arg>
<arg>^https?://.*\.(?:png|jpe?g|gif|bmp)$</arg>
<doc>Fails if ``string`` does not match ``pattern`` as a regular expression.</doc>
<status status="PASS" start="2024-06-09T13:15:25.773620" elapsed="0.000349"/>
</kw>
<kw name="Log" owner="BuiltIn">
<msg time="2024-06-09T13:15:25.774494" level="INFO">{'large': 'https://randomuser.me/api/portraits/women/63.jpg', 'medium': 'https://randomuser.me/api/portraits/med/women/63.jpg', 'thumbnail': 'https://randomuser.me/api/portraits/thumb/women/63.jpg'}</msg>
<arg>${json_data['results'][0]['picture']}</arg>
<doc>Logs the given message with the given level.</doc>
<status status="PASS" start="2024-06-09T13:15:25.774151" elapsed="0.000386"/>
</kw>
<status status="PASS" start="2024-06-09T13:15:25.723852" elapsed="0.050942"/>
</kw>
<kw name="Teste de Tipos de Dados - Postcode" owner="random-user-service">
<kw name="GET On Session" owner="RequestsLibrary">
<msg time="2024-06-09T13:15:25.869448" level="INFO">GET Request : url=https://randomuser.me/api 
 path_url=/api 
 headers={'User-Agent': 'python-requests/2.32.3', 'Accept-Encoding': 'gzip, deflate', 'Accept': '*/*', 'Connection': 'keep-alive'} 
 body=None 
 </msg>
<msg time="2024-06-09T13:15:25.869562" level="INFO">GET Response : url=https://randomuser.me/api 
 status=200, reason=OK 
 headers={'Date': 'Sun, 09 Jun 2024 13:15:25 GMT', 'Content-Type': 'application/json; charset=utf-8', 'Transfer-Encoding': 'chunked', 'Connection': 'keep-alive', 'X-Powered-By': 'Express', 'Access-Control-Allow-Origin': '*', 'Cache-Control': 'no-cache', 'ETag': 'W/"498-6hKTzf+n92ubJrnfj23Qx28FcHc"', 'Vary': 'Accept-Encoding', 'Content-Encoding': 'gzip', 'CF-Cache-Status': 'DYNAMIC', 'Report-To': '{"endpoints":[{"url":"https:\\/\\/a.nel.cloudflare.com\\/report\\/v4?s=Y1wvJ%2Bu8NmURwDh6T%2BmwfIQeNRzYvt5I%2FD2GhFRCjcX7wrYVl2crUvx%2FxzribR5iBz6tPTGe1gj4PULzrK4U7Sbc4dGTP%2FgNY%2BoFlp2SS5Y3wHrs2JcaV0jsIiRaSFoK"}],"group":"cf-nel","max_age":604800}', 'NEL': '{"success_fraction":0,"report_to":"cf-nel","max_age":604800}', 'Server': 'cloudflare', 'CF-RAY': '891163ee1eba0830-IAD', 'alt-svc': 'h3=":443"; ma=86400'} 
 body={"results":[{"gender":"male","name":{"title":"Mr","first":"Hans Dieter","last":"Renz"},"location":{"street":{"number":6065,"name":"Ahornweg"},"city":"Betzenstein","state":"Hamburg","country":"Germany","postcode":87266,"coordinates":{"latitude":"-53.1633","longitude":"-23.0810"},"timezone":{"offset":"+10:00","description":"Eastern Australia, Guam, Vladivostok"}},"email":"hansdieter.renz@example.com","login":{"uuid":"5bf9015d-d2b9-4862-be2b-a0e37d634e64","username":"blackpeacock685","password":"templar","salt":"YkRLIAlC","md5":"ec503eba1f004426620ed8fb1767d275","sha1":"fd67f3110d2b8c3d388a410d09a8d83cdf937a7d","sha256":"acfed5f52bba7e2a6d99ffed3bcf65362a07cc3b3b1db596a94fee272fce12fc"},"dob":{"date":"1946-04-15T23:16:46.012Z","age":78},"registered":{"date":"2020-08-23T01:05:27.771Z","age":3},"phone":"0483-2294279","cell":"0172-2712739","id":{"name":"SVNR","value":"09 150446 R 065"},"picture":{"large":"https://randomuser.me/api/portraits/men/24.jpg","medium":"https://randomuser.me/api/portraits/med/men/24.jpg","thumbnail":"https://randomuser.me/api/portraits/thumb/men/24.jpg"},"nat":"DE"}],"info":{"seed":"5de3ff13c68c8cf5","results":1,"page":1,"version":"1.4"}} 
 </msg>
<msg time="2024-06-09T13:15:25.869637" level="INFO">/opt/hostedtoolcache/Python/3.12.3/x64/lib/python3.12/site-packages/urllib3/connectionpool.py:1103: InsecureRequestWarning: Unverified HTTPS request is being made to host 'randomuser.me'. Adding certificate verification is strongly advised. See: https://urllib3.readthedocs.io/en/latest/advanced-usage.html#tls-warnings
  warnings.warn(</msg>
<msg time="2024-06-09T13:15:25.869766" level="INFO">${response} = &lt;Response [200]&gt;</msg>
<var>${response}</var>
<arg>consultarAPI</arg>
<arg>/api</arg>
<doc>Sends a GET request on a previously created HTTP Session.</doc>
<status status="PASS" start="2024-06-09T13:15:25.775240" elapsed="0.094565"/>
</kw>
<kw name="Set Variable" owner="BuiltIn">
<msg time="2024-06-09T13:15:25.871046" level="INFO">${json_data} = {'results': [{'gender': 'male', 'name': {'title': 'Mr', 'first': 'Hans Dieter', 'last': 'Renz'}, 'location': {'street': {'number': 6065, 'name': 'Ahornweg'}, 'city': 'Betzenstein', 'state': 'Hamburg',...</msg>
<var>${json_data}</var>
<arg>${response.json()}</arg>
<doc>Returns the given values which can then be assigned to a variables.</doc>
<status status="PASS" start="2024-06-09T13:15:25.870498" elapsed="0.000577"/>
</kw>
<kw name="Log" owner="BuiltIn">
<msg time="2024-06-09T13:15:25.871551" level="INFO">{'results': [{'gender': 'male', 'name': {'title': 'Mr', 'first': 'Hans Dieter', 'last': 'Renz'}, 'location': {'street': {'number': 6065, 'name': 'Ahornweg'}, 'city': 'Betzenstein', 'state': 'Hamburg', 'country': 'Germany', 'postcode': 87266, 'coordinates': {'latitude': '-53.1633', 'longitude': '-23.0810'}, 'timezone': {'offset': '+10:00', 'description': 'Eastern Australia, Guam, Vladivostok'}}, 'email': 'hansdieter.renz@example.com', 'login': {'uuid': '5bf9015d-d2b9-4862-be2b-a0e37d634e64', 'username': 'blackpeacock685', 'password': 'templar', 'salt': 'YkRLIAlC', 'md5': 'ec503eba1f004426620ed8fb1767d275', 'sha1': 'fd67f3110d2b8c3d388a410d09a8d83cdf937a7d', 'sha256': 'acfed5f52bba7e2a6d99ffed3bcf65362a07cc3b3b1db596a94fee272fce12fc'}, 'dob': {'date': '1946-04-15T23:16:46.012Z', 'age': 78}, 'registered': {'date': '2020-08-23T01:05:27.771Z', 'age': 3}, 'phone': '0483-2294279', 'cell': '0172-2712739', 'id': {'name': 'SVNR', 'value': '09 150446 R 065'}, 'picture': {'large': 'https://randomuser.me/api/portraits/men/24.jpg', 'medium': 'https://randomuser.me/api/portraits/med/men/24.jpg', 'thumbnail': 'https://randomuser.me/api/portraits/thumb/men/24.jpg'}, 'nat': 'DE'}], 'info': {'seed': '5de3ff13c68c8cf5', 'results': 1, 'page': 1, 'version': '1.4'}}</msg>
<arg>${json_data}</arg>
<doc>Logs the given message with the given level.</doc>
<status status="PASS" start="2024-06-09T13:15:25.871393" elapsed="0.000244"/>
</kw>
<kw name="Should Be Equal As Numbers" owner="BuiltIn">
<arg>${json_data['results'][0]['location']['postcode']}</arg>
<arg>${json_data['results'][0]['location']['postcode']}</arg>
<doc>Fails if objects are unequal after converting them to real numbers.</doc>
<status status="PASS" start="2024-06-09T13:15:25.871938" elapsed="0.000628"/>
</kw>
<kw name="Log" owner="BuiltIn">
<msg time="2024-06-09T13:15:25.873099" level="INFO">87266</msg>
<arg>${json_data['results'][0]['location']['postcode']}</arg>
<doc>Logs the given message with the given level.</doc>
<status status="PASS" start="2024-06-09T13:15:25.872764" elapsed="0.000376"/>
</kw>
<status status="PASS" start="2024-06-09T13:15:25.775014" elapsed="0.098382"/>
</kw>
<doc>Testa se os tipos de dados na resposta da API estão corretos.</doc>
<tag>testeTiposDados</tag>
<status status="PASS" start="2024-06-09T13:15:25.723269" elapsed="0.150299"/>
</test>
<test id="s1-s1-t5" name="Validar conteudo" line="35">
<kw name="Teste de Tipos de Conteudo" owner="random-user-service">
<kw name="GET On Session" owner="RequestsLibrary">
<msg time="2024-06-09T13:15:25.978010" level="INFO">GET Request : url=https://randomuser.me/api 
 path_url=/api 
 headers={'User-Agent': 'python-requests/2.32.3', 'Accept-Encoding': 'gzip, deflate', 'Accept': '*/*', 'Connection': 'keep-alive'} 
 body=None 
 </msg>
<msg time="2024-06-09T13:15:25.978105" level="INFO">GET Response : url=https://randomuser.me/api 
 status=200, reason=OK 
 headers={'Date': 'Sun, 09 Jun 2024 13:15:25 GMT', 'Content-Type': 'application/json; charset=utf-8', 'Transfer-Encoding': 'chunked', 'Connection': 'keep-alive', 'X-Powered-By': 'Express', 'Access-Control-Allow-Origin': '*', 'Cache-Control': 'no-cache', 'ETag': 'W/"48e-65JS6rHUzfSnb6jqttf+KtuZPzg"', 'Vary': 'Accept-Encoding', 'Content-Encoding': 'gzip', 'CF-Cache-Status': 'DYNAMIC', 'Report-To': '{"endpoints":[{"url":"https:\\/\\/a.nel.cloudflare.com\\/report\\/v4?s=v7dSYj7neooPuaG7DvI4hWml8cMU4phehusPUKJ9nuhx1KnNNcYXficuG67%2Bo4qpoXfV4QgW00cJxGfoP3YUaZmZImTTjPJhF7sWd%2BN%2BcR8SkJs4FPqCNtFLs7dGQTLr"}],"group":"cf-nel","max_age":604800}', 'NEL': '{"success_fraction":0,"report_to":"cf-nel","max_age":604800}', 'Server': 'cloudflare', 'CF-RAY': '891163eebf490830-IAD', 'alt-svc': 'h3=":443"; ma=86400'} 
 body={"results":[{"gender":"male","name":{"title":"Mr","first":"Patrick","last":"Wood"},"location":{"street":{"number":8469,"name":"Theodosia Street"},"city":"Gisborne","state":"Wellington","country":"New Zealand","postcode":17244,"coordinates":{"latitude":"55.5181","longitude":"-129.3433"},"timezone":{"offset":"-4:00","description":"Atlantic Time (Canada), Caracas, La Paz"}},"email":"patrick.wood@example.com","login":{"uuid":"de4de3e1-3671-46ba-ae5b-cec332a5fd3d","username":"greenpanda782","password":"talon","salt":"oxEgxQNA","md5":"c71adb180389f67a4d633b37434e53f1","sha1":"62cc5473b5bf4dc1c40bc41744b33139cd88d3c1","sha256":"112a09bcbbeb5819188b890aecc57faaa6e6d91a796ee3acd33068549e3a0041"},"dob":{"date":"1994-11-28T12:56:08.693Z","age":29},"registered":{"date":"2017-05-28T22:42:54.937Z","age":7},"phone":"(216)-398-2893","cell":"(901)-343-0843","id":{"name":"","value":null},"picture":{"large":"https://randomuser.me/api/portraits/men/19.jpg","medium":"https://randomuser.me/api/portraits/med/men/19.jpg","thumbnail":"https://randomuser.me/api/portraits/thumb/men/19.jpg"},"nat":"NZ"}],"info":{"seed":"5833758b81004d94","results":1,"page":1,"version":"1.4"}} 
 </msg>
<msg time="2024-06-09T13:15:25.978173" level="INFO">/opt/hostedtoolcache/Python/3.12.3/x64/lib/python3.12/site-packages/urllib3/connectionpool.py:1103: InsecureRequestWarning: Unverified HTTPS request is being made to host 'randomuser.me'. Adding certificate verification is strongly advised. See: https://urllib3.readthedocs.io/en/latest/advanced-usage.html#tls-warnings
  warnings.warn(</msg>
<msg time="2024-06-09T13:15:25.978320" level="INFO">${response} = &lt;Response [200]&gt;</msg>
<var>${response}</var>
<arg>consultarAPI</arg>
<arg>/api</arg>
<doc>Sends a GET request on a previously created HTTP Session.</doc>
<status status="PASS" start="2024-06-09T13:15:25.876201" elapsed="0.102162"/>
</kw>
<kw name="Set Variable" owner="BuiltIn">
<msg time="2024-06-09T13:15:25.979532" level="INFO">${json_data} = {'results': [{'gender': 'male', 'name': {'title': 'Mr', 'first': 'Patrick', 'last': 'Wood'}, 'location': {'street': {'number': 8469, 'name': 'Theodosia Street'}, 'city': 'Gisborne', 'state': 'Wellingt...</msg>
<var>${json_data}</var>
<arg>${response.json()}</arg>
<doc>Returns the given values which can then be assigned to a variables.</doc>
<status status="PASS" start="2024-06-09T13:15:25.978970" elapsed="0.000590"/>
</kw>
<kw name="Set Variable" owner="BuiltIn">
<msg time="2024-06-09T13:15:25.980253" level="INFO">${name_title} = Mr</msg>
<var>${name_title}</var>
<arg>${json_data["results"][0]["name"]["title"]}</arg>
<doc>Returns the given values which can then be assigned to a variables.</doc>
<status status="PASS" start="2024-06-09T13:15:25.979870" elapsed="0.000408"/>
</kw>
<kw name="Create List" owner="BuiltIn">
<msg time="2024-06-09T13:15:25.980723" level="INFO">${allowed_titles} = ['Mr', 'Ms', 'Miss', 'Mrs', 'Madame', 'Monsieur']</msg>
<var>${allowed_titles}</var>
<arg>Mr</arg>
<arg>Ms</arg>
<arg>Miss</arg>
<arg>Mrs</arg>
<arg>Madame</arg>
<arg>Monsieur</arg>
<doc>Returns a list containing given items.</doc>
<status status="PASS" start="2024-06-09T13:15:25.980575" elapsed="0.000173"/>
</kw>
<kw name="List Should Contain Value" owner="Collections">
<msg time="2024-06-09T13:15:25.981226" level="INFO">False</msg>
<arg>${allowed_titles}</arg>
<arg>${name_title}</arg>
<doc>Fails if the ``value`` is not found from ``list``.</doc>
<status status="PASS" start="2024-06-09T13:15:25.981051" elapsed="0.000211"/>
</kw>
<kw name="Set Variable" owner="BuiltIn">
<msg time="2024-06-09T13:15:25.982113" level="INFO">${name_country} = NZ</msg>
<var>${name_country}</var>
<arg>${json_data["results"][0]["nat"]}</arg>
<doc>Returns the given values which can then be assigned to a variables.</doc>
<status status="PASS" start="2024-06-09T13:15:25.981556" elapsed="0.000583"/>
</kw>
<kw name="Create List" owner="BuiltIn">
<msg time="2024-06-09T13:15:25.983085" level="INFO">${list_country} = ['AD', 'AE', 'AF', 'AG', 'AI', 'AL', 'AM', 'AO', 'AQ', 'AR', 'AS', 'AT', 'AU', 'AW', 'AX', 'AZ', 'BA', 'BB', 'BD', 'BE', 'BF', 'BG', 'BH', 'BI', 'BJ', 'BL', 'BM', 'BN', 'BO', 'BQ', 'BR', 'BS', 'BT', '...</msg>
<var>${list_country}</var>
<arg>AD</arg>
<arg>AE</arg>
<arg>AF</arg>
<arg>AG</arg>
<arg>AI</arg>
<arg>AL</arg>
<arg>AM</arg>
<arg>AO</arg>
<arg>AQ</arg>
<arg>AR</arg>
<arg>AS</arg>
<arg>AT</arg>
<arg>AU</arg>
<arg>AW</arg>
<arg>AX</arg>
<arg>AZ</arg>
<arg>BA</arg>
<arg>BB</arg>
<arg>BD</arg>
<arg>BE</arg>
<arg>BF</arg>
<arg>BG</arg>
<arg>BH</arg>
<arg>BI</arg>
<arg>BJ</arg>
<arg>BL</arg>
<arg>BM</arg>
<arg>BN</arg>
<arg>BO</arg>
<arg>BQ</arg>
<arg>BR</arg>
<arg>BS</arg>
<arg>BT</arg>
<arg>BV</arg>
<arg>BW</arg>
<arg>BY</arg>
<arg>BZ</arg>
<arg>CA</arg>
<arg>CC</arg>
<arg>CD</arg>
<arg>CF</arg>
<arg>CG</arg>
<arg>CH</arg>
<arg>CI</arg>
<arg>CK</arg>
<arg>CL</arg>
<arg>CM</arg>
<arg>CN</arg>
<arg>CO</arg>
<arg>CR</arg>
<arg>CU</arg>
<arg>CV</arg>
<arg>CW</arg>
<arg>CX</arg>
<arg>CY</arg>
<arg>CZ</arg>
<arg>DE</arg>
<arg>DJ</arg>
<arg>DK</arg>
<arg>DM</arg>
<arg>DO</arg>
<arg>DZ</arg>
<arg>EC</arg>
<arg>EE</arg>
<arg>EG</arg>
<arg>EH</arg>
<arg>ER</arg>
<arg>ES</arg>
<arg>ET</arg>
<arg>FI</arg>
<arg>FJ</arg>
<arg>FK</arg>
<arg>FM</arg>
<arg>FO</arg>
<arg>FR</arg>
<arg>GA</arg>
<arg>GB</arg>
<arg>GD</arg>
<arg>GE</arg>
<arg>GF</arg>
<arg>GG</arg>
<arg>GH</arg>
<arg>GI</arg>
<arg>GL</arg>
<arg>GM</arg>
<arg>GN</arg>
<arg>GP</arg>
<arg>GQ</arg>
<arg>GR</arg>
<arg>GS</arg>
<arg>GT</arg>
<arg>GU</arg>
<arg>GW</arg>
<arg>GY</arg>
<arg>HK</arg>
<arg>HM</arg>
<arg>HN</arg>
<arg>HR</arg>
<arg>HT</arg>
<arg>HU</arg>
<arg>ID</arg>
<arg>IE</arg>
<arg>IL</arg>
<arg>IM</arg>
<arg>IN</arg>
<arg>IO</arg>
<arg>IQ</arg>
<arg>IR</arg>
<arg>IS</arg>
<arg>IT</arg>
<arg>JE</arg>
<arg>JM</arg>
<arg>JO</arg>
<arg>JP</arg>
<arg>KE</arg>
<arg>KG</arg>
<arg>KH</arg>
<arg>KI</arg>
<arg>KM</arg>
<arg>KN</arg>
<arg>KP</arg>
<arg>KR</arg>
<arg>KW</arg>
<arg>KY</arg>
<arg>KZ</arg>
<arg>LA</arg>
<arg>LB</arg>
<arg>LC</arg>
<arg>LI</arg>
<arg>LK</arg>
<arg>LR</arg>
<arg>LS</arg>
<arg>LT</arg>
<arg>LU</arg>
<arg>LV</arg>
<arg>LY</arg>
<arg>MA</arg>
<arg>MC</arg>
<arg>MD</arg>
<arg>ME</arg>
<arg>MF</arg>
<arg>MG</arg>
<arg>MH</arg>
<arg>MK</arg>
<arg>ML</arg>
<arg>MM</arg>
<arg>MN</arg>
<arg>MO</arg>
<arg>MP</arg>
<arg>MQ</arg>
<arg>MR</arg>
<arg>MS</arg>
<arg>MT</arg>
<arg>MU</arg>
<arg>MV</arg>
<arg>MW</arg>
<arg>MX</arg>
<arg>MY</arg>
<arg>MZ</arg>
<arg>NA</arg>
<arg>NC</arg>
<arg>NE</arg>
<arg>NF</arg>
<arg>NG</arg>
<arg>NI</arg>
<arg>NL</arg>
<arg>NO</arg>
<arg>NP</arg>
<arg>NR</arg>
<arg>NU</arg>
<arg>NZ</arg>
<arg>OM</arg>
<arg>PA</arg>
<arg>PE</arg>
<arg>PF</arg>
<arg>PG</arg>
<arg>PH</arg>
<arg>PK</arg>
<arg>PL</arg>
<arg>PM</arg>
<arg>PN</arg>
<arg>PR</arg>
<arg>PS</arg>
<arg>PT</arg>
<arg>PW</arg>
<arg>PY</arg>
<arg>QA</arg>
<arg>RE</arg>
<arg>RO</arg>
<arg>RS</arg>
<arg>RU</arg>
<arg>RW</arg>
<arg>SA</arg>
<arg>SB</arg>
<arg>SC</arg>
<arg>SD</arg>
<arg>SE</arg>
<arg>SG</arg>
<arg>SH</arg>
<arg>SI</arg>
<arg>SJ</arg>
<arg>SK</arg>
<arg>SL</arg>
<arg>SM</arg>
<arg>SN</arg>
<arg>SO</arg>
<arg>SR</arg>
<arg>SS</arg>
<arg>ST</arg>
<arg>SV</arg>
<arg>SX</arg>
<arg>SY</arg>
<arg>SZ</arg>
<arg>TC</arg>
<arg>TD</arg>
<arg>TF</arg>
<arg>TG</arg>
<arg>TH</arg>
<arg>TJ</arg>
<arg>TK</arg>
<arg>TL</arg>
<arg>TM</arg>
<arg>TN</arg>
<arg>TO</arg>
<arg>TR</arg>
<arg>TT</arg>
<arg>TV</arg>
<arg>TW</arg>
<arg>TZ</arg>
<arg>UA</arg>
<arg>UG</arg>
<arg>UM</arg>
<arg>US</arg>
<arg>UY</arg>
<arg>UZ</arg>
<arg>VA</arg>
<arg>VC</arg>
<arg>VE</arg>
<arg>VG</arg>
<arg>VI</arg>
<arg>VN</arg>
<arg>VU</arg>
<arg>WF</arg>
<arg>WS</arg>
<arg>XK</arg>
<arg>YE</arg>
<arg>YT</arg>
<arg>ZA</arg>
<arg>ZM</arg>
<arg>ZW</arg>
<doc>Returns a list containing given items.</doc>
<status status="PASS" start="2024-06-09T13:15:25.982488" elapsed="0.000623"/>
</kw>
<kw name="List Should Contain Value" owner="Collections">
<msg time="2024-06-09T13:15:25.984098" level="INFO">False</msg>
<arg>${list_country}</arg>
<arg>${name_country}</arg>
<doc>Fails if the ``value`` is not found from ``list``.</doc>
<status status="PASS" start="2024-06-09T13:15:25.983897" elapsed="0.000236"/>
</kw>
<kw name="Run Keyword If" owner="BuiltIn">
<kw name="Should Be True" owner="BuiltIn">
<arg>${True}</arg>
<doc>Fails if the given condition is not true.</doc>
<status status="PASS" start="2024-06-09T13:15:25.985203" elapsed="0.000144"/>
</kw>
<arg>${json_data["results"][0]["location"]["coordinates"]["latitude"]} &gt;= -90 and ${json_data["results"][0]["location"]["coordinates"]["latitude"]} &lt;= 90</arg>
<arg>Should Be True</arg>
<arg>${True}</arg>
<doc>Runs the given keyword with the given arguments, if ``condition`` is true.</doc>
<status status="PASS" start="2024-06-09T13:15:25.984447" elapsed="0.001028"/>
</kw>
<kw name="Run Keyword If" owner="BuiltIn">
<kw name="Should Be True" owner="BuiltIn">
<arg>${True}</arg>
<doc>Fails if the given condition is not true.</doc>
<status status="PASS" start="2024-06-09T13:15:25.986401" elapsed="0.000153"/>
</kw>
<arg>${json_data["results"][0]["location"]["coordinates"]["longitude"]} &gt;= -180 and ${json_data["results"][0]["location"]["coordinates"]["longitude"]} &lt;= 180</arg>
<arg>Should Be True</arg>
<arg>${True}</arg>
<doc>Runs the given keyword with the given arguments, if ``condition`` is true.</doc>
<status status="PASS" start="2024-06-09T13:15:25.985665" elapsed="0.001016"/>
</kw>
<status status="PASS" start="2024-06-09T13:15:25.875964" elapsed="0.110849"/>
</kw>
<doc>Testa o conteúdo específico dos campos retornados pela API.</doc>
<tag>testeConteudo</tag>
<status status="PASS" start="2024-06-09T13:15:25.875408" elapsed="0.111558"/>
</test>
<status status="PASS" start="2024-06-09T13:15:24.985958" elapsed="1.002983"/>
</suite>
<status status="PASS" start="2024-06-09T13:15:24.972418" elapsed="1.021769"/>
</suite>
<statistics>
<total>
<stat pass="5" fail="0" skip="0">All Tests</stat>
</total>
<tag>
<stat pass="1" fail="0" skip="0">testeConteudo</stat>
<stat pass="1" fail="0" skip="0">testeEstruturaResposta</stat>
<stat pass="1" fail="0" skip="0">testeRequisicaoBasica</stat>
<stat pass="1" fail="0" skip="0">testeTiposDados</stat>
</tag>
<suite>
<stat pass="5" fail="0" skip="0" id="s1" name="Tests">Tests</stat>
<stat pass="5" fail="0" skip="0" id="s1-s1" name="Random-User-Test">Tests.Random-User-Test</stat>
</suite>
</statistics>
<errors>
</errors>
</robot>
