<?xml version="1.0" encoding="UTF-8"?>
<robot generator="Robot 7.0 (Python 3.12.3 on linux)" generated="2024-05-29T04:19:05.240475" rpa="false" schemaversion="5">
<suite id="s1" name="Tests" source="/home/runner/work/ApiRandomUser/ApiRandomUser/RamdonUser/tests">
<suite id="s1-s1" name="Random-User-Test" source="/home/runner/work/ApiRandomUser/ApiRandomUser/RamdonUser/tests/random-user-test.robot">
<test id="s1-s1-t1" name="Conectar" line="13">
<kw name="Conectar API" owner="random-user-service">
<kw name="Create Session" owner="RequestsLibrary">
<msg time="2024-05-29T04:19:05.635752" level="INFO">Creating Session using : alias=consultarAPI, url=https://randomuser.me/, headers={},                     cookies={}, auth=None, timeout=None, proxies=None, verify=False,                     debug=0 </msg>
<arg>consultarAPI</arg>
<arg>${URL}</arg>
<doc>Create Session: create a HTTP session to a server</doc>
<status status="PASS" start="2024-05-29T04:19:05.635531" elapsed="0.000420"/>
</kw>
<status status="PASS" start="2024-05-29T04:19:05.634421" elapsed="0.001925"/>
</kw>
<status status="PASS" start="2024-05-29T04:19:05.633712" elapsed="0.002839"/>
</test>
<test id="s1-s1-t2" name="Validar retorno 200 e JSON Válido" line="16">
<kw name="Teste de Requisicao Basica" owner="random-user-service">
<kw name="GET On Session" owner="RequestsLibrary">
<msg time="2024-05-29T04:19:05.825126" level="INFO">GET Request : url=https://randomuser.me/api 
 path_url=/api 
 headers={'User-Agent': 'python-requests/2.32.2', 'Accept-Encoding': 'gzip, deflate', 'Accept': '*/*', 'Connection': 'keep-alive'} 
 body=None 
 </msg>
<msg time="2024-05-29T04:19:05.825306" level="INFO">GET Response : url=https://randomuser.me/api 
 status=200, reason=OK 
 headers={'Date': 'Wed, 29 May 2024 04:19:05 GMT', 'Content-Type': 'application/json; charset=utf-8', 'Transfer-Encoding': 'chunked', 'Connection': 'keep-alive', 'X-Powered-By': 'Express', 'Access-Control-Allow-Origin': '*', 'Cache-Control': 'no-cache', 'ETag': 'W/"49e-sfCIVkBpzGShDxtIg+ZbrPo/wEg"', 'Vary': 'Accept-Encoding', 'Content-Encoding': 'gzip', 'CF-Cache-Status': 'DYNAMIC', 'Report-To': '{"endpoints":[{"url":"https:\\/\\/a.nel.cloudflare.com\\/report\\/v4?s=FQqcaYxQiqHZFzPyjgUAWawygepeof3KwL%2FWuS2fwdDgkGLGW%2FrGz0Lt1VYVMUfBerETIEvDxE6R3TNuuShX4FL%2BgacTyY2XKZa3ZxsunHW2gma6fdnWwez7XV7SX9g4"}],"group":"cf-nel","max_age":604800}', 'NEL': '{"success_fraction":0,"report_to":"cf-nel","max_age":604800}', 'Server': 'cloudflare', 'CF-RAY': '88b3af292f12a3de-ORD', 'alt-svc': 'h3=":443"; ma=86400'} 
 body={"results":[{"gender":"female","name":{"title":"Ms","first":"Lovise","last":"Farestveit"},"location":{"street":{"number":7415,"name":"Karoline Kristiansens vei"},"city":"Sjøvegan","state":"Bergen","country":"Norway","postcode":"3121","coordinates":{"latitude":"38.7022","longitude":"162.5439"},"timezone":{"offset":"+1:00","description":"Brussels, Copenhagen, Madrid, Paris"}},"email":"lovise.farestveit@example.com","login":{"uuid":"93f7b6b2-4ab8-4770-b9f4-8c98f12f667d","username":"brownleopard814","password":"yuan","salt":"PSFCEbBI","md5":"9ef57a130d34dab8cb966c87594eb024","sha1":"584c71c0bfd75257920941c818fa6eda40d4c506","sha256":"187035972a29e1d7ba2f0fb9a11bdd983c4561d2eca15a8f97fb346a5bee7a8d"},"dob":{"date":"1978-01-25T18:19:08.027Z","age":46},"registered":{"date":"2012-10-11T11:55:12.472Z","age":11},"phone":"21944486","cell":"98158979","id":{"name":"FN","value":"25017828021"},"picture":{"large":"https://randomuser.me/api/portraits/women/95.jpg","medium":"https://randomuser.me/api/portraits/med/women/95.jpg","thumbnail":"https://randomuser.me/api/portraits/thumb/women/95.jpg"},"nat":"NO"}],"info":{"seed":"8a4b6cc979be2034","results":1,"page":1,"version":"1.4"}} 
 </msg>
<msg time="2024-05-29T04:19:05.825412" level="INFO">/opt/hostedtoolcache/Python/3.12.3/x64/lib/python3.12/site-packages/urllib3/connectionpool.py:1103: InsecureRequestWarning: Unverified HTTPS request is being made to host 'randomuser.me'. Adding certificate verification is strongly advised. See: https://urllib3.readthedocs.io/en/latest/advanced-usage.html#tls-warnings
  warnings.warn(</msg>
<msg time="2024-05-29T04:19:05.825573" level="INFO">${response} = &lt;Response [200]&gt;</msg>
<var>${response}</var>
<arg>consultarAPI</arg>
<arg>/api</arg>
<doc>Sends a GET request on a previously created HTTP Session.</doc>
<status status="PASS" start="2024-05-29T04:19:05.639322" elapsed="0.186293"/>
</kw>
<kw name="Should Be Equal As Numbers" owner="BuiltIn">
<msg time="2024-05-29T04:19:05.826653" level="INFO">Argument types are:
&lt;class 'int'&gt;
&lt;class 'str'&gt;</msg>
<arg>${response.status_code}</arg>
<arg>200</arg>
<doc>Fails if objects are unequal after converting them to real numbers.</doc>
<status status="PASS" start="2024-05-29T04:19:05.826179" elapsed="0.000542"/>
</kw>
<kw name="Log" owner="BuiltIn">
<msg time="2024-05-29T04:19:05.827469" level="INFO">200</msg>
<arg>${response.status_code}</arg>
<doc>Logs the given message with the given level.</doc>
<status status="PASS" start="2024-05-29T04:19:05.827102" elapsed="0.000417"/>
</kw>
<kw name="Set Variable" owner="BuiltIn">
<msg time="2024-05-29T04:19:05.828310" level="INFO">${json_data} = {'results': [{'gender': 'female', 'name': {'title': 'Ms', 'first': 'Lovise', 'last': 'Farestveit'}, 'location': {'street': {'number': 7415, 'name': 'Karoline Kristiansens vei'}, 'city': 'Sjøvegan', 's...</msg>
<var>${json_data}</var>
<arg>${response.json()}</arg>
<doc>Returns the given values which can then be assigned to a variables.</doc>
<status status="PASS" start="2024-05-29T04:19:05.827853" elapsed="0.000487"/>
</kw>
<kw name="Dictionary Should Contain Key" owner="Collections">
<msg time="2024-05-29T04:19:05.828832" level="INFO">False</msg>
<arg>${json_data}</arg>
<arg>results</arg>
<doc>Fails if ``key`` is not found from ``dictionary``.</doc>
<status status="PASS" start="2024-05-29T04:19:05.828653" elapsed="0.000397"/>
</kw>
<status status="PASS" start="2024-05-29T04:19:05.639060" elapsed="0.190272"/>
</kw>
<doc>Testa se a API responde corretamente e retorna um objeto JSON válido.</doc>
<tag>testeRequisicaoBasica</tag>
<status status="PASS" start="2024-05-29T04:19:05.638516" elapsed="0.191002"/>
</test>
<test id="s1-s1-t3" name="Validar estrutura de resposta" line="22">
<kw name="Teste de Estrutura de Resposta" owner="random-user-service">
<kw name="GET On Session" owner="RequestsLibrary">
<msg time="2024-05-29T04:19:05.923257" level="INFO">GET Request : url=https://randomuser.me/api 
 path_url=/api 
 headers={'User-Agent': 'python-requests/2.32.2', 'Accept-Encoding': 'gzip, deflate', 'Accept': '*/*', 'Connection': 'keep-alive'} 
 body=None 
 </msg>
<msg time="2024-05-29T04:19:05.923383" level="INFO">GET Response : url=https://randomuser.me/api 
 status=200, reason=OK 
 headers={'Date': 'Wed, 29 May 2024 04:19:05 GMT', 'Content-Type': 'application/json; charset=utf-8', 'Transfer-Encoding': 'chunked', 'Connection': 'keep-alive', 'X-Powered-By': 'Express', 'Access-Control-Allow-Origin': '*', 'Cache-Control': 'no-cache', 'ETag': 'W/"48c-dsmUN2oZIEZQOHAvrP/Md1O2nO8"', 'Vary': 'Accept-Encoding', 'Content-Encoding': 'gzip', 'CF-Cache-Status': 'DYNAMIC', 'Report-To': '{"endpoints":[{"url":"https:\\/\\/a.nel.cloudflare.com\\/report\\/v4?s=2aLa33VTu2e0RmuKZm7QJIbNxIkfbuuFnqrje%2F9FD8hmTL5X4C3yFn602mvjsPPfgOpQuHt4aS4xNu30pobbS0%2B6ik%2FOBao2FOBRNOtCYlkQSSr%2BVR8dDWFUa3rMGjsu"}],"group":"cf-nel","max_age":604800}', 'NEL': '{"success_fraction":0,"report_to":"cf-nel","max_age":604800}', 'Server': 'cloudflare', 'CF-RAY': '88b3af297f67a3de-ORD', 'alt-svc': 'h3=":443"; ma=86400'} 
 body={"results":[{"gender":"male","name":{"title":"Mr","first":"محمدامين","last":"صدر"},"location":{"street":{"number":9534,"name":"پارک دانشجو"},"city":"قزوین","state":"سمنان","country":"Iran","postcode":67433,"coordinates":{"latitude":"18.9090","longitude":"-100.9534"},"timezone":{"offset":"+4:00","description":"Abu Dhabi, Muscat, Baku, Tbilisi"}},"email":"mhmdmyn.sdr@example.com","login":{"uuid":"c69feb6a-773a-41c9-9f2e-dfd0bd002e1c","username":"blackswan852","password":"yousuck","salt":"DCoQdUMu","md5":"6ba1cadddae58df4f999b87dc062c6ad","sha1":"59d095aba7412f55589bac37d0bfb5b2711f12e0","sha256":"31b03dbec999ae64033bbc9b851719d7a03478be41c64e25bb9a1decd20ca5b1"},"dob":{"date":"1998-06-11T10:22:31.386Z","age":25},"registered":{"date":"2019-03-09T16:27:43.102Z","age":5},"phone":"078-00180776","cell":"0943-057-7287","id":{"name":"","value":null},"picture":{"large":"https://randomuser.me/api/portraits/men/2.jpg","medium":"https://randomuser.me/api/portraits/med/men/2.jpg","thumbnail":"https://randomuser.me/api/portraits/thumb/men/2.jpg"},"nat":"IR"}],"info":{"seed":"3a88b399821938c3","results":1,"page":1,"version":"1.4"}} 
 </msg>
<msg time="2024-05-29T04:19:05.923548" level="INFO">/opt/hostedtoolcache/Python/3.12.3/x64/lib/python3.12/site-packages/urllib3/connectionpool.py:1103: InsecureRequestWarning: Unverified HTTPS request is being made to host 'randomuser.me'. Adding certificate verification is strongly advised. See: https://urllib3.readthedocs.io/en/latest/advanced-usage.html#tls-warnings
  warnings.warn(</msg>
<msg time="2024-05-29T04:19:05.923710" level="INFO">${response} = &lt;Response [200]&gt;</msg>
<var>${response}</var>
<arg>consultarAPI</arg>
<arg>/api</arg>
<doc>Sends a GET request on a previously created HTTP Session.</doc>
<status status="PASS" start="2024-05-29T04:19:05.832719" elapsed="0.091040"/>
</kw>
<kw name="Set Variable" owner="BuiltIn">
<msg time="2024-05-29T04:19:05.924892" level="INFO">${json_data} = {'results': [{'gender': 'male', 'name': {'title': 'Mr', 'first': 'محمدامين', 'last': 'صدر'}, 'location': {'street': {'number': 9534, 'name': 'پارک دانشجو'}, 'city': 'قزوین', 'state': 'سمنان', 'country...</msg>
<var>${json_data}</var>
<arg>${response.json()}</arg>
<doc>Returns the given values which can then be assigned to a variables.</doc>
<status status="PASS" start="2024-05-29T04:19:05.924285" elapsed="0.000640"/>
</kw>
<kw name="Log" owner="BuiltIn">
<msg time="2024-05-29T04:19:05.925466" level="INFO">{'results': [{'gender': 'male', 'name': {'title': 'Mr', 'first': 'محمدامين', 'last': 'صدر'}, 'location': {'street': {'number': 9534, 'name': 'پارک دانشجو'}, 'city': 'قزوین', 'state': 'سمنان', 'country': 'Iran', 'postcode': 67433, 'coordinates': {'latitude': '18.9090', 'longitude': '-100.9534'}, 'timezone': {'offset': '+4:00', 'description': 'Abu Dhabi, Muscat, Baku, Tbilisi'}}, 'email': 'mhmdmyn.sdr@example.com', 'login': {'uuid': 'c69feb6a-773a-41c9-9f2e-dfd0bd002e1c', 'username': 'blackswan852', 'password': 'yousuck', 'salt': 'DCoQdUMu', 'md5': '6ba1cadddae58df4f999b87dc062c6ad', 'sha1': '59d095aba7412f55589bac37d0bfb5b2711f12e0', 'sha256': '31b03dbec999ae64033bbc9b851719d7a03478be41c64e25bb9a1decd20ca5b1'}, 'dob': {'date': '1998-06-11T10:22:31.386Z', 'age': 25}, 'registered': {'date': '2019-03-09T16:27:43.102Z', 'age': 5}, 'phone': '078-00180776', 'cell': '0943-057-7287', 'id': {'name': '', 'value': None}, 'picture': {'large': 'https://randomuser.me/api/portraits/men/2.jpg', 'medium': 'https://randomuser.me/api/portraits/med/men/2.jpg', 'thumbnail': 'https://randomuser.me/api/portraits/thumb/men/2.jpg'}, 'nat': 'IR'}], 'info': {'seed': '3a88b399821938c3', 'results': 1, 'page': 1, 'version': '1.4'}}</msg>
<arg>${json_data}</arg>
<doc>Logs the given message with the given level.</doc>
<status status="PASS" start="2024-05-29T04:19:05.925286" elapsed="0.000236"/>
</kw>
<kw name="Dictionary Should Contain Key" owner="Collections">
<msg time="2024-05-29T04:19:05.926075" level="INFO">False</msg>
<arg>${json_data}</arg>
<arg>results</arg>
<doc>Fails if ``key`` is not found from ``dictionary``.</doc>
<status status="PASS" start="2024-05-29T04:19:05.925846" elapsed="0.000270"/>
</kw>
<kw name="Should Not Be Empty" owner="BuiltIn">
<msg time="2024-05-29T04:19:05.926577" level="INFO">Length is 2.</msg>
<arg>${json_data}</arg>
<doc>Verifies that the given item is not empty.</doc>
<status status="PASS" start="2024-05-29T04:19:05.926436" elapsed="0.000181"/>
</kw>
<kw name="Create List" owner="BuiltIn">
<msg time="2024-05-29T04:19:05.927075" level="INFO">${expected_keys} = ['gender', 'name', 'location', 'email', 'login']</msg>
<var>${expected_keys}</var>
<arg>gender</arg>
<arg>name</arg>
<arg>location</arg>
<arg>email</arg>
<arg>login</arg>
<doc>Returns a list containing given items.</doc>
<status status="PASS" start="2024-05-29T04:19:05.926917" elapsed="0.000183"/>
</kw>
<for flavor="IN">
<iter>
<kw name="Dictionary Should Contain Key" owner="Collections">
<msg time="2024-05-29T04:19:05.928136" level="INFO">False</msg>
<arg>${json_data['results'][0]}</arg>
<arg>${key}</arg>
<doc>Fails if ``key`` is not found from ``dictionary``.</doc>
<status status="PASS" start="2024-05-29T04:19:05.927704" elapsed="0.000473"/>
</kw>
<kw name="Log" owner="BuiltIn">
<msg time="2024-05-29T04:19:05.928876" level="INFO">{'gender': 'male', 'name': {'title': 'Mr', 'first': 'محمدامين', 'last': 'صدر'}, 'location': {'street': {'number': 9534, 'name': 'پارک دانشجو'}, 'city': 'قزوین', 'state': 'سمنان', 'country': 'Iran', 'postcode': 67433, 'coordinates': {'latitude': '18.9090', 'longitude': '-100.9534'}, 'timezone': {'offset': '+4:00', 'description': 'Abu Dhabi, Muscat, Baku, Tbilisi'}}, 'email': 'mhmdmyn.sdr@example.com', 'login': {'uuid': 'c69feb6a-773a-41c9-9f2e-dfd0bd002e1c', 'username': 'blackswan852', 'password': 'yousuck', 'salt': 'DCoQdUMu', 'md5': '6ba1cadddae58df4f999b87dc062c6ad', 'sha1': '59d095aba7412f55589bac37d0bfb5b2711f12e0', 'sha256': '31b03dbec999ae64033bbc9b851719d7a03478be41c64e25bb9a1decd20ca5b1'}, 'dob': {'date': '1998-06-11T10:22:31.386Z', 'age': 25}, 'registered': {'date': '2019-03-09T16:27:43.102Z', 'age': 5}, 'phone': '078-00180776', 'cell': '0943-057-7287', 'id': {'name': '', 'value': None}, 'picture': {'large': 'https://randomuser.me/api/portraits/men/2.jpg', 'medium': 'https://randomuser.me/api/portraits/med/men/2.jpg', 'thumbnail': 'https://randomuser.me/api/portraits/thumb/men/2.jpg'}, 'nat': 'IR'}</msg>
<arg>${json_data['results'][0]}</arg>
<doc>Logs the given message with the given level.</doc>
<status status="PASS" start="2024-05-29T04:19:05.928485" elapsed="0.000454"/>
</kw>
<kw name="Log" owner="BuiltIn">
<msg time="2024-05-29T04:19:05.929383" level="INFO">gender</msg>
<arg>${key}</arg>
<doc>Logs the given message with the given level.</doc>
<status status="PASS" start="2024-05-29T04:19:05.929249" elapsed="0.000172"/>
</kw>
<var name="${key}">gender</var>
<status status="PASS" start="2024-05-29T04:19:05.927575" elapsed="0.002066"/>
</iter>
<iter>
<kw name="Dictionary Should Contain Key" owner="Collections">
<msg time="2024-05-29T04:19:05.930383" level="INFO">False</msg>
<arg>${json_data['results'][0]}</arg>
<arg>${key}</arg>
<doc>Fails if ``key`` is not found from ``dictionary``.</doc>
<status status="PASS" start="2024-05-29T04:19:05.929976" elapsed="0.000445"/>
</kw>
<kw name="Log" owner="BuiltIn">
<msg time="2024-05-29T04:19:05.931115" level="INFO">{'gender': 'male', 'name': {'title': 'Mr', 'first': 'محمدامين', 'last': 'صدر'}, 'location': {'street': {'number': 9534, 'name': 'پارک دانشجو'}, 'city': 'قزوین', 'state': 'سمنان', 'country': 'Iran', 'postcode': 67433, 'coordinates': {'latitude': '18.9090', 'longitude': '-100.9534'}, 'timezone': {'offset': '+4:00', 'description': 'Abu Dhabi, Muscat, Baku, Tbilisi'}}, 'email': 'mhmdmyn.sdr@example.com', 'login': {'uuid': 'c69feb6a-773a-41c9-9f2e-dfd0bd002e1c', 'username': 'blackswan852', 'password': 'yousuck', 'salt': 'DCoQdUMu', 'md5': '6ba1cadddae58df4f999b87dc062c6ad', 'sha1': '59d095aba7412f55589bac37d0bfb5b2711f12e0', 'sha256': '31b03dbec999ae64033bbc9b851719d7a03478be41c64e25bb9a1decd20ca5b1'}, 'dob': {'date': '1998-06-11T10:22:31.386Z', 'age': 25}, 'registered': {'date': '2019-03-09T16:27:43.102Z', 'age': 5}, 'phone': '078-00180776', 'cell': '0943-057-7287', 'id': {'name': '', 'value': None}, 'picture': {'large': 'https://randomuser.me/api/portraits/men/2.jpg', 'medium': 'https://randomuser.me/api/portraits/med/men/2.jpg', 'thumbnail': 'https://randomuser.me/api/portraits/thumb/men/2.jpg'}, 'nat': 'IR'}</msg>
<arg>${json_data['results'][0]}</arg>
<doc>Logs the given message with the given level.</doc>
<status status="PASS" start="2024-05-29T04:19:05.930748" elapsed="0.000421"/>
</kw>
<kw name="Log" owner="BuiltIn">
<msg time="2024-05-29T04:19:05.931601" level="INFO">name</msg>
<arg>${key}</arg>
<doc>Logs the given message with the given level.</doc>
<status status="PASS" start="2024-05-29T04:19:05.931471" elapsed="0.000168"/>
</kw>
<var name="${key}">name</var>
<status status="PASS" start="2024-05-29T04:19:05.929837" elapsed="0.002023"/>
</iter>
<iter>
<kw name="Dictionary Should Contain Key" owner="Collections">
<msg time="2024-05-29T04:19:05.932540" level="INFO">False</msg>
<arg>${json_data['results'][0]}</arg>
<arg>${key}</arg>
<doc>Fails if ``key`` is not found from ``dictionary``.</doc>
<status status="PASS" start="2024-05-29T04:19:05.932157" elapsed="0.000421"/>
</kw>
<kw name="Log" owner="BuiltIn">
<msg time="2024-05-29T04:19:05.933253" level="INFO">{'gender': 'male', 'name': {'title': 'Mr', 'first': 'محمدامين', 'last': 'صدر'}, 'location': {'street': {'number': 9534, 'name': 'پارک دانشجو'}, 'city': 'قزوین', 'state': 'سمنان', 'country': 'Iran', 'postcode': 67433, 'coordinates': {'latitude': '18.9090', 'longitude': '-100.9534'}, 'timezone': {'offset': '+4:00', 'description': 'Abu Dhabi, Muscat, Baku, Tbilisi'}}, 'email': 'mhmdmyn.sdr@example.com', 'login': {'uuid': 'c69feb6a-773a-41c9-9f2e-dfd0bd002e1c', 'username': 'blackswan852', 'password': 'yousuck', 'salt': 'DCoQdUMu', 'md5': '6ba1cadddae58df4f999b87dc062c6ad', 'sha1': '59d095aba7412f55589bac37d0bfb5b2711f12e0', 'sha256': '31b03dbec999ae64033bbc9b851719d7a03478be41c64e25bb9a1decd20ca5b1'}, 'dob': {'date': '1998-06-11T10:22:31.386Z', 'age': 25}, 'registered': {'date': '2019-03-09T16:27:43.102Z', 'age': 5}, 'phone': '078-00180776', 'cell': '0943-057-7287', 'id': {'name': '', 'value': None}, 'picture': {'large': 'https://randomuser.me/api/portraits/men/2.jpg', 'medium': 'https://randomuser.me/api/portraits/med/men/2.jpg', 'thumbnail': 'https://randomuser.me/api/portraits/thumb/men/2.jpg'}, 'nat': 'IR'}</msg>
<arg>${json_data['results'][0]}</arg>
<doc>Logs the given message with the given level.</doc>
<status status="PASS" start="2024-05-29T04:19:05.932879" elapsed="0.000428"/>
</kw>
<kw name="Log" owner="BuiltIn">
<msg time="2024-05-29T04:19:05.933741" level="INFO">location</msg>
<arg>${key}</arg>
<doc>Logs the given message with the given level.</doc>
<status status="PASS" start="2024-05-29T04:19:05.933614" elapsed="0.000165"/>
</kw>
<var name="${key}">location</var>
<status status="PASS" start="2024-05-29T04:19:05.932044" elapsed="0.001993"/>
</iter>
<iter>
<kw name="Dictionary Should Contain Key" owner="Collections">
<msg time="2024-05-29T04:19:05.934852" level="INFO">False</msg>
<arg>${json_data['results'][0]}</arg>
<arg>${key}</arg>
<doc>Fails if ``key`` is not found from ``dictionary``.</doc>
<status status="PASS" start="2024-05-29T04:19:05.934343" elapsed="0.000548"/>
</kw>
<kw name="Log" owner="BuiltIn">
<msg time="2024-05-29T04:19:05.935557" level="INFO">{'gender': 'male', 'name': {'title': 'Mr', 'first': 'محمدامين', 'last': 'صدر'}, 'location': {'street': {'number': 9534, 'name': 'پارک دانشجو'}, 'city': 'قزوین', 'state': 'سمنان', 'country': 'Iran', 'postcode': 67433, 'coordinates': {'latitude': '18.9090', 'longitude': '-100.9534'}, 'timezone': {'offset': '+4:00', 'description': 'Abu Dhabi, Muscat, Baku, Tbilisi'}}, 'email': 'mhmdmyn.sdr@example.com', 'login': {'uuid': 'c69feb6a-773a-41c9-9f2e-dfd0bd002e1c', 'username': 'blackswan852', 'password': 'yousuck', 'salt': 'DCoQdUMu', 'md5': '6ba1cadddae58df4f999b87dc062c6ad', 'sha1': '59d095aba7412f55589bac37d0bfb5b2711f12e0', 'sha256': '31b03dbec999ae64033bbc9b851719d7a03478be41c64e25bb9a1decd20ca5b1'}, 'dob': {'date': '1998-06-11T10:22:31.386Z', 'age': 25}, 'registered': {'date': '2019-03-09T16:27:43.102Z', 'age': 5}, 'phone': '078-00180776', 'cell': '0943-057-7287', 'id': {'name': '', 'value': None}, 'picture': {'large': 'https://randomuser.me/api/portraits/men/2.jpg', 'medium': 'https://randomuser.me/api/portraits/med/men/2.jpg', 'thumbnail': 'https://randomuser.me/api/portraits/thumb/men/2.jpg'}, 'nat': 'IR'}</msg>
<arg>${json_data['results'][0]}</arg>
<doc>Logs the given message with the given level.</doc>
<status status="PASS" start="2024-05-29T04:19:05.935194" elapsed="0.000425"/>
</kw>
<kw name="Log" owner="BuiltIn">
<msg time="2024-05-29T04:19:05.936048" level="INFO">email</msg>
<arg>${key}</arg>
<doc>Logs the given message with the given level.</doc>
<status status="PASS" start="2024-05-29T04:19:05.935919" elapsed="0.000175"/>
</kw>
<var name="${key}">email</var>
<status status="PASS" start="2024-05-29T04:19:05.934220" elapsed="0.002093"/>
</iter>
<iter>
<kw name="Dictionary Should Contain Key" owner="Collections">
<msg time="2024-05-29T04:19:05.936987" level="INFO">False</msg>
<arg>${json_data['results'][0]}</arg>
<arg>${key}</arg>
<doc>Fails if ``key`` is not found from ``dictionary``.</doc>
<status status="PASS" start="2024-05-29T04:19:05.936605" elapsed="0.000420"/>
</kw>
<kw name="Log" owner="BuiltIn">
<msg time="2024-05-29T04:19:05.937688" level="INFO">{'gender': 'male', 'name': {'title': 'Mr', 'first': 'محمدامين', 'last': 'صدر'}, 'location': {'street': {'number': 9534, 'name': 'پارک دانشجو'}, 'city': 'قزوین', 'state': 'سمنان', 'country': 'Iran', 'postcode': 67433, 'coordinates': {'latitude': '18.9090', 'longitude': '-100.9534'}, 'timezone': {'offset': '+4:00', 'description': 'Abu Dhabi, Muscat, Baku, Tbilisi'}}, 'email': 'mhmdmyn.sdr@example.com', 'login': {'uuid': 'c69feb6a-773a-41c9-9f2e-dfd0bd002e1c', 'username': 'blackswan852', 'password': 'yousuck', 'salt': 'DCoQdUMu', 'md5': '6ba1cadddae58df4f999b87dc062c6ad', 'sha1': '59d095aba7412f55589bac37d0bfb5b2711f12e0', 'sha256': '31b03dbec999ae64033bbc9b851719d7a03478be41c64e25bb9a1decd20ca5b1'}, 'dob': {'date': '1998-06-11T10:22:31.386Z', 'age': 25}, 'registered': {'date': '2019-03-09T16:27:43.102Z', 'age': 5}, 'phone': '078-00180776', 'cell': '0943-057-7287', 'id': {'name': '', 'value': None}, 'picture': {'large': 'https://randomuser.me/api/portraits/men/2.jpg', 'medium': 'https://randomuser.me/api/portraits/med/men/2.jpg', 'thumbnail': 'https://randomuser.me/api/portraits/thumb/men/2.jpg'}, 'nat': 'IR'}</msg>
<arg>${json_data['results'][0]}</arg>
<doc>Logs the given message with the given level.</doc>
<status status="PASS" start="2024-05-29T04:19:05.937322" elapsed="0.000417"/>
</kw>
<kw name="Log" owner="BuiltIn">
<msg time="2024-05-29T04:19:05.938212" level="INFO">login</msg>
<arg>${key}</arg>
<doc>Logs the given message with the given level.</doc>
<status status="PASS" start="2024-05-29T04:19:05.938081" elapsed="0.000169"/>
</kw>
<var name="${key}">login</var>
<status status="PASS" start="2024-05-29T04:19:05.936492" elapsed="0.002003"/>
</iter>
<var>${key}</var>
<value>@{expected_keys}</value>
<status status="PASS" start="2024-05-29T04:19:05.927370" elapsed="0.011252"/>
</for>
<kw name="Create List" owner="BuiltIn">
<msg time="2024-05-29T04:19:05.938961" level="INFO">${expected_keysTwo} = ['username', 'password']</msg>
<var>${expected_keysTwo}</var>
<arg>username</arg>
<arg>password</arg>
<doc>Returns a list containing given items.</doc>
<status status="PASS" start="2024-05-29T04:19:05.938823" elapsed="0.000161"/>
</kw>
<for flavor="IN">
<iter>
<kw name="Dictionary Should Contain Key" owner="Collections">
<msg time="2024-05-29T04:19:05.939908" level="INFO">False</msg>
<arg>${json_data['results'][0]['login']}</arg>
<arg>${keyTwo}</arg>
<doc>Fails if ``key`` is not found from ``dictionary``.</doc>
<status status="PASS" start="2024-05-29T04:19:05.939525" elapsed="0.000419"/>
</kw>
<kw name="Dictionary Should Contain Key" owner="Collections">
<msg time="2024-05-29T04:19:05.940620" level="INFO">False</msg>
<arg>${json_data['results'][0]['login']}</arg>
<arg>${keyTwo}</arg>
<doc>Fails if ``key`` is not found from ``dictionary``.</doc>
<status status="PASS" start="2024-05-29T04:19:05.940242" elapsed="0.000414"/>
</kw>
<kw name="Log" owner="BuiltIn">
<msg time="2024-05-29T04:19:05.941078" level="INFO">username</msg>
<arg>${keyTwo}</arg>
<doc>Logs the given message with the given level.</doc>
<status status="PASS" start="2024-05-29T04:19:05.940951" elapsed="0.000164"/>
</kw>
<var name="${keyTwo}">username</var>
<status status="PASS" start="2024-05-29T04:19:05.939406" elapsed="0.001924"/>
</iter>
<iter>
<kw name="Dictionary Should Contain Key" owner="Collections">
<msg time="2024-05-29T04:19:05.942024" level="INFO">False</msg>
<arg>${json_data['results'][0]['login']}</arg>
<arg>${keyTwo}</arg>
<doc>Fails if ``key`` is not found from ``dictionary``.</doc>
<status status="PASS" start="2024-05-29T04:19:05.941612" elapsed="0.000450"/>
</kw>
<kw name="Dictionary Should Contain Key" owner="Collections">
<msg time="2024-05-29T04:19:05.942737" level="INFO">False</msg>
<arg>${json_data['results'][0]['login']}</arg>
<arg>${keyTwo}</arg>
<doc>Fails if ``key`` is not found from ``dictionary``.</doc>
<status status="PASS" start="2024-05-29T04:19:05.942357" elapsed="0.000417"/>
</kw>
<kw name="Log" owner="BuiltIn">
<msg time="2024-05-29T04:19:05.943196" level="INFO">password</msg>
<arg>${keyTwo}</arg>
<doc>Logs the given message with the given level.</doc>
<status status="PASS" start="2024-05-29T04:19:05.943070" elapsed="0.000163"/>
</kw>
<var name="${keyTwo}">password</var>
<status status="PASS" start="2024-05-29T04:19:05.941502" elapsed="0.001950"/>
</iter>
<var>${keyTwo}</var>
<value>@{expected_keysTwo}</value>
<status status="PASS" start="2024-05-29T04:19:05.939249" elapsed="0.004323"/>
</for>
<status status="PASS" start="2024-05-29T04:19:05.832466" elapsed="0.111247"/>
</kw>
<doc>Testa a estrutura da resposta da API.</doc>
<tag>testeEstruturaResposta</tag>
<status status="PASS" start="2024-05-29T04:19:05.831851" elapsed="0.112022"/>
</test>
<test id="s1-s1-t4" name="Validar tipos de dados" line="28">
<kw name="Teste de Tipos de Dados" owner="random-user-service">
<kw name="GET On Session" owner="RequestsLibrary">
<msg time="2024-05-29T04:19:06.034812" level="INFO">GET Request : url=https://randomuser.me/api 
 path_url=/api 
 headers={'User-Agent': 'python-requests/2.32.2', 'Accept-Encoding': 'gzip, deflate', 'Accept': '*/*', 'Connection': 'keep-alive'} 
 body=None 
 </msg>
<msg time="2024-05-29T04:19:06.034884" level="INFO">GET Response : url=https://randomuser.me/api 
 status=200, reason=OK 
 headers={'Date': 'Wed, 29 May 2024 04:19:06 GMT', 'Content-Type': 'application/json; charset=utf-8', 'Transfer-Encoding': 'chunked', 'Connection': 'keep-alive', 'X-Powered-By': 'Express', 'Access-Control-Allow-Origin': '*', 'Cache-Control': 'no-cache', 'ETag': 'W/"46d-C4O04gM29BwVxRd/ab0u/sMZOcA"', 'Vary': 'Accept-Encoding', 'Content-Encoding': 'gzip', 'CF-Cache-Status': 'DYNAMIC', 'Report-To': '{"endpoints":[{"url":"https:\\/\\/a.nel.cloudflare.com\\/report\\/v4?s=CCPgfOaDMZ0f0NDMMFijxi66JmylKKW8ZHJ2JF1OEvOlMlZdXUcIv4GlOmMKBwY1e06oWIIcCSac7G2autinflXVPaoAi2GWbS9d27%2B75PgxajhCSCd1%2B3RIs%2F9wRCJh"}],"group":"cf-nel","max_age":604800}', 'NEL': '{"success_fraction":0,"report_to":"cf-nel","max_age":604800}', 'Server': 'cloudflare', 'CF-RAY': '88b3af2a2809a3de-ORD', 'alt-svc': 'h3=":443"; ma=86400'} 
 body={"results":[{"gender":"female","name":{"title":"Ms","first":"Miriam","last":"Soler"},"location":{"street":{"number":4142,"name":"Avenida de América"},"city":"Almería","state":"Ceuta","country":"Spain","postcode":66981,"coordinates":{"latitude":"-38.0487","longitude":"153.2026"},"timezone":{"offset":"+4:30","description":"Kabul"}},"email":"miriam.soler@example.com","login":{"uuid":"aeba6017-adf3-4e76-82f6-5fd90e597304","username":"happyfrog952","password":"wing","salt":"Z7m3Byck","md5":"b0c4a2b169864527140d68a94b98c252","sha1":"bb6539ad4232924a66205e74daa872fd98751752","sha256":"c669d40fb308ce7bd16b0550c149691721ccbef7a99aa1424f31b9ed649c162c"},"dob":{"date":"1991-09-05T18:44:59.576Z","age":32},"registered":{"date":"2013-08-02T11:52:15.749Z","age":10},"phone":"993-541-027","cell":"692-551-536","id":{"name":"DNI","value":"74111015-S"},"picture":{"large":"https://randomuser.me/api/portraits/women/4.jpg","medium":"https://randomuser.me/api/portraits/med/women/4.jpg","thumbnail":"https://randomuser.me/api/portraits/thumb/women/4.jpg"},"nat":"ES"}],"info":{"seed":"99adb741f9ccd312","results":1,"page":1,"version":"1.4"}} 
 </msg>
<msg time="2024-05-29T04:19:06.034943" level="INFO">/opt/hostedtoolcache/Python/3.12.3/x64/lib/python3.12/site-packages/urllib3/connectionpool.py:1103: InsecureRequestWarning: Unverified HTTPS request is being made to host 'randomuser.me'. Adding certificate verification is strongly advised. See: https://urllib3.readthedocs.io/en/latest/advanced-usage.html#tls-warnings
  warnings.warn(</msg>
<msg time="2024-05-29T04:19:06.035055" level="INFO">${response} = &lt;Response [200]&gt;</msg>
<var>${response}</var>
<arg>consultarAPI</arg>
<arg>/api</arg>
<doc>Sends a GET request on a previously created HTTP Session.</doc>
<status status="PASS" start="2024-05-29T04:19:05.946483" elapsed="0.088615"/>
</kw>
<kw name="Set Variable" owner="BuiltIn">
<msg time="2024-05-29T04:19:06.036020" level="INFO">${json_data} = {'results': [{'gender': 'female', 'name': {'title': 'Ms', 'first': 'Miriam', 'last': 'Soler'}, 'location': {'street': {'number': 4142, 'name': 'Avenida de América'}, 'city': 'Almería', 'state': 'Ceuta...</msg>
<var>${json_data}</var>
<arg>${response.json()}</arg>
<doc>Returns the given values which can then be assigned to a variables.</doc>
<status status="PASS" start="2024-05-29T04:19:06.035544" elapsed="0.000509"/>
</kw>
<kw name="Log" owner="BuiltIn">
<msg time="2024-05-29T04:19:06.036527" level="INFO">{'results': [{'gender': 'female', 'name': {'title': 'Ms', 'first': 'Miriam', 'last': 'Soler'}, 'location': {'street': {'number': 4142, 'name': 'Avenida de América'}, 'city': 'Almería', 'state': 'Ceuta', 'country': 'Spain', 'postcode': 66981, 'coordinates': {'latitude': '-38.0487', 'longitude': '153.2026'}, 'timezone': {'offset': '+4:30', 'description': 'Kabul'}}, 'email': 'miriam.soler@example.com', 'login': {'uuid': 'aeba6017-adf3-4e76-82f6-5fd90e597304', 'username': 'happyfrog952', 'password': 'wing', 'salt': 'Z7m3Byck', 'md5': 'b0c4a2b169864527140d68a94b98c252', 'sha1': 'bb6539ad4232924a66205e74daa872fd98751752', 'sha256': 'c669d40fb308ce7bd16b0550c149691721ccbef7a99aa1424f31b9ed649c162c'}, 'dob': {'date': '1991-09-05T18:44:59.576Z', 'age': 32}, 'registered': {'date': '2013-08-02T11:52:15.749Z', 'age': 10}, 'phone': '993-541-027', 'cell': '692-551-536', 'id': {'name': 'DNI', 'value': '74111015-S'}, 'picture': {'large': 'https://randomuser.me/api/portraits/women/4.jpg', 'medium': 'https://randomuser.me/api/portraits/med/women/4.jpg', 'thumbnail': 'https://randomuser.me/api/portraits/thumb/women/4.jpg'}, 'nat': 'ES'}], 'info': {'seed': '99adb741f9ccd312', 'results': 1, 'page': 1, 'version': '1.4'}}</msg>
<arg>${json_data}</arg>
<doc>Logs the given message with the given level.</doc>
<status status="PASS" start="2024-05-29T04:19:06.036367" elapsed="0.000244"/>
</kw>
<kw name="Should Be String" owner="String">
<arg>${json_data['results'][0]['gender']}</arg>
<doc>Fails if the given ``item`` is not a string.</doc>
<status status="PASS" start="2024-05-29T04:19:06.036913" elapsed="0.000367"/>
</kw>
<kw name="Should Match Regexp" owner="BuiltIn">
<arg>${json_data['results'][0]['email']}</arg>
<arg>^[a-zA-Z0-9._%+-]+@[a-zA-Z0-9.-]+\.[a-zA-Z]{2,}$</arg>
<doc>Fails if ``string`` does not match ``pattern`` as a regular expression.</doc>
<status status="PASS" start="2024-05-29T04:19:06.037474" elapsed="0.000695"/>
</kw>
<kw name="Should Match Regexp" owner="BuiltIn">
<arg>${json_data['results'][0]['dob']['date']}</arg>
<arg>\\d{4}-\\d{2}-\\d{2}T\\d{2}:\\d{2}:\\d{2}\\.\\d{3}Z</arg>
<doc>Fails if ``string`` does not match ``pattern`` as a regular expression.</doc>
<status status="PASS" start="2024-05-29T04:19:06.038372" elapsed="0.000499"/>
</kw>
<kw name="Should Match Regexp" owner="BuiltIn">
<arg>${json_data['results'][0]['registered']['date']}</arg>
<arg>\\d{4}-\\d{2}-\\d{2}T\\d{2}:\\d{2}:\\d{2}\\.\\d{3}Z</arg>
<doc>Fails if ``string`` does not match ``pattern`` as a regular expression.</doc>
<status status="PASS" start="2024-05-29T04:19:06.039066" elapsed="0.000521"/>
</kw>
<kw name="Should Match Regexp" owner="BuiltIn">
<arg>${json_data['results'][0]['picture']['large']}</arg>
<arg>^https?://.*\.(?:png|jpe?g|gif|bmp)$</arg>
<doc>Fails if ``string`` does not match ``pattern`` as a regular expression.</doc>
<status status="PASS" start="2024-05-29T04:19:06.039890" elapsed="0.000718"/>
</kw>
<kw name="Should Match Regexp" owner="BuiltIn">
<arg>${json_data['results'][0]['picture']['medium']}</arg>
<arg>^https?://.*\.(?:png|jpe?g|gif|bmp)$</arg>
<doc>Fails if ``string`` does not match ``pattern`` as a regular expression.</doc>
<status status="PASS" start="2024-05-29T04:19:06.040936" elapsed="0.000616"/>
</kw>
<kw name="Should Match Regexp" owner="BuiltIn">
<arg>${json_data['results'][0]['picture']['thumbnail']}</arg>
<arg>^https?://.*\.(?:png|jpe?g|gif|bmp)$</arg>
<doc>Fails if ``string`` does not match ``pattern`` as a regular expression.</doc>
<status status="PASS" start="2024-05-29T04:19:06.041852" elapsed="0.000620"/>
</kw>
<kw name="Log" owner="BuiltIn">
<msg time="2024-05-29T04:19:06.043360" level="INFO">{'large': 'https://randomuser.me/api/portraits/women/4.jpg', 'medium': 'https://randomuser.me/api/portraits/med/women/4.jpg', 'thumbnail': 'https://randomuser.me/api/portraits/thumb/women/4.jpg'}</msg>
<arg>${json_data['results'][0]['picture']}</arg>
<doc>Logs the given message with the given level.</doc>
<status status="PASS" start="2024-05-29T04:19:06.042779" elapsed="0.000648"/>
</kw>
<status status="PASS" start="2024-05-29T04:19:05.946241" elapsed="0.097552"/>
</kw>
<kw name="Teste de Tipos de Dados - Postcode" owner="random-user-service">
<kw name="GET On Session" owner="RequestsLibrary">
<msg time="2024-05-29T04:19:06.150472" level="INFO">GET Request : url=https://randomuser.me/api 
 path_url=/api 
 headers={'User-Agent': 'python-requests/2.32.2', 'Accept-Encoding': 'gzip, deflate', 'Accept': '*/*', 'Connection': 'keep-alive'} 
 body=None 
 </msg>
<msg time="2024-05-29T04:19:06.150572" level="INFO">GET Response : url=https://randomuser.me/api 
 status=200, reason=OK 
 headers={'Date': 'Wed, 29 May 2024 04:19:06 GMT', 'Content-Type': 'application/json; charset=utf-8', 'Transfer-Encoding': 'chunked', 'Connection': 'keep-alive', 'X-Powered-By': 'Express', 'Access-Control-Allow-Origin': '*', 'Cache-Control': 'no-cache', 'ETag': 'W/"470-buf0R68u6+4U+9aj5RxhupZOQfk"', 'Vary': 'Accept-Encoding', 'Content-Encoding': 'gzip', 'CF-Cache-Status': 'DYNAMIC', 'Report-To': '{"endpoints":[{"url":"https:\\/\\/a.nel.cloudflare.com\\/report\\/v4?s=PtCJkSB1JgAIBNtASIcipVLayG0D63eFFRTn8T2%2FGls%2BNwJr8MscUKYns6SWOaafr3Dup1YpMQhFN7NhO1X51VDMeU55qwn0mRCBAw9Dh81kPerE4CGQvUaL9sfP3TeJ"}],"group":"cf-nel","max_age":604800}', 'NEL': '{"success_fraction":0,"report_to":"cf-nel","max_age":604800}', 'Server': 'cloudflare', 'CF-RAY': '88b3af2ac881a3de-ORD', 'alt-svc': 'h3=":443"; ma=86400'} 
 body={"results":[{"gender":"female","name":{"title":"Mrs","first":"Samira","last":"Tjelle"},"location":{"street":{"number":7917,"name":"Knud Graahs gate"},"city":"Ekeberg","state":"Trøndelag","country":"Norway","postcode":"4580","coordinates":{"latitude":"44.3506","longitude":"116.1610"},"timezone":{"offset":"+4:30","description":"Kabul"}},"email":"samira.tjelle@example.com","login":{"uuid":"dd9ac72e-c693-463c-bc6b-61b455966d11","username":"sadkoala210","password":"gerbil","salt":"zKlxoV0V","md5":"25329104bf49c2ce39e34805d6e4e934","sha1":"5ffc2ac968cfa83ca883b4c77927ba12f294519c","sha256":"d6b1aafc13f1865c582a2661bc2562473c42958023a80e6cc1274799322f68fb"},"dob":{"date":"1986-11-16T05:20:56.004Z","age":37},"registered":{"date":"2007-07-01T07:55:34.814Z","age":16},"phone":"35448000","cell":"43379764","id":{"name":"FN","value":"16118626447"},"picture":{"large":"https://randomuser.me/api/portraits/women/34.jpg","medium":"https://randomuser.me/api/portraits/med/women/34.jpg","thumbnail":"https://randomuser.me/api/portraits/thumb/women/34.jpg"},"nat":"NO"}],"info":{"seed":"5ed7e2522c19cc28","results":1,"page":1,"version":"1.4"}} 
 </msg>
<msg time="2024-05-29T04:19:06.150651" level="INFO">/opt/hostedtoolcache/Python/3.12.3/x64/lib/python3.12/site-packages/urllib3/connectionpool.py:1103: InsecureRequestWarning: Unverified HTTPS request is being made to host 'randomuser.me'. Adding certificate verification is strongly advised. See: https://urllib3.readthedocs.io/en/latest/advanced-usage.html#tls-warnings
  warnings.warn(</msg>
<msg time="2024-05-29T04:19:06.150801" level="INFO">${response} = &lt;Response [200]&gt;</msg>
<var>${response}</var>
<arg>consultarAPI</arg>
<arg>/api</arg>
<doc>Sends a GET request on a previously created HTTP Session.</doc>
<status status="PASS" start="2024-05-29T04:19:06.044489" elapsed="0.106364"/>
</kw>
<kw name="Set Variable" owner="BuiltIn">
<msg time="2024-05-29T04:19:06.151874" level="INFO">${json_data} = {'results': [{'gender': 'female', 'name': {'title': 'Mrs', 'first': 'Samira', 'last': 'Tjelle'}, 'location': {'street': {'number': 7917, 'name': 'Knud Graahs gate'}, 'city': 'Ekeberg', 'state': 'Trønd...</msg>
<var>${json_data}</var>
<arg>${response.json()}</arg>
<doc>Returns the given values which can then be assigned to a variables.</doc>
<status status="PASS" start="2024-05-29T04:19:06.151349" elapsed="0.000558"/>
</kw>
<kw name="Log" owner="BuiltIn">
<msg time="2024-05-29T04:19:06.152419" level="INFO">{'results': [{'gender': 'female', 'name': {'title': 'Mrs', 'first': 'Samira', 'last': 'Tjelle'}, 'location': {'street': {'number': 7917, 'name': 'Knud Graahs gate'}, 'city': 'Ekeberg', 'state': 'Trøndelag', 'country': 'Norway', 'postcode': '4580', 'coordinates': {'latitude': '44.3506', 'longitude': '116.1610'}, 'timezone': {'offset': '+4:30', 'description': 'Kabul'}}, 'email': 'samira.tjelle@example.com', 'login': {'uuid': 'dd9ac72e-c693-463c-bc6b-61b455966d11', 'username': 'sadkoala210', 'password': 'gerbil', 'salt': 'zKlxoV0V', 'md5': '25329104bf49c2ce39e34805d6e4e934', 'sha1': '5ffc2ac968cfa83ca883b4c77927ba12f294519c', 'sha256': 'd6b1aafc13f1865c582a2661bc2562473c42958023a80e6cc1274799322f68fb'}, 'dob': {'date': '1986-11-16T05:20:56.004Z', 'age': 37}, 'registered': {'date': '2007-07-01T07:55:34.814Z', 'age': 16}, 'phone': '35448000', 'cell': '43379764', 'id': {'name': 'FN', 'value': '16118626447'}, 'picture': {'large': 'https://randomuser.me/api/portraits/women/34.jpg', 'medium': 'https://randomuser.me/api/portraits/med/women/34.jpg', 'thumbnail': 'https://randomuser.me/api/portraits/thumb/women/34.jpg'}, 'nat': 'NO'}], 'info': {'seed': '5ed7e2522c19cc28', 'results': 1, 'page': 1, 'version': '1.4'}}</msg>
<arg>${json_data}</arg>
<doc>Logs the given message with the given level.</doc>
<status status="PASS" start="2024-05-29T04:19:06.152252" elapsed="0.000265"/>
</kw>
<kw name="Should Be Equal As Numbers" owner="BuiltIn">
<arg>${json_data['results'][0]['location']['postcode']}</arg>
<arg>${json_data['results'][0]['location']['postcode']}</arg>
<doc>Fails if objects are unequal after converting them to real numbers.</doc>
<status status="PASS" start="2024-05-29T04:19:06.152837" elapsed="0.000642"/>
</kw>
<kw name="Log" owner="BuiltIn">
<msg time="2024-05-29T04:19:06.154067" level="INFO">4580</msg>
<arg>${json_data['results'][0]['location']['postcode']}</arg>
<doc>Logs the given message with the given level.</doc>
<status status="PASS" start="2024-05-29T04:19:06.153685" elapsed="0.000425"/>
</kw>
<status status="PASS" start="2024-05-29T04:19:06.044141" elapsed="0.110231"/>
</kw>
<doc>Testa se os tipos de dados na resposta da API estão corretos.</doc>
<tag>testeTiposDados</tag>
<status status="PASS" start="2024-05-29T04:19:05.945626" elapsed="0.208921"/>
</test>
<test id="s1-s1-t5" name="Validar conteudo" line="35">
<kw name="Teste de Tipos de Conteudo" owner="random-user-service">
<kw name="GET On Session" owner="RequestsLibrary">
<msg time="2024-05-29T04:19:06.231370" level="INFO">GET Request : url=https://randomuser.me/api 
 path_url=/api 
 headers={'User-Agent': 'python-requests/2.32.2', 'Accept-Encoding': 'gzip, deflate', 'Accept': '*/*', 'Connection': 'keep-alive'} 
 body=None 
 </msg>
<msg time="2024-05-29T04:19:06.231459" level="INFO">GET Response : url=https://randomuser.me/api 
 status=200, reason=OK 
 headers={'Date': 'Wed, 29 May 2024 04:19:06 GMT', 'Content-Type': 'application/json; charset=utf-8', 'Transfer-Encoding': 'chunked', 'Connection': 'keep-alive', 'X-Powered-By': 'Express', 'Access-Control-Allow-Origin': '*', 'Cache-Control': 'no-cache', 'ETag': 'W/"469-1IDh9mF5pSUKEiimDQXJkWdWBUk"', 'Vary': 'Accept-Encoding', 'Content-Encoding': 'gzip', 'CF-Cache-Status': 'DYNAMIC', 'Report-To': '{"endpoints":[{"url":"https:\\/\\/a.nel.cloudflare.com\\/report\\/v4?s=XiUCOe6gES0IbdbJVhL1IPGL6grudShxczAyEdK621wO2KaE96GJARGC7tX0M545z%2BnDJ246NgPU9LZzCaVNk08r9o7Ht5appggrwNn8WsO0EfanhBZwn3hk%2BLHg8QNM"}],"group":"cf-nel","max_age":604800}', 'NEL': '{"success_fraction":0,"report_to":"cf-nel","max_age":604800}', 'Server': 'cloudflare', 'CF-RAY': '88b3af2b7912a3de-ORD', 'alt-svc': 'h3=":443"; ma=86400'} 
 body={"results":[{"gender":"male","name":{"title":"Mr","first":"Chris","last":"Bakker"},"location":{"street":{"number":8896,"name":"Konventveien"},"city":"Voll","state":"Description","country":"Norway","postcode":"7562","coordinates":{"latitude":"43.4561","longitude":"-153.4393"},"timezone":{"offset":"+9:30","description":"Adelaide, Darwin"}},"email":"chris.bakker@example.com","login":{"uuid":"20ee7f3c-d679-4edb-981c-e181f47cabd8","username":"bigrabbit933","password":"laura1","salt":"ZAEM4YSt","md5":"0372e36e474e2841a74483ca9cd2b472","sha1":"6829d87940587eed01d3a61aaa7644cb0c25fcb6","sha256":"614d0cfbb17f8f7346b2a2a80acc9d0e193ef9bfd8555322f5161e7370dfd798"},"dob":{"date":"1949-10-05T17:57:32.953Z","age":74},"registered":{"date":"2012-07-22T19:50:00.630Z","age":11},"phone":"82476785","cell":"40445609","id":{"name":"FN","value":"05104937758"},"picture":{"large":"https://randomuser.me/api/portraits/men/9.jpg","medium":"https://randomuser.me/api/portraits/med/men/9.jpg","thumbnail":"https://randomuser.me/api/portraits/thumb/men/9.jpg"},"nat":"NO"}],"info":{"seed":"3b3549cf8f4049bc","results":1,"page":1,"version":"1.4"}} 
 </msg>
<msg time="2024-05-29T04:19:06.231531" level="INFO">/opt/hostedtoolcache/Python/3.12.3/x64/lib/python3.12/site-packages/urllib3/connectionpool.py:1103: InsecureRequestWarning: Unverified HTTPS request is being made to host 'randomuser.me'. Adding certificate verification is strongly advised. See: https://urllib3.readthedocs.io/en/latest/advanced-usage.html#tls-warnings
  warnings.warn(</msg>
<msg time="2024-05-29T04:19:06.231650" level="INFO">${response} = &lt;Response [200]&gt;</msg>
<var>${response}</var>
<arg>consultarAPI</arg>
<arg>/api</arg>
<doc>Sends a GET request on a previously created HTTP Session.</doc>
<status status="PASS" start="2024-05-29T04:19:06.157145" elapsed="0.074554"/>
</kw>
<kw name="Set Variable" owner="BuiltIn">
<msg time="2024-05-29T04:19:06.232822" level="INFO">${json_data} = {'results': [{'gender': 'male', 'name': {'title': 'Mr', 'first': 'Chris', 'last': 'Bakker'}, 'location': {'street': {'number': 8896, 'name': 'Konventveien'}, 'city': 'Voll', 'state': 'Description', 'c...</msg>
<var>${json_data}</var>
<arg>${response.json()}</arg>
<doc>Returns the given values which can then be assigned to a variables.</doc>
<status status="PASS" start="2024-05-29T04:19:06.232274" elapsed="0.000577"/>
</kw>
<kw name="Set Variable" owner="BuiltIn">
<msg time="2024-05-29T04:19:06.233536" level="INFO">${name_title} = Mr</msg>
<var>${name_title}</var>
<arg>${json_data["results"][0]["name"]["title"]}</arg>
<doc>Returns the given values which can then be assigned to a variables.</doc>
<status status="PASS" start="2024-05-29T04:19:06.233157" elapsed="0.000405"/>
</kw>
<kw name="Create List" owner="BuiltIn">
<msg time="2024-05-29T04:19:06.234057" level="INFO">${allowed_titles} = ['Mr', 'Ms', 'Miss', 'Mrs', 'Madame', 'Monsieur']</msg>
<var>${allowed_titles}</var>
<arg>Mr</arg>
<arg>Ms</arg>
<arg>Miss</arg>
<arg>Mrs</arg>
<arg>Madame</arg>
<arg>Monsieur</arg>
<doc>Returns a list containing given items.</doc>
<status status="PASS" start="2024-05-29T04:19:06.233872" elapsed="0.000210"/>
</kw>
<kw name="List Should Contain Value" owner="Collections">
<msg time="2024-05-29T04:19:06.234563" level="INFO">False</msg>
<arg>${allowed_titles}</arg>
<arg>${name_title}</arg>
<doc>Fails if the ``value`` is not found from ``list``.</doc>
<status status="PASS" start="2024-05-29T04:19:06.234388" elapsed="0.000212"/>
</kw>
<kw name="Set Variable" owner="BuiltIn">
<msg time="2024-05-29T04:19:06.235447" level="INFO">${name_country} = NO</msg>
<var>${name_country}</var>
<arg>${json_data["results"][0]["nat"]}</arg>
<doc>Returns the given values which can then be assigned to a variables.</doc>
<status status="PASS" start="2024-05-29T04:19:06.234892" elapsed="0.000581"/>
</kw>
<kw name="Create List" owner="BuiltIn">
<msg time="2024-05-29T04:19:06.236377" level="INFO">${list_country} = ['AD', 'AE', 'AF', 'AG', 'AI', 'AL', 'AM', 'AO', 'AQ', 'AR', 'AS', 'AT', 'AU', 'AW', 'AX', 'AZ', 'BA', 'BB', 'BD', 'BE', 'BF', 'BG', 'BH', 'BI', 'BJ', 'BL', 'BM', 'BN', 'BO', 'BQ', 'BR', 'BS', 'BT', '...</msg>
<var>${list_country}</var>
<arg>AD</arg>
<arg>AE</arg>
<arg>AF</arg>
<arg>AG</arg>
<arg>AI</arg>
<arg>AL</arg>
<arg>AM</arg>
<arg>AO</arg>
<arg>AQ</arg>
<arg>AR</arg>
<arg>AS</arg>
<arg>AT</arg>
<arg>AU</arg>
<arg>AW</arg>
<arg>AX</arg>
<arg>AZ</arg>
<arg>BA</arg>
<arg>BB</arg>
<arg>BD</arg>
<arg>BE</arg>
<arg>BF</arg>
<arg>BG</arg>
<arg>BH</arg>
<arg>BI</arg>
<arg>BJ</arg>
<arg>BL</arg>
<arg>BM</arg>
<arg>BN</arg>
<arg>BO</arg>
<arg>BQ</arg>
<arg>BR</arg>
<arg>BS</arg>
<arg>BT</arg>
<arg>BV</arg>
<arg>BW</arg>
<arg>BY</arg>
<arg>BZ</arg>
<arg>CA</arg>
<arg>CC</arg>
<arg>CD</arg>
<arg>CF</arg>
<arg>CG</arg>
<arg>CH</arg>
<arg>CI</arg>
<arg>CK</arg>
<arg>CL</arg>
<arg>CM</arg>
<arg>CN</arg>
<arg>CO</arg>
<arg>CR</arg>
<arg>CU</arg>
<arg>CV</arg>
<arg>CW</arg>
<arg>CX</arg>
<arg>CY</arg>
<arg>CZ</arg>
<arg>DE</arg>
<arg>DJ</arg>
<arg>DK</arg>
<arg>DM</arg>
<arg>DO</arg>
<arg>DZ</arg>
<arg>EC</arg>
<arg>EE</arg>
<arg>EG</arg>
<arg>EH</arg>
<arg>ER</arg>
<arg>ES</arg>
<arg>ET</arg>
<arg>FI</arg>
<arg>FJ</arg>
<arg>FK</arg>
<arg>FM</arg>
<arg>FO</arg>
<arg>FR</arg>
<arg>GA</arg>
<arg>GB</arg>
<arg>GD</arg>
<arg>GE</arg>
<arg>GF</arg>
<arg>GG</arg>
<arg>GH</arg>
<arg>GI</arg>
<arg>GL</arg>
<arg>GM</arg>
<arg>GN</arg>
<arg>GP</arg>
<arg>GQ</arg>
<arg>GR</arg>
<arg>GS</arg>
<arg>GT</arg>
<arg>GU</arg>
<arg>GW</arg>
<arg>GY</arg>
<arg>HK</arg>
<arg>HM</arg>
<arg>HN</arg>
<arg>HR</arg>
<arg>HT</arg>
<arg>HU</arg>
<arg>ID</arg>
<arg>IE</arg>
<arg>IL</arg>
<arg>IM</arg>
<arg>IN</arg>
<arg>IO</arg>
<arg>IQ</arg>
<arg>IR</arg>
<arg>IS</arg>
<arg>IT</arg>
<arg>JE</arg>
<arg>JM</arg>
<arg>JO</arg>
<arg>JP</arg>
<arg>KE</arg>
<arg>KG</arg>
<arg>KH</arg>
<arg>KI</arg>
<arg>KM</arg>
<arg>KN</arg>
<arg>KP</arg>
<arg>KR</arg>
<arg>KW</arg>
<arg>KY</arg>
<arg>KZ</arg>
<arg>LA</arg>
<arg>LB</arg>
<arg>LC</arg>
<arg>LI</arg>
<arg>LK</arg>
<arg>LR</arg>
<arg>LS</arg>
<arg>LT</arg>
<arg>LU</arg>
<arg>LV</arg>
<arg>LY</arg>
<arg>MA</arg>
<arg>MC</arg>
<arg>MD</arg>
<arg>ME</arg>
<arg>MF</arg>
<arg>MG</arg>
<arg>MH</arg>
<arg>MK</arg>
<arg>ML</arg>
<arg>MM</arg>
<arg>MN</arg>
<arg>MO</arg>
<arg>MP</arg>
<arg>MQ</arg>
<arg>MR</arg>
<arg>MS</arg>
<arg>MT</arg>
<arg>MU</arg>
<arg>MV</arg>
<arg>MW</arg>
<arg>MX</arg>
<arg>MY</arg>
<arg>MZ</arg>
<arg>NA</arg>
<arg>NC</arg>
<arg>NE</arg>
<arg>NF</arg>
<arg>NG</arg>
<arg>NI</arg>
<arg>NL</arg>
<arg>NO</arg>
<arg>NP</arg>
<arg>NR</arg>
<arg>NU</arg>
<arg>NZ</arg>
<arg>OM</arg>
<arg>PA</arg>
<arg>PE</arg>
<arg>PF</arg>
<arg>PG</arg>
<arg>PH</arg>
<arg>PK</arg>
<arg>PL</arg>
<arg>PM</arg>
<arg>PN</arg>
<arg>PR</arg>
<arg>PS</arg>
<arg>PT</arg>
<arg>PW</arg>
<arg>PY</arg>
<arg>QA</arg>
<arg>RE</arg>
<arg>RO</arg>
<arg>RS</arg>
<arg>RU</arg>
<arg>RW</arg>
<arg>SA</arg>
<arg>SB</arg>
<arg>SC</arg>
<arg>SD</arg>
<arg>SE</arg>
<arg>SG</arg>
<arg>SH</arg>
<arg>SI</arg>
<arg>SJ</arg>
<arg>SK</arg>
<arg>SL</arg>
<arg>SM</arg>
<arg>SN</arg>
<arg>SO</arg>
<arg>SR</arg>
<arg>SS</arg>
<arg>ST</arg>
<arg>SV</arg>
<arg>SX</arg>
<arg>SY</arg>
<arg>SZ</arg>
<arg>TC</arg>
<arg>TD</arg>
<arg>TF</arg>
<arg>TG</arg>
<arg>TH</arg>
<arg>TJ</arg>
<arg>TK</arg>
<arg>TL</arg>
<arg>TM</arg>
<arg>TN</arg>
<arg>TO</arg>
<arg>TR</arg>
<arg>TT</arg>
<arg>TV</arg>
<arg>TW</arg>
<arg>TZ</arg>
<arg>UA</arg>
<arg>UG</arg>
<arg>UM</arg>
<arg>US</arg>
<arg>UY</arg>
<arg>UZ</arg>
<arg>VA</arg>
<arg>VC</arg>
<arg>VE</arg>
<arg>VG</arg>
<arg>VI</arg>
<arg>VN</arg>
<arg>VU</arg>
<arg>WF</arg>
<arg>WS</arg>
<arg>XK</arg>
<arg>YE</arg>
<arg>YT</arg>
<arg>ZA</arg>
<arg>ZM</arg>
<arg>ZW</arg>
<doc>Returns a list containing given items.</doc>
<status status="PASS" start="2024-05-29T04:19:06.235784" elapsed="0.000619"/>
</kw>
<kw name="List Should Contain Value" owner="Collections">
<msg time="2024-05-29T04:19:06.237386" level="INFO">False</msg>
<arg>${list_country}</arg>
<arg>${name_country}</arg>
<doc>Fails if the ``value`` is not found from ``list``.</doc>
<status status="PASS" start="2024-05-29T04:19:06.237182" elapsed="0.000240"/>
</kw>
<kw name="Run Keyword If" owner="BuiltIn">
<kw name="Should Be True" owner="BuiltIn">
<arg>${True}</arg>
<doc>Fails if the given condition is not true.</doc>
<status status="PASS" start="2024-05-29T04:19:06.238521" elapsed="0.000144"/>
</kw>
<arg>${json_data["results"][0]["location"]["coordinates"]["latitude"]} &gt;= -90 and ${json_data["results"][0]["location"]["coordinates"]["latitude"]} &lt;= 90</arg>
<arg>Should Be True</arg>
<arg>${True}</arg>
<doc>Runs the given keyword with the given arguments, if ``condition`` is true.</doc>
<status status="PASS" start="2024-05-29T04:19:06.237737" elapsed="0.001054"/>
</kw>
<kw name="Run Keyword If" owner="BuiltIn">
<kw name="Should Be True" owner="BuiltIn">
<arg>${True}</arg>
<doc>Fails if the given condition is not true.</doc>
<status status="PASS" start="2024-05-29T04:19:06.239657" elapsed="0.000135"/>
</kw>
<arg>${json_data["results"][0]["location"]["coordinates"]["longitude"]} &gt;= -180 and ${json_data["results"][0]["location"]["coordinates"]["longitude"]} &lt;= 180</arg>
<arg>Should Be True</arg>
<arg>${True}</arg>
<doc>Runs the given keyword with the given arguments, if ``condition`` is true.</doc>
<status status="PASS" start="2024-05-29T04:19:06.238974" elapsed="0.000940"/>
</kw>
<status status="PASS" start="2024-05-29T04:19:06.156909" elapsed="0.083131"/>
</kw>
<doc>Testa o conteúdo específico dos campos retornados pela API.</doc>
<tag>testeConteudo</tag>
<status status="PASS" start="2024-05-29T04:19:06.156320" elapsed="0.083866"/>
</test>
<status status="PASS" start="2024-05-29T04:19:05.297516" elapsed="0.944641"/>
</suite>
<status status="PASS" start="2024-05-29T04:19:05.284106" elapsed="0.963226"/>
</suite>
<statistics>
<total>
<stat pass="5" fail="0" skip="0">All Tests</stat>
</total>
<tag>
<stat pass="1" fail="0" skip="0">testeConteudo</stat>
<stat pass="1" fail="0" skip="0">testeEstruturaResposta</stat>
<stat pass="1" fail="0" skip="0">testeRequisicaoBasica</stat>
<stat pass="1" fail="0" skip="0">testeTiposDados</stat>
</tag>
<suite>
<stat pass="5" fail="0" skip="0" id="s1" name="Tests">Tests</stat>
<stat pass="5" fail="0" skip="0" id="s1-s1" name="Random-User-Test">Tests.Random-User-Test</stat>
</suite>
</statistics>
<errors>
</errors>
</robot>
