<?xml version="1.0" encoding="UTF-8"?>
<robot generator="Robot 7.0.1 (Python 3.12.4 on linux)" generated="2024-07-15T08:19:42.436606" rpa="false" schemaversion="5">
<suite id="s1" name="Tests" source="/home/runner/work/ApiRandomUser/ApiRandomUser/RamdonUser/tests">
<suite id="s1-s1" name="Random-User-Test" source="/home/runner/work/ApiRandomUser/ApiRandomUser/RamdonUser/tests/random-user-test.robot">
<test id="s1-s1-t1" name="Conectar" line="13">
<kw name="Conectar API" owner="random-user-service">
<kw name="Create Session" owner="RequestsLibrary">
<msg time="2024-07-15T08:19:42.843920" level="INFO">Creating Session using : alias=consultarAPI, url=https://randomuser.me/, headers={},                     cookies={}, auth=None, timeout=None, proxies=None, verify=False,                     debug=0 </msg>
<arg>consultarAPI</arg>
<arg>${URL}</arg>
<doc>Create Session: create a HTTP session to a server</doc>
<status status="PASS" start="2024-07-15T08:19:42.843700" elapsed="0.000417"/>
</kw>
<status status="PASS" start="2024-07-15T08:19:42.842678" elapsed="0.001812"/>
</kw>
<status status="PASS" start="2024-07-15T08:19:42.842106" elapsed="0.002581"/>
</test>
<test id="s1-s1-t2" name="Validar retorno 200 e JSON Válido" line="16">
<kw name="Teste de Requisicao Basica" owner="random-user-service">
<kw name="GET On Session" owner="RequestsLibrary">
<msg time="2024-07-15T08:19:43.034467" level="INFO">GET Request : url=https://randomuser.me/api 
 path_url=/api 
 headers={'User-Agent': 'python-requests/2.32.3', 'Accept-Encoding': 'gzip, deflate', 'Accept': '*/*', 'Connection': 'keep-alive'} 
 body=None 
 </msg>
<msg time="2024-07-15T08:19:43.034623" level="INFO">GET Response : url=https://randomuser.me/api 
 status=200, reason=OK 
 headers={'Date': 'Mon, 15 Jul 2024 08:19:43 GMT', 'Content-Type': 'application/json; charset=utf-8', 'Transfer-Encoding': 'chunked', 'Connection': 'keep-alive', 'X-Powered-By': 'Express', 'Access-Control-Allow-Origin': '*', 'Cache-Control': 'no-cache', 'ETag': 'W/"4a7-3UfPtk+geWna3L+wFh7TheyeHTA"', 'Vary': 'Accept-Encoding', 'Content-Encoding': 'gzip', 'CF-Cache-Status': 'DYNAMIC', 'Report-To': '{"endpoints":[{"url":"https:\\/\\/a.nel.cloudflare.com\\/report\\/v4?s=RMC%2FmVgWauGgpWrv7hjUphQ3nmjKV787PBgxOu2yGXJdQu863rWMEYMqMXH5TCJ8SrPIOor7h3zmzSiTP5rcv%2By4syb4SUvSY3VlxmPTgU9axFqBKWPXdwp959hU444Y"}],"group":"cf-nel","max_age":604800}', 'NEL': '{"success_fraction":0,"report_to":"cf-nel","max_age":604800}', 'Server': 'cloudflare', 'CF-RAY': '8a385441aab62323-ORD', 'alt-svc': 'h3=":443"; ma=86400'} 
 body={"results":[{"gender":"male","name":{"title":"Mr","first":"Stephan","last":"Kühner"},"location":{"street":{"number":5974,"name":"Beethovenstraße"},"city":"Haiger","state":"Mecklenburg-Vorpommern","country":"Germany","postcode":93369,"coordinates":{"latitude":"-50.8566","longitude":"-62.0546"},"timezone":{"offset":"+9:00","description":"Tokyo, Seoul, Osaka, Sapporo, Yakutsk"}},"email":"stephan.kuhner@example.com","login":{"uuid":"e8e9157e-b3bb-46a5-8a28-32b87dd95bf8","username":"blackleopard288","password":"odessa","salt":"RlQRyQvW","md5":"7db93ab427ad4ddf0916638c662ce14c","sha1":"3892deb604dec0ed7d38a80fa218e650683dcf7b","sha256":"755664151760cfc9237ae2d53dd5482be233f42343599af4b42b6f487f5c370f"},"dob":{"date":"1953-11-28T02:40:15.174Z","age":70},"registered":{"date":"2016-08-25T06:19:01.504Z","age":7},"phone":"0488-5379538","cell":"0171-3771984","id":{"name":"SVNR","value":"72 271153 K 393"},"picture":{"large":"https://randomuser.me/api/portraits/men/50.jpg","medium":"https://randomuser.me/api/portraits/med/men/50.jpg","thumbnail":"https://randomuser.me/api/portraits/thumb/men/50.jpg"},"nat":"DE"}],"info":{"seed":"92f366e4c23c48ff","results":1,"page":1,"version":"1.4"}} 
 </msg>
<msg time="2024-07-15T08:19:43.034711" level="INFO">/opt/hostedtoolcache/Python/3.12.4/x64/lib/python3.12/site-packages/urllib3/connectionpool.py:1099: InsecureRequestWarning: Unverified HTTPS request is being made to host 'randomuser.me'. Adding certificate verification is strongly advised. See: https://urllib3.readthedocs.io/en/latest/advanced-usage.html#tls-warnings
  warnings.warn(</msg>
<msg time="2024-07-15T08:19:43.034878" level="INFO">${response} = &lt;Response [200]&gt;</msg>
<var>${response}</var>
<arg>consultarAPI</arg>
<arg>/api</arg>
<doc>Sends a GET request on a previously created HTTP Session.</doc>
<status status="PASS" start="2024-07-15T08:19:42.847323" elapsed="0.187611"/>
</kw>
<kw name="Should Be Equal As Numbers" owner="BuiltIn">
<msg time="2024-07-15T08:19:43.036067" level="INFO">Argument types are:
&lt;class 'int'&gt;
&lt;class 'str'&gt;</msg>
<arg>${response.status_code}</arg>
<arg>200</arg>
<doc>Fails if objects are unequal after converting them to real numbers.</doc>
<status status="PASS" start="2024-07-15T08:19:43.035584" elapsed="0.000552"/>
</kw>
<kw name="Log" owner="BuiltIn">
<msg time="2024-07-15T08:19:43.036892" level="INFO">200</msg>
<arg>${response.status_code}</arg>
<doc>Logs the given message with the given level.</doc>
<status status="PASS" start="2024-07-15T08:19:43.036511" elapsed="0.000426"/>
</kw>
<kw name="Set Variable" owner="BuiltIn">
<msg time="2024-07-15T08:19:43.037740" level="INFO">${json_data} = {'results': [{'gender': 'male', 'name': {'title': 'Mr', 'first': 'Stephan', 'last': 'Kühner'}, 'location': {'street': {'number': 5974, 'name': 'Beethovenstraße'}, 'city': 'Haiger', 'state': 'Mecklenbu...</msg>
<var>${json_data}</var>
<arg>${response.json()}</arg>
<doc>Returns the given values which can then be assigned to a variables.</doc>
<status status="PASS" start="2024-07-15T08:19:43.037270" elapsed="0.000500"/>
</kw>
<kw name="Dictionary Should Contain Key" owner="Collections">
<arg>${json_data}</arg>
<arg>results</arg>
<doc>Fails if ``key`` is not found from ``dictionary``.</doc>
<status status="PASS" start="2024-07-15T08:19:43.038148" elapsed="0.000190"/>
</kw>
<status status="PASS" start="2024-07-15T08:19:42.847064" elapsed="0.191435"/>
</kw>
<doc>Testa se a API responde corretamente e retorna um objeto JSON válido.</doc>
<tag>testeRequisicaoBasica</tag>
<status status="PASS" start="2024-07-15T08:19:42.846601" elapsed="0.192093"/>
</test>
<test id="s1-s1-t3" name="Validar estrutura de resposta" line="22">
<kw name="Teste de Estrutura de Resposta" owner="random-user-service">
<kw name="GET On Session" owner="RequestsLibrary">
<msg time="2024-07-15T08:19:43.131633" level="INFO">GET Request : url=https://randomuser.me/api 
 path_url=/api 
 headers={'User-Agent': 'python-requests/2.32.3', 'Accept-Encoding': 'gzip, deflate', 'Accept': '*/*', 'Connection': 'keep-alive'} 
 body=None 
 </msg>
<msg time="2024-07-15T08:19:43.131735" level="INFO">GET Response : url=https://randomuser.me/api 
 status=200, reason=OK 
 headers={'Date': 'Mon, 15 Jul 2024 08:19:43 GMT', 'Content-Type': 'application/json; charset=utf-8', 'Transfer-Encoding': 'chunked', 'Connection': 'keep-alive', 'X-Powered-By': 'Express', 'Access-Control-Allow-Origin': '*', 'Cache-Control': 'no-cache', 'ETag': 'W/"496-LubI6+a7LAepzIpcvHp2UZCRCrQ"', 'Vary': 'Accept-Encoding', 'Content-Encoding': 'gzip', 'CF-Cache-Status': 'DYNAMIC', 'Report-To': '{"endpoints":[{"url":"https:\\/\\/a.nel.cloudflare.com\\/report\\/v4?s=7Jtrzji%2FidMbhng3U%2BI9BxwvgEZFqo1azaPXye8DtSNMTxJWZW9xlW9KVtUlyJDjQwoKa9Uo%2BgH1BMYaI5zowCKdJusZy99HdJz2kBO0Uza57CtNFYdJ%2Fm6j1psG0TT0"}],"group":"cf-nel","max_age":604800}', 'NEL': '{"success_fraction":0,"report_to":"cf-nel","max_age":604800}', 'Server': 'cloudflare', 'CF-RAY': '8a3854420aef2323-ORD', 'alt-svc': 'h3=":443"; ma=86400'} 
 body={"results":[{"gender":"female","name":{"title":"Miss","first":"Nella","last":"Pelto"},"location":{"street":{"number":493,"name":"Bulevardi"},"city":"Sievi","state":"Kymenlaakso","country":"Finland","postcode":11836,"coordinates":{"latitude":"-26.3240","longitude":"173.5716"},"timezone":{"offset":"+1:00","description":"Brussels, Copenhagen, Madrid, Paris"}},"email":"nella.pelto@example.com","login":{"uuid":"ab3701c3-029b-42c3-bab4-9747846ebe2d","username":"crazymouse542","password":"plymouth","salt":"iJSiWnEP","md5":"7c5ab33f9612f209fb838c3134a2839d","sha1":"3125aa92607e9bdc749c642716b3af0d60d836ce","sha256":"071ff4fbc3fa33571a61903a1ae4f001ccc0dda8d0332f827092dd39fb49a536"},"dob":{"date":"1961-10-06T10:22:44.078Z","age":62},"registered":{"date":"2011-06-22T10:49:44.960Z","age":13},"phone":"04-497-818","cell":"044-061-44-30","id":{"name":"HETU","value":"NaNNA196undefined"},"picture":{"large":"https://randomuser.me/api/portraits/women/50.jpg","medium":"https://randomuser.me/api/portraits/med/women/50.jpg","thumbnail":"https://randomuser.me/api/portraits/thumb/women/50.jpg"},"nat":"FI"}],"info":{"seed":"13626acd08d8f7aa","results":1,"page":1,"version":"1.4"}} 
 </msg>
<msg time="2024-07-15T08:19:43.131864" level="INFO">/opt/hostedtoolcache/Python/3.12.4/x64/lib/python3.12/site-packages/urllib3/connectionpool.py:1099: InsecureRequestWarning: Unverified HTTPS request is being made to host 'randomuser.me'. Adding certificate verification is strongly advised. See: https://urllib3.readthedocs.io/en/latest/advanced-usage.html#tls-warnings
  warnings.warn(</msg>
<msg time="2024-07-15T08:19:43.132005" level="INFO">${response} = &lt;Response [200]&gt;</msg>
<var>${response}</var>
<arg>consultarAPI</arg>
<arg>/api</arg>
<doc>Sends a GET request on a previously created HTTP Session.</doc>
<status status="PASS" start="2024-07-15T08:19:43.041390" elapsed="0.090769"/>
</kw>
<kw name="Set Variable" owner="BuiltIn">
<msg time="2024-07-15T08:19:43.133350" level="INFO">${json_data} = {'results': [{'gender': 'female', 'name': {'title': 'Miss', 'first': 'Nella', 'last': 'Pelto'}, 'location': {'street': {'number': 493, 'name': 'Bulevardi'}, 'city': 'Sievi', 'state': 'Kymenlaakso', 'c...</msg>
<var>${json_data}</var>
<arg>${response.json()}</arg>
<doc>Returns the given values which can then be assigned to a variables.</doc>
<status status="PASS" start="2024-07-15T08:19:43.132790" elapsed="0.000590"/>
</kw>
<kw name="Log" owner="BuiltIn">
<msg time="2024-07-15T08:19:43.133932" level="INFO">{'results': [{'gender': 'female', 'name': {'title': 'Miss', 'first': 'Nella', 'last': 'Pelto'}, 'location': {'street': {'number': 493, 'name': 'Bulevardi'}, 'city': 'Sievi', 'state': 'Kymenlaakso', 'country': 'Finland', 'postcode': 11836, 'coordinates': {'latitude': '-26.3240', 'longitude': '173.5716'}, 'timezone': {'offset': '+1:00', 'description': 'Brussels, Copenhagen, Madrid, Paris'}}, 'email': 'nella.pelto@example.com', 'login': {'uuid': 'ab3701c3-029b-42c3-bab4-9747846ebe2d', 'username': 'crazymouse542', 'password': 'plymouth', 'salt': 'iJSiWnEP', 'md5': '7c5ab33f9612f209fb838c3134a2839d', 'sha1': '3125aa92607e9bdc749c642716b3af0d60d836ce', 'sha256': '071ff4fbc3fa33571a61903a1ae4f001ccc0dda8d0332f827092dd39fb49a536'}, 'dob': {'date': '1961-10-06T10:22:44.078Z', 'age': 62}, 'registered': {'date': '2011-06-22T10:49:44.960Z', 'age': 13}, 'phone': '04-497-818', 'cell': '044-061-44-30', 'id': {'name': 'HETU', 'value': 'NaNNA196undefined'}, 'picture': {'large': 'https://randomuser.me/api/portraits/women/50.jpg', 'medium': 'https://randomuser.me/api/portraits/med/women/50.jpg', 'thumbnail': 'https://randomuser.me/api/portraits/thumb/women/50.jpg'}, 'nat': 'FI'}], 'info': {'seed': '13626acd08d8f7aa', 'results': 1, 'page': 1, 'version': '1.4'}}</msg>
<arg>${json_data}</arg>
<doc>Logs the given message with the given level.</doc>
<status status="PASS" start="2024-07-15T08:19:43.133729" elapsed="0.000263"/>
</kw>
<kw name="Dictionary Should Contain Key" owner="Collections">
<arg>${json_data}</arg>
<arg>results</arg>
<doc>Fails if ``key`` is not found from ``dictionary``.</doc>
<status status="PASS" start="2024-07-15T08:19:43.134304" elapsed="0.000168"/>
</kw>
<kw name="Should Not Be Empty" owner="BuiltIn">
<msg time="2024-07-15T08:19:43.134796" level="INFO">Length is 2.</msg>
<arg>${json_data}</arg>
<doc>Verifies that the given item is not empty.</doc>
<status status="PASS" start="2024-07-15T08:19:43.134668" elapsed="0.000166"/>
</kw>
<kw name="Create List" owner="BuiltIn">
<msg time="2024-07-15T08:19:43.135283" level="INFO">${expected_keys} = ['gender', 'name', 'location', 'email', 'login']</msg>
<var>${expected_keys}</var>
<arg>gender</arg>
<arg>name</arg>
<arg>location</arg>
<arg>email</arg>
<arg>login</arg>
<doc>Returns a list containing given items.</doc>
<status status="PASS" start="2024-07-15T08:19:43.135133" elapsed="0.000174"/>
</kw>
<for flavor="IN">
<iter>
<kw name="Dictionary Should Contain Key" owner="Collections">
<arg>${json_data['results'][0]}</arg>
<arg>${key}</arg>
<doc>Fails if ``key`` is not found from ``dictionary``.</doc>
<status status="PASS" start="2024-07-15T08:19:43.136050" elapsed="0.000419"/>
</kw>
<kw name="Log" owner="BuiltIn">
<msg time="2024-07-15T08:19:43.137033" level="INFO">{'gender': 'female', 'name': {'title': 'Miss', 'first': 'Nella', 'last': 'Pelto'}, 'location': {'street': {'number': 493, 'name': 'Bulevardi'}, 'city': 'Sievi', 'state': 'Kymenlaakso', 'country': 'Finland', 'postcode': 11836, 'coordinates': {'latitude': '-26.3240', 'longitude': '173.5716'}, 'timezone': {'offset': '+1:00', 'description': 'Brussels, Copenhagen, Madrid, Paris'}}, 'email': 'nella.pelto@example.com', 'login': {'uuid': 'ab3701c3-029b-42c3-bab4-9747846ebe2d', 'username': 'crazymouse542', 'password': 'plymouth', 'salt': 'iJSiWnEP', 'md5': '7c5ab33f9612f209fb838c3134a2839d', 'sha1': '3125aa92607e9bdc749c642716b3af0d60d836ce', 'sha256': '071ff4fbc3fa33571a61903a1ae4f001ccc0dda8d0332f827092dd39fb49a536'}, 'dob': {'date': '1961-10-06T10:22:44.078Z', 'age': 62}, 'registered': {'date': '2011-06-22T10:49:44.960Z', 'age': 13}, 'phone': '04-497-818', 'cell': '044-061-44-30', 'id': {'name': 'HETU', 'value': 'NaNNA196undefined'}, 'picture': {'large': 'https://randomuser.me/api/portraits/women/50.jpg', 'medium': 'https://randomuser.me/api/portraits/med/women/50.jpg', 'thumbnail': 'https://randomuser.me/api/portraits/thumb/women/50.jpg'}, 'nat': 'FI'}</msg>
<arg>${json_data['results'][0]}</arg>
<doc>Logs the given message with the given level.</doc>
<status status="PASS" start="2024-07-15T08:19:43.136667" elapsed="0.000416"/>
</kw>
<kw name="Log" owner="BuiltIn">
<msg time="2024-07-15T08:19:43.137513" level="INFO">gender</msg>
<arg>${key}</arg>
<doc>Logs the given message with the given level.</doc>
<status status="PASS" start="2024-07-15T08:19:43.137385" elapsed="0.000175"/>
</kw>
<var name="${key}">gender</var>
<status status="PASS" start="2024-07-15T08:19:43.135930" elapsed="0.001846"/>
</iter>
<iter>
<kw name="Dictionary Should Contain Key" owner="Collections">
<arg>${json_data['results'][0]}</arg>
<arg>${key}</arg>
<doc>Fails if ``key`` is not found from ``dictionary``.</doc>
<status status="PASS" start="2024-07-15T08:19:43.138125" elapsed="0.000396"/>
</kw>
<kw name="Log" owner="BuiltIn">
<msg time="2024-07-15T08:19:43.139078" level="INFO">{'gender': 'female', 'name': {'title': 'Miss', 'first': 'Nella', 'last': 'Pelto'}, 'location': {'street': {'number': 493, 'name': 'Bulevardi'}, 'city': 'Sievi', 'state': 'Kymenlaakso', 'country': 'Finland', 'postcode': 11836, 'coordinates': {'latitude': '-26.3240', 'longitude': '173.5716'}, 'timezone': {'offset': '+1:00', 'description': 'Brussels, Copenhagen, Madrid, Paris'}}, 'email': 'nella.pelto@example.com', 'login': {'uuid': 'ab3701c3-029b-42c3-bab4-9747846ebe2d', 'username': 'crazymouse542', 'password': 'plymouth', 'salt': 'iJSiWnEP', 'md5': '7c5ab33f9612f209fb838c3134a2839d', 'sha1': '3125aa92607e9bdc749c642716b3af0d60d836ce', 'sha256': '071ff4fbc3fa33571a61903a1ae4f001ccc0dda8d0332f827092dd39fb49a536'}, 'dob': {'date': '1961-10-06T10:22:44.078Z', 'age': 62}, 'registered': {'date': '2011-06-22T10:49:44.960Z', 'age': 13}, 'phone': '04-497-818', 'cell': '044-061-44-30', 'id': {'name': 'HETU', 'value': 'NaNNA196undefined'}, 'picture': {'large': 'https://randomuser.me/api/portraits/women/50.jpg', 'medium': 'https://randomuser.me/api/portraits/med/women/50.jpg', 'thumbnail': 'https://randomuser.me/api/portraits/thumb/women/50.jpg'}, 'nat': 'FI'}</msg>
<arg>${json_data['results'][0]}</arg>
<doc>Logs the given message with the given level.</doc>
<status status="PASS" start="2024-07-15T08:19:43.138707" elapsed="0.000478"/>
</kw>
<kw name="Log" owner="BuiltIn">
<msg time="2024-07-15T08:19:43.139624" level="INFO">name</msg>
<arg>${key}</arg>
<doc>Logs the given message with the given level.</doc>
<status status="PASS" start="2024-07-15T08:19:43.139494" elapsed="0.000168"/>
</kw>
<var name="${key}">name</var>
<status status="PASS" start="2024-07-15T08:19:43.138006" elapsed="0.001873"/>
</iter>
<iter>
<kw name="Dictionary Should Contain Key" owner="Collections">
<arg>${json_data['results'][0]}</arg>
<arg>${key}</arg>
<doc>Fails if ``key`` is not found from ``dictionary``.</doc>
<status status="PASS" start="2024-07-15T08:19:43.140167" elapsed="0.000381"/>
</kw>
<kw name="Log" owner="BuiltIn">
<msg time="2024-07-15T08:19:43.141078" level="INFO">{'gender': 'female', 'name': {'title': 'Miss', 'first': 'Nella', 'last': 'Pelto'}, 'location': {'street': {'number': 493, 'name': 'Bulevardi'}, 'city': 'Sievi', 'state': 'Kymenlaakso', 'country': 'Finland', 'postcode': 11836, 'coordinates': {'latitude': '-26.3240', 'longitude': '173.5716'}, 'timezone': {'offset': '+1:00', 'description': 'Brussels, Copenhagen, Madrid, Paris'}}, 'email': 'nella.pelto@example.com', 'login': {'uuid': 'ab3701c3-029b-42c3-bab4-9747846ebe2d', 'username': 'crazymouse542', 'password': 'plymouth', 'salt': 'iJSiWnEP', 'md5': '7c5ab33f9612f209fb838c3134a2839d', 'sha1': '3125aa92607e9bdc749c642716b3af0d60d836ce', 'sha256': '071ff4fbc3fa33571a61903a1ae4f001ccc0dda8d0332f827092dd39fb49a536'}, 'dob': {'date': '1961-10-06T10:22:44.078Z', 'age': 62}, 'registered': {'date': '2011-06-22T10:49:44.960Z', 'age': 13}, 'phone': '04-497-818', 'cell': '044-061-44-30', 'id': {'name': 'HETU', 'value': 'NaNNA196undefined'}, 'picture': {'large': 'https://randomuser.me/api/portraits/women/50.jpg', 'medium': 'https://randomuser.me/api/portraits/med/women/50.jpg', 'thumbnail': 'https://randomuser.me/api/portraits/thumb/women/50.jpg'}, 'nat': 'FI'}</msg>
<arg>${json_data['results'][0]}</arg>
<doc>Logs the given message with the given level.</doc>
<status status="PASS" start="2024-07-15T08:19:43.140730" elapsed="0.000396"/>
</kw>
<kw name="Log" owner="BuiltIn">
<msg time="2024-07-15T08:19:43.141558" level="INFO">location</msg>
<arg>${key}</arg>
<doc>Logs the given message with the given level.</doc>
<status status="PASS" start="2024-07-15T08:19:43.141428" elapsed="0.000167"/>
</kw>
<var name="${key}">location</var>
<status status="PASS" start="2024-07-15T08:19:43.140057" elapsed="0.001754"/>
</iter>
<iter>
<kw name="Dictionary Should Contain Key" owner="Collections">
<arg>${json_data['results'][0]}</arg>
<arg>${key}</arg>
<doc>Fails if ``key`` is not found from ``dictionary``.</doc>
<status status="PASS" start="2024-07-15T08:19:43.142129" elapsed="0.000387"/>
</kw>
<kw name="Log" owner="BuiltIn">
<msg time="2024-07-15T08:19:43.143063" level="INFO">{'gender': 'female', 'name': {'title': 'Miss', 'first': 'Nella', 'last': 'Pelto'}, 'location': {'street': {'number': 493, 'name': 'Bulevardi'}, 'city': 'Sievi', 'state': 'Kymenlaakso', 'country': 'Finland', 'postcode': 11836, 'coordinates': {'latitude': '-26.3240', 'longitude': '173.5716'}, 'timezone': {'offset': '+1:00', 'description': 'Brussels, Copenhagen, Madrid, Paris'}}, 'email': 'nella.pelto@example.com', 'login': {'uuid': 'ab3701c3-029b-42c3-bab4-9747846ebe2d', 'username': 'crazymouse542', 'password': 'plymouth', 'salt': 'iJSiWnEP', 'md5': '7c5ab33f9612f209fb838c3134a2839d', 'sha1': '3125aa92607e9bdc749c642716b3af0d60d836ce', 'sha256': '071ff4fbc3fa33571a61903a1ae4f001ccc0dda8d0332f827092dd39fb49a536'}, 'dob': {'date': '1961-10-06T10:22:44.078Z', 'age': 62}, 'registered': {'date': '2011-06-22T10:49:44.960Z', 'age': 13}, 'phone': '04-497-818', 'cell': '044-061-44-30', 'id': {'name': 'HETU', 'value': 'NaNNA196undefined'}, 'picture': {'large': 'https://randomuser.me/api/portraits/women/50.jpg', 'medium': 'https://randomuser.me/api/portraits/med/women/50.jpg', 'thumbnail': 'https://randomuser.me/api/portraits/thumb/women/50.jpg'}, 'nat': 'FI'}</msg>
<arg>${json_data['results'][0]}</arg>
<doc>Logs the given message with the given level.</doc>
<status status="PASS" start="2024-07-15T08:19:43.142708" elapsed="0.000404"/>
</kw>
<kw name="Log" owner="BuiltIn">
<msg time="2024-07-15T08:19:43.143542" level="INFO">email</msg>
<arg>${key}</arg>
<doc>Logs the given message with the given level.</doc>
<status status="PASS" start="2024-07-15T08:19:43.143414" elapsed="0.000166"/>
</kw>
<var name="${key}">email</var>
<status status="PASS" start="2024-07-15T08:19:43.142018" elapsed="0.001775"/>
</iter>
<iter>
<kw name="Dictionary Should Contain Key" owner="Collections">
<arg>${json_data['results'][0]}</arg>
<arg>${key}</arg>
<doc>Fails if ``key`` is not found from ``dictionary``.</doc>
<status status="PASS" start="2024-07-15T08:19:43.144076" elapsed="0.000389"/>
</kw>
<kw name="Log" owner="BuiltIn">
<msg time="2024-07-15T08:19:43.144992" level="INFO">{'gender': 'female', 'name': {'title': 'Miss', 'first': 'Nella', 'last': 'Pelto'}, 'location': {'street': {'number': 493, 'name': 'Bulevardi'}, 'city': 'Sievi', 'state': 'Kymenlaakso', 'country': 'Finland', 'postcode': 11836, 'coordinates': {'latitude': '-26.3240', 'longitude': '173.5716'}, 'timezone': {'offset': '+1:00', 'description': 'Brussels, Copenhagen, Madrid, Paris'}}, 'email': 'nella.pelto@example.com', 'login': {'uuid': 'ab3701c3-029b-42c3-bab4-9747846ebe2d', 'username': 'crazymouse542', 'password': 'plymouth', 'salt': 'iJSiWnEP', 'md5': '7c5ab33f9612f209fb838c3134a2839d', 'sha1': '3125aa92607e9bdc749c642716b3af0d60d836ce', 'sha256': '071ff4fbc3fa33571a61903a1ae4f001ccc0dda8d0332f827092dd39fb49a536'}, 'dob': {'date': '1961-10-06T10:22:44.078Z', 'age': 62}, 'registered': {'date': '2011-06-22T10:49:44.960Z', 'age': 13}, 'phone': '04-497-818', 'cell': '044-061-44-30', 'id': {'name': 'HETU', 'value': 'NaNNA196undefined'}, 'picture': {'large': 'https://randomuser.me/api/portraits/women/50.jpg', 'medium': 'https://randomuser.me/api/portraits/med/women/50.jpg', 'thumbnail': 'https://randomuser.me/api/portraits/thumb/women/50.jpg'}, 'nat': 'FI'}</msg>
<arg>${json_data['results'][0]}</arg>
<doc>Logs the given message with the given level.</doc>
<status status="PASS" start="2024-07-15T08:19:43.144647" elapsed="0.000393"/>
</kw>
<kw name="Log" owner="BuiltIn">
<msg time="2024-07-15T08:19:43.145456" level="INFO">login</msg>
<arg>${key}</arg>
<doc>Logs the given message with the given level.</doc>
<status status="PASS" start="2024-07-15T08:19:43.145331" elapsed="0.000161"/>
</kw>
<var name="${key}">login</var>
<status status="PASS" start="2024-07-15T08:19:43.143963" elapsed="0.001747"/>
</iter>
<var>${key}</var>
<value>@{expected_keys}</value>
<status status="PASS" start="2024-07-15T08:19:43.135737" elapsed="0.010091"/>
</for>
<kw name="Create List" owner="BuiltIn">
<msg time="2024-07-15T08:19:43.146192" level="INFO">${expected_keysTwo} = ['username', 'password']</msg>
<var>${expected_keysTwo}</var>
<arg>username</arg>
<arg>password</arg>
<doc>Returns a list containing given items.</doc>
<status status="PASS" start="2024-07-15T08:19:43.146056" elapsed="0.000191"/>
</kw>
<for flavor="IN">
<iter>
<kw name="Dictionary Should Contain Key" owner="Collections">
<arg>${json_data['results'][0]['login']}</arg>
<arg>${keyTwo}</arg>
<doc>Fails if ``key`` is not found from ``dictionary``.</doc>
<status status="PASS" start="2024-07-15T08:19:43.146758" elapsed="0.000392"/>
</kw>
<kw name="Dictionary Should Contain Key" owner="Collections">
<arg>${json_data['results'][0]['login']}</arg>
<arg>${keyTwo}</arg>
<doc>Fails if ``key`` is not found from ``dictionary``.</doc>
<status status="PASS" start="2024-07-15T08:19:43.147333" elapsed="0.000372"/>
</kw>
<kw name="Log" owner="BuiltIn">
<msg time="2024-07-15T08:19:43.148009" level="INFO">username</msg>
<arg>${keyTwo}</arg>
<doc>Logs the given message with the given level.</doc>
<status status="PASS" start="2024-07-15T08:19:43.147888" elapsed="0.000158"/>
</kw>
<var name="${keyTwo}">username</var>
<status status="PASS" start="2024-07-15T08:19:43.146651" elapsed="0.001617"/>
</iter>
<iter>
<kw name="Dictionary Should Contain Key" owner="Collections">
<arg>${json_data['results'][0]['login']}</arg>
<arg>${keyTwo}</arg>
<doc>Fails if ``key`` is not found from ``dictionary``.</doc>
<status status="PASS" start="2024-07-15T08:19:43.148545" elapsed="0.000385"/>
</kw>
<kw name="Dictionary Should Contain Key" owner="Collections">
<arg>${json_data['results'][0]['login']}</arg>
<arg>${keyTwo}</arg>
<doc>Fails if ``key`` is not found from ``dictionary``.</doc>
<status status="PASS" start="2024-07-15T08:19:43.149108" elapsed="0.000362"/>
</kw>
<kw name="Log" owner="BuiltIn">
<msg time="2024-07-15T08:19:43.149757" level="INFO">password</msg>
<arg>${keyTwo}</arg>
<doc>Logs the given message with the given level.</doc>
<status status="PASS" start="2024-07-15T08:19:43.149642" elapsed="0.000157"/>
</kw>
<var name="${keyTwo}">password</var>
<status status="PASS" start="2024-07-15T08:19:43.148440" elapsed="0.001608"/>
</iter>
<var>${keyTwo}</var>
<value>@{expected_keysTwo}</value>
<status status="PASS" start="2024-07-15T08:19:43.146496" elapsed="0.003675"/>
</for>
<status status="PASS" start="2024-07-15T08:19:43.041128" elapsed="0.109187"/>
</kw>
<doc>Testa a estrutura da resposta da API.</doc>
<tag>testeEstruturaResposta</tag>
<status status="PASS" start="2024-07-15T08:19:43.040562" elapsed="0.109908"/>
</test>
<test id="s1-s1-t4" name="Validar tipos de dados" line="28">
<kw name="Teste de Tipos de Dados" owner="random-user-service">
<kw name="GET On Session" owner="RequestsLibrary">
<msg time="2024-07-15T08:19:43.233594" level="INFO">GET Request : url=https://randomuser.me/api 
 path_url=/api 
 headers={'User-Agent': 'python-requests/2.32.3', 'Accept-Encoding': 'gzip, deflate', 'Accept': '*/*', 'Connection': 'keep-alive'} 
 body=None 
 </msg>
<msg time="2024-07-15T08:19:43.233708" level="INFO">GET Response : url=https://randomuser.me/api 
 status=200, reason=OK 
 headers={'Date': 'Mon, 15 Jul 2024 08:19:43 GMT', 'Content-Type': 'application/json; charset=utf-8', 'Transfer-Encoding': 'chunked', 'Connection': 'keep-alive', 'X-Powered-By': 'Express', 'Access-Control-Allow-Origin': '*', 'Cache-Control': 'no-cache', 'ETag': 'W/"48e-3D9wcFRLV0tJ8pfJxGp8/cbglzE"', 'Vary': 'Accept-Encoding', 'Content-Encoding': 'gzip', 'CF-Cache-Status': 'DYNAMIC', 'Report-To': '{"endpoints":[{"url":"https:\\/\\/a.nel.cloudflare.com\\/report\\/v4?s=ebPwnl4od2EA2c3%2FgOWICaymSXPds%2FJGE9PsUC53lUtlDjZpjW428%2B3iLKTmRliuxX9Vcs0PUz%2BX3AjS7PbuwNzXebNs1%2BX8v%2FnZ%2F4DTZ6FRqd8NthyTfpf7CCiskQlN"}],"group":"cf-nel","max_age":604800}', 'NEL': '{"success_fraction":0,"report_to":"cf-nel","max_age":604800}', 'Server': 'cloudflare', 'CF-RAY': '8a385442bb4e2323-ORD', 'alt-svc': 'h3=":443"; ma=86400'} 
 body={"results":[{"gender":"male","name":{"title":"Mr","first":"Lucas","last":"Johansen"},"location":{"street":{"number":2177,"name":"Harevænget"},"city":"Samsø","state":"Midtjylland","country":"Denmark","postcode":95873,"coordinates":{"latitude":"-42.9718","longitude":"-86.4486"},"timezone":{"offset":"+5:00","description":"Ekaterinburg, Islamabad, Karachi, Tashkent"}},"email":"lucas.johansen@example.com","login":{"uuid":"74a34b6f-fa69-4e06-8865-9f421375604c","username":"happyfrog625","password":"letmein1","salt":"0NxL6byY","md5":"d590c4126069ba716ef2e4116ea35e22","sha1":"742a25e4c1a520600ad613b2fc6e9b0a6163f35d","sha256":"eab086708c8d7289b236cf45531e507a89dd6cc55bbc150be83aa829d79acd9a"},"dob":{"date":"1998-08-03T16:03:40.146Z","age":25},"registered":{"date":"2008-05-23T20:31:58.101Z","age":16},"phone":"12434027","cell":"17880920","id":{"name":"CPR","value":"030898-5465"},"picture":{"large":"https://randomuser.me/api/portraits/men/17.jpg","medium":"https://randomuser.me/api/portraits/med/men/17.jpg","thumbnail":"https://randomuser.me/api/portraits/thumb/men/17.jpg"},"nat":"DK"}],"info":{"seed":"bab74d9e1f67aabc","results":1,"page":1,"version":"1.4"}} 
 </msg>
<msg time="2024-07-15T08:19:43.233794" level="INFO">/opt/hostedtoolcache/Python/3.12.4/x64/lib/python3.12/site-packages/urllib3/connectionpool.py:1099: InsecureRequestWarning: Unverified HTTPS request is being made to host 'randomuser.me'. Adding certificate verification is strongly advised. See: https://urllib3.readthedocs.io/en/latest/advanced-usage.html#tls-warnings
  warnings.warn(</msg>
<msg time="2024-07-15T08:19:43.233957" level="INFO">${response} = &lt;Response [200]&gt;</msg>
<var>${response}</var>
<arg>consultarAPI</arg>
<arg>/api</arg>
<doc>Sends a GET request on a previously created HTTP Session.</doc>
<status status="PASS" start="2024-07-15T08:19:43.152977" elapsed="0.081026"/>
</kw>
<kw name="Set Variable" owner="BuiltIn">
<msg time="2024-07-15T08:19:43.235226" level="INFO">${json_data} = {'results': [{'gender': 'male', 'name': {'title': 'Mr', 'first': 'Lucas', 'last': 'Johansen'}, 'location': {'street': {'number': 2177, 'name': 'Harevænget'}, 'city': 'Samsø', 'state': 'Midtjylland', '...</msg>
<var>${json_data}</var>
<arg>${response.json()}</arg>
<doc>Returns the given values which can then be assigned to a variables.</doc>
<status status="PASS" start="2024-07-15T08:19:43.234651" elapsed="0.000605"/>
</kw>
<kw name="Log" owner="BuiltIn">
<msg time="2024-07-15T08:19:43.235809" level="INFO">{'results': [{'gender': 'male', 'name': {'title': 'Mr', 'first': 'Lucas', 'last': 'Johansen'}, 'location': {'street': {'number': 2177, 'name': 'Harevænget'}, 'city': 'Samsø', 'state': 'Midtjylland', 'country': 'Denmark', 'postcode': 95873, 'coordinates': {'latitude': '-42.9718', 'longitude': '-86.4486'}, 'timezone': {'offset': '+5:00', 'description': 'Ekaterinburg, Islamabad, Karachi, Tashkent'}}, 'email': 'lucas.johansen@example.com', 'login': {'uuid': '74a34b6f-fa69-4e06-8865-9f421375604c', 'username': 'happyfrog625', 'password': 'letmein1', 'salt': '0NxL6byY', 'md5': 'd590c4126069ba716ef2e4116ea35e22', 'sha1': '742a25e4c1a520600ad613b2fc6e9b0a6163f35d', 'sha256': 'eab086708c8d7289b236cf45531e507a89dd6cc55bbc150be83aa829d79acd9a'}, 'dob': {'date': '1998-08-03T16:03:40.146Z', 'age': 25}, 'registered': {'date': '2008-05-23T20:31:58.101Z', 'age': 16}, 'phone': '12434027', 'cell': '17880920', 'id': {'name': 'CPR', 'value': '030898-5465'}, 'picture': {'large': 'https://randomuser.me/api/portraits/men/17.jpg', 'medium': 'https://randomuser.me/api/portraits/med/men/17.jpg', 'thumbnail': 'https://randomuser.me/api/portraits/thumb/men/17.jpg'}, 'nat': 'DK'}], 'info': {'seed': 'bab74d9e1f67aabc', 'results': 1, 'page': 1, 'version': '1.4'}}</msg>
<arg>${json_data}</arg>
<doc>Logs the given message with the given level.</doc>
<status status="PASS" start="2024-07-15T08:19:43.235629" elapsed="0.000233"/>
</kw>
<kw name="Should Be String" owner="String">
<arg>${json_data['results'][0]['gender']}</arg>
<doc>Fails if the given ``item`` is not a string.</doc>
<status status="PASS" start="2024-07-15T08:19:43.236174" elapsed="0.000386"/>
</kw>
<kw name="Should Match Regexp" owner="BuiltIn">
<arg>${json_data['results'][0]['email']}</arg>
<arg>^[a-zA-Z0-9._%+-]+@[a-zA-Z0-9.-]+\.[a-zA-Z]{2,}$</arg>
<doc>Fails if ``string`` does not match ``pattern`` as a regular expression.</doc>
<status status="PASS" start="2024-07-15T08:19:43.236753" elapsed="0.000564"/>
</kw>
<kw name="Should Match Regexp" owner="BuiltIn">
<arg>${json_data['results'][0]['dob']['date']}</arg>
<arg>\\d{4}-\\d{2}-\\d{2}T\\d{2}:\\d{2}:\\d{2}\\.\\d{3}Z</arg>
<doc>Fails if ``string`` does not match ``pattern`` as a regular expression.</doc>
<status status="PASS" start="2024-07-15T08:19:43.237516" elapsed="0.000543"/>
</kw>
<kw name="Should Match Regexp" owner="BuiltIn">
<arg>${json_data['results'][0]['registered']['date']}</arg>
<arg>\\d{4}-\\d{2}-\\d{2}T\\d{2}:\\d{2}:\\d{2}\\.\\d{3}Z</arg>
<doc>Fails if ``string`` does not match ``pattern`` as a regular expression.</doc>
<status status="PASS" start="2024-07-15T08:19:43.238261" elapsed="0.000369"/>
</kw>
<kw name="Should Match Regexp" owner="BuiltIn">
<arg>${json_data['results'][0]['picture']['large']}</arg>
<arg>^https?://.*\.(?:png|jpe?g|gif|bmp)$</arg>
<doc>Fails if ``string`` does not match ``pattern`` as a regular expression.</doc>
<status status="PASS" start="2024-07-15T08:19:43.238817" elapsed="0.000462"/>
</kw>
<kw name="Should Match Regexp" owner="BuiltIn">
<arg>${json_data['results'][0]['picture']['medium']}</arg>
<arg>^https?://.*\.(?:png|jpe?g|gif|bmp)$</arg>
<doc>Fails if ``string`` does not match ``pattern`` as a regular expression.</doc>
<status status="PASS" start="2024-07-15T08:19:43.239474" elapsed="0.000358"/>
</kw>
<kw name="Should Match Regexp" owner="BuiltIn">
<arg>${json_data['results'][0]['picture']['thumbnail']}</arg>
<arg>^https?://.*\.(?:png|jpe?g|gif|bmp)$</arg>
<doc>Fails if ``string`` does not match ``pattern`` as a regular expression.</doc>
<status status="PASS" start="2024-07-15T08:19:43.240014" elapsed="0.000353"/>
</kw>
<kw name="Log" owner="BuiltIn">
<msg time="2024-07-15T08:19:43.240895" level="INFO">{'large': 'https://randomuser.me/api/portraits/men/17.jpg', 'medium': 'https://randomuser.me/api/portraits/med/men/17.jpg', 'thumbnail': 'https://randomuser.me/api/portraits/thumb/men/17.jpg'}</msg>
<arg>${json_data['results'][0]['picture']}</arg>
<doc>Logs the given message with the given level.</doc>
<status status="PASS" start="2024-07-15T08:19:43.240560" elapsed="0.000379"/>
</kw>
<status status="PASS" start="2024-07-15T08:19:43.152750" elapsed="0.088456"/>
</kw>
<kw name="Teste de Tipos de Dados - Postcode" owner="random-user-service">
<kw name="GET On Session" owner="RequestsLibrary">
<msg time="2024-07-15T08:19:43.330604" level="INFO">GET Request : url=https://randomuser.me/api 
 path_url=/api 
 headers={'User-Agent': 'python-requests/2.32.3', 'Accept-Encoding': 'gzip, deflate', 'Accept': '*/*', 'Connection': 'keep-alive'} 
 body=None 
 </msg>
<msg time="2024-07-15T08:19:43.330718" level="INFO">GET Response : url=https://randomuser.me/api 
 status=200, reason=OK 
 headers={'Date': 'Mon, 15 Jul 2024 08:19:43 GMT', 'Content-Type': 'application/json; charset=utf-8', 'Transfer-Encoding': 'chunked', 'Connection': 'keep-alive', 'X-Powered-By': 'Express', 'Access-Control-Allow-Origin': '*', 'Cache-Control': 'no-cache', 'ETag': 'W/"494-0N3jfyMEZFMJnBUXNWe5VyASdfs"', 'Vary': 'Accept-Encoding', 'Content-Encoding': 'gzip', 'CF-Cache-Status': 'DYNAMIC', 'Report-To': '{"endpoints":[{"url":"https:\\/\\/a.nel.cloudflare.com\\/report\\/v4?s=GfWoAp2Sd%2B3fdIVRHxq24Hp6v24N%2FFncajkdcddti8gPlp3VOny53XlpMQyjQHMJCV1kpVPw1XfFCdNFad9XZZseoUc6V%2BEPwB8N9qGqlk2yY7N4h4wAHw%2FYzAbVM4Ae"}],"group":"cf-nel","max_age":604800}', 'NEL': '{"success_fraction":0,"report_to":"cf-nel","max_age":604800}', 'Server': 'cloudflare', 'CF-RAY': '8a3854434baa2323-ORD', 'alt-svc': 'h3=":443"; ma=86400'} 
 body={"results":[{"gender":"female","name":{"title":"Ms","first":"Verica","last":"Pavić"},"location":{"street":{"number":1137,"name":"Ivka Milosavljevića"},"city":"Smederevo","state":"Srem","country":"Serbia","postcode":78846,"coordinates":{"latitude":"57.6817","longitude":"42.8829"},"timezone":{"offset":"+5:30","description":"Bombay, Calcutta, Madras, New Delhi"}},"email":"verica.pavic@example.com","login":{"uuid":"e8cb14cd-cc79-4e17-82b5-c268884ed4c1","username":"goldenrabbit251","password":"radar","salt":"XCJ5fDal","md5":"0cbaa826c7f6b483c6ee332f282c4202","sha1":"812a8d8945625b2c9f6d338223278975eb75d01c","sha256":"ea00799a0d0b8d5ae6389e44b043c3428bb1e41d8c67c6811686304b4c19b8b9"},"dob":{"date":"1967-03-03T04:11:25.319Z","age":57},"registered":{"date":"2012-11-15T13:18:57.151Z","age":11},"phone":"022-8827-152","cell":"061-1963-251","id":{"name":"SID","value":"762760479"},"picture":{"large":"https://randomuser.me/api/portraits/women/50.jpg","medium":"https://randomuser.me/api/portraits/med/women/50.jpg","thumbnail":"https://randomuser.me/api/portraits/thumb/women/50.jpg"},"nat":"RS"}],"info":{"seed":"53efd87003244ac6","results":1,"page":1,"version":"1.4"}} 
 </msg>
<msg time="2024-07-15T08:19:43.330807" level="INFO">/opt/hostedtoolcache/Python/3.12.4/x64/lib/python3.12/site-packages/urllib3/connectionpool.py:1099: InsecureRequestWarning: Unverified HTTPS request is being made to host 'randomuser.me'. Adding certificate verification is strongly advised. See: https://urllib3.readthedocs.io/en/latest/advanced-usage.html#tls-warnings
  warnings.warn(</msg>
<msg time="2024-07-15T08:19:43.330951" level="INFO">${response} = &lt;Response [200]&gt;</msg>
<var>${response}</var>
<arg>consultarAPI</arg>
<arg>/api</arg>
<doc>Sends a GET request on a previously created HTTP Session.</doc>
<status status="PASS" start="2024-07-15T08:19:43.241667" elapsed="0.089338"/>
</kw>
<kw name="Set Variable" owner="BuiltIn">
<msg time="2024-07-15T08:19:43.332261" level="INFO">${json_data} = {'results': [{'gender': 'female', 'name': {'title': 'Ms', 'first': 'Verica', 'last': 'Pavić'}, 'location': {'street': {'number': 1137, 'name': 'Ivka Milosavljevića'}, 'city': 'Smederevo', 'state': 'Sr...</msg>
<var>${json_data}</var>
<arg>${response.json()}</arg>
<doc>Returns the given values which can then be assigned to a variables.</doc>
<status status="PASS" start="2024-07-15T08:19:43.331652" elapsed="0.000640"/>
</kw>
<kw name="Log" owner="BuiltIn">
<msg time="2024-07-15T08:19:43.332839" level="INFO">{'results': [{'gender': 'female', 'name': {'title': 'Ms', 'first': 'Verica', 'last': 'Pavić'}, 'location': {'street': {'number': 1137, 'name': 'Ivka Milosavljevića'}, 'city': 'Smederevo', 'state': 'Srem', 'country': 'Serbia', 'postcode': 78846, 'coordinates': {'latitude': '57.6817', 'longitude': '42.8829'}, 'timezone': {'offset': '+5:30', 'description': 'Bombay, Calcutta, Madras, New Delhi'}}, 'email': 'verica.pavic@example.com', 'login': {'uuid': 'e8cb14cd-cc79-4e17-82b5-c268884ed4c1', 'username': 'goldenrabbit251', 'password': 'radar', 'salt': 'XCJ5fDal', 'md5': '0cbaa826c7f6b483c6ee332f282c4202', 'sha1': '812a8d8945625b2c9f6d338223278975eb75d01c', 'sha256': 'ea00799a0d0b8d5ae6389e44b043c3428bb1e41d8c67c6811686304b4c19b8b9'}, 'dob': {'date': '1967-03-03T04:11:25.319Z', 'age': 57}, 'registered': {'date': '2012-11-15T13:18:57.151Z', 'age': 11}, 'phone': '022-8827-152', 'cell': '061-1963-251', 'id': {'name': 'SID', 'value': '762760479'}, 'picture': {'large': 'https://randomuser.me/api/portraits/women/50.jpg', 'medium': 'https://randomuser.me/api/portraits/med/women/50.jpg', 'thumbnail': 'https://randomuser.me/api/portraits/thumb/women/50.jpg'}, 'nat': 'RS'}], 'info': {'seed': '53efd87003244ac6', 'results': 1, 'page': 1, 'version': '1.4'}}</msg>
<arg>${json_data}</arg>
<doc>Logs the given message with the given level.</doc>
<status status="PASS" start="2024-07-15T08:19:43.332662" elapsed="0.000230"/>
</kw>
<kw name="Should Be Equal As Numbers" owner="BuiltIn">
<arg>${json_data['results'][0]['location']['postcode']}</arg>
<arg>${json_data['results'][0]['location']['postcode']}</arg>
<doc>Fails if objects are unequal after converting them to real numbers.</doc>
<status status="PASS" start="2024-07-15T08:19:43.333203" elapsed="0.000666"/>
</kw>
<kw name="Log" owner="BuiltIn">
<msg time="2024-07-15T08:19:43.334467" level="INFO">78846</msg>
<arg>${json_data['results'][0]['location']['postcode']}</arg>
<doc>Logs the given message with the given level.</doc>
<status status="PASS" start="2024-07-15T08:19:43.334118" elapsed="0.000432"/>
</kw>
<status status="PASS" start="2024-07-15T08:19:43.241433" elapsed="0.093382"/>
</kw>
<doc>Testa se os tipos de dados na resposta da API estão corretos.</doc>
<tag>testeTiposDados</tag>
<status status="PASS" start="2024-07-15T08:19:43.152207" elapsed="0.182776"/>
</test>
<test id="s1-s1-t5" name="Validar conteudo" line="35">
<kw name="Teste de Tipos de Conteudo" owner="random-user-service">
<kw name="GET On Session" owner="RequestsLibrary">
<msg time="2024-07-15T08:19:43.432496" level="INFO">GET Request : url=https://randomuser.me/api 
 path_url=/api 
 headers={'User-Agent': 'python-requests/2.32.3', 'Accept-Encoding': 'gzip, deflate', 'Accept': '*/*', 'Connection': 'keep-alive'} 
 body=None 
 </msg>
<msg time="2024-07-15T08:19:43.432604" level="INFO">GET Response : url=https://randomuser.me/api 
 status=200, reason=OK 
 headers={'Date': 'Mon, 15 Jul 2024 08:19:43 GMT', 'Content-Type': 'application/json; charset=utf-8', 'Transfer-Encoding': 'chunked', 'Connection': 'keep-alive', 'X-Powered-By': 'Express', 'Access-Control-Allow-Origin': '*', 'Cache-Control': 'no-cache', 'ETag': 'W/"47b-W/x5yUz2YWDaik0reWnmaEagmJU"', 'Vary': 'Accept-Encoding', 'Content-Encoding': 'gzip', 'CF-Cache-Status': 'DYNAMIC', 'Report-To': '{"endpoints":[{"url":"https:\\/\\/a.nel.cloudflare.com\\/report\\/v4?s=0ycURAz45%2BK8aWBhpp8mF%2BO65WAo5oEykPOlO9Anwg82uTy73oDfrz0OxAjiLlFOhAbzr9ZbBBgVgqHD9KggrkZgLWUP%2BG5NzpsP5ydBOLoEIi6mX8asic7WlqvMruBf"}],"group":"cf-nel","max_age":604800}', 'NEL': '{"success_fraction":0,"report_to":"cf-nel","max_age":604800}', 'Server': 'cloudflare', 'CF-RAY': '8a385443dc242323-ORD', 'alt-svc': 'h3=":443"; ma=86400'} 
 body={"results":[{"gender":"male","name":{"title":"Mr","first":"Hudson","last":"Patel"},"location":{"street":{"number":3284,"name":"Wellington St"},"city":"Red Rock","state":"Manitoba","country":"Canada","postcode":"O1L 8K5","coordinates":{"latitude":"-72.3876","longitude":"-89.4601"},"timezone":{"offset":"+9:30","description":"Adelaide, Darwin"}},"email":"hudson.patel@example.com","login":{"uuid":"6be5fa23-2f43-41cf-9054-cf1311d0a49e","username":"goldenelephant782","password":"1968","salt":"j7tpeU7f","md5":"131ed5778800c61c6c568801f911a48e","sha1":"8b50adead164de105ee30a75630f94e6f7389e3a","sha256":"7deda7f500b7b138788911152411abf1d083daaeec7097dc9dafdb880eac6782"},"dob":{"date":"2000-05-14T17:57:00.790Z","age":24},"registered":{"date":"2004-02-08T02:26:15.067Z","age":20},"phone":"B08 A62-6855","cell":"H14 F12-6028","id":{"name":"SIN","value":"161157458"},"picture":{"large":"https://randomuser.me/api/portraits/men/24.jpg","medium":"https://randomuser.me/api/portraits/med/men/24.jpg","thumbnail":"https://randomuser.me/api/portraits/thumb/men/24.jpg"},"nat":"CA"}],"info":{"seed":"d6e0290f982441f0","results":1,"page":1,"version":"1.4"}} 
 </msg>
<msg time="2024-07-15T08:19:43.432695" level="INFO">/opt/hostedtoolcache/Python/3.12.4/x64/lib/python3.12/site-packages/urllib3/connectionpool.py:1099: InsecureRequestWarning: Unverified HTTPS request is being made to host 'randomuser.me'. Adding certificate verification is strongly advised. See: https://urllib3.readthedocs.io/en/latest/advanced-usage.html#tls-warnings
  warnings.warn(</msg>
<msg time="2024-07-15T08:19:43.432819" level="INFO">${response} = &lt;Response [200]&gt;</msg>
<var>${response}</var>
<arg>consultarAPI</arg>
<arg>/api</arg>
<doc>Sends a GET request on a previously created HTTP Session.</doc>
<status status="PASS" start="2024-07-15T08:19:43.338292" elapsed="0.094560"/>
</kw>
<kw name="Set Variable" owner="BuiltIn">
<msg time="2024-07-15T08:19:43.433970" level="INFO">${json_data} = {'results': [{'gender': 'male', 'name': {'title': 'Mr', 'first': 'Hudson', 'last': 'Patel'}, 'location': {'street': {'number': 3284, 'name': 'Wellington St'}, 'city': 'Red Rock', 'state': 'Manitoba', ...</msg>
<var>${json_data}</var>
<arg>${response.json()}</arg>
<doc>Returns the given values which can then be assigned to a variables.</doc>
<status status="PASS" start="2024-07-15T08:19:43.433401" elapsed="0.000602"/>
</kw>
<kw name="Set Variable" owner="BuiltIn">
<msg time="2024-07-15T08:19:43.434781" level="INFO">${name_title} = Mr</msg>
<var>${name_title}</var>
<arg>${json_data["results"][0]["name"]["title"]}</arg>
<doc>Returns the given values which can then be assigned to a variables.</doc>
<status status="PASS" start="2024-07-15T08:19:43.434368" elapsed="0.000440"/>
</kw>
<kw name="Create List" owner="BuiltIn">
<msg time="2024-07-15T08:19:43.435283" level="INFO">${allowed_titles} = ['Mr', 'Ms', 'Miss', 'Mrs', 'Madame', 'Monsieur']</msg>
<var>${allowed_titles}</var>
<arg>Mr</arg>
<arg>Ms</arg>
<arg>Miss</arg>
<arg>Mrs</arg>
<arg>Madame</arg>
<arg>Monsieur</arg>
<doc>Returns a list containing given items.</doc>
<status status="PASS" start="2024-07-15T08:19:43.435125" elapsed="0.000183"/>
</kw>
<kw name="List Should Contain Value" owner="Collections">
<arg>${allowed_titles}</arg>
<arg>${name_title}</arg>
<doc>Fails if the ``value`` is not found from ``list``.</doc>
<status status="PASS" start="2024-07-15T08:19:43.435618" elapsed="0.000183"/>
</kw>
<kw name="Set Variable" owner="BuiltIn">
<msg time="2024-07-15T08:19:43.436365" level="INFO">${name_country} = CA</msg>
<var>${name_country}</var>
<arg>${json_data["results"][0]["nat"]}</arg>
<doc>Returns the given values which can then be assigned to a variables.</doc>
<status status="PASS" start="2024-07-15T08:19:43.435987" elapsed="0.000403"/>
</kw>
<kw name="Create List" owner="BuiltIn">
<msg time="2024-07-15T08:19:43.437287" level="INFO">${list_country} = ['AD', 'AE', 'AF', 'AG', 'AI', 'AL', 'AM', 'AO', 'AQ', 'AR', 'AS', 'AT', 'AU', 'AW', 'AX', 'AZ', 'BA', 'BB', 'BD', 'BE', 'BF', 'BG', 'BH', 'BI', 'BJ', 'BL', 'BM', 'BN', 'BO', 'BQ', 'BR', 'BS', 'BT', '...</msg>
<var>${list_country}</var>
<arg>AD</arg>
<arg>AE</arg>
<arg>AF</arg>
<arg>AG</arg>
<arg>AI</arg>
<arg>AL</arg>
<arg>AM</arg>
<arg>AO</arg>
<arg>AQ</arg>
<arg>AR</arg>
<arg>AS</arg>
<arg>AT</arg>
<arg>AU</arg>
<arg>AW</arg>
<arg>AX</arg>
<arg>AZ</arg>
<arg>BA</arg>
<arg>BB</arg>
<arg>BD</arg>
<arg>BE</arg>
<arg>BF</arg>
<arg>BG</arg>
<arg>BH</arg>
<arg>BI</arg>
<arg>BJ</arg>
<arg>BL</arg>
<arg>BM</arg>
<arg>BN</arg>
<arg>BO</arg>
<arg>BQ</arg>
<arg>BR</arg>
<arg>BS</arg>
<arg>BT</arg>
<arg>BV</arg>
<arg>BW</arg>
<arg>BY</arg>
<arg>BZ</arg>
<arg>CA</arg>
<arg>CC</arg>
<arg>CD</arg>
<arg>CF</arg>
<arg>CG</arg>
<arg>CH</arg>
<arg>CI</arg>
<arg>CK</arg>
<arg>CL</arg>
<arg>CM</arg>
<arg>CN</arg>
<arg>CO</arg>
<arg>CR</arg>
<arg>CU</arg>
<arg>CV</arg>
<arg>CW</arg>
<arg>CX</arg>
<arg>CY</arg>
<arg>CZ</arg>
<arg>DE</arg>
<arg>DJ</arg>
<arg>DK</arg>
<arg>DM</arg>
<arg>DO</arg>
<arg>DZ</arg>
<arg>EC</arg>
<arg>EE</arg>
<arg>EG</arg>
<arg>EH</arg>
<arg>ER</arg>
<arg>ES</arg>
<arg>ET</arg>
<arg>FI</arg>
<arg>FJ</arg>
<arg>FK</arg>
<arg>FM</arg>
<arg>FO</arg>
<arg>FR</arg>
<arg>GA</arg>
<arg>GB</arg>
<arg>GD</arg>
<arg>GE</arg>
<arg>GF</arg>
<arg>GG</arg>
<arg>GH</arg>
<arg>GI</arg>
<arg>GL</arg>
<arg>GM</arg>
<arg>GN</arg>
<arg>GP</arg>
<arg>GQ</arg>
<arg>GR</arg>
<arg>GS</arg>
<arg>GT</arg>
<arg>GU</arg>
<arg>GW</arg>
<arg>GY</arg>
<arg>HK</arg>
<arg>HM</arg>
<arg>HN</arg>
<arg>HR</arg>
<arg>HT</arg>
<arg>HU</arg>
<arg>ID</arg>
<arg>IE</arg>
<arg>IL</arg>
<arg>IM</arg>
<arg>IN</arg>
<arg>IO</arg>
<arg>IQ</arg>
<arg>IR</arg>
<arg>IS</arg>
<arg>IT</arg>
<arg>JE</arg>
<arg>JM</arg>
<arg>JO</arg>
<arg>JP</arg>
<arg>KE</arg>
<arg>KG</arg>
<arg>KH</arg>
<arg>KI</arg>
<arg>KM</arg>
<arg>KN</arg>
<arg>KP</arg>
<arg>KR</arg>
<arg>KW</arg>
<arg>KY</arg>
<arg>KZ</arg>
<arg>LA</arg>
<arg>LB</arg>
<arg>LC</arg>
<arg>LI</arg>
<arg>LK</arg>
<arg>LR</arg>
<arg>LS</arg>
<arg>LT</arg>
<arg>LU</arg>
<arg>LV</arg>
<arg>LY</arg>
<arg>MA</arg>
<arg>MC</arg>
<arg>MD</arg>
<arg>ME</arg>
<arg>MF</arg>
<arg>MG</arg>
<arg>MH</arg>
<arg>MK</arg>
<arg>ML</arg>
<arg>MM</arg>
<arg>MN</arg>
<arg>MO</arg>
<arg>MP</arg>
<arg>MQ</arg>
<arg>MR</arg>
<arg>MS</arg>
<arg>MT</arg>
<arg>MU</arg>
<arg>MV</arg>
<arg>MW</arg>
<arg>MX</arg>
<arg>MY</arg>
<arg>MZ</arg>
<arg>NA</arg>
<arg>NC</arg>
<arg>NE</arg>
<arg>NF</arg>
<arg>NG</arg>
<arg>NI</arg>
<arg>NL</arg>
<arg>NO</arg>
<arg>NP</arg>
<arg>NR</arg>
<arg>NU</arg>
<arg>NZ</arg>
<arg>OM</arg>
<arg>PA</arg>
<arg>PE</arg>
<arg>PF</arg>
<arg>PG</arg>
<arg>PH</arg>
<arg>PK</arg>
<arg>PL</arg>
<arg>PM</arg>
<arg>PN</arg>
<arg>PR</arg>
<arg>PS</arg>
<arg>PT</arg>
<arg>PW</arg>
<arg>PY</arg>
<arg>QA</arg>
<arg>RE</arg>
<arg>RO</arg>
<arg>RS</arg>
<arg>RU</arg>
<arg>RW</arg>
<arg>SA</arg>
<arg>SB</arg>
<arg>SC</arg>
<arg>SD</arg>
<arg>SE</arg>
<arg>SG</arg>
<arg>SH</arg>
<arg>SI</arg>
<arg>SJ</arg>
<arg>SK</arg>
<arg>SL</arg>
<arg>SM</arg>
<arg>SN</arg>
<arg>SO</arg>
<arg>SR</arg>
<arg>SS</arg>
<arg>ST</arg>
<arg>SV</arg>
<arg>SX</arg>
<arg>SY</arg>
<arg>SZ</arg>
<arg>TC</arg>
<arg>TD</arg>
<arg>TF</arg>
<arg>TG</arg>
<arg>TH</arg>
<arg>TJ</arg>
<arg>TK</arg>
<arg>TL</arg>
<arg>TM</arg>
<arg>TN</arg>
<arg>TO</arg>
<arg>TR</arg>
<arg>TT</arg>
<arg>TV</arg>
<arg>TW</arg>
<arg>TZ</arg>
<arg>UA</arg>
<arg>UG</arg>
<arg>UM</arg>
<arg>US</arg>
<arg>UY</arg>
<arg>UZ</arg>
<arg>VA</arg>
<arg>VC</arg>
<arg>VE</arg>
<arg>VG</arg>
<arg>VI</arg>
<arg>VN</arg>
<arg>VU</arg>
<arg>WF</arg>
<arg>WS</arg>
<arg>XK</arg>
<arg>YE</arg>
<arg>YT</arg>
<arg>ZA</arg>
<arg>ZM</arg>
<arg>ZW</arg>
<doc>Returns a list containing given items.</doc>
<status status="PASS" start="2024-07-15T08:19:43.436688" elapsed="0.000625"/>
</kw>
<kw name="List Should Contain Value" owner="Collections">
<arg>${list_country}</arg>
<arg>${name_country}</arg>
<doc>Fails if the ``value`` is not found from ``list``.</doc>
<status status="PASS" start="2024-07-15T08:19:43.438156" elapsed="0.000218"/>
</kw>
<kw name="Run Keyword If" owner="BuiltIn">
<kw name="Should Be True" owner="BuiltIn">
<arg>${True}</arg>
<doc>Fails if the given condition is not true.</doc>
<status status="PASS" start="2024-07-15T08:19:43.439332" elapsed="0.000145"/>
</kw>
<arg>${json_data["results"][0]["location"]["coordinates"]["latitude"]} &gt;= -90 and ${json_data["results"][0]["location"]["coordinates"]["latitude"]} &lt;= 90</arg>
<arg>Should Be True</arg>
<arg>${True}</arg>
<doc>Runs the given keyword with the given arguments, if ``condition`` is true.</doc>
<status status="PASS" start="2024-07-15T08:19:43.438576" elapsed="0.001029"/>
</kw>
<kw name="Run Keyword If" owner="BuiltIn">
<kw name="Should Be True" owner="BuiltIn">
<arg>${True}</arg>
<doc>Fails if the given condition is not true.</doc>
<status status="PASS" start="2024-07-15T08:19:43.440499" elapsed="0.000140"/>
</kw>
<arg>${json_data["results"][0]["location"]["coordinates"]["longitude"]} &gt;= -180 and ${json_data["results"][0]["location"]["coordinates"]["longitude"]} &lt;= 180</arg>
<arg>Should Be True</arg>
<arg>${True}</arg>
<doc>Runs the given keyword with the given arguments, if ``condition`` is true.</doc>
<status status="PASS" start="2024-07-15T08:19:43.439790" elapsed="0.000975"/>
</kw>
<status status="PASS" start="2024-07-15T08:19:43.337636" elapsed="0.103265"/>
</kw>
<doc>Testa o conteúdo específico dos campos retornados pela API.</doc>
<tag>testeConteudo</tag>
<status status="PASS" start="2024-07-15T08:19:43.336914" elapsed="0.104141"/>
</test>
<status status="PASS" start="2024-07-15T08:19:42.496097" elapsed="0.946978"/>
</suite>
<status status="PASS" start="2024-07-15T08:19:42.481246" elapsed="0.966997"/>
</suite>
<statistics>
<total>
<stat pass="5" fail="0" skip="0">All Tests</stat>
</total>
<tag>
<stat pass="1" fail="0" skip="0">testeConteudo</stat>
<stat pass="1" fail="0" skip="0">testeEstruturaResposta</stat>
<stat pass="1" fail="0" skip="0">testeRequisicaoBasica</stat>
<stat pass="1" fail="0" skip="0">testeTiposDados</stat>
</tag>
<suite>
<stat pass="5" fail="0" skip="0" id="s1" name="Tests">Tests</stat>
<stat pass="5" fail="0" skip="0" id="s1-s1" name="Random-User-Test">Tests.Random-User-Test</stat>
</suite>
</statistics>
<errors>
</errors>
</robot>
