<?xml version="1.0" encoding="UTF-8"?>
<robot generator="Robot 7.0.1 (Python 3.12.4 on linux)" generated="2024-08-06T12:29:52.627477" rpa="false" schemaversion="5">
<suite id="s1" name="Tests" source="/home/runner/work/ApiRandomUser/ApiRandomUser/RamdonUser/tests">
<suite id="s1-s1" name="Random-User-Test" source="/home/runner/work/ApiRandomUser/ApiRandomUser/RamdonUser/tests/random-user-test.robot">
<test id="s1-s1-t1" name="Conectar" line="13">
<kw name="Conectar API" owner="random-user-service">
<kw name="Create Session" owner="RequestsLibrary">
<msg time="2024-08-06T12:29:53.033543" level="INFO">Creating Session using : alias=consultarAPI, url=https://randomuser.me/, headers={},                     cookies={}, auth=None, timeout=None, proxies=None, verify=False,                     debug=0 </msg>
<arg>consultarAPI</arg>
<arg>${URL}</arg>
<doc>Create Session: create a HTTP session to a server</doc>
<status status="PASS" start="2024-08-06T12:29:53.033337" elapsed="0.000394"/>
</kw>
<status status="PASS" start="2024-08-06T12:29:53.032274" elapsed="0.001824"/>
</kw>
<status status="PASS" start="2024-08-06T12:29:53.031662" elapsed="0.002630"/>
</test>
<test id="s1-s1-t2" name="Validar retorno 200 e JSON Válido" line="16">
<kw name="Teste de Requisicao Basica" owner="random-user-service">
<kw name="GET On Session" owner="RequestsLibrary">
<msg time="2024-08-06T12:29:53.220780" level="INFO">GET Request : url=https://randomuser.me/api 
 path_url=/api 
 headers={'User-Agent': 'python-requests/2.32.3', 'Accept-Encoding': 'gzip, deflate', 'Accept': '*/*', 'Connection': 'keep-alive'} 
 body=None 
 </msg>
<msg time="2024-08-06T12:29:53.220936" level="INFO">GET Response : url=https://randomuser.me/api 
 status=200, reason=OK 
 headers={'Date': 'Tue, 06 Aug 2024 12:29:53 GMT', 'Content-Type': 'application/json; charset=utf-8', 'Transfer-Encoding': 'chunked', 'Connection': 'keep-alive', 'X-Powered-By': 'Express', 'Access-Control-Allow-Origin': '*', 'Cache-Control': 'no-cache', 'ETag': 'W/"483-Ylsu3LB3gKd1JK2XQSEOV0h56/s"', 'Vary': 'Accept-Encoding', 'Content-Encoding': 'gzip', 'CF-Cache-Status': 'DYNAMIC', 'Report-To': '{"endpoints":[{"url":"https:\\/\\/a.nel.cloudflare.com\\/report\\/v4?s=A%2BPTnBcAtWqc59we%2BTvKc9VZV0F5CzPL7bLJuSCm1x%2F7HqAzbAawRNnALrVqirRibmljKy0WqX6X55sKrT3CQV4209wbASlIwWxAgQYtehrtNSyHdiSUzlX%2FLPjY6XBq"}],"group":"cf-nel","max_age":604800}', 'NEL': '{"success_fraction":0,"report_to":"cf-nel","max_age":604800}', 'Server': 'cloudflare', 'CF-RAY': '8aef08f759a522fc-ORD', 'alt-svc': 'h3=":443"; ma=86400'} 
 body={"results":[{"gender":"male","name":{"title":"Mr","first":"Milan","last":"Schmitt"},"location":{"street":{"number":6148,"name":"Rue de la Fontaine"},"city":"Amiens","state":"Haute-Savoie","country":"France","postcode":78504,"coordinates":{"latitude":"-14.4290","longitude":"-127.1743"},"timezone":{"offset":"+4:30","description":"Kabul"}},"email":"milan.schmitt@example.com","login":{"uuid":"afa9a06c-f354-4076-b4aa-eab95362a9be","username":"purplemouse912","password":"creampie","salt":"7mwraEBD","md5":"290c86dbafda16973e9c1aa0edd1dc8e","sha1":"77bc9b3a0b103c488e148c16c1009ab28c581daf","sha256":"bff370d2a52ca11f6d721dbb5030d38eede73e0ef493dbca10f5345539c74a90"},"dob":{"date":"1980-09-05T17:43:23.196Z","age":43},"registered":{"date":"2016-11-15T22:35:37.794Z","age":7},"phone":"02-24-16-67-82","cell":"06-75-25-19-97","id":{"name":"INSEE","value":"1800833015767 64"},"picture":{"large":"https://randomuser.me/api/portraits/men/56.jpg","medium":"https://randomuser.me/api/portraits/med/men/56.jpg","thumbnail":"https://randomuser.me/api/portraits/thumb/men/56.jpg"},"nat":"FR"}],"info":{"seed":"b8954aa100e33577","results":1,"page":1,"version":"1.4"}} 
 </msg>
<msg time="2024-08-06T12:29:53.221018" level="INFO">/opt/hostedtoolcache/Python/3.12.4/x64/lib/python3.12/site-packages/urllib3/connectionpool.py:1099: InsecureRequestWarning: Unverified HTTPS request is being made to host 'randomuser.me'. Adding certificate verification is strongly advised. See: https://urllib3.readthedocs.io/en/latest/advanced-usage.html#tls-warnings
  warnings.warn(</msg>
<msg time="2024-08-06T12:29:53.221185" level="INFO">${response} = &lt;Response [200]&gt;</msg>
<var>${response}</var>
<arg>consultarAPI</arg>
<arg>/api</arg>
<doc>Sends a GET request on a previously created HTTP Session.</doc>
<status status="PASS" start="2024-08-06T12:29:53.036987" elapsed="0.184230"/>
</kw>
<kw name="Should Be Equal As Numbers" owner="BuiltIn">
<msg time="2024-08-06T12:29:53.222198" level="INFO">Argument types are:
&lt;class 'int'&gt;
&lt;class 'str'&gt;</msg>
<arg>${response.status_code}</arg>
<arg>200</arg>
<doc>Fails if objects are unequal after converting them to real numbers.</doc>
<status status="PASS" start="2024-08-06T12:29:53.221732" elapsed="0.000534"/>
</kw>
<kw name="Log" owner="BuiltIn">
<msg time="2024-08-06T12:29:53.223010" level="INFO">200</msg>
<arg>${response.status_code}</arg>
<doc>Logs the given message with the given level.</doc>
<status status="PASS" start="2024-08-06T12:29:53.222647" elapsed="0.000407"/>
</kw>
<kw name="Set Variable" owner="BuiltIn">
<msg time="2024-08-06T12:29:53.223819" level="INFO">${json_data} = {'results': [{'gender': 'male', 'name': {'title': 'Mr', 'first': 'Milan', 'last': 'Schmitt'}, 'location': {'street': {'number': 6148, 'name': 'Rue de la Fontaine'}, 'city': 'Amiens', 'state': 'Haute-S...</msg>
<var>${json_data}</var>
<arg>${response.json()}</arg>
<doc>Returns the given values which can then be assigned to a variables.</doc>
<status status="PASS" start="2024-08-06T12:29:53.223368" elapsed="0.000479"/>
</kw>
<kw name="Dictionary Should Contain Key" owner="Collections">
<arg>${json_data}</arg>
<arg>results</arg>
<doc>Fails if ``key`` is not found from ``dictionary``.</doc>
<status status="PASS" start="2024-08-06T12:29:53.224151" elapsed="0.000337"/>
</kw>
<status status="PASS" start="2024-08-06T12:29:53.036742" elapsed="0.187907"/>
</kw>
<doc>Testa se a API responde corretamente e retorna um objeto JSON válido.</doc>
<tag>testeRequisicaoBasica</tag>
<status status="PASS" start="2024-08-06T12:29:53.036214" elapsed="0.188612"/>
</test>
<test id="s1-s1-t3" name="Validar estrutura de resposta" line="22">
<kw name="Teste de Estrutura de Resposta" owner="random-user-service">
<kw name="GET On Session" owner="RequestsLibrary">
<msg time="2024-08-06T12:29:53.332570" level="INFO">GET Request : url=https://randomuser.me/api 
 path_url=/api 
 headers={'User-Agent': 'python-requests/2.32.3', 'Accept-Encoding': 'gzip, deflate', 'Accept': '*/*', 'Connection': 'keep-alive'} 
 body=None 
 </msg>
<msg time="2024-08-06T12:29:53.332706" level="INFO">GET Response : url=https://randomuser.me/api 
 status=200, reason=OK 
 headers={'Date': 'Tue, 06 Aug 2024 12:29:53 GMT', 'Content-Type': 'application/json; charset=utf-8', 'Transfer-Encoding': 'chunked', 'Connection': 'keep-alive', 'X-Powered-By': 'Express', 'Access-Control-Allow-Origin': '*', 'Cache-Control': 'no-cache', 'ETag': 'W/"483-EP9aZZjYN0IXQdZvxbrhgoYkEE0"', 'Vary': 'Accept-Encoding', 'Content-Encoding': 'gzip', 'CF-Cache-Status': 'DYNAMIC', 'Report-To': '{"endpoints":[{"url":"https:\\/\\/a.nel.cloudflare.com\\/report\\/v4?s=zGP0QUSdKWHyZ1dM2LO3sg6ys8ohLeuUbGsY71scxUVYKMUKERN43nN7Je%2FJZ2tiSZvIsutp%2BueFn3zlh7%2BGD1k8AXAEWFflEWJB7G%2FI3vdZcVSQGB%2BoM6TbCLGk%2F0X0"}],"group":"cf-nel","max_age":604800}', 'NEL': '{"success_fraction":0,"report_to":"cf-nel","max_age":604800}', 'Server': 'cloudflare', 'CF-RAY': '8aef08f7aa0722fc-ORD', 'alt-svc': 'h3=":443"; ma=86400'} 
 body={"results":[{"gender":"male","name":{"title":"Mr","first":"Gordyata","last":"Vintonyak"},"location":{"street":{"number":9330,"name":"Yakova Batyuka"},"city":"Lviv","state":"Luganska","country":"Ukraine","postcode":47786,"coordinates":{"latitude":"74.4969","longitude":"-100.0891"},"timezone":{"offset":"-1:00","description":"Azores, Cape Verde Islands"}},"email":"gordyata.vintonyak@example.com","login":{"uuid":"426e0876-539b-486b-b9b5-79bb6a57da5e","username":"silverfrog523","password":"micheal","salt":"upKSHzS0","md5":"f469fd98b12758d97cab12bb96339496","sha1":"33b118adaaeaf7457b3ad80d70b431903ad916d3","sha256":"df5435581976c381b606f13da902050b88fdfb62ba6c026055fea6f581f95ad5"},"dob":{"date":"1977-01-25T02:36:07.627Z","age":47},"registered":{"date":"2016-07-25T04:58:58.991Z","age":8},"phone":"(096) R34-8639","cell":"(098) F96-4275","id":{"name":"","value":null},"picture":{"large":"https://randomuser.me/api/portraits/men/72.jpg","medium":"https://randomuser.me/api/portraits/med/men/72.jpg","thumbnail":"https://randomuser.me/api/portraits/thumb/men/72.jpg"},"nat":"UA"}],"info":{"seed":"e77d672798864df8","results":1,"page":1,"version":"1.4"}} 
 </msg>
<msg time="2024-08-06T12:29:53.332882" level="INFO">/opt/hostedtoolcache/Python/3.12.4/x64/lib/python3.12/site-packages/urllib3/connectionpool.py:1099: InsecureRequestWarning: Unverified HTTPS request is being made to host 'randomuser.me'. Adding certificate verification is strongly advised. See: https://urllib3.readthedocs.io/en/latest/advanced-usage.html#tls-warnings
  warnings.warn(</msg>
<msg time="2024-08-06T12:29:53.333057" level="INFO">${response} = &lt;Response [200]&gt;</msg>
<var>${response}</var>
<arg>consultarAPI</arg>
<arg>/api</arg>
<doc>Sends a GET request on a previously created HTTP Session.</doc>
<status status="PASS" start="2024-08-06T12:29:53.227530" elapsed="0.105569"/>
</kw>
<kw name="Set Variable" owner="BuiltIn">
<msg time="2024-08-06T12:29:53.334117" level="INFO">${json_data} = {'results': [{'gender': 'male', 'name': {'title': 'Mr', 'first': 'Gordyata', 'last': 'Vintonyak'}, 'location': {'street': {'number': 9330, 'name': 'Yakova Batyuka'}, 'city': 'Lviv', 'state': 'Luganska...</msg>
<var>${json_data}</var>
<arg>${response.json()}</arg>
<doc>Returns the given values which can then be assigned to a variables.</doc>
<status status="PASS" start="2024-08-06T12:29:53.333592" elapsed="0.000554"/>
</kw>
<kw name="Log" owner="BuiltIn">
<msg time="2024-08-06T12:29:53.334649" level="INFO">{'results': [{'gender': 'male', 'name': {'title': 'Mr', 'first': 'Gordyata', 'last': 'Vintonyak'}, 'location': {'street': {'number': 9330, 'name': 'Yakova Batyuka'}, 'city': 'Lviv', 'state': 'Luganska', 'country': 'Ukraine', 'postcode': 47786, 'coordinates': {'latitude': '74.4969', 'longitude': '-100.0891'}, 'timezone': {'offset': '-1:00', 'description': 'Azores, Cape Verde Islands'}}, 'email': 'gordyata.vintonyak@example.com', 'login': {'uuid': '426e0876-539b-486b-b9b5-79bb6a57da5e', 'username': 'silverfrog523', 'password': 'micheal', 'salt': 'upKSHzS0', 'md5': 'f469fd98b12758d97cab12bb96339496', 'sha1': '33b118adaaeaf7457b3ad80d70b431903ad916d3', 'sha256': 'df5435581976c381b606f13da902050b88fdfb62ba6c026055fea6f581f95ad5'}, 'dob': {'date': '1977-01-25T02:36:07.627Z', 'age': 47}, 'registered': {'date': '2016-07-25T04:58:58.991Z', 'age': 8}, 'phone': '(096) R34-8639', 'cell': '(098) F96-4275', 'id': {'name': '', 'value': None}, 'picture': {'large': 'https://randomuser.me/api/portraits/men/72.jpg', 'medium': 'https://randomuser.me/api/portraits/med/men/72.jpg', 'thumbnail': 'https://randomuser.me/api/portraits/thumb/men/72.jpg'}, 'nat': 'UA'}], 'info': {'seed': 'e77d672798864df8', 'results': 1, 'page': 1, 'version': '1.4'}}</msg>
<arg>${json_data}</arg>
<doc>Logs the given message with the given level.</doc>
<status status="PASS" start="2024-08-06T12:29:53.334489" elapsed="0.000208"/>
</kw>
<kw name="Dictionary Should Contain Key" owner="Collections">
<arg>${json_data}</arg>
<arg>results</arg>
<doc>Fails if ``key`` is not found from ``dictionary``.</doc>
<status status="PASS" start="2024-08-06T12:29:53.334990" elapsed="0.000168"/>
</kw>
<kw name="Should Not Be Empty" owner="BuiltIn">
<msg time="2024-08-06T12:29:53.335472" level="INFO">Length is 2.</msg>
<arg>${json_data}</arg>
<doc>Verifies that the given item is not empty.</doc>
<status status="PASS" start="2024-08-06T12:29:53.335340" elapsed="0.000171"/>
</kw>
<kw name="Create List" owner="BuiltIn">
<msg time="2024-08-06T12:29:53.335944" level="INFO">${expected_keys} = ['gender', 'name', 'location', 'email', 'login']</msg>
<var>${expected_keys}</var>
<arg>gender</arg>
<arg>name</arg>
<arg>location</arg>
<arg>email</arg>
<arg>login</arg>
<doc>Returns a list containing given items.</doc>
<status status="PASS" start="2024-08-06T12:29:53.335796" elapsed="0.000172"/>
</kw>
<for flavor="IN">
<iter>
<kw name="Dictionary Should Contain Key" owner="Collections">
<arg>${json_data['results'][0]}</arg>
<arg>${key}</arg>
<doc>Fails if ``key`` is not found from ``dictionary``.</doc>
<status status="PASS" start="2024-08-06T12:29:53.336561" elapsed="0.000407"/>
</kw>
<kw name="Log" owner="BuiltIn">
<msg time="2024-08-06T12:29:53.337523" level="INFO">{'gender': 'male', 'name': {'title': 'Mr', 'first': 'Gordyata', 'last': 'Vintonyak'}, 'location': {'street': {'number': 9330, 'name': 'Yakova Batyuka'}, 'city': 'Lviv', 'state': 'Luganska', 'country': 'Ukraine', 'postcode': 47786, 'coordinates': {'latitude': '74.4969', 'longitude': '-100.0891'}, 'timezone': {'offset': '-1:00', 'description': 'Azores, Cape Verde Islands'}}, 'email': 'gordyata.vintonyak@example.com', 'login': {'uuid': '426e0876-539b-486b-b9b5-79bb6a57da5e', 'username': 'silverfrog523', 'password': 'micheal', 'salt': 'upKSHzS0', 'md5': 'f469fd98b12758d97cab12bb96339496', 'sha1': '33b118adaaeaf7457b3ad80d70b431903ad916d3', 'sha256': 'df5435581976c381b606f13da902050b88fdfb62ba6c026055fea6f581f95ad5'}, 'dob': {'date': '1977-01-25T02:36:07.627Z', 'age': 47}, 'registered': {'date': '2016-07-25T04:58:58.991Z', 'age': 8}, 'phone': '(096) R34-8639', 'cell': '(098) F96-4275', 'id': {'name': '', 'value': None}, 'picture': {'large': 'https://randomuser.me/api/portraits/men/72.jpg', 'medium': 'https://randomuser.me/api/portraits/med/men/72.jpg', 'thumbnail': 'https://randomuser.me/api/portraits/thumb/men/72.jpg'}, 'nat': 'UA'}</msg>
<arg>${json_data['results'][0]}</arg>
<doc>Logs the given message with the given level.</doc>
<status status="PASS" start="2024-08-06T12:29:53.337156" elapsed="0.000416"/>
</kw>
<kw name="Log" owner="BuiltIn">
<msg time="2024-08-06T12:29:53.338000" level="INFO">gender</msg>
<arg>${key}</arg>
<doc>Logs the given message with the given level.</doc>
<status status="PASS" start="2024-08-06T12:29:53.337872" elapsed="0.000166"/>
</kw>
<var name="${key}">gender</var>
<status status="PASS" start="2024-08-06T12:29:53.336437" elapsed="0.001828"/>
</iter>
<iter>
<kw name="Dictionary Should Contain Key" owner="Collections">
<arg>${json_data['results'][0]}</arg>
<arg>${key}</arg>
<doc>Fails if ``key`` is not found from ``dictionary``.</doc>
<status status="PASS" start="2024-08-06T12:29:53.338596" elapsed="0.000402"/>
</kw>
<kw name="Log" owner="BuiltIn">
<msg time="2024-08-06T12:29:53.339559" level="INFO">{'gender': 'male', 'name': {'title': 'Mr', 'first': 'Gordyata', 'last': 'Vintonyak'}, 'location': {'street': {'number': 9330, 'name': 'Yakova Batyuka'}, 'city': 'Lviv', 'state': 'Luganska', 'country': 'Ukraine', 'postcode': 47786, 'coordinates': {'latitude': '74.4969', 'longitude': '-100.0891'}, 'timezone': {'offset': '-1:00', 'description': 'Azores, Cape Verde Islands'}}, 'email': 'gordyata.vintonyak@example.com', 'login': {'uuid': '426e0876-539b-486b-b9b5-79bb6a57da5e', 'username': 'silverfrog523', 'password': 'micheal', 'salt': 'upKSHzS0', 'md5': 'f469fd98b12758d97cab12bb96339496', 'sha1': '33b118adaaeaf7457b3ad80d70b431903ad916d3', 'sha256': 'df5435581976c381b606f13da902050b88fdfb62ba6c026055fea6f581f95ad5'}, 'dob': {'date': '1977-01-25T02:36:07.627Z', 'age': 47}, 'registered': {'date': '2016-07-25T04:58:58.991Z', 'age': 8}, 'phone': '(096) R34-8639', 'cell': '(098) F96-4275', 'id': {'name': '', 'value': None}, 'picture': {'large': 'https://randomuser.me/api/portraits/men/72.jpg', 'medium': 'https://randomuser.me/api/portraits/med/men/72.jpg', 'thumbnail': 'https://randomuser.me/api/portraits/thumb/men/72.jpg'}, 'nat': 'UA'}</msg>
<arg>${json_data['results'][0]}</arg>
<doc>Logs the given message with the given level.</doc>
<status status="PASS" start="2024-08-06T12:29:53.339180" elapsed="0.000462"/>
</kw>
<kw name="Log" owner="BuiltIn">
<msg time="2024-08-06T12:29:53.340072" level="INFO">name</msg>
<arg>${key}</arg>
<doc>Logs the given message with the given level.</doc>
<status status="PASS" start="2024-08-06T12:29:53.339943" elapsed="0.000167"/>
</kw>
<var name="${key}">name</var>
<status status="PASS" start="2024-08-06T12:29:53.338482" elapsed="0.001842"/>
</iter>
<iter>
<kw name="Dictionary Should Contain Key" owner="Collections">
<arg>${json_data['results'][0]}</arg>
<arg>${key}</arg>
<doc>Fails if ``key`` is not found from ``dictionary``.</doc>
<status status="PASS" start="2024-08-06T12:29:53.340607" elapsed="0.000387"/>
</kw>
<kw name="Log" owner="BuiltIn">
<msg time="2024-08-06T12:29:53.341528" level="INFO">{'gender': 'male', 'name': {'title': 'Mr', 'first': 'Gordyata', 'last': 'Vintonyak'}, 'location': {'street': {'number': 9330, 'name': 'Yakova Batyuka'}, 'city': 'Lviv', 'state': 'Luganska', 'country': 'Ukraine', 'postcode': 47786, 'coordinates': {'latitude': '74.4969', 'longitude': '-100.0891'}, 'timezone': {'offset': '-1:00', 'description': 'Azores, Cape Verde Islands'}}, 'email': 'gordyata.vintonyak@example.com', 'login': {'uuid': '426e0876-539b-486b-b9b5-79bb6a57da5e', 'username': 'silverfrog523', 'password': 'micheal', 'salt': 'upKSHzS0', 'md5': 'f469fd98b12758d97cab12bb96339496', 'sha1': '33b118adaaeaf7457b3ad80d70b431903ad916d3', 'sha256': 'df5435581976c381b606f13da902050b88fdfb62ba6c026055fea6f581f95ad5'}, 'dob': {'date': '1977-01-25T02:36:07.627Z', 'age': 47}, 'registered': {'date': '2016-07-25T04:58:58.991Z', 'age': 8}, 'phone': '(096) R34-8639', 'cell': '(098) F96-4275', 'id': {'name': '', 'value': None}, 'picture': {'large': 'https://randomuser.me/api/portraits/men/72.jpg', 'medium': 'https://randomuser.me/api/portraits/med/men/72.jpg', 'thumbnail': 'https://randomuser.me/api/portraits/thumb/men/72.jpg'}, 'nat': 'UA'}</msg>
<arg>${json_data['results'][0]}</arg>
<doc>Logs the given message with the given level.</doc>
<status status="PASS" start="2024-08-06T12:29:53.341183" elapsed="0.000391"/>
</kw>
<kw name="Log" owner="BuiltIn">
<msg time="2024-08-06T12:29:53.341999" level="INFO">location</msg>
<arg>${key}</arg>
<doc>Logs the given message with the given level.</doc>
<status status="PASS" start="2024-08-06T12:29:53.341871" elapsed="0.000166"/>
</kw>
<var name="${key}">location</var>
<status status="PASS" start="2024-08-06T12:29:53.340498" elapsed="0.001760"/>
</iter>
<iter>
<kw name="Dictionary Should Contain Key" owner="Collections">
<arg>${json_data['results'][0]}</arg>
<arg>${key}</arg>
<doc>Fails if ``key`` is not found from ``dictionary``.</doc>
<status status="PASS" start="2024-08-06T12:29:53.342589" elapsed="0.000380"/>
</kw>
<kw name="Log" owner="BuiltIn">
<msg time="2024-08-06T12:29:53.343627" level="INFO">{'gender': 'male', 'name': {'title': 'Mr', 'first': 'Gordyata', 'last': 'Vintonyak'}, 'location': {'street': {'number': 9330, 'name': 'Yakova Batyuka'}, 'city': 'Lviv', 'state': 'Luganska', 'country': 'Ukraine', 'postcode': 47786, 'coordinates': {'latitude': '74.4969', 'longitude': '-100.0891'}, 'timezone': {'offset': '-1:00', 'description': 'Azores, Cape Verde Islands'}}, 'email': 'gordyata.vintonyak@example.com', 'login': {'uuid': '426e0876-539b-486b-b9b5-79bb6a57da5e', 'username': 'silverfrog523', 'password': 'micheal', 'salt': 'upKSHzS0', 'md5': 'f469fd98b12758d97cab12bb96339496', 'sha1': '33b118adaaeaf7457b3ad80d70b431903ad916d3', 'sha256': 'df5435581976c381b606f13da902050b88fdfb62ba6c026055fea6f581f95ad5'}, 'dob': {'date': '1977-01-25T02:36:07.627Z', 'age': 47}, 'registered': {'date': '2016-07-25T04:58:58.991Z', 'age': 8}, 'phone': '(096) R34-8639', 'cell': '(098) F96-4275', 'id': {'name': '', 'value': None}, 'picture': {'large': 'https://randomuser.me/api/portraits/men/72.jpg', 'medium': 'https://randomuser.me/api/portraits/med/men/72.jpg', 'thumbnail': 'https://randomuser.me/api/portraits/thumb/men/72.jpg'}, 'nat': 'UA'}</msg>
<arg>${json_data['results'][0]}</arg>
<doc>Logs the given message with the given level.</doc>
<status status="PASS" start="2024-08-06T12:29:53.343276" elapsed="0.000398"/>
</kw>
<kw name="Log" owner="BuiltIn">
<msg time="2024-08-06T12:29:53.344103" level="INFO">email</msg>
<arg>${key}</arg>
<doc>Logs the given message with the given level.</doc>
<status status="PASS" start="2024-08-06T12:29:53.343974" elapsed="0.000168"/>
</kw>
<var name="${key}">email</var>
<status status="PASS" start="2024-08-06T12:29:53.342478" elapsed="0.001879"/>
</iter>
<iter>
<kw name="Dictionary Should Contain Key" owner="Collections">
<arg>${json_data['results'][0]}</arg>
<arg>${key}</arg>
<doc>Fails if ``key`` is not found from ``dictionary``.</doc>
<status status="PASS" start="2024-08-06T12:29:53.344635" elapsed="0.000378"/>
</kw>
<kw name="Log" owner="BuiltIn">
<msg time="2024-08-06T12:29:53.345545" level="INFO">{'gender': 'male', 'name': {'title': 'Mr', 'first': 'Gordyata', 'last': 'Vintonyak'}, 'location': {'street': {'number': 9330, 'name': 'Yakova Batyuka'}, 'city': 'Lviv', 'state': 'Luganska', 'country': 'Ukraine', 'postcode': 47786, 'coordinates': {'latitude': '74.4969', 'longitude': '-100.0891'}, 'timezone': {'offset': '-1:00', 'description': 'Azores, Cape Verde Islands'}}, 'email': 'gordyata.vintonyak@example.com', 'login': {'uuid': '426e0876-539b-486b-b9b5-79bb6a57da5e', 'username': 'silverfrog523', 'password': 'micheal', 'salt': 'upKSHzS0', 'md5': 'f469fd98b12758d97cab12bb96339496', 'sha1': '33b118adaaeaf7457b3ad80d70b431903ad916d3', 'sha256': 'df5435581976c381b606f13da902050b88fdfb62ba6c026055fea6f581f95ad5'}, 'dob': {'date': '1977-01-25T02:36:07.627Z', 'age': 47}, 'registered': {'date': '2016-07-25T04:58:58.991Z', 'age': 8}, 'phone': '(096) R34-8639', 'cell': '(098) F96-4275', 'id': {'name': '', 'value': None}, 'picture': {'large': 'https://randomuser.me/api/portraits/men/72.jpg', 'medium': 'https://randomuser.me/api/portraits/med/men/72.jpg', 'thumbnail': 'https://randomuser.me/api/portraits/thumb/men/72.jpg'}, 'nat': 'UA'}</msg>
<arg>${json_data['results'][0]}</arg>
<doc>Logs the given message with the given level.</doc>
<status status="PASS" start="2024-08-06T12:29:53.345192" elapsed="0.000401"/>
</kw>
<kw name="Log" owner="BuiltIn">
<msg time="2024-08-06T12:29:53.346003" level="INFO">login</msg>
<arg>${key}</arg>
<doc>Logs the given message with the given level.</doc>
<status status="PASS" start="2024-08-06T12:29:53.345878" elapsed="0.000161"/>
</kw>
<var name="${key}">login</var>
<status status="PASS" start="2024-08-06T12:29:53.344528" elapsed="0.001720"/>
</iter>
<var>${key}</var>
<value>@{expected_keys}</value>
<status status="PASS" start="2024-08-06T12:29:53.336238" elapsed="0.010163"/>
</for>
<kw name="Create List" owner="BuiltIn">
<msg time="2024-08-06T12:29:53.346725" level="INFO">${expected_keysTwo} = ['username', 'password']</msg>
<var>${expected_keysTwo}</var>
<arg>username</arg>
<arg>password</arg>
<doc>Returns a list containing given items.</doc>
<status status="PASS" start="2024-08-06T12:29:53.346592" elapsed="0.000157"/>
</kw>
<for flavor="IN">
<iter>
<kw name="Dictionary Should Contain Key" owner="Collections">
<arg>${json_data['results'][0]['login']}</arg>
<arg>${keyTwo}</arg>
<doc>Fails if ``key`` is not found from ``dictionary``.</doc>
<status status="PASS" start="2024-08-06T12:29:53.347262" elapsed="0.000381"/>
</kw>
<kw name="Dictionary Should Contain Key" owner="Collections">
<arg>${json_data['results'][0]['login']}</arg>
<arg>${keyTwo}</arg>
<doc>Fails if ``key`` is not found from ``dictionary``.</doc>
<status status="PASS" start="2024-08-06T12:29:53.347821" elapsed="0.000382"/>
</kw>
<kw name="Log" owner="BuiltIn">
<msg time="2024-08-06T12:29:53.348495" level="INFO">username</msg>
<arg>${keyTwo}</arg>
<doc>Logs the given message with the given level.</doc>
<status status="PASS" start="2024-08-06T12:29:53.348377" elapsed="0.000155"/>
</kw>
<var name="${keyTwo}">username</var>
<status status="PASS" start="2024-08-06T12:29:53.347156" elapsed="0.001593"/>
</iter>
<iter>
<kw name="Dictionary Should Contain Key" owner="Collections">
<arg>${json_data['results'][0]['login']}</arg>
<arg>${keyTwo}</arg>
<doc>Fails if ``key`` is not found from ``dictionary``.</doc>
<status status="PASS" start="2024-08-06T12:29:53.349023" elapsed="0.000382"/>
</kw>
<kw name="Dictionary Should Contain Key" owner="Collections">
<arg>${json_data['results'][0]['login']}</arg>
<arg>${keyTwo}</arg>
<doc>Fails if ``key`` is not found from ``dictionary``.</doc>
<status status="PASS" start="2024-08-06T12:29:53.349578" elapsed="0.000370"/>
</kw>
<kw name="Log" owner="BuiltIn">
<msg time="2024-08-06T12:29:53.350240" level="INFO">password</msg>
<arg>${keyTwo}</arg>
<doc>Logs the given message with the given level.</doc>
<status status="PASS" start="2024-08-06T12:29:53.350121" elapsed="0.000157"/>
</kw>
<var name="${keyTwo}">password</var>
<status status="PASS" start="2024-08-06T12:29:53.348918" elapsed="0.001632"/>
</iter>
<var>${keyTwo}</var>
<value>@{expected_keysTwo}</value>
<status status="PASS" start="2024-08-06T12:29:53.347008" elapsed="0.003661"/>
</for>
<status status="PASS" start="2024-08-06T12:29:53.227287" elapsed="0.123532"/>
</kw>
<doc>Testa a estrutura da resposta da API.</doc>
<tag>testeEstruturaResposta</tag>
<status status="PASS" start="2024-08-06T12:29:53.226758" elapsed="0.124214"/>
</test>
<test id="s1-s1-t4" name="Validar tipos de dados" line="28">
<kw name="Teste de Tipos de Dados" owner="random-user-service">
<kw name="GET On Session" owner="RequestsLibrary">
<msg time="2024-08-06T12:29:53.426789" level="INFO">GET Request : url=https://randomuser.me/api 
 path_url=/api 
 headers={'User-Agent': 'python-requests/2.32.3', 'Accept-Encoding': 'gzip, deflate', 'Accept': '*/*', 'Connection': 'keep-alive'} 
 body=None 
 </msg>
<msg time="2024-08-06T12:29:53.426881" level="INFO">GET Response : url=https://randomuser.me/api 
 status=200, reason=OK 
 headers={'Date': 'Tue, 06 Aug 2024 12:29:53 GMT', 'Content-Type': 'application/json; charset=utf-8', 'Transfer-Encoding': 'chunked', 'Connection': 'keep-alive', 'X-Powered-By': 'Express', 'Access-Control-Allow-Origin': '*', 'Cache-Control': 'no-cache', 'ETag': 'W/"489-u+xUeUOzoN0VHYnOvPa9w5D0XyY"', 'Vary': 'Accept-Encoding', 'Content-Encoding': 'gzip', 'CF-Cache-Status': 'DYNAMIC', 'Report-To': '{"endpoints":[{"url":"https:\\/\\/a.nel.cloudflare.com\\/report\\/v4?s=fGEHlLFtnhL3aPCwWACDSV3jHLfpYzfqJQKcdHa%2BoJpxNs23L0EwcW%2BZJZvtAVTItihSJwo6J13b8%2FMfO2fEUXAF9H0Vgho5YmMpoWp5rMFe1MuEEuQD1lEG2KWn3XyB"}],"group":"cf-nel","max_age":604800}', 'NEL': '{"success_fraction":0,"report_to":"cf-nel","max_age":604800}', 'Server': 'cloudflare', 'CF-RAY': '8aef08f87b0b22fc-ORD', 'alt-svc': 'h3=":443"; ma=86400'} 
 body={"results":[{"gender":"male","name":{"title":"Mr","first":"Rowan","last":"Vriends"},"location":{"street":{"number":6148,"name":"Boverhofsweg"},"city":"Niersen","state":"Zeeland","country":"Netherlands","postcode":"0856 ME","coordinates":{"latitude":"37.8574","longitude":"-149.3850"},"timezone":{"offset":"-7:00","description":"Mountain Time (US &amp; Canada)"}},"email":"rowan.vriends@example.com","login":{"uuid":"cf2939d1-29b7-46c6-8eda-d53503b193a5","username":"smallmouse838","password":"target","salt":"kJUDxXAH","md5":"eca1556c068d33005516384efba09c73","sha1":"c4c362c6e798ff6861669e2d3625c54885ce5801","sha256":"27049b41812a0591bb37769af6acd7acab7060e7687ee64b62cb410488b6d41a"},"dob":{"date":"1964-03-08T23:00:09.190Z","age":60},"registered":{"date":"2006-03-27T21:16:13.784Z","age":18},"phone":"(0920) 977934","cell":"(06) 36790244","id":{"name":"BSN","value":"90260218"},"picture":{"large":"https://randomuser.me/api/portraits/men/32.jpg","medium":"https://randomuser.me/api/portraits/med/men/32.jpg","thumbnail":"https://randomuser.me/api/portraits/thumb/men/32.jpg"},"nat":"NL"}],"info":{"seed":"b5187f4eaa99f712","results":1,"page":1,"version":"1.4"}} 
 </msg>
<msg time="2024-08-06T12:29:53.426949" level="INFO">/opt/hostedtoolcache/Python/3.12.4/x64/lib/python3.12/site-packages/urllib3/connectionpool.py:1099: InsecureRequestWarning: Unverified HTTPS request is being made to host 'randomuser.me'. Adding certificate verification is strongly advised. See: https://urllib3.readthedocs.io/en/latest/advanced-usage.html#tls-warnings
  warnings.warn(</msg>
<msg time="2024-08-06T12:29:53.427050" level="INFO">${response} = &lt;Response [200]&gt;</msg>
<var>${response}</var>
<arg>consultarAPI</arg>
<arg>/api</arg>
<doc>Sends a GET request on a previously created HTTP Session.</doc>
<status status="PASS" start="2024-08-06T12:29:53.353381" elapsed="0.073708"/>
</kw>
<kw name="Set Variable" owner="BuiltIn">
<msg time="2024-08-06T12:29:53.428265" level="INFO">${json_data} = {'results': [{'gender': 'male', 'name': {'title': 'Mr', 'first': 'Rowan', 'last': 'Vriends'}, 'location': {'street': {'number': 6148, 'name': 'Boverhofsweg'}, 'city': 'Niersen', 'state': 'Zeeland', 'c...</msg>
<var>${json_data}</var>
<arg>${response.json()}</arg>
<doc>Returns the given values which can then be assigned to a variables.</doc>
<status status="PASS" start="2024-08-06T12:29:53.427641" elapsed="0.000653"/>
</kw>
<kw name="Log" owner="BuiltIn">
<msg time="2024-08-06T12:29:53.428752" level="INFO">{'results': [{'gender': 'male', 'name': {'title': 'Mr', 'first': 'Rowan', 'last': 'Vriends'}, 'location': {'street': {'number': 6148, 'name': 'Boverhofsweg'}, 'city': 'Niersen', 'state': 'Zeeland', 'country': 'Netherlands', 'postcode': '0856 ME', 'coordinates': {'latitude': '37.8574', 'longitude': '-149.3850'}, 'timezone': {'offset': '-7:00', 'description': 'Mountain Time (US &amp; Canada)'}}, 'email': 'rowan.vriends@example.com', 'login': {'uuid': 'cf2939d1-29b7-46c6-8eda-d53503b193a5', 'username': 'smallmouse838', 'password': 'target', 'salt': 'kJUDxXAH', 'md5': 'eca1556c068d33005516384efba09c73', 'sha1': 'c4c362c6e798ff6861669e2d3625c54885ce5801', 'sha256': '27049b41812a0591bb37769af6acd7acab7060e7687ee64b62cb410488b6d41a'}, 'dob': {'date': '1964-03-08T23:00:09.190Z', 'age': 60}, 'registered': {'date': '2006-03-27T21:16:13.784Z', 'age': 18}, 'phone': '(0920) 977934', 'cell': '(06) 36790244', 'id': {'name': 'BSN', 'value': '90260218'}, 'picture': {'large': 'https://randomuser.me/api/portraits/men/32.jpg', 'medium': 'https://randomuser.me/api/portraits/med/men/32.jpg', 'thumbnail': 'https://randomuser.me/api/portraits/thumb/men/32.jpg'}, 'nat': 'NL'}], 'info': {'seed': 'b5187f4eaa99f712', 'results': 1, 'page': 1, 'version': '1.4'}}</msg>
<arg>${json_data}</arg>
<doc>Logs the given message with the given level.</doc>
<status status="PASS" start="2024-08-06T12:29:53.428599" elapsed="0.000203"/>
</kw>
<kw name="Should Be String" owner="String">
<arg>${json_data['results'][0]['gender']}</arg>
<doc>Fails if the given ``item`` is not a string.</doc>
<status status="PASS" start="2024-08-06T12:29:53.429092" elapsed="0.000366"/>
</kw>
<kw name="Should Match Regexp" owner="BuiltIn">
<arg>${json_data['results'][0]['email']}</arg>
<arg>^[a-zA-Z0-9._%+-]+@[a-zA-Z0-9.-]+\.[a-zA-Z]{2,}$</arg>
<doc>Fails if ``string`` does not match ``pattern`` as a regular expression.</doc>
<status status="PASS" start="2024-08-06T12:29:53.429652" elapsed="0.000527"/>
</kw>
<kw name="Should Match Regexp" owner="BuiltIn">
<arg>${json_data['results'][0]['dob']['date']}</arg>
<arg>\\d{4}-\\d{2}-\\d{2}T\\d{2}:\\d{2}:\\d{2}\\.\\d{3}Z</arg>
<doc>Fails if ``string`` does not match ``pattern`` as a regular expression.</doc>
<status status="PASS" start="2024-08-06T12:29:53.430454" elapsed="0.000637"/>
</kw>
<kw name="Should Match Regexp" owner="BuiltIn">
<arg>${json_data['results'][0]['registered']['date']}</arg>
<arg>\\d{4}-\\d{2}-\\d{2}T\\d{2}:\\d{2}:\\d{2}\\.\\d{3}Z</arg>
<doc>Fails if ``string`` does not match ``pattern`` as a regular expression.</doc>
<status status="PASS" start="2024-08-06T12:29:53.431286" elapsed="0.000384"/>
</kw>
<kw name="Should Match Regexp" owner="BuiltIn">
<arg>${json_data['results'][0]['picture']['large']}</arg>
<arg>^https?://.*\.(?:png|jpe?g|gif|bmp)$</arg>
<doc>Fails if ``string`` does not match ``pattern`` as a regular expression.</doc>
<status status="PASS" start="2024-08-06T12:29:53.431860" elapsed="0.000463"/>
</kw>
<kw name="Should Match Regexp" owner="BuiltIn">
<arg>${json_data['results'][0]['picture']['medium']}</arg>
<arg>^https?://.*\.(?:png|jpe?g|gif|bmp)$</arg>
<doc>Fails if ``string`` does not match ``pattern`` as a regular expression.</doc>
<status status="PASS" start="2024-08-06T12:29:53.432510" elapsed="0.000366"/>
</kw>
<kw name="Should Match Regexp" owner="BuiltIn">
<arg>${json_data['results'][0]['picture']['thumbnail']}</arg>
<arg>^https?://.*\.(?:png|jpe?g|gif|bmp)$</arg>
<doc>Fails if ``string`` does not match ``pattern`` as a regular expression.</doc>
<status status="PASS" start="2024-08-06T12:29:53.433057" elapsed="0.000466"/>
</kw>
<kw name="Log" owner="BuiltIn">
<msg time="2024-08-06T12:29:53.434379" level="INFO">{'large': 'https://randomuser.me/api/portraits/men/32.jpg', 'medium': 'https://randomuser.me/api/portraits/med/men/32.jpg', 'thumbnail': 'https://randomuser.me/api/portraits/thumb/men/32.jpg'}</msg>
<arg>${json_data['results'][0]['picture']}</arg>
<doc>Logs the given message with the given level.</doc>
<status status="PASS" start="2024-08-06T12:29:53.433805" elapsed="0.000652"/>
</kw>
<status status="PASS" start="2024-08-06T12:29:53.353162" elapsed="0.081646"/>
</kw>
<kw name="Teste de Tipos de Dados - Postcode" owner="random-user-service">
<kw name="GET On Session" owner="RequestsLibrary">
<msg time="2024-08-06T12:29:53.532834" level="INFO">GET Request : url=https://randomuser.me/api 
 path_url=/api 
 headers={'User-Agent': 'python-requests/2.32.3', 'Accept-Encoding': 'gzip, deflate', 'Accept': '*/*', 'Connection': 'keep-alive'} 
 body=None 
 </msg>
<msg time="2024-08-06T12:29:53.532922" level="INFO">GET Response : url=https://randomuser.me/api 
 status=200, reason=OK 
 headers={'Date': 'Tue, 06 Aug 2024 12:29:53 GMT', 'Content-Type': 'application/json; charset=utf-8', 'Transfer-Encoding': 'chunked', 'Connection': 'keep-alive', 'X-Powered-By': 'Express', 'Access-Control-Allow-Origin': '*', 'Cache-Control': 'no-cache', 'ETag': 'W/"480-sCEI4S+bhbsmkVO8xa3UQXtJtEc"', 'Vary': 'Accept-Encoding', 'Content-Encoding': 'gzip', 'CF-Cache-Status': 'DYNAMIC', 'Report-To': '{"endpoints":[{"url":"https:\\/\\/a.nel.cloudflare.com\\/report\\/v4?s=P0CSGrjSMyy%2BM5KxZVwh3YBdaywsaG99VsV8FCZ8B6SbLtJtuPqxTMZIoWReORKscYqzl8Dn9AxW3Pd3MrQBAU7JXNi4BKhBTeE7jD6BikKoCFjw8XEcYH8WdHPKno0O"}],"group":"cf-nel","max_age":604800}', 'NEL': '{"success_fraction":0,"report_to":"cf-nel","max_age":604800}', 'Server': 'cloudflare', 'CF-RAY': '8aef08f8fb8a22fc-ORD', 'alt-svc': 'h3=":443"; ma=86400'} 
 body={"results":[{"gender":"male","name":{"title":"Mr","first":"Angelo","last":"Dumont"},"location":{"street":{"number":2016,"name":"Esplanade du 9 Novembre 1989"},"city":"Nice","state":"Ariège","country":"France","postcode":89297,"coordinates":{"latitude":"-17.8507","longitude":"-64.4827"},"timezone":{"offset":"+4:30","description":"Kabul"}},"email":"angelo.dumont@example.com","login":{"uuid":"03a3291e-77f5-47fe-a6b4-5e72e780df80","username":"sadfrog435","password":"hhhhhh","salt":"DC9vE753","md5":"12d3eb8fa967319dc3701d1c3e69f165","sha1":"959ca99ca7607c8bf21292dedcfbb5bd29d9e1c3","sha256":"8929f3dab75094907abe93f4a7669e49adcc7d14ea956ba974dff925af233381"},"dob":{"date":"1995-02-07T17:28:33.286Z","age":29},"registered":{"date":"2011-09-11T08:50:53.910Z","age":12},"phone":"05-45-08-95-00","cell":"06-71-26-10-09","id":{"name":"INSEE","value":"1950139579171 94"},"picture":{"large":"https://randomuser.me/api/portraits/men/13.jpg","medium":"https://randomuser.me/api/portraits/med/men/13.jpg","thumbnail":"https://randomuser.me/api/portraits/thumb/men/13.jpg"},"nat":"FR"}],"info":{"seed":"1a6f7b11ec694fc8","results":1,"page":1,"version":"1.4"}} 
 </msg>
<msg time="2024-08-06T12:29:53.532999" level="INFO">/opt/hostedtoolcache/Python/3.12.4/x64/lib/python3.12/site-packages/urllib3/connectionpool.py:1099: InsecureRequestWarning: Unverified HTTPS request is being made to host 'randomuser.me'. Adding certificate verification is strongly advised. See: https://urllib3.readthedocs.io/en/latest/advanced-usage.html#tls-warnings
  warnings.warn(</msg>
<msg time="2024-08-06T12:29:53.533101" level="INFO">${response} = &lt;Response [200]&gt;</msg>
<var>${response}</var>
<arg>consultarAPI</arg>
<arg>/api</arg>
<doc>Sends a GET request on a previously created HTTP Session.</doc>
<status status="PASS" start="2024-08-06T12:29:53.435264" elapsed="0.097877"/>
</kw>
<kw name="Set Variable" owner="BuiltIn">
<msg time="2024-08-06T12:29:53.534390" level="INFO">${json_data} = {'results': [{'gender': 'male', 'name': {'title': 'Mr', 'first': 'Angelo', 'last': 'Dumont'}, 'location': {'street': {'number': 2016, 'name': 'Esplanade du 9 Novembre 1989'}, 'city': 'Nice', 'state': ...</msg>
<var>${json_data}</var>
<arg>${response.json()}</arg>
<doc>Returns the given values which can then be assigned to a variables.</doc>
<status status="PASS" start="2024-08-06T12:29:53.533697" elapsed="0.000724"/>
</kw>
<kw name="Log" owner="BuiltIn">
<msg time="2024-08-06T12:29:53.534904" level="INFO">{'results': [{'gender': 'male', 'name': {'title': 'Mr', 'first': 'Angelo', 'last': 'Dumont'}, 'location': {'street': {'number': 2016, 'name': 'Esplanade du 9 Novembre 1989'}, 'city': 'Nice', 'state': 'Ariège', 'country': 'France', 'postcode': 89297, 'coordinates': {'latitude': '-17.8507', 'longitude': '-64.4827'}, 'timezone': {'offset': '+4:30', 'description': 'Kabul'}}, 'email': 'angelo.dumont@example.com', 'login': {'uuid': '03a3291e-77f5-47fe-a6b4-5e72e780df80', 'username': 'sadfrog435', 'password': 'hhhhhh', 'salt': 'DC9vE753', 'md5': '12d3eb8fa967319dc3701d1c3e69f165', 'sha1': '959ca99ca7607c8bf21292dedcfbb5bd29d9e1c3', 'sha256': '8929f3dab75094907abe93f4a7669e49adcc7d14ea956ba974dff925af233381'}, 'dob': {'date': '1995-02-07T17:28:33.286Z', 'age': 29}, 'registered': {'date': '2011-09-11T08:50:53.910Z', 'age': 12}, 'phone': '05-45-08-95-00', 'cell': '06-71-26-10-09', 'id': {'name': 'INSEE', 'value': '1950139579171 94'}, 'picture': {'large': 'https://randomuser.me/api/portraits/men/13.jpg', 'medium': 'https://randomuser.me/api/portraits/med/men/13.jpg', 'thumbnail': 'https://randomuser.me/api/portraits/thumb/men/13.jpg'}, 'nat': 'FR'}], 'info': {'seed': '1a6f7b11ec694fc8', 'results': 1, 'page': 1, 'version': '1.4'}}</msg>
<arg>${json_data}</arg>
<doc>Logs the given message with the given level.</doc>
<status status="PASS" start="2024-08-06T12:29:53.534743" elapsed="0.000210"/>
</kw>
<kw name="Should Be Equal As Numbers" owner="BuiltIn">
<arg>${json_data['results'][0]['location']['postcode']}</arg>
<arg>${json_data['results'][0]['location']['postcode']}</arg>
<doc>Fails if objects are unequal after converting them to real numbers.</doc>
<status status="PASS" start="2024-08-06T12:29:53.535253" elapsed="0.000631"/>
</kw>
<kw name="Log" owner="BuiltIn">
<msg time="2024-08-06T12:29:53.536419" level="INFO">89297</msg>
<arg>${json_data['results'][0]['location']['postcode']}</arg>
<doc>Logs the given message with the given level.</doc>
<status status="PASS" start="2024-08-06T12:29:53.536076" elapsed="0.000386"/>
</kw>
<status status="PASS" start="2024-08-06T12:29:53.435037" elapsed="0.101713"/>
</kw>
<doc>Testa se os tipos de dados na resposta da API estão corretos.</doc>
<tag>testeTiposDados</tag>
<status status="PASS" start="2024-08-06T12:29:53.352715" elapsed="0.184207"/>
</test>
<test id="s1-s1-t5" name="Validar conteudo" line="35">
<kw name="Teste de Tipos de Conteudo" owner="random-user-service">
<kw name="GET On Session" owner="RequestsLibrary">
<msg time="2024-08-06T12:29:53.633913" level="INFO">GET Request : url=https://randomuser.me/api 
 path_url=/api 
 headers={'User-Agent': 'python-requests/2.32.3', 'Accept-Encoding': 'gzip, deflate', 'Accept': '*/*', 'Connection': 'keep-alive'} 
 body=None 
 </msg>
<msg time="2024-08-06T12:29:53.634021" level="INFO">GET Response : url=https://randomuser.me/api 
 status=200, reason=OK 
 headers={'Date': 'Tue, 06 Aug 2024 12:29:53 GMT', 'Content-Type': 'application/json; charset=utf-8', 'Transfer-Encoding': 'chunked', 'Connection': 'keep-alive', 'X-Powered-By': 'Express', 'Access-Control-Allow-Origin': '*', 'Cache-Control': 'no-cache', 'ETag': 'W/"4ae-yn7/vKsoiLwEkDxrZ50VJZ/2QA4"', 'Vary': 'Accept-Encoding', 'Content-Encoding': 'gzip', 'CF-Cache-Status': 'DYNAMIC', 'Report-To': '{"endpoints":[{"url":"https:\\/\\/a.nel.cloudflare.com\\/report\\/v4?s=Rj6dN8stRff4bMTV9yu6QpUWbF%2FR2AC6uPEkB%2BppFAoDuKYu%2FFmz1uFAd%2FfSSb5UC1T2akTUPmuc589%2BDS%2F1pRxuzwG0hQjnFZXVCqRHE9mr7EJBZEbbjH9CZPixbHiD"}],"group":"cf-nel","max_age":604800}', 'NEL': '{"success_fraction":0,"report_to":"cf-nel","max_age":604800}', 'Server': 'cloudflare', 'CF-RAY': '8aef08f9ac2e22fc-ORD', 'alt-svc': 'h3=":443"; ma=86400'} 
 body={"results":[{"gender":"female","name":{"title":"Mrs","first":"Marijne","last":"Tigchelaar"},"location":{"street":{"number":9146,"name":"De Spaak"},"city":"Spijk gem Lingewaal","state":"Utrecht","country":"Netherlands","postcode":"0412 NS","coordinates":{"latitude":"36.6682","longitude":"26.2542"},"timezone":{"offset":"0:00","description":"Western Europe Time, London, Lisbon, Casablanca"}},"email":"marijne.tigchelaar@example.com","login":{"uuid":"9b97e6cc-e2db-400d-a668-09950784bd15","username":"lazybear614","password":"help","salt":"iYScdYzA","md5":"a0b1939434449b1b77b21f6445c6d0fc","sha1":"2d791a5f9add893d24e1433f7e886682f7d27a77","sha256":"425388637fc9796fd1405c11d1211e1c544a9c1409af21a66707a9ae65743b8e"},"dob":{"date":"1977-07-06T11:27:03.187Z","age":47},"registered":{"date":"2009-02-13T08:05:52.008Z","age":15},"phone":"(045) 2681351","cell":"(06) 73784980","id":{"name":"BSN","value":"23607269"},"picture":{"large":"https://randomuser.me/api/portraits/women/4.jpg","medium":"https://randomuser.me/api/portraits/med/women/4.jpg","thumbnail":"https://randomuser.me/api/portraits/thumb/women/4.jpg"},"nat":"NL"}],"info":{"seed":"18672915fc899895","results":1,"page":1,"version":"1.4"}} 
 </msg>
<msg time="2024-08-06T12:29:53.634105" level="INFO">/opt/hostedtoolcache/Python/3.12.4/x64/lib/python3.12/site-packages/urllib3/connectionpool.py:1099: InsecureRequestWarning: Unverified HTTPS request is being made to host 'randomuser.me'. Adding certificate verification is strongly advised. See: https://urllib3.readthedocs.io/en/latest/advanced-usage.html#tls-warnings
  warnings.warn(</msg>
<msg time="2024-08-06T12:29:53.634236" level="INFO">${response} = &lt;Response [200]&gt;</msg>
<var>${response}</var>
<arg>consultarAPI</arg>
<arg>/api</arg>
<doc>Sends a GET request on a previously created HTTP Session.</doc>
<status status="PASS" start="2024-08-06T12:29:53.539808" elapsed="0.094461"/>
</kw>
<kw name="Set Variable" owner="BuiltIn">
<msg time="2024-08-06T12:29:53.635319" level="INFO">${json_data} = {'results': [{'gender': 'female', 'name': {'title': 'Mrs', 'first': 'Marijne', 'last': 'Tigchelaar'}, 'location': {'street': {'number': 9146, 'name': 'De Spaak'}, 'city': 'Spijk gem Lingewaal', 'state...</msg>
<var>${json_data}</var>
<arg>${response.json()}</arg>
<doc>Returns the given values which can then be assigned to a variables.</doc>
<status status="PASS" start="2024-08-06T12:29:53.634797" elapsed="0.000550"/>
</kw>
<kw name="Set Variable" owner="BuiltIn">
<msg time="2024-08-06T12:29:53.636024" level="INFO">${name_title} = Mrs</msg>
<var>${name_title}</var>
<arg>${json_data["results"][0]["name"]["title"]}</arg>
<doc>Returns the given values which can then be assigned to a variables.</doc>
<status status="PASS" start="2024-08-06T12:29:53.635648" elapsed="0.000401"/>
</kw>
<kw name="Create List" owner="BuiltIn">
<msg time="2024-08-06T12:29:53.636493" level="INFO">${allowed_titles} = ['Mr', 'Ms', 'Miss', 'Mrs', 'Madame', 'Monsieur']</msg>
<var>${allowed_titles}</var>
<arg>Mr</arg>
<arg>Ms</arg>
<arg>Miss</arg>
<arg>Mrs</arg>
<arg>Madame</arg>
<arg>Monsieur</arg>
<doc>Returns a list containing given items.</doc>
<status status="PASS" start="2024-08-06T12:29:53.636342" elapsed="0.000176"/>
</kw>
<kw name="List Should Contain Value" owner="Collections">
<arg>${allowed_titles}</arg>
<arg>${name_title}</arg>
<doc>Fails if the ``value`` is not found from ``list``.</doc>
<status status="PASS" start="2024-08-06T12:29:53.636819" elapsed="0.000181"/>
</kw>
<kw name="Set Variable" owner="BuiltIn">
<msg time="2024-08-06T12:29:53.637548" level="INFO">${name_country} = NL</msg>
<var>${name_country}</var>
<arg>${json_data["results"][0]["nat"]}</arg>
<doc>Returns the given values which can then be assigned to a variables.</doc>
<status status="PASS" start="2024-08-06T12:29:53.637178" elapsed="0.000394"/>
</kw>
<kw name="Create List" owner="BuiltIn">
<msg time="2024-08-06T12:29:53.638520" level="INFO">${list_country} = ['AD', 'AE', 'AF', 'AG', 'AI', 'AL', 'AM', 'AO', 'AQ', 'AR', 'AS', 'AT', 'AU', 'AW', 'AX', 'AZ', 'BA', 'BB', 'BD', 'BE', 'BF', 'BG', 'BH', 'BI', 'BJ', 'BL', 'BM', 'BN', 'BO', 'BQ', 'BR', 'BS', 'BT', '...</msg>
<var>${list_country}</var>
<arg>AD</arg>
<arg>AE</arg>
<arg>AF</arg>
<arg>AG</arg>
<arg>AI</arg>
<arg>AL</arg>
<arg>AM</arg>
<arg>AO</arg>
<arg>AQ</arg>
<arg>AR</arg>
<arg>AS</arg>
<arg>AT</arg>
<arg>AU</arg>
<arg>AW</arg>
<arg>AX</arg>
<arg>AZ</arg>
<arg>BA</arg>
<arg>BB</arg>
<arg>BD</arg>
<arg>BE</arg>
<arg>BF</arg>
<arg>BG</arg>
<arg>BH</arg>
<arg>BI</arg>
<arg>BJ</arg>
<arg>BL</arg>
<arg>BM</arg>
<arg>BN</arg>
<arg>BO</arg>
<arg>BQ</arg>
<arg>BR</arg>
<arg>BS</arg>
<arg>BT</arg>
<arg>BV</arg>
<arg>BW</arg>
<arg>BY</arg>
<arg>BZ</arg>
<arg>CA</arg>
<arg>CC</arg>
<arg>CD</arg>
<arg>CF</arg>
<arg>CG</arg>
<arg>CH</arg>
<arg>CI</arg>
<arg>CK</arg>
<arg>CL</arg>
<arg>CM</arg>
<arg>CN</arg>
<arg>CO</arg>
<arg>CR</arg>
<arg>CU</arg>
<arg>CV</arg>
<arg>CW</arg>
<arg>CX</arg>
<arg>CY</arg>
<arg>CZ</arg>
<arg>DE</arg>
<arg>DJ</arg>
<arg>DK</arg>
<arg>DM</arg>
<arg>DO</arg>
<arg>DZ</arg>
<arg>EC</arg>
<arg>EE</arg>
<arg>EG</arg>
<arg>EH</arg>
<arg>ER</arg>
<arg>ES</arg>
<arg>ET</arg>
<arg>FI</arg>
<arg>FJ</arg>
<arg>FK</arg>
<arg>FM</arg>
<arg>FO</arg>
<arg>FR</arg>
<arg>GA</arg>
<arg>GB</arg>
<arg>GD</arg>
<arg>GE</arg>
<arg>GF</arg>
<arg>GG</arg>
<arg>GH</arg>
<arg>GI</arg>
<arg>GL</arg>
<arg>GM</arg>
<arg>GN</arg>
<arg>GP</arg>
<arg>GQ</arg>
<arg>GR</arg>
<arg>GS</arg>
<arg>GT</arg>
<arg>GU</arg>
<arg>GW</arg>
<arg>GY</arg>
<arg>HK</arg>
<arg>HM</arg>
<arg>HN</arg>
<arg>HR</arg>
<arg>HT</arg>
<arg>HU</arg>
<arg>ID</arg>
<arg>IE</arg>
<arg>IL</arg>
<arg>IM</arg>
<arg>IN</arg>
<arg>IO</arg>
<arg>IQ</arg>
<arg>IR</arg>
<arg>IS</arg>
<arg>IT</arg>
<arg>JE</arg>
<arg>JM</arg>
<arg>JO</arg>
<arg>JP</arg>
<arg>KE</arg>
<arg>KG</arg>
<arg>KH</arg>
<arg>KI</arg>
<arg>KM</arg>
<arg>KN</arg>
<arg>KP</arg>
<arg>KR</arg>
<arg>KW</arg>
<arg>KY</arg>
<arg>KZ</arg>
<arg>LA</arg>
<arg>LB</arg>
<arg>LC</arg>
<arg>LI</arg>
<arg>LK</arg>
<arg>LR</arg>
<arg>LS</arg>
<arg>LT</arg>
<arg>LU</arg>
<arg>LV</arg>
<arg>LY</arg>
<arg>MA</arg>
<arg>MC</arg>
<arg>MD</arg>
<arg>ME</arg>
<arg>MF</arg>
<arg>MG</arg>
<arg>MH</arg>
<arg>MK</arg>
<arg>ML</arg>
<arg>MM</arg>
<arg>MN</arg>
<arg>MO</arg>
<arg>MP</arg>
<arg>MQ</arg>
<arg>MR</arg>
<arg>MS</arg>
<arg>MT</arg>
<arg>MU</arg>
<arg>MV</arg>
<arg>MW</arg>
<arg>MX</arg>
<arg>MY</arg>
<arg>MZ</arg>
<arg>NA</arg>
<arg>NC</arg>
<arg>NE</arg>
<arg>NF</arg>
<arg>NG</arg>
<arg>NI</arg>
<arg>NL</arg>
<arg>NO</arg>
<arg>NP</arg>
<arg>NR</arg>
<arg>NU</arg>
<arg>NZ</arg>
<arg>OM</arg>
<arg>PA</arg>
<arg>PE</arg>
<arg>PF</arg>
<arg>PG</arg>
<arg>PH</arg>
<arg>PK</arg>
<arg>PL</arg>
<arg>PM</arg>
<arg>PN</arg>
<arg>PR</arg>
<arg>PS</arg>
<arg>PT</arg>
<arg>PW</arg>
<arg>PY</arg>
<arg>QA</arg>
<arg>RE</arg>
<arg>RO</arg>
<arg>RS</arg>
<arg>RU</arg>
<arg>RW</arg>
<arg>SA</arg>
<arg>SB</arg>
<arg>SC</arg>
<arg>SD</arg>
<arg>SE</arg>
<arg>SG</arg>
<arg>SH</arg>
<arg>SI</arg>
<arg>SJ</arg>
<arg>SK</arg>
<arg>SL</arg>
<arg>SM</arg>
<arg>SN</arg>
<arg>SO</arg>
<arg>SR</arg>
<arg>SS</arg>
<arg>ST</arg>
<arg>SV</arg>
<arg>SX</arg>
<arg>SY</arg>
<arg>SZ</arg>
<arg>TC</arg>
<arg>TD</arg>
<arg>TF</arg>
<arg>TG</arg>
<arg>TH</arg>
<arg>TJ</arg>
<arg>TK</arg>
<arg>TL</arg>
<arg>TM</arg>
<arg>TN</arg>
<arg>TO</arg>
<arg>TR</arg>
<arg>TT</arg>
<arg>TV</arg>
<arg>TW</arg>
<arg>TZ</arg>
<arg>UA</arg>
<arg>UG</arg>
<arg>UM</arg>
<arg>US</arg>
<arg>UY</arg>
<arg>UZ</arg>
<arg>VA</arg>
<arg>VC</arg>
<arg>VE</arg>
<arg>VG</arg>
<arg>VI</arg>
<arg>VN</arg>
<arg>VU</arg>
<arg>WF</arg>
<arg>WS</arg>
<arg>XK</arg>
<arg>YE</arg>
<arg>YT</arg>
<arg>ZA</arg>
<arg>ZM</arg>
<arg>ZW</arg>
<doc>Returns a list containing given items.</doc>
<status status="PASS" start="2024-08-06T12:29:53.637858" elapsed="0.000690"/>
</kw>
<kw name="List Should Contain Value" owner="Collections">
<arg>${list_country}</arg>
<arg>${name_country}</arg>
<doc>Fails if the ``value`` is not found from ``list``.</doc>
<status status="PASS" start="2024-08-06T12:29:53.639565" elapsed="0.000211"/>
</kw>
<kw name="Run Keyword If" owner="BuiltIn">
<kw name="Should Be True" owner="BuiltIn">
<arg>${True}</arg>
<doc>Fails if the given condition is not true.</doc>
<status status="PASS" start="2024-08-06T12:29:53.640718" elapsed="0.000143"/>
</kw>
<arg>${json_data["results"][0]["location"]["coordinates"]["latitude"]} &gt;= -90 and ${json_data["results"][0]["location"]["coordinates"]["latitude"]} &lt;= 90</arg>
<arg>Should Be True</arg>
<arg>${True}</arg>
<doc>Runs the given keyword with the given arguments, if ``condition`` is true.</doc>
<status status="PASS" start="2024-08-06T12:29:53.639973" elapsed="0.001012"/>
</kw>
<kw name="Run Keyword If" owner="BuiltIn">
<kw name="Should Be True" owner="BuiltIn">
<arg>${True}</arg>
<doc>Fails if the given condition is not true.</doc>
<status status="PASS" start="2024-08-06T12:29:53.641872" elapsed="0.000138"/>
</kw>
<arg>${json_data["results"][0]["location"]["coordinates"]["longitude"]} &gt;= -180 and ${json_data["results"][0]["location"]["coordinates"]["longitude"]} &lt;= 180</arg>
<arg>Should Be True</arg>
<arg>${True}</arg>
<doc>Runs the given keyword with the given arguments, if ``condition`` is true.</doc>
<status status="PASS" start="2024-08-06T12:29:53.641166" elapsed="0.000968"/>
</kw>
<status status="PASS" start="2024-08-06T12:29:53.539437" elapsed="0.102825"/>
</kw>
<doc>Testa o conteúdo específico dos campos retornados pela API.</doc>
<tag>testeConteudo</tag>
<status status="PASS" start="2024-08-06T12:29:53.538743" elapsed="0.103707"/>
</test>
<status status="PASS" start="2024-08-06T12:29:52.688331" elapsed="0.956109"/>
</suite>
<status status="PASS" start="2024-08-06T12:29:52.673716" elapsed="0.975818"/>
</suite>
<statistics>
<total>
<stat pass="5" fail="0" skip="0">All Tests</stat>
</total>
<tag>
<stat pass="1" fail="0" skip="0">testeConteudo</stat>
<stat pass="1" fail="0" skip="0">testeEstruturaResposta</stat>
<stat pass="1" fail="0" skip="0">testeRequisicaoBasica</stat>
<stat pass="1" fail="0" skip="0">testeTiposDados</stat>
</tag>
<suite>
<stat pass="5" fail="0" skip="0" id="s1" name="Tests">Tests</stat>
<stat pass="5" fail="0" skip="0" id="s1-s1" name="Random-User-Test">Tests.Random-User-Test</stat>
</suite>
</statistics>
<errors>
</errors>
</robot>
