<?xml version="1.0" encoding="UTF-8"?>
<robot generator="Robot 7.0.1 (Python 3.12.4 on linux)" generated="2024-08-09T17:14:46.170811" rpa="false" schemaversion="5">
<suite id="s1" name="Tests" source="/home/runner/work/ApiRandomUser/ApiRandomUser/RamdonUser/tests">
<suite id="s1-s1" name="Random-User-Test" source="/home/runner/work/ApiRandomUser/ApiRandomUser/RamdonUser/tests/random-user-test.robot">
<test id="s1-s1-t1" name="Conectar" line="13">
<kw name="Conectar API" owner="random-user-service">
<kw name="Create Session" owner="RequestsLibrary">
<msg time="2024-08-09T17:14:46.570498" level="INFO">Creating Session using : alias=consultarAPI, url=https://randomuser.me/, headers={},                     cookies={}, auth=None, timeout=None, proxies=None, verify=False,                     debug=0 </msg>
<arg>consultarAPI</arg>
<arg>${URL}</arg>
<doc>Create Session: create a HTTP session to a server</doc>
<status status="PASS" start="2024-08-09T17:14:46.570294" elapsed="0.000396"/>
</kw>
<status status="PASS" start="2024-08-09T17:14:46.569209" elapsed="0.001849"/>
</kw>
<status status="PASS" start="2024-08-09T17:14:46.568546" elapsed="0.002706"/>
</test>
<test id="s1-s1-t2" name="Validar retorno 200 e JSON Válido" line="16">
<kw name="Teste de Requisicao Basica" owner="random-user-service">
<kw name="GET On Session" owner="RequestsLibrary">
<msg time="2024-08-09T17:14:46.652789" level="INFO">GET Request : url=https://randomuser.me/api 
 path_url=/api 
 headers={'User-Agent': 'python-requests/2.32.3', 'Accept-Encoding': 'gzip, deflate', 'Accept': '*/*', 'Connection': 'keep-alive'} 
 body=None 
 </msg>
<msg time="2024-08-09T17:14:46.652944" level="INFO">GET Response : url=https://randomuser.me/api 
 status=200, reason=OK 
 headers={'Date': 'Fri, 09 Aug 2024 17:14:46 GMT', 'Content-Type': 'application/json; charset=utf-8', 'Transfer-Encoding': 'chunked', 'Connection': 'keep-alive', 'X-Powered-By': 'Express', 'Access-Control-Allow-Origin': '*', 'Cache-Control': 'no-cache', 'ETag': 'W/"489-8G+W3PmWcSKtHC590b0I7xKgkd4"', 'Vary': 'Accept-Encoding', 'Content-Encoding': 'gzip', 'CF-Cache-Status': 'DYNAMIC', 'Report-To': '{"endpoints":[{"url":"https:\\/\\/a.nel.cloudflare.com\\/report\\/v4?s=M8c0OtQIWVYIuSDQETnHdnrGOX2l5smITwHaOHYK8Z8yZ3lOypJ%2FqkU7HWbuDCuuAF7U9CKRqfQPSTnKP%2FDDLzSa5uEwKDGZ6VVx0mtQeCr65Bq1cY2tBfExHSzfK1cK"}],"group":"cf-nel","max_age":604800}', 'NEL': '{"success_fraction":0,"report_to":"cf-nel","max_age":604800}', 'Server': 'cloudflare', 'CF-RAY': '8b096269382987a6-IAD', 'alt-svc': 'h3=":443"; ma=86400'} 
 body={"results":[{"gender":"female","name":{"title":"Mrs","first":"Mathilde","last":"Christensen"},"location":{"street":{"number":5108,"name":"Rugmarken"},"city":"Samsø","state":"Midtjylland","country":"Denmark","postcode":92293,"coordinates":{"latitude":"-39.9661","longitude":"20.4713"},"timezone":{"offset":"+2:00","description":"Kaliningrad, South Africa"}},"email":"mathilde.christensen@example.com","login":{"uuid":"a1688ab6-e67a-4700-bd15-231019bc9d99","username":"greencat293","password":"astrid","salt":"ADPCcbRZ","md5":"44d2d12323e5d3c1505e90930bf1ff5a","sha1":"85bba353f98ce6331d408c62f2b06de24002f888","sha256":"1cf69cb5a2b574b4d7622cab6cd9b71c1adb9b53516badc99c30bcfee452d094"},"dob":{"date":"1950-10-08T04:25:29.242Z","age":73},"registered":{"date":"2002-06-29T13:04:18.763Z","age":22},"phone":"57758555","cell":"06143462","id":{"name":"CPR","value":"071050-7037"},"picture":{"large":"https://randomuser.me/api/portraits/women/8.jpg","medium":"https://randomuser.me/api/portraits/med/women/8.jpg","thumbnail":"https://randomuser.me/api/portraits/thumb/women/8.jpg"},"nat":"DK"}],"info":{"seed":"f4d7abd4dba678dd","results":1,"page":1,"version":"1.4"}} 
 </msg>
<msg time="2024-08-09T17:14:46.653067" level="INFO">/opt/hostedtoolcache/Python/3.12.4/x64/lib/python3.12/site-packages/urllib3/connectionpool.py:1099: InsecureRequestWarning: Unverified HTTPS request is being made to host 'randomuser.me'. Adding certificate verification is strongly advised. See: https://urllib3.readthedocs.io/en/latest/advanced-usage.html#tls-warnings
  warnings.warn(</msg>
<msg time="2024-08-09T17:14:46.653220" level="INFO">${response} = &lt;Response [200]&gt;</msg>
<var>${response}</var>
<arg>consultarAPI</arg>
<arg>/api</arg>
<doc>Sends a GET request on a previously created HTTP Session.</doc>
<status status="PASS" start="2024-08-09T17:14:46.573899" elapsed="0.079365"/>
</kw>
<kw name="Should Be Equal As Numbers" owner="BuiltIn">
<msg time="2024-08-09T17:14:46.654464" level="INFO">Argument types are:
&lt;class 'int'&gt;
&lt;class 'str'&gt;</msg>
<arg>${response.status_code}</arg>
<arg>200</arg>
<doc>Fails if objects are unequal after converting them to real numbers.</doc>
<status status="PASS" start="2024-08-09T17:14:46.653955" elapsed="0.000576"/>
</kw>
<kw name="Log" owner="BuiltIn">
<msg time="2024-08-09T17:14:46.655214" level="INFO">200</msg>
<arg>${response.status_code}</arg>
<doc>Logs the given message with the given level.</doc>
<status status="PASS" start="2024-08-09T17:14:46.654862" elapsed="0.000392"/>
</kw>
<kw name="Set Variable" owner="BuiltIn">
<msg time="2024-08-09T17:14:46.655997" level="INFO">${json_data} = {'results': [{'gender': 'female', 'name': {'title': 'Mrs', 'first': 'Mathilde', 'last': 'Christensen'}, 'location': {'street': {'number': 5108, 'name': 'Rugmarken'}, 'city': 'Samsø', 'state': 'Midtjyl...</msg>
<var>${json_data}</var>
<arg>${response.json()}</arg>
<doc>Returns the given values which can then be assigned to a variables.</doc>
<status status="PASS" start="2024-08-09T17:14:46.655559" elapsed="0.000467"/>
</kw>
<kw name="Dictionary Should Contain Key" owner="Collections">
<arg>${json_data}</arg>
<arg>results</arg>
<doc>Fails if ``key`` is not found from ``dictionary``.</doc>
<status status="PASS" start="2024-08-09T17:14:46.656339" elapsed="0.000331"/>
</kw>
<status status="PASS" start="2024-08-09T17:14:46.573658" elapsed="0.083171"/>
</kw>
<doc>Testa se a API responde corretamente e retorna um objeto JSON válido.</doc>
<tag>testeRequisicaoBasica</tag>
<status status="PASS" start="2024-08-09T17:14:46.573140" elapsed="0.083893"/>
</test>
<test id="s1-s1-t3" name="Validar estrutura de resposta" line="22">
<kw name="Teste de Estrutura de Resposta" owner="random-user-service">
<kw name="GET On Session" owner="RequestsLibrary">
<msg time="2024-08-09T17:14:46.986929" level="INFO">GET Request : url=https://randomuser.me/api 
 path_url=/api 
 headers={'User-Agent': 'python-requests/2.32.3', 'Accept-Encoding': 'gzip, deflate', 'Accept': '*/*', 'Connection': 'keep-alive'} 
 body=None 
 </msg>
<msg time="2024-08-09T17:14:46.987061" level="INFO">GET Response : url=https://randomuser.me/api 
 status=200, reason=OK 
 headers={'Date': 'Fri, 09 Aug 2024 17:14:46 GMT', 'Content-Type': 'application/json; charset=utf-8', 'Transfer-Encoding': 'chunked', 'Connection': 'keep-alive', 'X-Powered-By': 'Express', 'Access-Control-Allow-Origin': '*', 'Cache-Control': 'no-cache', 'ETag': 'W/"4ad-Q9li7MSKixNI0eE5PfBrqjcJATM"', 'Vary': 'Accept-Encoding', 'Content-Encoding': 'gzip', 'CF-Cache-Status': 'DYNAMIC', 'Report-To': '{"endpoints":[{"url":"https:\\/\\/a.nel.cloudflare.com\\/report\\/v4?s=qqxebUiRtofAPY3CLPzb32rflBzOeD5H7DacFSwOU%2FdqnlOh7P9cUn4jdkhGpSgDL3bKhkKZMVa5YhR%2B1AGPGgk7yEmk6GMehT4LXH2%2B7pkXCpVKnu7VP11U64Uma4R7"}],"group":"cf-nel","max_age":604800}', 'NEL': '{"success_fraction":0,"report_to":"cf-nel","max_age":604800}', 'Server': 'cloudflare', 'CF-RAY': '8b096269a92c87a6-IAD', 'alt-svc': 'h3=":443"; ma=86400'} 
 body={"results":[{"gender":"female","name":{"title":"Miss","first":"Alicia","last":"Lavigne"},"location":{"street":{"number":399,"name":"Parliament St"},"city":"New Glasgow","state":"Newfoundland and Labrador","country":"Canada","postcode":"N7O 2D8","coordinates":{"latitude":"-70.9612","longitude":"19.6838"},"timezone":{"offset":"+8:00","description":"Beijing, Perth, Singapore, Hong Kong"}},"email":"alicia.lavigne@example.com","login":{"uuid":"183d0a95-935c-4d9e-84f9-7ffc666c6f0f","username":"organickoala948","password":"yahoo","salt":"owWYJ6Wq","md5":"c580ecfab67ef874430248fbfe171985","sha1":"f63cc5f4ec33748864c13536c1a0868995774f2e","sha256":"b7a7c74b3e3f38dda9954bd2e92700c7b49da10a8e02d35b7e59aa648d84ac8e"},"dob":{"date":"1998-08-27T12:17:54.991Z","age":25},"registered":{"date":"2017-10-03T07:45:15.147Z","age":6},"phone":"K38 K90-9015","cell":"W43 C38-0184","id":{"name":"SIN","value":"129789236"},"picture":{"large":"https://randomuser.me/api/portraits/women/37.jpg","medium":"https://randomuser.me/api/portraits/med/women/37.jpg","thumbnail":"https://randomuser.me/api/portraits/thumb/women/37.jpg"},"nat":"CA"}],"info":{"seed":"06d9d632b4234673","results":1,"page":1,"version":"1.4"}} 
 </msg>
<msg time="2024-08-09T17:14:46.987220" level="INFO">/opt/hostedtoolcache/Python/3.12.4/x64/lib/python3.12/site-packages/urllib3/connectionpool.py:1099: InsecureRequestWarning: Unverified HTTPS request is being made to host 'randomuser.me'. Adding certificate verification is strongly advised. See: https://urllib3.readthedocs.io/en/latest/advanced-usage.html#tls-warnings
  warnings.warn(</msg>
<msg time="2024-08-09T17:14:46.987366" level="INFO">${response} = &lt;Response [200]&gt;</msg>
<var>${response}</var>
<arg>consultarAPI</arg>
<arg>/api</arg>
<doc>Sends a GET request on a previously created HTTP Session.</doc>
<status status="PASS" start="2024-08-09T17:14:46.659712" elapsed="0.327694"/>
</kw>
<kw name="Set Variable" owner="BuiltIn">
<msg time="2024-08-09T17:14:46.988657" level="INFO">${json_data} = {'results': [{'gender': 'female', 'name': {'title': 'Miss', 'first': 'Alicia', 'last': 'Lavigne'}, 'location': {'street': {'number': 399, 'name': 'Parliament St'}, 'city': 'New Glasgow', 'state': 'New...</msg>
<var>${json_data}</var>
<arg>${response.json()}</arg>
<doc>Returns the given values which can then be assigned to a variables.</doc>
<status status="PASS" start="2024-08-09T17:14:46.988090" elapsed="0.000595"/>
</kw>
<kw name="Log" owner="BuiltIn">
<msg time="2024-08-09T17:14:46.989191" level="INFO">{'results': [{'gender': 'female', 'name': {'title': 'Miss', 'first': 'Alicia', 'last': 'Lavigne'}, 'location': {'street': {'number': 399, 'name': 'Parliament St'}, 'city': 'New Glasgow', 'state': 'Newfoundland and Labrador', 'country': 'Canada', 'postcode': 'N7O 2D8', 'coordinates': {'latitude': '-70.9612', 'longitude': '19.6838'}, 'timezone': {'offset': '+8:00', 'description': 'Beijing, Perth, Singapore, Hong Kong'}}, 'email': 'alicia.lavigne@example.com', 'login': {'uuid': '183d0a95-935c-4d9e-84f9-7ffc666c6f0f', 'username': 'organickoala948', 'password': 'yahoo', 'salt': 'owWYJ6Wq', 'md5': 'c580ecfab67ef874430248fbfe171985', 'sha1': 'f63cc5f4ec33748864c13536c1a0868995774f2e', 'sha256': 'b7a7c74b3e3f38dda9954bd2e92700c7b49da10a8e02d35b7e59aa648d84ac8e'}, 'dob': {'date': '1998-08-27T12:17:54.991Z', 'age': 25}, 'registered': {'date': '2017-10-03T07:45:15.147Z', 'age': 6}, 'phone': 'K38 K90-9015', 'cell': 'W43 C38-0184', 'id': {'name': 'SIN', 'value': '129789236'}, 'picture': {'large': 'https://randomuser.me/api/portraits/women/37.jpg', 'medium': 'https://randomuser.me/api/portraits/med/women/37.jpg', 'thumbnail': 'https://randomuser.me/api/portraits/thumb/women/37.jpg'}, 'nat': 'CA'}], 'info': {'seed': '06d9d632b4234673', 'results': 1, 'page': 1, 'version': '1.4'}}</msg>
<arg>${json_data}</arg>
<doc>Logs the given message with the given level.</doc>
<status status="PASS" start="2024-08-09T17:14:46.989024" elapsed="0.000214"/>
</kw>
<kw name="Dictionary Should Contain Key" owner="Collections">
<arg>${json_data}</arg>
<arg>results</arg>
<doc>Fails if ``key`` is not found from ``dictionary``.</doc>
<status status="PASS" start="2024-08-09T17:14:46.989526" elapsed="0.000162"/>
</kw>
<kw name="Should Not Be Empty" owner="BuiltIn">
<msg time="2024-08-09T17:14:46.989992" level="INFO">Length is 2.</msg>
<arg>${json_data}</arg>
<doc>Verifies that the given item is not empty.</doc>
<status status="PASS" start="2024-08-09T17:14:46.989868" elapsed="0.000160"/>
</kw>
<kw name="Create List" owner="BuiltIn">
<msg time="2024-08-09T17:14:46.990459" level="INFO">${expected_keys} = ['gender', 'name', 'location', 'email', 'login']</msg>
<var>${expected_keys}</var>
<arg>gender</arg>
<arg>name</arg>
<arg>location</arg>
<arg>email</arg>
<arg>login</arg>
<doc>Returns a list containing given items.</doc>
<status status="PASS" start="2024-08-09T17:14:46.990315" elapsed="0.000167"/>
</kw>
<for flavor="IN">
<iter>
<kw name="Dictionary Should Contain Key" owner="Collections">
<arg>${json_data['results'][0]}</arg>
<arg>${key}</arg>
<doc>Fails if ``key`` is not found from ``dictionary``.</doc>
<status status="PASS" start="2024-08-09T17:14:46.991052" elapsed="0.000404"/>
</kw>
<kw name="Log" owner="BuiltIn">
<msg time="2024-08-09T17:14:46.991998" level="INFO">{'gender': 'female', 'name': {'title': 'Miss', 'first': 'Alicia', 'last': 'Lavigne'}, 'location': {'street': {'number': 399, 'name': 'Parliament St'}, 'city': 'New Glasgow', 'state': 'Newfoundland and Labrador', 'country': 'Canada', 'postcode': 'N7O 2D8', 'coordinates': {'latitude': '-70.9612', 'longitude': '19.6838'}, 'timezone': {'offset': '+8:00', 'description': 'Beijing, Perth, Singapore, Hong Kong'}}, 'email': 'alicia.lavigne@example.com', 'login': {'uuid': '183d0a95-935c-4d9e-84f9-7ffc666c6f0f', 'username': 'organickoala948', 'password': 'yahoo', 'salt': 'owWYJ6Wq', 'md5': 'c580ecfab67ef874430248fbfe171985', 'sha1': 'f63cc5f4ec33748864c13536c1a0868995774f2e', 'sha256': 'b7a7c74b3e3f38dda9954bd2e92700c7b49da10a8e02d35b7e59aa648d84ac8e'}, 'dob': {'date': '1998-08-27T12:17:54.991Z', 'age': 25}, 'registered': {'date': '2017-10-03T07:45:15.147Z', 'age': 6}, 'phone': 'K38 K90-9015', 'cell': 'W43 C38-0184', 'id': {'name': 'SIN', 'value': '129789236'}, 'picture': {'large': 'https://randomuser.me/api/portraits/women/37.jpg', 'medium': 'https://randomuser.me/api/portraits/med/women/37.jpg', 'thumbnail': 'https://randomuser.me/api/portraits/thumb/women/37.jpg'}, 'nat': 'CA'}</msg>
<arg>${json_data['results'][0]}</arg>
<doc>Logs the given message with the given level.</doc>
<status status="PASS" start="2024-08-09T17:14:46.991643" elapsed="0.000403"/>
</kw>
<kw name="Log" owner="BuiltIn">
<msg time="2024-08-09T17:14:46.992465" level="INFO">gender</msg>
<arg>${key}</arg>
<doc>Logs the given message with the given level.</doc>
<status status="PASS" start="2024-08-09T17:14:46.992339" elapsed="0.000164"/>
</kw>
<var name="${key}">gender</var>
<status status="PASS" start="2024-08-09T17:14:46.990932" elapsed="0.001782"/>
</iter>
<iter>
<kw name="Dictionary Should Contain Key" owner="Collections">
<arg>${json_data['results'][0]}</arg>
<arg>${key}</arg>
<doc>Fails if ``key`` is not found from ``dictionary``.</doc>
<status status="PASS" start="2024-08-09T17:14:46.993034" elapsed="0.000395"/>
</kw>
<kw name="Log" owner="BuiltIn">
<msg time="2024-08-09T17:14:46.993992" level="INFO">{'gender': 'female', 'name': {'title': 'Miss', 'first': 'Alicia', 'last': 'Lavigne'}, 'location': {'street': {'number': 399, 'name': 'Parliament St'}, 'city': 'New Glasgow', 'state': 'Newfoundland and Labrador', 'country': 'Canada', 'postcode': 'N7O 2D8', 'coordinates': {'latitude': '-70.9612', 'longitude': '19.6838'}, 'timezone': {'offset': '+8:00', 'description': 'Beijing, Perth, Singapore, Hong Kong'}}, 'email': 'alicia.lavigne@example.com', 'login': {'uuid': '183d0a95-935c-4d9e-84f9-7ffc666c6f0f', 'username': 'organickoala948', 'password': 'yahoo', 'salt': 'owWYJ6Wq', 'md5': 'c580ecfab67ef874430248fbfe171985', 'sha1': 'f63cc5f4ec33748864c13536c1a0868995774f2e', 'sha256': 'b7a7c74b3e3f38dda9954bd2e92700c7b49da10a8e02d35b7e59aa648d84ac8e'}, 'dob': {'date': '1998-08-27T12:17:54.991Z', 'age': 25}, 'registered': {'date': '2017-10-03T07:45:15.147Z', 'age': 6}, 'phone': 'K38 K90-9015', 'cell': 'W43 C38-0184', 'id': {'name': 'SIN', 'value': '129789236'}, 'picture': {'large': 'https://randomuser.me/api/portraits/women/37.jpg', 'medium': 'https://randomuser.me/api/portraits/med/women/37.jpg', 'thumbnail': 'https://randomuser.me/api/portraits/thumb/women/37.jpg'}, 'nat': 'CA'}</msg>
<arg>${json_data['results'][0]}</arg>
<doc>Logs the given message with the given level.</doc>
<status status="PASS" start="2024-08-09T17:14:46.993644" elapsed="0.000405"/>
</kw>
<kw name="Log" owner="BuiltIn">
<msg time="2024-08-09T17:14:46.994468" level="INFO">name</msg>
<arg>${key}</arg>
<doc>Logs the given message with the given level.</doc>
<status status="PASS" start="2024-08-09T17:14:46.994342" elapsed="0.000164"/>
</kw>
<var name="${key}">name</var>
<status status="PASS" start="2024-08-09T17:14:46.992893" elapsed="0.001828"/>
</iter>
<iter>
<kw name="Dictionary Should Contain Key" owner="Collections">
<arg>${json_data['results'][0]}</arg>
<arg>${key}</arg>
<doc>Fails if ``key`` is not found from ``dictionary``.</doc>
<status status="PASS" start="2024-08-09T17:14:46.995002" elapsed="0.000384"/>
</kw>
<kw name="Log" owner="BuiltIn">
<msg time="2024-08-09T17:14:46.995912" level="INFO">{'gender': 'female', 'name': {'title': 'Miss', 'first': 'Alicia', 'last': 'Lavigne'}, 'location': {'street': {'number': 399, 'name': 'Parliament St'}, 'city': 'New Glasgow', 'state': 'Newfoundland and Labrador', 'country': 'Canada', 'postcode': 'N7O 2D8', 'coordinates': {'latitude': '-70.9612', 'longitude': '19.6838'}, 'timezone': {'offset': '+8:00', 'description': 'Beijing, Perth, Singapore, Hong Kong'}}, 'email': 'alicia.lavigne@example.com', 'login': {'uuid': '183d0a95-935c-4d9e-84f9-7ffc666c6f0f', 'username': 'organickoala948', 'password': 'yahoo', 'salt': 'owWYJ6Wq', 'md5': 'c580ecfab67ef874430248fbfe171985', 'sha1': 'f63cc5f4ec33748864c13536c1a0868995774f2e', 'sha256': 'b7a7c74b3e3f38dda9954bd2e92700c7b49da10a8e02d35b7e59aa648d84ac8e'}, 'dob': {'date': '1998-08-27T12:17:54.991Z', 'age': 25}, 'registered': {'date': '2017-10-03T07:45:15.147Z', 'age': 6}, 'phone': 'K38 K90-9015', 'cell': 'W43 C38-0184', 'id': {'name': 'SIN', 'value': '129789236'}, 'picture': {'large': 'https://randomuser.me/api/portraits/women/37.jpg', 'medium': 'https://randomuser.me/api/portraits/med/women/37.jpg', 'thumbnail': 'https://randomuser.me/api/portraits/thumb/women/37.jpg'}, 'nat': 'CA'}</msg>
<arg>${json_data['results'][0]}</arg>
<doc>Logs the given message with the given level.</doc>
<status status="PASS" start="2024-08-09T17:14:46.995569" elapsed="0.000389"/>
</kw>
<kw name="Log" owner="BuiltIn">
<msg time="2024-08-09T17:14:46.996382" level="INFO">location</msg>
<arg>${key}</arg>
<doc>Logs the given message with the given level.</doc>
<status status="PASS" start="2024-08-09T17:14:46.996256" elapsed="0.000162"/>
</kw>
<var name="${key}">location</var>
<status status="PASS" start="2024-08-09T17:14:46.994896" elapsed="0.001736"/>
</iter>
<iter>
<kw name="Dictionary Should Contain Key" owner="Collections">
<arg>${json_data['results'][0]}</arg>
<arg>${key}</arg>
<doc>Fails if ``key`` is not found from ``dictionary``.</doc>
<status status="PASS" start="2024-08-09T17:14:46.996902" elapsed="0.000418"/>
</kw>
<kw name="Log" owner="BuiltIn">
<msg time="2024-08-09T17:14:46.997966" level="INFO">{'gender': 'female', 'name': {'title': 'Miss', 'first': 'Alicia', 'last': 'Lavigne'}, 'location': {'street': {'number': 399, 'name': 'Parliament St'}, 'city': 'New Glasgow', 'state': 'Newfoundland and Labrador', 'country': 'Canada', 'postcode': 'N7O 2D8', 'coordinates': {'latitude': '-70.9612', 'longitude': '19.6838'}, 'timezone': {'offset': '+8:00', 'description': 'Beijing, Perth, Singapore, Hong Kong'}}, 'email': 'alicia.lavigne@example.com', 'login': {'uuid': '183d0a95-935c-4d9e-84f9-7ffc666c6f0f', 'username': 'organickoala948', 'password': 'yahoo', 'salt': 'owWYJ6Wq', 'md5': 'c580ecfab67ef874430248fbfe171985', 'sha1': 'f63cc5f4ec33748864c13536c1a0868995774f2e', 'sha256': 'b7a7c74b3e3f38dda9954bd2e92700c7b49da10a8e02d35b7e59aa648d84ac8e'}, 'dob': {'date': '1998-08-27T12:17:54.991Z', 'age': 25}, 'registered': {'date': '2017-10-03T07:45:15.147Z', 'age': 6}, 'phone': 'K38 K90-9015', 'cell': 'W43 C38-0184', 'id': {'name': 'SIN', 'value': '129789236'}, 'picture': {'large': 'https://randomuser.me/api/portraits/women/37.jpg', 'medium': 'https://randomuser.me/api/portraits/med/women/37.jpg', 'thumbnail': 'https://randomuser.me/api/portraits/thumb/women/37.jpg'}, 'nat': 'CA'}</msg>
<arg>${json_data['results'][0]}</arg>
<doc>Logs the given message with the given level.</doc>
<status status="PASS" start="2024-08-09T17:14:46.997617" elapsed="0.000397"/>
</kw>
<kw name="Log" owner="BuiltIn">
<msg time="2024-08-09T17:14:46.998433" level="INFO">email</msg>
<arg>${key}</arg>
<doc>Logs the given message with the given level.</doc>
<status status="PASS" start="2024-08-09T17:14:46.998307" elapsed="0.000162"/>
</kw>
<var name="${key}">email</var>
<status status="PASS" start="2024-08-09T17:14:46.996799" elapsed="0.001885"/>
</iter>
<iter>
<kw name="Dictionary Should Contain Key" owner="Collections">
<arg>${json_data['results'][0]}</arg>
<arg>${key}</arg>
<doc>Fails if ``key`` is not found from ``dictionary``.</doc>
<status status="PASS" start="2024-08-09T17:14:46.998956" elapsed="0.000367"/>
</kw>
<kw name="Log" owner="BuiltIn">
<msg time="2024-08-09T17:14:46.999842" level="INFO">{'gender': 'female', 'name': {'title': 'Miss', 'first': 'Alicia', 'last': 'Lavigne'}, 'location': {'street': {'number': 399, 'name': 'Parliament St'}, 'city': 'New Glasgow', 'state': 'Newfoundland and Labrador', 'country': 'Canada', 'postcode': 'N7O 2D8', 'coordinates': {'latitude': '-70.9612', 'longitude': '19.6838'}, 'timezone': {'offset': '+8:00', 'description': 'Beijing, Perth, Singapore, Hong Kong'}}, 'email': 'alicia.lavigne@example.com', 'login': {'uuid': '183d0a95-935c-4d9e-84f9-7ffc666c6f0f', 'username': 'organickoala948', 'password': 'yahoo', 'salt': 'owWYJ6Wq', 'md5': 'c580ecfab67ef874430248fbfe171985', 'sha1': 'f63cc5f4ec33748864c13536c1a0868995774f2e', 'sha256': 'b7a7c74b3e3f38dda9954bd2e92700c7b49da10a8e02d35b7e59aa648d84ac8e'}, 'dob': {'date': '1998-08-27T12:17:54.991Z', 'age': 25}, 'registered': {'date': '2017-10-03T07:45:15.147Z', 'age': 6}, 'phone': 'K38 K90-9015', 'cell': 'W43 C38-0184', 'id': {'name': 'SIN', 'value': '129789236'}, 'picture': {'large': 'https://randomuser.me/api/portraits/women/37.jpg', 'medium': 'https://randomuser.me/api/portraits/med/women/37.jpg', 'thumbnail': 'https://randomuser.me/api/portraits/thumb/women/37.jpg'}, 'nat': 'CA'}</msg>
<arg>${json_data['results'][0]}</arg>
<doc>Logs the given message with the given level.</doc>
<status status="PASS" start="2024-08-09T17:14:46.999500" elapsed="0.000398"/>
</kw>
<kw name="Log" owner="BuiltIn">
<msg time="2024-08-09T17:14:47.000305" level="INFO">login</msg>
<arg>${key}</arg>
<doc>Logs the given message with the given level.</doc>
<status status="PASS" start="2024-08-09T17:14:47.000182" elapsed="0.000159"/>
</kw>
<var name="${key}">login</var>
<status status="PASS" start="2024-08-09T17:14:46.998851" elapsed="0.001700"/>
</iter>
<var>${key}</var>
<value>@{expected_keys}</value>
<status status="PASS" start="2024-08-09T17:14:46.990739" elapsed="0.009953"/>
</for>
<kw name="Create List" owner="BuiltIn">
<msg time="2024-08-09T17:14:47.001042" level="INFO">${expected_keysTwo} = ['username', 'password']</msg>
<var>${expected_keysTwo}</var>
<arg>username</arg>
<arg>password</arg>
<doc>Returns a list containing given items.</doc>
<status status="PASS" start="2024-08-09T17:14:47.000887" elapsed="0.000179"/>
</kw>
<for flavor="IN">
<iter>
<kw name="Dictionary Should Contain Key" owner="Collections">
<arg>${json_data['results'][0]['login']}</arg>
<arg>${keyTwo}</arg>
<doc>Fails if ``key`` is not found from ``dictionary``.</doc>
<status status="PASS" start="2024-08-09T17:14:47.001550" elapsed="0.000378"/>
</kw>
<kw name="Dictionary Should Contain Key" owner="Collections">
<arg>${json_data['results'][0]['login']}</arg>
<arg>${keyTwo}</arg>
<doc>Fails if ``key`` is not found from ``dictionary``.</doc>
<status status="PASS" start="2024-08-09T17:14:47.002105" elapsed="0.000367"/>
</kw>
<kw name="Log" owner="BuiltIn">
<msg time="2024-08-09T17:14:47.002770" level="INFO">username</msg>
<arg>${keyTwo}</arg>
<doc>Logs the given message with the given level.</doc>
<status status="PASS" start="2024-08-09T17:14:47.002652" elapsed="0.000155"/>
</kw>
<var name="${keyTwo}">username</var>
<status status="PASS" start="2024-08-09T17:14:47.001446" elapsed="0.001577"/>
</iter>
<iter>
<kw name="Dictionary Should Contain Key" owner="Collections">
<arg>${json_data['results'][0]['login']}</arg>
<arg>${keyTwo}</arg>
<doc>Fails if ``key`` is not found from ``dictionary``.</doc>
<status status="PASS" start="2024-08-09T17:14:47.003291" elapsed="0.000380"/>
</kw>
<kw name="Dictionary Should Contain Key" owner="Collections">
<arg>${json_data['results'][0]['login']}</arg>
<arg>${keyTwo}</arg>
<doc>Fails if ``key`` is not found from ``dictionary``.</doc>
<status status="PASS" start="2024-08-09T17:14:47.003844" elapsed="0.000361"/>
</kw>
<kw name="Log" owner="BuiltIn">
<msg time="2024-08-09T17:14:47.004492" level="INFO">password</msg>
<arg>${keyTwo}</arg>
<doc>Logs the given message with the given level.</doc>
<status status="PASS" start="2024-08-09T17:14:47.004377" elapsed="0.000151"/>
</kw>
<var name="${keyTwo}">password</var>
<status status="PASS" start="2024-08-09T17:14:47.003187" elapsed="0.001557"/>
</iter>
<var>${keyTwo}</var>
<value>@{expected_keysTwo}</value>
<status status="PASS" start="2024-08-09T17:14:47.001300" elapsed="0.003560"/>
</for>
<status status="PASS" start="2024-08-09T17:14:46.659482" elapsed="0.345537"/>
</kw>
<doc>Testa a estrutura da resposta da API.</doc>
<tag>testeEstruturaResposta</tag>
<status status="PASS" start="2024-08-09T17:14:46.658876" elapsed="0.346308"/>
</test>
<test id="s1-s1-t4" name="Validar tipos de dados" line="28">
<kw name="Teste de Tipos de Dados" owner="random-user-service">
<kw name="GET On Session" owner="RequestsLibrary">
<msg time="2024-08-09T17:14:47.036042" level="INFO">GET Request : url=https://randomuser.me/api 
 path_url=/api 
 headers={'User-Agent': 'python-requests/2.32.3', 'Accept-Encoding': 'gzip, deflate', 'Accept': '*/*', 'Connection': 'keep-alive'} 
 body=None 
 </msg>
<msg time="2024-08-09T17:14:47.036120" level="INFO">GET Response : url=https://randomuser.me/api 
 status=200, reason=OK 
 headers={'Date': 'Fri, 09 Aug 2024 17:14:47 GMT', 'Content-Type': 'application/json; charset=utf-8', 'Transfer-Encoding': 'chunked', 'Connection': 'keep-alive', 'X-Powered-By': 'Express', 'Access-Control-Allow-Origin': '*', 'Cache-Control': 'no-cache', 'ETag': 'W/"4b7-Y7022UNwpGL3RbilQ4Ec/JNZiMg"', 'Vary': 'Accept-Encoding', 'Content-Encoding': 'gzip', 'CF-Cache-Status': 'DYNAMIC', 'Report-To': '{"endpoints":[{"url":"https:\\/\\/a.nel.cloudflare.com\\/report\\/v4?s=TkiB3ztDUNwweo%2BAW1JxzynVUP3GQrKZn6ANHlRWsoRV2lSpQRMx60uyVdO4%2BTo5IGiRCV7SP6PmjTlQb%2B%2BU2zrHq4oHDjFkzSUGe0lbeGRuW%2BrfMSjpWaqoy0cbz6%2B%2F"}],"group":"cf-nel","max_age":604800}', 'NEL': '{"success_fraction":0,"report_to":"cf-nel","max_age":604800}', 'Server': 'cloudflare', 'CF-RAY': '8b09626bcd6d87a6-IAD', 'alt-svc': 'h3=":443"; ma=86400'} 
 body={"results":[{"gender":"female","name":{"title":"Mademoiselle","first":"Edona","last":"David"},"location":{"street":{"number":7173,"name":"Place de L'Abbé-Jean-Lebeuf"},"city":"Füllinsdorf","state":"Aargau","country":"Switzerland","postcode":5081,"coordinates":{"latitude":"-61.7164","longitude":"54.6931"},"timezone":{"offset":"+8:00","description":"Beijing, Perth, Singapore, Hong Kong"}},"email":"edona.david@example.com","login":{"uuid":"42fdb350-a241-4638-9bc8-3f7fe3726454","username":"orangeduck991","password":"rockhard","salt":"kpgznIhS","md5":"9386b486983ca612e26bc6e99d0b1b8b","sha1":"9b39799b706c90102059ccaad867d5d5f82a1842","sha256":"c8d278b9d2dad2f34259cc27a3cc73548a1fa5327d603dbf3d12004d6573258f"},"dob":{"date":"1972-06-01T11:31:20.087Z","age":52},"registered":{"date":"2021-05-18T21:05:43.517Z","age":3},"phone":"075 423 28 39","cell":"075 095 82 23","id":{"name":"AVS","value":"756.4217.0451.55"},"picture":{"large":"https://randomuser.me/api/portraits/women/86.jpg","medium":"https://randomuser.me/api/portraits/med/women/86.jpg","thumbnail":"https://randomuser.me/api/portraits/thumb/women/86.jpg"},"nat":"CH"}],"info":{"seed":"c787ae452e9b110b","results":1,"page":1,"version":"1.4"}} 
 </msg>
<msg time="2024-08-09T17:14:47.036198" level="INFO">/opt/hostedtoolcache/Python/3.12.4/x64/lib/python3.12/site-packages/urllib3/connectionpool.py:1099: InsecureRequestWarning: Unverified HTTPS request is being made to host 'randomuser.me'. Adding certificate verification is strongly advised. See: https://urllib3.readthedocs.io/en/latest/advanced-usage.html#tls-warnings
  warnings.warn(</msg>
<msg time="2024-08-09T17:14:47.036288" level="INFO">${response} = &lt;Response [200]&gt;</msg>
<var>${response}</var>
<arg>consultarAPI</arg>
<arg>/api</arg>
<doc>Sends a GET request on a previously created HTTP Session.</doc>
<status status="PASS" start="2024-08-09T17:14:47.007745" elapsed="0.028584"/>
</kw>
<kw name="Set Variable" owner="BuiltIn">
<msg time="2024-08-09T17:14:47.037590" level="INFO">${json_data} = {'results': [{'gender': 'female', 'name': {'title': 'Mademoiselle', 'first': 'Edona', 'last': 'David'}, 'location': {'street': {'number': 7173, 'name': "Place de L'Abbé-Jean-Lebeuf"}, 'city': 'Füllins...</msg>
<var>${json_data}</var>
<arg>${response.json()}</arg>
<doc>Returns the given values which can then be assigned to a variables.</doc>
<status status="PASS" start="2024-08-09T17:14:47.036879" elapsed="0.000742"/>
</kw>
<kw name="Log" owner="BuiltIn">
<msg time="2024-08-09T17:14:47.038077" level="INFO">{'results': [{'gender': 'female', 'name': {'title': 'Mademoiselle', 'first': 'Edona', 'last': 'David'}, 'location': {'street': {'number': 7173, 'name': "Place de L'Abbé-Jean-Lebeuf"}, 'city': 'Füllinsdorf', 'state': 'Aargau', 'country': 'Switzerland', 'postcode': 5081, 'coordinates': {'latitude': '-61.7164', 'longitude': '54.6931'}, 'timezone': {'offset': '+8:00', 'description': 'Beijing, Perth, Singapore, Hong Kong'}}, 'email': 'edona.david@example.com', 'login': {'uuid': '42fdb350-a241-4638-9bc8-3f7fe3726454', 'username': 'orangeduck991', 'password': 'rockhard', 'salt': 'kpgznIhS', 'md5': '9386b486983ca612e26bc6e99d0b1b8b', 'sha1': '9b39799b706c90102059ccaad867d5d5f82a1842', 'sha256': 'c8d278b9d2dad2f34259cc27a3cc73548a1fa5327d603dbf3d12004d6573258f'}, 'dob': {'date': '1972-06-01T11:31:20.087Z', 'age': 52}, 'registered': {'date': '2021-05-18T21:05:43.517Z', 'age': 3}, 'phone': '075 423 28 39', 'cell': '075 095 82 23', 'id': {'name': 'AVS', 'value': '756.4217.0451.55'}, 'picture': {'large': 'https://randomuser.me/api/portraits/women/86.jpg', 'medium': 'https://randomuser.me/api/portraits/med/women/86.jpg', 'thumbnail': 'https://randomuser.me/api/portraits/thumb/women/86.jpg'}, 'nat': 'CH'}], 'info': {'seed': 'c787ae452e9b110b', 'results': 1, 'page': 1, 'version': '1.4'}}</msg>
<arg>${json_data}</arg>
<doc>Logs the given message with the given level.</doc>
<status status="PASS" start="2024-08-09T17:14:47.037924" elapsed="0.000202"/>
</kw>
<kw name="Should Be String" owner="String">
<arg>${json_data['results'][0]['gender']}</arg>
<doc>Fails if the given ``item`` is not a string.</doc>
<status status="PASS" start="2024-08-09T17:14:47.038448" elapsed="0.000355"/>
</kw>
<kw name="Should Match Regexp" owner="BuiltIn">
<arg>${json_data['results'][0]['email']}</arg>
<arg>^[a-zA-Z0-9._%+-]+@[a-zA-Z0-9.-]+\.[a-zA-Z]{2,}$</arg>
<doc>Fails if ``string`` does not match ``pattern`` as a regular expression.</doc>
<status status="PASS" start="2024-08-09T17:14:47.038993" elapsed="0.000508"/>
</kw>
<kw name="Should Match Regexp" owner="BuiltIn">
<arg>${json_data['results'][0]['dob']['date']}</arg>
<arg>\\d{4}-\\d{2}-\\d{2}T\\d{2}:\\d{2}:\\d{2}\\.\\d{3}Z</arg>
<doc>Fails if ``string`` does not match ``pattern`` as a regular expression.</doc>
<status status="PASS" start="2024-08-09T17:14:47.039692" elapsed="0.000599"/>
</kw>
<kw name="Should Match Regexp" owner="BuiltIn">
<arg>${json_data['results'][0]['registered']['date']}</arg>
<arg>\\d{4}-\\d{2}-\\d{2}T\\d{2}:\\d{2}:\\d{2}\\.\\d{3}Z</arg>
<doc>Fails if ``string`` does not match ``pattern`` as a regular expression.</doc>
<status status="PASS" start="2024-08-09T17:14:47.040484" elapsed="0.000371"/>
</kw>
<kw name="Should Match Regexp" owner="BuiltIn">
<arg>${json_data['results'][0]['picture']['large']}</arg>
<arg>^https?://.*\.(?:png|jpe?g|gif|bmp)$</arg>
<doc>Fails if ``string`` does not match ``pattern`` as a regular expression.</doc>
<status status="PASS" start="2024-08-09T17:14:47.041079" elapsed="0.000470"/>
</kw>
<kw name="Should Match Regexp" owner="BuiltIn">
<arg>${json_data['results'][0]['picture']['medium']}</arg>
<arg>^https?://.*\.(?:png|jpe?g|gif|bmp)$</arg>
<doc>Fails if ``string`` does not match ``pattern`` as a regular expression.</doc>
<status status="PASS" start="2024-08-09T17:14:47.041737" elapsed="0.000356"/>
</kw>
<kw name="Should Match Regexp" owner="BuiltIn">
<arg>${json_data['results'][0]['picture']['thumbnail']}</arg>
<arg>^https?://.*\.(?:png|jpe?g|gif|bmp)$</arg>
<doc>Fails if ``string`` does not match ``pattern`` as a regular expression.</doc>
<status status="PASS" start="2024-08-09T17:14:47.042275" elapsed="0.000346"/>
</kw>
<kw name="Log" owner="BuiltIn">
<msg time="2024-08-09T17:14:47.043115" level="INFO">{'large': 'https://randomuser.me/api/portraits/women/86.jpg', 'medium': 'https://randomuser.me/api/portraits/med/women/86.jpg', 'thumbnail': 'https://randomuser.me/api/portraits/thumb/women/86.jpg'}</msg>
<arg>${json_data['results'][0]['picture']}</arg>
<doc>Logs the given message with the given level.</doc>
<status status="PASS" start="2024-08-09T17:14:47.042797" elapsed="0.000360"/>
</kw>
<status status="PASS" start="2024-08-09T17:14:47.007518" elapsed="0.035890"/>
</kw>
<kw name="Teste de Tipos de Dados - Postcode" owner="random-user-service">
<kw name="GET On Session" owner="RequestsLibrary">
<msg time="2024-08-09T17:14:47.143737" level="INFO">GET Request : url=https://randomuser.me/api 
 path_url=/api 
 headers={'User-Agent': 'python-requests/2.32.3', 'Accept-Encoding': 'gzip, deflate', 'Accept': '*/*', 'Connection': 'keep-alive'} 
 body=None 
 </msg>
<msg time="2024-08-09T17:14:47.143839" level="INFO">GET Response : url=https://randomuser.me/api 
 status=200, reason=OK 
 headers={'Date': 'Fri, 09 Aug 2024 17:14:47 GMT', 'Content-Type': 'application/json; charset=utf-8', 'Transfer-Encoding': 'chunked', 'Connection': 'keep-alive', 'X-Powered-By': 'Express', 'Access-Control-Allow-Origin': '*', 'Cache-Control': 'no-cache', 'ETag': 'W/"488-FJ4oZopKfiJWbuXUMo1GS3iCj40"', 'Vary': 'Accept-Encoding', 'Content-Encoding': 'gzip', 'CF-Cache-Status': 'DYNAMIC', 'Report-To': '{"endpoints":[{"url":"https:\\/\\/a.nel.cloudflare.com\\/report\\/v4?s=E%2BBzk%2FrI4vIss69QgDXDSds0D235y%2Fs5Akd2WJEKAhkUF6ypLTkrA28jqAPCc4sEGtVu%2BC7qMEsK6dZoKjXBEwL5L0im9%2BoIvnoyfsYF0ePNbU%2F7mQQartzyQc8B7fFY"}],"group":"cf-nel","max_age":604800}', 'NEL': '{"success_fraction":0,"report_to":"cf-nel","max_age":604800}', 'Server': 'cloudflare', 'CF-RAY': '8b09626c0dcd87a6-IAD', 'alt-svc': 'h3=":443"; ma=86400'} 
 body={"results":[{"gender":"female","name":{"title":"Miss","first":"Almut","last":"Fox"},"location":{"street":{"number":7769,"name":"Am Bahnhof"},"city":"Gräfenberg","state":"Hamburg","country":"Germany","postcode":10823,"coordinates":{"latitude":"-47.6709","longitude":"126.6676"},"timezone":{"offset":"+7:00","description":"Bangkok, Hanoi, Jakarta"}},"email":"almut.fox@example.com","login":{"uuid":"031cc055-0542-40ed-88e0-a4ac1156d4a4","username":"beautifulmouse349","password":"tabatha","salt":"vpkb5YGG","md5":"dee15ed431117ecfb30e901752ffaf79","sha1":"4391502da957097042cb7afe15217a00f219a7b4","sha256":"7a8f3b0480274581d7260b702b554a0d8b5cfbad4329a6e640a6e196dad930c2"},"dob":{"date":"1982-11-22T04:02:54.392Z","age":41},"registered":{"date":"2017-10-29T13:49:34.760Z","age":6},"phone":"0134-8262590","cell":"0176-3929476","id":{"name":"SVNR","value":"17 211182 F 500"},"picture":{"large":"https://randomuser.me/api/portraits/women/9.jpg","medium":"https://randomuser.me/api/portraits/med/women/9.jpg","thumbnail":"https://randomuser.me/api/portraits/thumb/women/9.jpg"},"nat":"DE"}],"info":{"seed":"0ba71688cda33c50","results":1,"page":1,"version":"1.4"}} 
 </msg>
<msg time="2024-08-09T17:14:47.143922" level="INFO">/opt/hostedtoolcache/Python/3.12.4/x64/lib/python3.12/site-packages/urllib3/connectionpool.py:1099: InsecureRequestWarning: Unverified HTTPS request is being made to host 'randomuser.me'. Adding certificate verification is strongly advised. See: https://urllib3.readthedocs.io/en/latest/advanced-usage.html#tls-warnings
  warnings.warn(</msg>
<msg time="2024-08-09T17:14:47.144067" level="INFO">${response} = &lt;Response [200]&gt;</msg>
<var>${response}</var>
<arg>consultarAPI</arg>
<arg>/api</arg>
<doc>Sends a GET request on a previously created HTTP Session.</doc>
<status status="PASS" start="2024-08-09T17:14:47.043830" elapsed="0.100286"/>
</kw>
<kw name="Set Variable" owner="BuiltIn">
<msg time="2024-08-09T17:14:47.145538" level="INFO">${json_data} = {'results': [{'gender': 'female', 'name': {'title': 'Miss', 'first': 'Almut', 'last': 'Fox'}, 'location': {'street': {'number': 7769, 'name': 'Am Bahnhof'}, 'city': 'Gräfenberg', 'state': 'Hamburg', '...</msg>
<var>${json_data}</var>
<arg>${response.json()}</arg>
<doc>Returns the given values which can then be assigned to a variables.</doc>
<status status="PASS" start="2024-08-09T17:14:47.144809" elapsed="0.000759"/>
</kw>
<kw name="Log" owner="BuiltIn">
<msg time="2024-08-09T17:14:47.146034" level="INFO">{'results': [{'gender': 'female', 'name': {'title': 'Miss', 'first': 'Almut', 'last': 'Fox'}, 'location': {'street': {'number': 7769, 'name': 'Am Bahnhof'}, 'city': 'Gräfenberg', 'state': 'Hamburg', 'country': 'Germany', 'postcode': 10823, 'coordinates': {'latitude': '-47.6709', 'longitude': '126.6676'}, 'timezone': {'offset': '+7:00', 'description': 'Bangkok, Hanoi, Jakarta'}}, 'email': 'almut.fox@example.com', 'login': {'uuid': '031cc055-0542-40ed-88e0-a4ac1156d4a4', 'username': 'beautifulmouse349', 'password': 'tabatha', 'salt': 'vpkb5YGG', 'md5': 'dee15ed431117ecfb30e901752ffaf79', 'sha1': '4391502da957097042cb7afe15217a00f219a7b4', 'sha256': '7a8f3b0480274581d7260b702b554a0d8b5cfbad4329a6e640a6e196dad930c2'}, 'dob': {'date': '1982-11-22T04:02:54.392Z', 'age': 41}, 'registered': {'date': '2017-10-29T13:49:34.760Z', 'age': 6}, 'phone': '0134-8262590', 'cell': '0176-3929476', 'id': {'name': 'SVNR', 'value': '17 211182 F 500'}, 'picture': {'large': 'https://randomuser.me/api/portraits/women/9.jpg', 'medium': 'https://randomuser.me/api/portraits/med/women/9.jpg', 'thumbnail': 'https://randomuser.me/api/portraits/thumb/women/9.jpg'}, 'nat': 'DE'}], 'info': {'seed': '0ba71688cda33c50', 'results': 1, 'page': 1, 'version': '1.4'}}</msg>
<arg>${json_data}</arg>
<doc>Logs the given message with the given level.</doc>
<status status="PASS" start="2024-08-09T17:14:47.145876" elapsed="0.000206"/>
</kw>
<kw name="Should Be Equal As Numbers" owner="BuiltIn">
<arg>${json_data['results'][0]['location']['postcode']}</arg>
<arg>${json_data['results'][0]['location']['postcode']}</arg>
<doc>Fails if objects are unequal after converting them to real numbers.</doc>
<status status="PASS" start="2024-08-09T17:14:47.146371" elapsed="0.000623"/>
</kw>
<kw name="Log" owner="BuiltIn">
<msg time="2024-08-09T17:14:47.147564" level="INFO">10823</msg>
<arg>${json_data['results'][0]['location']['postcode']}</arg>
<doc>Logs the given message with the given level.</doc>
<status status="PASS" start="2024-08-09T17:14:47.147219" elapsed="0.000386"/>
</kw>
<status status="PASS" start="2024-08-09T17:14:47.043618" elapsed="0.104240"/>
</kw>
<doc>Testa se os tipos de dados na resposta da API estão corretos.</doc>
<tag>testeTiposDados</tag>
<status status="PASS" start="2024-08-09T17:14:47.006954" elapsed="0.141074"/>
</test>
<test id="s1-s1-t5" name="Validar conteudo" line="35">
<kw name="Teste de Tipos de Conteudo" owner="random-user-service">
<kw name="GET On Session" owner="RequestsLibrary">
<msg time="2024-08-09T17:14:47.236717" level="INFO">GET Request : url=https://randomuser.me/api 
 path_url=/api 
 headers={'User-Agent': 'python-requests/2.32.3', 'Accept-Encoding': 'gzip, deflate', 'Accept': '*/*', 'Connection': 'keep-alive'} 
 body=None 
 </msg>
<msg time="2024-08-09T17:14:47.236821" level="INFO">GET Response : url=https://randomuser.me/api 
 status=200, reason=OK 
 headers={'Date': 'Fri, 09 Aug 2024 17:14:47 GMT', 'Content-Type': 'application/json; charset=utf-8', 'Transfer-Encoding': 'chunked', 'Connection': 'keep-alive', 'X-Powered-By': 'Express', 'Access-Control-Allow-Origin': '*', 'Cache-Control': 'no-cache', 'ETag': 'W/"492-5T+EkwwDFNGPSm8gXiL6udXoNpg"', 'Vary': 'Accept-Encoding', 'Content-Encoding': 'gzip', 'CF-Cache-Status': 'DYNAMIC', 'Report-To': '{"endpoints":[{"url":"https:\\/\\/a.nel.cloudflare.com\\/report\\/v4?s=45egarJ1GIrFNtKaOcithTss5U9AW80M9UY%2F5%2BfEVXLsYnzkpoQnQ47xxnstuwkXAPEUvQmZwYu1MCyOE6hr0BVacOMqVwekwf7uaRZCoMSd7COkcY7plhwj2lmKdLoj"}],"group":"cf-nel","max_age":604800}', 'NEL': '{"success_fraction":0,"report_to":"cf-nel","max_age":604800}', 'Server': 'cloudflare', 'CF-RAY': '8b09626cbf3187a6-IAD', 'alt-svc': 'h3=":443"; ma=86400'} 
 body={"results":[{"gender":"female","name":{"title":"Ms","first":"Yadviga","last":"Banah"},"location":{"street":{"number":9497,"name":"Ploshcha Nahimova"},"city":"Bucha","state":"Zhitomirska","country":"Ukraine","postcode":45461,"coordinates":{"latitude":"77.1452","longitude":"72.6142"},"timezone":{"offset":"-4:00","description":"Atlantic Time (Canada), Caracas, La Paz"}},"email":"yadviga.banah@example.com","login":{"uuid":"f0b4f923-69e8-44c3-bfc3-de2b29dd9383","username":"blueswan927","password":"roadster","salt":"M4FrXmo0","md5":"8c3a93bdc091d8f8097bb1d56d27a94d","sha1":"0e37ea1f570153b3b8930289bf75a6a6fa9bf26e","sha256":"dfe280c7bb05c7d818e246fe644b081bb4a96ab61214635e80530ce66849f194"},"dob":{"date":"1955-01-27T22:49:55.795Z","age":69},"registered":{"date":"2016-08-26T17:58:19.836Z","age":7},"phone":"(097) W85-2521","cell":"(068) H43-4184","id":{"name":"","value":null},"picture":{"large":"https://randomuser.me/api/portraits/women/12.jpg","medium":"https://randomuser.me/api/portraits/med/women/12.jpg","thumbnail":"https://randomuser.me/api/portraits/thumb/women/12.jpg"},"nat":"UA"}],"info":{"seed":"bd2d317909f344e5","results":1,"page":1,"version":"1.4"}} 
 </msg>
<msg time="2024-08-09T17:14:47.236895" level="INFO">/opt/hostedtoolcache/Python/3.12.4/x64/lib/python3.12/site-packages/urllib3/connectionpool.py:1099: InsecureRequestWarning: Unverified HTTPS request is being made to host 'randomuser.me'. Adding certificate verification is strongly advised. See: https://urllib3.readthedocs.io/en/latest/advanced-usage.html#tls-warnings
  warnings.warn(</msg>
<msg time="2024-08-09T17:14:47.237062" level="INFO">${response} = &lt;Response [200]&gt;</msg>
<var>${response}</var>
<arg>consultarAPI</arg>
<arg>/api</arg>
<doc>Sends a GET request on a previously created HTTP Session.</doc>
<status status="PASS" start="2024-08-09T17:14:47.150579" elapsed="0.086524"/>
</kw>
<kw name="Set Variable" owner="BuiltIn">
<msg time="2024-08-09T17:14:47.238365" level="INFO">${json_data} = {'results': [{'gender': 'female', 'name': {'title': 'Ms', 'first': 'Yadviga', 'last': 'Banah'}, 'location': {'street': {'number': 9497, 'name': 'Ploshcha Nahimova'}, 'city': 'Bucha', 'state': 'Zhitomi...</msg>
<var>${json_data}</var>
<arg>${response.json()}</arg>
<doc>Returns the given values which can then be assigned to a variables.</doc>
<status status="PASS" start="2024-08-09T17:14:47.237784" elapsed="0.000609"/>
</kw>
<kw name="Set Variable" owner="BuiltIn">
<msg time="2024-08-09T17:14:47.239082" level="INFO">${name_title} = Ms</msg>
<var>${name_title}</var>
<arg>${json_data["results"][0]["name"]["title"]}</arg>
<doc>Returns the given values which can then be assigned to a variables.</doc>
<status status="PASS" start="2024-08-09T17:14:47.238700" elapsed="0.000407"/>
</kw>
<kw name="Create List" owner="BuiltIn">
<msg time="2024-08-09T17:14:47.239554" level="INFO">${allowed_titles} = ['Mr', 'Ms', 'Miss', 'Mrs', 'Madame', 'Monsieur']</msg>
<var>${allowed_titles}</var>
<arg>Mr</arg>
<arg>Ms</arg>
<arg>Miss</arg>
<arg>Mrs</arg>
<arg>Madame</arg>
<arg>Monsieur</arg>
<doc>Returns a list containing given items.</doc>
<status status="PASS" start="2024-08-09T17:14:47.239406" elapsed="0.000173"/>
</kw>
<kw name="List Should Contain Value" owner="Collections">
<arg>${allowed_titles}</arg>
<arg>${name_title}</arg>
<doc>Fails if the ``value`` is not found from ``list``.</doc>
<status status="PASS" start="2024-08-09T17:14:47.239875" elapsed="0.000174"/>
</kw>
<kw name="Set Variable" owner="BuiltIn">
<msg time="2024-08-09T17:14:47.240609" level="INFO">${name_country} = UA</msg>
<var>${name_country}</var>
<arg>${json_data["results"][0]["nat"]}</arg>
<doc>Returns the given values which can then be assigned to a variables.</doc>
<status status="PASS" start="2024-08-09T17:14:47.240235" elapsed="0.000399"/>
</kw>
<kw name="Create List" owner="BuiltIn">
<msg time="2024-08-09T17:14:47.241555" level="INFO">${list_country} = ['AD', 'AE', 'AF', 'AG', 'AI', 'AL', 'AM', 'AO', 'AQ', 'AR', 'AS', 'AT', 'AU', 'AW', 'AX', 'AZ', 'BA', 'BB', 'BD', 'BE', 'BF', 'BG', 'BH', 'BI', 'BJ', 'BL', 'BM', 'BN', 'BO', 'BQ', 'BR', 'BS', 'BT', '...</msg>
<var>${list_country}</var>
<arg>AD</arg>
<arg>AE</arg>
<arg>AF</arg>
<arg>AG</arg>
<arg>AI</arg>
<arg>AL</arg>
<arg>AM</arg>
<arg>AO</arg>
<arg>AQ</arg>
<arg>AR</arg>
<arg>AS</arg>
<arg>AT</arg>
<arg>AU</arg>
<arg>AW</arg>
<arg>AX</arg>
<arg>AZ</arg>
<arg>BA</arg>
<arg>BB</arg>
<arg>BD</arg>
<arg>BE</arg>
<arg>BF</arg>
<arg>BG</arg>
<arg>BH</arg>
<arg>BI</arg>
<arg>BJ</arg>
<arg>BL</arg>
<arg>BM</arg>
<arg>BN</arg>
<arg>BO</arg>
<arg>BQ</arg>
<arg>BR</arg>
<arg>BS</arg>
<arg>BT</arg>
<arg>BV</arg>
<arg>BW</arg>
<arg>BY</arg>
<arg>BZ</arg>
<arg>CA</arg>
<arg>CC</arg>
<arg>CD</arg>
<arg>CF</arg>
<arg>CG</arg>
<arg>CH</arg>
<arg>CI</arg>
<arg>CK</arg>
<arg>CL</arg>
<arg>CM</arg>
<arg>CN</arg>
<arg>CO</arg>
<arg>CR</arg>
<arg>CU</arg>
<arg>CV</arg>
<arg>CW</arg>
<arg>CX</arg>
<arg>CY</arg>
<arg>CZ</arg>
<arg>DE</arg>
<arg>DJ</arg>
<arg>DK</arg>
<arg>DM</arg>
<arg>DO</arg>
<arg>DZ</arg>
<arg>EC</arg>
<arg>EE</arg>
<arg>EG</arg>
<arg>EH</arg>
<arg>ER</arg>
<arg>ES</arg>
<arg>ET</arg>
<arg>FI</arg>
<arg>FJ</arg>
<arg>FK</arg>
<arg>FM</arg>
<arg>FO</arg>
<arg>FR</arg>
<arg>GA</arg>
<arg>GB</arg>
<arg>GD</arg>
<arg>GE</arg>
<arg>GF</arg>
<arg>GG</arg>
<arg>GH</arg>
<arg>GI</arg>
<arg>GL</arg>
<arg>GM</arg>
<arg>GN</arg>
<arg>GP</arg>
<arg>GQ</arg>
<arg>GR</arg>
<arg>GS</arg>
<arg>GT</arg>
<arg>GU</arg>
<arg>GW</arg>
<arg>GY</arg>
<arg>HK</arg>
<arg>HM</arg>
<arg>HN</arg>
<arg>HR</arg>
<arg>HT</arg>
<arg>HU</arg>
<arg>ID</arg>
<arg>IE</arg>
<arg>IL</arg>
<arg>IM</arg>
<arg>IN</arg>
<arg>IO</arg>
<arg>IQ</arg>
<arg>IR</arg>
<arg>IS</arg>
<arg>IT</arg>
<arg>JE</arg>
<arg>JM</arg>
<arg>JO</arg>
<arg>JP</arg>
<arg>KE</arg>
<arg>KG</arg>
<arg>KH</arg>
<arg>KI</arg>
<arg>KM</arg>
<arg>KN</arg>
<arg>KP</arg>
<arg>KR</arg>
<arg>KW</arg>
<arg>KY</arg>
<arg>KZ</arg>
<arg>LA</arg>
<arg>LB</arg>
<arg>LC</arg>
<arg>LI</arg>
<arg>LK</arg>
<arg>LR</arg>
<arg>LS</arg>
<arg>LT</arg>
<arg>LU</arg>
<arg>LV</arg>
<arg>LY</arg>
<arg>MA</arg>
<arg>MC</arg>
<arg>MD</arg>
<arg>ME</arg>
<arg>MF</arg>
<arg>MG</arg>
<arg>MH</arg>
<arg>MK</arg>
<arg>ML</arg>
<arg>MM</arg>
<arg>MN</arg>
<arg>MO</arg>
<arg>MP</arg>
<arg>MQ</arg>
<arg>MR</arg>
<arg>MS</arg>
<arg>MT</arg>
<arg>MU</arg>
<arg>MV</arg>
<arg>MW</arg>
<arg>MX</arg>
<arg>MY</arg>
<arg>MZ</arg>
<arg>NA</arg>
<arg>NC</arg>
<arg>NE</arg>
<arg>NF</arg>
<arg>NG</arg>
<arg>NI</arg>
<arg>NL</arg>
<arg>NO</arg>
<arg>NP</arg>
<arg>NR</arg>
<arg>NU</arg>
<arg>NZ</arg>
<arg>OM</arg>
<arg>PA</arg>
<arg>PE</arg>
<arg>PF</arg>
<arg>PG</arg>
<arg>PH</arg>
<arg>PK</arg>
<arg>PL</arg>
<arg>PM</arg>
<arg>PN</arg>
<arg>PR</arg>
<arg>PS</arg>
<arg>PT</arg>
<arg>PW</arg>
<arg>PY</arg>
<arg>QA</arg>
<arg>RE</arg>
<arg>RO</arg>
<arg>RS</arg>
<arg>RU</arg>
<arg>RW</arg>
<arg>SA</arg>
<arg>SB</arg>
<arg>SC</arg>
<arg>SD</arg>
<arg>SE</arg>
<arg>SG</arg>
<arg>SH</arg>
<arg>SI</arg>
<arg>SJ</arg>
<arg>SK</arg>
<arg>SL</arg>
<arg>SM</arg>
<arg>SN</arg>
<arg>SO</arg>
<arg>SR</arg>
<arg>SS</arg>
<arg>ST</arg>
<arg>SV</arg>
<arg>SX</arg>
<arg>SY</arg>
<arg>SZ</arg>
<arg>TC</arg>
<arg>TD</arg>
<arg>TF</arg>
<arg>TG</arg>
<arg>TH</arg>
<arg>TJ</arg>
<arg>TK</arg>
<arg>TL</arg>
<arg>TM</arg>
<arg>TN</arg>
<arg>TO</arg>
<arg>TR</arg>
<arg>TT</arg>
<arg>TV</arg>
<arg>TW</arg>
<arg>TZ</arg>
<arg>UA</arg>
<arg>UG</arg>
<arg>UM</arg>
<arg>US</arg>
<arg>UY</arg>
<arg>UZ</arg>
<arg>VA</arg>
<arg>VC</arg>
<arg>VE</arg>
<arg>VG</arg>
<arg>VI</arg>
<arg>VN</arg>
<arg>VU</arg>
<arg>WF</arg>
<arg>WS</arg>
<arg>XK</arg>
<arg>YE</arg>
<arg>YT</arg>
<arg>ZA</arg>
<arg>ZM</arg>
<arg>ZW</arg>
<doc>Returns a list containing given items.</doc>
<status status="PASS" start="2024-08-09T17:14:47.240922" elapsed="0.000659"/>
</kw>
<kw name="List Should Contain Value" owner="Collections">
<arg>${list_country}</arg>
<arg>${name_country}</arg>
<doc>Fails if the ``value`` is not found from ``list``.</doc>
<status status="PASS" start="2024-08-09T17:14:47.242568" elapsed="0.000211"/>
</kw>
<kw name="Run Keyword If" owner="BuiltIn">
<kw name="Should Be True" owner="BuiltIn">
<arg>${True}</arg>
<doc>Fails if the given condition is not true.</doc>
<status status="PASS" start="2024-08-09T17:14:47.243723" elapsed="0.000142"/>
</kw>
<arg>${json_data["results"][0]["location"]["coordinates"]["latitude"]} &gt;= -90 and ${json_data["results"][0]["location"]["coordinates"]["latitude"]} &lt;= 90</arg>
<arg>Should Be True</arg>
<arg>${True}</arg>
<doc>Runs the given keyword with the given arguments, if ``condition`` is true.</doc>
<status status="PASS" start="2024-08-09T17:14:47.242980" elapsed="0.001010"/>
</kw>
<kw name="Run Keyword If" owner="BuiltIn">
<kw name="Should Be True" owner="BuiltIn">
<arg>${True}</arg>
<doc>Fails if the given condition is not true.</doc>
<status status="PASS" start="2024-08-09T17:14:47.244855" elapsed="0.000164"/>
</kw>
<arg>${json_data["results"][0]["location"]["coordinates"]["longitude"]} &gt;= -180 and ${json_data["results"][0]["location"]["coordinates"]["longitude"]} &lt;= 180</arg>
<arg>Should Be True</arg>
<arg>${True}</arg>
<doc>Runs the given keyword with the given arguments, if ``condition`` is true.</doc>
<status status="PASS" start="2024-08-09T17:14:47.244170" elapsed="0.000977"/>
</kw>
<status status="PASS" start="2024-08-09T17:14:47.150352" elapsed="0.094928"/>
</kw>
<doc>Testa o conteúdo específico dos campos retornados pela API.</doc>
<tag>testeConteudo</tag>
<status status="PASS" start="2024-08-09T17:14:47.149830" elapsed="0.095605"/>
</test>
<status status="PASS" start="2024-08-09T17:14:46.229444" elapsed="1.017976"/>
</suite>
<status status="PASS" start="2024-08-09T17:14:46.215145" elapsed="1.037364"/>
</suite>
<statistics>
<total>
<stat pass="5" fail="0" skip="0">All Tests</stat>
</total>
<tag>
<stat pass="1" fail="0" skip="0">testeConteudo</stat>
<stat pass="1" fail="0" skip="0">testeEstruturaResposta</stat>
<stat pass="1" fail="0" skip="0">testeRequisicaoBasica</stat>
<stat pass="1" fail="0" skip="0">testeTiposDados</stat>
</tag>
<suite>
<stat pass="5" fail="0" skip="0" id="s1" name="Tests">Tests</stat>
<stat pass="5" fail="0" skip="0" id="s1-s1" name="Random-User-Test">Tests.Random-User-Test</stat>
</suite>
</statistics>
<errors>
</errors>
</robot>
