<?xml version="1.0" encoding="UTF-8"?>
<robot generator="Robot 7.0.1 (Python 3.12.4 on linux)" generated="2024-06-25T03:16:58.932476" rpa="false" schemaversion="5">
<suite id="s1" name="Tests" source="/home/runner/work/ApiRandomUser/ApiRandomUser/RamdonUser/tests">
<suite id="s1-s1" name="Random-User-Test" source="/home/runner/work/ApiRandomUser/ApiRandomUser/RamdonUser/tests/random-user-test.robot">
<test id="s1-s1-t1" name="Conectar" line="13">
<kw name="Conectar API" owner="random-user-service">
<kw name="Create Session" owner="RequestsLibrary">
<msg time="2024-06-25T03:16:59.351543" level="INFO">Creating Session using : alias=consultarAPI, url=https://randomuser.me/, headers={},                     cookies={}, auth=None, timeout=None, proxies=None, verify=False,                     debug=0 </msg>
<arg>consultarAPI</arg>
<arg>${URL}</arg>
<doc>Create Session: create a HTTP session to a server</doc>
<status status="PASS" start="2024-06-25T03:16:59.351339" elapsed="0.000396"/>
</kw>
<status status="PASS" start="2024-06-25T03:16:59.350335" elapsed="0.001763"/>
</kw>
<status status="PASS" start="2024-06-25T03:16:59.349746" elapsed="0.002615"/>
</test>
<test id="s1-s1-t2" name="Validar retorno 200 e JSON Válido" line="16">
<kw name="Teste de Requisicao Basica" owner="random-user-service">
<kw name="GET On Session" owner="RequestsLibrary">
<msg time="2024-06-25T03:16:59.518056" level="INFO">GET Request : url=https://randomuser.me/api 
 path_url=/api 
 headers={'User-Agent': 'python-requests/2.32.3', 'Accept-Encoding': 'gzip, deflate', 'Accept': '*/*', 'Connection': 'keep-alive'} 
 body=None 
 </msg>
<msg time="2024-06-25T03:16:59.518215" level="INFO">GET Response : url=https://randomuser.me/api 
 status=200, reason=OK 
 headers={'Date': 'Tue, 25 Jun 2024 03:16:59 GMT', 'Content-Type': 'application/json; charset=utf-8', 'Transfer-Encoding': 'chunked', 'Connection': 'keep-alive', 'X-Powered-By': 'Express', 'Access-Control-Allow-Origin': '*', 'Cache-Control': 'no-cache', 'ETag': 'W/"48e-rGBaCnRwCVfG9dWKQ/EuxCsD4vk"', 'Vary': 'Accept-Encoding', 'Content-Encoding': 'gzip', 'CF-Cache-Status': 'DYNAMIC', 'Report-To': '{"endpoints":[{"url":"https:\\/\\/a.nel.cloudflare.com\\/report\\/v4?s=Mha2TsM4u69%2BKGqMq1LkZ1TauLbHa4NmbKMdjuLjcnegkvnJwm6EtQImOGDZecrz7Ahc%2FQzqLv86ziFMOX0mto3uLP5g3xx%2Bx95%2BJe82azYg7WWJLxo71dVRGTJeLf2b"}],"group":"cf-nel","max_age":604800}', 'NEL': '{"success_fraction":0,"report_to":"cf-nel","max_age":604800}', 'Server': 'cloudflare', 'CF-RAY': '8991cd4f2d1fd045-SJC', 'alt-svc': 'h3=":443"; ma=86400'} 
 body={"results":[{"gender":"male","name":{"title":"Mr","first":"Rishaan","last":"Rajesh"},"location":{"street":{"number":3723,"name":"MG Rd Bangalore"},"city":"Malda","state":"Sikkim","country":"India","postcode":42430,"coordinates":{"latitude":"5.8271","longitude":"-152.1940"},"timezone":{"offset":"-5:00","description":"Eastern Time (US &amp; Canada), Bogota, Lima"}},"email":"rishaan.rajesh@example.com","login":{"uuid":"cb3589d5-5bea-4a65-883e-3a4ccaa57715","username":"brownswan313","password":"lemonade","salt":"wQ6NPxwH","md5":"704a40ce6de65863f61c4fc99598a94c","sha1":"804774bc6a4d438a21a899dd4148072699cd52bb","sha256":"ea545acef398e738461e1e9758ae7e02e5946a52e105c0dc2d0aee938d1c69a5"},"dob":{"date":"1981-09-15T23:08:40.923Z","age":42},"registered":{"date":"2008-07-01T17:01:16.637Z","age":15},"phone":"9663441324","cell":"7960232278","id":{"name":"UIDAI","value":"305253395344"},"picture":{"large":"https://randomuser.me/api/portraits/men/79.jpg","medium":"https://randomuser.me/api/portraits/med/men/79.jpg","thumbnail":"https://randomuser.me/api/portraits/thumb/men/79.jpg"},"nat":"IN"}],"info":{"seed":"d7206b33cada3114","results":1,"page":1,"version":"1.4"}} 
 </msg>
<msg time="2024-06-25T03:16:59.518302" level="INFO">/opt/hostedtoolcache/Python/3.12.4/x64/lib/python3.12/site-packages/urllib3/connectionpool.py:1099: InsecureRequestWarning: Unverified HTTPS request is being made to host 'randomuser.me'. Adding certificate verification is strongly advised. See: https://urllib3.readthedocs.io/en/latest/advanced-usage.html#tls-warnings
  warnings.warn(</msg>
<msg time="2024-06-25T03:16:59.518441" level="INFO">${response} = &lt;Response [200]&gt;</msg>
<var>${response}</var>
<arg>consultarAPI</arg>
<arg>/api</arg>
<doc>Sends a GET request on a previously created HTTP Session.</doc>
<status status="PASS" start="2024-06-25T03:16:59.356499" elapsed="0.161977"/>
</kw>
<kw name="Should Be Equal As Numbers" owner="BuiltIn">
<msg time="2024-06-25T03:16:59.519525" level="INFO">Argument types are:
&lt;class 'int'&gt;
&lt;class 'str'&gt;</msg>
<arg>${response.status_code}</arg>
<arg>200</arg>
<doc>Fails if objects are unequal after converting them to real numbers.</doc>
<status status="PASS" start="2024-06-25T03:16:59.519058" elapsed="0.000535"/>
</kw>
<kw name="Log" owner="BuiltIn">
<msg time="2024-06-25T03:16:59.520310" level="INFO">200</msg>
<arg>${response.status_code}</arg>
<doc>Logs the given message with the given level.</doc>
<status status="PASS" start="2024-06-25T03:16:59.519911" elapsed="0.000442"/>
</kw>
<kw name="Set Variable" owner="BuiltIn">
<msg time="2024-06-25T03:16:59.521091" level="INFO">${json_data} = {'results': [{'gender': 'male', 'name': {'title': 'Mr', 'first': 'Rishaan', 'last': 'Rajesh'}, 'location': {'street': {'number': 3723, 'name': 'MG Rd Bangalore'}, 'city': 'Malda', 'state': 'Sikkim', '...</msg>
<var>${json_data}</var>
<arg>${response.json()}</arg>
<doc>Returns the given values which can then be assigned to a variables.</doc>
<status status="PASS" start="2024-06-25T03:16:59.520659" elapsed="0.000462"/>
</kw>
<kw name="Dictionary Should Contain Key" owner="Collections">
<arg>${json_data}</arg>
<arg>results</arg>
<doc>Fails if ``key`` is not found from ``dictionary``.</doc>
<status status="PASS" start="2024-06-25T03:16:59.521416" elapsed="0.000169"/>
</kw>
<status status="PASS" start="2024-06-25T03:16:59.356089" elapsed="0.165649"/>
</kw>
<doc>Testa se a API responde corretamente e retorna um objeto JSON válido.</doc>
<tag>testeRequisicaoBasica</tag>
<status status="PASS" start="2024-06-25T03:16:59.355381" elapsed="0.166535"/>
</test>
<test id="s1-s1-t3" name="Validar estrutura de resposta" line="22">
<kw name="Teste de Estrutura de Resposta" owner="random-user-service">
<kw name="GET On Session" owner="RequestsLibrary">
<msg time="2024-06-25T03:16:59.627740" level="INFO">GET Request : url=https://randomuser.me/api 
 path_url=/api 
 headers={'User-Agent': 'python-requests/2.32.3', 'Accept-Encoding': 'gzip, deflate', 'Accept': '*/*', 'Connection': 'keep-alive'} 
 body=None 
 </msg>
<msg time="2024-06-25T03:16:59.627844" level="INFO">GET Response : url=https://randomuser.me/api 
 status=200, reason=OK 
 headers={'Date': 'Tue, 25 Jun 2024 03:16:59 GMT', 'Content-Type': 'application/json; charset=utf-8', 'Transfer-Encoding': 'chunked', 'Connection': 'keep-alive', 'X-Powered-By': 'Express', 'Access-Control-Allow-Origin': '*', 'Cache-Control': 'no-cache', 'ETag': 'W/"48c-RGuGFnQScc6XsktGk8honKDXIsE"', 'Vary': 'Accept-Encoding', 'Content-Encoding': 'gzip', 'CF-Cache-Status': 'DYNAMIC', 'Report-To': '{"endpoints":[{"url":"https:\\/\\/a.nel.cloudflare.com\\/report\\/v4?s=FvXy1TuD5%2FVafxBhqd%2FoHNNM%2BePEDR%2FSf%2FXjHQSuGPzVNDWGixv%2FlUZ4RlWqkL2xM%2BG2hZFh5Dwoje416uW5pJFTA5C9zmjL2lyo6an3kpzJkcyjlm9HVRYrbu7332Oe"}],"group":"cf-nel","max_age":604800}', 'NEL': '{"success_fraction":0,"report_to":"cf-nel","max_age":604800}', 'Server': 'cloudflare', 'CF-RAY': '8991cd500de6d045-SJC', 'alt-svc': 'h3=":443"; ma=86400'} 
 body={"results":[{"gender":"male","name":{"title":"Mr","first":"Archie","last":"Taylor"},"location":{"street":{"number":7472,"name":"Karamu Road"},"city":"Whangarei","state":"Auckland","country":"New Zealand","postcode":63814,"coordinates":{"latitude":"48.5896","longitude":"-80.2080"},"timezone":{"offset":"+11:00","description":"Magadan, Solomon Islands, New Caledonia"}},"email":"archie.taylor@example.com","login":{"uuid":"1bfb6f09-1c2c-44a6-8014-59d6bc1d90a7","username":"beautifulfish399","password":"2112","salt":"gWiXsNxd","md5":"5740d40231e36ba2f8206354f76ef50f","sha1":"efcfa071cc3663c9c31fff7122698c71635b6c9b","sha256":"1f9e249b3aa93bbed822f85ef0ab5437cdb89dd02b290523ad581dc74647a884"},"dob":{"date":"1977-03-08T21:32:23.585Z","age":47},"registered":{"date":"2019-02-16T16:11:39.957Z","age":5},"phone":"(770)-850-6404","cell":"(101)-086-6202","id":{"name":"","value":null},"picture":{"large":"https://randomuser.me/api/portraits/men/40.jpg","medium":"https://randomuser.me/api/portraits/med/men/40.jpg","thumbnail":"https://randomuser.me/api/portraits/thumb/men/40.jpg"},"nat":"NZ"}],"info":{"seed":"cb174030ab74777e","results":1,"page":1,"version":"1.4"}} 
 </msg>
<msg time="2024-06-25T03:16:59.627978" level="INFO">/opt/hostedtoolcache/Python/3.12.4/x64/lib/python3.12/site-packages/urllib3/connectionpool.py:1099: InsecureRequestWarning: Unverified HTTPS request is being made to host 'randomuser.me'. Adding certificate verification is strongly advised. See: https://urllib3.readthedocs.io/en/latest/advanced-usage.html#tls-warnings
  warnings.warn(</msg>
<msg time="2024-06-25T03:16:59.628108" level="INFO">${response} = &lt;Response [200]&gt;</msg>
<var>${response}</var>
<arg>consultarAPI</arg>
<arg>/api</arg>
<doc>Sends a GET request on a previously created HTTP Session.</doc>
<status status="PASS" start="2024-06-25T03:16:59.525809" elapsed="0.102341"/>
</kw>
<kw name="Set Variable" owner="BuiltIn">
<msg time="2024-06-25T03:16:59.629226" level="INFO">${json_data} = {'results': [{'gender': 'male', 'name': {'title': 'Mr', 'first': 'Archie', 'last': 'Taylor'}, 'location': {'street': {'number': 7472, 'name': 'Karamu Road'}, 'city': 'Whangarei', 'state': 'Auckland', ...</msg>
<var>${json_data}</var>
<arg>${response.json()}</arg>
<doc>Returns the given values which can then be assigned to a variables.</doc>
<status status="PASS" start="2024-06-25T03:16:59.628702" elapsed="0.000555"/>
</kw>
<kw name="Log" owner="BuiltIn">
<msg time="2024-06-25T03:16:59.629742" level="INFO">{'results': [{'gender': 'male', 'name': {'title': 'Mr', 'first': 'Archie', 'last': 'Taylor'}, 'location': {'street': {'number': 7472, 'name': 'Karamu Road'}, 'city': 'Whangarei', 'state': 'Auckland', 'country': 'New Zealand', 'postcode': 63814, 'coordinates': {'latitude': '48.5896', 'longitude': '-80.2080'}, 'timezone': {'offset': '+11:00', 'description': 'Magadan, Solomon Islands, New Caledonia'}}, 'email': 'archie.taylor@example.com', 'login': {'uuid': '1bfb6f09-1c2c-44a6-8014-59d6bc1d90a7', 'username': 'beautifulfish399', 'password': '2112', 'salt': 'gWiXsNxd', 'md5': '5740d40231e36ba2f8206354f76ef50f', 'sha1': 'efcfa071cc3663c9c31fff7122698c71635b6c9b', 'sha256': '1f9e249b3aa93bbed822f85ef0ab5437cdb89dd02b290523ad581dc74647a884'}, 'dob': {'date': '1977-03-08T21:32:23.585Z', 'age': 47}, 'registered': {'date': '2019-02-16T16:11:39.957Z', 'age': 5}, 'phone': '(770)-850-6404', 'cell': '(101)-086-6202', 'id': {'name': '', 'value': None}, 'picture': {'large': 'https://randomuser.me/api/portraits/men/40.jpg', 'medium': 'https://randomuser.me/api/portraits/med/men/40.jpg', 'thumbnail': 'https://randomuser.me/api/portraits/thumb/men/40.jpg'}, 'nat': 'NZ'}], 'info': {'seed': 'cb174030ab74777e', 'results': 1, 'page': 1, 'version': '1.4'}}</msg>
<arg>${json_data}</arg>
<doc>Logs the given message with the given level.</doc>
<status status="PASS" start="2024-06-25T03:16:59.629576" elapsed="0.000215"/>
</kw>
<kw name="Dictionary Should Contain Key" owner="Collections">
<arg>${json_data}</arg>
<arg>results</arg>
<doc>Fails if ``key`` is not found from ``dictionary``.</doc>
<status status="PASS" start="2024-06-25T03:16:59.630090" elapsed="0.000161"/>
</kw>
<kw name="Should Not Be Empty" owner="BuiltIn">
<msg time="2024-06-25T03:16:59.630559" level="INFO">Length is 2.</msg>
<arg>${json_data}</arg>
<doc>Verifies that the given item is not empty.</doc>
<status status="PASS" start="2024-06-25T03:16:59.630435" elapsed="0.000164"/>
</kw>
<kw name="Create List" owner="BuiltIn">
<msg time="2024-06-25T03:16:59.631199" level="INFO">${expected_keys} = ['gender', 'name', 'location', 'email', 'login']</msg>
<var>${expected_keys}</var>
<arg>gender</arg>
<arg>name</arg>
<arg>location</arg>
<arg>email</arg>
<arg>login</arg>
<doc>Returns a list containing given items.</doc>
<status status="PASS" start="2024-06-25T03:16:59.630887" elapsed="0.000337"/>
</kw>
<for flavor="IN">
<iter>
<kw name="Dictionary Should Contain Key" owner="Collections">
<arg>${json_data['results'][0]}</arg>
<arg>${key}</arg>
<doc>Fails if ``key`` is not found from ``dictionary``.</doc>
<status status="PASS" start="2024-06-25T03:16:59.631825" elapsed="0.000449"/>
</kw>
<kw name="Log" owner="BuiltIn">
<msg time="2024-06-25T03:16:59.632830" level="INFO">{'gender': 'male', 'name': {'title': 'Mr', 'first': 'Archie', 'last': 'Taylor'}, 'location': {'street': {'number': 7472, 'name': 'Karamu Road'}, 'city': 'Whangarei', 'state': 'Auckland', 'country': 'New Zealand', 'postcode': 63814, 'coordinates': {'latitude': '48.5896', 'longitude': '-80.2080'}, 'timezone': {'offset': '+11:00', 'description': 'Magadan, Solomon Islands, New Caledonia'}}, 'email': 'archie.taylor@example.com', 'login': {'uuid': '1bfb6f09-1c2c-44a6-8014-59d6bc1d90a7', 'username': 'beautifulfish399', 'password': '2112', 'salt': 'gWiXsNxd', 'md5': '5740d40231e36ba2f8206354f76ef50f', 'sha1': 'efcfa071cc3663c9c31fff7122698c71635b6c9b', 'sha256': '1f9e249b3aa93bbed822f85ef0ab5437cdb89dd02b290523ad581dc74647a884'}, 'dob': {'date': '1977-03-08T21:32:23.585Z', 'age': 47}, 'registered': {'date': '2019-02-16T16:11:39.957Z', 'age': 5}, 'phone': '(770)-850-6404', 'cell': '(101)-086-6202', 'id': {'name': '', 'value': None}, 'picture': {'large': 'https://randomuser.me/api/portraits/men/40.jpg', 'medium': 'https://randomuser.me/api/portraits/med/men/40.jpg', 'thumbnail': 'https://randomuser.me/api/portraits/thumb/men/40.jpg'}, 'nat': 'NZ'}</msg>
<arg>${json_data['results'][0]}</arg>
<doc>Logs the given message with the given level.</doc>
<status status="PASS" start="2024-06-25T03:16:59.632470" elapsed="0.000410"/>
</kw>
<kw name="Log" owner="BuiltIn">
<msg time="2024-06-25T03:16:59.633312" level="INFO">gender</msg>
<arg>${key}</arg>
<doc>Logs the given message with the given level.</doc>
<status status="PASS" start="2024-06-25T03:16:59.633181" elapsed="0.000169"/>
</kw>
<var name="${key}">gender</var>
<status status="PASS" start="2024-06-25T03:16:59.631693" elapsed="0.001875"/>
</iter>
<iter>
<kw name="Dictionary Should Contain Key" owner="Collections">
<arg>${json_data['results'][0]}</arg>
<arg>${key}</arg>
<doc>Fails if ``key`` is not found from ``dictionary``.</doc>
<status status="PASS" start="2024-06-25T03:16:59.633863" elapsed="0.000379"/>
</kw>
<kw name="Log" owner="BuiltIn">
<msg time="2024-06-25T03:16:59.634783" level="INFO">{'gender': 'male', 'name': {'title': 'Mr', 'first': 'Archie', 'last': 'Taylor'}, 'location': {'street': {'number': 7472, 'name': 'Karamu Road'}, 'city': 'Whangarei', 'state': 'Auckland', 'country': 'New Zealand', 'postcode': 63814, 'coordinates': {'latitude': '48.5896', 'longitude': '-80.2080'}, 'timezone': {'offset': '+11:00', 'description': 'Magadan, Solomon Islands, New Caledonia'}}, 'email': 'archie.taylor@example.com', 'login': {'uuid': '1bfb6f09-1c2c-44a6-8014-59d6bc1d90a7', 'username': 'beautifulfish399', 'password': '2112', 'salt': 'gWiXsNxd', 'md5': '5740d40231e36ba2f8206354f76ef50f', 'sha1': 'efcfa071cc3663c9c31fff7122698c71635b6c9b', 'sha256': '1f9e249b3aa93bbed822f85ef0ab5437cdb89dd02b290523ad581dc74647a884'}, 'dob': {'date': '1977-03-08T21:32:23.585Z', 'age': 47}, 'registered': {'date': '2019-02-16T16:11:39.957Z', 'age': 5}, 'phone': '(770)-850-6404', 'cell': '(101)-086-6202', 'id': {'name': '', 'value': None}, 'picture': {'large': 'https://randomuser.me/api/portraits/men/40.jpg', 'medium': 'https://randomuser.me/api/portraits/med/men/40.jpg', 'thumbnail': 'https://randomuser.me/api/portraits/thumb/men/40.jpg'}, 'nat': 'NZ'}</msg>
<arg>${json_data['results'][0]}</arg>
<doc>Logs the given message with the given level.</doc>
<status status="PASS" start="2024-06-25T03:16:59.634428" elapsed="0.000438"/>
</kw>
<kw name="Log" owner="BuiltIn">
<msg time="2024-06-25T03:16:59.635291" level="INFO">name</msg>
<arg>${key}</arg>
<doc>Logs the given message with the given level.</doc>
<status status="PASS" start="2024-06-25T03:16:59.635164" elapsed="0.000165"/>
</kw>
<var name="${key}">name</var>
<status status="PASS" start="2024-06-25T03:16:59.633751" elapsed="0.001795"/>
</iter>
<iter>
<kw name="Dictionary Should Contain Key" owner="Collections">
<arg>${json_data['results'][0]}</arg>
<arg>${key}</arg>
<doc>Fails if ``key`` is not found from ``dictionary``.</doc>
<status status="PASS" start="2024-06-25T03:16:59.635833" elapsed="0.000414"/>
</kw>
<kw name="Log" owner="BuiltIn">
<msg time="2024-06-25T03:16:59.636786" level="INFO">{'gender': 'male', 'name': {'title': 'Mr', 'first': 'Archie', 'last': 'Taylor'}, 'location': {'street': {'number': 7472, 'name': 'Karamu Road'}, 'city': 'Whangarei', 'state': 'Auckland', 'country': 'New Zealand', 'postcode': 63814, 'coordinates': {'latitude': '48.5896', 'longitude': '-80.2080'}, 'timezone': {'offset': '+11:00', 'description': 'Magadan, Solomon Islands, New Caledonia'}}, 'email': 'archie.taylor@example.com', 'login': {'uuid': '1bfb6f09-1c2c-44a6-8014-59d6bc1d90a7', 'username': 'beautifulfish399', 'password': '2112', 'salt': 'gWiXsNxd', 'md5': '5740d40231e36ba2f8206354f76ef50f', 'sha1': 'efcfa071cc3663c9c31fff7122698c71635b6c9b', 'sha256': '1f9e249b3aa93bbed822f85ef0ab5437cdb89dd02b290523ad581dc74647a884'}, 'dob': {'date': '1977-03-08T21:32:23.585Z', 'age': 47}, 'registered': {'date': '2019-02-16T16:11:39.957Z', 'age': 5}, 'phone': '(770)-850-6404', 'cell': '(101)-086-6202', 'id': {'name': '', 'value': None}, 'picture': {'large': 'https://randomuser.me/api/portraits/men/40.jpg', 'medium': 'https://randomuser.me/api/portraits/med/men/40.jpg', 'thumbnail': 'https://randomuser.me/api/portraits/thumb/men/40.jpg'}, 'nat': 'NZ'}</msg>
<arg>${json_data['results'][0]}</arg>
<doc>Logs the given message with the given level.</doc>
<status status="PASS" start="2024-06-25T03:16:59.636433" elapsed="0.000404"/>
</kw>
<kw name="Log" owner="BuiltIn">
<msg time="2024-06-25T03:16:59.637255" level="INFO">location</msg>
<arg>${key}</arg>
<doc>Logs the given message with the given level.</doc>
<status status="PASS" start="2024-06-25T03:16:59.637129" elapsed="0.000163"/>
</kw>
<var name="${key}">location</var>
<status status="PASS" start="2024-06-25T03:16:59.635725" elapsed="0.001781"/>
</iter>
<iter>
<kw name="Dictionary Should Contain Key" owner="Collections">
<arg>${json_data['results'][0]}</arg>
<arg>${key}</arg>
<doc>Fails if ``key`` is not found from ``dictionary``.</doc>
<status status="PASS" start="2024-06-25T03:16:59.637781" elapsed="0.000372"/>
</kw>
<kw name="Log" owner="BuiltIn">
<msg time="2024-06-25T03:16:59.638689" level="INFO">{'gender': 'male', 'name': {'title': 'Mr', 'first': 'Archie', 'last': 'Taylor'}, 'location': {'street': {'number': 7472, 'name': 'Karamu Road'}, 'city': 'Whangarei', 'state': 'Auckland', 'country': 'New Zealand', 'postcode': 63814, 'coordinates': {'latitude': '48.5896', 'longitude': '-80.2080'}, 'timezone': {'offset': '+11:00', 'description': 'Magadan, Solomon Islands, New Caledonia'}}, 'email': 'archie.taylor@example.com', 'login': {'uuid': '1bfb6f09-1c2c-44a6-8014-59d6bc1d90a7', 'username': 'beautifulfish399', 'password': '2112', 'salt': 'gWiXsNxd', 'md5': '5740d40231e36ba2f8206354f76ef50f', 'sha1': 'efcfa071cc3663c9c31fff7122698c71635b6c9b', 'sha256': '1f9e249b3aa93bbed822f85ef0ab5437cdb89dd02b290523ad581dc74647a884'}, 'dob': {'date': '1977-03-08T21:32:23.585Z', 'age': 47}, 'registered': {'date': '2019-02-16T16:11:39.957Z', 'age': 5}, 'phone': '(770)-850-6404', 'cell': '(101)-086-6202', 'id': {'name': '', 'value': None}, 'picture': {'large': 'https://randomuser.me/api/portraits/men/40.jpg', 'medium': 'https://randomuser.me/api/portraits/med/men/40.jpg', 'thumbnail': 'https://randomuser.me/api/portraits/thumb/men/40.jpg'}, 'nat': 'NZ'}</msg>
<arg>${json_data['results'][0]}</arg>
<doc>Logs the given message with the given level.</doc>
<status status="PASS" start="2024-06-25T03:16:59.638338" elapsed="0.000413"/>
</kw>
<kw name="Log" owner="BuiltIn">
<msg time="2024-06-25T03:16:59.639169" level="INFO">email</msg>
<arg>${key}</arg>
<doc>Logs the given message with the given level.</doc>
<status status="PASS" start="2024-06-25T03:16:59.639044" elapsed="0.000162"/>
</kw>
<var name="${key}">email</var>
<status status="PASS" start="2024-06-25T03:16:59.637675" elapsed="0.001741"/>
</iter>
<iter>
<kw name="Dictionary Should Contain Key" owner="Collections">
<arg>${json_data['results'][0]}</arg>
<arg>${key}</arg>
<doc>Fails if ``key`` is not found from ``dictionary``.</doc>
<status status="PASS" start="2024-06-25T03:16:59.639697" elapsed="0.000386"/>
</kw>
<kw name="Log" owner="BuiltIn">
<msg time="2024-06-25T03:16:59.640663" level="INFO">{'gender': 'male', 'name': {'title': 'Mr', 'first': 'Archie', 'last': 'Taylor'}, 'location': {'street': {'number': 7472, 'name': 'Karamu Road'}, 'city': 'Whangarei', 'state': 'Auckland', 'country': 'New Zealand', 'postcode': 63814, 'coordinates': {'latitude': '48.5896', 'longitude': '-80.2080'}, 'timezone': {'offset': '+11:00', 'description': 'Magadan, Solomon Islands, New Caledonia'}}, 'email': 'archie.taylor@example.com', 'login': {'uuid': '1bfb6f09-1c2c-44a6-8014-59d6bc1d90a7', 'username': 'beautifulfish399', 'password': '2112', 'salt': 'gWiXsNxd', 'md5': '5740d40231e36ba2f8206354f76ef50f', 'sha1': 'efcfa071cc3663c9c31fff7122698c71635b6c9b', 'sha256': '1f9e249b3aa93bbed822f85ef0ab5437cdb89dd02b290523ad581dc74647a884'}, 'dob': {'date': '1977-03-08T21:32:23.585Z', 'age': 47}, 'registered': {'date': '2019-02-16T16:11:39.957Z', 'age': 5}, 'phone': '(770)-850-6404', 'cell': '(101)-086-6202', 'id': {'name': '', 'value': None}, 'picture': {'large': 'https://randomuser.me/api/portraits/men/40.jpg', 'medium': 'https://randomuser.me/api/portraits/med/men/40.jpg', 'thumbnail': 'https://randomuser.me/api/portraits/thumb/men/40.jpg'}, 'nat': 'NZ'}</msg>
<arg>${json_data['results'][0]}</arg>
<doc>Logs the given message with the given level.</doc>
<status status="PASS" start="2024-06-25T03:16:59.640314" elapsed="0.000395"/>
</kw>
<kw name="Log" owner="BuiltIn">
<msg time="2024-06-25T03:16:59.641133" level="INFO">login</msg>
<arg>${key}</arg>
<doc>Logs the given message with the given level.</doc>
<status status="PASS" start="2024-06-25T03:16:59.641005" elapsed="0.000165"/>
</kw>
<var name="${key}">login</var>
<status status="PASS" start="2024-06-25T03:16:59.639590" elapsed="0.001795"/>
</iter>
<var>${key}</var>
<value>@{expected_keys}</value>
<status status="PASS" start="2024-06-25T03:16:59.631491" elapsed="0.010013"/>
</for>
<kw name="Create List" owner="BuiltIn">
<msg time="2024-06-25T03:16:59.641836" level="INFO">${expected_keysTwo} = ['username', 'password']</msg>
<var>${expected_keysTwo}</var>
<arg>username</arg>
<arg>password</arg>
<doc>Returns a list containing given items.</doc>
<status status="PASS" start="2024-06-25T03:16:59.641695" elapsed="0.000194"/>
</kw>
<for flavor="IN">
<iter>
<kw name="Dictionary Should Contain Key" owner="Collections">
<arg>${json_data['results'][0]['login']}</arg>
<arg>${keyTwo}</arg>
<doc>Fails if ``key`` is not found from ``dictionary``.</doc>
<status status="PASS" start="2024-06-25T03:16:59.642399" elapsed="0.000385"/>
</kw>
<kw name="Dictionary Should Contain Key" owner="Collections">
<arg>${json_data['results'][0]['login']}</arg>
<arg>${keyTwo}</arg>
<doc>Fails if ``key`` is not found from ``dictionary``.</doc>
<status status="PASS" start="2024-06-25T03:16:59.642967" elapsed="0.000364"/>
</kw>
<kw name="Log" owner="BuiltIn">
<msg time="2024-06-25T03:16:59.643623" level="INFO">username</msg>
<arg>${keyTwo}</arg>
<doc>Logs the given message with the given level.</doc>
<status status="PASS" start="2024-06-25T03:16:59.643506" elapsed="0.000154"/>
</kw>
<var name="${keyTwo}">username</var>
<status status="PASS" start="2024-06-25T03:16:59.642293" elapsed="0.001588"/>
</iter>
<iter>
<kw name="Dictionary Should Contain Key" owner="Collections">
<arg>${json_data['results'][0]['login']}</arg>
<arg>${keyTwo}</arg>
<doc>Fails if ``key`` is not found from ``dictionary``.</doc>
<status status="PASS" start="2024-06-25T03:16:59.644151" elapsed="0.000405"/>
</kw>
<kw name="Dictionary Should Contain Key" owner="Collections">
<arg>${json_data['results'][0]['login']}</arg>
<arg>${keyTwo}</arg>
<doc>Fails if ``key`` is not found from ``dictionary``.</doc>
<status status="PASS" start="2024-06-25T03:16:59.644732" elapsed="0.000371"/>
</kw>
<kw name="Log" owner="BuiltIn">
<msg time="2024-06-25T03:16:59.645394" level="INFO">password</msg>
<arg>${keyTwo}</arg>
<doc>Logs the given message with the given level.</doc>
<status status="PASS" start="2024-06-25T03:16:59.645277" elapsed="0.000152"/>
</kw>
<var name="${keyTwo}">password</var>
<status status="PASS" start="2024-06-25T03:16:59.644048" elapsed="0.001698"/>
</iter>
<var>${keyTwo}</var>
<value>@{expected_keysTwo}</value>
<status status="PASS" start="2024-06-25T03:16:59.642135" elapsed="0.003731"/>
</for>
<status status="PASS" start="2024-06-25T03:16:59.525435" elapsed="0.120575"/>
</kw>
<doc>Testa a estrutura da resposta da API.</doc>
<tag>testeEstruturaResposta</tag>
<status status="PASS" start="2024-06-25T03:16:59.524625" elapsed="0.121542"/>
</test>
<test id="s1-s1-t4" name="Validar tipos de dados" line="28">
<kw name="Teste de Tipos de Dados" owner="random-user-service">
<kw name="GET On Session" owner="RequestsLibrary">
<msg time="2024-06-25T03:16:59.747399" level="INFO">GET Request : url=https://randomuser.me/api 
 path_url=/api 
 headers={'User-Agent': 'python-requests/2.32.3', 'Accept-Encoding': 'gzip, deflate', 'Accept': '*/*', 'Connection': 'keep-alive'} 
 body=None 
 </msg>
<msg time="2024-06-25T03:16:59.747505" level="INFO">GET Response : url=https://randomuser.me/api 
 status=200, reason=OK 
 headers={'Date': 'Tue, 25 Jun 2024 03:16:59 GMT', 'Content-Type': 'application/json; charset=utf-8', 'Transfer-Encoding': 'chunked', 'Connection': 'keep-alive', 'X-Powered-By': 'Express', 'Access-Control-Allow-Origin': '*', 'Cache-Control': 'no-cache', 'ETag': 'W/"497-WA/TRkwz1BLE6QknCk4YVmyGYiU"', 'Vary': 'Accept-Encoding', 'Content-Encoding': 'gzip', 'CF-Cache-Status': 'DYNAMIC', 'Report-To': '{"endpoints":[{"url":"https:\\/\\/a.nel.cloudflare.com\\/report\\/v4?s=t7pIz%2BHgmiIM0oeJqxus0fbZoXdayIkvWQ2CJHQwNwOe7uCIBdQrrKNSFzgxy0wuv65fczouhTkJ0C0HjAs6NRv43HGqKNwnDiSDBL0Uk%2BBiY3%2FxBlDkXcFaMVQ6Vz4e"}],"group":"cf-nel","max_age":604800}', 'NEL': '{"success_fraction":0,"report_to":"cf-nel","max_age":604800}', 'Server': 'cloudflare', 'CF-RAY': '8991cd50de56d045-SJC', 'alt-svc': 'h3=":443"; ma=86400'} 
 body={"results":[{"gender":"male","name":{"title":"Mr","first":"Mileta","last":"Subašić"},"location":{"street":{"number":5943,"name":"Marte Jorgović "},"city":"Ljig","state":"Podunavlje","country":"Serbia","postcode":98171,"coordinates":{"latitude":"57.8940","longitude":"-145.5684"},"timezone":{"offset":"-5:00","description":"Eastern Time (US &amp; Canada), Bogota, Lima"}},"email":"mileta.subasic@example.com","login":{"uuid":"7c39778f-eb1f-4dc3-a4e7-a198c31771be","username":"whiteladybug679","password":"donjuan","salt":"4Th0ZVpN","md5":"630fab3f7884a5f5d85e6d5167fdab45","sha1":"65758cb406e2b8b63ad26a49bee1377c4c9945cf","sha256":"7af9934bf25ea071e2912f7c7bafa4a984f545b2ac00917eb039a45b65db31da"},"dob":{"date":"1948-08-23T21:40:57.560Z","age":75},"registered":{"date":"2013-08-25T10:14:59.949Z","age":10},"phone":"031-0441-788","cell":"062-2989-577","id":{"name":"SID","value":"571631926"},"picture":{"large":"https://randomuser.me/api/portraits/men/55.jpg","medium":"https://randomuser.me/api/portraits/med/men/55.jpg","thumbnail":"https://randomuser.me/api/portraits/thumb/men/55.jpg"},"nat":"RS"}],"info":{"seed":"7ec5420f9b553c8c","results":1,"page":1,"version":"1.4"}} 
 </msg>
<msg time="2024-06-25T03:16:59.747582" level="INFO">/opt/hostedtoolcache/Python/3.12.4/x64/lib/python3.12/site-packages/urllib3/connectionpool.py:1099: InsecureRequestWarning: Unverified HTTPS request is being made to host 'randomuser.me'. Adding certificate verification is strongly advised. See: https://urllib3.readthedocs.io/en/latest/advanced-usage.html#tls-warnings
  warnings.warn(</msg>
<msg time="2024-06-25T03:16:59.747700" level="INFO">${response} = &lt;Response [200]&gt;</msg>
<var>${response}</var>
<arg>consultarAPI</arg>
<arg>/api</arg>
<doc>Sends a GET request on a previously created HTTP Session.</doc>
<status status="PASS" start="2024-06-25T03:16:59.648641" elapsed="0.099089"/>
</kw>
<kw name="Set Variable" owner="BuiltIn">
<msg time="2024-06-25T03:16:59.748855" level="INFO">${json_data} = {'results': [{'gender': 'male', 'name': {'title': 'Mr', 'first': 'Mileta', 'last': 'Subašić'}, 'location': {'street': {'number': 5943, 'name': 'Marte Jorgović '}, 'city': 'Ljig', 'state': 'Podunavlje'...</msg>
<var>${json_data}</var>
<arg>${response.json()}</arg>
<doc>Returns the given values which can then be assigned to a variables.</doc>
<status status="PASS" start="2024-06-25T03:16:59.748313" elapsed="0.000572"/>
</kw>
<kw name="Log" owner="BuiltIn">
<msg time="2024-06-25T03:16:59.749353" level="INFO">{'results': [{'gender': 'male', 'name': {'title': 'Mr', 'first': 'Mileta', 'last': 'Subašić'}, 'location': {'street': {'number': 5943, 'name': 'Marte Jorgović '}, 'city': 'Ljig', 'state': 'Podunavlje', 'country': 'Serbia', 'postcode': 98171, 'coordinates': {'latitude': '57.8940', 'longitude': '-145.5684'}, 'timezone': {'offset': '-5:00', 'description': 'Eastern Time (US &amp; Canada), Bogota, Lima'}}, 'email': 'mileta.subasic@example.com', 'login': {'uuid': '7c39778f-eb1f-4dc3-a4e7-a198c31771be', 'username': 'whiteladybug679', 'password': 'donjuan', 'salt': '4Th0ZVpN', 'md5': '630fab3f7884a5f5d85e6d5167fdab45', 'sha1': '65758cb406e2b8b63ad26a49bee1377c4c9945cf', 'sha256': '7af9934bf25ea071e2912f7c7bafa4a984f545b2ac00917eb039a45b65db31da'}, 'dob': {'date': '1948-08-23T21:40:57.560Z', 'age': 75}, 'registered': {'date': '2013-08-25T10:14:59.949Z', 'age': 10}, 'phone': '031-0441-788', 'cell': '062-2989-577', 'id': {'name': 'SID', 'value': '571631926'}, 'picture': {'large': 'https://randomuser.me/api/portraits/men/55.jpg', 'medium': 'https://randomuser.me/api/portraits/med/men/55.jpg', 'thumbnail': 'https://randomuser.me/api/portraits/thumb/men/55.jpg'}, 'nat': 'RS'}], 'info': {'seed': '7ec5420f9b553c8c', 'results': 1, 'page': 1, 'version': '1.4'}}</msg>
<arg>${json_data}</arg>
<doc>Logs the given message with the given level.</doc>
<status status="PASS" start="2024-06-25T03:16:59.749194" elapsed="0.000210"/>
</kw>
<kw name="Should Be String" owner="String">
<arg>${json_data['results'][0]['gender']}</arg>
<doc>Fails if the given ``item`` is not a string.</doc>
<status status="PASS" start="2024-06-25T03:16:59.749694" elapsed="0.000378"/>
</kw>
<kw name="Should Match Regexp" owner="BuiltIn">
<arg>${json_data['results'][0]['email']}</arg>
<arg>^[a-zA-Z0-9._%+-]+@[a-zA-Z0-9.-]+\.[a-zA-Z]{2,}$</arg>
<doc>Fails if ``string`` does not match ``pattern`` as a regular expression.</doc>
<status status="PASS" start="2024-06-25T03:16:59.750264" elapsed="0.000541"/>
</kw>
<kw name="Should Match Regexp" owner="BuiltIn">
<arg>${json_data['results'][0]['dob']['date']}</arg>
<arg>\\d{4}-\\d{2}-\\d{2}T\\d{2}:\\d{2}:\\d{2}\\.\\d{3}Z</arg>
<doc>Fails if ``string`` does not match ``pattern`` as a regular expression.</doc>
<status status="PASS" start="2024-06-25T03:16:59.751038" elapsed="0.000488"/>
</kw>
<kw name="Should Match Regexp" owner="BuiltIn">
<arg>${json_data['results'][0]['registered']['date']}</arg>
<arg>\\d{4}-\\d{2}-\\d{2}T\\d{2}:\\d{2}:\\d{2}\\.\\d{3}Z</arg>
<doc>Fails if ``string`` does not match ``pattern`` as a regular expression.</doc>
<status status="PASS" start="2024-06-25T03:16:59.751713" elapsed="0.000369"/>
</kw>
<kw name="Should Match Regexp" owner="BuiltIn">
<arg>${json_data['results'][0]['picture']['large']}</arg>
<arg>^https?://.*\.(?:png|jpe?g|gif|bmp)$</arg>
<doc>Fails if ``string`` does not match ``pattern`` as a regular expression.</doc>
<status status="PASS" start="2024-06-25T03:16:59.752309" elapsed="0.000464"/>
</kw>
<kw name="Should Match Regexp" owner="BuiltIn">
<arg>${json_data['results'][0]['picture']['medium']}</arg>
<arg>^https?://.*\.(?:png|jpe?g|gif|bmp)$</arg>
<doc>Fails if ``string`` does not match ``pattern`` as a regular expression.</doc>
<status status="PASS" start="2024-06-25T03:16:59.752960" elapsed="0.000355"/>
</kw>
<kw name="Should Match Regexp" owner="BuiltIn">
<arg>${json_data['results'][0]['picture']['thumbnail']}</arg>
<arg>^https?://.*\.(?:png|jpe?g|gif|bmp)$</arg>
<doc>Fails if ``string`` does not match ``pattern`` as a regular expression.</doc>
<status status="PASS" start="2024-06-25T03:16:59.753496" elapsed="0.000345"/>
</kw>
<kw name="Log" owner="BuiltIn">
<msg time="2024-06-25T03:16:59.754338" level="INFO">{'large': 'https://randomuser.me/api/portraits/men/55.jpg', 'medium': 'https://randomuser.me/api/portraits/med/men/55.jpg', 'thumbnail': 'https://randomuser.me/api/portraits/thumb/men/55.jpg'}</msg>
<arg>${json_data['results'][0]['picture']}</arg>
<doc>Logs the given message with the given level.</doc>
<status status="PASS" start="2024-06-25T03:16:59.754020" elapsed="0.000362"/>
</kw>
<status status="PASS" start="2024-06-25T03:16:59.648415" elapsed="0.106226"/>
</kw>
<kw name="Teste de Tipos de Dados - Postcode" owner="random-user-service">
<kw name="GET On Session" owner="RequestsLibrary">
<msg time="2024-06-25T03:16:59.848801" level="INFO">GET Request : url=https://randomuser.me/api 
 path_url=/api 
 headers={'User-Agent': 'python-requests/2.32.3', 'Accept-Encoding': 'gzip, deflate', 'Accept': '*/*', 'Connection': 'keep-alive'} 
 body=None 
 </msg>
<msg time="2024-06-25T03:16:59.848899" level="INFO">GET Response : url=https://randomuser.me/api 
 status=200, reason=OK 
 headers={'Date': 'Tue, 25 Jun 2024 03:16:59 GMT', 'Content-Type': 'application/json; charset=utf-8', 'Transfer-Encoding': 'chunked', 'Connection': 'keep-alive', 'X-Powered-By': 'Express', 'Access-Control-Allow-Origin': '*', 'Cache-Control': 'no-cache', 'ETag': 'W/"4a1-E7AGrwpeL67kUc/RSLu3W/ECqcE"', 'Vary': 'Accept-Encoding', 'Content-Encoding': 'gzip', 'CF-Cache-Status': 'DYNAMIC', 'Report-To': '{"endpoints":[{"url":"https:\\/\\/a.nel.cloudflare.com\\/report\\/v4?s=416OY8y5%2BjIPnzVOw9ZmceXZ%2FJXZ2XIU1ibzQqvAnO9zEb4FESPV72dqGCNvek1CYHxAUW1VENwFfRoWLRfQn7KHNJYUaukHu6%2BygQ%2FO3aGQ15u1IL8Lqq6tHxHI0lhL"}],"group":"cf-nel","max_age":604800}', 'NEL': '{"success_fraction":0,"report_to":"cf-nel","max_age":604800}', 'Server': 'cloudflare', 'CF-RAY': '8991cd517ed0d045-SJC', 'alt-svc': 'h3=":443"; ma=86400'} 
 body={"results":[{"gender":"male","name":{"title":"Mr","first":"Sergio","last":"Fields"},"location":{"street":{"number":1724,"name":"Westheimer Rd"},"city":"Des Moines","state":"Maryland","country":"United States","postcode":93151,"coordinates":{"latitude":"87.2264","longitude":"-48.5140"},"timezone":{"offset":"0:00","description":"Western Europe Time, London, Lisbon, Casablanca"}},"email":"sergio.fields@example.com","login":{"uuid":"d372f36e-c1be-4e10-9be0-0403a80db91a","username":"tinybear125","password":"puffer","salt":"VhU46faw","md5":"6d8014cef3ce0a8073b9e2ff574d8375","sha1":"6ea6110c608f351c46ac9787a97d5d385d9763a6","sha256":"e5d098ba109f110e08b8623e32b02e22fbf92f5ae836813f446a64bc9a1fa803"},"dob":{"date":"1961-05-23T15:22:41.111Z","age":63},"registered":{"date":"2002-03-30T07:32:55.554Z","age":22},"phone":"(750) 866-0695","cell":"(869) 392-9193","id":{"name":"SSN","value":"835-18-0835"},"picture":{"large":"https://randomuser.me/api/portraits/men/23.jpg","medium":"https://randomuser.me/api/portraits/med/men/23.jpg","thumbnail":"https://randomuser.me/api/portraits/thumb/men/23.jpg"},"nat":"US"}],"info":{"seed":"d52b9a95cc46ebab","results":1,"page":1,"version":"1.4"}} 
 </msg>
<msg time="2024-06-25T03:16:59.848972" level="INFO">/opt/hostedtoolcache/Python/3.12.4/x64/lib/python3.12/site-packages/urllib3/connectionpool.py:1099: InsecureRequestWarning: Unverified HTTPS request is being made to host 'randomuser.me'. Adding certificate verification is strongly advised. See: https://urllib3.readthedocs.io/en/latest/advanced-usage.html#tls-warnings
  warnings.warn(</msg>
<msg time="2024-06-25T03:16:59.849093" level="INFO">${response} = &lt;Response [200]&gt;</msg>
<var>${response}</var>
<arg>consultarAPI</arg>
<arg>/api</arg>
<doc>Sends a GET request on a previously created HTTP Session.</doc>
<status status="PASS" start="2024-06-25T03:16:59.755102" elapsed="0.094022"/>
</kw>
<kw name="Set Variable" owner="BuiltIn">
<msg time="2024-06-25T03:16:59.850190" level="INFO">${json_data} = {'results': [{'gender': 'male', 'name': {'title': 'Mr', 'first': 'Sergio', 'last': 'Fields'}, 'location': {'street': {'number': 1724, 'name': 'Westheimer Rd'}, 'city': 'Des Moines', 'state': 'Maryland...</msg>
<var>${json_data}</var>
<arg>${response.json()}</arg>
<doc>Returns the given values which can then be assigned to a variables.</doc>
<status status="PASS" start="2024-06-25T03:16:59.849667" elapsed="0.000552"/>
</kw>
<kw name="Log" owner="BuiltIn">
<msg time="2024-06-25T03:16:59.850682" level="INFO">{'results': [{'gender': 'male', 'name': {'title': 'Mr', 'first': 'Sergio', 'last': 'Fields'}, 'location': {'street': {'number': 1724, 'name': 'Westheimer Rd'}, 'city': 'Des Moines', 'state': 'Maryland', 'country': 'United States', 'postcode': 93151, 'coordinates': {'latitude': '87.2264', 'longitude': '-48.5140'}, 'timezone': {'offset': '0:00', 'description': 'Western Europe Time, London, Lisbon, Casablanca'}}, 'email': 'sergio.fields@example.com', 'login': {'uuid': 'd372f36e-c1be-4e10-9be0-0403a80db91a', 'username': 'tinybear125', 'password': 'puffer', 'salt': 'VhU46faw', 'md5': '6d8014cef3ce0a8073b9e2ff574d8375', 'sha1': '6ea6110c608f351c46ac9787a97d5d385d9763a6', 'sha256': 'e5d098ba109f110e08b8623e32b02e22fbf92f5ae836813f446a64bc9a1fa803'}, 'dob': {'date': '1961-05-23T15:22:41.111Z', 'age': 63}, 'registered': {'date': '2002-03-30T07:32:55.554Z', 'age': 22}, 'phone': '(750) 866-0695', 'cell': '(869) 392-9193', 'id': {'name': 'SSN', 'value': '835-18-0835'}, 'picture': {'large': 'https://randomuser.me/api/portraits/men/23.jpg', 'medium': 'https://randomuser.me/api/portraits/med/men/23.jpg', 'thumbnail': 'https://randomuser.me/api/portraits/thumb/men/23.jpg'}, 'nat': 'US'}], 'info': {'seed': 'd52b9a95cc46ebab', 'results': 1, 'page': 1, 'version': '1.4'}}</msg>
<arg>${json_data}</arg>
<doc>Logs the given message with the given level.</doc>
<status status="PASS" start="2024-06-25T03:16:59.850526" elapsed="0.000206"/>
</kw>
<kw name="Should Be Equal As Numbers" owner="BuiltIn">
<arg>${json_data['results'][0]['location']['postcode']}</arg>
<arg>${json_data['results'][0]['location']['postcode']}</arg>
<doc>Fails if objects are unequal after converting them to real numbers.</doc>
<status status="PASS" start="2024-06-25T03:16:59.851029" elapsed="0.000622"/>
</kw>
<kw name="Log" owner="BuiltIn">
<msg time="2024-06-25T03:16:59.852404" level="INFO">93151</msg>
<arg>${json_data['results'][0]['location']['postcode']}</arg>
<doc>Logs the given message with the given level.</doc>
<status status="PASS" start="2024-06-25T03:16:59.851841" elapsed="0.000641"/>
</kw>
<status status="PASS" start="2024-06-25T03:16:59.754870" elapsed="0.097874"/>
</kw>
<doc>Testa se os tipos de dados na resposta da API estão corretos.</doc>
<tag>testeTiposDados</tag>
<status status="PASS" start="2024-06-25T03:16:59.647913" elapsed="0.205000"/>
</test>
<test id="s1-s1-t5" name="Validar conteudo" line="35">
<kw name="Teste de Tipos de Conteudo" owner="random-user-service">
<kw name="GET On Session" owner="RequestsLibrary">
<msg time="2024-06-25T03:16:59.955106" level="INFO">GET Request : url=https://randomuser.me/api 
 path_url=/api 
 headers={'User-Agent': 'python-requests/2.32.3', 'Accept-Encoding': 'gzip, deflate', 'Accept': '*/*', 'Connection': 'keep-alive'} 
 body=None 
 </msg>
<msg time="2024-06-25T03:16:59.955203" level="INFO">GET Response : url=https://randomuser.me/api 
 status=200, reason=OK 
 headers={'Date': 'Tue, 25 Jun 2024 03:16:59 GMT', 'Content-Type': 'application/json; charset=utf-8', 'Transfer-Encoding': 'chunked', 'Connection': 'keep-alive', 'X-Powered-By': 'Express', 'Access-Control-Allow-Origin': '*', 'Cache-Control': 'no-cache', 'ETag': 'W/"4a1-cGxjg8vbDIzMWDSUY6xiJgW4FCU"', 'Vary': 'Accept-Encoding', 'Content-Encoding': 'gzip', 'CF-Cache-Status': 'DYNAMIC', 'Report-To': '{"endpoints":[{"url":"https:\\/\\/a.nel.cloudflare.com\\/report\\/v4?s=%2FN2zbWZOIMD1QWMCCwGGUTLnos%2F4lrGPSru1Fv6SDqCwfmf6h3PDNbZuLTeQhca5XQp9q7dWR6YCjySmFLjJh1eDfXNJn0plwg8PJZcWT9eh9l5MjDfnAh0G83%2BOnPx2"}],"group":"cf-nel","max_age":604800}', 'NEL': '{"success_fraction":0,"report_to":"cf-nel","max_age":604800}', 'Server': 'cloudflare', 'CF-RAY': '8991cd521f3ed045-SJC', 'alt-svc': 'h3=":443"; ma=86400'} 
 body={"results":[{"gender":"female","name":{"title":"Miss","first":"Iida","last":"Mantyla"},"location":{"street":{"number":8428,"name":"Mannerheimintie"},"city":"Geta","state":"Northern Ostrobothnia","country":"Finland","postcode":78267,"coordinates":{"latitude":"-25.8974","longitude":"1.5282"},"timezone":{"offset":"+10:00","description":"Eastern Australia, Guam, Vladivostok"}},"email":"iida.mantyla@example.com","login":{"uuid":"593fd606-c8ae-4866-915b-81091b61e500","username":"sadlion210","password":"extreme","salt":"HN6Hyzth","md5":"95f7fbdeb61ec426f4d1d7cb6c86ea98","sha1":"f1be7521b2c32cd26c8cf170141fabcc41a5201e","sha256":"afb386058506ebbfb00e015e3f8e565731e9850fb983a7f3210fce3548a38428"},"dob":{"date":"1945-12-24T10:15:30.626Z","age":78},"registered":{"date":"2013-09-19T12:24:11.239Z","age":10},"phone":"07-419-300","cell":"041-857-28-84","id":{"name":"HETU","value":"NaNNA322undefined"},"picture":{"large":"https://randomuser.me/api/portraits/women/7.jpg","medium":"https://randomuser.me/api/portraits/med/women/7.jpg","thumbnail":"https://randomuser.me/api/portraits/thumb/women/7.jpg"},"nat":"FI"}],"info":{"seed":"9d7eeac654163a77","results":1,"page":1,"version":"1.4"}} 
 </msg>
<msg time="2024-06-25T03:16:59.955272" level="INFO">/opt/hostedtoolcache/Python/3.12.4/x64/lib/python3.12/site-packages/urllib3/connectionpool.py:1099: InsecureRequestWarning: Unverified HTTPS request is being made to host 'randomuser.me'. Adding certificate verification is strongly advised. See: https://urllib3.readthedocs.io/en/latest/advanced-usage.html#tls-warnings
  warnings.warn(</msg>
<msg time="2024-06-25T03:16:59.955387" level="INFO">${response} = &lt;Response [200]&gt;</msg>
<var>${response}</var>
<arg>consultarAPI</arg>
<arg>/api</arg>
<doc>Sends a GET request on a previously created HTTP Session.</doc>
<status status="PASS" start="2024-06-25T03:16:59.855353" elapsed="0.100069"/>
</kw>
<kw name="Set Variable" owner="BuiltIn">
<msg time="2024-06-25T03:16:59.956493" level="INFO">${json_data} = {'results': [{'gender': 'female', 'name': {'title': 'Miss', 'first': 'Iida', 'last': 'Mantyla'}, 'location': {'street': {'number': 8428, 'name': 'Mannerheimintie'}, 'city': 'Geta', 'state': 'Northern ...</msg>
<var>${json_data}</var>
<arg>${response.json()}</arg>
<doc>Returns the given values which can then be assigned to a variables.</doc>
<status status="PASS" start="2024-06-25T03:16:59.955940" elapsed="0.000583"/>
</kw>
<kw name="Set Variable" owner="BuiltIn">
<msg time="2024-06-25T03:16:59.957210" level="INFO">${name_title} = Miss</msg>
<var>${name_title}</var>
<arg>${json_data["results"][0]["name"]["title"]}</arg>
<doc>Returns the given values which can then be assigned to a variables.</doc>
<status status="PASS" start="2024-06-25T03:16:59.956828" elapsed="0.000407"/>
</kw>
<kw name="Create List" owner="BuiltIn">
<msg time="2024-06-25T03:16:59.957676" level="INFO">${allowed_titles} = ['Mr', 'Ms', 'Miss', 'Mrs', 'Madame', 'Monsieur']</msg>
<var>${allowed_titles}</var>
<arg>Mr</arg>
<arg>Ms</arg>
<arg>Miss</arg>
<arg>Mrs</arg>
<arg>Madame</arg>
<arg>Monsieur</arg>
<doc>Returns a list containing given items.</doc>
<status status="PASS" start="2024-06-25T03:16:59.957530" elapsed="0.000170"/>
</kw>
<kw name="List Should Contain Value" owner="Collections">
<arg>${allowed_titles}</arg>
<arg>${name_title}</arg>
<doc>Fails if the ``value`` is not found from ``list``.</doc>
<status status="PASS" start="2024-06-25T03:16:59.958002" elapsed="0.000176"/>
</kw>
<kw name="Set Variable" owner="BuiltIn">
<msg time="2024-06-25T03:16:59.958727" level="INFO">${name_country} = FI</msg>
<var>${name_country}</var>
<arg>${json_data["results"][0]["nat"]}</arg>
<doc>Returns the given values which can then be assigned to a variables.</doc>
<status status="PASS" start="2024-06-25T03:16:59.958359" elapsed="0.000393"/>
</kw>
<kw name="Create List" owner="BuiltIn">
<msg time="2024-06-25T03:16:59.959651" level="INFO">${list_country} = ['AD', 'AE', 'AF', 'AG', 'AI', 'AL', 'AM', 'AO', 'AQ', 'AR', 'AS', 'AT', 'AU', 'AW', 'AX', 'AZ', 'BA', 'BB', 'BD', 'BE', 'BF', 'BG', 'BH', 'BI', 'BJ', 'BL', 'BM', 'BN', 'BO', 'BQ', 'BR', 'BS', 'BT', '...</msg>
<var>${list_country}</var>
<arg>AD</arg>
<arg>AE</arg>
<arg>AF</arg>
<arg>AG</arg>
<arg>AI</arg>
<arg>AL</arg>
<arg>AM</arg>
<arg>AO</arg>
<arg>AQ</arg>
<arg>AR</arg>
<arg>AS</arg>
<arg>AT</arg>
<arg>AU</arg>
<arg>AW</arg>
<arg>AX</arg>
<arg>AZ</arg>
<arg>BA</arg>
<arg>BB</arg>
<arg>BD</arg>
<arg>BE</arg>
<arg>BF</arg>
<arg>BG</arg>
<arg>BH</arg>
<arg>BI</arg>
<arg>BJ</arg>
<arg>BL</arg>
<arg>BM</arg>
<arg>BN</arg>
<arg>BO</arg>
<arg>BQ</arg>
<arg>BR</arg>
<arg>BS</arg>
<arg>BT</arg>
<arg>BV</arg>
<arg>BW</arg>
<arg>BY</arg>
<arg>BZ</arg>
<arg>CA</arg>
<arg>CC</arg>
<arg>CD</arg>
<arg>CF</arg>
<arg>CG</arg>
<arg>CH</arg>
<arg>CI</arg>
<arg>CK</arg>
<arg>CL</arg>
<arg>CM</arg>
<arg>CN</arg>
<arg>CO</arg>
<arg>CR</arg>
<arg>CU</arg>
<arg>CV</arg>
<arg>CW</arg>
<arg>CX</arg>
<arg>CY</arg>
<arg>CZ</arg>
<arg>DE</arg>
<arg>DJ</arg>
<arg>DK</arg>
<arg>DM</arg>
<arg>DO</arg>
<arg>DZ</arg>
<arg>EC</arg>
<arg>EE</arg>
<arg>EG</arg>
<arg>EH</arg>
<arg>ER</arg>
<arg>ES</arg>
<arg>ET</arg>
<arg>FI</arg>
<arg>FJ</arg>
<arg>FK</arg>
<arg>FM</arg>
<arg>FO</arg>
<arg>FR</arg>
<arg>GA</arg>
<arg>GB</arg>
<arg>GD</arg>
<arg>GE</arg>
<arg>GF</arg>
<arg>GG</arg>
<arg>GH</arg>
<arg>GI</arg>
<arg>GL</arg>
<arg>GM</arg>
<arg>GN</arg>
<arg>GP</arg>
<arg>GQ</arg>
<arg>GR</arg>
<arg>GS</arg>
<arg>GT</arg>
<arg>GU</arg>
<arg>GW</arg>
<arg>GY</arg>
<arg>HK</arg>
<arg>HM</arg>
<arg>HN</arg>
<arg>HR</arg>
<arg>HT</arg>
<arg>HU</arg>
<arg>ID</arg>
<arg>IE</arg>
<arg>IL</arg>
<arg>IM</arg>
<arg>IN</arg>
<arg>IO</arg>
<arg>IQ</arg>
<arg>IR</arg>
<arg>IS</arg>
<arg>IT</arg>
<arg>JE</arg>
<arg>JM</arg>
<arg>JO</arg>
<arg>JP</arg>
<arg>KE</arg>
<arg>KG</arg>
<arg>KH</arg>
<arg>KI</arg>
<arg>KM</arg>
<arg>KN</arg>
<arg>KP</arg>
<arg>KR</arg>
<arg>KW</arg>
<arg>KY</arg>
<arg>KZ</arg>
<arg>LA</arg>
<arg>LB</arg>
<arg>LC</arg>
<arg>LI</arg>
<arg>LK</arg>
<arg>LR</arg>
<arg>LS</arg>
<arg>LT</arg>
<arg>LU</arg>
<arg>LV</arg>
<arg>LY</arg>
<arg>MA</arg>
<arg>MC</arg>
<arg>MD</arg>
<arg>ME</arg>
<arg>MF</arg>
<arg>MG</arg>
<arg>MH</arg>
<arg>MK</arg>
<arg>ML</arg>
<arg>MM</arg>
<arg>MN</arg>
<arg>MO</arg>
<arg>MP</arg>
<arg>MQ</arg>
<arg>MR</arg>
<arg>MS</arg>
<arg>MT</arg>
<arg>MU</arg>
<arg>MV</arg>
<arg>MW</arg>
<arg>MX</arg>
<arg>MY</arg>
<arg>MZ</arg>
<arg>NA</arg>
<arg>NC</arg>
<arg>NE</arg>
<arg>NF</arg>
<arg>NG</arg>
<arg>NI</arg>
<arg>NL</arg>
<arg>NO</arg>
<arg>NP</arg>
<arg>NR</arg>
<arg>NU</arg>
<arg>NZ</arg>
<arg>OM</arg>
<arg>PA</arg>
<arg>PE</arg>
<arg>PF</arg>
<arg>PG</arg>
<arg>PH</arg>
<arg>PK</arg>
<arg>PL</arg>
<arg>PM</arg>
<arg>PN</arg>
<arg>PR</arg>
<arg>PS</arg>
<arg>PT</arg>
<arg>PW</arg>
<arg>PY</arg>
<arg>QA</arg>
<arg>RE</arg>
<arg>RO</arg>
<arg>RS</arg>
<arg>RU</arg>
<arg>RW</arg>
<arg>SA</arg>
<arg>SB</arg>
<arg>SC</arg>
<arg>SD</arg>
<arg>SE</arg>
<arg>SG</arg>
<arg>SH</arg>
<arg>SI</arg>
<arg>SJ</arg>
<arg>SK</arg>
<arg>SL</arg>
<arg>SM</arg>
<arg>SN</arg>
<arg>SO</arg>
<arg>SR</arg>
<arg>SS</arg>
<arg>ST</arg>
<arg>SV</arg>
<arg>SX</arg>
<arg>SY</arg>
<arg>SZ</arg>
<arg>TC</arg>
<arg>TD</arg>
<arg>TF</arg>
<arg>TG</arg>
<arg>TH</arg>
<arg>TJ</arg>
<arg>TK</arg>
<arg>TL</arg>
<arg>TM</arg>
<arg>TN</arg>
<arg>TO</arg>
<arg>TR</arg>
<arg>TT</arg>
<arg>TV</arg>
<arg>TW</arg>
<arg>TZ</arg>
<arg>UA</arg>
<arg>UG</arg>
<arg>UM</arg>
<arg>US</arg>
<arg>UY</arg>
<arg>UZ</arg>
<arg>VA</arg>
<arg>VC</arg>
<arg>VE</arg>
<arg>VG</arg>
<arg>VI</arg>
<arg>VN</arg>
<arg>VU</arg>
<arg>WF</arg>
<arg>WS</arg>
<arg>XK</arg>
<arg>YE</arg>
<arg>YT</arg>
<arg>ZA</arg>
<arg>ZM</arg>
<arg>ZW</arg>
<doc>Returns a list containing given items.</doc>
<status status="PASS" start="2024-06-25T03:16:59.959047" elapsed="0.000629"/>
</kw>
<kw name="List Should Contain Value" owner="Collections">
<arg>${list_country}</arg>
<arg>${name_country}</arg>
<doc>Fails if the ``value`` is not found from ``list``.</doc>
<status status="PASS" start="2024-06-25T03:16:59.960493" elapsed="0.000201"/>
</kw>
<kw name="Run Keyword If" owner="BuiltIn">
<kw name="Should Be True" owner="BuiltIn">
<arg>${True}</arg>
<doc>Fails if the given condition is not true.</doc>
<status status="PASS" start="2024-06-25T03:16:59.961640" elapsed="0.000141"/>
</kw>
<arg>${json_data["results"][0]["location"]["coordinates"]["latitude"]} &gt;= -90 and ${json_data["results"][0]["location"]["coordinates"]["latitude"]} &lt;= 90</arg>
<arg>Should Be True</arg>
<arg>${True}</arg>
<doc>Runs the given keyword with the given arguments, if ``condition`` is true.</doc>
<status status="PASS" start="2024-06-25T03:16:59.960893" elapsed="0.001011"/>
</kw>
<kw name="Run Keyword If" owner="BuiltIn">
<kw name="Should Be True" owner="BuiltIn">
<arg>${True}</arg>
<doc>Fails if the given condition is not true.</doc>
<status status="PASS" start="2024-06-25T03:16:59.962770" elapsed="0.000245"/>
</kw>
<arg>${json_data["results"][0]["location"]["coordinates"]["longitude"]} &gt;= -180 and ${json_data["results"][0]["location"]["coordinates"]["longitude"]} &lt;= 180</arg>
<arg>Should Be True</arg>
<arg>${True}</arg>
<doc>Runs the given keyword with the given arguments, if ``condition`` is true.</doc>
<status status="PASS" start="2024-06-25T03:16:59.962079" elapsed="0.001064"/>
</kw>
<status status="PASS" start="2024-06-25T03:16:59.855128" elapsed="0.108147"/>
</kw>
<doc>Testa o conteúdo específico dos campos retornados pela API.</doc>
<tag>testeConteudo</tag>
<status status="PASS" start="2024-06-25T03:16:59.854660" elapsed="0.108765"/>
</test>
<status status="PASS" start="2024-06-25T03:16:58.993739" elapsed="0.971659"/>
</suite>
<status status="PASS" start="2024-06-25T03:16:58.979410" elapsed="0.991085"/>
</suite>
<statistics>
<total>
<stat pass="5" fail="0" skip="0">All Tests</stat>
</total>
<tag>
<stat pass="1" fail="0" skip="0">testeConteudo</stat>
<stat pass="1" fail="0" skip="0">testeEstruturaResposta</stat>
<stat pass="1" fail="0" skip="0">testeRequisicaoBasica</stat>
<stat pass="1" fail="0" skip="0">testeTiposDados</stat>
</tag>
<suite>
<stat pass="5" fail="0" skip="0" id="s1" name="Tests">Tests</stat>
<stat pass="5" fail="0" skip="0" id="s1-s1" name="Random-User-Test">Tests.Random-User-Test</stat>
</suite>
</statistics>
<errors>
</errors>
</robot>
