<?xml version="1.0" encoding="UTF-8"?>
<robot generator="Robot 7.0 (Python 3.12.3 on linux)" generated="2024-05-09T11:12:35.804881" rpa="false" schemaversion="5">
<suite id="s1" name="Tests" source="/home/runner/work/DesafioQAItauRogerioJordao/DesafioQAItauRogerioJordao/RamdonUser/tests">
<suite id="s1-s1" name="Random-User-Test" source="/home/runner/work/DesafioQAItauRogerioJordao/DesafioQAItauRogerioJordao/RamdonUser/tests/random-user-test.robot">
<test id="s1-s1-t1" name="Conectar" line="13">
<kw name="Conectar API" owner="random-user-service">
<kw name="Create Session" owner="RequestsLibrary">
<msg time="2024-05-09T11:12:36.168075" level="INFO">Creating Session using : alias=consultarAPI, url=https://randomuser.me/, headers={},                     cookies={}, auth=None, timeout=None, proxies=None, verify=False,                     debug=0 </msg>
<arg>consultarAPI</arg>
<arg>${URL}</arg>
<doc>Create Session: create a HTTP session to a server</doc>
<status status="PASS" start="2024-05-09T11:12:36.167865" elapsed="0.000402"/>
</kw>
<status status="PASS" start="2024-05-09T11:12:36.166875" elapsed="0.001789"/>
</kw>
<status status="PASS" start="2024-05-09T11:12:36.166323" elapsed="0.002538"/>
</test>
<test id="s1-s1-t2" name="Validar retorno 200 e JSON Válido" line="16">
<kw name="Teste de Requisicao Basica" owner="random-user-service">
<kw name="GET On Session" owner="RequestsLibrary">
<msg time="2024-05-09T11:12:36.368419" level="INFO">GET Request : url=https://randomuser.me/api 
 path_url=/api 
 headers={'User-Agent': 'python-requests/2.31.0', 'Accept-Encoding': 'gzip, deflate', 'Accept': '*/*', 'Connection': 'keep-alive'} 
 body=None 
 </msg>
<msg time="2024-05-09T11:12:36.368615" level="INFO">GET Response : url=https://randomuser.me/api 
 status=200, reason=OK 
 headers={'Date': 'Thu, 09 May 2024 11:12:36 GMT', 'Content-Type': 'application/json; charset=utf-8', 'Transfer-Encoding': 'chunked', 'Connection': 'keep-alive', 'X-Powered-By': 'Express', 'Access-Control-Allow-Origin': '*', 'Cache-Control': 'no-cache', 'ETag': 'W/"493-BqBnFhrumXT7Lf/ZUwAvQ+k++xQ"', 'Vary': 'Accept-Encoding', 'Content-Encoding': 'gzip', 'CF-Cache-Status': 'DYNAMIC', 'Report-To': '{"endpoints":[{"url":"https:\\/\\/a.nel.cloudflare.com\\/report\\/v4?s=pKd3U9WSLgPbjKUXiIUEAwyOpcmXbF76PoIb3a7nCFhIF%2BKYvVa%2FJFu4GJhxbt3px9Xu6zMbcON13O73T%2BaeCQ5NNCaI47I7KsMzV5ruG2VZaj%2Bwwm2OaobvM1GeWWGC"}],"group":"cf-nel","max_age":604800}', 'NEL': '{"success_fraction":0,"report_to":"cf-nel","max_age":604800}', 'Server': 'cloudflare', 'CF-RAY': '881141625a0a0249-ORD', 'alt-svc': 'h3=":443"; ma=86400'} 
 body={"results":[{"gender":"male","name":{"title":"Mr","first":"Peetu","last":"Nikula"},"location":{"street":{"number":8769,"name":"Fredrikinkatu"},"city":"Eura","state":"Tavastia Proper","country":"Finland","postcode":88560,"coordinates":{"latitude":"-23.0224","longitude":"-95.3502"},"timezone":{"offset":"+1:00","description":"Brussels, Copenhagen, Madrid, Paris"}},"email":"peetu.nikula@example.com","login":{"uuid":"ca7e20dd-c679-40ee-886e-563b6bd58f07","username":"greenwolf386","password":"lololo","salt":"VyCJd54X","md5":"5bf217b0fc39252e4e46903e09cd4f98","sha1":"77bf2636d672d6cfa529e7f54f6e8ebf7e46608a","sha256":"ad7958d5862255309df296ea2835434dc6b9a76a9e3b3587e25f199e64113ea6"},"dob":{"date":"1966-06-15T07:51:16.218Z","age":57},"registered":{"date":"2006-04-12T06:20:20.814Z","age":18},"phone":"05-683-590","cell":"044-471-30-37","id":{"name":"HETU","value":"NaNNA735undefined"},"picture":{"large":"https://randomuser.me/api/portraits/men/73.jpg","medium":"https://randomuser.me/api/portraits/med/men/73.jpg","thumbnail":"https://randomuser.me/api/portraits/thumb/men/73.jpg"},"nat":"FI"}],"info":{"seed":"4bebdf67c90b6f28","results":1,"page":1,"version":"1.4"}} 
 </msg>
<msg time="2024-05-09T11:12:36.368715" level="INFO">/opt/hostedtoolcache/Python/3.12.3/x64/lib/python3.12/site-packages/urllib3/connectionpool.py:1103: InsecureRequestWarning: Unverified HTTPS request is being made to host 'randomuser.me'. Adding certificate verification is strongly advised. See: https://urllib3.readthedocs.io/en/latest/advanced-usage.html#tls-warnings
  warnings.warn(</msg>
<msg time="2024-05-09T11:12:36.368883" level="INFO">${response} = &lt;Response [200]&gt;</msg>
<var>${response}</var>
<arg>consultarAPI</arg>
<arg>/api</arg>
<doc>Sends a GET request on a previously created HTTP Session.</doc>
<status status="PASS" start="2024-05-09T11:12:36.171511" elapsed="0.197426"/>
</kw>
<kw name="Should Be Equal As Numbers" owner="BuiltIn">
<msg time="2024-05-09T11:12:36.369974" level="INFO">Argument types are:
&lt;class 'int'&gt;
&lt;class 'str'&gt;</msg>
<arg>${response.status_code}</arg>
<arg>200</arg>
<doc>Fails if objects are unequal after converting them to real numbers.</doc>
<status status="PASS" start="2024-05-09T11:12:36.369508" elapsed="0.000531"/>
</kw>
<kw name="Log" owner="BuiltIn">
<msg time="2024-05-09T11:12:36.370728" level="INFO">200</msg>
<arg>${response.status_code}</arg>
<doc>Logs the given message with the given level.</doc>
<status status="PASS" start="2024-05-09T11:12:36.370373" elapsed="0.000395"/>
</kw>
<kw name="Set Variable" owner="BuiltIn">
<msg time="2024-05-09T11:12:36.371491" level="INFO">${json_data} = {'results': [{'gender': 'male', 'name': {'title': 'Mr', 'first': 'Peetu', 'last': 'Nikula'}, 'location': {'street': {'number': 8769, 'name': 'Fredrikinkatu'}, 'city': 'Eura', 'state': 'Tavastia Proper...</msg>
<var>${json_data}</var>
<arg>${response.json()}</arg>
<doc>Returns the given values which can then be assigned to a variables.</doc>
<status status="PASS" start="2024-05-09T11:12:36.371065" elapsed="0.000453"/>
</kw>
<kw name="Dictionary Should Contain Key" owner="Collections">
<msg time="2024-05-09T11:12:36.371983" level="INFO">False</msg>
<arg>${json_data}</arg>
<arg>results</arg>
<doc>Fails if ``key`` is not found from ``dictionary``.</doc>
<status status="PASS" start="2024-05-09T11:12:36.371811" elapsed="0.000212"/>
</kw>
<status status="PASS" start="2024-05-09T11:12:36.171224" elapsed="0.201050"/>
</kw>
<doc>Testa se a API responde corretamente e retorna um objeto JSON válido.</doc>
<tag>testeRequisicaoBasica</tag>
<status status="PASS" start="2024-05-09T11:12:36.170753" elapsed="0.201698"/>
</test>
<test id="s1-s1-t3" name="Validar estrutura de resposta" line="22">
<kw name="Teste de Estrutura de Resposta" owner="random-user-service">
<kw name="GET On Session" owner="RequestsLibrary">
<msg time="2024-05-09T11:12:36.535437" level="INFO">GET Request : url=https://randomuser.me/api 
 path_url=/api 
 headers={'User-Agent': 'python-requests/2.31.0', 'Accept-Encoding': 'gzip, deflate', 'Accept': '*/*', 'Connection': 'keep-alive'} 
 body=None 
 </msg>
<msg time="2024-05-09T11:12:36.535530" level="INFO">GET Response : url=https://randomuser.me/api 
 status=200, reason=OK 
 headers={'Date': 'Thu, 09 May 2024 11:12:36 GMT', 'Content-Type': 'application/json; charset=utf-8', 'Transfer-Encoding': 'chunked', 'Connection': 'keep-alive', 'X-Powered-By': 'Express', 'Access-Control-Allow-Origin': '*', 'Cache-Control': 'no-cache', 'ETag': 'W/"493-VVgN1f7CTlJcI7a8wXH1VZYr6GM"', 'Vary': 'Accept-Encoding', 'Content-Encoding': 'gzip', 'CF-Cache-Status': 'DYNAMIC', 'Report-To': '{"endpoints":[{"url":"https:\\/\\/a.nel.cloudflare.com\\/report\\/v4?s=QdLCcZNTXzJNmQUciMozpGrEIreVOJ4d06whDCGgtfDdNUyWG5FrNsBAFlcqArWfwsEEi4wTNC8bx5S7cJDaK9xqQvN%2FfytV7Yl9IgA8dgaBLdSXt2CyjAlWl49icUj2"}],"group":"cf-nel","max_age":604800}', 'NEL': '{"success_fraction":0,"report_to":"cf-nel","max_age":604800}', 'Server': 'cloudflare', 'CF-RAY': '881141635b460249-ORD', 'alt-svc': 'h3=":443"; ma=86400'} 
 body={"results":[{"gender":"female","name":{"title":"Miss","first":"Kamila","last":"Pedersen"},"location":{"street":{"number":3787,"name":"Rommibakken"},"city":"Steinkjer","state":"Description","country":"Norway","postcode":"4402","coordinates":{"latitude":"44.4002","longitude":"125.0896"},"timezone":{"offset":"+4:00","description":"Abu Dhabi, Muscat, Baku, Tbilisi"}},"email":"kamila.pedersen@example.com","login":{"uuid":"7a5a6bc3-e9d7-4d60-b669-844a89d1c7b1","username":"organicleopard329","password":"girls1","salt":"JZB2yb9A","md5":"71e2f47366822731f8504709e7bba816","sha1":"b98774e9f9e72ee51959bd0b383266b446b596a9","sha256":"259625017a89955f19b67cd1dbaee73b2a84cdce2f299a99058ee9acad302612"},"dob":{"date":"1962-01-16T22:13:25.877Z","age":62},"registered":{"date":"2015-12-10T23:35:19.609Z","age":8},"phone":"68174708","cell":"94825339","id":{"name":"FN","value":"16016202855"},"picture":{"large":"https://randomuser.me/api/portraits/women/54.jpg","medium":"https://randomuser.me/api/portraits/med/women/54.jpg","thumbnail":"https://randomuser.me/api/portraits/thumb/women/54.jpg"},"nat":"NO"}],"info":{"seed":"9542b7475684bc30","results":1,"page":1,"version":"1.4"}} 
 </msg>
<msg time="2024-05-09T11:12:36.535656" level="INFO">/opt/hostedtoolcache/Python/3.12.3/x64/lib/python3.12/site-packages/urllib3/connectionpool.py:1103: InsecureRequestWarning: Unverified HTTPS request is being made to host 'randomuser.me'. Adding certificate verification is strongly advised. See: https://urllib3.readthedocs.io/en/latest/advanced-usage.html#tls-warnings
  warnings.warn(</msg>
<msg time="2024-05-09T11:12:36.535779" level="INFO">${response} = &lt;Response [200]&gt;</msg>
<var>${response}</var>
<arg>consultarAPI</arg>
<arg>/api</arg>
<doc>Sends a GET request on a previously created HTTP Session.</doc>
<status status="PASS" start="2024-05-09T11:12:36.375136" elapsed="0.160684"/>
</kw>
<kw name="Set Variable" owner="BuiltIn">
<msg time="2024-05-09T11:12:36.537081" level="INFO">${json_data} = {'results': [{'gender': 'female', 'name': {'title': 'Miss', 'first': 'Kamila', 'last': 'Pedersen'}, 'location': {'street': {'number': 3787, 'name': 'Rommibakken'}, 'city': 'Steinkjer', 'state': 'Descr...</msg>
<var>${json_data}</var>
<arg>${response.json()}</arg>
<doc>Returns the given values which can then be assigned to a variables.</doc>
<status status="PASS" start="2024-05-09T11:12:36.536425" elapsed="0.000685"/>
</kw>
<kw name="Log" owner="BuiltIn">
<msg time="2024-05-09T11:12:36.537577" level="INFO">{'results': [{'gender': 'female', 'name': {'title': 'Miss', 'first': 'Kamila', 'last': 'Pedersen'}, 'location': {'street': {'number': 3787, 'name': 'Rommibakken'}, 'city': 'Steinkjer', 'state': 'Description', 'country': 'Norway', 'postcode': '4402', 'coordinates': {'latitude': '44.4002', 'longitude': '125.0896'}, 'timezone': {'offset': '+4:00', 'description': 'Abu Dhabi, Muscat, Baku, Tbilisi'}}, 'email': 'kamila.pedersen@example.com', 'login': {'uuid': '7a5a6bc3-e9d7-4d60-b669-844a89d1c7b1', 'username': 'organicleopard329', 'password': 'girls1', 'salt': 'JZB2yb9A', 'md5': '71e2f47366822731f8504709e7bba816', 'sha1': 'b98774e9f9e72ee51959bd0b383266b446b596a9', 'sha256': '259625017a89955f19b67cd1dbaee73b2a84cdce2f299a99058ee9acad302612'}, 'dob': {'date': '1962-01-16T22:13:25.877Z', 'age': 62}, 'registered': {'date': '2015-12-10T23:35:19.609Z', 'age': 8}, 'phone': '68174708', 'cell': '94825339', 'id': {'name': 'FN', 'value': '16016202855'}, 'picture': {'large': 'https://randomuser.me/api/portraits/women/54.jpg', 'medium': 'https://randomuser.me/api/portraits/med/women/54.jpg', 'thumbnail': 'https://randomuser.me/api/portraits/thumb/women/54.jpg'}, 'nat': 'NO'}], 'info': {'seed': '9542b7475684bc30', 'results': 1, 'page': 1, 'version': '1.4'}}</msg>
<arg>${json_data}</arg>
<doc>Logs the given message with the given level.</doc>
<status status="PASS" start="2024-05-09T11:12:36.537419" elapsed="0.000206"/>
</kw>
<kw name="Dictionary Should Contain Key" owner="Collections">
<msg time="2024-05-09T11:12:36.538103" level="INFO">False</msg>
<arg>${json_data}</arg>
<arg>results</arg>
<doc>Fails if ``key`` is not found from ``dictionary``.</doc>
<status status="PASS" start="2024-05-09T11:12:36.537928" elapsed="0.000212"/>
</kw>
<kw name="Should Not Be Empty" owner="BuiltIn">
<msg time="2024-05-09T11:12:36.538558" level="INFO">Length is 2.</msg>
<arg>${json_data}</arg>
<doc>Verifies that the given item is not empty.</doc>
<status status="PASS" start="2024-05-09T11:12:36.538428" elapsed="0.000320"/>
</kw>
<kw name="Create List" owner="BuiltIn">
<msg time="2024-05-09T11:12:36.539196" level="INFO">${expected_keys} = ['gender', 'name', 'location', 'email', 'login']</msg>
<var>${expected_keys}</var>
<arg>gender</arg>
<arg>name</arg>
<arg>location</arg>
<arg>email</arg>
<arg>login</arg>
<doc>Returns a list containing given items.</doc>
<status status="PASS" start="2024-05-09T11:12:36.539043" elapsed="0.000177"/>
</kw>
<for flavor="IN">
<iter>
<kw name="Dictionary Should Contain Key" owner="Collections">
<msg time="2024-05-09T11:12:36.540211" level="INFO">False</msg>
<arg>${json_data['results'][0]}</arg>
<arg>${key}</arg>
<doc>Fails if ``key`` is not found from ``dictionary``.</doc>
<status status="PASS" start="2024-05-09T11:12:36.539805" elapsed="0.000444"/>
</kw>
<kw name="Log" owner="BuiltIn">
<msg time="2024-05-09T11:12:36.540949" level="INFO">{'gender': 'female', 'name': {'title': 'Miss', 'first': 'Kamila', 'last': 'Pedersen'}, 'location': {'street': {'number': 3787, 'name': 'Rommibakken'}, 'city': 'Steinkjer', 'state': 'Description', 'country': 'Norway', 'postcode': '4402', 'coordinates': {'latitude': '44.4002', 'longitude': '125.0896'}, 'timezone': {'offset': '+4:00', 'description': 'Abu Dhabi, Muscat, Baku, Tbilisi'}}, 'email': 'kamila.pedersen@example.com', 'login': {'uuid': '7a5a6bc3-e9d7-4d60-b669-844a89d1c7b1', 'username': 'organicleopard329', 'password': 'girls1', 'salt': 'JZB2yb9A', 'md5': '71e2f47366822731f8504709e7bba816', 'sha1': 'b98774e9f9e72ee51959bd0b383266b446b596a9', 'sha256': '259625017a89955f19b67cd1dbaee73b2a84cdce2f299a99058ee9acad302612'}, 'dob': {'date': '1962-01-16T22:13:25.877Z', 'age': 62}, 'registered': {'date': '2015-12-10T23:35:19.609Z', 'age': 8}, 'phone': '68174708', 'cell': '94825339', 'id': {'name': 'FN', 'value': '16016202855'}, 'picture': {'large': 'https://randomuser.me/api/portraits/women/54.jpg', 'medium': 'https://randomuser.me/api/portraits/med/women/54.jpg', 'thumbnail': 'https://randomuser.me/api/portraits/thumb/women/54.jpg'}, 'nat': 'NO'}</msg>
<arg>${json_data['results'][0]}</arg>
<doc>Logs the given message with the given level.</doc>
<status status="PASS" start="2024-05-09T11:12:36.540573" elapsed="0.000422"/>
</kw>
<kw name="Log" owner="BuiltIn">
<msg time="2024-05-09T11:12:36.541419" level="INFO">gender</msg>
<arg>${key}</arg>
<doc>Logs the given message with the given level.</doc>
<status status="PASS" start="2024-05-09T11:12:36.541293" elapsed="0.000162"/>
</kw>
<var name="${key}">gender</var>
<status status="PASS" start="2024-05-09T11:12:36.539679" elapsed="0.001989"/>
</iter>
<iter>
<kw name="Dictionary Should Contain Key" owner="Collections">
<msg time="2024-05-09T11:12:36.542349" level="INFO">False</msg>
<arg>${json_data['results'][0]}</arg>
<arg>${key}</arg>
<doc>Fails if ``key`` is not found from ``dictionary``.</doc>
<status status="PASS" start="2024-05-09T11:12:36.541965" elapsed="0.000421"/>
</kw>
<kw name="Log" owner="BuiltIn">
<msg time="2024-05-09T11:12:36.543081" level="INFO">{'gender': 'female', 'name': {'title': 'Miss', 'first': 'Kamila', 'last': 'Pedersen'}, 'location': {'street': {'number': 3787, 'name': 'Rommibakken'}, 'city': 'Steinkjer', 'state': 'Description', 'country': 'Norway', 'postcode': '4402', 'coordinates': {'latitude': '44.4002', 'longitude': '125.0896'}, 'timezone': {'offset': '+4:00', 'description': 'Abu Dhabi, Muscat, Baku, Tbilisi'}}, 'email': 'kamila.pedersen@example.com', 'login': {'uuid': '7a5a6bc3-e9d7-4d60-b669-844a89d1c7b1', 'username': 'organicleopard329', 'password': 'girls1', 'salt': 'JZB2yb9A', 'md5': '71e2f47366822731f8504709e7bba816', 'sha1': 'b98774e9f9e72ee51959bd0b383266b446b596a9', 'sha256': '259625017a89955f19b67cd1dbaee73b2a84cdce2f299a99058ee9acad302612'}, 'dob': {'date': '1962-01-16T22:13:25.877Z', 'age': 62}, 'registered': {'date': '2015-12-10T23:35:19.609Z', 'age': 8}, 'phone': '68174708', 'cell': '94825339', 'id': {'name': 'FN', 'value': '16016202855'}, 'picture': {'large': 'https://randomuser.me/api/portraits/women/54.jpg', 'medium': 'https://randomuser.me/api/portraits/med/women/54.jpg', 'thumbnail': 'https://randomuser.me/api/portraits/thumb/women/54.jpg'}, 'nat': 'NO'}</msg>
<arg>${json_data['results'][0]}</arg>
<doc>Logs the given message with the given level.</doc>
<status status="PASS" start="2024-05-09T11:12:36.542712" elapsed="0.000417"/>
</kw>
<kw name="Log" owner="BuiltIn">
<msg time="2024-05-09T11:12:36.543549" level="INFO">name</msg>
<arg>${key}</arg>
<doc>Logs the given message with the given level.</doc>
<status status="PASS" start="2024-05-09T11:12:36.543424" elapsed="0.000162"/>
</kw>
<var name="${key}">name</var>
<status status="PASS" start="2024-05-09T11:12:36.541851" elapsed="0.001947"/>
</iter>
<iter>
<kw name="Dictionary Should Contain Key" owner="Collections">
<msg time="2024-05-09T11:12:36.544467" level="INFO">False</msg>
<arg>${json_data['results'][0]}</arg>
<arg>${key}</arg>
<doc>Fails if ``key`` is not found from ``dictionary``.</doc>
<status status="PASS" start="2024-05-09T11:12:36.544086" elapsed="0.000418"/>
</kw>
<kw name="Log" owner="BuiltIn">
<msg time="2024-05-09T11:12:36.545207" level="INFO">{'gender': 'female', 'name': {'title': 'Miss', 'first': 'Kamila', 'last': 'Pedersen'}, 'location': {'street': {'number': 3787, 'name': 'Rommibakken'}, 'city': 'Steinkjer', 'state': 'Description', 'country': 'Norway', 'postcode': '4402', 'coordinates': {'latitude': '44.4002', 'longitude': '125.0896'}, 'timezone': {'offset': '+4:00', 'description': 'Abu Dhabi, Muscat, Baku, Tbilisi'}}, 'email': 'kamila.pedersen@example.com', 'login': {'uuid': '7a5a6bc3-e9d7-4d60-b669-844a89d1c7b1', 'username': 'organicleopard329', 'password': 'girls1', 'salt': 'JZB2yb9A', 'md5': '71e2f47366822731f8504709e7bba816', 'sha1': 'b98774e9f9e72ee51959bd0b383266b446b596a9', 'sha256': '259625017a89955f19b67cd1dbaee73b2a84cdce2f299a99058ee9acad302612'}, 'dob': {'date': '1962-01-16T22:13:25.877Z', 'age': 62}, 'registered': {'date': '2015-12-10T23:35:19.609Z', 'age': 8}, 'phone': '68174708', 'cell': '94825339', 'id': {'name': 'FN', 'value': '16016202855'}, 'picture': {'large': 'https://randomuser.me/api/portraits/women/54.jpg', 'medium': 'https://randomuser.me/api/portraits/med/women/54.jpg', 'thumbnail': 'https://randomuser.me/api/portraits/thumb/women/54.jpg'}, 'nat': 'NO'}</msg>
<arg>${json_data['results'][0]}</arg>
<doc>Logs the given message with the given level.</doc>
<status status="PASS" start="2024-05-09T11:12:36.544848" elapsed="0.000407"/>
</kw>
<kw name="Log" owner="BuiltIn">
<msg time="2024-05-09T11:12:36.545676" level="INFO">location</msg>
<arg>${key}</arg>
<doc>Logs the given message with the given level.</doc>
<status status="PASS" start="2024-05-09T11:12:36.545552" elapsed="0.000161"/>
</kw>
<var name="${key}">location</var>
<status status="PASS" start="2024-05-09T11:12:36.543975" elapsed="0.001949"/>
</iter>
<iter>
<kw name="Dictionary Should Contain Key" owner="Collections">
<msg time="2024-05-09T11:12:36.546585" level="INFO">False</msg>
<arg>${json_data['results'][0]}</arg>
<arg>${key}</arg>
<doc>Fails if ``key`` is not found from ``dictionary``.</doc>
<status status="PASS" start="2024-05-09T11:12:36.546205" elapsed="0.000417"/>
</kw>
<kw name="Log" owner="BuiltIn">
<msg time="2024-05-09T11:12:36.547274" level="INFO">{'gender': 'female', 'name': {'title': 'Miss', 'first': 'Kamila', 'last': 'Pedersen'}, 'location': {'street': {'number': 3787, 'name': 'Rommibakken'}, 'city': 'Steinkjer', 'state': 'Description', 'country': 'Norway', 'postcode': '4402', 'coordinates': {'latitude': '44.4002', 'longitude': '125.0896'}, 'timezone': {'offset': '+4:00', 'description': 'Abu Dhabi, Muscat, Baku, Tbilisi'}}, 'email': 'kamila.pedersen@example.com', 'login': {'uuid': '7a5a6bc3-e9d7-4d60-b669-844a89d1c7b1', 'username': 'organicleopard329', 'password': 'girls1', 'salt': 'JZB2yb9A', 'md5': '71e2f47366822731f8504709e7bba816', 'sha1': 'b98774e9f9e72ee51959bd0b383266b446b596a9', 'sha256': '259625017a89955f19b67cd1dbaee73b2a84cdce2f299a99058ee9acad302612'}, 'dob': {'date': '1962-01-16T22:13:25.877Z', 'age': 62}, 'registered': {'date': '2015-12-10T23:35:19.609Z', 'age': 8}, 'phone': '68174708', 'cell': '94825339', 'id': {'name': 'FN', 'value': '16016202855'}, 'picture': {'large': 'https://randomuser.me/api/portraits/women/54.jpg', 'medium': 'https://randomuser.me/api/portraits/med/women/54.jpg', 'thumbnail': 'https://randomuser.me/api/portraits/thumb/women/54.jpg'}, 'nat': 'NO'}</msg>
<arg>${json_data['results'][0]}</arg>
<doc>Logs the given message with the given level.</doc>
<status status="PASS" start="2024-05-09T11:12:36.546918" elapsed="0.000404"/>
</kw>
<kw name="Log" owner="BuiltIn">
<msg time="2024-05-09T11:12:36.547735" level="INFO">email</msg>
<arg>${key}</arg>
<doc>Logs the given message with the given level.</doc>
<status status="PASS" start="2024-05-09T11:12:36.547611" elapsed="0.000162"/>
</kw>
<var name="${key}">email</var>
<status status="PASS" start="2024-05-09T11:12:36.546094" elapsed="0.001902"/>
</iter>
<iter>
<kw name="Dictionary Should Contain Key" owner="Collections">
<msg time="2024-05-09T11:12:36.548716" level="INFO">False</msg>
<arg>${json_data['results'][0]}</arg>
<arg>${key}</arg>
<doc>Fails if ``key`` is not found from ``dictionary``.</doc>
<status status="PASS" start="2024-05-09T11:12:36.548294" elapsed="0.000460"/>
</kw>
<kw name="Log" owner="BuiltIn">
<msg time="2024-05-09T11:12:36.549407" level="INFO">{'gender': 'female', 'name': {'title': 'Miss', 'first': 'Kamila', 'last': 'Pedersen'}, 'location': {'street': {'number': 3787, 'name': 'Rommibakken'}, 'city': 'Steinkjer', 'state': 'Description', 'country': 'Norway', 'postcode': '4402', 'coordinates': {'latitude': '44.4002', 'longitude': '125.0896'}, 'timezone': {'offset': '+4:00', 'description': 'Abu Dhabi, Muscat, Baku, Tbilisi'}}, 'email': 'kamila.pedersen@example.com', 'login': {'uuid': '7a5a6bc3-e9d7-4d60-b669-844a89d1c7b1', 'username': 'organicleopard329', 'password': 'girls1', 'salt': 'JZB2yb9A', 'md5': '71e2f47366822731f8504709e7bba816', 'sha1': 'b98774e9f9e72ee51959bd0b383266b446b596a9', 'sha256': '259625017a89955f19b67cd1dbaee73b2a84cdce2f299a99058ee9acad302612'}, 'dob': {'date': '1962-01-16T22:13:25.877Z', 'age': 62}, 'registered': {'date': '2015-12-10T23:35:19.609Z', 'age': 8}, 'phone': '68174708', 'cell': '94825339', 'id': {'name': 'FN', 'value': '16016202855'}, 'picture': {'large': 'https://randomuser.me/api/portraits/women/54.jpg', 'medium': 'https://randomuser.me/api/portraits/med/women/54.jpg', 'thumbnail': 'https://randomuser.me/api/portraits/thumb/women/54.jpg'}, 'nat': 'NO'}</msg>
<arg>${json_data['results'][0]}</arg>
<doc>Logs the given message with the given level.</doc>
<status status="PASS" start="2024-05-09T11:12:36.549046" elapsed="0.000411"/>
</kw>
<kw name="Log" owner="BuiltIn">
<msg time="2024-05-09T11:12:36.549882" level="INFO">login</msg>
<arg>${key}</arg>
<doc>Logs the given message with the given level.</doc>
<status status="PASS" start="2024-05-09T11:12:36.549755" elapsed="0.000165"/>
</kw>
<var name="${key}">login</var>
<status status="PASS" start="2024-05-09T11:12:36.548184" elapsed="0.001977"/>
</iter>
<var>${key}</var>
<value>@{expected_keys}</value>
<status status="PASS" start="2024-05-09T11:12:36.539482" elapsed="0.010804"/>
</for>
<kw name="Create List" owner="BuiltIn">
<msg time="2024-05-09T11:12:36.550613" level="INFO">${expected_keysTwo} = ['username', 'password']</msg>
<var>${expected_keysTwo}</var>
<arg>username</arg>
<arg>password</arg>
<doc>Returns a list containing given items.</doc>
<status status="PASS" start="2024-05-09T11:12:36.550477" elapsed="0.000159"/>
</kw>
<for flavor="IN">
<iter>
<kw name="Dictionary Should Contain Key" owner="Collections">
<msg time="2024-05-09T11:12:36.551518" level="INFO">False</msg>
<arg>${json_data['results'][0]['login']}</arg>
<arg>${keyTwo}</arg>
<doc>Fails if ``key`` is not found from ``dictionary``.</doc>
<status status="PASS" start="2024-05-09T11:12:36.551134" elapsed="0.000421"/>
</kw>
<kw name="Dictionary Should Contain Key" owner="Collections">
<msg time="2024-05-09T11:12:36.552236" level="INFO">False</msg>
<arg>${json_data['results'][0]['login']}</arg>
<arg>${keyTwo}</arg>
<doc>Fails if ``key`` is not found from ``dictionary``.</doc>
<status status="PASS" start="2024-05-09T11:12:36.551851" elapsed="0.000422"/>
</kw>
<kw name="Log" owner="BuiltIn">
<msg time="2024-05-09T11:12:36.552745" level="INFO">username</msg>
<arg>${keyTwo}</arg>
<doc>Logs the given message with the given level.</doc>
<status status="PASS" start="2024-05-09T11:12:36.552603" elapsed="0.000185"/>
</kw>
<var name="${keyTwo}">username</var>
<status status="PASS" start="2024-05-09T11:12:36.551025" elapsed="0.001984"/>
</iter>
<iter>
<kw name="Dictionary Should Contain Key" owner="Collections">
<msg time="2024-05-09T11:12:36.553772" level="INFO">False</msg>
<arg>${json_data['results'][0]['login']}</arg>
<arg>${keyTwo}</arg>
<doc>Fails if ``key`` is not found from ``dictionary``.</doc>
<status status="PASS" start="2024-05-09T11:12:36.553291" elapsed="0.000521"/>
</kw>
<kw name="Dictionary Should Contain Key" owner="Collections">
<msg time="2024-05-09T11:12:36.554486" level="INFO">False</msg>
<arg>${json_data['results'][0]['login']}</arg>
<arg>${keyTwo}</arg>
<doc>Fails if ``key`` is not found from ``dictionary``.</doc>
<status status="PASS" start="2024-05-09T11:12:36.554108" elapsed="0.000414"/>
</kw>
<kw name="Log" owner="BuiltIn">
<msg time="2024-05-09T11:12:36.554937" level="INFO">password</msg>
<arg>${keyTwo}</arg>
<doc>Logs the given message with the given level.</doc>
<status status="PASS" start="2024-05-09T11:12:36.554811" elapsed="0.000162"/>
</kw>
<var name="${keyTwo}">password</var>
<status status="PASS" start="2024-05-09T11:12:36.553181" elapsed="0.002005"/>
</iter>
<var>${keyTwo}</var>
<value>@{expected_keysTwo}</value>
<status status="PASS" start="2024-05-09T11:12:36.550873" elapsed="0.004431"/>
</for>
<status status="PASS" start="2024-05-09T11:12:36.374902" elapsed="0.180540"/>
</kw>
<doc>Testa a estrutura da resposta da API.</doc>
<tag>testeEstruturaResposta</tag>
<status status="PASS" start="2024-05-09T11:12:36.374298" elapsed="0.181302"/>
</test>
<test id="s1-s1-t4" name="Validar tipos de dados" line="28">
<kw name="Teste de Tipos de Dados" owner="random-user-service">
<kw name="GET On Session" owner="RequestsLibrary">
<msg time="2024-05-09T11:12:36.624897" level="INFO">GET Request : url=https://randomuser.me/api 
 path_url=/api 
 headers={'User-Agent': 'python-requests/2.31.0', 'Accept-Encoding': 'gzip, deflate', 'Accept': '*/*', 'Connection': 'keep-alive'} 
 body=None 
 </msg>
<msg time="2024-05-09T11:12:36.624992" level="INFO">GET Response : url=https://randomuser.me/api 
 status=200, reason=OK 
 headers={'Date': 'Thu, 09 May 2024 11:12:36 GMT', 'Content-Type': 'application/json; charset=utf-8', 'Transfer-Encoding': 'chunked', 'Connection': 'keep-alive', 'X-Powered-By': 'Express', 'Access-Control-Allow-Origin': '*', 'Cache-Control': 'no-cache', 'ETag': 'W/"48a-SUO1vdfbW52ABP0kpZH5qKCMFIM"', 'Vary': 'Accept-Encoding', 'Content-Encoding': 'gzip', 'CF-Cache-Status': 'DYNAMIC', 'Report-To': '{"endpoints":[{"url":"https:\\/\\/a.nel.cloudflare.com\\/report\\/v4?s=E4Wflju%2BGxYkv4OLWgqI4cNlRyGPuh9narho25J5gdoJ%2FbmG95xryGlGEi2UtsmvUYvT9cyH0Ue7HAQa6qsE6ZMW5ji929118OqmV90SavEiZa%2FkmQnWSrvSCQN2VK3b"}],"group":"cf-nel","max_age":604800}', 'NEL': '{"success_fraction":0,"report_to":"cf-nel","max_age":604800}', 'Server': 'cloudflare', 'CF-RAY': '881141648c700249-ORD', 'alt-svc': 'h3=":443"; ma=86400'} 
 body={"results":[{"gender":"female","name":{"title":"Miss","first":"Ece","last":"Özgörkey"},"location":{"street":{"number":6081,"name":"Bağdat Cd"},"city":"Kilis","state":"İstanbul","country":"Turkey","postcode":18701,"coordinates":{"latitude":"66.9827","longitude":"102.8634"},"timezone":{"offset":"-3:00","description":"Brazil, Buenos Aires, Georgetown"}},"email":"ece.ozgorkey@example.com","login":{"uuid":"6f359df6-1137-4269-ac59-745b507bbcc9","username":"organicladybug340","password":"formula1","salt":"emEkzM5U","md5":"d2f2cfbdb1507724187259c9bd60ac01","sha1":"4d9b398e06dbfeb787adbc5c96d0bd5b155dc922","sha256":"c9625d320b693289f5c23e4698105431f09714a9cefa662039b9e71d83d36825"},"dob":{"date":"1964-10-19T12:37:37.481Z","age":59},"registered":{"date":"2017-02-17T21:54:53.128Z","age":7},"phone":"(047)-778-5819","cell":"(358)-631-5640","id":{"name":"","value":null},"picture":{"large":"https://randomuser.me/api/portraits/women/34.jpg","medium":"https://randomuser.me/api/portraits/med/women/34.jpg","thumbnail":"https://randomuser.me/api/portraits/thumb/women/34.jpg"},"nat":"TR"}],"info":{"seed":"38f6b17822f7258a","results":1,"page":1,"version":"1.4"}} 
 </msg>
<msg time="2024-05-09T11:12:36.625071" level="INFO">/opt/hostedtoolcache/Python/3.12.3/x64/lib/python3.12/site-packages/urllib3/connectionpool.py:1103: InsecureRequestWarning: Unverified HTTPS request is being made to host 'randomuser.me'. Adding certificate verification is strongly advised. See: https://urllib3.readthedocs.io/en/latest/advanced-usage.html#tls-warnings
  warnings.warn(</msg>
<msg time="2024-05-09T11:12:36.625210" level="INFO">${response} = &lt;Response [200]&gt;</msg>
<var>${response}</var>
<arg>consultarAPI</arg>
<arg>/api</arg>
<doc>Sends a GET request on a previously created HTTP Session.</doc>
<status status="PASS" start="2024-05-09T11:12:36.558205" elapsed="0.067052"/>
</kw>
<kw name="Set Variable" owner="BuiltIn">
<msg time="2024-05-09T11:12:36.626448" level="INFO">${json_data} = {'results': [{'gender': 'female', 'name': {'title': 'Miss', 'first': 'Ece', 'last': 'Özgörkey'}, 'location': {'street': {'number': 6081, 'name': 'Bağdat Cd'}, 'city': 'Kilis', 'state': 'İstanbul', 'co...</msg>
<var>${json_data}</var>
<arg>${response.json()}</arg>
<doc>Returns the given values which can then be assigned to a variables.</doc>
<status status="PASS" start="2024-05-09T11:12:36.625844" elapsed="0.000636"/>
</kw>
<kw name="Log" owner="BuiltIn">
<msg time="2024-05-09T11:12:36.626972" level="INFO">{'results': [{'gender': 'female', 'name': {'title': 'Miss', 'first': 'Ece', 'last': 'Özgörkey'}, 'location': {'street': {'number': 6081, 'name': 'Bağdat Cd'}, 'city': 'Kilis', 'state': 'İstanbul', 'country': 'Turkey', 'postcode': 18701, 'coordinates': {'latitude': '66.9827', 'longitude': '102.8634'}, 'timezone': {'offset': '-3:00', 'description': 'Brazil, Buenos Aires, Georgetown'}}, 'email': 'ece.ozgorkey@example.com', 'login': {'uuid': '6f359df6-1137-4269-ac59-745b507bbcc9', 'username': 'organicladybug340', 'password': 'formula1', 'salt': 'emEkzM5U', 'md5': 'd2f2cfbdb1507724187259c9bd60ac01', 'sha1': '4d9b398e06dbfeb787adbc5c96d0bd5b155dc922', 'sha256': 'c9625d320b693289f5c23e4698105431f09714a9cefa662039b9e71d83d36825'}, 'dob': {'date': '1964-10-19T12:37:37.481Z', 'age': 59}, 'registered': {'date': '2017-02-17T21:54:53.128Z', 'age': 7}, 'phone': '(047)-778-5819', 'cell': '(358)-631-5640', 'id': {'name': '', 'value': None}, 'picture': {'large': 'https://randomuser.me/api/portraits/women/34.jpg', 'medium': 'https://randomuser.me/api/portraits/med/women/34.jpg', 'thumbnail': 'https://randomuser.me/api/portraits/thumb/women/34.jpg'}, 'nat': 'TR'}], 'info': {'seed': '38f6b17822f7258a', 'results': 1, 'page': 1, 'version': '1.4'}}</msg>
<arg>${json_data}</arg>
<doc>Logs the given message with the given level.</doc>
<status status="PASS" start="2024-05-09T11:12:36.626810" elapsed="0.000250"/>
</kw>
<kw name="Should Be String" owner="String">
<arg>${json_data['results'][0]['gender']}</arg>
<doc>Fails if the given ``item`` is not a string.</doc>
<status status="PASS" start="2024-05-09T11:12:36.627372" elapsed="0.000391"/>
</kw>
<kw name="Should Match Regexp" owner="BuiltIn">
<arg>${json_data['results'][0]['email']}</arg>
<arg>^[a-zA-Z0-9._%+-]+@[a-zA-Z0-9.-]+\.[a-zA-Z]{2,}$</arg>
<doc>Fails if ``string`` does not match ``pattern`` as a regular expression.</doc>
<status status="PASS" start="2024-05-09T11:12:36.627958" elapsed="0.000515"/>
</kw>
<kw name="Should Match Regexp" owner="BuiltIn">
<arg>${json_data['results'][0]['dob']['date']}</arg>
<arg>\\d{4}-\\d{2}-\\d{2}T\\d{2}:\\d{2}:\\d{2}\\.\\d{3}Z</arg>
<doc>Fails if ``string`` does not match ``pattern`` as a regular expression.</doc>
<status status="PASS" start="2024-05-09T11:12:36.628701" elapsed="0.000493"/>
</kw>
<kw name="Should Match Regexp" owner="BuiltIn">
<arg>${json_data['results'][0]['registered']['date']}</arg>
<arg>\\d{4}-\\d{2}-\\d{2}T\\d{2}:\\d{2}:\\d{2}\\.\\d{3}Z</arg>
<doc>Fails if ``string`` does not match ``pattern`` as a regular expression.</doc>
<status status="PASS" start="2024-05-09T11:12:36.629385" elapsed="0.000365"/>
</kw>
<kw name="Should Match Regexp" owner="BuiltIn">
<arg>${json_data['results'][0]['picture']['large']}</arg>
<arg>^https?://.*\.(?:png|jpe?g|gif|bmp)$</arg>
<doc>Fails if ``string`` does not match ``pattern`` as a regular expression.</doc>
<status status="PASS" start="2024-05-09T11:12:36.629940" elapsed="0.000467"/>
</kw>
<kw name="Should Match Regexp" owner="BuiltIn">
<arg>${json_data['results'][0]['picture']['medium']}</arg>
<arg>^https?://.*\.(?:png|jpe?g|gif|bmp)$</arg>
<doc>Fails if ``string`` does not match ``pattern`` as a regular expression.</doc>
<status status="PASS" start="2024-05-09T11:12:36.630594" elapsed="0.000360"/>
</kw>
<kw name="Should Match Regexp" owner="BuiltIn">
<arg>${json_data['results'][0]['picture']['thumbnail']}</arg>
<arg>^https?://.*\.(?:png|jpe?g|gif|bmp)$</arg>
<doc>Fails if ``string`` does not match ``pattern`` as a regular expression.</doc>
<status status="PASS" start="2024-05-09T11:12:36.631144" elapsed="0.000353"/>
</kw>
<kw name="Log" owner="BuiltIn">
<msg time="2024-05-09T11:12:36.632018" level="INFO">{'large': 'https://randomuser.me/api/portraits/women/34.jpg', 'medium': 'https://randomuser.me/api/portraits/med/women/34.jpg', 'thumbnail': 'https://randomuser.me/api/portraits/thumb/women/34.jpg'}</msg>
<arg>${json_data['results'][0]['picture']}</arg>
<doc>Logs the given message with the given level.</doc>
<status status="PASS" start="2024-05-09T11:12:36.631693" elapsed="0.000367"/>
</kw>
<status status="PASS" start="2024-05-09T11:12:36.557967" elapsed="0.074349"/>
</kw>
<kw name="Teste de Tipos de Dados - Postcode" owner="random-user-service">
<kw name="GET On Session" owner="RequestsLibrary">
<msg time="2024-05-09T11:12:36.700389" level="INFO">GET Request : url=https://randomuser.me/api 
 path_url=/api 
 headers={'User-Agent': 'python-requests/2.31.0', 'Accept-Encoding': 'gzip, deflate', 'Accept': '*/*', 'Connection': 'keep-alive'} 
 body=None 
 </msg>
<msg time="2024-05-09T11:12:36.700469" level="INFO">GET Response : url=https://randomuser.me/api 
 status=200, reason=OK 
 headers={'Date': 'Thu, 09 May 2024 11:12:36 GMT', 'Content-Type': 'application/json; charset=utf-8', 'Transfer-Encoding': 'chunked', 'Connection': 'keep-alive', 'X-Powered-By': 'Express', 'Access-Control-Allow-Origin': '*', 'Cache-Control': 'no-cache', 'ETag': 'W/"49c-3y8MNdmp4W3RaJNe2BoW5BufcwE"', 'Vary': 'Accept-Encoding', 'Content-Encoding': 'gzip', 'CF-Cache-Status': 'DYNAMIC', 'Report-To': '{"endpoints":[{"url":"https:\\/\\/a.nel.cloudflare.com\\/report\\/v4?s=Jn7QWQys8gvLijBnY4SGW%2FPlUgvzVvcpGQQYFq0ggm5JkH9h%2F901vQpTCU1W6R3G55S6M0GkMSPqZoyQNFEGdPp3nFU8FlJ9lcvWu3%2FW76%2B4uw5Jreouc3HNDdetG1rz"}],"group":"cf-nel","max_age":604800}', 'NEL': '{"success_fraction":0,"report_to":"cf-nel","max_age":604800}', 'Server': 'cloudflare', 'CF-RAY': '88114164fce40249-ORD', 'alt-svc': 'h3=":443"; ma=86400'} 
 body={"results":[{"gender":"female","name":{"title":"Ms","first":"Eleanor","last":"Lewis"},"location":{"street":{"number":2603,"name":"O'Connell Street"},"city":"Loughrea","state":"South Dublin","country":"Ireland","postcode":26629,"coordinates":{"latitude":"3.5455","longitude":"66.9200"},"timezone":{"offset":"-4:00","description":"Atlantic Time (Canada), Caracas, La Paz"}},"email":"eleanor.lewis@example.com","login":{"uuid":"48d4489d-24c1-4a5a-a67d-0040beb9316f","username":"ticklishbear136","password":"joker1","salt":"rWfOuNOy","md5":"20296c411e25d30568b53a0b481d9013","sha1":"a6334782804cbd6ce2301a76c30d89e72669b193","sha256":"dec6b71ad507d2169f2c01a5d46c13d0a40d3f38d3b1b72e82e6c900247e7b6c"},"dob":{"date":"1960-05-16T18:44:07.845Z","age":63},"registered":{"date":"2003-05-13T03:20:33.788Z","age":20},"phone":"071-762-0493","cell":"081-488-8998","id":{"name":"PPS","value":"0080205T"},"picture":{"large":"https://randomuser.me/api/portraits/women/67.jpg","medium":"https://randomuser.me/api/portraits/med/women/67.jpg","thumbnail":"https://randomuser.me/api/portraits/thumb/women/67.jpg"},"nat":"IE"}],"info":{"seed":"6a60dd35ffeafc16","results":1,"page":1,"version":"1.4"}} 
 </msg>
<msg time="2024-05-09T11:12:36.700572" level="INFO">/opt/hostedtoolcache/Python/3.12.3/x64/lib/python3.12/site-packages/urllib3/connectionpool.py:1103: InsecureRequestWarning: Unverified HTTPS request is being made to host 'randomuser.me'. Adding certificate verification is strongly advised. See: https://urllib3.readthedocs.io/en/latest/advanced-usage.html#tls-warnings
  warnings.warn(</msg>
<msg time="2024-05-09T11:12:36.700668" level="INFO">${response} = &lt;Response [200]&gt;</msg>
<var>${response}</var>
<arg>consultarAPI</arg>
<arg>/api</arg>
<doc>Sends a GET request on a previously created HTTP Session.</doc>
<status status="PASS" start="2024-05-09T11:12:36.632806" elapsed="0.067901"/>
</kw>
<kw name="Set Variable" owner="BuiltIn">
<msg time="2024-05-09T11:12:36.701827" level="INFO">${json_data} = {'results': [{'gender': 'female', 'name': {'title': 'Ms', 'first': 'Eleanor', 'last': 'Lewis'}, 'location': {'street': {'number': 2603, 'name': "O'Connell Street"}, 'city': 'Loughrea', 'state': 'South...</msg>
<var>${json_data}</var>
<arg>${response.json()}</arg>
<doc>Returns the given values which can then be assigned to a variables.</doc>
<status status="PASS" start="2024-05-09T11:12:36.701198" elapsed="0.000658"/>
</kw>
<kw name="Log" owner="BuiltIn">
<msg time="2024-05-09T11:12:36.702324" level="INFO">{'results': [{'gender': 'female', 'name': {'title': 'Ms', 'first': 'Eleanor', 'last': 'Lewis'}, 'location': {'street': {'number': 2603, 'name': "O'Connell Street"}, 'city': 'Loughrea', 'state': 'South Dublin', 'country': 'Ireland', 'postcode': 26629, 'coordinates': {'latitude': '3.5455', 'longitude': '66.9200'}, 'timezone': {'offset': '-4:00', 'description': 'Atlantic Time (Canada), Caracas, La Paz'}}, 'email': 'eleanor.lewis@example.com', 'login': {'uuid': '48d4489d-24c1-4a5a-a67d-0040beb9316f', 'username': 'ticklishbear136', 'password': 'joker1', 'salt': 'rWfOuNOy', 'md5': '20296c411e25d30568b53a0b481d9013', 'sha1': 'a6334782804cbd6ce2301a76c30d89e72669b193', 'sha256': 'dec6b71ad507d2169f2c01a5d46c13d0a40d3f38d3b1b72e82e6c900247e7b6c'}, 'dob': {'date': '1960-05-16T18:44:07.845Z', 'age': 63}, 'registered': {'date': '2003-05-13T03:20:33.788Z', 'age': 20}, 'phone': '071-762-0493', 'cell': '081-488-8998', 'id': {'name': 'PPS', 'value': '0080205T'}, 'picture': {'large': 'https://randomuser.me/api/portraits/women/67.jpg', 'medium': 'https://randomuser.me/api/portraits/med/women/67.jpg', 'thumbnail': 'https://randomuser.me/api/portraits/thumb/women/67.jpg'}, 'nat': 'IE'}], 'info': {'seed': '6a60dd35ffeafc16', 'results': 1, 'page': 1, 'version': '1.4'}}</msg>
<arg>${json_data}</arg>
<doc>Logs the given message with the given level.</doc>
<status status="PASS" start="2024-05-09T11:12:36.702172" elapsed="0.000228"/>
</kw>
<kw name="Should Be Equal As Numbers" owner="BuiltIn">
<arg>${json_data['results'][0]['location']['postcode']}</arg>
<arg>${json_data['results'][0]['location']['postcode']}</arg>
<doc>Fails if objects are unequal after converting them to real numbers.</doc>
<status status="PASS" start="2024-05-09T11:12:36.702846" elapsed="0.000630"/>
</kw>
<kw name="Log" owner="BuiltIn">
<msg time="2024-05-09T11:12:36.704005" level="INFO">26629</msg>
<arg>${json_data['results'][0]['location']['postcode']}</arg>
<doc>Logs the given message with the given level.</doc>
<status status="PASS" start="2024-05-09T11:12:36.703668" elapsed="0.000378"/>
</kw>
<status status="PASS" start="2024-05-09T11:12:36.632565" elapsed="0.071748"/>
</kw>
<doc>Testa se os tipos de dados na resposta da API estão corretos.</doc>
<tag>testeTiposDados</tag>
<status status="PASS" start="2024-05-09T11:12:36.557439" elapsed="0.147054"/>
</test>
<test id="s1-s1-t5" name="Validar conteudo" line="35">
<kw name="Teste de Tipos de Conteudo" owner="random-user-service">
<kw name="GET On Session" owner="RequestsLibrary">
<msg time="2024-05-09T11:12:36.820054" level="INFO">GET Request : url=https://randomuser.me/api 
 path_url=/api 
 headers={'User-Agent': 'python-requests/2.31.0', 'Accept-Encoding': 'gzip, deflate', 'Accept': '*/*', 'Connection': 'keep-alive'} 
 body=None 
 </msg>
<msg time="2024-05-09T11:12:36.820141" level="INFO">GET Response : url=https://randomuser.me/api 
 status=200, reason=OK 
 headers={'Date': 'Thu, 09 May 2024 11:12:36 GMT', 'Content-Type': 'application/json; charset=utf-8', 'Transfer-Encoding': 'chunked', 'Connection': 'keep-alive', 'X-Powered-By': 'Express', 'Access-Control-Allow-Origin': '*', 'Cache-Control': 'no-cache', 'ETag': 'W/"4a5-4wMjBg8PP8Z63lhD5i6ZR+Zngp4"', 'Vary': 'Accept-Encoding', 'Content-Encoding': 'gzip', 'CF-Cache-Status': 'DYNAMIC', 'Report-To': '{"endpoints":[{"url":"https:\\/\\/a.nel.cloudflare.com\\/report\\/v4?s=V7bsYMChuA8pQl8SJSqyf%2BBV%2B3wzpIYFKY13Ky5rDevYoXU2QSdDZhYUjd1k5au8KU%2FNdpKvfOCUCX7%2Fqzv8zCkXYuk1QRRtRi9qDx2QyQ5%2BPi6W2lvuCO13Bx2IDCFG"}],"group":"cf-nel","max_age":604800}', 'NEL': '{"success_fraction":0,"report_to":"cf-nel","max_age":604800}', 'Server': 'cloudflare', 'CF-RAY': '881141656d520249-ORD', 'alt-svc': 'h3=":443"; ma=86400'} 
 body={"results":[{"gender":"male","name":{"title":"Mr","first":"Jasper","last":"Joseph"},"location":{"street":{"number":3152,"name":"Im Winkel"},"city":"Südliche Weinstraße","state":"Nordrhein-Westfalen","country":"Germany","postcode":29964,"coordinates":{"latitude":"-53.5370","longitude":"-53.1983"},"timezone":{"offset":"+8:00","description":"Beijing, Perth, Singapore, Hong Kong"}},"email":"jasper.joseph@example.com","login":{"uuid":"86d56d93-710b-47d6-bb40-4a61b0a11e90","username":"crazybear340","password":"portland","salt":"CgdSD2z9","md5":"5c331d7bd83b070f49ab4ccb395e4b3a","sha1":"801605200aa4e0a826f8f8da00e73f1e22f5b0bf","sha256":"40587b695f739735df99bd4964f8edd43c3ad6e5b43b2036108fa741c072ad54"},"dob":{"date":"1980-10-10T08:14:20.910Z","age":43},"registered":{"date":"2010-12-25T07:21:44.535Z","age":13},"phone":"0706-1095018","cell":"0170-8978728","id":{"name":"SVNR","value":"66 101080 J 467"},"picture":{"large":"https://randomuser.me/api/portraits/men/6.jpg","medium":"https://randomuser.me/api/portraits/med/men/6.jpg","thumbnail":"https://randomuser.me/api/portraits/thumb/men/6.jpg"},"nat":"DE"}],"info":{"seed":"43c34a3c187e86fe","results":1,"page":1,"version":"1.4"}} 
 </msg>
<msg time="2024-05-09T11:12:36.820212" level="INFO">/opt/hostedtoolcache/Python/3.12.3/x64/lib/python3.12/site-packages/urllib3/connectionpool.py:1103: InsecureRequestWarning: Unverified HTTPS request is being made to host 'randomuser.me'. Adding certificate verification is strongly advised. See: https://urllib3.readthedocs.io/en/latest/advanced-usage.html#tls-warnings
  warnings.warn(</msg>
<msg time="2024-05-09T11:12:36.820328" level="INFO">${response} = &lt;Response [200]&gt;</msg>
<var>${response}</var>
<arg>consultarAPI</arg>
<arg>/api</arg>
<doc>Sends a GET request on a previously created HTTP Session.</doc>
<status status="PASS" start="2024-05-09T11:12:36.707091" elapsed="0.113278"/>
</kw>
<kw name="Set Variable" owner="BuiltIn">
<msg time="2024-05-09T11:12:36.821557" level="INFO">${json_data} = {'results': [{'gender': 'male', 'name': {'title': 'Mr', 'first': 'Jasper', 'last': 'Joseph'}, 'location': {'street': {'number': 3152, 'name': 'Im Winkel'}, 'city': 'Südliche Weinstraße', 'state': 'Nor...</msg>
<var>${json_data}</var>
<arg>${response.json()}</arg>
<doc>Returns the given values which can then be assigned to a variables.</doc>
<status status="PASS" start="2024-05-09T11:12:36.820984" elapsed="0.000604"/>
</kw>
<kw name="Set Variable" owner="BuiltIn">
<msg time="2024-05-09T11:12:36.822281" level="INFO">${name_title} = Mr</msg>
<var>${name_title}</var>
<arg>${json_data["results"][0]["name"]["title"]}</arg>
<doc>Returns the given values which can then be assigned to a variables.</doc>
<status status="PASS" start="2024-05-09T11:12:36.821895" elapsed="0.000411"/>
</kw>
<kw name="Create List" owner="BuiltIn">
<msg time="2024-05-09T11:12:36.822746" level="INFO">${allowed_titles} = ['Mr', 'Ms', 'Miss', 'Mrs', 'Madame', 'Monsieur']</msg>
<var>${allowed_titles}</var>
<arg>Mr</arg>
<arg>Ms</arg>
<arg>Miss</arg>
<arg>Mrs</arg>
<arg>Madame</arg>
<arg>Monsieur</arg>
<doc>Returns a list containing given items.</doc>
<status status="PASS" start="2024-05-09T11:12:36.822600" elapsed="0.000170"/>
</kw>
<kw name="List Should Contain Value" owner="Collections">
<msg time="2024-05-09T11:12:36.823244" level="INFO">False</msg>
<arg>${allowed_titles}</arg>
<arg>${name_title}</arg>
<doc>Fails if the ``value`` is not found from ``list``.</doc>
<status status="PASS" start="2024-05-09T11:12:36.823069" elapsed="0.000219"/>
</kw>
<kw name="Set Variable" owner="BuiltIn">
<msg time="2024-05-09T11:12:36.823969" level="INFO">${name_country} = DE</msg>
<var>${name_country}</var>
<arg>${json_data["results"][0]["nat"]}</arg>
<doc>Returns the given values which can then be assigned to a variables.</doc>
<status status="PASS" start="2024-05-09T11:12:36.823582" elapsed="0.000412"/>
</kw>
<kw name="Create List" owner="BuiltIn">
<msg time="2024-05-09T11:12:36.824921" level="INFO">${list_country} = ['AD', 'AE', 'AF', 'AG', 'AI', 'AL', 'AM', 'AO', 'AQ', 'AR', 'AS', 'AT', 'AU', 'AW', 'AX', 'AZ', 'BA', 'BB', 'BD', 'BE', 'BF', 'BG', 'BH', 'BI', 'BJ', 'BL', 'BM', 'BN', 'BO', 'BQ', 'BR', 'BS', 'BT', '...</msg>
<var>${list_country}</var>
<arg>AD</arg>
<arg>AE</arg>
<arg>AF</arg>
<arg>AG</arg>
<arg>AI</arg>
<arg>AL</arg>
<arg>AM</arg>
<arg>AO</arg>
<arg>AQ</arg>
<arg>AR</arg>
<arg>AS</arg>
<arg>AT</arg>
<arg>AU</arg>
<arg>AW</arg>
<arg>AX</arg>
<arg>AZ</arg>
<arg>BA</arg>
<arg>BB</arg>
<arg>BD</arg>
<arg>BE</arg>
<arg>BF</arg>
<arg>BG</arg>
<arg>BH</arg>
<arg>BI</arg>
<arg>BJ</arg>
<arg>BL</arg>
<arg>BM</arg>
<arg>BN</arg>
<arg>BO</arg>
<arg>BQ</arg>
<arg>BR</arg>
<arg>BS</arg>
<arg>BT</arg>
<arg>BV</arg>
<arg>BW</arg>
<arg>BY</arg>
<arg>BZ</arg>
<arg>CA</arg>
<arg>CC</arg>
<arg>CD</arg>
<arg>CF</arg>
<arg>CG</arg>
<arg>CH</arg>
<arg>CI</arg>
<arg>CK</arg>
<arg>CL</arg>
<arg>CM</arg>
<arg>CN</arg>
<arg>CO</arg>
<arg>CR</arg>
<arg>CU</arg>
<arg>CV</arg>
<arg>CW</arg>
<arg>CX</arg>
<arg>CY</arg>
<arg>CZ</arg>
<arg>DE</arg>
<arg>DJ</arg>
<arg>DK</arg>
<arg>DM</arg>
<arg>DO</arg>
<arg>DZ</arg>
<arg>EC</arg>
<arg>EE</arg>
<arg>EG</arg>
<arg>EH</arg>
<arg>ER</arg>
<arg>ES</arg>
<arg>ET</arg>
<arg>FI</arg>
<arg>FJ</arg>
<arg>FK</arg>
<arg>FM</arg>
<arg>FO</arg>
<arg>FR</arg>
<arg>GA</arg>
<arg>GB</arg>
<arg>GD</arg>
<arg>GE</arg>
<arg>GF</arg>
<arg>GG</arg>
<arg>GH</arg>
<arg>GI</arg>
<arg>GL</arg>
<arg>GM</arg>
<arg>GN</arg>
<arg>GP</arg>
<arg>GQ</arg>
<arg>GR</arg>
<arg>GS</arg>
<arg>GT</arg>
<arg>GU</arg>
<arg>GW</arg>
<arg>GY</arg>
<arg>HK</arg>
<arg>HM</arg>
<arg>HN</arg>
<arg>HR</arg>
<arg>HT</arg>
<arg>HU</arg>
<arg>ID</arg>
<arg>IE</arg>
<arg>IL</arg>
<arg>IM</arg>
<arg>IN</arg>
<arg>IO</arg>
<arg>IQ</arg>
<arg>IR</arg>
<arg>IS</arg>
<arg>IT</arg>
<arg>JE</arg>
<arg>JM</arg>
<arg>JO</arg>
<arg>JP</arg>
<arg>KE</arg>
<arg>KG</arg>
<arg>KH</arg>
<arg>KI</arg>
<arg>KM</arg>
<arg>KN</arg>
<arg>KP</arg>
<arg>KR</arg>
<arg>KW</arg>
<arg>KY</arg>
<arg>KZ</arg>
<arg>LA</arg>
<arg>LB</arg>
<arg>LC</arg>
<arg>LI</arg>
<arg>LK</arg>
<arg>LR</arg>
<arg>LS</arg>
<arg>LT</arg>
<arg>LU</arg>
<arg>LV</arg>
<arg>LY</arg>
<arg>MA</arg>
<arg>MC</arg>
<arg>MD</arg>
<arg>ME</arg>
<arg>MF</arg>
<arg>MG</arg>
<arg>MH</arg>
<arg>MK</arg>
<arg>ML</arg>
<arg>MM</arg>
<arg>MN</arg>
<arg>MO</arg>
<arg>MP</arg>
<arg>MQ</arg>
<arg>MR</arg>
<arg>MS</arg>
<arg>MT</arg>
<arg>MU</arg>
<arg>MV</arg>
<arg>MW</arg>
<arg>MX</arg>
<arg>MY</arg>
<arg>MZ</arg>
<arg>NA</arg>
<arg>NC</arg>
<arg>NE</arg>
<arg>NF</arg>
<arg>NG</arg>
<arg>NI</arg>
<arg>NL</arg>
<arg>NO</arg>
<arg>NP</arg>
<arg>NR</arg>
<arg>NU</arg>
<arg>NZ</arg>
<arg>OM</arg>
<arg>PA</arg>
<arg>PE</arg>
<arg>PF</arg>
<arg>PG</arg>
<arg>PH</arg>
<arg>PK</arg>
<arg>PL</arg>
<arg>PM</arg>
<arg>PN</arg>
<arg>PR</arg>
<arg>PS</arg>
<arg>PT</arg>
<arg>PW</arg>
<arg>PY</arg>
<arg>QA</arg>
<arg>RE</arg>
<arg>RO</arg>
<arg>RS</arg>
<arg>RU</arg>
<arg>RW</arg>
<arg>SA</arg>
<arg>SB</arg>
<arg>SC</arg>
<arg>SD</arg>
<arg>SE</arg>
<arg>SG</arg>
<arg>SH</arg>
<arg>SI</arg>
<arg>SJ</arg>
<arg>SK</arg>
<arg>SL</arg>
<arg>SM</arg>
<arg>SN</arg>
<arg>SO</arg>
<arg>SR</arg>
<arg>SS</arg>
<arg>ST</arg>
<arg>SV</arg>
<arg>SX</arg>
<arg>SY</arg>
<arg>SZ</arg>
<arg>TC</arg>
<arg>TD</arg>
<arg>TF</arg>
<arg>TG</arg>
<arg>TH</arg>
<arg>TJ</arg>
<arg>TK</arg>
<arg>TL</arg>
<arg>TM</arg>
<arg>TN</arg>
<arg>TO</arg>
<arg>TR</arg>
<arg>TT</arg>
<arg>TV</arg>
<arg>TW</arg>
<arg>TZ</arg>
<arg>UA</arg>
<arg>UG</arg>
<arg>UM</arg>
<arg>US</arg>
<arg>UY</arg>
<arg>UZ</arg>
<arg>VA</arg>
<arg>VC</arg>
<arg>VE</arg>
<arg>VG</arg>
<arg>VI</arg>
<arg>VN</arg>
<arg>VU</arg>
<arg>WF</arg>
<arg>WS</arg>
<arg>XK</arg>
<arg>YE</arg>
<arg>YT</arg>
<arg>ZA</arg>
<arg>ZM</arg>
<arg>ZW</arg>
<doc>Returns a list containing given items.</doc>
<status status="PASS" start="2024-05-09T11:12:36.824291" elapsed="0.000657"/>
</kw>
<kw name="List Should Contain Value" owner="Collections">
<msg time="2024-05-09T11:12:36.825943" level="INFO">False</msg>
<arg>${list_country}</arg>
<arg>${name_country}</arg>
<doc>Fails if the ``value`` is not found from ``list``.</doc>
<status status="PASS" start="2024-05-09T11:12:36.825746" elapsed="0.000234"/>
</kw>
<kw name="Run Keyword If" owner="BuiltIn">
<kw name="Should Be True" owner="BuiltIn">
<arg>${True}</arg>
<doc>Fails if the given condition is not true.</doc>
<status status="PASS" start="2024-05-09T11:12:36.827069" elapsed="0.000256"/>
</kw>
<arg>${json_data["results"][0]["location"]["coordinates"]["latitude"]} &gt;= -90 and ${json_data["results"][0]["location"]["coordinates"]["latitude"]} &lt;= 90</arg>
<arg>Should Be True</arg>
<arg>${True}</arg>
<doc>Runs the given keyword with the given arguments, if ``condition`` is true.</doc>
<status status="PASS" start="2024-05-09T11:12:36.826289" elapsed="0.001167"/>
</kw>
<kw name="Run Keyword If" owner="BuiltIn">
<kw name="Should Be True" owner="BuiltIn">
<arg>${True}</arg>
<doc>Fails if the given condition is not true.</doc>
<status status="PASS" start="2024-05-09T11:12:36.828346" elapsed="0.000139"/>
</kw>
<arg>${json_data["results"][0]["location"]["coordinates"]["longitude"]} &gt;= -180 and ${json_data["results"][0]["location"]["coordinates"]["longitude"]} &lt;= 180</arg>
<arg>Should Be True</arg>
<arg>${True}</arg>
<doc>Runs the given keyword with the given arguments, if ``condition`` is true.</doc>
<status status="PASS" start="2024-05-09T11:12:36.827643" elapsed="0.001012"/>
</kw>
<status status="PASS" start="2024-05-09T11:12:36.706849" elapsed="0.121942"/>
</kw>
<doc>Testa o conteúdo específico dos campos retornados pela API.</doc>
<tag>testeConteudo</tag>
<status status="PASS" start="2024-05-09T11:12:36.706320" elapsed="0.122620"/>
</test>
<status status="PASS" start="2024-05-09T11:12:35.862230" elapsed="0.968730"/>
</suite>
<status status="PASS" start="2024-05-09T11:12:35.848581" elapsed="0.987604"/>
</suite>
<statistics>
<total>
<stat pass="5" fail="0" skip="0">All Tests</stat>
</total>
<tag>
<stat pass="1" fail="0" skip="0">testeConteudo</stat>
<stat pass="1" fail="0" skip="0">testeEstruturaResposta</stat>
<stat pass="1" fail="0" skip="0">testeRequisicaoBasica</stat>
<stat pass="1" fail="0" skip="0">testeTiposDados</stat>
</tag>
<suite>
<stat pass="5" fail="0" skip="0" id="s1" name="Tests">Tests</stat>
<stat pass="5" fail="0" skip="0" id="s1-s1" name="Random-User-Test">Tests.Random-User-Test</stat>
</suite>
</statistics>
<errors>
</errors>
</robot>
