<?xml version="1.0" encoding="UTF-8"?>
<robot generator="Robot 7.0.1 (Python 3.12.4 on linux)" generated="2024-08-02T20:16:36.516090" rpa="false" schemaversion="5">
<suite id="s1" name="Tests" source="/home/runner/work/ApiRandomUser/ApiRandomUser/RamdonUser/tests">
<suite id="s1-s1" name="Random-User-Test" source="/home/runner/work/ApiRandomUser/ApiRandomUser/RamdonUser/tests/random-user-test.robot">
<test id="s1-s1-t1" name="Conectar" line="13">
<kw name="Conectar API" owner="random-user-service">
<kw name="Create Session" owner="RequestsLibrary">
<msg time="2024-08-02T20:16:36.905962" level="INFO">Creating Session using : alias=consultarAPI, url=https://randomuser.me/, headers={},                     cookies={}, auth=None, timeout=None, proxies=None, verify=False,                     debug=0 </msg>
<arg>consultarAPI</arg>
<arg>${URL}</arg>
<doc>Create Session: create a HTTP session to a server</doc>
<status status="PASS" start="2024-08-02T20:16:36.905761" elapsed="0.000378"/>
</kw>
<status status="PASS" start="2024-08-02T20:16:36.904708" elapsed="0.001786"/>
</kw>
<status status="PASS" start="2024-08-02T20:16:36.904110" elapsed="0.002576"/>
</test>
<test id="s1-s1-t2" name="Validar retorno 200 e JSON Válido" line="16">
<kw name="Teste de Requisicao Basica" owner="random-user-service">
<kw name="GET On Session" owner="RequestsLibrary">
<msg time="2024-08-02T20:16:37.133667" level="INFO">GET Request : url=https://randomuser.me/api 
 path_url=/api 
 headers={'User-Agent': 'python-requests/2.32.3', 'Accept-Encoding': 'gzip, deflate', 'Accept': '*/*', 'Connection': 'keep-alive'} 
 body=None 
 </msg>
<msg time="2024-08-02T20:16:37.133842" level="INFO">GET Response : url=https://randomuser.me/api 
 status=200, reason=OK 
 headers={'Date': 'Fri, 02 Aug 2024 20:16:37 GMT', 'Content-Type': 'application/json; charset=utf-8', 'Transfer-Encoding': 'chunked', 'Connection': 'keep-alive', 'X-Powered-By': 'Express', 'Access-Control-Allow-Origin': '*', 'Cache-Control': 'no-cache', 'ETag': 'W/"49d-+whgf0tz0ja8E1gCwC9vGynoVeQ"', 'Vary': 'Accept-Encoding', 'Content-Encoding': 'gzip', 'CF-Cache-Status': 'DYNAMIC', 'Report-To': '{"endpoints":[{"url":"https:\\/\\/a.nel.cloudflare.com\\/report\\/v4?s=%2BT4MwMdsyNK3dicCgIgFOnkZ9Cnc583Snn6jZ5PvjQhfhYNNM5penXN5h37faJHS9yEqHYM%2BuxkQgsVlP%2FvaeffjVU97WwO81Co%2Bv12wLMbGNFQv%2FLfQ2%2BFF8AXFUJfl"}],"group":"cf-nel","max_age":604800}', 'NEL': '{"success_fraction":0,"report_to":"cf-nel","max_age":604800}', 'Server': 'cloudflare', 'CF-RAY': '8ad0bf279ab06057-ORD', 'alt-svc': 'h3=":443"; ma=86400'} 
 body={"results":[{"gender":"male","name":{"title":"Mr","first":"Ermin","last":"Loonstra"},"location":{"street":{"number":8021,"name":"De Lange Gangh"},"city":"Valthe","state":"Noord-Holland","country":"Netherlands","postcode":"2143 YN","coordinates":{"latitude":"36.3408","longitude":"-120.1439"},"timezone":{"offset":"+1:00","description":"Brussels, Copenhagen, Madrid, Paris"}},"email":"ermin.loonstra@example.com","login":{"uuid":"477c5d9f-58aa-47c8-bd95-268dd8629245","username":"orangegoose265","password":"soccer10","salt":"wHONEYGQ","md5":"c5dc32596897cae0c3d1c810c9f0a965","sha1":"ea090c2606306e958a9cc9dbe0e1e47e1ec1d1f8","sha256":"dd77e2bd11a7c1b5ef9e570f3ad2ae543c233f33f1761ee1ce8964b6b01a7639"},"dob":{"date":"1966-02-02T21:11:29.282Z","age":58},"registered":{"date":"2012-05-12T17:16:37.282Z","age":12},"phone":"(085) 4151337","cell":"(06) 42124448","id":{"name":"BSN","value":"32899016"},"picture":{"large":"https://randomuser.me/api/portraits/men/84.jpg","medium":"https://randomuser.me/api/portraits/med/men/84.jpg","thumbnail":"https://randomuser.me/api/portraits/thumb/men/84.jpg"},"nat":"NL"}],"info":{"seed":"ad77a046aa775c42","results":1,"page":1,"version":"1.4"}} 
 </msg>
<msg time="2024-08-02T20:16:37.133938" level="INFO">/opt/hostedtoolcache/Python/3.12.4/x64/lib/python3.12/site-packages/urllib3/connectionpool.py:1099: InsecureRequestWarning: Unverified HTTPS request is being made to host 'randomuser.me'. Adding certificate verification is strongly advised. See: https://urllib3.readthedocs.io/en/latest/advanced-usage.html#tls-warnings
  warnings.warn(</msg>
<msg time="2024-08-02T20:16:37.134121" level="INFO">${response} = &lt;Response [200]&gt;</msg>
<var>${response}</var>
<arg>consultarAPI</arg>
<arg>/api</arg>
<doc>Sends a GET request on a previously created HTTP Session.</doc>
<status status="PASS" start="2024-08-02T20:16:36.909327" elapsed="0.224840"/>
</kw>
<kw name="Should Be Equal As Numbers" owner="BuiltIn">
<msg time="2024-08-02T20:16:37.135125" level="INFO">Argument types are:
&lt;class 'int'&gt;
&lt;class 'str'&gt;</msg>
<arg>${response.status_code}</arg>
<arg>200</arg>
<doc>Fails if objects are unequal after converting them to real numbers.</doc>
<status status="PASS" start="2024-08-02T20:16:37.134653" elapsed="0.000537"/>
</kw>
<kw name="Log" owner="BuiltIn">
<msg time="2024-08-02T20:16:37.135869" level="INFO">200</msg>
<arg>${response.status_code}</arg>
<doc>Logs the given message with the given level.</doc>
<status status="PASS" start="2024-08-02T20:16:37.135512" elapsed="0.000401"/>
</kw>
<kw name="Set Variable" owner="BuiltIn">
<msg time="2024-08-02T20:16:37.136657" level="INFO">${json_data} = {'results': [{'gender': 'male', 'name': {'title': 'Mr', 'first': 'Ermin', 'last': 'Loonstra'}, 'location': {'street': {'number': 8021, 'name': 'De Lange Gangh'}, 'city': 'Valthe', 'state': 'Noord-Holl...</msg>
<var>${json_data}</var>
<arg>${response.json()}</arg>
<doc>Returns the given values which can then be assigned to a variables.</doc>
<status status="PASS" start="2024-08-02T20:16:37.136224" elapsed="0.000462"/>
</kw>
<kw name="Dictionary Should Contain Key" owner="Collections">
<arg>${json_data}</arg>
<arg>results</arg>
<doc>Fails if ``key`` is not found from ``dictionary``.</doc>
<status status="PASS" start="2024-08-02T20:16:37.137030" elapsed="0.000324"/>
</kw>
<status status="PASS" start="2024-08-02T20:16:36.909079" elapsed="0.228431"/>
</kw>
<doc>Testa se a API responde corretamente e retorna um objeto JSON válido.</doc>
<tag>testeRequisicaoBasica</tag>
<status status="PASS" start="2024-08-02T20:16:36.908530" elapsed="0.229158"/>
</test>
<test id="s1-s1-t3" name="Validar estrutura de resposta" line="22">
<kw name="Teste de Estrutura de Resposta" owner="random-user-service">
<kw name="GET On Session" owner="RequestsLibrary">
<msg time="2024-08-02T20:16:37.210316" level="INFO">GET Request : url=https://randomuser.me/api 
 path_url=/api 
 headers={'User-Agent': 'python-requests/2.32.3', 'Accept-Encoding': 'gzip, deflate', 'Accept': '*/*', 'Connection': 'keep-alive'} 
 body=None 
 </msg>
<msg time="2024-08-02T20:16:37.210383" level="INFO">GET Response : url=https://randomuser.me/api 
 status=200, reason=OK 
 headers={'Date': 'Fri, 02 Aug 2024 20:16:37 GMT', 'Content-Type': 'application/json; charset=utf-8', 'Transfer-Encoding': 'chunked', 'Connection': 'keep-alive', 'X-Powered-By': 'Express', 'Access-Control-Allow-Origin': '*', 'Cache-Control': 'no-cache', 'ETag': 'W/"47e-fb6liUPC6ES0ffDyvqBo2TjhLnQ"', 'Vary': 'Accept-Encoding', 'Content-Encoding': 'gzip', 'CF-Cache-Status': 'DYNAMIC', 'Report-To': '{"endpoints":[{"url":"https:\\/\\/a.nel.cloudflare.com\\/report\\/v4?s=h1A4jhbvAP%2F2iCq2hxRGDHnRx9j%2F%2B%2B5kuf532CPGufWdVmVU6ybTj%2FwhAIdlT12Fjv0AtKLgxogl69%2FG0T40GlcjnFGlnrroyXc7haceXxu2cUynlByJCiTg2XBDz90V"}],"group":"cf-nel","max_age":604800}', 'NEL': '{"success_fraction":0,"report_to":"cf-nel","max_age":604800}', 'Server': 'cloudflare', 'CF-RAY': '8ad0bf282b246057-ORD', 'alt-svc': 'h3=":443"; ma=86400'} 
 body={"results":[{"gender":"female","name":{"title":"Ms","first":"Freya","last":"White"},"location":{"street":{"number":9906,"name":"Broadway Avenue"},"city":"Taupo","state":"Otago","country":"New Zealand","postcode":40121,"coordinates":{"latitude":"54.1578","longitude":"93.9667"},"timezone":{"offset":"+2:00","description":"Kaliningrad, South Africa"}},"email":"freya.white@example.com","login":{"uuid":"5de8f1b9-569e-490d-a8c4-5bba34641768","username":"crazygoose741","password":"sandiego","salt":"AJ5JbZjG","md5":"87fd96fe13c3f0d483025ccadfc97e41","sha1":"84d6313ac50adea9bc590cad0cc42aae9f2a78a5","sha256":"4e37c4fc0837ca54d6a913456a647117aaf15fd539785de7db212c57a5f441b6"},"dob":{"date":"1985-10-20T22:24:29.561Z","age":38},"registered":{"date":"2016-01-28T14:57:17.210Z","age":8},"phone":"(342)-144-5893","cell":"(010)-400-8820","id":{"name":"","value":null},"picture":{"large":"https://randomuser.me/api/portraits/women/23.jpg","medium":"https://randomuser.me/api/portraits/med/women/23.jpg","thumbnail":"https://randomuser.me/api/portraits/thumb/women/23.jpg"},"nat":"NZ"}],"info":{"seed":"3abf4e0a81da040f","results":1,"page":1,"version":"1.4"}} 
 </msg>
<msg time="2024-08-02T20:16:37.210480" level="INFO">/opt/hostedtoolcache/Python/3.12.4/x64/lib/python3.12/site-packages/urllib3/connectionpool.py:1099: InsecureRequestWarning: Unverified HTTPS request is being made to host 'randomuser.me'. Adding certificate verification is strongly advised. See: https://urllib3.readthedocs.io/en/latest/advanced-usage.html#tls-warnings
  warnings.warn(</msg>
<msg time="2024-08-02T20:16:37.210594" level="INFO">${response} = &lt;Response [200]&gt;</msg>
<var>${response}</var>
<arg>consultarAPI</arg>
<arg>/api</arg>
<doc>Sends a GET request on a previously created HTTP Session.</doc>
<status status="PASS" start="2024-08-02T20:16:37.140296" elapsed="0.070342"/>
</kw>
<kw name="Set Variable" owner="BuiltIn">
<msg time="2024-08-02T20:16:37.211442" level="INFO">${json_data} = {'results': [{'gender': 'female', 'name': {'title': 'Ms', 'first': 'Freya', 'last': 'White'}, 'location': {'street': {'number': 9906, 'name': 'Broadway Avenue'}, 'city': 'Taupo', 'state': 'Otago', 'co...</msg>
<var>${json_data}</var>
<arg>${response.json()}</arg>
<doc>Returns the given values which can then be assigned to a variables.</doc>
<status status="PASS" start="2024-08-02T20:16:37.210990" elapsed="0.000481"/>
</kw>
<kw name="Log" owner="BuiltIn">
<msg time="2024-08-02T20:16:37.211941" level="INFO">{'results': [{'gender': 'female', 'name': {'title': 'Ms', 'first': 'Freya', 'last': 'White'}, 'location': {'street': {'number': 9906, 'name': 'Broadway Avenue'}, 'city': 'Taupo', 'state': 'Otago', 'country': 'New Zealand', 'postcode': 40121, 'coordinates': {'latitude': '54.1578', 'longitude': '93.9667'}, 'timezone': {'offset': '+2:00', 'description': 'Kaliningrad, South Africa'}}, 'email': 'freya.white@example.com', 'login': {'uuid': '5de8f1b9-569e-490d-a8c4-5bba34641768', 'username': 'crazygoose741', 'password': 'sandiego', 'salt': 'AJ5JbZjG', 'md5': '87fd96fe13c3f0d483025ccadfc97e41', 'sha1': '84d6313ac50adea9bc590cad0cc42aae9f2a78a5', 'sha256': '4e37c4fc0837ca54d6a913456a647117aaf15fd539785de7db212c57a5f441b6'}, 'dob': {'date': '1985-10-20T22:24:29.561Z', 'age': 38}, 'registered': {'date': '2016-01-28T14:57:17.210Z', 'age': 8}, 'phone': '(342)-144-5893', 'cell': '(010)-400-8820', 'id': {'name': '', 'value': None}, 'picture': {'large': 'https://randomuser.me/api/portraits/women/23.jpg', 'medium': 'https://randomuser.me/api/portraits/med/women/23.jpg', 'thumbnail': 'https://randomuser.me/api/portraits/thumb/women/23.jpg'}, 'nat': 'NZ'}], 'info': {'seed': '3abf4e0a81da040f', 'results': 1, 'page': 1, 'version': '1.4'}}</msg>
<arg>${json_data}</arg>
<doc>Logs the given message with the given level.</doc>
<status status="PASS" start="2024-08-02T20:16:37.211778" elapsed="0.000211"/>
</kw>
<kw name="Dictionary Should Contain Key" owner="Collections">
<arg>${json_data}</arg>
<arg>results</arg>
<doc>Fails if ``key`` is not found from ``dictionary``.</doc>
<status status="PASS" start="2024-08-02T20:16:37.212283" elapsed="0.000158"/>
</kw>
<kw name="Should Not Be Empty" owner="BuiltIn">
<msg time="2024-08-02T20:16:37.212757" level="INFO">Length is 2.</msg>
<arg>${json_data}</arg>
<doc>Verifies that the given item is not empty.</doc>
<status status="PASS" start="2024-08-02T20:16:37.212627" elapsed="0.000169"/>
</kw>
<kw name="Create List" owner="BuiltIn">
<msg time="2024-08-02T20:16:37.213284" level="INFO">${expected_keys} = ['gender', 'name', 'location', 'email', 'login']</msg>
<var>${expected_keys}</var>
<arg>gender</arg>
<arg>name</arg>
<arg>location</arg>
<arg>email</arg>
<arg>login</arg>
<doc>Returns a list containing given items.</doc>
<status status="PASS" start="2024-08-02T20:16:37.213128" elapsed="0.000180"/>
</kw>
<for flavor="IN">
<iter>
<kw name="Dictionary Should Contain Key" owner="Collections">
<arg>${json_data['results'][0]}</arg>
<arg>${key}</arg>
<doc>Fails if ``key`` is not found from ``dictionary``.</doc>
<status status="PASS" start="2024-08-02T20:16:37.213894" elapsed="0.000406"/>
</kw>
<kw name="Log" owner="BuiltIn">
<msg time="2024-08-02T20:16:37.214845" level="INFO">{'gender': 'female', 'name': {'title': 'Ms', 'first': 'Freya', 'last': 'White'}, 'location': {'street': {'number': 9906, 'name': 'Broadway Avenue'}, 'city': 'Taupo', 'state': 'Otago', 'country': 'New Zealand', 'postcode': 40121, 'coordinates': {'latitude': '54.1578', 'longitude': '93.9667'}, 'timezone': {'offset': '+2:00', 'description': 'Kaliningrad, South Africa'}}, 'email': 'freya.white@example.com', 'login': {'uuid': '5de8f1b9-569e-490d-a8c4-5bba34641768', 'username': 'crazygoose741', 'password': 'sandiego', 'salt': 'AJ5JbZjG', 'md5': '87fd96fe13c3f0d483025ccadfc97e41', 'sha1': '84d6313ac50adea9bc590cad0cc42aae9f2a78a5', 'sha256': '4e37c4fc0837ca54d6a913456a647117aaf15fd539785de7db212c57a5f441b6'}, 'dob': {'date': '1985-10-20T22:24:29.561Z', 'age': 38}, 'registered': {'date': '2016-01-28T14:57:17.210Z', 'age': 8}, 'phone': '(342)-144-5893', 'cell': '(010)-400-8820', 'id': {'name': '', 'value': None}, 'picture': {'large': 'https://randomuser.me/api/portraits/women/23.jpg', 'medium': 'https://randomuser.me/api/portraits/med/women/23.jpg', 'thumbnail': 'https://randomuser.me/api/portraits/thumb/women/23.jpg'}, 'nat': 'NZ'}</msg>
<arg>${json_data['results'][0]}</arg>
<doc>Logs the given message with the given level.</doc>
<status status="PASS" start="2024-08-02T20:16:37.214484" elapsed="0.000411"/>
</kw>
<kw name="Log" owner="BuiltIn">
<msg time="2024-08-02T20:16:37.215335" level="INFO">gender</msg>
<arg>${key}</arg>
<doc>Logs the given message with the given level.</doc>
<status status="PASS" start="2024-08-02T20:16:37.215204" elapsed="0.000170"/>
</kw>
<var name="${key}">gender</var>
<status status="PASS" start="2024-08-02T20:16:37.213764" elapsed="0.001826"/>
</iter>
<iter>
<kw name="Dictionary Should Contain Key" owner="Collections">
<arg>${json_data['results'][0]}</arg>
<arg>${key}</arg>
<doc>Fails if ``key`` is not found from ``dictionary``.</doc>
<status status="PASS" start="2024-08-02T20:16:37.215892" elapsed="0.000388"/>
</kw>
<kw name="Log" owner="BuiltIn">
<msg time="2024-08-02T20:16:37.216816" level="INFO">{'gender': 'female', 'name': {'title': 'Ms', 'first': 'Freya', 'last': 'White'}, 'location': {'street': {'number': 9906, 'name': 'Broadway Avenue'}, 'city': 'Taupo', 'state': 'Otago', 'country': 'New Zealand', 'postcode': 40121, 'coordinates': {'latitude': '54.1578', 'longitude': '93.9667'}, 'timezone': {'offset': '+2:00', 'description': 'Kaliningrad, South Africa'}}, 'email': 'freya.white@example.com', 'login': {'uuid': '5de8f1b9-569e-490d-a8c4-5bba34641768', 'username': 'crazygoose741', 'password': 'sandiego', 'salt': 'AJ5JbZjG', 'md5': '87fd96fe13c3f0d483025ccadfc97e41', 'sha1': '84d6313ac50adea9bc590cad0cc42aae9f2a78a5', 'sha256': '4e37c4fc0837ca54d6a913456a647117aaf15fd539785de7db212c57a5f441b6'}, 'dob': {'date': '1985-10-20T22:24:29.561Z', 'age': 38}, 'registered': {'date': '2016-01-28T14:57:17.210Z', 'age': 8}, 'phone': '(342)-144-5893', 'cell': '(010)-400-8820', 'id': {'name': '', 'value': None}, 'picture': {'large': 'https://randomuser.me/api/portraits/women/23.jpg', 'medium': 'https://randomuser.me/api/portraits/med/women/23.jpg', 'thumbnail': 'https://randomuser.me/api/portraits/thumb/women/23.jpg'}, 'nat': 'NZ'}</msg>
<arg>${json_data['results'][0]}</arg>
<doc>Logs the given message with the given level.</doc>
<status status="PASS" start="2024-08-02T20:16:37.216462" elapsed="0.000435"/>
</kw>
<kw name="Log" owner="BuiltIn">
<msg time="2024-08-02T20:16:37.217351" level="INFO">name</msg>
<arg>${key}</arg>
<doc>Logs the given message with the given level.</doc>
<status status="PASS" start="2024-08-02T20:16:37.217221" elapsed="0.000168"/>
</kw>
<var name="${key}">name</var>
<status status="PASS" start="2024-08-02T20:16:37.215782" elapsed="0.001830"/>
</iter>
<iter>
<kw name="Dictionary Should Contain Key" owner="Collections">
<arg>${json_data['results'][0]}</arg>
<arg>${key}</arg>
<doc>Fails if ``key`` is not found from ``dictionary``.</doc>
<status status="PASS" start="2024-08-02T20:16:37.217893" elapsed="0.000384"/>
</kw>
<kw name="Log" owner="BuiltIn">
<msg time="2024-08-02T20:16:37.218809" level="INFO">{'gender': 'female', 'name': {'title': 'Ms', 'first': 'Freya', 'last': 'White'}, 'location': {'street': {'number': 9906, 'name': 'Broadway Avenue'}, 'city': 'Taupo', 'state': 'Otago', 'country': 'New Zealand', 'postcode': 40121, 'coordinates': {'latitude': '54.1578', 'longitude': '93.9667'}, 'timezone': {'offset': '+2:00', 'description': 'Kaliningrad, South Africa'}}, 'email': 'freya.white@example.com', 'login': {'uuid': '5de8f1b9-569e-490d-a8c4-5bba34641768', 'username': 'crazygoose741', 'password': 'sandiego', 'salt': 'AJ5JbZjG', 'md5': '87fd96fe13c3f0d483025ccadfc97e41', 'sha1': '84d6313ac50adea9bc590cad0cc42aae9f2a78a5', 'sha256': '4e37c4fc0837ca54d6a913456a647117aaf15fd539785de7db212c57a5f441b6'}, 'dob': {'date': '1985-10-20T22:24:29.561Z', 'age': 38}, 'registered': {'date': '2016-01-28T14:57:17.210Z', 'age': 8}, 'phone': '(342)-144-5893', 'cell': '(010)-400-8820', 'id': {'name': '', 'value': None}, 'picture': {'large': 'https://randomuser.me/api/portraits/women/23.jpg', 'medium': 'https://randomuser.me/api/portraits/med/women/23.jpg', 'thumbnail': 'https://randomuser.me/api/portraits/thumb/women/23.jpg'}, 'nat': 'NZ'}</msg>
<arg>${json_data['results'][0]}</arg>
<doc>Logs the given message with the given level.</doc>
<status status="PASS" start="2024-08-02T20:16:37.218463" elapsed="0.000395"/>
</kw>
<kw name="Log" owner="BuiltIn">
<msg time="2024-08-02T20:16:37.219274" level="INFO">location</msg>
<arg>${key}</arg>
<doc>Logs the given message with the given level.</doc>
<status status="PASS" start="2024-08-02T20:16:37.219147" elapsed="0.000164"/>
</kw>
<var name="${key}">location</var>
<status status="PASS" start="2024-08-02T20:16:37.217788" elapsed="0.001739"/>
</iter>
<iter>
<kw name="Dictionary Should Contain Key" owner="Collections">
<arg>${json_data['results'][0]}</arg>
<arg>${key}</arg>
<doc>Fails if ``key`` is not found from ``dictionary``.</doc>
<status status="PASS" start="2024-08-02T20:16:37.219801" elapsed="0.000374"/>
</kw>
<kw name="Log" owner="BuiltIn">
<msg time="2024-08-02T20:16:37.220816" level="INFO">{'gender': 'female', 'name': {'title': 'Ms', 'first': 'Freya', 'last': 'White'}, 'location': {'street': {'number': 9906, 'name': 'Broadway Avenue'}, 'city': 'Taupo', 'state': 'Otago', 'country': 'New Zealand', 'postcode': 40121, 'coordinates': {'latitude': '54.1578', 'longitude': '93.9667'}, 'timezone': {'offset': '+2:00', 'description': 'Kaliningrad, South Africa'}}, 'email': 'freya.white@example.com', 'login': {'uuid': '5de8f1b9-569e-490d-a8c4-5bba34641768', 'username': 'crazygoose741', 'password': 'sandiego', 'salt': 'AJ5JbZjG', 'md5': '87fd96fe13c3f0d483025ccadfc97e41', 'sha1': '84d6313ac50adea9bc590cad0cc42aae9f2a78a5', 'sha256': '4e37c4fc0837ca54d6a913456a647117aaf15fd539785de7db212c57a5f441b6'}, 'dob': {'date': '1985-10-20T22:24:29.561Z', 'age': 38}, 'registered': {'date': '2016-01-28T14:57:17.210Z', 'age': 8}, 'phone': '(342)-144-5893', 'cell': '(010)-400-8820', 'id': {'name': '', 'value': None}, 'picture': {'large': 'https://randomuser.me/api/portraits/women/23.jpg', 'medium': 'https://randomuser.me/api/portraits/med/women/23.jpg', 'thumbnail': 'https://randomuser.me/api/portraits/thumb/women/23.jpg'}, 'nat': 'NZ'}</msg>
<arg>${json_data['results'][0]}</arg>
<doc>Logs the given message with the given level.</doc>
<status status="PASS" start="2024-08-02T20:16:37.220468" elapsed="0.000397"/>
</kw>
<kw name="Log" owner="BuiltIn">
<msg time="2024-08-02T20:16:37.221319" level="INFO">email</msg>
<arg>${key}</arg>
<doc>Logs the given message with the given level.</doc>
<status status="PASS" start="2024-08-02T20:16:37.221191" elapsed="0.000167"/>
</kw>
<var name="${key}">email</var>
<status status="PASS" start="2024-08-02T20:16:37.219697" elapsed="0.001873"/>
</iter>
<iter>
<kw name="Dictionary Should Contain Key" owner="Collections">
<arg>${json_data['results'][0]}</arg>
<arg>${key}</arg>
<doc>Fails if ``key`` is not found from ``dictionary``.</doc>
<status status="PASS" start="2024-08-02T20:16:37.221848" elapsed="0.000375"/>
</kw>
<kw name="Log" owner="BuiltIn">
<msg time="2024-08-02T20:16:37.222752" level="INFO">{'gender': 'female', 'name': {'title': 'Ms', 'first': 'Freya', 'last': 'White'}, 'location': {'street': {'number': 9906, 'name': 'Broadway Avenue'}, 'city': 'Taupo', 'state': 'Otago', 'country': 'New Zealand', 'postcode': 40121, 'coordinates': {'latitude': '54.1578', 'longitude': '93.9667'}, 'timezone': {'offset': '+2:00', 'description': 'Kaliningrad, South Africa'}}, 'email': 'freya.white@example.com', 'login': {'uuid': '5de8f1b9-569e-490d-a8c4-5bba34641768', 'username': 'crazygoose741', 'password': 'sandiego', 'salt': 'AJ5JbZjG', 'md5': '87fd96fe13c3f0d483025ccadfc97e41', 'sha1': '84d6313ac50adea9bc590cad0cc42aae9f2a78a5', 'sha256': '4e37c4fc0837ca54d6a913456a647117aaf15fd539785de7db212c57a5f441b6'}, 'dob': {'date': '1985-10-20T22:24:29.561Z', 'age': 38}, 'registered': {'date': '2016-01-28T14:57:17.210Z', 'age': 8}, 'phone': '(342)-144-5893', 'cell': '(010)-400-8820', 'id': {'name': '', 'value': None}, 'picture': {'large': 'https://randomuser.me/api/portraits/women/23.jpg', 'medium': 'https://randomuser.me/api/portraits/med/women/23.jpg', 'thumbnail': 'https://randomuser.me/api/portraits/thumb/women/23.jpg'}, 'nat': 'NZ'}</msg>
<arg>${json_data['results'][0]}</arg>
<doc>Logs the given message with the given level.</doc>
<status status="PASS" start="2024-08-02T20:16:37.222402" elapsed="0.000398"/>
</kw>
<kw name="Log" owner="BuiltIn">
<msg time="2024-08-02T20:16:37.223214" level="INFO">login</msg>
<arg>${key}</arg>
<doc>Logs the given message with the given level.</doc>
<status status="PASS" start="2024-08-02T20:16:37.223088" elapsed="0.000163"/>
</kw>
<var name="${key}">login</var>
<status status="PASS" start="2024-08-02T20:16:37.221742" elapsed="0.001720"/>
</iter>
<var>${key}</var>
<value>@{expected_keys}</value>
<status status="PASS" start="2024-08-02T20:16:37.213577" elapsed="0.010003"/>
</for>
<kw name="Create List" owner="BuiltIn">
<msg time="2024-08-02T20:16:37.223897" level="INFO">${expected_keysTwo} = ['username', 'password']</msg>
<var>${expected_keysTwo}</var>
<arg>username</arg>
<arg>password</arg>
<doc>Returns a list containing given items.</doc>
<status status="PASS" start="2024-08-02T20:16:37.223764" elapsed="0.000157"/>
</kw>
<for flavor="IN">
<iter>
<kw name="Dictionary Should Contain Key" owner="Collections">
<arg>${json_data['results'][0]['login']}</arg>
<arg>${keyTwo}</arg>
<doc>Fails if ``key`` is not found from ``dictionary``.</doc>
<status status="PASS" start="2024-08-02T20:16:37.224488" elapsed="0.000389"/>
</kw>
<kw name="Dictionary Should Contain Key" owner="Collections">
<arg>${json_data['results'][0]['login']}</arg>
<arg>${keyTwo}</arg>
<doc>Fails if ``key`` is not found from ``dictionary``.</doc>
<status status="PASS" start="2024-08-02T20:16:37.225095" elapsed="0.000378"/>
</kw>
<kw name="Log" owner="BuiltIn">
<msg time="2024-08-02T20:16:37.225776" level="INFO">username</msg>
<arg>${keyTwo}</arg>
<doc>Logs the given message with the given level.</doc>
<status status="PASS" start="2024-08-02T20:16:37.225650" elapsed="0.000166"/>
</kw>
<var name="${keyTwo}">username</var>
<status status="PASS" start="2024-08-02T20:16:37.224361" elapsed="0.001749"/>
</iter>
<iter>
<kw name="Dictionary Should Contain Key" owner="Collections">
<arg>${json_data['results'][0]['login']}</arg>
<arg>${keyTwo}</arg>
<doc>Fails if ``key`` is not found from ``dictionary``.</doc>
<status status="PASS" start="2024-08-02T20:16:37.226495" elapsed="0.000420"/>
</kw>
<kw name="Dictionary Should Contain Key" owner="Collections">
<arg>${json_data['results'][0]['login']}</arg>
<arg>${keyTwo}</arg>
<doc>Fails if ``key`` is not found from ``dictionary``.</doc>
<status status="PASS" start="2024-08-02T20:16:37.227095" elapsed="0.000369"/>
</kw>
<kw name="Log" owner="BuiltIn">
<msg time="2024-08-02T20:16:37.227761" level="INFO">password</msg>
<arg>${keyTwo}</arg>
<doc>Logs the given message with the given level.</doc>
<status status="PASS" start="2024-08-02T20:16:37.227637" elapsed="0.000161"/>
</kw>
<var name="${keyTwo}">password</var>
<status status="PASS" start="2024-08-02T20:16:37.226318" elapsed="0.001699"/>
</iter>
<var>${keyTwo}</var>
<value>@{expected_keysTwo}</value>
<status status="PASS" start="2024-08-02T20:16:37.224186" elapsed="0.003950"/>
</for>
<status status="PASS" start="2024-08-02T20:16:37.140057" elapsed="0.088217"/>
</kw>
<doc>Testa a estrutura da resposta da API.</doc>
<tag>testeEstruturaResposta</tag>
<status status="PASS" start="2024-08-02T20:16:37.139541" elapsed="0.088881"/>
</test>
<test id="s1-s1-t4" name="Validar tipos de dados" line="28">
<kw name="Teste de Tipos de Dados" owner="random-user-service">
<kw name="GET On Session" owner="RequestsLibrary">
<msg time="2024-08-02T20:16:37.302185" level="INFO">GET Request : url=https://randomuser.me/api 
 path_url=/api 
 headers={'User-Agent': 'python-requests/2.32.3', 'Accept-Encoding': 'gzip, deflate', 'Accept': '*/*', 'Connection': 'keep-alive'} 
 body=None 
 </msg>
<msg time="2024-08-02T20:16:37.302266" level="INFO">GET Response : url=https://randomuser.me/api 
 status=200, reason=OK 
 headers={'Date': 'Fri, 02 Aug 2024 20:16:37 GMT', 'Content-Type': 'application/json; charset=utf-8', 'Transfer-Encoding': 'chunked', 'Connection': 'keep-alive', 'X-Powered-By': 'Express', 'Access-Control-Allow-Origin': '*', 'Cache-Control': 'no-cache', 'ETag': 'W/"49f-4CwIucd2FX0+wkBBGG6UMMKG2Vk"', 'Vary': 'Accept-Encoding', 'Content-Encoding': 'gzip', 'CF-Cache-Status': 'DYNAMIC', 'Report-To': '{"endpoints":[{"url":"https:\\/\\/a.nel.cloudflare.com\\/report\\/v4?s=kChu7cf8muljVWMsIG5cKhspRcXcKn%2BfnevEk6yu2l5YWpJq%2FyVhjDjVlLeO2MoeWf3%2FzeanCGxEy%2FyArdW7w1ih%2BDHdOhTAqWbuDuu5aeHxjtzp86oQikbbCd8pXIgi"}],"group":"cf-nel","max_age":604800}', 'NEL': '{"success_fraction":0,"report_to":"cf-nel","max_age":604800}', 'Server': 'cloudflare', 'CF-RAY': '8ad0bf28bbb96057-ORD', 'alt-svc': 'h3=":443"; ma=86400'} 
 body={"results":[{"gender":"female","name":{"title":"Ms","first":"غزل","last":"سلطانی نژاد"},"location":{"street":{"number":9408,"name":"پاسداران"},"city":"شهریار","state":"قزوین","country":"Iran","postcode":68562,"coordinates":{"latitude":"18.6408","longitude":"147.4178"},"timezone":{"offset":"-4:00","description":"Atlantic Time (Canada), Caracas, La Paz"}},"email":"gzl.sltnynjd@example.com","login":{"uuid":"85d4ff98-a75a-4937-b01a-8ffdcc1604fe","username":"redlion945","password":"avalanch","salt":"CvPLpBmb","md5":"5f7b164cd29939d4d7870062f3c17b4b","sha1":"98b9f8fb0283b066c71746639f8a43a02df3367b","sha256":"6bcee4315edf4cb89aaf417cbfa7f90897792499ab0267744ad9dd588642281f"},"dob":{"date":"2001-01-24T05:04:18.936Z","age":23},"registered":{"date":"2019-08-11T14:33:36.382Z","age":4},"phone":"071-30299957","cell":"0972-450-1852","id":{"name":"","value":null},"picture":{"large":"https://randomuser.me/api/portraits/women/77.jpg","medium":"https://randomuser.me/api/portraits/med/women/77.jpg","thumbnail":"https://randomuser.me/api/portraits/thumb/women/77.jpg"},"nat":"IR"}],"info":{"seed":"080b61ca2d4eb04f","results":1,"page":1,"version":"1.4"}} 
 </msg>
<msg time="2024-08-02T20:16:37.302339" level="INFO">/opt/hostedtoolcache/Python/3.12.4/x64/lib/python3.12/site-packages/urllib3/connectionpool.py:1099: InsecureRequestWarning: Unverified HTTPS request is being made to host 'randomuser.me'. Adding certificate verification is strongly advised. See: https://urllib3.readthedocs.io/en/latest/advanced-usage.html#tls-warnings
  warnings.warn(</msg>
<msg time="2024-08-02T20:16:37.302451" level="INFO">${response} = &lt;Response [200]&gt;</msg>
<var>${response}</var>
<arg>consultarAPI</arg>
<arg>/api</arg>
<doc>Sends a GET request on a previously created HTTP Session.</doc>
<status status="PASS" start="2024-08-02T20:16:37.230945" elapsed="0.071558"/>
</kw>
<kw name="Set Variable" owner="BuiltIn">
<msg time="2024-08-02T20:16:37.303352" level="INFO">${json_data} = {'results': [{'gender': 'female', 'name': {'title': 'Ms', 'first': 'غزل', 'last': 'سلطانی نژاد'}, 'location': {'street': {'number': 9408, 'name': 'پاسداران'}, 'city': 'شهریار', 'state': 'قزوین', 'coun...</msg>
<var>${json_data}</var>
<arg>${response.json()}</arg>
<doc>Returns the given values which can then be assigned to a variables.</doc>
<status status="PASS" start="2024-08-02T20:16:37.302881" elapsed="0.000502"/>
</kw>
<kw name="Log" owner="BuiltIn">
<msg time="2024-08-02T20:16:37.303853" level="INFO">{'results': [{'gender': 'female', 'name': {'title': 'Ms', 'first': 'غزل', 'last': 'سلطانی نژاد'}, 'location': {'street': {'number': 9408, 'name': 'پاسداران'}, 'city': 'شهریار', 'state': 'قزوین', 'country': 'Iran', 'postcode': 68562, 'coordinates': {'latitude': '18.6408', 'longitude': '147.4178'}, 'timezone': {'offset': '-4:00', 'description': 'Atlantic Time (Canada), Caracas, La Paz'}}, 'email': 'gzl.sltnynjd@example.com', 'login': {'uuid': '85d4ff98-a75a-4937-b01a-8ffdcc1604fe', 'username': 'redlion945', 'password': 'avalanch', 'salt': 'CvPLpBmb', 'md5': '5f7b164cd29939d4d7870062f3c17b4b', 'sha1': '98b9f8fb0283b066c71746639f8a43a02df3367b', 'sha256': '6bcee4315edf4cb89aaf417cbfa7f90897792499ab0267744ad9dd588642281f'}, 'dob': {'date': '2001-01-24T05:04:18.936Z', 'age': 23}, 'registered': {'date': '2019-08-11T14:33:36.382Z', 'age': 4}, 'phone': '071-30299957', 'cell': '0972-450-1852', 'id': {'name': '', 'value': None}, 'picture': {'large': 'https://randomuser.me/api/portraits/women/77.jpg', 'medium': 'https://randomuser.me/api/portraits/med/women/77.jpg', 'thumbnail': 'https://randomuser.me/api/portraits/thumb/women/77.jpg'}, 'nat': 'IR'}], 'info': {'seed': '080b61ca2d4eb04f', 'results': 1, 'page': 1, 'version': '1.4'}}</msg>
<arg>${json_data}</arg>
<doc>Logs the given message with the given level.</doc>
<status status="PASS" start="2024-08-02T20:16:37.303693" elapsed="0.000217"/>
</kw>
<kw name="Should Be String" owner="String">
<arg>${json_data['results'][0]['gender']}</arg>
<doc>Fails if the given ``item`` is not a string.</doc>
<status status="PASS" start="2024-08-02T20:16:37.304208" elapsed="0.000374"/>
</kw>
<kw name="Should Match Regexp" owner="BuiltIn">
<arg>${json_data['results'][0]['email']}</arg>
<arg>^[a-zA-Z0-9._%+-]+@[a-zA-Z0-9.-]+\.[a-zA-Z]{2,}$</arg>
<doc>Fails if ``string`` does not match ``pattern`` as a regular expression.</doc>
<status status="PASS" start="2024-08-02T20:16:37.304774" elapsed="0.000560"/>
</kw>
<kw name="Should Match Regexp" owner="BuiltIn">
<arg>${json_data['results'][0]['dob']['date']}</arg>
<arg>\\d{4}-\\d{2}-\\d{2}T\\d{2}:\\d{2}:\\d{2}\\.\\d{3}Z</arg>
<doc>Fails if ``string`` does not match ``pattern`` as a regular expression.</doc>
<status status="PASS" start="2024-08-02T20:16:37.305570" elapsed="0.000598"/>
</kw>
<kw name="Should Match Regexp" owner="BuiltIn">
<arg>${json_data['results'][0]['registered']['date']}</arg>
<arg>\\d{4}-\\d{2}-\\d{2}T\\d{2}:\\d{2}:\\d{2}\\.\\d{3}Z</arg>
<doc>Fails if ``string`` does not match ``pattern`` as a regular expression.</doc>
<status status="PASS" start="2024-08-02T20:16:37.306362" elapsed="0.000368"/>
</kw>
<kw name="Should Match Regexp" owner="BuiltIn">
<arg>${json_data['results'][0]['picture']['large']}</arg>
<arg>^https?://.*\.(?:png|jpe?g|gif|bmp)$</arg>
<doc>Fails if ``string`` does not match ``pattern`` as a regular expression.</doc>
<status status="PASS" start="2024-08-02T20:16:37.306916" elapsed="0.000464"/>
</kw>
<kw name="Should Match Regexp" owner="BuiltIn">
<arg>${json_data['results'][0]['picture']['medium']}</arg>
<arg>^https?://.*\.(?:png|jpe?g|gif|bmp)$</arg>
<doc>Fails if ``string`` does not match ``pattern`` as a regular expression.</doc>
<status status="PASS" start="2024-08-02T20:16:37.307567" elapsed="0.000349"/>
</kw>
<kw name="Should Match Regexp" owner="BuiltIn">
<arg>${json_data['results'][0]['picture']['thumbnail']}</arg>
<arg>^https?://.*\.(?:png|jpe?g|gif|bmp)$</arg>
<doc>Fails if ``string`` does not match ``pattern`` as a regular expression.</doc>
<status status="PASS" start="2024-08-02T20:16:37.308097" elapsed="0.000374"/>
</kw>
<kw name="Log" owner="BuiltIn">
<msg time="2024-08-02T20:16:37.309010" level="INFO">{'large': 'https://randomuser.me/api/portraits/women/77.jpg', 'medium': 'https://randomuser.me/api/portraits/med/women/77.jpg', 'thumbnail': 'https://randomuser.me/api/portraits/thumb/women/77.jpg'}</msg>
<arg>${json_data['results'][0]['picture']}</arg>
<doc>Logs the given message with the given level.</doc>
<status status="PASS" start="2024-08-02T20:16:37.308660" elapsed="0.000402"/>
</kw>
<status status="PASS" start="2024-08-02T20:16:37.230721" elapsed="0.078598"/>
</kw>
<kw name="Teste de Tipos de Dados - Postcode" owner="random-user-service">
<kw name="GET On Session" owner="RequestsLibrary">
<msg time="2024-08-02T20:16:37.397865" level="INFO">GET Request : url=https://randomuser.me/api 
 path_url=/api 
 headers={'User-Agent': 'python-requests/2.32.3', 'Accept-Encoding': 'gzip, deflate', 'Accept': '*/*', 'Connection': 'keep-alive'} 
 body=None 
 </msg>
<msg time="2024-08-02T20:16:37.397950" level="INFO">GET Response : url=https://randomuser.me/api 
 status=200, reason=OK 
 headers={'Date': 'Fri, 02 Aug 2024 20:16:37 GMT', 'Content-Type': 'application/json; charset=utf-8', 'Transfer-Encoding': 'chunked', 'Connection': 'keep-alive', 'X-Powered-By': 'Express', 'Access-Control-Allow-Origin': '*', 'Cache-Control': 'no-cache', 'ETag': 'W/"499-ZFhk3DY7IoEsp0Rs517vqDxkq/A"', 'Vary': 'Accept-Encoding', 'Content-Encoding': 'gzip', 'CF-Cache-Status': 'DYNAMIC', 'Report-To': '{"endpoints":[{"url":"https:\\/\\/a.nel.cloudflare.com\\/report\\/v4?s=DjG1Xgi9BcXIo3iDZ9q4OgtvkMpegBsyVL1ACQuN%2Fey%2B6BbHLdYkiCgIIB82CFwWIXrM1X0rot2UbC12jENRD6ruKTxzqV%2B9KFAiM%2ByP8YAPTMPfWD0jslllypfRxJW1"}],"group":"cf-nel","max_age":604800}', 'NEL': '{"success_fraction":0,"report_to":"cf-nel","max_age":604800}', 'Server': 'cloudflare', 'CF-RAY': '8ad0bf293c206057-ORD', 'alt-svc': 'h3=":443"; ma=86400'} 
 body={"results":[{"gender":"male","name":{"title":"Mr","first":"Otto","last":"Hanninen"},"location":{"street":{"number":516,"name":"Aleksanterinkatu"},"city":"Vaala","state":"Southern Savonia","country":"Finland","postcode":99943,"coordinates":{"latitude":"-24.2525","longitude":"-78.5755"},"timezone":{"offset":"-4:00","description":"Atlantic Time (Canada), Caracas, La Paz"}},"email":"otto.hanninen@example.com","login":{"uuid":"c1400edf-cf55-44cd-aebf-8b3320044091","username":"redwolf558","password":"time","salt":"U0vwpW14","md5":"973e2ab6f1e85233dbe509e1311fc6ac","sha1":"c07cf0141bfff8c87c06d5c3970260655ed42e14","sha256":"56df85b4f00c46c89cc1204a799f2387560eefbc8de47e3c6d21cd65ea727a29"},"dob":{"date":"1986-07-02T22:38:08.124Z","age":38},"registered":{"date":"2006-05-17T01:01:50.202Z","age":18},"phone":"03-002-305","cell":"040-232-11-15","id":{"name":"HETU","value":"NaNNA465undefined"},"picture":{"large":"https://randomuser.me/api/portraits/men/23.jpg","medium":"https://randomuser.me/api/portraits/med/men/23.jpg","thumbnail":"https://randomuser.me/api/portraits/thumb/men/23.jpg"},"nat":"FI"}],"info":{"seed":"81964021361c19dc","results":1,"page":1,"version":"1.4"}} 
 </msg>
<msg time="2024-08-02T20:16:37.398019" level="INFO">/opt/hostedtoolcache/Python/3.12.4/x64/lib/python3.12/site-packages/urllib3/connectionpool.py:1099: InsecureRequestWarning: Unverified HTTPS request is being made to host 'randomuser.me'. Adding certificate verification is strongly advised. See: https://urllib3.readthedocs.io/en/latest/advanced-usage.html#tls-warnings
  warnings.warn(</msg>
<msg time="2024-08-02T20:16:37.398179" level="INFO">${response} = &lt;Response [200]&gt;</msg>
<var>${response}</var>
<arg>consultarAPI</arg>
<arg>/api</arg>
<doc>Sends a GET request on a previously created HTTP Session.</doc>
<status status="PASS" start="2024-08-02T20:16:37.309756" elapsed="0.088474"/>
</kw>
<kw name="Set Variable" owner="BuiltIn">
<msg time="2024-08-02T20:16:37.399124" level="INFO">${json_data} = {'results': [{'gender': 'male', 'name': {'title': 'Mr', 'first': 'Otto', 'last': 'Hanninen'}, 'location': {'street': {'number': 516, 'name': 'Aleksanterinkatu'}, 'city': 'Vaala', 'state': 'Southern Sa...</msg>
<var>${json_data}</var>
<arg>${response.json()}</arg>
<doc>Returns the given values which can then be assigned to a variables.</doc>
<status status="PASS" start="2024-08-02T20:16:37.398667" elapsed="0.000485"/>
</kw>
<kw name="Log" owner="BuiltIn">
<msg time="2024-08-02T20:16:37.399616" level="INFO">{'results': [{'gender': 'male', 'name': {'title': 'Mr', 'first': 'Otto', 'last': 'Hanninen'}, 'location': {'street': {'number': 516, 'name': 'Aleksanterinkatu'}, 'city': 'Vaala', 'state': 'Southern Savonia', 'country': 'Finland', 'postcode': 99943, 'coordinates': {'latitude': '-24.2525', 'longitude': '-78.5755'}, 'timezone': {'offset': '-4:00', 'description': 'Atlantic Time (Canada), Caracas, La Paz'}}, 'email': 'otto.hanninen@example.com', 'login': {'uuid': 'c1400edf-cf55-44cd-aebf-8b3320044091', 'username': 'redwolf558', 'password': 'time', 'salt': 'U0vwpW14', 'md5': '973e2ab6f1e85233dbe509e1311fc6ac', 'sha1': 'c07cf0141bfff8c87c06d5c3970260655ed42e14', 'sha256': '56df85b4f00c46c89cc1204a799f2387560eefbc8de47e3c6d21cd65ea727a29'}, 'dob': {'date': '1986-07-02T22:38:08.124Z', 'age': 38}, 'registered': {'date': '2006-05-17T01:01:50.202Z', 'age': 18}, 'phone': '03-002-305', 'cell': '040-232-11-15', 'id': {'name': 'HETU', 'value': 'NaNNA465undefined'}, 'picture': {'large': 'https://randomuser.me/api/portraits/men/23.jpg', 'medium': 'https://randomuser.me/api/portraits/med/men/23.jpg', 'thumbnail': 'https://randomuser.me/api/portraits/thumb/men/23.jpg'}, 'nat': 'FI'}], 'info': {'seed': '81964021361c19dc', 'results': 1, 'page': 1, 'version': '1.4'}}</msg>
<arg>${json_data}</arg>
<doc>Logs the given message with the given level.</doc>
<status status="PASS" start="2024-08-02T20:16:37.399461" elapsed="0.000201"/>
</kw>
<kw name="Should Be Equal As Numbers" owner="BuiltIn">
<arg>${json_data['results'][0]['location']['postcode']}</arg>
<arg>${json_data['results'][0]['location']['postcode']}</arg>
<doc>Fails if objects are unequal after converting them to real numbers.</doc>
<status status="PASS" start="2024-08-02T20:16:37.399953" elapsed="0.000650"/>
</kw>
<kw name="Log" owner="BuiltIn">
<msg time="2024-08-02T20:16:37.401172" level="INFO">99943</msg>
<arg>${json_data['results'][0]['location']['postcode']}</arg>
<doc>Logs the given message with the given level.</doc>
<status status="PASS" start="2024-08-02T20:16:37.400799" elapsed="0.000414"/>
</kw>
<status status="PASS" start="2024-08-02T20:16:37.309530" elapsed="0.091969"/>
</kw>
<doc>Testa se os tipos de dados na resposta da API estão corretos.</doc>
<tag>testeTiposDados</tag>
<status status="PASS" start="2024-08-02T20:16:37.230209" elapsed="0.171462"/>
</test>
<test id="s1-s1-t5" name="Validar conteudo" line="35">
<kw name="Teste de Tipos de Conteudo" owner="random-user-service">
<kw name="GET On Session" owner="RequestsLibrary">
<msg time="2024-08-02T20:16:37.513036" level="INFO">GET Request : url=https://randomuser.me/api 
 path_url=/api 
 headers={'User-Agent': 'python-requests/2.32.3', 'Accept-Encoding': 'gzip, deflate', 'Accept': '*/*', 'Connection': 'keep-alive'} 
 body=None 
 </msg>
<msg time="2024-08-02T20:16:37.513138" level="INFO">GET Response : url=https://randomuser.me/api 
 status=200, reason=OK 
 headers={'Date': 'Fri, 02 Aug 2024 20:16:37 GMT', 'Content-Type': 'application/json; charset=utf-8', 'Transfer-Encoding': 'chunked', 'Connection': 'keep-alive', 'X-Powered-By': 'Express', 'Access-Control-Allow-Origin': '*', 'Cache-Control': 'no-cache', 'ETag': 'W/"49e-WIjW1usxbITVY5nHHptbiybV8hc"', 'Vary': 'Accept-Encoding', 'Content-Encoding': 'gzip', 'CF-Cache-Status': 'DYNAMIC', 'Report-To': '{"endpoints":[{"url":"https:\\/\\/a.nel.cloudflare.com\\/report\\/v4?s=v5Dz%2Bs6xC6AAh3E3igmbrN%2BDX0ITtUhmP%2FDx0taekraTrZiwYqlbXFNzU82Uj7%2B8OE%2FHyP%2BCuGOVBGjl28aTghelxGK25vPDGIaag7W%2BoEZMJDOu8l%2BEYYCgoY0%2Bm%2B9T"}],"group":"cf-nel","max_age":604800}', 'NEL': '{"success_fraction":0,"report_to":"cf-nel","max_age":604800}', 'Server': 'cloudflare', 'CF-RAY': '8ad0bf29ccc66057-ORD', 'alt-svc': 'h3=":443"; ma=86400'} 
 body={"results":[{"gender":"female","name":{"title":"Mrs","first":"Sofia","last":"Carvalho"},"location":{"street":{"number":9372,"name":"Travessa dos Açorianos"},"city":"Magé","state":"Bahia","country":"Brazil","postcode":23340,"coordinates":{"latitude":"-75.2846","longitude":"98.2216"},"timezone":{"offset":"-7:00","description":"Mountain Time (US &amp; Canada)"}},"email":"sofia.carvalho@example.com","login":{"uuid":"d2a2ef82-241e-4343-9370-d8908256ce98","username":"beautifulsnake585","password":"janelle","salt":"te4nqp2n","md5":"bda95dc9bad41041b51b9a9a98fb3026","sha1":"d1fd75de836082f7c7a6321b44db65a04771da07","sha256":"b242d8979bf224d8c63b929b37293faf9320b797cf839e10c910af48149361e7"},"dob":{"date":"1978-06-30T00:16:12.828Z","age":46},"registered":{"date":"2002-09-30T23:41:44.979Z","age":21},"phone":"(13) 3795-5641","cell":"(45) 7300-3372","id":{"name":"CPF","value":"334.320.244-73"},"picture":{"large":"https://randomuser.me/api/portraits/women/48.jpg","medium":"https://randomuser.me/api/portraits/med/women/48.jpg","thumbnail":"https://randomuser.me/api/portraits/thumb/women/48.jpg"},"nat":"BR"}],"info":{"seed":"f654d3059e1468c3","results":1,"page":1,"version":"1.4"}} 
 </msg>
<msg time="2024-08-02T20:16:37.513223" level="INFO">/opt/hostedtoolcache/Python/3.12.4/x64/lib/python3.12/site-packages/urllib3/connectionpool.py:1099: InsecureRequestWarning: Unverified HTTPS request is being made to host 'randomuser.me'. Adding certificate verification is strongly advised. See: https://urllib3.readthedocs.io/en/latest/advanced-usage.html#tls-warnings
  warnings.warn(</msg>
<msg time="2024-08-02T20:16:37.513351" level="INFO">${response} = &lt;Response [200]&gt;</msg>
<var>${response}</var>
<arg>consultarAPI</arg>
<arg>/api</arg>
<doc>Sends a GET request on a previously created HTTP Session.</doc>
<status status="PASS" start="2024-08-02T20:16:37.404073" elapsed="0.109326"/>
</kw>
<kw name="Set Variable" owner="BuiltIn">
<msg time="2024-08-02T20:16:37.514423" level="INFO">${json_data} = {'results': [{'gender': 'female', 'name': {'title': 'Mrs', 'first': 'Sofia', 'last': 'Carvalho'}, 'location': {'street': {'number': 9372, 'name': 'Travessa dos Açorianos'}, 'city': 'Magé', 'state': 'B...</msg>
<var>${json_data}</var>
<arg>${response.json()}</arg>
<doc>Returns the given values which can then be assigned to a variables.</doc>
<status status="PASS" start="2024-08-02T20:16:37.513927" elapsed="0.000528"/>
</kw>
<kw name="Set Variable" owner="BuiltIn">
<msg time="2024-08-02T20:16:37.515168" level="INFO">${name_title} = Mrs</msg>
<var>${name_title}</var>
<arg>${json_data["results"][0]["name"]["title"]}</arg>
<doc>Returns the given values which can then be assigned to a variables.</doc>
<status status="PASS" start="2024-08-02T20:16:37.514772" elapsed="0.000422"/>
</kw>
<kw name="Create List" owner="BuiltIn">
<msg time="2024-08-02T20:16:37.515648" level="INFO">${allowed_titles} = ['Mr', 'Ms', 'Miss', 'Mrs', 'Madame', 'Monsieur']</msg>
<var>${allowed_titles}</var>
<arg>Mr</arg>
<arg>Ms</arg>
<arg>Miss</arg>
<arg>Mrs</arg>
<arg>Madame</arg>
<arg>Monsieur</arg>
<doc>Returns a list containing given items.</doc>
<status status="PASS" start="2024-08-02T20:16:37.515496" elapsed="0.000177"/>
</kw>
<kw name="List Should Contain Value" owner="Collections">
<arg>${allowed_titles}</arg>
<arg>${name_title}</arg>
<doc>Fails if the ``value`` is not found from ``list``.</doc>
<status status="PASS" start="2024-08-02T20:16:37.515978" elapsed="0.000181"/>
</kw>
<kw name="Set Variable" owner="BuiltIn">
<msg time="2024-08-02T20:16:37.516722" level="INFO">${name_country} = BR</msg>
<var>${name_country}</var>
<arg>${json_data["results"][0]["nat"]}</arg>
<doc>Returns the given values which can then be assigned to a variables.</doc>
<status status="PASS" start="2024-08-02T20:16:37.516340" elapsed="0.000409"/>
</kw>
<kw name="Create List" owner="BuiltIn">
<msg time="2024-08-02T20:16:37.517668" level="INFO">${list_country} = ['AD', 'AE', 'AF', 'AG', 'AI', 'AL', 'AM', 'AO', 'AQ', 'AR', 'AS', 'AT', 'AU', 'AW', 'AX', 'AZ', 'BA', 'BB', 'BD', 'BE', 'BF', 'BG', 'BH', 'BI', 'BJ', 'BL', 'BM', 'BN', 'BO', 'BQ', 'BR', 'BS', 'BT', '...</msg>
<var>${list_country}</var>
<arg>AD</arg>
<arg>AE</arg>
<arg>AF</arg>
<arg>AG</arg>
<arg>AI</arg>
<arg>AL</arg>
<arg>AM</arg>
<arg>AO</arg>
<arg>AQ</arg>
<arg>AR</arg>
<arg>AS</arg>
<arg>AT</arg>
<arg>AU</arg>
<arg>AW</arg>
<arg>AX</arg>
<arg>AZ</arg>
<arg>BA</arg>
<arg>BB</arg>
<arg>BD</arg>
<arg>BE</arg>
<arg>BF</arg>
<arg>BG</arg>
<arg>BH</arg>
<arg>BI</arg>
<arg>BJ</arg>
<arg>BL</arg>
<arg>BM</arg>
<arg>BN</arg>
<arg>BO</arg>
<arg>BQ</arg>
<arg>BR</arg>
<arg>BS</arg>
<arg>BT</arg>
<arg>BV</arg>
<arg>BW</arg>
<arg>BY</arg>
<arg>BZ</arg>
<arg>CA</arg>
<arg>CC</arg>
<arg>CD</arg>
<arg>CF</arg>
<arg>CG</arg>
<arg>CH</arg>
<arg>CI</arg>
<arg>CK</arg>
<arg>CL</arg>
<arg>CM</arg>
<arg>CN</arg>
<arg>CO</arg>
<arg>CR</arg>
<arg>CU</arg>
<arg>CV</arg>
<arg>CW</arg>
<arg>CX</arg>
<arg>CY</arg>
<arg>CZ</arg>
<arg>DE</arg>
<arg>DJ</arg>
<arg>DK</arg>
<arg>DM</arg>
<arg>DO</arg>
<arg>DZ</arg>
<arg>EC</arg>
<arg>EE</arg>
<arg>EG</arg>
<arg>EH</arg>
<arg>ER</arg>
<arg>ES</arg>
<arg>ET</arg>
<arg>FI</arg>
<arg>FJ</arg>
<arg>FK</arg>
<arg>FM</arg>
<arg>FO</arg>
<arg>FR</arg>
<arg>GA</arg>
<arg>GB</arg>
<arg>GD</arg>
<arg>GE</arg>
<arg>GF</arg>
<arg>GG</arg>
<arg>GH</arg>
<arg>GI</arg>
<arg>GL</arg>
<arg>GM</arg>
<arg>GN</arg>
<arg>GP</arg>
<arg>GQ</arg>
<arg>GR</arg>
<arg>GS</arg>
<arg>GT</arg>
<arg>GU</arg>
<arg>GW</arg>
<arg>GY</arg>
<arg>HK</arg>
<arg>HM</arg>
<arg>HN</arg>
<arg>HR</arg>
<arg>HT</arg>
<arg>HU</arg>
<arg>ID</arg>
<arg>IE</arg>
<arg>IL</arg>
<arg>IM</arg>
<arg>IN</arg>
<arg>IO</arg>
<arg>IQ</arg>
<arg>IR</arg>
<arg>IS</arg>
<arg>IT</arg>
<arg>JE</arg>
<arg>JM</arg>
<arg>JO</arg>
<arg>JP</arg>
<arg>KE</arg>
<arg>KG</arg>
<arg>KH</arg>
<arg>KI</arg>
<arg>KM</arg>
<arg>KN</arg>
<arg>KP</arg>
<arg>KR</arg>
<arg>KW</arg>
<arg>KY</arg>
<arg>KZ</arg>
<arg>LA</arg>
<arg>LB</arg>
<arg>LC</arg>
<arg>LI</arg>
<arg>LK</arg>
<arg>LR</arg>
<arg>LS</arg>
<arg>LT</arg>
<arg>LU</arg>
<arg>LV</arg>
<arg>LY</arg>
<arg>MA</arg>
<arg>MC</arg>
<arg>MD</arg>
<arg>ME</arg>
<arg>MF</arg>
<arg>MG</arg>
<arg>MH</arg>
<arg>MK</arg>
<arg>ML</arg>
<arg>MM</arg>
<arg>MN</arg>
<arg>MO</arg>
<arg>MP</arg>
<arg>MQ</arg>
<arg>MR</arg>
<arg>MS</arg>
<arg>MT</arg>
<arg>MU</arg>
<arg>MV</arg>
<arg>MW</arg>
<arg>MX</arg>
<arg>MY</arg>
<arg>MZ</arg>
<arg>NA</arg>
<arg>NC</arg>
<arg>NE</arg>
<arg>NF</arg>
<arg>NG</arg>
<arg>NI</arg>
<arg>NL</arg>
<arg>NO</arg>
<arg>NP</arg>
<arg>NR</arg>
<arg>NU</arg>
<arg>NZ</arg>
<arg>OM</arg>
<arg>PA</arg>
<arg>PE</arg>
<arg>PF</arg>
<arg>PG</arg>
<arg>PH</arg>
<arg>PK</arg>
<arg>PL</arg>
<arg>PM</arg>
<arg>PN</arg>
<arg>PR</arg>
<arg>PS</arg>
<arg>PT</arg>
<arg>PW</arg>
<arg>PY</arg>
<arg>QA</arg>
<arg>RE</arg>
<arg>RO</arg>
<arg>RS</arg>
<arg>RU</arg>
<arg>RW</arg>
<arg>SA</arg>
<arg>SB</arg>
<arg>SC</arg>
<arg>SD</arg>
<arg>SE</arg>
<arg>SG</arg>
<arg>SH</arg>
<arg>SI</arg>
<arg>SJ</arg>
<arg>SK</arg>
<arg>SL</arg>
<arg>SM</arg>
<arg>SN</arg>
<arg>SO</arg>
<arg>SR</arg>
<arg>SS</arg>
<arg>ST</arg>
<arg>SV</arg>
<arg>SX</arg>
<arg>SY</arg>
<arg>SZ</arg>
<arg>TC</arg>
<arg>TD</arg>
<arg>TF</arg>
<arg>TG</arg>
<arg>TH</arg>
<arg>TJ</arg>
<arg>TK</arg>
<arg>TL</arg>
<arg>TM</arg>
<arg>TN</arg>
<arg>TO</arg>
<arg>TR</arg>
<arg>TT</arg>
<arg>TV</arg>
<arg>TW</arg>
<arg>TZ</arg>
<arg>UA</arg>
<arg>UG</arg>
<arg>UM</arg>
<arg>US</arg>
<arg>UY</arg>
<arg>UZ</arg>
<arg>VA</arg>
<arg>VC</arg>
<arg>VE</arg>
<arg>VG</arg>
<arg>VI</arg>
<arg>VN</arg>
<arg>VU</arg>
<arg>WF</arg>
<arg>WS</arg>
<arg>XK</arg>
<arg>YE</arg>
<arg>YT</arg>
<arg>ZA</arg>
<arg>ZM</arg>
<arg>ZW</arg>
<doc>Returns a list containing given items.</doc>
<status status="PASS" start="2024-08-02T20:16:37.517070" elapsed="0.000624"/>
</kw>
<kw name="List Should Contain Value" owner="Collections">
<arg>${list_country}</arg>
<arg>${name_country}</arg>
<doc>Fails if the ``value`` is not found from ``list``.</doc>
<status status="PASS" start="2024-08-02T20:16:37.518671" elapsed="0.000214"/>
</kw>
<kw name="Run Keyword If" owner="BuiltIn">
<kw name="Should Be True" owner="BuiltIn">
<arg>${True}</arg>
<doc>Fails if the given condition is not true.</doc>
<status status="PASS" start="2024-08-02T20:16:37.519839" elapsed="0.000143"/>
</kw>
<arg>${json_data["results"][0]["location"]["coordinates"]["latitude"]} &gt;= -90 and ${json_data["results"][0]["location"]["coordinates"]["latitude"]} &lt;= 90</arg>
<arg>Should Be True</arg>
<arg>${True}</arg>
<doc>Runs the given keyword with the given arguments, if ``condition`` is true.</doc>
<status status="PASS" start="2024-08-02T20:16:37.519083" elapsed="0.001027"/>
</kw>
<kw name="Run Keyword If" owner="BuiltIn">
<kw name="Should Be True" owner="BuiltIn">
<arg>${True}</arg>
<doc>Fails if the given condition is not true.</doc>
<status status="PASS" start="2024-08-02T20:16:37.521006" elapsed="0.000149"/>
</kw>
<arg>${json_data["results"][0]["location"]["coordinates"]["longitude"]} &gt;= -180 and ${json_data["results"][0]["location"]["coordinates"]["longitude"]} &lt;= 180</arg>
<arg>Should Be True</arg>
<arg>${True}</arg>
<doc>Runs the given keyword with the given arguments, if ``condition`` is true.</doc>
<status status="PASS" start="2024-08-02T20:16:37.520293" elapsed="0.000986"/>
</kw>
<status status="PASS" start="2024-08-02T20:16:37.403852" elapsed="0.117555"/>
</kw>
<doc>Testa o conteúdo específico dos campos retornados pela API.</doc>
<tag>testeConteudo</tag>
<status status="PASS" start="2024-08-02T20:16:37.403423" elapsed="0.118134"/>
</test>
<status status="PASS" start="2024-08-02T20:16:36.573744" elapsed="0.949750"/>
</suite>
<status status="PASS" start="2024-08-02T20:16:36.559544" elapsed="0.969034"/>
</suite>
<statistics>
<total>
<stat pass="5" fail="0" skip="0">All Tests</stat>
</total>
<tag>
<stat pass="1" fail="0" skip="0">testeConteudo</stat>
<stat pass="1" fail="0" skip="0">testeEstruturaResposta</stat>
<stat pass="1" fail="0" skip="0">testeRequisicaoBasica</stat>
<stat pass="1" fail="0" skip="0">testeTiposDados</stat>
</tag>
<suite>
<stat pass="5" fail="0" skip="0" id="s1" name="Tests">Tests</stat>
<stat pass="5" fail="0" skip="0" id="s1-s1" name="Random-User-Test">Tests.Random-User-Test</stat>
</suite>
</statistics>
<errors>
</errors>
</robot>
