<?xml version="1.0" encoding="UTF-8"?>
<robot generator="Robot 7.0 (Python 3.12.3 on linux)" generated="2024-06-08T05:14:21.069716" rpa="false" schemaversion="5">
<suite id="s1" name="Tests" source="/home/runner/work/ApiRandomUser/ApiRandomUser/RamdonUser/tests">
<suite id="s1-s1" name="Random-User-Test" source="/home/runner/work/ApiRandomUser/ApiRandomUser/RamdonUser/tests/random-user-test.robot">
<test id="s1-s1-t1" name="Conectar" line="13">
<kw name="Conectar API" owner="random-user-service">
<kw name="Create Session" owner="RequestsLibrary">
<msg time="2024-06-08T05:14:21.509612" level="INFO">Creating Session using : alias=consultarAPI, url=https://randomuser.me/, headers={},                     cookies={}, auth=None, timeout=None, proxies=None, verify=False,                     debug=0 </msg>
<arg>consultarAPI</arg>
<arg>${URL}</arg>
<doc>Create Session: create a HTTP session to a server</doc>
<status status="PASS" start="2024-06-08T05:14:21.509406" elapsed="0.000389"/>
</kw>
<status status="PASS" start="2024-06-08T05:14:21.508370" elapsed="0.001788"/>
</kw>
<status status="PASS" start="2024-06-08T05:14:21.507761" elapsed="0.002589"/>
</test>
<test id="s1-s1-t2" name="Validar retorno 200 e JSON Válido" line="16">
<kw name="Teste de Requisicao Basica" owner="random-user-service">
<kw name="GET On Session" owner="RequestsLibrary">
<msg time="2024-06-08T05:14:21.674775" level="INFO">GET Request : url=https://randomuser.me/api 
 path_url=/api 
 headers={'User-Agent': 'python-requests/2.32.3', 'Accept-Encoding': 'gzip, deflate', 'Accept': '*/*', 'Connection': 'keep-alive'} 
 body=None 
 </msg>
<msg time="2024-06-08T05:14:21.674934" level="INFO">GET Response : url=https://randomuser.me/api 
 status=200, reason=OK 
 headers={'Date': 'Sat, 08 Jun 2024 05:14:21 GMT', 'Content-Type': 'application/json; charset=utf-8', 'Transfer-Encoding': 'chunked', 'Connection': 'keep-alive', 'X-Powered-By': 'Express', 'Access-Control-Allow-Origin': '*', 'Cache-Control': 'no-cache', 'ETag': 'W/"486-9une2XZJgU2ITBAN2L9BfoT+EoY"', 'Vary': 'Accept-Encoding', 'Content-Encoding': 'gzip', 'CF-Cache-Status': 'DYNAMIC', 'Report-To': '{"endpoints":[{"url":"https:\\/\\/a.nel.cloudflare.com\\/report\\/v4?s=6W3GY0gGwaXFXsyU%2B%2Fkw3fepu4xMblrJMJ5hOJNY6HKSpyzuOFapWT1F9Qa86yJAm3yDCIEnwiN7xwKTGywegqo0Ddx7duM1c8A5uBAuTEEeeFRfgdufjz2sDqRE0Q%2Fz"}],"group":"cf-nel","max_age":604800}', 'NEL': '{"success_fraction":0,"report_to":"cf-nel","max_age":604800}', 'Server': 'cloudflare', 'CF-RAY': '890665dd488a0957-IAD', 'alt-svc': 'h3=":443"; ma=86400'} 
 body={"results":[{"gender":"male","name":{"title":"Mr","first":"Kyle","last":"Mcdonalid"},"location":{"street":{"number":2567,"name":"Central St"},"city":"Sacramento","state":"Idaho","country":"United States","postcode":75733,"coordinates":{"latitude":"88.8309","longitude":"-27.9789"},"timezone":{"offset":"+7:00","description":"Bangkok, Hanoi, Jakarta"}},"email":"kyle.mcdonalid@example.com","login":{"uuid":"99c41c3b-1e98-40a5-838d-6ecc540237a2","username":"lazysnake486","password":"cococo","salt":"f5MIcQvd","md5":"e4abe2ca7edfe428053302dd0044c1ea","sha1":"c0269fccab9ea2914ce3c4f161c4579bba6dac2b","sha256":"a05bced2aae8e987275a141f108516ebdf6a0649fa609d923aca44708bcbef0a"},"dob":{"date":"1995-06-16T07:38:06.227Z","age":28},"registered":{"date":"2018-07-11T15:17:36.177Z","age":5},"phone":"(420) 324-6156","cell":"(793) 708-9722","id":{"name":"SSN","value":"459-61-2946"},"picture":{"large":"https://randomuser.me/api/portraits/men/80.jpg","medium":"https://randomuser.me/api/portraits/med/men/80.jpg","thumbnail":"https://randomuser.me/api/portraits/thumb/men/80.jpg"},"nat":"US"}],"info":{"seed":"33bfda43c0524df1","results":1,"page":1,"version":"1.4"}} 
 </msg>
<msg time="2024-06-08T05:14:21.675029" level="INFO">/opt/hostedtoolcache/Python/3.12.3/x64/lib/python3.12/site-packages/urllib3/connectionpool.py:1103: InsecureRequestWarning: Unverified HTTPS request is being made to host 'randomuser.me'. Adding certificate verification is strongly advised. See: https://urllib3.readthedocs.io/en/latest/advanced-usage.html#tls-warnings
  warnings.warn(</msg>
<msg time="2024-06-08T05:14:21.675184" level="INFO">${response} = &lt;Response [200]&gt;</msg>
<var>${response}</var>
<arg>consultarAPI</arg>
<arg>/api</arg>
<doc>Sends a GET request on a previously created HTTP Session.</doc>
<status status="PASS" start="2024-06-08T05:14:21.513045" elapsed="0.162183"/>
</kw>
<kw name="Should Be Equal As Numbers" owner="BuiltIn">
<msg time="2024-06-08T05:14:21.676162" level="INFO">Argument types are:
&lt;class 'int'&gt;
&lt;class 'str'&gt;</msg>
<arg>${response.status_code}</arg>
<arg>200</arg>
<doc>Fails if objects are unequal after converting them to real numbers.</doc>
<status status="PASS" start="2024-06-08T05:14:21.675711" elapsed="0.000517"/>
</kw>
<kw name="Log" owner="BuiltIn">
<msg time="2024-06-08T05:14:21.676956" level="INFO">200</msg>
<arg>${response.status_code}</arg>
<doc>Logs the given message with the given level.</doc>
<status status="PASS" start="2024-06-08T05:14:21.676601" elapsed="0.000402"/>
</kw>
<kw name="Set Variable" owner="BuiltIn">
<msg time="2024-06-08T05:14:21.677752" level="INFO">${json_data} = {'results': [{'gender': 'male', 'name': {'title': 'Mr', 'first': 'Kyle', 'last': 'Mcdonalid'}, 'location': {'street': {'number': 2567, 'name': 'Central St'}, 'city': 'Sacramento', 'state': 'Idaho', 'c...</msg>
<var>${json_data}</var>
<arg>${response.json()}</arg>
<doc>Returns the given values which can then be assigned to a variables.</doc>
<status status="PASS" start="2024-06-08T05:14:21.677314" elapsed="0.000466"/>
</kw>
<kw name="Dictionary Should Contain Key" owner="Collections">
<msg time="2024-06-08T05:14:21.678252" level="INFO">False</msg>
<arg>${json_data}</arg>
<arg>results</arg>
<doc>Fails if ``key`` is not found from ``dictionary``.</doc>
<status status="PASS" start="2024-06-08T05:14:21.678083" elapsed="0.000375"/>
</kw>
<status status="PASS" start="2024-06-08T05:14:21.512747" elapsed="0.166012"/>
</kw>
<doc>Testa se a API responde corretamente e retorna um objeto JSON válido.</doc>
<tag>testeRequisicaoBasica</tag>
<status status="PASS" start="2024-06-08T05:14:21.512264" elapsed="0.166682"/>
</test>
<test id="s1-s1-t3" name="Validar estrutura de resposta" line="22">
<kw name="Teste de Estrutura de Resposta" owner="random-user-service">
<kw name="GET On Session" owner="RequestsLibrary">
<msg time="2024-06-08T05:14:21.784794" level="INFO">GET Request : url=https://randomuser.me/api 
 path_url=/api 
 headers={'User-Agent': 'python-requests/2.32.3', 'Accept-Encoding': 'gzip, deflate', 'Accept': '*/*', 'Connection': 'keep-alive'} 
 body=None 
 </msg>
<msg time="2024-06-08T05:14:21.784864" level="INFO">GET Response : url=https://randomuser.me/api 
 status=200, reason=OK 
 headers={'Date': 'Sat, 08 Jun 2024 05:14:21 GMT', 'Content-Type': 'application/json; charset=utf-8', 'Transfer-Encoding': 'chunked', 'Connection': 'keep-alive', 'X-Powered-By': 'Express', 'Access-Control-Allow-Origin': '*', 'Cache-Control': 'no-cache', 'ETag': 'W/"49d-ozCQ1mAnifrDzGiHfJMWInHBkEA"', 'Vary': 'Accept-Encoding', 'Content-Encoding': 'gzip', 'CF-Cache-Status': 'DYNAMIC', 'Report-To': '{"endpoints":[{"url":"https:\\/\\/a.nel.cloudflare.com\\/report\\/v4?s=AB9o4YN9ax2x5sQoqa4qdYxmTzUl4z0pZiUuSIsHmmB7q1DGGGt2Yy0tHYPLMKJGWcrW6F%2F3NBp2aBcbYxXk0CNk8yi492luyRr6CnQDK2k1lMLpbF3Zg%2FlD5Bv%2BRU7q"}],"group":"cf-nel","max_age":604800}', 'NEL': '{"success_fraction":0,"report_to":"cf-nel","max_age":604800}', 'Server': 'cloudflare', 'CF-RAY': '890665dd88b10957-IAD', 'alt-svc': 'h3=":443"; ma=86400'} 
 body={"results":[{"gender":"female","name":{"title":"Miss","first":"Rubi","last":"Dias"},"location":{"street":{"number":8010,"name":"Rua João Xxiii"},"city":"Aracaju","state":"Minas Gerais","country":"Brazil","postcode":90008,"coordinates":{"latitude":"-73.2125","longitude":"17.1302"},"timezone":{"offset":"+8:00","description":"Beijing, Perth, Singapore, Hong Kong"}},"email":"rubi.dias@example.com","login":{"uuid":"d61dc607-e0ae-49d1-be16-78a3a499cc2b","username":"happyladybug603","password":"arizona","salt":"aN3JZgT4","md5":"42994336a90ebbe6c5b5da5aca27629f","sha1":"7e7c4c51b4bed8ed4ea8ab472b63ed1976e9a5ac","sha256":"2d9abe691809706f6669f4656668687314363bf98edf4e1aee318ee5c1e3195d"},"dob":{"date":"1983-01-07T14:27:31.906Z","age":41},"registered":{"date":"2006-08-11T13:19:49.080Z","age":17},"phone":"(25) 5771-7480","cell":"(08) 4783-5237","id":{"name":"CPF","value":"305.011.465-01"},"picture":{"large":"https://randomuser.me/api/portraits/women/65.jpg","medium":"https://randomuser.me/api/portraits/med/women/65.jpg","thumbnail":"https://randomuser.me/api/portraits/thumb/women/65.jpg"},"nat":"BR"}],"info":{"seed":"3a4c00364dc75394","results":1,"page":1,"version":"1.4"}} 
 </msg>
<msg time="2024-06-08T05:14:21.784962" level="INFO">/opt/hostedtoolcache/Python/3.12.3/x64/lib/python3.12/site-packages/urllib3/connectionpool.py:1103: InsecureRequestWarning: Unverified HTTPS request is being made to host 'randomuser.me'. Adding certificate verification is strongly advised. See: https://urllib3.readthedocs.io/en/latest/advanced-usage.html#tls-warnings
  warnings.warn(</msg>
<msg time="2024-06-08T05:14:21.785074" level="INFO">${response} = &lt;Response [200]&gt;</msg>
<var>${response}</var>
<arg>consultarAPI</arg>
<arg>/api</arg>
<doc>Sends a GET request on a previously created HTTP Session.</doc>
<status status="PASS" start="2024-06-08T05:14:21.681521" elapsed="0.103589"/>
</kw>
<kw name="Set Variable" owner="BuiltIn">
<msg time="2024-06-08T05:14:21.785949" level="INFO">${json_data} = {'results': [{'gender': 'female', 'name': {'title': 'Miss', 'first': 'Rubi', 'last': 'Dias'}, 'location': {'street': {'number': 8010, 'name': 'Rua João Xxiii'}, 'city': 'Aracaju', 'state': 'Minas Gera...</msg>
<var>${json_data}</var>
<arg>${response.json()}</arg>
<doc>Returns the given values which can then be assigned to a variables.</doc>
<status status="PASS" start="2024-06-08T05:14:21.785482" elapsed="0.000498"/>
</kw>
<kw name="Log" owner="BuiltIn">
<msg time="2024-06-08T05:14:21.786447" level="INFO">{'results': [{'gender': 'female', 'name': {'title': 'Miss', 'first': 'Rubi', 'last': 'Dias'}, 'location': {'street': {'number': 8010, 'name': 'Rua João Xxiii'}, 'city': 'Aracaju', 'state': 'Minas Gerais', 'country': 'Brazil', 'postcode': 90008, 'coordinates': {'latitude': '-73.2125', 'longitude': '17.1302'}, 'timezone': {'offset': '+8:00', 'description': 'Beijing, Perth, Singapore, Hong Kong'}}, 'email': 'rubi.dias@example.com', 'login': {'uuid': 'd61dc607-e0ae-49d1-be16-78a3a499cc2b', 'username': 'happyladybug603', 'password': 'arizona', 'salt': 'aN3JZgT4', 'md5': '42994336a90ebbe6c5b5da5aca27629f', 'sha1': '7e7c4c51b4bed8ed4ea8ab472b63ed1976e9a5ac', 'sha256': '2d9abe691809706f6669f4656668687314363bf98edf4e1aee318ee5c1e3195d'}, 'dob': {'date': '1983-01-07T14:27:31.906Z', 'age': 41}, 'registered': {'date': '2006-08-11T13:19:49.080Z', 'age': 17}, 'phone': '(25) 5771-7480', 'cell': '(08) 4783-5237', 'id': {'name': 'CPF', 'value': '305.011.465-01'}, 'picture': {'large': 'https://randomuser.me/api/portraits/women/65.jpg', 'medium': 'https://randomuser.me/api/portraits/med/women/65.jpg', 'thumbnail': 'https://randomuser.me/api/portraits/thumb/women/65.jpg'}, 'nat': 'BR'}], 'info': {'seed': '3a4c00364dc75394', 'results': 1, 'page': 1, 'version': '1.4'}}</msg>
<arg>${json_data}</arg>
<doc>Logs the given message with the given level.</doc>
<status status="PASS" start="2024-06-08T05:14:21.786287" elapsed="0.000210"/>
</kw>
<kw name="Dictionary Should Contain Key" owner="Collections">
<msg time="2024-06-08T05:14:21.787012" level="INFO">False</msg>
<arg>${json_data}</arg>
<arg>results</arg>
<doc>Fails if ``key`` is not found from ``dictionary``.</doc>
<status status="PASS" start="2024-06-08T05:14:21.786844" elapsed="0.000205"/>
</kw>
<kw name="Should Not Be Empty" owner="BuiltIn">
<msg time="2024-06-08T05:14:21.787480" level="INFO">Length is 2.</msg>
<arg>${json_data}</arg>
<doc>Verifies that the given item is not empty.</doc>
<status status="PASS" start="2024-06-08T05:14:21.787344" elapsed="0.000174"/>
</kw>
<kw name="Create List" owner="BuiltIn">
<msg time="2024-06-08T05:14:21.787986" level="INFO">${expected_keys} = ['gender', 'name', 'location', 'email', 'login']</msg>
<var>${expected_keys}</var>
<arg>gender</arg>
<arg>name</arg>
<arg>location</arg>
<arg>email</arg>
<arg>login</arg>
<doc>Returns a list containing given items.</doc>
<status status="PASS" start="2024-06-08T05:14:21.787817" elapsed="0.000201"/>
</kw>
<for flavor="IN">
<iter>
<kw name="Dictionary Should Contain Key" owner="Collections">
<msg time="2024-06-08T05:14:21.789029" level="INFO">False</msg>
<arg>${json_data['results'][0]}</arg>
<arg>${key}</arg>
<doc>Fails if ``key`` is not found from ``dictionary``.</doc>
<status status="PASS" start="2024-06-08T05:14:21.788616" elapsed="0.000455"/>
</kw>
<kw name="Log" owner="BuiltIn">
<msg time="2024-06-08T05:14:21.789737" level="INFO">{'gender': 'female', 'name': {'title': 'Miss', 'first': 'Rubi', 'last': 'Dias'}, 'location': {'street': {'number': 8010, 'name': 'Rua João Xxiii'}, 'city': 'Aracaju', 'state': 'Minas Gerais', 'country': 'Brazil', 'postcode': 90008, 'coordinates': {'latitude': '-73.2125', 'longitude': '17.1302'}, 'timezone': {'offset': '+8:00', 'description': 'Beijing, Perth, Singapore, Hong Kong'}}, 'email': 'rubi.dias@example.com', 'login': {'uuid': 'd61dc607-e0ae-49d1-be16-78a3a499cc2b', 'username': 'happyladybug603', 'password': 'arizona', 'salt': 'aN3JZgT4', 'md5': '42994336a90ebbe6c5b5da5aca27629f', 'sha1': '7e7c4c51b4bed8ed4ea8ab472b63ed1976e9a5ac', 'sha256': '2d9abe691809706f6669f4656668687314363bf98edf4e1aee318ee5c1e3195d'}, 'dob': {'date': '1983-01-07T14:27:31.906Z', 'age': 41}, 'registered': {'date': '2006-08-11T13:19:49.080Z', 'age': 17}, 'phone': '(25) 5771-7480', 'cell': '(08) 4783-5237', 'id': {'name': 'CPF', 'value': '305.011.465-01'}, 'picture': {'large': 'https://randomuser.me/api/portraits/women/65.jpg', 'medium': 'https://randomuser.me/api/portraits/med/women/65.jpg', 'thumbnail': 'https://randomuser.me/api/portraits/thumb/women/65.jpg'}, 'nat': 'BR'}</msg>
<arg>${json_data['results'][0]}</arg>
<doc>Logs the given message with the given level.</doc>
<status status="PASS" start="2024-06-08T05:14:21.789377" elapsed="0.000420"/>
</kw>
<kw name="Log" owner="BuiltIn">
<msg time="2024-06-08T05:14:21.790228" level="INFO">gender</msg>
<arg>${key}</arg>
<doc>Logs the given message with the given level.</doc>
<status status="PASS" start="2024-06-08T05:14:21.790098" elapsed="0.000167"/>
</kw>
<var name="${key}">gender</var>
<status status="PASS" start="2024-06-08T05:14:21.788490" elapsed="0.001988"/>
</iter>
<iter>
<kw name="Dictionary Should Contain Key" owner="Collections">
<msg time="2024-06-08T05:14:21.791181" level="INFO">False</msg>
<arg>${json_data['results'][0]}</arg>
<arg>${key}</arg>
<doc>Fails if ``key`` is not found from ``dictionary``.</doc>
<status status="PASS" start="2024-06-08T05:14:21.790803" elapsed="0.000414"/>
</kw>
<kw name="Log" owner="BuiltIn">
<msg time="2024-06-08T05:14:21.791907" level="INFO">{'gender': 'female', 'name': {'title': 'Miss', 'first': 'Rubi', 'last': 'Dias'}, 'location': {'street': {'number': 8010, 'name': 'Rua João Xxiii'}, 'city': 'Aracaju', 'state': 'Minas Gerais', 'country': 'Brazil', 'postcode': 90008, 'coordinates': {'latitude': '-73.2125', 'longitude': '17.1302'}, 'timezone': {'offset': '+8:00', 'description': 'Beijing, Perth, Singapore, Hong Kong'}}, 'email': 'rubi.dias@example.com', 'login': {'uuid': 'd61dc607-e0ae-49d1-be16-78a3a499cc2b', 'username': 'happyladybug603', 'password': 'arizona', 'salt': 'aN3JZgT4', 'md5': '42994336a90ebbe6c5b5da5aca27629f', 'sha1': '7e7c4c51b4bed8ed4ea8ab472b63ed1976e9a5ac', 'sha256': '2d9abe691809706f6669f4656668687314363bf98edf4e1aee318ee5c1e3195d'}, 'dob': {'date': '1983-01-07T14:27:31.906Z', 'age': 41}, 'registered': {'date': '2006-08-11T13:19:49.080Z', 'age': 17}, 'phone': '(25) 5771-7480', 'cell': '(08) 4783-5237', 'id': {'name': 'CPF', 'value': '305.011.465-01'}, 'picture': {'large': 'https://randomuser.me/api/portraits/women/65.jpg', 'medium': 'https://randomuser.me/api/portraits/med/women/65.jpg', 'thumbnail': 'https://randomuser.me/api/portraits/thumb/women/65.jpg'}, 'nat': 'BR'}</msg>
<arg>${json_data['results'][0]}</arg>
<doc>Logs the given message with the given level.</doc>
<status status="PASS" start="2024-06-08T05:14:21.791538" elapsed="0.000419"/>
</kw>
<kw name="Log" owner="BuiltIn">
<msg time="2024-06-08T05:14:21.792380" level="INFO">name</msg>
<arg>${key}</arg>
<doc>Logs the given message with the given level.</doc>
<status status="PASS" start="2024-06-08T05:14:21.792254" elapsed="0.000162"/>
</kw>
<var name="${key}">name</var>
<status status="PASS" start="2024-06-08T05:14:21.790689" elapsed="0.001943"/>
</iter>
<iter>
<kw name="Dictionary Should Contain Key" owner="Collections">
<msg time="2024-06-08T05:14:21.793293" level="INFO">False</msg>
<arg>${json_data['results'][0]}</arg>
<arg>${key}</arg>
<doc>Fails if ``key`` is not found from ``dictionary``.</doc>
<status status="PASS" start="2024-06-08T05:14:21.792919" elapsed="0.000411"/>
</kw>
<kw name="Log" owner="BuiltIn">
<msg time="2024-06-08T05:14:21.793994" level="INFO">{'gender': 'female', 'name': {'title': 'Miss', 'first': 'Rubi', 'last': 'Dias'}, 'location': {'street': {'number': 8010, 'name': 'Rua João Xxiii'}, 'city': 'Aracaju', 'state': 'Minas Gerais', 'country': 'Brazil', 'postcode': 90008, 'coordinates': {'latitude': '-73.2125', 'longitude': '17.1302'}, 'timezone': {'offset': '+8:00', 'description': 'Beijing, Perth, Singapore, Hong Kong'}}, 'email': 'rubi.dias@example.com', 'login': {'uuid': 'd61dc607-e0ae-49d1-be16-78a3a499cc2b', 'username': 'happyladybug603', 'password': 'arizona', 'salt': 'aN3JZgT4', 'md5': '42994336a90ebbe6c5b5da5aca27629f', 'sha1': '7e7c4c51b4bed8ed4ea8ab472b63ed1976e9a5ac', 'sha256': '2d9abe691809706f6669f4656668687314363bf98edf4e1aee318ee5c1e3195d'}, 'dob': {'date': '1983-01-07T14:27:31.906Z', 'age': 41}, 'registered': {'date': '2006-08-11T13:19:49.080Z', 'age': 17}, 'phone': '(25) 5771-7480', 'cell': '(08) 4783-5237', 'id': {'name': 'CPF', 'value': '305.011.465-01'}, 'picture': {'large': 'https://randomuser.me/api/portraits/women/65.jpg', 'medium': 'https://randomuser.me/api/portraits/med/women/65.jpg', 'thumbnail': 'https://randomuser.me/api/portraits/thumb/women/65.jpg'}, 'nat': 'BR'}</msg>
<arg>${json_data['results'][0]}</arg>
<doc>Logs the given message with the given level.</doc>
<status status="PASS" start="2024-06-08T05:14:21.793631" elapsed="0.000423"/>
</kw>
<kw name="Log" owner="BuiltIn">
<msg time="2024-06-08T05:14:21.794480" level="INFO">location</msg>
<arg>${key}</arg>
<doc>Logs the given message with the given level.</doc>
<status status="PASS" start="2024-06-08T05:14:21.794354" elapsed="0.000164"/>
</kw>
<var name="${key}">location</var>
<status status="PASS" start="2024-06-08T05:14:21.792808" elapsed="0.001976"/>
</iter>
<iter>
<kw name="Dictionary Should Contain Key" owner="Collections">
<msg time="2024-06-08T05:14:21.795542" level="INFO">False</msg>
<arg>${json_data['results'][0]}</arg>
<arg>${key}</arg>
<doc>Fails if ``key`` is not found from ``dictionary``.</doc>
<status status="PASS" start="2024-06-08T05:14:21.795065" elapsed="0.000515"/>
</kw>
<kw name="Log" owner="BuiltIn">
<msg time="2024-06-08T05:14:21.796242" level="INFO">{'gender': 'female', 'name': {'title': 'Miss', 'first': 'Rubi', 'last': 'Dias'}, 'location': {'street': {'number': 8010, 'name': 'Rua João Xxiii'}, 'city': 'Aracaju', 'state': 'Minas Gerais', 'country': 'Brazil', 'postcode': 90008, 'coordinates': {'latitude': '-73.2125', 'longitude': '17.1302'}, 'timezone': {'offset': '+8:00', 'description': 'Beijing, Perth, Singapore, Hong Kong'}}, 'email': 'rubi.dias@example.com', 'login': {'uuid': 'd61dc607-e0ae-49d1-be16-78a3a499cc2b', 'username': 'happyladybug603', 'password': 'arizona', 'salt': 'aN3JZgT4', 'md5': '42994336a90ebbe6c5b5da5aca27629f', 'sha1': '7e7c4c51b4bed8ed4ea8ab472b63ed1976e9a5ac', 'sha256': '2d9abe691809706f6669f4656668687314363bf98edf4e1aee318ee5c1e3195d'}, 'dob': {'date': '1983-01-07T14:27:31.906Z', 'age': 41}, 'registered': {'date': '2006-08-11T13:19:49.080Z', 'age': 17}, 'phone': '(25) 5771-7480', 'cell': '(08) 4783-5237', 'id': {'name': 'CPF', 'value': '305.011.465-01'}, 'picture': {'large': 'https://randomuser.me/api/portraits/women/65.jpg', 'medium': 'https://randomuser.me/api/portraits/med/women/65.jpg', 'thumbnail': 'https://randomuser.me/api/portraits/thumb/women/65.jpg'}, 'nat': 'BR'}</msg>
<arg>${json_data['results'][0]}</arg>
<doc>Logs the given message with the given level.</doc>
<status status="PASS" start="2024-06-08T05:14:21.795883" elapsed="0.000407"/>
</kw>
<kw name="Log" owner="BuiltIn">
<msg time="2024-06-08T05:14:21.796712" level="INFO">email</msg>
<arg>${key}</arg>
<doc>Logs the given message with the given level.</doc>
<status status="PASS" start="2024-06-08T05:14:21.796584" elapsed="0.000165"/>
</kw>
<var name="${key}">email</var>
<status status="PASS" start="2024-06-08T05:14:21.794955" elapsed="0.002013"/>
</iter>
<iter>
<kw name="Dictionary Should Contain Key" owner="Collections">
<msg time="2024-06-08T05:14:21.797627" level="INFO">False</msg>
<arg>${json_data['results'][0]}</arg>
<arg>${key}</arg>
<doc>Fails if ``key`` is not found from ``dictionary``.</doc>
<status status="PASS" start="2024-06-08T05:14:21.797251" elapsed="0.000412"/>
</kw>
<kw name="Log" owner="BuiltIn">
<msg time="2024-06-08T05:14:21.798319" level="INFO">{'gender': 'female', 'name': {'title': 'Miss', 'first': 'Rubi', 'last': 'Dias'}, 'location': {'street': {'number': 8010, 'name': 'Rua João Xxiii'}, 'city': 'Aracaju', 'state': 'Minas Gerais', 'country': 'Brazil', 'postcode': 90008, 'coordinates': {'latitude': '-73.2125', 'longitude': '17.1302'}, 'timezone': {'offset': '+8:00', 'description': 'Beijing, Perth, Singapore, Hong Kong'}}, 'email': 'rubi.dias@example.com', 'login': {'uuid': 'd61dc607-e0ae-49d1-be16-78a3a499cc2b', 'username': 'happyladybug603', 'password': 'arizona', 'salt': 'aN3JZgT4', 'md5': '42994336a90ebbe6c5b5da5aca27629f', 'sha1': '7e7c4c51b4bed8ed4ea8ab472b63ed1976e9a5ac', 'sha256': '2d9abe691809706f6669f4656668687314363bf98edf4e1aee318ee5c1e3195d'}, 'dob': {'date': '1983-01-07T14:27:31.906Z', 'age': 41}, 'registered': {'date': '2006-08-11T13:19:49.080Z', 'age': 17}, 'phone': '(25) 5771-7480', 'cell': '(08) 4783-5237', 'id': {'name': 'CPF', 'value': '305.011.465-01'}, 'picture': {'large': 'https://randomuser.me/api/portraits/women/65.jpg', 'medium': 'https://randomuser.me/api/portraits/med/women/65.jpg', 'thumbnail': 'https://randomuser.me/api/portraits/thumb/women/65.jpg'}, 'nat': 'BR'}</msg>
<arg>${json_data['results'][0]}</arg>
<doc>Logs the given message with the given level.</doc>
<status status="PASS" start="2024-06-08T05:14:21.797958" elapsed="0.000419"/>
</kw>
<kw name="Log" owner="BuiltIn">
<msg time="2024-06-08T05:14:21.798829" level="INFO">login</msg>
<arg>${key}</arg>
<doc>Logs the given message with the given level.</doc>
<status status="PASS" start="2024-06-08T05:14:21.798700" elapsed="0.000166"/>
</kw>
<var name="${key}">login</var>
<status status="PASS" start="2024-06-08T05:14:21.797141" elapsed="0.001967"/>
</iter>
<var>${key}</var>
<value>@{expected_keys}</value>
<status status="PASS" start="2024-06-08T05:14:21.788300" elapsed="0.010934"/>
</for>
<kw name="Create List" owner="BuiltIn">
<msg time="2024-06-08T05:14:21.799570" level="INFO">${expected_keysTwo} = ['username', 'password']</msg>
<var>${expected_keysTwo}</var>
<arg>username</arg>
<arg>password</arg>
<doc>Returns a list containing given items.</doc>
<status status="PASS" start="2024-06-08T05:14:21.799434" elapsed="0.000160"/>
</kw>
<for flavor="IN">
<iter>
<kw name="Dictionary Should Contain Key" owner="Collections">
<msg time="2024-06-08T05:14:21.800458" level="INFO">False</msg>
<arg>${json_data['results'][0]['login']}</arg>
<arg>${keyTwo}</arg>
<doc>Fails if ``key`` is not found from ``dictionary``.</doc>
<status status="PASS" start="2024-06-08T05:14:21.800085" elapsed="0.000410"/>
</kw>
<kw name="Dictionary Should Contain Key" owner="Collections">
<msg time="2024-06-08T05:14:21.801171" level="INFO">False</msg>
<arg>${json_data['results'][0]['login']}</arg>
<arg>${keyTwo}</arg>
<doc>Fails if ``key`` is not found from ``dictionary``.</doc>
<status status="PASS" start="2024-06-08T05:14:21.800790" elapsed="0.000418"/>
</kw>
<kw name="Log" owner="BuiltIn">
<msg time="2024-06-08T05:14:21.801626" level="INFO">username</msg>
<arg>${keyTwo}</arg>
<doc>Logs the given message with the given level.</doc>
<status status="PASS" start="2024-06-08T05:14:21.801501" elapsed="0.000162"/>
</kw>
<var name="${keyTwo}">username</var>
<status status="PASS" start="2024-06-08T05:14:21.799977" elapsed="0.001899"/>
</iter>
<iter>
<kw name="Dictionary Should Contain Key" owner="Collections">
<msg time="2024-06-08T05:14:21.802553" level="INFO">False</msg>
<arg>${json_data['results'][0]['login']}</arg>
<arg>${keyTwo}</arg>
<doc>Fails if ``key`` is not found from ``dictionary``.</doc>
<status status="PASS" start="2024-06-08T05:14:21.802162" elapsed="0.000429"/>
</kw>
<kw name="Dictionary Should Contain Key" owner="Collections">
<msg time="2024-06-08T05:14:21.803268" level="INFO">False</msg>
<arg>${json_data['results'][0]['login']}</arg>
<arg>${keyTwo}</arg>
<doc>Fails if ``key`` is not found from ``dictionary``.</doc>
<status status="PASS" start="2024-06-08T05:14:21.802893" elapsed="0.000411"/>
</kw>
<kw name="Log" owner="BuiltIn">
<msg time="2024-06-08T05:14:21.803724" level="INFO">password</msg>
<arg>${keyTwo}</arg>
<doc>Logs the given message with the given level.</doc>
<status status="PASS" start="2024-06-08T05:14:21.803599" elapsed="0.000161"/>
</kw>
<var name="${keyTwo}">password</var>
<status status="PASS" start="2024-06-08T05:14:21.802046" elapsed="0.001930"/>
</iter>
<var>${keyTwo}</var>
<value>@{expected_keysTwo}</value>
<status status="PASS" start="2024-06-08T05:14:21.799827" elapsed="0.004267"/>
</for>
<status status="PASS" start="2024-06-08T05:14:21.681278" elapsed="0.122952"/>
</kw>
<doc>Testa a estrutura da resposta da API.</doc>
<tag>testeEstruturaResposta</tag>
<status status="PASS" start="2024-06-08T05:14:21.680774" elapsed="0.123603"/>
</test>
<test id="s1-s1-t4" name="Validar tipos de dados" line="28">
<kw name="Teste de Tipos de Dados" owner="random-user-service">
<kw name="GET On Session" owner="RequestsLibrary">
<msg time="2024-06-08T05:14:21.871052" level="INFO">GET Request : url=https://randomuser.me/api 
 path_url=/api 
 headers={'User-Agent': 'python-requests/2.32.3', 'Accept-Encoding': 'gzip, deflate', 'Accept': '*/*', 'Connection': 'keep-alive'} 
 body=None 
 </msg>
<msg time="2024-06-08T05:14:21.871130" level="INFO">GET Response : url=https://randomuser.me/api 
 status=200, reason=OK 
 headers={'Date': 'Sat, 08 Jun 2024 05:14:21 GMT', 'Content-Type': 'application/json; charset=utf-8', 'Transfer-Encoding': 'chunked', 'Connection': 'keep-alive', 'X-Powered-By': 'Express', 'Access-Control-Allow-Origin': '*', 'Cache-Control': 'no-cache', 'ETag': 'W/"494-20CY9Z56NBcvDjBf50jtESnEgJc"', 'Vary': 'Accept-Encoding', 'Content-Encoding': 'gzip', 'CF-Cache-Status': 'DYNAMIC', 'Report-To': '{"endpoints":[{"url":"https:\\/\\/a.nel.cloudflare.com\\/report\\/v4?s=KHzqrGIztBmi3SqOPWcqHaMIzicUeynrWJUbRDI00Qve70PgC1bc9LgV2OVoZSRl22jX8pckpJRMJgGqp4sopN7FTVHyjwA4YY6RlVdv3f5fsk4qtl3VnKh7Dybj7rQl"}],"group":"cf-nel","max_age":604800}', 'NEL': '{"success_fraction":0,"report_to":"cf-nel","max_age":604800}', 'Server': 'cloudflare', 'CF-RAY': '890665de492e0957-IAD', 'alt-svc': 'h3=":443"; ma=86400'} 
 body={"results":[{"gender":"female","name":{"title":"Ms","first":"Séléna","last":"Renaud"},"location":{"street":{"number":2695,"name":"Rue des Cuirassiers"},"city":"Rouen","state":"Oise","country":"France","postcode":22063,"coordinates":{"latitude":"-14.3176","longitude":"15.3861"},"timezone":{"offset":"+7:00","description":"Bangkok, Hanoi, Jakarta"}},"email":"selena.renaud@example.com","login":{"uuid":"fdcc4bcb-201e-4976-b986-7dee61da88b5","username":"greenkoala868","password":"luckydog","salt":"de6KEy0K","md5":"23a4e28d872bc3f932566b63b7a06753","sha1":"f77570f4be18078450bc70d6e5a3d5a71354a14c","sha256":"50a20191092efd855169d11698b5d2c3ab8a52232a32584891e1e218a352e0a2"},"dob":{"date":"1997-06-08T06:39:48.292Z","age":26},"registered":{"date":"2020-04-17T00:38:43.678Z","age":4},"phone":"01-86-55-73-00","cell":"06-71-94-34-64","id":{"name":"INSEE","value":"2970579002858 33"},"picture":{"large":"https://randomuser.me/api/portraits/women/41.jpg","medium":"https://randomuser.me/api/portraits/med/women/41.jpg","thumbnail":"https://randomuser.me/api/portraits/thumb/women/41.jpg"},"nat":"FR"}],"info":{"seed":"607528259095c9ec","results":1,"page":1,"version":"1.4"}} 
 </msg>
<msg time="2024-06-08T05:14:21.871204" level="INFO">/opt/hostedtoolcache/Python/3.12.3/x64/lib/python3.12/site-packages/urllib3/connectionpool.py:1103: InsecureRequestWarning: Unverified HTTPS request is being made to host 'randomuser.me'. Adding certificate verification is strongly advised. See: https://urllib3.readthedocs.io/en/latest/advanced-usage.html#tls-warnings
  warnings.warn(</msg>
<msg time="2024-06-08T05:14:21.871326" level="INFO">${response} = &lt;Response [200]&gt;</msg>
<var>${response}</var>
<arg>consultarAPI</arg>
<arg>/api</arg>
<doc>Sends a GET request on a previously created HTTP Session.</doc>
<status status="PASS" start="2024-06-08T05:14:21.806826" elapsed="0.064551"/>
</kw>
<kw name="Set Variable" owner="BuiltIn">
<msg time="2024-06-08T05:14:21.872208" level="INFO">${json_data} = {'results': [{'gender': 'female', 'name': {'title': 'Ms', 'first': 'Séléna', 'last': 'Renaud'}, 'location': {'street': {'number': 2695, 'name': 'Rue des Cuirassiers'}, 'city': 'Rouen', 'state': 'Oise'...</msg>
<var>${json_data}</var>
<arg>${response.json()}</arg>
<doc>Returns the given values which can then be assigned to a variables.</doc>
<status status="PASS" start="2024-06-08T05:14:21.871750" elapsed="0.000489"/>
</kw>
<kw name="Log" owner="BuiltIn">
<msg time="2024-06-08T05:14:21.872699" level="INFO">{'results': [{'gender': 'female', 'name': {'title': 'Ms', 'first': 'Séléna', 'last': 'Renaud'}, 'location': {'street': {'number': 2695, 'name': 'Rue des Cuirassiers'}, 'city': 'Rouen', 'state': 'Oise', 'country': 'France', 'postcode': 22063, 'coordinates': {'latitude': '-14.3176', 'longitude': '15.3861'}, 'timezone': {'offset': '+7:00', 'description': 'Bangkok, Hanoi, Jakarta'}}, 'email': 'selena.renaud@example.com', 'login': {'uuid': 'fdcc4bcb-201e-4976-b986-7dee61da88b5', 'username': 'greenkoala868', 'password': 'luckydog', 'salt': 'de6KEy0K', 'md5': '23a4e28d872bc3f932566b63b7a06753', 'sha1': 'f77570f4be18078450bc70d6e5a3d5a71354a14c', 'sha256': '50a20191092efd855169d11698b5d2c3ab8a52232a32584891e1e218a352e0a2'}, 'dob': {'date': '1997-06-08T06:39:48.292Z', 'age': 26}, 'registered': {'date': '2020-04-17T00:38:43.678Z', 'age': 4}, 'phone': '01-86-55-73-00', 'cell': '06-71-94-34-64', 'id': {'name': 'INSEE', 'value': '2970579002858 33'}, 'picture': {'large': 'https://randomuser.me/api/portraits/women/41.jpg', 'medium': 'https://randomuser.me/api/portraits/med/women/41.jpg', 'thumbnail': 'https://randomuser.me/api/portraits/thumb/women/41.jpg'}, 'nat': 'FR'}], 'info': {'seed': '607528259095c9ec', 'results': 1, 'page': 1, 'version': '1.4'}}</msg>
<arg>${json_data}</arg>
<doc>Logs the given message with the given level.</doc>
<status status="PASS" start="2024-06-08T05:14:21.872545" elapsed="0.000237"/>
</kw>
<kw name="Should Be String" owner="String">
<arg>${json_data['results'][0]['gender']}</arg>
<doc>Fails if the given ``item`` is not a string.</doc>
<status status="PASS" start="2024-06-08T05:14:21.873087" elapsed="0.000360"/>
</kw>
<kw name="Should Match Regexp" owner="BuiltIn">
<arg>${json_data['results'][0]['email']}</arg>
<arg>^[a-zA-Z0-9._%+-]+@[a-zA-Z0-9.-]+\.[a-zA-Z]{2,}$</arg>
<doc>Fails if ``string`` does not match ``pattern`` as a regular expression.</doc>
<status status="PASS" start="2024-06-08T05:14:21.873638" elapsed="0.000619"/>
</kw>
<kw name="Should Match Regexp" owner="BuiltIn">
<arg>${json_data['results'][0]['dob']['date']}</arg>
<arg>\\d{4}-\\d{2}-\\d{2}T\\d{2}:\\d{2}:\\d{2}\\.\\d{3}Z</arg>
<doc>Fails if ``string`` does not match ``pattern`` as a regular expression.</doc>
<status status="PASS" start="2024-06-08T05:14:21.874455" elapsed="0.000537"/>
</kw>
<kw name="Should Match Regexp" owner="BuiltIn">
<arg>${json_data['results'][0]['registered']['date']}</arg>
<arg>\\d{4}-\\d{2}-\\d{2}T\\d{2}:\\d{2}:\\d{2}\\.\\d{3}Z</arg>
<doc>Fails if ``string`` does not match ``pattern`` as a regular expression.</doc>
<status status="PASS" start="2024-06-08T05:14:21.875191" elapsed="0.000367"/>
</kw>
<kw name="Should Match Regexp" owner="BuiltIn">
<arg>${json_data['results'][0]['picture']['large']}</arg>
<arg>^https?://.*\.(?:png|jpe?g|gif|bmp)$</arg>
<doc>Fails if ``string`` does not match ``pattern`` as a regular expression.</doc>
<status status="PASS" start="2024-06-08T05:14:21.875748" elapsed="0.000460"/>
</kw>
<kw name="Should Match Regexp" owner="BuiltIn">
<arg>${json_data['results'][0]['picture']['medium']}</arg>
<arg>^https?://.*\.(?:png|jpe?g|gif|bmp)$</arg>
<doc>Fails if ``string`` does not match ``pattern`` as a regular expression.</doc>
<status status="PASS" start="2024-06-08T05:14:21.876398" elapsed="0.000348"/>
</kw>
<kw name="Should Match Regexp" owner="BuiltIn">
<arg>${json_data['results'][0]['picture']['thumbnail']}</arg>
<arg>^https?://.*\.(?:png|jpe?g|gif|bmp)$</arg>
<doc>Fails if ``string`` does not match ``pattern`` as a regular expression.</doc>
<status status="PASS" start="2024-06-08T05:14:21.876932" elapsed="0.000346"/>
</kw>
<kw name="Log" owner="BuiltIn">
<msg time="2024-06-08T05:14:21.877791" level="INFO">{'large': 'https://randomuser.me/api/portraits/women/41.jpg', 'medium': 'https://randomuser.me/api/portraits/med/women/41.jpg', 'thumbnail': 'https://randomuser.me/api/portraits/thumb/women/41.jpg'}</msg>
<arg>${json_data['results'][0]['picture']}</arg>
<doc>Logs the given message with the given level.</doc>
<status status="PASS" start="2024-06-08T05:14:21.877462" elapsed="0.000372"/>
</kw>
<status status="PASS" start="2024-06-08T05:14:21.806596" elapsed="0.071490"/>
</kw>
<kw name="Teste de Tipos de Dados - Postcode" owner="random-user-service">
<kw name="GET On Session" owner="RequestsLibrary">
<msg time="2024-06-08T05:14:21.972948" level="INFO">GET Request : url=https://randomuser.me/api 
 path_url=/api 
 headers={'User-Agent': 'python-requests/2.32.3', 'Accept-Encoding': 'gzip, deflate', 'Accept': '*/*', 'Connection': 'keep-alive'} 
 body=None 
 </msg>
<msg time="2024-06-08T05:14:21.973030" level="INFO">GET Response : url=https://randomuser.me/api 
 status=200, reason=OK 
 headers={'Date': 'Sat, 08 Jun 2024 05:14:21 GMT', 'Content-Type': 'application/json; charset=utf-8', 'Transfer-Encoding': 'chunked', 'Connection': 'keep-alive', 'X-Powered-By': 'Express', 'Access-Control-Allow-Origin': '*', 'Cache-Control': 'no-cache', 'ETag': 'W/"486-95B68Oj4w7pHrhpuJ94nCFwdQYw"', 'Vary': 'Accept-Encoding', 'Content-Encoding': 'gzip', 'CF-Cache-Status': 'DYNAMIC', 'Report-To': '{"endpoints":[{"url":"https:\\/\\/a.nel.cloudflare.com\\/report\\/v4?s=AHe1b2ycm6QDvCLGD9bB5Ad8fVtK38dWu0lHLrERlIpXXlg4lZjeqIGAjo7W1MdGshLZuS%2F%2BukMOwVUxSfaVyx5JPWKpTj0Mv2vIQiwVz%2B0Ls9EiqoX9B%2BXfR0aaG82r"}],"group":"cf-nel","max_age":604800}', 'NEL': '{"success_fraction":0,"report_to":"cf-nel","max_age":604800}', 'Server': 'cloudflare', 'CF-RAY': '890665deb96e0957-IAD', 'alt-svc': 'h3=":443"; ma=86400'} 
 body={"results":[{"gender":"male","name":{"title":"Monsieur","first":"Noël","last":"Muller"},"location":{"street":{"number":677,"name":"Rue de L'Abbé-Soulange-Bodin"},"city":"Malans","state":"Jura","country":"Switzerland","postcode":6886,"coordinates":{"latitude":"-62.9694","longitude":"-93.0922"},"timezone":{"offset":"+3:30","description":"Tehran"}},"email":"noel.muller@example.com","login":{"uuid":"bb91986c-34a5-41fa-a885-375ea4d57cc9","username":"orangefrog303","password":"ladies","salt":"mrPwf9Ph","md5":"d1330f8b2c2c7ca79a47bceba2a76520","sha1":"32e1ad8496eb7af8dceef6d1f5eae27af507dd88","sha256":"a5c29b6f70a183e0dd253286e5c9f5653ae3f14f34c45fa1e2314728acd8a6af"},"dob":{"date":"1972-12-18T20:44:47.786Z","age":51},"registered":{"date":"2009-02-11T05:09:52.576Z","age":15},"phone":"076 834 87 59","cell":"079 888 15 67","id":{"name":"AVS","value":"756.4717.7851.99"},"picture":{"large":"https://randomuser.me/api/portraits/men/91.jpg","medium":"https://randomuser.me/api/portraits/med/men/91.jpg","thumbnail":"https://randomuser.me/api/portraits/thumb/men/91.jpg"},"nat":"CH"}],"info":{"seed":"e73cf27290e3e296","results":1,"page":1,"version":"1.4"}} 
 </msg>
<msg time="2024-06-08T05:14:21.973100" level="INFO">/opt/hostedtoolcache/Python/3.12.3/x64/lib/python3.12/site-packages/urllib3/connectionpool.py:1103: InsecureRequestWarning: Unverified HTTPS request is being made to host 'randomuser.me'. Adding certificate verification is strongly advised. See: https://urllib3.readthedocs.io/en/latest/advanced-usage.html#tls-warnings
  warnings.warn(</msg>
<msg time="2024-06-08T05:14:21.973231" level="INFO">${response} = &lt;Response [200]&gt;</msg>
<var>${response}</var>
<arg>consultarAPI</arg>
<arg>/api</arg>
<doc>Sends a GET request on a previously created HTTP Session.</doc>
<status status="PASS" start="2024-06-08T05:14:21.878516" elapsed="0.094767"/>
</kw>
<kw name="Set Variable" owner="BuiltIn">
<msg time="2024-06-08T05:14:21.974189" level="INFO">${json_data} = {'results': [{'gender': 'male', 'name': {'title': 'Monsieur', 'first': 'Noël', 'last': 'Muller'}, 'location': {'street': {'number': 677, 'name': "Rue de L'Abbé-Soulange-Bodin"}, 'city': 'Malans', 'sta...</msg>
<var>${json_data}</var>
<arg>${response.json()}</arg>
<doc>Returns the given values which can then be assigned to a variables.</doc>
<status status="PASS" start="2024-06-08T05:14:21.973724" elapsed="0.000494"/>
</kw>
<kw name="Log" owner="BuiltIn">
<msg time="2024-06-08T05:14:21.974734" level="INFO">{'results': [{'gender': 'male', 'name': {'title': 'Monsieur', 'first': 'Noël', 'last': 'Muller'}, 'location': {'street': {'number': 677, 'name': "Rue de L'Abbé-Soulange-Bodin"}, 'city': 'Malans', 'state': 'Jura', 'country': 'Switzerland', 'postcode': 6886, 'coordinates': {'latitude': '-62.9694', 'longitude': '-93.0922'}, 'timezone': {'offset': '+3:30', 'description': 'Tehran'}}, 'email': 'noel.muller@example.com', 'login': {'uuid': 'bb91986c-34a5-41fa-a885-375ea4d57cc9', 'username': 'orangefrog303', 'password': 'ladies', 'salt': 'mrPwf9Ph', 'md5': 'd1330f8b2c2c7ca79a47bceba2a76520', 'sha1': '32e1ad8496eb7af8dceef6d1f5eae27af507dd88', 'sha256': 'a5c29b6f70a183e0dd253286e5c9f5653ae3f14f34c45fa1e2314728acd8a6af'}, 'dob': {'date': '1972-12-18T20:44:47.786Z', 'age': 51}, 'registered': {'date': '2009-02-11T05:09:52.576Z', 'age': 15}, 'phone': '076 834 87 59', 'cell': '079 888 15 67', 'id': {'name': 'AVS', 'value': '756.4717.7851.99'}, 'picture': {'large': 'https://randomuser.me/api/portraits/men/91.jpg', 'medium': 'https://randomuser.me/api/portraits/med/men/91.jpg', 'thumbnail': 'https://randomuser.me/api/portraits/thumb/men/91.jpg'}, 'nat': 'CH'}], 'info': {'seed': 'e73cf27290e3e296', 'results': 1, 'page': 1, 'version': '1.4'}}</msg>
<arg>${json_data}</arg>
<doc>Logs the given message with the given level.</doc>
<status status="PASS" start="2024-06-08T05:14:21.974561" elapsed="0.000254"/>
</kw>
<kw name="Should Be Equal As Numbers" owner="BuiltIn">
<arg>${json_data['results'][0]['location']['postcode']}</arg>
<arg>${json_data['results'][0]['location']['postcode']}</arg>
<doc>Fails if objects are unequal after converting them to real numbers.</doc>
<status status="PASS" start="2024-06-08T05:14:21.975117" elapsed="0.000627"/>
</kw>
<kw name="Log" owner="BuiltIn">
<msg time="2024-06-08T05:14:21.976269" level="INFO">6886</msg>
<arg>${json_data['results'][0]['location']['postcode']}</arg>
<doc>Logs the given message with the given level.</doc>
<status status="PASS" start="2024-06-08T05:14:21.975937" elapsed="0.000372"/>
</kw>
<status status="PASS" start="2024-06-08T05:14:21.878298" elapsed="0.098264"/>
</kw>
<doc>Testa se os tipos de dados na resposta da API estão corretos.</doc>
<tag>testeTiposDados</tag>
<status status="PASS" start="2024-06-08T05:14:21.806122" elapsed="0.170606"/>
</test>
<test id="s1-s1-t5" name="Validar conteudo" line="35">
<kw name="Teste de Tipos de Conteudo" owner="random-user-service">
<kw name="GET On Session" owner="RequestsLibrary">
<msg time="2024-06-08T05:14:22.071812" level="INFO">GET Request : url=https://randomuser.me/api 
 path_url=/api 
 headers={'User-Agent': 'python-requests/2.32.3', 'Accept-Encoding': 'gzip, deflate', 'Accept': '*/*', 'Connection': 'keep-alive'} 
 body=None 
 </msg>
<msg time="2024-06-08T05:14:22.071900" level="INFO">GET Response : url=https://randomuser.me/api 
 status=200, reason=OK 
 headers={'Date': 'Sat, 08 Jun 2024 05:14:22 GMT', 'Content-Type': 'application/json; charset=utf-8', 'Transfer-Encoding': 'chunked', 'Connection': 'keep-alive', 'X-Powered-By': 'Express', 'Access-Control-Allow-Origin': '*', 'Cache-Control': 'no-cache', 'ETag': 'W/"48b-R/ImO6eA4dGK1w/c8K07Iq1ePMc"', 'Vary': 'Accept-Encoding', 'Content-Encoding': 'gzip', 'CF-Cache-Status': 'DYNAMIC', 'Report-To': '{"endpoints":[{"url":"https:\\/\\/a.nel.cloudflare.com\\/report\\/v4?s=mXmQJvsWj%2F3kLfxxyWX8dN1rgs9i%2FLHCD2%2Bc8CRag2nsE1zP%2Fn%2F4xab6q4yidvE0WuRdmtNz8P7QrJHwDfqGRfMEzBy7x6tyXjrFMEuIiuTsU7tBWoXkcJgEfcqv6tfi"}],"group":"cf-nel","max_age":604800}', 'NEL': '{"success_fraction":0,"report_to":"cf-nel","max_age":604800}', 'Server': 'cloudflare', 'CF-RAY': '890665df59e40957-IAD', 'alt-svc': 'h3=":443"; ma=86400'} 
 body={"results":[{"gender":"female","name":{"title":"Mrs","first":"Gayathri","last":"Singh"},"location":{"street":{"number":7627,"name":"Rasta Peth"},"city":"Alwar","state":"Mizoram","country":"India","postcode":38968,"coordinates":{"latitude":"11.5679","longitude":"144.0235"},"timezone":{"offset":"+5:30","description":"Bombay, Calcutta, Madras, New Delhi"}},"email":"gayathri.singh@example.com","login":{"uuid":"3e9bcb0a-5c2a-4360-a70d-40ee824e266a","username":"smallfish139","password":"727272","salt":"UlNoyd6B","md5":"b6aaadf3f89cac43a763433a8487d540","sha1":"397928c955e141427149d70a6493c0b7e52932fe","sha256":"25f424ddddc1d113f15bc5544f2d0f591a3a8ae04f3a6b414416dcc103728469"},"dob":{"date":"1995-04-05T08:35:58.101Z","age":29},"registered":{"date":"2020-05-31T17:03:07.013Z","age":4},"phone":"7291336335","cell":"8354797340","id":{"name":"UIDAI","value":"044582943246"},"picture":{"large":"https://randomuser.me/api/portraits/women/50.jpg","medium":"https://randomuser.me/api/portraits/med/women/50.jpg","thumbnail":"https://randomuser.me/api/portraits/thumb/women/50.jpg"},"nat":"IN"}],"info":{"seed":"b3584af20ae4f8a3","results":1,"page":1,"version":"1.4"}} 
 </msg>
<msg time="2024-06-08T05:14:22.071961" level="INFO">/opt/hostedtoolcache/Python/3.12.3/x64/lib/python3.12/site-packages/urllib3/connectionpool.py:1103: InsecureRequestWarning: Unverified HTTPS request is being made to host 'randomuser.me'. Adding certificate verification is strongly advised. See: https://urllib3.readthedocs.io/en/latest/advanced-usage.html#tls-warnings
  warnings.warn(</msg>
<msg time="2024-06-08T05:14:22.072079" level="INFO">${response} = &lt;Response [200]&gt;</msg>
<var>${response}</var>
<arg>consultarAPI</arg>
<arg>/api</arg>
<doc>Sends a GET request on a previously created HTTP Session.</doc>
<status status="PASS" start="2024-06-08T05:14:21.979161" elapsed="0.092958"/>
</kw>
<kw name="Set Variable" owner="BuiltIn">
<msg time="2024-06-08T05:14:22.073017" level="INFO">${json_data} = {'results': [{'gender': 'female', 'name': {'title': 'Mrs', 'first': 'Gayathri', 'last': 'Singh'}, 'location': {'street': {'number': 7627, 'name': 'Rasta Peth'}, 'city': 'Alwar', 'state': 'Mizoram', 'c...</msg>
<var>${json_data}</var>
<arg>${response.json()}</arg>
<doc>Returns the given values which can then be assigned to a variables.</doc>
<status status="PASS" start="2024-06-08T05:14:22.072540" elapsed="0.000505"/>
</kw>
<kw name="Set Variable" owner="BuiltIn">
<msg time="2024-06-08T05:14:22.073723" level="INFO">${name_title} = Mrs</msg>
<var>${name_title}</var>
<arg>${json_data["results"][0]["name"]["title"]}</arg>
<doc>Returns the given values which can then be assigned to a variables.</doc>
<status status="PASS" start="2024-06-08T05:14:22.073347" elapsed="0.000401"/>
</kw>
<kw name="Create List" owner="BuiltIn">
<msg time="2024-06-08T05:14:22.074199" level="INFO">${allowed_titles} = ['Mr', 'Ms', 'Miss', 'Mrs', 'Madame', 'Monsieur']</msg>
<var>${allowed_titles}</var>
<arg>Mr</arg>
<arg>Ms</arg>
<arg>Miss</arg>
<arg>Mrs</arg>
<arg>Madame</arg>
<arg>Monsieur</arg>
<doc>Returns a list containing given items.</doc>
<status status="PASS" start="2024-06-08T05:14:22.074050" elapsed="0.000173"/>
</kw>
<kw name="List Should Contain Value" owner="Collections">
<msg time="2024-06-08T05:14:22.074752" level="INFO">False</msg>
<arg>${allowed_titles}</arg>
<arg>${name_title}</arg>
<doc>Fails if the ``value`` is not found from ``list``.</doc>
<status status="PASS" start="2024-06-08T05:14:22.074561" elapsed="0.000227"/>
</kw>
<kw name="Set Variable" owner="BuiltIn">
<msg time="2024-06-08T05:14:22.075629" level="INFO">${name_country} = IN</msg>
<var>${name_country}</var>
<arg>${json_data["results"][0]["nat"]}</arg>
<doc>Returns the given values which can then be assigned to a variables.</doc>
<status status="PASS" start="2024-06-08T05:14:22.075092" elapsed="0.000562"/>
</kw>
<kw name="Create List" owner="BuiltIn">
<msg time="2024-06-08T05:14:22.076552" level="INFO">${list_country} = ['AD', 'AE', 'AF', 'AG', 'AI', 'AL', 'AM', 'AO', 'AQ', 'AR', 'AS', 'AT', 'AU', 'AW', 'AX', 'AZ', 'BA', 'BB', 'BD', 'BE', 'BF', 'BG', 'BH', 'BI', 'BJ', 'BL', 'BM', 'BN', 'BO', 'BQ', 'BR', 'BS', 'BT', '...</msg>
<var>${list_country}</var>
<arg>AD</arg>
<arg>AE</arg>
<arg>AF</arg>
<arg>AG</arg>
<arg>AI</arg>
<arg>AL</arg>
<arg>AM</arg>
<arg>AO</arg>
<arg>AQ</arg>
<arg>AR</arg>
<arg>AS</arg>
<arg>AT</arg>
<arg>AU</arg>
<arg>AW</arg>
<arg>AX</arg>
<arg>AZ</arg>
<arg>BA</arg>
<arg>BB</arg>
<arg>BD</arg>
<arg>BE</arg>
<arg>BF</arg>
<arg>BG</arg>
<arg>BH</arg>
<arg>BI</arg>
<arg>BJ</arg>
<arg>BL</arg>
<arg>BM</arg>
<arg>BN</arg>
<arg>BO</arg>
<arg>BQ</arg>
<arg>BR</arg>
<arg>BS</arg>
<arg>BT</arg>
<arg>BV</arg>
<arg>BW</arg>
<arg>BY</arg>
<arg>BZ</arg>
<arg>CA</arg>
<arg>CC</arg>
<arg>CD</arg>
<arg>CF</arg>
<arg>CG</arg>
<arg>CH</arg>
<arg>CI</arg>
<arg>CK</arg>
<arg>CL</arg>
<arg>CM</arg>
<arg>CN</arg>
<arg>CO</arg>
<arg>CR</arg>
<arg>CU</arg>
<arg>CV</arg>
<arg>CW</arg>
<arg>CX</arg>
<arg>CY</arg>
<arg>CZ</arg>
<arg>DE</arg>
<arg>DJ</arg>
<arg>DK</arg>
<arg>DM</arg>
<arg>DO</arg>
<arg>DZ</arg>
<arg>EC</arg>
<arg>EE</arg>
<arg>EG</arg>
<arg>EH</arg>
<arg>ER</arg>
<arg>ES</arg>
<arg>ET</arg>
<arg>FI</arg>
<arg>FJ</arg>
<arg>FK</arg>
<arg>FM</arg>
<arg>FO</arg>
<arg>FR</arg>
<arg>GA</arg>
<arg>GB</arg>
<arg>GD</arg>
<arg>GE</arg>
<arg>GF</arg>
<arg>GG</arg>
<arg>GH</arg>
<arg>GI</arg>
<arg>GL</arg>
<arg>GM</arg>
<arg>GN</arg>
<arg>GP</arg>
<arg>GQ</arg>
<arg>GR</arg>
<arg>GS</arg>
<arg>GT</arg>
<arg>GU</arg>
<arg>GW</arg>
<arg>GY</arg>
<arg>HK</arg>
<arg>HM</arg>
<arg>HN</arg>
<arg>HR</arg>
<arg>HT</arg>
<arg>HU</arg>
<arg>ID</arg>
<arg>IE</arg>
<arg>IL</arg>
<arg>IM</arg>
<arg>IN</arg>
<arg>IO</arg>
<arg>IQ</arg>
<arg>IR</arg>
<arg>IS</arg>
<arg>IT</arg>
<arg>JE</arg>
<arg>JM</arg>
<arg>JO</arg>
<arg>JP</arg>
<arg>KE</arg>
<arg>KG</arg>
<arg>KH</arg>
<arg>KI</arg>
<arg>KM</arg>
<arg>KN</arg>
<arg>KP</arg>
<arg>KR</arg>
<arg>KW</arg>
<arg>KY</arg>
<arg>KZ</arg>
<arg>LA</arg>
<arg>LB</arg>
<arg>LC</arg>
<arg>LI</arg>
<arg>LK</arg>
<arg>LR</arg>
<arg>LS</arg>
<arg>LT</arg>
<arg>LU</arg>
<arg>LV</arg>
<arg>LY</arg>
<arg>MA</arg>
<arg>MC</arg>
<arg>MD</arg>
<arg>ME</arg>
<arg>MF</arg>
<arg>MG</arg>
<arg>MH</arg>
<arg>MK</arg>
<arg>ML</arg>
<arg>MM</arg>
<arg>MN</arg>
<arg>MO</arg>
<arg>MP</arg>
<arg>MQ</arg>
<arg>MR</arg>
<arg>MS</arg>
<arg>MT</arg>
<arg>MU</arg>
<arg>MV</arg>
<arg>MW</arg>
<arg>MX</arg>
<arg>MY</arg>
<arg>MZ</arg>
<arg>NA</arg>
<arg>NC</arg>
<arg>NE</arg>
<arg>NF</arg>
<arg>NG</arg>
<arg>NI</arg>
<arg>NL</arg>
<arg>NO</arg>
<arg>NP</arg>
<arg>NR</arg>
<arg>NU</arg>
<arg>NZ</arg>
<arg>OM</arg>
<arg>PA</arg>
<arg>PE</arg>
<arg>PF</arg>
<arg>PG</arg>
<arg>PH</arg>
<arg>PK</arg>
<arg>PL</arg>
<arg>PM</arg>
<arg>PN</arg>
<arg>PR</arg>
<arg>PS</arg>
<arg>PT</arg>
<arg>PW</arg>
<arg>PY</arg>
<arg>QA</arg>
<arg>RE</arg>
<arg>RO</arg>
<arg>RS</arg>
<arg>RU</arg>
<arg>RW</arg>
<arg>SA</arg>
<arg>SB</arg>
<arg>SC</arg>
<arg>SD</arg>
<arg>SE</arg>
<arg>SG</arg>
<arg>SH</arg>
<arg>SI</arg>
<arg>SJ</arg>
<arg>SK</arg>
<arg>SL</arg>
<arg>SM</arg>
<arg>SN</arg>
<arg>SO</arg>
<arg>SR</arg>
<arg>SS</arg>
<arg>ST</arg>
<arg>SV</arg>
<arg>SX</arg>
<arg>SY</arg>
<arg>SZ</arg>
<arg>TC</arg>
<arg>TD</arg>
<arg>TF</arg>
<arg>TG</arg>
<arg>TH</arg>
<arg>TJ</arg>
<arg>TK</arg>
<arg>TL</arg>
<arg>TM</arg>
<arg>TN</arg>
<arg>TO</arg>
<arg>TR</arg>
<arg>TT</arg>
<arg>TV</arg>
<arg>TW</arg>
<arg>TZ</arg>
<arg>UA</arg>
<arg>UG</arg>
<arg>UM</arg>
<arg>US</arg>
<arg>UY</arg>
<arg>UZ</arg>
<arg>VA</arg>
<arg>VC</arg>
<arg>VE</arg>
<arg>VG</arg>
<arg>VI</arg>
<arg>VN</arg>
<arg>VU</arg>
<arg>WF</arg>
<arg>WS</arg>
<arg>XK</arg>
<arg>YE</arg>
<arg>YT</arg>
<arg>ZA</arg>
<arg>ZM</arg>
<arg>ZW</arg>
<doc>Returns a list containing given items.</doc>
<status status="PASS" start="2024-06-08T05:14:22.075961" elapsed="0.000617"/>
</kw>
<kw name="List Should Contain Value" owner="Collections">
<msg time="2024-06-08T05:14:22.077569" level="INFO">False</msg>
<arg>${list_country}</arg>
<arg>${name_country}</arg>
<doc>Fails if the ``value`` is not found from ``list``.</doc>
<status status="PASS" start="2024-06-08T05:14:22.077366" elapsed="0.000238"/>
</kw>
<kw name="Run Keyword If" owner="BuiltIn">
<kw name="Should Be True" owner="BuiltIn">
<arg>${True}</arg>
<doc>Fails if the given condition is not true.</doc>
<status status="PASS" start="2024-06-08T05:14:22.078691" elapsed="0.000145"/>
</kw>
<arg>${json_data["results"][0]["location"]["coordinates"]["latitude"]} &gt;= -90 and ${json_data["results"][0]["location"]["coordinates"]["latitude"]} &lt;= 90</arg>
<arg>Should Be True</arg>
<arg>${True}</arg>
<doc>Runs the given keyword with the given arguments, if ``condition`` is true.</doc>
<status status="PASS" start="2024-06-08T05:14:22.077915" elapsed="0.001048"/>
</kw>
<kw name="Run Keyword If" owner="BuiltIn">
<kw name="Should Be True" owner="BuiltIn">
<arg>${True}</arg>
<doc>Fails if the given condition is not true.</doc>
<status status="PASS" start="2024-06-08T05:14:22.079843" elapsed="0.000137"/>
</kw>
<arg>${json_data["results"][0]["location"]["coordinates"]["longitude"]} &gt;= -180 and ${json_data["results"][0]["location"]["coordinates"]["longitude"]} &lt;= 180</arg>
<arg>Should Be True</arg>
<arg>${True}</arg>
<doc>Runs the given keyword with the given arguments, if ``condition`` is true.</doc>
<status status="PASS" start="2024-06-08T05:14:22.079154" elapsed="0.000947"/>
</kw>
<status status="PASS" start="2024-06-08T05:14:21.978930" elapsed="0.101299"/>
</kw>
<doc>Testa o conteúdo específico dos campos retornados pela API.</doc>
<tag>testeConteudo</tag>
<status status="PASS" start="2024-06-08T05:14:21.978460" elapsed="0.101918"/>
</test>
<status status="PASS" start="2024-06-08T05:14:21.126843" elapsed="0.955421"/>
</suite>
<status status="PASS" start="2024-06-08T05:14:21.113382" elapsed="0.974046"/>
</suite>
<statistics>
<total>
<stat pass="5" fail="0" skip="0">All Tests</stat>
</total>
<tag>
<stat pass="1" fail="0" skip="0">testeConteudo</stat>
<stat pass="1" fail="0" skip="0">testeEstruturaResposta</stat>
<stat pass="1" fail="0" skip="0">testeRequisicaoBasica</stat>
<stat pass="1" fail="0" skip="0">testeTiposDados</stat>
</tag>
<suite>
<stat pass="5" fail="0" skip="0" id="s1" name="Tests">Tests</stat>
<stat pass="5" fail="0" skip="0" id="s1-s1" name="Random-User-Test">Tests.Random-User-Test</stat>
</suite>
</statistics>
<errors>
</errors>
</robot>
