<?xml version="1.0" encoding="UTF-8"?>
<robot generator="Robot 7.0 (Python 3.12.3 on linux)" generated="2024-06-07T16:17:45.813180" rpa="false" schemaversion="5">
<suite id="s1" name="Tests" source="/home/runner/work/ApiRandomUser/ApiRandomUser/RamdonUser/tests">
<suite id="s1-s1" name="Random-User-Test" source="/home/runner/work/ApiRandomUser/ApiRandomUser/RamdonUser/tests/random-user-test.robot">
<test id="s1-s1-t1" name="Conectar" line="13">
<kw name="Conectar API" owner="random-user-service">
<kw name="Create Session" owner="RequestsLibrary">
<msg time="2024-06-07T16:17:46.212691" level="INFO">Creating Session using : alias=consultarAPI, url=https://randomuser.me/, headers={},                     cookies={}, auth=None, timeout=None, proxies=None, verify=False,                     debug=0 </msg>
<arg>consultarAPI</arg>
<arg>${URL}</arg>
<doc>Create Session: create a HTTP session to a server</doc>
<status status="PASS" start="2024-06-07T16:17:46.212482" elapsed="0.000399"/>
</kw>
<status status="PASS" start="2024-06-07T16:17:46.211502" elapsed="0.001775"/>
</kw>
<status status="PASS" start="2024-06-07T16:17:46.210886" elapsed="0.002591"/>
</test>
<test id="s1-s1-t2" name="Validar retorno 200 e JSON Válido" line="16">
<kw name="Teste de Requisicao Basica" owner="random-user-service">
<kw name="GET On Session" owner="RequestsLibrary">
<msg time="2024-06-07T16:17:46.287790" level="INFO">GET Request : url=https://randomuser.me/api 
 path_url=/api 
 headers={'User-Agent': 'python-requests/2.32.3', 'Accept-Encoding': 'gzip, deflate', 'Accept': '*/*', 'Connection': 'keep-alive'} 
 body=None 
 </msg>
<msg time="2024-06-07T16:17:46.287933" level="INFO">GET Response : url=https://randomuser.me/api 
 status=200, reason=OK 
 headers={'Date': 'Fri, 07 Jun 2024 16:17:46 GMT', 'Content-Type': 'application/json; charset=utf-8', 'Transfer-Encoding': 'chunked', 'Connection': 'keep-alive', 'X-Powered-By': 'Express', 'Access-Control-Allow-Origin': '*', 'Cache-Control': 'no-cache', 'ETag': 'W/"47d-oPNQBtNSaUIAKk/IoOUADpzXdTc"', 'Vary': 'Accept-Encoding', 'Content-Encoding': 'gzip', 'CF-Cache-Status': 'DYNAMIC', 'Report-To': '{"endpoints":[{"url":"https:\\/\\/a.nel.cloudflare.com\\/report\\/v4?s=d08%2FpO%2F3sT8%2FcqP%2Fl1fgYuONr9XkfLFmq89ioZffIHPaQCP5BQh4p9Y14nYdVMmW9s1Y%2BKN45YJI1dW%2Fa1V4fWN749HB5QnzSIoVkcP6wFXf%2FlEk%2FV59ejYw%2B2HFkswK"}],"group":"cf-nel","max_age":604800}', 'NEL': '{"success_fraction":0,"report_to":"cf-nel","max_age":604800}', 'Server': 'cloudflare', 'CF-RAY': '8901f447ff1e07f8-IAD', 'alt-svc': 'h3=":443"; ma=86400'} 
 body={"results":[{"gender":"male","name":{"title":"Mr","first":"کوروش","last":"قاسمی"},"location":{"street":{"number":6781,"name":"آذربایجان"},"city":"پاکدشت","state":"خراسان شمالی","country":"Iran","postcode":99941,"coordinates":{"latitude":"20.5981","longitude":"-31.1924"},"timezone":{"offset":"+4:30","description":"Kabul"}},"email":"khwrwsh.qsmy@example.com","login":{"uuid":"f7aa0d5f-7e8d-466b-953d-fdb3f3d905e3","username":"brownswan977","password":"fluffy","salt":"E3GZyASx","md5":"afde4617581caa5d0fd00d6cf6b4d54a","sha1":"6a4f5b23bb1594169216ffaa2bdc10471c2c0136","sha256":"174dd6c695929c26f1f2bd1131e33d80211e3cd377e18b52fe8720d10592ca14"},"dob":{"date":"1991-07-08T13:08:41.980Z","age":32},"registered":{"date":"2016-08-25T10:05:35.356Z","age":7},"phone":"092-85038251","cell":"0977-018-8063","id":{"name":"","value":null},"picture":{"large":"https://randomuser.me/api/portraits/men/19.jpg","medium":"https://randomuser.me/api/portraits/med/men/19.jpg","thumbnail":"https://randomuser.me/api/portraits/thumb/men/19.jpg"},"nat":"IR"}],"info":{"seed":"8652fefb89475a29","results":1,"page":1,"version":"1.4"}} 
 </msg>
<msg time="2024-06-07T16:17:46.288014" level="INFO">/opt/hostedtoolcache/Python/3.12.3/x64/lib/python3.12/site-packages/urllib3/connectionpool.py:1103: InsecureRequestWarning: Unverified HTTPS request is being made to host 'randomuser.me'. Adding certificate verification is strongly advised. See: https://urllib3.readthedocs.io/en/latest/advanced-usage.html#tls-warnings
  warnings.warn(</msg>
<msg time="2024-06-07T16:17:46.288167" level="INFO">${response} = &lt;Response [200]&gt;</msg>
<var>${response}</var>
<arg>consultarAPI</arg>
<arg>/api</arg>
<doc>Sends a GET request on a previously created HTTP Session.</doc>
<status status="PASS" start="2024-06-07T16:17:46.216221" elapsed="0.071978"/>
</kw>
<kw name="Should Be Equal As Numbers" owner="BuiltIn">
<msg time="2024-06-07T16:17:46.289108" level="INFO">Argument types are:
&lt;class 'int'&gt;
&lt;class 'str'&gt;</msg>
<arg>${response.status_code}</arg>
<arg>200</arg>
<doc>Fails if objects are unequal after converting them to real numbers.</doc>
<status status="PASS" start="2024-06-07T16:17:46.288674" elapsed="0.000499"/>
</kw>
<kw name="Log" owner="BuiltIn">
<msg time="2024-06-07T16:17:46.289862" level="INFO">200</msg>
<arg>${response.status_code}</arg>
<doc>Logs the given message with the given level.</doc>
<status status="PASS" start="2024-06-07T16:17:46.289516" elapsed="0.000392"/>
</kw>
<kw name="Set Variable" owner="BuiltIn">
<msg time="2024-06-07T16:17:46.290691" level="INFO">${json_data} = {'results': [{'gender': 'male', 'name': {'title': 'Mr', 'first': 'کوروش', 'last': 'قاسمی'}, 'location': {'street': {'number': 6781, 'name': 'آذربایجان'}, 'city': 'پاکدشت', 'state': 'خراسان شمالی', 'co...</msg>
<var>${json_data}</var>
<arg>${response.json()}</arg>
<doc>Returns the given values which can then be assigned to a variables.</doc>
<status status="PASS" start="2024-06-07T16:17:46.290210" elapsed="0.000512"/>
</kw>
<kw name="Dictionary Should Contain Key" owner="Collections">
<msg time="2024-06-07T16:17:46.291204" level="INFO">False</msg>
<arg>${json_data}</arg>
<arg>results</arg>
<doc>Fails if ``key`` is not found from ``dictionary``.</doc>
<status status="PASS" start="2024-06-07T16:17:46.291028" elapsed="0.000214"/>
</kw>
<status status="PASS" start="2024-06-07T16:17:46.215969" elapsed="0.075528"/>
</kw>
<doc>Testa se a API responde corretamente e retorna um objeto JSON válido.</doc>
<tag>testeRequisicaoBasica</tag>
<status status="PASS" start="2024-06-07T16:17:46.215434" elapsed="0.076242"/>
</test>
<test id="s1-s1-t3" name="Validar estrutura de resposta" line="22">
<kw name="Teste de Estrutura de Resposta" owner="random-user-service">
<kw name="GET On Session" owner="RequestsLibrary">
<msg time="2024-06-07T16:17:46.388843" level="INFO">GET Request : url=https://randomuser.me/api 
 path_url=/api 
 headers={'User-Agent': 'python-requests/2.32.3', 'Accept-Encoding': 'gzip, deflate', 'Accept': '*/*', 'Connection': 'keep-alive'} 
 body=None 
 </msg>
<msg time="2024-06-07T16:17:46.388941" level="INFO">GET Response : url=https://randomuser.me/api 
 status=200, reason=OK 
 headers={'Date': 'Fri, 07 Jun 2024 16:17:46 GMT', 'Content-Type': 'application/json; charset=utf-8', 'Transfer-Encoding': 'chunked', 'Connection': 'keep-alive', 'X-Powered-By': 'Express', 'Access-Control-Allow-Origin': '*', 'Cache-Control': 'no-cache', 'ETag': 'W/"4a1-0Cyy/SyleeJjjQAGYxCVZDJ+wQs"', 'Vary': 'Accept-Encoding', 'Content-Encoding': 'gzip', 'CF-Cache-Status': 'DYNAMIC', 'Report-To': '{"endpoints":[{"url":"https:\\/\\/a.nel.cloudflare.com\\/report\\/v4?s=Er3IcHV8cKth7IojlE21r33zvVjngeOynmxKjQjvpZMles16bdjk5Ialv%2BSz3yDwo6X6UQOccJ7FMiB3Wd%2BHkV%2BZ0aTeowBGKfoHkx9IXmRTf%2BDPuTNQRLxtx68yUckz"}],"group":"cf-nel","max_age":604800}', 'NEL': '{"success_fraction":0,"report_to":"cf-nel","max_age":604800}', 'Server': 'cloudflare', 'CF-RAY': '8901f4485fab07f8-IAD', 'alt-svc': 'h3=":443"; ma=86400'} 
 body={"results":[{"gender":"female","name":{"title":"Mrs","first":"Dawn","last":"Bennett"},"location":{"street":{"number":8657,"name":"Robinson Rd"},"city":"Glendale","state":"Delaware","country":"United States","postcode":20866,"coordinates":{"latitude":"81.4764","longitude":"153.9448"},"timezone":{"offset":"+11:00","description":"Magadan, Solomon Islands, New Caledonia"}},"email":"dawn.bennett@example.com","login":{"uuid":"30afdb52-17b4-433e-94c9-ccfdcbb324d2","username":"purplerabbit789","password":"shark1","salt":"CStpn7Kq","md5":"806dfa60df58a2bccc14b4ae16c334ad","sha1":"93198ebb09600aeec5a5b2ed6e22228209f9826f","sha256":"4d599cd4569993777e8925502436e125e33fcac5591504ea4c6c4c7c7b1144eb"},"dob":{"date":"1999-06-13T10:15:48.726Z","age":24},"registered":{"date":"2019-07-01T23:17:18.313Z","age":4},"phone":"(772) 328-1398","cell":"(389) 845-4525","id":{"name":"SSN","value":"592-89-9486"},"picture":{"large":"https://randomuser.me/api/portraits/women/75.jpg","medium":"https://randomuser.me/api/portraits/med/women/75.jpg","thumbnail":"https://randomuser.me/api/portraits/thumb/women/75.jpg"},"nat":"US"}],"info":{"seed":"4ec5ee823491ea69","results":1,"page":1,"version":"1.4"}} 
 </msg>
<msg time="2024-06-07T16:17:46.389058" level="INFO">/opt/hostedtoolcache/Python/3.12.3/x64/lib/python3.12/site-packages/urllib3/connectionpool.py:1103: InsecureRequestWarning: Unverified HTTPS request is being made to host 'randomuser.me'. Adding certificate verification is strongly advised. See: https://urllib3.readthedocs.io/en/latest/advanced-usage.html#tls-warnings
  warnings.warn(</msg>
<msg time="2024-06-07T16:17:46.389205" level="INFO">${response} = &lt;Response [200]&gt;</msg>
<var>${response}</var>
<arg>consultarAPI</arg>
<arg>/api</arg>
<doc>Sends a GET request on a previously created HTTP Session.</doc>
<status status="PASS" start="2024-06-07T16:17:46.294224" elapsed="0.095010"/>
</kw>
<kw name="Set Variable" owner="BuiltIn">
<msg time="2024-06-07T16:17:46.390214" level="INFO">${json_data} = {'results': [{'gender': 'female', 'name': {'title': 'Mrs', 'first': 'Dawn', 'last': 'Bennett'}, 'location': {'street': {'number': 8657, 'name': 'Robinson Rd'}, 'city': 'Glendale', 'state': 'Delaware',...</msg>
<var>${json_data}</var>
<arg>${response.json()}</arg>
<doc>Returns the given values which can then be assigned to a variables.</doc>
<status status="PASS" start="2024-06-07T16:17:46.389700" elapsed="0.000542"/>
</kw>
<kw name="Log" owner="BuiltIn">
<msg time="2024-06-07T16:17:46.390743" level="INFO">{'results': [{'gender': 'female', 'name': {'title': 'Mrs', 'first': 'Dawn', 'last': 'Bennett'}, 'location': {'street': {'number': 8657, 'name': 'Robinson Rd'}, 'city': 'Glendale', 'state': 'Delaware', 'country': 'United States', 'postcode': 20866, 'coordinates': {'latitude': '81.4764', 'longitude': '153.9448'}, 'timezone': {'offset': '+11:00', 'description': 'Magadan, Solomon Islands, New Caledonia'}}, 'email': 'dawn.bennett@example.com', 'login': {'uuid': '30afdb52-17b4-433e-94c9-ccfdcbb324d2', 'username': 'purplerabbit789', 'password': 'shark1', 'salt': 'CStpn7Kq', 'md5': '806dfa60df58a2bccc14b4ae16c334ad', 'sha1': '93198ebb09600aeec5a5b2ed6e22228209f9826f', 'sha256': '4d599cd4569993777e8925502436e125e33fcac5591504ea4c6c4c7c7b1144eb'}, 'dob': {'date': '1999-06-13T10:15:48.726Z', 'age': 24}, 'registered': {'date': '2019-07-01T23:17:18.313Z', 'age': 4}, 'phone': '(772) 328-1398', 'cell': '(389) 845-4525', 'id': {'name': 'SSN', 'value': '592-89-9486'}, 'picture': {'large': 'https://randomuser.me/api/portraits/women/75.jpg', 'medium': 'https://randomuser.me/api/portraits/med/women/75.jpg', 'thumbnail': 'https://randomuser.me/api/portraits/thumb/women/75.jpg'}, 'nat': 'US'}], 'info': {'seed': '4ec5ee823491ea69', 'results': 1, 'page': 1, 'version': '1.4'}}</msg>
<arg>${json_data}</arg>
<doc>Logs the given message with the given level.</doc>
<status status="PASS" start="2024-06-07T16:17:46.390580" elapsed="0.000218"/>
</kw>
<kw name="Dictionary Should Contain Key" owner="Collections">
<msg time="2024-06-07T16:17:46.391249" level="INFO">False</msg>
<arg>${json_data}</arg>
<arg>results</arg>
<doc>Fails if ``key`` is not found from ``dictionary``.</doc>
<status status="PASS" start="2024-06-07T16:17:46.391094" elapsed="0.000191"/>
</kw>
<kw name="Should Not Be Empty" owner="BuiltIn">
<msg time="2024-06-07T16:17:46.391723" level="INFO">Length is 2.</msg>
<arg>${json_data}</arg>
<doc>Verifies that the given item is not empty.</doc>
<status status="PASS" start="2024-06-07T16:17:46.391587" elapsed="0.000173"/>
</kw>
<kw name="Create List" owner="BuiltIn">
<msg time="2024-06-07T16:17:46.392352" level="INFO">${expected_keys} = ['gender', 'name', 'location', 'email', 'login']</msg>
<var>${expected_keys}</var>
<arg>gender</arg>
<arg>name</arg>
<arg>location</arg>
<arg>email</arg>
<arg>login</arg>
<doc>Returns a list containing given items.</doc>
<status status="PASS" start="2024-06-07T16:17:46.392047" elapsed="0.000330"/>
</kw>
<for flavor="IN">
<iter>
<kw name="Dictionary Should Contain Key" owner="Collections">
<msg time="2024-06-07T16:17:46.393349" level="INFO">False</msg>
<arg>${json_data['results'][0]}</arg>
<arg>${key}</arg>
<doc>Fails if ``key`` is not found from ``dictionary``.</doc>
<status status="PASS" start="2024-06-07T16:17:46.392963" elapsed="0.000424"/>
</kw>
<kw name="Log" owner="BuiltIn">
<msg time="2024-06-07T16:17:46.394056" level="INFO">{'gender': 'female', 'name': {'title': 'Mrs', 'first': 'Dawn', 'last': 'Bennett'}, 'location': {'street': {'number': 8657, 'name': 'Robinson Rd'}, 'city': 'Glendale', 'state': 'Delaware', 'country': 'United States', 'postcode': 20866, 'coordinates': {'latitude': '81.4764', 'longitude': '153.9448'}, 'timezone': {'offset': '+11:00', 'description': 'Magadan, Solomon Islands, New Caledonia'}}, 'email': 'dawn.bennett@example.com', 'login': {'uuid': '30afdb52-17b4-433e-94c9-ccfdcbb324d2', 'username': 'purplerabbit789', 'password': 'shark1', 'salt': 'CStpn7Kq', 'md5': '806dfa60df58a2bccc14b4ae16c334ad', 'sha1': '93198ebb09600aeec5a5b2ed6e22228209f9826f', 'sha256': '4d599cd4569993777e8925502436e125e33fcac5591504ea4c6c4c7c7b1144eb'}, 'dob': {'date': '1999-06-13T10:15:48.726Z', 'age': 24}, 'registered': {'date': '2019-07-01T23:17:18.313Z', 'age': 4}, 'phone': '(772) 328-1398', 'cell': '(389) 845-4525', 'id': {'name': 'SSN', 'value': '592-89-9486'}, 'picture': {'large': 'https://randomuser.me/api/portraits/women/75.jpg', 'medium': 'https://randomuser.me/api/portraits/med/women/75.jpg', 'thumbnail': 'https://randomuser.me/api/portraits/thumb/women/75.jpg'}, 'nat': 'US'}</msg>
<arg>${json_data['results'][0]}</arg>
<doc>Logs the given message with the given level.</doc>
<status status="PASS" start="2024-06-07T16:17:46.393687" elapsed="0.000415"/>
</kw>
<kw name="Log" owner="BuiltIn">
<msg time="2024-06-07T16:17:46.394542" level="INFO">gender</msg>
<arg>${key}</arg>
<doc>Logs the given message with the given level.</doc>
<status status="PASS" start="2024-06-07T16:17:46.394396" elapsed="0.000183"/>
</kw>
<var name="${key}">gender</var>
<status status="PASS" start="2024-06-07T16:17:46.392837" elapsed="0.001959"/>
</iter>
<iter>
<kw name="Dictionary Should Contain Key" owner="Collections">
<msg time="2024-06-07T16:17:46.395476" level="INFO">False</msg>
<arg>${json_data['results'][0]}</arg>
<arg>${key}</arg>
<doc>Fails if ``key`` is not found from ``dictionary``.</doc>
<status status="PASS" start="2024-06-07T16:17:46.395097" elapsed="0.000415"/>
</kw>
<kw name="Log" owner="BuiltIn">
<msg time="2024-06-07T16:17:46.396189" level="INFO">{'gender': 'female', 'name': {'title': 'Mrs', 'first': 'Dawn', 'last': 'Bennett'}, 'location': {'street': {'number': 8657, 'name': 'Robinson Rd'}, 'city': 'Glendale', 'state': 'Delaware', 'country': 'United States', 'postcode': 20866, 'coordinates': {'latitude': '81.4764', 'longitude': '153.9448'}, 'timezone': {'offset': '+11:00', 'description': 'Magadan, Solomon Islands, New Caledonia'}}, 'email': 'dawn.bennett@example.com', 'login': {'uuid': '30afdb52-17b4-433e-94c9-ccfdcbb324d2', 'username': 'purplerabbit789', 'password': 'shark1', 'salt': 'CStpn7Kq', 'md5': '806dfa60df58a2bccc14b4ae16c334ad', 'sha1': '93198ebb09600aeec5a5b2ed6e22228209f9826f', 'sha256': '4d599cd4569993777e8925502436e125e33fcac5591504ea4c6c4c7c7b1144eb'}, 'dob': {'date': '1999-06-13T10:15:48.726Z', 'age': 24}, 'registered': {'date': '2019-07-01T23:17:18.313Z', 'age': 4}, 'phone': '(772) 328-1398', 'cell': '(389) 845-4525', 'id': {'name': 'SSN', 'value': '592-89-9486'}, 'picture': {'large': 'https://randomuser.me/api/portraits/women/75.jpg', 'medium': 'https://randomuser.me/api/portraits/med/women/75.jpg', 'thumbnail': 'https://randomuser.me/api/portraits/thumb/women/75.jpg'}, 'nat': 'US'}</msg>
<arg>${json_data['results'][0]}</arg>
<doc>Logs the given message with the given level.</doc>
<status status="PASS" start="2024-06-07T16:17:46.395833" elapsed="0.000404"/>
</kw>
<kw name="Log" owner="BuiltIn">
<msg time="2024-06-07T16:17:46.396659" level="INFO">name</msg>
<arg>${key}</arg>
<doc>Logs the given message with the given level.</doc>
<status status="PASS" start="2024-06-07T16:17:46.396534" elapsed="0.000160"/>
</kw>
<var name="${key}">name</var>
<status status="PASS" start="2024-06-07T16:17:46.394980" elapsed="0.001927"/>
</iter>
<iter>
<kw name="Dictionary Should Contain Key" owner="Collections">
<msg time="2024-06-07T16:17:46.397567" level="INFO">False</msg>
<arg>${json_data['results'][0]}</arg>
<arg>${key}</arg>
<doc>Fails if ``key`` is not found from ``dictionary``.</doc>
<status status="PASS" start="2024-06-07T16:17:46.397191" elapsed="0.000413"/>
</kw>
<kw name="Log" owner="BuiltIn">
<msg time="2024-06-07T16:17:46.398247" level="INFO">{'gender': 'female', 'name': {'title': 'Mrs', 'first': 'Dawn', 'last': 'Bennett'}, 'location': {'street': {'number': 8657, 'name': 'Robinson Rd'}, 'city': 'Glendale', 'state': 'Delaware', 'country': 'United States', 'postcode': 20866, 'coordinates': {'latitude': '81.4764', 'longitude': '153.9448'}, 'timezone': {'offset': '+11:00', 'description': 'Magadan, Solomon Islands, New Caledonia'}}, 'email': 'dawn.bennett@example.com', 'login': {'uuid': '30afdb52-17b4-433e-94c9-ccfdcbb324d2', 'username': 'purplerabbit789', 'password': 'shark1', 'salt': 'CStpn7Kq', 'md5': '806dfa60df58a2bccc14b4ae16c334ad', 'sha1': '93198ebb09600aeec5a5b2ed6e22228209f9826f', 'sha256': '4d599cd4569993777e8925502436e125e33fcac5591504ea4c6c4c7c7b1144eb'}, 'dob': {'date': '1999-06-13T10:15:48.726Z', 'age': 24}, 'registered': {'date': '2019-07-01T23:17:18.313Z', 'age': 4}, 'phone': '(772) 328-1398', 'cell': '(389) 845-4525', 'id': {'name': 'SSN', 'value': '592-89-9486'}, 'picture': {'large': 'https://randomuser.me/api/portraits/women/75.jpg', 'medium': 'https://randomuser.me/api/portraits/med/women/75.jpg', 'thumbnail': 'https://randomuser.me/api/portraits/thumb/women/75.jpg'}, 'nat': 'US'}</msg>
<arg>${json_data['results'][0]}</arg>
<doc>Logs the given message with the given level.</doc>
<status status="PASS" start="2024-06-07T16:17:46.397894" elapsed="0.000399"/>
</kw>
<kw name="Log" owner="BuiltIn">
<msg time="2024-06-07T16:17:46.398760" level="INFO">location</msg>
<arg>${key}</arg>
<doc>Logs the given message with the given level.</doc>
<status status="PASS" start="2024-06-07T16:17:46.398629" elapsed="0.000167"/>
</kw>
<var name="${key}">location</var>
<status status="PASS" start="2024-06-07T16:17:46.397080" elapsed="0.001931"/>
</iter>
<iter>
<kw name="Dictionary Should Contain Key" owner="Collections">
<msg time="2024-06-07T16:17:46.399676" level="INFO">False</msg>
<arg>${json_data['results'][0]}</arg>
<arg>${key}</arg>
<doc>Fails if ``key`` is not found from ``dictionary``.</doc>
<status status="PASS" start="2024-06-07T16:17:46.399300" elapsed="0.000413"/>
</kw>
<kw name="Log" owner="BuiltIn">
<msg time="2024-06-07T16:17:46.400362" level="INFO">{'gender': 'female', 'name': {'title': 'Mrs', 'first': 'Dawn', 'last': 'Bennett'}, 'location': {'street': {'number': 8657, 'name': 'Robinson Rd'}, 'city': 'Glendale', 'state': 'Delaware', 'country': 'United States', 'postcode': 20866, 'coordinates': {'latitude': '81.4764', 'longitude': '153.9448'}, 'timezone': {'offset': '+11:00', 'description': 'Magadan, Solomon Islands, New Caledonia'}}, 'email': 'dawn.bennett@example.com', 'login': {'uuid': '30afdb52-17b4-433e-94c9-ccfdcbb324d2', 'username': 'purplerabbit789', 'password': 'shark1', 'salt': 'CStpn7Kq', 'md5': '806dfa60df58a2bccc14b4ae16c334ad', 'sha1': '93198ebb09600aeec5a5b2ed6e22228209f9826f', 'sha256': '4d599cd4569993777e8925502436e125e33fcac5591504ea4c6c4c7c7b1144eb'}, 'dob': {'date': '1999-06-13T10:15:48.726Z', 'age': 24}, 'registered': {'date': '2019-07-01T23:17:18.313Z', 'age': 4}, 'phone': '(772) 328-1398', 'cell': '(389) 845-4525', 'id': {'name': 'SSN', 'value': '592-89-9486'}, 'picture': {'large': 'https://randomuser.me/api/portraits/women/75.jpg', 'medium': 'https://randomuser.me/api/portraits/med/women/75.jpg', 'thumbnail': 'https://randomuser.me/api/portraits/thumb/women/75.jpg'}, 'nat': 'US'}</msg>
<arg>${json_data['results'][0]}</arg>
<doc>Logs the given message with the given level.</doc>
<status status="PASS" start="2024-06-07T16:17:46.400008" elapsed="0.000401"/>
</kw>
<kw name="Log" owner="BuiltIn">
<msg time="2024-06-07T16:17:46.400835" level="INFO">email</msg>
<arg>${key}</arg>
<doc>Logs the given message with the given level.</doc>
<status status="PASS" start="2024-06-07T16:17:46.400709" elapsed="0.000162"/>
</kw>
<var name="${key}">email</var>
<status status="PASS" start="2024-06-07T16:17:46.399185" elapsed="0.001898"/>
</iter>
<iter>
<kw name="Dictionary Should Contain Key" owner="Collections">
<msg time="2024-06-07T16:17:46.401734" level="INFO">False</msg>
<arg>${json_data['results'][0]}</arg>
<arg>${key}</arg>
<doc>Fails if ``key`` is not found from ``dictionary``.</doc>
<status status="PASS" start="2024-06-07T16:17:46.401359" elapsed="0.000411"/>
</kw>
<kw name="Log" owner="BuiltIn">
<msg time="2024-06-07T16:17:46.402423" level="INFO">{'gender': 'female', 'name': {'title': 'Mrs', 'first': 'Dawn', 'last': 'Bennett'}, 'location': {'street': {'number': 8657, 'name': 'Robinson Rd'}, 'city': 'Glendale', 'state': 'Delaware', 'country': 'United States', 'postcode': 20866, 'coordinates': {'latitude': '81.4764', 'longitude': '153.9448'}, 'timezone': {'offset': '+11:00', 'description': 'Magadan, Solomon Islands, New Caledonia'}}, 'email': 'dawn.bennett@example.com', 'login': {'uuid': '30afdb52-17b4-433e-94c9-ccfdcbb324d2', 'username': 'purplerabbit789', 'password': 'shark1', 'salt': 'CStpn7Kq', 'md5': '806dfa60df58a2bccc14b4ae16c334ad', 'sha1': '93198ebb09600aeec5a5b2ed6e22228209f9826f', 'sha256': '4d599cd4569993777e8925502436e125e33fcac5591504ea4c6c4c7c7b1144eb'}, 'dob': {'date': '1999-06-13T10:15:48.726Z', 'age': 24}, 'registered': {'date': '2019-07-01T23:17:18.313Z', 'age': 4}, 'phone': '(772) 328-1398', 'cell': '(389) 845-4525', 'id': {'name': 'SSN', 'value': '592-89-9486'}, 'picture': {'large': 'https://randomuser.me/api/portraits/women/75.jpg', 'medium': 'https://randomuser.me/api/portraits/med/women/75.jpg', 'thumbnail': 'https://randomuser.me/api/portraits/thumb/women/75.jpg'}, 'nat': 'US'}</msg>
<arg>${json_data['results'][0]}</arg>
<doc>Logs the given message with the given level.</doc>
<status status="PASS" start="2024-06-07T16:17:46.402066" elapsed="0.000405"/>
</kw>
<kw name="Log" owner="BuiltIn">
<msg time="2024-06-07T16:17:46.402911" level="INFO">login</msg>
<arg>${key}</arg>
<doc>Logs the given message with the given level.</doc>
<status status="PASS" start="2024-06-07T16:17:46.402787" elapsed="0.000192"/>
</kw>
<var name="${key}">login</var>
<status status="PASS" start="2024-06-07T16:17:46.401251" elapsed="0.001952"/>
</iter>
<var>${key}</var>
<value>@{expected_keys}</value>
<status status="PASS" start="2024-06-07T16:17:46.392640" elapsed="0.010681"/>
</for>
<kw name="Create List" owner="BuiltIn">
<msg time="2024-06-07T16:17:46.403651" level="INFO">${expected_keysTwo} = ['username', 'password']</msg>
<var>${expected_keysTwo}</var>
<arg>username</arg>
<arg>password</arg>
<doc>Returns a list containing given items.</doc>
<status status="PASS" start="2024-06-07T16:17:46.403510" elapsed="0.000164"/>
</kw>
<for flavor="IN">
<iter>
<kw name="Dictionary Should Contain Key" owner="Collections">
<msg time="2024-06-07T16:17:46.404548" level="INFO">False</msg>
<arg>${json_data['results'][0]['login']}</arg>
<arg>${keyTwo}</arg>
<doc>Fails if ``key`` is not found from ``dictionary``.</doc>
<status status="PASS" start="2024-06-07T16:17:46.404165" elapsed="0.000419"/>
</kw>
<kw name="Dictionary Should Contain Key" owner="Collections">
<msg time="2024-06-07T16:17:46.405255" level="INFO">False</msg>
<arg>${json_data['results'][0]['login']}</arg>
<arg>${keyTwo}</arg>
<doc>Fails if ``key`` is not found from ``dictionary``.</doc>
<status status="PASS" start="2024-06-07T16:17:46.404875" elapsed="0.000416"/>
</kw>
<kw name="Log" owner="BuiltIn">
<msg time="2024-06-07T16:17:46.405708" level="INFO">username</msg>
<arg>${keyTwo}</arg>
<doc>Logs the given message with the given level.</doc>
<status status="PASS" start="2024-06-07T16:17:46.405581" elapsed="0.000162"/>
</kw>
<var name="${keyTwo}">username</var>
<status status="PASS" start="2024-06-07T16:17:46.404057" elapsed="0.001895"/>
</iter>
<iter>
<kw name="Dictionary Should Contain Key" owner="Collections">
<msg time="2024-06-07T16:17:46.406627" level="INFO">False</msg>
<arg>${json_data['results'][0]['login']}</arg>
<arg>${keyTwo}</arg>
<doc>Fails if ``key`` is not found from ``dictionary``.</doc>
<status status="PASS" start="2024-06-07T16:17:46.406231" elapsed="0.000432"/>
</kw>
<kw name="Dictionary Should Contain Key" owner="Collections">
<msg time="2024-06-07T16:17:46.407402" level="INFO">False</msg>
<arg>${json_data['results'][0]['login']}</arg>
<arg>${keyTwo}</arg>
<doc>Fails if ``key`` is not found from ``dictionary``.</doc>
<status status="PASS" start="2024-06-07T16:17:46.406950" elapsed="0.000490"/>
</kw>
<kw name="Log" owner="BuiltIn">
<msg time="2024-06-07T16:17:46.407865" level="INFO">password</msg>
<arg>${keyTwo}</arg>
<doc>Logs the given message with the given level.</doc>
<status status="PASS" start="2024-06-07T16:17:46.407738" elapsed="0.000163"/>
</kw>
<var name="${keyTwo}">password</var>
<status status="PASS" start="2024-06-07T16:17:46.406118" elapsed="0.001998"/>
</iter>
<var>${keyTwo}</var>
<value>@{expected_keysTwo}</value>
<status status="PASS" start="2024-06-07T16:17:46.403908" elapsed="0.004327"/>
</for>
<status status="PASS" start="2024-06-07T16:17:46.293991" elapsed="0.114381"/>
</kw>
<doc>Testa a estrutura da resposta da API.</doc>
<tag>testeEstruturaResposta</tag>
<status status="PASS" start="2024-06-07T16:17:46.293488" elapsed="0.115044"/>
</test>
<test id="s1-s1-t4" name="Validar tipos de dados" line="28">
<kw name="Teste de Tipos de Dados" owner="random-user-service">
<kw name="GET On Session" owner="RequestsLibrary">
<msg time="2024-06-07T16:17:46.490100" level="INFO">GET Request : url=https://randomuser.me/api 
 path_url=/api 
 headers={'User-Agent': 'python-requests/2.32.3', 'Accept-Encoding': 'gzip, deflate', 'Accept': '*/*', 'Connection': 'keep-alive'} 
 body=None 
 </msg>
<msg time="2024-06-07T16:17:46.490176" level="INFO">GET Response : url=https://randomuser.me/api 
 status=200, reason=OK 
 headers={'Date': 'Fri, 07 Jun 2024 16:17:46 GMT', 'Content-Type': 'application/json; charset=utf-8', 'Transfer-Encoding': 'chunked', 'Connection': 'keep-alive', 'X-Powered-By': 'Express', 'Access-Control-Allow-Origin': '*', 'Cache-Control': 'no-cache', 'ETag': 'W/"4a0-NOOSONViWBILIiZYUDgWnMzLvqk"', 'Vary': 'Accept-Encoding', 'Content-Encoding': 'gzip', 'CF-Cache-Status': 'DYNAMIC', 'Report-To': '{"endpoints":[{"url":"https:\\/\\/a.nel.cloudflare.com\\/report\\/v4?s=esz%2BqJhXHlv58TWTxvPL%2Fe8gl%2BtIsXi6SwcrKf0duCi4liShei8Wse4pSoFOa%2FK1f5t49ivWDPNCjjVRoeVGyy3yJ%2FHcZK6W%2F2TkujhfW76iy16u0LILMPh8%2FTX%2BK%2FB5"}],"group":"cf-nel","max_age":604800}', 'NEL': '{"success_fraction":0,"report_to":"cf-nel","max_age":604800}', 'Server': 'cloudflare', 'CF-RAY': '8901f44918bf07f8-IAD', 'alt-svc': 'h3=":443"; ma=86400'} 
 body={"results":[{"gender":"female","name":{"title":"Mrs","first":"Cecilia","last":"Meraz"},"location":{"street":{"number":6774,"name":"Peatonal del Río"},"city":"San Miguel Emenguaro","state":"Nuevo Leon","country":"Mexico","postcode":50193,"coordinates":{"latitude":"29.6762","longitude":"40.2684"},"timezone":{"offset":"+7:00","description":"Bangkok, Hanoi, Jakarta"}},"email":"cecilia.meraz@example.com","login":{"uuid":"389cabb9-7891-4c00-b2d7-697fafa34b60","username":"heavygoose623","password":"stone1","salt":"GJfVab9i","md5":"79a4e9bad49d20c7c86c4e66f69726ba","sha1":"32b852491d4892bf380a26c009ae218befbffe02","sha256":"b22b3d8a0daa2466b17332948e6ee9204c859ef139913e3354764a91fb5d7c91"},"dob":{"date":"1971-02-15T23:52:12.612Z","age":53},"registered":{"date":"2022-05-10T01:12:32.723Z","age":2},"phone":"(696) 126 3052","cell":"(613) 051 3119","id":{"name":"NSS","value":"20 59 69 4390 7"},"picture":{"large":"https://randomuser.me/api/portraits/women/63.jpg","medium":"https://randomuser.me/api/portraits/med/women/63.jpg","thumbnail":"https://randomuser.me/api/portraits/thumb/women/63.jpg"},"nat":"MX"}],"info":{"seed":"d73e88aba03011e7","results":1,"page":1,"version":"1.4"}} 
 </msg>
<msg time="2024-06-07T16:17:46.490247" level="INFO">/opt/hostedtoolcache/Python/3.12.3/x64/lib/python3.12/site-packages/urllib3/connectionpool.py:1103: InsecureRequestWarning: Unverified HTTPS request is being made to host 'randomuser.me'. Adding certificate verification is strongly advised. See: https://urllib3.readthedocs.io/en/latest/advanced-usage.html#tls-warnings
  warnings.warn(</msg>
<msg time="2024-06-07T16:17:46.490374" level="INFO">${response} = &lt;Response [200]&gt;</msg>
<var>${response}</var>
<arg>consultarAPI</arg>
<arg>/api</arg>
<doc>Sends a GET request on a previously created HTTP Session.</doc>
<status status="PASS" start="2024-06-07T16:17:46.410985" elapsed="0.079439"/>
</kw>
<kw name="Set Variable" owner="BuiltIn">
<msg time="2024-06-07T16:17:46.491322" level="INFO">${json_data} = {'results': [{'gender': 'female', 'name': {'title': 'Mrs', 'first': 'Cecilia', 'last': 'Meraz'}, 'location': {'street': {'number': 6774, 'name': 'Peatonal del Río'}, 'city': 'San Miguel Emenguaro', 's...</msg>
<var>${json_data}</var>
<arg>${response.json()}</arg>
<doc>Returns the given values which can then be assigned to a variables.</doc>
<status status="PASS" start="2024-06-07T16:17:46.490866" elapsed="0.000484"/>
</kw>
<kw name="Log" owner="BuiltIn">
<msg time="2024-06-07T16:17:46.491809" level="INFO">{'results': [{'gender': 'female', 'name': {'title': 'Mrs', 'first': 'Cecilia', 'last': 'Meraz'}, 'location': {'street': {'number': 6774, 'name': 'Peatonal del Río'}, 'city': 'San Miguel Emenguaro', 'state': 'Nuevo Leon', 'country': 'Mexico', 'postcode': 50193, 'coordinates': {'latitude': '29.6762', 'longitude': '40.2684'}, 'timezone': {'offset': '+7:00', 'description': 'Bangkok, Hanoi, Jakarta'}}, 'email': 'cecilia.meraz@example.com', 'login': {'uuid': '389cabb9-7891-4c00-b2d7-697fafa34b60', 'username': 'heavygoose623', 'password': 'stone1', 'salt': 'GJfVab9i', 'md5': '79a4e9bad49d20c7c86c4e66f69726ba', 'sha1': '32b852491d4892bf380a26c009ae218befbffe02', 'sha256': 'b22b3d8a0daa2466b17332948e6ee9204c859ef139913e3354764a91fb5d7c91'}, 'dob': {'date': '1971-02-15T23:52:12.612Z', 'age': 53}, 'registered': {'date': '2022-05-10T01:12:32.723Z', 'age': 2}, 'phone': '(696) 126 3052', 'cell': '(613) 051 3119', 'id': {'name': 'NSS', 'value': '20 59 69 4390 7'}, 'picture': {'large': 'https://randomuser.me/api/portraits/women/63.jpg', 'medium': 'https://randomuser.me/api/portraits/med/women/63.jpg', 'thumbnail': 'https://randomuser.me/api/portraits/thumb/women/63.jpg'}, 'nat': 'MX'}], 'info': {'seed': 'd73e88aba03011e7', 'results': 1, 'page': 1, 'version': '1.4'}}</msg>
<arg>${json_data}</arg>
<doc>Logs the given message with the given level.</doc>
<status status="PASS" start="2024-06-07T16:17:46.491654" elapsed="0.000236"/>
</kw>
<kw name="Should Be String" owner="String">
<arg>${json_data['results'][0]['gender']}</arg>
<doc>Fails if the given ``item`` is not a string.</doc>
<status status="PASS" start="2024-06-07T16:17:46.492191" elapsed="0.000353"/>
</kw>
<kw name="Should Match Regexp" owner="BuiltIn">
<arg>${json_data['results'][0]['email']}</arg>
<arg>^[a-zA-Z0-9._%+-]+@[a-zA-Z0-9.-]+\.[a-zA-Z]{2,}$</arg>
<doc>Fails if ``string`` does not match ``pattern`` as a regular expression.</doc>
<status status="PASS" start="2024-06-07T16:17:46.492734" elapsed="0.000515"/>
</kw>
<kw name="Should Match Regexp" owner="BuiltIn">
<arg>${json_data['results'][0]['dob']['date']}</arg>
<arg>\\d{4}-\\d{2}-\\d{2}T\\d{2}:\\d{2}:\\d{2}\\.\\d{3}Z</arg>
<doc>Fails if ``string`` does not match ``pattern`` as a regular expression.</doc>
<status status="PASS" start="2024-06-07T16:17:46.493445" elapsed="0.000487"/>
</kw>
<kw name="Should Match Regexp" owner="BuiltIn">
<arg>${json_data['results'][0]['registered']['date']}</arg>
<arg>\\d{4}-\\d{2}-\\d{2}T\\d{2}:\\d{2}:\\d{2}\\.\\d{3}Z</arg>
<doc>Fails if ``string`` does not match ``pattern`` as a regular expression.</doc>
<status status="PASS" start="2024-06-07T16:17:46.494124" elapsed="0.000400"/>
</kw>
<kw name="Should Match Regexp" owner="BuiltIn">
<arg>${json_data['results'][0]['picture']['large']}</arg>
<arg>^https?://.*\.(?:png|jpe?g|gif|bmp)$</arg>
<doc>Fails if ``string`` does not match ``pattern`` as a regular expression.</doc>
<status status="PASS" start="2024-06-07T16:17:46.494735" elapsed="0.000464"/>
</kw>
<kw name="Should Match Regexp" owner="BuiltIn">
<arg>${json_data['results'][0]['picture']['medium']}</arg>
<arg>^https?://.*\.(?:png|jpe?g|gif|bmp)$</arg>
<doc>Fails if ``string`` does not match ``pattern`` as a regular expression.</doc>
<status status="PASS" start="2024-06-07T16:17:46.495389" elapsed="0.000348"/>
</kw>
<kw name="Should Match Regexp" owner="BuiltIn">
<arg>${json_data['results'][0]['picture']['thumbnail']}</arg>
<arg>^https?://.*\.(?:png|jpe?g|gif|bmp)$</arg>
<doc>Fails if ``string`` does not match ``pattern`` as a regular expression.</doc>
<status status="PASS" start="2024-06-07T16:17:46.495925" elapsed="0.000345"/>
</kw>
<kw name="Log" owner="BuiltIn">
<msg time="2024-06-07T16:17:46.496788" level="INFO">{'large': 'https://randomuser.me/api/portraits/women/63.jpg', 'medium': 'https://randomuser.me/api/portraits/med/women/63.jpg', 'thumbnail': 'https://randomuser.me/api/portraits/thumb/women/63.jpg'}</msg>
<arg>${json_data['results'][0]['picture']}</arg>
<doc>Logs the given message with the given level.</doc>
<status status="PASS" start="2024-06-07T16:17:46.496463" elapsed="0.000375"/>
</kw>
<status status="PASS" start="2024-06-07T16:17:46.410753" elapsed="0.086340"/>
</kw>
<kw name="Teste de Tipos de Dados - Postcode" owner="random-user-service">
<kw name="GET On Session" owner="RequestsLibrary">
<msg time="2024-06-07T16:17:46.584716" level="INFO">GET Request : url=https://randomuser.me/api 
 path_url=/api 
 headers={'User-Agent': 'python-requests/2.32.3', 'Accept-Encoding': 'gzip, deflate', 'Accept': '*/*', 'Connection': 'keep-alive'} 
 body=None 
 </msg>
<msg time="2024-06-07T16:17:46.584802" level="INFO">GET Response : url=https://randomuser.me/api 
 status=200, reason=OK 
 headers={'Date': 'Fri, 07 Jun 2024 16:17:46 GMT', 'Content-Type': 'application/json; charset=utf-8', 'Transfer-Encoding': 'chunked', 'Connection': 'keep-alive', 'X-Powered-By': 'Express', 'Access-Control-Allow-Origin': '*', 'Cache-Control': 'no-cache', 'ETag': 'W/"4a3-GC1+89lkNGknqFOWtlzlJA+sysc"', 'Vary': 'Accept-Encoding', 'Content-Encoding': 'gzip', 'CF-Cache-Status': 'DYNAMIC', 'Report-To': '{"endpoints":[{"url":"https:\\/\\/a.nel.cloudflare.com\\/report\\/v4?s=U4XiFwLHeJL2bfslQAyum2kfOYGWheFi2cNS1BA1UWdbseR3Qvc8ppB8oaSp2vUnvKYFM%2BhwPbRMm79Zr8ILdt8NoGR9fQEp0ovFDatIkcdxQyPVHXqczlmajoi7R9Ea"}],"group":"cf-nel","max_age":604800}', 'NEL': '{"success_fraction":0,"report_to":"cf-nel","max_age":604800}', 'Server': 'cloudflare', 'CF-RAY': '8901f449997507f8-IAD', 'alt-svc': 'h3=":443"; ma=86400'} 
 body={"results":[{"gender":"male","name":{"title":"Mr","first":"George","last":"Gilbert"},"location":{"street":{"number":9538,"name":"The Avenue"},"city":"Westport","state":"Dún Laoghaire–Rathdown","country":"Ireland","postcode":98743,"coordinates":{"latitude":"2.4354","longitude":"-44.3821"},"timezone":{"offset":"0:00","description":"Western Europe Time, London, Lisbon, Casablanca"}},"email":"george.gilbert@example.com","login":{"uuid":"657fdf3f-8017-421f-8a1c-ce4f031402a3","username":"bigpeacock823","password":"peanut","salt":"FceDhd9V","md5":"68eef757dd4879fd12cf5078eea0daad","sha1":"26b88414226c5c730c7c5fed9420c9e890c5d005","sha256":"2d0547ebd5fff5ca5445c5d1c3b26c93de1a9fc7aefaecdc8a255fe11b9d4451"},"dob":{"date":"1997-01-05T13:19:32.739Z","age":27},"registered":{"date":"2007-06-17T21:57:39.326Z","age":16},"phone":"011-212-0162","cell":"081-091-6596","id":{"name":"PPS","value":"6206819T"},"picture":{"large":"https://randomuser.me/api/portraits/men/99.jpg","medium":"https://randomuser.me/api/portraits/med/men/99.jpg","thumbnail":"https://randomuser.me/api/portraits/thumb/men/99.jpg"},"nat":"IE"}],"info":{"seed":"84101de17628a5ca","results":1,"page":1,"version":"1.4"}} 
 </msg>
<msg time="2024-06-07T16:17:46.584875" level="INFO">/opt/hostedtoolcache/Python/3.12.3/x64/lib/python3.12/site-packages/urllib3/connectionpool.py:1103: InsecureRequestWarning: Unverified HTTPS request is being made to host 'randomuser.me'. Adding certificate verification is strongly advised. See: https://urllib3.readthedocs.io/en/latest/advanced-usage.html#tls-warnings
  warnings.warn(</msg>
<msg time="2024-06-07T16:17:46.584995" level="INFO">${response} = &lt;Response [200]&gt;</msg>
<var>${response}</var>
<arg>consultarAPI</arg>
<arg>/api</arg>
<doc>Sends a GET request on a previously created HTTP Session.</doc>
<status status="PASS" start="2024-06-07T16:17:46.497527" elapsed="0.087510"/>
</kw>
<kw name="Set Variable" owner="BuiltIn">
<msg time="2024-06-07T16:17:46.585900" level="INFO">${json_data} = {'results': [{'gender': 'male', 'name': {'title': 'Mr', 'first': 'George', 'last': 'Gilbert'}, 'location': {'street': {'number': 9538, 'name': 'The Avenue'}, 'city': 'Westport', 'state': 'Dún Laoghair...</msg>
<var>${json_data}</var>
<arg>${response.json()}</arg>
<doc>Returns the given values which can then be assigned to a variables.</doc>
<status status="PASS" start="2024-06-07T16:17:46.585427" elapsed="0.000503"/>
</kw>
<kw name="Log" owner="BuiltIn">
<msg time="2024-06-07T16:17:46.586398" level="INFO">{'results': [{'gender': 'male', 'name': {'title': 'Mr', 'first': 'George', 'last': 'Gilbert'}, 'location': {'street': {'number': 9538, 'name': 'The Avenue'}, 'city': 'Westport', 'state': 'Dún Laoghaire–Rathdown', 'country': 'Ireland', 'postcode': 98743, 'coordinates': {'latitude': '2.4354', 'longitude': '-44.3821'}, 'timezone': {'offset': '0:00', 'description': 'Western Europe Time, London, Lisbon, Casablanca'}}, 'email': 'george.gilbert@example.com', 'login': {'uuid': '657fdf3f-8017-421f-8a1c-ce4f031402a3', 'username': 'bigpeacock823', 'password': 'peanut', 'salt': 'FceDhd9V', 'md5': '68eef757dd4879fd12cf5078eea0daad', 'sha1': '26b88414226c5c730c7c5fed9420c9e890c5d005', 'sha256': '2d0547ebd5fff5ca5445c5d1c3b26c93de1a9fc7aefaecdc8a255fe11b9d4451'}, 'dob': {'date': '1997-01-05T13:19:32.739Z', 'age': 27}, 'registered': {'date': '2007-06-17T21:57:39.326Z', 'age': 16}, 'phone': '011-212-0162', 'cell': '081-091-6596', 'id': {'name': 'PPS', 'value': '6206819T'}, 'picture': {'large': 'https://randomuser.me/api/portraits/men/99.jpg', 'medium': 'https://randomuser.me/api/portraits/med/men/99.jpg', 'thumbnail': 'https://randomuser.me/api/portraits/thumb/men/99.jpg'}, 'nat': 'IE'}], 'info': {'seed': '84101de17628a5ca', 'results': 1, 'page': 1, 'version': '1.4'}}</msg>
<arg>${json_data}</arg>
<doc>Logs the given message with the given level.</doc>
<status status="PASS" start="2024-06-07T16:17:46.586240" elapsed="0.000242"/>
</kw>
<kw name="Should Be Equal As Numbers" owner="BuiltIn">
<arg>${json_data['results'][0]['location']['postcode']}</arg>
<arg>${json_data['results'][0]['location']['postcode']}</arg>
<doc>Fails if objects are unequal after converting them to real numbers.</doc>
<status status="PASS" start="2024-06-07T16:17:46.586836" elapsed="0.000761"/>
</kw>
<kw name="Log" owner="BuiltIn">
<msg time="2024-06-07T16:17:46.588128" level="INFO">98743</msg>
<arg>${json_data['results'][0]['location']['postcode']}</arg>
<doc>Logs the given message with the given level.</doc>
<status status="PASS" start="2024-06-07T16:17:46.587793" elapsed="0.000386"/>
</kw>
<status status="PASS" start="2024-06-07T16:17:46.497307" elapsed="0.091136"/>
</kw>
<doc>Testa se os tipos de dados na resposta da API estão corretos.</doc>
<tag>testeTiposDados</tag>
<status status="PASS" start="2024-06-07T16:17:46.410292" elapsed="0.178316"/>
</test>
<test id="s1-s1-t5" name="Validar conteudo" line="35">
<kw name="Teste de Tipos de Conteudo" owner="random-user-service">
<kw name="GET On Session" owner="RequestsLibrary">
<msg time="2024-06-07T16:17:46.696246" level="INFO">GET Request : url=https://randomuser.me/api 
 path_url=/api 
 headers={'User-Agent': 'python-requests/2.32.3', 'Accept-Encoding': 'gzip, deflate', 'Accept': '*/*', 'Connection': 'keep-alive'} 
 body=None 
 </msg>
<msg time="2024-06-07T16:17:46.696341" level="INFO">GET Response : url=https://randomuser.me/api 
 status=200, reason=OK 
 headers={'Date': 'Fri, 07 Jun 2024 16:17:46 GMT', 'Content-Type': 'application/json; charset=utf-8', 'Transfer-Encoding': 'chunked', 'Connection': 'keep-alive', 'X-Powered-By': 'Express', 'Access-Control-Allow-Origin': '*', 'Cache-Control': 'no-cache', 'ETag': 'W/"478-uJJu3ETQ1CPVUZ1U0Y6pCDTIYj4"', 'Vary': 'Accept-Encoding', 'Content-Encoding': 'gzip', 'CF-Cache-Status': 'DYNAMIC', 'Report-To': '{"endpoints":[{"url":"https:\\/\\/a.nel.cloudflare.com\\/report\\/v4?s=naDGDpmo%2FasysBPSOGkAA4fGd9XZgUjAUNZDHv0ZdY58TS4nGsdj9%2B2rUL57isuMkgLHIhCy5koG70bwyHAvBp1tQK%2FIDyxMM0D5Ac8vP%2FTw6plnjcr77ZNQsrBXJ3q2"}],"group":"cf-nel","max_age":604800}', 'NEL': '{"success_fraction":0,"report_to":"cf-nel","max_age":604800}', 'Server': 'cloudflare', 'CF-RAY': '8901f44a3a3e07f8-IAD', 'alt-svc': 'h3=":443"; ma=86400'} 
 body={"results":[{"gender":"female","name":{"title":"Ms","first":"Rosa","last":"Jensen"},"location":{"street":{"number":8711,"name":"Haveforeningen Rønhøjgård"},"city":"Sørvad","state":"Syddanmark","country":"Denmark","postcode":81169,"coordinates":{"latitude":"-39.0321","longitude":"5.5548"},"timezone":{"offset":"-9:00","description":"Alaska"}},"email":"rosa.jensen@example.com","login":{"uuid":"c3c1d4ef-c00d-4c74-91e9-83a70fefd5ad","username":"purplelion288","password":"theater","salt":"bc1XDsve","md5":"c559ff5451a62096b294a8c0ceb77d0b","sha1":"1efa4af942f67f38919bc5a394f6c217fdc15a3d","sha256":"825fa7875aa28235c612cdbc0cdbd4a63a8cb635d63405f6bd5a0dc319677fb7"},"dob":{"date":"1982-10-06T16:52:18.705Z","age":41},"registered":{"date":"2011-05-17T20:33:39.988Z","age":13},"phone":"99983684","cell":"31064435","id":{"name":"CPR","value":"061082-9515"},"picture":{"large":"https://randomuser.me/api/portraits/women/5.jpg","medium":"https://randomuser.me/api/portraits/med/women/5.jpg","thumbnail":"https://randomuser.me/api/portraits/thumb/women/5.jpg"},"nat":"DK"}],"info":{"seed":"1877be19d9b8001e","results":1,"page":1,"version":"1.4"}} 
 </msg>
<msg time="2024-06-07T16:17:46.696417" level="INFO">/opt/hostedtoolcache/Python/3.12.3/x64/lib/python3.12/site-packages/urllib3/connectionpool.py:1103: InsecureRequestWarning: Unverified HTTPS request is being made to host 'randomuser.me'. Adding certificate verification is strongly advised. See: https://urllib3.readthedocs.io/en/latest/advanced-usage.html#tls-warnings
  warnings.warn(</msg>
<msg time="2024-06-07T16:17:46.696571" level="INFO">${response} = &lt;Response [200]&gt;</msg>
<var>${response}</var>
<arg>consultarAPI</arg>
<arg>/api</arg>
<doc>Sends a GET request on a previously created HTTP Session.</doc>
<status status="PASS" start="2024-06-07T16:17:46.591020" elapsed="0.105587"/>
</kw>
<kw name="Set Variable" owner="BuiltIn">
<msg time="2024-06-07T16:17:46.697574" level="INFO">${json_data} = {'results': [{'gender': 'female', 'name': {'title': 'Ms', 'first': 'Rosa', 'last': 'Jensen'}, 'location': {'street': {'number': 8711, 'name': 'Haveforeningen Rønhøjgård'}, 'city': 'Sørvad', 'state': '...</msg>
<var>${json_data}</var>
<arg>${response.json()}</arg>
<doc>Returns the given values which can then be assigned to a variables.</doc>
<status status="PASS" start="2024-06-07T16:17:46.697083" elapsed="0.000522"/>
</kw>
<kw name="Set Variable" owner="BuiltIn">
<msg time="2024-06-07T16:17:46.698297" level="INFO">${name_title} = Ms</msg>
<var>${name_title}</var>
<arg>${json_data["results"][0]["name"]["title"]}</arg>
<doc>Returns the given values which can then be assigned to a variables.</doc>
<status status="PASS" start="2024-06-07T16:17:46.697914" elapsed="0.000408"/>
</kw>
<kw name="Create List" owner="BuiltIn">
<msg time="2024-06-07T16:17:46.698805" level="INFO">${allowed_titles} = ['Mr', 'Ms', 'Miss', 'Mrs', 'Madame', 'Monsieur']</msg>
<var>${allowed_titles}</var>
<arg>Mr</arg>
<arg>Ms</arg>
<arg>Miss</arg>
<arg>Mrs</arg>
<arg>Madame</arg>
<arg>Monsieur</arg>
<doc>Returns a list containing given items.</doc>
<status status="PASS" start="2024-06-07T16:17:46.698657" elapsed="0.000172"/>
</kw>
<kw name="List Should Contain Value" owner="Collections">
<msg time="2024-06-07T16:17:46.699313" level="INFO">False</msg>
<arg>${allowed_titles}</arg>
<arg>${name_title}</arg>
<doc>Fails if the ``value`` is not found from ``list``.</doc>
<status status="PASS" start="2024-06-07T16:17:46.699142" elapsed="0.000211"/>
</kw>
<kw name="Set Variable" owner="BuiltIn">
<msg time="2024-06-07T16:17:46.700003" level="INFO">${name_country} = DK</msg>
<var>${name_country}</var>
<arg>${json_data["results"][0]["nat"]}</arg>
<doc>Returns the given values which can then be assigned to a variables.</doc>
<status status="PASS" start="2024-06-07T16:17:46.699638" elapsed="0.000390"/>
</kw>
<kw name="Create List" owner="BuiltIn">
<msg time="2024-06-07T16:17:46.700926" level="INFO">${list_country} = ['AD', 'AE', 'AF', 'AG', 'AI', 'AL', 'AM', 'AO', 'AQ', 'AR', 'AS', 'AT', 'AU', 'AW', 'AX', 'AZ', 'BA', 'BB', 'BD', 'BE', 'BF', 'BG', 'BH', 'BI', 'BJ', 'BL', 'BM', 'BN', 'BO', 'BQ', 'BR', 'BS', 'BT', '...</msg>
<var>${list_country}</var>
<arg>AD</arg>
<arg>AE</arg>
<arg>AF</arg>
<arg>AG</arg>
<arg>AI</arg>
<arg>AL</arg>
<arg>AM</arg>
<arg>AO</arg>
<arg>AQ</arg>
<arg>AR</arg>
<arg>AS</arg>
<arg>AT</arg>
<arg>AU</arg>
<arg>AW</arg>
<arg>AX</arg>
<arg>AZ</arg>
<arg>BA</arg>
<arg>BB</arg>
<arg>BD</arg>
<arg>BE</arg>
<arg>BF</arg>
<arg>BG</arg>
<arg>BH</arg>
<arg>BI</arg>
<arg>BJ</arg>
<arg>BL</arg>
<arg>BM</arg>
<arg>BN</arg>
<arg>BO</arg>
<arg>BQ</arg>
<arg>BR</arg>
<arg>BS</arg>
<arg>BT</arg>
<arg>BV</arg>
<arg>BW</arg>
<arg>BY</arg>
<arg>BZ</arg>
<arg>CA</arg>
<arg>CC</arg>
<arg>CD</arg>
<arg>CF</arg>
<arg>CG</arg>
<arg>CH</arg>
<arg>CI</arg>
<arg>CK</arg>
<arg>CL</arg>
<arg>CM</arg>
<arg>CN</arg>
<arg>CO</arg>
<arg>CR</arg>
<arg>CU</arg>
<arg>CV</arg>
<arg>CW</arg>
<arg>CX</arg>
<arg>CY</arg>
<arg>CZ</arg>
<arg>DE</arg>
<arg>DJ</arg>
<arg>DK</arg>
<arg>DM</arg>
<arg>DO</arg>
<arg>DZ</arg>
<arg>EC</arg>
<arg>EE</arg>
<arg>EG</arg>
<arg>EH</arg>
<arg>ER</arg>
<arg>ES</arg>
<arg>ET</arg>
<arg>FI</arg>
<arg>FJ</arg>
<arg>FK</arg>
<arg>FM</arg>
<arg>FO</arg>
<arg>FR</arg>
<arg>GA</arg>
<arg>GB</arg>
<arg>GD</arg>
<arg>GE</arg>
<arg>GF</arg>
<arg>GG</arg>
<arg>GH</arg>
<arg>GI</arg>
<arg>GL</arg>
<arg>GM</arg>
<arg>GN</arg>
<arg>GP</arg>
<arg>GQ</arg>
<arg>GR</arg>
<arg>GS</arg>
<arg>GT</arg>
<arg>GU</arg>
<arg>GW</arg>
<arg>GY</arg>
<arg>HK</arg>
<arg>HM</arg>
<arg>HN</arg>
<arg>HR</arg>
<arg>HT</arg>
<arg>HU</arg>
<arg>ID</arg>
<arg>IE</arg>
<arg>IL</arg>
<arg>IM</arg>
<arg>IN</arg>
<arg>IO</arg>
<arg>IQ</arg>
<arg>IR</arg>
<arg>IS</arg>
<arg>IT</arg>
<arg>JE</arg>
<arg>JM</arg>
<arg>JO</arg>
<arg>JP</arg>
<arg>KE</arg>
<arg>KG</arg>
<arg>KH</arg>
<arg>KI</arg>
<arg>KM</arg>
<arg>KN</arg>
<arg>KP</arg>
<arg>KR</arg>
<arg>KW</arg>
<arg>KY</arg>
<arg>KZ</arg>
<arg>LA</arg>
<arg>LB</arg>
<arg>LC</arg>
<arg>LI</arg>
<arg>LK</arg>
<arg>LR</arg>
<arg>LS</arg>
<arg>LT</arg>
<arg>LU</arg>
<arg>LV</arg>
<arg>LY</arg>
<arg>MA</arg>
<arg>MC</arg>
<arg>MD</arg>
<arg>ME</arg>
<arg>MF</arg>
<arg>MG</arg>
<arg>MH</arg>
<arg>MK</arg>
<arg>ML</arg>
<arg>MM</arg>
<arg>MN</arg>
<arg>MO</arg>
<arg>MP</arg>
<arg>MQ</arg>
<arg>MR</arg>
<arg>MS</arg>
<arg>MT</arg>
<arg>MU</arg>
<arg>MV</arg>
<arg>MW</arg>
<arg>MX</arg>
<arg>MY</arg>
<arg>MZ</arg>
<arg>NA</arg>
<arg>NC</arg>
<arg>NE</arg>
<arg>NF</arg>
<arg>NG</arg>
<arg>NI</arg>
<arg>NL</arg>
<arg>NO</arg>
<arg>NP</arg>
<arg>NR</arg>
<arg>NU</arg>
<arg>NZ</arg>
<arg>OM</arg>
<arg>PA</arg>
<arg>PE</arg>
<arg>PF</arg>
<arg>PG</arg>
<arg>PH</arg>
<arg>PK</arg>
<arg>PL</arg>
<arg>PM</arg>
<arg>PN</arg>
<arg>PR</arg>
<arg>PS</arg>
<arg>PT</arg>
<arg>PW</arg>
<arg>PY</arg>
<arg>QA</arg>
<arg>RE</arg>
<arg>RO</arg>
<arg>RS</arg>
<arg>RU</arg>
<arg>RW</arg>
<arg>SA</arg>
<arg>SB</arg>
<arg>SC</arg>
<arg>SD</arg>
<arg>SE</arg>
<arg>SG</arg>
<arg>SH</arg>
<arg>SI</arg>
<arg>SJ</arg>
<arg>SK</arg>
<arg>SL</arg>
<arg>SM</arg>
<arg>SN</arg>
<arg>SO</arg>
<arg>SR</arg>
<arg>SS</arg>
<arg>ST</arg>
<arg>SV</arg>
<arg>SX</arg>
<arg>SY</arg>
<arg>SZ</arg>
<arg>TC</arg>
<arg>TD</arg>
<arg>TF</arg>
<arg>TG</arg>
<arg>TH</arg>
<arg>TJ</arg>
<arg>TK</arg>
<arg>TL</arg>
<arg>TM</arg>
<arg>TN</arg>
<arg>TO</arg>
<arg>TR</arg>
<arg>TT</arg>
<arg>TV</arg>
<arg>TW</arg>
<arg>TZ</arg>
<arg>UA</arg>
<arg>UG</arg>
<arg>UM</arg>
<arg>US</arg>
<arg>UY</arg>
<arg>UZ</arg>
<arg>VA</arg>
<arg>VC</arg>
<arg>VE</arg>
<arg>VG</arg>
<arg>VI</arg>
<arg>VN</arg>
<arg>VU</arg>
<arg>WF</arg>
<arg>WS</arg>
<arg>XK</arg>
<arg>YE</arg>
<arg>YT</arg>
<arg>ZA</arg>
<arg>ZM</arg>
<arg>ZW</arg>
<doc>Returns a list containing given items.</doc>
<status status="PASS" start="2024-06-07T16:17:46.700326" elapsed="0.000625"/>
</kw>
<kw name="List Should Contain Value" owner="Collections">
<msg time="2024-06-07T16:17:46.701941" level="INFO">False</msg>
<arg>${list_country}</arg>
<arg>${name_country}</arg>
<doc>Fails if the ``value`` is not found from ``list``.</doc>
<status status="PASS" start="2024-06-07T16:17:46.701734" elapsed="0.000245"/>
</kw>
<kw name="Run Keyword If" owner="BuiltIn">
<kw name="Should Be True" owner="BuiltIn">
<arg>${True}</arg>
<doc>Fails if the given condition is not true.</doc>
<status status="PASS" start="2024-06-07T16:17:46.703074" elapsed="0.000145"/>
</kw>
<arg>${json_data["results"][0]["location"]["coordinates"]["latitude"]} &gt;= -90 and ${json_data["results"][0]["location"]["coordinates"]["latitude"]} &lt;= 90</arg>
<arg>Should Be True</arg>
<arg>${True}</arg>
<doc>Runs the given keyword with the given arguments, if ``condition`` is true.</doc>
<status status="PASS" start="2024-06-07T16:17:46.702289" elapsed="0.001057"/>
</kw>
<kw name="Run Keyword If" owner="BuiltIn">
<kw name="Should Be True" owner="BuiltIn">
<arg>${True}</arg>
<doc>Fails if the given condition is not true.</doc>
<status status="PASS" start="2024-06-07T16:17:46.704222" elapsed="0.000250"/>
</kw>
<arg>${json_data["results"][0]["location"]["coordinates"]["longitude"]} &gt;= -180 and ${json_data["results"][0]["location"]["coordinates"]["longitude"]} &lt;= 180</arg>
<arg>Should Be True</arg>
<arg>${True}</arg>
<doc>Runs the given keyword with the given arguments, if ``condition`` is true.</doc>
<status status="PASS" start="2024-06-07T16:17:46.703526" elapsed="0.001070"/>
</kw>
<status status="PASS" start="2024-06-07T16:17:46.590798" elapsed="0.113927"/>
</kw>
<doc>Testa o conteúdo específico dos campos retornados pela API.</doc>
<tag>testeConteudo</tag>
<status status="PASS" start="2024-06-07T16:17:46.590329" elapsed="0.114545"/>
</test>
<status status="PASS" start="2024-06-07T16:17:45.871653" elapsed="0.835126"/>
</suite>
<status status="PASS" start="2024-06-07T16:17:45.857781" elapsed="0.854133"/>
</suite>
<statistics>
<total>
<stat pass="5" fail="0" skip="0">All Tests</stat>
</total>
<tag>
<stat pass="1" fail="0" skip="0">testeConteudo</stat>
<stat pass="1" fail="0" skip="0">testeEstruturaResposta</stat>
<stat pass="1" fail="0" skip="0">testeRequisicaoBasica</stat>
<stat pass="1" fail="0" skip="0">testeTiposDados</stat>
</tag>
<suite>
<stat pass="5" fail="0" skip="0" id="s1" name="Tests">Tests</stat>
<stat pass="5" fail="0" skip="0" id="s1-s1" name="Random-User-Test">Tests.Random-User-Test</stat>
</suite>
</statistics>
<errors>
</errors>
</robot>
