<?xml version="1.0" encoding="UTF-8"?>
<robot generator="Robot 7.0 (Python 3.12.2 on linux)" generated="2024-04-13T03:12:12.498086" rpa="false" schemaversion="5">
<suite id="s1" name="Tests" source="/home/runner/work/DesafioQAItauRogerioJordao/DesafioQAItauRogerioJordao/RamdonUser/tests">
<suite id="s1-s1" name="Random-User-Test" source="/home/runner/work/DesafioQAItauRogerioJordao/DesafioQAItauRogerioJordao/RamdonUser/tests/random-user-test.robot">
<test id="s1-s1-t1" name="Conectar" line="13">
<kw name="Conectar API" owner="random-user-service">
<kw name="Create Session" owner="RequestsLibrary">
<msg time="2024-04-13T03:12:12.853606" level="INFO">Creating Session using : alias=consultarAPI, url=https://randomuser.me/, headers={},                     cookies={}, auth=None, timeout=None, proxies=None, verify=False,                     debug=0 </msg>
<arg>consultarAPI</arg>
<arg>${URL}</arg>
<doc>Create Session: create a HTTP session to a server</doc>
<status status="PASS" start="2024-04-13T03:12:12.853389" elapsed="0.000408"/>
</kw>
<status status="PASS" start="2024-04-13T03:12:12.852300" elapsed="0.001875"/>
</kw>
<status status="PASS" start="2024-04-13T03:12:12.851673" elapsed="0.002752"/>
</test>
<test id="s1-s1-t2" name="Validar retorno 200 e JSON Válido" line="16">
<kw name="Teste de Requisicao Basica" owner="random-user-service">
<kw name="GET On Session" owner="RequestsLibrary">
<msg time="2024-04-13T03:12:13.039501" level="INFO">GET Request : url=https://randomuser.me/api 
 path_url=/api 
 headers={'User-Agent': 'python-requests/2.31.0', 'Accept-Encoding': 'gzip, deflate', 'Accept': '*/*', 'Connection': 'keep-alive'} 
 body=None 
 </msg>
<msg time="2024-04-13T03:12:13.039652" level="INFO">GET Response : url=https://randomuser.me/api 
 status=200, reason=OK 
 headers={'Date': 'Sat, 13 Apr 2024 03:12:13 GMT', 'Content-Type': 'application/json; charset=utf-8', 'Transfer-Encoding': 'chunked', 'Connection': 'keep-alive', 'X-Powered-By': 'Express', 'Access-Control-Allow-Origin': '*', 'Cache-Control': 'no-cache', 'ETag': 'W/"4a6-3ctGQXzMFKB4nzeYeo9UegMWPvU"', 'Vary': 'Accept-Encoding', 'Content-Encoding': 'gzip', 'CF-Cache-Status': 'DYNAMIC', 'Report-To': '{"endpoints":[{"url":"https:\\/\\/a.nel.cloudflare.com\\/report\\/v4?s=G8xrMAvbaHSwUGT2EKubCRbbayJspchjWrU3RRU8Hff2FZhmFvER2sNzhZYI3%2FOeZu2cn4ew5JsWqU8SnjgC7TsgGANEiAud8I8tmFMO5aTqZ2AaRNH5RqYvvsdRQl5M"}],"group":"cf-nel","max_age":604800}', 'NEL': '{"success_fraction":0,"report_to":"cf-nel","max_age":604800}', 'Server': 'cloudflare', 'CF-RAY': '873845f13f596081-ORD', 'alt-svc': 'h3=":443"; ma=86400'} 
 body={"results":[{"gender":"female","name":{"title":"Mrs","first":"Dragana","last":"Kuzmanović"},"location":{"street":{"number":9290,"name":"Poganovska"},"city":"Užice","state":"Šumadija","country":"Serbia","postcode":73430,"coordinates":{"latitude":"61.4479","longitude":"173.3535"},"timezone":{"offset":"0:00","description":"Western Europe Time, London, Lisbon, Casablanca"}},"email":"dragana.kuzmanovic@example.com","login":{"uuid":"3597eaee-bbdc-4235-8482-7f32baadf751","username":"blackladybug994","password":"kotaku","salt":"S1Wkpudp","md5":"f283afac20618ddb9bc0323068007ef3","sha1":"9cb32a205ffcd251262ecc646a22274d004aa00d","sha256":"41c330d119e129f8de51af3376d29a604a43d6e860e2300b06bce05423ebd371"},"dob":{"date":"1956-03-17T00:01:15.262Z","age":68},"registered":{"date":"2005-09-30T16:45:43.613Z","age":18},"phone":"026-8943-096","cell":"064-1265-903","id":{"name":"SID","value":"408030678"},"picture":{"large":"https://randomuser.me/api/portraits/women/72.jpg","medium":"https://randomuser.me/api/portraits/med/women/72.jpg","thumbnail":"https://randomuser.me/api/portraits/thumb/women/72.jpg"},"nat":"RS"}],"info":{"seed":"7fc2e3f0dcdc2699","results":1,"page":1,"version":"1.4"}} 
 </msg>
<msg time="2024-04-13T03:12:13.039739" level="INFO">/opt/hostedtoolcache/Python/3.12.2/x64/lib/python3.12/site-packages/urllib3/connectionpool.py:1103: InsecureRequestWarning: Unverified HTTPS request is being made to host 'randomuser.me'. Adding certificate verification is strongly advised. See: https://urllib3.readthedocs.io/en/latest/advanced-usage.html#tls-warnings
  warnings.warn(</msg>
<msg time="2024-04-13T03:12:13.039882" level="INFO">${response} = &lt;Response [200]&gt;</msg>
<var>${response}</var>
<arg>consultarAPI</arg>
<arg>/api</arg>
<doc>Sends a GET request on a previously created HTTP Session.</doc>
<status status="PASS" start="2024-04-13T03:12:12.857156" elapsed="0.182768"/>
</kw>
<kw name="Should Be Equal As Numbers" owner="BuiltIn">
<msg time="2024-04-13T03:12:13.041099" level="INFO">Argument types are:
&lt;class 'int'&gt;
&lt;class 'str'&gt;</msg>
<arg>${response.status_code}</arg>
<arg>200</arg>
<doc>Fails if objects are unequal after converting them to real numbers.</doc>
<status status="PASS" start="2024-04-13T03:12:13.040566" elapsed="0.000604"/>
</kw>
<kw name="Log" owner="BuiltIn">
<msg time="2024-04-13T03:12:13.041928" level="INFO">200</msg>
<arg>${response.status_code}</arg>
<doc>Logs the given message with the given level.</doc>
<status status="PASS" start="2024-04-13T03:12:13.041547" elapsed="0.000426"/>
</kw>
<kw name="Set Variable" owner="BuiltIn">
<msg time="2024-04-13T03:12:13.042843" level="INFO">${json_data} = {'results': [{'gender': 'female', 'name': {'title': 'Mrs', 'first': 'Dragana', 'last': 'Kuzmanović'}, 'location': {'street': {'number': 9290, 'name': 'Poganovska'}, 'city': 'Užice', 'state': 'Šumadija...</msg>
<var>${json_data}</var>
<arg>${response.json()}</arg>
<doc>Returns the given values which can then be assigned to a variables.</doc>
<status status="PASS" start="2024-04-13T03:12:13.042361" elapsed="0.000513"/>
</kw>
<kw name="Dictionary Should Contain Key" owner="Collections">
<msg time="2024-04-13T03:12:13.043472" level="INFO">False</msg>
<arg>${json_data}</arg>
<arg>results</arg>
<doc>Fails if ``key`` is not found from ``dictionary``.</doc>
<status status="PASS" start="2024-04-13T03:12:13.043228" elapsed="0.000304"/>
</kw>
<status status="PASS" start="2024-04-13T03:12:12.856894" elapsed="0.186998"/>
</kw>
<doc>Testa se a API responde corretamente e retorna um objeto JSON válido.</doc>
<tag>testeRequisicaoBasica</tag>
<status status="PASS" start="2024-04-13T03:12:12.856285" elapsed="0.187878"/>
</test>
<test id="s1-s1-t3" name="Validar estrutura de resposta" line="22">
<kw name="Teste de Estrutura de Resposta" owner="random-user-service">
<kw name="GET On Session" owner="RequestsLibrary">
<msg time="2024-04-13T03:12:13.142764" level="INFO">GET Request : url=https://randomuser.me/api 
 path_url=/api 
 headers={'User-Agent': 'python-requests/2.31.0', 'Accept-Encoding': 'gzip, deflate', 'Accept': '*/*', 'Connection': 'keep-alive'} 
 body=None 
 </msg>
<msg time="2024-04-13T03:12:13.142858" level="INFO">GET Response : url=https://randomuser.me/api 
 status=200, reason=OK 
 headers={'Date': 'Sat, 13 Apr 2024 03:12:13 GMT', 'Content-Type': 'application/json; charset=utf-8', 'Transfer-Encoding': 'chunked', 'Connection': 'keep-alive', 'X-Powered-By': 'Express', 'Access-Control-Allow-Origin': '*', 'Cache-Control': 'no-cache', 'ETag': 'W/"498-diCgfIClJtgM7b01+3P2O10USkQ"', 'Vary': 'Accept-Encoding', 'Content-Encoding': 'gzip', 'CF-Cache-Status': 'DYNAMIC', 'Report-To': '{"endpoints":[{"url":"https:\\/\\/a.nel.cloudflare.com\\/report\\/v4?s=qsVe9TqvAw3MAYTV%2FrfSkp7FtkIG6hivY1HG0sC40EH2plbe4KFz%2FmBCfS7OvRNDr%2FsDsCqz%2F8B%2Bxoy%2B1nqlovjyideX36kDytZGEVTUFWyICyjHh8J7g%2FiYBleSIXkD"}],"group":"cf-nel","max_age":604800}', 'NEL': '{"success_fraction":0,"report_to":"cf-nel","max_age":604800}', 'Server': 'cloudflare', 'CF-RAY': '873845f18fb46081-ORD', 'alt-svc': 'h3=":443"; ma=86400'} 
 body={"results":[{"gender":"female","name":{"title":"Miss","first":"Olivia","last":"Ylitalo"},"location":{"street":{"number":6454,"name":"Siilitie"},"city":"Isokyrö","state":"Åland","country":"Finland","postcode":83960,"coordinates":{"latitude":"-27.2623","longitude":"79.3451"},"timezone":{"offset":"+4:00","description":"Abu Dhabi, Muscat, Baku, Tbilisi"}},"email":"olivia.ylitalo@example.com","login":{"uuid":"bf3aac2f-d86a-4c91-9edc-39e8a3cdd812","username":"smallelephant655","password":"sluttey","salt":"GzPYKeZ6","md5":"06f0b9f2e9408a0ca873fdfb5d0b7d9b","sha1":"4906b663c0012771b816b17c70af277244e78ce3","sha256":"98298707bcfb8e5c3c614b0133d385e3fcf9d96867d3ef6d9e1f2b26b739de33"},"dob":{"date":"1997-05-23T12:28:35.287Z","age":26},"registered":{"date":"2012-08-25T18:47:26.703Z","age":11},"phone":"03-788-501","cell":"041-979-56-82","id":{"name":"HETU","value":"NaNNA430undefined"},"picture":{"large":"https://randomuser.me/api/portraits/women/64.jpg","medium":"https://randomuser.me/api/portraits/med/women/64.jpg","thumbnail":"https://randomuser.me/api/portraits/thumb/women/64.jpg"},"nat":"FI"}],"info":{"seed":"f3f7fd1a8c20d2de","results":1,"page":1,"version":"1.4"}} 
 </msg>
<msg time="2024-04-13T03:12:13.143003" level="INFO">/opt/hostedtoolcache/Python/3.12.2/x64/lib/python3.12/site-packages/urllib3/connectionpool.py:1103: InsecureRequestWarning: Unverified HTTPS request is being made to host 'randomuser.me'. Adding certificate verification is strongly advised. See: https://urllib3.readthedocs.io/en/latest/advanced-usage.html#tls-warnings
  warnings.warn(</msg>
<msg time="2024-04-13T03:12:13.143140" level="INFO">${response} = &lt;Response [200]&gt;</msg>
<var>${response}</var>
<arg>consultarAPI</arg>
<arg>/api</arg>
<doc>Sends a GET request on a previously created HTTP Session.</doc>
<status status="PASS" start="2024-04-13T03:12:13.047152" elapsed="0.096039"/>
</kw>
<kw name="Set Variable" owner="BuiltIn">
<msg time="2024-04-13T03:12:13.144275" level="INFO">${json_data} = {'results': [{'gender': 'female', 'name': {'title': 'Miss', 'first': 'Olivia', 'last': 'Ylitalo'}, 'location': {'street': {'number': 6454, 'name': 'Siilitie'}, 'city': 'Isokyrö', 'state': 'Åland', 'co...</msg>
<var>${json_data}</var>
<arg>${response.json()}</arg>
<doc>Returns the given values which can then be assigned to a variables.</doc>
<status status="PASS" start="2024-04-13T03:12:13.143709" elapsed="0.000596"/>
</kw>
<kw name="Log" owner="BuiltIn">
<msg time="2024-04-13T03:12:13.144801" level="INFO">{'results': [{'gender': 'female', 'name': {'title': 'Miss', 'first': 'Olivia', 'last': 'Ylitalo'}, 'location': {'street': {'number': 6454, 'name': 'Siilitie'}, 'city': 'Isokyrö', 'state': 'Åland', 'country': 'Finland', 'postcode': 83960, 'coordinates': {'latitude': '-27.2623', 'longitude': '79.3451'}, 'timezone': {'offset': '+4:00', 'description': 'Abu Dhabi, Muscat, Baku, Tbilisi'}}, 'email': 'olivia.ylitalo@example.com', 'login': {'uuid': 'bf3aac2f-d86a-4c91-9edc-39e8a3cdd812', 'username': 'smallelephant655', 'password': 'sluttey', 'salt': 'GzPYKeZ6', 'md5': '06f0b9f2e9408a0ca873fdfb5d0b7d9b', 'sha1': '4906b663c0012771b816b17c70af277244e78ce3', 'sha256': '98298707bcfb8e5c3c614b0133d385e3fcf9d96867d3ef6d9e1f2b26b739de33'}, 'dob': {'date': '1997-05-23T12:28:35.287Z', 'age': 26}, 'registered': {'date': '2012-08-25T18:47:26.703Z', 'age': 11}, 'phone': '03-788-501', 'cell': '041-979-56-82', 'id': {'name': 'HETU', 'value': 'NaNNA430undefined'}, 'picture': {'large': 'https://randomuser.me/api/portraits/women/64.jpg', 'medium': 'https://randomuser.me/api/portraits/med/women/64.jpg', 'thumbnail': 'https://randomuser.me/api/portraits/thumb/women/64.jpg'}, 'nat': 'FI'}], 'info': {'seed': 'f3f7fd1a8c20d2de', 'results': 1, 'page': 1, 'version': '1.4'}}</msg>
<arg>${json_data}</arg>
<doc>Logs the given message with the given level.</doc>
<status status="PASS" start="2024-04-13T03:12:13.144633" elapsed="0.000219"/>
</kw>
<kw name="Dictionary Should Contain Key" owner="Collections">
<msg time="2024-04-13T03:12:13.145317" level="INFO">False</msg>
<arg>${json_data}</arg>
<arg>results</arg>
<doc>Fails if ``key`` is not found from ``dictionary``.</doc>
<status status="PASS" start="2024-04-13T03:12:13.145158" elapsed="0.000197"/>
</kw>
<kw name="Should Not Be Empty" owner="BuiltIn">
<msg time="2024-04-13T03:12:13.145787" level="INFO">Length is 2.</msg>
<arg>${json_data}</arg>
<doc>Verifies that the given item is not empty.</doc>
<status status="PASS" start="2024-04-13T03:12:13.145653" elapsed="0.000173"/>
</kw>
<kw name="Create List" owner="BuiltIn">
<msg time="2024-04-13T03:12:13.146312" level="INFO">${expected_keys} = ['gender', 'name', 'location', 'email', 'login']</msg>
<var>${expected_keys}</var>
<arg>gender</arg>
<arg>name</arg>
<arg>location</arg>
<arg>email</arg>
<arg>login</arg>
<doc>Returns a list containing given items.</doc>
<status status="PASS" start="2024-04-13T03:12:13.146126" elapsed="0.000221"/>
</kw>
<for flavor="IN">
<iter>
<kw name="Dictionary Should Contain Key" owner="Collections">
<msg time="2024-04-13T03:12:13.147351" level="INFO">False</msg>
<arg>${json_data['results'][0]}</arg>
<arg>${key}</arg>
<doc>Fails if ``key`` is not found from ``dictionary``.</doc>
<status status="PASS" start="2024-04-13T03:12:13.146944" elapsed="0.000448"/>
</kw>
<kw name="Log" owner="BuiltIn">
<msg time="2024-04-13T03:12:13.148084" level="INFO">{'gender': 'female', 'name': {'title': 'Miss', 'first': 'Olivia', 'last': 'Ylitalo'}, 'location': {'street': {'number': 6454, 'name': 'Siilitie'}, 'city': 'Isokyrö', 'state': 'Åland', 'country': 'Finland', 'postcode': 83960, 'coordinates': {'latitude': '-27.2623', 'longitude': '79.3451'}, 'timezone': {'offset': '+4:00', 'description': 'Abu Dhabi, Muscat, Baku, Tbilisi'}}, 'email': 'olivia.ylitalo@example.com', 'login': {'uuid': 'bf3aac2f-d86a-4c91-9edc-39e8a3cdd812', 'username': 'smallelephant655', 'password': 'sluttey', 'salt': 'GzPYKeZ6', 'md5': '06f0b9f2e9408a0ca873fdfb5d0b7d9b', 'sha1': '4906b663c0012771b816b17c70af277244e78ce3', 'sha256': '98298707bcfb8e5c3c614b0133d385e3fcf9d96867d3ef6d9e1f2b26b739de33'}, 'dob': {'date': '1997-05-23T12:28:35.287Z', 'age': 26}, 'registered': {'date': '2012-08-25T18:47:26.703Z', 'age': 11}, 'phone': '03-788-501', 'cell': '041-979-56-82', 'id': {'name': 'HETU', 'value': 'NaNNA430undefined'}, 'picture': {'large': 'https://randomuser.me/api/portraits/women/64.jpg', 'medium': 'https://randomuser.me/api/portraits/med/women/64.jpg', 'thumbnail': 'https://randomuser.me/api/portraits/thumb/women/64.jpg'}, 'nat': 'FI'}</msg>
<arg>${json_data['results'][0]}</arg>
<doc>Logs the given message with the given level.</doc>
<status status="PASS" start="2024-04-13T03:12:13.147706" elapsed="0.000430"/>
</kw>
<kw name="Log" owner="BuiltIn">
<msg time="2024-04-13T03:12:13.148578" level="INFO">gender</msg>
<arg>${key}</arg>
<doc>Logs the given message with the given level.</doc>
<status status="PASS" start="2024-04-13T03:12:13.148445" elapsed="0.000173"/>
</kw>
<var name="${key}">gender</var>
<status status="PASS" start="2024-04-13T03:12:13.146806" elapsed="0.002034"/>
</iter>
<iter>
<kw name="Dictionary Should Contain Key" owner="Collections">
<msg time="2024-04-13T03:12:13.149534" level="INFO">False</msg>
<arg>${json_data['results'][0]}</arg>
<arg>${key}</arg>
<doc>Fails if ``key`` is not found from ``dictionary``.</doc>
<status status="PASS" start="2024-04-13T03:12:13.149147" elapsed="0.000426"/>
</kw>
<kw name="Log" owner="BuiltIn">
<msg time="2024-04-13T03:12:13.150325" level="INFO">{'gender': 'female', 'name': {'title': 'Miss', 'first': 'Olivia', 'last': 'Ylitalo'}, 'location': {'street': {'number': 6454, 'name': 'Siilitie'}, 'city': 'Isokyrö', 'state': 'Åland', 'country': 'Finland', 'postcode': 83960, 'coordinates': {'latitude': '-27.2623', 'longitude': '79.3451'}, 'timezone': {'offset': '+4:00', 'description': 'Abu Dhabi, Muscat, Baku, Tbilisi'}}, 'email': 'olivia.ylitalo@example.com', 'login': {'uuid': 'bf3aac2f-d86a-4c91-9edc-39e8a3cdd812', 'username': 'smallelephant655', 'password': 'sluttey', 'salt': 'GzPYKeZ6', 'md5': '06f0b9f2e9408a0ca873fdfb5d0b7d9b', 'sha1': '4906b663c0012771b816b17c70af277244e78ce3', 'sha256': '98298707bcfb8e5c3c614b0133d385e3fcf9d96867d3ef6d9e1f2b26b739de33'}, 'dob': {'date': '1997-05-23T12:28:35.287Z', 'age': 26}, 'registered': {'date': '2012-08-25T18:47:26.703Z', 'age': 11}, 'phone': '03-788-501', 'cell': '041-979-56-82', 'id': {'name': 'HETU', 'value': 'NaNNA430undefined'}, 'picture': {'large': 'https://randomuser.me/api/portraits/women/64.jpg', 'medium': 'https://randomuser.me/api/portraits/med/women/64.jpg', 'thumbnail': 'https://randomuser.me/api/portraits/thumb/women/64.jpg'}, 'nat': 'FI'}</msg>
<arg>${json_data['results'][0]}</arg>
<doc>Logs the given message with the given level.</doc>
<status status="PASS" start="2024-04-13T03:12:13.149916" elapsed="0.000460"/>
</kw>
<kw name="Log" owner="BuiltIn">
<msg time="2024-04-13T03:12:13.150814" level="INFO">name</msg>
<arg>${key}</arg>
<doc>Logs the given message with the given level.</doc>
<status status="PASS" start="2024-04-13T03:12:13.150683" elapsed="0.000169"/>
</kw>
<var name="${key}">name</var>
<status status="PASS" start="2024-04-13T03:12:13.149030" elapsed="0.002044"/>
</iter>
<iter>
<kw name="Dictionary Should Contain Key" owner="Collections">
<msg time="2024-04-13T03:12:13.151759" level="INFO">False</msg>
<arg>${json_data['results'][0]}</arg>
<arg>${key}</arg>
<doc>Fails if ``key`` is not found from ``dictionary``.</doc>
<status status="PASS" start="2024-04-13T03:12:13.151372" elapsed="0.000426"/>
</kw>
<kw name="Log" owner="BuiltIn">
<msg time="2024-04-13T03:12:13.152472" level="INFO">{'gender': 'female', 'name': {'title': 'Miss', 'first': 'Olivia', 'last': 'Ylitalo'}, 'location': {'street': {'number': 6454, 'name': 'Siilitie'}, 'city': 'Isokyrö', 'state': 'Åland', 'country': 'Finland', 'postcode': 83960, 'coordinates': {'latitude': '-27.2623', 'longitude': '79.3451'}, 'timezone': {'offset': '+4:00', 'description': 'Abu Dhabi, Muscat, Baku, Tbilisi'}}, 'email': 'olivia.ylitalo@example.com', 'login': {'uuid': 'bf3aac2f-d86a-4c91-9edc-39e8a3cdd812', 'username': 'smallelephant655', 'password': 'sluttey', 'salt': 'GzPYKeZ6', 'md5': '06f0b9f2e9408a0ca873fdfb5d0b7d9b', 'sha1': '4906b663c0012771b816b17c70af277244e78ce3', 'sha256': '98298707bcfb8e5c3c614b0133d385e3fcf9d96867d3ef6d9e1f2b26b739de33'}, 'dob': {'date': '1997-05-23T12:28:35.287Z', 'age': 26}, 'registered': {'date': '2012-08-25T18:47:26.703Z', 'age': 11}, 'phone': '03-788-501', 'cell': '041-979-56-82', 'id': {'name': 'HETU', 'value': 'NaNNA430undefined'}, 'picture': {'large': 'https://randomuser.me/api/portraits/women/64.jpg', 'medium': 'https://randomuser.me/api/portraits/med/women/64.jpg', 'thumbnail': 'https://randomuser.me/api/portraits/thumb/women/64.jpg'}, 'nat': 'FI'}</msg>
<arg>${json_data['results'][0]}</arg>
<doc>Logs the given message with the given level.</doc>
<status status="PASS" start="2024-04-13T03:12:13.152108" elapsed="0.000419"/>
</kw>
<kw name="Log" owner="BuiltIn">
<msg time="2024-04-13T03:12:13.152958" level="INFO">location</msg>
<arg>${key}</arg>
<doc>Logs the given message with the given level.</doc>
<status status="PASS" start="2024-04-13T03:12:13.152831" elapsed="0.000165"/>
</kw>
<var name="${key}">location</var>
<status status="PASS" start="2024-04-13T03:12:13.151258" elapsed="0.001955"/>
</iter>
<iter>
<kw name="Dictionary Should Contain Key" owner="Collections">
<msg time="2024-04-13T03:12:13.153883" level="INFO">False</msg>
<arg>${json_data['results'][0]}</arg>
<arg>${key}</arg>
<doc>Fails if ``key`` is not found from ``dictionary``.</doc>
<status status="PASS" start="2024-04-13T03:12:13.153500" elapsed="0.000421"/>
</kw>
<kw name="Log" owner="BuiltIn">
<msg time="2024-04-13T03:12:13.154628" level="INFO">{'gender': 'female', 'name': {'title': 'Miss', 'first': 'Olivia', 'last': 'Ylitalo'}, 'location': {'street': {'number': 6454, 'name': 'Siilitie'}, 'city': 'Isokyrö', 'state': 'Åland', 'country': 'Finland', 'postcode': 83960, 'coordinates': {'latitude': '-27.2623', 'longitude': '79.3451'}, 'timezone': {'offset': '+4:00', 'description': 'Abu Dhabi, Muscat, Baku, Tbilisi'}}, 'email': 'olivia.ylitalo@example.com', 'login': {'uuid': 'bf3aac2f-d86a-4c91-9edc-39e8a3cdd812', 'username': 'smallelephant655', 'password': 'sluttey', 'salt': 'GzPYKeZ6', 'md5': '06f0b9f2e9408a0ca873fdfb5d0b7d9b', 'sha1': '4906b663c0012771b816b17c70af277244e78ce3', 'sha256': '98298707bcfb8e5c3c614b0133d385e3fcf9d96867d3ef6d9e1f2b26b739de33'}, 'dob': {'date': '1997-05-23T12:28:35.287Z', 'age': 26}, 'registered': {'date': '2012-08-25T18:47:26.703Z', 'age': 11}, 'phone': '03-788-501', 'cell': '041-979-56-82', 'id': {'name': 'HETU', 'value': 'NaNNA430undefined'}, 'picture': {'large': 'https://randomuser.me/api/portraits/women/64.jpg', 'medium': 'https://randomuser.me/api/portraits/med/women/64.jpg', 'thumbnail': 'https://randomuser.me/api/portraits/thumb/women/64.jpg'}, 'nat': 'FI'}</msg>
<arg>${json_data['results'][0]}</arg>
<doc>Logs the given message with the given level.</doc>
<status status="PASS" start="2024-04-13T03:12:13.154251" elapsed="0.000427"/>
</kw>
<kw name="Log" owner="BuiltIn">
<msg time="2024-04-13T03:12:13.155185" level="INFO">email</msg>
<arg>${key}</arg>
<doc>Logs the given message with the given level.</doc>
<status status="PASS" start="2024-04-13T03:12:13.155039" elapsed="0.000186"/>
</kw>
<var name="${key}">email</var>
<status status="PASS" start="2024-04-13T03:12:13.153389" elapsed="0.002059"/>
</iter>
<iter>
<kw name="Dictionary Should Contain Key" owner="Collections">
<msg time="2024-04-13T03:12:13.156134" level="INFO">False</msg>
<arg>${json_data['results'][0]}</arg>
<arg>${key}</arg>
<doc>Fails if ``key`` is not found from ``dictionary``.</doc>
<status status="PASS" start="2024-04-13T03:12:13.155747" elapsed="0.000425"/>
</kw>
<kw name="Log" owner="BuiltIn">
<msg time="2024-04-13T03:12:13.156839" level="INFO">{'gender': 'female', 'name': {'title': 'Miss', 'first': 'Olivia', 'last': 'Ylitalo'}, 'location': {'street': {'number': 6454, 'name': 'Siilitie'}, 'city': 'Isokyrö', 'state': 'Åland', 'country': 'Finland', 'postcode': 83960, 'coordinates': {'latitude': '-27.2623', 'longitude': '79.3451'}, 'timezone': {'offset': '+4:00', 'description': 'Abu Dhabi, Muscat, Baku, Tbilisi'}}, 'email': 'olivia.ylitalo@example.com', 'login': {'uuid': 'bf3aac2f-d86a-4c91-9edc-39e8a3cdd812', 'username': 'smallelephant655', 'password': 'sluttey', 'salt': 'GzPYKeZ6', 'md5': '06f0b9f2e9408a0ca873fdfb5d0b7d9b', 'sha1': '4906b663c0012771b816b17c70af277244e78ce3', 'sha256': '98298707bcfb8e5c3c614b0133d385e3fcf9d96867d3ef6d9e1f2b26b739de33'}, 'dob': {'date': '1997-05-23T12:28:35.287Z', 'age': 26}, 'registered': {'date': '2012-08-25T18:47:26.703Z', 'age': 11}, 'phone': '03-788-501', 'cell': '041-979-56-82', 'id': {'name': 'HETU', 'value': 'NaNNA430undefined'}, 'picture': {'large': 'https://randomuser.me/api/portraits/women/64.jpg', 'medium': 'https://randomuser.me/api/portraits/med/women/64.jpg', 'thumbnail': 'https://randomuser.me/api/portraits/thumb/women/64.jpg'}, 'nat': 'FI'}</msg>
<arg>${json_data['results'][0]}</arg>
<doc>Logs the given message with the given level.</doc>
<status status="PASS" start="2024-04-13T03:12:13.156469" elapsed="0.000420"/>
</kw>
<kw name="Log" owner="BuiltIn">
<msg time="2024-04-13T03:12:13.157332" level="INFO">login</msg>
<arg>${key}</arg>
<doc>Logs the given message with the given level.</doc>
<status status="PASS" start="2024-04-13T03:12:13.157201" elapsed="0.000169"/>
</kw>
<var name="${key}">login</var>
<status status="PASS" start="2024-04-13T03:12:13.155635" elapsed="0.001982"/>
</iter>
<var>${key}</var>
<value>@{expected_keys}</value>
<status status="PASS" start="2024-04-13T03:12:13.146614" elapsed="0.011133"/>
</for>
<kw name="Create List" owner="BuiltIn">
<msg time="2024-04-13T03:12:13.158086" level="INFO">${expected_keysTwo} = ['username', 'password']</msg>
<var>${expected_keysTwo}</var>
<arg>username</arg>
<arg>password</arg>
<doc>Returns a list containing given items.</doc>
<status status="PASS" start="2024-04-13T03:12:13.157946" elapsed="0.000165"/>
</kw>
<for flavor="IN">
<iter>
<kw name="Dictionary Should Contain Key" owner="Collections">
<msg time="2024-04-13T03:12:13.159176" level="INFO">False</msg>
<arg>${json_data['results'][0]['login']}</arg>
<arg>${keyTwo}</arg>
<doc>Fails if ``key`` is not found from ``dictionary``.</doc>
<status status="PASS" start="2024-04-13T03:12:13.158785" elapsed="0.000429"/>
</kw>
<kw name="Dictionary Should Contain Key" owner="Collections">
<msg time="2024-04-13T03:12:13.159900" level="INFO">False</msg>
<arg>${json_data['results'][0]['login']}</arg>
<arg>${keyTwo}</arg>
<doc>Fails if ``key`` is not found from ``dictionary``.</doc>
<status status="PASS" start="2024-04-13T03:12:13.159515" elapsed="0.000424"/>
</kw>
<kw name="Log" owner="BuiltIn">
<msg time="2024-04-13T03:12:13.160368" level="INFO">username</msg>
<arg>${keyTwo}</arg>
<doc>Logs the given message with the given level.</doc>
<status status="PASS" start="2024-04-13T03:12:13.160239" elapsed="0.000167"/>
</kw>
<var name="${keyTwo}">username</var>
<status status="PASS" start="2024-04-13T03:12:13.158671" elapsed="0.001953"/>
</iter>
<iter>
<kw name="Dictionary Should Contain Key" owner="Collections">
<msg time="2024-04-13T03:12:13.161287" level="INFO">False</msg>
<arg>${json_data['results'][0]['login']}</arg>
<arg>${keyTwo}</arg>
<doc>Fails if ``key`` is not found from ``dictionary``.</doc>
<status status="PASS" start="2024-04-13T03:12:13.160910" elapsed="0.000414"/>
</kw>
<kw name="Dictionary Should Contain Key" owner="Collections">
<msg time="2024-04-13T03:12:13.161997" level="INFO">False</msg>
<arg>${json_data['results'][0]['login']}</arg>
<arg>${keyTwo}</arg>
<doc>Fails if ``key`` is not found from ``dictionary``.</doc>
<status status="PASS" start="2024-04-13T03:12:13.161617" elapsed="0.000417"/>
</kw>
<kw name="Log" owner="BuiltIn">
<msg time="2024-04-13T03:12:13.162483" level="INFO">password</msg>
<arg>${keyTwo}</arg>
<doc>Logs the given message with the given level.</doc>
<status status="PASS" start="2024-04-13T03:12:13.162345" elapsed="0.000175"/>
</kw>
<var name="${keyTwo}">password</var>
<status status="PASS" start="2024-04-13T03:12:13.160797" elapsed="0.001940"/>
</iter>
<var>${keyTwo}</var>
<value>@{expected_keysTwo}</value>
<status status="PASS" start="2024-04-13T03:12:13.158406" elapsed="0.004453"/>
</for>
<status status="PASS" start="2024-04-13T03:12:13.046902" elapsed="0.116100"/>
</kw>
<doc>Testa a estrutura da resposta da API.</doc>
<tag>testeEstruturaResposta</tag>
<status status="PASS" start="2024-04-13T03:12:13.046067" elapsed="0.117095"/>
</test>
<test id="s1-s1-t4" name="Validar tipos de dados" line="28">
<kw name="Teste de Tipos de Dados" owner="random-user-service">
<kw name="GET On Session" owner="RequestsLibrary">
<msg time="2024-04-13T03:12:13.242289" level="INFO">GET Request : url=https://randomuser.me/api 
 path_url=/api 
 headers={'User-Agent': 'python-requests/2.31.0', 'Accept-Encoding': 'gzip, deflate', 'Accept': '*/*', 'Connection': 'keep-alive'} 
 body=None 
 </msg>
<msg time="2024-04-13T03:12:13.242386" level="INFO">GET Response : url=https://randomuser.me/api 
 status=200, reason=OK 
 headers={'Date': 'Sat, 13 Apr 2024 03:12:13 GMT', 'Content-Type': 'application/json; charset=utf-8', 'Transfer-Encoding': 'chunked', 'Connection': 'keep-alive', 'X-Powered-By': 'Express', 'Access-Control-Allow-Origin': '*', 'Cache-Control': 'no-cache', 'ETag': 'W/"491-56Tz7dv4hJkR3lhqb/KOvcvJGJg"', 'Vary': 'Accept-Encoding', 'Content-Encoding': 'gzip', 'CF-Cache-Status': 'DYNAMIC', 'Report-To': '{"endpoints":[{"url":"https:\\/\\/a.nel.cloudflare.com\\/report\\/v4?s=Uza9lwfdWaKg1gXk3iSG7p%2BCtCEXlZ33dhEGE78ArGUlgnVapX7hMu3446Ue5W4HxWkJiwM04btxldZmrrFlliCPmgw58DGtLCqBwEIXwPunyAY7KO3YtzduBHRgXLrO"}],"group":"cf-nel","max_age":604800}', 'NEL': '{"success_fraction":0,"report_to":"cf-nel","max_age":604800}', 'Server': 'cloudflare', 'CF-RAY': '873845f248886081-ORD', 'alt-svc': 'h3=":443"; ma=86400'} 
 body={"results":[{"gender":"male","name":{"title":"Mr","first":"Paul","last":"Ortner"},"location":{"street":{"number":6098,"name":"Rosenweg"},"city":"Pockau-Lengefeld","state":"Hamburg","country":"Germany","postcode":68275,"coordinates":{"latitude":"-51.4938","longitude":"-88.7156"},"timezone":{"offset":"+1:00","description":"Brussels, Copenhagen, Madrid, Paris"}},"email":"paul.ortner@example.com","login":{"uuid":"ca79cb5a-936c-4665-b5e8-35fb14a3c08c","username":"whiteleopard311","password":"fiddle","salt":"KmxXBzwm","md5":"211ad3edfa75392e956562711ebc1651","sha1":"18bc8699f0043790519b9dc3e250fff6f81c315c","sha256":"6bc0a8746e0fc0b1baafd54d9bd45a882c18f4fb793ee5b6449b41450dee2689"},"dob":{"date":"1963-12-05T02:06:27.018Z","age":60},"registered":{"date":"2021-09-06T03:30:47.995Z","age":2},"phone":"0026-2705877","cell":"0174-6755555","id":{"name":"SVNR","value":"82 041263 O 392"},"picture":{"large":"https://randomuser.me/api/portraits/men/69.jpg","medium":"https://randomuser.me/api/portraits/med/men/69.jpg","thumbnail":"https://randomuser.me/api/portraits/thumb/men/69.jpg"},"nat":"DE"}],"info":{"seed":"ff6aa804869e1efc","results":1,"page":1,"version":"1.4"}} 
 </msg>
<msg time="2024-04-13T03:12:13.242464" level="INFO">/opt/hostedtoolcache/Python/3.12.2/x64/lib/python3.12/site-packages/urllib3/connectionpool.py:1103: InsecureRequestWarning: Unverified HTTPS request is being made to host 'randomuser.me'. Adding certificate verification is strongly advised. See: https://urllib3.readthedocs.io/en/latest/advanced-usage.html#tls-warnings
  warnings.warn(</msg>
<msg time="2024-04-13T03:12:13.242581" level="INFO">${response} = &lt;Response [200]&gt;</msg>
<var>${response}</var>
<arg>consultarAPI</arg>
<arg>/api</arg>
<doc>Sends a GET request on a previously created HTTP Session.</doc>
<status status="PASS" start="2024-04-13T03:12:13.165738" elapsed="0.076884"/>
</kw>
<kw name="Set Variable" owner="BuiltIn">
<msg time="2024-04-13T03:12:13.243758" level="INFO">${json_data} = {'results': [{'gender': 'male', 'name': {'title': 'Mr', 'first': 'Paul', 'last': 'Ortner'}, 'location': {'street': {'number': 6098, 'name': 'Rosenweg'}, 'city': 'Pockau-Lengefeld', 'state': 'Hamburg',...</msg>
<var>${json_data}</var>
<arg>${response.json()}</arg>
<doc>Returns the given values which can then be assigned to a variables.</doc>
<status status="PASS" start="2024-04-13T03:12:13.243181" elapsed="0.000607"/>
</kw>
<kw name="Log" owner="BuiltIn">
<msg time="2024-04-13T03:12:13.244296" level="INFO">{'results': [{'gender': 'male', 'name': {'title': 'Mr', 'first': 'Paul', 'last': 'Ortner'}, 'location': {'street': {'number': 6098, 'name': 'Rosenweg'}, 'city': 'Pockau-Lengefeld', 'state': 'Hamburg', 'country': 'Germany', 'postcode': 68275, 'coordinates': {'latitude': '-51.4938', 'longitude': '-88.7156'}, 'timezone': {'offset': '+1:00', 'description': 'Brussels, Copenhagen, Madrid, Paris'}}, 'email': 'paul.ortner@example.com', 'login': {'uuid': 'ca79cb5a-936c-4665-b5e8-35fb14a3c08c', 'username': 'whiteleopard311', 'password': 'fiddle', 'salt': 'KmxXBzwm', 'md5': '211ad3edfa75392e956562711ebc1651', 'sha1': '18bc8699f0043790519b9dc3e250fff6f81c315c', 'sha256': '6bc0a8746e0fc0b1baafd54d9bd45a882c18f4fb793ee5b6449b41450dee2689'}, 'dob': {'date': '1963-12-05T02:06:27.018Z', 'age': 60}, 'registered': {'date': '2021-09-06T03:30:47.995Z', 'age': 2}, 'phone': '0026-2705877', 'cell': '0174-6755555', 'id': {'name': 'SVNR', 'value': '82 041263 O 392'}, 'picture': {'large': 'https://randomuser.me/api/portraits/men/69.jpg', 'medium': 'https://randomuser.me/api/portraits/med/men/69.jpg', 'thumbnail': 'https://randomuser.me/api/portraits/thumb/men/69.jpg'}, 'nat': 'DE'}], 'info': {'seed': 'ff6aa804869e1efc', 'results': 1, 'page': 1, 'version': '1.4'}}</msg>
<arg>${json_data}</arg>
<doc>Logs the given message with the given level.</doc>
<status status="PASS" start="2024-04-13T03:12:13.244131" elapsed="0.000251"/>
</kw>
<kw name="Should Be String" owner="String">
<arg>${json_data['results'][0]['gender']}</arg>
<doc>Fails if the given ``item`` is not a string.</doc>
<status status="PASS" start="2024-04-13T03:12:13.244709" elapsed="0.000385"/>
</kw>
<kw name="Should Match Regexp" owner="BuiltIn">
<arg>${json_data['results'][0]['email']}</arg>
<arg>^[a-zA-Z0-9._%+-]+@[a-zA-Z0-9.-]+\.[a-zA-Z]{2,}$</arg>
<doc>Fails if ``string`` does not match ``pattern`` as a regular expression.</doc>
<status status="PASS" start="2024-04-13T03:12:13.245293" elapsed="0.000526"/>
</kw>
<kw name="Should Match Regexp" owner="BuiltIn">
<arg>${json_data['results'][0]['dob']['date']}</arg>
<arg>\\d{4}-\\d{2}-\\d{2}T\\d{2}:\\d{2}:\\d{2}\\.\\d{3}Z</arg>
<doc>Fails if ``string`` does not match ``pattern`` as a regular expression.</doc>
<status status="PASS" start="2024-04-13T03:12:13.246019" elapsed="0.000559"/>
</kw>
<kw name="Should Match Regexp" owner="BuiltIn">
<arg>${json_data['results'][0]['registered']['date']}</arg>
<arg>\\d{4}-\\d{2}-\\d{2}T\\d{2}:\\d{2}:\\d{2}\\.\\d{3}Z</arg>
<doc>Fails if ``string`` does not match ``pattern`` as a regular expression.</doc>
<status status="PASS" start="2024-04-13T03:12:13.246780" elapsed="0.000386"/>
</kw>
<kw name="Should Match Regexp" owner="BuiltIn">
<arg>${json_data['results'][0]['picture']['large']}</arg>
<arg>^https?://.*\.(?:png|jpe?g|gif|bmp)$</arg>
<doc>Fails if ``string`` does not match ``pattern`` as a regular expression.</doc>
<status status="PASS" start="2024-04-13T03:12:13.247359" elapsed="0.000465"/>
</kw>
<kw name="Should Match Regexp" owner="BuiltIn">
<arg>${json_data['results'][0]['picture']['medium']}</arg>
<arg>^https?://.*\.(?:png|jpe?g|gif|bmp)$</arg>
<doc>Fails if ``string`` does not match ``pattern`` as a regular expression.</doc>
<status status="PASS" start="2024-04-13T03:12:13.248015" elapsed="0.000366"/>
</kw>
<kw name="Should Match Regexp" owner="BuiltIn">
<arg>${json_data['results'][0]['picture']['thumbnail']}</arg>
<arg>^https?://.*\.(?:png|jpe?g|gif|bmp)$</arg>
<doc>Fails if ``string`` does not match ``pattern`` as a regular expression.</doc>
<status status="PASS" start="2024-04-13T03:12:13.248568" elapsed="0.000363"/>
</kw>
<kw name="Log" owner="BuiltIn">
<msg time="2024-04-13T03:12:13.249456" level="INFO">{'large': 'https://randomuser.me/api/portraits/men/69.jpg', 'medium': 'https://randomuser.me/api/portraits/med/men/69.jpg', 'thumbnail': 'https://randomuser.me/api/portraits/thumb/men/69.jpg'}</msg>
<arg>${json_data['results'][0]['picture']}</arg>
<doc>Logs the given message with the given level.</doc>
<status status="PASS" start="2024-04-13T03:12:13.249126" elapsed="0.000372"/>
</kw>
<status status="PASS" start="2024-04-13T03:12:13.165505" elapsed="0.084251"/>
</kw>
<kw name="Teste de Tipos de Dados - Postcode" owner="random-user-service">
<kw name="GET On Session" owner="RequestsLibrary">
<msg time="2024-04-13T03:12:13.346717" level="INFO">GET Request : url=https://randomuser.me/api 
 path_url=/api 
 headers={'User-Agent': 'python-requests/2.31.0', 'Accept-Encoding': 'gzip, deflate', 'Accept': '*/*', 'Connection': 'keep-alive'} 
 body=None 
 </msg>
<msg time="2024-04-13T03:12:13.346807" level="INFO">GET Response : url=https://randomuser.me/api 
 status=200, reason=OK 
 headers={'Date': 'Sat, 13 Apr 2024 03:12:13 GMT', 'Content-Type': 'application/json; charset=utf-8', 'Transfer-Encoding': 'chunked', 'Connection': 'keep-alive', 'X-Powered-By': 'Express', 'Access-Control-Allow-Origin': '*', 'Cache-Control': 'no-cache', 'ETag': 'W/"4bf-/ILDqfbkAIqlrpsuJ9b/O2KOCDk"', 'Vary': 'Accept-Encoding', 'Content-Encoding': 'gzip', 'CF-Cache-Status': 'DYNAMIC', 'Report-To': '{"endpoints":[{"url":"https:\\/\\/a.nel.cloudflare.com\\/report\\/v4?s=R9Yv4oiWs9oGii77v%2FBGurfLwy5evBPzfOM8veAmHPYfPFHtjp79Nh%2FHWnTYSkeiNuGxEu%2B5f99IL9Z2BUTZrBTm7zWG%2BFnnpA6x5zGoD2bU5Q%2Bl7fhCGHStPBO1Uk2d"}],"group":"cf-nel","max_age":604800}', 'NEL': '{"success_fraction":0,"report_to":"cf-nel","max_age":604800}', 'Server': 'cloudflare', 'CF-RAY': '873845f2d9196081-ORD', 'alt-svc': 'h3=":443"; ma=86400'} 
 body={"results":[{"gender":"male","name":{"title":"Mr","first":"Federico","last":"Calderón"},"location":{"street":{"number":7702,"name":"Continuación Zamora"},"city":"San Jerónimo de Juárez","state":"Yucatan","country":"Mexico","postcode":30611,"coordinates":{"latitude":"22.7142","longitude":"-14.1889"},"timezone":{"offset":"0:00","description":"Western Europe Time, London, Lisbon, Casablanca"}},"email":"federico.calderon@example.com","login":{"uuid":"427c8bf3-d6c3-492a-955a-b9db0f1fdc8a","username":"goldenmouse753","password":"entrance","salt":"2AWmLjQh","md5":"81b4f7b36fbfc51121ac8e3e54911d45","sha1":"636560d5a4c6725b50e1ca8f735958656b80063e","sha256":"cfd525155b75b80e802f4d8fd93187cc11a56e2ff8fdc02dca7e826064b20ab1"},"dob":{"date":"1977-02-11T21:00:43.645Z","age":47},"registered":{"date":"2019-03-12T09:28:58.219Z","age":5},"phone":"(609) 098 7560","cell":"(689) 725 8609","id":{"name":"NSS","value":"02 83 30 1413 3"},"picture":{"large":"https://randomuser.me/api/portraits/men/70.jpg","medium":"https://randomuser.me/api/portraits/med/men/70.jpg","thumbnail":"https://randomuser.me/api/portraits/thumb/men/70.jpg"},"nat":"MX"}],"info":{"seed":"dc0464c7e9c1bab7","results":1,"page":1,"version":"1.4"}} 
 </msg>
<msg time="2024-04-13T03:12:13.346894" level="INFO">/opt/hostedtoolcache/Python/3.12.2/x64/lib/python3.12/site-packages/urllib3/connectionpool.py:1103: InsecureRequestWarning: Unverified HTTPS request is being made to host 'randomuser.me'. Adding certificate verification is strongly advised. See: https://urllib3.readthedocs.io/en/latest/advanced-usage.html#tls-warnings
  warnings.warn(</msg>
<msg time="2024-04-13T03:12:13.347014" level="INFO">${response} = &lt;Response [200]&gt;</msg>
<var>${response}</var>
<arg>consultarAPI</arg>
<arg>/api</arg>
<doc>Sends a GET request on a previously created HTTP Session.</doc>
<status status="PASS" start="2024-04-13T03:12:13.250290" elapsed="0.096767"/>
</kw>
<kw name="Set Variable" owner="BuiltIn">
<msg time="2024-04-13T03:12:13.348213" level="INFO">${json_data} = {'results': [{'gender': 'male', 'name': {'title': 'Mr', 'first': 'Federico', 'last': 'Calderón'}, 'location': {'street': {'number': 7702, 'name': 'Continuación Zamora'}, 'city': 'San Jerónimo de Juáre...</msg>
<var>${json_data}</var>
<arg>${response.json()}</arg>
<doc>Returns the given values which can then be assigned to a variables.</doc>
<status status="PASS" start="2024-04-13T03:12:13.347640" elapsed="0.000603"/>
</kw>
<kw name="Log" owner="BuiltIn">
<msg time="2024-04-13T03:12:13.348778" level="INFO">{'results': [{'gender': 'male', 'name': {'title': 'Mr', 'first': 'Federico', 'last': 'Calderón'}, 'location': {'street': {'number': 7702, 'name': 'Continuación Zamora'}, 'city': 'San Jerónimo de Juárez', 'state': 'Yucatan', 'country': 'Mexico', 'postcode': 30611, 'coordinates': {'latitude': '22.7142', 'longitude': '-14.1889'}, 'timezone': {'offset': '0:00', 'description': 'Western Europe Time, London, Lisbon, Casablanca'}}, 'email': 'federico.calderon@example.com', 'login': {'uuid': '427c8bf3-d6c3-492a-955a-b9db0f1fdc8a', 'username': 'goldenmouse753', 'password': 'entrance', 'salt': '2AWmLjQh', 'md5': '81b4f7b36fbfc51121ac8e3e54911d45', 'sha1': '636560d5a4c6725b50e1ca8f735958656b80063e', 'sha256': 'cfd525155b75b80e802f4d8fd93187cc11a56e2ff8fdc02dca7e826064b20ab1'}, 'dob': {'date': '1977-02-11T21:00:43.645Z', 'age': 47}, 'registered': {'date': '2019-03-12T09:28:58.219Z', 'age': 5}, 'phone': '(609) 098 7560', 'cell': '(689) 725 8609', 'id': {'name': 'NSS', 'value': '02 83 30 1413 3'}, 'picture': {'large': 'https://randomuser.me/api/portraits/men/70.jpg', 'medium': 'https://randomuser.me/api/portraits/med/men/70.jpg', 'thumbnail': 'https://randomuser.me/api/portraits/thumb/men/70.jpg'}, 'nat': 'MX'}], 'info': {'seed': 'dc0464c7e9c1bab7', 'results': 1, 'page': 1, 'version': '1.4'}}</msg>
<arg>${json_data}</arg>
<doc>Logs the given message with the given level.</doc>
<status status="PASS" start="2024-04-13T03:12:13.348590" elapsed="0.000278"/>
</kw>
<kw name="Should Be Equal As Numbers" owner="BuiltIn">
<arg>${json_data['results'][0]['location']['postcode']}</arg>
<arg>${json_data['results'][0]['location']['postcode']}</arg>
<doc>Fails if objects are unequal after converting them to real numbers.</doc>
<status status="PASS" start="2024-04-13T03:12:13.349199" elapsed="0.000646"/>
</kw>
<kw name="Log" owner="BuiltIn">
<msg time="2024-04-13T03:12:13.350433" level="INFO">30611</msg>
<arg>${json_data['results'][0]['location']['postcode']}</arg>
<doc>Logs the given message with the given level.</doc>
<status status="PASS" start="2024-04-13T03:12:13.350046" elapsed="0.000430"/>
</kw>
<status status="PASS" start="2024-04-13T03:12:13.249985" elapsed="0.100755"/>
</kw>
<doc>Testa se os tipos de dados na resposta da API estão corretos.</doc>
<tag>testeTiposDados</tag>
<status status="PASS" start="2024-04-13T03:12:13.164947" elapsed="0.185972"/>
</test>
<test id="s1-s1-t5" name="Validar conteudo" line="35">
<kw name="Teste de Tipos de Conteudo" owner="random-user-service">
<kw name="GET On Session" owner="RequestsLibrary">
<msg time="2024-04-13T03:12:13.438463" level="INFO">GET Request : url=https://randomuser.me/api 
 path_url=/api 
 headers={'User-Agent': 'python-requests/2.31.0', 'Accept-Encoding': 'gzip, deflate', 'Accept': '*/*', 'Connection': 'keep-alive'} 
 body=None 
 </msg>
<msg time="2024-04-13T03:12:13.438549" level="INFO">GET Response : url=https://randomuser.me/api 
 status=200, reason=OK 
 headers={'Date': 'Sat, 13 Apr 2024 03:12:13 GMT', 'Content-Type': 'application/json; charset=utf-8', 'Transfer-Encoding': 'chunked', 'Connection': 'keep-alive', 'X-Powered-By': 'Express', 'Access-Control-Allow-Origin': '*', 'Cache-Control': 'no-cache', 'ETag': 'W/"495-M9IZ5IwYdH1p6HiKtcLekHE2Wyw"', 'Vary': 'Accept-Encoding', 'Content-Encoding': 'gzip', 'CF-Cache-Status': 'DYNAMIC', 'Report-To': '{"endpoints":[{"url":"https:\\/\\/a.nel.cloudflare.com\\/report\\/v4?s=XUqmxZWmfJMC0TMlZGRA%2FTvbu5GFdQ8chHm%2BwlYhPZjFbyihC%2BEJDywpMUb2jC12yKH4M10ju1CeMmJCPmxx5IGEKLWBrM2tjXA7BwRjWxa2FhuSzKNNnkUoyFJ1Opz%2B"}],"group":"cf-nel","max_age":604800}', 'NEL': '{"success_fraction":0,"report_to":"cf-nel","max_age":604800}', 'Server': 'cloudflare', 'CF-RAY': '873845f379c56081-ORD', 'alt-svc': 'h3=":443"; ma=86400'} 
 body={"results":[{"gender":"male","name":{"title":"Mr","first":"Stavros","last":"Dreier"},"location":{"street":{"number":8199,"name":"Am Bahnhof"},"city":"Trebbin","state":"Berlin","country":"Germany","postcode":10200,"coordinates":{"latitude":"-47.8343","longitude":"-41.0504"},"timezone":{"offset":"+9:00","description":"Tokyo, Seoul, Osaka, Sapporo, Yakutsk"}},"email":"stavros.dreier@example.com","login":{"uuid":"e2dd0d20-dc3f-42f7-8e1b-f8f6bd1080ec","username":"beautifulpanda952","password":"trouble1","salt":"ZYo7k7CF","md5":"d02afafa08bb731be27ba101d316f4da","sha1":"d0fa16da742346b86034b263c3d9d0a0e10cba49","sha256":"96ca0395828d65d191f481fe9a4112063153d687bd7c31b92cd21df13cca514b"},"dob":{"date":"1976-05-28T04:17:32.998Z","age":47},"registered":{"date":"2022-02-17T20:02:28.306Z","age":2},"phone":"0780-0509700","cell":"0178-3832219","id":{"name":"SVNR","value":"75 270576 D 401"},"picture":{"large":"https://randomuser.me/api/portraits/men/42.jpg","medium":"https://randomuser.me/api/portraits/med/men/42.jpg","thumbnail":"https://randomuser.me/api/portraits/thumb/men/42.jpg"},"nat":"DE"}],"info":{"seed":"8dd2a5b0d35ba4f0","results":1,"page":1,"version":"1.4"}} 
 </msg>
<msg time="2024-04-13T03:12:13.438621" level="INFO">/opt/hostedtoolcache/Python/3.12.2/x64/lib/python3.12/site-packages/urllib3/connectionpool.py:1103: InsecureRequestWarning: Unverified HTTPS request is being made to host 'randomuser.me'. Adding certificate verification is strongly advised. See: https://urllib3.readthedocs.io/en/latest/advanced-usage.html#tls-warnings
  warnings.warn(</msg>
<msg time="2024-04-13T03:12:13.438738" level="INFO">${response} = &lt;Response [200]&gt;</msg>
<var>${response}</var>
<arg>consultarAPI</arg>
<arg>/api</arg>
<doc>Sends a GET request on a previously created HTTP Session.</doc>
<status status="PASS" start="2024-04-13T03:12:13.353495" elapsed="0.085293"/>
</kw>
<kw name="Set Variable" owner="BuiltIn">
<msg time="2024-04-13T03:12:13.439833" level="INFO">${json_data} = {'results': [{'gender': 'male', 'name': {'title': 'Mr', 'first': 'Stavros', 'last': 'Dreier'}, 'location': {'street': {'number': 8199, 'name': 'Am Bahnhof'}, 'city': 'Trebbin', 'state': 'Berlin', 'cou...</msg>
<var>${json_data}</var>
<arg>${response.json()}</arg>
<doc>Returns the given values which can then be assigned to a variables.</doc>
<status status="PASS" start="2024-04-13T03:12:13.439282" elapsed="0.000580"/>
</kw>
<kw name="Set Variable" owner="BuiltIn">
<msg time="2024-04-13T03:12:13.440572" level="INFO">${name_title} = Mr</msg>
<var>${name_title}</var>
<arg>${json_data["results"][0]["name"]["title"]}</arg>
<doc>Returns the given values which can then be assigned to a variables.</doc>
<status status="PASS" start="2024-04-13T03:12:13.440179" elapsed="0.000419"/>
</kw>
<kw name="Create List" owner="BuiltIn">
<msg time="2024-04-13T03:12:13.441056" level="INFO">${allowed_titles} = ['Mr', 'Ms', 'Miss', 'Mrs', 'Madame', 'Monsieur']</msg>
<var>${allowed_titles}</var>
<arg>Mr</arg>
<arg>Ms</arg>
<arg>Miss</arg>
<arg>Mrs</arg>
<arg>Madame</arg>
<arg>Monsieur</arg>
<doc>Returns a list containing given items.</doc>
<status status="PASS" start="2024-04-13T03:12:13.440903" elapsed="0.000178"/>
</kw>
<kw name="List Should Contain Value" owner="Collections">
<msg time="2024-04-13T03:12:13.441570" level="INFO">False</msg>
<arg>${allowed_titles}</arg>
<arg>${name_title}</arg>
<doc>Fails if the ``value`` is not found from ``list``.</doc>
<status status="PASS" start="2024-04-13T03:12:13.441390" elapsed="0.000218"/>
</kw>
<kw name="Set Variable" owner="BuiltIn">
<msg time="2024-04-13T03:12:13.442347" level="INFO">${name_country} = DE</msg>
<var>${name_country}</var>
<arg>${json_data["results"][0]["nat"]}</arg>
<doc>Returns the given values which can then be assigned to a variables.</doc>
<status status="PASS" start="2024-04-13T03:12:13.441911" elapsed="0.000463"/>
</kw>
<kw name="Create List" owner="BuiltIn">
<msg time="2024-04-13T03:12:13.443294" level="INFO">${list_country} = ['AD', 'AE', 'AF', 'AG', 'AI', 'AL', 'AM', 'AO', 'AQ', 'AR', 'AS', 'AT', 'AU', 'AW', 'AX', 'AZ', 'BA', 'BB', 'BD', 'BE', 'BF', 'BG', 'BH', 'BI', 'BJ', 'BL', 'BM', 'BN', 'BO', 'BQ', 'BR', 'BS', 'BT', '...</msg>
<var>${list_country}</var>
<arg>AD</arg>
<arg>AE</arg>
<arg>AF</arg>
<arg>AG</arg>
<arg>AI</arg>
<arg>AL</arg>
<arg>AM</arg>
<arg>AO</arg>
<arg>AQ</arg>
<arg>AR</arg>
<arg>AS</arg>
<arg>AT</arg>
<arg>AU</arg>
<arg>AW</arg>
<arg>AX</arg>
<arg>AZ</arg>
<arg>BA</arg>
<arg>BB</arg>
<arg>BD</arg>
<arg>BE</arg>
<arg>BF</arg>
<arg>BG</arg>
<arg>BH</arg>
<arg>BI</arg>
<arg>BJ</arg>
<arg>BL</arg>
<arg>BM</arg>
<arg>BN</arg>
<arg>BO</arg>
<arg>BQ</arg>
<arg>BR</arg>
<arg>BS</arg>
<arg>BT</arg>
<arg>BV</arg>
<arg>BW</arg>
<arg>BY</arg>
<arg>BZ</arg>
<arg>CA</arg>
<arg>CC</arg>
<arg>CD</arg>
<arg>CF</arg>
<arg>CG</arg>
<arg>CH</arg>
<arg>CI</arg>
<arg>CK</arg>
<arg>CL</arg>
<arg>CM</arg>
<arg>CN</arg>
<arg>CO</arg>
<arg>CR</arg>
<arg>CU</arg>
<arg>CV</arg>
<arg>CW</arg>
<arg>CX</arg>
<arg>CY</arg>
<arg>CZ</arg>
<arg>DE</arg>
<arg>DJ</arg>
<arg>DK</arg>
<arg>DM</arg>
<arg>DO</arg>
<arg>DZ</arg>
<arg>EC</arg>
<arg>EE</arg>
<arg>EG</arg>
<arg>EH</arg>
<arg>ER</arg>
<arg>ES</arg>
<arg>ET</arg>
<arg>FI</arg>
<arg>FJ</arg>
<arg>FK</arg>
<arg>FM</arg>
<arg>FO</arg>
<arg>FR</arg>
<arg>GA</arg>
<arg>GB</arg>
<arg>GD</arg>
<arg>GE</arg>
<arg>GF</arg>
<arg>GG</arg>
<arg>GH</arg>
<arg>GI</arg>
<arg>GL</arg>
<arg>GM</arg>
<arg>GN</arg>
<arg>GP</arg>
<arg>GQ</arg>
<arg>GR</arg>
<arg>GS</arg>
<arg>GT</arg>
<arg>GU</arg>
<arg>GW</arg>
<arg>GY</arg>
<arg>HK</arg>
<arg>HM</arg>
<arg>HN</arg>
<arg>HR</arg>
<arg>HT</arg>
<arg>HU</arg>
<arg>ID</arg>
<arg>IE</arg>
<arg>IL</arg>
<arg>IM</arg>
<arg>IN</arg>
<arg>IO</arg>
<arg>IQ</arg>
<arg>IR</arg>
<arg>IS</arg>
<arg>IT</arg>
<arg>JE</arg>
<arg>JM</arg>
<arg>JO</arg>
<arg>JP</arg>
<arg>KE</arg>
<arg>KG</arg>
<arg>KH</arg>
<arg>KI</arg>
<arg>KM</arg>
<arg>KN</arg>
<arg>KP</arg>
<arg>KR</arg>
<arg>KW</arg>
<arg>KY</arg>
<arg>KZ</arg>
<arg>LA</arg>
<arg>LB</arg>
<arg>LC</arg>
<arg>LI</arg>
<arg>LK</arg>
<arg>LR</arg>
<arg>LS</arg>
<arg>LT</arg>
<arg>LU</arg>
<arg>LV</arg>
<arg>LY</arg>
<arg>MA</arg>
<arg>MC</arg>
<arg>MD</arg>
<arg>ME</arg>
<arg>MF</arg>
<arg>MG</arg>
<arg>MH</arg>
<arg>MK</arg>
<arg>ML</arg>
<arg>MM</arg>
<arg>MN</arg>
<arg>MO</arg>
<arg>MP</arg>
<arg>MQ</arg>
<arg>MR</arg>
<arg>MS</arg>
<arg>MT</arg>
<arg>MU</arg>
<arg>MV</arg>
<arg>MW</arg>
<arg>MX</arg>
<arg>MY</arg>
<arg>MZ</arg>
<arg>NA</arg>
<arg>NC</arg>
<arg>NE</arg>
<arg>NF</arg>
<arg>NG</arg>
<arg>NI</arg>
<arg>NL</arg>
<arg>NO</arg>
<arg>NP</arg>
<arg>NR</arg>
<arg>NU</arg>
<arg>NZ</arg>
<arg>OM</arg>
<arg>PA</arg>
<arg>PE</arg>
<arg>PF</arg>
<arg>PG</arg>
<arg>PH</arg>
<arg>PK</arg>
<arg>PL</arg>
<arg>PM</arg>
<arg>PN</arg>
<arg>PR</arg>
<arg>PS</arg>
<arg>PT</arg>
<arg>PW</arg>
<arg>PY</arg>
<arg>QA</arg>
<arg>RE</arg>
<arg>RO</arg>
<arg>RS</arg>
<arg>RU</arg>
<arg>RW</arg>
<arg>SA</arg>
<arg>SB</arg>
<arg>SC</arg>
<arg>SD</arg>
<arg>SE</arg>
<arg>SG</arg>
<arg>SH</arg>
<arg>SI</arg>
<arg>SJ</arg>
<arg>SK</arg>
<arg>SL</arg>
<arg>SM</arg>
<arg>SN</arg>
<arg>SO</arg>
<arg>SR</arg>
<arg>SS</arg>
<arg>ST</arg>
<arg>SV</arg>
<arg>SX</arg>
<arg>SY</arg>
<arg>SZ</arg>
<arg>TC</arg>
<arg>TD</arg>
<arg>TF</arg>
<arg>TG</arg>
<arg>TH</arg>
<arg>TJ</arg>
<arg>TK</arg>
<arg>TL</arg>
<arg>TM</arg>
<arg>TN</arg>
<arg>TO</arg>
<arg>TR</arg>
<arg>TT</arg>
<arg>TV</arg>
<arg>TW</arg>
<arg>TZ</arg>
<arg>UA</arg>
<arg>UG</arg>
<arg>UM</arg>
<arg>US</arg>
<arg>UY</arg>
<arg>UZ</arg>
<arg>VA</arg>
<arg>VC</arg>
<arg>VE</arg>
<arg>VG</arg>
<arg>VI</arg>
<arg>VN</arg>
<arg>VU</arg>
<arg>WF</arg>
<arg>WS</arg>
<arg>XK</arg>
<arg>YE</arg>
<arg>YT</arg>
<arg>ZA</arg>
<arg>ZM</arg>
<arg>ZW</arg>
<doc>Returns a list containing given items.</doc>
<status status="PASS" start="2024-04-13T03:12:13.442690" elapsed="0.000630"/>
</kw>
<kw name="List Should Contain Value" owner="Collections">
<msg time="2024-04-13T03:12:13.444320" level="INFO">False</msg>
<arg>${list_country}</arg>
<arg>${name_country}</arg>
<doc>Fails if the ``value`` is not found from ``list``.</doc>
<status status="PASS" start="2024-04-13T03:12:13.444114" elapsed="0.000244"/>
</kw>
<kw name="Run Keyword If" owner="BuiltIn">
<kw name="Should Be True" owner="BuiltIn">
<arg>${True}</arg>
<doc>Fails if the given condition is not true.</doc>
<status status="PASS" start="2024-04-13T03:12:13.445565" elapsed="0.000148"/>
</kw>
<arg>${json_data["results"][0]["location"]["coordinates"]["latitude"]} &gt;= -90 and ${json_data["results"][0]["location"]["coordinates"]["latitude"]} &lt;= 90</arg>
<arg>Should Be True</arg>
<arg>${True}</arg>
<doc>Runs the given keyword with the given arguments, if ``condition`` is true.</doc>
<status status="PASS" start="2024-04-13T03:12:13.444678" elapsed="0.001169"/>
</kw>
<kw name="Run Keyword If" owner="BuiltIn">
<kw name="Should Be True" owner="BuiltIn">
<arg>${True}</arg>
<doc>Fails if the given condition is not true.</doc>
<status status="PASS" start="2024-04-13T03:12:13.446778" elapsed="0.000139"/>
</kw>
<arg>${json_data["results"][0]["location"]["coordinates"]["longitude"]} &gt;= -180 and ${json_data["results"][0]["location"]["coordinates"]["longitude"]} &lt;= 180</arg>
<arg>Should Be True</arg>
<arg>${True}</arg>
<doc>Runs the given keyword with the given arguments, if ``condition`` is true.</doc>
<status status="PASS" start="2024-04-13T03:12:13.446038" elapsed="0.001007"/>
</kw>
<status status="PASS" start="2024-04-13T03:12:13.353261" elapsed="0.093918"/>
</kw>
<doc>Testa o conteúdo específico dos campos retornados pela API.</doc>
<tag>testeConteudo</tag>
<status status="PASS" start="2024-04-13T03:12:13.352697" elapsed="0.094632"/>
</test>
<status status="PASS" start="2024-04-13T03:12:12.550374" elapsed="0.898942"/>
</suite>
<status status="PASS" start="2024-04-13T03:12:12.536600" elapsed="0.918185"/>
</suite>
<statistics>
<total>
<stat pass="5" fail="0" skip="0">All Tests</stat>
</total>
<tag>
<stat pass="1" fail="0" skip="0">testeConteudo</stat>
<stat pass="1" fail="0" skip="0">testeEstruturaResposta</stat>
<stat pass="1" fail="0" skip="0">testeRequisicaoBasica</stat>
<stat pass="1" fail="0" skip="0">testeTiposDados</stat>
</tag>
<suite>
<stat pass="5" fail="0" skip="0" id="s1" name="Tests">Tests</stat>
<stat pass="5" fail="0" skip="0" id="s1-s1" name="Random-User-Test">Tests.Random-User-Test</stat>
</suite>
</statistics>
<errors>
</errors>
</robot>
