<?xml version="1.0" encoding="UTF-8"?>
<robot generator="Robot 7.0 (Python 3.12.3 on linux)" generated="2024-04-26T13:14:59.652483" rpa="false" schemaversion="5">
<suite id="s1" name="Tests" source="/home/runner/work/DesafioQAItauRogerioJordao/DesafioQAItauRogerioJordao/RamdonUser/tests">
<suite id="s1-s1" name="Random-User-Test" source="/home/runner/work/DesafioQAItauRogerioJordao/DesafioQAItauRogerioJordao/RamdonUser/tests/random-user-test.robot">
<test id="s1-s1-t1" name="Conectar" line="13">
<kw name="Conectar API" owner="random-user-service">
<kw name="Create Session" owner="RequestsLibrary">
<msg time="2024-04-26T13:15:00.043831" level="INFO">Creating Session using : alias=consultarAPI, url=https://randomuser.me/, headers={},                     cookies={}, auth=None, timeout=None, proxies=None, verify=False,                     debug=0 </msg>
<arg>consultarAPI</arg>
<arg>${URL}</arg>
<doc>Create Session: create a HTTP session to a server</doc>
<status status="PASS" start="2024-04-26T13:15:00.043610" elapsed="0.000431"/>
</kw>
<status status="PASS" start="2024-04-26T13:15:00.042555" elapsed="0.001913"/>
</kw>
<status status="PASS" start="2024-04-26T13:15:00.041935" elapsed="0.002754"/>
</test>
<test id="s1-s1-t2" name="Validar retorno 200 e JSON Válido" line="16">
<kw name="Teste de Requisicao Basica" owner="random-user-service">
<kw name="GET On Session" owner="RequestsLibrary">
<msg time="2024-04-26T13:15:01.067070" level="INFO">GET Request : url=https://randomuser.me/api 
 path_url=/api 
 headers={'User-Agent': 'python-requests/2.31.0', 'Accept-Encoding': 'gzip, deflate', 'Accept': '*/*', 'Connection': 'keep-alive'} 
 body=None 
 </msg>
<msg time="2024-04-26T13:15:01.067239" level="INFO">GET Response : url=https://randomuser.me/api 
 status=200, reason=OK 
 headers={'Date': 'Fri, 26 Apr 2024 13:15:01 GMT', 'Content-Type': 'application/json; charset=utf-8', 'Transfer-Encoding': 'chunked', 'Connection': 'keep-alive', 'X-Powered-By': 'Express', 'Access-Control-Allow-Origin': '*', 'Cache-Control': 'no-cache', 'ETag': 'W/"492-iRQ293iG/wIjbb/8bPaukwmHba4"', 'Vary': 'Accept-Encoding', 'Content-Encoding': 'gzip', 'CF-Cache-Status': 'DYNAMIC', 'Report-To': '{"endpoints":[{"url":"https:\\/\\/a.nel.cloudflare.com\\/report\\/v4?s=bvAY0jPfakLv0m9KCn5WQZ%2FjE1AtKYuamnSjUPvsz6ea2UtRQmG%2FSfw%2FCEjzxPe4n9OBT6Mm3ac%2BBVAgmL%2BiKCd234JZ4k0KUtcKhcOFeH9fb%2B%2FcDOBUF2HDWHFVAfZE"}],"group":"cf-nel","max_age":604800}', 'NEL': '{"success_fraction":0,"report_to":"cf-nel","max_age":604800}', 'Server': 'cloudflare', 'CF-RAY': '87a6d6cd8bb29121-ORD', 'alt-svc': 'h3=":443"; ma=86400'} 
 body={"results":[{"gender":"male","name":{"title":"Mr","first":"Sandrino","last":"Caldeira"},"location":{"street":{"number":596,"name":"Rua São Luiz "},"city":"Itu","state":"Tocantins","country":"Brazil","postcode":73682,"coordinates":{"latitude":"-78.1479","longitude":"-62.9140"},"timezone":{"offset":"+4:00","description":"Abu Dhabi, Muscat, Baku, Tbilisi"}},"email":"sandrino.caldeira@example.com","login":{"uuid":"d190c7fb-bd92-48bb-8a71-c0c61f325065","username":"lazycat818","password":"newcastl","salt":"U1LlFTRW","md5":"8a3499053c5b5102517828ad93797439","sha1":"6912560e54b194d6d829680406394c15ae110905","sha256":"37042880d3a73a28a777164590d06465a2047cf15301c30457841063e4bcea17"},"dob":{"date":"1946-04-06T06:55:16.421Z","age":78},"registered":{"date":"2018-05-05T04:18:51.890Z","age":5},"phone":"(09) 2130-4312","cell":"(42) 5295-9712","id":{"name":"CPF","value":"868.055.093-91"},"picture":{"large":"https://randomuser.me/api/portraits/men/43.jpg","medium":"https://randomuser.me/api/portraits/med/men/43.jpg","thumbnail":"https://randomuser.me/api/portraits/thumb/men/43.jpg"},"nat":"BR"}],"info":{"seed":"e6c50c8c5c638b98","results":1,"page":1,"version":"1.4"}} 
 </msg>
<msg time="2024-04-26T13:15:01.067327" level="INFO">/opt/hostedtoolcache/Python/3.12.3/x64/lib/python3.12/site-packages/urllib3/connectionpool.py:1103: InsecureRequestWarning: Unverified HTTPS request is being made to host 'randomuser.me'. Adding certificate verification is strongly advised. See: https://urllib3.readthedocs.io/en/latest/advanced-usage.html#tls-warnings
  warnings.warn(</msg>
<msg time="2024-04-26T13:15:01.067475" level="INFO">${response} = &lt;Response [200]&gt;</msg>
<var>${response}</var>
<arg>consultarAPI</arg>
<arg>/api</arg>
<doc>Sends a GET request on a previously created HTTP Session.</doc>
<status status="PASS" start="2024-04-26T13:15:00.047533" elapsed="1.019984"/>
</kw>
<kw name="Should Be Equal As Numbers" owner="BuiltIn">
<msg time="2024-04-26T13:15:01.068736" level="INFO">Argument types are:
&lt;class 'int'&gt;
&lt;class 'str'&gt;</msg>
<arg>${response.status_code}</arg>
<arg>200</arg>
<doc>Fails if objects are unequal after converting them to real numbers.</doc>
<status status="PASS" start="2024-04-26T13:15:01.068213" elapsed="0.000588"/>
</kw>
<kw name="Log" owner="BuiltIn">
<msg time="2024-04-26T13:15:01.069508" level="INFO">200</msg>
<arg>${response.status_code}</arg>
<doc>Logs the given message with the given level.</doc>
<status status="PASS" start="2024-04-26T13:15:01.069155" elapsed="0.000394"/>
</kw>
<kw name="Set Variable" owner="BuiltIn">
<msg time="2024-04-26T13:15:01.070350" level="INFO">${json_data} = {'results': [{'gender': 'male', 'name': {'title': 'Mr', 'first': 'Sandrino', 'last': 'Caldeira'}, 'location': {'street': {'number': 596, 'name': 'Rua São Luiz '}, 'city': 'Itu', 'state': 'Tocantins', ...</msg>
<var>${json_data}</var>
<arg>${response.json()}</arg>
<doc>Returns the given values which can then be assigned to a variables.</doc>
<status status="PASS" start="2024-04-26T13:15:01.069851" elapsed="0.000529"/>
</kw>
<kw name="Dictionary Should Contain Key" owner="Collections">
<msg time="2024-04-26T13:15:01.070856" level="INFO">False</msg>
<arg>${json_data}</arg>
<arg>results</arg>
<doc>Fails if ``key`` is not found from ``dictionary``.</doc>
<status status="PASS" start="2024-04-26T13:15:01.070683" elapsed="0.000213"/>
</kw>
<status status="PASS" start="2024-04-26T13:15:00.047237" elapsed="1.023917"/>
</kw>
<doc>Testa se a API responde corretamente e retorna um objeto JSON válido.</doc>
<tag>testeRequisicaoBasica</tag>
<status status="PASS" start="2024-04-26T13:15:00.046696" elapsed="1.024637"/>
</test>
<test id="s1-s1-t3" name="Validar estrutura de resposta" line="22">
<kw name="Teste de Estrutura de Resposta" owner="random-user-service">
<kw name="GET On Session" owner="RequestsLibrary">
<msg time="2024-04-26T13:15:01.343949" level="INFO">GET Request : url=https://randomuser.me/api 
 path_url=/api 
 headers={'User-Agent': 'python-requests/2.31.0', 'Accept-Encoding': 'gzip, deflate', 'Accept': '*/*', 'Connection': 'keep-alive'} 
 body=None 
 </msg>
<msg time="2024-04-26T13:15:01.344050" level="INFO">GET Response : url=https://randomuser.me/api 
 status=200, reason=OK 
 headers={'Date': 'Fri, 26 Apr 2024 13:15:01 GMT', 'Content-Type': 'application/json; charset=utf-8', 'Transfer-Encoding': 'chunked', 'Connection': 'keep-alive', 'X-Powered-By': 'Express', 'Access-Control-Allow-Origin': '*', 'Cache-Control': 'no-cache', 'ETag': 'W/"473-6p/iqXnXvlT2vDjrtTT6BJqvet0"', 'Vary': 'Accept-Encoding', 'Content-Encoding': 'gzip', 'CF-Cache-Status': 'DYNAMIC', 'Report-To': '{"endpoints":[{"url":"https:\\/\\/a.nel.cloudflare.com\\/report\\/v4?s=CefD3rqBH31EQ72GhV4RgcAr9BRO2UJ60fxzTlyW%2F58ze3O9JzfvGIAo3HMzf9GFH9gdJUxUwm44mzv2dguvKGKyjqWk4V33iXWLriMY7vL2hJAPG7fIsyXq17F3C3Ws"}],"group":"cf-nel","max_age":604800}', 'NEL': '{"success_fraction":0,"report_to":"cf-nel","max_age":604800}', 'Server': 'cloudflare', 'CF-RAY': '87a6d6d3be359121-ORD', 'alt-svc': 'h3=":443"; ma=86400'} 
 body={"results":[{"gender":"male","name":{"title":"Mr","first":"Veeti","last":"Halko"},"location":{"street":{"number":3995,"name":"Rautatienkatu"},"city":"Lumijoki","state":"Lapland","country":"Finland","postcode":71885,"coordinates":{"latitude":"-29.3212","longitude":"-169.9145"},"timezone":{"offset":"-9:00","description":"Alaska"}},"email":"veeti.halko@example.com","login":{"uuid":"e116a74b-9a78-4b00-8ab9-f64acab3340b","username":"silvermouse944","password":"papers","salt":"MNCHRbdd","md5":"83f14457aececb88b39d533bb5b9df6b","sha1":"4ff531f0801657ee6a485e4302c7d322b48b3b75","sha256":"17a2b290858282212fd814b9b24c59d74c3ee0054030ea308292698dd9e97b1e"},"dob":{"date":"1966-10-11T20:53:59.929Z","age":57},"registered":{"date":"2007-12-12T16:22:06.173Z","age":16},"phone":"08-662-220","cell":"047-500-95-89","id":{"name":"HETU","value":"NaNNA123undefined"},"picture":{"large":"https://randomuser.me/api/portraits/men/68.jpg","medium":"https://randomuser.me/api/portraits/med/men/68.jpg","thumbnail":"https://randomuser.me/api/portraits/thumb/men/68.jpg"},"nat":"FI"}],"info":{"seed":"909f596623341384","results":1,"page":1,"version":"1.4"}} 
 </msg>
<msg time="2024-04-26T13:15:01.344185" level="INFO">/opt/hostedtoolcache/Python/3.12.3/x64/lib/python3.12/site-packages/urllib3/connectionpool.py:1103: InsecureRequestWarning: Unverified HTTPS request is being made to host 'randomuser.me'. Adding certificate verification is strongly advised. See: https://urllib3.readthedocs.io/en/latest/advanced-usage.html#tls-warnings
  warnings.warn(</msg>
<msg time="2024-04-26T13:15:01.344312" level="INFO">${response} = &lt;Response [200]&gt;</msg>
<var>${response}</var>
<arg>consultarAPI</arg>
<arg>/api</arg>
<doc>Sends a GET request on a previously created HTTP Session.</doc>
<status status="PASS" start="2024-04-26T13:15:01.074021" elapsed="0.270318"/>
</kw>
<kw name="Set Variable" owner="BuiltIn">
<msg time="2024-04-26T13:15:01.345420" level="INFO">${json_data} = {'results': [{'gender': 'male', 'name': {'title': 'Mr', 'first': 'Veeti', 'last': 'Halko'}, 'location': {'street': {'number': 3995, 'name': 'Rautatienkatu'}, 'city': 'Lumijoki', 'state': 'Lapland', 'c...</msg>
<var>${json_data}</var>
<arg>${response.json()}</arg>
<doc>Returns the given values which can then be assigned to a variables.</doc>
<status status="PASS" start="2024-04-26T13:15:01.344891" elapsed="0.000556"/>
</kw>
<kw name="Log" owner="BuiltIn">
<msg time="2024-04-26T13:15:01.345966" level="INFO">{'results': [{'gender': 'male', 'name': {'title': 'Mr', 'first': 'Veeti', 'last': 'Halko'}, 'location': {'street': {'number': 3995, 'name': 'Rautatienkatu'}, 'city': 'Lumijoki', 'state': 'Lapland', 'country': 'Finland', 'postcode': 71885, 'coordinates': {'latitude': '-29.3212', 'longitude': '-169.9145'}, 'timezone': {'offset': '-9:00', 'description': 'Alaska'}}, 'email': 'veeti.halko@example.com', 'login': {'uuid': 'e116a74b-9a78-4b00-8ab9-f64acab3340b', 'username': 'silvermouse944', 'password': 'papers', 'salt': 'MNCHRbdd', 'md5': '83f14457aececb88b39d533bb5b9df6b', 'sha1': '4ff531f0801657ee6a485e4302c7d322b48b3b75', 'sha256': '17a2b290858282212fd814b9b24c59d74c3ee0054030ea308292698dd9e97b1e'}, 'dob': {'date': '1966-10-11T20:53:59.929Z', 'age': 57}, 'registered': {'date': '2007-12-12T16:22:06.173Z', 'age': 16}, 'phone': '08-662-220', 'cell': '047-500-95-89', 'id': {'name': 'HETU', 'value': 'NaNNA123undefined'}, 'picture': {'large': 'https://randomuser.me/api/portraits/men/68.jpg', 'medium': 'https://randomuser.me/api/portraits/med/men/68.jpg', 'thumbnail': 'https://randomuser.me/api/portraits/thumb/men/68.jpg'}, 'nat': 'FI'}], 'info': {'seed': '909f596623341384', 'results': 1, 'page': 1, 'version': '1.4'}}</msg>
<arg>${json_data}</arg>
<doc>Logs the given message with the given level.</doc>
<status status="PASS" start="2024-04-26T13:15:01.345756" elapsed="0.000264"/>
</kw>
<kw name="Dictionary Should Contain Key" owner="Collections">
<msg time="2024-04-26T13:15:01.346485" level="INFO">False</msg>
<arg>${json_data}</arg>
<arg>results</arg>
<doc>Fails if ``key`` is not found from ``dictionary``.</doc>
<status status="PASS" start="2024-04-26T13:15:01.346319" elapsed="0.000204"/>
</kw>
<kw name="Should Not Be Empty" owner="BuiltIn">
<msg time="2024-04-26T13:15:01.346950" level="INFO">Length is 2.</msg>
<arg>${json_data}</arg>
<doc>Verifies that the given item is not empty.</doc>
<status status="PASS" start="2024-04-26T13:15:01.346815" elapsed="0.000343"/>
</kw>
<kw name="Create List" owner="BuiltIn">
<msg time="2024-04-26T13:15:01.347607" level="INFO">${expected_keys} = ['gender', 'name', 'location', 'email', 'login']</msg>
<var>${expected_keys}</var>
<arg>gender</arg>
<arg>name</arg>
<arg>location</arg>
<arg>email</arg>
<arg>login</arg>
<doc>Returns a list containing given items.</doc>
<status status="PASS" start="2024-04-26T13:15:01.347453" elapsed="0.000178"/>
</kw>
<for flavor="IN">
<iter>
<kw name="Dictionary Should Contain Key" owner="Collections">
<msg time="2024-04-26T13:15:01.348730" level="INFO">False</msg>
<arg>${json_data['results'][0]}</arg>
<arg>${key}</arg>
<doc>Fails if ``key`` is not found from ``dictionary``.</doc>
<status status="PASS" start="2024-04-26T13:15:01.348283" elapsed="0.000485"/>
</kw>
<kw name="Log" owner="BuiltIn">
<msg time="2024-04-26T13:15:01.349434" level="INFO">{'gender': 'male', 'name': {'title': 'Mr', 'first': 'Veeti', 'last': 'Halko'}, 'location': {'street': {'number': 3995, 'name': 'Rautatienkatu'}, 'city': 'Lumijoki', 'state': 'Lapland', 'country': 'Finland', 'postcode': 71885, 'coordinates': {'latitude': '-29.3212', 'longitude': '-169.9145'}, 'timezone': {'offset': '-9:00', 'description': 'Alaska'}}, 'email': 'veeti.halko@example.com', 'login': {'uuid': 'e116a74b-9a78-4b00-8ab9-f64acab3340b', 'username': 'silvermouse944', 'password': 'papers', 'salt': 'MNCHRbdd', 'md5': '83f14457aececb88b39d533bb5b9df6b', 'sha1': '4ff531f0801657ee6a485e4302c7d322b48b3b75', 'sha256': '17a2b290858282212fd814b9b24c59d74c3ee0054030ea308292698dd9e97b1e'}, 'dob': {'date': '1966-10-11T20:53:59.929Z', 'age': 57}, 'registered': {'date': '2007-12-12T16:22:06.173Z', 'age': 16}, 'phone': '08-662-220', 'cell': '047-500-95-89', 'id': {'name': 'HETU', 'value': 'NaNNA123undefined'}, 'picture': {'large': 'https://randomuser.me/api/portraits/men/68.jpg', 'medium': 'https://randomuser.me/api/portraits/med/men/68.jpg', 'thumbnail': 'https://randomuser.me/api/portraits/thumb/men/68.jpg'}, 'nat': 'FI'}</msg>
<arg>${json_data['results'][0]}</arg>
<doc>Logs the given message with the given level.</doc>
<status status="PASS" start="2024-04-26T13:15:01.349070" elapsed="0.000412"/>
</kw>
<kw name="Log" owner="BuiltIn">
<msg time="2024-04-26T13:15:01.349931" level="INFO">gender</msg>
<arg>${key}</arg>
<doc>Logs the given message with the given level.</doc>
<status status="PASS" start="2024-04-26T13:15:01.349776" elapsed="0.000193"/>
</kw>
<var name="${key}">gender</var>
<status status="PASS" start="2024-04-26T13:15:01.348148" elapsed="0.002035"/>
</iter>
<iter>
<kw name="Dictionary Should Contain Key" owner="Collections">
<msg time="2024-04-26T13:15:01.350886" level="INFO">False</msg>
<arg>${json_data['results'][0]}</arg>
<arg>${key}</arg>
<doc>Fails if ``key`` is not found from ``dictionary``.</doc>
<status status="PASS" start="2024-04-26T13:15:01.350496" elapsed="0.000427"/>
</kw>
<kw name="Log" owner="BuiltIn">
<msg time="2024-04-26T13:15:01.351611" level="INFO">{'gender': 'male', 'name': {'title': 'Mr', 'first': 'Veeti', 'last': 'Halko'}, 'location': {'street': {'number': 3995, 'name': 'Rautatienkatu'}, 'city': 'Lumijoki', 'state': 'Lapland', 'country': 'Finland', 'postcode': 71885, 'coordinates': {'latitude': '-29.3212', 'longitude': '-169.9145'}, 'timezone': {'offset': '-9:00', 'description': 'Alaska'}}, 'email': 'veeti.halko@example.com', 'login': {'uuid': 'e116a74b-9a78-4b00-8ab9-f64acab3340b', 'username': 'silvermouse944', 'password': 'papers', 'salt': 'MNCHRbdd', 'md5': '83f14457aececb88b39d533bb5b9df6b', 'sha1': '4ff531f0801657ee6a485e4302c7d322b48b3b75', 'sha256': '17a2b290858282212fd814b9b24c59d74c3ee0054030ea308292698dd9e97b1e'}, 'dob': {'date': '1966-10-11T20:53:59.929Z', 'age': 57}, 'registered': {'date': '2007-12-12T16:22:06.173Z', 'age': 16}, 'phone': '08-662-220', 'cell': '047-500-95-89', 'id': {'name': 'HETU', 'value': 'NaNNA123undefined'}, 'picture': {'large': 'https://randomuser.me/api/portraits/men/68.jpg', 'medium': 'https://randomuser.me/api/portraits/med/men/68.jpg', 'thumbnail': 'https://randomuser.me/api/portraits/thumb/men/68.jpg'}, 'nat': 'FI'}</msg>
<arg>${json_data['results'][0]}</arg>
<doc>Logs the given message with the given level.</doc>
<status status="PASS" start="2024-04-26T13:15:01.351253" elapsed="0.000406"/>
</kw>
<kw name="Log" owner="BuiltIn">
<msg time="2024-04-26T13:15:01.352079" level="INFO">name</msg>
<arg>${key}</arg>
<doc>Logs the given message with the given level.</doc>
<status status="PASS" start="2024-04-26T13:15:01.351953" elapsed="0.000163"/>
</kw>
<var name="${key}">name</var>
<status status="PASS" start="2024-04-26T13:15:01.350379" elapsed="0.001950"/>
</iter>
<iter>
<kw name="Dictionary Should Contain Key" owner="Collections">
<msg time="2024-04-26T13:15:01.353004" level="INFO">False</msg>
<arg>${json_data['results'][0]}</arg>
<arg>${key}</arg>
<doc>Fails if ``key`` is not found from ``dictionary``.</doc>
<status status="PASS" start="2024-04-26T13:15:01.352624" elapsed="0.000417"/>
</kw>
<kw name="Log" owner="BuiltIn">
<msg time="2024-04-26T13:15:01.353699" level="INFO">{'gender': 'male', 'name': {'title': 'Mr', 'first': 'Veeti', 'last': 'Halko'}, 'location': {'street': {'number': 3995, 'name': 'Rautatienkatu'}, 'city': 'Lumijoki', 'state': 'Lapland', 'country': 'Finland', 'postcode': 71885, 'coordinates': {'latitude': '-29.3212', 'longitude': '-169.9145'}, 'timezone': {'offset': '-9:00', 'description': 'Alaska'}}, 'email': 'veeti.halko@example.com', 'login': {'uuid': 'e116a74b-9a78-4b00-8ab9-f64acab3340b', 'username': 'silvermouse944', 'password': 'papers', 'salt': 'MNCHRbdd', 'md5': '83f14457aececb88b39d533bb5b9df6b', 'sha1': '4ff531f0801657ee6a485e4302c7d322b48b3b75', 'sha256': '17a2b290858282212fd814b9b24c59d74c3ee0054030ea308292698dd9e97b1e'}, 'dob': {'date': '1966-10-11T20:53:59.929Z', 'age': 57}, 'registered': {'date': '2007-12-12T16:22:06.173Z', 'age': 16}, 'phone': '08-662-220', 'cell': '047-500-95-89', 'id': {'name': 'HETU', 'value': 'NaNNA123undefined'}, 'picture': {'large': 'https://randomuser.me/api/portraits/men/68.jpg', 'medium': 'https://randomuser.me/api/portraits/med/men/68.jpg', 'thumbnail': 'https://randomuser.me/api/portraits/thumb/men/68.jpg'}, 'nat': 'FI'}</msg>
<arg>${json_data['results'][0]}</arg>
<doc>Logs the given message with the given level.</doc>
<status status="PASS" start="2024-04-26T13:15:01.353338" elapsed="0.000408"/>
</kw>
<kw name="Log" owner="BuiltIn">
<msg time="2024-04-26T13:15:01.354202" level="INFO">location</msg>
<arg>${key}</arg>
<doc>Logs the given message with the given level.</doc>
<status status="PASS" start="2024-04-26T13:15:01.354078" elapsed="0.000160"/>
</kw>
<var name="${key}">location</var>
<status status="PASS" start="2024-04-26T13:15:01.352511" elapsed="0.001938"/>
</iter>
<iter>
<kw name="Dictionary Should Contain Key" owner="Collections">
<msg time="2024-04-26T13:15:01.355126" level="INFO">False</msg>
<arg>${json_data['results'][0]}</arg>
<arg>${key}</arg>
<doc>Fails if ``key`` is not found from ``dictionary``.</doc>
<status status="PASS" start="2024-04-26T13:15:01.354741" elapsed="0.000422"/>
</kw>
<kw name="Log" owner="BuiltIn">
<msg time="2024-04-26T13:15:01.355813" level="INFO">{'gender': 'male', 'name': {'title': 'Mr', 'first': 'Veeti', 'last': 'Halko'}, 'location': {'street': {'number': 3995, 'name': 'Rautatienkatu'}, 'city': 'Lumijoki', 'state': 'Lapland', 'country': 'Finland', 'postcode': 71885, 'coordinates': {'latitude': '-29.3212', 'longitude': '-169.9145'}, 'timezone': {'offset': '-9:00', 'description': 'Alaska'}}, 'email': 'veeti.halko@example.com', 'login': {'uuid': 'e116a74b-9a78-4b00-8ab9-f64acab3340b', 'username': 'silvermouse944', 'password': 'papers', 'salt': 'MNCHRbdd', 'md5': '83f14457aececb88b39d533bb5b9df6b', 'sha1': '4ff531f0801657ee6a485e4302c7d322b48b3b75', 'sha256': '17a2b290858282212fd814b9b24c59d74c3ee0054030ea308292698dd9e97b1e'}, 'dob': {'date': '1966-10-11T20:53:59.929Z', 'age': 57}, 'registered': {'date': '2007-12-12T16:22:06.173Z', 'age': 16}, 'phone': '08-662-220', 'cell': '047-500-95-89', 'id': {'name': 'HETU', 'value': 'NaNNA123undefined'}, 'picture': {'large': 'https://randomuser.me/api/portraits/men/68.jpg', 'medium': 'https://randomuser.me/api/portraits/med/men/68.jpg', 'thumbnail': 'https://randomuser.me/api/portraits/thumb/men/68.jpg'}, 'nat': 'FI'}</msg>
<arg>${json_data['results'][0]}</arg>
<doc>Logs the given message with the given level.</doc>
<status status="PASS" start="2024-04-26T13:15:01.355459" elapsed="0.000402"/>
</kw>
<kw name="Log" owner="BuiltIn">
<msg time="2024-04-26T13:15:01.356277" level="INFO">email</msg>
<arg>${key}</arg>
<doc>Logs the given message with the given level.</doc>
<status status="PASS" start="2024-04-26T13:15:01.356152" elapsed="0.000162"/>
</kw>
<var name="${key}">email</var>
<status status="PASS" start="2024-04-26T13:15:01.354630" elapsed="0.001893"/>
</iter>
<iter>
<kw name="Dictionary Should Contain Key" owner="Collections">
<msg time="2024-04-26T13:15:01.357181" level="INFO">False</msg>
<arg>${json_data['results'][0]}</arg>
<arg>${key}</arg>
<doc>Fails if ``key`` is not found from ``dictionary``.</doc>
<status status="PASS" start="2024-04-26T13:15:01.356803" elapsed="0.000415"/>
</kw>
<kw name="Log" owner="BuiltIn">
<msg time="2024-04-26T13:15:01.357887" level="INFO">{'gender': 'male', 'name': {'title': 'Mr', 'first': 'Veeti', 'last': 'Halko'}, 'location': {'street': {'number': 3995, 'name': 'Rautatienkatu'}, 'city': 'Lumijoki', 'state': 'Lapland', 'country': 'Finland', 'postcode': 71885, 'coordinates': {'latitude': '-29.3212', 'longitude': '-169.9145'}, 'timezone': {'offset': '-9:00', 'description': 'Alaska'}}, 'email': 'veeti.halko@example.com', 'login': {'uuid': 'e116a74b-9a78-4b00-8ab9-f64acab3340b', 'username': 'silvermouse944', 'password': 'papers', 'salt': 'MNCHRbdd', 'md5': '83f14457aececb88b39d533bb5b9df6b', 'sha1': '4ff531f0801657ee6a485e4302c7d322b48b3b75', 'sha256': '17a2b290858282212fd814b9b24c59d74c3ee0054030ea308292698dd9e97b1e'}, 'dob': {'date': '1966-10-11T20:53:59.929Z', 'age': 57}, 'registered': {'date': '2007-12-12T16:22:06.173Z', 'age': 16}, 'phone': '08-662-220', 'cell': '047-500-95-89', 'id': {'name': 'HETU', 'value': 'NaNNA123undefined'}, 'picture': {'large': 'https://randomuser.me/api/portraits/men/68.jpg', 'medium': 'https://randomuser.me/api/portraits/med/men/68.jpg', 'thumbnail': 'https://randomuser.me/api/portraits/thumb/men/68.jpg'}, 'nat': 'FI'}</msg>
<arg>${json_data['results'][0]}</arg>
<doc>Logs the given message with the given level.</doc>
<status status="PASS" start="2024-04-26T13:15:01.357507" elapsed="0.000429"/>
</kw>
<kw name="Log" owner="BuiltIn">
<msg time="2024-04-26T13:15:01.358358" level="INFO">login</msg>
<arg>${key}</arg>
<doc>Logs the given message with the given level.</doc>
<status status="PASS" start="2024-04-26T13:15:01.358233" elapsed="0.000169"/>
</kw>
<var name="${key}">login</var>
<status status="PASS" start="2024-04-26T13:15:01.356692" elapsed="0.001924"/>
</iter>
<var>${key}</var>
<value>@{expected_keys}</value>
<status status="PASS" start="2024-04-26T13:15:01.347923" elapsed="0.010811"/>
</for>
<kw name="Create List" owner="BuiltIn">
<msg time="2024-04-26T13:15:01.359109" level="INFO">${expected_keysTwo} = ['username', 'password']</msg>
<var>${expected_keysTwo}</var>
<arg>username</arg>
<arg>password</arg>
<doc>Returns a list containing given items.</doc>
<status status="PASS" start="2024-04-26T13:15:01.358966" elapsed="0.000167"/>
</kw>
<for flavor="IN">
<iter>
<kw name="Dictionary Should Contain Key" owner="Collections">
<msg time="2024-04-26T13:15:01.360058" level="INFO">False</msg>
<arg>${json_data['results'][0]['login']}</arg>
<arg>${keyTwo}</arg>
<doc>Fails if ``key`` is not found from ``dictionary``.</doc>
<status status="PASS" start="2024-04-26T13:15:01.359668" elapsed="0.000427"/>
</kw>
<kw name="Dictionary Should Contain Key" owner="Collections">
<msg time="2024-04-26T13:15:01.360784" level="INFO">False</msg>
<arg>${json_data['results'][0]['login']}</arg>
<arg>${keyTwo}</arg>
<doc>Fails if ``key`` is not found from ``dictionary``.</doc>
<status status="PASS" start="2024-04-26T13:15:01.360389" elapsed="0.000435"/>
</kw>
<kw name="Log" owner="BuiltIn">
<msg time="2024-04-26T13:15:01.361250" level="INFO">username</msg>
<arg>${keyTwo}</arg>
<doc>Logs the given message with the given level.</doc>
<status status="PASS" start="2024-04-26T13:15:01.361122" elapsed="0.000172"/>
</kw>
<var name="${keyTwo}">username</var>
<status status="PASS" start="2024-04-26T13:15:01.359559" elapsed="0.001950"/>
</iter>
<iter>
<kw name="Dictionary Should Contain Key" owner="Collections">
<msg time="2024-04-26T13:15:01.362314" level="INFO">False</msg>
<arg>${json_data['results'][0]['login']}</arg>
<arg>${keyTwo}</arg>
<doc>Fails if ``key`` is not found from ``dictionary``.</doc>
<status status="PASS" start="2024-04-26T13:15:01.361791" elapsed="0.000571"/>
</kw>
<kw name="Dictionary Should Contain Key" owner="Collections">
<msg time="2024-04-26T13:15:01.363290" level="INFO">False</msg>
<arg>${json_data['results'][0]['login']}</arg>
<arg>${keyTwo}</arg>
<doc>Fails if ``key`` is not found from ``dictionary``.</doc>
<status status="PASS" start="2024-04-26T13:15:01.362713" elapsed="0.000640"/>
</kw>
<kw name="Log" owner="BuiltIn">
<msg time="2024-04-26T13:15:01.363915" level="INFO">password</msg>
<arg>${keyTwo}</arg>
<doc>Logs the given message with the given level.</doc>
<status status="PASS" start="2024-04-26T13:15:01.363755" elapsed="0.000200"/>
</kw>
<var name="${keyTwo}">password</var>
<status status="PASS" start="2024-04-26T13:15:01.361680" elapsed="0.002518"/>
</iter>
<var>${keyTwo}</var>
<value>@{expected_keysTwo}</value>
<status status="PASS" start="2024-04-26T13:15:01.359392" elapsed="0.004930"/>
</for>
<status status="PASS" start="2024-04-26T13:15:01.073751" elapsed="0.290781"/>
</kw>
<doc>Testa a estrutura da resposta da API.</doc>
<tag>testeEstruturaResposta</tag>
<status status="PASS" start="2024-04-26T13:15:01.073214" elapsed="0.291495"/>
</test>
<test id="s1-s1-t4" name="Validar tipos de dados" line="28">
<kw name="Teste de Tipos de Dados" owner="random-user-service">
<kw name="GET On Session" owner="RequestsLibrary">
<msg time="2024-04-26T13:15:01.457947" level="INFO">GET Request : url=https://randomuser.me/api 
 path_url=/api 
 headers={'User-Agent': 'python-requests/2.31.0', 'Accept-Encoding': 'gzip, deflate', 'Accept': '*/*', 'Connection': 'keep-alive'} 
 body=None 
 </msg>
<msg time="2024-04-26T13:15:01.458053" level="INFO">GET Response : url=https://randomuser.me/api 
 status=200, reason=OK 
 headers={'Date': 'Fri, 26 Apr 2024 13:15:01 GMT', 'Content-Type': 'application/json; charset=utf-8', 'Transfer-Encoding': 'chunked', 'Connection': 'keep-alive', 'X-Powered-By': 'Express', 'Access-Control-Allow-Origin': '*', 'Cache-Control': 'no-cache', 'ETag': 'W/"49c-t0IYyYDBSZjgenzRBOU8VcOGflY"', 'Vary': 'Accept-Encoding', 'Content-Encoding': 'gzip', 'CF-Cache-Status': 'DYNAMIC', 'Report-To': '{"endpoints":[{"url":"https:\\/\\/a.nel.cloudflare.com\\/report\\/v4?s=jXUHXIn%2BaB5Gf8GBayDifsXuZa1sEYy8Ki7Z6JfhBARM1w3fZdL7wDaigZJExlqQaclUBQGj20V9DYdWRXep6%2BCsM6XgAi%2B3ghdw9ei3o7Ama5taL7UlOsl7C%2B3yB0Gd"}],"group":"cf-nel","max_age":604800}', 'NEL': '{"success_fraction":0,"report_to":"cf-nel","max_age":604800}', 'Server': 'cloudflare', 'CF-RAY': '87a6d6d59baf9121-ORD', 'alt-svc': 'h3=":443"; ma=86400'} 
 body={"results":[{"gender":"male","name":{"title":"Mr","first":"Oliver","last":"Raisanen"},"location":{"street":{"number":1653,"name":"Tahmelantie"},"city":"Siuntio","state":"Päijät-Häme","country":"Finland","postcode":51806,"coordinates":{"latitude":"-25.2357","longitude":"-148.7642"},"timezone":{"offset":"+10:00","description":"Eastern Australia, Guam, Vladivostok"}},"email":"oliver.raisanen@example.com","login":{"uuid":"bcf2dc97-d4f2-4caa-8688-d134175794ba","username":"orangelion856","password":"henry","salt":"2t9jUMQI","md5":"190fa853d59243f1e6847022c01ef166","sha1":"78b906cc7c4241fc83220e35544608dd9bf1acab","sha256":"080906e330b733d0f570a89853042ccb19aa50be55b90059273a6bcd57c86490"},"dob":{"date":"1949-08-15T17:22:56.702Z","age":74},"registered":{"date":"2006-12-27T19:06:33.626Z","age":17},"phone":"02-434-627","cell":"046-541-24-99","id":{"name":"HETU","value":"NaNNA311undefined"},"picture":{"large":"https://randomuser.me/api/portraits/men/26.jpg","medium":"https://randomuser.me/api/portraits/med/men/26.jpg","thumbnail":"https://randomuser.me/api/portraits/thumb/men/26.jpg"},"nat":"FI"}],"info":{"seed":"56d2d681c0cec82a","results":1,"page":1,"version":"1.4"}} 
 </msg>
<msg time="2024-04-26T13:15:01.458131" level="INFO">/opt/hostedtoolcache/Python/3.12.3/x64/lib/python3.12/site-packages/urllib3/connectionpool.py:1103: InsecureRequestWarning: Unverified HTTPS request is being made to host 'randomuser.me'. Adding certificate verification is strongly advised. See: https://urllib3.readthedocs.io/en/latest/advanced-usage.html#tls-warnings
  warnings.warn(</msg>
<msg time="2024-04-26T13:15:01.458250" level="INFO">${response} = &lt;Response [200]&gt;</msg>
<var>${response}</var>
<arg>consultarAPI</arg>
<arg>/api</arg>
<doc>Sends a GET request on a previously created HTTP Session.</doc>
<status status="PASS" start="2024-04-26T13:15:01.367690" elapsed="0.090588"/>
</kw>
<kw name="Set Variable" owner="BuiltIn">
<msg time="2024-04-26T13:15:01.459350" level="INFO">${json_data} = {'results': [{'gender': 'male', 'name': {'title': 'Mr', 'first': 'Oliver', 'last': 'Raisanen'}, 'location': {'street': {'number': 1653, 'name': 'Tahmelantie'}, 'city': 'Siuntio', 'state': 'Päijät-Häme...</msg>
<var>${json_data}</var>
<arg>${response.json()}</arg>
<doc>Returns the given values which can then be assigned to a variables.</doc>
<status status="PASS" start="2024-04-26T13:15:01.458806" elapsed="0.000574"/>
</kw>
<kw name="Log" owner="BuiltIn">
<msg time="2024-04-26T13:15:01.459855" level="INFO">{'results': [{'gender': 'male', 'name': {'title': 'Mr', 'first': 'Oliver', 'last': 'Raisanen'}, 'location': {'street': {'number': 1653, 'name': 'Tahmelantie'}, 'city': 'Siuntio', 'state': 'Päijät-Häme', 'country': 'Finland', 'postcode': 51806, 'coordinates': {'latitude': '-25.2357', 'longitude': '-148.7642'}, 'timezone': {'offset': '+10:00', 'description': 'Eastern Australia, Guam, Vladivostok'}}, 'email': 'oliver.raisanen@example.com', 'login': {'uuid': 'bcf2dc97-d4f2-4caa-8688-d134175794ba', 'username': 'orangelion856', 'password': 'henry', 'salt': '2t9jUMQI', 'md5': '190fa853d59243f1e6847022c01ef166', 'sha1': '78b906cc7c4241fc83220e35544608dd9bf1acab', 'sha256': '080906e330b733d0f570a89853042ccb19aa50be55b90059273a6bcd57c86490'}, 'dob': {'date': '1949-08-15T17:22:56.702Z', 'age': 74}, 'registered': {'date': '2006-12-27T19:06:33.626Z', 'age': 17}, 'phone': '02-434-627', 'cell': '046-541-24-99', 'id': {'name': 'HETU', 'value': 'NaNNA311undefined'}, 'picture': {'large': 'https://randomuser.me/api/portraits/men/26.jpg', 'medium': 'https://randomuser.me/api/portraits/med/men/26.jpg', 'thumbnail': 'https://randomuser.me/api/portraits/thumb/men/26.jpg'}, 'nat': 'FI'}], 'info': {'seed': '56d2d681c0cec82a', 'results': 1, 'page': 1, 'version': '1.4'}}</msg>
<arg>${json_data}</arg>
<doc>Logs the given message with the given level.</doc>
<status status="PASS" start="2024-04-26T13:15:01.459696" elapsed="0.000246"/>
</kw>
<kw name="Should Be String" owner="String">
<arg>${json_data['results'][0]['gender']}</arg>
<doc>Fails if the given ``item`` is not a string.</doc>
<status status="PASS" start="2024-04-26T13:15:01.460244" elapsed="0.000365"/>
</kw>
<kw name="Should Match Regexp" owner="BuiltIn">
<arg>${json_data['results'][0]['email']}</arg>
<arg>^[a-zA-Z0-9._%+-]+@[a-zA-Z0-9.-]+\.[a-zA-Z]{2,}$</arg>
<doc>Fails if ``string`` does not match ``pattern`` as a regular expression.</doc>
<status status="PASS" start="2024-04-26T13:15:01.460800" elapsed="0.000523"/>
</kw>
<kw name="Should Match Regexp" owner="BuiltIn">
<arg>${json_data['results'][0]['dob']['date']}</arg>
<arg>\\d{4}-\\d{2}-\\d{2}T\\d{2}:\\d{2}:\\d{2}\\.\\d{3}Z</arg>
<doc>Fails if ``string`` does not match ``pattern`` as a regular expression.</doc>
<status status="PASS" start="2024-04-26T13:15:01.461518" elapsed="0.000527"/>
</kw>
<kw name="Should Match Regexp" owner="BuiltIn">
<arg>${json_data['results'][0]['registered']['date']}</arg>
<arg>\\d{4}-\\d{2}-\\d{2}T\\d{2}:\\d{2}:\\d{2}\\.\\d{3}Z</arg>
<doc>Fails if ``string`` does not match ``pattern`` as a regular expression.</doc>
<status status="PASS" start="2024-04-26T13:15:01.462254" elapsed="0.000374"/>
</kw>
<kw name="Should Match Regexp" owner="BuiltIn">
<arg>${json_data['results'][0]['picture']['large']}</arg>
<arg>^https?://.*\.(?:png|jpe?g|gif|bmp)$</arg>
<doc>Fails if ``string`` does not match ``pattern`` as a regular expression.</doc>
<status status="PASS" start="2024-04-26T13:15:01.462812" elapsed="0.000468"/>
</kw>
<kw name="Should Match Regexp" owner="BuiltIn">
<arg>${json_data['results'][0]['picture']['medium']}</arg>
<arg>^https?://.*\.(?:png|jpe?g|gif|bmp)$</arg>
<doc>Fails if ``string`` does not match ``pattern`` as a regular expression.</doc>
<status status="PASS" start="2024-04-26T13:15:01.463466" elapsed="0.000363"/>
</kw>
<kw name="Should Match Regexp" owner="BuiltIn">
<arg>${json_data['results'][0]['picture']['thumbnail']}</arg>
<arg>^https?://.*\.(?:png|jpe?g|gif|bmp)$</arg>
<doc>Fails if ``string`` does not match ``pattern`` as a regular expression.</doc>
<status status="PASS" start="2024-04-26T13:15:01.464014" elapsed="0.000348"/>
</kw>
<kw name="Log" owner="BuiltIn">
<msg time="2024-04-26T13:15:01.464862" level="INFO">{'large': 'https://randomuser.me/api/portraits/men/26.jpg', 'medium': 'https://randomuser.me/api/portraits/med/men/26.jpg', 'thumbnail': 'https://randomuser.me/api/portraits/thumb/men/26.jpg'}</msg>
<arg>${json_data['results'][0]['picture']}</arg>
<doc>Logs the given message with the given level.</doc>
<status status="PASS" start="2024-04-26T13:15:01.464542" elapsed="0.000361"/>
</kw>
<status status="PASS" start="2024-04-26T13:15:01.367434" elapsed="0.097757"/>
</kw>
<kw name="Teste de Tipos de Dados - Postcode" owner="random-user-service">
<kw name="GET On Session" owner="RequestsLibrary">
<msg time="2024-04-26T13:15:01.547292" level="INFO">GET Request : url=https://randomuser.me/api 
 path_url=/api 
 headers={'User-Agent': 'python-requests/2.31.0', 'Accept-Encoding': 'gzip, deflate', 'Accept': '*/*', 'Connection': 'keep-alive'} 
 body=None 
 </msg>
<msg time="2024-04-26T13:15:01.547390" level="INFO">GET Response : url=https://randomuser.me/api 
 status=200, reason=OK 
 headers={'Date': 'Fri, 26 Apr 2024 13:15:01 GMT', 'Content-Type': 'application/json; charset=utf-8', 'Transfer-Encoding': 'chunked', 'Connection': 'keep-alive', 'X-Powered-By': 'Express', 'Access-Control-Allow-Origin': '*', 'Cache-Control': 'no-cache', 'ETag': 'W/"4ad-arv2/qCHZ52KH27Xtsw49plTt8o"', 'Vary': 'Accept-Encoding', 'Content-Encoding': 'gzip', 'CF-Cache-Status': 'DYNAMIC', 'Report-To': '{"endpoints":[{"url":"https:\\/\\/a.nel.cloudflare.com\\/report\\/v4?s=KtgZtVmKaqCfbARqN%2Fl%2FbdSAcLZjpMZhjjJOk0RFlZKktERXGo8vtkkm4ip09CPZWQ7qAFVkfmNeuCGp7PDUX2h8Jz3%2F3M6N0OciT72nFaEuVNX%2BKpCi3HfYmKfQYCnH"}],"group":"cf-nel","max_age":604800}', 'NEL': '{"success_fraction":0,"report_to":"cf-nel","max_age":604800}', 'Server': 'cloudflare', 'CF-RAY': '87a6d6d62d9a9121-ORD', 'alt-svc': 'h3=":443"; ma=86400'} 
 body={"results":[{"gender":"female","name":{"title":"Ms","first":"Juliette","last":"Aubert"},"location":{"street":{"number":7916,"name":"Place de L'Europe"},"city":"Fort-de-France","state":"Haute-Garonne","country":"France","postcode":42059,"coordinates":{"latitude":"-15.3584","longitude":"145.0934"},"timezone":{"offset":"+4:00","description":"Abu Dhabi, Muscat, Baku, Tbilisi"}},"email":"juliette.aubert@example.com","login":{"uuid":"70b9c356-5a24-42e0-bd27-4291fe3b4f13","username":"lazyfish254","password":"birdie","salt":"Mhsl6am2","md5":"cb4e54906a399869c5c1f05270845327","sha1":"0f284e3ec9bb822117ab5124fe7a8480e1d726d2","sha256":"5bb84edca6c5f711dc59937a6fb7b7a6662912cff943b9c6c9e0d36764aacbac"},"dob":{"date":"1978-03-09T11:50:29.666Z","age":46},"registered":{"date":"2004-04-09T23:04:00.840Z","age":20},"phone":"05-27-29-02-48","cell":"06-96-05-09-88","id":{"name":"INSEE","value":"2780270163083 14"},"picture":{"large":"https://randomuser.me/api/portraits/women/94.jpg","medium":"https://randomuser.me/api/portraits/med/women/94.jpg","thumbnail":"https://randomuser.me/api/portraits/thumb/women/94.jpg"},"nat":"FR"}],"info":{"seed":"5f83dcaa1173f86f","results":1,"page":1,"version":"1.4"}} 
 </msg>
<msg time="2024-04-26T13:15:01.547466" level="INFO">/opt/hostedtoolcache/Python/3.12.3/x64/lib/python3.12/site-packages/urllib3/connectionpool.py:1103: InsecureRequestWarning: Unverified HTTPS request is being made to host 'randomuser.me'. Adding certificate verification is strongly advised. See: https://urllib3.readthedocs.io/en/latest/advanced-usage.html#tls-warnings
  warnings.warn(</msg>
<msg time="2024-04-26T13:15:01.547594" level="INFO">${response} = &lt;Response [200]&gt;</msg>
<var>${response}</var>
<arg>consultarAPI</arg>
<arg>/api</arg>
<doc>Sends a GET request on a previously created HTTP Session.</doc>
<status status="PASS" start="2024-04-26T13:15:01.465662" elapsed="0.081962"/>
</kw>
<kw name="Set Variable" owner="BuiltIn">
<msg time="2024-04-26T13:15:01.548730" level="INFO">${json_data} = {'results': [{'gender': 'female', 'name': {'title': 'Ms', 'first': 'Juliette', 'last': 'Aubert'}, 'location': {'street': {'number': 7916, 'name': "Place de L'Europe"}, 'city': 'Fort-de-France', 'state...</msg>
<var>${json_data}</var>
<arg>${response.json()}</arg>
<doc>Returns the given values which can then be assigned to a variables.</doc>
<status status="PASS" start="2024-04-26T13:15:01.548195" elapsed="0.000563"/>
</kw>
<kw name="Log" owner="BuiltIn">
<msg time="2024-04-26T13:15:01.549257" level="INFO">{'results': [{'gender': 'female', 'name': {'title': 'Ms', 'first': 'Juliette', 'last': 'Aubert'}, 'location': {'street': {'number': 7916, 'name': "Place de L'Europe"}, 'city': 'Fort-de-France', 'state': 'Haute-Garonne', 'country': 'France', 'postcode': 42059, 'coordinates': {'latitude': '-15.3584', 'longitude': '145.0934'}, 'timezone': {'offset': '+4:00', 'description': 'Abu Dhabi, Muscat, Baku, Tbilisi'}}, 'email': 'juliette.aubert@example.com', 'login': {'uuid': '70b9c356-5a24-42e0-bd27-4291fe3b4f13', 'username': 'lazyfish254', 'password': 'birdie', 'salt': 'Mhsl6am2', 'md5': 'cb4e54906a399869c5c1f05270845327', 'sha1': '0f284e3ec9bb822117ab5124fe7a8480e1d726d2', 'sha256': '5bb84edca6c5f711dc59937a6fb7b7a6662912cff943b9c6c9e0d36764aacbac'}, 'dob': {'date': '1978-03-09T11:50:29.666Z', 'age': 46}, 'registered': {'date': '2004-04-09T23:04:00.840Z', 'age': 20}, 'phone': '05-27-29-02-48', 'cell': '06-96-05-09-88', 'id': {'name': 'INSEE', 'value': '2780270163083 14'}, 'picture': {'large': 'https://randomuser.me/api/portraits/women/94.jpg', 'medium': 'https://randomuser.me/api/portraits/med/women/94.jpg', 'thumbnail': 'https://randomuser.me/api/portraits/thumb/women/94.jpg'}, 'nat': 'FR'}], 'info': {'seed': '5f83dcaa1173f86f', 'results': 1, 'page': 1, 'version': '1.4'}}</msg>
<arg>${json_data}</arg>
<doc>Logs the given message with the given level.</doc>
<status status="PASS" start="2024-04-26T13:15:01.549094" elapsed="0.000210"/>
</kw>
<kw name="Should Be Equal As Numbers" owner="BuiltIn">
<arg>${json_data['results'][0]['location']['postcode']}</arg>
<arg>${json_data['results'][0]['location']['postcode']}</arg>
<doc>Fails if objects are unequal after converting them to real numbers.</doc>
<status status="PASS" start="2024-04-26T13:15:01.549820" elapsed="0.000678"/>
</kw>
<kw name="Log" owner="BuiltIn">
<msg time="2024-04-26T13:15:01.551028" level="INFO">42059</msg>
<arg>${json_data['results'][0]['location']['postcode']}</arg>
<doc>Logs the given message with the given level.</doc>
<status status="PASS" start="2024-04-26T13:15:01.550692" elapsed="0.000375"/>
</kw>
<status status="PASS" start="2024-04-26T13:15:01.465421" elapsed="0.085907"/>
</kw>
<doc>Testa se os tipos de dados na resposta da API estão corretos.</doc>
<tag>testeTiposDados</tag>
<status status="PASS" start="2024-04-26T13:15:01.366936" elapsed="0.184561"/>
</test>
<test id="s1-s1-t5" name="Validar conteudo" line="35">
<kw name="Teste de Tipos de Conteudo" owner="random-user-service">
<kw name="GET On Session" owner="RequestsLibrary">
<msg time="2024-04-26T13:15:01.659495" level="INFO">GET Request : url=https://randomuser.me/api 
 path_url=/api 
 headers={'User-Agent': 'python-requests/2.31.0', 'Accept-Encoding': 'gzip, deflate', 'Accept': '*/*', 'Connection': 'keep-alive'} 
 body=None 
 </msg>
<msg time="2024-04-26T13:15:01.659596" level="INFO">GET Response : url=https://randomuser.me/api 
 status=200, reason=OK 
 headers={'Date': 'Fri, 26 Apr 2024 13:15:01 GMT', 'Content-Type': 'application/json; charset=utf-8', 'Transfer-Encoding': 'chunked', 'Connection': 'keep-alive', 'X-Powered-By': 'Express', 'Access-Control-Allow-Origin': '*', 'Cache-Control': 'no-cache', 'ETag': 'W/"47e-6QA3kzhLJUaHO8RWK+ZqvuFqjvg"', 'Vary': 'Accept-Encoding', 'Content-Encoding': 'gzip', 'CF-Cache-Status': 'DYNAMIC', 'Report-To': '{"endpoints":[{"url":"https:\\/\\/a.nel.cloudflare.com\\/report\\/v4?s=nLOx4s3l2vCAiZR8hqan3BxLs9tdIQapLYX9910DkQmK5zDp1I2rSvpQLtix6oim%2B%2Bd8gu4ICz67mUwYqc2OBoGy3BipU3LSSBioGdn%2FQlh6AZNFSqxUhSPN%2FQ7rFG2E"}],"group":"cf-nel","max_age":604800}', 'NEL': '{"success_fraction":0,"report_to":"cf-nel","max_age":604800}', 'Server': 'cloudflare', 'CF-RAY': '87a6d6d6bfa99121-ORD', 'alt-svc': 'h3=":443"; ma=86400'} 
 body={"results":[{"gender":"male","name":{"title":"Mr","first":"Rudan","last":"Bilovus"},"location":{"street":{"number":9585,"name":"Garmatna"},"city":"Kalush","state":"Hmelnicka","country":"Ukraine","postcode":90412,"coordinates":{"latitude":"73.7490","longitude":"-9.9669"},"timezone":{"offset":"+8:00","description":"Beijing, Perth, Singapore, Hong Kong"}},"email":"rudan.bilovus@example.com","login":{"uuid":"b1df36ee-a6ee-4346-b02b-124c486cc754","username":"blackpeacock195","password":"1998","salt":"Nx66pszm","md5":"ec0667fdc0fc1e986b7ce21dd27cdfc9","sha1":"2311aef854133acc858c6c122e0ccc415efbbda2","sha256":"67b6c04dbd001f19ae8cc939c820fb29dc4a788b082cd7622a9516ad393c79a4"},"dob":{"date":"1952-05-23T15:45:48.071Z","age":71},"registered":{"date":"2008-01-23T05:01:33.034Z","age":16},"phone":"(067) N37-7432","cell":"(097) K12-4783","id":{"name":"","value":null},"picture":{"large":"https://randomuser.me/api/portraits/men/75.jpg","medium":"https://randomuser.me/api/portraits/med/men/75.jpg","thumbnail":"https://randomuser.me/api/portraits/thumb/men/75.jpg"},"nat":"UA"}],"info":{"seed":"e0f8f517e3998681","results":1,"page":1,"version":"1.4"}} 
 </msg>
<msg time="2024-04-26T13:15:01.659672" level="INFO">/opt/hostedtoolcache/Python/3.12.3/x64/lib/python3.12/site-packages/urllib3/connectionpool.py:1103: InsecureRequestWarning: Unverified HTTPS request is being made to host 'randomuser.me'. Adding certificate verification is strongly advised. See: https://urllib3.readthedocs.io/en/latest/advanced-usage.html#tls-warnings
  warnings.warn(</msg>
<msg time="2024-04-26T13:15:01.659804" level="INFO">${response} = &lt;Response [200]&gt;</msg>
<var>${response}</var>
<arg>consultarAPI</arg>
<arg>/api</arg>
<doc>Sends a GET request on a previously created HTTP Session.</doc>
<status status="PASS" start="2024-04-26T13:15:01.554477" elapsed="0.105369"/>
</kw>
<kw name="Set Variable" owner="BuiltIn">
<msg time="2024-04-26T13:15:01.661122" level="INFO">${json_data} = {'results': [{'gender': 'male', 'name': {'title': 'Mr', 'first': 'Rudan', 'last': 'Bilovus'}, 'location': {'street': {'number': 9585, 'name': 'Garmatna'}, 'city': 'Kalush', 'state': 'Hmelnicka', 'coun...</msg>
<var>${json_data}</var>
<arg>${response.json()}</arg>
<doc>Returns the given values which can then be assigned to a variables.</doc>
<status status="PASS" start="2024-04-26T13:15:01.660533" elapsed="0.000619"/>
</kw>
<kw name="Set Variable" owner="BuiltIn">
<msg time="2024-04-26T13:15:01.661911" level="INFO">${name_title} = Mr</msg>
<var>${name_title}</var>
<arg>${json_data["results"][0]["name"]["title"]}</arg>
<doc>Returns the given values which can then be assigned to a variables.</doc>
<status status="PASS" start="2024-04-26T13:15:01.661481" elapsed="0.000461"/>
</kw>
<kw name="Create List" owner="BuiltIn">
<msg time="2024-04-26T13:15:01.662404" level="INFO">${allowed_titles} = ['Mr', 'Ms', 'Miss', 'Mrs', 'Madame', 'Monsieur']</msg>
<var>${allowed_titles}</var>
<arg>Mr</arg>
<arg>Ms</arg>
<arg>Miss</arg>
<arg>Mrs</arg>
<arg>Madame</arg>
<arg>Monsieur</arg>
<doc>Returns a list containing given items.</doc>
<status status="PASS" start="2024-04-26T13:15:01.662255" elapsed="0.000173"/>
</kw>
<kw name="List Should Contain Value" owner="Collections">
<msg time="2024-04-26T13:15:01.662916" level="INFO">False</msg>
<arg>${allowed_titles}</arg>
<arg>${name_title}</arg>
<doc>Fails if the ``value`` is not found from ``list``.</doc>
<status status="PASS" start="2024-04-26T13:15:01.662736" elapsed="0.000218"/>
</kw>
<kw name="Set Variable" owner="BuiltIn">
<msg time="2024-04-26T13:15:01.663646" level="INFO">${name_country} = UA</msg>
<var>${name_country}</var>
<arg>${json_data["results"][0]["nat"]}</arg>
<doc>Returns the given values which can then be assigned to a variables.</doc>
<status status="PASS" start="2024-04-26T13:15:01.663253" elapsed="0.000419"/>
</kw>
<kw name="Create List" owner="BuiltIn">
<msg time="2024-04-26T13:15:01.664558" level="INFO">${list_country} = ['AD', 'AE', 'AF', 'AG', 'AI', 'AL', 'AM', 'AO', 'AQ', 'AR', 'AS', 'AT', 'AU', 'AW', 'AX', 'AZ', 'BA', 'BB', 'BD', 'BE', 'BF', 'BG', 'BH', 'BI', 'BJ', 'BL', 'BM', 'BN', 'BO', 'BQ', 'BR', 'BS', 'BT', '...</msg>
<var>${list_country}</var>
<arg>AD</arg>
<arg>AE</arg>
<arg>AF</arg>
<arg>AG</arg>
<arg>AI</arg>
<arg>AL</arg>
<arg>AM</arg>
<arg>AO</arg>
<arg>AQ</arg>
<arg>AR</arg>
<arg>AS</arg>
<arg>AT</arg>
<arg>AU</arg>
<arg>AW</arg>
<arg>AX</arg>
<arg>AZ</arg>
<arg>BA</arg>
<arg>BB</arg>
<arg>BD</arg>
<arg>BE</arg>
<arg>BF</arg>
<arg>BG</arg>
<arg>BH</arg>
<arg>BI</arg>
<arg>BJ</arg>
<arg>BL</arg>
<arg>BM</arg>
<arg>BN</arg>
<arg>BO</arg>
<arg>BQ</arg>
<arg>BR</arg>
<arg>BS</arg>
<arg>BT</arg>
<arg>BV</arg>
<arg>BW</arg>
<arg>BY</arg>
<arg>BZ</arg>
<arg>CA</arg>
<arg>CC</arg>
<arg>CD</arg>
<arg>CF</arg>
<arg>CG</arg>
<arg>CH</arg>
<arg>CI</arg>
<arg>CK</arg>
<arg>CL</arg>
<arg>CM</arg>
<arg>CN</arg>
<arg>CO</arg>
<arg>CR</arg>
<arg>CU</arg>
<arg>CV</arg>
<arg>CW</arg>
<arg>CX</arg>
<arg>CY</arg>
<arg>CZ</arg>
<arg>DE</arg>
<arg>DJ</arg>
<arg>DK</arg>
<arg>DM</arg>
<arg>DO</arg>
<arg>DZ</arg>
<arg>EC</arg>
<arg>EE</arg>
<arg>EG</arg>
<arg>EH</arg>
<arg>ER</arg>
<arg>ES</arg>
<arg>ET</arg>
<arg>FI</arg>
<arg>FJ</arg>
<arg>FK</arg>
<arg>FM</arg>
<arg>FO</arg>
<arg>FR</arg>
<arg>GA</arg>
<arg>GB</arg>
<arg>GD</arg>
<arg>GE</arg>
<arg>GF</arg>
<arg>GG</arg>
<arg>GH</arg>
<arg>GI</arg>
<arg>GL</arg>
<arg>GM</arg>
<arg>GN</arg>
<arg>GP</arg>
<arg>GQ</arg>
<arg>GR</arg>
<arg>GS</arg>
<arg>GT</arg>
<arg>GU</arg>
<arg>GW</arg>
<arg>GY</arg>
<arg>HK</arg>
<arg>HM</arg>
<arg>HN</arg>
<arg>HR</arg>
<arg>HT</arg>
<arg>HU</arg>
<arg>ID</arg>
<arg>IE</arg>
<arg>IL</arg>
<arg>IM</arg>
<arg>IN</arg>
<arg>IO</arg>
<arg>IQ</arg>
<arg>IR</arg>
<arg>IS</arg>
<arg>IT</arg>
<arg>JE</arg>
<arg>JM</arg>
<arg>JO</arg>
<arg>JP</arg>
<arg>KE</arg>
<arg>KG</arg>
<arg>KH</arg>
<arg>KI</arg>
<arg>KM</arg>
<arg>KN</arg>
<arg>KP</arg>
<arg>KR</arg>
<arg>KW</arg>
<arg>KY</arg>
<arg>KZ</arg>
<arg>LA</arg>
<arg>LB</arg>
<arg>LC</arg>
<arg>LI</arg>
<arg>LK</arg>
<arg>LR</arg>
<arg>LS</arg>
<arg>LT</arg>
<arg>LU</arg>
<arg>LV</arg>
<arg>LY</arg>
<arg>MA</arg>
<arg>MC</arg>
<arg>MD</arg>
<arg>ME</arg>
<arg>MF</arg>
<arg>MG</arg>
<arg>MH</arg>
<arg>MK</arg>
<arg>ML</arg>
<arg>MM</arg>
<arg>MN</arg>
<arg>MO</arg>
<arg>MP</arg>
<arg>MQ</arg>
<arg>MR</arg>
<arg>MS</arg>
<arg>MT</arg>
<arg>MU</arg>
<arg>MV</arg>
<arg>MW</arg>
<arg>MX</arg>
<arg>MY</arg>
<arg>MZ</arg>
<arg>NA</arg>
<arg>NC</arg>
<arg>NE</arg>
<arg>NF</arg>
<arg>NG</arg>
<arg>NI</arg>
<arg>NL</arg>
<arg>NO</arg>
<arg>NP</arg>
<arg>NR</arg>
<arg>NU</arg>
<arg>NZ</arg>
<arg>OM</arg>
<arg>PA</arg>
<arg>PE</arg>
<arg>PF</arg>
<arg>PG</arg>
<arg>PH</arg>
<arg>PK</arg>
<arg>PL</arg>
<arg>PM</arg>
<arg>PN</arg>
<arg>PR</arg>
<arg>PS</arg>
<arg>PT</arg>
<arg>PW</arg>
<arg>PY</arg>
<arg>QA</arg>
<arg>RE</arg>
<arg>RO</arg>
<arg>RS</arg>
<arg>RU</arg>
<arg>RW</arg>
<arg>SA</arg>
<arg>SB</arg>
<arg>SC</arg>
<arg>SD</arg>
<arg>SE</arg>
<arg>SG</arg>
<arg>SH</arg>
<arg>SI</arg>
<arg>SJ</arg>
<arg>SK</arg>
<arg>SL</arg>
<arg>SM</arg>
<arg>SN</arg>
<arg>SO</arg>
<arg>SR</arg>
<arg>SS</arg>
<arg>ST</arg>
<arg>SV</arg>
<arg>SX</arg>
<arg>SY</arg>
<arg>SZ</arg>
<arg>TC</arg>
<arg>TD</arg>
<arg>TF</arg>
<arg>TG</arg>
<arg>TH</arg>
<arg>TJ</arg>
<arg>TK</arg>
<arg>TL</arg>
<arg>TM</arg>
<arg>TN</arg>
<arg>TO</arg>
<arg>TR</arg>
<arg>TT</arg>
<arg>TV</arg>
<arg>TW</arg>
<arg>TZ</arg>
<arg>UA</arg>
<arg>UG</arg>
<arg>UM</arg>
<arg>US</arg>
<arg>UY</arg>
<arg>UZ</arg>
<arg>VA</arg>
<arg>VC</arg>
<arg>VE</arg>
<arg>VG</arg>
<arg>VI</arg>
<arg>VN</arg>
<arg>VU</arg>
<arg>WF</arg>
<arg>WS</arg>
<arg>XK</arg>
<arg>YE</arg>
<arg>YT</arg>
<arg>ZA</arg>
<arg>ZM</arg>
<arg>ZW</arg>
<doc>Returns a list containing given items.</doc>
<status status="PASS" start="2024-04-26T13:15:01.663974" elapsed="0.000610"/>
</kw>
<kw name="List Should Contain Value" owner="Collections">
<msg time="2024-04-26T13:15:01.665577" level="INFO">False</msg>
<arg>${list_country}</arg>
<arg>${name_country}</arg>
<doc>Fails if the ``value`` is not found from ``list``.</doc>
<status status="PASS" start="2024-04-26T13:15:01.665373" elapsed="0.000240"/>
</kw>
<kw name="Run Keyword If" owner="BuiltIn">
<kw name="Should Be True" owner="BuiltIn">
<arg>${True}</arg>
<doc>Fails if the given condition is not true.</doc>
<status status="PASS" start="2024-04-26T13:15:01.666761" elapsed="0.000324"/>
</kw>
<arg>${json_data["results"][0]["location"]["coordinates"]["latitude"]} &gt;= -90 and ${json_data["results"][0]["location"]["coordinates"]["latitude"]} &lt;= 90</arg>
<arg>Should Be True</arg>
<arg>${True}</arg>
<doc>Runs the given keyword with the given arguments, if ``condition`` is true.</doc>
<status status="PASS" start="2024-04-26T13:15:01.665964" elapsed="0.001255"/>
</kw>
<kw name="Run Keyword If" owner="BuiltIn">
<kw name="Should Be True" owner="BuiltIn">
<arg>${True}</arg>
<doc>Fails if the given condition is not true.</doc>
<status status="PASS" start="2024-04-26T13:15:01.668109" elapsed="0.000136"/>
</kw>
<arg>${json_data["results"][0]["location"]["coordinates"]["longitude"]} &gt;= -180 and ${json_data["results"][0]["location"]["coordinates"]["longitude"]} &lt;= 180</arg>
<arg>Should Be True</arg>
<arg>${True}</arg>
<doc>Runs the given keyword with the given arguments, if ``condition`` is true.</doc>
<status status="PASS" start="2024-04-26T13:15:01.667408" elapsed="0.000961"/>
</kw>
<status status="PASS" start="2024-04-26T13:15:01.554077" elapsed="0.114424"/>
</kw>
<doc>Testa o conteúdo específico dos campos retornados pela API.</doc>
<tag>testeConteudo</tag>
<status status="PASS" start="2024-04-26T13:15:01.553321" elapsed="0.115333"/>
</test>
<status status="PASS" start="2024-04-26T13:14:59.711978" elapsed="1.958735"/>
</suite>
<status status="PASS" start="2024-04-26T13:14:59.697934" elapsed="1.978321"/>
</suite>
<statistics>
<total>
<stat pass="5" fail="0" skip="0">All Tests</stat>
</total>
<tag>
<stat pass="1" fail="0" skip="0">testeConteudo</stat>
<stat pass="1" fail="0" skip="0">testeEstruturaResposta</stat>
<stat pass="1" fail="0" skip="0">testeRequisicaoBasica</stat>
<stat pass="1" fail="0" skip="0">testeTiposDados</stat>
</tag>
<suite>
<stat pass="5" fail="0" skip="0" id="s1" name="Tests">Tests</stat>
<stat pass="5" fail="0" skip="0" id="s1-s1" name="Random-User-Test">Tests.Random-User-Test</stat>
</suite>
</statistics>
<errors>
</errors>
</robot>
