<?xml version="1.0" encoding="UTF-8"?>
<robot generator="Robot 7.0.1 (Python 3.12.4 on linux)" generated="2024-07-29T06:22:03.783138" rpa="false" schemaversion="5">
<suite id="s1" name="Tests" source="/home/runner/work/ApiRandomUser/ApiRandomUser/RamdonUser/tests">
<suite id="s1-s1" name="Random-User-Test" source="/home/runner/work/ApiRandomUser/ApiRandomUser/RamdonUser/tests/random-user-test.robot">
<test id="s1-s1-t1" name="Conectar" line="13">
<kw name="Conectar API" owner="random-user-service">
<kw name="Create Session" owner="RequestsLibrary">
<msg time="2024-07-29T06:22:04.199163" level="INFO">Creating Session using : alias=consultarAPI, url=https://randomuser.me/, headers={},                     cookies={}, auth=None, timeout=None, proxies=None, verify=False,                     debug=0 </msg>
<arg>consultarAPI</arg>
<arg>${URL}</arg>
<doc>Create Session: create a HTTP session to a server</doc>
<status status="PASS" start="2024-07-29T06:22:04.198956" elapsed="0.000404"/>
</kw>
<status status="PASS" start="2024-07-29T06:22:04.197845" elapsed="0.001876"/>
</kw>
<status status="PASS" start="2024-07-29T06:22:04.197189" elapsed="0.002723"/>
</test>
<test id="s1-s1-t2" name="Validar retorno 200 e JSON Válido" line="16">
<kw name="Teste de Requisicao Basica" owner="random-user-service">
<kw name="GET On Session" owner="RequestsLibrary">
<msg time="2024-07-29T06:22:04.337103" level="INFO">GET Request : url=https://randomuser.me/api 
 path_url=/api 
 headers={'User-Agent': 'python-requests/2.32.3', 'Accept-Encoding': 'gzip, deflate', 'Accept': '*/*', 'Connection': 'keep-alive'} 
 body=None 
 </msg>
<msg time="2024-07-29T06:22:04.337258" level="INFO">GET Response : url=https://randomuser.me/api 
 status=200, reason=OK 
 headers={'Date': 'Mon, 29 Jul 2024 06:22:04 GMT', 'Content-Type': 'application/json; charset=utf-8', 'Transfer-Encoding': 'chunked', 'Connection': 'keep-alive', 'X-Powered-By': 'Express', 'Access-Control-Allow-Origin': '*', 'Cache-Control': 'no-cache', 'ETag': 'W/"4ae-l2pyJTLvHirHe2ZhFkr351s7mE8"', 'Vary': 'Accept-Encoding', 'Content-Encoding': 'gzip', 'CF-Cache-Status': 'DYNAMIC', 'Report-To': '{"endpoints":[{"url":"https:\\/\\/a.nel.cloudflare.com\\/report\\/v4?s=P%2BDYCdLKLeo4YrvGs0zU1SVvxHwXm3%2FFfH3WxspgJGrVYtIwI%2FcZGL5%2FyEz3H%2Bffvke%2FXbgVWtsw9049avQyhfyou5n%2BnOdwo6GaFX41ZpbHS5mNkkmASMXMQ4UTJfW8"}],"group":"cf-nel","max_age":604800}', 'NEL': '{"success_fraction":0,"report_to":"cf-nel","max_age":604800}', 'Server': 'cloudflare', 'CF-RAY': '8aab032c7ecc236d-SJC', 'alt-svc': 'h3=":443"; ma=86400'} 
 body={"results":[{"gender":"female","name":{"title":"Ms","first":"Caroline","last":"Horton"},"location":{"street":{"number":2338,"name":"Manchester Road"},"city":"Liverpool","state":"Oxfordshire","country":"United Kingdom","postcode":"SR0 7FG","coordinates":{"latitude":"-10.5480","longitude":"118.7496"},"timezone":{"offset":"-6:00","description":"Central Time (US &amp; Canada), Mexico City"}},"email":"caroline.horton@example.com","login":{"uuid":"36b3368b-001b-4efa-8562-e037f9786e4f","username":"bluetiger108","password":"hans","salt":"bgQ60PWw","md5":"f5c9ab6566249a0dccac227ed31a3945","sha1":"3801c80dc7ecc3b70c097a4998d99a6089c36b6c","sha256":"b902a8e0314949b6f6a84383b23bff3d2bfd45816a4ba6b236a70870e9b9e1f3"},"dob":{"date":"1957-04-07T17:55:56.440Z","age":67},"registered":{"date":"2011-09-22T01:32:10.641Z","age":12},"phone":"016973 82439","cell":"07766 093235","id":{"name":"NINO","value":"AW 36 06 08 M"},"picture":{"large":"https://randomuser.me/api/portraits/women/95.jpg","medium":"https://randomuser.me/api/portraits/med/women/95.jpg","thumbnail":"https://randomuser.me/api/portraits/thumb/women/95.jpg"},"nat":"GB"}],"info":{"seed":"d99af303778f3901","results":1,"page":1,"version":"1.4"}} 
 </msg>
<msg time="2024-07-29T06:22:04.337344" level="INFO">/opt/hostedtoolcache/Python/3.12.4/x64/lib/python3.12/site-packages/urllib3/connectionpool.py:1099: InsecureRequestWarning: Unverified HTTPS request is being made to host 'randomuser.me'. Adding certificate verification is strongly advised. See: https://urllib3.readthedocs.io/en/latest/advanced-usage.html#tls-warnings
  warnings.warn(</msg>
<msg time="2024-07-29T06:22:04.337487" level="INFO">${response} = &lt;Response [200]&gt;</msg>
<var>${response}</var>
<arg>consultarAPI</arg>
<arg>/api</arg>
<doc>Sends a GET request on a previously created HTTP Session.</doc>
<status status="PASS" start="2024-07-29T06:22:04.202556" elapsed="0.134975"/>
</kw>
<kw name="Should Be Equal As Numbers" owner="BuiltIn">
<msg time="2024-07-29T06:22:04.338706" level="INFO">Argument types are:
&lt;class 'int'&gt;
&lt;class 'str'&gt;</msg>
<arg>${response.status_code}</arg>
<arg>200</arg>
<doc>Fails if objects are unequal after converting them to real numbers.</doc>
<status status="PASS" start="2024-07-29T06:22:04.338197" elapsed="0.000613"/>
</kw>
<kw name="Log" owner="BuiltIn">
<msg time="2024-07-29T06:22:04.339493" level="INFO">200</msg>
<arg>${response.status_code}</arg>
<doc>Logs the given message with the given level.</doc>
<status status="PASS" start="2024-07-29T06:22:04.339144" elapsed="0.000392"/>
</kw>
<kw name="Set Variable" owner="BuiltIn">
<msg time="2024-07-29T06:22:04.340283" level="INFO">${json_data} = {'results': [{'gender': 'female', 'name': {'title': 'Ms', 'first': 'Caroline', 'last': 'Horton'}, 'location': {'street': {'number': 2338, 'name': 'Manchester Road'}, 'city': 'Liverpool', 'state': 'Oxf...</msg>
<var>${json_data}</var>
<arg>${response.json()}</arg>
<doc>Returns the given values which can then be assigned to a variables.</doc>
<status status="PASS" start="2024-07-29T06:22:04.339849" elapsed="0.000462"/>
</kw>
<kw name="Dictionary Should Contain Key" owner="Collections">
<arg>${json_data}</arg>
<arg>results</arg>
<doc>Fails if ``key`` is not found from ``dictionary``.</doc>
<status status="PASS" start="2024-07-29T06:22:04.340611" elapsed="0.000320"/>
</kw>
<status status="PASS" start="2024-07-29T06:22:04.202313" elapsed="0.138775"/>
</kw>
<doc>Testa se a API responde corretamente e retorna um objeto JSON válido.</doc>
<tag>testeRequisicaoBasica</tag>
<status status="PASS" start="2024-07-29T06:22:04.201755" elapsed="0.139506"/>
</test>
<test id="s1-s1-t3" name="Validar estrutura de resposta" line="22">
<kw name="Teste de Estrutura de Resposta" owner="random-user-service">
<kw name="GET On Session" owner="RequestsLibrary">
<msg time="2024-07-29T06:22:04.433506" level="INFO">GET Request : url=https://randomuser.me/api 
 path_url=/api 
 headers={'User-Agent': 'python-requests/2.32.3', 'Accept-Encoding': 'gzip, deflate', 'Accept': '*/*', 'Connection': 'keep-alive'} 
 body=None 
 </msg>
<msg time="2024-07-29T06:22:04.433608" level="INFO">GET Response : url=https://randomuser.me/api 
 status=200, reason=OK 
 headers={'Date': 'Mon, 29 Jul 2024 06:22:04 GMT', 'Content-Type': 'application/json; charset=utf-8', 'Transfer-Encoding': 'chunked', 'Connection': 'keep-alive', 'X-Powered-By': 'Express', 'Access-Control-Allow-Origin': '*', 'Cache-Control': 'no-cache', 'ETag': 'W/"48a-QWCLJGcBypCvu6TYxVHmAchoIIo"', 'Vary': 'Accept-Encoding', 'Content-Encoding': 'gzip', 'CF-Cache-Status': 'DYNAMIC', 'Report-To': '{"endpoints":[{"url":"https:\\/\\/a.nel.cloudflare.com\\/report\\/v4?s=tctty%2BbDKM8Ts4jN6TfCagzY8yPdmhwrx5R68OsOFbappzvGW9t92%2Bx64YqSDLbZUB22i49wfbDfSBSl9PryzE94b0GVjI%2FcpJ2Oq%2BcjCT0Bd7%2Ft%2FFhyEM%2BQuDieKlNH"}],"group":"cf-nel","max_age":604800}', 'NEL': '{"success_fraction":0,"report_to":"cf-nel","max_age":604800}', 'Server': 'cloudflare', 'CF-RAY': '8aab032d2f92236d-SJC', 'alt-svc': 'h3=":443"; ma=86400'} 
 body={"results":[{"gender":"male","name":{"title":"Mr","first":"Elliot","last":"Kvia"},"location":{"street":{"number":9387,"name":"Dag Hammarskjölds vei"},"city":"Fitjar","state":"Finnmark - Finnmárku","country":"Norway","postcode":"4096","coordinates":{"latitude":"46.7890","longitude":"-18.5255"},"timezone":{"offset":"-8:00","description":"Pacific Time (US &amp; Canada)"}},"email":"elliot.kvia@example.com","login":{"uuid":"372f223e-9992-4038-b8d7-e98435ce0d07","username":"smallladybug913","password":"lady","salt":"JKLldnH9","md5":"2f04ae5445bc0608e75e4c2dfbbe825c","sha1":"c4a2a889a59a12c4cf60c943bf2bd529a3328212","sha256":"d31b59ff7284e96daadc3a2e16a6bdb9fa8305bb0f89595d0559001af75029f3"},"dob":{"date":"1978-09-03T15:25:44.916Z","age":45},"registered":{"date":"2013-04-09T08:48:13.809Z","age":11},"phone":"33780804","cell":"47345651","id":{"name":"FN","value":"03097812712"},"picture":{"large":"https://randomuser.me/api/portraits/men/29.jpg","medium":"https://randomuser.me/api/portraits/med/men/29.jpg","thumbnail":"https://randomuser.me/api/portraits/thumb/men/29.jpg"},"nat":"NO"}],"info":{"seed":"00b5b8026bc24008","results":1,"page":1,"version":"1.4"}} 
 </msg>
<msg time="2024-07-29T06:22:04.433741" level="INFO">/opt/hostedtoolcache/Python/3.12.4/x64/lib/python3.12/site-packages/urllib3/connectionpool.py:1099: InsecureRequestWarning: Unverified HTTPS request is being made to host 'randomuser.me'. Adding certificate verification is strongly advised. See: https://urllib3.readthedocs.io/en/latest/advanced-usage.html#tls-warnings
  warnings.warn(</msg>
<msg time="2024-07-29T06:22:04.433877" level="INFO">${response} = &lt;Response [200]&gt;</msg>
<var>${response}</var>
<arg>consultarAPI</arg>
<arg>/api</arg>
<doc>Sends a GET request on a previously created HTTP Session.</doc>
<status status="PASS" start="2024-07-29T06:22:04.343976" elapsed="0.089942"/>
</kw>
<kw name="Set Variable" owner="BuiltIn">
<msg time="2024-07-29T06:22:04.435131" level="INFO">${json_data} = {'results': [{'gender': 'male', 'name': {'title': 'Mr', 'first': 'Elliot', 'last': 'Kvia'}, 'location': {'street': {'number': 9387, 'name': 'Dag Hammarskjölds vei'}, 'city': 'Fitjar', 'state': 'Finnma...</msg>
<var>${json_data}</var>
<arg>${response.json()}</arg>
<doc>Returns the given values which can then be assigned to a variables.</doc>
<status status="PASS" start="2024-07-29T06:22:04.434522" elapsed="0.000640"/>
</kw>
<kw name="Log" owner="BuiltIn">
<msg time="2024-07-29T06:22:04.435645" level="INFO">{'results': [{'gender': 'male', 'name': {'title': 'Mr', 'first': 'Elliot', 'last': 'Kvia'}, 'location': {'street': {'number': 9387, 'name': 'Dag Hammarskjölds vei'}, 'city': 'Fitjar', 'state': 'Finnmark - Finnmárku', 'country': 'Norway', 'postcode': '4096', 'coordinates': {'latitude': '46.7890', 'longitude': '-18.5255'}, 'timezone': {'offset': '-8:00', 'description': 'Pacific Time (US &amp; Canada)'}}, 'email': 'elliot.kvia@example.com', 'login': {'uuid': '372f223e-9992-4038-b8d7-e98435ce0d07', 'username': 'smallladybug913', 'password': 'lady', 'salt': 'JKLldnH9', 'md5': '2f04ae5445bc0608e75e4c2dfbbe825c', 'sha1': 'c4a2a889a59a12c4cf60c943bf2bd529a3328212', 'sha256': 'd31b59ff7284e96daadc3a2e16a6bdb9fa8305bb0f89595d0559001af75029f3'}, 'dob': {'date': '1978-09-03T15:25:44.916Z', 'age': 45}, 'registered': {'date': '2013-04-09T08:48:13.809Z', 'age': 11}, 'phone': '33780804', 'cell': '47345651', 'id': {'name': 'FN', 'value': '03097812712'}, 'picture': {'large': 'https://randomuser.me/api/portraits/men/29.jpg', 'medium': 'https://randomuser.me/api/portraits/med/men/29.jpg', 'thumbnail': 'https://randomuser.me/api/portraits/thumb/men/29.jpg'}, 'nat': 'NO'}], 'info': {'seed': '00b5b8026bc24008', 'results': 1, 'page': 1, 'version': '1.4'}}</msg>
<arg>${json_data}</arg>
<doc>Logs the given message with the given level.</doc>
<status status="PASS" start="2024-07-29T06:22:04.435476" elapsed="0.000221"/>
</kw>
<kw name="Dictionary Should Contain Key" owner="Collections">
<arg>${json_data}</arg>
<arg>results</arg>
<doc>Fails if ``key`` is not found from ``dictionary``.</doc>
<status status="PASS" start="2024-07-29T06:22:04.435993" elapsed="0.000171"/>
</kw>
<kw name="Should Not Be Empty" owner="BuiltIn">
<msg time="2024-07-29T06:22:04.436474" level="INFO">Length is 2.</msg>
<arg>${json_data}</arg>
<doc>Verifies that the given item is not empty.</doc>
<status status="PASS" start="2024-07-29T06:22:04.436349" elapsed="0.000162"/>
</kw>
<kw name="Create List" owner="BuiltIn">
<msg time="2024-07-29T06:22:04.436957" level="INFO">${expected_keys} = ['gender', 'name', 'location', 'email', 'login']</msg>
<var>${expected_keys}</var>
<arg>gender</arg>
<arg>name</arg>
<arg>location</arg>
<arg>email</arg>
<arg>login</arg>
<doc>Returns a list containing given items.</doc>
<status status="PASS" start="2024-07-29T06:22:04.436801" elapsed="0.000180"/>
</kw>
<for flavor="IN">
<iter>
<kw name="Dictionary Should Contain Key" owner="Collections">
<arg>${json_data['results'][0]}</arg>
<arg>${key}</arg>
<doc>Fails if ``key`` is not found from ``dictionary``.</doc>
<status status="PASS" start="2024-07-29T06:22:04.437564" elapsed="0.000411"/>
</kw>
<kw name="Log" owner="BuiltIn">
<msg time="2024-07-29T06:22:04.438528" level="INFO">{'gender': 'male', 'name': {'title': 'Mr', 'first': 'Elliot', 'last': 'Kvia'}, 'location': {'street': {'number': 9387, 'name': 'Dag Hammarskjölds vei'}, 'city': 'Fitjar', 'state': 'Finnmark - Finnmárku', 'country': 'Norway', 'postcode': '4096', 'coordinates': {'latitude': '46.7890', 'longitude': '-18.5255'}, 'timezone': {'offset': '-8:00', 'description': 'Pacific Time (US &amp; Canada)'}}, 'email': 'elliot.kvia@example.com', 'login': {'uuid': '372f223e-9992-4038-b8d7-e98435ce0d07', 'username': 'smallladybug913', 'password': 'lady', 'salt': 'JKLldnH9', 'md5': '2f04ae5445bc0608e75e4c2dfbbe825c', 'sha1': 'c4a2a889a59a12c4cf60c943bf2bd529a3328212', 'sha256': 'd31b59ff7284e96daadc3a2e16a6bdb9fa8305bb0f89595d0559001af75029f3'}, 'dob': {'date': '1978-09-03T15:25:44.916Z', 'age': 45}, 'registered': {'date': '2013-04-09T08:48:13.809Z', 'age': 11}, 'phone': '33780804', 'cell': '47345651', 'id': {'name': 'FN', 'value': '03097812712'}, 'picture': {'large': 'https://randomuser.me/api/portraits/men/29.jpg', 'medium': 'https://randomuser.me/api/portraits/med/men/29.jpg', 'thumbnail': 'https://randomuser.me/api/portraits/thumb/men/29.jpg'}, 'nat': 'NO'}</msg>
<arg>${json_data['results'][0]}</arg>
<doc>Logs the given message with the given level.</doc>
<status status="PASS" start="2024-07-29T06:22:04.438166" elapsed="0.000414"/>
</kw>
<kw name="Log" owner="BuiltIn">
<msg time="2024-07-29T06:22:04.439041" level="INFO">gender</msg>
<arg>${key}</arg>
<doc>Logs the given message with the given level.</doc>
<status status="PASS" start="2024-07-29T06:22:04.438908" elapsed="0.000171"/>
</kw>
<var name="${key}">gender</var>
<status status="PASS" start="2024-07-29T06:22:04.437437" elapsed="0.001861"/>
</iter>
<iter>
<kw name="Dictionary Should Contain Key" owner="Collections">
<arg>${json_data['results'][0]}</arg>
<arg>${key}</arg>
<doc>Fails if ``key`` is not found from ``dictionary``.</doc>
<status status="PASS" start="2024-07-29T06:22:04.439592" elapsed="0.000389"/>
</kw>
<kw name="Log" owner="BuiltIn">
<msg time="2024-07-29T06:22:04.440521" level="INFO">{'gender': 'male', 'name': {'title': 'Mr', 'first': 'Elliot', 'last': 'Kvia'}, 'location': {'street': {'number': 9387, 'name': 'Dag Hammarskjölds vei'}, 'city': 'Fitjar', 'state': 'Finnmark - Finnmárku', 'country': 'Norway', 'postcode': '4096', 'coordinates': {'latitude': '46.7890', 'longitude': '-18.5255'}, 'timezone': {'offset': '-8:00', 'description': 'Pacific Time (US &amp; Canada)'}}, 'email': 'elliot.kvia@example.com', 'login': {'uuid': '372f223e-9992-4038-b8d7-e98435ce0d07', 'username': 'smallladybug913', 'password': 'lady', 'salt': 'JKLldnH9', 'md5': '2f04ae5445bc0608e75e4c2dfbbe825c', 'sha1': 'c4a2a889a59a12c4cf60c943bf2bd529a3328212', 'sha256': 'd31b59ff7284e96daadc3a2e16a6bdb9fa8305bb0f89595d0559001af75029f3'}, 'dob': {'date': '1978-09-03T15:25:44.916Z', 'age': 45}, 'registered': {'date': '2013-04-09T08:48:13.809Z', 'age': 11}, 'phone': '33780804', 'cell': '47345651', 'id': {'name': 'FN', 'value': '03097812712'}, 'picture': {'large': 'https://randomuser.me/api/portraits/men/29.jpg', 'medium': 'https://randomuser.me/api/portraits/med/men/29.jpg', 'thumbnail': 'https://randomuser.me/api/portraits/thumb/men/29.jpg'}, 'nat': 'NO'}</msg>
<arg>${json_data['results'][0]}</arg>
<doc>Logs the given message with the given level.</doc>
<status status="PASS" start="2024-07-29T06:22:04.440161" elapsed="0.000445"/>
</kw>
<kw name="Log" owner="BuiltIn">
<msg time="2024-07-29T06:22:04.441041" level="INFO">name</msg>
<arg>${key}</arg>
<doc>Logs the given message with the given level.</doc>
<status status="PASS" start="2024-07-29T06:22:04.440913" elapsed="0.000165"/>
</kw>
<var name="${key}">name</var>
<status status="PASS" start="2024-07-29T06:22:04.439481" elapsed="0.001812"/>
</iter>
<iter>
<kw name="Dictionary Should Contain Key" owner="Collections">
<arg>${json_data['results'][0]}</arg>
<arg>${key}</arg>
<doc>Fails if ``key`` is not found from ``dictionary``.</doc>
<status status="PASS" start="2024-07-29T06:22:04.441572" elapsed="0.000379"/>
</kw>
<kw name="Log" owner="BuiltIn">
<msg time="2024-07-29T06:22:04.442487" level="INFO">{'gender': 'male', 'name': {'title': 'Mr', 'first': 'Elliot', 'last': 'Kvia'}, 'location': {'street': {'number': 9387, 'name': 'Dag Hammarskjölds vei'}, 'city': 'Fitjar', 'state': 'Finnmark - Finnmárku', 'country': 'Norway', 'postcode': '4096', 'coordinates': {'latitude': '46.7890', 'longitude': '-18.5255'}, 'timezone': {'offset': '-8:00', 'description': 'Pacific Time (US &amp; Canada)'}}, 'email': 'elliot.kvia@example.com', 'login': {'uuid': '372f223e-9992-4038-b8d7-e98435ce0d07', 'username': 'smallladybug913', 'password': 'lady', 'salt': 'JKLldnH9', 'md5': '2f04ae5445bc0608e75e4c2dfbbe825c', 'sha1': 'c4a2a889a59a12c4cf60c943bf2bd529a3328212', 'sha256': 'd31b59ff7284e96daadc3a2e16a6bdb9fa8305bb0f89595d0559001af75029f3'}, 'dob': {'date': '1978-09-03T15:25:44.916Z', 'age': 45}, 'registered': {'date': '2013-04-09T08:48:13.809Z', 'age': 11}, 'phone': '33780804', 'cell': '47345651', 'id': {'name': 'FN', 'value': '03097812712'}, 'picture': {'large': 'https://randomuser.me/api/portraits/men/29.jpg', 'medium': 'https://randomuser.me/api/portraits/med/men/29.jpg', 'thumbnail': 'https://randomuser.me/api/portraits/thumb/men/29.jpg'}, 'nat': 'NO'}</msg>
<arg>${json_data['results'][0]}</arg>
<doc>Logs the given message with the given level.</doc>
<status status="PASS" start="2024-07-29T06:22:04.442137" elapsed="0.000400"/>
</kw>
<kw name="Log" owner="BuiltIn">
<msg time="2024-07-29T06:22:04.443003" level="INFO">location</msg>
<arg>${key}</arg>
<doc>Logs the given message with the given level.</doc>
<status status="PASS" start="2024-07-29T06:22:04.442867" elapsed="0.000173"/>
</kw>
<var name="${key}">location</var>
<status status="PASS" start="2024-07-29T06:22:04.441467" elapsed="0.001792"/>
</iter>
<iter>
<kw name="Dictionary Should Contain Key" owner="Collections">
<arg>${json_data['results'][0]}</arg>
<arg>${key}</arg>
<doc>Fails if ``key`` is not found from ``dictionary``.</doc>
<status status="PASS" start="2024-07-29T06:22:04.443532" elapsed="0.000386"/>
</kw>
<kw name="Log" owner="BuiltIn">
<msg time="2024-07-29T06:22:04.444578" level="INFO">{'gender': 'male', 'name': {'title': 'Mr', 'first': 'Elliot', 'last': 'Kvia'}, 'location': {'street': {'number': 9387, 'name': 'Dag Hammarskjölds vei'}, 'city': 'Fitjar', 'state': 'Finnmark - Finnmárku', 'country': 'Norway', 'postcode': '4096', 'coordinates': {'latitude': '46.7890', 'longitude': '-18.5255'}, 'timezone': {'offset': '-8:00', 'description': 'Pacific Time (US &amp; Canada)'}}, 'email': 'elliot.kvia@example.com', 'login': {'uuid': '372f223e-9992-4038-b8d7-e98435ce0d07', 'username': 'smallladybug913', 'password': 'lady', 'salt': 'JKLldnH9', 'md5': '2f04ae5445bc0608e75e4c2dfbbe825c', 'sha1': 'c4a2a889a59a12c4cf60c943bf2bd529a3328212', 'sha256': 'd31b59ff7284e96daadc3a2e16a6bdb9fa8305bb0f89595d0559001af75029f3'}, 'dob': {'date': '1978-09-03T15:25:44.916Z', 'age': 45}, 'registered': {'date': '2013-04-09T08:48:13.809Z', 'age': 11}, 'phone': '33780804', 'cell': '47345651', 'id': {'name': 'FN', 'value': '03097812712'}, 'picture': {'large': 'https://randomuser.me/api/portraits/men/29.jpg', 'medium': 'https://randomuser.me/api/portraits/med/men/29.jpg', 'thumbnail': 'https://randomuser.me/api/portraits/thumb/men/29.jpg'}, 'nat': 'NO'}</msg>
<arg>${json_data['results'][0]}</arg>
<doc>Logs the given message with the given level.</doc>
<status status="PASS" start="2024-07-29T06:22:04.444222" elapsed="0.000407"/>
</kw>
<kw name="Log" owner="BuiltIn">
<msg time="2024-07-29T06:22:04.445051" level="INFO">email</msg>
<arg>${key}</arg>
<doc>Logs the given message with the given level.</doc>
<status status="PASS" start="2024-07-29T06:22:04.444922" elapsed="0.000167"/>
</kw>
<var name="${key}">email</var>
<status status="PASS" start="2024-07-29T06:22:04.443426" elapsed="0.001878"/>
</iter>
<iter>
<kw name="Dictionary Should Contain Key" owner="Collections">
<arg>${json_data['results'][0]}</arg>
<arg>${key}</arg>
<doc>Fails if ``key`` is not found from ``dictionary``.</doc>
<status status="PASS" start="2024-07-29T06:22:04.445580" elapsed="0.000372"/>
</kw>
<kw name="Log" owner="BuiltIn">
<msg time="2024-07-29T06:22:04.446485" level="INFO">{'gender': 'male', 'name': {'title': 'Mr', 'first': 'Elliot', 'last': 'Kvia'}, 'location': {'street': {'number': 9387, 'name': 'Dag Hammarskjölds vei'}, 'city': 'Fitjar', 'state': 'Finnmark - Finnmárku', 'country': 'Norway', 'postcode': '4096', 'coordinates': {'latitude': '46.7890', 'longitude': '-18.5255'}, 'timezone': {'offset': '-8:00', 'description': 'Pacific Time (US &amp; Canada)'}}, 'email': 'elliot.kvia@example.com', 'login': {'uuid': '372f223e-9992-4038-b8d7-e98435ce0d07', 'username': 'smallladybug913', 'password': 'lady', 'salt': 'JKLldnH9', 'md5': '2f04ae5445bc0608e75e4c2dfbbe825c', 'sha1': 'c4a2a889a59a12c4cf60c943bf2bd529a3328212', 'sha256': 'd31b59ff7284e96daadc3a2e16a6bdb9fa8305bb0f89595d0559001af75029f3'}, 'dob': {'date': '1978-09-03T15:25:44.916Z', 'age': 45}, 'registered': {'date': '2013-04-09T08:48:13.809Z', 'age': 11}, 'phone': '33780804', 'cell': '47345651', 'id': {'name': 'FN', 'value': '03097812712'}, 'picture': {'large': 'https://randomuser.me/api/portraits/men/29.jpg', 'medium': 'https://randomuser.me/api/portraits/med/men/29.jpg', 'thumbnail': 'https://randomuser.me/api/portraits/thumb/men/29.jpg'}, 'nat': 'NO'}</msg>
<arg>${json_data['results'][0]}</arg>
<doc>Logs the given message with the given level.</doc>
<status status="PASS" start="2024-07-29T06:22:04.446129" elapsed="0.000406"/>
</kw>
<kw name="Log" owner="BuiltIn">
<msg time="2024-07-29T06:22:04.446982" level="INFO">login</msg>
<arg>${key}</arg>
<doc>Logs the given message with the given level.</doc>
<status status="PASS" start="2024-07-29T06:22:04.446852" elapsed="0.000167"/>
</kw>
<var name="${key}">login</var>
<status status="PASS" start="2024-07-29T06:22:04.445474" elapsed="0.001758"/>
</iter>
<var>${key}</var>
<value>@{expected_keys}</value>
<status status="PASS" start="2024-07-29T06:22:04.437242" elapsed="0.010109"/>
</for>
<kw name="Create List" owner="BuiltIn">
<msg time="2024-07-29T06:22:04.447904" level="INFO">${expected_keysTwo} = ['username', 'password']</msg>
<var>${expected_keysTwo}</var>
<arg>username</arg>
<arg>password</arg>
<doc>Returns a list containing given items.</doc>
<status status="PASS" start="2024-07-29T06:22:04.447662" elapsed="0.000316"/>
</kw>
<for flavor="IN">
<iter>
<kw name="Dictionary Should Contain Key" owner="Collections">
<arg>${json_data['results'][0]['login']}</arg>
<arg>${keyTwo}</arg>
<doc>Fails if ``key`` is not found from ``dictionary``.</doc>
<status status="PASS" start="2024-07-29T06:22:04.448692" elapsed="0.000543"/>
</kw>
<kw name="Dictionary Should Contain Key" owner="Collections">
<arg>${json_data['results'][0]['login']}</arg>
<arg>${keyTwo}</arg>
<doc>Fails if ``key`` is not found from ``dictionary``.</doc>
<status status="PASS" start="2024-07-29T06:22:04.449483" elapsed="0.000543"/>
</kw>
<kw name="Log" owner="BuiltIn">
<msg time="2024-07-29T06:22:04.450421" level="INFO">username</msg>
<arg>${keyTwo}</arg>
<doc>Logs the given message with the given level.</doc>
<status status="PASS" start="2024-07-29T06:22:04.450268" elapsed="0.000202"/>
</kw>
<var name="${keyTwo}">username</var>
<status status="PASS" start="2024-07-29T06:22:04.448546" elapsed="0.002219"/>
</iter>
<iter>
<kw name="Dictionary Should Contain Key" owner="Collections">
<arg>${json_data['results'][0]['login']}</arg>
<arg>${keyTwo}</arg>
<doc>Fails if ``key`` is not found from ``dictionary``.</doc>
<status status="PASS" start="2024-07-29T06:22:04.451093" elapsed="0.000378"/>
</kw>
<kw name="Dictionary Should Contain Key" owner="Collections">
<arg>${json_data['results'][0]['login']}</arg>
<arg>${keyTwo}</arg>
<doc>Fails if ``key`` is not found from ``dictionary``.</doc>
<status status="PASS" start="2024-07-29T06:22:04.451647" elapsed="0.000371"/>
</kw>
<kw name="Log" owner="BuiltIn">
<msg time="2024-07-29T06:22:04.452313" level="INFO">password</msg>
<arg>${keyTwo}</arg>
<doc>Logs the given message with the given level.</doc>
<status status="PASS" start="2024-07-29T06:22:04.452190" elapsed="0.000159"/>
</kw>
<var name="${keyTwo}">password</var>
<status status="PASS" start="2024-07-29T06:22:04.450979" elapsed="0.001587"/>
</iter>
<var>${keyTwo}</var>
<value>@{expected_keysTwo}</value>
<status status="PASS" start="2024-07-29T06:22:04.448313" elapsed="0.004373"/>
</for>
<status status="PASS" start="2024-07-29T06:22:04.343741" elapsed="0.109086"/>
</kw>
<doc>Testa a estrutura da resposta da API.</doc>
<tag>testeEstruturaResposta</tag>
<status status="PASS" start="2024-07-29T06:22:04.343123" elapsed="0.109869"/>
</test>
<test id="s1-s1-t4" name="Validar tipos de dados" line="28">
<kw name="Teste de Tipos de Dados" owner="random-user-service">
<kw name="GET On Session" owner="RequestsLibrary">
<msg time="2024-07-29T06:22:04.555127" level="INFO">GET Request : url=https://randomuser.me/api 
 path_url=/api 
 headers={'User-Agent': 'python-requests/2.32.3', 'Accept-Encoding': 'gzip, deflate', 'Accept': '*/*', 'Connection': 'keep-alive'} 
 body=None 
 </msg>
<msg time="2024-07-29T06:22:04.555229" level="INFO">GET Response : url=https://randomuser.me/api 
 status=200, reason=OK 
 headers={'Date': 'Mon, 29 Jul 2024 06:22:04 GMT', 'Content-Type': 'application/json; charset=utf-8', 'Transfer-Encoding': 'chunked', 'Connection': 'keep-alive', 'X-Powered-By': 'Express', 'Access-Control-Allow-Origin': '*', 'Cache-Control': 'no-cache', 'ETag': 'W/"498-6GGzjJ6ylPEzuWET3EC8mWo2oVQ"', 'Vary': 'Accept-Encoding', 'Content-Encoding': 'gzip', 'CF-Cache-Status': 'DYNAMIC', 'Report-To': '{"endpoints":[{"url":"https:\\/\\/a.nel.cloudflare.com\\/report\\/v4?s=u8J0ruFFj%2FSWakB6JGWHxUHQHms1mfyYoXxvEkoEhNrj8UxRNhii3JGUH7LmJGTBMyw7IipECHtR7CWK9HNfGP%2B%2Bv7kYil0F8pBaCArOT9I5Pe8BODDwkH3lR3Dudh9q"}],"group":"cf-nel","max_age":604800}', 'NEL': '{"success_fraction":0,"report_to":"cf-nel","max_age":604800}', 'Server': 'cloudflare', 'CF-RAY': '8aab032dd836236d-SJC', 'alt-svc': 'h3=":443"; ma=86400'} 
 body={"results":[{"gender":"male","name":{"title":"Mr","first":"Alexis","last":"Gagné"},"location":{"street":{"number":359,"name":"15th St"},"city":"Jasper","state":"Newfoundland and Labrador","country":"Canada","postcode":"X6T 6H7","coordinates":{"latitude":"-69.9123","longitude":"-60.3608"},"timezone":{"offset":"-5:00","description":"Eastern Time (US &amp; Canada), Bogota, Lima"}},"email":"alexis.gagne@example.com","login":{"uuid":"1540075b-da86-4c22-bce3-0c590adde362","username":"tinyduck137","password":"shojou","salt":"1OIzXljR","md5":"2435c94d5857dcb98483139a9e88cae6","sha1":"5a471d699e15fec8f60556d8a02a0a3b427c58a1","sha256":"93c4e77b4ea39598bb7cf830c130d6d858cd00d8ebdc2f49c74a8e565687e149"},"dob":{"date":"1988-01-07T09:11:15.392Z","age":36},"registered":{"date":"2008-12-19T19:20:25.434Z","age":15},"phone":"A68 W92-4192","cell":"H41 V90-9762","id":{"name":"SIN","value":"292761905"},"picture":{"large":"https://randomuser.me/api/portraits/men/57.jpg","medium":"https://randomuser.me/api/portraits/med/men/57.jpg","thumbnail":"https://randomuser.me/api/portraits/thumb/men/57.jpg"},"nat":"CA"}],"info":{"seed":"e494e6075866e00d","results":1,"page":1,"version":"1.4"}} 
 </msg>
<msg time="2024-07-29T06:22:04.555300" level="INFO">/opt/hostedtoolcache/Python/3.12.4/x64/lib/python3.12/site-packages/urllib3/connectionpool.py:1099: InsecureRequestWarning: Unverified HTTPS request is being made to host 'randomuser.me'. Adding certificate verification is strongly advised. See: https://urllib3.readthedocs.io/en/latest/advanced-usage.html#tls-warnings
  warnings.warn(</msg>
<msg time="2024-07-29T06:22:04.555426" level="INFO">${response} = &lt;Response [200]&gt;</msg>
<var>${response}</var>
<arg>consultarAPI</arg>
<arg>/api</arg>
<doc>Sends a GET request on a previously created HTTP Session.</doc>
<status status="PASS" start="2024-07-29T06:22:04.455423" elapsed="0.100044"/>
</kw>
<kw name="Set Variable" owner="BuiltIn">
<msg time="2024-07-29T06:22:04.556688" level="INFO">${json_data} = {'results': [{'gender': 'male', 'name': {'title': 'Mr', 'first': 'Alexis', 'last': 'Gagné'}, 'location': {'street': {'number': 359, 'name': '15th St'}, 'city': 'Jasper', 'state': 'Newfoundland and Lab...</msg>
<var>${json_data}</var>
<arg>${response.json()}</arg>
<doc>Returns the given values which can then be assigned to a variables.</doc>
<status status="PASS" start="2024-07-29T06:22:04.556083" elapsed="0.000635"/>
</kw>
<kw name="Log" owner="BuiltIn">
<msg time="2024-07-29T06:22:04.557192" level="INFO">{'results': [{'gender': 'male', 'name': {'title': 'Mr', 'first': 'Alexis', 'last': 'Gagné'}, 'location': {'street': {'number': 359, 'name': '15th St'}, 'city': 'Jasper', 'state': 'Newfoundland and Labrador', 'country': 'Canada', 'postcode': 'X6T 6H7', 'coordinates': {'latitude': '-69.9123', 'longitude': '-60.3608'}, 'timezone': {'offset': '-5:00', 'description': 'Eastern Time (US &amp; Canada), Bogota, Lima'}}, 'email': 'alexis.gagne@example.com', 'login': {'uuid': '1540075b-da86-4c22-bce3-0c590adde362', 'username': 'tinyduck137', 'password': 'shojou', 'salt': '1OIzXljR', 'md5': '2435c94d5857dcb98483139a9e88cae6', 'sha1': '5a471d699e15fec8f60556d8a02a0a3b427c58a1', 'sha256': '93c4e77b4ea39598bb7cf830c130d6d858cd00d8ebdc2f49c74a8e565687e149'}, 'dob': {'date': '1988-01-07T09:11:15.392Z', 'age': 36}, 'registered': {'date': '2008-12-19T19:20:25.434Z', 'age': 15}, 'phone': 'A68 W92-4192', 'cell': 'H41 V90-9762', 'id': {'name': 'SIN', 'value': '292761905'}, 'picture': {'large': 'https://randomuser.me/api/portraits/men/57.jpg', 'medium': 'https://randomuser.me/api/portraits/med/men/57.jpg', 'thumbnail': 'https://randomuser.me/api/portraits/thumb/men/57.jpg'}, 'nat': 'CA'}], 'info': {'seed': 'e494e6075866e00d', 'results': 1, 'page': 1, 'version': '1.4'}}</msg>
<arg>${json_data}</arg>
<doc>Logs the given message with the given level.</doc>
<status status="PASS" start="2024-07-29T06:22:04.557032" elapsed="0.000210"/>
</kw>
<kw name="Should Be String" owner="String">
<arg>${json_data['results'][0]['gender']}</arg>
<doc>Fails if the given ``item`` is not a string.</doc>
<status status="PASS" start="2024-07-29T06:22:04.557536" elapsed="0.000369"/>
</kw>
<kw name="Should Match Regexp" owner="BuiltIn">
<arg>${json_data['results'][0]['email']}</arg>
<arg>^[a-zA-Z0-9._%+-]+@[a-zA-Z0-9.-]+\.[a-zA-Z]{2,}$</arg>
<doc>Fails if ``string`` does not match ``pattern`` as a regular expression.</doc>
<status status="PASS" start="2024-07-29T06:22:04.558094" elapsed="0.000568"/>
</kw>
<kw name="Should Match Regexp" owner="BuiltIn">
<arg>${json_data['results'][0]['dob']['date']}</arg>
<arg>\\d{4}-\\d{2}-\\d{2}T\\d{2}:\\d{2}:\\d{2}\\.\\d{3}Z</arg>
<doc>Fails if ``string`` does not match ``pattern`` as a regular expression.</doc>
<status status="PASS" start="2024-07-29T06:22:04.558899" elapsed="0.000639"/>
</kw>
<kw name="Should Match Regexp" owner="BuiltIn">
<arg>${json_data['results'][0]['registered']['date']}</arg>
<arg>\\d{4}-\\d{2}-\\d{2}T\\d{2}:\\d{2}:\\d{2}\\.\\d{3}Z</arg>
<doc>Fails if ``string`` does not match ``pattern`` as a regular expression.</doc>
<status status="PASS" start="2024-07-29T06:22:04.559731" elapsed="0.000372"/>
</kw>
<kw name="Should Match Regexp" owner="BuiltIn">
<arg>${json_data['results'][0]['picture']['large']}</arg>
<arg>^https?://.*\.(?:png|jpe?g|gif|bmp)$</arg>
<doc>Fails if ``string`` does not match ``pattern`` as a regular expression.</doc>
<status status="PASS" start="2024-07-29T06:22:04.560288" elapsed="0.000462"/>
</kw>
<kw name="Should Match Regexp" owner="BuiltIn">
<arg>${json_data['results'][0]['picture']['medium']}</arg>
<arg>^https?://.*\.(?:png|jpe?g|gif|bmp)$</arg>
<doc>Fails if ``string`` does not match ``pattern`` as a regular expression.</doc>
<status status="PASS" start="2024-07-29T06:22:04.560934" elapsed="0.000354"/>
</kw>
<kw name="Should Match Regexp" owner="BuiltIn">
<arg>${json_data['results'][0]['picture']['thumbnail']}</arg>
<arg>^https?://.*\.(?:png|jpe?g|gif|bmp)$</arg>
<doc>Fails if ``string`` does not match ``pattern`` as a regular expression.</doc>
<status status="PASS" start="2024-07-29T06:22:04.561468" elapsed="0.000345"/>
</kw>
<kw name="Log" owner="BuiltIn">
<msg time="2024-07-29T06:22:04.562315" level="INFO">{'large': 'https://randomuser.me/api/portraits/men/57.jpg', 'medium': 'https://randomuser.me/api/portraits/med/men/57.jpg', 'thumbnail': 'https://randomuser.me/api/portraits/thumb/men/57.jpg'}</msg>
<arg>${json_data['results'][0]['picture']}</arg>
<doc>Logs the given message with the given level.</doc>
<status status="PASS" start="2024-07-29T06:22:04.561992" elapsed="0.000365"/>
</kw>
<status status="PASS" start="2024-07-29T06:22:04.455198" elapsed="0.107434"/>
</kw>
<kw name="Teste de Tipos de Dados - Postcode" owner="random-user-service">
<kw name="GET On Session" owner="RequestsLibrary">
<msg time="2024-07-29T06:22:04.657762" level="INFO">GET Request : url=https://randomuser.me/api 
 path_url=/api 
 headers={'User-Agent': 'python-requests/2.32.3', 'Accept-Encoding': 'gzip, deflate', 'Accept': '*/*', 'Connection': 'keep-alive'} 
 body=None 
 </msg>
<msg time="2024-07-29T06:22:04.657859" level="INFO">GET Response : url=https://randomuser.me/api 
 status=200, reason=OK 
 headers={'Date': 'Mon, 29 Jul 2024 06:22:04 GMT', 'Content-Type': 'application/json; charset=utf-8', 'Transfer-Encoding': 'chunked', 'Connection': 'keep-alive', 'X-Powered-By': 'Express', 'Access-Control-Allow-Origin': '*', 'Cache-Control': 'no-cache', 'ETag': 'W/"49b-HYvUOKdkKjZAdzileYHft8478Jw"', 'Vary': 'Accept-Encoding', 'Content-Encoding': 'gzip', 'CF-Cache-Status': 'DYNAMIC', 'Report-To': '{"endpoints":[{"url":"https:\\/\\/a.nel.cloudflare.com\\/report\\/v4?s=2%2BdcsUC2suyRmDe5Sx9qRiOvXDGifDTuFuo5%2FPpixqIOu8Fg6VWkrMw6n8FImhIn1rRDsNJcy8hlq5AGmj02T%2ByVxsoRg9PC8yOngT0wqA1VtDdXFs2quu2pB%2BzK2Ab6"}],"group":"cf-nel","max_age":604800}', 'NEL': '{"success_fraction":0,"report_to":"cf-nel","max_age":604800}', 'Server': 'cloudflare', 'CF-RAY': '8aab032e88e3236d-SJC', 'alt-svc': 'h3=":443"; ma=86400'} 
 body={"results":[{"gender":"male","name":{"title":"Mr","first":"Muharrem","last":"Sievers"},"location":{"street":{"number":9557,"name":"Bergstraße"},"city":"Neuenhaus","state":"Niedersachsen","country":"Germany","postcode":60264,"coordinates":{"latitude":"-47.5835","longitude":"-62.8696"},"timezone":{"offset":"+8:00","description":"Beijing, Perth, Singapore, Hong Kong"}},"email":"muharrem.sievers@example.com","login":{"uuid":"bddf1988-177d-4ebd-9e0c-b520354a8ee1","username":"angrypeacock752","password":"tammy","salt":"gDEY3RYZ","md5":"aebaf8f6a58e8c700d7e92f9b356172b","sha1":"83708107e747b8b887455835d7bbbfce23bb1e8b","sha256":"356b673b49fec8979518d025102dd2e1c8992b5edb869514692cd301dd5959a5"},"dob":{"date":"1965-03-27T05:48:40.899Z","age":59},"registered":{"date":"2004-11-05T04:21:40.841Z","age":19},"phone":"0232-6588156","cell":"0174-2594535","id":{"name":"SVNR","value":"57 260365 S 431"},"picture":{"large":"https://randomuser.me/api/portraits/men/4.jpg","medium":"https://randomuser.me/api/portraits/med/men/4.jpg","thumbnail":"https://randomuser.me/api/portraits/thumb/men/4.jpg"},"nat":"DE"}],"info":{"seed":"a820a4c700eedcbe","results":1,"page":1,"version":"1.4"}} 
 </msg>
<msg time="2024-07-29T06:22:04.657929" level="INFO">/opt/hostedtoolcache/Python/3.12.4/x64/lib/python3.12/site-packages/urllib3/connectionpool.py:1099: InsecureRequestWarning: Unverified HTTPS request is being made to host 'randomuser.me'. Adding certificate verification is strongly advised. See: https://urllib3.readthedocs.io/en/latest/advanced-usage.html#tls-warnings
  warnings.warn(</msg>
<msg time="2024-07-29T06:22:04.658049" level="INFO">${response} = &lt;Response [200]&gt;</msg>
<var>${response}</var>
<arg>consultarAPI</arg>
<arg>/api</arg>
<doc>Sends a GET request on a previously created HTTP Session.</doc>
<status status="PASS" start="2024-07-29T06:22:04.563124" elapsed="0.094967"/>
</kw>
<kw name="Set Variable" owner="BuiltIn">
<msg time="2024-07-29T06:22:04.659308" level="INFO">${json_data} = {'results': [{'gender': 'male', 'name': {'title': 'Mr', 'first': 'Muharrem', 'last': 'Sievers'}, 'location': {'street': {'number': 9557, 'name': 'Bergstraße'}, 'city': 'Neuenhaus', 'state': 'Niedersac...</msg>
<var>${json_data}</var>
<arg>${response.json()}</arg>
<doc>Returns the given values which can then be assigned to a variables.</doc>
<status status="PASS" start="2024-07-29T06:22:04.658701" elapsed="0.000637"/>
</kw>
<kw name="Log" owner="BuiltIn">
<msg time="2024-07-29T06:22:04.659817" level="INFO">{'results': [{'gender': 'male', 'name': {'title': 'Mr', 'first': 'Muharrem', 'last': 'Sievers'}, 'location': {'street': {'number': 9557, 'name': 'Bergstraße'}, 'city': 'Neuenhaus', 'state': 'Niedersachsen', 'country': 'Germany', 'postcode': 60264, 'coordinates': {'latitude': '-47.5835', 'longitude': '-62.8696'}, 'timezone': {'offset': '+8:00', 'description': 'Beijing, Perth, Singapore, Hong Kong'}}, 'email': 'muharrem.sievers@example.com', 'login': {'uuid': 'bddf1988-177d-4ebd-9e0c-b520354a8ee1', 'username': 'angrypeacock752', 'password': 'tammy', 'salt': 'gDEY3RYZ', 'md5': 'aebaf8f6a58e8c700d7e92f9b356172b', 'sha1': '83708107e747b8b887455835d7bbbfce23bb1e8b', 'sha256': '356b673b49fec8979518d025102dd2e1c8992b5edb869514692cd301dd5959a5'}, 'dob': {'date': '1965-03-27T05:48:40.899Z', 'age': 59}, 'registered': {'date': '2004-11-05T04:21:40.841Z', 'age': 19}, 'phone': '0232-6588156', 'cell': '0174-2594535', 'id': {'name': 'SVNR', 'value': '57 260365 S 431'}, 'picture': {'large': 'https://randomuser.me/api/portraits/men/4.jpg', 'medium': 'https://randomuser.me/api/portraits/med/men/4.jpg', 'thumbnail': 'https://randomuser.me/api/portraits/thumb/men/4.jpg'}, 'nat': 'DE'}], 'info': {'seed': 'a820a4c700eedcbe', 'results': 1, 'page': 1, 'version': '1.4'}}</msg>
<arg>${json_data}</arg>
<doc>Logs the given message with the given level.</doc>
<status status="PASS" start="2024-07-29T06:22:04.659649" elapsed="0.000218"/>
</kw>
<kw name="Should Be Equal As Numbers" owner="BuiltIn">
<arg>${json_data['results'][0]['location']['postcode']}</arg>
<arg>${json_data['results'][0]['location']['postcode']}</arg>
<doc>Fails if objects are unequal after converting them to real numbers.</doc>
<status status="PASS" start="2024-07-29T06:22:04.660161" elapsed="0.000618"/>
</kw>
<kw name="Log" owner="BuiltIn">
<msg time="2024-07-29T06:22:04.661298" level="INFO">60264</msg>
<arg>${json_data['results'][0]['location']['postcode']}</arg>
<doc>Logs the given message with the given level.</doc>
<status status="PASS" start="2024-07-29T06:22:04.660968" elapsed="0.000408"/>
</kw>
<status status="PASS" start="2024-07-29T06:22:04.562890" elapsed="0.098747"/>
</kw>
<doc>Testa se os tipos de dados na resposta da API estão corretos.</doc>
<tag>testeTiposDados</tag>
<status status="PASS" start="2024-07-29T06:22:04.454754" elapsed="0.207052"/>
</test>
<test id="s1-s1-t5" name="Validar conteudo" line="35">
<kw name="Teste de Tipos de Conteudo" owner="random-user-service">
<kw name="GET On Session" owner="RequestsLibrary">
<msg time="2024-07-29T06:22:04.755058" level="INFO">GET Request : url=https://randomuser.me/api 
 path_url=/api 
 headers={'User-Agent': 'python-requests/2.32.3', 'Accept-Encoding': 'gzip, deflate', 'Accept': '*/*', 'Connection': 'keep-alive'} 
 body=None 
 </msg>
<msg time="2024-07-29T06:22:04.755165" level="INFO">GET Response : url=https://randomuser.me/api 
 status=200, reason=OK 
 headers={'Date': 'Mon, 29 Jul 2024 06:22:04 GMT', 'Content-Type': 'application/json; charset=utf-8', 'Transfer-Encoding': 'chunked', 'Connection': 'keep-alive', 'X-Powered-By': 'Express', 'Access-Control-Allow-Origin': '*', 'Cache-Control': 'no-cache', 'ETag': 'W/"48a-cJTSY8udHnT/acGkI5sC+6aBClQ"', 'Vary': 'Accept-Encoding', 'Content-Encoding': 'gzip', 'CF-Cache-Status': 'DYNAMIC', 'Report-To': '{"endpoints":[{"url":"https:\\/\\/a.nel.cloudflare.com\\/report\\/v4?s=ZX5JgcILuTFQ%2Bkc6rP8WxGWIrl5O364IFiPn0w00EgiReG0HJzFWykuR%2FFWAmnEDSQd1YEKg0wFs7HVdQme8UXEIPFY1%2BvABCCBtXDZ63UOYGh2xCp5QdO4%2B5KMxonyX"}],"group":"cf-nel","max_age":604800}', 'NEL': '{"success_fraction":0,"report_to":"cf-nel","max_age":604800}', 'Server': 'cloudflare', 'CF-RAY': '8aab032f2992236d-SJC', 'alt-svc': 'h3=":443"; ma=86400'} 
 body={"results":[{"gender":"male","name":{"title":"Mr","first":"Andre","last":"Lindner"},"location":{"street":{"number":4625,"name":"Breslauer Straße"},"city":"Bedburg","state":"Hessen","country":"Germany","postcode":35633,"coordinates":{"latitude":"-48.4573","longitude":"-156.3548"},"timezone":{"offset":"+2:00","description":"Kaliningrad, South Africa"}},"email":"andre.lindner@example.com","login":{"uuid":"08872164-24ac-45fb-8995-74b66fe9e9d8","username":"purplegoose500","password":"maxxxx","salt":"kqPWw7Tt","md5":"a6788c0171d90b24f7a2e569b2e41de7","sha1":"2e8ab0073d2169279b6afa731c883f7f6d048e00","sha256":"58f805dc3bd62debc3e62a0ca9017f47aafe5be6b30820077d7cd7c5598e7176"},"dob":{"date":"1960-03-14T21:58:46.341Z","age":64},"registered":{"date":"2017-01-30T23:38:13.796Z","age":7},"phone":"0499-6958510","cell":"0171-8979909","id":{"name":"SVNR","value":"17 140360 L 265"},"picture":{"large":"https://randomuser.me/api/portraits/men/43.jpg","medium":"https://randomuser.me/api/portraits/med/men/43.jpg","thumbnail":"https://randomuser.me/api/portraits/thumb/men/43.jpg"},"nat":"DE"}],"info":{"seed":"d4ef4bb5bb87be92","results":1,"page":1,"version":"1.4"}} 
 </msg>
<msg time="2024-07-29T06:22:04.755245" level="INFO">/opt/hostedtoolcache/Python/3.12.4/x64/lib/python3.12/site-packages/urllib3/connectionpool.py:1099: InsecureRequestWarning: Unverified HTTPS request is being made to host 'randomuser.me'. Adding certificate verification is strongly advised. See: https://urllib3.readthedocs.io/en/latest/advanced-usage.html#tls-warnings
  warnings.warn(</msg>
<msg time="2024-07-29T06:22:04.755391" level="INFO">${response} = &lt;Response [200]&gt;</msg>
<var>${response}</var>
<arg>consultarAPI</arg>
<arg>/api</arg>
<doc>Sends a GET request on a previously created HTTP Session.</doc>
<status status="PASS" start="2024-07-29T06:22:04.664409" elapsed="0.091030"/>
</kw>
<kw name="Set Variable" owner="BuiltIn">
<msg time="2024-07-29T06:22:04.756661" level="INFO">${json_data} = {'results': [{'gender': 'male', 'name': {'title': 'Mr', 'first': 'Andre', 'last': 'Lindner'}, 'location': {'street': {'number': 4625, 'name': 'Breslauer Straße'}, 'city': 'Bedburg', 'state': 'Hessen',...</msg>
<var>${json_data}</var>
<arg>${response.json()}</arg>
<doc>Returns the given values which can then be assigned to a variables.</doc>
<status status="PASS" start="2024-07-29T06:22:04.756061" elapsed="0.000631"/>
</kw>
<kw name="Set Variable" owner="BuiltIn">
<msg time="2024-07-29T06:22:04.757408" level="INFO">${name_title} = Mr</msg>
<var>${name_title}</var>
<arg>${json_data["results"][0]["name"]["title"]}</arg>
<doc>Returns the given values which can then be assigned to a variables.</doc>
<status status="PASS" start="2024-07-29T06:22:04.757019" elapsed="0.000415"/>
</kw>
<kw name="Create List" owner="BuiltIn">
<msg time="2024-07-29T06:22:04.757884" level="INFO">${allowed_titles} = ['Mr', 'Ms', 'Miss', 'Mrs', 'Madame', 'Monsieur']</msg>
<var>${allowed_titles}</var>
<arg>Mr</arg>
<arg>Ms</arg>
<arg>Miss</arg>
<arg>Mrs</arg>
<arg>Madame</arg>
<arg>Monsieur</arg>
<doc>Returns a list containing given items.</doc>
<status status="PASS" start="2024-07-29T06:22:04.757733" elapsed="0.000175"/>
</kw>
<kw name="List Should Contain Value" owner="Collections">
<arg>${allowed_titles}</arg>
<arg>${name_title}</arg>
<doc>Fails if the ``value`` is not found from ``list``.</doc>
<status status="PASS" start="2024-07-29T06:22:04.758209" elapsed="0.000187"/>
</kw>
<kw name="Set Variable" owner="BuiltIn">
<msg time="2024-07-29T06:22:04.758985" level="INFO">${name_country} = DE</msg>
<var>${name_country}</var>
<arg>${json_data["results"][0]["nat"]}</arg>
<doc>Returns the given values which can then be assigned to a variables.</doc>
<status status="PASS" start="2024-07-29T06:22:04.758576" elapsed="0.000436"/>
</kw>
<kw name="Create List" owner="BuiltIn">
<msg time="2024-07-29T06:22:04.759906" level="INFO">${list_country} = ['AD', 'AE', 'AF', 'AG', 'AI', 'AL', 'AM', 'AO', 'AQ', 'AR', 'AS', 'AT', 'AU', 'AW', 'AX', 'AZ', 'BA', 'BB', 'BD', 'BE', 'BF', 'BG', 'BH', 'BI', 'BJ', 'BL', 'BM', 'BN', 'BO', 'BQ', 'BR', 'BS', 'BT', '...</msg>
<var>${list_country}</var>
<arg>AD</arg>
<arg>AE</arg>
<arg>AF</arg>
<arg>AG</arg>
<arg>AI</arg>
<arg>AL</arg>
<arg>AM</arg>
<arg>AO</arg>
<arg>AQ</arg>
<arg>AR</arg>
<arg>AS</arg>
<arg>AT</arg>
<arg>AU</arg>
<arg>AW</arg>
<arg>AX</arg>
<arg>AZ</arg>
<arg>BA</arg>
<arg>BB</arg>
<arg>BD</arg>
<arg>BE</arg>
<arg>BF</arg>
<arg>BG</arg>
<arg>BH</arg>
<arg>BI</arg>
<arg>BJ</arg>
<arg>BL</arg>
<arg>BM</arg>
<arg>BN</arg>
<arg>BO</arg>
<arg>BQ</arg>
<arg>BR</arg>
<arg>BS</arg>
<arg>BT</arg>
<arg>BV</arg>
<arg>BW</arg>
<arg>BY</arg>
<arg>BZ</arg>
<arg>CA</arg>
<arg>CC</arg>
<arg>CD</arg>
<arg>CF</arg>
<arg>CG</arg>
<arg>CH</arg>
<arg>CI</arg>
<arg>CK</arg>
<arg>CL</arg>
<arg>CM</arg>
<arg>CN</arg>
<arg>CO</arg>
<arg>CR</arg>
<arg>CU</arg>
<arg>CV</arg>
<arg>CW</arg>
<arg>CX</arg>
<arg>CY</arg>
<arg>CZ</arg>
<arg>DE</arg>
<arg>DJ</arg>
<arg>DK</arg>
<arg>DM</arg>
<arg>DO</arg>
<arg>DZ</arg>
<arg>EC</arg>
<arg>EE</arg>
<arg>EG</arg>
<arg>EH</arg>
<arg>ER</arg>
<arg>ES</arg>
<arg>ET</arg>
<arg>FI</arg>
<arg>FJ</arg>
<arg>FK</arg>
<arg>FM</arg>
<arg>FO</arg>
<arg>FR</arg>
<arg>GA</arg>
<arg>GB</arg>
<arg>GD</arg>
<arg>GE</arg>
<arg>GF</arg>
<arg>GG</arg>
<arg>GH</arg>
<arg>GI</arg>
<arg>GL</arg>
<arg>GM</arg>
<arg>GN</arg>
<arg>GP</arg>
<arg>GQ</arg>
<arg>GR</arg>
<arg>GS</arg>
<arg>GT</arg>
<arg>GU</arg>
<arg>GW</arg>
<arg>GY</arg>
<arg>HK</arg>
<arg>HM</arg>
<arg>HN</arg>
<arg>HR</arg>
<arg>HT</arg>
<arg>HU</arg>
<arg>ID</arg>
<arg>IE</arg>
<arg>IL</arg>
<arg>IM</arg>
<arg>IN</arg>
<arg>IO</arg>
<arg>IQ</arg>
<arg>IR</arg>
<arg>IS</arg>
<arg>IT</arg>
<arg>JE</arg>
<arg>JM</arg>
<arg>JO</arg>
<arg>JP</arg>
<arg>KE</arg>
<arg>KG</arg>
<arg>KH</arg>
<arg>KI</arg>
<arg>KM</arg>
<arg>KN</arg>
<arg>KP</arg>
<arg>KR</arg>
<arg>KW</arg>
<arg>KY</arg>
<arg>KZ</arg>
<arg>LA</arg>
<arg>LB</arg>
<arg>LC</arg>
<arg>LI</arg>
<arg>LK</arg>
<arg>LR</arg>
<arg>LS</arg>
<arg>LT</arg>
<arg>LU</arg>
<arg>LV</arg>
<arg>LY</arg>
<arg>MA</arg>
<arg>MC</arg>
<arg>MD</arg>
<arg>ME</arg>
<arg>MF</arg>
<arg>MG</arg>
<arg>MH</arg>
<arg>MK</arg>
<arg>ML</arg>
<arg>MM</arg>
<arg>MN</arg>
<arg>MO</arg>
<arg>MP</arg>
<arg>MQ</arg>
<arg>MR</arg>
<arg>MS</arg>
<arg>MT</arg>
<arg>MU</arg>
<arg>MV</arg>
<arg>MW</arg>
<arg>MX</arg>
<arg>MY</arg>
<arg>MZ</arg>
<arg>NA</arg>
<arg>NC</arg>
<arg>NE</arg>
<arg>NF</arg>
<arg>NG</arg>
<arg>NI</arg>
<arg>NL</arg>
<arg>NO</arg>
<arg>NP</arg>
<arg>NR</arg>
<arg>NU</arg>
<arg>NZ</arg>
<arg>OM</arg>
<arg>PA</arg>
<arg>PE</arg>
<arg>PF</arg>
<arg>PG</arg>
<arg>PH</arg>
<arg>PK</arg>
<arg>PL</arg>
<arg>PM</arg>
<arg>PN</arg>
<arg>PR</arg>
<arg>PS</arg>
<arg>PT</arg>
<arg>PW</arg>
<arg>PY</arg>
<arg>QA</arg>
<arg>RE</arg>
<arg>RO</arg>
<arg>RS</arg>
<arg>RU</arg>
<arg>RW</arg>
<arg>SA</arg>
<arg>SB</arg>
<arg>SC</arg>
<arg>SD</arg>
<arg>SE</arg>
<arg>SG</arg>
<arg>SH</arg>
<arg>SI</arg>
<arg>SJ</arg>
<arg>SK</arg>
<arg>SL</arg>
<arg>SM</arg>
<arg>SN</arg>
<arg>SO</arg>
<arg>SR</arg>
<arg>SS</arg>
<arg>ST</arg>
<arg>SV</arg>
<arg>SX</arg>
<arg>SY</arg>
<arg>SZ</arg>
<arg>TC</arg>
<arg>TD</arg>
<arg>TF</arg>
<arg>TG</arg>
<arg>TH</arg>
<arg>TJ</arg>
<arg>TK</arg>
<arg>TL</arg>
<arg>TM</arg>
<arg>TN</arg>
<arg>TO</arg>
<arg>TR</arg>
<arg>TT</arg>
<arg>TV</arg>
<arg>TW</arg>
<arg>TZ</arg>
<arg>UA</arg>
<arg>UG</arg>
<arg>UM</arg>
<arg>US</arg>
<arg>UY</arg>
<arg>UZ</arg>
<arg>VA</arg>
<arg>VC</arg>
<arg>VE</arg>
<arg>VG</arg>
<arg>VI</arg>
<arg>VN</arg>
<arg>VU</arg>
<arg>WF</arg>
<arg>WS</arg>
<arg>XK</arg>
<arg>YE</arg>
<arg>YT</arg>
<arg>ZA</arg>
<arg>ZM</arg>
<arg>ZW</arg>
<doc>Returns a list containing given items.</doc>
<status status="PASS" start="2024-07-29T06:22:04.759311" elapsed="0.000620"/>
</kw>
<kw name="List Should Contain Value" owner="Collections">
<arg>${list_country}</arg>
<arg>${name_country}</arg>
<doc>Fails if the ``value`` is not found from ``list``.</doc>
<status status="PASS" start="2024-07-29T06:22:04.760918" elapsed="0.000211"/>
</kw>
<kw name="Run Keyword If" owner="BuiltIn">
<kw name="Should Be True" owner="BuiltIn">
<arg>${True}</arg>
<doc>Fails if the given condition is not true.</doc>
<status status="PASS" start="2024-07-29T06:22:04.762085" elapsed="0.000143"/>
</kw>
<arg>${json_data["results"][0]["location"]["coordinates"]["latitude"]} &gt;= -90 and ${json_data["results"][0]["location"]["coordinates"]["latitude"]} &lt;= 90</arg>
<arg>Should Be True</arg>
<arg>${True}</arg>
<doc>Runs the given keyword with the given arguments, if ``condition`` is true.</doc>
<status status="PASS" start="2024-07-29T06:22:04.761330" elapsed="0.001024"/>
</kw>
<kw name="Run Keyword If" owner="BuiltIn">
<kw name="Should Be True" owner="BuiltIn">
<arg>${True}</arg>
<doc>Fails if the given condition is not true.</doc>
<status status="PASS" start="2024-07-29T06:22:04.763273" elapsed="0.000138"/>
</kw>
<arg>${json_data["results"][0]["location"]["coordinates"]["longitude"]} &gt;= -180 and ${json_data["results"][0]["location"]["coordinates"]["longitude"]} &lt;= 180</arg>
<arg>Should Be True</arg>
<arg>${True}</arg>
<doc>Runs the given keyword with the given arguments, if ``condition`` is true.</doc>
<status status="PASS" start="2024-07-29T06:22:04.762533" elapsed="0.001001"/>
</kw>
<status status="PASS" start="2024-07-29T06:22:04.664172" elapsed="0.099496"/>
</kw>
<doc>Testa o conteúdo específico dos campos retornados pela API.</doc>
<tag>testeConteudo</tag>
<status status="PASS" start="2024-07-29T06:22:04.663622" elapsed="0.100200"/>
</test>
<status status="PASS" start="2024-07-29T06:22:03.842920" elapsed="0.922878"/>
</suite>
<status status="PASS" start="2024-07-29T06:22:03.828137" elapsed="0.942814"/>
</suite>
<statistics>
<total>
<stat pass="5" fail="0" skip="0">All Tests</stat>
</total>
<tag>
<stat pass="1" fail="0" skip="0">testeConteudo</stat>
<stat pass="1" fail="0" skip="0">testeEstruturaResposta</stat>
<stat pass="1" fail="0" skip="0">testeRequisicaoBasica</stat>
<stat pass="1" fail="0" skip="0">testeTiposDados</stat>
</tag>
<suite>
<stat pass="5" fail="0" skip="0" id="s1" name="Tests">Tests</stat>
<stat pass="5" fail="0" skip="0" id="s1-s1" name="Random-User-Test">Tests.Random-User-Test</stat>
</suite>
</statistics>
<errors>
</errors>
</robot>
