<?xml version="1.0" encoding="UTF-8"?>
<robot generator="Robot 7.0.1 (Python 3.12.4 on linux)" generated="2024-06-25T17:14:27.056599" rpa="false" schemaversion="5">
<suite id="s1" name="Tests" source="/home/runner/work/ApiRandomUser/ApiRandomUser/RamdonUser/tests">
<suite id="s1-s1" name="Random-User-Test" source="/home/runner/work/ApiRandomUser/ApiRandomUser/RamdonUser/tests/random-user-test.robot">
<test id="s1-s1-t1" name="Conectar" line="13">
<kw name="Conectar API" owner="random-user-service">
<kw name="Create Session" owner="RequestsLibrary">
<msg time="2024-06-25T17:14:27.450113" level="INFO">Creating Session using : alias=consultarAPI, url=https://randomuser.me/, headers={},                     cookies={}, auth=None, timeout=None, proxies=None, verify=False,                     debug=0 </msg>
<arg>consultarAPI</arg>
<arg>${URL}</arg>
<doc>Create Session: create a HTTP session to a server</doc>
<status status="PASS" start="2024-06-25T17:14:27.449901" elapsed="0.000396"/>
</kw>
<status status="PASS" start="2024-06-25T17:14:27.448924" elapsed="0.001757"/>
</kw>
<status status="PASS" start="2024-06-25T17:14:27.448381" elapsed="0.002495"/>
</test>
<test id="s1-s1-t2" name="Validar retorno 200 e JSON Válido" line="16">
<kw name="Teste de Requisicao Basica" owner="random-user-service">
<kw name="GET On Session" owner="RequestsLibrary">
<msg time="2024-06-25T17:14:27.797523" level="INFO">GET Request : url=https://randomuser.me/api 
 path_url=/api 
 headers={'User-Agent': 'python-requests/2.32.3', 'Accept-Encoding': 'gzip, deflate', 'Accept': '*/*', 'Connection': 'keep-alive'} 
 body=None 
 </msg>
<msg time="2024-06-25T17:14:27.797695" level="INFO">GET Response : url=https://randomuser.me/api 
 status=200, reason=OK 
 headers={'Date': 'Tue, 25 Jun 2024 17:14:27 GMT', 'Content-Type': 'application/json; charset=utf-8', 'Transfer-Encoding': 'chunked', 'Connection': 'keep-alive', 'X-Powered-By': 'Express', 'Access-Control-Allow-Origin': '*', 'Cache-Control': 'no-cache', 'ETag': 'W/"485-vwRptrLsrrgMVrVqLfFN+oVrK70"', 'Vary': 'Accept-Encoding', 'Content-Encoding': 'gzip', 'CF-Cache-Status': 'DYNAMIC', 'Report-To': '{"endpoints":[{"url":"https:\\/\\/a.nel.cloudflare.com\\/report\\/v4?s=DBvjDq4qrAYmXvcwDtYrluulUJjixAEM3roF%2FLPruOsQUA7DxUTctu5S9Cmc4C1roiZXN%2F6SvasjzntYcO3%2BxXzn4O8zMJ2LwCM8%2BHmxPZcOwxEmzByn087OpVJqkRnb"}],"group":"cf-nel","max_age":604800}', 'NEL': '{"success_fraction":0,"report_to":"cf-nel","max_age":604800}', 'Server': 'cloudflare', 'CF-RAY': '899698135fdf1098-ORD', 'alt-svc': 'h3=":443"; ma=86400'} 
 body={"results":[{"gender":"male","name":{"title":"Mr","first":"Justin","last":"Brun"},"location":{"street":{"number":5658,"name":"Place du 8 Novembre 1942"},"city":"Villeurbanne","state":"Isère","country":"France","postcode":55509,"coordinates":{"latitude":"-19.9944","longitude":"-30.8214"},"timezone":{"offset":"+3:30","description":"Tehran"}},"email":"justin.brun@example.com","login":{"uuid":"61994f88-c4f0-4fae-97b4-23de3866adcc","username":"sadelephant215","password":"japanees","salt":"Uq8d0M4J","md5":"6f6fb401f46f35f9674cc0016f96016a","sha1":"8db3979a964f2d8068afc37c16879944c16cbcc4","sha256":"2e92b3ed07985ffe07231c1f261d2cdef983f9eec017f9d5d37cbd8b670c84a8"},"dob":{"date":"1957-07-25T06:02:49.811Z","age":66},"registered":{"date":"2019-06-24T04:11:52.792Z","age":5},"phone":"02-53-46-87-70","cell":"06-81-80-27-98","id":{"name":"INSEE","value":"1570638198717 46"},"picture":{"large":"https://randomuser.me/api/portraits/men/89.jpg","medium":"https://randomuser.me/api/portraits/med/men/89.jpg","thumbnail":"https://randomuser.me/api/portraits/thumb/men/89.jpg"},"nat":"FR"}],"info":{"seed":"7bde1da365598ae8","results":1,"page":1,"version":"1.4"}} 
 </msg>
<msg time="2024-06-25T17:14:27.797791" level="INFO">/opt/hostedtoolcache/Python/3.12.4/x64/lib/python3.12/site-packages/urllib3/connectionpool.py:1099: InsecureRequestWarning: Unverified HTTPS request is being made to host 'randomuser.me'. Adding certificate verification is strongly advised. See: https://urllib3.readthedocs.io/en/latest/advanced-usage.html#tls-warnings
  warnings.warn(</msg>
<msg time="2024-06-25T17:14:27.797985" level="INFO">${response} = &lt;Response [200]&gt;</msg>
<var>${response}</var>
<arg>consultarAPI</arg>
<arg>/api</arg>
<doc>Sends a GET request on a previously created HTTP Session.</doc>
<status status="PASS" start="2024-06-25T17:14:27.453451" elapsed="0.344581"/>
</kw>
<kw name="Should Be Equal As Numbers" owner="BuiltIn">
<msg time="2024-06-25T17:14:27.799047" level="INFO">Argument types are:
&lt;class 'int'&gt;
&lt;class 'str'&gt;</msg>
<arg>${response.status_code}</arg>
<arg>200</arg>
<doc>Fails if objects are unequal after converting them to real numbers.</doc>
<status status="PASS" start="2024-06-25T17:14:27.798587" elapsed="0.000524"/>
</kw>
<kw name="Log" owner="BuiltIn">
<msg time="2024-06-25T17:14:27.799774" level="INFO">200</msg>
<arg>${response.status_code}</arg>
<doc>Logs the given message with the given level.</doc>
<status status="PASS" start="2024-06-25T17:14:27.799434" elapsed="0.000381"/>
</kw>
<kw name="Set Variable" owner="BuiltIn">
<msg time="2024-06-25T17:14:27.800548" level="INFO">${json_data} = {'results': [{'gender': 'male', 'name': {'title': 'Mr', 'first': 'Justin', 'last': 'Brun'}, 'location': {'street': {'number': 5658, 'name': 'Place du 8 Novembre 1942'}, 'city': 'Villeurbanne', 'state'...</msg>
<var>${json_data}</var>
<arg>${response.json()}</arg>
<doc>Returns the given values which can then be assigned to a variables.</doc>
<status status="PASS" start="2024-06-25T17:14:27.800115" elapsed="0.000460"/>
</kw>
<kw name="Dictionary Should Contain Key" owner="Collections">
<arg>${json_data}</arg>
<arg>results</arg>
<doc>Fails if ``key`` is not found from ``dictionary``.</doc>
<status status="PASS" start="2024-06-25T17:14:27.800867" elapsed="0.000161"/>
</kw>
<status status="PASS" start="2024-06-25T17:14:27.453202" elapsed="0.347980"/>
</kw>
<doc>Testa se a API responde corretamente e retorna um objeto JSON válido.</doc>
<tag>testeRequisicaoBasica</tag>
<status status="PASS" start="2024-06-25T17:14:27.452747" elapsed="0.348608"/>
</test>
<test id="s1-s1-t3" name="Validar estrutura de resposta" line="22">
<kw name="Teste de Estrutura de Resposta" owner="random-user-service">
<kw name="GET On Session" owner="RequestsLibrary">
<msg time="2024-06-25T17:14:27.898754" level="INFO">GET Request : url=https://randomuser.me/api 
 path_url=/api 
 headers={'User-Agent': 'python-requests/2.32.3', 'Accept-Encoding': 'gzip, deflate', 'Accept': '*/*', 'Connection': 'keep-alive'} 
 body=None 
 </msg>
<msg time="2024-06-25T17:14:27.898861" level="INFO">GET Response : url=https://randomuser.me/api 
 status=200, reason=OK 
 headers={'Date': 'Tue, 25 Jun 2024 17:14:27 GMT', 'Content-Type': 'application/json; charset=utf-8', 'Transfer-Encoding': 'chunked', 'Connection': 'keep-alive', 'X-Powered-By': 'Express', 'Access-Control-Allow-Origin': '*', 'Cache-Control': 'no-cache', 'ETag': 'W/"495-bx4P9584pCOBl7xK5i1Rs8hcLo4"', 'Vary': 'Accept-Encoding', 'Content-Encoding': 'gzip', 'CF-Cache-Status': 'DYNAMIC', 'Report-To': '{"endpoints":[{"url":"https:\\/\\/a.nel.cloudflare.com\\/report\\/v4?s=3xT2ChYOZp33%2BsEF5Tx5FxDl0nL56R1Bcj3wf32LKe1LHjicczjLS%2FyQcJmL%2BKPhg%2FxocAUynq1v9OqYJUmqnRAvvwMatzaBbccyd6w1yGIw94mL%2BayclO2E8lBlDf4T"}],"group":"cf-nel","max_age":604800}', 'NEL': '{"success_fraction":0,"report_to":"cf-nel","max_age":604800}', 'Server': 'cloudflare', 'CF-RAY': '89969813c8801098-ORD', 'alt-svc': 'h3=":443"; ma=86400'} 
 body={"results":[{"gender":"female","name":{"title":"Miss","first":"Arianna","last":"Powell"},"location":{"street":{"number":2500,"name":"Blossom Hill Rd"},"city":"Miami","state":"Wyoming","country":"United States","postcode":31366,"coordinates":{"latitude":"86.4284","longitude":"162.4309"},"timezone":{"offset":"+6:00","description":"Almaty, Dhaka, Colombo"}},"email":"arianna.powell@example.com","login":{"uuid":"1b1c308f-380a-4bf4-bfbd-ff9a6b846a5e","username":"ticklishwolf958","password":"reading","salt":"IcOS9q87","md5":"3d0f86f993c76efa4c3742739b6aa428","sha1":"dc604c609e76290a3212c0d3c800e2bb131e0843","sha256":"0c1ed3f814261d6c6b9df9cc155afc7bd983f5c47c370d007685699c0d01080a"},"dob":{"date":"1978-03-02T17:26:11.911Z","age":46},"registered":{"date":"2016-01-27T05:23:18.885Z","age":8},"phone":"(752) 563-9929","cell":"(486) 410-0595","id":{"name":"SSN","value":"091-36-3753"},"picture":{"large":"https://randomuser.me/api/portraits/women/36.jpg","medium":"https://randomuser.me/api/portraits/med/women/36.jpg","thumbnail":"https://randomuser.me/api/portraits/thumb/women/36.jpg"},"nat":"US"}],"info":{"seed":"39284b64b6daee4d","results":1,"page":1,"version":"1.4"}} 
 </msg>
<msg time="2024-06-25T17:14:27.899005" level="INFO">/opt/hostedtoolcache/Python/3.12.4/x64/lib/python3.12/site-packages/urllib3/connectionpool.py:1099: InsecureRequestWarning: Unverified HTTPS request is being made to host 'randomuser.me'. Adding certificate verification is strongly advised. See: https://urllib3.readthedocs.io/en/latest/advanced-usage.html#tls-warnings
  warnings.warn(</msg>
<msg time="2024-06-25T17:14:27.899150" level="INFO">${response} = &lt;Response [200]&gt;</msg>
<var>${response}</var>
<arg>consultarAPI</arg>
<arg>/api</arg>
<doc>Sends a GET request on a previously created HTTP Session.</doc>
<status status="PASS" start="2024-06-25T17:14:27.803951" elapsed="0.095240"/>
</kw>
<kw name="Set Variable" owner="BuiltIn">
<msg time="2024-06-25T17:14:27.900185" level="INFO">${json_data} = {'results': [{'gender': 'female', 'name': {'title': 'Miss', 'first': 'Arianna', 'last': 'Powell'}, 'location': {'street': {'number': 2500, 'name': 'Blossom Hill Rd'}, 'city': 'Miami', 'state': 'Wyomin...</msg>
<var>${json_data}</var>
<arg>${response.json()}</arg>
<doc>Returns the given values which can then be assigned to a variables.</doc>
<status status="PASS" start="2024-06-25T17:14:27.899676" elapsed="0.000536"/>
</kw>
<kw name="Log" owner="BuiltIn">
<msg time="2024-06-25T17:14:27.900667" level="INFO">{'results': [{'gender': 'female', 'name': {'title': 'Miss', 'first': 'Arianna', 'last': 'Powell'}, 'location': {'street': {'number': 2500, 'name': 'Blossom Hill Rd'}, 'city': 'Miami', 'state': 'Wyoming', 'country': 'United States', 'postcode': 31366, 'coordinates': {'latitude': '86.4284', 'longitude': '162.4309'}, 'timezone': {'offset': '+6:00', 'description': 'Almaty, Dhaka, Colombo'}}, 'email': 'arianna.powell@example.com', 'login': {'uuid': '1b1c308f-380a-4bf4-bfbd-ff9a6b846a5e', 'username': 'ticklishwolf958', 'password': 'reading', 'salt': 'IcOS9q87', 'md5': '3d0f86f993c76efa4c3742739b6aa428', 'sha1': 'dc604c609e76290a3212c0d3c800e2bb131e0843', 'sha256': '0c1ed3f814261d6c6b9df9cc155afc7bd983f5c47c370d007685699c0d01080a'}, 'dob': {'date': '1978-03-02T17:26:11.911Z', 'age': 46}, 'registered': {'date': '2016-01-27T05:23:18.885Z', 'age': 8}, 'phone': '(752) 563-9929', 'cell': '(486) 410-0595', 'id': {'name': 'SSN', 'value': '091-36-3753'}, 'picture': {'large': 'https://randomuser.me/api/portraits/women/36.jpg', 'medium': 'https://randomuser.me/api/portraits/med/women/36.jpg', 'thumbnail': 'https://randomuser.me/api/portraits/thumb/women/36.jpg'}, 'nat': 'US'}], 'info': {'seed': '39284b64b6daee4d', 'results': 1, 'page': 1, 'version': '1.4'}}</msg>
<arg>${json_data}</arg>
<doc>Logs the given message with the given level.</doc>
<status status="PASS" start="2024-06-25T17:14:27.900510" elapsed="0.000205"/>
</kw>
<kw name="Dictionary Should Contain Key" owner="Collections">
<arg>${json_data}</arg>
<arg>results</arg>
<doc>Fails if ``key`` is not found from ``dictionary``.</doc>
<status status="PASS" start="2024-06-25T17:14:27.901001" elapsed="0.000154"/>
</kw>
<kw name="Should Not Be Empty" owner="BuiltIn">
<msg time="2024-06-25T17:14:27.901464" level="INFO">Length is 2.</msg>
<arg>${json_data}</arg>
<doc>Verifies that the given item is not empty.</doc>
<status status="PASS" start="2024-06-25T17:14:27.901341" elapsed="0.000167"/>
</kw>
<kw name="Create List" owner="BuiltIn">
<msg time="2024-06-25T17:14:27.902108" level="INFO">${expected_keys} = ['gender', 'name', 'location', 'email', 'login']</msg>
<var>${expected_keys}</var>
<arg>gender</arg>
<arg>name</arg>
<arg>location</arg>
<arg>email</arg>
<arg>login</arg>
<doc>Returns a list containing given items.</doc>
<status status="PASS" start="2024-06-25T17:14:27.901803" elapsed="0.000330"/>
</kw>
<for flavor="IN">
<iter>
<kw name="Dictionary Should Contain Key" owner="Collections">
<arg>${json_data['results'][0]}</arg>
<arg>${key}</arg>
<doc>Fails if ``key`` is not found from ``dictionary``.</doc>
<status status="PASS" start="2024-06-25T17:14:27.902769" elapsed="0.000418"/>
</kw>
<kw name="Log" owner="BuiltIn">
<msg time="2024-06-25T17:14:27.903739" level="INFO">{'gender': 'female', 'name': {'title': 'Miss', 'first': 'Arianna', 'last': 'Powell'}, 'location': {'street': {'number': 2500, 'name': 'Blossom Hill Rd'}, 'city': 'Miami', 'state': 'Wyoming', 'country': 'United States', 'postcode': 31366, 'coordinates': {'latitude': '86.4284', 'longitude': '162.4309'}, 'timezone': {'offset': '+6:00', 'description': 'Almaty, Dhaka, Colombo'}}, 'email': 'arianna.powell@example.com', 'login': {'uuid': '1b1c308f-380a-4bf4-bfbd-ff9a6b846a5e', 'username': 'ticklishwolf958', 'password': 'reading', 'salt': 'IcOS9q87', 'md5': '3d0f86f993c76efa4c3742739b6aa428', 'sha1': 'dc604c609e76290a3212c0d3c800e2bb131e0843', 'sha256': '0c1ed3f814261d6c6b9df9cc155afc7bd983f5c47c370d007685699c0d01080a'}, 'dob': {'date': '1978-03-02T17:26:11.911Z', 'age': 46}, 'registered': {'date': '2016-01-27T05:23:18.885Z', 'age': 8}, 'phone': '(752) 563-9929', 'cell': '(486) 410-0595', 'id': {'name': 'SSN', 'value': '091-36-3753'}, 'picture': {'large': 'https://randomuser.me/api/portraits/women/36.jpg', 'medium': 'https://randomuser.me/api/portraits/med/women/36.jpg', 'thumbnail': 'https://randomuser.me/api/portraits/thumb/women/36.jpg'}, 'nat': 'US'}</msg>
<arg>${json_data['results'][0]}</arg>
<doc>Logs the given message with the given level.</doc>
<status status="PASS" start="2024-06-25T17:14:27.903381" elapsed="0.000408"/>
</kw>
<kw name="Log" owner="BuiltIn">
<msg time="2024-06-25T17:14:27.904211" level="INFO">gender</msg>
<arg>${key}</arg>
<doc>Logs the given message with the given level.</doc>
<status status="PASS" start="2024-06-25T17:14:27.904084" elapsed="0.000172"/>
</kw>
<var name="${key}">gender</var>
<status status="PASS" start="2024-06-25T17:14:27.902647" elapsed="0.001847"/>
</iter>
<iter>
<kw name="Dictionary Should Contain Key" owner="Collections">
<arg>${json_data['results'][0]}</arg>
<arg>${key}</arg>
<doc>Fails if ``key`` is not found from ``dictionary``.</doc>
<status status="PASS" start="2024-06-25T17:14:27.904789" elapsed="0.000387"/>
</kw>
<kw name="Log" owner="BuiltIn">
<msg time="2024-06-25T17:14:27.905701" level="INFO">{'gender': 'female', 'name': {'title': 'Miss', 'first': 'Arianna', 'last': 'Powell'}, 'location': {'street': {'number': 2500, 'name': 'Blossom Hill Rd'}, 'city': 'Miami', 'state': 'Wyoming', 'country': 'United States', 'postcode': 31366, 'coordinates': {'latitude': '86.4284', 'longitude': '162.4309'}, 'timezone': {'offset': '+6:00', 'description': 'Almaty, Dhaka, Colombo'}}, 'email': 'arianna.powell@example.com', 'login': {'uuid': '1b1c308f-380a-4bf4-bfbd-ff9a6b846a5e', 'username': 'ticklishwolf958', 'password': 'reading', 'salt': 'IcOS9q87', 'md5': '3d0f86f993c76efa4c3742739b6aa428', 'sha1': 'dc604c609e76290a3212c0d3c800e2bb131e0843', 'sha256': '0c1ed3f814261d6c6b9df9cc155afc7bd983f5c47c370d007685699c0d01080a'}, 'dob': {'date': '1978-03-02T17:26:11.911Z', 'age': 46}, 'registered': {'date': '2016-01-27T05:23:18.885Z', 'age': 8}, 'phone': '(752) 563-9929', 'cell': '(486) 410-0595', 'id': {'name': 'SSN', 'value': '091-36-3753'}, 'picture': {'large': 'https://randomuser.me/api/portraits/women/36.jpg', 'medium': 'https://randomuser.me/api/portraits/med/women/36.jpg', 'thumbnail': 'https://randomuser.me/api/portraits/thumb/women/36.jpg'}, 'nat': 'US'}</msg>
<arg>${json_data['results'][0]}</arg>
<doc>Logs the given message with the given level.</doc>
<status status="PASS" start="2024-06-25T17:14:27.905353" elapsed="0.000430"/>
</kw>
<kw name="Log" owner="BuiltIn">
<msg time="2024-06-25T17:14:27.906205" level="INFO">name</msg>
<arg>${key}</arg>
<doc>Logs the given message with the given level.</doc>
<status status="PASS" start="2024-06-25T17:14:27.906080" elapsed="0.000162"/>
</kw>
<var name="${key}">name</var>
<status status="PASS" start="2024-06-25T17:14:27.904679" elapsed="0.001799"/>
</iter>
<iter>
<kw name="Dictionary Should Contain Key" owner="Collections">
<arg>${json_data['results'][0]}</arg>
<arg>${key}</arg>
<doc>Fails if ``key`` is not found from ``dictionary``.</doc>
<status status="PASS" start="2024-06-25T17:14:27.906765" elapsed="0.000373"/>
</kw>
<kw name="Log" owner="BuiltIn">
<msg time="2024-06-25T17:14:27.907661" level="INFO">{'gender': 'female', 'name': {'title': 'Miss', 'first': 'Arianna', 'last': 'Powell'}, 'location': {'street': {'number': 2500, 'name': 'Blossom Hill Rd'}, 'city': 'Miami', 'state': 'Wyoming', 'country': 'United States', 'postcode': 31366, 'coordinates': {'latitude': '86.4284', 'longitude': '162.4309'}, 'timezone': {'offset': '+6:00', 'description': 'Almaty, Dhaka, Colombo'}}, 'email': 'arianna.powell@example.com', 'login': {'uuid': '1b1c308f-380a-4bf4-bfbd-ff9a6b846a5e', 'username': 'ticklishwolf958', 'password': 'reading', 'salt': 'IcOS9q87', 'md5': '3d0f86f993c76efa4c3742739b6aa428', 'sha1': 'dc604c609e76290a3212c0d3c800e2bb131e0843', 'sha256': '0c1ed3f814261d6c6b9df9cc155afc7bd983f5c47c370d007685699c0d01080a'}, 'dob': {'date': '1978-03-02T17:26:11.911Z', 'age': 46}, 'registered': {'date': '2016-01-27T05:23:18.885Z', 'age': 8}, 'phone': '(752) 563-9929', 'cell': '(486) 410-0595', 'id': {'name': 'SSN', 'value': '091-36-3753'}, 'picture': {'large': 'https://randomuser.me/api/portraits/women/36.jpg', 'medium': 'https://randomuser.me/api/portraits/med/women/36.jpg', 'thumbnail': 'https://randomuser.me/api/portraits/thumb/women/36.jpg'}, 'nat': 'US'}</msg>
<arg>${json_data['results'][0]}</arg>
<doc>Logs the given message with the given level.</doc>
<status status="PASS" start="2024-06-25T17:14:27.907317" elapsed="0.000400"/>
</kw>
<kw name="Log" owner="BuiltIn">
<msg time="2024-06-25T17:14:27.908132" level="INFO">location</msg>
<arg>${key}</arg>
<doc>Logs the given message with the given level.</doc>
<status status="PASS" start="2024-06-25T17:14:27.908009" elapsed="0.000159"/>
</kw>
<var name="${key}">location</var>
<status status="PASS" start="2024-06-25T17:14:27.906657" elapsed="0.001722"/>
</iter>
<iter>
<kw name="Dictionary Should Contain Key" owner="Collections">
<arg>${json_data['results'][0]}</arg>
<arg>${key}</arg>
<doc>Fails if ``key`` is not found from ``dictionary``.</doc>
<status status="PASS" start="2024-06-25T17:14:27.908650" elapsed="0.000384"/>
</kw>
<kw name="Log" owner="BuiltIn">
<msg time="2024-06-25T17:14:27.909556" level="INFO">{'gender': 'female', 'name': {'title': 'Miss', 'first': 'Arianna', 'last': 'Powell'}, 'location': {'street': {'number': 2500, 'name': 'Blossom Hill Rd'}, 'city': 'Miami', 'state': 'Wyoming', 'country': 'United States', 'postcode': 31366, 'coordinates': {'latitude': '86.4284', 'longitude': '162.4309'}, 'timezone': {'offset': '+6:00', 'description': 'Almaty, Dhaka, Colombo'}}, 'email': 'arianna.powell@example.com', 'login': {'uuid': '1b1c308f-380a-4bf4-bfbd-ff9a6b846a5e', 'username': 'ticklishwolf958', 'password': 'reading', 'salt': 'IcOS9q87', 'md5': '3d0f86f993c76efa4c3742739b6aa428', 'sha1': 'dc604c609e76290a3212c0d3c800e2bb131e0843', 'sha256': '0c1ed3f814261d6c6b9df9cc155afc7bd983f5c47c370d007685699c0d01080a'}, 'dob': {'date': '1978-03-02T17:26:11.911Z', 'age': 46}, 'registered': {'date': '2016-01-27T05:23:18.885Z', 'age': 8}, 'phone': '(752) 563-9929', 'cell': '(486) 410-0595', 'id': {'name': 'SSN', 'value': '091-36-3753'}, 'picture': {'large': 'https://randomuser.me/api/portraits/women/36.jpg', 'medium': 'https://randomuser.me/api/portraits/med/women/36.jpg', 'thumbnail': 'https://randomuser.me/api/portraits/thumb/women/36.jpg'}, 'nat': 'US'}</msg>
<arg>${json_data['results'][0]}</arg>
<doc>Logs the given message with the given level.</doc>
<status status="PASS" start="2024-06-25T17:14:27.909212" elapsed="0.000390"/>
</kw>
<kw name="Log" owner="BuiltIn">
<msg time="2024-06-25T17:14:27.910024" level="INFO">email</msg>
<arg>${key}</arg>
<doc>Logs the given message with the given level.</doc>
<status status="PASS" start="2024-06-25T17:14:27.909899" elapsed="0.000162"/>
</kw>
<var name="${key}">email</var>
<status status="PASS" start="2024-06-25T17:14:27.908546" elapsed="0.001732"/>
</iter>
<iter>
<kw name="Dictionary Should Contain Key" owner="Collections">
<arg>${json_data['results'][0]}</arg>
<arg>${key}</arg>
<doc>Fails if ``key`` is not found from ``dictionary``.</doc>
<status status="PASS" start="2024-06-25T17:14:27.910591" elapsed="0.000388"/>
</kw>
<kw name="Log" owner="BuiltIn">
<msg time="2024-06-25T17:14:27.911506" level="INFO">{'gender': 'female', 'name': {'title': 'Miss', 'first': 'Arianna', 'last': 'Powell'}, 'location': {'street': {'number': 2500, 'name': 'Blossom Hill Rd'}, 'city': 'Miami', 'state': 'Wyoming', 'country': 'United States', 'postcode': 31366, 'coordinates': {'latitude': '86.4284', 'longitude': '162.4309'}, 'timezone': {'offset': '+6:00', 'description': 'Almaty, Dhaka, Colombo'}}, 'email': 'arianna.powell@example.com', 'login': {'uuid': '1b1c308f-380a-4bf4-bfbd-ff9a6b846a5e', 'username': 'ticklishwolf958', 'password': 'reading', 'salt': 'IcOS9q87', 'md5': '3d0f86f993c76efa4c3742739b6aa428', 'sha1': 'dc604c609e76290a3212c0d3c800e2bb131e0843', 'sha256': '0c1ed3f814261d6c6b9df9cc155afc7bd983f5c47c370d007685699c0d01080a'}, 'dob': {'date': '1978-03-02T17:26:11.911Z', 'age': 46}, 'registered': {'date': '2016-01-27T05:23:18.885Z', 'age': 8}, 'phone': '(752) 563-9929', 'cell': '(486) 410-0595', 'id': {'name': 'SSN', 'value': '091-36-3753'}, 'picture': {'large': 'https://randomuser.me/api/portraits/women/36.jpg', 'medium': 'https://randomuser.me/api/portraits/med/women/36.jpg', 'thumbnail': 'https://randomuser.me/api/portraits/thumb/women/36.jpg'}, 'nat': 'US'}</msg>
<arg>${json_data['results'][0]}</arg>
<doc>Logs the given message with the given level.</doc>
<status status="PASS" start="2024-06-25T17:14:27.911157" elapsed="0.000397"/>
</kw>
<kw name="Log" owner="BuiltIn">
<msg time="2024-06-25T17:14:27.911971" level="INFO">login</msg>
<arg>${key}</arg>
<doc>Logs the given message with the given level.</doc>
<status status="PASS" start="2024-06-25T17:14:27.911846" elapsed="0.000161"/>
</kw>
<var name="${key}">login</var>
<status status="PASS" start="2024-06-25T17:14:27.910482" elapsed="0.001732"/>
</iter>
<var>${key}</var>
<value>@{expected_keys}</value>
<status status="PASS" start="2024-06-25T17:14:27.902438" elapsed="0.009893"/>
</for>
<kw name="Create List" owner="BuiltIn">
<msg time="2024-06-25T17:14:27.912651" level="INFO">${expected_keysTwo} = ['username', 'password']</msg>
<var>${expected_keysTwo}</var>
<arg>username</arg>
<arg>password</arg>
<doc>Returns a list containing given items.</doc>
<status status="PASS" start="2024-06-25T17:14:27.912518" elapsed="0.000184"/>
</kw>
<for flavor="IN">
<iter>
<kw name="Dictionary Should Contain Key" owner="Collections">
<arg>${json_data['results'][0]['login']}</arg>
<arg>${keyTwo}</arg>
<doc>Fails if ``key`` is not found from ``dictionary``.</doc>
<status status="PASS" start="2024-06-25T17:14:27.913202" elapsed="0.000376"/>
</kw>
<kw name="Dictionary Should Contain Key" owner="Collections">
<arg>${json_data['results'][0]['login']}</arg>
<arg>${keyTwo}</arg>
<doc>Fails if ``key`` is not found from ``dictionary``.</doc>
<status status="PASS" start="2024-06-25T17:14:27.913755" elapsed="0.000368"/>
</kw>
<kw name="Log" owner="BuiltIn">
<msg time="2024-06-25T17:14:27.914440" level="INFO">username</msg>
<arg>${keyTwo}</arg>
<doc>Logs the given message with the given level.</doc>
<status status="PASS" start="2024-06-25T17:14:27.914298" elapsed="0.000180"/>
</kw>
<var name="${keyTwo}">username</var>
<status status="PASS" start="2024-06-25T17:14:27.913095" elapsed="0.001604"/>
</iter>
<iter>
<kw name="Dictionary Should Contain Key" owner="Collections">
<arg>${json_data['results'][0]['login']}</arg>
<arg>${keyTwo}</arg>
<doc>Fails if ``key`` is not found from ``dictionary``.</doc>
<status status="PASS" start="2024-06-25T17:14:27.914973" elapsed="0.000380"/>
</kw>
<kw name="Dictionary Should Contain Key" owner="Collections">
<arg>${json_data['results'][0]['login']}</arg>
<arg>${keyTwo}</arg>
<doc>Fails if ``key`` is not found from ``dictionary``.</doc>
<status status="PASS" start="2024-06-25T17:14:27.915529" elapsed="0.000361"/>
</kw>
<kw name="Log" owner="BuiltIn">
<msg time="2024-06-25T17:14:27.916179" level="INFO">password</msg>
<arg>${keyTwo}</arg>
<doc>Logs the given message with the given level.</doc>
<status status="PASS" start="2024-06-25T17:14:27.916062" elapsed="0.000153"/>
</kw>
<var name="${keyTwo}">password</var>
<status status="PASS" start="2024-06-25T17:14:27.914866" elapsed="0.001658"/>
</iter>
<var>${keyTwo}</var>
<value>@{expected_keysTwo}</value>
<status status="PASS" start="2024-06-25T17:14:27.912940" elapsed="0.003704"/>
</for>
<status status="PASS" start="2024-06-25T17:14:27.803718" elapsed="0.113064"/>
</kw>
<doc>Testa a estrutura da resposta da API.</doc>
<tag>testeEstruturaResposta</tag>
<status status="PASS" start="2024-06-25T17:14:27.803211" elapsed="0.113723"/>
</test>
<test id="s1-s1-t4" name="Validar tipos de dados" line="28">
<kw name="Teste de Tipos de Dados" owner="random-user-service">
<kw name="GET On Session" owner="RequestsLibrary">
<msg time="2024-06-25T17:14:28.072393" level="INFO">GET Request : url=https://randomuser.me/api 
 path_url=/api 
 headers={'User-Agent': 'python-requests/2.32.3', 'Accept-Encoding': 'gzip, deflate', 'Accept': '*/*', 'Connection': 'keep-alive'} 
 body=None 
 </msg>
<msg time="2024-06-25T17:14:28.072480" level="INFO">GET Response : url=https://randomuser.me/api 
 status=200, reason=OK 
 headers={'Date': 'Tue, 25 Jun 2024 17:14:28 GMT', 'Content-Type': 'application/json; charset=utf-8', 'Transfer-Encoding': 'chunked', 'Connection': 'keep-alive', 'X-Powered-By': 'Express', 'Access-Control-Allow-Origin': '*', 'Cache-Control': 'no-cache', 'ETag': 'W/"48c-zOtoBimFhMdu4lqNRxfR+xFerCU"', 'Vary': 'Accept-Encoding', 'Content-Encoding': 'gzip', 'CF-Cache-Status': 'DYNAMIC', 'Report-To': '{"endpoints":[{"url":"https:\\/\\/a.nel.cloudflare.com\\/report\\/v4?s=wPfOTTedZ25LxctDFfz7YHOaFE7uLXJDKftJx%2Fmh%2BMSc%2BFFPH%2BSCef2egJ77g7eXSKfvyp%2F5SbjqBSbl6W7sjXxX8g83NlE8ZsQkdgfrasg3aG%2FxCTKp8Uf60BZIJmgG"}],"group":"cf-nel","max_age":604800}', 'NEL': '{"success_fraction":0,"report_to":"cf-nel","max_age":604800}', 'Server': 'cloudflare', 'CF-RAY': '89969814896a1098-ORD', 'alt-svc': 'h3=":443"; ma=86400'} 
 body={"results":[{"gender":"female","name":{"title":"Ms","first":"Julie","last":"Hansen"},"location":{"street":{"number":208,"name":"Landevejen"},"city":"Aaborg Øst","state":"Syddanmark","country":"Denmark","postcode":26684,"coordinates":{"latitude":"-46.8795","longitude":"55.8056"},"timezone":{"offset":"+8:00","description":"Beijing, Perth, Singapore, Hong Kong"}},"email":"julie.hansen@example.com","login":{"uuid":"73ed070e-24cf-4eb4-990d-05f1610fe6d7","username":"ticklishbear430","password":"1995","salt":"pU05SqIJ","md5":"7df2cd2983ca55db79db70f1986ed6ec","sha1":"5cbaf0f25419289768e93c5f5f1ae00158007e57","sha256":"34b8c6e7adf16741a5546565f154fa8cb840271f100ef85a03615b7f1f49a0bf"},"dob":{"date":"1999-10-20T00:41:20.396Z","age":24},"registered":{"date":"2004-06-25T03:24:24.818Z","age":20},"phone":"00994844","cell":"46309008","id":{"name":"CPR","value":"191099-0443"},"picture":{"large":"https://randomuser.me/api/portraits/women/39.jpg","medium":"https://randomuser.me/api/portraits/med/women/39.jpg","thumbnail":"https://randomuser.me/api/portraits/thumb/women/39.jpg"},"nat":"DK"}],"info":{"seed":"291461094d605f05","results":1,"page":1,"version":"1.4"}} 
 </msg>
<msg time="2024-06-25T17:14:28.072547" level="INFO">/opt/hostedtoolcache/Python/3.12.4/x64/lib/python3.12/site-packages/urllib3/connectionpool.py:1099: InsecureRequestWarning: Unverified HTTPS request is being made to host 'randomuser.me'. Adding certificate verification is strongly advised. See: https://urllib3.readthedocs.io/en/latest/advanced-usage.html#tls-warnings
  warnings.warn(</msg>
<msg time="2024-06-25T17:14:28.072679" level="INFO">${response} = &lt;Response [200]&gt;</msg>
<var>${response}</var>
<arg>consultarAPI</arg>
<arg>/api</arg>
<doc>Sends a GET request on a previously created HTTP Session.</doc>
<status status="PASS" start="2024-06-25T17:14:27.919401" elapsed="0.153322"/>
</kw>
<kw name="Set Variable" owner="BuiltIn">
<msg time="2024-06-25T17:14:28.073671" level="INFO">${json_data} = {'results': [{'gender': 'female', 'name': {'title': 'Ms', 'first': 'Julie', 'last': 'Hansen'}, 'location': {'street': {'number': 208, 'name': 'Landevejen'}, 'city': 'Aaborg Øst', 'state': 'Syddanmark'...</msg>
<var>${json_data}</var>
<arg>${response.json()}</arg>
<doc>Returns the given values which can then be assigned to a variables.</doc>
<status status="PASS" start="2024-06-25T17:14:28.073167" elapsed="0.000533"/>
</kw>
<kw name="Log" owner="BuiltIn">
<msg time="2024-06-25T17:14:28.074159" level="INFO">{'results': [{'gender': 'female', 'name': {'title': 'Ms', 'first': 'Julie', 'last': 'Hansen'}, 'location': {'street': {'number': 208, 'name': 'Landevejen'}, 'city': 'Aaborg Øst', 'state': 'Syddanmark', 'country': 'Denmark', 'postcode': 26684, 'coordinates': {'latitude': '-46.8795', 'longitude': '55.8056'}, 'timezone': {'offset': '+8:00', 'description': 'Beijing, Perth, Singapore, Hong Kong'}}, 'email': 'julie.hansen@example.com', 'login': {'uuid': '73ed070e-24cf-4eb4-990d-05f1610fe6d7', 'username': 'ticklishbear430', 'password': '1995', 'salt': 'pU05SqIJ', 'md5': '7df2cd2983ca55db79db70f1986ed6ec', 'sha1': '5cbaf0f25419289768e93c5f5f1ae00158007e57', 'sha256': '34b8c6e7adf16741a5546565f154fa8cb840271f100ef85a03615b7f1f49a0bf'}, 'dob': {'date': '1999-10-20T00:41:20.396Z', 'age': 24}, 'registered': {'date': '2004-06-25T03:24:24.818Z', 'age': 20}, 'phone': '00994844', 'cell': '46309008', 'id': {'name': 'CPR', 'value': '191099-0443'}, 'picture': {'large': 'https://randomuser.me/api/portraits/women/39.jpg', 'medium': 'https://randomuser.me/api/portraits/med/women/39.jpg', 'thumbnail': 'https://randomuser.me/api/portraits/thumb/women/39.jpg'}, 'nat': 'DK'}], 'info': {'seed': '291461094d605f05', 'results': 1, 'page': 1, 'version': '1.4'}}</msg>
<arg>${json_data}</arg>
<doc>Logs the given message with the given level.</doc>
<status status="PASS" start="2024-06-25T17:14:28.074005" elapsed="0.000205"/>
</kw>
<kw name="Should Be String" owner="String">
<arg>${json_data['results'][0]['gender']}</arg>
<doc>Fails if the given ``item`` is not a string.</doc>
<status status="PASS" start="2024-06-25T17:14:28.074556" elapsed="0.000367"/>
</kw>
<kw name="Should Match Regexp" owner="BuiltIn">
<arg>${json_data['results'][0]['email']}</arg>
<arg>^[a-zA-Z0-9._%+-]+@[a-zA-Z0-9.-]+\.[a-zA-Z]{2,}$</arg>
<doc>Fails if ``string`` does not match ``pattern`` as a regular expression.</doc>
<status status="PASS" start="2024-06-25T17:14:28.075110" elapsed="0.000561"/>
</kw>
<kw name="Should Match Regexp" owner="BuiltIn">
<arg>${json_data['results'][0]['dob']['date']}</arg>
<arg>\\d{4}-\\d{2}-\\d{2}T\\d{2}:\\d{2}:\\d{2}\\.\\d{3}Z</arg>
<doc>Fails if ``string`` does not match ``pattern`` as a regular expression.</doc>
<status status="PASS" start="2024-06-25T17:14:28.075865" elapsed="0.000478"/>
</kw>
<kw name="Should Match Regexp" owner="BuiltIn">
<arg>${json_data['results'][0]['registered']['date']}</arg>
<arg>\\d{4}-\\d{2}-\\d{2}T\\d{2}:\\d{2}:\\d{2}\\.\\d{3}Z</arg>
<doc>Fails if ``string`` does not match ``pattern`` as a regular expression.</doc>
<status status="PASS" start="2024-06-25T17:14:28.076528" elapsed="0.000358"/>
</kw>
<kw name="Should Match Regexp" owner="BuiltIn">
<arg>${json_data['results'][0]['picture']['large']}</arg>
<arg>^https?://.*\.(?:png|jpe?g|gif|bmp)$</arg>
<doc>Fails if ``string`` does not match ``pattern`` as a regular expression.</doc>
<status status="PASS" start="2024-06-25T17:14:28.077065" elapsed="0.000447"/>
</kw>
<kw name="Should Match Regexp" owner="BuiltIn">
<arg>${json_data['results'][0]['picture']['medium']}</arg>
<arg>^https?://.*\.(?:png|jpe?g|gif|bmp)$</arg>
<doc>Fails if ``string`` does not match ``pattern`` as a regular expression.</doc>
<status status="PASS" start="2024-06-25T17:14:28.077695" elapsed="0.000348"/>
</kw>
<kw name="Should Match Regexp" owner="BuiltIn">
<arg>${json_data['results'][0]['picture']['thumbnail']}</arg>
<arg>^https?://.*\.(?:png|jpe?g|gif|bmp)$</arg>
<doc>Fails if ``string`` does not match ``pattern`` as a regular expression.</doc>
<status status="PASS" start="2024-06-25T17:14:28.078223" elapsed="0.000369"/>
</kw>
<kw name="Log" owner="BuiltIn">
<msg time="2024-06-25T17:14:28.079096" level="INFO">{'large': 'https://randomuser.me/api/portraits/women/39.jpg', 'medium': 'https://randomuser.me/api/portraits/med/women/39.jpg', 'thumbnail': 'https://randomuser.me/api/portraits/thumb/women/39.jpg'}</msg>
<arg>${json_data['results'][0]['picture']}</arg>
<doc>Logs the given message with the given level.</doc>
<status status="PASS" start="2024-06-25T17:14:28.078769" elapsed="0.000369"/>
</kw>
<status status="PASS" start="2024-06-25T17:14:27.919181" elapsed="0.160209"/>
</kw>
<kw name="Teste de Tipos de Dados - Postcode" owner="random-user-service">
<kw name="GET On Session" owner="RequestsLibrary">
<msg time="2024-06-25T17:14:28.182634" level="INFO">GET Request : url=https://randomuser.me/api 
 path_url=/api 
 headers={'User-Agent': 'python-requests/2.32.3', 'Accept-Encoding': 'gzip, deflate', 'Accept': '*/*', 'Connection': 'keep-alive'} 
 body=None 
 </msg>
<msg time="2024-06-25T17:14:28.182724" level="INFO">GET Response : url=https://randomuser.me/api 
 status=200, reason=OK 
 headers={'Date': 'Tue, 25 Jun 2024 17:14:28 GMT', 'Content-Type': 'application/json; charset=utf-8', 'Transfer-Encoding': 'chunked', 'Connection': 'keep-alive', 'X-Powered-By': 'Express', 'Access-Control-Allow-Origin': '*', 'Cache-Control': 'no-cache', 'ETag': 'W/"48b-kuL+oYP1+ek//dxYPJlZLpzvN1c"', 'Vary': 'Accept-Encoding', 'Content-Encoding': 'gzip', 'CF-Cache-Status': 'DYNAMIC', 'Report-To': '{"endpoints":[{"url":"https:\\/\\/a.nel.cloudflare.com\\/report\\/v4?s=XK96o4iGrLZr77lUfXMFJi6Lgt2JUTSJj3GRF9czMCvArkHTzy4lBmOd3SKUSKXSW%2Fi3cT4LRVNmy6WaueTJBHN%2F9abc2aQaHMkPw7w1V0hLMX6aiyyHgBJIky9hfOTs"}],"group":"cf-nel","max_age":604800}', 'NEL': '{"success_fraction":0,"report_to":"cf-nel","max_age":604800}', 'Server': 'cloudflare', 'CF-RAY': '899698158ac51098-ORD', 'alt-svc': 'h3=":443"; ma=86400'} 
 body={"results":[{"gender":"male","name":{"title":"Mr","first":"Célestin","last":"Petit"},"location":{"street":{"number":3528,"name":"Rue Dubois"},"city":"Grenoble","state":"Meuse","country":"France","postcode":56219,"coordinates":{"latitude":"-14.1076","longitude":"-65.8751"},"timezone":{"offset":"+7:00","description":"Bangkok, Hanoi, Jakarta"}},"email":"celestin.petit@example.com","login":{"uuid":"2cc5d5b8-e2ea-4fa8-84d8-d615da38dbcd","username":"ticklishleopard839","password":"deer","salt":"6l4P7PHa","md5":"cf984c38df8aad970ad7e2c71bee4773","sha1":"16967618609ee885d3a36ee5679e3666b910a48d","sha256":"9796651fa62ac42eb69ce5693388fa2284155aff0dc3cfaa96edfa8d1444d10b"},"dob":{"date":"1968-11-19T02:04:28.578Z","age":55},"registered":{"date":"2003-07-16T19:10:44.810Z","age":20},"phone":"05-62-58-77-81","cell":"06-07-02-71-07","id":{"name":"INSEE","value":"1681093873082 05"},"picture":{"large":"https://randomuser.me/api/portraits/men/36.jpg","medium":"https://randomuser.me/api/portraits/med/men/36.jpg","thumbnail":"https://randomuser.me/api/portraits/thumb/men/36.jpg"},"nat":"FR"}],"info":{"seed":"6f1641049cbad7d2","results":1,"page":1,"version":"1.4"}} 
 </msg>
<msg time="2024-06-25T17:14:28.182791" level="INFO">/opt/hostedtoolcache/Python/3.12.4/x64/lib/python3.12/site-packages/urllib3/connectionpool.py:1099: InsecureRequestWarning: Unverified HTTPS request is being made to host 'randomuser.me'. Adding certificate verification is strongly advised. See: https://urllib3.readthedocs.io/en/latest/advanced-usage.html#tls-warnings
  warnings.warn(</msg>
<msg time="2024-06-25T17:14:28.182916" level="INFO">${response} = &lt;Response [200]&gt;</msg>
<var>${response}</var>
<arg>consultarAPI</arg>
<arg>/api</arg>
<doc>Sends a GET request on a previously created HTTP Session.</doc>
<status status="PASS" start="2024-06-25T17:14:28.079840" elapsed="0.103121"/>
</kw>
<kw name="Set Variable" owner="BuiltIn">
<msg time="2024-06-25T17:14:28.183906" level="INFO">${json_data} = {'results': [{'gender': 'male', 'name': {'title': 'Mr', 'first': 'Célestin', 'last': 'Petit'}, 'location': {'street': {'number': 3528, 'name': 'Rue Dubois'}, 'city': 'Grenoble', 'state': 'Meuse', 'cou...</msg>
<var>${json_data}</var>
<arg>${response.json()}</arg>
<doc>Returns the given values which can then be assigned to a variables.</doc>
<status status="PASS" start="2024-06-25T17:14:28.183416" elapsed="0.000519"/>
</kw>
<kw name="Log" owner="BuiltIn">
<msg time="2024-06-25T17:14:28.184405" level="INFO">{'results': [{'gender': 'male', 'name': {'title': 'Mr', 'first': 'Célestin', 'last': 'Petit'}, 'location': {'street': {'number': 3528, 'name': 'Rue Dubois'}, 'city': 'Grenoble', 'state': 'Meuse', 'country': 'France', 'postcode': 56219, 'coordinates': {'latitude': '-14.1076', 'longitude': '-65.8751'}, 'timezone': {'offset': '+7:00', 'description': 'Bangkok, Hanoi, Jakarta'}}, 'email': 'celestin.petit@example.com', 'login': {'uuid': '2cc5d5b8-e2ea-4fa8-84d8-d615da38dbcd', 'username': 'ticklishleopard839', 'password': 'deer', 'salt': '6l4P7PHa', 'md5': 'cf984c38df8aad970ad7e2c71bee4773', 'sha1': '16967618609ee885d3a36ee5679e3666b910a48d', 'sha256': '9796651fa62ac42eb69ce5693388fa2284155aff0dc3cfaa96edfa8d1444d10b'}, 'dob': {'date': '1968-11-19T02:04:28.578Z', 'age': 55}, 'registered': {'date': '2003-07-16T19:10:44.810Z', 'age': 20}, 'phone': '05-62-58-77-81', 'cell': '06-07-02-71-07', 'id': {'name': 'INSEE', 'value': '1681093873082 05'}, 'picture': {'large': 'https://randomuser.me/api/portraits/men/36.jpg', 'medium': 'https://randomuser.me/api/portraits/med/men/36.jpg', 'thumbnail': 'https://randomuser.me/api/portraits/thumb/men/36.jpg'}, 'nat': 'FR'}], 'info': {'seed': '6f1641049cbad7d2', 'results': 1, 'page': 1, 'version': '1.4'}}</msg>
<arg>${json_data}</arg>
<doc>Logs the given message with the given level.</doc>
<status status="PASS" start="2024-06-25T17:14:28.184238" elapsed="0.000216"/>
</kw>
<kw name="Should Be Equal As Numbers" owner="BuiltIn">
<arg>${json_data['results'][0]['location']['postcode']}</arg>
<arg>${json_data['results'][0]['location']['postcode']}</arg>
<doc>Fails if objects are unequal after converting them to real numbers.</doc>
<status status="PASS" start="2024-06-25T17:14:28.184749" elapsed="0.000621"/>
</kw>
<kw name="Log" owner="BuiltIn">
<msg time="2024-06-25T17:14:28.186047" level="INFO">56219</msg>
<arg>${json_data['results'][0]['location']['postcode']}</arg>
<doc>Logs the given message with the given level.</doc>
<status status="PASS" start="2024-06-25T17:14:28.185553" elapsed="0.000535"/>
</kw>
<status status="PASS" start="2024-06-25T17:14:28.079612" elapsed="0.106786"/>
</kw>
<doc>Testa se os tipos de dados na resposta da API estão corretos.</doc>
<tag>testeTiposDados</tag>
<status status="PASS" start="2024-06-25T17:14:27.918732" elapsed="0.267849"/>
</test>
<test id="s1-s1-t5" name="Validar conteudo" line="35">
<kw name="Teste de Tipos de Conteudo" owner="random-user-service">
<kw name="GET On Session" owner="RequestsLibrary">
<msg time="2024-06-25T17:14:28.235778" level="INFO">GET Request : url=https://randomuser.me/api 
 path_url=/api 
 headers={'User-Agent': 'python-requests/2.32.3', 'Accept-Encoding': 'gzip, deflate', 'Accept': '*/*', 'Connection': 'keep-alive'} 
 body=None 
 </msg>
<msg time="2024-06-25T17:14:28.235859" level="INFO">GET Response : url=https://randomuser.me/api 
 status=200, reason=OK 
 headers={'Date': 'Tue, 25 Jun 2024 17:14:28 GMT', 'Content-Type': 'application/json; charset=utf-8', 'Transfer-Encoding': 'chunked', 'Connection': 'keep-alive', 'X-Powered-By': 'Express', 'Access-Control-Allow-Origin': '*', 'Cache-Control': 'no-cache', 'ETag': 'W/"4ad-HD6L9rcgRXG8P9FE9bXKtO9eaO8"', 'Vary': 'Accept-Encoding', 'Content-Encoding': 'gzip', 'CF-Cache-Status': 'DYNAMIC', 'Report-To': '{"endpoints":[{"url":"https:\\/\\/a.nel.cloudflare.com\\/report\\/v4?s=B7bFvmpsfS3HDMR%2FxmI5nP6DxTnc0QXwQTXFCrn2mIj5UvbULiqeH%2BGKBGITYsTJnuhaC2FeHUSQH1qezRlKzDB2JNyq4UPe5j6QBm9Rh7arYSaSMQSs6vStsOMKLgLw"}],"group":"cf-nel","max_age":604800}', 'NEL': '{"success_fraction":0,"report_to":"cf-nel","max_age":604800}', 'Server': 'cloudflare', 'CF-RAY': '899698162bc41098-ORD', 'alt-svc': 'h3=":443"; ma=86400'} 
 body={"results":[{"gender":"female","name":{"title":"Miss","first":"Courtney","last":"Curtis"},"location":{"street":{"number":1020,"name":"Nowlin Rd"},"city":"Las Cruces","state":"Maryland","country":"United States","postcode":17835,"coordinates":{"latitude":"88.7144","longitude":"126.7320"},"timezone":{"offset":"+5:00","description":"Ekaterinburg, Islamabad, Karachi, Tashkent"}},"email":"courtney.curtis@example.com","login":{"uuid":"334a1876-1211-4561-a025-b150e1ce2b65","username":"goldenostrich202","password":"blackie","salt":"hhewxfNc","md5":"c3f021a49f266a64f2a2f51d48b5e5b1","sha1":"37d6e39f377f2c5a0b96595015f2a8f7edfbdde3","sha256":"1dad670ae047bbc9240b6bb94341b510c2a2f40f4acd3a4c182ce78b89113aa6"},"dob":{"date":"1962-11-10T04:59:12.129Z","age":61},"registered":{"date":"2002-12-22T21:27:27.679Z","age":21},"phone":"(288) 374-3764","cell":"(603) 907-3647","id":{"name":"SSN","value":"632-13-9626"},"picture":{"large":"https://randomuser.me/api/portraits/women/86.jpg","medium":"https://randomuser.me/api/portraits/med/women/86.jpg","thumbnail":"https://randomuser.me/api/portraits/thumb/women/86.jpg"},"nat":"US"}],"info":{"seed":"408133fa5081646f","results":1,"page":1,"version":"1.4"}} 
 </msg>
<msg time="2024-06-25T17:14:28.235932" level="INFO">/opt/hostedtoolcache/Python/3.12.4/x64/lib/python3.12/site-packages/urllib3/connectionpool.py:1099: InsecureRequestWarning: Unverified HTTPS request is being made to host 'randomuser.me'. Adding certificate verification is strongly advised. See: https://urllib3.readthedocs.io/en/latest/advanced-usage.html#tls-warnings
  warnings.warn(</msg>
<msg time="2024-06-25T17:14:28.236069" level="INFO">${response} = &lt;Response [200]&gt;</msg>
<var>${response}</var>
<arg>consultarAPI</arg>
<arg>/api</arg>
<doc>Sends a GET request on a previously created HTTP Session.</doc>
<status status="PASS" start="2024-06-25T17:14:28.189066" elapsed="0.047056"/>
</kw>
<kw name="Set Variable" owner="BuiltIn">
<msg time="2024-06-25T17:14:28.237064" level="INFO">${json_data} = {'results': [{'gender': 'female', 'name': {'title': 'Miss', 'first': 'Courtney', 'last': 'Curtis'}, 'location': {'street': {'number': 1020, 'name': 'Nowlin Rd'}, 'city': 'Las Cruces', 'state': 'Maryla...</msg>
<var>${json_data}</var>
<arg>${response.json()}</arg>
<doc>Returns the given values which can then be assigned to a variables.</doc>
<status status="PASS" start="2024-06-25T17:14:28.236585" elapsed="0.000507"/>
</kw>
<kw name="Set Variable" owner="BuiltIn">
<msg time="2024-06-25T17:14:28.237777" level="INFO">${name_title} = Miss</msg>
<var>${name_title}</var>
<arg>${json_data["results"][0]["name"]["title"]}</arg>
<doc>Returns the given values which can then be assigned to a variables.</doc>
<status status="PASS" start="2024-06-25T17:14:28.237391" elapsed="0.000414"/>
</kw>
<kw name="Create List" owner="BuiltIn">
<msg time="2024-06-25T17:14:28.238259" level="INFO">${allowed_titles} = ['Mr', 'Ms', 'Miss', 'Mrs', 'Madame', 'Monsieur']</msg>
<var>${allowed_titles}</var>
<arg>Mr</arg>
<arg>Ms</arg>
<arg>Miss</arg>
<arg>Mrs</arg>
<arg>Madame</arg>
<arg>Monsieur</arg>
<doc>Returns a list containing given items.</doc>
<status status="PASS" start="2024-06-25T17:14:28.238108" elapsed="0.000175"/>
</kw>
<kw name="List Should Contain Value" owner="Collections">
<arg>${allowed_titles}</arg>
<arg>${name_title}</arg>
<doc>Fails if the ``value`` is not found from ``list``.</doc>
<status status="PASS" start="2024-06-25T17:14:28.238627" elapsed="0.000182"/>
</kw>
<kw name="Set Variable" owner="BuiltIn">
<msg time="2024-06-25T17:14:28.239344" level="INFO">${name_country} = US</msg>
<var>${name_country}</var>
<arg>${json_data["results"][0]["nat"]}</arg>
<doc>Returns the given values which can then be assigned to a variables.</doc>
<status status="PASS" start="2024-06-25T17:14:28.238985" elapsed="0.000384"/>
</kw>
<kw name="Create List" owner="BuiltIn">
<msg time="2024-06-25T17:14:28.240243" level="INFO">${list_country} = ['AD', 'AE', 'AF', 'AG', 'AI', 'AL', 'AM', 'AO', 'AQ', 'AR', 'AS', 'AT', 'AU', 'AW', 'AX', 'AZ', 'BA', 'BB', 'BD', 'BE', 'BF', 'BG', 'BH', 'BI', 'BJ', 'BL', 'BM', 'BN', 'BO', 'BQ', 'BR', 'BS', 'BT', '...</msg>
<var>${list_country}</var>
<arg>AD</arg>
<arg>AE</arg>
<arg>AF</arg>
<arg>AG</arg>
<arg>AI</arg>
<arg>AL</arg>
<arg>AM</arg>
<arg>AO</arg>
<arg>AQ</arg>
<arg>AR</arg>
<arg>AS</arg>
<arg>AT</arg>
<arg>AU</arg>
<arg>AW</arg>
<arg>AX</arg>
<arg>AZ</arg>
<arg>BA</arg>
<arg>BB</arg>
<arg>BD</arg>
<arg>BE</arg>
<arg>BF</arg>
<arg>BG</arg>
<arg>BH</arg>
<arg>BI</arg>
<arg>BJ</arg>
<arg>BL</arg>
<arg>BM</arg>
<arg>BN</arg>
<arg>BO</arg>
<arg>BQ</arg>
<arg>BR</arg>
<arg>BS</arg>
<arg>BT</arg>
<arg>BV</arg>
<arg>BW</arg>
<arg>BY</arg>
<arg>BZ</arg>
<arg>CA</arg>
<arg>CC</arg>
<arg>CD</arg>
<arg>CF</arg>
<arg>CG</arg>
<arg>CH</arg>
<arg>CI</arg>
<arg>CK</arg>
<arg>CL</arg>
<arg>CM</arg>
<arg>CN</arg>
<arg>CO</arg>
<arg>CR</arg>
<arg>CU</arg>
<arg>CV</arg>
<arg>CW</arg>
<arg>CX</arg>
<arg>CY</arg>
<arg>CZ</arg>
<arg>DE</arg>
<arg>DJ</arg>
<arg>DK</arg>
<arg>DM</arg>
<arg>DO</arg>
<arg>DZ</arg>
<arg>EC</arg>
<arg>EE</arg>
<arg>EG</arg>
<arg>EH</arg>
<arg>ER</arg>
<arg>ES</arg>
<arg>ET</arg>
<arg>FI</arg>
<arg>FJ</arg>
<arg>FK</arg>
<arg>FM</arg>
<arg>FO</arg>
<arg>FR</arg>
<arg>GA</arg>
<arg>GB</arg>
<arg>GD</arg>
<arg>GE</arg>
<arg>GF</arg>
<arg>GG</arg>
<arg>GH</arg>
<arg>GI</arg>
<arg>GL</arg>
<arg>GM</arg>
<arg>GN</arg>
<arg>GP</arg>
<arg>GQ</arg>
<arg>GR</arg>
<arg>GS</arg>
<arg>GT</arg>
<arg>GU</arg>
<arg>GW</arg>
<arg>GY</arg>
<arg>HK</arg>
<arg>HM</arg>
<arg>HN</arg>
<arg>HR</arg>
<arg>HT</arg>
<arg>HU</arg>
<arg>ID</arg>
<arg>IE</arg>
<arg>IL</arg>
<arg>IM</arg>
<arg>IN</arg>
<arg>IO</arg>
<arg>IQ</arg>
<arg>IR</arg>
<arg>IS</arg>
<arg>IT</arg>
<arg>JE</arg>
<arg>JM</arg>
<arg>JO</arg>
<arg>JP</arg>
<arg>KE</arg>
<arg>KG</arg>
<arg>KH</arg>
<arg>KI</arg>
<arg>KM</arg>
<arg>KN</arg>
<arg>KP</arg>
<arg>KR</arg>
<arg>KW</arg>
<arg>KY</arg>
<arg>KZ</arg>
<arg>LA</arg>
<arg>LB</arg>
<arg>LC</arg>
<arg>LI</arg>
<arg>LK</arg>
<arg>LR</arg>
<arg>LS</arg>
<arg>LT</arg>
<arg>LU</arg>
<arg>LV</arg>
<arg>LY</arg>
<arg>MA</arg>
<arg>MC</arg>
<arg>MD</arg>
<arg>ME</arg>
<arg>MF</arg>
<arg>MG</arg>
<arg>MH</arg>
<arg>MK</arg>
<arg>ML</arg>
<arg>MM</arg>
<arg>MN</arg>
<arg>MO</arg>
<arg>MP</arg>
<arg>MQ</arg>
<arg>MR</arg>
<arg>MS</arg>
<arg>MT</arg>
<arg>MU</arg>
<arg>MV</arg>
<arg>MW</arg>
<arg>MX</arg>
<arg>MY</arg>
<arg>MZ</arg>
<arg>NA</arg>
<arg>NC</arg>
<arg>NE</arg>
<arg>NF</arg>
<arg>NG</arg>
<arg>NI</arg>
<arg>NL</arg>
<arg>NO</arg>
<arg>NP</arg>
<arg>NR</arg>
<arg>NU</arg>
<arg>NZ</arg>
<arg>OM</arg>
<arg>PA</arg>
<arg>PE</arg>
<arg>PF</arg>
<arg>PG</arg>
<arg>PH</arg>
<arg>PK</arg>
<arg>PL</arg>
<arg>PM</arg>
<arg>PN</arg>
<arg>PR</arg>
<arg>PS</arg>
<arg>PT</arg>
<arg>PW</arg>
<arg>PY</arg>
<arg>QA</arg>
<arg>RE</arg>
<arg>RO</arg>
<arg>RS</arg>
<arg>RU</arg>
<arg>RW</arg>
<arg>SA</arg>
<arg>SB</arg>
<arg>SC</arg>
<arg>SD</arg>
<arg>SE</arg>
<arg>SG</arg>
<arg>SH</arg>
<arg>SI</arg>
<arg>SJ</arg>
<arg>SK</arg>
<arg>SL</arg>
<arg>SM</arg>
<arg>SN</arg>
<arg>SO</arg>
<arg>SR</arg>
<arg>SS</arg>
<arg>ST</arg>
<arg>SV</arg>
<arg>SX</arg>
<arg>SY</arg>
<arg>SZ</arg>
<arg>TC</arg>
<arg>TD</arg>
<arg>TF</arg>
<arg>TG</arg>
<arg>TH</arg>
<arg>TJ</arg>
<arg>TK</arg>
<arg>TL</arg>
<arg>TM</arg>
<arg>TN</arg>
<arg>TO</arg>
<arg>TR</arg>
<arg>TT</arg>
<arg>TV</arg>
<arg>TW</arg>
<arg>TZ</arg>
<arg>UA</arg>
<arg>UG</arg>
<arg>UM</arg>
<arg>US</arg>
<arg>UY</arg>
<arg>UZ</arg>
<arg>VA</arg>
<arg>VC</arg>
<arg>VE</arg>
<arg>VG</arg>
<arg>VI</arg>
<arg>VN</arg>
<arg>VU</arg>
<arg>WF</arg>
<arg>WS</arg>
<arg>XK</arg>
<arg>YE</arg>
<arg>YT</arg>
<arg>ZA</arg>
<arg>ZM</arg>
<arg>ZW</arg>
<doc>Returns a list containing given items.</doc>
<status status="PASS" start="2024-06-25T17:14:28.239651" elapsed="0.000617"/>
</kw>
<kw name="List Should Contain Value" owner="Collections">
<arg>${list_country}</arg>
<arg>${name_country}</arg>
<doc>Fails if the ``value`` is not found from ``list``.</doc>
<status status="PASS" start="2024-06-25T17:14:28.241068" elapsed="0.000201"/>
</kw>
<kw name="Run Keyword If" owner="BuiltIn">
<kw name="Should Be True" owner="BuiltIn">
<arg>${True}</arg>
<doc>Fails if the given condition is not true.</doc>
<status status="PASS" start="2024-06-25T17:14:28.242192" elapsed="0.000141"/>
</kw>
<arg>${json_data["results"][0]["location"]["coordinates"]["latitude"]} &gt;= -90 and ${json_data["results"][0]["location"]["coordinates"]["latitude"]} &lt;= 90</arg>
<arg>Should Be True</arg>
<arg>${True}</arg>
<doc>Runs the given keyword with the given arguments, if ``condition`` is true.</doc>
<status status="PASS" start="2024-06-25T17:14:28.241463" elapsed="0.001019"/>
</kw>
<kw name="Run Keyword If" owner="BuiltIn">
<kw name="Should Be True" owner="BuiltIn">
<arg>${True}</arg>
<doc>Fails if the given condition is not true.</doc>
<status status="PASS" start="2024-06-25T17:14:28.243362" elapsed="0.000234"/>
</kw>
<arg>${json_data["results"][0]["location"]["coordinates"]["longitude"]} &gt;= -180 and ${json_data["results"][0]["location"]["coordinates"]["longitude"]} &lt;= 180</arg>
<arg>Should Be True</arg>
<arg>${True}</arg>
<doc>Runs the given keyword with the given arguments, if ``condition`` is true.</doc>
<status status="PASS" start="2024-06-25T17:14:28.242669" elapsed="0.001052"/>
</kw>
<status status="PASS" start="2024-06-25T17:14:28.188847" elapsed="0.055004"/>
</kw>
<doc>Testa o conteúdo específico dos campos retornados pela API.</doc>
<tag>testeConteudo</tag>
<status status="PASS" start="2024-06-25T17:14:28.188308" elapsed="0.055687"/>
</test>
<status status="PASS" start="2024-06-25T17:14:27.114960" elapsed="1.130930"/>
</suite>
<status status="PASS" start="2024-06-25T17:14:27.100700" elapsed="1.150312"/>
</suite>
<statistics>
<total>
<stat pass="5" fail="0" skip="0">All Tests</stat>
</total>
<tag>
<stat pass="1" fail="0" skip="0">testeConteudo</stat>
<stat pass="1" fail="0" skip="0">testeEstruturaResposta</stat>
<stat pass="1" fail="0" skip="0">testeRequisicaoBasica</stat>
<stat pass="1" fail="0" skip="0">testeTiposDados</stat>
</tag>
<suite>
<stat pass="5" fail="0" skip="0" id="s1" name="Tests">Tests</stat>
<stat pass="5" fail="0" skip="0" id="s1-s1" name="Random-User-Test">Tests.Random-User-Test</stat>
</suite>
</statistics>
<errors>
</errors>
</robot>
