<?xml version="1.0" encoding="UTF-8"?>
<robot generator="Robot 7.0.1 (Python 3.12.4 on linux)" generated="2024-08-08T19:12:21.041742" rpa="false" schemaversion="5">
<suite id="s1" name="Tests" source="/home/runner/work/ApiRandomUser/ApiRandomUser/RamdonUser/tests">
<suite id="s1-s1" name="Random-User-Test" source="/home/runner/work/ApiRandomUser/ApiRandomUser/RamdonUser/tests/random-user-test.robot">
<test id="s1-s1-t1" name="Conectar" line="13">
<kw name="Conectar API" owner="random-user-service">
<kw name="Create Session" owner="RequestsLibrary">
<msg time="2024-08-08T19:12:21.485000" level="INFO">Creating Session using : alias=consultarAPI, url=https://randomuser.me/, headers={},                     cookies={}, auth=None, timeout=None, proxies=None, verify=False,                     debug=0 </msg>
<arg>consultarAPI</arg>
<arg>${URL}</arg>
<doc>Create Session: create a HTTP session to a server</doc>
<status status="PASS" start="2024-08-08T19:12:21.484791" elapsed="0.000405"/>
</kw>
<status status="PASS" start="2024-08-08T19:12:21.483696" elapsed="0.001871"/>
</kw>
<status status="PASS" start="2024-08-08T19:12:21.483047" elapsed="0.002710"/>
</test>
<test id="s1-s1-t2" name="Validar retorno 200 e JSON Válido" line="16">
<kw name="Teste de Requisicao Basica" owner="random-user-service">
<kw name="GET On Session" owner="RequestsLibrary">
<msg time="2024-08-08T19:12:22.119070" level="INFO">GET Request : url=https://randomuser.me/api 
 path_url=/api 
 headers={'User-Agent': 'python-requests/2.32.3', 'Accept-Encoding': 'gzip, deflate', 'Accept': '*/*', 'Connection': 'keep-alive'} 
 body=None 
 </msg>
<msg time="2024-08-08T19:12:22.119224" level="INFO">GET Response : url=https://randomuser.me/api 
 status=200, reason=OK 
 headers={'Date': 'Thu, 08 Aug 2024 19:12:22 GMT', 'Content-Type': 'application/json; charset=utf-8', 'Transfer-Encoding': 'chunked', 'Connection': 'keep-alive', 'X-Powered-By': 'Express', 'Access-Control-Allow-Origin': '*', 'Cache-Control': 'no-cache', 'ETag': 'W/"49a-yxSsTojTNnnoXeByqxjq3Y8ML1E"', 'Vary': 'Accept-Encoding', 'Content-Encoding': 'gzip', 'CF-Cache-Status': 'DYNAMIC', 'Report-To': '{"endpoints":[{"url":"https:\\/\\/a.nel.cloudflare.com\\/report\\/v4?s=P%2FBYYAmS8anzotTjhyODbWRXGQFVtAOeMbBByvLc3UTGosGZt9A%2BqZLSfePBnZrWZ63hF5H0grCETsGSSApcG7ayyJRYD%2BUYUGXju0BXjDS1ZDxUCHxrksC13dKaFurL"}],"group":"cf-nel","max_age":604800}', 'NEL': '{"success_fraction":0,"report_to":"cf-nel","max_age":604800}', 'Server': 'cloudflare', 'CF-RAY': '8b01d1475a6fface-SJC', 'alt-svc': 'h3=":443"; ma=86400'} 
 body={"results":[{"gender":"male","name":{"title":"Mr","first":"Alberto","last":"Fuentes"},"location":{"street":{"number":9444,"name":"Paseo de Zorrilla"},"city":"Granada","state":"Región de Murcia","country":"Spain","postcode":84331,"coordinates":{"latitude":"-33.9044","longitude":"-145.1091"},"timezone":{"offset":"+9:00","description":"Tokyo, Seoul, Osaka, Sapporo, Yakutsk"}},"email":"alberto.fuentes@example.com","login":{"uuid":"04eff5fd-15bd-486e-ab3a-9c2815b62ce3","username":"bluemouse627","password":"power1","salt":"gwS1HA5Q","md5":"af043bbe75942492f363e6ae51abac67","sha1":"2c4cd7295f56203ae945b2dbd94631fe4873a4ed","sha256":"0ba2e5c7d9740f31387000a9e0c8e771c5a126283e2fc8212b62c764c59f8212"},"dob":{"date":"1987-09-16T06:59:30.628Z","age":36},"registered":{"date":"2005-02-25T23:36:37.583Z","age":19},"phone":"903-741-791","cell":"663-451-846","id":{"name":"DNI","value":"61870349-C"},"picture":{"large":"https://randomuser.me/api/portraits/men/54.jpg","medium":"https://randomuser.me/api/portraits/med/men/54.jpg","thumbnail":"https://randomuser.me/api/portraits/thumb/men/54.jpg"},"nat":"ES"}],"info":{"seed":"deafb7fda0b9e3f0","results":1,"page":1,"version":"1.4"}} 
 </msg>
<msg time="2024-08-08T19:12:22.119309" level="INFO">/opt/hostedtoolcache/Python/3.12.4/x64/lib/python3.12/site-packages/urllib3/connectionpool.py:1099: InsecureRequestWarning: Unverified HTTPS request is being made to host 'randomuser.me'. Adding certificate verification is strongly advised. See: https://urllib3.readthedocs.io/en/latest/advanced-usage.html#tls-warnings
  warnings.warn(</msg>
<msg time="2024-08-08T19:12:22.119465" level="INFO">${response} = &lt;Response [200]&gt;</msg>
<var>${response}</var>
<arg>consultarAPI</arg>
<arg>/api</arg>
<doc>Sends a GET request on a previously created HTTP Session.</doc>
<status status="PASS" start="2024-08-08T19:12:21.488452" elapsed="0.631057"/>
</kw>
<kw name="Should Be Equal As Numbers" owner="BuiltIn">
<msg time="2024-08-08T19:12:22.120564" level="INFO">Argument types are:
&lt;class 'int'&gt;
&lt;class 'str'&gt;</msg>
<arg>${response.status_code}</arg>
<arg>200</arg>
<doc>Fails if objects are unequal after converting them to real numbers.</doc>
<status status="PASS" start="2024-08-08T19:12:22.120108" elapsed="0.000519"/>
</kw>
<kw name="Log" owner="BuiltIn">
<msg time="2024-08-08T19:12:22.121277" level="INFO">200</msg>
<arg>${response.status_code}</arg>
<doc>Logs the given message with the given level.</doc>
<status status="PASS" start="2024-08-08T19:12:22.120932" elapsed="0.000384"/>
</kw>
<kw name="Set Variable" owner="BuiltIn">
<msg time="2024-08-08T19:12:22.122046" level="INFO">${json_data} = {'results': [{'gender': 'male', 'name': {'title': 'Mr', 'first': 'Alberto', 'last': 'Fuentes'}, 'location': {'street': {'number': 9444, 'name': 'Paseo de Zorrilla'}, 'city': 'Granada', 'state': 'Regió...</msg>
<var>${json_data}</var>
<arg>${response.json()}</arg>
<doc>Returns the given values which can then be assigned to a variables.</doc>
<status status="PASS" start="2024-08-08T19:12:22.121614" elapsed="0.000460"/>
</kw>
<kw name="Dictionary Should Contain Key" owner="Collections">
<arg>${json_data}</arg>
<arg>results</arg>
<doc>Fails if ``key`` is not found from ``dictionary``.</doc>
<status status="PASS" start="2024-08-08T19:12:22.122421" elapsed="0.000317"/>
</kw>
<status status="PASS" start="2024-08-08T19:12:21.488206" elapsed="0.634686"/>
</kw>
<doc>Testa se a API responde corretamente e retorna um objeto JSON válido.</doc>
<tag>testeRequisicaoBasica</tag>
<status status="PASS" start="2024-08-08T19:12:21.487692" elapsed="0.635369"/>
</test>
<test id="s1-s1-t3" name="Validar estrutura de resposta" line="22">
<kw name="Teste de Estrutura de Resposta" owner="random-user-service">
<kw name="GET On Session" owner="RequestsLibrary">
<msg time="2024-08-08T19:12:22.409088" level="INFO">GET Request : url=https://randomuser.me/api 
 path_url=/api 
 headers={'User-Agent': 'python-requests/2.32.3', 'Accept-Encoding': 'gzip, deflate', 'Accept': '*/*', 'Connection': 'keep-alive'} 
 body=None 
 </msg>
<msg time="2024-08-08T19:12:22.409187" level="INFO">GET Response : url=https://randomuser.me/api 
 status=200, reason=OK 
 headers={'Date': 'Thu, 08 Aug 2024 19:12:22 GMT', 'Content-Type': 'application/json; charset=utf-8', 'Transfer-Encoding': 'chunked', 'Connection': 'keep-alive', 'X-Powered-By': 'Express', 'Access-Control-Allow-Origin': '*', 'Cache-Control': 'no-cache', 'ETag': 'W/"493-DJ/n9YN11w4C7MYqmLqyoAgJYDs"', 'Vary': 'Accept-Encoding', 'Content-Encoding': 'gzip', 'CF-Cache-Status': 'DYNAMIC', 'Report-To': '{"endpoints":[{"url":"https:\\/\\/a.nel.cloudflare.com\\/report\\/v4?s=RYrnZAEy33zA7WXcwkToGYhsZbkIZ07nU5PZwvUprFHJGL5st%2F5BWXHx39WfHGJshxdEHZPYAJJmWEFebhnthwLoucf5pQpxlyFp0KnLX85cIvs2ndg6C3PWicJ7yNXm"}],"group":"cf-nel","max_age":604800}', 'NEL': '{"success_fraction":0,"report_to":"cf-nel","max_age":604800}', 'Server': 'cloudflare', 'CF-RAY': '8b01d14a4d00face-SJC', 'alt-svc': 'h3=":443"; ma=86400'} 
 body={"results":[{"gender":"female","name":{"title":"Miss","first":"Diana","last":"Cornejo"},"location":{"street":{"number":9108,"name":"Eje vial Carmona"},"city":"Chochola","state":"Durango","country":"Mexico","postcode":51773,"coordinates":{"latitude":"27.9948","longitude":"176.3804"},"timezone":{"offset":"+2:00","description":"Kaliningrad, South Africa"}},"email":"diana.cornejo@example.com","login":{"uuid":"4418e924-7096-4a30-91e7-8d0046ca6b03","username":"lazylion845","password":"throat","salt":"aMzPmaeg","md5":"7e6ae3c5f90ffea05838500d7de17277","sha1":"acb3d4cadea97dbff0a79f87091f0aebeeb6702f","sha256":"941a4d5bf5e77255f783bd007e10f0efbf3e9b96ffda946d2d69ef3f7f0e1b7a"},"dob":{"date":"1944-09-29T18:24:24.830Z","age":79},"registered":{"date":"2002-06-01T10:53:55.717Z","age":22},"phone":"(647) 637 0263","cell":"(642) 707 3259","id":{"name":"NSS","value":"04 89 56 8046 9"},"picture":{"large":"https://randomuser.me/api/portraits/women/24.jpg","medium":"https://randomuser.me/api/portraits/med/women/24.jpg","thumbnail":"https://randomuser.me/api/portraits/thumb/women/24.jpg"},"nat":"MX"}],"info":{"seed":"765838ab10b03de4","results":1,"page":1,"version":"1.4"}} 
 </msg>
<msg time="2024-08-08T19:12:22.409321" level="INFO">/opt/hostedtoolcache/Python/3.12.4/x64/lib/python3.12/site-packages/urllib3/connectionpool.py:1099: InsecureRequestWarning: Unverified HTTPS request is being made to host 'randomuser.me'. Adding certificate verification is strongly advised. See: https://urllib3.readthedocs.io/en/latest/advanced-usage.html#tls-warnings
  warnings.warn(</msg>
<msg time="2024-08-08T19:12:22.409465" level="INFO">${response} = &lt;Response [200]&gt;</msg>
<var>${response}</var>
<arg>consultarAPI</arg>
<arg>/api</arg>
<doc>Sends a GET request on a previously created HTTP Session.</doc>
<status status="PASS" start="2024-08-08T19:12:22.125646" elapsed="0.283860"/>
</kw>
<kw name="Set Variable" owner="BuiltIn">
<msg time="2024-08-08T19:12:22.410582" level="INFO">${json_data} = {'results': [{'gender': 'female', 'name': {'title': 'Miss', 'first': 'Diana', 'last': 'Cornejo'}, 'location': {'street': {'number': 9108, 'name': 'Eje vial Carmona'}, 'city': 'Chochola', 'state': 'Dur...</msg>
<var>${json_data}</var>
<arg>${response.json()}</arg>
<doc>Returns the given values which can then be assigned to a variables.</doc>
<status status="PASS" start="2024-08-08T19:12:22.410027" elapsed="0.000584"/>
</kw>
<kw name="Log" owner="BuiltIn">
<msg time="2024-08-08T19:12:22.411081" level="INFO">{'results': [{'gender': 'female', 'name': {'title': 'Miss', 'first': 'Diana', 'last': 'Cornejo'}, 'location': {'street': {'number': 9108, 'name': 'Eje vial Carmona'}, 'city': 'Chochola', 'state': 'Durango', 'country': 'Mexico', 'postcode': 51773, 'coordinates': {'latitude': '27.9948', 'longitude': '176.3804'}, 'timezone': {'offset': '+2:00', 'description': 'Kaliningrad, South Africa'}}, 'email': 'diana.cornejo@example.com', 'login': {'uuid': '4418e924-7096-4a30-91e7-8d0046ca6b03', 'username': 'lazylion845', 'password': 'throat', 'salt': 'aMzPmaeg', 'md5': '7e6ae3c5f90ffea05838500d7de17277', 'sha1': 'acb3d4cadea97dbff0a79f87091f0aebeeb6702f', 'sha256': '941a4d5bf5e77255f783bd007e10f0efbf3e9b96ffda946d2d69ef3f7f0e1b7a'}, 'dob': {'date': '1944-09-29T18:24:24.830Z', 'age': 79}, 'registered': {'date': '2002-06-01T10:53:55.717Z', 'age': 22}, 'phone': '(647) 637 0263', 'cell': '(642) 707 3259', 'id': {'name': 'NSS', 'value': '04 89 56 8046 9'}, 'picture': {'large': 'https://randomuser.me/api/portraits/women/24.jpg', 'medium': 'https://randomuser.me/api/portraits/med/women/24.jpg', 'thumbnail': 'https://randomuser.me/api/portraits/thumb/women/24.jpg'}, 'nat': 'MX'}], 'info': {'seed': '765838ab10b03de4', 'results': 1, 'page': 1, 'version': '1.4'}}</msg>
<arg>${json_data}</arg>
<doc>Logs the given message with the given level.</doc>
<status status="PASS" start="2024-08-08T19:12:22.410921" elapsed="0.000218"/>
</kw>
<kw name="Dictionary Should Contain Key" owner="Collections">
<arg>${json_data}</arg>
<arg>results</arg>
<doc>Fails if ``key`` is not found from ``dictionary``.</doc>
<status status="PASS" start="2024-08-08T19:12:22.411428" elapsed="0.000162"/>
</kw>
<kw name="Should Not Be Empty" owner="BuiltIn">
<msg time="2024-08-08T19:12:22.411894" level="INFO">Length is 2.</msg>
<arg>${json_data}</arg>
<doc>Verifies that the given item is not empty.</doc>
<status status="PASS" start="2024-08-08T19:12:22.411770" elapsed="0.000160"/>
</kw>
<kw name="Create List" owner="BuiltIn">
<msg time="2024-08-08T19:12:22.412365" level="INFO">${expected_keys} = ['gender', 'name', 'location', 'email', 'login']</msg>
<var>${expected_keys}</var>
<arg>gender</arg>
<arg>name</arg>
<arg>location</arg>
<arg>email</arg>
<arg>login</arg>
<doc>Returns a list containing given items.</doc>
<status status="PASS" start="2024-08-08T19:12:22.412212" elapsed="0.000177"/>
</kw>
<for flavor="IN">
<iter>
<kw name="Dictionary Should Contain Key" owner="Collections">
<arg>${json_data['results'][0]}</arg>
<arg>${key}</arg>
<doc>Fails if ``key`` is not found from ``dictionary``.</doc>
<status status="PASS" start="2024-08-08T19:12:22.412956" elapsed="0.000414"/>
</kw>
<kw name="Log" owner="BuiltIn">
<msg time="2024-08-08T19:12:22.413913" level="INFO">{'gender': 'female', 'name': {'title': 'Miss', 'first': 'Diana', 'last': 'Cornejo'}, 'location': {'street': {'number': 9108, 'name': 'Eje vial Carmona'}, 'city': 'Chochola', 'state': 'Durango', 'country': 'Mexico', 'postcode': 51773, 'coordinates': {'latitude': '27.9948', 'longitude': '176.3804'}, 'timezone': {'offset': '+2:00', 'description': 'Kaliningrad, South Africa'}}, 'email': 'diana.cornejo@example.com', 'login': {'uuid': '4418e924-7096-4a30-91e7-8d0046ca6b03', 'username': 'lazylion845', 'password': 'throat', 'salt': 'aMzPmaeg', 'md5': '7e6ae3c5f90ffea05838500d7de17277', 'sha1': 'acb3d4cadea97dbff0a79f87091f0aebeeb6702f', 'sha256': '941a4d5bf5e77255f783bd007e10f0efbf3e9b96ffda946d2d69ef3f7f0e1b7a'}, 'dob': {'date': '1944-09-29T18:24:24.830Z', 'age': 79}, 'registered': {'date': '2002-06-01T10:53:55.717Z', 'age': 22}, 'phone': '(647) 637 0263', 'cell': '(642) 707 3259', 'id': {'name': 'NSS', 'value': '04 89 56 8046 9'}, 'picture': {'large': 'https://randomuser.me/api/portraits/women/24.jpg', 'medium': 'https://randomuser.me/api/portraits/med/women/24.jpg', 'thumbnail': 'https://randomuser.me/api/portraits/thumb/women/24.jpg'}, 'nat': 'MX'}</msg>
<arg>${json_data['results'][0]}</arg>
<doc>Logs the given message with the given level.</doc>
<status status="PASS" start="2024-08-08T19:12:22.413560" elapsed="0.000411"/>
</kw>
<kw name="Log" owner="BuiltIn">
<msg time="2024-08-08T19:12:22.414423" level="INFO">gender</msg>
<arg>${key}</arg>
<doc>Logs the given message with the given level.</doc>
<status status="PASS" start="2024-08-08T19:12:22.414293" elapsed="0.000168"/>
</kw>
<var name="${key}">gender</var>
<status status="PASS" start="2024-08-08T19:12:22.412836" elapsed="0.001865"/>
</iter>
<iter>
<kw name="Dictionary Should Contain Key" owner="Collections">
<arg>${json_data['results'][0]}</arg>
<arg>${key}</arg>
<doc>Fails if ``key`` is not found from ``dictionary``.</doc>
<status status="PASS" start="2024-08-08T19:12:22.415028" elapsed="0.000394"/>
</kw>
<kw name="Log" owner="BuiltIn">
<msg time="2024-08-08T19:12:22.415952" level="INFO">{'gender': 'female', 'name': {'title': 'Miss', 'first': 'Diana', 'last': 'Cornejo'}, 'location': {'street': {'number': 9108, 'name': 'Eje vial Carmona'}, 'city': 'Chochola', 'state': 'Durango', 'country': 'Mexico', 'postcode': 51773, 'coordinates': {'latitude': '27.9948', 'longitude': '176.3804'}, 'timezone': {'offset': '+2:00', 'description': 'Kaliningrad, South Africa'}}, 'email': 'diana.cornejo@example.com', 'login': {'uuid': '4418e924-7096-4a30-91e7-8d0046ca6b03', 'username': 'lazylion845', 'password': 'throat', 'salt': 'aMzPmaeg', 'md5': '7e6ae3c5f90ffea05838500d7de17277', 'sha1': 'acb3d4cadea97dbff0a79f87091f0aebeeb6702f', 'sha256': '941a4d5bf5e77255f783bd007e10f0efbf3e9b96ffda946d2d69ef3f7f0e1b7a'}, 'dob': {'date': '1944-09-29T18:24:24.830Z', 'age': 79}, 'registered': {'date': '2002-06-01T10:53:55.717Z', 'age': 22}, 'phone': '(647) 637 0263', 'cell': '(642) 707 3259', 'id': {'name': 'NSS', 'value': '04 89 56 8046 9'}, 'picture': {'large': 'https://randomuser.me/api/portraits/women/24.jpg', 'medium': 'https://randomuser.me/api/portraits/med/women/24.jpg', 'thumbnail': 'https://randomuser.me/api/portraits/thumb/women/24.jpg'}, 'nat': 'MX'}</msg>
<arg>${json_data['results'][0]}</arg>
<doc>Logs the given message with the given level.</doc>
<status status="PASS" start="2024-08-08T19:12:22.415603" elapsed="0.000430"/>
</kw>
<kw name="Log" owner="BuiltIn">
<msg time="2024-08-08T19:12:22.416455" level="INFO">name</msg>
<arg>${key}</arg>
<doc>Logs the given message with the given level.</doc>
<status status="PASS" start="2024-08-08T19:12:22.416328" elapsed="0.000164"/>
</kw>
<var name="${key}">name</var>
<status status="PASS" start="2024-08-08T19:12:22.414900" elapsed="0.001809"/>
</iter>
<iter>
<kw name="Dictionary Should Contain Key" owner="Collections">
<arg>${json_data['results'][0]}</arg>
<arg>${key}</arg>
<doc>Fails if ``key`` is not found from ``dictionary``.</doc>
<status status="PASS" start="2024-08-08T19:12:22.416992" elapsed="0.000374"/>
</kw>
<kw name="Log" owner="BuiltIn">
<msg time="2024-08-08T19:12:22.417889" level="INFO">{'gender': 'female', 'name': {'title': 'Miss', 'first': 'Diana', 'last': 'Cornejo'}, 'location': {'street': {'number': 9108, 'name': 'Eje vial Carmona'}, 'city': 'Chochola', 'state': 'Durango', 'country': 'Mexico', 'postcode': 51773, 'coordinates': {'latitude': '27.9948', 'longitude': '176.3804'}, 'timezone': {'offset': '+2:00', 'description': 'Kaliningrad, South Africa'}}, 'email': 'diana.cornejo@example.com', 'login': {'uuid': '4418e924-7096-4a30-91e7-8d0046ca6b03', 'username': 'lazylion845', 'password': 'throat', 'salt': 'aMzPmaeg', 'md5': '7e6ae3c5f90ffea05838500d7de17277', 'sha1': 'acb3d4cadea97dbff0a79f87091f0aebeeb6702f', 'sha256': '941a4d5bf5e77255f783bd007e10f0efbf3e9b96ffda946d2d69ef3f7f0e1b7a'}, 'dob': {'date': '1944-09-29T18:24:24.830Z', 'age': 79}, 'registered': {'date': '2002-06-01T10:53:55.717Z', 'age': 22}, 'phone': '(647) 637 0263', 'cell': '(642) 707 3259', 'id': {'name': 'NSS', 'value': '04 89 56 8046 9'}, 'picture': {'large': 'https://randomuser.me/api/portraits/women/24.jpg', 'medium': 'https://randomuser.me/api/portraits/med/women/24.jpg', 'thumbnail': 'https://randomuser.me/api/portraits/thumb/women/24.jpg'}, 'nat': 'MX'}</msg>
<arg>${json_data['results'][0]}</arg>
<doc>Logs the given message with the given level.</doc>
<status status="PASS" start="2024-08-08T19:12:22.417543" elapsed="0.000403"/>
</kw>
<kw name="Log" owner="BuiltIn">
<msg time="2024-08-08T19:12:22.418426" level="INFO">location</msg>
<arg>${key}</arg>
<doc>Logs the given message with the given level.</doc>
<status status="PASS" start="2024-08-08T19:12:22.418295" elapsed="0.000168"/>
</kw>
<var name="${key}">location</var>
<status status="PASS" start="2024-08-08T19:12:22.416884" elapsed="0.001796"/>
</iter>
<iter>
<kw name="Dictionary Should Contain Key" owner="Collections">
<arg>${json_data['results'][0]}</arg>
<arg>${key}</arg>
<doc>Fails if ``key`` is not found from ``dictionary``.</doc>
<status status="PASS" start="2024-08-08T19:12:22.418952" elapsed="0.000381"/>
</kw>
<kw name="Log" owner="BuiltIn">
<msg time="2024-08-08T19:12:22.419988" level="INFO">{'gender': 'female', 'name': {'title': 'Miss', 'first': 'Diana', 'last': 'Cornejo'}, 'location': {'street': {'number': 9108, 'name': 'Eje vial Carmona'}, 'city': 'Chochola', 'state': 'Durango', 'country': 'Mexico', 'postcode': 51773, 'coordinates': {'latitude': '27.9948', 'longitude': '176.3804'}, 'timezone': {'offset': '+2:00', 'description': 'Kaliningrad, South Africa'}}, 'email': 'diana.cornejo@example.com', 'login': {'uuid': '4418e924-7096-4a30-91e7-8d0046ca6b03', 'username': 'lazylion845', 'password': 'throat', 'salt': 'aMzPmaeg', 'md5': '7e6ae3c5f90ffea05838500d7de17277', 'sha1': 'acb3d4cadea97dbff0a79f87091f0aebeeb6702f', 'sha256': '941a4d5bf5e77255f783bd007e10f0efbf3e9b96ffda946d2d69ef3f7f0e1b7a'}, 'dob': {'date': '1944-09-29T18:24:24.830Z', 'age': 79}, 'registered': {'date': '2002-06-01T10:53:55.717Z', 'age': 22}, 'phone': '(647) 637 0263', 'cell': '(642) 707 3259', 'id': {'name': 'NSS', 'value': '04 89 56 8046 9'}, 'picture': {'large': 'https://randomuser.me/api/portraits/women/24.jpg', 'medium': 'https://randomuser.me/api/portraits/med/women/24.jpg', 'thumbnail': 'https://randomuser.me/api/portraits/thumb/women/24.jpg'}, 'nat': 'MX'}</msg>
<arg>${json_data['results'][0]}</arg>
<doc>Logs the given message with the given level.</doc>
<status status="PASS" start="2024-08-08T19:12:22.419639" elapsed="0.000395"/>
</kw>
<kw name="Log" owner="BuiltIn">
<msg time="2024-08-08T19:12:22.420456" level="INFO">email</msg>
<arg>${key}</arg>
<doc>Logs the given message with the given level.</doc>
<status status="PASS" start="2024-08-08T19:12:22.420327" elapsed="0.000167"/>
</kw>
<var name="${key}">email</var>
<status status="PASS" start="2024-08-08T19:12:22.418847" elapsed="0.001863"/>
</iter>
<iter>
<kw name="Dictionary Should Contain Key" owner="Collections">
<arg>${json_data['results'][0]}</arg>
<arg>${key}</arg>
<doc>Fails if ``key`` is not found from ``dictionary``.</doc>
<status status="PASS" start="2024-08-08T19:12:22.420985" elapsed="0.000371"/>
</kw>
<kw name="Log" owner="BuiltIn">
<msg time="2024-08-08T19:12:22.421877" level="INFO">{'gender': 'female', 'name': {'title': 'Miss', 'first': 'Diana', 'last': 'Cornejo'}, 'location': {'street': {'number': 9108, 'name': 'Eje vial Carmona'}, 'city': 'Chochola', 'state': 'Durango', 'country': 'Mexico', 'postcode': 51773, 'coordinates': {'latitude': '27.9948', 'longitude': '176.3804'}, 'timezone': {'offset': '+2:00', 'description': 'Kaliningrad, South Africa'}}, 'email': 'diana.cornejo@example.com', 'login': {'uuid': '4418e924-7096-4a30-91e7-8d0046ca6b03', 'username': 'lazylion845', 'password': 'throat', 'salt': 'aMzPmaeg', 'md5': '7e6ae3c5f90ffea05838500d7de17277', 'sha1': 'acb3d4cadea97dbff0a79f87091f0aebeeb6702f', 'sha256': '941a4d5bf5e77255f783bd007e10f0efbf3e9b96ffda946d2d69ef3f7f0e1b7a'}, 'dob': {'date': '1944-09-29T18:24:24.830Z', 'age': 79}, 'registered': {'date': '2002-06-01T10:53:55.717Z', 'age': 22}, 'phone': '(647) 637 0263', 'cell': '(642) 707 3259', 'id': {'name': 'NSS', 'value': '04 89 56 8046 9'}, 'picture': {'large': 'https://randomuser.me/api/portraits/women/24.jpg', 'medium': 'https://randomuser.me/api/portraits/med/women/24.jpg', 'thumbnail': 'https://randomuser.me/api/portraits/thumb/women/24.jpg'}, 'nat': 'MX'}</msg>
<arg>${json_data['results'][0]}</arg>
<doc>Logs the given message with the given level.</doc>
<status status="PASS" start="2024-08-08T19:12:22.421535" elapsed="0.000388"/>
</kw>
<kw name="Log" owner="BuiltIn">
<msg time="2024-08-08T19:12:22.422362" level="INFO">login</msg>
<arg>${key}</arg>
<doc>Logs the given message with the given level.</doc>
<status status="PASS" start="2024-08-08T19:12:22.422228" elapsed="0.000171"/>
</kw>
<var name="${key}">login</var>
<status status="PASS" start="2024-08-08T19:12:22.420880" elapsed="0.001731"/>
</iter>
<var>${key}</var>
<value>@{expected_keys}</value>
<status status="PASS" start="2024-08-08T19:12:22.412645" elapsed="0.010096"/>
</for>
<kw name="Create List" owner="BuiltIn">
<msg time="2024-08-08T19:12:22.423065" level="INFO">${expected_keysTwo} = ['username', 'password']</msg>
<var>${expected_keysTwo}</var>
<arg>username</arg>
<arg>password</arg>
<doc>Returns a list containing given items.</doc>
<status status="PASS" start="2024-08-08T19:12:22.422932" elapsed="0.000185"/>
</kw>
<for flavor="IN">
<iter>
<kw name="Dictionary Should Contain Key" owner="Collections">
<arg>${json_data['results'][0]['login']}</arg>
<arg>${keyTwo}</arg>
<doc>Fails if ``key`` is not found from ``dictionary``.</doc>
<status status="PASS" start="2024-08-08T19:12:22.423626" elapsed="0.000390"/>
</kw>
<kw name="Dictionary Should Contain Key" owner="Collections">
<arg>${json_data['results'][0]['login']}</arg>
<arg>${keyTwo}</arg>
<doc>Fails if ``key`` is not found from ``dictionary``.</doc>
<status status="PASS" start="2024-08-08T19:12:22.424193" elapsed="0.000374"/>
</kw>
<kw name="Log" owner="BuiltIn">
<msg time="2024-08-08T19:12:22.424871" level="INFO">username</msg>
<arg>${keyTwo}</arg>
<doc>Logs the given message with the given level.</doc>
<status status="PASS" start="2024-08-08T19:12:22.424747" elapsed="0.000161"/>
</kw>
<var name="${keyTwo}">username</var>
<status status="PASS" start="2024-08-08T19:12:22.423510" elapsed="0.001615"/>
</iter>
<iter>
<kw name="Dictionary Should Contain Key" owner="Collections">
<arg>${json_data['results'][0]['login']}</arg>
<arg>${keyTwo}</arg>
<doc>Fails if ``key`` is not found from ``dictionary``.</doc>
<status status="PASS" start="2024-08-08T19:12:22.425394" elapsed="0.000380"/>
</kw>
<kw name="Dictionary Should Contain Key" owner="Collections">
<arg>${json_data['results'][0]['login']}</arg>
<arg>${keyTwo}</arg>
<doc>Fails if ``key`` is not found from ``dictionary``.</doc>
<status status="PASS" start="2024-08-08T19:12:22.425949" elapsed="0.000419"/>
</kw>
<kw name="Log" owner="BuiltIn">
<msg time="2024-08-08T19:12:22.426665" level="INFO">password</msg>
<arg>${keyTwo}</arg>
<doc>Logs the given message with the given level.</doc>
<status status="PASS" start="2024-08-08T19:12:22.426545" elapsed="0.000157"/>
</kw>
<var name="${keyTwo}">password</var>
<status status="PASS" start="2024-08-08T19:12:22.425292" elapsed="0.001628"/>
</iter>
<var>${keyTwo}</var>
<value>@{expected_keysTwo}</value>
<status status="PASS" start="2024-08-08T19:12:22.423361" elapsed="0.003678"/>
</for>
<status status="PASS" start="2024-08-08T19:12:22.125414" elapsed="0.301766"/>
</kw>
<doc>Testa a estrutura da resposta da API.</doc>
<tag>testeEstruturaResposta</tag>
<status status="PASS" start="2024-08-08T19:12:22.124899" elapsed="0.302438"/>
</test>
<test id="s1-s1-t4" name="Validar tipos de dados" line="28">
<kw name="Teste de Tipos de Dados" owner="random-user-service">
<kw name="GET On Session" owner="RequestsLibrary">
<msg time="2024-08-08T19:12:22.572613" level="INFO">GET Request : url=https://randomuser.me/api 
 path_url=/api 
 headers={'User-Agent': 'python-requests/2.32.3', 'Accept-Encoding': 'gzip, deflate', 'Accept': '*/*', 'Connection': 'keep-alive'} 
 body=None 
 </msg>
<msg time="2024-08-08T19:12:22.572722" level="INFO">GET Response : url=https://randomuser.me/api 
 status=200, reason=OK 
 headers={'Date': 'Thu, 08 Aug 2024 19:12:22 GMT', 'Content-Type': 'application/json; charset=utf-8', 'Transfer-Encoding': 'chunked', 'Connection': 'keep-alive', 'X-Powered-By': 'Express', 'Access-Control-Allow-Origin': '*', 'Cache-Control': 'no-cache', 'ETag': 'W/"49a-JRqzFA2GbmUGs+U4FSJfMh9l/XU"', 'Vary': 'Accept-Encoding', 'Content-Encoding': 'gzip', 'CF-Cache-Status': 'DYNAMIC', 'Report-To': '{"endpoints":[{"url":"https:\\/\\/a.nel.cloudflare.com\\/report\\/v4?s=GiswpUTD%2Bq%2Bxac5ZKVj9LwdSYWTM1yAvDafDJP5PG%2BsTCZVdDng9aMatJbfKBR%2FxQFBqVmDVzqspcDWxwB5I9mMtibQqM9ZPPDdo7%2BuZDOipAW1mGHGeK6HV2V%2BGylv6"}],"group":"cf-nel","max_age":604800}', 'NEL': '{"success_fraction":0,"report_to":"cf-nel","max_age":604800}', 'Server': 'cloudflare', 'CF-RAY': '8b01d14c3e92face-SJC', 'alt-svc': 'h3=":443"; ma=86400'} 
 body={"results":[{"gender":"female","name":{"title":"Mrs","first":"Malou","last":"Hansen"},"location":{"street":{"number":2825,"name":"Kildevænget"},"city":"St.Merløse","state":"Hovedstaden","country":"Denmark","postcode":41089,"coordinates":{"latitude":"-43.0856","longitude":"4.5139"},"timezone":{"offset":"0:00","description":"Western Europe Time, London, Lisbon, Casablanca"}},"email":"malou.hansen@example.com","login":{"uuid":"925646c3-55c7-4180-8807-1d0630a40d65","username":"heavybird853","password":"7654321","salt":"wVEgHatI","md5":"8c2773d6fac10f467b5f8c0a0a9c4a09","sha1":"cdbb377e60d119b3102a946f4a72f29521c3b894","sha256":"174ae754a32dacb6dc374df6fd5f4c97dde65dc21ae8a87ba52b94f94d491094"},"dob":{"date":"1947-06-30T12:03:23.259Z","age":77},"registered":{"date":"2010-05-05T17:11:57.144Z","age":14},"phone":"06208336","cell":"13820439","id":{"name":"CPR","value":"300647-8442"},"picture":{"large":"https://randomuser.me/api/portraits/women/23.jpg","medium":"https://randomuser.me/api/portraits/med/women/23.jpg","thumbnail":"https://randomuser.me/api/portraits/thumb/women/23.jpg"},"nat":"DK"}],"info":{"seed":"8b1556a1fa1ec355","results":1,"page":1,"version":"1.4"}} 
 </msg>
<msg time="2024-08-08T19:12:22.572807" level="INFO">/opt/hostedtoolcache/Python/3.12.4/x64/lib/python3.12/site-packages/urllib3/connectionpool.py:1099: InsecureRequestWarning: Unverified HTTPS request is being made to host 'randomuser.me'. Adding certificate verification is strongly advised. See: https://urllib3.readthedocs.io/en/latest/advanced-usage.html#tls-warnings
  warnings.warn(</msg>
<msg time="2024-08-08T19:12:22.572939" level="INFO">${response} = &lt;Response [200]&gt;</msg>
<var>${response}</var>
<arg>consultarAPI</arg>
<arg>/api</arg>
<doc>Sends a GET request on a previously created HTTP Session.</doc>
<status status="PASS" start="2024-08-08T19:12:22.429873" elapsed="0.143104"/>
</kw>
<kw name="Set Variable" owner="BuiltIn">
<msg time="2024-08-08T19:12:22.574079" level="INFO">${json_data} = {'results': [{'gender': 'female', 'name': {'title': 'Mrs', 'first': 'Malou', 'last': 'Hansen'}, 'location': {'street': {'number': 2825, 'name': 'Kildevænget'}, 'city': 'St.Merløse', 'state': 'Hovedsta...</msg>
<var>${json_data}</var>
<arg>${response.json()}</arg>
<doc>Returns the given values which can then be assigned to a variables.</doc>
<status status="PASS" start="2024-08-08T19:12:22.573544" elapsed="0.000564"/>
</kw>
<kw name="Log" owner="BuiltIn">
<msg time="2024-08-08T19:12:22.574630" level="INFO">{'results': [{'gender': 'female', 'name': {'title': 'Mrs', 'first': 'Malou', 'last': 'Hansen'}, 'location': {'street': {'number': 2825, 'name': 'Kildevænget'}, 'city': 'St.Merløse', 'state': 'Hovedstaden', 'country': 'Denmark', 'postcode': 41089, 'coordinates': {'latitude': '-43.0856', 'longitude': '4.5139'}, 'timezone': {'offset': '0:00', 'description': 'Western Europe Time, London, Lisbon, Casablanca'}}, 'email': 'malou.hansen@example.com', 'login': {'uuid': '925646c3-55c7-4180-8807-1d0630a40d65', 'username': 'heavybird853', 'password': '7654321', 'salt': 'wVEgHatI', 'md5': '8c2773d6fac10f467b5f8c0a0a9c4a09', 'sha1': 'cdbb377e60d119b3102a946f4a72f29521c3b894', 'sha256': '174ae754a32dacb6dc374df6fd5f4c97dde65dc21ae8a87ba52b94f94d491094'}, 'dob': {'date': '1947-06-30T12:03:23.259Z', 'age': 77}, 'registered': {'date': '2010-05-05T17:11:57.144Z', 'age': 14}, 'phone': '06208336', 'cell': '13820439', 'id': {'name': 'CPR', 'value': '300647-8442'}, 'picture': {'large': 'https://randomuser.me/api/portraits/women/23.jpg', 'medium': 'https://randomuser.me/api/portraits/med/women/23.jpg', 'thumbnail': 'https://randomuser.me/api/portraits/thumb/women/23.jpg'}, 'nat': 'DK'}], 'info': {'seed': '8b1556a1fa1ec355', 'results': 1, 'page': 1, 'version': '1.4'}}</msg>
<arg>${json_data}</arg>
<doc>Logs the given message with the given level.</doc>
<status status="PASS" start="2024-08-08T19:12:22.574470" elapsed="0.000209"/>
</kw>
<kw name="Should Be String" owner="String">
<arg>${json_data['results'][0]['gender']}</arg>
<doc>Fails if the given ``item`` is not a string.</doc>
<status status="PASS" start="2024-08-08T19:12:22.574969" elapsed="0.000369"/>
</kw>
<kw name="Should Match Regexp" owner="BuiltIn">
<arg>${json_data['results'][0]['email']}</arg>
<arg>^[a-zA-Z0-9._%+-]+@[a-zA-Z0-9.-]+\.[a-zA-Z]{2,}$</arg>
<doc>Fails if ``string`` does not match ``pattern`` as a regular expression.</doc>
<status status="PASS" start="2024-08-08T19:12:22.575530" elapsed="0.000561"/>
</kw>
<kw name="Should Match Regexp" owner="BuiltIn">
<arg>${json_data['results'][0]['dob']['date']}</arg>
<arg>\\d{4}-\\d{2}-\\d{2}T\\d{2}:\\d{2}:\\d{2}\\.\\d{3}Z</arg>
<doc>Fails if ``string`` does not match ``pattern`` as a regular expression.</doc>
<status status="PASS" start="2024-08-08T19:12:22.576289" elapsed="0.000635"/>
</kw>
<kw name="Should Match Regexp" owner="BuiltIn">
<arg>${json_data['results'][0]['registered']['date']}</arg>
<arg>\\d{4}-\\d{2}-\\d{2}T\\d{2}:\\d{2}:\\d{2}\\.\\d{3}Z</arg>
<doc>Fails if ``string`` does not match ``pattern`` as a regular expression.</doc>
<status status="PASS" start="2024-08-08T19:12:22.577122" elapsed="0.000372"/>
</kw>
<kw name="Should Match Regexp" owner="BuiltIn">
<arg>${json_data['results'][0]['picture']['large']}</arg>
<arg>^https?://.*\.(?:png|jpe?g|gif|bmp)$</arg>
<doc>Fails if ``string`` does not match ``pattern`` as a regular expression.</doc>
<status status="PASS" start="2024-08-08T19:12:22.577677" elapsed="0.000461"/>
</kw>
<kw name="Should Match Regexp" owner="BuiltIn">
<arg>${json_data['results'][0]['picture']['medium']}</arg>
<arg>^https?://.*\.(?:png|jpe?g|gif|bmp)$</arg>
<doc>Fails if ``string`` does not match ``pattern`` as a regular expression.</doc>
<status status="PASS" start="2024-08-08T19:12:22.578356" elapsed="0.000357"/>
</kw>
<kw name="Should Match Regexp" owner="BuiltIn">
<arg>${json_data['results'][0]['picture']['thumbnail']}</arg>
<arg>^https?://.*\.(?:png|jpe?g|gif|bmp)$</arg>
<doc>Fails if ``string`` does not match ``pattern`` as a regular expression.</doc>
<status status="PASS" start="2024-08-08T19:12:22.578896" elapsed="0.000353"/>
</kw>
<kw name="Log" owner="BuiltIn">
<msg time="2024-08-08T19:12:22.579768" level="INFO">{'large': 'https://randomuser.me/api/portraits/women/23.jpg', 'medium': 'https://randomuser.me/api/portraits/med/women/23.jpg', 'thumbnail': 'https://randomuser.me/api/portraits/thumb/women/23.jpg'}</msg>
<arg>${json_data['results'][0]['picture']}</arg>
<doc>Logs the given message with the given level.</doc>
<status status="PASS" start="2024-08-08T19:12:22.579435" elapsed="0.000377"/>
</kw>
<status status="PASS" start="2024-08-08T19:12:22.429617" elapsed="0.150470"/>
</kw>
<kw name="Teste de Tipos de Dados - Postcode" owner="random-user-service">
<kw name="GET On Session" owner="RequestsLibrary">
<msg time="2024-08-08T19:12:22.696313" level="INFO">GET Request : url=https://randomuser.me/api 
 path_url=/api 
 headers={'User-Agent': 'python-requests/2.32.3', 'Accept-Encoding': 'gzip, deflate', 'Accept': '*/*', 'Connection': 'keep-alive'} 
 body=None 
 </msg>
<msg time="2024-08-08T19:12:22.696418" level="INFO">GET Response : url=https://randomuser.me/api 
 status=200, reason=OK 
 headers={'Date': 'Thu, 08 Aug 2024 19:12:22 GMT', 'Content-Type': 'application/json; charset=utf-8', 'Transfer-Encoding': 'chunked', 'Connection': 'keep-alive', 'X-Powered-By': 'Express', 'Access-Control-Allow-Origin': '*', 'Cache-Control': 'no-cache', 'ETag': 'W/"478-HXWBa5wIAY5oOo/bYEUAGlUHvzo"', 'Vary': 'Accept-Encoding', 'Content-Encoding': 'gzip', 'CF-Cache-Status': 'DYNAMIC', 'Report-To': '{"endpoints":[{"url":"https:\\/\\/a.nel.cloudflare.com\\/report\\/v4?s=3DKcXboT6cn1RF%2B5zqbO9CxKg4vk5tS79M0JRa5XVSKjaPCqGZvxEYblEgnamN0GiRdpxSqj9O7V%2Ffta8tZS%2BxTco5mIUe72x0rPEUltwIHMbqw%2B8teklrCVsuJcjuDH"}],"group":"cf-nel","max_age":604800}', 'NEL': '{"success_fraction":0,"report_to":"cf-nel","max_age":604800}', 'Server': 'cloudflare', 'CF-RAY': '8b01d14d2f9bface-SJC', 'alt-svc': 'h3=":443"; ma=86400'} 
 body={"results":[{"gender":"male","name":{"title":"Mr","first":"Stanoje","last":"Ninković"},"location":{"street":{"number":8921,"name":"Dvadesetog Oktob"},"city":"Trstenik","state":"Mačva","country":"Serbia","postcode":58125,"coordinates":{"latitude":"61.6264","longitude":"-144.8025"},"timezone":{"offset":"-9:00","description":"Alaska"}},"email":"stanoje.ninkovic@example.com","login":{"uuid":"c72e3d48-9300-437f-9d98-7e98960a2f88","username":"purpleleopard534","password":"skolko","salt":"LobboE8g","md5":"49634023eba28448717895406e0e5731","sha1":"70fd907a4e363555b9129999ce20abd5003acf75","sha256":"40e0ae5c45b79de98b92af65cc75a1e63958d07a5e499f59f9f4a814fee1e497"},"dob":{"date":"1997-01-31T09:40:26.088Z","age":27},"registered":{"date":"2013-11-09T15:18:59.052Z","age":10},"phone":"024-0619-558","cell":"068-8030-688","id":{"name":"SID","value":"769351701"},"picture":{"large":"https://randomuser.me/api/portraits/men/50.jpg","medium":"https://randomuser.me/api/portraits/med/men/50.jpg","thumbnail":"https://randomuser.me/api/portraits/thumb/men/50.jpg"},"nat":"RS"}],"info":{"seed":"11e2102f5ab9ef74","results":1,"page":1,"version":"1.4"}} 
 </msg>
<msg time="2024-08-08T19:12:22.696496" level="INFO">/opt/hostedtoolcache/Python/3.12.4/x64/lib/python3.12/site-packages/urllib3/connectionpool.py:1099: InsecureRequestWarning: Unverified HTTPS request is being made to host 'randomuser.me'. Adding certificate verification is strongly advised. See: https://urllib3.readthedocs.io/en/latest/advanced-usage.html#tls-warnings
  warnings.warn(</msg>
<msg time="2024-08-08T19:12:22.696614" level="INFO">${response} = &lt;Response [200]&gt;</msg>
<var>${response}</var>
<arg>consultarAPI</arg>
<arg>/api</arg>
<doc>Sends a GET request on a previously created HTTP Session.</doc>
<status status="PASS" start="2024-08-08T19:12:22.580542" elapsed="0.116103"/>
</kw>
<kw name="Set Variable" owner="BuiltIn">
<msg time="2024-08-08T19:12:22.697707" level="INFO">${json_data} = {'results': [{'gender': 'male', 'name': {'title': 'Mr', 'first': 'Stanoje', 'last': 'Ninković'}, 'location': {'street': {'number': 8921, 'name': 'Dvadesetog Oktob'}, 'city': 'Trstenik', 'state': 'Mačv...</msg>
<var>${json_data}</var>
<arg>${response.json()}</arg>
<doc>Returns the given values which can then be assigned to a variables.</doc>
<status status="PASS" start="2024-08-08T19:12:22.697173" elapsed="0.000565"/>
</kw>
<kw name="Log" owner="BuiltIn">
<msg time="2024-08-08T19:12:22.698348" level="INFO">{'results': [{'gender': 'male', 'name': {'title': 'Mr', 'first': 'Stanoje', 'last': 'Ninković'}, 'location': {'street': {'number': 8921, 'name': 'Dvadesetog Oktob'}, 'city': 'Trstenik', 'state': 'Mačva', 'country': 'Serbia', 'postcode': 58125, 'coordinates': {'latitude': '61.6264', 'longitude': '-144.8025'}, 'timezone': {'offset': '-9:00', 'description': 'Alaska'}}, 'email': 'stanoje.ninkovic@example.com', 'login': {'uuid': 'c72e3d48-9300-437f-9d98-7e98960a2f88', 'username': 'purpleleopard534', 'password': 'skolko', 'salt': 'LobboE8g', 'md5': '49634023eba28448717895406e0e5731', 'sha1': '70fd907a4e363555b9129999ce20abd5003acf75', 'sha256': '40e0ae5c45b79de98b92af65cc75a1e63958d07a5e499f59f9f4a814fee1e497'}, 'dob': {'date': '1997-01-31T09:40:26.088Z', 'age': 27}, 'registered': {'date': '2013-11-09T15:18:59.052Z', 'age': 10}, 'phone': '024-0619-558', 'cell': '068-8030-688', 'id': {'name': 'SID', 'value': '769351701'}, 'picture': {'large': 'https://randomuser.me/api/portraits/men/50.jpg', 'medium': 'https://randomuser.me/api/portraits/med/men/50.jpg', 'thumbnail': 'https://randomuser.me/api/portraits/thumb/men/50.jpg'}, 'nat': 'RS'}], 'info': {'seed': '11e2102f5ab9ef74', 'results': 1, 'page': 1, 'version': '1.4'}}</msg>
<arg>${json_data}</arg>
<doc>Logs the given message with the given level.</doc>
<status status="PASS" start="2024-08-08T19:12:22.698110" elapsed="0.000298"/>
</kw>
<kw name="Should Be Equal As Numbers" owner="BuiltIn">
<arg>${json_data['results'][0]['location']['postcode']}</arg>
<arg>${json_data['results'][0]['location']['postcode']}</arg>
<doc>Fails if objects are unequal after converting them to real numbers.</doc>
<status status="PASS" start="2024-08-08T19:12:22.698765" elapsed="0.000630"/>
</kw>
<kw name="Log" owner="BuiltIn">
<msg time="2024-08-08T19:12:22.699932" level="INFO">58125</msg>
<arg>${json_data['results'][0]['location']['postcode']}</arg>
<doc>Logs the given message with the given level.</doc>
<status status="PASS" start="2024-08-08T19:12:22.699587" elapsed="0.000386"/>
</kw>
<status status="PASS" start="2024-08-08T19:12:22.580314" elapsed="0.119951"/>
</kw>
<doc>Testa se os tipos de dados na resposta da API estão corretos.</doc>
<tag>testeTiposDados</tag>
<status status="PASS" start="2024-08-08T19:12:22.429138" elapsed="0.271297"/>
</test>
<test id="s1-s1-t5" name="Validar conteudo" line="35">
<kw name="Teste de Tipos de Conteudo" owner="random-user-service">
<kw name="GET On Session" owner="RequestsLibrary">
<msg time="2024-08-08T19:12:22.836418" level="INFO">GET Request : url=https://randomuser.me/api 
 path_url=/api 
 headers={'User-Agent': 'python-requests/2.32.3', 'Accept-Encoding': 'gzip, deflate', 'Accept': '*/*', 'Connection': 'keep-alive'} 
 body=None 
 </msg>
<msg time="2024-08-08T19:12:22.836530" level="INFO">GET Response : url=https://randomuser.me/api 
 status=200, reason=OK 
 headers={'Date': 'Thu, 08 Aug 2024 19:12:22 GMT', 'Content-Type': 'application/json; charset=utf-8', 'Transfer-Encoding': 'chunked', 'Connection': 'keep-alive', 'X-Powered-By': 'Express', 'Access-Control-Allow-Origin': '*', 'Cache-Control': 'no-cache', 'ETag': 'W/"49b-7iZzvqnDqFOMRsm5U/1O7KXt7fg"', 'Vary': 'Accept-Encoding', 'Content-Encoding': 'gzip', 'CF-Cache-Status': 'DYNAMIC', 'Report-To': '{"endpoints":[{"url":"https:\\/\\/a.nel.cloudflare.com\\/report\\/v4?s=nWb4QEFVbEPTbEqQhxy46LVxiMYHHXXGooPM0f4U9MsSfpAYDqG7s0bkYzEIdNhcf0uwRScqBqeDLo8IgulyoJ4GvsqORWiict2S8qoCgqW8BjpxWkp1m0XPQbSnF9sb"}],"group":"cf-nel","max_age":604800}', 'NEL': '{"success_fraction":0,"report_to":"cf-nel","max_age":604800}', 'Server': 'cloudflare', 'CF-RAY': '8b01d14de857face-SJC', 'alt-svc': 'h3=":443"; ma=86400'} 
 body={"results":[{"gender":"male","name":{"title":"Mr","first":"Simon","last":"Abraham"},"location":{"street":{"number":7041,"name":"Concession Road 6"},"city":"Fountainbleu","state":"Yukon","country":"Canada","postcode":"S6J 2P9","coordinates":{"latitude":"-70.1001","longitude":"-85.2915"},"timezone":{"offset":"-6:00","description":"Central Time (US &amp; Canada), Mexico City"}},"email":"simon.abraham@example.com","login":{"uuid":"d03b55fc-111f-4c54-addf-6c956c370577","username":"ticklishwolf482","password":"southpar","salt":"hgg0Wwq6","md5":"8dccfbefb2e7d795ebefbfa10838b9ad","sha1":"67ce30e47674798fa007909a72b95a354853dc05","sha256":"751204ce358759ee97f5d839bbafda80493948497fbf5af25baf616d47c5e25f"},"dob":{"date":"1987-12-17T22:34:50.940Z","age":36},"registered":{"date":"2013-09-24T18:23:31.643Z","age":10},"phone":"L72 L03-4468","cell":"W81 F27-5100","id":{"name":"SIN","value":"340754787"},"picture":{"large":"https://randomuser.me/api/portraits/men/36.jpg","medium":"https://randomuser.me/api/portraits/med/men/36.jpg","thumbnail":"https://randomuser.me/api/portraits/thumb/men/36.jpg"},"nat":"CA"}],"info":{"seed":"7dd0bd2bccdc74b6","results":1,"page":1,"version":"1.4"}} 
 </msg>
<msg time="2024-08-08T19:12:22.836615" level="INFO">/opt/hostedtoolcache/Python/3.12.4/x64/lib/python3.12/site-packages/urllib3/connectionpool.py:1099: InsecureRequestWarning: Unverified HTTPS request is being made to host 'randomuser.me'. Adding certificate verification is strongly advised. See: https://urllib3.readthedocs.io/en/latest/advanced-usage.html#tls-warnings
  warnings.warn(</msg>
<msg time="2024-08-08T19:12:22.836732" level="INFO">${response} = &lt;Response [200]&gt;</msg>
<var>${response}</var>
<arg>consultarAPI</arg>
<arg>/api</arg>
<doc>Sends a GET request on a previously created HTTP Session.</doc>
<status status="PASS" start="2024-08-08T19:12:22.702917" elapsed="0.133857"/>
</kw>
<kw name="Set Variable" owner="BuiltIn">
<msg time="2024-08-08T19:12:22.838030" level="INFO">${json_data} = {'results': [{'gender': 'male', 'name': {'title': 'Mr', 'first': 'Simon', 'last': 'Abraham'}, 'location': {'street': {'number': 7041, 'name': 'Concession Road 6'}, 'city': 'Fountainbleu', 'state': 'Yu...</msg>
<var>${json_data}</var>
<arg>${response.json()}</arg>
<doc>Returns the given values which can then be assigned to a variables.</doc>
<status status="PASS" start="2024-08-08T19:12:22.837417" elapsed="0.000642"/>
</kw>
<kw name="Set Variable" owner="BuiltIn">
<msg time="2024-08-08T19:12:22.838810" level="INFO">${name_title} = Mr</msg>
<var>${name_title}</var>
<arg>${json_data["results"][0]["name"]["title"]}</arg>
<doc>Returns the given values which can then be assigned to a variables.</doc>
<status status="PASS" start="2024-08-08T19:12:22.838420" elapsed="0.000415"/>
</kw>
<kw name="Create List" owner="BuiltIn">
<msg time="2024-08-08T19:12:22.839286" level="INFO">${allowed_titles} = ['Mr', 'Ms', 'Miss', 'Mrs', 'Madame', 'Monsieur']</msg>
<var>${allowed_titles}</var>
<arg>Mr</arg>
<arg>Ms</arg>
<arg>Miss</arg>
<arg>Mrs</arg>
<arg>Madame</arg>
<arg>Monsieur</arg>
<doc>Returns a list containing given items.</doc>
<status status="PASS" start="2024-08-08T19:12:22.839135" elapsed="0.000176"/>
</kw>
<kw name="List Should Contain Value" owner="Collections">
<arg>${allowed_titles}</arg>
<arg>${name_title}</arg>
<doc>Fails if the ``value`` is not found from ``list``.</doc>
<status status="PASS" start="2024-08-08T19:12:22.839607" elapsed="0.000176"/>
</kw>
<kw name="Set Variable" owner="BuiltIn">
<msg time="2024-08-08T19:12:22.840345" level="INFO">${name_country} = CA</msg>
<var>${name_country}</var>
<arg>${json_data["results"][0]["nat"]}</arg>
<doc>Returns the given values which can then be assigned to a variables.</doc>
<status status="PASS" start="2024-08-08T19:12:22.839968" elapsed="0.000402"/>
</kw>
<kw name="Create List" owner="BuiltIn">
<msg time="2024-08-08T19:12:22.841252" level="INFO">${list_country} = ['AD', 'AE', 'AF', 'AG', 'AI', 'AL', 'AM', 'AO', 'AQ', 'AR', 'AS', 'AT', 'AU', 'AW', 'AX', 'AZ', 'BA', 'BB', 'BD', 'BE', 'BF', 'BG', 'BH', 'BI', 'BJ', 'BL', 'BM', 'BN', 'BO', 'BQ', 'BR', 'BS', 'BT', '...</msg>
<var>${list_country}</var>
<arg>AD</arg>
<arg>AE</arg>
<arg>AF</arg>
<arg>AG</arg>
<arg>AI</arg>
<arg>AL</arg>
<arg>AM</arg>
<arg>AO</arg>
<arg>AQ</arg>
<arg>AR</arg>
<arg>AS</arg>
<arg>AT</arg>
<arg>AU</arg>
<arg>AW</arg>
<arg>AX</arg>
<arg>AZ</arg>
<arg>BA</arg>
<arg>BB</arg>
<arg>BD</arg>
<arg>BE</arg>
<arg>BF</arg>
<arg>BG</arg>
<arg>BH</arg>
<arg>BI</arg>
<arg>BJ</arg>
<arg>BL</arg>
<arg>BM</arg>
<arg>BN</arg>
<arg>BO</arg>
<arg>BQ</arg>
<arg>BR</arg>
<arg>BS</arg>
<arg>BT</arg>
<arg>BV</arg>
<arg>BW</arg>
<arg>BY</arg>
<arg>BZ</arg>
<arg>CA</arg>
<arg>CC</arg>
<arg>CD</arg>
<arg>CF</arg>
<arg>CG</arg>
<arg>CH</arg>
<arg>CI</arg>
<arg>CK</arg>
<arg>CL</arg>
<arg>CM</arg>
<arg>CN</arg>
<arg>CO</arg>
<arg>CR</arg>
<arg>CU</arg>
<arg>CV</arg>
<arg>CW</arg>
<arg>CX</arg>
<arg>CY</arg>
<arg>CZ</arg>
<arg>DE</arg>
<arg>DJ</arg>
<arg>DK</arg>
<arg>DM</arg>
<arg>DO</arg>
<arg>DZ</arg>
<arg>EC</arg>
<arg>EE</arg>
<arg>EG</arg>
<arg>EH</arg>
<arg>ER</arg>
<arg>ES</arg>
<arg>ET</arg>
<arg>FI</arg>
<arg>FJ</arg>
<arg>FK</arg>
<arg>FM</arg>
<arg>FO</arg>
<arg>FR</arg>
<arg>GA</arg>
<arg>GB</arg>
<arg>GD</arg>
<arg>GE</arg>
<arg>GF</arg>
<arg>GG</arg>
<arg>GH</arg>
<arg>GI</arg>
<arg>GL</arg>
<arg>GM</arg>
<arg>GN</arg>
<arg>GP</arg>
<arg>GQ</arg>
<arg>GR</arg>
<arg>GS</arg>
<arg>GT</arg>
<arg>GU</arg>
<arg>GW</arg>
<arg>GY</arg>
<arg>HK</arg>
<arg>HM</arg>
<arg>HN</arg>
<arg>HR</arg>
<arg>HT</arg>
<arg>HU</arg>
<arg>ID</arg>
<arg>IE</arg>
<arg>IL</arg>
<arg>IM</arg>
<arg>IN</arg>
<arg>IO</arg>
<arg>IQ</arg>
<arg>IR</arg>
<arg>IS</arg>
<arg>IT</arg>
<arg>JE</arg>
<arg>JM</arg>
<arg>JO</arg>
<arg>JP</arg>
<arg>KE</arg>
<arg>KG</arg>
<arg>KH</arg>
<arg>KI</arg>
<arg>KM</arg>
<arg>KN</arg>
<arg>KP</arg>
<arg>KR</arg>
<arg>KW</arg>
<arg>KY</arg>
<arg>KZ</arg>
<arg>LA</arg>
<arg>LB</arg>
<arg>LC</arg>
<arg>LI</arg>
<arg>LK</arg>
<arg>LR</arg>
<arg>LS</arg>
<arg>LT</arg>
<arg>LU</arg>
<arg>LV</arg>
<arg>LY</arg>
<arg>MA</arg>
<arg>MC</arg>
<arg>MD</arg>
<arg>ME</arg>
<arg>MF</arg>
<arg>MG</arg>
<arg>MH</arg>
<arg>MK</arg>
<arg>ML</arg>
<arg>MM</arg>
<arg>MN</arg>
<arg>MO</arg>
<arg>MP</arg>
<arg>MQ</arg>
<arg>MR</arg>
<arg>MS</arg>
<arg>MT</arg>
<arg>MU</arg>
<arg>MV</arg>
<arg>MW</arg>
<arg>MX</arg>
<arg>MY</arg>
<arg>MZ</arg>
<arg>NA</arg>
<arg>NC</arg>
<arg>NE</arg>
<arg>NF</arg>
<arg>NG</arg>
<arg>NI</arg>
<arg>NL</arg>
<arg>NO</arg>
<arg>NP</arg>
<arg>NR</arg>
<arg>NU</arg>
<arg>NZ</arg>
<arg>OM</arg>
<arg>PA</arg>
<arg>PE</arg>
<arg>PF</arg>
<arg>PG</arg>
<arg>PH</arg>
<arg>PK</arg>
<arg>PL</arg>
<arg>PM</arg>
<arg>PN</arg>
<arg>PR</arg>
<arg>PS</arg>
<arg>PT</arg>
<arg>PW</arg>
<arg>PY</arg>
<arg>QA</arg>
<arg>RE</arg>
<arg>RO</arg>
<arg>RS</arg>
<arg>RU</arg>
<arg>RW</arg>
<arg>SA</arg>
<arg>SB</arg>
<arg>SC</arg>
<arg>SD</arg>
<arg>SE</arg>
<arg>SG</arg>
<arg>SH</arg>
<arg>SI</arg>
<arg>SJ</arg>
<arg>SK</arg>
<arg>SL</arg>
<arg>SM</arg>
<arg>SN</arg>
<arg>SO</arg>
<arg>SR</arg>
<arg>SS</arg>
<arg>ST</arg>
<arg>SV</arg>
<arg>SX</arg>
<arg>SY</arg>
<arg>SZ</arg>
<arg>TC</arg>
<arg>TD</arg>
<arg>TF</arg>
<arg>TG</arg>
<arg>TH</arg>
<arg>TJ</arg>
<arg>TK</arg>
<arg>TL</arg>
<arg>TM</arg>
<arg>TN</arg>
<arg>TO</arg>
<arg>TR</arg>
<arg>TT</arg>
<arg>TV</arg>
<arg>TW</arg>
<arg>TZ</arg>
<arg>UA</arg>
<arg>UG</arg>
<arg>UM</arg>
<arg>US</arg>
<arg>UY</arg>
<arg>UZ</arg>
<arg>VA</arg>
<arg>VC</arg>
<arg>VE</arg>
<arg>VG</arg>
<arg>VI</arg>
<arg>VN</arg>
<arg>VU</arg>
<arg>WF</arg>
<arg>WS</arg>
<arg>XK</arg>
<arg>YE</arg>
<arg>YT</arg>
<arg>ZA</arg>
<arg>ZM</arg>
<arg>ZW</arg>
<doc>Returns a list containing given items.</doc>
<status status="PASS" start="2024-08-08T19:12:22.840659" elapsed="0.000618"/>
</kw>
<kw name="List Should Contain Value" owner="Collections">
<arg>${list_country}</arg>
<arg>${name_country}</arg>
<doc>Fails if the ``value`` is not found from ``list``.</doc>
<status status="PASS" start="2024-08-08T19:12:22.842278" elapsed="0.000208"/>
</kw>
<kw name="Run Keyword If" owner="BuiltIn">
<kw name="Should Be True" owner="BuiltIn">
<arg>${True}</arg>
<doc>Fails if the given condition is not true.</doc>
<status status="PASS" start="2024-08-08T19:12:22.843437" elapsed="0.000141"/>
</kw>
<arg>${json_data["results"][0]["location"]["coordinates"]["latitude"]} &gt;= -90 and ${json_data["results"][0]["location"]["coordinates"]["latitude"]} &lt;= 90</arg>
<arg>Should Be True</arg>
<arg>${True}</arg>
<doc>Runs the given keyword with the given arguments, if ``condition`` is true.</doc>
<status status="PASS" start="2024-08-08T19:12:22.842685" elapsed="0.001020"/>
</kw>
<kw name="Run Keyword If" owner="BuiltIn">
<kw name="Should Be True" owner="BuiltIn">
<arg>${True}</arg>
<doc>Fails if the given condition is not true.</doc>
<status status="PASS" start="2024-08-08T19:12:22.844568" elapsed="0.000136"/>
</kw>
<arg>${json_data["results"][0]["location"]["coordinates"]["longitude"]} &gt;= -180 and ${json_data["results"][0]["location"]["coordinates"]["longitude"]} &lt;= 180</arg>
<arg>Should Be True</arg>
<arg>${True}</arg>
<doc>Runs the given keyword with the given arguments, if ``condition`` is true.</doc>
<status status="PASS" start="2024-08-08T19:12:22.843885" elapsed="0.000940"/>
</kw>
<status status="PASS" start="2024-08-08T19:12:22.702686" elapsed="0.142275"/>
</kw>
<doc>Testa o conteúdo específico dos campos retornados pela API.</doc>
<tag>testeConteudo</tag>
<status status="PASS" start="2024-08-08T19:12:22.702217" elapsed="0.142896"/>
</test>
<status status="PASS" start="2024-08-08T19:12:21.101499" elapsed="1.745641"/>
</suite>
<status status="PASS" start="2024-08-08T19:12:21.087004" elapsed="1.765239"/>
</suite>
<statistics>
<total>
<stat pass="5" fail="0" skip="0">All Tests</stat>
</total>
<tag>
<stat pass="1" fail="0" skip="0">testeConteudo</stat>
<stat pass="1" fail="0" skip="0">testeEstruturaResposta</stat>
<stat pass="1" fail="0" skip="0">testeRequisicaoBasica</stat>
<stat pass="1" fail="0" skip="0">testeTiposDados</stat>
</tag>
<suite>
<stat pass="5" fail="0" skip="0" id="s1" name="Tests">Tests</stat>
<stat pass="5" fail="0" skip="0" id="s1-s1" name="Random-User-Test">Tests.Random-User-Test</stat>
</suite>
</statistics>
<errors>
</errors>
</robot>
