<?xml version="1.0" encoding="UTF-8"?>
<robot generator="Robot 7.0 (Python 3.12.3 on linux)" generated="2024-04-29T13:15:39.377300" rpa="false" schemaversion="5">
<suite id="s1" name="Tests" source="/home/runner/work/DesafioQAItauRogerioJordao/DesafioQAItauRogerioJordao/RamdonUser/tests">
<suite id="s1-s1" name="Random-User-Test" source="/home/runner/work/DesafioQAItauRogerioJordao/DesafioQAItauRogerioJordao/RamdonUser/tests/random-user-test.robot">
<test id="s1-s1-t1" name="Conectar" line="13">
<kw name="Conectar API" owner="random-user-service">
<kw name="Create Session" owner="RequestsLibrary">
<msg time="2024-04-29T13:15:39.729242" level="INFO">Creating Session using : alias=consultarAPI, url=https://randomuser.me/, headers={},                     cookies={}, auth=None, timeout=None, proxies=None, verify=False,                     debug=0 </msg>
<arg>consultarAPI</arg>
<arg>${URL}</arg>
<doc>Create Session: create a HTTP session to a server</doc>
<status status="PASS" start="2024-04-29T13:15:39.729050" elapsed="0.000361"/>
</kw>
<status status="PASS" start="2024-04-29T13:15:39.728136" elapsed="0.001615"/>
</kw>
<status status="PASS" start="2024-04-29T13:15:39.727531" elapsed="0.002411"/>
</test>
<test id="s1-s1-t2" name="Validar retorno 200 e JSON Válido" line="16">
<kw name="Teste de Requisicao Basica" owner="random-user-service">
<kw name="GET On Session" owner="RequestsLibrary">
<msg time="2024-04-29T13:15:39.839845" level="INFO">GET Request : url=https://randomuser.me/api 
 path_url=/api 
 headers={'User-Agent': 'python-requests/2.31.0', 'Accept-Encoding': 'gzip, deflate', 'Accept': '*/*', 'Connection': 'keep-alive'} 
 body=None 
 </msg>
<msg time="2024-04-29T13:15:39.839955" level="INFO">GET Response : url=https://randomuser.me/api 
 status=200, reason=OK 
 headers={'Date': 'Mon, 29 Apr 2024 13:15:39 GMT', 'Content-Type': 'application/json; charset=utf-8', 'Transfer-Encoding': 'chunked', 'Connection': 'keep-alive', 'X-Powered-By': 'Express', 'Access-Control-Allow-Origin': '*', 'Cache-Control': 'no-cache', 'ETag': 'W/"4b5-0rsUqnilRYhs92L+x/cRRizzO7o"', 'Vary': 'Accept-Encoding', 'Content-Encoding': 'gzip', 'CF-Cache-Status': 'DYNAMIC', 'Report-To': '{"endpoints":[{"url":"https:\\/\\/a.nel.cloudflare.com\\/report\\/v4?s=F%2FL6kBBOJj9ldmx8Cs4h7rMwWyEt%2Fyc0jLXWkDHCuGZvI86wUl5dmo%2F3jQkagwEr%2FPYMpNxrf4%2Bs1nkDAt8QpjQw0NL81iGz3cxfwS98QFvpCy5S22sQVhdJdLrdjVXd"}],"group":"cf-nel","max_age":604800}', 'NEL': '{"success_fraction":0,"report_to":"cf-nel","max_age":604800}', 'Server': 'cloudflare', 'CF-RAY': '87bf8fe579fbfa72-SJC', 'alt-svc': 'h3=":443"; ma=86400'} 
 body={"results":[{"gender":"male","name":{"title":"Mr","first":"Manuel","last":"Salgado"},"location":{"street":{"number":1337,"name":"Circuito San Luis Potosí"},"city":"Santiago Maravatío","state":"San Luis Potosí","country":"Mexico","postcode":22842,"coordinates":{"latitude":"21.6506","longitude":"-72.8262"},"timezone":{"offset":"+1:00","description":"Brussels, Copenhagen, Madrid, Paris"}},"email":"manuel.salgado@example.com","login":{"uuid":"ad726cb2-e40b-46fe-bf91-63b49869fb1e","username":"organicbird463","password":"walleye","salt":"6sbTx94B","md5":"01cb2a02d9ba7cee352082ad5d816f09","sha1":"f848a2132a596590a0915208a2fbbc70c9d06de7","sha256":"85d4e55596250b43d2fcf1fe7682cf1a0a7bb1845bcd2f750247934e5744c7a3"},"dob":{"date":"1956-01-25T20:26:24.843Z","age":68},"registered":{"date":"2017-03-16T00:51:44.823Z","age":7},"phone":"(655) 459 7096","cell":"(642) 087 4629","id":{"name":"NSS","value":"99 74 40 9276 3"},"picture":{"large":"https://randomuser.me/api/portraits/men/31.jpg","medium":"https://randomuser.me/api/portraits/med/men/31.jpg","thumbnail":"https://randomuser.me/api/portraits/thumb/men/31.jpg"},"nat":"MX"}],"info":{"seed":"32dfd802a32d9696","results":1,"page":1,"version":"1.4"}} 
 </msg>
<msg time="2024-04-29T13:15:39.840040" level="INFO">/opt/hostedtoolcache/Python/3.12.3/x64/lib/python3.12/site-packages/urllib3/connectionpool.py:1103: InsecureRequestWarning: Unverified HTTPS request is being made to host 'randomuser.me'. Adding certificate verification is strongly advised. See: https://urllib3.readthedocs.io/en/latest/advanced-usage.html#tls-warnings
  warnings.warn(</msg>
<msg time="2024-04-29T13:15:39.840156" level="INFO">${response} = &lt;Response [200]&gt;</msg>
<var>${response}</var>
<arg>consultarAPI</arg>
<arg>/api</arg>
<doc>Sends a GET request on a previously created HTTP Session.</doc>
<status status="PASS" start="2024-04-29T13:15:39.732670" elapsed="0.107531"/>
</kw>
<kw name="Should Be Equal As Numbers" owner="BuiltIn">
<msg time="2024-04-29T13:15:39.841347" level="INFO">Argument types are:
&lt;class 'int'&gt;
&lt;class 'str'&gt;</msg>
<arg>${response.status_code}</arg>
<arg>200</arg>
<doc>Fails if objects are unequal after converting them to real numbers.</doc>
<status status="PASS" start="2024-04-29T13:15:39.840795" elapsed="0.000616"/>
</kw>
<kw name="Log" owner="BuiltIn">
<msg time="2024-04-29T13:15:39.842092" level="INFO">200</msg>
<arg>${response.status_code}</arg>
<doc>Logs the given message with the given level.</doc>
<status status="PASS" start="2024-04-29T13:15:39.841744" elapsed="0.000390"/>
</kw>
<kw name="Set Variable" owner="BuiltIn">
<msg time="2024-04-29T13:15:39.842891" level="INFO">${json_data} = {'results': [{'gender': 'male', 'name': {'title': 'Mr', 'first': 'Manuel', 'last': 'Salgado'}, 'location': {'street': {'number': 1337, 'name': 'Circuito San Luis Potosí'}, 'city': 'Santiago Maravatío'...</msg>
<var>${json_data}</var>
<arg>${response.json()}</arg>
<doc>Returns the given values which can then be assigned to a variables.</doc>
<status status="PASS" start="2024-04-29T13:15:39.842441" elapsed="0.000479"/>
</kw>
<kw name="Dictionary Should Contain Key" owner="Collections">
<msg time="2024-04-29T13:15:39.843398" level="INFO">False</msg>
<arg>${json_data}</arg>
<arg>results</arg>
<doc>Fails if ``key`` is not found from ``dictionary``.</doc>
<status status="PASS" start="2024-04-29T13:15:39.843233" elapsed="0.000204"/>
</kw>
<status status="PASS" start="2024-04-29T13:15:39.732394" elapsed="0.111302"/>
</kw>
<doc>Testa se a API responde corretamente e retorna um objeto JSON válido.</doc>
<tag>testeRequisicaoBasica</tag>
<status status="PASS" start="2024-04-29T13:15:39.731849" elapsed="0.112051"/>
</test>
<test id="s1-s1-t3" name="Validar estrutura de resposta" line="22">
<kw name="Teste de Estrutura de Resposta" owner="random-user-service">
<kw name="GET On Session" owner="RequestsLibrary">
<msg time="2024-04-29T13:15:39.946032" level="INFO">GET Request : url=https://randomuser.me/api 
 path_url=/api 
 headers={'User-Agent': 'python-requests/2.31.0', 'Accept-Encoding': 'gzip, deflate', 'Accept': '*/*', 'Connection': 'keep-alive'} 
 body=None 
 </msg>
<msg time="2024-04-29T13:15:39.946118" level="INFO">GET Response : url=https://randomuser.me/api 
 status=200, reason=OK 
 headers={'Date': 'Mon, 29 Apr 2024 13:15:39 GMT', 'Content-Type': 'application/json; charset=utf-8', 'Transfer-Encoding': 'chunked', 'Connection': 'keep-alive', 'X-Powered-By': 'Express', 'Access-Control-Allow-Origin': '*', 'Cache-Control': 'no-cache', 'ETag': 'W/"4a6-VCiJaAmLNkq0E7rloOjT2Ro9YAA"', 'Vary': 'Accept-Encoding', 'Content-Encoding': 'gzip', 'CF-Cache-Status': 'DYNAMIC', 'Report-To': '{"endpoints":[{"url":"https:\\/\\/a.nel.cloudflare.com\\/report\\/v4?s=p%2FpdfBVg6mltjr34ZQL4NzGzyTDIbmyYxVw8KHdMYjE8O2ibGZImErvgfSE2MolcVMefDPKCrhM2WNQCg8ZGDgoaU2l86USPO3nDQN9GdlUIi8ieAplbwwRMYccc37ly"}],"group":"cf-nel","max_age":604800}', 'NEL': '{"success_fraction":0,"report_to":"cf-nel","max_age":604800}', 'Server': 'cloudflare', 'CF-RAY': '87bf8fe61a80fa72-SJC', 'alt-svc': 'h3=":443"; ma=86400'} 
 body={"results":[{"gender":"male","name":{"title":"Mr","first":"Geronimo","last":"Denkers"},"location":{"street":{"number":5990,"name":"Kerkwetering"},"city":"Leuvenheim","state":"Flevoland","country":"Netherlands","postcode":"8494 KF","coordinates":{"latitude":"36.1261","longitude":"-106.0537"},"timezone":{"offset":"0:00","description":"Western Europe Time, London, Lisbon, Casablanca"}},"email":"geronimo.denkers@example.com","login":{"uuid":"5279e711-6f14-4524-b255-6f73b5875efa","username":"greenfrog444","password":"bobcat","salt":"x0ftwkrD","md5":"10d97f19297be1c29d40c00007da3992","sha1":"ded5b933b153d6fee3bf4c1f360415768276625b","sha256":"cb253b462eda37a4d52f22e617916f5234cd32562552d436d83bfe9c10407b3f"},"dob":{"date":"1998-07-20T04:02:42.141Z","age":25},"registered":{"date":"2011-09-20T00:00:26.102Z","age":12},"phone":"(0974) 607899","cell":"(06) 89721317","id":{"name":"BSN","value":"75958068"},"picture":{"large":"https://randomuser.me/api/portraits/men/23.jpg","medium":"https://randomuser.me/api/portraits/med/men/23.jpg","thumbnail":"https://randomuser.me/api/portraits/thumb/men/23.jpg"},"nat":"NL"}],"info":{"seed":"408d31f0ba3bac14","results":1,"page":1,"version":"1.4"}} 
 </msg>
<msg time="2024-04-29T13:15:39.946243" level="INFO">/opt/hostedtoolcache/Python/3.12.3/x64/lib/python3.12/site-packages/urllib3/connectionpool.py:1103: InsecureRequestWarning: Unverified HTTPS request is being made to host 'randomuser.me'. Adding certificate verification is strongly advised. See: https://urllib3.readthedocs.io/en/latest/advanced-usage.html#tls-warnings
  warnings.warn(</msg>
<msg time="2024-04-29T13:15:39.946371" level="INFO">${response} = &lt;Response [200]&gt;</msg>
<var>${response}</var>
<arg>consultarAPI</arg>
<arg>/api</arg>
<doc>Sends a GET request on a previously created HTTP Session.</doc>
<status status="PASS" start="2024-04-29T13:15:39.846540" elapsed="0.099884"/>
</kw>
<kw name="Set Variable" owner="BuiltIn">
<msg time="2024-04-29T13:15:39.947710" level="INFO">${json_data} = {'results': [{'gender': 'male', 'name': {'title': 'Mr', 'first': 'Geronimo', 'last': 'Denkers'}, 'location': {'street': {'number': 5990, 'name': 'Kerkwetering'}, 'city': 'Leuvenheim', 'state': 'Flevol...</msg>
<var>${json_data}</var>
<arg>${response.json()}</arg>
<doc>Returns the given values which can then be assigned to a variables.</doc>
<status status="PASS" start="2024-04-29T13:15:39.947016" elapsed="0.000752"/>
</kw>
<kw name="Log" owner="BuiltIn">
<msg time="2024-04-29T13:15:39.948245" level="INFO">{'results': [{'gender': 'male', 'name': {'title': 'Mr', 'first': 'Geronimo', 'last': 'Denkers'}, 'location': {'street': {'number': 5990, 'name': 'Kerkwetering'}, 'city': 'Leuvenheim', 'state': 'Flevoland', 'country': 'Netherlands', 'postcode': '8494 KF', 'coordinates': {'latitude': '36.1261', 'longitude': '-106.0537'}, 'timezone': {'offset': '0:00', 'description': 'Western Europe Time, London, Lisbon, Casablanca'}}, 'email': 'geronimo.denkers@example.com', 'login': {'uuid': '5279e711-6f14-4524-b255-6f73b5875efa', 'username': 'greenfrog444', 'password': 'bobcat', 'salt': 'x0ftwkrD', 'md5': '10d97f19297be1c29d40c00007da3992', 'sha1': 'ded5b933b153d6fee3bf4c1f360415768276625b', 'sha256': 'cb253b462eda37a4d52f22e617916f5234cd32562552d436d83bfe9c10407b3f'}, 'dob': {'date': '1998-07-20T04:02:42.141Z', 'age': 25}, 'registered': {'date': '2011-09-20T00:00:26.102Z', 'age': 12}, 'phone': '(0974) 607899', 'cell': '(06) 89721317', 'id': {'name': 'BSN', 'value': '75958068'}, 'picture': {'large': 'https://randomuser.me/api/portraits/men/23.jpg', 'medium': 'https://randomuser.me/api/portraits/med/men/23.jpg', 'thumbnail': 'https://randomuser.me/api/portraits/thumb/men/23.jpg'}, 'nat': 'NL'}], 'info': {'seed': '408d31f0ba3bac14', 'results': 1, 'page': 1, 'version': '1.4'}}</msg>
<arg>${json_data}</arg>
<doc>Logs the given message with the given level.</doc>
<status status="PASS" start="2024-04-29T13:15:39.948089" elapsed="0.000204"/>
</kw>
<kw name="Dictionary Should Contain Key" owner="Collections">
<msg time="2024-04-29T13:15:39.948741" level="INFO">False</msg>
<arg>${json_data}</arg>
<arg>results</arg>
<doc>Fails if ``key`` is not found from ``dictionary``.</doc>
<status status="PASS" start="2024-04-29T13:15:39.948591" elapsed="0.000187"/>
</kw>
<kw name="Should Not Be Empty" owner="BuiltIn">
<msg time="2024-04-29T13:15:39.949204" level="INFO">Length is 2.</msg>
<arg>${json_data}</arg>
<doc>Verifies that the given item is not empty.</doc>
<status status="PASS" start="2024-04-29T13:15:39.949073" elapsed="0.000169"/>
</kw>
<kw name="Create List" owner="BuiltIn">
<msg time="2024-04-29T13:15:39.949802" level="INFO">${expected_keys} = ['gender', 'name', 'location', 'email', 'login']</msg>
<var>${expected_keys}</var>
<arg>gender</arg>
<arg>name</arg>
<arg>location</arg>
<arg>email</arg>
<arg>login</arg>
<doc>Returns a list containing given items.</doc>
<status status="PASS" start="2024-04-29T13:15:39.949527" elapsed="0.000300"/>
</kw>
<for flavor="IN">
<iter>
<kw name="Dictionary Should Contain Key" owner="Collections">
<msg time="2024-04-29T13:15:39.950791" level="INFO">False</msg>
<arg>${json_data['results'][0]}</arg>
<arg>${key}</arg>
<doc>Fails if ``key`` is not found from ``dictionary``.</doc>
<status status="PASS" start="2024-04-29T13:15:39.950392" elapsed="0.000436"/>
</kw>
<kw name="Log" owner="BuiltIn">
<msg time="2024-04-29T13:15:39.951500" level="INFO">{'gender': 'male', 'name': {'title': 'Mr', 'first': 'Geronimo', 'last': 'Denkers'}, 'location': {'street': {'number': 5990, 'name': 'Kerkwetering'}, 'city': 'Leuvenheim', 'state': 'Flevoland', 'country': 'Netherlands', 'postcode': '8494 KF', 'coordinates': {'latitude': '36.1261', 'longitude': '-106.0537'}, 'timezone': {'offset': '0:00', 'description': 'Western Europe Time, London, Lisbon, Casablanca'}}, 'email': 'geronimo.denkers@example.com', 'login': {'uuid': '5279e711-6f14-4524-b255-6f73b5875efa', 'username': 'greenfrog444', 'password': 'bobcat', 'salt': 'x0ftwkrD', 'md5': '10d97f19297be1c29d40c00007da3992', 'sha1': 'ded5b933b153d6fee3bf4c1f360415768276625b', 'sha256': 'cb253b462eda37a4d52f22e617916f5234cd32562552d436d83bfe9c10407b3f'}, 'dob': {'date': '1998-07-20T04:02:42.141Z', 'age': 25}, 'registered': {'date': '2011-09-20T00:00:26.102Z', 'age': 12}, 'phone': '(0974) 607899', 'cell': '(06) 89721317', 'id': {'name': 'BSN', 'value': '75958068'}, 'picture': {'large': 'https://randomuser.me/api/portraits/men/23.jpg', 'medium': 'https://randomuser.me/api/portraits/med/men/23.jpg', 'thumbnail': 'https://randomuser.me/api/portraits/thumb/men/23.jpg'}, 'nat': 'NL'}</msg>
<arg>${json_data['results'][0]}</arg>
<doc>Logs the given message with the given level.</doc>
<status status="PASS" start="2024-04-29T13:15:39.951137" elapsed="0.000411"/>
</kw>
<kw name="Log" owner="BuiltIn">
<msg time="2024-04-29T13:15:39.952004" level="INFO">gender</msg>
<arg>${key}</arg>
<doc>Logs the given message with the given level.</doc>
<status status="PASS" start="2024-04-29T13:15:39.951875" elapsed="0.000166"/>
</kw>
<var name="${key}">gender</var>
<status status="PASS" start="2024-04-29T13:15:39.950267" elapsed="0.001990"/>
</iter>
<iter>
<kw name="Dictionary Should Contain Key" owner="Collections">
<msg time="2024-04-29T13:15:39.952952" level="INFO">False</msg>
<arg>${json_data['results'][0]}</arg>
<arg>${key}</arg>
<doc>Fails if ``key`` is not found from ``dictionary``.</doc>
<status status="PASS" start="2024-04-29T13:15:39.952560" elapsed="0.000435"/>
</kw>
<kw name="Log" owner="BuiltIn">
<msg time="2024-04-29T13:15:39.953684" level="INFO">{'gender': 'male', 'name': {'title': 'Mr', 'first': 'Geronimo', 'last': 'Denkers'}, 'location': {'street': {'number': 5990, 'name': 'Kerkwetering'}, 'city': 'Leuvenheim', 'state': 'Flevoland', 'country': 'Netherlands', 'postcode': '8494 KF', 'coordinates': {'latitude': '36.1261', 'longitude': '-106.0537'}, 'timezone': {'offset': '0:00', 'description': 'Western Europe Time, London, Lisbon, Casablanca'}}, 'email': 'geronimo.denkers@example.com', 'login': {'uuid': '5279e711-6f14-4524-b255-6f73b5875efa', 'username': 'greenfrog444', 'password': 'bobcat', 'salt': 'x0ftwkrD', 'md5': '10d97f19297be1c29d40c00007da3992', 'sha1': 'ded5b933b153d6fee3bf4c1f360415768276625b', 'sha256': 'cb253b462eda37a4d52f22e617916f5234cd32562552d436d83bfe9c10407b3f'}, 'dob': {'date': '1998-07-20T04:02:42.141Z', 'age': 25}, 'registered': {'date': '2011-09-20T00:00:26.102Z', 'age': 12}, 'phone': '(0974) 607899', 'cell': '(06) 89721317', 'id': {'name': 'BSN', 'value': '75958068'}, 'picture': {'large': 'https://randomuser.me/api/portraits/men/23.jpg', 'medium': 'https://randomuser.me/api/portraits/med/men/23.jpg', 'thumbnail': 'https://randomuser.me/api/portraits/thumb/men/23.jpg'}, 'nat': 'NL'}</msg>
<arg>${json_data['results'][0]}</arg>
<doc>Logs the given message with the given level.</doc>
<status status="PASS" start="2024-04-29T13:15:39.953323" elapsed="0.000409"/>
</kw>
<kw name="Log" owner="BuiltIn">
<msg time="2024-04-29T13:15:39.954150" level="INFO">name</msg>
<arg>${key}</arg>
<doc>Logs the given message with the given level.</doc>
<status status="PASS" start="2024-04-29T13:15:39.954026" elapsed="0.000161"/>
</kw>
<var name="${key}">name</var>
<status status="PASS" start="2024-04-29T13:15:39.952445" elapsed="0.001953"/>
</iter>
<iter>
<kw name="Dictionary Should Contain Key" owner="Collections">
<msg time="2024-04-29T13:15:39.955071" level="INFO">False</msg>
<arg>${json_data['results'][0]}</arg>
<arg>${key}</arg>
<doc>Fails if ``key`` is not found from ``dictionary``.</doc>
<status status="PASS" start="2024-04-29T13:15:39.954686" elapsed="0.000422"/>
</kw>
<kw name="Log" owner="BuiltIn">
<msg time="2024-04-29T13:15:39.955796" level="INFO">{'gender': 'male', 'name': {'title': 'Mr', 'first': 'Geronimo', 'last': 'Denkers'}, 'location': {'street': {'number': 5990, 'name': 'Kerkwetering'}, 'city': 'Leuvenheim', 'state': 'Flevoland', 'country': 'Netherlands', 'postcode': '8494 KF', 'coordinates': {'latitude': '36.1261', 'longitude': '-106.0537'}, 'timezone': {'offset': '0:00', 'description': 'Western Europe Time, London, Lisbon, Casablanca'}}, 'email': 'geronimo.denkers@example.com', 'login': {'uuid': '5279e711-6f14-4524-b255-6f73b5875efa', 'username': 'greenfrog444', 'password': 'bobcat', 'salt': 'x0ftwkrD', 'md5': '10d97f19297be1c29d40c00007da3992', 'sha1': 'ded5b933b153d6fee3bf4c1f360415768276625b', 'sha256': 'cb253b462eda37a4d52f22e617916f5234cd32562552d436d83bfe9c10407b3f'}, 'dob': {'date': '1998-07-20T04:02:42.141Z', 'age': 25}, 'registered': {'date': '2011-09-20T00:00:26.102Z', 'age': 12}, 'phone': '(0974) 607899', 'cell': '(06) 89721317', 'id': {'name': 'BSN', 'value': '75958068'}, 'picture': {'large': 'https://randomuser.me/api/portraits/men/23.jpg', 'medium': 'https://randomuser.me/api/portraits/med/men/23.jpg', 'thumbnail': 'https://randomuser.me/api/portraits/thumb/men/23.jpg'}, 'nat': 'NL'}</msg>
<arg>${json_data['results'][0]}</arg>
<doc>Logs the given message with the given level.</doc>
<status status="PASS" start="2024-04-29T13:15:39.955398" elapsed="0.000450"/>
</kw>
<kw name="Log" owner="BuiltIn">
<msg time="2024-04-29T13:15:39.956274" level="INFO">location</msg>
<arg>${key}</arg>
<doc>Logs the given message with the given level.</doc>
<status status="PASS" start="2024-04-29T13:15:39.956147" elapsed="0.000166"/>
</kw>
<var name="${key}">location</var>
<status status="PASS" start="2024-04-29T13:15:39.954575" elapsed="0.001953"/>
</iter>
<iter>
<kw name="Dictionary Should Contain Key" owner="Collections">
<msg time="2024-04-29T13:15:39.957201" level="INFO">False</msg>
<arg>${json_data['results'][0]}</arg>
<arg>${key}</arg>
<doc>Fails if ``key`` is not found from ``dictionary``.</doc>
<status status="PASS" start="2024-04-29T13:15:39.956814" elapsed="0.000424"/>
</kw>
<kw name="Log" owner="BuiltIn">
<msg time="2024-04-29T13:15:39.957895" level="INFO">{'gender': 'male', 'name': {'title': 'Mr', 'first': 'Geronimo', 'last': 'Denkers'}, 'location': {'street': {'number': 5990, 'name': 'Kerkwetering'}, 'city': 'Leuvenheim', 'state': 'Flevoland', 'country': 'Netherlands', 'postcode': '8494 KF', 'coordinates': {'latitude': '36.1261', 'longitude': '-106.0537'}, 'timezone': {'offset': '0:00', 'description': 'Western Europe Time, London, Lisbon, Casablanca'}}, 'email': 'geronimo.denkers@example.com', 'login': {'uuid': '5279e711-6f14-4524-b255-6f73b5875efa', 'username': 'greenfrog444', 'password': 'bobcat', 'salt': 'x0ftwkrD', 'md5': '10d97f19297be1c29d40c00007da3992', 'sha1': 'ded5b933b153d6fee3bf4c1f360415768276625b', 'sha256': 'cb253b462eda37a4d52f22e617916f5234cd32562552d436d83bfe9c10407b3f'}, 'dob': {'date': '1998-07-20T04:02:42.141Z', 'age': 25}, 'registered': {'date': '2011-09-20T00:00:26.102Z', 'age': 12}, 'phone': '(0974) 607899', 'cell': '(06) 89721317', 'id': {'name': 'BSN', 'value': '75958068'}, 'picture': {'large': 'https://randomuser.me/api/portraits/men/23.jpg', 'medium': 'https://randomuser.me/api/portraits/med/men/23.jpg', 'thumbnail': 'https://randomuser.me/api/portraits/thumb/men/23.jpg'}, 'nat': 'NL'}</msg>
<arg>${json_data['results'][0]}</arg>
<doc>Logs the given message with the given level.</doc>
<status status="PASS" start="2024-04-29T13:15:39.957535" elapsed="0.000408"/>
</kw>
<kw name="Log" owner="BuiltIn">
<msg time="2024-04-29T13:15:39.958362" level="INFO">email</msg>
<arg>${key}</arg>
<doc>Logs the given message with the given level.</doc>
<status status="PASS" start="2024-04-29T13:15:39.958235" elapsed="0.000164"/>
</kw>
<var name="${key}">email</var>
<status status="PASS" start="2024-04-29T13:15:39.956703" elapsed="0.001908"/>
</iter>
<iter>
<kw name="Dictionary Should Contain Key" owner="Collections">
<msg time="2024-04-29T13:15:39.959285" level="INFO">False</msg>
<arg>${json_data['results'][0]}</arg>
<arg>${key}</arg>
<doc>Fails if ``key`` is not found from ``dictionary``.</doc>
<status status="PASS" start="2024-04-29T13:15:39.958894" elapsed="0.000429"/>
</kw>
<kw name="Log" owner="BuiltIn">
<msg time="2024-04-29T13:15:39.960029" level="INFO">{'gender': 'male', 'name': {'title': 'Mr', 'first': 'Geronimo', 'last': 'Denkers'}, 'location': {'street': {'number': 5990, 'name': 'Kerkwetering'}, 'city': 'Leuvenheim', 'state': 'Flevoland', 'country': 'Netherlands', 'postcode': '8494 KF', 'coordinates': {'latitude': '36.1261', 'longitude': '-106.0537'}, 'timezone': {'offset': '0:00', 'description': 'Western Europe Time, London, Lisbon, Casablanca'}}, 'email': 'geronimo.denkers@example.com', 'login': {'uuid': '5279e711-6f14-4524-b255-6f73b5875efa', 'username': 'greenfrog444', 'password': 'bobcat', 'salt': 'x0ftwkrD', 'md5': '10d97f19297be1c29d40c00007da3992', 'sha1': 'ded5b933b153d6fee3bf4c1f360415768276625b', 'sha256': 'cb253b462eda37a4d52f22e617916f5234cd32562552d436d83bfe9c10407b3f'}, 'dob': {'date': '1998-07-20T04:02:42.141Z', 'age': 25}, 'registered': {'date': '2011-09-20T00:00:26.102Z', 'age': 12}, 'phone': '(0974) 607899', 'cell': '(06) 89721317', 'id': {'name': 'BSN', 'value': '75958068'}, 'picture': {'large': 'https://randomuser.me/api/portraits/men/23.jpg', 'medium': 'https://randomuser.me/api/portraits/med/men/23.jpg', 'thumbnail': 'https://randomuser.me/api/portraits/thumb/men/23.jpg'}, 'nat': 'NL'}</msg>
<arg>${json_data['results'][0]}</arg>
<doc>Logs the given message with the given level.</doc>
<status status="PASS" start="2024-04-29T13:15:39.959618" elapsed="0.000460"/>
</kw>
<kw name="Log" owner="BuiltIn">
<msg time="2024-04-29T13:15:39.960497" level="INFO">login</msg>
<arg>${key}</arg>
<doc>Logs the given message with the given level.</doc>
<status status="PASS" start="2024-04-29T13:15:39.960371" elapsed="0.000196"/>
</kw>
<var name="${key}">login</var>
<status status="PASS" start="2024-04-29T13:15:39.958784" elapsed="0.002005"/>
</iter>
<var>${key}</var>
<value>@{expected_keys}</value>
<status status="PASS" start="2024-04-29T13:15:39.950087" elapsed="0.010825"/>
</for>
<kw name="Create List" owner="BuiltIn">
<msg time="2024-04-29T13:15:39.961241" level="INFO">${expected_keysTwo} = ['username', 'password']</msg>
<var>${expected_keysTwo}</var>
<arg>username</arg>
<arg>password</arg>
<doc>Returns a list containing given items.</doc>
<status status="PASS" start="2024-04-29T13:15:39.961104" elapsed="0.000162"/>
</kw>
<for flavor="IN">
<iter>
<kw name="Dictionary Should Contain Key" owner="Collections">
<msg time="2024-04-29T13:15:39.962155" level="INFO">False</msg>
<arg>${json_data['results'][0]['login']}</arg>
<arg>${keyTwo}</arg>
<doc>Fails if ``key`` is not found from ``dictionary``.</doc>
<status status="PASS" start="2024-04-29T13:15:39.961763" elapsed="0.000430"/>
</kw>
<kw name="Dictionary Should Contain Key" owner="Collections">
<msg time="2024-04-29T13:15:39.962878" level="INFO">False</msg>
<arg>${json_data['results'][0]['login']}</arg>
<arg>${keyTwo}</arg>
<doc>Fails if ``key`` is not found from ``dictionary``.</doc>
<status status="PASS" start="2024-04-29T13:15:39.962490" elapsed="0.000426"/>
</kw>
<kw name="Log" owner="BuiltIn">
<msg time="2024-04-29T13:15:39.963342" level="INFO">username</msg>
<arg>${keyTwo}</arg>
<doc>Logs the given message with the given level.</doc>
<status status="PASS" start="2024-04-29T13:15:39.963216" elapsed="0.000169"/>
</kw>
<var name="${keyTwo}">username</var>
<status status="PASS" start="2024-04-29T13:15:39.961653" elapsed="0.001952"/>
</iter>
<iter>
<kw name="Dictionary Should Contain Key" owner="Collections">
<msg time="2024-04-29T13:15:39.964311" level="INFO">False</msg>
<arg>${json_data['results'][0]['login']}</arg>
<arg>${keyTwo}</arg>
<doc>Fails if ``key`` is not found from ``dictionary``.</doc>
<status status="PASS" start="2024-04-29T13:15:39.963927" elapsed="0.000421"/>
</kw>
<kw name="Dictionary Should Contain Key" owner="Collections">
<msg time="2024-04-29T13:15:39.965101" level="INFO">False</msg>
<arg>${json_data['results'][0]['login']}</arg>
<arg>${keyTwo}</arg>
<doc>Fails if ``key`` is not found from ``dictionary``.</doc>
<status status="PASS" start="2024-04-29T13:15:39.964644" elapsed="0.000495"/>
</kw>
<kw name="Log" owner="BuiltIn">
<msg time="2024-04-29T13:15:39.965559" level="INFO">password</msg>
<arg>${keyTwo}</arg>
<doc>Logs the given message with the given level.</doc>
<status status="PASS" start="2024-04-29T13:15:39.965432" elapsed="0.000165"/>
</kw>
<var name="${keyTwo}">password</var>
<status status="PASS" start="2024-04-29T13:15:39.963811" elapsed="0.002002"/>
</iter>
<var>${keyTwo}</var>
<value>@{expected_keysTwo}</value>
<status status="PASS" start="2024-04-29T13:15:39.961500" elapsed="0.004437"/>
</for>
<status status="PASS" start="2024-04-29T13:15:39.846311" elapsed="0.119766"/>
</kw>
<doc>Testa a estrutura da resposta da API.</doc>
<tag>testeEstruturaResposta</tag>
<status status="PASS" start="2024-04-29T13:15:39.845711" elapsed="0.120570"/>
</test>
<test id="s1-s1-t4" name="Validar tipos de dados" line="28">
<kw name="Teste de Tipos de Dados" owner="random-user-service">
<kw name="GET On Session" owner="RequestsLibrary">
<msg time="2024-04-29T13:15:40.080392" level="INFO">GET Request : url=https://randomuser.me/api 
 path_url=/api 
 headers={'User-Agent': 'python-requests/2.31.0', 'Accept-Encoding': 'gzip, deflate', 'Accept': '*/*', 'Connection': 'keep-alive'} 
 body=None 
 </msg>
<msg time="2024-04-29T13:15:40.080491" level="INFO">GET Response : url=https://randomuser.me/api 
 status=200, reason=OK 
 headers={'Date': 'Mon, 29 Apr 2024 13:15:40 GMT', 'Content-Type': 'application/json; charset=utf-8', 'Transfer-Encoding': 'chunked', 'Connection': 'keep-alive', 'X-Powered-By': 'Express', 'Access-Control-Allow-Origin': '*', 'Cache-Control': 'no-cache', 'ETag': 'W/"47a-js00EedYyaOlnj3RSogU4x8LwBI"', 'Vary': 'Accept-Encoding', 'Content-Encoding': 'gzip', 'CF-Cache-Status': 'DYNAMIC', 'Report-To': '{"endpoints":[{"url":"https:\\/\\/a.nel.cloudflare.com\\/report\\/v4?s=s1Yp1jE9SESaP44CgBfLvsgd1r8%2BeJvd9oZ4zf%2FzXlNAnE%2Fg84PtKl4Wz1eMjYjmdCUo%2F3xhgDkV6QAmVt6FUpw%2BcH7kckiCUe%2FZQDY2GoJ0s7gzPTIDKmWmlfHbqBJv"}],"group":"cf-nel","max_age":604800}', 'NEL': '{"success_fraction":0,"report_to":"cf-nel","max_age":604800}', 'Server': 'cloudflare', 'CF-RAY': '87bf8fe6db45fa72-SJC', 'alt-svc': 'h3=":443"; ma=86400'} 
 body={"results":[{"gender":"female","name":{"title":"Ms","first":"Kira","last":"Zubko"},"location":{"street":{"number":8459,"name":"Mikoli Gastello"},"city":"Shpola","state":"Vinnicka","country":"Ukraine","postcode":12066,"coordinates":{"latitude":"74.8795","longitude":"37.7546"},"timezone":{"offset":"-1:00","description":"Azores, Cape Verde Islands"}},"email":"kira.zubko@example.com","login":{"uuid":"65b6d3f1-036c-4743-9abf-ade20d1e4d2e","username":"yellowostrich853","password":"rene","salt":"oyXBsovQ","md5":"562ac6c659f5d1bef54ff65f0c033159","sha1":"73730fd5bb92cfd562ddbf92f77cdf20baccd26a","sha256":"481c940db06722b8bf13008a2186c0c6dbc1a3576a219e4062f2bccff4f1403a"},"dob":{"date":"1995-02-08T05:51:26.492Z","age":29},"registered":{"date":"2005-07-23T18:12:40.128Z","age":18},"phone":"(098) C92-8195","cell":"(099) C12-8003","id":{"name":"","value":null},"picture":{"large":"https://randomuser.me/api/portraits/women/1.jpg","medium":"https://randomuser.me/api/portraits/med/women/1.jpg","thumbnail":"https://randomuser.me/api/portraits/thumb/women/1.jpg"},"nat":"UA"}],"info":{"seed":"ba0f3116b0af6b63","results":1,"page":1,"version":"1.4"}} 
 </msg>
<msg time="2024-04-29T13:15:40.080588" level="INFO">/opt/hostedtoolcache/Python/3.12.3/x64/lib/python3.12/site-packages/urllib3/connectionpool.py:1103: InsecureRequestWarning: Unverified HTTPS request is being made to host 'randomuser.me'. Adding certificate verification is strongly advised. See: https://urllib3.readthedocs.io/en/latest/advanced-usage.html#tls-warnings
  warnings.warn(</msg>
<msg time="2024-04-29T13:15:40.080731" level="INFO">${response} = &lt;Response [200]&gt;</msg>
<var>${response}</var>
<arg>consultarAPI</arg>
<arg>/api</arg>
<doc>Sends a GET request on a previously created HTTP Session.</doc>
<status status="PASS" start="2024-04-29T13:15:39.968888" elapsed="0.111889"/>
</kw>
<kw name="Set Variable" owner="BuiltIn">
<msg time="2024-04-29T13:15:40.082025" level="INFO">${json_data} = {'results': [{'gender': 'female', 'name': {'title': 'Ms', 'first': 'Kira', 'last': 'Zubko'}, 'location': {'street': {'number': 8459, 'name': 'Mikoli Gastello'}, 'city': 'Shpola', 'state': 'Vinnicka', ...</msg>
<var>${json_data}</var>
<arg>${response.json()}</arg>
<doc>Returns the given values which can then be assigned to a variables.</doc>
<status status="PASS" start="2024-04-29T13:15:40.081305" elapsed="0.000764"/>
</kw>
<kw name="Log" owner="BuiltIn">
<msg time="2024-04-29T13:15:40.082701" level="INFO">{'results': [{'gender': 'female', 'name': {'title': 'Ms', 'first': 'Kira', 'last': 'Zubko'}, 'location': {'street': {'number': 8459, 'name': 'Mikoli Gastello'}, 'city': 'Shpola', 'state': 'Vinnicka', 'country': 'Ukraine', 'postcode': 12066, 'coordinates': {'latitude': '74.8795', 'longitude': '37.7546'}, 'timezone': {'offset': '-1:00', 'description': 'Azores, Cape Verde Islands'}}, 'email': 'kira.zubko@example.com', 'login': {'uuid': '65b6d3f1-036c-4743-9abf-ade20d1e4d2e', 'username': 'yellowostrich853', 'password': 'rene', 'salt': 'oyXBsovQ', 'md5': '562ac6c659f5d1bef54ff65f0c033159', 'sha1': '73730fd5bb92cfd562ddbf92f77cdf20baccd26a', 'sha256': '481c940db06722b8bf13008a2186c0c6dbc1a3576a219e4062f2bccff4f1403a'}, 'dob': {'date': '1995-02-08T05:51:26.492Z', 'age': 29}, 'registered': {'date': '2005-07-23T18:12:40.128Z', 'age': 18}, 'phone': '(098) C92-8195', 'cell': '(099) C12-8003', 'id': {'name': '', 'value': None}, 'picture': {'large': 'https://randomuser.me/api/portraits/women/1.jpg', 'medium': 'https://randomuser.me/api/portraits/med/women/1.jpg', 'thumbnail': 'https://randomuser.me/api/portraits/thumb/women/1.jpg'}, 'nat': 'UA'}], 'info': {'seed': 'ba0f3116b0af6b63', 'results': 1, 'page': 1, 'version': '1.4'}}</msg>
<arg>${json_data}</arg>
<doc>Logs the given message with the given level.</doc>
<status status="PASS" start="2024-04-29T13:15:40.082490" elapsed="0.000323"/>
</kw>
<kw name="Should Be String" owner="String">
<arg>${json_data['results'][0]['gender']}</arg>
<doc>Fails if the given ``item`` is not a string.</doc>
<status status="PASS" start="2024-04-29T13:15:40.083223" elapsed="0.000564"/>
</kw>
<kw name="Should Match Regexp" owner="BuiltIn">
<arg>${json_data['results'][0]['email']}</arg>
<arg>^[a-zA-Z0-9._%+-]+@[a-zA-Z0-9.-]+\.[a-zA-Z]{2,}$</arg>
<doc>Fails if ``string`` does not match ``pattern`` as a regular expression.</doc>
<status status="PASS" start="2024-04-29T13:15:40.084099" elapsed="0.000765"/>
</kw>
<kw name="Should Match Regexp" owner="BuiltIn">
<arg>${json_data['results'][0]['dob']['date']}</arg>
<arg>\\d{4}-\\d{2}-\\d{2}T\\d{2}:\\d{2}:\\d{2}\\.\\d{3}Z</arg>
<doc>Fails if ``string`` does not match ``pattern`` as a regular expression.</doc>
<status status="PASS" start="2024-04-29T13:15:40.085151" elapsed="0.000743"/>
</kw>
<kw name="Should Match Regexp" owner="BuiltIn">
<arg>${json_data['results'][0]['registered']['date']}</arg>
<arg>\\d{4}-\\d{2}-\\d{2}T\\d{2}:\\d{2}:\\d{2}\\.\\d{3}Z</arg>
<doc>Fails if ``string`` does not match ``pattern`` as a regular expression.</doc>
<status status="PASS" start="2024-04-29T13:15:40.086185" elapsed="0.000567"/>
</kw>
<kw name="Should Match Regexp" owner="BuiltIn">
<arg>${json_data['results'][0]['picture']['large']}</arg>
<arg>^https?://.*\.(?:png|jpe?g|gif|bmp)$</arg>
<doc>Fails if ``string`` does not match ``pattern`` as a regular expression.</doc>
<status status="PASS" start="2024-04-29T13:15:40.087049" elapsed="0.000749"/>
</kw>
<kw name="Should Match Regexp" owner="BuiltIn">
<arg>${json_data['results'][0]['picture']['medium']}</arg>
<arg>^https?://.*\.(?:png|jpe?g|gif|bmp)$</arg>
<doc>Fails if ``string`` does not match ``pattern`` as a regular expression.</doc>
<status status="PASS" start="2024-04-29T13:15:40.088105" elapsed="0.000597"/>
</kw>
<kw name="Should Match Regexp" owner="BuiltIn">
<arg>${json_data['results'][0]['picture']['thumbnail']}</arg>
<arg>^https?://.*\.(?:png|jpe?g|gif|bmp)$</arg>
<doc>Fails if ``string`` does not match ``pattern`` as a regular expression.</doc>
<status status="PASS" start="2024-04-29T13:15:40.088996" elapsed="0.000571"/>
</kw>
<kw name="Log" owner="BuiltIn">
<msg time="2024-04-29T13:15:40.090434" level="INFO">{'large': 'https://randomuser.me/api/portraits/women/1.jpg', 'medium': 'https://randomuser.me/api/portraits/med/women/1.jpg', 'thumbnail': 'https://randomuser.me/api/portraits/thumb/women/1.jpg'}</msg>
<arg>${json_data['results'][0]['picture']}</arg>
<doc>Logs the given message with the given level.</doc>
<status status="PASS" start="2024-04-29T13:15:40.089875" elapsed="0.000634"/>
</kw>
<status status="PASS" start="2024-04-29T13:15:39.968665" elapsed="0.122243"/>
</kw>
<kw name="Teste de Tipos de Dados - Postcode" owner="random-user-service">
<kw name="GET On Session" owner="RequestsLibrary">
<msg time="2024-04-29T13:15:40.177041" level="INFO">GET Request : url=https://randomuser.me/api 
 path_url=/api 
 headers={'User-Agent': 'python-requests/2.31.0', 'Accept-Encoding': 'gzip, deflate', 'Accept': '*/*', 'Connection': 'keep-alive'} 
 body=None 
 </msg>
<msg time="2024-04-29T13:15:40.177128" level="INFO">GET Response : url=https://randomuser.me/api 
 status=200, reason=OK 
 headers={'Date': 'Mon, 29 Apr 2024 13:15:40 GMT', 'Content-Type': 'application/json; charset=utf-8', 'Transfer-Encoding': 'chunked', 'Connection': 'keep-alive', 'X-Powered-By': 'Express', 'Access-Control-Allow-Origin': '*', 'Cache-Control': 'no-cache', 'ETag': 'W/"47a-v5X6bzwTYsb1Ciw5lzGvliXSCis"', 'Vary': 'Accept-Encoding', 'Content-Encoding': 'gzip', 'CF-Cache-Status': 'DYNAMIC', 'Report-To': '{"endpoints":[{"url":"https:\\/\\/a.nel.cloudflare.com\\/report\\/v4?s=C1BA0KwO5YLXk5eLpjQGEQwcCiuzeUIZuiiU2zS8KRdEb%2FeTTTog73Q91i4Li8uVDkhm%2FwFTYlXtuulN9Ank14bVqyFxNLLxFe%2FfLdlv7Ee%2BWN2lqOG97LBEX1T1HX5b"}],"group":"cf-nel","max_age":604800}', 'NEL': '{"success_fraction":0,"report_to":"cf-nel","max_age":604800}', 'Server': 'cloudflare', 'CF-RAY': '87bf8fe79be1fa72-SJC', 'alt-svc': 'h3=":443"; ma=86400'} 
 body={"results":[{"gender":"male","name":{"title":"Mr","first":"Cassiano","last":"da Costa"},"location":{"street":{"number":9101,"name":"Rua Um"},"city":"Açailândia","state":"Alagoas","country":"Brazil","postcode":24572,"coordinates":{"latitude":"-76.0006","longitude":"-80.7115"},"timezone":{"offset":"-9:00","description":"Alaska"}},"email":"cassiano.dacosta@example.com","login":{"uuid":"331ee112-bc80-4921-92f6-4eecc255f9c1","username":"yellowgoose335","password":"brandy1","salt":"RUGcJieL","md5":"f8fcbddc53ba5fded0b8e29ae1107fc4","sha1":"7adc1ee110fdb9b969187c8596cc15b858f1a421","sha256":"568b32b394d947c365fc33d8be89ce455730317e33de96fa601b168148fb88a7"},"dob":{"date":"1997-10-09T07:53:45.531Z","age":26},"registered":{"date":"2020-07-16T13:42:17.123Z","age":3},"phone":"(71) 3395-8107","cell":"(88) 5149-3550","id":{"name":"CPF","value":"592.955.390-37"},"picture":{"large":"https://randomuser.me/api/portraits/men/78.jpg","medium":"https://randomuser.me/api/portraits/med/men/78.jpg","thumbnail":"https://randomuser.me/api/portraits/thumb/men/78.jpg"},"nat":"BR"}],"info":{"seed":"70849554b9b9315a","results":1,"page":1,"version":"1.4"}} 
 </msg>
<msg time="2024-04-29T13:15:40.177209" level="INFO">/opt/hostedtoolcache/Python/3.12.3/x64/lib/python3.12/site-packages/urllib3/connectionpool.py:1103: InsecureRequestWarning: Unverified HTTPS request is being made to host 'randomuser.me'. Adding certificate verification is strongly advised. See: https://urllib3.readthedocs.io/en/latest/advanced-usage.html#tls-warnings
  warnings.warn(</msg>
<msg time="2024-04-29T13:15:40.177320" level="INFO">${response} = &lt;Response [200]&gt;</msg>
<var>${response}</var>
<arg>consultarAPI</arg>
<arg>/api</arg>
<doc>Sends a GET request on a previously created HTTP Session.</doc>
<status status="PASS" start="2024-04-29T13:15:40.091643" elapsed="0.085725"/>
</kw>
<kw name="Set Variable" owner="BuiltIn">
<msg time="2024-04-29T13:15:40.178577" level="INFO">${json_data} = {'results': [{'gender': 'male', 'name': {'title': 'Mr', 'first': 'Cassiano', 'last': 'da Costa'}, 'location': {'street': {'number': 9101, 'name': 'Rua Um'}, 'city': 'Açailândia', 'state': 'Alagoas', '...</msg>
<var>${json_data}</var>
<arg>${response.json()}</arg>
<doc>Returns the given values which can then be assigned to a variables.</doc>
<status status="PASS" start="2024-04-29T13:15:40.177894" elapsed="0.000714"/>
</kw>
<kw name="Log" owner="BuiltIn">
<msg time="2024-04-29T13:15:40.179086" level="INFO">{'results': [{'gender': 'male', 'name': {'title': 'Mr', 'first': 'Cassiano', 'last': 'da Costa'}, 'location': {'street': {'number': 9101, 'name': 'Rua Um'}, 'city': 'Açailândia', 'state': 'Alagoas', 'country': 'Brazil', 'postcode': 24572, 'coordinates': {'latitude': '-76.0006', 'longitude': '-80.7115'}, 'timezone': {'offset': '-9:00', 'description': 'Alaska'}}, 'email': 'cassiano.dacosta@example.com', 'login': {'uuid': '331ee112-bc80-4921-92f6-4eecc255f9c1', 'username': 'yellowgoose335', 'password': 'brandy1', 'salt': 'RUGcJieL', 'md5': 'f8fcbddc53ba5fded0b8e29ae1107fc4', 'sha1': '7adc1ee110fdb9b969187c8596cc15b858f1a421', 'sha256': '568b32b394d947c365fc33d8be89ce455730317e33de96fa601b168148fb88a7'}, 'dob': {'date': '1997-10-09T07:53:45.531Z', 'age': 26}, 'registered': {'date': '2020-07-16T13:42:17.123Z', 'age': 3}, 'phone': '(71) 3395-8107', 'cell': '(88) 5149-3550', 'id': {'name': 'CPF', 'value': '592.955.390-37'}, 'picture': {'large': 'https://randomuser.me/api/portraits/men/78.jpg', 'medium': 'https://randomuser.me/api/portraits/med/men/78.jpg', 'thumbnail': 'https://randomuser.me/api/portraits/thumb/men/78.jpg'}, 'nat': 'BR'}], 'info': {'seed': '70849554b9b9315a', 'results': 1, 'page': 1, 'version': '1.4'}}</msg>
<arg>${json_data}</arg>
<doc>Logs the given message with the given level.</doc>
<status status="PASS" start="2024-04-29T13:15:40.178926" elapsed="0.000240"/>
</kw>
<kw name="Should Be Equal As Numbers" owner="BuiltIn">
<arg>${json_data['results'][0]['location']['postcode']}</arg>
<arg>${json_data['results'][0]['location']['postcode']}</arg>
<doc>Fails if objects are unequal after converting them to real numbers.</doc>
<status status="PASS" start="2024-04-29T13:15:40.179476" elapsed="0.000818"/>
</kw>
<kw name="Log" owner="BuiltIn">
<msg time="2024-04-29T13:15:40.180842" level="INFO">24572</msg>
<arg>${json_data['results'][0]['location']['postcode']}</arg>
<doc>Logs the given message with the given level.</doc>
<status status="PASS" start="2024-04-29T13:15:40.180494" elapsed="0.000390"/>
</kw>
<status status="PASS" start="2024-04-29T13:15:40.091268" elapsed="0.089872"/>
</kw>
<doc>Testa se os tipos de dados na resposta da API estão corretos.</doc>
<tag>testeTiposDados</tag>
<status status="PASS" start="2024-04-29T13:15:39.968163" elapsed="0.213138"/>
</test>
<test id="s1-s1-t5" name="Validar conteudo" line="35">
<kw name="Teste de Tipos de Conteudo" owner="random-user-service">
<kw name="GET On Session" owner="RequestsLibrary">
<msg time="2024-04-29T13:15:40.381383" level="INFO">GET Request : url=https://randomuser.me/api 
 path_url=/api 
 headers={'User-Agent': 'python-requests/2.31.0', 'Accept-Encoding': 'gzip, deflate', 'Accept': '*/*', 'Connection': 'keep-alive'} 
 body=None 
 </msg>
<msg time="2024-04-29T13:15:40.381449" level="INFO">GET Response : url=https://randomuser.me/api 
 status=200, reason=OK 
 headers={'Date': 'Mon, 29 Apr 2024 13:15:40 GMT', 'Content-Type': 'application/json; charset=utf-8', 'Transfer-Encoding': 'chunked', 'Connection': 'keep-alive', 'X-Powered-By': 'Express', 'Access-Control-Allow-Origin': '*', 'Cache-Control': 'no-cache', 'ETag': 'W/"4af-AGD2OZ9H8qLAR/KQYXSu+bX3hTE"', 'Vary': 'Accept-Encoding', 'Content-Encoding': 'gzip', 'CF-Cache-Status': 'DYNAMIC', 'Report-To': '{"endpoints":[{"url":"https:\\/\\/a.nel.cloudflare.com\\/report\\/v4?s=oDKibhOECd22uXtLUGiKRCdrkdtqEg5G4K%2FRIFk28gXteNSCuivXBvLY8bb0q2ztQHI2HcakOsWhBWWVaSIwbCRU1OdODWsqXXXhbTaazMivx9pOnzEyXVoaVTJjrLcZ"}],"group":"cf-nel","max_age":604800}', 'NEL': '{"success_fraction":0,"report_to":"cf-nel","max_age":604800}', 'Server': 'cloudflare', 'CF-RAY': '87bf8fe82c4dfa72-SJC', 'alt-svc': 'h3=":443"; ma=86400'} 
 body={"results":[{"gender":"female","name":{"title":"Ms","first":"Andrea","last":"Calvillo"},"location":{"street":{"number":1816,"name":"Continuación Puebla"},"city":"Axochiapan","state":"San Luis Potosí","country":"Mexico","postcode":35453,"coordinates":{"latitude":"26.0194","longitude":"99.7592"},"timezone":{"offset":"+8:00","description":"Beijing, Perth, Singapore, Hong Kong"}},"email":"andrea.calvillo@example.com","login":{"uuid":"12dd271b-40f1-42d7-99da-61edc850fdb5","username":"redgorilla172","password":"sprint","salt":"a7ejZEfL","md5":"cbbe183bbef4bb4d89ed3426b51b4a7f","sha1":"1e3c15abdd48cc13f139ab161876d4048af4cd03","sha256":"e9e19acf7d24cacba49d9548690a26e3c38b2e6dd5ed41d4ea9797ae16bbcb1f"},"dob":{"date":"1997-10-13T06:38:00.094Z","age":26},"registered":{"date":"2019-07-09T05:52:05.175Z","age":4},"phone":"(653) 098 7364","cell":"(626) 274 6412","id":{"name":"NSS","value":"95 80 65 9924 9"},"picture":{"large":"https://randomuser.me/api/portraits/women/72.jpg","medium":"https://randomuser.me/api/portraits/med/women/72.jpg","thumbnail":"https://randomuser.me/api/portraits/thumb/women/72.jpg"},"nat":"MX"}],"info":{"seed":"55483f28949325ad","results":1,"page":1,"version":"1.4"}} 
 </msg>
<msg time="2024-04-29T13:15:40.381510" level="INFO">/opt/hostedtoolcache/Python/3.12.3/x64/lib/python3.12/site-packages/urllib3/connectionpool.py:1103: InsecureRequestWarning: Unverified HTTPS request is being made to host 'randomuser.me'. Adding certificate verification is strongly advised. See: https://urllib3.readthedocs.io/en/latest/advanced-usage.html#tls-warnings
  warnings.warn(</msg>
<msg time="2024-04-29T13:15:40.381617" level="INFO">${response} = &lt;Response [200]&gt;</msg>
<var>${response}</var>
<arg>consultarAPI</arg>
<arg>/api</arg>
<doc>Sends a GET request on a previously created HTTP Session.</doc>
<status status="PASS" start="2024-04-29T13:15:40.183772" elapsed="0.197886"/>
</kw>
<kw name="Set Variable" owner="BuiltIn">
<msg time="2024-04-29T13:15:40.382507" level="INFO">${json_data} = {'results': [{'gender': 'female', 'name': {'title': 'Ms', 'first': 'Andrea', 'last': 'Calvillo'}, 'location': {'street': {'number': 1816, 'name': 'Continuación Puebla'}, 'city': 'Axochiapan', 'state':...</msg>
<var>${json_data}</var>
<arg>${response.json()}</arg>
<doc>Returns the given values which can then be assigned to a variables.</doc>
<status status="PASS" start="2024-04-29T13:15:40.382066" elapsed="0.000470"/>
</kw>
<kw name="Set Variable" owner="BuiltIn">
<msg time="2024-04-29T13:15:40.383223" level="INFO">${name_title} = Ms</msg>
<var>${name_title}</var>
<arg>${json_data["results"][0]["name"]["title"]}</arg>
<doc>Returns the given values which can then be assigned to a variables.</doc>
<status status="PASS" start="2024-04-29T13:15:40.382840" elapsed="0.000408"/>
</kw>
<kw name="Create List" owner="BuiltIn">
<msg time="2024-04-29T13:15:40.383693" level="INFO">${allowed_titles} = ['Mr', 'Ms', 'Miss', 'Mrs', 'Madame', 'Monsieur']</msg>
<var>${allowed_titles}</var>
<arg>Mr</arg>
<arg>Ms</arg>
<arg>Miss</arg>
<arg>Mrs</arg>
<arg>Madame</arg>
<arg>Monsieur</arg>
<doc>Returns a list containing given items.</doc>
<status status="PASS" start="2024-04-29T13:15:40.383546" elapsed="0.000170"/>
</kw>
<kw name="List Should Contain Value" owner="Collections">
<msg time="2024-04-29T13:15:40.384227" level="INFO">False</msg>
<arg>${allowed_titles}</arg>
<arg>${name_title}</arg>
<doc>Fails if the ``value`` is not found from ``list``.</doc>
<status status="PASS" start="2024-04-29T13:15:40.384058" elapsed="0.000204"/>
</kw>
<kw name="Set Variable" owner="BuiltIn">
<msg time="2024-04-29T13:15:40.384936" level="INFO">${name_country} = MX</msg>
<var>${name_country}</var>
<arg>${json_data["results"][0]["nat"]}</arg>
<doc>Returns the given values which can then be assigned to a variables.</doc>
<status status="PASS" start="2024-04-29T13:15:40.384551" elapsed="0.000410"/>
</kw>
<kw name="Create List" owner="BuiltIn">
<msg time="2024-04-29T13:15:40.385875" level="INFO">${list_country} = ['AD', 'AE', 'AF', 'AG', 'AI', 'AL', 'AM', 'AO', 'AQ', 'AR', 'AS', 'AT', 'AU', 'AW', 'AX', 'AZ', 'BA', 'BB', 'BD', 'BE', 'BF', 'BG', 'BH', 'BI', 'BJ', 'BL', 'BM', 'BN', 'BO', 'BQ', 'BR', 'BS', 'BT', '...</msg>
<var>${list_country}</var>
<arg>AD</arg>
<arg>AE</arg>
<arg>AF</arg>
<arg>AG</arg>
<arg>AI</arg>
<arg>AL</arg>
<arg>AM</arg>
<arg>AO</arg>
<arg>AQ</arg>
<arg>AR</arg>
<arg>AS</arg>
<arg>AT</arg>
<arg>AU</arg>
<arg>AW</arg>
<arg>AX</arg>
<arg>AZ</arg>
<arg>BA</arg>
<arg>BB</arg>
<arg>BD</arg>
<arg>BE</arg>
<arg>BF</arg>
<arg>BG</arg>
<arg>BH</arg>
<arg>BI</arg>
<arg>BJ</arg>
<arg>BL</arg>
<arg>BM</arg>
<arg>BN</arg>
<arg>BO</arg>
<arg>BQ</arg>
<arg>BR</arg>
<arg>BS</arg>
<arg>BT</arg>
<arg>BV</arg>
<arg>BW</arg>
<arg>BY</arg>
<arg>BZ</arg>
<arg>CA</arg>
<arg>CC</arg>
<arg>CD</arg>
<arg>CF</arg>
<arg>CG</arg>
<arg>CH</arg>
<arg>CI</arg>
<arg>CK</arg>
<arg>CL</arg>
<arg>CM</arg>
<arg>CN</arg>
<arg>CO</arg>
<arg>CR</arg>
<arg>CU</arg>
<arg>CV</arg>
<arg>CW</arg>
<arg>CX</arg>
<arg>CY</arg>
<arg>CZ</arg>
<arg>DE</arg>
<arg>DJ</arg>
<arg>DK</arg>
<arg>DM</arg>
<arg>DO</arg>
<arg>DZ</arg>
<arg>EC</arg>
<arg>EE</arg>
<arg>EG</arg>
<arg>EH</arg>
<arg>ER</arg>
<arg>ES</arg>
<arg>ET</arg>
<arg>FI</arg>
<arg>FJ</arg>
<arg>FK</arg>
<arg>FM</arg>
<arg>FO</arg>
<arg>FR</arg>
<arg>GA</arg>
<arg>GB</arg>
<arg>GD</arg>
<arg>GE</arg>
<arg>GF</arg>
<arg>GG</arg>
<arg>GH</arg>
<arg>GI</arg>
<arg>GL</arg>
<arg>GM</arg>
<arg>GN</arg>
<arg>GP</arg>
<arg>GQ</arg>
<arg>GR</arg>
<arg>GS</arg>
<arg>GT</arg>
<arg>GU</arg>
<arg>GW</arg>
<arg>GY</arg>
<arg>HK</arg>
<arg>HM</arg>
<arg>HN</arg>
<arg>HR</arg>
<arg>HT</arg>
<arg>HU</arg>
<arg>ID</arg>
<arg>IE</arg>
<arg>IL</arg>
<arg>IM</arg>
<arg>IN</arg>
<arg>IO</arg>
<arg>IQ</arg>
<arg>IR</arg>
<arg>IS</arg>
<arg>IT</arg>
<arg>JE</arg>
<arg>JM</arg>
<arg>JO</arg>
<arg>JP</arg>
<arg>KE</arg>
<arg>KG</arg>
<arg>KH</arg>
<arg>KI</arg>
<arg>KM</arg>
<arg>KN</arg>
<arg>KP</arg>
<arg>KR</arg>
<arg>KW</arg>
<arg>KY</arg>
<arg>KZ</arg>
<arg>LA</arg>
<arg>LB</arg>
<arg>LC</arg>
<arg>LI</arg>
<arg>LK</arg>
<arg>LR</arg>
<arg>LS</arg>
<arg>LT</arg>
<arg>LU</arg>
<arg>LV</arg>
<arg>LY</arg>
<arg>MA</arg>
<arg>MC</arg>
<arg>MD</arg>
<arg>ME</arg>
<arg>MF</arg>
<arg>MG</arg>
<arg>MH</arg>
<arg>MK</arg>
<arg>ML</arg>
<arg>MM</arg>
<arg>MN</arg>
<arg>MO</arg>
<arg>MP</arg>
<arg>MQ</arg>
<arg>MR</arg>
<arg>MS</arg>
<arg>MT</arg>
<arg>MU</arg>
<arg>MV</arg>
<arg>MW</arg>
<arg>MX</arg>
<arg>MY</arg>
<arg>MZ</arg>
<arg>NA</arg>
<arg>NC</arg>
<arg>NE</arg>
<arg>NF</arg>
<arg>NG</arg>
<arg>NI</arg>
<arg>NL</arg>
<arg>NO</arg>
<arg>NP</arg>
<arg>NR</arg>
<arg>NU</arg>
<arg>NZ</arg>
<arg>OM</arg>
<arg>PA</arg>
<arg>PE</arg>
<arg>PF</arg>
<arg>PG</arg>
<arg>PH</arg>
<arg>PK</arg>
<arg>PL</arg>
<arg>PM</arg>
<arg>PN</arg>
<arg>PR</arg>
<arg>PS</arg>
<arg>PT</arg>
<arg>PW</arg>
<arg>PY</arg>
<arg>QA</arg>
<arg>RE</arg>
<arg>RO</arg>
<arg>RS</arg>
<arg>RU</arg>
<arg>RW</arg>
<arg>SA</arg>
<arg>SB</arg>
<arg>SC</arg>
<arg>SD</arg>
<arg>SE</arg>
<arg>SG</arg>
<arg>SH</arg>
<arg>SI</arg>
<arg>SJ</arg>
<arg>SK</arg>
<arg>SL</arg>
<arg>SM</arg>
<arg>SN</arg>
<arg>SO</arg>
<arg>SR</arg>
<arg>SS</arg>
<arg>ST</arg>
<arg>SV</arg>
<arg>SX</arg>
<arg>SY</arg>
<arg>SZ</arg>
<arg>TC</arg>
<arg>TD</arg>
<arg>TF</arg>
<arg>TG</arg>
<arg>TH</arg>
<arg>TJ</arg>
<arg>TK</arg>
<arg>TL</arg>
<arg>TM</arg>
<arg>TN</arg>
<arg>TO</arg>
<arg>TR</arg>
<arg>TT</arg>
<arg>TV</arg>
<arg>TW</arg>
<arg>TZ</arg>
<arg>UA</arg>
<arg>UG</arg>
<arg>UM</arg>
<arg>US</arg>
<arg>UY</arg>
<arg>UZ</arg>
<arg>VA</arg>
<arg>VC</arg>
<arg>VE</arg>
<arg>VG</arg>
<arg>VI</arg>
<arg>VN</arg>
<arg>VU</arg>
<arg>WF</arg>
<arg>WS</arg>
<arg>XK</arg>
<arg>YE</arg>
<arg>YT</arg>
<arg>ZA</arg>
<arg>ZM</arg>
<arg>ZW</arg>
<doc>Returns a list containing given items.</doc>
<status status="PASS" start="2024-04-29T13:15:40.385264" elapsed="0.000636"/>
</kw>
<kw name="List Should Contain Value" owner="Collections">
<msg time="2024-04-29T13:15:40.386891" level="INFO">False</msg>
<arg>${list_country}</arg>
<arg>${name_country}</arg>
<doc>Fails if the ``value`` is not found from ``list``.</doc>
<status status="PASS" start="2024-04-29T13:15:40.386692" elapsed="0.000236"/>
</kw>
<kw name="Run Keyword If" owner="BuiltIn">
<kw name="Should Be True" owner="BuiltIn">
<arg>${True}</arg>
<doc>Fails if the given condition is not true.</doc>
<status status="PASS" start="2024-04-29T13:15:40.388034" elapsed="0.000151"/>
</kw>
<arg>${json_data["results"][0]["location"]["coordinates"]["latitude"]} &gt;= -90 and ${json_data["results"][0]["location"]["coordinates"]["latitude"]} &lt;= 90</arg>
<arg>Should Be True</arg>
<arg>${True}</arg>
<doc>Runs the given keyword with the given arguments, if ``condition`` is true.</doc>
<status status="PASS" start="2024-04-29T13:15:40.387239" elapsed="0.001071"/>
</kw>
<kw name="Run Keyword If" owner="BuiltIn">
<kw name="Should Be True" owner="BuiltIn">
<arg>${True}</arg>
<doc>Fails if the given condition is not true.</doc>
<status status="PASS" start="2024-04-29T13:15:40.389196" elapsed="0.000241"/>
</kw>
<arg>${json_data["results"][0]["location"]["coordinates"]["longitude"]} &gt;= -180 and ${json_data["results"][0]["location"]["coordinates"]["longitude"]} &lt;= 180</arg>
<arg>Should Be True</arg>
<arg>${True}</arg>
<doc>Runs the given keyword with the given arguments, if ``condition`` is true.</doc>
<status status="PASS" start="2024-04-29T13:15:40.388497" elapsed="0.001067"/>
</kw>
<status status="PASS" start="2024-04-29T13:15:40.183526" elapsed="0.206167"/>
</kw>
<doc>Testa o conteúdo específico dos campos retornados pela API.</doc>
<tag>testeConteudo</tag>
<status status="PASS" start="2024-04-29T13:15:40.183062" elapsed="0.206772"/>
</test>
<status status="PASS" start="2024-04-29T13:15:39.434609" elapsed="0.957181"/>
</suite>
<status status="PASS" start="2024-04-29T13:15:39.421097" elapsed="0.975851"/>
</suite>
<statistics>
<total>
<stat pass="5" fail="0" skip="0">All Tests</stat>
</total>
<tag>
<stat pass="1" fail="0" skip="0">testeConteudo</stat>
<stat pass="1" fail="0" skip="0">testeEstruturaResposta</stat>
<stat pass="1" fail="0" skip="0">testeRequisicaoBasica</stat>
<stat pass="1" fail="0" skip="0">testeTiposDados</stat>
</tag>
<suite>
<stat pass="5" fail="0" skip="0" id="s1" name="Tests">Tests</stat>
<stat pass="5" fail="0" skip="0" id="s1-s1" name="Random-User-Test">Tests.Random-User-Test</stat>
</suite>
</statistics>
<errors>
</errors>
</robot>
