<?xml version="1.0" encoding="UTF-8"?>
<robot generator="Robot 7.0 (Python 3.12.3 on linux)" generated="2024-04-30T20:14:40.980605" rpa="false" schemaversion="5">
<suite id="s1" name="Tests" source="/home/runner/work/DesafioQAItauRogerioJordao/DesafioQAItauRogerioJordao/RamdonUser/tests">
<suite id="s1-s1" name="Random-User-Test" source="/home/runner/work/DesafioQAItauRogerioJordao/DesafioQAItauRogerioJordao/RamdonUser/tests/random-user-test.robot">
<test id="s1-s1-t1" name="Conectar" line="13">
<kw name="Conectar API" owner="random-user-service">
<kw name="Create Session" owner="RequestsLibrary">
<msg time="2024-04-30T20:14:41.357991" level="INFO">Creating Session using : alias=consultarAPI, url=https://randomuser.me/, headers={},                     cookies={}, auth=None, timeout=None, proxies=None, verify=False,                     debug=0 </msg>
<arg>consultarAPI</arg>
<arg>${URL}</arg>
<doc>Create Session: create a HTTP session to a server</doc>
<status status="PASS" start="2024-04-30T20:14:41.357771" elapsed="0.000416"/>
</kw>
<status status="PASS" start="2024-04-30T20:14:41.356744" elapsed="0.001819"/>
</kw>
<status status="PASS" start="2024-04-30T20:14:41.356156" elapsed="0.002600"/>
</test>
<test id="s1-s1-t2" name="Validar retorno 200 e JSON Válido" line="16">
<kw name="Teste de Requisicao Basica" owner="random-user-service">
<kw name="GET On Session" owner="RequestsLibrary">
<msg time="2024-04-30T20:14:41.733859" level="INFO">GET Request : url=https://randomuser.me/api 
 path_url=/api 
 headers={'User-Agent': 'python-requests/2.31.0', 'Accept-Encoding': 'gzip, deflate', 'Accept': '*/*', 'Connection': 'keep-alive'} 
 body=None 
 </msg>
<msg time="2024-04-30T20:14:41.734028" level="INFO">GET Response : url=https://randomuser.me/api 
 status=200, reason=OK 
 headers={'Date': 'Tue, 30 Apr 2024 20:14:41 GMT', 'Content-Type': 'application/json; charset=utf-8', 'Transfer-Encoding': 'chunked', 'Connection': 'keep-alive', 'X-Powered-By': 'Express', 'Access-Control-Allow-Origin': '*', 'Cache-Control': 'no-cache', 'ETag': 'W/"4a0-wV/aF4M0gnakaA7CaBO2rOlugQI"', 'Vary': 'Accept-Encoding', 'Content-Encoding': 'gzip', 'CF-Cache-Status': 'DYNAMIC', 'Report-To': '{"endpoints":[{"url":"https:\\/\\/a.nel.cloudflare.com\\/report\\/v4?s=8%2BvFa6yfpj7c%2FdWfZpcDshVz9fhmi2ArY22hHK%2BS90kRZd9NkC4jkIM1v4u4MP%2B3Mx8%2FAeXuQk3ZDZvf9WiPSLeSlo80x%2FHbYEKRe5PdEQpIf0QkzhI8owOpauHS8JFr"}],"group":"cf-nel","max_age":604800}', 'NEL': '{"success_fraction":0,"report_to":"cf-nel","max_age":604800}', 'Server': 'cloudflare', 'CF-RAY': '87ca3314af88388c-IAD', 'alt-svc': 'h3=":443"; ma=86400'} 
 body={"results":[{"gender":"female","name":{"title":"Ms","first":"Tanja","last":"Žigić"},"location":{"street":{"number":8373,"name":"Porodice Damnjanović"},"city":"Bojnik","state":"Pomoravlje","country":"Serbia","postcode":82933,"coordinates":{"latitude":"58.7150","longitude":"172.1568"},"timezone":{"offset":"+3:00","description":"Baghdad, Riyadh, Moscow, St. Petersburg"}},"email":"tanja.zigic@example.com","login":{"uuid":"dfe8da29-caa0-4e16-a610-6666a2259a4d","username":"beautifulkoala476","password":"bassman","salt":"POb5ey4y","md5":"43e6e88b6ca648984d8ccc1aa2db1afa","sha1":"9a70e21ca2573987cfd254f7b532e82e55b8e6ee","sha256":"279b2349976a2a73b9f69c59e4ccb22ff264dfe71ec306aa144788affbeff583"},"dob":{"date":"1966-09-01T10:53:12.709Z","age":57},"registered":{"date":"2010-11-02T02:47:24.656Z","age":13},"phone":"011-3562-851","cell":"062-0763-317","id":{"name":"SID","value":"989002315"},"picture":{"large":"https://randomuser.me/api/portraits/women/63.jpg","medium":"https://randomuser.me/api/portraits/med/women/63.jpg","thumbnail":"https://randomuser.me/api/portraits/thumb/women/63.jpg"},"nat":"RS"}],"info":{"seed":"8dd7b5af0e6490c2","results":1,"page":1,"version":"1.4"}} 
 </msg>
<msg time="2024-04-30T20:14:41.734128" level="INFO">/opt/hostedtoolcache/Python/3.12.3/x64/lib/python3.12/site-packages/urllib3/connectionpool.py:1103: InsecureRequestWarning: Unverified HTTPS request is being made to host 'randomuser.me'. Adding certificate verification is strongly advised. See: https://urllib3.readthedocs.io/en/latest/advanced-usage.html#tls-warnings
  warnings.warn(</msg>
<msg time="2024-04-30T20:14:41.734317" level="INFO">${response} = &lt;Response [200]&gt;</msg>
<var>${response}</var>
<arg>consultarAPI</arg>
<arg>/api</arg>
<doc>Sends a GET request on a previously created HTTP Session.</doc>
<status status="PASS" start="2024-04-30T20:14:41.361447" elapsed="0.372924"/>
</kw>
<kw name="Should Be Equal As Numbers" owner="BuiltIn">
<msg time="2024-04-30T20:14:41.735398" level="INFO">Argument types are:
&lt;class 'int'&gt;
&lt;class 'str'&gt;</msg>
<arg>${response.status_code}</arg>
<arg>200</arg>
<doc>Fails if objects are unequal after converting them to real numbers.</doc>
<status status="PASS" start="2024-04-30T20:14:41.734929" elapsed="0.000533"/>
</kw>
<kw name="Log" owner="BuiltIn">
<msg time="2024-04-30T20:14:41.736214" level="INFO">200</msg>
<arg>${response.status_code}</arg>
<doc>Logs the given message with the given level.</doc>
<status status="PASS" start="2024-04-30T20:14:41.735821" elapsed="0.000434"/>
</kw>
<kw name="Set Variable" owner="BuiltIn">
<msg time="2024-04-30T20:14:41.736999" level="INFO">${json_data} = {'results': [{'gender': 'female', 'name': {'title': 'Ms', 'first': 'Tanja', 'last': 'Žigić'}, 'location': {'street': {'number': 8373, 'name': 'Porodice Damnjanović'}, 'city': 'Bojnik', 'state': 'Pomor...</msg>
<var>${json_data}</var>
<arg>${response.json()}</arg>
<doc>Returns the given values which can then be assigned to a variables.</doc>
<status status="PASS" start="2024-04-30T20:14:41.736561" elapsed="0.000480"/>
</kw>
<kw name="Dictionary Should Contain Key" owner="Collections">
<msg time="2024-04-30T20:14:41.737530" level="INFO">False</msg>
<arg>${json_data}</arg>
<arg>results</arg>
<doc>Fails if ``key`` is not found from ``dictionary``.</doc>
<status status="PASS" start="2024-04-30T20:14:41.737359" elapsed="0.000211"/>
</kw>
<status status="PASS" start="2024-04-30T20:14:41.361194" elapsed="0.376631"/>
</kw>
<doc>Testa se a API responde corretamente e retorna um objeto JSON válido.</doc>
<tag>testeRequisicaoBasica</tag>
<status status="PASS" start="2024-04-30T20:14:41.360693" elapsed="0.377314"/>
</test>
<test id="s1-s1-t3" name="Validar estrutura de resposta" line="22">
<kw name="Teste de Estrutura de Resposta" owner="random-user-service">
<kw name="GET On Session" owner="RequestsLibrary">
<msg time="2024-04-30T20:14:41.815425" level="INFO">GET Request : url=https://randomuser.me/api 
 path_url=/api 
 headers={'User-Agent': 'python-requests/2.31.0', 'Accept-Encoding': 'gzip, deflate', 'Accept': '*/*', 'Connection': 'keep-alive'} 
 body=None 
 </msg>
<msg time="2024-04-30T20:14:41.815526" level="INFO">GET Response : url=https://randomuser.me/api 
 status=200, reason=OK 
 headers={'Date': 'Tue, 30 Apr 2024 20:14:41 GMT', 'Content-Type': 'application/json; charset=utf-8', 'Transfer-Encoding': 'chunked', 'Connection': 'keep-alive', 'X-Powered-By': 'Express', 'Access-Control-Allow-Origin': '*', 'Cache-Control': 'no-cache', 'ETag': 'W/"49e-S5yzPBrTd4AfEagtIWED1bcTAVI"', 'Vary': 'Accept-Encoding', 'Content-Encoding': 'gzip', 'CF-Cache-Status': 'DYNAMIC', 'Report-To': '{"endpoints":[{"url":"https:\\/\\/a.nel.cloudflare.com\\/report\\/v4?s=AsJhP0dh3jPsmGdCFsIvkACnhbQ39a8D8Opi2bQHPNOu9OOfKid3c4yhOlAC7EyfgttjSmiMZ7QRDTLAynrGNOrJLdWyIEPyETqQoEC9y00%2BgMWN2i25JyCnxiiFKxUe"}],"group":"cf-nel","max_age":604800}', 'NEL': '{"success_fraction":0,"report_to":"cf-nel","max_age":604800}', 'Server': 'cloudflare', 'CF-RAY': '87ca3316fa9e388c-IAD', 'alt-svc': 'h3=":443"; ma=86400'} 
 body={"results":[{"gender":"male","name":{"title":"Mr","first":"Rómulo","last":"da Rosa"},"location":{"street":{"number":4962,"name":"Rua Pernambuco "},"city":"Queimados","state":"Espírito Santo","country":"Brazil","postcode":75557,"coordinates":{"latitude":"-77.9390","longitude":"-78.5779"},"timezone":{"offset":"+4:00","description":"Abu Dhabi, Muscat, Baku, Tbilisi"}},"email":"romulo.darosa@example.com","login":{"uuid":"d5978b4b-bfef-4c02-a9cf-f9610f9c876b","username":"silverzebra978","password":"maxwell","salt":"T739Ublz","md5":"9293abe6abca3b164a044fd409449478","sha1":"b75489fb698287022bbe1b8167837f3d552a8129","sha256":"48a83f98bbfec01aa92ef302cf57f09195e9aa8b77c50c5f8fc2bba05fb66074"},"dob":{"date":"1979-10-07T11:36:17.836Z","age":44},"registered":{"date":"2010-04-12T08:54:56.839Z","age":14},"phone":"(09) 5754-4704","cell":"(61) 3640-4542","id":{"name":"CPF","value":"214.878.657-64"},"picture":{"large":"https://randomuser.me/api/portraits/men/10.jpg","medium":"https://randomuser.me/api/portraits/med/men/10.jpg","thumbnail":"https://randomuser.me/api/portraits/thumb/men/10.jpg"},"nat":"BR"}],"info":{"seed":"d288560bb996ec1d","results":1,"page":1,"version":"1.4"}} 
 </msg>
<msg time="2024-04-30T20:14:41.815651" level="INFO">/opt/hostedtoolcache/Python/3.12.3/x64/lib/python3.12/site-packages/urllib3/connectionpool.py:1103: InsecureRequestWarning: Unverified HTTPS request is being made to host 'randomuser.me'. Adding certificate verification is strongly advised. See: https://urllib3.readthedocs.io/en/latest/advanced-usage.html#tls-warnings
  warnings.warn(</msg>
<msg time="2024-04-30T20:14:41.815800" level="INFO">${response} = &lt;Response [200]&gt;</msg>
<var>${response}</var>
<arg>consultarAPI</arg>
<arg>/api</arg>
<doc>Sends a GET request on a previously created HTTP Session.</doc>
<status status="PASS" start="2024-04-30T20:14:41.740585" elapsed="0.075249"/>
</kw>
<kw name="Set Variable" owner="BuiltIn">
<msg time="2024-04-30T20:14:41.816853" level="INFO">${json_data} = {'results': [{'gender': 'male', 'name': {'title': 'Mr', 'first': 'Rómulo', 'last': 'da Rosa'}, 'location': {'street': {'number': 4962, 'name': 'Rua Pernambuco '}, 'city': 'Queimados', 'state': 'Espíri...</msg>
<var>${json_data}</var>
<arg>${response.json()}</arg>
<doc>Returns the given values which can then be assigned to a variables.</doc>
<status status="PASS" start="2024-04-30T20:14:41.816334" elapsed="0.000548"/>
</kw>
<kw name="Log" owner="BuiltIn">
<msg time="2024-04-30T20:14:41.817347" level="INFO">{'results': [{'gender': 'male', 'name': {'title': 'Mr', 'first': 'Rómulo', 'last': 'da Rosa'}, 'location': {'street': {'number': 4962, 'name': 'Rua Pernambuco '}, 'city': 'Queimados', 'state': 'Espírito Santo', 'country': 'Brazil', 'postcode': 75557, 'coordinates': {'latitude': '-77.9390', 'longitude': '-78.5779'}, 'timezone': {'offset': '+4:00', 'description': 'Abu Dhabi, Muscat, Baku, Tbilisi'}}, 'email': 'romulo.darosa@example.com', 'login': {'uuid': 'd5978b4b-bfef-4c02-a9cf-f9610f9c876b', 'username': 'silverzebra978', 'password': 'maxwell', 'salt': 'T739Ublz', 'md5': '9293abe6abca3b164a044fd409449478', 'sha1': 'b75489fb698287022bbe1b8167837f3d552a8129', 'sha256': '48a83f98bbfec01aa92ef302cf57f09195e9aa8b77c50c5f8fc2bba05fb66074'}, 'dob': {'date': '1979-10-07T11:36:17.836Z', 'age': 44}, 'registered': {'date': '2010-04-12T08:54:56.839Z', 'age': 14}, 'phone': '(09) 5754-4704', 'cell': '(61) 3640-4542', 'id': {'name': 'CPF', 'value': '214.878.657-64'}, 'picture': {'large': 'https://randomuser.me/api/portraits/men/10.jpg', 'medium': 'https://randomuser.me/api/portraits/med/men/10.jpg', 'thumbnail': 'https://randomuser.me/api/portraits/thumb/men/10.jpg'}, 'nat': 'BR'}], 'info': {'seed': 'd288560bb996ec1d', 'results': 1, 'page': 1, 'version': '1.4'}}</msg>
<arg>${json_data}</arg>
<doc>Logs the given message with the given level.</doc>
<status status="PASS" start="2024-04-30T20:14:41.817187" elapsed="0.000209"/>
</kw>
<kw name="Dictionary Should Contain Key" owner="Collections">
<msg time="2024-04-30T20:14:41.817856" level="INFO">False</msg>
<arg>${json_data}</arg>
<arg>results</arg>
<doc>Fails if ``key`` is not found from ``dictionary``.</doc>
<status status="PASS" start="2024-04-30T20:14:41.817687" elapsed="0.000206"/>
</kw>
<kw name="Should Not Be Empty" owner="BuiltIn">
<msg time="2024-04-30T20:14:41.818311" level="INFO">Length is 2.</msg>
<arg>${json_data}</arg>
<doc>Verifies that the given item is not empty.</doc>
<status status="PASS" start="2024-04-30T20:14:41.818184" elapsed="0.000322"/>
</kw>
<kw name="Create List" owner="BuiltIn">
<msg time="2024-04-30T20:14:41.818960" level="INFO">${expected_keys} = ['gender', 'name', 'location', 'email', 'login']</msg>
<var>${expected_keys}</var>
<arg>gender</arg>
<arg>name</arg>
<arg>location</arg>
<arg>email</arg>
<arg>login</arg>
<doc>Returns a list containing given items.</doc>
<status status="PASS" start="2024-04-30T20:14:41.818808" elapsed="0.000176"/>
</kw>
<for flavor="IN">
<iter>
<kw name="Dictionary Should Contain Key" owner="Collections">
<msg time="2024-04-30T20:14:41.819996" level="INFO">False</msg>
<arg>${json_data['results'][0]}</arg>
<arg>${key}</arg>
<doc>Fails if ``key`` is not found from ``dictionary``.</doc>
<status status="PASS" start="2024-04-30T20:14:41.819561" elapsed="0.000474"/>
</kw>
<kw name="Log" owner="BuiltIn">
<msg time="2024-04-30T20:14:41.820693" level="INFO">{'gender': 'male', 'name': {'title': 'Mr', 'first': 'Rómulo', 'last': 'da Rosa'}, 'location': {'street': {'number': 4962, 'name': 'Rua Pernambuco '}, 'city': 'Queimados', 'state': 'Espírito Santo', 'country': 'Brazil', 'postcode': 75557, 'coordinates': {'latitude': '-77.9390', 'longitude': '-78.5779'}, 'timezone': {'offset': '+4:00', 'description': 'Abu Dhabi, Muscat, Baku, Tbilisi'}}, 'email': 'romulo.darosa@example.com', 'login': {'uuid': 'd5978b4b-bfef-4c02-a9cf-f9610f9c876b', 'username': 'silverzebra978', 'password': 'maxwell', 'salt': 'T739Ublz', 'md5': '9293abe6abca3b164a044fd409449478', 'sha1': 'b75489fb698287022bbe1b8167837f3d552a8129', 'sha256': '48a83f98bbfec01aa92ef302cf57f09195e9aa8b77c50c5f8fc2bba05fb66074'}, 'dob': {'date': '1979-10-07T11:36:17.836Z', 'age': 44}, 'registered': {'date': '2010-04-12T08:54:56.839Z', 'age': 14}, 'phone': '(09) 5754-4704', 'cell': '(61) 3640-4542', 'id': {'name': 'CPF', 'value': '214.878.657-64'}, 'picture': {'large': 'https://randomuser.me/api/portraits/men/10.jpg', 'medium': 'https://randomuser.me/api/portraits/med/men/10.jpg', 'thumbnail': 'https://randomuser.me/api/portraits/thumb/men/10.jpg'}, 'nat': 'BR'}</msg>
<arg>${json_data['results'][0]}</arg>
<doc>Logs the given message with the given level.</doc>
<status status="PASS" start="2024-04-30T20:14:41.820332" elapsed="0.000408"/>
</kw>
<kw name="Log" owner="BuiltIn">
<msg time="2024-04-30T20:14:41.821162" level="INFO">gender</msg>
<arg>${key}</arg>
<doc>Logs the given message with the given level.</doc>
<status status="PASS" start="2024-04-30T20:14:41.821037" elapsed="0.000161"/>
</kw>
<var name="${key}">gender</var>
<status status="PASS" start="2024-04-30T20:14:41.819434" elapsed="0.001975"/>
</iter>
<iter>
<kw name="Dictionary Should Contain Key" owner="Collections">
<msg time="2024-04-30T20:14:41.822082" level="INFO">False</msg>
<arg>${json_data['results'][0]}</arg>
<arg>${key}</arg>
<doc>Fails if ``key`` is not found from ``dictionary``.</doc>
<status status="PASS" start="2024-04-30T20:14:41.821705" elapsed="0.000413"/>
</kw>
<kw name="Log" owner="BuiltIn">
<msg time="2024-04-30T20:14:41.822802" level="INFO">{'gender': 'male', 'name': {'title': 'Mr', 'first': 'Rómulo', 'last': 'da Rosa'}, 'location': {'street': {'number': 4962, 'name': 'Rua Pernambuco '}, 'city': 'Queimados', 'state': 'Espírito Santo', 'country': 'Brazil', 'postcode': 75557, 'coordinates': {'latitude': '-77.9390', 'longitude': '-78.5779'}, 'timezone': {'offset': '+4:00', 'description': 'Abu Dhabi, Muscat, Baku, Tbilisi'}}, 'email': 'romulo.darosa@example.com', 'login': {'uuid': 'd5978b4b-bfef-4c02-a9cf-f9610f9c876b', 'username': 'silverzebra978', 'password': 'maxwell', 'salt': 'T739Ublz', 'md5': '9293abe6abca3b164a044fd409449478', 'sha1': 'b75489fb698287022bbe1b8167837f3d552a8129', 'sha256': '48a83f98bbfec01aa92ef302cf57f09195e9aa8b77c50c5f8fc2bba05fb66074'}, 'dob': {'date': '1979-10-07T11:36:17.836Z', 'age': 44}, 'registered': {'date': '2010-04-12T08:54:56.839Z', 'age': 14}, 'phone': '(09) 5754-4704', 'cell': '(61) 3640-4542', 'id': {'name': 'CPF', 'value': '214.878.657-64'}, 'picture': {'large': 'https://randomuser.me/api/portraits/men/10.jpg', 'medium': 'https://randomuser.me/api/portraits/med/men/10.jpg', 'thumbnail': 'https://randomuser.me/api/portraits/thumb/men/10.jpg'}, 'nat': 'BR'}</msg>
<arg>${json_data['results'][0]}</arg>
<doc>Logs the given message with the given level.</doc>
<status status="PASS" start="2024-04-30T20:14:41.822442" elapsed="0.000408"/>
</kw>
<kw name="Log" owner="BuiltIn">
<msg time="2024-04-30T20:14:41.823267" level="INFO">name</msg>
<arg>${key}</arg>
<doc>Logs the given message with the given level.</doc>
<status status="PASS" start="2024-04-30T20:14:41.823143" elapsed="0.000160"/>
</kw>
<var name="${key}">name</var>
<status status="PASS" start="2024-04-30T20:14:41.821592" elapsed="0.001926"/>
</iter>
<iter>
<kw name="Dictionary Should Contain Key" owner="Collections">
<msg time="2024-04-30T20:14:41.824221" level="INFO">False</msg>
<arg>${json_data['results'][0]}</arg>
<arg>${key}</arg>
<doc>Fails if ``key`` is not found from ``dictionary``.</doc>
<status status="PASS" start="2024-04-30T20:14:41.823805" elapsed="0.000452"/>
</kw>
<kw name="Log" owner="BuiltIn">
<msg time="2024-04-30T20:14:41.824919" level="INFO">{'gender': 'male', 'name': {'title': 'Mr', 'first': 'Rómulo', 'last': 'da Rosa'}, 'location': {'street': {'number': 4962, 'name': 'Rua Pernambuco '}, 'city': 'Queimados', 'state': 'Espírito Santo', 'country': 'Brazil', 'postcode': 75557, 'coordinates': {'latitude': '-77.9390', 'longitude': '-78.5779'}, 'timezone': {'offset': '+4:00', 'description': 'Abu Dhabi, Muscat, Baku, Tbilisi'}}, 'email': 'romulo.darosa@example.com', 'login': {'uuid': 'd5978b4b-bfef-4c02-a9cf-f9610f9c876b', 'username': 'silverzebra978', 'password': 'maxwell', 'salt': 'T739Ublz', 'md5': '9293abe6abca3b164a044fd409449478', 'sha1': 'b75489fb698287022bbe1b8167837f3d552a8129', 'sha256': '48a83f98bbfec01aa92ef302cf57f09195e9aa8b77c50c5f8fc2bba05fb66074'}, 'dob': {'date': '1979-10-07T11:36:17.836Z', 'age': 44}, 'registered': {'date': '2010-04-12T08:54:56.839Z', 'age': 14}, 'phone': '(09) 5754-4704', 'cell': '(61) 3640-4542', 'id': {'name': 'CPF', 'value': '214.878.657-64'}, 'picture': {'large': 'https://randomuser.me/api/portraits/men/10.jpg', 'medium': 'https://randomuser.me/api/portraits/med/men/10.jpg', 'thumbnail': 'https://randomuser.me/api/portraits/thumb/men/10.jpg'}, 'nat': 'BR'}</msg>
<arg>${json_data['results'][0]}</arg>
<doc>Logs the given message with the given level.</doc>
<status status="PASS" start="2024-04-30T20:14:41.824557" elapsed="0.000410"/>
</kw>
<kw name="Log" owner="BuiltIn">
<msg time="2024-04-30T20:14:41.825379" level="INFO">location</msg>
<arg>${key}</arg>
<doc>Logs the given message with the given level.</doc>
<status status="PASS" start="2024-04-30T20:14:41.825257" elapsed="0.000159"/>
</kw>
<var name="${key}">location</var>
<status status="PASS" start="2024-04-30T20:14:41.823695" elapsed="0.001928"/>
</iter>
<iter>
<kw name="Dictionary Should Contain Key" owner="Collections">
<msg time="2024-04-30T20:14:41.826288" level="INFO">False</msg>
<arg>${json_data['results'][0]}</arg>
<arg>${key}</arg>
<doc>Fails if ``key`` is not found from ``dictionary``.</doc>
<status status="PASS" start="2024-04-30T20:14:41.825900" elapsed="0.000425"/>
</kw>
<kw name="Log" owner="BuiltIn">
<msg time="2024-04-30T20:14:41.826976" level="INFO">{'gender': 'male', 'name': {'title': 'Mr', 'first': 'Rómulo', 'last': 'da Rosa'}, 'location': {'street': {'number': 4962, 'name': 'Rua Pernambuco '}, 'city': 'Queimados', 'state': 'Espírito Santo', 'country': 'Brazil', 'postcode': 75557, 'coordinates': {'latitude': '-77.9390', 'longitude': '-78.5779'}, 'timezone': {'offset': '+4:00', 'description': 'Abu Dhabi, Muscat, Baku, Tbilisi'}}, 'email': 'romulo.darosa@example.com', 'login': {'uuid': 'd5978b4b-bfef-4c02-a9cf-f9610f9c876b', 'username': 'silverzebra978', 'password': 'maxwell', 'salt': 'T739Ublz', 'md5': '9293abe6abca3b164a044fd409449478', 'sha1': 'b75489fb698287022bbe1b8167837f3d552a8129', 'sha256': '48a83f98bbfec01aa92ef302cf57f09195e9aa8b77c50c5f8fc2bba05fb66074'}, 'dob': {'date': '1979-10-07T11:36:17.836Z', 'age': 44}, 'registered': {'date': '2010-04-12T08:54:56.839Z', 'age': 14}, 'phone': '(09) 5754-4704', 'cell': '(61) 3640-4542', 'id': {'name': 'CPF', 'value': '214.878.657-64'}, 'picture': {'large': 'https://randomuser.me/api/portraits/men/10.jpg', 'medium': 'https://randomuser.me/api/portraits/med/men/10.jpg', 'thumbnail': 'https://randomuser.me/api/portraits/thumb/men/10.jpg'}, 'nat': 'BR'}</msg>
<arg>${json_data['results'][0]}</arg>
<doc>Logs the given message with the given level.</doc>
<status status="PASS" start="2024-04-30T20:14:41.826616" elapsed="0.000409"/>
</kw>
<kw name="Log" owner="BuiltIn">
<msg time="2024-04-30T20:14:41.827439" level="INFO">email</msg>
<arg>${key}</arg>
<doc>Logs the given message with the given level.</doc>
<status status="PASS" start="2024-04-30T20:14:41.827316" elapsed="0.000159"/>
</kw>
<var name="${key}">email</var>
<status status="PASS" start="2024-04-30T20:14:41.825791" elapsed="0.001892"/>
</iter>
<iter>
<kw name="Dictionary Should Contain Key" owner="Collections">
<msg time="2024-04-30T20:14:41.828366" level="INFO">False</msg>
<arg>${json_data['results'][0]}</arg>
<arg>${key}</arg>
<doc>Fails if ``key`` is not found from ``dictionary``.</doc>
<status status="PASS" start="2024-04-30T20:14:41.827985" elapsed="0.000417"/>
</kw>
<kw name="Log" owner="BuiltIn">
<msg time="2024-04-30T20:14:41.829055" level="INFO">{'gender': 'male', 'name': {'title': 'Mr', 'first': 'Rómulo', 'last': 'da Rosa'}, 'location': {'street': {'number': 4962, 'name': 'Rua Pernambuco '}, 'city': 'Queimados', 'state': 'Espírito Santo', 'country': 'Brazil', 'postcode': 75557, 'coordinates': {'latitude': '-77.9390', 'longitude': '-78.5779'}, 'timezone': {'offset': '+4:00', 'description': 'Abu Dhabi, Muscat, Baku, Tbilisi'}}, 'email': 'romulo.darosa@example.com', 'login': {'uuid': 'd5978b4b-bfef-4c02-a9cf-f9610f9c876b', 'username': 'silverzebra978', 'password': 'maxwell', 'salt': 'T739Ublz', 'md5': '9293abe6abca3b164a044fd409449478', 'sha1': 'b75489fb698287022bbe1b8167837f3d552a8129', 'sha256': '48a83f98bbfec01aa92ef302cf57f09195e9aa8b77c50c5f8fc2bba05fb66074'}, 'dob': {'date': '1979-10-07T11:36:17.836Z', 'age': 44}, 'registered': {'date': '2010-04-12T08:54:56.839Z', 'age': 14}, 'phone': '(09) 5754-4704', 'cell': '(61) 3640-4542', 'id': {'name': 'CPF', 'value': '214.878.657-64'}, 'picture': {'large': 'https://randomuser.me/api/portraits/men/10.jpg', 'medium': 'https://randomuser.me/api/portraits/med/men/10.jpg', 'thumbnail': 'https://randomuser.me/api/portraits/thumb/men/10.jpg'}, 'nat': 'BR'}</msg>
<arg>${json_data['results'][0]}</arg>
<doc>Logs the given message with the given level.</doc>
<status status="PASS" start="2024-04-30T20:14:41.828688" elapsed="0.000414"/>
</kw>
<kw name="Log" owner="BuiltIn">
<msg time="2024-04-30T20:14:41.829523" level="INFO">login</msg>
<arg>${key}</arg>
<doc>Logs the given message with the given level.</doc>
<status status="PASS" start="2024-04-30T20:14:41.829397" elapsed="0.000176"/>
</kw>
<var name="${key}">login</var>
<status status="PASS" start="2024-04-30T20:14:41.827853" elapsed="0.001962"/>
</iter>
<var>${key}</var>
<value>@{expected_keys}</value>
<status status="PASS" start="2024-04-30T20:14:41.819239" elapsed="0.010696"/>
</for>
<kw name="Create List" owner="BuiltIn">
<msg time="2024-04-30T20:14:41.830257" level="INFO">${expected_keysTwo} = ['username', 'password']</msg>
<var>${expected_keysTwo}</var>
<arg>username</arg>
<arg>password</arg>
<doc>Returns a list containing given items.</doc>
<status status="PASS" start="2024-04-30T20:14:41.830123" elapsed="0.000157"/>
</kw>
<for flavor="IN">
<iter>
<kw name="Dictionary Should Contain Key" owner="Collections">
<msg time="2024-04-30T20:14:41.831154" level="INFO">False</msg>
<arg>${json_data['results'][0]['login']}</arg>
<arg>${keyTwo}</arg>
<doc>Fails if ``key`` is not found from ``dictionary``.</doc>
<status status="PASS" start="2024-04-30T20:14:41.830770" elapsed="0.000420"/>
</kw>
<kw name="Dictionary Should Contain Key" owner="Collections">
<msg time="2024-04-30T20:14:41.831852" level="INFO">False</msg>
<arg>${json_data['results'][0]['login']}</arg>
<arg>${keyTwo}</arg>
<doc>Fails if ``key`` is not found from ``dictionary``.</doc>
<status status="PASS" start="2024-04-30T20:14:41.831478" elapsed="0.000443"/>
</kw>
<kw name="Log" owner="BuiltIn">
<msg time="2024-04-30T20:14:41.832346" level="INFO">username</msg>
<arg>${keyTwo}</arg>
<doc>Logs the given message with the given level.</doc>
<status status="PASS" start="2024-04-30T20:14:41.832220" elapsed="0.000171"/>
</kw>
<var name="${keyTwo}">username</var>
<status status="PASS" start="2024-04-30T20:14:41.830660" elapsed="0.001948"/>
</iter>
<iter>
<kw name="Dictionary Should Contain Key" owner="Collections">
<msg time="2024-04-30T20:14:41.833336" level="INFO">False</msg>
<arg>${json_data['results'][0]['login']}</arg>
<arg>${keyTwo}</arg>
<doc>Fails if ``key`` is not found from ``dictionary``.</doc>
<status status="PASS" start="2024-04-30T20:14:41.832882" elapsed="0.000494"/>
</kw>
<kw name="Dictionary Should Contain Key" owner="Collections">
<msg time="2024-04-30T20:14:41.834052" level="INFO">False</msg>
<arg>${json_data['results'][0]['login']}</arg>
<arg>${keyTwo}</arg>
<doc>Fails if ``key`` is not found from ``dictionary``.</doc>
<status status="PASS" start="2024-04-30T20:14:41.833680" elapsed="0.000408"/>
</kw>
<kw name="Log" owner="BuiltIn">
<msg time="2024-04-30T20:14:41.834506" level="INFO">password</msg>
<arg>${keyTwo}</arg>
<doc>Logs the given message with the given level.</doc>
<status status="PASS" start="2024-04-30T20:14:41.834383" elapsed="0.000158"/>
</kw>
<var name="${keyTwo}">password</var>
<status status="PASS" start="2024-04-30T20:14:41.832774" elapsed="0.001977"/>
</iter>
<var>${keyTwo}</var>
<value>@{expected_keysTwo}</value>
<status status="PASS" start="2024-04-30T20:14:41.830511" elapsed="0.004358"/>
</for>
<status status="PASS" start="2024-04-30T20:14:41.740331" elapsed="0.094678"/>
</kw>
<doc>Testa a estrutura da resposta da API.</doc>
<tag>testeEstruturaResposta</tag>
<status status="PASS" start="2024-04-30T20:14:41.739811" elapsed="0.095351"/>
</test>
<test id="s1-s1-t4" name="Validar tipos de dados" line="28">
<kw name="Teste de Tipos de Dados" owner="random-user-service">
<kw name="GET On Session" owner="RequestsLibrary">
<msg time="2024-04-30T20:14:41.906369" level="INFO">GET Request : url=https://randomuser.me/api 
 path_url=/api 
 headers={'User-Agent': 'python-requests/2.31.0', 'Accept-Encoding': 'gzip, deflate', 'Accept': '*/*', 'Connection': 'keep-alive'} 
 body=None 
 </msg>
<msg time="2024-04-30T20:14:41.906455" level="INFO">GET Response : url=https://randomuser.me/api 
 status=200, reason=OK 
 headers={'Date': 'Tue, 30 Apr 2024 20:14:41 GMT', 'Content-Type': 'application/json; charset=utf-8', 'Transfer-Encoding': 'chunked', 'Connection': 'keep-alive', 'X-Powered-By': 'Express', 'Access-Control-Allow-Origin': '*', 'Cache-Control': 'no-cache', 'ETag': 'W/"4a0-J1xsnkQgmRJEkHY+wTos0O2QeyA"', 'Vary': 'Accept-Encoding', 'Content-Encoding': 'gzip', 'CF-Cache-Status': 'DYNAMIC', 'Report-To': '{"endpoints":[{"url":"https:\\/\\/a.nel.cloudflare.com\\/report\\/v4?s=lj23haviQmg6RdPZexzP6S2GMukDCuWuCXZ4KMkykVqKI4dByZRs1tii94LOzQz%2B%2BIGI5cdy6jQWB7Fy2mJRjULkagICj4LEFm%2BJmUmOMYfeHVaGTuCT3wurZKl9MXiv"}],"group":"cf-nel","max_age":604800}', 'NEL': '{"success_fraction":0,"report_to":"cf-nel","max_age":604800}', 'Server': 'cloudflare', 'CF-RAY': '87ca33177b7a388c-IAD', 'alt-svc': 'h3=":443"; ma=86400'} 
 body={"results":[{"gender":"female","name":{"title":"Mrs","first":"Lidia","last":"Álvarez"},"location":{"street":{"number":7673,"name":"Paseo de Extremadura"},"city":"Barcelona","state":"Aragón","country":"Spain","postcode":64390,"coordinates":{"latitude":"-30.2768","longitude":"161.6435"},"timezone":{"offset":"-4:00","description":"Atlantic Time (Canada), Caracas, La Paz"}},"email":"lidia.alvarez@example.com","login":{"uuid":"8074ce11-9c55-42d9-8533-4483631b71a4","username":"brownelephant374","password":"claire","salt":"WwuiZJWu","md5":"ab26577bd43da9a59f3bb78ae472556e","sha1":"ba31549a35fd01330e7edf06740e45281b5f421d","sha256":"097514dc5405a708b8eda94e23222ea1c84b8917389baddd98a8942c02164f2e"},"dob":{"date":"1973-11-20T16:23:12.583Z","age":50},"registered":{"date":"2006-05-24T11:06:17.003Z","age":17},"phone":"910-740-625","cell":"607-281-603","id":{"name":"DNI","value":"27744261-M"},"picture":{"large":"https://randomuser.me/api/portraits/women/38.jpg","medium":"https://randomuser.me/api/portraits/med/women/38.jpg","thumbnail":"https://randomuser.me/api/portraits/thumb/women/38.jpg"},"nat":"ES"}],"info":{"seed":"46fe151ac1f70976","results":1,"page":1,"version":"1.4"}} 
 </msg>
<msg time="2024-04-30T20:14:41.906523" level="INFO">/opt/hostedtoolcache/Python/3.12.3/x64/lib/python3.12/site-packages/urllib3/connectionpool.py:1103: InsecureRequestWarning: Unverified HTTPS request is being made to host 'randomuser.me'. Adding certificate verification is strongly advised. See: https://urllib3.readthedocs.io/en/latest/advanced-usage.html#tls-warnings
  warnings.warn(</msg>
<msg time="2024-04-30T20:14:41.906650" level="INFO">${response} = &lt;Response [200]&gt;</msg>
<var>${response}</var>
<arg>consultarAPI</arg>
<arg>/api</arg>
<doc>Sends a GET request on a previously created HTTP Session.</doc>
<status status="PASS" start="2024-04-30T20:14:41.837624" elapsed="0.069068"/>
</kw>
<kw name="Set Variable" owner="BuiltIn">
<msg time="2024-04-30T20:14:41.907726" level="INFO">${json_data} = {'results': [{'gender': 'female', 'name': {'title': 'Mrs', 'first': 'Lidia', 'last': 'Álvarez'}, 'location': {'street': {'number': 7673, 'name': 'Paseo de Extremadura'}, 'city': 'Barcelona', 'state': ...</msg>
<var>${json_data}</var>
<arg>${response.json()}</arg>
<doc>Returns the given values which can then be assigned to a variables.</doc>
<status status="PASS" start="2024-04-30T20:14:41.907193" elapsed="0.000561"/>
</kw>
<kw name="Log" owner="BuiltIn">
<msg time="2024-04-30T20:14:41.908286" level="INFO">{'results': [{'gender': 'female', 'name': {'title': 'Mrs', 'first': 'Lidia', 'last': 'Álvarez'}, 'location': {'street': {'number': 7673, 'name': 'Paseo de Extremadura'}, 'city': 'Barcelona', 'state': 'Aragón', 'country': 'Spain', 'postcode': 64390, 'coordinates': {'latitude': '-30.2768', 'longitude': '161.6435'}, 'timezone': {'offset': '-4:00', 'description': 'Atlantic Time (Canada), Caracas, La Paz'}}, 'email': 'lidia.alvarez@example.com', 'login': {'uuid': '8074ce11-9c55-42d9-8533-4483631b71a4', 'username': 'brownelephant374', 'password': 'claire', 'salt': 'WwuiZJWu', 'md5': 'ab26577bd43da9a59f3bb78ae472556e', 'sha1': 'ba31549a35fd01330e7edf06740e45281b5f421d', 'sha256': '097514dc5405a708b8eda94e23222ea1c84b8917389baddd98a8942c02164f2e'}, 'dob': {'date': '1973-11-20T16:23:12.583Z', 'age': 50}, 'registered': {'date': '2006-05-24T11:06:17.003Z', 'age': 17}, 'phone': '910-740-625', 'cell': '607-281-603', 'id': {'name': 'DNI', 'value': '27744261-M'}, 'picture': {'large': 'https://randomuser.me/api/portraits/women/38.jpg', 'medium': 'https://randomuser.me/api/portraits/med/women/38.jpg', 'thumbnail': 'https://randomuser.me/api/portraits/thumb/women/38.jpg'}, 'nat': 'ES'}], 'info': {'seed': '46fe151ac1f70976', 'results': 1, 'page': 1, 'version': '1.4'}}</msg>
<arg>${json_data}</arg>
<doc>Logs the given message with the given level.</doc>
<status status="PASS" start="2024-04-30T20:14:41.908122" elapsed="0.000251"/>
</kw>
<kw name="Should Be String" owner="String">
<arg>${json_data['results'][0]['gender']}</arg>
<doc>Fails if the given ``item`` is not a string.</doc>
<status status="PASS" start="2024-04-30T20:14:41.908683" elapsed="0.000373"/>
</kw>
<kw name="Should Match Regexp" owner="BuiltIn">
<arg>${json_data['results'][0]['email']}</arg>
<arg>^[a-zA-Z0-9._%+-]+@[a-zA-Z0-9.-]+\.[a-zA-Z]{2,}$</arg>
<doc>Fails if ``string`` does not match ``pattern`` as a regular expression.</doc>
<status status="PASS" start="2024-04-30T20:14:41.909248" elapsed="0.000521"/>
</kw>
<kw name="Should Match Regexp" owner="BuiltIn">
<arg>${json_data['results'][0]['dob']['date']}</arg>
<arg>\\d{4}-\\d{2}-\\d{2}T\\d{2}:\\d{2}:\\d{2}\\.\\d{3}Z</arg>
<doc>Fails if ``string`` does not match ``pattern`` as a regular expression.</doc>
<status status="PASS" start="2024-04-30T20:14:41.909966" elapsed="0.000491"/>
</kw>
<kw name="Should Match Regexp" owner="BuiltIn">
<arg>${json_data['results'][0]['registered']['date']}</arg>
<arg>\\d{4}-\\d{2}-\\d{2}T\\d{2}:\\d{2}:\\d{2}\\.\\d{3}Z</arg>
<doc>Fails if ``string`` does not match ``pattern`` as a regular expression.</doc>
<status status="PASS" start="2024-04-30T20:14:41.910647" elapsed="0.000369"/>
</kw>
<kw name="Should Match Regexp" owner="BuiltIn">
<arg>${json_data['results'][0]['picture']['large']}</arg>
<arg>^https?://.*\.(?:png|jpe?g|gif|bmp)$</arg>
<doc>Fails if ``string`` does not match ``pattern`` as a regular expression.</doc>
<status status="PASS" start="2024-04-30T20:14:41.911207" elapsed="0.000463"/>
</kw>
<kw name="Should Match Regexp" owner="BuiltIn">
<arg>${json_data['results'][0]['picture']['medium']}</arg>
<arg>^https?://.*\.(?:png|jpe?g|gif|bmp)$</arg>
<doc>Fails if ``string`` does not match ``pattern`` as a regular expression.</doc>
<status status="PASS" start="2024-04-30T20:14:41.911878" elapsed="0.000366"/>
</kw>
<kw name="Should Match Regexp" owner="BuiltIn">
<arg>${json_data['results'][0]['picture']['thumbnail']}</arg>
<arg>^https?://.*\.(?:png|jpe?g|gif|bmp)$</arg>
<doc>Fails if ``string`` does not match ``pattern`` as a regular expression.</doc>
<status status="PASS" start="2024-04-30T20:14:41.912443" elapsed="0.000353"/>
</kw>
<kw name="Log" owner="BuiltIn">
<msg time="2024-04-30T20:14:41.913295" level="INFO">{'large': 'https://randomuser.me/api/portraits/women/38.jpg', 'medium': 'https://randomuser.me/api/portraits/med/women/38.jpg', 'thumbnail': 'https://randomuser.me/api/portraits/thumb/women/38.jpg'}</msg>
<arg>${json_data['results'][0]['picture']}</arg>
<doc>Logs the given message with the given level.</doc>
<status status="PASS" start="2024-04-30T20:14:41.912974" elapsed="0.000363"/>
</kw>
<status status="PASS" start="2024-04-30T20:14:41.837394" elapsed="0.076200"/>
</kw>
<kw name="Teste de Tipos de Dados - Postcode" owner="random-user-service">
<kw name="GET On Session" owner="RequestsLibrary">
<msg time="2024-04-30T20:14:42.005429" level="INFO">GET Request : url=https://randomuser.me/api 
 path_url=/api 
 headers={'User-Agent': 'python-requests/2.31.0', 'Accept-Encoding': 'gzip, deflate', 'Accept': '*/*', 'Connection': 'keep-alive'} 
 body=None 
 </msg>
<msg time="2024-04-30T20:14:42.005536" level="INFO">GET Response : url=https://randomuser.me/api 
 status=200, reason=OK 
 headers={'Date': 'Tue, 30 Apr 2024 20:14:42 GMT', 'Content-Type': 'application/json; charset=utf-8', 'Transfer-Encoding': 'chunked', 'Connection': 'keep-alive', 'X-Powered-By': 'Express', 'Access-Control-Allow-Origin': '*', 'Cache-Control': 'no-cache', 'ETag': 'W/"49d-ke8v7VL8i15XngfmrGnfUZp5jtk"', 'Vary': 'Accept-Encoding', 'Content-Encoding': 'gzip', 'CF-Cache-Status': 'DYNAMIC', 'Report-To': '{"endpoints":[{"url":"https:\\/\\/a.nel.cloudflare.com\\/report\\/v4?s=IeKXPaVrAkw5RIHFug6DN%2FsdXd7tmjFzRIE1TuAl5sy32LgWqKXY9h4fHxvOttVJMSKmD0%2BzUU7cMS0X7qrlenCSabIDdMruGkBSPyTU4G6j41LAHxUUiGlUgyx5wvtp"}],"group":"cf-nel","max_age":604800}', 'NEL': '{"success_fraction":0,"report_to":"cf-nel","max_age":604800}', 'Server': 'cloudflare', 'CF-RAY': '87ca3317fc13388c-IAD', 'alt-svc': 'h3=":443"; ma=86400'} 
 body={"results":[{"gender":"female","name":{"title":"Mrs","first":"Oona","last":"Latt"},"location":{"street":{"number":3201,"name":"Siilitie"},"city":"Laihia","state":"Southern Ostrobothnia","country":"Finland","postcode":92729,"coordinates":{"latitude":"-23.9409","longitude":"2.1366"},"timezone":{"offset":"+11:00","description":"Magadan, Solomon Islands, New Caledonia"}},"email":"oona.latt@example.com","login":{"uuid":"b76f5c6c-ea1e-4ae4-8cf8-f394def5f412","username":"lazywolf274","password":"wolverin","salt":"Og4P6sWX","md5":"c094c7b1ad27cd50405c7764413b2c43","sha1":"51e28d7810f4fafebe02883e6687a921b058fbea","sha256":"33f55b141c26ca97b2f709062e5c9a2b76f4997319b213dda4c5ebff892b3af3"},"dob":{"date":"1976-08-31T20:12:24.885Z","age":47},"registered":{"date":"2007-07-27T07:34:33.938Z","age":16},"phone":"09-939-301","cell":"044-480-29-43","id":{"name":"HETU","value":"NaNNA220undefined"},"picture":{"large":"https://randomuser.me/api/portraits/women/79.jpg","medium":"https://randomuser.me/api/portraits/med/women/79.jpg","thumbnail":"https://randomuser.me/api/portraits/thumb/women/79.jpg"},"nat":"FI"}],"info":{"seed":"d383ef07de81be7d","results":1,"page":1,"version":"1.4"}} 
 </msg>
<msg time="2024-04-30T20:14:42.005612" level="INFO">/opt/hostedtoolcache/Python/3.12.3/x64/lib/python3.12/site-packages/urllib3/connectionpool.py:1103: InsecureRequestWarning: Unverified HTTPS request is being made to host 'randomuser.me'. Adding certificate verification is strongly advised. See: https://urllib3.readthedocs.io/en/latest/advanced-usage.html#tls-warnings
  warnings.warn(</msg>
<msg time="2024-04-30T20:14:42.005755" level="INFO">${response} = &lt;Response [200]&gt;</msg>
<var>${response}</var>
<arg>consultarAPI</arg>
<arg>/api</arg>
<doc>Sends a GET request on a previously created HTTP Session.</doc>
<status status="PASS" start="2024-04-30T20:14:41.914050" elapsed="0.091747"/>
</kw>
<kw name="Set Variable" owner="BuiltIn">
<msg time="2024-04-30T20:14:42.006819" level="INFO">${json_data} = {'results': [{'gender': 'female', 'name': {'title': 'Mrs', 'first': 'Oona', 'last': 'Latt'}, 'location': {'street': {'number': 3201, 'name': 'Siilitie'}, 'city': 'Laihia', 'state': 'Southern Ostroboth...</msg>
<var>${json_data}</var>
<arg>${response.json()}</arg>
<doc>Returns the given values which can then be assigned to a variables.</doc>
<status status="PASS" start="2024-04-30T20:14:42.006305" elapsed="0.000542"/>
</kw>
<kw name="Log" owner="BuiltIn">
<msg time="2024-04-30T20:14:42.007303" level="INFO">{'results': [{'gender': 'female', 'name': {'title': 'Mrs', 'first': 'Oona', 'last': 'Latt'}, 'location': {'street': {'number': 3201, 'name': 'Siilitie'}, 'city': 'Laihia', 'state': 'Southern Ostrobothnia', 'country': 'Finland', 'postcode': 92729, 'coordinates': {'latitude': '-23.9409', 'longitude': '2.1366'}, 'timezone': {'offset': '+11:00', 'description': 'Magadan, Solomon Islands, New Caledonia'}}, 'email': 'oona.latt@example.com', 'login': {'uuid': 'b76f5c6c-ea1e-4ae4-8cf8-f394def5f412', 'username': 'lazywolf274', 'password': 'wolverin', 'salt': 'Og4P6sWX', 'md5': 'c094c7b1ad27cd50405c7764413b2c43', 'sha1': '51e28d7810f4fafebe02883e6687a921b058fbea', 'sha256': '33f55b141c26ca97b2f709062e5c9a2b76f4997319b213dda4c5ebff892b3af3'}, 'dob': {'date': '1976-08-31T20:12:24.885Z', 'age': 47}, 'registered': {'date': '2007-07-27T07:34:33.938Z', 'age': 16}, 'phone': '09-939-301', 'cell': '044-480-29-43', 'id': {'name': 'HETU', 'value': 'NaNNA220undefined'}, 'picture': {'large': 'https://randomuser.me/api/portraits/women/79.jpg', 'medium': 'https://randomuser.me/api/portraits/med/women/79.jpg', 'thumbnail': 'https://randomuser.me/api/portraits/thumb/women/79.jpg'}, 'nat': 'FI'}], 'info': {'seed': 'd383ef07de81be7d', 'results': 1, 'page': 1, 'version': '1.4'}}</msg>
<arg>${json_data}</arg>
<doc>Logs the given message with the given level.</doc>
<status status="PASS" start="2024-04-30T20:14:42.007150" elapsed="0.000234"/>
</kw>
<kw name="Should Be Equal As Numbers" owner="BuiltIn">
<arg>${json_data['results'][0]['location']['postcode']}</arg>
<arg>${json_data['results'][0]['location']['postcode']}</arg>
<doc>Fails if objects are unequal after converting them to real numbers.</doc>
<status status="PASS" start="2024-04-30T20:14:42.007883" elapsed="0.000622"/>
</kw>
<kw name="Log" owner="BuiltIn">
<msg time="2024-04-30T20:14:42.009027" level="INFO">92729</msg>
<arg>${json_data['results'][0]['location']['postcode']}</arg>
<doc>Logs the given message with the given level.</doc>
<status status="PASS" start="2024-04-30T20:14:42.008694" elapsed="0.000372"/>
</kw>
<status status="PASS" start="2024-04-30T20:14:41.913819" elapsed="0.095502"/>
</kw>
<doc>Testa se os tipos de dados na resposta da API estão corretos.</doc>
<tag>testeTiposDados</tag>
<status status="PASS" start="2024-04-30T20:14:41.836948" elapsed="0.172538"/>
</test>
<test id="s1-s1-t5" name="Validar conteudo" line="35">
<kw name="Teste de Tipos de Conteudo" owner="random-user-service">
<kw name="GET On Session" owner="RequestsLibrary">
<msg time="2024-04-30T20:14:42.100332" level="INFO">GET Request : url=https://randomuser.me/api 
 path_url=/api 
 headers={'User-Agent': 'python-requests/2.31.0', 'Accept-Encoding': 'gzip, deflate', 'Accept': '*/*', 'Connection': 'keep-alive'} 
 body=None 
 </msg>
<msg time="2024-04-30T20:14:42.100442" level="INFO">GET Response : url=https://randomuser.me/api 
 status=200, reason=OK 
 headers={'Date': 'Tue, 30 Apr 2024 20:14:42 GMT', 'Content-Type': 'application/json; charset=utf-8', 'Transfer-Encoding': 'chunked', 'Connection': 'keep-alive', 'X-Powered-By': 'Express', 'Access-Control-Allow-Origin': '*', 'Cache-Control': 'no-cache', 'ETag': 'W/"491-pSZOUWiOFOWkOeAkjbPTb45kmTE"', 'Vary': 'Accept-Encoding', 'Content-Encoding': 'gzip', 'CF-Cache-Status': 'DYNAMIC', 'Report-To': '{"endpoints":[{"url":"https:\\/\\/a.nel.cloudflare.com\\/report\\/v4?s=rMcmOOZV8szr5xvrN7ecuLd4TI0Y6T%2FealMK9U8%2FsH40koLLO0p0Ho9jyqxkhVYwZy0dETujupQmipk%2BPzVDQdcdU8Ria8tPoL7opXWm%2FI0%2FyaNcMyz5ScedbV%2BIiVJY"}],"group":"cf-nel","max_age":604800}', 'NEL': '{"success_fraction":0,"report_to":"cf-nel","max_age":604800}', 'Server': 'cloudflare', 'CF-RAY': '87ca33189cc3388c-IAD', 'alt-svc': 'h3=":443"; ma=86400'} 
 body={"results":[{"gender":"female","name":{"title":"Miss","first":"Rianna","last":"Coort"},"location":{"street":{"number":2929,"name":"Baarlo"},"city":"Oud Gastel","state":"Noord-Holland","country":"Netherlands","postcode":"1078 PU","coordinates":{"latitude":"38.3049","longitude":"177.8290"},"timezone":{"offset":"+2:00","description":"Kaliningrad, South Africa"}},"email":"rianna.coort@example.com","login":{"uuid":"c11841a9-0742-47ba-b094-84beaf2539f1","username":"crazyleopard334","password":"megan","salt":"CtlDUPRa","md5":"129b004a8392bcc671097cd5b3e0f552","sha1":"76097c5a3acf5252c875fcbce1c2f61e94f8e088","sha256":"6dbafdbeb6018aeaa58d0adb0367f93e2ce1f0208bad1640e2a27f3c39b5048f"},"dob":{"date":"1985-09-08T04:44:39.574Z","age":38},"registered":{"date":"2019-12-06T03:49:26.984Z","age":4},"phone":"(0417) 778349","cell":"(06) 96969300","id":{"name":"BSN","value":"56936486"},"picture":{"large":"https://randomuser.me/api/portraits/women/63.jpg","medium":"https://randomuser.me/api/portraits/med/women/63.jpg","thumbnail":"https://randomuser.me/api/portraits/thumb/women/63.jpg"},"nat":"NL"}],"info":{"seed":"827e87cb7d5dcf71","results":1,"page":1,"version":"1.4"}} 
 </msg>
<msg time="2024-04-30T20:14:42.100523" level="INFO">/opt/hostedtoolcache/Python/3.12.3/x64/lib/python3.12/site-packages/urllib3/connectionpool.py:1103: InsecureRequestWarning: Unverified HTTPS request is being made to host 'randomuser.me'. Adding certificate verification is strongly advised. See: https://urllib3.readthedocs.io/en/latest/advanced-usage.html#tls-warnings
  warnings.warn(</msg>
<msg time="2024-04-30T20:14:42.100683" level="INFO">${response} = &lt;Response [200]&gt;</msg>
<var>${response}</var>
<arg>consultarAPI</arg>
<arg>/api</arg>
<doc>Sends a GET request on a previously created HTTP Session.</doc>
<status status="PASS" start="2024-04-30T20:14:42.011913" elapsed="0.088812"/>
</kw>
<kw name="Set Variable" owner="BuiltIn">
<msg time="2024-04-30T20:14:42.101773" level="INFO">${json_data} = {'results': [{'gender': 'female', 'name': {'title': 'Miss', 'first': 'Rianna', 'last': 'Coort'}, 'location': {'street': {'number': 2929, 'name': 'Baarlo'}, 'city': 'Oud Gastel', 'state': 'Noord-Hollan...</msg>
<var>${json_data}</var>
<arg>${response.json()}</arg>
<doc>Returns the given values which can then be assigned to a variables.</doc>
<status status="PASS" start="2024-04-30T20:14:42.101263" elapsed="0.000538"/>
</kw>
<kw name="Set Variable" owner="BuiltIn">
<msg time="2024-04-30T20:14:42.102492" level="INFO">${name_title} = Miss</msg>
<var>${name_title}</var>
<arg>${json_data["results"][0]["name"]["title"]}</arg>
<doc>Returns the given values which can then be assigned to a variables.</doc>
<status status="PASS" start="2024-04-30T20:14:42.102111" elapsed="0.000405"/>
</kw>
<kw name="Create List" owner="BuiltIn">
<msg time="2024-04-30T20:14:42.102961" level="INFO">${allowed_titles} = ['Mr', 'Ms', 'Miss', 'Mrs', 'Madame', 'Monsieur']</msg>
<var>${allowed_titles}</var>
<arg>Mr</arg>
<arg>Ms</arg>
<arg>Miss</arg>
<arg>Mrs</arg>
<arg>Madame</arg>
<arg>Monsieur</arg>
<doc>Returns a list containing given items.</doc>
<status status="PASS" start="2024-04-30T20:14:42.102814" elapsed="0.000171"/>
</kw>
<kw name="List Should Contain Value" owner="Collections">
<msg time="2024-04-30T20:14:42.103452" level="INFO">False</msg>
<arg>${allowed_titles}</arg>
<arg>${name_title}</arg>
<doc>Fails if the ``value`` is not found from ``list``.</doc>
<status status="PASS" start="2024-04-30T20:14:42.103282" elapsed="0.000206"/>
</kw>
<kw name="Set Variable" owner="BuiltIn">
<msg time="2024-04-30T20:14:42.104192" level="INFO">${name_country} = NL</msg>
<var>${name_country}</var>
<arg>${json_data["results"][0]["nat"]}</arg>
<doc>Returns the given values which can then be assigned to a variables.</doc>
<status status="PASS" start="2024-04-30T20:14:42.103779" elapsed="0.000438"/>
</kw>
<kw name="Create List" owner="BuiltIn">
<msg time="2024-04-30T20:14:42.105104" level="INFO">${list_country} = ['AD', 'AE', 'AF', 'AG', 'AI', 'AL', 'AM', 'AO', 'AQ', 'AR', 'AS', 'AT', 'AU', 'AW', 'AX', 'AZ', 'BA', 'BB', 'BD', 'BE', 'BF', 'BG', 'BH', 'BI', 'BJ', 'BL', 'BM', 'BN', 'BO', 'BQ', 'BR', 'BS', 'BT', '...</msg>
<var>${list_country}</var>
<arg>AD</arg>
<arg>AE</arg>
<arg>AF</arg>
<arg>AG</arg>
<arg>AI</arg>
<arg>AL</arg>
<arg>AM</arg>
<arg>AO</arg>
<arg>AQ</arg>
<arg>AR</arg>
<arg>AS</arg>
<arg>AT</arg>
<arg>AU</arg>
<arg>AW</arg>
<arg>AX</arg>
<arg>AZ</arg>
<arg>BA</arg>
<arg>BB</arg>
<arg>BD</arg>
<arg>BE</arg>
<arg>BF</arg>
<arg>BG</arg>
<arg>BH</arg>
<arg>BI</arg>
<arg>BJ</arg>
<arg>BL</arg>
<arg>BM</arg>
<arg>BN</arg>
<arg>BO</arg>
<arg>BQ</arg>
<arg>BR</arg>
<arg>BS</arg>
<arg>BT</arg>
<arg>BV</arg>
<arg>BW</arg>
<arg>BY</arg>
<arg>BZ</arg>
<arg>CA</arg>
<arg>CC</arg>
<arg>CD</arg>
<arg>CF</arg>
<arg>CG</arg>
<arg>CH</arg>
<arg>CI</arg>
<arg>CK</arg>
<arg>CL</arg>
<arg>CM</arg>
<arg>CN</arg>
<arg>CO</arg>
<arg>CR</arg>
<arg>CU</arg>
<arg>CV</arg>
<arg>CW</arg>
<arg>CX</arg>
<arg>CY</arg>
<arg>CZ</arg>
<arg>DE</arg>
<arg>DJ</arg>
<arg>DK</arg>
<arg>DM</arg>
<arg>DO</arg>
<arg>DZ</arg>
<arg>EC</arg>
<arg>EE</arg>
<arg>EG</arg>
<arg>EH</arg>
<arg>ER</arg>
<arg>ES</arg>
<arg>ET</arg>
<arg>FI</arg>
<arg>FJ</arg>
<arg>FK</arg>
<arg>FM</arg>
<arg>FO</arg>
<arg>FR</arg>
<arg>GA</arg>
<arg>GB</arg>
<arg>GD</arg>
<arg>GE</arg>
<arg>GF</arg>
<arg>GG</arg>
<arg>GH</arg>
<arg>GI</arg>
<arg>GL</arg>
<arg>GM</arg>
<arg>GN</arg>
<arg>GP</arg>
<arg>GQ</arg>
<arg>GR</arg>
<arg>GS</arg>
<arg>GT</arg>
<arg>GU</arg>
<arg>GW</arg>
<arg>GY</arg>
<arg>HK</arg>
<arg>HM</arg>
<arg>HN</arg>
<arg>HR</arg>
<arg>HT</arg>
<arg>HU</arg>
<arg>ID</arg>
<arg>IE</arg>
<arg>IL</arg>
<arg>IM</arg>
<arg>IN</arg>
<arg>IO</arg>
<arg>IQ</arg>
<arg>IR</arg>
<arg>IS</arg>
<arg>IT</arg>
<arg>JE</arg>
<arg>JM</arg>
<arg>JO</arg>
<arg>JP</arg>
<arg>KE</arg>
<arg>KG</arg>
<arg>KH</arg>
<arg>KI</arg>
<arg>KM</arg>
<arg>KN</arg>
<arg>KP</arg>
<arg>KR</arg>
<arg>KW</arg>
<arg>KY</arg>
<arg>KZ</arg>
<arg>LA</arg>
<arg>LB</arg>
<arg>LC</arg>
<arg>LI</arg>
<arg>LK</arg>
<arg>LR</arg>
<arg>LS</arg>
<arg>LT</arg>
<arg>LU</arg>
<arg>LV</arg>
<arg>LY</arg>
<arg>MA</arg>
<arg>MC</arg>
<arg>MD</arg>
<arg>ME</arg>
<arg>MF</arg>
<arg>MG</arg>
<arg>MH</arg>
<arg>MK</arg>
<arg>ML</arg>
<arg>MM</arg>
<arg>MN</arg>
<arg>MO</arg>
<arg>MP</arg>
<arg>MQ</arg>
<arg>MR</arg>
<arg>MS</arg>
<arg>MT</arg>
<arg>MU</arg>
<arg>MV</arg>
<arg>MW</arg>
<arg>MX</arg>
<arg>MY</arg>
<arg>MZ</arg>
<arg>NA</arg>
<arg>NC</arg>
<arg>NE</arg>
<arg>NF</arg>
<arg>NG</arg>
<arg>NI</arg>
<arg>NL</arg>
<arg>NO</arg>
<arg>NP</arg>
<arg>NR</arg>
<arg>NU</arg>
<arg>NZ</arg>
<arg>OM</arg>
<arg>PA</arg>
<arg>PE</arg>
<arg>PF</arg>
<arg>PG</arg>
<arg>PH</arg>
<arg>PK</arg>
<arg>PL</arg>
<arg>PM</arg>
<arg>PN</arg>
<arg>PR</arg>
<arg>PS</arg>
<arg>PT</arg>
<arg>PW</arg>
<arg>PY</arg>
<arg>QA</arg>
<arg>RE</arg>
<arg>RO</arg>
<arg>RS</arg>
<arg>RU</arg>
<arg>RW</arg>
<arg>SA</arg>
<arg>SB</arg>
<arg>SC</arg>
<arg>SD</arg>
<arg>SE</arg>
<arg>SG</arg>
<arg>SH</arg>
<arg>SI</arg>
<arg>SJ</arg>
<arg>SK</arg>
<arg>SL</arg>
<arg>SM</arg>
<arg>SN</arg>
<arg>SO</arg>
<arg>SR</arg>
<arg>SS</arg>
<arg>ST</arg>
<arg>SV</arg>
<arg>SX</arg>
<arg>SY</arg>
<arg>SZ</arg>
<arg>TC</arg>
<arg>TD</arg>
<arg>TF</arg>
<arg>TG</arg>
<arg>TH</arg>
<arg>TJ</arg>
<arg>TK</arg>
<arg>TL</arg>
<arg>TM</arg>
<arg>TN</arg>
<arg>TO</arg>
<arg>TR</arg>
<arg>TT</arg>
<arg>TV</arg>
<arg>TW</arg>
<arg>TZ</arg>
<arg>UA</arg>
<arg>UG</arg>
<arg>UM</arg>
<arg>US</arg>
<arg>UY</arg>
<arg>UZ</arg>
<arg>VA</arg>
<arg>VC</arg>
<arg>VE</arg>
<arg>VG</arg>
<arg>VI</arg>
<arg>VN</arg>
<arg>VU</arg>
<arg>WF</arg>
<arg>WS</arg>
<arg>XK</arg>
<arg>YE</arg>
<arg>YT</arg>
<arg>ZA</arg>
<arg>ZM</arg>
<arg>ZW</arg>
<doc>Returns a list containing given items.</doc>
<status status="PASS" start="2024-04-30T20:14:42.104519" elapsed="0.000611"/>
</kw>
<kw name="List Should Contain Value" owner="Collections">
<msg time="2024-04-30T20:14:42.106127" level="INFO">False</msg>
<arg>${list_country}</arg>
<arg>${name_country}</arg>
<doc>Fails if the ``value`` is not found from ``list``.</doc>
<status status="PASS" start="2024-04-30T20:14:42.105926" elapsed="0.000237"/>
</kw>
<kw name="Run Keyword If" owner="BuiltIn">
<kw name="Should Be True" owner="BuiltIn">
<arg>${True}</arg>
<doc>Fails if the given condition is not true.</doc>
<status status="PASS" start="2024-04-30T20:14:42.107232" elapsed="0.000264"/>
</kw>
<arg>${json_data["results"][0]["location"]["coordinates"]["latitude"]} &gt;= -90 and ${json_data["results"][0]["location"]["coordinates"]["latitude"]} &lt;= 90</arg>
<arg>Should Be True</arg>
<arg>${True}</arg>
<doc>Runs the given keyword with the given arguments, if ``condition`` is true.</doc>
<status status="PASS" start="2024-04-30T20:14:42.106473" elapsed="0.001154"/>
</kw>
<kw name="Run Keyword If" owner="BuiltIn">
<kw name="Should Be True" owner="BuiltIn">
<arg>${True}</arg>
<doc>Fails if the given condition is not true.</doc>
<status status="PASS" start="2024-04-30T20:14:42.108540" elapsed="0.000138"/>
</kw>
<arg>${json_data["results"][0]["location"]["coordinates"]["longitude"]} &gt;= -180 and ${json_data["results"][0]["location"]["coordinates"]["longitude"]} &lt;= 180</arg>
<arg>Should Be True</arg>
<arg>${True}</arg>
<doc>Runs the given keyword with the given arguments, if ``condition`` is true.</doc>
<status status="PASS" start="2024-04-30T20:14:42.107813" elapsed="0.000987"/>
</kw>
<status status="PASS" start="2024-04-30T20:14:42.011667" elapsed="0.097262"/>
</kw>
<doc>Testa o conteúdo específico dos campos retornados pela API.</doc>
<tag>testeConteudo</tag>
<status status="PASS" start="2024-04-30T20:14:42.011218" elapsed="0.097859"/>
</test>
<status status="PASS" start="2024-04-30T20:14:41.038408" elapsed="1.072650"/>
</suite>
<status status="PASS" start="2024-04-30T20:14:41.024899" elapsed="1.091479"/>
</suite>
<statistics>
<total>
<stat pass="5" fail="0" skip="0">All Tests</stat>
</total>
<tag>
<stat pass="1" fail="0" skip="0">testeConteudo</stat>
<stat pass="1" fail="0" skip="0">testeEstruturaResposta</stat>
<stat pass="1" fail="0" skip="0">testeRequisicaoBasica</stat>
<stat pass="1" fail="0" skip="0">testeTiposDados</stat>
</tag>
<suite>
<stat pass="5" fail="0" skip="0" id="s1" name="Tests">Tests</stat>
<stat pass="5" fail="0" skip="0" id="s1-s1" name="Random-User-Test">Tests.Random-User-Test</stat>
</suite>
</statistics>
<errors>
</errors>
</robot>
