<?xml version="1.0" encoding="UTF-8"?>
<robot generator="Robot 7.0.1 (Python 3.12.4 on linux)" generated="2024-07-15T16:18:40.568693" rpa="false" schemaversion="5">
<suite id="s1" name="Tests" source="/home/runner/work/ApiRandomUser/ApiRandomUser/RamdonUser/tests">
<suite id="s1-s1" name="Random-User-Test" source="/home/runner/work/ApiRandomUser/ApiRandomUser/RamdonUser/tests/random-user-test.robot">
<test id="s1-s1-t1" name="Conectar" line="13">
<kw name="Conectar API" owner="random-user-service">
<kw name="Create Session" owner="RequestsLibrary">
<msg time="2024-07-15T16:18:40.960103" level="INFO">Creating Session using : alias=consultarAPI, url=https://randomuser.me/, headers={},                     cookies={}, auth=None, timeout=None, proxies=None, verify=False,                     debug=0 </msg>
<arg>consultarAPI</arg>
<arg>${URL}</arg>
<doc>Create Session: create a HTTP session to a server</doc>
<status status="PASS" start="2024-07-15T16:18:40.959908" elapsed="0.000357"/>
</kw>
<status status="PASS" start="2024-07-15T16:18:40.958996" elapsed="0.001607"/>
</kw>
<status status="PASS" start="2024-07-15T16:18:40.958487" elapsed="0.002311"/>
</test>
<test id="s1-s1-t2" name="Validar retorno 200 e JSON Válido" line="16">
<kw name="Teste de Requisicao Basica" owner="random-user-service">
<kw name="GET On Session" owner="RequestsLibrary">
<msg time="2024-07-15T16:18:41.843640" level="INFO">GET Request : url=https://randomuser.me/api 
 path_url=/api 
 headers={'User-Agent': 'python-requests/2.32.3', 'Accept-Encoding': 'gzip, deflate', 'Accept': '*/*', 'Connection': 'keep-alive'} 
 body=None 
 </msg>
<msg time="2024-07-15T16:18:41.843786" level="INFO">GET Response : url=https://randomuser.me/api 
 status=200, reason=OK 
 headers={'Date': 'Mon, 15 Jul 2024 16:18:41 GMT', 'Content-Type': 'application/json; charset=utf-8', 'Transfer-Encoding': 'chunked', 'Connection': 'keep-alive', 'X-Powered-By': 'Express', 'Access-Control-Allow-Origin': '*', 'Cache-Control': 'no-cache', 'ETag': 'W/"4a7-UlK80f4W6RVCBCC9hWYdRqOrcrw"', 'Vary': 'Accept-Encoding', 'Content-Encoding': 'gzip', 'CF-Cache-Status': 'DYNAMIC', 'Report-To': '{"endpoints":[{"url":"https:\\/\\/a.nel.cloudflare.com\\/report\\/v4?s=ajkVta1cMRol%2BtXTVLIoPh%2BtsygJXrzSqB7tdJLhCjqUUwdxwnZPTSe3rwNncsgt5%2Bwm7AQ8Gw%2BXGSo4oNm429NJ%2Fd6NAKHj0gTmqomFbj0WUd%2BwqT3jrFt66h7YD6ZN"}],"group":"cf-nel","max_age":604800}', 'NEL': '{"success_fraction":0,"report_to":"cf-nel","max_age":604800}', 'Server': 'cloudflare', 'CF-RAY': '8a3b11defdc27faa-IAD', 'alt-svc': 'h3=":443"; ma=86400'} 
 body={"results":[{"gender":"male","name":{"title":"Mr","first":"Marten","last":"Brandner"},"location":{"street":{"number":1724,"name":"Neue Straße"},"city":"Wustrow (Wendland)","state":"Brandenburg","country":"Germany","postcode":90731,"coordinates":{"latitude":"-54.5515","longitude":"-94.5223"},"timezone":{"offset":"-4:00","description":"Atlantic Time (Canada), Caracas, La Paz"}},"email":"marten.brandner@example.com","login":{"uuid":"a142bf3e-ba0b-4cb0-92dd-e804596b3f5f","username":"smallswan926","password":"bradford","salt":"TOaQVTct","md5":"6a93df0c10b1abd8719e793f878eebba","sha1":"91a6fa7e87ebab01c1ed392fa442f34c50cbb2ef","sha256":"3996a244bfb19507d70007c998022c6d2dc72f14d46a91db0213de97365f659c"},"dob":{"date":"1973-05-16T21:06:27.694Z","age":51},"registered":{"date":"2003-02-13T15:16:52.974Z","age":21},"phone":"0354-7293954","cell":"0170-1749105","id":{"name":"SVNR","value":"43 160573 B 351"},"picture":{"large":"https://randomuser.me/api/portraits/men/29.jpg","medium":"https://randomuser.me/api/portraits/med/men/29.jpg","thumbnail":"https://randomuser.me/api/portraits/thumb/men/29.jpg"},"nat":"DE"}],"info":{"seed":"14d5978b3259dd97","results":1,"page":1,"version":"1.4"}} 
 </msg>
<msg time="2024-07-15T16:18:41.843875" level="INFO">/opt/hostedtoolcache/Python/3.12.4/x64/lib/python3.12/site-packages/urllib3/connectionpool.py:1099: InsecureRequestWarning: Unverified HTTPS request is being made to host 'randomuser.me'. Adding certificate verification is strongly advised. See: https://urllib3.readthedocs.io/en/latest/advanced-usage.html#tls-warnings
  warnings.warn(</msg>
<msg time="2024-07-15T16:18:41.844037" level="INFO">${response} = &lt;Response [200]&gt;</msg>
<var>${response}</var>
<arg>consultarAPI</arg>
<arg>/api</arg>
<doc>Sends a GET request on a previously created HTTP Session.</doc>
<status status="PASS" start="2024-07-15T16:18:40.963360" elapsed="0.880723"/>
</kw>
<kw name="Should Be Equal As Numbers" owner="BuiltIn">
<msg time="2024-07-15T16:18:41.845079" level="INFO">Argument types are:
&lt;class 'int'&gt;
&lt;class 'str'&gt;</msg>
<arg>${response.status_code}</arg>
<arg>200</arg>
<doc>Fails if objects are unequal after converting them to real numbers.</doc>
<status status="PASS" start="2024-07-15T16:18:41.844595" elapsed="0.000549"/>
</kw>
<kw name="Log" owner="BuiltIn">
<msg time="2024-07-15T16:18:41.845816" level="INFO">200</msg>
<arg>${response.status_code}</arg>
<doc>Logs the given message with the given level.</doc>
<status status="PASS" start="2024-07-15T16:18:41.845459" elapsed="0.000398"/>
</kw>
<kw name="Set Variable" owner="BuiltIn">
<msg time="2024-07-15T16:18:41.846675" level="INFO">${json_data} = {'results': [{'gender': 'male', 'name': {'title': 'Mr', 'first': 'Marten', 'last': 'Brandner'}, 'location': {'street': {'number': 1724, 'name': 'Neue Straße'}, 'city': 'Wustrow (Wendland)', 'state': '...</msg>
<var>${json_data}</var>
<arg>${response.json()}</arg>
<doc>Returns the given values which can then be assigned to a variables.</doc>
<status status="PASS" start="2024-07-15T16:18:41.846163" elapsed="0.000542"/>
</kw>
<kw name="Dictionary Should Contain Key" owner="Collections">
<arg>${json_data}</arg>
<arg>results</arg>
<doc>Fails if ``key`` is not found from ``dictionary``.</doc>
<status status="PASS" start="2024-07-15T16:18:41.847005" elapsed="0.000168"/>
</kw>
<status status="PASS" start="2024-07-15T16:18:40.963116" elapsed="0.884209"/>
</kw>
<doc>Testa se a API responde corretamente e retorna um objeto JSON válido.</doc>
<tag>testeRequisicaoBasica</tag>
<status status="PASS" start="2024-07-15T16:18:40.962669" elapsed="0.884837"/>
</test>
<test id="s1-s1-t3" name="Validar estrutura de resposta" line="22">
<kw name="Teste de Estrutura de Resposta" owner="random-user-service">
<kw name="GET On Session" owner="RequestsLibrary">
<msg time="2024-07-15T16:18:42.350516" level="INFO">GET Request : url=https://randomuser.me/api 
 path_url=/api 
 headers={'User-Agent': 'python-requests/2.32.3', 'Accept-Encoding': 'gzip, deflate', 'Accept': '*/*', 'Connection': 'keep-alive'} 
 body=None 
 </msg>
<msg time="2024-07-15T16:18:42.350589" level="INFO">GET Response : url=https://randomuser.me/api 
 status=200, reason=OK 
 headers={'Date': 'Mon, 15 Jul 2024 16:18:42 GMT', 'Content-Type': 'application/json; charset=utf-8', 'Transfer-Encoding': 'chunked', 'Connection': 'keep-alive', 'X-Powered-By': 'Express', 'Access-Control-Allow-Origin': '*', 'Cache-Control': 'no-cache', 'ETag': 'W/"49f-YIwPlLTT+fsbn3y2/ZtpGl2cr90"', 'Vary': 'Accept-Encoding', 'Content-Encoding': 'gzip', 'CF-Cache-Status': 'DYNAMIC', 'Report-To': '{"endpoints":[{"url":"https:\\/\\/a.nel.cloudflare.com\\/report\\/v4?s=rpTqiqk9lgp8Bo4uUwyE1TJUtcKZrUv3a4tIkD%2B%2BM1Zeu2VxP82MW6V%2FjtHk8SCt3NIhD26UOTkkcKlEB1itWbxAJ3mtTjWT47ZNNv6gLtpPxyclA5lqaKN8kOkM4NGD"}],"group":"cf-nel","max_age":604800}', 'NEL': '{"success_fraction":0,"report_to":"cf-nel","max_age":604800}', 'Server': 'cloudflare', 'CF-RAY': '8a3b11e39c227faa-IAD', 'alt-svc': 'h3=":443"; ma=86400'} 
 body={"results":[{"gender":"male","name":{"title":"Mr","first":"Timmothy","last":"Williams"},"location":{"street":{"number":2069,"name":"St. John’S Road"},"city":"Newport","state":"County Antrim","country":"United Kingdom","postcode":"PT8R 5QF","coordinates":{"latitude":"-5.6556","longitude":"-102.8924"},"timezone":{"offset":"-7:00","description":"Mountain Time (US &amp; Canada)"}},"email":"timmothy.williams@example.com","login":{"uuid":"ef33c92c-946c-4e59-9f12-6d5387a35320","username":"bigdog439","password":"yahoo","salt":"KqzV3wJe","md5":"c40a4068867faea9ac6046ee64c156e2","sha1":"3ead290490b5a9b00416f73211018104bccc0d79","sha256":"5b899911d74e8332737c7a6d7af9a94c36a4b4a19e0766af06dfc905038fc97b"},"dob":{"date":"1991-06-19T23:52:34.236Z","age":33},"registered":{"date":"2008-12-26T09:52:46.218Z","age":15},"phone":"015242 95640","cell":"07793 014622","id":{"name":"NINO","value":"TR 78 22 18 X"},"picture":{"large":"https://randomuser.me/api/portraits/men/19.jpg","medium":"https://randomuser.me/api/portraits/med/men/19.jpg","thumbnail":"https://randomuser.me/api/portraits/thumb/men/19.jpg"},"nat":"GB"}],"info":{"seed":"3f8c70f78d395ee9","results":1,"page":1,"version":"1.4"}} 
 </msg>
<msg time="2024-07-15T16:18:42.350705" level="INFO">/opt/hostedtoolcache/Python/3.12.4/x64/lib/python3.12/site-packages/urllib3/connectionpool.py:1099: InsecureRequestWarning: Unverified HTTPS request is being made to host 'randomuser.me'. Adding certificate verification is strongly advised. See: https://urllib3.readthedocs.io/en/latest/advanced-usage.html#tls-warnings
  warnings.warn(</msg>
<msg time="2024-07-15T16:18:42.350822" level="INFO">${response} = &lt;Response [200]&gt;</msg>
<var>${response}</var>
<arg>consultarAPI</arg>
<arg>/api</arg>
<doc>Sends a GET request on a previously created HTTP Session.</doc>
<status status="PASS" start="2024-07-15T16:18:41.850172" elapsed="0.500693"/>
</kw>
<kw name="Set Variable" owner="BuiltIn">
<msg time="2024-07-15T16:18:42.351721" level="INFO">${json_data} = {'results': [{'gender': 'male', 'name': {'title': 'Mr', 'first': 'Timmothy', 'last': 'Williams'}, 'location': {'street': {'number': 2069, 'name': 'St. John’S Road'}, 'city': 'Newport', 'state': 'Count...</msg>
<var>${json_data}</var>
<arg>${response.json()}</arg>
<doc>Returns the given values which can then be assigned to a variables.</doc>
<status status="PASS" start="2024-07-15T16:18:42.351235" elapsed="0.000517"/>
</kw>
<kw name="Log" owner="BuiltIn">
<msg time="2024-07-15T16:18:42.352223" level="INFO">{'results': [{'gender': 'male', 'name': {'title': 'Mr', 'first': 'Timmothy', 'last': 'Williams'}, 'location': {'street': {'number': 2069, 'name': 'St. John’S Road'}, 'city': 'Newport', 'state': 'County Antrim', 'country': 'United Kingdom', 'postcode': 'PT8R 5QF', 'coordinates': {'latitude': '-5.6556', 'longitude': '-102.8924'}, 'timezone': {'offset': '-7:00', 'description': 'Mountain Time (US &amp; Canada)'}}, 'email': 'timmothy.williams@example.com', 'login': {'uuid': 'ef33c92c-946c-4e59-9f12-6d5387a35320', 'username': 'bigdog439', 'password': 'yahoo', 'salt': 'KqzV3wJe', 'md5': 'c40a4068867faea9ac6046ee64c156e2', 'sha1': '3ead290490b5a9b00416f73211018104bccc0d79', 'sha256': '5b899911d74e8332737c7a6d7af9a94c36a4b4a19e0766af06dfc905038fc97b'}, 'dob': {'date': '1991-06-19T23:52:34.236Z', 'age': 33}, 'registered': {'date': '2008-12-26T09:52:46.218Z', 'age': 15}, 'phone': '015242 95640', 'cell': '07793 014622', 'id': {'name': 'NINO', 'value': 'TR 78 22 18 X'}, 'picture': {'large': 'https://randomuser.me/api/portraits/men/19.jpg', 'medium': 'https://randomuser.me/api/portraits/med/men/19.jpg', 'thumbnail': 'https://randomuser.me/api/portraits/thumb/men/19.jpg'}, 'nat': 'GB'}], 'info': {'seed': '3f8c70f78d395ee9', 'results': 1, 'page': 1, 'version': '1.4'}}</msg>
<arg>${json_data}</arg>
<doc>Logs the given message with the given level.</doc>
<status status="PASS" start="2024-07-15T16:18:42.352063" elapsed="0.000212"/>
</kw>
<kw name="Dictionary Should Contain Key" owner="Collections">
<arg>${json_data}</arg>
<arg>results</arg>
<doc>Fails if ``key`` is not found from ``dictionary``.</doc>
<status status="PASS" start="2024-07-15T16:18:42.352565" elapsed="0.000153"/>
</kw>
<kw name="Should Not Be Empty" owner="BuiltIn">
<msg time="2024-07-15T16:18:42.353032" level="INFO">Length is 2.</msg>
<arg>${json_data}</arg>
<doc>Verifies that the given item is not empty.</doc>
<status status="PASS" start="2024-07-15T16:18:42.352904" elapsed="0.000167"/>
</kw>
<kw name="Create List" owner="BuiltIn">
<msg time="2024-07-15T16:18:42.353643" level="INFO">${expected_keys} = ['gender', 'name', 'location', 'email', 'login']</msg>
<var>${expected_keys}</var>
<arg>gender</arg>
<arg>name</arg>
<arg>location</arg>
<arg>email</arg>
<arg>login</arg>
<doc>Returns a list containing given items.</doc>
<status status="PASS" start="2024-07-15T16:18:42.353357" elapsed="0.000312"/>
</kw>
<for flavor="IN">
<iter>
<kw name="Dictionary Should Contain Key" owner="Collections">
<arg>${json_data['results'][0]}</arg>
<arg>${key}</arg>
<doc>Fails if ``key`` is not found from ``dictionary``.</doc>
<status status="PASS" start="2024-07-15T16:18:42.354242" elapsed="0.000431"/>
</kw>
<kw name="Log" owner="BuiltIn">
<msg time="2024-07-15T16:18:42.355215" level="INFO">{'gender': 'male', 'name': {'title': 'Mr', 'first': 'Timmothy', 'last': 'Williams'}, 'location': {'street': {'number': 2069, 'name': 'St. John’S Road'}, 'city': 'Newport', 'state': 'County Antrim', 'country': 'United Kingdom', 'postcode': 'PT8R 5QF', 'coordinates': {'latitude': '-5.6556', 'longitude': '-102.8924'}, 'timezone': {'offset': '-7:00', 'description': 'Mountain Time (US &amp; Canada)'}}, 'email': 'timmothy.williams@example.com', 'login': {'uuid': 'ef33c92c-946c-4e59-9f12-6d5387a35320', 'username': 'bigdog439', 'password': 'yahoo', 'salt': 'KqzV3wJe', 'md5': 'c40a4068867faea9ac6046ee64c156e2', 'sha1': '3ead290490b5a9b00416f73211018104bccc0d79', 'sha256': '5b899911d74e8332737c7a6d7af9a94c36a4b4a19e0766af06dfc905038fc97b'}, 'dob': {'date': '1991-06-19T23:52:34.236Z', 'age': 33}, 'registered': {'date': '2008-12-26T09:52:46.218Z', 'age': 15}, 'phone': '015242 95640', 'cell': '07793 014622', 'id': {'name': 'NINO', 'value': 'TR 78 22 18 X'}, 'picture': {'large': 'https://randomuser.me/api/portraits/men/19.jpg', 'medium': 'https://randomuser.me/api/portraits/med/men/19.jpg', 'thumbnail': 'https://randomuser.me/api/portraits/thumb/men/19.jpg'}, 'nat': 'GB'}</msg>
<arg>${json_data['results'][0]}</arg>
<doc>Logs the given message with the given level.</doc>
<status status="PASS" start="2024-07-15T16:18:42.354855" elapsed="0.000414"/>
</kw>
<kw name="Log" owner="BuiltIn">
<msg time="2024-07-15T16:18:42.355695" level="INFO">gender</msg>
<arg>${key}</arg>
<doc>Logs the given message with the given level.</doc>
<status status="PASS" start="2024-07-15T16:18:42.355567" elapsed="0.000166"/>
</kw>
<var name="${key}">gender</var>
<status status="PASS" start="2024-07-15T16:18:42.354120" elapsed="0.001828"/>
</iter>
<iter>
<kw name="Dictionary Should Contain Key" owner="Collections">
<arg>${json_data['results'][0]}</arg>
<arg>${key}</arg>
<doc>Fails if ``key`` is not found from ``dictionary``.</doc>
<status status="PASS" start="2024-07-15T16:18:42.356238" elapsed="0.000393"/>
</kw>
<kw name="Log" owner="BuiltIn">
<msg time="2024-07-15T16:18:42.357205" level="INFO">{'gender': 'male', 'name': {'title': 'Mr', 'first': 'Timmothy', 'last': 'Williams'}, 'location': {'street': {'number': 2069, 'name': 'St. John’S Road'}, 'city': 'Newport', 'state': 'County Antrim', 'country': 'United Kingdom', 'postcode': 'PT8R 5QF', 'coordinates': {'latitude': '-5.6556', 'longitude': '-102.8924'}, 'timezone': {'offset': '-7:00', 'description': 'Mountain Time (US &amp; Canada)'}}, 'email': 'timmothy.williams@example.com', 'login': {'uuid': 'ef33c92c-946c-4e59-9f12-6d5387a35320', 'username': 'bigdog439', 'password': 'yahoo', 'salt': 'KqzV3wJe', 'md5': 'c40a4068867faea9ac6046ee64c156e2', 'sha1': '3ead290490b5a9b00416f73211018104bccc0d79', 'sha256': '5b899911d74e8332737c7a6d7af9a94c36a4b4a19e0766af06dfc905038fc97b'}, 'dob': {'date': '1991-06-19T23:52:34.236Z', 'age': 33}, 'registered': {'date': '2008-12-26T09:52:46.218Z', 'age': 15}, 'phone': '015242 95640', 'cell': '07793 014622', 'id': {'name': 'NINO', 'value': 'TR 78 22 18 X'}, 'picture': {'large': 'https://randomuser.me/api/portraits/men/19.jpg', 'medium': 'https://randomuser.me/api/portraits/med/men/19.jpg', 'thumbnail': 'https://randomuser.me/api/portraits/thumb/men/19.jpg'}, 'nat': 'GB'}</msg>
<arg>${json_data['results'][0]}</arg>
<doc>Logs the given message with the given level.</doc>
<status status="PASS" start="2024-07-15T16:18:42.356813" elapsed="0.000448"/>
</kw>
<kw name="Log" owner="BuiltIn">
<msg time="2024-07-15T16:18:42.357686" level="INFO">name</msg>
<arg>${key}</arg>
<doc>Logs the given message with the given level.</doc>
<status status="PASS" start="2024-07-15T16:18:42.357559" elapsed="0.000163"/>
</kw>
<var name="${key}">name</var>
<status status="PASS" start="2024-07-15T16:18:42.356129" elapsed="0.001806"/>
</iter>
<iter>
<kw name="Dictionary Should Contain Key" owner="Collections">
<arg>${json_data['results'][0]}</arg>
<arg>${key}</arg>
<doc>Fails if ``key`` is not found from ``dictionary``.</doc>
<status status="PASS" start="2024-07-15T16:18:42.358214" elapsed="0.000396"/>
</kw>
<kw name="Log" owner="BuiltIn">
<msg time="2024-07-15T16:18:42.359140" level="INFO">{'gender': 'male', 'name': {'title': 'Mr', 'first': 'Timmothy', 'last': 'Williams'}, 'location': {'street': {'number': 2069, 'name': 'St. John’S Road'}, 'city': 'Newport', 'state': 'County Antrim', 'country': 'United Kingdom', 'postcode': 'PT8R 5QF', 'coordinates': {'latitude': '-5.6556', 'longitude': '-102.8924'}, 'timezone': {'offset': '-7:00', 'description': 'Mountain Time (US &amp; Canada)'}}, 'email': 'timmothy.williams@example.com', 'login': {'uuid': 'ef33c92c-946c-4e59-9f12-6d5387a35320', 'username': 'bigdog439', 'password': 'yahoo', 'salt': 'KqzV3wJe', 'md5': 'c40a4068867faea9ac6046ee64c156e2', 'sha1': '3ead290490b5a9b00416f73211018104bccc0d79', 'sha256': '5b899911d74e8332737c7a6d7af9a94c36a4b4a19e0766af06dfc905038fc97b'}, 'dob': {'date': '1991-06-19T23:52:34.236Z', 'age': 33}, 'registered': {'date': '2008-12-26T09:52:46.218Z', 'age': 15}, 'phone': '015242 95640', 'cell': '07793 014622', 'id': {'name': 'NINO', 'value': 'TR 78 22 18 X'}, 'picture': {'large': 'https://randomuser.me/api/portraits/men/19.jpg', 'medium': 'https://randomuser.me/api/portraits/med/men/19.jpg', 'thumbnail': 'https://randomuser.me/api/portraits/thumb/men/19.jpg'}, 'nat': 'GB'}</msg>
<arg>${json_data['results'][0]}</arg>
<doc>Logs the given message with the given level.</doc>
<status status="PASS" start="2024-07-15T16:18:42.358791" elapsed="0.000403"/>
</kw>
<kw name="Log" owner="BuiltIn">
<msg time="2024-07-15T16:18:42.359613" level="INFO">location</msg>
<arg>${key}</arg>
<doc>Logs the given message with the given level.</doc>
<status status="PASS" start="2024-07-15T16:18:42.359488" elapsed="0.000162"/>
</kw>
<var name="${key}">location</var>
<status status="PASS" start="2024-07-15T16:18:42.358107" elapsed="0.001767"/>
</iter>
<iter>
<kw name="Dictionary Should Contain Key" owner="Collections">
<arg>${json_data['results'][0]}</arg>
<arg>${key}</arg>
<doc>Fails if ``key`` is not found from ``dictionary``.</doc>
<status status="PASS" start="2024-07-15T16:18:42.360156" elapsed="0.000390"/>
</kw>
<kw name="Log" owner="BuiltIn">
<msg time="2024-07-15T16:18:42.361086" level="INFO">{'gender': 'male', 'name': {'title': 'Mr', 'first': 'Timmothy', 'last': 'Williams'}, 'location': {'street': {'number': 2069, 'name': 'St. John’S Road'}, 'city': 'Newport', 'state': 'County Antrim', 'country': 'United Kingdom', 'postcode': 'PT8R 5QF', 'coordinates': {'latitude': '-5.6556', 'longitude': '-102.8924'}, 'timezone': {'offset': '-7:00', 'description': 'Mountain Time (US &amp; Canada)'}}, 'email': 'timmothy.williams@example.com', 'login': {'uuid': 'ef33c92c-946c-4e59-9f12-6d5387a35320', 'username': 'bigdog439', 'password': 'yahoo', 'salt': 'KqzV3wJe', 'md5': 'c40a4068867faea9ac6046ee64c156e2', 'sha1': '3ead290490b5a9b00416f73211018104bccc0d79', 'sha256': '5b899911d74e8332737c7a6d7af9a94c36a4b4a19e0766af06dfc905038fc97b'}, 'dob': {'date': '1991-06-19T23:52:34.236Z', 'age': 33}, 'registered': {'date': '2008-12-26T09:52:46.218Z', 'age': 15}, 'phone': '015242 95640', 'cell': '07793 014622', 'id': {'name': 'NINO', 'value': 'TR 78 22 18 X'}, 'picture': {'large': 'https://randomuser.me/api/portraits/men/19.jpg', 'medium': 'https://randomuser.me/api/portraits/med/men/19.jpg', 'thumbnail': 'https://randomuser.me/api/portraits/thumb/men/19.jpg'}, 'nat': 'GB'}</msg>
<arg>${json_data['results'][0]}</arg>
<doc>Logs the given message with the given level.</doc>
<status status="PASS" start="2024-07-15T16:18:42.360732" elapsed="0.000409"/>
</kw>
<kw name="Log" owner="BuiltIn">
<msg time="2024-07-15T16:18:42.361568" level="INFO">email</msg>
<arg>${key}</arg>
<doc>Logs the given message with the given level.</doc>
<status status="PASS" start="2024-07-15T16:18:42.361437" elapsed="0.000170"/>
</kw>
<var name="${key}">email</var>
<status status="PASS" start="2024-07-15T16:18:42.360048" elapsed="0.001775"/>
</iter>
<iter>
<kw name="Dictionary Should Contain Key" owner="Collections">
<arg>${json_data['results'][0]}</arg>
<arg>${key}</arg>
<doc>Fails if ``key`` is not found from ``dictionary``.</doc>
<status status="PASS" start="2024-07-15T16:18:42.362107" elapsed="0.000434"/>
</kw>
<kw name="Log" owner="BuiltIn">
<msg time="2024-07-15T16:18:42.363083" level="INFO">{'gender': 'male', 'name': {'title': 'Mr', 'first': 'Timmothy', 'last': 'Williams'}, 'location': {'street': {'number': 2069, 'name': 'St. John’S Road'}, 'city': 'Newport', 'state': 'County Antrim', 'country': 'United Kingdom', 'postcode': 'PT8R 5QF', 'coordinates': {'latitude': '-5.6556', 'longitude': '-102.8924'}, 'timezone': {'offset': '-7:00', 'description': 'Mountain Time (US &amp; Canada)'}}, 'email': 'timmothy.williams@example.com', 'login': {'uuid': 'ef33c92c-946c-4e59-9f12-6d5387a35320', 'username': 'bigdog439', 'password': 'yahoo', 'salt': 'KqzV3wJe', 'md5': 'c40a4068867faea9ac6046ee64c156e2', 'sha1': '3ead290490b5a9b00416f73211018104bccc0d79', 'sha256': '5b899911d74e8332737c7a6d7af9a94c36a4b4a19e0766af06dfc905038fc97b'}, 'dob': {'date': '1991-06-19T23:52:34.236Z', 'age': 33}, 'registered': {'date': '2008-12-26T09:52:46.218Z', 'age': 15}, 'phone': '015242 95640', 'cell': '07793 014622', 'id': {'name': 'NINO', 'value': 'TR 78 22 18 X'}, 'picture': {'large': 'https://randomuser.me/api/portraits/men/19.jpg', 'medium': 'https://randomuser.me/api/portraits/med/men/19.jpg', 'thumbnail': 'https://randomuser.me/api/portraits/thumb/men/19.jpg'}, 'nat': 'GB'}</msg>
<arg>${json_data['results'][0]}</arg>
<doc>Logs the given message with the given level.</doc>
<status status="PASS" start="2024-07-15T16:18:42.362735" elapsed="0.000403"/>
</kw>
<kw name="Log" owner="BuiltIn">
<msg time="2024-07-15T16:18:42.363559" level="INFO">login</msg>
<arg>${key}</arg>
<doc>Logs the given message with the given level.</doc>
<status status="PASS" start="2024-07-15T16:18:42.363434" elapsed="0.000162"/>
</kw>
<var name="${key}">login</var>
<status status="PASS" start="2024-07-15T16:18:42.361994" elapsed="0.001815"/>
</iter>
<var>${key}</var>
<value>@{expected_keys}</value>
<status status="PASS" start="2024-07-15T16:18:42.353935" elapsed="0.009994"/>
</for>
<kw name="Create List" owner="BuiltIn">
<msg time="2024-07-15T16:18:42.364288" level="INFO">${expected_keysTwo} = ['username', 'password']</msg>
<var>${expected_keysTwo}</var>
<arg>username</arg>
<arg>password</arg>
<doc>Returns a list containing given items.</doc>
<status status="PASS" start="2024-07-15T16:18:42.364146" elapsed="0.000166"/>
</kw>
<for flavor="IN">
<iter>
<kw name="Dictionary Should Contain Key" owner="Collections">
<arg>${json_data['results'][0]['login']}</arg>
<arg>${keyTwo}</arg>
<doc>Fails if ``key`` is not found from ``dictionary``.</doc>
<status status="PASS" start="2024-07-15T16:18:42.364801" elapsed="0.000377"/>
</kw>
<kw name="Dictionary Should Contain Key" owner="Collections">
<arg>${json_data['results'][0]['login']}</arg>
<arg>${keyTwo}</arg>
<doc>Fails if ``key`` is not found from ``dictionary``.</doc>
<status status="PASS" start="2024-07-15T16:18:42.365357" elapsed="0.000371"/>
</kw>
<kw name="Log" owner="BuiltIn">
<msg time="2024-07-15T16:18:42.366027" level="INFO">username</msg>
<arg>${keyTwo}</arg>
<doc>Logs the given message with the given level.</doc>
<status status="PASS" start="2024-07-15T16:18:42.365908" elapsed="0.000156"/>
</kw>
<var name="${keyTwo}">username</var>
<status status="PASS" start="2024-07-15T16:18:42.364694" elapsed="0.001585"/>
</iter>
<iter>
<kw name="Dictionary Should Contain Key" owner="Collections">
<arg>${json_data['results'][0]['login']}</arg>
<arg>${keyTwo}</arg>
<doc>Fails if ``key`` is not found from ``dictionary``.</doc>
<status status="PASS" start="2024-07-15T16:18:42.366585" elapsed="0.000385"/>
</kw>
<kw name="Dictionary Should Contain Key" owner="Collections">
<arg>${json_data['results'][0]['login']}</arg>
<arg>${keyTwo}</arg>
<doc>Fails if ``key`` is not found from ``dictionary``.</doc>
<status status="PASS" start="2024-07-15T16:18:42.367150" elapsed="0.000370"/>
</kw>
<kw name="Log" owner="BuiltIn">
<msg time="2024-07-15T16:18:42.367821" level="INFO">password</msg>
<arg>${keyTwo}</arg>
<doc>Logs the given message with the given level.</doc>
<status status="PASS" start="2024-07-15T16:18:42.367705" elapsed="0.000157"/>
</kw>
<var name="${keyTwo}">password</var>
<status status="PASS" start="2024-07-15T16:18:42.366475" elapsed="0.001693"/>
</iter>
<var>${keyTwo}</var>
<value>@{expected_keysTwo}</value>
<status status="PASS" start="2024-07-15T16:18:42.364545" elapsed="0.003741"/>
</for>
<status status="PASS" start="2024-07-15T16:18:41.849939" elapsed="0.518484"/>
</kw>
<doc>Testa a estrutura da resposta da API.</doc>
<tag>testeEstruturaResposta</tag>
<status status="PASS" start="2024-07-15T16:18:41.849321" elapsed="0.519249"/>
</test>
<test id="s1-s1-t4" name="Validar tipos de dados" line="28">
<kw name="Teste de Tipos de Dados" owner="random-user-service">
<kw name="GET On Session" owner="RequestsLibrary">
<msg time="2024-07-15T16:18:42.801049" level="INFO">GET Request : url=https://randomuser.me/api 
 path_url=/api 
 headers={'User-Agent': 'python-requests/2.32.3', 'Accept-Encoding': 'gzip, deflate', 'Accept': '*/*', 'Connection': 'keep-alive'} 
 body=None 
 </msg>
<msg time="2024-07-15T16:18:42.801135" level="INFO">GET Response : url=https://randomuser.me/api 
 status=200, reason=OK 
 headers={'Date': 'Mon, 15 Jul 2024 16:18:42 GMT', 'Content-Type': 'application/json; charset=utf-8', 'Transfer-Encoding': 'chunked', 'Connection': 'keep-alive', 'X-Powered-By': 'Express', 'Access-Control-Allow-Origin': '*', 'Cache-Control': 'no-cache', 'ETag': 'W/"485-vq/XrO98z1Pt5sdpHIXB01nsXJ0"', 'Vary': 'Accept-Encoding', 'Content-Encoding': 'gzip', 'CF-Cache-Status': 'DYNAMIC', 'Report-To': '{"endpoints":[{"url":"https:\\/\\/a.nel.cloudflare.com\\/report\\/v4?s=EU7bzH9Who06sL3XkNH1G1eQZirvyj7hrUW9R3X4KeOg24JGA1F3Ws1WO0yOgSdOTD4aW%2FznYpV5MGxftdS8fHu6gJ2SaLZnyOmziVp6qi04KgmobeEAKwjZA0yyJUjI"}],"group":"cf-nel","max_age":604800}', 'NEL': '{"success_fraction":0,"report_to":"cf-nel","max_age":604800}', 'Server': 'cloudflare', 'CF-RAY': '8a3b11e6d8607faa-IAD', 'alt-svc': 'h3=":443"; ma=86400'} 
 body={"results":[{"gender":"female","name":{"title":"Mrs","first":"Martha","last":"Kommedal"},"location":{"street":{"number":5447,"name":"Enerhauggata"},"city":"Tjøtta","state":"Troms - Romsa","country":"Norway","postcode":"3832","coordinates":{"latitude":"43.6806","longitude":"16.7620"},"timezone":{"offset":"-1:00","description":"Azores, Cape Verde Islands"}},"email":"martha.kommedal@example.com","login":{"uuid":"a79682dd-ac80-4183-b106-371829e0641c","username":"happydog504","password":"2727","salt":"UIcfIm8f","md5":"54e3dfd95bc5ac6876848c4650f037c2","sha1":"7d6872369c9a24dc506fd4dc83f70c3eeb023bb2","sha256":"598671b8dd0247bfa93834fd9ab847c090af15563611afc7f5e8f3d65fd48264"},"dob":{"date":"1950-04-10T22:50:51.004Z","age":74},"registered":{"date":"2012-05-30T16:51:52.053Z","age":12},"phone":"68042186","cell":"40942638","id":{"name":"FN","value":"10045007656"},"picture":{"large":"https://randomuser.me/api/portraits/women/17.jpg","medium":"https://randomuser.me/api/portraits/med/women/17.jpg","thumbnail":"https://randomuser.me/api/portraits/thumb/women/17.jpg"},"nat":"NO"}],"info":{"seed":"63d59cde68e10c2b","results":1,"page":1,"version":"1.4"}} 
 </msg>
<msg time="2024-07-15T16:18:42.801207" level="INFO">/opt/hostedtoolcache/Python/3.12.4/x64/lib/python3.12/site-packages/urllib3/connectionpool.py:1099: InsecureRequestWarning: Unverified HTTPS request is being made to host 'randomuser.me'. Adding certificate verification is strongly advised. See: https://urllib3.readthedocs.io/en/latest/advanced-usage.html#tls-warnings
  warnings.warn(</msg>
<msg time="2024-07-15T16:18:42.801312" level="INFO">${response} = &lt;Response [200]&gt;</msg>
<var>${response}</var>
<arg>consultarAPI</arg>
<arg>/api</arg>
<doc>Sends a GET request on a previously created HTTP Session.</doc>
<status status="PASS" start="2024-07-15T16:18:42.371006" elapsed="0.430349"/>
</kw>
<kw name="Set Variable" owner="BuiltIn">
<msg time="2024-07-15T16:18:42.802211" level="INFO">${json_data} = {'results': [{'gender': 'female', 'name': {'title': 'Mrs', 'first': 'Martha', 'last': 'Kommedal'}, 'location': {'street': {'number': 5447, 'name': 'Enerhauggata'}, 'city': 'Tjøtta', 'state': 'Troms - ...</msg>
<var>${json_data}</var>
<arg>${response.json()}</arg>
<doc>Returns the given values which can then be assigned to a variables.</doc>
<status status="PASS" start="2024-07-15T16:18:42.801758" elapsed="0.000484"/>
</kw>
<kw name="Log" owner="BuiltIn">
<msg time="2024-07-15T16:18:42.802751" level="INFO">{'results': [{'gender': 'female', 'name': {'title': 'Mrs', 'first': 'Martha', 'last': 'Kommedal'}, 'location': {'street': {'number': 5447, 'name': 'Enerhauggata'}, 'city': 'Tjøtta', 'state': 'Troms - Romsa', 'country': 'Norway', 'postcode': '3832', 'coordinates': {'latitude': '43.6806', 'longitude': '16.7620'}, 'timezone': {'offset': '-1:00', 'description': 'Azores, Cape Verde Islands'}}, 'email': 'martha.kommedal@example.com', 'login': {'uuid': 'a79682dd-ac80-4183-b106-371829e0641c', 'username': 'happydog504', 'password': '2727', 'salt': 'UIcfIm8f', 'md5': '54e3dfd95bc5ac6876848c4650f037c2', 'sha1': '7d6872369c9a24dc506fd4dc83f70c3eeb023bb2', 'sha256': '598671b8dd0247bfa93834fd9ab847c090af15563611afc7f5e8f3d65fd48264'}, 'dob': {'date': '1950-04-10T22:50:51.004Z', 'age': 74}, 'registered': {'date': '2012-05-30T16:51:52.053Z', 'age': 12}, 'phone': '68042186', 'cell': '40942638', 'id': {'name': 'FN', 'value': '10045007656'}, 'picture': {'large': 'https://randomuser.me/api/portraits/women/17.jpg', 'medium': 'https://randomuser.me/api/portraits/med/women/17.jpg', 'thumbnail': 'https://randomuser.me/api/portraits/thumb/women/17.jpg'}, 'nat': 'NO'}], 'info': {'seed': '63d59cde68e10c2b', 'results': 1, 'page': 1, 'version': '1.4'}}</msg>
<arg>${json_data}</arg>
<doc>Logs the given message with the given level.</doc>
<status status="PASS" start="2024-07-15T16:18:42.802593" elapsed="0.000207"/>
</kw>
<kw name="Should Be String" owner="String">
<arg>${json_data['results'][0]['gender']}</arg>
<doc>Fails if the given ``item`` is not a string.</doc>
<status status="PASS" start="2024-07-15T16:18:42.803087" elapsed="0.000347"/>
</kw>
<kw name="Should Match Regexp" owner="BuiltIn">
<arg>${json_data['results'][0]['email']}</arg>
<arg>^[a-zA-Z0-9._%+-]+@[a-zA-Z0-9.-]+\.[a-zA-Z]{2,}$</arg>
<doc>Fails if ``string`` does not match ``pattern`` as a regular expression.</doc>
<status status="PASS" start="2024-07-15T16:18:42.803650" elapsed="0.000507"/>
</kw>
<kw name="Should Match Regexp" owner="BuiltIn">
<arg>${json_data['results'][0]['dob']['date']}</arg>
<arg>\\d{4}-\\d{2}-\\d{2}T\\d{2}:\\d{2}:\\d{2}\\.\\d{3}Z</arg>
<doc>Fails if ``string`` does not match ``pattern`` as a regular expression.</doc>
<status status="PASS" start="2024-07-15T16:18:42.804347" elapsed="0.000473"/>
</kw>
<kw name="Should Match Regexp" owner="BuiltIn">
<arg>${json_data['results'][0]['registered']['date']}</arg>
<arg>\\d{4}-\\d{2}-\\d{2}T\\d{2}:\\d{2}:\\d{2}\\.\\d{3}Z</arg>
<doc>Fails if ``string`` does not match ``pattern`` as a regular expression.</doc>
<status status="PASS" start="2024-07-15T16:18:42.805007" elapsed="0.000371"/>
</kw>
<kw name="Should Match Regexp" owner="BuiltIn">
<arg>${json_data['results'][0]['picture']['large']}</arg>
<arg>^https?://.*\.(?:png|jpe?g|gif|bmp)$</arg>
<doc>Fails if ``string`` does not match ``pattern`` as a regular expression.</doc>
<status status="PASS" start="2024-07-15T16:18:42.805559" elapsed="0.000450"/>
</kw>
<kw name="Should Match Regexp" owner="BuiltIn">
<arg>${json_data['results'][0]['picture']['medium']}</arg>
<arg>^https?://.*\.(?:png|jpe?g|gif|bmp)$</arg>
<doc>Fails if ``string`` does not match ``pattern`` as a regular expression.</doc>
<status status="PASS" start="2024-07-15T16:18:42.806192" elapsed="0.000377"/>
</kw>
<kw name="Should Match Regexp" owner="BuiltIn">
<arg>${json_data['results'][0]['picture']['thumbnail']}</arg>
<arg>^https?://.*\.(?:png|jpe?g|gif|bmp)$</arg>
<doc>Fails if ``string`` does not match ``pattern`` as a regular expression.</doc>
<status status="PASS" start="2024-07-15T16:18:42.806750" elapsed="0.000357"/>
</kw>
<kw name="Log" owner="BuiltIn">
<msg time="2024-07-15T16:18:42.807627" level="INFO">{'large': 'https://randomuser.me/api/portraits/women/17.jpg', 'medium': 'https://randomuser.me/api/portraits/med/women/17.jpg', 'thumbnail': 'https://randomuser.me/api/portraits/thumb/women/17.jpg'}</msg>
<arg>${json_data['results'][0]['picture']}</arg>
<doc>Logs the given message with the given level.</doc>
<status status="PASS" start="2024-07-15T16:18:42.807299" elapsed="0.000370"/>
</kw>
<status status="PASS" start="2024-07-15T16:18:42.370786" elapsed="0.437136"/>
</kw>
<kw name="Teste de Tipos de Dados - Postcode" owner="random-user-service">
<kw name="GET On Session" owner="RequestsLibrary">
<msg time="2024-07-15T16:18:43.302304" level="INFO">GET Request : url=https://randomuser.me/api 
 path_url=/api 
 headers={'User-Agent': 'python-requests/2.32.3', 'Accept-Encoding': 'gzip, deflate', 'Accept': '*/*', 'Connection': 'keep-alive'} 
 body=None 
 </msg>
<msg time="2024-07-15T16:18:43.302369" level="INFO">GET Response : url=https://randomuser.me/api 
 status=200, reason=OK 
 headers={'Date': 'Mon, 15 Jul 2024 16:18:43 GMT', 'Content-Type': 'application/json; charset=utf-8', 'Transfer-Encoding': 'chunked', 'Connection': 'keep-alive', 'X-Powered-By': 'Express', 'Access-Control-Allow-Origin': '*', 'Cache-Control': 'no-cache', 'ETag': 'W/"4af-ZPh875zY8qNf6RO78XWsyZXYpDY"', 'Vary': 'Accept-Encoding', 'Content-Encoding': 'gzip', 'CF-Cache-Status': 'DYNAMIC', 'Report-To': '{"endpoints":[{"url":"https:\\/\\/a.nel.cloudflare.com\\/report\\/v4?s=iBqDt9b4oyH%2BloJU9%2BVSZjwSadM%2BfAdhGjTmOMJ1Z2z26gMNzwI7%2Br55cIs%2BbGXh76ZdcIZsl8bA3zPP7xaWF4bT8xcl4I7qg6mB5XWI2PTxxzAH4Nf4uZNF26H5Mb2U"}],"group":"cf-nel","max_age":604800}', 'NEL': '{"success_fraction":0,"report_to":"cf-nel","max_age":604800}', 'Server': 'cloudflare', 'CF-RAY': '8a3b11e99bd17faa-IAD', 'alt-svc': 'h3=":443"; ma=86400'} 
 body={"results":[{"gender":"male","name":{"title":"Mr","first":"Ernesto","last":"Moya"},"location":{"street":{"number":2020,"name":"Calle de Arturo Soria"},"city":"Santiago de Compostela","state":"Comunidad de Madrid","country":"Spain","postcode":93278,"coordinates":{"latitude":"-31.7033","longitude":"-67.7685"},"timezone":{"offset":"+8:00","description":"Beijing, Perth, Singapore, Hong Kong"}},"email":"ernesto.moya@example.com","login":{"uuid":"59d36c7e-2a93-4817-bd01-0d70028b7d1a","username":"beautifulbutterfly119","password":"stephen1","salt":"kOMnFhCB","md5":"2eb98594b985b9fdd1180060602d6e75","sha1":"b29d0e442906b1461884a40f1027d325b6349e26","sha256":"d6eade0914da33f0943a26f0f836177fd79b4a047ae47552778130bf8f201cc3"},"dob":{"date":"1992-09-21T08:52:47.547Z","age":31},"registered":{"date":"2011-05-08T07:26:24.484Z","age":13},"phone":"901-574-806","cell":"675-992-801","id":{"name":"DNI","value":"25822011-V"},"picture":{"large":"https://randomuser.me/api/portraits/men/3.jpg","medium":"https://randomuser.me/api/portraits/med/men/3.jpg","thumbnail":"https://randomuser.me/api/portraits/thumb/men/3.jpg"},"nat":"ES"}],"info":{"seed":"73f0519f35fcdc0c","results":1,"page":1,"version":"1.4"}} 
 </msg>
<msg time="2024-07-15T16:18:43.302428" level="INFO">/opt/hostedtoolcache/Python/3.12.4/x64/lib/python3.12/site-packages/urllib3/connectionpool.py:1099: InsecureRequestWarning: Unverified HTTPS request is being made to host 'randomuser.me'. Adding certificate verification is strongly advised. See: https://urllib3.readthedocs.io/en/latest/advanced-usage.html#tls-warnings
  warnings.warn(</msg>
<msg time="2024-07-15T16:18:43.302566" level="INFO">${response} = &lt;Response [200]&gt;</msg>
<var>${response}</var>
<arg>consultarAPI</arg>
<arg>/api</arg>
<doc>Sends a GET request on a previously created HTTP Session.</doc>
<status status="PASS" start="2024-07-15T16:18:42.808340" elapsed="0.494267"/>
</kw>
<kw name="Set Variable" owner="BuiltIn">
<msg time="2024-07-15T16:18:43.303409" level="INFO">${json_data} = {'results': [{'gender': 'male', 'name': {'title': 'Mr', 'first': 'Ernesto', 'last': 'Moya'}, 'location': {'street': {'number': 2020, 'name': 'Calle de Arturo Soria'}, 'city': 'Santiago de Compostela',...</msg>
<var>${json_data}</var>
<arg>${response.json()}</arg>
<doc>Returns the given values which can then be assigned to a variables.</doc>
<status status="PASS" start="2024-07-15T16:18:43.302961" elapsed="0.000476"/>
</kw>
<kw name="Log" owner="BuiltIn">
<msg time="2024-07-15T16:18:43.303897" level="INFO">{'results': [{'gender': 'male', 'name': {'title': 'Mr', 'first': 'Ernesto', 'last': 'Moya'}, 'location': {'street': {'number': 2020, 'name': 'Calle de Arturo Soria'}, 'city': 'Santiago de Compostela', 'state': 'Comunidad de Madrid', 'country': 'Spain', 'postcode': 93278, 'coordinates': {'latitude': '-31.7033', 'longitude': '-67.7685'}, 'timezone': {'offset': '+8:00', 'description': 'Beijing, Perth, Singapore, Hong Kong'}}, 'email': 'ernesto.moya@example.com', 'login': {'uuid': '59d36c7e-2a93-4817-bd01-0d70028b7d1a', 'username': 'beautifulbutterfly119', 'password': 'stephen1', 'salt': 'kOMnFhCB', 'md5': '2eb98594b985b9fdd1180060602d6e75', 'sha1': 'b29d0e442906b1461884a40f1027d325b6349e26', 'sha256': 'd6eade0914da33f0943a26f0f836177fd79b4a047ae47552778130bf8f201cc3'}, 'dob': {'date': '1992-09-21T08:52:47.547Z', 'age': 31}, 'registered': {'date': '2011-05-08T07:26:24.484Z', 'age': 13}, 'phone': '901-574-806', 'cell': '675-992-801', 'id': {'name': 'DNI', 'value': '25822011-V'}, 'picture': {'large': 'https://randomuser.me/api/portraits/men/3.jpg', 'medium': 'https://randomuser.me/api/portraits/med/men/3.jpg', 'thumbnail': 'https://randomuser.me/api/portraits/thumb/men/3.jpg'}, 'nat': 'ES'}], 'info': {'seed': '73f0519f35fcdc0c', 'results': 1, 'page': 1, 'version': '1.4'}}</msg>
<arg>${json_data}</arg>
<doc>Logs the given message with the given level.</doc>
<status status="PASS" start="2024-07-15T16:18:43.303737" elapsed="0.000206"/>
</kw>
<kw name="Should Be Equal As Numbers" owner="BuiltIn">
<arg>${json_data['results'][0]['location']['postcode']}</arg>
<arg>${json_data['results'][0]['location']['postcode']}</arg>
<doc>Fails if objects are unequal after converting them to real numbers.</doc>
<status status="PASS" start="2024-07-15T16:18:43.304226" elapsed="0.000626"/>
</kw>
<kw name="Log" owner="BuiltIn">
<msg time="2024-07-15T16:18:43.305528" level="INFO">93278</msg>
<arg>${json_data['results'][0]['location']['postcode']}</arg>
<doc>Logs the given message with the given level.</doc>
<status status="PASS" start="2024-07-15T16:18:43.305070" elapsed="0.000499"/>
</kw>
<status status="PASS" start="2024-07-15T16:18:42.808127" elapsed="0.497701"/>
</kw>
<doc>Testa se os tipos de dados na resposta da API estão corretos.</doc>
<tag>testeTiposDados</tag>
<status status="PASS" start="2024-07-15T16:18:42.370303" elapsed="0.935683"/>
</test>
<test id="s1-s1-t5" name="Validar conteudo" line="35">
<kw name="Teste de Tipos de Conteudo" owner="random-user-service">
<kw name="GET On Session" owner="RequestsLibrary">
<msg time="2024-07-15T16:18:44.061378" level="INFO">GET Request : url=https://randomuser.me/api 
 path_url=/api 
 headers={'User-Agent': 'python-requests/2.32.3', 'Accept-Encoding': 'gzip, deflate', 'Accept': '*/*', 'Connection': 'keep-alive'} 
 body=None 
 </msg>
<msg time="2024-07-15T16:18:44.061465" level="INFO">GET Response : url=https://randomuser.me/api 
 status=200, reason=OK 
 headers={'Date': 'Mon, 15 Jul 2024 16:18:44 GMT', 'Content-Type': 'application/json; charset=utf-8', 'Transfer-Encoding': 'chunked', 'Connection': 'keep-alive', 'X-Powered-By': 'Express', 'Access-Control-Allow-Origin': '*', 'Cache-Control': 'no-cache', 'ETag': 'W/"486-J6TPpmrUtXSOCNYJrj9TXDfBxQo"', 'Vary': 'Accept-Encoding', 'Content-Encoding': 'gzip', 'CF-Cache-Status': 'DYNAMIC', 'Report-To': '{"endpoints":[{"url":"https:\\/\\/a.nel.cloudflare.com\\/report\\/v4?s=cFBcHcU7xMe92D8UA2uWi%2BIkLrM9uE9xRA302OEq%2BspaCAr%2FKr5PuXB%2BoDfHpY9%2FAsFn5ZQALYVROk6a5tVBuFwwN%2BkVZabig8PWrompe1H14jp8eykKHG4eCJ4U4LFi"}],"group":"cf-nel","max_age":604800}', 'NEL': '{"success_fraction":0,"report_to":"cf-nel","max_age":604800}', 'Server': 'cloudflare', 'CF-RAY': '8a3b11ecb8a97faa-IAD', 'alt-svc': 'h3=":443"; ma=86400'} 
 body={"results":[{"gender":"male","name":{"title":"Mr","first":"Harley","last":"Patel"},"location":{"street":{"number":3420,"name":"Ravensbourne Road"},"city":"Nelson","state":"Canterbury","country":"New Zealand","postcode":49663,"coordinates":{"latitude":"53.3861","longitude":"-169.8991"},"timezone":{"offset":"+4:00","description":"Abu Dhabi, Muscat, Baku, Tbilisi"}},"email":"harley.patel@example.com","login":{"uuid":"6995b827-cd91-43a9-9cfd-7d39e8bd1062","username":"whitesnake537","password":"shop","salt":"V2KhnPLJ","md5":"059b2682cbbf9d4f279b9822b89f7841","sha1":"0fa40716125aefa109e19f4cc7e66bc11980d222","sha256":"e804bb4497e606078f8b8aaca1271ca3d7284b57f97c9f249175629d6d457c1e"},"dob":{"date":"1994-04-09T07:13:21.133Z","age":30},"registered":{"date":"2006-02-12T02:18:06.755Z","age":18},"phone":"(956)-800-4190","cell":"(275)-556-4288","id":{"name":"","value":null},"picture":{"large":"https://randomuser.me/api/portraits/men/56.jpg","medium":"https://randomuser.me/api/portraits/med/men/56.jpg","thumbnail":"https://randomuser.me/api/portraits/thumb/men/56.jpg"},"nat":"NZ"}],"info":{"seed":"a2b25a2680a940be","results":1,"page":1,"version":"1.4"}} 
 </msg>
<msg time="2024-07-15T16:18:44.061543" level="INFO">/opt/hostedtoolcache/Python/3.12.4/x64/lib/python3.12/site-packages/urllib3/connectionpool.py:1099: InsecureRequestWarning: Unverified HTTPS request is being made to host 'randomuser.me'. Adding certificate verification is strongly advised. See: https://urllib3.readthedocs.io/en/latest/advanced-usage.html#tls-warnings
  warnings.warn(</msg>
<msg time="2024-07-15T16:18:44.061653" level="INFO">${response} = &lt;Response [200]&gt;</msg>
<var>${response}</var>
<arg>consultarAPI</arg>
<arg>/api</arg>
<doc>Sends a GET request on a previously created HTTP Session.</doc>
<status status="PASS" start="2024-07-15T16:18:43.308386" elapsed="0.753311"/>
</kw>
<kw name="Set Variable" owner="BuiltIn">
<msg time="2024-07-15T16:18:44.062662" level="INFO">${json_data} = {'results': [{'gender': 'male', 'name': {'title': 'Mr', 'first': 'Harley', 'last': 'Patel'}, 'location': {'street': {'number': 3420, 'name': 'Ravensbourne Road'}, 'city': 'Nelson', 'state': 'Canterbur...</msg>
<var>${json_data}</var>
<arg>${response.json()}</arg>
<doc>Returns the given values which can then be assigned to a variables.</doc>
<status status="PASS" start="2024-07-15T16:18:44.062167" elapsed="0.000524"/>
</kw>
<kw name="Set Variable" owner="BuiltIn">
<msg time="2024-07-15T16:18:44.063385" level="INFO">${name_title} = Mr</msg>
<var>${name_title}</var>
<arg>${json_data["results"][0]["name"]["title"]}</arg>
<doc>Returns the given values which can then be assigned to a variables.</doc>
<status status="PASS" start="2024-07-15T16:18:44.062998" elapsed="0.000414"/>
</kw>
<kw name="Create List" owner="BuiltIn">
<msg time="2024-07-15T16:18:44.063851" level="INFO">${allowed_titles} = ['Mr', 'Ms', 'Miss', 'Mrs', 'Madame', 'Monsieur']</msg>
<var>${allowed_titles}</var>
<arg>Mr</arg>
<arg>Ms</arg>
<arg>Miss</arg>
<arg>Mrs</arg>
<arg>Madame</arg>
<arg>Monsieur</arg>
<doc>Returns a list containing given items.</doc>
<status status="PASS" start="2024-07-15T16:18:44.063705" elapsed="0.000171"/>
</kw>
<kw name="List Should Contain Value" owner="Collections">
<arg>${allowed_titles}</arg>
<arg>${name_title}</arg>
<doc>Fails if the ``value`` is not found from ``list``.</doc>
<status status="PASS" start="2024-07-15T16:18:44.064174" elapsed="0.000177"/>
</kw>
<kw name="Set Variable" owner="BuiltIn">
<msg time="2024-07-15T16:18:44.064889" level="INFO">${name_country} = NZ</msg>
<var>${name_country}</var>
<arg>${json_data["results"][0]["nat"]}</arg>
<doc>Returns the given values which can then be assigned to a variables.</doc>
<status status="PASS" start="2024-07-15T16:18:44.064529" elapsed="0.000385"/>
</kw>
<kw name="Create List" owner="BuiltIn">
<msg time="2024-07-15T16:18:44.065792" level="INFO">${list_country} = ['AD', 'AE', 'AF', 'AG', 'AI', 'AL', 'AM', 'AO', 'AQ', 'AR', 'AS', 'AT', 'AU', 'AW', 'AX', 'AZ', 'BA', 'BB', 'BD', 'BE', 'BF', 'BG', 'BH', 'BI', 'BJ', 'BL', 'BM', 'BN', 'BO', 'BQ', 'BR', 'BS', 'BT', '...</msg>
<var>${list_country}</var>
<arg>AD</arg>
<arg>AE</arg>
<arg>AF</arg>
<arg>AG</arg>
<arg>AI</arg>
<arg>AL</arg>
<arg>AM</arg>
<arg>AO</arg>
<arg>AQ</arg>
<arg>AR</arg>
<arg>AS</arg>
<arg>AT</arg>
<arg>AU</arg>
<arg>AW</arg>
<arg>AX</arg>
<arg>AZ</arg>
<arg>BA</arg>
<arg>BB</arg>
<arg>BD</arg>
<arg>BE</arg>
<arg>BF</arg>
<arg>BG</arg>
<arg>BH</arg>
<arg>BI</arg>
<arg>BJ</arg>
<arg>BL</arg>
<arg>BM</arg>
<arg>BN</arg>
<arg>BO</arg>
<arg>BQ</arg>
<arg>BR</arg>
<arg>BS</arg>
<arg>BT</arg>
<arg>BV</arg>
<arg>BW</arg>
<arg>BY</arg>
<arg>BZ</arg>
<arg>CA</arg>
<arg>CC</arg>
<arg>CD</arg>
<arg>CF</arg>
<arg>CG</arg>
<arg>CH</arg>
<arg>CI</arg>
<arg>CK</arg>
<arg>CL</arg>
<arg>CM</arg>
<arg>CN</arg>
<arg>CO</arg>
<arg>CR</arg>
<arg>CU</arg>
<arg>CV</arg>
<arg>CW</arg>
<arg>CX</arg>
<arg>CY</arg>
<arg>CZ</arg>
<arg>DE</arg>
<arg>DJ</arg>
<arg>DK</arg>
<arg>DM</arg>
<arg>DO</arg>
<arg>DZ</arg>
<arg>EC</arg>
<arg>EE</arg>
<arg>EG</arg>
<arg>EH</arg>
<arg>ER</arg>
<arg>ES</arg>
<arg>ET</arg>
<arg>FI</arg>
<arg>FJ</arg>
<arg>FK</arg>
<arg>FM</arg>
<arg>FO</arg>
<arg>FR</arg>
<arg>GA</arg>
<arg>GB</arg>
<arg>GD</arg>
<arg>GE</arg>
<arg>GF</arg>
<arg>GG</arg>
<arg>GH</arg>
<arg>GI</arg>
<arg>GL</arg>
<arg>GM</arg>
<arg>GN</arg>
<arg>GP</arg>
<arg>GQ</arg>
<arg>GR</arg>
<arg>GS</arg>
<arg>GT</arg>
<arg>GU</arg>
<arg>GW</arg>
<arg>GY</arg>
<arg>HK</arg>
<arg>HM</arg>
<arg>HN</arg>
<arg>HR</arg>
<arg>HT</arg>
<arg>HU</arg>
<arg>ID</arg>
<arg>IE</arg>
<arg>IL</arg>
<arg>IM</arg>
<arg>IN</arg>
<arg>IO</arg>
<arg>IQ</arg>
<arg>IR</arg>
<arg>IS</arg>
<arg>IT</arg>
<arg>JE</arg>
<arg>JM</arg>
<arg>JO</arg>
<arg>JP</arg>
<arg>KE</arg>
<arg>KG</arg>
<arg>KH</arg>
<arg>KI</arg>
<arg>KM</arg>
<arg>KN</arg>
<arg>KP</arg>
<arg>KR</arg>
<arg>KW</arg>
<arg>KY</arg>
<arg>KZ</arg>
<arg>LA</arg>
<arg>LB</arg>
<arg>LC</arg>
<arg>LI</arg>
<arg>LK</arg>
<arg>LR</arg>
<arg>LS</arg>
<arg>LT</arg>
<arg>LU</arg>
<arg>LV</arg>
<arg>LY</arg>
<arg>MA</arg>
<arg>MC</arg>
<arg>MD</arg>
<arg>ME</arg>
<arg>MF</arg>
<arg>MG</arg>
<arg>MH</arg>
<arg>MK</arg>
<arg>ML</arg>
<arg>MM</arg>
<arg>MN</arg>
<arg>MO</arg>
<arg>MP</arg>
<arg>MQ</arg>
<arg>MR</arg>
<arg>MS</arg>
<arg>MT</arg>
<arg>MU</arg>
<arg>MV</arg>
<arg>MW</arg>
<arg>MX</arg>
<arg>MY</arg>
<arg>MZ</arg>
<arg>NA</arg>
<arg>NC</arg>
<arg>NE</arg>
<arg>NF</arg>
<arg>NG</arg>
<arg>NI</arg>
<arg>NL</arg>
<arg>NO</arg>
<arg>NP</arg>
<arg>NR</arg>
<arg>NU</arg>
<arg>NZ</arg>
<arg>OM</arg>
<arg>PA</arg>
<arg>PE</arg>
<arg>PF</arg>
<arg>PG</arg>
<arg>PH</arg>
<arg>PK</arg>
<arg>PL</arg>
<arg>PM</arg>
<arg>PN</arg>
<arg>PR</arg>
<arg>PS</arg>
<arg>PT</arg>
<arg>PW</arg>
<arg>PY</arg>
<arg>QA</arg>
<arg>RE</arg>
<arg>RO</arg>
<arg>RS</arg>
<arg>RU</arg>
<arg>RW</arg>
<arg>SA</arg>
<arg>SB</arg>
<arg>SC</arg>
<arg>SD</arg>
<arg>SE</arg>
<arg>SG</arg>
<arg>SH</arg>
<arg>SI</arg>
<arg>SJ</arg>
<arg>SK</arg>
<arg>SL</arg>
<arg>SM</arg>
<arg>SN</arg>
<arg>SO</arg>
<arg>SR</arg>
<arg>SS</arg>
<arg>ST</arg>
<arg>SV</arg>
<arg>SX</arg>
<arg>SY</arg>
<arg>SZ</arg>
<arg>TC</arg>
<arg>TD</arg>
<arg>TF</arg>
<arg>TG</arg>
<arg>TH</arg>
<arg>TJ</arg>
<arg>TK</arg>
<arg>TL</arg>
<arg>TM</arg>
<arg>TN</arg>
<arg>TO</arg>
<arg>TR</arg>
<arg>TT</arg>
<arg>TV</arg>
<arg>TW</arg>
<arg>TZ</arg>
<arg>UA</arg>
<arg>UG</arg>
<arg>UM</arg>
<arg>US</arg>
<arg>UY</arg>
<arg>UZ</arg>
<arg>VA</arg>
<arg>VC</arg>
<arg>VE</arg>
<arg>VG</arg>
<arg>VI</arg>
<arg>VN</arg>
<arg>VU</arg>
<arg>WF</arg>
<arg>WS</arg>
<arg>XK</arg>
<arg>YE</arg>
<arg>YT</arg>
<arg>ZA</arg>
<arg>ZM</arg>
<arg>ZW</arg>
<doc>Returns a list containing given items.</doc>
<status status="PASS" start="2024-07-15T16:18:44.065202" elapsed="0.000616"/>
</kw>
<kw name="List Should Contain Value" owner="Collections">
<arg>${list_country}</arg>
<arg>${name_country}</arg>
<doc>Fails if the ``value`` is not found from ``list``.</doc>
<status status="PASS" start="2024-07-15T16:18:44.066633" elapsed="0.000203"/>
</kw>
<kw name="Run Keyword If" owner="BuiltIn">
<kw name="Should Be True" owner="BuiltIn">
<arg>${True}</arg>
<doc>Fails if the given condition is not true.</doc>
<status status="PASS" start="2024-07-15T16:18:44.067765" elapsed="0.000141"/>
</kw>
<arg>${json_data["results"][0]["location"]["coordinates"]["latitude"]} &gt;= -90 and ${json_data["results"][0]["location"]["coordinates"]["latitude"]} &lt;= 90</arg>
<arg>Should Be True</arg>
<arg>${True}</arg>
<doc>Runs the given keyword with the given arguments, if ``condition`` is true.</doc>
<status status="PASS" start="2024-07-15T16:18:44.067032" elapsed="0.001015"/>
</kw>
<kw name="Run Keyword If" owner="BuiltIn">
<kw name="Should Be True" owner="BuiltIn">
<arg>${True}</arg>
<doc>Fails if the given condition is not true.</doc>
<status status="PASS" start="2024-07-15T16:18:44.068916" elapsed="0.000230"/>
</kw>
<arg>${json_data["results"][0]["location"]["coordinates"]["longitude"]} &gt;= -180 and ${json_data["results"][0]["location"]["coordinates"]["longitude"]} &lt;= 180</arg>
<arg>Should Be True</arg>
<arg>${True}</arg>
<doc>Runs the given keyword with the given arguments, if ``condition`` is true.</doc>
<status status="PASS" start="2024-07-15T16:18:44.068226" elapsed="0.001050"/>
</kw>
<status status="PASS" start="2024-07-15T16:18:43.308172" elapsed="0.761236"/>
</kw>
<doc>Testa o conteúdo específico dos campos retornados pela API.</doc>
<tag>testeConteudo</tag>
<status status="PASS" start="2024-07-15T16:18:43.307744" elapsed="0.761808"/>
</test>
<status status="PASS" start="2024-07-15T16:18:40.633324" elapsed="3.438206"/>
</suite>
<status status="PASS" start="2024-07-15T16:18:40.619239" elapsed="3.457202"/>
</suite>
<statistics>
<total>
<stat pass="5" fail="0" skip="0">All Tests</stat>
</total>
<tag>
<stat pass="1" fail="0" skip="0">testeConteudo</stat>
<stat pass="1" fail="0" skip="0">testeEstruturaResposta</stat>
<stat pass="1" fail="0" skip="0">testeRequisicaoBasica</stat>
<stat pass="1" fail="0" skip="0">testeTiposDados</stat>
</tag>
<suite>
<stat pass="5" fail="0" skip="0" id="s1" name="Tests">Tests</stat>
<stat pass="5" fail="0" skip="0" id="s1-s1" name="Random-User-Test">Tests.Random-User-Test</stat>
</suite>
</statistics>
<errors>
</errors>
</robot>
