<?xml version="1.0" encoding="UTF-8"?>
<robot generator="Robot 7.0.1 (Python 3.12.4 on linux)" generated="2024-07-06T01:04:42.018859" rpa="false" schemaversion="5">
<suite id="s1" name="Tests" source="/home/runner/work/ApiRandomUser/ApiRandomUser/RamdonUser/tests">
<suite id="s1-s1" name="Random-User-Test" source="/home/runner/work/ApiRandomUser/ApiRandomUser/RamdonUser/tests/random-user-test.robot">
<test id="s1-s1-t1" name="Conectar" line="13">
<kw name="Conectar API" owner="random-user-service">
<kw name="Create Session" owner="RequestsLibrary">
<msg time="2024-07-06T01:04:42.439314" level="INFO">Creating Session using : alias=consultarAPI, url=https://randomuser.me/, headers={},                     cookies={}, auth=None, timeout=None, proxies=None, verify=False,                     debug=0 </msg>
<arg>consultarAPI</arg>
<arg>${URL}</arg>
<doc>Create Session: create a HTTP session to a server</doc>
<status status="PASS" start="2024-07-06T01:04:42.439106" elapsed="0.000440"/>
</kw>
<status status="PASS" start="2024-07-06T01:04:42.438120" elapsed="0.001794"/>
</kw>
<status status="PASS" start="2024-07-06T01:04:42.437541" elapsed="0.002567"/>
</test>
<test id="s1-s1-t2" name="Validar retorno 200 e JSON Válido" line="16">
<kw name="Teste de Requisicao Basica" owner="random-user-service">
<kw name="GET On Session" owner="RequestsLibrary">
<msg time="2024-07-06T01:04:42.663547" level="INFO">GET Request : url=https://randomuser.me/api 
 path_url=/api 
 headers={'User-Agent': 'python-requests/2.32.3', 'Accept-Encoding': 'gzip, deflate', 'Accept': '*/*', 'Connection': 'keep-alive'} 
 body=None 
 </msg>
<msg time="2024-07-06T01:04:42.663717" level="INFO">GET Response : url=https://randomuser.me/api 
 status=200, reason=OK 
 headers={'Date': 'Sat, 06 Jul 2024 01:04:42 GMT', 'Content-Type': 'application/json; charset=utf-8', 'Transfer-Encoding': 'chunked', 'Connection': 'keep-alive', 'X-Powered-By': 'Express', 'Access-Control-Allow-Origin': '*', 'Cache-Control': 'no-cache', 'ETag': 'W/"4a7-6cAg0v2ElxjBnPxrg2+Fzdswio0"', 'Vary': 'Accept-Encoding', 'Content-Encoding': 'gzip', 'CF-Cache-Status': 'DYNAMIC', 'Report-To': '{"endpoints":[{"url":"https:\\/\\/a.nel.cloudflare.com\\/report\\/v4?s=rvoGOK7ZaRsP%2Fj331OJUQxES%2BUYildb1sfZBqoNQdKvgDzcEx3W%2FATu8qVVivz8WcGJdpbdNNB%2Bj16bbUWHOGDPxwrxEZzR6c5M4TcNdSurgVC9%2BxMO9FjcTiJ7n0ozP"}],"group":"cf-nel","max_age":604800}', 'NEL': '{"success_fraction":0,"report_to":"cf-nel","max_age":604800}', 'Server': 'cloudflare', 'CF-RAY': '89ebaeaa6d2858d2-IAD', 'alt-svc': 'h3=":443"; ma=86400'} 
 body={"results":[{"gender":"male","name":{"title":"Mr","first":"Dragojlo","last":"RatkovićRistić"},"location":{"street":{"number":7118,"name":"Porodice Ristić"},"city":"Prijepolje","state":"South Banat","country":"Serbia","postcode":55529,"coordinates":{"latitude":"59.2513","longitude":"-70.5304"},"timezone":{"offset":"+9:00","description":"Tokyo, Seoul, Osaka, Sapporo, Yakutsk"}},"email":"dragojlo.ratkovicristic@example.com","login":{"uuid":"39ebbac8-0238-4469-ba25-54f9be127ba9","username":"blackgoose411","password":"nnnnn","salt":"bklFqALQ","md5":"3f682529db182dacc7f03a6f69d27256","sha1":"8031f9bf600080a715ff8a0331867cc9b701e0f0","sha256":"62476102718933dbad881f9385b4d45d7f07ca4b28c76792201a3664f8952c47"},"dob":{"date":"1961-09-01T22:51:56.361Z","age":62},"registered":{"date":"2021-06-17T07:42:39.314Z","age":3},"phone":"039-1147-656","cell":"067-2700-325","id":{"name":"SID","value":"928641908"},"picture":{"large":"https://randomuser.me/api/portraits/men/61.jpg","medium":"https://randomuser.me/api/portraits/med/men/61.jpg","thumbnail":"https://randomuser.me/api/portraits/thumb/men/61.jpg"},"nat":"RS"}],"info":{"seed":"842d7b3f1ad17488","results":1,"page":1,"version":"1.4"}} 
 </msg>
<msg time="2024-07-06T01:04:42.663823" level="INFO">/opt/hostedtoolcache/Python/3.12.4/x64/lib/python3.12/site-packages/urllib3/connectionpool.py:1099: InsecureRequestWarning: Unverified HTTPS request is being made to host 'randomuser.me'. Adding certificate verification is strongly advised. See: https://urllib3.readthedocs.io/en/latest/advanced-usage.html#tls-warnings
  warnings.warn(</msg>
<msg time="2024-07-06T01:04:42.663964" level="INFO">${response} = &lt;Response [200]&gt;</msg>
<var>${response}</var>
<arg>consultarAPI</arg>
<arg>/api</arg>
<doc>Sends a GET request on a previously created HTTP Session.</doc>
<status status="PASS" start="2024-07-06T01:04:42.442716" elapsed="0.221291"/>
</kw>
<kw name="Should Be Equal As Numbers" owner="BuiltIn">
<msg time="2024-07-06T01:04:42.665190" level="INFO">Argument types are:
&lt;class 'int'&gt;
&lt;class 'str'&gt;</msg>
<arg>${response.status_code}</arg>
<arg>200</arg>
<doc>Fails if objects are unequal after converting them to real numbers.</doc>
<status status="PASS" start="2024-07-06T01:04:42.664663" elapsed="0.000593"/>
</kw>
<kw name="Log" owner="BuiltIn">
<msg time="2024-07-06T01:04:42.665943" level="INFO">200</msg>
<arg>${response.status_code}</arg>
<doc>Logs the given message with the given level.</doc>
<status status="PASS" start="2024-07-06T01:04:42.665575" elapsed="0.000411"/>
</kw>
<kw name="Set Variable" owner="BuiltIn">
<msg time="2024-07-06T01:04:42.666768" level="INFO">${json_data} = {'results': [{'gender': 'male', 'name': {'title': 'Mr', 'first': 'Dragojlo', 'last': 'RatkovićRistić'}, 'location': {'street': {'number': 7118, 'name': 'Porodice Ristić'}, 'city': 'Prijepolje', 'state...</msg>
<var>${json_data}</var>
<arg>${response.json()}</arg>
<doc>Returns the given values which can then be assigned to a variables.</doc>
<status status="PASS" start="2024-07-06T01:04:42.666317" elapsed="0.000482"/>
</kw>
<kw name="Dictionary Should Contain Key" owner="Collections">
<arg>${json_data}</arg>
<arg>results</arg>
<doc>Fails if ``key`` is not found from ``dictionary``.</doc>
<status status="PASS" start="2024-07-06T01:04:42.667112" elapsed="0.000164"/>
</kw>
<status status="PASS" start="2024-07-06T01:04:42.442464" elapsed="0.224963"/>
</kw>
<doc>Testa se a API responde corretamente e retorna um objeto JSON válido.</doc>
<tag>testeRequisicaoBasica</tag>
<status status="PASS" start="2024-07-06T01:04:42.442005" elapsed="0.225628"/>
</test>
<test id="s1-s1-t3" name="Validar estrutura de resposta" line="22">
<kw name="Teste de Estrutura de Resposta" owner="random-user-service">
<kw name="GET On Session" owner="RequestsLibrary">
<msg time="2024-07-06T01:04:42.764344" level="INFO">GET Request : url=https://randomuser.me/api 
 path_url=/api 
 headers={'User-Agent': 'python-requests/2.32.3', 'Accept-Encoding': 'gzip, deflate', 'Accept': '*/*', 'Connection': 'keep-alive'} 
 body=None 
 </msg>
<msg time="2024-07-06T01:04:42.764426" level="INFO">GET Response : url=https://randomuser.me/api 
 status=200, reason=OK 
 headers={'Date': 'Sat, 06 Jul 2024 01:04:42 GMT', 'Content-Type': 'application/json; charset=utf-8', 'Transfer-Encoding': 'chunked', 'Connection': 'keep-alive', 'X-Powered-By': 'Express', 'Access-Control-Allow-Origin': '*', 'Cache-Control': 'no-cache', 'ETag': 'W/"475-+48PUnzlR+hzqRzy+uJSfGR20JQ"', 'Vary': 'Accept-Encoding', 'Content-Encoding': 'gzip', 'CF-Cache-Status': 'DYNAMIC', 'Report-To': '{"endpoints":[{"url":"https:\\/\\/a.nel.cloudflare.com\\/report\\/v4?s=y%2FaDLUACbXaIt%2BCBB8WF8WHUfI93EoYnuUwC05BCNqeySqG7VwXk5NKyerYAB76UWTGiwgJH31FiYngzMuoqzcS3ImuyhEuMLL6%2FLWj3y%2FD4MHvk14XCo0uQPNniO7Oa"}],"group":"cf-nel","max_age":604800}', 'NEL': '{"success_fraction":0,"report_to":"cf-nel","max_age":604800}', 'Server': 'cloudflare', 'CF-RAY': '89ebaeaabd5158d2-IAD', 'alt-svc': 'h3=":443"; ma=86400'} 
 body={"results":[{"gender":"male","name":{"title":"Mr","first":"Greg","last":"Reed"},"location":{"street":{"number":8488,"name":"Homestead Rd"},"city":"Chattanooga","state":"Maryland","country":"United States","postcode":83319,"coordinates":{"latitude":"83.9312","longitude":"-140.0668"},"timezone":{"offset":"-10:00","description":"Hawaii"}},"email":"greg.reed@example.com","login":{"uuid":"6b1d626d-25d8-46f2-aa2f-8dfd1cc11c5b","username":"bluezebra567","password":"natalie1","salt":"iu2Ix0iy","md5":"7a7157fa28a63f63f4749e245dedfc50","sha1":"bc739a7ff6d3c1321047a67419adc75a9c8168e5","sha256":"86c7404c3d245dd67f3ef4cfad10358871b35e0ef14c905dcead7ee920271e74"},"dob":{"date":"1992-12-13T18:16:23.450Z","age":31},"registered":{"date":"2021-03-03T09:55:33.769Z","age":3},"phone":"(278) 217-3749","cell":"(200) 554-5228","id":{"name":"SSN","value":"604-94-6533"},"picture":{"large":"https://randomuser.me/api/portraits/men/81.jpg","medium":"https://randomuser.me/api/portraits/med/men/81.jpg","thumbnail":"https://randomuser.me/api/portraits/thumb/men/81.jpg"},"nat":"US"}],"info":{"seed":"52bd09967acc0afb","results":1,"page":1,"version":"1.4"}} 
 </msg>
<msg time="2024-07-06T01:04:42.764538" level="INFO">/opt/hostedtoolcache/Python/3.12.4/x64/lib/python3.12/site-packages/urllib3/connectionpool.py:1099: InsecureRequestWarning: Unverified HTTPS request is being made to host 'randomuser.me'. Adding certificate verification is strongly advised. See: https://urllib3.readthedocs.io/en/latest/advanced-usage.html#tls-warnings
  warnings.warn(</msg>
<msg time="2024-07-06T01:04:42.764655" level="INFO">${response} = &lt;Response [200]&gt;</msg>
<var>${response}</var>
<arg>consultarAPI</arg>
<arg>/api</arg>
<doc>Sends a GET request on a previously created HTTP Session.</doc>
<status status="PASS" start="2024-07-06T01:04:42.670320" elapsed="0.094375"/>
</kw>
<kw name="Set Variable" owner="BuiltIn">
<msg time="2024-07-06T01:04:42.765743" level="INFO">${json_data} = {'results': [{'gender': 'male', 'name': {'title': 'Mr', 'first': 'Greg', 'last': 'Reed'}, 'location': {'street': {'number': 8488, 'name': 'Homestead Rd'}, 'city': 'Chattanooga', 'state': 'Maryland', '...</msg>
<var>${json_data}</var>
<arg>${response.json()}</arg>
<doc>Returns the given values which can then be assigned to a variables.</doc>
<status status="PASS" start="2024-07-06T01:04:42.765202" elapsed="0.000569"/>
</kw>
<kw name="Log" owner="BuiltIn">
<msg time="2024-07-06T01:04:42.766234" level="INFO">{'results': [{'gender': 'male', 'name': {'title': 'Mr', 'first': 'Greg', 'last': 'Reed'}, 'location': {'street': {'number': 8488, 'name': 'Homestead Rd'}, 'city': 'Chattanooga', 'state': 'Maryland', 'country': 'United States', 'postcode': 83319, 'coordinates': {'latitude': '83.9312', 'longitude': '-140.0668'}, 'timezone': {'offset': '-10:00', 'description': 'Hawaii'}}, 'email': 'greg.reed@example.com', 'login': {'uuid': '6b1d626d-25d8-46f2-aa2f-8dfd1cc11c5b', 'username': 'bluezebra567', 'password': 'natalie1', 'salt': 'iu2Ix0iy', 'md5': '7a7157fa28a63f63f4749e245dedfc50', 'sha1': 'bc739a7ff6d3c1321047a67419adc75a9c8168e5', 'sha256': '86c7404c3d245dd67f3ef4cfad10358871b35e0ef14c905dcead7ee920271e74'}, 'dob': {'date': '1992-12-13T18:16:23.450Z', 'age': 31}, 'registered': {'date': '2021-03-03T09:55:33.769Z', 'age': 3}, 'phone': '(278) 217-3749', 'cell': '(200) 554-5228', 'id': {'name': 'SSN', 'value': '604-94-6533'}, 'picture': {'large': 'https://randomuser.me/api/portraits/men/81.jpg', 'medium': 'https://randomuser.me/api/portraits/med/men/81.jpg', 'thumbnail': 'https://randomuser.me/api/portraits/thumb/men/81.jpg'}, 'nat': 'US'}], 'info': {'seed': '52bd09967acc0afb', 'results': 1, 'page': 1, 'version': '1.4'}}</msg>
<arg>${json_data}</arg>
<doc>Logs the given message with the given level.</doc>
<status status="PASS" start="2024-07-06T01:04:42.766077" elapsed="0.000207"/>
</kw>
<kw name="Dictionary Should Contain Key" owner="Collections">
<arg>${json_data}</arg>
<arg>results</arg>
<doc>Fails if ``key`` is not found from ``dictionary``.</doc>
<status status="PASS" start="2024-07-06T01:04:42.766568" elapsed="0.000155"/>
</kw>
<kw name="Should Not Be Empty" owner="BuiltIn">
<msg time="2024-07-06T01:04:42.767031" level="INFO">Length is 2.</msg>
<arg>${json_data}</arg>
<doc>Verifies that the given item is not empty.</doc>
<status status="PASS" start="2024-07-06T01:04:42.766901" elapsed="0.000175"/>
</kw>
<kw name="Create List" owner="BuiltIn">
<msg time="2024-07-06T01:04:42.767691" level="INFO">${expected_keys} = ['gender', 'name', 'location', 'email', 'login']</msg>
<var>${expected_keys}</var>
<arg>gender</arg>
<arg>name</arg>
<arg>location</arg>
<arg>email</arg>
<arg>login</arg>
<doc>Returns a list containing given items.</doc>
<status status="PASS" start="2024-07-06T01:04:42.767366" elapsed="0.000351"/>
</kw>
<for flavor="IN">
<iter>
<kw name="Dictionary Should Contain Key" owner="Collections">
<arg>${json_data['results'][0]}</arg>
<arg>${key}</arg>
<doc>Fails if ``key`` is not found from ``dictionary``.</doc>
<status status="PASS" start="2024-07-06T01:04:42.768292" elapsed="0.000397"/>
</kw>
<kw name="Log" owner="BuiltIn">
<msg time="2024-07-06T01:04:42.769228" level="INFO">{'gender': 'male', 'name': {'title': 'Mr', 'first': 'Greg', 'last': 'Reed'}, 'location': {'street': {'number': 8488, 'name': 'Homestead Rd'}, 'city': 'Chattanooga', 'state': 'Maryland', 'country': 'United States', 'postcode': 83319, 'coordinates': {'latitude': '83.9312', 'longitude': '-140.0668'}, 'timezone': {'offset': '-10:00', 'description': 'Hawaii'}}, 'email': 'greg.reed@example.com', 'login': {'uuid': '6b1d626d-25d8-46f2-aa2f-8dfd1cc11c5b', 'username': 'bluezebra567', 'password': 'natalie1', 'salt': 'iu2Ix0iy', 'md5': '7a7157fa28a63f63f4749e245dedfc50', 'sha1': 'bc739a7ff6d3c1321047a67419adc75a9c8168e5', 'sha256': '86c7404c3d245dd67f3ef4cfad10358871b35e0ef14c905dcead7ee920271e74'}, 'dob': {'date': '1992-12-13T18:16:23.450Z', 'age': 31}, 'registered': {'date': '2021-03-03T09:55:33.769Z', 'age': 3}, 'phone': '(278) 217-3749', 'cell': '(200) 554-5228', 'id': {'name': 'SSN', 'value': '604-94-6533'}, 'picture': {'large': 'https://randomuser.me/api/portraits/men/81.jpg', 'medium': 'https://randomuser.me/api/portraits/med/men/81.jpg', 'thumbnail': 'https://randomuser.me/api/portraits/thumb/men/81.jpg'}, 'nat': 'US'}</msg>
<arg>${json_data['results'][0]}</arg>
<doc>Logs the given message with the given level.</doc>
<status status="PASS" start="2024-07-06T01:04:42.768872" elapsed="0.000406"/>
</kw>
<kw name="Log" owner="BuiltIn">
<msg time="2024-07-06T01:04:42.769691" level="INFO">gender</msg>
<arg>${key}</arg>
<doc>Logs the given message with the given level.</doc>
<status status="PASS" start="2024-07-06T01:04:42.769565" elapsed="0.000164"/>
</kw>
<var name="${key}">gender</var>
<status status="PASS" start="2024-07-06T01:04:42.768172" elapsed="0.001769"/>
</iter>
<iter>
<kw name="Dictionary Should Contain Key" owner="Collections">
<arg>${json_data['results'][0]}</arg>
<arg>${key}</arg>
<doc>Fails if ``key`` is not found from ``dictionary``.</doc>
<status status="PASS" start="2024-07-06T01:04:42.770235" elapsed="0.000381"/>
</kw>
<kw name="Log" owner="BuiltIn">
<msg time="2024-07-06T01:04:42.771134" level="INFO">{'gender': 'male', 'name': {'title': 'Mr', 'first': 'Greg', 'last': 'Reed'}, 'location': {'street': {'number': 8488, 'name': 'Homestead Rd'}, 'city': 'Chattanooga', 'state': 'Maryland', 'country': 'United States', 'postcode': 83319, 'coordinates': {'latitude': '83.9312', 'longitude': '-140.0668'}, 'timezone': {'offset': '-10:00', 'description': 'Hawaii'}}, 'email': 'greg.reed@example.com', 'login': {'uuid': '6b1d626d-25d8-46f2-aa2f-8dfd1cc11c5b', 'username': 'bluezebra567', 'password': 'natalie1', 'salt': 'iu2Ix0iy', 'md5': '7a7157fa28a63f63f4749e245dedfc50', 'sha1': 'bc739a7ff6d3c1321047a67419adc75a9c8168e5', 'sha256': '86c7404c3d245dd67f3ef4cfad10358871b35e0ef14c905dcead7ee920271e74'}, 'dob': {'date': '1992-12-13T18:16:23.450Z', 'age': 31}, 'registered': {'date': '2021-03-03T09:55:33.769Z', 'age': 3}, 'phone': '(278) 217-3749', 'cell': '(200) 554-5228', 'id': {'name': 'SSN', 'value': '604-94-6533'}, 'picture': {'large': 'https://randomuser.me/api/portraits/men/81.jpg', 'medium': 'https://randomuser.me/api/portraits/med/men/81.jpg', 'thumbnail': 'https://randomuser.me/api/portraits/thumb/men/81.jpg'}, 'nat': 'US'}</msg>
<arg>${json_data['results'][0]}</arg>
<doc>Logs the given message with the given level.</doc>
<status status="PASS" start="2024-07-06T01:04:42.770793" elapsed="0.000420"/>
</kw>
<kw name="Log" owner="BuiltIn">
<msg time="2024-07-06T01:04:42.771658" level="INFO">name</msg>
<arg>${key}</arg>
<doc>Logs the given message with the given level.</doc>
<status status="PASS" start="2024-07-06T01:04:42.771529" elapsed="0.000166"/>
</kw>
<var name="${key}">name</var>
<status status="PASS" start="2024-07-06T01:04:42.770121" elapsed="0.001790"/>
</iter>
<iter>
<kw name="Dictionary Should Contain Key" owner="Collections">
<arg>${json_data['results'][0]}</arg>
<arg>${key}</arg>
<doc>Fails if ``key`` is not found from ``dictionary``.</doc>
<status status="PASS" start="2024-07-06T01:04:42.772193" elapsed="0.000374"/>
</kw>
<kw name="Log" owner="BuiltIn">
<msg time="2024-07-06T01:04:42.773086" level="INFO">{'gender': 'male', 'name': {'title': 'Mr', 'first': 'Greg', 'last': 'Reed'}, 'location': {'street': {'number': 8488, 'name': 'Homestead Rd'}, 'city': 'Chattanooga', 'state': 'Maryland', 'country': 'United States', 'postcode': 83319, 'coordinates': {'latitude': '83.9312', 'longitude': '-140.0668'}, 'timezone': {'offset': '-10:00', 'description': 'Hawaii'}}, 'email': 'greg.reed@example.com', 'login': {'uuid': '6b1d626d-25d8-46f2-aa2f-8dfd1cc11c5b', 'username': 'bluezebra567', 'password': 'natalie1', 'salt': 'iu2Ix0iy', 'md5': '7a7157fa28a63f63f4749e245dedfc50', 'sha1': 'bc739a7ff6d3c1321047a67419adc75a9c8168e5', 'sha256': '86c7404c3d245dd67f3ef4cfad10358871b35e0ef14c905dcead7ee920271e74'}, 'dob': {'date': '1992-12-13T18:16:23.450Z', 'age': 31}, 'registered': {'date': '2021-03-03T09:55:33.769Z', 'age': 3}, 'phone': '(278) 217-3749', 'cell': '(200) 554-5228', 'id': {'name': 'SSN', 'value': '604-94-6533'}, 'picture': {'large': 'https://randomuser.me/api/portraits/men/81.jpg', 'medium': 'https://randomuser.me/api/portraits/med/men/81.jpg', 'thumbnail': 'https://randomuser.me/api/portraits/thumb/men/81.jpg'}, 'nat': 'US'}</msg>
<arg>${json_data['results'][0]}</arg>
<doc>Logs the given message with the given level.</doc>
<status status="PASS" start="2024-07-06T01:04:42.772745" elapsed="0.000389"/>
</kw>
<kw name="Log" owner="BuiltIn">
<msg time="2024-07-06T01:04:42.773549" level="INFO">location</msg>
<arg>${key}</arg>
<doc>Logs the given message with the given level.</doc>
<status status="PASS" start="2024-07-06T01:04:42.773425" elapsed="0.000161"/>
</kw>
<var name="${key}">location</var>
<status status="PASS" start="2024-07-06T01:04:42.772086" elapsed="0.001717"/>
</iter>
<iter>
<kw name="Dictionary Should Contain Key" owner="Collections">
<arg>${json_data['results'][0]}</arg>
<arg>${key}</arg>
<doc>Fails if ``key`` is not found from ``dictionary``.</doc>
<status status="PASS" start="2024-07-06T01:04:42.774079" elapsed="0.000383"/>
</kw>
<kw name="Log" owner="BuiltIn">
<msg time="2024-07-06T01:04:42.774990" level="INFO">{'gender': 'male', 'name': {'title': 'Mr', 'first': 'Greg', 'last': 'Reed'}, 'location': {'street': {'number': 8488, 'name': 'Homestead Rd'}, 'city': 'Chattanooga', 'state': 'Maryland', 'country': 'United States', 'postcode': 83319, 'coordinates': {'latitude': '83.9312', 'longitude': '-140.0668'}, 'timezone': {'offset': '-10:00', 'description': 'Hawaii'}}, 'email': 'greg.reed@example.com', 'login': {'uuid': '6b1d626d-25d8-46f2-aa2f-8dfd1cc11c5b', 'username': 'bluezebra567', 'password': 'natalie1', 'salt': 'iu2Ix0iy', 'md5': '7a7157fa28a63f63f4749e245dedfc50', 'sha1': 'bc739a7ff6d3c1321047a67419adc75a9c8168e5', 'sha256': '86c7404c3d245dd67f3ef4cfad10358871b35e0ef14c905dcead7ee920271e74'}, 'dob': {'date': '1992-12-13T18:16:23.450Z', 'age': 31}, 'registered': {'date': '2021-03-03T09:55:33.769Z', 'age': 3}, 'phone': '(278) 217-3749', 'cell': '(200) 554-5228', 'id': {'name': 'SSN', 'value': '604-94-6533'}, 'picture': {'large': 'https://randomuser.me/api/portraits/men/81.jpg', 'medium': 'https://randomuser.me/api/portraits/med/men/81.jpg', 'thumbnail': 'https://randomuser.me/api/portraits/thumb/men/81.jpg'}, 'nat': 'US'}</msg>
<arg>${json_data['results'][0]}</arg>
<doc>Logs the given message with the given level.</doc>
<status status="PASS" start="2024-07-06T01:04:42.774643" elapsed="0.000395"/>
</kw>
<kw name="Log" owner="BuiltIn">
<msg time="2024-07-06T01:04:42.775498" level="INFO">email</msg>
<arg>${key}</arg>
<doc>Logs the given message with the given level.</doc>
<status status="PASS" start="2024-07-06T01:04:42.775338" elapsed="0.000202"/>
</kw>
<var name="${key}">email</var>
<status status="PASS" start="2024-07-06T01:04:42.773973" elapsed="0.001790"/>
</iter>
<iter>
<kw name="Dictionary Should Contain Key" owner="Collections">
<arg>${json_data['results'][0]}</arg>
<arg>${key}</arg>
<doc>Fails if ``key`` is not found from ``dictionary``.</doc>
<status status="PASS" start="2024-07-06T01:04:42.776044" elapsed="0.000392"/>
</kw>
<kw name="Log" owner="BuiltIn">
<msg time="2024-07-06T01:04:42.776954" level="INFO">{'gender': 'male', 'name': {'title': 'Mr', 'first': 'Greg', 'last': 'Reed'}, 'location': {'street': {'number': 8488, 'name': 'Homestead Rd'}, 'city': 'Chattanooga', 'state': 'Maryland', 'country': 'United States', 'postcode': 83319, 'coordinates': {'latitude': '83.9312', 'longitude': '-140.0668'}, 'timezone': {'offset': '-10:00', 'description': 'Hawaii'}}, 'email': 'greg.reed@example.com', 'login': {'uuid': '6b1d626d-25d8-46f2-aa2f-8dfd1cc11c5b', 'username': 'bluezebra567', 'password': 'natalie1', 'salt': 'iu2Ix0iy', 'md5': '7a7157fa28a63f63f4749e245dedfc50', 'sha1': 'bc739a7ff6d3c1321047a67419adc75a9c8168e5', 'sha256': '86c7404c3d245dd67f3ef4cfad10358871b35e0ef14c905dcead7ee920271e74'}, 'dob': {'date': '1992-12-13T18:16:23.450Z', 'age': 31}, 'registered': {'date': '2021-03-03T09:55:33.769Z', 'age': 3}, 'phone': '(278) 217-3749', 'cell': '(200) 554-5228', 'id': {'name': 'SSN', 'value': '604-94-6533'}, 'picture': {'large': 'https://randomuser.me/api/portraits/men/81.jpg', 'medium': 'https://randomuser.me/api/portraits/med/men/81.jpg', 'thumbnail': 'https://randomuser.me/api/portraits/thumb/men/81.jpg'}, 'nat': 'US'}</msg>
<arg>${json_data['results'][0]}</arg>
<doc>Logs the given message with the given level.</doc>
<status status="PASS" start="2024-07-06T01:04:42.776612" elapsed="0.000391"/>
</kw>
<kw name="Log" owner="BuiltIn">
<msg time="2024-07-06T01:04:42.777421" level="INFO">login</msg>
<arg>${key}</arg>
<doc>Logs the given message with the given level.</doc>
<status status="PASS" start="2024-07-06T01:04:42.777296" elapsed="0.000162"/>
</kw>
<var name="${key}">login</var>
<status status="PASS" start="2024-07-06T01:04:42.775934" elapsed="0.001732"/>
</iter>
<var>${key}</var>
<value>@{expected_keys}</value>
<status status="PASS" start="2024-07-06T01:04:42.767981" elapsed="0.009806"/>
</for>
<kw name="Create List" owner="BuiltIn">
<msg time="2024-07-06T01:04:42.778107" level="INFO">${expected_keysTwo} = ['username', 'password']</msg>
<var>${expected_keysTwo}</var>
<arg>username</arg>
<arg>password</arg>
<doc>Returns a list containing given items.</doc>
<status status="PASS" start="2024-07-06T01:04:42.777971" elapsed="0.000160"/>
</kw>
<for flavor="IN">
<iter>
<kw name="Dictionary Should Contain Key" owner="Collections">
<arg>${json_data['results'][0]['login']}</arg>
<arg>${keyTwo}</arg>
<doc>Fails if ``key`` is not found from ``dictionary``.</doc>
<status status="PASS" start="2024-07-06T01:04:42.778644" elapsed="0.000389"/>
</kw>
<kw name="Dictionary Should Contain Key" owner="Collections">
<arg>${json_data['results'][0]['login']}</arg>
<arg>${keyTwo}</arg>
<doc>Fails if ``key`` is not found from ``dictionary``.</doc>
<status status="PASS" start="2024-07-06T01:04:42.779212" elapsed="0.000393"/>
</kw>
<kw name="Log" owner="BuiltIn">
<msg time="2024-07-06T01:04:42.779906" level="INFO">username</msg>
<arg>${keyTwo}</arg>
<doc>Logs the given message with the given level.</doc>
<status status="PASS" start="2024-07-06T01:04:42.779786" elapsed="0.000158"/>
</kw>
<var name="${keyTwo}">username</var>
<status status="PASS" start="2024-07-06T01:04:42.778538" elapsed="0.001628"/>
</iter>
<iter>
<kw name="Dictionary Should Contain Key" owner="Collections">
<arg>${json_data['results'][0]['login']}</arg>
<arg>${keyTwo}</arg>
<doc>Fails if ``key`` is not found from ``dictionary``.</doc>
<status status="PASS" start="2024-07-06T01:04:42.780442" elapsed="0.000386"/>
</kw>
<kw name="Dictionary Should Contain Key" owner="Collections">
<arg>${json_data['results'][0]['login']}</arg>
<arg>${keyTwo}</arg>
<doc>Fails if ``key`` is not found from ``dictionary``.</doc>
<status status="PASS" start="2024-07-06T01:04:42.781004" elapsed="0.000362"/>
</kw>
<kw name="Log" owner="BuiltIn">
<msg time="2024-07-06T01:04:42.781656" level="INFO">password</msg>
<arg>${keyTwo}</arg>
<doc>Logs the given message with the given level.</doc>
<status status="PASS" start="2024-07-06T01:04:42.781539" elapsed="0.000158"/>
</kw>
<var name="${keyTwo}">password</var>
<status status="PASS" start="2024-07-06T01:04:42.780337" elapsed="0.001667"/>
</iter>
<var>${keyTwo}</var>
<value>@{expected_keysTwo}</value>
<status status="PASS" start="2024-07-06T01:04:42.778388" elapsed="0.003736"/>
</for>
<status status="PASS" start="2024-07-06T01:04:42.670085" elapsed="0.112175"/>
</kw>
<doc>Testa a estrutura da resposta da API.</doc>
<tag>testeEstruturaResposta</tag>
<status status="PASS" start="2024-07-06T01:04:42.669479" elapsed="0.112928"/>
</test>
<test id="s1-s1-t4" name="Validar tipos de dados" line="28">
<kw name="Teste de Tipos de Dados" owner="random-user-service">
<kw name="GET On Session" owner="RequestsLibrary">
<msg time="2024-07-06T01:04:42.864973" level="INFO">GET Request : url=https://randomuser.me/api 
 path_url=/api 
 headers={'User-Agent': 'python-requests/2.32.3', 'Accept-Encoding': 'gzip, deflate', 'Accept': '*/*', 'Connection': 'keep-alive'} 
 body=None 
 </msg>
<msg time="2024-07-06T01:04:42.865083" level="INFO">GET Response : url=https://randomuser.me/api 
 status=200, reason=OK 
 headers={'Date': 'Sat, 06 Jul 2024 01:04:42 GMT', 'Content-Type': 'application/json; charset=utf-8', 'Transfer-Encoding': 'chunked', 'Connection': 'keep-alive', 'X-Powered-By': 'Express', 'Access-Control-Allow-Origin': '*', 'Cache-Control': 'no-cache', 'ETag': 'W/"485-GWSP2DrXHBFVW+1GPLDhEdubYw4"', 'Vary': 'Accept-Encoding', 'Content-Encoding': 'gzip', 'CF-Cache-Status': 'DYNAMIC', 'Report-To': '{"endpoints":[{"url":"https:\\/\\/a.nel.cloudflare.com\\/report\\/v4?s=8kLqsWoY7TZkzyXwmXRakb%2FXq%2FJF2l%2FXCp9IDnenbGyM%2Fej4Mfmwmns0Tzkjlgv4y1rPxFFIsPgPjUltz%2FFdcsDypeZnya%2B015s1ivqSpxmYLJEclu2xNgdRj1YgEE5z"}],"group":"cf-nel","max_age":604800}', 'NEL': '{"success_fraction":0,"report_to":"cf-nel","max_age":604800}', 'Server': 'cloudflare', 'CF-RAY': '89ebaeab6dcb58d2-IAD', 'alt-svc': 'h3=":443"; ma=86400'} 
 body={"results":[{"gender":"male","name":{"title":"Mr","first":"اميرحسين","last":"صدر"},"location":{"street":{"number":7278,"name":"میدان 7 تیر"},"city":"پاکدشت","state":"اردبیل","country":"Iran","postcode":38934,"coordinates":{"latitude":"13.4724","longitude":"-33.8867"},"timezone":{"offset":"-12:00","description":"Eniwetok, Kwajalein"}},"email":"myrhsyn.sdr@example.com","login":{"uuid":"260bad15-5907-4a52-bb9c-d419f7e438d9","username":"orangerabbit872","password":"poiu","salt":"vJcEPwkp","md5":"6866899ae3235f2e86ae306068da670f","sha1":"972f9d93c7887a9688df16f94b7886621d6ed622","sha256":"c4e0cc17cf3a3080cfa71eb1213c6447390acdd219634e6ca8487b48528f3086"},"dob":{"date":"1959-01-27T20:29:27.875Z","age":65},"registered":{"date":"2003-11-07T19:25:57.148Z","age":20},"phone":"094-82258531","cell":"0903-143-4004","id":{"name":"","value":null},"picture":{"large":"https://randomuser.me/api/portraits/men/59.jpg","medium":"https://randomuser.me/api/portraits/med/men/59.jpg","thumbnail":"https://randomuser.me/api/portraits/thumb/men/59.jpg"},"nat":"IR"}],"info":{"seed":"79e2c60f4e134628","results":1,"page":1,"version":"1.4"}} 
 </msg>
<msg time="2024-07-06T01:04:42.865172" level="INFO">/opt/hostedtoolcache/Python/3.12.4/x64/lib/python3.12/site-packages/urllib3/connectionpool.py:1099: InsecureRequestWarning: Unverified HTTPS request is being made to host 'randomuser.me'. Adding certificate verification is strongly advised. See: https://urllib3.readthedocs.io/en/latest/advanced-usage.html#tls-warnings
  warnings.warn(</msg>
<msg time="2024-07-06T01:04:42.865301" level="INFO">${response} = &lt;Response [200]&gt;</msg>
<var>${response}</var>
<arg>consultarAPI</arg>
<arg>/api</arg>
<doc>Sends a GET request on a previously created HTTP Session.</doc>
<status status="PASS" start="2024-07-06T01:04:42.785320" elapsed="0.080021"/>
</kw>
<kw name="Set Variable" owner="BuiltIn">
<msg time="2024-07-06T01:04:42.866477" level="INFO">${json_data} = {'results': [{'gender': 'male', 'name': {'title': 'Mr', 'first': 'اميرحسين', 'last': 'صدر'}, 'location': {'street': {'number': 7278, 'name': 'میدان 7 تیر'}, 'city': 'پاکدشت', 'state': 'اردبیل', 'count...</msg>
<var>${json_data}</var>
<arg>${response.json()}</arg>
<doc>Returns the given values which can then be assigned to a variables.</doc>
<status status="PASS" start="2024-07-06T01:04:42.865902" elapsed="0.000606"/>
</kw>
<kw name="Log" owner="BuiltIn">
<msg time="2024-07-06T01:04:42.866989" level="INFO">{'results': [{'gender': 'male', 'name': {'title': 'Mr', 'first': 'اميرحسين', 'last': 'صدر'}, 'location': {'street': {'number': 7278, 'name': 'میدان 7 تیر'}, 'city': 'پاکدشت', 'state': 'اردبیل', 'country': 'Iran', 'postcode': 38934, 'coordinates': {'latitude': '13.4724', 'longitude': '-33.8867'}, 'timezone': {'offset': '-12:00', 'description': 'Eniwetok, Kwajalein'}}, 'email': 'myrhsyn.sdr@example.com', 'login': {'uuid': '260bad15-5907-4a52-bb9c-d419f7e438d9', 'username': 'orangerabbit872', 'password': 'poiu', 'salt': 'vJcEPwkp', 'md5': '6866899ae3235f2e86ae306068da670f', 'sha1': '972f9d93c7887a9688df16f94b7886621d6ed622', 'sha256': 'c4e0cc17cf3a3080cfa71eb1213c6447390acdd219634e6ca8487b48528f3086'}, 'dob': {'date': '1959-01-27T20:29:27.875Z', 'age': 65}, 'registered': {'date': '2003-11-07T19:25:57.148Z', 'age': 20}, 'phone': '094-82258531', 'cell': '0903-143-4004', 'id': {'name': '', 'value': None}, 'picture': {'large': 'https://randomuser.me/api/portraits/men/59.jpg', 'medium': 'https://randomuser.me/api/portraits/med/men/59.jpg', 'thumbnail': 'https://randomuser.me/api/portraits/thumb/men/59.jpg'}, 'nat': 'IR'}], 'info': {'seed': '79e2c60f4e134628', 'results': 1, 'page': 1, 'version': '1.4'}}</msg>
<arg>${json_data}</arg>
<doc>Logs the given message with the given level.</doc>
<status status="PASS" start="2024-07-06T01:04:42.866825" elapsed="0.000214"/>
</kw>
<kw name="Should Be String" owner="String">
<arg>${json_data['results'][0]['gender']}</arg>
<doc>Fails if the given ``item`` is not a string.</doc>
<status status="PASS" start="2024-07-06T01:04:42.867327" elapsed="0.000407"/>
</kw>
<kw name="Should Match Regexp" owner="BuiltIn">
<arg>${json_data['results'][0]['email']}</arg>
<arg>^[a-zA-Z0-9._%+-]+@[a-zA-Z0-9.-]+\.[a-zA-Z]{2,}$</arg>
<doc>Fails if ``string`` does not match ``pattern`` as a regular expression.</doc>
<status status="PASS" start="2024-07-06T01:04:42.867923" elapsed="0.000511"/>
</kw>
<kw name="Should Match Regexp" owner="BuiltIn">
<arg>${json_data['results'][0]['dob']['date']}</arg>
<arg>\\d{4}-\\d{2}-\\d{2}T\\d{2}:\\d{2}:\\d{2}\\.\\d{3}Z</arg>
<doc>Fails if ``string`` does not match ``pattern`` as a regular expression.</doc>
<status status="PASS" start="2024-07-06T01:04:42.868662" elapsed="0.000495"/>
</kw>
<kw name="Should Match Regexp" owner="BuiltIn">
<arg>${json_data['results'][0]['registered']['date']}</arg>
<arg>\\d{4}-\\d{2}-\\d{2}T\\d{2}:\\d{2}:\\d{2}\\.\\d{3}Z</arg>
<doc>Fails if ``string`` does not match ``pattern`` as a regular expression.</doc>
<status status="PASS" start="2024-07-06T01:04:42.869363" elapsed="0.000364"/>
</kw>
<kw name="Should Match Regexp" owner="BuiltIn">
<arg>${json_data['results'][0]['picture']['large']}</arg>
<arg>^https?://.*\.(?:png|jpe?g|gif|bmp)$</arg>
<doc>Fails if ``string`` does not match ``pattern`` as a regular expression.</doc>
<status status="PASS" start="2024-07-06T01:04:42.869910" elapsed="0.000466"/>
</kw>
<kw name="Should Match Regexp" owner="BuiltIn">
<arg>${json_data['results'][0]['picture']['medium']}</arg>
<arg>^https?://.*\.(?:png|jpe?g|gif|bmp)$</arg>
<doc>Fails if ``string`` does not match ``pattern`` as a regular expression.</doc>
<status status="PASS" start="2024-07-06T01:04:42.870559" elapsed="0.000349"/>
</kw>
<kw name="Should Match Regexp" owner="BuiltIn">
<arg>${json_data['results'][0]['picture']['thumbnail']}</arg>
<arg>^https?://.*\.(?:png|jpe?g|gif|bmp)$</arg>
<doc>Fails if ``string`` does not match ``pattern`` as a regular expression.</doc>
<status status="PASS" start="2024-07-06T01:04:42.871091" elapsed="0.000368"/>
</kw>
<kw name="Log" owner="BuiltIn">
<msg time="2024-07-06T01:04:42.871977" level="INFO">{'large': 'https://randomuser.me/api/portraits/men/59.jpg', 'medium': 'https://randomuser.me/api/portraits/med/men/59.jpg', 'thumbnail': 'https://randomuser.me/api/portraits/thumb/men/59.jpg'}</msg>
<arg>${json_data['results'][0]['picture']}</arg>
<doc>Logs the given message with the given level.</doc>
<status status="PASS" start="2024-07-06T01:04:42.871648" elapsed="0.000374"/>
</kw>
<status status="PASS" start="2024-07-06T01:04:42.785099" elapsed="0.087179"/>
</kw>
<kw name="Teste de Tipos de Dados - Postcode" owner="random-user-service">
<kw name="GET On Session" owner="RequestsLibrary">
<msg time="2024-07-06T01:04:42.958970" level="INFO">GET Request : url=https://randomuser.me/api 
 path_url=/api 
 headers={'User-Agent': 'python-requests/2.32.3', 'Accept-Encoding': 'gzip, deflate', 'Accept': '*/*', 'Connection': 'keep-alive'} 
 body=None 
 </msg>
<msg time="2024-07-06T01:04:42.959050" level="INFO">GET Response : url=https://randomuser.me/api 
 status=200, reason=OK 
 headers={'Date': 'Sat, 06 Jul 2024 01:04:42 GMT', 'Content-Type': 'application/json; charset=utf-8', 'Transfer-Encoding': 'chunked', 'Connection': 'keep-alive', 'X-Powered-By': 'Express', 'Access-Control-Allow-Origin': '*', 'Cache-Control': 'no-cache', 'ETag': 'W/"4b9-Z6UqcG0g7sVHus3szh2fN5HGtxY"', 'Vary': 'Accept-Encoding', 'Content-Encoding': 'gzip', 'CF-Cache-Status': 'DYNAMIC', 'Report-To': '{"endpoints":[{"url":"https:\\/\\/a.nel.cloudflare.com\\/report\\/v4?s=DXvB6geYmES7dtIkVBqM5qwtYU33mJrrYWHkSjfIUZnrFW%2Bw0rPauKE4uvTv0brhVXmP2FuLWap7NXyYTGGFuX55WT3%2BaO9EZvaT8ILqEnE33BCZa9TZa8lmZ2UgkPvB"}],"group":"cf-nel","max_age":604800}', 'NEL': '{"success_fraction":0,"report_to":"cf-nel","max_age":604800}', 'Server': 'cloudflare', 'CF-RAY': '89ebaeabfe2c58d2-IAD', 'alt-svc': 'h3=":443"; ma=86400'} 
 body={"results":[{"gender":"female","name":{"title":"Mrs","first":"Verónica","last":"Vásquez"},"location":{"street":{"number":6520,"name":"Boulevard Porras"},"city":"San Antonio Rayón","state":"Baja California","country":"Mexico","postcode":51273,"coordinates":{"latitude":"25.2887","longitude":"143.4301"},"timezone":{"offset":"-5:00","description":"Eastern Time (US &amp; Canada), Bogota, Lima"}},"email":"veronica.vasquez@example.com","login":{"uuid":"fe93a2a0-7d8b-4888-a5f1-024fb50834fe","username":"bigbear248","password":"weasel","salt":"1GTFGH6u","md5":"3a3a1d40b4e6e4e8613fc0927fb24f63","sha1":"063b086b07294cecf709a5170cf1e22e2f3d3526","sha256":"f1f6ffe6fb19f33c6dad4088c4875bc2bb9f765caea352e31a6a3f272438b813"},"dob":{"date":"1962-04-02T20:46:21.350Z","age":62},"registered":{"date":"2021-07-09T13:35:25.232Z","age":2},"phone":"(630) 513 9999","cell":"(666) 773 4463","id":{"name":"NSS","value":"87 35 47 2384 8"},"picture":{"large":"https://randomuser.me/api/portraits/women/70.jpg","medium":"https://randomuser.me/api/portraits/med/women/70.jpg","thumbnail":"https://randomuser.me/api/portraits/thumb/women/70.jpg"},"nat":"MX"}],"info":{"seed":"183a0c382b60132e","results":1,"page":1,"version":"1.4"}} 
 </msg>
<msg time="2024-07-06T01:04:42.959127" level="INFO">/opt/hostedtoolcache/Python/3.12.4/x64/lib/python3.12/site-packages/urllib3/connectionpool.py:1099: InsecureRequestWarning: Unverified HTTPS request is being made to host 'randomuser.me'. Adding certificate verification is strongly advised. See: https://urllib3.readthedocs.io/en/latest/advanced-usage.html#tls-warnings
  warnings.warn(</msg>
<msg time="2024-07-06T01:04:42.959231" level="INFO">${response} = &lt;Response [200]&gt;</msg>
<var>${response}</var>
<arg>consultarAPI</arg>
<arg>/api</arg>
<doc>Sends a GET request on a previously created HTTP Session.</doc>
<status status="PASS" start="2024-07-06T01:04:42.872796" elapsed="0.086471"/>
</kw>
<kw name="Set Variable" owner="BuiltIn">
<msg time="2024-07-06T01:04:42.960130" level="INFO">${json_data} = {'results': [{'gender': 'female', 'name': {'title': 'Mrs', 'first': 'Verónica', 'last': 'Vásquez'}, 'location': {'street': {'number': 6520, 'name': 'Boulevard Porras'}, 'city': 'San Antonio Rayón', 's...</msg>
<var>${json_data}</var>
<arg>${response.json()}</arg>
<doc>Returns the given values which can then be assigned to a variables.</doc>
<status status="PASS" start="2024-07-06T01:04:42.959684" elapsed="0.000477"/>
</kw>
<kw name="Log" owner="BuiltIn">
<msg time="2024-07-06T01:04:42.960621" level="INFO">{'results': [{'gender': 'female', 'name': {'title': 'Mrs', 'first': 'Verónica', 'last': 'Vásquez'}, 'location': {'street': {'number': 6520, 'name': 'Boulevard Porras'}, 'city': 'San Antonio Rayón', 'state': 'Baja California', 'country': 'Mexico', 'postcode': 51273, 'coordinates': {'latitude': '25.2887', 'longitude': '143.4301'}, 'timezone': {'offset': '-5:00', 'description': 'Eastern Time (US &amp; Canada), Bogota, Lima'}}, 'email': 'veronica.vasquez@example.com', 'login': {'uuid': 'fe93a2a0-7d8b-4888-a5f1-024fb50834fe', 'username': 'bigbear248', 'password': 'weasel', 'salt': '1GTFGH6u', 'md5': '3a3a1d40b4e6e4e8613fc0927fb24f63', 'sha1': '063b086b07294cecf709a5170cf1e22e2f3d3526', 'sha256': 'f1f6ffe6fb19f33c6dad4088c4875bc2bb9f765caea352e31a6a3f272438b813'}, 'dob': {'date': '1962-04-02T20:46:21.350Z', 'age': 62}, 'registered': {'date': '2021-07-09T13:35:25.232Z', 'age': 2}, 'phone': '(630) 513 9999', 'cell': '(666) 773 4463', 'id': {'name': 'NSS', 'value': '87 35 47 2384 8'}, 'picture': {'large': 'https://randomuser.me/api/portraits/women/70.jpg', 'medium': 'https://randomuser.me/api/portraits/med/women/70.jpg', 'thumbnail': 'https://randomuser.me/api/portraits/thumb/women/70.jpg'}, 'nat': 'MX'}], 'info': {'seed': '183a0c382b60132e', 'results': 1, 'page': 1, 'version': '1.4'}}</msg>
<arg>${json_data}</arg>
<doc>Logs the given message with the given level.</doc>
<status status="PASS" start="2024-07-06T01:04:42.960464" elapsed="0.000212"/>
</kw>
<kw name="Should Be Equal As Numbers" owner="BuiltIn">
<arg>${json_data['results'][0]['location']['postcode']}</arg>
<arg>${json_data['results'][0]['location']['postcode']}</arg>
<doc>Fails if objects are unequal after converting them to real numbers.</doc>
<status status="PASS" start="2024-07-06T01:04:42.960985" elapsed="0.000609"/>
</kw>
<kw name="Log" owner="BuiltIn">
<msg time="2024-07-06T01:04:42.962252" level="INFO">51273</msg>
<arg>${json_data['results'][0]['location']['postcode']}</arg>
<doc>Logs the given message with the given level.</doc>
<status status="PASS" start="2024-07-06T01:04:42.961788" elapsed="0.000505"/>
</kw>
<status status="PASS" start="2024-07-06T01:04:42.872526" elapsed="0.090044"/>
</kw>
<doc>Testa se os tipos de dados na resposta da API estão corretos.</doc>
<tag>testeTiposDados</tag>
<status status="PASS" start="2024-07-06T01:04:42.784590" elapsed="0.178146"/>
</test>
<test id="s1-s1-t5" name="Validar conteudo" line="35">
<kw name="Teste de Tipos de Conteudo" owner="random-user-service">
<kw name="GET On Session" owner="RequestsLibrary">
<msg time="2024-07-06T01:04:43.058247" level="INFO">GET Request : url=https://randomuser.me/api 
 path_url=/api 
 headers={'User-Agent': 'python-requests/2.32.3', 'Accept-Encoding': 'gzip, deflate', 'Accept': '*/*', 'Connection': 'keep-alive'} 
 body=None 
 </msg>
<msg time="2024-07-06T01:04:43.058330" level="INFO">GET Response : url=https://randomuser.me/api 
 status=200, reason=OK 
 headers={'Date': 'Sat, 06 Jul 2024 01:04:43 GMT', 'Content-Type': 'application/json; charset=utf-8', 'Transfer-Encoding': 'chunked', 'Connection': 'keep-alive', 'X-Powered-By': 'Express', 'Access-Control-Allow-Origin': '*', 'Cache-Control': 'no-cache', 'ETag': 'W/"481-uMDe85lLF9hscTEfo45bmxNvf+s"', 'Vary': 'Accept-Encoding', 'Content-Encoding': 'gzip', 'CF-Cache-Status': 'DYNAMIC', 'Report-To': '{"endpoints":[{"url":"https:\\/\\/a.nel.cloudflare.com\\/report\\/v4?s=NICiC3%2Fgm%2FhX83LrDsK8sSRQVTUbySkaNwVukHp5YvqZsPQtbvxFMDKzsvSJc6RCVRXz0rdDahsax8YpCy8i9RI7q9GnES5MQlwpf2PhJpF%2FMILDllJO7YqtrXnLX2ab"}],"group":"cf-nel","max_age":604800}', 'NEL': '{"success_fraction":0,"report_to":"cf-nel","max_age":604800}', 'Server': 'cloudflare', 'CF-RAY': '89ebaeac8e8758d2-IAD', 'alt-svc': 'h3=":443"; ma=86400'} 
 body={"results":[{"gender":"female","name":{"title":"Mrs","first":"Nella","last":"Marttila"},"location":{"street":{"number":9508,"name":"Tehtaankatu"},"city":"Kajaani","state":"Satakunta","country":"Finland","postcode":89843,"coordinates":{"latitude":"-23.9720","longitude":"37.0317"},"timezone":{"offset":"-9:00","description":"Alaska"}},"email":"nella.marttila@example.com","login":{"uuid":"a971fe3a-ef5e-4cb2-97d3-a087f947cf2c","username":"brownostrich106","password":"stretch","salt":"8u3YSjKC","md5":"1da6929d95ec74b22173b74b023345b2","sha1":"4842913f77c3ace14dd2ffc1c30c37ab34fb829a","sha256":"c1e75e269fd56fdeb2fecd2cd5e27208e753c93e53516f188335cdfba96a6a61"},"dob":{"date":"1975-09-19T22:45:45.417Z","age":48},"registered":{"date":"2012-04-08T06:20:18.382Z","age":12},"phone":"06-348-917","cell":"040-298-70-94","id":{"name":"HETU","value":"NaNNA408undefined"},"picture":{"large":"https://randomuser.me/api/portraits/women/95.jpg","medium":"https://randomuser.me/api/portraits/med/women/95.jpg","thumbnail":"https://randomuser.me/api/portraits/thumb/women/95.jpg"},"nat":"FI"}],"info":{"seed":"50b83a6781aef7db","results":1,"page":1,"version":"1.4"}} 
 </msg>
<msg time="2024-07-06T01:04:43.058404" level="INFO">/opt/hostedtoolcache/Python/3.12.4/x64/lib/python3.12/site-packages/urllib3/connectionpool.py:1099: InsecureRequestWarning: Unverified HTTPS request is being made to host 'randomuser.me'. Adding certificate verification is strongly advised. See: https://urllib3.readthedocs.io/en/latest/advanced-usage.html#tls-warnings
  warnings.warn(</msg>
<msg time="2024-07-06T01:04:43.058534" level="INFO">${response} = &lt;Response [200]&gt;</msg>
<var>${response}</var>
<arg>consultarAPI</arg>
<arg>/api</arg>
<doc>Sends a GET request on a previously created HTTP Session.</doc>
<status status="PASS" start="2024-07-06T01:04:42.965275" elapsed="0.093313"/>
</kw>
<kw name="Set Variable" owner="BuiltIn">
<msg time="2024-07-06T01:04:43.059775" level="INFO">${json_data} = {'results': [{'gender': 'female', 'name': {'title': 'Mrs', 'first': 'Nella', 'last': 'Marttila'}, 'location': {'street': {'number': 9508, 'name': 'Tehtaankatu'}, 'city': 'Kajaani', 'state': 'Satakunta...</msg>
<var>${json_data}</var>
<arg>${response.json()}</arg>
<doc>Returns the given values which can then be assigned to a variables.</doc>
<status status="PASS" start="2024-07-06T01:04:43.059118" elapsed="0.000686"/>
</kw>
<kw name="Set Variable" owner="BuiltIn">
<msg time="2024-07-06T01:04:43.060487" level="INFO">${name_title} = Mrs</msg>
<var>${name_title}</var>
<arg>${json_data["results"][0]["name"]["title"]}</arg>
<doc>Returns the given values which can then be assigned to a variables.</doc>
<status status="PASS" start="2024-07-06T01:04:43.060110" elapsed="0.000403"/>
</kw>
<kw name="Create List" owner="BuiltIn">
<msg time="2024-07-06T01:04:43.060962" level="INFO">${allowed_titles} = ['Mr', 'Ms', 'Miss', 'Mrs', 'Madame', 'Monsieur']</msg>
<var>${allowed_titles}</var>
<arg>Mr</arg>
<arg>Ms</arg>
<arg>Miss</arg>
<arg>Mrs</arg>
<arg>Madame</arg>
<arg>Monsieur</arg>
<doc>Returns a list containing given items.</doc>
<status status="PASS" start="2024-07-06T01:04:43.060814" elapsed="0.000172"/>
</kw>
<kw name="List Should Contain Value" owner="Collections">
<arg>${allowed_titles}</arg>
<arg>${name_title}</arg>
<doc>Fails if the ``value`` is not found from ``list``.</doc>
<status status="PASS" start="2024-07-06T01:04:43.061289" elapsed="0.000175"/>
</kw>
<kw name="Set Variable" owner="BuiltIn">
<msg time="2024-07-06T01:04:43.062010" level="INFO">${name_country} = FI</msg>
<var>${name_country}</var>
<arg>${json_data["results"][0]["nat"]}</arg>
<doc>Returns the given values which can then be assigned to a variables.</doc>
<status status="PASS" start="2024-07-06T01:04:43.061641" elapsed="0.000394"/>
</kw>
<kw name="Create List" owner="BuiltIn">
<msg time="2024-07-06T01:04:43.062910" level="INFO">${list_country} = ['AD', 'AE', 'AF', 'AG', 'AI', 'AL', 'AM', 'AO', 'AQ', 'AR', 'AS', 'AT', 'AU', 'AW', 'AX', 'AZ', 'BA', 'BB', 'BD', 'BE', 'BF', 'BG', 'BH', 'BI', 'BJ', 'BL', 'BM', 'BN', 'BO', 'BQ', 'BR', 'BS', 'BT', '...</msg>
<var>${list_country}</var>
<arg>AD</arg>
<arg>AE</arg>
<arg>AF</arg>
<arg>AG</arg>
<arg>AI</arg>
<arg>AL</arg>
<arg>AM</arg>
<arg>AO</arg>
<arg>AQ</arg>
<arg>AR</arg>
<arg>AS</arg>
<arg>AT</arg>
<arg>AU</arg>
<arg>AW</arg>
<arg>AX</arg>
<arg>AZ</arg>
<arg>BA</arg>
<arg>BB</arg>
<arg>BD</arg>
<arg>BE</arg>
<arg>BF</arg>
<arg>BG</arg>
<arg>BH</arg>
<arg>BI</arg>
<arg>BJ</arg>
<arg>BL</arg>
<arg>BM</arg>
<arg>BN</arg>
<arg>BO</arg>
<arg>BQ</arg>
<arg>BR</arg>
<arg>BS</arg>
<arg>BT</arg>
<arg>BV</arg>
<arg>BW</arg>
<arg>BY</arg>
<arg>BZ</arg>
<arg>CA</arg>
<arg>CC</arg>
<arg>CD</arg>
<arg>CF</arg>
<arg>CG</arg>
<arg>CH</arg>
<arg>CI</arg>
<arg>CK</arg>
<arg>CL</arg>
<arg>CM</arg>
<arg>CN</arg>
<arg>CO</arg>
<arg>CR</arg>
<arg>CU</arg>
<arg>CV</arg>
<arg>CW</arg>
<arg>CX</arg>
<arg>CY</arg>
<arg>CZ</arg>
<arg>DE</arg>
<arg>DJ</arg>
<arg>DK</arg>
<arg>DM</arg>
<arg>DO</arg>
<arg>DZ</arg>
<arg>EC</arg>
<arg>EE</arg>
<arg>EG</arg>
<arg>EH</arg>
<arg>ER</arg>
<arg>ES</arg>
<arg>ET</arg>
<arg>FI</arg>
<arg>FJ</arg>
<arg>FK</arg>
<arg>FM</arg>
<arg>FO</arg>
<arg>FR</arg>
<arg>GA</arg>
<arg>GB</arg>
<arg>GD</arg>
<arg>GE</arg>
<arg>GF</arg>
<arg>GG</arg>
<arg>GH</arg>
<arg>GI</arg>
<arg>GL</arg>
<arg>GM</arg>
<arg>GN</arg>
<arg>GP</arg>
<arg>GQ</arg>
<arg>GR</arg>
<arg>GS</arg>
<arg>GT</arg>
<arg>GU</arg>
<arg>GW</arg>
<arg>GY</arg>
<arg>HK</arg>
<arg>HM</arg>
<arg>HN</arg>
<arg>HR</arg>
<arg>HT</arg>
<arg>HU</arg>
<arg>ID</arg>
<arg>IE</arg>
<arg>IL</arg>
<arg>IM</arg>
<arg>IN</arg>
<arg>IO</arg>
<arg>IQ</arg>
<arg>IR</arg>
<arg>IS</arg>
<arg>IT</arg>
<arg>JE</arg>
<arg>JM</arg>
<arg>JO</arg>
<arg>JP</arg>
<arg>KE</arg>
<arg>KG</arg>
<arg>KH</arg>
<arg>KI</arg>
<arg>KM</arg>
<arg>KN</arg>
<arg>KP</arg>
<arg>KR</arg>
<arg>KW</arg>
<arg>KY</arg>
<arg>KZ</arg>
<arg>LA</arg>
<arg>LB</arg>
<arg>LC</arg>
<arg>LI</arg>
<arg>LK</arg>
<arg>LR</arg>
<arg>LS</arg>
<arg>LT</arg>
<arg>LU</arg>
<arg>LV</arg>
<arg>LY</arg>
<arg>MA</arg>
<arg>MC</arg>
<arg>MD</arg>
<arg>ME</arg>
<arg>MF</arg>
<arg>MG</arg>
<arg>MH</arg>
<arg>MK</arg>
<arg>ML</arg>
<arg>MM</arg>
<arg>MN</arg>
<arg>MO</arg>
<arg>MP</arg>
<arg>MQ</arg>
<arg>MR</arg>
<arg>MS</arg>
<arg>MT</arg>
<arg>MU</arg>
<arg>MV</arg>
<arg>MW</arg>
<arg>MX</arg>
<arg>MY</arg>
<arg>MZ</arg>
<arg>NA</arg>
<arg>NC</arg>
<arg>NE</arg>
<arg>NF</arg>
<arg>NG</arg>
<arg>NI</arg>
<arg>NL</arg>
<arg>NO</arg>
<arg>NP</arg>
<arg>NR</arg>
<arg>NU</arg>
<arg>NZ</arg>
<arg>OM</arg>
<arg>PA</arg>
<arg>PE</arg>
<arg>PF</arg>
<arg>PG</arg>
<arg>PH</arg>
<arg>PK</arg>
<arg>PL</arg>
<arg>PM</arg>
<arg>PN</arg>
<arg>PR</arg>
<arg>PS</arg>
<arg>PT</arg>
<arg>PW</arg>
<arg>PY</arg>
<arg>QA</arg>
<arg>RE</arg>
<arg>RO</arg>
<arg>RS</arg>
<arg>RU</arg>
<arg>RW</arg>
<arg>SA</arg>
<arg>SB</arg>
<arg>SC</arg>
<arg>SD</arg>
<arg>SE</arg>
<arg>SG</arg>
<arg>SH</arg>
<arg>SI</arg>
<arg>SJ</arg>
<arg>SK</arg>
<arg>SL</arg>
<arg>SM</arg>
<arg>SN</arg>
<arg>SO</arg>
<arg>SR</arg>
<arg>SS</arg>
<arg>ST</arg>
<arg>SV</arg>
<arg>SX</arg>
<arg>SY</arg>
<arg>SZ</arg>
<arg>TC</arg>
<arg>TD</arg>
<arg>TF</arg>
<arg>TG</arg>
<arg>TH</arg>
<arg>TJ</arg>
<arg>TK</arg>
<arg>TL</arg>
<arg>TM</arg>
<arg>TN</arg>
<arg>TO</arg>
<arg>TR</arg>
<arg>TT</arg>
<arg>TV</arg>
<arg>TW</arg>
<arg>TZ</arg>
<arg>UA</arg>
<arg>UG</arg>
<arg>UM</arg>
<arg>US</arg>
<arg>UY</arg>
<arg>UZ</arg>
<arg>VA</arg>
<arg>VC</arg>
<arg>VE</arg>
<arg>VG</arg>
<arg>VI</arg>
<arg>VN</arg>
<arg>VU</arg>
<arg>WF</arg>
<arg>WS</arg>
<arg>XK</arg>
<arg>YE</arg>
<arg>YT</arg>
<arg>ZA</arg>
<arg>ZM</arg>
<arg>ZW</arg>
<doc>Returns a list containing given items.</doc>
<status status="PASS" start="2024-07-06T01:04:43.062321" elapsed="0.000615"/>
</kw>
<kw name="List Should Contain Value" owner="Collections">
<arg>${list_country}</arg>
<arg>${name_country}</arg>
<doc>Fails if the ``value`` is not found from ``list``.</doc>
<status status="PASS" start="2024-07-06T01:04:43.063760" elapsed="0.000203"/>
</kw>
<kw name="Run Keyword If" owner="BuiltIn">
<kw name="Should Be True" owner="BuiltIn">
<arg>${True}</arg>
<doc>Fails if the given condition is not true.</doc>
<status status="PASS" start="2024-07-06T01:04:43.064897" elapsed="0.000139"/>
</kw>
<arg>${json_data["results"][0]["location"]["coordinates"]["latitude"]} &gt;= -90 and ${json_data["results"][0]["location"]["coordinates"]["latitude"]} &lt;= 90</arg>
<arg>Should Be True</arg>
<arg>${True}</arg>
<doc>Runs the given keyword with the given arguments, if ``condition`` is true.</doc>
<status status="PASS" start="2024-07-06T01:04:43.064156" elapsed="0.001001"/>
</kw>
<kw name="Run Keyword If" owner="BuiltIn">
<kw name="Should Be True" owner="BuiltIn">
<arg>${True}</arg>
<doc>Fails if the given condition is not true.</doc>
<status status="PASS" start="2024-07-06T01:04:43.066009" elapsed="0.000234"/>
</kw>
<arg>${json_data["results"][0]["location"]["coordinates"]["longitude"]} &gt;= -180 and ${json_data["results"][0]["location"]["coordinates"]["longitude"]} &lt;= 180</arg>
<arg>Should Be True</arg>
<arg>${True}</arg>
<doc>Runs the given keyword with the given arguments, if ``condition`` is true.</doc>
<status status="PASS" start="2024-07-06T01:04:43.065333" elapsed="0.001038"/>
</kw>
<status status="PASS" start="2024-07-06T01:04:42.965059" elapsed="0.101442"/>
</kw>
<doc>Testa o conteúdo específico dos campos retornados pela API.</doc>
<tag>testeConteudo</tag>
<status status="PASS" start="2024-07-06T01:04:42.964546" elapsed="0.102102"/>
</test>
<status status="PASS" start="2024-07-06T01:04:42.094657" elapsed="0.974007"/>
</suite>
<status status="PASS" start="2024-07-06T01:04:42.080169" elapsed="0.993615"/>
</suite>
<statistics>
<total>
<stat pass="5" fail="0" skip="0">All Tests</stat>
</total>
<tag>
<stat pass="1" fail="0" skip="0">testeConteudo</stat>
<stat pass="1" fail="0" skip="0">testeEstruturaResposta</stat>
<stat pass="1" fail="0" skip="0">testeRequisicaoBasica</stat>
<stat pass="1" fail="0" skip="0">testeTiposDados</stat>
</tag>
<suite>
<stat pass="5" fail="0" skip="0" id="s1" name="Tests">Tests</stat>
<stat pass="5" fail="0" skip="0" id="s1-s1" name="Random-User-Test">Tests.Random-User-Test</stat>
</suite>
</statistics>
<errors>
</errors>
</robot>
