<?xml version="1.0" encoding="UTF-8"?>
<robot generator="Robot 7.0.1 (Python 3.12.3 on linux)" generated="2024-06-13T10:15:21.370255" rpa="false" schemaversion="5">
<suite id="s1" name="Tests" source="/home/runner/work/ApiRandomUser/ApiRandomUser/RamdonUser/tests">
<suite id="s1-s1" name="Random-User-Test" source="/home/runner/work/ApiRandomUser/ApiRandomUser/RamdonUser/tests/random-user-test.robot">
<test id="s1-s1-t1" name="Conectar" line="13">
<kw name="Conectar API" owner="random-user-service">
<kw name="Create Session" owner="RequestsLibrary">
<msg time="2024-06-13T10:15:21.751694" level="INFO">Creating Session using : alias=consultarAPI, url=https://randomuser.me/, headers={},                     cookies={}, auth=None, timeout=None, proxies=None, verify=False,                     debug=0 </msg>
<arg>consultarAPI</arg>
<arg>${URL}</arg>
<doc>Create Session: create a HTTP session to a server</doc>
<status status="PASS" start="2024-06-13T10:15:21.751499" elapsed="0.000382"/>
</kw>
<status status="PASS" start="2024-06-13T10:15:21.750507" elapsed="0.001734"/>
</kw>
<status status="PASS" start="2024-06-13T10:15:21.749901" elapsed="0.002534"/>
</test>
<test id="s1-s1-t2" name="Validar retorno 200 e JSON Válido" line="16">
<kw name="Teste de Requisicao Basica" owner="random-user-service">
<kw name="GET On Session" owner="RequestsLibrary">
<msg time="2024-06-13T10:15:21.939581" level="INFO">GET Request : url=https://randomuser.me/api 
 path_url=/api 
 headers={'User-Agent': 'python-requests/2.32.3', 'Accept-Encoding': 'gzip, deflate', 'Accept': '*/*', 'Connection': 'keep-alive'} 
 body=None 
 </msg>
<msg time="2024-06-13T10:15:21.939747" level="INFO">GET Response : url=https://randomuser.me/api 
 status=200, reason=OK 
 headers={'Date': 'Thu, 13 Jun 2024 10:15:21 GMT', 'Content-Type': 'application/json; charset=utf-8', 'Transfer-Encoding': 'chunked', 'Connection': 'keep-alive', 'X-Powered-By': 'Express', 'Access-Control-Allow-Origin': '*', 'Cache-Control': 'no-cache', 'ETag': 'W/"47f-quT7hFYZvn1k28BpKGCLChuHvDY"', 'Vary': 'Accept-Encoding', 'Content-Encoding': 'gzip', 'CF-Cache-Status': 'DYNAMIC', 'Report-To': '{"endpoints":[{"url":"https:\\/\\/a.nel.cloudflare.com\\/report\\/v4?s=9VhCSrvA09tav68V2ZW2o5Lsd9T63bz0HBW46LVjpAi2nFHrgYpyuN6i3TutIq7gSx2tsjvYVEEBGbAftRki3J4JsNqJOGoqSD6Oyfs8J5%2BUV1TrIFrsiGcsjimf7sWt"}],"group":"cf-nel","max_age":604800}', 'NEL': '{"success_fraction":0,"report_to":"cf-nel","max_age":604800}', 'Server': 'cloudflare', 'CF-RAY': '893151a9dd087fff-IAD', 'alt-svc': 'h3=":443"; ma=86400'} 
 body={"results":[{"gender":"female","name":{"title":"Mrs","first":"Meike","last":"Nikolaus"},"location":{"street":{"number":5096,"name":"Dorfstraße"},"city":"Neu-Ulm","state":"Bayern","country":"Germany","postcode":31227,"coordinates":{"latitude":"-52.3473","longitude":"37.6197"},"timezone":{"offset":"+5:45","description":"Kathmandu"}},"email":"meike.nikolaus@example.com","login":{"uuid":"b97c8391-349e-42a5-80d8-48e9644a5384","username":"orangeelephant574","password":"skin","salt":"qK4kOwca","md5":"bcf9f27b5e71726c411a47cd206a2ab5","sha1":"deb48568fa82981a3ec70e39fb12adc2037f10ee","sha256":"0a43b13eda5c3cfcde0bb2c2295ea1191abcb9a3af044aa6a7f2a54c8bcbe9d5"},"dob":{"date":"1994-10-20T15:25:41.641Z","age":29},"registered":{"date":"2014-05-17T00:18:20.218Z","age":10},"phone":"0226-3252421","cell":"0178-5605581","id":{"name":"SVNR","value":"67 201094 N 713"},"picture":{"large":"https://randomuser.me/api/portraits/women/37.jpg","medium":"https://randomuser.me/api/portraits/med/women/37.jpg","thumbnail":"https://randomuser.me/api/portraits/thumb/women/37.jpg"},"nat":"DE"}],"info":{"seed":"2f2cfc97accd5992","results":1,"page":1,"version":"1.4"}} 
 </msg>
<msg time="2024-06-13T10:15:21.939847" level="INFO">/opt/hostedtoolcache/Python/3.12.3/x64/lib/python3.12/site-packages/urllib3/connectionpool.py:1103: InsecureRequestWarning: Unverified HTTPS request is being made to host 'randomuser.me'. Adding certificate verification is strongly advised. See: https://urllib3.readthedocs.io/en/latest/advanced-usage.html#tls-warnings
  warnings.warn(</msg>
<msg time="2024-06-13T10:15:21.940018" level="INFO">${response} = &lt;Response [200]&gt;</msg>
<var>${response}</var>
<arg>consultarAPI</arg>
<arg>/api</arg>
<doc>Sends a GET request on a previously created HTTP Session.</doc>
<status status="PASS" start="2024-06-13T10:15:21.755081" elapsed="0.184984"/>
</kw>
<kw name="Should Be Equal As Numbers" owner="BuiltIn">
<msg time="2024-06-13T10:15:21.941015" level="INFO">Argument types are:
&lt;class 'int'&gt;
&lt;class 'str'&gt;</msg>
<arg>${response.status_code}</arg>
<arg>200</arg>
<doc>Fails if objects are unequal after converting them to real numbers.</doc>
<status status="PASS" start="2024-06-13T10:15:21.940569" elapsed="0.000511"/>
</kw>
<kw name="Log" owner="BuiltIn">
<msg time="2024-06-13T10:15:21.941782" level="INFO">200</msg>
<arg>${response.status_code}</arg>
<doc>Logs the given message with the given level.</doc>
<status status="PASS" start="2024-06-13T10:15:21.941426" elapsed="0.000403"/>
</kw>
<kw name="Set Variable" owner="BuiltIn">
<msg time="2024-06-13T10:15:21.942585" level="INFO">${json_data} = {'results': [{'gender': 'female', 'name': {'title': 'Mrs', 'first': 'Meike', 'last': 'Nikolaus'}, 'location': {'street': {'number': 5096, 'name': 'Dorfstraße'}, 'city': 'Neu-Ulm', 'state': 'Bayern', '...</msg>
<var>${json_data}</var>
<arg>${response.json()}</arg>
<doc>Returns the given values which can then be assigned to a variables.</doc>
<status status="PASS" start="2024-06-13T10:15:21.942140" elapsed="0.000476"/>
</kw>
<kw name="Dictionary Should Contain Key" owner="Collections">
<arg>${json_data}</arg>
<arg>results</arg>
<doc>Fails if ``key`` is not found from ``dictionary``.</doc>
<status status="PASS" start="2024-06-13T10:15:21.942973" elapsed="0.000169"/>
</kw>
<status status="PASS" start="2024-06-13T10:15:21.754842" elapsed="0.188454"/>
</kw>
<doc>Testa se a API responde corretamente e retorna um objeto JSON válido.</doc>
<tag>testeRequisicaoBasica</tag>
<status status="PASS" start="2024-06-13T10:15:21.754269" elapsed="0.189207"/>
</test>
<test id="s1-s1-t3" name="Validar estrutura de resposta" line="22">
<kw name="Teste de Estrutura de Resposta" owner="random-user-service">
<kw name="GET On Session" owner="RequestsLibrary">
<msg time="2024-06-13T10:15:22.042277" level="INFO">GET Request : url=https://randomuser.me/api 
 path_url=/api 
 headers={'User-Agent': 'python-requests/2.32.3', 'Accept-Encoding': 'gzip, deflate', 'Accept': '*/*', 'Connection': 'keep-alive'} 
 body=None 
 </msg>
<msg time="2024-06-13T10:15:22.042359" level="INFO">GET Response : url=https://randomuser.me/api 
 status=200, reason=OK 
 headers={'Date': 'Thu, 13 Jun 2024 10:15:22 GMT', 'Content-Type': 'application/json; charset=utf-8', 'Transfer-Encoding': 'chunked', 'Connection': 'keep-alive', 'X-Powered-By': 'Express', 'Access-Control-Allow-Origin': '*', 'Cache-Control': 'no-cache', 'ETag': 'W/"491-3VteJcZ9/w8J1AsSu3zD79KdmCA"', 'Vary': 'Accept-Encoding', 'Content-Encoding': 'gzip', 'CF-Cache-Status': 'DYNAMIC', 'Report-To': '{"endpoints":[{"url":"https:\\/\\/a.nel.cloudflare.com\\/report\\/v4?s=Fjn4fayOjdpRlr8QnZK7SwvhKtIVuVSz%2FP4fE6dOqZn%2BGY1dG6cTJMsjqvSPtyq%2BXupi4KLTBO10Yhv69cBZqXig5trYQ5mQqJ88fQAA5FB%2BLkCZrC4yWvYHdxtCTqqd"}],"group":"cf-nel","max_age":604800}', 'NEL': '{"success_fraction":0,"report_to":"cf-nel","max_age":604800}', 'Server': 'cloudflare', 'CF-RAY': '893151aa2d4d7fff-IAD', 'alt-svc': 'h3=":443"; ma=86400'} 
 body={"results":[{"gender":"male","name":{"title":"Mr","first":"Carlos","last":"Giménez"},"location":{"street":{"number":9274,"name":"Avenida de América"},"city":"Vigo","state":"País Vasco","country":"Spain","postcode":11071,"coordinates":{"latitude":"-37.5211","longitude":"-105.0800"},"timezone":{"offset":"+5:30","description":"Bombay, Calcutta, Madras, New Delhi"}},"email":"carlos.gimenez@example.com","login":{"uuid":"25be0ff0-57bf-4be3-82d2-f04f5e4cbb0e","username":"ticklishcat970","password":"belly","salt":"wCS7T3nq","md5":"8f3f417b40eae493903bc45e1fb07950","sha1":"a3b81c4f3c39d841710d09b8a98107aa75755ebf","sha256":"4664ebdef800986b1d6c197311be8124da4191cee5f83953ca1dc1d655d57ce6"},"dob":{"date":"1945-11-28T13:45:51.831Z","age":78},"registered":{"date":"2007-09-29T15:31:31.826Z","age":16},"phone":"939-377-709","cell":"651-969-608","id":{"name":"DNI","value":"77109773-Q"},"picture":{"large":"https://randomuser.me/api/portraits/men/95.jpg","medium":"https://randomuser.me/api/portraits/med/men/95.jpg","thumbnail":"https://randomuser.me/api/portraits/thumb/men/95.jpg"},"nat":"ES"}],"info":{"seed":"7ac6e493e2e5118a","results":1,"page":1,"version":"1.4"}} 
 </msg>
<msg time="2024-06-13T10:15:22.042485" level="INFO">/opt/hostedtoolcache/Python/3.12.3/x64/lib/python3.12/site-packages/urllib3/connectionpool.py:1103: InsecureRequestWarning: Unverified HTTPS request is being made to host 'randomuser.me'. Adding certificate verification is strongly advised. See: https://urllib3.readthedocs.io/en/latest/advanced-usage.html#tls-warnings
  warnings.warn(</msg>
<msg time="2024-06-13T10:15:22.042598" level="INFO">${response} = &lt;Response [200]&gt;</msg>
<var>${response}</var>
<arg>consultarAPI</arg>
<arg>/api</arg>
<doc>Sends a GET request on a previously created HTTP Session.</doc>
<status status="PASS" start="2024-06-13T10:15:21.946134" elapsed="0.096536"/>
</kw>
<kw name="Set Variable" owner="BuiltIn">
<msg time="2024-06-13T10:15:22.043576" level="INFO">${json_data} = {'results': [{'gender': 'male', 'name': {'title': 'Mr', 'first': 'Carlos', 'last': 'Giménez'}, 'location': {'street': {'number': 9274, 'name': 'Avenida de América'}, 'city': 'Vigo', 'state': 'País Vas...</msg>
<var>${json_data}</var>
<arg>${response.json()}</arg>
<doc>Returns the given values which can then be assigned to a variables.</doc>
<status status="PASS" start="2024-06-13T10:15:22.043113" elapsed="0.000492"/>
</kw>
<kw name="Log" owner="BuiltIn">
<msg time="2024-06-13T10:15:22.044069" level="INFO">{'results': [{'gender': 'male', 'name': {'title': 'Mr', 'first': 'Carlos', 'last': 'Giménez'}, 'location': {'street': {'number': 9274, 'name': 'Avenida de América'}, 'city': 'Vigo', 'state': 'País Vasco', 'country': 'Spain', 'postcode': 11071, 'coordinates': {'latitude': '-37.5211', 'longitude': '-105.0800'}, 'timezone': {'offset': '+5:30', 'description': 'Bombay, Calcutta, Madras, New Delhi'}}, 'email': 'carlos.gimenez@example.com', 'login': {'uuid': '25be0ff0-57bf-4be3-82d2-f04f5e4cbb0e', 'username': 'ticklishcat970', 'password': 'belly', 'salt': 'wCS7T3nq', 'md5': '8f3f417b40eae493903bc45e1fb07950', 'sha1': 'a3b81c4f3c39d841710d09b8a98107aa75755ebf', 'sha256': '4664ebdef800986b1d6c197311be8124da4191cee5f83953ca1dc1d655d57ce6'}, 'dob': {'date': '1945-11-28T13:45:51.831Z', 'age': 78}, 'registered': {'date': '2007-09-29T15:31:31.826Z', 'age': 16}, 'phone': '939-377-709', 'cell': '651-969-608', 'id': {'name': 'DNI', 'value': '77109773-Q'}, 'picture': {'large': 'https://randomuser.me/api/portraits/men/95.jpg', 'medium': 'https://randomuser.me/api/portraits/med/men/95.jpg', 'thumbnail': 'https://randomuser.me/api/portraits/thumb/men/95.jpg'}, 'nat': 'ES'}], 'info': {'seed': '7ac6e493e2e5118a', 'results': 1, 'page': 1, 'version': '1.4'}}</msg>
<arg>${json_data}</arg>
<doc>Logs the given message with the given level.</doc>
<status status="PASS" start="2024-06-13T10:15:22.043910" elapsed="0.000213"/>
</kw>
<kw name="Dictionary Should Contain Key" owner="Collections">
<arg>${json_data}</arg>
<arg>results</arg>
<doc>Fails if ``key`` is not found from ``dictionary``.</doc>
<status status="PASS" start="2024-06-13T10:15:22.044421" elapsed="0.000156"/>
</kw>
<kw name="Should Not Be Empty" owner="BuiltIn">
<msg time="2024-06-13T10:15:22.044896" level="INFO">Length is 2.</msg>
<arg>${json_data}</arg>
<doc>Verifies that the given item is not empty.</doc>
<status status="PASS" start="2024-06-13T10:15:22.044767" elapsed="0.000167"/>
</kw>
<kw name="Create List" owner="BuiltIn">
<msg time="2024-06-13T10:15:22.045369" level="INFO">${expected_keys} = ['gender', 'name', 'location', 'email', 'login']</msg>
<var>${expected_keys}</var>
<arg>gender</arg>
<arg>name</arg>
<arg>location</arg>
<arg>email</arg>
<arg>login</arg>
<doc>Returns a list containing given items.</doc>
<status status="PASS" start="2024-06-13T10:15:22.045220" elapsed="0.000173"/>
</kw>
<for flavor="IN">
<iter>
<kw name="Dictionary Should Contain Key" owner="Collections">
<arg>${json_data['results'][0]}</arg>
<arg>${key}</arg>
<doc>Fails if ``key`` is not found from ``dictionary``.</doc>
<status status="PASS" start="2024-06-13T10:15:22.046113" elapsed="0.000400"/>
</kw>
<kw name="Log" owner="BuiltIn">
<msg time="2024-06-13T10:15:22.047116" level="INFO">{'gender': 'male', 'name': {'title': 'Mr', 'first': 'Carlos', 'last': 'Giménez'}, 'location': {'street': {'number': 9274, 'name': 'Avenida de América'}, 'city': 'Vigo', 'state': 'País Vasco', 'country': 'Spain', 'postcode': 11071, 'coordinates': {'latitude': '-37.5211', 'longitude': '-105.0800'}, 'timezone': {'offset': '+5:30', 'description': 'Bombay, Calcutta, Madras, New Delhi'}}, 'email': 'carlos.gimenez@example.com', 'login': {'uuid': '25be0ff0-57bf-4be3-82d2-f04f5e4cbb0e', 'username': 'ticklishcat970', 'password': 'belly', 'salt': 'wCS7T3nq', 'md5': '8f3f417b40eae493903bc45e1fb07950', 'sha1': 'a3b81c4f3c39d841710d09b8a98107aa75755ebf', 'sha256': '4664ebdef800986b1d6c197311be8124da4191cee5f83953ca1dc1d655d57ce6'}, 'dob': {'date': '1945-11-28T13:45:51.831Z', 'age': 78}, 'registered': {'date': '2007-09-29T15:31:31.826Z', 'age': 16}, 'phone': '939-377-709', 'cell': '651-969-608', 'id': {'name': 'DNI', 'value': '77109773-Q'}, 'picture': {'large': 'https://randomuser.me/api/portraits/men/95.jpg', 'medium': 'https://randomuser.me/api/portraits/med/men/95.jpg', 'thumbnail': 'https://randomuser.me/api/portraits/thumb/men/95.jpg'}, 'nat': 'ES'}</msg>
<arg>${json_data['results'][0]}</arg>
<doc>Logs the given message with the given level.</doc>
<status status="PASS" start="2024-06-13T10:15:22.046739" elapsed="0.000429"/>
</kw>
<kw name="Log" owner="BuiltIn">
<msg time="2024-06-13T10:15:22.047597" level="INFO">gender</msg>
<arg>${key}</arg>
<doc>Logs the given message with the given level.</doc>
<status status="PASS" start="2024-06-13T10:15:22.047468" elapsed="0.000167"/>
</kw>
<var name="${key}">gender</var>
<status status="PASS" start="2024-06-13T10:15:22.045981" elapsed="0.001873"/>
</iter>
<iter>
<kw name="Dictionary Should Contain Key" owner="Collections">
<arg>${json_data['results'][0]}</arg>
<arg>${key}</arg>
<doc>Fails if ``key`` is not found from ``dictionary``.</doc>
<status status="PASS" start="2024-06-13T10:15:22.048154" elapsed="0.000390"/>
</kw>
<kw name="Log" owner="BuiltIn">
<msg time="2024-06-13T10:15:22.049082" level="INFO">{'gender': 'male', 'name': {'title': 'Mr', 'first': 'Carlos', 'last': 'Giménez'}, 'location': {'street': {'number': 9274, 'name': 'Avenida de América'}, 'city': 'Vigo', 'state': 'País Vasco', 'country': 'Spain', 'postcode': 11071, 'coordinates': {'latitude': '-37.5211', 'longitude': '-105.0800'}, 'timezone': {'offset': '+5:30', 'description': 'Bombay, Calcutta, Madras, New Delhi'}}, 'email': 'carlos.gimenez@example.com', 'login': {'uuid': '25be0ff0-57bf-4be3-82d2-f04f5e4cbb0e', 'username': 'ticklishcat970', 'password': 'belly', 'salt': 'wCS7T3nq', 'md5': '8f3f417b40eae493903bc45e1fb07950', 'sha1': 'a3b81c4f3c39d841710d09b8a98107aa75755ebf', 'sha256': '4664ebdef800986b1d6c197311be8124da4191cee5f83953ca1dc1d655d57ce6'}, 'dob': {'date': '1945-11-28T13:45:51.831Z', 'age': 78}, 'registered': {'date': '2007-09-29T15:31:31.826Z', 'age': 16}, 'phone': '939-377-709', 'cell': '651-969-608', 'id': {'name': 'DNI', 'value': '77109773-Q'}, 'picture': {'large': 'https://randomuser.me/api/portraits/men/95.jpg', 'medium': 'https://randomuser.me/api/portraits/med/men/95.jpg', 'thumbnail': 'https://randomuser.me/api/portraits/thumb/men/95.jpg'}, 'nat': 'ES'}</msg>
<arg>${json_data['results'][0]}</arg>
<doc>Logs the given message with the given level.</doc>
<status status="PASS" start="2024-06-13T10:15:22.048731" elapsed="0.000444"/>
</kw>
<kw name="Log" owner="BuiltIn">
<msg time="2024-06-13T10:15:22.049602" level="INFO">name</msg>
<arg>${key}</arg>
<doc>Logs the given message with the given level.</doc>
<status status="PASS" start="2024-06-13T10:15:22.049475" elapsed="0.000165"/>
</kw>
<var name="${key}">name</var>
<status status="PASS" start="2024-06-13T10:15:22.048043" elapsed="0.001815"/>
</iter>
<iter>
<kw name="Dictionary Should Contain Key" owner="Collections">
<arg>${json_data['results'][0]}</arg>
<arg>${key}</arg>
<doc>Fails if ``key`` is not found from ``dictionary``.</doc>
<status status="PASS" start="2024-06-13T10:15:22.050149" elapsed="0.000385"/>
</kw>
<kw name="Log" owner="BuiltIn">
<msg time="2024-06-13T10:15:22.051129" level="INFO">{'gender': 'male', 'name': {'title': 'Mr', 'first': 'Carlos', 'last': 'Giménez'}, 'location': {'street': {'number': 9274, 'name': 'Avenida de América'}, 'city': 'Vigo', 'state': 'País Vasco', 'country': 'Spain', 'postcode': 11071, 'coordinates': {'latitude': '-37.5211', 'longitude': '-105.0800'}, 'timezone': {'offset': '+5:30', 'description': 'Bombay, Calcutta, Madras, New Delhi'}}, 'email': 'carlos.gimenez@example.com', 'login': {'uuid': '25be0ff0-57bf-4be3-82d2-f04f5e4cbb0e', 'username': 'ticklishcat970', 'password': 'belly', 'salt': 'wCS7T3nq', 'md5': '8f3f417b40eae493903bc45e1fb07950', 'sha1': 'a3b81c4f3c39d841710d09b8a98107aa75755ebf', 'sha256': '4664ebdef800986b1d6c197311be8124da4191cee5f83953ca1dc1d655d57ce6'}, 'dob': {'date': '1945-11-28T13:45:51.831Z', 'age': 78}, 'registered': {'date': '2007-09-29T15:31:31.826Z', 'age': 16}, 'phone': '939-377-709', 'cell': '651-969-608', 'id': {'name': 'DNI', 'value': '77109773-Q'}, 'picture': {'large': 'https://randomuser.me/api/portraits/men/95.jpg', 'medium': 'https://randomuser.me/api/portraits/med/men/95.jpg', 'thumbnail': 'https://randomuser.me/api/portraits/thumb/men/95.jpg'}, 'nat': 'ES'}</msg>
<arg>${json_data['results'][0]}</arg>
<doc>Logs the given message with the given level.</doc>
<status status="PASS" start="2024-06-13T10:15:22.050744" elapsed="0.000437"/>
</kw>
<kw name="Log" owner="BuiltIn">
<msg time="2024-06-13T10:15:22.051608" level="INFO">location</msg>
<arg>${key}</arg>
<doc>Logs the given message with the given level.</doc>
<status status="PASS" start="2024-06-13T10:15:22.051481" elapsed="0.000164"/>
</kw>
<var name="${key}">location</var>
<status status="PASS" start="2024-06-13T10:15:22.050039" elapsed="0.001823"/>
</iter>
<iter>
<kw name="Dictionary Should Contain Key" owner="Collections">
<arg>${json_data['results'][0]}</arg>
<arg>${key}</arg>
<doc>Fails if ``key`` is not found from ``dictionary``.</doc>
<status status="PASS" start="2024-06-13T10:15:22.052143" elapsed="0.000397"/>
</kw>
<kw name="Log" owner="BuiltIn">
<msg time="2024-06-13T10:15:22.053081" level="INFO">{'gender': 'male', 'name': {'title': 'Mr', 'first': 'Carlos', 'last': 'Giménez'}, 'location': {'street': {'number': 9274, 'name': 'Avenida de América'}, 'city': 'Vigo', 'state': 'País Vasco', 'country': 'Spain', 'postcode': 11071, 'coordinates': {'latitude': '-37.5211', 'longitude': '-105.0800'}, 'timezone': {'offset': '+5:30', 'description': 'Bombay, Calcutta, Madras, New Delhi'}}, 'email': 'carlos.gimenez@example.com', 'login': {'uuid': '25be0ff0-57bf-4be3-82d2-f04f5e4cbb0e', 'username': 'ticklishcat970', 'password': 'belly', 'salt': 'wCS7T3nq', 'md5': '8f3f417b40eae493903bc45e1fb07950', 'sha1': 'a3b81c4f3c39d841710d09b8a98107aa75755ebf', 'sha256': '4664ebdef800986b1d6c197311be8124da4191cee5f83953ca1dc1d655d57ce6'}, 'dob': {'date': '1945-11-28T13:45:51.831Z', 'age': 78}, 'registered': {'date': '2007-09-29T15:31:31.826Z', 'age': 16}, 'phone': '939-377-709', 'cell': '651-969-608', 'id': {'name': 'DNI', 'value': '77109773-Q'}, 'picture': {'large': 'https://randomuser.me/api/portraits/men/95.jpg', 'medium': 'https://randomuser.me/api/portraits/med/men/95.jpg', 'thumbnail': 'https://randomuser.me/api/portraits/thumb/men/95.jpg'}, 'nat': 'ES'}</msg>
<arg>${json_data['results'][0]}</arg>
<doc>Logs the given message with the given level.</doc>
<status status="PASS" start="2024-06-13T10:15:22.052725" elapsed="0.000408"/>
</kw>
<kw name="Log" owner="BuiltIn">
<msg time="2024-06-13T10:15:22.053561" level="INFO">email</msg>
<arg>${key}</arg>
<doc>Logs the given message with the given level.</doc>
<status status="PASS" start="2024-06-13T10:15:22.053435" elapsed="0.000165"/>
</kw>
<var name="${key}">email</var>
<status status="PASS" start="2024-06-13T10:15:22.052036" elapsed="0.001779"/>
</iter>
<iter>
<kw name="Dictionary Should Contain Key" owner="Collections">
<arg>${json_data['results'][0]}</arg>
<arg>${key}</arg>
<doc>Fails if ``key`` is not found from ``dictionary``.</doc>
<status status="PASS" start="2024-06-13T10:15:22.054096" elapsed="0.000396"/>
</kw>
<kw name="Log" owner="BuiltIn">
<msg time="2024-06-13T10:15:22.055079" level="INFO">{'gender': 'male', 'name': {'title': 'Mr', 'first': 'Carlos', 'last': 'Giménez'}, 'location': {'street': {'number': 9274, 'name': 'Avenida de América'}, 'city': 'Vigo', 'state': 'País Vasco', 'country': 'Spain', 'postcode': 11071, 'coordinates': {'latitude': '-37.5211', 'longitude': '-105.0800'}, 'timezone': {'offset': '+5:30', 'description': 'Bombay, Calcutta, Madras, New Delhi'}}, 'email': 'carlos.gimenez@example.com', 'login': {'uuid': '25be0ff0-57bf-4be3-82d2-f04f5e4cbb0e', 'username': 'ticklishcat970', 'password': 'belly', 'salt': 'wCS7T3nq', 'md5': '8f3f417b40eae493903bc45e1fb07950', 'sha1': 'a3b81c4f3c39d841710d09b8a98107aa75755ebf', 'sha256': '4664ebdef800986b1d6c197311be8124da4191cee5f83953ca1dc1d655d57ce6'}, 'dob': {'date': '1945-11-28T13:45:51.831Z', 'age': 78}, 'registered': {'date': '2007-09-29T15:31:31.826Z', 'age': 16}, 'phone': '939-377-709', 'cell': '651-969-608', 'id': {'name': 'DNI', 'value': '77109773-Q'}, 'picture': {'large': 'https://randomuser.me/api/portraits/men/95.jpg', 'medium': 'https://randomuser.me/api/portraits/med/men/95.jpg', 'thumbnail': 'https://randomuser.me/api/portraits/thumb/men/95.jpg'}, 'nat': 'ES'}</msg>
<arg>${json_data['results'][0]}</arg>
<doc>Logs the given message with the given level.</doc>
<status status="PASS" start="2024-06-13T10:15:22.054716" elapsed="0.000414"/>
</kw>
<kw name="Log" owner="BuiltIn">
<msg time="2024-06-13T10:15:22.055556" level="INFO">login</msg>
<arg>${key}</arg>
<doc>Logs the given message with the given level.</doc>
<status status="PASS" start="2024-06-13T10:15:22.055429" elapsed="0.000165"/>
</kw>
<var name="${key}">login</var>
<status status="PASS" start="2024-06-13T10:15:22.053988" elapsed="0.001821"/>
</iter>
<var>${key}</var>
<value>@{expected_keys}</value>
<status status="PASS" start="2024-06-13T10:15:22.045792" elapsed="0.010137"/>
</for>
<kw name="Create List" owner="BuiltIn">
<msg time="2024-06-13T10:15:22.056260" level="INFO">${expected_keysTwo} = ['username', 'password']</msg>
<var>${expected_keysTwo}</var>
<arg>username</arg>
<arg>password</arg>
<doc>Returns a list containing given items.</doc>
<status status="PASS" start="2024-06-13T10:15:22.056121" elapsed="0.000191"/>
</kw>
<for flavor="IN">
<iter>
<kw name="Dictionary Should Contain Key" owner="Collections">
<arg>${json_data['results'][0]['login']}</arg>
<arg>${keyTwo}</arg>
<doc>Fails if ``key`` is not found from ``dictionary``.</doc>
<status status="PASS" start="2024-06-13T10:15:22.056822" elapsed="0.000386"/>
</kw>
<kw name="Dictionary Should Contain Key" owner="Collections">
<arg>${json_data['results'][0]['login']}</arg>
<arg>${keyTwo}</arg>
<doc>Fails if ``key`` is not found from ``dictionary``.</doc>
<status status="PASS" start="2024-06-13T10:15:22.057392" elapsed="0.000377"/>
</kw>
<kw name="Log" owner="BuiltIn">
<msg time="2024-06-13T10:15:22.058065" level="INFO">username</msg>
<arg>${keyTwo}</arg>
<doc>Logs the given message with the given level.</doc>
<status status="PASS" start="2024-06-13T10:15:22.057948" elapsed="0.000160"/>
</kw>
<var name="${keyTwo}">username</var>
<status status="PASS" start="2024-06-13T10:15:22.056712" elapsed="0.001616"/>
</iter>
<iter>
<kw name="Dictionary Should Contain Key" owner="Collections">
<arg>${json_data['results'][0]['login']}</arg>
<arg>${keyTwo}</arg>
<doc>Fails if ``key`` is not found from ``dictionary``.</doc>
<status status="PASS" start="2024-06-13T10:15:22.058610" elapsed="0.000414"/>
</kw>
<kw name="Dictionary Should Contain Key" owner="Collections">
<arg>${json_data['results'][0]['login']}</arg>
<arg>${keyTwo}</arg>
<doc>Fails if ``key`` is not found from ``dictionary``.</doc>
<status status="PASS" start="2024-06-13T10:15:22.059203" elapsed="0.000367"/>
</kw>
<kw name="Log" owner="BuiltIn">
<msg time="2024-06-13T10:15:22.059867" level="INFO">password</msg>
<arg>${keyTwo}</arg>
<doc>Logs the given message with the given level.</doc>
<status status="PASS" start="2024-06-13T10:15:22.059747" elapsed="0.000156"/>
</kw>
<var name="${keyTwo}">password</var>
<status status="PASS" start="2024-06-13T10:15:22.058504" elapsed="0.001619"/>
</iter>
<var>${keyTwo}</var>
<value>@{expected_keysTwo}</value>
<status status="PASS" start="2024-06-13T10:15:22.056559" elapsed="0.003684"/>
</for>
<status status="PASS" start="2024-06-13T10:15:21.945895" elapsed="0.114486"/>
</kw>
<doc>Testa a estrutura da resposta da API.</doc>
<tag>testeEstruturaResposta</tag>
<status status="PASS" start="2024-06-13T10:15:21.945318" elapsed="0.115211"/>
</test>
<test id="s1-s1-t4" name="Validar tipos de dados" line="28">
<kw name="Teste de Tipos de Dados" owner="random-user-service">
<kw name="GET On Session" owner="RequestsLibrary">
<msg time="2024-06-13T10:15:22.134216" level="INFO">GET Request : url=https://randomuser.me/api 
 path_url=/api 
 headers={'User-Agent': 'python-requests/2.32.3', 'Accept-Encoding': 'gzip, deflate', 'Accept': '*/*', 'Connection': 'keep-alive'} 
 body=None 
 </msg>
<msg time="2024-06-13T10:15:22.134305" level="INFO">GET Response : url=https://randomuser.me/api 
 status=200, reason=OK 
 headers={'Date': 'Thu, 13 Jun 2024 10:15:22 GMT', 'Content-Type': 'application/json; charset=utf-8', 'Transfer-Encoding': 'chunked', 'Connection': 'keep-alive', 'X-Powered-By': 'Express', 'Access-Control-Allow-Origin': '*', 'Cache-Control': 'no-cache', 'ETag': 'W/"49b-QoAGFA+Flg06C6Dbf9hYXjPQa4s"', 'Vary': 'Accept-Encoding', 'Content-Encoding': 'gzip', 'CF-Cache-Status': 'DYNAMIC', 'Report-To': '{"endpoints":[{"url":"https:\\/\\/a.nel.cloudflare.com\\/report\\/v4?s=aI56gBks3dvsdWTD%2FC3dDQVa3oQaA3Tw%2BLD71UsaF%2BeK7lnetAe7DRn86S0RWW4YIOTid5q2Vr%2B8Z%2FXoO61T452UqnTAovttFPbj2cnn0AYteR0exgsn44sLVpfsKgZx"}],"group":"cf-nel","max_age":604800}', 'NEL': '{"success_fraction":0,"report_to":"cf-nel","max_age":604800}', 'Server': 'cloudflare', 'CF-RAY': '893151aaeddb7fff-IAD', 'alt-svc': 'h3=":443"; ma=86400'} 
 body={"results":[{"gender":"male","name":{"title":"Monsieur","first":"Petar","last":"Philippe"},"location":{"street":{"number":842,"name":"Rue Abel"},"city":"Orny","state":"Nidwalden","country":"Switzerland","postcode":7846,"coordinates":{"latitude":"-61.0726","longitude":"-39.1915"},"timezone":{"offset":"+5:00","description":"Ekaterinburg, Islamabad, Karachi, Tashkent"}},"email":"petar.philippe@example.com","login":{"uuid":"ccb15a81-caea-4644-9a37-a70cc199320e","username":"bluekoala709","password":"noway","salt":"XP5OyrqK","md5":"f51fc46c8079d0f529d53efc64b21550","sha1":"00e15b78b1b3591e83da866d5ac7780de61bd768","sha256":"e4e097128482b718e2e5c7eab0fd84e07d2bb0421b55eb84d75e3cc200e4fb0b"},"dob":{"date":"1972-05-25T11:29:00.553Z","age":52},"registered":{"date":"2003-01-15T01:15:13.852Z","age":21},"phone":"075 652 10 95","cell":"079 692 92 02","id":{"name":"AVS","value":"756.1977.0809.76"},"picture":{"large":"https://randomuser.me/api/portraits/men/76.jpg","medium":"https://randomuser.me/api/portraits/med/men/76.jpg","thumbnail":"https://randomuser.me/api/portraits/thumb/men/76.jpg"},"nat":"CH"}],"info":{"seed":"7f9544f0ea5b95a3","results":1,"page":1,"version":"1.4"}} 
 </msg>
<msg time="2024-06-13T10:15:22.134370" level="INFO">/opt/hostedtoolcache/Python/3.12.3/x64/lib/python3.12/site-packages/urllib3/connectionpool.py:1103: InsecureRequestWarning: Unverified HTTPS request is being made to host 'randomuser.me'. Adding certificate verification is strongly advised. See: https://urllib3.readthedocs.io/en/latest/advanced-usage.html#tls-warnings
  warnings.warn(</msg>
<msg time="2024-06-13T10:15:22.134470" level="INFO">${response} = &lt;Response [200]&gt;</msg>
<var>${response}</var>
<arg>consultarAPI</arg>
<arg>/api</arg>
<doc>Sends a GET request on a previously created HTTP Session.</doc>
<status status="PASS" start="2024-06-13T10:15:22.063061" elapsed="0.071438"/>
</kw>
<kw name="Set Variable" owner="BuiltIn">
<msg time="2024-06-13T10:15:22.135475" level="INFO">${json_data} = {'results': [{'gender': 'male', 'name': {'title': 'Monsieur', 'first': 'Petar', 'last': 'Philippe'}, 'location': {'street': {'number': 842, 'name': 'Rue Abel'}, 'city': 'Orny', 'state': 'Nidwalden', '...</msg>
<var>${json_data}</var>
<arg>${response.json()}</arg>
<doc>Returns the given values which can then be assigned to a variables.</doc>
<status status="PASS" start="2024-06-13T10:15:22.134979" elapsed="0.000525"/>
</kw>
<kw name="Log" owner="BuiltIn">
<msg time="2024-06-13T10:15:22.135984" level="INFO">{'results': [{'gender': 'male', 'name': {'title': 'Monsieur', 'first': 'Petar', 'last': 'Philippe'}, 'location': {'street': {'number': 842, 'name': 'Rue Abel'}, 'city': 'Orny', 'state': 'Nidwalden', 'country': 'Switzerland', 'postcode': 7846, 'coordinates': {'latitude': '-61.0726', 'longitude': '-39.1915'}, 'timezone': {'offset': '+5:00', 'description': 'Ekaterinburg, Islamabad, Karachi, Tashkent'}}, 'email': 'petar.philippe@example.com', 'login': {'uuid': 'ccb15a81-caea-4644-9a37-a70cc199320e', 'username': 'bluekoala709', 'password': 'noway', 'salt': 'XP5OyrqK', 'md5': 'f51fc46c8079d0f529d53efc64b21550', 'sha1': '00e15b78b1b3591e83da866d5ac7780de61bd768', 'sha256': 'e4e097128482b718e2e5c7eab0fd84e07d2bb0421b55eb84d75e3cc200e4fb0b'}, 'dob': {'date': '1972-05-25T11:29:00.553Z', 'age': 52}, 'registered': {'date': '2003-01-15T01:15:13.852Z', 'age': 21}, 'phone': '075 652 10 95', 'cell': '079 692 92 02', 'id': {'name': 'AVS', 'value': '756.1977.0809.76'}, 'picture': {'large': 'https://randomuser.me/api/portraits/men/76.jpg', 'medium': 'https://randomuser.me/api/portraits/med/men/76.jpg', 'thumbnail': 'https://randomuser.me/api/portraits/thumb/men/76.jpg'}, 'nat': 'CH'}], 'info': {'seed': '7f9544f0ea5b95a3', 'results': 1, 'page': 1, 'version': '1.4'}}</msg>
<arg>${json_data}</arg>
<doc>Logs the given message with the given level.</doc>
<status status="PASS" start="2024-06-13T10:15:22.135826" elapsed="0.000204"/>
</kw>
<kw name="Should Be String" owner="String">
<arg>${json_data['results'][0]['gender']}</arg>
<doc>Fails if the given ``item`` is not a string.</doc>
<status status="PASS" start="2024-06-13T10:15:22.136322" elapsed="0.000362"/>
</kw>
<kw name="Should Match Regexp" owner="BuiltIn">
<arg>${json_data['results'][0]['email']}</arg>
<arg>^[a-zA-Z0-9._%+-]+@[a-zA-Z0-9.-]+\.[a-zA-Z]{2,}$</arg>
<doc>Fails if ``string`` does not match ``pattern`` as a regular expression.</doc>
<status status="PASS" start="2024-06-13T10:15:22.136872" elapsed="0.000563"/>
</kw>
<kw name="Should Match Regexp" owner="BuiltIn">
<arg>${json_data['results'][0]['dob']['date']}</arg>
<arg>\\d{4}-\\d{2}-\\d{2}T\\d{2}:\\d{2}:\\d{2}\\.\\d{3}Z</arg>
<doc>Fails if ``string`` does not match ``pattern`` as a regular expression.</doc>
<status status="PASS" start="2024-06-13T10:15:22.137635" elapsed="0.000492"/>
</kw>
<kw name="Should Match Regexp" owner="BuiltIn">
<arg>${json_data['results'][0]['registered']['date']}</arg>
<arg>\\d{4}-\\d{2}-\\d{2}T\\d{2}:\\d{2}:\\d{2}\\.\\d{3}Z</arg>
<doc>Fails if ``string`` does not match ``pattern`` as a regular expression.</doc>
<status status="PASS" start="2024-06-13T10:15:22.138320" elapsed="0.000421"/>
</kw>
<kw name="Should Match Regexp" owner="BuiltIn">
<arg>${json_data['results'][0]['picture']['large']}</arg>
<arg>^https?://.*\.(?:png|jpe?g|gif|bmp)$</arg>
<doc>Fails if ``string`` does not match ``pattern`` as a regular expression.</doc>
<status status="PASS" start="2024-06-13T10:15:22.138934" elapsed="0.000465"/>
</kw>
<kw name="Should Match Regexp" owner="BuiltIn">
<arg>${json_data['results'][0]['picture']['medium']}</arg>
<arg>^https?://.*\.(?:png|jpe?g|gif|bmp)$</arg>
<doc>Fails if ``string`` does not match ``pattern`` as a regular expression.</doc>
<status status="PASS" start="2024-06-13T10:15:22.139591" elapsed="0.000408"/>
</kw>
<kw name="Should Match Regexp" owner="BuiltIn">
<arg>${json_data['results'][0]['picture']['thumbnail']}</arg>
<arg>^https?://.*\.(?:png|jpe?g|gif|bmp)$</arg>
<doc>Fails if ``string`` does not match ``pattern`` as a regular expression.</doc>
<status status="PASS" start="2024-06-13T10:15:22.140203" elapsed="0.000356"/>
</kw>
<kw name="Log" owner="BuiltIn">
<msg time="2024-06-13T10:15:22.141077" level="INFO">{'large': 'https://randomuser.me/api/portraits/men/76.jpg', 'medium': 'https://randomuser.me/api/portraits/med/men/76.jpg', 'thumbnail': 'https://randomuser.me/api/portraits/thumb/men/76.jpg'}</msg>
<arg>${json_data['results'][0]['picture']}</arg>
<doc>Logs the given message with the given level.</doc>
<status status="PASS" start="2024-06-13T10:15:22.140751" elapsed="0.000370"/>
</kw>
<status status="PASS" start="2024-06-13T10:15:22.062822" elapsed="0.078555"/>
</kw>
<kw name="Teste de Tipos de Dados - Postcode" owner="random-user-service">
<kw name="GET On Session" owner="RequestsLibrary">
<msg time="2024-06-13T10:15:22.237203" level="INFO">GET Request : url=https://randomuser.me/api 
 path_url=/api 
 headers={'User-Agent': 'python-requests/2.32.3', 'Accept-Encoding': 'gzip, deflate', 'Accept': '*/*', 'Connection': 'keep-alive'} 
 body=None 
 </msg>
<msg time="2024-06-13T10:15:22.237268" level="INFO">GET Response : url=https://randomuser.me/api 
 status=200, reason=OK 
 headers={'Date': 'Thu, 13 Jun 2024 10:15:22 GMT', 'Content-Type': 'application/json; charset=utf-8', 'Transfer-Encoding': 'chunked', 'Connection': 'keep-alive', 'X-Powered-By': 'Express', 'Access-Control-Allow-Origin': '*', 'Cache-Control': 'no-cache', 'ETag': 'W/"496-ANHEAbdxOoYMt1Ps824lJycRUD8"', 'Vary': 'Accept-Encoding', 'Content-Encoding': 'gzip', 'CF-Cache-Status': 'DYNAMIC', 'Report-To': '{"endpoints":[{"url":"https:\\/\\/a.nel.cloudflare.com\\/report\\/v4?s=evPnowsHzcxi150OWE4pFf0O0AGCleu6HILoRjI68xz4eA5KLy%2FK8t6%2FJhSom6sCuzuy9KvN9riBk6kEOCWmRu%2Bqr4lFXk%2FHTRk1eGMdMFsuYwLBDqA92vaPKCxp676F"}],"group":"cf-nel","max_age":604800}', 'NEL': '{"success_fraction":0,"report_to":"cf-nel","max_age":604800}', 'Server': 'cloudflare', 'CF-RAY': '893151ab6e3c7fff-IAD', 'alt-svc': 'h3=":443"; ma=86400'} 
 body={"results":[{"gender":"female","name":{"title":"Miss","first":"Maricota","last":"da Rosa"},"location":{"street":{"number":2084,"name":"Rua Quatro"},"city":"Itapetininga","state":"Tocantins","country":"Brazil","postcode":41137,"coordinates":{"latitude":"-74.1623","longitude":"109.1020"},"timezone":{"offset":"+7:00","description":"Bangkok, Hanoi, Jakarta"}},"email":"maricota.darosa@example.com","login":{"uuid":"a53c396f-5c5c-444a-822d-f3bb2803c380","username":"smallwolf306","password":"bunker","salt":"XuWqqPql","md5":"8c4c97a4c7cb1247108e2e028e76d769","sha1":"7aa3a229bee2ac9c04b0650362586d471763ea14","sha256":"c0a699e7e02dcb54dcbc294bc2331b9154d2d381556bc33262e1e9df8dd1216c"},"dob":{"date":"1987-01-21T02:50:49.940Z","age":37},"registered":{"date":"2017-05-01T22:12:43.878Z","age":7},"phone":"(50) 1715-0430","cell":"(76) 8598-4013","id":{"name":"CPF","value":"585.372.240-67"},"picture":{"large":"https://randomuser.me/api/portraits/women/17.jpg","medium":"https://randomuser.me/api/portraits/med/women/17.jpg","thumbnail":"https://randomuser.me/api/portraits/thumb/women/17.jpg"},"nat":"BR"}],"info":{"seed":"3239d6a222fba404","results":1,"page":1,"version":"1.4"}} 
 </msg>
<msg time="2024-06-13T10:15:22.237323" level="INFO">/opt/hostedtoolcache/Python/3.12.3/x64/lib/python3.12/site-packages/urllib3/connectionpool.py:1103: InsecureRequestWarning: Unverified HTTPS request is being made to host 'randomuser.me'. Adding certificate verification is strongly advised. See: https://urllib3.readthedocs.io/en/latest/advanced-usage.html#tls-warnings
  warnings.warn(</msg>
<msg time="2024-06-13T10:15:22.237415" level="INFO">${response} = &lt;Response [200]&gt;</msg>
<var>${response}</var>
<arg>consultarAPI</arg>
<arg>/api</arg>
<doc>Sends a GET request on a previously created HTTP Session.</doc>
<status status="PASS" start="2024-06-13T10:15:22.141828" elapsed="0.095627"/>
</kw>
<kw name="Set Variable" owner="BuiltIn">
<msg time="2024-06-13T10:15:22.238445" level="INFO">${json_data} = {'results': [{'gender': 'female', 'name': {'title': 'Miss', 'first': 'Maricota', 'last': 'da Rosa'}, 'location': {'street': {'number': 2084, 'name': 'Rua Quatro'}, 'city': 'Itapetininga', 'state': 'To...</msg>
<var>${json_data}</var>
<arg>${response.json()}</arg>
<doc>Returns the given values which can then be assigned to a variables.</doc>
<status status="PASS" start="2024-06-13T10:15:22.237901" elapsed="0.000575"/>
</kw>
<kw name="Log" owner="BuiltIn">
<msg time="2024-06-13T10:15:22.238992" level="INFO">{'results': [{'gender': 'female', 'name': {'title': 'Miss', 'first': 'Maricota', 'last': 'da Rosa'}, 'location': {'street': {'number': 2084, 'name': 'Rua Quatro'}, 'city': 'Itapetininga', 'state': 'Tocantins', 'country': 'Brazil', 'postcode': 41137, 'coordinates': {'latitude': '-74.1623', 'longitude': '109.1020'}, 'timezone': {'offset': '+7:00', 'description': 'Bangkok, Hanoi, Jakarta'}}, 'email': 'maricota.darosa@example.com', 'login': {'uuid': 'a53c396f-5c5c-444a-822d-f3bb2803c380', 'username': 'smallwolf306', 'password': 'bunker', 'salt': 'XuWqqPql', 'md5': '8c4c97a4c7cb1247108e2e028e76d769', 'sha1': '7aa3a229bee2ac9c04b0650362586d471763ea14', 'sha256': 'c0a699e7e02dcb54dcbc294bc2331b9154d2d381556bc33262e1e9df8dd1216c'}, 'dob': {'date': '1987-01-21T02:50:49.940Z', 'age': 37}, 'registered': {'date': '2017-05-01T22:12:43.878Z', 'age': 7}, 'phone': '(50) 1715-0430', 'cell': '(76) 8598-4013', 'id': {'name': 'CPF', 'value': '585.372.240-67'}, 'picture': {'large': 'https://randomuser.me/api/portraits/women/17.jpg', 'medium': 'https://randomuser.me/api/portraits/med/women/17.jpg', 'thumbnail': 'https://randomuser.me/api/portraits/thumb/women/17.jpg'}, 'nat': 'BR'}], 'info': {'seed': '3239d6a222fba404', 'results': 1, 'page': 1, 'version': '1.4'}}</msg>
<arg>${json_data}</arg>
<doc>Logs the given message with the given level.</doc>
<status status="PASS" start="2024-06-13T10:15:22.238837" elapsed="0.000201"/>
</kw>
<kw name="Should Be Equal As Numbers" owner="BuiltIn">
<arg>${json_data['results'][0]['location']['postcode']}</arg>
<arg>${json_data['results'][0]['location']['postcode']}</arg>
<doc>Fails if objects are unequal after converting them to real numbers.</doc>
<status status="PASS" start="2024-06-13T10:15:22.239337" elapsed="0.000607"/>
</kw>
<kw name="Log" owner="BuiltIn">
<msg time="2024-06-13T10:15:22.240675" level="INFO">41137</msg>
<arg>${json_data['results'][0]['location']['postcode']}</arg>
<doc>Logs the given message with the given level.</doc>
<status status="PASS" start="2024-06-13T10:15:22.240141" elapsed="0.000627"/>
</kw>
<status status="PASS" start="2024-06-13T10:15:22.141600" elapsed="0.099524"/>
</kw>
<doc>Testa se os tipos de dados na resposta da API estão corretos.</doc>
<tag>testeTiposDados</tag>
<status status="PASS" start="2024-06-13T10:15:22.062244" elapsed="0.179079"/>
</test>
<test id="s1-s1-t5" name="Validar conteudo" line="35">
<kw name="Teste de Tipos de Conteudo" owner="random-user-service">
<kw name="GET On Session" owner="RequestsLibrary">
<msg time="2024-06-13T10:15:22.333671" level="INFO">GET Request : url=https://randomuser.me/api 
 path_url=/api 
 headers={'User-Agent': 'python-requests/2.32.3', 'Accept-Encoding': 'gzip, deflate', 'Accept': '*/*', 'Connection': 'keep-alive'} 
 body=None 
 </msg>
<msg time="2024-06-13T10:15:22.333743" level="INFO">GET Response : url=https://randomuser.me/api 
 status=200, reason=OK 
 headers={'Date': 'Thu, 13 Jun 2024 10:15:22 GMT', 'Content-Type': 'application/json; charset=utf-8', 'Transfer-Encoding': 'chunked', 'Connection': 'keep-alive', 'X-Powered-By': 'Express', 'Access-Control-Allow-Origin': '*', 'Cache-Control': 'no-cache', 'ETag': 'W/"465-tgrh48NsylfnRRSxKPlku5LClj0"', 'Vary': 'Accept-Encoding', 'Content-Encoding': 'gzip', 'CF-Cache-Status': 'DYNAMIC', 'Report-To': '{"endpoints":[{"url":"https:\\/\\/a.nel.cloudflare.com\\/report\\/v4?s=KXw9SXwKaUNb3XEHH4uuLJUSZooT%2FOXJwmKEwJBWQVgrTQkN68J0%2FwfV0ifz6DkUje5uUwA68zE6VBozEPulx7NCcCafc%2FrvJoFRYzaKDrRB2QEDTsieONVGgbJLUa0O"}],"group":"cf-nel","max_age":604800}', 'NEL': '{"success_fraction":0,"report_to":"cf-nel","max_age":604800}', 'Server': 'cloudflare', 'CF-RAY': '893151ac0ec67fff-IAD', 'alt-svc': 'h3=":443"; ma=86400'} 
 body={"results":[{"gender":"male","name":{"title":"Mr","first":"Fernando","last":"Davies"},"location":{"street":{"number":3889,"name":"Mill Lane"},"city":"Lusk","state":"Limerick","country":"Ireland","postcode":70072,"coordinates":{"latitude":"3.7148","longitude":"-46.9090"},"timezone":{"offset":"+4:30","description":"Kabul"}},"email":"fernando.davies@example.com","login":{"uuid":"53a6698a-fb67-4fb0-ab11-5b3f5a12ee8c","username":"bigbird430","password":"pinkfloy","salt":"0RAB8Tdk","md5":"b5247d716f82f49e2949ad058cf1273c","sha1":"5949096a838b0ebe35e689d1e0b42a4dc531f744","sha256":"400d72f381b9c8ef37fc5213c0a237d263c83f0320aa2526ffe0701987f8f4f5"},"dob":{"date":"1983-12-09T09:50:09.734Z","age":40},"registered":{"date":"2006-08-30T11:43:21.639Z","age":17},"phone":"031-601-8857","cell":"081-929-1054","id":{"name":"PPS","value":"9071661T"},"picture":{"large":"https://randomuser.me/api/portraits/men/99.jpg","medium":"https://randomuser.me/api/portraits/med/men/99.jpg","thumbnail":"https://randomuser.me/api/portraits/thumb/men/99.jpg"},"nat":"IE"}],"info":{"seed":"4b23946c1324be25","results":1,"page":1,"version":"1.4"}} 
 </msg>
<msg time="2024-06-13T10:15:22.333814" level="INFO">/opt/hostedtoolcache/Python/3.12.3/x64/lib/python3.12/site-packages/urllib3/connectionpool.py:1103: InsecureRequestWarning: Unverified HTTPS request is being made to host 'randomuser.me'. Adding certificate verification is strongly advised. See: https://urllib3.readthedocs.io/en/latest/advanced-usage.html#tls-warnings
  warnings.warn(</msg>
<msg time="2024-06-13T10:15:22.333922" level="INFO">${response} = &lt;Response [200]&gt;</msg>
<var>${response}</var>
<arg>consultarAPI</arg>
<arg>/api</arg>
<doc>Sends a GET request on a previously created HTTP Session.</doc>
<status status="PASS" start="2024-06-13T10:15:22.243983" elapsed="0.089980"/>
</kw>
<kw name="Set Variable" owner="BuiltIn">
<msg time="2024-06-13T10:15:22.334996" level="INFO">${json_data} = {'results': [{'gender': 'male', 'name': {'title': 'Mr', 'first': 'Fernando', 'last': 'Davies'}, 'location': {'street': {'number': 3889, 'name': 'Mill Lane'}, 'city': 'Lusk', 'state': 'Limerick', 'coun...</msg>
<var>${json_data}</var>
<arg>${response.json()}</arg>
<doc>Returns the given values which can then be assigned to a variables.</doc>
<status status="PASS" start="2024-06-13T10:15:22.334437" elapsed="0.000588"/>
</kw>
<kw name="Set Variable" owner="BuiltIn">
<msg time="2024-06-13T10:15:22.335713" level="INFO">${name_title} = Mr</msg>
<var>${name_title}</var>
<arg>${json_data["results"][0]["name"]["title"]}</arg>
<doc>Returns the given values which can then be assigned to a variables.</doc>
<status status="PASS" start="2024-06-13T10:15:22.335334" elapsed="0.000404"/>
</kw>
<kw name="Create List" owner="BuiltIn">
<msg time="2024-06-13T10:15:22.336183" level="INFO">${allowed_titles} = ['Mr', 'Ms', 'Miss', 'Mrs', 'Madame', 'Monsieur']</msg>
<var>${allowed_titles}</var>
<arg>Mr</arg>
<arg>Ms</arg>
<arg>Miss</arg>
<arg>Mrs</arg>
<arg>Madame</arg>
<arg>Monsieur</arg>
<doc>Returns a list containing given items.</doc>
<status status="PASS" start="2024-06-13T10:15:22.336035" elapsed="0.000173"/>
</kw>
<kw name="List Should Contain Value" owner="Collections">
<arg>${allowed_titles}</arg>
<arg>${name_title}</arg>
<doc>Fails if the ``value`` is not found from ``list``.</doc>
<status status="PASS" start="2024-06-13T10:15:22.336502" elapsed="0.000182"/>
</kw>
<kw name="Set Variable" owner="BuiltIn">
<msg time="2024-06-13T10:15:22.337228" level="INFO">${name_country} = IE</msg>
<var>${name_country}</var>
<arg>${json_data["results"][0]["nat"]}</arg>
<doc>Returns the given values which can then be assigned to a variables.</doc>
<status status="PASS" start="2024-06-13T10:15:22.336864" elapsed="0.000388"/>
</kw>
<kw name="Create List" owner="BuiltIn">
<msg time="2024-06-13T10:15:22.338145" level="INFO">${list_country} = ['AD', 'AE', 'AF', 'AG', 'AI', 'AL', 'AM', 'AO', 'AQ', 'AR', 'AS', 'AT', 'AU', 'AW', 'AX', 'AZ', 'BA', 'BB', 'BD', 'BE', 'BF', 'BG', 'BH', 'BI', 'BJ', 'BL', 'BM', 'BN', 'BO', 'BQ', 'BR', 'BS', 'BT', '...</msg>
<var>${list_country}</var>
<arg>AD</arg>
<arg>AE</arg>
<arg>AF</arg>
<arg>AG</arg>
<arg>AI</arg>
<arg>AL</arg>
<arg>AM</arg>
<arg>AO</arg>
<arg>AQ</arg>
<arg>AR</arg>
<arg>AS</arg>
<arg>AT</arg>
<arg>AU</arg>
<arg>AW</arg>
<arg>AX</arg>
<arg>AZ</arg>
<arg>BA</arg>
<arg>BB</arg>
<arg>BD</arg>
<arg>BE</arg>
<arg>BF</arg>
<arg>BG</arg>
<arg>BH</arg>
<arg>BI</arg>
<arg>BJ</arg>
<arg>BL</arg>
<arg>BM</arg>
<arg>BN</arg>
<arg>BO</arg>
<arg>BQ</arg>
<arg>BR</arg>
<arg>BS</arg>
<arg>BT</arg>
<arg>BV</arg>
<arg>BW</arg>
<arg>BY</arg>
<arg>BZ</arg>
<arg>CA</arg>
<arg>CC</arg>
<arg>CD</arg>
<arg>CF</arg>
<arg>CG</arg>
<arg>CH</arg>
<arg>CI</arg>
<arg>CK</arg>
<arg>CL</arg>
<arg>CM</arg>
<arg>CN</arg>
<arg>CO</arg>
<arg>CR</arg>
<arg>CU</arg>
<arg>CV</arg>
<arg>CW</arg>
<arg>CX</arg>
<arg>CY</arg>
<arg>CZ</arg>
<arg>DE</arg>
<arg>DJ</arg>
<arg>DK</arg>
<arg>DM</arg>
<arg>DO</arg>
<arg>DZ</arg>
<arg>EC</arg>
<arg>EE</arg>
<arg>EG</arg>
<arg>EH</arg>
<arg>ER</arg>
<arg>ES</arg>
<arg>ET</arg>
<arg>FI</arg>
<arg>FJ</arg>
<arg>FK</arg>
<arg>FM</arg>
<arg>FO</arg>
<arg>FR</arg>
<arg>GA</arg>
<arg>GB</arg>
<arg>GD</arg>
<arg>GE</arg>
<arg>GF</arg>
<arg>GG</arg>
<arg>GH</arg>
<arg>GI</arg>
<arg>GL</arg>
<arg>GM</arg>
<arg>GN</arg>
<arg>GP</arg>
<arg>GQ</arg>
<arg>GR</arg>
<arg>GS</arg>
<arg>GT</arg>
<arg>GU</arg>
<arg>GW</arg>
<arg>GY</arg>
<arg>HK</arg>
<arg>HM</arg>
<arg>HN</arg>
<arg>HR</arg>
<arg>HT</arg>
<arg>HU</arg>
<arg>ID</arg>
<arg>IE</arg>
<arg>IL</arg>
<arg>IM</arg>
<arg>IN</arg>
<arg>IO</arg>
<arg>IQ</arg>
<arg>IR</arg>
<arg>IS</arg>
<arg>IT</arg>
<arg>JE</arg>
<arg>JM</arg>
<arg>JO</arg>
<arg>JP</arg>
<arg>KE</arg>
<arg>KG</arg>
<arg>KH</arg>
<arg>KI</arg>
<arg>KM</arg>
<arg>KN</arg>
<arg>KP</arg>
<arg>KR</arg>
<arg>KW</arg>
<arg>KY</arg>
<arg>KZ</arg>
<arg>LA</arg>
<arg>LB</arg>
<arg>LC</arg>
<arg>LI</arg>
<arg>LK</arg>
<arg>LR</arg>
<arg>LS</arg>
<arg>LT</arg>
<arg>LU</arg>
<arg>LV</arg>
<arg>LY</arg>
<arg>MA</arg>
<arg>MC</arg>
<arg>MD</arg>
<arg>ME</arg>
<arg>MF</arg>
<arg>MG</arg>
<arg>MH</arg>
<arg>MK</arg>
<arg>ML</arg>
<arg>MM</arg>
<arg>MN</arg>
<arg>MO</arg>
<arg>MP</arg>
<arg>MQ</arg>
<arg>MR</arg>
<arg>MS</arg>
<arg>MT</arg>
<arg>MU</arg>
<arg>MV</arg>
<arg>MW</arg>
<arg>MX</arg>
<arg>MY</arg>
<arg>MZ</arg>
<arg>NA</arg>
<arg>NC</arg>
<arg>NE</arg>
<arg>NF</arg>
<arg>NG</arg>
<arg>NI</arg>
<arg>NL</arg>
<arg>NO</arg>
<arg>NP</arg>
<arg>NR</arg>
<arg>NU</arg>
<arg>NZ</arg>
<arg>OM</arg>
<arg>PA</arg>
<arg>PE</arg>
<arg>PF</arg>
<arg>PG</arg>
<arg>PH</arg>
<arg>PK</arg>
<arg>PL</arg>
<arg>PM</arg>
<arg>PN</arg>
<arg>PR</arg>
<arg>PS</arg>
<arg>PT</arg>
<arg>PW</arg>
<arg>PY</arg>
<arg>QA</arg>
<arg>RE</arg>
<arg>RO</arg>
<arg>RS</arg>
<arg>RU</arg>
<arg>RW</arg>
<arg>SA</arg>
<arg>SB</arg>
<arg>SC</arg>
<arg>SD</arg>
<arg>SE</arg>
<arg>SG</arg>
<arg>SH</arg>
<arg>SI</arg>
<arg>SJ</arg>
<arg>SK</arg>
<arg>SL</arg>
<arg>SM</arg>
<arg>SN</arg>
<arg>SO</arg>
<arg>SR</arg>
<arg>SS</arg>
<arg>ST</arg>
<arg>SV</arg>
<arg>SX</arg>
<arg>SY</arg>
<arg>SZ</arg>
<arg>TC</arg>
<arg>TD</arg>
<arg>TF</arg>
<arg>TG</arg>
<arg>TH</arg>
<arg>TJ</arg>
<arg>TK</arg>
<arg>TL</arg>
<arg>TM</arg>
<arg>TN</arg>
<arg>TO</arg>
<arg>TR</arg>
<arg>TT</arg>
<arg>TV</arg>
<arg>TW</arg>
<arg>TZ</arg>
<arg>UA</arg>
<arg>UG</arg>
<arg>UM</arg>
<arg>US</arg>
<arg>UY</arg>
<arg>UZ</arg>
<arg>VA</arg>
<arg>VC</arg>
<arg>VE</arg>
<arg>VG</arg>
<arg>VI</arg>
<arg>VN</arg>
<arg>VU</arg>
<arg>WF</arg>
<arg>WS</arg>
<arg>XK</arg>
<arg>YE</arg>
<arg>YT</arg>
<arg>ZA</arg>
<arg>ZM</arg>
<arg>ZW</arg>
<doc>Returns a list containing given items.</doc>
<status status="PASS" start="2024-06-13T10:15:22.337543" elapsed="0.000635"/>
</kw>
<kw name="List Should Contain Value" owner="Collections">
<arg>${list_country}</arg>
<arg>${name_country}</arg>
<doc>Fails if the ``value`` is not found from ``list``.</doc>
<status status="PASS" start="2024-06-13T10:15:22.339005" elapsed="0.000211"/>
</kw>
<kw name="Run Keyword If" owner="BuiltIn">
<kw name="Should Be True" owner="BuiltIn">
<arg>${True}</arg>
<doc>Fails if the given condition is not true.</doc>
<status status="PASS" start="2024-06-13T10:15:22.340151" elapsed="0.000141"/>
</kw>
<arg>${json_data["results"][0]["location"]["coordinates"]["latitude"]} &gt;= -90 and ${json_data["results"][0]["location"]["coordinates"]["latitude"]} &lt;= 90</arg>
<arg>Should Be True</arg>
<arg>${True}</arg>
<doc>Runs the given keyword with the given arguments, if ``condition`` is true.</doc>
<status status="PASS" start="2024-06-13T10:15:22.339420" elapsed="0.000996"/>
</kw>
<kw name="Run Keyword If" owner="BuiltIn">
<kw name="Should Be True" owner="BuiltIn">
<arg>${True}</arg>
<doc>Fails if the given condition is not true.</doc>
<status status="PASS" start="2024-06-13T10:15:22.341278" elapsed="0.000135"/>
</kw>
<arg>${json_data["results"][0]["location"]["coordinates"]["longitude"]} &gt;= -180 and ${json_data["results"][0]["location"]["coordinates"]["longitude"]} &lt;= 180</arg>
<arg>Should Be True</arg>
<arg>${True}</arg>
<doc>Runs the given keyword with the given arguments, if ``condition`` is true.</doc>
<status status="PASS" start="2024-06-13T10:15:22.340599" elapsed="0.000938"/>
</kw>
<status status="PASS" start="2024-06-13T10:15:22.243624" elapsed="0.098044"/>
</kw>
<doc>Testa o conteúdo específico dos campos retornados pela API.</doc>
<tag>testeConteudo</tag>
<status status="PASS" start="2024-06-13T10:15:22.243116" elapsed="0.098701"/>
</test>
<status status="PASS" start="2024-06-13T10:15:21.427228" elapsed="0.916594"/>
</suite>
<status status="PASS" start="2024-06-13T10:15:21.413919" elapsed="0.935082"/>
</suite>
<statistics>
<total>
<stat pass="5" fail="0" skip="0">All Tests</stat>
</total>
<tag>
<stat pass="1" fail="0" skip="0">testeConteudo</stat>
<stat pass="1" fail="0" skip="0">testeEstruturaResposta</stat>
<stat pass="1" fail="0" skip="0">testeRequisicaoBasica</stat>
<stat pass="1" fail="0" skip="0">testeTiposDados</stat>
</tag>
<suite>
<stat pass="5" fail="0" skip="0" id="s1" name="Tests">Tests</stat>
<stat pass="5" fail="0" skip="0" id="s1-s1" name="Random-User-Test">Tests.Random-User-Test</stat>
</suite>
</statistics>
<errors>
</errors>
</robot>
