<?xml version="1.0" encoding="UTF-8"?>
<robot generator="Robot 7.0.1 (Python 3.12.4 on linux)" generated="2024-07-21T05:15:41.965893" rpa="false" schemaversion="5">
<suite id="s1" name="Tests" source="/home/runner/work/ApiRandomUser/ApiRandomUser/RamdonUser/tests">
<suite id="s1-s1" name="Random-User-Test" source="/home/runner/work/ApiRandomUser/ApiRandomUser/RamdonUser/tests/random-user-test.robot">
<test id="s1-s1-t1" name="Conectar" line="13">
<kw name="Conectar API" owner="random-user-service">
<kw name="Create Session" owner="RequestsLibrary">
<msg time="2024-07-21T05:15:42.352227" level="INFO">Creating Session using : alias=consultarAPI, url=https://randomuser.me/, headers={},                     cookies={}, auth=None, timeout=None, proxies=None, verify=False,                     debug=0 </msg>
<arg>consultarAPI</arg>
<arg>${URL}</arg>
<doc>Create Session: create a HTTP session to a server</doc>
<status status="PASS" start="2024-07-21T05:15:42.352043" elapsed="0.000349"/>
</kw>
<status status="PASS" start="2024-07-21T05:15:42.351091" elapsed="0.001640"/>
</kw>
<status status="PASS" start="2024-07-21T05:15:42.350583" elapsed="0.002338"/>
</test>
<test id="s1-s1-t2" name="Validar retorno 200 e JSON Válido" line="16">
<kw name="Teste de Requisicao Basica" owner="random-user-service">
<kw name="GET On Session" owner="RequestsLibrary">
<msg time="2024-07-21T05:15:42.585165" level="INFO">GET Request : url=https://randomuser.me/api 
 path_url=/api 
 headers={'User-Agent': 'python-requests/2.32.3', 'Accept-Encoding': 'gzip, deflate', 'Accept': '*/*', 'Connection': 'keep-alive'} 
 body=None 
 </msg>
<msg time="2024-07-21T05:15:42.585308" level="INFO">GET Response : url=https://randomuser.me/api 
 status=200, reason=OK 
 headers={'Date': 'Sun, 21 Jul 2024 05:15:42 GMT', 'Content-Type': 'application/json; charset=utf-8', 'Transfer-Encoding': 'chunked', 'Connection': 'keep-alive', 'X-Powered-By': 'Express', 'Access-Control-Allow-Origin': '*', 'Cache-Control': 'no-cache', 'ETag': 'W/"466-rGAI33ni6J52ZLOhgNOrDDh8dj8"', 'Vary': 'Accept-Encoding', 'Content-Encoding': 'gzip', 'CF-Cache-Status': 'DYNAMIC', 'Report-To': '{"endpoints":[{"url":"https:\\/\\/a.nel.cloudflare.com\\/report\\/v4?s=T7XGr1PQHLnx9T8nrvJv%2B3phRLEIxOEhnZnvHDmNTOYPFF9kMQe18Rm%2F7QpHrrl7CtGDh40WssnhPGjhkl5lkR4A6mMtujm1IaYufuBz1Lf0AX6wj8xTv5nr4t9TzxKO"}],"group":"cf-nel","max_age":604800}', 'NEL': '{"success_fraction":0,"report_to":"cf-nel","max_age":604800}', 'Server': 'cloudflare', 'CF-RAY': '8a68b6f6ee66057a-IAD', 'alt-svc': 'h3=":443"; ma=86400'} 
 body={"results":[{"gender":"male","name":{"title":"Mr","first":"Dylan","last":"Wood"},"location":{"street":{"number":4549,"name":"North Road"},"city":"Tauranga","state":"Tasman","country":"New Zealand","postcode":52455,"coordinates":{"latitude":"55.3503","longitude":"-150.3739"},"timezone":{"offset":"-2:00","description":"Mid-Atlantic"}},"email":"dylan.wood@example.com","login":{"uuid":"4e679cc7-64a5-4146-8a7b-3070009e0ed5","username":"heavypanda283","password":"nascar24","salt":"zqOvgtxr","md5":"a5bb6dcac99b45f7a6d4216501467116","sha1":"c284ddf85e8cefa414a46e9fa74de8a2d79363be","sha256":"bcbb83d51cc7c56a3f68e41c0d2e6fd6856732dae73f09ed97d261fab96e90da"},"dob":{"date":"1947-05-18T05:58:37.046Z","age":77},"registered":{"date":"2011-03-16T01:07:05.890Z","age":13},"phone":"(005)-808-8399","cell":"(879)-622-2688","id":{"name":"","value":null},"picture":{"large":"https://randomuser.me/api/portraits/men/5.jpg","medium":"https://randomuser.me/api/portraits/med/men/5.jpg","thumbnail":"https://randomuser.me/api/portraits/thumb/men/5.jpg"},"nat":"NZ"}],"info":{"seed":"066b6f1a8f9e0da3","results":1,"page":1,"version":"1.4"}} 
 </msg>
<msg time="2024-07-21T05:15:42.585397" level="INFO">/opt/hostedtoolcache/Python/3.12.4/x64/lib/python3.12/site-packages/urllib3/connectionpool.py:1099: InsecureRequestWarning: Unverified HTTPS request is being made to host 'randomuser.me'. Adding certificate verification is strongly advised. See: https://urllib3.readthedocs.io/en/latest/advanced-usage.html#tls-warnings
  warnings.warn(</msg>
<msg time="2024-07-21T05:15:42.585535" level="INFO">${response} = &lt;Response [200]&gt;</msg>
<var>${response}</var>
<arg>consultarAPI</arg>
<arg>/api</arg>
<doc>Sends a GET request on a previously created HTTP Session.</doc>
<status status="PASS" start="2024-07-21T05:15:42.355538" elapsed="0.230031"/>
</kw>
<kw name="Should Be Equal As Numbers" owner="BuiltIn">
<msg time="2024-07-21T05:15:42.586403" level="INFO">Argument types are:
&lt;class 'int'&gt;
&lt;class 'str'&gt;</msg>
<arg>${response.status_code}</arg>
<arg>200</arg>
<doc>Fails if objects are unequal after converting them to real numbers.</doc>
<status status="PASS" start="2024-07-21T05:15:42.585992" elapsed="0.000476"/>
</kw>
<kw name="Log" owner="BuiltIn">
<msg time="2024-07-21T05:15:42.587141" level="INFO">200</msg>
<arg>${response.status_code}</arg>
<doc>Logs the given message with the given level.</doc>
<status status="PASS" start="2024-07-21T05:15:42.586790" elapsed="0.000395"/>
</kw>
<kw name="Set Variable" owner="BuiltIn">
<msg time="2024-07-21T05:15:42.587930" level="INFO">${json_data} = {'results': [{'gender': 'male', 'name': {'title': 'Mr', 'first': 'Dylan', 'last': 'Wood'}, 'location': {'street': {'number': 4549, 'name': 'North Road'}, 'city': 'Tauranga', 'state': 'Tasman', 'countr...</msg>
<var>${json_data}</var>
<arg>${response.json()}</arg>
<doc>Returns the given values which can then be assigned to a variables.</doc>
<status status="PASS" start="2024-07-21T05:15:42.587489" elapsed="0.000480"/>
</kw>
<kw name="Dictionary Should Contain Key" owner="Collections">
<arg>${json_data}</arg>
<arg>results</arg>
<doc>Fails if ``key`` is not found from ``dictionary``.</doc>
<status status="PASS" start="2024-07-21T05:15:42.588271" elapsed="0.000294"/>
</kw>
<status status="PASS" start="2024-07-21T05:15:42.355297" elapsed="0.233418"/>
</kw>
<doc>Testa se a API responde corretamente e retorna um objeto JSON válido.</doc>
<tag>testeRequisicaoBasica</tag>
<status status="PASS" start="2024-07-21T05:15:42.354842" elapsed="0.234039"/>
</test>
<test id="s1-s1-t3" name="Validar estrutura de resposta" line="22">
<kw name="Teste de Estrutura de Resposta" owner="random-user-service">
<kw name="GET On Session" owner="RequestsLibrary">
<msg time="2024-07-21T05:15:42.721409" level="INFO">GET Request : url=https://randomuser.me/api 
 path_url=/api 
 headers={'User-Agent': 'python-requests/2.32.3', 'Accept-Encoding': 'gzip, deflate', 'Accept': '*/*', 'Connection': 'keep-alive'} 
 body=None 
 </msg>
<msg time="2024-07-21T05:15:42.721495" level="INFO">GET Response : url=https://randomuser.me/api 
 status=200, reason=OK 
 headers={'Date': 'Sun, 21 Jul 2024 05:15:42 GMT', 'Content-Type': 'application/json; charset=utf-8', 'Transfer-Encoding': 'chunked', 'Connection': 'keep-alive', 'X-Powered-By': 'Express', 'Access-Control-Allow-Origin': '*', 'Cache-Control': 'no-cache', 'ETag': 'W/"49a-8uEZAids2Zk/iEr5rCZOfuC66ME"', 'Vary': 'Accept-Encoding', 'Content-Encoding': 'gzip', 'CF-Cache-Status': 'DYNAMIC', 'Report-To': '{"endpoints":[{"url":"https:\\/\\/a.nel.cloudflare.com\\/report\\/v4?s=JESbtCTW%2FeZf85MJ%2B5JQOREv7GsRjcUA%2FuvuX2zJrEonBGRsTfjUHLucm42CXGRCqRJFrENKcCTNg1dwEBqdz6lOAR6VF9ZHn1uiXp24aBLgMqBVx7Dmb2MB9laPSJo%2B"}],"group":"cf-nel","max_age":604800}', 'NEL': '{"success_fraction":0,"report_to":"cf-nel","max_age":604800}', 'Server': 'cloudflare', 'CF-RAY': '8a68b6f74eb1057a-IAD', 'alt-svc': 'h3=":443"; ma=86400'} 
 body={"results":[{"gender":"male","name":{"title":"Mr","first":"Eddie","last":"Vargas"},"location":{"street":{"number":3958,"name":"Adams St"},"city":"Henderson","state":"Arkansas","country":"United States","postcode":10328,"coordinates":{"latitude":"87.9118","longitude":"-111.9869"},"timezone":{"offset":"-6:00","description":"Central Time (US &amp; Canada), Mexico City"}},"email":"eddie.vargas@example.com","login":{"uuid":"4e360610-d2b4-4bf2-adf6-f98fa56a740d","username":"yellowgorilla977","password":"stallion","salt":"2jQsT7jj","md5":"21bc1a2b5b3ef7871932346cb5930100","sha1":"7f7e05572789d0fb72941ce7dca341b595ec1de3","sha256":"f03d647400153d9556a85711b563f300b3e338fff86b7589e03f8841e5c7bab2"},"dob":{"date":"1979-11-30T12:40:01.567Z","age":44},"registered":{"date":"2012-11-21T17:10:29.121Z","age":11},"phone":"(734) 742-0885","cell":"(633) 869-5573","id":{"name":"SSN","value":"557-21-2439"},"picture":{"large":"https://randomuser.me/api/portraits/men/98.jpg","medium":"https://randomuser.me/api/portraits/med/men/98.jpg","thumbnail":"https://randomuser.me/api/portraits/thumb/men/98.jpg"},"nat":"US"}],"info":{"seed":"cc21548bded56745","results":1,"page":1,"version":"1.4"}} 
 </msg>
<msg time="2024-07-21T05:15:42.721619" level="INFO">/opt/hostedtoolcache/Python/3.12.4/x64/lib/python3.12/site-packages/urllib3/connectionpool.py:1099: InsecureRequestWarning: Unverified HTTPS request is being made to host 'randomuser.me'. Adding certificate verification is strongly advised. See: https://urllib3.readthedocs.io/en/latest/advanced-usage.html#tls-warnings
  warnings.warn(</msg>
<msg time="2024-07-21T05:15:42.721739" level="INFO">${response} = &lt;Response [200]&gt;</msg>
<var>${response}</var>
<arg>consultarAPI</arg>
<arg>/api</arg>
<doc>Sends a GET request on a previously created HTTP Session.</doc>
<status status="PASS" start="2024-07-21T05:15:42.591436" elapsed="0.130335"/>
</kw>
<kw name="Set Variable" owner="BuiltIn">
<msg time="2024-07-21T05:15:42.722616" level="INFO">${json_data} = {'results': [{'gender': 'male', 'name': {'title': 'Mr', 'first': 'Eddie', 'last': 'Vargas'}, 'location': {'street': {'number': 3958, 'name': 'Adams St'}, 'city': 'Henderson', 'state': 'Arkansas', 'cou...</msg>
<var>${json_data}</var>
<arg>${response.json()}</arg>
<doc>Returns the given values which can then be assigned to a variables.</doc>
<status status="PASS" start="2024-07-21T05:15:42.722172" elapsed="0.000474"/>
</kw>
<kw name="Log" owner="BuiltIn">
<msg time="2024-07-21T05:15:42.723111" level="INFO">{'results': [{'gender': 'male', 'name': {'title': 'Mr', 'first': 'Eddie', 'last': 'Vargas'}, 'location': {'street': {'number': 3958, 'name': 'Adams St'}, 'city': 'Henderson', 'state': 'Arkansas', 'country': 'United States', 'postcode': 10328, 'coordinates': {'latitude': '87.9118', 'longitude': '-111.9869'}, 'timezone': {'offset': '-6:00', 'description': 'Central Time (US &amp; Canada), Mexico City'}}, 'email': 'eddie.vargas@example.com', 'login': {'uuid': '4e360610-d2b4-4bf2-adf6-f98fa56a740d', 'username': 'yellowgorilla977', 'password': 'stallion', 'salt': '2jQsT7jj', 'md5': '21bc1a2b5b3ef7871932346cb5930100', 'sha1': '7f7e05572789d0fb72941ce7dca341b595ec1de3', 'sha256': 'f03d647400153d9556a85711b563f300b3e338fff86b7589e03f8841e5c7bab2'}, 'dob': {'date': '1979-11-30T12:40:01.567Z', 'age': 44}, 'registered': {'date': '2012-11-21T17:10:29.121Z', 'age': 11}, 'phone': '(734) 742-0885', 'cell': '(633) 869-5573', 'id': {'name': 'SSN', 'value': '557-21-2439'}, 'picture': {'large': 'https://randomuser.me/api/portraits/men/98.jpg', 'medium': 'https://randomuser.me/api/portraits/med/men/98.jpg', 'thumbnail': 'https://randomuser.me/api/portraits/thumb/men/98.jpg'}, 'nat': 'US'}], 'info': {'seed': 'cc21548bded56745', 'results': 1, 'page': 1, 'version': '1.4'}}</msg>
<arg>${json_data}</arg>
<doc>Logs the given message with the given level.</doc>
<status status="PASS" start="2024-07-21T05:15:42.722951" elapsed="0.000212"/>
</kw>
<kw name="Dictionary Should Contain Key" owner="Collections">
<arg>${json_data}</arg>
<arg>results</arg>
<doc>Fails if ``key`` is not found from ``dictionary``.</doc>
<status status="PASS" start="2024-07-21T05:15:42.723454" elapsed="0.000161"/>
</kw>
<kw name="Should Not Be Empty" owner="BuiltIn">
<msg time="2024-07-21T05:15:42.723967" level="INFO">Length is 2.</msg>
<arg>${json_data}</arg>
<doc>Verifies that the given item is not empty.</doc>
<status status="PASS" start="2024-07-21T05:15:42.723801" elapsed="0.000237"/>
</kw>
<kw name="Create List" owner="BuiltIn">
<msg time="2024-07-21T05:15:42.724572" level="INFO">${expected_keys} = ['gender', 'name', 'location', 'email', 'login']</msg>
<var>${expected_keys}</var>
<arg>gender</arg>
<arg>name</arg>
<arg>location</arg>
<arg>email</arg>
<arg>login</arg>
<doc>Returns a list containing given items.</doc>
<status status="PASS" start="2024-07-21T05:15:42.724400" elapsed="0.000199"/>
</kw>
<for flavor="IN">
<iter>
<kw name="Dictionary Should Contain Key" owner="Collections">
<arg>${json_data['results'][0]}</arg>
<arg>${key}</arg>
<doc>Fails if ``key`` is not found from ``dictionary``.</doc>
<status status="PASS" start="2024-07-21T05:15:42.725184" elapsed="0.000421"/>
</kw>
<kw name="Log" owner="BuiltIn">
<msg time="2024-07-21T05:15:42.726201" level="INFO">{'gender': 'male', 'name': {'title': 'Mr', 'first': 'Eddie', 'last': 'Vargas'}, 'location': {'street': {'number': 3958, 'name': 'Adams St'}, 'city': 'Henderson', 'state': 'Arkansas', 'country': 'United States', 'postcode': 10328, 'coordinates': {'latitude': '87.9118', 'longitude': '-111.9869'}, 'timezone': {'offset': '-6:00', 'description': 'Central Time (US &amp; Canada), Mexico City'}}, 'email': 'eddie.vargas@example.com', 'login': {'uuid': '4e360610-d2b4-4bf2-adf6-f98fa56a740d', 'username': 'yellowgorilla977', 'password': 'stallion', 'salt': '2jQsT7jj', 'md5': '21bc1a2b5b3ef7871932346cb5930100', 'sha1': '7f7e05572789d0fb72941ce7dca341b595ec1de3', 'sha256': 'f03d647400153d9556a85711b563f300b3e338fff86b7589e03f8841e5c7bab2'}, 'dob': {'date': '1979-11-30T12:40:01.567Z', 'age': 44}, 'registered': {'date': '2012-11-21T17:10:29.121Z', 'age': 11}, 'phone': '(734) 742-0885', 'cell': '(633) 869-5573', 'id': {'name': 'SSN', 'value': '557-21-2439'}, 'picture': {'large': 'https://randomuser.me/api/portraits/men/98.jpg', 'medium': 'https://randomuser.me/api/portraits/med/men/98.jpg', 'thumbnail': 'https://randomuser.me/api/portraits/thumb/men/98.jpg'}, 'nat': 'US'}</msg>
<arg>${json_data['results'][0]}</arg>
<doc>Logs the given message with the given level.</doc>
<status status="PASS" start="2024-07-21T05:15:42.725794" elapsed="0.000459"/>
</kw>
<kw name="Log" owner="BuiltIn">
<msg time="2024-07-21T05:15:42.726684" level="INFO">gender</msg>
<arg>${key}</arg>
<doc>Logs the given message with the given level.</doc>
<status status="PASS" start="2024-07-21T05:15:42.726556" elapsed="0.000167"/>
</kw>
<var name="${key}">gender</var>
<status status="PASS" start="2024-07-21T05:15:42.725050" elapsed="0.001891"/>
</iter>
<iter>
<kw name="Dictionary Should Contain Key" owner="Collections">
<arg>${json_data['results'][0]}</arg>
<arg>${key}</arg>
<doc>Fails if ``key`` is not found from ``dictionary``.</doc>
<status status="PASS" start="2024-07-21T05:15:42.727234" elapsed="0.000384"/>
</kw>
<kw name="Log" owner="BuiltIn">
<msg time="2024-07-21T05:15:42.728189" level="INFO">{'gender': 'male', 'name': {'title': 'Mr', 'first': 'Eddie', 'last': 'Vargas'}, 'location': {'street': {'number': 3958, 'name': 'Adams St'}, 'city': 'Henderson', 'state': 'Arkansas', 'country': 'United States', 'postcode': 10328, 'coordinates': {'latitude': '87.9118', 'longitude': '-111.9869'}, 'timezone': {'offset': '-6:00', 'description': 'Central Time (US &amp; Canada), Mexico City'}}, 'email': 'eddie.vargas@example.com', 'login': {'uuid': '4e360610-d2b4-4bf2-adf6-f98fa56a740d', 'username': 'yellowgorilla977', 'password': 'stallion', 'salt': '2jQsT7jj', 'md5': '21bc1a2b5b3ef7871932346cb5930100', 'sha1': '7f7e05572789d0fb72941ce7dca341b595ec1de3', 'sha256': 'f03d647400153d9556a85711b563f300b3e338fff86b7589e03f8841e5c7bab2'}, 'dob': {'date': '1979-11-30T12:40:01.567Z', 'age': 44}, 'registered': {'date': '2012-11-21T17:10:29.121Z', 'age': 11}, 'phone': '(734) 742-0885', 'cell': '(633) 869-5573', 'id': {'name': 'SSN', 'value': '557-21-2439'}, 'picture': {'large': 'https://randomuser.me/api/portraits/men/98.jpg', 'medium': 'https://randomuser.me/api/portraits/med/men/98.jpg', 'thumbnail': 'https://randomuser.me/api/portraits/thumb/men/98.jpg'}, 'nat': 'US'}</msg>
<arg>${json_data['results'][0]}</arg>
<doc>Logs the given message with the given level.</doc>
<status status="PASS" start="2024-07-21T05:15:42.727800" elapsed="0.000441"/>
</kw>
<kw name="Log" owner="BuiltIn">
<msg time="2024-07-21T05:15:42.728661" level="INFO">name</msg>
<arg>${key}</arg>
<doc>Logs the given message with the given level.</doc>
<status status="PASS" start="2024-07-21T05:15:42.728535" elapsed="0.000164"/>
</kw>
<var name="${key}">name</var>
<status status="PASS" start="2024-07-21T05:15:42.727125" elapsed="0.001790"/>
</iter>
<iter>
<kw name="Dictionary Should Contain Key" owner="Collections">
<arg>${json_data['results'][0]}</arg>
<arg>${key}</arg>
<doc>Fails if ``key`` is not found from ``dictionary``.</doc>
<status status="PASS" start="2024-07-21T05:15:42.729195" elapsed="0.000374"/>
</kw>
<kw name="Log" owner="BuiltIn">
<msg time="2024-07-21T05:15:42.730132" level="INFO">{'gender': 'male', 'name': {'title': 'Mr', 'first': 'Eddie', 'last': 'Vargas'}, 'location': {'street': {'number': 3958, 'name': 'Adams St'}, 'city': 'Henderson', 'state': 'Arkansas', 'country': 'United States', 'postcode': 10328, 'coordinates': {'latitude': '87.9118', 'longitude': '-111.9869'}, 'timezone': {'offset': '-6:00', 'description': 'Central Time (US &amp; Canada), Mexico City'}}, 'email': 'eddie.vargas@example.com', 'login': {'uuid': '4e360610-d2b4-4bf2-adf6-f98fa56a740d', 'username': 'yellowgorilla977', 'password': 'stallion', 'salt': '2jQsT7jj', 'md5': '21bc1a2b5b3ef7871932346cb5930100', 'sha1': '7f7e05572789d0fb72941ce7dca341b595ec1de3', 'sha256': 'f03d647400153d9556a85711b563f300b3e338fff86b7589e03f8841e5c7bab2'}, 'dob': {'date': '1979-11-30T12:40:01.567Z', 'age': 44}, 'registered': {'date': '2012-11-21T17:10:29.121Z', 'age': 11}, 'phone': '(734) 742-0885', 'cell': '(633) 869-5573', 'id': {'name': 'SSN', 'value': '557-21-2439'}, 'picture': {'large': 'https://randomuser.me/api/portraits/men/98.jpg', 'medium': 'https://randomuser.me/api/portraits/med/men/98.jpg', 'thumbnail': 'https://randomuser.me/api/portraits/thumb/men/98.jpg'}, 'nat': 'US'}</msg>
<arg>${json_data['results'][0]}</arg>
<doc>Logs the given message with the given level.</doc>
<status status="PASS" start="2024-07-21T05:15:42.729757" elapsed="0.000426"/>
</kw>
<kw name="Log" owner="BuiltIn">
<msg time="2024-07-21T05:15:42.730597" level="INFO">location</msg>
<arg>${key}</arg>
<doc>Logs the given message with the given level.</doc>
<status status="PASS" start="2024-07-21T05:15:42.730473" elapsed="0.000161"/>
</kw>
<var name="${key}">location</var>
<status status="PASS" start="2024-07-21T05:15:42.729089" elapsed="0.001755"/>
</iter>
<iter>
<kw name="Dictionary Should Contain Key" owner="Collections">
<arg>${json_data['results'][0]}</arg>
<arg>${key}</arg>
<doc>Fails if ``key`` is not found from ``dictionary``.</doc>
<status status="PASS" start="2024-07-21T05:15:42.731119" elapsed="0.000381"/>
</kw>
<kw name="Log" owner="BuiltIn">
<msg time="2024-07-21T05:15:42.732141" level="INFO">{'gender': 'male', 'name': {'title': 'Mr', 'first': 'Eddie', 'last': 'Vargas'}, 'location': {'street': {'number': 3958, 'name': 'Adams St'}, 'city': 'Henderson', 'state': 'Arkansas', 'country': 'United States', 'postcode': 10328, 'coordinates': {'latitude': '87.9118', 'longitude': '-111.9869'}, 'timezone': {'offset': '-6:00', 'description': 'Central Time (US &amp; Canada), Mexico City'}}, 'email': 'eddie.vargas@example.com', 'login': {'uuid': '4e360610-d2b4-4bf2-adf6-f98fa56a740d', 'username': 'yellowgorilla977', 'password': 'stallion', 'salt': '2jQsT7jj', 'md5': '21bc1a2b5b3ef7871932346cb5930100', 'sha1': '7f7e05572789d0fb72941ce7dca341b595ec1de3', 'sha256': 'f03d647400153d9556a85711b563f300b3e338fff86b7589e03f8841e5c7bab2'}, 'dob': {'date': '1979-11-30T12:40:01.567Z', 'age': 44}, 'registered': {'date': '2012-11-21T17:10:29.121Z', 'age': 11}, 'phone': '(734) 742-0885', 'cell': '(633) 869-5573', 'id': {'name': 'SSN', 'value': '557-21-2439'}, 'picture': {'large': 'https://randomuser.me/api/portraits/men/98.jpg', 'medium': 'https://randomuser.me/api/portraits/med/men/98.jpg', 'thumbnail': 'https://randomuser.me/api/portraits/thumb/men/98.jpg'}, 'nat': 'US'}</msg>
<arg>${json_data['results'][0]}</arg>
<doc>Logs the given message with the given level.</doc>
<status status="PASS" start="2024-07-21T05:15:42.731792" elapsed="0.000400"/>
</kw>
<kw name="Log" owner="BuiltIn">
<msg time="2024-07-21T05:15:42.732610" level="INFO">email</msg>
<arg>${key}</arg>
<doc>Logs the given message with the given level.</doc>
<status status="PASS" start="2024-07-21T05:15:42.732484" elapsed="0.000164"/>
</kw>
<var name="${key}">email</var>
<status status="PASS" start="2024-07-21T05:15:42.731013" elapsed="0.001846"/>
</iter>
<iter>
<kw name="Dictionary Should Contain Key" owner="Collections">
<arg>${json_data['results'][0]}</arg>
<arg>${key}</arg>
<doc>Fails if ``key`` is not found from ``dictionary``.</doc>
<status status="PASS" start="2024-07-21T05:15:42.733136" elapsed="0.000371"/>
</kw>
<kw name="Log" owner="BuiltIn">
<msg time="2024-07-21T05:15:42.734069" level="INFO">{'gender': 'male', 'name': {'title': 'Mr', 'first': 'Eddie', 'last': 'Vargas'}, 'location': {'street': {'number': 3958, 'name': 'Adams St'}, 'city': 'Henderson', 'state': 'Arkansas', 'country': 'United States', 'postcode': 10328, 'coordinates': {'latitude': '87.9118', 'longitude': '-111.9869'}, 'timezone': {'offset': '-6:00', 'description': 'Central Time (US &amp; Canada), Mexico City'}}, 'email': 'eddie.vargas@example.com', 'login': {'uuid': '4e360610-d2b4-4bf2-adf6-f98fa56a740d', 'username': 'yellowgorilla977', 'password': 'stallion', 'salt': '2jQsT7jj', 'md5': '21bc1a2b5b3ef7871932346cb5930100', 'sha1': '7f7e05572789d0fb72941ce7dca341b595ec1de3', 'sha256': 'f03d647400153d9556a85711b563f300b3e338fff86b7589e03f8841e5c7bab2'}, 'dob': {'date': '1979-11-30T12:40:01.567Z', 'age': 44}, 'registered': {'date': '2012-11-21T17:10:29.121Z', 'age': 11}, 'phone': '(734) 742-0885', 'cell': '(633) 869-5573', 'id': {'name': 'SSN', 'value': '557-21-2439'}, 'picture': {'large': 'https://randomuser.me/api/portraits/men/98.jpg', 'medium': 'https://randomuser.me/api/portraits/med/men/98.jpg', 'thumbnail': 'https://randomuser.me/api/portraits/thumb/men/98.jpg'}, 'nat': 'US'}</msg>
<arg>${json_data['results'][0]}</arg>
<doc>Logs the given message with the given level.</doc>
<status status="PASS" start="2024-07-21T05:15:42.733687" elapsed="0.000432"/>
</kw>
<kw name="Log" owner="BuiltIn">
<msg time="2024-07-21T05:15:42.734531" level="INFO">login</msg>
<arg>${key}</arg>
<doc>Logs the given message with the given level.</doc>
<status status="PASS" start="2024-07-21T05:15:42.734407" elapsed="0.000159"/>
</kw>
<var name="${key}">login</var>
<status status="PASS" start="2024-07-21T05:15:42.733030" elapsed="0.001752"/>
</iter>
<var>${key}</var>
<value>@{expected_keys}</value>
<status status="PASS" start="2024-07-21T05:15:42.724871" elapsed="0.010035"/>
</for>
<kw name="Create List" owner="BuiltIn">
<msg time="2024-07-21T05:15:42.735249" level="INFO">${expected_keysTwo} = ['username', 'password']</msg>
<var>${expected_keysTwo}</var>
<arg>username</arg>
<arg>password</arg>
<doc>Returns a list containing given items.</doc>
<status status="PASS" start="2024-07-21T05:15:42.735117" elapsed="0.000156"/>
</kw>
<for flavor="IN">
<iter>
<kw name="Dictionary Should Contain Key" owner="Collections">
<arg>${json_data['results'][0]['login']}</arg>
<arg>${keyTwo}</arg>
<doc>Fails if ``key`` is not found from ``dictionary``.</doc>
<status status="PASS" start="2024-07-21T05:15:42.735757" elapsed="0.000376"/>
</kw>
<kw name="Dictionary Should Contain Key" owner="Collections">
<arg>${json_data['results'][0]['login']}</arg>
<arg>${keyTwo}</arg>
<doc>Fails if ``key`` is not found from ``dictionary``.</doc>
<status status="PASS" start="2024-07-21T05:15:42.736314" elapsed="0.000373"/>
</kw>
<kw name="Log" owner="BuiltIn">
<msg time="2024-07-21T05:15:42.736980" level="INFO">username</msg>
<arg>${keyTwo}</arg>
<doc>Logs the given message with the given level.</doc>
<status status="PASS" start="2024-07-21T05:15:42.736862" elapsed="0.000156"/>
</kw>
<var name="${keyTwo}">username</var>
<status status="PASS" start="2024-07-21T05:15:42.735652" elapsed="0.001579"/>
</iter>
<iter>
<kw name="Dictionary Should Contain Key" owner="Collections">
<arg>${json_data['results'][0]['login']}</arg>
<arg>${keyTwo}</arg>
<doc>Fails if ``key`` is not found from ``dictionary``.</doc>
<status status="PASS" start="2024-07-21T05:15:42.737504" elapsed="0.000403"/>
</kw>
<kw name="Dictionary Should Contain Key" owner="Collections">
<arg>${json_data['results'][0]['login']}</arg>
<arg>${keyTwo}</arg>
<doc>Fails if ``key`` is not found from ``dictionary``.</doc>
<status status="PASS" start="2024-07-21T05:15:42.738091" elapsed="0.000362"/>
</kw>
<kw name="Log" owner="BuiltIn">
<msg time="2024-07-21T05:15:42.738747" level="INFO">password</msg>
<arg>${keyTwo}</arg>
<doc>Logs the given message with the given level.</doc>
<status status="PASS" start="2024-07-21T05:15:42.738625" elapsed="0.000159"/>
</kw>
<var name="${keyTwo}">password</var>
<status status="PASS" start="2024-07-21T05:15:42.737397" elapsed="0.001603"/>
</iter>
<var>${keyTwo}</var>
<value>@{expected_keysTwo}</value>
<status status="PASS" start="2024-07-21T05:15:42.735504" elapsed="0.003615"/>
</for>
<status status="PASS" start="2024-07-21T05:15:42.591207" elapsed="0.148044"/>
</kw>
<doc>Testa a estrutura da resposta da API.</doc>
<tag>testeEstruturaResposta</tag>
<status status="PASS" start="2024-07-21T05:15:42.590740" elapsed="0.148654"/>
</test>
<test id="s1-s1-t4" name="Validar tipos de dados" line="28">
<kw name="Teste de Tipos de Dados" owner="random-user-service">
<kw name="GET On Session" owner="RequestsLibrary">
<msg time="2024-07-21T05:15:42.804186" level="INFO">GET Request : url=https://randomuser.me/api 
 path_url=/api 
 headers={'User-Agent': 'python-requests/2.32.3', 'Accept-Encoding': 'gzip, deflate', 'Accept': '*/*', 'Connection': 'keep-alive'} 
 body=None 
 </msg>
<msg time="2024-07-21T05:15:42.804247" level="INFO">GET Response : url=https://randomuser.me/api 
 status=200, reason=OK 
 headers={'Date': 'Sun, 21 Jul 2024 05:15:42 GMT', 'Content-Type': 'application/json; charset=utf-8', 'Transfer-Encoding': 'chunked', 'Connection': 'keep-alive', 'X-Powered-By': 'Express', 'Access-Control-Allow-Origin': '*', 'Cache-Control': 'no-cache', 'ETag': 'W/"495-i5KNbt8zAB7tPZ71MnOBIpgN2pE"', 'Vary': 'Accept-Encoding', 'Content-Encoding': 'gzip', 'CF-Cache-Status': 'DYNAMIC', 'Report-To': '{"endpoints":[{"url":"https:\\/\\/a.nel.cloudflare.com\\/report\\/v4?s=F7MDDEoqIx1BaEepV9%2FntJnWAnKD3lABZS6inLs36ua3WFZOpiy0s0kbWo5obJvbCgBjGCnFlqapBpvo9wmGNyxcV6%2FKBh30wZaAI5qZ1vmGPM7wwrbBjANcdoL7XIvh"}],"group":"cf-nel","max_age":604800}', 'NEL': '{"success_fraction":0,"report_to":"cf-nel","max_age":604800}', 'Server': 'cloudflare', 'CF-RAY': '8a68b6f83f82057a-IAD', 'alt-svc': 'h3=":443"; ma=86400'} 
 body={"results":[{"gender":"female","name":{"title":"Mrs","first":"Aubree","last":"Gagnon"},"location":{"street":{"number":8948,"name":"Disputed Rd"},"city":"Inwood","state":"Northwest Territories","country":"Canada","postcode":"O6N 2I4","coordinates":{"latitude":"-64.7846","longitude":"53.8330"},"timezone":{"offset":"-1:00","description":"Azores, Cape Verde Islands"}},"email":"aubree.gagnon@example.com","login":{"uuid":"2476e676-4c61-4510-955e-b97e62832f7c","username":"tinypanda614","password":"eagles1","salt":"WAgwfd3v","md5":"77a428679a6c98971e9aecfa10cd6998","sha1":"6b7bb166ac1a9a3b914729fb875117005447cfca","sha256":"2f046bf22a30425efeee756b0cacfd5104f3cf4b124c347c657a394e2894c4b9"},"dob":{"date":"1972-11-13T07:16:34.597Z","age":51},"registered":{"date":"2020-12-26T06:44:11.601Z","age":3},"phone":"E51 D94-7865","cell":"O19 Y56-3275","id":{"name":"SIN","value":"975163429"},"picture":{"large":"https://randomuser.me/api/portraits/women/40.jpg","medium":"https://randomuser.me/api/portraits/med/women/40.jpg","thumbnail":"https://randomuser.me/api/portraits/thumb/women/40.jpg"},"nat":"CA"}],"info":{"seed":"18cb748d12cac72e","results":1,"page":1,"version":"1.4"}} 
 </msg>
<msg time="2024-07-21T05:15:42.804300" level="INFO">/opt/hostedtoolcache/Python/3.12.4/x64/lib/python3.12/site-packages/urllib3/connectionpool.py:1099: InsecureRequestWarning: Unverified HTTPS request is being made to host 'randomuser.me'. Adding certificate verification is strongly advised. See: https://urllib3.readthedocs.io/en/latest/advanced-usage.html#tls-warnings
  warnings.warn(</msg>
<msg time="2024-07-21T05:15:42.804381" level="INFO">${response} = &lt;Response [200]&gt;</msg>
<var>${response}</var>
<arg>consultarAPI</arg>
<arg>/api</arg>
<doc>Sends a GET request on a previously created HTTP Session.</doc>
<status status="PASS" start="2024-07-21T05:15:42.741757" elapsed="0.062653"/>
</kw>
<kw name="Set Variable" owner="BuiltIn">
<msg time="2024-07-21T05:15:42.805211" level="INFO">${json_data} = {'results': [{'gender': 'female', 'name': {'title': 'Mrs', 'first': 'Aubree', 'last': 'Gagnon'}, 'location': {'street': {'number': 8948, 'name': 'Disputed Rd'}, 'city': 'Inwood', 'state': 'Northwest T...</msg>
<var>${json_data}</var>
<arg>${response.json()}</arg>
<doc>Returns the given values which can then be assigned to a variables.</doc>
<status status="PASS" start="2024-07-21T05:15:42.804770" elapsed="0.000470"/>
</kw>
<kw name="Log" owner="BuiltIn">
<msg time="2024-07-21T05:15:42.805679" level="INFO">{'results': [{'gender': 'female', 'name': {'title': 'Mrs', 'first': 'Aubree', 'last': 'Gagnon'}, 'location': {'street': {'number': 8948, 'name': 'Disputed Rd'}, 'city': 'Inwood', 'state': 'Northwest Territories', 'country': 'Canada', 'postcode': 'O6N 2I4', 'coordinates': {'latitude': '-64.7846', 'longitude': '53.8330'}, 'timezone': {'offset': '-1:00', 'description': 'Azores, Cape Verde Islands'}}, 'email': 'aubree.gagnon@example.com', 'login': {'uuid': '2476e676-4c61-4510-955e-b97e62832f7c', 'username': 'tinypanda614', 'password': 'eagles1', 'salt': 'WAgwfd3v', 'md5': '77a428679a6c98971e9aecfa10cd6998', 'sha1': '6b7bb166ac1a9a3b914729fb875117005447cfca', 'sha256': '2f046bf22a30425efeee756b0cacfd5104f3cf4b124c347c657a394e2894c4b9'}, 'dob': {'date': '1972-11-13T07:16:34.597Z', 'age': 51}, 'registered': {'date': '2020-12-26T06:44:11.601Z', 'age': 3}, 'phone': 'E51 D94-7865', 'cell': 'O19 Y56-3275', 'id': {'name': 'SIN', 'value': '975163429'}, 'picture': {'large': 'https://randomuser.me/api/portraits/women/40.jpg', 'medium': 'https://randomuser.me/api/portraits/med/women/40.jpg', 'thumbnail': 'https://randomuser.me/api/portraits/thumb/women/40.jpg'}, 'nat': 'CA'}], 'info': {'seed': '18cb748d12cac72e', 'results': 1, 'page': 1, 'version': '1.4'}}</msg>
<arg>${json_data}</arg>
<doc>Logs the given message with the given level.</doc>
<status status="PASS" start="2024-07-21T05:15:42.805532" elapsed="0.000196"/>
</kw>
<kw name="Should Be String" owner="String">
<arg>${json_data['results'][0]['gender']}</arg>
<doc>Fails if the given ``item`` is not a string.</doc>
<status status="PASS" start="2024-07-21T05:15:42.806042" elapsed="0.000363"/>
</kw>
<kw name="Should Match Regexp" owner="BuiltIn">
<arg>${json_data['results'][0]['email']}</arg>
<arg>^[a-zA-Z0-9._%+-]+@[a-zA-Z0-9.-]+\.[a-zA-Z]{2,}$</arg>
<doc>Fails if ``string`` does not match ``pattern`` as a regular expression.</doc>
<status status="PASS" start="2024-07-21T05:15:42.806623" elapsed="0.000498"/>
</kw>
<kw name="Should Match Regexp" owner="BuiltIn">
<arg>${json_data['results'][0]['dob']['date']}</arg>
<arg>\\d{4}-\\d{2}-\\d{2}T\\d{2}:\\d{2}:\\d{2}\\.\\d{3}Z</arg>
<doc>Fails if ``string`` does not match ``pattern`` as a regular expression.</doc>
<status status="PASS" start="2024-07-21T05:15:42.807315" elapsed="0.000576"/>
</kw>
<kw name="Should Match Regexp" owner="BuiltIn">
<arg>${json_data['results'][0]['registered']['date']}</arg>
<arg>\\d{4}-\\d{2}-\\d{2}T\\d{2}:\\d{2}:\\d{2}\\.\\d{3}Z</arg>
<doc>Fails if ``string`` does not match ``pattern`` as a regular expression.</doc>
<status status="PASS" start="2024-07-21T05:15:42.808081" elapsed="0.000364"/>
</kw>
<kw name="Should Match Regexp" owner="BuiltIn">
<arg>${json_data['results'][0]['picture']['large']}</arg>
<arg>^https?://.*\.(?:png|jpe?g|gif|bmp)$</arg>
<doc>Fails if ``string`` does not match ``pattern`` as a regular expression.</doc>
<status status="PASS" start="2024-07-21T05:15:42.808635" elapsed="0.000450"/>
</kw>
<kw name="Should Match Regexp" owner="BuiltIn">
<arg>${json_data['results'][0]['picture']['medium']}</arg>
<arg>^https?://.*\.(?:png|jpe?g|gif|bmp)$</arg>
<doc>Fails if ``string`` does not match ``pattern`` as a regular expression.</doc>
<status status="PASS" start="2024-07-21T05:15:42.809270" elapsed="0.000344"/>
</kw>
<kw name="Should Match Regexp" owner="BuiltIn">
<arg>${json_data['results'][0]['picture']['thumbnail']}</arg>
<arg>^https?://.*\.(?:png|jpe?g|gif|bmp)$</arg>
<doc>Fails if ``string`` does not match ``pattern`` as a regular expression.</doc>
<status status="PASS" start="2024-07-21T05:15:42.809794" elapsed="0.000372"/>
</kw>
<kw name="Log" owner="BuiltIn">
<msg time="2024-07-21T05:15:42.810662" level="INFO">{'large': 'https://randomuser.me/api/portraits/women/40.jpg', 'medium': 'https://randomuser.me/api/portraits/med/women/40.jpg', 'thumbnail': 'https://randomuser.me/api/portraits/thumb/women/40.jpg'}</msg>
<arg>${json_data['results'][0]['picture']}</arg>
<doc>Logs the given message with the given level.</doc>
<status status="PASS" start="2024-07-21T05:15:42.810342" elapsed="0.000363"/>
</kw>
<status status="PASS" start="2024-07-21T05:15:42.741545" elapsed="0.069407"/>
</kw>
<kw name="Teste de Tipos de Dados - Postcode" owner="random-user-service">
<kw name="GET On Session" owner="RequestsLibrary">
<msg time="2024-07-21T05:15:42.903484" level="INFO">GET Request : url=https://randomuser.me/api 
 path_url=/api 
 headers={'User-Agent': 'python-requests/2.32.3', 'Accept-Encoding': 'gzip, deflate', 'Accept': '*/*', 'Connection': 'keep-alive'} 
 body=None 
 </msg>
<msg time="2024-07-21T05:15:42.903565" level="INFO">GET Response : url=https://randomuser.me/api 
 status=200, reason=OK 
 headers={'Date': 'Sun, 21 Jul 2024 05:15:42 GMT', 'Content-Type': 'application/json; charset=utf-8', 'Transfer-Encoding': 'chunked', 'Connection': 'keep-alive', 'X-Powered-By': 'Express', 'Access-Control-Allow-Origin': '*', 'Cache-Control': 'no-cache', 'ETag': 'W/"48b-QQ03lXpw6UoYzk6EJu05NfgBzVs"', 'Vary': 'Accept-Encoding', 'Content-Encoding': 'gzip', 'CF-Cache-Status': 'DYNAMIC', 'Report-To': '{"endpoints":[{"url":"https:\\/\\/a.nel.cloudflare.com\\/report\\/v4?s=kqQgg5ZifpETBvn05rnHesEHxfSpfwE8xfiFaj%2FTXE1PqIyIZ1TwWkDNmbqIoUC0KgE%2FQ%2BGVEzRhVgqMGj5NRGgUuyz9%2FGOnBVNDGGhp3nUIs0vO%2Bu0ODclEqssacDKL"}],"group":"cf-nel","max_age":604800}', 'NEL': '{"success_fraction":0,"report_to":"cf-nel","max_age":604800}', 'Server': 'cloudflare', 'CF-RAY': '8a68b6f8a82b057a-IAD', 'alt-svc': 'h3=":443"; ma=86400'} 
 body={"results":[{"gender":"male","name":{"title":"Mr","first":"Logan","last":"Wilson"},"location":{"street":{"number":1750,"name":"O'Connell Avenue"},"city":"Cork","state":"Galway","country":"Ireland","postcode":16490,"coordinates":{"latitude":"1.4369","longitude":"-140.6514"},"timezone":{"offset":"0:00","description":"Western Europe Time, London, Lisbon, Casablanca"}},"email":"logan.wilson@example.com","login":{"uuid":"af728441-e1f6-4263-9db7-44b02a2bc3be","username":"sadladybug371","password":"square","salt":"6g0xjApt","md5":"c4054030e9cc99377eba4e14dbfc1a6d","sha1":"b043c4b8d00277b28dfed4db508fda21f733f3b3","sha256":"c26ecedef5fbcad7b5d05b078e660b6a835bb1e73531ca37a918b40863f7ef52"},"dob":{"date":"1961-12-23T16:34:08.539Z","age":62},"registered":{"date":"2017-02-27T01:49:41.072Z","age":7},"phone":"021-616-7279","cell":"081-500-6217","id":{"name":"PPS","value":"1604781T"},"picture":{"large":"https://randomuser.me/api/portraits/men/0.jpg","medium":"https://randomuser.me/api/portraits/med/men/0.jpg","thumbnail":"https://randomuser.me/api/portraits/thumb/men/0.jpg"},"nat":"IE"}],"info":{"seed":"1d6c1cc8e58b9e06","results":1,"page":1,"version":"1.4"}} 
 </msg>
<msg time="2024-07-21T05:15:42.903635" level="INFO">/opt/hostedtoolcache/Python/3.12.4/x64/lib/python3.12/site-packages/urllib3/connectionpool.py:1099: InsecureRequestWarning: Unverified HTTPS request is being made to host 'randomuser.me'. Adding certificate verification is strongly advised. See: https://urllib3.readthedocs.io/en/latest/advanced-usage.html#tls-warnings
  warnings.warn(</msg>
<msg time="2024-07-21T05:15:42.903744" level="INFO">${response} = &lt;Response [200]&gt;</msg>
<var>${response}</var>
<arg>consultarAPI</arg>
<arg>/api</arg>
<doc>Sends a GET request on a previously created HTTP Session.</doc>
<status status="PASS" start="2024-07-21T05:15:42.811363" elapsed="0.092419"/>
</kw>
<kw name="Set Variable" owner="BuiltIn">
<msg time="2024-07-21T05:15:42.904653" level="INFO">${json_data} = {'results': [{'gender': 'male', 'name': {'title': 'Mr', 'first': 'Logan', 'last': 'Wilson'}, 'location': {'street': {'number': 1750, 'name': "O'Connell Avenue"}, 'city': 'Cork', 'state': 'Galway', 'co...</msg>
<var>${json_data}</var>
<arg>${response.json()}</arg>
<doc>Returns the given values which can then be assigned to a variables.</doc>
<status status="PASS" start="2024-07-21T05:15:42.904218" elapsed="0.000462"/>
</kw>
<kw name="Log" owner="BuiltIn">
<msg time="2024-07-21T05:15:42.905126" level="INFO">{'results': [{'gender': 'male', 'name': {'title': 'Mr', 'first': 'Logan', 'last': 'Wilson'}, 'location': {'street': {'number': 1750, 'name': "O'Connell Avenue"}, 'city': 'Cork', 'state': 'Galway', 'country': 'Ireland', 'postcode': 16490, 'coordinates': {'latitude': '1.4369', 'longitude': '-140.6514'}, 'timezone': {'offset': '0:00', 'description': 'Western Europe Time, London, Lisbon, Casablanca'}}, 'email': 'logan.wilson@example.com', 'login': {'uuid': 'af728441-e1f6-4263-9db7-44b02a2bc3be', 'username': 'sadladybug371', 'password': 'square', 'salt': '6g0xjApt', 'md5': 'c4054030e9cc99377eba4e14dbfc1a6d', 'sha1': 'b043c4b8d00277b28dfed4db508fda21f733f3b3', 'sha256': 'c26ecedef5fbcad7b5d05b078e660b6a835bb1e73531ca37a918b40863f7ef52'}, 'dob': {'date': '1961-12-23T16:34:08.539Z', 'age': 62}, 'registered': {'date': '2017-02-27T01:49:41.072Z', 'age': 7}, 'phone': '021-616-7279', 'cell': '081-500-6217', 'id': {'name': 'PPS', 'value': '1604781T'}, 'picture': {'large': 'https://randomuser.me/api/portraits/men/0.jpg', 'medium': 'https://randomuser.me/api/portraits/med/men/0.jpg', 'thumbnail': 'https://randomuser.me/api/portraits/thumb/men/0.jpg'}, 'nat': 'IE'}], 'info': {'seed': '1d6c1cc8e58b9e06', 'results': 1, 'page': 1, 'version': '1.4'}}</msg>
<arg>${json_data}</arg>
<doc>Logs the given message with the given level.</doc>
<status status="PASS" start="2024-07-21T05:15:42.904976" elapsed="0.000198"/>
</kw>
<kw name="Should Be Equal As Numbers" owner="BuiltIn">
<arg>${json_data['results'][0]['location']['postcode']}</arg>
<arg>${json_data['results'][0]['location']['postcode']}</arg>
<doc>Fails if objects are unequal after converting them to real numbers.</doc>
<status status="PASS" start="2024-07-21T05:15:42.905453" elapsed="0.000643"/>
</kw>
<kw name="Log" owner="BuiltIn">
<msg time="2024-07-21T05:15:42.906656" level="INFO">16490</msg>
<arg>${json_data['results'][0]['location']['postcode']}</arg>
<doc>Logs the given message with the given level.</doc>
<status status="PASS" start="2024-07-21T05:15:42.906312" elapsed="0.000383"/>
</kw>
<status status="PASS" start="2024-07-21T05:15:42.811154" elapsed="0.095788"/>
</kw>
<doc>Testa se os tipos de dados na resposta da API estão corretos.</doc>
<tag>testeTiposDados</tag>
<status status="PASS" start="2024-07-21T05:15:42.741124" elapsed="0.165971"/>
</test>
<test id="s1-s1-t5" name="Validar conteudo" line="35">
<kw name="Teste de Tipos de Conteudo" owner="random-user-service">
<kw name="GET On Session" owner="RequestsLibrary">
<msg time="2024-07-21T05:15:42.996839" level="INFO">GET Request : url=https://randomuser.me/api 
 path_url=/api 
 headers={'User-Agent': 'python-requests/2.32.3', 'Accept-Encoding': 'gzip, deflate', 'Accept': '*/*', 'Connection': 'keep-alive'} 
 body=None 
 </msg>
<msg time="2024-07-21T05:15:42.996923" level="INFO">GET Response : url=https://randomuser.me/api 
 status=200, reason=OK 
 headers={'Date': 'Sun, 21 Jul 2024 05:15:42 GMT', 'Content-Type': 'application/json; charset=utf-8', 'Transfer-Encoding': 'chunked', 'Connection': 'keep-alive', 'X-Powered-By': 'Express', 'Access-Control-Allow-Origin': '*', 'Cache-Control': 'no-cache', 'ETag': 'W/"48d-7kOn8fAfYR+XRQAGVG3mywvSLz4"', 'Vary': 'Accept-Encoding', 'Content-Encoding': 'gzip', 'CF-Cache-Status': 'DYNAMIC', 'Report-To': '{"endpoints":[{"url":"https:\\/\\/a.nel.cloudflare.com\\/report\\/v4?s=jKNWBrDW6qLzr7AI1v4AmMqSQXJO3%2F0RxoCtL9%2F%2B324Uth%2FIwfZQ%2FLPaBM9B%2FjgVSL%2BXBjXFhyVByxgJHxV8Iyib7Vl8741s3OYX1J6Tk6hUKRexZhN17i1%2BLraou4p0"}],"group":"cf-nel","max_age":604800}', 'NEL': '{"success_fraction":0,"report_to":"cf-nel","max_age":604800}', 'Server': 'cloudflare', 'CF-RAY': '8a68b6f948b5057a-IAD', 'alt-svc': 'h3=":443"; ma=86400'} 
 body={"results":[{"gender":"female","name":{"title":"Miss","first":"Draginja","last":"Raspopović"},"location":{"street":{"number":7845,"name":"Slobodana Novakovića"},"city":"Inđija","state":"Jablanica","country":"Serbia","postcode":21223,"coordinates":{"latitude":"61.5235","longitude":"47.1136"},"timezone":{"offset":"+5:45","description":"Kathmandu"}},"email":"draginja.raspopovic@example.com","login":{"uuid":"390ccc42-114d-43b2-8af9-bfa6282cc3ff","username":"organicpanda990","password":"wild","salt":"etYoUiIP","md5":"416e8aad813c009e9a1bcf46d62f783e","sha1":"148b83728b31501ee102758ee386bc51656b9e3c","sha256":"cbf5720a076bf8b4cfa3ce976b00321ae2081888f35a6c3c12dc23e61ca8b03c"},"dob":{"date":"1982-04-01T07:58:56.025Z","age":42},"registered":{"date":"2009-12-30T00:19:14.666Z","age":14},"phone":"021-7729-945","cell":"066-5464-622","id":{"name":"SID","value":"310790452"},"picture":{"large":"https://randomuser.me/api/portraits/women/15.jpg","medium":"https://randomuser.me/api/portraits/med/women/15.jpg","thumbnail":"https://randomuser.me/api/portraits/thumb/women/15.jpg"},"nat":"RS"}],"info":{"seed":"2ddfd6f31d2c412f","results":1,"page":1,"version":"1.4"}} 
 </msg>
<msg time="2024-07-21T05:15:42.997001" level="INFO">/opt/hostedtoolcache/Python/3.12.4/x64/lib/python3.12/site-packages/urllib3/connectionpool.py:1099: InsecureRequestWarning: Unverified HTTPS request is being made to host 'randomuser.me'. Adding certificate verification is strongly advised. See: https://urllib3.readthedocs.io/en/latest/advanced-usage.html#tls-warnings
  warnings.warn(</msg>
<msg time="2024-07-21T05:15:42.997114" level="INFO">${response} = &lt;Response [200]&gt;</msg>
<var>${response}</var>
<arg>consultarAPI</arg>
<arg>/api</arg>
<doc>Sends a GET request on a previously created HTTP Session.</doc>
<status status="PASS" start="2024-07-21T05:15:42.909454" elapsed="0.087698"/>
</kw>
<kw name="Set Variable" owner="BuiltIn">
<msg time="2024-07-21T05:15:42.998044" level="INFO">${json_data} = {'results': [{'gender': 'female', 'name': {'title': 'Miss', 'first': 'Draginja', 'last': 'Raspopović'}, 'location': {'street': {'number': 7845, 'name': 'Slobodana Novakovića'}, 'city': 'Inđija', 'stat...</msg>
<var>${json_data}</var>
<arg>${response.json()}</arg>
<doc>Returns the given values which can then be assigned to a variables.</doc>
<status status="PASS" start="2024-07-21T05:15:42.997544" elapsed="0.000531"/>
</kw>
<kw name="Set Variable" owner="BuiltIn">
<msg time="2024-07-21T05:15:42.998762" level="INFO">${name_title} = Miss</msg>
<var>${name_title}</var>
<arg>${json_data["results"][0]["name"]["title"]}</arg>
<doc>Returns the given values which can then be assigned to a variables.</doc>
<status status="PASS" start="2024-07-21T05:15:42.998381" elapsed="0.000407"/>
</kw>
<kw name="Create List" owner="BuiltIn">
<msg time="2024-07-21T05:15:42.999229" level="INFO">${allowed_titles} = ['Mr', 'Ms', 'Miss', 'Mrs', 'Madame', 'Monsieur']</msg>
<var>${allowed_titles}</var>
<arg>Mr</arg>
<arg>Ms</arg>
<arg>Miss</arg>
<arg>Mrs</arg>
<arg>Madame</arg>
<arg>Monsieur</arg>
<doc>Returns a list containing given items.</doc>
<status status="PASS" start="2024-07-21T05:15:42.999082" elapsed="0.000172"/>
</kw>
<kw name="List Should Contain Value" owner="Collections">
<arg>${allowed_titles}</arg>
<arg>${name_title}</arg>
<doc>Fails if the ``value`` is not found from ``list``.</doc>
<status status="PASS" start="2024-07-21T05:15:42.999556" elapsed="0.000177"/>
</kw>
<kw name="Set Variable" owner="BuiltIn">
<msg time="2024-07-21T05:15:43.000286" level="INFO">${name_country} = RS</msg>
<var>${name_country}</var>
<arg>${json_data["results"][0]["nat"]}</arg>
<doc>Returns the given values which can then be assigned to a variables.</doc>
<status status="PASS" start="2024-07-21T05:15:42.999914" elapsed="0.000397"/>
</kw>
<kw name="Create List" owner="BuiltIn">
<msg time="2024-07-21T05:15:43.001192" level="INFO">${list_country} = ['AD', 'AE', 'AF', 'AG', 'AI', 'AL', 'AM', 'AO', 'AQ', 'AR', 'AS', 'AT', 'AU', 'AW', 'AX', 'AZ', 'BA', 'BB', 'BD', 'BE', 'BF', 'BG', 'BH', 'BI', 'BJ', 'BL', 'BM', 'BN', 'BO', 'BQ', 'BR', 'BS', 'BT', '...</msg>
<var>${list_country}</var>
<arg>AD</arg>
<arg>AE</arg>
<arg>AF</arg>
<arg>AG</arg>
<arg>AI</arg>
<arg>AL</arg>
<arg>AM</arg>
<arg>AO</arg>
<arg>AQ</arg>
<arg>AR</arg>
<arg>AS</arg>
<arg>AT</arg>
<arg>AU</arg>
<arg>AW</arg>
<arg>AX</arg>
<arg>AZ</arg>
<arg>BA</arg>
<arg>BB</arg>
<arg>BD</arg>
<arg>BE</arg>
<arg>BF</arg>
<arg>BG</arg>
<arg>BH</arg>
<arg>BI</arg>
<arg>BJ</arg>
<arg>BL</arg>
<arg>BM</arg>
<arg>BN</arg>
<arg>BO</arg>
<arg>BQ</arg>
<arg>BR</arg>
<arg>BS</arg>
<arg>BT</arg>
<arg>BV</arg>
<arg>BW</arg>
<arg>BY</arg>
<arg>BZ</arg>
<arg>CA</arg>
<arg>CC</arg>
<arg>CD</arg>
<arg>CF</arg>
<arg>CG</arg>
<arg>CH</arg>
<arg>CI</arg>
<arg>CK</arg>
<arg>CL</arg>
<arg>CM</arg>
<arg>CN</arg>
<arg>CO</arg>
<arg>CR</arg>
<arg>CU</arg>
<arg>CV</arg>
<arg>CW</arg>
<arg>CX</arg>
<arg>CY</arg>
<arg>CZ</arg>
<arg>DE</arg>
<arg>DJ</arg>
<arg>DK</arg>
<arg>DM</arg>
<arg>DO</arg>
<arg>DZ</arg>
<arg>EC</arg>
<arg>EE</arg>
<arg>EG</arg>
<arg>EH</arg>
<arg>ER</arg>
<arg>ES</arg>
<arg>ET</arg>
<arg>FI</arg>
<arg>FJ</arg>
<arg>FK</arg>
<arg>FM</arg>
<arg>FO</arg>
<arg>FR</arg>
<arg>GA</arg>
<arg>GB</arg>
<arg>GD</arg>
<arg>GE</arg>
<arg>GF</arg>
<arg>GG</arg>
<arg>GH</arg>
<arg>GI</arg>
<arg>GL</arg>
<arg>GM</arg>
<arg>GN</arg>
<arg>GP</arg>
<arg>GQ</arg>
<arg>GR</arg>
<arg>GS</arg>
<arg>GT</arg>
<arg>GU</arg>
<arg>GW</arg>
<arg>GY</arg>
<arg>HK</arg>
<arg>HM</arg>
<arg>HN</arg>
<arg>HR</arg>
<arg>HT</arg>
<arg>HU</arg>
<arg>ID</arg>
<arg>IE</arg>
<arg>IL</arg>
<arg>IM</arg>
<arg>IN</arg>
<arg>IO</arg>
<arg>IQ</arg>
<arg>IR</arg>
<arg>IS</arg>
<arg>IT</arg>
<arg>JE</arg>
<arg>JM</arg>
<arg>JO</arg>
<arg>JP</arg>
<arg>KE</arg>
<arg>KG</arg>
<arg>KH</arg>
<arg>KI</arg>
<arg>KM</arg>
<arg>KN</arg>
<arg>KP</arg>
<arg>KR</arg>
<arg>KW</arg>
<arg>KY</arg>
<arg>KZ</arg>
<arg>LA</arg>
<arg>LB</arg>
<arg>LC</arg>
<arg>LI</arg>
<arg>LK</arg>
<arg>LR</arg>
<arg>LS</arg>
<arg>LT</arg>
<arg>LU</arg>
<arg>LV</arg>
<arg>LY</arg>
<arg>MA</arg>
<arg>MC</arg>
<arg>MD</arg>
<arg>ME</arg>
<arg>MF</arg>
<arg>MG</arg>
<arg>MH</arg>
<arg>MK</arg>
<arg>ML</arg>
<arg>MM</arg>
<arg>MN</arg>
<arg>MO</arg>
<arg>MP</arg>
<arg>MQ</arg>
<arg>MR</arg>
<arg>MS</arg>
<arg>MT</arg>
<arg>MU</arg>
<arg>MV</arg>
<arg>MW</arg>
<arg>MX</arg>
<arg>MY</arg>
<arg>MZ</arg>
<arg>NA</arg>
<arg>NC</arg>
<arg>NE</arg>
<arg>NF</arg>
<arg>NG</arg>
<arg>NI</arg>
<arg>NL</arg>
<arg>NO</arg>
<arg>NP</arg>
<arg>NR</arg>
<arg>NU</arg>
<arg>NZ</arg>
<arg>OM</arg>
<arg>PA</arg>
<arg>PE</arg>
<arg>PF</arg>
<arg>PG</arg>
<arg>PH</arg>
<arg>PK</arg>
<arg>PL</arg>
<arg>PM</arg>
<arg>PN</arg>
<arg>PR</arg>
<arg>PS</arg>
<arg>PT</arg>
<arg>PW</arg>
<arg>PY</arg>
<arg>QA</arg>
<arg>RE</arg>
<arg>RO</arg>
<arg>RS</arg>
<arg>RU</arg>
<arg>RW</arg>
<arg>SA</arg>
<arg>SB</arg>
<arg>SC</arg>
<arg>SD</arg>
<arg>SE</arg>
<arg>SG</arg>
<arg>SH</arg>
<arg>SI</arg>
<arg>SJ</arg>
<arg>SK</arg>
<arg>SL</arg>
<arg>SM</arg>
<arg>SN</arg>
<arg>SO</arg>
<arg>SR</arg>
<arg>SS</arg>
<arg>ST</arg>
<arg>SV</arg>
<arg>SX</arg>
<arg>SY</arg>
<arg>SZ</arg>
<arg>TC</arg>
<arg>TD</arg>
<arg>TF</arg>
<arg>TG</arg>
<arg>TH</arg>
<arg>TJ</arg>
<arg>TK</arg>
<arg>TL</arg>
<arg>TM</arg>
<arg>TN</arg>
<arg>TO</arg>
<arg>TR</arg>
<arg>TT</arg>
<arg>TV</arg>
<arg>TW</arg>
<arg>TZ</arg>
<arg>UA</arg>
<arg>UG</arg>
<arg>UM</arg>
<arg>US</arg>
<arg>UY</arg>
<arg>UZ</arg>
<arg>VA</arg>
<arg>VC</arg>
<arg>VE</arg>
<arg>VG</arg>
<arg>VI</arg>
<arg>VN</arg>
<arg>VU</arg>
<arg>WF</arg>
<arg>WS</arg>
<arg>XK</arg>
<arg>YE</arg>
<arg>YT</arg>
<arg>ZA</arg>
<arg>ZM</arg>
<arg>ZW</arg>
<doc>Returns a list containing given items.</doc>
<status status="PASS" start="2024-07-21T05:15:43.000604" elapsed="0.000613"/>
</kw>
<kw name="List Should Contain Value" owner="Collections">
<arg>${list_country}</arg>
<arg>${name_country}</arg>
<doc>Fails if the ``value`` is not found from ``list``.</doc>
<status status="PASS" start="2024-07-21T05:15:43.002174" elapsed="0.000227"/>
</kw>
<kw name="Run Keyword If" owner="BuiltIn">
<kw name="Should Be True" owner="BuiltIn">
<arg>${True}</arg>
<doc>Fails if the given condition is not true.</doc>
<status status="PASS" start="2024-07-21T05:15:43.003340" elapsed="0.000158"/>
</kw>
<arg>${json_data["results"][0]["location"]["coordinates"]["latitude"]} &gt;= -90 and ${json_data["results"][0]["location"]["coordinates"]["latitude"]} &lt;= 90</arg>
<arg>Should Be True</arg>
<arg>${True}</arg>
<doc>Runs the given keyword with the given arguments, if ``condition`` is true.</doc>
<status status="PASS" start="2024-07-21T05:15:43.002609" elapsed="0.001035"/>
</kw>
<kw name="Run Keyword If" owner="BuiltIn">
<kw name="Should Be True" owner="BuiltIn">
<arg>${True}</arg>
<doc>Fails if the given condition is not true.</doc>
<status status="PASS" start="2024-07-21T05:15:43.004519" elapsed="0.000136"/>
</kw>
<arg>${json_data["results"][0]["location"]["coordinates"]["longitude"]} &gt;= -180 and ${json_data["results"][0]["location"]["coordinates"]["longitude"]} &lt;= 180</arg>
<arg>Should Be True</arg>
<arg>${True}</arg>
<doc>Runs the given keyword with the given arguments, if ``condition`` is true.</doc>
<status status="PASS" start="2024-07-21T05:15:43.003827" elapsed="0.000950"/>
</kw>
<status status="PASS" start="2024-07-21T05:15:42.909206" elapsed="0.095699"/>
</kw>
<doc>Testa o conteúdo específico dos campos retornados pela API.</doc>
<tag>testeConteudo</tag>
<status status="PASS" start="2024-07-21T05:15:42.908798" elapsed="0.096249"/>
</test>
<status status="PASS" start="2024-07-21T05:15:42.023495" elapsed="0.983447"/>
</suite>
<status status="PASS" start="2024-07-21T05:15:42.009352" elapsed="1.002469"/>
</suite>
<statistics>
<total>
<stat pass="5" fail="0" skip="0">All Tests</stat>
</total>
<tag>
<stat pass="1" fail="0" skip="0">testeConteudo</stat>
<stat pass="1" fail="0" skip="0">testeEstruturaResposta</stat>
<stat pass="1" fail="0" skip="0">testeRequisicaoBasica</stat>
<stat pass="1" fail="0" skip="0">testeTiposDados</stat>
</tag>
<suite>
<stat pass="5" fail="0" skip="0" id="s1" name="Tests">Tests</stat>
<stat pass="5" fail="0" skip="0" id="s1-s1" name="Random-User-Test">Tests.Random-User-Test</stat>
</suite>
</statistics>
<errors>
</errors>
</robot>
