<?xml version="1.0" encoding="UTF-8"?>
<robot generator="Robot 7.0.1 (Python 3.12.4 on linux)" generated="2024-07-19T15:16:51.309234" rpa="false" schemaversion="5">
<suite id="s1" name="Tests" source="/home/runner/work/ApiRandomUser/ApiRandomUser/RamdonUser/tests">
<suite id="s1-s1" name="Random-User-Test" source="/home/runner/work/ApiRandomUser/ApiRandomUser/RamdonUser/tests/random-user-test.robot">
<test id="s1-s1-t1" name="Conectar" line="13">
<kw name="Conectar API" owner="random-user-service">
<kw name="Create Session" owner="RequestsLibrary">
<msg time="2024-07-19T15:16:51.695922" level="INFO">Creating Session using : alias=consultarAPI, url=https://randomuser.me/, headers={},                     cookies={}, auth=None, timeout=None, proxies=None, verify=False,                     debug=0 </msg>
<arg>consultarAPI</arg>
<arg>${URL}</arg>
<doc>Create Session: create a HTTP session to a server</doc>
<status status="PASS" start="2024-07-19T15:16:51.695730" elapsed="0.000366"/>
</kw>
<status status="PASS" start="2024-07-19T15:16:51.694694" elapsed="0.001749"/>
</kw>
<status status="PASS" start="2024-07-19T15:16:51.694164" elapsed="0.002470"/>
</test>
<test id="s1-s1-t2" name="Validar retorno 200 e JSON Válido" line="16">
<kw name="Teste de Requisicao Basica" owner="random-user-service">
<kw name="GET On Session" owner="RequestsLibrary">
<msg time="2024-07-19T15:16:51.793036" level="INFO">GET Request : url=https://randomuser.me/api 
 path_url=/api 
 headers={'User-Agent': 'python-requests/2.32.3', 'Accept-Encoding': 'gzip, deflate', 'Accept': '*/*', 'Connection': 'keep-alive'} 
 body=None 
 </msg>
<msg time="2024-07-19T15:16:51.793183" level="INFO">GET Response : url=https://randomuser.me/api 
 status=200, reason=OK 
 headers={'Date': 'Fri, 19 Jul 2024 15:16:51 GMT', 'Content-Type': 'application/json; charset=utf-8', 'Transfer-Encoding': 'chunked', 'Connection': 'keep-alive', 'X-Powered-By': 'Express', 'Access-Control-Allow-Origin': '*', 'Cache-Control': 'no-cache', 'ETag': 'W/"492-CcRxfxGBLoRKHjBnGsE+y5lYwXg"', 'Vary': 'Accept-Encoding', 'Content-Encoding': 'gzip', 'CF-Cache-Status': 'DYNAMIC', 'Report-To': '{"endpoints":[{"url":"https:\\/\\/a.nel.cloudflare.com\\/report\\/v4?s=ZZsG58JNqHBYPVXNVT3W4b2HOh4rnAVoSIuZItQGJy5TtpJO5GzKoXseRB4t3GOnQ1egrfB5NR7K7fvtDSFvL5tc1kuTmzSFsadF5M3pF9M4RNHzoXZxrSSuBsYxKNXT"}],"group":"cf-nel","max_age":604800}', 'NEL': '{"success_fraction":0,"report_to":"cf-nel","max_age":604800}', 'Server': 'cloudflare', 'CF-RAY': '8a5baccf7cbe20ba-IAD', 'alt-svc': 'h3=":443"; ma=86400'} 
 body={"results":[{"gender":"male","name":{"title":"Mr","first":"Jose","last":"Karle"},"location":{"street":{"number":7622,"name":"Danziger Straße"},"city":"Hechingen","state":"Bremen","country":"Germany","postcode":26674,"coordinates":{"latitude":"-54.0730","longitude":"-103.2219"},"timezone":{"offset":"-5:00","description":"Eastern Time (US &amp; Canada), Bogota, Lima"}},"email":"jose.karle@example.com","login":{"uuid":"864c3542-81d7-4fb3-b62d-fbbbcac92c00","username":"blackswan999","password":"hellas","salt":"GhYC0Rop","md5":"ac93f87ed5552ea74a40965b52d10920","sha1":"5940be1006e22193593b674aa75f29612042bc97","sha256":"67c9b5a219f06486f8ef031a59edbf8e7a83dd018307d7121d746686db029ce2"},"dob":{"date":"1983-12-21T03:27:12.585Z","age":40},"registered":{"date":"2017-01-28T09:31:03.174Z","age":7},"phone":"0768-6180060","cell":"0170-0862102","id":{"name":"SVNR","value":"12 201283 K 480"},"picture":{"large":"https://randomuser.me/api/portraits/men/71.jpg","medium":"https://randomuser.me/api/portraits/med/men/71.jpg","thumbnail":"https://randomuser.me/api/portraits/thumb/men/71.jpg"},"nat":"DE"}],"info":{"seed":"295c412f6598425a","results":1,"page":1,"version":"1.4"}} 
 </msg>
<msg time="2024-07-19T15:16:51.793281" level="INFO">/opt/hostedtoolcache/Python/3.12.4/x64/lib/python3.12/site-packages/urllib3/connectionpool.py:1099: InsecureRequestWarning: Unverified HTTPS request is being made to host 'randomuser.me'. Adding certificate verification is strongly advised. See: https://urllib3.readthedocs.io/en/latest/advanced-usage.html#tls-warnings
  warnings.warn(</msg>
<msg time="2024-07-19T15:16:51.793431" level="INFO">${response} = &lt;Response [200]&gt;</msg>
<var>${response}</var>
<arg>consultarAPI</arg>
<arg>/api</arg>
<doc>Sends a GET request on a previously created HTTP Session.</doc>
<status status="PASS" start="2024-07-19T15:16:51.699230" elapsed="0.094242"/>
</kw>
<kw name="Should Be Equal As Numbers" owner="BuiltIn">
<msg time="2024-07-19T15:16:51.794311" level="INFO">Argument types are:
&lt;class 'int'&gt;
&lt;class 'str'&gt;</msg>
<arg>${response.status_code}</arg>
<arg>200</arg>
<doc>Fails if objects are unequal after converting them to real numbers.</doc>
<status status="PASS" start="2024-07-19T15:16:51.793888" elapsed="0.000490"/>
</kw>
<kw name="Log" owner="BuiltIn">
<msg time="2024-07-19T15:16:51.795087" level="INFO">200</msg>
<arg>${response.status_code}</arg>
<doc>Logs the given message with the given level.</doc>
<status status="PASS" start="2024-07-19T15:16:51.794698" elapsed="0.000434"/>
</kw>
<kw name="Set Variable" owner="BuiltIn">
<msg time="2024-07-19T15:16:51.795888" level="INFO">${json_data} = {'results': [{'gender': 'male', 'name': {'title': 'Mr', 'first': 'Jose', 'last': 'Karle'}, 'location': {'street': {'number': 7622, 'name': 'Danziger Straße'}, 'city': 'Hechingen', 'state': 'Bremen', '...</msg>
<var>${json_data}</var>
<arg>${response.json()}</arg>
<doc>Returns the given values which can then be assigned to a variables.</doc>
<status status="PASS" start="2024-07-19T15:16:51.795442" elapsed="0.000475"/>
</kw>
<kw name="Dictionary Should Contain Key" owner="Collections">
<arg>${json_data}</arg>
<arg>results</arg>
<doc>Fails if ``key`` is not found from ``dictionary``.</doc>
<status status="PASS" start="2024-07-19T15:16:51.796217" elapsed="0.000297"/>
</kw>
<status status="PASS" start="2024-07-19T15:16:51.698982" elapsed="0.097683"/>
</kw>
<doc>Testa se a API responde corretamente e retorna um objeto JSON válido.</doc>
<tag>testeRequisicaoBasica</tag>
<status status="PASS" start="2024-07-19T15:16:51.698474" elapsed="0.098367"/>
</test>
<test id="s1-s1-t3" name="Validar estrutura de resposta" line="22">
<kw name="Teste de Estrutura de Resposta" owner="random-user-service">
<kw name="GET On Session" owner="RequestsLibrary">
<msg time="2024-07-19T15:16:51.890391" level="INFO">GET Request : url=https://randomuser.me/api 
 path_url=/api 
 headers={'User-Agent': 'python-requests/2.32.3', 'Accept-Encoding': 'gzip, deflate', 'Accept': '*/*', 'Connection': 'keep-alive'} 
 body=None 
 </msg>
<msg time="2024-07-19T15:16:51.890472" level="INFO">GET Response : url=https://randomuser.me/api 
 status=200, reason=OK 
 headers={'Date': 'Fri, 19 Jul 2024 15:16:51 GMT', 'Content-Type': 'application/json; charset=utf-8', 'Transfer-Encoding': 'chunked', 'Connection': 'keep-alive', 'X-Powered-By': 'Express', 'Access-Control-Allow-Origin': '*', 'Cache-Control': 'no-cache', 'ETag': 'W/"482-BEu6WQg4k8NzBlz5E58pArIp19g"', 'Vary': 'Accept-Encoding', 'Content-Encoding': 'gzip', 'CF-Cache-Status': 'DYNAMIC', 'Report-To': '{"endpoints":[{"url":"https:\\/\\/a.nel.cloudflare.com\\/report\\/v4?s=byIa4pL5l3LVJ0k%2BOFpCd1sNZfjqKSTEfdxlwS9yEXms0ZYztJ1Pona4U%2Fmt3byj7x10rKmT7WaI5cjaOzEJWjuuhP9odztsZ2TBj5yZQSjtuhFdeqLiTomY8YCIaqST"}],"group":"cf-nel","max_age":604800}', 'NEL': '{"success_fraction":0,"report_to":"cf-nel","max_age":604800}', 'Server': 'cloudflare', 'CF-RAY': '8a5baccfcd2920ba-IAD', 'alt-svc': 'h3=":443"; ma=86400'} 
 body={"results":[{"gender":"female","name":{"title":"Miss","first":"Stefanija","last":"Tasić"},"location":{"street":{"number":7875,"name":"Ljube Spajića"},"city":"Ljubovija","state":"West Bačka","country":"Serbia","postcode":32111,"coordinates":{"latitude":"57.2144","longitude":"68.7864"},"timezone":{"offset":"-10:00","description":"Hawaii"}},"email":"stefanija.tasic@example.com","login":{"uuid":"cc01c77f-3296-492c-8ae8-8d91984c1d68","username":"lazyleopard841","password":"taylor1","salt":"kLzMkYXO","md5":"b97710ff1735e40bfbb579856d1382d7","sha1":"5e88c4955ecf3cc151ed80ee5533d55cb6b6c5ce","sha256":"392e7ef0cace041937ca0a08928be6aa6888c097aceb074123d3941d6d6d4afd"},"dob":{"date":"1978-04-06T16:52:27.271Z","age":46},"registered":{"date":"2004-05-28T11:42:03.629Z","age":20},"phone":"022-7084-569","cell":"063-2582-194","id":{"name":"SID","value":"636448413"},"picture":{"large":"https://randomuser.me/api/portraits/women/57.jpg","medium":"https://randomuser.me/api/portraits/med/women/57.jpg","thumbnail":"https://randomuser.me/api/portraits/thumb/women/57.jpg"},"nat":"RS"}],"info":{"seed":"4d1fe49fdc3d62f0","results":1,"page":1,"version":"1.4"}} 
 </msg>
<msg time="2024-07-19T15:16:51.890590" level="INFO">/opt/hostedtoolcache/Python/3.12.4/x64/lib/python3.12/site-packages/urllib3/connectionpool.py:1099: InsecureRequestWarning: Unverified HTTPS request is being made to host 'randomuser.me'. Adding certificate verification is strongly advised. See: https://urllib3.readthedocs.io/en/latest/advanced-usage.html#tls-warnings
  warnings.warn(</msg>
<msg time="2024-07-19T15:16:51.890686" level="INFO">${response} = &lt;Response [200]&gt;</msg>
<var>${response}</var>
<arg>consultarAPI</arg>
<arg>/api</arg>
<doc>Sends a GET request on a previously created HTTP Session.</doc>
<status status="PASS" start="2024-07-19T15:16:51.799378" elapsed="0.091351"/>
</kw>
<kw name="Set Variable" owner="BuiltIn">
<msg time="2024-07-19T15:16:51.891852" level="INFO">${json_data} = {'results': [{'gender': 'female', 'name': {'title': 'Miss', 'first': 'Stefanija', 'last': 'Tasić'}, 'location': {'street': {'number': 7875, 'name': 'Ljube Spajića'}, 'city': 'Ljubovija', 'state': 'Wes...</msg>
<var>${json_data}</var>
<arg>${response.json()}</arg>
<doc>Returns the given values which can then be assigned to a variables.</doc>
<status status="PASS" start="2024-07-19T15:16:51.891239" elapsed="0.000645"/>
</kw>
<kw name="Log" owner="BuiltIn">
<msg time="2024-07-19T15:16:51.892369" level="INFO">{'results': [{'gender': 'female', 'name': {'title': 'Miss', 'first': 'Stefanija', 'last': 'Tasić'}, 'location': {'street': {'number': 7875, 'name': 'Ljube Spajića'}, 'city': 'Ljubovija', 'state': 'West Bačka', 'country': 'Serbia', 'postcode': 32111, 'coordinates': {'latitude': '57.2144', 'longitude': '68.7864'}, 'timezone': {'offset': '-10:00', 'description': 'Hawaii'}}, 'email': 'stefanija.tasic@example.com', 'login': {'uuid': 'cc01c77f-3296-492c-8ae8-8d91984c1d68', 'username': 'lazyleopard841', 'password': 'taylor1', 'salt': 'kLzMkYXO', 'md5': 'b97710ff1735e40bfbb579856d1382d7', 'sha1': '5e88c4955ecf3cc151ed80ee5533d55cb6b6c5ce', 'sha256': '392e7ef0cace041937ca0a08928be6aa6888c097aceb074123d3941d6d6d4afd'}, 'dob': {'date': '1978-04-06T16:52:27.271Z', 'age': 46}, 'registered': {'date': '2004-05-28T11:42:03.629Z', 'age': 20}, 'phone': '022-7084-569', 'cell': '063-2582-194', 'id': {'name': 'SID', 'value': '636448413'}, 'picture': {'large': 'https://randomuser.me/api/portraits/women/57.jpg', 'medium': 'https://randomuser.me/api/portraits/med/women/57.jpg', 'thumbnail': 'https://randomuser.me/api/portraits/thumb/women/57.jpg'}, 'nat': 'RS'}], 'info': {'seed': '4d1fe49fdc3d62f0', 'results': 1, 'page': 1, 'version': '1.4'}}</msg>
<arg>${json_data}</arg>
<doc>Logs the given message with the given level.</doc>
<status status="PASS" start="2024-07-19T15:16:51.892204" elapsed="0.000218"/>
</kw>
<kw name="Dictionary Should Contain Key" owner="Collections">
<arg>${json_data}</arg>
<arg>results</arg>
<doc>Fails if ``key`` is not found from ``dictionary``.</doc>
<status status="PASS" start="2024-07-19T15:16:51.892734" elapsed="0.000157"/>
</kw>
<kw name="Should Not Be Empty" owner="BuiltIn">
<msg time="2024-07-19T15:16:51.893206" level="INFO">Length is 2.</msg>
<arg>${json_data}</arg>
<doc>Verifies that the given item is not empty.</doc>
<status status="PASS" start="2024-07-19T15:16:51.893080" elapsed="0.000164"/>
</kw>
<kw name="Create List" owner="BuiltIn">
<msg time="2024-07-19T15:16:51.893700" level="INFO">${expected_keys} = ['gender', 'name', 'location', 'email', 'login']</msg>
<var>${expected_keys}</var>
<arg>gender</arg>
<arg>name</arg>
<arg>location</arg>
<arg>email</arg>
<arg>login</arg>
<doc>Returns a list containing given items.</doc>
<status status="PASS" start="2024-07-19T15:16:51.893550" elapsed="0.000175"/>
</kw>
<for flavor="IN">
<iter>
<kw name="Dictionary Should Contain Key" owner="Collections">
<arg>${json_data['results'][0]}</arg>
<arg>${key}</arg>
<doc>Fails if ``key`` is not found from ``dictionary``.</doc>
<status status="PASS" start="2024-07-19T15:16:51.894294" elapsed="0.000417"/>
</kw>
<kw name="Log" owner="BuiltIn">
<msg time="2024-07-19T15:16:51.895314" level="INFO">{'gender': 'female', 'name': {'title': 'Miss', 'first': 'Stefanija', 'last': 'Tasić'}, 'location': {'street': {'number': 7875, 'name': 'Ljube Spajića'}, 'city': 'Ljubovija', 'state': 'West Bačka', 'country': 'Serbia', 'postcode': 32111, 'coordinates': {'latitude': '57.2144', 'longitude': '68.7864'}, 'timezone': {'offset': '-10:00', 'description': 'Hawaii'}}, 'email': 'stefanija.tasic@example.com', 'login': {'uuid': 'cc01c77f-3296-492c-8ae8-8d91984c1d68', 'username': 'lazyleopard841', 'password': 'taylor1', 'salt': 'kLzMkYXO', 'md5': 'b97710ff1735e40bfbb579856d1382d7', 'sha1': '5e88c4955ecf3cc151ed80ee5533d55cb6b6c5ce', 'sha256': '392e7ef0cace041937ca0a08928be6aa6888c097aceb074123d3941d6d6d4afd'}, 'dob': {'date': '1978-04-06T16:52:27.271Z', 'age': 46}, 'registered': {'date': '2004-05-28T11:42:03.629Z', 'age': 20}, 'phone': '022-7084-569', 'cell': '063-2582-194', 'id': {'name': 'SID', 'value': '636448413'}, 'picture': {'large': 'https://randomuser.me/api/portraits/women/57.jpg', 'medium': 'https://randomuser.me/api/portraits/med/women/57.jpg', 'thumbnail': 'https://randomuser.me/api/portraits/thumb/women/57.jpg'}, 'nat': 'RS'}</msg>
<arg>${json_data['results'][0]}</arg>
<doc>Logs the given message with the given level.</doc>
<status status="PASS" start="2024-07-19T15:16:51.894934" elapsed="0.000434"/>
</kw>
<kw name="Log" owner="BuiltIn">
<msg time="2024-07-19T15:16:51.895808" level="INFO">gender</msg>
<arg>${key}</arg>
<doc>Logs the given message with the given level.</doc>
<status status="PASS" start="2024-07-19T15:16:51.895677" elapsed="0.000170"/>
</kw>
<var name="${key}">gender</var>
<status status="PASS" start="2024-07-19T15:16:51.894167" elapsed="0.001897"/>
</iter>
<iter>
<kw name="Dictionary Should Contain Key" owner="Collections">
<arg>${json_data['results'][0]}</arg>
<arg>${key}</arg>
<doc>Fails if ``key`` is not found from ``dictionary``.</doc>
<status status="PASS" start="2024-07-19T15:16:51.896361" elapsed="0.000396"/>
</kw>
<kw name="Log" owner="BuiltIn">
<msg time="2024-07-19T15:16:51.897298" level="INFO">{'gender': 'female', 'name': {'title': 'Miss', 'first': 'Stefanija', 'last': 'Tasić'}, 'location': {'street': {'number': 7875, 'name': 'Ljube Spajića'}, 'city': 'Ljubovija', 'state': 'West Bačka', 'country': 'Serbia', 'postcode': 32111, 'coordinates': {'latitude': '57.2144', 'longitude': '68.7864'}, 'timezone': {'offset': '-10:00', 'description': 'Hawaii'}}, 'email': 'stefanija.tasic@example.com', 'login': {'uuid': 'cc01c77f-3296-492c-8ae8-8d91984c1d68', 'username': 'lazyleopard841', 'password': 'taylor1', 'salt': 'kLzMkYXO', 'md5': 'b97710ff1735e40bfbb579856d1382d7', 'sha1': '5e88c4955ecf3cc151ed80ee5533d55cb6b6c5ce', 'sha256': '392e7ef0cace041937ca0a08928be6aa6888c097aceb074123d3941d6d6d4afd'}, 'dob': {'date': '1978-04-06T16:52:27.271Z', 'age': 46}, 'registered': {'date': '2004-05-28T11:42:03.629Z', 'age': 20}, 'phone': '022-7084-569', 'cell': '063-2582-194', 'id': {'name': 'SID', 'value': '636448413'}, 'picture': {'large': 'https://randomuser.me/api/portraits/women/57.jpg', 'medium': 'https://randomuser.me/api/portraits/med/women/57.jpg', 'thumbnail': 'https://randomuser.me/api/portraits/thumb/women/57.jpg'}, 'nat': 'RS'}</msg>
<arg>${json_data['results'][0]}</arg>
<doc>Logs the given message with the given level.</doc>
<status status="PASS" start="2024-07-19T15:16:51.896940" elapsed="0.000444"/>
</kw>
<kw name="Log" owner="BuiltIn">
<msg time="2024-07-19T15:16:51.897814" level="INFO">name</msg>
<arg>${key}</arg>
<doc>Logs the given message with the given level.</doc>
<status status="PASS" start="2024-07-19T15:16:51.897686" elapsed="0.000166"/>
</kw>
<var name="${key}">name</var>
<status status="PASS" start="2024-07-19T15:16:51.896249" elapsed="0.001816"/>
</iter>
<iter>
<kw name="Dictionary Should Contain Key" owner="Collections">
<arg>${json_data['results'][0]}</arg>
<arg>${key}</arg>
<doc>Fails if ``key`` is not found from ``dictionary``.</doc>
<status status="PASS" start="2024-07-19T15:16:51.898348" elapsed="0.000391"/>
</kw>
<kw name="Log" owner="BuiltIn">
<msg time="2024-07-19T15:16:51.899331" level="INFO">{'gender': 'female', 'name': {'title': 'Miss', 'first': 'Stefanija', 'last': 'Tasić'}, 'location': {'street': {'number': 7875, 'name': 'Ljube Spajića'}, 'city': 'Ljubovija', 'state': 'West Bačka', 'country': 'Serbia', 'postcode': 32111, 'coordinates': {'latitude': '57.2144', 'longitude': '68.7864'}, 'timezone': {'offset': '-10:00', 'description': 'Hawaii'}}, 'email': 'stefanija.tasic@example.com', 'login': {'uuid': 'cc01c77f-3296-492c-8ae8-8d91984c1d68', 'username': 'lazyleopard841', 'password': 'taylor1', 'salt': 'kLzMkYXO', 'md5': 'b97710ff1735e40bfbb579856d1382d7', 'sha1': '5e88c4955ecf3cc151ed80ee5533d55cb6b6c5ce', 'sha256': '392e7ef0cace041937ca0a08928be6aa6888c097aceb074123d3941d6d6d4afd'}, 'dob': {'date': '1978-04-06T16:52:27.271Z', 'age': 46}, 'registered': {'date': '2004-05-28T11:42:03.629Z', 'age': 20}, 'phone': '022-7084-569', 'cell': '063-2582-194', 'id': {'name': 'SID', 'value': '636448413'}, 'picture': {'large': 'https://randomuser.me/api/portraits/women/57.jpg', 'medium': 'https://randomuser.me/api/portraits/med/women/57.jpg', 'thumbnail': 'https://randomuser.me/api/portraits/thumb/women/57.jpg'}, 'nat': 'RS'}</msg>
<arg>${json_data['results'][0]}</arg>
<doc>Logs the given message with the given level.</doc>
<status status="PASS" start="2024-07-19T15:16:51.898969" elapsed="0.000416"/>
</kw>
<kw name="Log" owner="BuiltIn">
<msg time="2024-07-19T15:16:51.899821" level="INFO">location</msg>
<arg>${key}</arg>
<doc>Logs the given message with the given level.</doc>
<status status="PASS" start="2024-07-19T15:16:51.899688" elapsed="0.000173"/>
</kw>
<var name="${key}">location</var>
<status status="PASS" start="2024-07-19T15:16:51.898240" elapsed="0.001839"/>
</iter>
<iter>
<kw name="Dictionary Should Contain Key" owner="Collections">
<arg>${json_data['results'][0]}</arg>
<arg>${key}</arg>
<doc>Fails if ``key`` is not found from ``dictionary``.</doc>
<status status="PASS" start="2024-07-19T15:16:51.900359" elapsed="0.000381"/>
</kw>
<kw name="Log" owner="BuiltIn">
<msg time="2024-07-19T15:16:51.901397" level="INFO">{'gender': 'female', 'name': {'title': 'Miss', 'first': 'Stefanija', 'last': 'Tasić'}, 'location': {'street': {'number': 7875, 'name': 'Ljube Spajića'}, 'city': 'Ljubovija', 'state': 'West Bačka', 'country': 'Serbia', 'postcode': 32111, 'coordinates': {'latitude': '57.2144', 'longitude': '68.7864'}, 'timezone': {'offset': '-10:00', 'description': 'Hawaii'}}, 'email': 'stefanija.tasic@example.com', 'login': {'uuid': 'cc01c77f-3296-492c-8ae8-8d91984c1d68', 'username': 'lazyleopard841', 'password': 'taylor1', 'salt': 'kLzMkYXO', 'md5': 'b97710ff1735e40bfbb579856d1382d7', 'sha1': '5e88c4955ecf3cc151ed80ee5533d55cb6b6c5ce', 'sha256': '392e7ef0cace041937ca0a08928be6aa6888c097aceb074123d3941d6d6d4afd'}, 'dob': {'date': '1978-04-06T16:52:27.271Z', 'age': 46}, 'registered': {'date': '2004-05-28T11:42:03.629Z', 'age': 20}, 'phone': '022-7084-569', 'cell': '063-2582-194', 'id': {'name': 'SID', 'value': '636448413'}, 'picture': {'large': 'https://randomuser.me/api/portraits/women/57.jpg', 'medium': 'https://randomuser.me/api/portraits/med/women/57.jpg', 'thumbnail': 'https://randomuser.me/api/portraits/thumb/women/57.jpg'}, 'nat': 'RS'}</msg>
<arg>${json_data['results'][0]}</arg>
<doc>Logs the given message with the given level.</doc>
<status status="PASS" start="2024-07-19T15:16:51.901040" elapsed="0.000409"/>
</kw>
<kw name="Log" owner="BuiltIn">
<msg time="2024-07-19T15:16:51.901877" level="INFO">email</msg>
<arg>${key}</arg>
<doc>Logs the given message with the given level.</doc>
<status status="PASS" start="2024-07-19T15:16:51.901747" elapsed="0.000168"/>
</kw>
<var name="${key}">email</var>
<status status="PASS" start="2024-07-19T15:16:51.900251" elapsed="0.001878"/>
</iter>
<iter>
<kw name="Dictionary Should Contain Key" owner="Collections">
<arg>${json_data['results'][0]}</arg>
<arg>${key}</arg>
<doc>Fails if ``key`` is not found from ``dictionary``.</doc>
<status status="PASS" start="2024-07-19T15:16:51.902409" elapsed="0.000378"/>
</kw>
<kw name="Log" owner="BuiltIn">
<msg time="2024-07-19T15:16:51.903379" level="INFO">{'gender': 'female', 'name': {'title': 'Miss', 'first': 'Stefanija', 'last': 'Tasić'}, 'location': {'street': {'number': 7875, 'name': 'Ljube Spajića'}, 'city': 'Ljubovija', 'state': 'West Bačka', 'country': 'Serbia', 'postcode': 32111, 'coordinates': {'latitude': '57.2144', 'longitude': '68.7864'}, 'timezone': {'offset': '-10:00', 'description': 'Hawaii'}}, 'email': 'stefanija.tasic@example.com', 'login': {'uuid': 'cc01c77f-3296-492c-8ae8-8d91984c1d68', 'username': 'lazyleopard841', 'password': 'taylor1', 'salt': 'kLzMkYXO', 'md5': 'b97710ff1735e40bfbb579856d1382d7', 'sha1': '5e88c4955ecf3cc151ed80ee5533d55cb6b6c5ce', 'sha256': '392e7ef0cace041937ca0a08928be6aa6888c097aceb074123d3941d6d6d4afd'}, 'dob': {'date': '1978-04-06T16:52:27.271Z', 'age': 46}, 'registered': {'date': '2004-05-28T11:42:03.629Z', 'age': 20}, 'phone': '022-7084-569', 'cell': '063-2582-194', 'id': {'name': 'SID', 'value': '636448413'}, 'picture': {'large': 'https://randomuser.me/api/portraits/women/57.jpg', 'medium': 'https://randomuser.me/api/portraits/med/women/57.jpg', 'thumbnail': 'https://randomuser.me/api/portraits/thumb/women/57.jpg'}, 'nat': 'RS'}</msg>
<arg>${json_data['results'][0]}</arg>
<doc>Logs the given message with the given level.</doc>
<status status="PASS" start="2024-07-19T15:16:51.903019" elapsed="0.000412"/>
</kw>
<kw name="Log" owner="BuiltIn">
<msg time="2024-07-19T15:16:51.903867" level="INFO">login</msg>
<arg>${key}</arg>
<doc>Logs the given message with the given level.</doc>
<status status="PASS" start="2024-07-19T15:16:51.903729" elapsed="0.000176"/>
</kw>
<var name="${key}">login</var>
<status status="PASS" start="2024-07-19T15:16:51.902302" elapsed="0.001816"/>
</iter>
<var>${key}</var>
<value>@{expected_keys}</value>
<status status="PASS" start="2024-07-19T15:16:51.893984" elapsed="0.010265"/>
</for>
<kw name="Create List" owner="BuiltIn">
<msg time="2024-07-19T15:16:51.904569" level="INFO">${expected_keysTwo} = ['username', 'password']</msg>
<var>${expected_keysTwo}</var>
<arg>username</arg>
<arg>password</arg>
<doc>Returns a list containing given items.</doc>
<status status="PASS" start="2024-07-19T15:16:51.904436" elapsed="0.000158"/>
</kw>
<for flavor="IN">
<iter>
<kw name="Dictionary Should Contain Key" owner="Collections">
<arg>${json_data['results'][0]['login']}</arg>
<arg>${keyTwo}</arg>
<doc>Fails if ``key`` is not found from ``dictionary``.</doc>
<status status="PASS" start="2024-07-19T15:16:51.905107" elapsed="0.000388"/>
</kw>
<kw name="Dictionary Should Contain Key" owner="Collections">
<arg>${json_data['results'][0]['login']}</arg>
<arg>${keyTwo}</arg>
<doc>Fails if ``key`` is not found from ``dictionary``.</doc>
<status status="PASS" start="2024-07-19T15:16:51.905676" elapsed="0.000388"/>
</kw>
<kw name="Log" owner="BuiltIn">
<msg time="2024-07-19T15:16:51.906357" level="INFO">username</msg>
<arg>${keyTwo}</arg>
<doc>Logs the given message with the given level.</doc>
<status status="PASS" start="2024-07-19T15:16:51.906239" elapsed="0.000156"/>
</kw>
<var name="${keyTwo}">username</var>
<status status="PASS" start="2024-07-19T15:16:51.905001" elapsed="0.001620"/>
</iter>
<iter>
<kw name="Dictionary Should Contain Key" owner="Collections">
<arg>${json_data['results'][0]['login']}</arg>
<arg>${keyTwo}</arg>
<doc>Fails if ``key`` is not found from ``dictionary``.</doc>
<status status="PASS" start="2024-07-19T15:16:51.906951" elapsed="0.000384"/>
</kw>
<kw name="Dictionary Should Contain Key" owner="Collections">
<arg>${json_data['results'][0]['login']}</arg>
<arg>${keyTwo}</arg>
<doc>Fails if ``key`` is not found from ``dictionary``.</doc>
<status status="PASS" start="2024-07-19T15:16:51.907514" elapsed="0.000378"/>
</kw>
<kw name="Log" owner="BuiltIn">
<msg time="2024-07-19T15:16:51.908319" level="INFO">password</msg>
<arg>${keyTwo}</arg>
<doc>Logs the given message with the given level.</doc>
<status status="PASS" start="2024-07-19T15:16:51.908113" elapsed="0.000270"/>
</kw>
<var name="${keyTwo}">password</var>
<status status="PASS" start="2024-07-19T15:16:51.906801" elapsed="0.001834"/>
</iter>
<var>${keyTwo}</var>
<value>@{expected_keysTwo}</value>
<status status="PASS" start="2024-07-19T15:16:51.904849" elapsed="0.003908"/>
</for>
<status status="PASS" start="2024-07-19T15:16:51.799145" elapsed="0.109749"/>
</kw>
<doc>Testa a estrutura da resposta da API.</doc>
<tag>testeEstruturaResposta</tag>
<status status="PASS" start="2024-07-19T15:16:51.798644" elapsed="0.110393"/>
</test>
<test id="s1-s1-t4" name="Validar tipos de dados" line="28">
<kw name="Teste de Tipos de Dados" owner="random-user-service">
<kw name="GET On Session" owner="RequestsLibrary">
<msg time="2024-07-19T15:16:52.021919" level="INFO">GET Request : url=https://randomuser.me/api 
 path_url=/api 
 headers={'User-Agent': 'python-requests/2.32.3', 'Accept-Encoding': 'gzip, deflate', 'Accept': '*/*', 'Connection': 'keep-alive'} 
 body=None 
 </msg>
<msg time="2024-07-19T15:16:52.021996" level="INFO">GET Response : url=https://randomuser.me/api 
 status=200, reason=OK 
 headers={'Date': 'Fri, 19 Jul 2024 15:16:52 GMT', 'Content-Type': 'application/json; charset=utf-8', 'Transfer-Encoding': 'chunked', 'Connection': 'keep-alive', 'X-Powered-By': 'Express', 'Access-Control-Allow-Origin': '*', 'Cache-Control': 'no-cache', 'ETag': 'W/"48d-MJENG03JoUrwJnbGVesZbvJ1TCY"', 'Vary': 'Accept-Encoding', 'Content-Encoding': 'gzip', 'CF-Cache-Status': 'DYNAMIC', 'Report-To': '{"endpoints":[{"url":"https:\\/\\/a.nel.cloudflare.com\\/report\\/v4?s=Pn94jJAmA4bjE6SvypXsqQbabTNIoLLRWzPjM%2FMS0VotwmG6Ku5AytHvll6jMoD09iJZ6WGj31UKJJfdht3GMubJZjHSJ%2FFeGeyaprn9DvGiwSDCXGz1HoGMlbOOkZX0"}],"group":"cf-nel","max_age":604800}', 'NEL': '{"success_fraction":0,"report_to":"cf-nel","max_age":604800}', 'Server': 'cloudflare', 'CF-RAY': '8a5bacd07e0a20ba-IAD', 'alt-svc': 'h3=":443"; ma=86400'} 
 body={"results":[{"gender":"female","name":{"title":"Mrs","first":"Ranjani","last":"Bangera"},"location":{"street":{"number":2400,"name":"Gali Paranthe Wali"},"city":"Mango","state":"Tamil Nadu","country":"India","postcode":90373,"coordinates":{"latitude":"11.4203","longitude":"160.9560"},"timezone":{"offset":"+7:00","description":"Bangkok, Hanoi, Jakarta"}},"email":"ranjani.bangera@example.com","login":{"uuid":"917d349d-eb1f-4d9f-886d-296f69c16da2","username":"smallcat607","password":"goldberg","salt":"Uf91K0rG","md5":"415a9bb731c8f0a2beb2323ebca02172","sha1":"3b1bf5136f7b72e8e2d05486ceb03998712dfea6","sha256":"94e36fa3f236bbb6c833e244cbb0a5b7fb5d61545e8c51622b6b19631fcc6749"},"dob":{"date":"1967-01-27T19:50:50.612Z","age":57},"registered":{"date":"2021-07-17T09:15:50.473Z","age":3},"phone":"8704861154","cell":"8371079383","id":{"name":"UIDAI","value":"169358499346"},"picture":{"large":"https://randomuser.me/api/portraits/women/38.jpg","medium":"https://randomuser.me/api/portraits/med/women/38.jpg","thumbnail":"https://randomuser.me/api/portraits/thumb/women/38.jpg"},"nat":"IN"}],"info":{"seed":"92e8d6842b2e9857","results":1,"page":1,"version":"1.4"}} 
 </msg>
<msg time="2024-07-19T15:16:52.022059" level="INFO">/opt/hostedtoolcache/Python/3.12.4/x64/lib/python3.12/site-packages/urllib3/connectionpool.py:1099: InsecureRequestWarning: Unverified HTTPS request is being made to host 'randomuser.me'. Adding certificate verification is strongly advised. See: https://urllib3.readthedocs.io/en/latest/advanced-usage.html#tls-warnings
  warnings.warn(</msg>
<msg time="2024-07-19T15:16:52.022162" level="INFO">${response} = &lt;Response [200]&gt;</msg>
<var>${response}</var>
<arg>consultarAPI</arg>
<arg>/api</arg>
<doc>Sends a GET request on a previously created HTTP Session.</doc>
<status status="PASS" start="2024-07-19T15:16:51.911465" elapsed="0.110739"/>
</kw>
<kw name="Set Variable" owner="BuiltIn">
<msg time="2024-07-19T15:16:52.023350" level="INFO">${json_data} = {'results': [{'gender': 'female', 'name': {'title': 'Mrs', 'first': 'Ranjani', 'last': 'Bangera'}, 'location': {'street': {'number': 2400, 'name': 'Gali Paranthe Wali'}, 'city': 'Mango', 'state': 'Tam...</msg>
<var>${json_data}</var>
<arg>${response.json()}</arg>
<doc>Returns the given values which can then be assigned to a variables.</doc>
<status status="PASS" start="2024-07-19T15:16:52.022739" elapsed="0.000641"/>
</kw>
<kw name="Log" owner="BuiltIn">
<msg time="2024-07-19T15:16:52.023845" level="INFO">{'results': [{'gender': 'female', 'name': {'title': 'Mrs', 'first': 'Ranjani', 'last': 'Bangera'}, 'location': {'street': {'number': 2400, 'name': 'Gali Paranthe Wali'}, 'city': 'Mango', 'state': 'Tamil Nadu', 'country': 'India', 'postcode': 90373, 'coordinates': {'latitude': '11.4203', 'longitude': '160.9560'}, 'timezone': {'offset': '+7:00', 'description': 'Bangkok, Hanoi, Jakarta'}}, 'email': 'ranjani.bangera@example.com', 'login': {'uuid': '917d349d-eb1f-4d9f-886d-296f69c16da2', 'username': 'smallcat607', 'password': 'goldberg', 'salt': 'Uf91K0rG', 'md5': '415a9bb731c8f0a2beb2323ebca02172', 'sha1': '3b1bf5136f7b72e8e2d05486ceb03998712dfea6', 'sha256': '94e36fa3f236bbb6c833e244cbb0a5b7fb5d61545e8c51622b6b19631fcc6749'}, 'dob': {'date': '1967-01-27T19:50:50.612Z', 'age': 57}, 'registered': {'date': '2021-07-17T09:15:50.473Z', 'age': 3}, 'phone': '8704861154', 'cell': '8371079383', 'id': {'name': 'UIDAI', 'value': '169358499346'}, 'picture': {'large': 'https://randomuser.me/api/portraits/women/38.jpg', 'medium': 'https://randomuser.me/api/portraits/med/women/38.jpg', 'thumbnail': 'https://randomuser.me/api/portraits/thumb/women/38.jpg'}, 'nat': 'IN'}], 'info': {'seed': '92e8d6842b2e9857', 'results': 1, 'page': 1, 'version': '1.4'}}</msg>
<arg>${json_data}</arg>
<doc>Logs the given message with the given level.</doc>
<status status="PASS" start="2024-07-19T15:16:52.023691" elapsed="0.000204"/>
</kw>
<kw name="Should Be String" owner="String">
<arg>${json_data['results'][0]['gender']}</arg>
<doc>Fails if the given ``item`` is not a string.</doc>
<status status="PASS" start="2024-07-19T15:16:52.024195" elapsed="0.000376"/>
</kw>
<kw name="Should Match Regexp" owner="BuiltIn">
<arg>${json_data['results'][0]['email']}</arg>
<arg>^[a-zA-Z0-9._%+-]+@[a-zA-Z0-9.-]+\.[a-zA-Z]{2,}$</arg>
<doc>Fails if ``string`` does not match ``pattern`` as a regular expression.</doc>
<status status="PASS" start="2024-07-19T15:16:52.024763" elapsed="0.000520"/>
</kw>
<kw name="Should Match Regexp" owner="BuiltIn">
<arg>${json_data['results'][0]['dob']['date']}</arg>
<arg>\\d{4}-\\d{2}-\\d{2}T\\d{2}:\\d{2}:\\d{2}\\.\\d{3}Z</arg>
<doc>Fails if ``string`` does not match ``pattern`` as a regular expression.</doc>
<status status="PASS" start="2024-07-19T15:16:52.025516" elapsed="0.000612"/>
</kw>
<kw name="Should Match Regexp" owner="BuiltIn">
<arg>${json_data['results'][0]['registered']['date']}</arg>
<arg>\\d{4}-\\d{2}-\\d{2}T\\d{2}:\\d{2}:\\d{2}\\.\\d{3}Z</arg>
<doc>Fails if ``string`` does not match ``pattern`` as a regular expression.</doc>
<status status="PASS" start="2024-07-19T15:16:52.026321" elapsed="0.000374"/>
</kw>
<kw name="Should Match Regexp" owner="BuiltIn">
<arg>${json_data['results'][0]['picture']['large']}</arg>
<arg>^https?://.*\.(?:png|jpe?g|gif|bmp)$</arg>
<doc>Fails if ``string`` does not match ``pattern`` as a regular expression.</doc>
<status status="PASS" start="2024-07-19T15:16:52.026915" elapsed="0.000475"/>
</kw>
<kw name="Should Match Regexp" owner="BuiltIn">
<arg>${json_data['results'][0]['picture']['medium']}</arg>
<arg>^https?://.*\.(?:png|jpe?g|gif|bmp)$</arg>
<doc>Fails if ``string`` does not match ``pattern`` as a regular expression.</doc>
<status status="PASS" start="2024-07-19T15:16:52.027577" elapsed="0.000355"/>
</kw>
<kw name="Should Match Regexp" owner="BuiltIn">
<arg>${json_data['results'][0]['picture']['thumbnail']}</arg>
<arg>^https?://.*\.(?:png|jpe?g|gif|bmp)$</arg>
<doc>Fails if ``string`` does not match ``pattern`` as a regular expression.</doc>
<status status="PASS" start="2024-07-19T15:16:52.028115" elapsed="0.000353"/>
</kw>
<kw name="Log" owner="BuiltIn">
<msg time="2024-07-19T15:16:52.028974" level="INFO">{'large': 'https://randomuser.me/api/portraits/women/38.jpg', 'medium': 'https://randomuser.me/api/portraits/med/women/38.jpg', 'thumbnail': 'https://randomuser.me/api/portraits/thumb/women/38.jpg'}</msg>
<arg>${json_data['results'][0]['picture']}</arg>
<doc>Logs the given message with the given level.</doc>
<status status="PASS" start="2024-07-19T15:16:52.028647" elapsed="0.000370"/>
</kw>
<status status="PASS" start="2024-07-19T15:16:51.911248" elapsed="0.118028"/>
</kw>
<kw name="Teste de Tipos de Dados - Postcode" owner="random-user-service">
<kw name="GET On Session" owner="RequestsLibrary">
<msg time="2024-07-19T15:16:52.139859" level="INFO">GET Request : url=https://randomuser.me/api 
 path_url=/api 
 headers={'User-Agent': 'python-requests/2.32.3', 'Accept-Encoding': 'gzip, deflate', 'Accept': '*/*', 'Connection': 'keep-alive'} 
 body=None 
 </msg>
<msg time="2024-07-19T15:16:52.139944" level="INFO">GET Response : url=https://randomuser.me/api 
 status=200, reason=OK 
 headers={'Date': 'Fri, 19 Jul 2024 15:16:52 GMT', 'Content-Type': 'application/json; charset=utf-8', 'Transfer-Encoding': 'chunked', 'Connection': 'keep-alive', 'X-Powered-By': 'Express', 'Access-Control-Allow-Origin': '*', 'Cache-Control': 'no-cache', 'ETag': 'W/"480-dmoBja58U2k4OvuvAUzxlbyOSwY"', 'Vary': 'Accept-Encoding', 'Content-Encoding': 'gzip', 'CF-Cache-Status': 'DYNAMIC', 'Report-To': '{"endpoints":[{"url":"https:\\/\\/a.nel.cloudflare.com\\/report\\/v4?s=02h7OG03kuBMDKiqo88zvGSy6GolMCSTrsJRL3fjFJvonHpCcL4g8itlhPQJJmCoBtOvtsm4hO8XI27XnzNb6ljVRN0cLU%2FXWRMJHyym8jzbItrTtmQzrMkTt9VLfy01"}],"group":"cf-nel","max_age":604800}', 'NEL': '{"success_fraction":0,"report_to":"cf-nel","max_age":604800}', 'Server': 'cloudflare', 'CF-RAY': '8a5bacd13f2f20ba-IAD', 'alt-svc': 'h3=":443"; ma=86400'} 
 body={"results":[{"gender":"female","name":{"title":"Ms","first":"Sophie","last":"Robinson"},"location":{"street":{"number":1665,"name":"Greenwood St"},"city":"Dunedin","state":"Nelson","country":"New Zealand","postcode":88979,"coordinates":{"latitude":"51.9201","longitude":"100.6622"},"timezone":{"offset":"+9:30","description":"Adelaide, Darwin"}},"email":"sophie.robinson@example.com","login":{"uuid":"eace2527-e9f2-4812-82ac-fc10329d7f07","username":"silverzebra814","password":"penguins","salt":"K9kHflWj","md5":"b855a0e77dcfda55cacc7e274b48ea59","sha1":"2c18fda7b1de633cdeb40ef8b8aab4fa60a35662","sha256":"70454671749d7f8c0fcae89e071ded9b834ab1200c371f1c14470bf1ba396ce5"},"dob":{"date":"1948-05-03T13:00:29.606Z","age":76},"registered":{"date":"2002-09-18T20:52:53.361Z","age":21},"phone":"(168)-490-4322","cell":"(930)-522-1766","id":{"name":"","value":null},"picture":{"large":"https://randomuser.me/api/portraits/women/21.jpg","medium":"https://randomuser.me/api/portraits/med/women/21.jpg","thumbnail":"https://randomuser.me/api/portraits/thumb/women/21.jpg"},"nat":"NZ"}],"info":{"seed":"a453afa7ccb05aa5","results":1,"page":1,"version":"1.4"}} 
 </msg>
<msg time="2024-07-19T15:16:52.140014" level="INFO">/opt/hostedtoolcache/Python/3.12.4/x64/lib/python3.12/site-packages/urllib3/connectionpool.py:1099: InsecureRequestWarning: Unverified HTTPS request is being made to host 'randomuser.me'. Adding certificate verification is strongly advised. See: https://urllib3.readthedocs.io/en/latest/advanced-usage.html#tls-warnings
  warnings.warn(</msg>
<msg time="2024-07-19T15:16:52.140141" level="INFO">${response} = &lt;Response [200]&gt;</msg>
<var>${response}</var>
<arg>consultarAPI</arg>
<arg>/api</arg>
<doc>Sends a GET request on a previously created HTTP Session.</doc>
<status status="PASS" start="2024-07-19T15:16:52.029722" elapsed="0.110470"/>
</kw>
<kw name="Set Variable" owner="BuiltIn">
<msg time="2024-07-19T15:16:52.141365" level="INFO">${json_data} = {'results': [{'gender': 'female', 'name': {'title': 'Ms', 'first': 'Sophie', 'last': 'Robinson'}, 'location': {'street': {'number': 1665, 'name': 'Greenwood St'}, 'city': 'Dunedin', 'state': 'Nelson',...</msg>
<var>${json_data}</var>
<arg>${response.json()}</arg>
<doc>Returns the given values which can then be assigned to a variables.</doc>
<status status="PASS" start="2024-07-19T15:16:52.140768" elapsed="0.000625"/>
</kw>
<kw name="Log" owner="BuiltIn">
<msg time="2024-07-19T15:16:52.141857" level="INFO">{'results': [{'gender': 'female', 'name': {'title': 'Ms', 'first': 'Sophie', 'last': 'Robinson'}, 'location': {'street': {'number': 1665, 'name': 'Greenwood St'}, 'city': 'Dunedin', 'state': 'Nelson', 'country': 'New Zealand', 'postcode': 88979, 'coordinates': {'latitude': '51.9201', 'longitude': '100.6622'}, 'timezone': {'offset': '+9:30', 'description': 'Adelaide, Darwin'}}, 'email': 'sophie.robinson@example.com', 'login': {'uuid': 'eace2527-e9f2-4812-82ac-fc10329d7f07', 'username': 'silverzebra814', 'password': 'penguins', 'salt': 'K9kHflWj', 'md5': 'b855a0e77dcfda55cacc7e274b48ea59', 'sha1': '2c18fda7b1de633cdeb40ef8b8aab4fa60a35662', 'sha256': '70454671749d7f8c0fcae89e071ded9b834ab1200c371f1c14470bf1ba396ce5'}, 'dob': {'date': '1948-05-03T13:00:29.606Z', 'age': 76}, 'registered': {'date': '2002-09-18T20:52:53.361Z', 'age': 21}, 'phone': '(168)-490-4322', 'cell': '(930)-522-1766', 'id': {'name': '', 'value': None}, 'picture': {'large': 'https://randomuser.me/api/portraits/women/21.jpg', 'medium': 'https://randomuser.me/api/portraits/med/women/21.jpg', 'thumbnail': 'https://randomuser.me/api/portraits/thumb/women/21.jpg'}, 'nat': 'NZ'}], 'info': {'seed': 'a453afa7ccb05aa5', 'results': 1, 'page': 1, 'version': '1.4'}}</msg>
<arg>${json_data}</arg>
<doc>Logs the given message with the given level.</doc>
<status status="PASS" start="2024-07-19T15:16:52.141704" elapsed="0.000201"/>
</kw>
<kw name="Should Be Equal As Numbers" owner="BuiltIn">
<arg>${json_data['results'][0]['location']['postcode']}</arg>
<arg>${json_data['results'][0]['location']['postcode']}</arg>
<doc>Fails if objects are unequal after converting them to real numbers.</doc>
<status status="PASS" start="2024-07-19T15:16:52.142206" elapsed="0.000689"/>
</kw>
<kw name="Log" owner="BuiltIn">
<msg time="2024-07-19T15:16:52.143457" level="INFO">88979</msg>
<arg>${json_data['results'][0]['location']['postcode']}</arg>
<doc>Logs the given message with the given level.</doc>
<status status="PASS" start="2024-07-19T15:16:52.143107" elapsed="0.000392"/>
</kw>
<status status="PASS" start="2024-07-19T15:16:52.029492" elapsed="0.114290"/>
</kw>
<doc>Testa se os tipos de dados na resposta da API estão corretos.</doc>
<tag>testeTiposDados</tag>
<status status="PASS" start="2024-07-19T15:16:51.910764" elapsed="0.233208"/>
</test>
<test id="s1-s1-t5" name="Validar conteudo" line="35">
<kw name="Teste de Tipos de Conteudo" owner="random-user-service">
<kw name="GET On Session" owner="RequestsLibrary">
<msg time="2024-07-19T15:16:52.187294" level="INFO">GET Request : url=https://randomuser.me/api 
 path_url=/api 
 headers={'User-Agent': 'python-requests/2.32.3', 'Accept-Encoding': 'gzip, deflate', 'Accept': '*/*', 'Connection': 'keep-alive'} 
 body=None 
 </msg>
<msg time="2024-07-19T15:16:52.187361" level="INFO">GET Response : url=https://randomuser.me/api 
 status=200, reason=OK 
 headers={'Date': 'Fri, 19 Jul 2024 15:16:52 GMT', 'Content-Type': 'application/json; charset=utf-8', 'Transfer-Encoding': 'chunked', 'Connection': 'keep-alive', 'X-Powered-By': 'Express', 'Access-Control-Allow-Origin': '*', 'Cache-Control': 'no-cache', 'ETag': 'W/"48e-gNY2+qEtSLnajAfHK4QPrfmWcI8"', 'Vary': 'Accept-Encoding', 'Content-Encoding': 'gzip', 'CF-Cache-Status': 'DYNAMIC', 'Report-To': '{"endpoints":[{"url":"https:\\/\\/a.nel.cloudflare.com\\/report\\/v4?s=CbqSBcknH5IWIDyZv2RBus9o%2FADnM9yWMR9U0jy2RdpQBoAVbvSmyhBfWHFl7GKnDHN2nfIgNMEyLHkrAvK2DKyUla2Dep7xX6pcF5BXYZaHyu2rIrHT8ZkQQoR4JDOC"}],"group":"cf-nel","max_age":604800}', 'NEL': '{"success_fraction":0,"report_to":"cf-nel","max_age":604800}', 'Server': 'cloudflare', 'CF-RAY': '8a5bacd1f82320ba-IAD', 'alt-svc': 'h3=":443"; ma=86400'} 
 body={"results":[{"gender":"female","name":{"title":"Ms","first":"Ülkü","last":"Çankaya"},"location":{"street":{"number":6544,"name":"Talak Göktepe Cd"},"city":"Karabük","state":"Muş","country":"Turkey","postcode":72934,"coordinates":{"latitude":"70.3847","longitude":"34.6984"},"timezone":{"offset":"+10:00","description":"Eastern Australia, Guam, Vladivostok"}},"email":"ulku.cankaya@example.com","login":{"uuid":"d4cea4f9-b202-49bb-9a24-c90fce85e5aa","username":"crazyrabbit622","password":"bridget","salt":"laiMRRuO","md5":"5dd3e4bd37d7ce4e12e26acc28662dc0","sha1":"80f0f385743627544672e19198b8a9c5008b280f","sha256":"9dfd440aadfad731e38eb10456de20a5731a863534b12f967ebe43b2c82d4c29"},"dob":{"date":"1947-12-27T12:38:38.352Z","age":76},"registered":{"date":"2022-01-28T07:13:46.536Z","age":2},"phone":"(953)-936-6696","cell":"(014)-340-0070","id":{"name":"","value":null},"picture":{"large":"https://randomuser.me/api/portraits/women/76.jpg","medium":"https://randomuser.me/api/portraits/med/women/76.jpg","thumbnail":"https://randomuser.me/api/portraits/thumb/women/76.jpg"},"nat":"TR"}],"info":{"seed":"19232b4d1a7e8418","results":1,"page":1,"version":"1.4"}} 
 </msg>
<msg time="2024-07-19T15:16:52.187423" level="INFO">/opt/hostedtoolcache/Python/3.12.4/x64/lib/python3.12/site-packages/urllib3/connectionpool.py:1099: InsecureRequestWarning: Unverified HTTPS request is being made to host 'randomuser.me'. Adding certificate verification is strongly advised. See: https://urllib3.readthedocs.io/en/latest/advanced-usage.html#tls-warnings
  warnings.warn(</msg>
<msg time="2024-07-19T15:16:52.187512" level="INFO">${response} = &lt;Response [200]&gt;</msg>
<var>${response}</var>
<arg>consultarAPI</arg>
<arg>/api</arg>
<doc>Sends a GET request on a previously created HTTP Session.</doc>
<status status="PASS" start="2024-07-19T15:16:52.147109" elapsed="0.040432"/>
</kw>
<kw name="Set Variable" owner="BuiltIn">
<msg time="2024-07-19T15:16:52.188394" level="INFO">${json_data} = {'results': [{'gender': 'female', 'name': {'title': 'Ms', 'first': 'Ülkü', 'last': 'Çankaya'}, 'location': {'street': {'number': 6544, 'name': 'Talak Göktepe Cd'}, 'city': 'Karabük', 'state': 'Muş', '...</msg>
<var>${json_data}</var>
<arg>${response.json()}</arg>
<doc>Returns the given values which can then be assigned to a variables.</doc>
<status status="PASS" start="2024-07-19T15:16:52.187923" elapsed="0.000502"/>
</kw>
<kw name="Set Variable" owner="BuiltIn">
<msg time="2024-07-19T15:16:52.189131" level="INFO">${name_title} = Ms</msg>
<var>${name_title}</var>
<arg>${json_data["results"][0]["name"]["title"]}</arg>
<doc>Returns the given values which can then be assigned to a variables.</doc>
<status status="PASS" start="2024-07-19T15:16:52.188738" elapsed="0.000420"/>
</kw>
<kw name="Create List" owner="BuiltIn">
<msg time="2024-07-19T15:16:52.189652" level="INFO">${allowed_titles} = ['Mr', 'Ms', 'Miss', 'Mrs', 'Madame', 'Monsieur']</msg>
<var>${allowed_titles}</var>
<arg>Mr</arg>
<arg>Ms</arg>
<arg>Miss</arg>
<arg>Mrs</arg>
<arg>Madame</arg>
<arg>Monsieur</arg>
<doc>Returns a list containing given items.</doc>
<status status="PASS" start="2024-07-19T15:16:52.189487" elapsed="0.000191"/>
</kw>
<kw name="List Should Contain Value" owner="Collections">
<arg>${allowed_titles}</arg>
<arg>${name_title}</arg>
<doc>Fails if the ``value`` is not found from ``list``.</doc>
<status status="PASS" start="2024-07-19T15:16:52.189983" elapsed="0.000180"/>
</kw>
<kw name="Set Variable" owner="BuiltIn">
<msg time="2024-07-19T15:16:52.190743" level="INFO">${name_country} = TR</msg>
<var>${name_country}</var>
<arg>${json_data["results"][0]["nat"]}</arg>
<doc>Returns the given values which can then be assigned to a variables.</doc>
<status status="PASS" start="2024-07-19T15:16:52.190353" elapsed="0.000417"/>
</kw>
<kw name="Create List" owner="BuiltIn">
<msg time="2024-07-19T15:16:52.191702" level="INFO">${list_country} = ['AD', 'AE', 'AF', 'AG', 'AI', 'AL', 'AM', 'AO', 'AQ', 'AR', 'AS', 'AT', 'AU', 'AW', 'AX', 'AZ', 'BA', 'BB', 'BD', 'BE', 'BF', 'BG', 'BH', 'BI', 'BJ', 'BL', 'BM', 'BN', 'BO', 'BQ', 'BR', 'BS', 'BT', '...</msg>
<var>${list_country}</var>
<arg>AD</arg>
<arg>AE</arg>
<arg>AF</arg>
<arg>AG</arg>
<arg>AI</arg>
<arg>AL</arg>
<arg>AM</arg>
<arg>AO</arg>
<arg>AQ</arg>
<arg>AR</arg>
<arg>AS</arg>
<arg>AT</arg>
<arg>AU</arg>
<arg>AW</arg>
<arg>AX</arg>
<arg>AZ</arg>
<arg>BA</arg>
<arg>BB</arg>
<arg>BD</arg>
<arg>BE</arg>
<arg>BF</arg>
<arg>BG</arg>
<arg>BH</arg>
<arg>BI</arg>
<arg>BJ</arg>
<arg>BL</arg>
<arg>BM</arg>
<arg>BN</arg>
<arg>BO</arg>
<arg>BQ</arg>
<arg>BR</arg>
<arg>BS</arg>
<arg>BT</arg>
<arg>BV</arg>
<arg>BW</arg>
<arg>BY</arg>
<arg>BZ</arg>
<arg>CA</arg>
<arg>CC</arg>
<arg>CD</arg>
<arg>CF</arg>
<arg>CG</arg>
<arg>CH</arg>
<arg>CI</arg>
<arg>CK</arg>
<arg>CL</arg>
<arg>CM</arg>
<arg>CN</arg>
<arg>CO</arg>
<arg>CR</arg>
<arg>CU</arg>
<arg>CV</arg>
<arg>CW</arg>
<arg>CX</arg>
<arg>CY</arg>
<arg>CZ</arg>
<arg>DE</arg>
<arg>DJ</arg>
<arg>DK</arg>
<arg>DM</arg>
<arg>DO</arg>
<arg>DZ</arg>
<arg>EC</arg>
<arg>EE</arg>
<arg>EG</arg>
<arg>EH</arg>
<arg>ER</arg>
<arg>ES</arg>
<arg>ET</arg>
<arg>FI</arg>
<arg>FJ</arg>
<arg>FK</arg>
<arg>FM</arg>
<arg>FO</arg>
<arg>FR</arg>
<arg>GA</arg>
<arg>GB</arg>
<arg>GD</arg>
<arg>GE</arg>
<arg>GF</arg>
<arg>GG</arg>
<arg>GH</arg>
<arg>GI</arg>
<arg>GL</arg>
<arg>GM</arg>
<arg>GN</arg>
<arg>GP</arg>
<arg>GQ</arg>
<arg>GR</arg>
<arg>GS</arg>
<arg>GT</arg>
<arg>GU</arg>
<arg>GW</arg>
<arg>GY</arg>
<arg>HK</arg>
<arg>HM</arg>
<arg>HN</arg>
<arg>HR</arg>
<arg>HT</arg>
<arg>HU</arg>
<arg>ID</arg>
<arg>IE</arg>
<arg>IL</arg>
<arg>IM</arg>
<arg>IN</arg>
<arg>IO</arg>
<arg>IQ</arg>
<arg>IR</arg>
<arg>IS</arg>
<arg>IT</arg>
<arg>JE</arg>
<arg>JM</arg>
<arg>JO</arg>
<arg>JP</arg>
<arg>KE</arg>
<arg>KG</arg>
<arg>KH</arg>
<arg>KI</arg>
<arg>KM</arg>
<arg>KN</arg>
<arg>KP</arg>
<arg>KR</arg>
<arg>KW</arg>
<arg>KY</arg>
<arg>KZ</arg>
<arg>LA</arg>
<arg>LB</arg>
<arg>LC</arg>
<arg>LI</arg>
<arg>LK</arg>
<arg>LR</arg>
<arg>LS</arg>
<arg>LT</arg>
<arg>LU</arg>
<arg>LV</arg>
<arg>LY</arg>
<arg>MA</arg>
<arg>MC</arg>
<arg>MD</arg>
<arg>ME</arg>
<arg>MF</arg>
<arg>MG</arg>
<arg>MH</arg>
<arg>MK</arg>
<arg>ML</arg>
<arg>MM</arg>
<arg>MN</arg>
<arg>MO</arg>
<arg>MP</arg>
<arg>MQ</arg>
<arg>MR</arg>
<arg>MS</arg>
<arg>MT</arg>
<arg>MU</arg>
<arg>MV</arg>
<arg>MW</arg>
<arg>MX</arg>
<arg>MY</arg>
<arg>MZ</arg>
<arg>NA</arg>
<arg>NC</arg>
<arg>NE</arg>
<arg>NF</arg>
<arg>NG</arg>
<arg>NI</arg>
<arg>NL</arg>
<arg>NO</arg>
<arg>NP</arg>
<arg>NR</arg>
<arg>NU</arg>
<arg>NZ</arg>
<arg>OM</arg>
<arg>PA</arg>
<arg>PE</arg>
<arg>PF</arg>
<arg>PG</arg>
<arg>PH</arg>
<arg>PK</arg>
<arg>PL</arg>
<arg>PM</arg>
<arg>PN</arg>
<arg>PR</arg>
<arg>PS</arg>
<arg>PT</arg>
<arg>PW</arg>
<arg>PY</arg>
<arg>QA</arg>
<arg>RE</arg>
<arg>RO</arg>
<arg>RS</arg>
<arg>RU</arg>
<arg>RW</arg>
<arg>SA</arg>
<arg>SB</arg>
<arg>SC</arg>
<arg>SD</arg>
<arg>SE</arg>
<arg>SG</arg>
<arg>SH</arg>
<arg>SI</arg>
<arg>SJ</arg>
<arg>SK</arg>
<arg>SL</arg>
<arg>SM</arg>
<arg>SN</arg>
<arg>SO</arg>
<arg>SR</arg>
<arg>SS</arg>
<arg>ST</arg>
<arg>SV</arg>
<arg>SX</arg>
<arg>SY</arg>
<arg>SZ</arg>
<arg>TC</arg>
<arg>TD</arg>
<arg>TF</arg>
<arg>TG</arg>
<arg>TH</arg>
<arg>TJ</arg>
<arg>TK</arg>
<arg>TL</arg>
<arg>TM</arg>
<arg>TN</arg>
<arg>TO</arg>
<arg>TR</arg>
<arg>TT</arg>
<arg>TV</arg>
<arg>TW</arg>
<arg>TZ</arg>
<arg>UA</arg>
<arg>UG</arg>
<arg>UM</arg>
<arg>US</arg>
<arg>UY</arg>
<arg>UZ</arg>
<arg>VA</arg>
<arg>VC</arg>
<arg>VE</arg>
<arg>VG</arg>
<arg>VI</arg>
<arg>VN</arg>
<arg>VU</arg>
<arg>WF</arg>
<arg>WS</arg>
<arg>XK</arg>
<arg>YE</arg>
<arg>YT</arg>
<arg>ZA</arg>
<arg>ZM</arg>
<arg>ZW</arg>
<doc>Returns a list containing given items.</doc>
<status status="PASS" start="2024-07-19T15:16:52.191103" elapsed="0.000627"/>
</kw>
<kw name="List Should Contain Value" owner="Collections">
<arg>${list_country}</arg>
<arg>${name_country}</arg>
<doc>Fails if the ``value`` is not found from ``list``.</doc>
<status status="PASS" start="2024-07-19T15:16:52.192682" elapsed="0.000220"/>
</kw>
<kw name="Run Keyword If" owner="BuiltIn">
<kw name="Should Be True" owner="BuiltIn">
<arg>${True}</arg>
<doc>Fails if the given condition is not true.</doc>
<status status="PASS" start="2024-07-19T15:16:52.193854" elapsed="0.000145"/>
</kw>
<arg>${json_data["results"][0]["location"]["coordinates"]["latitude"]} &gt;= -90 and ${json_data["results"][0]["location"]["coordinates"]["latitude"]} &lt;= 90</arg>
<arg>Should Be True</arg>
<arg>${True}</arg>
<doc>Runs the given keyword with the given arguments, if ``condition`` is true.</doc>
<status status="PASS" start="2024-07-19T15:16:52.193099" elapsed="0.001030"/>
</kw>
<kw name="Run Keyword If" owner="BuiltIn">
<kw name="Should Be True" owner="BuiltIn">
<arg>${True}</arg>
<doc>Fails if the given condition is not true.</doc>
<status status="PASS" start="2024-07-19T15:16:52.195043" elapsed="0.000143"/>
</kw>
<arg>${json_data["results"][0]["location"]["coordinates"]["longitude"]} &gt;= -180 and ${json_data["results"][0]["location"]["coordinates"]["longitude"]} &lt;= 180</arg>
<arg>Should Be True</arg>
<arg>${True}</arg>
<doc>Runs the given keyword with the given arguments, if ``condition`` is true.</doc>
<status status="PASS" start="2024-07-19T15:16:52.194312" elapsed="0.001004"/>
</kw>
<status status="PASS" start="2024-07-19T15:16:52.146707" elapsed="0.048749"/>
</kw>
<doc>Testa o conteúdo específico dos campos retornados pela API.</doc>
<tag>testeConteudo</tag>
<status status="PASS" start="2024-07-19T15:16:52.146015" elapsed="0.049598"/>
</test>
<status status="PASS" start="2024-07-19T15:16:51.367280" elapsed="0.830260"/>
</suite>
<status status="PASS" start="2024-07-19T15:16:51.353075" elapsed="0.849396"/>
</suite>
<statistics>
<total>
<stat pass="5" fail="0" skip="0">All Tests</stat>
</total>
<tag>
<stat pass="1" fail="0" skip="0">testeConteudo</stat>
<stat pass="1" fail="0" skip="0">testeEstruturaResposta</stat>
<stat pass="1" fail="0" skip="0">testeRequisicaoBasica</stat>
<stat pass="1" fail="0" skip="0">testeTiposDados</stat>
</tag>
<suite>
<stat pass="5" fail="0" skip="0" id="s1" name="Tests">Tests</stat>
<stat pass="5" fail="0" skip="0" id="s1-s1" name="Random-User-Test">Tests.Random-User-Test</stat>
</suite>
</statistics>
<errors>
</errors>
</robot>
