<?xml version="1.0" encoding="UTF-8"?>
<robot generator="Robot 7.0 (Python 3.12.2 on linux)" generated="2024-03-29T15:13:59.487818" rpa="false" schemaversion="5">
<suite id="s1" name="Tests" source="/home/runner/work/DesafioQAItauRogerioJordao/DesafioQAItauRogerioJordao/RamdonUser/tests">
<suite id="s1-s1" name="Random-User-Test" source="/home/runner/work/DesafioQAItauRogerioJordao/DesafioQAItauRogerioJordao/RamdonUser/tests/random-user-test.robot">
<test id="s1-s1-t1" name="Conectar" line="13">
<kw name="Conectar API" owner="random-user-service">
<kw name="Create Session" owner="RequestsLibrary">
<msg time="2024-03-29T15:13:59.855008" level="INFO">Creating Session using : alias=consultarAPI, url=https://randomuser.me/, headers={},                     cookies={}, auth=None, timeout=None, proxies=None, verify=False,                     debug=0 </msg>
<arg>consultarAPI</arg>
<arg>${URL}</arg>
<doc>Create Session: create a HTTP session to a server</doc>
<status status="PASS" start="2024-03-29T15:13:59.854792" elapsed="0.000399"/>
</kw>
<status status="PASS" start="2024-03-29T15:13:59.853723" elapsed="0.001845"/>
</kw>
<status status="PASS" start="2024-03-29T15:13:59.853158" elapsed="0.002655"/>
</test>
<test id="s1-s1-t2" name="Validar retorno 200 e JSON Válido" line="16">
<kw name="Teste de Requisicao Basica" owner="random-user-service">
<kw name="GET On Session" owner="RequestsLibrary">
<msg time="2024-03-29T15:13:59.948655" level="INFO">GET Request : url=https://randomuser.me/api 
 path_url=/api 
 headers={'User-Agent': 'python-requests/2.31.0', 'Accept-Encoding': 'gzip, deflate', 'Accept': '*/*', 'Connection': 'keep-alive'} 
 body=None 
 </msg>
<msg time="2024-03-29T15:13:59.948801" level="INFO">GET Response : url=https://randomuser.me/api 
 status=200, reason=OK 
 headers={'Date': 'Fri, 29 Mar 2024 15:13:59 GMT', 'Content-Type': 'application/json; charset=utf-8', 'Transfer-Encoding': 'chunked', 'Connection': 'keep-alive', 'X-Powered-By': 'Express', 'Access-Control-Allow-Origin': '*', 'Cache-Control': 'no-cache', 'ETag': 'W/"49d-lngHwEH5rxDVDn6goQI2NQibw9Y"', 'Vary': 'Accept-Encoding', 'Content-Encoding': 'gzip', 'CF-Cache-Status': 'DYNAMIC', 'Report-To': '{"endpoints":[{"url":"https:\\/\\/a.nel.cloudflare.com\\/report\\/v4?s=ldtrJhaHqxEkJCXaVpO5dQhJW2UQTjv3hJs4kJCe1kTYGGoUeIZxahoazlEnkNeeKHFdFCNgJMHTadBXK3QLBO5mptts3uKj%2FxTBXFXQRCiOTelvkthy%2FEeOlTTLnEQg"}],"group":"cf-nel","max_age":604800}', 'NEL': '{"success_fraction":0,"report_to":"cf-nel","max_age":604800}', 'Server': 'cloudflare', 'CF-RAY': '86c0ce9d4c7e13bb-IAD', 'alt-svc': 'h3=":443"; ma=86400'} 
 body={"results":[{"gender":"female","name":{"title":"Ms","first":"Iina","last":"Leppanen"},"location":{"street":{"number":9589,"name":"Itsenäisyydenkatu"},"city":"Sund","state":"Pirkanmaa","country":"Finland","postcode":59892,"coordinates":{"latitude":"-28.1180","longitude":"7.1432"},"timezone":{"offset":"+5:30","description":"Bombay, Calcutta, Madras, New Delhi"}},"email":"iina.leppanen@example.com","login":{"uuid":"58bbf4d8-8648-4846-afc6-df5344552b37","username":"happysnake950","password":"senators","salt":"zpHFqyi0","md5":"777db33edd07b55a18115d4f7a9f1938","sha1":"6f70ef7e8c2f6d843da210e8978aea31e4b5eb16","sha256":"c81bbcb0dbb464429bd9fcf890118b54225ef9b5648a52f1104eee5dcba66769"},"dob":{"date":"1964-07-28T15:54:02.738Z","age":59},"registered":{"date":"2006-11-12T16:34:20.980Z","age":17},"phone":"04-331-714","cell":"047-539-32-85","id":{"name":"HETU","value":"NaNNA688undefined"},"picture":{"large":"https://randomuser.me/api/portraits/women/27.jpg","medium":"https://randomuser.me/api/portraits/med/women/27.jpg","thumbnail":"https://randomuser.me/api/portraits/thumb/women/27.jpg"},"nat":"FI"}],"info":{"seed":"ce893eeb211a92fc","results":1,"page":1,"version":"1.4"}} 
 </msg>
<msg time="2024-03-29T15:13:59.948911" level="INFO">/opt/hostedtoolcache/Python/3.12.2/x64/lib/python3.12/site-packages/urllib3/connectionpool.py:1103: InsecureRequestWarning: Unverified HTTPS request is being made to host 'randomuser.me'. Adding certificate verification is strongly advised. See: https://urllib3.readthedocs.io/en/latest/advanced-usage.html#tls-warnings
  warnings.warn(</msg>
<msg time="2024-03-29T15:13:59.949070" level="INFO">${response} = &lt;Response [200]&gt;</msg>
<var>${response}</var>
<arg>consultarAPI</arg>
<arg>/api</arg>
<doc>Sends a GET request on a previously created HTTP Session.</doc>
<status status="PASS" start="2024-03-29T15:13:59.858390" elapsed="0.090723"/>
</kw>
<kw name="Should Be Equal As Numbers" owner="BuiltIn">
<msg time="2024-03-29T15:13:59.950117" level="INFO">Argument types are:
&lt;class 'int'&gt;
&lt;class 'str'&gt;</msg>
<arg>${response.status_code}</arg>
<arg>200</arg>
<doc>Fails if objects are unequal after converting them to real numbers.</doc>
<status status="PASS" start="2024-03-29T15:13:59.949650" elapsed="0.000535"/>
</kw>
<kw name="Log" owner="BuiltIn">
<msg time="2024-03-29T15:13:59.950907" level="INFO">200</msg>
<arg>${response.status_code}</arg>
<doc>Logs the given message with the given level.</doc>
<status status="PASS" start="2024-03-29T15:13:59.950536" elapsed="0.000415"/>
</kw>
<kw name="Set Variable" owner="BuiltIn">
<msg time="2024-03-29T15:13:59.951803" level="INFO">${json_data} = {'results': [{'gender': 'female', 'name': {'title': 'Ms', 'first': 'Iina', 'last': 'Leppanen'}, 'location': {'street': {'number': 9589, 'name': 'Itsenäisyydenkatu'}, 'city': 'Sund', 'state': 'Pirkanma...</msg>
<var>${json_data}</var>
<arg>${response.json()}</arg>
<doc>Returns the given values which can then be assigned to a variables.</doc>
<status status="PASS" start="2024-03-29T15:13:59.951307" elapsed="0.000526"/>
</kw>
<kw name="Dictionary Should Contain Key" owner="Collections">
<msg time="2024-03-29T15:13:59.952328" level="INFO">False</msg>
<arg>${json_data}</arg>
<arg>results</arg>
<doc>Fails if ``key`` is not found from ``dictionary``.</doc>
<status status="PASS" start="2024-03-29T15:13:59.952151" elapsed="0.000218"/>
</kw>
<status status="PASS" start="2024-03-29T15:13:59.858129" elapsed="0.094502"/>
</kw>
<doc>Testa se a API responde corretamente e retorna um objeto JSON válido.</doc>
<tag>testeRequisicaoBasica</tag>
<status status="PASS" start="2024-03-29T15:13:59.857657" elapsed="0.095168"/>
</test>
<test id="s1-s1-t3" name="Validar estrutura de resposta" line="22">
<kw name="Teste de Estrutura de Resposta" owner="random-user-service">
<kw name="GET On Session" owner="RequestsLibrary">
<msg time="2024-03-29T15:14:00.065210" level="INFO">GET Request : url=https://randomuser.me/api 
 path_url=/api 
 headers={'User-Agent': 'python-requests/2.31.0', 'Accept-Encoding': 'gzip, deflate', 'Accept': '*/*', 'Connection': 'keep-alive'} 
 body=None 
 </msg>
<msg time="2024-03-29T15:14:00.065328" level="INFO">GET Response : url=https://randomuser.me/api 
 status=200, reason=OK 
 headers={'Date': 'Fri, 29 Mar 2024 15:14:00 GMT', 'Content-Type': 'application/json; charset=utf-8', 'Transfer-Encoding': 'chunked', 'Connection': 'keep-alive', 'X-Powered-By': 'Express', 'Access-Control-Allow-Origin': '*', 'Cache-Control': 'no-cache', 'ETag': 'W/"46e-23P//028J4kRvCSg2CPvXIJMgBM"', 'Vary': 'Accept-Encoding', 'Content-Encoding': 'gzip', 'CF-Cache-Status': 'DYNAMIC', 'Report-To': '{"endpoints":[{"url":"https:\\/\\/a.nel.cloudflare.com\\/report\\/v4?s=%2FeL8lKX44wXlOFhXwsQLvXB68Rsi%2BC7kuH6vCOCTON7qpFSC7wuGMh55dxNqzKa7NwWIGrPotesiU9N20st8VBwA7%2F7FnfRKISgtccG5xehnzbwRstnAZbgDTFWNM4W7"}],"group":"cf-nel","max_age":604800}', 'NEL': '{"success_fraction":0,"report_to":"cf-nel","max_age":604800}', 'Server': 'cloudflare', 'CF-RAY': '86c0ce9dbd2413bb-IAD', 'alt-svc': 'h3=":443"; ma=86400'} 
 body={"results":[{"gender":"female","name":{"title":"Ms","first":"Esma","last":"Kunter"},"location":{"street":{"number":1171,"name":"Fatih Sultan Mehmet Cd"},"city":"Manisa","state":"İstanbul","country":"Turkey","postcode":50635,"coordinates":{"latitude":"71.1469","longitude":"106.6427"},"timezone":{"offset":"+4:30","description":"Kabul"}},"email":"esma.kunter@example.com","login":{"uuid":"59da1c86-7733-4619-9e32-152a1116f4e1","username":"bluebutterfly384","password":"chou","salt":"BmpyhKK5","md5":"1cfca9bb2400b0b6a570786602f259f6","sha1":"bc7348141bd8b6ac0e1cf1834346e2e5a975a7a3","sha256":"62068eb7e56f3d3eb40200dca0b8ac15f19dc91839688bc9b0be71b454ec5edc"},"dob":{"date":"1951-10-04T15:39:24.205Z","age":72},"registered":{"date":"2015-03-07T14:19:14.436Z","age":9},"phone":"(013)-929-0410","cell":"(185)-582-1938","id":{"name":"","value":null},"picture":{"large":"https://randomuser.me/api/portraits/women/9.jpg","medium":"https://randomuser.me/api/portraits/med/women/9.jpg","thumbnail":"https://randomuser.me/api/portraits/thumb/women/9.jpg"},"nat":"TR"}],"info":{"seed":"dc9bcda45ee094bc","results":1,"page":1,"version":"1.4"}} 
 </msg>
<msg time="2024-03-29T15:14:00.065507" level="INFO">/opt/hostedtoolcache/Python/3.12.2/x64/lib/python3.12/site-packages/urllib3/connectionpool.py:1103: InsecureRequestWarning: Unverified HTTPS request is being made to host 'randomuser.me'. Adding certificate verification is strongly advised. See: https://urllib3.readthedocs.io/en/latest/advanced-usage.html#tls-warnings
  warnings.warn(</msg>
<msg time="2024-03-29T15:14:00.065672" level="INFO">${response} = &lt;Response [200]&gt;</msg>
<var>${response}</var>
<arg>consultarAPI</arg>
<arg>/api</arg>
<doc>Sends a GET request on a previously created HTTP Session.</doc>
<status status="PASS" start="2024-03-29T15:13:59.956034" elapsed="0.109683"/>
</kw>
<kw name="Set Variable" owner="BuiltIn">
<msg time="2024-03-29T15:14:00.066857" level="INFO">${json_data} = {'results': [{'gender': 'female', 'name': {'title': 'Ms', 'first': 'Esma', 'last': 'Kunter'}, 'location': {'street': {'number': 1171, 'name': 'Fatih Sultan Mehmet Cd'}, 'city': 'Manisa', 'state': 'İst...</msg>
<var>${json_data}</var>
<arg>${response.json()}</arg>
<doc>Returns the given values which can then be assigned to a variables.</doc>
<status status="PASS" start="2024-03-29T15:14:00.066309" elapsed="0.000581"/>
</kw>
<kw name="Log" owner="BuiltIn">
<msg time="2024-03-29T15:14:00.067426" level="INFO">{'results': [{'gender': 'female', 'name': {'title': 'Ms', 'first': 'Esma', 'last': 'Kunter'}, 'location': {'street': {'number': 1171, 'name': 'Fatih Sultan Mehmet Cd'}, 'city': 'Manisa', 'state': 'İstanbul', 'country': 'Turkey', 'postcode': 50635, 'coordinates': {'latitude': '71.1469', 'longitude': '106.6427'}, 'timezone': {'offset': '+4:30', 'description': 'Kabul'}}, 'email': 'esma.kunter@example.com', 'login': {'uuid': '59da1c86-7733-4619-9e32-152a1116f4e1', 'username': 'bluebutterfly384', 'password': 'chou', 'salt': 'BmpyhKK5', 'md5': '1cfca9bb2400b0b6a570786602f259f6', 'sha1': 'bc7348141bd8b6ac0e1cf1834346e2e5a975a7a3', 'sha256': '62068eb7e56f3d3eb40200dca0b8ac15f19dc91839688bc9b0be71b454ec5edc'}, 'dob': {'date': '1951-10-04T15:39:24.205Z', 'age': 72}, 'registered': {'date': '2015-03-07T14:19:14.436Z', 'age': 9}, 'phone': '(013)-929-0410', 'cell': '(185)-582-1938', 'id': {'name': '', 'value': None}, 'picture': {'large': 'https://randomuser.me/api/portraits/women/9.jpg', 'medium': 'https://randomuser.me/api/portraits/med/women/9.jpg', 'thumbnail': 'https://randomuser.me/api/portraits/thumb/women/9.jpg'}, 'nat': 'TR'}], 'info': {'seed': 'dc9bcda45ee094bc', 'results': 1, 'page': 1, 'version': '1.4'}}</msg>
<arg>${json_data}</arg>
<doc>Logs the given message with the given level.</doc>
<status status="PASS" start="2024-03-29T15:14:00.067247" elapsed="0.000237"/>
</kw>
<kw name="Dictionary Should Contain Key" owner="Collections">
<msg time="2024-03-29T15:14:00.068021" level="INFO">False</msg>
<arg>${json_data}</arg>
<arg>results</arg>
<doc>Fails if ``key`` is not found from ``dictionary``.</doc>
<status status="PASS" start="2024-03-29T15:14:00.067852" elapsed="0.000207"/>
</kw>
<kw name="Should Not Be Empty" owner="BuiltIn">
<msg time="2024-03-29T15:14:00.068508" level="INFO">Length is 2.</msg>
<arg>${json_data}</arg>
<doc>Verifies that the given item is not empty.</doc>
<status status="PASS" start="2024-03-29T15:14:00.068370" elapsed="0.000178"/>
</kw>
<kw name="Create List" owner="BuiltIn">
<msg time="2024-03-29T15:14:00.069005" level="INFO">${expected_keys} = ['gender', 'name', 'location', 'email', 'login']</msg>
<var>${expected_keys}</var>
<arg>gender</arg>
<arg>name</arg>
<arg>location</arg>
<arg>email</arg>
<arg>login</arg>
<doc>Returns a list containing given items.</doc>
<status status="PASS" start="2024-03-29T15:14:00.068852" elapsed="0.000179"/>
</kw>
<for flavor="IN">
<iter>
<kw name="Dictionary Should Contain Key" owner="Collections">
<msg time="2024-03-29T15:14:00.070066" level="INFO">False</msg>
<arg>${json_data['results'][0]}</arg>
<arg>${key}</arg>
<doc>Fails if ``key`` is not found from ``dictionary``.</doc>
<status status="PASS" start="2024-03-29T15:14:00.069632" elapsed="0.000474"/>
</kw>
<kw name="Log" owner="BuiltIn">
<msg time="2024-03-29T15:14:00.070796" level="INFO">{'gender': 'female', 'name': {'title': 'Ms', 'first': 'Esma', 'last': 'Kunter'}, 'location': {'street': {'number': 1171, 'name': 'Fatih Sultan Mehmet Cd'}, 'city': 'Manisa', 'state': 'İstanbul', 'country': 'Turkey', 'postcode': 50635, 'coordinates': {'latitude': '71.1469', 'longitude': '106.6427'}, 'timezone': {'offset': '+4:30', 'description': 'Kabul'}}, 'email': 'esma.kunter@example.com', 'login': {'uuid': '59da1c86-7733-4619-9e32-152a1116f4e1', 'username': 'bluebutterfly384', 'password': 'chou', 'salt': 'BmpyhKK5', 'md5': '1cfca9bb2400b0b6a570786602f259f6', 'sha1': 'bc7348141bd8b6ac0e1cf1834346e2e5a975a7a3', 'sha256': '62068eb7e56f3d3eb40200dca0b8ac15f19dc91839688bc9b0be71b454ec5edc'}, 'dob': {'date': '1951-10-04T15:39:24.205Z', 'age': 72}, 'registered': {'date': '2015-03-07T14:19:14.436Z', 'age': 9}, 'phone': '(013)-929-0410', 'cell': '(185)-582-1938', 'id': {'name': '', 'value': None}, 'picture': {'large': 'https://randomuser.me/api/portraits/women/9.jpg', 'medium': 'https://randomuser.me/api/portraits/med/women/9.jpg', 'thumbnail': 'https://randomuser.me/api/portraits/thumb/women/9.jpg'}, 'nat': 'TR'}</msg>
<arg>${json_data['results'][0]}</arg>
<doc>Logs the given message with the given level.</doc>
<status status="PASS" start="2024-03-29T15:14:00.070421" elapsed="0.000432"/>
</kw>
<kw name="Log" owner="BuiltIn">
<msg time="2024-03-29T15:14:00.071298" level="INFO">gender</msg>
<arg>${key}</arg>
<doc>Logs the given message with the given level.</doc>
<status status="PASS" start="2024-03-29T15:14:00.071166" elapsed="0.000172"/>
</kw>
<var name="${key}">gender</var>
<status status="PASS" start="2024-03-29T15:14:00.069503" elapsed="0.002061"/>
</iter>
<iter>
<kw name="Dictionary Should Contain Key" owner="Collections">
<msg time="2024-03-29T15:14:00.072311" level="INFO">False</msg>
<arg>${json_data['results'][0]}</arg>
<arg>${key}</arg>
<doc>Fails if ``key`` is not found from ``dictionary``.</doc>
<status status="PASS" start="2024-03-29T15:14:00.071913" elapsed="0.000437"/>
</kw>
<kw name="Log" owner="BuiltIn">
<msg time="2024-03-29T15:14:00.073056" level="INFO">{'gender': 'female', 'name': {'title': 'Ms', 'first': 'Esma', 'last': 'Kunter'}, 'location': {'street': {'number': 1171, 'name': 'Fatih Sultan Mehmet Cd'}, 'city': 'Manisa', 'state': 'İstanbul', 'country': 'Turkey', 'postcode': 50635, 'coordinates': {'latitude': '71.1469', 'longitude': '106.6427'}, 'timezone': {'offset': '+4:30', 'description': 'Kabul'}}, 'email': 'esma.kunter@example.com', 'login': {'uuid': '59da1c86-7733-4619-9e32-152a1116f4e1', 'username': 'bluebutterfly384', 'password': 'chou', 'salt': 'BmpyhKK5', 'md5': '1cfca9bb2400b0b6a570786602f259f6', 'sha1': 'bc7348141bd8b6ac0e1cf1834346e2e5a975a7a3', 'sha256': '62068eb7e56f3d3eb40200dca0b8ac15f19dc91839688bc9b0be71b454ec5edc'}, 'dob': {'date': '1951-10-04T15:39:24.205Z', 'age': 72}, 'registered': {'date': '2015-03-07T14:19:14.436Z', 'age': 9}, 'phone': '(013)-929-0410', 'cell': '(185)-582-1938', 'id': {'name': '', 'value': None}, 'picture': {'large': 'https://randomuser.me/api/portraits/women/9.jpg', 'medium': 'https://randomuser.me/api/portraits/med/women/9.jpg', 'thumbnail': 'https://randomuser.me/api/portraits/thumb/women/9.jpg'}, 'nat': 'TR'}</msg>
<arg>${json_data['results'][0]}</arg>
<doc>Logs the given message with the given level.</doc>
<status status="PASS" start="2024-03-29T15:14:00.072687" elapsed="0.000421"/>
</kw>
<kw name="Log" owner="BuiltIn">
<msg time="2024-03-29T15:14:00.073547" level="INFO">name</msg>
<arg>${key}</arg>
<doc>Logs the given message with the given level.</doc>
<status status="PASS" start="2024-03-29T15:14:00.073416" elapsed="0.000172"/>
</kw>
<var name="${key}">name</var>
<status status="PASS" start="2024-03-29T15:14:00.071793" elapsed="0.002016"/>
</iter>
<iter>
<kw name="Dictionary Should Contain Key" owner="Collections">
<msg time="2024-03-29T15:14:00.074486" level="INFO">False</msg>
<arg>${json_data['results'][0]}</arg>
<arg>${key}</arg>
<doc>Fails if ``key`` is not found from ``dictionary``.</doc>
<status status="PASS" start="2024-03-29T15:14:00.074106" elapsed="0.000419"/>
</kw>
<kw name="Log" owner="BuiltIn">
<msg time="2024-03-29T15:14:00.075201" level="INFO">{'gender': 'female', 'name': {'title': 'Ms', 'first': 'Esma', 'last': 'Kunter'}, 'location': {'street': {'number': 1171, 'name': 'Fatih Sultan Mehmet Cd'}, 'city': 'Manisa', 'state': 'İstanbul', 'country': 'Turkey', 'postcode': 50635, 'coordinates': {'latitude': '71.1469', 'longitude': '106.6427'}, 'timezone': {'offset': '+4:30', 'description': 'Kabul'}}, 'email': 'esma.kunter@example.com', 'login': {'uuid': '59da1c86-7733-4619-9e32-152a1116f4e1', 'username': 'bluebutterfly384', 'password': 'chou', 'salt': 'BmpyhKK5', 'md5': '1cfca9bb2400b0b6a570786602f259f6', 'sha1': 'bc7348141bd8b6ac0e1cf1834346e2e5a975a7a3', 'sha256': '62068eb7e56f3d3eb40200dca0b8ac15f19dc91839688bc9b0be71b454ec5edc'}, 'dob': {'date': '1951-10-04T15:39:24.205Z', 'age': 72}, 'registered': {'date': '2015-03-07T14:19:14.436Z', 'age': 9}, 'phone': '(013)-929-0410', 'cell': '(185)-582-1938', 'id': {'name': '', 'value': None}, 'picture': {'large': 'https://randomuser.me/api/portraits/women/9.jpg', 'medium': 'https://randomuser.me/api/portraits/med/women/9.jpg', 'thumbnail': 'https://randomuser.me/api/portraits/thumb/women/9.jpg'}, 'nat': 'TR'}</msg>
<arg>${json_data['results'][0]}</arg>
<doc>Logs the given message with the given level.</doc>
<status status="PASS" start="2024-03-29T15:14:00.074831" elapsed="0.000429"/>
</kw>
<kw name="Log" owner="BuiltIn">
<msg time="2024-03-29T15:14:00.075734" level="INFO">location</msg>
<arg>${key}</arg>
<doc>Logs the given message with the given level.</doc>
<status status="PASS" start="2024-03-29T15:14:00.075567" elapsed="0.000227"/>
</kw>
<var name="${key}">location</var>
<status status="PASS" start="2024-03-29T15:14:00.073993" elapsed="0.002033"/>
</iter>
<iter>
<kw name="Dictionary Should Contain Key" owner="Collections">
<msg time="2024-03-29T15:14:00.076725" level="INFO">False</msg>
<arg>${json_data['results'][0]}</arg>
<arg>${key}</arg>
<doc>Fails if ``key`` is not found from ``dictionary``.</doc>
<status status="PASS" start="2024-03-29T15:14:00.076319" elapsed="0.000449"/>
</kw>
<kw name="Log" owner="BuiltIn">
<msg time="2024-03-29T15:14:00.077452" level="INFO">{'gender': 'female', 'name': {'title': 'Ms', 'first': 'Esma', 'last': 'Kunter'}, 'location': {'street': {'number': 1171, 'name': 'Fatih Sultan Mehmet Cd'}, 'city': 'Manisa', 'state': 'İstanbul', 'country': 'Turkey', 'postcode': 50635, 'coordinates': {'latitude': '71.1469', 'longitude': '106.6427'}, 'timezone': {'offset': '+4:30', 'description': 'Kabul'}}, 'email': 'esma.kunter@example.com', 'login': {'uuid': '59da1c86-7733-4619-9e32-152a1116f4e1', 'username': 'bluebutterfly384', 'password': 'chou', 'salt': 'BmpyhKK5', 'md5': '1cfca9bb2400b0b6a570786602f259f6', 'sha1': 'bc7348141bd8b6ac0e1cf1834346e2e5a975a7a3', 'sha256': '62068eb7e56f3d3eb40200dca0b8ac15f19dc91839688bc9b0be71b454ec5edc'}, 'dob': {'date': '1951-10-04T15:39:24.205Z', 'age': 72}, 'registered': {'date': '2015-03-07T14:19:14.436Z', 'age': 9}, 'phone': '(013)-929-0410', 'cell': '(185)-582-1938', 'id': {'name': '', 'value': None}, 'picture': {'large': 'https://randomuser.me/api/portraits/women/9.jpg', 'medium': 'https://randomuser.me/api/portraits/med/women/9.jpg', 'thumbnail': 'https://randomuser.me/api/portraits/thumb/women/9.jpg'}, 'nat': 'TR'}</msg>
<arg>${json_data['results'][0]}</arg>
<doc>Logs the given message with the given level.</doc>
<status status="PASS" start="2024-03-29T15:14:00.077089" elapsed="0.000421"/>
</kw>
<kw name="Log" owner="BuiltIn">
<msg time="2024-03-29T15:14:00.077942" level="INFO">email</msg>
<arg>${key}</arg>
<doc>Logs the given message with the given level.</doc>
<status status="PASS" start="2024-03-29T15:14:00.077812" elapsed="0.000168"/>
</kw>
<var name="${key}">email</var>
<status status="PASS" start="2024-03-29T15:14:00.076205" elapsed="0.001995"/>
</iter>
<iter>
<kw name="Dictionary Should Contain Key" owner="Collections">
<msg time="2024-03-29T15:14:00.078903" level="INFO">False</msg>
<arg>${json_data['results'][0]}</arg>
<arg>${key}</arg>
<doc>Fails if ``key`` is not found from ``dictionary``.</doc>
<status status="PASS" start="2024-03-29T15:14:00.078494" elapsed="0.000450"/>
</kw>
<kw name="Log" owner="BuiltIn">
<msg time="2024-03-29T15:14:00.079613" level="INFO">{'gender': 'female', 'name': {'title': 'Ms', 'first': 'Esma', 'last': 'Kunter'}, 'location': {'street': {'number': 1171, 'name': 'Fatih Sultan Mehmet Cd'}, 'city': 'Manisa', 'state': 'İstanbul', 'country': 'Turkey', 'postcode': 50635, 'coordinates': {'latitude': '71.1469', 'longitude': '106.6427'}, 'timezone': {'offset': '+4:30', 'description': 'Kabul'}}, 'email': 'esma.kunter@example.com', 'login': {'uuid': '59da1c86-7733-4619-9e32-152a1116f4e1', 'username': 'bluebutterfly384', 'password': 'chou', 'salt': 'BmpyhKK5', 'md5': '1cfca9bb2400b0b6a570786602f259f6', 'sha1': 'bc7348141bd8b6ac0e1cf1834346e2e5a975a7a3', 'sha256': '62068eb7e56f3d3eb40200dca0b8ac15f19dc91839688bc9b0be71b454ec5edc'}, 'dob': {'date': '1951-10-04T15:39:24.205Z', 'age': 72}, 'registered': {'date': '2015-03-07T14:19:14.436Z', 'age': 9}, 'phone': '(013)-929-0410', 'cell': '(185)-582-1938', 'id': {'name': '', 'value': None}, 'picture': {'large': 'https://randomuser.me/api/portraits/women/9.jpg', 'medium': 'https://randomuser.me/api/portraits/med/women/9.jpg', 'thumbnail': 'https://randomuser.me/api/portraits/thumb/women/9.jpg'}, 'nat': 'TR'}</msg>
<arg>${json_data['results'][0]}</arg>
<doc>Logs the given message with the given level.</doc>
<status status="PASS" start="2024-03-29T15:14:00.079244" elapsed="0.000421"/>
</kw>
<kw name="Log" owner="BuiltIn">
<msg time="2024-03-29T15:14:00.080130" level="INFO">login</msg>
<arg>${key}</arg>
<doc>Logs the given message with the given level.</doc>
<status status="PASS" start="2024-03-29T15:14:00.080001" elapsed="0.000282"/>
</kw>
<var name="${key}">login</var>
<status status="PASS" start="2024-03-29T15:14:00.078376" elapsed="0.002139"/>
</iter>
<var>${key}</var>
<value>@{expected_keys}</value>
<status status="PASS" start="2024-03-29T15:14:00.069303" elapsed="0.011338"/>
</for>
<kw name="Create List" owner="BuiltIn">
<msg time="2024-03-29T15:14:00.081021" level="INFO">${expected_keysTwo} = ['username', 'password']</msg>
<var>${expected_keysTwo}</var>
<arg>username</arg>
<arg>password</arg>
<doc>Returns a list containing given items.</doc>
<status status="PASS" start="2024-03-29T15:14:00.080877" elapsed="0.000167"/>
</kw>
<for flavor="IN">
<iter>
<kw name="Dictionary Should Contain Key" owner="Collections">
<msg time="2024-03-29T15:14:00.081939" level="INFO">False</msg>
<arg>${json_data['results'][0]['login']}</arg>
<arg>${keyTwo}</arg>
<doc>Fails if ``key`` is not found from ``dictionary``.</doc>
<status status="PASS" start="2024-03-29T15:14:00.081558" elapsed="0.000420"/>
</kw>
<kw name="Dictionary Should Contain Key" owner="Collections">
<msg time="2024-03-29T15:14:00.082667" level="INFO">False</msg>
<arg>${json_data['results'][0]['login']}</arg>
<arg>${keyTwo}</arg>
<doc>Fails if ``key`` is not found from ``dictionary``.</doc>
<status status="PASS" start="2024-03-29T15:14:00.082282" elapsed="0.000423"/>
</kw>
<kw name="Log" owner="BuiltIn">
<msg time="2024-03-29T15:14:00.083134" level="INFO">username</msg>
<arg>${keyTwo}</arg>
<doc>Logs the given message with the given level.</doc>
<status status="PASS" start="2024-03-29T15:14:00.083005" elapsed="0.000167"/>
</kw>
<var name="${keyTwo}">username</var>
<status status="PASS" start="2024-03-29T15:14:00.081446" elapsed="0.001940"/>
</iter>
<iter>
<kw name="Dictionary Should Contain Key" owner="Collections">
<msg time="2024-03-29T15:14:00.084095" level="INFO">False</msg>
<arg>${json_data['results'][0]['login']}</arg>
<arg>${keyTwo}</arg>
<doc>Fails if ``key`` is not found from ``dictionary``.</doc>
<status status="PASS" start="2024-03-29T15:14:00.083696" elapsed="0.000437"/>
</kw>
<kw name="Dictionary Should Contain Key" owner="Collections">
<msg time="2024-03-29T15:14:00.084811" level="INFO">False</msg>
<arg>${json_data['results'][0]['login']}</arg>
<arg>${keyTwo}</arg>
<doc>Fails if ``key`` is not found from ``dictionary``.</doc>
<status status="PASS" start="2024-03-29T15:14:00.084430" elapsed="0.000418"/>
</kw>
<kw name="Log" owner="BuiltIn">
<msg time="2024-03-29T15:14:00.085274" level="INFO">password</msg>
<arg>${keyTwo}</arg>
<doc>Logs the given message with the given level.</doc>
<status status="PASS" start="2024-03-29T15:14:00.085145" elapsed="0.000168"/>
</kw>
<var name="${keyTwo}">password</var>
<status status="PASS" start="2024-03-29T15:14:00.083563" elapsed="0.001971"/>
</iter>
<var>${keyTwo}</var>
<value>@{expected_keysTwo}</value>
<status status="PASS" start="2024-03-29T15:14:00.081288" elapsed="0.004370"/>
</for>
<status status="PASS" start="2024-03-29T15:13:59.955658" elapsed="0.130146"/>
</kw>
<doc>Testa a estrutura da resposta da API.</doc>
<tag>testeEstruturaResposta</tag>
<status status="PASS" start="2024-03-29T15:13:59.954672" elapsed="0.131299"/>
</test>
<test id="s1-s1-t4" name="Validar tipos de dados" line="28">
<kw name="Teste de Tipos de Dados" owner="random-user-service">
<kw name="GET On Session" owner="RequestsLibrary">
<msg time="2024-03-29T15:14:00.195518" level="INFO">GET Request : url=https://randomuser.me/api 
 path_url=/api 
 headers={'User-Agent': 'python-requests/2.31.0', 'Accept-Encoding': 'gzip, deflate', 'Accept': '*/*', 'Connection': 'keep-alive'} 
 body=None 
 </msg>
<msg time="2024-03-29T15:14:00.195631" level="INFO">GET Response : url=https://randomuser.me/api 
 status=200, reason=OK 
 headers={'Date': 'Fri, 29 Mar 2024 15:14:00 GMT', 'Content-Type': 'application/json; charset=utf-8', 'Transfer-Encoding': 'chunked', 'Connection': 'keep-alive', 'X-Powered-By': 'Express', 'Access-Control-Allow-Origin': '*', 'Cache-Control': 'no-cache', 'ETag': 'W/"4ab-azqZ4/WN9HZJV4bDi5EU/2Vik3U"', 'Vary': 'Accept-Encoding', 'Content-Encoding': 'gzip', 'CF-Cache-Status': 'DYNAMIC', 'Report-To': '{"endpoints":[{"url":"https:\\/\\/a.nel.cloudflare.com\\/report\\/v4?s=DMOWRTPdGyKwloBQnj%2FBXyjLDR5wy05NnqHif1m2FFaHHbLZlrLY0AQ31uqsJ%2FQ5SXlYs5a97koSx%2Brc6LtRU6Afv41cG4q%2FwbUZToM5GOEFg%2F3pyXSfs1qkyAU3uSk5"}],"group":"cf-nel","max_age":604800}', 'NEL': '{"success_fraction":0,"report_to":"cf-nel","max_age":604800}', 'Server': 'cloudflare', 'CF-RAY': '86c0ce9e9e3513bb-IAD', 'alt-svc': 'h3=":443"; ma=86400'} 
 body={"results":[{"gender":"female","name":{"title":"Mademoiselle","first":"Lidia","last":"Charles"},"location":{"street":{"number":1630,"name":"Rue Victor-Hugo"},"city":"Gonten","state":"Glarus","country":"Switzerland","postcode":6094,"coordinates":{"latitude":"-56.5578","longitude":"116.7313"},"timezone":{"offset":"+11:00","description":"Magadan, Solomon Islands, New Caledonia"}},"email":"lidia.charles@example.com","login":{"uuid":"822f2f55-52f2-438b-8973-0f77e391c3e1","username":"brownbear953","password":"hotrod","salt":"k0lmFRaJ","md5":"6355f752c04a28a1cfff82ad274c6d9f","sha1":"415d84d618f7a29a55a2a463669d5c024feaac54","sha256":"bcb142292072992f519789d384eb54b7f78a232a7d1dfdb01de439265dadd6d2"},"dob":{"date":"1970-05-20T23:46:27.871Z","age":53},"registered":{"date":"2012-01-17T16:48:32.742Z","age":12},"phone":"075 829 01 81","cell":"079 616 71 03","id":{"name":"AVS","value":"756.1899.5191.50"},"picture":{"large":"https://randomuser.me/api/portraits/women/84.jpg","medium":"https://randomuser.me/api/portraits/med/women/84.jpg","thumbnail":"https://randomuser.me/api/portraits/thumb/women/84.jpg"},"nat":"CH"}],"info":{"seed":"6e0c7d98739a9b56","results":1,"page":1,"version":"1.4"}} 
 </msg>
<msg time="2024-03-29T15:14:00.195756" level="INFO">/opt/hostedtoolcache/Python/3.12.2/x64/lib/python3.12/site-packages/urllib3/connectionpool.py:1103: InsecureRequestWarning: Unverified HTTPS request is being made to host 'randomuser.me'. Adding certificate verification is strongly advised. See: https://urllib3.readthedocs.io/en/latest/advanced-usage.html#tls-warnings
  warnings.warn(</msg>
<msg time="2024-03-29T15:14:00.195892" level="INFO">${response} = &lt;Response [200]&gt;</msg>
<var>${response}</var>
<arg>consultarAPI</arg>
<arg>/api</arg>
<doc>Sends a GET request on a previously created HTTP Session.</doc>
<status status="PASS" start="2024-03-29T15:14:00.088482" elapsed="0.107438"/>
</kw>
<kw name="Set Variable" owner="BuiltIn">
<msg time="2024-03-29T15:14:00.197073" level="INFO">${json_data} = {'results': [{'gender': 'female', 'name': {'title': 'Mademoiselle', 'first': 'Lidia', 'last': 'Charles'}, 'location': {'street': {'number': 1630, 'name': 'Rue Victor-Hugo'}, 'city': 'Gonten', 'state':...</msg>
<var>${json_data}</var>
<arg>${response.json()}</arg>
<doc>Returns the given values which can then be assigned to a variables.</doc>
<status status="PASS" start="2024-03-29T15:14:00.196528" elapsed="0.000574"/>
</kw>
<kw name="Log" owner="BuiltIn">
<msg time="2024-03-29T15:14:00.197639" level="INFO">{'results': [{'gender': 'female', 'name': {'title': 'Mademoiselle', 'first': 'Lidia', 'last': 'Charles'}, 'location': {'street': {'number': 1630, 'name': 'Rue Victor-Hugo'}, 'city': 'Gonten', 'state': 'Glarus', 'country': 'Switzerland', 'postcode': 6094, 'coordinates': {'latitude': '-56.5578', 'longitude': '116.7313'}, 'timezone': {'offset': '+11:00', 'description': 'Magadan, Solomon Islands, New Caledonia'}}, 'email': 'lidia.charles@example.com', 'login': {'uuid': '822f2f55-52f2-438b-8973-0f77e391c3e1', 'username': 'brownbear953', 'password': 'hotrod', 'salt': 'k0lmFRaJ', 'md5': '6355f752c04a28a1cfff82ad274c6d9f', 'sha1': '415d84d618f7a29a55a2a463669d5c024feaac54', 'sha256': 'bcb142292072992f519789d384eb54b7f78a232a7d1dfdb01de439265dadd6d2'}, 'dob': {'date': '1970-05-20T23:46:27.871Z', 'age': 53}, 'registered': {'date': '2012-01-17T16:48:32.742Z', 'age': 12}, 'phone': '075 829 01 81', 'cell': '079 616 71 03', 'id': {'name': 'AVS', 'value': '756.1899.5191.50'}, 'picture': {'large': 'https://randomuser.me/api/portraits/women/84.jpg', 'medium': 'https://randomuser.me/api/portraits/med/women/84.jpg', 'thumbnail': 'https://randomuser.me/api/portraits/thumb/women/84.jpg'}, 'nat': 'CH'}], 'info': {'seed': '6e0c7d98739a9b56', 'results': 1, 'page': 1, 'version': '1.4'}}</msg>
<arg>${json_data}</arg>
<doc>Logs the given message with the given level.</doc>
<status status="PASS" start="2024-03-29T15:14:00.197468" elapsed="0.000258"/>
</kw>
<kw name="Should Be String" owner="String">
<arg>${json_data['results'][0]['gender']}</arg>
<doc>Fails if the given ``item`` is not a string.</doc>
<status status="PASS" start="2024-03-29T15:14:00.198047" elapsed="0.000383"/>
</kw>
<kw name="Should Match Regexp" owner="BuiltIn">
<arg>${json_data['results'][0]['email']}</arg>
<arg>^[a-zA-Z0-9._%+-]+@[a-zA-Z0-9.-]+\.[a-zA-Z]{2,}$</arg>
<doc>Fails if ``string`` does not match ``pattern`` as a regular expression.</doc>
<status status="PASS" start="2024-03-29T15:14:00.198632" elapsed="0.000532"/>
</kw>
<kw name="Should Match Regexp" owner="BuiltIn">
<arg>${json_data['results'][0]['dob']['date']}</arg>
<arg>\\d{4}-\\d{2}-\\d{2}T\\d{2}:\\d{2}:\\d{2}\\.\\d{3}Z</arg>
<doc>Fails if ``string`` does not match ``pattern`` as a regular expression.</doc>
<status status="PASS" start="2024-03-29T15:14:00.199369" elapsed="0.000547"/>
</kw>
<kw name="Should Match Regexp" owner="BuiltIn">
<arg>${json_data['results'][0]['registered']['date']}</arg>
<arg>\\d{4}-\\d{2}-\\d{2}T\\d{2}:\\d{2}:\\d{2}\\.\\d{3}Z</arg>
<doc>Fails if ``string`` does not match ``pattern`` as a regular expression.</doc>
<status status="PASS" start="2024-03-29T15:14:00.200128" elapsed="0.000386"/>
</kw>
<kw name="Should Match Regexp" owner="BuiltIn">
<arg>${json_data['results'][0]['picture']['large']}</arg>
<arg>^https?://.*\.(?:png|jpe?g|gif|bmp)$</arg>
<doc>Fails if ``string`` does not match ``pattern`` as a regular expression.</doc>
<status status="PASS" start="2024-03-29T15:14:00.200705" elapsed="0.000460"/>
</kw>
<kw name="Should Match Regexp" owner="BuiltIn">
<arg>${json_data['results'][0]['picture']['medium']}</arg>
<arg>^https?://.*\.(?:png|jpe?g|gif|bmp)$</arg>
<doc>Fails if ``string`` does not match ``pattern`` as a regular expression.</doc>
<status status="PASS" start="2024-03-29T15:14:00.201358" elapsed="0.000454"/>
</kw>
<kw name="Should Match Regexp" owner="BuiltIn">
<arg>${json_data['results'][0]['picture']['thumbnail']}</arg>
<arg>^https?://.*\.(?:png|jpe?g|gif|bmp)$</arg>
<doc>Fails if ``string`` does not match ``pattern`` as a regular expression.</doc>
<status status="PASS" start="2024-03-29T15:14:00.202105" elapsed="0.000624"/>
</kw>
<kw name="Log" owner="BuiltIn">
<msg time="2024-03-29T15:14:00.203601" level="INFO">{'large': 'https://randomuser.me/api/portraits/women/84.jpg', 'medium': 'https://randomuser.me/api/portraits/med/women/84.jpg', 'thumbnail': 'https://randomuser.me/api/portraits/thumb/women/84.jpg'}</msg>
<arg>${json_data['results'][0]['picture']}</arg>
<doc>Logs the given message with the given level.</doc>
<status status="PASS" start="2024-03-29T15:14:00.203063" elapsed="0.000608"/>
</kw>
<status status="PASS" start="2024-03-29T15:14:00.088251" elapsed="0.115843"/>
</kw>
<kw name="Teste de Tipos de Dados - Postcode" owner="random-user-service">
<kw name="GET On Session" owner="RequestsLibrary">
<msg time="2024-03-29T15:14:00.274305" level="INFO">GET Request : url=https://randomuser.me/api 
 path_url=/api 
 headers={'User-Agent': 'python-requests/2.31.0', 'Accept-Encoding': 'gzip, deflate', 'Accept': '*/*', 'Connection': 'keep-alive'} 
 body=None 
 </msg>
<msg time="2024-03-29T15:14:00.274414" level="INFO">GET Response : url=https://randomuser.me/api 
 status=200, reason=OK 
 headers={'Date': 'Fri, 29 Mar 2024 15:14:00 GMT', 'Content-Type': 'application/json; charset=utf-8', 'Transfer-Encoding': 'chunked', 'Connection': 'keep-alive', 'X-Powered-By': 'Express', 'Access-Control-Allow-Origin': '*', 'Cache-Control': 'no-cache', 'ETag': 'W/"492-RgJ/7dS/SCels/nONRCXkvCW+9o"', 'Vary': 'Accept-Encoding', 'Content-Encoding': 'gzip', 'CF-Cache-Status': 'DYNAMIC', 'Report-To': '{"endpoints":[{"url":"https:\\/\\/a.nel.cloudflare.com\\/report\\/v4?s=9XimWvUn3q3pcZqnwwjH4ZJ%2F95YKV%2Fl1%2BbrH37S5zdhKMoRkkiq%2FPAE2gGMFlr5BU7T%2B6DrR6duVdsnlI7w2PUY%2BjFHAaQYfBzUHdoU5vh%2Fha4mFc%2Fnmw5Ga6BFWGmEZ"}],"group":"cf-nel","max_age":604800}', 'NEL': '{"success_fraction":0,"report_to":"cf-nel","max_age":604800}', 'Server': 'cloudflare', 'CF-RAY': '86c0ce9f4f3413bb-IAD', 'alt-svc': 'h3=":443"; ma=86400'} 
 body={"results":[{"gender":"female","name":{"title":"Miss","first":"Jill","last":"Carpenter"},"location":{"street":{"number":7731,"name":"Cherry St"},"city":"Ballarat","state":"Victoria","country":"Australia","postcode":778,"coordinates":{"latitude":"-89.0411","longitude":"22.4403"},"timezone":{"offset":"+5:30","description":"Bombay, Calcutta, Madras, New Delhi"}},"email":"jill.carpenter@example.com","login":{"uuid":"715bc11d-5bc5-49e8-bcb9-9610431b410d","username":"organiclion460","password":"queen","salt":"RVtK4GBV","md5":"1533ff7e147442b4e943ba7e969d9e1c","sha1":"32b8e66d8fcd7d934c1525ae4b87dc311fdab90e","sha256":"cf92b06c01cde72f851224057c01ee07dbe6c5f19ebbba271c90d6611121e537"},"dob":{"date":"1950-11-27T01:28:28.979Z","age":73},"registered":{"date":"2002-06-04T16:35:23.450Z","age":21},"phone":"02-0720-0807","cell":"0406-939-967","id":{"name":"TFN","value":"275395430"},"picture":{"large":"https://randomuser.me/api/portraits/women/24.jpg","medium":"https://randomuser.me/api/portraits/med/women/24.jpg","thumbnail":"https://randomuser.me/api/portraits/thumb/women/24.jpg"},"nat":"AU"}],"info":{"seed":"3a7d170ba6e799a8","results":1,"page":1,"version":"1.4"}} 
 </msg>
<msg time="2024-03-29T15:14:00.274515" level="INFO">/opt/hostedtoolcache/Python/3.12.2/x64/lib/python3.12/site-packages/urllib3/connectionpool.py:1103: InsecureRequestWarning: Unverified HTTPS request is being made to host 'randomuser.me'. Adding certificate verification is strongly advised. See: https://urllib3.readthedocs.io/en/latest/advanced-usage.html#tls-warnings
  warnings.warn(</msg>
<msg time="2024-03-29T15:14:00.274654" level="INFO">${response} = &lt;Response [200]&gt;</msg>
<var>${response}</var>
<arg>consultarAPI</arg>
<arg>/api</arg>
<doc>Sends a GET request on a previously created HTTP Session.</doc>
<status status="PASS" start="2024-03-29T15:14:00.205050" elapsed="0.069655"/>
</kw>
<kw name="Set Variable" owner="BuiltIn">
<msg time="2024-03-29T15:14:00.275822" level="INFO">${json_data} = {'results': [{'gender': 'female', 'name': {'title': 'Miss', 'first': 'Jill', 'last': 'Carpenter'}, 'location': {'street': {'number': 7731, 'name': 'Cherry St'}, 'city': 'Ballarat', 'state': 'Victoria'...</msg>
<var>${json_data}</var>
<arg>${response.json()}</arg>
<doc>Returns the given values which can then be assigned to a variables.</doc>
<status status="PASS" start="2024-03-29T15:14:00.275257" elapsed="0.000594"/>
</kw>
<kw name="Log" owner="BuiltIn">
<msg time="2024-03-29T15:14:00.276368" level="INFO">{'results': [{'gender': 'female', 'name': {'title': 'Miss', 'first': 'Jill', 'last': 'Carpenter'}, 'location': {'street': {'number': 7731, 'name': 'Cherry St'}, 'city': 'Ballarat', 'state': 'Victoria', 'country': 'Australia', 'postcode': 778, 'coordinates': {'latitude': '-89.0411', 'longitude': '22.4403'}, 'timezone': {'offset': '+5:30', 'description': 'Bombay, Calcutta, Madras, New Delhi'}}, 'email': 'jill.carpenter@example.com', 'login': {'uuid': '715bc11d-5bc5-49e8-bcb9-9610431b410d', 'username': 'organiclion460', 'password': 'queen', 'salt': 'RVtK4GBV', 'md5': '1533ff7e147442b4e943ba7e969d9e1c', 'sha1': '32b8e66d8fcd7d934c1525ae4b87dc311fdab90e', 'sha256': 'cf92b06c01cde72f851224057c01ee07dbe6c5f19ebbba271c90d6611121e537'}, 'dob': {'date': '1950-11-27T01:28:28.979Z', 'age': 73}, 'registered': {'date': '2002-06-04T16:35:23.450Z', 'age': 21}, 'phone': '02-0720-0807', 'cell': '0406-939-967', 'id': {'name': 'TFN', 'value': '275395430'}, 'picture': {'large': 'https://randomuser.me/api/portraits/women/24.jpg', 'medium': 'https://randomuser.me/api/portraits/med/women/24.jpg', 'thumbnail': 'https://randomuser.me/api/portraits/thumb/women/24.jpg'}, 'nat': 'AU'}], 'info': {'seed': '3a7d170ba6e799a8', 'results': 1, 'page': 1, 'version': '1.4'}}</msg>
<arg>${json_data}</arg>
<doc>Logs the given message with the given level.</doc>
<status status="PASS" start="2024-03-29T15:14:00.276202" elapsed="0.000249"/>
</kw>
<kw name="Should Be Equal As Numbers" owner="BuiltIn">
<arg>${json_data['results'][0]['location']['postcode']}</arg>
<arg>${json_data['results'][0]['location']['postcode']}</arg>
<doc>Fails if objects are unequal after converting them to real numbers.</doc>
<status status="PASS" start="2024-03-29T15:14:00.276774" elapsed="0.000657"/>
</kw>
<kw name="Log" owner="BuiltIn">
<msg time="2024-03-29T15:14:00.277977" level="INFO">778</msg>
<arg>${json_data['results'][0]['location']['postcode']}</arg>
<doc>Logs the given message with the given level.</doc>
<status status="PASS" start="2024-03-29T15:14:00.277631" elapsed="0.000389"/>
</kw>
<status status="PASS" start="2024-03-29T15:14:00.204478" elapsed="0.073805"/>
</kw>
<doc>Testa se os tipos de dados na resposta da API estão corretos.</doc>
<tag>testeTiposDados</tag>
<status status="PASS" start="2024-03-29T15:14:00.087774" elapsed="0.190686"/>
</test>
<test id="s1-s1-t5" name="Validar conteudo" line="35">
<kw name="Teste de Tipos de Conteudo" owner="random-user-service">
<kw name="GET On Session" owner="RequestsLibrary">
<msg time="2024-03-29T15:14:00.342000" level="INFO">GET Request : url=https://randomuser.me/api 
 path_url=/api 
 headers={'User-Agent': 'python-requests/2.31.0', 'Accept-Encoding': 'gzip, deflate', 'Accept': '*/*', 'Connection': 'keep-alive'} 
 body=None 
 </msg>
<msg time="2024-03-29T15:14:00.342110" level="INFO">GET Response : url=https://randomuser.me/api 
 status=200, reason=OK 
 headers={'Date': 'Fri, 29 Mar 2024 15:14:00 GMT', 'Content-Type': 'application/json; charset=utf-8', 'Transfer-Encoding': 'chunked', 'Connection': 'keep-alive', 'X-Powered-By': 'Express', 'Access-Control-Allow-Origin': '*', 'Cache-Control': 'no-cache', 'ETag': 'W/"499-9nD7xtxXVgx7VLboeTsLzPVt1QY"', 'Vary': 'Accept-Encoding', 'Content-Encoding': 'gzip', 'CF-Cache-Status': 'DYNAMIC', 'Report-To': '{"endpoints":[{"url":"https:\\/\\/a.nel.cloudflare.com\\/report\\/v4?s=qLksM43cVOo26NSEg2cw4AMtjqL3JGN9UnCMLT08QkXsOCs4XFe5Z4MAFwm3zDPcBEv%2FnH8D9xmlJIclxDgNQyBp6DWMxDdJlAZVqzUiUAXcx59mxVg2sEsWKIe4A%2F%2FC"}],"group":"cf-nel","max_age":604800}', 'NEL': '{"success_fraction":0,"report_to":"cf-nel","max_age":604800}', 'Server': 'cloudflare', 'CF-RAY': '86c0ce9fcfd913bb-IAD', 'alt-svc': 'h3=":443"; ma=86400'} 
 body={"results":[{"gender":"female","name":{"title":"Ms","first":"Asha","last":"Chiplunkar"},"location":{"street":{"number":3764,"name":"Gandhi Maidan Marg"},"city":"Proddatur","state":"Chandigarh","country":"India","postcode":48726,"coordinates":{"latitude":"7.2802","longitude":"20.5613"},"timezone":{"offset":"+4:00","description":"Abu Dhabi, Muscat, Baku, Tbilisi"}},"email":"asha.chiplunkar@example.com","login":{"uuid":"23d965b2-6411-4876-a904-6dddb1aac67d","username":"crazygorilla846","password":"1q2w3e","salt":"qheFEyiJ","md5":"7dba650a4fd7f17036e43adca2878d41","sha1":"7e77b426e6c82054bfdde8d6f2dd80414e2001f8","sha256":"c2e5ea8db69f3a84b2b0ae5a3f4ca0fdc9a8bb856b1537301f70dd80a247d733"},"dob":{"date":"1991-03-02T08:14:21.866Z","age":33},"registered":{"date":"2019-04-19T07:58:54.572Z","age":4},"phone":"7667448510","cell":"7094912492","id":{"name":"UIDAI","value":"236291895047"},"picture":{"large":"https://randomuser.me/api/portraits/women/70.jpg","medium":"https://randomuser.me/api/portraits/med/women/70.jpg","thumbnail":"https://randomuser.me/api/portraits/thumb/women/70.jpg"},"nat":"IN"}],"info":{"seed":"119aa315296a3ef2","results":1,"page":1,"version":"1.4"}} 
 </msg>
<msg time="2024-03-29T15:14:00.342180" level="INFO">/opt/hostedtoolcache/Python/3.12.2/x64/lib/python3.12/site-packages/urllib3/connectionpool.py:1103: InsecureRequestWarning: Unverified HTTPS request is being made to host 'randomuser.me'. Adding certificate verification is strongly advised. See: https://urllib3.readthedocs.io/en/latest/advanced-usage.html#tls-warnings
  warnings.warn(</msg>
<msg time="2024-03-29T15:14:00.342298" level="INFO">${response} = &lt;Response [200]&gt;</msg>
<var>${response}</var>
<arg>consultarAPI</arg>
<arg>/api</arg>
<doc>Sends a GET request on a previously created HTTP Session.</doc>
<status status="PASS" start="2024-03-29T15:14:00.281374" elapsed="0.060964"/>
</kw>
<kw name="Set Variable" owner="BuiltIn">
<msg time="2024-03-29T15:14:00.343391" level="INFO">${json_data} = {'results': [{'gender': 'female', 'name': {'title': 'Ms', 'first': 'Asha', 'last': 'Chiplunkar'}, 'location': {'street': {'number': 3764, 'name': 'Gandhi Maidan Marg'}, 'city': 'Proddatur', 'state': '...</msg>
<var>${json_data}</var>
<arg>${response.json()}</arg>
<doc>Returns the given values which can then be assigned to a variables.</doc>
<status status="PASS" start="2024-03-29T15:14:00.342863" elapsed="0.000557"/>
</kw>
<kw name="Set Variable" owner="BuiltIn">
<msg time="2024-03-29T15:14:00.344187" level="INFO">${name_title} = Ms</msg>
<var>${name_title}</var>
<arg>${json_data["results"][0]["name"]["title"]}</arg>
<doc>Returns the given values which can then be assigned to a variables.</doc>
<status status="PASS" start="2024-03-29T15:14:00.343777" elapsed="0.000436"/>
</kw>
<kw name="Create List" owner="BuiltIn">
<msg time="2024-03-29T15:14:00.344681" level="INFO">${allowed_titles} = ['Mr', 'Ms', 'Miss', 'Mrs', 'Madame', 'Monsieur']</msg>
<var>${allowed_titles}</var>
<arg>Mr</arg>
<arg>Ms</arg>
<arg>Miss</arg>
<arg>Mrs</arg>
<arg>Madame</arg>
<arg>Monsieur</arg>
<doc>Returns a list containing given items.</doc>
<status status="PASS" start="2024-03-29T15:14:00.344526" elapsed="0.000181"/>
</kw>
<kw name="List Should Contain Value" owner="Collections">
<msg time="2024-03-29T15:14:00.345212" level="INFO">False</msg>
<arg>${allowed_titles}</arg>
<arg>${name_title}</arg>
<doc>Fails if the ``value`` is not found from ``list``.</doc>
<status status="PASS" start="2024-03-29T15:14:00.345024" elapsed="0.000227"/>
</kw>
<kw name="Set Variable" owner="BuiltIn">
<msg time="2024-03-29T15:14:00.345940" level="INFO">${name_country} = IN</msg>
<var>${name_country}</var>
<arg>${json_data["results"][0]["nat"]}</arg>
<doc>Returns the given values which can then be assigned to a variables.</doc>
<status status="PASS" start="2024-03-29T15:14:00.345551" elapsed="0.000416"/>
</kw>
<kw name="Create List" owner="BuiltIn">
<msg time="2024-03-29T15:14:00.346892" level="INFO">${list_country} = ['AD', 'AE', 'AF', 'AG', 'AI', 'AL', 'AM', 'AO', 'AQ', 'AR', 'AS', 'AT', 'AU', 'AW', 'AX', 'AZ', 'BA', 'BB', 'BD', 'BE', 'BF', 'BG', 'BH', 'BI', 'BJ', 'BL', 'BM', 'BN', 'BO', 'BQ', 'BR', 'BS', 'BT', '...</msg>
<var>${list_country}</var>
<arg>AD</arg>
<arg>AE</arg>
<arg>AF</arg>
<arg>AG</arg>
<arg>AI</arg>
<arg>AL</arg>
<arg>AM</arg>
<arg>AO</arg>
<arg>AQ</arg>
<arg>AR</arg>
<arg>AS</arg>
<arg>AT</arg>
<arg>AU</arg>
<arg>AW</arg>
<arg>AX</arg>
<arg>AZ</arg>
<arg>BA</arg>
<arg>BB</arg>
<arg>BD</arg>
<arg>BE</arg>
<arg>BF</arg>
<arg>BG</arg>
<arg>BH</arg>
<arg>BI</arg>
<arg>BJ</arg>
<arg>BL</arg>
<arg>BM</arg>
<arg>BN</arg>
<arg>BO</arg>
<arg>BQ</arg>
<arg>BR</arg>
<arg>BS</arg>
<arg>BT</arg>
<arg>BV</arg>
<arg>BW</arg>
<arg>BY</arg>
<arg>BZ</arg>
<arg>CA</arg>
<arg>CC</arg>
<arg>CD</arg>
<arg>CF</arg>
<arg>CG</arg>
<arg>CH</arg>
<arg>CI</arg>
<arg>CK</arg>
<arg>CL</arg>
<arg>CM</arg>
<arg>CN</arg>
<arg>CO</arg>
<arg>CR</arg>
<arg>CU</arg>
<arg>CV</arg>
<arg>CW</arg>
<arg>CX</arg>
<arg>CY</arg>
<arg>CZ</arg>
<arg>DE</arg>
<arg>DJ</arg>
<arg>DK</arg>
<arg>DM</arg>
<arg>DO</arg>
<arg>DZ</arg>
<arg>EC</arg>
<arg>EE</arg>
<arg>EG</arg>
<arg>EH</arg>
<arg>ER</arg>
<arg>ES</arg>
<arg>ET</arg>
<arg>FI</arg>
<arg>FJ</arg>
<arg>FK</arg>
<arg>FM</arg>
<arg>FO</arg>
<arg>FR</arg>
<arg>GA</arg>
<arg>GB</arg>
<arg>GD</arg>
<arg>GE</arg>
<arg>GF</arg>
<arg>GG</arg>
<arg>GH</arg>
<arg>GI</arg>
<arg>GL</arg>
<arg>GM</arg>
<arg>GN</arg>
<arg>GP</arg>
<arg>GQ</arg>
<arg>GR</arg>
<arg>GS</arg>
<arg>GT</arg>
<arg>GU</arg>
<arg>GW</arg>
<arg>GY</arg>
<arg>HK</arg>
<arg>HM</arg>
<arg>HN</arg>
<arg>HR</arg>
<arg>HT</arg>
<arg>HU</arg>
<arg>ID</arg>
<arg>IE</arg>
<arg>IL</arg>
<arg>IM</arg>
<arg>IN</arg>
<arg>IO</arg>
<arg>IQ</arg>
<arg>IR</arg>
<arg>IS</arg>
<arg>IT</arg>
<arg>JE</arg>
<arg>JM</arg>
<arg>JO</arg>
<arg>JP</arg>
<arg>KE</arg>
<arg>KG</arg>
<arg>KH</arg>
<arg>KI</arg>
<arg>KM</arg>
<arg>KN</arg>
<arg>KP</arg>
<arg>KR</arg>
<arg>KW</arg>
<arg>KY</arg>
<arg>KZ</arg>
<arg>LA</arg>
<arg>LB</arg>
<arg>LC</arg>
<arg>LI</arg>
<arg>LK</arg>
<arg>LR</arg>
<arg>LS</arg>
<arg>LT</arg>
<arg>LU</arg>
<arg>LV</arg>
<arg>LY</arg>
<arg>MA</arg>
<arg>MC</arg>
<arg>MD</arg>
<arg>ME</arg>
<arg>MF</arg>
<arg>MG</arg>
<arg>MH</arg>
<arg>MK</arg>
<arg>ML</arg>
<arg>MM</arg>
<arg>MN</arg>
<arg>MO</arg>
<arg>MP</arg>
<arg>MQ</arg>
<arg>MR</arg>
<arg>MS</arg>
<arg>MT</arg>
<arg>MU</arg>
<arg>MV</arg>
<arg>MW</arg>
<arg>MX</arg>
<arg>MY</arg>
<arg>MZ</arg>
<arg>NA</arg>
<arg>NC</arg>
<arg>NE</arg>
<arg>NF</arg>
<arg>NG</arg>
<arg>NI</arg>
<arg>NL</arg>
<arg>NO</arg>
<arg>NP</arg>
<arg>NR</arg>
<arg>NU</arg>
<arg>NZ</arg>
<arg>OM</arg>
<arg>PA</arg>
<arg>PE</arg>
<arg>PF</arg>
<arg>PG</arg>
<arg>PH</arg>
<arg>PK</arg>
<arg>PL</arg>
<arg>PM</arg>
<arg>PN</arg>
<arg>PR</arg>
<arg>PS</arg>
<arg>PT</arg>
<arg>PW</arg>
<arg>PY</arg>
<arg>QA</arg>
<arg>RE</arg>
<arg>RO</arg>
<arg>RS</arg>
<arg>RU</arg>
<arg>RW</arg>
<arg>SA</arg>
<arg>SB</arg>
<arg>SC</arg>
<arg>SD</arg>
<arg>SE</arg>
<arg>SG</arg>
<arg>SH</arg>
<arg>SI</arg>
<arg>SJ</arg>
<arg>SK</arg>
<arg>SL</arg>
<arg>SM</arg>
<arg>SN</arg>
<arg>SO</arg>
<arg>SR</arg>
<arg>SS</arg>
<arg>ST</arg>
<arg>SV</arg>
<arg>SX</arg>
<arg>SY</arg>
<arg>SZ</arg>
<arg>TC</arg>
<arg>TD</arg>
<arg>TF</arg>
<arg>TG</arg>
<arg>TH</arg>
<arg>TJ</arg>
<arg>TK</arg>
<arg>TL</arg>
<arg>TM</arg>
<arg>TN</arg>
<arg>TO</arg>
<arg>TR</arg>
<arg>TT</arg>
<arg>TV</arg>
<arg>TW</arg>
<arg>TZ</arg>
<arg>UA</arg>
<arg>UG</arg>
<arg>UM</arg>
<arg>US</arg>
<arg>UY</arg>
<arg>UZ</arg>
<arg>VA</arg>
<arg>VC</arg>
<arg>VE</arg>
<arg>VG</arg>
<arg>VI</arg>
<arg>VN</arg>
<arg>VU</arg>
<arg>WF</arg>
<arg>WS</arg>
<arg>XK</arg>
<arg>YE</arg>
<arg>YT</arg>
<arg>ZA</arg>
<arg>ZM</arg>
<arg>ZW</arg>
<doc>Returns a list containing given items.</doc>
<status status="PASS" start="2024-03-29T15:14:00.346286" elapsed="0.000633"/>
</kw>
<kw name="List Should Contain Value" owner="Collections">
<msg time="2024-03-29T15:14:00.348092" level="INFO">False</msg>
<arg>${list_country}</arg>
<arg>${name_country}</arg>
<doc>Fails if the ``value`` is not found from ``list``.</doc>
<status status="PASS" start="2024-03-29T15:14:00.347884" elapsed="0.000246"/>
</kw>
<kw name="Run Keyword If" owner="BuiltIn">
<kw name="Should Be True" owner="BuiltIn">
<arg>${True}</arg>
<doc>Fails if the given condition is not true.</doc>
<status status="PASS" start="2024-03-29T15:14:00.349233" elapsed="0.000149"/>
</kw>
<arg>${json_data["results"][0]["location"]["coordinates"]["latitude"]} &gt;= -90 and ${json_data["results"][0]["location"]["coordinates"]["latitude"]} &lt;= 90</arg>
<arg>Should Be True</arg>
<arg>${True}</arg>
<doc>Runs the given keyword with the given arguments, if ``condition`` is true.</doc>
<status status="PASS" start="2024-03-29T15:14:00.348452" elapsed="0.001063"/>
</kw>
<kw name="Run Keyword If" owner="BuiltIn">
<kw name="Should Be True" owner="BuiltIn">
<arg>${True}</arg>
<doc>Fails if the given condition is not true.</doc>
<status status="PASS" start="2024-03-29T15:14:00.350410" elapsed="0.000140"/>
</kw>
<arg>${json_data["results"][0]["location"]["coordinates"]["longitude"]} &gt;= -180 and ${json_data["results"][0]["location"]["coordinates"]["longitude"]} &lt;= 180</arg>
<arg>Should Be True</arg>
<arg>${True}</arg>
<doc>Runs the given keyword with the given arguments, if ``condition`` is true.</doc>
<status status="PASS" start="2024-03-29T15:14:00.349708" elapsed="0.000968"/>
</kw>
<status status="PASS" start="2024-03-29T15:14:00.280987" elapsed="0.069825"/>
</kw>
<doc>Testa o conteúdo específico dos campos retornados pela API.</doc>
<tag>testeConteudo</tag>
<status status="PASS" start="2024-03-29T15:14:00.280295" elapsed="0.070677"/>
</test>
<status status="PASS" start="2024-03-29T15:13:59.541401" elapsed="0.811630"/>
</suite>
<status status="PASS" start="2024-03-29T15:13:59.527639" elapsed="0.830823"/>
</suite>
<statistics>
<total>
<stat pass="5" fail="0" skip="0">All Tests</stat>
</total>
<tag>
<stat pass="1" fail="0" skip="0">testeConteudo</stat>
<stat pass="1" fail="0" skip="0">testeEstruturaResposta</stat>
<stat pass="1" fail="0" skip="0">testeRequisicaoBasica</stat>
<stat pass="1" fail="0" skip="0">testeTiposDados</stat>
</tag>
<suite>
<stat pass="5" fail="0" skip="0" id="s1" name="Tests">Tests</stat>
<stat pass="5" fail="0" skip="0" id="s1-s1" name="Random-User-Test">Tests.Random-User-Test</stat>
</suite>
</statistics>
<errors>
</errors>
</robot>
