<?xml version="1.0" encoding="UTF-8"?>
<robot generator="Robot 7.0 (Python 3.12.2 on linux)" generated="2024-03-24T23:15:51.011163" rpa="false" schemaversion="5">
<suite id="s1" name="Tests" source="/home/runner/work/DesafioQAItauRogerioJordao/DesafioQAItauRogerioJordao/RamdonUser/tests">
<suite id="s1-s1" name="Random-User-Test" source="/home/runner/work/DesafioQAItauRogerioJordao/DesafioQAItauRogerioJordao/RamdonUser/tests/random-user-test.robot">
<test id="s1-s1-t1" name="Conectar" line="13">
<kw name="Conectar API" owner="random-user-service">
<kw name="Create Session" owner="RequestsLibrary">
<msg time="2024-03-24T23:15:51.371159" level="INFO">Creating Session using : alias=consultarAPI, url=https://randomuser.me/, headers={},                     cookies={}, auth=None, timeout=None, proxies=None, verify=False,                     debug=0 </msg>
<arg>consultarAPI</arg>
<arg>${URL}</arg>
<doc>Create Session: create a HTTP session to a server</doc>
<status status="PASS" start="2024-03-24T23:15:51.370952" elapsed="0.000395"/>
</kw>
<status status="PASS" start="2024-03-24T23:15:51.369880" elapsed="0.001839"/>
</kw>
<status status="PASS" start="2024-03-24T23:15:51.369232" elapsed="0.002693"/>
</test>
<test id="s1-s1-t2" name="Validar retorno 200 e JSON Válido" line="16">
<kw name="Teste de Requisicao Basica" owner="random-user-service">
<kw name="GET On Session" owner="RequestsLibrary">
<msg time="2024-03-24T23:15:51.452693" level="INFO">GET Request : url=https://randomuser.me/api 
 path_url=/api 
 headers={'User-Agent': 'python-requests/2.31.0', 'Accept-Encoding': 'gzip, deflate', 'Accept': '*/*', 'Connection': 'keep-alive'} 
 body=None 
 </msg>
<msg time="2024-03-24T23:15:51.452836" level="INFO">GET Response : url=https://randomuser.me/api 
 status=200, reason=OK 
 headers={'Date': 'Sun, 24 Mar 2024 23:15:51 GMT', 'Content-Type': 'application/json; charset=utf-8', 'Transfer-Encoding': 'chunked', 'Connection': 'keep-alive', 'X-Powered-By': 'Express', 'Access-Control-Allow-Origin': '*', 'Cache-Control': 'no-cache', 'ETag': 'W/"477-gAKDs7s7pZzX6p0Cl2G4P96b9ps"', 'Vary': 'Accept-Encoding', 'Content-Encoding': 'gzip', 'CF-Cache-Status': 'DYNAMIC', 'Report-To': '{"endpoints":[{"url":"https:\\/\\/a.nel.cloudflare.com\\/report\\/v4?s=3Hbqt31oXUObvF8Uw6vvdRO2Nc%2Brhpzap6TSQm0%2B91v%2BDEF6oiCgoTrQDkwLGqzLn7bJ3T6mnoidIck%2BVmOZ2naRtLphE6jtjC8tZ%2B3eYYo%2FZoIQAi6qw5y69mwbIKCD"}],"group":"cf-nel","max_age":604800}', 'NEL': '{"success_fraction":0,"report_to":"cf-nel","max_age":604800}', 'Server': 'cloudflare', 'CF-RAY': '869a5d9658ab0850-IAD', 'alt-svc': 'h3=":443"; ma=86400'} 
 body={"results":[{"gender":"female","name":{"title":"Mrs","first":"Aleksa","last":"Pavić"},"location":{"street":{"number":6262,"name":"Mihajla Markovića "},"city":"Tutin","state":"Pirot","country":"Serbia","postcode":67468,"coordinates":{"latitude":"57.6435","longitude":"107.5113"},"timezone":{"offset":"-2:00","description":"Mid-Atlantic"}},"email":"aleksa.pavic@example.com","login":{"uuid":"0896a7d8-ac57-4754-919a-45b75f5a212b","username":"redfish383","password":"middle","salt":"WwECws2e","md5":"6a6959b9c16556e7d396bc7823b52f15","sha1":"1e035f5d74caf1eff992b57f33616e483b72b1cd","sha256":"00aee49952a3e98879416fbe27a28deaf13283a7a4b72b9220289f3c201da44a"},"dob":{"date":"1986-07-10T04:35:01.944Z","age":37},"registered":{"date":"2012-03-06T09:02:52.141Z","age":12},"phone":"033-6111-703","cell":"061-3694-408","id":{"name":"SID","value":"426763362"},"picture":{"large":"https://randomuser.me/api/portraits/women/35.jpg","medium":"https://randomuser.me/api/portraits/med/women/35.jpg","thumbnail":"https://randomuser.me/api/portraits/thumb/women/35.jpg"},"nat":"RS"}],"info":{"seed":"a0fe72a18d8c65b1","results":1,"page":1,"version":"1.4"}} 
 </msg>
<msg time="2024-03-24T23:15:51.452946" level="INFO">/opt/hostedtoolcache/Python/3.12.2/x64/lib/python3.12/site-packages/urllib3/connectionpool.py:1103: InsecureRequestWarning: Unverified HTTPS request is being made to host 'randomuser.me'. Adding certificate verification is strongly advised. See: https://urllib3.readthedocs.io/en/latest/advanced-usage.html#tls-warnings
  warnings.warn(</msg>
<msg time="2024-03-24T23:15:51.453096" level="INFO">${response} = &lt;Response [200]&gt;</msg>
<var>${response}</var>
<arg>consultarAPI</arg>
<arg>/api</arg>
<doc>Sends a GET request on a previously created HTTP Session.</doc>
<status status="PASS" start="2024-03-24T23:15:51.374614" elapsed="0.078523"/>
</kw>
<kw name="Should Be Equal As Numbers" owner="BuiltIn">
<msg time="2024-03-24T23:15:51.454289" level="INFO">Argument types are:
&lt;class 'int'&gt;
&lt;class 'str'&gt;</msg>
<arg>${response.status_code}</arg>
<arg>200</arg>
<doc>Fails if objects are unequal after converting them to real numbers.</doc>
<status status="PASS" start="2024-03-24T23:15:51.453784" elapsed="0.000574"/>
</kw>
<kw name="Log" owner="BuiltIn">
<msg time="2024-03-24T23:15:51.455102" level="INFO">200</msg>
<arg>${response.status_code}</arg>
<doc>Logs the given message with the given level.</doc>
<status status="PASS" start="2024-03-24T23:15:51.454725" elapsed="0.000423"/>
</kw>
<kw name="Set Variable" owner="BuiltIn">
<msg time="2024-03-24T23:15:51.455951" level="INFO">${json_data} = {'results': [{'gender': 'female', 'name': {'title': 'Mrs', 'first': 'Aleksa', 'last': 'Pavić'}, 'location': {'street': {'number': 6262, 'name': 'Mihajla Markovića '}, 'city': 'Tutin', 'state': 'Pirot'...</msg>
<var>${json_data}</var>
<arg>${response.json()}</arg>
<doc>Returns the given values which can then be assigned to a variables.</doc>
<status status="PASS" start="2024-03-24T23:15:51.455484" elapsed="0.000498"/>
</kw>
<kw name="Dictionary Should Contain Key" owner="Collections">
<msg time="2024-03-24T23:15:51.456503" level="INFO">False</msg>
<arg>${json_data}</arg>
<arg>results</arg>
<doc>Fails if ``key`` is not found from ``dictionary``.</doc>
<status status="PASS" start="2024-03-24T23:15:51.456325" elapsed="0.000219"/>
</kw>
<status status="PASS" start="2024-03-24T23:15:51.374358" elapsed="0.082448"/>
</kw>
<doc>Testa se a API responde corretamente e retorna um objeto JSON válido.</doc>
<tag>testeRequisicaoBasica</tag>
<status status="PASS" start="2024-03-24T23:15:51.373818" elapsed="0.083178"/>
</test>
<test id="s1-s1-t3" name="Validar estrutura de resposta" line="22">
<kw name="Teste de Estrutura de Resposta" owner="random-user-service">
<kw name="GET On Session" owner="RequestsLibrary">
<msg time="2024-03-24T23:15:51.545384" level="INFO">GET Request : url=https://randomuser.me/api 
 path_url=/api 
 headers={'User-Agent': 'python-requests/2.31.0', 'Accept-Encoding': 'gzip, deflate', 'Accept': '*/*', 'Connection': 'keep-alive'} 
 body=None 
 </msg>
<msg time="2024-03-24T23:15:51.545486" level="INFO">GET Response : url=https://randomuser.me/api 
 status=200, reason=OK 
 headers={'Date': 'Sun, 24 Mar 2024 23:15:51 GMT', 'Content-Type': 'application/json; charset=utf-8', 'Transfer-Encoding': 'chunked', 'Connection': 'keep-alive', 'X-Powered-By': 'Express', 'Access-Control-Allow-Origin': '*', 'Cache-Control': 'no-cache', 'ETag': 'W/"48e-ZWPmXVlhvncOgsD45Tp1FCljjWQ"', 'Vary': 'Accept-Encoding', 'Content-Encoding': 'gzip', 'CF-Cache-Status': 'DYNAMIC', 'Report-To': '{"endpoints":[{"url":"https:\\/\\/a.nel.cloudflare.com\\/report\\/v4?s=bWx7fgUn4DA9Z9QPiWsQjCb60AP%2FGFgLXqMpo7yZaRTROwrmLW8noMheLsv3sr3J6rqQSdfgeK%2BkjJZXM5Geocgs8BxS79kX1zhnAqfZtG4PQc0jbHTwHeeg%2Bn%2FjnF3N"}],"group":"cf-nel","max_age":604800}', 'NEL': '{"success_fraction":0,"report_to":"cf-nel","max_age":604800}', 'Server': 'cloudflare', 'CF-RAY': '869a5d96a8e60850-IAD', 'alt-svc': 'h3=":443"; ma=86400'} 
 body={"results":[{"gender":"male","name":{"title":"Mr","first":"Charles","last":"Margaret"},"location":{"street":{"number":7014,"name":"Grand Marais Ave"},"city":"Sherbrooke","state":"Newfoundland and Labrador","country":"Canada","postcode":"A2W 3G6","coordinates":{"latitude":"-68.1288","longitude":"-30.9054"},"timezone":{"offset":"+3:30","description":"Tehran"}},"email":"charles.margaret@example.com","login":{"uuid":"3a9b8c49-a5c9-4938-8888-1a4783d14f7d","username":"lazyleopard190","password":"loulou","salt":"OvVMKnIU","md5":"5fb08e00aa143b3833f4dc71a5209d19","sha1":"3665ac4c419c7d00c89573585c6752b6b7132e9b","sha256":"263f7ad4eaa12ab15c2881c21c3ee027baf6c79134b2c94caa54d06fabace4c7"},"dob":{"date":"1981-04-12T00:14:00.692Z","age":42},"registered":{"date":"2007-05-05T02:21:07.720Z","age":16},"phone":"N28 C29-4845","cell":"Q42 C68-5262","id":{"name":"SIN","value":"664800356"},"picture":{"large":"https://randomuser.me/api/portraits/men/48.jpg","medium":"https://randomuser.me/api/portraits/med/men/48.jpg","thumbnail":"https://randomuser.me/api/portraits/thumb/men/48.jpg"},"nat":"CA"}],"info":{"seed":"6d9a7220c8839fac","results":1,"page":1,"version":"1.4"}} 
 </msg>
<msg time="2024-03-24T23:15:51.545634" level="INFO">/opt/hostedtoolcache/Python/3.12.2/x64/lib/python3.12/site-packages/urllib3/connectionpool.py:1103: InsecureRequestWarning: Unverified HTTPS request is being made to host 'randomuser.me'. Adding certificate verification is strongly advised. See: https://urllib3.readthedocs.io/en/latest/advanced-usage.html#tls-warnings
  warnings.warn(</msg>
<msg time="2024-03-24T23:15:51.545764" level="INFO">${response} = &lt;Response [200]&gt;</msg>
<var>${response}</var>
<arg>consultarAPI</arg>
<arg>/api</arg>
<doc>Sends a GET request on a previously created HTTP Session.</doc>
<status status="PASS" start="2024-03-24T23:15:51.459875" elapsed="0.085930"/>
</kw>
<kw name="Set Variable" owner="BuiltIn">
<msg time="2024-03-24T23:15:51.546928" level="INFO">${json_data} = {'results': [{'gender': 'male', 'name': {'title': 'Mr', 'first': 'Charles', 'last': 'Margaret'}, 'location': {'street': {'number': 7014, 'name': 'Grand Marais Ave'}, 'city': 'Sherbrooke', 'state': 'Ne...</msg>
<var>${json_data}</var>
<arg>${response.json()}</arg>
<doc>Returns the given values which can then be assigned to a variables.</doc>
<status status="PASS" start="2024-03-24T23:15:51.546363" elapsed="0.000594"/>
</kw>
<kw name="Log" owner="BuiltIn">
<msg time="2024-03-24T23:15:51.547454" level="INFO">{'results': [{'gender': 'male', 'name': {'title': 'Mr', 'first': 'Charles', 'last': 'Margaret'}, 'location': {'street': {'number': 7014, 'name': 'Grand Marais Ave'}, 'city': 'Sherbrooke', 'state': 'Newfoundland and Labrador', 'country': 'Canada', 'postcode': 'A2W 3G6', 'coordinates': {'latitude': '-68.1288', 'longitude': '-30.9054'}, 'timezone': {'offset': '+3:30', 'description': 'Tehran'}}, 'email': 'charles.margaret@example.com', 'login': {'uuid': '3a9b8c49-a5c9-4938-8888-1a4783d14f7d', 'username': 'lazyleopard190', 'password': 'loulou', 'salt': 'OvVMKnIU', 'md5': '5fb08e00aa143b3833f4dc71a5209d19', 'sha1': '3665ac4c419c7d00c89573585c6752b6b7132e9b', 'sha256': '263f7ad4eaa12ab15c2881c21c3ee027baf6c79134b2c94caa54d06fabace4c7'}, 'dob': {'date': '1981-04-12T00:14:00.692Z', 'age': 42}, 'registered': {'date': '2007-05-05T02:21:07.720Z', 'age': 16}, 'phone': 'N28 C29-4845', 'cell': 'Q42 C68-5262', 'id': {'name': 'SIN', 'value': '664800356'}, 'picture': {'large': 'https://randomuser.me/api/portraits/men/48.jpg', 'medium': 'https://randomuser.me/api/portraits/med/men/48.jpg', 'thumbnail': 'https://randomuser.me/api/portraits/thumb/men/48.jpg'}, 'nat': 'CA'}], 'info': {'seed': '6d9a7220c8839fac', 'results': 1, 'page': 1, 'version': '1.4'}}</msg>
<arg>${json_data}</arg>
<doc>Logs the given message with the given level.</doc>
<status status="PASS" start="2024-03-24T23:15:51.547289" elapsed="0.000214"/>
</kw>
<kw name="Dictionary Should Contain Key" owner="Collections">
<msg time="2024-03-24T23:15:51.547966" level="INFO">False</msg>
<arg>${json_data}</arg>
<arg>results</arg>
<doc>Fails if ``key`` is not found from ``dictionary``.</doc>
<status status="PASS" start="2024-03-24T23:15:51.547809" elapsed="0.000194"/>
</kw>
<kw name="Should Not Be Empty" owner="BuiltIn">
<msg time="2024-03-24T23:15:51.548481" level="INFO">Length is 2.</msg>
<arg>${json_data}</arg>
<doc>Verifies that the given item is not empty.</doc>
<status status="PASS" start="2024-03-24T23:15:51.548326" elapsed="0.000204"/>
</kw>
<kw name="Create List" owner="BuiltIn">
<msg time="2024-03-24T23:15:51.549039" level="INFO">${expected_keys} = ['gender', 'name', 'location', 'email', 'login']</msg>
<var>${expected_keys}</var>
<arg>gender</arg>
<arg>name</arg>
<arg>location</arg>
<arg>email</arg>
<arg>login</arg>
<doc>Returns a list containing given items.</doc>
<status status="PASS" start="2024-03-24T23:15:51.548882" elapsed="0.000181"/>
</kw>
<for flavor="IN">
<iter>
<kw name="Dictionary Should Contain Key" owner="Collections">
<msg time="2024-03-24T23:15:51.550056" level="INFO">False</msg>
<arg>${json_data['results'][0]}</arg>
<arg>${key}</arg>
<doc>Fails if ``key`` is not found from ``dictionary``.</doc>
<status status="PASS" start="2024-03-24T23:15:51.549648" elapsed="0.000448"/>
</kw>
<kw name="Log" owner="BuiltIn">
<msg time="2024-03-24T23:15:51.550780" level="INFO">{'gender': 'male', 'name': {'title': 'Mr', 'first': 'Charles', 'last': 'Margaret'}, 'location': {'street': {'number': 7014, 'name': 'Grand Marais Ave'}, 'city': 'Sherbrooke', 'state': 'Newfoundland and Labrador', 'country': 'Canada', 'postcode': 'A2W 3G6', 'coordinates': {'latitude': '-68.1288', 'longitude': '-30.9054'}, 'timezone': {'offset': '+3:30', 'description': 'Tehran'}}, 'email': 'charles.margaret@example.com', 'login': {'uuid': '3a9b8c49-a5c9-4938-8888-1a4783d14f7d', 'username': 'lazyleopard190', 'password': 'loulou', 'salt': 'OvVMKnIU', 'md5': '5fb08e00aa143b3833f4dc71a5209d19', 'sha1': '3665ac4c419c7d00c89573585c6752b6b7132e9b', 'sha256': '263f7ad4eaa12ab15c2881c21c3ee027baf6c79134b2c94caa54d06fabace4c7'}, 'dob': {'date': '1981-04-12T00:14:00.692Z', 'age': 42}, 'registered': {'date': '2007-05-05T02:21:07.720Z', 'age': 16}, 'phone': 'N28 C29-4845', 'cell': 'Q42 C68-5262', 'id': {'name': 'SIN', 'value': '664800356'}, 'picture': {'large': 'https://randomuser.me/api/portraits/men/48.jpg', 'medium': 'https://randomuser.me/api/portraits/med/men/48.jpg', 'thumbnail': 'https://randomuser.me/api/portraits/thumb/men/48.jpg'}, 'nat': 'CA'}</msg>
<arg>${json_data['results'][0]}</arg>
<doc>Logs the given message with the given level.</doc>
<status status="PASS" start="2024-03-24T23:15:51.550404" elapsed="0.000429"/>
</kw>
<kw name="Log" owner="BuiltIn">
<msg time="2024-03-24T23:15:51.551265" level="INFO">gender</msg>
<arg>${key}</arg>
<doc>Logs the given message with the given level.</doc>
<status status="PASS" start="2024-03-24T23:15:51.551134" elapsed="0.000170"/>
</kw>
<var name="${key}">gender</var>
<status status="PASS" start="2024-03-24T23:15:51.549523" elapsed="0.001999"/>
</iter>
<iter>
<kw name="Dictionary Should Contain Key" owner="Collections">
<msg time="2024-03-24T23:15:51.552207" level="INFO">False</msg>
<arg>${json_data['results'][0]}</arg>
<arg>${key}</arg>
<doc>Fails if ``key`` is not found from ``dictionary``.</doc>
<status status="PASS" start="2024-03-24T23:15:51.551829" elapsed="0.000444"/>
</kw>
<kw name="Log" owner="BuiltIn">
<msg time="2024-03-24T23:15:51.552972" level="INFO">{'gender': 'male', 'name': {'title': 'Mr', 'first': 'Charles', 'last': 'Margaret'}, 'location': {'street': {'number': 7014, 'name': 'Grand Marais Ave'}, 'city': 'Sherbrooke', 'state': 'Newfoundland and Labrador', 'country': 'Canada', 'postcode': 'A2W 3G6', 'coordinates': {'latitude': '-68.1288', 'longitude': '-30.9054'}, 'timezone': {'offset': '+3:30', 'description': 'Tehran'}}, 'email': 'charles.margaret@example.com', 'login': {'uuid': '3a9b8c49-a5c9-4938-8888-1a4783d14f7d', 'username': 'lazyleopard190', 'password': 'loulou', 'salt': 'OvVMKnIU', 'md5': '5fb08e00aa143b3833f4dc71a5209d19', 'sha1': '3665ac4c419c7d00c89573585c6752b6b7132e9b', 'sha256': '263f7ad4eaa12ab15c2881c21c3ee027baf6c79134b2c94caa54d06fabace4c7'}, 'dob': {'date': '1981-04-12T00:14:00.692Z', 'age': 42}, 'registered': {'date': '2007-05-05T02:21:07.720Z', 'age': 16}, 'phone': 'N28 C29-4845', 'cell': 'Q42 C68-5262', 'id': {'name': 'SIN', 'value': '664800356'}, 'picture': {'large': 'https://randomuser.me/api/portraits/men/48.jpg', 'medium': 'https://randomuser.me/api/portraits/med/men/48.jpg', 'thumbnail': 'https://randomuser.me/api/portraits/thumb/men/48.jpg'}, 'nat': 'CA'}</msg>
<arg>${json_data['results'][0]}</arg>
<doc>Logs the given message with the given level.</doc>
<status status="PASS" start="2024-03-24T23:15:51.552610" elapsed="0.000409"/>
</kw>
<kw name="Log" owner="BuiltIn">
<msg time="2024-03-24T23:15:51.553445" level="INFO">name</msg>
<arg>${key}</arg>
<doc>Logs the given message with the given level.</doc>
<status status="PASS" start="2024-03-24T23:15:51.553318" elapsed="0.000165"/>
</kw>
<var name="${key}">name</var>
<status status="PASS" start="2024-03-24T23:15:51.551714" elapsed="0.001984"/>
</iter>
<iter>
<kw name="Dictionary Should Contain Key" owner="Collections">
<msg time="2024-03-24T23:15:51.554362" level="INFO">False</msg>
<arg>${json_data['results'][0]}</arg>
<arg>${key}</arg>
<doc>Fails if ``key`` is not found from ``dictionary``.</doc>
<status status="PASS" start="2024-03-24T23:15:51.553987" elapsed="0.000412"/>
</kw>
<kw name="Log" owner="BuiltIn">
<msg time="2024-03-24T23:15:51.555061" level="INFO">{'gender': 'male', 'name': {'title': 'Mr', 'first': 'Charles', 'last': 'Margaret'}, 'location': {'street': {'number': 7014, 'name': 'Grand Marais Ave'}, 'city': 'Sherbrooke', 'state': 'Newfoundland and Labrador', 'country': 'Canada', 'postcode': 'A2W 3G6', 'coordinates': {'latitude': '-68.1288', 'longitude': '-30.9054'}, 'timezone': {'offset': '+3:30', 'description': 'Tehran'}}, 'email': 'charles.margaret@example.com', 'login': {'uuid': '3a9b8c49-a5c9-4938-8888-1a4783d14f7d', 'username': 'lazyleopard190', 'password': 'loulou', 'salt': 'OvVMKnIU', 'md5': '5fb08e00aa143b3833f4dc71a5209d19', 'sha1': '3665ac4c419c7d00c89573585c6752b6b7132e9b', 'sha256': '263f7ad4eaa12ab15c2881c21c3ee027baf6c79134b2c94caa54d06fabace4c7'}, 'dob': {'date': '1981-04-12T00:14:00.692Z', 'age': 42}, 'registered': {'date': '2007-05-05T02:21:07.720Z', 'age': 16}, 'phone': 'N28 C29-4845', 'cell': 'Q42 C68-5262', 'id': {'name': 'SIN', 'value': '664800356'}, 'picture': {'large': 'https://randomuser.me/api/portraits/men/48.jpg', 'medium': 'https://randomuser.me/api/portraits/med/men/48.jpg', 'thumbnail': 'https://randomuser.me/api/portraits/thumb/men/48.jpg'}, 'nat': 'CA'}</msg>
<arg>${json_data['results'][0]}</arg>
<doc>Logs the given message with the given level.</doc>
<status status="PASS" start="2024-03-24T23:15:51.554694" elapsed="0.000419"/>
</kw>
<kw name="Log" owner="BuiltIn">
<msg time="2024-03-24T23:15:51.555531" level="INFO">location</msg>
<arg>${key}</arg>
<doc>Logs the given message with the given level.</doc>
<status status="PASS" start="2024-03-24T23:15:51.555405" elapsed="0.000164"/>
</kw>
<var name="${key}">location</var>
<status status="PASS" start="2024-03-24T23:15:51.553878" elapsed="0.001907"/>
</iter>
<iter>
<kw name="Dictionary Should Contain Key" owner="Collections">
<msg time="2024-03-24T23:15:51.556480" level="INFO">False</msg>
<arg>${json_data['results'][0]}</arg>
<arg>${key}</arg>
<doc>Fails if ``key`` is not found from ``dictionary``.</doc>
<status status="PASS" start="2024-03-24T23:15:51.556068" elapsed="0.000450"/>
</kw>
<kw name="Log" owner="BuiltIn">
<msg time="2024-03-24T23:15:51.557173" level="INFO">{'gender': 'male', 'name': {'title': 'Mr', 'first': 'Charles', 'last': 'Margaret'}, 'location': {'street': {'number': 7014, 'name': 'Grand Marais Ave'}, 'city': 'Sherbrooke', 'state': 'Newfoundland and Labrador', 'country': 'Canada', 'postcode': 'A2W 3G6', 'coordinates': {'latitude': '-68.1288', 'longitude': '-30.9054'}, 'timezone': {'offset': '+3:30', 'description': 'Tehran'}}, 'email': 'charles.margaret@example.com', 'login': {'uuid': '3a9b8c49-a5c9-4938-8888-1a4783d14f7d', 'username': 'lazyleopard190', 'password': 'loulou', 'salt': 'OvVMKnIU', 'md5': '5fb08e00aa143b3833f4dc71a5209d19', 'sha1': '3665ac4c419c7d00c89573585c6752b6b7132e9b', 'sha256': '263f7ad4eaa12ab15c2881c21c3ee027baf6c79134b2c94caa54d06fabace4c7'}, 'dob': {'date': '1981-04-12T00:14:00.692Z', 'age': 42}, 'registered': {'date': '2007-05-05T02:21:07.720Z', 'age': 16}, 'phone': 'N28 C29-4845', 'cell': 'Q42 C68-5262', 'id': {'name': 'SIN', 'value': '664800356'}, 'picture': {'large': 'https://randomuser.me/api/portraits/men/48.jpg', 'medium': 'https://randomuser.me/api/portraits/med/men/48.jpg', 'thumbnail': 'https://randomuser.me/api/portraits/thumb/men/48.jpg'}, 'nat': 'CA'}</msg>
<arg>${json_data['results'][0]}</arg>
<doc>Logs the given message with the given level.</doc>
<status status="PASS" start="2024-03-24T23:15:51.556817" elapsed="0.000404"/>
</kw>
<kw name="Log" owner="BuiltIn">
<msg time="2024-03-24T23:15:51.557637" level="INFO">email</msg>
<arg>${key}</arg>
<doc>Logs the given message with the given level.</doc>
<status status="PASS" start="2024-03-24T23:15:51.557511" elapsed="0.000163"/>
</kw>
<var name="${key}">email</var>
<status status="PASS" start="2024-03-24T23:15:51.555959" elapsed="0.001931"/>
</iter>
<iter>
<kw name="Dictionary Should Contain Key" owner="Collections">
<msg time="2024-03-24T23:15:51.558557" level="INFO">False</msg>
<arg>${json_data['results'][0]}</arg>
<arg>${key}</arg>
<doc>Fails if ``key`` is not found from ``dictionary``.</doc>
<status status="PASS" start="2024-03-24T23:15:51.558175" elapsed="0.000420"/>
</kw>
<kw name="Log" owner="BuiltIn">
<msg time="2024-03-24T23:15:51.559247" level="INFO">{'gender': 'male', 'name': {'title': 'Mr', 'first': 'Charles', 'last': 'Margaret'}, 'location': {'street': {'number': 7014, 'name': 'Grand Marais Ave'}, 'city': 'Sherbrooke', 'state': 'Newfoundland and Labrador', 'country': 'Canada', 'postcode': 'A2W 3G6', 'coordinates': {'latitude': '-68.1288', 'longitude': '-30.9054'}, 'timezone': {'offset': '+3:30', 'description': 'Tehran'}}, 'email': 'charles.margaret@example.com', 'login': {'uuid': '3a9b8c49-a5c9-4938-8888-1a4783d14f7d', 'username': 'lazyleopard190', 'password': 'loulou', 'salt': 'OvVMKnIU', 'md5': '5fb08e00aa143b3833f4dc71a5209d19', 'sha1': '3665ac4c419c7d00c89573585c6752b6b7132e9b', 'sha256': '263f7ad4eaa12ab15c2881c21c3ee027baf6c79134b2c94caa54d06fabace4c7'}, 'dob': {'date': '1981-04-12T00:14:00.692Z', 'age': 42}, 'registered': {'date': '2007-05-05T02:21:07.720Z', 'age': 16}, 'phone': 'N28 C29-4845', 'cell': 'Q42 C68-5262', 'id': {'name': 'SIN', 'value': '664800356'}, 'picture': {'large': 'https://randomuser.me/api/portraits/men/48.jpg', 'medium': 'https://randomuser.me/api/portraits/med/men/48.jpg', 'thumbnail': 'https://randomuser.me/api/portraits/thumb/men/48.jpg'}, 'nat': 'CA'}</msg>
<arg>${json_data['results'][0]}</arg>
<doc>Logs the given message with the given level.</doc>
<status status="PASS" start="2024-03-24T23:15:51.558886" elapsed="0.000408"/>
</kw>
<kw name="Log" owner="BuiltIn">
<msg time="2024-03-24T23:15:51.559710" level="INFO">login</msg>
<arg>${key}</arg>
<doc>Logs the given message with the given level.</doc>
<status status="PASS" start="2024-03-24T23:15:51.559584" elapsed="0.000271"/>
</kw>
<var name="${key}">login</var>
<status status="PASS" start="2024-03-24T23:15:51.558062" elapsed="0.002042"/>
</iter>
<var>${key}</var>
<value>@{expected_keys}</value>
<status status="PASS" start="2024-03-24T23:15:51.549328" elapsed="0.010904"/>
</for>
<kw name="Create List" owner="BuiltIn">
<msg time="2024-03-24T23:15:51.560592" level="INFO">${expected_keysTwo} = ['username', 'password']</msg>
<var>${expected_keysTwo}</var>
<arg>username</arg>
<arg>password</arg>
<doc>Returns a list containing given items.</doc>
<status status="PASS" start="2024-03-24T23:15:51.560453" elapsed="0.000164"/>
</kw>
<for flavor="IN">
<iter>
<kw name="Dictionary Should Contain Key" owner="Collections">
<msg time="2024-03-24T23:15:51.561497" level="INFO">False</msg>
<arg>${json_data['results'][0]['login']}</arg>
<arg>${keyTwo}</arg>
<doc>Fails if ``key`` is not found from ``dictionary``.</doc>
<status status="PASS" start="2024-03-24T23:15:51.561116" elapsed="0.000419"/>
</kw>
<kw name="Dictionary Should Contain Key" owner="Collections">
<msg time="2024-03-24T23:15:51.562205" level="INFO">False</msg>
<arg>${json_data['results'][0]['login']}</arg>
<arg>${keyTwo}</arg>
<doc>Fails if ``key`` is not found from ``dictionary``.</doc>
<status status="PASS" start="2024-03-24T23:15:51.561826" elapsed="0.000416"/>
</kw>
<kw name="Log" owner="BuiltIn">
<msg time="2024-03-24T23:15:51.562657" level="INFO">username</msg>
<arg>${keyTwo}</arg>
<doc>Logs the given message with the given level.</doc>
<status status="PASS" start="2024-03-24T23:15:51.562531" elapsed="0.000163"/>
</kw>
<var name="${keyTwo}">username</var>
<status status="PASS" start="2024-03-24T23:15:51.561008" elapsed="0.001898"/>
</iter>
<iter>
<kw name="Dictionary Should Contain Key" owner="Collections">
<msg time="2024-03-24T23:15:51.563562" level="INFO">False</msg>
<arg>${json_data['results'][0]['login']}</arg>
<arg>${keyTwo}</arg>
<doc>Fails if ``key`` is not found from ``dictionary``.</doc>
<status status="PASS" start="2024-03-24T23:15:51.563184" elapsed="0.000415"/>
</kw>
<kw name="Dictionary Should Contain Key" owner="Collections">
<msg time="2024-03-24T23:15:51.564291" level="INFO">False</msg>
<arg>${json_data['results'][0]['login']}</arg>
<arg>${keyTwo}</arg>
<doc>Fails if ``key`` is not found from ``dictionary``.</doc>
<status status="PASS" start="2024-03-24T23:15:51.563886" elapsed="0.000442"/>
</kw>
<kw name="Log" owner="BuiltIn">
<msg time="2024-03-24T23:15:51.564752" level="INFO">password</msg>
<arg>${keyTwo}</arg>
<doc>Logs the given message with the given level.</doc>
<status status="PASS" start="2024-03-24T23:15:51.564628" elapsed="0.000162"/>
</kw>
<var name="${keyTwo}">password</var>
<status status="PASS" start="2024-03-24T23:15:51.563077" elapsed="0.001930"/>
</iter>
<var>${keyTwo}</var>
<value>@{expected_keysTwo}</value>
<status status="PASS" start="2024-03-24T23:15:51.560854" elapsed="0.004274"/>
</for>
<status status="PASS" start="2024-03-24T23:15:51.459626" elapsed="0.105646"/>
</kw>
<doc>Testa a estrutura da resposta da API.</doc>
<tag>testeEstruturaResposta</tag>
<status status="PASS" start="2024-03-24T23:15:51.458836" elapsed="0.106599"/>
</test>
<test id="s1-s1-t4" name="Validar tipos de dados" line="28">
<kw name="Teste de Tipos de Dados" owner="random-user-service">
<kw name="GET On Session" owner="RequestsLibrary">
<msg time="2024-03-24T23:15:51.646834" level="INFO">GET Request : url=https://randomuser.me/api 
 path_url=/api 
 headers={'User-Agent': 'python-requests/2.31.0', 'Accept-Encoding': 'gzip, deflate', 'Accept': '*/*', 'Connection': 'keep-alive'} 
 body=None 
 </msg>
<msg time="2024-03-24T23:15:51.646940" level="INFO">GET Response : url=https://randomuser.me/api 
 status=200, reason=OK 
 headers={'Date': 'Sun, 24 Mar 2024 23:15:51 GMT', 'Content-Type': 'application/json; charset=utf-8', 'Transfer-Encoding': 'chunked', 'Connection': 'keep-alive', 'X-Powered-By': 'Express', 'Access-Control-Allow-Origin': '*', 'Cache-Control': 'no-cache', 'ETag': 'W/"48b-imgaJmO0bi5AiESZhPF6b1T/6fk"', 'Vary': 'Accept-Encoding', 'Content-Encoding': 'gzip', 'CF-Cache-Status': 'DYNAMIC', 'Report-To': '{"endpoints":[{"url":"https:\\/\\/a.nel.cloudflare.com\\/report\\/v4?s=iSylAzvzMY7sy36p7Bwod9Q6CuhRAPIZ5MYMHh4jSzsOZm37TExnLHSCjb5UoLs19fz0HLJUZdJA7Tu0F4eylRY3L9mhCdUK4VFubbddbJ7wed%2FIoaYVaHlIuBmG9Ohr"}],"group":"cf-nel","max_age":604800}', 'NEL': '{"success_fraction":0,"report_to":"cf-nel","max_age":604800}', 'Server': 'cloudflare', 'CF-RAY': '869a5d9759990850-IAD', 'alt-svc': 'h3=":443"; ma=86400'} 
 body={"results":[{"gender":"female","name":{"title":"Mrs","first":"Susie","last":"Gonzalez"},"location":{"street":{"number":3153,"name":"Highfield Road"},"city":"Exeter","state":"Northumberland","country":"United Kingdom","postcode":"G11 9JE","coordinates":{"latitude":"-10.0758","longitude":"2.9945"},"timezone":{"offset":"+3:30","description":"Tehran"}},"email":"susie.gonzalez@example.com","login":{"uuid":"e5a9545b-a47e-47ee-bf27-e697d6d0347a","username":"heavywolf465","password":"burly","salt":"rD6C3390","md5":"8a06e72038eab6379d05c35e1db04a81","sha1":"c401308024674ae6287c4c8ca715190b0534db07","sha256":"55542ed033c23d6252161bda9aadc059b8af1c611655d2b409a954a6c362394d"},"dob":{"date":"1977-09-17T17:03:24.199Z","age":46},"registered":{"date":"2011-03-31T04:29:22.962Z","age":12},"phone":"029 4487 7126","cell":"07266 680579","id":{"name":"NINO","value":"JB 80 87 60 U"},"picture":{"large":"https://randomuser.me/api/portraits/women/81.jpg","medium":"https://randomuser.me/api/portraits/med/women/81.jpg","thumbnail":"https://randomuser.me/api/portraits/thumb/women/81.jpg"},"nat":"GB"}],"info":{"seed":"9d493f500d400836","results":1,"page":1,"version":"1.4"}} 
 </msg>
<msg time="2024-03-24T23:15:51.647018" level="INFO">/opt/hostedtoolcache/Python/3.12.2/x64/lib/python3.12/site-packages/urllib3/connectionpool.py:1103: InsecureRequestWarning: Unverified HTTPS request is being made to host 'randomuser.me'. Adding certificate verification is strongly advised. See: https://urllib3.readthedocs.io/en/latest/advanced-usage.html#tls-warnings
  warnings.warn(</msg>
<msg time="2024-03-24T23:15:51.647155" level="INFO">${response} = &lt;Response [200]&gt;</msg>
<var>${response}</var>
<arg>consultarAPI</arg>
<arg>/api</arg>
<doc>Sends a GET request on a previously created HTTP Session.</doc>
<status status="PASS" start="2024-03-24T23:15:51.567997" elapsed="0.079208"/>
</kw>
<kw name="Set Variable" owner="BuiltIn">
<msg time="2024-03-24T23:15:51.648484" level="INFO">${json_data} = {'results': [{'gender': 'female', 'name': {'title': 'Mrs', 'first': 'Susie', 'last': 'Gonzalez'}, 'location': {'street': {'number': 3153, 'name': 'Highfield Road'}, 'city': 'Exeter', 'state': 'Northum...</msg>
<var>${json_data}</var>
<arg>${response.json()}</arg>
<doc>Returns the given values which can then be assigned to a variables.</doc>
<status status="PASS" start="2024-03-24T23:15:51.647859" elapsed="0.000655"/>
</kw>
<kw name="Log" owner="BuiltIn">
<msg time="2024-03-24T23:15:51.649025" level="INFO">{'results': [{'gender': 'female', 'name': {'title': 'Mrs', 'first': 'Susie', 'last': 'Gonzalez'}, 'location': {'street': {'number': 3153, 'name': 'Highfield Road'}, 'city': 'Exeter', 'state': 'Northumberland', 'country': 'United Kingdom', 'postcode': 'G11 9JE', 'coordinates': {'latitude': '-10.0758', 'longitude': '2.9945'}, 'timezone': {'offset': '+3:30', 'description': 'Tehran'}}, 'email': 'susie.gonzalez@example.com', 'login': {'uuid': 'e5a9545b-a47e-47ee-bf27-e697d6d0347a', 'username': 'heavywolf465', 'password': 'burly', 'salt': 'rD6C3390', 'md5': '8a06e72038eab6379d05c35e1db04a81', 'sha1': 'c401308024674ae6287c4c8ca715190b0534db07', 'sha256': '55542ed033c23d6252161bda9aadc059b8af1c611655d2b409a954a6c362394d'}, 'dob': {'date': '1977-09-17T17:03:24.199Z', 'age': 46}, 'registered': {'date': '2011-03-31T04:29:22.962Z', 'age': 12}, 'phone': '029 4487 7126', 'cell': '07266 680579', 'id': {'name': 'NINO', 'value': 'JB 80 87 60 U'}, 'picture': {'large': 'https://randomuser.me/api/portraits/women/81.jpg', 'medium': 'https://randomuser.me/api/portraits/med/women/81.jpg', 'thumbnail': 'https://randomuser.me/api/portraits/thumb/women/81.jpg'}, 'nat': 'GB'}], 'info': {'seed': '9d493f500d400836', 'results': 1, 'page': 1, 'version': '1.4'}}</msg>
<arg>${json_data}</arg>
<doc>Logs the given message with the given level.</doc>
<status status="PASS" start="2024-03-24T23:15:51.648859" elapsed="0.000255"/>
</kw>
<kw name="Should Be String" owner="String">
<arg>${json_data['results'][0]['gender']}</arg>
<doc>Fails if the given ``item`` is not a string.</doc>
<status status="PASS" start="2024-03-24T23:15:51.649431" elapsed="0.000388"/>
</kw>
<kw name="Should Match Regexp" owner="BuiltIn">
<arg>${json_data['results'][0]['email']}</arg>
<arg>^[a-zA-Z0-9._%+-]+@[a-zA-Z0-9.-]+\.[a-zA-Z]{2,}$</arg>
<doc>Fails if ``string`` does not match ``pattern`` as a regular expression.</doc>
<status status="PASS" start="2024-03-24T23:15:51.650018" elapsed="0.000529"/>
</kw>
<kw name="Should Match Regexp" owner="BuiltIn">
<arg>${json_data['results'][0]['dob']['date']}</arg>
<arg>\\d{4}-\\d{2}-\\d{2}T\\d{2}:\\d{2}:\\d{2}\\.\\d{3}Z</arg>
<doc>Fails if ``string`` does not match ``pattern`` as a regular expression.</doc>
<status status="PASS" start="2024-03-24T23:15:51.650747" elapsed="0.000500"/>
</kw>
<kw name="Should Match Regexp" owner="BuiltIn">
<arg>${json_data['results'][0]['registered']['date']}</arg>
<arg>\\d{4}-\\d{2}-\\d{2}T\\d{2}:\\d{2}:\\d{2}\\.\\d{3}Z</arg>
<doc>Fails if ``string`` does not match ``pattern`` as a regular expression.</doc>
<status status="PASS" start="2024-03-24T23:15:51.651443" elapsed="0.000375"/>
</kw>
<kw name="Should Match Regexp" owner="BuiltIn">
<arg>${json_data['results'][0]['picture']['large']}</arg>
<arg>^https?://.*\.(?:png|jpe?g|gif|bmp)$</arg>
<doc>Fails if ``string`` does not match ``pattern`` as a regular expression.</doc>
<status status="PASS" start="2024-03-24T23:15:51.652005" elapsed="0.000509"/>
</kw>
<kw name="Should Match Regexp" owner="BuiltIn">
<arg>${json_data['results'][0]['picture']['medium']}</arg>
<arg>^https?://.*\.(?:png|jpe?g|gif|bmp)$</arg>
<doc>Fails if ``string`` does not match ``pattern`` as a regular expression.</doc>
<status status="PASS" start="2024-03-24T23:15:51.652706" elapsed="0.000358"/>
</kw>
<kw name="Should Match Regexp" owner="BuiltIn">
<arg>${json_data['results'][0]['picture']['thumbnail']}</arg>
<arg>^https?://.*\.(?:png|jpe?g|gif|bmp)$</arg>
<doc>Fails if ``string`` does not match ``pattern`` as a regular expression.</doc>
<status status="PASS" start="2024-03-24T23:15:51.653248" elapsed="0.000352"/>
</kw>
<kw name="Log" owner="BuiltIn">
<msg time="2024-03-24T23:15:51.654104" level="INFO">{'large': 'https://randomuser.me/api/portraits/women/81.jpg', 'medium': 'https://randomuser.me/api/portraits/med/women/81.jpg', 'thumbnail': 'https://randomuser.me/api/portraits/thumb/women/81.jpg'}</msg>
<arg>${json_data['results'][0]['picture']}</arg>
<doc>Logs the given message with the given level.</doc>
<status status="PASS" start="2024-03-24T23:15:51.653780" elapsed="0.000370"/>
</kw>
<status status="PASS" start="2024-03-24T23:15:51.567765" elapsed="0.086642"/>
</kw>
<kw name="Teste de Tipos de Dados - Postcode" owner="random-user-service">
<kw name="GET On Session" owner="RequestsLibrary">
<msg time="2024-03-24T23:15:51.753486" level="INFO">GET Request : url=https://randomuser.me/api 
 path_url=/api 
 headers={'User-Agent': 'python-requests/2.31.0', 'Accept-Encoding': 'gzip, deflate', 'Accept': '*/*', 'Connection': 'keep-alive'} 
 body=None 
 </msg>
<msg time="2024-03-24T23:15:51.753578" level="INFO">GET Response : url=https://randomuser.me/api 
 status=200, reason=OK 
 headers={'Date': 'Sun, 24 Mar 2024 23:15:51 GMT', 'Content-Type': 'application/json; charset=utf-8', 'Transfer-Encoding': 'chunked', 'Connection': 'keep-alive', 'X-Powered-By': 'Express', 'Access-Control-Allow-Origin': '*', 'Cache-Control': 'no-cache', 'ETag': 'W/"493-06aeQUbH+jRViQ/oacxMtMuLtAw"', 'Vary': 'Accept-Encoding', 'Content-Encoding': 'gzip', 'CF-Cache-Status': 'DYNAMIC', 'Report-To': '{"endpoints":[{"url":"https:\\/\\/a.nel.cloudflare.com\\/report\\/v4?s=jGxFpyB5ZV68LNO2gEo0E7FGn%2BlBIbr0hpFV7Z8GUqPYmeeINnhP9Ce%2BaqSrA6ILBSOqO9mOGeXSAdny%2Bu2%2FsPgLrR5iFhKYUwkWkFr6Mu0nD5aUcTZCZv2UspgCgaad"}],"group":"cf-nel","max_age":604800}', 'NEL': '{"success_fraction":0,"report_to":"cf-nel","max_age":604800}', 'Server': 'cloudflare', 'CF-RAY': '869a5d97da520850-IAD', 'alt-svc': 'h3=":443"; ma=86400'} 
 body={"results":[{"gender":"male","name":{"title":"Mr","first":"بنیامین","last":"علیزاده"},"location":{"street":{"number":6693,"name":"مصطفی خمینی"},"city":"قم","state":"قم","country":"Iran","postcode":24093,"coordinates":{"latitude":"13.7635","longitude":"-85.2282"},"timezone":{"offset":"+9:00","description":"Tokyo, Seoul, Osaka, Sapporo, Yakutsk"}},"email":"bnymyn.aalyzdh@example.com","login":{"uuid":"47ea9b92-52a3-4b40-a809-f170a3eb2c79","username":"beautifullion952","password":"kittycat","salt":"ulOoTtcl","md5":"8c00726c5dbf074504fcd0fcb5200848","sha1":"3712fc8851c907b6838199c10b7117ce35c9aa53","sha256":"ad3df334f482b32f28f3d204c3930286ea2d9fe267303dbe2e7afa36bed96fe1"},"dob":{"date":"1948-09-25T17:33:24.712Z","age":75},"registered":{"date":"2011-05-09T18:13:24.428Z","age":12},"phone":"062-87174514","cell":"0903-305-0076","id":{"name":"","value":null},"picture":{"large":"https://randomuser.me/api/portraits/men/2.jpg","medium":"https://randomuser.me/api/portraits/med/men/2.jpg","thumbnail":"https://randomuser.me/api/portraits/thumb/men/2.jpg"},"nat":"IR"}],"info":{"seed":"40a21b743d822800","results":1,"page":1,"version":"1.4"}} 
 </msg>
<msg time="2024-03-24T23:15:51.753672" level="INFO">/opt/hostedtoolcache/Python/3.12.2/x64/lib/python3.12/site-packages/urllib3/connectionpool.py:1103: InsecureRequestWarning: Unverified HTTPS request is being made to host 'randomuser.me'. Adding certificate verification is strongly advised. See: https://urllib3.readthedocs.io/en/latest/advanced-usage.html#tls-warnings
  warnings.warn(</msg>
<msg time="2024-03-24T23:15:51.753799" level="INFO">${response} = &lt;Response [200]&gt;</msg>
<var>${response}</var>
<arg>consultarAPI</arg>
<arg>/api</arg>
<doc>Sends a GET request on a previously created HTTP Session.</doc>
<status status="PASS" start="2024-03-24T23:15:51.655015" elapsed="0.098833"/>
</kw>
<kw name="Set Variable" owner="BuiltIn">
<msg time="2024-03-24T23:15:51.755040" level="INFO">${json_data} = {'results': [{'gender': 'male', 'name': {'title': 'Mr', 'first': 'بنیامین', 'last': 'علیزاده'}, 'location': {'street': {'number': 6693, 'name': 'مصطفی خمینی'}, 'city': 'قم', 'state': 'قم', 'country': ...</msg>
<var>${json_data}</var>
<arg>${response.json()}</arg>
<doc>Returns the given values which can then be assigned to a variables.</doc>
<status status="PASS" start="2024-03-24T23:15:51.754440" elapsed="0.000632"/>
</kw>
<kw name="Log" owner="BuiltIn">
<msg time="2024-03-24T23:15:51.755566" level="INFO">{'results': [{'gender': 'male', 'name': {'title': 'Mr', 'first': 'بنیامین', 'last': 'علیزاده'}, 'location': {'street': {'number': 6693, 'name': 'مصطفی خمینی'}, 'city': 'قم', 'state': 'قم', 'country': 'Iran', 'postcode': 24093, 'coordinates': {'latitude': '13.7635', 'longitude': '-85.2282'}, 'timezone': {'offset': '+9:00', 'description': 'Tokyo, Seoul, Osaka, Sapporo, Yakutsk'}}, 'email': 'bnymyn.aalyzdh@example.com', 'login': {'uuid': '47ea9b92-52a3-4b40-a809-f170a3eb2c79', 'username': 'beautifullion952', 'password': 'kittycat', 'salt': 'ulOoTtcl', 'md5': '8c00726c5dbf074504fcd0fcb5200848', 'sha1': '3712fc8851c907b6838199c10b7117ce35c9aa53', 'sha256': 'ad3df334f482b32f28f3d204c3930286ea2d9fe267303dbe2e7afa36bed96fe1'}, 'dob': {'date': '1948-09-25T17:33:24.712Z', 'age': 75}, 'registered': {'date': '2011-05-09T18:13:24.428Z', 'age': 12}, 'phone': '062-87174514', 'cell': '0903-305-0076', 'id': {'name': '', 'value': None}, 'picture': {'large': 'https://randomuser.me/api/portraits/men/2.jpg', 'medium': 'https://randomuser.me/api/portraits/med/men/2.jpg', 'thumbnail': 'https://randomuser.me/api/portraits/thumb/men/2.jpg'}, 'nat': 'IR'}], 'info': {'seed': '40a21b743d822800', 'results': 1, 'page': 1, 'version': '1.4'}}</msg>
<arg>${json_data}</arg>
<doc>Logs the given message with the given level.</doc>
<status status="PASS" start="2024-03-24T23:15:51.755402" elapsed="0.000247"/>
</kw>
<kw name="Should Be Equal As Numbers" owner="BuiltIn">
<arg>${json_data['results'][0]['location']['postcode']}</arg>
<arg>${json_data['results'][0]['location']['postcode']}</arg>
<doc>Fails if objects are unequal after converting them to real numbers.</doc>
<status status="PASS" start="2024-03-24T23:15:51.755956" elapsed="0.000715"/>
</kw>
<kw name="Log" owner="BuiltIn">
<msg time="2024-03-24T23:15:51.757207" level="INFO">24093</msg>
<arg>${json_data['results'][0]['location']['postcode']}</arg>
<doc>Logs the given message with the given level.</doc>
<status status="PASS" start="2024-03-24T23:15:51.756866" elapsed="0.000382"/>
</kw>
<status status="PASS" start="2024-03-24T23:15:51.654634" elapsed="0.102869"/>
</kw>
<doc>Testa se os tipos de dados na resposta da API estão corretos.</doc>
<tag>testeTiposDados</tag>
<status status="PASS" start="2024-03-24T23:15:51.567190" elapsed="0.190487"/>
</test>
<test id="s1-s1-t5" name="Validar conteudo" line="35">
<kw name="Teste de Tipos de Conteudo" owner="random-user-service">
<kw name="GET On Session" owner="RequestsLibrary">
<msg time="2024-03-24T23:15:51.867918" level="INFO">GET Request : url=https://randomuser.me/api 
 path_url=/api 
 headers={'User-Agent': 'python-requests/2.31.0', 'Accept-Encoding': 'gzip, deflate', 'Accept': '*/*', 'Connection': 'keep-alive'} 
 body=None 
 </msg>
<msg time="2024-03-24T23:15:51.868029" level="INFO">GET Response : url=https://randomuser.me/api 
 status=200, reason=OK 
 headers={'Date': 'Sun, 24 Mar 2024 23:15:51 GMT', 'Content-Type': 'application/json; charset=utf-8', 'Transfer-Encoding': 'chunked', 'Connection': 'keep-alive', 'X-Powered-By': 'Express', 'Access-Control-Allow-Origin': '*', 'Cache-Control': 'no-cache', 'ETag': 'W/"4a6-hUsWiZMW1TKHL/0N7v0Z02N3ZWc"', 'Vary': 'Accept-Encoding', 'Content-Encoding': 'gzip', 'CF-Cache-Status': 'DYNAMIC', 'Report-To': '{"endpoints":[{"url":"https:\\/\\/a.nel.cloudflare.com\\/report\\/v4?s=xNqeQ29GfIYhGvrTMQ5kxSrzV3DMcL2VZQ3TUpHfox6Ld3XLw1ml8V1j1eOUWVLZI%2FCWhJQKrc%2FzQyrKU4uxpcDq3gq93vp3CTOzl1O%2BcdtPIo45aeDNASTsuhbLUYko"}],"group":"cf-nel","max_age":604800}', 'NEL': '{"success_fraction":0,"report_to":"cf-nel","max_age":604800}', 'Server': 'cloudflare', 'CF-RAY': '869a5d988b0c0850-IAD', 'alt-svc': 'h3=":443"; ma=86400'} 
 body={"results":[{"gender":"female","name":{"title":"Ms","first":"Laura","last":"Blanco"},"location":{"street":{"number":5754,"name":"Peatonal Sánchez"},"city":"Cancún","state":"Quintana Roo","country":"Mexico","postcode":48045,"coordinates":{"latitude":"28.5691","longitude":"120.7564"},"timezone":{"offset":"+8:00","description":"Beijing, Perth, Singapore, Hong Kong"}},"email":"laura.blanco@example.com","login":{"uuid":"81ed9c1b-6bb5-4d1d-8788-1df4f7b819be","username":"orangebutterfly863","password":"liquid","salt":"TSw2h3rD","md5":"55fd770548281733ec7604ec130e7e47","sha1":"e011409b400ebd02fd8fe405a9d2c927ef4cfebc","sha256":"7251e98b2b60a485b0dc3e94ee9d9b4c654fabbd061263fb45a5e3abc97662bc"},"dob":{"date":"1999-03-26T17:04:43.207Z","age":24},"registered":{"date":"2007-08-23T18:22:27.240Z","age":16},"phone":"(647) 516 7917","cell":"(691) 295 5369","id":{"name":"NSS","value":"10 21 62 1123 6"},"picture":{"large":"https://randomuser.me/api/portraits/women/94.jpg","medium":"https://randomuser.me/api/portraits/med/women/94.jpg","thumbnail":"https://randomuser.me/api/portraits/thumb/women/94.jpg"},"nat":"MX"}],"info":{"seed":"54471910c17d5e4b","results":1,"page":1,"version":"1.4"}} 
 </msg>
<msg time="2024-03-24T23:15:51.868111" level="INFO">/opt/hostedtoolcache/Python/3.12.2/x64/lib/python3.12/site-packages/urllib3/connectionpool.py:1103: InsecureRequestWarning: Unverified HTTPS request is being made to host 'randomuser.me'. Adding certificate verification is strongly advised. See: https://urllib3.readthedocs.io/en/latest/advanced-usage.html#tls-warnings
  warnings.warn(</msg>
<msg time="2024-03-24T23:15:51.868275" level="INFO">${response} = &lt;Response [200]&gt;</msg>
<var>${response}</var>
<arg>consultarAPI</arg>
<arg>/api</arg>
<doc>Sends a GET request on a previously created HTTP Session.</doc>
<status status="PASS" start="2024-03-24T23:15:51.760231" elapsed="0.108086"/>
</kw>
<kw name="Set Variable" owner="BuiltIn">
<msg time="2024-03-24T23:15:51.869554" level="INFO">${json_data} = {'results': [{'gender': 'female', 'name': {'title': 'Ms', 'first': 'Laura', 'last': 'Blanco'}, 'location': {'street': {'number': 5754, 'name': 'Peatonal Sánchez'}, 'city': 'Cancún', 'state': 'Quintana...</msg>
<var>${json_data}</var>
<arg>${response.json()}</arg>
<doc>Returns the given values which can then be assigned to a variables.</doc>
<status status="PASS" start="2024-03-24T23:15:51.868954" elapsed="0.000628"/>
</kw>
<kw name="Set Variable" owner="BuiltIn">
<msg time="2024-03-24T23:15:51.870271" level="INFO">${name_title} = Ms</msg>
<var>${name_title}</var>
<arg>${json_data["results"][0]["name"]["title"]}</arg>
<doc>Returns the given values which can then be assigned to a variables.</doc>
<status status="PASS" start="2024-03-24T23:15:51.869889" elapsed="0.000407"/>
</kw>
<kw name="Create List" owner="BuiltIn">
<msg time="2024-03-24T23:15:51.870736" level="INFO">${allowed_titles} = ['Mr', 'Ms', 'Miss', 'Mrs', 'Madame', 'Monsieur']</msg>
<var>${allowed_titles}</var>
<arg>Mr</arg>
<arg>Ms</arg>
<arg>Miss</arg>
<arg>Mrs</arg>
<arg>Madame</arg>
<arg>Monsieur</arg>
<doc>Returns a list containing given items.</doc>
<status status="PASS" start="2024-03-24T23:15:51.870588" elapsed="0.000171"/>
</kw>
<kw name="List Should Contain Value" owner="Collections">
<msg time="2024-03-24T23:15:51.871236" level="INFO">False</msg>
<arg>${allowed_titles}</arg>
<arg>${name_title}</arg>
<doc>Fails if the ``value`` is not found from ``list``.</doc>
<status status="PASS" start="2024-03-24T23:15:51.871060" elapsed="0.000213"/>
</kw>
<kw name="Set Variable" owner="BuiltIn">
<msg time="2024-03-24T23:15:51.871935" level="INFO">${name_country} = MX</msg>
<var>${name_country}</var>
<arg>${json_data["results"][0]["nat"]}</arg>
<doc>Returns the given values which can then be assigned to a variables.</doc>
<status status="PASS" start="2024-03-24T23:15:51.871556" elapsed="0.000404"/>
</kw>
<kw name="Create List" owner="BuiltIn">
<msg time="2024-03-24T23:15:51.872907" level="INFO">${list_country} = ['AD', 'AE', 'AF', 'AG', 'AI', 'AL', 'AM', 'AO', 'AQ', 'AR', 'AS', 'AT', 'AU', 'AW', 'AX', 'AZ', 'BA', 'BB', 'BD', 'BE', 'BF', 'BG', 'BH', 'BI', 'BJ', 'BL', 'BM', 'BN', 'BO', 'BQ', 'BR', 'BS', 'BT', '...</msg>
<var>${list_country}</var>
<arg>AD</arg>
<arg>AE</arg>
<arg>AF</arg>
<arg>AG</arg>
<arg>AI</arg>
<arg>AL</arg>
<arg>AM</arg>
<arg>AO</arg>
<arg>AQ</arg>
<arg>AR</arg>
<arg>AS</arg>
<arg>AT</arg>
<arg>AU</arg>
<arg>AW</arg>
<arg>AX</arg>
<arg>AZ</arg>
<arg>BA</arg>
<arg>BB</arg>
<arg>BD</arg>
<arg>BE</arg>
<arg>BF</arg>
<arg>BG</arg>
<arg>BH</arg>
<arg>BI</arg>
<arg>BJ</arg>
<arg>BL</arg>
<arg>BM</arg>
<arg>BN</arg>
<arg>BO</arg>
<arg>BQ</arg>
<arg>BR</arg>
<arg>BS</arg>
<arg>BT</arg>
<arg>BV</arg>
<arg>BW</arg>
<arg>BY</arg>
<arg>BZ</arg>
<arg>CA</arg>
<arg>CC</arg>
<arg>CD</arg>
<arg>CF</arg>
<arg>CG</arg>
<arg>CH</arg>
<arg>CI</arg>
<arg>CK</arg>
<arg>CL</arg>
<arg>CM</arg>
<arg>CN</arg>
<arg>CO</arg>
<arg>CR</arg>
<arg>CU</arg>
<arg>CV</arg>
<arg>CW</arg>
<arg>CX</arg>
<arg>CY</arg>
<arg>CZ</arg>
<arg>DE</arg>
<arg>DJ</arg>
<arg>DK</arg>
<arg>DM</arg>
<arg>DO</arg>
<arg>DZ</arg>
<arg>EC</arg>
<arg>EE</arg>
<arg>EG</arg>
<arg>EH</arg>
<arg>ER</arg>
<arg>ES</arg>
<arg>ET</arg>
<arg>FI</arg>
<arg>FJ</arg>
<arg>FK</arg>
<arg>FM</arg>
<arg>FO</arg>
<arg>FR</arg>
<arg>GA</arg>
<arg>GB</arg>
<arg>GD</arg>
<arg>GE</arg>
<arg>GF</arg>
<arg>GG</arg>
<arg>GH</arg>
<arg>GI</arg>
<arg>GL</arg>
<arg>GM</arg>
<arg>GN</arg>
<arg>GP</arg>
<arg>GQ</arg>
<arg>GR</arg>
<arg>GS</arg>
<arg>GT</arg>
<arg>GU</arg>
<arg>GW</arg>
<arg>GY</arg>
<arg>HK</arg>
<arg>HM</arg>
<arg>HN</arg>
<arg>HR</arg>
<arg>HT</arg>
<arg>HU</arg>
<arg>ID</arg>
<arg>IE</arg>
<arg>IL</arg>
<arg>IM</arg>
<arg>IN</arg>
<arg>IO</arg>
<arg>IQ</arg>
<arg>IR</arg>
<arg>IS</arg>
<arg>IT</arg>
<arg>JE</arg>
<arg>JM</arg>
<arg>JO</arg>
<arg>JP</arg>
<arg>KE</arg>
<arg>KG</arg>
<arg>KH</arg>
<arg>KI</arg>
<arg>KM</arg>
<arg>KN</arg>
<arg>KP</arg>
<arg>KR</arg>
<arg>KW</arg>
<arg>KY</arg>
<arg>KZ</arg>
<arg>LA</arg>
<arg>LB</arg>
<arg>LC</arg>
<arg>LI</arg>
<arg>LK</arg>
<arg>LR</arg>
<arg>LS</arg>
<arg>LT</arg>
<arg>LU</arg>
<arg>LV</arg>
<arg>LY</arg>
<arg>MA</arg>
<arg>MC</arg>
<arg>MD</arg>
<arg>ME</arg>
<arg>MF</arg>
<arg>MG</arg>
<arg>MH</arg>
<arg>MK</arg>
<arg>ML</arg>
<arg>MM</arg>
<arg>MN</arg>
<arg>MO</arg>
<arg>MP</arg>
<arg>MQ</arg>
<arg>MR</arg>
<arg>MS</arg>
<arg>MT</arg>
<arg>MU</arg>
<arg>MV</arg>
<arg>MW</arg>
<arg>MX</arg>
<arg>MY</arg>
<arg>MZ</arg>
<arg>NA</arg>
<arg>NC</arg>
<arg>NE</arg>
<arg>NF</arg>
<arg>NG</arg>
<arg>NI</arg>
<arg>NL</arg>
<arg>NO</arg>
<arg>NP</arg>
<arg>NR</arg>
<arg>NU</arg>
<arg>NZ</arg>
<arg>OM</arg>
<arg>PA</arg>
<arg>PE</arg>
<arg>PF</arg>
<arg>PG</arg>
<arg>PH</arg>
<arg>PK</arg>
<arg>PL</arg>
<arg>PM</arg>
<arg>PN</arg>
<arg>PR</arg>
<arg>PS</arg>
<arg>PT</arg>
<arg>PW</arg>
<arg>PY</arg>
<arg>QA</arg>
<arg>RE</arg>
<arg>RO</arg>
<arg>RS</arg>
<arg>RU</arg>
<arg>RW</arg>
<arg>SA</arg>
<arg>SB</arg>
<arg>SC</arg>
<arg>SD</arg>
<arg>SE</arg>
<arg>SG</arg>
<arg>SH</arg>
<arg>SI</arg>
<arg>SJ</arg>
<arg>SK</arg>
<arg>SL</arg>
<arg>SM</arg>
<arg>SN</arg>
<arg>SO</arg>
<arg>SR</arg>
<arg>SS</arg>
<arg>ST</arg>
<arg>SV</arg>
<arg>SX</arg>
<arg>SY</arg>
<arg>SZ</arg>
<arg>TC</arg>
<arg>TD</arg>
<arg>TF</arg>
<arg>TG</arg>
<arg>TH</arg>
<arg>TJ</arg>
<arg>TK</arg>
<arg>TL</arg>
<arg>TM</arg>
<arg>TN</arg>
<arg>TO</arg>
<arg>TR</arg>
<arg>TT</arg>
<arg>TV</arg>
<arg>TW</arg>
<arg>TZ</arg>
<arg>UA</arg>
<arg>UG</arg>
<arg>UM</arg>
<arg>US</arg>
<arg>UY</arg>
<arg>UZ</arg>
<arg>VA</arg>
<arg>VC</arg>
<arg>VE</arg>
<arg>VG</arg>
<arg>VI</arg>
<arg>VN</arg>
<arg>VU</arg>
<arg>WF</arg>
<arg>WS</arg>
<arg>XK</arg>
<arg>YE</arg>
<arg>YT</arg>
<arg>ZA</arg>
<arg>ZM</arg>
<arg>ZW</arg>
<doc>Returns a list containing given items.</doc>
<status status="PASS" start="2024-03-24T23:15:51.872296" elapsed="0.000637"/>
</kw>
<kw name="List Should Contain Value" owner="Collections">
<msg time="2024-03-24T23:15:51.874050" level="INFO">False</msg>
<arg>${list_country}</arg>
<arg>${name_country}</arg>
<doc>Fails if the ``value`` is not found from ``list``.</doc>
<status status="PASS" start="2024-03-24T23:15:51.873846" elapsed="0.000241"/>
</kw>
<kw name="Run Keyword If" owner="BuiltIn">
<kw name="Should Be True" owner="BuiltIn">
<arg>${True}</arg>
<doc>Fails if the given condition is not true.</doc>
<status status="PASS" start="2024-03-24T23:15:51.875169" elapsed="0.000148"/>
</kw>
<arg>${json_data["results"][0]["location"]["coordinates"]["latitude"]} &gt;= -90 and ${json_data["results"][0]["location"]["coordinates"]["latitude"]} &lt;= 90</arg>
<arg>Should Be True</arg>
<arg>${True}</arg>
<doc>Runs the given keyword with the given arguments, if ``condition`` is true.</doc>
<status status="PASS" start="2024-03-24T23:15:51.874396" elapsed="0.001052"/>
</kw>
<kw name="Run Keyword If" owner="BuiltIn">
<kw name="Should Be True" owner="BuiltIn">
<arg>${True}</arg>
<doc>Fails if the given condition is not true.</doc>
<status status="PASS" start="2024-03-24T23:15:51.876364" elapsed="0.000143"/>
</kw>
<arg>${json_data["results"][0]["location"]["coordinates"]["longitude"]} &gt;= -180 and ${json_data["results"][0]["location"]["coordinates"]["longitude"]} &lt;= 180</arg>
<arg>Should Be True</arg>
<arg>${True}</arg>
<doc>Runs the given keyword with the given arguments, if ``condition`` is true.</doc>
<status status="PASS" start="2024-03-24T23:15:51.875633" elapsed="0.000999"/>
</kw>
<status status="PASS" start="2024-03-24T23:15:51.759995" elapsed="0.116768"/>
</kw>
<doc>Testa o conteúdo específico dos campos retornados pela API.</doc>
<tag>testeConteudo</tag>
<status status="PASS" start="2024-03-24T23:15:51.759439" elapsed="0.117481"/>
</test>
<status status="PASS" start="2024-03-24T23:15:51.065730" elapsed="0.813172"/>
</suite>
<status status="PASS" start="2024-03-24T23:15:51.051805" elapsed="0.832403"/>
</suite>
<statistics>
<total>
<stat pass="5" fail="0" skip="0">All Tests</stat>
</total>
<tag>
<stat pass="1" fail="0" skip="0">testeConteudo</stat>
<stat pass="1" fail="0" skip="0">testeEstruturaResposta</stat>
<stat pass="1" fail="0" skip="0">testeRequisicaoBasica</stat>
<stat pass="1" fail="0" skip="0">testeTiposDados</stat>
</tag>
<suite>
<stat pass="5" fail="0" skip="0" id="s1" name="Tests">Tests</stat>
<stat pass="5" fail="0" skip="0" id="s1-s1" name="Random-User-Test">Tests.Random-User-Test</stat>
</suite>
</statistics>
<errors>
</errors>
</robot>
