<?xml version="1.0" encoding="UTF-8"?>
<robot generator="Robot 7.0 (Python 3.12.3 on linux)" generated="2024-06-02T20:14:23.907042" rpa="false" schemaversion="5">
<suite id="s1" name="Tests" source="/home/runner/work/ApiRandomUser/ApiRandomUser/RamdonUser/tests">
<suite id="s1-s1" name="Random-User-Test" source="/home/runner/work/ApiRandomUser/ApiRandomUser/RamdonUser/tests/random-user-test.robot">
<test id="s1-s1-t1" name="Conectar" line="13">
<kw name="Conectar API" owner="random-user-service">
<kw name="Create Session" owner="RequestsLibrary">
<msg time="2024-06-02T20:14:24.293701" level="INFO">Creating Session using : alias=consultarAPI, url=https://randomuser.me/, headers={},                     cookies={}, auth=None, timeout=None, proxies=None, verify=False,                     debug=0 </msg>
<arg>consultarAPI</arg>
<arg>${URL}</arg>
<doc>Create Session: create a HTTP session to a server</doc>
<status status="PASS" start="2024-06-02T20:14:24.293503" elapsed="0.000373"/>
</kw>
<status status="PASS" start="2024-06-02T20:14:24.292527" elapsed="0.001721"/>
</kw>
<status status="PASS" start="2024-06-02T20:14:24.291921" elapsed="0.002532"/>
</test>
<test id="s1-s1-t2" name="Validar retorno 200 e JSON Válido" line="16">
<kw name="Teste de Requisicao Basica" owner="random-user-service">
<kw name="GET On Session" owner="RequestsLibrary">
<msg time="2024-06-02T20:14:24.580066" level="INFO">GET Request : url=https://randomuser.me/api 
 path_url=/api 
 headers={'User-Agent': 'python-requests/2.32.3', 'Accept-Encoding': 'gzip, deflate', 'Accept': '*/*', 'Connection': 'keep-alive'} 
 body=None 
 </msg>
<msg time="2024-06-02T20:14:24.580216" level="INFO">GET Response : url=https://randomuser.me/api 
 status=200, reason=OK 
 headers={'Date': 'Sun, 02 Jun 2024 20:14:24 GMT', 'Content-Type': 'application/json; charset=utf-8', 'Transfer-Encoding': 'chunked', 'Connection': 'keep-alive', 'X-Powered-By': 'Express', 'Access-Control-Allow-Origin': '*', 'Cache-Control': 'no-cache', 'ETag': 'W/"4a3-CAKjBqpstjk4FXhkAenNhL+jCgs"', 'Vary': 'Accept-Encoding', 'Content-Encoding': 'gzip', 'CF-Cache-Status': 'DYNAMIC', 'Report-To': '{"endpoints":[{"url":"https:\\/\\/a.nel.cloudflare.com\\/report\\/v4?s=udnyjyo%2BkXiZhoNerymJg8idANXCyUHIVWB8LcdGeyUFgUBoY7BADa%2FV1Ow9dAkeDWqiJIi%2F8Fz46GM%2BzjTdpN%2FxX%2BNhEYDaNkiZr7Mhl3WbxsFLu%2FZcLQe2fddYUCxt"}],"group":"cf-nel","max_age":604800}', 'NEL': '{"success_fraction":0,"report_to":"cf-nel","max_age":604800}', 'Server': 'cloudflare', 'CF-RAY': '88da1c0afd4b0d58-LAX', 'alt-svc': 'h3=":443"; ma=86400'} 
 body={"results":[{"gender":"female","name":{"title":"Miss","first":"Estella","last":"Menheere"},"location":{"street":{"number":7247,"name":"Berfloplein"},"city":"Sevenum","state":"Flevoland","country":"Netherlands","postcode":"0134 OL","coordinates":{"latitude":"37.3830","longitude":"26.7122"},"timezone":{"offset":"-5:00","description":"Eastern Time (US &amp; Canada), Bogota, Lima"}},"email":"estella.menheere@example.com","login":{"uuid":"4734b2c2-4bb0-44e1-8d05-4abda276111e","username":"greenfish709","password":"134679","salt":"QTbr3fs1","md5":"411042379a178c67d269f58533ecbc3b","sha1":"bbd116ddfd8edfcebefa381d4538462f53c6b8db","sha256":"008d2c308aea3422acfcc82c0bcafe427c91402df992f44ac396b28d95a9a753"},"dob":{"date":"1983-10-24T11:23:32.076Z","age":40},"registered":{"date":"2019-08-27T22:34:05.033Z","age":4},"phone":"(014) 3101906","cell":"(06) 04037384","id":{"name":"BSN","value":"71302674"},"picture":{"large":"https://randomuser.me/api/portraits/women/61.jpg","medium":"https://randomuser.me/api/portraits/med/women/61.jpg","thumbnail":"https://randomuser.me/api/portraits/thumb/women/61.jpg"},"nat":"NL"}],"info":{"seed":"ad30975855eed4e9","results":1,"page":1,"version":"1.4"}} 
 </msg>
<msg time="2024-06-02T20:14:24.580297" level="INFO">/opt/hostedtoolcache/Python/3.12.3/x64/lib/python3.12/site-packages/urllib3/connectionpool.py:1103: InsecureRequestWarning: Unverified HTTPS request is being made to host 'randomuser.me'. Adding certificate verification is strongly advised. See: https://urllib3.readthedocs.io/en/latest/advanced-usage.html#tls-warnings
  warnings.warn(</msg>
<msg time="2024-06-02T20:14:24.580463" level="INFO">${response} = &lt;Response [200]&gt;</msg>
<var>${response}</var>
<arg>consultarAPI</arg>
<arg>/api</arg>
<doc>Sends a GET request on a previously created HTTP Session.</doc>
<status status="PASS" start="2024-06-02T20:14:24.297085" elapsed="0.283417"/>
</kw>
<kw name="Should Be Equal As Numbers" owner="BuiltIn">
<msg time="2024-06-02T20:14:24.581556" level="INFO">Argument types are:
&lt;class 'int'&gt;
&lt;class 'str'&gt;</msg>
<arg>${response.status_code}</arg>
<arg>200</arg>
<doc>Fails if objects are unequal after converting them to real numbers.</doc>
<status status="PASS" start="2024-06-02T20:14:24.581106" elapsed="0.000514"/>
</kw>
<kw name="Log" owner="BuiltIn">
<msg time="2024-06-02T20:14:24.582307" level="INFO">200</msg>
<arg>${response.status_code}</arg>
<doc>Logs the given message with the given level.</doc>
<status status="PASS" start="2024-06-02T20:14:24.581957" elapsed="0.000398"/>
</kw>
<kw name="Set Variable" owner="BuiltIn">
<msg time="2024-06-02T20:14:24.583093" level="INFO">${json_data} = {'results': [{'gender': 'female', 'name': {'title': 'Miss', 'first': 'Estella', 'last': 'Menheere'}, 'location': {'street': {'number': 7247, 'name': 'Berfloplein'}, 'city': 'Sevenum', 'state': 'Flevol...</msg>
<var>${json_data}</var>
<arg>${response.json()}</arg>
<doc>Returns the given values which can then be assigned to a variables.</doc>
<status status="PASS" start="2024-06-02T20:14:24.582660" elapsed="0.000461"/>
</kw>
<kw name="Dictionary Should Contain Key" owner="Collections">
<msg time="2024-06-02T20:14:24.583584" level="INFO">False</msg>
<arg>${json_data}</arg>
<arg>results</arg>
<doc>Fails if ``key`` is not found from ``dictionary``.</doc>
<status status="PASS" start="2024-06-02T20:14:24.583418" elapsed="0.000204"/>
</kw>
<status status="PASS" start="2024-06-02T20:14:24.296844" elapsed="0.287030"/>
</kw>
<doc>Testa se a API responde corretamente e retorna um objeto JSON válido.</doc>
<tag>testeRequisicaoBasica</tag>
<status status="PASS" start="2024-06-02T20:14:24.296308" elapsed="0.287748"/>
</test>
<test id="s1-s1-t3" name="Validar estrutura de resposta" line="22">
<kw name="Teste de Estrutura de Resposta" owner="random-user-service">
<kw name="GET On Session" owner="RequestsLibrary">
<msg time="2024-06-02T20:14:24.689883" level="INFO">GET Request : url=https://randomuser.me/api 
 path_url=/api 
 headers={'User-Agent': 'python-requests/2.32.3', 'Accept-Encoding': 'gzip, deflate', 'Accept': '*/*', 'Connection': 'keep-alive'} 
 body=None 
 </msg>
<msg time="2024-06-02T20:14:24.689950" level="INFO">GET Response : url=https://randomuser.me/api 
 status=200, reason=OK 
 headers={'Date': 'Sun, 02 Jun 2024 20:14:24 GMT', 'Content-Type': 'application/json; charset=utf-8', 'Transfer-Encoding': 'chunked', 'Connection': 'keep-alive', 'X-Powered-By': 'Express', 'Access-Control-Allow-Origin': '*', 'Cache-Control': 'no-cache', 'ETag': 'W/"479-QxaLmcWiIZTmNp+w2NxoCr0fJsY"', 'Vary': 'Accept-Encoding', 'Content-Encoding': 'gzip', 'CF-Cache-Status': 'DYNAMIC', 'Report-To': '{"endpoints":[{"url":"https:\\/\\/a.nel.cloudflare.com\\/report\\/v4?s=GkmaaLoC2UnWBzDYpW7BaS63St4Ry4iN69FMuS5Hvqih1VnE8wjcxuNdMOnD1cLSGPICUM2q8uWSN%2Ftf3t9bFOjqGUvwaZgGGo2lVUwFcwAaR1RZx3AeAnTcrLGAorTG"}],"group":"cf-nel","max_age":604800}', 'NEL': '{"success_fraction":0,"report_to":"cf-nel","max_age":604800}', 'Server': 'cloudflare', 'CF-RAY': '88da1c0bbddd0d58-LAX', 'alt-svc': 'h3=":443"; ma=86400'} 
 body={"results":[{"gender":"male","name":{"title":"Mr","first":"Roman","last":"Thomas"},"location":{"street":{"number":1592,"name":"Balmoral Road"},"city":"Napier","state":"Northland","country":"New Zealand","postcode":94225,"coordinates":{"latitude":"49.6799","longitude":"-11.9772"},"timezone":{"offset":"-11:00","description":"Midway Island, Samoa"}},"email":"roman.thomas@example.com","login":{"uuid":"db12078e-f9b4-4c7c-969d-9e13075767e0","username":"purplesnake640","password":"hamburg","salt":"9LSqVEWg","md5":"28ca887021d62e9f733e332527a3a42e","sha1":"78e303857854366a1f2f6be6efa019b70472bb3b","sha256":"2823d9f435639fd5cb590af2f311a7f44e436d9a4ce98278aebbd412c255e40f"},"dob":{"date":"1996-06-09T17:21:40.928Z","age":27},"registered":{"date":"2004-08-31T06:06:21.086Z","age":19},"phone":"(043)-434-9089","cell":"(887)-248-9549","id":{"name":"","value":null},"picture":{"large":"https://randomuser.me/api/portraits/men/24.jpg","medium":"https://randomuser.me/api/portraits/med/men/24.jpg","thumbnail":"https://randomuser.me/api/portraits/thumb/men/24.jpg"},"nat":"NZ"}],"info":{"seed":"a73c5198de735b5a","results":1,"page":1,"version":"1.4"}} 
 </msg>
<msg time="2024-06-02T20:14:24.690043" level="INFO">/opt/hostedtoolcache/Python/3.12.3/x64/lib/python3.12/site-packages/urllib3/connectionpool.py:1103: InsecureRequestWarning: Unverified HTTPS request is being made to host 'randomuser.me'. Adding certificate verification is strongly advised. See: https://urllib3.readthedocs.io/en/latest/advanced-usage.html#tls-warnings
  warnings.warn(</msg>
<msg time="2024-06-02T20:14:24.690135" level="INFO">${response} = &lt;Response [200]&gt;</msg>
<var>${response}</var>
<arg>consultarAPI</arg>
<arg>/api</arg>
<doc>Sends a GET request on a previously created HTTP Session.</doc>
<status status="PASS" start="2024-06-02T20:14:24.586628" elapsed="0.103532"/>
</kw>
<kw name="Set Variable" owner="BuiltIn">
<msg time="2024-06-02T20:14:24.691011" level="INFO">${json_data} = {'results': [{'gender': 'male', 'name': {'title': 'Mr', 'first': 'Roman', 'last': 'Thomas'}, 'location': {'street': {'number': 1592, 'name': 'Balmoral Road'}, 'city': 'Napier', 'state': 'Northland', '...</msg>
<var>${json_data}</var>
<arg>${response.json()}</arg>
<doc>Returns the given values which can then be assigned to a variables.</doc>
<status status="PASS" start="2024-06-02T20:14:24.690553" elapsed="0.000486"/>
</kw>
<kw name="Log" owner="BuiltIn">
<msg time="2024-06-02T20:14:24.691503" level="INFO">{'results': [{'gender': 'male', 'name': {'title': 'Mr', 'first': 'Roman', 'last': 'Thomas'}, 'location': {'street': {'number': 1592, 'name': 'Balmoral Road'}, 'city': 'Napier', 'state': 'Northland', 'country': 'New Zealand', 'postcode': 94225, 'coordinates': {'latitude': '49.6799', 'longitude': '-11.9772'}, 'timezone': {'offset': '-11:00', 'description': 'Midway Island, Samoa'}}, 'email': 'roman.thomas@example.com', 'login': {'uuid': 'db12078e-f9b4-4c7c-969d-9e13075767e0', 'username': 'purplesnake640', 'password': 'hamburg', 'salt': '9LSqVEWg', 'md5': '28ca887021d62e9f733e332527a3a42e', 'sha1': '78e303857854366a1f2f6be6efa019b70472bb3b', 'sha256': '2823d9f435639fd5cb590af2f311a7f44e436d9a4ce98278aebbd412c255e40f'}, 'dob': {'date': '1996-06-09T17:21:40.928Z', 'age': 27}, 'registered': {'date': '2004-08-31T06:06:21.086Z', 'age': 19}, 'phone': '(043)-434-9089', 'cell': '(887)-248-9549', 'id': {'name': '', 'value': None}, 'picture': {'large': 'https://randomuser.me/api/portraits/men/24.jpg', 'medium': 'https://randomuser.me/api/portraits/med/men/24.jpg', 'thumbnail': 'https://randomuser.me/api/portraits/thumb/men/24.jpg'}, 'nat': 'NZ'}], 'info': {'seed': 'a73c5198de735b5a', 'results': 1, 'page': 1, 'version': '1.4'}}</msg>
<arg>${json_data}</arg>
<doc>Logs the given message with the given level.</doc>
<status status="PASS" start="2024-06-02T20:14:24.691350" elapsed="0.000204"/>
</kw>
<kw name="Dictionary Should Contain Key" owner="Collections">
<msg time="2024-06-02T20:14:24.692001" level="INFO">False</msg>
<arg>${json_data}</arg>
<arg>results</arg>
<doc>Fails if ``key`` is not found from ``dictionary``.</doc>
<status status="PASS" start="2024-06-02T20:14:24.691848" elapsed="0.000189"/>
</kw>
<kw name="Should Not Be Empty" owner="BuiltIn">
<msg time="2024-06-02T20:14:24.692517" level="INFO">Length is 2.</msg>
<arg>${json_data}</arg>
<doc>Verifies that the given item is not empty.</doc>
<status status="PASS" start="2024-06-02T20:14:24.692353" elapsed="0.000202"/>
</kw>
<kw name="Create List" owner="BuiltIn">
<msg time="2024-06-02T20:14:24.693132" level="INFO">${expected_keys} = ['gender', 'name', 'location', 'email', 'login']</msg>
<var>${expected_keys}</var>
<arg>gender</arg>
<arg>name</arg>
<arg>location</arg>
<arg>email</arg>
<arg>login</arg>
<doc>Returns a list containing given items.</doc>
<status status="PASS" start="2024-06-02T20:14:24.692845" elapsed="0.000312"/>
</kw>
<for flavor="IN">
<iter>
<kw name="Dictionary Should Contain Key" owner="Collections">
<msg time="2024-06-02T20:14:24.694121" level="INFO">False</msg>
<arg>${json_data['results'][0]}</arg>
<arg>${key}</arg>
<doc>Fails if ``key`` is not found from ``dictionary``.</doc>
<status status="PASS" start="2024-06-02T20:14:24.693734" elapsed="0.000424"/>
</kw>
<kw name="Log" owner="BuiltIn">
<msg time="2024-06-02T20:14:24.694822" level="INFO">{'gender': 'male', 'name': {'title': 'Mr', 'first': 'Roman', 'last': 'Thomas'}, 'location': {'street': {'number': 1592, 'name': 'Balmoral Road'}, 'city': 'Napier', 'state': 'Northland', 'country': 'New Zealand', 'postcode': 94225, 'coordinates': {'latitude': '49.6799', 'longitude': '-11.9772'}, 'timezone': {'offset': '-11:00', 'description': 'Midway Island, Samoa'}}, 'email': 'roman.thomas@example.com', 'login': {'uuid': 'db12078e-f9b4-4c7c-969d-9e13075767e0', 'username': 'purplesnake640', 'password': 'hamburg', 'salt': '9LSqVEWg', 'md5': '28ca887021d62e9f733e332527a3a42e', 'sha1': '78e303857854366a1f2f6be6efa019b70472bb3b', 'sha256': '2823d9f435639fd5cb590af2f311a7f44e436d9a4ce98278aebbd412c255e40f'}, 'dob': {'date': '1996-06-09T17:21:40.928Z', 'age': 27}, 'registered': {'date': '2004-08-31T06:06:21.086Z', 'age': 19}, 'phone': '(043)-434-9089', 'cell': '(887)-248-9549', 'id': {'name': '', 'value': None}, 'picture': {'large': 'https://randomuser.me/api/portraits/men/24.jpg', 'medium': 'https://randomuser.me/api/portraits/med/men/24.jpg', 'thumbnail': 'https://randomuser.me/api/portraits/thumb/men/24.jpg'}, 'nat': 'NZ'}</msg>
<arg>${json_data['results'][0]}</arg>
<doc>Logs the given message with the given level.</doc>
<status status="PASS" start="2024-06-02T20:14:24.694456" elapsed="0.000414"/>
</kw>
<kw name="Log" owner="BuiltIn">
<msg time="2024-06-02T20:14:24.695290" level="INFO">gender</msg>
<arg>${key}</arg>
<doc>Logs the given message with the given level.</doc>
<status status="PASS" start="2024-06-02T20:14:24.695163" elapsed="0.000164"/>
</kw>
<var name="${key}">gender</var>
<status status="PASS" start="2024-06-02T20:14:24.693611" elapsed="0.001931"/>
</iter>
<iter>
<kw name="Dictionary Should Contain Key" owner="Collections">
<msg time="2024-06-02T20:14:24.696239" level="INFO">False</msg>
<arg>${json_data['results'][0]}</arg>
<arg>${key}</arg>
<doc>Fails if ``key`` is not found from ``dictionary``.</doc>
<status status="PASS" start="2024-06-02T20:14:24.695856" elapsed="0.000420"/>
</kw>
<kw name="Log" owner="BuiltIn">
<msg time="2024-06-02T20:14:24.696995" level="INFO">{'gender': 'male', 'name': {'title': 'Mr', 'first': 'Roman', 'last': 'Thomas'}, 'location': {'street': {'number': 1592, 'name': 'Balmoral Road'}, 'city': 'Napier', 'state': 'Northland', 'country': 'New Zealand', 'postcode': 94225, 'coordinates': {'latitude': '49.6799', 'longitude': '-11.9772'}, 'timezone': {'offset': '-11:00', 'description': 'Midway Island, Samoa'}}, 'email': 'roman.thomas@example.com', 'login': {'uuid': 'db12078e-f9b4-4c7c-969d-9e13075767e0', 'username': 'purplesnake640', 'password': 'hamburg', 'salt': '9LSqVEWg', 'md5': '28ca887021d62e9f733e332527a3a42e', 'sha1': '78e303857854366a1f2f6be6efa019b70472bb3b', 'sha256': '2823d9f435639fd5cb590af2f311a7f44e436d9a4ce98278aebbd412c255e40f'}, 'dob': {'date': '1996-06-09T17:21:40.928Z', 'age': 27}, 'registered': {'date': '2004-08-31T06:06:21.086Z', 'age': 19}, 'phone': '(043)-434-9089', 'cell': '(887)-248-9549', 'id': {'name': '', 'value': None}, 'picture': {'large': 'https://randomuser.me/api/portraits/men/24.jpg', 'medium': 'https://randomuser.me/api/portraits/med/men/24.jpg', 'thumbnail': 'https://randomuser.me/api/portraits/thumb/men/24.jpg'}, 'nat': 'NZ'}</msg>
<arg>${json_data['results'][0]}</arg>
<doc>Logs the given message with the given level.</doc>
<status status="PASS" start="2024-06-02T20:14:24.696634" elapsed="0.000408"/>
</kw>
<kw name="Log" owner="BuiltIn">
<msg time="2024-06-02T20:14:24.697462" level="INFO">name</msg>
<arg>${key}</arg>
<doc>Logs the given message with the given level.</doc>
<status status="PASS" start="2024-06-02T20:14:24.697337" elapsed="0.000162"/>
</kw>
<var name="${key}">name</var>
<status status="PASS" start="2024-06-02T20:14:24.695740" elapsed="0.001999"/>
</iter>
<iter>
<kw name="Dictionary Should Contain Key" owner="Collections">
<msg time="2024-06-02T20:14:24.698408" level="INFO">False</msg>
<arg>${json_data['results'][0]}</arg>
<arg>${key}</arg>
<doc>Fails if ``key`` is not found from ``dictionary``.</doc>
<status status="PASS" start="2024-06-02T20:14:24.698032" elapsed="0.000413"/>
</kw>
<kw name="Log" owner="BuiltIn">
<msg time="2024-06-02T20:14:24.699121" level="INFO">{'gender': 'male', 'name': {'title': 'Mr', 'first': 'Roman', 'last': 'Thomas'}, 'location': {'street': {'number': 1592, 'name': 'Balmoral Road'}, 'city': 'Napier', 'state': 'Northland', 'country': 'New Zealand', 'postcode': 94225, 'coordinates': {'latitude': '49.6799', 'longitude': '-11.9772'}, 'timezone': {'offset': '-11:00', 'description': 'Midway Island, Samoa'}}, 'email': 'roman.thomas@example.com', 'login': {'uuid': 'db12078e-f9b4-4c7c-969d-9e13075767e0', 'username': 'purplesnake640', 'password': 'hamburg', 'salt': '9LSqVEWg', 'md5': '28ca887021d62e9f733e332527a3a42e', 'sha1': '78e303857854366a1f2f6be6efa019b70472bb3b', 'sha256': '2823d9f435639fd5cb590af2f311a7f44e436d9a4ce98278aebbd412c255e40f'}, 'dob': {'date': '1996-06-09T17:21:40.928Z', 'age': 27}, 'registered': {'date': '2004-08-31T06:06:21.086Z', 'age': 19}, 'phone': '(043)-434-9089', 'cell': '(887)-248-9549', 'id': {'name': '', 'value': None}, 'picture': {'large': 'https://randomuser.me/api/portraits/men/24.jpg', 'medium': 'https://randomuser.me/api/portraits/med/men/24.jpg', 'thumbnail': 'https://randomuser.me/api/portraits/thumb/men/24.jpg'}, 'nat': 'NZ'}</msg>
<arg>${json_data['results'][0]}</arg>
<doc>Logs the given message with the given level.</doc>
<status status="PASS" start="2024-06-02T20:14:24.698739" elapsed="0.000430"/>
</kw>
<kw name="Log" owner="BuiltIn">
<msg time="2024-06-02T20:14:24.699611" level="INFO">location</msg>
<arg>${key}</arg>
<doc>Logs the given message with the given level.</doc>
<status status="PASS" start="2024-06-02T20:14:24.699473" elapsed="0.000178"/>
</kw>
<var name="${key}">location</var>
<status status="PASS" start="2024-06-02T20:14:24.697920" elapsed="0.001963"/>
</iter>
<iter>
<kw name="Dictionary Should Contain Key" owner="Collections">
<msg time="2024-06-02T20:14:24.700863" level="INFO">False</msg>
<arg>${json_data['results'][0]}</arg>
<arg>${key}</arg>
<doc>Fails if ``key`` is not found from ``dictionary``.</doc>
<status status="PASS" start="2024-06-02T20:14:24.700348" elapsed="0.000562"/>
</kw>
<kw name="Log" owner="BuiltIn">
<msg time="2024-06-02T20:14:24.701782" level="INFO">{'gender': 'male', 'name': {'title': 'Mr', 'first': 'Roman', 'last': 'Thomas'}, 'location': {'street': {'number': 1592, 'name': 'Balmoral Road'}, 'city': 'Napier', 'state': 'Northland', 'country': 'New Zealand', 'postcode': 94225, 'coordinates': {'latitude': '49.6799', 'longitude': '-11.9772'}, 'timezone': {'offset': '-11:00', 'description': 'Midway Island, Samoa'}}, 'email': 'roman.thomas@example.com', 'login': {'uuid': 'db12078e-f9b4-4c7c-969d-9e13075767e0', 'username': 'purplesnake640', 'password': 'hamburg', 'salt': '9LSqVEWg', 'md5': '28ca887021d62e9f733e332527a3a42e', 'sha1': '78e303857854366a1f2f6be6efa019b70472bb3b', 'sha256': '2823d9f435639fd5cb590af2f311a7f44e436d9a4ce98278aebbd412c255e40f'}, 'dob': {'date': '1996-06-09T17:21:40.928Z', 'age': 27}, 'registered': {'date': '2004-08-31T06:06:21.086Z', 'age': 19}, 'phone': '(043)-434-9089', 'cell': '(887)-248-9549', 'id': {'name': '', 'value': None}, 'picture': {'large': 'https://randomuser.me/api/portraits/men/24.jpg', 'medium': 'https://randomuser.me/api/portraits/med/men/24.jpg', 'thumbnail': 'https://randomuser.me/api/portraits/thumb/men/24.jpg'}, 'nat': 'NZ'}</msg>
<arg>${json_data['results'][0]}</arg>
<doc>Logs the given message with the given level.</doc>
<status status="PASS" start="2024-06-02T20:14:24.701293" elapsed="0.000554"/>
</kw>
<kw name="Log" owner="BuiltIn">
<msg time="2024-06-02T20:14:24.702374" level="INFO">email</msg>
<arg>${key}</arg>
<doc>Logs the given message with the given level.</doc>
<status status="PASS" start="2024-06-02T20:14:24.702218" elapsed="0.000204"/>
</kw>
<var name="${key}">email</var>
<status status="PASS" start="2024-06-02T20:14:24.700146" elapsed="0.002544"/>
</iter>
<iter>
<kw name="Dictionary Should Contain Key" owner="Collections">
<msg time="2024-06-02T20:14:24.703497" level="INFO">False</msg>
<arg>${json_data['results'][0]}</arg>
<arg>${key}</arg>
<doc>Fails if ``key`` is not found from ``dictionary``.</doc>
<status status="PASS" start="2024-06-02T20:14:24.703055" elapsed="0.000482"/>
</kw>
<kw name="Log" owner="BuiltIn">
<msg time="2024-06-02T20:14:24.704204" level="INFO">{'gender': 'male', 'name': {'title': 'Mr', 'first': 'Roman', 'last': 'Thomas'}, 'location': {'street': {'number': 1592, 'name': 'Balmoral Road'}, 'city': 'Napier', 'state': 'Northland', 'country': 'New Zealand', 'postcode': 94225, 'coordinates': {'latitude': '49.6799', 'longitude': '-11.9772'}, 'timezone': {'offset': '-11:00', 'description': 'Midway Island, Samoa'}}, 'email': 'roman.thomas@example.com', 'login': {'uuid': 'db12078e-f9b4-4c7c-969d-9e13075767e0', 'username': 'purplesnake640', 'password': 'hamburg', 'salt': '9LSqVEWg', 'md5': '28ca887021d62e9f733e332527a3a42e', 'sha1': '78e303857854366a1f2f6be6efa019b70472bb3b', 'sha256': '2823d9f435639fd5cb590af2f311a7f44e436d9a4ce98278aebbd412c255e40f'}, 'dob': {'date': '1996-06-09T17:21:40.928Z', 'age': 27}, 'registered': {'date': '2004-08-31T06:06:21.086Z', 'age': 19}, 'phone': '(043)-434-9089', 'cell': '(887)-248-9549', 'id': {'name': '', 'value': None}, 'picture': {'large': 'https://randomuser.me/api/portraits/men/24.jpg', 'medium': 'https://randomuser.me/api/portraits/med/men/24.jpg', 'thumbnail': 'https://randomuser.me/api/portraits/thumb/men/24.jpg'}, 'nat': 'NZ'}</msg>
<arg>${json_data['results'][0]}</arg>
<doc>Logs the given message with the given level.</doc>
<status status="PASS" start="2024-06-02T20:14:24.703837" elapsed="0.000426"/>
</kw>
<kw name="Log" owner="BuiltIn">
<msg time="2024-06-02T20:14:24.704723" level="INFO">login</msg>
<arg>${key}</arg>
<doc>Logs the given message with the given level.</doc>
<status status="PASS" start="2024-06-02T20:14:24.704593" elapsed="0.000170"/>
</kw>
<var name="${key}">login</var>
<status status="PASS" start="2024-06-02T20:14:24.702911" elapsed="0.002072"/>
</iter>
<var>${key}</var>
<value>@{expected_keys}</value>
<status status="PASS" start="2024-06-02T20:14:24.693419" elapsed="0.011712"/>
</for>
<kw name="Create List" owner="BuiltIn">
<msg time="2024-06-02T20:14:24.705478" level="INFO">${expected_keysTwo} = ['username', 'password']</msg>
<var>${expected_keysTwo}</var>
<arg>username</arg>
<arg>password</arg>
<doc>Returns a list containing given items.</doc>
<status status="PASS" start="2024-06-02T20:14:24.705334" elapsed="0.000167"/>
</kw>
<for flavor="IN">
<iter>
<kw name="Dictionary Should Contain Key" owner="Collections">
<msg time="2024-06-02T20:14:24.706406" level="INFO">False</msg>
<arg>${json_data['results'][0]['login']}</arg>
<arg>${keyTwo}</arg>
<doc>Fails if ``key`` is not found from ``dictionary``.</doc>
<status status="PASS" start="2024-06-02T20:14:24.706024" elapsed="0.000419"/>
</kw>
<kw name="Dictionary Should Contain Key" owner="Collections">
<msg time="2024-06-02T20:14:24.707125" level="INFO">False</msg>
<arg>${json_data['results'][0]['login']}</arg>
<arg>${keyTwo}</arg>
<doc>Fails if ``key`` is not found from ``dictionary``.</doc>
<status status="PASS" start="2024-06-02T20:14:24.706740" elapsed="0.000422"/>
</kw>
<kw name="Log" owner="BuiltIn">
<msg time="2024-06-02T20:14:24.707578" level="INFO">username</msg>
<arg>${keyTwo}</arg>
<doc>Logs the given message with the given level.</doc>
<status status="PASS" start="2024-06-02T20:14:24.707450" elapsed="0.000165"/>
</kw>
<var name="${keyTwo}">username</var>
<status status="PASS" start="2024-06-02T20:14:24.705915" elapsed="0.001916"/>
</iter>
<iter>
<kw name="Dictionary Should Contain Key" owner="Collections">
<msg time="2024-06-02T20:14:24.708523" level="INFO">False</msg>
<arg>${json_data['results'][0]['login']}</arg>
<arg>${keyTwo}</arg>
<doc>Fails if ``key`` is not found from ``dictionary``.</doc>
<status status="PASS" start="2024-06-02T20:14:24.708120" elapsed="0.000441"/>
</kw>
<kw name="Dictionary Should Contain Key" owner="Collections">
<msg time="2024-06-02T20:14:24.709318" level="INFO">False</msg>
<arg>${json_data['results'][0]['login']}</arg>
<arg>${keyTwo}</arg>
<doc>Fails if ``key`` is not found from ``dictionary``.</doc>
<status status="PASS" start="2024-06-02T20:14:24.708857" elapsed="0.000500"/>
</kw>
<kw name="Log" owner="BuiltIn">
<msg time="2024-06-02T20:14:24.709777" level="INFO">password</msg>
<arg>${keyTwo}</arg>
<doc>Logs the given message with the given level.</doc>
<status status="PASS" start="2024-06-02T20:14:24.709651" elapsed="0.000163"/>
</kw>
<var name="${keyTwo}">password</var>
<status status="PASS" start="2024-06-02T20:14:24.708002" elapsed="0.002027"/>
</iter>
<var>${keyTwo}</var>
<value>@{expected_keysTwo}</value>
<status status="PASS" start="2024-06-02T20:14:24.705762" elapsed="0.004388"/>
</for>
<status status="PASS" start="2024-06-02T20:14:24.586396" elapsed="0.123892"/>
</kw>
<doc>Testa a estrutura da resposta da API.</doc>
<tag>testeEstruturaResposta</tag>
<status status="PASS" start="2024-06-02T20:14:24.585892" elapsed="0.124545"/>
</test>
<test id="s1-s1-t4" name="Validar tipos de dados" line="28">
<kw name="Teste de Tipos de Dados" owner="random-user-service">
<kw name="GET On Session" owner="RequestsLibrary">
<msg time="2024-06-02T20:14:24.820376" level="INFO">GET Request : url=https://randomuser.me/api 
 path_url=/api 
 headers={'User-Agent': 'python-requests/2.32.3', 'Accept-Encoding': 'gzip, deflate', 'Accept': '*/*', 'Connection': 'keep-alive'} 
 body=None 
 </msg>
<msg time="2024-06-02T20:14:24.820511" level="INFO">GET Response : url=https://randomuser.me/api 
 status=200, reason=OK 
 headers={'Date': 'Sun, 02 Jun 2024 20:14:24 GMT', 'Content-Type': 'application/json; charset=utf-8', 'Transfer-Encoding': 'chunked', 'Connection': 'keep-alive', 'X-Powered-By': 'Express', 'Access-Control-Allow-Origin': '*', 'Cache-Control': 'no-cache', 'ETag': 'W/"485-cszb9G+Oy9v++LBPCC20ip4LKNs"', 'Vary': 'Accept-Encoding', 'Content-Encoding': 'gzip', 'CF-Cache-Status': 'DYNAMIC', 'Report-To': '{"endpoints":[{"url":"https:\\/\\/a.nel.cloudflare.com\\/report\\/v4?s=3CPQp5cCZvvJMXUJztJL55pt95k1qm6WLemj%2FyRwfnrs9q3tlmkZtFWtevZGHSY0AT7%2BPYZ6%2Fpkxr%2FiQ%2FUtKu5%2BuQcZpq0g122mXgJs0hjfCv%2FO5oW0ZfZJtNyNhmZOZ"}],"group":"cf-nel","max_age":604800}', 'NEL': '{"success_fraction":0,"report_to":"cf-nel","max_age":604800}', 'Server': 'cloudflare', 'CF-RAY': '88da1c0c7e850d58-LAX', 'alt-svc': 'h3=":443"; ma=86400'} 
 body={"results":[{"gender":"female","name":{"title":"Madame","first":"Käthi","last":"Mercier"},"location":{"street":{"number":8689,"name":"Rue Victor-Hugo"},"city":"Mellikon","state":"Bern","country":"Switzerland","postcode":2471,"coordinates":{"latitude":"-60.2052","longitude":"57.1391"},"timezone":{"offset":"+4:30","description":"Kabul"}},"email":"kathi.mercier@example.com","login":{"uuid":"8a1adf83-9d97-4657-b4e6-b3146b2deaaf","username":"happypeacock268","password":"trunks","salt":"ZMBzuCBt","md5":"51074d84e6f04af792b8f52751da03e3","sha1":"29f221dc6b700d80c498329f34fa38596db50afe","sha256":"3f8c95f8567cc61918f30d084e71fcc933d2561579815deae630bfcdd7729f9e"},"dob":{"date":"1948-06-13T14:02:33.923Z","age":75},"registered":{"date":"2007-11-21T18:37:48.831Z","age":16},"phone":"079 966 90 65","cell":"075 636 03 72","id":{"name":"AVS","value":"756.7617.0101.51"},"picture":{"large":"https://randomuser.me/api/portraits/women/40.jpg","medium":"https://randomuser.me/api/portraits/med/women/40.jpg","thumbnail":"https://randomuser.me/api/portraits/thumb/women/40.jpg"},"nat":"CH"}],"info":{"seed":"a2aa639cf2092a41","results":1,"page":1,"version":"1.4"}} 
 </msg>
<msg time="2024-06-02T20:14:24.820639" level="INFO">/opt/hostedtoolcache/Python/3.12.3/x64/lib/python3.12/site-packages/urllib3/connectionpool.py:1103: InsecureRequestWarning: Unverified HTTPS request is being made to host 'randomuser.me'. Adding certificate verification is strongly advised. See: https://urllib3.readthedocs.io/en/latest/advanced-usage.html#tls-warnings
  warnings.warn(</msg>
<msg time="2024-06-02T20:14:24.820776" level="INFO">${response} = &lt;Response [200]&gt;</msg>
<var>${response}</var>
<arg>consultarAPI</arg>
<arg>/api</arg>
<doc>Sends a GET request on a previously created HTTP Session.</doc>
<status status="PASS" start="2024-06-02T20:14:24.712851" elapsed="0.107981"/>
</kw>
<kw name="Set Variable" owner="BuiltIn">
<msg time="2024-06-02T20:14:24.821985" level="INFO">${json_data} = {'results': [{'gender': 'female', 'name': {'title': 'Madame', 'first': 'Käthi', 'last': 'Mercier'}, 'location': {'street': {'number': 8689, 'name': 'Rue Victor-Hugo'}, 'city': 'Mellikon', 'state': 'Be...</msg>
<var>${json_data}</var>
<arg>${response.json()}</arg>
<doc>Returns the given values which can then be assigned to a variables.</doc>
<status status="PASS" start="2024-06-02T20:14:24.821406" elapsed="0.000609"/>
</kw>
<kw name="Log" owner="BuiltIn">
<msg time="2024-06-02T20:14:24.822488" level="INFO">{'results': [{'gender': 'female', 'name': {'title': 'Madame', 'first': 'Käthi', 'last': 'Mercier'}, 'location': {'street': {'number': 8689, 'name': 'Rue Victor-Hugo'}, 'city': 'Mellikon', 'state': 'Bern', 'country': 'Switzerland', 'postcode': 2471, 'coordinates': {'latitude': '-60.2052', 'longitude': '57.1391'}, 'timezone': {'offset': '+4:30', 'description': 'Kabul'}}, 'email': 'kathi.mercier@example.com', 'login': {'uuid': '8a1adf83-9d97-4657-b4e6-b3146b2deaaf', 'username': 'happypeacock268', 'password': 'trunks', 'salt': 'ZMBzuCBt', 'md5': '51074d84e6f04af792b8f52751da03e3', 'sha1': '29f221dc6b700d80c498329f34fa38596db50afe', 'sha256': '3f8c95f8567cc61918f30d084e71fcc933d2561579815deae630bfcdd7729f9e'}, 'dob': {'date': '1948-06-13T14:02:33.923Z', 'age': 75}, 'registered': {'date': '2007-11-21T18:37:48.831Z', 'age': 16}, 'phone': '079 966 90 65', 'cell': '075 636 03 72', 'id': {'name': 'AVS', 'value': '756.7617.0101.51'}, 'picture': {'large': 'https://randomuser.me/api/portraits/women/40.jpg', 'medium': 'https://randomuser.me/api/portraits/med/women/40.jpg', 'thumbnail': 'https://randomuser.me/api/portraits/thumb/women/40.jpg'}, 'nat': 'CH'}], 'info': {'seed': 'a2aa639cf2092a41', 'results': 1, 'page': 1, 'version': '1.4'}}</msg>
<arg>${json_data}</arg>
<doc>Logs the given message with the given level.</doc>
<status status="PASS" start="2024-06-02T20:14:24.822331" elapsed="0.000207"/>
</kw>
<kw name="Should Be String" owner="String">
<arg>${json_data['results'][0]['gender']}</arg>
<doc>Fails if the given ``item`` is not a string.</doc>
<status status="PASS" start="2024-06-02T20:14:24.822865" elapsed="0.000370"/>
</kw>
<kw name="Should Match Regexp" owner="BuiltIn">
<arg>${json_data['results'][0]['email']}</arg>
<arg>^[a-zA-Z0-9._%+-]+@[a-zA-Z0-9.-]+\.[a-zA-Z]{2,}$</arg>
<doc>Fails if ``string`` does not match ``pattern`` as a regular expression.</doc>
<status status="PASS" start="2024-06-02T20:14:24.823430" elapsed="0.000521"/>
</kw>
<kw name="Should Match Regexp" owner="BuiltIn">
<arg>${json_data['results'][0]['dob']['date']}</arg>
<arg>\\d{4}-\\d{2}-\\d{2}T\\d{2}:\\d{2}:\\d{2}\\.\\d{3}Z</arg>
<doc>Fails if ``string`` does not match ``pattern`` as a regular expression.</doc>
<status status="PASS" start="2024-06-02T20:14:24.824153" elapsed="0.000539"/>
</kw>
<kw name="Should Match Regexp" owner="BuiltIn">
<arg>${json_data['results'][0]['registered']['date']}</arg>
<arg>\\d{4}-\\d{2}-\\d{2}T\\d{2}:\\d{2}:\\d{2}\\.\\d{3}Z</arg>
<doc>Fails if ``string`` does not match ``pattern`` as a regular expression.</doc>
<status status="PASS" start="2024-06-02T20:14:24.824889" elapsed="0.000370"/>
</kw>
<kw name="Should Match Regexp" owner="BuiltIn">
<arg>${json_data['results'][0]['picture']['large']}</arg>
<arg>^https?://.*\.(?:png|jpe?g|gif|bmp)$</arg>
<doc>Fails if ``string`` does not match ``pattern`` as a regular expression.</doc>
<status status="PASS" start="2024-06-02T20:14:24.825450" elapsed="0.000465"/>
</kw>
<kw name="Should Match Regexp" owner="BuiltIn">
<arg>${json_data['results'][0]['picture']['medium']}</arg>
<arg>^https?://.*\.(?:png|jpe?g|gif|bmp)$</arg>
<doc>Fails if ``string`` does not match ``pattern`` as a regular expression.</doc>
<status status="PASS" start="2024-06-02T20:14:24.826105" elapsed="0.000351"/>
</kw>
<kw name="Should Match Regexp" owner="BuiltIn">
<arg>${json_data['results'][0]['picture']['thumbnail']}</arg>
<arg>^https?://.*\.(?:png|jpe?g|gif|bmp)$</arg>
<doc>Fails if ``string`` does not match ``pattern`` as a regular expression.</doc>
<status status="PASS" start="2024-06-02T20:14:24.826650" elapsed="0.000380"/>
</kw>
<kw name="Log" owner="BuiltIn">
<msg time="2024-06-02T20:14:24.827567" level="INFO">{'large': 'https://randomuser.me/api/portraits/women/40.jpg', 'medium': 'https://randomuser.me/api/portraits/med/women/40.jpg', 'thumbnail': 'https://randomuser.me/api/portraits/thumb/women/40.jpg'}</msg>
<arg>${json_data['results'][0]['picture']}</arg>
<doc>Logs the given message with the given level.</doc>
<status status="PASS" start="2024-06-02T20:14:24.827239" elapsed="0.000371"/>
</kw>
<status status="PASS" start="2024-06-02T20:14:24.712622" elapsed="0.115243"/>
</kw>
<kw name="Teste de Tipos de Dados - Postcode" owner="random-user-service">
<kw name="GET On Session" owner="RequestsLibrary">
<msg time="2024-06-02T20:14:24.931653" level="INFO">GET Request : url=https://randomuser.me/api 
 path_url=/api 
 headers={'User-Agent': 'python-requests/2.32.3', 'Accept-Encoding': 'gzip, deflate', 'Accept': '*/*', 'Connection': 'keep-alive'} 
 body=None 
 </msg>
<msg time="2024-06-02T20:14:24.931740" level="INFO">GET Response : url=https://randomuser.me/api 
 status=200, reason=OK 
 headers={'Date': 'Sun, 02 Jun 2024 20:14:24 GMT', 'Content-Type': 'application/json; charset=utf-8', 'Transfer-Encoding': 'chunked', 'Connection': 'keep-alive', 'X-Powered-By': 'Express', 'Access-Control-Allow-Origin': '*', 'Cache-Control': 'no-cache', 'ETag': 'W/"4ac-BiA/pElWU5sPv2DyO8lH60ChT0g"', 'Vary': 'Accept-Encoding', 'Content-Encoding': 'gzip', 'CF-Cache-Status': 'DYNAMIC', 'Report-To': '{"endpoints":[{"url":"https:\\/\\/a.nel.cloudflare.com\\/report\\/v4?s=xzVtf6uTJzf66UMswSSsCZKS7n%2B%2FUyEFBBRL5EmGdd8kJZgQrrCBn%2BENXYQ5%2FR3oxgg2qsGH%2B8rXtSbec1HFzmkkq4opwNEVLBjPWQ6u0IVdSAdKsa1yAoss1byP6uA%2B"}],"group":"cf-nel","max_age":604800}', 'NEL': '{"success_fraction":0,"report_to":"cf-nel","max_age":604800}', 'Server': 'cloudflare', 'CF-RAY': '88da1c0d3f320d58-LAX', 'alt-svc': 'h3=":443"; ma=86400'} 
 body={"results":[{"gender":"male","name":{"title":"Mr","first":"Karl-Heinz","last":"Weißer"},"location":{"street":{"number":4737,"name":"Mühlweg"},"city":"Schenefeld","state":"Mecklenburg-Vorpommern","country":"Germany","postcode":19480,"coordinates":{"latitude":"-52.0735","longitude":"-32.9574"},"timezone":{"offset":"-5:00","description":"Eastern Time (US &amp; Canada), Bogota, Lima"}},"email":"karl-heinz.weisser@example.com","login":{"uuid":"9f47bc71-92c3-4523-afc0-1a4a83a6ab1a","username":"smallbird192","password":"whatsup","salt":"KkYmtjpy","md5":"342ad06341fbe7f84018bfcc5bcb697d","sha1":"356e1f50338744ea7b375d537d2c00f0b1e2623c","sha256":"4d915ec034cbb5eb3fc929729cb237ef518946182dab510d4a98cf21efa05269"},"dob":{"date":"1982-06-02T23:33:47.985Z","age":41},"registered":{"date":"2007-11-05T23:00:58.598Z","age":16},"phone":"0526-3670634","cell":"0176-6552722","id":{"name":"SVNR","value":"45 020682 W 210"},"picture":{"large":"https://randomuser.me/api/portraits/men/66.jpg","medium":"https://randomuser.me/api/portraits/med/men/66.jpg","thumbnail":"https://randomuser.me/api/portraits/thumb/men/66.jpg"},"nat":"DE"}],"info":{"seed":"7edd40892f553dee","results":1,"page":1,"version":"1.4"}} 
 </msg>
<msg time="2024-06-02T20:14:24.931821" level="INFO">/opt/hostedtoolcache/Python/3.12.3/x64/lib/python3.12/site-packages/urllib3/connectionpool.py:1103: InsecureRequestWarning: Unverified HTTPS request is being made to host 'randomuser.me'. Adding certificate verification is strongly advised. See: https://urllib3.readthedocs.io/en/latest/advanced-usage.html#tls-warnings
  warnings.warn(</msg>
<msg time="2024-06-02T20:14:24.931940" level="INFO">${response} = &lt;Response [200]&gt;</msg>
<var>${response}</var>
<arg>consultarAPI</arg>
<arg>/api</arg>
<doc>Sends a GET request on a previously created HTTP Session.</doc>
<status status="PASS" start="2024-06-02T20:14:24.828309" elapsed="0.103688"/>
</kw>
<kw name="Set Variable" owner="BuiltIn">
<msg time="2024-06-02T20:14:24.933187" level="INFO">${json_data} = {'results': [{'gender': 'male', 'name': {'title': 'Mr', 'first': 'Karl-Heinz', 'last': 'Weißer'}, 'location': {'street': {'number': 4737, 'name': 'Mühlweg'}, 'city': 'Schenefeld', 'state': 'Mecklenbur...</msg>
<var>${json_data}</var>
<arg>${response.json()}</arg>
<doc>Returns the given values which can then be assigned to a variables.</doc>
<status status="PASS" start="2024-06-02T20:14:24.932579" elapsed="0.000639"/>
</kw>
<kw name="Log" owner="BuiltIn">
<msg time="2024-06-02T20:14:24.933687" level="INFO">{'results': [{'gender': 'male', 'name': {'title': 'Mr', 'first': 'Karl-Heinz', 'last': 'Weißer'}, 'location': {'street': {'number': 4737, 'name': 'Mühlweg'}, 'city': 'Schenefeld', 'state': 'Mecklenburg-Vorpommern', 'country': 'Germany', 'postcode': 19480, 'coordinates': {'latitude': '-52.0735', 'longitude': '-32.9574'}, 'timezone': {'offset': '-5:00', 'description': 'Eastern Time (US &amp; Canada), Bogota, Lima'}}, 'email': 'karl-heinz.weisser@example.com', 'login': {'uuid': '9f47bc71-92c3-4523-afc0-1a4a83a6ab1a', 'username': 'smallbird192', 'password': 'whatsup', 'salt': 'KkYmtjpy', 'md5': '342ad06341fbe7f84018bfcc5bcb697d', 'sha1': '356e1f50338744ea7b375d537d2c00f0b1e2623c', 'sha256': '4d915ec034cbb5eb3fc929729cb237ef518946182dab510d4a98cf21efa05269'}, 'dob': {'date': '1982-06-02T23:33:47.985Z', 'age': 41}, 'registered': {'date': '2007-11-05T23:00:58.598Z', 'age': 16}, 'phone': '0526-3670634', 'cell': '0176-6552722', 'id': {'name': 'SVNR', 'value': '45 020682 W 210'}, 'picture': {'large': 'https://randomuser.me/api/portraits/men/66.jpg', 'medium': 'https://randomuser.me/api/portraits/med/men/66.jpg', 'thumbnail': 'https://randomuser.me/api/portraits/thumb/men/66.jpg'}, 'nat': 'DE'}], 'info': {'seed': '7edd40892f553dee', 'results': 1, 'page': 1, 'version': '1.4'}}</msg>
<arg>${json_data}</arg>
<doc>Logs the given message with the given level.</doc>
<status status="PASS" start="2024-06-02T20:14:24.933530" elapsed="0.000207"/>
</kw>
<kw name="Should Be Equal As Numbers" owner="BuiltIn">
<arg>${json_data['results'][0]['location']['postcode']}</arg>
<arg>${json_data['results'][0]['location']['postcode']}</arg>
<doc>Fails if objects are unequal after converting them to real numbers.</doc>
<status status="PASS" start="2024-06-02T20:14:24.934067" elapsed="0.000756"/>
</kw>
<kw name="Log" owner="BuiltIn">
<msg time="2024-06-02T20:14:24.935361" level="INFO">19480</msg>
<arg>${json_data['results'][0]['location']['postcode']}</arg>
<doc>Logs the given message with the given level.</doc>
<status status="PASS" start="2024-06-02T20:14:24.935020" elapsed="0.000382"/>
</kw>
<status status="PASS" start="2024-06-02T20:14:24.828083" elapsed="0.107573"/>
</kw>
<doc>Testa se os tipos de dados na resposta da API estão corretos.</doc>
<tag>testeTiposDados</tag>
<status status="PASS" start="2024-06-02T20:14:24.712158" elapsed="0.223663"/>
</test>
<test id="s1-s1-t5" name="Validar conteudo" line="35">
<kw name="Teste de Tipos de Conteudo" owner="random-user-service">
<kw name="GET On Session" owner="RequestsLibrary">
<msg time="2024-06-02T20:14:25.040371" level="INFO">GET Request : url=https://randomuser.me/api 
 path_url=/api 
 headers={'User-Agent': 'python-requests/2.32.3', 'Accept-Encoding': 'gzip, deflate', 'Accept': '*/*', 'Connection': 'keep-alive'} 
 body=None 
 </msg>
<msg time="2024-06-02T20:14:25.040443" level="INFO">GET Response : url=https://randomuser.me/api 
 status=200, reason=OK 
 headers={'Date': 'Sun, 02 Jun 2024 20:14:25 GMT', 'Content-Type': 'application/json; charset=utf-8', 'Transfer-Encoding': 'chunked', 'Connection': 'keep-alive', 'X-Powered-By': 'Express', 'Access-Control-Allow-Origin': '*', 'Cache-Control': 'no-cache', 'ETag': 'W/"486-KWZy6OZmmSmF1iz10fHuuBekKvA"', 'Vary': 'Accept-Encoding', 'Content-Encoding': 'gzip', 'CF-Cache-Status': 'DYNAMIC', 'Report-To': '{"endpoints":[{"url":"https:\\/\\/a.nel.cloudflare.com\\/report\\/v4?s=9byJjNAT8UxHTbmEMg6yKny9i4QcY5v7FEuVtlYM2HjPgmQUv1kmoK7s%2FD%2B1DpcV4SxMCOsEbmZ8i7Qvr0itNwPaQ6oUlecW3ym3e4U9cZe1uzjd8V757yUUVUWJqW87"}],"group":"cf-nel","max_age":604800}', 'NEL': '{"success_fraction":0,"report_to":"cf-nel","max_age":604800}', 'Server': 'cloudflare', 'CF-RAY': '88da1c0defb90d58-LAX', 'alt-svc': 'h3=":443"; ma=86400'} 
 body={"results":[{"gender":"male","name":{"title":"Mr","first":"Rafiq","last":"Loeff"},"location":{"street":{"number":2083,"name":"Florisdonk"},"city":"Margraten","state":"Friesland","country":"Netherlands","postcode":"6387 MK","coordinates":{"latitude":"30.7979","longitude":"-94.6421"},"timezone":{"offset":"+2:00","description":"Kaliningrad, South Africa"}},"email":"rafiq.loeff@example.com","login":{"uuid":"b7838835-9767-4586-93c7-fb9f49fb3349","username":"smallkoala960","password":"charlton","salt":"KEyBuIyu","md5":"dfcaa39096854fc0766d82f45acbcc15","sha1":"71e4da6774e0ee46e2a635b200e9842aa272c037","sha256":"1b175ea579533c953640e61ce75320dbeb6afc2aaa395057e88a55005134f333"},"dob":{"date":"1983-10-18T23:37:45.342Z","age":40},"registered":{"date":"2013-09-23T23:12:39.837Z","age":10},"phone":"(0329) 362566","cell":"(06) 55874126","id":{"name":"BSN","value":"85533189"},"picture":{"large":"https://randomuser.me/api/portraits/men/97.jpg","medium":"https://randomuser.me/api/portraits/med/men/97.jpg","thumbnail":"https://randomuser.me/api/portraits/thumb/men/97.jpg"},"nat":"NL"}],"info":{"seed":"02fdbeea0b83a145","results":1,"page":1,"version":"1.4"}} 
 </msg>
<msg time="2024-06-02T20:14:25.040500" level="INFO">/opt/hostedtoolcache/Python/3.12.3/x64/lib/python3.12/site-packages/urllib3/connectionpool.py:1103: InsecureRequestWarning: Unverified HTTPS request is being made to host 'randomuser.me'. Adding certificate verification is strongly advised. See: https://urllib3.readthedocs.io/en/latest/advanced-usage.html#tls-warnings
  warnings.warn(</msg>
<msg time="2024-06-02T20:14:25.040588" level="INFO">${response} = &lt;Response [200]&gt;</msg>
<var>${response}</var>
<arg>consultarAPI</arg>
<arg>/api</arg>
<doc>Sends a GET request on a previously created HTTP Session.</doc>
<status status="PASS" start="2024-06-02T20:14:24.938357" elapsed="0.102273"/>
</kw>
<kw name="Set Variable" owner="BuiltIn">
<msg time="2024-06-02T20:14:25.041654" level="INFO">${json_data} = {'results': [{'gender': 'male', 'name': {'title': 'Mr', 'first': 'Rafiq', 'last': 'Loeff'}, 'location': {'street': {'number': 2083, 'name': 'Florisdonk'}, 'city': 'Margraten', 'state': 'Friesland', 'c...</msg>
<var>${json_data}</var>
<arg>${response.json()}</arg>
<doc>Returns the given values which can then be assigned to a variables.</doc>
<status status="PASS" start="2024-06-02T20:14:25.041102" elapsed="0.000581"/>
</kw>
<kw name="Set Variable" owner="BuiltIn">
<msg time="2024-06-02T20:14:25.042372" level="INFO">${name_title} = Mr</msg>
<var>${name_title}</var>
<arg>${json_data["results"][0]["name"]["title"]}</arg>
<doc>Returns the given values which can then be assigned to a variables.</doc>
<status status="PASS" start="2024-06-02T20:14:25.041987" elapsed="0.000410"/>
</kw>
<kw name="Create List" owner="BuiltIn">
<msg time="2024-06-02T20:14:25.042841" level="INFO">${allowed_titles} = ['Mr', 'Ms', 'Miss', 'Mrs', 'Madame', 'Monsieur']</msg>
<var>${allowed_titles}</var>
<arg>Mr</arg>
<arg>Ms</arg>
<arg>Miss</arg>
<arg>Mrs</arg>
<arg>Madame</arg>
<arg>Monsieur</arg>
<doc>Returns a list containing given items.</doc>
<status status="PASS" start="2024-06-02T20:14:25.042694" elapsed="0.000171"/>
</kw>
<kw name="List Should Contain Value" owner="Collections">
<msg time="2024-06-02T20:14:25.043339" level="INFO">False</msg>
<arg>${allowed_titles}</arg>
<arg>${name_title}</arg>
<doc>Fails if the ``value`` is not found from ``list``.</doc>
<status status="PASS" start="2024-06-02T20:14:25.043167" elapsed="0.000208"/>
</kw>
<kw name="Set Variable" owner="BuiltIn">
<msg time="2024-06-02T20:14:25.044042" level="INFO">${name_country} = NL</msg>
<var>${name_country}</var>
<arg>${json_data["results"][0]["nat"]}</arg>
<doc>Returns the given values which can then be assigned to a variables.</doc>
<status status="PASS" start="2024-06-02T20:14:25.043660" elapsed="0.000407"/>
</kw>
<kw name="Create List" owner="BuiltIn">
<msg time="2024-06-02T20:14:25.045003" level="INFO">${list_country} = ['AD', 'AE', 'AF', 'AG', 'AI', 'AL', 'AM', 'AO', 'AQ', 'AR', 'AS', 'AT', 'AU', 'AW', 'AX', 'AZ', 'BA', 'BB', 'BD', 'BE', 'BF', 'BG', 'BH', 'BI', 'BJ', 'BL', 'BM', 'BN', 'BO', 'BQ', 'BR', 'BS', 'BT', '...</msg>
<var>${list_country}</var>
<arg>AD</arg>
<arg>AE</arg>
<arg>AF</arg>
<arg>AG</arg>
<arg>AI</arg>
<arg>AL</arg>
<arg>AM</arg>
<arg>AO</arg>
<arg>AQ</arg>
<arg>AR</arg>
<arg>AS</arg>
<arg>AT</arg>
<arg>AU</arg>
<arg>AW</arg>
<arg>AX</arg>
<arg>AZ</arg>
<arg>BA</arg>
<arg>BB</arg>
<arg>BD</arg>
<arg>BE</arg>
<arg>BF</arg>
<arg>BG</arg>
<arg>BH</arg>
<arg>BI</arg>
<arg>BJ</arg>
<arg>BL</arg>
<arg>BM</arg>
<arg>BN</arg>
<arg>BO</arg>
<arg>BQ</arg>
<arg>BR</arg>
<arg>BS</arg>
<arg>BT</arg>
<arg>BV</arg>
<arg>BW</arg>
<arg>BY</arg>
<arg>BZ</arg>
<arg>CA</arg>
<arg>CC</arg>
<arg>CD</arg>
<arg>CF</arg>
<arg>CG</arg>
<arg>CH</arg>
<arg>CI</arg>
<arg>CK</arg>
<arg>CL</arg>
<arg>CM</arg>
<arg>CN</arg>
<arg>CO</arg>
<arg>CR</arg>
<arg>CU</arg>
<arg>CV</arg>
<arg>CW</arg>
<arg>CX</arg>
<arg>CY</arg>
<arg>CZ</arg>
<arg>DE</arg>
<arg>DJ</arg>
<arg>DK</arg>
<arg>DM</arg>
<arg>DO</arg>
<arg>DZ</arg>
<arg>EC</arg>
<arg>EE</arg>
<arg>EG</arg>
<arg>EH</arg>
<arg>ER</arg>
<arg>ES</arg>
<arg>ET</arg>
<arg>FI</arg>
<arg>FJ</arg>
<arg>FK</arg>
<arg>FM</arg>
<arg>FO</arg>
<arg>FR</arg>
<arg>GA</arg>
<arg>GB</arg>
<arg>GD</arg>
<arg>GE</arg>
<arg>GF</arg>
<arg>GG</arg>
<arg>GH</arg>
<arg>GI</arg>
<arg>GL</arg>
<arg>GM</arg>
<arg>GN</arg>
<arg>GP</arg>
<arg>GQ</arg>
<arg>GR</arg>
<arg>GS</arg>
<arg>GT</arg>
<arg>GU</arg>
<arg>GW</arg>
<arg>GY</arg>
<arg>HK</arg>
<arg>HM</arg>
<arg>HN</arg>
<arg>HR</arg>
<arg>HT</arg>
<arg>HU</arg>
<arg>ID</arg>
<arg>IE</arg>
<arg>IL</arg>
<arg>IM</arg>
<arg>IN</arg>
<arg>IO</arg>
<arg>IQ</arg>
<arg>IR</arg>
<arg>IS</arg>
<arg>IT</arg>
<arg>JE</arg>
<arg>JM</arg>
<arg>JO</arg>
<arg>JP</arg>
<arg>KE</arg>
<arg>KG</arg>
<arg>KH</arg>
<arg>KI</arg>
<arg>KM</arg>
<arg>KN</arg>
<arg>KP</arg>
<arg>KR</arg>
<arg>KW</arg>
<arg>KY</arg>
<arg>KZ</arg>
<arg>LA</arg>
<arg>LB</arg>
<arg>LC</arg>
<arg>LI</arg>
<arg>LK</arg>
<arg>LR</arg>
<arg>LS</arg>
<arg>LT</arg>
<arg>LU</arg>
<arg>LV</arg>
<arg>LY</arg>
<arg>MA</arg>
<arg>MC</arg>
<arg>MD</arg>
<arg>ME</arg>
<arg>MF</arg>
<arg>MG</arg>
<arg>MH</arg>
<arg>MK</arg>
<arg>ML</arg>
<arg>MM</arg>
<arg>MN</arg>
<arg>MO</arg>
<arg>MP</arg>
<arg>MQ</arg>
<arg>MR</arg>
<arg>MS</arg>
<arg>MT</arg>
<arg>MU</arg>
<arg>MV</arg>
<arg>MW</arg>
<arg>MX</arg>
<arg>MY</arg>
<arg>MZ</arg>
<arg>NA</arg>
<arg>NC</arg>
<arg>NE</arg>
<arg>NF</arg>
<arg>NG</arg>
<arg>NI</arg>
<arg>NL</arg>
<arg>NO</arg>
<arg>NP</arg>
<arg>NR</arg>
<arg>NU</arg>
<arg>NZ</arg>
<arg>OM</arg>
<arg>PA</arg>
<arg>PE</arg>
<arg>PF</arg>
<arg>PG</arg>
<arg>PH</arg>
<arg>PK</arg>
<arg>PL</arg>
<arg>PM</arg>
<arg>PN</arg>
<arg>PR</arg>
<arg>PS</arg>
<arg>PT</arg>
<arg>PW</arg>
<arg>PY</arg>
<arg>QA</arg>
<arg>RE</arg>
<arg>RO</arg>
<arg>RS</arg>
<arg>RU</arg>
<arg>RW</arg>
<arg>SA</arg>
<arg>SB</arg>
<arg>SC</arg>
<arg>SD</arg>
<arg>SE</arg>
<arg>SG</arg>
<arg>SH</arg>
<arg>SI</arg>
<arg>SJ</arg>
<arg>SK</arg>
<arg>SL</arg>
<arg>SM</arg>
<arg>SN</arg>
<arg>SO</arg>
<arg>SR</arg>
<arg>SS</arg>
<arg>ST</arg>
<arg>SV</arg>
<arg>SX</arg>
<arg>SY</arg>
<arg>SZ</arg>
<arg>TC</arg>
<arg>TD</arg>
<arg>TF</arg>
<arg>TG</arg>
<arg>TH</arg>
<arg>TJ</arg>
<arg>TK</arg>
<arg>TL</arg>
<arg>TM</arg>
<arg>TN</arg>
<arg>TO</arg>
<arg>TR</arg>
<arg>TT</arg>
<arg>TV</arg>
<arg>TW</arg>
<arg>TZ</arg>
<arg>UA</arg>
<arg>UG</arg>
<arg>UM</arg>
<arg>US</arg>
<arg>UY</arg>
<arg>UZ</arg>
<arg>VA</arg>
<arg>VC</arg>
<arg>VE</arg>
<arg>VG</arg>
<arg>VI</arg>
<arg>VN</arg>
<arg>VU</arg>
<arg>WF</arg>
<arg>WS</arg>
<arg>XK</arg>
<arg>YE</arg>
<arg>YT</arg>
<arg>ZA</arg>
<arg>ZM</arg>
<arg>ZW</arg>
<doc>Returns a list containing given items.</doc>
<status status="PASS" start="2024-06-02T20:14:25.044394" elapsed="0.000634"/>
</kw>
<kw name="List Should Contain Value" owner="Collections">
<msg time="2024-06-02T20:14:25.046023" level="INFO">False</msg>
<arg>${list_country}</arg>
<arg>${name_country}</arg>
<doc>Fails if the ``value`` is not found from ``list``.</doc>
<status status="PASS" start="2024-06-02T20:14:25.045807" elapsed="0.000252"/>
</kw>
<kw name="Run Keyword If" owner="BuiltIn">
<kw name="Should Be True" owner="BuiltIn">
<arg>${True}</arg>
<doc>Fails if the given condition is not true.</doc>
<status status="PASS" start="2024-06-02T20:14:25.047119" elapsed="0.000142"/>
</kw>
<arg>${json_data["results"][0]["location"]["coordinates"]["latitude"]} &gt;= -90 and ${json_data["results"][0]["location"]["coordinates"]["latitude"]} &lt;= 90</arg>
<arg>Should Be True</arg>
<arg>${True}</arg>
<doc>Runs the given keyword with the given arguments, if ``condition`` is true.</doc>
<status status="PASS" start="2024-06-02T20:14:25.046373" elapsed="0.001014"/>
</kw>
<kw name="Run Keyword If" owner="BuiltIn">
<kw name="Should Be True" owner="BuiltIn">
<arg>${True}</arg>
<doc>Fails if the given condition is not true.</doc>
<status status="PASS" start="2024-06-02T20:14:25.048259" elapsed="0.000314"/>
</kw>
<arg>${json_data["results"][0]["location"]["coordinates"]["longitude"]} &gt;= -180 and ${json_data["results"][0]["location"]["coordinates"]["longitude"]} &lt;= 180</arg>
<arg>Should Be True</arg>
<arg>${True}</arg>
<doc>Runs the given keyword with the given arguments, if ``condition`` is true.</doc>
<status status="PASS" start="2024-06-02T20:14:25.047570" elapsed="0.001181"/>
</kw>
<status status="PASS" start="2024-06-02T20:14:24.938130" elapsed="0.110776"/>
</kw>
<doc>Testa o conteúdo específico dos campos retornados pela API.</doc>
<tag>testeConteudo</tag>
<status status="PASS" start="2024-06-02T20:14:24.937622" elapsed="0.111432"/>
</test>
<status status="PASS" start="2024-06-02T20:14:23.966631" elapsed="1.084363"/>
</suite>
<status status="PASS" start="2024-06-02T20:14:23.953254" elapsed="1.102932"/>
</suite>
<statistics>
<total>
<stat pass="5" fail="0" skip="0">All Tests</stat>
</total>
<tag>
<stat pass="1" fail="0" skip="0">testeConteudo</stat>
<stat pass="1" fail="0" skip="0">testeEstruturaResposta</stat>
<stat pass="1" fail="0" skip="0">testeRequisicaoBasica</stat>
<stat pass="1" fail="0" skip="0">testeTiposDados</stat>
</tag>
<suite>
<stat pass="5" fail="0" skip="0" id="s1" name="Tests">Tests</stat>
<stat pass="5" fail="0" skip="0" id="s1-s1" name="Random-User-Test">Tests.Random-User-Test</stat>
</suite>
</statistics>
<errors>
</errors>
</robot>
