<?xml version="1.0" encoding="UTF-8"?>
<robot generator="Robot 7.0 (Python 3.12.3 on linux)" generated="2024-06-06T23:18:24.683730" rpa="false" schemaversion="5">
<suite id="s1" name="Tests" source="/home/runner/work/ApiRandomUser/ApiRandomUser/RamdonUser/tests">
<suite id="s1-s1" name="Random-User-Test" source="/home/runner/work/ApiRandomUser/ApiRandomUser/RamdonUser/tests/random-user-test.robot">
<test id="s1-s1-t1" name="Conectar" line="13">
<kw name="Conectar API" owner="random-user-service">
<kw name="Create Session" owner="RequestsLibrary">
<msg time="2024-06-06T23:18:25.067307" level="INFO">Creating Session using : alias=consultarAPI, url=https://randomuser.me/, headers={},                     cookies={}, auth=None, timeout=None, proxies=None, verify=False,                     debug=0 </msg>
<arg>consultarAPI</arg>
<arg>${URL}</arg>
<doc>Create Session: create a HTTP session to a server</doc>
<status status="PASS" start="2024-06-06T23:18:25.067097" elapsed="0.000405"/>
</kw>
<status status="PASS" start="2024-06-06T23:18:25.066026" elapsed="0.001883"/>
</kw>
<status status="PASS" start="2024-06-06T23:18:25.065405" elapsed="0.002700"/>
</test>
<test id="s1-s1-t2" name="Validar retorno 200 e JSON Válido" line="16">
<kw name="Teste de Requisicao Basica" owner="random-user-service">
<kw name="GET On Session" owner="RequestsLibrary">
<msg time="2024-06-06T23:18:25.141280" level="INFO">GET Request : url=https://randomuser.me/api 
 path_url=/api 
 headers={'User-Agent': 'python-requests/2.32.3', 'Accept-Encoding': 'gzip, deflate', 'Accept': '*/*', 'Connection': 'keep-alive'} 
 body=None 
 </msg>
<msg time="2024-06-06T23:18:25.141430" level="INFO">GET Response : url=https://randomuser.me/api 
 status=200, reason=OK 
 headers={'Date': 'Thu, 06 Jun 2024 23:18:25 GMT', 'Content-Type': 'application/json; charset=utf-8', 'Transfer-Encoding': 'chunked', 'Connection': 'keep-alive', 'X-Powered-By': 'Express', 'Access-Control-Allow-Origin': '*', 'Cache-Control': 'no-cache', 'ETag': 'W/"4a1-b3x+OQNmynl96EH1JkAudOc6lrQ"', 'Vary': 'Accept-Encoding', 'Content-Encoding': 'gzip', 'CF-Cache-Status': 'DYNAMIC', 'Report-To': '{"endpoints":[{"url":"https:\\/\\/a.nel.cloudflare.com\\/report\\/v4?s=wvqPfcRCikoYM1QdlfD4NnUUW%2F8J9Jz92%2BkXpTntriRfdtAspVjcR2nDrupxSq24S0rGnqhm2ChIWBFpU6Dgd3veiig0hPqArVKD76HUY6%2FUBRSEEnGh8b3H9UlX%2Fpm0"}],"group":"cf-nel","max_age":604800}', 'NEL': '{"success_fraction":0,"report_to":"cf-nel","max_age":604800}', 'Server': 'cloudflare', 'CF-RAY': '88fc1f16ea3381c1-IAD', 'alt-svc': 'h3=":443"; ma=86400'} 
 body={"results":[{"gender":"male","name":{"title":"Mr","first":"Eugenio","last":"Hernández"},"location":{"street":{"number":8715,"name":"Calle del Arenal"},"city":"Orihuela","state":"Castilla la Mancha","country":"Spain","postcode":49254,"coordinates":{"latitude":"-30.6130","longitude":"-106.7992"},"timezone":{"offset":"-6:00","description":"Central Time (US &amp; Canada), Mexico City"}},"email":"eugenio.hernandez@example.com","login":{"uuid":"563dc946-a29f-458d-8cb7-36798a202376","username":"sadkoala300","password":"sascha","salt":"OiM7uF1X","md5":"f55346a67b282c9740f98b6420b86168","sha1":"6bfadee384ccf71bfd20313243056c811d2b1816","sha256":"357dad8cf4f23726c8f6f4bcbfc67ab3e6ffc20f71b1917557bd740520a34608"},"dob":{"date":"1967-10-19T12:19:13.006Z","age":56},"registered":{"date":"2011-09-04T03:45:00.322Z","age":12},"phone":"956-101-244","cell":"661-799-400","id":{"name":"DNI","value":"81244914-D"},"picture":{"large":"https://randomuser.me/api/portraits/men/59.jpg","medium":"https://randomuser.me/api/portraits/med/men/59.jpg","thumbnail":"https://randomuser.me/api/portraits/thumb/men/59.jpg"},"nat":"ES"}],"info":{"seed":"0c3489687df84d87","results":1,"page":1,"version":"1.4"}} 
 </msg>
<msg time="2024-06-06T23:18:25.141523" level="INFO">/opt/hostedtoolcache/Python/3.12.3/x64/lib/python3.12/site-packages/urllib3/connectionpool.py:1103: InsecureRequestWarning: Unverified HTTPS request is being made to host 'randomuser.me'. Adding certificate verification is strongly advised. See: https://urllib3.readthedocs.io/en/latest/advanced-usage.html#tls-warnings
  warnings.warn(</msg>
<msg time="2024-06-06T23:18:25.141679" level="INFO">${response} = &lt;Response [200]&gt;</msg>
<var>${response}</var>
<arg>consultarAPI</arg>
<arg>/api</arg>
<doc>Sends a GET request on a previously created HTTP Session.</doc>
<status status="PASS" start="2024-06-06T23:18:25.070785" elapsed="0.070942"/>
</kw>
<kw name="Should Be Equal As Numbers" owner="BuiltIn">
<msg time="2024-06-06T23:18:25.142627" level="INFO">Argument types are:
&lt;class 'int'&gt;
&lt;class 'str'&gt;</msg>
<arg>${response.status_code}</arg>
<arg>200</arg>
<doc>Fails if objects are unequal after converting them to real numbers.</doc>
<status status="PASS" start="2024-06-06T23:18:25.142186" elapsed="0.000512"/>
</kw>
<kw name="Log" owner="BuiltIn">
<msg time="2024-06-06T23:18:25.143400" level="INFO">200</msg>
<arg>${response.status_code}</arg>
<doc>Logs the given message with the given level.</doc>
<status status="PASS" start="2024-06-06T23:18:25.143053" elapsed="0.000395"/>
</kw>
<kw name="Set Variable" owner="BuiltIn">
<msg time="2024-06-06T23:18:25.144259" level="INFO">${json_data} = {'results': [{'gender': 'male', 'name': {'title': 'Mr', 'first': 'Eugenio', 'last': 'Hernández'}, 'location': {'street': {'number': 8715, 'name': 'Calle del Arenal'}, 'city': 'Orihuela', 'state': 'Cas...</msg>
<var>${json_data}</var>
<arg>${response.json()}</arg>
<doc>Returns the given values which can then be assigned to a variables.</doc>
<status status="PASS" start="2024-06-06T23:18:25.143791" elapsed="0.000499"/>
</kw>
<kw name="Dictionary Should Contain Key" owner="Collections">
<msg time="2024-06-06T23:18:25.144770" level="INFO">False</msg>
<arg>${json_data}</arg>
<arg>results</arg>
<doc>Fails if ``key`` is not found from ``dictionary``.</doc>
<status status="PASS" start="2024-06-06T23:18:25.144602" elapsed="0.000382"/>
</kw>
<status status="PASS" start="2024-06-06T23:18:25.070541" elapsed="0.074725"/>
</kw>
<doc>Testa se a API responde corretamente e retorna um objeto JSON válido.</doc>
<tag>testeRequisicaoBasica</tag>
<status status="PASS" start="2024-06-06T23:18:25.069998" elapsed="0.075452"/>
</test>
<test id="s1-s1-t3" name="Validar estrutura de resposta" line="22">
<kw name="Teste de Estrutura de Resposta" owner="random-user-service">
<kw name="GET On Session" owner="RequestsLibrary">
<msg time="2024-06-06T23:18:25.244979" level="INFO">GET Request : url=https://randomuser.me/api 
 path_url=/api 
 headers={'User-Agent': 'python-requests/2.32.3', 'Accept-Encoding': 'gzip, deflate', 'Accept': '*/*', 'Connection': 'keep-alive'} 
 body=None 
 </msg>
<msg time="2024-06-06T23:18:25.245070" level="INFO">GET Response : url=https://randomuser.me/api 
 status=200, reason=OK 
 headers={'Date': 'Thu, 06 Jun 2024 23:18:25 GMT', 'Content-Type': 'application/json; charset=utf-8', 'Transfer-Encoding': 'chunked', 'Connection': 'keep-alive', 'X-Powered-By': 'Express', 'Access-Control-Allow-Origin': '*', 'Cache-Control': 'no-cache', 'ETag': 'W/"4a8-kFGaypm8YeyMALEhq7hWtIleEy8"', 'Vary': 'Accept-Encoding', 'Content-Encoding': 'gzip', 'CF-Cache-Status': 'DYNAMIC', 'Report-To': '{"endpoints":[{"url":"https:\\/\\/a.nel.cloudflare.com\\/report\\/v4?s=ioNigcB%2BBaHQ47yLKiCq9tL%2FHlR%2B0VrvPQMZ%2F%2BRAEh7M7byPOG8GJ%2B%2FRU3WZ5pbIj7ke4KzRMIRsEMYJTF%2FOYix5LO595Iy4SjqVSF1vZyFnG%2FIJpxaaC%2Bz97hhBgAJc"}],"group":"cf-nel","max_age":604800}', 'NEL': '{"success_fraction":0,"report_to":"cf-nel","max_age":604800}', 'Server': 'cloudflare', 'CF-RAY': '88fc1f173ac181c1-IAD', 'alt-svc': 'h3=":443"; ma=86400'} 
 body={"results":[{"gender":"female","name":{"title":"Madame","first":"Nelli","last":"Charles"},"location":{"street":{"number":1103,"name":"Rue Jean-Baldassini"},"city":"Holderbank (So)","state":"Basel-Landschaft","country":"Switzerland","postcode":4389,"coordinates":{"latitude":"-57.3756","longitude":"17.7545"},"timezone":{"offset":"+9:30","description":"Adelaide, Darwin"}},"email":"nelli.charles@example.com","login":{"uuid":"c27e1e62-43f9-42c0-994c-1ac20965a909","username":"silverbutterfly707","password":"darkstar","salt":"l8KjUb3L","md5":"73210cd9d79628955581ed9bb1f9ba68","sha1":"cba67c6a94d7be372da4ec4041346e843a4f2f2c","sha256":"508d0da20d91bf409b0c29487171c0754965420c0187e2d7b133d46bed5b1151"},"dob":{"date":"1987-07-21T12:34:16.585Z","age":36},"registered":{"date":"2005-05-11T11:54:24.411Z","age":19},"phone":"076 660 53 08","cell":"077 127 06 51","id":{"name":"AVS","value":"756.7017.2026.43"},"picture":{"large":"https://randomuser.me/api/portraits/women/0.jpg","medium":"https://randomuser.me/api/portraits/med/women/0.jpg","thumbnail":"https://randomuser.me/api/portraits/thumb/women/0.jpg"},"nat":"CH"}],"info":{"seed":"b2ac4b384552b2ec","results":1,"page":1,"version":"1.4"}} 
 </msg>
<msg time="2024-06-06T23:18:25.245186" level="INFO">/opt/hostedtoolcache/Python/3.12.3/x64/lib/python3.12/site-packages/urllib3/connectionpool.py:1103: InsecureRequestWarning: Unverified HTTPS request is being made to host 'randomuser.me'. Adding certificate verification is strongly advised. See: https://urllib3.readthedocs.io/en/latest/advanced-usage.html#tls-warnings
  warnings.warn(</msg>
<msg time="2024-06-06T23:18:25.245318" level="INFO">${response} = &lt;Response [200]&gt;</msg>
<var>${response}</var>
<arg>consultarAPI</arg>
<arg>/api</arg>
<doc>Sends a GET request on a previously created HTTP Session.</doc>
<status status="PASS" start="2024-06-06T23:18:25.148037" elapsed="0.097322"/>
</kw>
<kw name="Set Variable" owner="BuiltIn">
<msg time="2024-06-06T23:18:25.246465" level="INFO">${json_data} = {'results': [{'gender': 'female', 'name': {'title': 'Madame', 'first': 'Nelli', 'last': 'Charles'}, 'location': {'street': {'number': 1103, 'name': 'Rue Jean-Baldassini'}, 'city': 'Holderbank (So)', '...</msg>
<var>${json_data}</var>
<arg>${response.json()}</arg>
<doc>Returns the given values which can then be assigned to a variables.</doc>
<status status="PASS" start="2024-06-06T23:18:25.245912" elapsed="0.000583"/>
</kw>
<kw name="Log" owner="BuiltIn">
<msg time="2024-06-06T23:18:25.247005" level="INFO">{'results': [{'gender': 'female', 'name': {'title': 'Madame', 'first': 'Nelli', 'last': 'Charles'}, 'location': {'street': {'number': 1103, 'name': 'Rue Jean-Baldassini'}, 'city': 'Holderbank (So)', 'state': 'Basel-Landschaft', 'country': 'Switzerland', 'postcode': 4389, 'coordinates': {'latitude': '-57.3756', 'longitude': '17.7545'}, 'timezone': {'offset': '+9:30', 'description': 'Adelaide, Darwin'}}, 'email': 'nelli.charles@example.com', 'login': {'uuid': 'c27e1e62-43f9-42c0-994c-1ac20965a909', 'username': 'silverbutterfly707', 'password': 'darkstar', 'salt': 'l8KjUb3L', 'md5': '73210cd9d79628955581ed9bb1f9ba68', 'sha1': 'cba67c6a94d7be372da4ec4041346e843a4f2f2c', 'sha256': '508d0da20d91bf409b0c29487171c0754965420c0187e2d7b133d46bed5b1151'}, 'dob': {'date': '1987-07-21T12:34:16.585Z', 'age': 36}, 'registered': {'date': '2005-05-11T11:54:24.411Z', 'age': 19}, 'phone': '076 660 53 08', 'cell': '077 127 06 51', 'id': {'name': 'AVS', 'value': '756.7017.2026.43'}, 'picture': {'large': 'https://randomuser.me/api/portraits/women/0.jpg', 'medium': 'https://randomuser.me/api/portraits/med/women/0.jpg', 'thumbnail': 'https://randomuser.me/api/portraits/thumb/women/0.jpg'}, 'nat': 'CH'}], 'info': {'seed': 'b2ac4b384552b2ec', 'results': 1, 'page': 1, 'version': '1.4'}}</msg>
<arg>${json_data}</arg>
<doc>Logs the given message with the given level.</doc>
<status status="PASS" start="2024-06-06T23:18:25.246839" elapsed="0.000214"/>
</kw>
<kw name="Dictionary Should Contain Key" owner="Collections">
<msg time="2024-06-06T23:18:25.247543" level="INFO">False</msg>
<arg>${json_data}</arg>
<arg>results</arg>
<doc>Fails if ``key`` is not found from ``dictionary``.</doc>
<status status="PASS" start="2024-06-06T23:18:25.247355" elapsed="0.000232"/>
</kw>
<kw name="Should Not Be Empty" owner="BuiltIn">
<msg time="2024-06-06T23:18:25.248063" level="INFO">Length is 2.</msg>
<arg>${json_data}</arg>
<doc>Verifies that the given item is not empty.</doc>
<status status="PASS" start="2024-06-06T23:18:25.247925" elapsed="0.000178"/>
</kw>
<kw name="Create List" owner="BuiltIn">
<msg time="2024-06-06T23:18:25.248553" level="INFO">${expected_keys} = ['gender', 'name', 'location', 'email', 'login']</msg>
<var>${expected_keys}</var>
<arg>gender</arg>
<arg>name</arg>
<arg>location</arg>
<arg>email</arg>
<arg>login</arg>
<doc>Returns a list containing given items.</doc>
<status status="PASS" start="2024-06-06T23:18:25.248402" elapsed="0.000175"/>
</kw>
<for flavor="IN">
<iter>
<kw name="Dictionary Should Contain Key" owner="Collections">
<msg time="2024-06-06T23:18:25.249581" level="INFO">False</msg>
<arg>${json_data['results'][0]}</arg>
<arg>${key}</arg>
<doc>Fails if ``key`` is not found from ``dictionary``.</doc>
<status status="PASS" start="2024-06-06T23:18:25.249176" elapsed="0.000474"/>
</kw>
<kw name="Log" owner="BuiltIn">
<msg time="2024-06-06T23:18:25.250342" level="INFO">{'gender': 'female', 'name': {'title': 'Madame', 'first': 'Nelli', 'last': 'Charles'}, 'location': {'street': {'number': 1103, 'name': 'Rue Jean-Baldassini'}, 'city': 'Holderbank (So)', 'state': 'Basel-Landschaft', 'country': 'Switzerland', 'postcode': 4389, 'coordinates': {'latitude': '-57.3756', 'longitude': '17.7545'}, 'timezone': {'offset': '+9:30', 'description': 'Adelaide, Darwin'}}, 'email': 'nelli.charles@example.com', 'login': {'uuid': 'c27e1e62-43f9-42c0-994c-1ac20965a909', 'username': 'silverbutterfly707', 'password': 'darkstar', 'salt': 'l8KjUb3L', 'md5': '73210cd9d79628955581ed9bb1f9ba68', 'sha1': 'cba67c6a94d7be372da4ec4041346e843a4f2f2c', 'sha256': '508d0da20d91bf409b0c29487171c0754965420c0187e2d7b133d46bed5b1151'}, 'dob': {'date': '1987-07-21T12:34:16.585Z', 'age': 36}, 'registered': {'date': '2005-05-11T11:54:24.411Z', 'age': 19}, 'phone': '076 660 53 08', 'cell': '077 127 06 51', 'id': {'name': 'AVS', 'value': '756.7017.2026.43'}, 'picture': {'large': 'https://randomuser.me/api/portraits/women/0.jpg', 'medium': 'https://randomuser.me/api/portraits/med/women/0.jpg', 'thumbnail': 'https://randomuser.me/api/portraits/thumb/women/0.jpg'}, 'nat': 'CH'}</msg>
<arg>${json_data['results'][0]}</arg>
<doc>Logs the given message with the given level.</doc>
<status status="PASS" start="2024-06-06T23:18:25.249970" elapsed="0.000423"/>
</kw>
<kw name="Log" owner="BuiltIn">
<msg time="2024-06-06T23:18:25.250843" level="INFO">gender</msg>
<arg>${key}</arg>
<doc>Logs the given message with the given level.</doc>
<status status="PASS" start="2024-06-06T23:18:25.250703" elapsed="0.000179"/>
</kw>
<var name="${key}">gender</var>
<status status="PASS" start="2024-06-06T23:18:25.249046" elapsed="0.002052"/>
</iter>
<iter>
<kw name="Dictionary Should Contain Key" owner="Collections">
<msg time="2024-06-06T23:18:25.251821" level="INFO">False</msg>
<arg>${json_data['results'][0]}</arg>
<arg>${key}</arg>
<doc>Fails if ``key`` is not found from ``dictionary``.</doc>
<status status="PASS" start="2024-06-06T23:18:25.251405" elapsed="0.000493"/>
</kw>
<kw name="Log" owner="BuiltIn">
<msg time="2024-06-06T23:18:25.252568" level="INFO">{'gender': 'female', 'name': {'title': 'Madame', 'first': 'Nelli', 'last': 'Charles'}, 'location': {'street': {'number': 1103, 'name': 'Rue Jean-Baldassini'}, 'city': 'Holderbank (So)', 'state': 'Basel-Landschaft', 'country': 'Switzerland', 'postcode': 4389, 'coordinates': {'latitude': '-57.3756', 'longitude': '17.7545'}, 'timezone': {'offset': '+9:30', 'description': 'Adelaide, Darwin'}}, 'email': 'nelli.charles@example.com', 'login': {'uuid': 'c27e1e62-43f9-42c0-994c-1ac20965a909', 'username': 'silverbutterfly707', 'password': 'darkstar', 'salt': 'l8KjUb3L', 'md5': '73210cd9d79628955581ed9bb1f9ba68', 'sha1': 'cba67c6a94d7be372da4ec4041346e843a4f2f2c', 'sha256': '508d0da20d91bf409b0c29487171c0754965420c0187e2d7b133d46bed5b1151'}, 'dob': {'date': '1987-07-21T12:34:16.585Z', 'age': 36}, 'registered': {'date': '2005-05-11T11:54:24.411Z', 'age': 19}, 'phone': '076 660 53 08', 'cell': '077 127 06 51', 'id': {'name': 'AVS', 'value': '756.7017.2026.43'}, 'picture': {'large': 'https://randomuser.me/api/portraits/women/0.jpg', 'medium': 'https://randomuser.me/api/portraits/med/women/0.jpg', 'thumbnail': 'https://randomuser.me/api/portraits/thumb/women/0.jpg'}, 'nat': 'CH'}</msg>
<arg>${json_data['results'][0]}</arg>
<doc>Logs the given message with the given level.</doc>
<status status="PASS" start="2024-06-06T23:18:25.252207" elapsed="0.000411"/>
</kw>
<kw name="Log" owner="BuiltIn">
<msg time="2024-06-06T23:18:25.253049" level="INFO">name</msg>
<arg>${key}</arg>
<doc>Logs the given message with the given level.</doc>
<status status="PASS" start="2024-06-06T23:18:25.252921" elapsed="0.000166"/>
</kw>
<var name="${key}">name</var>
<status status="PASS" start="2024-06-06T23:18:25.251288" elapsed="0.002019"/>
</iter>
<iter>
<kw name="Dictionary Should Contain Key" owner="Collections">
<msg time="2024-06-06T23:18:25.253972" level="INFO">False</msg>
<arg>${json_data['results'][0]}</arg>
<arg>${key}</arg>
<doc>Fails if ``key`` is not found from ``dictionary``.</doc>
<status status="PASS" start="2024-06-06T23:18:25.253597" elapsed="0.000414"/>
</kw>
<kw name="Log" owner="BuiltIn">
<msg time="2024-06-06T23:18:25.254678" level="INFO">{'gender': 'female', 'name': {'title': 'Madame', 'first': 'Nelli', 'last': 'Charles'}, 'location': {'street': {'number': 1103, 'name': 'Rue Jean-Baldassini'}, 'city': 'Holderbank (So)', 'state': 'Basel-Landschaft', 'country': 'Switzerland', 'postcode': 4389, 'coordinates': {'latitude': '-57.3756', 'longitude': '17.7545'}, 'timezone': {'offset': '+9:30', 'description': 'Adelaide, Darwin'}}, 'email': 'nelli.charles@example.com', 'login': {'uuid': 'c27e1e62-43f9-42c0-994c-1ac20965a909', 'username': 'silverbutterfly707', 'password': 'darkstar', 'salt': 'l8KjUb3L', 'md5': '73210cd9d79628955581ed9bb1f9ba68', 'sha1': 'cba67c6a94d7be372da4ec4041346e843a4f2f2c', 'sha256': '508d0da20d91bf409b0c29487171c0754965420c0187e2d7b133d46bed5b1151'}, 'dob': {'date': '1987-07-21T12:34:16.585Z', 'age': 36}, 'registered': {'date': '2005-05-11T11:54:24.411Z', 'age': 19}, 'phone': '076 660 53 08', 'cell': '077 127 06 51', 'id': {'name': 'AVS', 'value': '756.7017.2026.43'}, 'picture': {'large': 'https://randomuser.me/api/portraits/women/0.jpg', 'medium': 'https://randomuser.me/api/portraits/med/women/0.jpg', 'thumbnail': 'https://randomuser.me/api/portraits/thumb/women/0.jpg'}, 'nat': 'CH'}</msg>
<arg>${json_data['results'][0]}</arg>
<doc>Logs the given message with the given level.</doc>
<status status="PASS" start="2024-06-06T23:18:25.254316" elapsed="0.000422"/>
</kw>
<kw name="Log" owner="BuiltIn">
<msg time="2024-06-06T23:18:25.255166" level="INFO">location</msg>
<arg>${key}</arg>
<doc>Logs the given message with the given level.</doc>
<status status="PASS" start="2024-06-06T23:18:25.255037" elapsed="0.000171"/>
</kw>
<var name="${key}">location</var>
<status status="PASS" start="2024-06-06T23:18:25.253484" elapsed="0.001943"/>
</iter>
<iter>
<kw name="Dictionary Should Contain Key" owner="Collections">
<msg time="2024-06-06T23:18:25.256244" level="INFO">False</msg>
<arg>${json_data['results'][0]}</arg>
<arg>${key}</arg>
<doc>Fails if ``key`` is not found from ``dictionary``.</doc>
<status status="PASS" start="2024-06-06T23:18:25.255714" elapsed="0.000570"/>
</kw>
<kw name="Log" owner="BuiltIn">
<msg time="2024-06-06T23:18:25.256945" level="INFO">{'gender': 'female', 'name': {'title': 'Madame', 'first': 'Nelli', 'last': 'Charles'}, 'location': {'street': {'number': 1103, 'name': 'Rue Jean-Baldassini'}, 'city': 'Holderbank (So)', 'state': 'Basel-Landschaft', 'country': 'Switzerland', 'postcode': 4389, 'coordinates': {'latitude': '-57.3756', 'longitude': '17.7545'}, 'timezone': {'offset': '+9:30', 'description': 'Adelaide, Darwin'}}, 'email': 'nelli.charles@example.com', 'login': {'uuid': 'c27e1e62-43f9-42c0-994c-1ac20965a909', 'username': 'silverbutterfly707', 'password': 'darkstar', 'salt': 'l8KjUb3L', 'md5': '73210cd9d79628955581ed9bb1f9ba68', 'sha1': 'cba67c6a94d7be372da4ec4041346e843a4f2f2c', 'sha256': '508d0da20d91bf409b0c29487171c0754965420c0187e2d7b133d46bed5b1151'}, 'dob': {'date': '1987-07-21T12:34:16.585Z', 'age': 36}, 'registered': {'date': '2005-05-11T11:54:24.411Z', 'age': 19}, 'phone': '076 660 53 08', 'cell': '077 127 06 51', 'id': {'name': 'AVS', 'value': '756.7017.2026.43'}, 'picture': {'large': 'https://randomuser.me/api/portraits/women/0.jpg', 'medium': 'https://randomuser.me/api/portraits/med/women/0.jpg', 'thumbnail': 'https://randomuser.me/api/portraits/thumb/women/0.jpg'}, 'nat': 'CH'}</msg>
<arg>${json_data['results'][0]}</arg>
<doc>Logs the given message with the given level.</doc>
<status status="PASS" start="2024-06-06T23:18:25.256587" elapsed="0.000416"/>
</kw>
<kw name="Log" owner="BuiltIn">
<msg time="2024-06-06T23:18:25.257424" level="INFO">email</msg>
<arg>${key}</arg>
<doc>Logs the given message with the given level.</doc>
<status status="PASS" start="2024-06-06T23:18:25.257297" elapsed="0.000164"/>
</kw>
<var name="${key}">email</var>
<status status="PASS" start="2024-06-06T23:18:25.255601" elapsed="0.002077"/>
</iter>
<iter>
<kw name="Dictionary Should Contain Key" owner="Collections">
<msg time="2024-06-06T23:18:25.258355" level="INFO">False</msg>
<arg>${json_data['results'][0]}</arg>
<arg>${key}</arg>
<doc>Fails if ``key`` is not found from ``dictionary``.</doc>
<status status="PASS" start="2024-06-06T23:18:25.257970" elapsed="0.000423"/>
</kw>
<kw name="Log" owner="BuiltIn">
<msg time="2024-06-06T23:18:25.259043" level="INFO">{'gender': 'female', 'name': {'title': 'Madame', 'first': 'Nelli', 'last': 'Charles'}, 'location': {'street': {'number': 1103, 'name': 'Rue Jean-Baldassini'}, 'city': 'Holderbank (So)', 'state': 'Basel-Landschaft', 'country': 'Switzerland', 'postcode': 4389, 'coordinates': {'latitude': '-57.3756', 'longitude': '17.7545'}, 'timezone': {'offset': '+9:30', 'description': 'Adelaide, Darwin'}}, 'email': 'nelli.charles@example.com', 'login': {'uuid': 'c27e1e62-43f9-42c0-994c-1ac20965a909', 'username': 'silverbutterfly707', 'password': 'darkstar', 'salt': 'l8KjUb3L', 'md5': '73210cd9d79628955581ed9bb1f9ba68', 'sha1': 'cba67c6a94d7be372da4ec4041346e843a4f2f2c', 'sha256': '508d0da20d91bf409b0c29487171c0754965420c0187e2d7b133d46bed5b1151'}, 'dob': {'date': '1987-07-21T12:34:16.585Z', 'age': 36}, 'registered': {'date': '2005-05-11T11:54:24.411Z', 'age': 19}, 'phone': '076 660 53 08', 'cell': '077 127 06 51', 'id': {'name': 'AVS', 'value': '756.7017.2026.43'}, 'picture': {'large': 'https://randomuser.me/api/portraits/women/0.jpg', 'medium': 'https://randomuser.me/api/portraits/med/women/0.jpg', 'thumbnail': 'https://randomuser.me/api/portraits/thumb/women/0.jpg'}, 'nat': 'CH'}</msg>
<arg>${json_data['results'][0]}</arg>
<doc>Logs the given message with the given level.</doc>
<status status="PASS" start="2024-06-06T23:18:25.258691" elapsed="0.000400"/>
</kw>
<kw name="Log" owner="BuiltIn">
<msg time="2024-06-06T23:18:25.259513" level="INFO">login</msg>
<arg>${key}</arg>
<doc>Logs the given message with the given level.</doc>
<status status="PASS" start="2024-06-06T23:18:25.259386" elapsed="0.000196"/>
</kw>
<var name="${key}">login</var>
<status status="PASS" start="2024-06-06T23:18:25.257857" elapsed="0.001984"/>
</iter>
<var>${key}</var>
<value>@{expected_keys}</value>
<status status="PASS" start="2024-06-06T23:18:25.248847" elapsed="0.011124"/>
</for>
<kw name="Create List" owner="BuiltIn">
<msg time="2024-06-06T23:18:25.260311" level="INFO">${expected_keysTwo} = ['username', 'password']</msg>
<var>${expected_keysTwo}</var>
<arg>username</arg>
<arg>password</arg>
<doc>Returns a list containing given items.</doc>
<status status="PASS" start="2024-06-06T23:18:25.260170" elapsed="0.000165"/>
</kw>
<for flavor="IN">
<iter>
<kw name="Dictionary Should Contain Key" owner="Collections">
<msg time="2024-06-06T23:18:25.261224" level="INFO">False</msg>
<arg>${json_data['results'][0]['login']}</arg>
<arg>${keyTwo}</arg>
<doc>Fails if ``key`` is not found from ``dictionary``.</doc>
<status status="PASS" start="2024-06-06T23:18:25.260841" elapsed="0.000420"/>
</kw>
<kw name="Dictionary Should Contain Key" owner="Collections">
<msg time="2024-06-06T23:18:25.261934" level="INFO">False</msg>
<arg>${json_data['results'][0]['login']}</arg>
<arg>${keyTwo}</arg>
<doc>Fails if ``key`` is not found from ``dictionary``.</doc>
<status status="PASS" start="2024-06-06T23:18:25.261556" elapsed="0.000415"/>
</kw>
<kw name="Log" owner="BuiltIn">
<msg time="2024-06-06T23:18:25.262391" level="INFO">username</msg>
<arg>${keyTwo}</arg>
<doc>Logs the given message with the given level.</doc>
<status status="PASS" start="2024-06-06T23:18:25.262266" elapsed="0.000162"/>
</kw>
<var name="${keyTwo}">username</var>
<status status="PASS" start="2024-06-06T23:18:25.260731" elapsed="0.001913"/>
</iter>
<iter>
<kw name="Dictionary Should Contain Key" owner="Collections">
<msg time="2024-06-06T23:18:25.263314" level="INFO">False</msg>
<arg>${json_data['results'][0]['login']}</arg>
<arg>${keyTwo}</arg>
<doc>Fails if ``key`` is not found from ``dictionary``.</doc>
<status status="PASS" start="2024-06-06T23:18:25.262934" elapsed="0.000417"/>
</kw>
<kw name="Dictionary Should Contain Key" owner="Collections">
<msg time="2024-06-06T23:18:25.264065" level="INFO">False</msg>
<arg>${json_data['results'][0]['login']}</arg>
<arg>${keyTwo}</arg>
<doc>Fails if ``key`` is not found from ``dictionary``.</doc>
<status status="PASS" start="2024-06-06T23:18:25.263642" elapsed="0.000463"/>
</kw>
<kw name="Log" owner="BuiltIn">
<msg time="2024-06-06T23:18:25.264530" level="INFO">password</msg>
<arg>${keyTwo}</arg>
<doc>Logs the given message with the given level.</doc>
<status status="PASS" start="2024-06-06T23:18:25.264404" elapsed="0.000163"/>
</kw>
<var name="${keyTwo}">password</var>
<status status="PASS" start="2024-06-06T23:18:25.262823" elapsed="0.001958"/>
</iter>
<var>${keyTwo}</var>
<value>@{expected_keysTwo}</value>
<status status="PASS" start="2024-06-06T23:18:25.260575" elapsed="0.004326"/>
</for>
<status status="PASS" start="2024-06-06T23:18:25.147790" elapsed="0.117251"/>
</kw>
<doc>Testa a estrutura da resposta da API.</doc>
<tag>testeEstruturaResposta</tag>
<status status="PASS" start="2024-06-06T23:18:25.147276" elapsed="0.117921"/>
</test>
<test id="s1-s1-t4" name="Validar tipos de dados" line="28">
<kw name="Teste de Tipos de Dados" owner="random-user-service">
<kw name="GET On Session" owner="RequestsLibrary">
<msg time="2024-06-06T23:18:25.359092" level="INFO">GET Request : url=https://randomuser.me/api 
 path_url=/api 
 headers={'User-Agent': 'python-requests/2.32.3', 'Accept-Encoding': 'gzip, deflate', 'Accept': '*/*', 'Connection': 'keep-alive'} 
 body=None 
 </msg>
<msg time="2024-06-06T23:18:25.359187" level="INFO">GET Response : url=https://randomuser.me/api 
 status=200, reason=OK 
 headers={'Date': 'Thu, 06 Jun 2024 23:18:25 GMT', 'Content-Type': 'application/json; charset=utf-8', 'Transfer-Encoding': 'chunked', 'Connection': 'keep-alive', 'X-Powered-By': 'Express', 'Access-Control-Allow-Origin': '*', 'Cache-Control': 'no-cache', 'ETag': 'W/"494-Mcv5J4MvbON8dsDzVPsk+jKhEOA"', 'Vary': 'Accept-Encoding', 'Content-Encoding': 'gzip', 'CF-Cache-Status': 'DYNAMIC', 'Report-To': '{"endpoints":[{"url":"https:\\/\\/a.nel.cloudflare.com\\/report\\/v4?s=rl4w2GRN67rgJMYjH9JWiDeNvnf%2BkZU9oYMh40S0V2Pabk%2FEVHQp2QM9tU2ZaI72EMyE6d7c%2BCExkskMO92Sbn3W5juneLZm5%2BpboEaaUrfrd0yaSrPq1F7gYS%2Bw1ncR"}],"group":"cf-nel","max_age":604800}', 'NEL': '{"success_fraction":0,"report_to":"cf-nel","max_age":604800}', 'Server': 'cloudflare', 'CF-RAY': '88fc1f17fbe181c1-IAD', 'alt-svc': 'h3=":443"; ma=86400'} 
 body={"results":[{"gender":"female","name":{"title":"Mrs","first":"Florina","last":"Netten"},"location":{"street":{"number":3801,"name":"Jabbekeplantsoen"},"city":"Rijen","state":"Drenthe","country":"Netherlands","postcode":"4718 QL","coordinates":{"latitude":"33.5394","longitude":"12.2904"},"timezone":{"offset":"-7:00","description":"Mountain Time (US &amp; Canada)"}},"email":"florina.netten@example.com","login":{"uuid":"47636db0-a773-43dd-ace6-a0f3cc894d60","username":"happymouse151","password":"tundra","salt":"CCln1Z5W","md5":"1fa3793afa86e2ead1edefd1e9072d8c","sha1":"4073d3c01dbf2a283efe0e578877fc1f8a9ceaf5","sha256":"721d657c9ec65a48f9d2755ce17019459ebdc5ac56f58857ff0cc82e874fdb2c"},"dob":{"date":"1999-01-04T12:26:49.587Z","age":25},"registered":{"date":"2007-03-06T19:02:42.482Z","age":17},"phone":"(085) 5384033","cell":"(06) 78372295","id":{"name":"BSN","value":"74098547"},"picture":{"large":"https://randomuser.me/api/portraits/women/74.jpg","medium":"https://randomuser.me/api/portraits/med/women/74.jpg","thumbnail":"https://randomuser.me/api/portraits/thumb/women/74.jpg"},"nat":"NL"}],"info":{"seed":"47231bddc0c20dc8","results":1,"page":1,"version":"1.4"}} 
 </msg>
<msg time="2024-06-06T23:18:25.359256" level="INFO">/opt/hostedtoolcache/Python/3.12.3/x64/lib/python3.12/site-packages/urllib3/connectionpool.py:1103: InsecureRequestWarning: Unverified HTTPS request is being made to host 'randomuser.me'. Adding certificate verification is strongly advised. See: https://urllib3.readthedocs.io/en/latest/advanced-usage.html#tls-warnings
  warnings.warn(</msg>
<msg time="2024-06-06T23:18:25.359356" level="INFO">${response} = &lt;Response [200]&gt;</msg>
<var>${response}</var>
<arg>consultarAPI</arg>
<arg>/api</arg>
<doc>Sends a GET request on a previously created HTTP Session.</doc>
<status status="PASS" start="2024-06-06T23:18:25.267830" elapsed="0.091565"/>
</kw>
<kw name="Set Variable" owner="BuiltIn">
<msg time="2024-06-06T23:18:25.360495" level="INFO">${json_data} = {'results': [{'gender': 'female', 'name': {'title': 'Mrs', 'first': 'Florina', 'last': 'Netten'}, 'location': {'street': {'number': 3801, 'name': 'Jabbekeplantsoen'}, 'city': 'Rijen', 'state': 'Drenth...</msg>
<var>${json_data}</var>
<arg>${response.json()}</arg>
<doc>Returns the given values which can then be assigned to a variables.</doc>
<status status="PASS" start="2024-06-06T23:18:25.359933" elapsed="0.000592"/>
</kw>
<kw name="Log" owner="BuiltIn">
<msg time="2024-06-06T23:18:25.360999" level="INFO">{'results': [{'gender': 'female', 'name': {'title': 'Mrs', 'first': 'Florina', 'last': 'Netten'}, 'location': {'street': {'number': 3801, 'name': 'Jabbekeplantsoen'}, 'city': 'Rijen', 'state': 'Drenthe', 'country': 'Netherlands', 'postcode': '4718 QL', 'coordinates': {'latitude': '33.5394', 'longitude': '12.2904'}, 'timezone': {'offset': '-7:00', 'description': 'Mountain Time (US &amp; Canada)'}}, 'email': 'florina.netten@example.com', 'login': {'uuid': '47636db0-a773-43dd-ace6-a0f3cc894d60', 'username': 'happymouse151', 'password': 'tundra', 'salt': 'CCln1Z5W', 'md5': '1fa3793afa86e2ead1edefd1e9072d8c', 'sha1': '4073d3c01dbf2a283efe0e578877fc1f8a9ceaf5', 'sha256': '721d657c9ec65a48f9d2755ce17019459ebdc5ac56f58857ff0cc82e874fdb2c'}, 'dob': {'date': '1999-01-04T12:26:49.587Z', 'age': 25}, 'registered': {'date': '2007-03-06T19:02:42.482Z', 'age': 17}, 'phone': '(085) 5384033', 'cell': '(06) 78372295', 'id': {'name': 'BSN', 'value': '74098547'}, 'picture': {'large': 'https://randomuser.me/api/portraits/women/74.jpg', 'medium': 'https://randomuser.me/api/portraits/med/women/74.jpg', 'thumbnail': 'https://randomuser.me/api/portraits/thumb/women/74.jpg'}, 'nat': 'NL'}], 'info': {'seed': '47231bddc0c20dc8', 'results': 1, 'page': 1, 'version': '1.4'}}</msg>
<arg>${json_data}</arg>
<doc>Logs the given message with the given level.</doc>
<status status="PASS" start="2024-06-06T23:18:25.360842" elapsed="0.000242"/>
</kw>
<kw name="Should Be String" owner="String">
<arg>${json_data['results'][0]['gender']}</arg>
<doc>Fails if the given ``item`` is not a string.</doc>
<status status="PASS" start="2024-06-06T23:18:25.361388" elapsed="0.000363"/>
</kw>
<kw name="Should Match Regexp" owner="BuiltIn">
<arg>${json_data['results'][0]['email']}</arg>
<arg>^[a-zA-Z0-9._%+-]+@[a-zA-Z0-9.-]+\.[a-zA-Z]{2,}$</arg>
<doc>Fails if ``string`` does not match ``pattern`` as a regular expression.</doc>
<status status="PASS" start="2024-06-06T23:18:25.361946" elapsed="0.000647"/>
</kw>
<kw name="Should Match Regexp" owner="BuiltIn">
<arg>${json_data['results'][0]['dob']['date']}</arg>
<arg>\\d{4}-\\d{2}-\\d{2}T\\d{2}:\\d{2}:\\d{2}\\.\\d{3}Z</arg>
<doc>Fails if ``string`` does not match ``pattern`` as a regular expression.</doc>
<status status="PASS" start="2024-06-06T23:18:25.362795" elapsed="0.000487"/>
</kw>
<kw name="Should Match Regexp" owner="BuiltIn">
<arg>${json_data['results'][0]['registered']['date']}</arg>
<arg>\\d{4}-\\d{2}-\\d{2}T\\d{2}:\\d{2}:\\d{2}\\.\\d{3}Z</arg>
<doc>Fails if ``string`` does not match ``pattern`` as a regular expression.</doc>
<status status="PASS" start="2024-06-06T23:18:25.363479" elapsed="0.000418"/>
</kw>
<kw name="Should Match Regexp" owner="BuiltIn">
<arg>${json_data['results'][0]['picture']['large']}</arg>
<arg>^https?://.*\.(?:png|jpe?g|gif|bmp)$</arg>
<doc>Fails if ``string`` does not match ``pattern`` as a regular expression.</doc>
<status status="PASS" start="2024-06-06T23:18:25.364105" elapsed="0.000470"/>
</kw>
<kw name="Should Match Regexp" owner="BuiltIn">
<arg>${json_data['results'][0]['picture']['medium']}</arg>
<arg>^https?://.*\.(?:png|jpe?g|gif|bmp)$</arg>
<doc>Fails if ``string`` does not match ``pattern`` as a regular expression.</doc>
<status status="PASS" start="2024-06-06T23:18:25.364773" elapsed="0.000357"/>
</kw>
<kw name="Should Match Regexp" owner="BuiltIn">
<arg>${json_data['results'][0]['picture']['thumbnail']}</arg>
<arg>^https?://.*\.(?:png|jpe?g|gif|bmp)$</arg>
<doc>Fails if ``string`` does not match ``pattern`` as a regular expression.</doc>
<status status="PASS" start="2024-06-06T23:18:25.365323" elapsed="0.000351"/>
</kw>
<kw name="Log" owner="BuiltIn">
<msg time="2024-06-06T23:18:25.366184" level="INFO">{'large': 'https://randomuser.me/api/portraits/women/74.jpg', 'medium': 'https://randomuser.me/api/portraits/med/women/74.jpg', 'thumbnail': 'https://randomuser.me/api/portraits/thumb/women/74.jpg'}</msg>
<arg>${json_data['results'][0]['picture']}</arg>
<doc>Logs the given message with the given level.</doc>
<status status="PASS" start="2024-06-06T23:18:25.365861" elapsed="0.000366"/>
</kw>
<status status="PASS" start="2024-06-06T23:18:25.267560" elapsed="0.098924"/>
</kw>
<kw name="Teste de Tipos de Dados - Postcode" owner="random-user-service">
<kw name="GET On Session" owner="RequestsLibrary">
<msg time="2024-06-06T23:18:25.441195" level="INFO">GET Request : url=https://randomuser.me/api 
 path_url=/api 
 headers={'User-Agent': 'python-requests/2.32.3', 'Accept-Encoding': 'gzip, deflate', 'Accept': '*/*', 'Connection': 'keep-alive'} 
 body=None 
 </msg>
<msg time="2024-06-06T23:18:25.441278" level="INFO">GET Response : url=https://randomuser.me/api 
 status=200, reason=OK 
 headers={'Date': 'Thu, 06 Jun 2024 23:18:25 GMT', 'Content-Type': 'application/json; charset=utf-8', 'Transfer-Encoding': 'chunked', 'Connection': 'keep-alive', 'X-Powered-By': 'Express', 'Access-Control-Allow-Origin': '*', 'Cache-Control': 'no-cache', 'ETag': 'W/"4a3-nKj/1ndZanqT7LL8qewyJ6kV1es"', 'Vary': 'Accept-Encoding', 'Content-Encoding': 'gzip', 'CF-Cache-Status': 'DYNAMIC', 'Report-To': '{"endpoints":[{"url":"https:\\/\\/a.nel.cloudflare.com\\/report\\/v4?s=TS1Sk9hwuqhvkyIEysBIWDLnTT3W8utsNB3OpR79ho4PB0xsjB0v4Tr9G%2FN6X1kZAcPDHbHaU8TJYk%2BD5u9wLnuWxFyxriJeibMBhK9nYnEf%2BFtlFeYLdsLEeT6%2FREaP"}],"group":"cf-nel","max_age":604800}', 'NEL': '{"success_fraction":0,"report_to":"cf-nel","max_age":604800}', 'Server': 'cloudflare', 'CF-RAY': '88fc1f188cb281c1-IAD', 'alt-svc': 'h3=":443"; ma=86400'} 
 body={"results":[{"gender":"male","name":{"title":"Mr","first":"Gerardo","last":"Naranjo"},"location":{"street":{"number":3058,"name":"Eje vial Sur Borrego"},"city":"Huauchinango","state":"Morelos","country":"Mexico","postcode":92551,"coordinates":{"latitude":"28.1504","longitude":"-150.7266"},"timezone":{"offset":"+10:00","description":"Eastern Australia, Guam, Vladivostok"}},"email":"gerardo.naranjo@example.com","login":{"uuid":"59f4a58e-7120-469f-9d53-9a1497f74afa","username":"greenduck658","password":"spider","salt":"CfldxK9h","md5":"ba73158cbb4c2032cd656821fa2ae21a","sha1":"a00b8a9465d070a4b2bb5b8dae66a1eccc981f16","sha256":"68a5fc255902316f435789780a49fab1ebcbc80d0295575ec2563b66ac898f69"},"dob":{"date":"1982-07-05T22:06:04.099Z","age":41},"registered":{"date":"2003-10-23T06:28:02.981Z","age":20},"phone":"(654) 942 6960","cell":"(650) 495 4379","id":{"name":"NSS","value":"30 85 84 5439 4"},"picture":{"large":"https://randomuser.me/api/portraits/men/27.jpg","medium":"https://randomuser.me/api/portraits/med/men/27.jpg","thumbnail":"https://randomuser.me/api/portraits/thumb/men/27.jpg"},"nat":"MX"}],"info":{"seed":"9fe6c66ef1bc370d","results":1,"page":1,"version":"1.4"}} 
 </msg>
<msg time="2024-06-06T23:18:25.441348" level="INFO">/opt/hostedtoolcache/Python/3.12.3/x64/lib/python3.12/site-packages/urllib3/connectionpool.py:1103: InsecureRequestWarning: Unverified HTTPS request is being made to host 'randomuser.me'. Adding certificate verification is strongly advised. See: https://urllib3.readthedocs.io/en/latest/advanced-usage.html#tls-warnings
  warnings.warn(</msg>
<msg time="2024-06-06T23:18:25.441451" level="INFO">${response} = &lt;Response [200]&gt;</msg>
<var>${response}</var>
<arg>consultarAPI</arg>
<arg>/api</arg>
<doc>Sends a GET request on a previously created HTTP Session.</doc>
<status status="PASS" start="2024-06-06T23:18:25.366939" elapsed="0.074552"/>
</kw>
<kw name="Set Variable" owner="BuiltIn">
<msg time="2024-06-06T23:18:25.442526" level="INFO">${json_data} = {'results': [{'gender': 'male', 'name': {'title': 'Mr', 'first': 'Gerardo', 'last': 'Naranjo'}, 'location': {'street': {'number': 3058, 'name': 'Eje vial Sur Borrego'}, 'city': 'Huauchinango', 'state'...</msg>
<var>${json_data}</var>
<arg>${response.json()}</arg>
<doc>Returns the given values which can then be assigned to a variables.</doc>
<status status="PASS" start="2024-06-06T23:18:25.441976" elapsed="0.000579"/>
</kw>
<kw name="Log" owner="BuiltIn">
<msg time="2024-06-06T23:18:25.443018" level="INFO">{'results': [{'gender': 'male', 'name': {'title': 'Mr', 'first': 'Gerardo', 'last': 'Naranjo'}, 'location': {'street': {'number': 3058, 'name': 'Eje vial Sur Borrego'}, 'city': 'Huauchinango', 'state': 'Morelos', 'country': 'Mexico', 'postcode': 92551, 'coordinates': {'latitude': '28.1504', 'longitude': '-150.7266'}, 'timezone': {'offset': '+10:00', 'description': 'Eastern Australia, Guam, Vladivostok'}}, 'email': 'gerardo.naranjo@example.com', 'login': {'uuid': '59f4a58e-7120-469f-9d53-9a1497f74afa', 'username': 'greenduck658', 'password': 'spider', 'salt': 'CfldxK9h', 'md5': 'ba73158cbb4c2032cd656821fa2ae21a', 'sha1': 'a00b8a9465d070a4b2bb5b8dae66a1eccc981f16', 'sha256': '68a5fc255902316f435789780a49fab1ebcbc80d0295575ec2563b66ac898f69'}, 'dob': {'date': '1982-07-05T22:06:04.099Z', 'age': 41}, 'registered': {'date': '2003-10-23T06:28:02.981Z', 'age': 20}, 'phone': '(654) 942 6960', 'cell': '(650) 495 4379', 'id': {'name': 'NSS', 'value': '30 85 84 5439 4'}, 'picture': {'large': 'https://randomuser.me/api/portraits/men/27.jpg', 'medium': 'https://randomuser.me/api/portraits/med/men/27.jpg', 'thumbnail': 'https://randomuser.me/api/portraits/thumb/men/27.jpg'}, 'nat': 'MX'}], 'info': {'seed': '9fe6c66ef1bc370d', 'results': 1, 'page': 1, 'version': '1.4'}}</msg>
<arg>${json_data}</arg>
<doc>Logs the given message with the given level.</doc>
<status status="PASS" start="2024-06-06T23:18:25.442866" elapsed="0.000233"/>
</kw>
<kw name="Should Be Equal As Numbers" owner="BuiltIn">
<arg>${json_data['results'][0]['location']['postcode']}</arg>
<arg>${json_data['results'][0]['location']['postcode']}</arg>
<doc>Fails if objects are unequal after converting them to real numbers.</doc>
<status status="PASS" start="2024-06-06T23:18:25.443400" elapsed="0.000670"/>
</kw>
<kw name="Log" owner="BuiltIn">
<msg time="2024-06-06T23:18:25.444603" level="INFO">92551</msg>
<arg>${json_data['results'][0]['location']['postcode']}</arg>
<doc>Logs the given message with the given level.</doc>
<status status="PASS" start="2024-06-06T23:18:25.444265" elapsed="0.000381"/>
</kw>
<status status="PASS" start="2024-06-06T23:18:25.366712" elapsed="0.078190"/>
</kw>
<doc>Testa se os tipos de dados na resposta da API estão corretos.</doc>
<tag>testeTiposDados</tag>
<status status="PASS" start="2024-06-06T23:18:25.266990" elapsed="0.178086"/>
</test>
<test id="s1-s1-t5" name="Validar conteudo" line="35">
<kw name="Teste de Tipos de Conteudo" owner="random-user-service">
<kw name="GET On Session" owner="RequestsLibrary">
<msg time="2024-06-06T23:18:25.547528" level="INFO">GET Request : url=https://randomuser.me/api 
 path_url=/api 
 headers={'User-Agent': 'python-requests/2.32.3', 'Accept-Encoding': 'gzip, deflate', 'Accept': '*/*', 'Connection': 'keep-alive'} 
 body=None 
 </msg>
<msg time="2024-06-06T23:18:25.547600" level="INFO">GET Response : url=https://randomuser.me/api 
 status=200, reason=OK 
 headers={'Date': 'Thu, 06 Jun 2024 23:18:25 GMT', 'Content-Type': 'application/json; charset=utf-8', 'Transfer-Encoding': 'chunked', 'Connection': 'keep-alive', 'X-Powered-By': 'Express', 'Access-Control-Allow-Origin': '*', 'Cache-Control': 'no-cache', 'ETag': 'W/"4b9-0boAs28wq+5Pbsm1eH6281z0W/M"', 'Vary': 'Accept-Encoding', 'Content-Encoding': 'gzip', 'CF-Cache-Status': 'DYNAMIC', 'Report-To': '{"endpoints":[{"url":"https:\\/\\/a.nel.cloudflare.com\\/report\\/v4?s=mgmde1URTeGV9B1IEq7uB6yHsES8ic2yWyh1dqPLMKhfjqqbVayNE%2BYGfW638kqQTNnf%2BCEIWat4fwpCYlSQVTEazvBpuKTTMjD4xWNdxv%2FREfJ0bAGe9ittADg6rM4I"}],"group":"cf-nel","max_age":604800}', 'NEL': '{"success_fraction":0,"report_to":"cf-nel","max_age":604800}', 'Server': 'cloudflare', 'CF-RAY': '88fc1f190d6781c1-IAD', 'alt-svc': 'h3=":443"; ma=86400'} 
 body={"results":[{"gender":"female","name":{"title":"Ms","first":"سارا","last":"كامياران"},"location":{"street":{"number":72,"name":"میدان ولیعصر (عج)"},"city":"بندرعباس","state":"خراسان جنوبی","country":"Iran","postcode":48345,"coordinates":{"latitude":"13.2942","longitude":"142.8502"},"timezone":{"offset":"-5:00","description":"Eastern Time (US &amp; Canada), Bogota, Lima"}},"email":"sr.kmyrn@example.com","login":{"uuid":"78b40c34-6d1e-4145-aedc-a7da68f634f9","username":"smallmouse497","password":"stafford","salt":"2e3etuj3","md5":"1a16f2af8a288272e25d2005683e9058","sha1":"942a159630551d9db91cc9ad0ba358d07c990bfc","sha256":"2734ffe6b3cd6813c52607ea61bbdad93ebc9425556ae20ac375f8bf92b25046"},"dob":{"date":"1993-10-07T04:20:11.442Z","age":30},"registered":{"date":"2015-07-11T22:12:14.237Z","age":8},"phone":"059-42295802","cell":"0956-190-2431","id":{"name":"","value":null},"picture":{"large":"https://randomuser.me/api/portraits/women/38.jpg","medium":"https://randomuser.me/api/portraits/med/women/38.jpg","thumbnail":"https://randomuser.me/api/portraits/thumb/women/38.jpg"},"nat":"IR"}],"info":{"seed":"8936956fa8cf85ff","results":1,"page":1,"version":"1.4"}} 
 </msg>
<msg time="2024-06-06T23:18:25.547664" level="INFO">/opt/hostedtoolcache/Python/3.12.3/x64/lib/python3.12/site-packages/urllib3/connectionpool.py:1103: InsecureRequestWarning: Unverified HTTPS request is being made to host 'randomuser.me'. Adding certificate verification is strongly advised. See: https://urllib3.readthedocs.io/en/latest/advanced-usage.html#tls-warnings
  warnings.warn(</msg>
<msg time="2024-06-06T23:18:25.547789" level="INFO">${response} = &lt;Response [200]&gt;</msg>
<var>${response}</var>
<arg>consultarAPI</arg>
<arg>/api</arg>
<doc>Sends a GET request on a previously created HTTP Session.</doc>
<status status="PASS" start="2024-06-06T23:18:25.447617" elapsed="0.100215"/>
</kw>
<kw name="Set Variable" owner="BuiltIn">
<msg time="2024-06-06T23:18:25.548870" level="INFO">${json_data} = {'results': [{'gender': 'female', 'name': {'title': 'Ms', 'first': 'سارا', 'last': 'كامياران'}, 'location': {'street': {'number': 72, 'name': 'میدان ولیعصر (عج)'}, 'city': 'بندرعباس', 'state': 'خراسان...</msg>
<var>${json_data}</var>
<arg>${response.json()}</arg>
<doc>Returns the given values which can then be assigned to a variables.</doc>
<status status="PASS" start="2024-06-06T23:18:25.548303" elapsed="0.000598"/>
</kw>
<kw name="Set Variable" owner="BuiltIn">
<msg time="2024-06-06T23:18:25.549597" level="INFO">${name_title} = Ms</msg>
<var>${name_title}</var>
<arg>${json_data["results"][0]["name"]["title"]}</arg>
<doc>Returns the given values which can then be assigned to a variables.</doc>
<status status="PASS" start="2024-06-06T23:18:25.549209" elapsed="0.000414"/>
</kw>
<kw name="Create List" owner="BuiltIn">
<msg time="2024-06-06T23:18:25.550070" level="INFO">${allowed_titles} = ['Mr', 'Ms', 'Miss', 'Mrs', 'Madame', 'Monsieur']</msg>
<var>${allowed_titles}</var>
<arg>Mr</arg>
<arg>Ms</arg>
<arg>Miss</arg>
<arg>Mrs</arg>
<arg>Madame</arg>
<arg>Monsieur</arg>
<doc>Returns a list containing given items.</doc>
<status status="PASS" start="2024-06-06T23:18:25.549920" elapsed="0.000174"/>
</kw>
<kw name="List Should Contain Value" owner="Collections">
<msg time="2024-06-06T23:18:25.550575" level="INFO">False</msg>
<arg>${allowed_titles}</arg>
<arg>${name_title}</arg>
<doc>Fails if the ``value`` is not found from ``list``.</doc>
<status status="PASS" start="2024-06-06T23:18:25.550392" elapsed="0.000225"/>
</kw>
<kw name="Set Variable" owner="BuiltIn">
<msg time="2024-06-06T23:18:25.551450" level="INFO">${name_country} = IR</msg>
<var>${name_country}</var>
<arg>${json_data["results"][0]["nat"]}</arg>
<doc>Returns the given values which can then be assigned to a variables.</doc>
<status status="PASS" start="2024-06-06T23:18:25.550917" elapsed="0.000560"/>
</kw>
<kw name="Create List" owner="BuiltIn">
<msg time="2024-06-06T23:18:25.552425" level="INFO">${list_country} = ['AD', 'AE', 'AF', 'AG', 'AI', 'AL', 'AM', 'AO', 'AQ', 'AR', 'AS', 'AT', 'AU', 'AW', 'AX', 'AZ', 'BA', 'BB', 'BD', 'BE', 'BF', 'BG', 'BH', 'BI', 'BJ', 'BL', 'BM', 'BN', 'BO', 'BQ', 'BR', 'BS', 'BT', '...</msg>
<var>${list_country}</var>
<arg>AD</arg>
<arg>AE</arg>
<arg>AF</arg>
<arg>AG</arg>
<arg>AI</arg>
<arg>AL</arg>
<arg>AM</arg>
<arg>AO</arg>
<arg>AQ</arg>
<arg>AR</arg>
<arg>AS</arg>
<arg>AT</arg>
<arg>AU</arg>
<arg>AW</arg>
<arg>AX</arg>
<arg>AZ</arg>
<arg>BA</arg>
<arg>BB</arg>
<arg>BD</arg>
<arg>BE</arg>
<arg>BF</arg>
<arg>BG</arg>
<arg>BH</arg>
<arg>BI</arg>
<arg>BJ</arg>
<arg>BL</arg>
<arg>BM</arg>
<arg>BN</arg>
<arg>BO</arg>
<arg>BQ</arg>
<arg>BR</arg>
<arg>BS</arg>
<arg>BT</arg>
<arg>BV</arg>
<arg>BW</arg>
<arg>BY</arg>
<arg>BZ</arg>
<arg>CA</arg>
<arg>CC</arg>
<arg>CD</arg>
<arg>CF</arg>
<arg>CG</arg>
<arg>CH</arg>
<arg>CI</arg>
<arg>CK</arg>
<arg>CL</arg>
<arg>CM</arg>
<arg>CN</arg>
<arg>CO</arg>
<arg>CR</arg>
<arg>CU</arg>
<arg>CV</arg>
<arg>CW</arg>
<arg>CX</arg>
<arg>CY</arg>
<arg>CZ</arg>
<arg>DE</arg>
<arg>DJ</arg>
<arg>DK</arg>
<arg>DM</arg>
<arg>DO</arg>
<arg>DZ</arg>
<arg>EC</arg>
<arg>EE</arg>
<arg>EG</arg>
<arg>EH</arg>
<arg>ER</arg>
<arg>ES</arg>
<arg>ET</arg>
<arg>FI</arg>
<arg>FJ</arg>
<arg>FK</arg>
<arg>FM</arg>
<arg>FO</arg>
<arg>FR</arg>
<arg>GA</arg>
<arg>GB</arg>
<arg>GD</arg>
<arg>GE</arg>
<arg>GF</arg>
<arg>GG</arg>
<arg>GH</arg>
<arg>GI</arg>
<arg>GL</arg>
<arg>GM</arg>
<arg>GN</arg>
<arg>GP</arg>
<arg>GQ</arg>
<arg>GR</arg>
<arg>GS</arg>
<arg>GT</arg>
<arg>GU</arg>
<arg>GW</arg>
<arg>GY</arg>
<arg>HK</arg>
<arg>HM</arg>
<arg>HN</arg>
<arg>HR</arg>
<arg>HT</arg>
<arg>HU</arg>
<arg>ID</arg>
<arg>IE</arg>
<arg>IL</arg>
<arg>IM</arg>
<arg>IN</arg>
<arg>IO</arg>
<arg>IQ</arg>
<arg>IR</arg>
<arg>IS</arg>
<arg>IT</arg>
<arg>JE</arg>
<arg>JM</arg>
<arg>JO</arg>
<arg>JP</arg>
<arg>KE</arg>
<arg>KG</arg>
<arg>KH</arg>
<arg>KI</arg>
<arg>KM</arg>
<arg>KN</arg>
<arg>KP</arg>
<arg>KR</arg>
<arg>KW</arg>
<arg>KY</arg>
<arg>KZ</arg>
<arg>LA</arg>
<arg>LB</arg>
<arg>LC</arg>
<arg>LI</arg>
<arg>LK</arg>
<arg>LR</arg>
<arg>LS</arg>
<arg>LT</arg>
<arg>LU</arg>
<arg>LV</arg>
<arg>LY</arg>
<arg>MA</arg>
<arg>MC</arg>
<arg>MD</arg>
<arg>ME</arg>
<arg>MF</arg>
<arg>MG</arg>
<arg>MH</arg>
<arg>MK</arg>
<arg>ML</arg>
<arg>MM</arg>
<arg>MN</arg>
<arg>MO</arg>
<arg>MP</arg>
<arg>MQ</arg>
<arg>MR</arg>
<arg>MS</arg>
<arg>MT</arg>
<arg>MU</arg>
<arg>MV</arg>
<arg>MW</arg>
<arg>MX</arg>
<arg>MY</arg>
<arg>MZ</arg>
<arg>NA</arg>
<arg>NC</arg>
<arg>NE</arg>
<arg>NF</arg>
<arg>NG</arg>
<arg>NI</arg>
<arg>NL</arg>
<arg>NO</arg>
<arg>NP</arg>
<arg>NR</arg>
<arg>NU</arg>
<arg>NZ</arg>
<arg>OM</arg>
<arg>PA</arg>
<arg>PE</arg>
<arg>PF</arg>
<arg>PG</arg>
<arg>PH</arg>
<arg>PK</arg>
<arg>PL</arg>
<arg>PM</arg>
<arg>PN</arg>
<arg>PR</arg>
<arg>PS</arg>
<arg>PT</arg>
<arg>PW</arg>
<arg>PY</arg>
<arg>QA</arg>
<arg>RE</arg>
<arg>RO</arg>
<arg>RS</arg>
<arg>RU</arg>
<arg>RW</arg>
<arg>SA</arg>
<arg>SB</arg>
<arg>SC</arg>
<arg>SD</arg>
<arg>SE</arg>
<arg>SG</arg>
<arg>SH</arg>
<arg>SI</arg>
<arg>SJ</arg>
<arg>SK</arg>
<arg>SL</arg>
<arg>SM</arg>
<arg>SN</arg>
<arg>SO</arg>
<arg>SR</arg>
<arg>SS</arg>
<arg>ST</arg>
<arg>SV</arg>
<arg>SX</arg>
<arg>SY</arg>
<arg>SZ</arg>
<arg>TC</arg>
<arg>TD</arg>
<arg>TF</arg>
<arg>TG</arg>
<arg>TH</arg>
<arg>TJ</arg>
<arg>TK</arg>
<arg>TL</arg>
<arg>TM</arg>
<arg>TN</arg>
<arg>TO</arg>
<arg>TR</arg>
<arg>TT</arg>
<arg>TV</arg>
<arg>TW</arg>
<arg>TZ</arg>
<arg>UA</arg>
<arg>UG</arg>
<arg>UM</arg>
<arg>US</arg>
<arg>UY</arg>
<arg>UZ</arg>
<arg>VA</arg>
<arg>VC</arg>
<arg>VE</arg>
<arg>VG</arg>
<arg>VI</arg>
<arg>VN</arg>
<arg>VU</arg>
<arg>WF</arg>
<arg>WS</arg>
<arg>XK</arg>
<arg>YE</arg>
<arg>YT</arg>
<arg>ZA</arg>
<arg>ZM</arg>
<arg>ZW</arg>
<doc>Returns a list containing given items.</doc>
<status status="PASS" start="2024-06-06T23:18:25.551821" elapsed="0.000630"/>
</kw>
<kw name="List Should Contain Value" owner="Collections">
<msg time="2024-06-06T23:18:25.553446" level="INFO">False</msg>
<arg>${list_country}</arg>
<arg>${name_country}</arg>
<doc>Fails if the ``value`` is not found from ``list``.</doc>
<status status="PASS" start="2024-06-06T23:18:25.553243" elapsed="0.000240"/>
</kw>
<kw name="Run Keyword If" owner="BuiltIn">
<kw name="Should Be True" owner="BuiltIn">
<arg>${True}</arg>
<doc>Fails if the given condition is not true.</doc>
<status status="PASS" start="2024-06-06T23:18:25.554530" elapsed="0.000144"/>
</kw>
<arg>${json_data["results"][0]["location"]["coordinates"]["latitude"]} &gt;= -90 and ${json_data["results"][0]["location"]["coordinates"]["latitude"]} &lt;= 90</arg>
<arg>Should Be True</arg>
<arg>${True}</arg>
<doc>Runs the given keyword with the given arguments, if ``condition`` is true.</doc>
<status status="PASS" start="2024-06-06T23:18:25.553798" elapsed="0.001001"/>
</kw>
<kw name="Run Keyword If" owner="BuiltIn">
<kw name="Should Be True" owner="BuiltIn">
<arg>${True}</arg>
<doc>Fails if the given condition is not true.</doc>
<status status="PASS" start="2024-06-06T23:18:25.555680" elapsed="0.000175"/>
</kw>
<arg>${json_data["results"][0]["location"]["coordinates"]["longitude"]} &gt;= -180 and ${json_data["results"][0]["location"]["coordinates"]["longitude"]} &lt;= 180</arg>
<arg>Should Be True</arg>
<arg>${True}</arg>
<doc>Runs the given keyword with the given arguments, if ``condition`` is true.</doc>
<status status="PASS" start="2024-06-06T23:18:25.554989" elapsed="0.000996"/>
</kw>
<status status="PASS" start="2024-06-06T23:18:25.447384" elapsed="0.108730"/>
</kw>
<doc>Testa o conteúdo específico dos campos retornados pela API.</doc>
<tag>testeConteudo</tag>
<status status="PASS" start="2024-06-06T23:18:25.446851" elapsed="0.109412"/>
</test>
<status status="PASS" start="2024-06-06T23:18:24.740679" elapsed="0.817544"/>
</suite>
<status status="PASS" start="2024-06-06T23:18:24.727272" elapsed="0.836139"/>
</suite>
<statistics>
<total>
<stat pass="5" fail="0" skip="0">All Tests</stat>
</total>
<tag>
<stat pass="1" fail="0" skip="0">testeConteudo</stat>
<stat pass="1" fail="0" skip="0">testeEstruturaResposta</stat>
<stat pass="1" fail="0" skip="0">testeRequisicaoBasica</stat>
<stat pass="1" fail="0" skip="0">testeTiposDados</stat>
</tag>
<suite>
<stat pass="5" fail="0" skip="0" id="s1" name="Tests">Tests</stat>
<stat pass="5" fail="0" skip="0" id="s1-s1" name="Random-User-Test">Tests.Random-User-Test</stat>
</suite>
</statistics>
<errors>
</errors>
</robot>
