<?xml version="1.0" encoding="UTF-8"?>
<robot generator="Robot 7.0 (Python 3.12.3 on linux)" generated="2024-05-22T02:27:58.766067" rpa="false" schemaversion="5">
<suite id="s1" name="Tests" source="/home/runner/work/DesafioQAItauRogerioJordao/DesafioQAItauRogerioJordao/RamdonUser/tests">
<suite id="s1-s1" name="Random-User-Test" source="/home/runner/work/DesafioQAItauRogerioJordao/DesafioQAItauRogerioJordao/RamdonUser/tests/random-user-test.robot">
<test id="s1-s1-t1" name="Conectar" line="13">
<kw name="Conectar API" owner="random-user-service">
<kw name="Create Session" owner="RequestsLibrary">
<msg time="2024-05-22T02:27:59.207802" level="INFO">Creating Session using : alias=consultarAPI, url=https://randomuser.me/, headers={},                     cookies={}, auth=None, timeout=None, proxies=None, verify=False,                     debug=0 </msg>
<arg>consultarAPI</arg>
<arg>${URL}</arg>
<doc>Create Session: create a HTTP session to a server</doc>
<status status="PASS" start="2024-05-22T02:27:59.207565" elapsed="0.000454"/>
</kw>
<status status="PASS" start="2024-05-22T02:27:59.206481" elapsed="0.001961"/>
</kw>
<status status="PASS" start="2024-05-22T02:27:59.205815" elapsed="0.002839"/>
</test>
<test id="s1-s1-t2" name="Validar retorno 200 e JSON Válido" line="16">
<kw name="Teste de Requisicao Basica" owner="random-user-service">
<kw name="GET On Session" owner="RequestsLibrary">
<msg time="2024-05-22T02:27:59.473127" level="INFO">GET Request : url=https://randomuser.me/api 
 path_url=/api 
 headers={'User-Agent': 'python-requests/2.32.2', 'Accept-Encoding': 'gzip, deflate', 'Accept': '*/*', 'Connection': 'keep-alive'} 
 body=None 
 </msg>
<msg time="2024-05-22T02:27:59.473312" level="INFO">GET Response : url=https://randomuser.me/api 
 status=200, reason=OK 
 headers={'Date': 'Wed, 22 May 2024 02:27:59 GMT', 'Content-Type': 'application/json; charset=utf-8', 'Transfer-Encoding': 'chunked', 'Connection': 'keep-alive', 'X-Powered-By': 'Express', 'Access-Control-Allow-Origin': '*', 'Cache-Control': 'no-cache', 'ETag': 'W/"48a-nJABL2SRsQnTsaWFTXK5rgQqNmI"', 'Vary': 'Accept-Encoding', 'Content-Encoding': 'gzip', 'CF-Cache-Status': 'DYNAMIC', 'Report-To': '{"endpoints":[{"url":"https:\\/\\/a.nel.cloudflare.com\\/report\\/v4?s=V0N5d0kQ4XXPfCdf%2BWNYZp4wi8XYEUwtMg7gBul7Mc6Pj8lV8H5bFNaoZ%2FdPkuqbjtmXJYn4nqZT%2B0U7guSwegMDwbd5d5MQcuU9TqPwe1AtBpQ2bXL7uwipu41aOvRk"}],"group":"cf-nel","max_age":604800}', 'NEL': '{"success_fraction":0,"report_to":"cf-nel","max_age":604800}', 'Server': 'cloudflare', 'CF-RAY': '88795ec85a4c13f5-ORD', 'alt-svc': 'h3=":443"; ma=86400'} 
 body={"results":[{"gender":"male","name":{"title":"Mr","first":"Vlastimir","last":"Pejić"},"location":{"street":{"number":8861,"name":"Božidara Pavićevića "},"city":"Vršac","state":"Moravica","country":"Serbia","postcode":38918,"coordinates":{"latitude":"62.5677","longitude":"-141.6950"},"timezone":{"offset":"-12:00","description":"Eniwetok, Kwajalein"}},"email":"vlastimir.pejic@example.com","login":{"uuid":"e80e1f55-d28e-4ce5-9769-c888c2e8a003","username":"happymeercat807","password":"insane","salt":"YhF5X4u1","md5":"4433ceeb62b3134beeb4c8cf718fb074","sha1":"fb0b6aaf89ebd7be8fb5ec5d2f6bd620b6a6ed94","sha256":"1981588723935424557c29a3e43ce228ae750e6d5a7be43d0c4fd280f91c609a"},"dob":{"date":"1973-07-09T14:04:59.244Z","age":50},"registered":{"date":"2012-12-08T16:17:33.192Z","age":11},"phone":"031-8560-014","cell":"060-2350-636","id":{"name":"SID","value":"147104320"},"picture":{"large":"https://randomuser.me/api/portraits/men/51.jpg","medium":"https://randomuser.me/api/portraits/med/men/51.jpg","thumbnail":"https://randomuser.me/api/portraits/thumb/men/51.jpg"},"nat":"RS"}],"info":{"seed":"bd8b33b3e0e596c7","results":1,"page":1,"version":"1.4"}} 
 </msg>
<msg time="2024-05-22T02:27:59.473411" level="INFO">/opt/hostedtoolcache/Python/3.12.3/x64/lib/python3.12/site-packages/urllib3/connectionpool.py:1103: InsecureRequestWarning: Unverified HTTPS request is being made to host 'randomuser.me'. Adding certificate verification is strongly advised. See: https://urllib3.readthedocs.io/en/latest/advanced-usage.html#tls-warnings
  warnings.warn(</msg>
<msg time="2024-05-22T02:27:59.473576" level="INFO">${response} = &lt;Response [200]&gt;</msg>
<var>${response}</var>
<arg>consultarAPI</arg>
<arg>/api</arg>
<doc>Sends a GET request on a previously created HTTP Session.</doc>
<status status="PASS" start="2024-05-22T02:27:59.211440" elapsed="0.262179"/>
</kw>
<kw name="Should Be Equal As Numbers" owner="BuiltIn">
<msg time="2024-05-22T02:27:59.474841" level="INFO">Argument types are:
&lt;class 'int'&gt;
&lt;class 'str'&gt;</msg>
<arg>${response.status_code}</arg>
<arg>200</arg>
<doc>Fails if objects are unequal after converting them to real numbers.</doc>
<status status="PASS" start="2024-05-22T02:27:59.474330" elapsed="0.000586"/>
</kw>
<kw name="Log" owner="BuiltIn">
<msg time="2024-05-22T02:27:59.475743" level="INFO">200</msg>
<arg>${response.status_code}</arg>
<doc>Logs the given message with the given level.</doc>
<status status="PASS" start="2024-05-22T02:27:59.475346" elapsed="0.000451"/>
</kw>
<kw name="Set Variable" owner="BuiltIn">
<msg time="2024-05-22T02:27:59.476632" level="INFO">${json_data} = {'results': [{'gender': 'male', 'name': {'title': 'Mr', 'first': 'Vlastimir', 'last': 'Pejić'}, 'location': {'street': {'number': 8861, 'name': 'Božidara Pavićevića '}, 'city': 'Vršac', 'state': 'Mora...</msg>
<var>${json_data}</var>
<arg>${response.json()}</arg>
<doc>Returns the given values which can then be assigned to a variables.</doc>
<status status="PASS" start="2024-05-22T02:27:59.476148" elapsed="0.000516"/>
</kw>
<kw name="Dictionary Should Contain Key" owner="Collections">
<msg time="2024-05-22T02:27:59.477215" level="INFO">False</msg>
<arg>${json_data}</arg>
<arg>results</arg>
<doc>Fails if ``key`` is not found from ``dictionary``.</doc>
<status status="PASS" start="2024-05-22T02:27:59.477034" elapsed="0.000221"/>
</kw>
<status status="PASS" start="2024-05-22T02:27:59.211161" elapsed="0.266372"/>
</kw>
<doc>Testa se a API responde corretamente e retorna um objeto JSON válido.</doc>
<tag>testeRequisicaoBasica</tag>
<status status="PASS" start="2024-05-22T02:27:59.210642" elapsed="0.267088"/>
</test>
<test id="s1-s1-t3" name="Validar estrutura de resposta" line="22">
<kw name="Teste de Estrutura de Resposta" owner="random-user-service">
<kw name="GET On Session" owner="RequestsLibrary">
<msg time="2024-05-22T02:27:59.588630" level="INFO">GET Request : url=https://randomuser.me/api 
 path_url=/api 
 headers={'User-Agent': 'python-requests/2.32.2', 'Accept-Encoding': 'gzip, deflate', 'Accept': '*/*', 'Connection': 'keep-alive'} 
 body=None 
 </msg>
<msg time="2024-05-22T02:27:59.588747" level="INFO">GET Response : url=https://randomuser.me/api 
 status=200, reason=OK 
 headers={'Date': 'Wed, 22 May 2024 02:27:59 GMT', 'Content-Type': 'application/json; charset=utf-8', 'Transfer-Encoding': 'chunked', 'Connection': 'keep-alive', 'X-Powered-By': 'Express', 'Access-Control-Allow-Origin': '*', 'Cache-Control': 'no-cache', 'ETag': 'W/"486-Dfpvljc/4RBHxjsDZ7YPxQqYFXY"', 'Vary': 'Accept-Encoding', 'Content-Encoding': 'gzip', 'CF-Cache-Status': 'DYNAMIC', 'Report-To': '{"endpoints":[{"url":"https:\\/\\/a.nel.cloudflare.com\\/report\\/v4?s=AL5eeY8EN3M%2BIv6qLHfyfn%2ByriNUImsPKiyI1f1nJLI7KqwoeFS1G2uqbz3%2BS0KXOMwPyrPZneG8wWwVH48hg%2B0JHTt14%2FsJaFeR9ozeKKnT%2FW%2FTiHjj3lZGnytAWdth"}],"group":"cf-nel","max_age":604800}', 'NEL': '{"success_fraction":0,"report_to":"cf-nel","max_age":604800}', 'Server': 'cloudflare', 'CF-RAY': '88795ec8cae113f5-ORD', 'alt-svc': 'h3=":443"; ma=86400'} 
 body={"results":[{"gender":"female","name":{"title":"Mrs","first":"Polyana","last":"Globa"},"location":{"street":{"number":2064,"name":"Generala Udovichenka"},"city":"Stariy Krim","state":"Vinnicka","country":"Ukraine","postcode":47805,"coordinates":{"latitude":"77.5867","longitude":"30.9677"},"timezone":{"offset":"-12:00","description":"Eniwetok, Kwajalein"}},"email":"polyana.globa@example.com","login":{"uuid":"a37032d0-64da-4a7b-9603-4a27e881cff5","username":"brownfish674","password":"616161","salt":"s2POCSYA","md5":"ab9009a046e166a60f7d117621eb2b4f","sha1":"77846a0361271c13afdaa90fc226f09236d7934c","sha256":"8582419f66ae7fa58b8432b2637277fedb14f1818a42152c00acd32b1559b1f0"},"dob":{"date":"1951-10-17T21:46:24.288Z","age":72},"registered":{"date":"2011-10-06T08:39:50.015Z","age":12},"phone":"(096) N07-9939","cell":"(066) T15-4745","id":{"name":"","value":null},"picture":{"large":"https://randomuser.me/api/portraits/women/88.jpg","medium":"https://randomuser.me/api/portraits/med/women/88.jpg","thumbnail":"https://randomuser.me/api/portraits/thumb/women/88.jpg"},"nat":"UA"}],"info":{"seed":"98ac88ea35209dff","results":1,"page":1,"version":"1.4"}} 
 </msg>
<msg time="2024-05-22T02:27:59.588922" level="INFO">/opt/hostedtoolcache/Python/3.12.3/x64/lib/python3.12/site-packages/urllib3/connectionpool.py:1103: InsecureRequestWarning: Unverified HTTPS request is being made to host 'randomuser.me'. Adding certificate verification is strongly advised. See: https://urllib3.readthedocs.io/en/latest/advanced-usage.html#tls-warnings
  warnings.warn(</msg>
<msg time="2024-05-22T02:27:59.589058" level="INFO">${response} = &lt;Response [200]&gt;</msg>
<var>${response}</var>
<arg>consultarAPI</arg>
<arg>/api</arg>
<doc>Sends a GET request on a previously created HTTP Session.</doc>
<status status="PASS" start="2024-05-22T02:27:59.480454" elapsed="0.108644"/>
</kw>
<kw name="Set Variable" owner="BuiltIn">
<msg time="2024-05-22T02:27:59.590333" level="INFO">${json_data} = {'results': [{'gender': 'female', 'name': {'title': 'Mrs', 'first': 'Polyana', 'last': 'Globa'}, 'location': {'street': {'number': 2064, 'name': 'Generala Udovichenka'}, 'city': 'Stariy Krim', 'state'...</msg>
<var>${json_data}</var>
<arg>${response.json()}</arg>
<doc>Returns the given values which can then be assigned to a variables.</doc>
<status status="PASS" start="2024-05-22T02:27:59.589745" elapsed="0.000616"/>
</kw>
<kw name="Log" owner="BuiltIn">
<msg time="2024-05-22T02:27:59.590842" level="INFO">{'results': [{'gender': 'female', 'name': {'title': 'Mrs', 'first': 'Polyana', 'last': 'Globa'}, 'location': {'street': {'number': 2064, 'name': 'Generala Udovichenka'}, 'city': 'Stariy Krim', 'state': 'Vinnicka', 'country': 'Ukraine', 'postcode': 47805, 'coordinates': {'latitude': '77.5867', 'longitude': '30.9677'}, 'timezone': {'offset': '-12:00', 'description': 'Eniwetok, Kwajalein'}}, 'email': 'polyana.globa@example.com', 'login': {'uuid': 'a37032d0-64da-4a7b-9603-4a27e881cff5', 'username': 'brownfish674', 'password': '616161', 'salt': 's2POCSYA', 'md5': 'ab9009a046e166a60f7d117621eb2b4f', 'sha1': '77846a0361271c13afdaa90fc226f09236d7934c', 'sha256': '8582419f66ae7fa58b8432b2637277fedb14f1818a42152c00acd32b1559b1f0'}, 'dob': {'date': '1951-10-17T21:46:24.288Z', 'age': 72}, 'registered': {'date': '2011-10-06T08:39:50.015Z', 'age': 12}, 'phone': '(096) N07-9939', 'cell': '(066) T15-4745', 'id': {'name': '', 'value': None}, 'picture': {'large': 'https://randomuser.me/api/portraits/women/88.jpg', 'medium': 'https://randomuser.me/api/portraits/med/women/88.jpg', 'thumbnail': 'https://randomuser.me/api/portraits/thumb/women/88.jpg'}, 'nat': 'UA'}], 'info': {'seed': '98ac88ea35209dff', 'results': 1, 'page': 1, 'version': '1.4'}}</msg>
<arg>${json_data}</arg>
<doc>Logs the given message with the given level.</doc>
<status status="PASS" start="2024-05-22T02:27:59.590682" elapsed="0.000213"/>
</kw>
<kw name="Dictionary Should Contain Key" owner="Collections">
<msg time="2024-05-22T02:27:59.591350" level="INFO">False</msg>
<arg>${json_data}</arg>
<arg>results</arg>
<doc>Fails if ``key`` is not found from ``dictionary``.</doc>
<status status="PASS" start="2024-05-22T02:27:59.591192" elapsed="0.000194"/>
</kw>
<kw name="Should Not Be Empty" owner="BuiltIn">
<msg time="2024-05-22T02:27:59.591814" level="INFO">Length is 2.</msg>
<arg>${json_data}</arg>
<doc>Verifies that the given item is not empty.</doc>
<status status="PASS" start="2024-05-22T02:27:59.591683" elapsed="0.000168"/>
</kw>
<kw name="Create List" owner="BuiltIn">
<msg time="2024-05-22T02:27:59.592472" level="INFO">${expected_keys} = ['gender', 'name', 'location', 'email', 'login']</msg>
<var>${expected_keys}</var>
<arg>gender</arg>
<arg>name</arg>
<arg>location</arg>
<arg>email</arg>
<arg>login</arg>
<doc>Returns a list containing given items.</doc>
<status status="PASS" start="2024-05-22T02:27:59.592152" elapsed="0.000346"/>
</kw>
<for flavor="IN">
<iter>
<kw name="Dictionary Should Contain Key" owner="Collections">
<msg time="2024-05-22T02:27:59.593576" level="INFO">False</msg>
<arg>${json_data['results'][0]}</arg>
<arg>${key}</arg>
<doc>Fails if ``key`` is not found from ``dictionary``.</doc>
<status status="PASS" start="2024-05-22T02:27:59.593146" elapsed="0.000468"/>
</kw>
<kw name="Log" owner="BuiltIn">
<msg time="2024-05-22T02:27:59.594360" level="INFO">{'gender': 'female', 'name': {'title': 'Mrs', 'first': 'Polyana', 'last': 'Globa'}, 'location': {'street': {'number': 2064, 'name': 'Generala Udovichenka'}, 'city': 'Stariy Krim', 'state': 'Vinnicka', 'country': 'Ukraine', 'postcode': 47805, 'coordinates': {'latitude': '77.5867', 'longitude': '30.9677'}, 'timezone': {'offset': '-12:00', 'description': 'Eniwetok, Kwajalein'}}, 'email': 'polyana.globa@example.com', 'login': {'uuid': 'a37032d0-64da-4a7b-9603-4a27e881cff5', 'username': 'brownfish674', 'password': '616161', 'salt': 's2POCSYA', 'md5': 'ab9009a046e166a60f7d117621eb2b4f', 'sha1': '77846a0361271c13afdaa90fc226f09236d7934c', 'sha256': '8582419f66ae7fa58b8432b2637277fedb14f1818a42152c00acd32b1559b1f0'}, 'dob': {'date': '1951-10-17T21:46:24.288Z', 'age': 72}, 'registered': {'date': '2011-10-06T08:39:50.015Z', 'age': 12}, 'phone': '(096) N07-9939', 'cell': '(066) T15-4745', 'id': {'name': '', 'value': None}, 'picture': {'large': 'https://randomuser.me/api/portraits/women/88.jpg', 'medium': 'https://randomuser.me/api/portraits/med/women/88.jpg', 'thumbnail': 'https://randomuser.me/api/portraits/thumb/women/88.jpg'}, 'nat': 'UA'}</msg>
<arg>${json_data['results'][0]}</arg>
<doc>Logs the given message with the given level.</doc>
<status status="PASS" start="2024-05-22T02:27:59.593925" elapsed="0.000483"/>
</kw>
<kw name="Log" owner="BuiltIn">
<msg time="2024-05-22T02:27:59.594833" level="INFO">gender</msg>
<arg>${key}</arg>
<doc>Logs the given message with the given level.</doc>
<status status="PASS" start="2024-05-22T02:27:59.594704" elapsed="0.000166"/>
</kw>
<var name="${key}">gender</var>
<status status="PASS" start="2024-05-22T02:27:59.593016" elapsed="0.002072"/>
</iter>
<iter>
<kw name="Dictionary Should Contain Key" owner="Collections">
<msg time="2024-05-22T02:27:59.595791" level="INFO">False</msg>
<arg>${json_data['results'][0]}</arg>
<arg>${key}</arg>
<doc>Fails if ``key`` is not found from ``dictionary``.</doc>
<status status="PASS" start="2024-05-22T02:27:59.595401" elapsed="0.000427"/>
</kw>
<kw name="Log" owner="BuiltIn">
<msg time="2024-05-22T02:27:59.596516" level="INFO">{'gender': 'female', 'name': {'title': 'Mrs', 'first': 'Polyana', 'last': 'Globa'}, 'location': {'street': {'number': 2064, 'name': 'Generala Udovichenka'}, 'city': 'Stariy Krim', 'state': 'Vinnicka', 'country': 'Ukraine', 'postcode': 47805, 'coordinates': {'latitude': '77.5867', 'longitude': '30.9677'}, 'timezone': {'offset': '-12:00', 'description': 'Eniwetok, Kwajalein'}}, 'email': 'polyana.globa@example.com', 'login': {'uuid': 'a37032d0-64da-4a7b-9603-4a27e881cff5', 'username': 'brownfish674', 'password': '616161', 'salt': 's2POCSYA', 'md5': 'ab9009a046e166a60f7d117621eb2b4f', 'sha1': '77846a0361271c13afdaa90fc226f09236d7934c', 'sha256': '8582419f66ae7fa58b8432b2637277fedb14f1818a42152c00acd32b1559b1f0'}, 'dob': {'date': '1951-10-17T21:46:24.288Z', 'age': 72}, 'registered': {'date': '2011-10-06T08:39:50.015Z', 'age': 12}, 'phone': '(096) N07-9939', 'cell': '(066) T15-4745', 'id': {'name': '', 'value': None}, 'picture': {'large': 'https://randomuser.me/api/portraits/women/88.jpg', 'medium': 'https://randomuser.me/api/portraits/med/women/88.jpg', 'thumbnail': 'https://randomuser.me/api/portraits/thumb/women/88.jpg'}, 'nat': 'UA'}</msg>
<arg>${json_data['results'][0]}</arg>
<doc>Logs the given message with the given level.</doc>
<status status="PASS" start="2024-05-22T02:27:59.596160" elapsed="0.000404"/>
</kw>
<kw name="Log" owner="BuiltIn">
<msg time="2024-05-22T02:27:59.597029" level="INFO">name</msg>
<arg>${key}</arg>
<doc>Logs the given message with the given level.</doc>
<status status="PASS" start="2024-05-22T02:27:59.596890" elapsed="0.000176"/>
</kw>
<var name="${key}">name</var>
<status status="PASS" start="2024-05-22T02:27:59.595286" elapsed="0.002004"/>
</iter>
<iter>
<kw name="Dictionary Should Contain Key" owner="Collections">
<msg time="2024-05-22T02:27:59.597968" level="INFO">False</msg>
<arg>${json_data['results'][0]}</arg>
<arg>${key}</arg>
<doc>Fails if ``key`` is not found from ``dictionary``.</doc>
<status status="PASS" start="2024-05-22T02:27:59.597588" elapsed="0.000416"/>
</kw>
<kw name="Log" owner="BuiltIn">
<msg time="2024-05-22T02:27:59.598653" level="INFO">{'gender': 'female', 'name': {'title': 'Mrs', 'first': 'Polyana', 'last': 'Globa'}, 'location': {'street': {'number': 2064, 'name': 'Generala Udovichenka'}, 'city': 'Stariy Krim', 'state': 'Vinnicka', 'country': 'Ukraine', 'postcode': 47805, 'coordinates': {'latitude': '77.5867', 'longitude': '30.9677'}, 'timezone': {'offset': '-12:00', 'description': 'Eniwetok, Kwajalein'}}, 'email': 'polyana.globa@example.com', 'login': {'uuid': 'a37032d0-64da-4a7b-9603-4a27e881cff5', 'username': 'brownfish674', 'password': '616161', 'salt': 's2POCSYA', 'md5': 'ab9009a046e166a60f7d117621eb2b4f', 'sha1': '77846a0361271c13afdaa90fc226f09236d7934c', 'sha256': '8582419f66ae7fa58b8432b2637277fedb14f1818a42152c00acd32b1559b1f0'}, 'dob': {'date': '1951-10-17T21:46:24.288Z', 'age': 72}, 'registered': {'date': '2011-10-06T08:39:50.015Z', 'age': 12}, 'phone': '(096) N07-9939', 'cell': '(066) T15-4745', 'id': {'name': '', 'value': None}, 'picture': {'large': 'https://randomuser.me/api/portraits/women/88.jpg', 'medium': 'https://randomuser.me/api/portraits/med/women/88.jpg', 'thumbnail': 'https://randomuser.me/api/portraits/thumb/women/88.jpg'}, 'nat': 'UA'}</msg>
<arg>${json_data['results'][0]}</arg>
<doc>Logs the given message with the given level.</doc>
<status status="PASS" start="2024-05-22T02:27:59.598297" elapsed="0.000413"/>
</kw>
<kw name="Log" owner="BuiltIn">
<msg time="2024-05-22T02:27:59.599136" level="INFO">location</msg>
<arg>${key}</arg>
<doc>Logs the given message with the given level.</doc>
<status status="PASS" start="2024-05-22T02:27:59.599009" elapsed="0.000163"/>
</kw>
<var name="${key}">location</var>
<status status="PASS" start="2024-05-22T02:27:59.597471" elapsed="0.001916"/>
</iter>
<iter>
<kw name="Dictionary Should Contain Key" owner="Collections">
<msg time="2024-05-22T02:27:59.600046" level="INFO">False</msg>
<arg>${json_data['results'][0]}</arg>
<arg>${key}</arg>
<doc>Fails if ``key`` is not found from ``dictionary``.</doc>
<status status="PASS" start="2024-05-22T02:27:59.599667" elapsed="0.000415"/>
</kw>
<kw name="Log" owner="BuiltIn">
<msg time="2024-05-22T02:27:59.600738" level="INFO">{'gender': 'female', 'name': {'title': 'Mrs', 'first': 'Polyana', 'last': 'Globa'}, 'location': {'street': {'number': 2064, 'name': 'Generala Udovichenka'}, 'city': 'Stariy Krim', 'state': 'Vinnicka', 'country': 'Ukraine', 'postcode': 47805, 'coordinates': {'latitude': '77.5867', 'longitude': '30.9677'}, 'timezone': {'offset': '-12:00', 'description': 'Eniwetok, Kwajalein'}}, 'email': 'polyana.globa@example.com', 'login': {'uuid': 'a37032d0-64da-4a7b-9603-4a27e881cff5', 'username': 'brownfish674', 'password': '616161', 'salt': 's2POCSYA', 'md5': 'ab9009a046e166a60f7d117621eb2b4f', 'sha1': '77846a0361271c13afdaa90fc226f09236d7934c', 'sha256': '8582419f66ae7fa58b8432b2637277fedb14f1818a42152c00acd32b1559b1f0'}, 'dob': {'date': '1951-10-17T21:46:24.288Z', 'age': 72}, 'registered': {'date': '2011-10-06T08:39:50.015Z', 'age': 12}, 'phone': '(096) N07-9939', 'cell': '(066) T15-4745', 'id': {'name': '', 'value': None}, 'picture': {'large': 'https://randomuser.me/api/portraits/women/88.jpg', 'medium': 'https://randomuser.me/api/portraits/med/women/88.jpg', 'thumbnail': 'https://randomuser.me/api/portraits/thumb/women/88.jpg'}, 'nat': 'UA'}</msg>
<arg>${json_data['results'][0]}</arg>
<doc>Logs the given message with the given level.</doc>
<status status="PASS" start="2024-05-22T02:27:59.600382" elapsed="0.000404"/>
</kw>
<kw name="Log" owner="BuiltIn">
<msg time="2024-05-22T02:27:59.601264" level="INFO">email</msg>
<arg>${key}</arg>
<doc>Logs the given message with the given level.</doc>
<status status="PASS" start="2024-05-22T02:27:59.601136" elapsed="0.000166"/>
</kw>
<var name="${key}">email</var>
<status status="PASS" start="2024-05-22T02:27:59.599557" elapsed="0.001964"/>
</iter>
<iter>
<kw name="Dictionary Should Contain Key" owner="Collections">
<msg time="2024-05-22T02:27:59.602190" level="INFO">False</msg>
<arg>${json_data['results'][0]}</arg>
<arg>${key}</arg>
<doc>Fails if ``key`` is not found from ``dictionary``.</doc>
<status status="PASS" start="2024-05-22T02:27:59.601803" elapsed="0.000424"/>
</kw>
<kw name="Log" owner="BuiltIn">
<msg time="2024-05-22T02:27:59.602873" level="INFO">{'gender': 'female', 'name': {'title': 'Mrs', 'first': 'Polyana', 'last': 'Globa'}, 'location': {'street': {'number': 2064, 'name': 'Generala Udovichenka'}, 'city': 'Stariy Krim', 'state': 'Vinnicka', 'country': 'Ukraine', 'postcode': 47805, 'coordinates': {'latitude': '77.5867', 'longitude': '30.9677'}, 'timezone': {'offset': '-12:00', 'description': 'Eniwetok, Kwajalein'}}, 'email': 'polyana.globa@example.com', 'login': {'uuid': 'a37032d0-64da-4a7b-9603-4a27e881cff5', 'username': 'brownfish674', 'password': '616161', 'salt': 's2POCSYA', 'md5': 'ab9009a046e166a60f7d117621eb2b4f', 'sha1': '77846a0361271c13afdaa90fc226f09236d7934c', 'sha256': '8582419f66ae7fa58b8432b2637277fedb14f1818a42152c00acd32b1559b1f0'}, 'dob': {'date': '1951-10-17T21:46:24.288Z', 'age': 72}, 'registered': {'date': '2011-10-06T08:39:50.015Z', 'age': 12}, 'phone': '(096) N07-9939', 'cell': '(066) T15-4745', 'id': {'name': '', 'value': None}, 'picture': {'large': 'https://randomuser.me/api/portraits/women/88.jpg', 'medium': 'https://randomuser.me/api/portraits/med/women/88.jpg', 'thumbnail': 'https://randomuser.me/api/portraits/thumb/women/88.jpg'}, 'nat': 'UA'}</msg>
<arg>${json_data['results'][0]}</arg>
<doc>Logs the given message with the given level.</doc>
<status status="PASS" start="2024-05-22T02:27:59.602519" elapsed="0.000401"/>
</kw>
<kw name="Log" owner="BuiltIn">
<msg time="2024-05-22T02:27:59.603338" level="INFO">login</msg>
<arg>${key}</arg>
<doc>Logs the given message with the given level.</doc>
<status status="PASS" start="2024-05-22T02:27:59.603211" elapsed="0.000165"/>
</kw>
<var name="${key}">login</var>
<status status="PASS" start="2024-05-22T02:27:59.601692" elapsed="0.001905"/>
</iter>
<var>${key}</var>
<value>@{expected_keys}</value>
<status status="PASS" start="2024-05-22T02:27:59.592771" elapsed="0.010976"/>
</for>
<kw name="Create List" owner="BuiltIn">
<msg time="2024-05-22T02:27:59.604091" level="INFO">${expected_keysTwo} = ['username', 'password']</msg>
<var>${expected_keysTwo}</var>
<arg>username</arg>
<arg>password</arg>
<doc>Returns a list containing given items.</doc>
<status status="PASS" start="2024-05-22T02:27:59.603954" elapsed="0.000161"/>
</kw>
<for flavor="IN">
<iter>
<kw name="Dictionary Should Contain Key" owner="Collections">
<msg time="2024-05-22T02:27:59.605045" level="INFO">False</msg>
<arg>${json_data['results'][0]['login']}</arg>
<arg>${keyTwo}</arg>
<doc>Fails if ``key`` is not found from ``dictionary``.</doc>
<status status="PASS" start="2024-05-22T02:27:59.604623" elapsed="0.000459"/>
</kw>
<kw name="Dictionary Should Contain Key" owner="Collections">
<msg time="2024-05-22T02:27:59.605766" level="INFO">False</msg>
<arg>${json_data['results'][0]['login']}</arg>
<arg>${keyTwo}</arg>
<doc>Fails if ``key`` is not found from ``dictionary``.</doc>
<status status="PASS" start="2024-05-22T02:27:59.605382" elapsed="0.000422"/>
</kw>
<kw name="Log" owner="BuiltIn">
<msg time="2024-05-22T02:27:59.606222" level="INFO">username</msg>
<arg>${keyTwo}</arg>
<doc>Logs the given message with the given level.</doc>
<status status="PASS" start="2024-05-22T02:27:59.606097" elapsed="0.000162"/>
</kw>
<var name="${keyTwo}">username</var>
<status status="PASS" start="2024-05-22T02:27:59.604514" elapsed="0.001962"/>
</iter>
<iter>
<kw name="Dictionary Should Contain Key" owner="Collections">
<msg time="2024-05-22T02:27:59.607139" level="INFO">False</msg>
<arg>${json_data['results'][0]['login']}</arg>
<arg>${keyTwo}</arg>
<doc>Fails if ``key`` is not found from ``dictionary``.</doc>
<status status="PASS" start="2024-05-22T02:27:59.606753" elapsed="0.000422"/>
</kw>
<kw name="Dictionary Should Contain Key" owner="Collections">
<msg time="2024-05-22T02:27:59.607935" level="INFO">False</msg>
<arg>${json_data['results'][0]['login']}</arg>
<arg>${keyTwo}</arg>
<doc>Fails if ``key`` is not found from ``dictionary``.</doc>
<status status="PASS" start="2024-05-22T02:27:59.607470" elapsed="0.000506"/>
</kw>
<kw name="Log" owner="BuiltIn">
<msg time="2024-05-22T02:27:59.608411" level="INFO">password</msg>
<arg>${keyTwo}</arg>
<doc>Logs the given message with the given level.</doc>
<status status="PASS" start="2024-05-22T02:27:59.608282" elapsed="0.000166"/>
</kw>
<var name="${keyTwo}">password</var>
<status status="PASS" start="2024-05-22T02:27:59.606645" elapsed="0.002022"/>
</iter>
<var>${keyTwo}</var>
<value>@{expected_keysTwo}</value>
<status status="PASS" start="2024-05-22T02:27:59.604355" elapsed="0.004434"/>
</for>
<status status="PASS" start="2024-05-22T02:27:59.480201" elapsed="0.128773"/>
</kw>
<doc>Testa a estrutura da resposta da API.</doc>
<tag>testeEstruturaResposta</tag>
<status status="PASS" start="2024-05-22T02:27:59.479646" elapsed="0.129491"/>
</test>
<test id="s1-s1-t4" name="Validar tipos de dados" line="28">
<kw name="Teste de Tipos de Dados" owner="random-user-service">
<kw name="GET On Session" owner="RequestsLibrary">
<msg time="2024-05-22T02:27:59.661247" level="INFO">GET Request : url=https://randomuser.me/api 
 path_url=/api 
 headers={'User-Agent': 'python-requests/2.32.2', 'Accept-Encoding': 'gzip, deflate', 'Accept': '*/*', 'Connection': 'keep-alive'} 
 body=None 
 </msg>
<msg time="2024-05-22T02:27:59.661363" level="INFO">GET Response : url=https://randomuser.me/api 
 status=200, reason=OK 
 headers={'Date': 'Wed, 22 May 2024 02:27:59 GMT', 'Content-Type': 'application/json; charset=utf-8', 'Transfer-Encoding': 'chunked', 'Connection': 'keep-alive', 'X-Powered-By': 'Express', 'Access-Control-Allow-Origin': '*', 'Cache-Control': 'no-cache', 'ETag': 'W/"4a8-72dEcFh/nscm5awj4obV2QYHav8"', 'Vary': 'Accept-Encoding', 'Content-Encoding': 'gzip', 'CF-Cache-Status': 'DYNAMIC', 'Report-To': '{"endpoints":[{"url":"https:\\/\\/a.nel.cloudflare.com\\/report\\/v4?s=yY0FoniO8l2d3cWnPwGuLXEMfg9aihb5nOWtQeDP3PRmJD1XMhn7XnmvY9c4MDnxhRMlGQ320KRa5ZroYzoDbhAqDoawxRmyGfbHVDZfsbWU9BwTOthGt3RiPOQiup%2BY"}],"group":"cf-nel","max_age":604800}', 'NEL': '{"success_fraction":0,"report_to":"cf-nel","max_age":604800}', 'Server': 'cloudflare', 'CF-RAY': '88795ec99c1613f5-ORD', 'alt-svc': 'h3=":443"; ma=86400'} 
 body={"results":[{"gender":"female","name":{"title":"Mrs","first":"Lilly","last":"Nicolas"},"location":{"street":{"number":2327,"name":"Rue Duguesclin"},"city":"Le Havre","state":"Haute-Loire","country":"France","postcode":83914,"coordinates":{"latitude":"-13.6453","longitude":"81.5905"},"timezone":{"offset":"+10:00","description":"Eastern Australia, Guam, Vladivostok"}},"email":"lilly.nicolas@example.com","login":{"uuid":"8c5f3d66-d72e-443c-acef-ce195eac7968","username":"yellowpeacock913","password":"toledo","salt":"Bi4snWBU","md5":"e3804f2c561d29ae8937f08782ca3ce1","sha1":"612d6cea2c1242fce0025d2811fbe9ff41a26eb4","sha256":"b5f8ad5be199fc4860a15d898a74ff1b38c3054fdecef1dd922eac7f1110146b"},"dob":{"date":"1949-07-25T04:17:39.343Z","age":74},"registered":{"date":"2013-12-12T21:54:30.823Z","age":10},"phone":"05-67-45-45-39","cell":"06-55-50-34-03","id":{"name":"INSEE","value":"2490634497890 83"},"picture":{"large":"https://randomuser.me/api/portraits/women/36.jpg","medium":"https://randomuser.me/api/portraits/med/women/36.jpg","thumbnail":"https://randomuser.me/api/portraits/thumb/women/36.jpg"},"nat":"FR"}],"info":{"seed":"7c12a998a6e2bdcc","results":1,"page":1,"version":"1.4"}} 
 </msg>
<msg time="2024-05-22T02:27:59.661449" level="INFO">/opt/hostedtoolcache/Python/3.12.3/x64/lib/python3.12/site-packages/urllib3/connectionpool.py:1103: InsecureRequestWarning: Unverified HTTPS request is being made to host 'randomuser.me'. Adding certificate verification is strongly advised. See: https://urllib3.readthedocs.io/en/latest/advanced-usage.html#tls-warnings
  warnings.warn(</msg>
<msg time="2024-05-22T02:27:59.661578" level="INFO">${response} = &lt;Response [200]&gt;</msg>
<var>${response}</var>
<arg>consultarAPI</arg>
<arg>/api</arg>
<doc>Sends a GET request on a previously created HTTP Session.</doc>
<status status="PASS" start="2024-05-22T02:27:59.611686" elapsed="0.049936"/>
</kw>
<kw name="Set Variable" owner="BuiltIn">
<msg time="2024-05-22T02:27:59.662913" level="INFO">${json_data} = {'results': [{'gender': 'female', 'name': {'title': 'Mrs', 'first': 'Lilly', 'last': 'Nicolas'}, 'location': {'street': {'number': 2327, 'name': 'Rue Duguesclin'}, 'city': 'Le Havre', 'state': 'Haute-...</msg>
<var>${json_data}</var>
<arg>${response.json()}</arg>
<doc>Returns the given values which can then be assigned to a variables.</doc>
<status status="PASS" start="2024-05-22T02:27:59.662310" elapsed="0.000633"/>
</kw>
<kw name="Log" owner="BuiltIn">
<msg time="2024-05-22T02:27:59.663504" level="INFO">{'results': [{'gender': 'female', 'name': {'title': 'Mrs', 'first': 'Lilly', 'last': 'Nicolas'}, 'location': {'street': {'number': 2327, 'name': 'Rue Duguesclin'}, 'city': 'Le Havre', 'state': 'Haute-Loire', 'country': 'France', 'postcode': 83914, 'coordinates': {'latitude': '-13.6453', 'longitude': '81.5905'}, 'timezone': {'offset': '+10:00', 'description': 'Eastern Australia, Guam, Vladivostok'}}, 'email': 'lilly.nicolas@example.com', 'login': {'uuid': '8c5f3d66-d72e-443c-acef-ce195eac7968', 'username': 'yellowpeacock913', 'password': 'toledo', 'salt': 'Bi4snWBU', 'md5': 'e3804f2c561d29ae8937f08782ca3ce1', 'sha1': '612d6cea2c1242fce0025d2811fbe9ff41a26eb4', 'sha256': 'b5f8ad5be199fc4860a15d898a74ff1b38c3054fdecef1dd922eac7f1110146b'}, 'dob': {'date': '1949-07-25T04:17:39.343Z', 'age': 74}, 'registered': {'date': '2013-12-12T21:54:30.823Z', 'age': 10}, 'phone': '05-67-45-45-39', 'cell': '06-55-50-34-03', 'id': {'name': 'INSEE', 'value': '2490634497890 83'}, 'picture': {'large': 'https://randomuser.me/api/portraits/women/36.jpg', 'medium': 'https://randomuser.me/api/portraits/med/women/36.jpg', 'thumbnail': 'https://randomuser.me/api/portraits/thumb/women/36.jpg'}, 'nat': 'FR'}], 'info': {'seed': '7c12a998a6e2bdcc', 'results': 1, 'page': 1, 'version': '1.4'}}</msg>
<arg>${json_data}</arg>
<doc>Logs the given message with the given level.</doc>
<status status="PASS" start="2024-05-22T02:27:59.663326" elapsed="0.000267"/>
</kw>
<kw name="Should Be String" owner="String">
<arg>${json_data['results'][0]['gender']}</arg>
<doc>Fails if the given ``item`` is not a string.</doc>
<status status="PASS" start="2024-05-22T02:27:59.663937" elapsed="0.000399"/>
</kw>
<kw name="Should Match Regexp" owner="BuiltIn">
<arg>${json_data['results'][0]['email']}</arg>
<arg>^[a-zA-Z0-9._%+-]+@[a-zA-Z0-9.-]+\.[a-zA-Z]{2,}$</arg>
<doc>Fails if ``string`` does not match ``pattern`` as a regular expression.</doc>
<status status="PASS" start="2024-05-22T02:27:59.664547" elapsed="0.000599"/>
</kw>
<kw name="Should Match Regexp" owner="BuiltIn">
<arg>${json_data['results'][0]['dob']['date']}</arg>
<arg>\\d{4}-\\d{2}-\\d{2}T\\d{2}:\\d{2}:\\d{2}\\.\\d{3}Z</arg>
<doc>Fails if ``string`` does not match ``pattern`` as a regular expression.</doc>
<status status="PASS" start="2024-05-22T02:27:59.665360" elapsed="0.000515"/>
</kw>
<kw name="Should Match Regexp" owner="BuiltIn">
<arg>${json_data['results'][0]['registered']['date']}</arg>
<arg>\\d{4}-\\d{2}-\\d{2}T\\d{2}:\\d{2}:\\d{2}\\.\\d{3}Z</arg>
<doc>Fails if ``string`` does not match ``pattern`` as a regular expression.</doc>
<status status="PASS" start="2024-05-22T02:27:59.666092" elapsed="0.000369"/>
</kw>
<kw name="Should Match Regexp" owner="BuiltIn">
<arg>${json_data['results'][0]['picture']['large']}</arg>
<arg>^https?://.*\.(?:png|jpe?g|gif|bmp)$</arg>
<doc>Fails if ``string`` does not match ``pattern`` as a regular expression.</doc>
<status status="PASS" start="2024-05-22T02:27:59.666660" elapsed="0.000487"/>
</kw>
<kw name="Should Match Regexp" owner="BuiltIn">
<arg>${json_data['results'][0]['picture']['medium']}</arg>
<arg>^https?://.*\.(?:png|jpe?g|gif|bmp)$</arg>
<doc>Fails if ``string`` does not match ``pattern`` as a regular expression.</doc>
<status status="PASS" start="2024-05-22T02:27:59.667337" elapsed="0.000359"/>
</kw>
<kw name="Should Match Regexp" owner="BuiltIn">
<arg>${json_data['results'][0]['picture']['thumbnail']}</arg>
<arg>^https?://.*\.(?:png|jpe?g|gif|bmp)$</arg>
<doc>Fails if ``string`` does not match ``pattern`` as a regular expression.</doc>
<status status="PASS" start="2024-05-22T02:27:59.667883" elapsed="0.000362"/>
</kw>
<kw name="Log" owner="BuiltIn">
<msg time="2024-05-22T02:27:59.668766" level="INFO">{'large': 'https://randomuser.me/api/portraits/women/36.jpg', 'medium': 'https://randomuser.me/api/portraits/med/women/36.jpg', 'thumbnail': 'https://randomuser.me/api/portraits/thumb/women/36.jpg'}</msg>
<arg>${json_data['results'][0]['picture']}</arg>
<doc>Logs the given message with the given level.</doc>
<status status="PASS" start="2024-05-22T02:27:59.668435" elapsed="0.000399"/>
</kw>
<status status="PASS" start="2024-05-22T02:27:59.611440" elapsed="0.057692"/>
</kw>
<kw name="Teste de Tipos de Dados - Postcode" owner="random-user-service">
<kw name="GET On Session" owner="RequestsLibrary">
<msg time="2024-05-22T02:27:59.929868" level="INFO">GET Request : url=https://randomuser.me/api 
 path_url=/api 
 headers={'User-Agent': 'python-requests/2.32.2', 'Accept-Encoding': 'gzip, deflate', 'Accept': '*/*', 'Connection': 'keep-alive'} 
 body=None 
 </msg>
<msg time="2024-05-22T02:27:59.929982" level="INFO">GET Response : url=https://randomuser.me/api 
 status=200, reason=OK 
 headers={'Date': 'Wed, 22 May 2024 02:27:59 GMT', 'Content-Type': 'application/json; charset=utf-8', 'Transfer-Encoding': 'chunked', 'Connection': 'keep-alive', 'X-Powered-By': 'Express', 'Access-Control-Allow-Origin': '*', 'Cache-Control': 'no-cache', 'ETag': 'W/"4b4-2zAXhvzBTv9UnN/uWEJMiw/1FoA"', 'Vary': 'Accept-Encoding', 'Content-Encoding': 'gzip', 'CF-Cache-Status': 'DYNAMIC', 'Report-To': '{"endpoints":[{"url":"https:\\/\\/a.nel.cloudflare.com\\/report\\/v4?s=Pj11nDhRfen%2Bv5ywnJ5jCLwWp9PfRF%2BVO%2BHIaPLbpwo89APl3%2FVh5iVGYHYiELjXxsh63nXNVPPwex9u56r76IB4Hz54ByeqrCGHkEynorH2CY3GfV5ZADE32F29OzJ0"}],"group":"cf-nel","max_age":604800}', 'NEL': '{"success_fraction":0,"report_to":"cf-nel","max_age":604800}', 'Server': 'cloudflare', 'CF-RAY': '88795ec9fca913f5-ORD', 'alt-svc': 'h3=":443"; ma=86400'} 
 body={"results":[{"gender":"male","name":{"title":"Mr","first":"Javier","last":"Ibarra"},"location":{"street":{"number":5960,"name":"Peatonal Jalisco"},"city":"General Enrique Estrada","state":"Estado de Mexico","country":"Mexico","postcode":68307,"coordinates":{"latitude":"25.9173","longitude":"-170.0599"},"timezone":{"offset":"+5:00","description":"Ekaterinburg, Islamabad, Karachi, Tashkent"}},"email":"javier.ibarra@example.com","login":{"uuid":"76b9b55a-95e4-4777-85bb-53d9c2c74f5e","username":"sadpeacock391","password":"flower","salt":"Mw3tCCDU","md5":"ef85e026516b2d87e4de85d8b302e53e","sha1":"399cc3dc6cd79a6f07b5f5620c29980bfa611c89","sha256":"6f371a4b3a708eaa10920ce2469ebd561da751ae13b8b115e5de841416479573"},"dob":{"date":"1958-03-06T16:07:52.297Z","age":66},"registered":{"date":"2019-05-13T04:33:03.443Z","age":5},"phone":"(671) 742 9387","cell":"(675) 416 8227","id":{"name":"NSS","value":"43 64 03 8300 6"},"picture":{"large":"https://randomuser.me/api/portraits/men/59.jpg","medium":"https://randomuser.me/api/portraits/med/men/59.jpg","thumbnail":"https://randomuser.me/api/portraits/thumb/men/59.jpg"},"nat":"MX"}],"info":{"seed":"c2d73249105a7797","results":1,"page":1,"version":"1.4"}} 
 </msg>
<msg time="2024-05-22T02:27:59.930061" level="INFO">/opt/hostedtoolcache/Python/3.12.3/x64/lib/python3.12/site-packages/urllib3/connectionpool.py:1103: InsecureRequestWarning: Unverified HTTPS request is being made to host 'randomuser.me'. Adding certificate verification is strongly advised. See: https://urllib3.readthedocs.io/en/latest/advanced-usage.html#tls-warnings
  warnings.warn(</msg>
<msg time="2024-05-22T02:27:59.930211" level="INFO">${response} = &lt;Response [200]&gt;</msg>
<var>${response}</var>
<arg>consultarAPI</arg>
<arg>/api</arg>
<doc>Sends a GET request on a previously created HTTP Session.</doc>
<status status="PASS" start="2024-05-22T02:27:59.669612" elapsed="0.260645"/>
</kw>
<kw name="Set Variable" owner="BuiltIn">
<msg time="2024-05-22T02:27:59.931467" level="INFO">${json_data} = {'results': [{'gender': 'male', 'name': {'title': 'Mr', 'first': 'Javier', 'last': 'Ibarra'}, 'location': {'street': {'number': 5960, 'name': 'Peatonal Jalisco'}, 'city': 'General Enrique Estrada', 's...</msg>
<var>${json_data}</var>
<arg>${response.json()}</arg>
<doc>Returns the given values which can then be assigned to a variables.</doc>
<status status="PASS" start="2024-05-22T02:27:59.930905" elapsed="0.000590"/>
</kw>
<kw name="Log" owner="BuiltIn">
<msg time="2024-05-22T02:27:59.931976" level="INFO">{'results': [{'gender': 'male', 'name': {'title': 'Mr', 'first': 'Javier', 'last': 'Ibarra'}, 'location': {'street': {'number': 5960, 'name': 'Peatonal Jalisco'}, 'city': 'General Enrique Estrada', 'state': 'Estado de Mexico', 'country': 'Mexico', 'postcode': 68307, 'coordinates': {'latitude': '25.9173', 'longitude': '-170.0599'}, 'timezone': {'offset': '+5:00', 'description': 'Ekaterinburg, Islamabad, Karachi, Tashkent'}}, 'email': 'javier.ibarra@example.com', 'login': {'uuid': '76b9b55a-95e4-4777-85bb-53d9c2c74f5e', 'username': 'sadpeacock391', 'password': 'flower', 'salt': 'Mw3tCCDU', 'md5': 'ef85e026516b2d87e4de85d8b302e53e', 'sha1': '399cc3dc6cd79a6f07b5f5620c29980bfa611c89', 'sha256': '6f371a4b3a708eaa10920ce2469ebd561da751ae13b8b115e5de841416479573'}, 'dob': {'date': '1958-03-06T16:07:52.297Z', 'age': 66}, 'registered': {'date': '2019-05-13T04:33:03.443Z', 'age': 5}, 'phone': '(671) 742 9387', 'cell': '(675) 416 8227', 'id': {'name': 'NSS', 'value': '43 64 03 8300 6'}, 'picture': {'large': 'https://randomuser.me/api/portraits/men/59.jpg', 'medium': 'https://randomuser.me/api/portraits/med/men/59.jpg', 'thumbnail': 'https://randomuser.me/api/portraits/thumb/men/59.jpg'}, 'nat': 'MX'}], 'info': {'seed': 'c2d73249105a7797', 'results': 1, 'page': 1, 'version': '1.4'}}</msg>
<arg>${json_data}</arg>
<doc>Logs the given message with the given level.</doc>
<status status="PASS" start="2024-05-22T02:27:59.931819" elapsed="0.000242"/>
</kw>
<kw name="Should Be Equal As Numbers" owner="BuiltIn">
<arg>${json_data['results'][0]['location']['postcode']}</arg>
<arg>${json_data['results'][0]['location']['postcode']}</arg>
<doc>Fails if objects are unequal after converting them to real numbers.</doc>
<status status="PASS" start="2024-05-22T02:27:59.932364" elapsed="0.000855"/>
</kw>
<kw name="Log" owner="BuiltIn">
<msg time="2024-05-22T02:27:59.933752" level="INFO">68307</msg>
<arg>${json_data['results'][0]['location']['postcode']}</arg>
<doc>Logs the given message with the given level.</doc>
<status status="PASS" start="2024-05-22T02:27:59.933417" elapsed="0.000375"/>
</kw>
<status status="PASS" start="2024-05-22T02:27:59.669364" elapsed="0.264683"/>
</kw>
<doc>Testa se os tipos de dados na resposta da API estão corretos.</doc>
<tag>testeTiposDados</tag>
<status status="PASS" start="2024-05-22T02:27:59.610944" elapsed="0.323270"/>
</test>
<test id="s1-s1-t5" name="Validar conteudo" line="35">
<kw name="Teste de Tipos de Conteudo" owner="random-user-service">
<kw name="GET On Session" owner="RequestsLibrary">
<msg time="2024-05-22T02:28:00.027707" level="INFO">GET Request : url=https://randomuser.me/api 
 path_url=/api 
 headers={'User-Agent': 'python-requests/2.32.2', 'Accept-Encoding': 'gzip, deflate', 'Accept': '*/*', 'Connection': 'keep-alive'} 
 body=None 
 </msg>
<msg time="2024-05-22T02:28:00.027806" level="INFO">GET Response : url=https://randomuser.me/api 
 status=200, reason=OK 
 headers={'Date': 'Wed, 22 May 2024 02:28:00 GMT', 'Content-Type': 'application/json; charset=utf-8', 'Transfer-Encoding': 'chunked', 'Connection': 'keep-alive', 'X-Powered-By': 'Express', 'Access-Control-Allow-Origin': '*', 'Cache-Control': 'no-cache', 'ETag': 'W/"495-jxd7XN2Pm83jkBDQIV6HWn7cx4c"', 'Vary': 'Accept-Encoding', 'Content-Encoding': 'gzip', 'CF-Cache-Status': 'DYNAMIC', 'Report-To': '{"endpoints":[{"url":"https:\\/\\/a.nel.cloudflare.com\\/report\\/v4?s=UgoBHLYMBZxBfUdI2%2BkPxQqqT9k7fbZOk%2BrvVHuGbATsnskUL99ky1i%2BGCcG5kZ%2BOnxfek4YiX9u0WUjJqsz0JqUJjXoCBIN%2FvnTOYi4cnqaydy%2FxHwjfRqD9w13B2z9"}],"group":"cf-nel","max_age":604800}', 'NEL': '{"success_fraction":0,"report_to":"cf-nel","max_age":604800}', 'Server': 'cloudflare', 'CF-RAY': '88795ecbaed513f5-ORD', 'alt-svc': 'h3=":443"; ma=86400'} 
 body={"results":[{"gender":"female","name":{"title":"Ms","first":"Debra","last":"Mills"},"location":{"street":{"number":3530,"name":"Jones Road"},"city":"Tralee","state":"Dublin City","country":"Ireland","postcode":56437,"coordinates":{"latitude":"-2.1945","longitude":"121.0103"},"timezone":{"offset":"0:00","description":"Western Europe Time, London, Lisbon, Casablanca"}},"email":"debra.mills@example.com","login":{"uuid":"49c755e3-8c61-4cbf-b12c-f0d359090fa4","username":"silverzebra126","password":"beer","salt":"XzfUS0mf","md5":"a3ea62e7401fc7fcd9ffc6aa39828c53","sha1":"60dd3f2c079a7d4cbbd6b3b686e7c8d002ced86b","sha256":"03b207c7c1b2a9e70837819b48c4dc9bd20c26619aae71e075194f1af9c8f318"},"dob":{"date":"1991-05-07T02:47:01.369Z","age":33},"registered":{"date":"2006-04-30T10:21:54.356Z","age":18},"phone":"051-060-9621","cell":"081-477-1594","id":{"name":"PPS","value":"1290421T"},"picture":{"large":"https://randomuser.me/api/portraits/women/32.jpg","medium":"https://randomuser.me/api/portraits/med/women/32.jpg","thumbnail":"https://randomuser.me/api/portraits/thumb/women/32.jpg"},"nat":"IE"}],"info":{"seed":"9277bc903a5f8b79","results":1,"page":1,"version":"1.4"}} 
 </msg>
<msg time="2024-05-22T02:28:00.027875" level="INFO">/opt/hostedtoolcache/Python/3.12.3/x64/lib/python3.12/site-packages/urllib3/connectionpool.py:1103: InsecureRequestWarning: Unverified HTTPS request is being made to host 'randomuser.me'. Adding certificate verification is strongly advised. See: https://urllib3.readthedocs.io/en/latest/advanced-usage.html#tls-warnings
  warnings.warn(</msg>
<msg time="2024-05-22T02:28:00.027994" level="INFO">${response} = &lt;Response [200]&gt;</msg>
<var>${response}</var>
<arg>consultarAPI</arg>
<arg>/api</arg>
<doc>Sends a GET request on a previously created HTTP Session.</doc>
<status status="PASS" start="2024-05-22T02:27:59.937157" elapsed="0.090877"/>
</kw>
<kw name="Set Variable" owner="BuiltIn">
<msg time="2024-05-22T02:28:00.029125" level="INFO">${json_data} = {'results': [{'gender': 'female', 'name': {'title': 'Ms', 'first': 'Debra', 'last': 'Mills'}, 'location': {'street': {'number': 3530, 'name': 'Jones Road'}, 'city': 'Tralee', 'state': 'Dublin City', '...</msg>
<var>${json_data}</var>
<arg>${response.json()}</arg>
<doc>Returns the given values which can then be assigned to a variables.</doc>
<status status="PASS" start="2024-05-22T02:28:00.028571" elapsed="0.000582"/>
</kw>
<kw name="Set Variable" owner="BuiltIn">
<msg time="2024-05-22T02:28:00.029861" level="INFO">${name_title} = Ms</msg>
<var>${name_title}</var>
<arg>${json_data["results"][0]["name"]["title"]}</arg>
<doc>Returns the given values which can then be assigned to a variables.</doc>
<status status="PASS" start="2024-05-22T02:28:00.029462" elapsed="0.000425"/>
</kw>
<kw name="Create List" owner="BuiltIn">
<msg time="2024-05-22T02:28:00.030337" level="INFO">${allowed_titles} = ['Mr', 'Ms', 'Miss', 'Mrs', 'Madame', 'Monsieur']</msg>
<var>${allowed_titles}</var>
<arg>Mr</arg>
<arg>Ms</arg>
<arg>Miss</arg>
<arg>Mrs</arg>
<arg>Madame</arg>
<arg>Monsieur</arg>
<doc>Returns a list containing given items.</doc>
<status status="PASS" start="2024-05-22T02:28:00.030186" elapsed="0.000174"/>
</kw>
<kw name="List Should Contain Value" owner="Collections">
<msg time="2024-05-22T02:28:00.030835" level="INFO">False</msg>
<arg>${allowed_titles}</arg>
<arg>${name_title}</arg>
<doc>Fails if the ``value`` is not found from ``list``.</doc>
<status status="PASS" start="2024-05-22T02:28:00.030659" elapsed="0.000213"/>
</kw>
<kw name="Set Variable" owner="BuiltIn">
<msg time="2024-05-22T02:28:00.031536" level="INFO">${name_country} = IE</msg>
<var>${name_country}</var>
<arg>${json_data["results"][0]["nat"]}</arg>
<doc>Returns the given values which can then be assigned to a variables.</doc>
<status status="PASS" start="2024-05-22T02:28:00.031158" elapsed="0.000403"/>
</kw>
<kw name="Create List" owner="BuiltIn">
<msg time="2024-05-22T02:28:00.032491" level="INFO">${list_country} = ['AD', 'AE', 'AF', 'AG', 'AI', 'AL', 'AM', 'AO', 'AQ', 'AR', 'AS', 'AT', 'AU', 'AW', 'AX', 'AZ', 'BA', 'BB', 'BD', 'BE', 'BF', 'BG', 'BH', 'BI', 'BJ', 'BL', 'BM', 'BN', 'BO', 'BQ', 'BR', 'BS', 'BT', '...</msg>
<var>${list_country}</var>
<arg>AD</arg>
<arg>AE</arg>
<arg>AF</arg>
<arg>AG</arg>
<arg>AI</arg>
<arg>AL</arg>
<arg>AM</arg>
<arg>AO</arg>
<arg>AQ</arg>
<arg>AR</arg>
<arg>AS</arg>
<arg>AT</arg>
<arg>AU</arg>
<arg>AW</arg>
<arg>AX</arg>
<arg>AZ</arg>
<arg>BA</arg>
<arg>BB</arg>
<arg>BD</arg>
<arg>BE</arg>
<arg>BF</arg>
<arg>BG</arg>
<arg>BH</arg>
<arg>BI</arg>
<arg>BJ</arg>
<arg>BL</arg>
<arg>BM</arg>
<arg>BN</arg>
<arg>BO</arg>
<arg>BQ</arg>
<arg>BR</arg>
<arg>BS</arg>
<arg>BT</arg>
<arg>BV</arg>
<arg>BW</arg>
<arg>BY</arg>
<arg>BZ</arg>
<arg>CA</arg>
<arg>CC</arg>
<arg>CD</arg>
<arg>CF</arg>
<arg>CG</arg>
<arg>CH</arg>
<arg>CI</arg>
<arg>CK</arg>
<arg>CL</arg>
<arg>CM</arg>
<arg>CN</arg>
<arg>CO</arg>
<arg>CR</arg>
<arg>CU</arg>
<arg>CV</arg>
<arg>CW</arg>
<arg>CX</arg>
<arg>CY</arg>
<arg>CZ</arg>
<arg>DE</arg>
<arg>DJ</arg>
<arg>DK</arg>
<arg>DM</arg>
<arg>DO</arg>
<arg>DZ</arg>
<arg>EC</arg>
<arg>EE</arg>
<arg>EG</arg>
<arg>EH</arg>
<arg>ER</arg>
<arg>ES</arg>
<arg>ET</arg>
<arg>FI</arg>
<arg>FJ</arg>
<arg>FK</arg>
<arg>FM</arg>
<arg>FO</arg>
<arg>FR</arg>
<arg>GA</arg>
<arg>GB</arg>
<arg>GD</arg>
<arg>GE</arg>
<arg>GF</arg>
<arg>GG</arg>
<arg>GH</arg>
<arg>GI</arg>
<arg>GL</arg>
<arg>GM</arg>
<arg>GN</arg>
<arg>GP</arg>
<arg>GQ</arg>
<arg>GR</arg>
<arg>GS</arg>
<arg>GT</arg>
<arg>GU</arg>
<arg>GW</arg>
<arg>GY</arg>
<arg>HK</arg>
<arg>HM</arg>
<arg>HN</arg>
<arg>HR</arg>
<arg>HT</arg>
<arg>HU</arg>
<arg>ID</arg>
<arg>IE</arg>
<arg>IL</arg>
<arg>IM</arg>
<arg>IN</arg>
<arg>IO</arg>
<arg>IQ</arg>
<arg>IR</arg>
<arg>IS</arg>
<arg>IT</arg>
<arg>JE</arg>
<arg>JM</arg>
<arg>JO</arg>
<arg>JP</arg>
<arg>KE</arg>
<arg>KG</arg>
<arg>KH</arg>
<arg>KI</arg>
<arg>KM</arg>
<arg>KN</arg>
<arg>KP</arg>
<arg>KR</arg>
<arg>KW</arg>
<arg>KY</arg>
<arg>KZ</arg>
<arg>LA</arg>
<arg>LB</arg>
<arg>LC</arg>
<arg>LI</arg>
<arg>LK</arg>
<arg>LR</arg>
<arg>LS</arg>
<arg>LT</arg>
<arg>LU</arg>
<arg>LV</arg>
<arg>LY</arg>
<arg>MA</arg>
<arg>MC</arg>
<arg>MD</arg>
<arg>ME</arg>
<arg>MF</arg>
<arg>MG</arg>
<arg>MH</arg>
<arg>MK</arg>
<arg>ML</arg>
<arg>MM</arg>
<arg>MN</arg>
<arg>MO</arg>
<arg>MP</arg>
<arg>MQ</arg>
<arg>MR</arg>
<arg>MS</arg>
<arg>MT</arg>
<arg>MU</arg>
<arg>MV</arg>
<arg>MW</arg>
<arg>MX</arg>
<arg>MY</arg>
<arg>MZ</arg>
<arg>NA</arg>
<arg>NC</arg>
<arg>NE</arg>
<arg>NF</arg>
<arg>NG</arg>
<arg>NI</arg>
<arg>NL</arg>
<arg>NO</arg>
<arg>NP</arg>
<arg>NR</arg>
<arg>NU</arg>
<arg>NZ</arg>
<arg>OM</arg>
<arg>PA</arg>
<arg>PE</arg>
<arg>PF</arg>
<arg>PG</arg>
<arg>PH</arg>
<arg>PK</arg>
<arg>PL</arg>
<arg>PM</arg>
<arg>PN</arg>
<arg>PR</arg>
<arg>PS</arg>
<arg>PT</arg>
<arg>PW</arg>
<arg>PY</arg>
<arg>QA</arg>
<arg>RE</arg>
<arg>RO</arg>
<arg>RS</arg>
<arg>RU</arg>
<arg>RW</arg>
<arg>SA</arg>
<arg>SB</arg>
<arg>SC</arg>
<arg>SD</arg>
<arg>SE</arg>
<arg>SG</arg>
<arg>SH</arg>
<arg>SI</arg>
<arg>SJ</arg>
<arg>SK</arg>
<arg>SL</arg>
<arg>SM</arg>
<arg>SN</arg>
<arg>SO</arg>
<arg>SR</arg>
<arg>SS</arg>
<arg>ST</arg>
<arg>SV</arg>
<arg>SX</arg>
<arg>SY</arg>
<arg>SZ</arg>
<arg>TC</arg>
<arg>TD</arg>
<arg>TF</arg>
<arg>TG</arg>
<arg>TH</arg>
<arg>TJ</arg>
<arg>TK</arg>
<arg>TL</arg>
<arg>TM</arg>
<arg>TN</arg>
<arg>TO</arg>
<arg>TR</arg>
<arg>TT</arg>
<arg>TV</arg>
<arg>TW</arg>
<arg>TZ</arg>
<arg>UA</arg>
<arg>UG</arg>
<arg>UM</arg>
<arg>US</arg>
<arg>UY</arg>
<arg>UZ</arg>
<arg>VA</arg>
<arg>VC</arg>
<arg>VE</arg>
<arg>VG</arg>
<arg>VI</arg>
<arg>VN</arg>
<arg>VU</arg>
<arg>WF</arg>
<arg>WS</arg>
<arg>XK</arg>
<arg>YE</arg>
<arg>YT</arg>
<arg>ZA</arg>
<arg>ZM</arg>
<arg>ZW</arg>
<doc>Returns a list containing given items.</doc>
<status status="PASS" start="2024-05-22T02:28:00.031865" elapsed="0.000652"/>
</kw>
<kw name="List Should Contain Value" owner="Collections">
<msg time="2024-05-22T02:28:00.033529" level="INFO">False</msg>
<arg>${list_country}</arg>
<arg>${name_country}</arg>
<doc>Fails if the ``value`` is not found from ``list``.</doc>
<status status="PASS" start="2024-05-22T02:28:00.033325" elapsed="0.000240"/>
</kw>
<kw name="Run Keyword If" owner="BuiltIn">
<kw name="Should Be True" owner="BuiltIn">
<arg>${True}</arg>
<doc>Fails if the given condition is not true.</doc>
<status status="PASS" start="2024-05-22T02:28:00.034628" elapsed="0.000143"/>
</kw>
<arg>${json_data["results"][0]["location"]["coordinates"]["latitude"]} &gt;= -90 and ${json_data["results"][0]["location"]["coordinates"]["latitude"]} &lt;= 90</arg>
<arg>Should Be True</arg>
<arg>${True}</arg>
<doc>Runs the given keyword with the given arguments, if ``condition`` is true.</doc>
<status status="PASS" start="2024-05-22T02:28:00.033879" elapsed="0.001019"/>
</kw>
<kw name="Run Keyword If" owner="BuiltIn">
<kw name="Should Be True" owner="BuiltIn">
<arg>${True}</arg>
<doc>Fails if the given condition is not true.</doc>
<status status="PASS" start="2024-05-22T02:28:00.035776" elapsed="0.000260"/>
</kw>
<arg>${json_data["results"][0]["location"]["coordinates"]["longitude"]} &gt;= -180 and ${json_data["results"][0]["location"]["coordinates"]["longitude"]} &lt;= 180</arg>
<arg>Should Be True</arg>
<arg>${True}</arg>
<doc>Runs the given keyword with the given arguments, if ``condition`` is true.</doc>
<status status="PASS" start="2024-05-22T02:28:00.035083" elapsed="0.001080"/>
</kw>
<status status="PASS" start="2024-05-22T02:27:59.936740" elapsed="0.099556"/>
</kw>
<doc>Testa o conteúdo específico dos campos retornados pela API.</doc>
<tag>testeConteudo</tag>
<status status="PASS" start="2024-05-22T02:27:59.936027" elapsed="0.100421"/>
</test>
<status status="PASS" start="2024-05-22T02:27:58.828305" elapsed="1.210093"/>
</suite>
<status status="PASS" start="2024-05-22T02:27:58.813776" elapsed="1.229739"/>
</suite>
<statistics>
<total>
<stat pass="5" fail="0" skip="0">All Tests</stat>
</total>
<tag>
<stat pass="1" fail="0" skip="0">testeConteudo</stat>
<stat pass="1" fail="0" skip="0">testeEstruturaResposta</stat>
<stat pass="1" fail="0" skip="0">testeRequisicaoBasica</stat>
<stat pass="1" fail="0" skip="0">testeTiposDados</stat>
</tag>
<suite>
<stat pass="5" fail="0" skip="0" id="s1" name="Tests">Tests</stat>
<stat pass="5" fail="0" skip="0" id="s1-s1" name="Random-User-Test">Tests.Random-User-Test</stat>
</suite>
</statistics>
<errors>
</errors>
</robot>
