<?xml version="1.0" encoding="UTF-8"?>
<robot generator="Robot 7.0 (Python 3.12.2 on linux)" generated="2024-04-13T06:14:05.798736" rpa="false" schemaversion="5">
<suite id="s1" name="Tests" source="/home/runner/work/DesafioQAItauRogerioJordao/DesafioQAItauRogerioJordao/RamdonUser/tests">
<suite id="s1-s1" name="Random-User-Test" source="/home/runner/work/DesafioQAItauRogerioJordao/DesafioQAItauRogerioJordao/RamdonUser/tests/random-user-test.robot">
<test id="s1-s1-t1" name="Conectar" line="13">
<kw name="Conectar API" owner="random-user-service">
<kw name="Create Session" owner="RequestsLibrary">
<msg time="2024-04-13T06:14:06.164013" level="INFO">Creating Session using : alias=consultarAPI, url=https://randomuser.me/, headers={},                     cookies={}, auth=None, timeout=None, proxies=None, verify=False,                     debug=0 </msg>
<arg>consultarAPI</arg>
<arg>${URL}</arg>
<doc>Create Session: create a HTTP session to a server</doc>
<status status="PASS" start="2024-04-13T06:14:06.163805" elapsed="0.000385"/>
</kw>
<status status="PASS" start="2024-04-13T06:14:06.162772" elapsed="0.001777"/>
</kw>
<status status="PASS" start="2024-04-13T06:14:06.162245" elapsed="0.002512"/>
</test>
<test id="s1-s1-t2" name="Validar retorno 200 e JSON Válido" line="16">
<kw name="Teste de Requisicao Basica" owner="random-user-service">
<kw name="GET On Session" owner="RequestsLibrary">
<msg time="2024-04-13T06:14:06.410445" level="INFO">GET Request : url=https://randomuser.me/api 
 path_url=/api 
 headers={'User-Agent': 'python-requests/2.31.0', 'Accept-Encoding': 'gzip, deflate', 'Accept': '*/*', 'Connection': 'keep-alive'} 
 body=None 
 </msg>
<msg time="2024-04-13T06:14:06.410590" level="INFO">GET Response : url=https://randomuser.me/api 
 status=200, reason=OK 
 headers={'Date': 'Sat, 13 Apr 2024 06:14:06 GMT', 'Content-Type': 'application/json; charset=utf-8', 'Transfer-Encoding': 'chunked', 'Connection': 'keep-alive', 'X-Powered-By': 'Express', 'Access-Control-Allow-Origin': '*', 'Cache-Control': 'no-cache', 'ETag': 'W/"49f-D6Z3bprsGrUvQE1CJzuln8tJdw4"', 'Vary': 'Accept-Encoding', 'Content-Encoding': 'gzip', 'CF-Cache-Status': 'DYNAMIC', 'Report-To': '{"endpoints":[{"url":"https:\\/\\/a.nel.cloudflare.com\\/report\\/v4?s=CYs6R8samnFNlkAeNBn1TylVw9rWhI7ymMGBfojmcBDZFDtChIbp%2BAxo%2BLalFpGzwO8qwSflBmlaw0AhqX75wzG4Xqok34Bfrlq083Y%2Btjb2WftSTQzgZzfQgrNaSC14"}],"group":"cf-nel","max_age":604800}', 'NEL': '{"success_fraction":0,"report_to":"cf-nel","max_age":604800}', 'Server': 'cloudflare', 'CF-RAY': '87395061cd9407b7-IAD', 'alt-svc': 'h3=":443"; ma=86400'} 
 body={"results":[{"gender":"male","name":{"title":"Mr","first":"Jacinto","last":"Guajardo"},"location":{"street":{"number":5486,"name":"Ampliación Medina"},"city":"Cuetzalán","state":"Durango","country":"Mexico","postcode":75395,"coordinates":{"latitude":"26.1410","longitude":"-177.9857"},"timezone":{"offset":"+8:00","description":"Beijing, Perth, Singapore, Hong Kong"}},"email":"jacinto.guajardo@example.com","login":{"uuid":"76d8034b-1edf-40d6-8f80-97b9284a8381","username":"orangebird611","password":"wally","salt":"g3Y9a1zr","md5":"9aca13297b75a323e9b6cbd969c202d5","sha1":"774bd50819c7a3805514c6057ecc0dd045918dd3","sha256":"d75274a76f2deefb33b5744196186afbd3fce1f9a8a816c5d841eb1b1fd193e7"},"dob":{"date":"1970-01-26T02:17:31.410Z","age":54},"registered":{"date":"2016-06-24T19:59:26.287Z","age":7},"phone":"(615) 265 2516","cell":"(688) 732 7741","id":{"name":"NSS","value":"82 96 79 2117 1"},"picture":{"large":"https://randomuser.me/api/portraits/men/59.jpg","medium":"https://randomuser.me/api/portraits/med/men/59.jpg","thumbnail":"https://randomuser.me/api/portraits/thumb/men/59.jpg"},"nat":"MX"}],"info":{"seed":"b6a2a279a8ea96d0","results":1,"page":1,"version":"1.4"}} 
 </msg>
<msg time="2024-04-13T06:14:06.410687" level="INFO">/opt/hostedtoolcache/Python/3.12.2/x64/lib/python3.12/site-packages/urllib3/connectionpool.py:1103: InsecureRequestWarning: Unverified HTTPS request is being made to host 'randomuser.me'. Adding certificate verification is strongly advised. See: https://urllib3.readthedocs.io/en/latest/advanced-usage.html#tls-warnings
  warnings.warn(</msg>
<msg time="2024-04-13T06:14:06.410833" level="INFO">${response} = &lt;Response [200]&gt;</msg>
<var>${response}</var>
<arg>consultarAPI</arg>
<arg>/api</arg>
<doc>Sends a GET request on a previously created HTTP Session.</doc>
<status status="PASS" start="2024-04-13T06:14:06.167326" elapsed="0.243550"/>
</kw>
<kw name="Should Be Equal As Numbers" owner="BuiltIn">
<msg time="2024-04-13T06:14:06.412033" level="INFO">Argument types are:
&lt;class 'int'&gt;
&lt;class 'str'&gt;</msg>
<arg>${response.status_code}</arg>
<arg>200</arg>
<doc>Fails if objects are unequal after converting them to real numbers.</doc>
<status status="PASS" start="2024-04-13T06:14:06.411531" elapsed="0.000567"/>
</kw>
<kw name="Log" owner="BuiltIn">
<msg time="2024-04-13T06:14:06.412783" level="INFO">200</msg>
<arg>${response.status_code}</arg>
<doc>Logs the given message with the given level.</doc>
<status status="PASS" start="2024-04-13T06:14:06.412428" elapsed="0.000398"/>
</kw>
<kw name="Set Variable" owner="BuiltIn">
<msg time="2024-04-13T06:14:06.413594" level="INFO">${json_data} = {'results': [{'gender': 'male', 'name': {'title': 'Mr', 'first': 'Jacinto', 'last': 'Guajardo'}, 'location': {'street': {'number': 5486, 'name': 'Ampliación Medina'}, 'city': 'Cuetzalán', 'state': 'Du...</msg>
<var>${json_data}</var>
<arg>${response.json()}</arg>
<doc>Returns the given values which can then be assigned to a variables.</doc>
<status status="PASS" start="2024-04-13T06:14:06.413153" elapsed="0.000470"/>
</kw>
<kw name="Dictionary Should Contain Key" owner="Collections">
<msg time="2024-04-13T06:14:06.414147" level="INFO">False</msg>
<arg>${json_data}</arg>
<arg>results</arg>
<doc>Fails if ``key`` is not found from ``dictionary``.</doc>
<status status="PASS" start="2024-04-13T06:14:06.413977" elapsed="0.000210"/>
</kw>
<status status="PASS" start="2024-04-13T06:14:06.167074" elapsed="0.247371"/>
</kw>
<doc>Testa se a API responde corretamente e retorna um objeto JSON válido.</doc>
<tag>testeRequisicaoBasica</tag>
<status status="PASS" start="2024-04-13T06:14:06.166617" elapsed="0.248019"/>
</test>
<test id="s1-s1-t3" name="Validar estrutura de resposta" line="22">
<kw name="Teste de Estrutura de Resposta" owner="random-user-service">
<kw name="GET On Session" owner="RequestsLibrary">
<msg time="2024-04-13T06:14:06.499405" level="INFO">GET Request : url=https://randomuser.me/api 
 path_url=/api 
 headers={'User-Agent': 'python-requests/2.31.0', 'Accept-Encoding': 'gzip, deflate', 'Accept': '*/*', 'Connection': 'keep-alive'} 
 body=None 
 </msg>
<msg time="2024-04-13T06:14:06.499488" level="INFO">GET Response : url=https://randomuser.me/api 
 status=200, reason=OK 
 headers={'Date': 'Sat, 13 Apr 2024 06:14:06 GMT', 'Content-Type': 'application/json; charset=utf-8', 'Transfer-Encoding': 'chunked', 'Connection': 'keep-alive', 'X-Powered-By': 'Express', 'Access-Control-Allow-Origin': '*', 'Cache-Control': 'no-cache', 'ETag': 'W/"486-QvRigMh0ovZoQefnn2nn9jLPOEI"', 'Vary': 'Accept-Encoding', 'Content-Encoding': 'gzip', 'CF-Cache-Status': 'DYNAMIC', 'Report-To': '{"endpoints":[{"url":"https:\\/\\/a.nel.cloudflare.com\\/report\\/v4?s=NvYwC%2BWL7iakvQnnw7Tb9RWL%2F0wQgRy4J72BoChdfddtRf02bCmjxnIs6Qiu6sKLmazWYoX4Yvh6%2Fp8I4%2FWlB9kb%2BhGN7NhLQjocYvTljmTukJ1ASSScrXx4b7NUzoNf"}],"group":"cf-nel","max_age":604800}', 'NEL': '{"success_fraction":0,"report_to":"cf-nel","max_age":604800}', 'Server': 'cloudflare', 'CF-RAY': '873950622dd007b7-IAD', 'alt-svc': 'h3=":443"; ma=86400'} 
 body={"results":[{"gender":"male","name":{"title":"Mr","first":"آریا","last":"علیزاده"},"location":{"street":{"number":5483,"name":"میدان صادقیه"},"city":"نیشابور","state":"سمنان","country":"Iran","postcode":53554,"coordinates":{"latitude":"19.7115","longitude":"-44.6186"},"timezone":{"offset":"-12:00","description":"Eniwetok, Kwajalein"}},"email":"ary.aalyzdh@example.com","login":{"uuid":"2708cc77-fda0-4b14-9877-fda73f6f8995","username":"lazykoala948","password":"lewis","salt":"8YPcUgrK","md5":"e0c20669180fe9c5710cd5d2c7e41f60","sha1":"8d11336e5f14794a483221fd6e3aae0c5079a08f","sha256":"d4ff7b5611fd2f8ebfac91c11cfc7aed5c9f8021b2fbf75e1b6c896368a56d48"},"dob":{"date":"1993-10-11T15:41:53.284Z","age":30},"registered":{"date":"2015-02-04T12:31:21.782Z","age":9},"phone":"029-49556368","cell":"0916-426-5853","id":{"name":"","value":null},"picture":{"large":"https://randomuser.me/api/portraits/men/44.jpg","medium":"https://randomuser.me/api/portraits/med/men/44.jpg","thumbnail":"https://randomuser.me/api/portraits/thumb/men/44.jpg"},"nat":"IR"}],"info":{"seed":"2c4535d52749fa7e","results":1,"page":1,"version":"1.4"}} 
 </msg>
<msg time="2024-04-13T06:14:06.499628" level="INFO">/opt/hostedtoolcache/Python/3.12.2/x64/lib/python3.12/site-packages/urllib3/connectionpool.py:1103: InsecureRequestWarning: Unverified HTTPS request is being made to host 'randomuser.me'. Adding certificate verification is strongly advised. See: https://urllib3.readthedocs.io/en/latest/advanced-usage.html#tls-warnings
  warnings.warn(</msg>
<msg time="2024-04-13T06:14:06.499751" level="INFO">${response} = &lt;Response [200]&gt;</msg>
<var>${response}</var>
<arg>consultarAPI</arg>
<arg>/api</arg>
<doc>Sends a GET request on a previously created HTTP Session.</doc>
<status status="PASS" start="2024-04-13T06:14:06.417342" elapsed="0.082454"/>
</kw>
<kw name="Set Variable" owner="BuiltIn">
<msg time="2024-04-13T06:14:06.500965" level="INFO">${json_data} = {'results': [{'gender': 'male', 'name': {'title': 'Mr', 'first': 'آریا', 'last': 'علیزاده'}, 'location': {'street': {'number': 5483, 'name': 'میدان صادقیه'}, 'city': 'نیشابور', 'state': 'سمنان', 'coun...</msg>
<var>${json_data}</var>
<arg>${response.json()}</arg>
<doc>Returns the given values which can then be assigned to a variables.</doc>
<status status="PASS" start="2024-04-13T06:14:06.500376" elapsed="0.000621"/>
</kw>
<kw name="Log" owner="BuiltIn">
<msg time="2024-04-13T06:14:06.501507" level="INFO">{'results': [{'gender': 'male', 'name': {'title': 'Mr', 'first': 'آریا', 'last': 'علیزاده'}, 'location': {'street': {'number': 5483, 'name': 'میدان صادقیه'}, 'city': 'نیشابور', 'state': 'سمنان', 'country': 'Iran', 'postcode': 53554, 'coordinates': {'latitude': '19.7115', 'longitude': '-44.6186'}, 'timezone': {'offset': '-12:00', 'description': 'Eniwetok, Kwajalein'}}, 'email': 'ary.aalyzdh@example.com', 'login': {'uuid': '2708cc77-fda0-4b14-9877-fda73f6f8995', 'username': 'lazykoala948', 'password': 'lewis', 'salt': '8YPcUgrK', 'md5': 'e0c20669180fe9c5710cd5d2c7e41f60', 'sha1': '8d11336e5f14794a483221fd6e3aae0c5079a08f', 'sha256': 'd4ff7b5611fd2f8ebfac91c11cfc7aed5c9f8021b2fbf75e1b6c896368a56d48'}, 'dob': {'date': '1993-10-11T15:41:53.284Z', 'age': 30}, 'registered': {'date': '2015-02-04T12:31:21.782Z', 'age': 9}, 'phone': '029-49556368', 'cell': '0916-426-5853', 'id': {'name': '', 'value': None}, 'picture': {'large': 'https://randomuser.me/api/portraits/men/44.jpg', 'medium': 'https://randomuser.me/api/portraits/med/men/44.jpg', 'thumbnail': 'https://randomuser.me/api/portraits/thumb/men/44.jpg'}, 'nat': 'IR'}], 'info': {'seed': '2c4535d52749fa7e', 'results': 1, 'page': 1, 'version': '1.4'}}</msg>
<arg>${json_data}</arg>
<doc>Logs the given message with the given level.</doc>
<status status="PASS" start="2024-04-13T06:14:06.501340" elapsed="0.000217"/>
</kw>
<kw name="Dictionary Should Contain Key" owner="Collections">
<msg time="2024-04-13T06:14:06.502043" level="INFO">False</msg>
<arg>${json_data}</arg>
<arg>results</arg>
<doc>Fails if ``key`` is not found from ``dictionary``.</doc>
<status status="PASS" start="2024-04-13T06:14:06.501887" elapsed="0.000194"/>
</kw>
<kw name="Should Not Be Empty" owner="BuiltIn">
<msg time="2024-04-13T06:14:06.502588" level="INFO">Length is 2.</msg>
<arg>${json_data}</arg>
<doc>Verifies that the given item is not empty.</doc>
<status status="PASS" start="2024-04-13T06:14:06.502424" elapsed="0.000205"/>
</kw>
<kw name="Create List" owner="BuiltIn">
<msg time="2024-04-13T06:14:06.503082" level="INFO">${expected_keys} = ['gender', 'name', 'location', 'email', 'login']</msg>
<var>${expected_keys}</var>
<arg>gender</arg>
<arg>name</arg>
<arg>location</arg>
<arg>email</arg>
<arg>login</arg>
<doc>Returns a list containing given items.</doc>
<status status="PASS" start="2024-04-13T06:14:06.502932" elapsed="0.000174"/>
</kw>
<for flavor="IN">
<iter>
<kw name="Dictionary Should Contain Key" owner="Collections">
<msg time="2024-04-13T06:14:06.504211" level="INFO">False</msg>
<arg>${json_data['results'][0]}</arg>
<arg>${key}</arg>
<doc>Fails if ``key`` is not found from ``dictionary``.</doc>
<status status="PASS" start="2024-04-13T06:14:06.503787" elapsed="0.000463"/>
</kw>
<kw name="Log" owner="BuiltIn">
<msg time="2024-04-13T06:14:06.504934" level="INFO">{'gender': 'male', 'name': {'title': 'Mr', 'first': 'آریا', 'last': 'علیزاده'}, 'location': {'street': {'number': 5483, 'name': 'میدان صادقیه'}, 'city': 'نیشابور', 'state': 'سمنان', 'country': 'Iran', 'postcode': 53554, 'coordinates': {'latitude': '19.7115', 'longitude': '-44.6186'}, 'timezone': {'offset': '-12:00', 'description': 'Eniwetok, Kwajalein'}}, 'email': 'ary.aalyzdh@example.com', 'login': {'uuid': '2708cc77-fda0-4b14-9877-fda73f6f8995', 'username': 'lazykoala948', 'password': 'lewis', 'salt': '8YPcUgrK', 'md5': 'e0c20669180fe9c5710cd5d2c7e41f60', 'sha1': '8d11336e5f14794a483221fd6e3aae0c5079a08f', 'sha256': 'd4ff7b5611fd2f8ebfac91c11cfc7aed5c9f8021b2fbf75e1b6c896368a56d48'}, 'dob': {'date': '1993-10-11T15:41:53.284Z', 'age': 30}, 'registered': {'date': '2015-02-04T12:31:21.782Z', 'age': 9}, 'phone': '029-49556368', 'cell': '0916-426-5853', 'id': {'name': '', 'value': None}, 'picture': {'large': 'https://randomuser.me/api/portraits/men/44.jpg', 'medium': 'https://randomuser.me/api/portraits/med/men/44.jpg', 'thumbnail': 'https://randomuser.me/api/portraits/thumb/men/44.jpg'}, 'nat': 'IR'}</msg>
<arg>${json_data['results'][0]}</arg>
<doc>Logs the given message with the given level.</doc>
<status status="PASS" start="2024-04-13T06:14:06.504562" elapsed="0.000424"/>
</kw>
<kw name="Log" owner="BuiltIn">
<msg time="2024-04-13T06:14:06.505440" level="INFO">gender</msg>
<arg>${key}</arg>
<doc>Logs the given message with the given level.</doc>
<status status="PASS" start="2024-04-13T06:14:06.505302" elapsed="0.000177"/>
</kw>
<var name="${key}">gender</var>
<status status="PASS" start="2024-04-13T06:14:06.503633" elapsed="0.002089"/>
</iter>
<iter>
<kw name="Dictionary Should Contain Key" owner="Collections">
<msg time="2024-04-13T06:14:06.506417" level="INFO">False</msg>
<arg>${json_data['results'][0]}</arg>
<arg>${key}</arg>
<doc>Fails if ``key`` is not found from ``dictionary``.</doc>
<status status="PASS" start="2024-04-13T06:14:06.506033" elapsed="0.000421"/>
</kw>
<kw name="Log" owner="BuiltIn">
<msg time="2024-04-13T06:14:06.507155" level="INFO">{'gender': 'male', 'name': {'title': 'Mr', 'first': 'آریا', 'last': 'علیزاده'}, 'location': {'street': {'number': 5483, 'name': 'میدان صادقیه'}, 'city': 'نیشابور', 'state': 'سمنان', 'country': 'Iran', 'postcode': 53554, 'coordinates': {'latitude': '19.7115', 'longitude': '-44.6186'}, 'timezone': {'offset': '-12:00', 'description': 'Eniwetok, Kwajalein'}}, 'email': 'ary.aalyzdh@example.com', 'login': {'uuid': '2708cc77-fda0-4b14-9877-fda73f6f8995', 'username': 'lazykoala948', 'password': 'lewis', 'salt': '8YPcUgrK', 'md5': 'e0c20669180fe9c5710cd5d2c7e41f60', 'sha1': '8d11336e5f14794a483221fd6e3aae0c5079a08f', 'sha256': 'd4ff7b5611fd2f8ebfac91c11cfc7aed5c9f8021b2fbf75e1b6c896368a56d48'}, 'dob': {'date': '1993-10-11T15:41:53.284Z', 'age': 30}, 'registered': {'date': '2015-02-04T12:31:21.782Z', 'age': 9}, 'phone': '029-49556368', 'cell': '0916-426-5853', 'id': {'name': '', 'value': None}, 'picture': {'large': 'https://randomuser.me/api/portraits/men/44.jpg', 'medium': 'https://randomuser.me/api/portraits/med/men/44.jpg', 'thumbnail': 'https://randomuser.me/api/portraits/thumb/men/44.jpg'}, 'nat': 'IR'}</msg>
<arg>${json_data['results'][0]}</arg>
<doc>Logs the given message with the given level.</doc>
<status status="PASS" start="2024-04-13T06:14:06.506785" elapsed="0.000420"/>
</kw>
<kw name="Log" owner="BuiltIn">
<msg time="2024-04-13T06:14:06.507633" level="INFO">name</msg>
<arg>${key}</arg>
<doc>Logs the given message with the given level.</doc>
<status status="PASS" start="2024-04-13T06:14:06.507503" elapsed="0.000167"/>
</kw>
<var name="${key}">name</var>
<status status="PASS" start="2024-04-13T06:14:06.505916" elapsed="0.001971"/>
</iter>
<iter>
<kw name="Dictionary Should Contain Key" owner="Collections">
<msg time="2024-04-13T06:14:06.508559" level="INFO">False</msg>
<arg>${json_data['results'][0]}</arg>
<arg>${key}</arg>
<doc>Fails if ``key`` is not found from ``dictionary``.</doc>
<status status="PASS" start="2024-04-13T06:14:06.508180" elapsed="0.000417"/>
</kw>
<kw name="Log" owner="BuiltIn">
<msg time="2024-04-13T06:14:06.509290" level="INFO">{'gender': 'male', 'name': {'title': 'Mr', 'first': 'آریا', 'last': 'علیزاده'}, 'location': {'street': {'number': 5483, 'name': 'میدان صادقیه'}, 'city': 'نیشابور', 'state': 'سمنان', 'country': 'Iran', 'postcode': 53554, 'coordinates': {'latitude': '19.7115', 'longitude': '-44.6186'}, 'timezone': {'offset': '-12:00', 'description': 'Eniwetok, Kwajalein'}}, 'email': 'ary.aalyzdh@example.com', 'login': {'uuid': '2708cc77-fda0-4b14-9877-fda73f6f8995', 'username': 'lazykoala948', 'password': 'lewis', 'salt': '8YPcUgrK', 'md5': 'e0c20669180fe9c5710cd5d2c7e41f60', 'sha1': '8d11336e5f14794a483221fd6e3aae0c5079a08f', 'sha256': 'd4ff7b5611fd2f8ebfac91c11cfc7aed5c9f8021b2fbf75e1b6c896368a56d48'}, 'dob': {'date': '1993-10-11T15:41:53.284Z', 'age': 30}, 'registered': {'date': '2015-02-04T12:31:21.782Z', 'age': 9}, 'phone': '029-49556368', 'cell': '0916-426-5853', 'id': {'name': '', 'value': None}, 'picture': {'large': 'https://randomuser.me/api/portraits/men/44.jpg', 'medium': 'https://randomuser.me/api/portraits/med/men/44.jpg', 'thumbnail': 'https://randomuser.me/api/portraits/thumb/men/44.jpg'}, 'nat': 'IR'}</msg>
<arg>${json_data['results'][0]}</arg>
<doc>Logs the given message with the given level.</doc>
<status status="PASS" start="2024-04-13T06:14:06.508898" elapsed="0.000448"/>
</kw>
<kw name="Log" owner="BuiltIn">
<msg time="2024-04-13T06:14:06.509814" level="INFO">location</msg>
<arg>${key}</arg>
<doc>Logs the given message with the given level.</doc>
<status status="PASS" start="2024-04-13T06:14:06.509646" elapsed="0.000207"/>
</kw>
<var name="${key}">location</var>
<status status="PASS" start="2024-04-13T06:14:06.508067" elapsed="0.002006"/>
</iter>
<iter>
<kw name="Dictionary Should Contain Key" owner="Collections">
<msg time="2024-04-13T06:14:06.510742" level="INFO">False</msg>
<arg>${json_data['results'][0]}</arg>
<arg>${key}</arg>
<doc>Fails if ``key`` is not found from ``dictionary``.</doc>
<status status="PASS" start="2024-04-13T06:14:06.510360" elapsed="0.000420"/>
</kw>
<kw name="Log" owner="BuiltIn">
<msg time="2024-04-13T06:14:06.511445" level="INFO">{'gender': 'male', 'name': {'title': 'Mr', 'first': 'آریا', 'last': 'علیزاده'}, 'location': {'street': {'number': 5483, 'name': 'میدان صادقیه'}, 'city': 'نیشابور', 'state': 'سمنان', 'country': 'Iran', 'postcode': 53554, 'coordinates': {'latitude': '19.7115', 'longitude': '-44.6186'}, 'timezone': {'offset': '-12:00', 'description': 'Eniwetok, Kwajalein'}}, 'email': 'ary.aalyzdh@example.com', 'login': {'uuid': '2708cc77-fda0-4b14-9877-fda73f6f8995', 'username': 'lazykoala948', 'password': 'lewis', 'salt': '8YPcUgrK', 'md5': 'e0c20669180fe9c5710cd5d2c7e41f60', 'sha1': '8d11336e5f14794a483221fd6e3aae0c5079a08f', 'sha256': 'd4ff7b5611fd2f8ebfac91c11cfc7aed5c9f8021b2fbf75e1b6c896368a56d48'}, 'dob': {'date': '1993-10-11T15:41:53.284Z', 'age': 30}, 'registered': {'date': '2015-02-04T12:31:21.782Z', 'age': 9}, 'phone': '029-49556368', 'cell': '0916-426-5853', 'id': {'name': '', 'value': None}, 'picture': {'large': 'https://randomuser.me/api/portraits/men/44.jpg', 'medium': 'https://randomuser.me/api/portraits/med/men/44.jpg', 'thumbnail': 'https://randomuser.me/api/portraits/thumb/men/44.jpg'}, 'nat': 'IR'}</msg>
<arg>${json_data['results'][0]}</arg>
<doc>Logs the given message with the given level.</doc>
<status status="PASS" start="2024-04-13T06:14:06.511081" elapsed="0.000415"/>
</kw>
<kw name="Log" owner="BuiltIn">
<msg time="2024-04-13T06:14:06.511921" level="INFO">email</msg>
<arg>${key}</arg>
<doc>Logs the given message with the given level.</doc>
<status status="PASS" start="2024-04-13T06:14:06.511793" elapsed="0.000165"/>
</kw>
<var name="${key}">email</var>
<status status="PASS" start="2024-04-13T06:14:06.510248" elapsed="0.001925"/>
</iter>
<iter>
<kw name="Dictionary Should Contain Key" owner="Collections">
<msg time="2024-04-13T06:14:06.512830" level="INFO">False</msg>
<arg>${json_data['results'][0]}</arg>
<arg>${key}</arg>
<doc>Fails if ``key`` is not found from ``dictionary``.</doc>
<status status="PASS" start="2024-04-13T06:14:06.512456" elapsed="0.000410"/>
</kw>
<kw name="Log" owner="BuiltIn">
<msg time="2024-04-13T06:14:06.513519" level="INFO">{'gender': 'male', 'name': {'title': 'Mr', 'first': 'آریا', 'last': 'علیزاده'}, 'location': {'street': {'number': 5483, 'name': 'میدان صادقیه'}, 'city': 'نیشابور', 'state': 'سمنان', 'country': 'Iran', 'postcode': 53554, 'coordinates': {'latitude': '19.7115', 'longitude': '-44.6186'}, 'timezone': {'offset': '-12:00', 'description': 'Eniwetok, Kwajalein'}}, 'email': 'ary.aalyzdh@example.com', 'login': {'uuid': '2708cc77-fda0-4b14-9877-fda73f6f8995', 'username': 'lazykoala948', 'password': 'lewis', 'salt': '8YPcUgrK', 'md5': 'e0c20669180fe9c5710cd5d2c7e41f60', 'sha1': '8d11336e5f14794a483221fd6e3aae0c5079a08f', 'sha256': 'd4ff7b5611fd2f8ebfac91c11cfc7aed5c9f8021b2fbf75e1b6c896368a56d48'}, 'dob': {'date': '1993-10-11T15:41:53.284Z', 'age': 30}, 'registered': {'date': '2015-02-04T12:31:21.782Z', 'age': 9}, 'phone': '029-49556368', 'cell': '0916-426-5853', 'id': {'name': '', 'value': None}, 'picture': {'large': 'https://randomuser.me/api/portraits/men/44.jpg', 'medium': 'https://randomuser.me/api/portraits/med/men/44.jpg', 'thumbnail': 'https://randomuser.me/api/portraits/thumb/men/44.jpg'}, 'nat': 'IR'}</msg>
<arg>${json_data['results'][0]}</arg>
<doc>Logs the given message with the given level.</doc>
<status status="PASS" start="2024-04-13T06:14:06.513158" elapsed="0.000410"/>
</kw>
<kw name="Log" owner="BuiltIn">
<msg time="2024-04-13T06:14:06.514029" level="INFO">login</msg>
<arg>${key}</arg>
<doc>Logs the given message with the given level.</doc>
<status status="PASS" start="2024-04-13T06:14:06.513899" elapsed="0.000167"/>
</kw>
<var name="${key}">login</var>
<status status="PASS" start="2024-04-13T06:14:06.512346" elapsed="0.001945"/>
</iter>
<var>${key}</var>
<value>@{expected_keys}</value>
<status status="PASS" start="2024-04-13T06:14:06.503368" elapsed="0.011073"/>
</for>
<kw name="Create List" owner="BuiltIn">
<msg time="2024-04-13T06:14:06.514770" level="INFO">${expected_keysTwo} = ['username', 'password']</msg>
<var>${expected_keysTwo}</var>
<arg>username</arg>
<arg>password</arg>
<doc>Returns a list containing given items.</doc>
<status status="PASS" start="2024-04-13T06:14:06.514634" elapsed="0.000160"/>
</kw>
<for flavor="IN">
<iter>
<kw name="Dictionary Should Contain Key" owner="Collections">
<msg time="2024-04-13T06:14:06.515787" level="INFO">False</msg>
<arg>${json_data['results'][0]['login']}</arg>
<arg>${keyTwo}</arg>
<doc>Fails if ``key`` is not found from ``dictionary``.</doc>
<status status="PASS" start="2024-04-13T06:14:06.515405" elapsed="0.000419"/>
</kw>
<kw name="Dictionary Should Contain Key" owner="Collections">
<msg time="2024-04-13T06:14:06.516497" level="INFO">False</msg>
<arg>${json_data['results'][0]['login']}</arg>
<arg>${keyTwo}</arg>
<doc>Fails if ``key`` is not found from ``dictionary``.</doc>
<status status="PASS" start="2024-04-13T06:14:06.516120" elapsed="0.000414"/>
</kw>
<kw name="Log" owner="BuiltIn">
<msg time="2024-04-13T06:14:06.516964" level="INFO">username</msg>
<arg>${keyTwo}</arg>
<doc>Logs the given message with the given level.</doc>
<status status="PASS" start="2024-04-13T06:14:06.516826" elapsed="0.000175"/>
</kw>
<var name="${keyTwo}">username</var>
<status status="PASS" start="2024-04-13T06:14:06.515284" elapsed="0.001935"/>
</iter>
<iter>
<kw name="Dictionary Should Contain Key" owner="Collections">
<msg time="2024-04-13T06:14:06.517940" level="INFO">False</msg>
<arg>${json_data['results'][0]['login']}</arg>
<arg>${keyTwo}</arg>
<doc>Fails if ``key`` is not found from ``dictionary``.</doc>
<status status="PASS" start="2024-04-13T06:14:06.517511" elapsed="0.000468"/>
</kw>
<kw name="Dictionary Should Contain Key" owner="Collections">
<msg time="2024-04-13T06:14:06.518648" level="INFO">False</msg>
<arg>${json_data['results'][0]['login']}</arg>
<arg>${keyTwo}</arg>
<doc>Fails if ``key`` is not found from ``dictionary``.</doc>
<status status="PASS" start="2024-04-13T06:14:06.518272" elapsed="0.000412"/>
</kw>
<kw name="Log" owner="BuiltIn">
<msg time="2024-04-13T06:14:06.519102" level="INFO">password</msg>
<arg>${keyTwo}</arg>
<doc>Logs the given message with the given level.</doc>
<status status="PASS" start="2024-04-13T06:14:06.518973" elapsed="0.000166"/>
</kw>
<var name="${keyTwo}">password</var>
<status status="PASS" start="2024-04-13T06:14:06.517396" elapsed="0.001955"/>
</iter>
<var>${keyTwo}</var>
<value>@{expected_keysTwo}</value>
<status status="PASS" start="2024-04-13T06:14:06.515030" elapsed="0.004441"/>
</for>
<status status="PASS" start="2024-04-13T06:14:06.417109" elapsed="0.102510"/>
</kw>
<doc>Testa a estrutura da resposta da API.</doc>
<tag>testeEstruturaResposta</tag>
<status status="PASS" start="2024-04-13T06:14:06.416451" elapsed="0.103330"/>
</test>
<test id="s1-s1-t4" name="Validar tipos de dados" line="28">
<kw name="Teste de Tipos de Dados" owner="random-user-service">
<kw name="GET On Session" owner="RequestsLibrary">
<msg time="2024-04-13T06:14:06.599578" level="INFO">GET Request : url=https://randomuser.me/api 
 path_url=/api 
 headers={'User-Agent': 'python-requests/2.31.0', 'Accept-Encoding': 'gzip, deflate', 'Accept': '*/*', 'Connection': 'keep-alive'} 
 body=None 
 </msg>
<msg time="2024-04-13T06:14:06.599649" level="INFO">GET Response : url=https://randomuser.me/api 
 status=200, reason=OK 
 headers={'Date': 'Sat, 13 Apr 2024 06:14:06 GMT', 'Content-Type': 'application/json; charset=utf-8', 'Transfer-Encoding': 'chunked', 'Connection': 'keep-alive', 'X-Powered-By': 'Express', 'Access-Control-Allow-Origin': '*', 'Cache-Control': 'no-cache', 'ETag': 'W/"483-DqKBykrUyZCFJBfFgPe3WwxxevM"', 'Vary': 'Accept-Encoding', 'Content-Encoding': 'gzip', 'CF-Cache-Status': 'DYNAMIC', 'Report-To': '{"endpoints":[{"url":"https:\\/\\/a.nel.cloudflare.com\\/report\\/v4?s=pzLsSUuu7Tb4hDa7QU9CEn9gjBsczw%2BT%2BWqQv8x2C%2BtafHE5Bjt9b2vECK%2BiKCggbYgfCToBuF75ZfWINgodTrw1UFAN7kkK2xLjECtde9YKKyRdMX9hDgOwBu2SFfdc"}],"group":"cf-nel","max_age":604800}', 'NEL': '{"success_fraction":0,"report_to":"cf-nel","max_age":604800}', 'Server': 'cloudflare', 'CF-RAY': '87395062ce3f07b7-IAD', 'alt-svc': 'h3=":443"; ma=86400'} 
 body={"results":[{"gender":"male","name":{"title":"Mr","first":"Vukašin","last":"Babić"},"location":{"street":{"number":9427,"name":"Bajčinska"},"city":"Titel","state":"Pirot","country":"Serbia","postcode":80701,"coordinates":{"latitude":"58.8379","longitude":"-171.8074"},"timezone":{"offset":"+1:00","description":"Brussels, Copenhagen, Madrid, Paris"}},"email":"vukasin.babic@example.com","login":{"uuid":"e07f0d8c-e83e-4b54-82ad-2d08f8cecbba","username":"purplesnake230","password":"biker","salt":"6Gn3Rvpr","md5":"36d22256fd262539a499fa07a95eb0bf","sha1":"e954d38b55256ca50097a440d240cd75ec56399d","sha256":"29f8342887133d155eb00df8ea9771ee03b7b024a8aee202285257187379ea61"},"dob":{"date":"1993-09-16T20:40:41.405Z","age":30},"registered":{"date":"2003-06-12T11:21:45.081Z","age":20},"phone":"035-8977-766","cell":"061-8563-901","id":{"name":"SID","value":"946696096"},"picture":{"large":"https://randomuser.me/api/portraits/men/54.jpg","medium":"https://randomuser.me/api/portraits/med/men/54.jpg","thumbnail":"https://randomuser.me/api/portraits/thumb/men/54.jpg"},"nat":"RS"}],"info":{"seed":"6ad8d219278f6102","results":1,"page":1,"version":"1.4"}} 
 </msg>
<msg time="2024-04-13T06:14:06.599722" level="INFO">/opt/hostedtoolcache/Python/3.12.2/x64/lib/python3.12/site-packages/urllib3/connectionpool.py:1103: InsecureRequestWarning: Unverified HTTPS request is being made to host 'randomuser.me'. Adding certificate verification is strongly advised. See: https://urllib3.readthedocs.io/en/latest/advanced-usage.html#tls-warnings
  warnings.warn(</msg>
<msg time="2024-04-13T06:14:06.599814" level="INFO">${response} = &lt;Response [200]&gt;</msg>
<var>${response}</var>
<arg>consultarAPI</arg>
<arg>/api</arg>
<doc>Sends a GET request on a previously created HTTP Session.</doc>
<status status="PASS" start="2024-04-13T06:14:06.522228" elapsed="0.077626"/>
</kw>
<kw name="Set Variable" owner="BuiltIn">
<msg time="2024-04-13T06:14:06.601033" level="INFO">${json_data} = {'results': [{'gender': 'male', 'name': {'title': 'Mr', 'first': 'Vukašin', 'last': 'Babić'}, 'location': {'street': {'number': 9427, 'name': 'Bajčinska'}, 'city': 'Titel', 'state': 'Pirot', 'country'...</msg>
<var>${json_data}</var>
<arg>${response.json()}</arg>
<doc>Returns the given values which can then be assigned to a variables.</doc>
<status status="PASS" start="2024-04-13T06:14:06.600419" elapsed="0.000645"/>
</kw>
<kw name="Log" owner="BuiltIn">
<msg time="2024-04-13T06:14:06.601546" level="INFO">{'results': [{'gender': 'male', 'name': {'title': 'Mr', 'first': 'Vukašin', 'last': 'Babić'}, 'location': {'street': {'number': 9427, 'name': 'Bajčinska'}, 'city': 'Titel', 'state': 'Pirot', 'country': 'Serbia', 'postcode': 80701, 'coordinates': {'latitude': '58.8379', 'longitude': '-171.8074'}, 'timezone': {'offset': '+1:00', 'description': 'Brussels, Copenhagen, Madrid, Paris'}}, 'email': 'vukasin.babic@example.com', 'login': {'uuid': 'e07f0d8c-e83e-4b54-82ad-2d08f8cecbba', 'username': 'purplesnake230', 'password': 'biker', 'salt': '6Gn3Rvpr', 'md5': '36d22256fd262539a499fa07a95eb0bf', 'sha1': 'e954d38b55256ca50097a440d240cd75ec56399d', 'sha256': '29f8342887133d155eb00df8ea9771ee03b7b024a8aee202285257187379ea61'}, 'dob': {'date': '1993-09-16T20:40:41.405Z', 'age': 30}, 'registered': {'date': '2003-06-12T11:21:45.081Z', 'age': 20}, 'phone': '035-8977-766', 'cell': '061-8563-901', 'id': {'name': 'SID', 'value': '946696096'}, 'picture': {'large': 'https://randomuser.me/api/portraits/men/54.jpg', 'medium': 'https://randomuser.me/api/portraits/med/men/54.jpg', 'thumbnail': 'https://randomuser.me/api/portraits/thumb/men/54.jpg'}, 'nat': 'RS'}], 'info': {'seed': '6ad8d219278f6102', 'results': 1, 'page': 1, 'version': '1.4'}}</msg>
<arg>${json_data}</arg>
<doc>Logs the given message with the given level.</doc>
<status status="PASS" start="2024-04-13T06:14:06.601384" elapsed="0.000244"/>
</kw>
<kw name="Should Be String" owner="String">
<arg>${json_data['results'][0]['gender']}</arg>
<doc>Fails if the given ``item`` is not a string.</doc>
<status status="PASS" start="2024-04-13T06:14:06.601984" elapsed="0.000360"/>
</kw>
<kw name="Should Match Regexp" owner="BuiltIn">
<arg>${json_data['results'][0]['email']}</arg>
<arg>^[a-zA-Z0-9._%+-]+@[a-zA-Z0-9.-]+\.[a-zA-Z]{2,}$</arg>
<doc>Fails if ``string`` does not match ``pattern`` as a regular expression.</doc>
<status status="PASS" start="2024-04-13T06:14:06.602535" elapsed="0.000508"/>
</kw>
<kw name="Should Match Regexp" owner="BuiltIn">
<arg>${json_data['results'][0]['dob']['date']}</arg>
<arg>\\d{4}-\\d{2}-\\d{2}T\\d{2}:\\d{2}:\\d{2}\\.\\d{3}Z</arg>
<doc>Fails if ``string`` does not match ``pattern`` as a regular expression.</doc>
<status status="PASS" start="2024-04-13T06:14:06.603248" elapsed="0.000482"/>
</kw>
<kw name="Should Match Regexp" owner="BuiltIn">
<arg>${json_data['results'][0]['registered']['date']}</arg>
<arg>\\d{4}-\\d{2}-\\d{2}T\\d{2}:\\d{2}:\\d{2}\\.\\d{3}Z</arg>
<doc>Fails if ``string`` does not match ``pattern`` as a regular expression.</doc>
<status status="PASS" start="2024-04-13T06:14:06.603922" elapsed="0.000380"/>
</kw>
<kw name="Should Match Regexp" owner="BuiltIn">
<arg>${json_data['results'][0]['picture']['large']}</arg>
<arg>^https?://.*\.(?:png|jpe?g|gif|bmp)$</arg>
<doc>Fails if ``string`` does not match ``pattern`` as a regular expression.</doc>
<status status="PASS" start="2024-04-13T06:14:06.604488" elapsed="0.000455"/>
</kw>
<kw name="Should Match Regexp" owner="BuiltIn">
<arg>${json_data['results'][0]['picture']['medium']}</arg>
<arg>^https?://.*\.(?:png|jpe?g|gif|bmp)$</arg>
<doc>Fails if ``string`` does not match ``pattern`` as a regular expression.</doc>
<status status="PASS" start="2024-04-13T06:14:06.605133" elapsed="0.000356"/>
</kw>
<kw name="Should Match Regexp" owner="BuiltIn">
<arg>${json_data['results'][0]['picture']['thumbnail']}</arg>
<arg>^https?://.*\.(?:png|jpe?g|gif|bmp)$</arg>
<doc>Fails if ``string`` does not match ``pattern`` as a regular expression.</doc>
<status status="PASS" start="2024-04-13T06:14:06.605690" elapsed="0.000360"/>
</kw>
<kw name="Log" owner="BuiltIn">
<msg time="2024-04-13T06:14:06.606564" level="INFO">{'large': 'https://randomuser.me/api/portraits/men/54.jpg', 'medium': 'https://randomuser.me/api/portraits/med/men/54.jpg', 'thumbnail': 'https://randomuser.me/api/portraits/thumb/men/54.jpg'}</msg>
<arg>${json_data['results'][0]['picture']}</arg>
<doc>Logs the given message with the given level.</doc>
<status status="PASS" start="2024-04-13T06:14:06.606232" elapsed="0.000372"/>
</kw>
<status status="PASS" start="2024-04-13T06:14:06.521995" elapsed="0.084863"/>
</kw>
<kw name="Teste de Tipos de Dados - Postcode" owner="random-user-service">
<kw name="GET On Session" owner="RequestsLibrary">
<msg time="2024-04-13T06:14:06.699723" level="INFO">GET Request : url=https://randomuser.me/api 
 path_url=/api 
 headers={'User-Agent': 'python-requests/2.31.0', 'Accept-Encoding': 'gzip, deflate', 'Accept': '*/*', 'Connection': 'keep-alive'} 
 body=None 
 </msg>
<msg time="2024-04-13T06:14:06.699807" level="INFO">GET Response : url=https://randomuser.me/api 
 status=200, reason=OK 
 headers={'Date': 'Sat, 13 Apr 2024 06:14:06 GMT', 'Content-Type': 'application/json; charset=utf-8', 'Transfer-Encoding': 'chunked', 'Connection': 'keep-alive', 'X-Powered-By': 'Express', 'Access-Control-Allow-Origin': '*', 'Cache-Control': 'no-cache', 'ETag': 'W/"488-U7p0WAHht1qll9Mk9gOVeba6LbQ"', 'Vary': 'Accept-Encoding', 'Content-Encoding': 'gzip', 'CF-Cache-Status': 'DYNAMIC', 'Report-To': '{"endpoints":[{"url":"https:\\/\\/a.nel.cloudflare.com\\/report\\/v4?s=X%2Br6AoCGIZn33rmg6P5QCmp9V15MIIyIamEBUfZpM4xfppOKa%2BR1BDJkIyPb%2FzhkF%2Fnove7OBhrbBR2wUxIajM06125xSzVJKvr6LAHWnD%2FWBvNAlNNBGkSh0ZlB6sDx"}],"group":"cf-nel","max_age":604800}', 'NEL': '{"success_fraction":0,"report_to":"cf-nel","max_age":604800}', 'Server': 'cloudflare', 'CF-RAY': '873950635ea407b7-IAD', 'alt-svc': 'h3=":443"; ma=86400'} 
 body={"results":[{"gender":"male","name":{"title":"Mr","first":"امیر","last":"کامروا"},"location":{"street":{"number":690,"name":"مالک اشتر"},"city":"زاهدان","state":"سیستان و بلوچستان","country":"Iran","postcode":87759,"coordinates":{"latitude":"13.5343","longitude":"-125.4582"},"timezone":{"offset":"-3:30","description":"Newfoundland"}},"email":"myr.khmrw@example.com","login":{"uuid":"3d41977d-a69a-4e67-94af-c372e22947f4","username":"redwolf807","password":"divers","salt":"NxKN6zB2","md5":"c75a87142665bc0f853cc88578af474b","sha1":"f603eca3179fd1540a6df5468242920ef9693d1a","sha256":"3c6fff0d967e411f6d73db213f6d8dd5aa742099b46c48edfdc473456d8138ac"},"dob":{"date":"1957-01-20T23:09:30.488Z","age":67},"registered":{"date":"2011-08-23T20:39:32.590Z","age":12},"phone":"091-16249399","cell":"0928-820-3891","id":{"name":"","value":null},"picture":{"large":"https://randomuser.me/api/portraits/men/14.jpg","medium":"https://randomuser.me/api/portraits/med/men/14.jpg","thumbnail":"https://randomuser.me/api/portraits/thumb/men/14.jpg"},"nat":"IR"}],"info":{"seed":"6b32ec53d733a315","results":1,"page":1,"version":"1.4"}} 
 </msg>
<msg time="2024-04-13T06:14:06.699896" level="INFO">/opt/hostedtoolcache/Python/3.12.2/x64/lib/python3.12/site-packages/urllib3/connectionpool.py:1103: InsecureRequestWarning: Unverified HTTPS request is being made to host 'randomuser.me'. Adding certificate verification is strongly advised. See: https://urllib3.readthedocs.io/en/latest/advanced-usage.html#tls-warnings
  warnings.warn(</msg>
<msg time="2024-04-13T06:14:06.700005" level="INFO">${response} = &lt;Response [200]&gt;</msg>
<var>${response}</var>
<arg>consultarAPI</arg>
<arg>/api</arg>
<doc>Sends a GET request on a previously created HTTP Session.</doc>
<status status="PASS" start="2024-04-13T06:14:06.607309" elapsed="0.092735"/>
</kw>
<kw name="Set Variable" owner="BuiltIn">
<msg time="2024-04-13T06:14:06.701265" level="INFO">${json_data} = {'results': [{'gender': 'male', 'name': {'title': 'Mr', 'first': 'امیر', 'last': 'کامروا'}, 'location': {'street': {'number': 690, 'name': 'مالک اشتر'}, 'city': 'زاهدان', 'state': 'سیستان و بلوچستان',...</msg>
<var>${json_data}</var>
<arg>${response.json()}</arg>
<doc>Returns the given values which can then be assigned to a variables.</doc>
<status status="PASS" start="2024-04-13T06:14:06.700652" elapsed="0.000644"/>
</kw>
<kw name="Log" owner="BuiltIn">
<msg time="2024-04-13T06:14:06.701816" level="INFO">{'results': [{'gender': 'male', 'name': {'title': 'Mr', 'first': 'امیر', 'last': 'کامروا'}, 'location': {'street': {'number': 690, 'name': 'مالک اشتر'}, 'city': 'زاهدان', 'state': 'سیستان و بلوچستان', 'country': 'Iran', 'postcode': 87759, 'coordinates': {'latitude': '13.5343', 'longitude': '-125.4582'}, 'timezone': {'offset': '-3:30', 'description': 'Newfoundland'}}, 'email': 'myr.khmrw@example.com', 'login': {'uuid': '3d41977d-a69a-4e67-94af-c372e22947f4', 'username': 'redwolf807', 'password': 'divers', 'salt': 'NxKN6zB2', 'md5': 'c75a87142665bc0f853cc88578af474b', 'sha1': 'f603eca3179fd1540a6df5468242920ef9693d1a', 'sha256': '3c6fff0d967e411f6d73db213f6d8dd5aa742099b46c48edfdc473456d8138ac'}, 'dob': {'date': '1957-01-20T23:09:30.488Z', 'age': 67}, 'registered': {'date': '2011-08-23T20:39:32.590Z', 'age': 12}, 'phone': '091-16249399', 'cell': '0928-820-3891', 'id': {'name': '', 'value': None}, 'picture': {'large': 'https://randomuser.me/api/portraits/men/14.jpg', 'medium': 'https://randomuser.me/api/portraits/med/men/14.jpg', 'thumbnail': 'https://randomuser.me/api/portraits/thumb/men/14.jpg'}, 'nat': 'IR'}], 'info': {'seed': '6b32ec53d733a315', 'results': 1, 'page': 1, 'version': '1.4'}}</msg>
<arg>${json_data}</arg>
<doc>Logs the given message with the given level.</doc>
<status status="PASS" start="2024-04-13T06:14:06.701607" elapsed="0.000297"/>
</kw>
<kw name="Should Be Equal As Numbers" owner="BuiltIn">
<arg>${json_data['results'][0]['location']['postcode']}</arg>
<arg>${json_data['results'][0]['location']['postcode']}</arg>
<doc>Fails if objects are unequal after converting them to real numbers.</doc>
<status status="PASS" start="2024-04-13T06:14:06.702210" elapsed="0.000707"/>
</kw>
<kw name="Log" owner="BuiltIn">
<msg time="2024-04-13T06:14:06.703455" level="INFO">87759</msg>
<arg>${json_data['results'][0]['location']['postcode']}</arg>
<doc>Logs the given message with the given level.</doc>
<status status="PASS" start="2024-04-13T06:14:06.703115" elapsed="0.000380"/>
</kw>
<status status="PASS" start="2024-04-13T06:14:06.607079" elapsed="0.096673"/>
</kw>
<doc>Testa se os tipos de dados na resposta da API estão corretos.</doc>
<tag>testeTiposDados</tag>
<status status="PASS" start="2024-04-13T06:14:06.521517" elapsed="0.182406"/>
</test>
<test id="s1-s1-t5" name="Validar conteudo" line="35">
<kw name="Teste de Tipos de Conteudo" owner="random-user-service">
<kw name="GET On Session" owner="RequestsLibrary">
<msg time="2024-04-13T06:14:06.800599" level="INFO">GET Request : url=https://randomuser.me/api 
 path_url=/api 
 headers={'User-Agent': 'python-requests/2.31.0', 'Accept-Encoding': 'gzip, deflate', 'Accept': '*/*', 'Connection': 'keep-alive'} 
 body=None 
 </msg>
<msg time="2024-04-13T06:14:06.800703" level="INFO">GET Response : url=https://randomuser.me/api 
 status=200, reason=OK 
 headers={'Date': 'Sat, 13 Apr 2024 06:14:06 GMT', 'Content-Type': 'application/json; charset=utf-8', 'Transfer-Encoding': 'chunked', 'Connection': 'keep-alive', 'X-Powered-By': 'Express', 'Access-Control-Allow-Origin': '*', 'Cache-Control': 'no-cache', 'ETag': 'W/"4ae-wyusN2LoBOaTzgeEqNgTBkLuxuA"', 'Vary': 'Accept-Encoding', 'Content-Encoding': 'gzip', 'CF-Cache-Status': 'DYNAMIC', 'Report-To': '{"endpoints":[{"url":"https:\\/\\/a.nel.cloudflare.com\\/report\\/v4?s=KwxpRiIg7O3hdByZhaxB%2F4LOcxCkQ5xq5Eu3H9Sr%2B5W8pZ6jlaoxtvAD%2BiaKpUqLE7VnH7wftOqcQUAVFCEfIDhsr99bkrwRalbj6mfO2VTCW%2BJcRPaEvk3kJjk2p%2Flo"}],"group":"cf-nel","max_age":604800}', 'NEL': '{"success_fraction":0,"report_to":"cf-nel","max_age":604800}', 'Server': 'cloudflare', 'CF-RAY': '87395063ff4707b7-IAD', 'alt-svc': 'h3=":443"; ma=86400'} 
 body={"results":[{"gender":"female","name":{"title":"Mrs","first":"Noêmia","last":"da Conceição"},"location":{"street":{"number":5365,"name":"Rua Rio de Janeiro "},"city":"Vila Velha","state":"Espírito Santo","country":"Brazil","postcode":62422,"coordinates":{"latitude":"-78.3378","longitude":"145.4210"},"timezone":{"offset":"-12:00","description":"Eniwetok, Kwajalein"}},"email":"noemia.daconceicao@example.com","login":{"uuid":"b36089f4-92b2-4a16-97c2-6ce2ea49c6f6","username":"blackgorilla824","password":"rhiannon","salt":"jSjNhyJD","md5":"9426b9490be563cfd3bf95ede4a1a16c","sha1":"f2619df186d4b6fd4dee86908c4b4b505149b43d","sha256":"ec87e2a82e5a040be8055661e9a40ee40d097a5e68415898b4032b26da7ab8c7"},"dob":{"date":"1997-05-16T13:56:08.659Z","age":26},"registered":{"date":"2005-09-04T02:48:42.290Z","age":18},"phone":"(62) 5749-4834","cell":"(84) 3014-7036","id":{"name":"CPF","value":"841.164.476-05"},"picture":{"large":"https://randomuser.me/api/portraits/women/90.jpg","medium":"https://randomuser.me/api/portraits/med/women/90.jpg","thumbnail":"https://randomuser.me/api/portraits/thumb/women/90.jpg"},"nat":"BR"}],"info":{"seed":"8231c509574ea574","results":1,"page":1,"version":"1.4"}} 
 </msg>
<msg time="2024-04-13T06:14:06.800796" level="INFO">/opt/hostedtoolcache/Python/3.12.2/x64/lib/python3.12/site-packages/urllib3/connectionpool.py:1103: InsecureRequestWarning: Unverified HTTPS request is being made to host 'randomuser.me'. Adding certificate verification is strongly advised. See: https://urllib3.readthedocs.io/en/latest/advanced-usage.html#tls-warnings
  warnings.warn(</msg>
<msg time="2024-04-13T06:14:06.800925" level="INFO">${response} = &lt;Response [200]&gt;</msg>
<var>${response}</var>
<arg>consultarAPI</arg>
<arg>/api</arg>
<doc>Sends a GET request on a previously created HTTP Session.</doc>
<status status="PASS" start="2024-04-13T06:14:06.706436" elapsed="0.094529"/>
</kw>
<kw name="Set Variable" owner="BuiltIn">
<msg time="2024-04-13T06:14:06.802292" level="INFO">${json_data} = {'results': [{'gender': 'female', 'name': {'title': 'Mrs', 'first': 'Noêmia', 'last': 'da Conceição'}, 'location': {'street': {'number': 5365, 'name': 'Rua Rio de Janeiro '}, 'city': 'Vila Velha', 'st...</msg>
<var>${json_data}</var>
<arg>${response.json()}</arg>
<doc>Returns the given values which can then be assigned to a variables.</doc>
<status status="PASS" start="2024-04-13T06:14:06.801625" elapsed="0.000697"/>
</kw>
<kw name="Set Variable" owner="BuiltIn">
<msg time="2024-04-13T06:14:06.803035" level="INFO">${name_title} = Mrs</msg>
<var>${name_title}</var>
<arg>${json_data["results"][0]["name"]["title"]}</arg>
<doc>Returns the given values which can then be assigned to a variables.</doc>
<status status="PASS" start="2024-04-13T06:14:06.802647" elapsed="0.000413"/>
</kw>
<kw name="Create List" owner="BuiltIn">
<msg time="2024-04-13T06:14:06.803511" level="INFO">${allowed_titles} = ['Mr', 'Ms', 'Miss', 'Mrs', 'Madame', 'Monsieur']</msg>
<var>${allowed_titles}</var>
<arg>Mr</arg>
<arg>Ms</arg>
<arg>Miss</arg>
<arg>Mrs</arg>
<arg>Madame</arg>
<arg>Monsieur</arg>
<doc>Returns a list containing given items.</doc>
<status status="PASS" start="2024-04-13T06:14:06.803361" elapsed="0.000174"/>
</kw>
<kw name="List Should Contain Value" owner="Collections">
<msg time="2024-04-13T06:14:06.804013" level="INFO">False</msg>
<arg>${allowed_titles}</arg>
<arg>${name_title}</arg>
<doc>Fails if the ``value`` is not found from ``list``.</doc>
<status status="PASS" start="2024-04-13T06:14:06.803837" elapsed="0.000213"/>
</kw>
<kw name="Set Variable" owner="BuiltIn">
<msg time="2024-04-13T06:14:06.804727" level="INFO">${name_country} = BR</msg>
<var>${name_country}</var>
<arg>${json_data["results"][0]["nat"]}</arg>
<doc>Returns the given values which can then be assigned to a variables.</doc>
<status status="PASS" start="2024-04-13T06:14:06.804348" elapsed="0.000403"/>
</kw>
<kw name="Create List" owner="BuiltIn">
<msg time="2024-04-13T06:14:06.805650" level="INFO">${list_country} = ['AD', 'AE', 'AF', 'AG', 'AI', 'AL', 'AM', 'AO', 'AQ', 'AR', 'AS', 'AT', 'AU', 'AW', 'AX', 'AZ', 'BA', 'BB', 'BD', 'BE', 'BF', 'BG', 'BH', 'BI', 'BJ', 'BL', 'BM', 'BN', 'BO', 'BQ', 'BR', 'BS', 'BT', '...</msg>
<var>${list_country}</var>
<arg>AD</arg>
<arg>AE</arg>
<arg>AF</arg>
<arg>AG</arg>
<arg>AI</arg>
<arg>AL</arg>
<arg>AM</arg>
<arg>AO</arg>
<arg>AQ</arg>
<arg>AR</arg>
<arg>AS</arg>
<arg>AT</arg>
<arg>AU</arg>
<arg>AW</arg>
<arg>AX</arg>
<arg>AZ</arg>
<arg>BA</arg>
<arg>BB</arg>
<arg>BD</arg>
<arg>BE</arg>
<arg>BF</arg>
<arg>BG</arg>
<arg>BH</arg>
<arg>BI</arg>
<arg>BJ</arg>
<arg>BL</arg>
<arg>BM</arg>
<arg>BN</arg>
<arg>BO</arg>
<arg>BQ</arg>
<arg>BR</arg>
<arg>BS</arg>
<arg>BT</arg>
<arg>BV</arg>
<arg>BW</arg>
<arg>BY</arg>
<arg>BZ</arg>
<arg>CA</arg>
<arg>CC</arg>
<arg>CD</arg>
<arg>CF</arg>
<arg>CG</arg>
<arg>CH</arg>
<arg>CI</arg>
<arg>CK</arg>
<arg>CL</arg>
<arg>CM</arg>
<arg>CN</arg>
<arg>CO</arg>
<arg>CR</arg>
<arg>CU</arg>
<arg>CV</arg>
<arg>CW</arg>
<arg>CX</arg>
<arg>CY</arg>
<arg>CZ</arg>
<arg>DE</arg>
<arg>DJ</arg>
<arg>DK</arg>
<arg>DM</arg>
<arg>DO</arg>
<arg>DZ</arg>
<arg>EC</arg>
<arg>EE</arg>
<arg>EG</arg>
<arg>EH</arg>
<arg>ER</arg>
<arg>ES</arg>
<arg>ET</arg>
<arg>FI</arg>
<arg>FJ</arg>
<arg>FK</arg>
<arg>FM</arg>
<arg>FO</arg>
<arg>FR</arg>
<arg>GA</arg>
<arg>GB</arg>
<arg>GD</arg>
<arg>GE</arg>
<arg>GF</arg>
<arg>GG</arg>
<arg>GH</arg>
<arg>GI</arg>
<arg>GL</arg>
<arg>GM</arg>
<arg>GN</arg>
<arg>GP</arg>
<arg>GQ</arg>
<arg>GR</arg>
<arg>GS</arg>
<arg>GT</arg>
<arg>GU</arg>
<arg>GW</arg>
<arg>GY</arg>
<arg>HK</arg>
<arg>HM</arg>
<arg>HN</arg>
<arg>HR</arg>
<arg>HT</arg>
<arg>HU</arg>
<arg>ID</arg>
<arg>IE</arg>
<arg>IL</arg>
<arg>IM</arg>
<arg>IN</arg>
<arg>IO</arg>
<arg>IQ</arg>
<arg>IR</arg>
<arg>IS</arg>
<arg>IT</arg>
<arg>JE</arg>
<arg>JM</arg>
<arg>JO</arg>
<arg>JP</arg>
<arg>KE</arg>
<arg>KG</arg>
<arg>KH</arg>
<arg>KI</arg>
<arg>KM</arg>
<arg>KN</arg>
<arg>KP</arg>
<arg>KR</arg>
<arg>KW</arg>
<arg>KY</arg>
<arg>KZ</arg>
<arg>LA</arg>
<arg>LB</arg>
<arg>LC</arg>
<arg>LI</arg>
<arg>LK</arg>
<arg>LR</arg>
<arg>LS</arg>
<arg>LT</arg>
<arg>LU</arg>
<arg>LV</arg>
<arg>LY</arg>
<arg>MA</arg>
<arg>MC</arg>
<arg>MD</arg>
<arg>ME</arg>
<arg>MF</arg>
<arg>MG</arg>
<arg>MH</arg>
<arg>MK</arg>
<arg>ML</arg>
<arg>MM</arg>
<arg>MN</arg>
<arg>MO</arg>
<arg>MP</arg>
<arg>MQ</arg>
<arg>MR</arg>
<arg>MS</arg>
<arg>MT</arg>
<arg>MU</arg>
<arg>MV</arg>
<arg>MW</arg>
<arg>MX</arg>
<arg>MY</arg>
<arg>MZ</arg>
<arg>NA</arg>
<arg>NC</arg>
<arg>NE</arg>
<arg>NF</arg>
<arg>NG</arg>
<arg>NI</arg>
<arg>NL</arg>
<arg>NO</arg>
<arg>NP</arg>
<arg>NR</arg>
<arg>NU</arg>
<arg>NZ</arg>
<arg>OM</arg>
<arg>PA</arg>
<arg>PE</arg>
<arg>PF</arg>
<arg>PG</arg>
<arg>PH</arg>
<arg>PK</arg>
<arg>PL</arg>
<arg>PM</arg>
<arg>PN</arg>
<arg>PR</arg>
<arg>PS</arg>
<arg>PT</arg>
<arg>PW</arg>
<arg>PY</arg>
<arg>QA</arg>
<arg>RE</arg>
<arg>RO</arg>
<arg>RS</arg>
<arg>RU</arg>
<arg>RW</arg>
<arg>SA</arg>
<arg>SB</arg>
<arg>SC</arg>
<arg>SD</arg>
<arg>SE</arg>
<arg>SG</arg>
<arg>SH</arg>
<arg>SI</arg>
<arg>SJ</arg>
<arg>SK</arg>
<arg>SL</arg>
<arg>SM</arg>
<arg>SN</arg>
<arg>SO</arg>
<arg>SR</arg>
<arg>SS</arg>
<arg>ST</arg>
<arg>SV</arg>
<arg>SX</arg>
<arg>SY</arg>
<arg>SZ</arg>
<arg>TC</arg>
<arg>TD</arg>
<arg>TF</arg>
<arg>TG</arg>
<arg>TH</arg>
<arg>TJ</arg>
<arg>TK</arg>
<arg>TL</arg>
<arg>TM</arg>
<arg>TN</arg>
<arg>TO</arg>
<arg>TR</arg>
<arg>TT</arg>
<arg>TV</arg>
<arg>TW</arg>
<arg>TZ</arg>
<arg>UA</arg>
<arg>UG</arg>
<arg>UM</arg>
<arg>US</arg>
<arg>UY</arg>
<arg>UZ</arg>
<arg>VA</arg>
<arg>VC</arg>
<arg>VE</arg>
<arg>VG</arg>
<arg>VI</arg>
<arg>VN</arg>
<arg>VU</arg>
<arg>WF</arg>
<arg>WS</arg>
<arg>XK</arg>
<arg>YE</arg>
<arg>YT</arg>
<arg>ZA</arg>
<arg>ZM</arg>
<arg>ZW</arg>
<doc>Returns a list containing given items.</doc>
<status status="PASS" start="2024-04-13T06:14:06.805053" elapsed="0.000645"/>
</kw>
<kw name="List Should Contain Value" owner="Collections">
<msg time="2024-04-13T06:14:06.806696" level="INFO">False</msg>
<arg>${list_country}</arg>
<arg>${name_country}</arg>
<doc>Fails if the ``value`` is not found from ``list``.</doc>
<status status="PASS" start="2024-04-13T06:14:06.806495" elapsed="0.000237"/>
</kw>
<kw name="Run Keyword If" owner="BuiltIn">
<kw name="Should Be True" owner="BuiltIn">
<arg>${True}</arg>
<doc>Fails if the given condition is not true.</doc>
<status status="PASS" start="2024-04-13T06:14:06.807963" elapsed="0.000149"/>
</kw>
<arg>${json_data["results"][0]["location"]["coordinates"]["latitude"]} &gt;= -90 and ${json_data["results"][0]["location"]["coordinates"]["latitude"]} &lt;= 90</arg>
<arg>Should Be True</arg>
<arg>${True}</arg>
<doc>Runs the given keyword with the given arguments, if ``condition`` is true.</doc>
<status status="PASS" start="2024-04-13T06:14:06.807045" elapsed="0.001198"/>
</kw>
<kw name="Run Keyword If" owner="BuiltIn">
<kw name="Should Be True" owner="BuiltIn">
<arg>${True}</arg>
<doc>Fails if the given condition is not true.</doc>
<status status="PASS" start="2024-04-13T06:14:06.809124" elapsed="0.000159"/>
</kw>
<arg>${json_data["results"][0]["location"]["coordinates"]["longitude"]} &gt;= -180 and ${json_data["results"][0]["location"]["coordinates"]["longitude"]} &lt;= 180</arg>
<arg>Should Be True</arg>
<arg>${True}</arg>
<doc>Runs the given keyword with the given arguments, if ``condition`` is true.</doc>
<status status="PASS" start="2024-04-13T06:14:06.808431" elapsed="0.000983"/>
</kw>
<status status="PASS" start="2024-04-13T06:14:06.706212" elapsed="0.103336"/>
</kw>
<doc>Testa o conteúdo específico dos campos retornados pela API.</doc>
<tag>testeConteudo</tag>
<status status="PASS" start="2024-04-13T06:14:06.705683" elapsed="0.104043"/>
</test>
<status status="PASS" start="2024-04-13T06:14:05.852196" elapsed="0.959549"/>
</suite>
<status status="PASS" start="2024-04-13T06:14:05.838563" elapsed="0.978542"/>
</suite>
<statistics>
<total>
<stat pass="5" fail="0" skip="0">All Tests</stat>
</total>
<tag>
<stat pass="1" fail="0" skip="0">testeConteudo</stat>
<stat pass="1" fail="0" skip="0">testeEstruturaResposta</stat>
<stat pass="1" fail="0" skip="0">testeRequisicaoBasica</stat>
<stat pass="1" fail="0" skip="0">testeTiposDados</stat>
</tag>
<suite>
<stat pass="5" fail="0" skip="0" id="s1" name="Tests">Tests</stat>
<stat pass="5" fail="0" skip="0" id="s1-s1" name="Random-User-Test">Tests.Random-User-Test</stat>
</suite>
</statistics>
<errors>
</errors>
</robot>
