<?xml version="1.0" encoding="UTF-8"?>
<robot generator="Robot 7.0 (Python 3.12.2 on linux)" generated="2024-04-13T14:12:19.744291" rpa="false" schemaversion="5">
<suite id="s1" name="Tests" source="/home/runner/work/DesafioQAItauRogerioJordao/DesafioQAItauRogerioJordao/RamdonUser/tests">
<suite id="s1-s1" name="Random-User-Test" source="/home/runner/work/DesafioQAItauRogerioJordao/DesafioQAItauRogerioJordao/RamdonUser/tests/random-user-test.robot">
<test id="s1-s1-t1" name="Conectar" line="13">
<kw name="Conectar API" owner="random-user-service">
<kw name="Create Session" owner="RequestsLibrary">
<msg time="2024-04-13T14:12:20.099121" level="INFO">Creating Session using : alias=consultarAPI, url=https://randomuser.me/, headers={},                     cookies={}, auth=None, timeout=None, proxies=None, verify=False,                     debug=0 </msg>
<arg>consultarAPI</arg>
<arg>${URL}</arg>
<doc>Create Session: create a HTTP session to a server</doc>
<status status="PASS" start="2024-04-13T14:12:20.098908" elapsed="0.000407"/>
</kw>
<status status="PASS" start="2024-04-13T14:12:20.097853" elapsed="0.001825"/>
</kw>
<status status="PASS" start="2024-04-13T14:12:20.097232" elapsed="0.002699"/>
</test>
<test id="s1-s1-t2" name="Validar retorno 200 e JSON Válido" line="16">
<kw name="Teste de Requisicao Basica" owner="random-user-service">
<kw name="GET On Session" owner="RequestsLibrary">
<msg time="2024-04-13T14:12:20.597735" level="INFO">GET Request : url=https://randomuser.me/api 
 path_url=/api 
 headers={'User-Agent': 'python-requests/2.31.0', 'Accept-Encoding': 'gzip, deflate', 'Accept': '*/*', 'Connection': 'keep-alive'} 
 body=None 
 </msg>
<msg time="2024-04-13T14:12:20.597910" level="INFO">GET Response : url=https://randomuser.me/api 
 status=200, reason=OK 
 headers={'Date': 'Sat, 13 Apr 2024 14:12:20 GMT', 'Content-Type': 'application/json; charset=utf-8', 'Transfer-Encoding': 'chunked', 'Connection': 'keep-alive', 'X-Powered-By': 'Express', 'Access-Control-Allow-Origin': '*', 'Cache-Control': 'no-cache', 'ETag': 'W/"498-6iqc/AkMT4s2H9EFqogFsxfipV0"', 'Vary': 'Accept-Encoding', 'Content-Encoding': 'gzip', 'CF-Cache-Status': 'DYNAMIC', 'Report-To': '{"endpoints":[{"url":"https:\\/\\/a.nel.cloudflare.com\\/report\\/v4?s=vQtsiAlCVPER9BT55kus6soFNk7OGk6tdu%2FTH8LFrE8Dj%2B5PKLMsGau%2BZtQkU%2Ft4yLMDyp8N3f5fSghedZQW0swCR5H3bMqbYeCOaMkWp%2BgsR%2F3x2kqNY%2FXNnM%2F%2FkpPj"}],"group":"cf-nel","max_age":604800}', 'NEL': '{"success_fraction":0,"report_to":"cf-nel","max_age":604800}', 'Server': 'cloudflare', 'CF-RAY': '873c0cea898a8203-IAD', 'alt-svc': 'h3=":443"; ma=86400'} 
 body={"results":[{"gender":"female","name":{"title":"Miss","first":"Oona","last":"Rajala"},"location":{"street":{"number":7068,"name":"Hämeentie"},"city":"Parikkala","state":"South Karelia","country":"Finland","postcode":22095,"coordinates":{"latitude":"-25.5205","longitude":"83.1288"},"timezone":{"offset":"+5:30","description":"Bombay, Calcutta, Madras, New Delhi"}},"email":"oona.rajala@example.com","login":{"uuid":"bc4bb49b-2a82-4df2-bbd7-dafa092af0d0","username":"heavysnake696","password":"spanish","salt":"PHi18i9U","md5":"53b192da9b8e5f4a3a36db5967f032d5","sha1":"ea10ee6cdafe8b01c63956adfb670ccca614d5af","sha256":"0c464adae11fcfb3148f74148d682d7559ea0501113b634d32935c1d6ecbff9b"},"dob":{"date":"1998-12-28T14:14:11.883Z","age":25},"registered":{"date":"2014-12-24T08:09:17.227Z","age":9},"phone":"06-169-080","cell":"048-033-09-23","id":{"name":"HETU","value":"NaNNA210undefined"},"picture":{"large":"https://randomuser.me/api/portraits/women/3.jpg","medium":"https://randomuser.me/api/portraits/med/women/3.jpg","thumbnail":"https://randomuser.me/api/portraits/thumb/women/3.jpg"},"nat":"FI"}],"info":{"seed":"cfc07175f8fd7a95","results":1,"page":1,"version":"1.4"}} 
 </msg>
<msg time="2024-04-13T14:12:20.598011" level="INFO">/opt/hostedtoolcache/Python/3.12.2/x64/lib/python3.12/site-packages/urllib3/connectionpool.py:1103: InsecureRequestWarning: Unverified HTTPS request is being made to host 'randomuser.me'. Adding certificate verification is strongly advised. See: https://urllib3.readthedocs.io/en/latest/advanced-usage.html#tls-warnings
  warnings.warn(</msg>
<msg time="2024-04-13T14:12:20.598152" level="INFO">${response} = &lt;Response [200]&gt;</msg>
<var>${response}</var>
<arg>consultarAPI</arg>
<arg>/api</arg>
<doc>Sends a GET request on a previously created HTTP Session.</doc>
<status status="PASS" start="2024-04-13T14:12:20.102774" elapsed="0.495419"/>
</kw>
<kw name="Should Be Equal As Numbers" owner="BuiltIn">
<msg time="2024-04-13T14:12:20.599344" level="INFO">Argument types are:
&lt;class 'int'&gt;
&lt;class 'str'&gt;</msg>
<arg>${response.status_code}</arg>
<arg>200</arg>
<doc>Fails if objects are unequal after converting them to real numbers.</doc>
<status status="PASS" start="2024-04-13T14:12:20.598848" elapsed="0.000562"/>
</kw>
<kw name="Log" owner="BuiltIn">
<msg time="2024-04-13T14:12:20.600126" level="INFO">200</msg>
<arg>${response.status_code}</arg>
<doc>Logs the given message with the given level.</doc>
<status status="PASS" start="2024-04-13T14:12:20.599733" elapsed="0.000437"/>
</kw>
<kw name="Set Variable" owner="BuiltIn">
<msg time="2024-04-13T14:12:20.600951" level="INFO">${json_data} = {'results': [{'gender': 'female', 'name': {'title': 'Miss', 'first': 'Oona', 'last': 'Rajala'}, 'location': {'street': {'number': 7068, 'name': 'Hämeentie'}, 'city': 'Parikkala', 'state': 'South Karel...</msg>
<var>${json_data}</var>
<arg>${response.json()}</arg>
<doc>Returns the given values which can then be assigned to a variables.</doc>
<status status="PASS" start="2024-04-13T14:12:20.600508" elapsed="0.000472"/>
</kw>
<kw name="Dictionary Should Contain Key" owner="Collections">
<msg time="2024-04-13T14:12:20.601455" level="INFO">False</msg>
<arg>${json_data}</arg>
<arg>results</arg>
<doc>Fails if ``key`` is not found from ``dictionary``.</doc>
<status status="PASS" start="2024-04-13T14:12:20.601285" elapsed="0.000213"/>
</kw>
<status status="PASS" start="2024-04-13T14:12:20.102525" elapsed="0.499236"/>
</kw>
<doc>Testa se a API responde corretamente e retorna um objeto JSON válido.</doc>
<tag>testeRequisicaoBasica</tag>
<status status="PASS" start="2024-04-13T14:12:20.102004" elapsed="0.499943"/>
</test>
<test id="s1-s1-t3" name="Validar estrutura de resposta" line="22">
<kw name="Teste de Estrutura de Resposta" owner="random-user-service">
<kw name="GET On Session" owner="RequestsLibrary">
<msg time="2024-04-13T14:12:20.741036" level="INFO">GET Request : url=https://randomuser.me/api 
 path_url=/api 
 headers={'User-Agent': 'python-requests/2.31.0', 'Accept-Encoding': 'gzip, deflate', 'Accept': '*/*', 'Connection': 'keep-alive'} 
 body=None 
 </msg>
<msg time="2024-04-13T14:12:20.741149" level="INFO">GET Response : url=https://randomuser.me/api 
 status=200, reason=OK 
 headers={'Date': 'Sat, 13 Apr 2024 14:12:20 GMT', 'Content-Type': 'application/json; charset=utf-8', 'Transfer-Encoding': 'chunked', 'Connection': 'keep-alive', 'X-Powered-By': 'Express', 'Access-Control-Allow-Origin': '*', 'Cache-Control': 'no-cache', 'ETag': 'W/"4bd-wm7tXEW9KpcCzp/RRURV246G3Sw"', 'Vary': 'Accept-Encoding', 'Content-Encoding': 'gzip', 'CF-Cache-Status': 'DYNAMIC', 'Report-To': '{"endpoints":[{"url":"https:\\/\\/a.nel.cloudflare.com\\/report\\/v4?s=4gD0wEGPXvumhsjNkUaGImsRLdw8MP%2F5xr7JjtYY2Dow3MRqOQOTfYBaNGMDjM3CDZnMY%2B3sffKTn5lyADRhX4DAOSUgnI9eefQHbQXFmQFUVP2wNyr7txe%2F48YfENn3"}],"group":"cf-nel","max_age":604800}', 'NEL': '{"success_fraction":0,"report_to":"cf-nel","max_age":604800}', 'Server': 'cloudflare', 'CF-RAY': '873c0ceccbe48203-IAD', 'alt-svc': 'h3=":443"; ma=86400'} 
 body={"results":[{"gender":"female","name":{"title":"Mrs","first":"Andréa","last":"Charles"},"location":{"street":{"number":2064,"name":"Avenue de la Libération"},"city":"Champigny-sur-Marne","state":"Hautes-Alpes","country":"France","postcode":43348,"coordinates":{"latitude":"-21.3064","longitude":"115.0825"},"timezone":{"offset":"+8:00","description":"Beijing, Perth, Singapore, Hong Kong"}},"email":"andrea.charles@example.com","login":{"uuid":"128d3037-5817-4057-b557-65c6afbe2443","username":"heavygoose384","password":"ellen","salt":"FeCbvDnt","md5":"2b868708f6939557173688c8beee1033","sha1":"9a4f1ff0cfb7f6fd2c486a61316a990cfe78b3fb","sha256":"bb3ef7181a9e108d7a02686157b7a96ced721d6e77963a0889476f608969528c"},"dob":{"date":"1987-03-31T22:46:59.607Z","age":37},"registered":{"date":"2010-04-01T02:53:01.658Z","age":14},"phone":"05-79-12-32-98","cell":"06-22-57-60-67","id":{"name":"INSEE","value":"2870248254861 54"},"picture":{"large":"https://randomuser.me/api/portraits/women/63.jpg","medium":"https://randomuser.me/api/portraits/med/women/63.jpg","thumbnail":"https://randomuser.me/api/portraits/thumb/women/63.jpg"},"nat":"FR"}],"info":{"seed":"b5fcf3bc965c9ff2","results":1,"page":1,"version":"1.4"}} 
 </msg>
<msg time="2024-04-13T14:12:20.741317" level="INFO">/opt/hostedtoolcache/Python/3.12.2/x64/lib/python3.12/site-packages/urllib3/connectionpool.py:1103: InsecureRequestWarning: Unverified HTTPS request is being made to host 'randomuser.me'. Adding certificate verification is strongly advised. See: https://urllib3.readthedocs.io/en/latest/advanced-usage.html#tls-warnings
  warnings.warn(</msg>
<msg time="2024-04-13T14:12:20.741447" level="INFO">${response} = &lt;Response [200]&gt;</msg>
<var>${response}</var>
<arg>consultarAPI</arg>
<arg>/api</arg>
<doc>Sends a GET request on a previously created HTTP Session.</doc>
<status status="PASS" start="2024-04-13T14:12:20.604787" elapsed="0.136701"/>
</kw>
<kw name="Set Variable" owner="BuiltIn">
<msg time="2024-04-13T14:12:20.742692" level="INFO">${json_data} = {'results': [{'gender': 'female', 'name': {'title': 'Mrs', 'first': 'Andréa', 'last': 'Charles'}, 'location': {'street': {'number': 2064, 'name': 'Avenue de la Libération'}, 'city': 'Champigny-sur-Mar...</msg>
<var>${json_data}</var>
<arg>${response.json()}</arg>
<doc>Returns the given values which can then be assigned to a variables.</doc>
<status status="PASS" start="2024-04-13T14:12:20.742100" elapsed="0.000621"/>
</kw>
<kw name="Log" owner="BuiltIn">
<msg time="2024-04-13T14:12:20.743196" level="INFO">{'results': [{'gender': 'female', 'name': {'title': 'Mrs', 'first': 'Andréa', 'last': 'Charles'}, 'location': {'street': {'number': 2064, 'name': 'Avenue de la Libération'}, 'city': 'Champigny-sur-Marne', 'state': 'Hautes-Alpes', 'country': 'France', 'postcode': 43348, 'coordinates': {'latitude': '-21.3064', 'longitude': '115.0825'}, 'timezone': {'offset': '+8:00', 'description': 'Beijing, Perth, Singapore, Hong Kong'}}, 'email': 'andrea.charles@example.com', 'login': {'uuid': '128d3037-5817-4057-b557-65c6afbe2443', 'username': 'heavygoose384', 'password': 'ellen', 'salt': 'FeCbvDnt', 'md5': '2b868708f6939557173688c8beee1033', 'sha1': '9a4f1ff0cfb7f6fd2c486a61316a990cfe78b3fb', 'sha256': 'bb3ef7181a9e108d7a02686157b7a96ced721d6e77963a0889476f608969528c'}, 'dob': {'date': '1987-03-31T22:46:59.607Z', 'age': 37}, 'registered': {'date': '2010-04-01T02:53:01.658Z', 'age': 14}, 'phone': '05-79-12-32-98', 'cell': '06-22-57-60-67', 'id': {'name': 'INSEE', 'value': '2870248254861 54'}, 'picture': {'large': 'https://randomuser.me/api/portraits/women/63.jpg', 'medium': 'https://randomuser.me/api/portraits/med/women/63.jpg', 'thumbnail': 'https://randomuser.me/api/portraits/thumb/women/63.jpg'}, 'nat': 'FR'}], 'info': {'seed': 'b5fcf3bc965c9ff2', 'results': 1, 'page': 1, 'version': '1.4'}}</msg>
<arg>${json_data}</arg>
<doc>Logs the given message with the given level.</doc>
<status status="PASS" start="2024-04-13T14:12:20.743033" elapsed="0.000214"/>
</kw>
<kw name="Dictionary Should Contain Key" owner="Collections">
<msg time="2024-04-13T14:12:20.743729" level="INFO">False</msg>
<arg>${json_data}</arg>
<arg>results</arg>
<doc>Fails if ``key`` is not found from ``dictionary``.</doc>
<status status="PASS" start="2024-04-13T14:12:20.743573" elapsed="0.000193"/>
</kw>
<kw name="Should Not Be Empty" owner="BuiltIn">
<msg time="2024-04-13T14:12:20.744242" level="INFO">Length is 2.</msg>
<arg>${json_data}</arg>
<doc>Verifies that the given item is not empty.</doc>
<status status="PASS" start="2024-04-13T14:12:20.744111" elapsed="0.000170"/>
</kw>
<kw name="Create List" owner="BuiltIn">
<msg time="2024-04-13T14:12:20.744719" level="INFO">${expected_keys} = ['gender', 'name', 'location', 'email', 'login']</msg>
<var>${expected_keys}</var>
<arg>gender</arg>
<arg>name</arg>
<arg>location</arg>
<arg>email</arg>
<arg>login</arg>
<doc>Returns a list containing given items.</doc>
<status status="PASS" start="2024-04-13T14:12:20.744565" elapsed="0.000179"/>
</kw>
<for flavor="IN">
<iter>
<kw name="Dictionary Should Contain Key" owner="Collections">
<msg time="2024-04-13T14:12:20.745727" level="INFO">False</msg>
<arg>${json_data['results'][0]}</arg>
<arg>${key}</arg>
<doc>Fails if ``key`` is not found from ``dictionary``.</doc>
<status status="PASS" start="2024-04-13T14:12:20.745326" elapsed="0.000440"/>
</kw>
<kw name="Log" owner="BuiltIn">
<msg time="2024-04-13T14:12:20.746423" level="INFO">{'gender': 'female', 'name': {'title': 'Mrs', 'first': 'Andréa', 'last': 'Charles'}, 'location': {'street': {'number': 2064, 'name': 'Avenue de la Libération'}, 'city': 'Champigny-sur-Marne', 'state': 'Hautes-Alpes', 'country': 'France', 'postcode': 43348, 'coordinates': {'latitude': '-21.3064', 'longitude': '115.0825'}, 'timezone': {'offset': '+8:00', 'description': 'Beijing, Perth, Singapore, Hong Kong'}}, 'email': 'andrea.charles@example.com', 'login': {'uuid': '128d3037-5817-4057-b557-65c6afbe2443', 'username': 'heavygoose384', 'password': 'ellen', 'salt': 'FeCbvDnt', 'md5': '2b868708f6939557173688c8beee1033', 'sha1': '9a4f1ff0cfb7f6fd2c486a61316a990cfe78b3fb', 'sha256': 'bb3ef7181a9e108d7a02686157b7a96ced721d6e77963a0889476f608969528c'}, 'dob': {'date': '1987-03-31T22:46:59.607Z', 'age': 37}, 'registered': {'date': '2010-04-01T02:53:01.658Z', 'age': 14}, 'phone': '05-79-12-32-98', 'cell': '06-22-57-60-67', 'id': {'name': 'INSEE', 'value': '2870248254861 54'}, 'picture': {'large': 'https://randomuser.me/api/portraits/women/63.jpg', 'medium': 'https://randomuser.me/api/portraits/med/women/63.jpg', 'thumbnail': 'https://randomuser.me/api/portraits/thumb/women/63.jpg'}, 'nat': 'FR'}</msg>
<arg>${json_data['results'][0]}</arg>
<doc>Logs the given message with the given level.</doc>
<status status="PASS" start="2024-04-13T14:12:20.746062" elapsed="0.000410"/>
</kw>
<kw name="Log" owner="BuiltIn">
<msg time="2024-04-13T14:12:20.746894" level="INFO">gender</msg>
<arg>${key}</arg>
<doc>Logs the given message with the given level.</doc>
<status status="PASS" start="2024-04-13T14:12:20.746767" elapsed="0.000164"/>
</kw>
<var name="${key}">gender</var>
<status status="PASS" start="2024-04-13T14:12:20.745204" elapsed="0.001958"/>
</iter>
<iter>
<kw name="Dictionary Should Contain Key" owner="Collections">
<msg time="2024-04-13T14:12:20.747908" level="INFO">False</msg>
<arg>${json_data['results'][0]}</arg>
<arg>${key}</arg>
<doc>Fails if ``key`` is not found from ``dictionary``.</doc>
<status status="PASS" start="2024-04-13T14:12:20.747477" elapsed="0.000503"/>
</kw>
<kw name="Log" owner="BuiltIn">
<msg time="2024-04-13T14:12:20.748666" level="INFO">{'gender': 'female', 'name': {'title': 'Mrs', 'first': 'Andréa', 'last': 'Charles'}, 'location': {'street': {'number': 2064, 'name': 'Avenue de la Libération'}, 'city': 'Champigny-sur-Marne', 'state': 'Hautes-Alpes', 'country': 'France', 'postcode': 43348, 'coordinates': {'latitude': '-21.3064', 'longitude': '115.0825'}, 'timezone': {'offset': '+8:00', 'description': 'Beijing, Perth, Singapore, Hong Kong'}}, 'email': 'andrea.charles@example.com', 'login': {'uuid': '128d3037-5817-4057-b557-65c6afbe2443', 'username': 'heavygoose384', 'password': 'ellen', 'salt': 'FeCbvDnt', 'md5': '2b868708f6939557173688c8beee1033', 'sha1': '9a4f1ff0cfb7f6fd2c486a61316a990cfe78b3fb', 'sha256': 'bb3ef7181a9e108d7a02686157b7a96ced721d6e77963a0889476f608969528c'}, 'dob': {'date': '1987-03-31T22:46:59.607Z', 'age': 37}, 'registered': {'date': '2010-04-01T02:53:01.658Z', 'age': 14}, 'phone': '05-79-12-32-98', 'cell': '06-22-57-60-67', 'id': {'name': 'INSEE', 'value': '2870248254861 54'}, 'picture': {'large': 'https://randomuser.me/api/portraits/women/63.jpg', 'medium': 'https://randomuser.me/api/portraits/med/women/63.jpg', 'thumbnail': 'https://randomuser.me/api/portraits/thumb/women/63.jpg'}, 'nat': 'FR'}</msg>
<arg>${json_data['results'][0]}</arg>
<doc>Logs the given message with the given level.</doc>
<status status="PASS" start="2024-04-13T14:12:20.748294" elapsed="0.000427"/>
</kw>
<kw name="Log" owner="BuiltIn">
<msg time="2024-04-13T14:12:20.749148" level="INFO">name</msg>
<arg>${key}</arg>
<doc>Logs the given message with the given level.</doc>
<status status="PASS" start="2024-04-13T14:12:20.749021" elapsed="0.000165"/>
</kw>
<var name="${key}">name</var>
<status status="PASS" start="2024-04-13T14:12:20.747357" elapsed="0.002041"/>
</iter>
<iter>
<kw name="Dictionary Should Contain Key" owner="Collections">
<msg time="2024-04-13T14:12:20.750054" level="INFO">False</msg>
<arg>${json_data['results'][0]}</arg>
<arg>${key}</arg>
<doc>Fails if ``key`` is not found from ``dictionary``.</doc>
<status status="PASS" start="2024-04-13T14:12:20.749683" elapsed="0.000408"/>
</kw>
<kw name="Log" owner="BuiltIn">
<msg time="2024-04-13T14:12:20.750745" level="INFO">{'gender': 'female', 'name': {'title': 'Mrs', 'first': 'Andréa', 'last': 'Charles'}, 'location': {'street': {'number': 2064, 'name': 'Avenue de la Libération'}, 'city': 'Champigny-sur-Marne', 'state': 'Hautes-Alpes', 'country': 'France', 'postcode': 43348, 'coordinates': {'latitude': '-21.3064', 'longitude': '115.0825'}, 'timezone': {'offset': '+8:00', 'description': 'Beijing, Perth, Singapore, Hong Kong'}}, 'email': 'andrea.charles@example.com', 'login': {'uuid': '128d3037-5817-4057-b557-65c6afbe2443', 'username': 'heavygoose384', 'password': 'ellen', 'salt': 'FeCbvDnt', 'md5': '2b868708f6939557173688c8beee1033', 'sha1': '9a4f1ff0cfb7f6fd2c486a61316a990cfe78b3fb', 'sha256': 'bb3ef7181a9e108d7a02686157b7a96ced721d6e77963a0889476f608969528c'}, 'dob': {'date': '1987-03-31T22:46:59.607Z', 'age': 37}, 'registered': {'date': '2010-04-01T02:53:01.658Z', 'age': 14}, 'phone': '05-79-12-32-98', 'cell': '06-22-57-60-67', 'id': {'name': 'INSEE', 'value': '2870248254861 54'}, 'picture': {'large': 'https://randomuser.me/api/portraits/women/63.jpg', 'medium': 'https://randomuser.me/api/portraits/med/women/63.jpg', 'thumbnail': 'https://randomuser.me/api/portraits/thumb/women/63.jpg'}, 'nat': 'FR'}</msg>
<arg>${json_data['results'][0]}</arg>
<doc>Logs the given message with the given level.</doc>
<status status="PASS" start="2024-04-13T14:12:20.750384" elapsed="0.000411"/>
</kw>
<kw name="Log" owner="BuiltIn">
<msg time="2024-04-13T14:12:20.751210" level="INFO">location</msg>
<arg>${key}</arg>
<doc>Logs the given message with the given level.</doc>
<status status="PASS" start="2024-04-13T14:12:20.751086" elapsed="0.000162"/>
</kw>
<var name="${key}">location</var>
<status status="PASS" start="2024-04-13T14:12:20.749573" elapsed="0.001894"/>
</iter>
<iter>
<kw name="Dictionary Should Contain Key" owner="Collections">
<msg time="2024-04-13T14:12:20.752161" level="INFO">False</msg>
<arg>${json_data['results'][0]}</arg>
<arg>${key}</arg>
<doc>Fails if ``key`` is not found from ``dictionary``.</doc>
<status status="PASS" start="2024-04-13T14:12:20.751747" elapsed="0.000452"/>
</kw>
<kw name="Log" owner="BuiltIn">
<msg time="2024-04-13T14:12:20.752859" level="INFO">{'gender': 'female', 'name': {'title': 'Mrs', 'first': 'Andréa', 'last': 'Charles'}, 'location': {'street': {'number': 2064, 'name': 'Avenue de la Libération'}, 'city': 'Champigny-sur-Marne', 'state': 'Hautes-Alpes', 'country': 'France', 'postcode': 43348, 'coordinates': {'latitude': '-21.3064', 'longitude': '115.0825'}, 'timezone': {'offset': '+8:00', 'description': 'Beijing, Perth, Singapore, Hong Kong'}}, 'email': 'andrea.charles@example.com', 'login': {'uuid': '128d3037-5817-4057-b557-65c6afbe2443', 'username': 'heavygoose384', 'password': 'ellen', 'salt': 'FeCbvDnt', 'md5': '2b868708f6939557173688c8beee1033', 'sha1': '9a4f1ff0cfb7f6fd2c486a61316a990cfe78b3fb', 'sha256': 'bb3ef7181a9e108d7a02686157b7a96ced721d6e77963a0889476f608969528c'}, 'dob': {'date': '1987-03-31T22:46:59.607Z', 'age': 37}, 'registered': {'date': '2010-04-01T02:53:01.658Z', 'age': 14}, 'phone': '05-79-12-32-98', 'cell': '06-22-57-60-67', 'id': {'name': 'INSEE', 'value': '2870248254861 54'}, 'picture': {'large': 'https://randomuser.me/api/portraits/women/63.jpg', 'medium': 'https://randomuser.me/api/portraits/med/women/63.jpg', 'thumbnail': 'https://randomuser.me/api/portraits/thumb/women/63.jpg'}, 'nat': 'FR'}</msg>
<arg>${json_data['results'][0]}</arg>
<doc>Logs the given message with the given level.</doc>
<status status="PASS" start="2024-04-13T14:12:20.752499" elapsed="0.000409"/>
</kw>
<kw name="Log" owner="BuiltIn">
<msg time="2024-04-13T14:12:20.753326" level="INFO">email</msg>
<arg>${key}</arg>
<doc>Logs the given message with the given level.</doc>
<status status="PASS" start="2024-04-13T14:12:20.753202" elapsed="0.000162"/>
</kw>
<var name="${key}">email</var>
<status status="PASS" start="2024-04-13T14:12:20.751638" elapsed="0.001933"/>
</iter>
<iter>
<kw name="Dictionary Should Contain Key" owner="Collections">
<msg time="2024-04-13T14:12:20.754216" level="INFO">False</msg>
<arg>${json_data['results'][0]}</arg>
<arg>${key}</arg>
<doc>Fails if ``key`` is not found from ``dictionary``.</doc>
<status status="PASS" start="2024-04-13T14:12:20.753848" elapsed="0.000404"/>
</kw>
<kw name="Log" owner="BuiltIn">
<msg time="2024-04-13T14:12:20.754909" level="INFO">{'gender': 'female', 'name': {'title': 'Mrs', 'first': 'Andréa', 'last': 'Charles'}, 'location': {'street': {'number': 2064, 'name': 'Avenue de la Libération'}, 'city': 'Champigny-sur-Marne', 'state': 'Hautes-Alpes', 'country': 'France', 'postcode': 43348, 'coordinates': {'latitude': '-21.3064', 'longitude': '115.0825'}, 'timezone': {'offset': '+8:00', 'description': 'Beijing, Perth, Singapore, Hong Kong'}}, 'email': 'andrea.charles@example.com', 'login': {'uuid': '128d3037-5817-4057-b557-65c6afbe2443', 'username': 'heavygoose384', 'password': 'ellen', 'salt': 'FeCbvDnt', 'md5': '2b868708f6939557173688c8beee1033', 'sha1': '9a4f1ff0cfb7f6fd2c486a61316a990cfe78b3fb', 'sha256': 'bb3ef7181a9e108d7a02686157b7a96ced721d6e77963a0889476f608969528c'}, 'dob': {'date': '1987-03-31T22:46:59.607Z', 'age': 37}, 'registered': {'date': '2010-04-01T02:53:01.658Z', 'age': 14}, 'phone': '05-79-12-32-98', 'cell': '06-22-57-60-67', 'id': {'name': 'INSEE', 'value': '2870248254861 54'}, 'picture': {'large': 'https://randomuser.me/api/portraits/women/63.jpg', 'medium': 'https://randomuser.me/api/portraits/med/women/63.jpg', 'thumbnail': 'https://randomuser.me/api/portraits/thumb/women/63.jpg'}, 'nat': 'FR'}</msg>
<arg>${json_data['results'][0]}</arg>
<doc>Logs the given message with the given level.</doc>
<status status="PASS" start="2024-04-13T14:12:20.754546" elapsed="0.000412"/>
</kw>
<kw name="Log" owner="BuiltIn">
<msg time="2024-04-13T14:12:20.755410" level="INFO">login</msg>
<arg>${key}</arg>
<doc>Logs the given message with the given level.</doc>
<status status="PASS" start="2024-04-13T14:12:20.755281" elapsed="0.000167"/>
</kw>
<var name="${key}">login</var>
<status status="PASS" start="2024-04-13T14:12:20.753741" elapsed="0.001922"/>
</iter>
<var>${key}</var>
<value>@{expected_keys}</value>
<status status="PASS" start="2024-04-13T14:12:20.745005" elapsed="0.010781"/>
</for>
<kw name="Create List" owner="BuiltIn">
<msg time="2024-04-13T14:12:20.756159" level="INFO">${expected_keysTwo} = ['username', 'password']</msg>
<var>${expected_keysTwo}</var>
<arg>username</arg>
<arg>password</arg>
<doc>Returns a list containing given items.</doc>
<status status="PASS" start="2024-04-13T14:12:20.756020" elapsed="0.000163"/>
</kw>
<for flavor="IN">
<iter>
<kw name="Dictionary Should Contain Key" owner="Collections">
<msg time="2024-04-13T14:12:20.757175" level="INFO">False</msg>
<arg>${json_data['results'][0]['login']}</arg>
<arg>${keyTwo}</arg>
<doc>Fails if ``key`` is not found from ``dictionary``.</doc>
<status status="PASS" start="2024-04-13T14:12:20.756795" elapsed="0.000417"/>
</kw>
<kw name="Dictionary Should Contain Key" owner="Collections">
<msg time="2024-04-13T14:12:20.757893" level="INFO">False</msg>
<arg>${json_data['results'][0]['login']}</arg>
<arg>${keyTwo}</arg>
<doc>Fails if ``key`` is not found from ``dictionary``.</doc>
<status status="PASS" start="2024-04-13T14:12:20.757514" elapsed="0.000415"/>
</kw>
<kw name="Log" owner="BuiltIn">
<msg time="2024-04-13T14:12:20.758345" level="INFO">username</msg>
<arg>${keyTwo}</arg>
<doc>Logs the given message with the given level.</doc>
<status status="PASS" start="2024-04-13T14:12:20.758220" elapsed="0.000162"/>
</kw>
<var name="${keyTwo}">username</var>
<status status="PASS" start="2024-04-13T14:12:20.756683" elapsed="0.001911"/>
</iter>
<iter>
<kw name="Dictionary Should Contain Key" owner="Collections">
<msg time="2024-04-13T14:12:20.759246" level="INFO">False</msg>
<arg>${json_data['results'][0]['login']}</arg>
<arg>${keyTwo}</arg>
<doc>Fails if ``key`` is not found from ``dictionary``.</doc>
<status status="PASS" start="2024-04-13T14:12:20.758873" elapsed="0.000410"/>
</kw>
<kw name="Dictionary Should Contain Key" owner="Collections">
<msg time="2024-04-13T14:12:20.759983" level="INFO">False</msg>
<arg>${json_data['results'][0]['login']}</arg>
<arg>${keyTwo}</arg>
<doc>Fails if ``key`` is not found from ``dictionary``.</doc>
<status status="PASS" start="2024-04-13T14:12:20.759572" elapsed="0.000449"/>
</kw>
<kw name="Log" owner="BuiltIn">
<msg time="2024-04-13T14:12:20.760440" level="INFO">password</msg>
<arg>${keyTwo}</arg>
<doc>Logs the given message with the given level.</doc>
<status status="PASS" start="2024-04-13T14:12:20.760315" elapsed="0.000161"/>
</kw>
<var name="${keyTwo}">password</var>
<status status="PASS" start="2024-04-13T14:12:20.758764" elapsed="0.001926"/>
</iter>
<var>${keyTwo}</var>
<value>@{expected_keysTwo}</value>
<status status="PASS" start="2024-04-13T14:12:20.756423" elapsed="0.004388"/>
</for>
<status status="PASS" start="2024-04-13T14:12:20.604547" elapsed="0.156413"/>
</kw>
<doc>Testa a estrutura da resposta da API.</doc>
<tag>testeEstruturaResposta</tag>
<status status="PASS" start="2024-04-13T14:12:20.603767" elapsed="0.157354"/>
</test>
<test id="s1-s1-t4" name="Validar tipos de dados" line="28">
<kw name="Teste de Tipos de Dados" owner="random-user-service">
<kw name="GET On Session" owner="RequestsLibrary">
<msg time="2024-04-13T14:12:20.814825" level="INFO">GET Request : url=https://randomuser.me/api 
 path_url=/api 
 headers={'User-Agent': 'python-requests/2.31.0', 'Accept-Encoding': 'gzip, deflate', 'Accept': '*/*', 'Connection': 'keep-alive'} 
 body=None 
 </msg>
<msg time="2024-04-13T14:12:20.814905" level="INFO">GET Response : url=https://randomuser.me/api 
 status=200, reason=OK 
 headers={'Date': 'Sat, 13 Apr 2024 14:12:20 GMT', 'Content-Type': 'application/json; charset=utf-8', 'Transfer-Encoding': 'chunked', 'Connection': 'keep-alive', 'X-Powered-By': 'Express', 'Access-Control-Allow-Origin': '*', 'Cache-Control': 'no-cache', 'ETag': 'W/"4ae-MKUAugOZ3Fx0ZXutZCWawaI4t2k"', 'Vary': 'Accept-Encoding', 'Content-Encoding': 'gzip', 'CF-Cache-Status': 'DYNAMIC', 'Report-To': '{"endpoints":[{"url":"https:\\/\\/a.nel.cloudflare.com\\/report\\/v4?s=myeeYMXurGiUjYRKUxeNHW%2BcSiM%2F0kD6oIrmM83wCWeDGIQ85AUmbdjdcd8E4QcqxH%2BgT9kUFRlI%2Ba5ef5%2FxKc0ZMxM5rCMCoUE1ACFLvDClGNsr7fY5A7cundW%2F6vmL"}],"group":"cf-nel","max_age":604800}', 'NEL': '{"success_fraction":0,"report_to":"cf-nel","max_age":604800}', 'Server': 'cloudflare', 'CF-RAY': '873c0cedccf18203-IAD', 'alt-svc': 'h3=":443"; ma=86400'} 
 body={"results":[{"gender":"male","name":{"title":"Mr","first":"José Eduardo","last":"Samaniego"},"location":{"street":{"number":907,"name":"Prolongación Sonora"},"city":"Baborigame","state":"Yucatan","country":"Mexico","postcode":50077,"coordinates":{"latitude":"29.8712","longitude":"-32.1709"},"timezone":{"offset":"+1:00","description":"Brussels, Copenhagen, Madrid, Paris"}},"email":"joseeduardo.samaniego@example.com","login":{"uuid":"8d71e1f7-538b-4f9c-8890-18d2dd732c52","username":"organicbear184","password":"logitech","salt":"toFS0LWW","md5":"b4f68258b8d35ce6b6a3f8fffe9b5f6e","sha1":"8941bbeb4ee27fd89d8731e6f304ca6818826a7b","sha256":"d298bfba54a18cc0fd8b355214103f2662d824936b940af745556889894fa403"},"dob":{"date":"1975-01-31T20:51:03.876Z","age":49},"registered":{"date":"2018-11-03T09:33:47.107Z","age":5},"phone":"(688) 411 7319","cell":"(610) 152 4344","id":{"name":"NSS","value":"19 24 47 4108 3"},"picture":{"large":"https://randomuser.me/api/portraits/men/18.jpg","medium":"https://randomuser.me/api/portraits/med/men/18.jpg","thumbnail":"https://randomuser.me/api/portraits/thumb/men/18.jpg"},"nat":"MX"}],"info":{"seed":"a0d78ef8e9c58eda","results":1,"page":1,"version":"1.4"}} 
 </msg>
<msg time="2024-04-13T14:12:20.814979" level="INFO">/opt/hostedtoolcache/Python/3.12.2/x64/lib/python3.12/site-packages/urllib3/connectionpool.py:1103: InsecureRequestWarning: Unverified HTTPS request is being made to host 'randomuser.me'. Adding certificate verification is strongly advised. See: https://urllib3.readthedocs.io/en/latest/advanced-usage.html#tls-warnings
  warnings.warn(</msg>
<msg time="2024-04-13T14:12:20.815083" level="INFO">${response} = &lt;Response [200]&gt;</msg>
<var>${response}</var>
<arg>consultarAPI</arg>
<arg>/api</arg>
<doc>Sends a GET request on a previously created HTTP Session.</doc>
<status status="PASS" start="2024-04-13T14:12:20.763679" elapsed="0.051442"/>
</kw>
<kw name="Set Variable" owner="BuiltIn">
<msg time="2024-04-13T14:12:20.816078" level="INFO">${json_data} = {'results': [{'gender': 'male', 'name': {'title': 'Mr', 'first': 'José Eduardo', 'last': 'Samaniego'}, 'location': {'street': {'number': 907, 'name': 'Prolongación Sonora'}, 'city': 'Baborigame', 'sta...</msg>
<var>${json_data}</var>
<arg>${response.json()}</arg>
<doc>Returns the given values which can then be assigned to a variables.</doc>
<status status="PASS" start="2024-04-13T14:12:20.815567" elapsed="0.000541"/>
</kw>
<kw name="Log" owner="BuiltIn">
<msg time="2024-04-13T14:12:20.816569" level="INFO">{'results': [{'gender': 'male', 'name': {'title': 'Mr', 'first': 'José Eduardo', 'last': 'Samaniego'}, 'location': {'street': {'number': 907, 'name': 'Prolongación Sonora'}, 'city': 'Baborigame', 'state': 'Yucatan', 'country': 'Mexico', 'postcode': 50077, 'coordinates': {'latitude': '29.8712', 'longitude': '-32.1709'}, 'timezone': {'offset': '+1:00', 'description': 'Brussels, Copenhagen, Madrid, Paris'}}, 'email': 'joseeduardo.samaniego@example.com', 'login': {'uuid': '8d71e1f7-538b-4f9c-8890-18d2dd732c52', 'username': 'organicbear184', 'password': 'logitech', 'salt': 'toFS0LWW', 'md5': 'b4f68258b8d35ce6b6a3f8fffe9b5f6e', 'sha1': '8941bbeb4ee27fd89d8731e6f304ca6818826a7b', 'sha256': 'd298bfba54a18cc0fd8b355214103f2662d824936b940af745556889894fa403'}, 'dob': {'date': '1975-01-31T20:51:03.876Z', 'age': 49}, 'registered': {'date': '2018-11-03T09:33:47.107Z', 'age': 5}, 'phone': '(688) 411 7319', 'cell': '(610) 152 4344', 'id': {'name': 'NSS', 'value': '19 24 47 4108 3'}, 'picture': {'large': 'https://randomuser.me/api/portraits/men/18.jpg', 'medium': 'https://randomuser.me/api/portraits/med/men/18.jpg', 'thumbnail': 'https://randomuser.me/api/portraits/thumb/men/18.jpg'}, 'nat': 'MX'}], 'info': {'seed': 'a0d78ef8e9c58eda', 'results': 1, 'page': 1, 'version': '1.4'}}</msg>
<arg>${json_data}</arg>
<doc>Logs the given message with the given level.</doc>
<status status="PASS" start="2024-04-13T14:12:20.816414" elapsed="0.000237"/>
</kw>
<kw name="Should Be String" owner="String">
<arg>${json_data['results'][0]['gender']}</arg>
<doc>Fails if the given ``item`` is not a string.</doc>
<status status="PASS" start="2024-04-13T14:12:20.816962" elapsed="0.000367"/>
</kw>
<kw name="Should Match Regexp" owner="BuiltIn">
<arg>${json_data['results'][0]['email']}</arg>
<arg>^[a-zA-Z0-9._%+-]+@[a-zA-Z0-9.-]+\.[a-zA-Z]{2,}$</arg>
<doc>Fails if ``string`` does not match ``pattern`` as a regular expression.</doc>
<status status="PASS" start="2024-04-13T14:12:20.817518" elapsed="0.000497"/>
</kw>
<kw name="Should Match Regexp" owner="BuiltIn">
<arg>${json_data['results'][0]['dob']['date']}</arg>
<arg>\\d{4}-\\d{2}-\\d{2}T\\d{2}:\\d{2}:\\d{2}\\.\\d{3}Z</arg>
<doc>Fails if ``string`` does not match ``pattern`` as a regular expression.</doc>
<status status="PASS" start="2024-04-13T14:12:20.818209" elapsed="0.000483"/>
</kw>
<kw name="Should Match Regexp" owner="BuiltIn">
<arg>${json_data['results'][0]['registered']['date']}</arg>
<arg>\\d{4}-\\d{2}-\\d{2}T\\d{2}:\\d{2}:\\d{2}\\.\\d{3}Z</arg>
<doc>Fails if ``string`` does not match ``pattern`` as a regular expression.</doc>
<status status="PASS" start="2024-04-13T14:12:20.818898" elapsed="0.000369"/>
</kw>
<kw name="Should Match Regexp" owner="BuiltIn">
<arg>${json_data['results'][0]['picture']['large']}</arg>
<arg>^https?://.*\.(?:png|jpe?g|gif|bmp)$</arg>
<doc>Fails if ``string`` does not match ``pattern`` as a regular expression.</doc>
<status status="PASS" start="2024-04-13T14:12:20.819451" elapsed="0.000490"/>
</kw>
<kw name="Should Match Regexp" owner="BuiltIn">
<arg>${json_data['results'][0]['picture']['medium']}</arg>
<arg>^https?://.*\.(?:png|jpe?g|gif|bmp)$</arg>
<doc>Fails if ``string`` does not match ``pattern`` as a regular expression.</doc>
<status status="PASS" start="2024-04-13T14:12:20.820146" elapsed="0.000355"/>
</kw>
<kw name="Should Match Regexp" owner="BuiltIn">
<arg>${json_data['results'][0]['picture']['thumbnail']}</arg>
<arg>^https?://.*\.(?:png|jpe?g|gif|bmp)$</arg>
<doc>Fails if ``string`` does not match ``pattern`` as a regular expression.</doc>
<status status="PASS" start="2024-04-13T14:12:20.820685" elapsed="0.000370"/>
</kw>
<kw name="Log" owner="BuiltIn">
<msg time="2024-04-13T14:12:20.821587" level="INFO">{'large': 'https://randomuser.me/api/portraits/men/18.jpg', 'medium': 'https://randomuser.me/api/portraits/med/men/18.jpg', 'thumbnail': 'https://randomuser.me/api/portraits/thumb/men/18.jpg'}</msg>
<arg>${json_data['results'][0]['picture']}</arg>
<doc>Logs the given message with the given level.</doc>
<status status="PASS" start="2024-04-13T14:12:20.821255" elapsed="0.000375"/>
</kw>
<status status="PASS" start="2024-04-13T14:12:20.763450" elapsed="0.058432"/>
</kw>
<kw name="Teste de Tipos de Dados - Postcode" owner="random-user-service">
<kw name="GET On Session" owner="RequestsLibrary">
<msg time="2024-04-13T14:12:20.896242" level="INFO">GET Request : url=https://randomuser.me/api 
 path_url=/api 
 headers={'User-Agent': 'python-requests/2.31.0', 'Accept-Encoding': 'gzip, deflate', 'Accept': '*/*', 'Connection': 'keep-alive'} 
 body=None 
 </msg>
<msg time="2024-04-13T14:12:20.896328" level="INFO">GET Response : url=https://randomuser.me/api 
 status=200, reason=OK 
 headers={'Date': 'Sat, 13 Apr 2024 14:12:20 GMT', 'Content-Type': 'application/json; charset=utf-8', 'Transfer-Encoding': 'chunked', 'Connection': 'keep-alive', 'X-Powered-By': 'Express', 'Access-Control-Allow-Origin': '*', 'Cache-Control': 'no-cache', 'ETag': 'W/"496-knomsUPsWei4pTpeJt3jIgWzrBo"', 'Vary': 'Accept-Encoding', 'Content-Encoding': 'gzip', 'CF-Cache-Status': 'DYNAMIC', 'Report-To': '{"endpoints":[{"url":"https:\\/\\/a.nel.cloudflare.com\\/report\\/v4?s=X5cofo%2FabMt6ypBWfmwbGPqnMrrSISJ6InXEB5mQIVRVuNMLdlIyeE2kNse4AGkG%2Bt5UVdbYAPtFcXs1mDWZGt6VNVxX1CGff6z4fvYxoebrtBbbwsi10BqAKLTG00Gt"}],"group":"cf-nel","max_age":604800}', 'NEL': '{"success_fraction":0,"report_to":"cf-nel","max_age":604800}', 'Server': 'cloudflare', 'CF-RAY': '873c0cee2d508203-IAD', 'alt-svc': 'h3=":443"; ma=86400'} 
 body={"results":[{"gender":"male","name":{"title":"Mr","first":"Kristian","last":"Rauh"},"location":{"street":{"number":2142,"name":"Danziger Straße"},"city":"Bietigheim-Bissingen","state":"Saarland","country":"Germany","postcode":37332,"coordinates":{"latitude":"-48.7369","longitude":"-60.1857"},"timezone":{"offset":"+7:00","description":"Bangkok, Hanoi, Jakarta"}},"email":"kristian.rauh@example.com","login":{"uuid":"9ad331b4-88f9-4bfb-aaef-d9519856ffcf","username":"whitewolf881","password":"nygiants","salt":"GF7KR0Uk","md5":"4bb9e6fdd85af279b7731651afe5342b","sha1":"fc1eb28acd807a78f759182cba1ff06fe3045f55","sha256":"e3638798c5f9f056b7844312e7b12eac886310e51658df37eadb46acfabc0fdc"},"dob":{"date":"1977-09-28T09:23:11.954Z","age":46},"registered":{"date":"2008-08-27T02:11:33.260Z","age":15},"phone":"0553-4997957","cell":"0170-9085526","id":{"name":"SVNR","value":"49 280977 R 323"},"picture":{"large":"https://randomuser.me/api/portraits/men/10.jpg","medium":"https://randomuser.me/api/portraits/med/men/10.jpg","thumbnail":"https://randomuser.me/api/portraits/thumb/men/10.jpg"},"nat":"DE"}],"info":{"seed":"d78aa669e657eef5","results":1,"page":1,"version":"1.4"}} 
 </msg>
<msg time="2024-04-13T14:12:20.896417" level="INFO">/opt/hostedtoolcache/Python/3.12.2/x64/lib/python3.12/site-packages/urllib3/connectionpool.py:1103: InsecureRequestWarning: Unverified HTTPS request is being made to host 'randomuser.me'. Adding certificate verification is strongly advised. See: https://urllib3.readthedocs.io/en/latest/advanced-usage.html#tls-warnings
  warnings.warn(</msg>
<msg time="2024-04-13T14:12:20.896534" level="INFO">${response} = &lt;Response [200]&gt;</msg>
<var>${response}</var>
<arg>consultarAPI</arg>
<arg>/api</arg>
<doc>Sends a GET request on a previously created HTTP Session.</doc>
<status status="PASS" start="2024-04-13T14:12:20.822326" elapsed="0.074257"/>
</kw>
<kw name="Set Variable" owner="BuiltIn">
<msg time="2024-04-13T14:12:20.897677" level="INFO">${json_data} = {'results': [{'gender': 'male', 'name': {'title': 'Mr', 'first': 'Kristian', 'last': 'Rauh'}, 'location': {'street': {'number': 2142, 'name': 'Danziger Straße'}, 'city': 'Bietigheim-Bissingen', 'state...</msg>
<var>${json_data}</var>
<arg>${response.json()}</arg>
<doc>Returns the given values which can then be assigned to a variables.</doc>
<status status="PASS" start="2024-04-13T14:12:20.897085" elapsed="0.000620"/>
</kw>
<kw name="Log" owner="BuiltIn">
<msg time="2024-04-13T14:12:20.898162" level="INFO">{'results': [{'gender': 'male', 'name': {'title': 'Mr', 'first': 'Kristian', 'last': 'Rauh'}, 'location': {'street': {'number': 2142, 'name': 'Danziger Straße'}, 'city': 'Bietigheim-Bissingen', 'state': 'Saarland', 'country': 'Germany', 'postcode': 37332, 'coordinates': {'latitude': '-48.7369', 'longitude': '-60.1857'}, 'timezone': {'offset': '+7:00', 'description': 'Bangkok, Hanoi, Jakarta'}}, 'email': 'kristian.rauh@example.com', 'login': {'uuid': '9ad331b4-88f9-4bfb-aaef-d9519856ffcf', 'username': 'whitewolf881', 'password': 'nygiants', 'salt': 'GF7KR0Uk', 'md5': '4bb9e6fdd85af279b7731651afe5342b', 'sha1': 'fc1eb28acd807a78f759182cba1ff06fe3045f55', 'sha256': 'e3638798c5f9f056b7844312e7b12eac886310e51658df37eadb46acfabc0fdc'}, 'dob': {'date': '1977-09-28T09:23:11.954Z', 'age': 46}, 'registered': {'date': '2008-08-27T02:11:33.260Z', 'age': 15}, 'phone': '0553-4997957', 'cell': '0170-9085526', 'id': {'name': 'SVNR', 'value': '49 280977 R 323'}, 'picture': {'large': 'https://randomuser.me/api/portraits/men/10.jpg', 'medium': 'https://randomuser.me/api/portraits/med/men/10.jpg', 'thumbnail': 'https://randomuser.me/api/portraits/thumb/men/10.jpg'}, 'nat': 'DE'}], 'info': {'seed': 'd78aa669e657eef5', 'results': 1, 'page': 1, 'version': '1.4'}}</msg>
<arg>${json_data}</arg>
<doc>Logs the given message with the given level.</doc>
<status status="PASS" start="2024-04-13T14:12:20.898008" elapsed="0.000234"/>
</kw>
<kw name="Should Be Equal As Numbers" owner="BuiltIn">
<arg>${json_data['results'][0]['location']['postcode']}</arg>
<arg>${json_data['results'][0]['location']['postcode']}</arg>
<doc>Fails if objects are unequal after converting them to real numbers.</doc>
<status status="PASS" start="2024-04-13T14:12:20.898538" elapsed="0.000636"/>
</kw>
<kw name="Log" owner="BuiltIn">
<msg time="2024-04-13T14:12:20.899719" level="INFO">37332</msg>
<arg>${json_data['results'][0]['location']['postcode']}</arg>
<doc>Logs the given message with the given level.</doc>
<status status="PASS" start="2024-04-13T14:12:20.899385" elapsed="0.000375"/>
</kw>
<status status="PASS" start="2024-04-13T14:12:20.822103" elapsed="0.077972"/>
</kw>
<doc>Testa se os tipos de dados na resposta da API estão corretos.</doc>
<tag>testeTiposDados</tag>
<status status="PASS" start="2024-04-13T14:12:20.762875" elapsed="0.137365"/>
</test>
<test id="s1-s1-t5" name="Validar conteudo" line="35">
<kw name="Teste de Tipos de Conteudo" owner="random-user-service">
<kw name="GET On Session" owner="RequestsLibrary">
<msg time="2024-04-13T14:12:20.999070" level="INFO">GET Request : url=https://randomuser.me/api 
 path_url=/api 
 headers={'User-Agent': 'python-requests/2.31.0', 'Accept-Encoding': 'gzip, deflate', 'Accept': '*/*', 'Connection': 'keep-alive'} 
 body=None 
 </msg>
<msg time="2024-04-13T14:12:20.999156" level="INFO">GET Response : url=https://randomuser.me/api 
 status=200, reason=OK 
 headers={'Date': 'Sat, 13 Apr 2024 14:12:20 GMT', 'Content-Type': 'application/json; charset=utf-8', 'Transfer-Encoding': 'chunked', 'Connection': 'keep-alive', 'X-Powered-By': 'Express', 'Access-Control-Allow-Origin': '*', 'Cache-Control': 'no-cache', 'ETag': 'W/"482-Nd9onzTLWqpG3cA8S2F1WgBugP4"', 'Vary': 'Accept-Encoding', 'Content-Encoding': 'gzip', 'CF-Cache-Status': 'DYNAMIC', 'Report-To': '{"endpoints":[{"url":"https:\\/\\/a.nel.cloudflare.com\\/report\\/v4?s=ON4xQIp5BYFof6nSWoLFRPfBr5xal%2BK44086eGFB12x1Mb16wehG2fVGtiTzBOoGDuTIvBgNbHze3NYiCfMCYgZiayq61vltueFJB3FITxW9biHAiWoxl9QkU8MHh7xT"}],"group":"cf-nel","max_age":604800}', 'NEL': '{"success_fraction":0,"report_to":"cf-nel","max_age":604800}', 'Server': 'cloudflare', 'CF-RAY': '873c0ceeadd08203-IAD', 'alt-svc': 'h3=":443"; ma=86400'} 
 body={"results":[{"gender":"male","name":{"title":"Mr","first":"Aayush","last":"Gupta"},"location":{"street":{"number":9000,"name":"Mirza Ismail Rd"},"city":"Imphal","state":"Tamil Nadu","country":"India","postcode":68944,"coordinates":{"latitude":"7.5059","longitude":"-177.1612"},"timezone":{"offset":"+2:00","description":"Kaliningrad, South Africa"}},"email":"aayush.gupta@example.com","login":{"uuid":"058e96ea-ecdb-4354-adc8-b7260d92d553","username":"silverleopard755","password":"skylar","salt":"7VZRlvqj","md5":"6e2d5407a1e26baf3dd83551a779d6f7","sha1":"82ccafd75022ee16110114a88590ee19655cc6ee","sha256":"ed53567b51072c228d2d623dc35c37594558a28ad73bd0c48a2d526403e38ae6"},"dob":{"date":"1969-12-02T11:07:22.122Z","age":54},"registered":{"date":"2004-10-20T17:47:47.618Z","age":19},"phone":"7851833273","cell":"7706410036","id":{"name":"UIDAI","value":"650234143553"},"picture":{"large":"https://randomuser.me/api/portraits/men/42.jpg","medium":"https://randomuser.me/api/portraits/med/men/42.jpg","thumbnail":"https://randomuser.me/api/portraits/thumb/men/42.jpg"},"nat":"IN"}],"info":{"seed":"aa870d757306c5c7","results":1,"page":1,"version":"1.4"}} 
 </msg>
<msg time="2024-04-13T14:12:20.999229" level="INFO">/opt/hostedtoolcache/Python/3.12.2/x64/lib/python3.12/site-packages/urllib3/connectionpool.py:1103: InsecureRequestWarning: Unverified HTTPS request is being made to host 'randomuser.me'. Adding certificate verification is strongly advised. See: https://urllib3.readthedocs.io/en/latest/advanced-usage.html#tls-warnings
  warnings.warn(</msg>
<msg time="2024-04-13T14:12:20.999350" level="INFO">${response} = &lt;Response [200]&gt;</msg>
<var>${response}</var>
<arg>consultarAPI</arg>
<arg>/api</arg>
<doc>Sends a GET request on a previously created HTTP Session.</doc>
<status status="PASS" start="2024-04-13T14:12:20.902775" elapsed="0.096623"/>
</kw>
<kw name="Set Variable" owner="BuiltIn">
<msg time="2024-04-13T14:12:21.000552" level="INFO">${json_data} = {'results': [{'gender': 'male', 'name': {'title': 'Mr', 'first': 'Aayush', 'last': 'Gupta'}, 'location': {'street': {'number': 9000, 'name': 'Mirza Ismail Rd'}, 'city': 'Imphal', 'state': 'Tamil Nadu'...</msg>
<var>${json_data}</var>
<arg>${response.json()}</arg>
<doc>Returns the given values which can then be assigned to a variables.</doc>
<status status="PASS" start="2024-04-13T14:12:21.000001" elapsed="0.000579"/>
</kw>
<kw name="Set Variable" owner="BuiltIn">
<msg time="2024-04-13T14:12:21.001270" level="INFO">${name_title} = Mr</msg>
<var>${name_title}</var>
<arg>${json_data["results"][0]["name"]["title"]}</arg>
<doc>Returns the given values which can then be assigned to a variables.</doc>
<status status="PASS" start="2024-04-13T14:12:21.000889" elapsed="0.000406"/>
</kw>
<kw name="Create List" owner="BuiltIn">
<msg time="2024-04-13T14:12:21.001752" level="INFO">${allowed_titles} = ['Mr', 'Ms', 'Miss', 'Mrs', 'Madame', 'Monsieur']</msg>
<var>${allowed_titles}</var>
<arg>Mr</arg>
<arg>Ms</arg>
<arg>Miss</arg>
<arg>Mrs</arg>
<arg>Madame</arg>
<arg>Monsieur</arg>
<doc>Returns a list containing given items.</doc>
<status status="PASS" start="2024-04-13T14:12:21.001604" elapsed="0.000172"/>
</kw>
<kw name="List Should Contain Value" owner="Collections">
<msg time="2024-04-13T14:12:21.002248" level="INFO">False</msg>
<arg>${allowed_titles}</arg>
<arg>${name_title}</arg>
<doc>Fails if the ``value`` is not found from ``list``.</doc>
<status status="PASS" start="2024-04-13T14:12:21.002075" elapsed="0.000216"/>
</kw>
<kw name="Set Variable" owner="BuiltIn">
<msg time="2024-04-13T14:12:21.002958" level="INFO">${name_country} = IN</msg>
<var>${name_country}</var>
<arg>${json_data["results"][0]["nat"]}</arg>
<doc>Returns the given values which can then be assigned to a variables.</doc>
<status status="PASS" start="2024-04-13T14:12:21.002581" elapsed="0.000402"/>
</kw>
<kw name="Create List" owner="BuiltIn">
<msg time="2024-04-13T14:12:21.003906" level="INFO">${list_country} = ['AD', 'AE', 'AF', 'AG', 'AI', 'AL', 'AM', 'AO', 'AQ', 'AR', 'AS', 'AT', 'AU', 'AW', 'AX', 'AZ', 'BA', 'BB', 'BD', 'BE', 'BF', 'BG', 'BH', 'BI', 'BJ', 'BL', 'BM', 'BN', 'BO', 'BQ', 'BR', 'BS', 'BT', '...</msg>
<var>${list_country}</var>
<arg>AD</arg>
<arg>AE</arg>
<arg>AF</arg>
<arg>AG</arg>
<arg>AI</arg>
<arg>AL</arg>
<arg>AM</arg>
<arg>AO</arg>
<arg>AQ</arg>
<arg>AR</arg>
<arg>AS</arg>
<arg>AT</arg>
<arg>AU</arg>
<arg>AW</arg>
<arg>AX</arg>
<arg>AZ</arg>
<arg>BA</arg>
<arg>BB</arg>
<arg>BD</arg>
<arg>BE</arg>
<arg>BF</arg>
<arg>BG</arg>
<arg>BH</arg>
<arg>BI</arg>
<arg>BJ</arg>
<arg>BL</arg>
<arg>BM</arg>
<arg>BN</arg>
<arg>BO</arg>
<arg>BQ</arg>
<arg>BR</arg>
<arg>BS</arg>
<arg>BT</arg>
<arg>BV</arg>
<arg>BW</arg>
<arg>BY</arg>
<arg>BZ</arg>
<arg>CA</arg>
<arg>CC</arg>
<arg>CD</arg>
<arg>CF</arg>
<arg>CG</arg>
<arg>CH</arg>
<arg>CI</arg>
<arg>CK</arg>
<arg>CL</arg>
<arg>CM</arg>
<arg>CN</arg>
<arg>CO</arg>
<arg>CR</arg>
<arg>CU</arg>
<arg>CV</arg>
<arg>CW</arg>
<arg>CX</arg>
<arg>CY</arg>
<arg>CZ</arg>
<arg>DE</arg>
<arg>DJ</arg>
<arg>DK</arg>
<arg>DM</arg>
<arg>DO</arg>
<arg>DZ</arg>
<arg>EC</arg>
<arg>EE</arg>
<arg>EG</arg>
<arg>EH</arg>
<arg>ER</arg>
<arg>ES</arg>
<arg>ET</arg>
<arg>FI</arg>
<arg>FJ</arg>
<arg>FK</arg>
<arg>FM</arg>
<arg>FO</arg>
<arg>FR</arg>
<arg>GA</arg>
<arg>GB</arg>
<arg>GD</arg>
<arg>GE</arg>
<arg>GF</arg>
<arg>GG</arg>
<arg>GH</arg>
<arg>GI</arg>
<arg>GL</arg>
<arg>GM</arg>
<arg>GN</arg>
<arg>GP</arg>
<arg>GQ</arg>
<arg>GR</arg>
<arg>GS</arg>
<arg>GT</arg>
<arg>GU</arg>
<arg>GW</arg>
<arg>GY</arg>
<arg>HK</arg>
<arg>HM</arg>
<arg>HN</arg>
<arg>HR</arg>
<arg>HT</arg>
<arg>HU</arg>
<arg>ID</arg>
<arg>IE</arg>
<arg>IL</arg>
<arg>IM</arg>
<arg>IN</arg>
<arg>IO</arg>
<arg>IQ</arg>
<arg>IR</arg>
<arg>IS</arg>
<arg>IT</arg>
<arg>JE</arg>
<arg>JM</arg>
<arg>JO</arg>
<arg>JP</arg>
<arg>KE</arg>
<arg>KG</arg>
<arg>KH</arg>
<arg>KI</arg>
<arg>KM</arg>
<arg>KN</arg>
<arg>KP</arg>
<arg>KR</arg>
<arg>KW</arg>
<arg>KY</arg>
<arg>KZ</arg>
<arg>LA</arg>
<arg>LB</arg>
<arg>LC</arg>
<arg>LI</arg>
<arg>LK</arg>
<arg>LR</arg>
<arg>LS</arg>
<arg>LT</arg>
<arg>LU</arg>
<arg>LV</arg>
<arg>LY</arg>
<arg>MA</arg>
<arg>MC</arg>
<arg>MD</arg>
<arg>ME</arg>
<arg>MF</arg>
<arg>MG</arg>
<arg>MH</arg>
<arg>MK</arg>
<arg>ML</arg>
<arg>MM</arg>
<arg>MN</arg>
<arg>MO</arg>
<arg>MP</arg>
<arg>MQ</arg>
<arg>MR</arg>
<arg>MS</arg>
<arg>MT</arg>
<arg>MU</arg>
<arg>MV</arg>
<arg>MW</arg>
<arg>MX</arg>
<arg>MY</arg>
<arg>MZ</arg>
<arg>NA</arg>
<arg>NC</arg>
<arg>NE</arg>
<arg>NF</arg>
<arg>NG</arg>
<arg>NI</arg>
<arg>NL</arg>
<arg>NO</arg>
<arg>NP</arg>
<arg>NR</arg>
<arg>NU</arg>
<arg>NZ</arg>
<arg>OM</arg>
<arg>PA</arg>
<arg>PE</arg>
<arg>PF</arg>
<arg>PG</arg>
<arg>PH</arg>
<arg>PK</arg>
<arg>PL</arg>
<arg>PM</arg>
<arg>PN</arg>
<arg>PR</arg>
<arg>PS</arg>
<arg>PT</arg>
<arg>PW</arg>
<arg>PY</arg>
<arg>QA</arg>
<arg>RE</arg>
<arg>RO</arg>
<arg>RS</arg>
<arg>RU</arg>
<arg>RW</arg>
<arg>SA</arg>
<arg>SB</arg>
<arg>SC</arg>
<arg>SD</arg>
<arg>SE</arg>
<arg>SG</arg>
<arg>SH</arg>
<arg>SI</arg>
<arg>SJ</arg>
<arg>SK</arg>
<arg>SL</arg>
<arg>SM</arg>
<arg>SN</arg>
<arg>SO</arg>
<arg>SR</arg>
<arg>SS</arg>
<arg>ST</arg>
<arg>SV</arg>
<arg>SX</arg>
<arg>SY</arg>
<arg>SZ</arg>
<arg>TC</arg>
<arg>TD</arg>
<arg>TF</arg>
<arg>TG</arg>
<arg>TH</arg>
<arg>TJ</arg>
<arg>TK</arg>
<arg>TL</arg>
<arg>TM</arg>
<arg>TN</arg>
<arg>TO</arg>
<arg>TR</arg>
<arg>TT</arg>
<arg>TV</arg>
<arg>TW</arg>
<arg>TZ</arg>
<arg>UA</arg>
<arg>UG</arg>
<arg>UM</arg>
<arg>US</arg>
<arg>UY</arg>
<arg>UZ</arg>
<arg>VA</arg>
<arg>VC</arg>
<arg>VE</arg>
<arg>VG</arg>
<arg>VI</arg>
<arg>VN</arg>
<arg>VU</arg>
<arg>WF</arg>
<arg>WS</arg>
<arg>XK</arg>
<arg>YE</arg>
<arg>YT</arg>
<arg>ZA</arg>
<arg>ZM</arg>
<arg>ZW</arg>
<doc>Returns a list containing given items.</doc>
<status status="PASS" start="2024-04-13T14:12:21.003283" elapsed="0.000658"/>
</kw>
<kw name="List Should Contain Value" owner="Collections">
<msg time="2024-04-13T14:12:21.004928" level="INFO">False</msg>
<arg>${list_country}</arg>
<arg>${name_country}</arg>
<doc>Fails if the ``value`` is not found from ``list``.</doc>
<status status="PASS" start="2024-04-13T14:12:21.004727" elapsed="0.000243"/>
</kw>
<kw name="Run Keyword If" owner="BuiltIn">
<kw name="Should Be True" owner="BuiltIn">
<arg>${True}</arg>
<doc>Fails if the given condition is not true.</doc>
<status status="PASS" start="2024-04-13T14:12:21.006172" elapsed="0.000146"/>
</kw>
<arg>${json_data["results"][0]["location"]["coordinates"]["latitude"]} &gt;= -90 and ${json_data["results"][0]["location"]["coordinates"]["latitude"]} &lt;= 90</arg>
<arg>Should Be True</arg>
<arg>${True}</arg>
<doc>Runs the given keyword with the given arguments, if ``condition`` is true.</doc>
<status status="PASS" start="2024-04-13T14:12:21.005283" elapsed="0.001164"/>
</kw>
<kw name="Run Keyword If" owner="BuiltIn">
<kw name="Should Be True" owner="BuiltIn">
<arg>${True}</arg>
<doc>Fails if the given condition is not true.</doc>
<status status="PASS" start="2024-04-13T14:12:21.007328" elapsed="0.000137"/>
</kw>
<arg>${json_data["results"][0]["location"]["coordinates"]["longitude"]} &gt;= -180 and ${json_data["results"][0]["location"]["coordinates"]["longitude"]} &lt;= 180</arg>
<arg>Should Be True</arg>
<arg>${True}</arg>
<doc>Runs the given keyword with the given arguments, if ``condition`` is true.</doc>
<status status="PASS" start="2024-04-13T14:12:21.006634" elapsed="0.000955"/>
</kw>
<status status="PASS" start="2024-04-13T14:12:20.902551" elapsed="0.105170"/>
</kw>
<doc>Testa o conteúdo específico dos campos retornados pela API.</doc>
<tag>testeConteudo</tag>
<status status="PASS" start="2024-04-13T14:12:20.901996" elapsed="0.105905"/>
</test>
<status status="PASS" start="2024-04-13T14:12:19.796656" elapsed="1.213253"/>
</suite>
<status status="PASS" start="2024-04-13T14:12:19.783007" elapsed="1.232249"/>
</suite>
<statistics>
<total>
<stat pass="5" fail="0" skip="0">All Tests</stat>
</total>
<tag>
<stat pass="1" fail="0" skip="0">testeConteudo</stat>
<stat pass="1" fail="0" skip="0">testeEstruturaResposta</stat>
<stat pass="1" fail="0" skip="0">testeRequisicaoBasica</stat>
<stat pass="1" fail="0" skip="0">testeTiposDados</stat>
</tag>
<suite>
<stat pass="5" fail="0" skip="0" id="s1" name="Tests">Tests</stat>
<stat pass="5" fail="0" skip="0" id="s1-s1" name="Random-User-Test">Tests.Random-User-Test</stat>
</suite>
</statistics>
<errors>
</errors>
</robot>
