<?xml version="1.0" encoding="UTF-8"?>
<robot generator="Robot 7.0.1 (Python 3.12.4 on linux)" generated="2024-07-02T10:16:07.651036" rpa="false" schemaversion="5">
<suite id="s1" name="Tests" source="/home/runner/work/ApiRandomUser/ApiRandomUser/RamdonUser/tests">
<suite id="s1-s1" name="Random-User-Test" source="/home/runner/work/ApiRandomUser/ApiRandomUser/RamdonUser/tests/random-user-test.robot">
<test id="s1-s1-t1" name="Conectar" line="13">
<kw name="Conectar API" owner="random-user-service">
<kw name="Create Session" owner="RequestsLibrary">
<msg time="2024-07-02T10:16:08.058288" level="INFO">Creating Session using : alias=consultarAPI, url=https://randomuser.me/, headers={},                     cookies={}, auth=None, timeout=None, proxies=None, verify=False,                     debug=0 </msg>
<arg>consultarAPI</arg>
<arg>${URL}</arg>
<doc>Create Session: create a HTTP session to a server</doc>
<status status="PASS" start="2024-07-02T10:16:08.058087" elapsed="0.000388"/>
</kw>
<status status="PASS" start="2024-07-02T10:16:08.057128" elapsed="0.001735"/>
</kw>
<status status="PASS" start="2024-07-02T10:16:08.056526" elapsed="0.002534"/>
</test>
<test id="s1-s1-t2" name="Validar retorno 200 e JSON Válido" line="16">
<kw name="Teste de Requisicao Basica" owner="random-user-service">
<kw name="GET On Session" owner="RequestsLibrary">
<msg time="2024-07-02T10:16:08.242240" level="INFO">GET Request : url=https://randomuser.me/api 
 path_url=/api 
 headers={'User-Agent': 'python-requests/2.32.3', 'Accept-Encoding': 'gzip, deflate', 'Accept': '*/*', 'Connection': 'keep-alive'} 
 body=None 
 </msg>
<msg time="2024-07-02T10:16:08.242423" level="INFO">GET Response : url=https://randomuser.me/api 
 status=200, reason=OK 
 headers={'Date': 'Tue, 02 Jul 2024 10:16:08 GMT', 'Content-Type': 'application/json; charset=utf-8', 'Transfer-Encoding': 'chunked', 'Connection': 'keep-alive', 'X-Powered-By': 'Express', 'Access-Control-Allow-Origin': '*', 'Cache-Control': 'no-cache', 'ETag': 'W/"492-Js7+VSeYP/qe0wHQc2FUrBx2Wnk"', 'Vary': 'Accept-Encoding', 'Content-Encoding': 'gzip', 'CF-Cache-Status': 'DYNAMIC', 'Report-To': '{"endpoints":[{"url":"https:\\/\\/a.nel.cloudflare.com\\/report\\/v4?s=ZcaRuMPePKN2brXYvTvPfDFtpFHidT%2BBTEknyFuc91d2lOugLiZULAxoi5pSTMdxLkR7%2BwikbYg8HkzIyhvY%2BlhJA6eYMJKNnUQ2K4r0Jw2yXx8xLwuZZq4mXCQWZNrR"}],"group":"cf-nel","max_age":604800}', 'NEL': '{"success_fraction":0,"report_to":"cf-nel","max_age":604800}', 'Server': 'cloudflare', 'CF-RAY': '89cde0eb4d9d3b7a-IAD', 'alt-svc': 'h3=":443"; ma=86400'} 
 body={"results":[{"gender":"female","name":{"title":"Mrs","first":"Hilla","last":"Perala"},"location":{"street":{"number":3921,"name":"Bulevardi"},"city":"Eurajoki","state":"Southern Savonia","country":"Finland","postcode":82129,"coordinates":{"latitude":"-29.3530","longitude":"39.4695"},"timezone":{"offset":"+6:00","description":"Almaty, Dhaka, Colombo"}},"email":"hilla.perala@example.com","login":{"uuid":"5b7c600c-c21f-406c-839e-874ff7639a23","username":"whiteleopard515","password":"montana","salt":"ih0dAVWp","md5":"83c5de263e5d68fb5634bba4669a8554","sha1":"e4b24466fad6e52b8ad844fe866ff388c67b9d58","sha256":"b58f44b47dcfa2255299fc242977acd23311db7873d8a8dc8ab061de9cbb7f0f"},"dob":{"date":"1960-05-07T19:57:46.926Z","age":64},"registered":{"date":"2021-11-28T08:29:29.559Z","age":2},"phone":"05-426-612","cell":"048-567-54-69","id":{"name":"HETU","value":"NaNNA860undefined"},"picture":{"large":"https://randomuser.me/api/portraits/women/94.jpg","medium":"https://randomuser.me/api/portraits/med/women/94.jpg","thumbnail":"https://randomuser.me/api/portraits/thumb/women/94.jpg"},"nat":"FI"}],"info":{"seed":"1ca3b079be4da61f","results":1,"page":1,"version":"1.4"}} 
 </msg>
<msg time="2024-07-02T10:16:08.242528" level="INFO">/opt/hostedtoolcache/Python/3.12.4/x64/lib/python3.12/site-packages/urllib3/connectionpool.py:1099: InsecureRequestWarning: Unverified HTTPS request is being made to host 'randomuser.me'. Adding certificate verification is strongly advised. See: https://urllib3.readthedocs.io/en/latest/advanced-usage.html#tls-warnings
  warnings.warn(</msg>
<msg time="2024-07-02T10:16:08.242695" level="INFO">${response} = &lt;Response [200]&gt;</msg>
<var>${response}</var>
<arg>consultarAPI</arg>
<arg>/api</arg>
<doc>Sends a GET request on a previously created HTTP Session.</doc>
<status status="PASS" start="2024-07-02T10:16:08.061698" elapsed="0.181040"/>
</kw>
<kw name="Should Be Equal As Numbers" owner="BuiltIn">
<msg time="2024-07-02T10:16:08.243877" level="INFO">Argument types are:
&lt;class 'int'&gt;
&lt;class 'str'&gt;</msg>
<arg>${response.status_code}</arg>
<arg>200</arg>
<doc>Fails if objects are unequal after converting them to real numbers.</doc>
<status status="PASS" start="2024-07-02T10:16:08.243390" elapsed="0.000552"/>
</kw>
<kw name="Log" owner="BuiltIn">
<msg time="2024-07-02T10:16:08.244612" level="INFO">200</msg>
<arg>${response.status_code}</arg>
<doc>Logs the given message with the given level.</doc>
<status status="PASS" start="2024-07-02T10:16:08.244261" elapsed="0.000393"/>
</kw>
<kw name="Set Variable" owner="BuiltIn">
<msg time="2024-07-02T10:16:08.245393" level="INFO">${json_data} = {'results': [{'gender': 'female', 'name': {'title': 'Mrs', 'first': 'Hilla', 'last': 'Perala'}, 'location': {'street': {'number': 3921, 'name': 'Bulevardi'}, 'city': 'Eurajoki', 'state': 'Southern Sav...</msg>
<var>${json_data}</var>
<arg>${response.json()}</arg>
<doc>Returns the given values which can then be assigned to a variables.</doc>
<status status="PASS" start="2024-07-02T10:16:08.244959" elapsed="0.000462"/>
</kw>
<kw name="Dictionary Should Contain Key" owner="Collections">
<arg>${json_data}</arg>
<arg>results</arg>
<doc>Fails if ``key`` is not found from ``dictionary``.</doc>
<status status="PASS" start="2024-07-02T10:16:08.245717" elapsed="0.000165"/>
</kw>
<status status="PASS" start="2024-07-02T10:16:08.061453" elapsed="0.184588"/>
</kw>
<doc>Testa se a API responde corretamente e retorna um objeto JSON válido.</doc>
<tag>testeRequisicaoBasica</tag>
<status status="PASS" start="2024-07-02T10:16:08.060946" elapsed="0.185274"/>
</test>
<test id="s1-s1-t3" name="Validar estrutura de resposta" line="22">
<kw name="Teste de Estrutura de Resposta" owner="random-user-service">
<kw name="GET On Session" owner="RequestsLibrary">
<msg time="2024-07-02T10:16:08.344663" level="INFO">GET Request : url=https://randomuser.me/api 
 path_url=/api 
 headers={'User-Agent': 'python-requests/2.32.3', 'Accept-Encoding': 'gzip, deflate', 'Accept': '*/*', 'Connection': 'keep-alive'} 
 body=None 
 </msg>
<msg time="2024-07-02T10:16:08.344752" level="INFO">GET Response : url=https://randomuser.me/api 
 status=200, reason=OK 
 headers={'Date': 'Tue, 02 Jul 2024 10:16:08 GMT', 'Content-Type': 'application/json; charset=utf-8', 'Transfer-Encoding': 'chunked', 'Connection': 'keep-alive', 'X-Powered-By': 'Express', 'Access-Control-Allow-Origin': '*', 'Cache-Control': 'no-cache', 'ETag': 'W/"489-OhSW9L7f0tetsr+BIo6XG2wCoqw"', 'Vary': 'Accept-Encoding', 'Content-Encoding': 'gzip', 'CF-Cache-Status': 'DYNAMIC', 'Report-To': '{"endpoints":[{"url":"https:\\/\\/a.nel.cloudflare.com\\/report\\/v4?s=SenB0bckcFyIp%2FHhbYXBOvNMq8NWLzLAkEJRj8LLx8VtlTN%2FOYCMgbIWZA33itdOcdhmyRpDnz%2F7TdcXIjikdz%2B%2BQ%2FMAyktcImjn0eDCWF27qgq8NHHTd4%2B7EuOOVM7B"}],"group":"cf-nel","max_age":604800}', 'NEL': '{"success_fraction":0,"report_to":"cf-nel","max_age":604800}', 'Server': 'cloudflare', 'CF-RAY': '89cde0eb9df13b7a-IAD', 'alt-svc': 'h3=":443"; ma=86400'} 
 body={"results":[{"gender":"female","name":{"title":"Mrs","first":"Gonca","last":"Atakol"},"location":{"street":{"number":2762,"name":"Talak Göktepe Cd"},"city":"Tunceli","state":"Bolu","country":"Turkey","postcode":93001,"coordinates":{"latitude":"72.4163","longitude":"37.6670"},"timezone":{"offset":"+10:00","description":"Eastern Australia, Guam, Vladivostok"}},"email":"gonca.atakol@example.com","login":{"uuid":"717f44c2-e684-408b-a9d3-d257e0d64e2a","username":"brownswan238","password":"stereo","salt":"zGtdIR4J","md5":"6f2ed263e6b5f758fac1ea0e4873ebc3","sha1":"28f676aac4b86e5d01edb3d32d7649577cd03402","sha256":"779026181ef2e2c72e053e439791ad5e242e41956246e7c04fafe6d94034626c"},"dob":{"date":"1964-12-05T06:08:09.161Z","age":59},"registered":{"date":"2011-04-18T21:39:28.464Z","age":13},"phone":"(084)-281-6330","cell":"(473)-572-5945","id":{"name":"","value":null},"picture":{"large":"https://randomuser.me/api/portraits/women/90.jpg","medium":"https://randomuser.me/api/portraits/med/women/90.jpg","thumbnail":"https://randomuser.me/api/portraits/thumb/women/90.jpg"},"nat":"TR"}],"info":{"seed":"5b0c81f5ad81d170","results":1,"page":1,"version":"1.4"}} 
 </msg>
<msg time="2024-07-02T10:16:08.344857" level="INFO">/opt/hostedtoolcache/Python/3.12.4/x64/lib/python3.12/site-packages/urllib3/connectionpool.py:1099: InsecureRequestWarning: Unverified HTTPS request is being made to host 'randomuser.me'. Adding certificate verification is strongly advised. See: https://urllib3.readthedocs.io/en/latest/advanced-usage.html#tls-warnings
  warnings.warn(</msg>
<msg time="2024-07-02T10:16:08.344959" level="INFO">${response} = &lt;Response [200]&gt;</msg>
<var>${response}</var>
<arg>consultarAPI</arg>
<arg>/api</arg>
<doc>Sends a GET request on a previously created HTTP Session.</doc>
<status status="PASS" start="2024-07-02T10:16:08.248966" elapsed="0.096036"/>
</kw>
<kw name="Set Variable" owner="BuiltIn">
<msg time="2024-07-02T10:16:08.346053" level="INFO">${json_data} = {'results': [{'gender': 'female', 'name': {'title': 'Mrs', 'first': 'Gonca', 'last': 'Atakol'}, 'location': {'street': {'number': 2762, 'name': 'Talak Göktepe Cd'}, 'city': 'Tunceli', 'state': 'Bolu',...</msg>
<var>${json_data}</var>
<arg>${response.json()}</arg>
<doc>Returns the given values which can then be assigned to a variables.</doc>
<status status="PASS" start="2024-07-02T10:16:08.345477" elapsed="0.000606"/>
</kw>
<kw name="Log" owner="BuiltIn">
<msg time="2024-07-02T10:16:08.346562" level="INFO">{'results': [{'gender': 'female', 'name': {'title': 'Mrs', 'first': 'Gonca', 'last': 'Atakol'}, 'location': {'street': {'number': 2762, 'name': 'Talak Göktepe Cd'}, 'city': 'Tunceli', 'state': 'Bolu', 'country': 'Turkey', 'postcode': 93001, 'coordinates': {'latitude': '72.4163', 'longitude': '37.6670'}, 'timezone': {'offset': '+10:00', 'description': 'Eastern Australia, Guam, Vladivostok'}}, 'email': 'gonca.atakol@example.com', 'login': {'uuid': '717f44c2-e684-408b-a9d3-d257e0d64e2a', 'username': 'brownswan238', 'password': 'stereo', 'salt': 'zGtdIR4J', 'md5': '6f2ed263e6b5f758fac1ea0e4873ebc3', 'sha1': '28f676aac4b86e5d01edb3d32d7649577cd03402', 'sha256': '779026181ef2e2c72e053e439791ad5e242e41956246e7c04fafe6d94034626c'}, 'dob': {'date': '1964-12-05T06:08:09.161Z', 'age': 59}, 'registered': {'date': '2011-04-18T21:39:28.464Z', 'age': 13}, 'phone': '(084)-281-6330', 'cell': '(473)-572-5945', 'id': {'name': '', 'value': None}, 'picture': {'large': 'https://randomuser.me/api/portraits/women/90.jpg', 'medium': 'https://randomuser.me/api/portraits/med/women/90.jpg', 'thumbnail': 'https://randomuser.me/api/portraits/thumb/women/90.jpg'}, 'nat': 'TR'}], 'info': {'seed': '5b0c81f5ad81d170', 'results': 1, 'page': 1, 'version': '1.4'}}</msg>
<arg>${json_data}</arg>
<doc>Logs the given message with the given level.</doc>
<status status="PASS" start="2024-07-02T10:16:08.346401" elapsed="0.000210"/>
</kw>
<kw name="Dictionary Should Contain Key" owner="Collections">
<arg>${json_data}</arg>
<arg>results</arg>
<doc>Fails if ``key`` is not found from ``dictionary``.</doc>
<status status="PASS" start="2024-07-02T10:16:08.346946" elapsed="0.000161"/>
</kw>
<kw name="Should Not Be Empty" owner="BuiltIn">
<msg time="2024-07-02T10:16:08.347427" level="INFO">Length is 2.</msg>
<arg>${json_data}</arg>
<doc>Verifies that the given item is not empty.</doc>
<status status="PASS" start="2024-07-02T10:16:08.347297" elapsed="0.000169"/>
</kw>
<kw name="Create List" owner="BuiltIn">
<msg time="2024-07-02T10:16:08.348049" level="INFO">${expected_keys} = ['gender', 'name', 'location', 'email', 'login']</msg>
<var>${expected_keys}</var>
<arg>gender</arg>
<arg>name</arg>
<arg>location</arg>
<arg>email</arg>
<arg>login</arg>
<doc>Returns a list containing given items.</doc>
<status status="PASS" start="2024-07-02T10:16:08.347763" elapsed="0.000311"/>
</kw>
<for flavor="IN">
<iter>
<kw name="Dictionary Should Contain Key" owner="Collections">
<arg>${json_data['results'][0]}</arg>
<arg>${key}</arg>
<doc>Fails if ``key`` is not found from ``dictionary``.</doc>
<status status="PASS" start="2024-07-02T10:16:08.348656" elapsed="0.000407"/>
</kw>
<kw name="Log" owner="BuiltIn">
<msg time="2024-07-02T10:16:08.349623" level="INFO">{'gender': 'female', 'name': {'title': 'Mrs', 'first': 'Gonca', 'last': 'Atakol'}, 'location': {'street': {'number': 2762, 'name': 'Talak Göktepe Cd'}, 'city': 'Tunceli', 'state': 'Bolu', 'country': 'Turkey', 'postcode': 93001, 'coordinates': {'latitude': '72.4163', 'longitude': '37.6670'}, 'timezone': {'offset': '+10:00', 'description': 'Eastern Australia, Guam, Vladivostok'}}, 'email': 'gonca.atakol@example.com', 'login': {'uuid': '717f44c2-e684-408b-a9d3-d257e0d64e2a', 'username': 'brownswan238', 'password': 'stereo', 'salt': 'zGtdIR4J', 'md5': '6f2ed263e6b5f758fac1ea0e4873ebc3', 'sha1': '28f676aac4b86e5d01edb3d32d7649577cd03402', 'sha256': '779026181ef2e2c72e053e439791ad5e242e41956246e7c04fafe6d94034626c'}, 'dob': {'date': '1964-12-05T06:08:09.161Z', 'age': 59}, 'registered': {'date': '2011-04-18T21:39:28.464Z', 'age': 13}, 'phone': '(084)-281-6330', 'cell': '(473)-572-5945', 'id': {'name': '', 'value': None}, 'picture': {'large': 'https://randomuser.me/api/portraits/women/90.jpg', 'medium': 'https://randomuser.me/api/portraits/med/women/90.jpg', 'thumbnail': 'https://randomuser.me/api/portraits/thumb/women/90.jpg'}, 'nat': 'TR'}</msg>
<arg>${json_data['results'][0]}</arg>
<doc>Logs the given message with the given level.</doc>
<status status="PASS" start="2024-07-02T10:16:08.349249" elapsed="0.000423"/>
</kw>
<kw name="Log" owner="BuiltIn">
<msg time="2024-07-02T10:16:08.350100" level="INFO">gender</msg>
<arg>${key}</arg>
<doc>Logs the given message with the given level.</doc>
<status status="PASS" start="2024-07-02T10:16:08.349972" elapsed="0.000166"/>
</kw>
<var name="${key}">gender</var>
<status status="PASS" start="2024-07-02T10:16:08.348531" elapsed="0.001837"/>
</iter>
<iter>
<kw name="Dictionary Should Contain Key" owner="Collections">
<arg>${json_data['results'][0]}</arg>
<arg>${key}</arg>
<doc>Fails if ``key`` is not found from ``dictionary``.</doc>
<status status="PASS" start="2024-07-02T10:16:08.350664" elapsed="0.000423"/>
</kw>
<kw name="Log" owner="BuiltIn">
<msg time="2024-07-02T10:16:08.351691" level="INFO">{'gender': 'female', 'name': {'title': 'Mrs', 'first': 'Gonca', 'last': 'Atakol'}, 'location': {'street': {'number': 2762, 'name': 'Talak Göktepe Cd'}, 'city': 'Tunceli', 'state': 'Bolu', 'country': 'Turkey', 'postcode': 93001, 'coordinates': {'latitude': '72.4163', 'longitude': '37.6670'}, 'timezone': {'offset': '+10:00', 'description': 'Eastern Australia, Guam, Vladivostok'}}, 'email': 'gonca.atakol@example.com', 'login': {'uuid': '717f44c2-e684-408b-a9d3-d257e0d64e2a', 'username': 'brownswan238', 'password': 'stereo', 'salt': 'zGtdIR4J', 'md5': '6f2ed263e6b5f758fac1ea0e4873ebc3', 'sha1': '28f676aac4b86e5d01edb3d32d7649577cd03402', 'sha256': '779026181ef2e2c72e053e439791ad5e242e41956246e7c04fafe6d94034626c'}, 'dob': {'date': '1964-12-05T06:08:09.161Z', 'age': 59}, 'registered': {'date': '2011-04-18T21:39:28.464Z', 'age': 13}, 'phone': '(084)-281-6330', 'cell': '(473)-572-5945', 'id': {'name': '', 'value': None}, 'picture': {'large': 'https://randomuser.me/api/portraits/women/90.jpg', 'medium': 'https://randomuser.me/api/portraits/med/women/90.jpg', 'thumbnail': 'https://randomuser.me/api/portraits/thumb/women/90.jpg'}, 'nat': 'TR'}</msg>
<arg>${json_data['results'][0]}</arg>
<doc>Logs the given message with the given level.</doc>
<status status="PASS" start="2024-07-02T10:16:08.351321" elapsed="0.000453"/>
</kw>
<kw name="Log" owner="BuiltIn">
<msg time="2024-07-02T10:16:08.352207" level="INFO">name</msg>
<arg>${key}</arg>
<doc>Logs the given message with the given level.</doc>
<status status="PASS" start="2024-07-02T10:16:08.352079" elapsed="0.000164"/>
</kw>
<var name="${key}">name</var>
<status status="PASS" start="2024-07-02T10:16:08.350553" elapsed="0.001907"/>
</iter>
<iter>
<kw name="Dictionary Should Contain Key" owner="Collections">
<arg>${json_data['results'][0]}</arg>
<arg>${key}</arg>
<doc>Fails if ``key`` is not found from ``dictionary``.</doc>
<status status="PASS" start="2024-07-02T10:16:08.352741" elapsed="0.000378"/>
</kw>
<kw name="Log" owner="BuiltIn">
<msg time="2024-07-02T10:16:08.353653" level="INFO">{'gender': 'female', 'name': {'title': 'Mrs', 'first': 'Gonca', 'last': 'Atakol'}, 'location': {'street': {'number': 2762, 'name': 'Talak Göktepe Cd'}, 'city': 'Tunceli', 'state': 'Bolu', 'country': 'Turkey', 'postcode': 93001, 'coordinates': {'latitude': '72.4163', 'longitude': '37.6670'}, 'timezone': {'offset': '+10:00', 'description': 'Eastern Australia, Guam, Vladivostok'}}, 'email': 'gonca.atakol@example.com', 'login': {'uuid': '717f44c2-e684-408b-a9d3-d257e0d64e2a', 'username': 'brownswan238', 'password': 'stereo', 'salt': 'zGtdIR4J', 'md5': '6f2ed263e6b5f758fac1ea0e4873ebc3', 'sha1': '28f676aac4b86e5d01edb3d32d7649577cd03402', 'sha256': '779026181ef2e2c72e053e439791ad5e242e41956246e7c04fafe6d94034626c'}, 'dob': {'date': '1964-12-05T06:08:09.161Z', 'age': 59}, 'registered': {'date': '2011-04-18T21:39:28.464Z', 'age': 13}, 'phone': '(084)-281-6330', 'cell': '(473)-572-5945', 'id': {'name': '', 'value': None}, 'picture': {'large': 'https://randomuser.me/api/portraits/women/90.jpg', 'medium': 'https://randomuser.me/api/portraits/med/women/90.jpg', 'thumbnail': 'https://randomuser.me/api/portraits/thumb/women/90.jpg'}, 'nat': 'TR'}</msg>
<arg>${json_data['results'][0]}</arg>
<doc>Logs the given message with the given level.</doc>
<status status="PASS" start="2024-07-02T10:16:08.353301" elapsed="0.000401"/>
</kw>
<kw name="Log" owner="BuiltIn">
<msg time="2024-07-02T10:16:08.354131" level="INFO">location</msg>
<arg>${key}</arg>
<doc>Logs the given message with the given level.</doc>
<status status="PASS" start="2024-07-02T10:16:08.354004" elapsed="0.000165"/>
</kw>
<var name="${key}">location</var>
<status status="PASS" start="2024-07-02T10:16:08.352634" elapsed="0.001748"/>
</iter>
<iter>
<kw name="Dictionary Should Contain Key" owner="Collections">
<arg>${json_data['results'][0]}</arg>
<arg>${key}</arg>
<doc>Fails if ``key`` is not found from ``dictionary``.</doc>
<status status="PASS" start="2024-07-02T10:16:08.354656" elapsed="0.000420"/>
</kw>
<kw name="Log" owner="BuiltIn">
<msg time="2024-07-02T10:16:08.355612" level="INFO">{'gender': 'female', 'name': {'title': 'Mrs', 'first': 'Gonca', 'last': 'Atakol'}, 'location': {'street': {'number': 2762, 'name': 'Talak Göktepe Cd'}, 'city': 'Tunceli', 'state': 'Bolu', 'country': 'Turkey', 'postcode': 93001, 'coordinates': {'latitude': '72.4163', 'longitude': '37.6670'}, 'timezone': {'offset': '+10:00', 'description': 'Eastern Australia, Guam, Vladivostok'}}, 'email': 'gonca.atakol@example.com', 'login': {'uuid': '717f44c2-e684-408b-a9d3-d257e0d64e2a', 'username': 'brownswan238', 'password': 'stereo', 'salt': 'zGtdIR4J', 'md5': '6f2ed263e6b5f758fac1ea0e4873ebc3', 'sha1': '28f676aac4b86e5d01edb3d32d7649577cd03402', 'sha256': '779026181ef2e2c72e053e439791ad5e242e41956246e7c04fafe6d94034626c'}, 'dob': {'date': '1964-12-05T06:08:09.161Z', 'age': 59}, 'registered': {'date': '2011-04-18T21:39:28.464Z', 'age': 13}, 'phone': '(084)-281-6330', 'cell': '(473)-572-5945', 'id': {'name': '', 'value': None}, 'picture': {'large': 'https://randomuser.me/api/portraits/women/90.jpg', 'medium': 'https://randomuser.me/api/portraits/med/women/90.jpg', 'thumbnail': 'https://randomuser.me/api/portraits/thumb/women/90.jpg'}, 'nat': 'TR'}</msg>
<arg>${json_data['results'][0]}</arg>
<doc>Logs the given message with the given level.</doc>
<status status="PASS" start="2024-07-02T10:16:08.355259" elapsed="0.000403"/>
</kw>
<kw name="Log" owner="BuiltIn">
<msg time="2024-07-02T10:16:08.356086" level="INFO">email</msg>
<arg>${key}</arg>
<doc>Logs the given message with the given level.</doc>
<status status="PASS" start="2024-07-02T10:16:08.355960" elapsed="0.000170"/>
</kw>
<var name="${key}">email</var>
<status status="PASS" start="2024-07-02T10:16:08.354551" elapsed="0.001802"/>
</iter>
<iter>
<kw name="Dictionary Should Contain Key" owner="Collections">
<arg>${json_data['results'][0]}</arg>
<arg>${key}</arg>
<doc>Fails if ``key`` is not found from ``dictionary``.</doc>
<status status="PASS" start="2024-07-02T10:16:08.356637" elapsed="0.000387"/>
</kw>
<kw name="Log" owner="BuiltIn">
<msg time="2024-07-02T10:16:08.357553" level="INFO">{'gender': 'female', 'name': {'title': 'Mrs', 'first': 'Gonca', 'last': 'Atakol'}, 'location': {'street': {'number': 2762, 'name': 'Talak Göktepe Cd'}, 'city': 'Tunceli', 'state': 'Bolu', 'country': 'Turkey', 'postcode': 93001, 'coordinates': {'latitude': '72.4163', 'longitude': '37.6670'}, 'timezone': {'offset': '+10:00', 'description': 'Eastern Australia, Guam, Vladivostok'}}, 'email': 'gonca.atakol@example.com', 'login': {'uuid': '717f44c2-e684-408b-a9d3-d257e0d64e2a', 'username': 'brownswan238', 'password': 'stereo', 'salt': 'zGtdIR4J', 'md5': '6f2ed263e6b5f758fac1ea0e4873ebc3', 'sha1': '28f676aac4b86e5d01edb3d32d7649577cd03402', 'sha256': '779026181ef2e2c72e053e439791ad5e242e41956246e7c04fafe6d94034626c'}, 'dob': {'date': '1964-12-05T06:08:09.161Z', 'age': 59}, 'registered': {'date': '2011-04-18T21:39:28.464Z', 'age': 13}, 'phone': '(084)-281-6330', 'cell': '(473)-572-5945', 'id': {'name': '', 'value': None}, 'picture': {'large': 'https://randomuser.me/api/portraits/women/90.jpg', 'medium': 'https://randomuser.me/api/portraits/med/women/90.jpg', 'thumbnail': 'https://randomuser.me/api/portraits/thumb/women/90.jpg'}, 'nat': 'TR'}</msg>
<arg>${json_data['results'][0]}</arg>
<doc>Logs the given message with the given level.</doc>
<status status="PASS" start="2024-07-02T10:16:08.357205" elapsed="0.000397"/>
</kw>
<kw name="Log" owner="BuiltIn">
<msg time="2024-07-02T10:16:08.358022" level="INFO">login</msg>
<arg>${key}</arg>
<doc>Logs the given message with the given level.</doc>
<status status="PASS" start="2024-07-02T10:16:08.357896" elapsed="0.000163"/>
</kw>
<var name="${key}">login</var>
<status status="PASS" start="2024-07-02T10:16:08.356523" elapsed="0.001748"/>
</iter>
<var>${key}</var>
<value>@{expected_keys}</value>
<status status="PASS" start="2024-07-02T10:16:08.348340" elapsed="0.010051"/>
</for>
<kw name="Create List" owner="BuiltIn">
<msg time="2024-07-02T10:16:08.358740" level="INFO">${expected_keysTwo} = ['username', 'password']</msg>
<var>${expected_keysTwo}</var>
<arg>username</arg>
<arg>password</arg>
<doc>Returns a list containing given items.</doc>
<status status="PASS" start="2024-07-02T10:16:08.358601" elapsed="0.000213"/>
</kw>
<for flavor="IN">
<iter>
<kw name="Dictionary Should Contain Key" owner="Collections">
<arg>${json_data['results'][0]['login']}</arg>
<arg>${keyTwo}</arg>
<doc>Fails if ``key`` is not found from ``dictionary``.</doc>
<status status="PASS" start="2024-07-02T10:16:08.359336" elapsed="0.000392"/>
</kw>
<kw name="Dictionary Should Contain Key" owner="Collections">
<arg>${json_data['results'][0]['login']}</arg>
<arg>${keyTwo}</arg>
<doc>Fails if ``key`` is not found from ``dictionary``.</doc>
<status status="PASS" start="2024-07-02T10:16:08.359914" elapsed="0.000371"/>
</kw>
<kw name="Log" owner="BuiltIn">
<msg time="2024-07-02T10:16:08.360590" level="INFO">username</msg>
<arg>${keyTwo}</arg>
<doc>Logs the given message with the given level.</doc>
<status status="PASS" start="2024-07-02T10:16:08.360468" elapsed="0.000159"/>
</kw>
<var name="${keyTwo}">username</var>
<status status="PASS" start="2024-07-02T10:16:08.359229" elapsed="0.001620"/>
</iter>
<iter>
<kw name="Dictionary Should Contain Key" owner="Collections">
<arg>${json_data['results'][0]['login']}</arg>
<arg>${keyTwo}</arg>
<doc>Fails if ``key`` is not found from ``dictionary``.</doc>
<status status="PASS" start="2024-07-02T10:16:08.361128" elapsed="0.000386"/>
</kw>
<kw name="Dictionary Should Contain Key" owner="Collections">
<arg>${json_data['results'][0]['login']}</arg>
<arg>${keyTwo}</arg>
<doc>Fails if ``key`` is not found from ``dictionary``.</doc>
<status status="PASS" start="2024-07-02T10:16:08.361691" elapsed="0.000365"/>
</kw>
<kw name="Log" owner="BuiltIn">
<msg time="2024-07-02T10:16:08.362346" level="INFO">password</msg>
<arg>${keyTwo}</arg>
<doc>Logs the given message with the given level.</doc>
<status status="PASS" start="2024-07-02T10:16:08.362228" elapsed="0.000160"/>
</kw>
<var name="${keyTwo}">password</var>
<status status="PASS" start="2024-07-02T10:16:08.361022" elapsed="0.001674"/>
</iter>
<var>${keyTwo}</var>
<value>@{expected_keysTwo}</value>
<status status="PASS" start="2024-07-02T10:16:08.359078" elapsed="0.003772"/>
</for>
<status status="PASS" start="2024-07-02T10:16:08.248730" elapsed="0.114262"/>
</kw>
<doc>Testa a estrutura da resposta da API.</doc>
<tag>testeEstruturaResposta</tag>
<status status="PASS" start="2024-07-02T10:16:08.248138" elapsed="0.115001"/>
</test>
<test id="s1-s1-t4" name="Validar tipos de dados" line="28">
<kw name="Teste de Tipos de Dados" owner="random-user-service">
<kw name="GET On Session" owner="RequestsLibrary">
<msg time="2024-07-02T10:16:08.435394" level="INFO">GET Request : url=https://randomuser.me/api 
 path_url=/api 
 headers={'User-Agent': 'python-requests/2.32.3', 'Accept-Encoding': 'gzip, deflate', 'Accept': '*/*', 'Connection': 'keep-alive'} 
 body=None 
 </msg>
<msg time="2024-07-02T10:16:08.435473" level="INFO">GET Response : url=https://randomuser.me/api 
 status=200, reason=OK 
 headers={'Date': 'Tue, 02 Jul 2024 10:16:08 GMT', 'Content-Type': 'application/json; charset=utf-8', 'Transfer-Encoding': 'chunked', 'Connection': 'keep-alive', 'X-Powered-By': 'Express', 'Access-Control-Allow-Origin': '*', 'Cache-Control': 'no-cache', 'ETag': 'W/"4a9-enIKMPtUiVXgLUQM+pvap2/M8d4"', 'Vary': 'Accept-Encoding', 'Content-Encoding': 'gzip', 'CF-Cache-Status': 'DYNAMIC', 'Report-To': '{"endpoints":[{"url":"https:\\/\\/a.nel.cloudflare.com\\/report\\/v4?s=LN%2FFbGBOFZbCXxRavVay1VZaPHBiSn%2FzaERcy2n%2FJf7HGyYDFEvVCfgtj1BJUhyUxfiWOnNRwGr8Nh7iOMBu0f4lULuNH3J7S0OakgJUoD29mmQcJWVDLodCCM4QmnY%2F"}],"group":"cf-nel","max_age":604800}', 'NEL': '{"success_fraction":0,"report_to":"cf-nel","max_age":604800}', 'Server': 'cloudflare', 'CF-RAY': '89cde0ec4ebb3b7a-IAD', 'alt-svc': 'h3=":443"; ma=86400'} 
 body={"results":[{"gender":"male","name":{"title":"Monsieur","first":"Nikolaus","last":"Mathieu"},"location":{"street":{"number":4802,"name":"Rue des Ecrivains"},"city":"Rebévelier","state":"St. Gallen","country":"Switzerland","postcode":6927,"coordinates":{"latitude":"-58.8624","longitude":"-80.2531"},"timezone":{"offset":"+4:00","description":"Abu Dhabi, Muscat, Baku, Tbilisi"}},"email":"nikolaus.mathieu@example.com","login":{"uuid":"ba97bbbe-bfc6-4ce6-b4fe-aa6daaf019b1","username":"yellowtiger708","password":"daman","salt":"T7UzX7zn","md5":"5a445c99fec19ad1bb3abec37d4f150f","sha1":"2c99dac3e8d87a9b7dab5ad9559572f2f57b7025","sha256":"53f7d4b67c9a2715d1b9e69744603f2b67eec0f6cc15986237260eefc2ec5980"},"dob":{"date":"1982-06-10T15:58:19.982Z","age":42},"registered":{"date":"2010-01-31T20:26:47.693Z","age":14},"phone":"078 901 57 03","cell":"076 323 19 36","id":{"name":"AVS","value":"756.4571.3055.09"},"picture":{"large":"https://randomuser.me/api/portraits/men/85.jpg","medium":"https://randomuser.me/api/portraits/med/men/85.jpg","thumbnail":"https://randomuser.me/api/portraits/thumb/men/85.jpg"},"nat":"CH"}],"info":{"seed":"f5c65588e6eec394","results":1,"page":1,"version":"1.4"}} 
 </msg>
<msg time="2024-07-02T10:16:08.435545" level="INFO">/opt/hostedtoolcache/Python/3.12.4/x64/lib/python3.12/site-packages/urllib3/connectionpool.py:1099: InsecureRequestWarning: Unverified HTTPS request is being made to host 'randomuser.me'. Adding certificate verification is strongly advised. See: https://urllib3.readthedocs.io/en/latest/advanced-usage.html#tls-warnings
  warnings.warn(</msg>
<msg time="2024-07-02T10:16:08.435657" level="INFO">${response} = &lt;Response [200]&gt;</msg>
<var>${response}</var>
<arg>consultarAPI</arg>
<arg>/api</arg>
<doc>Sends a GET request on a previously created HTTP Session.</doc>
<status status="PASS" start="2024-07-02T10:16:08.365649" elapsed="0.070059"/>
</kw>
<kw name="Set Variable" owner="BuiltIn">
<msg time="2024-07-02T10:16:08.436789" level="INFO">${json_data} = {'results': [{'gender': 'male', 'name': {'title': 'Monsieur', 'first': 'Nikolaus', 'last': 'Mathieu'}, 'location': {'street': {'number': 4802, 'name': 'Rue des Ecrivains'}, 'city': 'Rebévelier', 'stat...</msg>
<var>${json_data}</var>
<arg>${response.json()}</arg>
<doc>Returns the given values which can then be assigned to a variables.</doc>
<status status="PASS" start="2024-07-02T10:16:08.436207" elapsed="0.000612"/>
</kw>
<kw name="Log" owner="BuiltIn">
<msg time="2024-07-02T10:16:08.437296" level="INFO">{'results': [{'gender': 'male', 'name': {'title': 'Monsieur', 'first': 'Nikolaus', 'last': 'Mathieu'}, 'location': {'street': {'number': 4802, 'name': 'Rue des Ecrivains'}, 'city': 'Rebévelier', 'state': 'St. Gallen', 'country': 'Switzerland', 'postcode': 6927, 'coordinates': {'latitude': '-58.8624', 'longitude': '-80.2531'}, 'timezone': {'offset': '+4:00', 'description': 'Abu Dhabi, Muscat, Baku, Tbilisi'}}, 'email': 'nikolaus.mathieu@example.com', 'login': {'uuid': 'ba97bbbe-bfc6-4ce6-b4fe-aa6daaf019b1', 'username': 'yellowtiger708', 'password': 'daman', 'salt': 'T7UzX7zn', 'md5': '5a445c99fec19ad1bb3abec37d4f150f', 'sha1': '2c99dac3e8d87a9b7dab5ad9559572f2f57b7025', 'sha256': '53f7d4b67c9a2715d1b9e69744603f2b67eec0f6cc15986237260eefc2ec5980'}, 'dob': {'date': '1982-06-10T15:58:19.982Z', 'age': 42}, 'registered': {'date': '2010-01-31T20:26:47.693Z', 'age': 14}, 'phone': '078 901 57 03', 'cell': '076 323 19 36', 'id': {'name': 'AVS', 'value': '756.4571.3055.09'}, 'picture': {'large': 'https://randomuser.me/api/portraits/men/85.jpg', 'medium': 'https://randomuser.me/api/portraits/med/men/85.jpg', 'thumbnail': 'https://randomuser.me/api/portraits/thumb/men/85.jpg'}, 'nat': 'CH'}], 'info': {'seed': 'f5c65588e6eec394', 'results': 1, 'page': 1, 'version': '1.4'}}</msg>
<arg>${json_data}</arg>
<doc>Logs the given message with the given level.</doc>
<status status="PASS" start="2024-07-02T10:16:08.437137" elapsed="0.000212"/>
</kw>
<kw name="Should Be String" owner="String">
<arg>${json_data['results'][0]['gender']}</arg>
<doc>Fails if the given ``item`` is not a string.</doc>
<status status="PASS" start="2024-07-02T10:16:08.437639" elapsed="0.000368"/>
</kw>
<kw name="Should Match Regexp" owner="BuiltIn">
<arg>${json_data['results'][0]['email']}</arg>
<arg>^[a-zA-Z0-9._%+-]+@[a-zA-Z0-9.-]+\.[a-zA-Z]{2,}$</arg>
<doc>Fails if ``string`` does not match ``pattern`` as a regular expression.</doc>
<status status="PASS" start="2024-07-02T10:16:08.438198" elapsed="0.000547"/>
</kw>
<kw name="Should Match Regexp" owner="BuiltIn">
<arg>${json_data['results'][0]['dob']['date']}</arg>
<arg>\\d{4}-\\d{2}-\\d{2}T\\d{2}:\\d{2}:\\d{2}\\.\\d{3}Z</arg>
<doc>Fails if ``string`` does not match ``pattern`` as a regular expression.</doc>
<status status="PASS" start="2024-07-02T10:16:08.438991" elapsed="0.000482"/>
</kw>
<kw name="Should Match Regexp" owner="BuiltIn">
<arg>${json_data['results'][0]['registered']['date']}</arg>
<arg>\\d{4}-\\d{2}-\\d{2}T\\d{2}:\\d{2}:\\d{2}\\.\\d{3}Z</arg>
<doc>Fails if ``string`` does not match ``pattern`` as a regular expression.</doc>
<status status="PASS" start="2024-07-02T10:16:08.439664" elapsed="0.000367"/>
</kw>
<kw name="Should Match Regexp" owner="BuiltIn">
<arg>${json_data['results'][0]['picture']['large']}</arg>
<arg>^https?://.*\.(?:png|jpe?g|gif|bmp)$</arg>
<doc>Fails if ``string`` does not match ``pattern`` as a regular expression.</doc>
<status status="PASS" start="2024-07-02T10:16:08.440211" elapsed="0.000457"/>
</kw>
<kw name="Should Match Regexp" owner="BuiltIn">
<arg>${json_data['results'][0]['picture']['medium']}</arg>
<arg>^https?://.*\.(?:png|jpe?g|gif|bmp)$</arg>
<doc>Fails if ``string`` does not match ``pattern`` as a regular expression.</doc>
<status status="PASS" start="2024-07-02T10:16:08.440850" elapsed="0.000346"/>
</kw>
<kw name="Should Match Regexp" owner="BuiltIn">
<arg>${json_data['results'][0]['picture']['thumbnail']}</arg>
<arg>^https?://.*\.(?:png|jpe?g|gif|bmp)$</arg>
<doc>Fails if ``string`` does not match ``pattern`` as a regular expression.</doc>
<status status="PASS" start="2024-07-02T10:16:08.441399" elapsed="0.000353"/>
</kw>
<kw name="Log" owner="BuiltIn">
<msg time="2024-07-02T10:16:08.442260" level="INFO">{'large': 'https://randomuser.me/api/portraits/men/85.jpg', 'medium': 'https://randomuser.me/api/portraits/med/men/85.jpg', 'thumbnail': 'https://randomuser.me/api/portraits/thumb/men/85.jpg'}</msg>
<arg>${json_data['results'][0]['picture']}</arg>
<doc>Logs the given message with the given level.</doc>
<status status="PASS" start="2024-07-02T10:16:08.441935" elapsed="0.000367"/>
</kw>
<status status="PASS" start="2024-07-02T10:16:08.365429" elapsed="0.077124"/>
</kw>
<kw name="Teste de Tipos de Dados - Postcode" owner="random-user-service">
<kw name="GET On Session" owner="RequestsLibrary">
<msg time="2024-07-02T10:16:08.549408" level="INFO">GET Request : url=https://randomuser.me/api 
 path_url=/api 
 headers={'User-Agent': 'python-requests/2.32.3', 'Accept-Encoding': 'gzip, deflate', 'Accept': '*/*', 'Connection': 'keep-alive'} 
 body=None 
 </msg>
<msg time="2024-07-02T10:16:08.549494" level="INFO">GET Response : url=https://randomuser.me/api 
 status=200, reason=OK 
 headers={'Date': 'Tue, 02 Jul 2024 10:16:08 GMT', 'Content-Type': 'application/json; charset=utf-8', 'Transfer-Encoding': 'chunked', 'Connection': 'keep-alive', 'X-Powered-By': 'Express', 'Access-Control-Allow-Origin': '*', 'Cache-Control': 'no-cache', 'ETag': 'W/"473-939+T+pc/P30wbUeP+CMAIK4cng"', 'Vary': 'Accept-Encoding', 'Content-Encoding': 'gzip', 'CF-Cache-Status': 'DYNAMIC', 'Report-To': '{"endpoints":[{"url":"https:\\/\\/a.nel.cloudflare.com\\/report\\/v4?s=jc%2FD8zw5wKHt5Xe7FC2VFLeDMrlSiqKUoHwbUB1%2Fo2A9ZzGHHRDVx3va5Mx9Ik%2FcHXkorAaoePIl%2F9MkUn5TyEAMsCfY%2FSawbHgpl1CzgZQJyMdN3hbfLOu3sjJhBvAS"}],"group":"cf-nel","max_age":604800}', 'NEL': '{"success_fraction":0,"report_to":"cf-nel","max_age":604800}', 'Server': 'cloudflare', 'CF-RAY': '89cde0eccf433b7a-IAD', 'alt-svc': 'h3=":443"; ma=86400'} 
 body={"results":[{"gender":"female","name":{"title":"Ms","first":"Helmi","last":"Kalm"},"location":{"street":{"number":3133,"name":"Siilitie"},"city":"Viitasaari","state":"Pirkanmaa","country":"Finland","postcode":76320,"coordinates":{"latitude":"-23.6179","longitude":"145.3710"},"timezone":{"offset":"-9:00","description":"Alaska"}},"email":"helmi.kalm@example.com","login":{"uuid":"43d25df9-b2f2-4184-950d-8cb701784440","username":"smallleopard799","password":"1022","salt":"i0igHpuu","md5":"0d05f0edeebcfe45210230c0f7754ea1","sha1":"0e71480846a73daaa4009b2b7b0bf41786c8e8a0","sha256":"2d551d7718517ac2e60aa512f224d1258a499c32d0aeeb50b728725fa39e5dd1"},"dob":{"date":"1984-05-09T15:19:52.144Z","age":40},"registered":{"date":"2011-10-17T18:07:49.159Z","age":12},"phone":"02-453-330","cell":"042-198-96-84","id":{"name":"HETU","value":"NaNNA576undefined"},"picture":{"large":"https://randomuser.me/api/portraits/women/0.jpg","medium":"https://randomuser.me/api/portraits/med/women/0.jpg","thumbnail":"https://randomuser.me/api/portraits/thumb/women/0.jpg"},"nat":"FI"}],"info":{"seed":"b0538a375e73810e","results":1,"page":1,"version":"1.4"}} 
 </msg>
<msg time="2024-07-02T10:16:08.549564" level="INFO">/opt/hostedtoolcache/Python/3.12.4/x64/lib/python3.12/site-packages/urllib3/connectionpool.py:1099: InsecureRequestWarning: Unverified HTTPS request is being made to host 'randomuser.me'. Adding certificate verification is strongly advised. See: https://urllib3.readthedocs.io/en/latest/advanced-usage.html#tls-warnings
  warnings.warn(</msg>
<msg time="2024-07-02T10:16:08.549674" level="INFO">${response} = &lt;Response [200]&gt;</msg>
<var>${response}</var>
<arg>consultarAPI</arg>
<arg>/api</arg>
<doc>Sends a GET request on a previously created HTTP Session.</doc>
<status status="PASS" start="2024-07-02T10:16:08.443007" elapsed="0.106710"/>
</kw>
<kw name="Set Variable" owner="BuiltIn">
<msg time="2024-07-02T10:16:08.550648" level="INFO">${json_data} = {'results': [{'gender': 'female', 'name': {'title': 'Ms', 'first': 'Helmi', 'last': 'Kalm'}, 'location': {'street': {'number': 3133, 'name': 'Siilitie'}, 'city': 'Viitasaari', 'state': 'Pirkanmaa', 'c...</msg>
<var>${json_data}</var>
<arg>${response.json()}</arg>
<doc>Returns the given values which can then be assigned to a variables.</doc>
<status status="PASS" start="2024-07-02T10:16:08.550184" elapsed="0.000492"/>
</kw>
<kw name="Log" owner="BuiltIn">
<msg time="2024-07-02T10:16:08.551167" level="INFO">{'results': [{'gender': 'female', 'name': {'title': 'Ms', 'first': 'Helmi', 'last': 'Kalm'}, 'location': {'street': {'number': 3133, 'name': 'Siilitie'}, 'city': 'Viitasaari', 'state': 'Pirkanmaa', 'country': 'Finland', 'postcode': 76320, 'coordinates': {'latitude': '-23.6179', 'longitude': '145.3710'}, 'timezone': {'offset': '-9:00', 'description': 'Alaska'}}, 'email': 'helmi.kalm@example.com', 'login': {'uuid': '43d25df9-b2f2-4184-950d-8cb701784440', 'username': 'smallleopard799', 'password': '1022', 'salt': 'i0igHpuu', 'md5': '0d05f0edeebcfe45210230c0f7754ea1', 'sha1': '0e71480846a73daaa4009b2b7b0bf41786c8e8a0', 'sha256': '2d551d7718517ac2e60aa512f224d1258a499c32d0aeeb50b728725fa39e5dd1'}, 'dob': {'date': '1984-05-09T15:19:52.144Z', 'age': 40}, 'registered': {'date': '2011-10-17T18:07:49.159Z', 'age': 12}, 'phone': '02-453-330', 'cell': '042-198-96-84', 'id': {'name': 'HETU', 'value': 'NaNNA576undefined'}, 'picture': {'large': 'https://randomuser.me/api/portraits/women/0.jpg', 'medium': 'https://randomuser.me/api/portraits/med/women/0.jpg', 'thumbnail': 'https://randomuser.me/api/portraits/thumb/women/0.jpg'}, 'nat': 'FI'}], 'info': {'seed': 'b0538a375e73810e', 'results': 1, 'page': 1, 'version': '1.4'}}</msg>
<arg>${json_data}</arg>
<doc>Logs the given message with the given level.</doc>
<status status="PASS" start="2024-07-02T10:16:08.551009" elapsed="0.000203"/>
</kw>
<kw name="Should Be Equal As Numbers" owner="BuiltIn">
<arg>${json_data['results'][0]['location']['postcode']}</arg>
<arg>${json_data['results'][0]['location']['postcode']}</arg>
<doc>Fails if objects are unequal after converting them to real numbers.</doc>
<status status="PASS" start="2024-07-02T10:16:08.551503" elapsed="0.000613"/>
</kw>
<kw name="Log" owner="BuiltIn">
<msg time="2024-07-02T10:16:08.552776" level="INFO">76320</msg>
<arg>${json_data['results'][0]['location']['postcode']}</arg>
<doc>Logs the given message with the given level.</doc>
<status status="PASS" start="2024-07-02T10:16:08.552308" elapsed="0.000509"/>
</kw>
<status status="PASS" start="2024-07-02T10:16:08.442764" elapsed="0.110327"/>
</kw>
<doc>Testa se os tipos de dados na resposta da API estão corretos.</doc>
<tag>testeTiposDados</tag>
<status status="PASS" start="2024-07-02T10:16:08.364874" elapsed="0.188375"/>
</test>
<test id="s1-s1-t5" name="Validar conteudo" line="35">
<kw name="Teste de Tipos de Conteudo" owner="random-user-service">
<kw name="GET On Session" owner="RequestsLibrary">
<msg time="2024-07-02T10:16:08.637687" level="INFO">GET Request : url=https://randomuser.me/api 
 path_url=/api 
 headers={'User-Agent': 'python-requests/2.32.3', 'Accept-Encoding': 'gzip, deflate', 'Accept': '*/*', 'Connection': 'keep-alive'} 
 body=None 
 </msg>
<msg time="2024-07-02T10:16:08.637781" level="INFO">GET Response : url=https://randomuser.me/api 
 status=200, reason=OK 
 headers={'Date': 'Tue, 02 Jul 2024 10:16:08 GMT', 'Content-Type': 'application/json; charset=utf-8', 'Transfer-Encoding': 'chunked', 'Connection': 'keep-alive', 'X-Powered-By': 'Express', 'Access-Control-Allow-Origin': '*', 'Cache-Control': 'no-cache', 'ETag': 'W/"497-hGS7ZGlSUQ/v4f6+Dxt6EXKOftM"', 'Vary': 'Accept-Encoding', 'Content-Encoding': 'gzip', 'CF-Cache-Status': 'DYNAMIC', 'Report-To': '{"endpoints":[{"url":"https:\\/\\/a.nel.cloudflare.com\\/report\\/v4?s=BA3YeW8hsvx4eXHdh0thKF5JBYpPDsavlYtsCSfNc4vX7nq484B6i9ne40sINmMRBeszzFNDOK5sXXXl0Pq0iNJZH7x5P1lbCekc%2FKIgMgDQocqRJrLGLseM3GFZpLis"}],"group":"cf-nel","max_age":604800}', 'NEL': '{"success_fraction":0,"report_to":"cf-nel","max_age":604800}', 'Server': 'cloudflare', 'CF-RAY': '89cde0ed7ff63b7a-IAD', 'alt-svc': 'h3=":443"; ma=86400'} 
 body={"results":[{"gender":"female","name":{"title":"Ms","first":"Addison","last":"Chambers"},"location":{"street":{"number":3900,"name":"W 6th St"},"city":"Roseville","state":"North Dakota","country":"United States","postcode":44737,"coordinates":{"latitude":"82.1623","longitude":"2.0814"},"timezone":{"offset":"+6:00","description":"Almaty, Dhaka, Colombo"}},"email":"addison.chambers@example.com","login":{"uuid":"02dc6dca-687a-44bc-81ff-405075e2a642","username":"yellowfish105","password":"wildcard","salt":"IDOsUVcf","md5":"84e2860b6e0018c92dabd1bcfe77c662","sha1":"9310dd52ac8f6b3c94524c70af40ffebfc3a58cc","sha256":"d866dae64e58a08d5489268de7c3ae910ca21b0f119b44ef3874f0153c19742c"},"dob":{"date":"1965-06-11T06:07:53.028Z","age":59},"registered":{"date":"2002-08-31T06:22:42.831Z","age":21},"phone":"(491) 742-1850","cell":"(629) 453-9313","id":{"name":"SSN","value":"775-48-9143"},"picture":{"large":"https://randomuser.me/api/portraits/women/42.jpg","medium":"https://randomuser.me/api/portraits/med/women/42.jpg","thumbnail":"https://randomuser.me/api/portraits/thumb/women/42.jpg"},"nat":"US"}],"info":{"seed":"da899c4366445e18","results":1,"page":1,"version":"1.4"}} 
 </msg>
<msg time="2024-07-02T10:16:08.637858" level="INFO">/opt/hostedtoolcache/Python/3.12.4/x64/lib/python3.12/site-packages/urllib3/connectionpool.py:1099: InsecureRequestWarning: Unverified HTTPS request is being made to host 'randomuser.me'. Adding certificate verification is strongly advised. See: https://urllib3.readthedocs.io/en/latest/advanced-usage.html#tls-warnings
  warnings.warn(</msg>
<msg time="2024-07-02T10:16:08.637978" level="INFO">${response} = &lt;Response [200]&gt;</msg>
<var>${response}</var>
<arg>consultarAPI</arg>
<arg>/api</arg>
<doc>Sends a GET request on a previously created HTTP Session.</doc>
<status status="PASS" start="2024-07-02T10:16:08.555947" elapsed="0.082073"/>
</kw>
<kw name="Set Variable" owner="BuiltIn">
<msg time="2024-07-02T10:16:08.638987" level="INFO">${json_data} = {'results': [{'gender': 'female', 'name': {'title': 'Ms', 'first': 'Addison', 'last': 'Chambers'}, 'location': {'street': {'number': 3900, 'name': 'W 6th St'}, 'city': 'Roseville', 'state': 'North Dak...</msg>
<var>${json_data}</var>
<arg>${response.json()}</arg>
<doc>Returns the given values which can then be assigned to a variables.</doc>
<status status="PASS" start="2024-07-02T10:16:08.638502" elapsed="0.000513"/>
</kw>
<kw name="Set Variable" owner="BuiltIn">
<msg time="2024-07-02T10:16:08.639690" level="INFO">${name_title} = Ms</msg>
<var>${name_title}</var>
<arg>${json_data["results"][0]["name"]["title"]}</arg>
<doc>Returns the given values which can then be assigned to a variables.</doc>
<status status="PASS" start="2024-07-02T10:16:08.639314" elapsed="0.000400"/>
</kw>
<kw name="Create List" owner="BuiltIn">
<msg time="2024-07-02T10:16:08.640158" level="INFO">${allowed_titles} = ['Mr', 'Ms', 'Miss', 'Mrs', 'Madame', 'Monsieur']</msg>
<var>${allowed_titles}</var>
<arg>Mr</arg>
<arg>Ms</arg>
<arg>Miss</arg>
<arg>Mrs</arg>
<arg>Madame</arg>
<arg>Monsieur</arg>
<doc>Returns a list containing given items.</doc>
<status status="PASS" start="2024-07-02T10:16:08.640013" elapsed="0.000168"/>
</kw>
<kw name="List Should Contain Value" owner="Collections">
<arg>${allowed_titles}</arg>
<arg>${name_title}</arg>
<doc>Fails if the ``value`` is not found from ``list``.</doc>
<status status="PASS" start="2024-07-02T10:16:08.640475" elapsed="0.000173"/>
</kw>
<kw name="Set Variable" owner="BuiltIn">
<msg time="2024-07-02T10:16:08.641197" level="INFO">${name_country} = US</msg>
<var>${name_country}</var>
<arg>${json_data["results"][0]["nat"]}</arg>
<doc>Returns the given values which can then be assigned to a variables.</doc>
<status status="PASS" start="2024-07-02T10:16:08.640825" elapsed="0.000397"/>
</kw>
<kw name="Create List" owner="BuiltIn">
<msg time="2024-07-02T10:16:08.642104" level="INFO">${list_country} = ['AD', 'AE', 'AF', 'AG', 'AI', 'AL', 'AM', 'AO', 'AQ', 'AR', 'AS', 'AT', 'AU', 'AW', 'AX', 'AZ', 'BA', 'BB', 'BD', 'BE', 'BF', 'BG', 'BH', 'BI', 'BJ', 'BL', 'BM', 'BN', 'BO', 'BQ', 'BR', 'BS', 'BT', '...</msg>
<var>${list_country}</var>
<arg>AD</arg>
<arg>AE</arg>
<arg>AF</arg>
<arg>AG</arg>
<arg>AI</arg>
<arg>AL</arg>
<arg>AM</arg>
<arg>AO</arg>
<arg>AQ</arg>
<arg>AR</arg>
<arg>AS</arg>
<arg>AT</arg>
<arg>AU</arg>
<arg>AW</arg>
<arg>AX</arg>
<arg>AZ</arg>
<arg>BA</arg>
<arg>BB</arg>
<arg>BD</arg>
<arg>BE</arg>
<arg>BF</arg>
<arg>BG</arg>
<arg>BH</arg>
<arg>BI</arg>
<arg>BJ</arg>
<arg>BL</arg>
<arg>BM</arg>
<arg>BN</arg>
<arg>BO</arg>
<arg>BQ</arg>
<arg>BR</arg>
<arg>BS</arg>
<arg>BT</arg>
<arg>BV</arg>
<arg>BW</arg>
<arg>BY</arg>
<arg>BZ</arg>
<arg>CA</arg>
<arg>CC</arg>
<arg>CD</arg>
<arg>CF</arg>
<arg>CG</arg>
<arg>CH</arg>
<arg>CI</arg>
<arg>CK</arg>
<arg>CL</arg>
<arg>CM</arg>
<arg>CN</arg>
<arg>CO</arg>
<arg>CR</arg>
<arg>CU</arg>
<arg>CV</arg>
<arg>CW</arg>
<arg>CX</arg>
<arg>CY</arg>
<arg>CZ</arg>
<arg>DE</arg>
<arg>DJ</arg>
<arg>DK</arg>
<arg>DM</arg>
<arg>DO</arg>
<arg>DZ</arg>
<arg>EC</arg>
<arg>EE</arg>
<arg>EG</arg>
<arg>EH</arg>
<arg>ER</arg>
<arg>ES</arg>
<arg>ET</arg>
<arg>FI</arg>
<arg>FJ</arg>
<arg>FK</arg>
<arg>FM</arg>
<arg>FO</arg>
<arg>FR</arg>
<arg>GA</arg>
<arg>GB</arg>
<arg>GD</arg>
<arg>GE</arg>
<arg>GF</arg>
<arg>GG</arg>
<arg>GH</arg>
<arg>GI</arg>
<arg>GL</arg>
<arg>GM</arg>
<arg>GN</arg>
<arg>GP</arg>
<arg>GQ</arg>
<arg>GR</arg>
<arg>GS</arg>
<arg>GT</arg>
<arg>GU</arg>
<arg>GW</arg>
<arg>GY</arg>
<arg>HK</arg>
<arg>HM</arg>
<arg>HN</arg>
<arg>HR</arg>
<arg>HT</arg>
<arg>HU</arg>
<arg>ID</arg>
<arg>IE</arg>
<arg>IL</arg>
<arg>IM</arg>
<arg>IN</arg>
<arg>IO</arg>
<arg>IQ</arg>
<arg>IR</arg>
<arg>IS</arg>
<arg>IT</arg>
<arg>JE</arg>
<arg>JM</arg>
<arg>JO</arg>
<arg>JP</arg>
<arg>KE</arg>
<arg>KG</arg>
<arg>KH</arg>
<arg>KI</arg>
<arg>KM</arg>
<arg>KN</arg>
<arg>KP</arg>
<arg>KR</arg>
<arg>KW</arg>
<arg>KY</arg>
<arg>KZ</arg>
<arg>LA</arg>
<arg>LB</arg>
<arg>LC</arg>
<arg>LI</arg>
<arg>LK</arg>
<arg>LR</arg>
<arg>LS</arg>
<arg>LT</arg>
<arg>LU</arg>
<arg>LV</arg>
<arg>LY</arg>
<arg>MA</arg>
<arg>MC</arg>
<arg>MD</arg>
<arg>ME</arg>
<arg>MF</arg>
<arg>MG</arg>
<arg>MH</arg>
<arg>MK</arg>
<arg>ML</arg>
<arg>MM</arg>
<arg>MN</arg>
<arg>MO</arg>
<arg>MP</arg>
<arg>MQ</arg>
<arg>MR</arg>
<arg>MS</arg>
<arg>MT</arg>
<arg>MU</arg>
<arg>MV</arg>
<arg>MW</arg>
<arg>MX</arg>
<arg>MY</arg>
<arg>MZ</arg>
<arg>NA</arg>
<arg>NC</arg>
<arg>NE</arg>
<arg>NF</arg>
<arg>NG</arg>
<arg>NI</arg>
<arg>NL</arg>
<arg>NO</arg>
<arg>NP</arg>
<arg>NR</arg>
<arg>NU</arg>
<arg>NZ</arg>
<arg>OM</arg>
<arg>PA</arg>
<arg>PE</arg>
<arg>PF</arg>
<arg>PG</arg>
<arg>PH</arg>
<arg>PK</arg>
<arg>PL</arg>
<arg>PM</arg>
<arg>PN</arg>
<arg>PR</arg>
<arg>PS</arg>
<arg>PT</arg>
<arg>PW</arg>
<arg>PY</arg>
<arg>QA</arg>
<arg>RE</arg>
<arg>RO</arg>
<arg>RS</arg>
<arg>RU</arg>
<arg>RW</arg>
<arg>SA</arg>
<arg>SB</arg>
<arg>SC</arg>
<arg>SD</arg>
<arg>SE</arg>
<arg>SG</arg>
<arg>SH</arg>
<arg>SI</arg>
<arg>SJ</arg>
<arg>SK</arg>
<arg>SL</arg>
<arg>SM</arg>
<arg>SN</arg>
<arg>SO</arg>
<arg>SR</arg>
<arg>SS</arg>
<arg>ST</arg>
<arg>SV</arg>
<arg>SX</arg>
<arg>SY</arg>
<arg>SZ</arg>
<arg>TC</arg>
<arg>TD</arg>
<arg>TF</arg>
<arg>TG</arg>
<arg>TH</arg>
<arg>TJ</arg>
<arg>TK</arg>
<arg>TL</arg>
<arg>TM</arg>
<arg>TN</arg>
<arg>TO</arg>
<arg>TR</arg>
<arg>TT</arg>
<arg>TV</arg>
<arg>TW</arg>
<arg>TZ</arg>
<arg>UA</arg>
<arg>UG</arg>
<arg>UM</arg>
<arg>US</arg>
<arg>UY</arg>
<arg>UZ</arg>
<arg>VA</arg>
<arg>VC</arg>
<arg>VE</arg>
<arg>VG</arg>
<arg>VI</arg>
<arg>VN</arg>
<arg>VU</arg>
<arg>WF</arg>
<arg>WS</arg>
<arg>XK</arg>
<arg>YE</arg>
<arg>YT</arg>
<arg>ZA</arg>
<arg>ZM</arg>
<arg>ZW</arg>
<doc>Returns a list containing given items.</doc>
<status status="PASS" start="2024-07-02T10:16:08.641514" elapsed="0.000616"/>
</kw>
<kw name="List Should Contain Value" owner="Collections">
<arg>${list_country}</arg>
<arg>${name_country}</arg>
<doc>Fails if the ``value`` is not found from ``list``.</doc>
<status status="PASS" start="2024-07-02T10:16:08.642949" elapsed="0.000202"/>
</kw>
<kw name="Run Keyword If" owner="BuiltIn">
<kw name="Should Be True" owner="BuiltIn">
<arg>${True}</arg>
<doc>Fails if the given condition is not true.</doc>
<status status="PASS" start="2024-07-02T10:16:08.644072" elapsed="0.000139"/>
</kw>
<arg>${json_data["results"][0]["location"]["coordinates"]["latitude"]} &gt;= -90 and ${json_data["results"][0]["location"]["coordinates"]["latitude"]} &lt;= 90</arg>
<arg>Should Be True</arg>
<arg>${True}</arg>
<doc>Runs the given keyword with the given arguments, if ``condition`` is true.</doc>
<status status="PASS" start="2024-07-02T10:16:08.643341" elapsed="0.000993"/>
</kw>
<kw name="Run Keyword If" owner="BuiltIn">
<kw name="Should Be True" owner="BuiltIn">
<arg>${True}</arg>
<doc>Fails if the given condition is not true.</doc>
<status status="PASS" start="2024-07-02T10:16:08.645198" elapsed="0.000230"/>
</kw>
<arg>${json_data["results"][0]["location"]["coordinates"]["longitude"]} &gt;= -180 and ${json_data["results"][0]["location"]["coordinates"]["longitude"]} &lt;= 180</arg>
<arg>Should Be True</arg>
<arg>${True}</arg>
<doc>Runs the given keyword with the given arguments, if ``condition`` is true.</doc>
<status status="PASS" start="2024-07-02T10:16:08.644510" elapsed="0.001046"/>
</kw>
<status status="PASS" start="2024-07-02T10:16:08.555592" elapsed="0.090091"/>
</kw>
<doc>Testa o conteúdo específico dos campos retornados pela API.</doc>
<tag>testeConteudo</tag>
<status status="PASS" start="2024-07-02T10:16:08.554971" elapsed="0.090855"/>
</test>
<status status="PASS" start="2024-07-02T10:16:07.710530" elapsed="0.937277"/>
</suite>
<status status="PASS" start="2024-07-02T10:16:07.695877" elapsed="0.956902"/>
</suite>
<statistics>
<total>
<stat pass="5" fail="0" skip="0">All Tests</stat>
</total>
<tag>
<stat pass="1" fail="0" skip="0">testeConteudo</stat>
<stat pass="1" fail="0" skip="0">testeEstruturaResposta</stat>
<stat pass="1" fail="0" skip="0">testeRequisicaoBasica</stat>
<stat pass="1" fail="0" skip="0">testeTiposDados</stat>
</tag>
<suite>
<stat pass="5" fail="0" skip="0" id="s1" name="Tests">Tests</stat>
<stat pass="5" fail="0" skip="0" id="s1-s1" name="Random-User-Test">Tests.Random-User-Test</stat>
</suite>
</statistics>
<errors>
</errors>
</robot>
