<?xml version="1.0" encoding="UTF-8"?>
<robot generator="Robot 7.0.1 (Python 3.12.4 on linux)" generated="2024-08-10T15:16:32.851337" rpa="false" schemaversion="5">
<suite id="s1" name="Tests" source="/home/runner/work/ApiRandomUser/ApiRandomUser/RamdonUser/tests">
<suite id="s1-s1" name="Random-User-Test" source="/home/runner/work/ApiRandomUser/ApiRandomUser/RamdonUser/tests/random-user-test.robot">
<test id="s1-s1-t1" name="Conectar" line="13">
<kw name="Conectar API" owner="random-user-service">
<kw name="Create Session" owner="RequestsLibrary">
<msg time="2024-08-10T15:16:33.287858" level="INFO">Creating Session using : alias=consultarAPI, url=https://randomuser.me/, headers={},                     cookies={}, auth=None, timeout=None, proxies=None, verify=False,                     debug=0 </msg>
<arg>consultarAPI</arg>
<arg>${URL}</arg>
<doc>Create Session: create a HTTP session to a server</doc>
<status status="PASS" start="2024-08-10T15:16:33.287662" elapsed="0.000365"/>
</kw>
<status status="PASS" start="2024-08-10T15:16:33.286648" elapsed="0.001730"/>
</kw>
<status status="PASS" start="2024-08-10T15:16:33.286121" elapsed="0.002454"/>
</test>
<test id="s1-s1-t2" name="Validar retorno 200 e JSON Válido" line="16">
<kw name="Teste de Requisicao Basica" owner="random-user-service">
<kw name="GET On Session" owner="RequestsLibrary">
<msg time="2024-08-10T15:16:33.586406" level="INFO">GET Request : url=https://randomuser.me/api 
 path_url=/api 
 headers={'User-Agent': 'python-requests/2.32.3', 'Accept-Encoding': 'gzip, deflate', 'Accept': '*/*', 'Connection': 'keep-alive'} 
 body=None 
 </msg>
<msg time="2024-08-10T15:16:33.586571" level="INFO">GET Response : url=https://randomuser.me/api 
 status=200, reason=OK 
 headers={'Date': 'Sat, 10 Aug 2024 15:16:33 GMT', 'Content-Type': 'application/json; charset=utf-8', 'Transfer-Encoding': 'chunked', 'Connection': 'keep-alive', 'X-Powered-By': 'Express', 'Access-Control-Allow-Origin': '*', 'Cache-Control': 'no-cache', 'ETag': 'W/"487-G/tuGWjoFEI6RK5weR5u1AxUhv8"', 'Vary': 'Accept-Encoding', 'Content-Encoding': 'gzip', 'CF-Cache-Status': 'DYNAMIC', 'Report-To': '{"endpoints":[{"url":"https:\\/\\/a.nel.cloudflare.com\\/report\\/v4?s=xaAdeo2bUd45FQMskjma9l1qGWBQcVArm4okj%2BRGiCgvzvBTB4cf%2BP8Ng4MPY5q6RUePsq50LpmeTJOAEYfeKynn%2BzLv040EaC7Xl0Y7CPxs7O2CUZ%2F7JQkzIBHAsGfu"}],"group":"cf-nel","max_age":604800}', 'NEL': '{"success_fraction":0,"report_to":"cf-nel","max_age":604800}', 'Server': 'cloudflare', 'CF-RAY': '8b10f29cfbb21fd6-IAD', 'alt-svc': 'h3=":443"; ma=86400'} 
 body={"results":[{"gender":"female","name":{"title":"Mrs","first":"Hailey","last":"Olson"},"location":{"street":{"number":6626,"name":"James St"},"city":"Sydney","state":"New South Wales","country":"Australia","postcode":6188,"coordinates":{"latitude":"-85.3721","longitude":"141.6666"},"timezone":{"offset":"+6:00","description":"Almaty, Dhaka, Colombo"}},"email":"hailey.olson@example.com","login":{"uuid":"6aaca6c2-766f-4b5c-9e00-35704c8fc68c","username":"angryelephant395","password":"1007","salt":"xx8RwWe3","md5":"4226d4356d1c73f2ab78434d454a9cb1","sha1":"d0a6b5810d3689575f5fa603ddb7c5ebc2037317","sha256":"b0164116f489bce7423ede08aae07f020901643538df112f11e0f9290e9eea9d"},"dob":{"date":"1971-02-28T19:06:11.144Z","age":53},"registered":{"date":"2002-07-20T18:54:30.712Z","age":22},"phone":"08-5973-5752","cell":"0429-931-550","id":{"name":"TFN","value":"142174752"},"picture":{"large":"https://randomuser.me/api/portraits/women/29.jpg","medium":"https://randomuser.me/api/portraits/med/women/29.jpg","thumbnail":"https://randomuser.me/api/portraits/thumb/women/29.jpg"},"nat":"AU"}],"info":{"seed":"4949fc9ea4b03f79","results":1,"page":1,"version":"1.4"}} 
 </msg>
<msg time="2024-08-10T15:16:33.586652" level="INFO">/opt/hostedtoolcache/Python/3.12.4/x64/lib/python3.12/site-packages/urllib3/connectionpool.py:1099: InsecureRequestWarning: Unverified HTTPS request is being made to host 'randomuser.me'. Adding certificate verification is strongly advised. See: https://urllib3.readthedocs.io/en/latest/advanced-usage.html#tls-warnings
  warnings.warn(</msg>
<msg time="2024-08-10T15:16:33.586791" level="INFO">${response} = &lt;Response [200]&gt;</msg>
<var>${response}</var>
<arg>consultarAPI</arg>
<arg>/api</arg>
<doc>Sends a GET request on a previously created HTTP Session.</doc>
<status status="PASS" start="2024-08-10T15:16:33.291154" elapsed="0.295679"/>
</kw>
<kw name="Should Be Equal As Numbers" owner="BuiltIn">
<msg time="2024-08-10T15:16:33.587921" level="INFO">Argument types are:
&lt;class 'int'&gt;
&lt;class 'str'&gt;</msg>
<arg>${response.status_code}</arg>
<arg>200</arg>
<doc>Fails if objects are unequal after converting them to real numbers.</doc>
<status status="PASS" start="2024-08-10T15:16:33.587447" elapsed="0.000540"/>
</kw>
<kw name="Log" owner="BuiltIn">
<msg time="2024-08-10T15:16:33.588706" level="INFO">200</msg>
<arg>${response.status_code}</arg>
<doc>Logs the given message with the given level.</doc>
<status status="PASS" start="2024-08-10T15:16:33.588303" elapsed="0.000447"/>
</kw>
<kw name="Set Variable" owner="BuiltIn">
<msg time="2024-08-10T15:16:33.589502" level="INFO">${json_data} = {'results': [{'gender': 'female', 'name': {'title': 'Mrs', 'first': 'Hailey', 'last': 'Olson'}, 'location': {'street': {'number': 6626, 'name': 'James St'}, 'city': 'Sydney', 'state': 'New South Wales...</msg>
<var>${json_data}</var>
<arg>${response.json()}</arg>
<doc>Returns the given values which can then be assigned to a variables.</doc>
<status status="PASS" start="2024-08-10T15:16:33.589067" elapsed="0.000463"/>
</kw>
<kw name="Dictionary Should Contain Key" owner="Collections">
<arg>${json_data}</arg>
<arg>results</arg>
<doc>Fails if ``key`` is not found from ``dictionary``.</doc>
<status status="PASS" start="2024-08-10T15:16:33.589836" elapsed="0.000328"/>
</kw>
<status status="PASS" start="2024-08-10T15:16:33.290905" elapsed="0.299416"/>
</kw>
<doc>Testa se a API responde corretamente e retorna um objeto JSON válido.</doc>
<tag>testeRequisicaoBasica</tag>
<status status="PASS" start="2024-08-10T15:16:33.290452" elapsed="0.300047"/>
</test>
<test id="s1-s1-t3" name="Validar estrutura de resposta" line="22">
<kw name="Teste de Estrutura de Resposta" owner="random-user-service">
<kw name="GET On Session" owner="RequestsLibrary">
<msg time="2024-08-10T15:16:33.650067" level="INFO">GET Request : url=https://randomuser.me/api 
 path_url=/api 
 headers={'User-Agent': 'python-requests/2.32.3', 'Accept-Encoding': 'gzip, deflate', 'Accept': '*/*', 'Connection': 'keep-alive'} 
 body=None 
 </msg>
<msg time="2024-08-10T15:16:33.650146" level="INFO">GET Response : url=https://randomuser.me/api 
 status=200, reason=OK 
 headers={'Date': 'Sat, 10 Aug 2024 15:16:33 GMT', 'Content-Type': 'application/json; charset=utf-8', 'Transfer-Encoding': 'chunked', 'Connection': 'keep-alive', 'X-Powered-By': 'Express', 'Access-Control-Allow-Origin': '*', 'Cache-Control': 'no-cache', 'ETag': 'W/"497-MiEIUSqqN48QqxKGMNPfyeh3EK8"', 'Vary': 'Accept-Encoding', 'Content-Encoding': 'gzip', 'CF-Cache-Status': 'DYNAMIC', 'Report-To': '{"endpoints":[{"url":"https:\\/\\/a.nel.cloudflare.com\\/report\\/v4?s=%2BwvlVOWskkdlmLzUTfaTVD85HqDdzEq%2BgauxyJxDb%2FVpQ9o%2Bfjc7YwNC0ZBaDftHOjoQ93JM0bHuj10fIZAr5gpMF6LmpHSzHDUGhs7tdDir0AmBjLyEW%2BCL50YSUZq8"}],"group":"cf-nel","max_age":604800}', 'NEL': '{"success_fraction":0,"report_to":"cf-nel","max_age":604800}', 'Server': 'cloudflare', 'CF-RAY': '8b10f29dfc621fd6-IAD', 'alt-svc': 'h3=":443"; ma=86400'} 
 body={"results":[{"gender":"male","name":{"title":"Mr","first":"Quintus","last":"Tuijp"},"location":{"street":{"number":1360,"name":"Ganshoeksingel"},"city":"Oost-Souburg","state":"Zuid-Holland","country":"Netherlands","postcode":"4744 EW","coordinates":{"latitude":"31.1490","longitude":"-164.6508"},"timezone":{"offset":"-8:00","description":"Pacific Time (US &amp; Canada)"}},"email":"quintus.tuijp@example.com","login":{"uuid":"bb229af1-8136-43da-bc47-b07b4e8898fd","username":"brownladybug736","password":"scrappy","salt":"FhnxnZQE","md5":"dffbcc7b7b827eac32c812e7d4cd66b6","sha1":"955ff0a7d99eb2fb68b9697d94567d968b383429","sha256":"5173ecc68ef4205c60e1d90a86713b6e2a4b8131f3e2fb4205c62539fecfce37"},"dob":{"date":"1946-05-16T00:15:58.602Z","age":78},"registered":{"date":"2012-03-17T19:48:25.503Z","age":12},"phone":"(028) 5555983","cell":"(06) 25307322","id":{"name":"BSN","value":"64915997"},"picture":{"large":"https://randomuser.me/api/portraits/men/72.jpg","medium":"https://randomuser.me/api/portraits/med/men/72.jpg","thumbnail":"https://randomuser.me/api/portraits/thumb/men/72.jpg"},"nat":"NL"}],"info":{"seed":"951b2e77579e41bf","results":1,"page":1,"version":"1.4"}} 
 </msg>
<msg time="2024-08-10T15:16:33.650263" level="INFO">/opt/hostedtoolcache/Python/3.12.4/x64/lib/python3.12/site-packages/urllib3/connectionpool.py:1099: InsecureRequestWarning: Unverified HTTPS request is being made to host 'randomuser.me'. Adding certificate verification is strongly advised. See: https://urllib3.readthedocs.io/en/latest/advanced-usage.html#tls-warnings
  warnings.warn(</msg>
<msg time="2024-08-10T15:16:33.650386" level="INFO">${response} = &lt;Response [200]&gt;</msg>
<var>${response}</var>
<arg>consultarAPI</arg>
<arg>/api</arg>
<doc>Sends a GET request on a previously created HTTP Session.</doc>
<status status="PASS" start="2024-08-10T15:16:33.593135" elapsed="0.057297"/>
</kw>
<kw name="Set Variable" owner="BuiltIn">
<msg time="2024-08-10T15:16:33.651237" level="INFO">${json_data} = {'results': [{'gender': 'male', 'name': {'title': 'Mr', 'first': 'Quintus', 'last': 'Tuijp'}, 'location': {'street': {'number': 1360, 'name': 'Ganshoeksingel'}, 'city': 'Oost-Souburg', 'state': 'Zuid-...</msg>
<var>${json_data}</var>
<arg>${response.json()}</arg>
<doc>Returns the given values which can then be assigned to a variables.</doc>
<status status="PASS" start="2024-08-10T15:16:33.650797" elapsed="0.000469"/>
</kw>
<kw name="Log" owner="BuiltIn">
<msg time="2024-08-10T15:16:33.651720" level="INFO">{'results': [{'gender': 'male', 'name': {'title': 'Mr', 'first': 'Quintus', 'last': 'Tuijp'}, 'location': {'street': {'number': 1360, 'name': 'Ganshoeksingel'}, 'city': 'Oost-Souburg', 'state': 'Zuid-Holland', 'country': 'Netherlands', 'postcode': '4744 EW', 'coordinates': {'latitude': '31.1490', 'longitude': '-164.6508'}, 'timezone': {'offset': '-8:00', 'description': 'Pacific Time (US &amp; Canada)'}}, 'email': 'quintus.tuijp@example.com', 'login': {'uuid': 'bb229af1-8136-43da-bc47-b07b4e8898fd', 'username': 'brownladybug736', 'password': 'scrappy', 'salt': 'FhnxnZQE', 'md5': 'dffbcc7b7b827eac32c812e7d4cd66b6', 'sha1': '955ff0a7d99eb2fb68b9697d94567d968b383429', 'sha256': '5173ecc68ef4205c60e1d90a86713b6e2a4b8131f3e2fb4205c62539fecfce37'}, 'dob': {'date': '1946-05-16T00:15:58.602Z', 'age': 78}, 'registered': {'date': '2012-03-17T19:48:25.503Z', 'age': 12}, 'phone': '(028) 5555983', 'cell': '(06) 25307322', 'id': {'name': 'BSN', 'value': '64915997'}, 'picture': {'large': 'https://randomuser.me/api/portraits/men/72.jpg', 'medium': 'https://randomuser.me/api/portraits/med/men/72.jpg', 'thumbnail': 'https://randomuser.me/api/portraits/thumb/men/72.jpg'}, 'nat': 'NL'}], 'info': {'seed': '951b2e77579e41bf', 'results': 1, 'page': 1, 'version': '1.4'}}</msg>
<arg>${json_data}</arg>
<doc>Logs the given message with the given level.</doc>
<status status="PASS" start="2024-08-10T15:16:33.651564" elapsed="0.000204"/>
</kw>
<kw name="Dictionary Should Contain Key" owner="Collections">
<arg>${json_data}</arg>
<arg>results</arg>
<doc>Fails if ``key`` is not found from ``dictionary``.</doc>
<status status="PASS" start="2024-08-10T15:16:33.652058" elapsed="0.000161"/>
</kw>
<kw name="Should Not Be Empty" owner="BuiltIn">
<msg time="2024-08-10T15:16:33.652526" level="INFO">Length is 2.</msg>
<arg>${json_data}</arg>
<doc>Verifies that the given item is not empty.</doc>
<status status="PASS" start="2024-08-10T15:16:33.652401" elapsed="0.000163"/>
</kw>
<kw name="Create List" owner="BuiltIn">
<msg time="2024-08-10T15:16:33.653040" level="INFO">${expected_keys} = ['gender', 'name', 'location', 'email', 'login']</msg>
<var>${expected_keys}</var>
<arg>gender</arg>
<arg>name</arg>
<arg>location</arg>
<arg>email</arg>
<arg>login</arg>
<doc>Returns a list containing given items.</doc>
<status status="PASS" start="2024-08-10T15:16:33.652886" elapsed="0.000179"/>
</kw>
<for flavor="IN">
<iter>
<kw name="Dictionary Should Contain Key" owner="Collections">
<arg>${json_data['results'][0]}</arg>
<arg>${key}</arg>
<doc>Fails if ``key`` is not found from ``dictionary``.</doc>
<status status="PASS" start="2024-08-10T15:16:33.653636" elapsed="0.000405"/>
</kw>
<kw name="Log" owner="BuiltIn">
<msg time="2024-08-10T15:16:33.654592" level="INFO">{'gender': 'male', 'name': {'title': 'Mr', 'first': 'Quintus', 'last': 'Tuijp'}, 'location': {'street': {'number': 1360, 'name': 'Ganshoeksingel'}, 'city': 'Oost-Souburg', 'state': 'Zuid-Holland', 'country': 'Netherlands', 'postcode': '4744 EW', 'coordinates': {'latitude': '31.1490', 'longitude': '-164.6508'}, 'timezone': {'offset': '-8:00', 'description': 'Pacific Time (US &amp; Canada)'}}, 'email': 'quintus.tuijp@example.com', 'login': {'uuid': 'bb229af1-8136-43da-bc47-b07b4e8898fd', 'username': 'brownladybug736', 'password': 'scrappy', 'salt': 'FhnxnZQE', 'md5': 'dffbcc7b7b827eac32c812e7d4cd66b6', 'sha1': '955ff0a7d99eb2fb68b9697d94567d968b383429', 'sha256': '5173ecc68ef4205c60e1d90a86713b6e2a4b8131f3e2fb4205c62539fecfce37'}, 'dob': {'date': '1946-05-16T00:15:58.602Z', 'age': 78}, 'registered': {'date': '2012-03-17T19:48:25.503Z', 'age': 12}, 'phone': '(028) 5555983', 'cell': '(06) 25307322', 'id': {'name': 'BSN', 'value': '64915997'}, 'picture': {'large': 'https://randomuser.me/api/portraits/men/72.jpg', 'medium': 'https://randomuser.me/api/portraits/med/men/72.jpg', 'thumbnail': 'https://randomuser.me/api/portraits/thumb/men/72.jpg'}, 'nat': 'NL'}</msg>
<arg>${json_data['results'][0]}</arg>
<doc>Logs the given message with the given level.</doc>
<status status="PASS" start="2024-08-10T15:16:33.654233" elapsed="0.000409"/>
</kw>
<kw name="Log" owner="BuiltIn">
<msg time="2024-08-10T15:16:33.655066" level="INFO">gender</msg>
<arg>${key}</arg>
<doc>Logs the given message with the given level.</doc>
<status status="PASS" start="2024-08-10T15:16:33.654936" elapsed="0.000168"/>
</kw>
<var name="${key}">gender</var>
<status status="PASS" start="2024-08-10T15:16:33.653511" elapsed="0.001811"/>
</iter>
<iter>
<kw name="Dictionary Should Contain Key" owner="Collections">
<arg>${json_data['results'][0]}</arg>
<arg>${key}</arg>
<doc>Fails if ``key`` is not found from ``dictionary``.</doc>
<status status="PASS" start="2024-08-10T15:16:33.655626" elapsed="0.000392"/>
</kw>
<kw name="Log" owner="BuiltIn">
<msg time="2024-08-10T15:16:33.656594" level="INFO">{'gender': 'male', 'name': {'title': 'Mr', 'first': 'Quintus', 'last': 'Tuijp'}, 'location': {'street': {'number': 1360, 'name': 'Ganshoeksingel'}, 'city': 'Oost-Souburg', 'state': 'Zuid-Holland', 'country': 'Netherlands', 'postcode': '4744 EW', 'coordinates': {'latitude': '31.1490', 'longitude': '-164.6508'}, 'timezone': {'offset': '-8:00', 'description': 'Pacific Time (US &amp; Canada)'}}, 'email': 'quintus.tuijp@example.com', 'login': {'uuid': 'bb229af1-8136-43da-bc47-b07b4e8898fd', 'username': 'brownladybug736', 'password': 'scrappy', 'salt': 'FhnxnZQE', 'md5': 'dffbcc7b7b827eac32c812e7d4cd66b6', 'sha1': '955ff0a7d99eb2fb68b9697d94567d968b383429', 'sha256': '5173ecc68ef4205c60e1d90a86713b6e2a4b8131f3e2fb4205c62539fecfce37'}, 'dob': {'date': '1946-05-16T00:15:58.602Z', 'age': 78}, 'registered': {'date': '2012-03-17T19:48:25.503Z', 'age': 12}, 'phone': '(028) 5555983', 'cell': '(06) 25307322', 'id': {'name': 'BSN', 'value': '64915997'}, 'picture': {'large': 'https://randomuser.me/api/portraits/men/72.jpg', 'medium': 'https://randomuser.me/api/portraits/med/men/72.jpg', 'thumbnail': 'https://randomuser.me/api/portraits/thumb/men/72.jpg'}, 'nat': 'NL'}</msg>
<arg>${json_data['results'][0]}</arg>
<doc>Logs the given message with the given level.</doc>
<status status="PASS" start="2024-08-10T15:16:33.656204" elapsed="0.000461"/>
</kw>
<kw name="Log" owner="BuiltIn">
<msg time="2024-08-10T15:16:33.657096" level="INFO">name</msg>
<arg>${key}</arg>
<doc>Logs the given message with the given level.</doc>
<status status="PASS" start="2024-08-10T15:16:33.656965" elapsed="0.000169"/>
</kw>
<var name="${key}">name</var>
<status status="PASS" start="2024-08-10T15:16:33.655508" elapsed="0.001844"/>
</iter>
<iter>
<kw name="Dictionary Should Contain Key" owner="Collections">
<arg>${json_data['results'][0]}</arg>
<arg>${key}</arg>
<doc>Fails if ``key`` is not found from ``dictionary``.</doc>
<status status="PASS" start="2024-08-10T15:16:33.657635" elapsed="0.000384"/>
</kw>
<kw name="Log" owner="BuiltIn">
<msg time="2024-08-10T15:16:33.658557" level="INFO">{'gender': 'male', 'name': {'title': 'Mr', 'first': 'Quintus', 'last': 'Tuijp'}, 'location': {'street': {'number': 1360, 'name': 'Ganshoeksingel'}, 'city': 'Oost-Souburg', 'state': 'Zuid-Holland', 'country': 'Netherlands', 'postcode': '4744 EW', 'coordinates': {'latitude': '31.1490', 'longitude': '-164.6508'}, 'timezone': {'offset': '-8:00', 'description': 'Pacific Time (US &amp; Canada)'}}, 'email': 'quintus.tuijp@example.com', 'login': {'uuid': 'bb229af1-8136-43da-bc47-b07b4e8898fd', 'username': 'brownladybug736', 'password': 'scrappy', 'salt': 'FhnxnZQE', 'md5': 'dffbcc7b7b827eac32c812e7d4cd66b6', 'sha1': '955ff0a7d99eb2fb68b9697d94567d968b383429', 'sha256': '5173ecc68ef4205c60e1d90a86713b6e2a4b8131f3e2fb4205c62539fecfce37'}, 'dob': {'date': '1946-05-16T00:15:58.602Z', 'age': 78}, 'registered': {'date': '2012-03-17T19:48:25.503Z', 'age': 12}, 'phone': '(028) 5555983', 'cell': '(06) 25307322', 'id': {'name': 'BSN', 'value': '64915997'}, 'picture': {'large': 'https://randomuser.me/api/portraits/men/72.jpg', 'medium': 'https://randomuser.me/api/portraits/med/men/72.jpg', 'thumbnail': 'https://randomuser.me/api/portraits/thumb/men/72.jpg'}, 'nat': 'NL'}</msg>
<arg>${json_data['results'][0]}</arg>
<doc>Logs the given message with the given level.</doc>
<status status="PASS" start="2024-08-10T15:16:33.658208" elapsed="0.000397"/>
</kw>
<kw name="Log" owner="BuiltIn">
<msg time="2024-08-10T15:16:33.659039" level="INFO">location</msg>
<arg>${key}</arg>
<doc>Logs the given message with the given level.</doc>
<status status="PASS" start="2024-08-10T15:16:33.658907" elapsed="0.000170"/>
</kw>
<var name="${key}">location</var>
<status status="PASS" start="2024-08-10T15:16:33.657528" elapsed="0.001769"/>
</iter>
<iter>
<kw name="Dictionary Should Contain Key" owner="Collections">
<arg>${json_data['results'][0]}</arg>
<arg>${key}</arg>
<doc>Fails if ``key`` is not found from ``dictionary``.</doc>
<status status="PASS" start="2024-08-10T15:16:33.659573" elapsed="0.000388"/>
</kw>
<kw name="Log" owner="BuiltIn">
<msg time="2024-08-10T15:16:33.660624" level="INFO">{'gender': 'male', 'name': {'title': 'Mr', 'first': 'Quintus', 'last': 'Tuijp'}, 'location': {'street': {'number': 1360, 'name': 'Ganshoeksingel'}, 'city': 'Oost-Souburg', 'state': 'Zuid-Holland', 'country': 'Netherlands', 'postcode': '4744 EW', 'coordinates': {'latitude': '31.1490', 'longitude': '-164.6508'}, 'timezone': {'offset': '-8:00', 'description': 'Pacific Time (US &amp; Canada)'}}, 'email': 'quintus.tuijp@example.com', 'login': {'uuid': 'bb229af1-8136-43da-bc47-b07b4e8898fd', 'username': 'brownladybug736', 'password': 'scrappy', 'salt': 'FhnxnZQE', 'md5': 'dffbcc7b7b827eac32c812e7d4cd66b6', 'sha1': '955ff0a7d99eb2fb68b9697d94567d968b383429', 'sha256': '5173ecc68ef4205c60e1d90a86713b6e2a4b8131f3e2fb4205c62539fecfce37'}, 'dob': {'date': '1946-05-16T00:15:58.602Z', 'age': 78}, 'registered': {'date': '2012-03-17T19:48:25.503Z', 'age': 12}, 'phone': '(028) 5555983', 'cell': '(06) 25307322', 'id': {'name': 'BSN', 'value': '64915997'}, 'picture': {'large': 'https://randomuser.me/api/portraits/men/72.jpg', 'medium': 'https://randomuser.me/api/portraits/med/men/72.jpg', 'thumbnail': 'https://randomuser.me/api/portraits/thumb/men/72.jpg'}, 'nat': 'NL'}</msg>
<arg>${json_data['results'][0]}</arg>
<doc>Logs the given message with the given level.</doc>
<status status="PASS" start="2024-08-10T15:16:33.660249" elapsed="0.000428"/>
</kw>
<kw name="Log" owner="BuiltIn">
<msg time="2024-08-10T15:16:33.661105" level="INFO">email</msg>
<arg>${key}</arg>
<doc>Logs the given message with the given level.</doc>
<status status="PASS" start="2024-08-10T15:16:33.660976" elapsed="0.000168"/>
</kw>
<var name="${key}">email</var>
<status status="PASS" start="2024-08-10T15:16:33.659465" elapsed="0.001897"/>
</iter>
<iter>
<kw name="Dictionary Should Contain Key" owner="Collections">
<arg>${json_data['results'][0]}</arg>
<arg>${key}</arg>
<doc>Fails if ``key`` is not found from ``dictionary``.</doc>
<status status="PASS" start="2024-08-10T15:16:33.661644" elapsed="0.000373"/>
</kw>
<kw name="Log" owner="BuiltIn">
<msg time="2024-08-10T15:16:33.662547" level="INFO">{'gender': 'male', 'name': {'title': 'Mr', 'first': 'Quintus', 'last': 'Tuijp'}, 'location': {'street': {'number': 1360, 'name': 'Ganshoeksingel'}, 'city': 'Oost-Souburg', 'state': 'Zuid-Holland', 'country': 'Netherlands', 'postcode': '4744 EW', 'coordinates': {'latitude': '31.1490', 'longitude': '-164.6508'}, 'timezone': {'offset': '-8:00', 'description': 'Pacific Time (US &amp; Canada)'}}, 'email': 'quintus.tuijp@example.com', 'login': {'uuid': 'bb229af1-8136-43da-bc47-b07b4e8898fd', 'username': 'brownladybug736', 'password': 'scrappy', 'salt': 'FhnxnZQE', 'md5': 'dffbcc7b7b827eac32c812e7d4cd66b6', 'sha1': '955ff0a7d99eb2fb68b9697d94567d968b383429', 'sha256': '5173ecc68ef4205c60e1d90a86713b6e2a4b8131f3e2fb4205c62539fecfce37'}, 'dob': {'date': '1946-05-16T00:15:58.602Z', 'age': 78}, 'registered': {'date': '2012-03-17T19:48:25.503Z', 'age': 12}, 'phone': '(028) 5555983', 'cell': '(06) 25307322', 'id': {'name': 'BSN', 'value': '64915997'}, 'picture': {'large': 'https://randomuser.me/api/portraits/men/72.jpg', 'medium': 'https://randomuser.me/api/portraits/med/men/72.jpg', 'thumbnail': 'https://randomuser.me/api/portraits/thumb/men/72.jpg'}, 'nat': 'NL'}</msg>
<arg>${json_data['results'][0]}</arg>
<doc>Logs the given message with the given level.</doc>
<status status="PASS" start="2024-08-10T15:16:33.662197" elapsed="0.000398"/>
</kw>
<kw name="Log" owner="BuiltIn">
<msg time="2024-08-10T15:16:33.663019" level="INFO">login</msg>
<arg>${key}</arg>
<doc>Logs the given message with the given level.</doc>
<status status="PASS" start="2024-08-10T15:16:33.662890" elapsed="0.000167"/>
</kw>
<var name="${key}">login</var>
<status status="PASS" start="2024-08-10T15:16:33.661537" elapsed="0.001736"/>
</iter>
<var>${key}</var>
<value>@{expected_keys}</value>
<status status="PASS" start="2024-08-10T15:16:33.653322" elapsed="0.010072"/>
</for>
<kw name="Create List" owner="BuiltIn">
<msg time="2024-08-10T15:16:33.663752" level="INFO">${expected_keysTwo} = ['username', 'password']</msg>
<var>${expected_keysTwo}</var>
<arg>username</arg>
<arg>password</arg>
<doc>Returns a list containing given items.</doc>
<status status="PASS" start="2024-08-10T15:16:33.663585" elapsed="0.000191"/>
</kw>
<for flavor="IN">
<iter>
<kw name="Dictionary Should Contain Key" owner="Collections">
<arg>${json_data['results'][0]['login']}</arg>
<arg>${keyTwo}</arg>
<doc>Fails if ``key`` is not found from ``dictionary``.</doc>
<status status="PASS" start="2024-08-10T15:16:33.664267" elapsed="0.000407"/>
</kw>
<kw name="Dictionary Should Contain Key" owner="Collections">
<arg>${json_data['results'][0]['login']}</arg>
<arg>${keyTwo}</arg>
<doc>Fails if ``key`` is not found from ``dictionary``.</doc>
<status status="PASS" start="2024-08-10T15:16:33.664854" elapsed="0.000377"/>
</kw>
<kw name="Log" owner="BuiltIn">
<msg time="2024-08-10T15:16:33.665536" level="INFO">username</msg>
<arg>${keyTwo}</arg>
<doc>Logs the given message with the given level.</doc>
<status status="PASS" start="2024-08-10T15:16:33.665415" elapsed="0.000158"/>
</kw>
<var name="${keyTwo}">username</var>
<status status="PASS" start="2024-08-10T15:16:33.664161" elapsed="0.001634"/>
</iter>
<iter>
<kw name="Dictionary Should Contain Key" owner="Collections">
<arg>${json_data['results'][0]['login']}</arg>
<arg>${keyTwo}</arg>
<doc>Fails if ``key`` is not found from ``dictionary``.</doc>
<status status="PASS" start="2024-08-10T15:16:33.666073" elapsed="0.000390"/>
</kw>
<kw name="Dictionary Should Contain Key" owner="Collections">
<arg>${json_data['results'][0]['login']}</arg>
<arg>${keyTwo}</arg>
<doc>Fails if ``key`` is not found from ``dictionary``.</doc>
<status status="PASS" start="2024-08-10T15:16:33.666640" elapsed="0.000372"/>
</kw>
<kw name="Log" owner="BuiltIn">
<msg time="2024-08-10T15:16:33.667307" level="INFO">password</msg>
<arg>${keyTwo}</arg>
<doc>Logs the given message with the given level.</doc>
<status status="PASS" start="2024-08-10T15:16:33.667189" elapsed="0.000155"/>
</kw>
<var name="${keyTwo}">password</var>
<status status="PASS" start="2024-08-10T15:16:33.665966" elapsed="0.001599"/>
</iter>
<var>${keyTwo}</var>
<value>@{expected_keysTwo}</value>
<status status="PASS" start="2024-08-10T15:16:33.664010" elapsed="0.003673"/>
</for>
<status status="PASS" start="2024-08-10T15:16:33.592896" elapsed="0.074920"/>
</kw>
<doc>Testa a estrutura da resposta da API.</doc>
<tag>testeEstruturaResposta</tag>
<status status="PASS" start="2024-08-10T15:16:33.592349" elapsed="0.075610"/>
</test>
<test id="s1-s1-t4" name="Validar tipos de dados" line="28">
<kw name="Teste de Tipos de Dados" owner="random-user-service">
<kw name="GET On Session" owner="RequestsLibrary">
<msg time="2024-08-10T15:16:33.738545" level="INFO">GET Request : url=https://randomuser.me/api 
 path_url=/api 
 headers={'User-Agent': 'python-requests/2.32.3', 'Accept-Encoding': 'gzip, deflate', 'Accept': '*/*', 'Connection': 'keep-alive'} 
 body=None 
 </msg>
<msg time="2024-08-10T15:16:33.738605" level="INFO">GET Response : url=https://randomuser.me/api 
 status=200, reason=OK 
 headers={'Date': 'Sat, 10 Aug 2024 15:16:33 GMT', 'Content-Type': 'application/json; charset=utf-8', 'Transfer-Encoding': 'chunked', 'Connection': 'keep-alive', 'X-Powered-By': 'Express', 'Access-Control-Allow-Origin': '*', 'Cache-Control': 'no-cache', 'ETag': 'W/"4b0-Jf9JUfaQ2i6u/WlHWCCN7dsnHLI"', 'Vary': 'Accept-Encoding', 'Content-Encoding': 'gzip', 'CF-Cache-Status': 'DYNAMIC', 'Report-To': '{"endpoints":[{"url":"https:\\/\\/a.nel.cloudflare.com\\/report\\/v4?s=m1j5JO8%2Blw027YFSdfuToI%2BnsjjEBHNQM2wJLJK4H4TObT%2FITYFLlLOAW4MR0YOT%2FwLNRxin1f4CsCpaToJws%2FaTCU71dRfOMGMMDa2xwdd4SVa41W9Ody6MS4AOjz7n"}],"group":"cf-nel","max_age":604800}', 'NEL': '{"success_fraction":0,"report_to":"cf-nel","max_age":604800}', 'Server': 'cloudflare', 'CF-RAY': '8b10f29e7cc91fd6-IAD', 'alt-svc': 'h3=":443"; ma=86400'} 
 body={"results":[{"gender":"female","name":{"title":"Miss","first":"Andrea","last":"Riley"},"location":{"street":{"number":9151,"name":"West Street"},"city":"Stoke-on-Trent","state":"Mid Glamorgan","country":"United Kingdom","postcode":"S74 9PD","coordinates":{"latitude":"-8.4400","longitude":"109.3293"},"timezone":{"offset":"-5:00","description":"Eastern Time (US &amp; Canada), Bogota, Lima"}},"email":"andrea.riley@example.com","login":{"uuid":"1c03efda-4913-47ec-a802-9a6f5a414ea7","username":"blackmeercat700","password":"369369","salt":"LfmE3VNI","md5":"84c3be1dabe871d66c6dbb3590de7fa0","sha1":"e1a201bba7bed93dfb0ae9531cb33742e29b6c5e","sha256":"baa6c651c94a7425635bf68f2abd7be8c8ff9d4d47ab8034797d59f124ea19bd"},"dob":{"date":"1966-04-23T02:17:21.159Z","age":58},"registered":{"date":"2022-04-22T22:03:47.911Z","age":2},"phone":"016977 7680","cell":"07451 318695","id":{"name":"NINO","value":"AX 71 25 39 S"},"picture":{"large":"https://randomuser.me/api/portraits/women/32.jpg","medium":"https://randomuser.me/api/portraits/med/women/32.jpg","thumbnail":"https://randomuser.me/api/portraits/thumb/women/32.jpg"},"nat":"GB"}],"info":{"seed":"46c315b4a039b964","results":1,"page":1,"version":"1.4"}} 
 </msg>
<msg time="2024-08-10T15:16:33.738658" level="INFO">/opt/hostedtoolcache/Python/3.12.4/x64/lib/python3.12/site-packages/urllib3/connectionpool.py:1099: InsecureRequestWarning: Unverified HTTPS request is being made to host 'randomuser.me'. Adding certificate verification is strongly advised. See: https://urllib3.readthedocs.io/en/latest/advanced-usage.html#tls-warnings
  warnings.warn(</msg>
<msg time="2024-08-10T15:16:33.738743" level="INFO">${response} = &lt;Response [200]&gt;</msg>
<var>${response}</var>
<arg>consultarAPI</arg>
<arg>/api</arg>
<doc>Sends a GET request on a previously created HTTP Session.</doc>
<status status="PASS" start="2024-08-10T15:16:33.670373" elapsed="0.068410"/>
</kw>
<kw name="Set Variable" owner="BuiltIn">
<msg time="2024-08-10T15:16:33.739786" level="INFO">${json_data} = {'results': [{'gender': 'female', 'name': {'title': 'Miss', 'first': 'Andrea', 'last': 'Riley'}, 'location': {'street': {'number': 9151, 'name': 'West Street'}, 'city': 'Stoke-on-Trent', 'state': 'Mid...</msg>
<var>${json_data}</var>
<arg>${response.json()}</arg>
<doc>Returns the given values which can then be assigned to a variables.</doc>
<status status="PASS" start="2024-08-10T15:16:33.739216" elapsed="0.000598"/>
</kw>
<kw name="Log" owner="BuiltIn">
<msg time="2024-08-10T15:16:33.740267" level="INFO">{'results': [{'gender': 'female', 'name': {'title': 'Miss', 'first': 'Andrea', 'last': 'Riley'}, 'location': {'street': {'number': 9151, 'name': 'West Street'}, 'city': 'Stoke-on-Trent', 'state': 'Mid Glamorgan', 'country': 'United Kingdom', 'postcode': 'S74 9PD', 'coordinates': {'latitude': '-8.4400', 'longitude': '109.3293'}, 'timezone': {'offset': '-5:00', 'description': 'Eastern Time (US &amp; Canada), Bogota, Lima'}}, 'email': 'andrea.riley@example.com', 'login': {'uuid': '1c03efda-4913-47ec-a802-9a6f5a414ea7', 'username': 'blackmeercat700', 'password': '369369', 'salt': 'LfmE3VNI', 'md5': '84c3be1dabe871d66c6dbb3590de7fa0', 'sha1': 'e1a201bba7bed93dfb0ae9531cb33742e29b6c5e', 'sha256': 'baa6c651c94a7425635bf68f2abd7be8c8ff9d4d47ab8034797d59f124ea19bd'}, 'dob': {'date': '1966-04-23T02:17:21.159Z', 'age': 58}, 'registered': {'date': '2022-04-22T22:03:47.911Z', 'age': 2}, 'phone': '016977 7680', 'cell': '07451 318695', 'id': {'name': 'NINO', 'value': 'AX 71 25 39 S'}, 'picture': {'large': 'https://randomuser.me/api/portraits/women/32.jpg', 'medium': 'https://randomuser.me/api/portraits/med/women/32.jpg', 'thumbnail': 'https://randomuser.me/api/portraits/thumb/women/32.jpg'}, 'nat': 'GB'}], 'info': {'seed': '46c315b4a039b964', 'results': 1, 'page': 1, 'version': '1.4'}}</msg>
<arg>${json_data}</arg>
<doc>Logs the given message with the given level.</doc>
<status status="PASS" start="2024-08-10T15:16:33.740114" elapsed="0.000201"/>
</kw>
<kw name="Should Be String" owner="String">
<arg>${json_data['results'][0]['gender']}</arg>
<doc>Fails if the given ``item`` is not a string.</doc>
<status status="PASS" start="2024-08-10T15:16:33.740642" elapsed="0.000372"/>
</kw>
<kw name="Should Match Regexp" owner="BuiltIn">
<arg>${json_data['results'][0]['email']}</arg>
<arg>^[a-zA-Z0-9._%+-]+@[a-zA-Z0-9.-]+\.[a-zA-Z]{2,}$</arg>
<doc>Fails if ``string`` does not match ``pattern`` as a regular expression.</doc>
<status status="PASS" start="2024-08-10T15:16:33.741241" elapsed="0.000514"/>
</kw>
<kw name="Should Match Regexp" owner="BuiltIn">
<arg>${json_data['results'][0]['dob']['date']}</arg>
<arg>\\d{4}-\\d{2}-\\d{2}T\\d{2}:\\d{2}:\\d{2}\\.\\d{3}Z</arg>
<doc>Fails if ``string`` does not match ``pattern`` as a regular expression.</doc>
<status status="PASS" start="2024-08-10T15:16:33.741948" elapsed="0.000598"/>
</kw>
<kw name="Should Match Regexp" owner="BuiltIn">
<arg>${json_data['results'][0]['registered']['date']}</arg>
<arg>\\d{4}-\\d{2}-\\d{2}T\\d{2}:\\d{2}:\\d{2}\\.\\d{3}Z</arg>
<doc>Fails if ``string`` does not match ``pattern`` as a regular expression.</doc>
<status status="PASS" start="2024-08-10T15:16:33.742740" elapsed="0.000374"/>
</kw>
<kw name="Should Match Regexp" owner="BuiltIn">
<arg>${json_data['results'][0]['picture']['large']}</arg>
<arg>^https?://.*\.(?:png|jpe?g|gif|bmp)$</arg>
<doc>Fails if ``string`` does not match ``pattern`` as a regular expression.</doc>
<status status="PASS" start="2024-08-10T15:16:33.743309" elapsed="0.000467"/>
</kw>
<kw name="Should Match Regexp" owner="BuiltIn">
<arg>${json_data['results'][0]['picture']['medium']}</arg>
<arg>^https?://.*\.(?:png|jpe?g|gif|bmp)$</arg>
<doc>Fails if ``string`` does not match ``pattern`` as a regular expression.</doc>
<status status="PASS" start="2024-08-10T15:16:33.743964" elapsed="0.000376"/>
</kw>
<kw name="Should Match Regexp" owner="BuiltIn">
<arg>${json_data['results'][0]['picture']['thumbnail']}</arg>
<arg>^https?://.*\.(?:png|jpe?g|gif|bmp)$</arg>
<doc>Fails if ``string`` does not match ``pattern`` as a regular expression.</doc>
<status status="PASS" start="2024-08-10T15:16:33.744523" elapsed="0.000417"/>
</kw>
<kw name="Log" owner="BuiltIn">
<msg time="2024-08-10T15:16:33.745450" level="INFO">{'large': 'https://randomuser.me/api/portraits/women/32.jpg', 'medium': 'https://randomuser.me/api/portraits/med/women/32.jpg', 'thumbnail': 'https://randomuser.me/api/portraits/thumb/women/32.jpg'}</msg>
<arg>${json_data['results'][0]['picture']}</arg>
<doc>Logs the given message with the given level.</doc>
<status status="PASS" start="2024-08-10T15:16:33.745123" elapsed="0.000370"/>
</kw>
<status status="PASS" start="2024-08-10T15:16:33.670149" elapsed="0.075596"/>
</kw>
<kw name="Teste de Tipos de Dados - Postcode" owner="random-user-service">
<kw name="GET On Session" owner="RequestsLibrary">
<msg time="2024-08-10T15:16:33.823687" level="INFO">GET Request : url=https://randomuser.me/api 
 path_url=/api 
 headers={'User-Agent': 'python-requests/2.32.3', 'Accept-Encoding': 'gzip, deflate', 'Accept': '*/*', 'Connection': 'keep-alive'} 
 body=None 
 </msg>
<msg time="2024-08-10T15:16:33.823770" level="INFO">GET Response : url=https://randomuser.me/api 
 status=200, reason=OK 
 headers={'Date': 'Sat, 10 Aug 2024 15:16:33 GMT', 'Content-Type': 'application/json; charset=utf-8', 'Transfer-Encoding': 'chunked', 'Connection': 'keep-alive', 'X-Powered-By': 'Express', 'Access-Control-Allow-Origin': '*', 'Cache-Control': 'no-cache', 'ETag': 'W/"491-nl309Fr/dEkCOxOl4MiWaCph7Po"', 'Vary': 'Accept-Encoding', 'Content-Encoding': 'gzip', 'CF-Cache-Status': 'DYNAMIC', 'Report-To': '{"endpoints":[{"url":"https:\\/\\/a.nel.cloudflare.com\\/report\\/v4?s=s2Aoj1LwTMKLHXMpHpkAMZh6Ug0%2BHu4UUJF9Fw4nJ0n69GMw7hp810Y5Gjhlw799J6tUUHVJNa0MXoT88Z2gZmWti2RHwXM8UNujH%2Fj7O6Y32tT3wd896uFH1o7C4%2FIL"}],"group":"cf-nel","max_age":604800}', 'NEL': '{"success_fraction":0,"report_to":"cf-nel","max_age":604800}', 'Server': 'cloudflare', 'CF-RAY': '8b10f29efd361fd6-IAD', 'alt-svc': 'h3=":443"; ma=86400'} 
 body={"results":[{"gender":"male","name":{"title":"Mr","first":"Eckhardt","last":"Berger"},"location":{"street":{"number":6254,"name":"Parkstraße"},"city":"Ravensburg","state":"Nordrhein-Westfalen","country":"Germany","postcode":61926,"coordinates":{"latitude":"-51.6306","longitude":"-29.2650"},"timezone":{"offset":"-11:00","description":"Midway Island, Samoa"}},"email":"eckhardt.berger@example.com","login":{"uuid":"300abb99-675e-4160-90a5-195e9ef0ab81","username":"purplefrog187","password":"5000","salt":"yEv5eAdt","md5":"635a412e7e91afabf35184482d51752b","sha1":"b4f6c13cd387d84f74b859cf2445ce05229f16b3","sha256":"8415e538b13df3d936f6ef0273a23f6b467d1da9cf3864898abfd065b3435401"},"dob":{"date":"1977-04-08T03:38:18.025Z","age":47},"registered":{"date":"2009-07-26T20:11:34.345Z","age":15},"phone":"0689-0675134","cell":"0176-0795023","id":{"name":"SVNR","value":"68 070477 B 267"},"picture":{"large":"https://randomuser.me/api/portraits/men/88.jpg","medium":"https://randomuser.me/api/portraits/med/men/88.jpg","thumbnail":"https://randomuser.me/api/portraits/thumb/men/88.jpg"},"nat":"DE"}],"info":{"seed":"511394b445d327b6","results":1,"page":1,"version":"1.4"}} 
 </msg>
<msg time="2024-08-10T15:16:33.823845" level="INFO">/opt/hostedtoolcache/Python/3.12.4/x64/lib/python3.12/site-packages/urllib3/connectionpool.py:1099: InsecureRequestWarning: Unverified HTTPS request is being made to host 'randomuser.me'. Adding certificate verification is strongly advised. See: https://urllib3.readthedocs.io/en/latest/advanced-usage.html#tls-warnings
  warnings.warn(</msg>
<msg time="2024-08-10T15:16:33.823963" level="INFO">${response} = &lt;Response [200]&gt;</msg>
<var>${response}</var>
<arg>consultarAPI</arg>
<arg>/api</arg>
<doc>Sends a GET request on a previously created HTTP Session.</doc>
<status status="PASS" start="2024-08-10T15:16:33.746178" elapsed="0.077840"/>
</kw>
<kw name="Set Variable" owner="BuiltIn">
<msg time="2024-08-10T15:16:33.825163" level="INFO">${json_data} = {'results': [{'gender': 'male', 'name': {'title': 'Mr', 'first': 'Eckhardt', 'last': 'Berger'}, 'location': {'street': {'number': 6254, 'name': 'Parkstraße'}, 'city': 'Ravensburg', 'state': 'Nordrhein...</msg>
<var>${json_data}</var>
<arg>${response.json()}</arg>
<doc>Returns the given values which can then be assigned to a variables.</doc>
<status status="PASS" start="2024-08-10T15:16:33.824561" elapsed="0.000633"/>
</kw>
<kw name="Log" owner="BuiltIn">
<msg time="2024-08-10T15:16:33.825659" level="INFO">{'results': [{'gender': 'male', 'name': {'title': 'Mr', 'first': 'Eckhardt', 'last': 'Berger'}, 'location': {'street': {'number': 6254, 'name': 'Parkstraße'}, 'city': 'Ravensburg', 'state': 'Nordrhein-Westfalen', 'country': 'Germany', 'postcode': 61926, 'coordinates': {'latitude': '-51.6306', 'longitude': '-29.2650'}, 'timezone': {'offset': '-11:00', 'description': 'Midway Island, Samoa'}}, 'email': 'eckhardt.berger@example.com', 'login': {'uuid': '300abb99-675e-4160-90a5-195e9ef0ab81', 'username': 'purplefrog187', 'password': '5000', 'salt': 'yEv5eAdt', 'md5': '635a412e7e91afabf35184482d51752b', 'sha1': 'b4f6c13cd387d84f74b859cf2445ce05229f16b3', 'sha256': '8415e538b13df3d936f6ef0273a23f6b467d1da9cf3864898abfd065b3435401'}, 'dob': {'date': '1977-04-08T03:38:18.025Z', 'age': 47}, 'registered': {'date': '2009-07-26T20:11:34.345Z', 'age': 15}, 'phone': '0689-0675134', 'cell': '0176-0795023', 'id': {'name': 'SVNR', 'value': '68 070477 B 267'}, 'picture': {'large': 'https://randomuser.me/api/portraits/men/88.jpg', 'medium': 'https://randomuser.me/api/portraits/med/men/88.jpg', 'thumbnail': 'https://randomuser.me/api/portraits/thumb/men/88.jpg'}, 'nat': 'DE'}], 'info': {'seed': '511394b445d327b6', 'results': 1, 'page': 1, 'version': '1.4'}}</msg>
<arg>${json_data}</arg>
<doc>Logs the given message with the given level.</doc>
<status status="PASS" start="2024-08-10T15:16:33.825501" elapsed="0.000208"/>
</kw>
<kw name="Should Be Equal As Numbers" owner="BuiltIn">
<arg>${json_data['results'][0]['location']['postcode']}</arg>
<arg>${json_data['results'][0]['location']['postcode']}</arg>
<doc>Fails if objects are unequal after converting them to real numbers.</doc>
<status status="PASS" start="2024-08-10T15:16:33.826008" elapsed="0.000626"/>
</kw>
<kw name="Log" owner="BuiltIn">
<msg time="2024-08-10T15:16:33.827204" level="INFO">61926</msg>
<arg>${json_data['results'][0]['location']['postcode']}</arg>
<doc>Logs the given message with the given level.</doc>
<status status="PASS" start="2024-08-10T15:16:33.826854" elapsed="0.000392"/>
</kw>
<status status="PASS" start="2024-08-10T15:16:33.745963" elapsed="0.081536"/>
</kw>
<doc>Testa se os tipos de dados na resposta da API estão corretos.</doc>
<tag>testeTiposDados</tag>
<status status="PASS" start="2024-08-10T15:16:33.669714" elapsed="0.157943"/>
</test>
<test id="s1-s1-t5" name="Validar conteudo" line="35">
<kw name="Teste de Tipos de Conteudo" owner="random-user-service">
<kw name="GET On Session" owner="RequestsLibrary">
<msg time="2024-08-10T15:16:33.934429" level="INFO">GET Request : url=https://randomuser.me/api 
 path_url=/api 
 headers={'User-Agent': 'python-requests/2.32.3', 'Accept-Encoding': 'gzip, deflate', 'Accept': '*/*', 'Connection': 'keep-alive'} 
 body=None 
 </msg>
<msg time="2024-08-10T15:16:33.934490" level="INFO">GET Response : url=https://randomuser.me/api 
 status=200, reason=OK 
 headers={'Date': 'Sat, 10 Aug 2024 15:16:33 GMT', 'Content-Type': 'application/json; charset=utf-8', 'Transfer-Encoding': 'chunked', 'Connection': 'keep-alive', 'X-Powered-By': 'Express', 'Access-Control-Allow-Origin': '*', 'Cache-Control': 'no-cache', 'ETag': 'W/"494-fKK090GENhVWUKUA5bCdTHR10cE"', 'Vary': 'Accept-Encoding', 'Content-Encoding': 'gzip', 'CF-Cache-Status': 'DYNAMIC', 'Report-To': '{"endpoints":[{"url":"https:\\/\\/a.nel.cloudflare.com\\/report\\/v4?s=GAUEjJWzAYB1wHGlVH4%2FGgrc0EOpD8gCemfUbxYoxkPuqTRRQwg3wwniElkfNBuVGlVmtZLIyMnzBmdlzRM9yosN6swyPI%2FVRqdkAha1UCDnuqzGHGimmn2VV3yGwQ0b"}],"group":"cf-nel","max_age":604800}', 'NEL': '{"success_fraction":0,"report_to":"cf-nel","max_age":604800}', 'Server': 'cloudflare', 'CF-RAY': '8b10f29f7dc91fd6-IAD', 'alt-svc': 'h3=":443"; ma=86400'} 
 body={"results":[{"gender":"male","name":{"title":"Mr","first":"Jagdish","last":"Moolya"},"location":{"street":{"number":9850,"name":"Rajpath"},"city":"Shahjahanpur","state":"Karnataka","country":"India","postcode":62087,"coordinates":{"latitude":"4.4004","longitude":"-86.0485"},"timezone":{"offset":"0:00","description":"Western Europe Time, London, Lisbon, Casablanca"}},"email":"jagdish.moolya@example.com","login":{"uuid":"787fad79-13c6-4ae6-9016-1b1e51249e94","username":"biggorilla201","password":"369369","salt":"emUyQ5yh","md5":"77f7bab77e234dc8dbf703bba95dd979","sha1":"131b150be4432882b81f64f277f0b1382049c618","sha256":"ac93cc2667004d0eb093d870697e05ae3b172bf9d1d8cbbca648f9ad232ef563"},"dob":{"date":"1983-09-17T03:25:18.340Z","age":40},"registered":{"date":"2003-10-13T04:39:17.187Z","age":20},"phone":"8012586353","cell":"9853054888","id":{"name":"UIDAI","value":"066947694230"},"picture":{"large":"https://randomuser.me/api/portraits/men/89.jpg","medium":"https://randomuser.me/api/portraits/med/men/89.jpg","thumbnail":"https://randomuser.me/api/portraits/thumb/men/89.jpg"},"nat":"IN"}],"info":{"seed":"723e11b888a60d0b","results":1,"page":1,"version":"1.4"}} 
 </msg>
<msg time="2024-08-10T15:16:33.934545" level="INFO">/opt/hostedtoolcache/Python/3.12.4/x64/lib/python3.12/site-packages/urllib3/connectionpool.py:1099: InsecureRequestWarning: Unverified HTTPS request is being made to host 'randomuser.me'. Adding certificate verification is strongly advised. See: https://urllib3.readthedocs.io/en/latest/advanced-usage.html#tls-warnings
  warnings.warn(</msg>
<msg time="2024-08-10T15:16:33.934629" level="INFO">${response} = &lt;Response [200]&gt;</msg>
<var>${response}</var>
<arg>consultarAPI</arg>
<arg>/api</arg>
<doc>Sends a GET request on a previously created HTTP Session.</doc>
<status status="PASS" start="2024-08-10T15:16:33.830144" elapsed="0.104519"/>
</kw>
<kw name="Set Variable" owner="BuiltIn">
<msg time="2024-08-10T15:16:33.935683" level="INFO">${json_data} = {'results': [{'gender': 'male', 'name': {'title': 'Mr', 'first': 'Jagdish', 'last': 'Moolya'}, 'location': {'street': {'number': 9850, 'name': 'Rajpath'}, 'city': 'Shahjahanpur', 'state': 'Karnataka',...</msg>
<var>${json_data}</var>
<arg>${response.json()}</arg>
<doc>Returns the given values which can then be assigned to a variables.</doc>
<status status="PASS" start="2024-08-10T15:16:33.935113" elapsed="0.000598"/>
</kw>
<kw name="Set Variable" owner="BuiltIn">
<msg time="2024-08-10T15:16:33.936408" level="INFO">${name_title} = Mr</msg>
<var>${name_title}</var>
<arg>${json_data["results"][0]["name"]["title"]}</arg>
<doc>Returns the given values which can then be assigned to a variables.</doc>
<status status="PASS" start="2024-08-10T15:16:33.936021" elapsed="0.000413"/>
</kw>
<kw name="Create List" owner="BuiltIn">
<msg time="2024-08-10T15:16:33.936920" level="INFO">${allowed_titles} = ['Mr', 'Ms', 'Miss', 'Mrs', 'Madame', 'Monsieur']</msg>
<var>${allowed_titles}</var>
<arg>Mr</arg>
<arg>Ms</arg>
<arg>Miss</arg>
<arg>Mrs</arg>
<arg>Madame</arg>
<arg>Monsieur</arg>
<doc>Returns a list containing given items.</doc>
<status status="PASS" start="2024-08-10T15:16:33.936767" elapsed="0.000179"/>
</kw>
<kw name="List Should Contain Value" owner="Collections">
<arg>${allowed_titles}</arg>
<arg>${name_title}</arg>
<doc>Fails if the ``value`` is not found from ``list``.</doc>
<status status="PASS" start="2024-08-10T15:16:33.937245" elapsed="0.000172"/>
</kw>
<kw name="Set Variable" owner="BuiltIn">
<msg time="2024-08-10T15:16:33.937977" level="INFO">${name_country} = IN</msg>
<var>${name_country}</var>
<arg>${json_data["results"][0]["nat"]}</arg>
<doc>Returns the given values which can then be assigned to a variables.</doc>
<status status="PASS" start="2024-08-10T15:16:33.937602" elapsed="0.000412"/>
</kw>
<kw name="Create List" owner="BuiltIn">
<msg time="2024-08-10T15:16:33.938900" level="INFO">${list_country} = ['AD', 'AE', 'AF', 'AG', 'AI', 'AL', 'AM', 'AO', 'AQ', 'AR', 'AS', 'AT', 'AU', 'AW', 'AX', 'AZ', 'BA', 'BB', 'BD', 'BE', 'BF', 'BG', 'BH', 'BI', 'BJ', 'BL', 'BM', 'BN', 'BO', 'BQ', 'BR', 'BS', 'BT', '...</msg>
<var>${list_country}</var>
<arg>AD</arg>
<arg>AE</arg>
<arg>AF</arg>
<arg>AG</arg>
<arg>AI</arg>
<arg>AL</arg>
<arg>AM</arg>
<arg>AO</arg>
<arg>AQ</arg>
<arg>AR</arg>
<arg>AS</arg>
<arg>AT</arg>
<arg>AU</arg>
<arg>AW</arg>
<arg>AX</arg>
<arg>AZ</arg>
<arg>BA</arg>
<arg>BB</arg>
<arg>BD</arg>
<arg>BE</arg>
<arg>BF</arg>
<arg>BG</arg>
<arg>BH</arg>
<arg>BI</arg>
<arg>BJ</arg>
<arg>BL</arg>
<arg>BM</arg>
<arg>BN</arg>
<arg>BO</arg>
<arg>BQ</arg>
<arg>BR</arg>
<arg>BS</arg>
<arg>BT</arg>
<arg>BV</arg>
<arg>BW</arg>
<arg>BY</arg>
<arg>BZ</arg>
<arg>CA</arg>
<arg>CC</arg>
<arg>CD</arg>
<arg>CF</arg>
<arg>CG</arg>
<arg>CH</arg>
<arg>CI</arg>
<arg>CK</arg>
<arg>CL</arg>
<arg>CM</arg>
<arg>CN</arg>
<arg>CO</arg>
<arg>CR</arg>
<arg>CU</arg>
<arg>CV</arg>
<arg>CW</arg>
<arg>CX</arg>
<arg>CY</arg>
<arg>CZ</arg>
<arg>DE</arg>
<arg>DJ</arg>
<arg>DK</arg>
<arg>DM</arg>
<arg>DO</arg>
<arg>DZ</arg>
<arg>EC</arg>
<arg>EE</arg>
<arg>EG</arg>
<arg>EH</arg>
<arg>ER</arg>
<arg>ES</arg>
<arg>ET</arg>
<arg>FI</arg>
<arg>FJ</arg>
<arg>FK</arg>
<arg>FM</arg>
<arg>FO</arg>
<arg>FR</arg>
<arg>GA</arg>
<arg>GB</arg>
<arg>GD</arg>
<arg>GE</arg>
<arg>GF</arg>
<arg>GG</arg>
<arg>GH</arg>
<arg>GI</arg>
<arg>GL</arg>
<arg>GM</arg>
<arg>GN</arg>
<arg>GP</arg>
<arg>GQ</arg>
<arg>GR</arg>
<arg>GS</arg>
<arg>GT</arg>
<arg>GU</arg>
<arg>GW</arg>
<arg>GY</arg>
<arg>HK</arg>
<arg>HM</arg>
<arg>HN</arg>
<arg>HR</arg>
<arg>HT</arg>
<arg>HU</arg>
<arg>ID</arg>
<arg>IE</arg>
<arg>IL</arg>
<arg>IM</arg>
<arg>IN</arg>
<arg>IO</arg>
<arg>IQ</arg>
<arg>IR</arg>
<arg>IS</arg>
<arg>IT</arg>
<arg>JE</arg>
<arg>JM</arg>
<arg>JO</arg>
<arg>JP</arg>
<arg>KE</arg>
<arg>KG</arg>
<arg>KH</arg>
<arg>KI</arg>
<arg>KM</arg>
<arg>KN</arg>
<arg>KP</arg>
<arg>KR</arg>
<arg>KW</arg>
<arg>KY</arg>
<arg>KZ</arg>
<arg>LA</arg>
<arg>LB</arg>
<arg>LC</arg>
<arg>LI</arg>
<arg>LK</arg>
<arg>LR</arg>
<arg>LS</arg>
<arg>LT</arg>
<arg>LU</arg>
<arg>LV</arg>
<arg>LY</arg>
<arg>MA</arg>
<arg>MC</arg>
<arg>MD</arg>
<arg>ME</arg>
<arg>MF</arg>
<arg>MG</arg>
<arg>MH</arg>
<arg>MK</arg>
<arg>ML</arg>
<arg>MM</arg>
<arg>MN</arg>
<arg>MO</arg>
<arg>MP</arg>
<arg>MQ</arg>
<arg>MR</arg>
<arg>MS</arg>
<arg>MT</arg>
<arg>MU</arg>
<arg>MV</arg>
<arg>MW</arg>
<arg>MX</arg>
<arg>MY</arg>
<arg>MZ</arg>
<arg>NA</arg>
<arg>NC</arg>
<arg>NE</arg>
<arg>NF</arg>
<arg>NG</arg>
<arg>NI</arg>
<arg>NL</arg>
<arg>NO</arg>
<arg>NP</arg>
<arg>NR</arg>
<arg>NU</arg>
<arg>NZ</arg>
<arg>OM</arg>
<arg>PA</arg>
<arg>PE</arg>
<arg>PF</arg>
<arg>PG</arg>
<arg>PH</arg>
<arg>PK</arg>
<arg>PL</arg>
<arg>PM</arg>
<arg>PN</arg>
<arg>PR</arg>
<arg>PS</arg>
<arg>PT</arg>
<arg>PW</arg>
<arg>PY</arg>
<arg>QA</arg>
<arg>RE</arg>
<arg>RO</arg>
<arg>RS</arg>
<arg>RU</arg>
<arg>RW</arg>
<arg>SA</arg>
<arg>SB</arg>
<arg>SC</arg>
<arg>SD</arg>
<arg>SE</arg>
<arg>SG</arg>
<arg>SH</arg>
<arg>SI</arg>
<arg>SJ</arg>
<arg>SK</arg>
<arg>SL</arg>
<arg>SM</arg>
<arg>SN</arg>
<arg>SO</arg>
<arg>SR</arg>
<arg>SS</arg>
<arg>ST</arg>
<arg>SV</arg>
<arg>SX</arg>
<arg>SY</arg>
<arg>SZ</arg>
<arg>TC</arg>
<arg>TD</arg>
<arg>TF</arg>
<arg>TG</arg>
<arg>TH</arg>
<arg>TJ</arg>
<arg>TK</arg>
<arg>TL</arg>
<arg>TM</arg>
<arg>TN</arg>
<arg>TO</arg>
<arg>TR</arg>
<arg>TT</arg>
<arg>TV</arg>
<arg>TW</arg>
<arg>TZ</arg>
<arg>UA</arg>
<arg>UG</arg>
<arg>UM</arg>
<arg>US</arg>
<arg>UY</arg>
<arg>UZ</arg>
<arg>VA</arg>
<arg>VC</arg>
<arg>VE</arg>
<arg>VG</arg>
<arg>VI</arg>
<arg>VN</arg>
<arg>VU</arg>
<arg>WF</arg>
<arg>WS</arg>
<arg>XK</arg>
<arg>YE</arg>
<arg>YT</arg>
<arg>ZA</arg>
<arg>ZM</arg>
<arg>ZW</arg>
<doc>Returns a list containing given items.</doc>
<status status="PASS" start="2024-08-10T15:16:33.938306" elapsed="0.000620"/>
</kw>
<kw name="List Should Contain Value" owner="Collections">
<arg>${list_country}</arg>
<arg>${name_country}</arg>
<doc>Fails if the ``value`` is not found from ``list``.</doc>
<status status="PASS" start="2024-08-10T15:16:33.939859" elapsed="0.000207"/>
</kw>
<kw name="Run Keyword If" owner="BuiltIn">
<kw name="Should Be True" owner="BuiltIn">
<arg>${True}</arg>
<doc>Fails if the given condition is not true.</doc>
<status status="PASS" start="2024-08-10T15:16:33.941036" elapsed="0.000151"/>
</kw>
<arg>${json_data["results"][0]["location"]["coordinates"]["latitude"]} &gt;= -90 and ${json_data["results"][0]["location"]["coordinates"]["latitude"]} &lt;= 90</arg>
<arg>Should Be True</arg>
<arg>${True}</arg>
<doc>Runs the given keyword with the given arguments, if ``condition`` is true.</doc>
<status status="PASS" start="2024-08-10T15:16:33.940262" elapsed="0.001050"/>
</kw>
<kw name="Run Keyword If" owner="BuiltIn">
<kw name="Should Be True" owner="BuiltIn">
<arg>${True}</arg>
<doc>Fails if the given condition is not true.</doc>
<status status="PASS" start="2024-08-10T15:16:33.942184" elapsed="0.000138"/>
</kw>
<arg>${json_data["results"][0]["location"]["coordinates"]["longitude"]} &gt;= -180 and ${json_data["results"][0]["location"]["coordinates"]["longitude"]} &lt;= 180</arg>
<arg>Should Be True</arg>
<arg>${True}</arg>
<doc>Runs the given keyword with the given arguments, if ``condition`` is true.</doc>
<status status="PASS" start="2024-08-10T15:16:33.941495" elapsed="0.000951"/>
</kw>
<status status="PASS" start="2024-08-10T15:16:33.829926" elapsed="0.112646"/>
</kw>
<doc>Testa o conteúdo específico dos campos retornados pela API.</doc>
<tag>testeConteudo</tag>
<status status="PASS" start="2024-08-10T15:16:33.829429" elapsed="0.113282"/>
</test>
<status status="PASS" start="2024-08-10T15:16:32.923204" elapsed="1.021462"/>
</suite>
<status status="PASS" start="2024-08-10T15:16:32.908776" elapsed="1.041001"/>
</suite>
<statistics>
<total>
<stat pass="5" fail="0" skip="0">All Tests</stat>
</total>
<tag>
<stat pass="1" fail="0" skip="0">testeConteudo</stat>
<stat pass="1" fail="0" skip="0">testeEstruturaResposta</stat>
<stat pass="1" fail="0" skip="0">testeRequisicaoBasica</stat>
<stat pass="1" fail="0" skip="0">testeTiposDados</stat>
</tag>
<suite>
<stat pass="5" fail="0" skip="0" id="s1" name="Tests">Tests</stat>
<stat pass="5" fail="0" skip="0" id="s1-s1" name="Random-User-Test">Tests.Random-User-Test</stat>
</suite>
</statistics>
<errors>
</errors>
</robot>
