<?xml version="1.0" encoding="UTF-8"?>
<robot generator="Robot 7.0 (Python 3.12.3 on linux)" generated="2024-04-20T17:11:21.273572" rpa="false" schemaversion="5">
<suite id="s1" name="Tests" source="/home/runner/work/DesafioQAItauRogerioJordao/DesafioQAItauRogerioJordao/RamdonUser/tests">
<suite id="s1-s1" name="Random-User-Test" source="/home/runner/work/DesafioQAItauRogerioJordao/DesafioQAItauRogerioJordao/RamdonUser/tests/random-user-test.robot">
<test id="s1-s1-t1" name="Conectar" line="13">
<kw name="Conectar API" owner="random-user-service">
<kw name="Create Session" owner="RequestsLibrary">
<msg time="2024-04-20T17:11:21.631501" level="INFO">Creating Session using : alias=consultarAPI, url=https://randomuser.me/, headers={},                     cookies={}, auth=None, timeout=None, proxies=None, verify=False,                     debug=0 </msg>
<arg>consultarAPI</arg>
<arg>${URL}</arg>
<doc>Create Session: create a HTTP session to a server</doc>
<status status="PASS" start="2024-04-20T17:11:21.631308" elapsed="0.000367"/>
</kw>
<status status="PASS" start="2024-04-20T17:11:21.630377" elapsed="0.001650"/>
</kw>
<status status="PASS" start="2024-04-20T17:11:21.629828" elapsed="0.002389"/>
</test>
<test id="s1-s1-t2" name="Validar retorno 200 e JSON Válido" line="16">
<kw name="Teste de Requisicao Basica" owner="random-user-service">
<kw name="GET On Session" owner="RequestsLibrary">
<msg time="2024-04-20T17:11:21.892178" level="INFO">GET Request : url=https://randomuser.me/api 
 path_url=/api 
 headers={'User-Agent': 'python-requests/2.31.0', 'Accept-Encoding': 'gzip, deflate', 'Accept': '*/*', 'Connection': 'keep-alive'} 
 body=None 
 </msg>
<msg time="2024-04-20T17:11:21.892323" level="INFO">GET Response : url=https://randomuser.me/api 
 status=200, reason=OK 
 headers={'Date': 'Sat, 20 Apr 2024 17:11:21 GMT', 'Content-Type': 'application/json; charset=utf-8', 'Transfer-Encoding': 'chunked', 'Connection': 'keep-alive', 'X-Powered-By': 'Express', 'Access-Control-Allow-Origin': '*', 'Cache-Control': 'no-cache', 'ETag': 'W/"480-3+Fhq4HmkvdllW8nBKerY8J5Nas"', 'Vary': 'Accept-Encoding', 'Content-Encoding': 'gzip', 'CF-Cache-Status': 'DYNAMIC', 'Report-To': '{"endpoints":[{"url":"https:\\/\\/a.nel.cloudflare.com\\/report\\/v4?s=V3i7cMMDNdy2o8kE3pjzW13wXuYlXOgLEaApj8AKHSk95UIsTft7FYm1AmSH1jvDLCa6pCaNq8%2FveIOUSb0NtWXqPqEk%2BFg5T1OCredd3E723zmHLXyO6REUKPrHJ8LB"}],"group":"cf-nel","max_age":604800}', 'NEL': '{"success_fraction":0,"report_to":"cf-nel","max_age":604800}', 'Server': 'cloudflare', 'CF-RAY': '8776c0c95d6f1d6e-ATL', 'alt-svc': 'h3=":443"; ma=86400'} 
 body={"results":[{"gender":"male","name":{"title":"Mr","first":"Josep","last":"Medina"},"location":{"street":{"number":8480,"name":"Calle de Ferraz"},"city":"Toledo","state":"Comunidad de Madrid","country":"Spain","postcode":98742,"coordinates":{"latitude":"-30.2239","longitude":"-115.3144"},"timezone":{"offset":"+9:30","description":"Adelaide, Darwin"}},"email":"josep.medina@example.com","login":{"uuid":"a8ed7d8f-44d0-472f-99b1-3c555fa4943f","username":"sadbutterfly294","password":"moses","salt":"qs1dEj7v","md5":"5c3805fbb39daa945bf264ec02cf7de2","sha1":"5fdd4d079e6ab50312b21aba4df9a5c2ec7c55f6","sha256":"001a01f001b0f53b5cbbed8d41b5437aec9aeaca56c42b8560213d2abe1f537e"},"dob":{"date":"1990-09-04T03:22:04.448Z","age":33},"registered":{"date":"2008-07-12T16:27:36.162Z","age":15},"phone":"939-626-329","cell":"663-416-162","id":{"name":"DNI","value":"68882510-E"},"picture":{"large":"https://randomuser.me/api/portraits/men/36.jpg","medium":"https://randomuser.me/api/portraits/med/men/36.jpg","thumbnail":"https://randomuser.me/api/portraits/thumb/men/36.jpg"},"nat":"ES"}],"info":{"seed":"e185ef651eb2006c","results":1,"page":1,"version":"1.4"}} 
 </msg>
<msg time="2024-04-20T17:11:21.892420" level="INFO">/opt/hostedtoolcache/Python/3.12.3/x64/lib/python3.12/site-packages/urllib3/connectionpool.py:1103: InsecureRequestWarning: Unverified HTTPS request is being made to host 'randomuser.me'. Adding certificate verification is strongly advised. See: https://urllib3.readthedocs.io/en/latest/advanced-usage.html#tls-warnings
  warnings.warn(</msg>
<msg time="2024-04-20T17:11:21.892599" level="INFO">${response} = &lt;Response [200]&gt;</msg>
<var>${response}</var>
<arg>consultarAPI</arg>
<arg>/api</arg>
<doc>Sends a GET request on a previously created HTTP Session.</doc>
<status status="PASS" start="2024-04-20T17:11:21.634894" elapsed="0.257763"/>
</kw>
<kw name="Should Be Equal As Numbers" owner="BuiltIn">
<msg time="2024-04-20T17:11:21.893500" level="INFO">Argument types are:
&lt;class 'int'&gt;
&lt;class 'str'&gt;</msg>
<arg>${response.status_code}</arg>
<arg>200</arg>
<doc>Fails if objects are unequal after converting them to real numbers.</doc>
<status status="PASS" start="2024-04-20T17:11:21.893089" elapsed="0.000475"/>
</kw>
<kw name="Log" owner="BuiltIn">
<msg time="2024-04-20T17:11:21.894316" level="INFO">200</msg>
<arg>${response.status_code}</arg>
<doc>Logs the given message with the given level.</doc>
<status status="PASS" start="2024-04-20T17:11:21.893901" elapsed="0.000458"/>
</kw>
<kw name="Set Variable" owner="BuiltIn">
<msg time="2024-04-20T17:11:21.895112" level="INFO">${json_data} = {'results': [{'gender': 'male', 'name': {'title': 'Mr', 'first': 'Josep', 'last': 'Medina'}, 'location': {'street': {'number': 8480, 'name': 'Calle de Ferraz'}, 'city': 'Toledo', 'state': 'Comunidad d...</msg>
<var>${json_data}</var>
<arg>${response.json()}</arg>
<doc>Returns the given values which can then be assigned to a variables.</doc>
<status status="PASS" start="2024-04-20T17:11:21.894671" elapsed="0.000470"/>
</kw>
<kw name="Dictionary Should Contain Key" owner="Collections">
<msg time="2024-04-20T17:11:21.895616" level="INFO">False</msg>
<arg>${json_data}</arg>
<arg>results</arg>
<doc>Fails if ``key`` is not found from ``dictionary``.</doc>
<status status="PASS" start="2024-04-20T17:11:21.895450" elapsed="0.000206"/>
</kw>
<status status="PASS" start="2024-04-20T17:11:21.634649" elapsed="0.261265"/>
</kw>
<doc>Testa se a API responde corretamente e retorna um objeto JSON válido.</doc>
<tag>testeRequisicaoBasica</tag>
<status status="PASS" start="2024-04-20T17:11:21.634126" elapsed="0.261962"/>
</test>
<test id="s1-s1-t3" name="Validar estrutura de resposta" line="22">
<kw name="Teste de Estrutura de Resposta" owner="random-user-service">
<kw name="GET On Session" owner="RequestsLibrary">
<msg time="2024-04-20T17:11:21.985928" level="INFO">GET Request : url=https://randomuser.me/api 
 path_url=/api 
 headers={'User-Agent': 'python-requests/2.31.0', 'Accept-Encoding': 'gzip, deflate', 'Accept': '*/*', 'Connection': 'keep-alive'} 
 body=None 
 </msg>
<msg time="2024-04-20T17:11:21.986001" level="INFO">GET Response : url=https://randomuser.me/api 
 status=200, reason=OK 
 headers={'Date': 'Sat, 20 Apr 2024 17:11:21 GMT', 'Content-Type': 'application/json; charset=utf-8', 'Transfer-Encoding': 'chunked', 'Connection': 'keep-alive', 'X-Powered-By': 'Express', 'Access-Control-Allow-Origin': '*', 'Cache-Control': 'no-cache', 'ETag': 'W/"48f-26zMyiMH3/6n90tRCfdL8serqxg"', 'Vary': 'Accept-Encoding', 'Content-Encoding': 'gzip', 'CF-Cache-Status': 'DYNAMIC', 'Report-To': '{"endpoints":[{"url":"https:\\/\\/a.nel.cloudflare.com\\/report\\/v4?s=JrN8XGiljQ9yH94%2FMlx0EyJkat%2BlyQq4G9Ejzrc9OFFLomf5vSS7P4NJsEwn%2FwRdDtFcqaCILTPlAVFow5Uwku2zTtMTEjFum8oi1Re5axivt%2BYWtve4SjH0vjK795yD"}],"group":"cf-nel","max_age":604800}', 'NEL': '{"success_fraction":0,"report_to":"cf-nel","max_age":604800}', 'Server': 'cloudflare', 'CF-RAY': '8776c0c9eeac1d6e-ATL', 'alt-svc': 'h3=":443"; ma=86400'} 
 body={"results":[{"gender":"female","name":{"title":"Miss","first":"Peppi","last":"Lauri"},"location":{"street":{"number":6215,"name":"Mannerheimintie"},"city":"Säkylä","state":"Lapland","country":"Finland","postcode":96182,"coordinates":{"latitude":"-21.4461","longitude":"114.0503"},"timezone":{"offset":"+7:00","description":"Bangkok, Hanoi, Jakarta"}},"email":"peppi.lauri@example.com","login":{"uuid":"c70d95d4-fb0d-4121-955c-9249d2efb55a","username":"smalllion268","password":"enforcer","salt":"TdZgke3w","md5":"1adb027c177f88bbc2182ac2483cb953","sha1":"62152ed2a4853ae006dafea4baf4380018517c7d","sha256":"4c0f583fae0bb91d7e7600bd6c99303dfbf83c10367b3d0f860a212e2835079a"},"dob":{"date":"1961-08-10T10:12:48.750Z","age":62},"registered":{"date":"2013-09-19T12:16:09.186Z","age":10},"phone":"03-997-336","cell":"041-152-69-87","id":{"name":"HETU","value":"NaNNA734undefined"},"picture":{"large":"https://randomuser.me/api/portraits/women/79.jpg","medium":"https://randomuser.me/api/portraits/med/women/79.jpg","thumbnail":"https://randomuser.me/api/portraits/thumb/women/79.jpg"},"nat":"FI"}],"info":{"seed":"682bc59319e6d503","results":1,"page":1,"version":"1.4"}} 
 </msg>
<msg time="2024-04-20T17:11:21.986126" level="INFO">/opt/hostedtoolcache/Python/3.12.3/x64/lib/python3.12/site-packages/urllib3/connectionpool.py:1103: InsecureRequestWarning: Unverified HTTPS request is being made to host 'randomuser.me'. Adding certificate verification is strongly advised. See: https://urllib3.readthedocs.io/en/latest/advanced-usage.html#tls-warnings
  warnings.warn(</msg>
<msg time="2024-04-20T17:11:21.986242" level="INFO">${response} = &lt;Response [200]&gt;</msg>
<var>${response}</var>
<arg>consultarAPI</arg>
<arg>/api</arg>
<doc>Sends a GET request on a previously created HTTP Session.</doc>
<status status="PASS" start="2024-04-20T17:11:21.898724" elapsed="0.087559"/>
</kw>
<kw name="Set Variable" owner="BuiltIn">
<msg time="2024-04-20T17:11:21.987111" level="INFO">${json_data} = {'results': [{'gender': 'female', 'name': {'title': 'Miss', 'first': 'Peppi', 'last': 'Lauri'}, 'location': {'street': {'number': 6215, 'name': 'Mannerheimintie'}, 'city': 'Säkylä', 'state': 'Lapland'...</msg>
<var>${json_data}</var>
<arg>${response.json()}</arg>
<doc>Returns the given values which can then be assigned to a variables.</doc>
<status status="PASS" start="2024-04-20T17:11:21.986643" elapsed="0.000498"/>
</kw>
<kw name="Log" owner="BuiltIn">
<msg time="2024-04-20T17:11:21.987608" level="INFO">{'results': [{'gender': 'female', 'name': {'title': 'Miss', 'first': 'Peppi', 'last': 'Lauri'}, 'location': {'street': {'number': 6215, 'name': 'Mannerheimintie'}, 'city': 'Säkylä', 'state': 'Lapland', 'country': 'Finland', 'postcode': 96182, 'coordinates': {'latitude': '-21.4461', 'longitude': '114.0503'}, 'timezone': {'offset': '+7:00', 'description': 'Bangkok, Hanoi, Jakarta'}}, 'email': 'peppi.lauri@example.com', 'login': {'uuid': 'c70d95d4-fb0d-4121-955c-9249d2efb55a', 'username': 'smalllion268', 'password': 'enforcer', 'salt': 'TdZgke3w', 'md5': '1adb027c177f88bbc2182ac2483cb953', 'sha1': '62152ed2a4853ae006dafea4baf4380018517c7d', 'sha256': '4c0f583fae0bb91d7e7600bd6c99303dfbf83c10367b3d0f860a212e2835079a'}, 'dob': {'date': '1961-08-10T10:12:48.750Z', 'age': 62}, 'registered': {'date': '2013-09-19T12:16:09.186Z', 'age': 10}, 'phone': '03-997-336', 'cell': '041-152-69-87', 'id': {'name': 'HETU', 'value': 'NaNNA734undefined'}, 'picture': {'large': 'https://randomuser.me/api/portraits/women/79.jpg', 'medium': 'https://randomuser.me/api/portraits/med/women/79.jpg', 'thumbnail': 'https://randomuser.me/api/portraits/thumb/women/79.jpg'}, 'nat': 'FI'}], 'info': {'seed': '682bc59319e6d503', 'results': 1, 'page': 1, 'version': '1.4'}}</msg>
<arg>${json_data}</arg>
<doc>Logs the given message with the given level.</doc>
<status status="PASS" start="2024-04-20T17:11:21.987449" elapsed="0.000210"/>
</kw>
<kw name="Dictionary Should Contain Key" owner="Collections">
<msg time="2024-04-20T17:11:21.988110" level="INFO">False</msg>
<arg>${json_data}</arg>
<arg>results</arg>
<doc>Fails if ``key`` is not found from ``dictionary``.</doc>
<status status="PASS" start="2024-04-20T17:11:21.987958" elapsed="0.000189"/>
</kw>
<kw name="Should Not Be Empty" owner="BuiltIn">
<msg time="2024-04-20T17:11:21.988578" level="INFO">Length is 2.</msg>
<arg>${json_data}</arg>
<doc>Verifies that the given item is not empty.</doc>
<status status="PASS" start="2024-04-20T17:11:21.988439" elapsed="0.000178"/>
</kw>
<kw name="Create List" owner="BuiltIn">
<msg time="2024-04-20T17:11:21.989175" level="INFO">${expected_keys} = ['gender', 'name', 'location', 'email', 'login']</msg>
<var>${expected_keys}</var>
<arg>gender</arg>
<arg>name</arg>
<arg>location</arg>
<arg>email</arg>
<arg>login</arg>
<doc>Returns a list containing given items.</doc>
<status status="PASS" start="2024-04-20T17:11:21.988902" elapsed="0.000298"/>
</kw>
<for flavor="IN">
<iter>
<kw name="Dictionary Should Contain Key" owner="Collections">
<msg time="2024-04-20T17:11:21.990194" level="INFO">False</msg>
<arg>${json_data['results'][0]}</arg>
<arg>${key}</arg>
<doc>Fails if ``key`` is not found from ``dictionary``.</doc>
<status status="PASS" start="2024-04-20T17:11:21.989765" elapsed="0.000475"/>
</kw>
<kw name="Log" owner="BuiltIn">
<msg time="2024-04-20T17:11:21.990923" level="INFO">{'gender': 'female', 'name': {'title': 'Miss', 'first': 'Peppi', 'last': 'Lauri'}, 'location': {'street': {'number': 6215, 'name': 'Mannerheimintie'}, 'city': 'Säkylä', 'state': 'Lapland', 'country': 'Finland', 'postcode': 96182, 'coordinates': {'latitude': '-21.4461', 'longitude': '114.0503'}, 'timezone': {'offset': '+7:00', 'description': 'Bangkok, Hanoi, Jakarta'}}, 'email': 'peppi.lauri@example.com', 'login': {'uuid': 'c70d95d4-fb0d-4121-955c-9249d2efb55a', 'username': 'smalllion268', 'password': 'enforcer', 'salt': 'TdZgke3w', 'md5': '1adb027c177f88bbc2182ac2483cb953', 'sha1': '62152ed2a4853ae006dafea4baf4380018517c7d', 'sha256': '4c0f583fae0bb91d7e7600bd6c99303dfbf83c10367b3d0f860a212e2835079a'}, 'dob': {'date': '1961-08-10T10:12:48.750Z', 'age': 62}, 'registered': {'date': '2013-09-19T12:16:09.186Z', 'age': 10}, 'phone': '03-997-336', 'cell': '041-152-69-87', 'id': {'name': 'HETU', 'value': 'NaNNA734undefined'}, 'picture': {'large': 'https://randomuser.me/api/portraits/women/79.jpg', 'medium': 'https://randomuser.me/api/portraits/med/women/79.jpg', 'thumbnail': 'https://randomuser.me/api/portraits/thumb/women/79.jpg'}, 'nat': 'FI'}</msg>
<arg>${json_data['results'][0]}</arg>
<doc>Logs the given message with the given level.</doc>
<status status="PASS" start="2024-04-20T17:11:21.990547" elapsed="0.000427"/>
</kw>
<kw name="Log" owner="BuiltIn">
<msg time="2024-04-20T17:11:21.991404" level="INFO">gender</msg>
<arg>${key}</arg>
<doc>Logs the given message with the given level.</doc>
<status status="PASS" start="2024-04-20T17:11:21.991276" elapsed="0.000167"/>
</kw>
<var name="${key}">gender</var>
<status status="PASS" start="2024-04-20T17:11:21.989639" elapsed="0.002018"/>
</iter>
<iter>
<kw name="Dictionary Should Contain Key" owner="Collections">
<msg time="2024-04-20T17:11:21.992350" level="INFO">False</msg>
<arg>${json_data['results'][0]}</arg>
<arg>${key}</arg>
<doc>Fails if ``key`` is not found from ``dictionary``.</doc>
<status status="PASS" start="2024-04-20T17:11:21.991963" elapsed="0.000425"/>
</kw>
<kw name="Log" owner="BuiltIn">
<msg time="2024-04-20T17:11:21.993086" level="INFO">{'gender': 'female', 'name': {'title': 'Miss', 'first': 'Peppi', 'last': 'Lauri'}, 'location': {'street': {'number': 6215, 'name': 'Mannerheimintie'}, 'city': 'Säkylä', 'state': 'Lapland', 'country': 'Finland', 'postcode': 96182, 'coordinates': {'latitude': '-21.4461', 'longitude': '114.0503'}, 'timezone': {'offset': '+7:00', 'description': 'Bangkok, Hanoi, Jakarta'}}, 'email': 'peppi.lauri@example.com', 'login': {'uuid': 'c70d95d4-fb0d-4121-955c-9249d2efb55a', 'username': 'smalllion268', 'password': 'enforcer', 'salt': 'TdZgke3w', 'md5': '1adb027c177f88bbc2182ac2483cb953', 'sha1': '62152ed2a4853ae006dafea4baf4380018517c7d', 'sha256': '4c0f583fae0bb91d7e7600bd6c99303dfbf83c10367b3d0f860a212e2835079a'}, 'dob': {'date': '1961-08-10T10:12:48.750Z', 'age': 62}, 'registered': {'date': '2013-09-19T12:16:09.186Z', 'age': 10}, 'phone': '03-997-336', 'cell': '041-152-69-87', 'id': {'name': 'HETU', 'value': 'NaNNA734undefined'}, 'picture': {'large': 'https://randomuser.me/api/portraits/women/79.jpg', 'medium': 'https://randomuser.me/api/portraits/med/women/79.jpg', 'thumbnail': 'https://randomuser.me/api/portraits/thumb/women/79.jpg'}, 'nat': 'FI'}</msg>
<arg>${json_data['results'][0]}</arg>
<doc>Logs the given message with the given level.</doc>
<status status="PASS" start="2024-04-20T17:11:21.992722" elapsed="0.000414"/>
</kw>
<kw name="Log" owner="BuiltIn">
<msg time="2024-04-20T17:11:21.993560" level="INFO">name</msg>
<arg>${key}</arg>
<doc>Logs the given message with the given level.</doc>
<status status="PASS" start="2024-04-20T17:11:21.993434" elapsed="0.000164"/>
</kw>
<var name="${key}">name</var>
<status status="PASS" start="2024-04-20T17:11:21.991847" elapsed="0.001964"/>
</iter>
<iter>
<kw name="Dictionary Should Contain Key" owner="Collections">
<msg time="2024-04-20T17:11:21.994522" level="INFO">False</msg>
<arg>${json_data['results'][0]}</arg>
<arg>${key}</arg>
<doc>Fails if ``key`` is not found from ``dictionary``.</doc>
<status status="PASS" start="2024-04-20T17:11:21.994123" elapsed="0.000437"/>
</kw>
<kw name="Log" owner="BuiltIn">
<msg time="2024-04-20T17:11:21.995227" level="INFO">{'gender': 'female', 'name': {'title': 'Miss', 'first': 'Peppi', 'last': 'Lauri'}, 'location': {'street': {'number': 6215, 'name': 'Mannerheimintie'}, 'city': 'Säkylä', 'state': 'Lapland', 'country': 'Finland', 'postcode': 96182, 'coordinates': {'latitude': '-21.4461', 'longitude': '114.0503'}, 'timezone': {'offset': '+7:00', 'description': 'Bangkok, Hanoi, Jakarta'}}, 'email': 'peppi.lauri@example.com', 'login': {'uuid': 'c70d95d4-fb0d-4121-955c-9249d2efb55a', 'username': 'smalllion268', 'password': 'enforcer', 'salt': 'TdZgke3w', 'md5': '1adb027c177f88bbc2182ac2483cb953', 'sha1': '62152ed2a4853ae006dafea4baf4380018517c7d', 'sha256': '4c0f583fae0bb91d7e7600bd6c99303dfbf83c10367b3d0f860a212e2835079a'}, 'dob': {'date': '1961-08-10T10:12:48.750Z', 'age': 62}, 'registered': {'date': '2013-09-19T12:16:09.186Z', 'age': 10}, 'phone': '03-997-336', 'cell': '041-152-69-87', 'id': {'name': 'HETU', 'value': 'NaNNA734undefined'}, 'picture': {'large': 'https://randomuser.me/api/portraits/women/79.jpg', 'medium': 'https://randomuser.me/api/portraits/med/women/79.jpg', 'thumbnail': 'https://randomuser.me/api/portraits/thumb/women/79.jpg'}, 'nat': 'FI'}</msg>
<arg>${json_data['results'][0]}</arg>
<doc>Logs the given message with the given level.</doc>
<status status="PASS" start="2024-04-20T17:11:21.994863" elapsed="0.000413"/>
</kw>
<kw name="Log" owner="BuiltIn">
<msg time="2024-04-20T17:11:21.995697" level="INFO">location</msg>
<arg>${key}</arg>
<doc>Logs the given message with the given level.</doc>
<status status="PASS" start="2024-04-20T17:11:21.995571" elapsed="0.000164"/>
</kw>
<var name="${key}">location</var>
<status status="PASS" start="2024-04-20T17:11:21.993989" elapsed="0.001960"/>
</iter>
<iter>
<kw name="Dictionary Should Contain Key" owner="Collections">
<msg time="2024-04-20T17:11:21.996618" level="INFO">False</msg>
<arg>${json_data['results'][0]}</arg>
<arg>${key}</arg>
<doc>Fails if ``key`` is not found from ``dictionary``.</doc>
<status status="PASS" start="2024-04-20T17:11:21.996234" elapsed="0.000421"/>
</kw>
<kw name="Log" owner="BuiltIn">
<msg time="2024-04-20T17:11:21.997314" level="INFO">{'gender': 'female', 'name': {'title': 'Miss', 'first': 'Peppi', 'last': 'Lauri'}, 'location': {'street': {'number': 6215, 'name': 'Mannerheimintie'}, 'city': 'Säkylä', 'state': 'Lapland', 'country': 'Finland', 'postcode': 96182, 'coordinates': {'latitude': '-21.4461', 'longitude': '114.0503'}, 'timezone': {'offset': '+7:00', 'description': 'Bangkok, Hanoi, Jakarta'}}, 'email': 'peppi.lauri@example.com', 'login': {'uuid': 'c70d95d4-fb0d-4121-955c-9249d2efb55a', 'username': 'smalllion268', 'password': 'enforcer', 'salt': 'TdZgke3w', 'md5': '1adb027c177f88bbc2182ac2483cb953', 'sha1': '62152ed2a4853ae006dafea4baf4380018517c7d', 'sha256': '4c0f583fae0bb91d7e7600bd6c99303dfbf83c10367b3d0f860a212e2835079a'}, 'dob': {'date': '1961-08-10T10:12:48.750Z', 'age': 62}, 'registered': {'date': '2013-09-19T12:16:09.186Z', 'age': 10}, 'phone': '03-997-336', 'cell': '041-152-69-87', 'id': {'name': 'HETU', 'value': 'NaNNA734undefined'}, 'picture': {'large': 'https://randomuser.me/api/portraits/women/79.jpg', 'medium': 'https://randomuser.me/api/portraits/med/women/79.jpg', 'thumbnail': 'https://randomuser.me/api/portraits/thumb/women/79.jpg'}, 'nat': 'FI'}</msg>
<arg>${json_data['results'][0]}</arg>
<doc>Logs the given message with the given level.</doc>
<status status="PASS" start="2024-04-20T17:11:21.996955" elapsed="0.000409"/>
</kw>
<kw name="Log" owner="BuiltIn">
<msg time="2024-04-20T17:11:21.997783" level="INFO">email</msg>
<arg>${key}</arg>
<doc>Logs the given message with the given level.</doc>
<status status="PASS" start="2024-04-20T17:11:21.997657" elapsed="0.000163"/>
</kw>
<var name="${key}">email</var>
<status status="PASS" start="2024-04-20T17:11:21.996122" elapsed="0.001917"/>
</iter>
<iter>
<kw name="Dictionary Should Contain Key" owner="Collections">
<msg time="2024-04-20T17:11:21.998753" level="INFO">False</msg>
<arg>${json_data['results'][0]}</arg>
<arg>${key}</arg>
<doc>Fails if ``key`` is not found from ``dictionary``.</doc>
<status status="PASS" start="2024-04-20T17:11:21.998367" elapsed="0.000424"/>
</kw>
<kw name="Log" owner="BuiltIn">
<msg time="2024-04-20T17:11:21.999471" level="INFO">{'gender': 'female', 'name': {'title': 'Miss', 'first': 'Peppi', 'last': 'Lauri'}, 'location': {'street': {'number': 6215, 'name': 'Mannerheimintie'}, 'city': 'Säkylä', 'state': 'Lapland', 'country': 'Finland', 'postcode': 96182, 'coordinates': {'latitude': '-21.4461', 'longitude': '114.0503'}, 'timezone': {'offset': '+7:00', 'description': 'Bangkok, Hanoi, Jakarta'}}, 'email': 'peppi.lauri@example.com', 'login': {'uuid': 'c70d95d4-fb0d-4121-955c-9249d2efb55a', 'username': 'smalllion268', 'password': 'enforcer', 'salt': 'TdZgke3w', 'md5': '1adb027c177f88bbc2182ac2483cb953', 'sha1': '62152ed2a4853ae006dafea4baf4380018517c7d', 'sha256': '4c0f583fae0bb91d7e7600bd6c99303dfbf83c10367b3d0f860a212e2835079a'}, 'dob': {'date': '1961-08-10T10:12:48.750Z', 'age': 62}, 'registered': {'date': '2013-09-19T12:16:09.186Z', 'age': 10}, 'phone': '03-997-336', 'cell': '041-152-69-87', 'id': {'name': 'HETU', 'value': 'NaNNA734undefined'}, 'picture': {'large': 'https://randomuser.me/api/portraits/women/79.jpg', 'medium': 'https://randomuser.me/api/portraits/med/women/79.jpg', 'thumbnail': 'https://randomuser.me/api/portraits/thumb/women/79.jpg'}, 'nat': 'FI'}</msg>
<arg>${json_data['results'][0]}</arg>
<doc>Logs the given message with the given level.</doc>
<status status="PASS" start="2024-04-20T17:11:21.999095" elapsed="0.000426"/>
</kw>
<kw name="Log" owner="BuiltIn">
<msg time="2024-04-20T17:11:21.999946" level="INFO">login</msg>
<arg>${key}</arg>
<doc>Logs the given message with the given level.</doc>
<status status="PASS" start="2024-04-20T17:11:21.999819" elapsed="0.000166"/>
</kw>
<var name="${key}">login</var>
<status status="PASS" start="2024-04-20T17:11:21.998253" elapsed="0.001971"/>
</iter>
<var>${key}</var>
<value>@{expected_keys}</value>
<status status="PASS" start="2024-04-20T17:11:21.989455" elapsed="0.010897"/>
</for>
<kw name="Create List" owner="BuiltIn">
<msg time="2024-04-20T17:11:22.000686" level="INFO">${expected_keysTwo} = ['username', 'password']</msg>
<var>${expected_keysTwo}</var>
<arg>username</arg>
<arg>password</arg>
<doc>Returns a list containing given items.</doc>
<status status="PASS" start="2024-04-20T17:11:22.000548" elapsed="0.000162"/>
</kw>
<for flavor="IN">
<iter>
<kw name="Dictionary Should Contain Key" owner="Collections">
<msg time="2024-04-20T17:11:22.001603" level="INFO">False</msg>
<arg>${json_data['results'][0]['login']}</arg>
<arg>${keyTwo}</arg>
<doc>Fails if ``key`` is not found from ``dictionary``.</doc>
<status status="PASS" start="2024-04-20T17:11:22.001214" elapsed="0.000428"/>
</kw>
<kw name="Dictionary Should Contain Key" owner="Collections">
<msg time="2024-04-20T17:11:22.002360" level="INFO">False</msg>
<arg>${json_data['results'][0]['login']}</arg>
<arg>${keyTwo}</arg>
<doc>Fails if ``key`` is not found from ``dictionary``.</doc>
<status status="PASS" start="2024-04-20T17:11:22.001935" elapsed="0.000464"/>
</kw>
<kw name="Log" owner="BuiltIn">
<msg time="2024-04-20T17:11:22.002827" level="INFO">username</msg>
<arg>${keyTwo}</arg>
<doc>Logs the given message with the given level.</doc>
<status status="PASS" start="2024-04-20T17:11:22.002702" elapsed="0.000169"/>
</kw>
<var name="${keyTwo}">username</var>
<status status="PASS" start="2024-04-20T17:11:22.001104" elapsed="0.001984"/>
</iter>
<iter>
<kw name="Dictionary Should Contain Key" owner="Collections">
<msg time="2024-04-20T17:11:22.003754" level="INFO">False</msg>
<arg>${json_data['results'][0]['login']}</arg>
<arg>${keyTwo}</arg>
<doc>Fails if ``key`` is not found from ``dictionary``.</doc>
<status status="PASS" start="2024-04-20T17:11:22.003369" elapsed="0.000429"/>
</kw>
<kw name="Dictionary Should Contain Key" owner="Collections">
<msg time="2024-04-20T17:11:22.004556" level="INFO">False</msg>
<arg>${json_data['results'][0]['login']}</arg>
<arg>${keyTwo}</arg>
<doc>Fails if ``key`` is not found from ``dictionary``.</doc>
<status status="PASS" start="2024-04-20T17:11:22.004089" elapsed="0.000506"/>
</kw>
<kw name="Log" owner="BuiltIn">
<msg time="2024-04-20T17:11:22.005017" level="INFO">password</msg>
<arg>${keyTwo}</arg>
<doc>Logs the given message with the given level.</doc>
<status status="PASS" start="2024-04-20T17:11:22.004890" elapsed="0.000166"/>
</kw>
<var name="${keyTwo}">password</var>
<status status="PASS" start="2024-04-20T17:11:22.003259" elapsed="0.002012"/>
</iter>
<var>${keyTwo}</var>
<value>@{expected_keysTwo}</value>
<status status="PASS" start="2024-04-20T17:11:22.000950" elapsed="0.004441"/>
</for>
<status status="PASS" start="2024-04-20T17:11:21.898490" elapsed="0.107039"/>
</kw>
<doc>Testa a estrutura da resposta da API.</doc>
<tag>testeEstruturaResposta</tag>
<status status="PASS" start="2024-04-20T17:11:21.897900" elapsed="0.107780"/>
</test>
<test id="s1-s1-t4" name="Validar tipos de dados" line="28">
<kw name="Teste de Tipos de Dados" owner="random-user-service">
<kw name="GET On Session" owner="RequestsLibrary">
<msg time="2024-04-20T17:11:22.081657" level="INFO">GET Request : url=https://randomuser.me/api 
 path_url=/api 
 headers={'User-Agent': 'python-requests/2.31.0', 'Accept-Encoding': 'gzip, deflate', 'Accept': '*/*', 'Connection': 'keep-alive'} 
 body=None 
 </msg>
<msg time="2024-04-20T17:11:22.081740" level="INFO">GET Response : url=https://randomuser.me/api 
 status=200, reason=OK 
 headers={'Date': 'Sat, 20 Apr 2024 17:11:22 GMT', 'Content-Type': 'application/json; charset=utf-8', 'Transfer-Encoding': 'chunked', 'Connection': 'keep-alive', 'X-Powered-By': 'Express', 'Access-Control-Allow-Origin': '*', 'Cache-Control': 'no-cache', 'ETag': 'W/"494-qtvAh+it/ah3XY6OT7IsPI40b9s"', 'Vary': 'Accept-Encoding', 'Content-Encoding': 'gzip', 'CF-Cache-Status': 'DYNAMIC', 'Report-To': '{"endpoints":[{"url":"https:\\/\\/a.nel.cloudflare.com\\/report\\/v4?s=%2FXFdplvMyzPgS1lANAKl%2F7e6l5t6II9z%2F6mOLMyjZNbUUX%2BelriZx2NNtVnBKXsQm2nftjK%2FTiRY5%2FCaBbGmQc%2BUgv847Kum66Be56wLnZQeR8hEh%2FrPOu658IN%2Fc9dc"}],"group":"cf-nel","max_age":604800}', 'NEL': '{"success_fraction":0,"report_to":"cf-nel","max_age":604800}', 'Server': 'cloudflare', 'CF-RAY': '8776c0ca9fe21d6e-ATL', 'alt-svc': 'h3=":443"; ma=86400'} 
 body={"results":[{"gender":"female","name":{"title":"Miss","first":"Bhoomika","last":"Kumar"},"location":{"street":{"number":9610,"name":"Fontainhas"},"city":"Surendranagar","state":"Karnataka","country":"India","postcode":85715,"coordinates":{"latitude":"8.7168","longitude":"15.5760"},"timezone":{"offset":"+4:00","description":"Abu Dhabi, Muscat, Baku, Tbilisi"}},"email":"bhoomika.kumar@example.com","login":{"uuid":"2729f4e7-d0a3-48a4-821d-7c111623b42a","username":"ticklishladybug789","password":"aaron","salt":"aOoGOrbk","md5":"9ee4c32893491fb6bce2bf7e836014a7","sha1":"8ef1eb7a6cfa3a4315920985acc246d0f8b67bae","sha256":"562d032937ce1220e3ad4466d7100138591bc3502325585ed1452287a43cccf3"},"dob":{"date":"1951-09-20T05:25:39.988Z","age":72},"registered":{"date":"2003-07-14T14:39:21.955Z","age":20},"phone":"8116216061","cell":"7612254623","id":{"name":"UIDAI","value":"813547974097"},"picture":{"large":"https://randomuser.me/api/portraits/women/9.jpg","medium":"https://randomuser.me/api/portraits/med/women/9.jpg","thumbnail":"https://randomuser.me/api/portraits/thumb/women/9.jpg"},"nat":"IN"}],"info":{"seed":"dbe8f09197c88e40","results":1,"page":1,"version":"1.4"}} 
 </msg>
<msg time="2024-04-20T17:11:22.081813" level="INFO">/opt/hostedtoolcache/Python/3.12.3/x64/lib/python3.12/site-packages/urllib3/connectionpool.py:1103: InsecureRequestWarning: Unverified HTTPS request is being made to host 'randomuser.me'. Adding certificate verification is strongly advised. See: https://urllib3.readthedocs.io/en/latest/advanced-usage.html#tls-warnings
  warnings.warn(</msg>
<msg time="2024-04-20T17:11:22.081951" level="INFO">${response} = &lt;Response [200]&gt;</msg>
<var>${response}</var>
<arg>consultarAPI</arg>
<arg>/api</arg>
<doc>Sends a GET request on a previously created HTTP Session.</doc>
<status status="PASS" start="2024-04-20T17:11:22.008250" elapsed="0.073749"/>
</kw>
<kw name="Set Variable" owner="BuiltIn">
<msg time="2024-04-20T17:11:22.082844" level="INFO">${json_data} = {'results': [{'gender': 'female', 'name': {'title': 'Miss', 'first': 'Bhoomika', 'last': 'Kumar'}, 'location': {'street': {'number': 9610, 'name': 'Fontainhas'}, 'city': 'Surendranagar', 'state': 'Kar...</msg>
<var>${json_data}</var>
<arg>${response.json()}</arg>
<doc>Returns the given values which can then be assigned to a variables.</doc>
<status status="PASS" start="2024-04-20T17:11:22.082397" elapsed="0.000475"/>
</kw>
<kw name="Log" owner="BuiltIn">
<msg time="2024-04-20T17:11:22.083323" level="INFO">{'results': [{'gender': 'female', 'name': {'title': 'Miss', 'first': 'Bhoomika', 'last': 'Kumar'}, 'location': {'street': {'number': 9610, 'name': 'Fontainhas'}, 'city': 'Surendranagar', 'state': 'Karnataka', 'country': 'India', 'postcode': 85715, 'coordinates': {'latitude': '8.7168', 'longitude': '15.5760'}, 'timezone': {'offset': '+4:00', 'description': 'Abu Dhabi, Muscat, Baku, Tbilisi'}}, 'email': 'bhoomika.kumar@example.com', 'login': {'uuid': '2729f4e7-d0a3-48a4-821d-7c111623b42a', 'username': 'ticklishladybug789', 'password': 'aaron', 'salt': 'aOoGOrbk', 'md5': '9ee4c32893491fb6bce2bf7e836014a7', 'sha1': '8ef1eb7a6cfa3a4315920985acc246d0f8b67bae', 'sha256': '562d032937ce1220e3ad4466d7100138591bc3502325585ed1452287a43cccf3'}, 'dob': {'date': '1951-09-20T05:25:39.988Z', 'age': 72}, 'registered': {'date': '2003-07-14T14:39:21.955Z', 'age': 20}, 'phone': '8116216061', 'cell': '7612254623', 'id': {'name': 'UIDAI', 'value': '813547974097'}, 'picture': {'large': 'https://randomuser.me/api/portraits/women/9.jpg', 'medium': 'https://randomuser.me/api/portraits/med/women/9.jpg', 'thumbnail': 'https://randomuser.me/api/portraits/thumb/women/9.jpg'}, 'nat': 'IN'}], 'info': {'seed': 'dbe8f09197c88e40', 'results': 1, 'page': 1, 'version': '1.4'}}</msg>
<arg>${json_data}</arg>
<doc>Logs the given message with the given level.</doc>
<status status="PASS" start="2024-04-20T17:11:22.083172" elapsed="0.000228"/>
</kw>
<kw name="Should Be String" owner="String">
<arg>${json_data['results'][0]['gender']}</arg>
<doc>Fails if the given ``item`` is not a string.</doc>
<status status="PASS" start="2024-04-20T17:11:22.083695" elapsed="0.000356"/>
</kw>
<kw name="Should Match Regexp" owner="BuiltIn">
<arg>${json_data['results'][0]['email']}</arg>
<arg>^[a-zA-Z0-9._%+-]+@[a-zA-Z0-9.-]+\.[a-zA-Z]{2,}$</arg>
<doc>Fails if ``string`` does not match ``pattern`` as a regular expression.</doc>
<status status="PASS" start="2024-04-20T17:11:22.084243" elapsed="0.000523"/>
</kw>
<kw name="Should Match Regexp" owner="BuiltIn">
<arg>${json_data['results'][0]['dob']['date']}</arg>
<arg>\\d{4}-\\d{2}-\\d{2}T\\d{2}:\\d{2}:\\d{2}\\.\\d{3}Z</arg>
<doc>Fails if ``string`` does not match ``pattern`` as a regular expression.</doc>
<status status="PASS" start="2024-04-20T17:11:22.084961" elapsed="0.000478"/>
</kw>
<kw name="Should Match Regexp" owner="BuiltIn">
<arg>${json_data['results'][0]['registered']['date']}</arg>
<arg>\\d{4}-\\d{2}-\\d{2}T\\d{2}:\\d{2}:\\d{2}\\.\\d{3}Z</arg>
<doc>Fails if ``string`` does not match ``pattern`` as a regular expression.</doc>
<status status="PASS" start="2024-04-20T17:11:22.085627" elapsed="0.000363"/>
</kw>
<kw name="Should Match Regexp" owner="BuiltIn">
<arg>${json_data['results'][0]['picture']['large']}</arg>
<arg>^https?://.*\.(?:png|jpe?g|gif|bmp)$</arg>
<doc>Fails if ``string`` does not match ``pattern`` as a regular expression.</doc>
<status status="PASS" start="2024-04-20T17:11:22.086216" elapsed="0.000468"/>
</kw>
<kw name="Should Match Regexp" owner="BuiltIn">
<arg>${json_data['results'][0]['picture']['medium']}</arg>
<arg>^https?://.*\.(?:png|jpe?g|gif|bmp)$</arg>
<doc>Fails if ``string`` does not match ``pattern`` as a regular expression.</doc>
<status status="PASS" start="2024-04-20T17:11:22.086873" elapsed="0.000361"/>
</kw>
<kw name="Should Match Regexp" owner="BuiltIn">
<arg>${json_data['results'][0]['picture']['thumbnail']}</arg>
<arg>^https?://.*\.(?:png|jpe?g|gif|bmp)$</arg>
<doc>Fails if ``string`` does not match ``pattern`` as a regular expression.</doc>
<status status="PASS" start="2024-04-20T17:11:22.087426" elapsed="0.000348"/>
</kw>
<kw name="Log" owner="BuiltIn">
<msg time="2024-04-20T17:11:22.088275" level="INFO">{'large': 'https://randomuser.me/api/portraits/women/9.jpg', 'medium': 'https://randomuser.me/api/portraits/med/women/9.jpg', 'thumbnail': 'https://randomuser.me/api/portraits/thumb/women/9.jpg'}</msg>
<arg>${json_data['results'][0]['picture']}</arg>
<doc>Logs the given message with the given level.</doc>
<status status="PASS" start="2024-04-20T17:11:22.087954" elapsed="0.000362"/>
</kw>
<status status="PASS" start="2024-04-20T17:11:22.008022" elapsed="0.080544"/>
</kw>
<kw name="Teste de Tipos de Dados - Postcode" owner="random-user-service">
<kw name="GET On Session" owner="RequestsLibrary">
<msg time="2024-04-20T17:11:22.175737" level="INFO">GET Request : url=https://randomuser.me/api 
 path_url=/api 
 headers={'User-Agent': 'python-requests/2.31.0', 'Accept-Encoding': 'gzip, deflate', 'Accept': '*/*', 'Connection': 'keep-alive'} 
 body=None 
 </msg>
<msg time="2024-04-20T17:11:22.175820" level="INFO">GET Response : url=https://randomuser.me/api 
 status=200, reason=OK 
 headers={'Date': 'Sat, 20 Apr 2024 17:11:22 GMT', 'Content-Type': 'application/json; charset=utf-8', 'Transfer-Encoding': 'chunked', 'Connection': 'keep-alive', 'X-Powered-By': 'Express', 'Access-Control-Allow-Origin': '*', 'Cache-Control': 'no-cache', 'ETag': 'W/"4a5-LEWlRpSvmiFFN9KWre8CPsbD1yg"', 'Vary': 'Accept-Encoding', 'Content-Encoding': 'gzip', 'CF-Cache-Status': 'DYNAMIC', 'Report-To': '{"endpoints":[{"url":"https:\\/\\/a.nel.cloudflare.com\\/report\\/v4?s=It3cwqs%2BDcADPL8Vxh9mzycHU2DeR9tdPrgPl6%2BCcX16NuaLVK8KcyTTnn1wzyVjGemnNxKAE71PWJ3u%2FKON3cmnFt7VQRpzWOykhBv%2B84RV%2FgFO2HAvCWCkplt9fBlc"}],"group":"cf-nel","max_age":604800}', 'NEL': '{"success_fraction":0,"report_to":"cf-nel","max_age":604800}', 'Server': 'cloudflare', 'CF-RAY': '8776c0cb18a41d6e-ATL', 'alt-svc': 'h3=":443"; ma=86400'} 
 body={"results":[{"gender":"female","name":{"title":"Ms","first":"Nelly","last":"Armas"},"location":{"street":{"number":4039,"name":"Eje vial Guerrero"},"city":"Rincón del Porvenir","state":"Durango","country":"Mexico","postcode":70106,"coordinates":{"latitude":"27.1328","longitude":"144.2655"},"timezone":{"offset":"+4:00","description":"Abu Dhabi, Muscat, Baku, Tbilisi"}},"email":"nelly.armas@example.com","login":{"uuid":"c1a969a4-aec5-4296-adbd-1b80480662be","username":"ticklishbird725","password":"pompey","salt":"5UviJyOZ","md5":"0585a38fbe29b34abec12237e4881364","sha1":"ea9625df32bcc19d5250aa1593f06d0af9b8d927","sha256":"0efaeb04c9836703a79a7f6a3449b9054c1b643076590f036a6092fbc0bb09bb"},"dob":{"date":"1974-06-30T18:31:43.496Z","age":49},"registered":{"date":"2003-06-07T19:10:40.520Z","age":20},"phone":"(650) 341 7967","cell":"(604) 477 5609","id":{"name":"NSS","value":"52 03 75 0924 0"},"picture":{"large":"https://randomuser.me/api/portraits/women/29.jpg","medium":"https://randomuser.me/api/portraits/med/women/29.jpg","thumbnail":"https://randomuser.me/api/portraits/thumb/women/29.jpg"},"nat":"MX"}],"info":{"seed":"70f004f06db24f02","results":1,"page":1,"version":"1.4"}} 
 </msg>
<msg time="2024-04-20T17:11:22.175894" level="INFO">/opt/hostedtoolcache/Python/3.12.3/x64/lib/python3.12/site-packages/urllib3/connectionpool.py:1103: InsecureRequestWarning: Unverified HTTPS request is being made to host 'randomuser.me'. Adding certificate verification is strongly advised. See: https://urllib3.readthedocs.io/en/latest/advanced-usage.html#tls-warnings
  warnings.warn(</msg>
<msg time="2024-04-20T17:11:22.176040" level="INFO">${response} = &lt;Response [200]&gt;</msg>
<var>${response}</var>
<arg>consultarAPI</arg>
<arg>/api</arg>
<doc>Sends a GET request on a previously created HTTP Session.</doc>
<status status="PASS" start="2024-04-20T17:11:22.089002" elapsed="0.087096"/>
</kw>
<kw name="Set Variable" owner="BuiltIn">
<msg time="2024-04-20T17:11:22.176945" level="INFO">${json_data} = {'results': [{'gender': 'female', 'name': {'title': 'Ms', 'first': 'Nelly', 'last': 'Armas'}, 'location': {'street': {'number': 4039, 'name': 'Eje vial Guerrero'}, 'city': 'Rincón del Porvenir', 'stat...</msg>
<var>${json_data}</var>
<arg>${response.json()}</arg>
<doc>Returns the given values which can then be assigned to a variables.</doc>
<status status="PASS" start="2024-04-20T17:11:22.176490" elapsed="0.000483"/>
</kw>
<kw name="Log" owner="BuiltIn">
<msg time="2024-04-20T17:11:22.177437" level="INFO">{'results': [{'gender': 'female', 'name': {'title': 'Ms', 'first': 'Nelly', 'last': 'Armas'}, 'location': {'street': {'number': 4039, 'name': 'Eje vial Guerrero'}, 'city': 'Rincón del Porvenir', 'state': 'Durango', 'country': 'Mexico', 'postcode': 70106, 'coordinates': {'latitude': '27.1328', 'longitude': '144.2655'}, 'timezone': {'offset': '+4:00', 'description': 'Abu Dhabi, Muscat, Baku, Tbilisi'}}, 'email': 'nelly.armas@example.com', 'login': {'uuid': 'c1a969a4-aec5-4296-adbd-1b80480662be', 'username': 'ticklishbird725', 'password': 'pompey', 'salt': '5UviJyOZ', 'md5': '0585a38fbe29b34abec12237e4881364', 'sha1': 'ea9625df32bcc19d5250aa1593f06d0af9b8d927', 'sha256': '0efaeb04c9836703a79a7f6a3449b9054c1b643076590f036a6092fbc0bb09bb'}, 'dob': {'date': '1974-06-30T18:31:43.496Z', 'age': 49}, 'registered': {'date': '2003-06-07T19:10:40.520Z', 'age': 20}, 'phone': '(650) 341 7967', 'cell': '(604) 477 5609', 'id': {'name': 'NSS', 'value': '52 03 75 0924 0'}, 'picture': {'large': 'https://randomuser.me/api/portraits/women/29.jpg', 'medium': 'https://randomuser.me/api/portraits/med/women/29.jpg', 'thumbnail': 'https://randomuser.me/api/portraits/thumb/women/29.jpg'}, 'nat': 'MX'}], 'info': {'seed': '70f004f06db24f02', 'results': 1, 'page': 1, 'version': '1.4'}}</msg>
<arg>${json_data}</arg>
<doc>Logs the given message with the given level.</doc>
<status status="PASS" start="2024-04-20T17:11:22.177280" elapsed="0.000236"/>
</kw>
<kw name="Should Be Equal As Numbers" owner="BuiltIn">
<arg>${json_data['results'][0]['location']['postcode']}</arg>
<arg>${json_data['results'][0]['location']['postcode']}</arg>
<doc>Fails if objects are unequal after converting them to real numbers.</doc>
<status status="PASS" start="2024-04-20T17:11:22.177825" elapsed="0.000792"/>
</kw>
<kw name="Log" owner="BuiltIn">
<msg time="2024-04-20T17:11:22.179150" level="INFO">70106</msg>
<arg>${json_data['results'][0]['location']['postcode']}</arg>
<doc>Logs the given message with the given level.</doc>
<status status="PASS" start="2024-04-20T17:11:22.178814" elapsed="0.000377"/>
</kw>
<status status="PASS" start="2024-04-20T17:11:22.088777" elapsed="0.090670"/>
</kw>
<doc>Testa se os tipos de dados na resposta da API estão corretos.</doc>
<tag>testeTiposDados</tag>
<status status="PASS" start="2024-04-20T17:11:22.007492" elapsed="0.172115"/>
</test>
<test id="s1-s1-t5" name="Validar conteudo" line="35">
<kw name="Teste de Tipos de Conteudo" owner="random-user-service">
<kw name="GET On Session" owner="RequestsLibrary">
<msg time="2024-04-20T17:11:22.283767" level="INFO">GET Request : url=https://randomuser.me/api 
 path_url=/api 
 headers={'User-Agent': 'python-requests/2.31.0', 'Accept-Encoding': 'gzip, deflate', 'Accept': '*/*', 'Connection': 'keep-alive'} 
 body=None 
 </msg>
<msg time="2024-04-20T17:11:22.283844" level="INFO">GET Response : url=https://randomuser.me/api 
 status=200, reason=OK 
 headers={'Date': 'Sat, 20 Apr 2024 17:11:22 GMT', 'Content-Type': 'application/json; charset=utf-8', 'Transfer-Encoding': 'chunked', 'Connection': 'keep-alive', 'X-Powered-By': 'Express', 'Access-Control-Allow-Origin': '*', 'Cache-Control': 'no-cache', 'ETag': 'W/"4a4-Z/EtYybhEczVJzoaHBTNOs4pNVs"', 'Vary': 'Accept-Encoding', 'Content-Encoding': 'gzip', 'CF-Cache-Status': 'DYNAMIC', 'Report-To': '{"endpoints":[{"url":"https:\\/\\/a.nel.cloudflare.com\\/report\\/v4?s=u8FMBxngWeAdTQdSIWMQtWMeZ1%2BCzlxsSYbRZ8oleoaOlSQp3XJNoNV78ktIVlKlvebUia04tPGlndlqq3evzjmXWU0AA7tGkXOOmHNzO837oMiAB5XTKwC0j6FkuM1Y"}],"group":"cf-nel","max_age":604800}', 'NEL': '{"success_fraction":0,"report_to":"cf-nel","max_age":604800}', 'Server': 'cloudflare', 'CF-RAY': '8776c0cbb97b1d6e-ATL', 'alt-svc': 'h3=":443"; ma=86400'} 
 body={"results":[{"gender":"female","name":{"title":"Mrs","first":"Janet","last":"Lawrence"},"location":{"street":{"number":1644,"name":"Rectory Lane"},"city":"Salisbury","state":"Devon","country":"United Kingdom","postcode":"VX2 2QF","coordinates":{"latitude":"-9.4703","longitude":"49.5993"},"timezone":{"offset":"+11:00","description":"Magadan, Solomon Islands, New Caledonia"}},"email":"janet.lawrence@example.com","login":{"uuid":"786f2bb4-0939-4998-a2ab-f15b6e5125d0","username":"sadwolf177","password":"ncc1701e","salt":"JmJKKGAk","md5":"b62ae30d93484457a3cf2a371ba7289f","sha1":"40afeed0b3bfbdca7e8b1d52efe37006bcc0347b","sha256":"e6ea8d27d720be4d25171637ef0df74b14eb18845d6940d6d41d99baa5177aea"},"dob":{"date":"1963-08-28T05:06:38.202Z","age":60},"registered":{"date":"2017-01-04T22:16:14.839Z","age":7},"phone":"015396 12424","cell":"07894 517784","id":{"name":"NINO","value":"XY 22 58 94 A"},"picture":{"large":"https://randomuser.me/api/portraits/women/39.jpg","medium":"https://randomuser.me/api/portraits/med/women/39.jpg","thumbnail":"https://randomuser.me/api/portraits/thumb/women/39.jpg"},"nat":"GB"}],"info":{"seed":"879011ac5431237c","results":1,"page":1,"version":"1.4"}} 
 </msg>
<msg time="2024-04-20T17:11:22.283910" level="INFO">/opt/hostedtoolcache/Python/3.12.3/x64/lib/python3.12/site-packages/urllib3/connectionpool.py:1103: InsecureRequestWarning: Unverified HTTPS request is being made to host 'randomuser.me'. Adding certificate verification is strongly advised. See: https://urllib3.readthedocs.io/en/latest/advanced-usage.html#tls-warnings
  warnings.warn(</msg>
<msg time="2024-04-20T17:11:22.284038" level="INFO">${response} = &lt;Response [200]&gt;</msg>
<var>${response}</var>
<arg>consultarAPI</arg>
<arg>/api</arg>
<doc>Sends a GET request on a previously created HTTP Session.</doc>
<status status="PASS" start="2024-04-20T17:11:22.182040" elapsed="0.102049"/>
</kw>
<kw name="Set Variable" owner="BuiltIn">
<msg time="2024-04-20T17:11:22.285014" level="INFO">${json_data} = {'results': [{'gender': 'female', 'name': {'title': 'Mrs', 'first': 'Janet', 'last': 'Lawrence'}, 'location': {'street': {'number': 1644, 'name': 'Rectory Lane'}, 'city': 'Salisbury', 'state': 'Devon'...</msg>
<var>${json_data}</var>
<arg>${response.json()}</arg>
<doc>Returns the given values which can then be assigned to a variables.</doc>
<status status="PASS" start="2024-04-20T17:11:22.284590" elapsed="0.000453"/>
</kw>
<kw name="Set Variable" owner="BuiltIn">
<msg time="2024-04-20T17:11:22.285722" level="INFO">${name_title} = Mrs</msg>
<var>${name_title}</var>
<arg>${json_data["results"][0]["name"]["title"]}</arg>
<doc>Returns the given values which can then be assigned to a variables.</doc>
<status status="PASS" start="2024-04-20T17:11:22.285343" elapsed="0.000404"/>
</kw>
<kw name="Create List" owner="BuiltIn">
<msg time="2024-04-20T17:11:22.286237" level="INFO">${allowed_titles} = ['Mr', 'Ms', 'Miss', 'Mrs', 'Madame', 'Monsieur']</msg>
<var>${allowed_titles}</var>
<arg>Mr</arg>
<arg>Ms</arg>
<arg>Miss</arg>
<arg>Mrs</arg>
<arg>Madame</arg>
<arg>Monsieur</arg>
<doc>Returns a list containing given items.</doc>
<status status="PASS" start="2024-04-20T17:11:22.286039" elapsed="0.000224"/>
</kw>
<kw name="List Should Contain Value" owner="Collections">
<msg time="2024-04-20T17:11:22.286735" level="INFO">False</msg>
<arg>${allowed_titles}</arg>
<arg>${name_title}</arg>
<doc>Fails if the ``value`` is not found from ``list``.</doc>
<status status="PASS" start="2024-04-20T17:11:22.286568" elapsed="0.000202"/>
</kw>
<kw name="Set Variable" owner="BuiltIn">
<msg time="2024-04-20T17:11:22.287428" level="INFO">${name_country} = GB</msg>
<var>${name_country}</var>
<arg>${json_data["results"][0]["nat"]}</arg>
<doc>Returns the given values which can then be assigned to a variables.</doc>
<status status="PASS" start="2024-04-20T17:11:22.287051" elapsed="0.000402"/>
</kw>
<kw name="Create List" owner="BuiltIn">
<msg time="2024-04-20T17:11:22.288342" level="INFO">${list_country} = ['AD', 'AE', 'AF', 'AG', 'AI', 'AL', 'AM', 'AO', 'AQ', 'AR', 'AS', 'AT', 'AU', 'AW', 'AX', 'AZ', 'BA', 'BB', 'BD', 'BE', 'BF', 'BG', 'BH', 'BI', 'BJ', 'BL', 'BM', 'BN', 'BO', 'BQ', 'BR', 'BS', 'BT', '...</msg>
<var>${list_country}</var>
<arg>AD</arg>
<arg>AE</arg>
<arg>AF</arg>
<arg>AG</arg>
<arg>AI</arg>
<arg>AL</arg>
<arg>AM</arg>
<arg>AO</arg>
<arg>AQ</arg>
<arg>AR</arg>
<arg>AS</arg>
<arg>AT</arg>
<arg>AU</arg>
<arg>AW</arg>
<arg>AX</arg>
<arg>AZ</arg>
<arg>BA</arg>
<arg>BB</arg>
<arg>BD</arg>
<arg>BE</arg>
<arg>BF</arg>
<arg>BG</arg>
<arg>BH</arg>
<arg>BI</arg>
<arg>BJ</arg>
<arg>BL</arg>
<arg>BM</arg>
<arg>BN</arg>
<arg>BO</arg>
<arg>BQ</arg>
<arg>BR</arg>
<arg>BS</arg>
<arg>BT</arg>
<arg>BV</arg>
<arg>BW</arg>
<arg>BY</arg>
<arg>BZ</arg>
<arg>CA</arg>
<arg>CC</arg>
<arg>CD</arg>
<arg>CF</arg>
<arg>CG</arg>
<arg>CH</arg>
<arg>CI</arg>
<arg>CK</arg>
<arg>CL</arg>
<arg>CM</arg>
<arg>CN</arg>
<arg>CO</arg>
<arg>CR</arg>
<arg>CU</arg>
<arg>CV</arg>
<arg>CW</arg>
<arg>CX</arg>
<arg>CY</arg>
<arg>CZ</arg>
<arg>DE</arg>
<arg>DJ</arg>
<arg>DK</arg>
<arg>DM</arg>
<arg>DO</arg>
<arg>DZ</arg>
<arg>EC</arg>
<arg>EE</arg>
<arg>EG</arg>
<arg>EH</arg>
<arg>ER</arg>
<arg>ES</arg>
<arg>ET</arg>
<arg>FI</arg>
<arg>FJ</arg>
<arg>FK</arg>
<arg>FM</arg>
<arg>FO</arg>
<arg>FR</arg>
<arg>GA</arg>
<arg>GB</arg>
<arg>GD</arg>
<arg>GE</arg>
<arg>GF</arg>
<arg>GG</arg>
<arg>GH</arg>
<arg>GI</arg>
<arg>GL</arg>
<arg>GM</arg>
<arg>GN</arg>
<arg>GP</arg>
<arg>GQ</arg>
<arg>GR</arg>
<arg>GS</arg>
<arg>GT</arg>
<arg>GU</arg>
<arg>GW</arg>
<arg>GY</arg>
<arg>HK</arg>
<arg>HM</arg>
<arg>HN</arg>
<arg>HR</arg>
<arg>HT</arg>
<arg>HU</arg>
<arg>ID</arg>
<arg>IE</arg>
<arg>IL</arg>
<arg>IM</arg>
<arg>IN</arg>
<arg>IO</arg>
<arg>IQ</arg>
<arg>IR</arg>
<arg>IS</arg>
<arg>IT</arg>
<arg>JE</arg>
<arg>JM</arg>
<arg>JO</arg>
<arg>JP</arg>
<arg>KE</arg>
<arg>KG</arg>
<arg>KH</arg>
<arg>KI</arg>
<arg>KM</arg>
<arg>KN</arg>
<arg>KP</arg>
<arg>KR</arg>
<arg>KW</arg>
<arg>KY</arg>
<arg>KZ</arg>
<arg>LA</arg>
<arg>LB</arg>
<arg>LC</arg>
<arg>LI</arg>
<arg>LK</arg>
<arg>LR</arg>
<arg>LS</arg>
<arg>LT</arg>
<arg>LU</arg>
<arg>LV</arg>
<arg>LY</arg>
<arg>MA</arg>
<arg>MC</arg>
<arg>MD</arg>
<arg>ME</arg>
<arg>MF</arg>
<arg>MG</arg>
<arg>MH</arg>
<arg>MK</arg>
<arg>ML</arg>
<arg>MM</arg>
<arg>MN</arg>
<arg>MO</arg>
<arg>MP</arg>
<arg>MQ</arg>
<arg>MR</arg>
<arg>MS</arg>
<arg>MT</arg>
<arg>MU</arg>
<arg>MV</arg>
<arg>MW</arg>
<arg>MX</arg>
<arg>MY</arg>
<arg>MZ</arg>
<arg>NA</arg>
<arg>NC</arg>
<arg>NE</arg>
<arg>NF</arg>
<arg>NG</arg>
<arg>NI</arg>
<arg>NL</arg>
<arg>NO</arg>
<arg>NP</arg>
<arg>NR</arg>
<arg>NU</arg>
<arg>NZ</arg>
<arg>OM</arg>
<arg>PA</arg>
<arg>PE</arg>
<arg>PF</arg>
<arg>PG</arg>
<arg>PH</arg>
<arg>PK</arg>
<arg>PL</arg>
<arg>PM</arg>
<arg>PN</arg>
<arg>PR</arg>
<arg>PS</arg>
<arg>PT</arg>
<arg>PW</arg>
<arg>PY</arg>
<arg>QA</arg>
<arg>RE</arg>
<arg>RO</arg>
<arg>RS</arg>
<arg>RU</arg>
<arg>RW</arg>
<arg>SA</arg>
<arg>SB</arg>
<arg>SC</arg>
<arg>SD</arg>
<arg>SE</arg>
<arg>SG</arg>
<arg>SH</arg>
<arg>SI</arg>
<arg>SJ</arg>
<arg>SK</arg>
<arg>SL</arg>
<arg>SM</arg>
<arg>SN</arg>
<arg>SO</arg>
<arg>SR</arg>
<arg>SS</arg>
<arg>ST</arg>
<arg>SV</arg>
<arg>SX</arg>
<arg>SY</arg>
<arg>SZ</arg>
<arg>TC</arg>
<arg>TD</arg>
<arg>TF</arg>
<arg>TG</arg>
<arg>TH</arg>
<arg>TJ</arg>
<arg>TK</arg>
<arg>TL</arg>
<arg>TM</arg>
<arg>TN</arg>
<arg>TO</arg>
<arg>TR</arg>
<arg>TT</arg>
<arg>TV</arg>
<arg>TW</arg>
<arg>TZ</arg>
<arg>UA</arg>
<arg>UG</arg>
<arg>UM</arg>
<arg>US</arg>
<arg>UY</arg>
<arg>UZ</arg>
<arg>VA</arg>
<arg>VC</arg>
<arg>VE</arg>
<arg>VG</arg>
<arg>VI</arg>
<arg>VN</arg>
<arg>VU</arg>
<arg>WF</arg>
<arg>WS</arg>
<arg>XK</arg>
<arg>YE</arg>
<arg>YT</arg>
<arg>ZA</arg>
<arg>ZM</arg>
<arg>ZW</arg>
<doc>Returns a list containing given items.</doc>
<status status="PASS" start="2024-04-20T17:11:22.287751" elapsed="0.000616"/>
</kw>
<kw name="List Should Contain Value" owner="Collections">
<msg time="2024-04-20T17:11:22.289346" level="INFO">False</msg>
<arg>${list_country}</arg>
<arg>${name_country}</arg>
<doc>Fails if the ``value`` is not found from ``list``.</doc>
<status status="PASS" start="2024-04-20T17:11:22.289149" elapsed="0.000233"/>
</kw>
<kw name="Run Keyword If" owner="BuiltIn">
<kw name="Should Be True" owner="BuiltIn">
<arg>${True}</arg>
<doc>Fails if the given condition is not true.</doc>
<status status="PASS" start="2024-04-20T17:11:22.290472" elapsed="0.000142"/>
</kw>
<arg>${json_data["results"][0]["location"]["coordinates"]["latitude"]} &gt;= -90 and ${json_data["results"][0]["location"]["coordinates"]["latitude"]} &lt;= 90</arg>
<arg>Should Be True</arg>
<arg>${True}</arg>
<doc>Runs the given keyword with the given arguments, if ``condition`` is true.</doc>
<status status="PASS" start="2024-04-20T17:11:22.289694" elapsed="0.001044"/>
</kw>
<kw name="Run Keyword If" owner="BuiltIn">
<kw name="Should Be True" owner="BuiltIn">
<arg>${True}</arg>
<doc>Fails if the given condition is not true.</doc>
<status status="PASS" start="2024-04-20T17:11:22.291615" elapsed="0.000237"/>
</kw>
<arg>${json_data["results"][0]["location"]["coordinates"]["longitude"]} &gt;= -180 and ${json_data["results"][0]["location"]["coordinates"]["longitude"]} &lt;= 180</arg>
<arg>Should Be True</arg>
<arg>${True}</arg>
<doc>Runs the given keyword with the given arguments, if ``condition`` is true.</doc>
<status status="PASS" start="2024-04-20T17:11:22.290921" elapsed="0.001055"/>
</kw>
<status status="PASS" start="2024-04-20T17:11:22.181820" elapsed="0.110283"/>
</kw>
<doc>Testa o conteúdo específico dos campos retornados pela API.</doc>
<tag>testeConteudo</tag>
<status status="PASS" start="2024-04-20T17:11:22.181314" elapsed="0.110929"/>
</test>
<status status="PASS" start="2024-04-20T17:11:21.330352" elapsed="0.963848"/>
</suite>
<status status="PASS" start="2024-04-20T17:11:21.316949" elapsed="0.982366"/>
</suite>
<statistics>
<total>
<stat pass="5" fail="0" skip="0">All Tests</stat>
</total>
<tag>
<stat pass="1" fail="0" skip="0">testeConteudo</stat>
<stat pass="1" fail="0" skip="0">testeEstruturaResposta</stat>
<stat pass="1" fail="0" skip="0">testeRequisicaoBasica</stat>
<stat pass="1" fail="0" skip="0">testeTiposDados</stat>
</tag>
<suite>
<stat pass="5" fail="0" skip="0" id="s1" name="Tests">Tests</stat>
<stat pass="5" fail="0" skip="0" id="s1-s1" name="Random-User-Test">Tests.Random-User-Test</stat>
</suite>
</statistics>
<errors>
</errors>
</robot>
