<?xml version="1.0" encoding="UTF-8"?>
<robot generator="Robot 7.0 (Python 3.12.2 on linux)" generated="2024-04-01T07:14:32.362495" rpa="false" schemaversion="5">
<suite id="s1" name="Tests" source="/home/runner/work/DesafioQAItauRogerioJordao/DesafioQAItauRogerioJordao/RamdonUser/tests">
<suite id="s1-s1" name="Random-User-Test" source="/home/runner/work/DesafioQAItauRogerioJordao/DesafioQAItauRogerioJordao/RamdonUser/tests/random-user-test.robot">
<test id="s1-s1-t1" name="Conectar" line="13">
<kw name="Conectar API" owner="random-user-service">
<kw name="Create Session" owner="RequestsLibrary">
<msg time="2024-04-01T07:14:32.734400" level="INFO">Creating Session using : alias=consultarAPI, url=https://randomuser.me/, headers={},                     cookies={}, auth=None, timeout=None, proxies=None, verify=False,                     debug=0 </msg>
<arg>consultarAPI</arg>
<arg>${URL}</arg>
<doc>Create Session: create a HTTP session to a server</doc>
<status status="PASS" start="2024-04-01T07:14:32.734198" elapsed="0.000364"/>
</kw>
<status status="PASS" start="2024-04-01T07:14:32.733131" elapsed="0.001779"/>
</kw>
<status status="PASS" start="2024-04-01T07:14:32.732595" elapsed="0.002520"/>
</test>
<test id="s1-s1-t2" name="Validar retorno 200 e JSON Válido" line="16">
<kw name="Teste de Requisicao Basica" owner="random-user-service">
<kw name="GET On Session" owner="RequestsLibrary">
<msg time="2024-04-01T07:14:32.810087" level="INFO">GET Request : url=https://randomuser.me/api 
 path_url=/api 
 headers={'User-Agent': 'python-requests/2.31.0', 'Accept-Encoding': 'gzip, deflate', 'Accept': '*/*', 'Connection': 'keep-alive'} 
 body=None 
 </msg>
<msg time="2024-04-01T07:14:32.810193" level="INFO">GET Response : url=https://randomuser.me/api 
 status=200, reason=OK 
 headers={'Date': 'Mon, 01 Apr 2024 07:14:32 GMT', 'Content-Type': 'application/json; charset=utf-8', 'Transfer-Encoding': 'chunked', 'Connection': 'keep-alive', 'X-Powered-By': 'Express', 'Access-Control-Allow-Origin': '*', 'Cache-Control': 'no-cache', 'ETag': 'W/"491-egoTNeahBrTslUmadUcJGWpYIe4"', 'Vary': 'Accept-Encoding', 'Content-Encoding': 'gzip', 'CF-Cache-Status': 'DYNAMIC', 'Report-To': '{"endpoints":[{"url":"https:\\/\\/a.nel.cloudflare.com\\/report\\/v4?s=AvGiapvEUAHw6Hnxna6mP0%2F23dDLRRF%2FwY06d4hwwwXsrb7c2FS1bInX4GeqZIhOS2UAV%2Bok%2Be0PEeCO%2FshHZR2mzTD77iqXnkah891pEfAh85QThuxT57WnxqyADGmh"}],"group":"cf-nel","max_age":604800}', 'NEL': '{"success_fraction":0,"report_to":"cf-nel","max_age":604800}', 'Server': 'cloudflare', 'CF-RAY': '86d6c86acaf402b0-ORD', 'alt-svc': 'h3=":443"; ma=86400'} 
 body={"results":[{"gender":"male","name":{"title":"Mr","first":"Jimmy","last":"Edwards"},"location":{"street":{"number":8226,"name":"Highfield Road"},"city":"York","state":"Central","country":"United Kingdom","postcode":"YK9 3ZE","coordinates":{"latitude":"-11.4717","longitude":"-44.8977"},"timezone":{"offset":"+4:00","description":"Abu Dhabi, Muscat, Baku, Tbilisi"}},"email":"jimmy.edwards@example.com","login":{"uuid":"839d4f1a-a51c-41de-a67a-9101cac377c9","username":"lazymouse655","password":"haha","salt":"NveXg24P","md5":"d4c9b023ee82b36d4fad9718af70de47","sha1":"8f004feb10a70fd8c032f873e48d98ca45a2b14b","sha256":"ccf9bc56affdf6fde3e3a9f21de88571fcdc60133f8c54331ec67cfa33155e48"},"dob":{"date":"1948-05-28T21:47:11.394Z","age":75},"registered":{"date":"2002-07-11T20:56:50.287Z","age":21},"phone":"01893 546751","cell":"07186 249814","id":{"name":"NINO","value":"ZR 77 88 76 K"},"picture":{"large":"https://randomuser.me/api/portraits/men/11.jpg","medium":"https://randomuser.me/api/portraits/med/men/11.jpg","thumbnail":"https://randomuser.me/api/portraits/thumb/men/11.jpg"},"nat":"GB"}],"info":{"seed":"78721f97abee0dfc","results":1,"page":1,"version":"1.4"}} 
 </msg>
<msg time="2024-04-01T07:14:32.810283" level="INFO">/opt/hostedtoolcache/Python/3.12.2/x64/lib/python3.12/site-packages/urllib3/connectionpool.py:1103: InsecureRequestWarning: Unverified HTTPS request is being made to host 'randomuser.me'. Adding certificate verification is strongly advised. See: https://urllib3.readthedocs.io/en/latest/advanced-usage.html#tls-warnings
  warnings.warn(</msg>
<msg time="2024-04-01T07:14:32.810409" level="INFO">${response} = &lt;Response [200]&gt;</msg>
<var>${response}</var>
<arg>consultarAPI</arg>
<arg>/api</arg>
<doc>Sends a GET request on a previously created HTTP Session.</doc>
<status status="PASS" start="2024-04-01T07:14:32.737732" elapsed="0.072721"/>
</kw>
<kw name="Should Be Equal As Numbers" owner="BuiltIn">
<msg time="2024-04-01T07:14:32.811244" level="INFO">Argument types are:
&lt;class 'int'&gt;
&lt;class 'str'&gt;</msg>
<arg>${response.status_code}</arg>
<arg>200</arg>
<doc>Fails if objects are unequal after converting them to real numbers.</doc>
<status status="PASS" start="2024-04-01T07:14:32.810844" elapsed="0.000463"/>
</kw>
<kw name="Log" owner="BuiltIn">
<msg time="2024-04-01T07:14:32.812008" level="INFO">200</msg>
<arg>${response.status_code}</arg>
<doc>Logs the given message with the given level.</doc>
<status status="PASS" start="2024-04-01T07:14:32.811623" elapsed="0.000435"/>
</kw>
<kw name="Set Variable" owner="BuiltIn">
<msg time="2024-04-01T07:14:32.812816" level="INFO">${json_data} = {'results': [{'gender': 'male', 'name': {'title': 'Mr', 'first': 'Jimmy', 'last': 'Edwards'}, 'location': {'street': {'number': 8226, 'name': 'Highfield Road'}, 'city': 'York', 'state': 'Central', 'co...</msg>
<var>${json_data}</var>
<arg>${response.json()}</arg>
<doc>Returns the given values which can then be assigned to a variables.</doc>
<status status="PASS" start="2024-04-01T07:14:32.812383" elapsed="0.000461"/>
</kw>
<kw name="Dictionary Should Contain Key" owner="Collections">
<msg time="2024-04-01T07:14:32.813303" level="INFO">False</msg>
<arg>${json_data}</arg>
<arg>results</arg>
<doc>Fails if ``key`` is not found from ``dictionary``.</doc>
<status status="PASS" start="2024-04-01T07:14:32.813140" elapsed="0.000202"/>
</kw>
<status status="PASS" start="2024-04-01T07:14:32.737480" elapsed="0.076111"/>
</kw>
<doc>Testa se a API responde corretamente e retorna um objeto JSON válido.</doc>
<tag>testeRequisicaoBasica</tag>
<status status="PASS" start="2024-04-01T07:14:32.736989" elapsed="0.076776"/>
</test>
<test id="s1-s1-t3" name="Validar estrutura de resposta" line="22">
<kw name="Teste de Estrutura de Resposta" owner="random-user-service">
<kw name="GET On Session" owner="RequestsLibrary">
<msg time="2024-04-01T07:14:32.935830" level="INFO">GET Request : url=https://randomuser.me/api 
 path_url=/api 
 headers={'User-Agent': 'python-requests/2.31.0', 'Accept-Encoding': 'gzip, deflate', 'Accept': '*/*', 'Connection': 'keep-alive'} 
 body=None 
 </msg>
<msg time="2024-04-01T07:14:32.935895" level="INFO">GET Response : url=https://randomuser.me/api 
 status=200, reason=OK 
 headers={'Date': 'Mon, 01 Apr 2024 07:14:32 GMT', 'Content-Type': 'application/json; charset=utf-8', 'Transfer-Encoding': 'chunked', 'Connection': 'keep-alive', 'X-Powered-By': 'Express', 'Access-Control-Allow-Origin': '*', 'Cache-Control': 'no-cache', 'ETag': 'W/"4a9-mw/D1FyVksBOMScYBM4Mty09/DA"', 'Vary': 'Accept-Encoding', 'Content-Encoding': 'gzip', 'CF-Cache-Status': 'DYNAMIC', 'Report-To': '{"endpoints":[{"url":"https:\\/\\/a.nel.cloudflare.com\\/report\\/v4?s=8aXQ%2BsmzbssblHwxdYXVM%2BsqR5N2L%2B49WtK8%2BuA%2BdjlkXlbIDuI0Ra0evb%2FzDEshKsPy3cV6Q8Pm6dSdTChiiWNDOfdI6HOUHxJmTpzwKKfF2k0yT1bJBRkqgnihhMQx"}],"group":"cf-nel","max_age":604800}', 'NEL': '{"success_fraction":0,"report_to":"cf-nel","max_age":604800}', 'Server': 'cloudflare', 'CF-RAY': '86d6c86b1b3802b0-ORD', 'alt-svc': 'h3=":443"; ma=86400'} 
 body={"results":[{"gender":"female","name":{"title":"Miss","first":"Sam","last":"Moore"},"location":{"street":{"number":4796,"name":"Main Road"},"city":"Salisbury","state":"Worcestershire","country":"United Kingdom","postcode":"L78 0SJ","coordinates":{"latitude":"-8.2496","longitude":"118.8811"},"timezone":{"offset":"+3:00","description":"Baghdad, Riyadh, Moscow, St. Petersburg"}},"email":"sam.moore@example.com","login":{"uuid":"d95976bf-c771-440e-ae7d-b60adc3075ff","username":"ticklishostrich489","password":"jayhawks","salt":"CDfra4N4","md5":"ab1bf6f3e95e2479da541308dacdcf23","sha1":"6114ee770d29c49cc21e8cc5f374c355c7df6eff","sha256":"8d4521da8551e5b94aa642421e66285c9698026a32477bc6c70762dbf4ce1052"},"dob":{"date":"1945-05-21T19:11:30.181Z","age":78},"registered":{"date":"2015-06-03T12:08:06.348Z","age":8},"phone":"015394 81522","cell":"07378 904384","id":{"name":"NINO","value":"YJ 59 17 88 L"},"picture":{"large":"https://randomuser.me/api/portraits/women/81.jpg","medium":"https://randomuser.me/api/portraits/med/women/81.jpg","thumbnail":"https://randomuser.me/api/portraits/thumb/women/81.jpg"},"nat":"GB"}],"info":{"seed":"7037598699fc1a9d","results":1,"page":1,"version":"1.4"}} 
 </msg>
<msg time="2024-04-01T07:14:32.936027" level="INFO">/opt/hostedtoolcache/Python/3.12.2/x64/lib/python3.12/site-packages/urllib3/connectionpool.py:1103: InsecureRequestWarning: Unverified HTTPS request is being made to host 'randomuser.me'. Adding certificate verification is strongly advised. See: https://urllib3.readthedocs.io/en/latest/advanced-usage.html#tls-warnings
  warnings.warn(</msg>
<msg time="2024-04-01T07:14:32.936141" level="INFO">${response} = &lt;Response [200]&gt;</msg>
<var>${response}</var>
<arg>consultarAPI</arg>
<arg>/api</arg>
<doc>Sends a GET request on a previously created HTTP Session.</doc>
<status status="PASS" start="2024-04-01T07:14:32.816525" elapsed="0.119678"/>
</kw>
<kw name="Set Variable" owner="BuiltIn">
<msg time="2024-04-01T07:14:32.937228" level="INFO">${json_data} = {'results': [{'gender': 'female', 'name': {'title': 'Miss', 'first': 'Sam', 'last': 'Moore'}, 'location': {'street': {'number': 4796, 'name': 'Main Road'}, 'city': 'Salisbury', 'state': 'Worcestershir...</msg>
<var>${json_data}</var>
<arg>${response.json()}</arg>
<doc>Returns the given values which can then be assigned to a variables.</doc>
<status status="PASS" start="2024-04-01T07:14:32.936568" elapsed="0.000691"/>
</kw>
<kw name="Log" owner="BuiltIn">
<msg time="2024-04-01T07:14:32.937726" level="INFO">{'results': [{'gender': 'female', 'name': {'title': 'Miss', 'first': 'Sam', 'last': 'Moore'}, 'location': {'street': {'number': 4796, 'name': 'Main Road'}, 'city': 'Salisbury', 'state': 'Worcestershire', 'country': 'United Kingdom', 'postcode': 'L78 0SJ', 'coordinates': {'latitude': '-8.2496', 'longitude': '118.8811'}, 'timezone': {'offset': '+3:00', 'description': 'Baghdad, Riyadh, Moscow, St. Petersburg'}}, 'email': 'sam.moore@example.com', 'login': {'uuid': 'd95976bf-c771-440e-ae7d-b60adc3075ff', 'username': 'ticklishostrich489', 'password': 'jayhawks', 'salt': 'CDfra4N4', 'md5': 'ab1bf6f3e95e2479da541308dacdcf23', 'sha1': '6114ee770d29c49cc21e8cc5f374c355c7df6eff', 'sha256': '8d4521da8551e5b94aa642421e66285c9698026a32477bc6c70762dbf4ce1052'}, 'dob': {'date': '1945-05-21T19:11:30.181Z', 'age': 78}, 'registered': {'date': '2015-06-03T12:08:06.348Z', 'age': 8}, 'phone': '015394 81522', 'cell': '07378 904384', 'id': {'name': 'NINO', 'value': 'YJ 59 17 88 L'}, 'picture': {'large': 'https://randomuser.me/api/portraits/women/81.jpg', 'medium': 'https://randomuser.me/api/portraits/med/women/81.jpg', 'thumbnail': 'https://randomuser.me/api/portraits/thumb/women/81.jpg'}, 'nat': 'GB'}], 'info': {'seed': '7037598699fc1a9d', 'results': 1, 'page': 1, 'version': '1.4'}}</msg>
<arg>${json_data}</arg>
<doc>Logs the given message with the given level.</doc>
<status status="PASS" start="2024-04-01T07:14:32.937571" elapsed="0.000202"/>
</kw>
<kw name="Dictionary Should Contain Key" owner="Collections">
<msg time="2024-04-01T07:14:32.938213" level="INFO">False</msg>
<arg>${json_data}</arg>
<arg>results</arg>
<doc>Fails if ``key`` is not found from ``dictionary``.</doc>
<status status="PASS" start="2024-04-01T07:14:32.938066" elapsed="0.000183"/>
</kw>
<kw name="Should Not Be Empty" owner="BuiltIn">
<msg time="2024-04-01T07:14:32.938669" level="INFO">Length is 2.</msg>
<arg>${json_data}</arg>
<doc>Verifies that the given item is not empty.</doc>
<status status="PASS" start="2024-04-01T07:14:32.938538" elapsed="0.000170"/>
</kw>
<kw name="Create List" owner="BuiltIn">
<msg time="2024-04-01T07:14:32.939137" level="INFO">${expected_keys} = ['gender', 'name', 'location', 'email', 'login']</msg>
<var>${expected_keys}</var>
<arg>gender</arg>
<arg>name</arg>
<arg>location</arg>
<arg>email</arg>
<arg>login</arg>
<doc>Returns a list containing given items.</doc>
<status status="PASS" start="2024-04-01T07:14:32.938992" elapsed="0.000169"/>
</kw>
<for flavor="IN">
<iter>
<kw name="Dictionary Should Contain Key" owner="Collections">
<msg time="2024-04-01T07:14:32.940151" level="INFO">False</msg>
<arg>${json_data['results'][0]}</arg>
<arg>${key}</arg>
<doc>Fails if ``key`` is not found from ``dictionary``.</doc>
<status status="PASS" start="2024-04-01T07:14:32.939707" elapsed="0.000484"/>
</kw>
<kw name="Log" owner="BuiltIn">
<msg time="2024-04-01T07:14:32.940859" level="INFO">{'gender': 'female', 'name': {'title': 'Miss', 'first': 'Sam', 'last': 'Moore'}, 'location': {'street': {'number': 4796, 'name': 'Main Road'}, 'city': 'Salisbury', 'state': 'Worcestershire', 'country': 'United Kingdom', 'postcode': 'L78 0SJ', 'coordinates': {'latitude': '-8.2496', 'longitude': '118.8811'}, 'timezone': {'offset': '+3:00', 'description': 'Baghdad, Riyadh, Moscow, St. Petersburg'}}, 'email': 'sam.moore@example.com', 'login': {'uuid': 'd95976bf-c771-440e-ae7d-b60adc3075ff', 'username': 'ticklishostrich489', 'password': 'jayhawks', 'salt': 'CDfra4N4', 'md5': 'ab1bf6f3e95e2479da541308dacdcf23', 'sha1': '6114ee770d29c49cc21e8cc5f374c355c7df6eff', 'sha256': '8d4521da8551e5b94aa642421e66285c9698026a32477bc6c70762dbf4ce1052'}, 'dob': {'date': '1945-05-21T19:11:30.181Z', 'age': 78}, 'registered': {'date': '2015-06-03T12:08:06.348Z', 'age': 8}, 'phone': '015394 81522', 'cell': '07378 904384', 'id': {'name': 'NINO', 'value': 'YJ 59 17 88 L'}, 'picture': {'large': 'https://randomuser.me/api/portraits/women/81.jpg', 'medium': 'https://randomuser.me/api/portraits/med/women/81.jpg', 'thumbnail': 'https://randomuser.me/api/portraits/thumb/women/81.jpg'}, 'nat': 'GB'}</msg>
<arg>${json_data['results'][0]}</arg>
<doc>Logs the given message with the given level.</doc>
<status status="PASS" start="2024-04-01T07:14:32.940494" elapsed="0.000419"/>
</kw>
<kw name="Log" owner="BuiltIn">
<msg time="2024-04-01T07:14:32.941343" level="INFO">gender</msg>
<arg>${key}</arg>
<doc>Logs the given message with the given level.</doc>
<status status="PASS" start="2024-04-01T07:14:32.941213" elapsed="0.000169"/>
</kw>
<var name="${key}">gender</var>
<status status="PASS" start="2024-04-01T07:14:32.939585" elapsed="0.002017"/>
</iter>
<iter>
<kw name="Dictionary Should Contain Key" owner="Collections">
<msg time="2024-04-01T07:14:32.942287" level="INFO">False</msg>
<arg>${json_data['results'][0]}</arg>
<arg>${key}</arg>
<doc>Fails if ``key`` is not found from ``dictionary``.</doc>
<status status="PASS" start="2024-04-01T07:14:32.941900" elapsed="0.000461"/>
</kw>
<kw name="Log" owner="BuiltIn">
<msg time="2024-04-01T07:14:32.943021" level="INFO">{'gender': 'female', 'name': {'title': 'Miss', 'first': 'Sam', 'last': 'Moore'}, 'location': {'street': {'number': 4796, 'name': 'Main Road'}, 'city': 'Salisbury', 'state': 'Worcestershire', 'country': 'United Kingdom', 'postcode': 'L78 0SJ', 'coordinates': {'latitude': '-8.2496', 'longitude': '118.8811'}, 'timezone': {'offset': '+3:00', 'description': 'Baghdad, Riyadh, Moscow, St. Petersburg'}}, 'email': 'sam.moore@example.com', 'login': {'uuid': 'd95976bf-c771-440e-ae7d-b60adc3075ff', 'username': 'ticklishostrich489', 'password': 'jayhawks', 'salt': 'CDfra4N4', 'md5': 'ab1bf6f3e95e2479da541308dacdcf23', 'sha1': '6114ee770d29c49cc21e8cc5f374c355c7df6eff', 'sha256': '8d4521da8551e5b94aa642421e66285c9698026a32477bc6c70762dbf4ce1052'}, 'dob': {'date': '1945-05-21T19:11:30.181Z', 'age': 78}, 'registered': {'date': '2015-06-03T12:08:06.348Z', 'age': 8}, 'phone': '015394 81522', 'cell': '07378 904384', 'id': {'name': 'NINO', 'value': 'YJ 59 17 88 L'}, 'picture': {'large': 'https://randomuser.me/api/portraits/women/81.jpg', 'medium': 'https://randomuser.me/api/portraits/med/women/81.jpg', 'thumbnail': 'https://randomuser.me/api/portraits/thumb/women/81.jpg'}, 'nat': 'GB'}</msg>
<arg>${json_data['results'][0]}</arg>
<doc>Logs the given message with the given level.</doc>
<status status="PASS" start="2024-04-01T07:14:32.942665" elapsed="0.000403"/>
</kw>
<kw name="Log" owner="BuiltIn">
<msg time="2024-04-01T07:14:32.943483" level="INFO">name</msg>
<arg>${key}</arg>
<doc>Logs the given message with the given level.</doc>
<status status="PASS" start="2024-04-01T07:14:32.943358" elapsed="0.000162"/>
</kw>
<var name="${key}">name</var>
<status status="PASS" start="2024-04-01T07:14:32.941786" elapsed="0.001947"/>
</iter>
<iter>
<kw name="Dictionary Should Contain Key" owner="Collections">
<msg time="2024-04-01T07:14:32.944427" level="INFO">False</msg>
<arg>${json_data['results'][0]}</arg>
<arg>${key}</arg>
<doc>Fails if ``key`` is not found from ``dictionary``.</doc>
<status status="PASS" start="2024-04-01T07:14:32.944047" elapsed="0.000416"/>
</kw>
<kw name="Log" owner="BuiltIn">
<msg time="2024-04-01T07:14:32.945123" level="INFO">{'gender': 'female', 'name': {'title': 'Miss', 'first': 'Sam', 'last': 'Moore'}, 'location': {'street': {'number': 4796, 'name': 'Main Road'}, 'city': 'Salisbury', 'state': 'Worcestershire', 'country': 'United Kingdom', 'postcode': 'L78 0SJ', 'coordinates': {'latitude': '-8.2496', 'longitude': '118.8811'}, 'timezone': {'offset': '+3:00', 'description': 'Baghdad, Riyadh, Moscow, St. Petersburg'}}, 'email': 'sam.moore@example.com', 'login': {'uuid': 'd95976bf-c771-440e-ae7d-b60adc3075ff', 'username': 'ticklishostrich489', 'password': 'jayhawks', 'salt': 'CDfra4N4', 'md5': 'ab1bf6f3e95e2479da541308dacdcf23', 'sha1': '6114ee770d29c49cc21e8cc5f374c355c7df6eff', 'sha256': '8d4521da8551e5b94aa642421e66285c9698026a32477bc6c70762dbf4ce1052'}, 'dob': {'date': '1945-05-21T19:11:30.181Z', 'age': 78}, 'registered': {'date': '2015-06-03T12:08:06.348Z', 'age': 8}, 'phone': '015394 81522', 'cell': '07378 904384', 'id': {'name': 'NINO', 'value': 'YJ 59 17 88 L'}, 'picture': {'large': 'https://randomuser.me/api/portraits/women/81.jpg', 'medium': 'https://randomuser.me/api/portraits/med/women/81.jpg', 'thumbnail': 'https://randomuser.me/api/portraits/thumb/women/81.jpg'}, 'nat': 'GB'}</msg>
<arg>${json_data['results'][0]}</arg>
<doc>Logs the given message with the given level.</doc>
<status status="PASS" start="2024-04-01T07:14:32.944760" elapsed="0.000415"/>
</kw>
<kw name="Log" owner="BuiltIn">
<msg time="2024-04-01T07:14:32.945588" level="INFO">location</msg>
<arg>${key}</arg>
<doc>Logs the given message with the given level.</doc>
<status status="PASS" start="2024-04-01T07:14:32.945464" elapsed="0.000163"/>
</kw>
<var name="${key}">location</var>
<status status="PASS" start="2024-04-01T07:14:32.943906" elapsed="0.001934"/>
</iter>
<iter>
<kw name="Dictionary Should Contain Key" owner="Collections">
<msg time="2024-04-01T07:14:32.946497" level="INFO">False</msg>
<arg>${json_data['results'][0]}</arg>
<arg>${key}</arg>
<doc>Fails if ``key`` is not found from ``dictionary``.</doc>
<status status="PASS" start="2024-04-01T07:14:32.946121" elapsed="0.000413"/>
</kw>
<kw name="Log" owner="BuiltIn">
<msg time="2024-04-01T07:14:32.947185" level="INFO">{'gender': 'female', 'name': {'title': 'Miss', 'first': 'Sam', 'last': 'Moore'}, 'location': {'street': {'number': 4796, 'name': 'Main Road'}, 'city': 'Salisbury', 'state': 'Worcestershire', 'country': 'United Kingdom', 'postcode': 'L78 0SJ', 'coordinates': {'latitude': '-8.2496', 'longitude': '118.8811'}, 'timezone': {'offset': '+3:00', 'description': 'Baghdad, Riyadh, Moscow, St. Petersburg'}}, 'email': 'sam.moore@example.com', 'login': {'uuid': 'd95976bf-c771-440e-ae7d-b60adc3075ff', 'username': 'ticklishostrich489', 'password': 'jayhawks', 'salt': 'CDfra4N4', 'md5': 'ab1bf6f3e95e2479da541308dacdcf23', 'sha1': '6114ee770d29c49cc21e8cc5f374c355c7df6eff', 'sha256': '8d4521da8551e5b94aa642421e66285c9698026a32477bc6c70762dbf4ce1052'}, 'dob': {'date': '1945-05-21T19:11:30.181Z', 'age': 78}, 'registered': {'date': '2015-06-03T12:08:06.348Z', 'age': 8}, 'phone': '015394 81522', 'cell': '07378 904384', 'id': {'name': 'NINO', 'value': 'YJ 59 17 88 L'}, 'picture': {'large': 'https://randomuser.me/api/portraits/women/81.jpg', 'medium': 'https://randomuser.me/api/portraits/med/women/81.jpg', 'thumbnail': 'https://randomuser.me/api/portraits/thumb/women/81.jpg'}, 'nat': 'GB'}</msg>
<arg>${json_data['results'][0]}</arg>
<doc>Logs the given message with the given level.</doc>
<status status="PASS" start="2024-04-01T07:14:32.946830" elapsed="0.000401"/>
</kw>
<kw name="Log" owner="BuiltIn">
<msg time="2024-04-01T07:14:32.947643" level="INFO">email</msg>
<arg>${key}</arg>
<doc>Logs the given message with the given level.</doc>
<status status="PASS" start="2024-04-01T07:14:32.947518" elapsed="0.000163"/>
</kw>
<var name="${key}">email</var>
<status status="PASS" start="2024-04-01T07:14:32.946012" elapsed="0.001878"/>
</iter>
<iter>
<kw name="Dictionary Should Contain Key" owner="Collections">
<msg time="2024-04-01T07:14:32.948588" level="INFO">False</msg>
<arg>${json_data['results'][0]}</arg>
<arg>${key}</arg>
<doc>Fails if ``key`` is not found from ``dictionary``.</doc>
<status status="PASS" start="2024-04-01T07:14:32.948214" elapsed="0.000411"/>
</kw>
<kw name="Log" owner="BuiltIn">
<msg time="2024-04-01T07:14:32.949274" level="INFO">{'gender': 'female', 'name': {'title': 'Miss', 'first': 'Sam', 'last': 'Moore'}, 'location': {'street': {'number': 4796, 'name': 'Main Road'}, 'city': 'Salisbury', 'state': 'Worcestershire', 'country': 'United Kingdom', 'postcode': 'L78 0SJ', 'coordinates': {'latitude': '-8.2496', 'longitude': '118.8811'}, 'timezone': {'offset': '+3:00', 'description': 'Baghdad, Riyadh, Moscow, St. Petersburg'}}, 'email': 'sam.moore@example.com', 'login': {'uuid': 'd95976bf-c771-440e-ae7d-b60adc3075ff', 'username': 'ticklishostrich489', 'password': 'jayhawks', 'salt': 'CDfra4N4', 'md5': 'ab1bf6f3e95e2479da541308dacdcf23', 'sha1': '6114ee770d29c49cc21e8cc5f374c355c7df6eff', 'sha256': '8d4521da8551e5b94aa642421e66285c9698026a32477bc6c70762dbf4ce1052'}, 'dob': {'date': '1945-05-21T19:11:30.181Z', 'age': 78}, 'registered': {'date': '2015-06-03T12:08:06.348Z', 'age': 8}, 'phone': '015394 81522', 'cell': '07378 904384', 'id': {'name': 'NINO', 'value': 'YJ 59 17 88 L'}, 'picture': {'large': 'https://randomuser.me/api/portraits/women/81.jpg', 'medium': 'https://randomuser.me/api/portraits/med/women/81.jpg', 'thumbnail': 'https://randomuser.me/api/portraits/thumb/women/81.jpg'}, 'nat': 'GB'}</msg>
<arg>${json_data['results'][0]}</arg>
<doc>Logs the given message with the given level.</doc>
<status status="PASS" start="2024-04-01T07:14:32.948914" elapsed="0.000407"/>
</kw>
<kw name="Log" owner="BuiltIn">
<msg time="2024-04-01T07:14:32.949727" level="INFO">login</msg>
<arg>${key}</arg>
<doc>Logs the given message with the given level.</doc>
<status status="PASS" start="2024-04-01T07:14:32.949604" elapsed="0.000288"/>
</kw>
<var name="${key}">login</var>
<status status="PASS" start="2024-04-01T07:14:32.948095" elapsed="0.002019"/>
</iter>
<var>${key}</var>
<value>@{expected_keys}</value>
<status status="PASS" start="2024-04-01T07:14:32.939407" elapsed="0.010827"/>
</for>
<kw name="Create List" owner="BuiltIn">
<msg time="2024-04-01T07:14:32.950558" level="INFO">${expected_keysTwo} = ['username', 'password']</msg>
<var>${expected_keysTwo}</var>
<arg>username</arg>
<arg>password</arg>
<doc>Returns a list containing given items.</doc>
<status status="PASS" start="2024-04-01T07:14:32.950422" elapsed="0.000159"/>
</kw>
<for flavor="IN">
<iter>
<kw name="Dictionary Should Contain Key" owner="Collections">
<msg time="2024-04-01T07:14:32.951443" level="INFO">False</msg>
<arg>${json_data['results'][0]['login']}</arg>
<arg>${keyTwo}</arg>
<doc>Fails if ``key`` is not found from ``dictionary``.</doc>
<status status="PASS" start="2024-04-01T07:14:32.951068" elapsed="0.000411"/>
</kw>
<kw name="Dictionary Should Contain Key" owner="Collections">
<msg time="2024-04-01T07:14:32.952241" level="INFO">False</msg>
<arg>${json_data['results'][0]['login']}</arg>
<arg>${keyTwo}</arg>
<doc>Fails if ``key`` is not found from ``dictionary``.</doc>
<status status="PASS" start="2024-04-01T07:14:32.951789" elapsed="0.000491"/>
</kw>
<kw name="Log" owner="BuiltIn">
<msg time="2024-04-01T07:14:32.952699" level="INFO">username</msg>
<arg>${keyTwo}</arg>
<doc>Logs the given message with the given level.</doc>
<status status="PASS" start="2024-04-01T07:14:32.952573" elapsed="0.000162"/>
</kw>
<var name="${keyTwo}">username</var>
<status status="PASS" start="2024-04-01T07:14:32.950958" elapsed="0.001987"/>
</iter>
<iter>
<kw name="Dictionary Should Contain Key" owner="Collections">
<msg time="2024-04-01T07:14:32.953606" level="INFO">False</msg>
<arg>${json_data['results'][0]['login']}</arg>
<arg>${keyTwo}</arg>
<doc>Fails if ``key`` is not found from ``dictionary``.</doc>
<status status="PASS" start="2024-04-01T07:14:32.953225" elapsed="0.000418"/>
</kw>
<kw name="Dictionary Should Contain Key" owner="Collections">
<msg time="2024-04-01T07:14:32.954301" level="INFO">False</msg>
<arg>${json_data['results'][0]['login']}</arg>
<arg>${keyTwo}</arg>
<doc>Fails if ``key`` is not found from ``dictionary``.</doc>
<status status="PASS" start="2024-04-01T07:14:32.953931" elapsed="0.000406"/>
</kw>
<kw name="Log" owner="BuiltIn">
<msg time="2024-04-01T07:14:32.954747" level="INFO">password</msg>
<arg>${keyTwo}</arg>
<doc>Logs the given message with the given level.</doc>
<status status="PASS" start="2024-04-01T07:14:32.954622" elapsed="0.000161"/>
</kw>
<var name="${keyTwo}">password</var>
<status status="PASS" start="2024-04-01T07:14:32.953116" elapsed="0.001885"/>
</iter>
<var>${keyTwo}</var>
<value>@{expected_keysTwo}</value>
<status status="PASS" start="2024-04-01T07:14:32.950812" elapsed="0.004307"/>
</for>
<status status="PASS" start="2024-04-01T07:14:32.816289" elapsed="0.138966"/>
</kw>
<doc>Testa a estrutura da resposta da API.</doc>
<tag>testeEstruturaResposta</tag>
<status status="PASS" start="2024-04-01T07:14:32.815567" elapsed="0.139837"/>
</test>
<test id="s1-s1-t4" name="Validar tipos de dados" line="28">
<kw name="Teste de Tipos de Dados" owner="random-user-service">
<kw name="GET On Session" owner="RequestsLibrary">
<msg time="2024-04-01T07:14:33.030798" level="INFO">GET Request : url=https://randomuser.me/api 
 path_url=/api 
 headers={'User-Agent': 'python-requests/2.31.0', 'Accept-Encoding': 'gzip, deflate', 'Accept': '*/*', 'Connection': 'keep-alive'} 
 body=None 
 </msg>
<msg time="2024-04-01T07:14:33.030860" level="INFO">GET Response : url=https://randomuser.me/api 
 status=200, reason=OK 
 headers={'Date': 'Mon, 01 Apr 2024 07:14:33 GMT', 'Content-Type': 'application/json; charset=utf-8', 'Transfer-Encoding': 'chunked', 'Connection': 'keep-alive', 'X-Powered-By': 'Express', 'Access-Control-Allow-Origin': '*', 'Cache-Control': 'no-cache', 'ETag': 'W/"498-KI+Xyg4Skq0VqWQ0r6gVSkLOf7c"', 'Vary': 'Accept-Encoding', 'Content-Encoding': 'gzip', 'CF-Cache-Status': 'DYNAMIC', 'Report-To': '{"endpoints":[{"url":"https:\\/\\/a.nel.cloudflare.com\\/report\\/v4?s=HXHSBER1lHwR5G12TzKEiKpuLx%2BBKbMs2HzLcBO4VE6Y7%2FGZGwrxMRiBcwrCLOXGgPV2uX4zrCvUe6jIzGQ1LHZKbPLU9kEj8Ph8H2jskxelYC%2FlhZWmG%2BXMZJFm3KJi"}],"group":"cf-nel","max_age":604800}', 'NEL': '{"success_fraction":0,"report_to":"cf-nel","max_age":604800}', 'Server': 'cloudflare', 'CF-RAY': '86d6c86bfbe002b0-ORD', 'alt-svc': 'h3=":443"; ma=86400'} 
 body={"results":[{"gender":"male","name":{"title":"Mr","first":"Samuel","last":"Fortin"},"location":{"street":{"number":3412,"name":"Grand Ave"},"city":"Windsor","state":"Newfoundland and Labrador","country":"Canada","postcode":"O6L 1L8","coordinates":{"latitude":"-72.4748","longitude":"-37.2757"},"timezone":{"offset":"+1:00","description":"Brussels, Copenhagen, Madrid, Paris"}},"email":"samuel.fortin@example.com","login":{"uuid":"d4758f58-a89d-471f-9dec-c9a08f53cd0b","username":"whitepeacock829","password":"sixty9","salt":"OFM2Dg9t","md5":"fb87390b9cbe2b5e0ee18c76f6ffbe2f","sha1":"6dbf7200c67b3c3384dc1630ae9679acff1cc019","sha256":"d778f6efb00c8de7d2bb2f28d4ada24e8d38cf9ecddc8651c45b8e6998cf7c3c"},"dob":{"date":"1979-08-18T16:11:43.939Z","age":44},"registered":{"date":"2014-12-14T09:59:41.920Z","age":9},"phone":"O93 F88-0732","cell":"C17 H13-9980","id":{"name":"SIN","value":"323454280"},"picture":{"large":"https://randomuser.me/api/portraits/men/0.jpg","medium":"https://randomuser.me/api/portraits/med/men/0.jpg","thumbnail":"https://randomuser.me/api/portraits/thumb/men/0.jpg"},"nat":"CA"}],"info":{"seed":"9a7db5db0e3a4823","results":1,"page":1,"version":"1.4"}} 
 </msg>
<msg time="2024-04-01T07:14:33.030912" level="INFO">/opt/hostedtoolcache/Python/3.12.2/x64/lib/python3.12/site-packages/urllib3/connectionpool.py:1103: InsecureRequestWarning: Unverified HTTPS request is being made to host 'randomuser.me'. Adding certificate verification is strongly advised. See: https://urllib3.readthedocs.io/en/latest/advanced-usage.html#tls-warnings
  warnings.warn(</msg>
<msg time="2024-04-01T07:14:33.031017" level="INFO">${response} = &lt;Response [200]&gt;</msg>
<var>${response}</var>
<arg>consultarAPI</arg>
<arg>/api</arg>
<doc>Sends a GET request on a previously created HTTP Session.</doc>
<status status="PASS" start="2024-04-01T07:14:32.957889" elapsed="0.073159"/>
</kw>
<kw name="Set Variable" owner="BuiltIn">
<msg time="2024-04-01T07:14:33.031818" level="INFO">${json_data} = {'results': [{'gender': 'male', 'name': {'title': 'Mr', 'first': 'Samuel', 'last': 'Fortin'}, 'location': {'street': {'number': 3412, 'name': 'Grand Ave'}, 'city': 'Windsor', 'state': 'Newfoundland an...</msg>
<var>${json_data}</var>
<arg>${response.json()}</arg>
<doc>Returns the given values which can then be assigned to a variables.</doc>
<status status="PASS" start="2024-04-01T07:14:33.031380" elapsed="0.000465"/>
</kw>
<kw name="Log" owner="BuiltIn">
<msg time="2024-04-01T07:14:33.032335" level="INFO">{'results': [{'gender': 'male', 'name': {'title': 'Mr', 'first': 'Samuel', 'last': 'Fortin'}, 'location': {'street': {'number': 3412, 'name': 'Grand Ave'}, 'city': 'Windsor', 'state': 'Newfoundland and Labrador', 'country': 'Canada', 'postcode': 'O6L 1L8', 'coordinates': {'latitude': '-72.4748', 'longitude': '-37.2757'}, 'timezone': {'offset': '+1:00', 'description': 'Brussels, Copenhagen, Madrid, Paris'}}, 'email': 'samuel.fortin@example.com', 'login': {'uuid': 'd4758f58-a89d-471f-9dec-c9a08f53cd0b', 'username': 'whitepeacock829', 'password': 'sixty9', 'salt': 'OFM2Dg9t', 'md5': 'fb87390b9cbe2b5e0ee18c76f6ffbe2f', 'sha1': '6dbf7200c67b3c3384dc1630ae9679acff1cc019', 'sha256': 'd778f6efb00c8de7d2bb2f28d4ada24e8d38cf9ecddc8651c45b8e6998cf7c3c'}, 'dob': {'date': '1979-08-18T16:11:43.939Z', 'age': 44}, 'registered': {'date': '2014-12-14T09:59:41.920Z', 'age': 9}, 'phone': 'O93 F88-0732', 'cell': 'C17 H13-9980', 'id': {'name': 'SIN', 'value': '323454280'}, 'picture': {'large': 'https://randomuser.me/api/portraits/men/0.jpg', 'medium': 'https://randomuser.me/api/portraits/med/men/0.jpg', 'thumbnail': 'https://randomuser.me/api/portraits/thumb/men/0.jpg'}, 'nat': 'CA'}], 'info': {'seed': '9a7db5db0e3a4823', 'results': 1, 'page': 1, 'version': '1.4'}}</msg>
<arg>${json_data}</arg>
<doc>Logs the given message with the given level.</doc>
<status status="PASS" start="2024-04-01T07:14:33.032183" elapsed="0.000233"/>
</kw>
<kw name="Should Be String" owner="String">
<arg>${json_data['results'][0]['gender']}</arg>
<doc>Fails if the given ``item`` is not a string.</doc>
<status status="PASS" start="2024-04-01T07:14:33.032718" elapsed="0.000363"/>
</kw>
<kw name="Should Match Regexp" owner="BuiltIn">
<arg>${json_data['results'][0]['email']}</arg>
<arg>^[a-zA-Z0-9._%+-]+@[a-zA-Z0-9.-]+\.[a-zA-Z]{2,}$</arg>
<doc>Fails if ``string`` does not match ``pattern`` as a regular expression.</doc>
<status status="PASS" start="2024-04-01T07:14:33.033275" elapsed="0.000505"/>
</kw>
<kw name="Should Match Regexp" owner="BuiltIn">
<arg>${json_data['results'][0]['dob']['date']}</arg>
<arg>\\d{4}-\\d{2}-\\d{2}T\\d{2}:\\d{2}:\\d{2}\\.\\d{3}Z</arg>
<doc>Fails if ``string`` does not match ``pattern`` as a regular expression.</doc>
<status status="PASS" start="2024-04-01T07:14:33.033976" elapsed="0.000501"/>
</kw>
<kw name="Should Match Regexp" owner="BuiltIn">
<arg>${json_data['results'][0]['registered']['date']}</arg>
<arg>\\d{4}-\\d{2}-\\d{2}T\\d{2}:\\d{2}:\\d{2}\\.\\d{3}Z</arg>
<doc>Fails if ``string`` does not match ``pattern`` as a regular expression.</doc>
<status status="PASS" start="2024-04-01T07:14:33.034667" elapsed="0.000373"/>
</kw>
<kw name="Should Match Regexp" owner="BuiltIn">
<arg>${json_data['results'][0]['picture']['large']}</arg>
<arg>^https?://.*\.(?:png|jpe?g|gif|bmp)$</arg>
<doc>Fails if ``string`` does not match ``pattern`` as a regular expression.</doc>
<status status="PASS" start="2024-04-01T07:14:33.035225" elapsed="0.000455"/>
</kw>
<kw name="Should Match Regexp" owner="BuiltIn">
<arg>${json_data['results'][0]['picture']['medium']}</arg>
<arg>^https?://.*\.(?:png|jpe?g|gif|bmp)$</arg>
<doc>Fails if ``string`` does not match ``pattern`` as a regular expression.</doc>
<status status="PASS" start="2024-04-01T07:14:33.035869" elapsed="0.000395"/>
</kw>
<kw name="Should Match Regexp" owner="BuiltIn">
<arg>${json_data['results'][0]['picture']['thumbnail']}</arg>
<arg>^https?://.*\.(?:png|jpe?g|gif|bmp)$</arg>
<doc>Fails if ``string`` does not match ``pattern`` as a regular expression.</doc>
<status status="PASS" start="2024-04-01T07:14:33.036451" elapsed="0.000344"/>
</kw>
<kw name="Log" owner="BuiltIn">
<msg time="2024-04-01T07:14:33.037303" level="INFO">{'large': 'https://randomuser.me/api/portraits/men/0.jpg', 'medium': 'https://randomuser.me/api/portraits/med/men/0.jpg', 'thumbnail': 'https://randomuser.me/api/portraits/thumb/men/0.jpg'}</msg>
<arg>${json_data['results'][0]['picture']}</arg>
<doc>Logs the given message with the given level.</doc>
<status status="PASS" start="2024-04-01T07:14:33.036975" elapsed="0.000375"/>
</kw>
<status status="PASS" start="2024-04-01T07:14:32.957669" elapsed="0.079932"/>
</kw>
<kw name="Teste de Tipos de Dados - Postcode" owner="random-user-service">
<kw name="GET On Session" owner="RequestsLibrary">
<msg time="2024-04-01T07:14:33.117279" level="INFO">GET Request : url=https://randomuser.me/api 
 path_url=/api 
 headers={'User-Agent': 'python-requests/2.31.0', 'Accept-Encoding': 'gzip, deflate', 'Accept': '*/*', 'Connection': 'keep-alive'} 
 body=None 
 </msg>
<msg time="2024-04-01T07:14:33.117355" level="INFO">GET Response : url=https://randomuser.me/api 
 status=200, reason=OK 
 headers={'Date': 'Mon, 01 Apr 2024 07:14:33 GMT', 'Content-Type': 'application/json; charset=utf-8', 'Transfer-Encoding': 'chunked', 'Connection': 'keep-alive', 'X-Powered-By': 'Express', 'Access-Control-Allow-Origin': '*', 'Cache-Control': 'no-cache', 'ETag': 'W/"499-O4qX+F3x5UHwD+N5tf371DjgPj4"', 'Vary': 'Accept-Encoding', 'Content-Encoding': 'gzip', 'CF-Cache-Status': 'DYNAMIC', 'Report-To': '{"endpoints":[{"url":"https:\\/\\/a.nel.cloudflare.com\\/report\\/v4?s=VDVk%2FuwCq9quA5dkRTE77JQbLqeD8aTqn85tLSRJ9FAOIaanEo2R66OqD1M%2F266uM2rjq%2FEAlMcq7K32qJQpA8%2BrBq2qer%2BW%2BueNoakEOU%2Bws7jzOrvwdlOoedHM%2BDnI"}],"group":"cf-nel","max_age":604800}', 'NEL': '{"success_fraction":0,"report_to":"cf-nel","max_age":604800}', 'Server': 'cloudflare', 'CF-RAY': '86d6c86c7c3f02b0-ORD', 'alt-svc': 'h3=":443"; ma=86400'} 
 body={"results":[{"gender":"male","name":{"title":"Mr","first":"Elioenai","last":"da Luz"},"location":{"street":{"number":5933,"name":"Rua Maranhão "},"city":"Cuiabá","state":"Rio de Janeiro","country":"Brazil","postcode":51186,"coordinates":{"latitude":"-73.6624","longitude":"-33.2117"},"timezone":{"offset":"+1:00","description":"Brussels, Copenhagen, Madrid, Paris"}},"email":"elioenai.daluz@example.com","login":{"uuid":"547964a7-2e0d-4ad3-8b3e-ab7c77490bf6","username":"bluetiger711","password":"puff","salt":"k3aYQZnG","md5":"e3f336381c7b6a74ffe91ece9467fb80","sha1":"a18f92266c02f0e3dd7b7deeae6f4877d0dfc468","sha256":"db5bfcf25e7555e36b604cadf7c57ab3b665ffc4e762957c673eb923890ada02"},"dob":{"date":"1984-06-25T03:39:00.901Z","age":39},"registered":{"date":"2012-03-16T15:35:07.816Z","age":12},"phone":"(44) 2606-9367","cell":"(40) 4783-2186","id":{"name":"CPF","value":"995.766.843-53"},"picture":{"large":"https://randomuser.me/api/portraits/men/76.jpg","medium":"https://randomuser.me/api/portraits/med/men/76.jpg","thumbnail":"https://randomuser.me/api/portraits/thumb/men/76.jpg"},"nat":"BR"}],"info":{"seed":"3b45ca20326a1d53","results":1,"page":1,"version":"1.4"}} 
 </msg>
<msg time="2024-04-01T07:14:33.117434" level="INFO">/opt/hostedtoolcache/Python/3.12.2/x64/lib/python3.12/site-packages/urllib3/connectionpool.py:1103: InsecureRequestWarning: Unverified HTTPS request is being made to host 'randomuser.me'. Adding certificate verification is strongly advised. See: https://urllib3.readthedocs.io/en/latest/advanced-usage.html#tls-warnings
  warnings.warn(</msg>
<msg time="2024-04-01T07:14:33.117563" level="INFO">${response} = &lt;Response [200]&gt;</msg>
<var>${response}</var>
<arg>consultarAPI</arg>
<arg>/api</arg>
<doc>Sends a GET request on a previously created HTTP Session.</doc>
<status status="PASS" start="2024-04-01T07:14:33.038140" elapsed="0.079471"/>
</kw>
<kw name="Set Variable" owner="BuiltIn">
<msg time="2024-04-01T07:14:33.118417" level="INFO">${json_data} = {'results': [{'gender': 'male', 'name': {'title': 'Mr', 'first': 'Elioenai', 'last': 'da Luz'}, 'location': {'street': {'number': 5933, 'name': 'Rua Maranhão '}, 'city': 'Cuiabá', 'state': 'Rio de Jan...</msg>
<var>${json_data}</var>
<arg>${response.json()}</arg>
<doc>Returns the given values which can then be assigned to a variables.</doc>
<status status="PASS" start="2024-04-01T07:14:33.117992" elapsed="0.000454"/>
</kw>
<kw name="Log" owner="BuiltIn">
<msg time="2024-04-01T07:14:33.118897" level="INFO">{'results': [{'gender': 'male', 'name': {'title': 'Mr', 'first': 'Elioenai', 'last': 'da Luz'}, 'location': {'street': {'number': 5933, 'name': 'Rua Maranhão '}, 'city': 'Cuiabá', 'state': 'Rio de Janeiro', 'country': 'Brazil', 'postcode': 51186, 'coordinates': {'latitude': '-73.6624', 'longitude': '-33.2117'}, 'timezone': {'offset': '+1:00', 'description': 'Brussels, Copenhagen, Madrid, Paris'}}, 'email': 'elioenai.daluz@example.com', 'login': {'uuid': '547964a7-2e0d-4ad3-8b3e-ab7c77490bf6', 'username': 'bluetiger711', 'password': 'puff', 'salt': 'k3aYQZnG', 'md5': 'e3f336381c7b6a74ffe91ece9467fb80', 'sha1': 'a18f92266c02f0e3dd7b7deeae6f4877d0dfc468', 'sha256': 'db5bfcf25e7555e36b604cadf7c57ab3b665ffc4e762957c673eb923890ada02'}, 'dob': {'date': '1984-06-25T03:39:00.901Z', 'age': 39}, 'registered': {'date': '2012-03-16T15:35:07.816Z', 'age': 12}, 'phone': '(44) 2606-9367', 'cell': '(40) 4783-2186', 'id': {'name': 'CPF', 'value': '995.766.843-53'}, 'picture': {'large': 'https://randomuser.me/api/portraits/men/76.jpg', 'medium': 'https://randomuser.me/api/portraits/med/men/76.jpg', 'thumbnail': 'https://randomuser.me/api/portraits/thumb/men/76.jpg'}, 'nat': 'BR'}], 'info': {'seed': '3b45ca20326a1d53', 'results': 1, 'page': 1, 'version': '1.4'}}</msg>
<arg>${json_data}</arg>
<doc>Logs the given message with the given level.</doc>
<status status="PASS" start="2024-04-01T07:14:33.118745" elapsed="0.000231"/>
</kw>
<kw name="Should Be Equal As Numbers" owner="BuiltIn">
<arg>${json_data['results'][0]['location']['postcode']}</arg>
<arg>${json_data['results'][0]['location']['postcode']}</arg>
<doc>Fails if objects are unequal after converting them to real numbers.</doc>
<status status="PASS" start="2024-04-01T07:14:33.119275" elapsed="0.000619"/>
</kw>
<kw name="Log" owner="BuiltIn">
<msg time="2024-04-01T07:14:33.120462" level="INFO">51186</msg>
<arg>${json_data['results'][0]['location']['postcode']}</arg>
<doc>Logs the given message with the given level.</doc>
<status status="PASS" start="2024-04-01T07:14:33.120125" elapsed="0.000378"/>
</kw>
<status status="PASS" start="2024-04-01T07:14:33.037810" elapsed="0.082943"/>
</kw>
<doc>Testa se os tipos de dados na resposta da API estão corretos.</doc>
<tag>testeTiposDados</tag>
<status status="PASS" start="2024-04-01T07:14:32.957165" elapsed="0.163748"/>
</test>
<test id="s1-s1-t5" name="Validar conteudo" line="35">
<kw name="Teste de Tipos de Conteudo" owner="random-user-service">
<kw name="GET On Session" owner="RequestsLibrary">
<msg time="2024-04-01T07:14:33.210342" level="INFO">GET Request : url=https://randomuser.me/api 
 path_url=/api 
 headers={'User-Agent': 'python-requests/2.31.0', 'Accept-Encoding': 'gzip, deflate', 'Accept': '*/*', 'Connection': 'keep-alive'} 
 body=None 
 </msg>
<msg time="2024-04-01T07:14:33.210424" level="INFO">GET Response : url=https://randomuser.me/api 
 status=200, reason=OK 
 headers={'Date': 'Mon, 01 Apr 2024 07:14:33 GMT', 'Content-Type': 'application/json; charset=utf-8', 'Transfer-Encoding': 'chunked', 'Connection': 'keep-alive', 'X-Powered-By': 'Express', 'Access-Control-Allow-Origin': '*', 'Cache-Control': 'no-cache', 'ETag': 'W/"48e-n7pxKFG6Z7nJPBDKofKRFSJi1KI"', 'Vary': 'Accept-Encoding', 'Content-Encoding': 'gzip', 'CF-Cache-Status': 'DYNAMIC', 'Report-To': '{"endpoints":[{"url":"https:\\/\\/a.nel.cloudflare.com\\/report\\/v4?s=fi2s3cIQK2GNUBf03xRrV2dNt%2BRhKcSm1ja%2FGRJBrK7sut%2F%2FIkO5rwn1z9KpcTwNECG8UOaxP7DtCyK6wfZv%2FK6HKSg2AiXkN7QAaAIXIkafEi20ekNwNx0n0EwAjErs"}],"group":"cf-nel","max_age":604800}', 'NEL': '{"success_fraction":0,"report_to":"cf-nel","max_age":604800}', 'Server': 'cloudflare', 'CF-RAY': '86d6c86d0c9902b0-ORD', 'alt-svc': 'h3=":443"; ma=86400'} 
 body={"results":[{"gender":"male","name":{"title":"Mr","first":"Isaac","last":"Granados"},"location":{"street":{"number":8228,"name":"Cerrada Distrito Federal"},"city":"Tampico Alto","state":"Aguascalientes","country":"Mexico","postcode":70374,"coordinates":{"latitude":"21.5536","longitude":"-111.3277"},"timezone":{"offset":"-9:00","description":"Alaska"}},"email":"isaac.granados@example.com","login":{"uuid":"661d4d0a-a989-44d1-b4f9-7f0408a0ee28","username":"yellowlion541","password":"dingle","salt":"OIGKsYe0","md5":"f7fe086a2231b4bbb2e4f88b51fcdfe6","sha1":"7985ee962407c8bc8e2ebf115eb1ea716703bd0f","sha256":"3ba8d482ead9ac855430aa29ec8177e0cff94a8d1274c76ca7bc0561f2d8fc97"},"dob":{"date":"1999-12-28T16:14:09.584Z","age":24},"registered":{"date":"2003-01-15T14:40:13.043Z","age":21},"phone":"(605) 608 9158","cell":"(609) 769 1431","id":{"name":"NSS","value":"04 64 58 2435 4"},"picture":{"large":"https://randomuser.me/api/portraits/men/29.jpg","medium":"https://randomuser.me/api/portraits/med/men/29.jpg","thumbnail":"https://randomuser.me/api/portraits/thumb/men/29.jpg"},"nat":"MX"}],"info":{"seed":"5719b57d423c2272","results":1,"page":1,"version":"1.4"}} 
 </msg>
<msg time="2024-04-01T07:14:33.210494" level="INFO">/opt/hostedtoolcache/Python/3.12.2/x64/lib/python3.12/site-packages/urllib3/connectionpool.py:1103: InsecureRequestWarning: Unverified HTTPS request is being made to host 'randomuser.me'. Adding certificate verification is strongly advised. See: https://urllib3.readthedocs.io/en/latest/advanced-usage.html#tls-warnings
  warnings.warn(</msg>
<msg time="2024-04-01T07:14:33.210633" level="INFO">${response} = &lt;Response [200]&gt;</msg>
<var>${response}</var>
<arg>consultarAPI</arg>
<arg>/api</arg>
<doc>Sends a GET request on a previously created HTTP Session.</doc>
<status status="PASS" start="2024-04-01T07:14:33.123335" elapsed="0.087354"/>
</kw>
<kw name="Set Variable" owner="BuiltIn">
<msg time="2024-04-01T07:14:33.211566" level="INFO">${json_data} = {'results': [{'gender': 'male', 'name': {'title': 'Mr', 'first': 'Isaac', 'last': 'Granados'}, 'location': {'street': {'number': 8228, 'name': 'Cerrada Distrito Federal'}, 'city': 'Tampico Alto', 'sta...</msg>
<var>${json_data}</var>
<arg>${response.json()}</arg>
<doc>Returns the given values which can then be assigned to a variables.</doc>
<status status="PASS" start="2024-04-01T07:14:33.211128" elapsed="0.000465"/>
</kw>
<kw name="Set Variable" owner="BuiltIn">
<msg time="2024-04-01T07:14:33.212330" level="INFO">${name_title} = Mr</msg>
<var>${name_title}</var>
<arg>${json_data["results"][0]["name"]["title"]}</arg>
<doc>Returns the given values which can then be assigned to a variables.</doc>
<status status="PASS" start="2024-04-01T07:14:33.211893" elapsed="0.000463"/>
</kw>
<kw name="Create List" owner="BuiltIn">
<msg time="2024-04-01T07:14:33.212804" level="INFO">${allowed_titles} = ['Mr', 'Ms', 'Miss', 'Mrs', 'Madame', 'Monsieur']</msg>
<var>${allowed_titles}</var>
<arg>Mr</arg>
<arg>Ms</arg>
<arg>Miss</arg>
<arg>Mrs</arg>
<arg>Madame</arg>
<arg>Monsieur</arg>
<doc>Returns a list containing given items.</doc>
<status status="PASS" start="2024-04-01T07:14:33.212656" elapsed="0.000172"/>
</kw>
<kw name="List Should Contain Value" owner="Collections">
<msg time="2024-04-01T07:14:33.213293" level="INFO">False</msg>
<arg>${allowed_titles}</arg>
<arg>${name_title}</arg>
<doc>Fails if the ``value`` is not found from ``list``.</doc>
<status status="PASS" start="2024-04-01T07:14:33.213127" elapsed="0.000208"/>
</kw>
<kw name="Set Variable" owner="BuiltIn">
<msg time="2024-04-01T07:14:33.213996" level="INFO">${name_country} = MX</msg>
<var>${name_country}</var>
<arg>${json_data["results"][0]["nat"]}</arg>
<doc>Returns the given values which can then be assigned to a variables.</doc>
<status status="PASS" start="2024-04-01T07:14:33.213622" elapsed="0.000399"/>
</kw>
<kw name="Create List" owner="BuiltIn">
<msg time="2024-04-01T07:14:33.214924" level="INFO">${list_country} = ['AD', 'AE', 'AF', 'AG', 'AI', 'AL', 'AM', 'AO', 'AQ', 'AR', 'AS', 'AT', 'AU', 'AW', 'AX', 'AZ', 'BA', 'BB', 'BD', 'BE', 'BF', 'BG', 'BH', 'BI', 'BJ', 'BL', 'BM', 'BN', 'BO', 'BQ', 'BR', 'BS', 'BT', '...</msg>
<var>${list_country}</var>
<arg>AD</arg>
<arg>AE</arg>
<arg>AF</arg>
<arg>AG</arg>
<arg>AI</arg>
<arg>AL</arg>
<arg>AM</arg>
<arg>AO</arg>
<arg>AQ</arg>
<arg>AR</arg>
<arg>AS</arg>
<arg>AT</arg>
<arg>AU</arg>
<arg>AW</arg>
<arg>AX</arg>
<arg>AZ</arg>
<arg>BA</arg>
<arg>BB</arg>
<arg>BD</arg>
<arg>BE</arg>
<arg>BF</arg>
<arg>BG</arg>
<arg>BH</arg>
<arg>BI</arg>
<arg>BJ</arg>
<arg>BL</arg>
<arg>BM</arg>
<arg>BN</arg>
<arg>BO</arg>
<arg>BQ</arg>
<arg>BR</arg>
<arg>BS</arg>
<arg>BT</arg>
<arg>BV</arg>
<arg>BW</arg>
<arg>BY</arg>
<arg>BZ</arg>
<arg>CA</arg>
<arg>CC</arg>
<arg>CD</arg>
<arg>CF</arg>
<arg>CG</arg>
<arg>CH</arg>
<arg>CI</arg>
<arg>CK</arg>
<arg>CL</arg>
<arg>CM</arg>
<arg>CN</arg>
<arg>CO</arg>
<arg>CR</arg>
<arg>CU</arg>
<arg>CV</arg>
<arg>CW</arg>
<arg>CX</arg>
<arg>CY</arg>
<arg>CZ</arg>
<arg>DE</arg>
<arg>DJ</arg>
<arg>DK</arg>
<arg>DM</arg>
<arg>DO</arg>
<arg>DZ</arg>
<arg>EC</arg>
<arg>EE</arg>
<arg>EG</arg>
<arg>EH</arg>
<arg>ER</arg>
<arg>ES</arg>
<arg>ET</arg>
<arg>FI</arg>
<arg>FJ</arg>
<arg>FK</arg>
<arg>FM</arg>
<arg>FO</arg>
<arg>FR</arg>
<arg>GA</arg>
<arg>GB</arg>
<arg>GD</arg>
<arg>GE</arg>
<arg>GF</arg>
<arg>GG</arg>
<arg>GH</arg>
<arg>GI</arg>
<arg>GL</arg>
<arg>GM</arg>
<arg>GN</arg>
<arg>GP</arg>
<arg>GQ</arg>
<arg>GR</arg>
<arg>GS</arg>
<arg>GT</arg>
<arg>GU</arg>
<arg>GW</arg>
<arg>GY</arg>
<arg>HK</arg>
<arg>HM</arg>
<arg>HN</arg>
<arg>HR</arg>
<arg>HT</arg>
<arg>HU</arg>
<arg>ID</arg>
<arg>IE</arg>
<arg>IL</arg>
<arg>IM</arg>
<arg>IN</arg>
<arg>IO</arg>
<arg>IQ</arg>
<arg>IR</arg>
<arg>IS</arg>
<arg>IT</arg>
<arg>JE</arg>
<arg>JM</arg>
<arg>JO</arg>
<arg>JP</arg>
<arg>KE</arg>
<arg>KG</arg>
<arg>KH</arg>
<arg>KI</arg>
<arg>KM</arg>
<arg>KN</arg>
<arg>KP</arg>
<arg>KR</arg>
<arg>KW</arg>
<arg>KY</arg>
<arg>KZ</arg>
<arg>LA</arg>
<arg>LB</arg>
<arg>LC</arg>
<arg>LI</arg>
<arg>LK</arg>
<arg>LR</arg>
<arg>LS</arg>
<arg>LT</arg>
<arg>LU</arg>
<arg>LV</arg>
<arg>LY</arg>
<arg>MA</arg>
<arg>MC</arg>
<arg>MD</arg>
<arg>ME</arg>
<arg>MF</arg>
<arg>MG</arg>
<arg>MH</arg>
<arg>MK</arg>
<arg>ML</arg>
<arg>MM</arg>
<arg>MN</arg>
<arg>MO</arg>
<arg>MP</arg>
<arg>MQ</arg>
<arg>MR</arg>
<arg>MS</arg>
<arg>MT</arg>
<arg>MU</arg>
<arg>MV</arg>
<arg>MW</arg>
<arg>MX</arg>
<arg>MY</arg>
<arg>MZ</arg>
<arg>NA</arg>
<arg>NC</arg>
<arg>NE</arg>
<arg>NF</arg>
<arg>NG</arg>
<arg>NI</arg>
<arg>NL</arg>
<arg>NO</arg>
<arg>NP</arg>
<arg>NR</arg>
<arg>NU</arg>
<arg>NZ</arg>
<arg>OM</arg>
<arg>PA</arg>
<arg>PE</arg>
<arg>PF</arg>
<arg>PG</arg>
<arg>PH</arg>
<arg>PK</arg>
<arg>PL</arg>
<arg>PM</arg>
<arg>PN</arg>
<arg>PR</arg>
<arg>PS</arg>
<arg>PT</arg>
<arg>PW</arg>
<arg>PY</arg>
<arg>QA</arg>
<arg>RE</arg>
<arg>RO</arg>
<arg>RS</arg>
<arg>RU</arg>
<arg>RW</arg>
<arg>SA</arg>
<arg>SB</arg>
<arg>SC</arg>
<arg>SD</arg>
<arg>SE</arg>
<arg>SG</arg>
<arg>SH</arg>
<arg>SI</arg>
<arg>SJ</arg>
<arg>SK</arg>
<arg>SL</arg>
<arg>SM</arg>
<arg>SN</arg>
<arg>SO</arg>
<arg>SR</arg>
<arg>SS</arg>
<arg>ST</arg>
<arg>SV</arg>
<arg>SX</arg>
<arg>SY</arg>
<arg>SZ</arg>
<arg>TC</arg>
<arg>TD</arg>
<arg>TF</arg>
<arg>TG</arg>
<arg>TH</arg>
<arg>TJ</arg>
<arg>TK</arg>
<arg>TL</arg>
<arg>TM</arg>
<arg>TN</arg>
<arg>TO</arg>
<arg>TR</arg>
<arg>TT</arg>
<arg>TV</arg>
<arg>TW</arg>
<arg>TZ</arg>
<arg>UA</arg>
<arg>UG</arg>
<arg>UM</arg>
<arg>US</arg>
<arg>UY</arg>
<arg>UZ</arg>
<arg>VA</arg>
<arg>VC</arg>
<arg>VE</arg>
<arg>VG</arg>
<arg>VI</arg>
<arg>VN</arg>
<arg>VU</arg>
<arg>WF</arg>
<arg>WS</arg>
<arg>XK</arg>
<arg>YE</arg>
<arg>YT</arg>
<arg>ZA</arg>
<arg>ZM</arg>
<arg>ZW</arg>
<doc>Returns a list containing given items.</doc>
<status status="PASS" start="2024-04-01T07:14:33.214324" elapsed="0.000626"/>
</kw>
<kw name="List Should Contain Value" owner="Collections">
<msg time="2024-04-01T07:14:33.216054" level="INFO">False</msg>
<arg>${list_country}</arg>
<arg>${name_country}</arg>
<doc>Fails if the ``value`` is not found from ``list``.</doc>
<status status="PASS" start="2024-04-01T07:14:33.215831" elapsed="0.000269"/>
</kw>
<kw name="Run Keyword If" owner="BuiltIn">
<kw name="Should Be True" owner="BuiltIn">
<arg>${True}</arg>
<doc>Fails if the given condition is not true.</doc>
<status status="PASS" start="2024-04-01T07:14:33.217163" elapsed="0.000145"/>
</kw>
<arg>${json_data["results"][0]["location"]["coordinates"]["latitude"]} &gt;= -90 and ${json_data["results"][0]["location"]["coordinates"]["latitude"]} &lt;= 90</arg>
<arg>Should Be True</arg>
<arg>${True}</arg>
<doc>Runs the given keyword with the given arguments, if ``condition`` is true.</doc>
<status status="PASS" start="2024-04-01T07:14:33.216410" elapsed="0.001026"/>
</kw>
<kw name="Run Keyword If" owner="BuiltIn">
<kw name="Should Be True" owner="BuiltIn">
<arg>${True}</arg>
<doc>Fails if the given condition is not true.</doc>
<status status="PASS" start="2024-04-01T07:14:33.218316" elapsed="0.000138"/>
</kw>
<arg>${json_data["results"][0]["location"]["coordinates"]["longitude"]} &gt;= -180 and ${json_data["results"][0]["location"]["coordinates"]["longitude"]} &lt;= 180</arg>
<arg>Should Be True</arg>
<arg>${True}</arg>
<doc>Runs the given keyword with the given arguments, if ``condition`` is true.</doc>
<status status="PASS" start="2024-04-01T07:14:33.217622" elapsed="0.000956"/>
</kw>
<status status="PASS" start="2024-04-01T07:14:33.123115" elapsed="0.095590"/>
</kw>
<doc>Testa o conteúdo específico dos campos retornados pela API.</doc>
<tag>testeConteudo</tag>
<status status="PASS" start="2024-04-01T07:14:33.122625" elapsed="0.096223"/>
</test>
<status status="PASS" start="2024-04-01T07:14:32.419564" elapsed="0.801182"/>
</suite>
<status status="PASS" start="2024-04-01T07:14:32.405970" elapsed="0.820030"/>
</suite>
<statistics>
<total>
<stat pass="5" fail="0" skip="0">All Tests</stat>
</total>
<tag>
<stat pass="1" fail="0" skip="0">testeConteudo</stat>
<stat pass="1" fail="0" skip="0">testeEstruturaResposta</stat>
<stat pass="1" fail="0" skip="0">testeRequisicaoBasica</stat>
<stat pass="1" fail="0" skip="0">testeTiposDados</stat>
</tag>
<suite>
<stat pass="5" fail="0" skip="0" id="s1" name="Tests">Tests</stat>
<stat pass="5" fail="0" skip="0" id="s1-s1" name="Random-User-Test">Tests.Random-User-Test</stat>
</suite>
</statistics>
<errors>
</errors>
</robot>
