<?xml version="1.0" encoding="UTF-8"?>
<robot generator="Robot 7.0 (Python 3.12.3 on linux)" generated="2024-06-09T11:11:54.757527" rpa="false" schemaversion="5">
<suite id="s1" name="Tests" source="/home/runner/work/ApiRandomUser/ApiRandomUser/RamdonUser/tests">
<suite id="s1-s1" name="Random-User-Test" source="/home/runner/work/ApiRandomUser/ApiRandomUser/RamdonUser/tests/random-user-test.robot">
<test id="s1-s1-t1" name="Conectar" line="13">
<kw name="Conectar API" owner="random-user-service">
<kw name="Create Session" owner="RequestsLibrary">
<msg time="2024-06-09T11:11:55.132974" level="INFO">Creating Session using : alias=consultarAPI, url=https://randomuser.me/, headers={},                     cookies={}, auth=None, timeout=None, proxies=None, verify=False,                     debug=0 </msg>
<arg>consultarAPI</arg>
<arg>${URL}</arg>
<doc>Create Session: create a HTTP session to a server</doc>
<status status="PASS" start="2024-06-09T11:11:55.132774" elapsed="0.000397"/>
</kw>
<status status="PASS" start="2024-06-09T11:11:55.131790" elapsed="0.001724"/>
</kw>
<status status="PASS" start="2024-06-09T11:11:55.131213" elapsed="0.002494"/>
</test>
<test id="s1-s1-t2" name="Validar retorno 200 e JSON Válido" line="16">
<kw name="Teste de Requisicao Basica" owner="random-user-service">
<kw name="GET On Session" owner="RequestsLibrary">
<msg time="2024-06-09T11:11:55.213963" level="INFO">GET Request : url=https://randomuser.me/api 
 path_url=/api 
 headers={'User-Agent': 'python-requests/2.32.3', 'Accept-Encoding': 'gzip, deflate', 'Accept': '*/*', 'Connection': 'keep-alive'} 
 body=None 
 </msg>
<msg time="2024-06-09T11:11:55.214085" level="INFO">GET Response : url=https://randomuser.me/api 
 status=200, reason=OK 
 headers={'Date': 'Sun, 09 Jun 2024 11:11:55 GMT', 'Content-Type': 'application/json; charset=utf-8', 'Transfer-Encoding': 'chunked', 'Connection': 'keep-alive', 'X-Powered-By': 'Express', 'Access-Control-Allow-Origin': '*', 'Cache-Control': 'no-cache', 'ETag': 'W/"47d-CIC4ht+jE6nTffkCptFg7Vn5Byg"', 'Vary': 'Accept-Encoding', 'Content-Encoding': 'gzip', 'CF-Cache-Status': 'DYNAMIC', 'Report-To': '{"endpoints":[{"url":"https:\\/\\/a.nel.cloudflare.com\\/report\\/v4?s=S3ZaMNoW3GznQTuS586CU2h0XetwMq%2B8%2Bv0Cav4sKP0Pj%2FdieeJX%2FQ35hm7Q%2FCxQoeha0ss6BgSzF3Lug2sJbAojDjiWhmD1s92FHGQNsco5TBvAAbcE9bGus%2FC4h28n"}],"group":"cf-nel","max_age":604800}', 'NEL': '{"success_fraction":0,"report_to":"cf-nel","max_age":604800}', 'Server': 'cloudflare', 'CF-RAY': '8910af01c8ff21af-ORD', 'alt-svc': 'h3=":443"; ma=86400'} 
 body={"results":[{"gender":"female","name":{"title":"Mrs","first":"Veridiana","last":"Nunes"},"location":{"street":{"number":9964,"name":"Rua Doze "},"city":"Luziânia","state":"Amazonas","country":"Brazil","postcode":28272,"coordinates":{"latitude":"-78.1054","longitude":"15.1689"},"timezone":{"offset":"+3:30","description":"Tehran"}},"email":"veridiana.nunes@example.com","login":{"uuid":"fb69f582-32bf-47c6-a976-0c4a99ae5bdc","username":"heavybear813","password":"hollow","salt":"jR9BVz5J","md5":"9f82c7d9294e70d9540b5d3bb2d350b4","sha1":"b531871f9424fbaae3f6f7a4d9c26a22c0e3c345","sha256":"0207bdb6ede788f054ca9455e448d35ab817346f6e72cf329522db92fd5d8b0d"},"dob":{"date":"1959-11-21T08:28:04.207Z","age":64},"registered":{"date":"2015-12-29T21:57:09.740Z","age":8},"phone":"(56) 9378-7050","cell":"(90) 7146-0857","id":{"name":"CPF","value":"701.264.216-14"},"picture":{"large":"https://randomuser.me/api/portraits/women/59.jpg","medium":"https://randomuser.me/api/portraits/med/women/59.jpg","thumbnail":"https://randomuser.me/api/portraits/thumb/women/59.jpg"},"nat":"BR"}],"info":{"seed":"723f600a9387a156","results":1,"page":1,"version":"1.4"}} 
 </msg>
<msg time="2024-06-09T11:11:55.214165" level="INFO">/opt/hostedtoolcache/Python/3.12.3/x64/lib/python3.12/site-packages/urllib3/connectionpool.py:1103: InsecureRequestWarning: Unverified HTTPS request is being made to host 'randomuser.me'. Adding certificate verification is strongly advised. See: https://urllib3.readthedocs.io/en/latest/advanced-usage.html#tls-warnings
  warnings.warn(</msg>
<msg time="2024-06-09T11:11:55.214289" level="INFO">${response} = &lt;Response [200]&gt;</msg>
<var>${response}</var>
<arg>consultarAPI</arg>
<arg>/api</arg>
<doc>Sends a GET request on a previously created HTTP Session.</doc>
<status status="PASS" start="2024-06-09T11:11:55.136308" elapsed="0.078023"/>
</kw>
<kw name="Should Be Equal As Numbers" owner="BuiltIn">
<msg time="2024-06-09T11:11:55.215165" level="INFO">Argument types are:
&lt;class 'int'&gt;
&lt;class 'str'&gt;</msg>
<arg>${response.status_code}</arg>
<arg>200</arg>
<doc>Fails if objects are unequal after converting them to real numbers.</doc>
<status status="PASS" start="2024-06-09T11:11:55.214775" elapsed="0.000452"/>
</kw>
<kw name="Log" owner="BuiltIn">
<msg time="2024-06-09T11:11:55.215894" level="INFO">200</msg>
<arg>${response.status_code}</arg>
<doc>Logs the given message with the given level.</doc>
<status status="PASS" start="2024-06-09T11:11:55.215552" elapsed="0.000389"/>
</kw>
<kw name="Set Variable" owner="BuiltIn">
<msg time="2024-06-09T11:11:55.216679" level="INFO">${json_data} = {'results': [{'gender': 'female', 'name': {'title': 'Mrs', 'first': 'Veridiana', 'last': 'Nunes'}, 'location': {'street': {'number': 9964, 'name': 'Rua Doze '}, 'city': 'Luziânia', 'state': 'Amazonas'...</msg>
<var>${json_data}</var>
<arg>${response.json()}</arg>
<doc>Returns the given values which can then be assigned to a variables.</doc>
<status status="PASS" start="2024-06-09T11:11:55.216248" elapsed="0.000461"/>
</kw>
<kw name="Dictionary Should Contain Key" owner="Collections">
<msg time="2024-06-09T11:11:55.217203" level="INFO">False</msg>
<arg>${json_data}</arg>
<arg>results</arg>
<doc>Fails if ``key`` is not found from ``dictionary``.</doc>
<status status="PASS" start="2024-06-09T11:11:55.217006" elapsed="0.000358"/>
</kw>
<status status="PASS" start="2024-06-09T11:11:55.136066" elapsed="0.081557"/>
</kw>
<doc>Testa se a API responde corretamente e retorna um objeto JSON válido.</doc>
<tag>testeRequisicaoBasica</tag>
<status status="PASS" start="2024-06-09T11:11:55.135561" elapsed="0.082231"/>
</test>
<test id="s1-s1-t3" name="Validar estrutura de resposta" line="22">
<kw name="Teste de Estrutura de Resposta" owner="random-user-service">
<kw name="GET On Session" owner="RequestsLibrary">
<msg time="2024-06-09T11:11:55.314747" level="INFO">GET Request : url=https://randomuser.me/api 
 path_url=/api 
 headers={'User-Agent': 'python-requests/2.32.3', 'Accept-Encoding': 'gzip, deflate', 'Accept': '*/*', 'Connection': 'keep-alive'} 
 body=None 
 </msg>
<msg time="2024-06-09T11:11:55.314814" level="INFO">GET Response : url=https://randomuser.me/api 
 status=200, reason=OK 
 headers={'Date': 'Sun, 09 Jun 2024 11:11:55 GMT', 'Content-Type': 'application/json; charset=utf-8', 'Transfer-Encoding': 'chunked', 'Connection': 'keep-alive', 'X-Powered-By': 'Express', 'Access-Control-Allow-Origin': '*', 'Cache-Control': 'no-cache', 'ETag': 'W/"4a4-n0u3F6HMVMeqotVAVjQcGgDGsCw"', 'Vary': 'Accept-Encoding', 'Content-Encoding': 'gzip', 'CF-Cache-Status': 'DYNAMIC', 'Report-To': '{"endpoints":[{"url":"https:\\/\\/a.nel.cloudflare.com\\/report\\/v4?s=ze6LhN3Wl6eKuaKArNJF7KGsNT4yyJBC%2FdbC4wzwSxWfIDPbqLGxwDc%2BdXFzXH%2BRvFUxtl491uuj4sx%2FJF3eP4xD2rUtpb4JXRZmWpaDMXpUhX0YcvI5tDYrnOBoMh8F"}],"group":"cf-nel","max_age":604800}', 'NEL': '{"success_fraction":0,"report_to":"cf-nel","max_age":604800}', 'Server': 'cloudflare', 'CF-RAY': '8910af02294a21af-ORD', 'alt-svc': 'h3=":443"; ma=86400'} 
 body={"results":[{"gender":"female","name":{"title":"Ms","first":"Sally","last":"Oliver"},"location":{"street":{"number":8410,"name":"W Campbell Ave"},"city":"Antioch","state":"West Virginia","country":"United States","postcode":21543,"coordinates":{"latitude":"84.6980","longitude":"154.1777"},"timezone":{"offset":"+11:00","description":"Magadan, Solomon Islands, New Caledonia"}},"email":"sally.oliver@example.com","login":{"uuid":"daafde0f-228e-49f2-9b2e-200021531659","username":"whitedog113","password":"bigcat","salt":"kF4J9iLR","md5":"8640eb9a5eae7421a256bd6bd9a2fa6d","sha1":"9032f5af4d00f13251e8fbe71cc9c238d9f9a682","sha256":"0bb8460cca96bad9b0c95833b35d998aff24c7298eb8c7b14ac97195edd46e34"},"dob":{"date":"1946-10-31T07:54:24.556Z","age":77},"registered":{"date":"2003-02-28T06:09:34.386Z","age":21},"phone":"(232) 243-6189","cell":"(891) 489-2368","id":{"name":"SSN","value":"300-08-3358"},"picture":{"large":"https://randomuser.me/api/portraits/women/17.jpg","medium":"https://randomuser.me/api/portraits/med/women/17.jpg","thumbnail":"https://randomuser.me/api/portraits/thumb/women/17.jpg"},"nat":"US"}],"info":{"seed":"240d64e5cd1f9394","results":1,"page":1,"version":"1.4"}} 
 </msg>
<msg time="2024-06-09T11:11:55.314903" level="INFO">/opt/hostedtoolcache/Python/3.12.3/x64/lib/python3.12/site-packages/urllib3/connectionpool.py:1103: InsecureRequestWarning: Unverified HTTPS request is being made to host 'randomuser.me'. Adding certificate verification is strongly advised. See: https://urllib3.readthedocs.io/en/latest/advanced-usage.html#tls-warnings
  warnings.warn(</msg>
<msg time="2024-06-09T11:11:55.315008" level="INFO">${response} = &lt;Response [200]&gt;</msg>
<var>${response}</var>
<arg>consultarAPI</arg>
<arg>/api</arg>
<doc>Sends a GET request on a previously created HTTP Session.</doc>
<status status="PASS" start="2024-06-09T11:11:55.220381" elapsed="0.094667"/>
</kw>
<kw name="Set Variable" owner="BuiltIn">
<msg time="2024-06-09T11:11:55.316024" level="INFO">${json_data} = {'results': [{'gender': 'female', 'name': {'title': 'Ms', 'first': 'Sally', 'last': 'Oliver'}, 'location': {'street': {'number': 8410, 'name': 'W Campbell Ave'}, 'city': 'Antioch', 'state': 'West Virg...</msg>
<var>${json_data}</var>
<arg>${response.json()}</arg>
<doc>Returns the given values which can then be assigned to a variables.</doc>
<status status="PASS" start="2024-06-09T11:11:55.315481" elapsed="0.000572"/>
</kw>
<kw name="Log" owner="BuiltIn">
<msg time="2024-06-09T11:11:55.316516" level="INFO">{'results': [{'gender': 'female', 'name': {'title': 'Ms', 'first': 'Sally', 'last': 'Oliver'}, 'location': {'street': {'number': 8410, 'name': 'W Campbell Ave'}, 'city': 'Antioch', 'state': 'West Virginia', 'country': 'United States', 'postcode': 21543, 'coordinates': {'latitude': '84.6980', 'longitude': '154.1777'}, 'timezone': {'offset': '+11:00', 'description': 'Magadan, Solomon Islands, New Caledonia'}}, 'email': 'sally.oliver@example.com', 'login': {'uuid': 'daafde0f-228e-49f2-9b2e-200021531659', 'username': 'whitedog113', 'password': 'bigcat', 'salt': 'kF4J9iLR', 'md5': '8640eb9a5eae7421a256bd6bd9a2fa6d', 'sha1': '9032f5af4d00f13251e8fbe71cc9c238d9f9a682', 'sha256': '0bb8460cca96bad9b0c95833b35d998aff24c7298eb8c7b14ac97195edd46e34'}, 'dob': {'date': '1946-10-31T07:54:24.556Z', 'age': 77}, 'registered': {'date': '2003-02-28T06:09:34.386Z', 'age': 21}, 'phone': '(232) 243-6189', 'cell': '(891) 489-2368', 'id': {'name': 'SSN', 'value': '300-08-3358'}, 'picture': {'large': 'https://randomuser.me/api/portraits/women/17.jpg', 'medium': 'https://randomuser.me/api/portraits/med/women/17.jpg', 'thumbnail': 'https://randomuser.me/api/portraits/thumb/women/17.jpg'}, 'nat': 'US'}], 'info': {'seed': '240d64e5cd1f9394', 'results': 1, 'page': 1, 'version': '1.4'}}</msg>
<arg>${json_data}</arg>
<doc>Logs the given message with the given level.</doc>
<status status="PASS" start="2024-06-09T11:11:55.316361" elapsed="0.000213"/>
</kw>
<kw name="Dictionary Should Contain Key" owner="Collections">
<msg time="2024-06-09T11:11:55.317022" level="INFO">False</msg>
<arg>${json_data}</arg>
<arg>results</arg>
<doc>Fails if ``key`` is not found from ``dictionary``.</doc>
<status status="PASS" start="2024-06-09T11:11:55.316869" elapsed="0.000220"/>
</kw>
<kw name="Should Not Be Empty" owner="BuiltIn">
<msg time="2024-06-09T11:11:55.317525" level="INFO">Length is 2.</msg>
<arg>${json_data}</arg>
<doc>Verifies that the given item is not empty.</doc>
<status status="PASS" start="2024-06-09T11:11:55.317392" elapsed="0.000172"/>
</kw>
<kw name="Create List" owner="BuiltIn">
<msg time="2024-06-09T11:11:55.318003" level="INFO">${expected_keys} = ['gender', 'name', 'location', 'email', 'login']</msg>
<var>${expected_keys}</var>
<arg>gender</arg>
<arg>name</arg>
<arg>location</arg>
<arg>email</arg>
<arg>login</arg>
<doc>Returns a list containing given items.</doc>
<status status="PASS" start="2024-06-09T11:11:55.317851" elapsed="0.000176"/>
</kw>
<for flavor="IN">
<iter>
<kw name="Dictionary Should Contain Key" owner="Collections">
<msg time="2024-06-09T11:11:55.318977" level="INFO">False</msg>
<arg>${json_data['results'][0]}</arg>
<arg>${key}</arg>
<doc>Fails if ``key`` is not found from ``dictionary``.</doc>
<status status="PASS" start="2024-06-09T11:11:55.318578" elapsed="0.000443"/>
</kw>
<kw name="Log" owner="BuiltIn">
<msg time="2024-06-09T11:11:55.319684" level="INFO">{'gender': 'female', 'name': {'title': 'Ms', 'first': 'Sally', 'last': 'Oliver'}, 'location': {'street': {'number': 8410, 'name': 'W Campbell Ave'}, 'city': 'Antioch', 'state': 'West Virginia', 'country': 'United States', 'postcode': 21543, 'coordinates': {'latitude': '84.6980', 'longitude': '154.1777'}, 'timezone': {'offset': '+11:00', 'description': 'Magadan, Solomon Islands, New Caledonia'}}, 'email': 'sally.oliver@example.com', 'login': {'uuid': 'daafde0f-228e-49f2-9b2e-200021531659', 'username': 'whitedog113', 'password': 'bigcat', 'salt': 'kF4J9iLR', 'md5': '8640eb9a5eae7421a256bd6bd9a2fa6d', 'sha1': '9032f5af4d00f13251e8fbe71cc9c238d9f9a682', 'sha256': '0bb8460cca96bad9b0c95833b35d998aff24c7298eb8c7b14ac97195edd46e34'}, 'dob': {'date': '1946-10-31T07:54:24.556Z', 'age': 77}, 'registered': {'date': '2003-02-28T06:09:34.386Z', 'age': 21}, 'phone': '(232) 243-6189', 'cell': '(891) 489-2368', 'id': {'name': 'SSN', 'value': '300-08-3358'}, 'picture': {'large': 'https://randomuser.me/api/portraits/women/17.jpg', 'medium': 'https://randomuser.me/api/portraits/med/women/17.jpg', 'thumbnail': 'https://randomuser.me/api/portraits/thumb/women/17.jpg'}, 'nat': 'US'}</msg>
<arg>${json_data['results'][0]}</arg>
<doc>Logs the given message with the given level.</doc>
<status status="PASS" start="2024-06-09T11:11:55.319320" elapsed="0.000413"/>
</kw>
<kw name="Log" owner="BuiltIn">
<msg time="2024-06-09T11:11:55.320161" level="INFO">gender</msg>
<arg>${key}</arg>
<doc>Logs the given message with the given level.</doc>
<status status="PASS" start="2024-06-09T11:11:55.320033" elapsed="0.000166"/>
</kw>
<var name="${key}">gender</var>
<status status="PASS" start="2024-06-09T11:11:55.318456" elapsed="0.001958"/>
</iter>
<iter>
<kw name="Dictionary Should Contain Key" owner="Collections">
<msg time="2024-06-09T11:11:55.321133" level="INFO">False</msg>
<arg>${json_data['results'][0]}</arg>
<arg>${key}</arg>
<doc>Fails if ``key`` is not found from ``dictionary``.</doc>
<status status="PASS" start="2024-06-09T11:11:55.320716" elapsed="0.000457"/>
</kw>
<kw name="Log" owner="BuiltIn">
<msg time="2024-06-09T11:11:55.321853" level="INFO">{'gender': 'female', 'name': {'title': 'Ms', 'first': 'Sally', 'last': 'Oliver'}, 'location': {'street': {'number': 8410, 'name': 'W Campbell Ave'}, 'city': 'Antioch', 'state': 'West Virginia', 'country': 'United States', 'postcode': 21543, 'coordinates': {'latitude': '84.6980', 'longitude': '154.1777'}, 'timezone': {'offset': '+11:00', 'description': 'Magadan, Solomon Islands, New Caledonia'}}, 'email': 'sally.oliver@example.com', 'login': {'uuid': 'daafde0f-228e-49f2-9b2e-200021531659', 'username': 'whitedog113', 'password': 'bigcat', 'salt': 'kF4J9iLR', 'md5': '8640eb9a5eae7421a256bd6bd9a2fa6d', 'sha1': '9032f5af4d00f13251e8fbe71cc9c238d9f9a682', 'sha256': '0bb8460cca96bad9b0c95833b35d998aff24c7298eb8c7b14ac97195edd46e34'}, 'dob': {'date': '1946-10-31T07:54:24.556Z', 'age': 77}, 'registered': {'date': '2003-02-28T06:09:34.386Z', 'age': 21}, 'phone': '(232) 243-6189', 'cell': '(891) 489-2368', 'id': {'name': 'SSN', 'value': '300-08-3358'}, 'picture': {'large': 'https://randomuser.me/api/portraits/women/17.jpg', 'medium': 'https://randomuser.me/api/portraits/med/women/17.jpg', 'thumbnail': 'https://randomuser.me/api/portraits/thumb/women/17.jpg'}, 'nat': 'US'}</msg>
<arg>${json_data['results'][0]}</arg>
<doc>Logs the given message with the given level.</doc>
<status status="PASS" start="2024-06-09T11:11:55.321496" elapsed="0.000406"/>
</kw>
<kw name="Log" owner="BuiltIn">
<msg time="2024-06-09T11:11:55.322323" level="INFO">name</msg>
<arg>${key}</arg>
<doc>Logs the given message with the given level.</doc>
<status status="PASS" start="2024-06-09T11:11:55.322198" elapsed="0.000163"/>
</kw>
<var name="${key}">name</var>
<status status="PASS" start="2024-06-09T11:11:55.320601" elapsed="0.001979"/>
</iter>
<iter>
<kw name="Dictionary Should Contain Key" owner="Collections">
<msg time="2024-06-09T11:11:55.323270" level="INFO">False</msg>
<arg>${json_data['results'][0]}</arg>
<arg>${key}</arg>
<doc>Fails if ``key`` is not found from ``dictionary``.</doc>
<status status="PASS" start="2024-06-09T11:11:55.322869" elapsed="0.000459"/>
</kw>
<kw name="Log" owner="BuiltIn">
<msg time="2024-06-09T11:11:55.324014" level="INFO">{'gender': 'female', 'name': {'title': 'Ms', 'first': 'Sally', 'last': 'Oliver'}, 'location': {'street': {'number': 8410, 'name': 'W Campbell Ave'}, 'city': 'Antioch', 'state': 'West Virginia', 'country': 'United States', 'postcode': 21543, 'coordinates': {'latitude': '84.6980', 'longitude': '154.1777'}, 'timezone': {'offset': '+11:00', 'description': 'Magadan, Solomon Islands, New Caledonia'}}, 'email': 'sally.oliver@example.com', 'login': {'uuid': 'daafde0f-228e-49f2-9b2e-200021531659', 'username': 'whitedog113', 'password': 'bigcat', 'salt': 'kF4J9iLR', 'md5': '8640eb9a5eae7421a256bd6bd9a2fa6d', 'sha1': '9032f5af4d00f13251e8fbe71cc9c238d9f9a682', 'sha256': '0bb8460cca96bad9b0c95833b35d998aff24c7298eb8c7b14ac97195edd46e34'}, 'dob': {'date': '1946-10-31T07:54:24.556Z', 'age': 77}, 'registered': {'date': '2003-02-28T06:09:34.386Z', 'age': 21}, 'phone': '(232) 243-6189', 'cell': '(891) 489-2368', 'id': {'name': 'SSN', 'value': '300-08-3358'}, 'picture': {'large': 'https://randomuser.me/api/portraits/women/17.jpg', 'medium': 'https://randomuser.me/api/portraits/med/women/17.jpg', 'thumbnail': 'https://randomuser.me/api/portraits/thumb/women/17.jpg'}, 'nat': 'US'}</msg>
<arg>${json_data['results'][0]}</arg>
<doc>Logs the given message with the given level.</doc>
<status status="PASS" start="2024-06-09T11:11:55.323651" elapsed="0.000412"/>
</kw>
<kw name="Log" owner="BuiltIn">
<msg time="2024-06-09T11:11:55.324499" level="INFO">location</msg>
<arg>${key}</arg>
<doc>Logs the given message with the given level.</doc>
<status status="PASS" start="2024-06-09T11:11:55.324372" elapsed="0.000163"/>
</kw>
<var name="${key}">location</var>
<status status="PASS" start="2024-06-09T11:11:55.322758" elapsed="0.001989"/>
</iter>
<iter>
<kw name="Dictionary Should Contain Key" owner="Collections">
<msg time="2024-06-09T11:11:55.325554" level="INFO">False</msg>
<arg>${json_data['results'][0]}</arg>
<arg>${key}</arg>
<doc>Fails if ``key`` is not found from ``dictionary``.</doc>
<status status="PASS" start="2024-06-09T11:11:55.325032" elapsed="0.000560"/>
</kw>
<kw name="Log" owner="BuiltIn">
<msg time="2024-06-09T11:11:55.326247" level="INFO">{'gender': 'female', 'name': {'title': 'Ms', 'first': 'Sally', 'last': 'Oliver'}, 'location': {'street': {'number': 8410, 'name': 'W Campbell Ave'}, 'city': 'Antioch', 'state': 'West Virginia', 'country': 'United States', 'postcode': 21543, 'coordinates': {'latitude': '84.6980', 'longitude': '154.1777'}, 'timezone': {'offset': '+11:00', 'description': 'Magadan, Solomon Islands, New Caledonia'}}, 'email': 'sally.oliver@example.com', 'login': {'uuid': 'daafde0f-228e-49f2-9b2e-200021531659', 'username': 'whitedog113', 'password': 'bigcat', 'salt': 'kF4J9iLR', 'md5': '8640eb9a5eae7421a256bd6bd9a2fa6d', 'sha1': '9032f5af4d00f13251e8fbe71cc9c238d9f9a682', 'sha256': '0bb8460cca96bad9b0c95833b35d998aff24c7298eb8c7b14ac97195edd46e34'}, 'dob': {'date': '1946-10-31T07:54:24.556Z', 'age': 77}, 'registered': {'date': '2003-02-28T06:09:34.386Z', 'age': 21}, 'phone': '(232) 243-6189', 'cell': '(891) 489-2368', 'id': {'name': 'SSN', 'value': '300-08-3358'}, 'picture': {'large': 'https://randomuser.me/api/portraits/women/17.jpg', 'medium': 'https://randomuser.me/api/portraits/med/women/17.jpg', 'thumbnail': 'https://randomuser.me/api/portraits/thumb/women/17.jpg'}, 'nat': 'US'}</msg>
<arg>${json_data['results'][0]}</arg>
<doc>Logs the given message with the given level.</doc>
<status status="PASS" start="2024-06-09T11:11:55.325889" elapsed="0.000406"/>
</kw>
<kw name="Log" owner="BuiltIn">
<msg time="2024-06-09T11:11:55.326713" level="INFO">email</msg>
<arg>${key}</arg>
<doc>Logs the given message with the given level.</doc>
<status status="PASS" start="2024-06-09T11:11:55.326587" elapsed="0.000164"/>
</kw>
<var name="${key}">email</var>
<status status="PASS" start="2024-06-09T11:11:55.324919" elapsed="0.002043"/>
</iter>
<iter>
<kw name="Dictionary Should Contain Key" owner="Collections">
<msg time="2024-06-09T11:11:55.327621" level="INFO">False</msg>
<arg>${json_data['results'][0]}</arg>
<arg>${key}</arg>
<doc>Fails if ``key`` is not found from ``dictionary``.</doc>
<status status="PASS" start="2024-06-09T11:11:55.327244" elapsed="0.000414"/>
</kw>
<kw name="Log" owner="BuiltIn">
<msg time="2024-06-09T11:11:55.328296" level="INFO">{'gender': 'female', 'name': {'title': 'Ms', 'first': 'Sally', 'last': 'Oliver'}, 'location': {'street': {'number': 8410, 'name': 'W Campbell Ave'}, 'city': 'Antioch', 'state': 'West Virginia', 'country': 'United States', 'postcode': 21543, 'coordinates': {'latitude': '84.6980', 'longitude': '154.1777'}, 'timezone': {'offset': '+11:00', 'description': 'Magadan, Solomon Islands, New Caledonia'}}, 'email': 'sally.oliver@example.com', 'login': {'uuid': 'daafde0f-228e-49f2-9b2e-200021531659', 'username': 'whitedog113', 'password': 'bigcat', 'salt': 'kF4J9iLR', 'md5': '8640eb9a5eae7421a256bd6bd9a2fa6d', 'sha1': '9032f5af4d00f13251e8fbe71cc9c238d9f9a682', 'sha256': '0bb8460cca96bad9b0c95833b35d998aff24c7298eb8c7b14ac97195edd46e34'}, 'dob': {'date': '1946-10-31T07:54:24.556Z', 'age': 77}, 'registered': {'date': '2003-02-28T06:09:34.386Z', 'age': 21}, 'phone': '(232) 243-6189', 'cell': '(891) 489-2368', 'id': {'name': 'SSN', 'value': '300-08-3358'}, 'picture': {'large': 'https://randomuser.me/api/portraits/women/17.jpg', 'medium': 'https://randomuser.me/api/portraits/med/women/17.jpg', 'thumbnail': 'https://randomuser.me/api/portraits/thumb/women/17.jpg'}, 'nat': 'US'}</msg>
<arg>${json_data['results'][0]}</arg>
<doc>Logs the given message with the given level.</doc>
<status status="PASS" start="2024-06-09T11:11:55.327947" elapsed="0.000396"/>
</kw>
<kw name="Log" owner="BuiltIn">
<msg time="2024-06-09T11:11:55.328757" level="INFO">login</msg>
<arg>${key}</arg>
<doc>Logs the given message with the given level.</doc>
<status status="PASS" start="2024-06-09T11:11:55.328632" elapsed="0.000194"/>
</kw>
<var name="${key}">login</var>
<status status="PASS" start="2024-06-09T11:11:55.327134" elapsed="0.001914"/>
</iter>
<var>${key}</var>
<value>@{expected_keys}</value>
<status status="PASS" start="2024-06-09T11:11:55.318278" elapsed="0.010927"/>
</for>
<kw name="Create List" owner="BuiltIn">
<msg time="2024-06-09T11:11:55.329537" level="INFO">${expected_keysTwo} = ['username', 'password']</msg>
<var>${expected_keysTwo}</var>
<arg>username</arg>
<arg>password</arg>
<doc>Returns a list containing given items.</doc>
<status status="PASS" start="2024-06-09T11:11:55.329399" elapsed="0.000161"/>
</kw>
<for flavor="IN">
<iter>
<kw name="Dictionary Should Contain Key" owner="Collections">
<msg time="2024-06-09T11:11:55.330437" level="INFO">False</msg>
<arg>${json_data['results'][0]['login']}</arg>
<arg>${keyTwo}</arg>
<doc>Fails if ``key`` is not found from ``dictionary``.</doc>
<status status="PASS" start="2024-06-09T11:11:55.330056" elapsed="0.000419"/>
</kw>
<kw name="Dictionary Should Contain Key" owner="Collections">
<msg time="2024-06-09T11:11:55.331136" level="INFO">False</msg>
<arg>${json_data['results'][0]['login']}</arg>
<arg>${keyTwo}</arg>
<doc>Fails if ``key`` is not found from ``dictionary``.</doc>
<status status="PASS" start="2024-06-09T11:11:55.330766" elapsed="0.000408"/>
</kw>
<kw name="Log" owner="BuiltIn">
<msg time="2024-06-09T11:11:55.331586" level="INFO">username</msg>
<arg>${keyTwo}</arg>
<doc>Logs the given message with the given level.</doc>
<status status="PASS" start="2024-06-09T11:11:55.331462" elapsed="0.000161"/>
</kw>
<var name="${keyTwo}">username</var>
<status status="PASS" start="2024-06-09T11:11:55.329947" elapsed="0.001885"/>
</iter>
<iter>
<kw name="Dictionary Should Contain Key" owner="Collections">
<msg time="2024-06-09T11:11:55.332488" level="INFO">False</msg>
<arg>${json_data['results'][0]['login']}</arg>
<arg>${keyTwo}</arg>
<doc>Fails if ``key`` is not found from ``dictionary``.</doc>
<status status="PASS" start="2024-06-09T11:11:55.332116" elapsed="0.000409"/>
</kw>
<kw name="Dictionary Should Contain Key" owner="Collections">
<msg time="2024-06-09T11:11:55.333210" level="INFO">False</msg>
<arg>${json_data['results'][0]['login']}</arg>
<arg>${keyTwo}</arg>
<doc>Fails if ``key`` is not found from ``dictionary``.</doc>
<status status="PASS" start="2024-06-09T11:11:55.332814" elapsed="0.000433"/>
</kw>
<kw name="Log" owner="BuiltIn">
<msg time="2024-06-09T11:11:55.333660" level="INFO">password</msg>
<arg>${keyTwo}</arg>
<doc>Logs the given message with the given level.</doc>
<status status="PASS" start="2024-06-09T11:11:55.333536" elapsed="0.000161"/>
</kw>
<var name="${keyTwo}">password</var>
<status status="PASS" start="2024-06-09T11:11:55.332002" elapsed="0.001906"/>
</iter>
<var>${keyTwo}</var>
<value>@{expected_keysTwo}</value>
<status status="PASS" start="2024-06-09T11:11:55.329797" elapsed="0.004228"/>
</for>
<status status="PASS" start="2024-06-09T11:11:55.220147" elapsed="0.114011"/>
</kw>
<doc>Testa a estrutura da resposta da API.</doc>
<tag>testeEstruturaResposta</tag>
<status status="PASS" start="2024-06-09T11:11:55.219558" elapsed="0.114744"/>
</test>
<test id="s1-s1-t4" name="Validar tipos de dados" line="28">
<kw name="Teste de Tipos de Dados" owner="random-user-service">
<kw name="GET On Session" owner="RequestsLibrary">
<msg time="2024-06-09T11:11:55.415079" level="INFO">GET Request : url=https://randomuser.me/api 
 path_url=/api 
 headers={'User-Agent': 'python-requests/2.32.3', 'Accept-Encoding': 'gzip, deflate', 'Accept': '*/*', 'Connection': 'keep-alive'} 
 body=None 
 </msg>
<msg time="2024-06-09T11:11:55.415160" level="INFO">GET Response : url=https://randomuser.me/api 
 status=200, reason=OK 
 headers={'Date': 'Sun, 09 Jun 2024 11:11:55 GMT', 'Content-Type': 'application/json; charset=utf-8', 'Transfer-Encoding': 'chunked', 'Connection': 'keep-alive', 'X-Powered-By': 'Express', 'Access-Control-Allow-Origin': '*', 'Cache-Control': 'no-cache', 'ETag': 'W/"48e-jmYs/mf0Xnk2hoMgkpW6BA/hrKs"', 'Vary': 'Accept-Encoding', 'Content-Encoding': 'gzip', 'CF-Cache-Status': 'DYNAMIC', 'Report-To': '{"endpoints":[{"url":"https:\\/\\/a.nel.cloudflare.com\\/report\\/v4?s=tU8iLoQ8JDLmb4hmWIfiz1grOFEiNw26%2FYnmCrvIx0xulDE1ZYeLOjlFmL2UDGfJeZswF7uVvN7slt6tAzLnt9WpydMbNhD%2BADuUM1seX3wNjdg%2FTKbCACxtWcXu5nvH"}],"group":"cf-nel","max_age":604800}', 'NEL': '{"success_fraction":0,"report_to":"cf-nel","max_age":604800}', 'Server': 'cloudflare', 'CF-RAY': '8910af02d9de21af-ORD', 'alt-svc': 'h3=":443"; ma=86400'} 
 body={"results":[{"gender":"female","name":{"title":"Mrs","first":"Josefina","last":"Moreno"},"location":{"street":{"number":7482,"name":"Calle del Prado"},"city":"Alicante","state":"La Rioja","country":"Spain","postcode":28584,"coordinates":{"latitude":"-37.5078","longitude":"133.5984"},"timezone":{"offset":"+2:00","description":"Kaliningrad, South Africa"}},"email":"josefina.moreno@example.com","login":{"uuid":"7958bd1b-33c4-4894-bf41-4d00066ef372","username":"beautifulfrog857","password":"conover","salt":"lXsILro9","md5":"4dbe2d46b671b2295fe5df0f487b81d9","sha1":"2101aeb1abb45101ccb5e672df6f99f18a875a32","sha256":"71f03d552e2ee65fa36e20ebfa1173dc81facfe60ecd98c72a27e30b002a9de0"},"dob":{"date":"1947-04-07T10:01:41.168Z","age":77},"registered":{"date":"2003-06-04T19:06:22.880Z","age":21},"phone":"934-992-410","cell":"665-077-552","id":{"name":"DNI","value":"09097242-Q"},"picture":{"large":"https://randomuser.me/api/portraits/women/3.jpg","medium":"https://randomuser.me/api/portraits/med/women/3.jpg","thumbnail":"https://randomuser.me/api/portraits/thumb/women/3.jpg"},"nat":"ES"}],"info":{"seed":"839ef5d37c8ad44d","results":1,"page":1,"version":"1.4"}} 
 </msg>
<msg time="2024-06-09T11:11:55.415231" level="INFO">/opt/hostedtoolcache/Python/3.12.3/x64/lib/python3.12/site-packages/urllib3/connectionpool.py:1103: InsecureRequestWarning: Unverified HTTPS request is being made to host 'randomuser.me'. Adding certificate verification is strongly advised. See: https://urllib3.readthedocs.io/en/latest/advanced-usage.html#tls-warnings
  warnings.warn(</msg>
<msg time="2024-06-09T11:11:55.415348" level="INFO">${response} = &lt;Response [200]&gt;</msg>
<var>${response}</var>
<arg>consultarAPI</arg>
<arg>/api</arg>
<doc>Sends a GET request on a previously created HTTP Session.</doc>
<status status="PASS" start="2024-06-09T11:11:55.336749" elapsed="0.078653"/>
</kw>
<kw name="Set Variable" owner="BuiltIn">
<msg time="2024-06-09T11:11:55.416428" level="INFO">${json_data} = {'results': [{'gender': 'female', 'name': {'title': 'Mrs', 'first': 'Josefina', 'last': 'Moreno'}, 'location': {'street': {'number': 7482, 'name': 'Calle del Prado'}, 'city': 'Alicante', 'state': 'La ...</msg>
<var>${json_data}</var>
<arg>${response.json()}</arg>
<doc>Returns the given values which can then be assigned to a variables.</doc>
<status status="PASS" start="2024-06-09T11:11:55.415877" elapsed="0.000579"/>
</kw>
<kw name="Log" owner="BuiltIn">
<msg time="2024-06-09T11:11:55.416930" level="INFO">{'results': [{'gender': 'female', 'name': {'title': 'Mrs', 'first': 'Josefina', 'last': 'Moreno'}, 'location': {'street': {'number': 7482, 'name': 'Calle del Prado'}, 'city': 'Alicante', 'state': 'La Rioja', 'country': 'Spain', 'postcode': 28584, 'coordinates': {'latitude': '-37.5078', 'longitude': '133.5984'}, 'timezone': {'offset': '+2:00', 'description': 'Kaliningrad, South Africa'}}, 'email': 'josefina.moreno@example.com', 'login': {'uuid': '7958bd1b-33c4-4894-bf41-4d00066ef372', 'username': 'beautifulfrog857', 'password': 'conover', 'salt': 'lXsILro9', 'md5': '4dbe2d46b671b2295fe5df0f487b81d9', 'sha1': '2101aeb1abb45101ccb5e672df6f99f18a875a32', 'sha256': '71f03d552e2ee65fa36e20ebfa1173dc81facfe60ecd98c72a27e30b002a9de0'}, 'dob': {'date': '1947-04-07T10:01:41.168Z', 'age': 77}, 'registered': {'date': '2003-06-04T19:06:22.880Z', 'age': 21}, 'phone': '934-992-410', 'cell': '665-077-552', 'id': {'name': 'DNI', 'value': '09097242-Q'}, 'picture': {'large': 'https://randomuser.me/api/portraits/women/3.jpg', 'medium': 'https://randomuser.me/api/portraits/med/women/3.jpg', 'thumbnail': 'https://randomuser.me/api/portraits/thumb/women/3.jpg'}, 'nat': 'ES'}], 'info': {'seed': '839ef5d37c8ad44d', 'results': 1, 'page': 1, 'version': '1.4'}}</msg>
<arg>${json_data}</arg>
<doc>Logs the given message with the given level.</doc>
<status status="PASS" start="2024-06-09T11:11:55.416777" elapsed="0.000231"/>
</kw>
<kw name="Should Be String" owner="String">
<arg>${json_data['results'][0]['gender']}</arg>
<doc>Fails if the given ``item`` is not a string.</doc>
<status status="PASS" start="2024-06-09T11:11:55.417347" elapsed="0.000358"/>
</kw>
<kw name="Should Match Regexp" owner="BuiltIn">
<arg>${json_data['results'][0]['email']}</arg>
<arg>^[a-zA-Z0-9._%+-]+@[a-zA-Z0-9.-]+\.[a-zA-Z]{2,}$</arg>
<doc>Fails if ``string`` does not match ``pattern`` as a regular expression.</doc>
<status status="PASS" start="2024-06-09T11:11:55.417897" elapsed="0.000608"/>
</kw>
<kw name="Should Match Regexp" owner="BuiltIn">
<arg>${json_data['results'][0]['dob']['date']}</arg>
<arg>\\d{4}-\\d{2}-\\d{2}T\\d{2}:\\d{2}:\\d{2}\\.\\d{3}Z</arg>
<doc>Fails if ``string`` does not match ``pattern`` as a regular expression.</doc>
<status status="PASS" start="2024-06-09T11:11:55.418705" elapsed="0.000479"/>
</kw>
<kw name="Should Match Regexp" owner="BuiltIn">
<arg>${json_data['results'][0]['registered']['date']}</arg>
<arg>\\d{4}-\\d{2}-\\d{2}T\\d{2}:\\d{2}:\\d{2}\\.\\d{3}Z</arg>
<doc>Fails if ``string`` does not match ``pattern`` as a regular expression.</doc>
<status status="PASS" start="2024-06-09T11:11:55.419377" elapsed="0.000365"/>
</kw>
<kw name="Should Match Regexp" owner="BuiltIn">
<arg>${json_data['results'][0]['picture']['large']}</arg>
<arg>^https?://.*\.(?:png|jpe?g|gif|bmp)$</arg>
<doc>Fails if ``string`` does not match ``pattern`` as a regular expression.</doc>
<status status="PASS" start="2024-06-09T11:11:55.419929" elapsed="0.000454"/>
</kw>
<kw name="Should Match Regexp" owner="BuiltIn">
<arg>${json_data['results'][0]['picture']['medium']}</arg>
<arg>^https?://.*\.(?:png|jpe?g|gif|bmp)$</arg>
<doc>Fails if ``string`` does not match ``pattern`` as a regular expression.</doc>
<status status="PASS" start="2024-06-09T11:11:55.420582" elapsed="0.000350"/>
</kw>
<kw name="Should Match Regexp" owner="BuiltIn">
<arg>${json_data['results'][0]['picture']['thumbnail']}</arg>
<arg>^https?://.*\.(?:png|jpe?g|gif|bmp)$</arg>
<doc>Fails if ``string`` does not match ``pattern`` as a regular expression.</doc>
<status status="PASS" start="2024-06-09T11:11:55.421147" elapsed="0.000353"/>
</kw>
<kw name="Log" owner="BuiltIn">
<msg time="2024-06-09T11:11:55.422012" level="INFO">{'large': 'https://randomuser.me/api/portraits/women/3.jpg', 'medium': 'https://randomuser.me/api/portraits/med/women/3.jpg', 'thumbnail': 'https://randomuser.me/api/portraits/thumb/women/3.jpg'}</msg>
<arg>${json_data['results'][0]['picture']}</arg>
<doc>Logs the given message with the given level.</doc>
<status status="PASS" start="2024-06-09T11:11:55.421694" elapsed="0.000359"/>
</kw>
<status status="PASS" start="2024-06-09T11:11:55.336526" elapsed="0.085777"/>
</kw>
<kw name="Teste de Tipos de Dados - Postcode" owner="random-user-service">
<kw name="GET On Session" owner="RequestsLibrary">
<msg time="2024-06-09T11:11:55.547005" level="INFO">GET Request : url=https://randomuser.me/api 
 path_url=/api 
 headers={'User-Agent': 'python-requests/2.32.3', 'Accept-Encoding': 'gzip, deflate', 'Accept': '*/*', 'Connection': 'keep-alive'} 
 body=None 
 </msg>
<msg time="2024-06-09T11:11:55.547088" level="INFO">GET Response : url=https://randomuser.me/api 
 status=200, reason=OK 
 headers={'Date': 'Sun, 09 Jun 2024 11:11:55 GMT', 'Content-Type': 'application/json; charset=utf-8', 'Transfer-Encoding': 'chunked', 'Connection': 'keep-alive', 'X-Powered-By': 'Express', 'Access-Control-Allow-Origin': '*', 'Cache-Control': 'no-cache', 'ETag': 'W/"474-xBb4TCE/DKcWp/BRTgyP0e6i2rE"', 'Vary': 'Accept-Encoding', 'Content-Encoding': 'gzip', 'CF-Cache-Status': 'DYNAMIC', 'Report-To': '{"endpoints":[{"url":"https:\\/\\/a.nel.cloudflare.com\\/report\\/v4?s=Jbm3RySzISwiGeW54TDELi%2FCL7fZ5EkOQtW4CbiTzSmTKglAhdnZKdPI6rE9LZI5xD48L%2FSAAcO%2FeNd%2Fzbw63yGbNhlw6FhY3ZKPc6prInXXBMmlQuqdkwlKVKkVvwT3"}],"group":"cf-nel","max_age":604800}', 'NEL': '{"success_fraction":0,"report_to":"cf-nel","max_age":604800}', 'Server': 'cloudflare', 'CF-RAY': '8910af036a6f21af-ORD', 'alt-svc': 'h3=":443"; ma=86400'} 
 body={"results":[{"gender":"male","name":{"title":"Mr","first":"Daniel","last":"Johansen"},"location":{"street":{"number":9320,"name":"Tjørnevænget"},"city":"Klitmøller","state":"Syddanmark","country":"Denmark","postcode":53550,"coordinates":{"latitude":"-43.6841","longitude":"-54.5490"},"timezone":{"offset":"-10:00","description":"Hawaii"}},"email":"daniel.johansen@example.com","login":{"uuid":"341ed5f7-bcd0-47bf-a3cb-746e883e2dd1","username":"silverpanda524","password":"canuck","salt":"RX3aDR8i","md5":"c129d280563991225fb8b25ccede61b7","sha1":"73c1d6796f3f3028d23d00022ce85f35888196cb","sha256":"23b2d61cb8c621f1c96dc4685fd92ee2e08297ca4307c4e2e50f0753c5cb88fd"},"dob":{"date":"1961-12-28T14:03:07.523Z","age":62},"registered":{"date":"2011-01-15T15:38:15.285Z","age":13},"phone":"55281881","cell":"63565417","id":{"name":"CPR","value":"281261-5473"},"picture":{"large":"https://randomuser.me/api/portraits/men/89.jpg","medium":"https://randomuser.me/api/portraits/med/men/89.jpg","thumbnail":"https://randomuser.me/api/portraits/thumb/men/89.jpg"},"nat":"DK"}],"info":{"seed":"3f9ad64d55eef9cf","results":1,"page":1,"version":"1.4"}} 
 </msg>
<msg time="2024-06-09T11:11:55.547160" level="INFO">/opt/hostedtoolcache/Python/3.12.3/x64/lib/python3.12/site-packages/urllib3/connectionpool.py:1103: InsecureRequestWarning: Unverified HTTPS request is being made to host 'randomuser.me'. Adding certificate verification is strongly advised. See: https://urllib3.readthedocs.io/en/latest/advanced-usage.html#tls-warnings
  warnings.warn(</msg>
<msg time="2024-06-09T11:11:55.547269" level="INFO">${response} = &lt;Response [200]&gt;</msg>
<var>${response}</var>
<arg>consultarAPI</arg>
<arg>/api</arg>
<doc>Sends a GET request on a previously created HTTP Session.</doc>
<status status="PASS" start="2024-06-09T11:11:55.422725" elapsed="0.124588"/>
</kw>
<kw name="Set Variable" owner="BuiltIn">
<msg time="2024-06-09T11:11:55.548256" level="INFO">${json_data} = {'results': [{'gender': 'male', 'name': {'title': 'Mr', 'first': 'Daniel', 'last': 'Johansen'}, 'location': {'street': {'number': 9320, 'name': 'Tjørnevænget'}, 'city': 'Klitmøller', 'state': 'Syddanm...</msg>
<var>${json_data}</var>
<arg>${response.json()}</arg>
<doc>Returns the given values which can then be assigned to a variables.</doc>
<status status="PASS" start="2024-06-09T11:11:55.547807" elapsed="0.000478"/>
</kw>
<kw name="Log" owner="BuiltIn">
<msg time="2024-06-09T11:11:55.548734" level="INFO">{'results': [{'gender': 'male', 'name': {'title': 'Mr', 'first': 'Daniel', 'last': 'Johansen'}, 'location': {'street': {'number': 9320, 'name': 'Tjørnevænget'}, 'city': 'Klitmøller', 'state': 'Syddanmark', 'country': 'Denmark', 'postcode': 53550, 'coordinates': {'latitude': '-43.6841', 'longitude': '-54.5490'}, 'timezone': {'offset': '-10:00', 'description': 'Hawaii'}}, 'email': 'daniel.johansen@example.com', 'login': {'uuid': '341ed5f7-bcd0-47bf-a3cb-746e883e2dd1', 'username': 'silverpanda524', 'password': 'canuck', 'salt': 'RX3aDR8i', 'md5': 'c129d280563991225fb8b25ccede61b7', 'sha1': '73c1d6796f3f3028d23d00022ce85f35888196cb', 'sha256': '23b2d61cb8c621f1c96dc4685fd92ee2e08297ca4307c4e2e50f0753c5cb88fd'}, 'dob': {'date': '1961-12-28T14:03:07.523Z', 'age': 62}, 'registered': {'date': '2011-01-15T15:38:15.285Z', 'age': 13}, 'phone': '55281881', 'cell': '63565417', 'id': {'name': 'CPR', 'value': '281261-5473'}, 'picture': {'large': 'https://randomuser.me/api/portraits/men/89.jpg', 'medium': 'https://randomuser.me/api/portraits/med/men/89.jpg', 'thumbnail': 'https://randomuser.me/api/portraits/thumb/men/89.jpg'}, 'nat': 'DK'}], 'info': {'seed': '3f9ad64d55eef9cf', 'results': 1, 'page': 1, 'version': '1.4'}}</msg>
<arg>${json_data}</arg>
<doc>Logs the given message with the given level.</doc>
<status status="PASS" start="2024-06-09T11:11:55.548582" elapsed="0.000230"/>
</kw>
<kw name="Should Be Equal As Numbers" owner="BuiltIn">
<arg>${json_data['results'][0]['location']['postcode']}</arg>
<arg>${json_data['results'][0]['location']['postcode']}</arg>
<doc>Fails if objects are unequal after converting them to real numbers.</doc>
<status status="PASS" start="2024-06-09T11:11:55.549141" elapsed="0.000602"/>
</kw>
<kw name="Log" owner="BuiltIn">
<msg time="2024-06-09T11:11:55.550271" level="INFO">53550</msg>
<arg>${json_data['results'][0]['location']['postcode']}</arg>
<doc>Logs the given message with the given level.</doc>
<status status="PASS" start="2024-06-09T11:11:55.549939" elapsed="0.000372"/>
</kw>
<status status="PASS" start="2024-06-09T11:11:55.422508" elapsed="0.128046"/>
</kw>
<doc>Testa se os tipos de dados na resposta da API estão corretos.</doc>
<tag>testeTiposDados</tag>
<status status="PASS" start="2024-06-09T11:11:55.336010" elapsed="0.214695"/>
</test>
<test id="s1-s1-t5" name="Validar conteudo" line="35">
<kw name="Teste de Tipos de Conteudo" owner="random-user-service">
<kw name="GET On Session" owner="RequestsLibrary">
<msg time="2024-06-09T11:11:55.617387" level="INFO">GET Request : url=https://randomuser.me/api 
 path_url=/api 
 headers={'User-Agent': 'python-requests/2.32.3', 'Accept-Encoding': 'gzip, deflate', 'Accept': '*/*', 'Connection': 'keep-alive'} 
 body=None 
 </msg>
<msg time="2024-06-09T11:11:55.617469" level="INFO">GET Response : url=https://randomuser.me/api 
 status=200, reason=OK 
 headers={'Date': 'Sun, 09 Jun 2024 11:11:55 GMT', 'Content-Type': 'application/json; charset=utf-8', 'Transfer-Encoding': 'chunked', 'Connection': 'keep-alive', 'X-Powered-By': 'Express', 'Access-Control-Allow-Origin': '*', 'Cache-Control': 'no-cache', 'ETag': 'W/"4a0-T56LvD1oEpE8VBOpPWTin1x64Aw"', 'Vary': 'Accept-Encoding', 'Content-Encoding': 'gzip', 'CF-Cache-Status': 'DYNAMIC', 'Report-To': '{"endpoints":[{"url":"https:\\/\\/a.nel.cloudflare.com\\/report\\/v4?s=Rtiq5NcAZBBp8Zx5n%2BwTUzI%2FYwwGQ%2Bs32dnN5As79yd2q%2Fe7Wn1mPq%2Fih3T1V%2FLgRajMgleyJ4%2Bakr8uRZS0m1mQCNIcI0umj%2FkAkeJ4556wUTs7M9l6JNQqu%2F1ErN0B"}],"group":"cf-nel","max_age":604800}', 'NEL': '{"success_fraction":0,"report_to":"cf-nel","max_age":604800}', 'Server': 'cloudflare', 'CF-RAY': '8910af043b1621af-ORD', 'alt-svc': 'h3=":443"; ma=86400'} 
 body={"results":[{"gender":"female","name":{"title":"Miss","first":"Samantha","last":"Young"},"location":{"street":{"number":6470,"name":"Valley View Ln"},"city":"Pompano Beach","state":"Connecticut","country":"United States","postcode":45544,"coordinates":{"latitude":"84.8780","longitude":"68.1984"},"timezone":{"offset":"-1:00","description":"Azores, Cape Verde Islands"}},"email":"samantha.young@example.com","login":{"uuid":"df36adb1-63e9-4aed-883f-dced8c067b98","username":"yellowswan782","password":"chippy","salt":"o3KM52tI","md5":"dc3d7311ff443a3e6ad6ac84ea941ea6","sha1":"4127c742f5471ca85e5797f9bce1972f1ff35519","sha256":"aec9b2646263cad1f19295c8560e7f56396b94d09a3e4afa0d059ddf65df243e"},"dob":{"date":"1997-07-31T21:58:21.007Z","age":26},"registered":{"date":"2019-03-07T12:43:28.977Z","age":5},"phone":"(804) 576-5149","cell":"(620) 884-4018","id":{"name":"SSN","value":"318-44-0323"},"picture":{"large":"https://randomuser.me/api/portraits/women/49.jpg","medium":"https://randomuser.me/api/portraits/med/women/49.jpg","thumbnail":"https://randomuser.me/api/portraits/thumb/women/49.jpg"},"nat":"US"}],"info":{"seed":"a7605ab6e1a68e04","results":1,"page":1,"version":"1.4"}} 
 </msg>
<msg time="2024-06-09T11:11:55.617539" level="INFO">/opt/hostedtoolcache/Python/3.12.3/x64/lib/python3.12/site-packages/urllib3/connectionpool.py:1103: InsecureRequestWarning: Unverified HTTPS request is being made to host 'randomuser.me'. Adding certificate verification is strongly advised. See: https://urllib3.readthedocs.io/en/latest/advanced-usage.html#tls-warnings
  warnings.warn(</msg>
<msg time="2024-06-09T11:11:55.617659" level="INFO">${response} = &lt;Response [200]&gt;</msg>
<var>${response}</var>
<arg>consultarAPI</arg>
<arg>/api</arg>
<doc>Sends a GET request on a previously created HTTP Session.</doc>
<status status="PASS" start="2024-06-09T11:11:55.552992" elapsed="0.064722"/>
</kw>
<kw name="Set Variable" owner="BuiltIn">
<msg time="2024-06-09T11:11:55.618737" level="INFO">${json_data} = {'results': [{'gender': 'female', 'name': {'title': 'Miss', 'first': 'Samantha', 'last': 'Young'}, 'location': {'street': {'number': 6470, 'name': 'Valley View Ln'}, 'city': 'Pompano Beach', 'state': ...</msg>
<var>${json_data}</var>
<arg>${response.json()}</arg>
<doc>Returns the given values which can then be assigned to a variables.</doc>
<status status="PASS" start="2024-06-09T11:11:55.618202" elapsed="0.000563"/>
</kw>
<kw name="Set Variable" owner="BuiltIn">
<msg time="2024-06-09T11:11:55.619442" level="INFO">${name_title} = Miss</msg>
<var>${name_title}</var>
<arg>${json_data["results"][0]["name"]["title"]}</arg>
<doc>Returns the given values which can then be assigned to a variables.</doc>
<status status="PASS" start="2024-06-09T11:11:55.619066" elapsed="0.000401"/>
</kw>
<kw name="Create List" owner="BuiltIn">
<msg time="2024-06-09T11:11:55.619905" level="INFO">${allowed_titles} = ['Mr', 'Ms', 'Miss', 'Mrs', 'Madame', 'Monsieur']</msg>
<var>${allowed_titles}</var>
<arg>Mr</arg>
<arg>Ms</arg>
<arg>Miss</arg>
<arg>Mrs</arg>
<arg>Madame</arg>
<arg>Monsieur</arg>
<doc>Returns a list containing given items.</doc>
<status status="PASS" start="2024-06-09T11:11:55.619758" elapsed="0.000171"/>
</kw>
<kw name="List Should Contain Value" owner="Collections">
<msg time="2024-06-09T11:11:55.620393" level="INFO">False</msg>
<arg>${allowed_titles}</arg>
<arg>${name_title}</arg>
<doc>Fails if the ``value`` is not found from ``list``.</doc>
<status status="PASS" start="2024-06-09T11:11:55.620226" elapsed="0.000203"/>
</kw>
<kw name="Set Variable" owner="BuiltIn">
<msg time="2024-06-09T11:11:55.621264" level="INFO">${name_country} = US</msg>
<var>${name_country}</var>
<arg>${json_data["results"][0]["nat"]}</arg>
<doc>Returns the given values which can then be assigned to a variables.</doc>
<status status="PASS" start="2024-06-09T11:11:55.620722" elapsed="0.000567"/>
</kw>
<kw name="Create List" owner="BuiltIn">
<msg time="2024-06-09T11:11:55.622211" level="INFO">${list_country} = ['AD', 'AE', 'AF', 'AG', 'AI', 'AL', 'AM', 'AO', 'AQ', 'AR', 'AS', 'AT', 'AU', 'AW', 'AX', 'AZ', 'BA', 'BB', 'BD', 'BE', 'BF', 'BG', 'BH', 'BI', 'BJ', 'BL', 'BM', 'BN', 'BO', 'BQ', 'BR', 'BS', 'BT', '...</msg>
<var>${list_country}</var>
<arg>AD</arg>
<arg>AE</arg>
<arg>AF</arg>
<arg>AG</arg>
<arg>AI</arg>
<arg>AL</arg>
<arg>AM</arg>
<arg>AO</arg>
<arg>AQ</arg>
<arg>AR</arg>
<arg>AS</arg>
<arg>AT</arg>
<arg>AU</arg>
<arg>AW</arg>
<arg>AX</arg>
<arg>AZ</arg>
<arg>BA</arg>
<arg>BB</arg>
<arg>BD</arg>
<arg>BE</arg>
<arg>BF</arg>
<arg>BG</arg>
<arg>BH</arg>
<arg>BI</arg>
<arg>BJ</arg>
<arg>BL</arg>
<arg>BM</arg>
<arg>BN</arg>
<arg>BO</arg>
<arg>BQ</arg>
<arg>BR</arg>
<arg>BS</arg>
<arg>BT</arg>
<arg>BV</arg>
<arg>BW</arg>
<arg>BY</arg>
<arg>BZ</arg>
<arg>CA</arg>
<arg>CC</arg>
<arg>CD</arg>
<arg>CF</arg>
<arg>CG</arg>
<arg>CH</arg>
<arg>CI</arg>
<arg>CK</arg>
<arg>CL</arg>
<arg>CM</arg>
<arg>CN</arg>
<arg>CO</arg>
<arg>CR</arg>
<arg>CU</arg>
<arg>CV</arg>
<arg>CW</arg>
<arg>CX</arg>
<arg>CY</arg>
<arg>CZ</arg>
<arg>DE</arg>
<arg>DJ</arg>
<arg>DK</arg>
<arg>DM</arg>
<arg>DO</arg>
<arg>DZ</arg>
<arg>EC</arg>
<arg>EE</arg>
<arg>EG</arg>
<arg>EH</arg>
<arg>ER</arg>
<arg>ES</arg>
<arg>ET</arg>
<arg>FI</arg>
<arg>FJ</arg>
<arg>FK</arg>
<arg>FM</arg>
<arg>FO</arg>
<arg>FR</arg>
<arg>GA</arg>
<arg>GB</arg>
<arg>GD</arg>
<arg>GE</arg>
<arg>GF</arg>
<arg>GG</arg>
<arg>GH</arg>
<arg>GI</arg>
<arg>GL</arg>
<arg>GM</arg>
<arg>GN</arg>
<arg>GP</arg>
<arg>GQ</arg>
<arg>GR</arg>
<arg>GS</arg>
<arg>GT</arg>
<arg>GU</arg>
<arg>GW</arg>
<arg>GY</arg>
<arg>HK</arg>
<arg>HM</arg>
<arg>HN</arg>
<arg>HR</arg>
<arg>HT</arg>
<arg>HU</arg>
<arg>ID</arg>
<arg>IE</arg>
<arg>IL</arg>
<arg>IM</arg>
<arg>IN</arg>
<arg>IO</arg>
<arg>IQ</arg>
<arg>IR</arg>
<arg>IS</arg>
<arg>IT</arg>
<arg>JE</arg>
<arg>JM</arg>
<arg>JO</arg>
<arg>JP</arg>
<arg>KE</arg>
<arg>KG</arg>
<arg>KH</arg>
<arg>KI</arg>
<arg>KM</arg>
<arg>KN</arg>
<arg>KP</arg>
<arg>KR</arg>
<arg>KW</arg>
<arg>KY</arg>
<arg>KZ</arg>
<arg>LA</arg>
<arg>LB</arg>
<arg>LC</arg>
<arg>LI</arg>
<arg>LK</arg>
<arg>LR</arg>
<arg>LS</arg>
<arg>LT</arg>
<arg>LU</arg>
<arg>LV</arg>
<arg>LY</arg>
<arg>MA</arg>
<arg>MC</arg>
<arg>MD</arg>
<arg>ME</arg>
<arg>MF</arg>
<arg>MG</arg>
<arg>MH</arg>
<arg>MK</arg>
<arg>ML</arg>
<arg>MM</arg>
<arg>MN</arg>
<arg>MO</arg>
<arg>MP</arg>
<arg>MQ</arg>
<arg>MR</arg>
<arg>MS</arg>
<arg>MT</arg>
<arg>MU</arg>
<arg>MV</arg>
<arg>MW</arg>
<arg>MX</arg>
<arg>MY</arg>
<arg>MZ</arg>
<arg>NA</arg>
<arg>NC</arg>
<arg>NE</arg>
<arg>NF</arg>
<arg>NG</arg>
<arg>NI</arg>
<arg>NL</arg>
<arg>NO</arg>
<arg>NP</arg>
<arg>NR</arg>
<arg>NU</arg>
<arg>NZ</arg>
<arg>OM</arg>
<arg>PA</arg>
<arg>PE</arg>
<arg>PF</arg>
<arg>PG</arg>
<arg>PH</arg>
<arg>PK</arg>
<arg>PL</arg>
<arg>PM</arg>
<arg>PN</arg>
<arg>PR</arg>
<arg>PS</arg>
<arg>PT</arg>
<arg>PW</arg>
<arg>PY</arg>
<arg>QA</arg>
<arg>RE</arg>
<arg>RO</arg>
<arg>RS</arg>
<arg>RU</arg>
<arg>RW</arg>
<arg>SA</arg>
<arg>SB</arg>
<arg>SC</arg>
<arg>SD</arg>
<arg>SE</arg>
<arg>SG</arg>
<arg>SH</arg>
<arg>SI</arg>
<arg>SJ</arg>
<arg>SK</arg>
<arg>SL</arg>
<arg>SM</arg>
<arg>SN</arg>
<arg>SO</arg>
<arg>SR</arg>
<arg>SS</arg>
<arg>ST</arg>
<arg>SV</arg>
<arg>SX</arg>
<arg>SY</arg>
<arg>SZ</arg>
<arg>TC</arg>
<arg>TD</arg>
<arg>TF</arg>
<arg>TG</arg>
<arg>TH</arg>
<arg>TJ</arg>
<arg>TK</arg>
<arg>TL</arg>
<arg>TM</arg>
<arg>TN</arg>
<arg>TO</arg>
<arg>TR</arg>
<arg>TT</arg>
<arg>TV</arg>
<arg>TW</arg>
<arg>TZ</arg>
<arg>UA</arg>
<arg>UG</arg>
<arg>UM</arg>
<arg>US</arg>
<arg>UY</arg>
<arg>UZ</arg>
<arg>VA</arg>
<arg>VC</arg>
<arg>VE</arg>
<arg>VG</arg>
<arg>VI</arg>
<arg>VN</arg>
<arg>VU</arg>
<arg>WF</arg>
<arg>WS</arg>
<arg>XK</arg>
<arg>YE</arg>
<arg>YT</arg>
<arg>ZA</arg>
<arg>ZM</arg>
<arg>ZW</arg>
<doc>Returns a list containing given items.</doc>
<status status="PASS" start="2024-06-09T11:11:55.621594" elapsed="0.000644"/>
</kw>
<kw name="List Should Contain Value" owner="Collections">
<msg time="2024-06-09T11:11:55.623218" level="INFO">False</msg>
<arg>${list_country}</arg>
<arg>${name_country}</arg>
<doc>Fails if the ``value`` is not found from ``list``.</doc>
<status status="PASS" start="2024-06-09T11:11:55.623017" elapsed="0.000236"/>
</kw>
<kw name="Run Keyword If" owner="BuiltIn">
<kw name="Should Be True" owner="BuiltIn">
<arg>${True}</arg>
<doc>Fails if the given condition is not true.</doc>
<status status="PASS" start="2024-06-09T11:11:55.624324" elapsed="0.000146"/>
</kw>
<arg>${json_data["results"][0]["location"]["coordinates"]["latitude"]} &gt;= -90 and ${json_data["results"][0]["location"]["coordinates"]["latitude"]} &lt;= 90</arg>
<arg>Should Be True</arg>
<arg>${True}</arg>
<doc>Runs the given keyword with the given arguments, if ``condition`` is true.</doc>
<status status="PASS" start="2024-06-09T11:11:55.623559" elapsed="0.001037"/>
</kw>
<kw name="Run Keyword If" owner="BuiltIn">
<kw name="Should Be True" owner="BuiltIn">
<arg>${True}</arg>
<doc>Fails if the given condition is not true.</doc>
<status status="PASS" start="2024-06-09T11:11:55.625511" elapsed="0.000139"/>
</kw>
<arg>${json_data["results"][0]["location"]["coordinates"]["longitude"]} &gt;= -180 and ${json_data["results"][0]["location"]["coordinates"]["longitude"]} &lt;= 180</arg>
<arg>Should Be True</arg>
<arg>${True}</arg>
<doc>Runs the given keyword with the given arguments, if ``condition`` is true.</doc>
<status status="PASS" start="2024-06-09T11:11:55.624789" elapsed="0.000985"/>
</kw>
<status status="PASS" start="2024-06-09T11:11:55.552766" elapsed="0.073132"/>
</kw>
<doc>Testa o conteúdo específico dos campos retornados pela API.</doc>
<tag>testeConteudo</tag>
<status status="PASS" start="2024-06-09T11:11:55.552357" elapsed="0.073680"/>
</test>
<status status="PASS" start="2024-06-09T11:11:54.813593" elapsed="0.814324"/>
</suite>
<status status="PASS" start="2024-06-09T11:11:54.800518" elapsed="0.832455"/>
</suite>
<statistics>
<total>
<stat pass="5" fail="0" skip="0">All Tests</stat>
</total>
<tag>
<stat pass="1" fail="0" skip="0">testeConteudo</stat>
<stat pass="1" fail="0" skip="0">testeEstruturaResposta</stat>
<stat pass="1" fail="0" skip="0">testeRequisicaoBasica</stat>
<stat pass="1" fail="0" skip="0">testeTiposDados</stat>
</tag>
<suite>
<stat pass="5" fail="0" skip="0" id="s1" name="Tests">Tests</stat>
<stat pass="5" fail="0" skip="0" id="s1-s1" name="Random-User-Test">Tests.Random-User-Test</stat>
</suite>
</statistics>
<errors>
</errors>
</robot>
