<?xml version="1.0" encoding="UTF-8"?>
<robot generator="Robot 7.0.1 (Python 3.12.4 on linux)" generated="2024-07-17T07:15:18.755408" rpa="false" schemaversion="5">
<suite id="s1" name="Tests" source="/home/runner/work/ApiRandomUser/ApiRandomUser/RamdonUser/tests">
<suite id="s1-s1" name="Random-User-Test" source="/home/runner/work/ApiRandomUser/ApiRandomUser/RamdonUser/tests/random-user-test.robot">
<test id="s1-s1-t1" name="Conectar" line="13">
<kw name="Conectar API" owner="random-user-service">
<kw name="Create Session" owner="RequestsLibrary">
<msg time="2024-07-17T07:15:19.146908" level="INFO">Creating Session using : alias=consultarAPI, url=https://randomuser.me/, headers={},                     cookies={}, auth=None, timeout=None, proxies=None, verify=False,                     debug=0 </msg>
<arg>consultarAPI</arg>
<arg>${URL}</arg>
<doc>Create Session: create a HTTP session to a server</doc>
<status status="PASS" start="2024-07-17T07:15:19.146707" elapsed="0.000376"/>
</kw>
<status status="PASS" start="2024-07-17T07:15:19.145726" elapsed="0.001704"/>
</kw>
<status status="PASS" start="2024-07-17T07:15:19.145099" elapsed="0.002521"/>
</test>
<test id="s1-s1-t2" name="Validar retorno 200 e JSON Válido" line="16">
<kw name="Teste de Requisicao Basica" owner="random-user-service">
<kw name="GET On Session" owner="RequestsLibrary">
<msg time="2024-07-17T07:15:19.396199" level="INFO">GET Request : url=https://randomuser.me/api 
 path_url=/api 
 headers={'User-Agent': 'python-requests/2.32.3', 'Accept-Encoding': 'gzip, deflate', 'Accept': '*/*', 'Connection': 'keep-alive'} 
 body=None 
 </msg>
<msg time="2024-07-17T07:15:19.396350" level="INFO">GET Response : url=https://randomuser.me/api 
 status=200, reason=OK 
 headers={'Date': 'Wed, 17 Jul 2024 07:15:19 GMT', 'Content-Type': 'application/json; charset=utf-8', 'Transfer-Encoding': 'chunked', 'Connection': 'keep-alive', 'X-Powered-By': 'Express', 'Access-Control-Allow-Origin': '*', 'Cache-Control': 'no-cache', 'ETag': 'W/"48f-Shu76hLTSjGOXmFPirRhxYfVhtc"', 'Vary': 'Accept-Encoding', 'Content-Encoding': 'gzip', 'CF-Cache-Status': 'DYNAMIC', 'Report-To': '{"endpoints":[{"url":"https:\\/\\/a.nel.cloudflare.com\\/report\\/v4?s=bokKe2d%2FecFLZWnNiAujTN46ht1DBubU6RXU57WX5fehf5w8gU%2FTdfXawtV3%2B9aTKQlsiGbk%2FlSJFVzdbQSqEvuxDHuCqinxwADLpUJuvZdn2MHY5KRsZSvYa2usqm10"}],"group":"cf-nel","max_age":604800}', 'NEL': '{"success_fraction":0,"report_to":"cf-nel","max_age":604800}', 'Server': 'cloudflare', 'CF-RAY': '8a4870adfbd981ed-IAD', 'alt-svc': 'h3=":443"; ma=86400'} 
 body={"results":[{"gender":"female","name":{"title":"Miss","first":"Inès","last":"Hubert"},"location":{"street":{"number":3934,"name":"Rue du Dauphiné"},"city":"Angers","state":"Vendée","country":"France","postcode":21623,"coordinates":{"latitude":"-17.0538","longitude":"81.7942"},"timezone":{"offset":"-8:00","description":"Pacific Time (US &amp; Canada)"}},"email":"ines.hubert@example.com","login":{"uuid":"77026c0f-29f7-4019-be81-2a6e702f5655","username":"bigcat700","password":"kicker","salt":"K9CcfL85","md5":"caa20212b83bb04b8d27e9dcbbd1559a","sha1":"6cb4b0dbc1ce124a69aa44ef8fea972b68a6a5b9","sha256":"4d654c21c746118d1acdc86b62c395c6ef13954c21ef87667b69ffd214ee15bc"},"dob":{"date":"1968-06-22T14:12:12.707Z","age":56},"registered":{"date":"2019-12-06T01:33:03.338Z","age":4},"phone":"01-19-34-33-27","cell":"06-92-65-64-88","id":{"name":"INSEE","value":"2680506441206 25"},"picture":{"large":"https://randomuser.me/api/portraits/women/46.jpg","medium":"https://randomuser.me/api/portraits/med/women/46.jpg","thumbnail":"https://randomuser.me/api/portraits/thumb/women/46.jpg"},"nat":"FR"}],"info":{"seed":"1eaedae4b735f586","results":1,"page":1,"version":"1.4"}} 
 </msg>
<msg time="2024-07-17T07:15:19.396444" level="INFO">/opt/hostedtoolcache/Python/3.12.4/x64/lib/python3.12/site-packages/urllib3/connectionpool.py:1099: InsecureRequestWarning: Unverified HTTPS request is being made to host 'randomuser.me'. Adding certificate verification is strongly advised. See: https://urllib3.readthedocs.io/en/latest/advanced-usage.html#tls-warnings
  warnings.warn(</msg>
<msg time="2024-07-17T07:15:19.396610" level="INFO">${response} = &lt;Response [200]&gt;</msg>
<var>${response}</var>
<arg>consultarAPI</arg>
<arg>/api</arg>
<doc>Sends a GET request on a previously created HTTP Session.</doc>
<status status="PASS" start="2024-07-17T07:15:19.150278" elapsed="0.246379"/>
</kw>
<kw name="Should Be Equal As Numbers" owner="BuiltIn">
<msg time="2024-07-17T07:15:19.397643" level="INFO">Argument types are:
&lt;class 'int'&gt;
&lt;class 'str'&gt;</msg>
<arg>${response.status_code}</arg>
<arg>200</arg>
<doc>Fails if objects are unequal after converting them to real numbers.</doc>
<status status="PASS" start="2024-07-17T07:15:19.397184" elapsed="0.000525"/>
</kw>
<kw name="Log" owner="BuiltIn">
<msg time="2024-07-17T07:15:19.398412" level="INFO">200</msg>
<arg>${response.status_code}</arg>
<doc>Logs the given message with the given level.</doc>
<status status="PASS" start="2024-07-17T07:15:19.398024" elapsed="0.000430"/>
</kw>
<kw name="Set Variable" owner="BuiltIn">
<msg time="2024-07-17T07:15:19.399297" level="INFO">${json_data} = {'results': [{'gender': 'female', 'name': {'title': 'Miss', 'first': 'Inès', 'last': 'Hubert'}, 'location': {'street': {'number': 3934, 'name': 'Rue du Dauphiné'}, 'city': 'Angers', 'state': 'Vendée',...</msg>
<var>${json_data}</var>
<arg>${response.json()}</arg>
<doc>Returns the given values which can then be assigned to a variables.</doc>
<status status="PASS" start="2024-07-17T07:15:19.398821" elapsed="0.000507"/>
</kw>
<kw name="Dictionary Should Contain Key" owner="Collections">
<arg>${json_data}</arg>
<arg>results</arg>
<doc>Fails if ``key`` is not found from ``dictionary``.</doc>
<status status="PASS" start="2024-07-17T07:15:19.399636" elapsed="0.000181"/>
</kw>
<status status="PASS" start="2024-07-17T07:15:19.150002" elapsed="0.250052"/>
</kw>
<doc>Testa se a API responde corretamente e retorna um objeto JSON válido.</doc>
<tag>testeRequisicaoBasica</tag>
<status status="PASS" start="2024-07-17T07:15:19.149468" elapsed="0.250775"/>
</test>
<test id="s1-s1-t3" name="Validar estrutura de resposta" line="22">
<kw name="Teste de Estrutura de Resposta" owner="random-user-service">
<kw name="GET On Session" owner="RequestsLibrary">
<msg time="2024-07-17T07:15:19.490472" level="INFO">GET Request : url=https://randomuser.me/api 
 path_url=/api 
 headers={'User-Agent': 'python-requests/2.32.3', 'Accept-Encoding': 'gzip, deflate', 'Accept': '*/*', 'Connection': 'keep-alive'} 
 body=None 
 </msg>
<msg time="2024-07-17T07:15:19.490573" level="INFO">GET Response : url=https://randomuser.me/api 
 status=200, reason=OK 
 headers={'Date': 'Wed, 17 Jul 2024 07:15:19 GMT', 'Content-Type': 'application/json; charset=utf-8', 'Transfer-Encoding': 'chunked', 'Connection': 'keep-alive', 'X-Powered-By': 'Express', 'Access-Control-Allow-Origin': '*', 'Cache-Control': 'no-cache', 'ETag': 'W/"46f-w8rlE5AmaBUS/jP8dg1CQqDBx6M"', 'Vary': 'Accept-Encoding', 'Content-Encoding': 'gzip', 'CF-Cache-Status': 'DYNAMIC', 'Report-To': '{"endpoints":[{"url":"https:\\/\\/a.nel.cloudflare.com\\/report\\/v4?s=bZgXq9HRD66sPGNUlg7vhayb087gkFSvRuJuSLVpwMhVVX%2BLgkhNpKkBs2ei8CWwBwsZa9UzQ38U6YWnvE7VcPeR0118fjneGnKXpr28s4c5V%2F1sadxSs%2FSvrrloQLQ2"}],"group":"cf-nel","max_age":604800}', 'NEL': '{"success_fraction":0,"report_to":"cf-nel","max_age":604800}', 'Server': 'cloudflare', 'CF-RAY': '8a4870ae4c1981ed-IAD', 'alt-svc': 'h3=":443"; ma=86400'} 
 body={"results":[{"gender":"male","name":{"title":"Mr","first":"Mohamed","last":"Kilic"},"location":{"street":{"number":672,"name":"Neue Straße"},"city":"Bad Orb","state":"Hamburg","country":"Germany","postcode":21870,"coordinates":{"latitude":"-53.2382","longitude":"-46.5496"},"timezone":{"offset":"+4:30","description":"Kabul"}},"email":"mohamed.kilic@example.com","login":{"uuid":"b6a1b152-8b57-4884-aaec-59faf06a6f91","username":"tinyrabbit410","password":"oakley","salt":"IRwDIFs3","md5":"4c819bdbaff72b884ea39966c6f7f747","sha1":"f93846b6fa933b8e8de899507cb05e4c0f584574","sha256":"0596766a72b3b582d398d648de7fa686b8959e3885d11e9f8e53e9b55383275a"},"dob":{"date":"1977-09-23T00:09:22.533Z","age":46},"registered":{"date":"2021-02-19T11:11:36.929Z","age":3},"phone":"0904-6395169","cell":"0173-2524621","id":{"name":"SVNR","value":"40 220977 K 117"},"picture":{"large":"https://randomuser.me/api/portraits/men/66.jpg","medium":"https://randomuser.me/api/portraits/med/men/66.jpg","thumbnail":"https://randomuser.me/api/portraits/thumb/men/66.jpg"},"nat":"DE"}],"info":{"seed":"49057e4183ceaf44","results":1,"page":1,"version":"1.4"}} 
 </msg>
<msg time="2024-07-17T07:15:19.490704" level="INFO">/opt/hostedtoolcache/Python/3.12.4/x64/lib/python3.12/site-packages/urllib3/connectionpool.py:1099: InsecureRequestWarning: Unverified HTTPS request is being made to host 'randomuser.me'. Adding certificate verification is strongly advised. See: https://urllib3.readthedocs.io/en/latest/advanced-usage.html#tls-warnings
  warnings.warn(</msg>
<msg time="2024-07-17T07:15:19.490851" level="INFO">${response} = &lt;Response [200]&gt;</msg>
<var>${response}</var>
<arg>consultarAPI</arg>
<arg>/api</arg>
<doc>Sends a GET request on a previously created HTTP Session.</doc>
<status status="PASS" start="2024-07-17T07:15:19.402963" elapsed="0.087931"/>
</kw>
<kw name="Set Variable" owner="BuiltIn">
<msg time="2024-07-17T07:15:19.491944" level="INFO">${json_data} = {'results': [{'gender': 'male', 'name': {'title': 'Mr', 'first': 'Mohamed', 'last': 'Kilic'}, 'location': {'street': {'number': 672, 'name': 'Neue Straße'}, 'city': 'Bad Orb', 'state': 'Hamburg', 'cou...</msg>
<var>${json_data}</var>
<arg>${response.json()}</arg>
<doc>Returns the given values which can then be assigned to a variables.</doc>
<status status="PASS" start="2024-07-17T07:15:19.491390" elapsed="0.000584"/>
</kw>
<kw name="Log" owner="BuiltIn">
<msg time="2024-07-17T07:15:19.492451" level="INFO">{'results': [{'gender': 'male', 'name': {'title': 'Mr', 'first': 'Mohamed', 'last': 'Kilic'}, 'location': {'street': {'number': 672, 'name': 'Neue Straße'}, 'city': 'Bad Orb', 'state': 'Hamburg', 'country': 'Germany', 'postcode': 21870, 'coordinates': {'latitude': '-53.2382', 'longitude': '-46.5496'}, 'timezone': {'offset': '+4:30', 'description': 'Kabul'}}, 'email': 'mohamed.kilic@example.com', 'login': {'uuid': 'b6a1b152-8b57-4884-aaec-59faf06a6f91', 'username': 'tinyrabbit410', 'password': 'oakley', 'salt': 'IRwDIFs3', 'md5': '4c819bdbaff72b884ea39966c6f7f747', 'sha1': 'f93846b6fa933b8e8de899507cb05e4c0f584574', 'sha256': '0596766a72b3b582d398d648de7fa686b8959e3885d11e9f8e53e9b55383275a'}, 'dob': {'date': '1977-09-23T00:09:22.533Z', 'age': 46}, 'registered': {'date': '2021-02-19T11:11:36.929Z', 'age': 3}, 'phone': '0904-6395169', 'cell': '0173-2524621', 'id': {'name': 'SVNR', 'value': '40 220977 K 117'}, 'picture': {'large': 'https://randomuser.me/api/portraits/men/66.jpg', 'medium': 'https://randomuser.me/api/portraits/med/men/66.jpg', 'thumbnail': 'https://randomuser.me/api/portraits/thumb/men/66.jpg'}, 'nat': 'DE'}], 'info': {'seed': '49057e4183ceaf44', 'results': 1, 'page': 1, 'version': '1.4'}}</msg>
<arg>${json_data}</arg>
<doc>Logs the given message with the given level.</doc>
<status status="PASS" start="2024-07-17T07:15:19.492289" elapsed="0.000212"/>
</kw>
<kw name="Dictionary Should Contain Key" owner="Collections">
<arg>${json_data}</arg>
<arg>results</arg>
<doc>Fails if ``key`` is not found from ``dictionary``.</doc>
<status status="PASS" start="2024-07-17T07:15:19.492794" elapsed="0.000160"/>
</kw>
<kw name="Should Not Be Empty" owner="BuiltIn">
<msg time="2024-07-17T07:15:19.493273" level="INFO">Length is 2.</msg>
<arg>${json_data}</arg>
<doc>Verifies that the given item is not empty.</doc>
<status status="PASS" start="2024-07-17T07:15:19.493138" elapsed="0.000174"/>
</kw>
<kw name="Create List" owner="BuiltIn">
<msg time="2024-07-17T07:15:19.493905" level="INFO">${expected_keys} = ['gender', 'name', 'location', 'email', 'login']</msg>
<var>${expected_keys}</var>
<arg>gender</arg>
<arg>name</arg>
<arg>location</arg>
<arg>email</arg>
<arg>login</arg>
<doc>Returns a list containing given items.</doc>
<status status="PASS" start="2024-07-17T07:15:19.493598" elapsed="0.000332"/>
</kw>
<for flavor="IN">
<iter>
<kw name="Dictionary Should Contain Key" owner="Collections">
<arg>${json_data['results'][0]}</arg>
<arg>${key}</arg>
<doc>Fails if ``key`` is not found from ``dictionary``.</doc>
<status status="PASS" start="2024-07-17T07:15:19.494555" elapsed="0.000403"/>
</kw>
<kw name="Log" owner="BuiltIn">
<msg time="2024-07-17T07:15:19.495502" level="INFO">{'gender': 'male', 'name': {'title': 'Mr', 'first': 'Mohamed', 'last': 'Kilic'}, 'location': {'street': {'number': 672, 'name': 'Neue Straße'}, 'city': 'Bad Orb', 'state': 'Hamburg', 'country': 'Germany', 'postcode': 21870, 'coordinates': {'latitude': '-53.2382', 'longitude': '-46.5496'}, 'timezone': {'offset': '+4:30', 'description': 'Kabul'}}, 'email': 'mohamed.kilic@example.com', 'login': {'uuid': 'b6a1b152-8b57-4884-aaec-59faf06a6f91', 'username': 'tinyrabbit410', 'password': 'oakley', 'salt': 'IRwDIFs3', 'md5': '4c819bdbaff72b884ea39966c6f7f747', 'sha1': 'f93846b6fa933b8e8de899507cb05e4c0f584574', 'sha256': '0596766a72b3b582d398d648de7fa686b8959e3885d11e9f8e53e9b55383275a'}, 'dob': {'date': '1977-09-23T00:09:22.533Z', 'age': 46}, 'registered': {'date': '2021-02-19T11:11:36.929Z', 'age': 3}, 'phone': '0904-6395169', 'cell': '0173-2524621', 'id': {'name': 'SVNR', 'value': '40 220977 K 117'}, 'picture': {'large': 'https://randomuser.me/api/portraits/men/66.jpg', 'medium': 'https://randomuser.me/api/portraits/med/men/66.jpg', 'thumbnail': 'https://randomuser.me/api/portraits/thumb/men/66.jpg'}, 'nat': 'DE'}</msg>
<arg>${json_data['results'][0]}</arg>
<doc>Logs the given message with the given level.</doc>
<status status="PASS" start="2024-07-17T07:15:19.495141" elapsed="0.000410"/>
</kw>
<kw name="Log" owner="BuiltIn">
<msg time="2024-07-17T07:15:19.495981" level="INFO">gender</msg>
<arg>${key}</arg>
<doc>Logs the given message with the given level.</doc>
<status status="PASS" start="2024-07-17T07:15:19.495853" elapsed="0.000167"/>
</kw>
<var name="${key}">gender</var>
<status status="PASS" start="2024-07-17T07:15:19.494431" elapsed="0.001809"/>
</iter>
<iter>
<kw name="Dictionary Should Contain Key" owner="Collections">
<arg>${json_data['results'][0]}</arg>
<arg>${key}</arg>
<doc>Fails if ``key`` is not found from ``dictionary``.</doc>
<status status="PASS" start="2024-07-17T07:15:19.496543" elapsed="0.000387"/>
</kw>
<kw name="Log" owner="BuiltIn">
<msg time="2024-07-17T07:15:19.497459" level="INFO">{'gender': 'male', 'name': {'title': 'Mr', 'first': 'Mohamed', 'last': 'Kilic'}, 'location': {'street': {'number': 672, 'name': 'Neue Straße'}, 'city': 'Bad Orb', 'state': 'Hamburg', 'country': 'Germany', 'postcode': 21870, 'coordinates': {'latitude': '-53.2382', 'longitude': '-46.5496'}, 'timezone': {'offset': '+4:30', 'description': 'Kabul'}}, 'email': 'mohamed.kilic@example.com', 'login': {'uuid': 'b6a1b152-8b57-4884-aaec-59faf06a6f91', 'username': 'tinyrabbit410', 'password': 'oakley', 'salt': 'IRwDIFs3', 'md5': '4c819bdbaff72b884ea39966c6f7f747', 'sha1': 'f93846b6fa933b8e8de899507cb05e4c0f584574', 'sha256': '0596766a72b3b582d398d648de7fa686b8959e3885d11e9f8e53e9b55383275a'}, 'dob': {'date': '1977-09-23T00:09:22.533Z', 'age': 46}, 'registered': {'date': '2021-02-19T11:11:36.929Z', 'age': 3}, 'phone': '0904-6395169', 'cell': '0173-2524621', 'id': {'name': 'SVNR', 'value': '40 220977 K 117'}, 'picture': {'large': 'https://randomuser.me/api/portraits/men/66.jpg', 'medium': 'https://randomuser.me/api/portraits/med/men/66.jpg', 'thumbnail': 'https://randomuser.me/api/portraits/thumb/men/66.jpg'}, 'nat': 'DE'}</msg>
<arg>${json_data['results'][0]}</arg>
<doc>Logs the given message with the given level.</doc>
<status status="PASS" start="2024-07-17T07:15:19.497111" elapsed="0.000432"/>
</kw>
<kw name="Log" owner="BuiltIn">
<msg time="2024-07-17T07:15:19.497975" level="INFO">name</msg>
<arg>${key}</arg>
<doc>Logs the given message with the given level.</doc>
<status status="PASS" start="2024-07-17T07:15:19.497848" elapsed="0.000163"/>
</kw>
<var name="${key}">name</var>
<status status="PASS" start="2024-07-17T07:15:19.496432" elapsed="0.001847"/>
</iter>
<iter>
<kw name="Dictionary Should Contain Key" owner="Collections">
<arg>${json_data['results'][0]}</arg>
<arg>${key}</arg>
<doc>Fails if ``key`` is not found from ``dictionary``.</doc>
<status status="PASS" start="2024-07-17T07:15:19.498566" elapsed="0.000378"/>
</kw>
<kw name="Log" owner="BuiltIn">
<msg time="2024-07-17T07:15:19.499472" level="INFO">{'gender': 'male', 'name': {'title': 'Mr', 'first': 'Mohamed', 'last': 'Kilic'}, 'location': {'street': {'number': 672, 'name': 'Neue Straße'}, 'city': 'Bad Orb', 'state': 'Hamburg', 'country': 'Germany', 'postcode': 21870, 'coordinates': {'latitude': '-53.2382', 'longitude': '-46.5496'}, 'timezone': {'offset': '+4:30', 'description': 'Kabul'}}, 'email': 'mohamed.kilic@example.com', 'login': {'uuid': 'b6a1b152-8b57-4884-aaec-59faf06a6f91', 'username': 'tinyrabbit410', 'password': 'oakley', 'salt': 'IRwDIFs3', 'md5': '4c819bdbaff72b884ea39966c6f7f747', 'sha1': 'f93846b6fa933b8e8de899507cb05e4c0f584574', 'sha256': '0596766a72b3b582d398d648de7fa686b8959e3885d11e9f8e53e9b55383275a'}, 'dob': {'date': '1977-09-23T00:09:22.533Z', 'age': 46}, 'registered': {'date': '2021-02-19T11:11:36.929Z', 'age': 3}, 'phone': '0904-6395169', 'cell': '0173-2524621', 'id': {'name': 'SVNR', 'value': '40 220977 K 117'}, 'picture': {'large': 'https://randomuser.me/api/portraits/men/66.jpg', 'medium': 'https://randomuser.me/api/portraits/med/men/66.jpg', 'thumbnail': 'https://randomuser.me/api/portraits/thumb/men/66.jpg'}, 'nat': 'DE'}</msg>
<arg>${json_data['results'][0]}</arg>
<doc>Logs the given message with the given level.</doc>
<status status="PASS" start="2024-07-17T07:15:19.499123" elapsed="0.000399"/>
</kw>
<kw name="Log" owner="BuiltIn">
<msg time="2024-07-17T07:15:19.499951" level="INFO">location</msg>
<arg>${key}</arg>
<doc>Logs the given message with the given level.</doc>
<status status="PASS" start="2024-07-17T07:15:19.499816" elapsed="0.000171"/>
</kw>
<var name="${key}">location</var>
<status status="PASS" start="2024-07-17T07:15:19.498456" elapsed="0.001743"/>
</iter>
<iter>
<kw name="Dictionary Should Contain Key" owner="Collections">
<arg>${json_data['results'][0]}</arg>
<arg>${key}</arg>
<doc>Fails if ``key`` is not found from ``dictionary``.</doc>
<status status="PASS" start="2024-07-17T07:15:19.500479" elapsed="0.000383"/>
</kw>
<kw name="Log" owner="BuiltIn">
<msg time="2024-07-17T07:15:19.501404" level="INFO">{'gender': 'male', 'name': {'title': 'Mr', 'first': 'Mohamed', 'last': 'Kilic'}, 'location': {'street': {'number': 672, 'name': 'Neue Straße'}, 'city': 'Bad Orb', 'state': 'Hamburg', 'country': 'Germany', 'postcode': 21870, 'coordinates': {'latitude': '-53.2382', 'longitude': '-46.5496'}, 'timezone': {'offset': '+4:30', 'description': 'Kabul'}}, 'email': 'mohamed.kilic@example.com', 'login': {'uuid': 'b6a1b152-8b57-4884-aaec-59faf06a6f91', 'username': 'tinyrabbit410', 'password': 'oakley', 'salt': 'IRwDIFs3', 'md5': '4c819bdbaff72b884ea39966c6f7f747', 'sha1': 'f93846b6fa933b8e8de899507cb05e4c0f584574', 'sha256': '0596766a72b3b582d398d648de7fa686b8959e3885d11e9f8e53e9b55383275a'}, 'dob': {'date': '1977-09-23T00:09:22.533Z', 'age': 46}, 'registered': {'date': '2021-02-19T11:11:36.929Z', 'age': 3}, 'phone': '0904-6395169', 'cell': '0173-2524621', 'id': {'name': 'SVNR', 'value': '40 220977 K 117'}, 'picture': {'large': 'https://randomuser.me/api/portraits/men/66.jpg', 'medium': 'https://randomuser.me/api/portraits/med/men/66.jpg', 'thumbnail': 'https://randomuser.me/api/portraits/thumb/men/66.jpg'}, 'nat': 'DE'}</msg>
<arg>${json_data['results'][0]}</arg>
<doc>Logs the given message with the given level.</doc>
<status status="PASS" start="2024-07-17T07:15:19.501044" elapsed="0.000410"/>
</kw>
<kw name="Log" owner="BuiltIn">
<msg time="2024-07-17T07:15:19.501879" level="INFO">email</msg>
<arg>${key}</arg>
<doc>Logs the given message with the given level.</doc>
<status status="PASS" start="2024-07-17T07:15:19.501751" elapsed="0.000167"/>
</kw>
<var name="${key}">email</var>
<status status="PASS" start="2024-07-17T07:15:19.500367" elapsed="0.001796"/>
</iter>
<iter>
<kw name="Dictionary Should Contain Key" owner="Collections">
<arg>${json_data['results'][0]}</arg>
<arg>${key}</arg>
<doc>Fails if ``key`` is not found from ``dictionary``.</doc>
<status status="PASS" start="2024-07-17T07:15:19.502463" elapsed="0.000388"/>
</kw>
<kw name="Log" owner="BuiltIn">
<msg time="2024-07-17T07:15:19.503513" level="INFO">{'gender': 'male', 'name': {'title': 'Mr', 'first': 'Mohamed', 'last': 'Kilic'}, 'location': {'street': {'number': 672, 'name': 'Neue Straße'}, 'city': 'Bad Orb', 'state': 'Hamburg', 'country': 'Germany', 'postcode': 21870, 'coordinates': {'latitude': '-53.2382', 'longitude': '-46.5496'}, 'timezone': {'offset': '+4:30', 'description': 'Kabul'}}, 'email': 'mohamed.kilic@example.com', 'login': {'uuid': 'b6a1b152-8b57-4884-aaec-59faf06a6f91', 'username': 'tinyrabbit410', 'password': 'oakley', 'salt': 'IRwDIFs3', 'md5': '4c819bdbaff72b884ea39966c6f7f747', 'sha1': 'f93846b6fa933b8e8de899507cb05e4c0f584574', 'sha256': '0596766a72b3b582d398d648de7fa686b8959e3885d11e9f8e53e9b55383275a'}, 'dob': {'date': '1977-09-23T00:09:22.533Z', 'age': 46}, 'registered': {'date': '2021-02-19T11:11:36.929Z', 'age': 3}, 'phone': '0904-6395169', 'cell': '0173-2524621', 'id': {'name': 'SVNR', 'value': '40 220977 K 117'}, 'picture': {'large': 'https://randomuser.me/api/portraits/men/66.jpg', 'medium': 'https://randomuser.me/api/portraits/med/men/66.jpg', 'thumbnail': 'https://randomuser.me/api/portraits/thumb/men/66.jpg'}, 'nat': 'DE'}</msg>
<arg>${json_data['results'][0]}</arg>
<doc>Logs the given message with the given level.</doc>
<status status="PASS" start="2024-07-17T07:15:19.503033" elapsed="0.000550"/>
</kw>
<kw name="Log" owner="BuiltIn">
<msg time="2024-07-17T07:15:19.504165" level="INFO">login</msg>
<arg>${key}</arg>
<doc>Logs the given message with the given level.</doc>
<status status="PASS" start="2024-07-17T07:15:19.504003" elapsed="0.000203"/>
</kw>
<var name="${key}">login</var>
<status status="PASS" start="2024-07-17T07:15:19.502346" elapsed="0.002089"/>
</iter>
<var>${key}</var>
<value>@{expected_keys}</value>
<status status="PASS" start="2024-07-17T07:15:19.494234" elapsed="0.010326"/>
</for>
<kw name="Create List" owner="BuiltIn">
<msg time="2024-07-17T07:15:19.504895" level="INFO">${expected_keysTwo} = ['username', 'password']</msg>
<var>${expected_keysTwo}</var>
<arg>username</arg>
<arg>password</arg>
<doc>Returns a list containing given items.</doc>
<status status="PASS" start="2024-07-17T07:15:19.504752" elapsed="0.000167"/>
</kw>
<for flavor="IN">
<iter>
<kw name="Dictionary Should Contain Key" owner="Collections">
<arg>${json_data['results'][0]['login']}</arg>
<arg>${keyTwo}</arg>
<doc>Fails if ``key`` is not found from ``dictionary``.</doc>
<status status="PASS" start="2024-07-17T07:15:19.505450" elapsed="0.000388"/>
</kw>
<kw name="Dictionary Should Contain Key" owner="Collections">
<arg>${json_data['results'][0]['login']}</arg>
<arg>${keyTwo}</arg>
<doc>Fails if ``key`` is not found from ``dictionary``.</doc>
<status status="PASS" start="2024-07-17T07:15:19.506019" elapsed="0.000409"/>
</kw>
<kw name="Log" owner="BuiltIn">
<msg time="2024-07-17T07:15:19.506735" level="INFO">username</msg>
<arg>${keyTwo}</arg>
<doc>Logs the given message with the given level.</doc>
<status status="PASS" start="2024-07-17T07:15:19.506612" elapsed="0.000161"/>
</kw>
<var name="${keyTwo}">username</var>
<status status="PASS" start="2024-07-17T07:15:19.505341" elapsed="0.001650"/>
</iter>
<iter>
<kw name="Dictionary Should Contain Key" owner="Collections">
<arg>${json_data['results'][0]['login']}</arg>
<arg>${keyTwo}</arg>
<doc>Fails if ``key`` is not found from ``dictionary``.</doc>
<status status="PASS" start="2024-07-17T07:15:19.507272" elapsed="0.000392"/>
</kw>
<kw name="Dictionary Should Contain Key" owner="Collections">
<arg>${json_data['results'][0]['login']}</arg>
<arg>${keyTwo}</arg>
<doc>Fails if ``key`` is not found from ``dictionary``.</doc>
<status status="PASS" start="2024-07-17T07:15:19.507844" elapsed="0.000366"/>
</kw>
<kw name="Log" owner="BuiltIn">
<msg time="2024-07-17T07:15:19.508506" level="INFO">password</msg>
<arg>${keyTwo}</arg>
<doc>Logs the given message with the given level.</doc>
<status status="PASS" start="2024-07-17T07:15:19.508388" elapsed="0.000160"/>
</kw>
<var name="${keyTwo}">password</var>
<status status="PASS" start="2024-07-17T07:15:19.507165" elapsed="0.001697"/>
</iter>
<var>${keyTwo}</var>
<value>@{expected_keysTwo}</value>
<status status="PASS" start="2024-07-17T07:15:19.505186" elapsed="0.003798"/>
</for>
<status status="PASS" start="2024-07-17T07:15:19.402730" elapsed="0.106394"/>
</kw>
<doc>Testa a estrutura da resposta da API.</doc>
<tag>testeEstruturaResposta</tag>
<status status="PASS" start="2024-07-17T07:15:19.402129" elapsed="0.107150"/>
</test>
<test id="s1-s1-t4" name="Validar tipos de dados" line="28">
<kw name="Teste de Tipos de Dados" owner="random-user-service">
<kw name="GET On Session" owner="RequestsLibrary">
<msg time="2024-07-17T07:15:19.597470" level="INFO">GET Request : url=https://randomuser.me/api 
 path_url=/api 
 headers={'User-Agent': 'python-requests/2.32.3', 'Accept-Encoding': 'gzip, deflate', 'Accept': '*/*', 'Connection': 'keep-alive'} 
 body=None 
 </msg>
<msg time="2024-07-17T07:15:19.597581" level="INFO">GET Response : url=https://randomuser.me/api 
 status=200, reason=OK 
 headers={'Date': 'Wed, 17 Jul 2024 07:15:19 GMT', 'Content-Type': 'application/json; charset=utf-8', 'Transfer-Encoding': 'chunked', 'Connection': 'keep-alive', 'X-Powered-By': 'Express', 'Access-Control-Allow-Origin': '*', 'Cache-Control': 'no-cache', 'ETag': 'W/"4a2-7NS7oi9UUbZEge2v0qhCuks6Pb4"', 'Vary': 'Accept-Encoding', 'Content-Encoding': 'gzip', 'CF-Cache-Status': 'DYNAMIC', 'Report-To': '{"endpoints":[{"url":"https:\\/\\/a.nel.cloudflare.com\\/report\\/v4?s=eMeltwgSi9Uz4%2Ba9PyJFxhSykPXrByA%2BEcv773woo0ZfdgEwENN6lf%2Fs12iASr85ru4AAGm92ZVC7vQuKpzAJ1d0%2FlNe10umwo5j7xZAPkHhPagnl24YBlq66ymIOZlV"}],"group":"cf-nel","max_age":604800}', 'NEL': '{"success_fraction":0,"report_to":"cf-nel","max_age":604800}', 'Server': 'cloudflare', 'CF-RAY': '8a4870aefca381ed-IAD', 'alt-svc': 'h3=":443"; ma=86400'} 
 body={"results":[{"gender":"male","name":{"title":"Mr","first":"Dwight","last":"Cunningham"},"location":{"street":{"number":9865,"name":"Park Lane"},"city":"Portsmouth","state":"Powys","country":"United Kingdom","postcode":"P4Z 0JR","coordinates":{"latitude":"-6.7262","longitude":"-61.6850"},"timezone":{"offset":"+8:00","description":"Beijing, Perth, Singapore, Hong Kong"}},"email":"dwight.cunningham@example.com","login":{"uuid":"43df9ab3-c40d-417a-885a-7afab859029e","username":"goldenostrich535","password":"letmein1","salt":"VqaZeENq","md5":"7572a005d72cd5515ba5f462f685207a","sha1":"2c2772a05f0b61576706b1c08d1892124e0399cb","sha256":"08dc964a0e571547c6fe5d57b81fb956f0689da54e36a96b4fddf75b5f2993ba"},"dob":{"date":"1981-05-24T10:33:31.614Z","age":43},"registered":{"date":"2022-03-06T20:56:24.490Z","age":2},"phone":"015394 75091","cell":"07604 140809","id":{"name":"NINO","value":"AL 11 52 84 P"},"picture":{"large":"https://randomuser.me/api/portraits/men/66.jpg","medium":"https://randomuser.me/api/portraits/med/men/66.jpg","thumbnail":"https://randomuser.me/api/portraits/thumb/men/66.jpg"},"nat":"GB"}],"info":{"seed":"c337a336bc21199a","results":1,"page":1,"version":"1.4"}} 
 </msg>
<msg time="2024-07-17T07:15:19.597661" level="INFO">/opt/hostedtoolcache/Python/3.12.4/x64/lib/python3.12/site-packages/urllib3/connectionpool.py:1099: InsecureRequestWarning: Unverified HTTPS request is being made to host 'randomuser.me'. Adding certificate verification is strongly advised. See: https://urllib3.readthedocs.io/en/latest/advanced-usage.html#tls-warnings
  warnings.warn(</msg>
<msg time="2024-07-17T07:15:19.597805" level="INFO">${response} = &lt;Response [200]&gt;</msg>
<var>${response}</var>
<arg>consultarAPI</arg>
<arg>/api</arg>
<doc>Sends a GET request on a previously created HTTP Session.</doc>
<status status="PASS" start="2024-07-17T07:15:19.511864" elapsed="0.085980"/>
</kw>
<kw name="Set Variable" owner="BuiltIn">
<msg time="2024-07-17T07:15:19.599037" level="INFO">${json_data} = {'results': [{'gender': 'male', 'name': {'title': 'Mr', 'first': 'Dwight', 'last': 'Cunningham'}, 'location': {'street': {'number': 9865, 'name': 'Park Lane'}, 'city': 'Portsmouth', 'state': 'Powys', ...</msg>
<var>${json_data}</var>
<arg>${response.json()}</arg>
<doc>Returns the given values which can then be assigned to a variables.</doc>
<status status="PASS" start="2024-07-17T07:15:19.598482" elapsed="0.000584"/>
</kw>
<kw name="Log" owner="BuiltIn">
<msg time="2024-07-17T07:15:19.599540" level="INFO">{'results': [{'gender': 'male', 'name': {'title': 'Mr', 'first': 'Dwight', 'last': 'Cunningham'}, 'location': {'street': {'number': 9865, 'name': 'Park Lane'}, 'city': 'Portsmouth', 'state': 'Powys', 'country': 'United Kingdom', 'postcode': 'P4Z 0JR', 'coordinates': {'latitude': '-6.7262', 'longitude': '-61.6850'}, 'timezone': {'offset': '+8:00', 'description': 'Beijing, Perth, Singapore, Hong Kong'}}, 'email': 'dwight.cunningham@example.com', 'login': {'uuid': '43df9ab3-c40d-417a-885a-7afab859029e', 'username': 'goldenostrich535', 'password': 'letmein1', 'salt': 'VqaZeENq', 'md5': '7572a005d72cd5515ba5f462f685207a', 'sha1': '2c2772a05f0b61576706b1c08d1892124e0399cb', 'sha256': '08dc964a0e571547c6fe5d57b81fb956f0689da54e36a96b4fddf75b5f2993ba'}, 'dob': {'date': '1981-05-24T10:33:31.614Z', 'age': 43}, 'registered': {'date': '2022-03-06T20:56:24.490Z', 'age': 2}, 'phone': '015394 75091', 'cell': '07604 140809', 'id': {'name': 'NINO', 'value': 'AL 11 52 84 P'}, 'picture': {'large': 'https://randomuser.me/api/portraits/men/66.jpg', 'medium': 'https://randomuser.me/api/portraits/med/men/66.jpg', 'thumbnail': 'https://randomuser.me/api/portraits/thumb/men/66.jpg'}, 'nat': 'GB'}], 'info': {'seed': 'c337a336bc21199a', 'results': 1, 'page': 1, 'version': '1.4'}}</msg>
<arg>${json_data}</arg>
<doc>Logs the given message with the given level.</doc>
<status status="PASS" start="2024-07-17T07:15:19.599384" elapsed="0.000206"/>
</kw>
<kw name="Should Be String" owner="String">
<arg>${json_data['results'][0]['gender']}</arg>
<doc>Fails if the given ``item`` is not a string.</doc>
<status status="PASS" start="2024-07-17T07:15:19.599883" elapsed="0.000366"/>
</kw>
<kw name="Should Match Regexp" owner="BuiltIn">
<arg>${json_data['results'][0]['email']}</arg>
<arg>^[a-zA-Z0-9._%+-]+@[a-zA-Z0-9.-]+\.[a-zA-Z]{2,}$</arg>
<doc>Fails if ``string`` does not match ``pattern`` as a regular expression.</doc>
<status status="PASS" start="2024-07-17T07:15:19.600440" elapsed="0.000515"/>
</kw>
<kw name="Should Match Regexp" owner="BuiltIn">
<arg>${json_data['results'][0]['dob']['date']}</arg>
<arg>\\d{4}-\\d{2}-\\d{2}T\\d{2}:\\d{2}:\\d{2}\\.\\d{3}Z</arg>
<doc>Fails if ``string`` does not match ``pattern`` as a regular expression.</doc>
<status status="PASS" start="2024-07-17T07:15:19.601189" elapsed="0.000506"/>
</kw>
<kw name="Should Match Regexp" owner="BuiltIn">
<arg>${json_data['results'][0]['registered']['date']}</arg>
<arg>\\d{4}-\\d{2}-\\d{2}T\\d{2}:\\d{2}:\\d{2}\\.\\d{3}Z</arg>
<doc>Fails if ``string`` does not match ``pattern`` as a regular expression.</doc>
<status status="PASS" start="2024-07-17T07:15:19.601889" elapsed="0.000409"/>
</kw>
<kw name="Should Match Regexp" owner="BuiltIn">
<arg>${json_data['results'][0]['picture']['large']}</arg>
<arg>^https?://.*\.(?:png|jpe?g|gif|bmp)$</arg>
<doc>Fails if ``string`` does not match ``pattern`` as a regular expression.</doc>
<status status="PASS" start="2024-07-17T07:15:19.602488" elapsed="0.000466"/>
</kw>
<kw name="Should Match Regexp" owner="BuiltIn">
<arg>${json_data['results'][0]['picture']['medium']}</arg>
<arg>^https?://.*\.(?:png|jpe?g|gif|bmp)$</arg>
<doc>Fails if ``string`` does not match ``pattern`` as a regular expression.</doc>
<status status="PASS" start="2024-07-17T07:15:19.603141" elapsed="0.000354"/>
</kw>
<kw name="Should Match Regexp" owner="BuiltIn">
<arg>${json_data['results'][0]['picture']['thumbnail']}</arg>
<arg>^https?://.*\.(?:png|jpe?g|gif|bmp)$</arg>
<doc>Fails if ``string`` does not match ``pattern`` as a regular expression.</doc>
<status status="PASS" start="2024-07-17T07:15:19.603682" elapsed="0.000352"/>
</kw>
<kw name="Log" owner="BuiltIn">
<msg time="2024-07-17T07:15:19.604551" level="INFO">{'large': 'https://randomuser.me/api/portraits/men/66.jpg', 'medium': 'https://randomuser.me/api/portraits/med/men/66.jpg', 'thumbnail': 'https://randomuser.me/api/portraits/thumb/men/66.jpg'}</msg>
<arg>${json_data['results'][0]['picture']}</arg>
<doc>Logs the given message with the given level.</doc>
<status status="PASS" start="2024-07-17T07:15:19.604218" elapsed="0.000376"/>
</kw>
<status status="PASS" start="2024-07-17T07:15:19.511642" elapsed="0.093209"/>
</kw>
<kw name="Teste de Tipos de Dados - Postcode" owner="random-user-service">
<kw name="GET On Session" owner="RequestsLibrary">
<msg time="2024-07-17T07:15:19.683141" level="INFO">GET Request : url=https://randomuser.me/api 
 path_url=/api 
 headers={'User-Agent': 'python-requests/2.32.3', 'Accept-Encoding': 'gzip, deflate', 'Accept': '*/*', 'Connection': 'keep-alive'} 
 body=None 
 </msg>
<msg time="2024-07-17T07:15:19.683233" level="INFO">GET Response : url=https://randomuser.me/api 
 status=200, reason=OK 
 headers={'Date': 'Wed, 17 Jul 2024 07:15:19 GMT', 'Content-Type': 'application/json; charset=utf-8', 'Transfer-Encoding': 'chunked', 'Connection': 'keep-alive', 'X-Powered-By': 'Express', 'Access-Control-Allow-Origin': '*', 'Cache-Control': 'no-cache', 'ETag': 'W/"47f-pALkUCc3eXrxP8b1KWO+Ry8HrLU"', 'Vary': 'Accept-Encoding', 'Content-Encoding': 'gzip', 'CF-Cache-Status': 'DYNAMIC', 'Report-To': '{"endpoints":[{"url":"https:\\/\\/a.nel.cloudflare.com\\/report\\/v4?s=mAhLRLRWjAfdFFrMIXZR9qncIe%2BW1yKGhMM4jTSYIbiQq4ogvYOo7WPdoEtcQvgRzsFYbX1g0lJma%2F8x%2BkP1X%2FvIUCO0hZU1Sq6QY1UJ6WvkJr0alHTkjPWTKSo4V6sC"}],"group":"cf-nel","max_age":604800}', 'NEL': '{"success_fraction":0,"report_to":"cf-nel","max_age":604800}', 'Server': 'cloudflare', 'CF-RAY': '8a4870af8d2681ed-IAD', 'alt-svc': 'h3=":443"; ma=86400'} 
 body={"results":[{"gender":"female","name":{"title":"Ms","first":"Nalan","last":"Çamdalı"},"location":{"street":{"number":4130,"name":"Anafartalar Cd"},"city":"Konya","state":"Siirt","country":"Turkey","postcode":86940,"coordinates":{"latitude":"67.5555","longitude":"174.7744"},"timezone":{"offset":"-8:00","description":"Pacific Time (US &amp; Canada)"}},"email":"nalan.camdali@example.com","login":{"uuid":"bee2618b-d43a-40e2-b8ef-e10828cd210f","username":"yellowswan174","password":"tarpon","salt":"qmOb4j0G","md5":"dec145a863e01274271da991d45966fb","sha1":"e397858116d631475903b50d738e7856637dfbce","sha256":"1af0311e5abd29d711a9c95f4e9bfb6f8e3d2f11c19f8769dd2aa9e325312dfe"},"dob":{"date":"1947-01-07T16:07:09.359Z","age":77},"registered":{"date":"2012-12-10T12:59:34.897Z","age":11},"phone":"(578)-110-9100","cell":"(010)-256-6948","id":{"name":"","value":null},"picture":{"large":"https://randomuser.me/api/portraits/women/13.jpg","medium":"https://randomuser.me/api/portraits/med/women/13.jpg","thumbnail":"https://randomuser.me/api/portraits/thumb/women/13.jpg"},"nat":"TR"}],"info":{"seed":"5cf9e3b7460716e5","results":1,"page":1,"version":"1.4"}} 
 </msg>
<msg time="2024-07-17T07:15:19.683320" level="INFO">/opt/hostedtoolcache/Python/3.12.4/x64/lib/python3.12/site-packages/urllib3/connectionpool.py:1099: InsecureRequestWarning: Unverified HTTPS request is being made to host 'randomuser.me'. Adding certificate verification is strongly advised. See: https://urllib3.readthedocs.io/en/latest/advanced-usage.html#tls-warnings
  warnings.warn(</msg>
<msg time="2024-07-17T07:15:19.683443" level="INFO">${response} = &lt;Response [200]&gt;</msg>
<var>${response}</var>
<arg>consultarAPI</arg>
<arg>/api</arg>
<doc>Sends a GET request on a previously created HTTP Session.</doc>
<status status="PASS" start="2024-07-17T07:15:19.605315" elapsed="0.078179"/>
</kw>
<kw name="Set Variable" owner="BuiltIn">
<msg time="2024-07-17T07:15:19.684635" level="INFO">${json_data} = {'results': [{'gender': 'female', 'name': {'title': 'Ms', 'first': 'Nalan', 'last': 'Çamdalı'}, 'location': {'street': {'number': 4130, 'name': 'Anafartalar Cd'}, 'city': 'Konya', 'state': 'Siirt', 'c...</msg>
<var>${json_data}</var>
<arg>${response.json()}</arg>
<doc>Returns the given values which can then be assigned to a variables.</doc>
<status status="PASS" start="2024-07-17T07:15:19.684058" elapsed="0.000608"/>
</kw>
<kw name="Log" owner="BuiltIn">
<msg time="2024-07-17T07:15:19.685146" level="INFO">{'results': [{'gender': 'female', 'name': {'title': 'Ms', 'first': 'Nalan', 'last': 'Çamdalı'}, 'location': {'street': {'number': 4130, 'name': 'Anafartalar Cd'}, 'city': 'Konya', 'state': 'Siirt', 'country': 'Turkey', 'postcode': 86940, 'coordinates': {'latitude': '67.5555', 'longitude': '174.7744'}, 'timezone': {'offset': '-8:00', 'description': 'Pacific Time (US &amp; Canada)'}}, 'email': 'nalan.camdali@example.com', 'login': {'uuid': 'bee2618b-d43a-40e2-b8ef-e10828cd210f', 'username': 'yellowswan174', 'password': 'tarpon', 'salt': 'qmOb4j0G', 'md5': 'dec145a863e01274271da991d45966fb', 'sha1': 'e397858116d631475903b50d738e7856637dfbce', 'sha256': '1af0311e5abd29d711a9c95f4e9bfb6f8e3d2f11c19f8769dd2aa9e325312dfe'}, 'dob': {'date': '1947-01-07T16:07:09.359Z', 'age': 77}, 'registered': {'date': '2012-12-10T12:59:34.897Z', 'age': 11}, 'phone': '(578)-110-9100', 'cell': '(010)-256-6948', 'id': {'name': '', 'value': None}, 'picture': {'large': 'https://randomuser.me/api/portraits/women/13.jpg', 'medium': 'https://randomuser.me/api/portraits/med/women/13.jpg', 'thumbnail': 'https://randomuser.me/api/portraits/thumb/women/13.jpg'}, 'nat': 'TR'}], 'info': {'seed': '5cf9e3b7460716e5', 'results': 1, 'page': 1, 'version': '1.4'}}</msg>
<arg>${json_data}</arg>
<doc>Logs the given message with the given level.</doc>
<status status="PASS" start="2024-07-17T07:15:19.684985" elapsed="0.000215"/>
</kw>
<kw name="Should Be Equal As Numbers" owner="BuiltIn">
<arg>${json_data['results'][0]['location']['postcode']}</arg>
<arg>${json_data['results'][0]['location']['postcode']}</arg>
<doc>Fails if objects are unequal after converting them to real numbers.</doc>
<status status="PASS" start="2024-07-17T07:15:19.685496" elapsed="0.000676"/>
</kw>
<kw name="Log" owner="BuiltIn">
<msg time="2024-07-17T07:15:19.686858" level="INFO">86940</msg>
<arg>${json_data['results'][0]['location']['postcode']}</arg>
<doc>Logs the given message with the given level.</doc>
<status status="PASS" start="2024-07-17T07:15:19.686364" elapsed="0.000535"/>
</kw>
<status status="PASS" start="2024-07-17T07:15:19.605085" elapsed="0.082102"/>
</kw>
<doc>Testa se os tipos de dados na resposta da API estão corretos.</doc>
<tag>testeTiposDados</tag>
<status status="PASS" start="2024-07-17T07:15:19.511095" elapsed="0.176263"/>
</test>
<test id="s1-s1-t5" name="Validar conteudo" line="35">
<kw name="Teste de Tipos de Conteudo" owner="random-user-service">
<kw name="GET On Session" owner="RequestsLibrary">
<msg time="2024-07-17T07:15:19.988483" level="INFO">GET Request : url=https://randomuser.me/api 
 path_url=/api 
 headers={'User-Agent': 'python-requests/2.32.3', 'Accept-Encoding': 'gzip, deflate', 'Accept': '*/*', 'Connection': 'keep-alive'} 
 body=None 
 </msg>
<msg time="2024-07-17T07:15:19.988569" level="INFO">GET Response : url=https://randomuser.me/api 
 status=200, reason=OK 
 headers={'Date': 'Wed, 17 Jul 2024 07:15:19 GMT', 'Content-Type': 'application/json; charset=utf-8', 'Transfer-Encoding': 'chunked', 'Connection': 'keep-alive', 'X-Powered-By': 'Express', 'Access-Control-Allow-Origin': '*', 'Cache-Control': 'no-cache', 'ETag': 'W/"479-A/1+tBt2RWSlosladJ9jE7n/NN8"', 'Vary': 'Accept-Encoding', 'Content-Encoding': 'gzip', 'CF-Cache-Status': 'DYNAMIC', 'Report-To': '{"endpoints":[{"url":"https:\\/\\/a.nel.cloudflare.com\\/report\\/v4?s=EPhP%2FgYEksYq1xkke%2FqqQ%2B9UmKzjBXPqjihFWd1hKkltSO%2FZKJSGRZZXH5I%2Fz1lQNrJ6y69AKmYZsJigfhrWMubrvkpgNtUEs1ZWMquExXp93iO99WyxxceCLrGY0Z%2Bb"}],"group":"cf-nel","max_age":604800}', 'NEL': '{"success_fraction":0,"report_to":"cf-nel","max_age":604800}', 'Server': 'cloudflare', 'CF-RAY': '8a4870b01da481ed-IAD', 'alt-svc': 'h3=":443"; ma=86400'} 
 body={"results":[{"gender":"female","name":{"title":"Ms","first":"Branka","last":"Janković"},"location":{"street":{"number":9828,"name":"Jermska"},"city":"Ub","state":"Moravica","country":"Serbia","postcode":71289,"coordinates":{"latitude":"61.8179","longitude":"92.7012"},"timezone":{"offset":"-11:00","description":"Midway Island, Samoa"}},"email":"branka.jankovic@example.com","login":{"uuid":"23b0f5d5-aaa1-41b7-baf7-a47219a10894","username":"heavyostrich342","password":"xyzzy","salt":"NQgfQCoQ","md5":"6abb533a38f6dd799e16cb89f454f266","sha1":"1ff48278c88322568f397d3d34b3988c0941c234","sha256":"b93966f6f5c399d7a1fcfdde9b16e200339e8b68246c6c6a168b60794dfb047b"},"dob":{"date":"1971-06-05T15:47:46.700Z","age":53},"registered":{"date":"2005-08-16T06:29:42.303Z","age":18},"phone":"026-0055-267","cell":"060-0529-500","id":{"name":"SID","value":"330610875"},"picture":{"large":"https://randomuser.me/api/portraits/women/6.jpg","medium":"https://randomuser.me/api/portraits/med/women/6.jpg","thumbnail":"https://randomuser.me/api/portraits/thumb/women/6.jpg"},"nat":"RS"}],"info":{"seed":"b8050ed153636256","results":1,"page":1,"version":"1.4"}} 
 </msg>
<msg time="2024-07-17T07:15:19.988636" level="INFO">/opt/hostedtoolcache/Python/3.12.4/x64/lib/python3.12/site-packages/urllib3/connectionpool.py:1099: InsecureRequestWarning: Unverified HTTPS request is being made to host 'randomuser.me'. Adding certificate verification is strongly advised. See: https://urllib3.readthedocs.io/en/latest/advanced-usage.html#tls-warnings
  warnings.warn(</msg>
<msg time="2024-07-17T07:15:19.988746" level="INFO">${response} = &lt;Response [200]&gt;</msg>
<var>${response}</var>
<arg>consultarAPI</arg>
<arg>/api</arg>
<doc>Sends a GET request on a previously created HTTP Session.</doc>
<status status="PASS" start="2024-07-17T07:15:19.689899" elapsed="0.298888"/>
</kw>
<kw name="Set Variable" owner="BuiltIn">
<msg time="2024-07-17T07:15:19.989886" level="INFO">${json_data} = {'results': [{'gender': 'female', 'name': {'title': 'Ms', 'first': 'Branka', 'last': 'Janković'}, 'location': {'street': {'number': 9828, 'name': 'Jermska'}, 'city': 'Ub', 'state': 'Moravica', 'countr...</msg>
<var>${json_data}</var>
<arg>${response.json()}</arg>
<doc>Returns the given values which can then be assigned to a variables.</doc>
<status status="PASS" start="2024-07-17T07:15:19.989340" elapsed="0.000577"/>
</kw>
<kw name="Set Variable" owner="BuiltIn">
<msg time="2024-07-17T07:15:19.990650" level="INFO">${name_title} = Ms</msg>
<var>${name_title}</var>
<arg>${json_data["results"][0]["name"]["title"]}</arg>
<doc>Returns the given values which can then be assigned to a variables.</doc>
<status status="PASS" start="2024-07-17T07:15:19.990267" elapsed="0.000409"/>
</kw>
<kw name="Create List" owner="BuiltIn">
<msg time="2024-07-17T07:15:19.991126" level="INFO">${allowed_titles} = ['Mr', 'Ms', 'Miss', 'Mrs', 'Madame', 'Monsieur']</msg>
<var>${allowed_titles}</var>
<arg>Mr</arg>
<arg>Ms</arg>
<arg>Miss</arg>
<arg>Mrs</arg>
<arg>Madame</arg>
<arg>Monsieur</arg>
<doc>Returns a list containing given items.</doc>
<status status="PASS" start="2024-07-17T07:15:19.990979" elapsed="0.000172"/>
</kw>
<kw name="List Should Contain Value" owner="Collections">
<arg>${allowed_titles}</arg>
<arg>${name_title}</arg>
<doc>Fails if the ``value`` is not found from ``list``.</doc>
<status status="PASS" start="2024-07-17T07:15:19.991444" elapsed="0.000187"/>
</kw>
<kw name="Set Variable" owner="BuiltIn">
<msg time="2024-07-17T07:15:19.992181" level="INFO">${name_country} = RS</msg>
<var>${name_country}</var>
<arg>${json_data["results"][0]["nat"]}</arg>
<doc>Returns the given values which can then be assigned to a variables.</doc>
<status status="PASS" start="2024-07-17T07:15:19.991814" elapsed="0.000392"/>
</kw>
<kw name="Create List" owner="BuiltIn">
<msg time="2024-07-17T07:15:19.993079" level="INFO">${list_country} = ['AD', 'AE', 'AF', 'AG', 'AI', 'AL', 'AM', 'AO', 'AQ', 'AR', 'AS', 'AT', 'AU', 'AW', 'AX', 'AZ', 'BA', 'BB', 'BD', 'BE', 'BF', 'BG', 'BH', 'BI', 'BJ', 'BL', 'BM', 'BN', 'BO', 'BQ', 'BR', 'BS', 'BT', '...</msg>
<var>${list_country}</var>
<arg>AD</arg>
<arg>AE</arg>
<arg>AF</arg>
<arg>AG</arg>
<arg>AI</arg>
<arg>AL</arg>
<arg>AM</arg>
<arg>AO</arg>
<arg>AQ</arg>
<arg>AR</arg>
<arg>AS</arg>
<arg>AT</arg>
<arg>AU</arg>
<arg>AW</arg>
<arg>AX</arg>
<arg>AZ</arg>
<arg>BA</arg>
<arg>BB</arg>
<arg>BD</arg>
<arg>BE</arg>
<arg>BF</arg>
<arg>BG</arg>
<arg>BH</arg>
<arg>BI</arg>
<arg>BJ</arg>
<arg>BL</arg>
<arg>BM</arg>
<arg>BN</arg>
<arg>BO</arg>
<arg>BQ</arg>
<arg>BR</arg>
<arg>BS</arg>
<arg>BT</arg>
<arg>BV</arg>
<arg>BW</arg>
<arg>BY</arg>
<arg>BZ</arg>
<arg>CA</arg>
<arg>CC</arg>
<arg>CD</arg>
<arg>CF</arg>
<arg>CG</arg>
<arg>CH</arg>
<arg>CI</arg>
<arg>CK</arg>
<arg>CL</arg>
<arg>CM</arg>
<arg>CN</arg>
<arg>CO</arg>
<arg>CR</arg>
<arg>CU</arg>
<arg>CV</arg>
<arg>CW</arg>
<arg>CX</arg>
<arg>CY</arg>
<arg>CZ</arg>
<arg>DE</arg>
<arg>DJ</arg>
<arg>DK</arg>
<arg>DM</arg>
<arg>DO</arg>
<arg>DZ</arg>
<arg>EC</arg>
<arg>EE</arg>
<arg>EG</arg>
<arg>EH</arg>
<arg>ER</arg>
<arg>ES</arg>
<arg>ET</arg>
<arg>FI</arg>
<arg>FJ</arg>
<arg>FK</arg>
<arg>FM</arg>
<arg>FO</arg>
<arg>FR</arg>
<arg>GA</arg>
<arg>GB</arg>
<arg>GD</arg>
<arg>GE</arg>
<arg>GF</arg>
<arg>GG</arg>
<arg>GH</arg>
<arg>GI</arg>
<arg>GL</arg>
<arg>GM</arg>
<arg>GN</arg>
<arg>GP</arg>
<arg>GQ</arg>
<arg>GR</arg>
<arg>GS</arg>
<arg>GT</arg>
<arg>GU</arg>
<arg>GW</arg>
<arg>GY</arg>
<arg>HK</arg>
<arg>HM</arg>
<arg>HN</arg>
<arg>HR</arg>
<arg>HT</arg>
<arg>HU</arg>
<arg>ID</arg>
<arg>IE</arg>
<arg>IL</arg>
<arg>IM</arg>
<arg>IN</arg>
<arg>IO</arg>
<arg>IQ</arg>
<arg>IR</arg>
<arg>IS</arg>
<arg>IT</arg>
<arg>JE</arg>
<arg>JM</arg>
<arg>JO</arg>
<arg>JP</arg>
<arg>KE</arg>
<arg>KG</arg>
<arg>KH</arg>
<arg>KI</arg>
<arg>KM</arg>
<arg>KN</arg>
<arg>KP</arg>
<arg>KR</arg>
<arg>KW</arg>
<arg>KY</arg>
<arg>KZ</arg>
<arg>LA</arg>
<arg>LB</arg>
<arg>LC</arg>
<arg>LI</arg>
<arg>LK</arg>
<arg>LR</arg>
<arg>LS</arg>
<arg>LT</arg>
<arg>LU</arg>
<arg>LV</arg>
<arg>LY</arg>
<arg>MA</arg>
<arg>MC</arg>
<arg>MD</arg>
<arg>ME</arg>
<arg>MF</arg>
<arg>MG</arg>
<arg>MH</arg>
<arg>MK</arg>
<arg>ML</arg>
<arg>MM</arg>
<arg>MN</arg>
<arg>MO</arg>
<arg>MP</arg>
<arg>MQ</arg>
<arg>MR</arg>
<arg>MS</arg>
<arg>MT</arg>
<arg>MU</arg>
<arg>MV</arg>
<arg>MW</arg>
<arg>MX</arg>
<arg>MY</arg>
<arg>MZ</arg>
<arg>NA</arg>
<arg>NC</arg>
<arg>NE</arg>
<arg>NF</arg>
<arg>NG</arg>
<arg>NI</arg>
<arg>NL</arg>
<arg>NO</arg>
<arg>NP</arg>
<arg>NR</arg>
<arg>NU</arg>
<arg>NZ</arg>
<arg>OM</arg>
<arg>PA</arg>
<arg>PE</arg>
<arg>PF</arg>
<arg>PG</arg>
<arg>PH</arg>
<arg>PK</arg>
<arg>PL</arg>
<arg>PM</arg>
<arg>PN</arg>
<arg>PR</arg>
<arg>PS</arg>
<arg>PT</arg>
<arg>PW</arg>
<arg>PY</arg>
<arg>QA</arg>
<arg>RE</arg>
<arg>RO</arg>
<arg>RS</arg>
<arg>RU</arg>
<arg>RW</arg>
<arg>SA</arg>
<arg>SB</arg>
<arg>SC</arg>
<arg>SD</arg>
<arg>SE</arg>
<arg>SG</arg>
<arg>SH</arg>
<arg>SI</arg>
<arg>SJ</arg>
<arg>SK</arg>
<arg>SL</arg>
<arg>SM</arg>
<arg>SN</arg>
<arg>SO</arg>
<arg>SR</arg>
<arg>SS</arg>
<arg>ST</arg>
<arg>SV</arg>
<arg>SX</arg>
<arg>SY</arg>
<arg>SZ</arg>
<arg>TC</arg>
<arg>TD</arg>
<arg>TF</arg>
<arg>TG</arg>
<arg>TH</arg>
<arg>TJ</arg>
<arg>TK</arg>
<arg>TL</arg>
<arg>TM</arg>
<arg>TN</arg>
<arg>TO</arg>
<arg>TR</arg>
<arg>TT</arg>
<arg>TV</arg>
<arg>TW</arg>
<arg>TZ</arg>
<arg>UA</arg>
<arg>UG</arg>
<arg>UM</arg>
<arg>US</arg>
<arg>UY</arg>
<arg>UZ</arg>
<arg>VA</arg>
<arg>VC</arg>
<arg>VE</arg>
<arg>VG</arg>
<arg>VI</arg>
<arg>VN</arg>
<arg>VU</arg>
<arg>WF</arg>
<arg>WS</arg>
<arg>XK</arg>
<arg>YE</arg>
<arg>YT</arg>
<arg>ZA</arg>
<arg>ZM</arg>
<arg>ZW</arg>
<doc>Returns a list containing given items.</doc>
<status status="PASS" start="2024-07-17T07:15:19.992491" elapsed="0.000614"/>
</kw>
<kw name="List Should Contain Value" owner="Collections">
<arg>${list_country}</arg>
<arg>${name_country}</arg>
<doc>Fails if the ``value`` is not found from ``list``.</doc>
<status status="PASS" start="2024-07-17T07:15:19.993893" elapsed="0.000234"/>
</kw>
<kw name="Run Keyword If" owner="BuiltIn">
<kw name="Should Be True" owner="BuiltIn">
<arg>${True}</arg>
<doc>Fails if the given condition is not true.</doc>
<status status="PASS" start="2024-07-17T07:15:19.995058" elapsed="0.000140"/>
</kw>
<arg>${json_data["results"][0]["location"]["coordinates"]["latitude"]} &gt;= -90 and ${json_data["results"][0]["location"]["coordinates"]["latitude"]} &lt;= 90</arg>
<arg>Should Be True</arg>
<arg>${True}</arg>
<doc>Runs the given keyword with the given arguments, if ``condition`` is true.</doc>
<status status="PASS" start="2024-07-17T07:15:19.994333" elapsed="0.000987"/>
</kw>
<kw name="Run Keyword If" owner="BuiltIn">
<kw name="Should Be True" owner="BuiltIn">
<arg>${True}</arg>
<doc>Fails if the given condition is not true.</doc>
<status status="PASS" start="2024-07-17T07:15:19.996185" elapsed="0.000234"/>
</kw>
<arg>${json_data["results"][0]["location"]["coordinates"]["longitude"]} &gt;= -180 and ${json_data["results"][0]["location"]["coordinates"]["longitude"]} &lt;= 180</arg>
<arg>Should Be True</arg>
<arg>${True}</arg>
<doc>Runs the given keyword with the given arguments, if ``condition`` is true.</doc>
<status status="PASS" start="2024-07-17T07:15:19.995497" elapsed="0.001047"/>
</kw>
<status status="PASS" start="2024-07-17T07:15:19.689674" elapsed="0.306999"/>
</kw>
<doc>Testa o conteúdo específico dos campos retornados pela API.</doc>
<tag>testeConteudo</tag>
<status status="PASS" start="2024-07-17T07:15:19.689138" elapsed="0.307681"/>
</test>
<status status="PASS" start="2024-07-17T07:15:18.813094" elapsed="1.185740"/>
</suite>
<status status="PASS" start="2024-07-17T07:15:18.798924" elapsed="1.205034"/>
</suite>
<statistics>
<total>
<stat pass="5" fail="0" skip="0">All Tests</stat>
</total>
<tag>
<stat pass="1" fail="0" skip="0">testeConteudo</stat>
<stat pass="1" fail="0" skip="0">testeEstruturaResposta</stat>
<stat pass="1" fail="0" skip="0">testeRequisicaoBasica</stat>
<stat pass="1" fail="0" skip="0">testeTiposDados</stat>
</tag>
<suite>
<stat pass="5" fail="0" skip="0" id="s1" name="Tests">Tests</stat>
<stat pass="5" fail="0" skip="0" id="s1-s1" name="Random-User-Test">Tests.Random-User-Test</stat>
</suite>
</statistics>
<errors>
</errors>
</robot>
