<?xml version="1.0" encoding="UTF-8"?>
<robot generator="Robot 7.0 (Python 3.12.3 on linux)" generated="2024-05-06T10:15:06.605651" rpa="false" schemaversion="5">
<suite id="s1" name="Tests" source="/home/runner/work/DesafioQAItauRogerioJordao/DesafioQAItauRogerioJordao/RamdonUser/tests">
<suite id="s1-s1" name="Random-User-Test" source="/home/runner/work/DesafioQAItauRogerioJordao/DesafioQAItauRogerioJordao/RamdonUser/tests/random-user-test.robot">
<test id="s1-s1-t1" name="Conectar" line="13">
<kw name="Conectar API" owner="random-user-service">
<kw name="Create Session" owner="RequestsLibrary">
<msg time="2024-05-06T10:15:06.985246" level="INFO">Creating Session using : alias=consultarAPI, url=https://randomuser.me/, headers={},                     cookies={}, auth=None, timeout=None, proxies=None, verify=False,                     debug=0 </msg>
<arg>consultarAPI</arg>
<arg>${URL}</arg>
<doc>Create Session: create a HTTP session to a server</doc>
<status status="PASS" start="2024-05-06T10:15:06.985057" elapsed="0.000373"/>
</kw>
<status status="PASS" start="2024-05-06T10:15:06.984151" elapsed="0.001630"/>
</kw>
<status status="PASS" start="2024-05-06T10:15:06.983635" elapsed="0.002345"/>
</test>
<test id="s1-s1-t2" name="Validar retorno 200 e JSON Válido" line="16">
<kw name="Teste de Requisicao Basica" owner="random-user-service">
<kw name="GET On Session" owner="RequestsLibrary">
<msg time="2024-05-06T10:15:07.116391" level="INFO">GET Request : url=https://randomuser.me/api 
 path_url=/api 
 headers={'User-Agent': 'python-requests/2.31.0', 'Accept-Encoding': 'gzip, deflate', 'Accept': '*/*', 'Connection': 'keep-alive'} 
 body=None 
 </msg>
<msg time="2024-05-06T10:15:07.116561" level="INFO">GET Response : url=https://randomuser.me/api 
 status=200, reason=OK 
 headers={'Date': 'Mon, 06 May 2024 10:15:07 GMT', 'Content-Type': 'application/json; charset=utf-8', 'Transfer-Encoding': 'chunked', 'Connection': 'keep-alive', 'X-Powered-By': 'Express', 'Access-Control-Allow-Origin': '*', 'Cache-Control': 'no-cache', 'ETag': 'W/"49b-AXjeNycDw6PKyW6P55jJFeS3D9Q"', 'Vary': 'Accept-Encoding', 'Content-Encoding': 'gzip', 'CF-Cache-Status': 'DYNAMIC', 'Report-To': '{"endpoints":[{"url":"https:\\/\\/a.nel.cloudflare.com\\/report\\/v4?s=BaJB%2F0sJYWUVMnOt7QslvEtOJpLg0WJevLRIcIqcWnJF1iZeeFGZkIt5%2F0y1URJLChxWXsLUjXJKhutvVcMteh2UxvFu4WEvHM7Jt%2B3qEoKFA4owld5eRX6nqeDV4gnV"}],"group":"cf-nel","max_age":604800}', 'NEL': '{"success_fraction":0,"report_to":"cf-nel","max_age":604800}', 'Server': 'cloudflare', 'CF-RAY': '87f8350ce84d982b-SJC', 'alt-svc': 'h3=":443"; ma=86400'} 
 body={"results":[{"gender":"female","name":{"title":"Ms","first":"Tamara","last":"Aleksić"},"location":{"street":{"number":7689,"name":"Miluna Marovića"},"city":"Kosovo Polje","state":"Zaječar","country":"Serbia","postcode":89070,"coordinates":{"latitude":"57.8987","longitude":"128.7136"},"timezone":{"offset":"+5:30","description":"Bombay, Calcutta, Madras, New Delhi"}},"email":"tamara.aleksic@example.com","login":{"uuid":"d0fbc85f-e90b-499c-bd0d-fdf72a0926f5","username":"ticklishwolf881","password":"2626","salt":"KcUJJVS3","md5":"8afb9c70a0c163573375b45776cefc77","sha1":"748e8b3e186dde38608b8bc4471bf4fbea275be3","sha256":"929b4237fa5282256de1b194ee800485bed7519b189a7166d88e832856246a63"},"dob":{"date":"2001-03-25T00:03:36.128Z","age":23},"registered":{"date":"2011-04-07T09:19:51.132Z","age":13},"phone":"030-5139-374","cell":"065-5852-474","id":{"name":"SID","value":"332667957"},"picture":{"large":"https://randomuser.me/api/portraits/women/16.jpg","medium":"https://randomuser.me/api/portraits/med/women/16.jpg","thumbnail":"https://randomuser.me/api/portraits/thumb/women/16.jpg"},"nat":"RS"}],"info":{"seed":"6f2b4290043fa7d6","results":1,"page":1,"version":"1.4"}} 
 </msg>
<msg time="2024-05-06T10:15:07.116664" level="INFO">/opt/hostedtoolcache/Python/3.12.3/x64/lib/python3.12/site-packages/urllib3/connectionpool.py:1103: InsecureRequestWarning: Unverified HTTPS request is being made to host 'randomuser.me'. Adding certificate verification is strongly advised. See: https://urllib3.readthedocs.io/en/latest/advanced-usage.html#tls-warnings
  warnings.warn(</msg>
<msg time="2024-05-06T10:15:07.116802" level="INFO">${response} = &lt;Response [200]&gt;</msg>
<var>${response}</var>
<arg>consultarAPI</arg>
<arg>/api</arg>
<doc>Sends a GET request on a previously created HTTP Session.</doc>
<status status="PASS" start="2024-05-06T10:15:06.988565" elapsed="0.128281"/>
</kw>
<kw name="Should Be Equal As Numbers" owner="BuiltIn">
<msg time="2024-05-06T10:15:07.117968" level="INFO">Argument types are:
&lt;class 'int'&gt;
&lt;class 'str'&gt;</msg>
<arg>${response.status_code}</arg>
<arg>200</arg>
<doc>Fails if objects are unequal after converting them to real numbers.</doc>
<status status="PASS" start="2024-05-06T10:15:07.117485" elapsed="0.000550"/>
</kw>
<kw name="Log" owner="BuiltIn">
<msg time="2024-05-06T10:15:07.118727" level="INFO">200</msg>
<arg>${response.status_code}</arg>
<doc>Logs the given message with the given level.</doc>
<status status="PASS" start="2024-05-06T10:15:07.118370" elapsed="0.000402"/>
</kw>
<kw name="Set Variable" owner="BuiltIn">
<msg time="2024-05-06T10:15:07.119531" level="INFO">${json_data} = {'results': [{'gender': 'female', 'name': {'title': 'Ms', 'first': 'Tamara', 'last': 'Aleksić'}, 'location': {'street': {'number': 7689, 'name': 'Miluna Marovića'}, 'city': 'Kosovo Polje', 'state': 'Z...</msg>
<var>${json_data}</var>
<arg>${response.json()}</arg>
<doc>Returns the given values which can then be assigned to a variables.</doc>
<status status="PASS" start="2024-05-06T10:15:07.119082" elapsed="0.000479"/>
</kw>
<kw name="Dictionary Should Contain Key" owner="Collections">
<msg time="2024-05-06T10:15:07.120041" level="INFO">False</msg>
<arg>${json_data}</arg>
<arg>results</arg>
<doc>Fails if ``key`` is not found from ``dictionary``.</doc>
<status status="PASS" start="2024-05-06T10:15:07.119870" elapsed="0.000212"/>
</kw>
<status status="PASS" start="2024-05-06T10:15:06.988317" elapsed="0.132032"/>
</kw>
<doc>Testa se a API responde corretamente e retorna um objeto JSON válido.</doc>
<tag>testeRequisicaoBasica</tag>
<status status="PASS" start="2024-05-06T10:15:06.987852" elapsed="0.132687"/>
</test>
<test id="s1-s1-t3" name="Validar estrutura de resposta" line="22">
<kw name="Teste de Estrutura de Resposta" owner="random-user-service">
<kw name="GET On Session" owner="RequestsLibrary">
<msg time="2024-05-06T10:15:07.227946" level="INFO">GET Request : url=https://randomuser.me/api 
 path_url=/api 
 headers={'User-Agent': 'python-requests/2.31.0', 'Accept-Encoding': 'gzip, deflate', 'Accept': '*/*', 'Connection': 'keep-alive'} 
 body=None 
 </msg>
<msg time="2024-05-06T10:15:07.228027" level="INFO">GET Response : url=https://randomuser.me/api 
 status=200, reason=OK 
 headers={'Date': 'Mon, 06 May 2024 10:15:07 GMT', 'Content-Type': 'application/json; charset=utf-8', 'Transfer-Encoding': 'chunked', 'Connection': 'keep-alive', 'X-Powered-By': 'Express', 'Access-Control-Allow-Origin': '*', 'Cache-Control': 'no-cache', 'ETag': 'W/"49b-QAihHZVBPcnu7FCmdn6ax5+/iuk"', 'Vary': 'Accept-Encoding', 'Content-Encoding': 'gzip', 'CF-Cache-Status': 'DYNAMIC', 'Report-To': '{"endpoints":[{"url":"https:\\/\\/a.nel.cloudflare.com\\/report\\/v4?s=3WEn4an4dquR3K0k8boaLfwDWxvcyLqs1oWBymqcQDsrF8Fp0k8%2FDb707c6yegd5fAT76%2FjobCnVHFqPbkMJ00dCCEZ0qbc9uFyopdYqwaBWY5ddvkL9Rtp8Np2abTKI"}],"group":"cf-nel","max_age":604800}', 'NEL': '{"success_fraction":0,"report_to":"cf-nel","max_age":604800}', 'Server': 'cloudflare', 'CF-RAY': '87f8350d889b982b-SJC', 'alt-svc': 'h3=":443"; ma=86400'} 
 body={"results":[{"gender":"female","name":{"title":"Miss","first":"Diana","last":"Snyder"},"location":{"street":{"number":4427,"name":"George Street"},"city":"Wakefield","state":"Cambridgeshire","country":"United Kingdom","postcode":"I94 7AB","coordinates":{"latitude":"-12.6338","longitude":"179.7999"},"timezone":{"offset":"-11:00","description":"Midway Island, Samoa"}},"email":"diana.snyder@example.com","login":{"uuid":"4d3073e1-e044-4457-94c0-6d3b0c4df86c","username":"beautifulkoala857","password":"saturn","salt":"astsuEZq","md5":"22c1263c17d7949b4095c583a7fc095b","sha1":"b79c96773b235fbb40ae1d6b3dc71f412a37e92a","sha256":"44f48174730a5dc37e1c8ee09738410b5233d62eceae28e52a0137a8a1f75afb"},"dob":{"date":"1956-03-19T00:21:09.023Z","age":68},"registered":{"date":"2016-10-03T10:32:13.151Z","age":7},"phone":"016977 0010","cell":"07295 837980","id":{"name":"NINO","value":"RN 87 65 43 C"},"picture":{"large":"https://randomuser.me/api/portraits/women/1.jpg","medium":"https://randomuser.me/api/portraits/med/women/1.jpg","thumbnail":"https://randomuser.me/api/portraits/thumb/women/1.jpg"},"nat":"GB"}],"info":{"seed":"0b150113d81c48cd","results":1,"page":1,"version":"1.4"}} 
 </msg>
<msg time="2024-05-06T10:15:07.228133" level="INFO">/opt/hostedtoolcache/Python/3.12.3/x64/lib/python3.12/site-packages/urllib3/connectionpool.py:1103: InsecureRequestWarning: Unverified HTTPS request is being made to host 'randomuser.me'. Adding certificate verification is strongly advised. See: https://urllib3.readthedocs.io/en/latest/advanced-usage.html#tls-warnings
  warnings.warn(</msg>
<msg time="2024-05-06T10:15:07.228234" level="INFO">${response} = &lt;Response [200]&gt;</msg>
<var>${response}</var>
<arg>consultarAPI</arg>
<arg>/api</arg>
<doc>Sends a GET request on a previously created HTTP Session.</doc>
<status status="PASS" start="2024-05-06T10:15:07.123317" elapsed="0.104960"/>
</kw>
<kw name="Set Variable" owner="BuiltIn">
<msg time="2024-05-06T10:15:07.229301" level="INFO">${json_data} = {'results': [{'gender': 'female', 'name': {'title': 'Miss', 'first': 'Diana', 'last': 'Snyder'}, 'location': {'street': {'number': 4427, 'name': 'George Street'}, 'city': 'Wakefield', 'state': 'Cambri...</msg>
<var>${json_data}</var>
<arg>${response.json()}</arg>
<doc>Returns the given values which can then be assigned to a variables.</doc>
<status status="PASS" start="2024-05-06T10:15:07.228726" elapsed="0.000639"/>
</kw>
<kw name="Log" owner="BuiltIn">
<msg time="2024-05-06T10:15:07.229842" level="INFO">{'results': [{'gender': 'female', 'name': {'title': 'Miss', 'first': 'Diana', 'last': 'Snyder'}, 'location': {'street': {'number': 4427, 'name': 'George Street'}, 'city': 'Wakefield', 'state': 'Cambridgeshire', 'country': 'United Kingdom', 'postcode': 'I94 7AB', 'coordinates': {'latitude': '-12.6338', 'longitude': '179.7999'}, 'timezone': {'offset': '-11:00', 'description': 'Midway Island, Samoa'}}, 'email': 'diana.snyder@example.com', 'login': {'uuid': '4d3073e1-e044-4457-94c0-6d3b0c4df86c', 'username': 'beautifulkoala857', 'password': 'saturn', 'salt': 'astsuEZq', 'md5': '22c1263c17d7949b4095c583a7fc095b', 'sha1': 'b79c96773b235fbb40ae1d6b3dc71f412a37e92a', 'sha256': '44f48174730a5dc37e1c8ee09738410b5233d62eceae28e52a0137a8a1f75afb'}, 'dob': {'date': '1956-03-19T00:21:09.023Z', 'age': 68}, 'registered': {'date': '2016-10-03T10:32:13.151Z', 'age': 7}, 'phone': '016977 0010', 'cell': '07295 837980', 'id': {'name': 'NINO', 'value': 'RN 87 65 43 C'}, 'picture': {'large': 'https://randomuser.me/api/portraits/women/1.jpg', 'medium': 'https://randomuser.me/api/portraits/med/women/1.jpg', 'thumbnail': 'https://randomuser.me/api/portraits/thumb/women/1.jpg'}, 'nat': 'GB'}], 'info': {'seed': '0b150113d81c48cd', 'results': 1, 'page': 1, 'version': '1.4'}}</msg>
<arg>${json_data}</arg>
<doc>Logs the given message with the given level.</doc>
<status status="PASS" start="2024-05-06T10:15:07.229683" elapsed="0.000209"/>
</kw>
<kw name="Dictionary Should Contain Key" owner="Collections">
<msg time="2024-05-06T10:15:07.230353" level="INFO">False</msg>
<arg>${json_data}</arg>
<arg>results</arg>
<doc>Fails if ``key`` is not found from ``dictionary``.</doc>
<status status="PASS" start="2024-05-06T10:15:07.230193" elapsed="0.000198"/>
</kw>
<kw name="Should Not Be Empty" owner="BuiltIn">
<msg time="2024-05-06T10:15:07.230816" level="INFO">Length is 2.</msg>
<arg>${json_data}</arg>
<doc>Verifies that the given item is not empty.</doc>
<status status="PASS" start="2024-05-06T10:15:07.230686" elapsed="0.000302"/>
</kw>
<kw name="Create List" owner="BuiltIn">
<msg time="2024-05-06T10:15:07.231441" level="INFO">${expected_keys} = ['gender', 'name', 'location', 'email', 'login']</msg>
<var>${expected_keys}</var>
<arg>gender</arg>
<arg>name</arg>
<arg>location</arg>
<arg>email</arg>
<arg>login</arg>
<doc>Returns a list containing given items.</doc>
<status status="PASS" start="2024-05-06T10:15:07.231286" elapsed="0.000180"/>
</kw>
<for flavor="IN">
<iter>
<kw name="Dictionary Should Contain Key" owner="Collections">
<msg time="2024-05-06T10:15:07.232454" level="INFO">False</msg>
<arg>${json_data['results'][0]}</arg>
<arg>${key}</arg>
<doc>Fails if ``key`` is not found from ``dictionary``.</doc>
<status status="PASS" start="2024-05-06T10:15:07.232047" elapsed="0.000447"/>
</kw>
<kw name="Log" owner="BuiltIn">
<msg time="2024-05-06T10:15:07.233155" level="INFO">{'gender': 'female', 'name': {'title': 'Miss', 'first': 'Diana', 'last': 'Snyder'}, 'location': {'street': {'number': 4427, 'name': 'George Street'}, 'city': 'Wakefield', 'state': 'Cambridgeshire', 'country': 'United Kingdom', 'postcode': 'I94 7AB', 'coordinates': {'latitude': '-12.6338', 'longitude': '179.7999'}, 'timezone': {'offset': '-11:00', 'description': 'Midway Island, Samoa'}}, 'email': 'diana.snyder@example.com', 'login': {'uuid': '4d3073e1-e044-4457-94c0-6d3b0c4df86c', 'username': 'beautifulkoala857', 'password': 'saturn', 'salt': 'astsuEZq', 'md5': '22c1263c17d7949b4095c583a7fc095b', 'sha1': 'b79c96773b235fbb40ae1d6b3dc71f412a37e92a', 'sha256': '44f48174730a5dc37e1c8ee09738410b5233d62eceae28e52a0137a8a1f75afb'}, 'dob': {'date': '1956-03-19T00:21:09.023Z', 'age': 68}, 'registered': {'date': '2016-10-03T10:32:13.151Z', 'age': 7}, 'phone': '016977 0010', 'cell': '07295 837980', 'id': {'name': 'NINO', 'value': 'RN 87 65 43 C'}, 'picture': {'large': 'https://randomuser.me/api/portraits/women/1.jpg', 'medium': 'https://randomuser.me/api/portraits/med/women/1.jpg', 'thumbnail': 'https://randomuser.me/api/portraits/thumb/women/1.jpg'}, 'nat': 'GB'}</msg>
<arg>${json_data['results'][0]}</arg>
<doc>Logs the given message with the given level.</doc>
<status status="PASS" start="2024-05-06T10:15:07.232794" elapsed="0.000411"/>
</kw>
<kw name="Log" owner="BuiltIn">
<msg time="2024-05-06T10:15:07.233667" level="INFO">gender</msg>
<arg>${key}</arg>
<doc>Logs the given message with the given level.</doc>
<status status="PASS" start="2024-05-06T10:15:07.233535" elapsed="0.000171"/>
</kw>
<var name="${key}">gender</var>
<status status="PASS" start="2024-05-06T10:15:07.231913" elapsed="0.002009"/>
</iter>
<iter>
<kw name="Dictionary Should Contain Key" owner="Collections">
<msg time="2024-05-06T10:15:07.234617" level="INFO">False</msg>
<arg>${json_data['results'][0]}</arg>
<arg>${key}</arg>
<doc>Fails if ``key`` is not found from ``dictionary``.</doc>
<status status="PASS" start="2024-05-06T10:15:07.234229" elapsed="0.000427"/>
</kw>
<kw name="Log" owner="BuiltIn">
<msg time="2024-05-06T10:15:07.235350" level="INFO">{'gender': 'female', 'name': {'title': 'Miss', 'first': 'Diana', 'last': 'Snyder'}, 'location': {'street': {'number': 4427, 'name': 'George Street'}, 'city': 'Wakefield', 'state': 'Cambridgeshire', 'country': 'United Kingdom', 'postcode': 'I94 7AB', 'coordinates': {'latitude': '-12.6338', 'longitude': '179.7999'}, 'timezone': {'offset': '-11:00', 'description': 'Midway Island, Samoa'}}, 'email': 'diana.snyder@example.com', 'login': {'uuid': '4d3073e1-e044-4457-94c0-6d3b0c4df86c', 'username': 'beautifulkoala857', 'password': 'saturn', 'salt': 'astsuEZq', 'md5': '22c1263c17d7949b4095c583a7fc095b', 'sha1': 'b79c96773b235fbb40ae1d6b3dc71f412a37e92a', 'sha256': '44f48174730a5dc37e1c8ee09738410b5233d62eceae28e52a0137a8a1f75afb'}, 'dob': {'date': '1956-03-19T00:21:09.023Z', 'age': 68}, 'registered': {'date': '2016-10-03T10:32:13.151Z', 'age': 7}, 'phone': '016977 0010', 'cell': '07295 837980', 'id': {'name': 'NINO', 'value': 'RN 87 65 43 C'}, 'picture': {'large': 'https://randomuser.me/api/portraits/women/1.jpg', 'medium': 'https://randomuser.me/api/portraits/med/women/1.jpg', 'thumbnail': 'https://randomuser.me/api/portraits/thumb/women/1.jpg'}, 'nat': 'GB'}</msg>
<arg>${json_data['results'][0]}</arg>
<doc>Logs the given message with the given level.</doc>
<status status="PASS" start="2024-05-06T10:15:07.234982" elapsed="0.000419"/>
</kw>
<kw name="Log" owner="BuiltIn">
<msg time="2024-05-06T10:15:07.235826" level="INFO">name</msg>
<arg>${key}</arg>
<doc>Logs the given message with the given level.</doc>
<status status="PASS" start="2024-05-06T10:15:07.235700" elapsed="0.000163"/>
</kw>
<var name="${key}">name</var>
<status status="PASS" start="2024-05-06T10:15:07.234112" elapsed="0.001966"/>
</iter>
<iter>
<kw name="Dictionary Should Contain Key" owner="Collections">
<msg time="2024-05-06T10:15:07.236757" level="INFO">False</msg>
<arg>${json_data['results'][0]}</arg>
<arg>${key}</arg>
<doc>Fails if ``key`` is not found from ``dictionary``.</doc>
<status status="PASS" start="2024-05-06T10:15:07.236373" elapsed="0.000421"/>
</kw>
<kw name="Log" owner="BuiltIn">
<msg time="2024-05-06T10:15:07.237493" level="INFO">{'gender': 'female', 'name': {'title': 'Miss', 'first': 'Diana', 'last': 'Snyder'}, 'location': {'street': {'number': 4427, 'name': 'George Street'}, 'city': 'Wakefield', 'state': 'Cambridgeshire', 'country': 'United Kingdom', 'postcode': 'I94 7AB', 'coordinates': {'latitude': '-12.6338', 'longitude': '179.7999'}, 'timezone': {'offset': '-11:00', 'description': 'Midway Island, Samoa'}}, 'email': 'diana.snyder@example.com', 'login': {'uuid': '4d3073e1-e044-4457-94c0-6d3b0c4df86c', 'username': 'beautifulkoala857', 'password': 'saturn', 'salt': 'astsuEZq', 'md5': '22c1263c17d7949b4095c583a7fc095b', 'sha1': 'b79c96773b235fbb40ae1d6b3dc71f412a37e92a', 'sha256': '44f48174730a5dc37e1c8ee09738410b5233d62eceae28e52a0137a8a1f75afb'}, 'dob': {'date': '1956-03-19T00:21:09.023Z', 'age': 68}, 'registered': {'date': '2016-10-03T10:32:13.151Z', 'age': 7}, 'phone': '016977 0010', 'cell': '07295 837980', 'id': {'name': 'NINO', 'value': 'RN 87 65 43 C'}, 'picture': {'large': 'https://randomuser.me/api/portraits/women/1.jpg', 'medium': 'https://randomuser.me/api/portraits/med/women/1.jpg', 'thumbnail': 'https://randomuser.me/api/portraits/thumb/women/1.jpg'}, 'nat': 'GB'}</msg>
<arg>${json_data['results'][0]}</arg>
<doc>Logs the given message with the given level.</doc>
<status status="PASS" start="2024-05-06T10:15:07.237094" elapsed="0.000447"/>
</kw>
<kw name="Log" owner="BuiltIn">
<msg time="2024-05-06T10:15:07.237965" level="INFO">location</msg>
<arg>${key}</arg>
<doc>Logs the given message with the given level.</doc>
<status status="PASS" start="2024-05-06T10:15:07.237839" elapsed="0.000164"/>
</kw>
<var name="${key}">location</var>
<status status="PASS" start="2024-05-06T10:15:07.236260" elapsed="0.001956"/>
</iter>
<iter>
<kw name="Dictionary Should Contain Key" owner="Collections">
<msg time="2024-05-06T10:15:07.238983" level="INFO">False</msg>
<arg>${json_data['results'][0]}</arg>
<arg>${key}</arg>
<doc>Fails if ``key`` is not found from ``dictionary``.</doc>
<status status="PASS" start="2024-05-06T10:15:07.238511" elapsed="0.000511"/>
</kw>
<kw name="Log" owner="BuiltIn">
<msg time="2024-05-06T10:15:07.239696" level="INFO">{'gender': 'female', 'name': {'title': 'Miss', 'first': 'Diana', 'last': 'Snyder'}, 'location': {'street': {'number': 4427, 'name': 'George Street'}, 'city': 'Wakefield', 'state': 'Cambridgeshire', 'country': 'United Kingdom', 'postcode': 'I94 7AB', 'coordinates': {'latitude': '-12.6338', 'longitude': '179.7999'}, 'timezone': {'offset': '-11:00', 'description': 'Midway Island, Samoa'}}, 'email': 'diana.snyder@example.com', 'login': {'uuid': '4d3073e1-e044-4457-94c0-6d3b0c4df86c', 'username': 'beautifulkoala857', 'password': 'saturn', 'salt': 'astsuEZq', 'md5': '22c1263c17d7949b4095c583a7fc095b', 'sha1': 'b79c96773b235fbb40ae1d6b3dc71f412a37e92a', 'sha256': '44f48174730a5dc37e1c8ee09738410b5233d62eceae28e52a0137a8a1f75afb'}, 'dob': {'date': '1956-03-19T00:21:09.023Z', 'age': 68}, 'registered': {'date': '2016-10-03T10:32:13.151Z', 'age': 7}, 'phone': '016977 0010', 'cell': '07295 837980', 'id': {'name': 'NINO', 'value': 'RN 87 65 43 C'}, 'picture': {'large': 'https://randomuser.me/api/portraits/women/1.jpg', 'medium': 'https://randomuser.me/api/portraits/med/women/1.jpg', 'thumbnail': 'https://randomuser.me/api/portraits/thumb/women/1.jpg'}, 'nat': 'GB'}</msg>
<arg>${json_data['results'][0]}</arg>
<doc>Logs the given message with the given level.</doc>
<status status="PASS" start="2024-05-06T10:15:07.239331" elapsed="0.000412"/>
</kw>
<kw name="Log" owner="BuiltIn">
<msg time="2024-05-06T10:15:07.240165" level="INFO">email</msg>
<arg>${key}</arg>
<doc>Logs the given message with the given level.</doc>
<status status="PASS" start="2024-05-06T10:15:07.240039" elapsed="0.000163"/>
</kw>
<var name="${key}">email</var>
<status status="PASS" start="2024-05-06T10:15:07.238391" elapsed="0.002023"/>
</iter>
<iter>
<kw name="Dictionary Should Contain Key" owner="Collections">
<msg time="2024-05-06T10:15:07.241074" level="INFO">False</msg>
<arg>${json_data['results'][0]}</arg>
<arg>${key}</arg>
<doc>Fails if ``key`` is not found from ``dictionary``.</doc>
<status status="PASS" start="2024-05-06T10:15:07.240697" elapsed="0.000416"/>
</kw>
<kw name="Log" owner="BuiltIn">
<msg time="2024-05-06T10:15:07.241813" level="INFO">{'gender': 'female', 'name': {'title': 'Miss', 'first': 'Diana', 'last': 'Snyder'}, 'location': {'street': {'number': 4427, 'name': 'George Street'}, 'city': 'Wakefield', 'state': 'Cambridgeshire', 'country': 'United Kingdom', 'postcode': 'I94 7AB', 'coordinates': {'latitude': '-12.6338', 'longitude': '179.7999'}, 'timezone': {'offset': '-11:00', 'description': 'Midway Island, Samoa'}}, 'email': 'diana.snyder@example.com', 'login': {'uuid': '4d3073e1-e044-4457-94c0-6d3b0c4df86c', 'username': 'beautifulkoala857', 'password': 'saturn', 'salt': 'astsuEZq', 'md5': '22c1263c17d7949b4095c583a7fc095b', 'sha1': 'b79c96773b235fbb40ae1d6b3dc71f412a37e92a', 'sha256': '44f48174730a5dc37e1c8ee09738410b5233d62eceae28e52a0137a8a1f75afb'}, 'dob': {'date': '1956-03-19T00:21:09.023Z', 'age': 68}, 'registered': {'date': '2016-10-03T10:32:13.151Z', 'age': 7}, 'phone': '016977 0010', 'cell': '07295 837980', 'id': {'name': 'NINO', 'value': 'RN 87 65 43 C'}, 'picture': {'large': 'https://randomuser.me/api/portraits/women/1.jpg', 'medium': 'https://randomuser.me/api/portraits/med/women/1.jpg', 'thumbnail': 'https://randomuser.me/api/portraits/thumb/women/1.jpg'}, 'nat': 'GB'}</msg>
<arg>${json_data['results'][0]}</arg>
<doc>Logs the given message with the given level.</doc>
<status status="PASS" start="2024-05-06T10:15:07.241439" elapsed="0.000421"/>
</kw>
<kw name="Log" owner="BuiltIn">
<msg time="2024-05-06T10:15:07.242281" level="INFO">login</msg>
<arg>${key}</arg>
<doc>Logs the given message with the given level.</doc>
<status status="PASS" start="2024-05-06T10:15:07.242156" elapsed="0.000163"/>
</kw>
<var name="${key}">login</var>
<status status="PASS" start="2024-05-06T10:15:07.240586" elapsed="0.001974"/>
</iter>
<var>${key}</var>
<value>@{expected_keys}</value>
<status status="PASS" start="2024-05-06T10:15:07.231725" elapsed="0.010959"/>
</for>
<kw name="Create List" owner="BuiltIn">
<msg time="2024-05-06T10:15:07.243010" level="INFO">${expected_keysTwo} = ['username', 'password']</msg>
<var>${expected_keysTwo}</var>
<arg>username</arg>
<arg>password</arg>
<doc>Returns a list containing given items.</doc>
<status status="PASS" start="2024-05-06T10:15:07.242875" elapsed="0.000158"/>
</kw>
<for flavor="IN">
<iter>
<kw name="Dictionary Should Contain Key" owner="Collections">
<msg time="2024-05-06T10:15:07.243911" level="INFO">False</msg>
<arg>${json_data['results'][0]['login']}</arg>
<arg>${keyTwo}</arg>
<doc>Fails if ``key`` is not found from ``dictionary``.</doc>
<status status="PASS" start="2024-05-06T10:15:07.243525" elapsed="0.000424"/>
</kw>
<kw name="Dictionary Should Contain Key" owner="Collections">
<msg time="2024-05-06T10:15:07.244624" level="INFO">False</msg>
<arg>${json_data['results'][0]['login']}</arg>
<arg>${keyTwo}</arg>
<doc>Fails if ``key`` is not found from ``dictionary``.</doc>
<status status="PASS" start="2024-05-06T10:15:07.244243" elapsed="0.000418"/>
</kw>
<kw name="Log" owner="BuiltIn">
<msg time="2024-05-06T10:15:07.245074" level="INFO">username</msg>
<arg>${keyTwo}</arg>
<doc>Logs the given message with the given level.</doc>
<status status="PASS" start="2024-05-06T10:15:07.244950" elapsed="0.000165"/>
</kw>
<var name="${keyTwo}">username</var>
<status status="PASS" start="2024-05-06T10:15:07.243415" elapsed="0.001940"/>
</iter>
<iter>
<kw name="Dictionary Should Contain Key" owner="Collections">
<msg time="2024-05-06T10:15:07.246131" level="INFO">False</msg>
<arg>${json_data['results'][0]['login']}</arg>
<arg>${keyTwo}</arg>
<doc>Fails if ``key`` is not found from ``dictionary``.</doc>
<status status="PASS" start="2024-05-06T10:15:07.245646" elapsed="0.000525"/>
</kw>
<kw name="Dictionary Should Contain Key" owner="Collections">
<msg time="2024-05-06T10:15:07.246846" level="INFO">False</msg>
<arg>${json_data['results'][0]['login']}</arg>
<arg>${keyTwo}</arg>
<doc>Fails if ``key`` is not found from ``dictionary``.</doc>
<status status="PASS" start="2024-05-06T10:15:07.246468" elapsed="0.000416"/>
</kw>
<kw name="Log" owner="BuiltIn">
<msg time="2024-05-06T10:15:07.247300" level="INFO">password</msg>
<arg>${keyTwo}</arg>
<doc>Logs the given message with the given level.</doc>
<status status="PASS" start="2024-05-06T10:15:07.247175" elapsed="0.000163"/>
</kw>
<var name="${keyTwo}">password</var>
<status status="PASS" start="2024-05-06T10:15:07.245534" elapsed="0.002015"/>
</iter>
<var>${keyTwo}</var>
<value>@{expected_keysTwo}</value>
<status status="PASS" start="2024-05-06T10:15:07.243264" elapsed="0.004405"/>
</for>
<status status="PASS" start="2024-05-06T10:15:07.123076" elapsed="0.124733"/>
</kw>
<doc>Testa a estrutura da resposta da API.</doc>
<tag>testeEstruturaResposta</tag>
<status status="PASS" start="2024-05-06T10:15:07.122466" elapsed="0.125492"/>
</test>
<test id="s1-s1-t4" name="Validar tipos de dados" line="28">
<kw name="Teste de Tipos de Dados" owner="random-user-service">
<kw name="GET On Session" owner="RequestsLibrary">
<msg time="2024-05-06T10:15:07.347093" level="INFO">GET Request : url=https://randomuser.me/api 
 path_url=/api 
 headers={'User-Agent': 'python-requests/2.31.0', 'Accept-Encoding': 'gzip, deflate', 'Accept': '*/*', 'Connection': 'keep-alive'} 
 body=None 
 </msg>
<msg time="2024-05-06T10:15:07.347170" level="INFO">GET Response : url=https://randomuser.me/api 
 status=200, reason=OK 
 headers={'Date': 'Mon, 06 May 2024 10:15:07 GMT', 'Content-Type': 'application/json; charset=utf-8', 'Transfer-Encoding': 'chunked', 'Connection': 'keep-alive', 'X-Powered-By': 'Express', 'Access-Control-Allow-Origin': '*', 'Cache-Control': 'no-cache', 'ETag': 'W/"48d-/z35eX1HehTsSYyQbwCW8tlpkLo"', 'Vary': 'Accept-Encoding', 'Content-Encoding': 'gzip', 'CF-Cache-Status': 'DYNAMIC', 'Report-To': '{"endpoints":[{"url":"https:\\/\\/a.nel.cloudflare.com\\/report\\/v4?s=rVqOcVj1iqzx4X1op6CHPG11EUOU7ASqxzSd%2BLFTn%2BpRd%2BnuhGqbA0pjUN925ZLQL0MRzA38%2FBai%2FFWnJ%2Bgm3sAVmtlVAv3LzJa%2FUV8FZMn3TKPrb6skMV6SaB2o%2BUnp"}],"group":"cf-nel","max_age":604800}', 'NEL': '{"success_fraction":0,"report_to":"cf-nel","max_age":604800}', 'Server': 'cloudflare', 'CF-RAY': '87f8350e58df982b-SJC', 'alt-svc': 'h3=":443"; ma=86400'} 
 body={"results":[{"gender":"male","name":{"title":"Mr","first":"Gustavo","last":"Gutiérrez"},"location":{"street":{"number":910,"name":"Calle de Ferraz"},"city":"Santander","state":"Castilla y León","country":"Spain","postcode":29651,"coordinates":{"latitude":"-33.4970","longitude":"-143.9725"},"timezone":{"offset":"-7:00","description":"Mountain Time (US &amp; Canada)"}},"email":"gustavo.gutierrez@example.com","login":{"uuid":"76217c53-4a62-467f-acab-e1b1775b4516","username":"redpanda942","password":"sambo","salt":"qNxlzB9O","md5":"ff28e0eeb6aceca66b4be4595854e1d1","sha1":"943bcccb53cfb46c1dd9e6b8431533f9bbe8c17b","sha256":"0f20285e71f210d804578973393223b5c63aa8a72cc778e962c04756d376b4cc"},"dob":{"date":"1949-05-20T13:26:45.704Z","age":74},"registered":{"date":"2016-07-27T13:27:43.179Z","age":7},"phone":"944-372-303","cell":"639-974-856","id":{"name":"DNI","value":"62897659-K"},"picture":{"large":"https://randomuser.me/api/portraits/men/7.jpg","medium":"https://randomuser.me/api/portraits/med/men/7.jpg","thumbnail":"https://randomuser.me/api/portraits/thumb/men/7.jpg"},"nat":"ES"}],"info":{"seed":"20030b3a07094ff6","results":1,"page":1,"version":"1.4"}} 
 </msg>
<msg time="2024-05-06T10:15:07.347241" level="INFO">/opt/hostedtoolcache/Python/3.12.3/x64/lib/python3.12/site-packages/urllib3/connectionpool.py:1103: InsecureRequestWarning: Unverified HTTPS request is being made to host 'randomuser.me'. Adding certificate verification is strongly advised. See: https://urllib3.readthedocs.io/en/latest/advanced-usage.html#tls-warnings
  warnings.warn(</msg>
<msg time="2024-05-06T10:15:07.347342" level="INFO">${response} = &lt;Response [200]&gt;</msg>
<var>${response}</var>
<arg>consultarAPI</arg>
<arg>/api</arg>
<doc>Sends a GET request on a previously created HTTP Session.</doc>
<status status="PASS" start="2024-05-06T10:15:07.250511" elapsed="0.096871"/>
</kw>
<kw name="Set Variable" owner="BuiltIn">
<msg time="2024-05-06T10:15:07.348395" level="INFO">${json_data} = {'results': [{'gender': 'male', 'name': {'title': 'Mr', 'first': 'Gustavo', 'last': 'Gutiérrez'}, 'location': {'street': {'number': 910, 'name': 'Calle de Ferraz'}, 'city': 'Santander', 'state': 'Cast...</msg>
<var>${json_data}</var>
<arg>${response.json()}</arg>
<doc>Returns the given values which can then be assigned to a variables.</doc>
<status status="PASS" start="2024-05-06T10:15:07.347910" elapsed="0.000515"/>
</kw>
<kw name="Log" owner="BuiltIn">
<msg time="2024-05-06T10:15:07.348881" level="INFO">{'results': [{'gender': 'male', 'name': {'title': 'Mr', 'first': 'Gustavo', 'last': 'Gutiérrez'}, 'location': {'street': {'number': 910, 'name': 'Calle de Ferraz'}, 'city': 'Santander', 'state': 'Castilla y León', 'country': 'Spain', 'postcode': 29651, 'coordinates': {'latitude': '-33.4970', 'longitude': '-143.9725'}, 'timezone': {'offset': '-7:00', 'description': 'Mountain Time (US &amp; Canada)'}}, 'email': 'gustavo.gutierrez@example.com', 'login': {'uuid': '76217c53-4a62-467f-acab-e1b1775b4516', 'username': 'redpanda942', 'password': 'sambo', 'salt': 'qNxlzB9O', 'md5': 'ff28e0eeb6aceca66b4be4595854e1d1', 'sha1': '943bcccb53cfb46c1dd9e6b8431533f9bbe8c17b', 'sha256': '0f20285e71f210d804578973393223b5c63aa8a72cc778e962c04756d376b4cc'}, 'dob': {'date': '1949-05-20T13:26:45.704Z', 'age': 74}, 'registered': {'date': '2016-07-27T13:27:43.179Z', 'age': 7}, 'phone': '944-372-303', 'cell': '639-974-856', 'id': {'name': 'DNI', 'value': '62897659-K'}, 'picture': {'large': 'https://randomuser.me/api/portraits/men/7.jpg', 'medium': 'https://randomuser.me/api/portraits/med/men/7.jpg', 'thumbnail': 'https://randomuser.me/api/portraits/thumb/men/7.jpg'}, 'nat': 'ES'}], 'info': {'seed': '20030b3a07094ff6', 'results': 1, 'page': 1, 'version': '1.4'}}</msg>
<arg>${json_data}</arg>
<doc>Logs the given message with the given level.</doc>
<status status="PASS" start="2024-05-06T10:15:07.348727" elapsed="0.000237"/>
</kw>
<kw name="Should Be String" owner="String">
<arg>${json_data['results'][0]['gender']}</arg>
<doc>Fails if the given ``item`` is not a string.</doc>
<status status="PASS" start="2024-05-06T10:15:07.349261" elapsed="0.000403"/>
</kw>
<kw name="Should Match Regexp" owner="BuiltIn">
<arg>${json_data['results'][0]['email']}</arg>
<arg>^[a-zA-Z0-9._%+-]+@[a-zA-Z0-9.-]+\.[a-zA-Z]{2,}$</arg>
<doc>Fails if ``string`` does not match ``pattern`` as a regular expression.</doc>
<status status="PASS" start="2024-05-06T10:15:07.349858" elapsed="0.000504"/>
</kw>
<kw name="Should Match Regexp" owner="BuiltIn">
<arg>${json_data['results'][0]['dob']['date']}</arg>
<arg>\\d{4}-\\d{2}-\\d{2}T\\d{2}:\\d{2}:\\d{2}\\.\\d{3}Z</arg>
<doc>Fails if ``string`` does not match ``pattern`` as a regular expression.</doc>
<status status="PASS" start="2024-05-06T10:15:07.350554" elapsed="0.000485"/>
</kw>
<kw name="Should Match Regexp" owner="BuiltIn">
<arg>${json_data['results'][0]['registered']['date']}</arg>
<arg>\\d{4}-\\d{2}-\\d{2}T\\d{2}:\\d{2}:\\d{2}\\.\\d{3}Z</arg>
<doc>Fails if ``string`` does not match ``pattern`` as a regular expression.</doc>
<status status="PASS" start="2024-05-06T10:15:07.351229" elapsed="0.000365"/>
</kw>
<kw name="Should Match Regexp" owner="BuiltIn">
<arg>${json_data['results'][0]['picture']['large']}</arg>
<arg>^https?://.*\.(?:png|jpe?g|gif|bmp)$</arg>
<doc>Fails if ``string`` does not match ``pattern`` as a regular expression.</doc>
<status status="PASS" start="2024-05-06T10:15:07.351788" elapsed="0.000466"/>
</kw>
<kw name="Should Match Regexp" owner="BuiltIn">
<arg>${json_data['results'][0]['picture']['medium']}</arg>
<arg>^https?://.*\.(?:png|jpe?g|gif|bmp)$</arg>
<doc>Fails if ``string`` does not match ``pattern`` as a regular expression.</doc>
<status status="PASS" start="2024-05-06T10:15:07.352440" elapsed="0.000355"/>
</kw>
<kw name="Should Match Regexp" owner="BuiltIn">
<arg>${json_data['results'][0]['picture']['thumbnail']}</arg>
<arg>^https?://.*\.(?:png|jpe?g|gif|bmp)$</arg>
<doc>Fails if ``string`` does not match ``pattern`` as a regular expression.</doc>
<status status="PASS" start="2024-05-06T10:15:07.352982" elapsed="0.000378"/>
</kw>
<kw name="Log" owner="BuiltIn">
<msg time="2024-05-06T10:15:07.353883" level="INFO">{'large': 'https://randomuser.me/api/portraits/men/7.jpg', 'medium': 'https://randomuser.me/api/portraits/med/men/7.jpg', 'thumbnail': 'https://randomuser.me/api/portraits/thumb/men/7.jpg'}</msg>
<arg>${json_data['results'][0]['picture']}</arg>
<doc>Logs the given message with the given level.</doc>
<status status="PASS" start="2024-05-06T10:15:07.353559" elapsed="0.000366"/>
</kw>
<status status="PASS" start="2024-05-06T10:15:07.250286" elapsed="0.103897"/>
</kw>
<kw name="Teste de Tipos de Dados - Postcode" owner="random-user-service">
<kw name="GET On Session" owner="RequestsLibrary">
<msg time="2024-05-06T10:15:07.639825" level="INFO">GET Request : url=https://randomuser.me/api 
 path_url=/api 
 headers={'User-Agent': 'python-requests/2.31.0', 'Accept-Encoding': 'gzip, deflate', 'Accept': '*/*', 'Connection': 'keep-alive'} 
 body=None 
 </msg>
<msg time="2024-05-06T10:15:07.639916" level="INFO">GET Response : url=https://randomuser.me/api 
 status=200, reason=OK 
 headers={'Date': 'Mon, 06 May 2024 10:15:07 GMT', 'Content-Type': 'application/json; charset=utf-8', 'Transfer-Encoding': 'chunked', 'Connection': 'keep-alive', 'X-Powered-By': 'Express', 'Access-Control-Allow-Origin': '*', 'Cache-Control': 'no-cache', 'ETag': 'W/"4b2-Ph32a0/GpPxoylqi4vQYPH4QT/c"', 'Vary': 'Accept-Encoding', 'Content-Encoding': 'gzip', 'CF-Cache-Status': 'DYNAMIC', 'Report-To': '{"endpoints":[{"url":"https:\\/\\/a.nel.cloudflare.com\\/report\\/v4?s=GiGNHsJRs1pu%2FlRN4M2zpueB1QdJAViZvjkOvQcGcqN%2Fs8tFIlldh7nVxo6JM4OmxJTo%2FpvlQzP4hjl5njLrU0MZ%2FwnUfZcuYsxvUh%2FRldH1%2Bzgqry1M8IQp2MuE%2Fwmr"}],"group":"cf-nel","max_age":604800}', 'NEL': '{"success_fraction":0,"report_to":"cf-nel","max_age":604800}', 'Server': 'cloudflare', 'CF-RAY': '87f8350ef911982b-SJC', 'alt-svc': 'h3=":443"; ma=86400'} 
 body={"results":[{"gender":"female","name":{"title":"Miss","first":"Celestine","last":"Chevalier"},"location":{"street":{"number":3749,"name":"Avenue Goerges Clémenceau"},"city":"Toulouse","state":"Cantal","country":"France","postcode":33118,"coordinates":{"latitude":"-14.0129","longitude":"76.6920"},"timezone":{"offset":"-1:00","description":"Azores, Cape Verde Islands"}},"email":"celestine.chevalier@example.com","login":{"uuid":"222651e2-4af9-4790-b332-3ee8dec098ef","username":"blackelephant907","password":"charles","salt":"Q0JBIaRn","md5":"d3b111331f7bcb78265489dd2cd5d4cf","sha1":"0826df0579ac904bec8197c19c5f56ba43ce5eba","sha256":"9b229eaa9c04d776747b2e021f688ee25679febc9c6acdae90917758adb4e590"},"dob":{"date":"1996-12-25T17:33:46.590Z","age":27},"registered":{"date":"2013-06-15T15:57:49.192Z","age":10},"phone":"05-70-55-99-93","cell":"06-73-77-38-29","id":{"name":"INSEE","value":"2961125166008 88"},"picture":{"large":"https://randomuser.me/api/portraits/women/80.jpg","medium":"https://randomuser.me/api/portraits/med/women/80.jpg","thumbnail":"https://randomuser.me/api/portraits/thumb/women/80.jpg"},"nat":"FR"}],"info":{"seed":"0db1f89ad75ff8b8","results":1,"page":1,"version":"1.4"}} 
 </msg>
<msg time="2024-05-06T10:15:07.639988" level="INFO">/opt/hostedtoolcache/Python/3.12.3/x64/lib/python3.12/site-packages/urllib3/connectionpool.py:1103: InsecureRequestWarning: Unverified HTTPS request is being made to host 'randomuser.me'. Adding certificate verification is strongly advised. See: https://urllib3.readthedocs.io/en/latest/advanced-usage.html#tls-warnings
  warnings.warn(</msg>
<msg time="2024-05-06T10:15:07.640103" level="INFO">${response} = &lt;Response [200]&gt;</msg>
<var>${response}</var>
<arg>consultarAPI</arg>
<arg>/api</arg>
<doc>Sends a GET request on a previously created HTTP Session.</doc>
<status status="PASS" start="2024-05-06T10:15:07.354617" elapsed="0.285524"/>
</kw>
<kw name="Set Variable" owner="BuiltIn">
<msg time="2024-05-06T10:15:07.641223" level="INFO">${json_data} = {'results': [{'gender': 'female', 'name': {'title': 'Miss', 'first': 'Celestine', 'last': 'Chevalier'}, 'location': {'street': {'number': 3749, 'name': 'Avenue Goerges Clémenceau'}, 'city': 'Toulouse'...</msg>
<var>${json_data}</var>
<arg>${response.json()}</arg>
<doc>Returns the given values which can then be assigned to a variables.</doc>
<status status="PASS" start="2024-05-06T10:15:07.640692" elapsed="0.000561"/>
</kw>
<kw name="Log" owner="BuiltIn">
<msg time="2024-05-06T10:15:07.641787" level="INFO">{'results': [{'gender': 'female', 'name': {'title': 'Miss', 'first': 'Celestine', 'last': 'Chevalier'}, 'location': {'street': {'number': 3749, 'name': 'Avenue Goerges Clémenceau'}, 'city': 'Toulouse', 'state': 'Cantal', 'country': 'France', 'postcode': 33118, 'coordinates': {'latitude': '-14.0129', 'longitude': '76.6920'}, 'timezone': {'offset': '-1:00', 'description': 'Azores, Cape Verde Islands'}}, 'email': 'celestine.chevalier@example.com', 'login': {'uuid': '222651e2-4af9-4790-b332-3ee8dec098ef', 'username': 'blackelephant907', 'password': 'charles', 'salt': 'Q0JBIaRn', 'md5': 'd3b111331f7bcb78265489dd2cd5d4cf', 'sha1': '0826df0579ac904bec8197c19c5f56ba43ce5eba', 'sha256': '9b229eaa9c04d776747b2e021f688ee25679febc9c6acdae90917758adb4e590'}, 'dob': {'date': '1996-12-25T17:33:46.590Z', 'age': 27}, 'registered': {'date': '2013-06-15T15:57:49.192Z', 'age': 10}, 'phone': '05-70-55-99-93', 'cell': '06-73-77-38-29', 'id': {'name': 'INSEE', 'value': '2961125166008 88'}, 'picture': {'large': 'https://randomuser.me/api/portraits/women/80.jpg', 'medium': 'https://randomuser.me/api/portraits/med/women/80.jpg', 'thumbnail': 'https://randomuser.me/api/portraits/thumb/women/80.jpg'}, 'nat': 'FR'}], 'info': {'seed': '0db1f89ad75ff8b8', 'results': 1, 'page': 1, 'version': '1.4'}}</msg>
<arg>${json_data}</arg>
<doc>Logs the given message with the given level.</doc>
<status status="PASS" start="2024-05-06T10:15:07.641624" elapsed="0.000257"/>
</kw>
<kw name="Should Be Equal As Numbers" owner="BuiltIn">
<arg>${json_data['results'][0]['location']['postcode']}</arg>
<arg>${json_data['results'][0]['location']['postcode']}</arg>
<doc>Fails if objects are unequal after converting them to real numbers.</doc>
<status status="PASS" start="2024-05-06T10:15:07.642365" elapsed="0.000630"/>
</kw>
<kw name="Log" owner="BuiltIn">
<msg time="2024-05-06T10:15:07.643528" level="INFO">33118</msg>
<arg>${json_data['results'][0]['location']['postcode']}</arg>
<doc>Logs the given message with the given level.</doc>
<status status="PASS" start="2024-05-06T10:15:07.643191" elapsed="0.000388"/>
</kw>
<status status="PASS" start="2024-05-06T10:15:07.354392" elapsed="0.289451"/>
</kw>
<doc>Testa se os tipos de dados na resposta da API estão corretos.</doc>
<tag>testeTiposDados</tag>
<status status="PASS" start="2024-05-06T10:15:07.249771" elapsed="0.394243"/>
</test>
<test id="s1-s1-t5" name="Validar conteudo" line="35">
<kw name="Teste de Tipos de Conteudo" owner="random-user-service">
<kw name="GET On Session" owner="RequestsLibrary">
<msg time="2024-05-06T10:15:07.735498" level="INFO">GET Request : url=https://randomuser.me/api 
 path_url=/api 
 headers={'User-Agent': 'python-requests/2.31.0', 'Accept-Encoding': 'gzip, deflate', 'Accept': '*/*', 'Connection': 'keep-alive'} 
 body=None 
 </msg>
<msg time="2024-05-06T10:15:07.735575" level="INFO">GET Response : url=https://randomuser.me/api 
 status=200, reason=OK 
 headers={'Date': 'Mon, 06 May 2024 10:15:07 GMT', 'Content-Type': 'application/json; charset=utf-8', 'Transfer-Encoding': 'chunked', 'Connection': 'keep-alive', 'X-Powered-By': 'Express', 'Access-Control-Allow-Origin': '*', 'Cache-Control': 'no-cache', 'ETag': 'W/"47c-3YN38xxZ6lzxgUSo6INoiliuCz4"', 'Vary': 'Accept-Encoding', 'Content-Encoding': 'gzip', 'CF-Cache-Status': 'DYNAMIC', 'Report-To': '{"endpoints":[{"url":"https:\\/\\/a.nel.cloudflare.com\\/report\\/v4?s=Y%2Fj07%2F4%2BoHUnPDdmDjG7iBco6TsiShIxABJA6FXAuugMsV92CDbzWKT9GbpFk2kWNzoCHtzjsbNtVHnvhmhEXOyEzx4wFh0n18uoCnpmnllg7BcwtjM3BVh2ZUAgCdwi"}],"group":"cf-nel","max_age":604800}', 'NEL': '{"success_fraction":0,"report_to":"cf-nel","max_age":604800}', 'Server': 'cloudflare', 'CF-RAY': '87f83510c9bf982b-SJC', 'alt-svc': 'h3=":443"; ma=86400'} 
 body={"results":[{"gender":"male","name":{"title":"Mr","first":"Nagraj","last":"Nayak"},"location":{"street":{"number":8611,"name":"College St"},"city":"Mango","state":"Haryana","country":"India","postcode":54307,"coordinates":{"latitude":"7.2588","longitude":"-17.4875"},"timezone":{"offset":"-8:00","description":"Pacific Time (US &amp; Canada)"}},"email":"nagraj.nayak@example.com","login":{"uuid":"992d3957-a87a-49e6-9cf8-1c7784c26a03","username":"yellowleopard168","password":"seductive","salt":"PFCPL5yY","md5":"4bf740ba8f9cd5d3f5ac6e91e5c422e4","sha1":"b8f6ab6866ebe75f5af2ed2a3749d4d54eebc24c","sha256":"1fa319e3f4f3e60b1dfb5474836ba2d9e33dd75bc2598e5a76e78a142cb305bb"},"dob":{"date":"1989-11-06T01:31:10.697Z","age":34},"registered":{"date":"2012-01-14T05:14:48.026Z","age":12},"phone":"8281360157","cell":"9519644127","id":{"name":"UIDAI","value":"738625267342"},"picture":{"large":"https://randomuser.me/api/portraits/men/44.jpg","medium":"https://randomuser.me/api/portraits/med/men/44.jpg","thumbnail":"https://randomuser.me/api/portraits/thumb/men/44.jpg"},"nat":"IN"}],"info":{"seed":"3209e8459967e39d","results":1,"page":1,"version":"1.4"}} 
 </msg>
<msg time="2024-05-06T10:15:07.735645" level="INFO">/opt/hostedtoolcache/Python/3.12.3/x64/lib/python3.12/site-packages/urllib3/connectionpool.py:1103: InsecureRequestWarning: Unverified HTTPS request is being made to host 'randomuser.me'. Adding certificate verification is strongly advised. See: https://urllib3.readthedocs.io/en/latest/advanced-usage.html#tls-warnings
  warnings.warn(</msg>
<msg time="2024-05-06T10:15:07.735755" level="INFO">${response} = &lt;Response [200]&gt;</msg>
<var>${response}</var>
<arg>consultarAPI</arg>
<arg>/api</arg>
<doc>Sends a GET request on a previously created HTTP Session.</doc>
<status status="PASS" start="2024-05-06T10:15:07.646658" elapsed="0.089146"/>
</kw>
<kw name="Set Variable" owner="BuiltIn">
<msg time="2024-05-06T10:15:07.736813" level="INFO">${json_data} = {'results': [{'gender': 'male', 'name': {'title': 'Mr', 'first': 'Nagraj', 'last': 'Nayak'}, 'location': {'street': {'number': 8611, 'name': 'College St'}, 'city': 'Mango', 'state': 'Haryana', 'countr...</msg>
<var>${json_data}</var>
<arg>${response.json()}</arg>
<doc>Returns the given values which can then be assigned to a variables.</doc>
<status status="PASS" start="2024-05-06T10:15:07.736257" elapsed="0.000584"/>
</kw>
<kw name="Set Variable" owner="BuiltIn">
<msg time="2024-05-06T10:15:07.737571" level="INFO">${name_title} = Mr</msg>
<var>${name_title}</var>
<arg>${json_data["results"][0]["name"]["title"]}</arg>
<doc>Returns the given values which can then be assigned to a variables.</doc>
<status status="PASS" start="2024-05-06T10:15:07.737143" elapsed="0.000453"/>
</kw>
<kw name="Create List" owner="BuiltIn">
<msg time="2024-05-06T10:15:07.738044" level="INFO">${allowed_titles} = ['Mr', 'Ms', 'Miss', 'Mrs', 'Madame', 'Monsieur']</msg>
<var>${allowed_titles}</var>
<arg>Mr</arg>
<arg>Ms</arg>
<arg>Miss</arg>
<arg>Mrs</arg>
<arg>Madame</arg>
<arg>Monsieur</arg>
<doc>Returns a list containing given items.</doc>
<status status="PASS" start="2024-05-06T10:15:07.737896" elapsed="0.000172"/>
</kw>
<kw name="List Should Contain Value" owner="Collections">
<msg time="2024-05-06T10:15:07.738537" level="INFO">False</msg>
<arg>${allowed_titles}</arg>
<arg>${name_title}</arg>
<doc>Fails if the ``value`` is not found from ``list``.</doc>
<status status="PASS" start="2024-05-06T10:15:07.738364" elapsed="0.000209"/>
</kw>
<kw name="Set Variable" owner="BuiltIn">
<msg time="2024-05-06T10:15:07.739248" level="INFO">${name_country} = IN</msg>
<var>${name_country}</var>
<arg>${json_data["results"][0]["nat"]}</arg>
<doc>Returns the given values which can then be assigned to a variables.</doc>
<status status="PASS" start="2024-05-06T10:15:07.738862" elapsed="0.000411"/>
</kw>
<kw name="Create List" owner="BuiltIn">
<msg time="2024-05-06T10:15:07.740159" level="INFO">${list_country} = ['AD', 'AE', 'AF', 'AG', 'AI', 'AL', 'AM', 'AO', 'AQ', 'AR', 'AS', 'AT', 'AU', 'AW', 'AX', 'AZ', 'BA', 'BB', 'BD', 'BE', 'BF', 'BG', 'BH', 'BI', 'BJ', 'BL', 'BM', 'BN', 'BO', 'BQ', 'BR', 'BS', 'BT', '...</msg>
<var>${list_country}</var>
<arg>AD</arg>
<arg>AE</arg>
<arg>AF</arg>
<arg>AG</arg>
<arg>AI</arg>
<arg>AL</arg>
<arg>AM</arg>
<arg>AO</arg>
<arg>AQ</arg>
<arg>AR</arg>
<arg>AS</arg>
<arg>AT</arg>
<arg>AU</arg>
<arg>AW</arg>
<arg>AX</arg>
<arg>AZ</arg>
<arg>BA</arg>
<arg>BB</arg>
<arg>BD</arg>
<arg>BE</arg>
<arg>BF</arg>
<arg>BG</arg>
<arg>BH</arg>
<arg>BI</arg>
<arg>BJ</arg>
<arg>BL</arg>
<arg>BM</arg>
<arg>BN</arg>
<arg>BO</arg>
<arg>BQ</arg>
<arg>BR</arg>
<arg>BS</arg>
<arg>BT</arg>
<arg>BV</arg>
<arg>BW</arg>
<arg>BY</arg>
<arg>BZ</arg>
<arg>CA</arg>
<arg>CC</arg>
<arg>CD</arg>
<arg>CF</arg>
<arg>CG</arg>
<arg>CH</arg>
<arg>CI</arg>
<arg>CK</arg>
<arg>CL</arg>
<arg>CM</arg>
<arg>CN</arg>
<arg>CO</arg>
<arg>CR</arg>
<arg>CU</arg>
<arg>CV</arg>
<arg>CW</arg>
<arg>CX</arg>
<arg>CY</arg>
<arg>CZ</arg>
<arg>DE</arg>
<arg>DJ</arg>
<arg>DK</arg>
<arg>DM</arg>
<arg>DO</arg>
<arg>DZ</arg>
<arg>EC</arg>
<arg>EE</arg>
<arg>EG</arg>
<arg>EH</arg>
<arg>ER</arg>
<arg>ES</arg>
<arg>ET</arg>
<arg>FI</arg>
<arg>FJ</arg>
<arg>FK</arg>
<arg>FM</arg>
<arg>FO</arg>
<arg>FR</arg>
<arg>GA</arg>
<arg>GB</arg>
<arg>GD</arg>
<arg>GE</arg>
<arg>GF</arg>
<arg>GG</arg>
<arg>GH</arg>
<arg>GI</arg>
<arg>GL</arg>
<arg>GM</arg>
<arg>GN</arg>
<arg>GP</arg>
<arg>GQ</arg>
<arg>GR</arg>
<arg>GS</arg>
<arg>GT</arg>
<arg>GU</arg>
<arg>GW</arg>
<arg>GY</arg>
<arg>HK</arg>
<arg>HM</arg>
<arg>HN</arg>
<arg>HR</arg>
<arg>HT</arg>
<arg>HU</arg>
<arg>ID</arg>
<arg>IE</arg>
<arg>IL</arg>
<arg>IM</arg>
<arg>IN</arg>
<arg>IO</arg>
<arg>IQ</arg>
<arg>IR</arg>
<arg>IS</arg>
<arg>IT</arg>
<arg>JE</arg>
<arg>JM</arg>
<arg>JO</arg>
<arg>JP</arg>
<arg>KE</arg>
<arg>KG</arg>
<arg>KH</arg>
<arg>KI</arg>
<arg>KM</arg>
<arg>KN</arg>
<arg>KP</arg>
<arg>KR</arg>
<arg>KW</arg>
<arg>KY</arg>
<arg>KZ</arg>
<arg>LA</arg>
<arg>LB</arg>
<arg>LC</arg>
<arg>LI</arg>
<arg>LK</arg>
<arg>LR</arg>
<arg>LS</arg>
<arg>LT</arg>
<arg>LU</arg>
<arg>LV</arg>
<arg>LY</arg>
<arg>MA</arg>
<arg>MC</arg>
<arg>MD</arg>
<arg>ME</arg>
<arg>MF</arg>
<arg>MG</arg>
<arg>MH</arg>
<arg>MK</arg>
<arg>ML</arg>
<arg>MM</arg>
<arg>MN</arg>
<arg>MO</arg>
<arg>MP</arg>
<arg>MQ</arg>
<arg>MR</arg>
<arg>MS</arg>
<arg>MT</arg>
<arg>MU</arg>
<arg>MV</arg>
<arg>MW</arg>
<arg>MX</arg>
<arg>MY</arg>
<arg>MZ</arg>
<arg>NA</arg>
<arg>NC</arg>
<arg>NE</arg>
<arg>NF</arg>
<arg>NG</arg>
<arg>NI</arg>
<arg>NL</arg>
<arg>NO</arg>
<arg>NP</arg>
<arg>NR</arg>
<arg>NU</arg>
<arg>NZ</arg>
<arg>OM</arg>
<arg>PA</arg>
<arg>PE</arg>
<arg>PF</arg>
<arg>PG</arg>
<arg>PH</arg>
<arg>PK</arg>
<arg>PL</arg>
<arg>PM</arg>
<arg>PN</arg>
<arg>PR</arg>
<arg>PS</arg>
<arg>PT</arg>
<arg>PW</arg>
<arg>PY</arg>
<arg>QA</arg>
<arg>RE</arg>
<arg>RO</arg>
<arg>RS</arg>
<arg>RU</arg>
<arg>RW</arg>
<arg>SA</arg>
<arg>SB</arg>
<arg>SC</arg>
<arg>SD</arg>
<arg>SE</arg>
<arg>SG</arg>
<arg>SH</arg>
<arg>SI</arg>
<arg>SJ</arg>
<arg>SK</arg>
<arg>SL</arg>
<arg>SM</arg>
<arg>SN</arg>
<arg>SO</arg>
<arg>SR</arg>
<arg>SS</arg>
<arg>ST</arg>
<arg>SV</arg>
<arg>SX</arg>
<arg>SY</arg>
<arg>SZ</arg>
<arg>TC</arg>
<arg>TD</arg>
<arg>TF</arg>
<arg>TG</arg>
<arg>TH</arg>
<arg>TJ</arg>
<arg>TK</arg>
<arg>TL</arg>
<arg>TM</arg>
<arg>TN</arg>
<arg>TO</arg>
<arg>TR</arg>
<arg>TT</arg>
<arg>TV</arg>
<arg>TW</arg>
<arg>TZ</arg>
<arg>UA</arg>
<arg>UG</arg>
<arg>UM</arg>
<arg>US</arg>
<arg>UY</arg>
<arg>UZ</arg>
<arg>VA</arg>
<arg>VC</arg>
<arg>VE</arg>
<arg>VG</arg>
<arg>VI</arg>
<arg>VN</arg>
<arg>VU</arg>
<arg>WF</arg>
<arg>WS</arg>
<arg>XK</arg>
<arg>YE</arg>
<arg>YT</arg>
<arg>ZA</arg>
<arg>ZM</arg>
<arg>ZW</arg>
<doc>Returns a list containing given items.</doc>
<status status="PASS" start="2024-05-06T10:15:07.739573" elapsed="0.000612"/>
</kw>
<kw name="List Should Contain Value" owner="Collections">
<msg time="2024-05-06T10:15:07.741181" level="INFO">False</msg>
<arg>${list_country}</arg>
<arg>${name_country}</arg>
<doc>Fails if the ``value`` is not found from ``list``.</doc>
<status status="PASS" start="2024-05-06T10:15:07.740978" elapsed="0.000239"/>
</kw>
<kw name="Run Keyword If" owner="BuiltIn">
<kw name="Should Be True" owner="BuiltIn">
<arg>${True}</arg>
<doc>Fails if the given condition is not true.</doc>
<status status="PASS" start="2024-05-06T10:15:07.742334" elapsed="0.000244"/>
</kw>
<arg>${json_data["results"][0]["location"]["coordinates"]["latitude"]} &gt;= -90 and ${json_data["results"][0]["location"]["coordinates"]["latitude"]} &lt;= 90</arg>
<arg>Should Be True</arg>
<arg>${True}</arg>
<doc>Runs the given keyword with the given arguments, if ``condition`` is true.</doc>
<status status="PASS" start="2024-05-06T10:15:07.741574" elapsed="0.001136"/>
</kw>
<kw name="Run Keyword If" owner="BuiltIn">
<kw name="Should Be True" owner="BuiltIn">
<arg>${True}</arg>
<doc>Fails if the given condition is not true.</doc>
<status status="PASS" start="2024-05-06T10:15:07.743594" elapsed="0.000143"/>
</kw>
<arg>${json_data["results"][0]["location"]["coordinates"]["longitude"]} &gt;= -180 and ${json_data["results"][0]["location"]["coordinates"]["longitude"]} &lt;= 180</arg>
<arg>Should Be True</arg>
<arg>${True}</arg>
<doc>Runs the given keyword with the given arguments, if ``condition`` is true.</doc>
<status status="PASS" start="2024-05-06T10:15:07.742895" elapsed="0.000963"/>
</kw>
<status status="PASS" start="2024-05-06T10:15:07.646391" elapsed="0.097597"/>
</kw>
<doc>Testa o conteúdo específico dos campos retornados pela API.</doc>
<tag>testeConteudo</tag>
<status status="PASS" start="2024-05-06T10:15:07.645862" elapsed="0.098269"/>
</test>
<status status="PASS" start="2024-05-06T10:15:06.662925" elapsed="1.083229"/>
</suite>
<status status="PASS" start="2024-05-06T10:15:06.649375" elapsed="1.101967"/>
</suite>
<statistics>
<total>
<stat pass="5" fail="0" skip="0">All Tests</stat>
</total>
<tag>
<stat pass="1" fail="0" skip="0">testeConteudo</stat>
<stat pass="1" fail="0" skip="0">testeEstruturaResposta</stat>
<stat pass="1" fail="0" skip="0">testeRequisicaoBasica</stat>
<stat pass="1" fail="0" skip="0">testeTiposDados</stat>
</tag>
<suite>
<stat pass="5" fail="0" skip="0" id="s1" name="Tests">Tests</stat>
<stat pass="5" fail="0" skip="0" id="s1-s1" name="Random-User-Test">Tests.Random-User-Test</stat>
</suite>
</statistics>
<errors>
</errors>
</robot>
