<?xml version="1.0" encoding="UTF-8"?>
<robot generator="Robot 7.0 (Python 3.12.3 on linux)" generated="2024-05-29T14:14:24.048596" rpa="false" schemaversion="5">
<suite id="s1" name="Tests" source="/home/runner/work/ApiRandomUser/ApiRandomUser/RamdonUser/tests">
<suite id="s1-s1" name="Random-User-Test" source="/home/runner/work/ApiRandomUser/ApiRandomUser/RamdonUser/tests/random-user-test.robot">
<test id="s1-s1-t1" name="Conectar" line="13">
<kw name="Conectar API" owner="random-user-service">
<kw name="Create Session" owner="RequestsLibrary">
<msg time="2024-05-29T14:14:24.438575" level="INFO">Creating Session using : alias=consultarAPI, url=https://randomuser.me/, headers={},                     cookies={}, auth=None, timeout=None, proxies=None, verify=False,                     debug=0 </msg>
<arg>consultarAPI</arg>
<arg>${URL}</arg>
<doc>Create Session: create a HTTP session to a server</doc>
<status status="PASS" start="2024-05-29T14:14:24.438377" elapsed="0.000370"/>
</kw>
<status status="PASS" start="2024-05-29T14:14:24.437327" elapsed="0.001775"/>
</kw>
<status status="PASS" start="2024-05-29T14:14:24.436806" elapsed="0.002490"/>
</test>
<test id="s1-s1-t2" name="Validar retorno 200 e JSON Válido" line="16">
<kw name="Teste de Requisicao Basica" owner="random-user-service">
<kw name="GET On Session" owner="RequestsLibrary">
<msg time="2024-05-29T14:14:24.562012" level="INFO">GET Request : url=https://randomuser.me/api 
 path_url=/api 
 headers={'User-Agent': 'python-requests/2.32.2', 'Accept-Encoding': 'gzip, deflate', 'Accept': '*/*', 'Connection': 'keep-alive'} 
 body=None 
 </msg>
<msg time="2024-05-29T14:14:24.562155" level="INFO">GET Response : url=https://randomuser.me/api 
 status=200, reason=OK 
 headers={'Date': 'Wed, 29 May 2024 14:14:24 GMT', 'Content-Type': 'application/json; charset=utf-8', 'Transfer-Encoding': 'chunked', 'Connection': 'keep-alive', 'X-Powered-By': 'Express', 'Access-Control-Allow-Origin': '*', 'Cache-Control': 'no-cache', 'ETag': 'W/"4a4-rw7zGgYcT+A2x4fWBzWb5IlJkKk"', 'Vary': 'Accept-Encoding', 'Content-Encoding': 'gzip', 'CF-Cache-Status': 'DYNAMIC', 'Report-To': '{"endpoints":[{"url":"https:\\/\\/a.nel.cloudflare.com\\/report\\/v4?s=jg6f9Z5YnLSFO1J%2BqUMyYxWAMP4hg2BgBsSHFcCYmzJYLGM3juZAg6Qs4%2F8DJTV3aLt6dEQB0aWpMk7A3bGJBhO4qxnOQm3O98ReKaC%2Fzlq%2Fx5bGhOSOnAfqOv1tj7gK"}],"group":"cf-nel","max_age":604800}', 'NEL': '{"success_fraction":0,"report_to":"cf-nel","max_age":604800}', 'Server': 'cloudflare', 'CF-RAY': '88b71732fe69235b-SJC', 'alt-svc': 'h3=":443"; ma=86400'} 
 body={"results":[{"gender":"male","name":{"title":"Monsieur","first":"Frank","last":"Menard"},"location":{"street":{"number":2992,"name":"Rue Louis-Garrand"},"city":"Tecknau","state":"Schaffhausen","country":"Switzerland","postcode":1621,"coordinates":{"latitude":"-60.8076","longitude":"-48.7177"},"timezone":{"offset":"+5:30","description":"Bombay, Calcutta, Madras, New Delhi"}},"email":"frank.menard@example.com","login":{"uuid":"5ab4ed9c-7320-4a68-8167-c89619d763ba","username":"happyladybug799","password":"around","salt":"EoldOAHG","md5":"a1fd7c9771cba4e0b43932e62141b89c","sha1":"d86c16cc59075f896feb466296ec6de6fc9837f8","sha256":"0647e14cbc47e2d6f57b796faf8a67beb2836bbffe90c739afd6d20195981d75"},"dob":{"date":"1975-12-10T01:37:23.633Z","age":48},"registered":{"date":"2013-09-04T06:14:20.414Z","age":10},"phone":"078 843 27 61","cell":"078 667 82 48","id":{"name":"AVS","value":"756.1156.6718.96"},"picture":{"large":"https://randomuser.me/api/portraits/men/40.jpg","medium":"https://randomuser.me/api/portraits/med/men/40.jpg","thumbnail":"https://randomuser.me/api/portraits/thumb/men/40.jpg"},"nat":"CH"}],"info":{"seed":"530871c859b92c4b","results":1,"page":1,"version":"1.4"}} 
 </msg>
<msg time="2024-05-29T14:14:24.562254" level="INFO">/opt/hostedtoolcache/Python/3.12.3/x64/lib/python3.12/site-packages/urllib3/connectionpool.py:1103: InsecureRequestWarning: Unverified HTTPS request is being made to host 'randomuser.me'. Adding certificate verification is strongly advised. See: https://urllib3.readthedocs.io/en/latest/advanced-usage.html#tls-warnings
  warnings.warn(</msg>
<msg time="2024-05-29T14:14:24.562396" level="INFO">${response} = &lt;Response [200]&gt;</msg>
<var>${response}</var>
<arg>consultarAPI</arg>
<arg>/api</arg>
<doc>Sends a GET request on a previously created HTTP Session.</doc>
<status status="PASS" start="2024-05-29T14:14:24.441973" elapsed="0.120478"/>
</kw>
<kw name="Should Be Equal As Numbers" owner="BuiltIn">
<msg time="2024-05-29T14:14:24.563940" level="INFO">Argument types are:
&lt;class 'int'&gt;
&lt;class 'str'&gt;</msg>
<arg>${response.status_code}</arg>
<arg>200</arg>
<doc>Fails if objects are unequal after converting them to real numbers.</doc>
<status status="PASS" start="2024-05-29T14:14:24.563181" elapsed="0.000825"/>
</kw>
<kw name="Log" owner="BuiltIn">
<msg time="2024-05-29T14:14:24.564758" level="INFO">200</msg>
<arg>${response.status_code}</arg>
<doc>Logs the given message with the given level.</doc>
<status status="PASS" start="2024-05-29T14:14:24.564383" elapsed="0.000423"/>
</kw>
<kw name="Set Variable" owner="BuiltIn">
<msg time="2024-05-29T14:14:24.565565" level="INFO">${json_data} = {'results': [{'gender': 'male', 'name': {'title': 'Monsieur', 'first': 'Frank', 'last': 'Menard'}, 'location': {'street': {'number': 2992, 'name': 'Rue Louis-Garrand'}, 'city': 'Tecknau', 'state': 'Sc...</msg>
<var>${json_data}</var>
<arg>${response.json()}</arg>
<doc>Returns the given values which can then be assigned to a variables.</doc>
<status status="PASS" start="2024-05-29T14:14:24.565117" elapsed="0.000477"/>
</kw>
<kw name="Dictionary Should Contain Key" owner="Collections">
<msg time="2024-05-29T14:14:24.566064" level="INFO">False</msg>
<arg>${json_data}</arg>
<arg>results</arg>
<doc>Fails if ``key`` is not found from ``dictionary``.</doc>
<status status="PASS" start="2024-05-29T14:14:24.565897" elapsed="0.000344"/>
</kw>
<status status="PASS" start="2024-05-29T14:14:24.441725" elapsed="0.124778"/>
</kw>
<doc>Testa se a API responde corretamente e retorna um objeto JSON válido.</doc>
<tag>testeRequisicaoBasica</tag>
<status status="PASS" start="2024-05-29T14:14:24.441238" elapsed="0.125442"/>
</test>
<test id="s1-s1-t3" name="Validar estrutura de resposta" line="22">
<kw name="Teste de Estrutura de Resposta" owner="random-user-service">
<kw name="GET On Session" owner="RequestsLibrary">
<msg time="2024-05-29T14:14:24.660719" level="INFO">GET Request : url=https://randomuser.me/api 
 path_url=/api 
 headers={'User-Agent': 'python-requests/2.32.2', 'Accept-Encoding': 'gzip, deflate', 'Accept': '*/*', 'Connection': 'keep-alive'} 
 body=None 
 </msg>
<msg time="2024-05-29T14:14:24.660832" level="INFO">GET Response : url=https://randomuser.me/api 
 status=200, reason=OK 
 headers={'Date': 'Wed, 29 May 2024 14:14:24 GMT', 'Content-Type': 'application/json; charset=utf-8', 'Transfer-Encoding': 'chunked', 'Connection': 'keep-alive', 'X-Powered-By': 'Express', 'Access-Control-Allow-Origin': '*', 'Cache-Control': 'no-cache', 'ETag': 'W/"49b-5TEl6NfJZTe8RfzE1vNDazqLZWI"', 'Vary': 'Accept-Encoding', 'Content-Encoding': 'gzip', 'CF-Cache-Status': 'DYNAMIC', 'Report-To': '{"endpoints":[{"url":"https:\\/\\/a.nel.cloudflare.com\\/report\\/v4?s=wtqBrrr8%2BVo3Nd7236wMTmjVZkks0oal2BBOJ2NOGT02DNMBilS6TFHEAMqEusM4XqJakn%2BiDrI%2FIOrinrti%2FWQTsl2nSUckPE%2BG0EpcKiFRNXrNz%2BKcrl5HnImXjJqL"}],"group":"cf-nel","max_age":604800}', 'NEL': '{"success_fraction":0,"report_to":"cf-nel","max_age":604800}', 'Server': 'cloudflare', 'CF-RAY': '88b717339ed7235b-SJC', 'alt-svc': 'h3=":443"; ma=86400'} 
 body={"results":[{"gender":"female","name":{"title":"Miss","first":"Mijntje","last":"Van Elburg"},"location":{"street":{"number":9216,"name":"Anna Beijerstraat"},"city":"Amstelveen","state":"Friesland","country":"Netherlands","postcode":"3752 HQ","coordinates":{"latitude":"33.9111","longitude":"68.4118"},"timezone":{"offset":"+9:30","description":"Adelaide, Darwin"}},"email":"mijntje.vanelburg@example.com","login":{"uuid":"ad2ee003-25a1-4c46-a3de-4902551d4b79","username":"tinyelephant659","password":"sinbad","salt":"uQeUqy4p","md5":"159bfd4c891ec7e50b93f37164cfd4ed","sha1":"1bd3f1e50e8a24790840f7eb9a41748f08e9083f","sha256":"7fe0bb849165348ab5773b6fedd1e98c2f177e18d13d27112b6bdd8fee7383ed"},"dob":{"date":"1945-03-11T00:43:09.315Z","age":79},"registered":{"date":"2005-01-31T14:55:41.733Z","age":19},"phone":"(0341) 045782","cell":"(06) 29359803","id":{"name":"BSN","value":"83560839"},"picture":{"large":"https://randomuser.me/api/portraits/women/33.jpg","medium":"https://randomuser.me/api/portraits/med/women/33.jpg","thumbnail":"https://randomuser.me/api/portraits/thumb/women/33.jpg"},"nat":"NL"}],"info":{"seed":"9560b6d86ed55be8","results":1,"page":1,"version":"1.4"}} 
 </msg>
<msg time="2024-05-29T14:14:24.660979" level="INFO">/opt/hostedtoolcache/Python/3.12.3/x64/lib/python3.12/site-packages/urllib3/connectionpool.py:1103: InsecureRequestWarning: Unverified HTTPS request is being made to host 'randomuser.me'. Adding certificate verification is strongly advised. See: https://urllib3.readthedocs.io/en/latest/advanced-usage.html#tls-warnings
  warnings.warn(</msg>
<msg time="2024-05-29T14:14:24.661109" level="INFO">${response} = &lt;Response [200]&gt;</msg>
<var>${response}</var>
<arg>consultarAPI</arg>
<arg>/api</arg>
<doc>Sends a GET request on a previously created HTTP Session.</doc>
<status status="PASS" start="2024-05-29T14:14:24.569274" elapsed="0.091879"/>
</kw>
<kw name="Set Variable" owner="BuiltIn">
<msg time="2024-05-29T14:14:24.662597" level="INFO">${json_data} = {'results': [{'gender': 'female', 'name': {'title': 'Miss', 'first': 'Mijntje', 'last': 'Van Elburg'}, 'location': {'street': {'number': 9216, 'name': 'Anna Beijerstraat'}, 'city': 'Amstelveen', 'stat...</msg>
<var>${json_data}</var>
<arg>${response.json()}</arg>
<doc>Returns the given values which can then be assigned to a variables.</doc>
<status status="PASS" start="2024-05-29T14:14:24.661860" elapsed="0.000766"/>
</kw>
<kw name="Log" owner="BuiltIn">
<msg time="2024-05-29T14:14:24.663097" level="INFO">{'results': [{'gender': 'female', 'name': {'title': 'Miss', 'first': 'Mijntje', 'last': 'Van Elburg'}, 'location': {'street': {'number': 9216, 'name': 'Anna Beijerstraat'}, 'city': 'Amstelveen', 'state': 'Friesland', 'country': 'Netherlands', 'postcode': '3752 HQ', 'coordinates': {'latitude': '33.9111', 'longitude': '68.4118'}, 'timezone': {'offset': '+9:30', 'description': 'Adelaide, Darwin'}}, 'email': 'mijntje.vanelburg@example.com', 'login': {'uuid': 'ad2ee003-25a1-4c46-a3de-4902551d4b79', 'username': 'tinyelephant659', 'password': 'sinbad', 'salt': 'uQeUqy4p', 'md5': '159bfd4c891ec7e50b93f37164cfd4ed', 'sha1': '1bd3f1e50e8a24790840f7eb9a41748f08e9083f', 'sha256': '7fe0bb849165348ab5773b6fedd1e98c2f177e18d13d27112b6bdd8fee7383ed'}, 'dob': {'date': '1945-03-11T00:43:09.315Z', 'age': 79}, 'registered': {'date': '2005-01-31T14:55:41.733Z', 'age': 19}, 'phone': '(0341) 045782', 'cell': '(06) 29359803', 'id': {'name': 'BSN', 'value': '83560839'}, 'picture': {'large': 'https://randomuser.me/api/portraits/women/33.jpg', 'medium': 'https://randomuser.me/api/portraits/med/women/33.jpg', 'thumbnail': 'https://randomuser.me/api/portraits/thumb/women/33.jpg'}, 'nat': 'NL'}], 'info': {'seed': '9560b6d86ed55be8', 'results': 1, 'page': 1, 'version': '1.4'}}</msg>
<arg>${json_data}</arg>
<doc>Logs the given message with the given level.</doc>
<status status="PASS" start="2024-05-29T14:14:24.662940" elapsed="0.000208"/>
</kw>
<kw name="Dictionary Should Contain Key" owner="Collections">
<msg time="2024-05-29T14:14:24.663601" level="INFO">False</msg>
<arg>${json_data}</arg>
<arg>results</arg>
<doc>Fails if ``key`` is not found from ``dictionary``.</doc>
<status status="PASS" start="2024-05-29T14:14:24.663445" elapsed="0.000193"/>
</kw>
<kw name="Should Not Be Empty" owner="BuiltIn">
<msg time="2024-05-29T14:14:24.664068" level="INFO">Length is 2.</msg>
<arg>${json_data}</arg>
<doc>Verifies that the given item is not empty.</doc>
<status status="PASS" start="2024-05-29T14:14:24.663935" elapsed="0.000171"/>
</kw>
<kw name="Create List" owner="BuiltIn">
<msg time="2024-05-29T14:14:24.664597" level="INFO">${expected_keys} = ['gender', 'name', 'location', 'email', 'login']</msg>
<var>${expected_keys}</var>
<arg>gender</arg>
<arg>name</arg>
<arg>location</arg>
<arg>email</arg>
<arg>login</arg>
<doc>Returns a list containing given items.</doc>
<status status="PASS" start="2024-05-29T14:14:24.664446" elapsed="0.000174"/>
</kw>
<for flavor="IN">
<iter>
<kw name="Dictionary Should Contain Key" owner="Collections">
<msg time="2024-05-29T14:14:24.665628" level="INFO">False</msg>
<arg>${json_data['results'][0]}</arg>
<arg>${key}</arg>
<doc>Fails if ``key`` is not found from ``dictionary``.</doc>
<status status="PASS" start="2024-05-29T14:14:24.665222" elapsed="0.000447"/>
</kw>
<kw name="Log" owner="BuiltIn">
<msg time="2024-05-29T14:14:24.666343" level="INFO">{'gender': 'female', 'name': {'title': 'Miss', 'first': 'Mijntje', 'last': 'Van Elburg'}, 'location': {'street': {'number': 9216, 'name': 'Anna Beijerstraat'}, 'city': 'Amstelveen', 'state': 'Friesland', 'country': 'Netherlands', 'postcode': '3752 HQ', 'coordinates': {'latitude': '33.9111', 'longitude': '68.4118'}, 'timezone': {'offset': '+9:30', 'description': 'Adelaide, Darwin'}}, 'email': 'mijntje.vanelburg@example.com', 'login': {'uuid': 'ad2ee003-25a1-4c46-a3de-4902551d4b79', 'username': 'tinyelephant659', 'password': 'sinbad', 'salt': 'uQeUqy4p', 'md5': '159bfd4c891ec7e50b93f37164cfd4ed', 'sha1': '1bd3f1e50e8a24790840f7eb9a41748f08e9083f', 'sha256': '7fe0bb849165348ab5773b6fedd1e98c2f177e18d13d27112b6bdd8fee7383ed'}, 'dob': {'date': '1945-03-11T00:43:09.315Z', 'age': 79}, 'registered': {'date': '2005-01-31T14:55:41.733Z', 'age': 19}, 'phone': '(0341) 045782', 'cell': '(06) 29359803', 'id': {'name': 'BSN', 'value': '83560839'}, 'picture': {'large': 'https://randomuser.me/api/portraits/women/33.jpg', 'medium': 'https://randomuser.me/api/portraits/med/women/33.jpg', 'thumbnail': 'https://randomuser.me/api/portraits/thumb/women/33.jpg'}, 'nat': 'NL'}</msg>
<arg>${json_data['results'][0]}</arg>
<doc>Logs the given message with the given level.</doc>
<status status="PASS" start="2024-05-29T14:14:24.665969" elapsed="0.000424"/>
</kw>
<kw name="Log" owner="BuiltIn">
<msg time="2024-05-29T14:14:24.666826" level="INFO">gender</msg>
<arg>${key}</arg>
<doc>Logs the given message with the given level.</doc>
<status status="PASS" start="2024-05-29T14:14:24.666694" elapsed="0.000169"/>
</kw>
<var name="${key}">gender</var>
<status status="PASS" start="2024-05-29T14:14:24.665094" elapsed="0.001985"/>
</iter>
<iter>
<kw name="Dictionary Should Contain Key" owner="Collections">
<msg time="2024-05-29T14:14:24.667764" level="INFO">False</msg>
<arg>${json_data['results'][0]}</arg>
<arg>${key}</arg>
<doc>Fails if ``key`` is not found from ``dictionary``.</doc>
<status status="PASS" start="2024-05-29T14:14:24.667383" elapsed="0.000418"/>
</kw>
<kw name="Log" owner="BuiltIn">
<msg time="2024-05-29T14:14:24.668519" level="INFO">{'gender': 'female', 'name': {'title': 'Miss', 'first': 'Mijntje', 'last': 'Van Elburg'}, 'location': {'street': {'number': 9216, 'name': 'Anna Beijerstraat'}, 'city': 'Amstelveen', 'state': 'Friesland', 'country': 'Netherlands', 'postcode': '3752 HQ', 'coordinates': {'latitude': '33.9111', 'longitude': '68.4118'}, 'timezone': {'offset': '+9:30', 'description': 'Adelaide, Darwin'}}, 'email': 'mijntje.vanelburg@example.com', 'login': {'uuid': 'ad2ee003-25a1-4c46-a3de-4902551d4b79', 'username': 'tinyelephant659', 'password': 'sinbad', 'salt': 'uQeUqy4p', 'md5': '159bfd4c891ec7e50b93f37164cfd4ed', 'sha1': '1bd3f1e50e8a24790840f7eb9a41748f08e9083f', 'sha256': '7fe0bb849165348ab5773b6fedd1e98c2f177e18d13d27112b6bdd8fee7383ed'}, 'dob': {'date': '1945-03-11T00:43:09.315Z', 'age': 79}, 'registered': {'date': '2005-01-31T14:55:41.733Z', 'age': 19}, 'phone': '(0341) 045782', 'cell': '(06) 29359803', 'id': {'name': 'BSN', 'value': '83560839'}, 'picture': {'large': 'https://randomuser.me/api/portraits/women/33.jpg', 'medium': 'https://randomuser.me/api/portraits/med/women/33.jpg', 'thumbnail': 'https://randomuser.me/api/portraits/thumb/women/33.jpg'}, 'nat': 'NL'}</msg>
<arg>${json_data['results'][0]}</arg>
<doc>Logs the given message with the given level.</doc>
<status status="PASS" start="2024-05-29T14:14:24.668130" elapsed="0.000438"/>
</kw>
<kw name="Log" owner="BuiltIn">
<msg time="2024-05-29T14:14:24.668994" level="INFO">name</msg>
<arg>${key}</arg>
<doc>Logs the given message with the given level.</doc>
<status status="PASS" start="2024-05-29T14:14:24.668867" elapsed="0.000165"/>
</kw>
<var name="${key}">name</var>
<status status="PASS" start="2024-05-29T14:14:24.667266" elapsed="0.001989"/>
</iter>
<iter>
<kw name="Dictionary Should Contain Key" owner="Collections">
<msg time="2024-05-29T14:14:24.669921" level="INFO">False</msg>
<arg>${json_data['results'][0]}</arg>
<arg>${key}</arg>
<doc>Fails if ``key`` is not found from ``dictionary``.</doc>
<status status="PASS" start="2024-05-29T14:14:24.669545" elapsed="0.000413"/>
</kw>
<kw name="Log" owner="BuiltIn">
<msg time="2024-05-29T14:14:24.670632" level="INFO">{'gender': 'female', 'name': {'title': 'Miss', 'first': 'Mijntje', 'last': 'Van Elburg'}, 'location': {'street': {'number': 9216, 'name': 'Anna Beijerstraat'}, 'city': 'Amstelveen', 'state': 'Friesland', 'country': 'Netherlands', 'postcode': '3752 HQ', 'coordinates': {'latitude': '33.9111', 'longitude': '68.4118'}, 'timezone': {'offset': '+9:30', 'description': 'Adelaide, Darwin'}}, 'email': 'mijntje.vanelburg@example.com', 'login': {'uuid': 'ad2ee003-25a1-4c46-a3de-4902551d4b79', 'username': 'tinyelephant659', 'password': 'sinbad', 'salt': 'uQeUqy4p', 'md5': '159bfd4c891ec7e50b93f37164cfd4ed', 'sha1': '1bd3f1e50e8a24790840f7eb9a41748f08e9083f', 'sha256': '7fe0bb849165348ab5773b6fedd1e98c2f177e18d13d27112b6bdd8fee7383ed'}, 'dob': {'date': '1945-03-11T00:43:09.315Z', 'age': 79}, 'registered': {'date': '2005-01-31T14:55:41.733Z', 'age': 19}, 'phone': '(0341) 045782', 'cell': '(06) 29359803', 'id': {'name': 'BSN', 'value': '83560839'}, 'picture': {'large': 'https://randomuser.me/api/portraits/women/33.jpg', 'medium': 'https://randomuser.me/api/portraits/med/women/33.jpg', 'thumbnail': 'https://randomuser.me/api/portraits/thumb/women/33.jpg'}, 'nat': 'NL'}</msg>
<arg>${json_data['results'][0]}</arg>
<doc>Logs the given message with the given level.</doc>
<status status="PASS" start="2024-05-29T14:14:24.670265" elapsed="0.000433"/>
</kw>
<kw name="Log" owner="BuiltIn">
<msg time="2024-05-29T14:14:24.671134" level="INFO">location</msg>
<arg>${key}</arg>
<doc>Logs the given message with the given level.</doc>
<status status="PASS" start="2024-05-29T14:14:24.671008" elapsed="0.000164"/>
</kw>
<var name="${key}">location</var>
<status status="PASS" start="2024-05-29T14:14:24.669433" elapsed="0.001952"/>
</iter>
<iter>
<kw name="Dictionary Should Contain Key" owner="Collections">
<msg time="2024-05-29T14:14:24.672191" level="INFO">False</msg>
<arg>${json_data['results'][0]}</arg>
<arg>${key}</arg>
<doc>Fails if ``key`` is not found from ``dictionary``.</doc>
<status status="PASS" start="2024-05-29T14:14:24.671669" elapsed="0.000568"/>
</kw>
<kw name="Log" owner="BuiltIn">
<msg time="2024-05-29T14:14:24.672901" level="INFO">{'gender': 'female', 'name': {'title': 'Miss', 'first': 'Mijntje', 'last': 'Van Elburg'}, 'location': {'street': {'number': 9216, 'name': 'Anna Beijerstraat'}, 'city': 'Amstelveen', 'state': 'Friesland', 'country': 'Netherlands', 'postcode': '3752 HQ', 'coordinates': {'latitude': '33.9111', 'longitude': '68.4118'}, 'timezone': {'offset': '+9:30', 'description': 'Adelaide, Darwin'}}, 'email': 'mijntje.vanelburg@example.com', 'login': {'uuid': 'ad2ee003-25a1-4c46-a3de-4902551d4b79', 'username': 'tinyelephant659', 'password': 'sinbad', 'salt': 'uQeUqy4p', 'md5': '159bfd4c891ec7e50b93f37164cfd4ed', 'sha1': '1bd3f1e50e8a24790840f7eb9a41748f08e9083f', 'sha256': '7fe0bb849165348ab5773b6fedd1e98c2f177e18d13d27112b6bdd8fee7383ed'}, 'dob': {'date': '1945-03-11T00:43:09.315Z', 'age': 79}, 'registered': {'date': '2005-01-31T14:55:41.733Z', 'age': 19}, 'phone': '(0341) 045782', 'cell': '(06) 29359803', 'id': {'name': 'BSN', 'value': '83560839'}, 'picture': {'large': 'https://randomuser.me/api/portraits/women/33.jpg', 'medium': 'https://randomuser.me/api/portraits/med/women/33.jpg', 'thumbnail': 'https://randomuser.me/api/portraits/thumb/women/33.jpg'}, 'nat': 'NL'}</msg>
<arg>${json_data['results'][0]}</arg>
<doc>Logs the given message with the given level.</doc>
<status status="PASS" start="2024-05-29T14:14:24.672541" elapsed="0.000408"/>
</kw>
<kw name="Log" owner="BuiltIn">
<msg time="2024-05-29T14:14:24.673377" level="INFO">email</msg>
<arg>${key}</arg>
<doc>Logs the given message with the given level.</doc>
<status status="PASS" start="2024-05-29T14:14:24.673248" elapsed="0.000166"/>
</kw>
<var name="${key}">email</var>
<status status="PASS" start="2024-05-29T14:14:24.671556" elapsed="0.002073"/>
</iter>
<iter>
<kw name="Dictionary Should Contain Key" owner="Collections">
<msg time="2024-05-29T14:14:24.674307" level="INFO">False</msg>
<arg>${json_data['results'][0]}</arg>
<arg>${key}</arg>
<doc>Fails if ``key`` is not found from ``dictionary``.</doc>
<status status="PASS" start="2024-05-29T14:14:24.673927" elapsed="0.000417"/>
</kw>
<kw name="Log" owner="BuiltIn">
<msg time="2024-05-29T14:14:24.675015" level="INFO">{'gender': 'female', 'name': {'title': 'Miss', 'first': 'Mijntje', 'last': 'Van Elburg'}, 'location': {'street': {'number': 9216, 'name': 'Anna Beijerstraat'}, 'city': 'Amstelveen', 'state': 'Friesland', 'country': 'Netherlands', 'postcode': '3752 HQ', 'coordinates': {'latitude': '33.9111', 'longitude': '68.4118'}, 'timezone': {'offset': '+9:30', 'description': 'Adelaide, Darwin'}}, 'email': 'mijntje.vanelburg@example.com', 'login': {'uuid': 'ad2ee003-25a1-4c46-a3de-4902551d4b79', 'username': 'tinyelephant659', 'password': 'sinbad', 'salt': 'uQeUqy4p', 'md5': '159bfd4c891ec7e50b93f37164cfd4ed', 'sha1': '1bd3f1e50e8a24790840f7eb9a41748f08e9083f', 'sha256': '7fe0bb849165348ab5773b6fedd1e98c2f177e18d13d27112b6bdd8fee7383ed'}, 'dob': {'date': '1945-03-11T00:43:09.315Z', 'age': 79}, 'registered': {'date': '2005-01-31T14:55:41.733Z', 'age': 19}, 'phone': '(0341) 045782', 'cell': '(06) 29359803', 'id': {'name': 'BSN', 'value': '83560839'}, 'picture': {'large': 'https://randomuser.me/api/portraits/women/33.jpg', 'medium': 'https://randomuser.me/api/portraits/med/women/33.jpg', 'thumbnail': 'https://randomuser.me/api/portraits/thumb/women/33.jpg'}, 'nat': 'NL'}</msg>
<arg>${json_data['results'][0]}</arg>
<doc>Logs the given message with the given level.</doc>
<status status="PASS" start="2024-05-29T14:14:24.674651" elapsed="0.000412"/>
</kw>
<kw name="Log" owner="BuiltIn">
<msg time="2024-05-29T14:14:24.675488" level="INFO">login</msg>
<arg>${key}</arg>
<doc>Logs the given message with the given level.</doc>
<status status="PASS" start="2024-05-29T14:14:24.675362" elapsed="0.000164"/>
</kw>
<var name="${key}">login</var>
<status status="PASS" start="2024-05-29T14:14:24.673804" elapsed="0.001962"/>
</iter>
<var>${key}</var>
<value>@{expected_keys}</value>
<status status="PASS" start="2024-05-29T14:14:24.664892" elapsed="0.010998"/>
</for>
<kw name="Create List" owner="BuiltIn">
<msg time="2024-05-29T14:14:24.676266" level="INFO">${expected_keysTwo} = ['username', 'password']</msg>
<var>${expected_keysTwo}</var>
<arg>username</arg>
<arg>password</arg>
<doc>Returns a list containing given items.</doc>
<status status="PASS" start="2024-05-29T14:14:24.676093" elapsed="0.000199"/>
</kw>
<for flavor="IN">
<iter>
<kw name="Dictionary Should Contain Key" owner="Collections">
<msg time="2024-05-29T14:14:24.677172" level="INFO">False</msg>
<arg>${json_data['results'][0]['login']}</arg>
<arg>${keyTwo}</arg>
<doc>Fails if ``key`` is not found from ``dictionary``.</doc>
<status status="PASS" start="2024-05-29T14:14:24.676798" elapsed="0.000411"/>
</kw>
<kw name="Dictionary Should Contain Key" owner="Collections">
<msg time="2024-05-29T14:14:24.677886" level="INFO">False</msg>
<arg>${json_data['results'][0]['login']}</arg>
<arg>${keyTwo}</arg>
<doc>Fails if ``key`` is not found from ``dictionary``.</doc>
<status status="PASS" start="2024-05-29T14:14:24.677504" elapsed="0.000420"/>
</kw>
<kw name="Log" owner="BuiltIn">
<msg time="2024-05-29T14:14:24.678341" level="INFO">username</msg>
<arg>${keyTwo}</arg>
<doc>Logs the given message with the given level.</doc>
<status status="PASS" start="2024-05-29T14:14:24.678214" elapsed="0.000164"/>
</kw>
<var name="${keyTwo}">username</var>
<status status="PASS" start="2024-05-29T14:14:24.676687" elapsed="0.001903"/>
</iter>
<iter>
<kw name="Dictionary Should Contain Key" owner="Collections">
<msg time="2024-05-29T14:14:24.679249" level="INFO">False</msg>
<arg>${json_data['results'][0]['login']}</arg>
<arg>${keyTwo}</arg>
<doc>Fails if ``key`` is not found from ``dictionary``.</doc>
<status status="PASS" start="2024-05-29T14:14:24.678871" elapsed="0.000415"/>
</kw>
<kw name="Dictionary Should Contain Key" owner="Collections">
<msg time="2024-05-29T14:14:24.679947" level="INFO">False</msg>
<arg>${json_data['results'][0]['login']}</arg>
<arg>${keyTwo}</arg>
<doc>Fails if ``key`` is not found from ``dictionary``.</doc>
<status status="PASS" start="2024-05-29T14:14:24.679577" elapsed="0.000406"/>
</kw>
<kw name="Log" owner="BuiltIn">
<msg time="2024-05-29T14:14:24.680447" level="INFO">password</msg>
<arg>${keyTwo}</arg>
<doc>Logs the given message with the given level.</doc>
<status status="PASS" start="2024-05-29T14:14:24.680313" elapsed="0.000172"/>
</kw>
<var name="${keyTwo}">password</var>
<status status="PASS" start="2024-05-29T14:14:24.678761" elapsed="0.001945"/>
</iter>
<var>${keyTwo}</var>
<value>@{expected_keysTwo}</value>
<status status="PASS" start="2024-05-29T14:14:24.676533" elapsed="0.004295"/>
</for>
<status status="PASS" start="2024-05-29T14:14:24.569038" elapsed="0.111934"/>
</kw>
<doc>Testa a estrutura da resposta da API.</doc>
<tag>testeEstruturaResposta</tag>
<status status="PASS" start="2024-05-29T14:14:24.568547" elapsed="0.112585"/>
</test>
<test id="s1-s1-t4" name="Validar tipos de dados" line="28">
<kw name="Teste de Tipos de Dados" owner="random-user-service">
<kw name="GET On Session" owner="RequestsLibrary">
<msg time="2024-05-29T14:14:24.773144" level="INFO">GET Request : url=https://randomuser.me/api 
 path_url=/api 
 headers={'User-Agent': 'python-requests/2.32.2', 'Accept-Encoding': 'gzip, deflate', 'Accept': '*/*', 'Connection': 'keep-alive'} 
 body=None 
 </msg>
<msg time="2024-05-29T14:14:24.773254" level="INFO">GET Response : url=https://randomuser.me/api 
 status=200, reason=OK 
 headers={'Date': 'Wed, 29 May 2024 14:14:24 GMT', 'Content-Type': 'application/json; charset=utf-8', 'Transfer-Encoding': 'chunked', 'Connection': 'keep-alive', 'X-Powered-By': 'Express', 'Access-Control-Allow-Origin': '*', 'Cache-Control': 'no-cache', 'ETag': 'W/"48e-ZYG99wlQuCqK6YB8DlzMVboPJa4"', 'Vary': 'Accept-Encoding', 'Content-Encoding': 'gzip', 'CF-Cache-Status': 'DYNAMIC', 'Report-To': '{"endpoints":[{"url":"https:\\/\\/a.nel.cloudflare.com\\/report\\/v4?s=TRc51iuNScBRVijfD44giH4E0q0%2B9yKpvP2Fc7PYeN1H1%2BJMuMEz8a6OsP3GhuJxpr6e1Gb%2FFjHHqlc4VWFovIHGnh8ku3HupXwIyriEYfbGP6HGti%2Bg2L35cmpmdCuR"}],"group":"cf-nel","max_age":604800}', 'NEL': '{"success_fraction":0,"report_to":"cf-nel","max_age":604800}', 'Server': 'cloudflare', 'CF-RAY': '88b717344f61235b-SJC', 'alt-svc': 'h3=":443"; ma=86400'} 
 body={"results":[{"gender":"male","name":{"title":"Mr","first":"بردیا","last":"علیزاده"},"location":{"street":{"number":8932,"name":"نوفل لوشاتو"},"city":"سیرجان","state":"همدان","country":"Iran","postcode":29165,"coordinates":{"latitude":"18.5078","longitude":"-24.6677"},"timezone":{"offset":"-7:00","description":"Mountain Time (US &amp; Canada)"}},"email":"brdy.aalyzdh@example.com","login":{"uuid":"472ed9b3-192b-436d-b026-a7203f6e109f","username":"blackgorilla685","password":"717171","salt":"fJhSmzZ8","md5":"01f517a355b72b94d0dc45d4da88b2f1","sha1":"8e352be2ea835ad18b34a9c57295b6ed21c83353","sha256":"31ff9bb553ccb6f934326f48f77807c7fa91552b97c90e7d81138df5fd100361"},"dob":{"date":"1970-11-15T06:59:56.721Z","age":53},"registered":{"date":"2004-12-26T04:51:07.219Z","age":19},"phone":"029-38005969","cell":"0987-514-9940","id":{"name":"","value":null},"picture":{"large":"https://randomuser.me/api/portraits/men/3.jpg","medium":"https://randomuser.me/api/portraits/med/men/3.jpg","thumbnail":"https://randomuser.me/api/portraits/thumb/men/3.jpg"},"nat":"IR"}],"info":{"seed":"eaadd6bfe9f5c092","results":1,"page":1,"version":"1.4"}} 
 </msg>
<msg time="2024-05-29T14:14:24.773348" level="INFO">/opt/hostedtoolcache/Python/3.12.3/x64/lib/python3.12/site-packages/urllib3/connectionpool.py:1103: InsecureRequestWarning: Unverified HTTPS request is being made to host 'randomuser.me'. Adding certificate verification is strongly advised. See: https://urllib3.readthedocs.io/en/latest/advanced-usage.html#tls-warnings
  warnings.warn(</msg>
<msg time="2024-05-29T14:14:24.773489" level="INFO">${response} = &lt;Response [200]&gt;</msg>
<var>${response}</var>
<arg>consultarAPI</arg>
<arg>/api</arg>
<doc>Sends a GET request on a previously created HTTP Session.</doc>
<status status="PASS" start="2024-05-29T14:14:24.683739" elapsed="0.089791"/>
</kw>
<kw name="Set Variable" owner="BuiltIn">
<msg time="2024-05-29T14:14:24.775009" level="INFO">${json_data} = {'results': [{'gender': 'male', 'name': {'title': 'Mr', 'first': 'بردیا', 'last': 'علیزاده'}, 'location': {'street': {'number': 8932, 'name': 'نوفل لوشاتو'}, 'city': 'سیرجان', 'state': 'همدان', 'count...</msg>
<var>${json_data}</var>
<arg>${response.json()}</arg>
<doc>Returns the given values which can then be assigned to a variables.</doc>
<status status="PASS" start="2024-05-29T14:14:24.774311" elapsed="0.000740"/>
</kw>
<kw name="Log" owner="BuiltIn">
<msg time="2024-05-29T14:14:24.775606" level="INFO">{'results': [{'gender': 'male', 'name': {'title': 'Mr', 'first': 'بردیا', 'last': 'علیزاده'}, 'location': {'street': {'number': 8932, 'name': 'نوفل لوشاتو'}, 'city': 'سیرجان', 'state': 'همدان', 'country': 'Iran', 'postcode': 29165, 'coordinates': {'latitude': '18.5078', 'longitude': '-24.6677'}, 'timezone': {'offset': '-7:00', 'description': 'Mountain Time (US &amp; Canada)'}}, 'email': 'brdy.aalyzdh@example.com', 'login': {'uuid': '472ed9b3-192b-436d-b026-a7203f6e109f', 'username': 'blackgorilla685', 'password': '717171', 'salt': 'fJhSmzZ8', 'md5': '01f517a355b72b94d0dc45d4da88b2f1', 'sha1': '8e352be2ea835ad18b34a9c57295b6ed21c83353', 'sha256': '31ff9bb553ccb6f934326f48f77807c7fa91552b97c90e7d81138df5fd100361'}, 'dob': {'date': '1970-11-15T06:59:56.721Z', 'age': 53}, 'registered': {'date': '2004-12-26T04:51:07.219Z', 'age': 19}, 'phone': '029-38005969', 'cell': '0987-514-9940', 'id': {'name': '', 'value': None}, 'picture': {'large': 'https://randomuser.me/api/portraits/men/3.jpg', 'medium': 'https://randomuser.me/api/portraits/med/men/3.jpg', 'thumbnail': 'https://randomuser.me/api/portraits/thumb/men/3.jpg'}, 'nat': 'IR'}], 'info': {'seed': 'eaadd6bfe9f5c092', 'results': 1, 'page': 1, 'version': '1.4'}}</msg>
<arg>${json_data}</arg>
<doc>Logs the given message with the given level.</doc>
<status status="PASS" start="2024-05-29T14:14:24.775433" elapsed="0.000266"/>
</kw>
<kw name="Should Be String" owner="String">
<arg>${json_data['results'][0]['gender']}</arg>
<doc>Fails if the given ``item`` is not a string.</doc>
<status status="PASS" start="2024-05-29T14:14:24.776029" elapsed="0.000435"/>
</kw>
<kw name="Should Match Regexp" owner="BuiltIn">
<arg>${json_data['results'][0]['email']}</arg>
<arg>^[a-zA-Z0-9._%+-]+@[a-zA-Z0-9.-]+\.[a-zA-Z]{2,}$</arg>
<doc>Fails if ``string`` does not match ``pattern`` as a regular expression.</doc>
<status status="PASS" start="2024-05-29T14:14:24.776666" elapsed="0.000714"/>
</kw>
<kw name="Should Match Regexp" owner="BuiltIn">
<arg>${json_data['results'][0]['dob']['date']}</arg>
<arg>\\d{4}-\\d{2}-\\d{2}T\\d{2}:\\d{2}:\\d{2}\\.\\d{3}Z</arg>
<doc>Fails if ``string`` does not match ``pattern`` as a regular expression.</doc>
<status status="PASS" start="2024-05-29T14:14:24.777579" elapsed="0.000489"/>
</kw>
<kw name="Should Match Regexp" owner="BuiltIn">
<arg>${json_data['results'][0]['registered']['date']}</arg>
<arg>\\d{4}-\\d{2}-\\d{2}T\\d{2}:\\d{2}:\\d{2}\\.\\d{3}Z</arg>
<doc>Fails if ``string`` does not match ``pattern`` as a regular expression.</doc>
<status status="PASS" start="2024-05-29T14:14:24.778261" elapsed="0.000378"/>
</kw>
<kw name="Should Match Regexp" owner="BuiltIn">
<arg>${json_data['results'][0]['picture']['large']}</arg>
<arg>^https?://.*\.(?:png|jpe?g|gif|bmp)$</arg>
<doc>Fails if ``string`` does not match ``pattern`` as a regular expression.</doc>
<status status="PASS" start="2024-05-29T14:14:24.778828" elapsed="0.000463"/>
</kw>
<kw name="Should Match Regexp" owner="BuiltIn">
<arg>${json_data['results'][0]['picture']['medium']}</arg>
<arg>^https?://.*\.(?:png|jpe?g|gif|bmp)$</arg>
<doc>Fails if ``string`` does not match ``pattern`` as a regular expression.</doc>
<status status="PASS" start="2024-05-29T14:14:24.779481" elapsed="0.000354"/>
</kw>
<kw name="Should Match Regexp" owner="BuiltIn">
<arg>${json_data['results'][0]['picture']['thumbnail']}</arg>
<arg>^https?://.*\.(?:png|jpe?g|gif|bmp)$</arg>
<doc>Fails if ``string`` does not match ``pattern`` as a regular expression.</doc>
<status status="PASS" start="2024-05-29T14:14:24.780023" elapsed="0.000392"/>
</kw>
<kw name="Log" owner="BuiltIn">
<msg time="2024-05-29T14:14:24.780933" level="INFO">{'large': 'https://randomuser.me/api/portraits/men/3.jpg', 'medium': 'https://randomuser.me/api/portraits/med/men/3.jpg', 'thumbnail': 'https://randomuser.me/api/portraits/thumb/men/3.jpg'}</msg>
<arg>${json_data['results'][0]['picture']}</arg>
<doc>Logs the given message with the given level.</doc>
<status status="PASS" start="2024-05-29T14:14:24.780603" elapsed="0.000373"/>
</kw>
<status status="PASS" start="2024-05-29T14:14:24.683497" elapsed="0.097747"/>
</kw>
<kw name="Teste de Tipos de Dados - Postcode" owner="random-user-service">
<kw name="GET On Session" owner="RequestsLibrary">
<msg time="2024-05-29T14:14:24.889517" level="INFO">GET Request : url=https://randomuser.me/api 
 path_url=/api 
 headers={'User-Agent': 'python-requests/2.32.2', 'Accept-Encoding': 'gzip, deflate', 'Accept': '*/*', 'Connection': 'keep-alive'} 
 body=None 
 </msg>
<msg time="2024-05-29T14:14:24.889634" level="INFO">GET Response : url=https://randomuser.me/api 
 status=200, reason=OK 
 headers={'Date': 'Wed, 29 May 2024 14:14:24 GMT', 'Content-Type': 'application/json; charset=utf-8', 'Transfer-Encoding': 'chunked', 'Connection': 'keep-alive', 'X-Powered-By': 'Express', 'Access-Control-Allow-Origin': '*', 'Cache-Control': 'no-cache', 'ETag': 'W/"480-m4NNoxEk+yiFRRhUXw7Jb1CHQKw"', 'Vary': 'Accept-Encoding', 'Content-Encoding': 'gzip', 'CF-Cache-Status': 'DYNAMIC', 'Report-To': '{"endpoints":[{"url":"https:\\/\\/a.nel.cloudflare.com\\/report\\/v4?s=Rd4Vp8WjACEQSpKaCbQFe7m%2Fqq5NNDIckRpLzKnVWMyrJ1TajcyuTOAYtLYa3c1Bpy4MjiSqmpZs4bHR%2B7gBuzID8zerD2wdCDsvc34LKAyPhVXlqwgsTcRB2U1W30iJ"}],"group":"cf-nel","max_age":604800}', 'NEL': '{"success_fraction":0,"report_to":"cf-nel","max_age":604800}', 'Server': 'cloudflare', 'CF-RAY': '88b71734efc2235b-SJC', 'alt-svc': 'h3=":443"; ma=86400'} 
 body={"results":[{"gender":"male","name":{"title":"Mr","first":"Ayoub","last":"Myrene"},"location":{"street":{"number":1507,"name":"Ørakerfaret"},"city":"Øvre Årdal","state":"Nord-Trøndelag","country":"Norway","postcode":"2486","coordinates":{"latitude":"38.9207","longitude":"-116.7530"},"timezone":{"offset":"+7:00","description":"Bangkok, Hanoi, Jakarta"}},"email":"ayoub.myrene@example.com","login":{"uuid":"19d2ff6d-d1dd-4507-a948-e72f370f929a","username":"brownleopard941","password":"mann","salt":"1e12vaE3","md5":"94b790c517c584a76d2fb400aa1e67d2","sha1":"838b3e4aff2682631518cd179f95ec23150a60cf","sha256":"287361ccaab325ba2be0de65c1d005df87053d51ec93e14cf6eacf009d43b863"},"dob":{"date":"1972-01-28T07:49:15.898Z","age":52},"registered":{"date":"2004-10-05T16:35:37.828Z","age":19},"phone":"34095166","cell":"93720648","id":{"name":"FN","value":"28017221711"},"picture":{"large":"https://randomuser.me/api/portraits/men/94.jpg","medium":"https://randomuser.me/api/portraits/med/men/94.jpg","thumbnail":"https://randomuser.me/api/portraits/thumb/men/94.jpg"},"nat":"NO"}],"info":{"seed":"8888c28a00ee1a5f","results":1,"page":1,"version":"1.4"}} 
 </msg>
<msg time="2024-05-29T14:14:24.889732" level="INFO">/opt/hostedtoolcache/Python/3.12.3/x64/lib/python3.12/site-packages/urllib3/connectionpool.py:1103: InsecureRequestWarning: Unverified HTTPS request is being made to host 'randomuser.me'. Adding certificate verification is strongly advised. See: https://urllib3.readthedocs.io/en/latest/advanced-usage.html#tls-warnings
  warnings.warn(</msg>
<msg time="2024-05-29T14:14:24.889874" level="INFO">${response} = &lt;Response [200]&gt;</msg>
<var>${response}</var>
<arg>consultarAPI</arg>
<arg>/api</arg>
<doc>Sends a GET request on a previously created HTTP Session.</doc>
<status status="PASS" start="2024-05-29T14:14:24.781735" elapsed="0.108193"/>
</kw>
<kw name="Set Variable" owner="BuiltIn">
<msg time="2024-05-29T14:14:24.891150" level="INFO">${json_data} = {'results': [{'gender': 'male', 'name': {'title': 'Mr', 'first': 'Ayoub', 'last': 'Myrene'}, 'location': {'street': {'number': 1507, 'name': 'Ørakerfaret'}, 'city': 'Øvre Årdal', 'state': 'Nord-Trønde...</msg>
<var>${json_data}</var>
<arg>${response.json()}</arg>
<doc>Returns the given values which can then be assigned to a variables.</doc>
<status status="PASS" start="2024-05-29T14:14:24.890535" elapsed="0.000648"/>
</kw>
<kw name="Log" owner="BuiltIn">
<msg time="2024-05-29T14:14:24.891688" level="INFO">{'results': [{'gender': 'male', 'name': {'title': 'Mr', 'first': 'Ayoub', 'last': 'Myrene'}, 'location': {'street': {'number': 1507, 'name': 'Ørakerfaret'}, 'city': 'Øvre Årdal', 'state': 'Nord-Trøndelag', 'country': 'Norway', 'postcode': '2486', 'coordinates': {'latitude': '38.9207', 'longitude': '-116.7530'}, 'timezone': {'offset': '+7:00', 'description': 'Bangkok, Hanoi, Jakarta'}}, 'email': 'ayoub.myrene@example.com', 'login': {'uuid': '19d2ff6d-d1dd-4507-a948-e72f370f929a', 'username': 'brownleopard941', 'password': 'mann', 'salt': '1e12vaE3', 'md5': '94b790c517c584a76d2fb400aa1e67d2', 'sha1': '838b3e4aff2682631518cd179f95ec23150a60cf', 'sha256': '287361ccaab325ba2be0de65c1d005df87053d51ec93e14cf6eacf009d43b863'}, 'dob': {'date': '1972-01-28T07:49:15.898Z', 'age': 52}, 'registered': {'date': '2004-10-05T16:35:37.828Z', 'age': 19}, 'phone': '34095166', 'cell': '93720648', 'id': {'name': 'FN', 'value': '28017221711'}, 'picture': {'large': 'https://randomuser.me/api/portraits/men/94.jpg', 'medium': 'https://randomuser.me/api/portraits/med/men/94.jpg', 'thumbnail': 'https://randomuser.me/api/portraits/thumb/men/94.jpg'}, 'nat': 'NO'}], 'info': {'seed': '8888c28a00ee1a5f', 'results': 1, 'page': 1, 'version': '1.4'}}</msg>
<arg>${json_data}</arg>
<doc>Logs the given message with the given level.</doc>
<status status="PASS" start="2024-05-29T14:14:24.891523" elapsed="0.000258"/>
</kw>
<kw name="Should Be Equal As Numbers" owner="BuiltIn">
<arg>${json_data['results'][0]['location']['postcode']}</arg>
<arg>${json_data['results'][0]['location']['postcode']}</arg>
<doc>Fails if objects are unequal after converting them to real numbers.</doc>
<status status="PASS" start="2024-05-29T14:14:24.892098" elapsed="0.000727"/>
</kw>
<kw name="Log" owner="BuiltIn">
<msg time="2024-05-29T14:14:24.893386" level="INFO">2486</msg>
<arg>${json_data['results'][0]['location']['postcode']}</arg>
<doc>Logs the given message with the given level.</doc>
<status status="PASS" start="2024-05-29T14:14:24.893031" elapsed="0.000396"/>
</kw>
<status status="PASS" start="2024-05-29T14:14:24.781484" elapsed="0.112208"/>
</kw>
<doc>Testa se os tipos de dados na resposta da API estão corretos.</doc>
<tag>testeTiposDados</tag>
<status status="PASS" start="2024-05-29T14:14:24.682908" elapsed="0.210966"/>
</test>
<test id="s1-s1-t5" name="Validar conteudo" line="35">
<kw name="Teste de Tipos de Conteudo" owner="random-user-service">
<kw name="GET On Session" owner="RequestsLibrary">
<msg time="2024-05-29T14:14:24.981314" level="INFO">GET Request : url=https://randomuser.me/api 
 path_url=/api 
 headers={'User-Agent': 'python-requests/2.32.2', 'Accept-Encoding': 'gzip, deflate', 'Accept': '*/*', 'Connection': 'keep-alive'} 
 body=None 
 </msg>
<msg time="2024-05-29T14:14:24.981442" level="INFO">GET Response : url=https://randomuser.me/api 
 status=200, reason=OK 
 headers={'Date': 'Wed, 29 May 2024 14:14:24 GMT', 'Content-Type': 'application/json; charset=utf-8', 'Transfer-Encoding': 'chunked', 'Connection': 'keep-alive', 'X-Powered-By': 'Express', 'Access-Control-Allow-Origin': '*', 'Cache-Control': 'no-cache', 'ETag': 'W/"48b-sOnFZzhGzYMzpe/AC3lWRAh3u8Y"', 'Vary': 'Accept-Encoding', 'Content-Encoding': 'gzip', 'CF-Cache-Status': 'DYNAMIC', 'Report-To': '{"endpoints":[{"url":"https:\\/\\/a.nel.cloudflare.com\\/report\\/v4?s=Y8ZqJ1cBQXhsiJVpghdduxY56eVOnyPEIqoa0nb3i8XCIVYn4Zxm0F9FmE4M8GObB9zjAXdW28M6K7T752tW%2F%2Fwr%2BBywUL2OT3Om9QxsIESg1I0VBo8NFZ8vK7bHnuSN"}],"group":"cf-nel","max_age":604800}', 'NEL': '{"success_fraction":0,"report_to":"cf-nel","max_age":604800}', 'Server': 'cloudflare', 'CF-RAY': '88b71735a847235b-SJC', 'alt-svc': 'h3=":443"; ma=86400'} 
 body={"results":[{"gender":"male","name":{"title":"Mr","first":"میلاد","last":"سلطانی نژاد"},"location":{"street":{"number":497,"name":"میدان استقلال"},"city":"نجف‌آباد","state":"مرکزی","country":"Iran","postcode":30007,"coordinates":{"latitude":"16.6693","longitude":"-97.1593"},"timezone":{"offset":"-3:30","description":"Newfoundland"}},"email":"myld.sltnynjd@example.com","login":{"uuid":"e540aca3-26f8-43bd-b9a4-4efcfcdac7c2","username":"redfish352","password":"muffy","salt":"kA8FoRZC","md5":"389a04562b79164c51eb3812e87832a8","sha1":"61e8b72eb1ebaf7b69e26158322f5cc8d45a18be","sha256":"8b16a8e139c878d8cd3c8bdef6c1d4671543f6207969164190c3de4e2b0b5382"},"dob":{"date":"1996-06-18T14:22:38.986Z","age":27},"registered":{"date":"2021-06-30T16:09:00.991Z","age":2},"phone":"097-86747173","cell":"0997-670-9119","id":{"name":"","value":null},"picture":{"large":"https://randomuser.me/api/portraits/men/75.jpg","medium":"https://randomuser.me/api/portraits/med/men/75.jpg","thumbnail":"https://randomuser.me/api/portraits/thumb/men/75.jpg"},"nat":"IR"}],"info":{"seed":"a74718f2662f537e","results":1,"page":1,"version":"1.4"}} 
 </msg>
<msg time="2024-05-29T14:14:24.981546" level="INFO">/opt/hostedtoolcache/Python/3.12.3/x64/lib/python3.12/site-packages/urllib3/connectionpool.py:1103: InsecureRequestWarning: Unverified HTTPS request is being made to host 'randomuser.me'. Adding certificate verification is strongly advised. See: https://urllib3.readthedocs.io/en/latest/advanced-usage.html#tls-warnings
  warnings.warn(</msg>
<msg time="2024-05-29T14:14:24.981673" level="INFO">${response} = &lt;Response [200]&gt;</msg>
<var>${response}</var>
<arg>consultarAPI</arg>
<arg>/api</arg>
<doc>Sends a GET request on a previously created HTTP Session.</doc>
<status status="PASS" start="2024-05-29T14:14:24.896445" elapsed="0.085275"/>
</kw>
<kw name="Set Variable" owner="BuiltIn">
<msg time="2024-05-29T14:14:24.982897" level="INFO">${json_data} = {'results': [{'gender': 'male', 'name': {'title': 'Mr', 'first': 'میلاد', 'last': 'سلطانی نژاد'}, 'location': {'street': {'number': 497, 'name': 'میدان استقلال'}, 'city': 'نجف\u200cآباد', 'state': 'مر...</msg>
<var>${json_data}</var>
<arg>${response.json()}</arg>
<doc>Returns the given values which can then be assigned to a variables.</doc>
<status status="PASS" start="2024-05-29T14:14:24.982311" elapsed="0.000618"/>
</kw>
<kw name="Set Variable" owner="BuiltIn">
<msg time="2024-05-29T14:14:24.983646" level="INFO">${name_title} = Mr</msg>
<var>${name_title}</var>
<arg>${json_data["results"][0]["name"]["title"]}</arg>
<doc>Returns the given values which can then be assigned to a variables.</doc>
<status status="PASS" start="2024-05-29T14:14:24.983248" elapsed="0.000424"/>
</kw>
<kw name="Create List" owner="BuiltIn">
<msg time="2024-05-29T14:14:24.984132" level="INFO">${allowed_titles} = ['Mr', 'Ms', 'Miss', 'Mrs', 'Madame', 'Monsieur']</msg>
<var>${allowed_titles}</var>
<arg>Mr</arg>
<arg>Ms</arg>
<arg>Miss</arg>
<arg>Mrs</arg>
<arg>Madame</arg>
<arg>Monsieur</arg>
<doc>Returns a list containing given items.</doc>
<status status="PASS" start="2024-05-29T14:14:24.983980" elapsed="0.000213"/>
</kw>
<kw name="List Should Contain Value" owner="Collections">
<msg time="2024-05-29T14:14:24.984711" level="INFO">False</msg>
<arg>${allowed_titles}</arg>
<arg>${name_title}</arg>
<doc>Fails if the ``value`` is not found from ``list``.</doc>
<status status="PASS" start="2024-05-29T14:14:24.984526" elapsed="0.000223"/>
</kw>
<kw name="Set Variable" owner="BuiltIn">
<msg time="2024-05-29T14:14:24.985623" level="INFO">${name_country} = IR</msg>
<var>${name_country}</var>
<arg>${json_data["results"][0]["nat"]}</arg>
<doc>Returns the given values which can then be assigned to a variables.</doc>
<status status="PASS" start="2024-05-29T14:14:24.985053" elapsed="0.000595"/>
</kw>
<kw name="Create List" owner="BuiltIn">
<msg time="2024-05-29T14:14:24.986570" level="INFO">${list_country} = ['AD', 'AE', 'AF', 'AG', 'AI', 'AL', 'AM', 'AO', 'AQ', 'AR', 'AS', 'AT', 'AU', 'AW', 'AX', 'AZ', 'BA', 'BB', 'BD', 'BE', 'BF', 'BG', 'BH', 'BI', 'BJ', 'BL', 'BM', 'BN', 'BO', 'BQ', 'BR', 'BS', 'BT', '...</msg>
<var>${list_country}</var>
<arg>AD</arg>
<arg>AE</arg>
<arg>AF</arg>
<arg>AG</arg>
<arg>AI</arg>
<arg>AL</arg>
<arg>AM</arg>
<arg>AO</arg>
<arg>AQ</arg>
<arg>AR</arg>
<arg>AS</arg>
<arg>AT</arg>
<arg>AU</arg>
<arg>AW</arg>
<arg>AX</arg>
<arg>AZ</arg>
<arg>BA</arg>
<arg>BB</arg>
<arg>BD</arg>
<arg>BE</arg>
<arg>BF</arg>
<arg>BG</arg>
<arg>BH</arg>
<arg>BI</arg>
<arg>BJ</arg>
<arg>BL</arg>
<arg>BM</arg>
<arg>BN</arg>
<arg>BO</arg>
<arg>BQ</arg>
<arg>BR</arg>
<arg>BS</arg>
<arg>BT</arg>
<arg>BV</arg>
<arg>BW</arg>
<arg>BY</arg>
<arg>BZ</arg>
<arg>CA</arg>
<arg>CC</arg>
<arg>CD</arg>
<arg>CF</arg>
<arg>CG</arg>
<arg>CH</arg>
<arg>CI</arg>
<arg>CK</arg>
<arg>CL</arg>
<arg>CM</arg>
<arg>CN</arg>
<arg>CO</arg>
<arg>CR</arg>
<arg>CU</arg>
<arg>CV</arg>
<arg>CW</arg>
<arg>CX</arg>
<arg>CY</arg>
<arg>CZ</arg>
<arg>DE</arg>
<arg>DJ</arg>
<arg>DK</arg>
<arg>DM</arg>
<arg>DO</arg>
<arg>DZ</arg>
<arg>EC</arg>
<arg>EE</arg>
<arg>EG</arg>
<arg>EH</arg>
<arg>ER</arg>
<arg>ES</arg>
<arg>ET</arg>
<arg>FI</arg>
<arg>FJ</arg>
<arg>FK</arg>
<arg>FM</arg>
<arg>FO</arg>
<arg>FR</arg>
<arg>GA</arg>
<arg>GB</arg>
<arg>GD</arg>
<arg>GE</arg>
<arg>GF</arg>
<arg>GG</arg>
<arg>GH</arg>
<arg>GI</arg>
<arg>GL</arg>
<arg>GM</arg>
<arg>GN</arg>
<arg>GP</arg>
<arg>GQ</arg>
<arg>GR</arg>
<arg>GS</arg>
<arg>GT</arg>
<arg>GU</arg>
<arg>GW</arg>
<arg>GY</arg>
<arg>HK</arg>
<arg>HM</arg>
<arg>HN</arg>
<arg>HR</arg>
<arg>HT</arg>
<arg>HU</arg>
<arg>ID</arg>
<arg>IE</arg>
<arg>IL</arg>
<arg>IM</arg>
<arg>IN</arg>
<arg>IO</arg>
<arg>IQ</arg>
<arg>IR</arg>
<arg>IS</arg>
<arg>IT</arg>
<arg>JE</arg>
<arg>JM</arg>
<arg>JO</arg>
<arg>JP</arg>
<arg>KE</arg>
<arg>KG</arg>
<arg>KH</arg>
<arg>KI</arg>
<arg>KM</arg>
<arg>KN</arg>
<arg>KP</arg>
<arg>KR</arg>
<arg>KW</arg>
<arg>KY</arg>
<arg>KZ</arg>
<arg>LA</arg>
<arg>LB</arg>
<arg>LC</arg>
<arg>LI</arg>
<arg>LK</arg>
<arg>LR</arg>
<arg>LS</arg>
<arg>LT</arg>
<arg>LU</arg>
<arg>LV</arg>
<arg>LY</arg>
<arg>MA</arg>
<arg>MC</arg>
<arg>MD</arg>
<arg>ME</arg>
<arg>MF</arg>
<arg>MG</arg>
<arg>MH</arg>
<arg>MK</arg>
<arg>ML</arg>
<arg>MM</arg>
<arg>MN</arg>
<arg>MO</arg>
<arg>MP</arg>
<arg>MQ</arg>
<arg>MR</arg>
<arg>MS</arg>
<arg>MT</arg>
<arg>MU</arg>
<arg>MV</arg>
<arg>MW</arg>
<arg>MX</arg>
<arg>MY</arg>
<arg>MZ</arg>
<arg>NA</arg>
<arg>NC</arg>
<arg>NE</arg>
<arg>NF</arg>
<arg>NG</arg>
<arg>NI</arg>
<arg>NL</arg>
<arg>NO</arg>
<arg>NP</arg>
<arg>NR</arg>
<arg>NU</arg>
<arg>NZ</arg>
<arg>OM</arg>
<arg>PA</arg>
<arg>PE</arg>
<arg>PF</arg>
<arg>PG</arg>
<arg>PH</arg>
<arg>PK</arg>
<arg>PL</arg>
<arg>PM</arg>
<arg>PN</arg>
<arg>PR</arg>
<arg>PS</arg>
<arg>PT</arg>
<arg>PW</arg>
<arg>PY</arg>
<arg>QA</arg>
<arg>RE</arg>
<arg>RO</arg>
<arg>RS</arg>
<arg>RU</arg>
<arg>RW</arg>
<arg>SA</arg>
<arg>SB</arg>
<arg>SC</arg>
<arg>SD</arg>
<arg>SE</arg>
<arg>SG</arg>
<arg>SH</arg>
<arg>SI</arg>
<arg>SJ</arg>
<arg>SK</arg>
<arg>SL</arg>
<arg>SM</arg>
<arg>SN</arg>
<arg>SO</arg>
<arg>SR</arg>
<arg>SS</arg>
<arg>ST</arg>
<arg>SV</arg>
<arg>SX</arg>
<arg>SY</arg>
<arg>SZ</arg>
<arg>TC</arg>
<arg>TD</arg>
<arg>TF</arg>
<arg>TG</arg>
<arg>TH</arg>
<arg>TJ</arg>
<arg>TK</arg>
<arg>TL</arg>
<arg>TM</arg>
<arg>TN</arg>
<arg>TO</arg>
<arg>TR</arg>
<arg>TT</arg>
<arg>TV</arg>
<arg>TW</arg>
<arg>TZ</arg>
<arg>UA</arg>
<arg>UG</arg>
<arg>UM</arg>
<arg>US</arg>
<arg>UY</arg>
<arg>UZ</arg>
<arg>VA</arg>
<arg>VC</arg>
<arg>VE</arg>
<arg>VG</arg>
<arg>VI</arg>
<arg>VN</arg>
<arg>VU</arg>
<arg>WF</arg>
<arg>WS</arg>
<arg>XK</arg>
<arg>YE</arg>
<arg>YT</arg>
<arg>ZA</arg>
<arg>ZM</arg>
<arg>ZW</arg>
<doc>Returns a list containing given items.</doc>
<status status="PASS" start="2024-05-29T14:14:24.985961" elapsed="0.000636"/>
</kw>
<kw name="List Should Contain Value" owner="Collections">
<msg time="2024-05-29T14:14:24.987599" level="INFO">False</msg>
<arg>${list_country}</arg>
<arg>${name_country}</arg>
<doc>Fails if the ``value`` is not found from ``list``.</doc>
<status status="PASS" start="2024-05-29T14:14:24.987391" elapsed="0.000245"/>
</kw>
<kw name="Run Keyword If" owner="BuiltIn">
<kw name="Should Be True" owner="BuiltIn">
<arg>${True}</arg>
<doc>Fails if the given condition is not true.</doc>
<status status="PASS" start="2024-05-29T14:14:24.988744" elapsed="0.000147"/>
</kw>
<arg>${json_data["results"][0]["location"]["coordinates"]["latitude"]} &gt;= -90 and ${json_data["results"][0]["location"]["coordinates"]["latitude"]} &lt;= 90</arg>
<arg>Should Be True</arg>
<arg>${True}</arg>
<doc>Runs the given keyword with the given arguments, if ``condition`` is true.</doc>
<status status="PASS" start="2024-05-29T14:14:24.987955" elapsed="0.001063"/>
</kw>
<kw name="Run Keyword If" owner="BuiltIn">
<kw name="Should Be True" owner="BuiltIn">
<arg>${True}</arg>
<doc>Fails if the given condition is not true.</doc>
<status status="PASS" start="2024-05-29T14:14:24.989895" elapsed="0.000139"/>
</kw>
<arg>${json_data["results"][0]["location"]["coordinates"]["longitude"]} &gt;= -180 and ${json_data["results"][0]["location"]["coordinates"]["longitude"]} &lt;= 180</arg>
<arg>Should Be True</arg>
<arg>${True}</arg>
<doc>Runs the given keyword with the given arguments, if ``condition`` is true.</doc>
<status status="PASS" start="2024-05-29T14:14:24.989205" elapsed="0.000953"/>
</kw>
<status status="PASS" start="2024-05-29T14:14:24.896199" elapsed="0.094093"/>
</kw>
<doc>Testa o conteúdo específico dos campos retornados pela API.</doc>
<tag>testeConteudo</tag>
<status status="PASS" start="2024-05-29T14:14:24.895701" elapsed="0.094749"/>
</test>
<status status="PASS" start="2024-05-29T14:14:24.107073" elapsed="0.885372"/>
</suite>
<status status="PASS" start="2024-05-29T14:14:24.093033" elapsed="0.904645"/>
</suite>
<statistics>
<total>
<stat pass="5" fail="0" skip="0">All Tests</stat>
</total>
<tag>
<stat pass="1" fail="0" skip="0">testeConteudo</stat>
<stat pass="1" fail="0" skip="0">testeEstruturaResposta</stat>
<stat pass="1" fail="0" skip="0">testeRequisicaoBasica</stat>
<stat pass="1" fail="0" skip="0">testeTiposDados</stat>
</tag>
<suite>
<stat pass="5" fail="0" skip="0" id="s1" name="Tests">Tests</stat>
<stat pass="5" fail="0" skip="0" id="s1-s1" name="Random-User-Test">Tests.Random-User-Test</stat>
</suite>
</statistics>
<errors>
</errors>
</robot>
