<?xml version="1.0" encoding="UTF-8"?>
<robot generator="Robot 7.0 (Python 3.12.3 on linux)" generated="2024-05-12T05:14:32.168022" rpa="false" schemaversion="5">
<suite id="s1" name="Tests" source="/home/runner/work/DesafioQAItauRogerioJordao/DesafioQAItauRogerioJordao/RamdonUser/tests">
<suite id="s1-s1" name="Random-User-Test" source="/home/runner/work/DesafioQAItauRogerioJordao/DesafioQAItauRogerioJordao/RamdonUser/tests/random-user-test.robot">
<test id="s1-s1-t1" name="Conectar" line="13">
<kw name="Conectar API" owner="random-user-service">
<kw name="Create Session" owner="RequestsLibrary">
<msg time="2024-05-12T05:14:32.537429" level="INFO">Creating Session using : alias=consultarAPI, url=https://randomuser.me/, headers={},                     cookies={}, auth=None, timeout=None, proxies=None, verify=False,                     debug=0 </msg>
<arg>consultarAPI</arg>
<arg>${URL}</arg>
<doc>Create Session: create a HTTP session to a server</doc>
<status status="PASS" start="2024-05-12T05:14:32.537224" elapsed="0.000396"/>
</kw>
<status status="PASS" start="2024-05-12T05:14:32.536244" elapsed="0.001738"/>
</kw>
<status status="PASS" start="2024-05-12T05:14:32.535686" elapsed="0.002491"/>
</test>
<test id="s1-s1-t2" name="Validar retorno 200 e JSON Válido" line="16">
<kw name="Teste de Requisicao Basica" owner="random-user-service">
<kw name="GET On Session" owner="RequestsLibrary">
<msg time="2024-05-12T05:14:32.623478" level="INFO">GET Request : url=https://randomuser.me/api 
 path_url=/api 
 headers={'User-Agent': 'python-requests/2.31.0', 'Accept-Encoding': 'gzip, deflate', 'Accept': '*/*', 'Connection': 'keep-alive'} 
 body=None 
 </msg>
<msg time="2024-05-12T05:14:32.623655" level="INFO">GET Response : url=https://randomuser.me/api 
 status=200, reason=OK 
 headers={'Date': 'Sun, 12 May 2024 05:14:32 GMT', 'Content-Type': 'application/json; charset=utf-8', 'Transfer-Encoding': 'chunked', 'Connection': 'keep-alive', 'X-Powered-By': 'Express', 'Access-Control-Allow-Origin': '*', 'Cache-Control': 'no-cache', 'ETag': 'W/"4b0-TwISCdzdubdQ7+S5EeZlVMf9ujw"', 'Vary': 'Accept-Encoding', 'Content-Encoding': 'gzip', 'CF-Cache-Status': 'DYNAMIC', 'Report-To': '{"endpoints":[{"url":"https:\\/\\/a.nel.cloudflare.com\\/report\\/v4?s=ussx6jcUDRAWARjhsapsIvcsqQrM%2FRV%2FJ6wzS75C251KGejX8J%2FnW5qu3NTKY6ReT7f73yKlVC957cClhiaR3fg%2Ff9kftkgBZ6MsHGWAUMB1k4oPIfgGpRUEBMvj6T2e"}],"group":"cf-nel","max_age":604800}', 'NEL': '{"success_fraction":0,"report_to":"cf-nel","max_age":604800}', 'Server': 'cloudflare', 'CF-RAY': '8827ed01afc8acb1-ORD', 'alt-svc': 'h3=":443"; ma=86400'} 
 body={"results":[{"gender":"male","name":{"title":"Mr","first":"پارسا","last":"کوتی"},"location":{"street":{"number":6320,"name":"شهید علی باستانی"},"city":"اردبیل","state":"آذربایجان شرقی","country":"Iran","postcode":49670,"coordinates":{"latitude":"16.9928","longitude":"-149.5264"},"timezone":{"offset":"+3:00","description":"Baghdad, Riyadh, Moscow, St. Petersburg"}},"email":"prs.khwty@example.com","login":{"uuid":"ee8a7107-09df-4d9c-9f78-275685be6dd8","username":"lazyleopard243","password":"veronika","salt":"bJZ71JW2","md5":"69397cf1bd1d68fd3ab6e9234965be0d","sha1":"bfcd5929ca2d5cba79a7b01c7daf548e773c6a55","sha256":"6990ce4c0976e5c32605198cab7ccd047e1b25ff1513ecc367fb9894a599af1f"},"dob":{"date":"1972-11-29T17:25:41.745Z","age":51},"registered":{"date":"2009-04-04T10:58:41.132Z","age":15},"phone":"053-68488520","cell":"0971-737-5343","id":{"name":"","value":null},"picture":{"large":"https://randomuser.me/api/portraits/men/38.jpg","medium":"https://randomuser.me/api/portraits/med/men/38.jpg","thumbnail":"https://randomuser.me/api/portraits/thumb/men/38.jpg"},"nat":"IR"}],"info":{"seed":"1592f7c862ffe273","results":1,"page":1,"version":"1.4"}} 
 </msg>
<msg time="2024-05-12T05:14:32.623760" level="INFO">/opt/hostedtoolcache/Python/3.12.3/x64/lib/python3.12/site-packages/urllib3/connectionpool.py:1103: InsecureRequestWarning: Unverified HTTPS request is being made to host 'randomuser.me'. Adding certificate verification is strongly advised. See: https://urllib3.readthedocs.io/en/latest/advanced-usage.html#tls-warnings
  warnings.warn(</msg>
<msg time="2024-05-12T05:14:32.623900" level="INFO">${response} = &lt;Response [200]&gt;</msg>
<var>${response}</var>
<arg>consultarAPI</arg>
<arg>/api</arg>
<doc>Sends a GET request on a previously created HTTP Session.</doc>
<status status="PASS" start="2024-05-12T05:14:32.540812" elapsed="0.083132"/>
</kw>
<kw name="Should Be Equal As Numbers" owner="BuiltIn">
<msg time="2024-05-12T05:14:32.624987" level="INFO">Argument types are:
&lt;class 'int'&gt;
&lt;class 'str'&gt;</msg>
<arg>${response.status_code}</arg>
<arg>200</arg>
<doc>Fails if objects are unequal after converting them to real numbers.</doc>
<status status="PASS" start="2024-05-12T05:14:32.624501" elapsed="0.000556"/>
</kw>
<kw name="Log" owner="BuiltIn">
<msg time="2024-05-12T05:14:32.625826" level="INFO">200</msg>
<arg>${response.status_code}</arg>
<doc>Logs the given message with the given level.</doc>
<status status="PASS" start="2024-05-12T05:14:32.625452" elapsed="0.000418"/>
</kw>
<kw name="Set Variable" owner="BuiltIn">
<msg time="2024-05-12T05:14:32.626686" level="INFO">${json_data} = {'results': [{'gender': 'male', 'name': {'title': 'Mr', 'first': 'پارسا', 'last': 'کوتی'}, 'location': {'street': {'number': 6320, 'name': 'شهید علی باستانی'}, 'city': 'اردبیل', 'state': 'آذربایجان شر...</msg>
<var>${json_data}</var>
<arg>${response.json()}</arg>
<doc>Returns the given values which can then be assigned to a variables.</doc>
<status status="PASS" start="2024-05-12T05:14:32.626184" elapsed="0.000534"/>
</kw>
<kw name="Dictionary Should Contain Key" owner="Collections">
<msg time="2024-05-12T05:14:32.627201" level="INFO">False</msg>
<arg>${json_data}</arg>
<arg>results</arg>
<doc>Fails if ``key`` is not found from ``dictionary``.</doc>
<status status="PASS" start="2024-05-12T05:14:32.627031" elapsed="0.000211"/>
</kw>
<status status="PASS" start="2024-05-12T05:14:32.540566" elapsed="0.086937"/>
</kw>
<doc>Testa se a API responde corretamente e retorna um objeto JSON válido.</doc>
<tag>testeRequisicaoBasica</tag>
<status status="PASS" start="2024-05-12T05:14:32.540101" elapsed="0.087588"/>
</test>
<test id="s1-s1-t3" name="Validar estrutura de resposta" line="22">
<kw name="Teste de Estrutura de Resposta" owner="random-user-service">
<kw name="GET On Session" owner="RequestsLibrary">
<msg time="2024-05-12T05:14:32.760796" level="INFO">GET Request : url=https://randomuser.me/api 
 path_url=/api 
 headers={'User-Agent': 'python-requests/2.31.0', 'Accept-Encoding': 'gzip, deflate', 'Accept': '*/*', 'Connection': 'keep-alive'} 
 body=None 
 </msg>
<msg time="2024-05-12T05:14:32.760904" level="INFO">GET Response : url=https://randomuser.me/api 
 status=200, reason=OK 
 headers={'Date': 'Sun, 12 May 2024 05:14:32 GMT', 'Content-Type': 'application/json; charset=utf-8', 'Transfer-Encoding': 'chunked', 'Connection': 'keep-alive', 'X-Powered-By': 'Express', 'Access-Control-Allow-Origin': '*', 'Cache-Control': 'no-cache', 'ETag': 'W/"491-8LiSOFsSJWAloua+3eTy48gz5IM"', 'Vary': 'Accept-Encoding', 'Content-Encoding': 'gzip', 'CF-Cache-Status': 'DYNAMIC', 'Report-To': '{"endpoints":[{"url":"https:\\/\\/a.nel.cloudflare.com\\/report\\/v4?s=RGsLoowsMEySOfJ9h8fFmd40CCM9Fm6DMXW7HHTLblUbMX2v2fyZnPfQWij39ld4obOCGQ1GLLVlAQSWwXO%2FH%2FK2wMCGDxY%2FC%2Bmj9GJmElvB%2F3I8e3%2BV7wnUVs6EnhQt"}],"group":"cf-nel","max_age":604800}', 'NEL': '{"success_fraction":0,"report_to":"cf-nel","max_age":604800}', 'Server': 'cloudflare', 'CF-RAY': '8827ed01f88facb1-ORD', 'alt-svc': 'h3=":443"; ma=86400'} 
 body={"results":[{"gender":"male","name":{"title":"Mr","first":"Silas","last":"Olsen"},"location":{"street":{"number":8921,"name":"Vejlby Toften"},"city":"Brøndby Strand","state":"Syddanmark","country":"Denmark","postcode":23101,"coordinates":{"latitude":"-46.5936","longitude":"-73.0615"},"timezone":{"offset":"+3:00","description":"Baghdad, Riyadh, Moscow, St. Petersburg"}},"email":"silas.olsen@example.com","login":{"uuid":"db8ee2e2-d502-4d7e-a398-eb625e962e26","username":"organicleopard888","password":"clown","salt":"2udi1C54","md5":"c8e5e39ba1513ccab8c5c6ef73fa3e8b","sha1":"3dc580ed6d69c44e199d2c5be5349f4c8fa9998e","sha256":"370cce6bf13ead0251ecd8e2188f6077d53b37c04d5ad1e0ffbe66088924cdc6"},"dob":{"date":"1985-08-05T10:12:22.834Z","age":38},"registered":{"date":"2010-07-20T10:15:20.991Z","age":13},"phone":"38631913","cell":"94108169","id":{"name":"CPR","value":"050885-6906"},"picture":{"large":"https://randomuser.me/api/portraits/men/13.jpg","medium":"https://randomuser.me/api/portraits/med/men/13.jpg","thumbnail":"https://randomuser.me/api/portraits/thumb/men/13.jpg"},"nat":"DK"}],"info":{"seed":"02d5274e05bbbb9b","results":1,"page":1,"version":"1.4"}} 
 </msg>
<msg time="2024-05-12T05:14:32.761045" level="INFO">/opt/hostedtoolcache/Python/3.12.3/x64/lib/python3.12/site-packages/urllib3/connectionpool.py:1103: InsecureRequestWarning: Unverified HTTPS request is being made to host 'randomuser.me'. Adding certificate verification is strongly advised. See: https://urllib3.readthedocs.io/en/latest/advanced-usage.html#tls-warnings
  warnings.warn(</msg>
<msg time="2024-05-12T05:14:32.761173" level="INFO">${response} = &lt;Response [200]&gt;</msg>
<var>${response}</var>
<arg>consultarAPI</arg>
<arg>/api</arg>
<doc>Sends a GET request on a previously created HTTP Session.</doc>
<status status="PASS" start="2024-05-12T05:14:32.630743" elapsed="0.130472"/>
</kw>
<kw name="Set Variable" owner="BuiltIn">
<msg time="2024-05-12T05:14:32.762386" level="INFO">${json_data} = {'results': [{'gender': 'male', 'name': {'title': 'Mr', 'first': 'Silas', 'last': 'Olsen'}, 'location': {'street': {'number': 8921, 'name': 'Vejlby Toften'}, 'city': 'Brøndby Strand', 'state': 'Syddan...</msg>
<var>${json_data}</var>
<arg>${response.json()}</arg>
<doc>Returns the given values which can then be assigned to a variables.</doc>
<status status="PASS" start="2024-05-12T05:14:32.761801" elapsed="0.000614"/>
</kw>
<kw name="Log" owner="BuiltIn">
<msg time="2024-05-12T05:14:32.762987" level="INFO">{'results': [{'gender': 'male', 'name': {'title': 'Mr', 'first': 'Silas', 'last': 'Olsen'}, 'location': {'street': {'number': 8921, 'name': 'Vejlby Toften'}, 'city': 'Brøndby Strand', 'state': 'Syddanmark', 'country': 'Denmark', 'postcode': 23101, 'coordinates': {'latitude': '-46.5936', 'longitude': '-73.0615'}, 'timezone': {'offset': '+3:00', 'description': 'Baghdad, Riyadh, Moscow, St. Petersburg'}}, 'email': 'silas.olsen@example.com', 'login': {'uuid': 'db8ee2e2-d502-4d7e-a398-eb625e962e26', 'username': 'organicleopard888', 'password': 'clown', 'salt': '2udi1C54', 'md5': 'c8e5e39ba1513ccab8c5c6ef73fa3e8b', 'sha1': '3dc580ed6d69c44e199d2c5be5349f4c8fa9998e', 'sha256': '370cce6bf13ead0251ecd8e2188f6077d53b37c04d5ad1e0ffbe66088924cdc6'}, 'dob': {'date': '1985-08-05T10:12:22.834Z', 'age': 38}, 'registered': {'date': '2010-07-20T10:15:20.991Z', 'age': 13}, 'phone': '38631913', 'cell': '94108169', 'id': {'name': 'CPR', 'value': '050885-6906'}, 'picture': {'large': 'https://randomuser.me/api/portraits/men/13.jpg', 'medium': 'https://randomuser.me/api/portraits/med/men/13.jpg', 'thumbnail': 'https://randomuser.me/api/portraits/thumb/men/13.jpg'}, 'nat': 'DK'}], 'info': {'seed': '02d5274e05bbbb9b', 'results': 1, 'page': 1, 'version': '1.4'}}</msg>
<arg>${json_data}</arg>
<doc>Logs the given message with the given level.</doc>
<status status="PASS" start="2024-05-12T05:14:32.762810" elapsed="0.000229"/>
</kw>
<kw name="Dictionary Should Contain Key" owner="Collections">
<msg time="2024-05-12T05:14:32.763518" level="INFO">False</msg>
<arg>${json_data}</arg>
<arg>results</arg>
<doc>Fails if ``key`` is not found from ``dictionary``.</doc>
<status status="PASS" start="2024-05-12T05:14:32.763357" elapsed="0.000198"/>
</kw>
<kw name="Should Not Be Empty" owner="BuiltIn">
<msg time="2024-05-12T05:14:32.764003" level="INFO">Length is 2.</msg>
<arg>${json_data}</arg>
<doc>Verifies that the given item is not empty.</doc>
<status status="PASS" start="2024-05-12T05:14:32.763865" elapsed="0.000178"/>
</kw>
<kw name="Create List" owner="BuiltIn">
<msg time="2024-05-12T05:14:32.764651" level="INFO">${expected_keys} = ['gender', 'name', 'location', 'email', 'login']</msg>
<var>${expected_keys}</var>
<arg>gender</arg>
<arg>name</arg>
<arg>location</arg>
<arg>email</arg>
<arg>login</arg>
<doc>Returns a list containing given items.</doc>
<status status="PASS" start="2024-05-12T05:14:32.764338" elapsed="0.000338"/>
</kw>
<for flavor="IN">
<iter>
<kw name="Dictionary Should Contain Key" owner="Collections">
<msg time="2024-05-12T05:14:32.765684" level="INFO">False</msg>
<arg>${json_data['results'][0]}</arg>
<arg>${key}</arg>
<doc>Fails if ``key`` is not found from ``dictionary``.</doc>
<status status="PASS" start="2024-05-12T05:14:32.765275" elapsed="0.000448"/>
</kw>
<kw name="Log" owner="BuiltIn">
<msg time="2024-05-12T05:14:32.766400" level="INFO">{'gender': 'male', 'name': {'title': 'Mr', 'first': 'Silas', 'last': 'Olsen'}, 'location': {'street': {'number': 8921, 'name': 'Vejlby Toften'}, 'city': 'Brøndby Strand', 'state': 'Syddanmark', 'country': 'Denmark', 'postcode': 23101, 'coordinates': {'latitude': '-46.5936', 'longitude': '-73.0615'}, 'timezone': {'offset': '+3:00', 'description': 'Baghdad, Riyadh, Moscow, St. Petersburg'}}, 'email': 'silas.olsen@example.com', 'login': {'uuid': 'db8ee2e2-d502-4d7e-a398-eb625e962e26', 'username': 'organicleopard888', 'password': 'clown', 'salt': '2udi1C54', 'md5': 'c8e5e39ba1513ccab8c5c6ef73fa3e8b', 'sha1': '3dc580ed6d69c44e199d2c5be5349f4c8fa9998e', 'sha256': '370cce6bf13ead0251ecd8e2188f6077d53b37c04d5ad1e0ffbe66088924cdc6'}, 'dob': {'date': '1985-08-05T10:12:22.834Z', 'age': 38}, 'registered': {'date': '2010-07-20T10:15:20.991Z', 'age': 13}, 'phone': '38631913', 'cell': '94108169', 'id': {'name': 'CPR', 'value': '050885-6906'}, 'picture': {'large': 'https://randomuser.me/api/portraits/men/13.jpg', 'medium': 'https://randomuser.me/api/portraits/med/men/13.jpg', 'thumbnail': 'https://randomuser.me/api/portraits/thumb/men/13.jpg'}, 'nat': 'DK'}</msg>
<arg>${json_data['results'][0]}</arg>
<doc>Logs the given message with the given level.</doc>
<status status="PASS" start="2024-05-12T05:14:32.766027" elapsed="0.000424"/>
</kw>
<kw name="Log" owner="BuiltIn">
<msg time="2024-05-12T05:14:32.766909" level="INFO">gender</msg>
<arg>${key}</arg>
<doc>Logs the given message with the given level.</doc>
<status status="PASS" start="2024-05-12T05:14:32.766781" elapsed="0.000166"/>
</kw>
<var name="${key}">gender</var>
<status status="PASS" start="2024-05-12T05:14:32.765148" elapsed="0.002017"/>
</iter>
<iter>
<kw name="Dictionary Should Contain Key" owner="Collections">
<msg time="2024-05-12T05:14:32.767848" level="INFO">False</msg>
<arg>${json_data['results'][0]}</arg>
<arg>${key}</arg>
<doc>Fails if ``key`` is not found from ``dictionary``.</doc>
<status status="PASS" start="2024-05-12T05:14:32.767469" elapsed="0.000417"/>
</kw>
<kw name="Log" owner="BuiltIn">
<msg time="2024-05-12T05:14:32.768578" level="INFO">{'gender': 'male', 'name': {'title': 'Mr', 'first': 'Silas', 'last': 'Olsen'}, 'location': {'street': {'number': 8921, 'name': 'Vejlby Toften'}, 'city': 'Brøndby Strand', 'state': 'Syddanmark', 'country': 'Denmark', 'postcode': 23101, 'coordinates': {'latitude': '-46.5936', 'longitude': '-73.0615'}, 'timezone': {'offset': '+3:00', 'description': 'Baghdad, Riyadh, Moscow, St. Petersburg'}}, 'email': 'silas.olsen@example.com', 'login': {'uuid': 'db8ee2e2-d502-4d7e-a398-eb625e962e26', 'username': 'organicleopard888', 'password': 'clown', 'salt': '2udi1C54', 'md5': 'c8e5e39ba1513ccab8c5c6ef73fa3e8b', 'sha1': '3dc580ed6d69c44e199d2c5be5349f4c8fa9998e', 'sha256': '370cce6bf13ead0251ecd8e2188f6077d53b37c04d5ad1e0ffbe66088924cdc6'}, 'dob': {'date': '1985-08-05T10:12:22.834Z', 'age': 38}, 'registered': {'date': '2010-07-20T10:15:20.991Z', 'age': 13}, 'phone': '38631913', 'cell': '94108169', 'id': {'name': 'CPR', 'value': '050885-6906'}, 'picture': {'large': 'https://randomuser.me/api/portraits/men/13.jpg', 'medium': 'https://randomuser.me/api/portraits/med/men/13.jpg', 'thumbnail': 'https://randomuser.me/api/portraits/thumb/men/13.jpg'}, 'nat': 'DK'}</msg>
<arg>${json_data['results'][0]}</arg>
<doc>Logs the given message with the given level.</doc>
<status status="PASS" start="2024-05-12T05:14:32.768209" elapsed="0.000419"/>
</kw>
<kw name="Log" owner="BuiltIn">
<msg time="2024-05-12T05:14:32.769047" level="INFO">name</msg>
<arg>${key}</arg>
<doc>Logs the given message with the given level.</doc>
<status status="PASS" start="2024-05-12T05:14:32.768922" elapsed="0.000162"/>
</kw>
<var name="${key}">name</var>
<status status="PASS" start="2024-05-12T05:14:32.767354" elapsed="0.001943"/>
</iter>
<iter>
<kw name="Dictionary Should Contain Key" owner="Collections">
<msg time="2024-05-12T05:14:32.769962" level="INFO">False</msg>
<arg>${json_data['results'][0]}</arg>
<arg>${key}</arg>
<doc>Fails if ``key`` is not found from ``dictionary``.</doc>
<status status="PASS" start="2024-05-12T05:14:32.769582" elapsed="0.000417"/>
</kw>
<kw name="Log" owner="BuiltIn">
<msg time="2024-05-12T05:14:32.770691" level="INFO">{'gender': 'male', 'name': {'title': 'Mr', 'first': 'Silas', 'last': 'Olsen'}, 'location': {'street': {'number': 8921, 'name': 'Vejlby Toften'}, 'city': 'Brøndby Strand', 'state': 'Syddanmark', 'country': 'Denmark', 'postcode': 23101, 'coordinates': {'latitude': '-46.5936', 'longitude': '-73.0615'}, 'timezone': {'offset': '+3:00', 'description': 'Baghdad, Riyadh, Moscow, St. Petersburg'}}, 'email': 'silas.olsen@example.com', 'login': {'uuid': 'db8ee2e2-d502-4d7e-a398-eb625e962e26', 'username': 'organicleopard888', 'password': 'clown', 'salt': '2udi1C54', 'md5': 'c8e5e39ba1513ccab8c5c6ef73fa3e8b', 'sha1': '3dc580ed6d69c44e199d2c5be5349f4c8fa9998e', 'sha256': '370cce6bf13ead0251ecd8e2188f6077d53b37c04d5ad1e0ffbe66088924cdc6'}, 'dob': {'date': '1985-08-05T10:12:22.834Z', 'age': 38}, 'registered': {'date': '2010-07-20T10:15:20.991Z', 'age': 13}, 'phone': '38631913', 'cell': '94108169', 'id': {'name': 'CPR', 'value': '050885-6906'}, 'picture': {'large': 'https://randomuser.me/api/portraits/men/13.jpg', 'medium': 'https://randomuser.me/api/portraits/med/men/13.jpg', 'thumbnail': 'https://randomuser.me/api/portraits/thumb/men/13.jpg'}, 'nat': 'DK'}</msg>
<arg>${json_data['results'][0]}</arg>
<doc>Logs the given message with the given level.</doc>
<status status="PASS" start="2024-05-12T05:14:32.770295" elapsed="0.000447"/>
</kw>
<kw name="Log" owner="BuiltIn">
<msg time="2024-05-12T05:14:32.771163" level="INFO">location</msg>
<arg>${key}</arg>
<doc>Logs the given message with the given level.</doc>
<status status="PASS" start="2024-05-12T05:14:32.771038" elapsed="0.000162"/>
</kw>
<var name="${key}">location</var>
<status status="PASS" start="2024-05-12T05:14:32.769472" elapsed="0.001941"/>
</iter>
<iter>
<kw name="Dictionary Should Contain Key" owner="Collections">
<msg time="2024-05-12T05:14:32.772078" level="INFO">False</msg>
<arg>${json_data['results'][0]}</arg>
<arg>${key}</arg>
<doc>Fails if ``key`` is not found from ``dictionary``.</doc>
<status status="PASS" start="2024-05-12T05:14:32.771694" elapsed="0.000421"/>
</kw>
<kw name="Log" owner="BuiltIn">
<msg time="2024-05-12T05:14:32.772773" level="INFO">{'gender': 'male', 'name': {'title': 'Mr', 'first': 'Silas', 'last': 'Olsen'}, 'location': {'street': {'number': 8921, 'name': 'Vejlby Toften'}, 'city': 'Brøndby Strand', 'state': 'Syddanmark', 'country': 'Denmark', 'postcode': 23101, 'coordinates': {'latitude': '-46.5936', 'longitude': '-73.0615'}, 'timezone': {'offset': '+3:00', 'description': 'Baghdad, Riyadh, Moscow, St. Petersburg'}}, 'email': 'silas.olsen@example.com', 'login': {'uuid': 'db8ee2e2-d502-4d7e-a398-eb625e962e26', 'username': 'organicleopard888', 'password': 'clown', 'salt': '2udi1C54', 'md5': 'c8e5e39ba1513ccab8c5c6ef73fa3e8b', 'sha1': '3dc580ed6d69c44e199d2c5be5349f4c8fa9998e', 'sha256': '370cce6bf13ead0251ecd8e2188f6077d53b37c04d5ad1e0ffbe66088924cdc6'}, 'dob': {'date': '1985-08-05T10:12:22.834Z', 'age': 38}, 'registered': {'date': '2010-07-20T10:15:20.991Z', 'age': 13}, 'phone': '38631913', 'cell': '94108169', 'id': {'name': 'CPR', 'value': '050885-6906'}, 'picture': {'large': 'https://randomuser.me/api/portraits/men/13.jpg', 'medium': 'https://randomuser.me/api/portraits/med/men/13.jpg', 'thumbnail': 'https://randomuser.me/api/portraits/thumb/men/13.jpg'}, 'nat': 'DK'}</msg>
<arg>${json_data['results'][0]}</arg>
<doc>Logs the given message with the given level.</doc>
<status status="PASS" start="2024-05-12T05:14:32.772411" elapsed="0.000413"/>
</kw>
<kw name="Log" owner="BuiltIn">
<msg time="2024-05-12T05:14:32.773242" level="INFO">email</msg>
<arg>${key}</arg>
<doc>Logs the given message with the given level.</doc>
<status status="PASS" start="2024-05-12T05:14:32.773117" elapsed="0.000162"/>
</kw>
<var name="${key}">email</var>
<status status="PASS" start="2024-05-12T05:14:32.771586" elapsed="0.001918"/>
</iter>
<iter>
<kw name="Dictionary Should Contain Key" owner="Collections">
<msg time="2024-05-12T05:14:32.774168" level="INFO">False</msg>
<arg>${json_data['results'][0]}</arg>
<arg>${key}</arg>
<doc>Fails if ``key`` is not found from ``dictionary``.</doc>
<status status="PASS" start="2024-05-12T05:14:32.773787" elapsed="0.000419"/>
</kw>
<kw name="Log" owner="BuiltIn">
<msg time="2024-05-12T05:14:32.774915" level="INFO">{'gender': 'male', 'name': {'title': 'Mr', 'first': 'Silas', 'last': 'Olsen'}, 'location': {'street': {'number': 8921, 'name': 'Vejlby Toften'}, 'city': 'Brøndby Strand', 'state': 'Syddanmark', 'country': 'Denmark', 'postcode': 23101, 'coordinates': {'latitude': '-46.5936', 'longitude': '-73.0615'}, 'timezone': {'offset': '+3:00', 'description': 'Baghdad, Riyadh, Moscow, St. Petersburg'}}, 'email': 'silas.olsen@example.com', 'login': {'uuid': 'db8ee2e2-d502-4d7e-a398-eb625e962e26', 'username': 'organicleopard888', 'password': 'clown', 'salt': '2udi1C54', 'md5': 'c8e5e39ba1513ccab8c5c6ef73fa3e8b', 'sha1': '3dc580ed6d69c44e199d2c5be5349f4c8fa9998e', 'sha256': '370cce6bf13ead0251ecd8e2188f6077d53b37c04d5ad1e0ffbe66088924cdc6'}, 'dob': {'date': '1985-08-05T10:12:22.834Z', 'age': 38}, 'registered': {'date': '2010-07-20T10:15:20.991Z', 'age': 13}, 'phone': '38631913', 'cell': '94108169', 'id': {'name': 'CPR', 'value': '050885-6906'}, 'picture': {'large': 'https://randomuser.me/api/portraits/men/13.jpg', 'medium': 'https://randomuser.me/api/portraits/med/men/13.jpg', 'thumbnail': 'https://randomuser.me/api/portraits/thumb/men/13.jpg'}, 'nat': 'DK'}</msg>
<arg>${json_data['results'][0]}</arg>
<doc>Logs the given message with the given level.</doc>
<status status="PASS" start="2024-05-12T05:14:32.774541" elapsed="0.000424"/>
</kw>
<kw name="Log" owner="BuiltIn">
<msg time="2024-05-12T05:14:32.775384" level="INFO">login</msg>
<arg>${key}</arg>
<doc>Logs the given message with the given level.</doc>
<status status="PASS" start="2024-05-12T05:14:32.775260" elapsed="0.000161"/>
</kw>
<var name="${key}">login</var>
<status status="PASS" start="2024-05-12T05:14:32.773678" elapsed="0.001980"/>
</iter>
<var>${key}</var>
<value>@{expected_keys}</value>
<status status="PASS" start="2024-05-12T05:14:32.764951" elapsed="0.010832"/>
</for>
<kw name="Create List" owner="BuiltIn">
<msg time="2024-05-12T05:14:32.776114" level="INFO">${expected_keysTwo} = ['username', 'password']</msg>
<var>${expected_keysTwo}</var>
<arg>username</arg>
<arg>password</arg>
<doc>Returns a list containing given items.</doc>
<status status="PASS" start="2024-05-12T05:14:32.775977" elapsed="0.000161"/>
</kw>
<for flavor="IN">
<iter>
<kw name="Dictionary Should Contain Key" owner="Collections">
<msg time="2024-05-12T05:14:32.777022" level="INFO">False</msg>
<arg>${json_data['results'][0]['login']}</arg>
<arg>${keyTwo}</arg>
<doc>Fails if ``key`` is not found from ``dictionary``.</doc>
<status status="PASS" start="2024-05-12T05:14:32.776633" elapsed="0.000426"/>
</kw>
<kw name="Dictionary Should Contain Key" owner="Collections">
<msg time="2024-05-12T05:14:32.777761" level="INFO">False</msg>
<arg>${json_data['results'][0]['login']}</arg>
<arg>${keyTwo}</arg>
<doc>Fails if ``key`` is not found from ``dictionary``.</doc>
<status status="PASS" start="2024-05-12T05:14:32.777383" elapsed="0.000416"/>
</kw>
<kw name="Log" owner="BuiltIn">
<msg time="2024-05-12T05:14:32.778214" level="INFO">username</msg>
<arg>${keyTwo}</arg>
<doc>Logs the given message with the given level.</doc>
<status status="PASS" start="2024-05-12T05:14:32.778090" elapsed="0.000166"/>
</kw>
<var name="${keyTwo}">username</var>
<status status="PASS" start="2024-05-12T05:14:32.776526" elapsed="0.001946"/>
</iter>
<iter>
<kw name="Dictionary Should Contain Key" owner="Collections">
<msg time="2024-05-12T05:14:32.779191" level="INFO">False</msg>
<arg>${json_data['results'][0]['login']}</arg>
<arg>${keyTwo}</arg>
<doc>Fails if ``key`` is not found from ``dictionary``.</doc>
<status status="PASS" start="2024-05-12T05:14:32.778802" elapsed="0.000431"/>
</kw>
<kw name="Dictionary Should Contain Key" owner="Collections">
<msg time="2024-05-12T05:14:32.780194" level="INFO">False</msg>
<arg>${json_data['results'][0]['login']}</arg>
<arg>${keyTwo}</arg>
<doc>Fails if ``key`` is not found from ``dictionary``.</doc>
<status status="PASS" start="2024-05-12T05:14:32.779661" elapsed="0.000574"/>
</kw>
<kw name="Log" owner="BuiltIn">
<msg time="2024-05-12T05:14:32.780670" level="INFO">password</msg>
<arg>${keyTwo}</arg>
<doc>Logs the given message with the given level.</doc>
<status status="PASS" start="2024-05-12T05:14:32.780540" elapsed="0.000169"/>
</kw>
<var name="${keyTwo}">password</var>
<status status="PASS" start="2024-05-12T05:14:32.778693" elapsed="0.002231"/>
</iter>
<var>${keyTwo}</var>
<value>@{expected_keysTwo}</value>
<status status="PASS" start="2024-05-12T05:14:32.776374" elapsed="0.004671"/>
</for>
<status status="PASS" start="2024-05-12T05:14:32.630357" elapsed="0.150829"/>
</kw>
<doc>Testa a estrutura da resposta da API.</doc>
<tag>testeEstruturaResposta</tag>
<status status="PASS" start="2024-05-12T05:14:32.629557" elapsed="0.151785"/>
</test>
<test id="s1-s1-t4" name="Validar tipos de dados" line="28">
<kw name="Teste de Tipos de Dados" owner="random-user-service">
<kw name="GET On Session" owner="RequestsLibrary">
<msg time="2024-05-12T05:14:32.825112" level="INFO">GET Request : url=https://randomuser.me/api 
 path_url=/api 
 headers={'User-Agent': 'python-requests/2.31.0', 'Accept-Encoding': 'gzip, deflate', 'Accept': '*/*', 'Connection': 'keep-alive'} 
 body=None 
 </msg>
<msg time="2024-05-12T05:14:32.825186" level="INFO">GET Response : url=https://randomuser.me/api 
 status=200, reason=OK 
 headers={'Date': 'Sun, 12 May 2024 05:14:32 GMT', 'Content-Type': 'application/json; charset=utf-8', 'Transfer-Encoding': 'chunked', 'Connection': 'keep-alive', 'X-Powered-By': 'Express', 'Access-Control-Allow-Origin': '*', 'Cache-Control': 'no-cache', 'ETag': 'W/"490-rH5Gy885uwIcGd5JxZ+SETYcJR0"', 'Vary': 'Accept-Encoding', 'Content-Encoding': 'gzip', 'CF-Cache-Status': 'DYNAMIC', 'Report-To': '{"endpoints":[{"url":"https:\\/\\/a.nel.cloudflare.com\\/report\\/v4?s=7LReUhDfnk5C4jYSQAnf9uYZYTxJ9McfpzhhfqvBKReiruScanHEBR5gnvuTIvCakGwH4Ig5Fam9GDOYr5ZWhPdRLwq0S36LsA0i3PD%2B9r0JR1j6%2Fg173r1i%2BJGixHjk"}],"group":"cf-nel","max_age":604800}', 'NEL': '{"success_fraction":0,"report_to":"cf-nel","max_age":604800}', 'Server': 'cloudflare', 'CF-RAY': '8827ed02e9ffacb1-ORD', 'alt-svc': 'h3=":443"; ma=86400'} 
 body={"results":[{"gender":"male","name":{"title":"Mr","first":"Earl","last":"Cox"},"location":{"street":{"number":6868,"name":"Woodland St"},"city":"Reno","state":"Wisconsin","country":"United States","postcode":30083,"coordinates":{"latitude":"87.1390","longitude":"-138.0485"},"timezone":{"offset":"+11:00","description":"Magadan, Solomon Islands, New Caledonia"}},"email":"earl.cox@example.com","login":{"uuid":"42fafbf3-dc64-46f4-a9ea-8382dd9c065f","username":"tinyostrich566","password":"marjorie","salt":"ZVAsx7px","md5":"71c50a81139a3dced4da9ccfa438df31","sha1":"454ae84107be878ce714cf3ec63470137a6b8ebe","sha256":"6083d2d7878625d5245c765232c7c9aad9473dc7eeef41d38a7bd38b1b2fb82c"},"dob":{"date":"1955-12-13T20:53:15.633Z","age":68},"registered":{"date":"2013-02-27T01:24:30.972Z","age":11},"phone":"(885) 803-3983","cell":"(748) 553-2127","id":{"name":"SSN","value":"105-92-5133"},"picture":{"large":"https://randomuser.me/api/portraits/men/13.jpg","medium":"https://randomuser.me/api/portraits/med/men/13.jpg","thumbnail":"https://randomuser.me/api/portraits/thumb/men/13.jpg"},"nat":"US"}],"info":{"seed":"e8f59b2abaec7253","results":1,"page":1,"version":"1.4"}} 
 </msg>
<msg time="2024-05-12T05:14:32.825246" level="INFO">/opt/hostedtoolcache/Python/3.12.3/x64/lib/python3.12/site-packages/urllib3/connectionpool.py:1103: InsecureRequestWarning: Unverified HTTPS request is being made to host 'randomuser.me'. Adding certificate verification is strongly advised. See: https://urllib3.readthedocs.io/en/latest/advanced-usage.html#tls-warnings
  warnings.warn(</msg>
<msg time="2024-05-12T05:14:32.825339" level="INFO">${response} = &lt;Response [200]&gt;</msg>
<var>${response}</var>
<arg>consultarAPI</arg>
<arg>/api</arg>
<doc>Sends a GET request on a previously created HTTP Session.</doc>
<status status="PASS" start="2024-05-12T05:14:32.783971" elapsed="0.041408"/>
</kw>
<kw name="Set Variable" owner="BuiltIn">
<msg time="2024-05-12T05:14:32.826439" level="INFO">${json_data} = {'results': [{'gender': 'male', 'name': {'title': 'Mr', 'first': 'Earl', 'last': 'Cox'}, 'location': {'street': {'number': 6868, 'name': 'Woodland St'}, 'city': 'Reno', 'state': 'Wisconsin', 'country'...</msg>
<var>${json_data}</var>
<arg>${response.json()}</arg>
<doc>Returns the given values which can then be assigned to a variables.</doc>
<status status="PASS" start="2024-05-12T05:14:32.825867" elapsed="0.000601"/>
</kw>
<kw name="Log" owner="BuiltIn">
<msg time="2024-05-12T05:14:32.826982" level="INFO">{'results': [{'gender': 'male', 'name': {'title': 'Mr', 'first': 'Earl', 'last': 'Cox'}, 'location': {'street': {'number': 6868, 'name': 'Woodland St'}, 'city': 'Reno', 'state': 'Wisconsin', 'country': 'United States', 'postcode': 30083, 'coordinates': {'latitude': '87.1390', 'longitude': '-138.0485'}, 'timezone': {'offset': '+11:00', 'description': 'Magadan, Solomon Islands, New Caledonia'}}, 'email': 'earl.cox@example.com', 'login': {'uuid': '42fafbf3-dc64-46f4-a9ea-8382dd9c065f', 'username': 'tinyostrich566', 'password': 'marjorie', 'salt': 'ZVAsx7px', 'md5': '71c50a81139a3dced4da9ccfa438df31', 'sha1': '454ae84107be878ce714cf3ec63470137a6b8ebe', 'sha256': '6083d2d7878625d5245c765232c7c9aad9473dc7eeef41d38a7bd38b1b2fb82c'}, 'dob': {'date': '1955-12-13T20:53:15.633Z', 'age': 68}, 'registered': {'date': '2013-02-27T01:24:30.972Z', 'age': 11}, 'phone': '(885) 803-3983', 'cell': '(748) 553-2127', 'id': {'name': 'SSN', 'value': '105-92-5133'}, 'picture': {'large': 'https://randomuser.me/api/portraits/men/13.jpg', 'medium': 'https://randomuser.me/api/portraits/med/men/13.jpg', 'thumbnail': 'https://randomuser.me/api/portraits/thumb/men/13.jpg'}, 'nat': 'US'}], 'info': {'seed': 'e8f59b2abaec7253', 'results': 1, 'page': 1, 'version': '1.4'}}</msg>
<arg>${json_data}</arg>
<doc>Logs the given message with the given level.</doc>
<status status="PASS" start="2024-05-12T05:14:32.826828" elapsed="0.000236"/>
</kw>
<kw name="Should Be String" owner="String">
<arg>${json_data['results'][0]['gender']}</arg>
<doc>Fails if the given ``item`` is not a string.</doc>
<status status="PASS" start="2024-05-12T05:14:32.827368" elapsed="0.000364"/>
</kw>
<kw name="Should Match Regexp" owner="BuiltIn">
<arg>${json_data['results'][0]['email']}</arg>
<arg>^[a-zA-Z0-9._%+-]+@[a-zA-Z0-9.-]+\.[a-zA-Z]{2,}$</arg>
<doc>Fails if ``string`` does not match ``pattern`` as a regular expression.</doc>
<status status="PASS" start="2024-05-12T05:14:32.827926" elapsed="0.000516"/>
</kw>
<kw name="Should Match Regexp" owner="BuiltIn">
<arg>${json_data['results'][0]['dob']['date']}</arg>
<arg>\\d{4}-\\d{2}-\\d{2}T\\d{2}:\\d{2}:\\d{2}\\.\\d{3}Z</arg>
<doc>Fails if ``string`` does not match ``pattern`` as a regular expression.</doc>
<status status="PASS" start="2024-05-12T05:14:32.828638" elapsed="0.000491"/>
</kw>
<kw name="Should Match Regexp" owner="BuiltIn">
<arg>${json_data['results'][0]['registered']['date']}</arg>
<arg>\\d{4}-\\d{2}-\\d{2}T\\d{2}:\\d{2}:\\d{2}\\.\\d{3}Z</arg>
<doc>Fails if ``string`` does not match ``pattern`` as a regular expression.</doc>
<status status="PASS" start="2024-05-12T05:14:32.829319" elapsed="0.000364"/>
</kw>
<kw name="Should Match Regexp" owner="BuiltIn">
<arg>${json_data['results'][0]['picture']['large']}</arg>
<arg>^https?://.*\.(?:png|jpe?g|gif|bmp)$</arg>
<doc>Fails if ``string`` does not match ``pattern`` as a regular expression.</doc>
<status status="PASS" start="2024-05-12T05:14:32.829869" elapsed="0.000455"/>
</kw>
<kw name="Should Match Regexp" owner="BuiltIn">
<arg>${json_data['results'][0]['picture']['medium']}</arg>
<arg>^https?://.*\.(?:png|jpe?g|gif|bmp)$</arg>
<doc>Fails if ``string`` does not match ``pattern`` as a regular expression.</doc>
<status status="PASS" start="2024-05-12T05:14:32.830541" elapsed="0.000366"/>
</kw>
<kw name="Should Match Regexp" owner="BuiltIn">
<arg>${json_data['results'][0]['picture']['thumbnail']}</arg>
<arg>^https?://.*\.(?:png|jpe?g|gif|bmp)$</arg>
<doc>Fails if ``string`` does not match ``pattern`` as a regular expression.</doc>
<status status="PASS" start="2024-05-12T05:14:32.831097" elapsed="0.000357"/>
</kw>
<kw name="Log" owner="BuiltIn">
<msg time="2024-05-12T05:14:32.831954" level="INFO">{'large': 'https://randomuser.me/api/portraits/men/13.jpg', 'medium': 'https://randomuser.me/api/portraits/med/men/13.jpg', 'thumbnail': 'https://randomuser.me/api/portraits/thumb/men/13.jpg'}</msg>
<arg>${json_data['results'][0]['picture']}</arg>
<doc>Logs the given message with the given level.</doc>
<status status="PASS" start="2024-05-12T05:14:32.831633" elapsed="0.000362"/>
</kw>
<status status="PASS" start="2024-05-12T05:14:32.783741" elapsed="0.048509"/>
</kw>
<kw name="Teste de Tipos de Dados - Postcode" owner="random-user-service">
<kw name="GET On Session" owner="RequestsLibrary">
<msg time="2024-05-12T05:14:32.930943" level="INFO">GET Request : url=https://randomuser.me/api 
 path_url=/api 
 headers={'User-Agent': 'python-requests/2.31.0', 'Accept-Encoding': 'gzip, deflate', 'Accept': '*/*', 'Connection': 'keep-alive'} 
 body=None 
 </msg>
<msg time="2024-05-12T05:14:32.931038" level="INFO">GET Response : url=https://randomuser.me/api 
 status=200, reason=OK 
 headers={'Date': 'Sun, 12 May 2024 05:14:32 GMT', 'Content-Type': 'application/json; charset=utf-8', 'Transfer-Encoding': 'chunked', 'Connection': 'keep-alive', 'X-Powered-By': 'Express', 'Access-Control-Allow-Origin': '*', 'Cache-Control': 'no-cache', 'ETag': 'W/"489-Ciz40/gCDTXEjP9FPd6IN/s0HSw"', 'Vary': 'Accept-Encoding', 'Content-Encoding': 'gzip', 'CF-Cache-Status': 'DYNAMIC', 'Report-To': '{"endpoints":[{"url":"https:\\/\\/a.nel.cloudflare.com\\/report\\/v4?s=Wj2GhPYQ3SNMfJ3pOSNe7baDYb%2FeAXdX83mbxOYeA7VwmHqyDeck%2BQ%2BWSlehDROp2F3RBme5W0IMImmspPpE9VGlnn4821zNGMHdVCKguO5f6eHoURACebxcfpkOUyXo"}],"group":"cf-nel","max_age":604800}', 'NEL': '{"success_fraction":0,"report_to":"cf-nel","max_age":604800}', 'Server': 'cloudflare', 'CF-RAY': '8827ed033a78acb1-ORD', 'alt-svc': 'h3=":443"; ma=86400'} 
 body={"results":[{"gender":"female","name":{"title":"Mrs","first":"Manuela","last":"Ortega"},"location":{"street":{"number":9025,"name":"Calle de La Luna"},"city":"Valladolid","state":"Ceuta","country":"Spain","postcode":50711,"coordinates":{"latitude":"-34.1751","longitude":"2.5515"},"timezone":{"offset":"+2:00","description":"Kaliningrad, South Africa"}},"email":"manuela.ortega@example.com","login":{"uuid":"9a98e8f6-7763-4d02-8a97-6e57b3160edd","username":"heavykoala928","password":"mondeo","salt":"BAm1ckHN","md5":"843960a6ac2fae7c73fdb3a762ec2b35","sha1":"fdc8bdf2d050d48d86c99e9ed20dc2a3d95793a3","sha256":"bbd3a553027a6596f3f62d6032cdc9f166e95a20f3c6455f4a08ed2ec13fd16e"},"dob":{"date":"1965-10-14T00:32:52.631Z","age":58},"registered":{"date":"2011-03-10T02:10:05.809Z","age":13},"phone":"920-309-889","cell":"657-164-782","id":{"name":"DNI","value":"83299114-N"},"picture":{"large":"https://randomuser.me/api/portraits/women/68.jpg","medium":"https://randomuser.me/api/portraits/med/women/68.jpg","thumbnail":"https://randomuser.me/api/portraits/thumb/women/68.jpg"},"nat":"ES"}],"info":{"seed":"563d8bf1cda33b45","results":1,"page":1,"version":"1.4"}} 
 </msg>
<msg time="2024-05-12T05:14:32.931115" level="INFO">/opt/hostedtoolcache/Python/3.12.3/x64/lib/python3.12/site-packages/urllib3/connectionpool.py:1103: InsecureRequestWarning: Unverified HTTPS request is being made to host 'randomuser.me'. Adding certificate verification is strongly advised. See: https://urllib3.readthedocs.io/en/latest/advanced-usage.html#tls-warnings
  warnings.warn(</msg>
<msg time="2024-05-12T05:14:32.931243" level="INFO">${response} = &lt;Response [200]&gt;</msg>
<var>${response}</var>
<arg>consultarAPI</arg>
<arg>/api</arg>
<doc>Sends a GET request on a previously created HTTP Session.</doc>
<status status="PASS" start="2024-05-12T05:14:32.832693" elapsed="0.098600"/>
</kw>
<kw name="Set Variable" owner="BuiltIn">
<msg time="2024-05-12T05:14:32.932413" level="INFO">${json_data} = {'results': [{'gender': 'female', 'name': {'title': 'Mrs', 'first': 'Manuela', 'last': 'Ortega'}, 'location': {'street': {'number': 9025, 'name': 'Calle de La Luna'}, 'city': 'Valladolid', 'state': 'C...</msg>
<var>${json_data}</var>
<arg>${response.json()}</arg>
<doc>Returns the given values which can then be assigned to a variables.</doc>
<status status="PASS" start="2024-05-12T05:14:32.931841" elapsed="0.000600"/>
</kw>
<kw name="Log" owner="BuiltIn">
<msg time="2024-05-12T05:14:32.932927" level="INFO">{'results': [{'gender': 'female', 'name': {'title': 'Mrs', 'first': 'Manuela', 'last': 'Ortega'}, 'location': {'street': {'number': 9025, 'name': 'Calle de La Luna'}, 'city': 'Valladolid', 'state': 'Ceuta', 'country': 'Spain', 'postcode': 50711, 'coordinates': {'latitude': '-34.1751', 'longitude': '2.5515'}, 'timezone': {'offset': '+2:00', 'description': 'Kaliningrad, South Africa'}}, 'email': 'manuela.ortega@example.com', 'login': {'uuid': '9a98e8f6-7763-4d02-8a97-6e57b3160edd', 'username': 'heavykoala928', 'password': 'mondeo', 'salt': 'BAm1ckHN', 'md5': '843960a6ac2fae7c73fdb3a762ec2b35', 'sha1': 'fdc8bdf2d050d48d86c99e9ed20dc2a3d95793a3', 'sha256': 'bbd3a553027a6596f3f62d6032cdc9f166e95a20f3c6455f4a08ed2ec13fd16e'}, 'dob': {'date': '1965-10-14T00:32:52.631Z', 'age': 58}, 'registered': {'date': '2011-03-10T02:10:05.809Z', 'age': 13}, 'phone': '920-309-889', 'cell': '657-164-782', 'id': {'name': 'DNI', 'value': '83299114-N'}, 'picture': {'large': 'https://randomuser.me/api/portraits/women/68.jpg', 'medium': 'https://randomuser.me/api/portraits/med/women/68.jpg', 'thumbnail': 'https://randomuser.me/api/portraits/thumb/women/68.jpg'}, 'nat': 'ES'}], 'info': {'seed': '563d8bf1cda33b45', 'results': 1, 'page': 1, 'version': '1.4'}}</msg>
<arg>${json_data}</arg>
<doc>Logs the given message with the given level.</doc>
<status status="PASS" start="2024-05-12T05:14:32.932768" elapsed="0.000240"/>
</kw>
<kw name="Should Be Equal As Numbers" owner="BuiltIn">
<arg>${json_data['results'][0]['location']['postcode']}</arg>
<arg>${json_data['results'][0]['location']['postcode']}</arg>
<doc>Fails if objects are unequal after converting them to real numbers.</doc>
<status status="PASS" start="2024-05-12T05:14:32.933317" elapsed="0.000810"/>
</kw>
<kw name="Log" owner="BuiltIn">
<msg time="2024-05-12T05:14:32.934704" level="INFO">50711</msg>
<arg>${json_data['results'][0]['location']['postcode']}</arg>
<doc>Logs the given message with the given level.</doc>
<status status="PASS" start="2024-05-12T05:14:32.934327" elapsed="0.000417"/>
</kw>
<status status="PASS" start="2024-05-12T05:14:32.832469" elapsed="0.102530"/>
</kw>
<doc>Testa se os tipos de dados na resposta da API estão corretos.</doc>
<tag>testeTiposDados</tag>
<status status="PASS" start="2024-05-12T05:14:32.783174" elapsed="0.151993"/>
</test>
<test id="s1-s1-t5" name="Validar conteudo" line="35">
<kw name="Teste de Tipos de Conteudo" owner="random-user-service">
<kw name="GET On Session" owner="RequestsLibrary">
<msg time="2024-05-12T05:14:33.034811" level="INFO">GET Request : url=https://randomuser.me/api 
 path_url=/api 
 headers={'User-Agent': 'python-requests/2.31.0', 'Accept-Encoding': 'gzip, deflate', 'Accept': '*/*', 'Connection': 'keep-alive'} 
 body=None 
 </msg>
<msg time="2024-05-12T05:14:33.034919" level="INFO">GET Response : url=https://randomuser.me/api 
 status=200, reason=OK 
 headers={'Date': 'Sun, 12 May 2024 05:14:33 GMT', 'Content-Type': 'application/json; charset=utf-8', 'Transfer-Encoding': 'chunked', 'Connection': 'keep-alive', 'X-Powered-By': 'Express', 'Access-Control-Allow-Origin': '*', 'Cache-Control': 'no-cache', 'ETag': 'W/"485-Dnrr1fOYEzSD3VZfILRtusJddjI"', 'Vary': 'Accept-Encoding', 'Content-Encoding': 'gzip', 'CF-Cache-Status': 'DYNAMIC', 'Report-To': '{"endpoints":[{"url":"https:\\/\\/a.nel.cloudflare.com\\/report\\/v4?s=aKCyjnMx29NA%2BLn4uiUhcikxYBBmVAmBgjXFI8f%2Bz4%2FFbLatV8rbFSY96Gw79YnFfPzkbgBQmUlgGBFTdFPCLcTSXUKizVcrixz6baQJ3LRd%2BYbEBUo1vuuOAhBvA4o%2F"}],"group":"cf-nel","max_age":604800}', 'NEL': '{"success_fraction":0,"report_to":"cf-nel","max_age":604800}', 'Server': 'cloudflare', 'CF-RAY': '8827ed03dba7acb1-ORD', 'alt-svc': 'h3=":443"; ma=86400'} 
 body={"results":[{"gender":"female","name":{"title":"Mrs","first":"Agnes","last":"Moum"},"location":{"street":{"number":5786,"name":"Akerlia"},"city":"Avaldsnes","state":"Nord-Trøndelag","country":"Norway","postcode":"6506","coordinates":{"latitude":"41.2885","longitude":"150.9809"},"timezone":{"offset":"+8:00","description":"Beijing, Perth, Singapore, Hong Kong"}},"email":"agnes.moum@example.com","login":{"uuid":"098d9007-4972-43dc-9846-2fbe733cd673","username":"happydog948","password":"divx1","salt":"JDhmZX1H","md5":"266578d82c2e67de220d6d432df0e445","sha1":"75db5b5e9ffd0821799417902c84a189869c3730","sha256":"ebf843e8811442e0079456b23688ff6593ff13e41a3ae8e6215fe332b9e801f3"},"dob":{"date":"1984-06-07T12:25:18.342Z","age":39},"registered":{"date":"2020-04-21T05:48:37.690Z","age":4},"phone":"31884427","cell":"90119479","id":{"name":"FN","value":"07068424636"},"picture":{"large":"https://randomuser.me/api/portraits/women/46.jpg","medium":"https://randomuser.me/api/portraits/med/women/46.jpg","thumbnail":"https://randomuser.me/api/portraits/thumb/women/46.jpg"},"nat":"NO"}],"info":{"seed":"7633900969eda2c6","results":1,"page":1,"version":"1.4"}} 
 </msg>
<msg time="2024-05-12T05:14:33.035001" level="INFO">/opt/hostedtoolcache/Python/3.12.3/x64/lib/python3.12/site-packages/urllib3/connectionpool.py:1103: InsecureRequestWarning: Unverified HTTPS request is being made to host 'randomuser.me'. Adding certificate verification is strongly advised. See: https://urllib3.readthedocs.io/en/latest/advanced-usage.html#tls-warnings
  warnings.warn(</msg>
<msg time="2024-05-12T05:14:33.035148" level="INFO">${response} = &lt;Response [200]&gt;</msg>
<var>${response}</var>
<arg>consultarAPI</arg>
<arg>/api</arg>
<doc>Sends a GET request on a previously created HTTP Session.</doc>
<status status="PASS" start="2024-05-12T05:14:32.937710" elapsed="0.097485"/>
</kw>
<kw name="Set Variable" owner="BuiltIn">
<msg time="2024-05-12T05:14:33.036387" level="INFO">${json_data} = {'results': [{'gender': 'female', 'name': {'title': 'Mrs', 'first': 'Agnes', 'last': 'Moum'}, 'location': {'street': {'number': 5786, 'name': 'Akerlia'}, 'city': 'Avaldsnes', 'state': 'Nord-Trøndelag'...</msg>
<var>${json_data}</var>
<arg>${response.json()}</arg>
<doc>Returns the given values which can then be assigned to a variables.</doc>
<status status="PASS" start="2024-05-12T05:14:33.035838" elapsed="0.000579"/>
</kw>
<kw name="Set Variable" owner="BuiltIn">
<msg time="2024-05-12T05:14:33.037113" level="INFO">${name_title} = Mrs</msg>
<var>${name_title}</var>
<arg>${json_data["results"][0]["name"]["title"]}</arg>
<doc>Returns the given values which can then be assigned to a variables.</doc>
<status status="PASS" start="2024-05-12T05:14:33.036727" elapsed="0.000411"/>
</kw>
<kw name="Create List" owner="BuiltIn">
<msg time="2024-05-12T05:14:33.037585" level="INFO">${allowed_titles} = ['Mr', 'Ms', 'Miss', 'Mrs', 'Madame', 'Monsieur']</msg>
<var>${allowed_titles}</var>
<arg>Mr</arg>
<arg>Ms</arg>
<arg>Miss</arg>
<arg>Mrs</arg>
<arg>Madame</arg>
<arg>Monsieur</arg>
<doc>Returns a list containing given items.</doc>
<status status="PASS" start="2024-05-12T05:14:33.037437" elapsed="0.000171"/>
</kw>
<kw name="List Should Contain Value" owner="Collections">
<msg time="2024-05-12T05:14:33.038079" level="INFO">False</msg>
<arg>${allowed_titles}</arg>
<arg>${name_title}</arg>
<doc>Fails if the ``value`` is not found from ``list``.</doc>
<status status="PASS" start="2024-05-12T05:14:33.037906" elapsed="0.000210"/>
</kw>
<kw name="Set Variable" owner="BuiltIn">
<msg time="2024-05-12T05:14:33.038829" level="INFO">${name_country} = NO</msg>
<var>${name_country}</var>
<arg>${json_data["results"][0]["nat"]}</arg>
<doc>Returns the given values which can then be assigned to a variables.</doc>
<status status="PASS" start="2024-05-12T05:14:33.038413" elapsed="0.000440"/>
</kw>
<kw name="Create List" owner="BuiltIn">
<msg time="2024-05-12T05:14:33.039741" level="INFO">${list_country} = ['AD', 'AE', 'AF', 'AG', 'AI', 'AL', 'AM', 'AO', 'AQ', 'AR', 'AS', 'AT', 'AU', 'AW', 'AX', 'AZ', 'BA', 'BB', 'BD', 'BE', 'BF', 'BG', 'BH', 'BI', 'BJ', 'BL', 'BM', 'BN', 'BO', 'BQ', 'BR', 'BS', 'BT', '...</msg>
<var>${list_country}</var>
<arg>AD</arg>
<arg>AE</arg>
<arg>AF</arg>
<arg>AG</arg>
<arg>AI</arg>
<arg>AL</arg>
<arg>AM</arg>
<arg>AO</arg>
<arg>AQ</arg>
<arg>AR</arg>
<arg>AS</arg>
<arg>AT</arg>
<arg>AU</arg>
<arg>AW</arg>
<arg>AX</arg>
<arg>AZ</arg>
<arg>BA</arg>
<arg>BB</arg>
<arg>BD</arg>
<arg>BE</arg>
<arg>BF</arg>
<arg>BG</arg>
<arg>BH</arg>
<arg>BI</arg>
<arg>BJ</arg>
<arg>BL</arg>
<arg>BM</arg>
<arg>BN</arg>
<arg>BO</arg>
<arg>BQ</arg>
<arg>BR</arg>
<arg>BS</arg>
<arg>BT</arg>
<arg>BV</arg>
<arg>BW</arg>
<arg>BY</arg>
<arg>BZ</arg>
<arg>CA</arg>
<arg>CC</arg>
<arg>CD</arg>
<arg>CF</arg>
<arg>CG</arg>
<arg>CH</arg>
<arg>CI</arg>
<arg>CK</arg>
<arg>CL</arg>
<arg>CM</arg>
<arg>CN</arg>
<arg>CO</arg>
<arg>CR</arg>
<arg>CU</arg>
<arg>CV</arg>
<arg>CW</arg>
<arg>CX</arg>
<arg>CY</arg>
<arg>CZ</arg>
<arg>DE</arg>
<arg>DJ</arg>
<arg>DK</arg>
<arg>DM</arg>
<arg>DO</arg>
<arg>DZ</arg>
<arg>EC</arg>
<arg>EE</arg>
<arg>EG</arg>
<arg>EH</arg>
<arg>ER</arg>
<arg>ES</arg>
<arg>ET</arg>
<arg>FI</arg>
<arg>FJ</arg>
<arg>FK</arg>
<arg>FM</arg>
<arg>FO</arg>
<arg>FR</arg>
<arg>GA</arg>
<arg>GB</arg>
<arg>GD</arg>
<arg>GE</arg>
<arg>GF</arg>
<arg>GG</arg>
<arg>GH</arg>
<arg>GI</arg>
<arg>GL</arg>
<arg>GM</arg>
<arg>GN</arg>
<arg>GP</arg>
<arg>GQ</arg>
<arg>GR</arg>
<arg>GS</arg>
<arg>GT</arg>
<arg>GU</arg>
<arg>GW</arg>
<arg>GY</arg>
<arg>HK</arg>
<arg>HM</arg>
<arg>HN</arg>
<arg>HR</arg>
<arg>HT</arg>
<arg>HU</arg>
<arg>ID</arg>
<arg>IE</arg>
<arg>IL</arg>
<arg>IM</arg>
<arg>IN</arg>
<arg>IO</arg>
<arg>IQ</arg>
<arg>IR</arg>
<arg>IS</arg>
<arg>IT</arg>
<arg>JE</arg>
<arg>JM</arg>
<arg>JO</arg>
<arg>JP</arg>
<arg>KE</arg>
<arg>KG</arg>
<arg>KH</arg>
<arg>KI</arg>
<arg>KM</arg>
<arg>KN</arg>
<arg>KP</arg>
<arg>KR</arg>
<arg>KW</arg>
<arg>KY</arg>
<arg>KZ</arg>
<arg>LA</arg>
<arg>LB</arg>
<arg>LC</arg>
<arg>LI</arg>
<arg>LK</arg>
<arg>LR</arg>
<arg>LS</arg>
<arg>LT</arg>
<arg>LU</arg>
<arg>LV</arg>
<arg>LY</arg>
<arg>MA</arg>
<arg>MC</arg>
<arg>MD</arg>
<arg>ME</arg>
<arg>MF</arg>
<arg>MG</arg>
<arg>MH</arg>
<arg>MK</arg>
<arg>ML</arg>
<arg>MM</arg>
<arg>MN</arg>
<arg>MO</arg>
<arg>MP</arg>
<arg>MQ</arg>
<arg>MR</arg>
<arg>MS</arg>
<arg>MT</arg>
<arg>MU</arg>
<arg>MV</arg>
<arg>MW</arg>
<arg>MX</arg>
<arg>MY</arg>
<arg>MZ</arg>
<arg>NA</arg>
<arg>NC</arg>
<arg>NE</arg>
<arg>NF</arg>
<arg>NG</arg>
<arg>NI</arg>
<arg>NL</arg>
<arg>NO</arg>
<arg>NP</arg>
<arg>NR</arg>
<arg>NU</arg>
<arg>NZ</arg>
<arg>OM</arg>
<arg>PA</arg>
<arg>PE</arg>
<arg>PF</arg>
<arg>PG</arg>
<arg>PH</arg>
<arg>PK</arg>
<arg>PL</arg>
<arg>PM</arg>
<arg>PN</arg>
<arg>PR</arg>
<arg>PS</arg>
<arg>PT</arg>
<arg>PW</arg>
<arg>PY</arg>
<arg>QA</arg>
<arg>RE</arg>
<arg>RO</arg>
<arg>RS</arg>
<arg>RU</arg>
<arg>RW</arg>
<arg>SA</arg>
<arg>SB</arg>
<arg>SC</arg>
<arg>SD</arg>
<arg>SE</arg>
<arg>SG</arg>
<arg>SH</arg>
<arg>SI</arg>
<arg>SJ</arg>
<arg>SK</arg>
<arg>SL</arg>
<arg>SM</arg>
<arg>SN</arg>
<arg>SO</arg>
<arg>SR</arg>
<arg>SS</arg>
<arg>ST</arg>
<arg>SV</arg>
<arg>SX</arg>
<arg>SY</arg>
<arg>SZ</arg>
<arg>TC</arg>
<arg>TD</arg>
<arg>TF</arg>
<arg>TG</arg>
<arg>TH</arg>
<arg>TJ</arg>
<arg>TK</arg>
<arg>TL</arg>
<arg>TM</arg>
<arg>TN</arg>
<arg>TO</arg>
<arg>TR</arg>
<arg>TT</arg>
<arg>TV</arg>
<arg>TW</arg>
<arg>TZ</arg>
<arg>UA</arg>
<arg>UG</arg>
<arg>UM</arg>
<arg>US</arg>
<arg>UY</arg>
<arg>UZ</arg>
<arg>VA</arg>
<arg>VC</arg>
<arg>VE</arg>
<arg>VG</arg>
<arg>VI</arg>
<arg>VN</arg>
<arg>VU</arg>
<arg>WF</arg>
<arg>WS</arg>
<arg>XK</arg>
<arg>YE</arg>
<arg>YT</arg>
<arg>ZA</arg>
<arg>ZM</arg>
<arg>ZW</arg>
<doc>Returns a list containing given items.</doc>
<status status="PASS" start="2024-05-12T05:14:33.039154" elapsed="0.000612"/>
</kw>
<kw name="List Should Contain Value" owner="Collections">
<msg time="2024-05-12T05:14:33.040748" level="INFO">False</msg>
<arg>${list_country}</arg>
<arg>${name_country}</arg>
<doc>Fails if the ``value`` is not found from ``list``.</doc>
<status status="PASS" start="2024-05-12T05:14:33.040552" elapsed="0.000231"/>
</kw>
<kw name="Run Keyword If" owner="BuiltIn">
<kw name="Should Be True" owner="BuiltIn">
<arg>${True}</arg>
<doc>Fails if the given condition is not true.</doc>
<status status="PASS" start="2024-05-12T05:14:33.041846" elapsed="0.000140"/>
</kw>
<arg>${json_data["results"][0]["location"]["coordinates"]["latitude"]} &gt;= -90 and ${json_data["results"][0]["location"]["coordinates"]["latitude"]} &lt;= 90</arg>
<arg>Should Be True</arg>
<arg>${True}</arg>
<doc>Runs the given keyword with the given arguments, if ``condition`` is true.</doc>
<status status="PASS" start="2024-05-12T05:14:33.041088" elapsed="0.001023"/>
</kw>
<kw name="Run Keyword If" owner="BuiltIn">
<kw name="Should Be True" owner="BuiltIn">
<arg>${True}</arg>
<doc>Fails if the given condition is not true.</doc>
<status status="PASS" start="2024-05-12T05:14:33.043013" elapsed="0.000258"/>
</kw>
<arg>${json_data["results"][0]["location"]["coordinates"]["longitude"]} &gt;= -180 and ${json_data["results"][0]["location"]["coordinates"]["longitude"]} &lt;= 180</arg>
<arg>Should Be True</arg>
<arg>${True}</arg>
<doc>Runs the given keyword with the given arguments, if ``condition`` is true.</doc>
<status status="PASS" start="2024-05-12T05:14:33.042292" elapsed="0.001105"/>
</kw>
<status status="PASS" start="2024-05-12T05:14:32.937478" elapsed="0.106050"/>
</kw>
<doc>Testa o conteúdo específico dos campos retornados pela API.</doc>
<tag>testeConteudo</tag>
<status status="PASS" start="2024-05-12T05:14:32.936930" elapsed="0.106748"/>
</test>
<status status="PASS" start="2024-05-12T05:14:32.226082" elapsed="0.819586"/>
</suite>
<status status="PASS" start="2024-05-12T05:14:32.212450" elapsed="0.838396"/>
</suite>
<statistics>
<total>
<stat pass="5" fail="0" skip="0">All Tests</stat>
</total>
<tag>
<stat pass="1" fail="0" skip="0">testeConteudo</stat>
<stat pass="1" fail="0" skip="0">testeEstruturaResposta</stat>
<stat pass="1" fail="0" skip="0">testeRequisicaoBasica</stat>
<stat pass="1" fail="0" skip="0">testeTiposDados</stat>
</tag>
<suite>
<stat pass="5" fail="0" skip="0" id="s1" name="Tests">Tests</stat>
<stat pass="5" fail="0" skip="0" id="s1-s1" name="Random-User-Test">Tests.Random-User-Test</stat>
</suite>
</statistics>
<errors>
</errors>
</robot>
