<?xml version="1.0" encoding="UTF-8"?>
<robot generator="Robot 7.0.1 (Python 3.12.4 on linux)" generated="2024-08-06T06:23:11.989911" rpa="false" schemaversion="5">
<suite id="s1" name="Tests" source="/home/runner/work/ApiRandomUser/ApiRandomUser/RamdonUser/tests">
<suite id="s1-s1" name="Random-User-Test" source="/home/runner/work/ApiRandomUser/ApiRandomUser/RamdonUser/tests/random-user-test.robot">
<test id="s1-s1-t1" name="Conectar" line="13">
<kw name="Conectar API" owner="random-user-service">
<kw name="Create Session" owner="RequestsLibrary">
<msg time="2024-08-06T06:23:12.416436" level="INFO">Creating Session using : alias=consultarAPI, url=https://randomuser.me/, headers={},                     cookies={}, auth=None, timeout=None, proxies=None, verify=False,                     debug=0 </msg>
<arg>consultarAPI</arg>
<arg>${URL}</arg>
<doc>Create Session: create a HTTP session to a server</doc>
<status status="PASS" start="2024-08-06T06:23:12.416226" elapsed="0.000423"/>
</kw>
<status status="PASS" start="2024-08-06T06:23:12.415170" elapsed="0.001859"/>
</kw>
<status status="PASS" start="2024-08-06T06:23:12.414583" elapsed="0.002646"/>
</test>
<test id="s1-s1-t2" name="Validar retorno 200 e JSON Válido" line="16">
<kw name="Teste de Requisicao Basica" owner="random-user-service">
<kw name="GET On Session" owner="RequestsLibrary">
<msg time="2024-08-06T06:23:12.662302" level="INFO">GET Request : url=https://randomuser.me/api 
 path_url=/api 
 headers={'User-Agent': 'python-requests/2.32.3', 'Accept-Encoding': 'gzip, deflate', 'Accept': '*/*', 'Connection': 'keep-alive'} 
 body=None 
 </msg>
<msg time="2024-08-06T06:23:12.662477" level="INFO">GET Response : url=https://randomuser.me/api 
 status=200, reason=OK 
 headers={'Date': 'Tue, 06 Aug 2024 06:23:12 GMT', 'Content-Type': 'application/json; charset=utf-8', 'Transfer-Encoding': 'chunked', 'Connection': 'keep-alive', 'X-Powered-By': 'Express', 'Access-Control-Allow-Origin': '*', 'Cache-Control': 'no-cache', 'ETag': 'W/"4a0-kswyESI79soJY3O7n22I/bWd5pg"', 'Vary': 'Accept-Encoding', 'Content-Encoding': 'gzip', 'CF-Cache-Status': 'DYNAMIC', 'Report-To': '{"endpoints":[{"url":"https:\\/\\/a.nel.cloudflare.com\\/report\\/v4?s=O5adACp0fl0fLHMuxw%2Bqmcg2nSvLx6fjLifqxLsEp56JONZU5mztBulHiLfsZAYoJtk0jJT%2F%2BSYPudb9Oc%2BdtJIPFrNxQ4oaZOPODPzN3hiMqCY%2FYGwTtQE9jlz9mEAO"}],"group":"cf-nel","max_age":604800}', 'NEL': '{"success_fraction":0,"report_to":"cf-nel","max_age":604800}', 'Server': 'cloudflare', 'CF-RAY': '8aecefd7dff0876c-ORD', 'alt-svc': 'h3=":443"; ma=86400'} 
 body={"results":[{"gender":"female","name":{"title":"Mrs","first":"رونیکا","last":"سهيلي راد"},"location":{"street":{"number":980,"name":"30 تیر"},"city":"ایلام","state":"گلستان","country":"Iran","postcode":29787,"coordinates":{"latitude":"13.5533","longitude":"125.8303"},"timezone":{"offset":"+5:00","description":"Ekaterinburg, Islamabad, Karachi, Tashkent"}},"email":"rwnykh.shylyrd@example.com","login":{"uuid":"666a102e-35ec-45a9-a52a-e43bcf595aaa","username":"purpletiger332","password":"blink","salt":"u6XvNLiw","md5":"5193b7deccb6bd78ad71c572524a1794","sha1":"a0bacf46aecf9050e90fdc8cfb93f94858f4936a","sha256":"79b0d123f093ee69ac535a0b2faebe8e3bdc5e927f55d529a9dc2baa9fb9fb15"},"dob":{"date":"1955-07-05T21:59:27.864Z","age":69},"registered":{"date":"2016-06-24T12:31:56.405Z","age":8},"phone":"093-53666882","cell":"0916-153-9141","id":{"name":"","value":null},"picture":{"large":"https://randomuser.me/api/portraits/women/76.jpg","medium":"https://randomuser.me/api/portraits/med/women/76.jpg","thumbnail":"https://randomuser.me/api/portraits/thumb/women/76.jpg"},"nat":"IR"}],"info":{"seed":"705945499a98f53d","results":1,"page":1,"version":"1.4"}} 
 </msg>
<msg time="2024-08-06T06:23:12.662572" level="INFO">/opt/hostedtoolcache/Python/3.12.4/x64/lib/python3.12/site-packages/urllib3/connectionpool.py:1099: InsecureRequestWarning: Unverified HTTPS request is being made to host 'randomuser.me'. Adding certificate verification is strongly advised. See: https://urllib3.readthedocs.io/en/latest/advanced-usage.html#tls-warnings
  warnings.warn(</msg>
<msg time="2024-08-06T06:23:12.662730" level="INFO">${response} = &lt;Response [200]&gt;</msg>
<var>${response}</var>
<arg>consultarAPI</arg>
<arg>/api</arg>
<doc>Sends a GET request on a previously created HTTP Session.</doc>
<status status="PASS" start="2024-08-06T06:23:12.419826" elapsed="0.242949"/>
</kw>
<kw name="Should Be Equal As Numbers" owner="BuiltIn">
<msg time="2024-08-06T06:23:12.663962" level="INFO">Argument types are:
&lt;class 'int'&gt;
&lt;class 'str'&gt;</msg>
<arg>${response.status_code}</arg>
<arg>200</arg>
<doc>Fails if objects are unequal after converting them to real numbers.</doc>
<status status="PASS" start="2024-08-06T06:23:12.663456" elapsed="0.000576"/>
</kw>
<kw name="Log" owner="BuiltIn">
<msg time="2024-08-06T06:23:12.664799" level="INFO">200</msg>
<arg>${response.status_code}</arg>
<doc>Logs the given message with the given level.</doc>
<status status="PASS" start="2024-08-06T06:23:12.664391" elapsed="0.000453"/>
</kw>
<kw name="Set Variable" owner="BuiltIn">
<msg time="2024-08-06T06:23:12.665637" level="INFO">${json_data} = {'results': [{'gender': 'female', 'name': {'title': 'Mrs', 'first': 'رونیکا', 'last': 'سهيلي راد'}, 'location': {'street': {'number': 980, 'name': '30 تیر'}, 'city': 'ایلام', 'state': 'گلستان', 'count...</msg>
<var>${json_data}</var>
<arg>${response.json()}</arg>
<doc>Returns the given values which can then be assigned to a variables.</doc>
<status status="PASS" start="2024-08-06T06:23:12.665175" elapsed="0.000492"/>
</kw>
<kw name="Dictionary Should Contain Key" owner="Collections">
<arg>${json_data}</arg>
<arg>results</arg>
<doc>Fails if ``key`` is not found from ``dictionary``.</doc>
<status status="PASS" start="2024-08-06T06:23:12.665979" elapsed="0.000371"/>
</kw>
<status status="PASS" start="2024-08-06T06:23:12.419573" elapsed="0.246936"/>
</kw>
<doc>Testa se a API responde corretamente e retorna um objeto JSON válido.</doc>
<tag>testeRequisicaoBasica</tag>
<status status="PASS" start="2024-08-06T06:23:12.419094" elapsed="0.247595"/>
</test>
<test id="s1-s1-t3" name="Validar estrutura de resposta" line="22">
<kw name="Teste de Estrutura de Resposta" owner="random-user-service">
<kw name="GET On Session" owner="RequestsLibrary">
<msg time="2024-08-06T06:23:12.757675" level="INFO">GET Request : url=https://randomuser.me/api 
 path_url=/api 
 headers={'User-Agent': 'python-requests/2.32.3', 'Accept-Encoding': 'gzip, deflate', 'Accept': '*/*', 'Connection': 'keep-alive'} 
 body=None 
 </msg>
<msg time="2024-08-06T06:23:12.757776" level="INFO">GET Response : url=https://randomuser.me/api 
 status=200, reason=OK 
 headers={'Date': 'Tue, 06 Aug 2024 06:23:12 GMT', 'Content-Type': 'application/json; charset=utf-8', 'Transfer-Encoding': 'chunked', 'Connection': 'keep-alive', 'X-Powered-By': 'Express', 'Access-Control-Allow-Origin': '*', 'Cache-Control': 'no-cache', 'ETag': 'W/"499-s976X+cfjlgDlTunEp/OEmqLpeU"', 'Vary': 'Accept-Encoding', 'Content-Encoding': 'gzip', 'CF-Cache-Status': 'DYNAMIC', 'Report-To': '{"endpoints":[{"url":"https:\\/\\/a.nel.cloudflare.com\\/report\\/v4?s=OrCDchKp54l%2FjF04UQXJRbZ2ID1lqsT%2BnjNRqLW9l1yg0MLMYNPS1rOCQlsc9T6R8mEBxReossLdEzwTlnwIXXmsHtUV0VilvYDaAXLX2OuHPHlhJ0GUuVOx0ifYpnCt"}],"group":"cf-nel","max_age":604800}', 'NEL': '{"success_fraction":0,"report_to":"cf-nel","max_age":604800}', 'Server': 'cloudflare', 'CF-RAY': '8aecefd8383e876c-ORD', 'alt-svc': 'h3=":443"; ma=86400'} 
 body={"results":[{"gender":"female","name":{"title":"Ms","first":"Leah","last":"Clarke"},"location":{"street":{"number":6297,"name":"Pine Hill Road"},"city":"Dunedin","state":"Manawatu-Wanganui","country":"New Zealand","postcode":91640,"coordinates":{"latitude":"55.4487","longitude":"56.3148"},"timezone":{"offset":"+3:00","description":"Baghdad, Riyadh, Moscow, St. Petersburg"}},"email":"leah.clarke@example.com","login":{"uuid":"81d8aa25-e643-4442-99d8-68b19f31ccfd","username":"orangegoose567","password":"strike","salt":"xsnssihJ","md5":"0927328950231547117018a79474fdce","sha1":"c445633e8e52570f0f75da90aa392045145c2555","sha256":"bd320264654ce9e0bfa519719e1a9709e2af908096107f4eade2252407f9100e"},"dob":{"date":"1986-02-13T18:38:51.728Z","age":38},"registered":{"date":"2003-11-22T16:44:50.782Z","age":20},"phone":"(921)-779-8178","cell":"(464)-259-1555","id":{"name":"","value":null},"picture":{"large":"https://randomuser.me/api/portraits/women/57.jpg","medium":"https://randomuser.me/api/portraits/med/women/57.jpg","thumbnail":"https://randomuser.me/api/portraits/thumb/women/57.jpg"},"nat":"NZ"}],"info":{"seed":"f6b79b42266c3708","results":1,"page":1,"version":"1.4"}} 
 </msg>
<msg time="2024-08-06T06:23:12.757908" level="INFO">/opt/hostedtoolcache/Python/3.12.4/x64/lib/python3.12/site-packages/urllib3/connectionpool.py:1099: InsecureRequestWarning: Unverified HTTPS request is being made to host 'randomuser.me'. Adding certificate verification is strongly advised. See: https://urllib3.readthedocs.io/en/latest/advanced-usage.html#tls-warnings
  warnings.warn(</msg>
<msg time="2024-08-06T06:23:12.758037" level="INFO">${response} = &lt;Response [200]&gt;</msg>
<var>${response}</var>
<arg>consultarAPI</arg>
<arg>/api</arg>
<doc>Sends a GET request on a previously created HTTP Session.</doc>
<status status="PASS" start="2024-08-06T06:23:12.669333" elapsed="0.088746"/>
</kw>
<kw name="Set Variable" owner="BuiltIn">
<msg time="2024-08-06T06:23:12.759117" level="INFO">${json_data} = {'results': [{'gender': 'female', 'name': {'title': 'Ms', 'first': 'Leah', 'last': 'Clarke'}, 'location': {'street': {'number': 6297, 'name': 'Pine Hill Road'}, 'city': 'Dunedin', 'state': 'Manawatu-W...</msg>
<var>${json_data}</var>
<arg>${response.json()}</arg>
<doc>Returns the given values which can then be assigned to a variables.</doc>
<status status="PASS" start="2024-08-06T06:23:12.758579" elapsed="0.000567"/>
</kw>
<kw name="Log" owner="BuiltIn">
<msg time="2024-08-06T06:23:12.759663" level="INFO">{'results': [{'gender': 'female', 'name': {'title': 'Ms', 'first': 'Leah', 'last': 'Clarke'}, 'location': {'street': {'number': 6297, 'name': 'Pine Hill Road'}, 'city': 'Dunedin', 'state': 'Manawatu-Wanganui', 'country': 'New Zealand', 'postcode': 91640, 'coordinates': {'latitude': '55.4487', 'longitude': '56.3148'}, 'timezone': {'offset': '+3:00', 'description': 'Baghdad, Riyadh, Moscow, St. Petersburg'}}, 'email': 'leah.clarke@example.com', 'login': {'uuid': '81d8aa25-e643-4442-99d8-68b19f31ccfd', 'username': 'orangegoose567', 'password': 'strike', 'salt': 'xsnssihJ', 'md5': '0927328950231547117018a79474fdce', 'sha1': 'c445633e8e52570f0f75da90aa392045145c2555', 'sha256': 'bd320264654ce9e0bfa519719e1a9709e2af908096107f4eade2252407f9100e'}, 'dob': {'date': '1986-02-13T18:38:51.728Z', 'age': 38}, 'registered': {'date': '2003-11-22T16:44:50.782Z', 'age': 20}, 'phone': '(921)-779-8178', 'cell': '(464)-259-1555', 'id': {'name': '', 'value': None}, 'picture': {'large': 'https://randomuser.me/api/portraits/women/57.jpg', 'medium': 'https://randomuser.me/api/portraits/med/women/57.jpg', 'thumbnail': 'https://randomuser.me/api/portraits/thumb/women/57.jpg'}, 'nat': 'NZ'}], 'info': {'seed': 'f6b79b42266c3708', 'results': 1, 'page': 1, 'version': '1.4'}}</msg>
<arg>${json_data}</arg>
<doc>Logs the given message with the given level.</doc>
<status status="PASS" start="2024-08-06T06:23:12.759492" elapsed="0.000223"/>
</kw>
<kw name="Dictionary Should Contain Key" owner="Collections">
<arg>${json_data}</arg>
<arg>results</arg>
<doc>Fails if ``key`` is not found from ``dictionary``.</doc>
<status status="PASS" start="2024-08-06T06:23:12.760061" elapsed="0.000176"/>
</kw>
<kw name="Should Not Be Empty" owner="BuiltIn">
<msg time="2024-08-06T06:23:12.760607" level="INFO">Length is 2.</msg>
<arg>${json_data}</arg>
<doc>Verifies that the given item is not empty.</doc>
<status status="PASS" start="2024-08-06T06:23:12.760426" elapsed="0.000222"/>
</kw>
<kw name="Create List" owner="BuiltIn">
<msg time="2024-08-06T06:23:12.761097" level="INFO">${expected_keys} = ['gender', 'name', 'location', 'email', 'login']</msg>
<var>${expected_keys}</var>
<arg>gender</arg>
<arg>name</arg>
<arg>location</arg>
<arg>email</arg>
<arg>login</arg>
<doc>Returns a list containing given items.</doc>
<status status="PASS" start="2024-08-06T06:23:12.760947" elapsed="0.000174"/>
</kw>
<for flavor="IN">
<iter>
<kw name="Dictionary Should Contain Key" owner="Collections">
<arg>${json_data['results'][0]}</arg>
<arg>${key}</arg>
<doc>Fails if ``key`` is not found from ``dictionary``.</doc>
<status status="PASS" start="2024-08-06T06:23:12.761718" elapsed="0.000431"/>
</kw>
<kw name="Log" owner="BuiltIn">
<msg time="2024-08-06T06:23:12.762701" level="INFO">{'gender': 'female', 'name': {'title': 'Ms', 'first': 'Leah', 'last': 'Clarke'}, 'location': {'street': {'number': 6297, 'name': 'Pine Hill Road'}, 'city': 'Dunedin', 'state': 'Manawatu-Wanganui', 'country': 'New Zealand', 'postcode': 91640, 'coordinates': {'latitude': '55.4487', 'longitude': '56.3148'}, 'timezone': {'offset': '+3:00', 'description': 'Baghdad, Riyadh, Moscow, St. Petersburg'}}, 'email': 'leah.clarke@example.com', 'login': {'uuid': '81d8aa25-e643-4442-99d8-68b19f31ccfd', 'username': 'orangegoose567', 'password': 'strike', 'salt': 'xsnssihJ', 'md5': '0927328950231547117018a79474fdce', 'sha1': 'c445633e8e52570f0f75da90aa392045145c2555', 'sha256': 'bd320264654ce9e0bfa519719e1a9709e2af908096107f4eade2252407f9100e'}, 'dob': {'date': '1986-02-13T18:38:51.728Z', 'age': 38}, 'registered': {'date': '2003-11-22T16:44:50.782Z', 'age': 20}, 'phone': '(921)-779-8178', 'cell': '(464)-259-1555', 'id': {'name': '', 'value': None}, 'picture': {'large': 'https://randomuser.me/api/portraits/women/57.jpg', 'medium': 'https://randomuser.me/api/portraits/med/women/57.jpg', 'thumbnail': 'https://randomuser.me/api/portraits/thumb/women/57.jpg'}, 'nat': 'NZ'}</msg>
<arg>${json_data['results'][0]}</arg>
<doc>Logs the given message with the given level.</doc>
<status status="PASS" start="2024-08-06T06:23:12.762340" elapsed="0.000409"/>
</kw>
<kw name="Log" owner="BuiltIn">
<msg time="2024-08-06T06:23:12.763178" level="INFO">gender</msg>
<arg>${key}</arg>
<doc>Logs the given message with the given level.</doc>
<status status="PASS" start="2024-08-06T06:23:12.763049" elapsed="0.000167"/>
</kw>
<var name="${key}">gender</var>
<status status="PASS" start="2024-08-06T06:23:12.761592" elapsed="0.001840"/>
</iter>
<iter>
<kw name="Dictionary Should Contain Key" owner="Collections">
<arg>${json_data['results'][0]}</arg>
<arg>${key}</arg>
<doc>Fails if ``key`` is not found from ``dictionary``.</doc>
<status status="PASS" start="2024-08-06T06:23:12.763736" elapsed="0.000395"/>
</kw>
<kw name="Log" owner="BuiltIn">
<msg time="2024-08-06T06:23:12.764691" level="INFO">{'gender': 'female', 'name': {'title': 'Ms', 'first': 'Leah', 'last': 'Clarke'}, 'location': {'street': {'number': 6297, 'name': 'Pine Hill Road'}, 'city': 'Dunedin', 'state': 'Manawatu-Wanganui', 'country': 'New Zealand', 'postcode': 91640, 'coordinates': {'latitude': '55.4487', 'longitude': '56.3148'}, 'timezone': {'offset': '+3:00', 'description': 'Baghdad, Riyadh, Moscow, St. Petersburg'}}, 'email': 'leah.clarke@example.com', 'login': {'uuid': '81d8aa25-e643-4442-99d8-68b19f31ccfd', 'username': 'orangegoose567', 'password': 'strike', 'salt': 'xsnssihJ', 'md5': '0927328950231547117018a79474fdce', 'sha1': 'c445633e8e52570f0f75da90aa392045145c2555', 'sha256': 'bd320264654ce9e0bfa519719e1a9709e2af908096107f4eade2252407f9100e'}, 'dob': {'date': '1986-02-13T18:38:51.728Z', 'age': 38}, 'registered': {'date': '2003-11-22T16:44:50.782Z', 'age': 20}, 'phone': '(921)-779-8178', 'cell': '(464)-259-1555', 'id': {'name': '', 'value': None}, 'picture': {'large': 'https://randomuser.me/api/portraits/women/57.jpg', 'medium': 'https://randomuser.me/api/portraits/med/women/57.jpg', 'thumbnail': 'https://randomuser.me/api/portraits/thumb/women/57.jpg'}, 'nat': 'NZ'}</msg>
<arg>${json_data['results'][0]}</arg>
<doc>Logs the given message with the given level.</doc>
<status status="PASS" start="2024-08-06T06:23:12.764314" elapsed="0.000459"/>
</kw>
<kw name="Log" owner="BuiltIn">
<msg time="2024-08-06T06:23:12.765205" level="INFO">name</msg>
<arg>${key}</arg>
<doc>Logs the given message with the given level.</doc>
<status status="PASS" start="2024-08-06T06:23:12.765077" elapsed="0.000167"/>
</kw>
<var name="${key}">name</var>
<status status="PASS" start="2024-08-06T06:23:12.763624" elapsed="0.001839"/>
</iter>
<iter>
<kw name="Dictionary Should Contain Key" owner="Collections">
<arg>${json_data['results'][0]}</arg>
<arg>${key}</arg>
<doc>Fails if ``key`` is not found from ``dictionary``.</doc>
<status status="PASS" start="2024-08-06T06:23:12.765776" elapsed="0.000393"/>
</kw>
<kw name="Log" owner="BuiltIn">
<msg time="2024-08-06T06:23:12.766707" level="INFO">{'gender': 'female', 'name': {'title': 'Ms', 'first': 'Leah', 'last': 'Clarke'}, 'location': {'street': {'number': 6297, 'name': 'Pine Hill Road'}, 'city': 'Dunedin', 'state': 'Manawatu-Wanganui', 'country': 'New Zealand', 'postcode': 91640, 'coordinates': {'latitude': '55.4487', 'longitude': '56.3148'}, 'timezone': {'offset': '+3:00', 'description': 'Baghdad, Riyadh, Moscow, St. Petersburg'}}, 'email': 'leah.clarke@example.com', 'login': {'uuid': '81d8aa25-e643-4442-99d8-68b19f31ccfd', 'username': 'orangegoose567', 'password': 'strike', 'salt': 'xsnssihJ', 'md5': '0927328950231547117018a79474fdce', 'sha1': 'c445633e8e52570f0f75da90aa392045145c2555', 'sha256': 'bd320264654ce9e0bfa519719e1a9709e2af908096107f4eade2252407f9100e'}, 'dob': {'date': '1986-02-13T18:38:51.728Z', 'age': 38}, 'registered': {'date': '2003-11-22T16:44:50.782Z', 'age': 20}, 'phone': '(921)-779-8178', 'cell': '(464)-259-1555', 'id': {'name': '', 'value': None}, 'picture': {'large': 'https://randomuser.me/api/portraits/women/57.jpg', 'medium': 'https://randomuser.me/api/portraits/med/women/57.jpg', 'thumbnail': 'https://randomuser.me/api/portraits/thumb/women/57.jpg'}, 'nat': 'NZ'}</msg>
<arg>${json_data['results'][0]}</arg>
<doc>Logs the given message with the given level.</doc>
<status status="PASS" start="2024-08-06T06:23:12.766354" elapsed="0.000404"/>
</kw>
<kw name="Log" owner="BuiltIn">
<msg time="2024-08-06T06:23:12.767201" level="INFO">location</msg>
<arg>${key}</arg>
<doc>Logs the given message with the given level.</doc>
<status status="PASS" start="2024-08-06T06:23:12.767060" elapsed="0.000178"/>
</kw>
<var name="${key}">location</var>
<status status="PASS" start="2024-08-06T06:23:12.765644" elapsed="0.001818"/>
</iter>
<iter>
<kw name="Dictionary Should Contain Key" owner="Collections">
<arg>${json_data['results'][0]}</arg>
<arg>${key}</arg>
<doc>Fails if ``key`` is not found from ``dictionary``.</doc>
<status status="PASS" start="2024-08-06T06:23:12.767741" elapsed="0.000377"/>
</kw>
<kw name="Log" owner="BuiltIn">
<msg time="2024-08-06T06:23:12.768818" level="INFO">{'gender': 'female', 'name': {'title': 'Ms', 'first': 'Leah', 'last': 'Clarke'}, 'location': {'street': {'number': 6297, 'name': 'Pine Hill Road'}, 'city': 'Dunedin', 'state': 'Manawatu-Wanganui', 'country': 'New Zealand', 'postcode': 91640, 'coordinates': {'latitude': '55.4487', 'longitude': '56.3148'}, 'timezone': {'offset': '+3:00', 'description': 'Baghdad, Riyadh, Moscow, St. Petersburg'}}, 'email': 'leah.clarke@example.com', 'login': {'uuid': '81d8aa25-e643-4442-99d8-68b19f31ccfd', 'username': 'orangegoose567', 'password': 'strike', 'salt': 'xsnssihJ', 'md5': '0927328950231547117018a79474fdce', 'sha1': 'c445633e8e52570f0f75da90aa392045145c2555', 'sha256': 'bd320264654ce9e0bfa519719e1a9709e2af908096107f4eade2252407f9100e'}, 'dob': {'date': '1986-02-13T18:38:51.728Z', 'age': 38}, 'registered': {'date': '2003-11-22T16:44:50.782Z', 'age': 20}, 'phone': '(921)-779-8178', 'cell': '(464)-259-1555', 'id': {'name': '', 'value': None}, 'picture': {'large': 'https://randomuser.me/api/portraits/women/57.jpg', 'medium': 'https://randomuser.me/api/portraits/med/women/57.jpg', 'thumbnail': 'https://randomuser.me/api/portraits/thumb/women/57.jpg'}, 'nat': 'NZ'}</msg>
<arg>${json_data['results'][0]}</arg>
<doc>Logs the given message with the given level.</doc>
<status status="PASS" start="2024-08-06T06:23:12.768416" elapsed="0.000451"/>
</kw>
<kw name="Log" owner="BuiltIn">
<msg time="2024-08-06T06:23:12.769298" level="INFO">email</msg>
<arg>${key}</arg>
<doc>Logs the given message with the given level.</doc>
<status status="PASS" start="2024-08-06T06:23:12.769168" elapsed="0.000169"/>
</kw>
<var name="${key}">email</var>
<status status="PASS" start="2024-08-06T06:23:12.767634" elapsed="0.001920"/>
</iter>
<iter>
<kw name="Dictionary Should Contain Key" owner="Collections">
<arg>${json_data['results'][0]}</arg>
<arg>${key}</arg>
<doc>Fails if ``key`` is not found from ``dictionary``.</doc>
<status status="PASS" start="2024-08-06T06:23:12.769837" elapsed="0.000376"/>
</kw>
<kw name="Log" owner="BuiltIn">
<msg time="2024-08-06T06:23:12.770741" level="INFO">{'gender': 'female', 'name': {'title': 'Ms', 'first': 'Leah', 'last': 'Clarke'}, 'location': {'street': {'number': 6297, 'name': 'Pine Hill Road'}, 'city': 'Dunedin', 'state': 'Manawatu-Wanganui', 'country': 'New Zealand', 'postcode': 91640, 'coordinates': {'latitude': '55.4487', 'longitude': '56.3148'}, 'timezone': {'offset': '+3:00', 'description': 'Baghdad, Riyadh, Moscow, St. Petersburg'}}, 'email': 'leah.clarke@example.com', 'login': {'uuid': '81d8aa25-e643-4442-99d8-68b19f31ccfd', 'username': 'orangegoose567', 'password': 'strike', 'salt': 'xsnssihJ', 'md5': '0927328950231547117018a79474fdce', 'sha1': 'c445633e8e52570f0f75da90aa392045145c2555', 'sha256': 'bd320264654ce9e0bfa519719e1a9709e2af908096107f4eade2252407f9100e'}, 'dob': {'date': '1986-02-13T18:38:51.728Z', 'age': 38}, 'registered': {'date': '2003-11-22T16:44:50.782Z', 'age': 20}, 'phone': '(921)-779-8178', 'cell': '(464)-259-1555', 'id': {'name': '', 'value': None}, 'picture': {'large': 'https://randomuser.me/api/portraits/women/57.jpg', 'medium': 'https://randomuser.me/api/portraits/med/women/57.jpg', 'thumbnail': 'https://randomuser.me/api/portraits/thumb/women/57.jpg'}, 'nat': 'NZ'}</msg>
<arg>${json_data['results'][0]}</arg>
<doc>Logs the given message with the given level.</doc>
<status status="PASS" start="2024-08-06T06:23:12.770393" elapsed="0.000404"/>
</kw>
<kw name="Log" owner="BuiltIn">
<msg time="2024-08-06T06:23:12.771217" level="INFO">login</msg>
<arg>${key}</arg>
<doc>Logs the given message with the given level.</doc>
<status status="PASS" start="2024-08-06T06:23:12.771089" elapsed="0.000166"/>
</kw>
<var name="${key}">login</var>
<status status="PASS" start="2024-08-06T06:23:12.769728" elapsed="0.001757"/>
</iter>
<var>${key}</var>
<value>@{expected_keys}</value>
<status status="PASS" start="2024-08-06T06:23:12.761394" elapsed="0.010216"/>
</for>
<kw name="Create List" owner="BuiltIn">
<msg time="2024-08-06T06:23:12.771969" level="INFO">${expected_keysTwo} = ['username', 'password']</msg>
<var>${expected_keysTwo}</var>
<arg>username</arg>
<arg>password</arg>
<doc>Returns a list containing given items.</doc>
<status status="PASS" start="2024-08-06T06:23:12.771802" elapsed="0.000191"/>
</kw>
<for flavor="IN">
<iter>
<kw name="Dictionary Should Contain Key" owner="Collections">
<arg>${json_data['results'][0]['login']}</arg>
<arg>${keyTwo}</arg>
<doc>Fails if ``key`` is not found from ``dictionary``.</doc>
<status status="PASS" start="2024-08-06T06:23:12.772518" elapsed="0.000397"/>
</kw>
<kw name="Dictionary Should Contain Key" owner="Collections">
<arg>${json_data['results'][0]['login']}</arg>
<arg>${keyTwo}</arg>
<doc>Fails if ``key`` is not found from ``dictionary``.</doc>
<status status="PASS" start="2024-08-06T06:23:12.773095" elapsed="0.000374"/>
</kw>
<kw name="Log" owner="BuiltIn">
<msg time="2024-08-06T06:23:12.773768" level="INFO">username</msg>
<arg>${keyTwo}</arg>
<doc>Logs the given message with the given level.</doc>
<status status="PASS" start="2024-08-06T06:23:12.773648" elapsed="0.000157"/>
</kw>
<var name="${keyTwo}">username</var>
<status status="PASS" start="2024-08-06T06:23:12.772389" elapsed="0.001636"/>
</iter>
<iter>
<kw name="Dictionary Should Contain Key" owner="Collections">
<arg>${json_data['results'][0]['login']}</arg>
<arg>${keyTwo}</arg>
<doc>Fails if ``key`` is not found from ``dictionary``.</doc>
<status status="PASS" start="2024-08-06T06:23:12.774306" elapsed="0.000390"/>
</kw>
<kw name="Dictionary Should Contain Key" owner="Collections">
<arg>${json_data['results'][0]['login']}</arg>
<arg>${keyTwo}</arg>
<doc>Fails if ``key`` is not found from ``dictionary``.</doc>
<status status="PASS" start="2024-08-06T06:23:12.774875" elapsed="0.000364"/>
</kw>
<kw name="Log" owner="BuiltIn">
<msg time="2024-08-06T06:23:12.775529" level="INFO">password</msg>
<arg>${keyTwo}</arg>
<doc>Logs the given message with the given level.</doc>
<status status="PASS" start="2024-08-06T06:23:12.775413" elapsed="0.000153"/>
</kw>
<var name="${keyTwo}">password</var>
<status status="PASS" start="2024-08-06T06:23:12.774200" elapsed="0.001585"/>
</iter>
<var>${keyTwo}</var>
<value>@{expected_keysTwo}</value>
<status status="PASS" start="2024-08-06T06:23:12.772233" elapsed="0.003672"/>
</for>
<status status="PASS" start="2024-08-06T06:23:12.669095" elapsed="0.106963"/>
</kw>
<doc>Testa a estrutura da resposta da API.</doc>
<tag>testeEstruturaResposta</tag>
<status status="PASS" start="2024-08-06T06:23:12.668564" elapsed="0.107652"/>
</test>
<test id="s1-s1-t4" name="Validar tipos de dados" line="28">
<kw name="Teste de Tipos de Dados" owner="random-user-service">
<kw name="GET On Session" owner="RequestsLibrary">
<msg time="2024-08-06T06:23:12.859845" level="INFO">GET Request : url=https://randomuser.me/api 
 path_url=/api 
 headers={'User-Agent': 'python-requests/2.32.3', 'Accept-Encoding': 'gzip, deflate', 'Accept': '*/*', 'Connection': 'keep-alive'} 
 body=None 
 </msg>
<msg time="2024-08-06T06:23:12.859946" level="INFO">GET Response : url=https://randomuser.me/api 
 status=200, reason=OK 
 headers={'Date': 'Tue, 06 Aug 2024 06:23:12 GMT', 'Content-Type': 'application/json; charset=utf-8', 'Transfer-Encoding': 'chunked', 'Connection': 'keep-alive', 'X-Powered-By': 'Express', 'Access-Control-Allow-Origin': '*', 'Cache-Control': 'no-cache', 'ETag': 'W/"47a-SnrZRi4qomtfmTpokuijYrERrqo"', 'Vary': 'Accept-Encoding', 'Content-Encoding': 'gzip', 'CF-Cache-Status': 'DYNAMIC', 'Report-To': '{"endpoints":[{"url":"https:\\/\\/a.nel.cloudflare.com\\/report\\/v4?s=OLrSDigvRreDVRiIrRDratn3CWKrpQCqXs%2FKEio9WIPkN%2FzBgfgLWfCaRO1M%2Bk3xRNx%2FgyU9xz%2FvL%2FaT%2BCBYEzHx0z2rdOdRG0GZsj%2Fzxz4rvB0hSps4QJo00OwgOwPV"}],"group":"cf-nel","max_age":604800}', 'NEL': '{"success_fraction":0,"report_to":"cf-nel","max_age":604800}', 'Server': 'cloudflare', 'CF-RAY': '8aecefd8e8b6876c-ORD', 'alt-svc': 'h3=":443"; ma=86400'} 
 body={"results":[{"gender":"male","name":{"title":"Mr","first":"Craig","last":"Lynch"},"location":{"street":{"number":9375,"name":"Church Road"},"city":"Dublin","state":"Longford","country":"Ireland","postcode":71806,"coordinates":{"latitude":"1.2777","longitude":"-108.1394"},"timezone":{"offset":"+4:00","description":"Abu Dhabi, Muscat, Baku, Tbilisi"}},"email":"craig.lynch@example.com","login":{"uuid":"38af158a-509b-4bbf-a2b3-a5f92cd73cde","username":"redduck712","password":"brown1","salt":"vbLQRS7x","md5":"b450c085c5aa3a4e1f392f6ca21d164f","sha1":"751566454cce40fb03bfc0310afe985801a0d66a","sha256":"81aec580712a427050b986dfae4de8589a275479b3a5d02f35cb04957d7d99c1"},"dob":{"date":"1962-08-18T04:48:55.288Z","age":61},"registered":{"date":"2021-05-01T01:01:08.423Z","age":3},"phone":"011-784-1789","cell":"081-386-2295","id":{"name":"PPS","value":"4701470T"},"picture":{"large":"https://randomuser.me/api/portraits/men/57.jpg","medium":"https://randomuser.me/api/portraits/med/men/57.jpg","thumbnail":"https://randomuser.me/api/portraits/thumb/men/57.jpg"},"nat":"IE"}],"info":{"seed":"3f02dbe3b25ede26","results":1,"page":1,"version":"1.4"}} 
 </msg>
<msg time="2024-08-06T06:23:12.860015" level="INFO">/opt/hostedtoolcache/Python/3.12.4/x64/lib/python3.12/site-packages/urllib3/connectionpool.py:1099: InsecureRequestWarning: Unverified HTTPS request is being made to host 'randomuser.me'. Adding certificate verification is strongly advised. See: https://urllib3.readthedocs.io/en/latest/advanced-usage.html#tls-warnings
  warnings.warn(</msg>
<msg time="2024-08-06T06:23:12.860131" level="INFO">${response} = &lt;Response [200]&gt;</msg>
<var>${response}</var>
<arg>consultarAPI</arg>
<arg>/api</arg>
<doc>Sends a GET request on a previously created HTTP Session.</doc>
<status status="PASS" start="2024-08-06T06:23:12.778736" elapsed="0.081438"/>
</kw>
<kw name="Set Variable" owner="BuiltIn">
<msg time="2024-08-06T06:23:12.861417" level="INFO">${json_data} = {'results': [{'gender': 'male', 'name': {'title': 'Mr', 'first': 'Craig', 'last': 'Lynch'}, 'location': {'street': {'number': 9375, 'name': 'Church Road'}, 'city': 'Dublin', 'state': 'Longford', 'coun...</msg>
<var>${json_data}</var>
<arg>${response.json()}</arg>
<doc>Returns the given values which can then be assigned to a variables.</doc>
<status status="PASS" start="2024-08-06T06:23:12.860833" elapsed="0.000613"/>
</kw>
<kw name="Log" owner="BuiltIn">
<msg time="2024-08-06T06:23:12.861959" level="INFO">{'results': [{'gender': 'male', 'name': {'title': 'Mr', 'first': 'Craig', 'last': 'Lynch'}, 'location': {'street': {'number': 9375, 'name': 'Church Road'}, 'city': 'Dublin', 'state': 'Longford', 'country': 'Ireland', 'postcode': 71806, 'coordinates': {'latitude': '1.2777', 'longitude': '-108.1394'}, 'timezone': {'offset': '+4:00', 'description': 'Abu Dhabi, Muscat, Baku, Tbilisi'}}, 'email': 'craig.lynch@example.com', 'login': {'uuid': '38af158a-509b-4bbf-a2b3-a5f92cd73cde', 'username': 'redduck712', 'password': 'brown1', 'salt': 'vbLQRS7x', 'md5': 'b450c085c5aa3a4e1f392f6ca21d164f', 'sha1': '751566454cce40fb03bfc0310afe985801a0d66a', 'sha256': '81aec580712a427050b986dfae4de8589a275479b3a5d02f35cb04957d7d99c1'}, 'dob': {'date': '1962-08-18T04:48:55.288Z', 'age': 61}, 'registered': {'date': '2021-05-01T01:01:08.423Z', 'age': 3}, 'phone': '011-784-1789', 'cell': '081-386-2295', 'id': {'name': 'PPS', 'value': '4701470T'}, 'picture': {'large': 'https://randomuser.me/api/portraits/men/57.jpg', 'medium': 'https://randomuser.me/api/portraits/med/men/57.jpg', 'thumbnail': 'https://randomuser.me/api/portraits/thumb/men/57.jpg'}, 'nat': 'IE'}], 'info': {'seed': '3f02dbe3b25ede26', 'results': 1, 'page': 1, 'version': '1.4'}}</msg>
<arg>${json_data}</arg>
<doc>Logs the given message with the given level.</doc>
<status status="PASS" start="2024-08-06T06:23:12.861792" elapsed="0.000215"/>
</kw>
<kw name="Should Be String" owner="String">
<arg>${json_data['results'][0]['gender']}</arg>
<doc>Fails if the given ``item`` is not a string.</doc>
<status status="PASS" start="2024-08-06T06:23:12.862314" elapsed="0.000386"/>
</kw>
<kw name="Should Match Regexp" owner="BuiltIn">
<arg>${json_data['results'][0]['email']}</arg>
<arg>^[a-zA-Z0-9._%+-]+@[a-zA-Z0-9.-]+\.[a-zA-Z]{2,}$</arg>
<doc>Fails if ``string`` does not match ``pattern`` as a regular expression.</doc>
<status status="PASS" start="2024-08-06T06:23:12.862895" elapsed="0.000510"/>
</kw>
<kw name="Should Match Regexp" owner="BuiltIn">
<arg>${json_data['results'][0]['dob']['date']}</arg>
<arg>\\d{4}-\\d{2}-\\d{2}T\\d{2}:\\d{2}:\\d{2}\\.\\d{3}Z</arg>
<doc>Fails if ``string`` does not match ``pattern`` as a regular expression.</doc>
<status status="PASS" start="2024-08-06T06:23:12.863638" elapsed="0.000642"/>
</kw>
<kw name="Should Match Regexp" owner="BuiltIn">
<arg>${json_data['results'][0]['registered']['date']}</arg>
<arg>\\d{4}-\\d{2}-\\d{2}T\\d{2}:\\d{2}:\\d{2}\\.\\d{3}Z</arg>
<doc>Fails if ``string`` does not match ``pattern`` as a regular expression.</doc>
<status status="PASS" start="2024-08-06T06:23:12.864473" elapsed="0.000424"/>
</kw>
<kw name="Should Match Regexp" owner="BuiltIn">
<arg>${json_data['results'][0]['picture']['large']}</arg>
<arg>^https?://.*\.(?:png|jpe?g|gif|bmp)$</arg>
<doc>Fails if ``string`` does not match ``pattern`` as a regular expression.</doc>
<status status="PASS" start="2024-08-06T06:23:12.865084" elapsed="0.000462"/>
</kw>
<kw name="Should Match Regexp" owner="BuiltIn">
<arg>${json_data['results'][0]['picture']['medium']}</arg>
<arg>^https?://.*\.(?:png|jpe?g|gif|bmp)$</arg>
<doc>Fails if ``string`` does not match ``pattern`` as a regular expression.</doc>
<status status="PASS" start="2024-08-06T06:23:12.865736" elapsed="0.000366"/>
</kw>
<kw name="Should Match Regexp" owner="BuiltIn">
<arg>${json_data['results'][0]['picture']['thumbnail']}</arg>
<arg>^https?://.*\.(?:png|jpe?g|gif|bmp)$</arg>
<doc>Fails if ``string`` does not match ``pattern`` as a regular expression.</doc>
<status status="PASS" start="2024-08-06T06:23:12.866285" elapsed="0.000348"/>
</kw>
<kw name="Log" owner="BuiltIn">
<msg time="2024-08-06T06:23:12.867135" level="INFO">{'large': 'https://randomuser.me/api/portraits/men/57.jpg', 'medium': 'https://randomuser.me/api/portraits/med/men/57.jpg', 'thumbnail': 'https://randomuser.me/api/portraits/thumb/men/57.jpg'}</msg>
<arg>${json_data['results'][0]['picture']}</arg>
<doc>Logs the given message with the given level.</doc>
<status status="PASS" start="2024-08-06T06:23:12.866814" elapsed="0.000364"/>
</kw>
<status status="PASS" start="2024-08-06T06:23:12.778509" elapsed="0.088933"/>
</kw>
<kw name="Teste de Tipos de Dados - Postcode" owner="random-user-service">
<kw name="GET On Session" owner="RequestsLibrary">
<msg time="2024-08-06T06:23:12.947856" level="INFO">GET Request : url=https://randomuser.me/api 
 path_url=/api 
 headers={'User-Agent': 'python-requests/2.32.3', 'Accept-Encoding': 'gzip, deflate', 'Accept': '*/*', 'Connection': 'keep-alive'} 
 body=None 
 </msg>
<msg time="2024-08-06T06:23:12.947956" level="INFO">GET Response : url=https://randomuser.me/api 
 status=200, reason=OK 
 headers={'Date': 'Tue, 06 Aug 2024 06:23:12 GMT', 'Content-Type': 'application/json; charset=utf-8', 'Transfer-Encoding': 'chunked', 'Connection': 'keep-alive', 'X-Powered-By': 'Express', 'Access-Control-Allow-Origin': '*', 'Cache-Control': 'no-cache', 'ETag': 'W/"474-z3I2fVoqTWuHSzPDcb6jo0EBEus"', 'Vary': 'Accept-Encoding', 'Content-Encoding': 'gzip', 'CF-Cache-Status': 'DYNAMIC', 'Report-To': '{"endpoints":[{"url":"https:\\/\\/a.nel.cloudflare.com\\/report\\/v4?s=WRBKX2Rjrm%2FN6RSyIzkmdp6HMm8VJYAFacrCfC1qITGkS8Bw%2Fh3dWTzZ5nnrW0763TQI2rdER19MvSbObpzND2IuzvuOD3uy1qUcYpbuulFIsNI4OPYYlSq7YDcGXAkH"}],"group":"cf-nel","max_age":604800}', 'NEL': '{"success_fraction":0,"report_to":"cf-nel","max_age":604800}', 'Server': 'cloudflare', 'CF-RAY': '8aecefd9790f876c-ORD', 'alt-svc': 'h3=":443"; ma=86400'} 
 body={"results":[{"gender":"female","name":{"title":"Ms","first":"Elif","last":"Yıldırım"},"location":{"street":{"number":6966,"name":"Anafartalar Cd"},"city":"Artvin","state":"Adana","country":"Turkey","postcode":46653,"coordinates":{"latitude":"66.2762","longitude":"75.2122"},"timezone":{"offset":"-3:30","description":"Newfoundland"}},"email":"elif.yildirim@example.com","login":{"uuid":"5ec5b110-67e0-4a95-af41-ffafcae0982e","username":"beautifulzebra957","password":"court","salt":"B7aQLt79","md5":"a82e3ede4dead298491ca5c2dac9c73f","sha1":"224cb7f991d61348d359770d974544ecef1b064a","sha256":"3fe19feb9665fb459e5e53f6101a8de930a3270d7c3e8cc50f20d70f64ba38c0"},"dob":{"date":"1982-07-17T13:21:48.513Z","age":42},"registered":{"date":"2021-09-19T10:54:56.425Z","age":2},"phone":"(690)-651-8611","cell":"(558)-603-1425","id":{"name":"","value":null},"picture":{"large":"https://randomuser.me/api/portraits/women/77.jpg","medium":"https://randomuser.me/api/portraits/med/women/77.jpg","thumbnail":"https://randomuser.me/api/portraits/thumb/women/77.jpg"},"nat":"TR"}],"info":{"seed":"38ee6ff90995c134","results":1,"page":1,"version":"1.4"}} 
 </msg>
<msg time="2024-08-06T06:23:12.948028" level="INFO">/opt/hostedtoolcache/Python/3.12.4/x64/lib/python3.12/site-packages/urllib3/connectionpool.py:1099: InsecureRequestWarning: Unverified HTTPS request is being made to host 'randomuser.me'. Adding certificate verification is strongly advised. See: https://urllib3.readthedocs.io/en/latest/advanced-usage.html#tls-warnings
  warnings.warn(</msg>
<msg time="2024-08-06T06:23:12.948163" level="INFO">${response} = &lt;Response [200]&gt;</msg>
<var>${response}</var>
<arg>consultarAPI</arg>
<arg>/api</arg>
<doc>Sends a GET request on a previously created HTTP Session.</doc>
<status status="PASS" start="2024-08-06T06:23:12.867900" elapsed="0.080304"/>
</kw>
<kw name="Set Variable" owner="BuiltIn">
<msg time="2024-08-06T06:23:12.949423" level="INFO">${json_data} = {'results': [{'gender': 'female', 'name': {'title': 'Ms', 'first': 'Elif', 'last': 'Yıldırım'}, 'location': {'street': {'number': 6966, 'name': 'Anafartalar Cd'}, 'city': 'Artvin', 'state': 'Adana', '...</msg>
<var>${json_data}</var>
<arg>${response.json()}</arg>
<doc>Returns the given values which can then be assigned to a variables.</doc>
<status status="PASS" start="2024-08-06T06:23:12.948862" elapsed="0.000592"/>
</kw>
<kw name="Log" owner="BuiltIn">
<msg time="2024-08-06T06:23:12.949988" level="INFO">{'results': [{'gender': 'female', 'name': {'title': 'Ms', 'first': 'Elif', 'last': 'Yıldırım'}, 'location': {'street': {'number': 6966, 'name': 'Anafartalar Cd'}, 'city': 'Artvin', 'state': 'Adana', 'country': 'Turkey', 'postcode': 46653, 'coordinates': {'latitude': '66.2762', 'longitude': '75.2122'}, 'timezone': {'offset': '-3:30', 'description': 'Newfoundland'}}, 'email': 'elif.yildirim@example.com', 'login': {'uuid': '5ec5b110-67e0-4a95-af41-ffafcae0982e', 'username': 'beautifulzebra957', 'password': 'court', 'salt': 'B7aQLt79', 'md5': 'a82e3ede4dead298491ca5c2dac9c73f', 'sha1': '224cb7f991d61348d359770d974544ecef1b064a', 'sha256': '3fe19feb9665fb459e5e53f6101a8de930a3270d7c3e8cc50f20d70f64ba38c0'}, 'dob': {'date': '1982-07-17T13:21:48.513Z', 'age': 42}, 'registered': {'date': '2021-09-19T10:54:56.425Z', 'age': 2}, 'phone': '(690)-651-8611', 'cell': '(558)-603-1425', 'id': {'name': '', 'value': None}, 'picture': {'large': 'https://randomuser.me/api/portraits/women/77.jpg', 'medium': 'https://randomuser.me/api/portraits/med/women/77.jpg', 'thumbnail': 'https://randomuser.me/api/portraits/thumb/women/77.jpg'}, 'nat': 'TR'}], 'info': {'seed': '38ee6ff90995c134', 'results': 1, 'page': 1, 'version': '1.4'}}</msg>
<arg>${json_data}</arg>
<doc>Logs the given message with the given level.</doc>
<status status="PASS" start="2024-08-06T06:23:12.949813" elapsed="0.000226"/>
</kw>
<kw name="Should Be Equal As Numbers" owner="BuiltIn">
<arg>${json_data['results'][0]['location']['postcode']}</arg>
<arg>${json_data['results'][0]['location']['postcode']}</arg>
<doc>Fails if objects are unequal after converting them to real numbers.</doc>
<status status="PASS" start="2024-08-06T06:23:12.950356" elapsed="0.000684"/>
</kw>
<kw name="Log" owner="BuiltIn">
<msg time="2024-08-06T06:23:12.951653" level="INFO">46653</msg>
<arg>${json_data['results'][0]['location']['postcode']}</arg>
<doc>Logs the given message with the given level.</doc>
<status status="PASS" start="2024-08-06T06:23:12.951298" elapsed="0.000397"/>
</kw>
<status status="PASS" start="2024-08-06T06:23:12.867670" elapsed="0.084325"/>
</kw>
<doc>Testa se os tipos de dados na resposta da API estão corretos.</doc>
<tag>testeTiposDados</tag>
<status status="PASS" start="2024-08-06T06:23:12.778038" elapsed="0.174133"/>
</test>
<test id="s1-s1-t5" name="Validar conteudo" line="35">
<kw name="Teste de Tipos de Conteudo" owner="random-user-service">
<kw name="GET On Session" owner="RequestsLibrary">
<msg time="2024-08-06T06:23:13.080895" level="INFO">GET Request : url=https://randomuser.me/api 
 path_url=/api 
 headers={'User-Agent': 'python-requests/2.32.3', 'Accept-Encoding': 'gzip, deflate', 'Accept': '*/*', 'Connection': 'keep-alive'} 
 body=None 
 </msg>
<msg time="2024-08-06T06:23:13.081007" level="INFO">GET Response : url=https://randomuser.me/api 
 status=200, reason=OK 
 headers={'Date': 'Tue, 06 Aug 2024 06:23:13 GMT', 'Content-Type': 'application/json; charset=utf-8', 'Transfer-Encoding': 'chunked', 'Connection': 'keep-alive', 'X-Powered-By': 'Express', 'Access-Control-Allow-Origin': '*', 'Cache-Control': 'no-cache', 'ETag': 'W/"491-E0pawZnEL792qUqJIZwKKKUondA"', 'Vary': 'Accept-Encoding', 'Content-Encoding': 'gzip', 'CF-Cache-Status': 'DYNAMIC', 'Report-To': '{"endpoints":[{"url":"https:\\/\\/a.nel.cloudflare.com\\/report\\/v4?s=YtHrWXTk12ClsV2T7CLzZ4R3uBg8jTXQnoCcJL5EP7DTDE929TihJiAQMzwJZiJ90hX3VpMHLZEH4g6MYgL6m3fyl89RvkgP7UQjbIIAkRzYa5leGX683UqcUdIlpJtR"}],"group":"cf-nel","max_age":604800}', 'NEL': '{"success_fraction":0,"report_to":"cf-nel","max_age":604800}', 'Server': 'cloudflare', 'CF-RAY': '8aecefda0975876c-ORD', 'alt-svc': 'h3=":443"; ma=86400'} 
 body={"results":[{"gender":"female","name":{"title":"Mrs","first":"Danielle","last":"Ross"},"location":{"street":{"number":3662,"name":"Highfield Road"},"city":"Cobh","state":"South Dublin","country":"Ireland","postcode":17318,"coordinates":{"latitude":"0.8832","longitude":"45.5850"},"timezone":{"offset":"+1:00","description":"Brussels, Copenhagen, Madrid, Paris"}},"email":"danielle.ross@example.com","login":{"uuid":"4c57554c-15a7-49e0-b9cd-ac26ea3b155c","username":"smallmouse789","password":"sergio","salt":"vNEJ4b7K","md5":"ba08c7b9f8c31a78dff613d915d5c25d","sha1":"43cc71ed48ed2f2c521d0f883dc77e89b3640a19","sha256":"5e8ac2a1b170ceb46d16595490849da74a31071335ebbc0a8746683fe61288f4"},"dob":{"date":"1952-07-22T11:53:22.486Z","age":72},"registered":{"date":"2010-05-12T02:01:29.270Z","age":14},"phone":"051-271-3379","cell":"081-163-4869","id":{"name":"PPS","value":"5325711T"},"picture":{"large":"https://randomuser.me/api/portraits/women/87.jpg","medium":"https://randomuser.me/api/portraits/med/women/87.jpg","thumbnail":"https://randomuser.me/api/portraits/thumb/women/87.jpg"},"nat":"IE"}],"info":{"seed":"7127a680cc4270e7","results":1,"page":1,"version":"1.4"}} 
 </msg>
<msg time="2024-08-06T06:23:13.081089" level="INFO">/opt/hostedtoolcache/Python/3.12.4/x64/lib/python3.12/site-packages/urllib3/connectionpool.py:1099: InsecureRequestWarning: Unverified HTTPS request is being made to host 'randomuser.me'. Adding certificate verification is strongly advised. See: https://urllib3.readthedocs.io/en/latest/advanced-usage.html#tls-warnings
  warnings.warn(</msg>
<msg time="2024-08-06T06:23:13.081216" level="INFO">${response} = &lt;Response [200]&gt;</msg>
<var>${response}</var>
<arg>consultarAPI</arg>
<arg>/api</arg>
<doc>Sends a GET request on a previously created HTTP Session.</doc>
<status status="PASS" start="2024-08-06T06:23:12.954888" elapsed="0.126369"/>
</kw>
<kw name="Set Variable" owner="BuiltIn">
<msg time="2024-08-06T06:23:13.082449" level="INFO">${json_data} = {'results': [{'gender': 'female', 'name': {'title': 'Mrs', 'first': 'Danielle', 'last': 'Ross'}, 'location': {'street': {'number': 3662, 'name': 'Highfield Road'}, 'city': 'Cobh', 'state': 'South Dubl...</msg>
<var>${json_data}</var>
<arg>${response.json()}</arg>
<doc>Returns the given values which can then be assigned to a variables.</doc>
<status status="PASS" start="2024-08-06T06:23:13.081893" elapsed="0.000584"/>
</kw>
<kw name="Set Variable" owner="BuiltIn">
<msg time="2024-08-06T06:23:13.083167" level="INFO">${name_title} = Mrs</msg>
<var>${name_title}</var>
<arg>${json_data["results"][0]["name"]["title"]}</arg>
<doc>Returns the given values which can then be assigned to a variables.</doc>
<status status="PASS" start="2024-08-06T06:23:13.082785" elapsed="0.000408"/>
</kw>
<kw name="Create List" owner="BuiltIn">
<msg time="2024-08-06T06:23:13.083642" level="INFO">${allowed_titles} = ['Mr', 'Ms', 'Miss', 'Mrs', 'Madame', 'Monsieur']</msg>
<var>${allowed_titles}</var>
<arg>Mr</arg>
<arg>Ms</arg>
<arg>Miss</arg>
<arg>Mrs</arg>
<arg>Madame</arg>
<arg>Monsieur</arg>
<doc>Returns a list containing given items.</doc>
<status status="PASS" start="2024-08-06T06:23:13.083490" elapsed="0.000176"/>
</kw>
<kw name="List Should Contain Value" owner="Collections">
<arg>${allowed_titles}</arg>
<arg>${name_title}</arg>
<doc>Fails if the ``value`` is not found from ``list``.</doc>
<status status="PASS" start="2024-08-06T06:23:13.083978" elapsed="0.000187"/>
</kw>
<kw name="Set Variable" owner="BuiltIn">
<msg time="2024-08-06T06:23:13.084775" level="INFO">${name_country} = IE</msg>
<var>${name_country}</var>
<arg>${json_data["results"][0]["nat"]}</arg>
<doc>Returns the given values which can then be assigned to a variables.</doc>
<status status="PASS" start="2024-08-06T06:23:13.084355" elapsed="0.000446"/>
</kw>
<kw name="Create List" owner="BuiltIn">
<msg time="2024-08-06T06:23:13.085688" level="INFO">${list_country} = ['AD', 'AE', 'AF', 'AG', 'AI', 'AL', 'AM', 'AO', 'AQ', 'AR', 'AS', 'AT', 'AU', 'AW', 'AX', 'AZ', 'BA', 'BB', 'BD', 'BE', 'BF', 'BG', 'BH', 'BI', 'BJ', 'BL', 'BM', 'BN', 'BO', 'BQ', 'BR', 'BS', 'BT', '...</msg>
<var>${list_country}</var>
<arg>AD</arg>
<arg>AE</arg>
<arg>AF</arg>
<arg>AG</arg>
<arg>AI</arg>
<arg>AL</arg>
<arg>AM</arg>
<arg>AO</arg>
<arg>AQ</arg>
<arg>AR</arg>
<arg>AS</arg>
<arg>AT</arg>
<arg>AU</arg>
<arg>AW</arg>
<arg>AX</arg>
<arg>AZ</arg>
<arg>BA</arg>
<arg>BB</arg>
<arg>BD</arg>
<arg>BE</arg>
<arg>BF</arg>
<arg>BG</arg>
<arg>BH</arg>
<arg>BI</arg>
<arg>BJ</arg>
<arg>BL</arg>
<arg>BM</arg>
<arg>BN</arg>
<arg>BO</arg>
<arg>BQ</arg>
<arg>BR</arg>
<arg>BS</arg>
<arg>BT</arg>
<arg>BV</arg>
<arg>BW</arg>
<arg>BY</arg>
<arg>BZ</arg>
<arg>CA</arg>
<arg>CC</arg>
<arg>CD</arg>
<arg>CF</arg>
<arg>CG</arg>
<arg>CH</arg>
<arg>CI</arg>
<arg>CK</arg>
<arg>CL</arg>
<arg>CM</arg>
<arg>CN</arg>
<arg>CO</arg>
<arg>CR</arg>
<arg>CU</arg>
<arg>CV</arg>
<arg>CW</arg>
<arg>CX</arg>
<arg>CY</arg>
<arg>CZ</arg>
<arg>DE</arg>
<arg>DJ</arg>
<arg>DK</arg>
<arg>DM</arg>
<arg>DO</arg>
<arg>DZ</arg>
<arg>EC</arg>
<arg>EE</arg>
<arg>EG</arg>
<arg>EH</arg>
<arg>ER</arg>
<arg>ES</arg>
<arg>ET</arg>
<arg>FI</arg>
<arg>FJ</arg>
<arg>FK</arg>
<arg>FM</arg>
<arg>FO</arg>
<arg>FR</arg>
<arg>GA</arg>
<arg>GB</arg>
<arg>GD</arg>
<arg>GE</arg>
<arg>GF</arg>
<arg>GG</arg>
<arg>GH</arg>
<arg>GI</arg>
<arg>GL</arg>
<arg>GM</arg>
<arg>GN</arg>
<arg>GP</arg>
<arg>GQ</arg>
<arg>GR</arg>
<arg>GS</arg>
<arg>GT</arg>
<arg>GU</arg>
<arg>GW</arg>
<arg>GY</arg>
<arg>HK</arg>
<arg>HM</arg>
<arg>HN</arg>
<arg>HR</arg>
<arg>HT</arg>
<arg>HU</arg>
<arg>ID</arg>
<arg>IE</arg>
<arg>IL</arg>
<arg>IM</arg>
<arg>IN</arg>
<arg>IO</arg>
<arg>IQ</arg>
<arg>IR</arg>
<arg>IS</arg>
<arg>IT</arg>
<arg>JE</arg>
<arg>JM</arg>
<arg>JO</arg>
<arg>JP</arg>
<arg>KE</arg>
<arg>KG</arg>
<arg>KH</arg>
<arg>KI</arg>
<arg>KM</arg>
<arg>KN</arg>
<arg>KP</arg>
<arg>KR</arg>
<arg>KW</arg>
<arg>KY</arg>
<arg>KZ</arg>
<arg>LA</arg>
<arg>LB</arg>
<arg>LC</arg>
<arg>LI</arg>
<arg>LK</arg>
<arg>LR</arg>
<arg>LS</arg>
<arg>LT</arg>
<arg>LU</arg>
<arg>LV</arg>
<arg>LY</arg>
<arg>MA</arg>
<arg>MC</arg>
<arg>MD</arg>
<arg>ME</arg>
<arg>MF</arg>
<arg>MG</arg>
<arg>MH</arg>
<arg>MK</arg>
<arg>ML</arg>
<arg>MM</arg>
<arg>MN</arg>
<arg>MO</arg>
<arg>MP</arg>
<arg>MQ</arg>
<arg>MR</arg>
<arg>MS</arg>
<arg>MT</arg>
<arg>MU</arg>
<arg>MV</arg>
<arg>MW</arg>
<arg>MX</arg>
<arg>MY</arg>
<arg>MZ</arg>
<arg>NA</arg>
<arg>NC</arg>
<arg>NE</arg>
<arg>NF</arg>
<arg>NG</arg>
<arg>NI</arg>
<arg>NL</arg>
<arg>NO</arg>
<arg>NP</arg>
<arg>NR</arg>
<arg>NU</arg>
<arg>NZ</arg>
<arg>OM</arg>
<arg>PA</arg>
<arg>PE</arg>
<arg>PF</arg>
<arg>PG</arg>
<arg>PH</arg>
<arg>PK</arg>
<arg>PL</arg>
<arg>PM</arg>
<arg>PN</arg>
<arg>PR</arg>
<arg>PS</arg>
<arg>PT</arg>
<arg>PW</arg>
<arg>PY</arg>
<arg>QA</arg>
<arg>RE</arg>
<arg>RO</arg>
<arg>RS</arg>
<arg>RU</arg>
<arg>RW</arg>
<arg>SA</arg>
<arg>SB</arg>
<arg>SC</arg>
<arg>SD</arg>
<arg>SE</arg>
<arg>SG</arg>
<arg>SH</arg>
<arg>SI</arg>
<arg>SJ</arg>
<arg>SK</arg>
<arg>SL</arg>
<arg>SM</arg>
<arg>SN</arg>
<arg>SO</arg>
<arg>SR</arg>
<arg>SS</arg>
<arg>ST</arg>
<arg>SV</arg>
<arg>SX</arg>
<arg>SY</arg>
<arg>SZ</arg>
<arg>TC</arg>
<arg>TD</arg>
<arg>TF</arg>
<arg>TG</arg>
<arg>TH</arg>
<arg>TJ</arg>
<arg>TK</arg>
<arg>TL</arg>
<arg>TM</arg>
<arg>TN</arg>
<arg>TO</arg>
<arg>TR</arg>
<arg>TT</arg>
<arg>TV</arg>
<arg>TW</arg>
<arg>TZ</arg>
<arg>UA</arg>
<arg>UG</arg>
<arg>UM</arg>
<arg>US</arg>
<arg>UY</arg>
<arg>UZ</arg>
<arg>VA</arg>
<arg>VC</arg>
<arg>VE</arg>
<arg>VG</arg>
<arg>VI</arg>
<arg>VN</arg>
<arg>VU</arg>
<arg>WF</arg>
<arg>WS</arg>
<arg>XK</arg>
<arg>YE</arg>
<arg>YT</arg>
<arg>ZA</arg>
<arg>ZM</arg>
<arg>ZW</arg>
<doc>Returns a list containing given items.</doc>
<status status="PASS" start="2024-08-06T06:23:13.085096" elapsed="0.000617"/>
</kw>
<kw name="List Should Contain Value" owner="Collections">
<arg>${list_country}</arg>
<arg>${name_country}</arg>
<doc>Fails if the ``value`` is not found from ``list``.</doc>
<status status="PASS" start="2024-08-06T06:23:13.086706" elapsed="0.000207"/>
</kw>
<kw name="Run Keyword If" owner="BuiltIn">
<kw name="Should Be True" owner="BuiltIn">
<arg>${True}</arg>
<doc>Fails if the given condition is not true.</doc>
<status status="PASS" start="2024-08-06T06:23:13.087856" elapsed="0.000152"/>
</kw>
<arg>${json_data["results"][0]["location"]["coordinates"]["latitude"]} &gt;= -90 and ${json_data["results"][0]["location"]["coordinates"]["latitude"]} &lt;= 90</arg>
<arg>Should Be True</arg>
<arg>${True}</arg>
<doc>Runs the given keyword with the given arguments, if ``condition`` is true.</doc>
<status status="PASS" start="2024-08-06T06:23:13.087113" elapsed="0.001020"/>
</kw>
<kw name="Run Keyword If" owner="BuiltIn">
<kw name="Should Be True" owner="BuiltIn">
<arg>${True}</arg>
<doc>Fails if the given condition is not true.</doc>
<status status="PASS" start="2024-08-06T06:23:13.089024" elapsed="0.000137"/>
</kw>
<arg>${json_data["results"][0]["location"]["coordinates"]["longitude"]} &gt;= -180 and ${json_data["results"][0]["location"]["coordinates"]["longitude"]} &lt;= 180</arg>
<arg>Should Be True</arg>
<arg>${True}</arg>
<doc>Runs the given keyword with the given arguments, if ``condition`` is true.</doc>
<status status="PASS" start="2024-08-06T06:23:13.088315" elapsed="0.000968"/>
</kw>
<status status="PASS" start="2024-08-06T06:23:12.954654" elapsed="0.134762"/>
</kw>
<doc>Testa o conteúdo específico dos campos retornados pela API.</doc>
<tag>testeConteudo</tag>
<status status="PASS" start="2024-08-06T06:23:12.954181" elapsed="0.135386"/>
</test>
<status status="PASS" start="2024-08-06T06:23:12.049473" elapsed="1.042001"/>
</suite>
<status status="PASS" start="2024-08-06T06:23:12.034939" elapsed="1.061664"/>
</suite>
<statistics>
<total>
<stat pass="5" fail="0" skip="0">All Tests</stat>
</total>
<tag>
<stat pass="1" fail="0" skip="0">testeConteudo</stat>
<stat pass="1" fail="0" skip="0">testeEstruturaResposta</stat>
<stat pass="1" fail="0" skip="0">testeRequisicaoBasica</stat>
<stat pass="1" fail="0" skip="0">testeTiposDados</stat>
</tag>
<suite>
<stat pass="5" fail="0" skip="0" id="s1" name="Tests">Tests</stat>
<stat pass="5" fail="0" skip="0" id="s1-s1" name="Random-User-Test">Tests.Random-User-Test</stat>
</suite>
</statistics>
<errors>
</errors>
</robot>
