<?xml version="1.0" encoding="UTF-8"?>
<robot generator="Robot 7.0.1 (Python 3.12.4 on linux)" generated="2024-07-10T22:14:16.765112" rpa="false" schemaversion="5">
<suite id="s1" name="Tests" source="/home/runner/work/ApiRandomUser/ApiRandomUser/RamdonUser/tests">
<suite id="s1-s1" name="Random-User-Test" source="/home/runner/work/ApiRandomUser/ApiRandomUser/RamdonUser/tests/random-user-test.robot">
<test id="s1-s1-t1" name="Conectar" line="13">
<kw name="Conectar API" owner="random-user-service">
<kw name="Create Session" owner="RequestsLibrary">
<msg time="2024-07-10T22:14:17.181443" level="INFO">Creating Session using : alias=consultarAPI, url=https://randomuser.me/, headers={},                     cookies={}, auth=None, timeout=None, proxies=None, verify=False,                     debug=0 </msg>
<arg>consultarAPI</arg>
<arg>${URL}</arg>
<doc>Create Session: create a HTTP session to a server</doc>
<status status="PASS" start="2024-07-10T22:14:17.181239" elapsed="0.000386"/>
</kw>
<status status="PASS" start="2024-07-10T22:14:17.180255" elapsed="0.001727"/>
</kw>
<status status="PASS" start="2024-07-10T22:14:17.179597" elapsed="0.002575"/>
</test>
<test id="s1-s1-t2" name="Validar retorno 200 e JSON Válido" line="16">
<kw name="Teste de Requisicao Basica" owner="random-user-service">
<kw name="GET On Session" owner="RequestsLibrary">
<msg time="2024-07-10T22:14:17.263131" level="INFO">GET Request : url=https://randomuser.me/api 
 path_url=/api 
 headers={'User-Agent': 'python-requests/2.32.3', 'Accept-Encoding': 'gzip, deflate', 'Accept': '*/*', 'Connection': 'keep-alive'} 
 body=None 
 </msg>
<msg time="2024-07-10T22:14:17.263241" level="INFO">GET Response : url=https://randomuser.me/api 
 status=200, reason=OK 
 headers={'Date': 'Wed, 10 Jul 2024 22:14:17 GMT', 'Content-Type': 'application/json; charset=utf-8', 'Transfer-Encoding': 'chunked', 'Connection': 'keep-alive', 'X-Powered-By': 'Express', 'Access-Control-Allow-Origin': '*', 'Cache-Control': 'no-cache', 'ETag': 'W/"4a7-/YyDbpY5bi6ycwcbeZ/NXbhGRuQ"', 'Vary': 'Accept-Encoding', 'Content-Encoding': 'gzip', 'CF-Cache-Status': 'DYNAMIC', 'Report-To': '{"endpoints":[{"url":"https:\\/\\/a.nel.cloudflare.com\\/report\\/v4?s=9jKYUzurI6nxXI1x8oDvl2SddOfIcuWnO8UocOP0au8M78nN9Xgl9L0G04Dij1VGdXi%2BU9BN4VNKWUtFJdI1xfi%2BM9fDd9wNd6cjEbEF%2FffFmZR6cj9FLDvciZV%2B7Pov"}],"group":"cf-nel","max_age":604800}', 'NEL': '{"success_fraction":0,"report_to":"cf-nel","max_age":604800}', 'Server': 'cloudflare', 'CF-RAY': '8a13e7e5ae1d620b-ORD', 'alt-svc': 'h3=":443"; ma=86400'} 
 body={"results":[{"gender":"male","name":{"title":"Mr","first":"Federico","last":"Samaniego"},"location":{"street":{"number":4530,"name":"Pasaje Batista"},"city":"Papaloapam","state":"Baja California","country":"Mexico","postcode":52006,"coordinates":{"latitude":"28.0542","longitude":"-132.5630"},"timezone":{"offset":"+1:00","description":"Brussels, Copenhagen, Madrid, Paris"}},"email":"federico.samaniego@example.com","login":{"uuid":"4d77a907-5445-470c-b09a-680016dfee8a","username":"organicostrich470","password":"1216","salt":"trrwCdVC","md5":"c1e322e37d540ed278e8dece4d438b7b","sha1":"f4765f4fab16db13e7a787c999ebd0f9c3071ec6","sha256":"528ed2ab8c5fc19d29c46544261c75b249ca9fb9367ffafd6bfbf0a5ed48a3e3"},"dob":{"date":"1973-07-13T07:48:36.014Z","age":50},"registered":{"date":"2002-10-03T01:47:37.209Z","age":21},"phone":"(614) 899 8565","cell":"(611) 925 9326","id":{"name":"NSS","value":"29 39 94 1062 6"},"picture":{"large":"https://randomuser.me/api/portraits/men/2.jpg","medium":"https://randomuser.me/api/portraits/med/men/2.jpg","thumbnail":"https://randomuser.me/api/portraits/thumb/men/2.jpg"},"nat":"MX"}],"info":{"seed":"d9d37b4ad8663216","results":1,"page":1,"version":"1.4"}} 
 </msg>
<msg time="2024-07-10T22:14:17.263317" level="INFO">/opt/hostedtoolcache/Python/3.12.4/x64/lib/python3.12/site-packages/urllib3/connectionpool.py:1099: InsecureRequestWarning: Unverified HTTPS request is being made to host 'randomuser.me'. Adding certificate verification is strongly advised. See: https://urllib3.readthedocs.io/en/latest/advanced-usage.html#tls-warnings
  warnings.warn(</msg>
<msg time="2024-07-10T22:14:17.263432" level="INFO">${response} = &lt;Response [200]&gt;</msg>
<var>${response}</var>
<arg>consultarAPI</arg>
<arg>/api</arg>
<doc>Sends a GET request on a previously created HTTP Session.</doc>
<status status="PASS" start="2024-07-10T22:14:17.184835" elapsed="0.078637"/>
</kw>
<kw name="Should Be Equal As Numbers" owner="BuiltIn">
<msg time="2024-07-10T22:14:17.264313" level="INFO">Argument types are:
&lt;class 'int'&gt;
&lt;class 'str'&gt;</msg>
<arg>${response.status_code}</arg>
<arg>200</arg>
<doc>Fails if objects are unequal after converting them to real numbers.</doc>
<status status="PASS" start="2024-07-10T22:14:17.263874" elapsed="0.000503"/>
</kw>
<kw name="Log" owner="BuiltIn">
<msg time="2024-07-10T22:14:17.265068" level="INFO">200</msg>
<arg>${response.status_code}</arg>
<doc>Logs the given message with the given level.</doc>
<status status="PASS" start="2024-07-10T22:14:17.264715" elapsed="0.000396"/>
</kw>
<kw name="Set Variable" owner="BuiltIn">
<msg time="2024-07-10T22:14:17.265876" level="INFO">${json_data} = {'results': [{'gender': 'male', 'name': {'title': 'Mr', 'first': 'Federico', 'last': 'Samaniego'}, 'location': {'street': {'number': 4530, 'name': 'Pasaje Batista'}, 'city': 'Papaloapam', 'state': 'Ba...</msg>
<var>${json_data}</var>
<arg>${response.json()}</arg>
<doc>Returns the given values which can then be assigned to a variables.</doc>
<status status="PASS" start="2024-07-10T22:14:17.265431" elapsed="0.000473"/>
</kw>
<kw name="Dictionary Should Contain Key" owner="Collections">
<arg>${json_data}</arg>
<arg>results</arg>
<doc>Fails if ``key`` is not found from ``dictionary``.</doc>
<status status="PASS" start="2024-07-10T22:14:17.266199" elapsed="0.000170"/>
</kw>
<status status="PASS" start="2024-07-10T22:14:17.184589" elapsed="0.081939"/>
</kw>
<doc>Testa se a API responde corretamente e retorna um objeto JSON válido.</doc>
<tag>testeRequisicaoBasica</tag>
<status status="PASS" start="2024-07-10T22:14:17.184040" elapsed="0.082662"/>
</test>
<test id="s1-s1-t3" name="Validar estrutura de resposta" line="22">
<kw name="Teste de Estrutura de Resposta" owner="random-user-service">
<kw name="GET On Session" owner="RequestsLibrary">
<msg time="2024-07-10T22:14:17.373321" level="INFO">GET Request : url=https://randomuser.me/api 
 path_url=/api 
 headers={'User-Agent': 'python-requests/2.32.3', 'Accept-Encoding': 'gzip, deflate', 'Accept': '*/*', 'Connection': 'keep-alive'} 
 body=None 
 </msg>
<msg time="2024-07-10T22:14:17.373412" level="INFO">GET Response : url=https://randomuser.me/api 
 status=200, reason=OK 
 headers={'Date': 'Wed, 10 Jul 2024 22:14:17 GMT', 'Content-Type': 'application/json; charset=utf-8', 'Transfer-Encoding': 'chunked', 'Connection': 'keep-alive', 'X-Powered-By': 'Express', 'Access-Control-Allow-Origin': '*', 'Cache-Control': 'no-cache', 'ETag': 'W/"471-s97A6CSmyIjgSIT5hN/VWnwmwEc"', 'Vary': 'Accept-Encoding', 'Content-Encoding': 'gzip', 'CF-Cache-Status': 'DYNAMIC', 'Report-To': '{"endpoints":[{"url":"https:\\/\\/a.nel.cloudflare.com\\/report\\/v4?s=13a7IoyDXSwvWFUDx%2FYw3BzddBqg88SpcFdJXUovGg2JHXbjcrdbK9QP1blW7yFuX8TXDBRlc2dp85q%2FbO4Vn44cs%2FvAYi%2FcPdr%2FP58lcnRfhzbQBGwrYdUdtDZ6MiOJ"}],"group":"cf-nel","max_age":604800}', 'NEL': '{"success_fraction":0,"report_to":"cf-nel","max_age":604800}', 'Server': 'cloudflare', 'CF-RAY': '8a13e7e5fe8a620b-ORD', 'alt-svc': 'h3=":443"; ma=86400'} 
 body={"results":[{"gender":"male","name":{"title":"Mr","first":"Christoffer","last":"Hansen"},"location":{"street":{"number":9232,"name":"Ryesgade"},"city":"København N","state":"Hovedstaden","country":"Denmark","postcode":86966,"coordinates":{"latitude":"-39.3649","longitude":"-34.3798"},"timezone":{"offset":"+4:30","description":"Kabul"}},"email":"christoffer.hansen@example.com","login":{"uuid":"32aea63d-7db6-4c9e-bc30-890ea73df6a6","username":"bluebear594","password":"rookie","salt":"EYSxWK6o","md5":"fcb7ae70b8df1b51b7b87d0a54f58ee5","sha1":"16a1d2f3b2f98e39bb8700c44916bb9418ce9ea3","sha256":"29f47b9ce75628072a8e210d0fa3258f12d9ae863cf5156d4d26fde425793a82"},"dob":{"date":"1979-07-13T14:56:03.096Z","age":44},"registered":{"date":"2003-04-05T23:30:04.607Z","age":21},"phone":"64289364","cell":"59554045","id":{"name":"CPR","value":"130779-9937"},"picture":{"large":"https://randomuser.me/api/portraits/men/90.jpg","medium":"https://randomuser.me/api/portraits/med/men/90.jpg","thumbnail":"https://randomuser.me/api/portraits/thumb/men/90.jpg"},"nat":"DK"}],"info":{"seed":"738fd49fd6fd8dd4","results":1,"page":1,"version":"1.4"}} 
 </msg>
<msg time="2024-07-10T22:14:17.373534" level="INFO">/opt/hostedtoolcache/Python/3.12.4/x64/lib/python3.12/site-packages/urllib3/connectionpool.py:1099: InsecureRequestWarning: Unverified HTTPS request is being made to host 'randomuser.me'. Adding certificate verification is strongly advised. See: https://urllib3.readthedocs.io/en/latest/advanced-usage.html#tls-warnings
  warnings.warn(</msg>
<msg time="2024-07-10T22:14:17.373665" level="INFO">${response} = &lt;Response [200]&gt;</msg>
<var>${response}</var>
<arg>consultarAPI</arg>
<arg>/api</arg>
<doc>Sends a GET request on a previously created HTTP Session.</doc>
<status status="PASS" start="2024-07-10T22:14:17.269234" elapsed="0.104473"/>
</kw>
<kw name="Set Variable" owner="BuiltIn">
<msg time="2024-07-10T22:14:17.374715" level="INFO">${json_data} = {'results': [{'gender': 'male', 'name': {'title': 'Mr', 'first': 'Christoffer', 'last': 'Hansen'}, 'location': {'street': {'number': 9232, 'name': 'Ryesgade'}, 'city': 'København N', 'state': 'Hovedst...</msg>
<var>${json_data}</var>
<arg>${response.json()}</arg>
<doc>Returns the given values which can then be assigned to a variables.</doc>
<status status="PASS" start="2024-07-10T22:14:17.374178" elapsed="0.000567"/>
</kw>
<kw name="Log" owner="BuiltIn">
<msg time="2024-07-10T22:14:17.375359" level="INFO">{'results': [{'gender': 'male', 'name': {'title': 'Mr', 'first': 'Christoffer', 'last': 'Hansen'}, 'location': {'street': {'number': 9232, 'name': 'Ryesgade'}, 'city': 'København N', 'state': 'Hovedstaden', 'country': 'Denmark', 'postcode': 86966, 'coordinates': {'latitude': '-39.3649', 'longitude': '-34.3798'}, 'timezone': {'offset': '+4:30', 'description': 'Kabul'}}, 'email': 'christoffer.hansen@example.com', 'login': {'uuid': '32aea63d-7db6-4c9e-bc30-890ea73df6a6', 'username': 'bluebear594', 'password': 'rookie', 'salt': 'EYSxWK6o', 'md5': 'fcb7ae70b8df1b51b7b87d0a54f58ee5', 'sha1': '16a1d2f3b2f98e39bb8700c44916bb9418ce9ea3', 'sha256': '29f47b9ce75628072a8e210d0fa3258f12d9ae863cf5156d4d26fde425793a82'}, 'dob': {'date': '1979-07-13T14:56:03.096Z', 'age': 44}, 'registered': {'date': '2003-04-05T23:30:04.607Z', 'age': 21}, 'phone': '64289364', 'cell': '59554045', 'id': {'name': 'CPR', 'value': '130779-9937'}, 'picture': {'large': 'https://randomuser.me/api/portraits/men/90.jpg', 'medium': 'https://randomuser.me/api/portraits/med/men/90.jpg', 'thumbnail': 'https://randomuser.me/api/portraits/thumb/men/90.jpg'}, 'nat': 'DK'}], 'info': {'seed': '738fd49fd6fd8dd4', 'results': 1, 'page': 1, 'version': '1.4'}}</msg>
<arg>${json_data}</arg>
<doc>Logs the given message with the given level.</doc>
<status status="PASS" start="2024-07-10T22:14:17.375106" elapsed="0.000335"/>
</kw>
<kw name="Dictionary Should Contain Key" owner="Collections">
<arg>${json_data}</arg>
<arg>results</arg>
<doc>Fails if ``key`` is not found from ``dictionary``.</doc>
<status status="PASS" start="2024-07-10T22:14:17.375878" elapsed="0.000211"/>
</kw>
<kw name="Should Not Be Empty" owner="BuiltIn">
<msg time="2024-07-10T22:14:17.376482" level="INFO">Length is 2.</msg>
<arg>${json_data}</arg>
<doc>Verifies that the given item is not empty.</doc>
<status status="PASS" start="2024-07-10T22:14:17.376320" elapsed="0.000202"/>
</kw>
<kw name="Create List" owner="BuiltIn">
<msg time="2024-07-10T22:14:17.377135" level="INFO">${expected_keys} = ['gender', 'name', 'location', 'email', 'login']</msg>
<var>${expected_keys}</var>
<arg>gender</arg>
<arg>name</arg>
<arg>location</arg>
<arg>email</arg>
<arg>login</arg>
<doc>Returns a list containing given items.</doc>
<status status="PASS" start="2024-07-10T22:14:17.376820" elapsed="0.000341"/>
</kw>
<for flavor="IN">
<iter>
<kw name="Dictionary Should Contain Key" owner="Collections">
<arg>${json_data['results'][0]}</arg>
<arg>${key}</arg>
<doc>Fails if ``key`` is not found from ``dictionary``.</doc>
<status status="PASS" start="2024-07-10T22:14:17.377745" elapsed="0.000411"/>
</kw>
<kw name="Log" owner="BuiltIn">
<msg time="2024-07-10T22:14:17.378710" level="INFO">{'gender': 'male', 'name': {'title': 'Mr', 'first': 'Christoffer', 'last': 'Hansen'}, 'location': {'street': {'number': 9232, 'name': 'Ryesgade'}, 'city': 'København N', 'state': 'Hovedstaden', 'country': 'Denmark', 'postcode': 86966, 'coordinates': {'latitude': '-39.3649', 'longitude': '-34.3798'}, 'timezone': {'offset': '+4:30', 'description': 'Kabul'}}, 'email': 'christoffer.hansen@example.com', 'login': {'uuid': '32aea63d-7db6-4c9e-bc30-890ea73df6a6', 'username': 'bluebear594', 'password': 'rookie', 'salt': 'EYSxWK6o', 'md5': 'fcb7ae70b8df1b51b7b87d0a54f58ee5', 'sha1': '16a1d2f3b2f98e39bb8700c44916bb9418ce9ea3', 'sha256': '29f47b9ce75628072a8e210d0fa3258f12d9ae863cf5156d4d26fde425793a82'}, 'dob': {'date': '1979-07-13T14:56:03.096Z', 'age': 44}, 'registered': {'date': '2003-04-05T23:30:04.607Z', 'age': 21}, 'phone': '64289364', 'cell': '59554045', 'id': {'name': 'CPR', 'value': '130779-9937'}, 'picture': {'large': 'https://randomuser.me/api/portraits/men/90.jpg', 'medium': 'https://randomuser.me/api/portraits/med/men/90.jpg', 'thumbnail': 'https://randomuser.me/api/portraits/thumb/men/90.jpg'}, 'nat': 'DK'}</msg>
<arg>${json_data['results'][0]}</arg>
<doc>Logs the given message with the given level.</doc>
<status status="PASS" start="2024-07-10T22:14:17.378346" elapsed="0.000415"/>
</kw>
<kw name="Log" owner="BuiltIn">
<msg time="2024-07-10T22:14:17.379192" level="INFO">gender</msg>
<arg>${key}</arg>
<doc>Logs the given message with the given level.</doc>
<status status="PASS" start="2024-07-10T22:14:17.379062" elapsed="0.000169"/>
</kw>
<var name="${key}">gender</var>
<status status="PASS" start="2024-07-10T22:14:17.377621" elapsed="0.001829"/>
</iter>
<iter>
<kw name="Dictionary Should Contain Key" owner="Collections">
<arg>${json_data['results'][0]}</arg>
<arg>${key}</arg>
<doc>Fails if ``key`` is not found from ``dictionary``.</doc>
<status status="PASS" start="2024-07-10T22:14:17.379746" elapsed="0.000389"/>
</kw>
<kw name="Log" owner="BuiltIn">
<msg time="2024-07-10T22:14:17.380692" level="INFO">{'gender': 'male', 'name': {'title': 'Mr', 'first': 'Christoffer', 'last': 'Hansen'}, 'location': {'street': {'number': 9232, 'name': 'Ryesgade'}, 'city': 'København N', 'state': 'Hovedstaden', 'country': 'Denmark', 'postcode': 86966, 'coordinates': {'latitude': '-39.3649', 'longitude': '-34.3798'}, 'timezone': {'offset': '+4:30', 'description': 'Kabul'}}, 'email': 'christoffer.hansen@example.com', 'login': {'uuid': '32aea63d-7db6-4c9e-bc30-890ea73df6a6', 'username': 'bluebear594', 'password': 'rookie', 'salt': 'EYSxWK6o', 'md5': 'fcb7ae70b8df1b51b7b87d0a54f58ee5', 'sha1': '16a1d2f3b2f98e39bb8700c44916bb9418ce9ea3', 'sha256': '29f47b9ce75628072a8e210d0fa3258f12d9ae863cf5156d4d26fde425793a82'}, 'dob': {'date': '1979-07-13T14:56:03.096Z', 'age': 44}, 'registered': {'date': '2003-04-05T23:30:04.607Z', 'age': 21}, 'phone': '64289364', 'cell': '59554045', 'id': {'name': 'CPR', 'value': '130779-9937'}, 'picture': {'large': 'https://randomuser.me/api/portraits/men/90.jpg', 'medium': 'https://randomuser.me/api/portraits/med/men/90.jpg', 'thumbnail': 'https://randomuser.me/api/portraits/thumb/men/90.jpg'}, 'nat': 'DK'}</msg>
<arg>${json_data['results'][0]}</arg>
<doc>Logs the given message with the given level.</doc>
<status status="PASS" start="2024-07-10T22:14:17.380342" elapsed="0.000433"/>
</kw>
<kw name="Log" owner="BuiltIn">
<msg time="2024-07-10T22:14:17.381205" level="INFO">name</msg>
<arg>${key}</arg>
<doc>Logs the given message with the given level.</doc>
<status status="PASS" start="2024-07-10T22:14:17.381075" elapsed="0.000167"/>
</kw>
<var name="${key}">name</var>
<status status="PASS" start="2024-07-10T22:14:17.379634" elapsed="0.001826"/>
</iter>
<iter>
<kw name="Dictionary Should Contain Key" owner="Collections">
<arg>${json_data['results'][0]}</arg>
<arg>${key}</arg>
<doc>Fails if ``key`` is not found from ``dictionary``.</doc>
<status status="PASS" start="2024-07-10T22:14:17.381744" elapsed="0.000372"/>
</kw>
<kw name="Log" owner="BuiltIn">
<msg time="2024-07-10T22:14:17.382644" level="INFO">{'gender': 'male', 'name': {'title': 'Mr', 'first': 'Christoffer', 'last': 'Hansen'}, 'location': {'street': {'number': 9232, 'name': 'Ryesgade'}, 'city': 'København N', 'state': 'Hovedstaden', 'country': 'Denmark', 'postcode': 86966, 'coordinates': {'latitude': '-39.3649', 'longitude': '-34.3798'}, 'timezone': {'offset': '+4:30', 'description': 'Kabul'}}, 'email': 'christoffer.hansen@example.com', 'login': {'uuid': '32aea63d-7db6-4c9e-bc30-890ea73df6a6', 'username': 'bluebear594', 'password': 'rookie', 'salt': 'EYSxWK6o', 'md5': 'fcb7ae70b8df1b51b7b87d0a54f58ee5', 'sha1': '16a1d2f3b2f98e39bb8700c44916bb9418ce9ea3', 'sha256': '29f47b9ce75628072a8e210d0fa3258f12d9ae863cf5156d4d26fde425793a82'}, 'dob': {'date': '1979-07-13T14:56:03.096Z', 'age': 44}, 'registered': {'date': '2003-04-05T23:30:04.607Z', 'age': 21}, 'phone': '64289364', 'cell': '59554045', 'id': {'name': 'CPR', 'value': '130779-9937'}, 'picture': {'large': 'https://randomuser.me/api/portraits/men/90.jpg', 'medium': 'https://randomuser.me/api/portraits/med/men/90.jpg', 'thumbnail': 'https://randomuser.me/api/portraits/thumb/men/90.jpg'}, 'nat': 'DK'}</msg>
<arg>${json_data['results'][0]}</arg>
<doc>Logs the given message with the given level.</doc>
<status status="PASS" start="2024-07-10T22:14:17.382298" elapsed="0.000396"/>
</kw>
<kw name="Log" owner="BuiltIn">
<msg time="2024-07-10T22:14:17.383119" level="INFO">location</msg>
<arg>${key}</arg>
<doc>Logs the given message with the given level.</doc>
<status status="PASS" start="2024-07-10T22:14:17.382991" elapsed="0.000166"/>
</kw>
<var name="${key}">location</var>
<status status="PASS" start="2024-07-10T22:14:17.381636" elapsed="0.001735"/>
</iter>
<iter>
<kw name="Dictionary Should Contain Key" owner="Collections">
<arg>${json_data['results'][0]}</arg>
<arg>${key}</arg>
<doc>Fails if ``key`` is not found from ``dictionary``.</doc>
<status status="PASS" start="2024-07-10T22:14:17.383649" elapsed="0.000384"/>
</kw>
<kw name="Log" owner="BuiltIn">
<msg time="2024-07-10T22:14:17.384585" level="INFO">{'gender': 'male', 'name': {'title': 'Mr', 'first': 'Christoffer', 'last': 'Hansen'}, 'location': {'street': {'number': 9232, 'name': 'Ryesgade'}, 'city': 'København N', 'state': 'Hovedstaden', 'country': 'Denmark', 'postcode': 86966, 'coordinates': {'latitude': '-39.3649', 'longitude': '-34.3798'}, 'timezone': {'offset': '+4:30', 'description': 'Kabul'}}, 'email': 'christoffer.hansen@example.com', 'login': {'uuid': '32aea63d-7db6-4c9e-bc30-890ea73df6a6', 'username': 'bluebear594', 'password': 'rookie', 'salt': 'EYSxWK6o', 'md5': 'fcb7ae70b8df1b51b7b87d0a54f58ee5', 'sha1': '16a1d2f3b2f98e39bb8700c44916bb9418ce9ea3', 'sha256': '29f47b9ce75628072a8e210d0fa3258f12d9ae863cf5156d4d26fde425793a82'}, 'dob': {'date': '1979-07-13T14:56:03.096Z', 'age': 44}, 'registered': {'date': '2003-04-05T23:30:04.607Z', 'age': 21}, 'phone': '64289364', 'cell': '59554045', 'id': {'name': 'CPR', 'value': '130779-9937'}, 'picture': {'large': 'https://randomuser.me/api/portraits/men/90.jpg', 'medium': 'https://randomuser.me/api/portraits/med/men/90.jpg', 'thumbnail': 'https://randomuser.me/api/portraits/thumb/men/90.jpg'}, 'nat': 'DK'}</msg>
<arg>${json_data['results'][0]}</arg>
<doc>Logs the given message with the given level.</doc>
<status status="PASS" start="2024-07-10T22:14:17.384235" elapsed="0.000401"/>
</kw>
<kw name="Log" owner="BuiltIn">
<msg time="2024-07-10T22:14:17.385070" level="INFO">email</msg>
<arg>${key}</arg>
<doc>Logs the given message with the given level.</doc>
<status status="PASS" start="2024-07-10T22:14:17.384936" elapsed="0.000172"/>
</kw>
<var name="${key}">email</var>
<status status="PASS" start="2024-07-10T22:14:17.383542" elapsed="0.001778"/>
</iter>
<iter>
<kw name="Dictionary Should Contain Key" owner="Collections">
<arg>${json_data['results'][0]}</arg>
<arg>${key}</arg>
<doc>Fails if ``key`` is not found from ``dictionary``.</doc>
<status status="PASS" start="2024-07-10T22:14:17.385599" elapsed="0.000380"/>
</kw>
<kw name="Log" owner="BuiltIn">
<msg time="2024-07-10T22:14:17.386504" level="INFO">{'gender': 'male', 'name': {'title': 'Mr', 'first': 'Christoffer', 'last': 'Hansen'}, 'location': {'street': {'number': 9232, 'name': 'Ryesgade'}, 'city': 'København N', 'state': 'Hovedstaden', 'country': 'Denmark', 'postcode': 86966, 'coordinates': {'latitude': '-39.3649', 'longitude': '-34.3798'}, 'timezone': {'offset': '+4:30', 'description': 'Kabul'}}, 'email': 'christoffer.hansen@example.com', 'login': {'uuid': '32aea63d-7db6-4c9e-bc30-890ea73df6a6', 'username': 'bluebear594', 'password': 'rookie', 'salt': 'EYSxWK6o', 'md5': 'fcb7ae70b8df1b51b7b87d0a54f58ee5', 'sha1': '16a1d2f3b2f98e39bb8700c44916bb9418ce9ea3', 'sha256': '29f47b9ce75628072a8e210d0fa3258f12d9ae863cf5156d4d26fde425793a82'}, 'dob': {'date': '1979-07-13T14:56:03.096Z', 'age': 44}, 'registered': {'date': '2003-04-05T23:30:04.607Z', 'age': 21}, 'phone': '64289364', 'cell': '59554045', 'id': {'name': 'CPR', 'value': '130779-9937'}, 'picture': {'large': 'https://randomuser.me/api/portraits/men/90.jpg', 'medium': 'https://randomuser.me/api/portraits/med/men/90.jpg', 'thumbnail': 'https://randomuser.me/api/portraits/thumb/men/90.jpg'}, 'nat': 'DK'}</msg>
<arg>${json_data['results'][0]}</arg>
<doc>Logs the given message with the given level.</doc>
<status status="PASS" start="2024-07-10T22:14:17.386158" elapsed="0.000396"/>
</kw>
<kw name="Log" owner="BuiltIn">
<msg time="2024-07-10T22:14:17.386970" level="INFO">login</msg>
<arg>${key}</arg>
<doc>Logs the given message with the given level.</doc>
<status status="PASS" start="2024-07-10T22:14:17.386845" elapsed="0.000163"/>
</kw>
<var name="${key}">login</var>
<status status="PASS" start="2024-07-10T22:14:17.385486" elapsed="0.001733"/>
</iter>
<var>${key}</var>
<value>@{expected_keys}</value>
<status status="PASS" start="2024-07-10T22:14:17.377427" elapsed="0.009912"/>
</for>
<kw name="Create List" owner="BuiltIn">
<msg time="2024-07-10T22:14:17.387663" level="INFO">${expected_keysTwo} = ['username', 'password']</msg>
<var>${expected_keysTwo}</var>
<arg>username</arg>
<arg>password</arg>
<doc>Returns a list containing given items.</doc>
<status status="PASS" start="2024-07-10T22:14:17.387526" elapsed="0.000161"/>
</kw>
<for flavor="IN">
<iter>
<kw name="Dictionary Should Contain Key" owner="Collections">
<arg>${json_data['results'][0]['login']}</arg>
<arg>${keyTwo}</arg>
<doc>Fails if ``key`` is not found from ``dictionary``.</doc>
<status status="PASS" start="2024-07-10T22:14:17.388225" elapsed="0.000378"/>
</kw>
<kw name="Dictionary Should Contain Key" owner="Collections">
<arg>${json_data['results'][0]['login']}</arg>
<arg>${keyTwo}</arg>
<doc>Fails if ``key`` is not found from ``dictionary``.</doc>
<status status="PASS" start="2024-07-10T22:14:17.388783" elapsed="0.000369"/>
</kw>
<kw name="Log" owner="BuiltIn">
<msg time="2024-07-10T22:14:17.389451" level="INFO">username</msg>
<arg>${keyTwo}</arg>
<doc>Logs the given message with the given level.</doc>
<status status="PASS" start="2024-07-10T22:14:17.389332" elapsed="0.000156"/>
</kw>
<var name="${keyTwo}">username</var>
<status status="PASS" start="2024-07-10T22:14:17.388099" elapsed="0.001610"/>
</iter>
<iter>
<kw name="Dictionary Should Contain Key" owner="Collections">
<arg>${json_data['results'][0]['login']}</arg>
<arg>${keyTwo}</arg>
<doc>Fails if ``key`` is not found from ``dictionary``.</doc>
<status status="PASS" start="2024-07-10T22:14:17.389988" elapsed="0.000400"/>
</kw>
<kw name="Dictionary Should Contain Key" owner="Collections">
<arg>${json_data['results'][0]['login']}</arg>
<arg>${keyTwo}</arg>
<doc>Fails if ``key`` is not found from ``dictionary``.</doc>
<status status="PASS" start="2024-07-10T22:14:17.390568" elapsed="0.000367"/>
</kw>
<kw name="Log" owner="BuiltIn">
<msg time="2024-07-10T22:14:17.391227" level="INFO">password</msg>
<arg>${keyTwo}</arg>
<doc>Logs the given message with the given level.</doc>
<status status="PASS" start="2024-07-10T22:14:17.391109" elapsed="0.000159"/>
</kw>
<var name="${keyTwo}">password</var>
<status status="PASS" start="2024-07-10T22:14:17.389882" elapsed="0.001702"/>
</iter>
<var>${keyTwo}</var>
<value>@{expected_keysTwo}</value>
<status status="PASS" start="2024-07-10T22:14:17.387945" elapsed="0.003768"/>
</for>
<status status="PASS" start="2024-07-10T22:14:17.269007" elapsed="0.122849"/>
</kw>
<doc>Testa a estrutura da resposta da API.</doc>
<tag>testeEstruturaResposta</tag>
<status status="PASS" start="2024-07-10T22:14:17.268527" elapsed="0.123484"/>
</test>
<test id="s1-s1-t4" name="Validar tipos de dados" line="28">
<kw name="Teste de Tipos de Dados" owner="random-user-service">
<kw name="GET On Session" owner="RequestsLibrary">
<msg time="2024-07-10T22:14:17.464644" level="INFO">GET Request : url=https://randomuser.me/api 
 path_url=/api 
 headers={'User-Agent': 'python-requests/2.32.3', 'Accept-Encoding': 'gzip, deflate', 'Accept': '*/*', 'Connection': 'keep-alive'} 
 body=None 
 </msg>
<msg time="2024-07-10T22:14:17.464735" level="INFO">GET Response : url=https://randomuser.me/api 
 status=200, reason=OK 
 headers={'Date': 'Wed, 10 Jul 2024 22:14:17 GMT', 'Content-Type': 'application/json; charset=utf-8', 'Transfer-Encoding': 'chunked', 'Connection': 'keep-alive', 'X-Powered-By': 'Express', 'Access-Control-Allow-Origin': '*', 'Cache-Control': 'no-cache', 'ETag': 'W/"4ad-j1uc9SG4/DpzLvGVmmLjvh9rCB0"', 'Vary': 'Accept-Encoding', 'Content-Encoding': 'gzip', 'CF-Cache-Status': 'DYNAMIC', 'Report-To': '{"endpoints":[{"url":"https:\\/\\/a.nel.cloudflare.com\\/report\\/v4?s=M6p7AQJRMQ8tJLCHt5Yi4j5UCFyblyTYXMg3%2BhK%2Bu6aZwYsWq32g%2F3oRAqWsr2V%2BIYHH%2BmBu3BtbiuGnJHXXy2rmi1vzl34OjZuHU8TG1vnkyM6Di2gL6XC%2Fbv4uzvF7"}],"group":"cf-nel","max_age":604800}', 'NEL': '{"success_fraction":0,"report_to":"cf-nel","max_age":604800}', 'Server': 'cloudflare', 'CF-RAY': '8a13e7e6bfa5620b-ORD', 'alt-svc': 'h3=":443"; ma=86400'} 
 body={"results":[{"gender":"male","name":{"title":"Monsieur","first":"Uwe","last":"Renard"},"location":{"street":{"number":4677,"name":"Avenue Goerges Clémenceau"},"city":"Schattenhalb","state":"Obwalden","country":"Switzerland","postcode":4291,"coordinates":{"latitude":"-63.9318","longitude":"-29.2622"},"timezone":{"offset":"-5:00","description":"Eastern Time (US &amp; Canada), Bogota, Lima"}},"email":"uwe.renard@example.com","login":{"uuid":"fd371c89-1318-4e55-b684-3738592ac308","username":"orangefish312","password":"gonzo1","salt":"eofG6wwp","md5":"104e2adfbe5379a6eaa5149c499f1c0c","sha1":"3a3599380a36d0ce52a0d0445c548d06e275270b","sha256":"80763e686def95371cca0be7a51c5b10ff5b80ee77b8203867f23592e3dcbe93"},"dob":{"date":"1972-01-22T00:48:45.842Z","age":52},"registered":{"date":"2006-10-20T03:47:29.040Z","age":17},"phone":"077 167 10 58","cell":"076 476 05 06","id":{"name":"AVS","value":"756.4088.1005.33"},"picture":{"large":"https://randomuser.me/api/portraits/men/50.jpg","medium":"https://randomuser.me/api/portraits/med/men/50.jpg","thumbnail":"https://randomuser.me/api/portraits/thumb/men/50.jpg"},"nat":"CH"}],"info":{"seed":"d94becea3dea7922","results":1,"page":1,"version":"1.4"}} 
 </msg>
<msg time="2024-07-10T22:14:17.464817" level="INFO">/opt/hostedtoolcache/Python/3.12.4/x64/lib/python3.12/site-packages/urllib3/connectionpool.py:1099: InsecureRequestWarning: Unverified HTTPS request is being made to host 'randomuser.me'. Adding certificate verification is strongly advised. See: https://urllib3.readthedocs.io/en/latest/advanced-usage.html#tls-warnings
  warnings.warn(</msg>
<msg time="2024-07-10T22:14:17.464948" level="INFO">${response} = &lt;Response [200]&gt;</msg>
<var>${response}</var>
<arg>consultarAPI</arg>
<arg>/api</arg>
<doc>Sends a GET request on a previously created HTTP Session.</doc>
<status status="PASS" start="2024-07-10T22:14:17.394641" elapsed="0.070356"/>
</kw>
<kw name="Set Variable" owner="BuiltIn">
<msg time="2024-07-10T22:14:17.466157" level="INFO">${json_data} = {'results': [{'gender': 'male', 'name': {'title': 'Monsieur', 'first': 'Uwe', 'last': 'Renard'}, 'location': {'street': {'number': 4677, 'name': 'Avenue Goerges Clémenceau'}, 'city': 'Schattenhalb', '...</msg>
<var>${json_data}</var>
<arg>${response.json()}</arg>
<doc>Returns the given values which can then be assigned to a variables.</doc>
<status status="PASS" start="2024-07-10T22:14:17.465558" elapsed="0.000630"/>
</kw>
<kw name="Log" owner="BuiltIn">
<msg time="2024-07-10T22:14:17.466674" level="INFO">{'results': [{'gender': 'male', 'name': {'title': 'Monsieur', 'first': 'Uwe', 'last': 'Renard'}, 'location': {'street': {'number': 4677, 'name': 'Avenue Goerges Clémenceau'}, 'city': 'Schattenhalb', 'state': 'Obwalden', 'country': 'Switzerland', 'postcode': 4291, 'coordinates': {'latitude': '-63.9318', 'longitude': '-29.2622'}, 'timezone': {'offset': '-5:00', 'description': 'Eastern Time (US &amp; Canada), Bogota, Lima'}}, 'email': 'uwe.renard@example.com', 'login': {'uuid': 'fd371c89-1318-4e55-b684-3738592ac308', 'username': 'orangefish312', 'password': 'gonzo1', 'salt': 'eofG6wwp', 'md5': '104e2adfbe5379a6eaa5149c499f1c0c', 'sha1': '3a3599380a36d0ce52a0d0445c548d06e275270b', 'sha256': '80763e686def95371cca0be7a51c5b10ff5b80ee77b8203867f23592e3dcbe93'}, 'dob': {'date': '1972-01-22T00:48:45.842Z', 'age': 52}, 'registered': {'date': '2006-10-20T03:47:29.040Z', 'age': 17}, 'phone': '077 167 10 58', 'cell': '076 476 05 06', 'id': {'name': 'AVS', 'value': '756.4088.1005.33'}, 'picture': {'large': 'https://randomuser.me/api/portraits/men/50.jpg', 'medium': 'https://randomuser.me/api/portraits/med/men/50.jpg', 'thumbnail': 'https://randomuser.me/api/portraits/thumb/men/50.jpg'}, 'nat': 'CH'}], 'info': {'seed': 'd94becea3dea7922', 'results': 1, 'page': 1, 'version': '1.4'}}</msg>
<arg>${json_data}</arg>
<doc>Logs the given message with the given level.</doc>
<status status="PASS" start="2024-07-10T22:14:17.466512" elapsed="0.000213"/>
</kw>
<kw name="Should Be String" owner="String">
<arg>${json_data['results'][0]['gender']}</arg>
<doc>Fails if the given ``item`` is not a string.</doc>
<status status="PASS" start="2024-07-10T22:14:17.467026" elapsed="0.000371"/>
</kw>
<kw name="Should Match Regexp" owner="BuiltIn">
<arg>${json_data['results'][0]['email']}</arg>
<arg>^[a-zA-Z0-9._%+-]+@[a-zA-Z0-9.-]+\.[a-zA-Z]{2,}$</arg>
<doc>Fails if ``string`` does not match ``pattern`` as a regular expression.</doc>
<status status="PASS" start="2024-07-10T22:14:17.467585" elapsed="0.000522"/>
</kw>
<kw name="Should Match Regexp" owner="BuiltIn">
<arg>${json_data['results'][0]['dob']['date']}</arg>
<arg>\\d{4}-\\d{2}-\\d{2}T\\d{2}:\\d{2}:\\d{2}\\.\\d{3}Z</arg>
<doc>Fails if ``string`` does not match ``pattern`` as a regular expression.</doc>
<status status="PASS" start="2024-07-10T22:14:17.468390" elapsed="0.000494"/>
</kw>
<kw name="Should Match Regexp" owner="BuiltIn">
<arg>${json_data['results'][0]['registered']['date']}</arg>
<arg>\\d{4}-\\d{2}-\\d{2}T\\d{2}:\\d{2}:\\d{2}\\.\\d{3}Z</arg>
<doc>Fails if ``string`` does not match ``pattern`` as a regular expression.</doc>
<status status="PASS" start="2024-07-10T22:14:17.469077" elapsed="0.000370"/>
</kw>
<kw name="Should Match Regexp" owner="BuiltIn">
<arg>${json_data['results'][0]['picture']['large']}</arg>
<arg>^https?://.*\.(?:png|jpe?g|gif|bmp)$</arg>
<doc>Fails if ``string`` does not match ``pattern`` as a regular expression.</doc>
<status status="PASS" start="2024-07-10T22:14:17.469632" elapsed="0.000464"/>
</kw>
<kw name="Should Match Regexp" owner="BuiltIn">
<arg>${json_data['results'][0]['picture']['medium']}</arg>
<arg>^https?://.*\.(?:png|jpe?g|gif|bmp)$</arg>
<doc>Fails if ``string`` does not match ``pattern`` as a regular expression.</doc>
<status status="PASS" start="2024-07-10T22:14:17.470283" elapsed="0.000361"/>
</kw>
<kw name="Should Match Regexp" owner="BuiltIn">
<arg>${json_data['results'][0]['picture']['thumbnail']}</arg>
<arg>^https?://.*\.(?:png|jpe?g|gif|bmp)$</arg>
<doc>Fails if ``string`` does not match ``pattern`` as a regular expression.</doc>
<status status="PASS" start="2024-07-10T22:14:17.470829" elapsed="0.000342"/>
</kw>
<kw name="Log" owner="BuiltIn">
<msg time="2024-07-10T22:14:17.471681" level="INFO">{'large': 'https://randomuser.me/api/portraits/men/50.jpg', 'medium': 'https://randomuser.me/api/portraits/med/men/50.jpg', 'thumbnail': 'https://randomuser.me/api/portraits/thumb/men/50.jpg'}</msg>
<arg>${json_data['results'][0]['picture']}</arg>
<doc>Logs the given message with the given level.</doc>
<status status="PASS" start="2024-07-10T22:14:17.471355" elapsed="0.000370"/>
</kw>
<status status="PASS" start="2024-07-10T22:14:17.394419" elapsed="0.077563"/>
</kw>
<kw name="Teste de Tipos de Dados - Postcode" owner="random-user-service">
<kw name="GET On Session" owner="RequestsLibrary">
<msg time="2024-07-10T22:14:17.562101" level="INFO">GET Request : url=https://randomuser.me/api 
 path_url=/api 
 headers={'User-Agent': 'python-requests/2.32.3', 'Accept-Encoding': 'gzip, deflate', 'Accept': '*/*', 'Connection': 'keep-alive'} 
 body=None 
 </msg>
<msg time="2024-07-10T22:14:17.562180" level="INFO">GET Response : url=https://randomuser.me/api 
 status=200, reason=OK 
 headers={'Date': 'Wed, 10 Jul 2024 22:14:17 GMT', 'Content-Type': 'application/json; charset=utf-8', 'Transfer-Encoding': 'chunked', 'Connection': 'keep-alive', 'X-Powered-By': 'Express', 'Access-Control-Allow-Origin': '*', 'Cache-Control': 'no-cache', 'ETag': 'W/"495-Qkz5dpTHimjy3b6VO2h7wvzQPSw"', 'Vary': 'Accept-Encoding', 'Content-Encoding': 'gzip', 'CF-Cache-Status': 'DYNAMIC', 'Report-To': '{"endpoints":[{"url":"https:\\/\\/a.nel.cloudflare.com\\/report\\/v4?s=F6CY2Pze%2BPE6J2U%2BvpmyhUayxFujrcAdpZ%2BgXPOQmZdf7oYB43GeGoL6%2FK6r2eYmLtSsuVOi54U5mttTWtRDYcKrVb2wDd%2FReSagerVMPha59ImwTP%2BIlTs8VVJbld8A"}],"group":"cf-nel","max_age":604800}', 'NEL': '{"success_fraction":0,"report_to":"cf-nel","max_age":604800}', 'Server': 'cloudflare', 'CF-RAY': '8a13e7e73840620b-ORD', 'alt-svc': 'h3=":443"; ma=86400'} 
 body={"results":[{"gender":"female","name":{"title":"Miss","first":"Clara","last":"Nguyen"},"location":{"street":{"number":2201,"name":"Place des 44 Enfants D'Izieu"},"city":"Marseille","state":"Pas-de-Calais","country":"France","postcode":13185,"coordinates":{"latitude":"-17.5894","longitude":"131.7400"},"timezone":{"offset":"-9:00","description":"Alaska"}},"email":"clara.nguyen@example.com","login":{"uuid":"3b31347c-0cb0-448a-a371-358a8e7a2134","username":"bigdog395","password":"insertion","salt":"VUcpHQln","md5":"5f656f509605a4dba452daea70dc94c1","sha1":"07e016b8483738cbe3c44bc5a2dcd0ca6cf4b62a","sha256":"3d4e864a47a7cf3ddb0220dca74ab3296aea5188a5c0b0dd033b4aa3f697927b"},"dob":{"date":"1974-07-29T07:03:36.070Z","age":49},"registered":{"date":"2015-02-05T23:46:20.316Z","age":9},"phone":"05-46-10-22-07","cell":"06-90-29-66-71","id":{"name":"INSEE","value":"2740638046190 79"},"picture":{"large":"https://randomuser.me/api/portraits/women/48.jpg","medium":"https://randomuser.me/api/portraits/med/women/48.jpg","thumbnail":"https://randomuser.me/api/portraits/thumb/women/48.jpg"},"nat":"FR"}],"info":{"seed":"e0d5e9e7eeb3d760","results":1,"page":1,"version":"1.4"}} 
 </msg>
<msg time="2024-07-10T22:14:17.562247" level="INFO">/opt/hostedtoolcache/Python/3.12.4/x64/lib/python3.12/site-packages/urllib3/connectionpool.py:1099: InsecureRequestWarning: Unverified HTTPS request is being made to host 'randomuser.me'. Adding certificate verification is strongly advised. See: https://urllib3.readthedocs.io/en/latest/advanced-usage.html#tls-warnings
  warnings.warn(</msg>
<msg time="2024-07-10T22:14:17.562364" level="INFO">${response} = &lt;Response [200]&gt;</msg>
<var>${response}</var>
<arg>consultarAPI</arg>
<arg>/api</arg>
<doc>Sends a GET request on a previously created HTTP Session.</doc>
<status status="PASS" start="2024-07-10T22:14:17.472466" elapsed="0.089938"/>
</kw>
<kw name="Set Variable" owner="BuiltIn">
<msg time="2024-07-10T22:14:17.563562" level="INFO">${json_data} = {'results': [{'gender': 'female', 'name': {'title': 'Miss', 'first': 'Clara', 'last': 'Nguyen'}, 'location': {'street': {'number': 2201, 'name': "Place des 44 Enfants D'Izieu"}, 'city': 'Marseille', '...</msg>
<var>${json_data}</var>
<arg>${response.json()}</arg>
<doc>Returns the given values which can then be assigned to a variables.</doc>
<status status="PASS" start="2024-07-10T22:14:17.562965" elapsed="0.000625"/>
</kw>
<kw name="Log" owner="BuiltIn">
<msg time="2024-07-10T22:14:17.564090" level="INFO">{'results': [{'gender': 'female', 'name': {'title': 'Miss', 'first': 'Clara', 'last': 'Nguyen'}, 'location': {'street': {'number': 2201, 'name': "Place des 44 Enfants D'Izieu"}, 'city': 'Marseille', 'state': 'Pas-de-Calais', 'country': 'France', 'postcode': 13185, 'coordinates': {'latitude': '-17.5894', 'longitude': '131.7400'}, 'timezone': {'offset': '-9:00', 'description': 'Alaska'}}, 'email': 'clara.nguyen@example.com', 'login': {'uuid': '3b31347c-0cb0-448a-a371-358a8e7a2134', 'username': 'bigdog395', 'password': 'insertion', 'salt': 'VUcpHQln', 'md5': '5f656f509605a4dba452daea70dc94c1', 'sha1': '07e016b8483738cbe3c44bc5a2dcd0ca6cf4b62a', 'sha256': '3d4e864a47a7cf3ddb0220dca74ab3296aea5188a5c0b0dd033b4aa3f697927b'}, 'dob': {'date': '1974-07-29T07:03:36.070Z', 'age': 49}, 'registered': {'date': '2015-02-05T23:46:20.316Z', 'age': 9}, 'phone': '05-46-10-22-07', 'cell': '06-90-29-66-71', 'id': {'name': 'INSEE', 'value': '2740638046190 79'}, 'picture': {'large': 'https://randomuser.me/api/portraits/women/48.jpg', 'medium': 'https://randomuser.me/api/portraits/med/women/48.jpg', 'thumbnail': 'https://randomuser.me/api/portraits/thumb/women/48.jpg'}, 'nat': 'FR'}], 'info': {'seed': 'e0d5e9e7eeb3d760', 'results': 1, 'page': 1, 'version': '1.4'}}</msg>
<arg>${json_data}</arg>
<doc>Logs the given message with the given level.</doc>
<status status="PASS" start="2024-07-10T22:14:17.563931" elapsed="0.000206"/>
</kw>
<kw name="Should Be Equal As Numbers" owner="BuiltIn">
<arg>${json_data['results'][0]['location']['postcode']}</arg>
<arg>${json_data['results'][0]['location']['postcode']}</arg>
<doc>Fails if objects are unequal after converting them to real numbers.</doc>
<status status="PASS" start="2024-07-10T22:14:17.564485" elapsed="0.000627"/>
</kw>
<kw name="Log" owner="BuiltIn">
<msg time="2024-07-10T22:14:17.565798" level="INFO">13185</msg>
<arg>${json_data['results'][0]['location']['postcode']}</arg>
<doc>Logs the given message with the given level.</doc>
<status status="PASS" start="2024-07-10T22:14:17.565301" elapsed="0.000544"/>
</kw>
<status status="PASS" start="2024-07-10T22:14:17.472231" elapsed="0.093897"/>
</kw>
<doc>Testa se os tipos de dados na resposta da API estão corretos.</doc>
<tag>testeTiposDados</tag>
<status status="PASS" start="2024-07-10T22:14:17.393884" elapsed="0.172412"/>
</test>
<test id="s1-s1-t5" name="Validar conteudo" line="35">
<kw name="Teste de Tipos de Conteudo" owner="random-user-service">
<kw name="GET On Session" owner="RequestsLibrary">
<msg time="2024-07-10T22:14:17.657322" level="INFO">GET Request : url=https://randomuser.me/api 
 path_url=/api 
 headers={'User-Agent': 'python-requests/2.32.3', 'Accept-Encoding': 'gzip, deflate', 'Accept': '*/*', 'Connection': 'keep-alive'} 
 body=None 
 </msg>
<msg time="2024-07-10T22:14:17.657415" level="INFO">GET Response : url=https://randomuser.me/api 
 status=200, reason=OK 
 headers={'Date': 'Wed, 10 Jul 2024 22:14:17 GMT', 'Content-Type': 'application/json; charset=utf-8', 'Transfer-Encoding': 'chunked', 'Connection': 'keep-alive', 'X-Powered-By': 'Express', 'Access-Control-Allow-Origin': '*', 'Cache-Control': 'no-cache', 'ETag': 'W/"483-4Rd7CorGXCUHvIWdbrGvmXm4is0"', 'Vary': 'Accept-Encoding', 'Content-Encoding': 'gzip', 'CF-Cache-Status': 'DYNAMIC', 'Report-To': '{"endpoints":[{"url":"https:\\/\\/a.nel.cloudflare.com\\/report\\/v4?s=L6Gg97aAYKcFWVlbKL5sH0G%2BsLlYuTZoAmBcEyW6%2BUarb5PbMUnhDAHsKo0c2dJvvEobaHvWtXbuuIRFPmxe4VWZH%2F6%2FGdItd9nigfEbcx8mdvvgcadir04OWJLBQ4K7"}],"group":"cf-nel","max_age":604800}', 'NEL': '{"success_fraction":0,"report_to":"cf-nel","max_age":604800}', 'Server': 'cloudflare', 'CF-RAY': '8a13e7e7d8dd620b-ORD', 'alt-svc': 'h3=":443"; ma=86400'} 
 body={"results":[{"gender":"male","name":{"title":"Mr","first":"Carter","last":"Sirko"},"location":{"street":{"number":6464,"name":"Vimy St"},"city":"Inverness","state":"New Brunswick","country":"Canada","postcode":"W7W 6G4","coordinates":{"latitude":"-69.7566","longitude":"-143.7883"},"timezone":{"offset":"-8:00","description":"Pacific Time (US &amp; Canada)"}},"email":"carter.sirko@example.com","login":{"uuid":"3d2ae746-a535-4a8f-b000-e93d38ae23df","username":"angrybear943","password":"191919","salt":"NxouPF7D","md5":"058a3e97026c062849058934b118ca4f","sha1":"8adbe2bdadde260ad3a916a5d34c9cf4e477189d","sha256":"f2901a51cb89c706b7b818736644a1c869c1993de1eecb4526fa2e8fac41e971"},"dob":{"date":"1978-06-24T17:24:16.041Z","age":46},"registered":{"date":"2006-04-21T17:48:32.472Z","age":18},"phone":"F56 X11-8917","cell":"M96 Y34-5804","id":{"name":"SIN","value":"128345790"},"picture":{"large":"https://randomuser.me/api/portraits/men/82.jpg","medium":"https://randomuser.me/api/portraits/med/men/82.jpg","thumbnail":"https://randomuser.me/api/portraits/thumb/men/82.jpg"},"nat":"CA"}],"info":{"seed":"b3cec5ff534e0800","results":1,"page":1,"version":"1.4"}} 
 </msg>
<msg time="2024-07-10T22:14:17.657495" level="INFO">/opt/hostedtoolcache/Python/3.12.4/x64/lib/python3.12/site-packages/urllib3/connectionpool.py:1099: InsecureRequestWarning: Unverified HTTPS request is being made to host 'randomuser.me'. Adding certificate verification is strongly advised. See: https://urllib3.readthedocs.io/en/latest/advanced-usage.html#tls-warnings
  warnings.warn(</msg>
<msg time="2024-07-10T22:14:17.657605" level="INFO">${response} = &lt;Response [200]&gt;</msg>
<var>${response}</var>
<arg>consultarAPI</arg>
<arg>/api</arg>
<doc>Sends a GET request on a previously created HTTP Session.</doc>
<status status="PASS" start="2024-07-10T22:14:17.568861" elapsed="0.088787"/>
</kw>
<kw name="Set Variable" owner="BuiltIn">
<msg time="2024-07-10T22:14:17.658703" level="INFO">${json_data} = {'results': [{'gender': 'male', 'name': {'title': 'Mr', 'first': 'Carter', 'last': 'Sirko'}, 'location': {'street': {'number': 6464, 'name': 'Vimy St'}, 'city': 'Inverness', 'state': 'New Brunswick', ...</msg>
<var>${json_data}</var>
<arg>${response.json()}</arg>
<doc>Returns the given values which can then be assigned to a variables.</doc>
<status status="PASS" start="2024-07-10T22:14:17.658110" elapsed="0.000622"/>
</kw>
<kw name="Set Variable" owner="BuiltIn">
<msg time="2024-07-10T22:14:17.659427" level="INFO">${name_title} = Mr</msg>
<var>${name_title}</var>
<arg>${json_data["results"][0]["name"]["title"]}</arg>
<doc>Returns the given values which can then be assigned to a variables.</doc>
<status status="PASS" start="2024-07-10T22:14:17.659040" elapsed="0.000412"/>
</kw>
<kw name="Create List" owner="BuiltIn">
<msg time="2024-07-10T22:14:17.659896" level="INFO">${allowed_titles} = ['Mr', 'Ms', 'Miss', 'Mrs', 'Madame', 'Monsieur']</msg>
<var>${allowed_titles}</var>
<arg>Mr</arg>
<arg>Ms</arg>
<arg>Miss</arg>
<arg>Mrs</arg>
<arg>Madame</arg>
<arg>Monsieur</arg>
<doc>Returns a list containing given items.</doc>
<status status="PASS" start="2024-07-10T22:14:17.659747" elapsed="0.000173"/>
</kw>
<kw name="List Should Contain Value" owner="Collections">
<arg>${allowed_titles}</arg>
<arg>${name_title}</arg>
<doc>Fails if the ``value`` is not found from ``list``.</doc>
<status status="PASS" start="2024-07-10T22:14:17.660258" elapsed="0.000188"/>
</kw>
<kw name="Set Variable" owner="BuiltIn">
<msg time="2024-07-10T22:14:17.660996" level="INFO">${name_country} = CA</msg>
<var>${name_country}</var>
<arg>${json_data["results"][0]["nat"]}</arg>
<doc>Returns the given values which can then be assigned to a variables.</doc>
<status status="PASS" start="2024-07-10T22:14:17.660630" elapsed="0.000391"/>
</kw>
<kw name="Create List" owner="BuiltIn">
<msg time="2024-07-10T22:14:17.661909" level="INFO">${list_country} = ['AD', 'AE', 'AF', 'AG', 'AI', 'AL', 'AM', 'AO', 'AQ', 'AR', 'AS', 'AT', 'AU', 'AW', 'AX', 'AZ', 'BA', 'BB', 'BD', 'BE', 'BF', 'BG', 'BH', 'BI', 'BJ', 'BL', 'BM', 'BN', 'BO', 'BQ', 'BR', 'BS', 'BT', '...</msg>
<var>${list_country}</var>
<arg>AD</arg>
<arg>AE</arg>
<arg>AF</arg>
<arg>AG</arg>
<arg>AI</arg>
<arg>AL</arg>
<arg>AM</arg>
<arg>AO</arg>
<arg>AQ</arg>
<arg>AR</arg>
<arg>AS</arg>
<arg>AT</arg>
<arg>AU</arg>
<arg>AW</arg>
<arg>AX</arg>
<arg>AZ</arg>
<arg>BA</arg>
<arg>BB</arg>
<arg>BD</arg>
<arg>BE</arg>
<arg>BF</arg>
<arg>BG</arg>
<arg>BH</arg>
<arg>BI</arg>
<arg>BJ</arg>
<arg>BL</arg>
<arg>BM</arg>
<arg>BN</arg>
<arg>BO</arg>
<arg>BQ</arg>
<arg>BR</arg>
<arg>BS</arg>
<arg>BT</arg>
<arg>BV</arg>
<arg>BW</arg>
<arg>BY</arg>
<arg>BZ</arg>
<arg>CA</arg>
<arg>CC</arg>
<arg>CD</arg>
<arg>CF</arg>
<arg>CG</arg>
<arg>CH</arg>
<arg>CI</arg>
<arg>CK</arg>
<arg>CL</arg>
<arg>CM</arg>
<arg>CN</arg>
<arg>CO</arg>
<arg>CR</arg>
<arg>CU</arg>
<arg>CV</arg>
<arg>CW</arg>
<arg>CX</arg>
<arg>CY</arg>
<arg>CZ</arg>
<arg>DE</arg>
<arg>DJ</arg>
<arg>DK</arg>
<arg>DM</arg>
<arg>DO</arg>
<arg>DZ</arg>
<arg>EC</arg>
<arg>EE</arg>
<arg>EG</arg>
<arg>EH</arg>
<arg>ER</arg>
<arg>ES</arg>
<arg>ET</arg>
<arg>FI</arg>
<arg>FJ</arg>
<arg>FK</arg>
<arg>FM</arg>
<arg>FO</arg>
<arg>FR</arg>
<arg>GA</arg>
<arg>GB</arg>
<arg>GD</arg>
<arg>GE</arg>
<arg>GF</arg>
<arg>GG</arg>
<arg>GH</arg>
<arg>GI</arg>
<arg>GL</arg>
<arg>GM</arg>
<arg>GN</arg>
<arg>GP</arg>
<arg>GQ</arg>
<arg>GR</arg>
<arg>GS</arg>
<arg>GT</arg>
<arg>GU</arg>
<arg>GW</arg>
<arg>GY</arg>
<arg>HK</arg>
<arg>HM</arg>
<arg>HN</arg>
<arg>HR</arg>
<arg>HT</arg>
<arg>HU</arg>
<arg>ID</arg>
<arg>IE</arg>
<arg>IL</arg>
<arg>IM</arg>
<arg>IN</arg>
<arg>IO</arg>
<arg>IQ</arg>
<arg>IR</arg>
<arg>IS</arg>
<arg>IT</arg>
<arg>JE</arg>
<arg>JM</arg>
<arg>JO</arg>
<arg>JP</arg>
<arg>KE</arg>
<arg>KG</arg>
<arg>KH</arg>
<arg>KI</arg>
<arg>KM</arg>
<arg>KN</arg>
<arg>KP</arg>
<arg>KR</arg>
<arg>KW</arg>
<arg>KY</arg>
<arg>KZ</arg>
<arg>LA</arg>
<arg>LB</arg>
<arg>LC</arg>
<arg>LI</arg>
<arg>LK</arg>
<arg>LR</arg>
<arg>LS</arg>
<arg>LT</arg>
<arg>LU</arg>
<arg>LV</arg>
<arg>LY</arg>
<arg>MA</arg>
<arg>MC</arg>
<arg>MD</arg>
<arg>ME</arg>
<arg>MF</arg>
<arg>MG</arg>
<arg>MH</arg>
<arg>MK</arg>
<arg>ML</arg>
<arg>MM</arg>
<arg>MN</arg>
<arg>MO</arg>
<arg>MP</arg>
<arg>MQ</arg>
<arg>MR</arg>
<arg>MS</arg>
<arg>MT</arg>
<arg>MU</arg>
<arg>MV</arg>
<arg>MW</arg>
<arg>MX</arg>
<arg>MY</arg>
<arg>MZ</arg>
<arg>NA</arg>
<arg>NC</arg>
<arg>NE</arg>
<arg>NF</arg>
<arg>NG</arg>
<arg>NI</arg>
<arg>NL</arg>
<arg>NO</arg>
<arg>NP</arg>
<arg>NR</arg>
<arg>NU</arg>
<arg>NZ</arg>
<arg>OM</arg>
<arg>PA</arg>
<arg>PE</arg>
<arg>PF</arg>
<arg>PG</arg>
<arg>PH</arg>
<arg>PK</arg>
<arg>PL</arg>
<arg>PM</arg>
<arg>PN</arg>
<arg>PR</arg>
<arg>PS</arg>
<arg>PT</arg>
<arg>PW</arg>
<arg>PY</arg>
<arg>QA</arg>
<arg>RE</arg>
<arg>RO</arg>
<arg>RS</arg>
<arg>RU</arg>
<arg>RW</arg>
<arg>SA</arg>
<arg>SB</arg>
<arg>SC</arg>
<arg>SD</arg>
<arg>SE</arg>
<arg>SG</arg>
<arg>SH</arg>
<arg>SI</arg>
<arg>SJ</arg>
<arg>SK</arg>
<arg>SL</arg>
<arg>SM</arg>
<arg>SN</arg>
<arg>SO</arg>
<arg>SR</arg>
<arg>SS</arg>
<arg>ST</arg>
<arg>SV</arg>
<arg>SX</arg>
<arg>SY</arg>
<arg>SZ</arg>
<arg>TC</arg>
<arg>TD</arg>
<arg>TF</arg>
<arg>TG</arg>
<arg>TH</arg>
<arg>TJ</arg>
<arg>TK</arg>
<arg>TL</arg>
<arg>TM</arg>
<arg>TN</arg>
<arg>TO</arg>
<arg>TR</arg>
<arg>TT</arg>
<arg>TV</arg>
<arg>TW</arg>
<arg>TZ</arg>
<arg>UA</arg>
<arg>UG</arg>
<arg>UM</arg>
<arg>US</arg>
<arg>UY</arg>
<arg>UZ</arg>
<arg>VA</arg>
<arg>VC</arg>
<arg>VE</arg>
<arg>VG</arg>
<arg>VI</arg>
<arg>VN</arg>
<arg>VU</arg>
<arg>WF</arg>
<arg>WS</arg>
<arg>XK</arg>
<arg>YE</arg>
<arg>YT</arg>
<arg>ZA</arg>
<arg>ZM</arg>
<arg>ZW</arg>
<doc>Returns a list containing given items.</doc>
<status status="PASS" start="2024-07-10T22:14:17.661315" elapsed="0.000620"/>
</kw>
<kw name="List Should Contain Value" owner="Collections">
<arg>${list_country}</arg>
<arg>${name_country}</arg>
<doc>Fails if the ``value`` is not found from ``list``.</doc>
<status status="PASS" start="2024-07-10T22:14:17.662728" elapsed="0.000201"/>
</kw>
<kw name="Run Keyword If" owner="BuiltIn">
<kw name="Should Be True" owner="BuiltIn">
<arg>${True}</arg>
<doc>Fails if the given condition is not true.</doc>
<status status="PASS" start="2024-07-10T22:14:17.663862" elapsed="0.000143"/>
</kw>
<arg>${json_data["results"][0]["location"]["coordinates"]["latitude"]} &gt;= -90 and ${json_data["results"][0]["location"]["coordinates"]["latitude"]} &lt;= 90</arg>
<arg>Should Be True</arg>
<arg>${True}</arg>
<doc>Runs the given keyword with the given arguments, if ``condition`` is true.</doc>
<status status="PASS" start="2024-07-10T22:14:17.663122" elapsed="0.001009"/>
</kw>
<kw name="Run Keyword If" owner="BuiltIn">
<kw name="Should Be True" owner="BuiltIn">
<arg>${True}</arg>
<doc>Fails if the given condition is not true.</doc>
<status status="PASS" start="2024-07-10T22:14:17.665219" elapsed="0.000238"/>
</kw>
<arg>${json_data["results"][0]["location"]["coordinates"]["longitude"]} &gt;= -180 and ${json_data["results"][0]["location"]["coordinates"]["longitude"]} &lt;= 180</arg>
<arg>Should Be True</arg>
<arg>${True}</arg>
<doc>Runs the given keyword with the given arguments, if ``condition`` is true.</doc>
<status status="PASS" start="2024-07-10T22:14:17.664408" elapsed="0.001179"/>
</kw>
<status status="PASS" start="2024-07-10T22:14:17.568639" elapsed="0.097082"/>
</kw>
<doc>Testa o conteúdo específico dos campos retornados pela API.</doc>
<tag>testeConteudo</tag>
<status status="PASS" start="2024-07-10T22:14:17.568077" elapsed="0.097791"/>
</test>
<status status="PASS" start="2024-07-10T22:14:16.823945" elapsed="0.843896"/>
</suite>
<status status="PASS" start="2024-07-10T22:14:16.809754" elapsed="0.863156"/>
</suite>
<statistics>
<total>
<stat pass="5" fail="0" skip="0">All Tests</stat>
</total>
<tag>
<stat pass="1" fail="0" skip="0">testeConteudo</stat>
<stat pass="1" fail="0" skip="0">testeEstruturaResposta</stat>
<stat pass="1" fail="0" skip="0">testeRequisicaoBasica</stat>
<stat pass="1" fail="0" skip="0">testeTiposDados</stat>
</tag>
<suite>
<stat pass="5" fail="0" skip="0" id="s1" name="Tests">Tests</stat>
<stat pass="5" fail="0" skip="0" id="s1-s1" name="Random-User-Test">Tests.Random-User-Test</stat>
</suite>
</statistics>
<errors>
</errors>
</robot>
