<?xml version="1.0" encoding="UTF-8"?>
<robot generator="Robot 7.0 (Python 3.12.3 on linux)" generated="2024-06-10T11:13:23.121591" rpa="false" schemaversion="5">
<suite id="s1" name="Tests" source="/home/runner/work/ApiRandomUser/ApiRandomUser/RamdonUser/tests">
<suite id="s1-s1" name="Random-User-Test" source="/home/runner/work/ApiRandomUser/ApiRandomUser/RamdonUser/tests/random-user-test.robot">
<test id="s1-s1-t1" name="Conectar" line="13">
<kw name="Conectar API" owner="random-user-service">
<kw name="Create Session" owner="RequestsLibrary">
<msg time="2024-06-10T11:13:23.555398" level="INFO">Creating Session using : alias=consultarAPI, url=https://randomuser.me/, headers={},                     cookies={}, auth=None, timeout=None, proxies=None, verify=False,                     debug=0 </msg>
<arg>consultarAPI</arg>
<arg>${URL}</arg>
<doc>Create Session: create a HTTP session to a server</doc>
<status status="PASS" start="2024-06-10T11:13:23.555192" elapsed="0.000381"/>
</kw>
<status status="PASS" start="2024-06-10T11:13:23.554167" elapsed="0.001799"/>
</kw>
<status status="PASS" start="2024-06-10T11:13:23.553552" elapsed="0.002607"/>
</test>
<test id="s1-s1-t2" name="Validar retorno 200 e JSON Válido" line="16">
<kw name="Teste de Requisicao Basica" owner="random-user-service">
<kw name="GET On Session" owner="RequestsLibrary">
<msg time="2024-06-10T11:13:23.738441" level="INFO">GET Request : url=https://randomuser.me/api 
 path_url=/api 
 headers={'User-Agent': 'python-requests/2.32.3', 'Accept-Encoding': 'gzip, deflate', 'Accept': '*/*', 'Connection': 'keep-alive'} 
 body=None 
 </msg>
<msg time="2024-06-10T11:13:23.738579" level="INFO">GET Response : url=https://randomuser.me/api 
 status=200, reason=OK 
 headers={'Date': 'Mon, 10 Jun 2024 11:13:23 GMT', 'Content-Type': 'application/json; charset=utf-8', 'Transfer-Encoding': 'chunked', 'Connection': 'keep-alive', 'X-Powered-By': 'Express', 'Access-Control-Allow-Origin': '*', 'Cache-Control': 'no-cache', 'ETag': 'W/"46f-Aw3p2KMrxKmjI8WXac6omTSMVSg"', 'Vary': 'Accept-Encoding', 'Content-Encoding': 'gzip', 'CF-Cache-Status': 'DYNAMIC', 'Report-To': '{"endpoints":[{"url":"https:\\/\\/a.nel.cloudflare.com\\/report\\/v4?s=i0JcVmUKajNjtzcAo%2FxcTlLFTFe1wF3ryVleSb8fMwQYQjRPvG96oSQBWIsO87wc9MTXxMcBMve6aqLaQgQIFQlVExa%2BAahFZuMa2iIp9ZCjoxH1Tx8KzFjAmFfB%2FRCp"}],"group":"cf-nel","max_age":604800}', 'NEL': '{"success_fraction":0,"report_to":"cf-nel","max_age":604800}', 'Server': 'cloudflare', 'CF-RAY': '8918ee8b1a2b87a2-IAD', 'alt-svc': 'h3=":443"; ma=86400'} 
 body={"results":[{"gender":"male","name":{"title":"Mr","first":"Brayden","last":"Lord"},"location":{"street":{"number":5138,"name":"The Crescent"},"city":"Monaghan","state":"Wexford","country":"Ireland","postcode":28863,"coordinates":{"latitude":"-2.9625","longitude":"-8.9355"},"timezone":{"offset":"+9:30","description":"Adelaide, Darwin"}},"email":"brayden.lord@example.com","login":{"uuid":"18e8daf3-2774-48e2-bec7-e019902682a0","username":"smallkoala917","password":"uuuu","salt":"hCBtF6kC","md5":"1637d79869a665a1f29337f0871b1f61","sha1":"e68916f38905f2d74fb923e6ccbe4aa92302cdaa","sha256":"2f90a771b3b85ed79ce004945342f81a2d45f0ed81b795126628e34f558e7303"},"dob":{"date":"1946-01-01T13:39:08.649Z","age":78},"registered":{"date":"2003-07-13T04:03:10.383Z","age":20},"phone":"051-014-5160","cell":"081-017-6574","id":{"name":"PPS","value":"4942133T"},"picture":{"large":"https://randomuser.me/api/portraits/men/60.jpg","medium":"https://randomuser.me/api/portraits/med/men/60.jpg","thumbnail":"https://randomuser.me/api/portraits/thumb/men/60.jpg"},"nat":"IE"}],"info":{"seed":"aabb24c41d7a5bcc","results":1,"page":1,"version":"1.4"}} 
 </msg>
<msg time="2024-06-10T11:13:23.738650" level="INFO">/opt/hostedtoolcache/Python/3.12.3/x64/lib/python3.12/site-packages/urllib3/connectionpool.py:1103: InsecureRequestWarning: Unverified HTTPS request is being made to host 'randomuser.me'. Adding certificate verification is strongly advised. See: https://urllib3.readthedocs.io/en/latest/advanced-usage.html#tls-warnings
  warnings.warn(</msg>
<msg time="2024-06-10T11:13:23.738772" level="INFO">${response} = &lt;Response [200]&gt;</msg>
<var>${response}</var>
<arg>consultarAPI</arg>
<arg>/api</arg>
<doc>Sends a GET request on a previously created HTTP Session.</doc>
<status status="PASS" start="2024-06-10T11:13:23.558737" elapsed="0.180077"/>
</kw>
<kw name="Should Be Equal As Numbers" owner="BuiltIn">
<msg time="2024-06-10T11:13:23.739870" level="INFO">Argument types are:
&lt;class 'int'&gt;
&lt;class 'str'&gt;</msg>
<arg>${response.status_code}</arg>
<arg>200</arg>
<doc>Fails if objects are unequal after converting them to real numbers.</doc>
<status status="PASS" start="2024-06-10T11:13:23.739322" elapsed="0.000611"/>
</kw>
<kw name="Log" owner="BuiltIn">
<msg time="2024-06-10T11:13:23.740616" level="INFO">200</msg>
<arg>${response.status_code}</arg>
<doc>Logs the given message with the given level.</doc>
<status status="PASS" start="2024-06-10T11:13:23.740266" elapsed="0.000396"/>
</kw>
<kw name="Set Variable" owner="BuiltIn">
<msg time="2024-06-10T11:13:23.741388" level="INFO">${json_data} = {'results': [{'gender': 'male', 'name': {'title': 'Mr', 'first': 'Brayden', 'last': 'Lord'}, 'location': {'street': {'number': 5138, 'name': 'The Crescent'}, 'city': 'Monaghan', 'state': 'Wexford', 'c...</msg>
<var>${json_data}</var>
<arg>${response.json()}</arg>
<doc>Returns the given values which can then be assigned to a variables.</doc>
<status status="PASS" start="2024-06-10T11:13:23.740967" elapsed="0.000449"/>
</kw>
<kw name="Dictionary Should Contain Key" owner="Collections">
<msg time="2024-06-10T11:13:23.741885" level="INFO">False</msg>
<arg>${json_data}</arg>
<arg>results</arg>
<doc>Fails if ``key`` is not found from ``dictionary``.</doc>
<status status="PASS" start="2024-06-10T11:13:23.741721" elapsed="0.000331"/>
</kw>
<status status="PASS" start="2024-06-10T11:13:23.558496" elapsed="0.183815"/>
</kw>
<doc>Testa se a API responde corretamente e retorna um objeto JSON válido.</doc>
<tag>testeRequisicaoBasica</tag>
<status status="PASS" start="2024-06-10T11:13:23.558030" elapsed="0.184452"/>
</test>
<test id="s1-s1-t3" name="Validar estrutura de resposta" line="22">
<kw name="Teste de Estrutura de Resposta" owner="random-user-service">
<kw name="GET On Session" owner="RequestsLibrary">
<msg time="2024-06-10T11:13:23.837403" level="INFO">GET Request : url=https://randomuser.me/api 
 path_url=/api 
 headers={'User-Agent': 'python-requests/2.32.3', 'Accept-Encoding': 'gzip, deflate', 'Accept': '*/*', 'Connection': 'keep-alive'} 
 body=None 
 </msg>
<msg time="2024-06-10T11:13:23.837481" level="INFO">GET Response : url=https://randomuser.me/api 
 status=200, reason=OK 
 headers={'Date': 'Mon, 10 Jun 2024 11:13:23 GMT', 'Content-Type': 'application/json; charset=utf-8', 'Transfer-Encoding': 'chunked', 'Connection': 'keep-alive', 'X-Powered-By': 'Express', 'Access-Control-Allow-Origin': '*', 'Cache-Control': 'no-cache', 'ETag': 'W/"4cd-EZvdxychlzkfgPSI6tKpwdYjo3o"', 'Vary': 'Accept-Encoding', 'Content-Encoding': 'gzip', 'CF-Cache-Status': 'DYNAMIC', 'Report-To': '{"endpoints":[{"url":"https:\\/\\/a.nel.cloudflare.com\\/report\\/v4?s=3aBVANI5uqtSKl0JrtLTAaWtLzKSb%2F75Q3%2FJPEK%2FR40nnpNNt01J0PlXgXpPGEFjLb5f%2FaYY4VXuwSaal9uSXNv3hN7a4w%2BIsN0AzKEzjdz3tcza2eeoGVCSV08xbg0g"}],"group":"cf-nel","max_age":604800}', 'NEL': '{"success_fraction":0,"report_to":"cf-nel","max_age":604800}', 'Server': 'cloudflare', 'CF-RAY': '8918ee8b7a8d87a2-IAD', 'alt-svc': 'h3=":443"; ma=86400'} 
 body={"results":[{"gender":"female","name":{"title":"Mrs","first":"Graciela","last":"Esquivel"},"location":{"street":{"number":673,"name":"Peatonal Coahuila de Zaragoza"},"city":"Villa Cacalilao (Cacalilao)","state":"Baja California Sur","country":"Mexico","postcode":48918,"coordinates":{"latitude":"26.0881","longitude":"174.7769"},"timezone":{"offset":"+4:00","description":"Abu Dhabi, Muscat, Baku, Tbilisi"}},"email":"graciela.esquivel@example.com","login":{"uuid":"758a1bf1-6511-4f27-8339-2a2d228c6d80","username":"purplecat697","password":"chopper","salt":"tef0lBan","md5":"ad789b156e401feb5b59eb146d17f997","sha1":"953e7e9af27cd79e95df10320cf890db72c9c8b1","sha256":"1132d4630a4a92862f79a073f5b5caaa4e1fb9af2b6b35ccfe5f875c39cca0d7"},"dob":{"date":"1952-01-31T07:50:47.095Z","age":72},"registered":{"date":"2019-07-10T23:13:21.172Z","age":4},"phone":"(615) 748 5058","cell":"(662) 906 3178","id":{"name":"NSS","value":"28 14 04 0053 7"},"picture":{"large":"https://randomuser.me/api/portraits/women/17.jpg","medium":"https://randomuser.me/api/portraits/med/women/17.jpg","thumbnail":"https://randomuser.me/api/portraits/thumb/women/17.jpg"},"nat":"MX"}],"info":{"seed":"73b8911626b7150a","results":1,"page":1,"version":"1.4"}} 
 </msg>
<msg time="2024-06-10T11:13:23.837593" level="INFO">/opt/hostedtoolcache/Python/3.12.3/x64/lib/python3.12/site-packages/urllib3/connectionpool.py:1103: InsecureRequestWarning: Unverified HTTPS request is being made to host 'randomuser.me'. Adding certificate verification is strongly advised. See: https://urllib3.readthedocs.io/en/latest/advanced-usage.html#tls-warnings
  warnings.warn(</msg>
<msg time="2024-06-10T11:13:23.837712" level="INFO">${response} = &lt;Response [200]&gt;</msg>
<var>${response}</var>
<arg>consultarAPI</arg>
<arg>/api</arg>
<doc>Sends a GET request on a previously created HTTP Session.</doc>
<status status="PASS" start="2024-06-10T11:13:23.745419" elapsed="0.092335"/>
</kw>
<kw name="Set Variable" owner="BuiltIn">
<msg time="2024-06-10T11:13:23.838793" level="INFO">${json_data} = {'results': [{'gender': 'female', 'name': {'title': 'Mrs', 'first': 'Graciela', 'last': 'Esquivel'}, 'location': {'street': {'number': 673, 'name': 'Peatonal Coahuila de Zaragoza'}, 'city': 'Villa Cac...</msg>
<var>${json_data}</var>
<arg>${response.json()}</arg>
<doc>Returns the given values which can then be assigned to a variables.</doc>
<status status="PASS" start="2024-06-10T11:13:23.838211" elapsed="0.000610"/>
</kw>
<kw name="Log" owner="BuiltIn">
<msg time="2024-06-10T11:13:23.839284" level="INFO">{'results': [{'gender': 'female', 'name': {'title': 'Mrs', 'first': 'Graciela', 'last': 'Esquivel'}, 'location': {'street': {'number': 673, 'name': 'Peatonal Coahuila de Zaragoza'}, 'city': 'Villa Cacalilao (Cacalilao)', 'state': 'Baja California Sur', 'country': 'Mexico', 'postcode': 48918, 'coordinates': {'latitude': '26.0881', 'longitude': '174.7769'}, 'timezone': {'offset': '+4:00', 'description': 'Abu Dhabi, Muscat, Baku, Tbilisi'}}, 'email': 'graciela.esquivel@example.com', 'login': {'uuid': '758a1bf1-6511-4f27-8339-2a2d228c6d80', 'username': 'purplecat697', 'password': 'chopper', 'salt': 'tef0lBan', 'md5': 'ad789b156e401feb5b59eb146d17f997', 'sha1': '953e7e9af27cd79e95df10320cf890db72c9c8b1', 'sha256': '1132d4630a4a92862f79a073f5b5caaa4e1fb9af2b6b35ccfe5f875c39cca0d7'}, 'dob': {'date': '1952-01-31T07:50:47.095Z', 'age': 72}, 'registered': {'date': '2019-07-10T23:13:21.172Z', 'age': 4}, 'phone': '(615) 748 5058', 'cell': '(662) 906 3178', 'id': {'name': 'NSS', 'value': '28 14 04 0053 7'}, 'picture': {'large': 'https://randomuser.me/api/portraits/women/17.jpg', 'medium': 'https://randomuser.me/api/portraits/med/women/17.jpg', 'thumbnail': 'https://randomuser.me/api/portraits/thumb/women/17.jpg'}, 'nat': 'MX'}], 'info': {'seed': '73b8911626b7150a', 'results': 1, 'page': 1, 'version': '1.4'}}</msg>
<arg>${json_data}</arg>
<doc>Logs the given message with the given level.</doc>
<status status="PASS" start="2024-06-10T11:13:23.839129" elapsed="0.000201"/>
</kw>
<kw name="Dictionary Should Contain Key" owner="Collections">
<msg time="2024-06-10T11:13:23.839822" level="INFO">False</msg>
<arg>${json_data}</arg>
<arg>results</arg>
<doc>Fails if ``key`` is not found from ``dictionary``.</doc>
<status status="PASS" start="2024-06-10T11:13:23.839625" elapsed="0.000235"/>
</kw>
<kw name="Should Not Be Empty" owner="BuiltIn">
<msg time="2024-06-10T11:13:23.840294" level="INFO">Length is 2.</msg>
<arg>${json_data}</arg>
<doc>Verifies that the given item is not empty.</doc>
<status status="PASS" start="2024-06-10T11:13:23.840163" elapsed="0.000168"/>
</kw>
<kw name="Create List" owner="BuiltIn">
<msg time="2024-06-10T11:13:23.840769" level="INFO">${expected_keys} = ['gender', 'name', 'location', 'email', 'login']</msg>
<var>${expected_keys}</var>
<arg>gender</arg>
<arg>name</arg>
<arg>location</arg>
<arg>email</arg>
<arg>login</arg>
<doc>Returns a list containing given items.</doc>
<status status="PASS" start="2024-06-10T11:13:23.840622" elapsed="0.000171"/>
</kw>
<for flavor="IN">
<iter>
<kw name="Dictionary Should Contain Key" owner="Collections">
<msg time="2024-06-10T11:13:23.841750" level="INFO">False</msg>
<arg>${json_data['results'][0]}</arg>
<arg>${key}</arg>
<doc>Fails if ``key`` is not found from ``dictionary``.</doc>
<status status="PASS" start="2024-06-10T11:13:23.841349" elapsed="0.000444"/>
</kw>
<kw name="Log" owner="BuiltIn">
<msg time="2024-06-10T11:13:23.842455" level="INFO">{'gender': 'female', 'name': {'title': 'Mrs', 'first': 'Graciela', 'last': 'Esquivel'}, 'location': {'street': {'number': 673, 'name': 'Peatonal Coahuila de Zaragoza'}, 'city': 'Villa Cacalilao (Cacalilao)', 'state': 'Baja California Sur', 'country': 'Mexico', 'postcode': 48918, 'coordinates': {'latitude': '26.0881', 'longitude': '174.7769'}, 'timezone': {'offset': '+4:00', 'description': 'Abu Dhabi, Muscat, Baku, Tbilisi'}}, 'email': 'graciela.esquivel@example.com', 'login': {'uuid': '758a1bf1-6511-4f27-8339-2a2d228c6d80', 'username': 'purplecat697', 'password': 'chopper', 'salt': 'tef0lBan', 'md5': 'ad789b156e401feb5b59eb146d17f997', 'sha1': '953e7e9af27cd79e95df10320cf890db72c9c8b1', 'sha256': '1132d4630a4a92862f79a073f5b5caaa4e1fb9af2b6b35ccfe5f875c39cca0d7'}, 'dob': {'date': '1952-01-31T07:50:47.095Z', 'age': 72}, 'registered': {'date': '2019-07-10T23:13:21.172Z', 'age': 4}, 'phone': '(615) 748 5058', 'cell': '(662) 906 3178', 'id': {'name': 'NSS', 'value': '28 14 04 0053 7'}, 'picture': {'large': 'https://randomuser.me/api/portraits/women/17.jpg', 'medium': 'https://randomuser.me/api/portraits/med/women/17.jpg', 'thumbnail': 'https://randomuser.me/api/portraits/thumb/women/17.jpg'}, 'nat': 'MX'}</msg>
<arg>${json_data['results'][0]}</arg>
<doc>Logs the given message with the given level.</doc>
<status status="PASS" start="2024-06-10T11:13:23.842094" elapsed="0.000410"/>
</kw>
<kw name="Log" owner="BuiltIn">
<msg time="2024-06-10T11:13:23.842931" level="INFO">gender</msg>
<arg>${key}</arg>
<doc>Logs the given message with the given level.</doc>
<status status="PASS" start="2024-06-10T11:13:23.842803" elapsed="0.000165"/>
</kw>
<var name="${key}">gender</var>
<status status="PASS" start="2024-06-10T11:13:23.841224" elapsed="0.001962"/>
</iter>
<iter>
<kw name="Dictionary Should Contain Key" owner="Collections">
<msg time="2024-06-10T11:13:23.843923" level="INFO">False</msg>
<arg>${json_data['results'][0]}</arg>
<arg>${key}</arg>
<doc>Fails if ``key`` is not found from ``dictionary``.</doc>
<status status="PASS" start="2024-06-10T11:13:23.843481" elapsed="0.000480"/>
</kw>
<kw name="Log" owner="BuiltIn">
<msg time="2024-06-10T11:13:23.844621" level="INFO">{'gender': 'female', 'name': {'title': 'Mrs', 'first': 'Graciela', 'last': 'Esquivel'}, 'location': {'street': {'number': 673, 'name': 'Peatonal Coahuila de Zaragoza'}, 'city': 'Villa Cacalilao (Cacalilao)', 'state': 'Baja California Sur', 'country': 'Mexico', 'postcode': 48918, 'coordinates': {'latitude': '26.0881', 'longitude': '174.7769'}, 'timezone': {'offset': '+4:00', 'description': 'Abu Dhabi, Muscat, Baku, Tbilisi'}}, 'email': 'graciela.esquivel@example.com', 'login': {'uuid': '758a1bf1-6511-4f27-8339-2a2d228c6d80', 'username': 'purplecat697', 'password': 'chopper', 'salt': 'tef0lBan', 'md5': 'ad789b156e401feb5b59eb146d17f997', 'sha1': '953e7e9af27cd79e95df10320cf890db72c9c8b1', 'sha256': '1132d4630a4a92862f79a073f5b5caaa4e1fb9af2b6b35ccfe5f875c39cca0d7'}, 'dob': {'date': '1952-01-31T07:50:47.095Z', 'age': 72}, 'registered': {'date': '2019-07-10T23:13:21.172Z', 'age': 4}, 'phone': '(615) 748 5058', 'cell': '(662) 906 3178', 'id': {'name': 'NSS', 'value': '28 14 04 0053 7'}, 'picture': {'large': 'https://randomuser.me/api/portraits/women/17.jpg', 'medium': 'https://randomuser.me/api/portraits/med/women/17.jpg', 'thumbnail': 'https://randomuser.me/api/portraits/thumb/women/17.jpg'}, 'nat': 'MX'}</msg>
<arg>${json_data['results'][0]}</arg>
<doc>Logs the given message with the given level.</doc>
<status status="PASS" start="2024-06-10T11:13:23.844259" elapsed="0.000409"/>
</kw>
<kw name="Log" owner="BuiltIn">
<msg time="2024-06-10T11:13:23.845089" level="INFO">name</msg>
<arg>${key}</arg>
<doc>Logs the given message with the given level.</doc>
<status status="PASS" start="2024-06-10T11:13:23.844961" elapsed="0.000164"/>
</kw>
<var name="${key}">name</var>
<status status="PASS" start="2024-06-10T11:13:23.843366" elapsed="0.001980"/>
</iter>
<iter>
<kw name="Dictionary Should Contain Key" owner="Collections">
<msg time="2024-06-10T11:13:23.846015" level="INFO">False</msg>
<arg>${json_data['results'][0]}</arg>
<arg>${key}</arg>
<doc>Fails if ``key`` is not found from ``dictionary``.</doc>
<status status="PASS" start="2024-06-10T11:13:23.845634" elapsed="0.000418"/>
</kw>
<kw name="Log" owner="BuiltIn">
<msg time="2024-06-10T11:13:23.846729" level="INFO">{'gender': 'female', 'name': {'title': 'Mrs', 'first': 'Graciela', 'last': 'Esquivel'}, 'location': {'street': {'number': 673, 'name': 'Peatonal Coahuila de Zaragoza'}, 'city': 'Villa Cacalilao (Cacalilao)', 'state': 'Baja California Sur', 'country': 'Mexico', 'postcode': 48918, 'coordinates': {'latitude': '26.0881', 'longitude': '174.7769'}, 'timezone': {'offset': '+4:00', 'description': 'Abu Dhabi, Muscat, Baku, Tbilisi'}}, 'email': 'graciela.esquivel@example.com', 'login': {'uuid': '758a1bf1-6511-4f27-8339-2a2d228c6d80', 'username': 'purplecat697', 'password': 'chopper', 'salt': 'tef0lBan', 'md5': 'ad789b156e401feb5b59eb146d17f997', 'sha1': '953e7e9af27cd79e95df10320cf890db72c9c8b1', 'sha256': '1132d4630a4a92862f79a073f5b5caaa4e1fb9af2b6b35ccfe5f875c39cca0d7'}, 'dob': {'date': '1952-01-31T07:50:47.095Z', 'age': 72}, 'registered': {'date': '2019-07-10T23:13:21.172Z', 'age': 4}, 'phone': '(615) 748 5058', 'cell': '(662) 906 3178', 'id': {'name': 'NSS', 'value': '28 14 04 0053 7'}, 'picture': {'large': 'https://randomuser.me/api/portraits/women/17.jpg', 'medium': 'https://randomuser.me/api/portraits/med/women/17.jpg', 'thumbnail': 'https://randomuser.me/api/portraits/thumb/women/17.jpg'}, 'nat': 'MX'}</msg>
<arg>${json_data['results'][0]}</arg>
<doc>Logs the given message with the given level.</doc>
<status status="PASS" start="2024-06-10T11:13:23.846360" elapsed="0.000418"/>
</kw>
<kw name="Log" owner="BuiltIn">
<msg time="2024-06-10T11:13:23.847200" level="INFO">location</msg>
<arg>${key}</arg>
<doc>Logs the given message with the given level.</doc>
<status status="PASS" start="2024-06-10T11:13:23.847073" elapsed="0.000164"/>
</kw>
<var name="${key}">location</var>
<status status="PASS" start="2024-06-10T11:13:23.845523" elapsed="0.001926"/>
</iter>
<iter>
<kw name="Dictionary Should Contain Key" owner="Collections">
<msg time="2024-06-10T11:13:23.848254" level="INFO">False</msg>
<arg>${json_data['results'][0]}</arg>
<arg>${key}</arg>
<doc>Fails if ``key`` is not found from ``dictionary``.</doc>
<status status="PASS" start="2024-06-10T11:13:23.847754" elapsed="0.000538"/>
</kw>
<kw name="Log" owner="BuiltIn">
<msg time="2024-06-10T11:13:23.848954" level="INFO">{'gender': 'female', 'name': {'title': 'Mrs', 'first': 'Graciela', 'last': 'Esquivel'}, 'location': {'street': {'number': 673, 'name': 'Peatonal Coahuila de Zaragoza'}, 'city': 'Villa Cacalilao (Cacalilao)', 'state': 'Baja California Sur', 'country': 'Mexico', 'postcode': 48918, 'coordinates': {'latitude': '26.0881', 'longitude': '174.7769'}, 'timezone': {'offset': '+4:00', 'description': 'Abu Dhabi, Muscat, Baku, Tbilisi'}}, 'email': 'graciela.esquivel@example.com', 'login': {'uuid': '758a1bf1-6511-4f27-8339-2a2d228c6d80', 'username': 'purplecat697', 'password': 'chopper', 'salt': 'tef0lBan', 'md5': 'ad789b156e401feb5b59eb146d17f997', 'sha1': '953e7e9af27cd79e95df10320cf890db72c9c8b1', 'sha256': '1132d4630a4a92862f79a073f5b5caaa4e1fb9af2b6b35ccfe5f875c39cca0d7'}, 'dob': {'date': '1952-01-31T07:50:47.095Z', 'age': 72}, 'registered': {'date': '2019-07-10T23:13:21.172Z', 'age': 4}, 'phone': '(615) 748 5058', 'cell': '(662) 906 3178', 'id': {'name': 'NSS', 'value': '28 14 04 0053 7'}, 'picture': {'large': 'https://randomuser.me/api/portraits/women/17.jpg', 'medium': 'https://randomuser.me/api/portraits/med/women/17.jpg', 'thumbnail': 'https://randomuser.me/api/portraits/thumb/women/17.jpg'}, 'nat': 'MX'}</msg>
<arg>${json_data['results'][0]}</arg>
<doc>Logs the given message with the given level.</doc>
<status status="PASS" start="2024-06-10T11:13:23.848594" elapsed="0.000407"/>
</kw>
<kw name="Log" owner="BuiltIn">
<msg time="2024-06-10T11:13:23.849422" level="INFO">email</msg>
<arg>${key}</arg>
<doc>Logs the given message with the given level.</doc>
<status status="PASS" start="2024-06-10T11:13:23.849295" elapsed="0.000165"/>
</kw>
<var name="${key}">email</var>
<status status="PASS" start="2024-06-10T11:13:23.847619" elapsed="0.002054"/>
</iter>
<iter>
<kw name="Dictionary Should Contain Key" owner="Collections">
<msg time="2024-06-10T11:13:23.850349" level="INFO">False</msg>
<arg>${json_data['results'][0]}</arg>
<arg>${key}</arg>
<doc>Fails if ``key`` is not found from ``dictionary``.</doc>
<status status="PASS" start="2024-06-10T11:13:23.849959" elapsed="0.000426"/>
</kw>
<kw name="Log" owner="BuiltIn">
<msg time="2024-06-10T11:13:23.851051" level="INFO">{'gender': 'female', 'name': {'title': 'Mrs', 'first': 'Graciela', 'last': 'Esquivel'}, 'location': {'street': {'number': 673, 'name': 'Peatonal Coahuila de Zaragoza'}, 'city': 'Villa Cacalilao (Cacalilao)', 'state': 'Baja California Sur', 'country': 'Mexico', 'postcode': 48918, 'coordinates': {'latitude': '26.0881', 'longitude': '174.7769'}, 'timezone': {'offset': '+4:00', 'description': 'Abu Dhabi, Muscat, Baku, Tbilisi'}}, 'email': 'graciela.esquivel@example.com', 'login': {'uuid': '758a1bf1-6511-4f27-8339-2a2d228c6d80', 'username': 'purplecat697', 'password': 'chopper', 'salt': 'tef0lBan', 'md5': 'ad789b156e401feb5b59eb146d17f997', 'sha1': '953e7e9af27cd79e95df10320cf890db72c9c8b1', 'sha256': '1132d4630a4a92862f79a073f5b5caaa4e1fb9af2b6b35ccfe5f875c39cca0d7'}, 'dob': {'date': '1952-01-31T07:50:47.095Z', 'age': 72}, 'registered': {'date': '2019-07-10T23:13:21.172Z', 'age': 4}, 'phone': '(615) 748 5058', 'cell': '(662) 906 3178', 'id': {'name': 'NSS', 'value': '28 14 04 0053 7'}, 'picture': {'large': 'https://randomuser.me/api/portraits/women/17.jpg', 'medium': 'https://randomuser.me/api/portraits/med/women/17.jpg', 'thumbnail': 'https://randomuser.me/api/portraits/thumb/women/17.jpg'}, 'nat': 'MX'}</msg>
<arg>${json_data['results'][0]}</arg>
<doc>Logs the given message with the given level.</doc>
<status status="PASS" start="2024-06-10T11:13:23.850681" elapsed="0.000456"/>
</kw>
<kw name="Log" owner="BuiltIn">
<msg time="2024-06-10T11:13:23.851569" level="INFO">login</msg>
<arg>${key}</arg>
<doc>Logs the given message with the given level.</doc>
<status status="PASS" start="2024-06-10T11:13:23.851431" elapsed="0.000175"/>
</kw>
<var name="${key}">login</var>
<status status="PASS" start="2024-06-10T11:13:23.849848" elapsed="0.002021"/>
</iter>
<var>${key}</var>
<value>@{expected_keys}</value>
<status status="PASS" start="2024-06-10T11:13:23.841044" elapsed="0.010951"/>
</for>
<kw name="Create List" owner="BuiltIn">
<msg time="2024-06-10T11:13:23.852327" level="INFO">${expected_keysTwo} = ['username', 'password']</msg>
<var>${expected_keysTwo}</var>
<arg>username</arg>
<arg>password</arg>
<doc>Returns a list containing given items.</doc>
<status status="PASS" start="2024-06-10T11:13:23.852188" elapsed="0.000161"/>
</kw>
<for flavor="IN">
<iter>
<kw name="Dictionary Should Contain Key" owner="Collections">
<msg time="2024-06-10T11:13:23.853470" level="INFO">False</msg>
<arg>${json_data['results'][0]['login']}</arg>
<arg>${keyTwo}</arg>
<doc>Fails if ``key`` is not found from ``dictionary``.</doc>
<status status="PASS" start="2024-06-10T11:13:23.852903" elapsed="0.000610"/>
</kw>
<kw name="Dictionary Should Contain Key" owner="Collections">
<msg time="2024-06-10T11:13:23.854284" level="INFO">False</msg>
<arg>${json_data['results'][0]['login']}</arg>
<arg>${keyTwo}</arg>
<doc>Fails if ``key`` is not found from ``dictionary``.</doc>
<status status="PASS" start="2024-06-10T11:13:23.853889" elapsed="0.000433"/>
</kw>
<kw name="Log" owner="BuiltIn">
<msg time="2024-06-10T11:13:23.854782" level="INFO">username</msg>
<arg>${keyTwo}</arg>
<doc>Logs the given message with the given level.</doc>
<status status="PASS" start="2024-06-10T11:13:23.854652" elapsed="0.000168"/>
</kw>
<var name="${keyTwo}">username</var>
<status status="PASS" start="2024-06-10T11:13:23.852741" elapsed="0.002293"/>
</iter>
<iter>
<kw name="Dictionary Should Contain Key" owner="Collections">
<msg time="2024-06-10T11:13:23.855697" level="INFO">False</msg>
<arg>${json_data['results'][0]['login']}</arg>
<arg>${keyTwo}</arg>
<doc>Fails if ``key`` is not found from ``dictionary``.</doc>
<status status="PASS" start="2024-06-10T11:13:23.855320" elapsed="0.000441"/>
</kw>
<kw name="Dictionary Should Contain Key" owner="Collections">
<msg time="2024-06-10T11:13:23.856460" level="INFO">False</msg>
<arg>${json_data['results'][0]['login']}</arg>
<arg>${keyTwo}</arg>
<doc>Fails if ``key`` is not found from ``dictionary``.</doc>
<status status="PASS" start="2024-06-10T11:13:23.856070" elapsed="0.000426"/>
</kw>
<kw name="Log" owner="BuiltIn">
<msg time="2024-06-10T11:13:23.856909" level="INFO">password</msg>
<arg>${keyTwo}</arg>
<doc>Logs the given message with the given level.</doc>
<status status="PASS" start="2024-06-10T11:13:23.856785" elapsed="0.000160"/>
</kw>
<var name="${keyTwo}">password</var>
<status status="PASS" start="2024-06-10T11:13:23.855203" elapsed="0.001953"/>
</iter>
<var>${keyTwo}</var>
<value>@{expected_keysTwo}</value>
<status status="PASS" start="2024-06-10T11:13:23.852585" elapsed="0.004688"/>
</for>
<status status="PASS" start="2024-06-10T11:13:23.745072" elapsed="0.112334"/>
</kw>
<doc>Testa a estrutura da resposta da API.</doc>
<tag>testeEstruturaResposta</tag>
<status status="PASS" start="2024-06-10T11:13:23.744330" elapsed="0.113219"/>
</test>
<test id="s1-s1-t4" name="Validar tipos de dados" line="28">
<kw name="Teste de Tipos de Dados" owner="random-user-service">
<kw name="GET On Session" owner="RequestsLibrary">
<msg time="2024-06-10T11:13:23.937667" level="INFO">GET Request : url=https://randomuser.me/api 
 path_url=/api 
 headers={'User-Agent': 'python-requests/2.32.3', 'Accept-Encoding': 'gzip, deflate', 'Accept': '*/*', 'Connection': 'keep-alive'} 
 body=None 
 </msg>
<msg time="2024-06-10T11:13:23.937728" level="INFO">GET Response : url=https://randomuser.me/api 
 status=200, reason=OK 
 headers={'Date': 'Mon, 10 Jun 2024 11:13:23 GMT', 'Content-Type': 'application/json; charset=utf-8', 'Transfer-Encoding': 'chunked', 'Connection': 'keep-alive', 'X-Powered-By': 'Express', 'Access-Control-Allow-Origin': '*', 'Cache-Control': 'no-cache', 'ETag': 'W/"4a3-GmGSZtqvbnLeS7uSJ15ZDcTe55Q"', 'Vary': 'Accept-Encoding', 'Content-Encoding': 'gzip', 'CF-Cache-Status': 'DYNAMIC', 'Report-To': '{"endpoints":[{"url":"https:\\/\\/a.nel.cloudflare.com\\/report\\/v4?s=JkY7yvBdeD5Ph9qST6BIeSKb1guHTp8JBt6KLvamr%2FoXJX0z%2BITL7AUSe6hk8jYK7URI8renIM5PH6%2F0F2Ly8%2F59urs2eEmEN%2FCr4NyZSBC1xy0SoCk0L3IEINF4puPg"}],"group":"cf-nel","max_age":604800}', 'NEL': '{"success_fraction":0,"report_to":"cf-nel","max_age":604800}', 'Server': 'cloudflare', 'CF-RAY': '8918ee8c2b7087a2-IAD', 'alt-svc': 'h3=":443"; ma=86400'} 
 body={"results":[{"gender":"female","name":{"title":"Mrs","first":"Amanda","last":"Harper"},"location":{"street":{"number":8091,"name":"Alexander Road"},"city":"Plymouth","state":"Kent","country":"United Kingdom","postcode":"M2 7DH","coordinates":{"latitude":"-12.3939","longitude":"43.1790"},"timezone":{"offset":"+3:00","description":"Baghdad, Riyadh, Moscow, St. Petersburg"}},"email":"amanda.harper@example.com","login":{"uuid":"0558c0a8-ff81-428b-a50b-6ee26315e9f7","username":"sadgorilla901","password":"741852","salt":"8IelHRxu","md5":"65d6eed8da4d790ef40592ed9cbf2c22","sha1":"d66c5b9944d424b95bec2c5d94a02ed2c8fe1b02","sha256":"45f4f0af5fd8ae654da189010f2fdddf473da48f254fac26d205d0f8c68248ec"},"dob":{"date":"1996-08-13T21:59:11.699Z","age":27},"registered":{"date":"2004-12-14T16:40:32.272Z","age":19},"phone":"015396 61606","cell":"07376 937139","id":{"name":"NINO","value":"RR 88 99 29 C"},"picture":{"large":"https://randomuser.me/api/portraits/women/40.jpg","medium":"https://randomuser.me/api/portraits/med/women/40.jpg","thumbnail":"https://randomuser.me/api/portraits/thumb/women/40.jpg"},"nat":"GB"}],"info":{"seed":"64186c464e49fe7e","results":1,"page":1,"version":"1.4"}} 
 </msg>
<msg time="2024-06-10T11:13:23.937782" level="INFO">/opt/hostedtoolcache/Python/3.12.3/x64/lib/python3.12/site-packages/urllib3/connectionpool.py:1103: InsecureRequestWarning: Unverified HTTPS request is being made to host 'randomuser.me'. Adding certificate verification is strongly advised. See: https://urllib3.readthedocs.io/en/latest/advanced-usage.html#tls-warnings
  warnings.warn(</msg>
<msg time="2024-06-10T11:13:23.937863" level="INFO">${response} = &lt;Response [200]&gt;</msg>
<var>${response}</var>
<arg>consultarAPI</arg>
<arg>/api</arg>
<doc>Sends a GET request on a previously created HTTP Session.</doc>
<status status="PASS" start="2024-06-10T11:13:23.860168" elapsed="0.077726"/>
</kw>
<kw name="Set Variable" owner="BuiltIn">
<msg time="2024-06-10T11:13:23.938699" level="INFO">${json_data} = {'results': [{'gender': 'female', 'name': {'title': 'Mrs', 'first': 'Amanda', 'last': 'Harper'}, 'location': {'street': {'number': 8091, 'name': 'Alexander Road'}, 'city': 'Plymouth', 'state': 'Kent',...</msg>
<var>${json_data}</var>
<arg>${response.json()}</arg>
<doc>Returns the given values which can then be assigned to a variables.</doc>
<status status="PASS" start="2024-06-10T11:13:23.938258" elapsed="0.000499"/>
</kw>
<kw name="Log" owner="BuiltIn">
<msg time="2024-06-10T11:13:23.939213" level="INFO">{'results': [{'gender': 'female', 'name': {'title': 'Mrs', 'first': 'Amanda', 'last': 'Harper'}, 'location': {'street': {'number': 8091, 'name': 'Alexander Road'}, 'city': 'Plymouth', 'state': 'Kent', 'country': 'United Kingdom', 'postcode': 'M2 7DH', 'coordinates': {'latitude': '-12.3939', 'longitude': '43.1790'}, 'timezone': {'offset': '+3:00', 'description': 'Baghdad, Riyadh, Moscow, St. Petersburg'}}, 'email': 'amanda.harper@example.com', 'login': {'uuid': '0558c0a8-ff81-428b-a50b-6ee26315e9f7', 'username': 'sadgorilla901', 'password': '741852', 'salt': '8IelHRxu', 'md5': '65d6eed8da4d790ef40592ed9cbf2c22', 'sha1': 'd66c5b9944d424b95bec2c5d94a02ed2c8fe1b02', 'sha256': '45f4f0af5fd8ae654da189010f2fdddf473da48f254fac26d205d0f8c68248ec'}, 'dob': {'date': '1996-08-13T21:59:11.699Z', 'age': 27}, 'registered': {'date': '2004-12-14T16:40:32.272Z', 'age': 19}, 'phone': '015396 61606', 'cell': '07376 937139', 'id': {'name': 'NINO', 'value': 'RR 88 99 29 C'}, 'picture': {'large': 'https://randomuser.me/api/portraits/women/40.jpg', 'medium': 'https://randomuser.me/api/portraits/med/women/40.jpg', 'thumbnail': 'https://randomuser.me/api/portraits/thumb/women/40.jpg'}, 'nat': 'GB'}], 'info': {'seed': '64186c464e49fe7e', 'results': 1, 'page': 1, 'version': '1.4'}}</msg>
<arg>${json_data}</arg>
<doc>Logs the given message with the given level.</doc>
<status status="PASS" start="2024-06-10T11:13:23.939062" elapsed="0.000197"/>
</kw>
<kw name="Should Be String" owner="String">
<arg>${json_data['results'][0]['gender']}</arg>
<doc>Fails if the given ``item`` is not a string.</doc>
<status status="PASS" start="2024-06-10T11:13:23.939549" elapsed="0.000410"/>
</kw>
<kw name="Should Match Regexp" owner="BuiltIn">
<arg>${json_data['results'][0]['email']}</arg>
<arg>^[a-zA-Z0-9._%+-]+@[a-zA-Z0-9.-]+\.[a-zA-Z]{2,}$</arg>
<doc>Fails if ``string`` does not match ``pattern`` as a regular expression.</doc>
<status status="PASS" start="2024-06-10T11:13:23.940159" elapsed="0.000632"/>
</kw>
<kw name="Should Match Regexp" owner="BuiltIn">
<arg>${json_data['results'][0]['dob']['date']}</arg>
<arg>\\d{4}-\\d{2}-\\d{2}T\\d{2}:\\d{2}:\\d{2}\\.\\d{3}Z</arg>
<doc>Fails if ``string`` does not match ``pattern`` as a regular expression.</doc>
<status status="PASS" start="2024-06-10T11:13:23.940992" elapsed="0.000484"/>
</kw>
<kw name="Should Match Regexp" owner="BuiltIn">
<arg>${json_data['results'][0]['registered']['date']}</arg>
<arg>\\d{4}-\\d{2}-\\d{2}T\\d{2}:\\d{2}:\\d{2}\\.\\d{3}Z</arg>
<doc>Fails if ``string`` does not match ``pattern`` as a regular expression.</doc>
<status status="PASS" start="2024-06-10T11:13:23.941671" elapsed="0.000370"/>
</kw>
<kw name="Should Match Regexp" owner="BuiltIn">
<arg>${json_data['results'][0]['picture']['large']}</arg>
<arg>^https?://.*\.(?:png|jpe?g|gif|bmp)$</arg>
<doc>Fails if ``string`` does not match ``pattern`` as a regular expression.</doc>
<status status="PASS" start="2024-06-10T11:13:23.942230" elapsed="0.000466"/>
</kw>
<kw name="Should Match Regexp" owner="BuiltIn">
<arg>${json_data['results'][0]['picture']['medium']}</arg>
<arg>^https?://.*\.(?:png|jpe?g|gif|bmp)$</arg>
<doc>Fails if ``string`` does not match ``pattern`` as a regular expression.</doc>
<status status="PASS" start="2024-06-10T11:13:23.942886" elapsed="0.000354"/>
</kw>
<kw name="Should Match Regexp" owner="BuiltIn">
<arg>${json_data['results'][0]['picture']['thumbnail']}</arg>
<arg>^https?://.*\.(?:png|jpe?g|gif|bmp)$</arg>
<doc>Fails if ``string`` does not match ``pattern`` as a regular expression.</doc>
<status status="PASS" start="2024-06-10T11:13:23.943426" elapsed="0.000374"/>
</kw>
<kw name="Log" owner="BuiltIn">
<msg time="2024-06-10T11:13:23.944327" level="INFO">{'large': 'https://randomuser.me/api/portraits/women/40.jpg', 'medium': 'https://randomuser.me/api/portraits/med/women/40.jpg', 'thumbnail': 'https://randomuser.me/api/portraits/thumb/women/40.jpg'}</msg>
<arg>${json_data['results'][0]['picture']}</arg>
<doc>Logs the given message with the given level.</doc>
<status status="PASS" start="2024-06-10T11:13:23.943996" elapsed="0.000372"/>
</kw>
<status status="PASS" start="2024-06-10T11:13:23.859936" elapsed="0.084685"/>
</kw>
<kw name="Teste de Tipos de Dados - Postcode" owner="random-user-service">
<kw name="GET On Session" owner="RequestsLibrary">
<msg time="2024-06-10T11:13:24.037712" level="INFO">GET Request : url=https://randomuser.me/api 
 path_url=/api 
 headers={'User-Agent': 'python-requests/2.32.3', 'Accept-Encoding': 'gzip, deflate', 'Accept': '*/*', 'Connection': 'keep-alive'} 
 body=None 
 </msg>
<msg time="2024-06-10T11:13:24.037775" level="INFO">GET Response : url=https://randomuser.me/api 
 status=200, reason=OK 
 headers={'Date': 'Mon, 10 Jun 2024 11:13:24 GMT', 'Content-Type': 'application/json; charset=utf-8', 'Transfer-Encoding': 'chunked', 'Connection': 'keep-alive', 'X-Powered-By': 'Express', 'Access-Control-Allow-Origin': '*', 'Cache-Control': 'no-cache', 'ETag': 'W/"480-QHO2P5SiXUkxUtf2UpaLxz6oXuk"', 'Vary': 'Accept-Encoding', 'Content-Encoding': 'gzip', 'CF-Cache-Status': 'DYNAMIC', 'Report-To': '{"endpoints":[{"url":"https:\\/\\/a.nel.cloudflare.com\\/report\\/v4?s=xPJR4M2fpkEuitCFib2SdlqA83%2F0H%2BqHKP2kLbxbhJ33KtTOTw9IZWceBEZflvJmF3ZeVl73rNw%2BDyMhh%2F36U%2B2WYycXcl0NypljdrNcc8US7e3XUDpHwm0sVkzha1Wi"}],"group":"cf-nel","max_age":604800}', 'NEL': '{"success_fraction":0,"report_to":"cf-nel","max_age":604800}', 'Server': 'cloudflare', 'CF-RAY': '8918ee8cabf987a2-IAD', 'alt-svc': 'h3=":443"; ma=86400'} 
 body={"results":[{"gender":"male","name":{"title":"Mr","first":"Anatolij","last":"Hinze"},"location":{"street":{"number":7807,"name":"Schützenstraße"},"city":"Welzow","state":"Rheinland-Pfalz","country":"Germany","postcode":64295,"coordinates":{"latitude":"-55.6371","longitude":"-146.6165"},"timezone":{"offset":"-10:00","description":"Hawaii"}},"email":"anatolij.hinze@example.com","login":{"uuid":"051cefa9-fb88-4721-bb59-86a5253f042a","username":"goldenmouse596","password":"racer","salt":"9RFGClf7","md5":"54c73e40db5b135b65adc750a914d47a","sha1":"8a59ef7b51115ff5ae43f72ae835229e5ea2c486","sha256":"da5ea99f34547b44638e290a70baad759f183a8e529ece54a41bc2837937bae8"},"dob":{"date":"1967-05-20T23:25:52.112Z","age":57},"registered":{"date":"2014-11-08T08:06:11.079Z","age":9},"phone":"0132-9021646","cell":"0177-0029145","id":{"name":"SVNR","value":"57 200567 H 142"},"picture":{"large":"https://randomuser.me/api/portraits/men/33.jpg","medium":"https://randomuser.me/api/portraits/med/men/33.jpg","thumbnail":"https://randomuser.me/api/portraits/thumb/men/33.jpg"},"nat":"DE"}],"info":{"seed":"1129be931f13a476","results":1,"page":1,"version":"1.4"}} 
 </msg>
<msg time="2024-06-10T11:13:24.037830" level="INFO">/opt/hostedtoolcache/Python/3.12.3/x64/lib/python3.12/site-packages/urllib3/connectionpool.py:1103: InsecureRequestWarning: Unverified HTTPS request is being made to host 'randomuser.me'. Adding certificate verification is strongly advised. See: https://urllib3.readthedocs.io/en/latest/advanced-usage.html#tls-warnings
  warnings.warn(</msg>
<msg time="2024-06-10T11:13:24.037912" level="INFO">${response} = &lt;Response [200]&gt;</msg>
<var>${response}</var>
<arg>consultarAPI</arg>
<arg>/api</arg>
<doc>Sends a GET request on a previously created HTTP Session.</doc>
<status status="PASS" start="2024-06-10T11:13:23.945054" elapsed="0.092889"/>
</kw>
<kw name="Set Variable" owner="BuiltIn">
<msg time="2024-06-10T11:13:24.038769" level="INFO">${json_data} = {'results': [{'gender': 'male', 'name': {'title': 'Mr', 'first': 'Anatolij', 'last': 'Hinze'}, 'location': {'street': {'number': 7807, 'name': 'Schützenstraße'}, 'city': 'Welzow', 'state': 'Rheinland-...</msg>
<var>${json_data}</var>
<arg>${response.json()}</arg>
<doc>Returns the given values which can then be assigned to a variables.</doc>
<status status="PASS" start="2024-06-10T11:13:24.038320" elapsed="0.000506"/>
</kw>
<kw name="Log" owner="BuiltIn">
<msg time="2024-06-10T11:13:24.039303" level="INFO">{'results': [{'gender': 'male', 'name': {'title': 'Mr', 'first': 'Anatolij', 'last': 'Hinze'}, 'location': {'street': {'number': 7807, 'name': 'Schützenstraße'}, 'city': 'Welzow', 'state': 'Rheinland-Pfalz', 'country': 'Germany', 'postcode': 64295, 'coordinates': {'latitude': '-55.6371', 'longitude': '-146.6165'}, 'timezone': {'offset': '-10:00', 'description': 'Hawaii'}}, 'email': 'anatolij.hinze@example.com', 'login': {'uuid': '051cefa9-fb88-4721-bb59-86a5253f042a', 'username': 'goldenmouse596', 'password': 'racer', 'salt': '9RFGClf7', 'md5': '54c73e40db5b135b65adc750a914d47a', 'sha1': '8a59ef7b51115ff5ae43f72ae835229e5ea2c486', 'sha256': 'da5ea99f34547b44638e290a70baad759f183a8e529ece54a41bc2837937bae8'}, 'dob': {'date': '1967-05-20T23:25:52.112Z', 'age': 57}, 'registered': {'date': '2014-11-08T08:06:11.079Z', 'age': 9}, 'phone': '0132-9021646', 'cell': '0177-0029145', 'id': {'name': 'SVNR', 'value': '57 200567 H 142'}, 'picture': {'large': 'https://randomuser.me/api/portraits/men/33.jpg', 'medium': 'https://randomuser.me/api/portraits/med/men/33.jpg', 'thumbnail': 'https://randomuser.me/api/portraits/thumb/men/33.jpg'}, 'nat': 'DE'}], 'info': {'seed': '1129be931f13a476', 'results': 1, 'page': 1, 'version': '1.4'}}</msg>
<arg>${json_data}</arg>
<doc>Logs the given message with the given level.</doc>
<status status="PASS" start="2024-06-10T11:13:24.039145" elapsed="0.000205"/>
</kw>
<kw name="Should Be Equal As Numbers" owner="BuiltIn">
<arg>${json_data['results'][0]['location']['postcode']}</arg>
<arg>${json_data['results'][0]['location']['postcode']}</arg>
<doc>Fails if objects are unequal after converting them to real numbers.</doc>
<status status="PASS" start="2024-06-10T11:13:24.039653" elapsed="0.000650"/>
</kw>
<kw name="Log" owner="BuiltIn">
<msg time="2024-06-10T11:13:24.040841" level="INFO">64295</msg>
<arg>${json_data['results'][0]['location']['postcode']}</arg>
<doc>Logs the given message with the given level.</doc>
<status status="PASS" start="2024-06-10T11:13:24.040495" elapsed="0.000386"/>
</kw>
<status status="PASS" start="2024-06-10T11:13:23.944829" elapsed="0.096299"/>
</kw>
<doc>Testa se os tipos de dados na resposta da API estão corretos.</doc>
<tag>testeTiposDados</tag>
<status status="PASS" start="2024-06-10T11:13:23.859349" elapsed="0.181935"/>
</test>
<test id="s1-s1-t5" name="Validar conteudo" line="35">
<kw name="Teste de Tipos de Conteudo" owner="random-user-service">
<kw name="GET On Session" owner="RequestsLibrary">
<msg time="2024-06-10T11:13:24.140363" level="INFO">GET Request : url=https://randomuser.me/api 
 path_url=/api 
 headers={'User-Agent': 'python-requests/2.32.3', 'Accept-Encoding': 'gzip, deflate', 'Accept': '*/*', 'Connection': 'keep-alive'} 
 body=None 
 </msg>
<msg time="2024-06-10T11:13:24.140433" level="INFO">GET Response : url=https://randomuser.me/api 
 status=200, reason=OK 
 headers={'Date': 'Mon, 10 Jun 2024 11:13:24 GMT', 'Content-Type': 'application/json; charset=utf-8', 'Transfer-Encoding': 'chunked', 'Connection': 'keep-alive', 'X-Powered-By': 'Express', 'Access-Control-Allow-Origin': '*', 'Cache-Control': 'no-cache', 'ETag': 'W/"49c-BA8lxKEDaYZptJN7Ftw2NYnK1bg"', 'Vary': 'Accept-Encoding', 'Content-Encoding': 'gzip', 'CF-Cache-Status': 'DYNAMIC', 'Report-To': '{"endpoints":[{"url":"https:\\/\\/a.nel.cloudflare.com\\/report\\/v4?s=ZGT2q4b9wTYFv3UX7dCb0P%2Bc0qg0RSnbSw1OEDY40eujSdgvyUrTJmxL02kAR3vIwYYGAWCf%2BqBEzNE9YCnM5BoCpL1vcwswY2%2FJtMmLecYb5%2FjxYD2ZF6xy4fTJcPqp"}],"group":"cf-nel","max_age":604800}', 'NEL': '{"success_fraction":0,"report_to":"cf-nel","max_age":604800}', 'Server': 'cloudflare', 'CF-RAY': '8918ee8d4ce787a2-IAD', 'alt-svc': 'h3=":443"; ma=86400'} 
 body={"results":[{"gender":"female","name":{"title":"Ms","first":"Ronja","last":"Jarvinen"},"location":{"street":{"number":241,"name":"Reijolankatu"},"city":"Loviisa","state":"Ostrobothnia","country":"Finland","postcode":55195,"coordinates":{"latitude":"-24.1999","longitude":"13.7986"},"timezone":{"offset":"+8:00","description":"Beijing, Perth, Singapore, Hong Kong"}},"email":"ronja.jarvinen@example.com","login":{"uuid":"c3bd0b77-8e1b-4330-97a1-c03fab85757c","username":"bigrabbit121","password":"nature","salt":"6gTnncuE","md5":"6c78d37ac5f4cfae1d5c055374443c69","sha1":"6e2a9079ce4b51df378a4fc5873cea08d954d274","sha256":"ee2d5d12de59d52e1d87e638e6d1c169cad72207051ffcf3896d18e8411695f4"},"dob":{"date":"1957-01-31T06:17:04.319Z","age":67},"registered":{"date":"2022-02-15T13:40:06.382Z","age":2},"phone":"07-534-347","cell":"043-366-54-41","id":{"name":"HETU","value":"NaNNA720undefined"},"picture":{"large":"https://randomuser.me/api/portraits/women/61.jpg","medium":"https://randomuser.me/api/portraits/med/women/61.jpg","thumbnail":"https://randomuser.me/api/portraits/thumb/women/61.jpg"},"nat":"FI"}],"info":{"seed":"a42d35767a4c926a","results":1,"page":1,"version":"1.4"}} 
 </msg>
<msg time="2024-06-10T11:13:24.140487" level="INFO">/opt/hostedtoolcache/Python/3.12.3/x64/lib/python3.12/site-packages/urllib3/connectionpool.py:1103: InsecureRequestWarning: Unverified HTTPS request is being made to host 'randomuser.me'. Adding certificate verification is strongly advised. See: https://urllib3.readthedocs.io/en/latest/advanced-usage.html#tls-warnings
  warnings.warn(</msg>
<msg time="2024-06-10T11:13:24.140575" level="INFO">${response} = &lt;Response [200]&gt;</msg>
<var>${response}</var>
<arg>consultarAPI</arg>
<arg>/api</arg>
<doc>Sends a GET request on a previously created HTTP Session.</doc>
<status status="PASS" start="2024-06-10T11:13:24.044035" elapsed="0.096571"/>
</kw>
<kw name="Set Variable" owner="BuiltIn">
<msg time="2024-06-10T11:13:24.141420" level="INFO">${json_data} = {'results': [{'gender': 'female', 'name': {'title': 'Ms', 'first': 'Ronja', 'last': 'Jarvinen'}, 'location': {'street': {'number': 241, 'name': 'Reijolankatu'}, 'city': 'Loviisa', 'state': 'Ostrobothn...</msg>
<var>${json_data}</var>
<arg>${response.json()}</arg>
<doc>Returns the given values which can then be assigned to a variables.</doc>
<status status="PASS" start="2024-06-10T11:13:24.140977" elapsed="0.000471"/>
</kw>
<kw name="Set Variable" owner="BuiltIn">
<msg time="2024-06-10T11:13:24.142138" level="INFO">${name_title} = Ms</msg>
<var>${name_title}</var>
<arg>${json_data["results"][0]["name"]["title"]}</arg>
<doc>Returns the given values which can then be assigned to a variables.</doc>
<status status="PASS" start="2024-06-10T11:13:24.141749" elapsed="0.000414"/>
</kw>
<kw name="Create List" owner="BuiltIn">
<msg time="2024-06-10T11:13:24.142610" level="INFO">${allowed_titles} = ['Mr', 'Ms', 'Miss', 'Mrs', 'Madame', 'Monsieur']</msg>
<var>${allowed_titles}</var>
<arg>Mr</arg>
<arg>Ms</arg>
<arg>Miss</arg>
<arg>Mrs</arg>
<arg>Madame</arg>
<arg>Monsieur</arg>
<doc>Returns a list containing given items.</doc>
<status status="PASS" start="2024-06-10T11:13:24.142462" elapsed="0.000172"/>
</kw>
<kw name="List Should Contain Value" owner="Collections">
<msg time="2024-06-10T11:13:24.143113" level="INFO">False</msg>
<arg>${allowed_titles}</arg>
<arg>${name_title}</arg>
<doc>Fails if the ``value`` is not found from ``list``.</doc>
<status status="PASS" start="2024-06-10T11:13:24.142937" elapsed="0.000214"/>
</kw>
<kw name="Set Variable" owner="BuiltIn">
<msg time="2024-06-10T11:13:24.144006" level="INFO">${name_country} = FI</msg>
<var>${name_country}</var>
<arg>${json_data["results"][0]["nat"]}</arg>
<doc>Returns the given values which can then be assigned to a variables.</doc>
<status status="PASS" start="2024-06-10T11:13:24.143447" elapsed="0.000585"/>
</kw>
<kw name="Create List" owner="BuiltIn">
<msg time="2024-06-10T11:13:24.144947" level="INFO">${list_country} = ['AD', 'AE', 'AF', 'AG', 'AI', 'AL', 'AM', 'AO', 'AQ', 'AR', 'AS', 'AT', 'AU', 'AW', 'AX', 'AZ', 'BA', 'BB', 'BD', 'BE', 'BF', 'BG', 'BH', 'BI', 'BJ', 'BL', 'BM', 'BN', 'BO', 'BQ', 'BR', 'BS', 'BT', '...</msg>
<var>${list_country}</var>
<arg>AD</arg>
<arg>AE</arg>
<arg>AF</arg>
<arg>AG</arg>
<arg>AI</arg>
<arg>AL</arg>
<arg>AM</arg>
<arg>AO</arg>
<arg>AQ</arg>
<arg>AR</arg>
<arg>AS</arg>
<arg>AT</arg>
<arg>AU</arg>
<arg>AW</arg>
<arg>AX</arg>
<arg>AZ</arg>
<arg>BA</arg>
<arg>BB</arg>
<arg>BD</arg>
<arg>BE</arg>
<arg>BF</arg>
<arg>BG</arg>
<arg>BH</arg>
<arg>BI</arg>
<arg>BJ</arg>
<arg>BL</arg>
<arg>BM</arg>
<arg>BN</arg>
<arg>BO</arg>
<arg>BQ</arg>
<arg>BR</arg>
<arg>BS</arg>
<arg>BT</arg>
<arg>BV</arg>
<arg>BW</arg>
<arg>BY</arg>
<arg>BZ</arg>
<arg>CA</arg>
<arg>CC</arg>
<arg>CD</arg>
<arg>CF</arg>
<arg>CG</arg>
<arg>CH</arg>
<arg>CI</arg>
<arg>CK</arg>
<arg>CL</arg>
<arg>CM</arg>
<arg>CN</arg>
<arg>CO</arg>
<arg>CR</arg>
<arg>CU</arg>
<arg>CV</arg>
<arg>CW</arg>
<arg>CX</arg>
<arg>CY</arg>
<arg>CZ</arg>
<arg>DE</arg>
<arg>DJ</arg>
<arg>DK</arg>
<arg>DM</arg>
<arg>DO</arg>
<arg>DZ</arg>
<arg>EC</arg>
<arg>EE</arg>
<arg>EG</arg>
<arg>EH</arg>
<arg>ER</arg>
<arg>ES</arg>
<arg>ET</arg>
<arg>FI</arg>
<arg>FJ</arg>
<arg>FK</arg>
<arg>FM</arg>
<arg>FO</arg>
<arg>FR</arg>
<arg>GA</arg>
<arg>GB</arg>
<arg>GD</arg>
<arg>GE</arg>
<arg>GF</arg>
<arg>GG</arg>
<arg>GH</arg>
<arg>GI</arg>
<arg>GL</arg>
<arg>GM</arg>
<arg>GN</arg>
<arg>GP</arg>
<arg>GQ</arg>
<arg>GR</arg>
<arg>GS</arg>
<arg>GT</arg>
<arg>GU</arg>
<arg>GW</arg>
<arg>GY</arg>
<arg>HK</arg>
<arg>HM</arg>
<arg>HN</arg>
<arg>HR</arg>
<arg>HT</arg>
<arg>HU</arg>
<arg>ID</arg>
<arg>IE</arg>
<arg>IL</arg>
<arg>IM</arg>
<arg>IN</arg>
<arg>IO</arg>
<arg>IQ</arg>
<arg>IR</arg>
<arg>IS</arg>
<arg>IT</arg>
<arg>JE</arg>
<arg>JM</arg>
<arg>JO</arg>
<arg>JP</arg>
<arg>KE</arg>
<arg>KG</arg>
<arg>KH</arg>
<arg>KI</arg>
<arg>KM</arg>
<arg>KN</arg>
<arg>KP</arg>
<arg>KR</arg>
<arg>KW</arg>
<arg>KY</arg>
<arg>KZ</arg>
<arg>LA</arg>
<arg>LB</arg>
<arg>LC</arg>
<arg>LI</arg>
<arg>LK</arg>
<arg>LR</arg>
<arg>LS</arg>
<arg>LT</arg>
<arg>LU</arg>
<arg>LV</arg>
<arg>LY</arg>
<arg>MA</arg>
<arg>MC</arg>
<arg>MD</arg>
<arg>ME</arg>
<arg>MF</arg>
<arg>MG</arg>
<arg>MH</arg>
<arg>MK</arg>
<arg>ML</arg>
<arg>MM</arg>
<arg>MN</arg>
<arg>MO</arg>
<arg>MP</arg>
<arg>MQ</arg>
<arg>MR</arg>
<arg>MS</arg>
<arg>MT</arg>
<arg>MU</arg>
<arg>MV</arg>
<arg>MW</arg>
<arg>MX</arg>
<arg>MY</arg>
<arg>MZ</arg>
<arg>NA</arg>
<arg>NC</arg>
<arg>NE</arg>
<arg>NF</arg>
<arg>NG</arg>
<arg>NI</arg>
<arg>NL</arg>
<arg>NO</arg>
<arg>NP</arg>
<arg>NR</arg>
<arg>NU</arg>
<arg>NZ</arg>
<arg>OM</arg>
<arg>PA</arg>
<arg>PE</arg>
<arg>PF</arg>
<arg>PG</arg>
<arg>PH</arg>
<arg>PK</arg>
<arg>PL</arg>
<arg>PM</arg>
<arg>PN</arg>
<arg>PR</arg>
<arg>PS</arg>
<arg>PT</arg>
<arg>PW</arg>
<arg>PY</arg>
<arg>QA</arg>
<arg>RE</arg>
<arg>RO</arg>
<arg>RS</arg>
<arg>RU</arg>
<arg>RW</arg>
<arg>SA</arg>
<arg>SB</arg>
<arg>SC</arg>
<arg>SD</arg>
<arg>SE</arg>
<arg>SG</arg>
<arg>SH</arg>
<arg>SI</arg>
<arg>SJ</arg>
<arg>SK</arg>
<arg>SL</arg>
<arg>SM</arg>
<arg>SN</arg>
<arg>SO</arg>
<arg>SR</arg>
<arg>SS</arg>
<arg>ST</arg>
<arg>SV</arg>
<arg>SX</arg>
<arg>SY</arg>
<arg>SZ</arg>
<arg>TC</arg>
<arg>TD</arg>
<arg>TF</arg>
<arg>TG</arg>
<arg>TH</arg>
<arg>TJ</arg>
<arg>TK</arg>
<arg>TL</arg>
<arg>TM</arg>
<arg>TN</arg>
<arg>TO</arg>
<arg>TR</arg>
<arg>TT</arg>
<arg>TV</arg>
<arg>TW</arg>
<arg>TZ</arg>
<arg>UA</arg>
<arg>UG</arg>
<arg>UM</arg>
<arg>US</arg>
<arg>UY</arg>
<arg>UZ</arg>
<arg>VA</arg>
<arg>VC</arg>
<arg>VE</arg>
<arg>VG</arg>
<arg>VI</arg>
<arg>VN</arg>
<arg>VU</arg>
<arg>WF</arg>
<arg>WS</arg>
<arg>XK</arg>
<arg>YE</arg>
<arg>YT</arg>
<arg>ZA</arg>
<arg>ZM</arg>
<arg>ZW</arg>
<doc>Returns a list containing given items.</doc>
<status status="PASS" start="2024-06-10T11:13:24.144348" elapsed="0.000653"/>
</kw>
<kw name="List Should Contain Value" owner="Collections">
<msg time="2024-06-10T11:13:24.145962" level="INFO">False</msg>
<arg>${list_country}</arg>
<arg>${name_country}</arg>
<doc>Fails if the ``value`` is not found from ``list``.</doc>
<status status="PASS" start="2024-06-10T11:13:24.145761" elapsed="0.000237"/>
</kw>
<kw name="Run Keyword If" owner="BuiltIn">
<kw name="Should Be True" owner="BuiltIn">
<arg>${True}</arg>
<doc>Fails if the given condition is not true.</doc>
<status status="PASS" start="2024-06-10T11:13:24.147067" elapsed="0.000144"/>
</kw>
<arg>${json_data["results"][0]["location"]["coordinates"]["latitude"]} &gt;= -90 and ${json_data["results"][0]["location"]["coordinates"]["latitude"]} &lt;= 90</arg>
<arg>Should Be True</arg>
<arg>${True}</arg>
<doc>Runs the given keyword with the given arguments, if ``condition`` is true.</doc>
<status status="PASS" start="2024-06-10T11:13:24.146318" elapsed="0.001019"/>
</kw>
<kw name="Run Keyword If" owner="BuiltIn">
<kw name="Should Be True" owner="BuiltIn">
<arg>${True}</arg>
<doc>Fails if the given condition is not true.</doc>
<status status="PASS" start="2024-06-10T11:13:24.148264" elapsed="0.000139"/>
</kw>
<arg>${json_data["results"][0]["location"]["coordinates"]["longitude"]} &gt;= -180 and ${json_data["results"][0]["location"]["coordinates"]["longitude"]} &lt;= 180</arg>
<arg>Should Be True</arg>
<arg>${True}</arg>
<doc>Runs the given keyword with the given arguments, if ``condition`` is true.</doc>
<status status="PASS" start="2024-06-10T11:13:24.147522" elapsed="0.001003"/>
</kw>
<status status="PASS" start="2024-06-10T11:13:24.043632" elapsed="0.105020"/>
</kw>
<doc>Testa o conteúdo específico dos campos retornados pela API.</doc>
<tag>testeConteudo</tag>
<status status="PASS" start="2024-06-10T11:13:24.042989" elapsed="0.105804"/>
</test>
<status status="PASS" start="2024-06-10T11:13:23.210119" elapsed="0.940540"/>
</suite>
<status status="PASS" start="2024-06-10T11:13:23.190295" elapsed="0.965416"/>
</suite>
<statistics>
<total>
<stat pass="5" fail="0" skip="0">All Tests</stat>
</total>
<tag>
<stat pass="1" fail="0" skip="0">testeConteudo</stat>
<stat pass="1" fail="0" skip="0">testeEstruturaResposta</stat>
<stat pass="1" fail="0" skip="0">testeRequisicaoBasica</stat>
<stat pass="1" fail="0" skip="0">testeTiposDados</stat>
</tag>
<suite>
<stat pass="5" fail="0" skip="0" id="s1" name="Tests">Tests</stat>
<stat pass="5" fail="0" skip="0" id="s1-s1" name="Random-User-Test">Tests.Random-User-Test</stat>
</suite>
</statistics>
<errors>
</errors>
</robot>
