<?xml version="1.0" encoding="UTF-8"?>
<robot generator="Robot 7.0 (Python 3.12.2 on linux)" generated="2024-03-22T11:11:33.788422" rpa="false" schemaversion="5">
<suite id="s1" name="Tests" source="/home/runner/work/DesafioQAItauRogerioJordao/DesafioQAItauRogerioJordao/RamdonUser/tests">
<suite id="s1-s1" name="Random-User-Test" source="/home/runner/work/DesafioQAItauRogerioJordao/DesafioQAItauRogerioJordao/RamdonUser/tests/random-user-test.robot">
<test id="s1-s1-t1" name="Conectar" line="13">
<kw name="Conectar API" owner="random-user-service">
<kw name="Create Session" owner="RequestsLibrary">
<msg time="2024-03-22T11:11:34.188857" level="INFO">Creating Session using : alias=consultarAPI, url=https://randomuser.me/, headers={},                     cookies={}, auth=None, timeout=None, proxies=None, verify=False,                     debug=0 </msg>
<arg>consultarAPI</arg>
<arg>${URL}</arg>
<doc>Create Session: create a HTTP session to a server</doc>
<status status="PASS" start="2024-03-22T11:11:34.188641" elapsed="0.000416"/>
</kw>
<status status="PASS" start="2024-03-22T11:11:34.187443" elapsed="0.001993"/>
</kw>
<status status="PASS" start="2024-03-22T11:11:34.186773" elapsed="0.002870"/>
</test>
<test id="s1-s1-t2" name="Validar retorno 200 e JSON Válido" line="16">
<kw name="Teste de Requisicao Basica" owner="random-user-service">
<kw name="GET On Session" owner="RequestsLibrary">
<msg time="2024-03-22T11:11:34.675249" level="INFO">GET Request : url=https://randomuser.me/api 
 path_url=/api 
 headers={'User-Agent': 'python-requests/2.31.0', 'Accept-Encoding': 'gzip, deflate', 'Accept': '*/*', 'Connection': 'keep-alive'} 
 body=None 
 </msg>
<msg time="2024-03-22T11:11:34.675416" level="INFO">GET Response : url=https://randomuser.me/api 
 status=200, reason=OK 
 headers={'Date': 'Fri, 22 Mar 2024 11:11:34 GMT', 'Content-Type': 'application/json; charset=utf-8', 'Transfer-Encoding': 'chunked', 'Connection': 'keep-alive', 'X-Powered-By': 'Express', 'Access-Control-Allow-Origin': '*', 'Cache-Control': 'no-cache', 'ETag': 'W/"49c-k9DKGt+fefCMk2bIz+n6k0O9IcA"', 'Vary': 'Accept-Encoding', 'Content-Encoding': 'gzip', 'CF-Cache-Status': 'DYNAMIC', 'Report-To': '{"endpoints":[{"url":"https:\\/\\/a.nel.cloudflare.com\\/report\\/v4?s=%2F8boygCXOMR9bfNyIbgzk0cHKMN29qO2GybWmLlgwoY6oeFbUrXVhFDeKhynSR4xjJPVtX6LfD1ziFBL8wzbLcDVBOdvcXh%2FGK1L4kHgxLyw14TRrh2p9kUBc%2Bw%2BFRY%2F"}],"group":"cf-nel","max_age":604800}', 'NEL': '{"success_fraction":0,"report_to":"cf-nel","max_age":604800}', 'Server': 'cloudflare', 'CF-RAY': '8685bddefab310ed-ORD', 'alt-svc': 'h3=":443"; ma=86400'} 
 body={"results":[{"gender":"female","name":{"title":"Mrs","first":"Amanda","last":"Thompson"},"location":{"street":{"number":372,"name":"Fairview St"},"city":"Costa Mesa","state":"South Dakota","country":"United States","postcode":66689,"coordinates":{"latitude":"85.3190","longitude":"67.2124"},"timezone":{"offset":"-7:00","description":"Mountain Time (US &amp; Canada)"}},"email":"amanda.thompson@example.com","login":{"uuid":"0e82043c-a157-461f-8126-06c3fc05ba56","username":"happybear461","password":"bruno1","salt":"gtDyh9bf","md5":"96e24a70f183983e648a323b28af130a","sha1":"43b07b8fd8c76617806982104c9ae258c18e0e58","sha256":"bc90e860914dccdcba68edeffe1fc4895533af49262060494d62bf080acf80b9"},"dob":{"date":"1989-02-10T16:21:05.098Z","age":35},"registered":{"date":"2007-02-18T20:52:24.463Z","age":17},"phone":"(803) 763-3919","cell":"(320) 381-4643","id":{"name":"SSN","value":"874-74-9132"},"picture":{"large":"https://randomuser.me/api/portraits/women/96.jpg","medium":"https://randomuser.me/api/portraits/med/women/96.jpg","thumbnail":"https://randomuser.me/api/portraits/thumb/women/96.jpg"},"nat":"US"}],"info":{"seed":"ed98b5ba51590ddd","results":1,"page":1,"version":"1.4"}} 
 </msg>
<msg time="2024-03-22T11:11:34.675529" level="INFO">/opt/hostedtoolcache/Python/3.12.2/x64/lib/python3.12/site-packages/urllib3/connectionpool.py:1103: InsecureRequestWarning: Unverified HTTPS request is being made to host 'randomuser.me'. Adding certificate verification is strongly advised. See: https://urllib3.readthedocs.io/en/latest/advanced-usage.html#tls-warnings
  warnings.warn(</msg>
<msg time="2024-03-22T11:11:34.675674" level="INFO">${response} = &lt;Response [200]&gt;</msg>
<var>${response}</var>
<arg>consultarAPI</arg>
<arg>/api</arg>
<doc>Sends a GET request on a previously created HTTP Session.</doc>
<status status="PASS" start="2024-03-22T11:11:34.192283" elapsed="0.483437"/>
</kw>
<kw name="Should Be Equal As Numbers" owner="BuiltIn">
<msg time="2024-03-22T11:11:34.676788" level="INFO">Argument types are:
&lt;class 'int'&gt;
&lt;class 'str'&gt;</msg>
<arg>${response.status_code}</arg>
<arg>200</arg>
<doc>Fails if objects are unequal after converting them to real numbers.</doc>
<status status="PASS" start="2024-03-22T11:11:34.676312" elapsed="0.000542"/>
</kw>
<kw name="Log" owner="BuiltIn">
<msg time="2024-03-22T11:11:34.677532" level="INFO">200</msg>
<arg>${response.status_code}</arg>
<doc>Logs the given message with the given level.</doc>
<status status="PASS" start="2024-03-22T11:11:34.677176" elapsed="0.000398"/>
</kw>
<kw name="Set Variable" owner="BuiltIn">
<msg time="2024-03-22T11:11:34.678329" level="INFO">${json_data} = {'results': [{'gender': 'female', 'name': {'title': 'Mrs', 'first': 'Amanda', 'last': 'Thompson'}, 'location': {'street': {'number': 372, 'name': 'Fairview St'}, 'city': 'Costa Mesa', 'state': 'South ...</msg>
<var>${json_data}</var>
<arg>${response.json()}</arg>
<doc>Returns the given values which can then be assigned to a variables.</doc>
<status status="PASS" start="2024-03-22T11:11:34.677892" elapsed="0.000465"/>
</kw>
<kw name="Dictionary Should Contain Key" owner="Collections">
<msg time="2024-03-22T11:11:34.678822" level="INFO">False</msg>
<arg>${json_data}</arg>
<arg>results</arg>
<doc>Fails if ``key`` is not found from ``dictionary``.</doc>
<status status="PASS" start="2024-03-22T11:11:34.678654" elapsed="0.000208"/>
</kw>
<status status="PASS" start="2024-03-22T11:11:34.192030" elapsed="0.487090"/>
</kw>
<doc>Testa se a API responde corretamente e retorna um objeto JSON válido.</doc>
<tag>testeRequisicaoBasica</tag>
<status status="PASS" start="2024-03-22T11:11:34.191557" elapsed="0.487815"/>
</test>
<test id="s1-s1-t3" name="Validar estrutura de resposta" line="22">
<kw name="Teste de Estrutura de Resposta" owner="random-user-service">
<kw name="GET On Session" owner="RequestsLibrary">
<msg time="2024-03-22T11:11:34.752152" level="INFO">GET Request : url=https://randomuser.me/api 
 path_url=/api 
 headers={'User-Agent': 'python-requests/2.31.0', 'Accept-Encoding': 'gzip, deflate', 'Accept': '*/*', 'Connection': 'keep-alive'} 
 body=None 
 </msg>
<msg time="2024-03-22T11:11:34.752237" level="INFO">GET Response : url=https://randomuser.me/api 
 status=200, reason=OK 
 headers={'Date': 'Fri, 22 Mar 2024 11:11:34 GMT', 'Content-Type': 'application/json; charset=utf-8', 'Transfer-Encoding': 'chunked', 'Connection': 'keep-alive', 'X-Powered-By': 'Express', 'Access-Control-Allow-Origin': '*', 'Cache-Control': 'no-cache', 'ETag': 'W/"48c-Jl+hSEbuq5rJ0ExJkkeBvKzWtLA"', 'Vary': 'Accept-Encoding', 'Content-Encoding': 'gzip', 'CF-Cache-Status': 'DYNAMIC', 'Report-To': '{"endpoints":[{"url":"https:\\/\\/a.nel.cloudflare.com\\/report\\/v4?s=sZ7rjzlR%2BiR8vTIG2r6Qp7MkLEt87rKbB%2B02Vnf1C9J1CfX9%2Fq4y92gZmfHYcMdeZIe5sBI%2F%2FYVmXMoknpaCy%2BwpSwiW02v7%2BIyLK6pt8NXb9XlOTOcBE31Xi3vdcTg4"}],"group":"cf-nel","max_age":604800}', 'NEL': '{"success_fraction":0,"report_to":"cf-nel","max_age":604800}', 'Server': 'cloudflare', 'CF-RAY': '8685bde1bd1610ed-ORD', 'alt-svc': 'h3=":443"; ma=86400'} 
 body={"results":[{"gender":"female","name":{"title":"Mrs","first":"Maureen","last":"Howell"},"location":{"street":{"number":5549,"name":"E North St"},"city":"Glendale","state":"Illinois","country":"United States","postcode":86326,"coordinates":{"latitude":"83.6835","longitude":"85.3189"},"timezone":{"offset":"-12:00","description":"Eniwetok, Kwajalein"}},"email":"maureen.howell@example.com","login":{"uuid":"a6a08354-d8c9-4c8b-84f0-58ae785bae1f","username":"angrygoose552","password":"venom","salt":"IULUGTbs","md5":"ad3717850040145a2aa50e6fb89acc23","sha1":"38c65d3d324f37c8d2a17269cd6944aa46309bd3","sha256":"be6a8be9d5c1dbb89b8442027ea01b2f9df2426bba14556a5f97cf127d7fceee"},"dob":{"date":"1983-01-12T03:58:57.014Z","age":41},"registered":{"date":"2020-11-08T21:16:05.954Z","age":3},"phone":"(637) 780-9062","cell":"(665) 788-4432","id":{"name":"SSN","value":"157-78-1621"},"picture":{"large":"https://randomuser.me/api/portraits/women/44.jpg","medium":"https://randomuser.me/api/portraits/med/women/44.jpg","thumbnail":"https://randomuser.me/api/portraits/thumb/women/44.jpg"},"nat":"US"}],"info":{"seed":"1f35cf50837e3f2f","results":1,"page":1,"version":"1.4"}} 
 </msg>
<msg time="2024-03-22T11:11:34.752374" level="INFO">/opt/hostedtoolcache/Python/3.12.2/x64/lib/python3.12/site-packages/urllib3/connectionpool.py:1103: InsecureRequestWarning: Unverified HTTPS request is being made to host 'randomuser.me'. Adding certificate verification is strongly advised. See: https://urllib3.readthedocs.io/en/latest/advanced-usage.html#tls-warnings
  warnings.warn(</msg>
<msg time="2024-03-22T11:11:34.752483" level="INFO">${response} = &lt;Response [200]&gt;</msg>
<var>${response}</var>
<arg>consultarAPI</arg>
<arg>/api</arg>
<doc>Sends a GET request on a previously created HTTP Session.</doc>
<status status="PASS" start="2024-03-22T11:11:34.682120" elapsed="0.070398"/>
</kw>
<kw name="Set Variable" owner="BuiltIn">
<msg time="2024-03-22T11:11:34.753479" level="INFO">${json_data} = {'results': [{'gender': 'female', 'name': {'title': 'Mrs', 'first': 'Maureen', 'last': 'Howell'}, 'location': {'street': {'number': 5549, 'name': 'E North St'}, 'city': 'Glendale', 'state': 'Illinois'...</msg>
<var>${json_data}</var>
<arg>${response.json()}</arg>
<doc>Returns the given values which can then be assigned to a variables.</doc>
<status status="PASS" start="2024-03-22T11:11:34.752979" elapsed="0.000528"/>
</kw>
<kw name="Log" owner="BuiltIn">
<msg time="2024-03-22T11:11:34.753978" level="INFO">{'results': [{'gender': 'female', 'name': {'title': 'Mrs', 'first': 'Maureen', 'last': 'Howell'}, 'location': {'street': {'number': 5549, 'name': 'E North St'}, 'city': 'Glendale', 'state': 'Illinois', 'country': 'United States', 'postcode': 86326, 'coordinates': {'latitude': '83.6835', 'longitude': '85.3189'}, 'timezone': {'offset': '-12:00', 'description': 'Eniwetok, Kwajalein'}}, 'email': 'maureen.howell@example.com', 'login': {'uuid': 'a6a08354-d8c9-4c8b-84f0-58ae785bae1f', 'username': 'angrygoose552', 'password': 'venom', 'salt': 'IULUGTbs', 'md5': 'ad3717850040145a2aa50e6fb89acc23', 'sha1': '38c65d3d324f37c8d2a17269cd6944aa46309bd3', 'sha256': 'be6a8be9d5c1dbb89b8442027ea01b2f9df2426bba14556a5f97cf127d7fceee'}, 'dob': {'date': '1983-01-12T03:58:57.014Z', 'age': 41}, 'registered': {'date': '2020-11-08T21:16:05.954Z', 'age': 3}, 'phone': '(637) 780-9062', 'cell': '(665) 788-4432', 'id': {'name': 'SSN', 'value': '157-78-1621'}, 'picture': {'large': 'https://randomuser.me/api/portraits/women/44.jpg', 'medium': 'https://randomuser.me/api/portraits/med/women/44.jpg', 'thumbnail': 'https://randomuser.me/api/portraits/thumb/women/44.jpg'}, 'nat': 'US'}], 'info': {'seed': '1f35cf50837e3f2f', 'results': 1, 'page': 1, 'version': '1.4'}}</msg>
<arg>${json_data}</arg>
<doc>Logs the given message with the given level.</doc>
<status status="PASS" start="2024-03-22T11:11:34.753817" elapsed="0.000208"/>
</kw>
<kw name="Dictionary Should Contain Key" owner="Collections">
<msg time="2024-03-22T11:11:34.754480" level="INFO">False</msg>
<arg>${json_data}</arg>
<arg>results</arg>
<doc>Fails if ``key`` is not found from ``dictionary``.</doc>
<status status="PASS" start="2024-03-22T11:11:34.754323" elapsed="0.000194"/>
</kw>
<kw name="Should Not Be Empty" owner="BuiltIn">
<msg time="2024-03-22T11:11:34.754943" level="INFO">Length is 2.</msg>
<arg>${json_data}</arg>
<doc>Verifies that the given item is not empty.</doc>
<status status="PASS" start="2024-03-22T11:11:34.754811" elapsed="0.000169"/>
</kw>
<kw name="Create List" owner="BuiltIn">
<msg time="2024-03-22T11:11:34.755497" level="INFO">${expected_keys} = ['gender', 'name', 'location', 'email', 'login']</msg>
<var>${expected_keys}</var>
<arg>gender</arg>
<arg>name</arg>
<arg>location</arg>
<arg>email</arg>
<arg>login</arg>
<doc>Returns a list containing given items.</doc>
<status status="PASS" start="2024-03-22T11:11:34.755340" elapsed="0.000181"/>
</kw>
<for flavor="IN">
<iter>
<kw name="Dictionary Should Contain Key" owner="Collections">
<msg time="2024-03-22T11:11:34.756508" level="INFO">False</msg>
<arg>${json_data['results'][0]}</arg>
<arg>${key}</arg>
<doc>Fails if ``key`` is not found from ``dictionary``.</doc>
<status status="PASS" start="2024-03-22T11:11:34.756103" elapsed="0.000445"/>
</kw>
<kw name="Log" owner="BuiltIn">
<msg time="2024-03-22T11:11:34.757221" level="INFO">{'gender': 'female', 'name': {'title': 'Mrs', 'first': 'Maureen', 'last': 'Howell'}, 'location': {'street': {'number': 5549, 'name': 'E North St'}, 'city': 'Glendale', 'state': 'Illinois', 'country': 'United States', 'postcode': 86326, 'coordinates': {'latitude': '83.6835', 'longitude': '85.3189'}, 'timezone': {'offset': '-12:00', 'description': 'Eniwetok, Kwajalein'}}, 'email': 'maureen.howell@example.com', 'login': {'uuid': 'a6a08354-d8c9-4c8b-84f0-58ae785bae1f', 'username': 'angrygoose552', 'password': 'venom', 'salt': 'IULUGTbs', 'md5': 'ad3717850040145a2aa50e6fb89acc23', 'sha1': '38c65d3d324f37c8d2a17269cd6944aa46309bd3', 'sha256': 'be6a8be9d5c1dbb89b8442027ea01b2f9df2426bba14556a5f97cf127d7fceee'}, 'dob': {'date': '1983-01-12T03:58:57.014Z', 'age': 41}, 'registered': {'date': '2020-11-08T21:16:05.954Z', 'age': 3}, 'phone': '(637) 780-9062', 'cell': '(665) 788-4432', 'id': {'name': 'SSN', 'value': '157-78-1621'}, 'picture': {'large': 'https://randomuser.me/api/portraits/women/44.jpg', 'medium': 'https://randomuser.me/api/portraits/med/women/44.jpg', 'thumbnail': 'https://randomuser.me/api/portraits/thumb/women/44.jpg'}, 'nat': 'US'}</msg>
<arg>${json_data['results'][0]}</arg>
<doc>Logs the given message with the given level.</doc>
<status status="PASS" start="2024-03-22T11:11:34.756859" elapsed="0.000417"/>
</kw>
<kw name="Log" owner="BuiltIn">
<msg time="2024-03-22T11:11:34.757715" level="INFO">gender</msg>
<arg>${key}</arg>
<doc>Logs the given message with the given level.</doc>
<status status="PASS" start="2024-03-22T11:11:34.757582" elapsed="0.000172"/>
</kw>
<var name="${key}">gender</var>
<status status="PASS" start="2024-03-22T11:11:34.755979" elapsed="0.001996"/>
</iter>
<iter>
<kw name="Dictionary Should Contain Key" owner="Collections">
<msg time="2024-03-22T11:11:34.758665" level="INFO">False</msg>
<arg>${json_data['results'][0]}</arg>
<arg>${key}</arg>
<doc>Fails if ``key`` is not found from ``dictionary``.</doc>
<status status="PASS" start="2024-03-22T11:11:34.758279" elapsed="0.000424"/>
</kw>
<kw name="Log" owner="BuiltIn">
<msg time="2024-03-22T11:11:34.759422" level="INFO">{'gender': 'female', 'name': {'title': 'Mrs', 'first': 'Maureen', 'last': 'Howell'}, 'location': {'street': {'number': 5549, 'name': 'E North St'}, 'city': 'Glendale', 'state': 'Illinois', 'country': 'United States', 'postcode': 86326, 'coordinates': {'latitude': '83.6835', 'longitude': '85.3189'}, 'timezone': {'offset': '-12:00', 'description': 'Eniwetok, Kwajalein'}}, 'email': 'maureen.howell@example.com', 'login': {'uuid': 'a6a08354-d8c9-4c8b-84f0-58ae785bae1f', 'username': 'angrygoose552', 'password': 'venom', 'salt': 'IULUGTbs', 'md5': 'ad3717850040145a2aa50e6fb89acc23', 'sha1': '38c65d3d324f37c8d2a17269cd6944aa46309bd3', 'sha256': 'be6a8be9d5c1dbb89b8442027ea01b2f9df2426bba14556a5f97cf127d7fceee'}, 'dob': {'date': '1983-01-12T03:58:57.014Z', 'age': 41}, 'registered': {'date': '2020-11-08T21:16:05.954Z', 'age': 3}, 'phone': '(637) 780-9062', 'cell': '(665) 788-4432', 'id': {'name': 'SSN', 'value': '157-78-1621'}, 'picture': {'large': 'https://randomuser.me/api/portraits/women/44.jpg', 'medium': 'https://randomuser.me/api/portraits/med/women/44.jpg', 'thumbnail': 'https://randomuser.me/api/portraits/thumb/women/44.jpg'}, 'nat': 'US'}</msg>
<arg>${json_data['results'][0]}</arg>
<doc>Logs the given message with the given level.</doc>
<status status="PASS" start="2024-03-22T11:11:34.759039" elapsed="0.000431"/>
</kw>
<kw name="Log" owner="BuiltIn">
<msg time="2024-03-22T11:11:34.759905" level="INFO">name</msg>
<arg>${key}</arg>
<doc>Logs the given message with the given level.</doc>
<status status="PASS" start="2024-03-22T11:11:34.759777" elapsed="0.000166"/>
</kw>
<var name="${key}">name</var>
<status status="PASS" start="2024-03-22T11:11:34.758162" elapsed="0.002002"/>
</iter>
<iter>
<kw name="Dictionary Should Contain Key" owner="Collections">
<msg time="2024-03-22T11:11:34.760843" level="INFO">False</msg>
<arg>${json_data['results'][0]}</arg>
<arg>${key}</arg>
<doc>Fails if ``key`` is not found from ``dictionary``.</doc>
<status status="PASS" start="2024-03-22T11:11:34.760457" elapsed="0.000424"/>
</kw>
<kw name="Log" owner="BuiltIn">
<msg time="2024-03-22T11:11:34.761537" level="INFO">{'gender': 'female', 'name': {'title': 'Mrs', 'first': 'Maureen', 'last': 'Howell'}, 'location': {'street': {'number': 5549, 'name': 'E North St'}, 'city': 'Glendale', 'state': 'Illinois', 'country': 'United States', 'postcode': 86326, 'coordinates': {'latitude': '83.6835', 'longitude': '85.3189'}, 'timezone': {'offset': '-12:00', 'description': 'Eniwetok, Kwajalein'}}, 'email': 'maureen.howell@example.com', 'login': {'uuid': 'a6a08354-d8c9-4c8b-84f0-58ae785bae1f', 'username': 'angrygoose552', 'password': 'venom', 'salt': 'IULUGTbs', 'md5': 'ad3717850040145a2aa50e6fb89acc23', 'sha1': '38c65d3d324f37c8d2a17269cd6944aa46309bd3', 'sha256': 'be6a8be9d5c1dbb89b8442027ea01b2f9df2426bba14556a5f97cf127d7fceee'}, 'dob': {'date': '1983-01-12T03:58:57.014Z', 'age': 41}, 'registered': {'date': '2020-11-08T21:16:05.954Z', 'age': 3}, 'phone': '(637) 780-9062', 'cell': '(665) 788-4432', 'id': {'name': 'SSN', 'value': '157-78-1621'}, 'picture': {'large': 'https://randomuser.me/api/portraits/women/44.jpg', 'medium': 'https://randomuser.me/api/portraits/med/women/44.jpg', 'thumbnail': 'https://randomuser.me/api/portraits/thumb/women/44.jpg'}, 'nat': 'US'}</msg>
<arg>${json_data['results'][0]}</arg>
<doc>Logs the given message with the given level.</doc>
<status status="PASS" start="2024-03-22T11:11:34.761181" elapsed="0.000408"/>
</kw>
<kw name="Log" owner="BuiltIn">
<msg time="2024-03-22T11:11:34.762009" level="INFO">location</msg>
<arg>${key}</arg>
<doc>Logs the given message with the given level.</doc>
<status status="PASS" start="2024-03-22T11:11:34.761882" elapsed="0.000164"/>
</kw>
<var name="${key}">location</var>
<status status="PASS" start="2024-03-22T11:11:34.760345" elapsed="0.001913"/>
</iter>
<iter>
<kw name="Dictionary Should Contain Key" owner="Collections">
<msg time="2024-03-22T11:11:34.762918" level="INFO">False</msg>
<arg>${json_data['results'][0]}</arg>
<arg>${key}</arg>
<doc>Fails if ``key`` is not found from ``dictionary``.</doc>
<status status="PASS" start="2024-03-22T11:11:34.762540" elapsed="0.000415"/>
</kw>
<kw name="Log" owner="BuiltIn">
<msg time="2024-03-22T11:11:34.763675" level="INFO">{'gender': 'female', 'name': {'title': 'Mrs', 'first': 'Maureen', 'last': 'Howell'}, 'location': {'street': {'number': 5549, 'name': 'E North St'}, 'city': 'Glendale', 'state': 'Illinois', 'country': 'United States', 'postcode': 86326, 'coordinates': {'latitude': '83.6835', 'longitude': '85.3189'}, 'timezone': {'offset': '-12:00', 'description': 'Eniwetok, Kwajalein'}}, 'email': 'maureen.howell@example.com', 'login': {'uuid': 'a6a08354-d8c9-4c8b-84f0-58ae785bae1f', 'username': 'angrygoose552', 'password': 'venom', 'salt': 'IULUGTbs', 'md5': 'ad3717850040145a2aa50e6fb89acc23', 'sha1': '38c65d3d324f37c8d2a17269cd6944aa46309bd3', 'sha256': 'be6a8be9d5c1dbb89b8442027ea01b2f9df2426bba14556a5f97cf127d7fceee'}, 'dob': {'date': '1983-01-12T03:58:57.014Z', 'age': 41}, 'registered': {'date': '2020-11-08T21:16:05.954Z', 'age': 3}, 'phone': '(637) 780-9062', 'cell': '(665) 788-4432', 'id': {'name': 'SSN', 'value': '157-78-1621'}, 'picture': {'large': 'https://randomuser.me/api/portraits/women/44.jpg', 'medium': 'https://randomuser.me/api/portraits/med/women/44.jpg', 'thumbnail': 'https://randomuser.me/api/portraits/thumb/women/44.jpg'}, 'nat': 'US'}</msg>
<arg>${json_data['results'][0]}</arg>
<doc>Logs the given message with the given level.</doc>
<status status="PASS" start="2024-03-22T11:11:34.763299" elapsed="0.000424"/>
</kw>
<kw name="Log" owner="BuiltIn">
<msg time="2024-03-22T11:11:34.764145" level="INFO">email</msg>
<arg>${key}</arg>
<doc>Logs the given message with the given level.</doc>
<status status="PASS" start="2024-03-22T11:11:34.764017" elapsed="0.000165"/>
</kw>
<var name="${key}">email</var>
<status status="PASS" start="2024-03-22T11:11:34.762431" elapsed="0.001965"/>
</iter>
<iter>
<kw name="Dictionary Should Contain Key" owner="Collections">
<msg time="2024-03-22T11:11:34.765054" level="INFO">False</msg>
<arg>${json_data['results'][0]}</arg>
<arg>${key}</arg>
<doc>Fails if ``key`` is not found from ``dictionary``.</doc>
<status status="PASS" start="2024-03-22T11:11:34.764681" elapsed="0.000410"/>
</kw>
<kw name="Log" owner="BuiltIn">
<msg time="2024-03-22T11:11:34.765745" level="INFO">{'gender': 'female', 'name': {'title': 'Mrs', 'first': 'Maureen', 'last': 'Howell'}, 'location': {'street': {'number': 5549, 'name': 'E North St'}, 'city': 'Glendale', 'state': 'Illinois', 'country': 'United States', 'postcode': 86326, 'coordinates': {'latitude': '83.6835', 'longitude': '85.3189'}, 'timezone': {'offset': '-12:00', 'description': 'Eniwetok, Kwajalein'}}, 'email': 'maureen.howell@example.com', 'login': {'uuid': 'a6a08354-d8c9-4c8b-84f0-58ae785bae1f', 'username': 'angrygoose552', 'password': 'venom', 'salt': 'IULUGTbs', 'md5': 'ad3717850040145a2aa50e6fb89acc23', 'sha1': '38c65d3d324f37c8d2a17269cd6944aa46309bd3', 'sha256': 'be6a8be9d5c1dbb89b8442027ea01b2f9df2426bba14556a5f97cf127d7fceee'}, 'dob': {'date': '1983-01-12T03:58:57.014Z', 'age': 41}, 'registered': {'date': '2020-11-08T21:16:05.954Z', 'age': 3}, 'phone': '(637) 780-9062', 'cell': '(665) 788-4432', 'id': {'name': 'SSN', 'value': '157-78-1621'}, 'picture': {'large': 'https://randomuser.me/api/portraits/women/44.jpg', 'medium': 'https://randomuser.me/api/portraits/med/women/44.jpg', 'thumbnail': 'https://randomuser.me/api/portraits/thumb/women/44.jpg'}, 'nat': 'US'}</msg>
<arg>${json_data['results'][0]}</arg>
<doc>Logs the given message with the given level.</doc>
<status status="PASS" start="2024-03-22T11:11:34.765384" elapsed="0.000407"/>
</kw>
<kw name="Log" owner="BuiltIn">
<msg time="2024-03-22T11:11:34.766208" level="INFO">login</msg>
<arg>${key}</arg>
<doc>Logs the given message with the given level.</doc>
<status status="PASS" start="2024-03-22T11:11:34.766081" elapsed="0.000272"/>
</kw>
<var name="${key}">login</var>
<status status="PASS" start="2024-03-22T11:11:34.764566" elapsed="0.002031"/>
</iter>
<var>${key}</var>
<value>@{expected_keys}</value>
<status status="PASS" start="2024-03-22T11:11:34.755786" elapsed="0.010948"/>
</for>
<kw name="Create List" owner="BuiltIn">
<msg time="2024-03-22T11:11:34.767075" level="INFO">${expected_keysTwo} = ['username', 'password']</msg>
<var>${expected_keysTwo}</var>
<arg>username</arg>
<arg>password</arg>
<doc>Returns a list containing given items.</doc>
<status status="PASS" start="2024-03-22T11:11:34.766937" elapsed="0.000162"/>
</kw>
<for flavor="IN">
<iter>
<kw name="Dictionary Should Contain Key" owner="Collections">
<msg time="2024-03-22T11:11:34.768003" level="INFO">False</msg>
<arg>${json_data['results'][0]['login']}</arg>
<arg>${keyTwo}</arg>
<doc>Fails if ``key`` is not found from ``dictionary``.</doc>
<status status="PASS" start="2024-03-22T11:11:34.767626" elapsed="0.000415"/>
</kw>
<kw name="Dictionary Should Contain Key" owner="Collections">
<msg time="2024-03-22T11:11:34.768722" level="INFO">False</msg>
<arg>${json_data['results'][0]['login']}</arg>
<arg>${keyTwo}</arg>
<doc>Fails if ``key`` is not found from ``dictionary``.</doc>
<status status="PASS" start="2024-03-22T11:11:34.768336" elapsed="0.000424"/>
</kw>
<kw name="Log" owner="BuiltIn">
<msg time="2024-03-22T11:11:34.769181" level="INFO">username</msg>
<arg>${keyTwo}</arg>
<doc>Logs the given message with the given level.</doc>
<status status="PASS" start="2024-03-22T11:11:34.769052" elapsed="0.000166"/>
</kw>
<var name="${keyTwo}">username</var>
<status status="PASS" start="2024-03-22T11:11:34.767515" elapsed="0.001918"/>
</iter>
<iter>
<kw name="Dictionary Should Contain Key" owner="Collections">
<msg time="2024-03-22T11:11:34.770105" level="INFO">False</msg>
<arg>${json_data['results'][0]['login']}</arg>
<arg>${keyTwo}</arg>
<doc>Fails if ``key`` is not found from ``dictionary``.</doc>
<status status="PASS" start="2024-03-22T11:11:34.769717" elapsed="0.000425"/>
</kw>
<kw name="Dictionary Should Contain Key" owner="Collections">
<msg time="2024-03-22T11:11:34.770803" level="INFO">False</msg>
<arg>${json_data['results'][0]['login']}</arg>
<arg>${keyTwo}</arg>
<doc>Fails if ``key`` is not found from ``dictionary``.</doc>
<status status="PASS" start="2024-03-22T11:11:34.770432" elapsed="0.000407"/>
</kw>
<kw name="Log" owner="BuiltIn">
<msg time="2024-03-22T11:11:34.771292" level="INFO">password</msg>
<arg>${keyTwo}</arg>
<doc>Logs the given message with the given level.</doc>
<status status="PASS" start="2024-03-22T11:11:34.771127" elapsed="0.000205"/>
</kw>
<var name="${keyTwo}">password</var>
<status status="PASS" start="2024-03-22T11:11:34.769608" elapsed="0.001947"/>
</iter>
<var>${keyTwo}</var>
<value>@{expected_keysTwo}</value>
<status status="PASS" start="2024-03-22T11:11:34.767362" elapsed="0.004317"/>
</for>
<status status="PASS" start="2024-03-22T11:11:34.681875" elapsed="0.089948"/>
</kw>
<doc>Testa a estrutura da resposta da API.</doc>
<tag>testeEstruturaResposta</tag>
<status status="PASS" start="2024-03-22T11:11:34.681193" elapsed="0.090795"/>
</test>
<test id="s1-s1-t4" name="Validar tipos de dados" line="28">
<kw name="Teste de Tipos de Dados" owner="random-user-service">
<kw name="GET On Session" owner="RequestsLibrary">
<msg time="2024-03-22T11:11:34.831752" level="INFO">GET Request : url=https://randomuser.me/api 
 path_url=/api 
 headers={'User-Agent': 'python-requests/2.31.0', 'Accept-Encoding': 'gzip, deflate', 'Accept': '*/*', 'Connection': 'keep-alive'} 
 body=None 
 </msg>
<msg time="2024-03-22T11:11:34.831855" level="INFO">GET Response : url=https://randomuser.me/api 
 status=200, reason=OK 
 headers={'Date': 'Fri, 22 Mar 2024 11:11:34 GMT', 'Content-Type': 'application/json; charset=utf-8', 'Transfer-Encoding': 'chunked', 'Connection': 'keep-alive', 'X-Powered-By': 'Express', 'Access-Control-Allow-Origin': '*', 'Cache-Control': 'no-cache', 'ETag': 'W/"474-YR15cGbk4/hXi7l9D7ocdZZwg+g"', 'Vary': 'Accept-Encoding', 'Content-Encoding': 'gzip', 'CF-Cache-Status': 'DYNAMIC', 'Report-To': '{"endpoints":[{"url":"https:\\/\\/a.nel.cloudflare.com\\/report\\/v4?s=8yS6MwFOcKu%2FxMuQy6znr7NNwNc8TgdbjupaxOV3zSvUrH%2FOxFibG%2F%2FewRBglFgZWy79uYnb0IYKhbo1%2FtqHH%2F3nBNSC9GGtVo6Dl7%2BTY2d3sMIBHo4OyCxA9U5tcDts"}],"group":"cf-nel","max_age":604800}', 'NEL': '{"success_fraction":0,"report_to":"cf-nel","max_age":604800}', 'Server': 'cloudflare', 'CF-RAY': '8685bde25d8610ed-ORD', 'alt-svc': 'h3=":443"; ma=86400'} 
 body={"results":[{"gender":"male","name":{"title":"Mr","first":"Mustafa","last":"Erginsoy"},"location":{"street":{"number":6393,"name":"Bağdat Cd"},"city":"Edirne","state":"Karaman","country":"Turkey","postcode":46203,"coordinates":{"latitude":"69.7945","longitude":"-150.4100"},"timezone":{"offset":"-8:00","description":"Pacific Time (US &amp; Canada)"}},"email":"mustafa.erginsoy@example.com","login":{"uuid":"b62ad4d6-df35-4da3-87e2-aff0fe9ccff9","username":"whitedog710","password":"jared","salt":"17ox2PlW","md5":"2cdb6a457763f6969624c70dcd252432","sha1":"29508bda893403e08cfc33893b63dde080073b86","sha256":"eff62447fa96c152d671cd23b5b6572c51cf5919e8c73607eaececd5eff059fb"},"dob":{"date":"1998-10-11T19:21:46.961Z","age":25},"registered":{"date":"2021-11-26T15:29:13.690Z","age":2},"phone":"(996)-779-9561","cell":"(187)-774-3872","id":{"name":"","value":null},"picture":{"large":"https://randomuser.me/api/portraits/men/1.jpg","medium":"https://randomuser.me/api/portraits/med/men/1.jpg","thumbnail":"https://randomuser.me/api/portraits/thumb/men/1.jpg"},"nat":"TR"}],"info":{"seed":"d0db49802b64628f","results":1,"page":1,"version":"1.4"}} 
 </msg>
<msg time="2024-03-22T11:11:34.831939" level="INFO">/opt/hostedtoolcache/Python/3.12.2/x64/lib/python3.12/site-packages/urllib3/connectionpool.py:1103: InsecureRequestWarning: Unverified HTTPS request is being made to host 'randomuser.me'. Adding certificate verification is strongly advised. See: https://urllib3.readthedocs.io/en/latest/advanced-usage.html#tls-warnings
  warnings.warn(</msg>
<msg time="2024-03-22T11:11:34.832065" level="INFO">${response} = &lt;Response [200]&gt;</msg>
<var>${response}</var>
<arg>consultarAPI</arg>
<arg>/api</arg>
<doc>Sends a GET request on a previously created HTTP Session.</doc>
<status status="PASS" start="2024-03-22T11:11:34.774488" elapsed="0.057616"/>
</kw>
<kw name="Set Variable" owner="BuiltIn">
<msg time="2024-03-22T11:11:34.833126" level="INFO">${json_data} = {'results': [{'gender': 'male', 'name': {'title': 'Mr', 'first': 'Mustafa', 'last': 'Erginsoy'}, 'location': {'street': {'number': 6393, 'name': 'Bağdat Cd'}, 'city': 'Edirne', 'state': 'Karaman', 'co...</msg>
<var>${json_data}</var>
<arg>${response.json()}</arg>
<doc>Returns the given values which can then be assigned to a variables.</doc>
<status status="PASS" start="2024-03-22T11:11:34.832609" elapsed="0.000548"/>
</kw>
<kw name="Log" owner="BuiltIn">
<msg time="2024-03-22T11:11:34.833634" level="INFO">{'results': [{'gender': 'male', 'name': {'title': 'Mr', 'first': 'Mustafa', 'last': 'Erginsoy'}, 'location': {'street': {'number': 6393, 'name': 'Bağdat Cd'}, 'city': 'Edirne', 'state': 'Karaman', 'country': 'Turkey', 'postcode': 46203, 'coordinates': {'latitude': '69.7945', 'longitude': '-150.4100'}, 'timezone': {'offset': '-8:00', 'description': 'Pacific Time (US &amp; Canada)'}}, 'email': 'mustafa.erginsoy@example.com', 'login': {'uuid': 'b62ad4d6-df35-4da3-87e2-aff0fe9ccff9', 'username': 'whitedog710', 'password': 'jared', 'salt': '17ox2PlW', 'md5': '2cdb6a457763f6969624c70dcd252432', 'sha1': '29508bda893403e08cfc33893b63dde080073b86', 'sha256': 'eff62447fa96c152d671cd23b5b6572c51cf5919e8c73607eaececd5eff059fb'}, 'dob': {'date': '1998-10-11T19:21:46.961Z', 'age': 25}, 'registered': {'date': '2021-11-26T15:29:13.690Z', 'age': 2}, 'phone': '(996)-779-9561', 'cell': '(187)-774-3872', 'id': {'name': '', 'value': None}, 'picture': {'large': 'https://randomuser.me/api/portraits/men/1.jpg', 'medium': 'https://randomuser.me/api/portraits/med/men/1.jpg', 'thumbnail': 'https://randomuser.me/api/portraits/thumb/men/1.jpg'}, 'nat': 'TR'}], 'info': {'seed': 'd0db49802b64628f', 'results': 1, 'page': 1, 'version': '1.4'}}</msg>
<arg>${json_data}</arg>
<doc>Logs the given message with the given level.</doc>
<status status="PASS" start="2024-03-22T11:11:34.833474" elapsed="0.000251"/>
</kw>
<kw name="Should Be String" owner="String">
<arg>${json_data['results'][0]['gender']}</arg>
<doc>Fails if the given ``item`` is not a string.</doc>
<status status="PASS" start="2024-03-22T11:11:34.834032" elapsed="0.000360"/>
</kw>
<kw name="Should Match Regexp" owner="BuiltIn">
<arg>${json_data['results'][0]['email']}</arg>
<arg>^[a-zA-Z0-9._%+-]+@[a-zA-Z0-9.-]+\.[a-zA-Z]{2,}$</arg>
<doc>Fails if ``string`` does not match ``pattern`` as a regular expression.</doc>
<status status="PASS" start="2024-03-22T11:11:34.834586" elapsed="0.000526"/>
</kw>
<kw name="Should Match Regexp" owner="BuiltIn">
<arg>${json_data['results'][0]['dob']['date']}</arg>
<arg>\\d{4}-\\d{2}-\\d{2}T\\d{2}:\\d{2}:\\d{2}\\.\\d{3}Z</arg>
<doc>Fails if ``string`` does not match ``pattern`` as a regular expression.</doc>
<status status="PASS" start="2024-03-22T11:11:34.835372" elapsed="0.000497"/>
</kw>
<kw name="Should Match Regexp" owner="BuiltIn">
<arg>${json_data['results'][0]['registered']['date']}</arg>
<arg>\\d{4}-\\d{2}-\\d{2}T\\d{2}:\\d{2}:\\d{2}\\.\\d{3}Z</arg>
<doc>Fails if ``string`` does not match ``pattern`` as a regular expression.</doc>
<status status="PASS" start="2024-03-22T11:11:34.836062" elapsed="0.000376"/>
</kw>
<kw name="Should Match Regexp" owner="BuiltIn">
<arg>${json_data['results'][0]['picture']['large']}</arg>
<arg>^https?://.*\.(?:png|jpe?g|gif|bmp)$</arg>
<doc>Fails if ``string`` does not match ``pattern`` as a regular expression.</doc>
<status status="PASS" start="2024-03-22T11:11:34.836624" elapsed="0.000461"/>
</kw>
<kw name="Should Match Regexp" owner="BuiltIn">
<arg>${json_data['results'][0]['picture']['medium']}</arg>
<arg>^https?://.*\.(?:png|jpe?g|gif|bmp)$</arg>
<doc>Fails if ``string`` does not match ``pattern`` as a regular expression.</doc>
<status status="PASS" start="2024-03-22T11:11:34.837274" elapsed="0.000360"/>
</kw>
<kw name="Should Match Regexp" owner="BuiltIn">
<arg>${json_data['results'][0]['picture']['thumbnail']}</arg>
<arg>^https?://.*\.(?:png|jpe?g|gif|bmp)$</arg>
<doc>Fails if ``string`` does not match ``pattern`` as a regular expression.</doc>
<status status="PASS" start="2024-03-22T11:11:34.837819" elapsed="0.000346"/>
</kw>
<kw name="Log" owner="BuiltIn">
<msg time="2024-03-22T11:11:34.838675" level="INFO">{'large': 'https://randomuser.me/api/portraits/men/1.jpg', 'medium': 'https://randomuser.me/api/portraits/med/men/1.jpg', 'thumbnail': 'https://randomuser.me/api/portraits/thumb/men/1.jpg'}</msg>
<arg>${json_data['results'][0]['picture']}</arg>
<doc>Logs the given message with the given level.</doc>
<status status="PASS" start="2024-03-22T11:11:34.838346" elapsed="0.000376"/>
</kw>
<status status="PASS" start="2024-03-22T11:11:34.774250" elapsed="0.064741"/>
</kw>
<kw name="Teste de Tipos de Dados - Postcode" owner="random-user-service">
<kw name="GET On Session" owner="RequestsLibrary">
<msg time="2024-03-22T11:11:34.920850" level="INFO">GET Request : url=https://randomuser.me/api 
 path_url=/api 
 headers={'User-Agent': 'python-requests/2.31.0', 'Accept-Encoding': 'gzip, deflate', 'Accept': '*/*', 'Connection': 'keep-alive'} 
 body=None 
 </msg>
<msg time="2024-03-22T11:11:34.920963" level="INFO">GET Response : url=https://randomuser.me/api 
 status=200, reason=OK 
 headers={'Date': 'Fri, 22 Mar 2024 11:11:34 GMT', 'Content-Type': 'application/json; charset=utf-8', 'Transfer-Encoding': 'chunked', 'Connection': 'keep-alive', 'X-Powered-By': 'Express', 'Access-Control-Allow-Origin': '*', 'Cache-Control': 'no-cache', 'ETag': 'W/"478-vkM6XXU9SXLfT9/0cHnoEdceEGo"', 'Vary': 'Accept-Encoding', 'Content-Encoding': 'gzip', 'CF-Cache-Status': 'DYNAMIC', 'Report-To': '{"endpoints":[{"url":"https:\\/\\/a.nel.cloudflare.com\\/report\\/v4?s=Cj3Q8NtYaumAti7DOHuP19gudsHxuUtn%2BIXjQ7soaIZtb6wXygkCfpxi3xONq3%2BvEM9gD0e6dY30F5MY7GrgcKtjiQWUkQAtXIsFZ7APiWOMJyWm6T2LUZd1OHoxENs6"}],"group":"cf-nel","max_age":604800}', 'NEL': '{"success_fraction":0,"report_to":"cf-nel","max_age":604800}', 'Server': 'cloudflare', 'CF-RAY': '8685bde2bdda10ed-ORD', 'alt-svc': 'h3=":443"; ma=86400'} 
 body={"results":[{"gender":"female","name":{"title":"Miss","first":"Frances","last":"King"},"location":{"street":{"number":7573,"name":"Miller Ave"},"city":"Phoenix","state":"Alaska","country":"United States","postcode":33797,"coordinates":{"latitude":"86.3077","longitude":"155.2161"},"timezone":{"offset":"+3:30","description":"Tehran"}},"email":"frances.king@example.com","login":{"uuid":"5749c8a0-47bf-44cd-b812-7fdbd9eed09c","username":"blackkoala973","password":"army","salt":"DU9sVZpH","md5":"c899b2ea6815b738c72ba16625185ed6","sha1":"16b1e56a0240a805b2f97a3f52837cee13167c1d","sha256":"d89425f20780bcb9b72a27bb4ecb3cab4ea94bbca0f0d5470e618e18b37a9f51"},"dob":{"date":"1994-02-15T03:33:32.294Z","age":30},"registered":{"date":"2016-07-10T04:19:31.212Z","age":7},"phone":"(698) 806-7597","cell":"(417) 250-9642","id":{"name":"SSN","value":"524-62-1956"},"picture":{"large":"https://randomuser.me/api/portraits/women/82.jpg","medium":"https://randomuser.me/api/portraits/med/women/82.jpg","thumbnail":"https://randomuser.me/api/portraits/thumb/women/82.jpg"},"nat":"US"}],"info":{"seed":"8c0c3e6dc9ff8984","results":1,"page":1,"version":"1.4"}} 
 </msg>
<msg time="2024-03-22T11:11:34.921064" level="INFO">/opt/hostedtoolcache/Python/3.12.2/x64/lib/python3.12/site-packages/urllib3/connectionpool.py:1103: InsecureRequestWarning: Unverified HTTPS request is being made to host 'randomuser.me'. Adding certificate verification is strongly advised. See: https://urllib3.readthedocs.io/en/latest/advanced-usage.html#tls-warnings
  warnings.warn(</msg>
<msg time="2024-03-22T11:11:34.921202" level="INFO">${response} = &lt;Response [200]&gt;</msg>
<var>${response}</var>
<arg>consultarAPI</arg>
<arg>/api</arg>
<doc>Sends a GET request on a previously created HTTP Session.</doc>
<status status="PASS" start="2024-03-22T11:11:34.839641" elapsed="0.081607"/>
</kw>
<kw name="Set Variable" owner="BuiltIn">
<msg time="2024-03-22T11:11:34.922308" level="INFO">${json_data} = {'results': [{'gender': 'female', 'name': {'title': 'Miss', 'first': 'Frances', 'last': 'King'}, 'location': {'street': {'number': 7573, 'name': 'Miller Ave'}, 'city': 'Phoenix', 'state': 'Alaska', 'c...</msg>
<var>${json_data}</var>
<arg>${response.json()}</arg>
<doc>Returns the given values which can then be assigned to a variables.</doc>
<status status="PASS" start="2024-03-22T11:11:34.921795" elapsed="0.000540"/>
</kw>
<kw name="Log" owner="BuiltIn">
<msg time="2024-03-22T11:11:34.922857" level="INFO">{'results': [{'gender': 'female', 'name': {'title': 'Miss', 'first': 'Frances', 'last': 'King'}, 'location': {'street': {'number': 7573, 'name': 'Miller Ave'}, 'city': 'Phoenix', 'state': 'Alaska', 'country': 'United States', 'postcode': 33797, 'coordinates': {'latitude': '86.3077', 'longitude': '155.2161'}, 'timezone': {'offset': '+3:30', 'description': 'Tehran'}}, 'email': 'frances.king@example.com', 'login': {'uuid': '5749c8a0-47bf-44cd-b812-7fdbd9eed09c', 'username': 'blackkoala973', 'password': 'army', 'salt': 'DU9sVZpH', 'md5': 'c899b2ea6815b738c72ba16625185ed6', 'sha1': '16b1e56a0240a805b2f97a3f52837cee13167c1d', 'sha256': 'd89425f20780bcb9b72a27bb4ecb3cab4ea94bbca0f0d5470e618e18b37a9f51'}, 'dob': {'date': '1994-02-15T03:33:32.294Z', 'age': 30}, 'registered': {'date': '2016-07-10T04:19:31.212Z', 'age': 7}, 'phone': '(698) 806-7597', 'cell': '(417) 250-9642', 'id': {'name': 'SSN', 'value': '524-62-1956'}, 'picture': {'large': 'https://randomuser.me/api/portraits/women/82.jpg', 'medium': 'https://randomuser.me/api/portraits/med/women/82.jpg', 'thumbnail': 'https://randomuser.me/api/portraits/thumb/women/82.jpg'}, 'nat': 'US'}], 'info': {'seed': '8c0c3e6dc9ff8984', 'results': 1, 'page': 1, 'version': '1.4'}}</msg>
<arg>${json_data}</arg>
<doc>Logs the given message with the given level.</doc>
<status status="PASS" start="2024-03-22T11:11:34.922691" elapsed="0.000248"/>
</kw>
<kw name="Should Be Equal As Numbers" owner="BuiltIn">
<arg>${json_data['results'][0]['location']['postcode']}</arg>
<arg>${json_data['results'][0]['location']['postcode']}</arg>
<doc>Fails if objects are unequal after converting them to real numbers.</doc>
<status status="PASS" start="2024-03-22T11:11:34.923291" elapsed="0.000637"/>
</kw>
<kw name="Log" owner="BuiltIn">
<msg time="2024-03-22T11:11:34.924456" level="INFO">33797</msg>
<arg>${json_data['results'][0]['location']['postcode']}</arg>
<doc>Logs the given message with the given level.</doc>
<status status="PASS" start="2024-03-22T11:11:34.924121" elapsed="0.000375"/>
</kw>
<status status="PASS" start="2024-03-22T11:11:34.839244" elapsed="0.085509"/>
</kw>
<doc>Testa se os tipos de dados na resposta da API estão corretos.</doc>
<tag>testeTiposDados</tag>
<status status="PASS" start="2024-03-22T11:11:34.773784" elapsed="0.151147"/>
</test>
<test id="s1-s1-t5" name="Validar conteudo" line="35">
<kw name="Teste de Tipos de Conteudo" owner="random-user-service">
<kw name="GET On Session" owner="RequestsLibrary">
<msg time="2024-03-22T11:11:35.021103" level="INFO">GET Request : url=https://randomuser.me/api 
 path_url=/api 
 headers={'User-Agent': 'python-requests/2.31.0', 'Accept-Encoding': 'gzip, deflate', 'Accept': '*/*', 'Connection': 'keep-alive'} 
 body=None 
 </msg>
<msg time="2024-03-22T11:11:35.021217" level="INFO">GET Response : url=https://randomuser.me/api 
 status=200, reason=OK 
 headers={'Date': 'Fri, 22 Mar 2024 11:11:35 GMT', 'Content-Type': 'application/json; charset=utf-8', 'Transfer-Encoding': 'chunked', 'Connection': 'keep-alive', 'X-Powered-By': 'Express', 'Access-Control-Allow-Origin': '*', 'Cache-Control': 'no-cache', 'ETag': 'W/"4a3-jg9hL6VLEcaeNT5BFZT2SuCNwi4"', 'Vary': 'Accept-Encoding', 'Content-Encoding': 'gzip', 'CF-Cache-Status': 'DYNAMIC', 'Report-To': '{"endpoints":[{"url":"https:\\/\\/a.nel.cloudflare.com\\/report\\/v4?s=4YnMJPIfvEwb13jbox1P4Tj%2FpEJENnmFeSuQJFOtlxXEg9O%2BHRO%2FwUX86A1uzrCwJITKG4MWAL6NZgHQGsoztaIh%2BrL986RKShGL7qOiXBD0veS7h9wOoNRsmlLMJ6uK"}],"group":"cf-nel","max_age":604800}', 'NEL': '{"success_fraction":0,"report_to":"cf-nel","max_age":604800}', 'Server': 'cloudflare', 'CF-RAY': '8685bde34e5a10ed-ORD', 'alt-svc': 'h3=":443"; ma=86400'} 
 body={"results":[{"gender":"female","name":{"title":"Miss","first":"Grishma","last":"Nayak"},"location":{"street":{"number":3717,"name":"Sao Tome Old Quarter"},"city":"Uluberia","state":"Himachal Pradesh","country":"India","postcode":70257,"coordinates":{"latitude":"12.2649","longitude":"104.9394"},"timezone":{"offset":"+3:00","description":"Baghdad, Riyadh, Moscow, St. Petersburg"}},"email":"grishma.nayak@example.com","login":{"uuid":"39485df5-ad6e-4e8f-815a-d8dff3f98daa","username":"redsnake599","password":"fenris","salt":"ZA64I7sg","md5":"e99b4924a87aff195eb5bd3d228e92e8","sha1":"934856251a60fafd1985c0cec7dc6560390672bd","sha256":"e5c589c69dc51700ee890522d8c7d295215e728b996e898338505dc594000e7e"},"dob":{"date":"1990-11-21T17:53:59.369Z","age":33},"registered":{"date":"2022-04-03T19:23:26.387Z","age":1},"phone":"7955866546","cell":"9611151064","id":{"name":"UIDAI","value":"165976290900"},"picture":{"large":"https://randomuser.me/api/portraits/women/95.jpg","medium":"https://randomuser.me/api/portraits/med/women/95.jpg","thumbnail":"https://randomuser.me/api/portraits/thumb/women/95.jpg"},"nat":"IN"}],"info":{"seed":"7fee623de4400dbb","results":1,"page":1,"version":"1.4"}} 
 </msg>
<msg time="2024-03-22T11:11:35.021297" level="INFO">/opt/hostedtoolcache/Python/3.12.2/x64/lib/python3.12/site-packages/urllib3/connectionpool.py:1103: InsecureRequestWarning: Unverified HTTPS request is being made to host 'randomuser.me'. Adding certificate verification is strongly advised. See: https://urllib3.readthedocs.io/en/latest/advanced-usage.html#tls-warnings
  warnings.warn(</msg>
<msg time="2024-03-22T11:11:35.021440" level="INFO">${response} = &lt;Response [200]&gt;</msg>
<var>${response}</var>
<arg>consultarAPI</arg>
<arg>/api</arg>
<doc>Sends a GET request on a previously created HTTP Session.</doc>
<status status="PASS" start="2024-03-22T11:11:34.927804" elapsed="0.093677"/>
</kw>
<kw name="Set Variable" owner="BuiltIn">
<msg time="2024-03-22T11:11:35.022536" level="INFO">${json_data} = {'results': [{'gender': 'female', 'name': {'title': 'Miss', 'first': 'Grishma', 'last': 'Nayak'}, 'location': {'street': {'number': 3717, 'name': 'Sao Tome Old Quarter'}, 'city': 'Uluberia', 'state': ...</msg>
<var>${json_data}</var>
<arg>${response.json()}</arg>
<doc>Returns the given values which can then be assigned to a variables.</doc>
<status status="PASS" start="2024-03-22T11:11:35.022024" elapsed="0.000542"/>
</kw>
<kw name="Set Variable" owner="BuiltIn">
<msg time="2024-03-22T11:11:35.023326" level="INFO">${name_title} = Miss</msg>
<var>${name_title}</var>
<arg>${json_data["results"][0]["name"]["title"]}</arg>
<doc>Returns the given values which can then be assigned to a variables.</doc>
<status status="PASS" start="2024-03-22T11:11:35.022878" elapsed="0.000475"/>
</kw>
<kw name="Create List" owner="BuiltIn">
<msg time="2024-03-22T11:11:35.023816" level="INFO">${allowed_titles} = ['Mr', 'Ms', 'Miss', 'Mrs', 'Madame', 'Monsieur']</msg>
<var>${allowed_titles}</var>
<arg>Mr</arg>
<arg>Ms</arg>
<arg>Miss</arg>
<arg>Mrs</arg>
<arg>Madame</arg>
<arg>Monsieur</arg>
<doc>Returns a list containing given items.</doc>
<status status="PASS" start="2024-03-22T11:11:35.023664" elapsed="0.000177"/>
</kw>
<kw name="List Should Contain Value" owner="Collections">
<msg time="2024-03-22T11:11:35.024340" level="INFO">False</msg>
<arg>${allowed_titles}</arg>
<arg>${name_title}</arg>
<doc>Fails if the ``value`` is not found from ``list``.</doc>
<status status="PASS" start="2024-03-22T11:11:35.024159" elapsed="0.000219"/>
</kw>
<kw name="Set Variable" owner="BuiltIn">
<msg time="2024-03-22T11:11:35.025063" level="INFO">${name_country} = IN</msg>
<var>${name_country}</var>
<arg>${json_data["results"][0]["nat"]}</arg>
<doc>Returns the given values which can then be assigned to a variables.</doc>
<status status="PASS" start="2024-03-22T11:11:35.024694" elapsed="0.000395"/>
</kw>
<kw name="Create List" owner="BuiltIn">
<msg time="2024-03-22T11:11:35.025996" level="INFO">${list_country} = ['AD', 'AE', 'AF', 'AG', 'AI', 'AL', 'AM', 'AO', 'AQ', 'AR', 'AS', 'AT', 'AU', 'AW', 'AX', 'AZ', 'BA', 'BB', 'BD', 'BE', 'BF', 'BG', 'BH', 'BI', 'BJ', 'BL', 'BM', 'BN', 'BO', 'BQ', 'BR', 'BS', 'BT', '...</msg>
<var>${list_country}</var>
<arg>AD</arg>
<arg>AE</arg>
<arg>AF</arg>
<arg>AG</arg>
<arg>AI</arg>
<arg>AL</arg>
<arg>AM</arg>
<arg>AO</arg>
<arg>AQ</arg>
<arg>AR</arg>
<arg>AS</arg>
<arg>AT</arg>
<arg>AU</arg>
<arg>AW</arg>
<arg>AX</arg>
<arg>AZ</arg>
<arg>BA</arg>
<arg>BB</arg>
<arg>BD</arg>
<arg>BE</arg>
<arg>BF</arg>
<arg>BG</arg>
<arg>BH</arg>
<arg>BI</arg>
<arg>BJ</arg>
<arg>BL</arg>
<arg>BM</arg>
<arg>BN</arg>
<arg>BO</arg>
<arg>BQ</arg>
<arg>BR</arg>
<arg>BS</arg>
<arg>BT</arg>
<arg>BV</arg>
<arg>BW</arg>
<arg>BY</arg>
<arg>BZ</arg>
<arg>CA</arg>
<arg>CC</arg>
<arg>CD</arg>
<arg>CF</arg>
<arg>CG</arg>
<arg>CH</arg>
<arg>CI</arg>
<arg>CK</arg>
<arg>CL</arg>
<arg>CM</arg>
<arg>CN</arg>
<arg>CO</arg>
<arg>CR</arg>
<arg>CU</arg>
<arg>CV</arg>
<arg>CW</arg>
<arg>CX</arg>
<arg>CY</arg>
<arg>CZ</arg>
<arg>DE</arg>
<arg>DJ</arg>
<arg>DK</arg>
<arg>DM</arg>
<arg>DO</arg>
<arg>DZ</arg>
<arg>EC</arg>
<arg>EE</arg>
<arg>EG</arg>
<arg>EH</arg>
<arg>ER</arg>
<arg>ES</arg>
<arg>ET</arg>
<arg>FI</arg>
<arg>FJ</arg>
<arg>FK</arg>
<arg>FM</arg>
<arg>FO</arg>
<arg>FR</arg>
<arg>GA</arg>
<arg>GB</arg>
<arg>GD</arg>
<arg>GE</arg>
<arg>GF</arg>
<arg>GG</arg>
<arg>GH</arg>
<arg>GI</arg>
<arg>GL</arg>
<arg>GM</arg>
<arg>GN</arg>
<arg>GP</arg>
<arg>GQ</arg>
<arg>GR</arg>
<arg>GS</arg>
<arg>GT</arg>
<arg>GU</arg>
<arg>GW</arg>
<arg>GY</arg>
<arg>HK</arg>
<arg>HM</arg>
<arg>HN</arg>
<arg>HR</arg>
<arg>HT</arg>
<arg>HU</arg>
<arg>ID</arg>
<arg>IE</arg>
<arg>IL</arg>
<arg>IM</arg>
<arg>IN</arg>
<arg>IO</arg>
<arg>IQ</arg>
<arg>IR</arg>
<arg>IS</arg>
<arg>IT</arg>
<arg>JE</arg>
<arg>JM</arg>
<arg>JO</arg>
<arg>JP</arg>
<arg>KE</arg>
<arg>KG</arg>
<arg>KH</arg>
<arg>KI</arg>
<arg>KM</arg>
<arg>KN</arg>
<arg>KP</arg>
<arg>KR</arg>
<arg>KW</arg>
<arg>KY</arg>
<arg>KZ</arg>
<arg>LA</arg>
<arg>LB</arg>
<arg>LC</arg>
<arg>LI</arg>
<arg>LK</arg>
<arg>LR</arg>
<arg>LS</arg>
<arg>LT</arg>
<arg>LU</arg>
<arg>LV</arg>
<arg>LY</arg>
<arg>MA</arg>
<arg>MC</arg>
<arg>MD</arg>
<arg>ME</arg>
<arg>MF</arg>
<arg>MG</arg>
<arg>MH</arg>
<arg>MK</arg>
<arg>ML</arg>
<arg>MM</arg>
<arg>MN</arg>
<arg>MO</arg>
<arg>MP</arg>
<arg>MQ</arg>
<arg>MR</arg>
<arg>MS</arg>
<arg>MT</arg>
<arg>MU</arg>
<arg>MV</arg>
<arg>MW</arg>
<arg>MX</arg>
<arg>MY</arg>
<arg>MZ</arg>
<arg>NA</arg>
<arg>NC</arg>
<arg>NE</arg>
<arg>NF</arg>
<arg>NG</arg>
<arg>NI</arg>
<arg>NL</arg>
<arg>NO</arg>
<arg>NP</arg>
<arg>NR</arg>
<arg>NU</arg>
<arg>NZ</arg>
<arg>OM</arg>
<arg>PA</arg>
<arg>PE</arg>
<arg>PF</arg>
<arg>PG</arg>
<arg>PH</arg>
<arg>PK</arg>
<arg>PL</arg>
<arg>PM</arg>
<arg>PN</arg>
<arg>PR</arg>
<arg>PS</arg>
<arg>PT</arg>
<arg>PW</arg>
<arg>PY</arg>
<arg>QA</arg>
<arg>RE</arg>
<arg>RO</arg>
<arg>RS</arg>
<arg>RU</arg>
<arg>RW</arg>
<arg>SA</arg>
<arg>SB</arg>
<arg>SC</arg>
<arg>SD</arg>
<arg>SE</arg>
<arg>SG</arg>
<arg>SH</arg>
<arg>SI</arg>
<arg>SJ</arg>
<arg>SK</arg>
<arg>SL</arg>
<arg>SM</arg>
<arg>SN</arg>
<arg>SO</arg>
<arg>SR</arg>
<arg>SS</arg>
<arg>ST</arg>
<arg>SV</arg>
<arg>SX</arg>
<arg>SY</arg>
<arg>SZ</arg>
<arg>TC</arg>
<arg>TD</arg>
<arg>TF</arg>
<arg>TG</arg>
<arg>TH</arg>
<arg>TJ</arg>
<arg>TK</arg>
<arg>TL</arg>
<arg>TM</arg>
<arg>TN</arg>
<arg>TO</arg>
<arg>TR</arg>
<arg>TT</arg>
<arg>TV</arg>
<arg>TW</arg>
<arg>TZ</arg>
<arg>UA</arg>
<arg>UG</arg>
<arg>UM</arg>
<arg>US</arg>
<arg>UY</arg>
<arg>UZ</arg>
<arg>VA</arg>
<arg>VC</arg>
<arg>VE</arg>
<arg>VG</arg>
<arg>VI</arg>
<arg>VN</arg>
<arg>VU</arg>
<arg>WF</arg>
<arg>WS</arg>
<arg>XK</arg>
<arg>YE</arg>
<arg>YT</arg>
<arg>ZA</arg>
<arg>ZM</arg>
<arg>ZW</arg>
<doc>Returns a list containing given items.</doc>
<status status="PASS" start="2024-03-22T11:11:35.025396" elapsed="0.000625"/>
</kw>
<kw name="List Should Contain Value" owner="Collections">
<msg time="2024-03-22T11:11:35.027162" level="INFO">False</msg>
<arg>${list_country}</arg>
<arg>${name_country}</arg>
<doc>Fails if the ``value`` is not found from ``list``.</doc>
<status status="PASS" start="2024-03-22T11:11:35.026959" elapsed="0.000264"/>
</kw>
<kw name="Run Keyword If" owner="BuiltIn">
<kw name="Should Be True" owner="BuiltIn">
<arg>${True}</arg>
<doc>Fails if the given condition is not true.</doc>
<status status="PASS" start="2024-03-22T11:11:35.028328" elapsed="0.000149"/>
</kw>
<arg>${json_data["results"][0]["location"]["coordinates"]["latitude"]} &gt;= -90 and ${json_data["results"][0]["location"]["coordinates"]["latitude"]} &lt;= 90</arg>
<arg>Should Be True</arg>
<arg>${True}</arg>
<doc>Runs the given keyword with the given arguments, if ``condition`` is true.</doc>
<status status="PASS" start="2024-03-22T11:11:35.027554" elapsed="0.001051"/>
</kw>
<kw name="Run Keyword If" owner="BuiltIn">
<kw name="Should Be True" owner="BuiltIn">
<arg>${True}</arg>
<doc>Fails if the given condition is not true.</doc>
<status status="PASS" start="2024-03-22T11:11:35.029502" elapsed="0.000139"/>
</kw>
<arg>${json_data["results"][0]["location"]["coordinates"]["longitude"]} &gt;= -180 and ${json_data["results"][0]["location"]["coordinates"]["longitude"]} &lt;= 180</arg>
<arg>Should Be True</arg>
<arg>${True}</arg>
<doc>Runs the given keyword with the given arguments, if ``condition`` is true.</doc>
<status status="PASS" start="2024-03-22T11:11:35.028792" elapsed="0.000975"/>
</kw>
<status status="PASS" start="2024-03-22T11:11:34.927416" elapsed="0.102482"/>
</kw>
<doc>Testa o conteúdo específico dos campos retornados pela API.</doc>
<tag>testeConteudo</tag>
<status status="PASS" start="2024-03-22T11:11:34.926698" elapsed="0.103358"/>
</test>
<status status="PASS" start="2024-03-22T11:11:33.842186" elapsed="1.189858"/>
</suite>
<status status="PASS" start="2024-03-22T11:11:33.828154" elapsed="1.209216"/>
</suite>
<statistics>
<total>
<stat pass="5" fail="0" skip="0">All Tests</stat>
</total>
<tag>
<stat pass="1" fail="0" skip="0">testeConteudo</stat>
<stat pass="1" fail="0" skip="0">testeEstruturaResposta</stat>
<stat pass="1" fail="0" skip="0">testeRequisicaoBasica</stat>
<stat pass="1" fail="0" skip="0">testeTiposDados</stat>
</tag>
<suite>
<stat pass="5" fail="0" skip="0" id="s1" name="Tests">Tests</stat>
<stat pass="5" fail="0" skip="0" id="s1-s1" name="Random-User-Test">Tests.Random-User-Test</stat>
</suite>
</statistics>
<errors>
</errors>
</robot>
