<?xml version="1.0" encoding="UTF-8"?>
<robot generator="Robot 7.0 (Python 3.12.2 on linux)" generated="2024-04-15T23:13:15.140779" rpa="false" schemaversion="5">
<suite id="s1" name="Tests" source="/home/runner/work/DesafioQAItauRogerioJordao/DesafioQAItauRogerioJordao/RamdonUser/tests">
<suite id="s1-s1" name="Random-User-Test" source="/home/runner/work/DesafioQAItauRogerioJordao/DesafioQAItauRogerioJordao/RamdonUser/tests/random-user-test.robot">
<test id="s1-s1-t1" name="Conectar" line="13">
<kw name="Conectar API" owner="random-user-service">
<kw name="Create Session" owner="RequestsLibrary">
<msg time="2024-04-15T23:13:15.492618" level="INFO">Creating Session using : alias=consultarAPI, url=https://randomuser.me/, headers={},                     cookies={}, auth=None, timeout=None, proxies=None, verify=False,                     debug=0 </msg>
<arg>consultarAPI</arg>
<arg>${URL}</arg>
<doc>Create Session: create a HTTP session to a server</doc>
<status status="PASS" start="2024-04-15T23:13:15.492407" elapsed="0.000387"/>
</kw>
<status status="PASS" start="2024-04-15T23:13:15.491489" elapsed="0.001646"/>
</kw>
<status status="PASS" start="2024-04-15T23:13:15.490884" elapsed="0.002503"/>
</test>
<test id="s1-s1-t2" name="Validar retorno 200 e JSON Válido" line="16">
<kw name="Teste de Requisicao Basica" owner="random-user-service">
<kw name="GET On Session" owner="RequestsLibrary">
<msg time="2024-04-15T23:13:15.612635" level="INFO">GET Request : url=https://randomuser.me/api 
 path_url=/api 
 headers={'User-Agent': 'python-requests/2.31.0', 'Accept-Encoding': 'gzip, deflate', 'Accept': '*/*', 'Connection': 'keep-alive'} 
 body=None 
 </msg>
<msg time="2024-04-15T23:13:15.612748" level="INFO">GET Response : url=https://randomuser.me/api 
 status=200, reason=OK 
 headers={'Date': 'Mon, 15 Apr 2024 23:13:15 GMT', 'Content-Type': 'application/json; charset=utf-8', 'Transfer-Encoding': 'chunked', 'Connection': 'keep-alive', 'X-Powered-By': 'Express', 'Access-Control-Allow-Origin': '*', 'Cache-Control': 'no-cache', 'ETag': 'W/"485-yVZXE38HWXNUDtE343CCIjhmaHs"', 'Vary': 'Accept-Encoding', 'Content-Encoding': 'gzip', 'CF-Cache-Status': 'DYNAMIC', 'Report-To': '{"endpoints":[{"url":"https:\\/\\/a.nel.cloudflare.com\\/report\\/v4?s=Sed%2Fi8N1IXeMQ6ThYIR4UFCEDrJkRfcHVQNJ%2BkJJaooUl%2FCYwFYRjCs1uBDTfOjF%2B1wIyN%2FZEOxfxNf%2Fsi%2FwZkZIpryNts3SiyPug%2BqczVs8wR4TwtVwAXWfX7VM3iTJ"}],"group":"cf-nel","max_age":604800}', 'NEL': '{"success_fraction":0,"report_to":"cf-nel","max_age":604800}', 'Server': 'cloudflare', 'CF-RAY': '874fa0080c3d270e-SJC', 'alt-svc': 'h3=":443"; ma=86400'} 
 body={"results":[{"gender":"male","name":{"title":"Mr","first":"Nascimento","last":"Moreira"},"location":{"street":{"number":9679,"name":"Rua Treze "},"city":"Bagé","state":"Tocantins","country":"Brazil","postcode":53964,"coordinates":{"latitude":"-74.9714","longitude":"-31.7800"},"timezone":{"offset":"-3:30","description":"Newfoundland"}},"email":"nascimento.moreira@example.com","login":{"uuid":"ba4fd1f7-c7e4-4108-8caa-e006ff3bb541","username":"purpleostrich919","password":"samsung","salt":"XE4reaIH","md5":"2743a3388766dfe178562c61e28b515b","sha1":"c1cc00360497b62b1237c4f68f53f119164fe9af","sha256":"b2954079ce23302da0ac0f6af8f1c9f4fac0377ae4445c044cc8e4ed3a149049"},"dob":{"date":"1944-11-03T16:46:59.451Z","age":79},"registered":{"date":"2002-07-20T22:23:39.670Z","age":21},"phone":"(99) 2763-3023","cell":"(87) 7564-4361","id":{"name":"CPF","value":"757.648.688-58"},"picture":{"large":"https://randomuser.me/api/portraits/men/43.jpg","medium":"https://randomuser.me/api/portraits/med/men/43.jpg","thumbnail":"https://randomuser.me/api/portraits/thumb/men/43.jpg"},"nat":"BR"}],"info":{"seed":"0dc17f1f29d6bfee","results":1,"page":1,"version":"1.4"}} 
 </msg>
<msg time="2024-04-15T23:13:15.612826" level="INFO">/opt/hostedtoolcache/Python/3.12.2/x64/lib/python3.12/site-packages/urllib3/connectionpool.py:1103: InsecureRequestWarning: Unverified HTTPS request is being made to host 'randomuser.me'. Adding certificate verification is strongly advised. See: https://urllib3.readthedocs.io/en/latest/advanced-usage.html#tls-warnings
  warnings.warn(</msg>
<msg time="2024-04-15T23:13:15.612947" level="INFO">${response} = &lt;Response [200]&gt;</msg>
<var>${response}</var>
<arg>consultarAPI</arg>
<arg>/api</arg>
<doc>Sends a GET request on a previously created HTTP Session.</doc>
<status status="PASS" start="2024-04-15T23:13:15.496047" elapsed="0.116941"/>
</kw>
<kw name="Should Be Equal As Numbers" owner="BuiltIn">
<msg time="2024-04-15T23:13:15.614006" level="INFO">Argument types are:
&lt;class 'int'&gt;
&lt;class 'str'&gt;</msg>
<arg>${response.status_code}</arg>
<arg>200</arg>
<doc>Fails if objects are unequal after converting them to real numbers.</doc>
<status status="PASS" start="2024-04-15T23:13:15.613526" elapsed="0.000546"/>
</kw>
<kw name="Log" owner="BuiltIn">
<msg time="2024-04-15T23:13:15.614747" level="INFO">200</msg>
<arg>${response.status_code}</arg>
<doc>Logs the given message with the given level.</doc>
<status status="PASS" start="2024-04-15T23:13:15.614391" elapsed="0.000400"/>
</kw>
<kw name="Set Variable" owner="BuiltIn">
<msg time="2024-04-15T23:13:15.615590" level="INFO">${json_data} = {'results': [{'gender': 'male', 'name': {'title': 'Mr', 'first': 'Nascimento', 'last': 'Moreira'}, 'location': {'street': {'number': 9679, 'name': 'Rua Treze '}, 'city': 'Bagé', 'state': 'Tocantins', ...</msg>
<var>${json_data}</var>
<arg>${response.json()}</arg>
<doc>Returns the given values which can then be assigned to a variables.</doc>
<status status="PASS" start="2024-04-15T23:13:15.615132" elapsed="0.000487"/>
</kw>
<kw name="Dictionary Should Contain Key" owner="Collections">
<msg time="2024-04-15T23:13:15.616091" level="INFO">False</msg>
<arg>${json_data}</arg>
<arg>results</arg>
<doc>Fails if ``key`` is not found from ``dictionary``.</doc>
<status status="PASS" start="2024-04-15T23:13:15.615924" elapsed="0.000207"/>
</kw>
<status status="PASS" start="2024-04-15T23:13:15.495791" elapsed="0.120595"/>
</kw>
<doc>Testa se a API responde corretamente e retorna um objeto JSON válido.</doc>
<tag>testeRequisicaoBasica</tag>
<status status="PASS" start="2024-04-15T23:13:15.495256" elapsed="0.121304"/>
</test>
<test id="s1-s1-t3" name="Validar estrutura de resposta" line="22">
<kw name="Teste de Estrutura de Resposta" owner="random-user-service">
<kw name="GET On Session" owner="RequestsLibrary">
<msg time="2024-04-15T23:13:15.713771" level="INFO">GET Request : url=https://randomuser.me/api 
 path_url=/api 
 headers={'User-Agent': 'python-requests/2.31.0', 'Accept-Encoding': 'gzip, deflate', 'Accept': '*/*', 'Connection': 'keep-alive'} 
 body=None 
 </msg>
<msg time="2024-04-15T23:13:15.713838" level="INFO">GET Response : url=https://randomuser.me/api 
 status=200, reason=OK 
 headers={'Date': 'Mon, 15 Apr 2024 23:13:15 GMT', 'Content-Type': 'application/json; charset=utf-8', 'Transfer-Encoding': 'chunked', 'Connection': 'keep-alive', 'X-Powered-By': 'Express', 'Access-Control-Allow-Origin': '*', 'Cache-Control': 'no-cache', 'ETag': 'W/"4a0-0y/isBtQkwl+kMq/ZAYjp0hXr4I"', 'Vary': 'Accept-Encoding', 'Content-Encoding': 'gzip', 'CF-Cache-Status': 'DYNAMIC', 'Report-To': '{"endpoints":[{"url":"https:\\/\\/a.nel.cloudflare.com\\/report\\/v4?s=P%2BspTD7rLbiZJr50qpGcO9SnLDsiEH3vywF5Bl6hr8PP31myovmCN4198bJGLpb0xrLzKGvaTf9qtAdVbJQ2KOouYhQKlCFunqOXyGxy1KhY92KxsWHlgIcDAWwtoQnv"}],"group":"cf-nel","max_age":604800}', 'NEL': '{"success_fraction":0,"report_to":"cf-nel","max_age":604800}', 'Server': 'cloudflare', 'CF-RAY': '874fa008acd2270e-SJC', 'alt-svc': 'h3=":443"; ma=86400'} 
 body={"results":[{"gender":"male","name":{"title":"Mr","first":"رهام","last":"یاسمی"},"location":{"street":{"number":508,"name":"میدان امام خمینی"},"city":"اصفهان","state":"مرکزی","country":"Iran","postcode":79169,"coordinates":{"latitude":"14.8223","longitude":"-62.1213"},"timezone":{"offset":"0:00","description":"Western Europe Time, London, Lisbon, Casablanca"}},"email":"rhm.ysmy@example.com","login":{"uuid":"6f70a2ac-208b-41d2-9579-2b9d2f0c8910","username":"heavymeercat221","password":"flint","salt":"ldFTdZi1","md5":"8fc2af48663276452291f99d71a380e5","sha1":"557bc8f05898d1551c6a96b3ffbd27a56a45f8a4","sha256":"9916ac40ee027d8c1111b2ed7fb1467d6e50f7fdd5f15e6ff8732c55b7e9cc7c"},"dob":{"date":"1984-07-26T00:09:56.843Z","age":39},"registered":{"date":"2014-05-20T08:39:43.812Z","age":9},"phone":"019-08560078","cell":"0914-723-7704","id":{"name":"","value":null},"picture":{"large":"https://randomuser.me/api/portraits/men/82.jpg","medium":"https://randomuser.me/api/portraits/med/men/82.jpg","thumbnail":"https://randomuser.me/api/portraits/thumb/men/82.jpg"},"nat":"IR"}],"info":{"seed":"f2d069ce899234a7","results":1,"page":1,"version":"1.4"}} 
 </msg>
<msg time="2024-04-15T23:13:15.713936" level="INFO">/opt/hostedtoolcache/Python/3.12.2/x64/lib/python3.12/site-packages/urllib3/connectionpool.py:1103: InsecureRequestWarning: Unverified HTTPS request is being made to host 'randomuser.me'. Adding certificate verification is strongly advised. See: https://urllib3.readthedocs.io/en/latest/advanced-usage.html#tls-warnings
  warnings.warn(</msg>
<msg time="2024-04-15T23:13:15.714034" level="INFO">${response} = &lt;Response [200]&gt;</msg>
<var>${response}</var>
<arg>consultarAPI</arg>
<arg>/api</arg>
<doc>Sends a GET request on a previously created HTTP Session.</doc>
<status status="PASS" start="2024-04-15T23:13:15.619258" elapsed="0.094816"/>
</kw>
<kw name="Set Variable" owner="BuiltIn">
<msg time="2024-04-15T23:13:15.715092" level="INFO">${json_data} = {'results': [{'gender': 'male', 'name': {'title': 'Mr', 'first': 'رهام', 'last': 'یاسمی'}, 'location': {'street': {'number': 508, 'name': 'میدان امام خمینی'}, 'city': 'اصفهان', 'state': 'مرکزی', 'coun...</msg>
<var>${json_data}</var>
<arg>${response.json()}</arg>
<doc>Returns the given values which can then be assigned to a variables.</doc>
<status status="PASS" start="2024-04-15T23:13:15.714533" elapsed="0.000590"/>
</kw>
<kw name="Log" owner="BuiltIn">
<msg time="2024-04-15T23:13:15.715609" level="INFO">{'results': [{'gender': 'male', 'name': {'title': 'Mr', 'first': 'رهام', 'last': 'یاسمی'}, 'location': {'street': {'number': 508, 'name': 'میدان امام خمینی'}, 'city': 'اصفهان', 'state': 'مرکزی', 'country': 'Iran', 'postcode': 79169, 'coordinates': {'latitude': '14.8223', 'longitude': '-62.1213'}, 'timezone': {'offset': '0:00', 'description': 'Western Europe Time, London, Lisbon, Casablanca'}}, 'email': 'rhm.ysmy@example.com', 'login': {'uuid': '6f70a2ac-208b-41d2-9579-2b9d2f0c8910', 'username': 'heavymeercat221', 'password': 'flint', 'salt': 'ldFTdZi1', 'md5': '8fc2af48663276452291f99d71a380e5', 'sha1': '557bc8f05898d1551c6a96b3ffbd27a56a45f8a4', 'sha256': '9916ac40ee027d8c1111b2ed7fb1467d6e50f7fdd5f15e6ff8732c55b7e9cc7c'}, 'dob': {'date': '1984-07-26T00:09:56.843Z', 'age': 39}, 'registered': {'date': '2014-05-20T08:39:43.812Z', 'age': 9}, 'phone': '019-08560078', 'cell': '0914-723-7704', 'id': {'name': '', 'value': None}, 'picture': {'large': 'https://randomuser.me/api/portraits/men/82.jpg', 'medium': 'https://randomuser.me/api/portraits/med/men/82.jpg', 'thumbnail': 'https://randomuser.me/api/portraits/thumb/men/82.jpg'}, 'nat': 'IR'}], 'info': {'seed': 'f2d069ce899234a7', 'results': 1, 'page': 1, 'version': '1.4'}}</msg>
<arg>${json_data}</arg>
<doc>Logs the given message with the given level.</doc>
<status status="PASS" start="2024-04-15T23:13:15.715440" elapsed="0.000221"/>
</kw>
<kw name="Dictionary Should Contain Key" owner="Collections">
<msg time="2024-04-15T23:13:15.716119" level="INFO">False</msg>
<arg>${json_data}</arg>
<arg>results</arg>
<doc>Fails if ``key`` is not found from ``dictionary``.</doc>
<status status="PASS" start="2024-04-15T23:13:15.715961" elapsed="0.000197"/>
</kw>
<kw name="Should Not Be Empty" owner="BuiltIn">
<msg time="2024-04-15T23:13:15.716612" level="INFO">Length is 2.</msg>
<arg>${json_data}</arg>
<doc>Verifies that the given item is not empty.</doc>
<status status="PASS" start="2024-04-15T23:13:15.716466" elapsed="0.000194"/>
</kw>
<kw name="Create List" owner="BuiltIn">
<msg time="2024-04-15T23:13:15.717286" level="INFO">${expected_keys} = ['gender', 'name', 'location', 'email', 'login']</msg>
<var>${expected_keys}</var>
<arg>gender</arg>
<arg>name</arg>
<arg>location</arg>
<arg>email</arg>
<arg>login</arg>
<doc>Returns a list containing given items.</doc>
<status status="PASS" start="2024-04-15T23:13:15.716965" elapsed="0.000348"/>
</kw>
<for flavor="IN">
<iter>
<kw name="Dictionary Should Contain Key" owner="Collections">
<msg time="2024-04-15T23:13:15.718300" level="INFO">False</msg>
<arg>${json_data['results'][0]}</arg>
<arg>${key}</arg>
<doc>Fails if ``key`` is not found from ``dictionary``.</doc>
<status status="PASS" start="2024-04-15T23:13:15.717900" elapsed="0.000439"/>
</kw>
<kw name="Log" owner="BuiltIn">
<msg time="2024-04-15T23:13:15.719013" level="INFO">{'gender': 'male', 'name': {'title': 'Mr', 'first': 'رهام', 'last': 'یاسمی'}, 'location': {'street': {'number': 508, 'name': 'میدان امام خمینی'}, 'city': 'اصفهان', 'state': 'مرکزی', 'country': 'Iran', 'postcode': 79169, 'coordinates': {'latitude': '14.8223', 'longitude': '-62.1213'}, 'timezone': {'offset': '0:00', 'description': 'Western Europe Time, London, Lisbon, Casablanca'}}, 'email': 'rhm.ysmy@example.com', 'login': {'uuid': '6f70a2ac-208b-41d2-9579-2b9d2f0c8910', 'username': 'heavymeercat221', 'password': 'flint', 'salt': 'ldFTdZi1', 'md5': '8fc2af48663276452291f99d71a380e5', 'sha1': '557bc8f05898d1551c6a96b3ffbd27a56a45f8a4', 'sha256': '9916ac40ee027d8c1111b2ed7fb1467d6e50f7fdd5f15e6ff8732c55b7e9cc7c'}, 'dob': {'date': '1984-07-26T00:09:56.843Z', 'age': 39}, 'registered': {'date': '2014-05-20T08:39:43.812Z', 'age': 9}, 'phone': '019-08560078', 'cell': '0914-723-7704', 'id': {'name': '', 'value': None}, 'picture': {'large': 'https://randomuser.me/api/portraits/men/82.jpg', 'medium': 'https://randomuser.me/api/portraits/med/men/82.jpg', 'thumbnail': 'https://randomuser.me/api/portraits/thumb/men/82.jpg'}, 'nat': 'IR'}</msg>
<arg>${json_data['results'][0]}</arg>
<doc>Logs the given message with the given level.</doc>
<status status="PASS" start="2024-04-15T23:13:15.718640" elapsed="0.000424"/>
</kw>
<kw name="Log" owner="BuiltIn">
<msg time="2024-04-15T23:13:15.719500" level="INFO">gender</msg>
<arg>${key}</arg>
<doc>Logs the given message with the given level.</doc>
<status status="PASS" start="2024-04-15T23:13:15.719368" elapsed="0.000171"/>
</kw>
<var name="${key}">gender</var>
<status status="PASS" start="2024-04-15T23:13:15.717774" elapsed="0.001982"/>
</iter>
<iter>
<kw name="Dictionary Should Contain Key" owner="Collections">
<msg time="2024-04-15T23:13:15.720454" level="INFO">False</msg>
<arg>${json_data['results'][0]}</arg>
<arg>${key}</arg>
<doc>Fails if ``key`` is not found from ``dictionary``.</doc>
<status status="PASS" start="2024-04-15T23:13:15.720058" elapsed="0.000466"/>
</kw>
<kw name="Log" owner="BuiltIn">
<msg time="2024-04-15T23:13:15.721194" level="INFO">{'gender': 'male', 'name': {'title': 'Mr', 'first': 'رهام', 'last': 'یاسمی'}, 'location': {'street': {'number': 508, 'name': 'میدان امام خمینی'}, 'city': 'اصفهان', 'state': 'مرکزی', 'country': 'Iran', 'postcode': 79169, 'coordinates': {'latitude': '14.8223', 'longitude': '-62.1213'}, 'timezone': {'offset': '0:00', 'description': 'Western Europe Time, London, Lisbon, Casablanca'}}, 'email': 'rhm.ysmy@example.com', 'login': {'uuid': '6f70a2ac-208b-41d2-9579-2b9d2f0c8910', 'username': 'heavymeercat221', 'password': 'flint', 'salt': 'ldFTdZi1', 'md5': '8fc2af48663276452291f99d71a380e5', 'sha1': '557bc8f05898d1551c6a96b3ffbd27a56a45f8a4', 'sha256': '9916ac40ee027d8c1111b2ed7fb1467d6e50f7fdd5f15e6ff8732c55b7e9cc7c'}, 'dob': {'date': '1984-07-26T00:09:56.843Z', 'age': 39}, 'registered': {'date': '2014-05-20T08:39:43.812Z', 'age': 9}, 'phone': '019-08560078', 'cell': '0914-723-7704', 'id': {'name': '', 'value': None}, 'picture': {'large': 'https://randomuser.me/api/portraits/men/82.jpg', 'medium': 'https://randomuser.me/api/portraits/med/men/82.jpg', 'thumbnail': 'https://randomuser.me/api/portraits/thumb/men/82.jpg'}, 'nat': 'IR'}</msg>
<arg>${json_data['results'][0]}</arg>
<doc>Logs the given message with the given level.</doc>
<status status="PASS" start="2024-04-15T23:13:15.720829" elapsed="0.000445"/>
</kw>
<kw name="Log" owner="BuiltIn">
<msg time="2024-04-15T23:13:15.721709" level="INFO">name</msg>
<arg>${key}</arg>
<doc>Logs the given message with the given level.</doc>
<status status="PASS" start="2024-04-15T23:13:15.721580" elapsed="0.000168"/>
</kw>
<var name="${key}">name</var>
<status status="PASS" start="2024-04-15T23:13:15.719943" elapsed="0.002026"/>
</iter>
<iter>
<kw name="Dictionary Should Contain Key" owner="Collections">
<msg time="2024-04-15T23:13:15.722643" level="INFO">False</msg>
<arg>${json_data['results'][0]}</arg>
<arg>${key}</arg>
<doc>Fails if ``key`` is not found from ``dictionary``.</doc>
<status status="PASS" start="2024-04-15T23:13:15.722262" elapsed="0.000420"/>
</kw>
<kw name="Log" owner="BuiltIn">
<msg time="2024-04-15T23:13:15.723348" level="INFO">{'gender': 'male', 'name': {'title': 'Mr', 'first': 'رهام', 'last': 'یاسمی'}, 'location': {'street': {'number': 508, 'name': 'میدان امام خمینی'}, 'city': 'اصفهان', 'state': 'مرکزی', 'country': 'Iran', 'postcode': 79169, 'coordinates': {'latitude': '14.8223', 'longitude': '-62.1213'}, 'timezone': {'offset': '0:00', 'description': 'Western Europe Time, London, Lisbon, Casablanca'}}, 'email': 'rhm.ysmy@example.com', 'login': {'uuid': '6f70a2ac-208b-41d2-9579-2b9d2f0c8910', 'username': 'heavymeercat221', 'password': 'flint', 'salt': 'ldFTdZi1', 'md5': '8fc2af48663276452291f99d71a380e5', 'sha1': '557bc8f05898d1551c6a96b3ffbd27a56a45f8a4', 'sha256': '9916ac40ee027d8c1111b2ed7fb1467d6e50f7fdd5f15e6ff8732c55b7e9cc7c'}, 'dob': {'date': '1984-07-26T00:09:56.843Z', 'age': 39}, 'registered': {'date': '2014-05-20T08:39:43.812Z', 'age': 9}, 'phone': '019-08560078', 'cell': '0914-723-7704', 'id': {'name': '', 'value': None}, 'picture': {'large': 'https://randomuser.me/api/portraits/men/82.jpg', 'medium': 'https://randomuser.me/api/portraits/med/men/82.jpg', 'thumbnail': 'https://randomuser.me/api/portraits/thumb/men/82.jpg'}, 'nat': 'IR'}</msg>
<arg>${json_data['results'][0]}</arg>
<doc>Logs the given message with the given level.</doc>
<status status="PASS" start="2024-04-15T23:13:15.722982" elapsed="0.000416"/>
</kw>
<kw name="Log" owner="BuiltIn">
<msg time="2024-04-15T23:13:15.723838" level="INFO">location</msg>
<arg>${key}</arg>
<doc>Logs the given message with the given level.</doc>
<status status="PASS" start="2024-04-15T23:13:15.723709" elapsed="0.000168"/>
</kw>
<var name="${key}">location</var>
<status status="PASS" start="2024-04-15T23:13:15.722148" elapsed="0.001948"/>
</iter>
<iter>
<kw name="Dictionary Should Contain Key" owner="Collections">
<msg time="2024-04-15T23:13:15.724762" level="INFO">False</msg>
<arg>${json_data['results'][0]}</arg>
<arg>${key}</arg>
<doc>Fails if ``key`` is not found from ``dictionary``.</doc>
<status status="PASS" start="2024-04-15T23:13:15.724380" elapsed="0.000420"/>
</kw>
<kw name="Log" owner="BuiltIn">
<msg time="2024-04-15T23:13:15.725500" level="INFO">{'gender': 'male', 'name': {'title': 'Mr', 'first': 'رهام', 'last': 'یاسمی'}, 'location': {'street': {'number': 508, 'name': 'میدان امام خمینی'}, 'city': 'اصفهان', 'state': 'مرکزی', 'country': 'Iran', 'postcode': 79169, 'coordinates': {'latitude': '14.8223', 'longitude': '-62.1213'}, 'timezone': {'offset': '0:00', 'description': 'Western Europe Time, London, Lisbon, Casablanca'}}, 'email': 'rhm.ysmy@example.com', 'login': {'uuid': '6f70a2ac-208b-41d2-9579-2b9d2f0c8910', 'username': 'heavymeercat221', 'password': 'flint', 'salt': 'ldFTdZi1', 'md5': '8fc2af48663276452291f99d71a380e5', 'sha1': '557bc8f05898d1551c6a96b3ffbd27a56a45f8a4', 'sha256': '9916ac40ee027d8c1111b2ed7fb1467d6e50f7fdd5f15e6ff8732c55b7e9cc7c'}, 'dob': {'date': '1984-07-26T00:09:56.843Z', 'age': 39}, 'registered': {'date': '2014-05-20T08:39:43.812Z', 'age': 9}, 'phone': '019-08560078', 'cell': '0914-723-7704', 'id': {'name': '', 'value': None}, 'picture': {'large': 'https://randomuser.me/api/portraits/men/82.jpg', 'medium': 'https://randomuser.me/api/portraits/med/men/82.jpg', 'thumbnail': 'https://randomuser.me/api/portraits/thumb/men/82.jpg'}, 'nat': 'IR'}</msg>
<arg>${json_data['results'][0]}</arg>
<doc>Logs the given message with the given level.</doc>
<status status="PASS" start="2024-04-15T23:13:15.725098" elapsed="0.000453"/>
</kw>
<kw name="Log" owner="BuiltIn">
<msg time="2024-04-15T23:13:15.725981" level="INFO">email</msg>
<arg>${key}</arg>
<doc>Logs the given message with the given level.</doc>
<status status="PASS" start="2024-04-15T23:13:15.725851" elapsed="0.000169"/>
</kw>
<var name="${key}">email</var>
<status status="PASS" start="2024-04-15T23:13:15.724269" elapsed="0.001967"/>
</iter>
<iter>
<kw name="Dictionary Should Contain Key" owner="Collections">
<msg time="2024-04-15T23:13:15.726915" level="INFO">False</msg>
<arg>${json_data['results'][0]}</arg>
<arg>${key}</arg>
<doc>Fails if ``key`` is not found from ``dictionary``.</doc>
<status status="PASS" start="2024-04-15T23:13:15.726535" elapsed="0.000418"/>
</kw>
<kw name="Log" owner="BuiltIn">
<msg time="2024-04-15T23:13:15.727617" level="INFO">{'gender': 'male', 'name': {'title': 'Mr', 'first': 'رهام', 'last': 'یاسمی'}, 'location': {'street': {'number': 508, 'name': 'میدان امام خمینی'}, 'city': 'اصفهان', 'state': 'مرکزی', 'country': 'Iran', 'postcode': 79169, 'coordinates': {'latitude': '14.8223', 'longitude': '-62.1213'}, 'timezone': {'offset': '0:00', 'description': 'Western Europe Time, London, Lisbon, Casablanca'}}, 'email': 'rhm.ysmy@example.com', 'login': {'uuid': '6f70a2ac-208b-41d2-9579-2b9d2f0c8910', 'username': 'heavymeercat221', 'password': 'flint', 'salt': 'ldFTdZi1', 'md5': '8fc2af48663276452291f99d71a380e5', 'sha1': '557bc8f05898d1551c6a96b3ffbd27a56a45f8a4', 'sha256': '9916ac40ee027d8c1111b2ed7fb1467d6e50f7fdd5f15e6ff8732c55b7e9cc7c'}, 'dob': {'date': '1984-07-26T00:09:56.843Z', 'age': 39}, 'registered': {'date': '2014-05-20T08:39:43.812Z', 'age': 9}, 'phone': '019-08560078', 'cell': '0914-723-7704', 'id': {'name': '', 'value': None}, 'picture': {'large': 'https://randomuser.me/api/portraits/men/82.jpg', 'medium': 'https://randomuser.me/api/portraits/med/men/82.jpg', 'thumbnail': 'https://randomuser.me/api/portraits/thumb/men/82.jpg'}, 'nat': 'IR'}</msg>
<arg>${json_data['results'][0]}</arg>
<doc>Logs the given message with the given level.</doc>
<status status="PASS" start="2024-04-15T23:13:15.727248" elapsed="0.000420"/>
</kw>
<kw name="Log" owner="BuiltIn">
<msg time="2024-04-15T23:13:15.728090" level="INFO">login</msg>
<arg>${key}</arg>
<doc>Logs the given message with the given level.</doc>
<status status="PASS" start="2024-04-15T23:13:15.727963" elapsed="0.000195"/>
</kw>
<var name="${key}">login</var>
<status status="PASS" start="2024-04-15T23:13:15.726419" elapsed="0.001962"/>
</iter>
<var>${key}</var>
<value>@{expected_keys}</value>
<status status="PASS" start="2024-04-15T23:13:15.717589" elapsed="0.010915"/>
</for>
<kw name="Create List" owner="BuiltIn">
<msg time="2024-04-15T23:13:15.728838" level="INFO">${expected_keysTwo} = ['username', 'password']</msg>
<var>${expected_keysTwo}</var>
<arg>username</arg>
<arg>password</arg>
<doc>Returns a list containing given items.</doc>
<status status="PASS" start="2024-04-15T23:13:15.728700" elapsed="0.000162"/>
</kw>
<for flavor="IN">
<iter>
<kw name="Dictionary Should Contain Key" owner="Collections">
<msg time="2024-04-15T23:13:15.729794" level="INFO">False</msg>
<arg>${json_data['results'][0]['login']}</arg>
<arg>${keyTwo}</arg>
<doc>Fails if ``key`` is not found from ``dictionary``.</doc>
<status status="PASS" start="2024-04-15T23:13:15.729406" elapsed="0.000427"/>
</kw>
<kw name="Dictionary Should Contain Key" owner="Collections">
<msg time="2024-04-15T23:13:15.730516" level="INFO">False</msg>
<arg>${json_data['results'][0]['login']}</arg>
<arg>${keyTwo}</arg>
<doc>Fails if ``key`` is not found from ``dictionary``.</doc>
<status status="PASS" start="2024-04-15T23:13:15.730126" elapsed="0.000428"/>
</kw>
<kw name="Log" owner="BuiltIn">
<msg time="2024-04-15T23:13:15.730977" level="INFO">username</msg>
<arg>${keyTwo}</arg>
<doc>Logs the given message with the given level.</doc>
<status status="PASS" start="2024-04-15T23:13:15.730850" elapsed="0.000166"/>
</kw>
<var name="${keyTwo}">username</var>
<status status="PASS" start="2024-04-15T23:13:15.729285" elapsed="0.001946"/>
</iter>
<iter>
<kw name="Dictionary Should Contain Key" owner="Collections">
<msg time="2024-04-15T23:13:15.731900" level="INFO">False</msg>
<arg>${json_data['results'][0]['login']}</arg>
<arg>${keyTwo}</arg>
<doc>Fails if ``key`` is not found from ``dictionary``.</doc>
<status status="PASS" start="2024-04-15T23:13:15.731515" elapsed="0.000422"/>
</kw>
<kw name="Dictionary Should Contain Key" owner="Collections">
<msg time="2024-04-15T23:13:15.732704" level="INFO">False</msg>
<arg>${json_data['results'][0]['login']}</arg>
<arg>${keyTwo}</arg>
<doc>Fails if ``key`` is not found from ``dictionary``.</doc>
<status status="PASS" start="2024-04-15T23:13:15.732240" elapsed="0.000503"/>
</kw>
<kw name="Log" owner="BuiltIn">
<msg time="2024-04-15T23:13:15.733169" level="INFO">password</msg>
<arg>${keyTwo}</arg>
<doc>Logs the given message with the given level.</doc>
<status status="PASS" start="2024-04-15T23:13:15.733040" elapsed="0.000188"/>
</kw>
<var name="${keyTwo}">password</var>
<status status="PASS" start="2024-04-15T23:13:15.731405" elapsed="0.002051"/>
</iter>
<var>${keyTwo}</var>
<value>@{expected_keysTwo}</value>
<status status="PASS" start="2024-04-15T23:13:15.729099" elapsed="0.004479"/>
</for>
<status status="PASS" start="2024-04-15T23:13:15.619012" elapsed="0.114703"/>
</kw>
<doc>Testa a estrutura da resposta da API.</doc>
<tag>testeEstruturaResposta</tag>
<status status="PASS" start="2024-04-15T23:13:15.618436" elapsed="0.115434"/>
</test>
<test id="s1-s1-t4" name="Validar tipos de dados" line="28">
<kw name="Teste de Tipos de Dados" owner="random-user-service">
<kw name="GET On Session" owner="RequestsLibrary">
<msg time="2024-04-15T23:13:15.825915" level="INFO">GET Request : url=https://randomuser.me/api 
 path_url=/api 
 headers={'User-Agent': 'python-requests/2.31.0', 'Accept-Encoding': 'gzip, deflate', 'Accept': '*/*', 'Connection': 'keep-alive'} 
 body=None 
 </msg>
<msg time="2024-04-15T23:13:15.825995" level="INFO">GET Response : url=https://randomuser.me/api 
 status=200, reason=OK 
 headers={'Date': 'Mon, 15 Apr 2024 23:13:15 GMT', 'Content-Type': 'application/json; charset=utf-8', 'Transfer-Encoding': 'chunked', 'Connection': 'keep-alive', 'X-Powered-By': 'Express', 'Access-Control-Allow-Origin': '*', 'Cache-Control': 'no-cache', 'ETag': 'W/"49d-RhTXwYFxFAcgjLAYE+RCUroYf5k"', 'Vary': 'Accept-Encoding', 'Content-Encoding': 'gzip', 'CF-Cache-Status': 'DYNAMIC', 'Report-To': '{"endpoints":[{"url":"https:\\/\\/a.nel.cloudflare.com\\/report\\/v4?s=3BRMz6GJhzuXvO8sOI88JcfVXNNGAXPecMx3TqzMB4dnHDsnu%2BWEPvq6oadhmVz4RvVrdSh3yBzAqFyr3AGI9iU5QpWRBix4JQ57SCIErQghu0uj90QXyjfktS0lp2a1"}],"group":"cf-nel","max_age":604800}', 'NEL': '{"success_fraction":0,"report_to":"cf-nel","max_age":604800}', 'Server': 'cloudflare', 'CF-RAY': '874fa0095d6c270e-SJC', 'alt-svc': 'h3=":443"; ma=86400'} 
 body={"results":[{"gender":"female","name":{"title":"Miss","first":"Estela","last":"Murillo"},"location":{"street":{"number":1228,"name":"Viaducto Yucatán"},"city":"Almagres","state":"Oaxaca","country":"Mexico","postcode":21162,"coordinates":{"latitude":"27.2789","longitude":"172.3881"},"timezone":{"offset":"+4:00","description":"Abu Dhabi, Muscat, Baku, Tbilisi"}},"email":"estela.murillo@example.com","login":{"uuid":"59191f09-1c0d-4a8f-a848-1ce26b9fe91b","username":"lazybird780","password":"coolman","salt":"Vb2QG74G","md5":"b3d2fa9a5daa40aea22167e37ec11054","sha1":"a82f9be34ad5fd719971b8e06e7b81a564ddb7c8","sha256":"900067c2f860a24c47c2194bbe715e7a33b8b064f7b89a51e68959d6e7c06e27"},"dob":{"date":"1994-10-20T22:00:23.385Z","age":29},"registered":{"date":"2005-10-17T19:32:59.539Z","age":18},"phone":"(665) 985 0708","cell":"(629) 435 7325","id":{"name":"NSS","value":"91 90 64 3431 6"},"picture":{"large":"https://randomuser.me/api/portraits/women/40.jpg","medium":"https://randomuser.me/api/portraits/med/women/40.jpg","thumbnail":"https://randomuser.me/api/portraits/thumb/women/40.jpg"},"nat":"MX"}],"info":{"seed":"2b3caf862c129c61","results":1,"page":1,"version":"1.4"}} 
 </msg>
<msg time="2024-04-15T23:13:15.826063" level="INFO">/opt/hostedtoolcache/Python/3.12.2/x64/lib/python3.12/site-packages/urllib3/connectionpool.py:1103: InsecureRequestWarning: Unverified HTTPS request is being made to host 'randomuser.me'. Adding certificate verification is strongly advised. See: https://urllib3.readthedocs.io/en/latest/advanced-usage.html#tls-warnings
  warnings.warn(</msg>
<msg time="2024-04-15T23:13:15.826195" level="INFO">${response} = &lt;Response [200]&gt;</msg>
<var>${response}</var>
<arg>consultarAPI</arg>
<arg>/api</arg>
<doc>Sends a GET request on a previously created HTTP Session.</doc>
<status status="PASS" start="2024-04-15T23:13:15.736392" elapsed="0.089848"/>
</kw>
<kw name="Set Variable" owner="BuiltIn">
<msg time="2024-04-15T23:13:15.827215" level="INFO">${json_data} = {'results': [{'gender': 'female', 'name': {'title': 'Miss', 'first': 'Estela', 'last': 'Murillo'}, 'location': {'street': {'number': 1228, 'name': 'Viaducto Yucatán'}, 'city': 'Almagres', 'state': 'Oa...</msg>
<var>${json_data}</var>
<arg>${response.json()}</arg>
<doc>Returns the given values which can then be assigned to a variables.</doc>
<status status="PASS" start="2024-04-15T23:13:15.826684" elapsed="0.000576"/>
</kw>
<kw name="Log" owner="BuiltIn">
<msg time="2024-04-15T23:13:15.827762" level="INFO">{'results': [{'gender': 'female', 'name': {'title': 'Miss', 'first': 'Estela', 'last': 'Murillo'}, 'location': {'street': {'number': 1228, 'name': 'Viaducto Yucatán'}, 'city': 'Almagres', 'state': 'Oaxaca', 'country': 'Mexico', 'postcode': 21162, 'coordinates': {'latitude': '27.2789', 'longitude': '172.3881'}, 'timezone': {'offset': '+4:00', 'description': 'Abu Dhabi, Muscat, Baku, Tbilisi'}}, 'email': 'estela.murillo@example.com', 'login': {'uuid': '59191f09-1c0d-4a8f-a848-1ce26b9fe91b', 'username': 'lazybird780', 'password': 'coolman', 'salt': 'Vb2QG74G', 'md5': 'b3d2fa9a5daa40aea22167e37ec11054', 'sha1': 'a82f9be34ad5fd719971b8e06e7b81a564ddb7c8', 'sha256': '900067c2f860a24c47c2194bbe715e7a33b8b064f7b89a51e68959d6e7c06e27'}, 'dob': {'date': '1994-10-20T22:00:23.385Z', 'age': 29}, 'registered': {'date': '2005-10-17T19:32:59.539Z', 'age': 18}, 'phone': '(665) 985 0708', 'cell': '(629) 435 7325', 'id': {'name': 'NSS', 'value': '91 90 64 3431 6'}, 'picture': {'large': 'https://randomuser.me/api/portraits/women/40.jpg', 'medium': 'https://randomuser.me/api/portraits/med/women/40.jpg', 'thumbnail': 'https://randomuser.me/api/portraits/thumb/women/40.jpg'}, 'nat': 'MX'}], 'info': {'seed': '2b3caf862c129c61', 'results': 1, 'page': 1, 'version': '1.4'}}</msg>
<arg>${json_data}</arg>
<doc>Logs the given message with the given level.</doc>
<status status="PASS" start="2024-04-15T23:13:15.827579" elapsed="0.000275"/>
</kw>
<kw name="Should Be String" owner="String">
<arg>${json_data['results'][0]['gender']}</arg>
<doc>Fails if the given ``item`` is not a string.</doc>
<status status="PASS" start="2024-04-15T23:13:15.828191" elapsed="0.000402"/>
</kw>
<kw name="Should Match Regexp" owner="BuiltIn">
<arg>${json_data['results'][0]['email']}</arg>
<arg>^[a-zA-Z0-9._%+-]+@[a-zA-Z0-9.-]+\.[a-zA-Z]{2,}$</arg>
<doc>Fails if ``string`` does not match ``pattern`` as a regular expression.</doc>
<status status="PASS" start="2024-04-15T23:13:15.828795" elapsed="0.000572"/>
</kw>
<kw name="Should Match Regexp" owner="BuiltIn">
<arg>${json_data['results'][0]['dob']['date']}</arg>
<arg>\\d{4}-\\d{2}-\\d{2}T\\d{2}:\\d{2}:\\d{2}\\.\\d{3}Z</arg>
<doc>Fails if ``string`` does not match ``pattern`` as a regular expression.</doc>
<status status="PASS" start="2024-04-15T23:13:15.829572" elapsed="0.000534"/>
</kw>
<kw name="Should Match Regexp" owner="BuiltIn">
<arg>${json_data['results'][0]['registered']['date']}</arg>
<arg>\\d{4}-\\d{2}-\\d{2}T\\d{2}:\\d{2}:\\d{2}\\.\\d{3}Z</arg>
<doc>Fails if ``string`` does not match ``pattern`` as a regular expression.</doc>
<status status="PASS" start="2024-04-15T23:13:15.830305" elapsed="0.000397"/>
</kw>
<kw name="Should Match Regexp" owner="BuiltIn">
<arg>${json_data['results'][0]['picture']['large']}</arg>
<arg>^https?://.*\.(?:png|jpe?g|gif|bmp)$</arg>
<doc>Fails if ``string`` does not match ``pattern`` as a regular expression.</doc>
<status status="PASS" start="2024-04-15T23:13:15.830909" elapsed="0.000487"/>
</kw>
<kw name="Should Match Regexp" owner="BuiltIn">
<arg>${json_data['results'][0]['picture']['medium']}</arg>
<arg>^https?://.*\.(?:png|jpe?g|gif|bmp)$</arg>
<doc>Fails if ``string`` does not match ``pattern`` as a regular expression.</doc>
<status status="PASS" start="2024-04-15T23:13:15.831613" elapsed="0.000383"/>
</kw>
<kw name="Should Match Regexp" owner="BuiltIn">
<arg>${json_data['results'][0]['picture']['thumbnail']}</arg>
<arg>^https?://.*\.(?:png|jpe?g|gif|bmp)$</arg>
<doc>Fails if ``string`` does not match ``pattern`` as a regular expression.</doc>
<status status="PASS" start="2024-04-15T23:13:15.832194" elapsed="0.000391"/>
</kw>
<kw name="Log" owner="BuiltIn">
<msg time="2024-04-15T23:13:15.833140" level="INFO">{'large': 'https://randomuser.me/api/portraits/women/40.jpg', 'medium': 'https://randomuser.me/api/portraits/med/women/40.jpg', 'thumbnail': 'https://randomuser.me/api/portraits/thumb/women/40.jpg'}</msg>
<arg>${json_data['results'][0]['picture']}</arg>
<doc>Logs the given message with the given level.</doc>
<status status="PASS" start="2024-04-15T23:13:15.832790" elapsed="0.000394"/>
</kw>
<status status="PASS" start="2024-04-15T23:13:15.736164" elapsed="0.097350"/>
</kw>
<kw name="Teste de Tipos de Dados - Postcode" owner="random-user-service">
<kw name="GET On Session" owner="RequestsLibrary">
<msg time="2024-04-15T23:13:15.925671" level="INFO">GET Request : url=https://randomuser.me/api 
 path_url=/api 
 headers={'User-Agent': 'python-requests/2.31.0', 'Accept-Encoding': 'gzip, deflate', 'Accept': '*/*', 'Connection': 'keep-alive'} 
 body=None 
 </msg>
<msg time="2024-04-15T23:13:15.925776" level="INFO">GET Response : url=https://randomuser.me/api 
 status=200, reason=OK 
 headers={'Date': 'Mon, 15 Apr 2024 23:13:15 GMT', 'Content-Type': 'application/json; charset=utf-8', 'Transfer-Encoding': 'chunked', 'Connection': 'keep-alive', 'X-Powered-By': 'Express', 'Access-Control-Allow-Origin': '*', 'Cache-Control': 'no-cache', 'ETag': 'W/"47e-q7WI9vSJ7t3k70OTdUnTa7Y1Mw4"', 'Vary': 'Accept-Encoding', 'Content-Encoding': 'gzip', 'CF-Cache-Status': 'DYNAMIC', 'Report-To': '{"endpoints":[{"url":"https:\\/\\/a.nel.cloudflare.com\\/report\\/v4?s=0CGJHUTcwYt%2B%2FbYsQeeffz%2FFAM3%2B2PZXVudyI5czkWQwS93s79I3lFjr1tg%2FPaDHjNud3S0C6U%2Bl2QZX1oG8c%2BvK1icZCKjwlaDyURyp4EboGfIC0h7m2cw8vCb3zDxM"}],"group":"cf-nel","max_age":604800}', 'NEL': '{"success_fraction":0,"report_to":"cf-nel","max_age":604800}', 'Server': 'cloudflare', 'CF-RAY': '874fa009fe27270e-SJC', 'alt-svc': 'h3=":443"; ma=86400'} 
 body={"results":[{"gender":"female","name":{"title":"Mrs","first":"Mina","last":"Borjan"},"location":{"street":{"number":8934,"name":"Ljubice Kujundžić"},"city":"Čačak","state":"Kosovo","country":"Serbia","postcode":46029,"coordinates":{"latitude":"62.1131","longitude":"57.1633"},"timezone":{"offset":"+7:00","description":"Bangkok, Hanoi, Jakarta"}},"email":"mina.borjan@example.com","login":{"uuid":"917de722-6297-4748-93eb-5dbe64a9bf87","username":"sadfrog839","password":"tank","salt":"iJCDrFKn","md5":"8b57d27cd4f968e046fd09cf66ebb9d9","sha1":"498f0d0988d89f8bf1574102c212890ebc8dc74d","sha256":"e91c97f090af9a38c4b9fed2c9798a79940559bce22d764dad330e1a948b72ca"},"dob":{"date":"1984-06-15T21:33:39.734Z","age":39},"registered":{"date":"2020-03-16T04:50:54.246Z","age":4},"phone":"016-5795-457","cell":"068-2582-549","id":{"name":"SID","value":"007442842"},"picture":{"large":"https://randomuser.me/api/portraits/women/37.jpg","medium":"https://randomuser.me/api/portraits/med/women/37.jpg","thumbnail":"https://randomuser.me/api/portraits/thumb/women/37.jpg"},"nat":"RS"}],"info":{"seed":"094cf2afe607956e","results":1,"page":1,"version":"1.4"}} 
 </msg>
<msg time="2024-04-15T23:13:15.925864" level="INFO">/opt/hostedtoolcache/Python/3.12.2/x64/lib/python3.12/site-packages/urllib3/connectionpool.py:1103: InsecureRequestWarning: Unverified HTTPS request is being made to host 'randomuser.me'. Adding certificate verification is strongly advised. See: https://urllib3.readthedocs.io/en/latest/advanced-usage.html#tls-warnings
  warnings.warn(</msg>
<msg time="2024-04-15T23:13:15.926018" level="INFO">${response} = &lt;Response [200]&gt;</msg>
<var>${response}</var>
<arg>consultarAPI</arg>
<arg>/api</arg>
<doc>Sends a GET request on a previously created HTTP Session.</doc>
<status status="PASS" start="2024-04-15T23:13:15.834008" elapsed="0.092047"/>
</kw>
<kw name="Set Variable" owner="BuiltIn">
<msg time="2024-04-15T23:13:15.926997" level="INFO">${json_data} = {'results': [{'gender': 'female', 'name': {'title': 'Mrs', 'first': 'Mina', 'last': 'Borjan'}, 'location': {'street': {'number': 8934, 'name': 'Ljubice Kujundžić'}, 'city': 'Čačak', 'state': 'Kosovo',...</msg>
<var>${json_data}</var>
<arg>${response.json()}</arg>
<doc>Returns the given values which can then be assigned to a variables.</doc>
<status status="PASS" start="2024-04-15T23:13:15.926496" elapsed="0.000533"/>
</kw>
<kw name="Log" owner="BuiltIn">
<msg time="2024-04-15T23:13:15.927511" level="INFO">{'results': [{'gender': 'female', 'name': {'title': 'Mrs', 'first': 'Mina', 'last': 'Borjan'}, 'location': {'street': {'number': 8934, 'name': 'Ljubice Kujundžić'}, 'city': 'Čačak', 'state': 'Kosovo', 'country': 'Serbia', 'postcode': 46029, 'coordinates': {'latitude': '62.1131', 'longitude': '57.1633'}, 'timezone': {'offset': '+7:00', 'description': 'Bangkok, Hanoi, Jakarta'}}, 'email': 'mina.borjan@example.com', 'login': {'uuid': '917de722-6297-4748-93eb-5dbe64a9bf87', 'username': 'sadfrog839', 'password': 'tank', 'salt': 'iJCDrFKn', 'md5': '8b57d27cd4f968e046fd09cf66ebb9d9', 'sha1': '498f0d0988d89f8bf1574102c212890ebc8dc74d', 'sha256': 'e91c97f090af9a38c4b9fed2c9798a79940559bce22d764dad330e1a948b72ca'}, 'dob': {'date': '1984-06-15T21:33:39.734Z', 'age': 39}, 'registered': {'date': '2020-03-16T04:50:54.246Z', 'age': 4}, 'phone': '016-5795-457', 'cell': '068-2582-549', 'id': {'name': 'SID', 'value': '007442842'}, 'picture': {'large': 'https://randomuser.me/api/portraits/women/37.jpg', 'medium': 'https://randomuser.me/api/portraits/med/women/37.jpg', 'thumbnail': 'https://randomuser.me/api/portraits/thumb/women/37.jpg'}, 'nat': 'RS'}], 'info': {'seed': '094cf2afe607956e', 'results': 1, 'page': 1, 'version': '1.4'}}</msg>
<arg>${json_data}</arg>
<doc>Logs the given message with the given level.</doc>
<status status="PASS" start="2024-04-15T23:13:15.927348" elapsed="0.000247"/>
</kw>
<kw name="Should Be Equal As Numbers" owner="BuiltIn">
<arg>${json_data['results'][0]['location']['postcode']}</arg>
<arg>${json_data['results'][0]['location']['postcode']}</arg>
<doc>Fails if objects are unequal after converting them to real numbers.</doc>
<status status="PASS" start="2024-04-15T23:13:15.927905" elapsed="0.000875"/>
</kw>
<kw name="Log" owner="BuiltIn">
<msg time="2024-04-15T23:13:15.929357" level="INFO">46029</msg>
<arg>${json_data['results'][0]['location']['postcode']}</arg>
<doc>Logs the given message with the given level.</doc>
<status status="PASS" start="2024-04-15T23:13:15.928979" elapsed="0.000420"/>
</kw>
<status status="PASS" start="2024-04-15T23:13:15.833752" elapsed="0.095910"/>
</kw>
<doc>Testa se os tipos de dados na resposta da API estão corretos.</doc>
<tag>testeTiposDados</tag>
<status status="PASS" start="2024-04-15T23:13:15.735629" elapsed="0.194208"/>
</test>
<test id="s1-s1-t5" name="Validar conteudo" line="35">
<kw name="Teste de Tipos de Conteudo" owner="random-user-service">
<kw name="GET On Session" owner="RequestsLibrary">
<msg time="2024-04-15T23:13:16.032836" level="INFO">GET Request : url=https://randomuser.me/api 
 path_url=/api 
 headers={'User-Agent': 'python-requests/2.31.0', 'Accept-Encoding': 'gzip, deflate', 'Accept': '*/*', 'Connection': 'keep-alive'} 
 body=None 
 </msg>
<msg time="2024-04-15T23:13:16.032927" level="INFO">GET Response : url=https://randomuser.me/api 
 status=200, reason=OK 
 headers={'Date': 'Mon, 15 Apr 2024 23:13:16 GMT', 'Content-Type': 'application/json; charset=utf-8', 'Transfer-Encoding': 'chunked', 'Connection': 'keep-alive', 'X-Powered-By': 'Express', 'Access-Control-Allow-Origin': '*', 'Cache-Control': 'no-cache', 'ETag': 'W/"492-rVab5ivOxT/bDBuvc4IrB1meIns"', 'Vary': 'Accept-Encoding', 'Content-Encoding': 'gzip', 'CF-Cache-Status': 'DYNAMIC', 'Report-To': '{"endpoints":[{"url":"https:\\/\\/a.nel.cloudflare.com\\/report\\/v4?s=RLA3L1%2F5A00eyTP1ciNIWvLpIQtYzMvm90%2BtPhhRYvWwTPVxLnfnyopcfWTa%2FevARXijDAgpJeCQ2jdbo54DQ9Pa4iW%2B5s3swILOxnQtzEeiFGDu6flKibVURTetAobQ"}],"group":"cf-nel","max_age":604800}', 'NEL': '{"success_fraction":0,"report_to":"cf-nel","max_age":604800}', 'Server': 'cloudflare', 'CF-RAY': '874fa00a9eaa270e-SJC', 'alt-svc': 'h3=":443"; ma=86400'} 
 body={"results":[{"gender":"male","name":{"title":"Mr","first":"Jack","last":"Newman"},"location":{"street":{"number":6398,"name":"Mockingbird Hill"},"city":"Tweed","state":"Northern Territory","country":"Australia","postcode":1431,"coordinates":{"latitude":"-85.7557","longitude":"-122.9846"},"timezone":{"offset":"+5:30","description":"Bombay, Calcutta, Madras, New Delhi"}},"email":"jack.newman@example.com","login":{"uuid":"7aba8e57-bfdd-49d4-8d37-ee75e7e8ed68","username":"bluekoala927","password":"snakes","salt":"S711MYtW","md5":"6404ede33d79a4d5a24d8719938b7575","sha1":"38ab556973fa50667f1924c5968bbe73e0aa4adb","sha256":"5ec870c3a3c69f2df96b895d821ae998de1ab811934bc7fcefdbf660047dae3e"},"dob":{"date":"1997-08-11T01:20:35.042Z","age":26},"registered":{"date":"2012-02-17T17:20:34.496Z","age":12},"phone":"08-4858-8459","cell":"0409-086-435","id":{"name":"TFN","value":"561542423"},"picture":{"large":"https://randomuser.me/api/portraits/men/36.jpg","medium":"https://randomuser.me/api/portraits/med/men/36.jpg","thumbnail":"https://randomuser.me/api/portraits/thumb/men/36.jpg"},"nat":"AU"}],"info":{"seed":"291f85cca694170d","results":1,"page":1,"version":"1.4"}} 
 </msg>
<msg time="2024-04-15T23:13:16.033006" level="INFO">/opt/hostedtoolcache/Python/3.12.2/x64/lib/python3.12/site-packages/urllib3/connectionpool.py:1103: InsecureRequestWarning: Unverified HTTPS request is being made to host 'randomuser.me'. Adding certificate verification is strongly advised. See: https://urllib3.readthedocs.io/en/latest/advanced-usage.html#tls-warnings
  warnings.warn(</msg>
<msg time="2024-04-15T23:13:16.033140" level="INFO">${response} = &lt;Response [200]&gt;</msg>
<var>${response}</var>
<arg>consultarAPI</arg>
<arg>/api</arg>
<doc>Sends a GET request on a previously created HTTP Session.</doc>
<status status="PASS" start="2024-04-15T23:13:15.932818" elapsed="0.100374"/>
</kw>
<kw name="Set Variable" owner="BuiltIn">
<msg time="2024-04-15T23:13:16.034082" level="INFO">${json_data} = {'results': [{'gender': 'male', 'name': {'title': 'Mr', 'first': 'Jack', 'last': 'Newman'}, 'location': {'street': {'number': 6398, 'name': 'Mockingbird Hill'}, 'city': 'Tweed', 'state': 'Northern Ter...</msg>
<var>${json_data}</var>
<arg>${response.json()}</arg>
<doc>Returns the given values which can then be assigned to a variables.</doc>
<status status="PASS" start="2024-04-15T23:13:16.033610" elapsed="0.000501"/>
</kw>
<kw name="Set Variable" owner="BuiltIn">
<msg time="2024-04-15T23:13:16.034813" level="INFO">${name_title} = Mr</msg>
<var>${name_title}</var>
<arg>${json_data["results"][0]["name"]["title"]}</arg>
<doc>Returns the given values which can then be assigned to a variables.</doc>
<status status="PASS" start="2024-04-15T23:13:16.034421" elapsed="0.000417"/>
</kw>
<kw name="Create List" owner="BuiltIn">
<msg time="2024-04-15T23:13:16.035298" level="INFO">${allowed_titles} = ['Mr', 'Ms', 'Miss', 'Mrs', 'Madame', 'Monsieur']</msg>
<var>${allowed_titles}</var>
<arg>Mr</arg>
<arg>Ms</arg>
<arg>Miss</arg>
<arg>Mrs</arg>
<arg>Madame</arg>
<arg>Monsieur</arg>
<doc>Returns a list containing given items.</doc>
<status status="PASS" start="2024-04-15T23:13:16.035145" elapsed="0.000179"/>
</kw>
<kw name="List Should Contain Value" owner="Collections">
<msg time="2024-04-15T23:13:16.035817" level="INFO">False</msg>
<arg>${allowed_titles}</arg>
<arg>${name_title}</arg>
<doc>Fails if the ``value`` is not found from ``list``.</doc>
<status status="PASS" start="2024-04-15T23:13:16.035637" elapsed="0.000219"/>
</kw>
<kw name="Set Variable" owner="BuiltIn">
<msg time="2024-04-15T23:13:16.036544" level="INFO">${name_country} = AU</msg>
<var>${name_country}</var>
<arg>${json_data["results"][0]["nat"]}</arg>
<doc>Returns the given values which can then be assigned to a variables.</doc>
<status status="PASS" start="2024-04-15T23:13:16.036156" elapsed="0.000414"/>
</kw>
<kw name="Create List" owner="BuiltIn">
<msg time="2024-04-15T23:13:16.037528" level="INFO">${list_country} = ['AD', 'AE', 'AF', 'AG', 'AI', 'AL', 'AM', 'AO', 'AQ', 'AR', 'AS', 'AT', 'AU', 'AW', 'AX', 'AZ', 'BA', 'BB', 'BD', 'BE', 'BF', 'BG', 'BH', 'BI', 'BJ', 'BL', 'BM', 'BN', 'BO', 'BQ', 'BR', 'BS', 'BT', '...</msg>
<var>${list_country}</var>
<arg>AD</arg>
<arg>AE</arg>
<arg>AF</arg>
<arg>AG</arg>
<arg>AI</arg>
<arg>AL</arg>
<arg>AM</arg>
<arg>AO</arg>
<arg>AQ</arg>
<arg>AR</arg>
<arg>AS</arg>
<arg>AT</arg>
<arg>AU</arg>
<arg>AW</arg>
<arg>AX</arg>
<arg>AZ</arg>
<arg>BA</arg>
<arg>BB</arg>
<arg>BD</arg>
<arg>BE</arg>
<arg>BF</arg>
<arg>BG</arg>
<arg>BH</arg>
<arg>BI</arg>
<arg>BJ</arg>
<arg>BL</arg>
<arg>BM</arg>
<arg>BN</arg>
<arg>BO</arg>
<arg>BQ</arg>
<arg>BR</arg>
<arg>BS</arg>
<arg>BT</arg>
<arg>BV</arg>
<arg>BW</arg>
<arg>BY</arg>
<arg>BZ</arg>
<arg>CA</arg>
<arg>CC</arg>
<arg>CD</arg>
<arg>CF</arg>
<arg>CG</arg>
<arg>CH</arg>
<arg>CI</arg>
<arg>CK</arg>
<arg>CL</arg>
<arg>CM</arg>
<arg>CN</arg>
<arg>CO</arg>
<arg>CR</arg>
<arg>CU</arg>
<arg>CV</arg>
<arg>CW</arg>
<arg>CX</arg>
<arg>CY</arg>
<arg>CZ</arg>
<arg>DE</arg>
<arg>DJ</arg>
<arg>DK</arg>
<arg>DM</arg>
<arg>DO</arg>
<arg>DZ</arg>
<arg>EC</arg>
<arg>EE</arg>
<arg>EG</arg>
<arg>EH</arg>
<arg>ER</arg>
<arg>ES</arg>
<arg>ET</arg>
<arg>FI</arg>
<arg>FJ</arg>
<arg>FK</arg>
<arg>FM</arg>
<arg>FO</arg>
<arg>FR</arg>
<arg>GA</arg>
<arg>GB</arg>
<arg>GD</arg>
<arg>GE</arg>
<arg>GF</arg>
<arg>GG</arg>
<arg>GH</arg>
<arg>GI</arg>
<arg>GL</arg>
<arg>GM</arg>
<arg>GN</arg>
<arg>GP</arg>
<arg>GQ</arg>
<arg>GR</arg>
<arg>GS</arg>
<arg>GT</arg>
<arg>GU</arg>
<arg>GW</arg>
<arg>GY</arg>
<arg>HK</arg>
<arg>HM</arg>
<arg>HN</arg>
<arg>HR</arg>
<arg>HT</arg>
<arg>HU</arg>
<arg>ID</arg>
<arg>IE</arg>
<arg>IL</arg>
<arg>IM</arg>
<arg>IN</arg>
<arg>IO</arg>
<arg>IQ</arg>
<arg>IR</arg>
<arg>IS</arg>
<arg>IT</arg>
<arg>JE</arg>
<arg>JM</arg>
<arg>JO</arg>
<arg>JP</arg>
<arg>KE</arg>
<arg>KG</arg>
<arg>KH</arg>
<arg>KI</arg>
<arg>KM</arg>
<arg>KN</arg>
<arg>KP</arg>
<arg>KR</arg>
<arg>KW</arg>
<arg>KY</arg>
<arg>KZ</arg>
<arg>LA</arg>
<arg>LB</arg>
<arg>LC</arg>
<arg>LI</arg>
<arg>LK</arg>
<arg>LR</arg>
<arg>LS</arg>
<arg>LT</arg>
<arg>LU</arg>
<arg>LV</arg>
<arg>LY</arg>
<arg>MA</arg>
<arg>MC</arg>
<arg>MD</arg>
<arg>ME</arg>
<arg>MF</arg>
<arg>MG</arg>
<arg>MH</arg>
<arg>MK</arg>
<arg>ML</arg>
<arg>MM</arg>
<arg>MN</arg>
<arg>MO</arg>
<arg>MP</arg>
<arg>MQ</arg>
<arg>MR</arg>
<arg>MS</arg>
<arg>MT</arg>
<arg>MU</arg>
<arg>MV</arg>
<arg>MW</arg>
<arg>MX</arg>
<arg>MY</arg>
<arg>MZ</arg>
<arg>NA</arg>
<arg>NC</arg>
<arg>NE</arg>
<arg>NF</arg>
<arg>NG</arg>
<arg>NI</arg>
<arg>NL</arg>
<arg>NO</arg>
<arg>NP</arg>
<arg>NR</arg>
<arg>NU</arg>
<arg>NZ</arg>
<arg>OM</arg>
<arg>PA</arg>
<arg>PE</arg>
<arg>PF</arg>
<arg>PG</arg>
<arg>PH</arg>
<arg>PK</arg>
<arg>PL</arg>
<arg>PM</arg>
<arg>PN</arg>
<arg>PR</arg>
<arg>PS</arg>
<arg>PT</arg>
<arg>PW</arg>
<arg>PY</arg>
<arg>QA</arg>
<arg>RE</arg>
<arg>RO</arg>
<arg>RS</arg>
<arg>RU</arg>
<arg>RW</arg>
<arg>SA</arg>
<arg>SB</arg>
<arg>SC</arg>
<arg>SD</arg>
<arg>SE</arg>
<arg>SG</arg>
<arg>SH</arg>
<arg>SI</arg>
<arg>SJ</arg>
<arg>SK</arg>
<arg>SL</arg>
<arg>SM</arg>
<arg>SN</arg>
<arg>SO</arg>
<arg>SR</arg>
<arg>SS</arg>
<arg>ST</arg>
<arg>SV</arg>
<arg>SX</arg>
<arg>SY</arg>
<arg>SZ</arg>
<arg>TC</arg>
<arg>TD</arg>
<arg>TF</arg>
<arg>TG</arg>
<arg>TH</arg>
<arg>TJ</arg>
<arg>TK</arg>
<arg>TL</arg>
<arg>TM</arg>
<arg>TN</arg>
<arg>TO</arg>
<arg>TR</arg>
<arg>TT</arg>
<arg>TV</arg>
<arg>TW</arg>
<arg>TZ</arg>
<arg>UA</arg>
<arg>UG</arg>
<arg>UM</arg>
<arg>US</arg>
<arg>UY</arg>
<arg>UZ</arg>
<arg>VA</arg>
<arg>VC</arg>
<arg>VE</arg>
<arg>VG</arg>
<arg>VI</arg>
<arg>VN</arg>
<arg>VU</arg>
<arg>WF</arg>
<arg>WS</arg>
<arg>XK</arg>
<arg>YE</arg>
<arg>YT</arg>
<arg>ZA</arg>
<arg>ZM</arg>
<arg>ZW</arg>
<doc>Returns a list containing given items.</doc>
<status status="PASS" start="2024-04-15T23:13:16.036879" elapsed="0.000677"/>
</kw>
<kw name="List Should Contain Value" owner="Collections">
<msg time="2024-04-15T23:13:16.038563" level="INFO">False</msg>
<arg>${list_country}</arg>
<arg>${name_country}</arg>
<doc>Fails if the ``value`` is not found from ``list``.</doc>
<status status="PASS" start="2024-04-15T23:13:16.038359" elapsed="0.000243"/>
</kw>
<kw name="Run Keyword If" owner="BuiltIn">
<kw name="Should Be True" owner="BuiltIn">
<arg>${True}</arg>
<doc>Fails if the given condition is not true.</doc>
<status status="PASS" start="2024-04-15T23:13:16.039689" elapsed="0.000148"/>
</kw>
<arg>${json_data["results"][0]["location"]["coordinates"]["latitude"]} &gt;= -90 and ${json_data["results"][0]["location"]["coordinates"]["latitude"]} &lt;= 90</arg>
<arg>Should Be True</arg>
<arg>${True}</arg>
<doc>Runs the given keyword with the given arguments, if ``condition`` is true.</doc>
<status status="PASS" start="2024-04-15T23:13:16.038923" elapsed="0.001046"/>
</kw>
<kw name="Run Keyword If" owner="BuiltIn">
<kw name="Should Be True" owner="BuiltIn">
<arg>${True}</arg>
<doc>Fails if the given condition is not true.</doc>
<status status="PASS" start="2024-04-15T23:13:16.040870" elapsed="0.000249"/>
</kw>
<arg>${json_data["results"][0]["location"]["coordinates"]["longitude"]} &gt;= -180 and ${json_data["results"][0]["location"]["coordinates"]["longitude"]} &lt;= 180</arg>
<arg>Should Be True</arg>
<arg>${True}</arg>
<doc>Runs the given keyword with the given arguments, if ``condition`` is true.</doc>
<status status="PASS" start="2024-04-15T23:13:16.040164" elapsed="0.001123"/>
</kw>
<status status="PASS" start="2024-04-15T23:13:15.932437" elapsed="0.108989"/>
</kw>
<doc>Testa o conteúdo específico dos campos retornados pela API.</doc>
<tag>testeConteudo</tag>
<status status="PASS" start="2024-04-15T23:13:15.931720" elapsed="0.109859"/>
</test>
<status status="PASS" start="2024-04-15T23:13:15.193164" elapsed="0.850345"/>
</suite>
<status status="PASS" start="2024-04-15T23:13:15.179337" elapsed="0.869475"/>
</suite>
<statistics>
<total>
<stat pass="5" fail="0" skip="0">All Tests</stat>
</total>
<tag>
<stat pass="1" fail="0" skip="0">testeConteudo</stat>
<stat pass="1" fail="0" skip="0">testeEstruturaResposta</stat>
<stat pass="1" fail="0" skip="0">testeRequisicaoBasica</stat>
<stat pass="1" fail="0" skip="0">testeTiposDados</stat>
</tag>
<suite>
<stat pass="5" fail="0" skip="0" id="s1" name="Tests">Tests</stat>
<stat pass="5" fail="0" skip="0" id="s1-s1" name="Random-User-Test">Tests.Random-User-Test</stat>
</suite>
</statistics>
<errors>
</errors>
</robot>
