<?xml version="1.0" encoding="UTF-8"?>
<robot generator="Robot 7.0.1 (Python 3.12.4 on linux)" generated="2024-08-02T18:20:35.193277" rpa="false" schemaversion="5">
<suite id="s1" name="Tests" source="/home/runner/work/ApiRandomUser/ApiRandomUser/RamdonUser/tests">
<suite id="s1-s1" name="Random-User-Test" source="/home/runner/work/ApiRandomUser/ApiRandomUser/RamdonUser/tests/random-user-test.robot">
<test id="s1-s1-t1" name="Conectar" line="13">
<kw name="Conectar API" owner="random-user-service">
<kw name="Create Session" owner="RequestsLibrary">
<msg time="2024-08-02T18:20:35.597924" level="INFO">Creating Session using : alias=consultarAPI, url=https://randomuser.me/, headers={},                     cookies={}, auth=None, timeout=None, proxies=None, verify=False,                     debug=0 </msg>
<arg>consultarAPI</arg>
<arg>${URL}</arg>
<doc>Create Session: create a HTTP session to a server</doc>
<status status="PASS" start="2024-08-02T18:20:35.597720" elapsed="0.000393"/>
</kw>
<status status="PASS" start="2024-08-02T18:20:35.596662" elapsed="0.001813"/>
</kw>
<status status="PASS" start="2024-08-02T18:20:35.596072" elapsed="0.002599"/>
</test>
<test id="s1-s1-t2" name="Validar retorno 200 e JSON Válido" line="16">
<kw name="Teste de Requisicao Basica" owner="random-user-service">
<kw name="GET On Session" owner="RequestsLibrary">
<msg time="2024-08-02T18:20:35.750058" level="INFO">GET Request : url=https://randomuser.me/api 
 path_url=/api 
 headers={'User-Agent': 'python-requests/2.32.3', 'Accept-Encoding': 'gzip, deflate', 'Accept': '*/*', 'Connection': 'keep-alive'} 
 body=None 
 </msg>
<msg time="2024-08-02T18:20:35.750223" level="INFO">GET Response : url=https://randomuser.me/api 
 status=200, reason=OK 
 headers={'Date': 'Fri, 02 Aug 2024 18:20:35 GMT', 'Content-Type': 'application/json; charset=utf-8', 'Transfer-Encoding': 'chunked', 'Connection': 'keep-alive', 'X-Powered-By': 'Express', 'Access-Control-Allow-Origin': '*', 'Cache-Control': 'no-cache', 'ETag': 'W/"487-vVPlNizzRxv4XbSc+jjW6Ig2zQ0"', 'Vary': 'Accept-Encoding', 'Content-Encoding': 'gzip', 'CF-Cache-Status': 'DYNAMIC', 'Report-To': '{"endpoints":[{"url":"https:\\/\\/a.nel.cloudflare.com\\/report\\/v4?s=ENdDpIt8jX2DtpnddTz%2FfQItezXk4DjMI50fcxkrURvikMk4WomVZ8ZKfwHjENM84Jmn1WtDirvkC1XEtyjGTV66%2F%2Be7F4dszcWHVMy25lIiGNZda2nJg9BqDdjjP7gS"}],"group":"cf-nel","max_age":604800}', 'NEL': '{"success_fraction":0,"report_to":"cf-nel","max_age":604800}', 'Server': 'cloudflare', 'CF-RAY': '8ad01532bbfbe259-ORD', 'alt-svc': 'h3=":443"; ma=86400'} 
 body={"results":[{"gender":"female","name":{"title":"Miss","first":"Ángeles","last":"Blanco"},"location":{"street":{"number":6348,"name":"Avenida de Salamanca"},"city":"Córdoba","state":"Canarias","country":"Spain","postcode":43095,"coordinates":{"latitude":"-30.1665","longitude":"4.0179"},"timezone":{"offset":"+9:30","description":"Adelaide, Darwin"}},"email":"angeles.blanco@example.com","login":{"uuid":"104ea232-5006-4c3a-81f6-75eadb68b2ca","username":"happyladybug417","password":"video","salt":"bbzXlMIg","md5":"45c08624584549be6095f968095bf99e","sha1":"d27a238119f7bb1f1c1546ae46936f16573f773a","sha256":"f5aaa6ff6967949514a7808ffb2d342c4a1b9845d14394da02b21ef43b3fe78f"},"dob":{"date":"1997-08-11T08:16:09.515Z","age":26},"registered":{"date":"2015-07-22T13:22:02.198Z","age":9},"phone":"974-571-764","cell":"693-127-660","id":{"name":"DNI","value":"79535628-N"},"picture":{"large":"https://randomuser.me/api/portraits/women/81.jpg","medium":"https://randomuser.me/api/portraits/med/women/81.jpg","thumbnail":"https://randomuser.me/api/portraits/thumb/women/81.jpg"},"nat":"ES"}],"info":{"seed":"5c7102a7d3015f7b","results":1,"page":1,"version":"1.4"}} 
 </msg>
<msg time="2024-08-02T18:20:35.750308" level="INFO">/opt/hostedtoolcache/Python/3.12.4/x64/lib/python3.12/site-packages/urllib3/connectionpool.py:1099: InsecureRequestWarning: Unverified HTTPS request is being made to host 'randomuser.me'. Adding certificate verification is strongly advised. See: https://urllib3.readthedocs.io/en/latest/advanced-usage.html#tls-warnings
  warnings.warn(</msg>
<msg time="2024-08-02T18:20:35.750471" level="INFO">${response} = &lt;Response [200]&gt;</msg>
<var>${response}</var>
<arg>consultarAPI</arg>
<arg>/api</arg>
<doc>Sends a GET request on a previously created HTTP Session.</doc>
<status status="PASS" start="2024-08-02T18:20:35.601378" elapsed="0.149134"/>
</kw>
<kw name="Should Be Equal As Numbers" owner="BuiltIn">
<msg time="2024-08-02T18:20:35.751677" level="INFO">Argument types are:
&lt;class 'int'&gt;
&lt;class 'str'&gt;</msg>
<arg>${response.status_code}</arg>
<arg>200</arg>
<doc>Fails if objects are unequal after converting them to real numbers.</doc>
<status status="PASS" start="2024-08-02T18:20:35.751149" elapsed="0.000594"/>
</kw>
<kw name="Log" owner="BuiltIn">
<msg time="2024-08-02T18:20:35.752423" level="INFO">200</msg>
<arg>${response.status_code}</arg>
<doc>Logs the given message with the given level.</doc>
<status status="PASS" start="2024-08-02T18:20:35.752067" elapsed="0.000399"/>
</kw>
<kw name="Set Variable" owner="BuiltIn">
<msg time="2024-08-02T18:20:35.753214" level="INFO">${json_data} = {'results': [{'gender': 'female', 'name': {'title': 'Miss', 'first': 'Ángeles', 'last': 'Blanco'}, 'location': {'street': {'number': 6348, 'name': 'Avenida de Salamanca'}, 'city': 'Córdoba', 'state': ...</msg>
<var>${json_data}</var>
<arg>${response.json()}</arg>
<doc>Returns the given values which can then be assigned to a variables.</doc>
<status status="PASS" start="2024-08-02T18:20:35.752772" elapsed="0.000471"/>
</kw>
<kw name="Dictionary Should Contain Key" owner="Collections">
<arg>${json_data}</arg>
<arg>results</arg>
<doc>Fails if ``key`` is not found from ``dictionary``.</doc>
<status status="PASS" start="2024-08-02T18:20:35.753555" elapsed="0.000338"/>
</kw>
<status status="PASS" start="2024-08-02T18:20:35.601129" elapsed="0.152921"/>
</kw>
<doc>Testa se a API responde corretamente e retorna um objeto JSON válido.</doc>
<tag>testeRequisicaoBasica</tag>
<status status="PASS" start="2024-08-02T18:20:35.600618" elapsed="0.153607"/>
</test>
<test id="s1-s1-t3" name="Validar estrutura de resposta" line="22">
<kw name="Teste de Estrutura de Resposta" owner="random-user-service">
<kw name="GET On Session" owner="RequestsLibrary">
<msg time="2024-08-02T18:20:35.866232" level="INFO">GET Request : url=https://randomuser.me/api 
 path_url=/api 
 headers={'User-Agent': 'python-requests/2.32.3', 'Accept-Encoding': 'gzip, deflate', 'Accept': '*/*', 'Connection': 'keep-alive'} 
 body=None 
 </msg>
<msg time="2024-08-02T18:20:35.866332" level="INFO">GET Response : url=https://randomuser.me/api 
 status=200, reason=OK 
 headers={'Date': 'Fri, 02 Aug 2024 18:20:35 GMT', 'Content-Type': 'application/json; charset=utf-8', 'Transfer-Encoding': 'chunked', 'Connection': 'keep-alive', 'X-Powered-By': 'Express', 'Access-Control-Allow-Origin': '*', 'Cache-Control': 'no-cache', 'ETag': 'W/"489-397vciIwC2vc9kfOUvtWY7ynyEo"', 'Vary': 'Accept-Encoding', 'Content-Encoding': 'gzip', 'CF-Cache-Status': 'DYNAMIC', 'Report-To': '{"endpoints":[{"url":"https:\\/\\/a.nel.cloudflare.com\\/report\\/v4?s=iN2lF9Xg4gInekmsjOSYBU7fAMk6k4ov1oxvse%2BMt%2FLW0%2BEbP8p61gnwbbcRP227UwdslIZ4BTI5VddLwm0X0lHgEu497oFMPBfwzgQenRkbHdBS%2FMr7NyRyhq%2Bsahn3"}],"group":"cf-nel","max_age":604800}', 'NEL': '{"success_fraction":0,"report_to":"cf-nel","max_age":604800}', 'Server': 'cloudflare', 'CF-RAY': '8ad015337cf1e259-ORD', 'alt-svc': 'h3=":443"; ma=86400'} 
 body={"results":[{"gender":"male","name":{"title":"Mr","first":"Louis","last":"Johnson"},"location":{"street":{"number":3285,"name":"King St"},"city":"Wellington","state":"Saskatchewan","country":"Canada","postcode":"Q5J 5T6","coordinates":{"latitude":"-70.7546","longitude":"-113.8781"},"timezone":{"offset":"-7:00","description":"Mountain Time (US &amp; Canada)"}},"email":"louis.johnson@example.com","login":{"uuid":"86258fd8-583d-4d04-badd-68b6cf9ff79c","username":"ticklishsnake465","password":"osiris","salt":"vFnZZbsR","md5":"e5d6abf39b56f7ba2d04e8fcbdd40873","sha1":"020c41c8449048b8f0ba0ab47da6c23e91ceb5b4","sha256":"c1b17eb692a751c23303e593ff92995d901801e00795f0c000baf5288d09f5fa"},"dob":{"date":"1976-04-30T22:00:01.466Z","age":48},"registered":{"date":"2016-03-18T01:11:26.865Z","age":8},"phone":"U95 Y94-6828","cell":"Y90 C59-7250","id":{"name":"SIN","value":"472683317"},"picture":{"large":"https://randomuser.me/api/portraits/men/38.jpg","medium":"https://randomuser.me/api/portraits/med/men/38.jpg","thumbnail":"https://randomuser.me/api/portraits/thumb/men/38.jpg"},"nat":"CA"}],"info":{"seed":"fe889d0faaff8dc2","results":1,"page":1,"version":"1.4"}} 
 </msg>
<msg time="2024-08-02T18:20:35.866460" level="INFO">/opt/hostedtoolcache/Python/3.12.4/x64/lib/python3.12/site-packages/urllib3/connectionpool.py:1099: InsecureRequestWarning: Unverified HTTPS request is being made to host 'randomuser.me'. Adding certificate verification is strongly advised. See: https://urllib3.readthedocs.io/en/latest/advanced-usage.html#tls-warnings
  warnings.warn(</msg>
<msg time="2024-08-02T18:20:35.866603" level="INFO">${response} = &lt;Response [200]&gt;</msg>
<var>${response}</var>
<arg>consultarAPI</arg>
<arg>/api</arg>
<doc>Sends a GET request on a previously created HTTP Session.</doc>
<status status="PASS" start="2024-08-02T18:20:35.756940" elapsed="0.109703"/>
</kw>
<kw name="Set Variable" owner="BuiltIn">
<msg time="2024-08-02T18:20:35.867834" level="INFO">${json_data} = {'results': [{'gender': 'male', 'name': {'title': 'Mr', 'first': 'Louis', 'last': 'Johnson'}, 'location': {'street': {'number': 3285, 'name': 'King St'}, 'city': 'Wellington', 'state': 'Saskatchewan',...</msg>
<var>${json_data}</var>
<arg>${response.json()}</arg>
<doc>Returns the given values which can then be assigned to a variables.</doc>
<status status="PASS" start="2024-08-02T18:20:35.867256" elapsed="0.000608"/>
</kw>
<kw name="Log" owner="BuiltIn">
<msg time="2024-08-02T18:20:35.868348" level="INFO">{'results': [{'gender': 'male', 'name': {'title': 'Mr', 'first': 'Louis', 'last': 'Johnson'}, 'location': {'street': {'number': 3285, 'name': 'King St'}, 'city': 'Wellington', 'state': 'Saskatchewan', 'country': 'Canada', 'postcode': 'Q5J 5T6', 'coordinates': {'latitude': '-70.7546', 'longitude': '-113.8781'}, 'timezone': {'offset': '-7:00', 'description': 'Mountain Time (US &amp; Canada)'}}, 'email': 'louis.johnson@example.com', 'login': {'uuid': '86258fd8-583d-4d04-badd-68b6cf9ff79c', 'username': 'ticklishsnake465', 'password': 'osiris', 'salt': 'vFnZZbsR', 'md5': 'e5d6abf39b56f7ba2d04e8fcbdd40873', 'sha1': '020c41c8449048b8f0ba0ab47da6c23e91ceb5b4', 'sha256': 'c1b17eb692a751c23303e593ff92995d901801e00795f0c000baf5288d09f5fa'}, 'dob': {'date': '1976-04-30T22:00:01.466Z', 'age': 48}, 'registered': {'date': '2016-03-18T01:11:26.865Z', 'age': 8}, 'phone': 'U95 Y94-6828', 'cell': 'Y90 C59-7250', 'id': {'name': 'SIN', 'value': '472683317'}, 'picture': {'large': 'https://randomuser.me/api/portraits/men/38.jpg', 'medium': 'https://randomuser.me/api/portraits/med/men/38.jpg', 'thumbnail': 'https://randomuser.me/api/portraits/thumb/men/38.jpg'}, 'nat': 'CA'}], 'info': {'seed': 'fe889d0faaff8dc2', 'results': 1, 'page': 1, 'version': '1.4'}}</msg>
<arg>${json_data}</arg>
<doc>Logs the given message with the given level.</doc>
<status status="PASS" start="2024-08-02T18:20:35.868181" elapsed="0.000219"/>
</kw>
<kw name="Dictionary Should Contain Key" owner="Collections">
<arg>${json_data}</arg>
<arg>results</arg>
<doc>Fails if ``key`` is not found from ``dictionary``.</doc>
<status status="PASS" start="2024-08-02T18:20:35.868702" elapsed="0.000168"/>
</kw>
<kw name="Should Not Be Empty" owner="BuiltIn">
<msg time="2024-08-02T18:20:35.869189" level="INFO">Length is 2.</msg>
<arg>${json_data}</arg>
<doc>Verifies that the given item is not empty.</doc>
<status status="PASS" start="2024-08-02T18:20:35.869058" elapsed="0.000170"/>
</kw>
<kw name="Create List" owner="BuiltIn">
<msg time="2024-08-02T18:20:35.869681" level="INFO">${expected_keys} = ['gender', 'name', 'location', 'email', 'login']</msg>
<var>${expected_keys}</var>
<arg>gender</arg>
<arg>name</arg>
<arg>location</arg>
<arg>email</arg>
<arg>login</arg>
<doc>Returns a list containing given items.</doc>
<status status="PASS" start="2024-08-02T18:20:35.869523" elapsed="0.000183"/>
</kw>
<for flavor="IN">
<iter>
<kw name="Dictionary Should Contain Key" owner="Collections">
<arg>${json_data['results'][0]}</arg>
<arg>${key}</arg>
<doc>Fails if ``key`` is not found from ``dictionary``.</doc>
<status status="PASS" start="2024-08-02T18:20:35.870310" elapsed="0.000413"/>
</kw>
<kw name="Log" owner="BuiltIn">
<msg time="2024-08-02T18:20:35.871271" level="INFO">{'gender': 'male', 'name': {'title': 'Mr', 'first': 'Louis', 'last': 'Johnson'}, 'location': {'street': {'number': 3285, 'name': 'King St'}, 'city': 'Wellington', 'state': 'Saskatchewan', 'country': 'Canada', 'postcode': 'Q5J 5T6', 'coordinates': {'latitude': '-70.7546', 'longitude': '-113.8781'}, 'timezone': {'offset': '-7:00', 'description': 'Mountain Time (US &amp; Canada)'}}, 'email': 'louis.johnson@example.com', 'login': {'uuid': '86258fd8-583d-4d04-badd-68b6cf9ff79c', 'username': 'ticklishsnake465', 'password': 'osiris', 'salt': 'vFnZZbsR', 'md5': 'e5d6abf39b56f7ba2d04e8fcbdd40873', 'sha1': '020c41c8449048b8f0ba0ab47da6c23e91ceb5b4', 'sha256': 'c1b17eb692a751c23303e593ff92995d901801e00795f0c000baf5288d09f5fa'}, 'dob': {'date': '1976-04-30T22:00:01.466Z', 'age': 48}, 'registered': {'date': '2016-03-18T01:11:26.865Z', 'age': 8}, 'phone': 'U95 Y94-6828', 'cell': 'Y90 C59-7250', 'id': {'name': 'SIN', 'value': '472683317'}, 'picture': {'large': 'https://randomuser.me/api/portraits/men/38.jpg', 'medium': 'https://randomuser.me/api/portraits/med/men/38.jpg', 'thumbnail': 'https://randomuser.me/api/portraits/thumb/men/38.jpg'}, 'nat': 'CA'}</msg>
<arg>${json_data['results'][0]}</arg>
<doc>Logs the given message with the given level.</doc>
<status status="PASS" start="2024-08-02T18:20:35.870911" elapsed="0.000446"/>
</kw>
<kw name="Log" owner="BuiltIn">
<msg time="2024-08-02T18:20:35.871806" level="INFO">gender</msg>
<arg>${key}</arg>
<doc>Logs the given message with the given level.</doc>
<status status="PASS" start="2024-08-02T18:20:35.871673" elapsed="0.000173"/>
</kw>
<var name="${key}">gender</var>
<status status="PASS" start="2024-08-02T18:20:35.870179" elapsed="0.001887"/>
</iter>
<iter>
<kw name="Dictionary Should Contain Key" owner="Collections">
<arg>${json_data['results'][0]}</arg>
<arg>${key}</arg>
<doc>Fails if ``key`` is not found from ``dictionary``.</doc>
<status status="PASS" start="2024-08-02T18:20:35.872364" elapsed="0.000394"/>
</kw>
<kw name="Log" owner="BuiltIn">
<msg time="2024-08-02T18:20:35.873296" level="INFO">{'gender': 'male', 'name': {'title': 'Mr', 'first': 'Louis', 'last': 'Johnson'}, 'location': {'street': {'number': 3285, 'name': 'King St'}, 'city': 'Wellington', 'state': 'Saskatchewan', 'country': 'Canada', 'postcode': 'Q5J 5T6', 'coordinates': {'latitude': '-70.7546', 'longitude': '-113.8781'}, 'timezone': {'offset': '-7:00', 'description': 'Mountain Time (US &amp; Canada)'}}, 'email': 'louis.johnson@example.com', 'login': {'uuid': '86258fd8-583d-4d04-badd-68b6cf9ff79c', 'username': 'ticklishsnake465', 'password': 'osiris', 'salt': 'vFnZZbsR', 'md5': 'e5d6abf39b56f7ba2d04e8fcbdd40873', 'sha1': '020c41c8449048b8f0ba0ab47da6c23e91ceb5b4', 'sha256': 'c1b17eb692a751c23303e593ff92995d901801e00795f0c000baf5288d09f5fa'}, 'dob': {'date': '1976-04-30T22:00:01.466Z', 'age': 48}, 'registered': {'date': '2016-03-18T01:11:26.865Z', 'age': 8}, 'phone': 'U95 Y94-6828', 'cell': 'Y90 C59-7250', 'id': {'name': 'SIN', 'value': '472683317'}, 'picture': {'large': 'https://randomuser.me/api/portraits/men/38.jpg', 'medium': 'https://randomuser.me/api/portraits/med/men/38.jpg', 'thumbnail': 'https://randomuser.me/api/portraits/thumb/men/38.jpg'}, 'nat': 'CA'}</msg>
<arg>${json_data['results'][0]}</arg>
<doc>Logs the given message with the given level.</doc>
<status status="PASS" start="2024-08-02T18:20:35.872942" elapsed="0.000435"/>
</kw>
<kw name="Log" owner="BuiltIn">
<msg time="2024-08-02T18:20:35.873806" level="INFO">name</msg>
<arg>${key}</arg>
<doc>Logs the given message with the given level.</doc>
<status status="PASS" start="2024-08-02T18:20:35.873678" elapsed="0.000166"/>
</kw>
<var name="${key}">name</var>
<status status="PASS" start="2024-08-02T18:20:35.872253" elapsed="0.001813"/>
</iter>
<iter>
<kw name="Dictionary Should Contain Key" owner="Collections">
<arg>${json_data['results'][0]}</arg>
<arg>${key}</arg>
<doc>Fails if ``key`` is not found from ``dictionary``.</doc>
<status status="PASS" start="2024-08-02T18:20:35.874351" elapsed="0.000381"/>
</kw>
<kw name="Log" owner="BuiltIn">
<msg time="2024-08-02T18:20:35.875275" level="INFO">{'gender': 'male', 'name': {'title': 'Mr', 'first': 'Louis', 'last': 'Johnson'}, 'location': {'street': {'number': 3285, 'name': 'King St'}, 'city': 'Wellington', 'state': 'Saskatchewan', 'country': 'Canada', 'postcode': 'Q5J 5T6', 'coordinates': {'latitude': '-70.7546', 'longitude': '-113.8781'}, 'timezone': {'offset': '-7:00', 'description': 'Mountain Time (US &amp; Canada)'}}, 'email': 'louis.johnson@example.com', 'login': {'uuid': '86258fd8-583d-4d04-badd-68b6cf9ff79c', 'username': 'ticklishsnake465', 'password': 'osiris', 'salt': 'vFnZZbsR', 'md5': 'e5d6abf39b56f7ba2d04e8fcbdd40873', 'sha1': '020c41c8449048b8f0ba0ab47da6c23e91ceb5b4', 'sha256': 'c1b17eb692a751c23303e593ff92995d901801e00795f0c000baf5288d09f5fa'}, 'dob': {'date': '1976-04-30T22:00:01.466Z', 'age': 48}, 'registered': {'date': '2016-03-18T01:11:26.865Z', 'age': 8}, 'phone': 'U95 Y94-6828', 'cell': 'Y90 C59-7250', 'id': {'name': 'SIN', 'value': '472683317'}, 'picture': {'large': 'https://randomuser.me/api/portraits/men/38.jpg', 'medium': 'https://randomuser.me/api/portraits/med/men/38.jpg', 'thumbnail': 'https://randomuser.me/api/portraits/thumb/men/38.jpg'}, 'nat': 'CA'}</msg>
<arg>${json_data['results'][0]}</arg>
<doc>Logs the given message with the given level.</doc>
<status status="PASS" start="2024-08-02T18:20:35.874923" elapsed="0.000434"/>
</kw>
<kw name="Log" owner="BuiltIn">
<msg time="2024-08-02T18:20:35.875812" level="INFO">location</msg>
<arg>${key}</arg>
<doc>Logs the given message with the given level.</doc>
<status status="PASS" start="2024-08-02T18:20:35.875679" elapsed="0.000172"/>
</kw>
<var name="${key}">location</var>
<status status="PASS" start="2024-08-02T18:20:35.874243" elapsed="0.001826"/>
</iter>
<iter>
<kw name="Dictionary Should Contain Key" owner="Collections">
<arg>${json_data['results'][0]}</arg>
<arg>${key}</arg>
<doc>Fails if ``key`` is not found from ``dictionary``.</doc>
<status status="PASS" start="2024-08-02T18:20:35.876348" elapsed="0.000388"/>
</kw>
<kw name="Log" owner="BuiltIn">
<msg time="2024-08-02T18:20:35.877407" level="INFO">{'gender': 'male', 'name': {'title': 'Mr', 'first': 'Louis', 'last': 'Johnson'}, 'location': {'street': {'number': 3285, 'name': 'King St'}, 'city': 'Wellington', 'state': 'Saskatchewan', 'country': 'Canada', 'postcode': 'Q5J 5T6', 'coordinates': {'latitude': '-70.7546', 'longitude': '-113.8781'}, 'timezone': {'offset': '-7:00', 'description': 'Mountain Time (US &amp; Canada)'}}, 'email': 'louis.johnson@example.com', 'login': {'uuid': '86258fd8-583d-4d04-badd-68b6cf9ff79c', 'username': 'ticklishsnake465', 'password': 'osiris', 'salt': 'vFnZZbsR', 'md5': 'e5d6abf39b56f7ba2d04e8fcbdd40873', 'sha1': '020c41c8449048b8f0ba0ab47da6c23e91ceb5b4', 'sha256': 'c1b17eb692a751c23303e593ff92995d901801e00795f0c000baf5288d09f5fa'}, 'dob': {'date': '1976-04-30T22:00:01.466Z', 'age': 48}, 'registered': {'date': '2016-03-18T01:11:26.865Z', 'age': 8}, 'phone': 'U95 Y94-6828', 'cell': 'Y90 C59-7250', 'id': {'name': 'SIN', 'value': '472683317'}, 'picture': {'large': 'https://randomuser.me/api/portraits/men/38.jpg', 'medium': 'https://randomuser.me/api/portraits/med/men/38.jpg', 'thumbnail': 'https://randomuser.me/api/portraits/thumb/men/38.jpg'}, 'nat': 'CA'}</msg>
<arg>${json_data['results'][0]}</arg>
<doc>Logs the given message with the given level.</doc>
<status status="PASS" start="2024-08-02T18:20:35.877050" elapsed="0.000408"/>
</kw>
<kw name="Log" owner="BuiltIn">
<msg time="2024-08-02T18:20:35.877891" level="INFO">email</msg>
<arg>${key}</arg>
<doc>Logs the given message with the given level.</doc>
<status status="PASS" start="2024-08-02T18:20:35.877759" elapsed="0.000172"/>
</kw>
<var name="${key}">email</var>
<status status="PASS" start="2024-08-02T18:20:35.876241" elapsed="0.001909"/>
</iter>
<iter>
<kw name="Dictionary Should Contain Key" owner="Collections">
<arg>${json_data['results'][0]}</arg>
<arg>${key}</arg>
<doc>Fails if ``key`` is not found from ``dictionary``.</doc>
<status status="PASS" start="2024-08-02T18:20:35.878437" elapsed="0.000384"/>
</kw>
<kw name="Log" owner="BuiltIn">
<msg time="2024-08-02T18:20:35.879414" level="INFO">{'gender': 'male', 'name': {'title': 'Mr', 'first': 'Louis', 'last': 'Johnson'}, 'location': {'street': {'number': 3285, 'name': 'King St'}, 'city': 'Wellington', 'state': 'Saskatchewan', 'country': 'Canada', 'postcode': 'Q5J 5T6', 'coordinates': {'latitude': '-70.7546', 'longitude': '-113.8781'}, 'timezone': {'offset': '-7:00', 'description': 'Mountain Time (US &amp; Canada)'}}, 'email': 'louis.johnson@example.com', 'login': {'uuid': '86258fd8-583d-4d04-badd-68b6cf9ff79c', 'username': 'ticklishsnake465', 'password': 'osiris', 'salt': 'vFnZZbsR', 'md5': 'e5d6abf39b56f7ba2d04e8fcbdd40873', 'sha1': '020c41c8449048b8f0ba0ab47da6c23e91ceb5b4', 'sha256': 'c1b17eb692a751c23303e593ff92995d901801e00795f0c000baf5288d09f5fa'}, 'dob': {'date': '1976-04-30T22:00:01.466Z', 'age': 48}, 'registered': {'date': '2016-03-18T01:11:26.865Z', 'age': 8}, 'phone': 'U95 Y94-6828', 'cell': 'Y90 C59-7250', 'id': {'name': 'SIN', 'value': '472683317'}, 'picture': {'large': 'https://randomuser.me/api/portraits/men/38.jpg', 'medium': 'https://randomuser.me/api/portraits/med/men/38.jpg', 'thumbnail': 'https://randomuser.me/api/portraits/thumb/men/38.jpg'}, 'nat': 'CA'}</msg>
<arg>${json_data['results'][0]}</arg>
<doc>Logs the given message with the given level.</doc>
<status status="PASS" start="2024-08-02T18:20:35.879023" elapsed="0.000442"/>
</kw>
<kw name="Log" owner="BuiltIn">
<msg time="2024-08-02T18:20:35.879896" level="INFO">login</msg>
<arg>${key}</arg>
<doc>Logs the given message with the given level.</doc>
<status status="PASS" start="2024-08-02T18:20:35.879765" elapsed="0.000171"/>
</kw>
<var name="${key}">login</var>
<status status="PASS" start="2024-08-02T18:20:35.878327" elapsed="0.001834"/>
</iter>
<var>${key}</var>
<value>@{expected_keys}</value>
<status status="PASS" start="2024-08-02T18:20:35.869978" elapsed="0.010303"/>
</for>
<kw name="Create List" owner="BuiltIn">
<msg time="2024-08-02T18:20:35.880618" level="INFO">${expected_keysTwo} = ['username', 'password']</msg>
<var>${expected_keysTwo}</var>
<arg>username</arg>
<arg>password</arg>
<doc>Returns a list containing given items.</doc>
<status status="PASS" start="2024-08-02T18:20:35.880474" elapsed="0.000196"/>
</kw>
<for flavor="IN">
<iter>
<kw name="Dictionary Should Contain Key" owner="Collections">
<arg>${json_data['results'][0]['login']}</arg>
<arg>${keyTwo}</arg>
<doc>Fails if ``key`` is not found from ``dictionary``.</doc>
<status status="PASS" start="2024-08-02T18:20:35.881179" elapsed="0.000383"/>
</kw>
<kw name="Dictionary Should Contain Key" owner="Collections">
<arg>${json_data['results'][0]['login']}</arg>
<arg>${keyTwo}</arg>
<doc>Fails if ``key`` is not found from ``dictionary``.</doc>
<status status="PASS" start="2024-08-02T18:20:35.881744" elapsed="0.000382"/>
</kw>
<kw name="Log" owner="BuiltIn">
<msg time="2024-08-02T18:20:35.882427" level="INFO">username</msg>
<arg>${keyTwo}</arg>
<doc>Logs the given message with the given level.</doc>
<status status="PASS" start="2024-08-02T18:20:35.882304" elapsed="0.000162"/>
</kw>
<var name="${keyTwo}">username</var>
<status status="PASS" start="2024-08-02T18:20:35.881072" elapsed="0.001616"/>
</iter>
<iter>
<kw name="Dictionary Should Contain Key" owner="Collections">
<arg>${json_data['results'][0]['login']}</arg>
<arg>${keyTwo}</arg>
<doc>Fails if ``key`` is not found from ``dictionary``.</doc>
<status status="PASS" start="2024-08-02T18:20:35.882976" elapsed="0.000419"/>
</kw>
<kw name="Dictionary Should Contain Key" owner="Collections">
<arg>${json_data['results'][0]['login']}</arg>
<arg>${keyTwo}</arg>
<doc>Fails if ``key`` is not found from ``dictionary``.</doc>
<status status="PASS" start="2024-08-02T18:20:35.883577" elapsed="0.000381"/>
</kw>
<kw name="Log" owner="BuiltIn">
<msg time="2024-08-02T18:20:35.884264" level="INFO">password</msg>
<arg>${keyTwo}</arg>
<doc>Logs the given message with the given level.</doc>
<status status="PASS" start="2024-08-02T18:20:35.884136" elapsed="0.000167"/>
</kw>
<var name="${keyTwo}">password</var>
<status status="PASS" start="2024-08-02T18:20:35.882861" elapsed="0.001667"/>
</iter>
<var>${keyTwo}</var>
<value>@{expected_keysTwo}</value>
<status status="PASS" start="2024-08-02T18:20:35.880916" elapsed="0.003734"/>
</for>
<status status="PASS" start="2024-08-02T18:20:35.756701" elapsed="0.128092"/>
</kw>
<doc>Testa a estrutura da resposta da API.</doc>
<tag>testeEstruturaResposta</tag>
<status status="PASS" start="2024-08-02T18:20:35.756121" elapsed="0.128830"/>
</test>
<test id="s1-s1-t4" name="Validar tipos de dados" line="28">
<kw name="Teste de Tipos de Dados" owner="random-user-service">
<kw name="GET On Session" owner="RequestsLibrary">
<msg time="2024-08-02T18:20:35.970554" level="INFO">GET Request : url=https://randomuser.me/api 
 path_url=/api 
 headers={'User-Agent': 'python-requests/2.32.3', 'Accept-Encoding': 'gzip, deflate', 'Accept': '*/*', 'Connection': 'keep-alive'} 
 body=None 
 </msg>
<msg time="2024-08-02T18:20:35.970654" level="INFO">GET Response : url=https://randomuser.me/api 
 status=200, reason=OK 
 headers={'Date': 'Fri, 02 Aug 2024 18:20:35 GMT', 'Content-Type': 'application/json; charset=utf-8', 'Transfer-Encoding': 'chunked', 'Connection': 'keep-alive', 'X-Powered-By': 'Express', 'Access-Control-Allow-Origin': '*', 'Cache-Control': 'no-cache', 'ETag': 'W/"47f-k+nwmgPfG2xff1IptUZbQtxnbk0"', 'Vary': 'Accept-Encoding', 'Content-Encoding': 'gzip', 'CF-Cache-Status': 'DYNAMIC', 'Report-To': '{"endpoints":[{"url":"https:\\/\\/a.nel.cloudflare.com\\/report\\/v4?s=QRrxwMdkw7MTkJVg5cxIZpUVdxcSeoLtgb8iqatSmuSlrrbpQi6nIVlU7tHwjr0YmUGBmDStmSnApaWffs%2FK6DQqz3f2nmKj02%2BYA1jLhOFD3JQZHv%2BldUK2l2zmO6BE"}],"group":"cf-nel","max_age":604800}', 'NEL': '{"success_fraction":0,"report_to":"cf-nel","max_age":604800}', 'Server': 'cloudflare', 'CF-RAY': '8ad015345dcce259-ORD', 'alt-svc': 'h3=":443"; ma=86400'} 
 body={"results":[{"gender":"male","name":{"title":"Mr","first":"Mitesh","last":"Prabhakaran"},"location":{"street":{"number":1278,"name":"Marine Drive"},"city":"Erode","state":"Jharkhand","country":"India","postcode":28510,"coordinates":{"latitude":"8.0146","longitude":"-66.6494"},"timezone":{"offset":"+6:00","description":"Almaty, Dhaka, Colombo"}},"email":"mitesh.prabhakaran@example.com","login":{"uuid":"9ac28473-6680-4619-9918-f25fbfa254fb","username":"biglion975","password":"malaka","salt":"yBHbxgLu","md5":"2ae8615a89fe56d5cb1ece3bbf386e41","sha1":"0bed2e23dd4d9bd446e63aff55e62987e8713709","sha256":"89aaad20c9927447a45b792697d7ae27b79f18f08c01ff4598c1a99c37a1e00e"},"dob":{"date":"1952-06-11T04:03:17.415Z","age":72},"registered":{"date":"2009-07-08T19:08:42.197Z","age":15},"phone":"9961329773","cell":"8305236510","id":{"name":"UIDAI","value":"088621115193"},"picture":{"large":"https://randomuser.me/api/portraits/men/97.jpg","medium":"https://randomuser.me/api/portraits/med/men/97.jpg","thumbnail":"https://randomuser.me/api/portraits/thumb/men/97.jpg"},"nat":"IN"}],"info":{"seed":"f9a44bbc706754a0","results":1,"page":1,"version":"1.4"}} 
 </msg>
<msg time="2024-08-02T18:20:35.970724" level="INFO">/opt/hostedtoolcache/Python/3.12.4/x64/lib/python3.12/site-packages/urllib3/connectionpool.py:1099: InsecureRequestWarning: Unverified HTTPS request is being made to host 'randomuser.me'. Adding certificate verification is strongly advised. See: https://urllib3.readthedocs.io/en/latest/advanced-usage.html#tls-warnings
  warnings.warn(</msg>
<msg time="2024-08-02T18:20:35.970851" level="INFO">${response} = &lt;Response [200]&gt;</msg>
<var>${response}</var>
<arg>consultarAPI</arg>
<arg>/api</arg>
<doc>Sends a GET request on a previously created HTTP Session.</doc>
<status status="PASS" start="2024-08-02T18:20:35.887511" elapsed="0.083383"/>
</kw>
<kw name="Set Variable" owner="BuiltIn">
<msg time="2024-08-02T18:20:35.972134" level="INFO">${json_data} = {'results': [{'gender': 'male', 'name': {'title': 'Mr', 'first': 'Mitesh', 'last': 'Prabhakaran'}, 'location': {'street': {'number': 1278, 'name': 'Marine Drive'}, 'city': 'Erode', 'state': 'Jharkhand...</msg>
<var>${json_data}</var>
<arg>${response.json()}</arg>
<doc>Returns the given values which can then be assigned to a variables.</doc>
<status status="PASS" start="2024-08-02T18:20:35.971560" elapsed="0.000603"/>
</kw>
<kw name="Log" owner="BuiltIn">
<msg time="2024-08-02T18:20:35.972638" level="INFO">{'results': [{'gender': 'male', 'name': {'title': 'Mr', 'first': 'Mitesh', 'last': 'Prabhakaran'}, 'location': {'street': {'number': 1278, 'name': 'Marine Drive'}, 'city': 'Erode', 'state': 'Jharkhand', 'country': 'India', 'postcode': 28510, 'coordinates': {'latitude': '8.0146', 'longitude': '-66.6494'}, 'timezone': {'offset': '+6:00', 'description': 'Almaty, Dhaka, Colombo'}}, 'email': 'mitesh.prabhakaran@example.com', 'login': {'uuid': '9ac28473-6680-4619-9918-f25fbfa254fb', 'username': 'biglion975', 'password': 'malaka', 'salt': 'yBHbxgLu', 'md5': '2ae8615a89fe56d5cb1ece3bbf386e41', 'sha1': '0bed2e23dd4d9bd446e63aff55e62987e8713709', 'sha256': '89aaad20c9927447a45b792697d7ae27b79f18f08c01ff4598c1a99c37a1e00e'}, 'dob': {'date': '1952-06-11T04:03:17.415Z', 'age': 72}, 'registered': {'date': '2009-07-08T19:08:42.197Z', 'age': 15}, 'phone': '9961329773', 'cell': '8305236510', 'id': {'name': 'UIDAI', 'value': '088621115193'}, 'picture': {'large': 'https://randomuser.me/api/portraits/men/97.jpg', 'medium': 'https://randomuser.me/api/portraits/med/men/97.jpg', 'thumbnail': 'https://randomuser.me/api/portraits/thumb/men/97.jpg'}, 'nat': 'IN'}], 'info': {'seed': 'f9a44bbc706754a0', 'results': 1, 'page': 1, 'version': '1.4'}}</msg>
<arg>${json_data}</arg>
<doc>Logs the given message with the given level.</doc>
<status status="PASS" start="2024-08-02T18:20:35.972478" elapsed="0.000209"/>
</kw>
<kw name="Should Be String" owner="String">
<arg>${json_data['results'][0]['gender']}</arg>
<doc>Fails if the given ``item`` is not a string.</doc>
<status status="PASS" start="2024-08-02T18:20:35.972979" elapsed="0.000370"/>
</kw>
<kw name="Should Match Regexp" owner="BuiltIn">
<arg>${json_data['results'][0]['email']}</arg>
<arg>^[a-zA-Z0-9._%+-]+@[a-zA-Z0-9.-]+\.[a-zA-Z]{2,}$</arg>
<doc>Fails if ``string`` does not match ``pattern`` as a regular expression.</doc>
<status status="PASS" start="2024-08-02T18:20:35.973539" elapsed="0.000518"/>
</kw>
<kw name="Should Match Regexp" owner="BuiltIn">
<arg>${json_data['results'][0]['dob']['date']}</arg>
<arg>\\d{4}-\\d{2}-\\d{2}T\\d{2}:\\d{2}:\\d{2}\\.\\d{3}Z</arg>
<doc>Fails if ``string`` does not match ``pattern`` as a regular expression.</doc>
<status status="PASS" start="2024-08-02T18:20:35.974290" elapsed="0.000642"/>
</kw>
<kw name="Should Match Regexp" owner="BuiltIn">
<arg>${json_data['results'][0]['registered']['date']}</arg>
<arg>\\d{4}-\\d{2}-\\d{2}T\\d{2}:\\d{2}:\\d{2}\\.\\d{3}Z</arg>
<doc>Fails if ``string`` does not match ``pattern`` as a regular expression.</doc>
<status status="PASS" start="2024-08-02T18:20:35.975126" elapsed="0.000417"/>
</kw>
<kw name="Should Match Regexp" owner="BuiltIn">
<arg>${json_data['results'][0]['picture']['large']}</arg>
<arg>^https?://.*\.(?:png|jpe?g|gif|bmp)$</arg>
<doc>Fails if ``string`` does not match ``pattern`` as a regular expression.</doc>
<status status="PASS" start="2024-08-02T18:20:35.975732" elapsed="0.000464"/>
</kw>
<kw name="Should Match Regexp" owner="BuiltIn">
<arg>${json_data['results'][0]['picture']['medium']}</arg>
<arg>^https?://.*\.(?:png|jpe?g|gif|bmp)$</arg>
<doc>Fails if ``string`` does not match ``pattern`` as a regular expression.</doc>
<status status="PASS" start="2024-08-02T18:20:35.976380" elapsed="0.000353"/>
</kw>
<kw name="Should Match Regexp" owner="BuiltIn">
<arg>${json_data['results'][0]['picture']['thumbnail']}</arg>
<arg>^https?://.*\.(?:png|jpe?g|gif|bmp)$</arg>
<doc>Fails if ``string`` does not match ``pattern`` as a regular expression.</doc>
<status status="PASS" start="2024-08-02T18:20:35.976916" elapsed="0.000353"/>
</kw>
<kw name="Log" owner="BuiltIn">
<msg time="2024-08-02T18:20:35.977772" level="INFO">{'large': 'https://randomuser.me/api/portraits/men/97.jpg', 'medium': 'https://randomuser.me/api/portraits/med/men/97.jpg', 'thumbnail': 'https://randomuser.me/api/portraits/thumb/men/97.jpg'}</msg>
<arg>${json_data['results'][0]['picture']}</arg>
<doc>Logs the given message with the given level.</doc>
<status status="PASS" start="2024-08-02T18:20:35.977446" elapsed="0.000370"/>
</kw>
<status status="PASS" start="2024-08-02T18:20:35.887246" elapsed="0.090828"/>
</kw>
<kw name="Teste de Tipos de Dados - Postcode" owner="random-user-service">
<kw name="GET On Session" owner="RequestsLibrary">
<msg time="2024-08-02T18:20:36.076429" level="INFO">GET Request : url=https://randomuser.me/api 
 path_url=/api 
 headers={'User-Agent': 'python-requests/2.32.3', 'Accept-Encoding': 'gzip, deflate', 'Accept': '*/*', 'Connection': 'keep-alive'} 
 body=None 
 </msg>
<msg time="2024-08-02T18:20:36.076532" level="INFO">GET Response : url=https://randomuser.me/api 
 status=200, reason=OK 
 headers={'Date': 'Fri, 02 Aug 2024 18:20:36 GMT', 'Content-Type': 'application/json; charset=utf-8', 'Transfer-Encoding': 'chunked', 'Connection': 'keep-alive', 'X-Powered-By': 'Express', 'Access-Control-Allow-Origin': '*', 'Cache-Control': 'no-cache', 'ETag': 'W/"498-NLE6QYqjTf4yNyPCjBfmErvTmkk"', 'Vary': 'Accept-Encoding', 'Content-Encoding': 'gzip', 'CF-Cache-Status': 'DYNAMIC', 'Report-To': '{"endpoints":[{"url":"https:\\/\\/a.nel.cloudflare.com\\/report\\/v4?s=8qezakzToj2igaJoVu2XbBDPq5CDfJoFIh6epjWsebytqoaeik2Z9BS7kQbODlJKXZW9hgRpL7Z7p%2FfuoQolE2eGMoXuVUBCqcYjU7vTanfpkvGbMfskeBK7%2BnMoZPeb"}],"group":"cf-nel","max_age":604800}', 'NEL': '{"success_fraction":0,"report_to":"cf-nel","max_age":604800}', 'Server': 'cloudflare', 'CF-RAY': '8ad01534eeade259-ORD', 'alt-svc': 'h3=":443"; ma=86400'} 
 body={"results":[{"gender":"male","name":{"title":"Mr","first":"محمدمهدی","last":"یاسمی"},"location":{"street":{"number":5255,"name":"میدان انقلاب"},"city":"کرمان","state":"ایلام","country":"Iran","postcode":40204,"coordinates":{"latitude":"15.9087","longitude":"-100.1694"},"timezone":{"offset":"+4:00","description":"Abu Dhabi, Muscat, Baku, Tbilisi"}},"email":"mhmdmhdy.ysmy@example.com","login":{"uuid":"dfa8be25-19cd-4035-af62-b17254dc9969","username":"happydog728","password":"whiplash","salt":"gMX3bptO","md5":"0473fb47819ed4a46127fb3d864acc43","sha1":"0e7d3b68edd8bcacd7261a994de79e026803d221","sha256":"adc77a80602de261b6dbb7fd57efc66ce9105e0210d0ba97f0ca09a7185368b8"},"dob":{"date":"1948-06-06T16:16:55.926Z","age":76},"registered":{"date":"2011-03-18T10:38:15.629Z","age":13},"phone":"032-87553679","cell":"0913-173-6059","id":{"name":"","value":null},"picture":{"large":"https://randomuser.me/api/portraits/men/14.jpg","medium":"https://randomuser.me/api/portraits/med/men/14.jpg","thumbnail":"https://randomuser.me/api/portraits/thumb/men/14.jpg"},"nat":"IR"}],"info":{"seed":"44d2428dcc483243","results":1,"page":1,"version":"1.4"}} 
 </msg>
<msg time="2024-08-02T18:20:36.076606" level="INFO">/opt/hostedtoolcache/Python/3.12.4/x64/lib/python3.12/site-packages/urllib3/connectionpool.py:1099: InsecureRequestWarning: Unverified HTTPS request is being made to host 'randomuser.me'. Adding certificate verification is strongly advised. See: https://urllib3.readthedocs.io/en/latest/advanced-usage.html#tls-warnings
  warnings.warn(</msg>
<msg time="2024-08-02T18:20:36.076728" level="INFO">${response} = &lt;Response [200]&gt;</msg>
<var>${response}</var>
<arg>consultarAPI</arg>
<arg>/api</arg>
<doc>Sends a GET request on a previously created HTTP Session.</doc>
<status status="PASS" start="2024-08-02T18:20:35.978539" elapsed="0.098229"/>
</kw>
<kw name="Set Variable" owner="BuiltIn">
<msg time="2024-08-02T18:20:36.078042" level="INFO">${json_data} = {'results': [{'gender': 'male', 'name': {'title': 'Mr', 'first': 'محمدمهدی', 'last': 'یاسمی'}, 'location': {'street': {'number': 5255, 'name': 'میدان انقلاب'}, 'city': 'کرمان', 'state': 'ایلام', 'coun...</msg>
<var>${json_data}</var>
<arg>${response.json()}</arg>
<doc>Returns the given values which can then be assigned to a variables.</doc>
<status status="PASS" start="2024-08-02T18:20:36.077438" elapsed="0.000636"/>
</kw>
<kw name="Log" owner="BuiltIn">
<msg time="2024-08-02T18:20:36.078565" level="INFO">{'results': [{'gender': 'male', 'name': {'title': 'Mr', 'first': 'محمدمهدی', 'last': 'یاسمی'}, 'location': {'street': {'number': 5255, 'name': 'میدان انقلاب'}, 'city': 'کرمان', 'state': 'ایلام', 'country': 'Iran', 'postcode': 40204, 'coordinates': {'latitude': '15.9087', 'longitude': '-100.1694'}, 'timezone': {'offset': '+4:00', 'description': 'Abu Dhabi, Muscat, Baku, Tbilisi'}}, 'email': 'mhmdmhdy.ysmy@example.com', 'login': {'uuid': 'dfa8be25-19cd-4035-af62-b17254dc9969', 'username': 'happydog728', 'password': 'whiplash', 'salt': 'gMX3bptO', 'md5': '0473fb47819ed4a46127fb3d864acc43', 'sha1': '0e7d3b68edd8bcacd7261a994de79e026803d221', 'sha256': 'adc77a80602de261b6dbb7fd57efc66ce9105e0210d0ba97f0ca09a7185368b8'}, 'dob': {'date': '1948-06-06T16:16:55.926Z', 'age': 76}, 'registered': {'date': '2011-03-18T10:38:15.629Z', 'age': 13}, 'phone': '032-87553679', 'cell': '0913-173-6059', 'id': {'name': '', 'value': None}, 'picture': {'large': 'https://randomuser.me/api/portraits/men/14.jpg', 'medium': 'https://randomuser.me/api/portraits/med/men/14.jpg', 'thumbnail': 'https://randomuser.me/api/portraits/thumb/men/14.jpg'}, 'nat': 'IR'}], 'info': {'seed': '44d2428dcc483243', 'results': 1, 'page': 1, 'version': '1.4'}}</msg>
<arg>${json_data}</arg>
<doc>Logs the given message with the given level.</doc>
<status status="PASS" start="2024-08-02T18:20:36.078398" elapsed="0.000218"/>
</kw>
<kw name="Should Be Equal As Numbers" owner="BuiltIn">
<arg>${json_data['results'][0]['location']['postcode']}</arg>
<arg>${json_data['results'][0]['location']['postcode']}</arg>
<doc>Fails if objects are unequal after converting them to real numbers.</doc>
<status status="PASS" start="2024-08-02T18:20:36.078915" elapsed="0.000698"/>
</kw>
<kw name="Log" owner="BuiltIn">
<msg time="2024-08-02T18:20:36.080146" level="INFO">40204</msg>
<arg>${json_data['results'][0]['location']['postcode']}</arg>
<doc>Logs the given message with the given level.</doc>
<status status="PASS" start="2024-08-02T18:20:36.079809" elapsed="0.000414"/>
</kw>
<status status="PASS" start="2024-08-02T18:20:35.978303" elapsed="0.102188"/>
</kw>
<doc>Testa se os tipos de dados na resposta da API estão corretos.</doc>
<tag>testeTiposDados</tag>
<status status="PASS" start="2024-08-02T18:20:35.886701" elapsed="0.193962"/>
</test>
<test id="s1-s1-t5" name="Validar conteudo" line="35">
<kw name="Teste de Tipos de Conteudo" owner="random-user-service">
<kw name="GET On Session" owner="RequestsLibrary">
<msg time="2024-08-02T18:20:36.183864" level="INFO">GET Request : url=https://randomuser.me/api 
 path_url=/api 
 headers={'User-Agent': 'python-requests/2.32.3', 'Accept-Encoding': 'gzip, deflate', 'Accept': '*/*', 'Connection': 'keep-alive'} 
 body=None 
 </msg>
<msg time="2024-08-02T18:20:36.183966" level="INFO">GET Response : url=https://randomuser.me/api 
 status=200, reason=OK 
 headers={'Date': 'Fri, 02 Aug 2024 18:20:36 GMT', 'Content-Type': 'application/json; charset=utf-8', 'Transfer-Encoding': 'chunked', 'Connection': 'keep-alive', 'X-Powered-By': 'Express', 'Access-Control-Allow-Origin': '*', 'Cache-Control': 'no-cache', 'ETag': 'W/"47c-HMy63DZNKsK2LCg9jmygFjoz1RU"', 'Vary': 'Accept-Encoding', 'Content-Encoding': 'gzip', 'CF-Cache-Status': 'DYNAMIC', 'Report-To': '{"endpoints":[{"url":"https:\\/\\/a.nel.cloudflare.com\\/report\\/v4?s=OfGOkay3ZTaGMsH9PhDzFHWsliH9Jb73klCC5hHd2hG87mogAm0x2AxIB1Ox%2BKtKo1gasw5CTClxYMzNGFg6PAEQRGU%2Bv7zNmzsVjZ6BOXhSaAaDSm0dH%2F6Cyknvsds6"}],"group":"cf-nel","max_age":604800}', 'NEL': '{"success_fraction":0,"report_to":"cf-nel","max_age":604800}', 'Server': 'cloudflare', 'CF-RAY': '8ad015358f85e259-ORD', 'alt-svc': 'h3=":443"; ma=86400'} 
 body={"results":[{"gender":"female","name":{"title":"Mrs","first":"Siril","last":"Talberg"},"location":{"street":{"number":5331,"name":"Fridtjof Nansens plass"},"city":"Vingrom","state":"Trøndelag","country":"Norway","postcode":"5547","coordinates":{"latitude":"44.9413","longitude":"174.3759"},"timezone":{"offset":"+3:30","description":"Tehran"}},"email":"siril.talberg@example.com","login":{"uuid":"dd5983fe-cd99-43cc-b668-15e9f3ec7123","username":"orangebutterfly417","password":"gina","salt":"YLMoWV7A","md5":"821d103df6ac234c86348de56cf0294d","sha1":"91fe023324eff871e88fb788095ffaf3b9c30974","sha256":"be898dad1f05f5782a26f15acf58d7d6504cbcdffc84a59a93a40bc9e368802d"},"dob":{"date":"1997-10-31T10:46:02.874Z","age":26},"registered":{"date":"2014-03-17T14:08:16.837Z","age":10},"phone":"39840128","cell":"48397102","id":{"name":"FN","value":"31109738436"},"picture":{"large":"https://randomuser.me/api/portraits/women/92.jpg","medium":"https://randomuser.me/api/portraits/med/women/92.jpg","thumbnail":"https://randomuser.me/api/portraits/thumb/women/92.jpg"},"nat":"NO"}],"info":{"seed":"a7528fec414cce4d","results":1,"page":1,"version":"1.4"}} 
 </msg>
<msg time="2024-08-02T18:20:36.184037" level="INFO">/opt/hostedtoolcache/Python/3.12.4/x64/lib/python3.12/site-packages/urllib3/connectionpool.py:1099: InsecureRequestWarning: Unverified HTTPS request is being made to host 'randomuser.me'. Adding certificate verification is strongly advised. See: https://urllib3.readthedocs.io/en/latest/advanced-usage.html#tls-warnings
  warnings.warn(</msg>
<msg time="2024-08-02T18:20:36.184156" level="INFO">${response} = &lt;Response [200]&gt;</msg>
<var>${response}</var>
<arg>consultarAPI</arg>
<arg>/api</arg>
<doc>Sends a GET request on a previously created HTTP Session.</doc>
<status status="PASS" start="2024-08-02T18:20:36.083224" elapsed="0.100973"/>
</kw>
<kw name="Set Variable" owner="BuiltIn">
<msg time="2024-08-02T18:20:36.185433" level="INFO">${json_data} = {'results': [{'gender': 'female', 'name': {'title': 'Mrs', 'first': 'Siril', 'last': 'Talberg'}, 'location': {'street': {'number': 5331, 'name': 'Fridtjof Nansens plass'}, 'city': 'Vingrom', 'state': ...</msg>
<var>${json_data}</var>
<arg>${response.json()}</arg>
<doc>Returns the given values which can then be assigned to a variables.</doc>
<status status="PASS" start="2024-08-02T18:20:36.184846" elapsed="0.000617"/>
</kw>
<kw name="Set Variable" owner="BuiltIn">
<msg time="2024-08-02T18:20:36.186178" level="INFO">${name_title} = Mrs</msg>
<var>${name_title}</var>
<arg>${json_data["results"][0]["name"]["title"]}</arg>
<doc>Returns the given values which can then be assigned to a variables.</doc>
<status status="PASS" start="2024-08-02T18:20:36.185783" elapsed="0.000421"/>
</kw>
<kw name="Create List" owner="BuiltIn">
<msg time="2024-08-02T18:20:36.186652" level="INFO">${allowed_titles} = ['Mr', 'Ms', 'Miss', 'Mrs', 'Madame', 'Monsieur']</msg>
<var>${allowed_titles}</var>
<arg>Mr</arg>
<arg>Ms</arg>
<arg>Miss</arg>
<arg>Mrs</arg>
<arg>Madame</arg>
<arg>Monsieur</arg>
<doc>Returns a list containing given items.</doc>
<status status="PASS" start="2024-08-02T18:20:36.186501" elapsed="0.000176"/>
</kw>
<kw name="List Should Contain Value" owner="Collections">
<arg>${allowed_titles}</arg>
<arg>${name_title}</arg>
<doc>Fails if the ``value`` is not found from ``list``.</doc>
<status status="PASS" start="2024-08-02T18:20:36.186976" elapsed="0.000177"/>
</kw>
<kw name="Set Variable" owner="BuiltIn">
<msg time="2024-08-02T18:20:36.187772" level="INFO">${name_country} = NO</msg>
<var>${name_country}</var>
<arg>${json_data["results"][0]["nat"]}</arg>
<doc>Returns the given values which can then be assigned to a variables.</doc>
<status status="PASS" start="2024-08-02T18:20:36.187377" elapsed="0.000426"/>
</kw>
<kw name="Create List" owner="BuiltIn">
<msg time="2024-08-02T18:20:36.188692" level="INFO">${list_country} = ['AD', 'AE', 'AF', 'AG', 'AI', 'AL', 'AM', 'AO', 'AQ', 'AR', 'AS', 'AT', 'AU', 'AW', 'AX', 'AZ', 'BA', 'BB', 'BD', 'BE', 'BF', 'BG', 'BH', 'BI', 'BJ', 'BL', 'BM', 'BN', 'BO', 'BQ', 'BR', 'BS', 'BT', '...</msg>
<var>${list_country}</var>
<arg>AD</arg>
<arg>AE</arg>
<arg>AF</arg>
<arg>AG</arg>
<arg>AI</arg>
<arg>AL</arg>
<arg>AM</arg>
<arg>AO</arg>
<arg>AQ</arg>
<arg>AR</arg>
<arg>AS</arg>
<arg>AT</arg>
<arg>AU</arg>
<arg>AW</arg>
<arg>AX</arg>
<arg>AZ</arg>
<arg>BA</arg>
<arg>BB</arg>
<arg>BD</arg>
<arg>BE</arg>
<arg>BF</arg>
<arg>BG</arg>
<arg>BH</arg>
<arg>BI</arg>
<arg>BJ</arg>
<arg>BL</arg>
<arg>BM</arg>
<arg>BN</arg>
<arg>BO</arg>
<arg>BQ</arg>
<arg>BR</arg>
<arg>BS</arg>
<arg>BT</arg>
<arg>BV</arg>
<arg>BW</arg>
<arg>BY</arg>
<arg>BZ</arg>
<arg>CA</arg>
<arg>CC</arg>
<arg>CD</arg>
<arg>CF</arg>
<arg>CG</arg>
<arg>CH</arg>
<arg>CI</arg>
<arg>CK</arg>
<arg>CL</arg>
<arg>CM</arg>
<arg>CN</arg>
<arg>CO</arg>
<arg>CR</arg>
<arg>CU</arg>
<arg>CV</arg>
<arg>CW</arg>
<arg>CX</arg>
<arg>CY</arg>
<arg>CZ</arg>
<arg>DE</arg>
<arg>DJ</arg>
<arg>DK</arg>
<arg>DM</arg>
<arg>DO</arg>
<arg>DZ</arg>
<arg>EC</arg>
<arg>EE</arg>
<arg>EG</arg>
<arg>EH</arg>
<arg>ER</arg>
<arg>ES</arg>
<arg>ET</arg>
<arg>FI</arg>
<arg>FJ</arg>
<arg>FK</arg>
<arg>FM</arg>
<arg>FO</arg>
<arg>FR</arg>
<arg>GA</arg>
<arg>GB</arg>
<arg>GD</arg>
<arg>GE</arg>
<arg>GF</arg>
<arg>GG</arg>
<arg>GH</arg>
<arg>GI</arg>
<arg>GL</arg>
<arg>GM</arg>
<arg>GN</arg>
<arg>GP</arg>
<arg>GQ</arg>
<arg>GR</arg>
<arg>GS</arg>
<arg>GT</arg>
<arg>GU</arg>
<arg>GW</arg>
<arg>GY</arg>
<arg>HK</arg>
<arg>HM</arg>
<arg>HN</arg>
<arg>HR</arg>
<arg>HT</arg>
<arg>HU</arg>
<arg>ID</arg>
<arg>IE</arg>
<arg>IL</arg>
<arg>IM</arg>
<arg>IN</arg>
<arg>IO</arg>
<arg>IQ</arg>
<arg>IR</arg>
<arg>IS</arg>
<arg>IT</arg>
<arg>JE</arg>
<arg>JM</arg>
<arg>JO</arg>
<arg>JP</arg>
<arg>KE</arg>
<arg>KG</arg>
<arg>KH</arg>
<arg>KI</arg>
<arg>KM</arg>
<arg>KN</arg>
<arg>KP</arg>
<arg>KR</arg>
<arg>KW</arg>
<arg>KY</arg>
<arg>KZ</arg>
<arg>LA</arg>
<arg>LB</arg>
<arg>LC</arg>
<arg>LI</arg>
<arg>LK</arg>
<arg>LR</arg>
<arg>LS</arg>
<arg>LT</arg>
<arg>LU</arg>
<arg>LV</arg>
<arg>LY</arg>
<arg>MA</arg>
<arg>MC</arg>
<arg>MD</arg>
<arg>ME</arg>
<arg>MF</arg>
<arg>MG</arg>
<arg>MH</arg>
<arg>MK</arg>
<arg>ML</arg>
<arg>MM</arg>
<arg>MN</arg>
<arg>MO</arg>
<arg>MP</arg>
<arg>MQ</arg>
<arg>MR</arg>
<arg>MS</arg>
<arg>MT</arg>
<arg>MU</arg>
<arg>MV</arg>
<arg>MW</arg>
<arg>MX</arg>
<arg>MY</arg>
<arg>MZ</arg>
<arg>NA</arg>
<arg>NC</arg>
<arg>NE</arg>
<arg>NF</arg>
<arg>NG</arg>
<arg>NI</arg>
<arg>NL</arg>
<arg>NO</arg>
<arg>NP</arg>
<arg>NR</arg>
<arg>NU</arg>
<arg>NZ</arg>
<arg>OM</arg>
<arg>PA</arg>
<arg>PE</arg>
<arg>PF</arg>
<arg>PG</arg>
<arg>PH</arg>
<arg>PK</arg>
<arg>PL</arg>
<arg>PM</arg>
<arg>PN</arg>
<arg>PR</arg>
<arg>PS</arg>
<arg>PT</arg>
<arg>PW</arg>
<arg>PY</arg>
<arg>QA</arg>
<arg>RE</arg>
<arg>RO</arg>
<arg>RS</arg>
<arg>RU</arg>
<arg>RW</arg>
<arg>SA</arg>
<arg>SB</arg>
<arg>SC</arg>
<arg>SD</arg>
<arg>SE</arg>
<arg>SG</arg>
<arg>SH</arg>
<arg>SI</arg>
<arg>SJ</arg>
<arg>SK</arg>
<arg>SL</arg>
<arg>SM</arg>
<arg>SN</arg>
<arg>SO</arg>
<arg>SR</arg>
<arg>SS</arg>
<arg>ST</arg>
<arg>SV</arg>
<arg>SX</arg>
<arg>SY</arg>
<arg>SZ</arg>
<arg>TC</arg>
<arg>TD</arg>
<arg>TF</arg>
<arg>TG</arg>
<arg>TH</arg>
<arg>TJ</arg>
<arg>TK</arg>
<arg>TL</arg>
<arg>TM</arg>
<arg>TN</arg>
<arg>TO</arg>
<arg>TR</arg>
<arg>TT</arg>
<arg>TV</arg>
<arg>TW</arg>
<arg>TZ</arg>
<arg>UA</arg>
<arg>UG</arg>
<arg>UM</arg>
<arg>US</arg>
<arg>UY</arg>
<arg>UZ</arg>
<arg>VA</arg>
<arg>VC</arg>
<arg>VE</arg>
<arg>VG</arg>
<arg>VI</arg>
<arg>VN</arg>
<arg>VU</arg>
<arg>WF</arg>
<arg>WS</arg>
<arg>XK</arg>
<arg>YE</arg>
<arg>YT</arg>
<arg>ZA</arg>
<arg>ZM</arg>
<arg>ZW</arg>
<doc>Returns a list containing given items.</doc>
<status status="PASS" start="2024-08-02T18:20:36.188099" elapsed="0.000619"/>
</kw>
<kw name="List Should Contain Value" owner="Collections">
<arg>${list_country}</arg>
<arg>${name_country}</arg>
<doc>Fails if the ``value`` is not found from ``list``.</doc>
<status status="PASS" start="2024-08-02T18:20:36.189704" elapsed="0.000216"/>
</kw>
<kw name="Run Keyword If" owner="BuiltIn">
<kw name="Should Be True" owner="BuiltIn">
<arg>${True}</arg>
<doc>Fails if the given condition is not true.</doc>
<status status="PASS" start="2024-08-02T18:20:36.190875" elapsed="0.000143"/>
</kw>
<arg>${json_data["results"][0]["location"]["coordinates"]["latitude"]} &gt;= -90 and ${json_data["results"][0]["location"]["coordinates"]["latitude"]} &lt;= 90</arg>
<arg>Should Be True</arg>
<arg>${True}</arg>
<doc>Runs the given keyword with the given arguments, if ``condition`` is true.</doc>
<status status="PASS" start="2024-08-02T18:20:36.190123" elapsed="0.001020"/>
</kw>
<kw name="Run Keyword If" owner="BuiltIn">
<kw name="Should Be True" owner="BuiltIn">
<arg>${True}</arg>
<doc>Fails if the given condition is not true.</doc>
<status status="PASS" start="2024-08-02T18:20:36.192069" elapsed="0.000141"/>
</kw>
<arg>${json_data["results"][0]["location"]["coordinates"]["longitude"]} &gt;= -180 and ${json_data["results"][0]["location"]["coordinates"]["longitude"]} &lt;= 180</arg>
<arg>Should Be True</arg>
<arg>${True}</arg>
<doc>Runs the given keyword with the given arguments, if ``condition`` is true.</doc>
<status status="PASS" start="2024-08-02T18:20:36.191358" elapsed="0.000975"/>
</kw>
<status status="PASS" start="2024-08-02T18:20:36.082988" elapsed="0.109478"/>
</kw>
<doc>Testa o conteúdo específico dos campos retornados pela API.</doc>
<tag>testeConteudo</tag>
<status status="PASS" start="2024-08-02T18:20:36.082429" elapsed="0.110192"/>
</test>
<status status="PASS" start="2024-08-02T18:20:35.252814" elapsed="0.941771"/>
</suite>
<status status="PASS" start="2024-08-02T18:20:35.238393" elapsed="0.961439"/>
</suite>
<statistics>
<total>
<stat pass="5" fail="0" skip="0">All Tests</stat>
</total>
<tag>
<stat pass="1" fail="0" skip="0">testeConteudo</stat>
<stat pass="1" fail="0" skip="0">testeEstruturaResposta</stat>
<stat pass="1" fail="0" skip="0">testeRequisicaoBasica</stat>
<stat pass="1" fail="0" skip="0">testeTiposDados</stat>
</tag>
<suite>
<stat pass="5" fail="0" skip="0" id="s1" name="Tests">Tests</stat>
<stat pass="5" fail="0" skip="0" id="s1-s1" name="Random-User-Test">Tests.Random-User-Test</stat>
</suite>
</statistics>
<errors>
</errors>
</robot>
