<?xml version="1.0" encoding="UTF-8"?>
<robot generator="Robot 7.0 (Python 3.12.3 on linux)" generated="2024-05-25T13:14:28.320716" rpa="false" schemaversion="5">
<suite id="s1" name="Tests" source="/home/runner/work/DesafioQAItauRogerioJordao/DesafioQAItauRogerioJordao/RamdonUser/tests">
<suite id="s1-s1" name="Random-User-Test" source="/home/runner/work/DesafioQAItauRogerioJordao/DesafioQAItauRogerioJordao/RamdonUser/tests/random-user-test.robot">
<test id="s1-s1-t1" name="Conectar" line="13">
<kw name="Conectar API" owner="random-user-service">
<kw name="Create Session" owner="RequestsLibrary">
<msg time="2024-05-25T13:14:28.741985" level="INFO">Creating Session using : alias=consultarAPI, url=https://randomuser.me/, headers={},                     cookies={}, auth=None, timeout=None, proxies=None, verify=False,                     debug=0 </msg>
<arg>consultarAPI</arg>
<arg>${URL}</arg>
<doc>Create Session: create a HTTP session to a server</doc>
<status status="PASS" start="2024-05-25T13:14:28.741778" elapsed="0.000386"/>
</kw>
<status status="PASS" start="2024-05-25T13:14:28.740672" elapsed="0.001853"/>
</kw>
<status status="PASS" start="2024-05-25T13:14:28.740138" elapsed="0.002581"/>
</test>
<test id="s1-s1-t2" name="Validar retorno 200 e JSON Válido" line="16">
<kw name="Teste de Requisicao Basica" owner="random-user-service">
<kw name="GET On Session" owner="RequestsLibrary">
<msg time="2024-05-25T13:14:28.980808" level="INFO">GET Request : url=https://randomuser.me/api 
 path_url=/api 
 headers={'User-Agent': 'python-requests/2.32.2', 'Accept-Encoding': 'gzip, deflate', 'Accept': '*/*', 'Connection': 'keep-alive'} 
 body=None 
 </msg>
<msg time="2024-05-25T13:14:28.980971" level="INFO">GET Response : url=https://randomuser.me/api 
 status=200, reason=OK 
 headers={'Date': 'Sat, 25 May 2024 13:14:28 GMT', 'Content-Type': 'application/json; charset=utf-8', 'Transfer-Encoding': 'chunked', 'Connection': 'keep-alive', 'X-Powered-By': 'Express', 'Access-Control-Allow-Origin': '*', 'Cache-Control': 'no-cache', 'ETag': 'W/"494-lOCfpWn5dvdFmnmpRn0/lQMFXhU"', 'Vary': 'Accept-Encoding', 'Content-Encoding': 'gzip', 'CF-Cache-Status': 'DYNAMIC', 'Report-To': '{"endpoints":[{"url":"https:\\/\\/a.nel.cloudflare.com\\/report\\/v4?s=RCQji75QtBpIHvqbVAYAud1h%2FWYAhU8RmXEm0Go320CS%2FSjNRigEJMiUku5CXfQYbYsE%2Foy6qElHRTiPCrYtxT%2BlaWvMn2r3%2FPOkrfRIhKsBDGABfKayjRlCgNsFOc8v"}],"group":"cf-nel","max_age":604800}', 'NEL': '{"success_fraction":0,"report_to":"cf-nel","max_age":604800}', 'Server': 'cloudflare', 'CF-RAY': '8895c9eaec39631e-ORD', 'alt-svc': 'h3=":443"; ma=86400'} 
 body={"results":[{"gender":"male","name":{"title":"Mr","first":"Sander","last":"Sørensen"},"location":{"street":{"number":783,"name":"Kirkestræde"},"city":"Sandved","state":"Nordjylland","country":"Denmark","postcode":70047,"coordinates":{"latitude":"-41.3926","longitude":"-83.2759"},"timezone":{"offset":"+5:00","description":"Ekaterinburg, Islamabad, Karachi, Tashkent"}},"email":"sander.sorensen@example.com","login":{"uuid":"cea16b9a-bf1b-4fb6-8f1f-0d1eb4876842","username":"beautifulzebra135","password":"wifes","salt":"T0fT7TxW","md5":"34e4cc846f64042df092e3b51152a9d0","sha1":"6c3d3b2770c9733679143989c1da23e52b353f68","sha256":"6d29cb1a50887f716204c4168cb6bb7310a07c2528df410173549787cfebe27e"},"dob":{"date":"1992-01-03T19:02:30.444Z","age":32},"registered":{"date":"2004-04-20T05:17:38.098Z","age":20},"phone":"62544521","cell":"29589990","id":{"name":"CPR","value":"030192-5510"},"picture":{"large":"https://randomuser.me/api/portraits/men/92.jpg","medium":"https://randomuser.me/api/portraits/med/men/92.jpg","thumbnail":"https://randomuser.me/api/portraits/thumb/men/92.jpg"},"nat":"DK"}],"info":{"seed":"d1772aa6bf7cf77c","results":1,"page":1,"version":"1.4"}} 
 </msg>
<msg time="2024-05-25T13:14:28.981053" level="INFO">/opt/hostedtoolcache/Python/3.12.3/x64/lib/python3.12/site-packages/urllib3/connectionpool.py:1103: InsecureRequestWarning: Unverified HTTPS request is being made to host 'randomuser.me'. Adding certificate verification is strongly advised. See: https://urllib3.readthedocs.io/en/latest/advanced-usage.html#tls-warnings
  warnings.warn(</msg>
<msg time="2024-05-25T13:14:28.981202" level="INFO">${response} = &lt;Response [200]&gt;</msg>
<var>${response}</var>
<arg>consultarAPI</arg>
<arg>/api</arg>
<doc>Sends a GET request on a previously created HTTP Session.</doc>
<status status="PASS" start="2024-05-25T13:14:28.745289" elapsed="0.235954"/>
</kw>
<kw name="Should Be Equal As Numbers" owner="BuiltIn">
<msg time="2024-05-25T13:14:28.982420" level="INFO">Argument types are:
&lt;class 'int'&gt;
&lt;class 'str'&gt;</msg>
<arg>${response.status_code}</arg>
<arg>200</arg>
<doc>Fails if objects are unequal after converting them to real numbers.</doc>
<status status="PASS" start="2024-05-25T13:14:28.981905" elapsed="0.000582"/>
</kw>
<kw name="Log" owner="BuiltIn">
<msg time="2024-05-25T13:14:28.983165" level="INFO">200</msg>
<arg>${response.status_code}</arg>
<doc>Logs the given message with the given level.</doc>
<status status="PASS" start="2024-05-25T13:14:28.982817" elapsed="0.000395"/>
</kw>
<kw name="Set Variable" owner="BuiltIn">
<msg time="2024-05-25T13:14:28.983970" level="INFO">${json_data} = {'results': [{'gender': 'male', 'name': {'title': 'Mr', 'first': 'Sander', 'last': 'Sørensen'}, 'location': {'street': {'number': 783, 'name': 'Kirkestræde'}, 'city': 'Sandved', 'state': 'Nordjylland'...</msg>
<var>${json_data}</var>
<arg>${response.json()}</arg>
<doc>Returns the given values which can then be assigned to a variables.</doc>
<status status="PASS" start="2024-05-25T13:14:28.983523" elapsed="0.000477"/>
</kw>
<kw name="Dictionary Should Contain Key" owner="Collections">
<msg time="2024-05-25T13:14:28.984473" level="INFO">False</msg>
<arg>${json_data}</arg>
<arg>results</arg>
<doc>Fails if ``key`` is not found from ``dictionary``.</doc>
<status status="PASS" start="2024-05-25T13:14:28.984305" elapsed="0.000363"/>
</kw>
<status status="PASS" start="2024-05-25T13:14:28.745035" elapsed="0.239904"/>
</kw>
<doc>Testa se a API responde corretamente e retorna um objeto JSON válido.</doc>
<tag>testeRequisicaoBasica</tag>
<status status="PASS" start="2024-05-25T13:14:28.744574" elapsed="0.240551"/>
</test>
<test id="s1-s1-t3" name="Validar estrutura de resposta" line="22">
<kw name="Teste de Estrutura de Resposta" owner="random-user-service">
<kw name="GET On Session" owner="RequestsLibrary">
<msg time="2024-05-25T13:14:29.099184" level="INFO">GET Request : url=https://randomuser.me/api 
 path_url=/api 
 headers={'User-Agent': 'python-requests/2.32.2', 'Accept-Encoding': 'gzip, deflate', 'Accept': '*/*', 'Connection': 'keep-alive'} 
 body=None 
 </msg>
<msg time="2024-05-25T13:14:29.099266" level="INFO">GET Response : url=https://randomuser.me/api 
 status=200, reason=OK 
 headers={'Date': 'Sat, 25 May 2024 13:14:29 GMT', 'Content-Type': 'application/json; charset=utf-8', 'Transfer-Encoding': 'chunked', 'Connection': 'keep-alive', 'X-Powered-By': 'Express', 'Access-Control-Allow-Origin': '*', 'Cache-Control': 'no-cache', 'ETag': 'W/"477-5kmXE6ElLjBZ33C6nHAcV4CeP5c"', 'Vary': 'Accept-Encoding', 'Content-Encoding': 'gzip', 'CF-Cache-Status': 'DYNAMIC', 'Report-To': '{"endpoints":[{"url":"https:\\/\\/a.nel.cloudflare.com\\/report\\/v4?s=k9QvM5NgyZ7JZcJursVgRZBjt4WSz7BeQUINNzpMnLbKTZPurBNrxICfp05k1AxR61r7G8tcngiVIuZpcr9Fy%2BSnJEtm1PIFIvYO5KGg0ck0cwrOMx6fDCX5BOH0xw%2B2"}],"group":"cf-nel","max_age":604800}', 'NEL': '{"success_fraction":0,"report_to":"cf-nel","max_age":604800}', 'Server': 'cloudflare', 'CF-RAY': '8895c9eb2c7b631e-ORD', 'alt-svc': 'h3=":443"; ma=86400'} 
 body={"results":[{"gender":"female","name":{"title":"Ms","first":"Allison","last":"Collins"},"location":{"street":{"number":3884,"name":"Paddock Way"},"city":"Mackay","state":"Queensland","country":"Australia","postcode":7165,"coordinates":{"latitude":"-89.5367","longitude":"84.2033"},"timezone":{"offset":"-9:00","description":"Alaska"}},"email":"allison.collins@example.com","login":{"uuid":"02c16986-b90a-4143-accc-88e82e611d8b","username":"smalllion555","password":"rotten","salt":"LcOhslyY","md5":"2bff90c9d0bb37e7455f9611a2382cf5","sha1":"b4cf6d626bca1dfbb4ac5141086dd8fb0ba50c1f","sha256":"cb66d6c2866941dafaef36a7b85b57f1f63215f16abb3464c20361b4dc4f0fe3"},"dob":{"date":"1996-08-10T16:37:19.744Z","age":27},"registered":{"date":"2012-05-16T22:15:28.248Z","age":12},"phone":"09-3008-5671","cell":"0408-432-551","id":{"name":"TFN","value":"882357697"},"picture":{"large":"https://randomuser.me/api/portraits/women/12.jpg","medium":"https://randomuser.me/api/portraits/med/women/12.jpg","thumbnail":"https://randomuser.me/api/portraits/thumb/women/12.jpg"},"nat":"AU"}],"info":{"seed":"e42107aed8151e99","results":1,"page":1,"version":"1.4"}} 
 </msg>
<msg time="2024-05-25T13:14:29.099379" level="INFO">/opt/hostedtoolcache/Python/3.12.3/x64/lib/python3.12/site-packages/urllib3/connectionpool.py:1103: InsecureRequestWarning: Unverified HTTPS request is being made to host 'randomuser.me'. Adding certificate verification is strongly advised. See: https://urllib3.readthedocs.io/en/latest/advanced-usage.html#tls-warnings
  warnings.warn(</msg>
<msg time="2024-05-25T13:14:29.099492" level="INFO">${response} = &lt;Response [200]&gt;</msg>
<var>${response}</var>
<arg>consultarAPI</arg>
<arg>/api</arg>
<doc>Sends a GET request on a previously created HTTP Session.</doc>
<status status="PASS" start="2024-05-25T13:14:28.987849" elapsed="0.111685"/>
</kw>
<kw name="Set Variable" owner="BuiltIn">
<msg time="2024-05-25T13:14:29.100662" level="INFO">${json_data} = {'results': [{'gender': 'female', 'name': {'title': 'Ms', 'first': 'Allison', 'last': 'Collins'}, 'location': {'street': {'number': 3884, 'name': 'Paddock Way'}, 'city': 'Mackay', 'state': 'Queensland...</msg>
<var>${json_data}</var>
<arg>${response.json()}</arg>
<doc>Returns the given values which can then be assigned to a variables.</doc>
<status status="PASS" start="2024-05-25T13:14:29.100084" elapsed="0.000607"/>
</kw>
<kw name="Log" owner="BuiltIn">
<msg time="2024-05-25T13:14:29.101160" level="INFO">{'results': [{'gender': 'female', 'name': {'title': 'Ms', 'first': 'Allison', 'last': 'Collins'}, 'location': {'street': {'number': 3884, 'name': 'Paddock Way'}, 'city': 'Mackay', 'state': 'Queensland', 'country': 'Australia', 'postcode': 7165, 'coordinates': {'latitude': '-89.5367', 'longitude': '84.2033'}, 'timezone': {'offset': '-9:00', 'description': 'Alaska'}}, 'email': 'allison.collins@example.com', 'login': {'uuid': '02c16986-b90a-4143-accc-88e82e611d8b', 'username': 'smalllion555', 'password': 'rotten', 'salt': 'LcOhslyY', 'md5': '2bff90c9d0bb37e7455f9611a2382cf5', 'sha1': 'b4cf6d626bca1dfbb4ac5141086dd8fb0ba50c1f', 'sha256': 'cb66d6c2866941dafaef36a7b85b57f1f63215f16abb3464c20361b4dc4f0fe3'}, 'dob': {'date': '1996-08-10T16:37:19.744Z', 'age': 27}, 'registered': {'date': '2012-05-16T22:15:28.248Z', 'age': 12}, 'phone': '09-3008-5671', 'cell': '0408-432-551', 'id': {'name': 'TFN', 'value': '882357697'}, 'picture': {'large': 'https://randomuser.me/api/portraits/women/12.jpg', 'medium': 'https://randomuser.me/api/portraits/med/women/12.jpg', 'thumbnail': 'https://randomuser.me/api/portraits/thumb/women/12.jpg'}, 'nat': 'AU'}], 'info': {'seed': 'e42107aed8151e99', 'results': 1, 'page': 1, 'version': '1.4'}}</msg>
<arg>${json_data}</arg>
<doc>Logs the given message with the given level.</doc>
<status status="PASS" start="2024-05-25T13:14:29.101003" elapsed="0.000204"/>
</kw>
<kw name="Dictionary Should Contain Key" owner="Collections">
<msg time="2024-05-25T13:14:29.101733" level="INFO">False</msg>
<arg>${json_data}</arg>
<arg>results</arg>
<doc>Fails if ``key`` is not found from ``dictionary``.</doc>
<status status="PASS" start="2024-05-25T13:14:29.101563" elapsed="0.000207"/>
</kw>
<kw name="Should Not Be Empty" owner="BuiltIn">
<msg time="2024-05-25T13:14:29.102199" level="INFO">Length is 2.</msg>
<arg>${json_data}</arg>
<doc>Verifies that the given item is not empty.</doc>
<status status="PASS" start="2024-05-25T13:14:29.102067" elapsed="0.000171"/>
</kw>
<kw name="Create List" owner="BuiltIn">
<msg time="2024-05-25T13:14:29.102686" level="INFO">${expected_keys} = ['gender', 'name', 'location', 'email', 'login']</msg>
<var>${expected_keys}</var>
<arg>gender</arg>
<arg>name</arg>
<arg>location</arg>
<arg>email</arg>
<arg>login</arg>
<doc>Returns a list containing given items.</doc>
<status status="PASS" start="2024-05-25T13:14:29.102536" elapsed="0.000174"/>
</kw>
<for flavor="IN">
<iter>
<kw name="Dictionary Should Contain Key" owner="Collections">
<msg time="2024-05-25T13:14:29.103704" level="INFO">False</msg>
<arg>${json_data['results'][0]}</arg>
<arg>${key}</arg>
<doc>Fails if ``key`` is not found from ``dictionary``.</doc>
<status status="PASS" start="2024-05-25T13:14:29.103300" elapsed="0.000446"/>
</kw>
<kw name="Log" owner="BuiltIn">
<msg time="2024-05-25T13:14:29.104407" level="INFO">{'gender': 'female', 'name': {'title': 'Ms', 'first': 'Allison', 'last': 'Collins'}, 'location': {'street': {'number': 3884, 'name': 'Paddock Way'}, 'city': 'Mackay', 'state': 'Queensland', 'country': 'Australia', 'postcode': 7165, 'coordinates': {'latitude': '-89.5367', 'longitude': '84.2033'}, 'timezone': {'offset': '-9:00', 'description': 'Alaska'}}, 'email': 'allison.collins@example.com', 'login': {'uuid': '02c16986-b90a-4143-accc-88e82e611d8b', 'username': 'smalllion555', 'password': 'rotten', 'salt': 'LcOhslyY', 'md5': '2bff90c9d0bb37e7455f9611a2382cf5', 'sha1': 'b4cf6d626bca1dfbb4ac5141086dd8fb0ba50c1f', 'sha256': 'cb66d6c2866941dafaef36a7b85b57f1f63215f16abb3464c20361b4dc4f0fe3'}, 'dob': {'date': '1996-08-10T16:37:19.744Z', 'age': 27}, 'registered': {'date': '2012-05-16T22:15:28.248Z', 'age': 12}, 'phone': '09-3008-5671', 'cell': '0408-432-551', 'id': {'name': 'TFN', 'value': '882357697'}, 'picture': {'large': 'https://randomuser.me/api/portraits/women/12.jpg', 'medium': 'https://randomuser.me/api/portraits/med/women/12.jpg', 'thumbnail': 'https://randomuser.me/api/portraits/thumb/women/12.jpg'}, 'nat': 'AU'}</msg>
<arg>${json_data['results'][0]}</arg>
<doc>Logs the given message with the given level.</doc>
<status status="PASS" start="2024-05-25T13:14:29.104046" elapsed="0.000409"/>
</kw>
<kw name="Log" owner="BuiltIn">
<msg time="2024-05-25T13:14:29.104879" level="INFO">gender</msg>
<arg>${key}</arg>
<doc>Logs the given message with the given level.</doc>
<status status="PASS" start="2024-05-25T13:14:29.104751" elapsed="0.000166"/>
</kw>
<var name="${key}">gender</var>
<status status="PASS" start="2024-05-25T13:14:29.103168" elapsed="0.001967"/>
</iter>
<iter>
<kw name="Dictionary Should Contain Key" owner="Collections">
<msg time="2024-05-25T13:14:29.105849" level="INFO">False</msg>
<arg>${json_data['results'][0]}</arg>
<arg>${key}</arg>
<doc>Fails if ``key`` is not found from ``dictionary``.</doc>
<status status="PASS" start="2024-05-25T13:14:29.105462" elapsed="0.000424"/>
</kw>
<kw name="Log" owner="BuiltIn">
<msg time="2024-05-25T13:14:29.106576" level="INFO">{'gender': 'female', 'name': {'title': 'Ms', 'first': 'Allison', 'last': 'Collins'}, 'location': {'street': {'number': 3884, 'name': 'Paddock Way'}, 'city': 'Mackay', 'state': 'Queensland', 'country': 'Australia', 'postcode': 7165, 'coordinates': {'latitude': '-89.5367', 'longitude': '84.2033'}, 'timezone': {'offset': '-9:00', 'description': 'Alaska'}}, 'email': 'allison.collins@example.com', 'login': {'uuid': '02c16986-b90a-4143-accc-88e82e611d8b', 'username': 'smalllion555', 'password': 'rotten', 'salt': 'LcOhslyY', 'md5': '2bff90c9d0bb37e7455f9611a2382cf5', 'sha1': 'b4cf6d626bca1dfbb4ac5141086dd8fb0ba50c1f', 'sha256': 'cb66d6c2866941dafaef36a7b85b57f1f63215f16abb3464c20361b4dc4f0fe3'}, 'dob': {'date': '1996-08-10T16:37:19.744Z', 'age': 27}, 'registered': {'date': '2012-05-16T22:15:28.248Z', 'age': 12}, 'phone': '09-3008-5671', 'cell': '0408-432-551', 'id': {'name': 'TFN', 'value': '882357697'}, 'picture': {'large': 'https://randomuser.me/api/portraits/women/12.jpg', 'medium': 'https://randomuser.me/api/portraits/med/women/12.jpg', 'thumbnail': 'https://randomuser.me/api/portraits/thumb/women/12.jpg'}, 'nat': 'AU'}</msg>
<arg>${json_data['results'][0]}</arg>
<doc>Logs the given message with the given level.</doc>
<status status="PASS" start="2024-05-25T13:14:29.106210" elapsed="0.000415"/>
</kw>
<kw name="Log" owner="BuiltIn">
<msg time="2024-05-25T13:14:29.107065" level="INFO">name</msg>
<arg>${key}</arg>
<doc>Logs the given message with the given level.</doc>
<status status="PASS" start="2024-05-25T13:14:29.106923" elapsed="0.000180"/>
</kw>
<var name="${key}">name</var>
<status status="PASS" start="2024-05-25T13:14:29.105345" elapsed="0.001979"/>
</iter>
<iter>
<kw name="Dictionary Should Contain Key" owner="Collections">
<msg time="2024-05-25T13:14:29.107997" level="INFO">False</msg>
<arg>${json_data['results'][0]}</arg>
<arg>${key}</arg>
<doc>Fails if ``key`` is not found from ``dictionary``.</doc>
<status status="PASS" start="2024-05-25T13:14:29.107623" elapsed="0.000411"/>
</kw>
<kw name="Log" owner="BuiltIn">
<msg time="2024-05-25T13:14:29.108697" level="INFO">{'gender': 'female', 'name': {'title': 'Ms', 'first': 'Allison', 'last': 'Collins'}, 'location': {'street': {'number': 3884, 'name': 'Paddock Way'}, 'city': 'Mackay', 'state': 'Queensland', 'country': 'Australia', 'postcode': 7165, 'coordinates': {'latitude': '-89.5367', 'longitude': '84.2033'}, 'timezone': {'offset': '-9:00', 'description': 'Alaska'}}, 'email': 'allison.collins@example.com', 'login': {'uuid': '02c16986-b90a-4143-accc-88e82e611d8b', 'username': 'smalllion555', 'password': 'rotten', 'salt': 'LcOhslyY', 'md5': '2bff90c9d0bb37e7455f9611a2382cf5', 'sha1': 'b4cf6d626bca1dfbb4ac5141086dd8fb0ba50c1f', 'sha256': 'cb66d6c2866941dafaef36a7b85b57f1f63215f16abb3464c20361b4dc4f0fe3'}, 'dob': {'date': '1996-08-10T16:37:19.744Z', 'age': 27}, 'registered': {'date': '2012-05-16T22:15:28.248Z', 'age': 12}, 'phone': '09-3008-5671', 'cell': '0408-432-551', 'id': {'name': 'TFN', 'value': '882357697'}, 'picture': {'large': 'https://randomuser.me/api/portraits/women/12.jpg', 'medium': 'https://randomuser.me/api/portraits/med/women/12.jpg', 'thumbnail': 'https://randomuser.me/api/portraits/thumb/women/12.jpg'}, 'nat': 'AU'}</msg>
<arg>${json_data['results'][0]}</arg>
<doc>Logs the given message with the given level.</doc>
<status status="PASS" start="2024-05-25T13:14:29.108332" elapsed="0.000414"/>
</kw>
<kw name="Log" owner="BuiltIn">
<msg time="2024-05-25T13:14:29.109170" level="INFO">location</msg>
<arg>${key}</arg>
<doc>Logs the given message with the given level.</doc>
<status status="PASS" start="2024-05-25T13:14:29.109043" elapsed="0.000164"/>
</kw>
<var name="${key}">location</var>
<status status="PASS" start="2024-05-25T13:14:29.107510" elapsed="0.001950"/>
</iter>
<iter>
<kw name="Dictionary Should Contain Key" owner="Collections">
<msg time="2024-05-25T13:14:29.110241" level="INFO">False</msg>
<arg>${json_data['results'][0]}</arg>
<arg>${key}</arg>
<doc>Fails if ``key`` is not found from ``dictionary``.</doc>
<status status="PASS" start="2024-05-25T13:14:29.109745" elapsed="0.000534"/>
</kw>
<kw name="Log" owner="BuiltIn">
<msg time="2024-05-25T13:14:29.110938" level="INFO">{'gender': 'female', 'name': {'title': 'Ms', 'first': 'Allison', 'last': 'Collins'}, 'location': {'street': {'number': 3884, 'name': 'Paddock Way'}, 'city': 'Mackay', 'state': 'Queensland', 'country': 'Australia', 'postcode': 7165, 'coordinates': {'latitude': '-89.5367', 'longitude': '84.2033'}, 'timezone': {'offset': '-9:00', 'description': 'Alaska'}}, 'email': 'allison.collins@example.com', 'login': {'uuid': '02c16986-b90a-4143-accc-88e82e611d8b', 'username': 'smalllion555', 'password': 'rotten', 'salt': 'LcOhslyY', 'md5': '2bff90c9d0bb37e7455f9611a2382cf5', 'sha1': 'b4cf6d626bca1dfbb4ac5141086dd8fb0ba50c1f', 'sha256': 'cb66d6c2866941dafaef36a7b85b57f1f63215f16abb3464c20361b4dc4f0fe3'}, 'dob': {'date': '1996-08-10T16:37:19.744Z', 'age': 27}, 'registered': {'date': '2012-05-16T22:15:28.248Z', 'age': 12}, 'phone': '09-3008-5671', 'cell': '0408-432-551', 'id': {'name': 'TFN', 'value': '882357697'}, 'picture': {'large': 'https://randomuser.me/api/portraits/women/12.jpg', 'medium': 'https://randomuser.me/api/portraits/med/women/12.jpg', 'thumbnail': 'https://randomuser.me/api/portraits/thumb/women/12.jpg'}, 'nat': 'AU'}</msg>
<arg>${json_data['results'][0]}</arg>
<doc>Logs the given message with the given level.</doc>
<status status="PASS" start="2024-05-25T13:14:29.110581" elapsed="0.000405"/>
</kw>
<kw name="Log" owner="BuiltIn">
<msg time="2024-05-25T13:14:29.111408" level="INFO">email</msg>
<arg>${key}</arg>
<doc>Logs the given message with the given level.</doc>
<status status="PASS" start="2024-05-25T13:14:29.111280" elapsed="0.000164"/>
</kw>
<var name="${key}">email</var>
<status status="PASS" start="2024-05-25T13:14:29.109633" elapsed="0.002025"/>
</iter>
<iter>
<kw name="Dictionary Should Contain Key" owner="Collections">
<msg time="2024-05-25T13:14:29.112324" level="INFO">False</msg>
<arg>${json_data['results'][0]}</arg>
<arg>${key}</arg>
<doc>Fails if ``key`` is not found from ``dictionary``.</doc>
<status status="PASS" start="2024-05-25T13:14:29.111942" elapsed="0.000419"/>
</kw>
<kw name="Log" owner="BuiltIn">
<msg time="2024-05-25T13:14:29.113021" level="INFO">{'gender': 'female', 'name': {'title': 'Ms', 'first': 'Allison', 'last': 'Collins'}, 'location': {'street': {'number': 3884, 'name': 'Paddock Way'}, 'city': 'Mackay', 'state': 'Queensland', 'country': 'Australia', 'postcode': 7165, 'coordinates': {'latitude': '-89.5367', 'longitude': '84.2033'}, 'timezone': {'offset': '-9:00', 'description': 'Alaska'}}, 'email': 'allison.collins@example.com', 'login': {'uuid': '02c16986-b90a-4143-accc-88e82e611d8b', 'username': 'smalllion555', 'password': 'rotten', 'salt': 'LcOhslyY', 'md5': '2bff90c9d0bb37e7455f9611a2382cf5', 'sha1': 'b4cf6d626bca1dfbb4ac5141086dd8fb0ba50c1f', 'sha256': 'cb66d6c2866941dafaef36a7b85b57f1f63215f16abb3464c20361b4dc4f0fe3'}, 'dob': {'date': '1996-08-10T16:37:19.744Z', 'age': 27}, 'registered': {'date': '2012-05-16T22:15:28.248Z', 'age': 12}, 'phone': '09-3008-5671', 'cell': '0408-432-551', 'id': {'name': 'TFN', 'value': '882357697'}, 'picture': {'large': 'https://randomuser.me/api/portraits/women/12.jpg', 'medium': 'https://randomuser.me/api/portraits/med/women/12.jpg', 'thumbnail': 'https://randomuser.me/api/portraits/thumb/women/12.jpg'}, 'nat': 'AU'}</msg>
<arg>${json_data['results'][0]}</arg>
<doc>Logs the given message with the given level.</doc>
<status status="PASS" start="2024-05-25T13:14:29.112660" elapsed="0.000409"/>
</kw>
<kw name="Log" owner="BuiltIn">
<msg time="2024-05-25T13:14:29.113520" level="INFO">login</msg>
<arg>${key}</arg>
<doc>Logs the given message with the given level.</doc>
<status status="PASS" start="2024-05-25T13:14:29.113384" elapsed="0.000173"/>
</kw>
<var name="${key}">login</var>
<status status="PASS" start="2024-05-25T13:14:29.111830" elapsed="0.001943"/>
</iter>
<var>${key}</var>
<value>@{expected_keys}</value>
<status status="PASS" start="2024-05-25T13:14:29.102973" elapsed="0.010920"/>
</for>
<kw name="Create List" owner="BuiltIn">
<msg time="2024-05-25T13:14:29.114256" level="INFO">${expected_keysTwo} = ['username', 'password']</msg>
<var>${expected_keysTwo}</var>
<arg>username</arg>
<arg>password</arg>
<doc>Returns a list containing given items.</doc>
<status status="PASS" start="2024-05-25T13:14:29.114117" elapsed="0.000171"/>
</kw>
<for flavor="IN">
<iter>
<kw name="Dictionary Should Contain Key" owner="Collections">
<msg time="2024-05-25T13:14:29.115215" level="INFO">False</msg>
<arg>${json_data['results'][0]['login']}</arg>
<arg>${keyTwo}</arg>
<doc>Fails if ``key`` is not found from ``dictionary``.</doc>
<status status="PASS" start="2024-05-25T13:14:29.114788" elapsed="0.000473"/>
</kw>
<kw name="Dictionary Should Contain Key" owner="Collections">
<msg time="2024-05-25T13:14:29.115977" level="INFO">False</msg>
<arg>${json_data['results'][0]['login']}</arg>
<arg>${keyTwo}</arg>
<doc>Fails if ``key`` is not found from ``dictionary``.</doc>
<status status="PASS" start="2024-05-25T13:14:29.115600" elapsed="0.000415"/>
</kw>
<kw name="Log" owner="BuiltIn">
<msg time="2024-05-25T13:14:29.116446" level="INFO">username</msg>
<arg>${keyTwo}</arg>
<doc>Logs the given message with the given level.</doc>
<status status="PASS" start="2024-05-25T13:14:29.116320" elapsed="0.000162"/>
</kw>
<var name="${keyTwo}">username</var>
<status status="PASS" start="2024-05-25T13:14:29.114678" elapsed="0.002017"/>
</iter>
<iter>
<kw name="Dictionary Should Contain Key" owner="Collections">
<msg time="2024-05-25T13:14:29.117408" level="INFO">False</msg>
<arg>${json_data['results'][0]['login']}</arg>
<arg>${keyTwo}</arg>
<doc>Fails if ``key`` is not found from ``dictionary``.</doc>
<status status="PASS" start="2024-05-25T13:14:29.116982" elapsed="0.000464"/>
</kw>
<kw name="Dictionary Should Contain Key" owner="Collections">
<msg time="2024-05-25T13:14:29.118113" level="INFO">False</msg>
<arg>${json_data['results'][0]['login']}</arg>
<arg>${keyTwo}</arg>
<doc>Fails if ``key`` is not found from ``dictionary``.</doc>
<status status="PASS" start="2024-05-25T13:14:29.117741" elapsed="0.000409"/>
</kw>
<kw name="Log" owner="BuiltIn">
<msg time="2024-05-25T13:14:29.118572" level="INFO">password</msg>
<arg>${keyTwo}</arg>
<doc>Logs the given message with the given level.</doc>
<status status="PASS" start="2024-05-25T13:14:29.118443" elapsed="0.000167"/>
</kw>
<var name="${keyTwo}">password</var>
<status status="PASS" start="2024-05-25T13:14:29.116867" elapsed="0.001961"/>
</iter>
<var>${keyTwo}</var>
<value>@{expected_keysTwo}</value>
<status status="PASS" start="2024-05-25T13:14:29.114526" elapsed="0.004423"/>
</for>
<status status="PASS" start="2024-05-25T13:14:28.987603" elapsed="0.131486"/>
</kw>
<doc>Testa a estrutura da resposta da API.</doc>
<tag>testeEstruturaResposta</tag>
<status status="PASS" start="2024-05-25T13:14:28.987000" elapsed="0.132245"/>
</test>
<test id="s1-s1-t4" name="Validar tipos de dados" line="28">
<kw name="Teste de Tipos de Dados" owner="random-user-service">
<kw name="GET On Session" owner="RequestsLibrary">
<msg time="2024-05-25T13:14:29.181814" level="INFO">GET Request : url=https://randomuser.me/api 
 path_url=/api 
 headers={'User-Agent': 'python-requests/2.32.2', 'Accept-Encoding': 'gzip, deflate', 'Accept': '*/*', 'Connection': 'keep-alive'} 
 body=None 
 </msg>
<msg time="2024-05-25T13:14:29.181912" level="INFO">GET Response : url=https://randomuser.me/api 
 status=200, reason=OK 
 headers={'Date': 'Sat, 25 May 2024 13:14:29 GMT', 'Content-Type': 'application/json; charset=utf-8', 'Transfer-Encoding': 'chunked', 'Connection': 'keep-alive', 'X-Powered-By': 'Express', 'Access-Control-Allow-Origin': '*', 'Cache-Control': 'no-cache', 'ETag': 'W/"46c-lKCbqpV1lvAMh3r3gjILxQG9jkA"', 'Vary': 'Accept-Encoding', 'Content-Encoding': 'gzip', 'CF-Cache-Status': 'DYNAMIC', 'Report-To': '{"endpoints":[{"url":"https:\\/\\/a.nel.cloudflare.com\\/report\\/v4?s=yQ0lqDha3ZYg%2BiF8zDBSf23uLbgnMpjmjZHJ2ndyWT%2BJroVaw3n2hyh6Pl4dXxiyHZJe645ArQUmy6Hdcdhkew600YnME8DGkHQpY5QhrHnSZ%2F5Xu8gE3agWk5mVr595"}],"group":"cf-nel","max_age":604800}', 'NEL': '{"success_fraction":0,"report_to":"cf-nel","max_age":604800}', 'Server': 'cloudflare', 'CF-RAY': '8895c9ec0d5a631e-ORD', 'alt-svc': 'h3=":443"; ma=86400'} 
 body={"results":[{"gender":"male","name":{"title":"Mr","first":"Don","last":"Mendoza"},"location":{"street":{"number":6665,"name":"Camden Ave"},"city":"Perth","state":"Queensland","country":"Australia","postcode":1061,"coordinates":{"latitude":"-82.0903","longitude":"-147.2288"},"timezone":{"offset":"-3:30","description":"Newfoundland"}},"email":"don.mendoza@example.com","login":{"uuid":"495a1a76-5d14-4d0d-8832-2b83715e9a41","username":"browndog254","password":"lumber","salt":"tZfqZdYb","md5":"15ce2a9f55b85ff7fb945bc2bf44fa92","sha1":"6e78b761578653dbbf48fc0bb83a0da3a1f45bf3","sha256":"348a77bfc737be5153241a49df856ce6991e294ae324e4f6c0b9d12caf734055"},"dob":{"date":"1983-10-29T22:09:18.674Z","age":40},"registered":{"date":"2012-07-11T14:31:09.891Z","age":11},"phone":"04-0396-6313","cell":"0407-157-208","id":{"name":"TFN","value":"980392620"},"picture":{"large":"https://randomuser.me/api/portraits/men/21.jpg","medium":"https://randomuser.me/api/portraits/med/men/21.jpg","thumbnail":"https://randomuser.me/api/portraits/thumb/men/21.jpg"},"nat":"AU"}],"info":{"seed":"0661396c8c25fe5a","results":1,"page":1,"version":"1.4"}} 
 </msg>
<msg time="2024-05-25T13:14:29.181986" level="INFO">/opt/hostedtoolcache/Python/3.12.3/x64/lib/python3.12/site-packages/urllib3/connectionpool.py:1103: InsecureRequestWarning: Unverified HTTPS request is being made to host 'randomuser.me'. Adding certificate verification is strongly advised. See: https://urllib3.readthedocs.io/en/latest/advanced-usage.html#tls-warnings
  warnings.warn(</msg>
<msg time="2024-05-25T13:14:29.182112" level="INFO">${response} = &lt;Response [200]&gt;</msg>
<var>${response}</var>
<arg>consultarAPI</arg>
<arg>/api</arg>
<doc>Sends a GET request on a previously created HTTP Session.</doc>
<status status="PASS" start="2024-05-25T13:14:29.121838" elapsed="0.060328"/>
</kw>
<kw name="Set Variable" owner="BuiltIn">
<msg time="2024-05-25T13:14:29.183291" level="INFO">${json_data} = {'results': [{'gender': 'male', 'name': {'title': 'Mr', 'first': 'Don', 'last': 'Mendoza'}, 'location': {'street': {'number': 6665, 'name': 'Camden Ave'}, 'city': 'Perth', 'state': 'Queensland', 'coun...</msg>
<var>${json_data}</var>
<arg>${response.json()}</arg>
<doc>Returns the given values which can then be assigned to a variables.</doc>
<status status="PASS" start="2024-05-25T13:14:29.182743" elapsed="0.000578"/>
</kw>
<kw name="Log" owner="BuiltIn">
<msg time="2024-05-25T13:14:29.183800" level="INFO">{'results': [{'gender': 'male', 'name': {'title': 'Mr', 'first': 'Don', 'last': 'Mendoza'}, 'location': {'street': {'number': 6665, 'name': 'Camden Ave'}, 'city': 'Perth', 'state': 'Queensland', 'country': 'Australia', 'postcode': 1061, 'coordinates': {'latitude': '-82.0903', 'longitude': '-147.2288'}, 'timezone': {'offset': '-3:30', 'description': 'Newfoundland'}}, 'email': 'don.mendoza@example.com', 'login': {'uuid': '495a1a76-5d14-4d0d-8832-2b83715e9a41', 'username': 'browndog254', 'password': 'lumber', 'salt': 'tZfqZdYb', 'md5': '15ce2a9f55b85ff7fb945bc2bf44fa92', 'sha1': '6e78b761578653dbbf48fc0bb83a0da3a1f45bf3', 'sha256': '348a77bfc737be5153241a49df856ce6991e294ae324e4f6c0b9d12caf734055'}, 'dob': {'date': '1983-10-29T22:09:18.674Z', 'age': 40}, 'registered': {'date': '2012-07-11T14:31:09.891Z', 'age': 11}, 'phone': '04-0396-6313', 'cell': '0407-157-208', 'id': {'name': 'TFN', 'value': '980392620'}, 'picture': {'large': 'https://randomuser.me/api/portraits/men/21.jpg', 'medium': 'https://randomuser.me/api/portraits/med/men/21.jpg', 'thumbnail': 'https://randomuser.me/api/portraits/thumb/men/21.jpg'}, 'nat': 'AU'}], 'info': {'seed': '0661396c8c25fe5a', 'results': 1, 'page': 1, 'version': '1.4'}}</msg>
<arg>${json_data}</arg>
<doc>Logs the given message with the given level.</doc>
<status status="PASS" start="2024-05-25T13:14:29.183642" elapsed="0.000207"/>
</kw>
<kw name="Should Be String" owner="String">
<arg>${json_data['results'][0]['gender']}</arg>
<doc>Fails if the given ``item`` is not a string.</doc>
<status status="PASS" start="2024-05-25T13:14:29.184193" elapsed="0.000370"/>
</kw>
<kw name="Should Match Regexp" owner="BuiltIn">
<arg>${json_data['results'][0]['email']}</arg>
<arg>^[a-zA-Z0-9._%+-]+@[a-zA-Z0-9.-]+\.[a-zA-Z]{2,}$</arg>
<doc>Fails if ``string`` does not match ``pattern`` as a regular expression.</doc>
<status status="PASS" start="2024-05-25T13:14:29.184767" elapsed="0.000699"/>
</kw>
<kw name="Should Match Regexp" owner="BuiltIn">
<arg>${json_data['results'][0]['dob']['date']}</arg>
<arg>\\d{4}-\\d{2}-\\d{2}T\\d{2}:\\d{2}:\\d{2}\\.\\d{3}Z</arg>
<doc>Fails if ``string`` does not match ``pattern`` as a regular expression.</doc>
<status status="PASS" start="2024-05-25T13:14:29.185672" elapsed="0.000490"/>
</kw>
<kw name="Should Match Regexp" owner="BuiltIn">
<arg>${json_data['results'][0]['registered']['date']}</arg>
<arg>\\d{4}-\\d{2}-\\d{2}T\\d{2}:\\d{2}:\\d{2}\\.\\d{3}Z</arg>
<doc>Fails if ``string`` does not match ``pattern`` as a regular expression.</doc>
<status status="PASS" start="2024-05-25T13:14:29.186365" elapsed="0.000368"/>
</kw>
<kw name="Should Match Regexp" owner="BuiltIn">
<arg>${json_data['results'][0]['picture']['large']}</arg>
<arg>^https?://.*\.(?:png|jpe?g|gif|bmp)$</arg>
<doc>Fails if ``string`` does not match ``pattern`` as a regular expression.</doc>
<status status="PASS" start="2024-05-25T13:14:29.186924" elapsed="0.000472"/>
</kw>
<kw name="Should Match Regexp" owner="BuiltIn">
<arg>${json_data['results'][0]['picture']['medium']}</arg>
<arg>^https?://.*\.(?:png|jpe?g|gif|bmp)$</arg>
<doc>Fails if ``string`` does not match ``pattern`` as a regular expression.</doc>
<status status="PASS" start="2024-05-25T13:14:29.187589" elapsed="0.000352"/>
</kw>
<kw name="Should Match Regexp" owner="BuiltIn">
<arg>${json_data['results'][0]['picture']['thumbnail']}</arg>
<arg>^https?://.*\.(?:png|jpe?g|gif|bmp)$</arg>
<doc>Fails if ``string`` does not match ``pattern`` as a regular expression.</doc>
<status status="PASS" start="2024-05-25T13:14:29.188129" elapsed="0.000351"/>
</kw>
<kw name="Log" owner="BuiltIn">
<msg time="2024-05-25T13:14:29.188982" level="INFO">{'large': 'https://randomuser.me/api/portraits/men/21.jpg', 'medium': 'https://randomuser.me/api/portraits/med/men/21.jpg', 'thumbnail': 'https://randomuser.me/api/portraits/thumb/men/21.jpg'}</msg>
<arg>${json_data['results'][0]['picture']}</arg>
<doc>Logs the given message with the given level.</doc>
<status status="PASS" start="2024-05-25T13:14:29.188661" elapsed="0.000364"/>
</kw>
<status status="PASS" start="2024-05-25T13:14:29.121598" elapsed="0.067686"/>
</kw>
<kw name="Teste de Tipos de Dados - Postcode" owner="random-user-service">
<kw name="GET On Session" owner="RequestsLibrary">
<msg time="2024-05-25T13:14:29.294452" level="INFO">GET Request : url=https://randomuser.me/api 
 path_url=/api 
 headers={'User-Agent': 'python-requests/2.32.2', 'Accept-Encoding': 'gzip, deflate', 'Accept': '*/*', 'Connection': 'keep-alive'} 
 body=None 
 </msg>
<msg time="2024-05-25T13:14:29.294539" level="INFO">GET Response : url=https://randomuser.me/api 
 status=200, reason=OK 
 headers={'Date': 'Sat, 25 May 2024 13:14:29 GMT', 'Content-Type': 'application/json; charset=utf-8', 'Transfer-Encoding': 'chunked', 'Connection': 'keep-alive', 'X-Powered-By': 'Express', 'Access-Control-Allow-Origin': '*', 'Cache-Control': 'no-cache', 'ETag': 'W/"47d-6uIFlsg/3gts85bRY3377L7cDvw"', 'Vary': 'Accept-Encoding', 'Content-Encoding': 'gzip', 'CF-Cache-Status': 'DYNAMIC', 'Report-To': '{"endpoints":[{"url":"https:\\/\\/a.nel.cloudflare.com\\/report\\/v4?s=KhjNdx%2F9uf5sqH6nqH%2B3qVNXPXjr8P5yHEIdfT8dFkjyeMx5VBJ55cRaoVDZvW1jyEzpjASMI7%2BPb2Qs6Puulz3VWOr7qa%2FGw7elHiwWGABG9vgExGkCJxi9YrHylLfw"}],"group":"cf-nel","max_age":604800}', 'NEL': '{"success_fraction":0,"report_to":"cf-nel","max_age":604800}', 'Server': 'cloudflare', 'CF-RAY': '8895c9ec7ddd631e-ORD', 'alt-svc': 'h3=":443"; ma=86400'} 
 body={"results":[{"gender":"female","name":{"title":"Mrs","first":"Chloe","last":"Holt"},"location":{"street":{"number":4807,"name":"Park Road"},"city":"Nenagh","state":"Sligo","country":"Ireland","postcode":34721,"coordinates":{"latitude":"-2.6219","longitude":"83.1714"},"timezone":{"offset":"+4:00","description":"Abu Dhabi, Muscat, Baku, Tbilisi"}},"email":"chloe.holt@example.com","login":{"uuid":"36997abc-4cff-42b9-8e76-817ce1b55b07","username":"happylion201","password":"jabber","salt":"W79iTLa6","md5":"3d4195f17b744f226b31c2483a32a2ae","sha1":"9aeb957e4975c786efdcf0d35bbf788f1c068770","sha256":"00396ecf532a6558753ef9bfbf788777031c439beacd5867e6c524e2163387c5"},"dob":{"date":"1971-01-18T19:07:01.277Z","age":53},"registered":{"date":"2017-11-24T08:02:55.298Z","age":6},"phone":"011-733-6049","cell":"081-020-0173","id":{"name":"PPS","value":"4538720T"},"picture":{"large":"https://randomuser.me/api/portraits/women/89.jpg","medium":"https://randomuser.me/api/portraits/med/women/89.jpg","thumbnail":"https://randomuser.me/api/portraits/thumb/women/89.jpg"},"nat":"IE"}],"info":{"seed":"7de41b51c39d2a8e","results":1,"page":1,"version":"1.4"}} 
 </msg>
<msg time="2024-05-25T13:14:29.294602" level="INFO">/opt/hostedtoolcache/Python/3.12.3/x64/lib/python3.12/site-packages/urllib3/connectionpool.py:1103: InsecureRequestWarning: Unverified HTTPS request is being made to host 'randomuser.me'. Adding certificate verification is strongly advised. See: https://urllib3.readthedocs.io/en/latest/advanced-usage.html#tls-warnings
  warnings.warn(</msg>
<msg time="2024-05-25T13:14:29.294689" level="INFO">${response} = &lt;Response [200]&gt;</msg>
<var>${response}</var>
<arg>consultarAPI</arg>
<arg>/api</arg>
<doc>Sends a GET request on a previously created HTTP Session.</doc>
<status status="PASS" start="2024-05-25T13:14:29.189795" elapsed="0.104924"/>
</kw>
<kw name="Set Variable" owner="BuiltIn">
<msg time="2024-05-25T13:14:29.295554" level="INFO">${json_data} = {'results': [{'gender': 'female', 'name': {'title': 'Mrs', 'first': 'Chloe', 'last': 'Holt'}, 'location': {'street': {'number': 4807, 'name': 'Park Road'}, 'city': 'Nenagh', 'state': 'Sligo', 'country...</msg>
<var>${json_data}</var>
<arg>${response.json()}</arg>
<doc>Returns the given values which can then be assigned to a variables.</doc>
<status status="PASS" start="2024-05-25T13:14:29.295108" elapsed="0.000475"/>
</kw>
<kw name="Log" owner="BuiltIn">
<msg time="2024-05-25T13:14:29.296043" level="INFO">{'results': [{'gender': 'female', 'name': {'title': 'Mrs', 'first': 'Chloe', 'last': 'Holt'}, 'location': {'street': {'number': 4807, 'name': 'Park Road'}, 'city': 'Nenagh', 'state': 'Sligo', 'country': 'Ireland', 'postcode': 34721, 'coordinates': {'latitude': '-2.6219', 'longitude': '83.1714'}, 'timezone': {'offset': '+4:00', 'description': 'Abu Dhabi, Muscat, Baku, Tbilisi'}}, 'email': 'chloe.holt@example.com', 'login': {'uuid': '36997abc-4cff-42b9-8e76-817ce1b55b07', 'username': 'happylion201', 'password': 'jabber', 'salt': 'W79iTLa6', 'md5': '3d4195f17b744f226b31c2483a32a2ae', 'sha1': '9aeb957e4975c786efdcf0d35bbf788f1c068770', 'sha256': '00396ecf532a6558753ef9bfbf788777031c439beacd5867e6c524e2163387c5'}, 'dob': {'date': '1971-01-18T19:07:01.277Z', 'age': 53}, 'registered': {'date': '2017-11-24T08:02:55.298Z', 'age': 6}, 'phone': '011-733-6049', 'cell': '081-020-0173', 'id': {'name': 'PPS', 'value': '4538720T'}, 'picture': {'large': 'https://randomuser.me/api/portraits/women/89.jpg', 'medium': 'https://randomuser.me/api/portraits/med/women/89.jpg', 'thumbnail': 'https://randomuser.me/api/portraits/thumb/women/89.jpg'}, 'nat': 'IE'}], 'info': {'seed': '7de41b51c39d2a8e', 'results': 1, 'page': 1, 'version': '1.4'}}</msg>
<arg>${json_data}</arg>
<doc>Logs the given message with the given level.</doc>
<status status="PASS" start="2024-05-25T13:14:29.295893" elapsed="0.000198"/>
</kw>
<kw name="Should Be Equal As Numbers" owner="BuiltIn">
<arg>${json_data['results'][0]['location']['postcode']}</arg>
<arg>${json_data['results'][0]['location']['postcode']}</arg>
<doc>Fails if objects are unequal after converting them to real numbers.</doc>
<status status="PASS" start="2024-05-25T13:14:29.296384" elapsed="0.000621"/>
</kw>
<kw name="Log" owner="BuiltIn">
<msg time="2024-05-25T13:14:29.297607" level="INFO">34721</msg>
<arg>${json_data['results'][0]['location']['postcode']}</arg>
<doc>Logs the given message with the given level.</doc>
<status status="PASS" start="2024-05-25T13:14:29.297230" elapsed="0.000417"/>
</kw>
<status status="PASS" start="2024-05-25T13:14:29.189550" elapsed="0.108352"/>
</kw>
<doc>Testa se os tipos de dados na resposta da API estão corretos.</doc>
<tag>testeTiposDados</tag>
<status status="PASS" start="2024-05-25T13:14:29.120999" elapsed="0.177070"/>
</test>
<test id="s1-s1-t5" name="Validar conteudo" line="35">
<kw name="Teste de Tipos de Conteudo" owner="random-user-service">
<kw name="GET On Session" owner="RequestsLibrary">
<msg time="2024-05-25T13:14:29.381385" level="INFO">GET Request : url=https://randomuser.me/api 
 path_url=/api 
 headers={'User-Agent': 'python-requests/2.32.2', 'Accept-Encoding': 'gzip, deflate', 'Accept': '*/*', 'Connection': 'keep-alive'} 
 body=None 
 </msg>
<msg time="2024-05-25T13:14:29.381467" level="INFO">GET Response : url=https://randomuser.me/api 
 status=200, reason=OK 
 headers={'Date': 'Sat, 25 May 2024 13:14:29 GMT', 'Content-Type': 'application/json; charset=utf-8', 'Transfer-Encoding': 'chunked', 'Connection': 'keep-alive', 'X-Powered-By': 'Express', 'Access-Control-Allow-Origin': '*', 'Cache-Control': 'no-cache', 'ETag': 'W/"478-CK79hXiWLO8YakyrCFuVV24mG4c"', 'Vary': 'Accept-Encoding', 'Content-Encoding': 'gzip', 'CF-Cache-Status': 'DYNAMIC', 'Report-To': '{"endpoints":[{"url":"https:\\/\\/a.nel.cloudflare.com\\/report\\/v4?s=r8QtX4DZhwHgmK3C9ThMaf3%2BwDKREmX3dPbFjhISpF%2FNVd0%2FYegLmIUHn8RCN6lr%2FDA43GQAcWlYDkp38UXKbl%2BQFRbsETtVr%2BFlumiNKvdIuYtX079LL%2BlUwZskfxke"}],"group":"cf-nel","max_age":604800}', 'NEL': '{"success_fraction":0,"report_to":"cf-nel","max_age":604800}', 'Server': 'cloudflare', 'CF-RAY': '8895c9ed2e7e631e-ORD', 'alt-svc': 'h3=":443"; ma=86400'} 
 body={"results":[{"gender":"female","name":{"title":"Mrs","first":"Alida","last":"Rydningen"},"location":{"street":{"number":948,"name":"Stovnerfaret"},"city":"Sokna","state":"Buskerud","country":"Norway","postcode":"0564","coordinates":{"latitude":"40.9824","longitude":"173.9848"},"timezone":{"offset":"-2:00","description":"Mid-Atlantic"}},"email":"alida.rydningen@example.com","login":{"uuid":"0b961dc2-8d36-451f-b950-439fd46dc5f4","username":"beautifulfish272","password":"fletcher","salt":"ZoAtf98L","md5":"a1a26b86f70f36549efc3dead9717841","sha1":"f42884e613c5334708f518ca172ce824832dc43d","sha256":"524c32d9d572be7f8bed33a49c046ae4f31acd20aa968431924b85266a2e8a3b"},"dob":{"date":"1976-08-10T13:09:13.446Z","age":47},"registered":{"date":"2021-07-18T07:01:52.198Z","age":2},"phone":"34883929","cell":"46727515","id":{"name":"FN","value":"10087646411"},"picture":{"large":"https://randomuser.me/api/portraits/women/79.jpg","medium":"https://randomuser.me/api/portraits/med/women/79.jpg","thumbnail":"https://randomuser.me/api/portraits/thumb/women/79.jpg"},"nat":"NO"}],"info":{"seed":"613adc285b63dedd","results":1,"page":1,"version":"1.4"}} 
 </msg>
<msg time="2024-05-25T13:14:29.381539" level="INFO">/opt/hostedtoolcache/Python/3.12.3/x64/lib/python3.12/site-packages/urllib3/connectionpool.py:1103: InsecureRequestWarning: Unverified HTTPS request is being made to host 'randomuser.me'. Adding certificate verification is strongly advised. See: https://urllib3.readthedocs.io/en/latest/advanced-usage.html#tls-warnings
  warnings.warn(</msg>
<msg time="2024-05-25T13:14:29.381647" level="INFO">${response} = &lt;Response [200]&gt;</msg>
<var>${response}</var>
<arg>consultarAPI</arg>
<arg>/api</arg>
<doc>Sends a GET request on a previously created HTTP Session.</doc>
<status status="PASS" start="2024-05-25T13:14:29.300560" elapsed="0.081130"/>
</kw>
<kw name="Set Variable" owner="BuiltIn">
<msg time="2024-05-25T13:14:29.382734" level="INFO">${json_data} = {'results': [{'gender': 'female', 'name': {'title': 'Mrs', 'first': 'Alida', 'last': 'Rydningen'}, 'location': {'street': {'number': 948, 'name': 'Stovnerfaret'}, 'city': 'Sokna', 'state': 'Buskerud',...</msg>
<var>${json_data}</var>
<arg>${response.json()}</arg>
<doc>Returns the given values which can then be assigned to a variables.</doc>
<status status="PASS" start="2024-05-25T13:14:29.382161" elapsed="0.000603"/>
</kw>
<kw name="Set Variable" owner="BuiltIn">
<msg time="2024-05-25T13:14:29.383468" level="INFO">${name_title} = Mrs</msg>
<var>${name_title}</var>
<arg>${json_data["results"][0]["name"]["title"]}</arg>
<doc>Returns the given values which can then be assigned to a variables.</doc>
<status status="PASS" start="2024-05-25T13:14:29.383077" elapsed="0.000417"/>
</kw>
<kw name="Create List" owner="BuiltIn">
<msg time="2024-05-25T13:14:29.383955" level="INFO">${allowed_titles} = ['Mr', 'Ms', 'Miss', 'Mrs', 'Madame', 'Monsieur']</msg>
<var>${allowed_titles}</var>
<arg>Mr</arg>
<arg>Ms</arg>
<arg>Miss</arg>
<arg>Mrs</arg>
<arg>Madame</arg>
<arg>Monsieur</arg>
<doc>Returns a list containing given items.</doc>
<status status="PASS" start="2024-05-25T13:14:29.383800" elapsed="0.000180"/>
</kw>
<kw name="List Should Contain Value" owner="Collections">
<msg time="2024-05-25T13:14:29.384462" level="INFO">False</msg>
<arg>${allowed_titles}</arg>
<arg>${name_title}</arg>
<doc>Fails if the ``value`` is not found from ``list``.</doc>
<status status="PASS" start="2024-05-25T13:14:29.384287" elapsed="0.000212"/>
</kw>
<kw name="Set Variable" owner="BuiltIn">
<msg time="2024-05-25T13:14:29.385336" level="INFO">${name_country} = NO</msg>
<var>${name_country}</var>
<arg>${json_data["results"][0]["nat"]}</arg>
<doc>Returns the given values which can then be assigned to a variables.</doc>
<status status="PASS" start="2024-05-25T13:14:29.384792" elapsed="0.000573"/>
</kw>
<kw name="Create List" owner="BuiltIn">
<msg time="2024-05-25T13:14:29.386286" level="INFO">${list_country} = ['AD', 'AE', 'AF', 'AG', 'AI', 'AL', 'AM', 'AO', 'AQ', 'AR', 'AS', 'AT', 'AU', 'AW', 'AX', 'AZ', 'BA', 'BB', 'BD', 'BE', 'BF', 'BG', 'BH', 'BI', 'BJ', 'BL', 'BM', 'BN', 'BO', 'BQ', 'BR', 'BS', 'BT', '...</msg>
<var>${list_country}</var>
<arg>AD</arg>
<arg>AE</arg>
<arg>AF</arg>
<arg>AG</arg>
<arg>AI</arg>
<arg>AL</arg>
<arg>AM</arg>
<arg>AO</arg>
<arg>AQ</arg>
<arg>AR</arg>
<arg>AS</arg>
<arg>AT</arg>
<arg>AU</arg>
<arg>AW</arg>
<arg>AX</arg>
<arg>AZ</arg>
<arg>BA</arg>
<arg>BB</arg>
<arg>BD</arg>
<arg>BE</arg>
<arg>BF</arg>
<arg>BG</arg>
<arg>BH</arg>
<arg>BI</arg>
<arg>BJ</arg>
<arg>BL</arg>
<arg>BM</arg>
<arg>BN</arg>
<arg>BO</arg>
<arg>BQ</arg>
<arg>BR</arg>
<arg>BS</arg>
<arg>BT</arg>
<arg>BV</arg>
<arg>BW</arg>
<arg>BY</arg>
<arg>BZ</arg>
<arg>CA</arg>
<arg>CC</arg>
<arg>CD</arg>
<arg>CF</arg>
<arg>CG</arg>
<arg>CH</arg>
<arg>CI</arg>
<arg>CK</arg>
<arg>CL</arg>
<arg>CM</arg>
<arg>CN</arg>
<arg>CO</arg>
<arg>CR</arg>
<arg>CU</arg>
<arg>CV</arg>
<arg>CW</arg>
<arg>CX</arg>
<arg>CY</arg>
<arg>CZ</arg>
<arg>DE</arg>
<arg>DJ</arg>
<arg>DK</arg>
<arg>DM</arg>
<arg>DO</arg>
<arg>DZ</arg>
<arg>EC</arg>
<arg>EE</arg>
<arg>EG</arg>
<arg>EH</arg>
<arg>ER</arg>
<arg>ES</arg>
<arg>ET</arg>
<arg>FI</arg>
<arg>FJ</arg>
<arg>FK</arg>
<arg>FM</arg>
<arg>FO</arg>
<arg>FR</arg>
<arg>GA</arg>
<arg>GB</arg>
<arg>GD</arg>
<arg>GE</arg>
<arg>GF</arg>
<arg>GG</arg>
<arg>GH</arg>
<arg>GI</arg>
<arg>GL</arg>
<arg>GM</arg>
<arg>GN</arg>
<arg>GP</arg>
<arg>GQ</arg>
<arg>GR</arg>
<arg>GS</arg>
<arg>GT</arg>
<arg>GU</arg>
<arg>GW</arg>
<arg>GY</arg>
<arg>HK</arg>
<arg>HM</arg>
<arg>HN</arg>
<arg>HR</arg>
<arg>HT</arg>
<arg>HU</arg>
<arg>ID</arg>
<arg>IE</arg>
<arg>IL</arg>
<arg>IM</arg>
<arg>IN</arg>
<arg>IO</arg>
<arg>IQ</arg>
<arg>IR</arg>
<arg>IS</arg>
<arg>IT</arg>
<arg>JE</arg>
<arg>JM</arg>
<arg>JO</arg>
<arg>JP</arg>
<arg>KE</arg>
<arg>KG</arg>
<arg>KH</arg>
<arg>KI</arg>
<arg>KM</arg>
<arg>KN</arg>
<arg>KP</arg>
<arg>KR</arg>
<arg>KW</arg>
<arg>KY</arg>
<arg>KZ</arg>
<arg>LA</arg>
<arg>LB</arg>
<arg>LC</arg>
<arg>LI</arg>
<arg>LK</arg>
<arg>LR</arg>
<arg>LS</arg>
<arg>LT</arg>
<arg>LU</arg>
<arg>LV</arg>
<arg>LY</arg>
<arg>MA</arg>
<arg>MC</arg>
<arg>MD</arg>
<arg>ME</arg>
<arg>MF</arg>
<arg>MG</arg>
<arg>MH</arg>
<arg>MK</arg>
<arg>ML</arg>
<arg>MM</arg>
<arg>MN</arg>
<arg>MO</arg>
<arg>MP</arg>
<arg>MQ</arg>
<arg>MR</arg>
<arg>MS</arg>
<arg>MT</arg>
<arg>MU</arg>
<arg>MV</arg>
<arg>MW</arg>
<arg>MX</arg>
<arg>MY</arg>
<arg>MZ</arg>
<arg>NA</arg>
<arg>NC</arg>
<arg>NE</arg>
<arg>NF</arg>
<arg>NG</arg>
<arg>NI</arg>
<arg>NL</arg>
<arg>NO</arg>
<arg>NP</arg>
<arg>NR</arg>
<arg>NU</arg>
<arg>NZ</arg>
<arg>OM</arg>
<arg>PA</arg>
<arg>PE</arg>
<arg>PF</arg>
<arg>PG</arg>
<arg>PH</arg>
<arg>PK</arg>
<arg>PL</arg>
<arg>PM</arg>
<arg>PN</arg>
<arg>PR</arg>
<arg>PS</arg>
<arg>PT</arg>
<arg>PW</arg>
<arg>PY</arg>
<arg>QA</arg>
<arg>RE</arg>
<arg>RO</arg>
<arg>RS</arg>
<arg>RU</arg>
<arg>RW</arg>
<arg>SA</arg>
<arg>SB</arg>
<arg>SC</arg>
<arg>SD</arg>
<arg>SE</arg>
<arg>SG</arg>
<arg>SH</arg>
<arg>SI</arg>
<arg>SJ</arg>
<arg>SK</arg>
<arg>SL</arg>
<arg>SM</arg>
<arg>SN</arg>
<arg>SO</arg>
<arg>SR</arg>
<arg>SS</arg>
<arg>ST</arg>
<arg>SV</arg>
<arg>SX</arg>
<arg>SY</arg>
<arg>SZ</arg>
<arg>TC</arg>
<arg>TD</arg>
<arg>TF</arg>
<arg>TG</arg>
<arg>TH</arg>
<arg>TJ</arg>
<arg>TK</arg>
<arg>TL</arg>
<arg>TM</arg>
<arg>TN</arg>
<arg>TO</arg>
<arg>TR</arg>
<arg>TT</arg>
<arg>TV</arg>
<arg>TW</arg>
<arg>TZ</arg>
<arg>UA</arg>
<arg>UG</arg>
<arg>UM</arg>
<arg>US</arg>
<arg>UY</arg>
<arg>UZ</arg>
<arg>VA</arg>
<arg>VC</arg>
<arg>VE</arg>
<arg>VG</arg>
<arg>VI</arg>
<arg>VN</arg>
<arg>VU</arg>
<arg>WF</arg>
<arg>WS</arg>
<arg>XK</arg>
<arg>YE</arg>
<arg>YT</arg>
<arg>ZA</arg>
<arg>ZM</arg>
<arg>ZW</arg>
<doc>Returns a list containing given items.</doc>
<status status="PASS" start="2024-05-25T13:14:29.385689" elapsed="0.000623"/>
</kw>
<kw name="List Should Contain Value" owner="Collections">
<msg time="2024-05-25T13:14:29.387299" level="INFO">False</msg>
<arg>${list_country}</arg>
<arg>${name_country}</arg>
<doc>Fails if the ``value`` is not found from ``list``.</doc>
<status status="PASS" start="2024-05-25T13:14:29.387094" elapsed="0.000240"/>
</kw>
<kw name="Run Keyword If" owner="BuiltIn">
<kw name="Should Be True" owner="BuiltIn">
<arg>${True}</arg>
<doc>Fails if the given condition is not true.</doc>
<status status="PASS" start="2024-05-25T13:14:29.388400" elapsed="0.000144"/>
</kw>
<arg>${json_data["results"][0]["location"]["coordinates"]["latitude"]} &gt;= -90 and ${json_data["results"][0]["location"]["coordinates"]["latitude"]} &lt;= 90</arg>
<arg>Should Be True</arg>
<arg>${True}</arg>
<doc>Runs the given keyword with the given arguments, if ``condition`` is true.</doc>
<status status="PASS" start="2024-05-25T13:14:29.387654" elapsed="0.001017"/>
</kw>
<kw name="Run Keyword If" owner="BuiltIn">
<kw name="Should Be True" owner="BuiltIn">
<arg>${True}</arg>
<doc>Fails if the given condition is not true.</doc>
<status status="PASS" start="2024-05-25T13:14:29.389578" elapsed="0.000137"/>
</kw>
<arg>${json_data["results"][0]["location"]["coordinates"]["longitude"]} &gt;= -180 and ${json_data["results"][0]["location"]["coordinates"]["longitude"]} &lt;= 180</arg>
<arg>Should Be True</arg>
<arg>${True}</arg>
<doc>Runs the given keyword with the given arguments, if ``condition`` is true.</doc>
<status status="PASS" start="2024-05-25T13:14:29.388854" elapsed="0.000984"/>
</kw>
<status status="PASS" start="2024-05-25T13:14:29.300333" elapsed="0.089632"/>
</kw>
<doc>Testa o conteúdo específico dos campos retornados pela API.</doc>
<tag>testeConteudo</tag>
<status status="PASS" start="2024-05-25T13:14:29.299804" elapsed="0.090302"/>
</test>
<status status="PASS" start="2024-05-25T13:14:28.377770" elapsed="1.014262"/>
</suite>
<status status="PASS" start="2024-05-25T13:14:28.364313" elapsed="1.033137"/>
</suite>
<statistics>
<total>
<stat pass="5" fail="0" skip="0">All Tests</stat>
</total>
<tag>
<stat pass="1" fail="0" skip="0">testeConteudo</stat>
<stat pass="1" fail="0" skip="0">testeEstruturaResposta</stat>
<stat pass="1" fail="0" skip="0">testeRequisicaoBasica</stat>
<stat pass="1" fail="0" skip="0">testeTiposDados</stat>
</tag>
<suite>
<stat pass="5" fail="0" skip="0" id="s1" name="Tests">Tests</stat>
<stat pass="5" fail="0" skip="0" id="s1-s1" name="Random-User-Test">Tests.Random-User-Test</stat>
</suite>
</statistics>
<errors>
</errors>
</robot>
