<?xml version="1.0" encoding="UTF-8"?>
<robot generator="Robot 7.0.1 (Python 3.12.3 on linux)" generated="2024-06-17T15:17:03.182637" rpa="false" schemaversion="5">
<suite id="s1" name="Tests" source="/home/runner/work/ApiRandomUser/ApiRandomUser/RamdonUser/tests">
<suite id="s1-s1" name="Random-User-Test" source="/home/runner/work/ApiRandomUser/ApiRandomUser/RamdonUser/tests/random-user-test.robot">
<test id="s1-s1-t1" name="Conectar" line="13">
<kw name="Conectar API" owner="random-user-service">
<kw name="Create Session" owner="RequestsLibrary">
<msg time="2024-06-17T15:17:03.604664" level="INFO">Creating Session using : alias=consultarAPI, url=https://randomuser.me/, headers={},                     cookies={}, auth=None, timeout=None, proxies=None, verify=False,                     debug=0 </msg>
<arg>consultarAPI</arg>
<arg>${URL}</arg>
<doc>Create Session: create a HTTP session to a server</doc>
<status status="PASS" start="2024-06-17T15:17:03.604390" elapsed="0.000502"/>
</kw>
<status status="PASS" start="2024-06-17T15:17:03.603252" elapsed="0.002061"/>
</kw>
<status status="PASS" start="2024-06-17T15:17:03.602637" elapsed="0.002878"/>
</test>
<test id="s1-s1-t2" name="Validar retorno 200 e JSON Válido" line="16">
<kw name="Teste de Requisicao Basica" owner="random-user-service">
<kw name="GET On Session" owner="RequestsLibrary">
<msg time="2024-06-17T15:17:03.796282" level="INFO">GET Request : url=https://randomuser.me/api 
 path_url=/api 
 headers={'User-Agent': 'python-requests/2.32.3', 'Accept-Encoding': 'gzip, deflate', 'Accept': '*/*', 'Connection': 'keep-alive'} 
 body=None 
 </msg>
<msg time="2024-06-17T15:17:03.796491" level="INFO">GET Response : url=https://randomuser.me/api 
 status=200, reason=OK 
 headers={'Date': 'Mon, 17 Jun 2024 15:17:03 GMT', 'Content-Type': 'application/json; charset=utf-8', 'Transfer-Encoding': 'chunked', 'Connection': 'keep-alive', 'X-Powered-By': 'Express', 'Access-Control-Allow-Origin': '*', 'Cache-Control': 'no-cache', 'ETag': 'W/"49e-2vkLRirJloIwKEItYMWMkkCvth0"', 'Vary': 'Accept-Encoding', 'Content-Encoding': 'gzip', 'CF-Cache-Status': 'DYNAMIC', 'Report-To': '{"endpoints":[{"url":"https:\\/\\/a.nel.cloudflare.com\\/report\\/v4?s=JzKSdIHPVskVFE%2B1UEDITLm3uwqJRNP3hwUafe%2FmoekkKCjoDjTSoQGgjztFJb7LjIIcvfYhFEtflo85F%2BWz9bXuVzxEkiAPZdTsPJSSnmfEMhxujTfp29BSwEu1KhqI"}],"group":"cf-nel","max_age":604800}', 'NEL': '{"success_fraction":0,"report_to":"cf-nel","max_age":604800}', 'Server': 'cloudflare', 'CF-RAY': '89540119cdc71187-ORD', 'alt-svc': 'h3=":443"; ma=86400'} 
 body={"results":[{"gender":"female","name":{"title":"Miss","first":"Matilda","last":"Cooper"},"location":{"street":{"number":9538,"name":"Highcliff Road"},"city":"Invercargill","state":"Northland","country":"New Zealand","postcode":90764,"coordinates":{"latitude":"52.2477","longitude":"125.2895"},"timezone":{"offset":"+11:00","description":"Magadan, Solomon Islands, New Caledonia"}},"email":"matilda.cooper@example.com","login":{"uuid":"a13ff658-e39d-487f-bc08-9a26cf1ff868","username":"lazymeercat697","password":"3636","salt":"pLYFB7RX","md5":"a1c937e786773c08dd85116b51b80ac4","sha1":"15956ed6c7a764e73070128ca103884a4b58b5e6","sha256":"5f818393a82345bcfc5584681309aa697a29636709f64a83864cd24fb5634652"},"dob":{"date":"1952-08-31T09:48:28.208Z","age":71},"registered":{"date":"2010-05-04T19:35:22.706Z","age":14},"phone":"(909)-953-5981","cell":"(241)-824-9439","id":{"name":"","value":null},"picture":{"large":"https://randomuser.me/api/portraits/women/77.jpg","medium":"https://randomuser.me/api/portraits/med/women/77.jpg","thumbnail":"https://randomuser.me/api/portraits/thumb/women/77.jpg"},"nat":"NZ"}],"info":{"seed":"8e7bc75c704175a0","results":1,"page":1,"version":"1.4"}} 
 </msg>
<msg time="2024-06-17T15:17:03.796583" level="INFO">/opt/hostedtoolcache/Python/3.12.3/x64/lib/python3.12/site-packages/urllib3/connectionpool.py:1099: InsecureRequestWarning: Unverified HTTPS request is being made to host 'randomuser.me'. Adding certificate verification is strongly advised. See: https://urllib3.readthedocs.io/en/latest/advanced-usage.html#tls-warnings
  warnings.warn(</msg>
<msg time="2024-06-17T15:17:03.796763" level="INFO">${response} = &lt;Response [200]&gt;</msg>
<var>${response}</var>
<arg>consultarAPI</arg>
<arg>/api</arg>
<doc>Sends a GET request on a previously created HTTP Session.</doc>
<status status="PASS" start="2024-06-17T15:17:03.608202" elapsed="0.188604"/>
</kw>
<kw name="Should Be Equal As Numbers" owner="BuiltIn">
<msg time="2024-06-17T15:17:03.798010" level="INFO">Argument types are:
&lt;class 'int'&gt;
&lt;class 'str'&gt;</msg>
<arg>${response.status_code}</arg>
<arg>200</arg>
<doc>Fails if objects are unequal after converting them to real numbers.</doc>
<status status="PASS" start="2024-06-17T15:17:03.797517" elapsed="0.000564"/>
</kw>
<kw name="Log" owner="BuiltIn">
<msg time="2024-06-17T15:17:03.798833" level="INFO">200</msg>
<arg>${response.status_code}</arg>
<doc>Logs the given message with the given level.</doc>
<status status="PASS" start="2024-06-17T15:17:03.798462" elapsed="0.000420"/>
</kw>
<kw name="Set Variable" owner="BuiltIn">
<msg time="2024-06-17T15:17:03.799932" level="INFO">${json_data} = {'results': [{'gender': 'female', 'name': {'title': 'Miss', 'first': 'Matilda', 'last': 'Cooper'}, 'location': {'street': {'number': 9538, 'name': 'Highcliff Road'}, 'city': 'Invercargill', 'state': '...</msg>
<var>${json_data}</var>
<arg>${response.json()}</arg>
<doc>Returns the given values which can then be assigned to a variables.</doc>
<status status="PASS" start="2024-06-17T15:17:03.799275" elapsed="0.000700"/>
</kw>
<kw name="Dictionary Should Contain Key" owner="Collections">
<arg>${json_data}</arg>
<arg>results</arg>
<doc>Fails if ``key`` is not found from ``dictionary``.</doc>
<status status="PASS" start="2024-06-17T15:17:03.800474" elapsed="0.000253"/>
</kw>
<status status="PASS" start="2024-06-17T15:17:03.607924" elapsed="0.193021"/>
</kw>
<doc>Testa se a API responde corretamente e retorna um objeto JSON válido.</doc>
<tag>testeRequisicaoBasica</tag>
<status status="PASS" start="2024-06-17T15:17:03.607430" elapsed="0.193708"/>
</test>
<test id="s1-s1-t3" name="Validar estrutura de resposta" line="22">
<kw name="Teste de Estrutura de Resposta" owner="random-user-service">
<kw name="GET On Session" owner="RequestsLibrary">
<msg time="2024-06-17T15:17:03.923669" level="INFO">GET Request : url=https://randomuser.me/api 
 path_url=/api 
 headers={'User-Agent': 'python-requests/2.32.3', 'Accept-Encoding': 'gzip, deflate', 'Accept': '*/*', 'Connection': 'keep-alive'} 
 body=None 
 </msg>
<msg time="2024-06-17T15:17:03.923790" level="INFO">GET Response : url=https://randomuser.me/api 
 status=200, reason=OK 
 headers={'Date': 'Mon, 17 Jun 2024 15:17:03 GMT', 'Content-Type': 'application/json; charset=utf-8', 'Transfer-Encoding': 'chunked', 'Connection': 'keep-alive', 'X-Powered-By': 'Express', 'Access-Control-Allow-Origin': '*', 'Cache-Control': 'no-cache', 'ETag': 'W/"4af-74KAPSpIgsczRklCACwh0IzXIzI"', 'Vary': 'Accept-Encoding', 'Content-Encoding': 'gzip', 'CF-Cache-Status': 'DYNAMIC', 'Report-To': '{"endpoints":[{"url":"https:\\/\\/a.nel.cloudflare.com\\/report\\/v4?s=mCdpIHxLwV%2BxsLLhj7300pgjdzoApYu66JwU0neqof7OMuDLWB2q%2FoSL4KVyQf7OifMPYZrjl8Ke3HiOI623xzUud%2FwbgSeWfgDrevdYc5LFQ7v2WKtr9vFiAm6Q5U9j"}],"group":"cf-nel","max_age":604800}', 'NEL': '{"success_fraction":0,"report_to":"cf-nel","max_age":604800}', 'Server': 'cloudflare', 'CF-RAY': '8954011acf5c1187-ORD', 'alt-svc': 'h3=":443"; ma=86400'} 
 body={"results":[{"gender":"male","name":{"title":"Mr","first":"Roberto","last":"Carvajal"},"location":{"street":{"number":7235,"name":"Cerrada Sandoval"},"city":"Josefino de Allende","state":"Baja California","country":"Mexico","postcode":19542,"coordinates":{"latitude":"26.8133","longitude":"-133.9879"},"timezone":{"offset":"+9:00","description":"Tokyo, Seoul, Osaka, Sapporo, Yakutsk"}},"email":"roberto.carvajal@example.com","login":{"uuid":"d2eb5601-d696-4f72-863d-51b48c5386be","username":"bluesnake418","password":"gators","salt":"ZyLz7Bjq","md5":"16d1836acaf88b2b3b39b7e4a16ea214","sha1":"ff4d20db5c250922e25c5eee054312fb3767a6c0","sha256":"80b28c6c9d69c8c13b854c7b542d8a08c41b1f96b192da97ff92b76dc91f48e3"},"dob":{"date":"1951-06-18T13:55:24.185Z","age":72},"registered":{"date":"2016-09-06T10:58:08.611Z","age":7},"phone":"(657) 325 4783","cell":"(656) 718 6325","id":{"name":"NSS","value":"57 75 87 5985 5"},"picture":{"large":"https://randomuser.me/api/portraits/men/27.jpg","medium":"https://randomuser.me/api/portraits/med/men/27.jpg","thumbnail":"https://randomuser.me/api/portraits/thumb/men/27.jpg"},"nat":"MX"}],"info":{"seed":"4287deea9f3606fa","results":1,"page":1,"version":"1.4"}} 
 </msg>
<msg time="2024-06-17T15:17:03.923963" level="INFO">/opt/hostedtoolcache/Python/3.12.3/x64/lib/python3.12/site-packages/urllib3/connectionpool.py:1099: InsecureRequestWarning: Unverified HTTPS request is being made to host 'randomuser.me'. Adding certificate verification is strongly advised. See: https://urllib3.readthedocs.io/en/latest/advanced-usage.html#tls-warnings
  warnings.warn(</msg>
<msg time="2024-06-17T15:17:03.924109" level="INFO">${response} = &lt;Response [200]&gt;</msg>
<var>${response}</var>
<arg>consultarAPI</arg>
<arg>/api</arg>
<doc>Sends a GET request on a previously created HTTP Session.</doc>
<status status="PASS" start="2024-06-17T15:17:03.804114" elapsed="0.120037"/>
</kw>
<kw name="Set Variable" owner="BuiltIn">
<msg time="2024-06-17T15:17:03.925373" level="INFO">${json_data} = {'results': [{'gender': 'male', 'name': {'title': 'Mr', 'first': 'Roberto', 'last': 'Carvajal'}, 'location': {'street': {'number': 7235, 'name': 'Cerrada Sandoval'}, 'city': 'Josefino de Allende', 'st...</msg>
<var>${json_data}</var>
<arg>${response.json()}</arg>
<doc>Returns the given values which can then be assigned to a variables.</doc>
<status status="PASS" start="2024-06-17T15:17:03.924833" elapsed="0.000571"/>
</kw>
<kw name="Log" owner="BuiltIn">
<msg time="2024-06-17T15:17:03.925891" level="INFO">{'results': [{'gender': 'male', 'name': {'title': 'Mr', 'first': 'Roberto', 'last': 'Carvajal'}, 'location': {'street': {'number': 7235, 'name': 'Cerrada Sandoval'}, 'city': 'Josefino de Allende', 'state': 'Baja California', 'country': 'Mexico', 'postcode': 19542, 'coordinates': {'latitude': '26.8133', 'longitude': '-133.9879'}, 'timezone': {'offset': '+9:00', 'description': 'Tokyo, Seoul, Osaka, Sapporo, Yakutsk'}}, 'email': 'roberto.carvajal@example.com', 'login': {'uuid': 'd2eb5601-d696-4f72-863d-51b48c5386be', 'username': 'bluesnake418', 'password': 'gators', 'salt': 'ZyLz7Bjq', 'md5': '16d1836acaf88b2b3b39b7e4a16ea214', 'sha1': 'ff4d20db5c250922e25c5eee054312fb3767a6c0', 'sha256': '80b28c6c9d69c8c13b854c7b542d8a08c41b1f96b192da97ff92b76dc91f48e3'}, 'dob': {'date': '1951-06-18T13:55:24.185Z', 'age': 72}, 'registered': {'date': '2016-09-06T10:58:08.611Z', 'age': 7}, 'phone': '(657) 325 4783', 'cell': '(656) 718 6325', 'id': {'name': 'NSS', 'value': '57 75 87 5985 5'}, 'picture': {'large': 'https://randomuser.me/api/portraits/men/27.jpg', 'medium': 'https://randomuser.me/api/portraits/med/men/27.jpg', 'thumbnail': 'https://randomuser.me/api/portraits/thumb/men/27.jpg'}, 'nat': 'MX'}], 'info': {'seed': '4287deea9f3606fa', 'results': 1, 'page': 1, 'version': '1.4'}}</msg>
<arg>${json_data}</arg>
<doc>Logs the given message with the given level.</doc>
<status status="PASS" start="2024-06-17T15:17:03.925722" elapsed="0.000216"/>
</kw>
<kw name="Dictionary Should Contain Key" owner="Collections">
<arg>${json_data}</arg>
<arg>results</arg>
<doc>Fails if ``key`` is not found from ``dictionary``.</doc>
<status status="PASS" start="2024-06-17T15:17:03.926238" elapsed="0.000160"/>
</kw>
<kw name="Should Not Be Empty" owner="BuiltIn">
<msg time="2024-06-17T15:17:03.926710" level="INFO">Length is 2.</msg>
<arg>${json_data}</arg>
<doc>Verifies that the given item is not empty.</doc>
<status status="PASS" start="2024-06-17T15:17:03.926584" elapsed="0.000174"/>
</kw>
<kw name="Create List" owner="BuiltIn">
<msg time="2024-06-17T15:17:03.927230" level="INFO">${expected_keys} = ['gender', 'name', 'location', 'email', 'login']</msg>
<var>${expected_keys}</var>
<arg>gender</arg>
<arg>name</arg>
<arg>location</arg>
<arg>email</arg>
<arg>login</arg>
<doc>Returns a list containing given items.</doc>
<status status="PASS" start="2024-06-17T15:17:03.927075" elapsed="0.000180"/>
</kw>
<for flavor="IN">
<iter>
<kw name="Dictionary Should Contain Key" owner="Collections">
<arg>${json_data['results'][0]}</arg>
<arg>${key}</arg>
<doc>Fails if ``key`` is not found from ``dictionary``.</doc>
<status status="PASS" start="2024-06-17T15:17:03.927841" elapsed="0.000407"/>
</kw>
<kw name="Log" owner="BuiltIn">
<msg time="2024-06-17T15:17:03.928860" level="INFO">{'gender': 'male', 'name': {'title': 'Mr', 'first': 'Roberto', 'last': 'Carvajal'}, 'location': {'street': {'number': 7235, 'name': 'Cerrada Sandoval'}, 'city': 'Josefino de Allende', 'state': 'Baja California', 'country': 'Mexico', 'postcode': 19542, 'coordinates': {'latitude': '26.8133', 'longitude': '-133.9879'}, 'timezone': {'offset': '+9:00', 'description': 'Tokyo, Seoul, Osaka, Sapporo, Yakutsk'}}, 'email': 'roberto.carvajal@example.com', 'login': {'uuid': 'd2eb5601-d696-4f72-863d-51b48c5386be', 'username': 'bluesnake418', 'password': 'gators', 'salt': 'ZyLz7Bjq', 'md5': '16d1836acaf88b2b3b39b7e4a16ea214', 'sha1': 'ff4d20db5c250922e25c5eee054312fb3767a6c0', 'sha256': '80b28c6c9d69c8c13b854c7b542d8a08c41b1f96b192da97ff92b76dc91f48e3'}, 'dob': {'date': '1951-06-18T13:55:24.185Z', 'age': 72}, 'registered': {'date': '2016-09-06T10:58:08.611Z', 'age': 7}, 'phone': '(657) 325 4783', 'cell': '(656) 718 6325', 'id': {'name': 'NSS', 'value': '57 75 87 5985 5'}, 'picture': {'large': 'https://randomuser.me/api/portraits/men/27.jpg', 'medium': 'https://randomuser.me/api/portraits/med/men/27.jpg', 'thumbnail': 'https://randomuser.me/api/portraits/thumb/men/27.jpg'}, 'nat': 'MX'}</msg>
<arg>${json_data['results'][0]}</arg>
<doc>Logs the given message with the given level.</doc>
<status status="PASS" start="2024-06-17T15:17:03.928470" elapsed="0.000440"/>
</kw>
<kw name="Log" owner="BuiltIn">
<msg time="2024-06-17T15:17:03.929353" level="INFO">gender</msg>
<arg>${key}</arg>
<doc>Logs the given message with the given level.</doc>
<status status="PASS" start="2024-06-17T15:17:03.929221" elapsed="0.000170"/>
</kw>
<var name="${key}">gender</var>
<status status="PASS" start="2024-06-17T15:17:03.927718" elapsed="0.001900"/>
</iter>
<iter>
<kw name="Dictionary Should Contain Key" owner="Collections">
<arg>${json_data['results'][0]}</arg>
<arg>${key}</arg>
<doc>Fails if ``key`` is not found from ``dictionary``.</doc>
<status status="PASS" start="2024-06-17T15:17:03.929932" elapsed="0.000391"/>
</kw>
<kw name="Log" owner="BuiltIn">
<msg time="2024-06-17T15:17:03.930917" level="INFO">{'gender': 'male', 'name': {'title': 'Mr', 'first': 'Roberto', 'last': 'Carvajal'}, 'location': {'street': {'number': 7235, 'name': 'Cerrada Sandoval'}, 'city': 'Josefino de Allende', 'state': 'Baja California', 'country': 'Mexico', 'postcode': 19542, 'coordinates': {'latitude': '26.8133', 'longitude': '-133.9879'}, 'timezone': {'offset': '+9:00', 'description': 'Tokyo, Seoul, Osaka, Sapporo, Yakutsk'}}, 'email': 'roberto.carvajal@example.com', 'login': {'uuid': 'd2eb5601-d696-4f72-863d-51b48c5386be', 'username': 'bluesnake418', 'password': 'gators', 'salt': 'ZyLz7Bjq', 'md5': '16d1836acaf88b2b3b39b7e4a16ea214', 'sha1': 'ff4d20db5c250922e25c5eee054312fb3767a6c0', 'sha256': '80b28c6c9d69c8c13b854c7b542d8a08c41b1f96b192da97ff92b76dc91f48e3'}, 'dob': {'date': '1951-06-18T13:55:24.185Z', 'age': 72}, 'registered': {'date': '2016-09-06T10:58:08.611Z', 'age': 7}, 'phone': '(657) 325 4783', 'cell': '(656) 718 6325', 'id': {'name': 'NSS', 'value': '57 75 87 5985 5'}, 'picture': {'large': 'https://randomuser.me/api/portraits/men/27.jpg', 'medium': 'https://randomuser.me/api/portraits/med/men/27.jpg', 'thumbnail': 'https://randomuser.me/api/portraits/thumb/men/27.jpg'}, 'nat': 'MX'}</msg>
<arg>${json_data['results'][0]}</arg>
<doc>Logs the given message with the given level.</doc>
<status status="PASS" start="2024-06-17T15:17:03.930559" elapsed="0.000407"/>
</kw>
<kw name="Log" owner="BuiltIn">
<msg time="2024-06-17T15:17:03.931406" level="INFO">name</msg>
<arg>${key}</arg>
<doc>Logs the given message with the given level.</doc>
<status status="PASS" start="2024-06-17T15:17:03.931276" elapsed="0.000171"/>
</kw>
<var name="${key}">name</var>
<status status="PASS" start="2024-06-17T15:17:03.929807" elapsed="0.001861"/>
</iter>
<iter>
<kw name="Dictionary Should Contain Key" owner="Collections">
<arg>${json_data['results'][0]}</arg>
<arg>${key}</arg>
<doc>Fails if ``key`` is not found from ``dictionary``.</doc>
<status status="PASS" start="2024-06-17T15:17:03.931958" elapsed="0.000378"/>
</kw>
<kw name="Log" owner="BuiltIn">
<msg time="2024-06-17T15:17:03.932937" level="INFO">{'gender': 'male', 'name': {'title': 'Mr', 'first': 'Roberto', 'last': 'Carvajal'}, 'location': {'street': {'number': 7235, 'name': 'Cerrada Sandoval'}, 'city': 'Josefino de Allende', 'state': 'Baja California', 'country': 'Mexico', 'postcode': 19542, 'coordinates': {'latitude': '26.8133', 'longitude': '-133.9879'}, 'timezone': {'offset': '+9:00', 'description': 'Tokyo, Seoul, Osaka, Sapporo, Yakutsk'}}, 'email': 'roberto.carvajal@example.com', 'login': {'uuid': 'd2eb5601-d696-4f72-863d-51b48c5386be', 'username': 'bluesnake418', 'password': 'gators', 'salt': 'ZyLz7Bjq', 'md5': '16d1836acaf88b2b3b39b7e4a16ea214', 'sha1': 'ff4d20db5c250922e25c5eee054312fb3767a6c0', 'sha256': '80b28c6c9d69c8c13b854c7b542d8a08c41b1f96b192da97ff92b76dc91f48e3'}, 'dob': {'date': '1951-06-18T13:55:24.185Z', 'age': 72}, 'registered': {'date': '2016-09-06T10:58:08.611Z', 'age': 7}, 'phone': '(657) 325 4783', 'cell': '(656) 718 6325', 'id': {'name': 'NSS', 'value': '57 75 87 5985 5'}, 'picture': {'large': 'https://randomuser.me/api/portraits/men/27.jpg', 'medium': 'https://randomuser.me/api/portraits/med/men/27.jpg', 'thumbnail': 'https://randomuser.me/api/portraits/thumb/men/27.jpg'}, 'nat': 'MX'}</msg>
<arg>${json_data['results'][0]}</arg>
<doc>Logs the given message with the given level.</doc>
<status status="PASS" start="2024-06-17T15:17:03.932569" elapsed="0.000417"/>
</kw>
<kw name="Log" owner="BuiltIn">
<msg time="2024-06-17T15:17:03.933419" level="INFO">location</msg>
<arg>${key}</arg>
<doc>Logs the given message with the given level.</doc>
<status status="PASS" start="2024-06-17T15:17:03.933288" elapsed="0.000169"/>
</kw>
<var name="${key}">location</var>
<status status="PASS" start="2024-06-17T15:17:03.931849" elapsed="0.001824"/>
</iter>
<iter>
<kw name="Dictionary Should Contain Key" owner="Collections">
<arg>${json_data['results'][0]}</arg>
<arg>${key}</arg>
<doc>Fails if ``key`` is not found from ``dictionary``.</doc>
<status status="PASS" start="2024-06-17T15:17:03.933954" elapsed="0.000376"/>
</kw>
<kw name="Log" owner="BuiltIn">
<msg time="2024-06-17T15:17:03.934878" level="INFO">{'gender': 'male', 'name': {'title': 'Mr', 'first': 'Roberto', 'last': 'Carvajal'}, 'location': {'street': {'number': 7235, 'name': 'Cerrada Sandoval'}, 'city': 'Josefino de Allende', 'state': 'Baja California', 'country': 'Mexico', 'postcode': 19542, 'coordinates': {'latitude': '26.8133', 'longitude': '-133.9879'}, 'timezone': {'offset': '+9:00', 'description': 'Tokyo, Seoul, Osaka, Sapporo, Yakutsk'}}, 'email': 'roberto.carvajal@example.com', 'login': {'uuid': 'd2eb5601-d696-4f72-863d-51b48c5386be', 'username': 'bluesnake418', 'password': 'gators', 'salt': 'ZyLz7Bjq', 'md5': '16d1836acaf88b2b3b39b7e4a16ea214', 'sha1': 'ff4d20db5c250922e25c5eee054312fb3767a6c0', 'sha256': '80b28c6c9d69c8c13b854c7b542d8a08c41b1f96b192da97ff92b76dc91f48e3'}, 'dob': {'date': '1951-06-18T13:55:24.185Z', 'age': 72}, 'registered': {'date': '2016-09-06T10:58:08.611Z', 'age': 7}, 'phone': '(657) 325 4783', 'cell': '(656) 718 6325', 'id': {'name': 'NSS', 'value': '57 75 87 5985 5'}, 'picture': {'large': 'https://randomuser.me/api/portraits/men/27.jpg', 'medium': 'https://randomuser.me/api/portraits/med/men/27.jpg', 'thumbnail': 'https://randomuser.me/api/portraits/thumb/men/27.jpg'}, 'nat': 'MX'}</msg>
<arg>${json_data['results'][0]}</arg>
<doc>Logs the given message with the given level.</doc>
<status status="PASS" start="2024-06-17T15:17:03.934513" elapsed="0.000414"/>
</kw>
<kw name="Log" owner="BuiltIn">
<msg time="2024-06-17T15:17:03.935373" level="INFO">email</msg>
<arg>${key}</arg>
<doc>Logs the given message with the given level.</doc>
<status status="PASS" start="2024-06-17T15:17:03.935242" elapsed="0.000169"/>
</kw>
<var name="${key}">email</var>
<status status="PASS" start="2024-06-17T15:17:03.933846" elapsed="0.001799"/>
</iter>
<iter>
<kw name="Dictionary Should Contain Key" owner="Collections">
<arg>${json_data['results'][0]}</arg>
<arg>${key}</arg>
<doc>Fails if ``key`` is not found from ``dictionary``.</doc>
<status status="PASS" start="2024-06-17T15:17:03.935937" elapsed="0.000400"/>
</kw>
<kw name="Log" owner="BuiltIn">
<msg time="2024-06-17T15:17:03.936922" level="INFO">{'gender': 'male', 'name': {'title': 'Mr', 'first': 'Roberto', 'last': 'Carvajal'}, 'location': {'street': {'number': 7235, 'name': 'Cerrada Sandoval'}, 'city': 'Josefino de Allende', 'state': 'Baja California', 'country': 'Mexico', 'postcode': 19542, 'coordinates': {'latitude': '26.8133', 'longitude': '-133.9879'}, 'timezone': {'offset': '+9:00', 'description': 'Tokyo, Seoul, Osaka, Sapporo, Yakutsk'}}, 'email': 'roberto.carvajal@example.com', 'login': {'uuid': 'd2eb5601-d696-4f72-863d-51b48c5386be', 'username': 'bluesnake418', 'password': 'gators', 'salt': 'ZyLz7Bjq', 'md5': '16d1836acaf88b2b3b39b7e4a16ea214', 'sha1': 'ff4d20db5c250922e25c5eee054312fb3767a6c0', 'sha256': '80b28c6c9d69c8c13b854c7b542d8a08c41b1f96b192da97ff92b76dc91f48e3'}, 'dob': {'date': '1951-06-18T13:55:24.185Z', 'age': 72}, 'registered': {'date': '2016-09-06T10:58:08.611Z', 'age': 7}, 'phone': '(657) 325 4783', 'cell': '(656) 718 6325', 'id': {'name': 'NSS', 'value': '57 75 87 5985 5'}, 'picture': {'large': 'https://randomuser.me/api/portraits/men/27.jpg', 'medium': 'https://randomuser.me/api/portraits/med/men/27.jpg', 'thumbnail': 'https://randomuser.me/api/portraits/thumb/men/27.jpg'}, 'nat': 'MX'}</msg>
<arg>${json_data['results'][0]}</arg>
<doc>Logs the given message with the given level.</doc>
<status status="PASS" start="2024-06-17T15:17:03.936569" elapsed="0.000411"/>
</kw>
<kw name="Log" owner="BuiltIn">
<msg time="2024-06-17T15:17:03.937429" level="INFO">login</msg>
<arg>${key}</arg>
<doc>Logs the given message with the given level.</doc>
<status status="PASS" start="2024-06-17T15:17:03.937298" elapsed="0.000175"/>
</kw>
<var name="${key}">login</var>
<status status="PASS" start="2024-06-17T15:17:03.935824" elapsed="0.001885"/>
</iter>
<var>${key}</var>
<value>@{expected_keys}</value>
<status status="PASS" start="2024-06-17T15:17:03.927521" elapsed="0.010343"/>
</for>
<kw name="Create List" owner="BuiltIn">
<msg time="2024-06-17T15:17:03.938232" level="INFO">${expected_keysTwo} = ['username', 'password']</msg>
<var>${expected_keysTwo}</var>
<arg>username</arg>
<arg>password</arg>
<doc>Returns a list containing given items.</doc>
<status status="PASS" start="2024-06-17T15:17:03.938083" elapsed="0.000174"/>
</kw>
<for flavor="IN">
<iter>
<kw name="Dictionary Should Contain Key" owner="Collections">
<arg>${json_data['results'][0]['login']}</arg>
<arg>${keyTwo}</arg>
<doc>Fails if ``key`` is not found from ``dictionary``.</doc>
<status status="PASS" start="2024-06-17T15:17:03.938783" elapsed="0.000409"/>
</kw>
<kw name="Dictionary Should Contain Key" owner="Collections">
<arg>${json_data['results'][0]['login']}</arg>
<arg>${keyTwo}</arg>
<doc>Fails if ``key`` is not found from ``dictionary``.</doc>
<status status="PASS" start="2024-06-17T15:17:03.939379" elapsed="0.000539"/>
</kw>
<kw name="Log" owner="BuiltIn">
<msg time="2024-06-17T15:17:03.940232" level="INFO">username</msg>
<arg>${keyTwo}</arg>
<doc>Logs the given message with the given level.</doc>
<status status="PASS" start="2024-06-17T15:17:03.940105" elapsed="0.000167"/>
</kw>
<var name="${keyTwo}">username</var>
<status status="PASS" start="2024-06-17T15:17:03.938674" elapsed="0.001881"/>
</iter>
<iter>
<kw name="Dictionary Should Contain Key" owner="Collections">
<arg>${json_data['results'][0]['login']}</arg>
<arg>${keyTwo}</arg>
<doc>Fails if ``key`` is not found from ``dictionary``.</doc>
<status status="PASS" start="2024-06-17T15:17:03.940843" elapsed="0.000388"/>
</kw>
<kw name="Dictionary Should Contain Key" owner="Collections">
<arg>${json_data['results'][0]['login']}</arg>
<arg>${keyTwo}</arg>
<doc>Fails if ``key`` is not found from ``dictionary``.</doc>
<status status="PASS" start="2024-06-17T15:17:03.941416" elapsed="0.000372"/>
</kw>
<kw name="Log" owner="BuiltIn">
<msg time="2024-06-17T15:17:03.942092" level="INFO">password</msg>
<arg>${keyTwo}</arg>
<doc>Logs the given message with the given level.</doc>
<status status="PASS" start="2024-06-17T15:17:03.941970" elapsed="0.000159"/>
</kw>
<var name="${keyTwo}">password</var>
<status status="PASS" start="2024-06-17T15:17:03.940733" elapsed="0.001622"/>
</iter>
<var>${keyTwo}</var>
<value>@{expected_keysTwo}</value>
<status status="PASS" start="2024-06-17T15:17:03.938507" elapsed="0.003973"/>
</for>
<status status="PASS" start="2024-06-17T15:17:03.803669" elapsed="0.138963"/>
</kw>
<doc>Testa a estrutura da resposta da API.</doc>
<tag>testeEstruturaResposta</tag>
<status status="PASS" start="2024-06-17T15:17:03.803019" elapsed="0.139779"/>
</test>
<test id="s1-s1-t4" name="Validar tipos de dados" line="28">
<kw name="Teste de Tipos de Dados" owner="random-user-service">
<kw name="GET On Session" owner="RequestsLibrary">
<msg time="2024-06-17T15:17:03.994198" level="INFO">GET Request : url=https://randomuser.me/api 
 path_url=/api 
 headers={'User-Agent': 'python-requests/2.32.3', 'Accept-Encoding': 'gzip, deflate', 'Accept': '*/*', 'Connection': 'keep-alive'} 
 body=None 
 </msg>
<msg time="2024-06-17T15:17:03.994302" level="INFO">GET Response : url=https://randomuser.me/api 
 status=200, reason=OK 
 headers={'Date': 'Mon, 17 Jun 2024 15:17:03 GMT', 'Content-Type': 'application/json; charset=utf-8', 'Transfer-Encoding': 'chunked', 'Connection': 'keep-alive', 'X-Powered-By': 'Express', 'Access-Control-Allow-Origin': '*', 'Cache-Control': 'no-cache', 'ETag': 'W/"491-reLQzxzYa1mlbWUxQsO/zKgKGls"', 'Vary': 'Accept-Encoding', 'Content-Encoding': 'gzip', 'CF-Cache-Status': 'DYNAMIC', 'Report-To': '{"endpoints":[{"url":"https:\\/\\/a.nel.cloudflare.com\\/report\\/v4?s=rYMl7NS%2F4rCAsX%2B8qkiVPJYx3qCe0Cx6uzwGscLpy%2FSR4C1S8LW%2FOPiOihahBJIWu1UtxqARj6LFuHHbsahU2gI2hM%2Fbts7qw2qgON1W12nugiu2SHzCLA7ajixzGKIW"}],"group":"cf-nel","max_age":604800}', 'NEL': '{"success_fraction":0,"report_to":"cf-nel","max_age":604800}', 'Server': 'cloudflare', 'CF-RAY': '8954011ba8991187-ORD', 'alt-svc': 'h3=":443"; ma=86400'} 
 body={"results":[{"gender":"female","name":{"title":"Miss","first":"Annabel","last":"Sandaker"},"location":{"street":{"number":8288,"name":"Vogts gate"},"city":"Mebonden","state":"Telemark","country":"Norway","postcode":"0174","coordinates":{"latitude":"44.6301","longitude":"51.6854"},"timezone":{"offset":"+9:00","description":"Tokyo, Seoul, Osaka, Sapporo, Yakutsk"}},"email":"annabel.sandaker@example.com","login":{"uuid":"1b1edf8c-e697-445a-badd-684daddc8e0d","username":"ticklishgoose570","password":"site","salt":"zKErtPnP","md5":"2738704da234b16fd3a331bf176e5e08","sha1":"b1dbc821fb55f6fe305d858eb3bb51ef37c1cc03","sha256":"c952a5c93f01be400604c0646fc0c51bfde967b28bd1e874efc863f876815778"},"dob":{"date":"1959-09-05T15:08:08.072Z","age":64},"registered":{"date":"2018-10-04T12:21:07.114Z","age":5},"phone":"88858087","cell":"93615524","id":{"name":"FN","value":"05095932276"},"picture":{"large":"https://randomuser.me/api/portraits/women/60.jpg","medium":"https://randomuser.me/api/portraits/med/women/60.jpg","thumbnail":"https://randomuser.me/api/portraits/thumb/women/60.jpg"},"nat":"NO"}],"info":{"seed":"7e0424ec0b50c1b7","results":1,"page":1,"version":"1.4"}} 
 </msg>
<msg time="2024-06-17T15:17:03.994376" level="INFO">/opt/hostedtoolcache/Python/3.12.3/x64/lib/python3.12/site-packages/urllib3/connectionpool.py:1099: InsecureRequestWarning: Unverified HTTPS request is being made to host 'randomuser.me'. Adding certificate verification is strongly advised. See: https://urllib3.readthedocs.io/en/latest/advanced-usage.html#tls-warnings
  warnings.warn(</msg>
<msg time="2024-06-17T15:17:03.994528" level="INFO">${response} = &lt;Response [200]&gt;</msg>
<var>${response}</var>
<arg>consultarAPI</arg>
<arg>/api</arg>
<doc>Sends a GET request on a previously created HTTP Session.</doc>
<status status="PASS" start="2024-06-17T15:17:03.945449" elapsed="0.049117"/>
</kw>
<kw name="Set Variable" owner="BuiltIn">
<msg time="2024-06-17T15:17:03.995866" level="INFO">${json_data} = {'results': [{'gender': 'female', 'name': {'title': 'Miss', 'first': 'Annabel', 'last': 'Sandaker'}, 'location': {'street': {'number': 8288, 'name': 'Vogts gate'}, 'city': 'Mebonden', 'state': 'Telema...</msg>
<var>${json_data}</var>
<arg>${response.json()}</arg>
<doc>Returns the given values which can then be assigned to a variables.</doc>
<status status="PASS" start="2024-06-17T15:17:03.995255" elapsed="0.000640"/>
</kw>
<kw name="Log" owner="BuiltIn">
<msg time="2024-06-17T15:17:03.996404" level="INFO">{'results': [{'gender': 'female', 'name': {'title': 'Miss', 'first': 'Annabel', 'last': 'Sandaker'}, 'location': {'street': {'number': 8288, 'name': 'Vogts gate'}, 'city': 'Mebonden', 'state': 'Telemark', 'country': 'Norway', 'postcode': '0174', 'coordinates': {'latitude': '44.6301', 'longitude': '51.6854'}, 'timezone': {'offset': '+9:00', 'description': 'Tokyo, Seoul, Osaka, Sapporo, Yakutsk'}}, 'email': 'annabel.sandaker@example.com', 'login': {'uuid': '1b1edf8c-e697-445a-badd-684daddc8e0d', 'username': 'ticklishgoose570', 'password': 'site', 'salt': 'zKErtPnP', 'md5': '2738704da234b16fd3a331bf176e5e08', 'sha1': 'b1dbc821fb55f6fe305d858eb3bb51ef37c1cc03', 'sha256': 'c952a5c93f01be400604c0646fc0c51bfde967b28bd1e874efc863f876815778'}, 'dob': {'date': '1959-09-05T15:08:08.072Z', 'age': 64}, 'registered': {'date': '2018-10-04T12:21:07.114Z', 'age': 5}, 'phone': '88858087', 'cell': '93615524', 'id': {'name': 'FN', 'value': '05095932276'}, 'picture': {'large': 'https://randomuser.me/api/portraits/women/60.jpg', 'medium': 'https://randomuser.me/api/portraits/med/women/60.jpg', 'thumbnail': 'https://randomuser.me/api/portraits/thumb/women/60.jpg'}, 'nat': 'NO'}], 'info': {'seed': '7e0424ec0b50c1b7', 'results': 1, 'page': 1, 'version': '1.4'}}</msg>
<arg>${json_data}</arg>
<doc>Logs the given message with the given level.</doc>
<status status="PASS" start="2024-06-17T15:17:03.996226" elapsed="0.000281"/>
</kw>
<kw name="Should Be String" owner="String">
<arg>${json_data['results'][0]['gender']}</arg>
<doc>Fails if the given ``item`` is not a string.</doc>
<status status="PASS" start="2024-06-17T15:17:03.996834" elapsed="0.000422"/>
</kw>
<kw name="Should Match Regexp" owner="BuiltIn">
<arg>${json_data['results'][0]['email']}</arg>
<arg>^[a-zA-Z0-9._%+-]+@[a-zA-Z0-9.-]+\.[a-zA-Z]{2,}$</arg>
<doc>Fails if ``string`` does not match ``pattern`` as a regular expression.</doc>
<status status="PASS" start="2024-06-17T15:17:03.997451" elapsed="0.000524"/>
</kw>
<kw name="Should Match Regexp" owner="BuiltIn">
<arg>${json_data['results'][0]['dob']['date']}</arg>
<arg>\\d{4}-\\d{2}-\\d{2}T\\d{2}:\\d{2}:\\d{2}\\.\\d{3}Z</arg>
<doc>Fails if ``string`` does not match ``pattern`` as a regular expression.</doc>
<status status="PASS" start="2024-06-17T15:17:03.998187" elapsed="0.000478"/>
</kw>
<kw name="Should Match Regexp" owner="BuiltIn">
<arg>${json_data['results'][0]['registered']['date']}</arg>
<arg>\\d{4}-\\d{2}-\\d{2}T\\d{2}:\\d{2}:\\d{2}\\.\\d{3}Z</arg>
<doc>Fails if ``string`` does not match ``pattern`` as a regular expression.</doc>
<status status="PASS" start="2024-06-17T15:17:03.998858" elapsed="0.000386"/>
</kw>
<kw name="Should Match Regexp" owner="BuiltIn">
<arg>${json_data['results'][0]['picture']['large']}</arg>
<arg>^https?://.*\.(?:png|jpe?g|gif|bmp)$</arg>
<doc>Fails if ``string`` does not match ``pattern`` as a regular expression.</doc>
<status status="PASS" start="2024-06-17T15:17:03.999433" elapsed="0.000474"/>
</kw>
<kw name="Should Match Regexp" owner="BuiltIn">
<arg>${json_data['results'][0]['picture']['medium']}</arg>
<arg>^https?://.*\.(?:png|jpe?g|gif|bmp)$</arg>
<doc>Fails if ``string`` does not match ``pattern`` as a regular expression.</doc>
<status status="PASS" start="2024-06-17T15:17:04.000098" elapsed="0.000409"/>
</kw>
<kw name="Should Match Regexp" owner="BuiltIn">
<arg>${json_data['results'][0]['picture']['thumbnail']}</arg>
<arg>^https?://.*\.(?:png|jpe?g|gif|bmp)$</arg>
<doc>Fails if ``string`` does not match ``pattern`` as a regular expression.</doc>
<status status="PASS" start="2024-06-17T15:17:04.000706" elapsed="0.000367"/>
</kw>
<kw name="Log" owner="BuiltIn">
<msg time="2024-06-17T15:17:04.001611" level="INFO">{'large': 'https://randomuser.me/api/portraits/women/60.jpg', 'medium': 'https://randomuser.me/api/portraits/med/women/60.jpg', 'thumbnail': 'https://randomuser.me/api/portraits/thumb/women/60.jpg'}</msg>
<arg>${json_data['results'][0]['picture']}</arg>
<doc>Logs the given message with the given level.</doc>
<status status="PASS" start="2024-06-17T15:17:04.001278" elapsed="0.000379"/>
</kw>
<status status="PASS" start="2024-06-17T15:17:03.945204" elapsed="0.056774"/>
</kw>
<kw name="Teste de Tipos de Dados - Postcode" owner="random-user-service">
<kw name="GET On Session" owner="RequestsLibrary">
<msg time="2024-06-17T15:17:04.091936" level="INFO">GET Request : url=https://randomuser.me/api 
 path_url=/api 
 headers={'User-Agent': 'python-requests/2.32.3', 'Accept-Encoding': 'gzip, deflate', 'Accept': '*/*', 'Connection': 'keep-alive'} 
 body=None 
 </msg>
<msg time="2024-06-17T15:17:04.092056" level="INFO">GET Response : url=https://randomuser.me/api 
 status=200, reason=OK 
 headers={'Date': 'Mon, 17 Jun 2024 15:17:04 GMT', 'Content-Type': 'application/json; charset=utf-8', 'Transfer-Encoding': 'chunked', 'Connection': 'keep-alive', 'X-Powered-By': 'Express', 'Access-Control-Allow-Origin': '*', 'Cache-Control': 'no-cache', 'ETag': 'W/"4a9-cClG+DpJXccHu0wIFN2u9Vd4sQw"', 'Vary': 'Accept-Encoding', 'Content-Encoding': 'gzip', 'CF-Cache-Status': 'DYNAMIC', 'Report-To': '{"endpoints":[{"url":"https:\\/\\/a.nel.cloudflare.com\\/report\\/v4?s=Nw0KEWMBYGXskHg0JJ%2BcJ2nkBFzf%2BFMeLbGYZ9%2BWlVdYf8NDT81cpC5h1buzT%2Fq%2Bf9NKEg0bZX445jYLI1ZeJARbS4PwV1Ud%2BtgGsExhxD%2BXbz80P8TIf9C4rNAO2fZ1"}],"group":"cf-nel","max_age":604800}', 'NEL': '{"success_fraction":0,"report_to":"cf-nel","max_age":604800}', 'Server': 'cloudflare', 'CF-RAY': '8954011c09191187-ORD', 'alt-svc': 'h3=":443"; ma=86400'} 
 body={"results":[{"gender":"male","name":{"title":"Mr","first":"Melvin","last":"Simon"},"location":{"street":{"number":5708,"name":"Place de L'Abbé-Jean-Lebeuf"},"city":"Reims","state":"Corrèze","country":"France","postcode":47718,"coordinates":{"latitude":"-20.9947","longitude":"-84.8282"},"timezone":{"offset":"+11:00","description":"Magadan, Solomon Islands, New Caledonia"}},"email":"melvin.simon@example.com","login":{"uuid":"aff93b26-e72f-4322-958d-8436c0386394","username":"orangesnake601","password":"espresso","salt":"4Bk7okiv","md5":"790fa10f2212731fbe31c251e683f677","sha1":"5ff3ccd6690c5819c2d292440af73b04df0483c9","sha256":"506de50ab2d55b9135a5ee231727cdcd25d358ce4c40a8cf41c68f0cf1bb7622"},"dob":{"date":"1962-05-04T20:37:34.064Z","age":62},"registered":{"date":"2006-09-18T09:39:26.737Z","age":17},"phone":"04-02-53-25-22","cell":"06-50-33-53-72","id":{"name":"INSEE","value":"1620415800289 24"},"picture":{"large":"https://randomuser.me/api/portraits/men/38.jpg","medium":"https://randomuser.me/api/portraits/med/men/38.jpg","thumbnail":"https://randomuser.me/api/portraits/thumb/men/38.jpg"},"nat":"FR"}],"info":{"seed":"8fea9742b1b442f0","results":1,"page":1,"version":"1.4"}} 
 </msg>
<msg time="2024-06-17T15:17:04.092149" level="INFO">/opt/hostedtoolcache/Python/3.12.3/x64/lib/python3.12/site-packages/urllib3/connectionpool.py:1099: InsecureRequestWarning: Unverified HTTPS request is being made to host 'randomuser.me'. Adding certificate verification is strongly advised. See: https://urllib3.readthedocs.io/en/latest/advanced-usage.html#tls-warnings
  warnings.warn(</msg>
<msg time="2024-06-17T15:17:04.092293" level="INFO">${response} = &lt;Response [200]&gt;</msg>
<var>${response}</var>
<arg>consultarAPI</arg>
<arg>/api</arg>
<doc>Sends a GET request on a previously created HTTP Session.</doc>
<status status="PASS" start="2024-06-17T15:17:04.002471" elapsed="0.089874"/>
</kw>
<kw name="Set Variable" owner="BuiltIn">
<msg time="2024-06-17T15:17:04.093683" level="INFO">${json_data} = {'results': [{'gender': 'male', 'name': {'title': 'Mr', 'first': 'Melvin', 'last': 'Simon'}, 'location': {'street': {'number': 5708, 'name': "Place de L'Abbé-Jean-Lebeuf"}, 'city': 'Reims', 'state': '...</msg>
<var>${json_data}</var>
<arg>${response.json()}</arg>
<doc>Returns the given values which can then be assigned to a variables.</doc>
<status status="PASS" start="2024-06-17T15:17:04.093059" elapsed="0.000656"/>
</kw>
<kw name="Log" owner="BuiltIn">
<msg time="2024-06-17T15:17:04.094468" level="INFO">{'results': [{'gender': 'male', 'name': {'title': 'Mr', 'first': 'Melvin', 'last': 'Simon'}, 'location': {'street': {'number': 5708, 'name': "Place de L'Abbé-Jean-Lebeuf"}, 'city': 'Reims', 'state': 'Corrèze', 'country': 'France', 'postcode': 47718, 'coordinates': {'latitude': '-20.9947', 'longitude': '-84.8282'}, 'timezone': {'offset': '+11:00', 'description': 'Magadan, Solomon Islands, New Caledonia'}}, 'email': 'melvin.simon@example.com', 'login': {'uuid': 'aff93b26-e72f-4322-958d-8436c0386394', 'username': 'orangesnake601', 'password': 'espresso', 'salt': '4Bk7okiv', 'md5': '790fa10f2212731fbe31c251e683f677', 'sha1': '5ff3ccd6690c5819c2d292440af73b04df0483c9', 'sha256': '506de50ab2d55b9135a5ee231727cdcd25d358ce4c40a8cf41c68f0cf1bb7622'}, 'dob': {'date': '1962-05-04T20:37:34.064Z', 'age': 62}, 'registered': {'date': '2006-09-18T09:39:26.737Z', 'age': 17}, 'phone': '04-02-53-25-22', 'cell': '06-50-33-53-72', 'id': {'name': 'INSEE', 'value': '1620415800289 24'}, 'picture': {'large': 'https://randomuser.me/api/portraits/men/38.jpg', 'medium': 'https://randomuser.me/api/portraits/med/men/38.jpg', 'thumbnail': 'https://randomuser.me/api/portraits/thumb/men/38.jpg'}, 'nat': 'FR'}], 'info': {'seed': '8fea9742b1b442f0', 'results': 1, 'page': 1, 'version': '1.4'}}</msg>
<arg>${json_data}</arg>
<doc>Logs the given message with the given level.</doc>
<status status="PASS" start="2024-06-17T15:17:04.094296" elapsed="0.000223"/>
</kw>
<kw name="Should Be Equal As Numbers" owner="BuiltIn">
<arg>${json_data['results'][0]['location']['postcode']}</arg>
<arg>${json_data['results'][0]['location']['postcode']}</arg>
<doc>Fails if objects are unequal after converting them to real numbers.</doc>
<status status="PASS" start="2024-06-17T15:17:04.094821" elapsed="0.000645"/>
</kw>
<kw name="Log" owner="BuiltIn">
<msg time="2024-06-17T15:17:04.096044" level="INFO">47718</msg>
<arg>${json_data['results'][0]['location']['postcode']}</arg>
<doc>Logs the given message with the given level.</doc>
<status status="PASS" start="2024-06-17T15:17:04.095700" elapsed="0.000387"/>
</kw>
<status status="PASS" start="2024-06-17T15:17:04.002224" elapsed="0.094130"/>
</kw>
<doc>Testa se os tipos de dados na resposta da API estão corretos.</doc>
<tag>testeTiposDados</tag>
<status status="PASS" start="2024-06-17T15:17:03.944602" elapsed="0.151989"/>
</test>
<test id="s1-s1-t5" name="Validar conteudo" line="35">
<kw name="Teste de Tipos de Conteudo" owner="random-user-service">
<kw name="GET On Session" owner="RequestsLibrary">
<msg time="2024-06-17T15:17:04.203894" level="INFO">GET Request : url=https://randomuser.me/api 
 path_url=/api 
 headers={'User-Agent': 'python-requests/2.32.3', 'Accept-Encoding': 'gzip, deflate', 'Accept': '*/*', 'Connection': 'keep-alive'} 
 body=None 
 </msg>
<msg time="2024-06-17T15:17:04.204004" level="INFO">GET Response : url=https://randomuser.me/api 
 status=200, reason=OK 
 headers={'Date': 'Mon, 17 Jun 2024 15:17:04 GMT', 'Content-Type': 'application/json; charset=utf-8', 'Transfer-Encoding': 'chunked', 'Connection': 'keep-alive', 'X-Powered-By': 'Express', 'Access-Control-Allow-Origin': '*', 'Cache-Control': 'no-cache', 'ETag': 'W/"47f-RomF33S9E3DcpemQKl0+ipJgUhI"', 'Vary': 'Accept-Encoding', 'Content-Encoding': 'gzip', 'CF-Cache-Status': 'DYNAMIC', 'Report-To': '{"endpoints":[{"url":"https:\\/\\/a.nel.cloudflare.com\\/report\\/v4?s=%2FP9QpKmGyFoGgzKh%2F3rxj3AcRYRqeAkz8kPtYQVApKZG0ZXq1vRUtp3da1fWh%2BeUvvtbLDtCp2yyKN6CBym40AKAmM9gy0PW3Bn%2BWBUWymEY3NGfQ04YSE2cS5WpIIbo"}],"group":"cf-nel","max_age":604800}', 'NEL': '{"success_fraction":0,"report_to":"cf-nel","max_age":604800}', 'Server': 'cloudflare', 'CF-RAY': '8954011ca9df1187-ORD', 'alt-svc': 'h3=":443"; ma=86400'} 
 body={"results":[{"gender":"male","name":{"title":"Mr","first":"Marion","last":"Davidson"},"location":{"street":{"number":8035,"name":"Daisy Dr"},"city":"Nashville","state":"Louisiana","country":"United States","postcode":21059,"coordinates":{"latitude":"86.6647","longitude":"-170.3072"},"timezone":{"offset":"-10:00","description":"Hawaii"}},"email":"marion.davidson@example.com","login":{"uuid":"a31c2951-5079-4378-9c93-6f59bd546657","username":"organicduck446","password":"robotech","salt":"vaEJoDGY","md5":"7804debd149e42eb4754405776d19521","sha1":"62a06ab851480588964d64980e7125f0d9b0cc27","sha256":"a95e12d33a58854629e3668ba37a50543cfac1aee07c1b5c658ce7534d46be5b"},"dob":{"date":"1999-08-29T11:08:01.617Z","age":24},"registered":{"date":"2009-09-27T04:05:44.821Z","age":14},"phone":"(783) 443-3416","cell":"(654) 450-5453","id":{"name":"SSN","value":"568-54-5523"},"picture":{"large":"https://randomuser.me/api/portraits/men/62.jpg","medium":"https://randomuser.me/api/portraits/med/men/62.jpg","thumbnail":"https://randomuser.me/api/portraits/thumb/men/62.jpg"},"nat":"US"}],"info":{"seed":"26e148e0e84ed21b","results":1,"page":1,"version":"1.4"}} 
 </msg>
<msg time="2024-06-17T15:17:04.204079" level="INFO">/opt/hostedtoolcache/Python/3.12.3/x64/lib/python3.12/site-packages/urllib3/connectionpool.py:1099: InsecureRequestWarning: Unverified HTTPS request is being made to host 'randomuser.me'. Adding certificate verification is strongly advised. See: https://urllib3.readthedocs.io/en/latest/advanced-usage.html#tls-warnings
  warnings.warn(</msg>
<msg time="2024-06-17T15:17:04.204215" level="INFO">${response} = &lt;Response [200]&gt;</msg>
<var>${response}</var>
<arg>consultarAPI</arg>
<arg>/api</arg>
<doc>Sends a GET request on a previously created HTTP Session.</doc>
<status status="PASS" start="2024-06-17T15:17:04.099226" elapsed="0.105029"/>
</kw>
<kw name="Set Variable" owner="BuiltIn">
<msg time="2024-06-17T15:17:04.205587" level="INFO">${json_data} = {'results': [{'gender': 'male', 'name': {'title': 'Mr', 'first': 'Marion', 'last': 'Davidson'}, 'location': {'street': {'number': 8035, 'name': 'Daisy Dr'}, 'city': 'Nashville', 'state': 'Louisiana', ...</msg>
<var>${json_data}</var>
<arg>${response.json()}</arg>
<doc>Returns the given values which can then be assigned to a variables.</doc>
<status status="PASS" start="2024-06-17T15:17:04.204989" elapsed="0.000628"/>
</kw>
<kw name="Set Variable" owner="BuiltIn">
<msg time="2024-06-17T15:17:04.206345" level="INFO">${name_title} = Mr</msg>
<var>${name_title}</var>
<arg>${json_data["results"][0]["name"]["title"]}</arg>
<doc>Returns the given values which can then be assigned to a variables.</doc>
<status status="PASS" start="2024-06-17T15:17:04.205945" elapsed="0.000433"/>
</kw>
<kw name="Create List" owner="BuiltIn">
<msg time="2024-06-17T15:17:04.206847" level="INFO">${allowed_titles} = ['Mr', 'Ms', 'Miss', 'Mrs', 'Madame', 'Monsieur']</msg>
<var>${allowed_titles}</var>
<arg>Mr</arg>
<arg>Ms</arg>
<arg>Miss</arg>
<arg>Mrs</arg>
<arg>Madame</arg>
<arg>Monsieur</arg>
<doc>Returns a list containing given items.</doc>
<status status="PASS" start="2024-06-17T15:17:04.206696" elapsed="0.000176"/>
</kw>
<kw name="List Should Contain Value" owner="Collections">
<arg>${allowed_titles}</arg>
<arg>${name_title}</arg>
<doc>Fails if the ``value`` is not found from ``list``.</doc>
<status status="PASS" start="2024-06-17T15:17:04.207172" elapsed="0.000181"/>
</kw>
<kw name="Set Variable" owner="BuiltIn">
<msg time="2024-06-17T15:17:04.207909" level="INFO">${name_country} = US</msg>
<var>${name_country}</var>
<arg>${json_data["results"][0]["nat"]}</arg>
<doc>Returns the given values which can then be assigned to a variables.</doc>
<status status="PASS" start="2024-06-17T15:17:04.207536" elapsed="0.000398"/>
</kw>
<kw name="Create List" owner="BuiltIn">
<msg time="2024-06-17T15:17:04.208886" level="INFO">${list_country} = ['AD', 'AE', 'AF', 'AG', 'AI', 'AL', 'AM', 'AO', 'AQ', 'AR', 'AS', 'AT', 'AU', 'AW', 'AX', 'AZ', 'BA', 'BB', 'BD', 'BE', 'BF', 'BG', 'BH', 'BI', 'BJ', 'BL', 'BM', 'BN', 'BO', 'BQ', 'BR', 'BS', 'BT', '...</msg>
<var>${list_country}</var>
<arg>AD</arg>
<arg>AE</arg>
<arg>AF</arg>
<arg>AG</arg>
<arg>AI</arg>
<arg>AL</arg>
<arg>AM</arg>
<arg>AO</arg>
<arg>AQ</arg>
<arg>AR</arg>
<arg>AS</arg>
<arg>AT</arg>
<arg>AU</arg>
<arg>AW</arg>
<arg>AX</arg>
<arg>AZ</arg>
<arg>BA</arg>
<arg>BB</arg>
<arg>BD</arg>
<arg>BE</arg>
<arg>BF</arg>
<arg>BG</arg>
<arg>BH</arg>
<arg>BI</arg>
<arg>BJ</arg>
<arg>BL</arg>
<arg>BM</arg>
<arg>BN</arg>
<arg>BO</arg>
<arg>BQ</arg>
<arg>BR</arg>
<arg>BS</arg>
<arg>BT</arg>
<arg>BV</arg>
<arg>BW</arg>
<arg>BY</arg>
<arg>BZ</arg>
<arg>CA</arg>
<arg>CC</arg>
<arg>CD</arg>
<arg>CF</arg>
<arg>CG</arg>
<arg>CH</arg>
<arg>CI</arg>
<arg>CK</arg>
<arg>CL</arg>
<arg>CM</arg>
<arg>CN</arg>
<arg>CO</arg>
<arg>CR</arg>
<arg>CU</arg>
<arg>CV</arg>
<arg>CW</arg>
<arg>CX</arg>
<arg>CY</arg>
<arg>CZ</arg>
<arg>DE</arg>
<arg>DJ</arg>
<arg>DK</arg>
<arg>DM</arg>
<arg>DO</arg>
<arg>DZ</arg>
<arg>EC</arg>
<arg>EE</arg>
<arg>EG</arg>
<arg>EH</arg>
<arg>ER</arg>
<arg>ES</arg>
<arg>ET</arg>
<arg>FI</arg>
<arg>FJ</arg>
<arg>FK</arg>
<arg>FM</arg>
<arg>FO</arg>
<arg>FR</arg>
<arg>GA</arg>
<arg>GB</arg>
<arg>GD</arg>
<arg>GE</arg>
<arg>GF</arg>
<arg>GG</arg>
<arg>GH</arg>
<arg>GI</arg>
<arg>GL</arg>
<arg>GM</arg>
<arg>GN</arg>
<arg>GP</arg>
<arg>GQ</arg>
<arg>GR</arg>
<arg>GS</arg>
<arg>GT</arg>
<arg>GU</arg>
<arg>GW</arg>
<arg>GY</arg>
<arg>HK</arg>
<arg>HM</arg>
<arg>HN</arg>
<arg>HR</arg>
<arg>HT</arg>
<arg>HU</arg>
<arg>ID</arg>
<arg>IE</arg>
<arg>IL</arg>
<arg>IM</arg>
<arg>IN</arg>
<arg>IO</arg>
<arg>IQ</arg>
<arg>IR</arg>
<arg>IS</arg>
<arg>IT</arg>
<arg>JE</arg>
<arg>JM</arg>
<arg>JO</arg>
<arg>JP</arg>
<arg>KE</arg>
<arg>KG</arg>
<arg>KH</arg>
<arg>KI</arg>
<arg>KM</arg>
<arg>KN</arg>
<arg>KP</arg>
<arg>KR</arg>
<arg>KW</arg>
<arg>KY</arg>
<arg>KZ</arg>
<arg>LA</arg>
<arg>LB</arg>
<arg>LC</arg>
<arg>LI</arg>
<arg>LK</arg>
<arg>LR</arg>
<arg>LS</arg>
<arg>LT</arg>
<arg>LU</arg>
<arg>LV</arg>
<arg>LY</arg>
<arg>MA</arg>
<arg>MC</arg>
<arg>MD</arg>
<arg>ME</arg>
<arg>MF</arg>
<arg>MG</arg>
<arg>MH</arg>
<arg>MK</arg>
<arg>ML</arg>
<arg>MM</arg>
<arg>MN</arg>
<arg>MO</arg>
<arg>MP</arg>
<arg>MQ</arg>
<arg>MR</arg>
<arg>MS</arg>
<arg>MT</arg>
<arg>MU</arg>
<arg>MV</arg>
<arg>MW</arg>
<arg>MX</arg>
<arg>MY</arg>
<arg>MZ</arg>
<arg>NA</arg>
<arg>NC</arg>
<arg>NE</arg>
<arg>NF</arg>
<arg>NG</arg>
<arg>NI</arg>
<arg>NL</arg>
<arg>NO</arg>
<arg>NP</arg>
<arg>NR</arg>
<arg>NU</arg>
<arg>NZ</arg>
<arg>OM</arg>
<arg>PA</arg>
<arg>PE</arg>
<arg>PF</arg>
<arg>PG</arg>
<arg>PH</arg>
<arg>PK</arg>
<arg>PL</arg>
<arg>PM</arg>
<arg>PN</arg>
<arg>PR</arg>
<arg>PS</arg>
<arg>PT</arg>
<arg>PW</arg>
<arg>PY</arg>
<arg>QA</arg>
<arg>RE</arg>
<arg>RO</arg>
<arg>RS</arg>
<arg>RU</arg>
<arg>RW</arg>
<arg>SA</arg>
<arg>SB</arg>
<arg>SC</arg>
<arg>SD</arg>
<arg>SE</arg>
<arg>SG</arg>
<arg>SH</arg>
<arg>SI</arg>
<arg>SJ</arg>
<arg>SK</arg>
<arg>SL</arg>
<arg>SM</arg>
<arg>SN</arg>
<arg>SO</arg>
<arg>SR</arg>
<arg>SS</arg>
<arg>ST</arg>
<arg>SV</arg>
<arg>SX</arg>
<arg>SY</arg>
<arg>SZ</arg>
<arg>TC</arg>
<arg>TD</arg>
<arg>TF</arg>
<arg>TG</arg>
<arg>TH</arg>
<arg>TJ</arg>
<arg>TK</arg>
<arg>TL</arg>
<arg>TM</arg>
<arg>TN</arg>
<arg>TO</arg>
<arg>TR</arg>
<arg>TT</arg>
<arg>TV</arg>
<arg>TW</arg>
<arg>TZ</arg>
<arg>UA</arg>
<arg>UG</arg>
<arg>UM</arg>
<arg>US</arg>
<arg>UY</arg>
<arg>UZ</arg>
<arg>VA</arg>
<arg>VC</arg>
<arg>VE</arg>
<arg>VG</arg>
<arg>VI</arg>
<arg>VN</arg>
<arg>VU</arg>
<arg>WF</arg>
<arg>WS</arg>
<arg>XK</arg>
<arg>YE</arg>
<arg>YT</arg>
<arg>ZA</arg>
<arg>ZM</arg>
<arg>ZW</arg>
<doc>Returns a list containing given items.</doc>
<status status="PASS" start="2024-06-17T15:17:04.208226" elapsed="0.000687"/>
</kw>
<kw name="List Should Contain Value" owner="Collections">
<arg>${list_country}</arg>
<arg>${name_country}</arg>
<doc>Fails if the ``value`` is not found from ``list``.</doc>
<status status="PASS" start="2024-06-17T15:17:04.209723" elapsed="0.000221"/>
</kw>
<kw name="Run Keyword If" owner="BuiltIn">
<kw name="Should Be True" owner="BuiltIn">
<arg>${True}</arg>
<doc>Fails if the given condition is not true.</doc>
<status status="PASS" start="2024-06-17T15:17:04.210890" elapsed="0.000299"/>
</kw>
<arg>${json_data["results"][0]["location"]["coordinates"]["latitude"]} &gt;= -90 and ${json_data["results"][0]["location"]["coordinates"]["latitude"]} &lt;= 90</arg>
<arg>Should Be True</arg>
<arg>${True}</arg>
<doc>Runs the given keyword with the given arguments, if ``condition`` is true.</doc>
<status status="PASS" start="2024-06-17T15:17:04.210149" elapsed="0.001172"/>
</kw>
<kw name="Run Keyword If" owner="BuiltIn">
<kw name="Should Be True" owner="BuiltIn">
<arg>${True}</arg>
<doc>Fails if the given condition is not true.</doc>
<status status="PASS" start="2024-06-17T15:17:04.212214" elapsed="0.000142"/>
</kw>
<arg>${json_data["results"][0]["location"]["coordinates"]["longitude"]} &gt;= -180 and ${json_data["results"][0]["location"]["coordinates"]["longitude"]} &lt;= 180</arg>
<arg>Should Be True</arg>
<arg>${True}</arg>
<doc>Runs the given keyword with the given arguments, if ``condition`` is true.</doc>
<status status="PASS" start="2024-06-17T15:17:04.211506" elapsed="0.001002"/>
</kw>
<status status="PASS" start="2024-06-17T15:17:04.098977" elapsed="0.113671"/>
</kw>
<doc>Testa o conteúdo específico dos campos retornados pela API.</doc>
<tag>testeConteudo</tag>
<status status="PASS" start="2024-06-17T15:17:04.098393" elapsed="0.114415"/>
</test>
<status status="PASS" start="2024-06-17T15:17:03.244498" elapsed="0.970320"/>
</suite>
<status status="PASS" start="2024-06-17T15:17:03.230258" elapsed="0.989859"/>
</suite>
<statistics>
<total>
<stat pass="5" fail="0" skip="0">All Tests</stat>
</total>
<tag>
<stat pass="1" fail="0" skip="0">testeConteudo</stat>
<stat pass="1" fail="0" skip="0">testeEstruturaResposta</stat>
<stat pass="1" fail="0" skip="0">testeRequisicaoBasica</stat>
<stat pass="1" fail="0" skip="0">testeTiposDados</stat>
</tag>
<suite>
<stat pass="5" fail="0" skip="0" id="s1" name="Tests">Tests</stat>
<stat pass="5" fail="0" skip="0" id="s1-s1" name="Random-User-Test">Tests.Random-User-Test</stat>
</suite>
</statistics>
<errors>
</errors>
</robot>
