<?xml version="1.0" encoding="UTF-8"?>
<robot generator="Robot 7.0 (Python 3.12.3 on linux)" generated="2024-04-29T19:11:00.765645" rpa="false" schemaversion="5">
<suite id="s1" name="Tests" source="/home/runner/work/DesafioQAItauRogerioJordao/DesafioQAItauRogerioJordao/RamdonUser/tests">
<suite id="s1-s1" name="Random-User-Test" source="/home/runner/work/DesafioQAItauRogerioJordao/DesafioQAItauRogerioJordao/RamdonUser/tests/random-user-test.robot">
<test id="s1-s1-t1" name="Conectar" line="13">
<kw name="Conectar API" owner="random-user-service">
<kw name="Create Session" owner="RequestsLibrary">
<msg time="2024-04-29T19:11:01.121847" level="INFO">Creating Session using : alias=consultarAPI, url=https://randomuser.me/, headers={},                     cookies={}, auth=None, timeout=None, proxies=None, verify=False,                     debug=0 </msg>
<arg>consultarAPI</arg>
<arg>${URL}</arg>
<doc>Create Session: create a HTTP session to a server</doc>
<status status="PASS" start="2024-04-29T19:11:01.121651" elapsed="0.000369"/>
</kw>
<status status="PASS" start="2024-04-29T19:11:01.120699" elapsed="0.001673"/>
</kw>
<status status="PASS" start="2024-04-29T19:11:01.120181" elapsed="0.002389"/>
</test>
<test id="s1-s1-t2" name="Validar retorno 200 e JSON Válido" line="16">
<kw name="Teste de Requisicao Basica" owner="random-user-service">
<kw name="GET On Session" owner="RequestsLibrary">
<msg time="2024-04-29T19:11:01.263362" level="INFO">GET Request : url=https://randomuser.me/api 
 path_url=/api 
 headers={'User-Agent': 'python-requests/2.31.0', 'Accept-Encoding': 'gzip, deflate', 'Accept': '*/*', 'Connection': 'keep-alive'} 
 body=None 
 </msg>
<msg time="2024-04-29T19:11:01.263511" level="INFO">GET Response : url=https://randomuser.me/api 
 status=200, reason=OK 
 headers={'Date': 'Mon, 29 Apr 2024 19:11:01 GMT', 'Content-Type': 'application/json; charset=utf-8', 'Transfer-Encoding': 'chunked', 'Connection': 'keep-alive', 'X-Powered-By': 'Express', 'Access-Control-Allow-Origin': '*', 'Cache-Control': 'no-cache', 'ETag': 'W/"49a-O0YdGt7fw8YNYec97MY2ANGWnYk"', 'Vary': 'Accept-Encoding', 'Content-Encoding': 'gzip', 'CF-Cache-Status': 'DYNAMIC', 'Report-To': '{"endpoints":[{"url":"https:\\/\\/a.nel.cloudflare.com\\/report\\/v4?s=hxx9fjeyAVyHMNAM%2FEkcKW8CKh8T6RwIj6EeAK7WQR6HXgEwY%2Bhw%2BrwHOnx3vRdCb7ivLedgewHV3TZfqv7FxLlTY18T25WIQubky5iC56uIXrhOtrhrmw5WFZWhUv3Z"}],"group":"cf-nel","max_age":604800}', 'NEL': '{"success_fraction":0,"report_to":"cf-nel","max_age":604800}', 'Server': 'cloudflare', 'CF-RAY': '87c198704c55230e-SJC', 'alt-svc': 'h3=":443"; ma=86400'} 
 body={"results":[{"gender":"female","name":{"title":"Ms","first":"Angélica","last":"Granados"},"location":{"street":{"number":5829,"name":"Continuación Núñez"},"city":"Naco","state":"Oaxaca","country":"Mexico","postcode":75710,"coordinates":{"latitude":"28.4488","longitude":"119.8637"},"timezone":{"offset":"-11:00","description":"Midway Island, Samoa"}},"email":"angelica.granados@example.com","login":{"uuid":"16c09789-bf44-4149-beb5-b510ac2e1b00","username":"goldenpeacock435","password":"rambo","salt":"7ppftJT4","md5":"ab98f439961cf83c4f25212b3057db20","sha1":"1e3525d7c2cdc803ea6cf58ca858e4e9dede068d","sha256":"9bbb5d193fb76d14ca989f0dbc46c493e73fba9983f3ac5ee8ff397a7208326b"},"dob":{"date":"1948-03-29T07:18:25.963Z","age":76},"registered":{"date":"2002-06-15T04:58:34.135Z","age":21},"phone":"(671) 917 0009","cell":"(660) 821 2127","id":{"name":"NSS","value":"04 78 91 6312 5"},"picture":{"large":"https://randomuser.me/api/portraits/women/65.jpg","medium":"https://randomuser.me/api/portraits/med/women/65.jpg","thumbnail":"https://randomuser.me/api/portraits/thumb/women/65.jpg"},"nat":"MX"}],"info":{"seed":"6f0bdae460e7070d","results":1,"page":1,"version":"1.4"}} 
 </msg>
<msg time="2024-04-29T19:11:01.263598" level="INFO">/opt/hostedtoolcache/Python/3.12.3/x64/lib/python3.12/site-packages/urllib3/connectionpool.py:1103: InsecureRequestWarning: Unverified HTTPS request is being made to host 'randomuser.me'. Adding certificate verification is strongly advised. See: https://urllib3.readthedocs.io/en/latest/advanced-usage.html#tls-warnings
  warnings.warn(</msg>
<msg time="2024-04-29T19:11:01.263749" level="INFO">${response} = &lt;Response [200]&gt;</msg>
<var>${response}</var>
<arg>consultarAPI</arg>
<arg>/api</arg>
<doc>Sends a GET request on a previously created HTTP Session.</doc>
<status status="PASS" start="2024-04-29T19:11:01.125171" elapsed="0.138615"/>
</kw>
<kw name="Should Be Equal As Numbers" owner="BuiltIn">
<msg time="2024-04-29T19:11:01.264787" level="INFO">Argument types are:
&lt;class 'int'&gt;
&lt;class 'str'&gt;</msg>
<arg>${response.status_code}</arg>
<arg>200</arg>
<doc>Fails if objects are unequal after converting them to real numbers.</doc>
<status status="PASS" start="2024-04-29T19:11:01.264324" elapsed="0.000526"/>
</kw>
<kw name="Log" owner="BuiltIn">
<msg time="2024-04-29T19:11:01.265596" level="INFO">200</msg>
<arg>${response.status_code}</arg>
<doc>Logs the given message with the given level.</doc>
<status status="PASS" start="2024-04-29T19:11:01.265195" elapsed="0.000443"/>
</kw>
<kw name="Set Variable" owner="BuiltIn">
<msg time="2024-04-29T19:11:01.266379" level="INFO">${json_data} = {'results': [{'gender': 'female', 'name': {'title': 'Ms', 'first': 'Angélica', 'last': 'Granados'}, 'location': {'street': {'number': 5829, 'name': 'Continuación Núñez'}, 'city': 'Naco', 'state': 'Oax...</msg>
<var>${json_data}</var>
<arg>${response.json()}</arg>
<doc>Returns the given values which can then be assigned to a variables.</doc>
<status status="PASS" start="2024-04-29T19:11:01.265941" elapsed="0.000466"/>
</kw>
<kw name="Dictionary Should Contain Key" owner="Collections">
<msg time="2024-04-29T19:11:01.266877" level="INFO">False</msg>
<arg>${json_data}</arg>
<arg>results</arg>
<doc>Fails if ``key`` is not found from ``dictionary``.</doc>
<status status="PASS" start="2024-04-29T19:11:01.266707" elapsed="0.000212"/>
</kw>
<status status="PASS" start="2024-04-29T19:11:01.124922" elapsed="0.142252"/>
</kw>
<doc>Testa se a API responde corretamente e retorna um objeto JSON válido.</doc>
<tag>testeRequisicaoBasica</tag>
<status status="PASS" start="2024-04-29T19:11:01.124477" elapsed="0.142882"/>
</test>
<test id="s1-s1-t3" name="Validar estrutura de resposta" line="22">
<kw name="Teste de Estrutura de Resposta" owner="random-user-service">
<kw name="GET On Session" owner="RequestsLibrary">
<msg time="2024-04-29T19:11:01.362056" level="INFO">GET Request : url=https://randomuser.me/api 
 path_url=/api 
 headers={'User-Agent': 'python-requests/2.31.0', 'Accept-Encoding': 'gzip, deflate', 'Accept': '*/*', 'Connection': 'keep-alive'} 
 body=None 
 </msg>
<msg time="2024-04-29T19:11:01.362137" level="INFO">GET Response : url=https://randomuser.me/api 
 status=200, reason=OK 
 headers={'Date': 'Mon, 29 Apr 2024 19:11:01 GMT', 'Content-Type': 'application/json; charset=utf-8', 'Transfer-Encoding': 'chunked', 'Connection': 'keep-alive', 'X-Powered-By': 'Express', 'Access-Control-Allow-Origin': '*', 'Cache-Control': 'no-cache', 'ETag': 'W/"4b1-XA/s2/km4+ynXMZBSxrceZ+AS+g"', 'Vary': 'Accept-Encoding', 'Content-Encoding': 'gzip', 'CF-Cache-Status': 'DYNAMIC', 'Report-To': '{"endpoints":[{"url":"https:\\/\\/a.nel.cloudflare.com\\/report\\/v4?s=MBvYxCaJo%2BvCKrUUW09BR8BjTV21HNMxVvF6VDaFAX31lSVu%2B2oZC7kDbRAtna3sL6urNFb2ojsh9PKCXA2DRs3Ric5fEbMFvkPXE1%2Fe5WwWdGo8POXdjodEtTT4w8nh"}],"group":"cf-nel","max_age":604800}', 'NEL': '{"success_fraction":0,"report_to":"cf-nel","max_age":604800}', 'Server': 'cloudflare', 'CF-RAY': '87c19870fd84230e-SJC', 'alt-svc': 'h3=":443"; ma=86400'} 
 body={"results":[{"gender":"male","name":{"title":"Mr","first":"Francisco","last":"Bustos"},"location":{"street":{"number":9507,"name":"Circunvalación Beltrán"},"city":"San José de Merino","state":"Colima","country":"Mexico","postcode":90297,"coordinates":{"latitude":"27.0297","longitude":"-88.1960"},"timezone":{"offset":"-4:00","description":"Atlantic Time (Canada), Caracas, La Paz"}},"email":"francisco.bustos@example.com","login":{"uuid":"524f6b4e-c258-48b3-8f53-d152bd3c080f","username":"greendog867","password":"wildwood","salt":"XhuHIUpc","md5":"3a4e2cdc8c8987ce875dbd3f02eb1f5c","sha1":"3c1a3f92c96ac1ba72951f8b825feb5a596a3b98","sha256":"efcd83cf8eb76cd331ef3a2aabaf9661f9a9d79039e5b62a2ca93250a590666a"},"dob":{"date":"1949-12-07T05:41:55.271Z","age":74},"registered":{"date":"2009-10-10T02:22:05.260Z","age":14},"phone":"(678) 270 5090","cell":"(651) 412 6169","id":{"name":"NSS","value":"79 97 74 7869 1"},"picture":{"large":"https://randomuser.me/api/portraits/men/16.jpg","medium":"https://randomuser.me/api/portraits/med/men/16.jpg","thumbnail":"https://randomuser.me/api/portraits/thumb/men/16.jpg"},"nat":"MX"}],"info":{"seed":"00120a6fd89d9b82","results":1,"page":1,"version":"1.4"}} 
 </msg>
<msg time="2024-04-29T19:11:01.362252" level="INFO">/opt/hostedtoolcache/Python/3.12.3/x64/lib/python3.12/site-packages/urllib3/connectionpool.py:1103: InsecureRequestWarning: Unverified HTTPS request is being made to host 'randomuser.me'. Adding certificate verification is strongly advised. See: https://urllib3.readthedocs.io/en/latest/advanced-usage.html#tls-warnings
  warnings.warn(</msg>
<msg time="2024-04-29T19:11:01.362366" level="INFO">${response} = &lt;Response [200]&gt;</msg>
<var>${response}</var>
<arg>consultarAPI</arg>
<arg>/api</arg>
<doc>Sends a GET request on a previously created HTTP Session.</doc>
<status status="PASS" start="2024-04-29T19:11:01.270342" elapsed="0.092062"/>
</kw>
<kw name="Set Variable" owner="BuiltIn">
<msg time="2024-04-29T19:11:01.363229" level="INFO">${json_data} = {'results': [{'gender': 'male', 'name': {'title': 'Mr', 'first': 'Francisco', 'last': 'Bustos'}, 'location': {'street': {'number': 9507, 'name': 'Circunvalación Beltrán'}, 'city': 'San José de Merino'...</msg>
<var>${json_data}</var>
<arg>${response.json()}</arg>
<doc>Returns the given values which can then be assigned to a variables.</doc>
<status status="PASS" start="2024-04-29T19:11:01.362767" elapsed="0.000491"/>
</kw>
<kw name="Log" owner="BuiltIn">
<msg time="2024-04-29T19:11:01.363716" level="INFO">{'results': [{'gender': 'male', 'name': {'title': 'Mr', 'first': 'Francisco', 'last': 'Bustos'}, 'location': {'street': {'number': 9507, 'name': 'Circunvalación Beltrán'}, 'city': 'San José de Merino', 'state': 'Colima', 'country': 'Mexico', 'postcode': 90297, 'coordinates': {'latitude': '27.0297', 'longitude': '-88.1960'}, 'timezone': {'offset': '-4:00', 'description': 'Atlantic Time (Canada), Caracas, La Paz'}}, 'email': 'francisco.bustos@example.com', 'login': {'uuid': '524f6b4e-c258-48b3-8f53-d152bd3c080f', 'username': 'greendog867', 'password': 'wildwood', 'salt': 'XhuHIUpc', 'md5': '3a4e2cdc8c8987ce875dbd3f02eb1f5c', 'sha1': '3c1a3f92c96ac1ba72951f8b825feb5a596a3b98', 'sha256': 'efcd83cf8eb76cd331ef3a2aabaf9661f9a9d79039e5b62a2ca93250a590666a'}, 'dob': {'date': '1949-12-07T05:41:55.271Z', 'age': 74}, 'registered': {'date': '2009-10-10T02:22:05.260Z', 'age': 14}, 'phone': '(678) 270 5090', 'cell': '(651) 412 6169', 'id': {'name': 'NSS', 'value': '79 97 74 7869 1'}, 'picture': {'large': 'https://randomuser.me/api/portraits/men/16.jpg', 'medium': 'https://randomuser.me/api/portraits/med/men/16.jpg', 'thumbnail': 'https://randomuser.me/api/portraits/thumb/men/16.jpg'}, 'nat': 'MX'}], 'info': {'seed': '00120a6fd89d9b82', 'results': 1, 'page': 1, 'version': '1.4'}}</msg>
<arg>${json_data}</arg>
<doc>Logs the given message with the given level.</doc>
<status status="PASS" start="2024-04-29T19:11:01.363559" elapsed="0.000206"/>
</kw>
<kw name="Dictionary Should Contain Key" owner="Collections">
<msg time="2024-04-29T19:11:01.364215" level="INFO">False</msg>
<arg>${json_data}</arg>
<arg>results</arg>
<doc>Fails if ``key`` is not found from ``dictionary``.</doc>
<status status="PASS" start="2024-04-29T19:11:01.364053" elapsed="0.000199"/>
</kw>
<kw name="Should Not Be Empty" owner="BuiltIn">
<msg time="2024-04-29T19:11:01.364678" level="INFO">Length is 2.</msg>
<arg>${json_data}</arg>
<doc>Verifies that the given item is not empty.</doc>
<status status="PASS" start="2024-04-29T19:11:01.364542" elapsed="0.000309"/>
</kw>
<kw name="Create List" owner="BuiltIn">
<msg time="2024-04-29T19:11:01.365333" level="INFO">${expected_keys} = ['gender', 'name', 'location', 'email', 'login']</msg>
<var>${expected_keys}</var>
<arg>gender</arg>
<arg>name</arg>
<arg>location</arg>
<arg>email</arg>
<arg>login</arg>
<doc>Returns a list containing given items.</doc>
<status status="PASS" start="2024-04-29T19:11:01.365144" elapsed="0.000215"/>
</kw>
<for flavor="IN">
<iter>
<kw name="Dictionary Should Contain Key" owner="Collections">
<msg time="2024-04-29T19:11:01.366324" level="INFO">False</msg>
<arg>${json_data['results'][0]}</arg>
<arg>${key}</arg>
<doc>Fails if ``key`` is not found from ``dictionary``.</doc>
<status status="PASS" start="2024-04-29T19:11:01.365934" elapsed="0.000428"/>
</kw>
<kw name="Log" owner="BuiltIn">
<msg time="2024-04-29T19:11:01.367027" level="INFO">{'gender': 'male', 'name': {'title': 'Mr', 'first': 'Francisco', 'last': 'Bustos'}, 'location': {'street': {'number': 9507, 'name': 'Circunvalación Beltrán'}, 'city': 'San José de Merino', 'state': 'Colima', 'country': 'Mexico', 'postcode': 90297, 'coordinates': {'latitude': '27.0297', 'longitude': '-88.1960'}, 'timezone': {'offset': '-4:00', 'description': 'Atlantic Time (Canada), Caracas, La Paz'}}, 'email': 'francisco.bustos@example.com', 'login': {'uuid': '524f6b4e-c258-48b3-8f53-d152bd3c080f', 'username': 'greendog867', 'password': 'wildwood', 'salt': 'XhuHIUpc', 'md5': '3a4e2cdc8c8987ce875dbd3f02eb1f5c', 'sha1': '3c1a3f92c96ac1ba72951f8b825feb5a596a3b98', 'sha256': 'efcd83cf8eb76cd331ef3a2aabaf9661f9a9d79039e5b62a2ca93250a590666a'}, 'dob': {'date': '1949-12-07T05:41:55.271Z', 'age': 74}, 'registered': {'date': '2009-10-10T02:22:05.260Z', 'age': 14}, 'phone': '(678) 270 5090', 'cell': '(651) 412 6169', 'id': {'name': 'NSS', 'value': '79 97 74 7869 1'}, 'picture': {'large': 'https://randomuser.me/api/portraits/men/16.jpg', 'medium': 'https://randomuser.me/api/portraits/med/men/16.jpg', 'thumbnail': 'https://randomuser.me/api/portraits/thumb/men/16.jpg'}, 'nat': 'MX'}</msg>
<arg>${json_data['results'][0]}</arg>
<doc>Logs the given message with the given level.</doc>
<status status="PASS" start="2024-04-29T19:11:01.366664" elapsed="0.000412"/>
</kw>
<kw name="Log" owner="BuiltIn">
<msg time="2024-04-29T19:11:01.367492" level="INFO">gender</msg>
<arg>${key}</arg>
<doc>Logs the given message with the given level.</doc>
<status status="PASS" start="2024-04-29T19:11:01.367366" elapsed="0.000163"/>
</kw>
<var name="${key}">gender</var>
<status status="PASS" start="2024-04-29T19:11:01.365811" elapsed="0.001933"/>
</iter>
<iter>
<kw name="Dictionary Should Contain Key" owner="Collections">
<msg time="2024-04-29T19:11:01.368428" level="INFO">False</msg>
<arg>${json_data['results'][0]}</arg>
<arg>${key}</arg>
<doc>Fails if ``key`` is not found from ``dictionary``.</doc>
<status status="PASS" start="2024-04-29T19:11:01.368040" elapsed="0.000456"/>
</kw>
<kw name="Log" owner="BuiltIn">
<msg time="2024-04-29T19:11:01.369155" level="INFO">{'gender': 'male', 'name': {'title': 'Mr', 'first': 'Francisco', 'last': 'Bustos'}, 'location': {'street': {'number': 9507, 'name': 'Circunvalación Beltrán'}, 'city': 'San José de Merino', 'state': 'Colima', 'country': 'Mexico', 'postcode': 90297, 'coordinates': {'latitude': '27.0297', 'longitude': '-88.1960'}, 'timezone': {'offset': '-4:00', 'description': 'Atlantic Time (Canada), Caracas, La Paz'}}, 'email': 'francisco.bustos@example.com', 'login': {'uuid': '524f6b4e-c258-48b3-8f53-d152bd3c080f', 'username': 'greendog867', 'password': 'wildwood', 'salt': 'XhuHIUpc', 'md5': '3a4e2cdc8c8987ce875dbd3f02eb1f5c', 'sha1': '3c1a3f92c96ac1ba72951f8b825feb5a596a3b98', 'sha256': 'efcd83cf8eb76cd331ef3a2aabaf9661f9a9d79039e5b62a2ca93250a590666a'}, 'dob': {'date': '1949-12-07T05:41:55.271Z', 'age': 74}, 'registered': {'date': '2009-10-10T02:22:05.260Z', 'age': 14}, 'phone': '(678) 270 5090', 'cell': '(651) 412 6169', 'id': {'name': 'NSS', 'value': '79 97 74 7869 1'}, 'picture': {'large': 'https://randomuser.me/api/portraits/men/16.jpg', 'medium': 'https://randomuser.me/api/portraits/med/men/16.jpg', 'thumbnail': 'https://randomuser.me/api/portraits/thumb/men/16.jpg'}, 'nat': 'MX'}</msg>
<arg>${json_data['results'][0]}</arg>
<doc>Logs the given message with the given level.</doc>
<status status="PASS" start="2024-04-29T19:11:01.368796" elapsed="0.000409"/>
</kw>
<kw name="Log" owner="BuiltIn">
<msg time="2024-04-29T19:11:01.369648" level="INFO">name</msg>
<arg>${key}</arg>
<doc>Logs the given message with the given level.</doc>
<status status="PASS" start="2024-04-29T19:11:01.369523" elapsed="0.000162"/>
</kw>
<var name="${key}">name</var>
<status status="PASS" start="2024-04-29T19:11:01.367927" elapsed="0.001974"/>
</iter>
<iter>
<kw name="Dictionary Should Contain Key" owner="Collections">
<msg time="2024-04-29T19:11:01.370575" level="INFO">False</msg>
<arg>${json_data['results'][0]}</arg>
<arg>${key}</arg>
<doc>Fails if ``key`` is not found from ``dictionary``.</doc>
<status status="PASS" start="2024-04-29T19:11:01.370186" elapsed="0.000426"/>
</kw>
<kw name="Log" owner="BuiltIn">
<msg time="2024-04-29T19:11:01.371268" level="INFO">{'gender': 'male', 'name': {'title': 'Mr', 'first': 'Francisco', 'last': 'Bustos'}, 'location': {'street': {'number': 9507, 'name': 'Circunvalación Beltrán'}, 'city': 'San José de Merino', 'state': 'Colima', 'country': 'Mexico', 'postcode': 90297, 'coordinates': {'latitude': '27.0297', 'longitude': '-88.1960'}, 'timezone': {'offset': '-4:00', 'description': 'Atlantic Time (Canada), Caracas, La Paz'}}, 'email': 'francisco.bustos@example.com', 'login': {'uuid': '524f6b4e-c258-48b3-8f53-d152bd3c080f', 'username': 'greendog867', 'password': 'wildwood', 'salt': 'XhuHIUpc', 'md5': '3a4e2cdc8c8987ce875dbd3f02eb1f5c', 'sha1': '3c1a3f92c96ac1ba72951f8b825feb5a596a3b98', 'sha256': 'efcd83cf8eb76cd331ef3a2aabaf9661f9a9d79039e5b62a2ca93250a590666a'}, 'dob': {'date': '1949-12-07T05:41:55.271Z', 'age': 74}, 'registered': {'date': '2009-10-10T02:22:05.260Z', 'age': 14}, 'phone': '(678) 270 5090', 'cell': '(651) 412 6169', 'id': {'name': 'NSS', 'value': '79 97 74 7869 1'}, 'picture': {'large': 'https://randomuser.me/api/portraits/men/16.jpg', 'medium': 'https://randomuser.me/api/portraits/med/men/16.jpg', 'thumbnail': 'https://randomuser.me/api/portraits/thumb/men/16.jpg'}, 'nat': 'MX'}</msg>
<arg>${json_data['results'][0]}</arg>
<doc>Logs the given message with the given level.</doc>
<status status="PASS" start="2024-04-29T19:11:01.370908" elapsed="0.000408"/>
</kw>
<kw name="Log" owner="BuiltIn">
<msg time="2024-04-29T19:11:01.371732" level="INFO">location</msg>
<arg>${key}</arg>
<doc>Logs the given message with the given level.</doc>
<status status="PASS" start="2024-04-29T19:11:01.371608" elapsed="0.000161"/>
</kw>
<var name="${key}">location</var>
<status status="PASS" start="2024-04-29T19:11:01.370076" elapsed="0.001902"/>
</iter>
<iter>
<kw name="Dictionary Should Contain Key" owner="Collections">
<msg time="2024-04-29T19:11:01.372641" level="INFO">False</msg>
<arg>${json_data['results'][0]}</arg>
<arg>${key}</arg>
<doc>Fails if ``key`` is not found from ``dictionary``.</doc>
<status status="PASS" start="2024-04-29T19:11:01.372258" elapsed="0.000420"/>
</kw>
<kw name="Log" owner="BuiltIn">
<msg time="2024-04-29T19:11:01.373368" level="INFO">{'gender': 'male', 'name': {'title': 'Mr', 'first': 'Francisco', 'last': 'Bustos'}, 'location': {'street': {'number': 9507, 'name': 'Circunvalación Beltrán'}, 'city': 'San José de Merino', 'state': 'Colima', 'country': 'Mexico', 'postcode': 90297, 'coordinates': {'latitude': '27.0297', 'longitude': '-88.1960'}, 'timezone': {'offset': '-4:00', 'description': 'Atlantic Time (Canada), Caracas, La Paz'}}, 'email': 'francisco.bustos@example.com', 'login': {'uuid': '524f6b4e-c258-48b3-8f53-d152bd3c080f', 'username': 'greendog867', 'password': 'wildwood', 'salt': 'XhuHIUpc', 'md5': '3a4e2cdc8c8987ce875dbd3f02eb1f5c', 'sha1': '3c1a3f92c96ac1ba72951f8b825feb5a596a3b98', 'sha256': 'efcd83cf8eb76cd331ef3a2aabaf9661f9a9d79039e5b62a2ca93250a590666a'}, 'dob': {'date': '1949-12-07T05:41:55.271Z', 'age': 74}, 'registered': {'date': '2009-10-10T02:22:05.260Z', 'age': 14}, 'phone': '(678) 270 5090', 'cell': '(651) 412 6169', 'id': {'name': 'NSS', 'value': '79 97 74 7869 1'}, 'picture': {'large': 'https://randomuser.me/api/portraits/men/16.jpg', 'medium': 'https://randomuser.me/api/portraits/med/men/16.jpg', 'thumbnail': 'https://randomuser.me/api/portraits/thumb/men/16.jpg'}, 'nat': 'MX'}</msg>
<arg>${json_data['results'][0]}</arg>
<doc>Logs the given message with the given level.</doc>
<status status="PASS" start="2024-04-29T19:11:01.372971" elapsed="0.000448"/>
</kw>
<kw name="Log" owner="BuiltIn">
<msg time="2024-04-29T19:11:01.373843" level="INFO">email</msg>
<arg>${key}</arg>
<doc>Logs the given message with the given level.</doc>
<status status="PASS" start="2024-04-29T19:11:01.373717" elapsed="0.000163"/>
</kw>
<var name="${key}">email</var>
<status status="PASS" start="2024-04-29T19:11:01.372149" elapsed="0.001942"/>
</iter>
<iter>
<kw name="Dictionary Should Contain Key" owner="Collections">
<msg time="2024-04-29T19:11:01.374762" level="INFO">False</msg>
<arg>${json_data['results'][0]}</arg>
<arg>${key}</arg>
<doc>Fails if ``key`` is not found from ``dictionary``.</doc>
<status status="PASS" start="2024-04-29T19:11:01.374377" elapsed="0.000422"/>
</kw>
<kw name="Log" owner="BuiltIn">
<msg time="2024-04-29T19:11:01.375460" level="INFO">{'gender': 'male', 'name': {'title': 'Mr', 'first': 'Francisco', 'last': 'Bustos'}, 'location': {'street': {'number': 9507, 'name': 'Circunvalación Beltrán'}, 'city': 'San José de Merino', 'state': 'Colima', 'country': 'Mexico', 'postcode': 90297, 'coordinates': {'latitude': '27.0297', 'longitude': '-88.1960'}, 'timezone': {'offset': '-4:00', 'description': 'Atlantic Time (Canada), Caracas, La Paz'}}, 'email': 'francisco.bustos@example.com', 'login': {'uuid': '524f6b4e-c258-48b3-8f53-d152bd3c080f', 'username': 'greendog867', 'password': 'wildwood', 'salt': 'XhuHIUpc', 'md5': '3a4e2cdc8c8987ce875dbd3f02eb1f5c', 'sha1': '3c1a3f92c96ac1ba72951f8b825feb5a596a3b98', 'sha256': 'efcd83cf8eb76cd331ef3a2aabaf9661f9a9d79039e5b62a2ca93250a590666a'}, 'dob': {'date': '1949-12-07T05:41:55.271Z', 'age': 74}, 'registered': {'date': '2009-10-10T02:22:05.260Z', 'age': 14}, 'phone': '(678) 270 5090', 'cell': '(651) 412 6169', 'id': {'name': 'NSS', 'value': '79 97 74 7869 1'}, 'picture': {'large': 'https://randomuser.me/api/portraits/men/16.jpg', 'medium': 'https://randomuser.me/api/portraits/med/men/16.jpg', 'thumbnail': 'https://randomuser.me/api/portraits/thumb/men/16.jpg'}, 'nat': 'MX'}</msg>
<arg>${json_data['results'][0]}</arg>
<doc>Logs the given message with the given level.</doc>
<status status="PASS" start="2024-04-29T19:11:01.375092" elapsed="0.000416"/>
</kw>
<kw name="Log" owner="BuiltIn">
<msg time="2024-04-29T19:11:01.375958" level="INFO">login</msg>
<arg>${key}</arg>
<doc>Logs the given message with the given level.</doc>
<status status="PASS" start="2024-04-29T19:11:01.375829" elapsed="0.000166"/>
</kw>
<var name="${key}">login</var>
<status status="PASS" start="2024-04-29T19:11:01.374267" elapsed="0.001943"/>
</iter>
<var>${key}</var>
<value>@{expected_keys}</value>
<status status="PASS" start="2024-04-29T19:11:01.365626" elapsed="0.010706"/>
</for>
<kw name="Create List" owner="BuiltIn">
<msg time="2024-04-29T19:11:01.376654" level="INFO">${expected_keysTwo} = ['username', 'password']</msg>
<var>${expected_keysTwo}</var>
<arg>username</arg>
<arg>password</arg>
<doc>Returns a list containing given items.</doc>
<status status="PASS" start="2024-04-29T19:11:01.376521" elapsed="0.000157"/>
</kw>
<for flavor="IN">
<iter>
<kw name="Dictionary Should Contain Key" owner="Collections">
<msg time="2024-04-29T19:11:01.377583" level="INFO">False</msg>
<arg>${json_data['results'][0]['login']}</arg>
<arg>${keyTwo}</arg>
<doc>Fails if ``key`` is not found from ``dictionary``.</doc>
<status status="PASS" start="2024-04-29T19:11:01.377168" elapsed="0.000453"/>
</kw>
<kw name="Dictionary Should Contain Key" owner="Collections">
<msg time="2024-04-29T19:11:01.378288" level="INFO">False</msg>
<arg>${json_data['results'][0]['login']}</arg>
<arg>${keyTwo}</arg>
<doc>Fails if ``key`` is not found from ``dictionary``.</doc>
<status status="PASS" start="2024-04-29T19:11:01.377914" elapsed="0.000411"/>
</kw>
<kw name="Log" owner="BuiltIn">
<msg time="2024-04-29T19:11:01.378742" level="INFO">username</msg>
<arg>${keyTwo}</arg>
<doc>Logs the given message with the given level.</doc>
<status status="PASS" start="2024-04-29T19:11:01.378616" elapsed="0.000167"/>
</kw>
<var name="${keyTwo}">username</var>
<status status="PASS" start="2024-04-29T19:11:01.377060" elapsed="0.001940"/>
</iter>
<iter>
<kw name="Dictionary Should Contain Key" owner="Collections">
<msg time="2024-04-29T19:11:01.379741" level="INFO">False</msg>
<arg>${json_data['results'][0]['login']}</arg>
<arg>${keyTwo}</arg>
<doc>Fails if ``key`` is not found from ``dictionary``.</doc>
<status status="PASS" start="2024-04-29T19:11:01.379287" elapsed="0.000493"/>
</kw>
<kw name="Dictionary Should Contain Key" owner="Collections">
<msg time="2024-04-29T19:11:01.380456" level="INFO">False</msg>
<arg>${json_data['results'][0]['login']}</arg>
<arg>${keyTwo}</arg>
<doc>Fails if ``key`` is not found from ``dictionary``.</doc>
<status status="PASS" start="2024-04-29T19:11:01.380077" elapsed="0.000415"/>
</kw>
<kw name="Log" owner="BuiltIn">
<msg time="2024-04-29T19:11:01.380907" level="INFO">password</msg>
<arg>${keyTwo}</arg>
<doc>Logs the given message with the given level.</doc>
<status status="PASS" start="2024-04-29T19:11:01.380782" elapsed="0.000161"/>
</kw>
<var name="${keyTwo}">password</var>
<status status="PASS" start="2024-04-29T19:11:01.379178" elapsed="0.001977"/>
</iter>
<var>${keyTwo}</var>
<value>@{expected_keysTwo}</value>
<status status="PASS" start="2024-04-29T19:11:01.376911" elapsed="0.004405"/>
</for>
<status status="PASS" start="2024-04-29T19:11:01.270008" elapsed="0.111449"/>
</kw>
<doc>Testa a estrutura da resposta da API.</doc>
<tag>testeEstruturaResposta</tag>
<status status="PASS" start="2024-04-29T19:11:01.269212" elapsed="0.112391"/>
</test>
<test id="s1-s1-t4" name="Validar tipos de dados" line="28">
<kw name="Teste de Tipos de Dados" owner="random-user-service">
<kw name="GET On Session" owner="RequestsLibrary">
<msg time="2024-04-29T19:11:01.495530" level="INFO">GET Request : url=https://randomuser.me/api 
 path_url=/api 
 headers={'User-Agent': 'python-requests/2.31.0', 'Accept-Encoding': 'gzip, deflate', 'Accept': '*/*', 'Connection': 'keep-alive'} 
 body=None 
 </msg>
<msg time="2024-04-29T19:11:01.495622" level="INFO">GET Response : url=https://randomuser.me/api 
 status=200, reason=OK 
 headers={'Date': 'Mon, 29 Apr 2024 19:11:01 GMT', 'Content-Type': 'application/json; charset=utf-8', 'Transfer-Encoding': 'chunked', 'Connection': 'keep-alive', 'X-Powered-By': 'Express', 'Access-Control-Allow-Origin': '*', 'Cache-Control': 'no-cache', 'ETag': 'W/"48e-20gsMosM1T01iAlvNSh+OdQNSec"', 'Vary': 'Accept-Encoding', 'Content-Encoding': 'gzip', 'CF-Cache-Status': 'DYNAMIC', 'Report-To': '{"endpoints":[{"url":"https:\\/\\/a.nel.cloudflare.com\\/report\\/v4?s=Ulk0EIPZAImtcpKp7mJ%2BkzeihtKTYkD8ykxIXGRqTkwoTUK8AKHagZpjfxp0yOZqHmUbXdgNCU1qI%2BXPFVj0iMLZ08Fn3rZiGVOo184Lx%2FKauU4AI6U4X%2FBcQ5Jdg0ih"}],"group":"cf-nel","max_age":604800}', 'NEL': '{"success_fraction":0,"report_to":"cf-nel","max_age":604800}', 'Server': 'cloudflare', 'CF-RAY': '87c19871ae92230e-SJC', 'alt-svc': 'h3=":443"; ma=86400'} 
 body={"results":[{"gender":"male","name":{"title":"Mr","first":"Zlatko","last":"Blažić"},"location":{"street":{"number":469,"name":"Stanićeva"},"city":"Sremski Karlovci","state":"Pčinja","country":"Serbia","postcode":83345,"coordinates":{"latitude":"64.1409","longitude":"-74.5157"},"timezone":{"offset":"+10:00","description":"Eastern Australia, Guam, Vladivostok"}},"email":"zlatko.blazic@example.com","login":{"uuid":"f0f0ccad-e4d6-4998-ae60-85ad2fc72c48","username":"happybird553","password":"tardis","salt":"5p2zLLF6","md5":"bb2559da6a53c7c453923436b9a11419","sha1":"f5ccedcd223349ab58b1359d35544305a7088f87","sha256":"9791677c8f5d6957f6910082141c7034b55a785041662f5ed73c99737ec85e14"},"dob":{"date":"1963-07-20T09:52:36.840Z","age":60},"registered":{"date":"2015-09-16T15:13:43.319Z","age":8},"phone":"019-7417-256","cell":"062-7798-677","id":{"name":"SID","value":"076625201"},"picture":{"large":"https://randomuser.me/api/portraits/men/83.jpg","medium":"https://randomuser.me/api/portraits/med/men/83.jpg","thumbnail":"https://randomuser.me/api/portraits/thumb/men/83.jpg"},"nat":"RS"}],"info":{"seed":"21f1734d37ac26c7","results":1,"page":1,"version":"1.4"}} 
 </msg>
<msg time="2024-04-29T19:11:01.495688" level="INFO">/opt/hostedtoolcache/Python/3.12.3/x64/lib/python3.12/site-packages/urllib3/connectionpool.py:1103: InsecureRequestWarning: Unverified HTTPS request is being made to host 'randomuser.me'. Adding certificate verification is strongly advised. See: https://urllib3.readthedocs.io/en/latest/advanced-usage.html#tls-warnings
  warnings.warn(</msg>
<msg time="2024-04-29T19:11:01.495790" level="INFO">${response} = &lt;Response [200]&gt;</msg>
<var>${response}</var>
<arg>consultarAPI</arg>
<arg>/api</arg>
<doc>Sends a GET request on a previously created HTTP Session.</doc>
<status status="PASS" start="2024-04-29T19:11:01.384022" elapsed="0.111808"/>
</kw>
<kw name="Set Variable" owner="BuiltIn">
<msg time="2024-04-29T19:11:01.496836" level="INFO">${json_data} = {'results': [{'gender': 'male', 'name': {'title': 'Mr', 'first': 'Zlatko', 'last': 'Blažić'}, 'location': {'street': {'number': 469, 'name': 'Stanićeva'}, 'city': 'Sremski Karlovci', 'state': 'Pčinja'...</msg>
<var>${json_data}</var>
<arg>${response.json()}</arg>
<doc>Returns the given values which can then be assigned to a variables.</doc>
<status status="PASS" start="2024-04-29T19:11:01.496321" elapsed="0.000545"/>
</kw>
<kw name="Log" owner="BuiltIn">
<msg time="2024-04-29T19:11:01.497377" level="INFO">{'results': [{'gender': 'male', 'name': {'title': 'Mr', 'first': 'Zlatko', 'last': 'Blažić'}, 'location': {'street': {'number': 469, 'name': 'Stanićeva'}, 'city': 'Sremski Karlovci', 'state': 'Pčinja', 'country': 'Serbia', 'postcode': 83345, 'coordinates': {'latitude': '64.1409', 'longitude': '-74.5157'}, 'timezone': {'offset': '+10:00', 'description': 'Eastern Australia, Guam, Vladivostok'}}, 'email': 'zlatko.blazic@example.com', 'login': {'uuid': 'f0f0ccad-e4d6-4998-ae60-85ad2fc72c48', 'username': 'happybird553', 'password': 'tardis', 'salt': '5p2zLLF6', 'md5': 'bb2559da6a53c7c453923436b9a11419', 'sha1': 'f5ccedcd223349ab58b1359d35544305a7088f87', 'sha256': '9791677c8f5d6957f6910082141c7034b55a785041662f5ed73c99737ec85e14'}, 'dob': {'date': '1963-07-20T09:52:36.840Z', 'age': 60}, 'registered': {'date': '2015-09-16T15:13:43.319Z', 'age': 8}, 'phone': '019-7417-256', 'cell': '062-7798-677', 'id': {'name': 'SID', 'value': '076625201'}, 'picture': {'large': 'https://randomuser.me/api/portraits/men/83.jpg', 'medium': 'https://randomuser.me/api/portraits/med/men/83.jpg', 'thumbnail': 'https://randomuser.me/api/portraits/thumb/men/83.jpg'}, 'nat': 'RS'}], 'info': {'seed': '21f1734d37ac26c7', 'results': 1, 'page': 1, 'version': '1.4'}}</msg>
<arg>${json_data}</arg>
<doc>Logs the given message with the given level.</doc>
<status status="PASS" start="2024-04-29T19:11:01.497171" elapsed="0.000298"/>
</kw>
<kw name="Should Be String" owner="String">
<arg>${json_data['results'][0]['gender']}</arg>
<doc>Fails if the given ``item`` is not a string.</doc>
<status status="PASS" start="2024-04-29T19:11:01.497776" elapsed="0.000361"/>
</kw>
<kw name="Should Match Regexp" owner="BuiltIn">
<arg>${json_data['results'][0]['email']}</arg>
<arg>^[a-zA-Z0-9._%+-]+@[a-zA-Z0-9.-]+\.[a-zA-Z]{2,}$</arg>
<doc>Fails if ``string`` does not match ``pattern`` as a regular expression.</doc>
<status status="PASS" start="2024-04-29T19:11:01.498329" elapsed="0.000513"/>
</kw>
<kw name="Should Match Regexp" owner="BuiltIn">
<arg>${json_data['results'][0]['dob']['date']}</arg>
<arg>\\d{4}-\\d{2}-\\d{2}T\\d{2}:\\d{2}:\\d{2}\\.\\d{3}Z</arg>
<doc>Fails if ``string`` does not match ``pattern`` as a regular expression.</doc>
<status status="PASS" start="2024-04-29T19:11:01.499036" elapsed="0.000473"/>
</kw>
<kw name="Should Match Regexp" owner="BuiltIn">
<arg>${json_data['results'][0]['registered']['date']}</arg>
<arg>\\d{4}-\\d{2}-\\d{2}T\\d{2}:\\d{2}:\\d{2}\\.\\d{3}Z</arg>
<doc>Fails if ``string`` does not match ``pattern`` as a regular expression.</doc>
<status status="PASS" start="2024-04-29T19:11:01.499696" elapsed="0.000359"/>
</kw>
<kw name="Should Match Regexp" owner="BuiltIn">
<arg>${json_data['results'][0]['picture']['large']}</arg>
<arg>^https?://.*\.(?:png|jpe?g|gif|bmp)$</arg>
<doc>Fails if ``string`` does not match ``pattern`` as a regular expression.</doc>
<status status="PASS" start="2024-04-29T19:11:01.500237" elapsed="0.000461"/>
</kw>
<kw name="Should Match Regexp" owner="BuiltIn">
<arg>${json_data['results'][0]['picture']['medium']}</arg>
<arg>^https?://.*\.(?:png|jpe?g|gif|bmp)$</arg>
<doc>Fails if ``string`` does not match ``pattern`` as a regular expression.</doc>
<status status="PASS" start="2024-04-29T19:11:01.500891" elapsed="0.000377"/>
</kw>
<kw name="Should Match Regexp" owner="BuiltIn">
<arg>${json_data['results'][0]['picture']['thumbnail']}</arg>
<arg>^https?://.*\.(?:png|jpe?g|gif|bmp)$</arg>
<doc>Fails if ``string`` does not match ``pattern`` as a regular expression.</doc>
<status status="PASS" start="2024-04-29T19:11:01.501467" elapsed="0.000349"/>
</kw>
<kw name="Log" owner="BuiltIn">
<msg time="2024-04-29T19:11:01.502317" level="INFO">{'large': 'https://randomuser.me/api/portraits/men/83.jpg', 'medium': 'https://randomuser.me/api/portraits/med/men/83.jpg', 'thumbnail': 'https://randomuser.me/api/portraits/thumb/men/83.jpg'}</msg>
<arg>${json_data['results'][0]['picture']}</arg>
<doc>Logs the given message with the given level.</doc>
<status status="PASS" start="2024-04-29T19:11:01.501997" elapsed="0.000360"/>
</kw>
<status status="PASS" start="2024-04-29T19:11:01.383795" elapsed="0.118815"/>
</kw>
<kw name="Teste de Tipos de Dados - Postcode" owner="random-user-service">
<kw name="GET On Session" owner="RequestsLibrary">
<msg time="2024-04-29T19:11:01.647725" level="INFO">GET Request : url=https://randomuser.me/api 
 path_url=/api 
 headers={'User-Agent': 'python-requests/2.31.0', 'Accept-Encoding': 'gzip, deflate', 'Accept': '*/*', 'Connection': 'keep-alive'} 
 body=None 
 </msg>
<msg time="2024-04-29T19:11:01.647810" level="INFO">GET Response : url=https://randomuser.me/api 
 status=200, reason=OK 
 headers={'Date': 'Mon, 29 Apr 2024 19:11:01 GMT', 'Content-Type': 'application/json; charset=utf-8', 'Transfer-Encoding': 'chunked', 'Connection': 'keep-alive', 'X-Powered-By': 'Express', 'Access-Control-Allow-Origin': '*', 'Cache-Control': 'no-cache', 'ETag': 'W/"473-PhTyklUed82DRSdiGO4k8bY5JSQ"', 'Vary': 'Accept-Encoding', 'Content-Encoding': 'gzip', 'CF-Cache-Status': 'DYNAMIC', 'Report-To': '{"endpoints":[{"url":"https:\\/\\/a.nel.cloudflare.com\\/report\\/v4?s=Z02cs1tgmTB0Md%2BJg4%2Bw%2Fjh%2FMJpjj%2B%2FhQjYw4Qbo3T%2F5Pr630tQRrJUULCHEhdetvLsnBSzDIqaV2JEPq074fRNiC7e7nsRPAck4nx6hAuokWWUFLIl9bsMvsj9H0euB"}],"group":"cf-nel","max_age":604800}', 'NEL': '{"success_fraction":0,"report_to":"cf-nel","max_age":604800}', 'Server': 'cloudflare', 'CF-RAY': '87c198726f8c230e-SJC', 'alt-svc': 'h3=":443"; ma=86400'} 
 body={"results":[{"gender":"male","name":{"title":"Mr","first":"Marius","last":"Wangen"},"location":{"street":{"number":6970,"name":"Olaf Ryes plass"},"city":"Naustdal","state":"Hedmark","country":"Norway","postcode":"9444","coordinates":{"latitude":"44.3231","longitude":"-129.0482"},"timezone":{"offset":"-11:00","description":"Midway Island, Samoa"}},"email":"marius.wangen@example.com","login":{"uuid":"9f0ba843-dc33-4b77-9bb3-dea2cd0db880","username":"sadduck870","password":"praise","salt":"ZWlpSCDg","md5":"c601b7a9c340369e9fbc596d9987d6a9","sha1":"7acad7aef72d8247eeacec480234f95aa86f85fb","sha256":"d0feb60ed9442f870125739b06987d907547af599e32208bcdce1006c12bd489"},"dob":{"date":"1995-05-30T12:40:53.466Z","age":28},"registered":{"date":"2015-08-04T09:10:19.776Z","age":8},"phone":"78087550","cell":"97935789","id":{"name":"FN","value":"30059515728"},"picture":{"large":"https://randomuser.me/api/portraits/men/17.jpg","medium":"https://randomuser.me/api/portraits/med/men/17.jpg","thumbnail":"https://randomuser.me/api/portraits/thumb/men/17.jpg"},"nat":"NO"}],"info":{"seed":"a830cef7b73d2b7b","results":1,"page":1,"version":"1.4"}} 
 </msg>
<msg time="2024-04-29T19:11:01.647883" level="INFO">/opt/hostedtoolcache/Python/3.12.3/x64/lib/python3.12/site-packages/urllib3/connectionpool.py:1103: InsecureRequestWarning: Unverified HTTPS request is being made to host 'randomuser.me'. Adding certificate verification is strongly advised. See: https://urllib3.readthedocs.io/en/latest/advanced-usage.html#tls-warnings
  warnings.warn(</msg>
<msg time="2024-04-29T19:11:01.647984" level="INFO">${response} = &lt;Response [200]&gt;</msg>
<var>${response}</var>
<arg>consultarAPI</arg>
<arg>/api</arg>
<doc>Sends a GET request on a previously created HTTP Session.</doc>
<status status="PASS" start="2024-04-29T19:11:01.503066" elapsed="0.144965"/>
</kw>
<kw name="Set Variable" owner="BuiltIn">
<msg time="2024-04-29T19:11:01.649063" level="INFO">${json_data} = {'results': [{'gender': 'male', 'name': {'title': 'Mr', 'first': 'Marius', 'last': 'Wangen'}, 'location': {'street': {'number': 6970, 'name': 'Olaf Ryes plass'}, 'city': 'Naustdal', 'state': 'Hedmark'...</msg>
<var>${json_data}</var>
<arg>${response.json()}</arg>
<doc>Returns the given values which can then be assigned to a variables.</doc>
<status status="PASS" start="2024-04-29T19:11:01.648516" elapsed="0.000575"/>
</kw>
<kw name="Log" owner="BuiltIn">
<msg time="2024-04-29T19:11:01.649585" level="INFO">{'results': [{'gender': 'male', 'name': {'title': 'Mr', 'first': 'Marius', 'last': 'Wangen'}, 'location': {'street': {'number': 6970, 'name': 'Olaf Ryes plass'}, 'city': 'Naustdal', 'state': 'Hedmark', 'country': 'Norway', 'postcode': '9444', 'coordinates': {'latitude': '44.3231', 'longitude': '-129.0482'}, 'timezone': {'offset': '-11:00', 'description': 'Midway Island, Samoa'}}, 'email': 'marius.wangen@example.com', 'login': {'uuid': '9f0ba843-dc33-4b77-9bb3-dea2cd0db880', 'username': 'sadduck870', 'password': 'praise', 'salt': 'ZWlpSCDg', 'md5': 'c601b7a9c340369e9fbc596d9987d6a9', 'sha1': '7acad7aef72d8247eeacec480234f95aa86f85fb', 'sha256': 'd0feb60ed9442f870125739b06987d907547af599e32208bcdce1006c12bd489'}, 'dob': {'date': '1995-05-30T12:40:53.466Z', 'age': 28}, 'registered': {'date': '2015-08-04T09:10:19.776Z', 'age': 8}, 'phone': '78087550', 'cell': '97935789', 'id': {'name': 'FN', 'value': '30059515728'}, 'picture': {'large': 'https://randomuser.me/api/portraits/men/17.jpg', 'medium': 'https://randomuser.me/api/portraits/med/men/17.jpg', 'thumbnail': 'https://randomuser.me/api/portraits/thumb/men/17.jpg'}, 'nat': 'NO'}], 'info': {'seed': 'a830cef7b73d2b7b', 'results': 1, 'page': 1, 'version': '1.4'}}</msg>
<arg>${json_data}</arg>
<doc>Logs the given message with the given level.</doc>
<status status="PASS" start="2024-04-29T19:11:01.649431" elapsed="0.000233"/>
</kw>
<kw name="Should Be Equal As Numbers" owner="BuiltIn">
<arg>${json_data['results'][0]['location']['postcode']}</arg>
<arg>${json_data['results'][0]['location']['postcode']}</arg>
<doc>Fails if objects are unequal after converting them to real numbers.</doc>
<status status="PASS" start="2024-04-29T19:11:01.650120" elapsed="0.000628"/>
</kw>
<kw name="Log" owner="BuiltIn">
<msg time="2024-04-29T19:11:01.651281" level="INFO">9444</msg>
<arg>${json_data['results'][0]['location']['postcode']}</arg>
<doc>Logs the given message with the given level.</doc>
<status status="PASS" start="2024-04-29T19:11:01.650942" elapsed="0.000378"/>
</kw>
<status status="PASS" start="2024-04-29T19:11:01.502833" elapsed="0.148743"/>
</kw>
<doc>Testa se os tipos de dados na resposta da API estão corretos.</doc>
<tag>testeTiposDados</tag>
<status status="PASS" start="2024-04-29T19:11:01.383352" elapsed="0.268389"/>
</test>
<test id="s1-s1-t5" name="Validar conteudo" line="35">
<kw name="Teste de Tipos de Conteudo" owner="random-user-service">
<kw name="GET On Session" owner="RequestsLibrary">
<msg time="2024-04-29T19:11:01.752429" level="INFO">GET Request : url=https://randomuser.me/api 
 path_url=/api 
 headers={'User-Agent': 'python-requests/2.31.0', 'Accept-Encoding': 'gzip, deflate', 'Accept': '*/*', 'Connection': 'keep-alive'} 
 body=None 
 </msg>
<msg time="2024-04-29T19:11:01.752538" level="INFO">GET Response : url=https://randomuser.me/api 
 status=200, reason=OK 
 headers={'Date': 'Mon, 29 Apr 2024 19:11:01 GMT', 'Content-Type': 'application/json; charset=utf-8', 'Transfer-Encoding': 'chunked', 'Connection': 'keep-alive', 'X-Powered-By': 'Express', 'Access-Control-Allow-Origin': '*', 'Cache-Control': 'no-cache', 'ETag': 'W/"48a-8n12RL+2rPvglZbVprB1v11SKXM"', 'Vary': 'Accept-Encoding', 'Content-Encoding': 'gzip', 'CF-Cache-Status': 'DYNAMIC', 'Report-To': '{"endpoints":[{"url":"https:\\/\\/a.nel.cloudflare.com\\/report\\/v4?s=Wh3RMaCFGgibKMARb9PmA%2B2JwUrJer%2FCGqTdEroCQdknZYsvIK0bALt0CjKHkrqXqMxoY1XbEj%2Fcw84kwYBsCSfkVkZr2EK5UpdjEKk9n14Y6lREINdj%2F5TMdxIB0hgN"}],"group":"cf-nel","max_age":604800}', 'NEL': '{"success_fraction":0,"report_to":"cf-nel","max_age":604800}', 'Server': 'cloudflare', 'CF-RAY': '87c198735912230e-SJC', 'alt-svc': 'h3=":443"; ma=86400'} 
 body={"results":[{"gender":"male","name":{"title":"Mr","first":"Patrick","last":"Kvernberg"},"location":{"street":{"number":8577,"name":"Nycoveien"},"city":"Hem","state":"Description","country":"Norway","postcode":"3412","coordinates":{"latitude":"39.9866","longitude":"-174.8510"},"timezone":{"offset":"+3:00","description":"Baghdad, Riyadh, Moscow, St. Petersburg"}},"email":"patrick.kvernberg@example.com","login":{"uuid":"b78d943c-4851-4393-bbc0-63ebecebedcd","username":"silverbear449","password":"raymond","salt":"sGwenJmo","md5":"ecc7c28c903551aa7ec39751dca85492","sha1":"d24532409c8d3d7df5797e0be3a82c080bda696e","sha256":"9f0e503b377cd9319da65874b85ec9f5a6d05fd06f0f88cb830f85f741c0ea0e"},"dob":{"date":"1956-03-20T12:47:50.256Z","age":68},"registered":{"date":"2020-07-21T12:41:45.779Z","age":3},"phone":"87868878","cell":"44557372","id":{"name":"FN","value":"20035632159"},"picture":{"large":"https://randomuser.me/api/portraits/men/69.jpg","medium":"https://randomuser.me/api/portraits/med/men/69.jpg","thumbnail":"https://randomuser.me/api/portraits/thumb/men/69.jpg"},"nat":"NO"}],"info":{"seed":"c1037055f26121fd","results":1,"page":1,"version":"1.4"}} 
 </msg>
<msg time="2024-04-29T19:11:01.752616" level="INFO">/opt/hostedtoolcache/Python/3.12.3/x64/lib/python3.12/site-packages/urllib3/connectionpool.py:1103: InsecureRequestWarning: Unverified HTTPS request is being made to host 'randomuser.me'. Adding certificate verification is strongly advised. See: https://urllib3.readthedocs.io/en/latest/advanced-usage.html#tls-warnings
  warnings.warn(</msg>
<msg time="2024-04-29T19:11:01.752764" level="INFO">${response} = &lt;Response [200]&gt;</msg>
<var>${response}</var>
<arg>consultarAPI</arg>
<arg>/api</arg>
<doc>Sends a GET request on a previously created HTTP Session.</doc>
<status status="PASS" start="2024-04-29T19:11:01.654232" elapsed="0.098582"/>
</kw>
<kw name="Set Variable" owner="BuiltIn">
<msg time="2024-04-29T19:11:01.754035" level="INFO">${json_data} = {'results': [{'gender': 'male', 'name': {'title': 'Mr', 'first': 'Patrick', 'last': 'Kvernberg'}, 'location': {'street': {'number': 8577, 'name': 'Nycoveien'}, 'city': 'Hem', 'state': 'Description', '...</msg>
<var>${json_data}</var>
<arg>${response.json()}</arg>
<doc>Returns the given values which can then be assigned to a variables.</doc>
<status status="PASS" start="2024-04-29T19:11:01.753502" elapsed="0.000561"/>
</kw>
<kw name="Set Variable" owner="BuiltIn">
<msg time="2024-04-29T19:11:01.754758" level="INFO">${name_title} = Mr</msg>
<var>${name_title}</var>
<arg>${json_data["results"][0]["name"]["title"]}</arg>
<doc>Returns the given values which can then be assigned to a variables.</doc>
<status status="PASS" start="2024-04-29T19:11:01.754371" elapsed="0.000412"/>
</kw>
<kw name="Create List" owner="BuiltIn">
<msg time="2024-04-29T19:11:01.755232" level="INFO">${allowed_titles} = ['Mr', 'Ms', 'Miss', 'Mrs', 'Madame', 'Monsieur']</msg>
<var>${allowed_titles}</var>
<arg>Mr</arg>
<arg>Ms</arg>
<arg>Miss</arg>
<arg>Mrs</arg>
<arg>Madame</arg>
<arg>Monsieur</arg>
<doc>Returns a list containing given items.</doc>
<status status="PASS" start="2024-04-29T19:11:01.755084" elapsed="0.000172"/>
</kw>
<kw name="List Should Contain Value" owner="Collections">
<msg time="2024-04-29T19:11:01.755726" level="INFO">False</msg>
<arg>${allowed_titles}</arg>
<arg>${name_title}</arg>
<doc>Fails if the ``value`` is not found from ``list``.</doc>
<status status="PASS" start="2024-04-29T19:11:01.755554" elapsed="0.000207"/>
</kw>
<kw name="Set Variable" owner="BuiltIn">
<msg time="2024-04-29T19:11:01.756435" level="INFO">${name_country} = NO</msg>
<var>${name_country}</var>
<arg>${json_data["results"][0]["nat"]}</arg>
<doc>Returns the given values which can then be assigned to a variables.</doc>
<status status="PASS" start="2024-04-29T19:11:01.756050" elapsed="0.000409"/>
</kw>
<kw name="Create List" owner="BuiltIn">
<msg time="2024-04-29T19:11:01.757385" level="INFO">${list_country} = ['AD', 'AE', 'AF', 'AG', 'AI', 'AL', 'AM', 'AO', 'AQ', 'AR', 'AS', 'AT', 'AU', 'AW', 'AX', 'AZ', 'BA', 'BB', 'BD', 'BE', 'BF', 'BG', 'BH', 'BI', 'BJ', 'BL', 'BM', 'BN', 'BO', 'BQ', 'BR', 'BS', 'BT', '...</msg>
<var>${list_country}</var>
<arg>AD</arg>
<arg>AE</arg>
<arg>AF</arg>
<arg>AG</arg>
<arg>AI</arg>
<arg>AL</arg>
<arg>AM</arg>
<arg>AO</arg>
<arg>AQ</arg>
<arg>AR</arg>
<arg>AS</arg>
<arg>AT</arg>
<arg>AU</arg>
<arg>AW</arg>
<arg>AX</arg>
<arg>AZ</arg>
<arg>BA</arg>
<arg>BB</arg>
<arg>BD</arg>
<arg>BE</arg>
<arg>BF</arg>
<arg>BG</arg>
<arg>BH</arg>
<arg>BI</arg>
<arg>BJ</arg>
<arg>BL</arg>
<arg>BM</arg>
<arg>BN</arg>
<arg>BO</arg>
<arg>BQ</arg>
<arg>BR</arg>
<arg>BS</arg>
<arg>BT</arg>
<arg>BV</arg>
<arg>BW</arg>
<arg>BY</arg>
<arg>BZ</arg>
<arg>CA</arg>
<arg>CC</arg>
<arg>CD</arg>
<arg>CF</arg>
<arg>CG</arg>
<arg>CH</arg>
<arg>CI</arg>
<arg>CK</arg>
<arg>CL</arg>
<arg>CM</arg>
<arg>CN</arg>
<arg>CO</arg>
<arg>CR</arg>
<arg>CU</arg>
<arg>CV</arg>
<arg>CW</arg>
<arg>CX</arg>
<arg>CY</arg>
<arg>CZ</arg>
<arg>DE</arg>
<arg>DJ</arg>
<arg>DK</arg>
<arg>DM</arg>
<arg>DO</arg>
<arg>DZ</arg>
<arg>EC</arg>
<arg>EE</arg>
<arg>EG</arg>
<arg>EH</arg>
<arg>ER</arg>
<arg>ES</arg>
<arg>ET</arg>
<arg>FI</arg>
<arg>FJ</arg>
<arg>FK</arg>
<arg>FM</arg>
<arg>FO</arg>
<arg>FR</arg>
<arg>GA</arg>
<arg>GB</arg>
<arg>GD</arg>
<arg>GE</arg>
<arg>GF</arg>
<arg>GG</arg>
<arg>GH</arg>
<arg>GI</arg>
<arg>GL</arg>
<arg>GM</arg>
<arg>GN</arg>
<arg>GP</arg>
<arg>GQ</arg>
<arg>GR</arg>
<arg>GS</arg>
<arg>GT</arg>
<arg>GU</arg>
<arg>GW</arg>
<arg>GY</arg>
<arg>HK</arg>
<arg>HM</arg>
<arg>HN</arg>
<arg>HR</arg>
<arg>HT</arg>
<arg>HU</arg>
<arg>ID</arg>
<arg>IE</arg>
<arg>IL</arg>
<arg>IM</arg>
<arg>IN</arg>
<arg>IO</arg>
<arg>IQ</arg>
<arg>IR</arg>
<arg>IS</arg>
<arg>IT</arg>
<arg>JE</arg>
<arg>JM</arg>
<arg>JO</arg>
<arg>JP</arg>
<arg>KE</arg>
<arg>KG</arg>
<arg>KH</arg>
<arg>KI</arg>
<arg>KM</arg>
<arg>KN</arg>
<arg>KP</arg>
<arg>KR</arg>
<arg>KW</arg>
<arg>KY</arg>
<arg>KZ</arg>
<arg>LA</arg>
<arg>LB</arg>
<arg>LC</arg>
<arg>LI</arg>
<arg>LK</arg>
<arg>LR</arg>
<arg>LS</arg>
<arg>LT</arg>
<arg>LU</arg>
<arg>LV</arg>
<arg>LY</arg>
<arg>MA</arg>
<arg>MC</arg>
<arg>MD</arg>
<arg>ME</arg>
<arg>MF</arg>
<arg>MG</arg>
<arg>MH</arg>
<arg>MK</arg>
<arg>ML</arg>
<arg>MM</arg>
<arg>MN</arg>
<arg>MO</arg>
<arg>MP</arg>
<arg>MQ</arg>
<arg>MR</arg>
<arg>MS</arg>
<arg>MT</arg>
<arg>MU</arg>
<arg>MV</arg>
<arg>MW</arg>
<arg>MX</arg>
<arg>MY</arg>
<arg>MZ</arg>
<arg>NA</arg>
<arg>NC</arg>
<arg>NE</arg>
<arg>NF</arg>
<arg>NG</arg>
<arg>NI</arg>
<arg>NL</arg>
<arg>NO</arg>
<arg>NP</arg>
<arg>NR</arg>
<arg>NU</arg>
<arg>NZ</arg>
<arg>OM</arg>
<arg>PA</arg>
<arg>PE</arg>
<arg>PF</arg>
<arg>PG</arg>
<arg>PH</arg>
<arg>PK</arg>
<arg>PL</arg>
<arg>PM</arg>
<arg>PN</arg>
<arg>PR</arg>
<arg>PS</arg>
<arg>PT</arg>
<arg>PW</arg>
<arg>PY</arg>
<arg>QA</arg>
<arg>RE</arg>
<arg>RO</arg>
<arg>RS</arg>
<arg>RU</arg>
<arg>RW</arg>
<arg>SA</arg>
<arg>SB</arg>
<arg>SC</arg>
<arg>SD</arg>
<arg>SE</arg>
<arg>SG</arg>
<arg>SH</arg>
<arg>SI</arg>
<arg>SJ</arg>
<arg>SK</arg>
<arg>SL</arg>
<arg>SM</arg>
<arg>SN</arg>
<arg>SO</arg>
<arg>SR</arg>
<arg>SS</arg>
<arg>ST</arg>
<arg>SV</arg>
<arg>SX</arg>
<arg>SY</arg>
<arg>SZ</arg>
<arg>TC</arg>
<arg>TD</arg>
<arg>TF</arg>
<arg>TG</arg>
<arg>TH</arg>
<arg>TJ</arg>
<arg>TK</arg>
<arg>TL</arg>
<arg>TM</arg>
<arg>TN</arg>
<arg>TO</arg>
<arg>TR</arg>
<arg>TT</arg>
<arg>TV</arg>
<arg>TW</arg>
<arg>TZ</arg>
<arg>UA</arg>
<arg>UG</arg>
<arg>UM</arg>
<arg>US</arg>
<arg>UY</arg>
<arg>UZ</arg>
<arg>VA</arg>
<arg>VC</arg>
<arg>VE</arg>
<arg>VG</arg>
<arg>VI</arg>
<arg>VN</arg>
<arg>VU</arg>
<arg>WF</arg>
<arg>WS</arg>
<arg>XK</arg>
<arg>YE</arg>
<arg>YT</arg>
<arg>ZA</arg>
<arg>ZM</arg>
<arg>ZW</arg>
<doc>Returns a list containing given items.</doc>
<status status="PASS" start="2024-04-29T19:11:01.756757" elapsed="0.000654"/>
</kw>
<kw name="List Should Contain Value" owner="Collections">
<msg time="2024-04-29T19:11:01.758415" level="INFO">False</msg>
<arg>${list_country}</arg>
<arg>${name_country}</arg>
<doc>Fails if the ``value`` is not found from ``list``.</doc>
<status status="PASS" start="2024-04-29T19:11:01.758215" elapsed="0.000236"/>
</kw>
<kw name="Run Keyword If" owner="BuiltIn">
<kw name="Should Be True" owner="BuiltIn">
<arg>${True}</arg>
<doc>Fails if the given condition is not true.</doc>
<status status="PASS" start="2024-04-29T19:11:01.759518" elapsed="0.000261"/>
</kw>
<arg>${json_data["results"][0]["location"]["coordinates"]["latitude"]} &gt;= -90 and ${json_data["results"][0]["location"]["coordinates"]["latitude"]} &lt;= 90</arg>
<arg>Should Be True</arg>
<arg>${True}</arg>
<doc>Runs the given keyword with the given arguments, if ``condition`` is true.</doc>
<status status="PASS" start="2024-04-29T19:11:01.758763" elapsed="0.001146"/>
</kw>
<kw name="Run Keyword If" owner="BuiltIn">
<kw name="Should Be True" owner="BuiltIn">
<arg>${True}</arg>
<doc>Fails if the given condition is not true.</doc>
<status status="PASS" start="2024-04-29T19:11:01.760803" elapsed="0.000138"/>
</kw>
<arg>${json_data["results"][0]["location"]["coordinates"]["longitude"]} &gt;= -180 and ${json_data["results"][0]["location"]["coordinates"]["longitude"]} &lt;= 180</arg>
<arg>Should Be True</arg>
<arg>${True}</arg>
<doc>Runs the given keyword with the given arguments, if ``condition`` is true.</doc>
<status status="PASS" start="2024-04-29T19:11:01.760098" elapsed="0.000967"/>
</kw>
<status status="PASS" start="2024-04-29T19:11:01.654003" elapsed="0.107192"/>
</kw>
<doc>Testa o conteúdo específico dos campos retornados pela API.</doc>
<tag>testeConteudo</tag>
<status status="PASS" start="2024-04-29T19:11:01.653549" elapsed="0.107843"/>
</test>
<status status="PASS" start="2024-04-29T19:11:00.823052" elapsed="0.940343"/>
</suite>
<status status="PASS" start="2024-04-29T19:11:00.809660" elapsed="0.958928"/>
</suite>
<statistics>
<total>
<stat pass="5" fail="0" skip="0">All Tests</stat>
</total>
<tag>
<stat pass="1" fail="0" skip="0">testeConteudo</stat>
<stat pass="1" fail="0" skip="0">testeEstruturaResposta</stat>
<stat pass="1" fail="0" skip="0">testeRequisicaoBasica</stat>
<stat pass="1" fail="0" skip="0">testeTiposDados</stat>
</tag>
<suite>
<stat pass="5" fail="0" skip="0" id="s1" name="Tests">Tests</stat>
<stat pass="5" fail="0" skip="0" id="s1-s1" name="Random-User-Test">Tests.Random-User-Test</stat>
</suite>
</statistics>
<errors>
</errors>
</robot>
