<?xml version="1.0" encoding="UTF-8"?>
<robot generator="Robot 7.0 (Python 3.12.2 on linux)" generated="2024-03-23T03:15:31.775394" rpa="false" schemaversion="5">
<suite id="s1" name="Tests" source="/home/runner/work/DesafioQAItauRogerioJordao/DesafioQAItauRogerioJordao/RamdonUser/tests">
<suite id="s1-s1" name="Random-User-Test" source="/home/runner/work/DesafioQAItauRogerioJordao/DesafioQAItauRogerioJordao/RamdonUser/tests/random-user-test.robot">
<test id="s1-s1-t1" name="Conectar" line="13">
<kw name="Conectar API" owner="random-user-service">
<kw name="Create Session" owner="RequestsLibrary">
<msg time="2024-03-23T03:15:32.115877" level="INFO">Creating Session using : alias=consultarAPI, url=https://randomuser.me/, headers={},                     cookies={}, auth=None, timeout=None, proxies=None, verify=False,                     debug=0 </msg>
<arg>consultarAPI</arg>
<arg>${URL}</arg>
<doc>Create Session: create a HTTP session to a server</doc>
<status status="PASS" start="2024-03-23T03:15:32.115652" elapsed="0.000384"/>
</kw>
<status status="PASS" start="2024-03-23T03:15:32.114687" elapsed="0.001692"/>
</kw>
<status status="PASS" start="2024-03-23T03:15:32.114188" elapsed="0.002394"/>
</test>
<test id="s1-s1-t2" name="Validar retorno 200 e JSON Válido" line="16">
<kw name="Teste de Requisicao Basica" owner="random-user-service">
<kw name="GET On Session" owner="RequestsLibrary">
<msg time="2024-03-23T03:15:32.188034" level="INFO">GET Request : url=https://randomuser.me/api 
 path_url=/api 
 headers={'User-Agent': 'python-requests/2.31.0', 'Accept-Encoding': 'gzip, deflate', 'Accept': '*/*', 'Connection': 'keep-alive'} 
 body=None 
 </msg>
<msg time="2024-03-23T03:15:32.188137" level="INFO">GET Response : url=https://randomuser.me/api 
 status=200, reason=OK 
 headers={'Date': 'Sat, 23 Mar 2024 03:15:32 GMT', 'Content-Type': 'application/json; charset=utf-8', 'Transfer-Encoding': 'chunked', 'Connection': 'keep-alive', 'X-Powered-By': 'Express', 'Access-Control-Allow-Origin': '*', 'Cache-Control': 'no-cache', 'ETag': 'W/"496-YMDy6aNOUwWTgTvciC1mTbTrTqE"', 'Vary': 'Accept-Encoding', 'Content-Encoding': 'gzip', 'CF-Cache-Status': 'DYNAMIC', 'Report-To': '{"endpoints":[{"url":"https:\\/\\/a.nel.cloudflare.com\\/report\\/v4?s=o%2FXgGrSdwYZM%2FoOeuRIFCmpXykLZzZsioZc5mPUBvZ5VAUtIziypM5QcEVbDzWdjKCaYH%2BIrAXNuG69vUNPOGdWTjW%2B%2FXk6eTQVmFPHx5LxjShZyPgOnOKDb%2BgFun%2Fbw"}],"group":"cf-nel","max_age":604800}', 'NEL': '{"success_fraction":0,"report_to":"cf-nel","max_age":604800}', 'Server': 'cloudflare', 'CF-RAY': '868b41edfe380a99-IAD', 'alt-svc': 'h3=":443"; ma=86400'} 
 body={"results":[{"gender":"male","name":{"title":"Mr","first":"Alex","last":"Brunet"},"location":{"street":{"number":606,"name":"Place de L'Église"},"city":"Montreuil","state":"Gard","country":"France","postcode":60074,"coordinates":{"latitude":"-14.5917","longitude":"-15.1905"},"timezone":{"offset":"+5:30","description":"Bombay, Calcutta, Madras, New Delhi"}},"email":"alex.brunet@example.com","login":{"uuid":"01b04848-5b08-474b-b0f3-0109b829cb1c","username":"yellowelephant108","password":"1701","salt":"uQbGCpTS","md5":"88203f6ef1c5e69c12adf029ac6817c7","sha1":"b63bc046ad144bd6eab307868ec5b9411df6b389","sha256":"c24ca3b6385c2b4bbfcbe46a92f09d2718781caea05e7361899e2ae727b8d025"},"dob":{"date":"1948-12-29T00:46:21.801Z","age":75},"registered":{"date":"2002-05-31T15:31:59.679Z","age":21},"phone":"04-51-67-71-82","cell":"06-87-41-31-86","id":{"name":"INSEE","value":"1481147971529 20"},"picture":{"large":"https://randomuser.me/api/portraits/men/61.jpg","medium":"https://randomuser.me/api/portraits/med/men/61.jpg","thumbnail":"https://randomuser.me/api/portraits/thumb/men/61.jpg"},"nat":"FR"}],"info":{"seed":"afe25c0a13d14cd2","results":1,"page":1,"version":"1.4"}} 
 </msg>
<msg time="2024-03-23T03:15:32.188231" level="INFO">/opt/hostedtoolcache/Python/3.12.2/x64/lib/python3.12/site-packages/urllib3/connectionpool.py:1103: InsecureRequestWarning: Unverified HTTPS request is being made to host 'randomuser.me'. Adding certificate verification is strongly advised. See: https://urllib3.readthedocs.io/en/latest/advanced-usage.html#tls-warnings
  warnings.warn(</msg>
<msg time="2024-03-23T03:15:32.188348" level="INFO">${response} = &lt;Response [200]&gt;</msg>
<var>${response}</var>
<arg>consultarAPI</arg>
<arg>/api</arg>
<doc>Sends a GET request on a previously created HTTP Session.</doc>
<status status="PASS" start="2024-03-23T03:15:32.119141" elapsed="0.069249"/>
</kw>
<kw name="Should Be Equal As Numbers" owner="BuiltIn">
<msg time="2024-03-23T03:15:32.189247" level="INFO">Argument types are:
&lt;class 'int'&gt;
&lt;class 'str'&gt;</msg>
<arg>${response.status_code}</arg>
<arg>200</arg>
<doc>Fails if objects are unequal after converting them to real numbers.</doc>
<status status="PASS" start="2024-03-23T03:15:32.188848" elapsed="0.000462"/>
</kw>
<kw name="Log" owner="BuiltIn">
<msg time="2024-03-23T03:15:32.189980" level="INFO">200</msg>
<arg>${response.status_code}</arg>
<doc>Logs the given message with the given level.</doc>
<status status="PASS" start="2024-03-23T03:15:32.189628" elapsed="0.000395"/>
</kw>
<kw name="Set Variable" owner="BuiltIn">
<msg time="2024-03-23T03:15:32.190772" level="INFO">${json_data} = {'results': [{'gender': 'male', 'name': {'title': 'Mr', 'first': 'Alex', 'last': 'Brunet'}, 'location': {'street': {'number': 606, 'name': "Place de L'Église"}, 'city': 'Montreuil', 'state': 'Gard', '...</msg>
<var>${json_data}</var>
<arg>${response.json()}</arg>
<doc>Returns the given values which can then be assigned to a variables.</doc>
<status status="PASS" start="2024-03-23T03:15:32.190340" elapsed="0.000463"/>
</kw>
<kw name="Dictionary Should Contain Key" owner="Collections">
<msg time="2024-03-23T03:15:32.191268" level="INFO">False</msg>
<arg>${json_data}</arg>
<arg>results</arg>
<doc>Fails if ``key`` is not found from ``dictionary``.</doc>
<status status="PASS" start="2024-03-23T03:15:32.191104" elapsed="0.000204"/>
</kw>
<status status="PASS" start="2024-03-23T03:15:32.118891" elapsed="0.072685"/>
</kw>
<doc>Testa se a API responde corretamente e retorna um objeto JSON válido.</doc>
<tag>testeRequisicaoBasica</tag>
<status status="PASS" start="2024-03-23T03:15:32.118429" elapsed="0.073345"/>
</test>
<test id="s1-s1-t3" name="Validar estrutura de resposta" line="22">
<kw name="Teste de Estrutura de Resposta" owner="random-user-service">
<kw name="GET On Session" owner="RequestsLibrary">
<msg time="2024-03-23T03:15:32.329824" level="INFO">GET Request : url=https://randomuser.me/api 
 path_url=/api 
 headers={'User-Agent': 'python-requests/2.31.0', 'Accept-Encoding': 'gzip, deflate', 'Accept': '*/*', 'Connection': 'keep-alive'} 
 body=None 
 </msg>
<msg time="2024-03-23T03:15:32.329915" level="INFO">GET Response : url=https://randomuser.me/api 
 status=200, reason=OK 
 headers={'Date': 'Sat, 23 Mar 2024 03:15:32 GMT', 'Content-Type': 'application/json; charset=utf-8', 'Transfer-Encoding': 'chunked', 'Connection': 'keep-alive', 'X-Powered-By': 'Express', 'Access-Control-Allow-Origin': '*', 'Cache-Control': 'no-cache', 'ETag': 'W/"49d-M4IIh1AUqCUWbUYl+NZ/QCUapU0"', 'Vary': 'Accept-Encoding', 'Content-Encoding': 'gzip', 'CF-Cache-Status': 'DYNAMIC', 'Report-To': '{"endpoints":[{"url":"https:\\/\\/a.nel.cloudflare.com\\/report\\/v4?s=pGk5ksr%2F0pIuaJsPdqmk6M3ZZTQhymBTvdso%2BtJod1TTnw1I9JzHkYejoI3YWAiNz4Igg62PvY0%2BWM1cqcP%2F8QiHKgAZ8KgSRXR0Aad3iSGnmbuCODoNzvNu3fD54gZ%2B"}],"group":"cf-nel","max_age":604800}', 'NEL': '{"success_fraction":0,"report_to":"cf-nel","max_age":604800}', 'Server': 'cloudflare', 'CF-RAY': '868b41ee3e800a99-IAD', 'alt-svc': 'h3=":443"; ma=86400'} 
 body={"results":[{"gender":"male","name":{"title":"Mr","first":"بردیا","last":"گلشن"},"location":{"street":{"number":1827,"name":"میدان حر"},"city":"شیراز","state":"سیستان و بلوچستان","country":"Iran","postcode":74332,"coordinates":{"latitude":"13.5722","longitude":"-87.4661"},"timezone":{"offset":"+10:00","description":"Eastern Australia, Guam, Vladivostok"}},"email":"brdy.glshn@example.com","login":{"uuid":"4ff2b97b-0bb9-48dd-ac82-ef4a267ecffa","username":"orangedog896","password":"sharp","salt":"dRSJHZZx","md5":"ba838e81d4e6d35191398e8f6c830e27","sha1":"8267490c6a29c55d2392f52806d64a9572d71328","sha256":"86731d1cffc2a72770ee2f274f4531262ae16fe1c43a8c338c746752d7ce13f4"},"dob":{"date":"1998-12-21T19:40:46.997Z","age":25},"registered":{"date":"2007-05-01T15:11:03.817Z","age":16},"phone":"013-48799604","cell":"0982-882-2817","id":{"name":"","value":null},"picture":{"large":"https://randomuser.me/api/portraits/men/68.jpg","medium":"https://randomuser.me/api/portraits/med/men/68.jpg","thumbnail":"https://randomuser.me/api/portraits/thumb/men/68.jpg"},"nat":"IR"}],"info":{"seed":"4c5c6c018b515ec2","results":1,"page":1,"version":"1.4"}} 
 </msg>
<msg time="2024-03-23T03:15:32.330056" level="INFO">/opt/hostedtoolcache/Python/3.12.2/x64/lib/python3.12/site-packages/urllib3/connectionpool.py:1103: InsecureRequestWarning: Unverified HTTPS request is being made to host 'randomuser.me'. Adding certificate verification is strongly advised. See: https://urllib3.readthedocs.io/en/latest/advanced-usage.html#tls-warnings
  warnings.warn(</msg>
<msg time="2024-03-23T03:15:32.330161" level="INFO">${response} = &lt;Response [200]&gt;</msg>
<var>${response}</var>
<arg>consultarAPI</arg>
<arg>/api</arg>
<doc>Sends a GET request on a previously created HTTP Session.</doc>
<status status="PASS" start="2024-03-23T03:15:32.194391" elapsed="0.135794"/>
</kw>
<kw name="Set Variable" owner="BuiltIn">
<msg time="2024-03-23T03:15:32.331076" level="INFO">${json_data} = {'results': [{'gender': 'male', 'name': {'title': 'Mr', 'first': 'بردیا', 'last': 'گلشن'}, 'location': {'street': {'number': 1827, 'name': 'میدان حر'}, 'city': 'شیراز', 'state': 'سیستان و بلوچستان', '...</msg>
<var>${json_data}</var>
<arg>${response.json()}</arg>
<doc>Returns the given values which can then be assigned to a variables.</doc>
<status status="PASS" start="2024-03-23T03:15:32.330514" elapsed="0.000594"/>
</kw>
<kw name="Log" owner="BuiltIn">
<msg time="2024-03-23T03:15:32.331593" level="INFO">{'results': [{'gender': 'male', 'name': {'title': 'Mr', 'first': 'بردیا', 'last': 'گلشن'}, 'location': {'street': {'number': 1827, 'name': 'میدان حر'}, 'city': 'شیراز', 'state': 'سیستان و بلوچستان', 'country': 'Iran', 'postcode': 74332, 'coordinates': {'latitude': '13.5722', 'longitude': '-87.4661'}, 'timezone': {'offset': '+10:00', 'description': 'Eastern Australia, Guam, Vladivostok'}}, 'email': 'brdy.glshn@example.com', 'login': {'uuid': '4ff2b97b-0bb9-48dd-ac82-ef4a267ecffa', 'username': 'orangedog896', 'password': 'sharp', 'salt': 'dRSJHZZx', 'md5': 'ba838e81d4e6d35191398e8f6c830e27', 'sha1': '8267490c6a29c55d2392f52806d64a9572d71328', 'sha256': '86731d1cffc2a72770ee2f274f4531262ae16fe1c43a8c338c746752d7ce13f4'}, 'dob': {'date': '1998-12-21T19:40:46.997Z', 'age': 25}, 'registered': {'date': '2007-05-01T15:11:03.817Z', 'age': 16}, 'phone': '013-48799604', 'cell': '0982-882-2817', 'id': {'name': '', 'value': None}, 'picture': {'large': 'https://randomuser.me/api/portraits/men/68.jpg', 'medium': 'https://randomuser.me/api/portraits/med/men/68.jpg', 'thumbnail': 'https://randomuser.me/api/portraits/thumb/men/68.jpg'}, 'nat': 'IR'}], 'info': {'seed': '4c5c6c018b515ec2', 'results': 1, 'page': 1, 'version': '1.4'}}</msg>
<arg>${json_data}</arg>
<doc>Logs the given message with the given level.</doc>
<status status="PASS" start="2024-03-23T03:15:32.331430" elapsed="0.000216"/>
</kw>
<kw name="Dictionary Should Contain Key" owner="Collections">
<msg time="2024-03-23T03:15:32.332187" level="INFO">False</msg>
<arg>${json_data}</arg>
<arg>results</arg>
<doc>Fails if ``key`` is not found from ``dictionary``.</doc>
<status status="PASS" start="2024-03-23T03:15:32.332033" elapsed="0.000193"/>
</kw>
<kw name="Should Not Be Empty" owner="BuiltIn">
<msg time="2024-03-23T03:15:32.332655" level="INFO">Length is 2.</msg>
<arg>${json_data}</arg>
<doc>Verifies that the given item is not empty.</doc>
<status status="PASS" start="2024-03-23T03:15:32.332524" elapsed="0.000171"/>
</kw>
<kw name="Create List" owner="BuiltIn">
<msg time="2024-03-23T03:15:32.333137" level="INFO">${expected_keys} = ['gender', 'name', 'location', 'email', 'login']</msg>
<var>${expected_keys}</var>
<arg>gender</arg>
<arg>name</arg>
<arg>location</arg>
<arg>email</arg>
<arg>login</arg>
<doc>Returns a list containing given items.</doc>
<status status="PASS" start="2024-03-23T03:15:32.332988" elapsed="0.000172"/>
</kw>
<for flavor="IN">
<iter>
<kw name="Dictionary Should Contain Key" owner="Collections">
<msg time="2024-03-23T03:15:32.334097" level="INFO">False</msg>
<arg>${json_data['results'][0]}</arg>
<arg>${key}</arg>
<doc>Fails if ``key`` is not found from ``dictionary``.</doc>
<status status="PASS" start="2024-03-23T03:15:32.333694" elapsed="0.000443"/>
</kw>
<kw name="Log" owner="BuiltIn">
<msg time="2024-03-23T03:15:32.334810" level="INFO">{'gender': 'male', 'name': {'title': 'Mr', 'first': 'بردیا', 'last': 'گلشن'}, 'location': {'street': {'number': 1827, 'name': 'میدان حر'}, 'city': 'شیراز', 'state': 'سیستان و بلوچستان', 'country': 'Iran', 'postcode': 74332, 'coordinates': {'latitude': '13.5722', 'longitude': '-87.4661'}, 'timezone': {'offset': '+10:00', 'description': 'Eastern Australia, Guam, Vladivostok'}}, 'email': 'brdy.glshn@example.com', 'login': {'uuid': '4ff2b97b-0bb9-48dd-ac82-ef4a267ecffa', 'username': 'orangedog896', 'password': 'sharp', 'salt': 'dRSJHZZx', 'md5': 'ba838e81d4e6d35191398e8f6c830e27', 'sha1': '8267490c6a29c55d2392f52806d64a9572d71328', 'sha256': '86731d1cffc2a72770ee2f274f4531262ae16fe1c43a8c338c746752d7ce13f4'}, 'dob': {'date': '1998-12-21T19:40:46.997Z', 'age': 25}, 'registered': {'date': '2007-05-01T15:11:03.817Z', 'age': 16}, 'phone': '013-48799604', 'cell': '0982-882-2817', 'id': {'name': '', 'value': None}, 'picture': {'large': 'https://randomuser.me/api/portraits/men/68.jpg', 'medium': 'https://randomuser.me/api/portraits/med/men/68.jpg', 'thumbnail': 'https://randomuser.me/api/portraits/thumb/men/68.jpg'}, 'nat': 'IR'}</msg>
<arg>${json_data['results'][0]}</arg>
<doc>Logs the given message with the given level.</doc>
<status status="PASS" start="2024-03-23T03:15:32.334445" elapsed="0.000424"/>
</kw>
<kw name="Log" owner="BuiltIn">
<msg time="2024-03-23T03:15:32.335310" level="INFO">gender</msg>
<arg>${key}</arg>
<doc>Logs the given message with the given level.</doc>
<status status="PASS" start="2024-03-23T03:15:32.335178" elapsed="0.000171"/>
</kw>
<var name="${key}">gender</var>
<status status="PASS" start="2024-03-23T03:15:32.333570" elapsed="0.001998"/>
</iter>
<iter>
<kw name="Dictionary Should Contain Key" owner="Collections">
<msg time="2024-03-23T03:15:32.336305" level="INFO">False</msg>
<arg>${json_data['results'][0]}</arg>
<arg>${key}</arg>
<doc>Fails if ``key`` is not found from ``dictionary``.</doc>
<status status="PASS" start="2024-03-23T03:15:32.335914" elapsed="0.000464"/>
</kw>
<kw name="Log" owner="BuiltIn">
<msg time="2024-03-23T03:15:32.337049" level="INFO">{'gender': 'male', 'name': {'title': 'Mr', 'first': 'بردیا', 'last': 'گلشن'}, 'location': {'street': {'number': 1827, 'name': 'میدان حر'}, 'city': 'شیراز', 'state': 'سیستان و بلوچستان', 'country': 'Iran', 'postcode': 74332, 'coordinates': {'latitude': '13.5722', 'longitude': '-87.4661'}, 'timezone': {'offset': '+10:00', 'description': 'Eastern Australia, Guam, Vladivostok'}}, 'email': 'brdy.glshn@example.com', 'login': {'uuid': '4ff2b97b-0bb9-48dd-ac82-ef4a267ecffa', 'username': 'orangedog896', 'password': 'sharp', 'salt': 'dRSJHZZx', 'md5': 'ba838e81d4e6d35191398e8f6c830e27', 'sha1': '8267490c6a29c55d2392f52806d64a9572d71328', 'sha256': '86731d1cffc2a72770ee2f274f4531262ae16fe1c43a8c338c746752d7ce13f4'}, 'dob': {'date': '1998-12-21T19:40:46.997Z', 'age': 25}, 'registered': {'date': '2007-05-01T15:11:03.817Z', 'age': 16}, 'phone': '013-48799604', 'cell': '0982-882-2817', 'id': {'name': '', 'value': None}, 'picture': {'large': 'https://randomuser.me/api/portraits/men/68.jpg', 'medium': 'https://randomuser.me/api/portraits/med/men/68.jpg', 'thumbnail': 'https://randomuser.me/api/portraits/thumb/men/68.jpg'}, 'nat': 'IR'}</msg>
<arg>${json_data['results'][0]}</arg>
<doc>Logs the given message with the given level.</doc>
<status status="PASS" start="2024-03-23T03:15:32.336690" elapsed="0.000411"/>
</kw>
<kw name="Log" owner="BuiltIn">
<msg time="2024-03-23T03:15:32.337532" level="INFO">name</msg>
<arg>${key}</arg>
<doc>Logs the given message with the given level.</doc>
<status status="PASS" start="2024-03-23T03:15:32.337404" elapsed="0.000168"/>
</kw>
<var name="${key}">name</var>
<status status="PASS" start="2024-03-23T03:15:32.335787" elapsed="0.002005"/>
</iter>
<iter>
<kw name="Dictionary Should Contain Key" owner="Collections">
<msg time="2024-03-23T03:15:32.338463" level="INFO">False</msg>
<arg>${json_data['results'][0]}</arg>
<arg>${key}</arg>
<doc>Fails if ``key`` is not found from ``dictionary``.</doc>
<status status="PASS" start="2024-03-23T03:15:32.338086" elapsed="0.000415"/>
</kw>
<kw name="Log" owner="BuiltIn">
<msg time="2024-03-23T03:15:32.339157" level="INFO">{'gender': 'male', 'name': {'title': 'Mr', 'first': 'بردیا', 'last': 'گلشن'}, 'location': {'street': {'number': 1827, 'name': 'میدان حر'}, 'city': 'شیراز', 'state': 'سیستان و بلوچستان', 'country': 'Iran', 'postcode': 74332, 'coordinates': {'latitude': '13.5722', 'longitude': '-87.4661'}, 'timezone': {'offset': '+10:00', 'description': 'Eastern Australia, Guam, Vladivostok'}}, 'email': 'brdy.glshn@example.com', 'login': {'uuid': '4ff2b97b-0bb9-48dd-ac82-ef4a267ecffa', 'username': 'orangedog896', 'password': 'sharp', 'salt': 'dRSJHZZx', 'md5': 'ba838e81d4e6d35191398e8f6c830e27', 'sha1': '8267490c6a29c55d2392f52806d64a9572d71328', 'sha256': '86731d1cffc2a72770ee2f274f4531262ae16fe1c43a8c338c746752d7ce13f4'}, 'dob': {'date': '1998-12-21T19:40:46.997Z', 'age': 25}, 'registered': {'date': '2007-05-01T15:11:03.817Z', 'age': 16}, 'phone': '013-48799604', 'cell': '0982-882-2817', 'id': {'name': '', 'value': None}, 'picture': {'large': 'https://randomuser.me/api/portraits/men/68.jpg', 'medium': 'https://randomuser.me/api/portraits/med/men/68.jpg', 'thumbnail': 'https://randomuser.me/api/portraits/thumb/men/68.jpg'}, 'nat': 'IR'}</msg>
<arg>${json_data['results'][0]}</arg>
<doc>Logs the given message with the given level.</doc>
<status status="PASS" start="2024-03-23T03:15:32.338799" elapsed="0.000414"/>
</kw>
<kw name="Log" owner="BuiltIn">
<msg time="2024-03-23T03:15:32.339637" level="INFO">location</msg>
<arg>${key}</arg>
<doc>Logs the given message with the given level.</doc>
<status status="PASS" start="2024-03-23T03:15:32.339510" elapsed="0.000166"/>
</kw>
<var name="${key}">location</var>
<status status="PASS" start="2024-03-23T03:15:32.337974" elapsed="0.001962"/>
</iter>
<iter>
<kw name="Dictionary Should Contain Key" owner="Collections">
<msg time="2024-03-23T03:15:32.340603" level="INFO">False</msg>
<arg>${json_data['results'][0]}</arg>
<arg>${key}</arg>
<doc>Fails if ``key`` is not found from ``dictionary``.</doc>
<status status="PASS" start="2024-03-23T03:15:32.340224" elapsed="0.000418"/>
</kw>
<kw name="Log" owner="BuiltIn">
<msg time="2024-03-23T03:15:32.341303" level="INFO">{'gender': 'male', 'name': {'title': 'Mr', 'first': 'بردیا', 'last': 'گلشن'}, 'location': {'street': {'number': 1827, 'name': 'میدان حر'}, 'city': 'شیراز', 'state': 'سیستان و بلوچستان', 'country': 'Iran', 'postcode': 74332, 'coordinates': {'latitude': '13.5722', 'longitude': '-87.4661'}, 'timezone': {'offset': '+10:00', 'description': 'Eastern Australia, Guam, Vladivostok'}}, 'email': 'brdy.glshn@example.com', 'login': {'uuid': '4ff2b97b-0bb9-48dd-ac82-ef4a267ecffa', 'username': 'orangedog896', 'password': 'sharp', 'salt': 'dRSJHZZx', 'md5': 'ba838e81d4e6d35191398e8f6c830e27', 'sha1': '8267490c6a29c55d2392f52806d64a9572d71328', 'sha256': '86731d1cffc2a72770ee2f274f4531262ae16fe1c43a8c338c746752d7ce13f4'}, 'dob': {'date': '1998-12-21T19:40:46.997Z', 'age': 25}, 'registered': {'date': '2007-05-01T15:11:03.817Z', 'age': 16}, 'phone': '013-48799604', 'cell': '0982-882-2817', 'id': {'name': '', 'value': None}, 'picture': {'large': 'https://randomuser.me/api/portraits/men/68.jpg', 'medium': 'https://randomuser.me/api/portraits/med/men/68.jpg', 'thumbnail': 'https://randomuser.me/api/portraits/thumb/men/68.jpg'}, 'nat': 'IR'}</msg>
<arg>${json_data['results'][0]}</arg>
<doc>Logs the given message with the given level.</doc>
<status status="PASS" start="2024-03-23T03:15:32.340940" elapsed="0.000414"/>
</kw>
<kw name="Log" owner="BuiltIn">
<msg time="2024-03-23T03:15:32.341787" level="INFO">email</msg>
<arg>${key}</arg>
<doc>Logs the given message with the given level.</doc>
<status status="PASS" start="2024-03-23T03:15:32.341652" elapsed="0.000175"/>
</kw>
<var name="${key}">email</var>
<status status="PASS" start="2024-03-23T03:15:32.340112" elapsed="0.001930"/>
</iter>
<iter>
<kw name="Dictionary Should Contain Key" owner="Collections">
<msg time="2024-03-23T03:15:32.342716" level="INFO">False</msg>
<arg>${json_data['results'][0]}</arg>
<arg>${key}</arg>
<doc>Fails if ``key`` is not found from ``dictionary``.</doc>
<status status="PASS" start="2024-03-23T03:15:32.342329" elapsed="0.000425"/>
</kw>
<kw name="Log" owner="BuiltIn">
<msg time="2024-03-23T03:15:32.343415" level="INFO">{'gender': 'male', 'name': {'title': 'Mr', 'first': 'بردیا', 'last': 'گلشن'}, 'location': {'street': {'number': 1827, 'name': 'میدان حر'}, 'city': 'شیراز', 'state': 'سیستان و بلوچستان', 'country': 'Iran', 'postcode': 74332, 'coordinates': {'latitude': '13.5722', 'longitude': '-87.4661'}, 'timezone': {'offset': '+10:00', 'description': 'Eastern Australia, Guam, Vladivostok'}}, 'email': 'brdy.glshn@example.com', 'login': {'uuid': '4ff2b97b-0bb9-48dd-ac82-ef4a267ecffa', 'username': 'orangedog896', 'password': 'sharp', 'salt': 'dRSJHZZx', 'md5': 'ba838e81d4e6d35191398e8f6c830e27', 'sha1': '8267490c6a29c55d2392f52806d64a9572d71328', 'sha256': '86731d1cffc2a72770ee2f274f4531262ae16fe1c43a8c338c746752d7ce13f4'}, 'dob': {'date': '1998-12-21T19:40:46.997Z', 'age': 25}, 'registered': {'date': '2007-05-01T15:11:03.817Z', 'age': 16}, 'phone': '013-48799604', 'cell': '0982-882-2817', 'id': {'name': '', 'value': None}, 'picture': {'large': 'https://randomuser.me/api/portraits/men/68.jpg', 'medium': 'https://randomuser.me/api/portraits/med/men/68.jpg', 'thumbnail': 'https://randomuser.me/api/portraits/thumb/men/68.jpg'}, 'nat': 'IR'}</msg>
<arg>${json_data['results'][0]}</arg>
<doc>Logs the given message with the given level.</doc>
<status status="PASS" start="2024-03-23T03:15:32.343050" elapsed="0.000416"/>
</kw>
<kw name="Log" owner="BuiltIn">
<msg time="2024-03-23T03:15:32.343949" level="INFO">login</msg>
<arg>${key}</arg>
<doc>Logs the given message with the given level.</doc>
<status status="PASS" start="2024-03-23T03:15:32.343809" elapsed="0.000285"/>
</kw>
<var name="${key}">login</var>
<status status="PASS" start="2024-03-23T03:15:32.342213" elapsed="0.002133"/>
</iter>
<var>${key}</var>
<value>@{expected_keys}</value>
<status status="PASS" start="2024-03-23T03:15:32.333393" elapsed="0.011080"/>
</for>
<kw name="Create List" owner="BuiltIn">
<msg time="2024-03-23T03:15:32.344810" level="INFO">${expected_keysTwo} = ['username', 'password']</msg>
<var>${expected_keysTwo}</var>
<arg>username</arg>
<arg>password</arg>
<doc>Returns a list containing given items.</doc>
<status status="PASS" start="2024-03-23T03:15:32.344669" elapsed="0.000165"/>
</kw>
<for flavor="IN">
<iter>
<kw name="Dictionary Should Contain Key" owner="Collections">
<msg time="2024-03-23T03:15:32.345720" level="INFO">False</msg>
<arg>${json_data['results'][0]['login']}</arg>
<arg>${keyTwo}</arg>
<doc>Fails if ``key`` is not found from ``dictionary``.</doc>
<status status="PASS" start="2024-03-23T03:15:32.345337" elapsed="0.000422"/>
</kw>
<kw name="Dictionary Should Contain Key" owner="Collections">
<msg time="2024-03-23T03:15:32.346429" level="INFO">False</msg>
<arg>${json_data['results'][0]['login']}</arg>
<arg>${keyTwo}</arg>
<doc>Fails if ``key`` is not found from ``dictionary``.</doc>
<status status="PASS" start="2024-03-23T03:15:32.346053" elapsed="0.000415"/>
</kw>
<kw name="Log" owner="BuiltIn">
<msg time="2024-03-23T03:15:32.346892" level="INFO">username</msg>
<arg>${keyTwo}</arg>
<doc>Logs the given message with the given level.</doc>
<status status="PASS" start="2024-03-23T03:15:32.346764" elapsed="0.000166"/>
</kw>
<var name="${keyTwo}">username</var>
<status status="PASS" start="2024-03-23T03:15:32.345226" elapsed="0.001918"/>
</iter>
<iter>
<kw name="Dictionary Should Contain Key" owner="Collections">
<msg time="2024-03-23T03:15:32.347845" level="INFO">False</msg>
<arg>${json_data['results'][0]['login']}</arg>
<arg>${keyTwo}</arg>
<doc>Fails if ``key`` is not found from ``dictionary``.</doc>
<status status="PASS" start="2024-03-23T03:15:32.347430" elapsed="0.000454"/>
</kw>
<kw name="Dictionary Should Contain Key" owner="Collections">
<msg time="2024-03-23T03:15:32.348551" level="INFO">False</msg>
<arg>${json_data['results'][0]['login']}</arg>
<arg>${keyTwo}</arg>
<doc>Fails if ``key`` is not found from ``dictionary``.</doc>
<status status="PASS" start="2024-03-23T03:15:32.348178" elapsed="0.000411"/>
</kw>
<kw name="Log" owner="BuiltIn">
<msg time="2024-03-23T03:15:32.349007" level="INFO">password</msg>
<arg>${keyTwo}</arg>
<doc>Logs the given message with the given level.</doc>
<status status="PASS" start="2024-03-23T03:15:32.348880" elapsed="0.000166"/>
</kw>
<var name="${keyTwo}">password</var>
<status status="PASS" start="2024-03-23T03:15:32.347320" elapsed="0.001941"/>
</iter>
<var>${keyTwo}</var>
<value>@{expected_keysTwo}</value>
<status status="PASS" start="2024-03-23T03:15:32.345073" elapsed="0.004309"/>
</for>
<status status="PASS" start="2024-03-23T03:15:32.194159" elapsed="0.155363"/>
</kw>
<doc>Testa a estrutura da resposta da API.</doc>
<tag>testeEstruturaResposta</tag>
<status status="PASS" start="2024-03-23T03:15:32.193556" elapsed="0.156117"/>
</test>
<test id="s1-s1-t4" name="Validar tipos de dados" line="28">
<kw name="Teste de Tipos de Dados" owner="random-user-service">
<kw name="GET On Session" owner="RequestsLibrary">
<msg time="2024-03-23T03:15:32.395430" level="INFO">GET Request : url=https://randomuser.me/api 
 path_url=/api 
 headers={'User-Agent': 'python-requests/2.31.0', 'Accept-Encoding': 'gzip, deflate', 'Accept': '*/*', 'Connection': 'keep-alive'} 
 body=None 
 </msg>
<msg time="2024-03-23T03:15:32.395496" level="INFO">GET Response : url=https://randomuser.me/api 
 status=200, reason=OK 
 headers={'Date': 'Sat, 23 Mar 2024 03:15:32 GMT', 'Content-Type': 'application/json; charset=utf-8', 'Transfer-Encoding': 'chunked', 'Connection': 'keep-alive', 'X-Powered-By': 'Express', 'Access-Control-Allow-Origin': '*', 'Cache-Control': 'no-cache', 'ETag': 'W/"47d-GWXBHx1DoAKt3UwtIt/P4MlWydk"', 'Vary': 'Accept-Encoding', 'Content-Encoding': 'gzip', 'CF-Cache-Status': 'DYNAMIC', 'Report-To': '{"endpoints":[{"url":"https:\\/\\/a.nel.cloudflare.com\\/report\\/v4?s=mmVsa0nKlXvkC1JDtCI%2Bjotn0CqebijQp4o7z6t1QX76UItQyOIV2DG9EkzwSxhzV3I3zltj3RAODoxT0B3BiqtVuCxjiS0bIW6Nl46HWEVUpVwot%2F5GPVrCXHh8jkpE"}],"group":"cf-nel","max_age":604800}', 'NEL': '{"success_fraction":0,"report_to":"cf-nel","max_age":604800}', 'Server': 'cloudflare', 'CF-RAY': '868b41ef3fa70a99-IAD', 'alt-svc': 'h3=":443"; ma=86400'} 
 body={"results":[{"gender":"male","name":{"title":"Mr","first":"Neo","last":"Shala"},"location":{"street":{"number":2115,"name":"Stjerneblokkveien"},"city":"Brunstad","state":"Vestfold","country":"Norway","postcode":"0024","coordinates":{"latitude":"41.7056","longitude":"-151.2378"},"timezone":{"offset":"+9:00","description":"Tokyo, Seoul, Osaka, Sapporo, Yakutsk"}},"email":"neo.shala@example.com","login":{"uuid":"abe3d1f0-ad61-4958-b3a2-7a5160c1e400","username":"redcat523","password":"chestnut","salt":"OZxgIxGm","md5":"eb0998a7f5b5f6c0f32682f593e82707","sha1":"3d41a6b0f8ce9c129c2161368b45cbf14f8aa553","sha256":"565720e42a842a1416abbcda00543785658a62dd0fa6df301a031344f53bb51f"},"dob":{"date":"1981-08-30T02:54:40.505Z","age":42},"registered":{"date":"2009-09-19T15:17:18.613Z","age":14},"phone":"50709300","cell":"94360672","id":{"name":"FN","value":"30088149382"},"picture":{"large":"https://randomuser.me/api/portraits/men/8.jpg","medium":"https://randomuser.me/api/portraits/med/men/8.jpg","thumbnail":"https://randomuser.me/api/portraits/thumb/men/8.jpg"},"nat":"NO"}],"info":{"seed":"da82dfb90fedf570","results":1,"page":1,"version":"1.4"}} 
 </msg>
<msg time="2024-03-23T03:15:32.395551" level="INFO">/opt/hostedtoolcache/Python/3.12.2/x64/lib/python3.12/site-packages/urllib3/connectionpool.py:1103: InsecureRequestWarning: Unverified HTTPS request is being made to host 'randomuser.me'. Adding certificate verification is strongly advised. See: https://urllib3.readthedocs.io/en/latest/advanced-usage.html#tls-warnings
  warnings.warn(</msg>
<msg time="2024-03-23T03:15:32.395654" level="INFO">${response} = &lt;Response [200]&gt;</msg>
<var>${response}</var>
<arg>consultarAPI</arg>
<arg>/api</arg>
<doc>Sends a GET request on a previously created HTTP Session.</doc>
<status status="PASS" start="2024-03-23T03:15:32.352183" elapsed="0.043510"/>
</kw>
<kw name="Set Variable" owner="BuiltIn">
<msg time="2024-03-23T03:15:32.396703" level="INFO">${json_data} = {'results': [{'gender': 'male', 'name': {'title': 'Mr', 'first': 'Neo', 'last': 'Shala'}, 'location': {'street': {'number': 2115, 'name': 'Stjerneblokkveien'}, 'city': 'Brunstad', 'state': 'Vestfold',...</msg>
<var>${json_data}</var>
<arg>${response.json()}</arg>
<doc>Returns the given values which can then be assigned to a variables.</doc>
<status status="PASS" start="2024-03-23T03:15:32.396171" elapsed="0.000560"/>
</kw>
<kw name="Log" owner="BuiltIn">
<msg time="2024-03-23T03:15:32.397198" level="INFO">{'results': [{'gender': 'male', 'name': {'title': 'Mr', 'first': 'Neo', 'last': 'Shala'}, 'location': {'street': {'number': 2115, 'name': 'Stjerneblokkveien'}, 'city': 'Brunstad', 'state': 'Vestfold', 'country': 'Norway', 'postcode': '0024', 'coordinates': {'latitude': '41.7056', 'longitude': '-151.2378'}, 'timezone': {'offset': '+9:00', 'description': 'Tokyo, Seoul, Osaka, Sapporo, Yakutsk'}}, 'email': 'neo.shala@example.com', 'login': {'uuid': 'abe3d1f0-ad61-4958-b3a2-7a5160c1e400', 'username': 'redcat523', 'password': 'chestnut', 'salt': 'OZxgIxGm', 'md5': 'eb0998a7f5b5f6c0f32682f593e82707', 'sha1': '3d41a6b0f8ce9c129c2161368b45cbf14f8aa553', 'sha256': '565720e42a842a1416abbcda00543785658a62dd0fa6df301a031344f53bb51f'}, 'dob': {'date': '1981-08-30T02:54:40.505Z', 'age': 42}, 'registered': {'date': '2009-09-19T15:17:18.613Z', 'age': 14}, 'phone': '50709300', 'cell': '94360672', 'id': {'name': 'FN', 'value': '30088149382'}, 'picture': {'large': 'https://randomuser.me/api/portraits/men/8.jpg', 'medium': 'https://randomuser.me/api/portraits/med/men/8.jpg', 'thumbnail': 'https://randomuser.me/api/portraits/thumb/men/8.jpg'}, 'nat': 'NO'}], 'info': {'seed': 'da82dfb90fedf570', 'results': 1, 'page': 1, 'version': '1.4'}}</msg>
<arg>${json_data}</arg>
<doc>Logs the given message with the given level.</doc>
<status status="PASS" start="2024-03-23T03:15:32.397046" elapsed="0.000233"/>
</kw>
<kw name="Should Be String" owner="String">
<arg>${json_data['results'][0]['gender']}</arg>
<doc>Fails if the given ``item`` is not a string.</doc>
<status status="PASS" start="2024-03-23T03:15:32.397582" elapsed="0.000358"/>
</kw>
<kw name="Should Match Regexp" owner="BuiltIn">
<arg>${json_data['results'][0]['email']}</arg>
<arg>^[a-zA-Z0-9._%+-]+@[a-zA-Z0-9.-]+\.[a-zA-Z]{2,}$</arg>
<doc>Fails if ``string`` does not match ``pattern`` as a regular expression.</doc>
<status status="PASS" start="2024-03-23T03:15:32.398134" elapsed="0.000504"/>
</kw>
<kw name="Should Match Regexp" owner="BuiltIn">
<arg>${json_data['results'][0]['dob']['date']}</arg>
<arg>\\d{4}-\\d{2}-\\d{2}T\\d{2}:\\d{2}:\\d{2}\\.\\d{3}Z</arg>
<doc>Fails if ``string`` does not match ``pattern`` as a regular expression.</doc>
<status status="PASS" start="2024-03-23T03:15:32.398837" elapsed="0.000488"/>
</kw>
<kw name="Should Match Regexp" owner="BuiltIn">
<arg>${json_data['results'][0]['registered']['date']}</arg>
<arg>\\d{4}-\\d{2}-\\d{2}T\\d{2}:\\d{2}:\\d{2}\\.\\d{3}Z</arg>
<doc>Fails if ``string`` does not match ``pattern`` as a regular expression.</doc>
<status status="PASS" start="2024-03-23T03:15:32.399519" elapsed="0.000410"/>
</kw>
<kw name="Should Match Regexp" owner="BuiltIn">
<arg>${json_data['results'][0]['picture']['large']}</arg>
<arg>^https?://.*\.(?:png|jpe?g|gif|bmp)$</arg>
<doc>Fails if ``string`` does not match ``pattern`` as a regular expression.</doc>
<status status="PASS" start="2024-03-23T03:15:32.400121" elapsed="0.000457"/>
</kw>
<kw name="Should Match Regexp" owner="BuiltIn">
<arg>${json_data['results'][0]['picture']['medium']}</arg>
<arg>^https?://.*\.(?:png|jpe?g|gif|bmp)$</arg>
<doc>Fails if ``string`` does not match ``pattern`` as a regular expression.</doc>
<status status="PASS" start="2024-03-23T03:15:32.400769" elapsed="0.000357"/>
</kw>
<kw name="Should Match Regexp" owner="BuiltIn">
<arg>${json_data['results'][0]['picture']['thumbnail']}</arg>
<arg>^https?://.*\.(?:png|jpe?g|gif|bmp)$</arg>
<doc>Fails if ``string`` does not match ``pattern`` as a regular expression.</doc>
<status status="PASS" start="2024-03-23T03:15:32.401313" elapsed="0.000348"/>
</kw>
<kw name="Log" owner="BuiltIn">
<msg time="2024-03-23T03:15:32.402172" level="INFO">{'large': 'https://randomuser.me/api/portraits/men/8.jpg', 'medium': 'https://randomuser.me/api/portraits/med/men/8.jpg', 'thumbnail': 'https://randomuser.me/api/portraits/thumb/men/8.jpg'}</msg>
<arg>${json_data['results'][0]['picture']}</arg>
<doc>Logs the given message with the given level.</doc>
<status status="PASS" start="2024-03-23T03:15:32.401843" elapsed="0.000378"/>
</kw>
<status status="PASS" start="2024-03-23T03:15:32.351947" elapsed="0.050525"/>
</kw>
<kw name="Teste de Tipos de Dados - Postcode" owner="random-user-service">
<kw name="GET On Session" owner="RequestsLibrary">
<msg time="2024-03-23T03:15:32.525536" level="INFO">GET Request : url=https://randomuser.me/api 
 path_url=/api 
 headers={'User-Agent': 'python-requests/2.31.0', 'Accept-Encoding': 'gzip, deflate', 'Accept': '*/*', 'Connection': 'keep-alive'} 
 body=None 
 </msg>
<msg time="2024-03-23T03:15:32.525620" level="INFO">GET Response : url=https://randomuser.me/api 
 status=200, reason=OK 
 headers={'Date': 'Sat, 23 Mar 2024 03:15:32 GMT', 'Content-Type': 'application/json; charset=utf-8', 'Transfer-Encoding': 'chunked', 'Connection': 'keep-alive', 'X-Powered-By': 'Express', 'Access-Control-Allow-Origin': '*', 'Cache-Control': 'no-cache', 'ETag': 'W/"49a-2rNticRzVbtAiF8c+XGGlXD9/z8"', 'Vary': 'Accept-Encoding', 'Content-Encoding': 'gzip', 'CF-Cache-Status': 'DYNAMIC', 'Report-To': '{"endpoints":[{"url":"https:\\/\\/a.nel.cloudflare.com\\/report\\/v4?s=i6X8qomUxIEZpgi6DZojFXrLtBKG7Q3aqqXK2lUqTlE2JvHFWhu0BoEybX40rWRVEBGnZcpxJ2NldEuqrI2B5iNlQh5cAZ4SeaSmedRofNitnD9aRv2PirWQjFlFIHBL"}],"group":"cf-nel","max_age":604800}', 'NEL': '{"success_fraction":0,"report_to":"cf-nel","max_age":604800}', 'Server': 'cloudflare', 'CF-RAY': '868b41ef8fe70a99-IAD', 'alt-svc': 'h3=":443"; ma=86400'} 
 body={"results":[{"gender":"female","name":{"title":"Ms","first":"Ambre","last":"Garnier"},"location":{"street":{"number":1946,"name":"Rue Saint-Georges"},"city":"Limoges","state":"Val-D'Oise","country":"France","postcode":93165,"coordinates":{"latitude":"-20.3280","longitude":"133.2288"},"timezone":{"offset":"-8:00","description":"Pacific Time (US &amp; Canada)"}},"email":"ambre.garnier@example.com","login":{"uuid":"15b23f7e-ed37-4528-b988-d6fd30cacadd","username":"lazyswan490","password":"kristin","salt":"2mEwiF9M","md5":"f71682b3a1813b27bb21c7aee98b3ebc","sha1":"2019f87d5beac8e95bf73f591996400069ccaacb","sha256":"e37d19b36aa56cd5c4cda36790027258d799731f9f689de4362d9a889496eb89"},"dob":{"date":"2000-06-23T18:08:05.929Z","age":23},"registered":{"date":"2018-08-15T03:45:55.866Z","age":5},"phone":"01-76-86-88-80","cell":"06-71-96-06-09","id":{"name":"INSEE","value":"21000540111173 73"},"picture":{"large":"https://randomuser.me/api/portraits/women/23.jpg","medium":"https://randomuser.me/api/portraits/med/women/23.jpg","thumbnail":"https://randomuser.me/api/portraits/thumb/women/23.jpg"},"nat":"FR"}],"info":{"seed":"0d38006c88795675","results":1,"page":1,"version":"1.4"}} 
 </msg>
<msg time="2024-03-23T03:15:32.525706" level="INFO">/opt/hostedtoolcache/Python/3.12.2/x64/lib/python3.12/site-packages/urllib3/connectionpool.py:1103: InsecureRequestWarning: Unverified HTTPS request is being made to host 'randomuser.me'. Adding certificate verification is strongly advised. See: https://urllib3.readthedocs.io/en/latest/advanced-usage.html#tls-warnings
  warnings.warn(</msg>
<msg time="2024-03-23T03:15:32.525834" level="INFO">${response} = &lt;Response [200]&gt;</msg>
<var>${response}</var>
<arg>consultarAPI</arg>
<arg>/api</arg>
<doc>Sends a GET request on a previously created HTTP Session.</doc>
<status status="PASS" start="2024-03-23T03:15:32.403033" elapsed="0.122854"/>
</kw>
<kw name="Set Variable" owner="BuiltIn">
<msg time="2024-03-23T03:15:32.526780" level="INFO">${json_data} = {'results': [{'gender': 'female', 'name': {'title': 'Ms', 'first': 'Ambre', 'last': 'Garnier'}, 'location': {'street': {'number': 1946, 'name': 'Rue Saint-Georges'}, 'city': 'Limoges', 'state': "Val-D...</msg>
<var>${json_data}</var>
<arg>${response.json()}</arg>
<doc>Returns the given values which can then be assigned to a variables.</doc>
<status status="PASS" start="2024-03-23T03:15:32.526335" elapsed="0.000473"/>
</kw>
<kw name="Log" owner="BuiltIn">
<msg time="2024-03-23T03:15:32.527254" level="INFO">{'results': [{'gender': 'female', 'name': {'title': 'Ms', 'first': 'Ambre', 'last': 'Garnier'}, 'location': {'street': {'number': 1946, 'name': 'Rue Saint-Georges'}, 'city': 'Limoges', 'state': "Val-D'Oise", 'country': 'France', 'postcode': 93165, 'coordinates': {'latitude': '-20.3280', 'longitude': '133.2288'}, 'timezone': {'offset': '-8:00', 'description': 'Pacific Time (US &amp; Canada)'}}, 'email': 'ambre.garnier@example.com', 'login': {'uuid': '15b23f7e-ed37-4528-b988-d6fd30cacadd', 'username': 'lazyswan490', 'password': 'kristin', 'salt': '2mEwiF9M', 'md5': 'f71682b3a1813b27bb21c7aee98b3ebc', 'sha1': '2019f87d5beac8e95bf73f591996400069ccaacb', 'sha256': 'e37d19b36aa56cd5c4cda36790027258d799731f9f689de4362d9a889496eb89'}, 'dob': {'date': '2000-06-23T18:08:05.929Z', 'age': 23}, 'registered': {'date': '2018-08-15T03:45:55.866Z', 'age': 5}, 'phone': '01-76-86-88-80', 'cell': '06-71-96-06-09', 'id': {'name': 'INSEE', 'value': '21000540111173 73'}, 'picture': {'large': 'https://randomuser.me/api/portraits/women/23.jpg', 'medium': 'https://randomuser.me/api/portraits/med/women/23.jpg', 'thumbnail': 'https://randomuser.me/api/portraits/thumb/women/23.jpg'}, 'nat': 'FR'}], 'info': {'seed': '0d38006c88795675', 'results': 1, 'page': 1, 'version': '1.4'}}</msg>
<arg>${json_data}</arg>
<doc>Logs the given message with the given level.</doc>
<status status="PASS" start="2024-03-23T03:15:32.527106" elapsed="0.000225"/>
</kw>
<kw name="Should Be Equal As Numbers" owner="BuiltIn">
<arg>${json_data['results'][0]['location']['postcode']}</arg>
<arg>${json_data['results'][0]['location']['postcode']}</arg>
<doc>Fails if objects are unequal after converting them to real numbers.</doc>
<status status="PASS" start="2024-03-23T03:15:32.527630" elapsed="0.000642"/>
</kw>
<kw name="Log" owner="BuiltIn">
<msg time="2024-03-23T03:15:32.528800" level="INFO">93165</msg>
<arg>${json_data['results'][0]['location']['postcode']}</arg>
<doc>Logs the given message with the given level.</doc>
<status status="PASS" start="2024-03-23T03:15:32.528465" elapsed="0.000376"/>
</kw>
<status status="PASS" start="2024-03-23T03:15:32.402688" elapsed="0.126402"/>
</kw>
<doc>Testa se os tipos de dados na resposta da API estão corretos.</doc>
<tag>testeTiposDados</tag>
<status status="PASS" start="2024-03-23T03:15:32.351377" elapsed="0.177875"/>
</test>
<test id="s1-s1-t5" name="Validar conteudo" line="35">
<kw name="Teste de Tipos de Conteudo" owner="random-user-service">
<kw name="GET On Session" owner="RequestsLibrary">
<msg time="2024-03-23T03:15:32.587961" level="INFO">GET Request : url=https://randomuser.me/api 
 path_url=/api 
 headers={'User-Agent': 'python-requests/2.31.0', 'Accept-Encoding': 'gzip, deflate', 'Accept': '*/*', 'Connection': 'keep-alive'} 
 body=None 
 </msg>
<msg time="2024-03-23T03:15:32.588046" level="INFO">GET Response : url=https://randomuser.me/api 
 status=200, reason=OK 
 headers={'Date': 'Sat, 23 Mar 2024 03:15:32 GMT', 'Content-Type': 'application/json; charset=utf-8', 'Transfer-Encoding': 'chunked', 'Connection': 'keep-alive', 'X-Powered-By': 'Express', 'Access-Control-Allow-Origin': '*', 'Cache-Control': 'no-cache', 'ETag': 'W/"49c-vcrTKSTC3khBRwS2gA3Mhv3oRrk"', 'Vary': 'Accept-Encoding', 'Content-Encoding': 'gzip', 'CF-Cache-Status': 'DYNAMIC', 'Report-To': '{"endpoints":[{"url":"https:\\/\\/a.nel.cloudflare.com\\/report\\/v4?s=nj7Um7pAujE7axLg0MN8mIB6QPUGmuwLG9M%2B7SR9L6sWnzo0cLtCW7lnaDgiibNuHZBZ%2Bo4gFiv9PK7WnPsidcNib4fv52rO2XgRY%2BlR3AT%2FQbkcbHGcItcbDSqyBccK"}],"group":"cf-nel","max_age":604800}', 'NEL': '{"success_fraction":0,"report_to":"cf-nel","max_age":604800}', 'Server': 'cloudflare', 'CF-RAY': '868b41f058bf0a99-IAD', 'alt-svc': 'h3=":443"; ma=86400'} 
 body={"results":[{"gender":"female","name":{"title":"Ms","first":"Sanni","last":"Saarinen"},"location":{"street":{"number":2794,"name":"Nordenskiöldinkatu"},"city":"Liperi","state":"Southern Ostrobothnia","country":"Finland","postcode":29251,"coordinates":{"latitude":"-29.8416","longitude":"144.8588"},"timezone":{"offset":"+9:30","description":"Adelaide, Darwin"}},"email":"sanni.saarinen@example.com","login":{"uuid":"ddee477c-3a92-4ccd-be25-c8f1ea3b73ad","username":"greensnake586","password":"brother","salt":"PLlWU2S5","md5":"a31f96b0486a3aea00d9f2c4240b6f53","sha1":"38a6d9119e76e614693b78c25bd6c5d5fa5a7a5f","sha256":"0af44811bab25e75c39d9521ecb444312598d7d979acb0c5b6483d4fbe0f322c"},"dob":{"date":"1999-07-14T10:30:36.472Z","age":24},"registered":{"date":"2003-09-23T12:24:32.742Z","age":20},"phone":"07-274-268","cell":"047-758-27-00","id":{"name":"HETU","value":"NaNNA608undefined"},"picture":{"large":"https://randomuser.me/api/portraits/women/88.jpg","medium":"https://randomuser.me/api/portraits/med/women/88.jpg","thumbnail":"https://randomuser.me/api/portraits/thumb/women/88.jpg"},"nat":"FI"}],"info":{"seed":"56f421e01c132380","results":1,"page":1,"version":"1.4"}} 
 </msg>
<msg time="2024-03-23T03:15:32.588119" level="INFO">/opt/hostedtoolcache/Python/3.12.2/x64/lib/python3.12/site-packages/urllib3/connectionpool.py:1103: InsecureRequestWarning: Unverified HTTPS request is being made to host 'randomuser.me'. Adding certificate verification is strongly advised. See: https://urllib3.readthedocs.io/en/latest/advanced-usage.html#tls-warnings
  warnings.warn(</msg>
<msg time="2024-03-23T03:15:32.588229" level="INFO">${response} = &lt;Response [200]&gt;</msg>
<var>${response}</var>
<arg>consultarAPI</arg>
<arg>/api</arg>
<doc>Sends a GET request on a previously created HTTP Session.</doc>
<status status="PASS" start="2024-03-23T03:15:32.531602" elapsed="0.056670"/>
</kw>
<kw name="Set Variable" owner="BuiltIn">
<msg time="2024-03-23T03:15:32.589169" level="INFO">${json_data} = {'results': [{'gender': 'female', 'name': {'title': 'Ms', 'first': 'Sanni', 'last': 'Saarinen'}, 'location': {'street': {'number': 2794, 'name': 'Nordenskiöldinkatu'}, 'city': 'Liperi', 'state': 'Sout...</msg>
<var>${json_data}</var>
<arg>${response.json()}</arg>
<doc>Returns the given values which can then be assigned to a variables.</doc>
<status status="PASS" start="2024-03-23T03:15:32.588729" elapsed="0.000470"/>
</kw>
<kw name="Set Variable" owner="BuiltIn">
<msg time="2024-03-23T03:15:32.589880" level="INFO">${name_title} = Ms</msg>
<var>${name_title}</var>
<arg>${json_data["results"][0]["name"]["title"]}</arg>
<doc>Returns the given values which can then be assigned to a variables.</doc>
<status status="PASS" start="2024-03-23T03:15:32.589506" elapsed="0.000400"/>
</kw>
<kw name="Create List" owner="BuiltIn">
<msg time="2024-03-23T03:15:32.590361" level="INFO">${allowed_titles} = ['Mr', 'Ms', 'Miss', 'Mrs', 'Madame', 'Monsieur']</msg>
<var>${allowed_titles}</var>
<arg>Mr</arg>
<arg>Ms</arg>
<arg>Miss</arg>
<arg>Mrs</arg>
<arg>Madame</arg>
<arg>Monsieur</arg>
<doc>Returns a list containing given items.</doc>
<status status="PASS" start="2024-03-23T03:15:32.590210" elapsed="0.000177"/>
</kw>
<kw name="List Should Contain Value" owner="Collections">
<msg time="2024-03-23T03:15:32.590872" level="INFO">False</msg>
<arg>${allowed_titles}</arg>
<arg>${name_title}</arg>
<doc>Fails if the ``value`` is not found from ``list``.</doc>
<status status="PASS" start="2024-03-23T03:15:32.590695" elapsed="0.000215"/>
</kw>
<kw name="Set Variable" owner="BuiltIn">
<msg time="2024-03-23T03:15:32.591586" level="INFO">${name_country} = FI</msg>
<var>${name_country}</var>
<arg>${json_data["results"][0]["nat"]}</arg>
<doc>Returns the given values which can then be assigned to a variables.</doc>
<status status="PASS" start="2024-03-23T03:15:32.591204" elapsed="0.000408"/>
</kw>
<kw name="Create List" owner="BuiltIn">
<msg time="2024-03-23T03:15:32.592558" level="INFO">${list_country} = ['AD', 'AE', 'AF', 'AG', 'AI', 'AL', 'AM', 'AO', 'AQ', 'AR', 'AS', 'AT', 'AU', 'AW', 'AX', 'AZ', 'BA', 'BB', 'BD', 'BE', 'BF', 'BG', 'BH', 'BI', 'BJ', 'BL', 'BM', 'BN', 'BO', 'BQ', 'BR', 'BS', 'BT', '...</msg>
<var>${list_country}</var>
<arg>AD</arg>
<arg>AE</arg>
<arg>AF</arg>
<arg>AG</arg>
<arg>AI</arg>
<arg>AL</arg>
<arg>AM</arg>
<arg>AO</arg>
<arg>AQ</arg>
<arg>AR</arg>
<arg>AS</arg>
<arg>AT</arg>
<arg>AU</arg>
<arg>AW</arg>
<arg>AX</arg>
<arg>AZ</arg>
<arg>BA</arg>
<arg>BB</arg>
<arg>BD</arg>
<arg>BE</arg>
<arg>BF</arg>
<arg>BG</arg>
<arg>BH</arg>
<arg>BI</arg>
<arg>BJ</arg>
<arg>BL</arg>
<arg>BM</arg>
<arg>BN</arg>
<arg>BO</arg>
<arg>BQ</arg>
<arg>BR</arg>
<arg>BS</arg>
<arg>BT</arg>
<arg>BV</arg>
<arg>BW</arg>
<arg>BY</arg>
<arg>BZ</arg>
<arg>CA</arg>
<arg>CC</arg>
<arg>CD</arg>
<arg>CF</arg>
<arg>CG</arg>
<arg>CH</arg>
<arg>CI</arg>
<arg>CK</arg>
<arg>CL</arg>
<arg>CM</arg>
<arg>CN</arg>
<arg>CO</arg>
<arg>CR</arg>
<arg>CU</arg>
<arg>CV</arg>
<arg>CW</arg>
<arg>CX</arg>
<arg>CY</arg>
<arg>CZ</arg>
<arg>DE</arg>
<arg>DJ</arg>
<arg>DK</arg>
<arg>DM</arg>
<arg>DO</arg>
<arg>DZ</arg>
<arg>EC</arg>
<arg>EE</arg>
<arg>EG</arg>
<arg>EH</arg>
<arg>ER</arg>
<arg>ES</arg>
<arg>ET</arg>
<arg>FI</arg>
<arg>FJ</arg>
<arg>FK</arg>
<arg>FM</arg>
<arg>FO</arg>
<arg>FR</arg>
<arg>GA</arg>
<arg>GB</arg>
<arg>GD</arg>
<arg>GE</arg>
<arg>GF</arg>
<arg>GG</arg>
<arg>GH</arg>
<arg>GI</arg>
<arg>GL</arg>
<arg>GM</arg>
<arg>GN</arg>
<arg>GP</arg>
<arg>GQ</arg>
<arg>GR</arg>
<arg>GS</arg>
<arg>GT</arg>
<arg>GU</arg>
<arg>GW</arg>
<arg>GY</arg>
<arg>HK</arg>
<arg>HM</arg>
<arg>HN</arg>
<arg>HR</arg>
<arg>HT</arg>
<arg>HU</arg>
<arg>ID</arg>
<arg>IE</arg>
<arg>IL</arg>
<arg>IM</arg>
<arg>IN</arg>
<arg>IO</arg>
<arg>IQ</arg>
<arg>IR</arg>
<arg>IS</arg>
<arg>IT</arg>
<arg>JE</arg>
<arg>JM</arg>
<arg>JO</arg>
<arg>JP</arg>
<arg>KE</arg>
<arg>KG</arg>
<arg>KH</arg>
<arg>KI</arg>
<arg>KM</arg>
<arg>KN</arg>
<arg>KP</arg>
<arg>KR</arg>
<arg>KW</arg>
<arg>KY</arg>
<arg>KZ</arg>
<arg>LA</arg>
<arg>LB</arg>
<arg>LC</arg>
<arg>LI</arg>
<arg>LK</arg>
<arg>LR</arg>
<arg>LS</arg>
<arg>LT</arg>
<arg>LU</arg>
<arg>LV</arg>
<arg>LY</arg>
<arg>MA</arg>
<arg>MC</arg>
<arg>MD</arg>
<arg>ME</arg>
<arg>MF</arg>
<arg>MG</arg>
<arg>MH</arg>
<arg>MK</arg>
<arg>ML</arg>
<arg>MM</arg>
<arg>MN</arg>
<arg>MO</arg>
<arg>MP</arg>
<arg>MQ</arg>
<arg>MR</arg>
<arg>MS</arg>
<arg>MT</arg>
<arg>MU</arg>
<arg>MV</arg>
<arg>MW</arg>
<arg>MX</arg>
<arg>MY</arg>
<arg>MZ</arg>
<arg>NA</arg>
<arg>NC</arg>
<arg>NE</arg>
<arg>NF</arg>
<arg>NG</arg>
<arg>NI</arg>
<arg>NL</arg>
<arg>NO</arg>
<arg>NP</arg>
<arg>NR</arg>
<arg>NU</arg>
<arg>NZ</arg>
<arg>OM</arg>
<arg>PA</arg>
<arg>PE</arg>
<arg>PF</arg>
<arg>PG</arg>
<arg>PH</arg>
<arg>PK</arg>
<arg>PL</arg>
<arg>PM</arg>
<arg>PN</arg>
<arg>PR</arg>
<arg>PS</arg>
<arg>PT</arg>
<arg>PW</arg>
<arg>PY</arg>
<arg>QA</arg>
<arg>RE</arg>
<arg>RO</arg>
<arg>RS</arg>
<arg>RU</arg>
<arg>RW</arg>
<arg>SA</arg>
<arg>SB</arg>
<arg>SC</arg>
<arg>SD</arg>
<arg>SE</arg>
<arg>SG</arg>
<arg>SH</arg>
<arg>SI</arg>
<arg>SJ</arg>
<arg>SK</arg>
<arg>SL</arg>
<arg>SM</arg>
<arg>SN</arg>
<arg>SO</arg>
<arg>SR</arg>
<arg>SS</arg>
<arg>ST</arg>
<arg>SV</arg>
<arg>SX</arg>
<arg>SY</arg>
<arg>SZ</arg>
<arg>TC</arg>
<arg>TD</arg>
<arg>TF</arg>
<arg>TG</arg>
<arg>TH</arg>
<arg>TJ</arg>
<arg>TK</arg>
<arg>TL</arg>
<arg>TM</arg>
<arg>TN</arg>
<arg>TO</arg>
<arg>TR</arg>
<arg>TT</arg>
<arg>TV</arg>
<arg>TW</arg>
<arg>TZ</arg>
<arg>UA</arg>
<arg>UG</arg>
<arg>UM</arg>
<arg>US</arg>
<arg>UY</arg>
<arg>UZ</arg>
<arg>VA</arg>
<arg>VC</arg>
<arg>VE</arg>
<arg>VG</arg>
<arg>VI</arg>
<arg>VN</arg>
<arg>VU</arg>
<arg>WF</arg>
<arg>WS</arg>
<arg>XK</arg>
<arg>YE</arg>
<arg>YT</arg>
<arg>ZA</arg>
<arg>ZM</arg>
<arg>ZW</arg>
<doc>Returns a list containing given items.</doc>
<status status="PASS" start="2024-03-23T03:15:32.591955" elapsed="0.000630"/>
</kw>
<kw name="List Should Contain Value" owner="Collections">
<msg time="2024-03-23T03:15:32.593687" level="INFO">False</msg>
<arg>${list_country}</arg>
<arg>${name_country}</arg>
<doc>Fails if the ``value`` is not found from ``list``.</doc>
<status status="PASS" start="2024-03-23T03:15:32.593482" elapsed="0.000244"/>
</kw>
<kw name="Run Keyword If" owner="BuiltIn">
<kw name="Should Be True" owner="BuiltIn">
<arg>${True}</arg>
<doc>Fails if the given condition is not true.</doc>
<status status="PASS" start="2024-03-23T03:15:32.594795" elapsed="0.000147"/>
</kw>
<arg>${json_data["results"][0]["location"]["coordinates"]["latitude"]} &gt;= -90 and ${json_data["results"][0]["location"]["coordinates"]["latitude"]} &lt;= 90</arg>
<arg>Should Be True</arg>
<arg>${True}</arg>
<doc>Runs the given keyword with the given arguments, if ``condition`` is true.</doc>
<status status="PASS" start="2024-03-23T03:15:32.594036" elapsed="0.001038"/>
</kw>
<kw name="Run Keyword If" owner="BuiltIn">
<kw name="Should Be True" owner="BuiltIn">
<arg>${True}</arg>
<doc>Fails if the given condition is not true.</doc>
<status status="PASS" start="2024-03-23T03:15:32.596039" elapsed="0.000143"/>
</kw>
<arg>${json_data["results"][0]["location"]["coordinates"]["longitude"]} &gt;= -180 and ${json_data["results"][0]["location"]["coordinates"]["longitude"]} &lt;= 180</arg>
<arg>Should Be True</arg>
<arg>${True}</arg>
<doc>Runs the given keyword with the given arguments, if ``condition`` is true.</doc>
<status status="PASS" start="2024-03-23T03:15:32.595262" elapsed="0.001049"/>
</kw>
<status status="PASS" start="2024-03-23T03:15:32.531381" elapsed="0.065060"/>
</kw>
<doc>Testa o conteúdo específico dos campos retornados pela API.</doc>
<tag>testeConteudo</tag>
<status status="PASS" start="2024-03-23T03:15:32.530959" elapsed="0.065630"/>
</test>
<status status="PASS" start="2024-03-23T03:15:31.826034" elapsed="0.772423"/>
</suite>
<status status="PASS" start="2024-03-23T03:15:31.812655" elapsed="0.791064"/>
</suite>
<statistics>
<total>
<stat pass="5" fail="0" skip="0">All Tests</stat>
</total>
<tag>
<stat pass="1" fail="0" skip="0">testeConteudo</stat>
<stat pass="1" fail="0" skip="0">testeEstruturaResposta</stat>
<stat pass="1" fail="0" skip="0">testeRequisicaoBasica</stat>
<stat pass="1" fail="0" skip="0">testeTiposDados</stat>
</tag>
<suite>
<stat pass="5" fail="0" skip="0" id="s1" name="Tests">Tests</stat>
<stat pass="5" fail="0" skip="0" id="s1-s1" name="Random-User-Test">Tests.Random-User-Test</stat>
</suite>
</statistics>
<errors>
</errors>
</robot>
