<?xml version="1.0" encoding="UTF-8"?>
<robot generator="Robot 7.0.1 (Python 3.12.4 on linux)" generated="2024-07-07T11:13:43.524042" rpa="false" schemaversion="5">
<suite id="s1" name="Tests" source="/home/runner/work/ApiRandomUser/ApiRandomUser/RamdonUser/tests">
<suite id="s1-s1" name="Random-User-Test" source="/home/runner/work/ApiRandomUser/ApiRandomUser/RamdonUser/tests/random-user-test.robot">
<test id="s1-s1-t1" name="Conectar" line="13">
<kw name="Conectar API" owner="random-user-service">
<kw name="Create Session" owner="RequestsLibrary">
<msg time="2024-07-07T11:13:43.922121" level="INFO">Creating Session using : alias=consultarAPI, url=https://randomuser.me/, headers={},                     cookies={}, auth=None, timeout=None, proxies=None, verify=False,                     debug=0 </msg>
<arg>consultarAPI</arg>
<arg>${URL}</arg>
<doc>Create Session: create a HTTP session to a server</doc>
<status status="PASS" start="2024-07-07T11:13:43.921919" elapsed="0.000369"/>
</kw>
<status status="PASS" start="2024-07-07T11:13:43.920945" elapsed="0.001695"/>
</kw>
<status status="PASS" start="2024-07-07T11:13:43.920283" elapsed="0.002548"/>
</test>
<test id="s1-s1-t2" name="Validar retorno 200 e JSON Válido" line="16">
<kw name="Teste de Requisicao Basica" owner="random-user-service">
<kw name="GET On Session" owner="RequestsLibrary">
<msg time="2024-07-07T11:13:43.998208" level="INFO">GET Request : url=https://randomuser.me/api 
 path_url=/api 
 headers={'User-Agent': 'python-requests/2.32.3', 'Accept-Encoding': 'gzip, deflate', 'Accept': '*/*', 'Connection': 'keep-alive'} 
 body=None 
 </msg>
<msg time="2024-07-07T11:13:43.998334" level="INFO">GET Response : url=https://randomuser.me/api 
 status=200, reason=OK 
 headers={'Date': 'Sun, 07 Jul 2024 11:13:43 GMT', 'Content-Type': 'application/json; charset=utf-8', 'Transfer-Encoding': 'chunked', 'Connection': 'keep-alive', 'X-Powered-By': 'Express', 'Access-Control-Allow-Origin': '*', 'Cache-Control': 'no-cache', 'ETag': 'W/"471-bD1x0iLhDqXs1mzyTYaTQWL+5oc"', 'Vary': 'Accept-Encoding', 'Content-Encoding': 'gzip', 'CF-Cache-Status': 'DYNAMIC', 'Report-To': '{"endpoints":[{"url":"https:\\/\\/a.nel.cloudflare.com\\/report\\/v4?s=tGbX4WQGChS2G%2FoeBa06DTirhicPZlxwzoH3CDDHzZTRK9nCkpyyR5Q8FPQdrWFYFwZtDE2lGb5p%2FrH7O5TrQDu1rdt4O8lwJH47BwFIMOIOZunQoKuKcSx6uk8kPOKl"}],"group":"cf-nel","max_age":604800}', 'NEL': '{"success_fraction":0,"report_to":"cf-nel","max_age":604800}', 'Server': 'cloudflare', 'CF-RAY': '89f76829cdb9094f-IAD', 'alt-svc': 'h3=":443"; ma=86400'} 
 body={"results":[{"gender":"male","name":{"title":"Mr","first":"Benjamin","last":"Brooks"},"location":{"street":{"number":4501,"name":"Church Road"},"city":"Waterford","state":"Sligo","country":"Ireland","postcode":19805,"coordinates":{"latitude":"-1.5636","longitude":"-35.5597"},"timezone":{"offset":"+5:45","description":"Kathmandu"}},"email":"benjamin.brooks@example.com","login":{"uuid":"11b71fc1-4144-4dc0-b49a-d5e4afb18c0c","username":"organicmouse834","password":"depeche","salt":"qetr1Va0","md5":"4916e15784f70b145f2c702f502ccc3f","sha1":"bd277b7063e43242b1e053f1130e01f22f0fe0be","sha256":"225b145d942eabd82f61f453a16d2c37adb6b0f317a41dd221276894d92a2d69"},"dob":{"date":"1965-07-18T01:27:49.025Z","age":58},"registered":{"date":"2020-02-14T01:19:42.192Z","age":4},"phone":"051-960-5707","cell":"081-545-9769","id":{"name":"PPS","value":"5576681T"},"picture":{"large":"https://randomuser.me/api/portraits/men/30.jpg","medium":"https://randomuser.me/api/portraits/med/men/30.jpg","thumbnail":"https://randomuser.me/api/portraits/thumb/men/30.jpg"},"nat":"IE"}],"info":{"seed":"3b2f4bebf804e089","results":1,"page":1,"version":"1.4"}} 
 </msg>
<msg time="2024-07-07T11:13:43.998421" level="INFO">/opt/hostedtoolcache/Python/3.12.4/x64/lib/python3.12/site-packages/urllib3/connectionpool.py:1099: InsecureRequestWarning: Unverified HTTPS request is being made to host 'randomuser.me'. Adding certificate verification is strongly advised. See: https://urllib3.readthedocs.io/en/latest/advanced-usage.html#tls-warnings
  warnings.warn(</msg>
<msg time="2024-07-07T11:13:43.998548" level="INFO">${response} = &lt;Response [200]&gt;</msg>
<var>${response}</var>
<arg>consultarAPI</arg>
<arg>/api</arg>
<doc>Sends a GET request on a previously created HTTP Session.</doc>
<status status="PASS" start="2024-07-07T11:13:43.925532" elapsed="0.073059"/>
</kw>
<kw name="Should Be Equal As Numbers" owner="BuiltIn">
<msg time="2024-07-07T11:13:43.999661" level="INFO">Argument types are:
&lt;class 'int'&gt;
&lt;class 'str'&gt;</msg>
<arg>${response.status_code}</arg>
<arg>200</arg>
<doc>Fails if objects are unequal after converting them to real numbers.</doc>
<status status="PASS" start="2024-07-07T11:13:43.999109" elapsed="0.000616"/>
</kw>
<kw name="Log" owner="BuiltIn">
<msg time="2024-07-07T11:13:44.000424" level="INFO">200</msg>
<arg>${response.status_code}</arg>
<doc>Logs the given message with the given level.</doc>
<status status="PASS" start="2024-07-07T11:13:44.000044" elapsed="0.000428"/>
</kw>
<kw name="Set Variable" owner="BuiltIn">
<msg time="2024-07-07T11:13:44.001297" level="INFO">${json_data} = {'results': [{'gender': 'male', 'name': {'title': 'Mr', 'first': 'Benjamin', 'last': 'Brooks'}, 'location': {'street': {'number': 4501, 'name': 'Church Road'}, 'city': 'Waterford', 'state': 'Sligo', '...</msg>
<var>${json_data}</var>
<arg>${response.json()}</arg>
<doc>Returns the given values which can then be assigned to a variables.</doc>
<status status="PASS" start="2024-07-07T11:13:44.000820" elapsed="0.000506"/>
</kw>
<kw name="Dictionary Should Contain Key" owner="Collections">
<arg>${json_data}</arg>
<arg>results</arg>
<doc>Fails if ``key`` is not found from ``dictionary``.</doc>
<status status="PASS" start="2024-07-07T11:13:44.001622" elapsed="0.000173"/>
</kw>
<status status="PASS" start="2024-07-07T11:13:43.925289" elapsed="0.076651"/>
</kw>
<doc>Testa se a API responde corretamente e retorna um objeto JSON válido.</doc>
<tag>testeRequisicaoBasica</tag>
<status status="PASS" start="2024-07-07T11:13:43.924733" elapsed="0.077368"/>
</test>
<test id="s1-s1-t3" name="Validar estrutura de resposta" line="22">
<kw name="Teste de Estrutura de Resposta" owner="random-user-service">
<kw name="GET On Session" owner="RequestsLibrary">
<msg time="2024-07-07T11:13:44.093234" level="INFO">GET Request : url=https://randomuser.me/api 
 path_url=/api 
 headers={'User-Agent': 'python-requests/2.32.3', 'Accept-Encoding': 'gzip, deflate', 'Accept': '*/*', 'Connection': 'keep-alive'} 
 body=None 
 </msg>
<msg time="2024-07-07T11:13:44.093341" level="INFO">GET Response : url=https://randomuser.me/api 
 status=200, reason=OK 
 headers={'Date': 'Sun, 07 Jul 2024 11:13:44 GMT', 'Content-Type': 'application/json; charset=utf-8', 'Transfer-Encoding': 'chunked', 'Connection': 'keep-alive', 'X-Powered-By': 'Express', 'Access-Control-Allow-Origin': '*', 'Cache-Control': 'no-cache', 'ETag': 'W/"4a0-/zysAWHpXxj+4m/iIwj8xuMthLg"', 'Vary': 'Accept-Encoding', 'Content-Encoding': 'gzip', 'CF-Cache-Status': 'DYNAMIC', 'Report-To': '{"endpoints":[{"url":"https:\\/\\/a.nel.cloudflare.com\\/report\\/v4?s=yonkNmNMWUPSX5btfrtw6kNpiIwmkBghZY3i1BXMveiYv2vATzpGC1cq9kzCkgESsylAjEpuTmAsWqhDm0Xs28ymMGS5m2st5xSqG8DhTNF52QYg5KQKqmIwUkmat9vs"}],"group":"cf-nel","max_age":604800}', 'NEL': '{"success_fraction":0,"report_to":"cf-nel","max_age":604800}', 'Server': 'cloudflare', 'CF-RAY': '89f7682a1deb094f-IAD', 'alt-svc': 'h3=":443"; ma=86400'} 
 body={"results":[{"gender":"female","name":{"title":"Mrs","first":"Bharathy","last":"Pujari"},"location":{"street":{"number":9936,"name":"Sampige Rd"},"city":"Morbi","state":"Dadra and Nagar Haveli","country":"India","postcode":71274,"coordinates":{"latitude":"4.8107","longitude":"40.2976"},"timezone":{"offset":"+10:00","description":"Eastern Australia, Guam, Vladivostok"}},"email":"bharathy.pujari@example.com","login":{"uuid":"2b7efc93-ae62-4744-a2be-177ece1ab7c9","username":"tinybutterfly517","password":"pixies","salt":"4xlEtrPj","md5":"9ad67a724b07f249d2c4c81056af3d7c","sha1":"d2cc73696294479daa7c1b4d3d793c30804c173a","sha256":"615114d6421fdb3932b0fdc0be374407c68e5227b1449c7b37f2d53b449957e3"},"dob":{"date":"1972-08-12T08:38:11.933Z","age":51},"registered":{"date":"2020-12-30T23:19:36.850Z","age":3},"phone":"9167475833","cell":"8102959870","id":{"name":"UIDAI","value":"853334676719"},"picture":{"large":"https://randomuser.me/api/portraits/women/74.jpg","medium":"https://randomuser.me/api/portraits/med/women/74.jpg","thumbnail":"https://randomuser.me/api/portraits/thumb/women/74.jpg"},"nat":"IN"}],"info":{"seed":"246641b1c2f6b338","results":1,"page":1,"version":"1.4"}} 
 </msg>
<msg time="2024-07-07T11:13:44.093475" level="INFO">/opt/hostedtoolcache/Python/3.12.4/x64/lib/python3.12/site-packages/urllib3/connectionpool.py:1099: InsecureRequestWarning: Unverified HTTPS request is being made to host 'randomuser.me'. Adding certificate verification is strongly advised. See: https://urllib3.readthedocs.io/en/latest/advanced-usage.html#tls-warnings
  warnings.warn(</msg>
<msg time="2024-07-07T11:13:44.093610" level="INFO">${response} = &lt;Response [200]&gt;</msg>
<var>${response}</var>
<arg>consultarAPI</arg>
<arg>/api</arg>
<doc>Sends a GET request on a previously created HTTP Session.</doc>
<status status="PASS" start="2024-07-07T11:13:44.005038" elapsed="0.088612"/>
</kw>
<kw name="Set Variable" owner="BuiltIn">
<msg time="2024-07-07T11:13:44.094667" level="INFO">${json_data} = {'results': [{'gender': 'female', 'name': {'title': 'Mrs', 'first': 'Bharathy', 'last': 'Pujari'}, 'location': {'street': {'number': 9936, 'name': 'Sampige Rd'}, 'city': 'Morbi', 'state': 'Dadra and N...</msg>
<var>${json_data}</var>
<arg>${response.json()}</arg>
<doc>Returns the given values which can then be assigned to a variables.</doc>
<status status="PASS" start="2024-07-07T11:13:44.094153" elapsed="0.000542"/>
</kw>
<kw name="Log" owner="BuiltIn">
<msg time="2024-07-07T11:13:44.095152" level="INFO">{'results': [{'gender': 'female', 'name': {'title': 'Mrs', 'first': 'Bharathy', 'last': 'Pujari'}, 'location': {'street': {'number': 9936, 'name': 'Sampige Rd'}, 'city': 'Morbi', 'state': 'Dadra and Nagar Haveli', 'country': 'India', 'postcode': 71274, 'coordinates': {'latitude': '4.8107', 'longitude': '40.2976'}, 'timezone': {'offset': '+10:00', 'description': 'Eastern Australia, Guam, Vladivostok'}}, 'email': 'bharathy.pujari@example.com', 'login': {'uuid': '2b7efc93-ae62-4744-a2be-177ece1ab7c9', 'username': 'tinybutterfly517', 'password': 'pixies', 'salt': '4xlEtrPj', 'md5': '9ad67a724b07f249d2c4c81056af3d7c', 'sha1': 'd2cc73696294479daa7c1b4d3d793c30804c173a', 'sha256': '615114d6421fdb3932b0fdc0be374407c68e5227b1449c7b37f2d53b449957e3'}, 'dob': {'date': '1972-08-12T08:38:11.933Z', 'age': 51}, 'registered': {'date': '2020-12-30T23:19:36.850Z', 'age': 3}, 'phone': '9167475833', 'cell': '8102959870', 'id': {'name': 'UIDAI', 'value': '853334676719'}, 'picture': {'large': 'https://randomuser.me/api/portraits/women/74.jpg', 'medium': 'https://randomuser.me/api/portraits/med/women/74.jpg', 'thumbnail': 'https://randomuser.me/api/portraits/thumb/women/74.jpg'}, 'nat': 'IN'}], 'info': {'seed': '246641b1c2f6b338', 'results': 1, 'page': 1, 'version': '1.4'}}</msg>
<arg>${json_data}</arg>
<doc>Logs the given message with the given level.</doc>
<status status="PASS" start="2024-07-07T11:13:44.094998" elapsed="0.000202"/>
</kw>
<kw name="Dictionary Should Contain Key" owner="Collections">
<arg>${json_data}</arg>
<arg>results</arg>
<doc>Fails if ``key`` is not found from ``dictionary``.</doc>
<status status="PASS" start="2024-07-07T11:13:44.095487" elapsed="0.000166"/>
</kw>
<kw name="Should Not Be Empty" owner="BuiltIn">
<msg time="2024-07-07T11:13:44.095972" level="INFO">Length is 2.</msg>
<arg>${json_data}</arg>
<doc>Verifies that the given item is not empty.</doc>
<status status="PASS" start="2024-07-07T11:13:44.095849" elapsed="0.000161"/>
</kw>
<kw name="Create List" owner="BuiltIn">
<msg time="2024-07-07T11:13:44.096477" level="INFO">${expected_keys} = ['gender', 'name', 'location', 'email', 'login']</msg>
<var>${expected_keys}</var>
<arg>gender</arg>
<arg>name</arg>
<arg>location</arg>
<arg>email</arg>
<arg>login</arg>
<doc>Returns a list containing given items.</doc>
<status status="PASS" start="2024-07-07T11:13:44.096303" elapsed="0.000199"/>
</kw>
<for flavor="IN">
<iter>
<kw name="Dictionary Should Contain Key" owner="Collections">
<arg>${json_data['results'][0]}</arg>
<arg>${key}</arg>
<doc>Fails if ``key`` is not found from ``dictionary``.</doc>
<status status="PASS" start="2024-07-07T11:13:44.097325" elapsed="0.000421"/>
</kw>
<kw name="Log" owner="BuiltIn">
<msg time="2024-07-07T11:13:44.098293" level="INFO">{'gender': 'female', 'name': {'title': 'Mrs', 'first': 'Bharathy', 'last': 'Pujari'}, 'location': {'street': {'number': 9936, 'name': 'Sampige Rd'}, 'city': 'Morbi', 'state': 'Dadra and Nagar Haveli', 'country': 'India', 'postcode': 71274, 'coordinates': {'latitude': '4.8107', 'longitude': '40.2976'}, 'timezone': {'offset': '+10:00', 'description': 'Eastern Australia, Guam, Vladivostok'}}, 'email': 'bharathy.pujari@example.com', 'login': {'uuid': '2b7efc93-ae62-4744-a2be-177ece1ab7c9', 'username': 'tinybutterfly517', 'password': 'pixies', 'salt': '4xlEtrPj', 'md5': '9ad67a724b07f249d2c4c81056af3d7c', 'sha1': 'd2cc73696294479daa7c1b4d3d793c30804c173a', 'sha256': '615114d6421fdb3932b0fdc0be374407c68e5227b1449c7b37f2d53b449957e3'}, 'dob': {'date': '1972-08-12T08:38:11.933Z', 'age': 51}, 'registered': {'date': '2020-12-30T23:19:36.850Z', 'age': 3}, 'phone': '9167475833', 'cell': '8102959870', 'id': {'name': 'UIDAI', 'value': '853334676719'}, 'picture': {'large': 'https://randomuser.me/api/portraits/women/74.jpg', 'medium': 'https://randomuser.me/api/portraits/med/women/74.jpg', 'thumbnail': 'https://randomuser.me/api/portraits/thumb/women/74.jpg'}, 'nat': 'IN'}</msg>
<arg>${json_data['results'][0]}</arg>
<doc>Logs the given message with the given level.</doc>
<status status="PASS" start="2024-07-07T11:13:44.097937" elapsed="0.000405"/>
</kw>
<kw name="Log" owner="BuiltIn">
<msg time="2024-07-07T11:13:44.098760" level="INFO">gender</msg>
<arg>${key}</arg>
<doc>Logs the given message with the given level.</doc>
<status status="PASS" start="2024-07-07T11:13:44.098635" elapsed="0.000162"/>
</kw>
<var name="${key}">gender</var>
<status status="PASS" start="2024-07-07T11:13:44.097188" elapsed="0.001836"/>
</iter>
<iter>
<kw name="Dictionary Should Contain Key" owner="Collections">
<arg>${json_data['results'][0]}</arg>
<arg>${key}</arg>
<doc>Fails if ``key`` is not found from ``dictionary``.</doc>
<status status="PASS" start="2024-07-07T11:13:44.099316" elapsed="0.000382"/>
</kw>
<kw name="Log" owner="BuiltIn">
<msg time="2024-07-07T11:13:44.100260" level="INFO">{'gender': 'female', 'name': {'title': 'Mrs', 'first': 'Bharathy', 'last': 'Pujari'}, 'location': {'street': {'number': 9936, 'name': 'Sampige Rd'}, 'city': 'Morbi', 'state': 'Dadra and Nagar Haveli', 'country': 'India', 'postcode': 71274, 'coordinates': {'latitude': '4.8107', 'longitude': '40.2976'}, 'timezone': {'offset': '+10:00', 'description': 'Eastern Australia, Guam, Vladivostok'}}, 'email': 'bharathy.pujari@example.com', 'login': {'uuid': '2b7efc93-ae62-4744-a2be-177ece1ab7c9', 'username': 'tinybutterfly517', 'password': 'pixies', 'salt': '4xlEtrPj', 'md5': '9ad67a724b07f249d2c4c81056af3d7c', 'sha1': 'd2cc73696294479daa7c1b4d3d793c30804c173a', 'sha256': '615114d6421fdb3932b0fdc0be374407c68e5227b1449c7b37f2d53b449957e3'}, 'dob': {'date': '1972-08-12T08:38:11.933Z', 'age': 51}, 'registered': {'date': '2020-12-30T23:19:36.850Z', 'age': 3}, 'phone': '9167475833', 'cell': '8102959870', 'id': {'name': 'UIDAI', 'value': '853334676719'}, 'picture': {'large': 'https://randomuser.me/api/portraits/women/74.jpg', 'medium': 'https://randomuser.me/api/portraits/med/women/74.jpg', 'thumbnail': 'https://randomuser.me/api/portraits/thumb/women/74.jpg'}, 'nat': 'IN'}</msg>
<arg>${json_data['results'][0]}</arg>
<doc>Logs the given message with the given level.</doc>
<status status="PASS" start="2024-07-07T11:13:44.099877" elapsed="0.000432"/>
</kw>
<kw name="Log" owner="BuiltIn">
<msg time="2024-07-07T11:13:44.100752" level="INFO">name</msg>
<arg>${key}</arg>
<doc>Logs the given message with the given level.</doc>
<status status="PASS" start="2024-07-07T11:13:44.100627" elapsed="0.000162"/>
</kw>
<var name="${key}">name</var>
<status status="PASS" start="2024-07-07T11:13:44.099202" elapsed="0.001832"/>
</iter>
<iter>
<kw name="Dictionary Should Contain Key" owner="Collections">
<arg>${json_data['results'][0]}</arg>
<arg>${key}</arg>
<doc>Fails if ``key`` is not found from ``dictionary``.</doc>
<status status="PASS" start="2024-07-07T11:13:44.101315" elapsed="0.000401"/>
</kw>
<kw name="Log" owner="BuiltIn">
<msg time="2024-07-07T11:13:44.102239" level="INFO">{'gender': 'female', 'name': {'title': 'Mrs', 'first': 'Bharathy', 'last': 'Pujari'}, 'location': {'street': {'number': 9936, 'name': 'Sampige Rd'}, 'city': 'Morbi', 'state': 'Dadra and Nagar Haveli', 'country': 'India', 'postcode': 71274, 'coordinates': {'latitude': '4.8107', 'longitude': '40.2976'}, 'timezone': {'offset': '+10:00', 'description': 'Eastern Australia, Guam, Vladivostok'}}, 'email': 'bharathy.pujari@example.com', 'login': {'uuid': '2b7efc93-ae62-4744-a2be-177ece1ab7c9', 'username': 'tinybutterfly517', 'password': 'pixies', 'salt': '4xlEtrPj', 'md5': '9ad67a724b07f249d2c4c81056af3d7c', 'sha1': 'd2cc73696294479daa7c1b4d3d793c30804c173a', 'sha256': '615114d6421fdb3932b0fdc0be374407c68e5227b1449c7b37f2d53b449957e3'}, 'dob': {'date': '1972-08-12T08:38:11.933Z', 'age': 51}, 'registered': {'date': '2020-12-30T23:19:36.850Z', 'age': 3}, 'phone': '9167475833', 'cell': '8102959870', 'id': {'name': 'UIDAI', 'value': '853334676719'}, 'picture': {'large': 'https://randomuser.me/api/portraits/women/74.jpg', 'medium': 'https://randomuser.me/api/portraits/med/women/74.jpg', 'thumbnail': 'https://randomuser.me/api/portraits/thumb/women/74.jpg'}, 'nat': 'IN'}</msg>
<arg>${json_data['results'][0]}</arg>
<doc>Logs the given message with the given level.</doc>
<status status="PASS" start="2024-07-07T11:13:44.101897" elapsed="0.000389"/>
</kw>
<kw name="Log" owner="BuiltIn">
<msg time="2024-07-07T11:13:44.102712" level="INFO">location</msg>
<arg>${key}</arg>
<doc>Logs the given message with the given level.</doc>
<status status="PASS" start="2024-07-07T11:13:44.102580" elapsed="0.000168"/>
</kw>
<var name="${key}">location</var>
<status status="PASS" start="2024-07-07T11:13:44.101209" elapsed="0.001752"/>
</iter>
<iter>
<kw name="Dictionary Should Contain Key" owner="Collections">
<arg>${json_data['results'][0]}</arg>
<arg>${key}</arg>
<doc>Fails if ``key`` is not found from ``dictionary``.</doc>
<status status="PASS" start="2024-07-07T11:13:44.103243" elapsed="0.000379"/>
</kw>
<kw name="Log" owner="BuiltIn">
<msg time="2024-07-07T11:13:44.104149" level="INFO">{'gender': 'female', 'name': {'title': 'Mrs', 'first': 'Bharathy', 'last': 'Pujari'}, 'location': {'street': {'number': 9936, 'name': 'Sampige Rd'}, 'city': 'Morbi', 'state': 'Dadra and Nagar Haveli', 'country': 'India', 'postcode': 71274, 'coordinates': {'latitude': '4.8107', 'longitude': '40.2976'}, 'timezone': {'offset': '+10:00', 'description': 'Eastern Australia, Guam, Vladivostok'}}, 'email': 'bharathy.pujari@example.com', 'login': {'uuid': '2b7efc93-ae62-4744-a2be-177ece1ab7c9', 'username': 'tinybutterfly517', 'password': 'pixies', 'salt': '4xlEtrPj', 'md5': '9ad67a724b07f249d2c4c81056af3d7c', 'sha1': 'd2cc73696294479daa7c1b4d3d793c30804c173a', 'sha256': '615114d6421fdb3932b0fdc0be374407c68e5227b1449c7b37f2d53b449957e3'}, 'dob': {'date': '1972-08-12T08:38:11.933Z', 'age': 51}, 'registered': {'date': '2020-12-30T23:19:36.850Z', 'age': 3}, 'phone': '9167475833', 'cell': '8102959870', 'id': {'name': 'UIDAI', 'value': '853334676719'}, 'picture': {'large': 'https://randomuser.me/api/portraits/women/74.jpg', 'medium': 'https://randomuser.me/api/portraits/med/women/74.jpg', 'thumbnail': 'https://randomuser.me/api/portraits/thumb/women/74.jpg'}, 'nat': 'IN'}</msg>
<arg>${json_data['results'][0]}</arg>
<doc>Logs the given message with the given level.</doc>
<status status="PASS" start="2024-07-07T11:13:44.103800" elapsed="0.000396"/>
</kw>
<kw name="Log" owner="BuiltIn">
<msg time="2024-07-07T11:13:44.104646" level="INFO">email</msg>
<arg>${key}</arg>
<doc>Logs the given message with the given level.</doc>
<status status="PASS" start="2024-07-07T11:13:44.104517" elapsed="0.000170"/>
</kw>
<var name="${key}">email</var>
<status status="PASS" start="2024-07-07T11:13:44.103137" elapsed="0.001771"/>
</iter>
<iter>
<kw name="Dictionary Should Contain Key" owner="Collections">
<arg>${json_data['results'][0]}</arg>
<arg>${key}</arg>
<doc>Fails if ``key`` is not found from ``dictionary``.</doc>
<status status="PASS" start="2024-07-07T11:13:44.105188" elapsed="0.000397"/>
</kw>
<kw name="Log" owner="BuiltIn">
<msg time="2024-07-07T11:13:44.106121" level="INFO">{'gender': 'female', 'name': {'title': 'Mrs', 'first': 'Bharathy', 'last': 'Pujari'}, 'location': {'street': {'number': 9936, 'name': 'Sampige Rd'}, 'city': 'Morbi', 'state': 'Dadra and Nagar Haveli', 'country': 'India', 'postcode': 71274, 'coordinates': {'latitude': '4.8107', 'longitude': '40.2976'}, 'timezone': {'offset': '+10:00', 'description': 'Eastern Australia, Guam, Vladivostok'}}, 'email': 'bharathy.pujari@example.com', 'login': {'uuid': '2b7efc93-ae62-4744-a2be-177ece1ab7c9', 'username': 'tinybutterfly517', 'password': 'pixies', 'salt': '4xlEtrPj', 'md5': '9ad67a724b07f249d2c4c81056af3d7c', 'sha1': 'd2cc73696294479daa7c1b4d3d793c30804c173a', 'sha256': '615114d6421fdb3932b0fdc0be374407c68e5227b1449c7b37f2d53b449957e3'}, 'dob': {'date': '1972-08-12T08:38:11.933Z', 'age': 51}, 'registered': {'date': '2020-12-30T23:19:36.850Z', 'age': 3}, 'phone': '9167475833', 'cell': '8102959870', 'id': {'name': 'UIDAI', 'value': '853334676719'}, 'picture': {'large': 'https://randomuser.me/api/portraits/women/74.jpg', 'medium': 'https://randomuser.me/api/portraits/med/women/74.jpg', 'thumbnail': 'https://randomuser.me/api/portraits/thumb/women/74.jpg'}, 'nat': 'IN'}</msg>
<arg>${json_data['results'][0]}</arg>
<doc>Logs the given message with the given level.</doc>
<status status="PASS" start="2024-07-07T11:13:44.105771" elapsed="0.000398"/>
</kw>
<kw name="Log" owner="BuiltIn">
<msg time="2024-07-07T11:13:44.106583" level="INFO">login</msg>
<arg>${key}</arg>
<doc>Logs the given message with the given level.</doc>
<status status="PASS" start="2024-07-07T11:13:44.106458" elapsed="0.000162"/>
</kw>
<var name="${key}">login</var>
<status status="PASS" start="2024-07-07T11:13:44.105078" elapsed="0.001759"/>
</iter>
<var>${key}</var>
<value>@{expected_keys}</value>
<status status="PASS" start="2024-07-07T11:13:44.096927" elapsed="0.010029"/>
</for>
<kw name="Create List" owner="BuiltIn">
<msg time="2024-07-07T11:13:44.107307" level="INFO">${expected_keysTwo} = ['username', 'password']</msg>
<var>${expected_keysTwo}</var>
<arg>username</arg>
<arg>password</arg>
<doc>Returns a list containing given items.</doc>
<status status="PASS" start="2024-07-07T11:13:44.107172" elapsed="0.000159"/>
</kw>
<for flavor="IN">
<iter>
<kw name="Dictionary Should Contain Key" owner="Collections">
<arg>${json_data['results'][0]['login']}</arg>
<arg>${keyTwo}</arg>
<doc>Fails if ``key`` is not found from ``dictionary``.</doc>
<status status="PASS" start="2024-07-07T11:13:44.107821" elapsed="0.000378"/>
</kw>
<kw name="Dictionary Should Contain Key" owner="Collections">
<arg>${json_data['results'][0]['login']}</arg>
<arg>${keyTwo}</arg>
<doc>Fails if ``key`` is not found from ``dictionary``.</doc>
<status status="PASS" start="2024-07-07T11:13:44.108398" elapsed="0.000399"/>
</kw>
<kw name="Log" owner="BuiltIn">
<msg time="2024-07-07T11:13:44.109101" level="INFO">username</msg>
<arg>${keyTwo}</arg>
<doc>Logs the given message with the given level.</doc>
<status status="PASS" start="2024-07-07T11:13:44.108976" elapsed="0.000164"/>
</kw>
<var name="${keyTwo}">username</var>
<status status="PASS" start="2024-07-07T11:13:44.107714" elapsed="0.001644"/>
</iter>
<iter>
<kw name="Dictionary Should Contain Key" owner="Collections">
<arg>${json_data['results'][0]['login']}</arg>
<arg>${keyTwo}</arg>
<doc>Fails if ``key`` is not found from ``dictionary``.</doc>
<status status="PASS" start="2024-07-07T11:13:44.109635" elapsed="0.000382"/>
</kw>
<kw name="Dictionary Should Contain Key" owner="Collections">
<arg>${json_data['results'][0]['login']}</arg>
<arg>${keyTwo}</arg>
<doc>Fails if ``key`` is not found from ``dictionary``.</doc>
<status status="PASS" start="2024-07-07T11:13:44.110192" elapsed="0.000365"/>
</kw>
<kw name="Log" owner="BuiltIn">
<msg time="2024-07-07T11:13:44.110844" level="INFO">password</msg>
<arg>${keyTwo}</arg>
<doc>Logs the given message with the given level.</doc>
<status status="PASS" start="2024-07-07T11:13:44.110728" elapsed="0.000158"/>
</kw>
<var name="${keyTwo}">password</var>
<status status="PASS" start="2024-07-07T11:13:44.109529" elapsed="0.001576"/>
</iter>
<var>${keyTwo}</var>
<value>@{expected_keysTwo}</value>
<status status="PASS" start="2024-07-07T11:13:44.107566" elapsed="0.003659"/>
</for>
<status status="PASS" start="2024-07-07T11:13:44.004721" elapsed="0.106645"/>
</kw>
<doc>Testa a estrutura da resposta da API.</doc>
<tag>testeEstruturaResposta</tag>
<status status="PASS" start="2024-07-07T11:13:44.003961" elapsed="0.107560"/>
</test>
<test id="s1-s1-t4" name="Validar tipos de dados" line="28">
<kw name="Teste de Tipos de Dados" owner="random-user-service">
<kw name="GET On Session" owner="RequestsLibrary">
<msg time="2024-07-07T11:13:44.194232" level="INFO">GET Request : url=https://randomuser.me/api 
 path_url=/api 
 headers={'User-Agent': 'python-requests/2.32.3', 'Accept-Encoding': 'gzip, deflate', 'Accept': '*/*', 'Connection': 'keep-alive'} 
 body=None 
 </msg>
<msg time="2024-07-07T11:13:44.194311" level="INFO">GET Response : url=https://randomuser.me/api 
 status=200, reason=OK 
 headers={'Date': 'Sun, 07 Jul 2024 11:13:44 GMT', 'Content-Type': 'application/json; charset=utf-8', 'Transfer-Encoding': 'chunked', 'Connection': 'keep-alive', 'X-Powered-By': 'Express', 'Access-Control-Allow-Origin': '*', 'Cache-Control': 'no-cache', 'ETag': 'W/"466-oUTEDKVHXiU3cC01KCRzGf89Grk"', 'Vary': 'Accept-Encoding', 'Content-Encoding': 'gzip', 'CF-Cache-Status': 'DYNAMIC', 'Report-To': '{"endpoints":[{"url":"https:\\/\\/a.nel.cloudflare.com\\/report\\/v4?s=W2iSTs6mpFs6oYAhVQ0oNGcnBm4pLFPAr46s13pqeNxg9bWn%2BEeuUTJgT3I7ulnnml%2BbOF1Z3tkMDo8ivd4hBmgHl4Z3XLCA6OPmTWhdVKzBpVemKnAiwJGgFw6lEFwS"}],"group":"cf-nel","max_age":604800}', 'NEL': '{"success_fraction":0,"report_to":"cf-nel","max_age":604800}', 'Server': 'cloudflare', 'CF-RAY': '89f7682ace6e094f-IAD', 'alt-svc': 'h3=":443"; ma=86400'} 
 body={"results":[{"gender":"female","name":{"title":"Mrs","first":"Alise","last":"Alsos"},"location":{"street":{"number":995,"name":"Adventveien"},"city":"Movik","state":"Description","country":"Norway","postcode":"3025","coordinates":{"latitude":"45.1397","longitude":"0.2191"},"timezone":{"offset":"-10:00","description":"Hawaii"}},"email":"alise.alsos@example.com","login":{"uuid":"00511083-87b5-4d47-8a47-5f6e435de060","username":"lazygoose978","password":"deborah","salt":"DTt2qCWO","md5":"c63b86ab19d3db6ea6b84745d1cd63d6","sha1":"c24c352b6080a8a03c69099bd22c42d2a7140502","sha256":"0bd85ab4001c090f14a4e22a838c8e53bbd3d97122319ef923e2f8f73743215b"},"dob":{"date":"1968-06-15T04:46:14.919Z","age":56},"registered":{"date":"2020-11-15T18:12:27.032Z","age":3},"phone":"33890407","cell":"99648189","id":{"name":"FN","value":"15066846854"},"picture":{"large":"https://randomuser.me/api/portraits/women/29.jpg","medium":"https://randomuser.me/api/portraits/med/women/29.jpg","thumbnail":"https://randomuser.me/api/portraits/thumb/women/29.jpg"},"nat":"NO"}],"info":{"seed":"537e0f4c31310262","results":1,"page":1,"version":"1.4"}} 
 </msg>
<msg time="2024-07-07T11:13:44.194375" level="INFO">/opt/hostedtoolcache/Python/3.12.4/x64/lib/python3.12/site-packages/urllib3/connectionpool.py:1099: InsecureRequestWarning: Unverified HTTPS request is being made to host 'randomuser.me'. Adding certificate verification is strongly advised. See: https://urllib3.readthedocs.io/en/latest/advanced-usage.html#tls-warnings
  warnings.warn(</msg>
<msg time="2024-07-07T11:13:44.194487" level="INFO">${response} = &lt;Response [200]&gt;</msg>
<var>${response}</var>
<arg>consultarAPI</arg>
<arg>/api</arg>
<doc>Sends a GET request on a previously created HTTP Session.</doc>
<status status="PASS" start="2024-07-07T11:13:44.114238" elapsed="0.080289"/>
</kw>
<kw name="Set Variable" owner="BuiltIn">
<msg time="2024-07-07T11:13:44.195608" level="INFO">${json_data} = {'results': [{'gender': 'female', 'name': {'title': 'Mrs', 'first': 'Alise', 'last': 'Alsos'}, 'location': {'street': {'number': 995, 'name': 'Adventveien'}, 'city': 'Movik', 'state': 'Description', '...</msg>
<var>${json_data}</var>
<arg>${response.json()}</arg>
<doc>Returns the given values which can then be assigned to a variables.</doc>
<status status="PASS" start="2024-07-07T11:13:44.195042" elapsed="0.000594"/>
</kw>
<kw name="Log" owner="BuiltIn">
<msg time="2024-07-07T11:13:44.196110" level="INFO">{'results': [{'gender': 'female', 'name': {'title': 'Mrs', 'first': 'Alise', 'last': 'Alsos'}, 'location': {'street': {'number': 995, 'name': 'Adventveien'}, 'city': 'Movik', 'state': 'Description', 'country': 'Norway', 'postcode': '3025', 'coordinates': {'latitude': '45.1397', 'longitude': '0.2191'}, 'timezone': {'offset': '-10:00', 'description': 'Hawaii'}}, 'email': 'alise.alsos@example.com', 'login': {'uuid': '00511083-87b5-4d47-8a47-5f6e435de060', 'username': 'lazygoose978', 'password': 'deborah', 'salt': 'DTt2qCWO', 'md5': 'c63b86ab19d3db6ea6b84745d1cd63d6', 'sha1': 'c24c352b6080a8a03c69099bd22c42d2a7140502', 'sha256': '0bd85ab4001c090f14a4e22a838c8e53bbd3d97122319ef923e2f8f73743215b'}, 'dob': {'date': '1968-06-15T04:46:14.919Z', 'age': 56}, 'registered': {'date': '2020-11-15T18:12:27.032Z', 'age': 3}, 'phone': '33890407', 'cell': '99648189', 'id': {'name': 'FN', 'value': '15066846854'}, 'picture': {'large': 'https://randomuser.me/api/portraits/women/29.jpg', 'medium': 'https://randomuser.me/api/portraits/med/women/29.jpg', 'thumbnail': 'https://randomuser.me/api/portraits/thumb/women/29.jpg'}, 'nat': 'NO'}], 'info': {'seed': '537e0f4c31310262', 'results': 1, 'page': 1, 'version': '1.4'}}</msg>
<arg>${json_data}</arg>
<doc>Logs the given message with the given level.</doc>
<status status="PASS" start="2024-07-07T11:13:44.195956" elapsed="0.000209"/>
</kw>
<kw name="Should Be String" owner="String">
<arg>${json_data['results'][0]['gender']}</arg>
<doc>Fails if the given ``item`` is not a string.</doc>
<status status="PASS" start="2024-07-07T11:13:44.196492" elapsed="0.000361"/>
</kw>
<kw name="Should Match Regexp" owner="BuiltIn">
<arg>${json_data['results'][0]['email']}</arg>
<arg>^[a-zA-Z0-9._%+-]+@[a-zA-Z0-9.-]+\.[a-zA-Z]{2,}$</arg>
<doc>Fails if ``string`` does not match ``pattern`` as a regular expression.</doc>
<status status="PASS" start="2024-07-07T11:13:44.197043" elapsed="0.000568"/>
</kw>
<kw name="Should Match Regexp" owner="BuiltIn">
<arg>${json_data['results'][0]['dob']['date']}</arg>
<arg>\\d{4}-\\d{2}-\\d{2}T\\d{2}:\\d{2}:\\d{2}\\.\\d{3}Z</arg>
<doc>Fails if ``string`` does not match ``pattern`` as a regular expression.</doc>
<status status="PASS" start="2024-07-07T11:13:44.197815" elapsed="0.000494"/>
</kw>
<kw name="Should Match Regexp" owner="BuiltIn">
<arg>${json_data['results'][0]['registered']['date']}</arg>
<arg>\\d{4}-\\d{2}-\\d{2}T\\d{2}:\\d{2}:\\d{2}\\.\\d{3}Z</arg>
<doc>Fails if ``string`` does not match ``pattern`` as a regular expression.</doc>
<status status="PASS" start="2024-07-07T11:13:44.198501" elapsed="0.000364"/>
</kw>
<kw name="Should Match Regexp" owner="BuiltIn">
<arg>${json_data['results'][0]['picture']['large']}</arg>
<arg>^https?://.*\.(?:png|jpe?g|gif|bmp)$</arg>
<doc>Fails if ``string`` does not match ``pattern`` as a regular expression.</doc>
<status status="PASS" start="2024-07-07T11:13:44.199056" elapsed="0.000461"/>
</kw>
<kw name="Should Match Regexp" owner="BuiltIn">
<arg>${json_data['results'][0]['picture']['medium']}</arg>
<arg>^https?://.*\.(?:png|jpe?g|gif|bmp)$</arg>
<doc>Fails if ``string`` does not match ``pattern`` as a regular expression.</doc>
<status status="PASS" start="2024-07-07T11:13:44.199704" elapsed="0.000356"/>
</kw>
<kw name="Should Match Regexp" owner="BuiltIn">
<arg>${json_data['results'][0]['picture']['thumbnail']}</arg>
<arg>^https?://.*\.(?:png|jpe?g|gif|bmp)$</arg>
<doc>Fails if ``string`` does not match ``pattern`` as a regular expression.</doc>
<status status="PASS" start="2024-07-07T11:13:44.200245" elapsed="0.000393"/>
</kw>
<kw name="Log" owner="BuiltIn">
<msg time="2024-07-07T11:13:44.201213" level="INFO">{'large': 'https://randomuser.me/api/portraits/women/29.jpg', 'medium': 'https://randomuser.me/api/portraits/med/women/29.jpg', 'thumbnail': 'https://randomuser.me/api/portraits/thumb/women/29.jpg'}</msg>
<arg>${json_data['results'][0]['picture']}</arg>
<doc>Logs the given message with the given level.</doc>
<status status="PASS" start="2024-07-07T11:13:44.200826" elapsed="0.000447"/>
</kw>
<status status="PASS" start="2024-07-07T11:13:44.114010" elapsed="0.087531"/>
</kw>
<kw name="Teste de Tipos de Dados - Postcode" owner="random-user-service">
<kw name="GET On Session" owner="RequestsLibrary">
<msg time="2024-07-07T11:13:44.292742" level="INFO">GET Request : url=https://randomuser.me/api 
 path_url=/api 
 headers={'User-Agent': 'python-requests/2.32.3', 'Accept-Encoding': 'gzip, deflate', 'Accept': '*/*', 'Connection': 'keep-alive'} 
 body=None 
 </msg>
<msg time="2024-07-07T11:13:44.292854" level="INFO">GET Response : url=https://randomuser.me/api 
 status=200, reason=OK 
 headers={'Date': 'Sun, 07 Jul 2024 11:13:44 GMT', 'Content-Type': 'application/json; charset=utf-8', 'Transfer-Encoding': 'chunked', 'Connection': 'keep-alive', 'X-Powered-By': 'Express', 'Access-Control-Allow-Origin': '*', 'Cache-Control': 'no-cache', 'ETag': 'W/"481-1ONd9SQUcNRBQ0V+6uS0O8HsSfg"', 'Vary': 'Accept-Encoding', 'Content-Encoding': 'gzip', 'CF-Cache-Status': 'DYNAMIC', 'Report-To': '{"endpoints":[{"url":"https:\\/\\/a.nel.cloudflare.com\\/report\\/v4?s=h0aRQoPn89xw6rm4ZnbK6k7QSr6TXMWx0lOx5ZQGcKZx%2B4HSjjRm5LuybSxvbN%2Fy8d%2BOOdRl16Rv471SrWsjv%2F3HJmjrNlkR3XxBZs4KXp2ivqdxv8eB0XM79ojiQMVT"}],"group":"cf-nel","max_age":604800}', 'NEL': '{"success_fraction":0,"report_to":"cf-nel","max_age":604800}', 'Server': 'cloudflare', 'CF-RAY': '89f7682b4eca094f-IAD', 'alt-svc': 'h3=":443"; ma=86400'} 
 body={"results":[{"gender":"male","name":{"title":"Mr","first":"Tony","last":"Refsdal"},"location":{"street":{"number":2319,"name":"Utsikten"},"city":"Sviland","state":"Aust-Agder","country":"Norway","postcode":"1009","coordinates":{"latitude":"45.1902","longitude":"-15.1823"},"timezone":{"offset":"-4:00","description":"Atlantic Time (Canada), Caracas, La Paz"}},"email":"tony.refsdal@example.com","login":{"uuid":"ea43ec12-532e-4acf-ba45-9a455205bdfa","username":"goldenfrog622","password":"mylife","salt":"woh4NW8Q","md5":"1686be8a79c35934c5001e5201fc0421","sha1":"04f9c6b3710b26c8cd9975c186deebbd08ffc64d","sha256":"54c9c2d111039a5d1df9e0a544e43427aa95beb2e68c3e55728211ed9da3e282"},"dob":{"date":"1982-03-12T12:19:58.474Z","age":42},"registered":{"date":"2008-05-13T20:50:15.335Z","age":16},"phone":"51037896","cell":"98199695","id":{"name":"FN","value":"12038225594"},"picture":{"large":"https://randomuser.me/api/portraits/men/33.jpg","medium":"https://randomuser.me/api/portraits/med/men/33.jpg","thumbnail":"https://randomuser.me/api/portraits/thumb/men/33.jpg"},"nat":"NO"}],"info":{"seed":"1b70229ef9575ce9","results":1,"page":1,"version":"1.4"}} 
 </msg>
<msg time="2024-07-07T11:13:44.292934" level="INFO">/opt/hostedtoolcache/Python/3.12.4/x64/lib/python3.12/site-packages/urllib3/connectionpool.py:1099: InsecureRequestWarning: Unverified HTTPS request is being made to host 'randomuser.me'. Adding certificate verification is strongly advised. See: https://urllib3.readthedocs.io/en/latest/advanced-usage.html#tls-warnings
  warnings.warn(</msg>
<msg time="2024-07-07T11:13:44.293071" level="INFO">${response} = &lt;Response [200]&gt;</msg>
<var>${response}</var>
<arg>consultarAPI</arg>
<arg>/api</arg>
<doc>Sends a GET request on a previously created HTTP Session.</doc>
<status status="PASS" start="2024-07-07T11:13:44.201994" elapsed="0.091118"/>
</kw>
<kw name="Set Variable" owner="BuiltIn">
<msg time="2024-07-07T11:13:44.294287" level="INFO">${json_data} = {'results': [{'gender': 'male', 'name': {'title': 'Mr', 'first': 'Tony', 'last': 'Refsdal'}, 'location': {'street': {'number': 2319, 'name': 'Utsikten'}, 'city': 'Sviland', 'state': 'Aust-Agder', 'cou...</msg>
<var>${json_data}</var>
<arg>${response.json()}</arg>
<doc>Returns the given values which can then be assigned to a variables.</doc>
<status status="PASS" start="2024-07-07T11:13:44.293714" elapsed="0.000602"/>
</kw>
<kw name="Log" owner="BuiltIn">
<msg time="2024-07-07T11:13:44.294798" level="INFO">{'results': [{'gender': 'male', 'name': {'title': 'Mr', 'first': 'Tony', 'last': 'Refsdal'}, 'location': {'street': {'number': 2319, 'name': 'Utsikten'}, 'city': 'Sviland', 'state': 'Aust-Agder', 'country': 'Norway', 'postcode': '1009', 'coordinates': {'latitude': '45.1902', 'longitude': '-15.1823'}, 'timezone': {'offset': '-4:00', 'description': 'Atlantic Time (Canada), Caracas, La Paz'}}, 'email': 'tony.refsdal@example.com', 'login': {'uuid': 'ea43ec12-532e-4acf-ba45-9a455205bdfa', 'username': 'goldenfrog622', 'password': 'mylife', 'salt': 'woh4NW8Q', 'md5': '1686be8a79c35934c5001e5201fc0421', 'sha1': '04f9c6b3710b26c8cd9975c186deebbd08ffc64d', 'sha256': '54c9c2d111039a5d1df9e0a544e43427aa95beb2e68c3e55728211ed9da3e282'}, 'dob': {'date': '1982-03-12T12:19:58.474Z', 'age': 42}, 'registered': {'date': '2008-05-13T20:50:15.335Z', 'age': 16}, 'phone': '51037896', 'cell': '98199695', 'id': {'name': 'FN', 'value': '12038225594'}, 'picture': {'large': 'https://randomuser.me/api/portraits/men/33.jpg', 'medium': 'https://randomuser.me/api/portraits/med/men/33.jpg', 'thumbnail': 'https://randomuser.me/api/portraits/thumb/men/33.jpg'}, 'nat': 'NO'}], 'info': {'seed': '1b70229ef9575ce9', 'results': 1, 'page': 1, 'version': '1.4'}}</msg>
<arg>${json_data}</arg>
<doc>Logs the given message with the given level.</doc>
<status status="PASS" start="2024-07-07T11:13:44.294632" elapsed="0.000213"/>
</kw>
<kw name="Should Be Equal As Numbers" owner="BuiltIn">
<arg>${json_data['results'][0]['location']['postcode']}</arg>
<arg>${json_data['results'][0]['location']['postcode']}</arg>
<doc>Fails if objects are unequal after converting them to real numbers.</doc>
<status status="PASS" start="2024-07-07T11:13:44.295142" elapsed="0.000633"/>
</kw>
<kw name="Log" owner="BuiltIn">
<msg time="2024-07-07T11:13:44.296305" level="INFO">1009</msg>
<arg>${json_data['results'][0]['location']['postcode']}</arg>
<doc>Logs the given message with the given level.</doc>
<status status="PASS" start="2024-07-07T11:13:44.295964" elapsed="0.000382"/>
</kw>
<status status="PASS" start="2024-07-07T11:13:44.201770" elapsed="0.094910"/>
</kw>
<doc>Testa se os tipos de dados na resposta da API estão corretos.</doc>
<tag>testeTiposDados</tag>
<status status="PASS" start="2024-07-07T11:13:44.113350" elapsed="0.183508"/>
</test>
<test id="s1-s1-t5" name="Validar conteudo" line="35">
<kw name="Teste de Tipos de Conteudo" owner="random-user-service">
<kw name="GET On Session" owner="RequestsLibrary">
<msg time="2024-07-07T11:13:44.394687" level="INFO">GET Request : url=https://randomuser.me/api 
 path_url=/api 
 headers={'User-Agent': 'python-requests/2.32.3', 'Accept-Encoding': 'gzip, deflate', 'Accept': '*/*', 'Connection': 'keep-alive'} 
 body=None 
 </msg>
<msg time="2024-07-07T11:13:44.394771" level="INFO">GET Response : url=https://randomuser.me/api 
 status=200, reason=OK 
 headers={'Date': 'Sun, 07 Jul 2024 11:13:44 GMT', 'Content-Type': 'application/json; charset=utf-8', 'Transfer-Encoding': 'chunked', 'Connection': 'keep-alive', 'X-Powered-By': 'Express', 'Access-Control-Allow-Origin': '*', 'Cache-Control': 'no-cache', 'ETag': 'W/"48b-vx5LFTQEmwjYvraGfn4DwceLbec"', 'Vary': 'Accept-Encoding', 'Content-Encoding': 'gzip', 'CF-Cache-Status': 'DYNAMIC', 'Report-To': '{"endpoints":[{"url":"https:\\/\\/a.nel.cloudflare.com\\/report\\/v4?s=lLXziIUe7lLww68a96omvJjM%2BdmtgFRHvPRbAdYOGg%2BxhPjaiiyV%2FaJOBAWs2TwTltwpT9ocNNf6byYUGQZjZp9htyP4%2F6skxarxo4TWn83wo9FEYM9UsKTF0IRWFSr0"}],"group":"cf-nel","max_age":604800}', 'NEL': '{"success_fraction":0,"report_to":"cf-nel","max_age":604800}', 'Server': 'cloudflare', 'CF-RAY': '89f7682bef2c094f-IAD', 'alt-svc': 'h3=":443"; ma=86400'} 
 body={"results":[{"gender":"female","name":{"title":"Mrs","first":"Josefine","last":"Nielsen"},"location":{"street":{"number":6608,"name":"Assensvej"},"city":"Beder","state":"Danmark","country":"Denmark","postcode":70778,"coordinates":{"latitude":"-46.9443","longitude":"106.0029"},"timezone":{"offset":"-6:00","description":"Central Time (US &amp; Canada), Mexico City"}},"email":"josefine.nielsen@example.com","login":{"uuid":"6a73a011-a19f-47d9-b9f4-1a9407379f45","username":"crazybird671","password":"water","salt":"gI7B2LnJ","md5":"76592a1a78e2919778d12040033c4c1e","sha1":"7073a22fb45c508b4de72fcb92680b8110cbc99a","sha256":"dae440baf6816f2b80200520ec3ff7a36b28d4d2617f05bad7fd4d9d2c6080a8"},"dob":{"date":"1976-11-20T01:02:47.141Z","age":47},"registered":{"date":"2008-04-12T01:35:47.047Z","age":16},"phone":"42469236","cell":"78095513","id":{"name":"CPR","value":"191176-3110"},"picture":{"large":"https://randomuser.me/api/portraits/women/0.jpg","medium":"https://randomuser.me/api/portraits/med/women/0.jpg","thumbnail":"https://randomuser.me/api/portraits/thumb/women/0.jpg"},"nat":"DK"}],"info":{"seed":"c588166973c93bd7","results":1,"page":1,"version":"1.4"}} 
 </msg>
<msg time="2024-07-07T11:13:44.394867" level="INFO">/opt/hostedtoolcache/Python/3.12.4/x64/lib/python3.12/site-packages/urllib3/connectionpool.py:1099: InsecureRequestWarning: Unverified HTTPS request is being made to host 'randomuser.me'. Adding certificate verification is strongly advised. See: https://urllib3.readthedocs.io/en/latest/advanced-usage.html#tls-warnings
  warnings.warn(</msg>
<msg time="2024-07-07T11:13:44.394987" level="INFO">${response} = &lt;Response [200]&gt;</msg>
<var>${response}</var>
<arg>consultarAPI</arg>
<arg>/api</arg>
<doc>Sends a GET request on a previously created HTTP Session.</doc>
<status status="PASS" start="2024-07-07T11:13:44.299618" elapsed="0.095421"/>
</kw>
<kw name="Set Variable" owner="BuiltIn">
<msg time="2024-07-07T11:13:44.396188" level="INFO">${json_data} = {'results': [{'gender': 'female', 'name': {'title': 'Mrs', 'first': 'Josefine', 'last': 'Nielsen'}, 'location': {'street': {'number': 6608, 'name': 'Assensvej'}, 'city': 'Beder', 'state': 'Danmark', '...</msg>
<var>${json_data}</var>
<arg>${response.json()}</arg>
<doc>Returns the given values which can then be assigned to a variables.</doc>
<status status="PASS" start="2024-07-07T11:13:44.395568" elapsed="0.000650"/>
</kw>
<kw name="Set Variable" owner="BuiltIn">
<msg time="2024-07-07T11:13:44.396948" level="INFO">${name_title} = Mrs</msg>
<var>${name_title}</var>
<arg>${json_data["results"][0]["name"]["title"]}</arg>
<doc>Returns the given values which can then be assigned to a variables.</doc>
<status status="PASS" start="2024-07-07T11:13:44.396568" elapsed="0.000407"/>
</kw>
<kw name="Create List" owner="BuiltIn">
<msg time="2024-07-07T11:13:44.397428" level="INFO">${allowed_titles} = ['Mr', 'Ms', 'Miss', 'Mrs', 'Madame', 'Monsieur']</msg>
<var>${allowed_titles}</var>
<arg>Mr</arg>
<arg>Ms</arg>
<arg>Miss</arg>
<arg>Mrs</arg>
<arg>Madame</arg>
<arg>Monsieur</arg>
<doc>Returns a list containing given items.</doc>
<status status="PASS" start="2024-07-07T11:13:44.397276" elapsed="0.000176"/>
</kw>
<kw name="List Should Contain Value" owner="Collections">
<arg>${allowed_titles}</arg>
<arg>${name_title}</arg>
<doc>Fails if the ``value`` is not found from ``list``.</doc>
<status status="PASS" start="2024-07-07T11:13:44.397754" elapsed="0.000176"/>
</kw>
<kw name="Set Variable" owner="BuiltIn">
<msg time="2024-07-07T11:13:44.398474" level="INFO">${name_country} = DK</msg>
<var>${name_country}</var>
<arg>${json_data["results"][0]["nat"]}</arg>
<doc>Returns the given values which can then be assigned to a variables.</doc>
<status status="PASS" start="2024-07-07T11:13:44.398110" elapsed="0.000390"/>
</kw>
<kw name="Create List" owner="BuiltIn">
<msg time="2024-07-07T11:13:44.399391" level="INFO">${list_country} = ['AD', 'AE', 'AF', 'AG', 'AI', 'AL', 'AM', 'AO', 'AQ', 'AR', 'AS', 'AT', 'AU', 'AW', 'AX', 'AZ', 'BA', 'BB', 'BD', 'BE', 'BF', 'BG', 'BH', 'BI', 'BJ', 'BL', 'BM', 'BN', 'BO', 'BQ', 'BR', 'BS', 'BT', '...</msg>
<var>${list_country}</var>
<arg>AD</arg>
<arg>AE</arg>
<arg>AF</arg>
<arg>AG</arg>
<arg>AI</arg>
<arg>AL</arg>
<arg>AM</arg>
<arg>AO</arg>
<arg>AQ</arg>
<arg>AR</arg>
<arg>AS</arg>
<arg>AT</arg>
<arg>AU</arg>
<arg>AW</arg>
<arg>AX</arg>
<arg>AZ</arg>
<arg>BA</arg>
<arg>BB</arg>
<arg>BD</arg>
<arg>BE</arg>
<arg>BF</arg>
<arg>BG</arg>
<arg>BH</arg>
<arg>BI</arg>
<arg>BJ</arg>
<arg>BL</arg>
<arg>BM</arg>
<arg>BN</arg>
<arg>BO</arg>
<arg>BQ</arg>
<arg>BR</arg>
<arg>BS</arg>
<arg>BT</arg>
<arg>BV</arg>
<arg>BW</arg>
<arg>BY</arg>
<arg>BZ</arg>
<arg>CA</arg>
<arg>CC</arg>
<arg>CD</arg>
<arg>CF</arg>
<arg>CG</arg>
<arg>CH</arg>
<arg>CI</arg>
<arg>CK</arg>
<arg>CL</arg>
<arg>CM</arg>
<arg>CN</arg>
<arg>CO</arg>
<arg>CR</arg>
<arg>CU</arg>
<arg>CV</arg>
<arg>CW</arg>
<arg>CX</arg>
<arg>CY</arg>
<arg>CZ</arg>
<arg>DE</arg>
<arg>DJ</arg>
<arg>DK</arg>
<arg>DM</arg>
<arg>DO</arg>
<arg>DZ</arg>
<arg>EC</arg>
<arg>EE</arg>
<arg>EG</arg>
<arg>EH</arg>
<arg>ER</arg>
<arg>ES</arg>
<arg>ET</arg>
<arg>FI</arg>
<arg>FJ</arg>
<arg>FK</arg>
<arg>FM</arg>
<arg>FO</arg>
<arg>FR</arg>
<arg>GA</arg>
<arg>GB</arg>
<arg>GD</arg>
<arg>GE</arg>
<arg>GF</arg>
<arg>GG</arg>
<arg>GH</arg>
<arg>GI</arg>
<arg>GL</arg>
<arg>GM</arg>
<arg>GN</arg>
<arg>GP</arg>
<arg>GQ</arg>
<arg>GR</arg>
<arg>GS</arg>
<arg>GT</arg>
<arg>GU</arg>
<arg>GW</arg>
<arg>GY</arg>
<arg>HK</arg>
<arg>HM</arg>
<arg>HN</arg>
<arg>HR</arg>
<arg>HT</arg>
<arg>HU</arg>
<arg>ID</arg>
<arg>IE</arg>
<arg>IL</arg>
<arg>IM</arg>
<arg>IN</arg>
<arg>IO</arg>
<arg>IQ</arg>
<arg>IR</arg>
<arg>IS</arg>
<arg>IT</arg>
<arg>JE</arg>
<arg>JM</arg>
<arg>JO</arg>
<arg>JP</arg>
<arg>KE</arg>
<arg>KG</arg>
<arg>KH</arg>
<arg>KI</arg>
<arg>KM</arg>
<arg>KN</arg>
<arg>KP</arg>
<arg>KR</arg>
<arg>KW</arg>
<arg>KY</arg>
<arg>KZ</arg>
<arg>LA</arg>
<arg>LB</arg>
<arg>LC</arg>
<arg>LI</arg>
<arg>LK</arg>
<arg>LR</arg>
<arg>LS</arg>
<arg>LT</arg>
<arg>LU</arg>
<arg>LV</arg>
<arg>LY</arg>
<arg>MA</arg>
<arg>MC</arg>
<arg>MD</arg>
<arg>ME</arg>
<arg>MF</arg>
<arg>MG</arg>
<arg>MH</arg>
<arg>MK</arg>
<arg>ML</arg>
<arg>MM</arg>
<arg>MN</arg>
<arg>MO</arg>
<arg>MP</arg>
<arg>MQ</arg>
<arg>MR</arg>
<arg>MS</arg>
<arg>MT</arg>
<arg>MU</arg>
<arg>MV</arg>
<arg>MW</arg>
<arg>MX</arg>
<arg>MY</arg>
<arg>MZ</arg>
<arg>NA</arg>
<arg>NC</arg>
<arg>NE</arg>
<arg>NF</arg>
<arg>NG</arg>
<arg>NI</arg>
<arg>NL</arg>
<arg>NO</arg>
<arg>NP</arg>
<arg>NR</arg>
<arg>NU</arg>
<arg>NZ</arg>
<arg>OM</arg>
<arg>PA</arg>
<arg>PE</arg>
<arg>PF</arg>
<arg>PG</arg>
<arg>PH</arg>
<arg>PK</arg>
<arg>PL</arg>
<arg>PM</arg>
<arg>PN</arg>
<arg>PR</arg>
<arg>PS</arg>
<arg>PT</arg>
<arg>PW</arg>
<arg>PY</arg>
<arg>QA</arg>
<arg>RE</arg>
<arg>RO</arg>
<arg>RS</arg>
<arg>RU</arg>
<arg>RW</arg>
<arg>SA</arg>
<arg>SB</arg>
<arg>SC</arg>
<arg>SD</arg>
<arg>SE</arg>
<arg>SG</arg>
<arg>SH</arg>
<arg>SI</arg>
<arg>SJ</arg>
<arg>SK</arg>
<arg>SL</arg>
<arg>SM</arg>
<arg>SN</arg>
<arg>SO</arg>
<arg>SR</arg>
<arg>SS</arg>
<arg>ST</arg>
<arg>SV</arg>
<arg>SX</arg>
<arg>SY</arg>
<arg>SZ</arg>
<arg>TC</arg>
<arg>TD</arg>
<arg>TF</arg>
<arg>TG</arg>
<arg>TH</arg>
<arg>TJ</arg>
<arg>TK</arg>
<arg>TL</arg>
<arg>TM</arg>
<arg>TN</arg>
<arg>TO</arg>
<arg>TR</arg>
<arg>TT</arg>
<arg>TV</arg>
<arg>TW</arg>
<arg>TZ</arg>
<arg>UA</arg>
<arg>UG</arg>
<arg>UM</arg>
<arg>US</arg>
<arg>UY</arg>
<arg>UZ</arg>
<arg>VA</arg>
<arg>VC</arg>
<arg>VE</arg>
<arg>VG</arg>
<arg>VI</arg>
<arg>VN</arg>
<arg>VU</arg>
<arg>WF</arg>
<arg>WS</arg>
<arg>XK</arg>
<arg>YE</arg>
<arg>YT</arg>
<arg>ZA</arg>
<arg>ZM</arg>
<arg>ZW</arg>
<doc>Returns a list containing given items.</doc>
<status status="PASS" start="2024-07-07T11:13:44.398797" elapsed="0.000620"/>
</kw>
<kw name="List Should Contain Value" owner="Collections">
<arg>${list_country}</arg>
<arg>${name_country}</arg>
<doc>Fails if the ``value`` is not found from ``list``.</doc>
<status status="PASS" start="2024-07-07T11:13:44.400265" elapsed="0.000232"/>
</kw>
<kw name="Run Keyword If" owner="BuiltIn">
<kw name="Should Be True" owner="BuiltIn">
<arg>${True}</arg>
<doc>Fails if the given condition is not true.</doc>
<status status="PASS" start="2024-07-07T11:13:44.401529" elapsed="0.000172"/>
</kw>
<arg>${json_data["results"][0]["location"]["coordinates"]["latitude"]} &gt;= -90 and ${json_data["results"][0]["location"]["coordinates"]["latitude"]} &lt;= 90</arg>
<arg>Should Be True</arg>
<arg>${True}</arg>
<doc>Runs the given keyword with the given arguments, if ``condition`` is true.</doc>
<status status="PASS" start="2024-07-07T11:13:44.400698" elapsed="0.001162"/>
</kw>
<kw name="Run Keyword If" owner="BuiltIn">
<kw name="Should Be True" owner="BuiltIn">
<arg>${True}</arg>
<doc>Fails if the given condition is not true.</doc>
<status status="PASS" start="2024-07-07T11:13:44.402801" elapsed="0.000140"/>
</kw>
<arg>${json_data["results"][0]["location"]["coordinates"]["longitude"]} &gt;= -180 and ${json_data["results"][0]["location"]["coordinates"]["longitude"]} &lt;= 180</arg>
<arg>Should Be True</arg>
<arg>${True}</arg>
<doc>Runs the given keyword with the given arguments, if ``condition`` is true.</doc>
<status status="PASS" start="2024-07-07T11:13:44.402097" elapsed="0.000969"/>
</kw>
<status status="PASS" start="2024-07-07T11:13:44.299219" elapsed="0.103981"/>
</kw>
<doc>Testa o conteúdo específico dos campos retornados pela API.</doc>
<tag>testeConteudo</tag>
<status status="PASS" start="2024-07-07T11:13:44.298670" elapsed="0.104677"/>
</test>
<status status="PASS" start="2024-07-07T11:13:43.583886" elapsed="0.821530"/>
</suite>
<status status="PASS" start="2024-07-07T11:13:43.568841" elapsed="0.841745"/>
</suite>
<statistics>
<total>
<stat pass="5" fail="0" skip="0">All Tests</stat>
</total>
<tag>
<stat pass="1" fail="0" skip="0">testeConteudo</stat>
<stat pass="1" fail="0" skip="0">testeEstruturaResposta</stat>
<stat pass="1" fail="0" skip="0">testeRequisicaoBasica</stat>
<stat pass="1" fail="0" skip="0">testeTiposDados</stat>
</tag>
<suite>
<stat pass="5" fail="0" skip="0" id="s1" name="Tests">Tests</stat>
<stat pass="5" fail="0" skip="0" id="s1-s1" name="Random-User-Test">Tests.Random-User-Test</stat>
</suite>
</statistics>
<errors>
</errors>
</robot>
