<?xml version="1.0" encoding="UTF-8"?>
<robot generator="Robot 7.0.1 (Python 3.12.4 on linux)" generated="2024-07-24T04:17:39.065960" rpa="false" schemaversion="5">
<suite id="s1" name="Tests" source="/home/runner/work/ApiRandomUser/ApiRandomUser/RamdonUser/tests">
<suite id="s1-s1" name="Random-User-Test" source="/home/runner/work/ApiRandomUser/ApiRandomUser/RamdonUser/tests/random-user-test.robot">
<test id="s1-s1-t1" name="Conectar" line="13">
<kw name="Conectar API" owner="random-user-service">
<kw name="Create Session" owner="RequestsLibrary">
<msg time="2024-07-24T04:17:39.452399" level="INFO">Creating Session using : alias=consultarAPI, url=https://randomuser.me/, headers={},                     cookies={}, auth=None, timeout=None, proxies=None, verify=False,                     debug=0 </msg>
<arg>consultarAPI</arg>
<arg>${URL}</arg>
<doc>Create Session: create a HTTP session to a server</doc>
<status status="PASS" start="2024-07-24T04:17:39.452207" elapsed="0.000359"/>
</kw>
<status status="PASS" start="2024-07-24T04:17:39.451207" elapsed="0.001702"/>
</kw>
<status status="PASS" start="2024-07-24T04:17:39.450610" elapsed="0.002520"/>
</test>
<test id="s1-s1-t2" name="Validar retorno 200 e JSON Válido" line="16">
<kw name="Teste de Requisicao Basica" owner="random-user-service">
<kw name="GET On Session" owner="RequestsLibrary">
<msg time="2024-07-24T04:17:39.613298" level="INFO">GET Request : url=https://randomuser.me/api 
 path_url=/api 
 headers={'User-Agent': 'python-requests/2.32.3', 'Accept-Encoding': 'gzip, deflate', 'Accept': '*/*', 'Connection': 'keep-alive'} 
 body=None 
 </msg>
<msg time="2024-07-24T04:17:39.613416" level="INFO">GET Response : url=https://randomuser.me/api 
 status=200, reason=OK 
 headers={'Date': 'Wed, 24 Jul 2024 04:17:39 GMT', 'Content-Type': 'application/json; charset=utf-8', 'Transfer-Encoding': 'chunked', 'Connection': 'keep-alive', 'X-Powered-By': 'Express', 'Access-Control-Allow-Origin': '*', 'Cache-Control': 'no-cache', 'ETag': 'W/"4c0-1uWng5gfH2Q6caGqB37ctADhjYo"', 'Vary': 'Accept-Encoding', 'Content-Encoding': 'gzip', 'CF-Cache-Status': 'DYNAMIC', 'Report-To': '{"endpoints":[{"url":"https:\\/\\/a.nel.cloudflare.com\\/report\\/v4?s=N4goGc7Q0nU3MjzuwzcatK%2Bdr48GD1tBlhe9%2BUfUwMaT1QGoceDs6mWzyM07t1m96TAf%2F0rQypmUZQORpyfqlX3emiLyJyhy%2BF%2FWF3kWqWnXylMiyAfkWbeGzmnSgnxd"}],"group":"cf-nel","max_age":604800}', 'NEL': '{"success_fraction":0,"report_to":"cf-nel","max_age":604800}', 'Server': 'cloudflare', 'CF-RAY': '8a811a0de93a2b8d-LAX', 'alt-svc': 'h3=":443"; ma=86400'} 
 body={"results":[{"gender":"female","name":{"title":"Miss","first":"Rosemary","last":"Torres"},"location":{"street":{"number":4459,"name":"Stevens Creek Blvd"},"city":"Australian Capital Territory","state":"Northern Territory","country":"Australia","postcode":9237,"coordinates":{"latitude":"-89.0725","longitude":"89.6171"},"timezone":{"offset":"+5:00","description":"Ekaterinburg, Islamabad, Karachi, Tashkent"}},"email":"rosemary.torres@example.com","login":{"uuid":"de3b7c15-cc8b-4f26-a661-17d5c221c146","username":"bigbird497","password":"hassan","salt":"YIU8iz3x","md5":"0bc3e8681bd94091224767b9faa34d9b","sha1":"b93db5fc36ca9d42f2c195c8f3bb7aad9236121e","sha256":"8718ff85028f5def3512e745066b7768cccd93573856a13641d3476434348bbb"},"dob":{"date":"1992-07-08T20:55:29.740Z","age":32},"registered":{"date":"2009-09-10T04:21:01.087Z","age":14},"phone":"01-1171-3341","cell":"0478-615-068","id":{"name":"TFN","value":"827507583"},"picture":{"large":"https://randomuser.me/api/portraits/women/73.jpg","medium":"https://randomuser.me/api/portraits/med/women/73.jpg","thumbnail":"https://randomuser.me/api/portraits/thumb/women/73.jpg"},"nat":"AU"}],"info":{"seed":"83721c3bf03eb37a","results":1,"page":1,"version":"1.4"}} 
 </msg>
<msg time="2024-07-24T04:17:39.613488" level="INFO">/opt/hostedtoolcache/Python/3.12.4/x64/lib/python3.12/site-packages/urllib3/connectionpool.py:1099: InsecureRequestWarning: Unverified HTTPS request is being made to host 'randomuser.me'. Adding certificate verification is strongly advised. See: https://urllib3.readthedocs.io/en/latest/advanced-usage.html#tls-warnings
  warnings.warn(</msg>
<msg time="2024-07-24T04:17:39.613623" level="INFO">${response} = &lt;Response [200]&gt;</msg>
<var>${response}</var>
<arg>consultarAPI</arg>
<arg>/api</arg>
<doc>Sends a GET request on a previously created HTTP Session.</doc>
<status status="PASS" start="2024-07-24T04:17:39.455824" elapsed="0.157844"/>
</kw>
<kw name="Should Be Equal As Numbers" owner="BuiltIn">
<msg time="2024-07-24T04:17:39.614662" level="INFO">Argument types are:
&lt;class 'int'&gt;
&lt;class 'str'&gt;</msg>
<arg>${response.status_code}</arg>
<arg>200</arg>
<doc>Fails if objects are unequal after converting them to real numbers.</doc>
<status status="PASS" start="2024-07-24T04:17:39.614130" elapsed="0.000596"/>
</kw>
<kw name="Log" owner="BuiltIn">
<msg time="2024-07-24T04:17:39.615421" level="INFO">200</msg>
<arg>${response.status_code}</arg>
<doc>Logs the given message with the given level.</doc>
<status status="PASS" start="2024-07-24T04:17:39.615057" elapsed="0.000409"/>
</kw>
<kw name="Set Variable" owner="BuiltIn">
<msg time="2024-07-24T04:17:39.616206" level="INFO">${json_data} = {'results': [{'gender': 'female', 'name': {'title': 'Miss', 'first': 'Rosemary', 'last': 'Torres'}, 'location': {'street': {'number': 4459, 'name': 'Stevens Creek Blvd'}, 'city': 'Australian Capital T...</msg>
<var>${json_data}</var>
<arg>${response.json()}</arg>
<doc>Returns the given values which can then be assigned to a variables.</doc>
<status status="PASS" start="2024-07-24T04:17:39.615773" elapsed="0.000462"/>
</kw>
<kw name="Dictionary Should Contain Key" owner="Collections">
<arg>${json_data}</arg>
<arg>results</arg>
<doc>Fails if ``key`` is not found from ``dictionary``.</doc>
<status status="PASS" start="2024-07-24T04:17:39.616541" elapsed="0.000305"/>
</kw>
<status status="PASS" start="2024-07-24T04:17:39.455574" elapsed="0.161425"/>
</kw>
<doc>Testa se a API responde corretamente e retorna um objeto JSON válido.</doc>
<tag>testeRequisicaoBasica</tag>
<status status="PASS" start="2024-07-24T04:17:39.455014" elapsed="0.162177"/>
</test>
<test id="s1-s1-t3" name="Validar estrutura de resposta" line="22">
<kw name="Teste de Estrutura de Resposta" owner="random-user-service">
<kw name="GET On Session" owner="RequestsLibrary">
<msg time="2024-07-24T04:17:39.725365" level="INFO">GET Request : url=https://randomuser.me/api 
 path_url=/api 
 headers={'User-Agent': 'python-requests/2.32.3', 'Accept-Encoding': 'gzip, deflate', 'Accept': '*/*', 'Connection': 'keep-alive'} 
 body=None 
 </msg>
<msg time="2024-07-24T04:17:39.725446" level="INFO">GET Response : url=https://randomuser.me/api 
 status=200, reason=OK 
 headers={'Date': 'Wed, 24 Jul 2024 04:17:39 GMT', 'Content-Type': 'application/json; charset=utf-8', 'Transfer-Encoding': 'chunked', 'Connection': 'keep-alive', 'X-Powered-By': 'Express', 'Access-Control-Allow-Origin': '*', 'Cache-Control': 'no-cache', 'ETag': 'W/"48d-yuhwCXIdoRh7mj6/XVxjQaV/BAs"', 'Vary': 'Accept-Encoding', 'Content-Encoding': 'gzip', 'CF-Cache-Status': 'DYNAMIC', 'Report-To': '{"endpoints":[{"url":"https:\\/\\/a.nel.cloudflare.com\\/report\\/v4?s=sGp09JlUUFlA9wX06bvYeMBNJaEZcad7uEJQBrYikUPFBbmCoRrRQumoHbWYFBLaNuyB3fZlCCvocLVwVVBizMzlhIbPhO1m8t4sEx%2BVW6uvXHFhq1cONqGbLsLzNOSP"}],"group":"cf-nel","max_age":604800}', 'NEL': '{"success_fraction":0,"report_to":"cf-nel","max_age":604800}', 'Server': 'cloudflare', 'CF-RAY': '8a811a0eaa232b8d-LAX', 'alt-svc': 'h3=":443"; ma=86400'} 
 body={"results":[{"gender":"female","name":{"title":"Ms","first":"Matilda","last":"Taylor"},"location":{"street":{"number":1643,"name":"Wairere Drive"},"city":"Taupo","state":"Canterbury","country":"New Zealand","postcode":82230,"coordinates":{"latitude":"50.2656","longitude":"93.3595"},"timezone":{"offset":"+1:00","description":"Brussels, Copenhagen, Madrid, Paris"}},"email":"matilda.taylor@example.com","login":{"uuid":"abd72fb2-cdb0-44d1-bcc7-56a1faed581a","username":"heavyfrog443","password":"rick","salt":"YTas2gCU","md5":"0ac393559991abcd2c79345c5c857883","sha1":"edc6bfba8126d7affd88425e42b68d1a767537f8","sha256":"14bdd960625512824a4714eb3948c5e0705a1c3402cc09117464b6587aa65039"},"dob":{"date":"1980-06-24T00:50:58.627Z","age":44},"registered":{"date":"2003-10-02T06:07:08.410Z","age":20},"phone":"(698)-350-6427","cell":"(737)-578-6530","id":{"name":"","value":null},"picture":{"large":"https://randomuser.me/api/portraits/women/93.jpg","medium":"https://randomuser.me/api/portraits/med/women/93.jpg","thumbnail":"https://randomuser.me/api/portraits/thumb/women/93.jpg"},"nat":"NZ"}],"info":{"seed":"61959f0dceca9aa6","results":1,"page":1,"version":"1.4"}} 
 </msg>
<msg time="2024-07-24T04:17:39.725551" level="INFO">/opt/hostedtoolcache/Python/3.12.4/x64/lib/python3.12/site-packages/urllib3/connectionpool.py:1099: InsecureRequestWarning: Unverified HTTPS request is being made to host 'randomuser.me'. Adding certificate verification is strongly advised. See: https://urllib3.readthedocs.io/en/latest/advanced-usage.html#tls-warnings
  warnings.warn(</msg>
<msg time="2024-07-24T04:17:39.725667" level="INFO">${response} = &lt;Response [200]&gt;</msg>
<var>${response}</var>
<arg>consultarAPI</arg>
<arg>/api</arg>
<doc>Sends a GET request on a previously created HTTP Session.</doc>
<status status="PASS" start="2024-07-24T04:17:39.619806" elapsed="0.105907"/>
</kw>
<kw name="Set Variable" owner="BuiltIn">
<msg time="2024-07-24T04:17:39.726550" level="INFO">${json_data} = {'results': [{'gender': 'female', 'name': {'title': 'Ms', 'first': 'Matilda', 'last': 'Taylor'}, 'location': {'street': {'number': 1643, 'name': 'Wairere Drive'}, 'city': 'Taupo', 'state': 'Canterbury...</msg>
<var>${json_data}</var>
<arg>${response.json()}</arg>
<doc>Returns the given values which can then be assigned to a variables.</doc>
<status status="PASS" start="2024-07-24T04:17:39.726093" elapsed="0.000487"/>
</kw>
<kw name="Log" owner="BuiltIn">
<msg time="2024-07-24T04:17:39.727046" level="INFO">{'results': [{'gender': 'female', 'name': {'title': 'Ms', 'first': 'Matilda', 'last': 'Taylor'}, 'location': {'street': {'number': 1643, 'name': 'Wairere Drive'}, 'city': 'Taupo', 'state': 'Canterbury', 'country': 'New Zealand', 'postcode': 82230, 'coordinates': {'latitude': '50.2656', 'longitude': '93.3595'}, 'timezone': {'offset': '+1:00', 'description': 'Brussels, Copenhagen, Madrid, Paris'}}, 'email': 'matilda.taylor@example.com', 'login': {'uuid': 'abd72fb2-cdb0-44d1-bcc7-56a1faed581a', 'username': 'heavyfrog443', 'password': 'rick', 'salt': 'YTas2gCU', 'md5': '0ac393559991abcd2c79345c5c857883', 'sha1': 'edc6bfba8126d7affd88425e42b68d1a767537f8', 'sha256': '14bdd960625512824a4714eb3948c5e0705a1c3402cc09117464b6587aa65039'}, 'dob': {'date': '1980-06-24T00:50:58.627Z', 'age': 44}, 'registered': {'date': '2003-10-02T06:07:08.410Z', 'age': 20}, 'phone': '(698)-350-6427', 'cell': '(737)-578-6530', 'id': {'name': '', 'value': None}, 'picture': {'large': 'https://randomuser.me/api/portraits/women/93.jpg', 'medium': 'https://randomuser.me/api/portraits/med/women/93.jpg', 'thumbnail': 'https://randomuser.me/api/portraits/thumb/women/93.jpg'}, 'nat': 'NZ'}], 'info': {'seed': '61959f0dceca9aa6', 'results': 1, 'page': 1, 'version': '1.4'}}</msg>
<arg>${json_data}</arg>
<doc>Logs the given message with the given level.</doc>
<status status="PASS" start="2024-07-24T04:17:39.726888" elapsed="0.000212"/>
</kw>
<kw name="Dictionary Should Contain Key" owner="Collections">
<arg>${json_data}</arg>
<arg>results</arg>
<doc>Fails if ``key`` is not found from ``dictionary``.</doc>
<status status="PASS" start="2024-07-24T04:17:39.727394" elapsed="0.000164"/>
</kw>
<kw name="Should Not Be Empty" owner="BuiltIn">
<msg time="2024-07-24T04:17:39.727870" level="INFO">Length is 2.</msg>
<arg>${json_data}</arg>
<doc>Verifies that the given item is not empty.</doc>
<status status="PASS" start="2024-07-24T04:17:39.727743" elapsed="0.000167"/>
</kw>
<kw name="Create List" owner="BuiltIn">
<msg time="2024-07-24T04:17:39.728353" level="INFO">${expected_keys} = ['gender', 'name', 'location', 'email', 'login']</msg>
<var>${expected_keys}</var>
<arg>gender</arg>
<arg>name</arg>
<arg>location</arg>
<arg>email</arg>
<arg>login</arg>
<doc>Returns a list containing given items.</doc>
<status status="PASS" start="2024-07-24T04:17:39.728200" elapsed="0.000178"/>
</kw>
<for flavor="IN">
<iter>
<kw name="Dictionary Should Contain Key" owner="Collections">
<arg>${json_data['results'][0]}</arg>
<arg>${key}</arg>
<doc>Fails if ``key`` is not found from ``dictionary``.</doc>
<status status="PASS" start="2024-07-24T04:17:39.728955" elapsed="0.000437"/>
</kw>
<kw name="Log" owner="BuiltIn">
<msg time="2024-07-24T04:17:39.729950" level="INFO">{'gender': 'female', 'name': {'title': 'Ms', 'first': 'Matilda', 'last': 'Taylor'}, 'location': {'street': {'number': 1643, 'name': 'Wairere Drive'}, 'city': 'Taupo', 'state': 'Canterbury', 'country': 'New Zealand', 'postcode': 82230, 'coordinates': {'latitude': '50.2656', 'longitude': '93.3595'}, 'timezone': {'offset': '+1:00', 'description': 'Brussels, Copenhagen, Madrid, Paris'}}, 'email': 'matilda.taylor@example.com', 'login': {'uuid': 'abd72fb2-cdb0-44d1-bcc7-56a1faed581a', 'username': 'heavyfrog443', 'password': 'rick', 'salt': 'YTas2gCU', 'md5': '0ac393559991abcd2c79345c5c857883', 'sha1': 'edc6bfba8126d7affd88425e42b68d1a767537f8', 'sha256': '14bdd960625512824a4714eb3948c5e0705a1c3402cc09117464b6587aa65039'}, 'dob': {'date': '1980-06-24T00:50:58.627Z', 'age': 44}, 'registered': {'date': '2003-10-02T06:07:08.410Z', 'age': 20}, 'phone': '(698)-350-6427', 'cell': '(737)-578-6530', 'id': {'name': '', 'value': None}, 'picture': {'large': 'https://randomuser.me/api/portraits/women/93.jpg', 'medium': 'https://randomuser.me/api/portraits/med/women/93.jpg', 'thumbnail': 'https://randomuser.me/api/portraits/thumb/women/93.jpg'}, 'nat': 'NZ'}</msg>
<arg>${json_data['results'][0]}</arg>
<doc>Logs the given message with the given level.</doc>
<status status="PASS" start="2024-07-24T04:17:39.729586" elapsed="0.000414"/>
</kw>
<kw name="Log" owner="BuiltIn">
<msg time="2024-07-24T04:17:39.730437" level="INFO">gender</msg>
<arg>${key}</arg>
<doc>Logs the given message with the given level.</doc>
<status status="PASS" start="2024-07-24T04:17:39.730305" elapsed="0.000171"/>
</kw>
<var name="${key}">gender</var>
<status status="PASS" start="2024-07-24T04:17:39.728829" elapsed="0.001865"/>
</iter>
<iter>
<kw name="Dictionary Should Contain Key" owner="Collections">
<arg>${json_data['results'][0]}</arg>
<arg>${key}</arg>
<doc>Fails if ``key`` is not found from ``dictionary``.</doc>
<status status="PASS" start="2024-07-24T04:17:39.730993" elapsed="0.000382"/>
</kw>
<kw name="Log" owner="BuiltIn">
<msg time="2024-07-24T04:17:39.731919" level="INFO">{'gender': 'female', 'name': {'title': 'Ms', 'first': 'Matilda', 'last': 'Taylor'}, 'location': {'street': {'number': 1643, 'name': 'Wairere Drive'}, 'city': 'Taupo', 'state': 'Canterbury', 'country': 'New Zealand', 'postcode': 82230, 'coordinates': {'latitude': '50.2656', 'longitude': '93.3595'}, 'timezone': {'offset': '+1:00', 'description': 'Brussels, Copenhagen, Madrid, Paris'}}, 'email': 'matilda.taylor@example.com', 'login': {'uuid': 'abd72fb2-cdb0-44d1-bcc7-56a1faed581a', 'username': 'heavyfrog443', 'password': 'rick', 'salt': 'YTas2gCU', 'md5': '0ac393559991abcd2c79345c5c857883', 'sha1': 'edc6bfba8126d7affd88425e42b68d1a767537f8', 'sha256': '14bdd960625512824a4714eb3948c5e0705a1c3402cc09117464b6587aa65039'}, 'dob': {'date': '1980-06-24T00:50:58.627Z', 'age': 44}, 'registered': {'date': '2003-10-02T06:07:08.410Z', 'age': 20}, 'phone': '(698)-350-6427', 'cell': '(737)-578-6530', 'id': {'name': '', 'value': None}, 'picture': {'large': 'https://randomuser.me/api/portraits/women/93.jpg', 'medium': 'https://randomuser.me/api/portraits/med/women/93.jpg', 'thumbnail': 'https://randomuser.me/api/portraits/thumb/women/93.jpg'}, 'nat': 'NZ'}</msg>
<arg>${json_data['results'][0]}</arg>
<doc>Logs the given message with the given level.</doc>
<status status="PASS" start="2024-07-24T04:17:39.731559" elapsed="0.000451"/>
</kw>
<kw name="Log" owner="BuiltIn">
<msg time="2024-07-24T04:17:39.732439" level="INFO">name</msg>
<arg>${key}</arg>
<doc>Logs the given message with the given level.</doc>
<status status="PASS" start="2024-07-24T04:17:39.732310" elapsed="0.000168"/>
</kw>
<var name="${key}">name</var>
<status status="PASS" start="2024-07-24T04:17:39.730881" elapsed="0.001814"/>
</iter>
<iter>
<kw name="Dictionary Should Contain Key" owner="Collections">
<arg>${json_data['results'][0]}</arg>
<arg>${key}</arg>
<doc>Fails if ``key`` is not found from ``dictionary``.</doc>
<status status="PASS" start="2024-07-24T04:17:39.732983" elapsed="0.000413"/>
</kw>
<kw name="Log" owner="BuiltIn">
<msg time="2024-07-24T04:17:39.733932" level="INFO">{'gender': 'female', 'name': {'title': 'Ms', 'first': 'Matilda', 'last': 'Taylor'}, 'location': {'street': {'number': 1643, 'name': 'Wairere Drive'}, 'city': 'Taupo', 'state': 'Canterbury', 'country': 'New Zealand', 'postcode': 82230, 'coordinates': {'latitude': '50.2656', 'longitude': '93.3595'}, 'timezone': {'offset': '+1:00', 'description': 'Brussels, Copenhagen, Madrid, Paris'}}, 'email': 'matilda.taylor@example.com', 'login': {'uuid': 'abd72fb2-cdb0-44d1-bcc7-56a1faed581a', 'username': 'heavyfrog443', 'password': 'rick', 'salt': 'YTas2gCU', 'md5': '0ac393559991abcd2c79345c5c857883', 'sha1': 'edc6bfba8126d7affd88425e42b68d1a767537f8', 'sha256': '14bdd960625512824a4714eb3948c5e0705a1c3402cc09117464b6587aa65039'}, 'dob': {'date': '1980-06-24T00:50:58.627Z', 'age': 44}, 'registered': {'date': '2003-10-02T06:07:08.410Z', 'age': 20}, 'phone': '(698)-350-6427', 'cell': '(737)-578-6530', 'id': {'name': '', 'value': None}, 'picture': {'large': 'https://randomuser.me/api/portraits/women/93.jpg', 'medium': 'https://randomuser.me/api/portraits/med/women/93.jpg', 'thumbnail': 'https://randomuser.me/api/portraits/thumb/women/93.jpg'}, 'nat': 'NZ'}</msg>
<arg>${json_data['results'][0]}</arg>
<doc>Logs the given message with the given level.</doc>
<status status="PASS" start="2024-07-24T04:17:39.733584" elapsed="0.000396"/>
</kw>
<kw name="Log" owner="BuiltIn">
<msg time="2024-07-24T04:17:39.734404" level="INFO">location</msg>
<arg>${key}</arg>
<doc>Logs the given message with the given level.</doc>
<status status="PASS" start="2024-07-24T04:17:39.734276" elapsed="0.000166"/>
</kw>
<var name="${key}">location</var>
<status status="PASS" start="2024-07-24T04:17:39.732875" elapsed="0.001780"/>
</iter>
<iter>
<kw name="Dictionary Should Contain Key" owner="Collections">
<arg>${json_data['results'][0]}</arg>
<arg>${key}</arg>
<doc>Fails if ``key`` is not found from ``dictionary``.</doc>
<status status="PASS" start="2024-07-24T04:17:39.734934" elapsed="0.000377"/>
</kw>
<kw name="Log" owner="BuiltIn">
<msg time="2024-07-24T04:17:39.735965" level="INFO">{'gender': 'female', 'name': {'title': 'Ms', 'first': 'Matilda', 'last': 'Taylor'}, 'location': {'street': {'number': 1643, 'name': 'Wairere Drive'}, 'city': 'Taupo', 'state': 'Canterbury', 'country': 'New Zealand', 'postcode': 82230, 'coordinates': {'latitude': '50.2656', 'longitude': '93.3595'}, 'timezone': {'offset': '+1:00', 'description': 'Brussels, Copenhagen, Madrid, Paris'}}, 'email': 'matilda.taylor@example.com', 'login': {'uuid': 'abd72fb2-cdb0-44d1-bcc7-56a1faed581a', 'username': 'heavyfrog443', 'password': 'rick', 'salt': 'YTas2gCU', 'md5': '0ac393559991abcd2c79345c5c857883', 'sha1': 'edc6bfba8126d7affd88425e42b68d1a767537f8', 'sha256': '14bdd960625512824a4714eb3948c5e0705a1c3402cc09117464b6587aa65039'}, 'dob': {'date': '1980-06-24T00:50:58.627Z', 'age': 44}, 'registered': {'date': '2003-10-02T06:07:08.410Z', 'age': 20}, 'phone': '(698)-350-6427', 'cell': '(737)-578-6530', 'id': {'name': '', 'value': None}, 'picture': {'large': 'https://randomuser.me/api/portraits/women/93.jpg', 'medium': 'https://randomuser.me/api/portraits/med/women/93.jpg', 'thumbnail': 'https://randomuser.me/api/portraits/thumb/women/93.jpg'}, 'nat': 'NZ'}</msg>
<arg>${json_data['results'][0]}</arg>
<doc>Logs the given message with the given level.</doc>
<status status="PASS" start="2024-07-24T04:17:39.735610" elapsed="0.000405"/>
</kw>
<kw name="Log" owner="BuiltIn">
<msg time="2024-07-24T04:17:39.736442" level="INFO">email</msg>
<arg>${key}</arg>
<doc>Logs the given message with the given level.</doc>
<status status="PASS" start="2024-07-24T04:17:39.736312" elapsed="0.000169"/>
</kw>
<var name="${key}">email</var>
<status status="PASS" start="2024-07-24T04:17:39.734827" elapsed="0.001868"/>
</iter>
<iter>
<kw name="Dictionary Should Contain Key" owner="Collections">
<arg>${json_data['results'][0]}</arg>
<arg>${key}</arg>
<doc>Fails if ``key`` is not found from ``dictionary``.</doc>
<status status="PASS" start="2024-07-24T04:17:39.736980" elapsed="0.000401"/>
</kw>
<kw name="Log" owner="BuiltIn">
<msg time="2024-07-24T04:17:39.737922" level="INFO">{'gender': 'female', 'name': {'title': 'Ms', 'first': 'Matilda', 'last': 'Taylor'}, 'location': {'street': {'number': 1643, 'name': 'Wairere Drive'}, 'city': 'Taupo', 'state': 'Canterbury', 'country': 'New Zealand', 'postcode': 82230, 'coordinates': {'latitude': '50.2656', 'longitude': '93.3595'}, 'timezone': {'offset': '+1:00', 'description': 'Brussels, Copenhagen, Madrid, Paris'}}, 'email': 'matilda.taylor@example.com', 'login': {'uuid': 'abd72fb2-cdb0-44d1-bcc7-56a1faed581a', 'username': 'heavyfrog443', 'password': 'rick', 'salt': 'YTas2gCU', 'md5': '0ac393559991abcd2c79345c5c857883', 'sha1': 'edc6bfba8126d7affd88425e42b68d1a767537f8', 'sha256': '14bdd960625512824a4714eb3948c5e0705a1c3402cc09117464b6587aa65039'}, 'dob': {'date': '1980-06-24T00:50:58.627Z', 'age': 44}, 'registered': {'date': '2003-10-02T06:07:08.410Z', 'age': 20}, 'phone': '(698)-350-6427', 'cell': '(737)-578-6530', 'id': {'name': '', 'value': None}, 'picture': {'large': 'https://randomuser.me/api/portraits/women/93.jpg', 'medium': 'https://randomuser.me/api/portraits/med/women/93.jpg', 'thumbnail': 'https://randomuser.me/api/portraits/thumb/women/93.jpg'}, 'nat': 'NZ'}</msg>
<arg>${json_data['results'][0]}</arg>
<doc>Logs the given message with the given level.</doc>
<status status="PASS" start="2024-07-24T04:17:39.737565" elapsed="0.000406"/>
</kw>
<kw name="Log" owner="BuiltIn">
<msg time="2024-07-24T04:17:39.738392" level="INFO">login</msg>
<arg>${key}</arg>
<doc>Logs the given message with the given level.</doc>
<status status="PASS" start="2024-07-24T04:17:39.738265" elapsed="0.000164"/>
</kw>
<var name="${key}">login</var>
<status status="PASS" start="2024-07-24T04:17:39.736871" elapsed="0.001772"/>
</iter>
<var>${key}</var>
<value>@{expected_keys}</value>
<status status="PASS" start="2024-07-24T04:17:39.728644" elapsed="0.010121"/>
</for>
<kw name="Create List" owner="BuiltIn">
<msg time="2024-07-24T04:17:39.739092" level="INFO">${expected_keysTwo} = ['username', 'password']</msg>
<var>${expected_keysTwo}</var>
<arg>username</arg>
<arg>password</arg>
<doc>Returns a list containing given items.</doc>
<status status="PASS" start="2024-07-24T04:17:39.738956" elapsed="0.000187"/>
</kw>
<for flavor="IN">
<iter>
<kw name="Dictionary Should Contain Key" owner="Collections">
<arg>${json_data['results'][0]['login']}</arg>
<arg>${keyTwo}</arg>
<doc>Fails if ``key`` is not found from ``dictionary``.</doc>
<status status="PASS" start="2024-07-24T04:17:39.739653" elapsed="0.000386"/>
</kw>
<kw name="Dictionary Should Contain Key" owner="Collections">
<arg>${json_data['results'][0]['login']}</arg>
<arg>${keyTwo}</arg>
<doc>Fails if ``key`` is not found from ``dictionary``.</doc>
<status status="PASS" start="2024-07-24T04:17:39.740223" elapsed="0.000383"/>
</kw>
<kw name="Log" owner="BuiltIn">
<msg time="2024-07-24T04:17:39.740909" level="INFO">username</msg>
<arg>${keyTwo}</arg>
<doc>Logs the given message with the given level.</doc>
<status status="PASS" start="2024-07-24T04:17:39.740787" elapsed="0.000160"/>
</kw>
<var name="${keyTwo}">username</var>
<status status="PASS" start="2024-07-24T04:17:39.739539" elapsed="0.001657"/>
</iter>
<iter>
<kw name="Dictionary Should Contain Key" owner="Collections">
<arg>${json_data['results'][0]['login']}</arg>
<arg>${keyTwo}</arg>
<doc>Fails if ``key`` is not found from ``dictionary``.</doc>
<status status="PASS" start="2024-07-24T04:17:39.741481" elapsed="0.000382"/>
</kw>
<kw name="Dictionary Should Contain Key" owner="Collections">
<arg>${json_data['results'][0]['login']}</arg>
<arg>${keyTwo}</arg>
<doc>Fails if ``key`` is not found from ``dictionary``.</doc>
<status status="PASS" start="2024-07-24T04:17:39.742041" elapsed="0.000366"/>
</kw>
<kw name="Log" owner="BuiltIn">
<msg time="2024-07-24T04:17:39.742708" level="INFO">password</msg>
<arg>${keyTwo}</arg>
<doc>Logs the given message with the given level.</doc>
<status status="PASS" start="2024-07-24T04:17:39.742583" elapsed="0.000164"/>
</kw>
<var name="${keyTwo}">password</var>
<status status="PASS" start="2024-07-24T04:17:39.741369" elapsed="0.001597"/>
</iter>
<var>${keyTwo}</var>
<value>@{expected_keysTwo}</value>
<status status="PASS" start="2024-07-24T04:17:39.739385" elapsed="0.003705"/>
</for>
<status status="PASS" start="2024-07-24T04:17:39.619573" elapsed="0.123657"/>
</kw>
<doc>Testa a estrutura da resposta da API.</doc>
<tag>testeEstruturaResposta</tag>
<status status="PASS" start="2024-07-24T04:17:39.619013" elapsed="0.124364"/>
</test>
<test id="s1-s1-t4" name="Validar tipos de dados" line="28">
<kw name="Teste de Tipos de Dados" owner="random-user-service">
<kw name="GET On Session" owner="RequestsLibrary">
<msg time="2024-07-24T04:17:39.846229" level="INFO">GET Request : url=https://randomuser.me/api 
 path_url=/api 
 headers={'User-Agent': 'python-requests/2.32.3', 'Accept-Encoding': 'gzip, deflate', 'Accept': '*/*', 'Connection': 'keep-alive'} 
 body=None 
 </msg>
<msg time="2024-07-24T04:17:39.846308" level="INFO">GET Response : url=https://randomuser.me/api 
 status=200, reason=OK 
 headers={'Date': 'Wed, 24 Jul 2024 04:17:39 GMT', 'Content-Type': 'application/json; charset=utf-8', 'Transfer-Encoding': 'chunked', 'Connection': 'keep-alive', 'X-Powered-By': 'Express', 'Access-Control-Allow-Origin': '*', 'Cache-Control': 'no-cache', 'ETag': 'W/"476-NNimSdfj192/UlPLv5XQa3VoMYs"', 'Vary': 'Accept-Encoding', 'Content-Encoding': 'gzip', 'CF-Cache-Status': 'DYNAMIC', 'Report-To': '{"endpoints":[{"url":"https:\\/\\/a.nel.cloudflare.com\\/report\\/v4?s=s6x8kSmkUrQXrG2WejcOlf1WbQ32GEfyoKKw9sKZYHpI3tJLeTQXv%2FRiQwCTA1p%2BRDwNtJEHZO7aQMYrz%2F9h78XrKHpsHsWa%2BhbV1SLedVGYvzSeQS6p1i4BiEExrXsU"}],"group":"cf-nel","max_age":604800}', 'NEL': '{"success_fraction":0,"report_to":"cf-nel","max_age":604800}', 'Server': 'cloudflare', 'CF-RAY': '8a811a0f7b082b8d-LAX', 'alt-svc': 'h3=":443"; ma=86400'} 
 body={"results":[{"gender":"male","name":{"title":"Mr","first":"Celto","last":"Silva"},"location":{"street":{"number":2488,"name":"Rua Paraíba "},"city":"Viamão","state":"Mato Grosso","country":"Brazil","postcode":91313,"coordinates":{"latitude":"-81.1754","longitude":"-62.7994"},"timezone":{"offset":"+4:30","description":"Kabul"}},"email":"celto.silva@example.com","login":{"uuid":"3ea37f6e-01c7-43de-9ecc-9dd26ac02995","username":"smallpeacock646","password":"valencia","salt":"bfUDn16u","md5":"f38e74b6eeefdc0887fbe3662cbc47f2","sha1":"31c9d3667b9a876623035629ce86d06ab22c32e5","sha256":"934c0f71c6ec458f0acf2b4df0b3ab6b17d6c13547fccb092b61b734d718bfb4"},"dob":{"date":"1992-08-04T18:14:52.648Z","age":31},"registered":{"date":"2019-11-08T19:45:01.367Z","age":4},"phone":"(36) 7015-6355","cell":"(62) 5537-1420","id":{"name":"CPF","value":"761.002.006-93"},"picture":{"large":"https://randomuser.me/api/portraits/men/13.jpg","medium":"https://randomuser.me/api/portraits/med/men/13.jpg","thumbnail":"https://randomuser.me/api/portraits/thumb/men/13.jpg"},"nat":"BR"}],"info":{"seed":"b9ba9f4885b9f944","results":1,"page":1,"version":"1.4"}} 
 </msg>
<msg time="2024-07-24T04:17:39.846381" level="INFO">/opt/hostedtoolcache/Python/3.12.4/x64/lib/python3.12/site-packages/urllib3/connectionpool.py:1099: InsecureRequestWarning: Unverified HTTPS request is being made to host 'randomuser.me'. Adding certificate verification is strongly advised. See: https://urllib3.readthedocs.io/en/latest/advanced-usage.html#tls-warnings
  warnings.warn(</msg>
<msg time="2024-07-24T04:17:39.846488" level="INFO">${response} = &lt;Response [200]&gt;</msg>
<var>${response}</var>
<arg>consultarAPI</arg>
<arg>/api</arg>
<doc>Sends a GET request on a previously created HTTP Session.</doc>
<status status="PASS" start="2024-07-24T04:17:39.746210" elapsed="0.100321"/>
</kw>
<kw name="Set Variable" owner="BuiltIn">
<msg time="2024-07-24T04:17:39.847414" level="INFO">${json_data} = {'results': [{'gender': 'male', 'name': {'title': 'Mr', 'first': 'Celto', 'last': 'Silva'}, 'location': {'street': {'number': 2488, 'name': 'Rua Paraíba '}, 'city': 'Viamão', 'state': 'Mato Grosso', '...</msg>
<var>${json_data}</var>
<arg>${response.json()}</arg>
<doc>Returns the given values which can then be assigned to a variables.</doc>
<status status="PASS" start="2024-07-24T04:17:39.846953" elapsed="0.000492"/>
</kw>
<kw name="Log" owner="BuiltIn">
<msg time="2024-07-24T04:17:39.847914" level="INFO">{'results': [{'gender': 'male', 'name': {'title': 'Mr', 'first': 'Celto', 'last': 'Silva'}, 'location': {'street': {'number': 2488, 'name': 'Rua Paraíba '}, 'city': 'Viamão', 'state': 'Mato Grosso', 'country': 'Brazil', 'postcode': 91313, 'coordinates': {'latitude': '-81.1754', 'longitude': '-62.7994'}, 'timezone': {'offset': '+4:30', 'description': 'Kabul'}}, 'email': 'celto.silva@example.com', 'login': {'uuid': '3ea37f6e-01c7-43de-9ecc-9dd26ac02995', 'username': 'smallpeacock646', 'password': 'valencia', 'salt': 'bfUDn16u', 'md5': 'f38e74b6eeefdc0887fbe3662cbc47f2', 'sha1': '31c9d3667b9a876623035629ce86d06ab22c32e5', 'sha256': '934c0f71c6ec458f0acf2b4df0b3ab6b17d6c13547fccb092b61b734d718bfb4'}, 'dob': {'date': '1992-08-04T18:14:52.648Z', 'age': 31}, 'registered': {'date': '2019-11-08T19:45:01.367Z', 'age': 4}, 'phone': '(36) 7015-6355', 'cell': '(62) 5537-1420', 'id': {'name': 'CPF', 'value': '761.002.006-93'}, 'picture': {'large': 'https://randomuser.me/api/portraits/men/13.jpg', 'medium': 'https://randomuser.me/api/portraits/med/men/13.jpg', 'thumbnail': 'https://randomuser.me/api/portraits/thumb/men/13.jpg'}, 'nat': 'BR'}], 'info': {'seed': 'b9ba9f4885b9f944', 'results': 1, 'page': 1, 'version': '1.4'}}</msg>
<arg>${json_data}</arg>
<doc>Logs the given message with the given level.</doc>
<status status="PASS" start="2024-07-24T04:17:39.847754" elapsed="0.000211"/>
</kw>
<kw name="Should Be String" owner="String">
<arg>${json_data['results'][0]['gender']}</arg>
<doc>Fails if the given ``item`` is not a string.</doc>
<status status="PASS" start="2024-07-24T04:17:39.848261" elapsed="0.000369"/>
</kw>
<kw name="Should Match Regexp" owner="BuiltIn">
<arg>${json_data['results'][0]['email']}</arg>
<arg>^[a-zA-Z0-9._%+-]+@[a-zA-Z0-9.-]+\.[a-zA-Z]{2,}$</arg>
<doc>Fails if ``string`` does not match ``pattern`` as a regular expression.</doc>
<status status="PASS" start="2024-07-24T04:17:39.848823" elapsed="0.000557"/>
</kw>
<kw name="Should Match Regexp" owner="BuiltIn">
<arg>${json_data['results'][0]['dob']['date']}</arg>
<arg>\\d{4}-\\d{2}-\\d{2}T\\d{2}:\\d{2}:\\d{2}\\.\\d{3}Z</arg>
<doc>Fails if ``string`` does not match ``pattern`` as a regular expression.</doc>
<status status="PASS" start="2024-07-24T04:17:39.849615" elapsed="0.000605"/>
</kw>
<kw name="Should Match Regexp" owner="BuiltIn">
<arg>${json_data['results'][0]['registered']['date']}</arg>
<arg>\\d{4}-\\d{2}-\\d{2}T\\d{2}:\\d{2}:\\d{2}\\.\\d{3}Z</arg>
<doc>Fails if ``string`` does not match ``pattern`` as a regular expression.</doc>
<status status="PASS" start="2024-07-24T04:17:39.850416" elapsed="0.000374"/>
</kw>
<kw name="Should Match Regexp" owner="BuiltIn">
<arg>${json_data['results'][0]['picture']['large']}</arg>
<arg>^https?://.*\.(?:png|jpe?g|gif|bmp)$</arg>
<doc>Fails if ``string`` does not match ``pattern`` as a regular expression.</doc>
<status status="PASS" start="2024-07-24T04:17:39.850977" elapsed="0.000458"/>
</kw>
<kw name="Should Match Regexp" owner="BuiltIn">
<arg>${json_data['results'][0]['picture']['medium']}</arg>
<arg>^https?://.*\.(?:png|jpe?g|gif|bmp)$</arg>
<doc>Fails if ``string`` does not match ``pattern`` as a regular expression.</doc>
<status status="PASS" start="2024-07-24T04:17:39.851623" elapsed="0.000349"/>
</kw>
<kw name="Should Match Regexp" owner="BuiltIn">
<arg>${json_data['results'][0]['picture']['thumbnail']}</arg>
<arg>^https?://.*\.(?:png|jpe?g|gif|bmp)$</arg>
<doc>Fails if ``string`` does not match ``pattern`` as a regular expression.</doc>
<status status="PASS" start="2024-07-24T04:17:39.852153" elapsed="0.000351"/>
</kw>
<kw name="Log" owner="BuiltIn">
<msg time="2024-07-24T04:17:39.853007" level="INFO">{'large': 'https://randomuser.me/api/portraits/men/13.jpg', 'medium': 'https://randomuser.me/api/portraits/med/men/13.jpg', 'thumbnail': 'https://randomuser.me/api/portraits/thumb/men/13.jpg'}</msg>
<arg>${json_data['results'][0]['picture']}</arg>
<doc>Logs the given message with the given level.</doc>
<status status="PASS" start="2024-07-24T04:17:39.852685" elapsed="0.000384"/>
</kw>
<status status="PASS" start="2024-07-24T04:17:39.745856" elapsed="0.107482"/>
</kw>
<kw name="Teste de Tipos de Dados - Postcode" owner="random-user-service">
<kw name="GET On Session" owner="RequestsLibrary">
<msg time="2024-07-24T04:17:39.958097" level="INFO">GET Request : url=https://randomuser.me/api 
 path_url=/api 
 headers={'User-Agent': 'python-requests/2.32.3', 'Accept-Encoding': 'gzip, deflate', 'Accept': '*/*', 'Connection': 'keep-alive'} 
 body=None 
 </msg>
<msg time="2024-07-24T04:17:39.958180" level="INFO">GET Response : url=https://randomuser.me/api 
 status=200, reason=OK 
 headers={'Date': 'Wed, 24 Jul 2024 04:17:39 GMT', 'Content-Type': 'application/json; charset=utf-8', 'Transfer-Encoding': 'chunked', 'Connection': 'keep-alive', 'X-Powered-By': 'Express', 'Access-Control-Allow-Origin': '*', 'Cache-Control': 'no-cache', 'ETag': 'W/"47f-P6UzW0ZjOUB5sd54ivJ1w9kVBAs"', 'Vary': 'Accept-Encoding', 'Content-Encoding': 'gzip', 'CF-Cache-Status': 'DYNAMIC', 'Report-To': '{"endpoints":[{"url":"https:\\/\\/a.nel.cloudflare.com\\/report\\/v4?s=lHjU9za4jwIPuBdqw%2B%2BYUuLH9KwhWbXwSxCahwxKh%2B4WQX7JYnHdELq3YRDn0JDW%2FkVmj5WIITaMtMzAfS5W7CJNwZEnugN29DAtq%2ByVKWXJ0PtvW%2FLr2ZQnyPhn6dp%2B"}],"group":"cf-nel","max_age":604800}', 'NEL': '{"success_fraction":0,"report_to":"cf-nel","max_age":604800}', 'Server': 'cloudflare', 'CF-RAY': '8a811a101bc62b8d-LAX', 'alt-svc': 'h3=":443"; ma=86400'} 
 body={"results":[{"gender":"male","name":{"title":"Mr","first":"Willibald","last":"Gerken"},"location":{"street":{"number":2957,"name":"Kapellenweg"},"city":"Alpirsbach","state":"Bremen","country":"Germany","postcode":41504,"coordinates":{"latitude":"-53.0333","longitude":"-126.9171"},"timezone":{"offset":"-2:00","description":"Mid-Atlantic"}},"email":"willibald.gerken@example.com","login":{"uuid":"f3647045-aa18-4358-b92b-a9ccfffb9ec5","username":"bluepeacock707","password":"maxim","salt":"MNgGlwHR","md5":"dd506f5c702fffa86639aa9931bb5296","sha1":"72b64b325485a5ba620885b22f1fdcebdbe22b0a","sha256":"676489bc4ed1ef452df599c65a515c16bd5452a93e00d42223cb91e2d9ce9e77"},"dob":{"date":"1976-09-12T12:29:00.310Z","age":47},"registered":{"date":"2018-03-27T03:38:32.144Z","age":6},"phone":"0999-7597348","cell":"0173-2495457","id":{"name":"SVNR","value":"69 120976 G 180"},"picture":{"large":"https://randomuser.me/api/portraits/men/80.jpg","medium":"https://randomuser.me/api/portraits/med/men/80.jpg","thumbnail":"https://randomuser.me/api/portraits/thumb/men/80.jpg"},"nat":"DE"}],"info":{"seed":"36bae1b4c8f0c85d","results":1,"page":1,"version":"1.4"}} 
 </msg>
<msg time="2024-07-24T04:17:39.958252" level="INFO">/opt/hostedtoolcache/Python/3.12.4/x64/lib/python3.12/site-packages/urllib3/connectionpool.py:1099: InsecureRequestWarning: Unverified HTTPS request is being made to host 'randomuser.me'. Adding certificate verification is strongly advised. See: https://urllib3.readthedocs.io/en/latest/advanced-usage.html#tls-warnings
  warnings.warn(</msg>
<msg time="2024-07-24T04:17:39.958364" level="INFO">${response} = &lt;Response [200]&gt;</msg>
<var>${response}</var>
<arg>consultarAPI</arg>
<arg>/api</arg>
<doc>Sends a GET request on a previously created HTTP Session.</doc>
<status status="PASS" start="2024-07-24T04:17:39.853767" elapsed="0.104633"/>
</kw>
<kw name="Set Variable" owner="BuiltIn">
<msg time="2024-07-24T04:17:39.959400" level="INFO">${json_data} = {'results': [{'gender': 'male', 'name': {'title': 'Mr', 'first': 'Willibald', 'last': 'Gerken'}, 'location': {'street': {'number': 2957, 'name': 'Kapellenweg'}, 'city': 'Alpirsbach', 'state': 'Bremen'...</msg>
<var>${json_data}</var>
<arg>${response.json()}</arg>
<doc>Returns the given values which can then be assigned to a variables.</doc>
<status status="PASS" start="2024-07-24T04:17:39.958916" elapsed="0.000517"/>
</kw>
<kw name="Log" owner="BuiltIn">
<msg time="2024-07-24T04:17:39.959883" level="INFO">{'results': [{'gender': 'male', 'name': {'title': 'Mr', 'first': 'Willibald', 'last': 'Gerken'}, 'location': {'street': {'number': 2957, 'name': 'Kapellenweg'}, 'city': 'Alpirsbach', 'state': 'Bremen', 'country': 'Germany', 'postcode': 41504, 'coordinates': {'latitude': '-53.0333', 'longitude': '-126.9171'}, 'timezone': {'offset': '-2:00', 'description': 'Mid-Atlantic'}}, 'email': 'willibald.gerken@example.com', 'login': {'uuid': 'f3647045-aa18-4358-b92b-a9ccfffb9ec5', 'username': 'bluepeacock707', 'password': 'maxim', 'salt': 'MNgGlwHR', 'md5': 'dd506f5c702fffa86639aa9931bb5296', 'sha1': '72b64b325485a5ba620885b22f1fdcebdbe22b0a', 'sha256': '676489bc4ed1ef452df599c65a515c16bd5452a93e00d42223cb91e2d9ce9e77'}, 'dob': {'date': '1976-09-12T12:29:00.310Z', 'age': 47}, 'registered': {'date': '2018-03-27T03:38:32.144Z', 'age': 6}, 'phone': '0999-7597348', 'cell': '0173-2495457', 'id': {'name': 'SVNR', 'value': '69 120976 G 180'}, 'picture': {'large': 'https://randomuser.me/api/portraits/men/80.jpg', 'medium': 'https://randomuser.me/api/portraits/med/men/80.jpg', 'thumbnail': 'https://randomuser.me/api/portraits/thumb/men/80.jpg'}, 'nat': 'DE'}], 'info': {'seed': '36bae1b4c8f0c85d', 'results': 1, 'page': 1, 'version': '1.4'}}</msg>
<arg>${json_data}</arg>
<doc>Logs the given message with the given level.</doc>
<status status="PASS" start="2024-07-24T04:17:39.959733" elapsed="0.000197"/>
</kw>
<kw name="Should Be Equal As Numbers" owner="BuiltIn">
<arg>${json_data['results'][0]['location']['postcode']}</arg>
<arg>${json_data['results'][0]['location']['postcode']}</arg>
<doc>Fails if objects are unequal after converting them to real numbers.</doc>
<status status="PASS" start="2024-07-24T04:17:39.960214" elapsed="0.000618"/>
</kw>
<kw name="Log" owner="BuiltIn">
<msg time="2024-07-24T04:17:39.961404" level="INFO">41504</msg>
<arg>${json_data['results'][0]['location']['postcode']}</arg>
<doc>Logs the given message with the given level.</doc>
<status status="PASS" start="2024-07-24T04:17:39.961025" elapsed="0.000421"/>
</kw>
<status status="PASS" start="2024-07-24T04:17:39.853546" elapsed="0.108180"/>
</kw>
<doc>Testa se os tipos de dados na resposta da API estão corretos.</doc>
<tag>testeTiposDados</tag>
<status status="PASS" start="2024-07-24T04:17:39.745146" elapsed="0.216737"/>
</test>
<test id="s1-s1-t5" name="Validar conteudo" line="35">
<kw name="Teste de Tipos de Conteudo" owner="random-user-service">
<kw name="GET On Session" owner="RequestsLibrary">
<msg time="2024-07-24T04:17:40.060206" level="INFO">GET Request : url=https://randomuser.me/api 
 path_url=/api 
 headers={'User-Agent': 'python-requests/2.32.3', 'Accept-Encoding': 'gzip, deflate', 'Accept': '*/*', 'Connection': 'keep-alive'} 
 body=None 
 </msg>
<msg time="2024-07-24T04:17:40.060302" level="INFO">GET Response : url=https://randomuser.me/api 
 status=200, reason=OK 
 headers={'Date': 'Wed, 24 Jul 2024 04:17:40 GMT', 'Content-Type': 'application/json; charset=utf-8', 'Transfer-Encoding': 'chunked', 'Connection': 'keep-alive', 'X-Powered-By': 'Express', 'Access-Control-Allow-Origin': '*', 'Cache-Control': 'no-cache', 'ETag': 'W/"48a-7DGTmo4MGHaziH1A0CRDa8nFrcw"', 'Vary': 'Accept-Encoding', 'Content-Encoding': 'gzip', 'CF-Cache-Status': 'DYNAMIC', 'Report-To': '{"endpoints":[{"url":"https:\\/\\/a.nel.cloudflare.com\\/report\\/v4?s=%2Fj1AuGk%2BpoP0RVPbW1wIZj6FF9msVoKqljJDInIMzpt7T4zNZGgxlGrL2zv7TQDoybYAEqfhRtjKNi1nQy%2BcfP2lcnF5g%2By5bv%2BvtomGtI0%2B8%2F3RoQJcl5zqdVMmipcH"}],"group":"cf-nel","max_age":604800}', 'NEL': '{"success_fraction":0,"report_to":"cf-nel","max_age":604800}', 'Server': 'cloudflare', 'CF-RAY': '8a811a10cce32b8d-LAX', 'alt-svc': 'h3=":443"; ma=86400'} 
 body={"results":[{"gender":"male","name":{"title":"Mr","first":"Alfredo","last":"Ribeiro"},"location":{"street":{"number":8593,"name":"Rua Paraná "},"city":"Vitória","state":"Rondônia","country":"Brazil","postcode":27580,"coordinates":{"latitude":"-76.4942","longitude":"-163.4812"},"timezone":{"offset":"-12:00","description":"Eniwetok, Kwajalein"}},"email":"alfredo.ribeiro@example.com","login":{"uuid":"1d0d7fc3-ac8a-48f6-b096-d5e6232ab7a3","username":"organickoala864","password":"525252","salt":"QVINH0x8","md5":"fdc83d3be71da08f3ad4eb5a9facd073","sha1":"b4e6dd0be4c848dd8f449d09a2f0715e3c718fef","sha256":"6fdcd8538e1dd5068fb484831a0878b2ca38ed97acce717a9d2790f0cd77fef8"},"dob":{"date":"1965-11-12T23:31:35.341Z","age":58},"registered":{"date":"2020-04-03T22:13:03.569Z","age":4},"phone":"(12) 1674-6228","cell":"(34) 2783-9130","id":{"name":"CPF","value":"976.017.912-44"},"picture":{"large":"https://randomuser.me/api/portraits/men/38.jpg","medium":"https://randomuser.me/api/portraits/med/men/38.jpg","thumbnail":"https://randomuser.me/api/portraits/thumb/men/38.jpg"},"nat":"BR"}],"info":{"seed":"148115ba937b83e8","results":1,"page":1,"version":"1.4"}} 
 </msg>
<msg time="2024-07-24T04:17:40.060407" level="INFO">/opt/hostedtoolcache/Python/3.12.4/x64/lib/python3.12/site-packages/urllib3/connectionpool.py:1099: InsecureRequestWarning: Unverified HTTPS request is being made to host 'randomuser.me'. Adding certificate verification is strongly advised. See: https://urllib3.readthedocs.io/en/latest/advanced-usage.html#tls-warnings
  warnings.warn(</msg>
<msg time="2024-07-24T04:17:40.060541" level="INFO">${response} = &lt;Response [200]&gt;</msg>
<var>${response}</var>
<arg>consultarAPI</arg>
<arg>/api</arg>
<doc>Sends a GET request on a previously created HTTP Session.</doc>
<status status="PASS" start="2024-07-24T04:17:39.964311" elapsed="0.096273"/>
</kw>
<kw name="Set Variable" owner="BuiltIn">
<msg time="2024-07-24T04:17:40.061821" level="INFO">${json_data} = {'results': [{'gender': 'male', 'name': {'title': 'Mr', 'first': 'Alfredo', 'last': 'Ribeiro'}, 'location': {'street': {'number': 8593, 'name': 'Rua Paraná '}, 'city': 'Vitória', 'state': 'Rondônia', ...</msg>
<var>${json_data}</var>
<arg>${response.json()}</arg>
<doc>Returns the given values which can then be assigned to a variables.</doc>
<status status="PASS" start="2024-07-24T04:17:40.061102" elapsed="0.000765"/>
</kw>
<kw name="Set Variable" owner="BuiltIn">
<msg time="2024-07-24T04:17:40.062987" level="INFO">${name_title} = Mr</msg>
<var>${name_title}</var>
<arg>${json_data["results"][0]["name"]["title"]}</arg>
<doc>Returns the given values which can then be assigned to a variables.</doc>
<status status="PASS" start="2024-07-24T04:17:40.062365" elapsed="0.000661"/>
</kw>
<kw name="Create List" owner="BuiltIn">
<msg time="2024-07-24T04:17:40.063690" level="INFO">${allowed_titles} = ['Mr', 'Ms', 'Miss', 'Mrs', 'Madame', 'Monsieur']</msg>
<var>${allowed_titles}</var>
<arg>Mr</arg>
<arg>Ms</arg>
<arg>Miss</arg>
<arg>Mrs</arg>
<arg>Madame</arg>
<arg>Monsieur</arg>
<doc>Returns a list containing given items.</doc>
<status status="PASS" start="2024-07-24T04:17:40.063463" elapsed="0.000273"/>
</kw>
<kw name="List Should Contain Value" owner="Collections">
<arg>${allowed_titles}</arg>
<arg>${name_title}</arg>
<doc>Fails if the ``value`` is not found from ``list``.</doc>
<status status="PASS" start="2024-07-24T04:17:40.064215" elapsed="0.000270"/>
</kw>
<kw name="Set Variable" owner="BuiltIn">
<msg time="2024-07-24T04:17:40.065491" level="INFO">${name_country} = BR</msg>
<var>${name_country}</var>
<arg>${json_data["results"][0]["nat"]}</arg>
<doc>Returns the given values which can then be assigned to a variables.</doc>
<status status="PASS" start="2024-07-24T04:17:40.064807" elapsed="0.000724"/>
</kw>
<kw name="Create List" owner="BuiltIn">
<msg time="2024-07-24T04:17:40.067224" level="INFO">${list_country} = ['AD', 'AE', 'AF', 'AG', 'AI', 'AL', 'AM', 'AO', 'AQ', 'AR', 'AS', 'AT', 'AU', 'AW', 'AX', 'AZ', 'BA', 'BB', 'BD', 'BE', 'BF', 'BG', 'BH', 'BI', 'BJ', 'BL', 'BM', 'BN', 'BO', 'BQ', 'BR', 'BS', 'BT', '...</msg>
<var>${list_country}</var>
<arg>AD</arg>
<arg>AE</arg>
<arg>AF</arg>
<arg>AG</arg>
<arg>AI</arg>
<arg>AL</arg>
<arg>AM</arg>
<arg>AO</arg>
<arg>AQ</arg>
<arg>AR</arg>
<arg>AS</arg>
<arg>AT</arg>
<arg>AU</arg>
<arg>AW</arg>
<arg>AX</arg>
<arg>AZ</arg>
<arg>BA</arg>
<arg>BB</arg>
<arg>BD</arg>
<arg>BE</arg>
<arg>BF</arg>
<arg>BG</arg>
<arg>BH</arg>
<arg>BI</arg>
<arg>BJ</arg>
<arg>BL</arg>
<arg>BM</arg>
<arg>BN</arg>
<arg>BO</arg>
<arg>BQ</arg>
<arg>BR</arg>
<arg>BS</arg>
<arg>BT</arg>
<arg>BV</arg>
<arg>BW</arg>
<arg>BY</arg>
<arg>BZ</arg>
<arg>CA</arg>
<arg>CC</arg>
<arg>CD</arg>
<arg>CF</arg>
<arg>CG</arg>
<arg>CH</arg>
<arg>CI</arg>
<arg>CK</arg>
<arg>CL</arg>
<arg>CM</arg>
<arg>CN</arg>
<arg>CO</arg>
<arg>CR</arg>
<arg>CU</arg>
<arg>CV</arg>
<arg>CW</arg>
<arg>CX</arg>
<arg>CY</arg>
<arg>CZ</arg>
<arg>DE</arg>
<arg>DJ</arg>
<arg>DK</arg>
<arg>DM</arg>
<arg>DO</arg>
<arg>DZ</arg>
<arg>EC</arg>
<arg>EE</arg>
<arg>EG</arg>
<arg>EH</arg>
<arg>ER</arg>
<arg>ES</arg>
<arg>ET</arg>
<arg>FI</arg>
<arg>FJ</arg>
<arg>FK</arg>
<arg>FM</arg>
<arg>FO</arg>
<arg>FR</arg>
<arg>GA</arg>
<arg>GB</arg>
<arg>GD</arg>
<arg>GE</arg>
<arg>GF</arg>
<arg>GG</arg>
<arg>GH</arg>
<arg>GI</arg>
<arg>GL</arg>
<arg>GM</arg>
<arg>GN</arg>
<arg>GP</arg>
<arg>GQ</arg>
<arg>GR</arg>
<arg>GS</arg>
<arg>GT</arg>
<arg>GU</arg>
<arg>GW</arg>
<arg>GY</arg>
<arg>HK</arg>
<arg>HM</arg>
<arg>HN</arg>
<arg>HR</arg>
<arg>HT</arg>
<arg>HU</arg>
<arg>ID</arg>
<arg>IE</arg>
<arg>IL</arg>
<arg>IM</arg>
<arg>IN</arg>
<arg>IO</arg>
<arg>IQ</arg>
<arg>IR</arg>
<arg>IS</arg>
<arg>IT</arg>
<arg>JE</arg>
<arg>JM</arg>
<arg>JO</arg>
<arg>JP</arg>
<arg>KE</arg>
<arg>KG</arg>
<arg>KH</arg>
<arg>KI</arg>
<arg>KM</arg>
<arg>KN</arg>
<arg>KP</arg>
<arg>KR</arg>
<arg>KW</arg>
<arg>KY</arg>
<arg>KZ</arg>
<arg>LA</arg>
<arg>LB</arg>
<arg>LC</arg>
<arg>LI</arg>
<arg>LK</arg>
<arg>LR</arg>
<arg>LS</arg>
<arg>LT</arg>
<arg>LU</arg>
<arg>LV</arg>
<arg>LY</arg>
<arg>MA</arg>
<arg>MC</arg>
<arg>MD</arg>
<arg>ME</arg>
<arg>MF</arg>
<arg>MG</arg>
<arg>MH</arg>
<arg>MK</arg>
<arg>ML</arg>
<arg>MM</arg>
<arg>MN</arg>
<arg>MO</arg>
<arg>MP</arg>
<arg>MQ</arg>
<arg>MR</arg>
<arg>MS</arg>
<arg>MT</arg>
<arg>MU</arg>
<arg>MV</arg>
<arg>MW</arg>
<arg>MX</arg>
<arg>MY</arg>
<arg>MZ</arg>
<arg>NA</arg>
<arg>NC</arg>
<arg>NE</arg>
<arg>NF</arg>
<arg>NG</arg>
<arg>NI</arg>
<arg>NL</arg>
<arg>NO</arg>
<arg>NP</arg>
<arg>NR</arg>
<arg>NU</arg>
<arg>NZ</arg>
<arg>OM</arg>
<arg>PA</arg>
<arg>PE</arg>
<arg>PF</arg>
<arg>PG</arg>
<arg>PH</arg>
<arg>PK</arg>
<arg>PL</arg>
<arg>PM</arg>
<arg>PN</arg>
<arg>PR</arg>
<arg>PS</arg>
<arg>PT</arg>
<arg>PW</arg>
<arg>PY</arg>
<arg>QA</arg>
<arg>RE</arg>
<arg>RO</arg>
<arg>RS</arg>
<arg>RU</arg>
<arg>RW</arg>
<arg>SA</arg>
<arg>SB</arg>
<arg>SC</arg>
<arg>SD</arg>
<arg>SE</arg>
<arg>SG</arg>
<arg>SH</arg>
<arg>SI</arg>
<arg>SJ</arg>
<arg>SK</arg>
<arg>SL</arg>
<arg>SM</arg>
<arg>SN</arg>
<arg>SO</arg>
<arg>SR</arg>
<arg>SS</arg>
<arg>ST</arg>
<arg>SV</arg>
<arg>SX</arg>
<arg>SY</arg>
<arg>SZ</arg>
<arg>TC</arg>
<arg>TD</arg>
<arg>TF</arg>
<arg>TG</arg>
<arg>TH</arg>
<arg>TJ</arg>
<arg>TK</arg>
<arg>TL</arg>
<arg>TM</arg>
<arg>TN</arg>
<arg>TO</arg>
<arg>TR</arg>
<arg>TT</arg>
<arg>TV</arg>
<arg>TW</arg>
<arg>TZ</arg>
<arg>UA</arg>
<arg>UG</arg>
<arg>UM</arg>
<arg>US</arg>
<arg>UY</arg>
<arg>UZ</arg>
<arg>VA</arg>
<arg>VC</arg>
<arg>VE</arg>
<arg>VG</arg>
<arg>VI</arg>
<arg>VN</arg>
<arg>VU</arg>
<arg>WF</arg>
<arg>WS</arg>
<arg>XK</arg>
<arg>YE</arg>
<arg>YT</arg>
<arg>ZA</arg>
<arg>ZM</arg>
<arg>ZW</arg>
<doc>Returns a list containing given items.</doc>
<status status="PASS" start="2024-07-24T04:17:40.065991" elapsed="0.001277"/>
</kw>
<kw name="List Should Contain Value" owner="Collections">
<arg>${list_country}</arg>
<arg>${name_country}</arg>
<doc>Fails if the ``value`` is not found from ``list``.</doc>
<status status="PASS" start="2024-07-24T04:17:40.068800" elapsed="0.000385"/>
</kw>
<kw name="Run Keyword If" owner="BuiltIn">
<kw name="Should Be True" owner="BuiltIn">
<arg>${True}</arg>
<doc>Fails if the given condition is not true.</doc>
<status status="PASS" start="2024-07-24T04:17:40.070784" elapsed="0.000231"/>
</kw>
<arg>${json_data["results"][0]["location"]["coordinates"]["latitude"]} &gt;= -90 and ${json_data["results"][0]["location"]["coordinates"]["latitude"]} &lt;= 90</arg>
<arg>Should Be True</arg>
<arg>${True}</arg>
<doc>Runs the given keyword with the given arguments, if ``condition`` is true.</doc>
<status status="PASS" start="2024-07-24T04:17:40.069534" elapsed="0.001713"/>
</kw>
<kw name="Run Keyword If" owner="BuiltIn">
<kw name="Should Be True" owner="BuiltIn">
<arg>${True}</arg>
<doc>Fails if the given condition is not true.</doc>
<status status="PASS" start="2024-07-24T04:17:40.072787" elapsed="0.000215"/>
</kw>
<arg>${json_data["results"][0]["location"]["coordinates"]["longitude"]} &gt;= -180 and ${json_data["results"][0]["location"]["coordinates"]["longitude"]} &lt;= 180</arg>
<arg>Should Be True</arg>
<arg>${True}</arg>
<doc>Runs the given keyword with the given arguments, if ``condition`` is true.</doc>
<status status="PASS" start="2024-07-24T04:17:40.071560" elapsed="0.001699"/>
</kw>
<status status="PASS" start="2024-07-24T04:17:39.964095" elapsed="0.109410"/>
</kw>
<doc>Testa o conteúdo específico dos campos retornados pela API.</doc>
<tag>testeConteudo</tag>
<status status="PASS" start="2024-07-24T04:17:39.963590" elapsed="0.110166"/>
</test>
<status status="PASS" start="2024-07-24T04:17:39.124331" elapsed="0.952442"/>
</suite>
<status status="PASS" start="2024-07-24T04:17:39.109854" elapsed="0.971900"/>
</suite>
<statistics>
<total>
<stat pass="5" fail="0" skip="0">All Tests</stat>
</total>
<tag>
<stat pass="1" fail="0" skip="0">testeConteudo</stat>
<stat pass="1" fail="0" skip="0">testeEstruturaResposta</stat>
<stat pass="1" fail="0" skip="0">testeRequisicaoBasica</stat>
<stat pass="1" fail="0" skip="0">testeTiposDados</stat>
</tag>
<suite>
<stat pass="5" fail="0" skip="0" id="s1" name="Tests">Tests</stat>
<stat pass="5" fail="0" skip="0" id="s1-s1" name="Random-User-Test">Tests.Random-User-Test</stat>
</suite>
</statistics>
<errors>
</errors>
</robot>
