<?xml version="1.0" encoding="UTF-8"?>
<robot generator="Robot 7.0 (Python 3.12.2 on linux)" generated="2024-03-21T13:16:03.543166" rpa="false" schemaversion="5">
<suite id="s1" name="Tests" source="/home/runner/work/DesafioQAItauRogerioJordao/DesafioQAItauRogerioJordao/RamdonUser/tests">
<suite id="s1-s1" name="Random-User-Test" source="/home/runner/work/DesafioQAItauRogerioJordao/DesafioQAItauRogerioJordao/RamdonUser/tests/random-user-test.robot">
<test id="s1-s1-t1" name="Conectar" line="13">
<kw name="Conectar API" owner="random-user-service">
<kw name="Create Session" owner="RequestsLibrary">
<msg time="2024-03-21T13:16:03.908248" level="INFO">Creating Session using : alias=consultarAPI, url=https://randomuser.me/, headers={},                     cookies={}, auth=None, timeout=None, proxies=None, verify=False,                     debug=0 </msg>
<arg>consultarAPI</arg>
<arg>${URL}</arg>
<doc>Create Session: create a HTTP session to a server</doc>
<status status="PASS" start="2024-03-21T13:16:03.907984" elapsed="0.000455"/>
</kw>
<status status="PASS" start="2024-03-21T13:16:03.907009" elapsed="0.001805"/>
</kw>
<status status="PASS" start="2024-03-21T13:16:03.906417" elapsed="0.002594"/>
</test>
<test id="s1-s1-t2" name="Validar retorno 200 e JSON Válido" line="16">
<kw name="Teste de Requisicao Basica" owner="random-user-service">
<kw name="GET On Session" owner="RequestsLibrary">
<msg time="2024-03-21T13:16:04.208876" level="INFO">GET Request : url=https://randomuser.me/api 
 path_url=/api 
 headers={'User-Agent': 'python-requests/2.31.0', 'Accept-Encoding': 'gzip, deflate', 'Accept': '*/*', 'Connection': 'keep-alive'} 
 body=None 
 </msg>
<msg time="2024-03-21T13:16:04.209045" level="INFO">GET Response : url=https://randomuser.me/api 
 status=200, reason=OK 
 headers={'Date': 'Thu, 21 Mar 2024 13:16:04 GMT', 'Content-Type': 'application/json; charset=utf-8', 'Transfer-Encoding': 'chunked', 'Connection': 'keep-alive', 'X-Powered-By': 'Express', 'Access-Control-Allow-Origin': '*', 'Cache-Control': 'no-cache', 'ETag': 'W/"4b7-bUypqoPTd8KEdqiELdqz4sG9DR0"', 'Vary': 'Accept-Encoding', 'Content-Encoding': 'gzip', 'CF-Cache-Status': 'DYNAMIC', 'Report-To': '{"endpoints":[{"url":"https:\\/\\/a.nel.cloudflare.com\\/report\\/v4?s=N1lfsIstM2ZHMaLhZ6vY6rU%2FaaqMcNKgN%2Fkq2p7Z2mQKWpcAMUPCufXtRPHWgoHIwrmlJXIQuboSlJ7f8hiUVmvYW4NVZ%2F5dP7Y3VkCbrQrjOJCOBFT2JtSAX66Ac5%2FN"}],"group":"cf-nel","max_age":604800}', 'NEL': '{"success_fraction":0,"report_to":"cf-nel","max_age":604800}', 'Server': 'cloudflare', 'CF-RAY': '867e36dd9cef2abd-LAX', 'alt-svc': 'h3=":443"; ma=86400'} 
 body={"results":[{"gender":"female","name":{"title":"Miss","first":"Lílian","last":"Pereira"},"location":{"street":{"number":9136,"name":"Rua São José "},"city":"Barra Mansa","state":"Espírito Santo","country":"Brazil","postcode":99356,"coordinates":{"latitude":"-74.7271","longitude":"44.7630"},"timezone":{"offset":"0:00","description":"Western Europe Time, London, Lisbon, Casablanca"}},"email":"lilian.pereira@example.com","login":{"uuid":"9c47ec14-f219-4b3f-a97e-965062b19e68","username":"whitemeercat482","password":"huang","salt":"khMQn8jL","md5":"e6f9e1c876cf687742b97ba7000a699b","sha1":"82b2ef5c05d38548b1eb2ba2b542d569519bfbf8","sha256":"a2fe8cc1357f42d1e1ad7758162f76f6b5ff9b3bc6350dafff78d2e0eac88729"},"dob":{"date":"1964-05-15T10:08:35.096Z","age":59},"registered":{"date":"2003-01-28T01:16:41.455Z","age":21},"phone":"(17) 0684-5718","cell":"(14) 6477-9031","id":{"name":"CPF","value":"159.489.339-88"},"picture":{"large":"https://randomuser.me/api/portraits/women/40.jpg","medium":"https://randomuser.me/api/portraits/med/women/40.jpg","thumbnail":"https://randomuser.me/api/portraits/thumb/women/40.jpg"},"nat":"BR"}],"info":{"seed":"f300e21a08047cf3","results":1,"page":1,"version":"1.4"}} 
 </msg>
<msg time="2024-03-21T13:16:04.209184" level="INFO">/opt/hostedtoolcache/Python/3.12.2/x64/lib/python3.12/site-packages/urllib3/connectionpool.py:1103: InsecureRequestWarning: Unverified HTTPS request is being made to host 'randomuser.me'. Adding certificate verification is strongly advised. See: https://urllib3.readthedocs.io/en/latest/advanced-usage.html#tls-warnings
  warnings.warn(</msg>
<msg time="2024-03-21T13:16:04.209363" level="INFO">${response} = &lt;Response [200]&gt;</msg>
<var>${response}</var>
<arg>consultarAPI</arg>
<arg>/api</arg>
<doc>Sends a GET request on a previously created HTTP Session.</doc>
<status status="PASS" start="2024-03-21T13:16:03.911602" elapsed="0.297814"/>
</kw>
<kw name="Should Be Equal As Numbers" owner="BuiltIn">
<msg time="2024-03-21T13:16:04.210512" level="INFO">Argument types are:
&lt;class 'int'&gt;
&lt;class 'str'&gt;</msg>
<arg>${response.status_code}</arg>
<arg>200</arg>
<doc>Fails if objects are unequal after converting them to real numbers.</doc>
<status status="PASS" start="2024-03-21T13:16:04.210016" elapsed="0.000562"/>
</kw>
<kw name="Log" owner="BuiltIn">
<msg time="2024-03-21T13:16:04.211300" level="INFO">200</msg>
<arg>${response.status_code}</arg>
<doc>Logs the given message with the given level.</doc>
<status status="PASS" start="2024-03-21T13:16:04.210913" elapsed="0.000433"/>
</kw>
<kw name="Set Variable" owner="BuiltIn">
<msg time="2024-03-21T13:16:04.212122" level="INFO">${json_data} = {'results': [{'gender': 'female', 'name': {'title': 'Miss', 'first': 'Lílian', 'last': 'Pereira'}, 'location': {'street': {'number': 9136, 'name': 'Rua São José '}, 'city': 'Barra Mansa', 'state': 'Es...</msg>
<var>${json_data}</var>
<arg>${response.json()}</arg>
<doc>Returns the given values which can then be assigned to a variables.</doc>
<status status="PASS" start="2024-03-21T13:16:04.211664" elapsed="0.000488"/>
</kw>
<kw name="Dictionary Should Contain Key" owner="Collections">
<msg time="2024-03-21T13:16:04.212665" level="INFO">False</msg>
<arg>${json_data}</arg>
<arg>results</arg>
<doc>Fails if ``key`` is not found from ``dictionary``.</doc>
<status status="PASS" start="2024-03-21T13:16:04.212488" elapsed="0.000217"/>
</kw>
<status status="PASS" start="2024-03-21T13:16:03.911354" elapsed="0.301617"/>
</kw>
<doc>Testa se a API responde corretamente e retorna um objeto JSON válido.</doc>
<tag>testeRequisicaoBasica</tag>
<status status="PASS" start="2024-03-21T13:16:03.910901" elapsed="0.302265"/>
</test>
<test id="s1-s1-t3" name="Validar estrutura de resposta" line="22">
<kw name="Teste de Estrutura de Resposta" owner="random-user-service">
<kw name="GET On Session" owner="RequestsLibrary">
<msg time="2024-03-21T13:16:04.315151" level="INFO">GET Request : url=https://randomuser.me/api 
 path_url=/api 
 headers={'User-Agent': 'python-requests/2.31.0', 'Accept-Encoding': 'gzip, deflate', 'Accept': '*/*', 'Connection': 'keep-alive'} 
 body=None 
 </msg>
<msg time="2024-03-21T13:16:04.315238" level="INFO">GET Response : url=https://randomuser.me/api 
 status=200, reason=OK 
 headers={'Date': 'Thu, 21 Mar 2024 13:16:04 GMT', 'Content-Type': 'application/json; charset=utf-8', 'Transfer-Encoding': 'chunked', 'Connection': 'keep-alive', 'X-Powered-By': 'Express', 'Access-Control-Allow-Origin': '*', 'Cache-Control': 'no-cache', 'ETag': 'W/"482-KTHCYKnYo8jAx0dPU+a8WnNrcZc"', 'Vary': 'Accept-Encoding', 'Content-Encoding': 'gzip', 'CF-Cache-Status': 'DYNAMIC', 'Report-To': '{"endpoints":[{"url":"https:\\/\\/a.nel.cloudflare.com\\/report\\/v4?s=3BnrMsSO6JpBpNeBt91khzAsPilIfHVkcVl3c9Fg7%2BjJKdlj6E2OzyZsvNFBZywb%2FIg09gyZ44qgfr50CHpUuWVq%2BG8HBY6QhOAxchk%2B4G2xdT1gRKQN3%2F%2FV58iOEuBG"}],"group":"cf-nel","max_age":604800}', 'NEL': '{"success_fraction":0,"report_to":"cf-nel","max_age":604800}', 'Server': 'cloudflare', 'CF-RAY': '867e36de5dab2abd-LAX', 'alt-svc': 'h3=":443"; ma=86400'} 
 body={"results":[{"gender":"male","name":{"title":"Mr","first":"Ethan","last":"Ford"},"location":{"street":{"number":2891,"name":"Oak Ridge Ln"},"city":"Topeka","state":"Maryland","country":"United States","postcode":39070,"coordinates":{"latitude":"84.5537","longitude":"-175.5650"},"timezone":{"offset":"+2:00","description":"Kaliningrad, South Africa"}},"email":"ethan.ford@example.com","login":{"uuid":"54849e65-75f1-4351-9575-c6a836178530","username":"heavygoose822","password":"first","salt":"Dv0gpufu","md5":"a352d1697993e2dd7331034a8497b18e","sha1":"b419cf5ebbe08a4677dfc3319ef5727d4404afc9","sha256":"5c51b66f4121a85694d904c8e5bef70296c81a9b8950c32cb39e531ba74baf54"},"dob":{"date":"1968-04-21T16:20:33.164Z","age":55},"registered":{"date":"2015-01-10T10:11:16.636Z","age":9},"phone":"(340) 553-2085","cell":"(589) 579-3464","id":{"name":"SSN","value":"336-75-3391"},"picture":{"large":"https://randomuser.me/api/portraits/men/55.jpg","medium":"https://randomuser.me/api/portraits/med/men/55.jpg","thumbnail":"https://randomuser.me/api/portraits/thumb/men/55.jpg"},"nat":"US"}],"info":{"seed":"02c240de3e22c8e5","results":1,"page":1,"version":"1.4"}} 
 </msg>
<msg time="2024-03-21T13:16:04.315376" level="INFO">/opt/hostedtoolcache/Python/3.12.2/x64/lib/python3.12/site-packages/urllib3/connectionpool.py:1103: InsecureRequestWarning: Unverified HTTPS request is being made to host 'randomuser.me'. Adding certificate verification is strongly advised. See: https://urllib3.readthedocs.io/en/latest/advanced-usage.html#tls-warnings
  warnings.warn(</msg>
<msg time="2024-03-21T13:16:04.315490" level="INFO">${response} = &lt;Response [200]&gt;</msg>
<var>${response}</var>
<arg>consultarAPI</arg>
<arg>/api</arg>
<doc>Sends a GET request on a previously created HTTP Session.</doc>
<status status="PASS" start="2024-03-21T13:16:04.215988" elapsed="0.099569"/>
</kw>
<kw name="Set Variable" owner="BuiltIn">
<msg time="2024-03-21T13:16:04.316632" level="INFO">${json_data} = {'results': [{'gender': 'male', 'name': {'title': 'Mr', 'first': 'Ethan', 'last': 'Ford'}, 'location': {'street': {'number': 2891, 'name': 'Oak Ridge Ln'}, 'city': 'Topeka', 'state': 'Maryland', 'coun...</msg>
<var>${json_data}</var>
<arg>${response.json()}</arg>
<doc>Returns the given values which can then be assigned to a variables.</doc>
<status status="PASS" start="2024-03-21T13:16:04.316005" elapsed="0.000656"/>
</kw>
<kw name="Log" owner="BuiltIn">
<msg time="2024-03-21T13:16:04.317124" level="INFO">{'results': [{'gender': 'male', 'name': {'title': 'Mr', 'first': 'Ethan', 'last': 'Ford'}, 'location': {'street': {'number': 2891, 'name': 'Oak Ridge Ln'}, 'city': 'Topeka', 'state': 'Maryland', 'country': 'United States', 'postcode': 39070, 'coordinates': {'latitude': '84.5537', 'longitude': '-175.5650'}, 'timezone': {'offset': '+2:00', 'description': 'Kaliningrad, South Africa'}}, 'email': 'ethan.ford@example.com', 'login': {'uuid': '54849e65-75f1-4351-9575-c6a836178530', 'username': 'heavygoose822', 'password': 'first', 'salt': 'Dv0gpufu', 'md5': 'a352d1697993e2dd7331034a8497b18e', 'sha1': 'b419cf5ebbe08a4677dfc3319ef5727d4404afc9', 'sha256': '5c51b66f4121a85694d904c8e5bef70296c81a9b8950c32cb39e531ba74baf54'}, 'dob': {'date': '1968-04-21T16:20:33.164Z', 'age': 55}, 'registered': {'date': '2015-01-10T10:11:16.636Z', 'age': 9}, 'phone': '(340) 553-2085', 'cell': '(589) 579-3464', 'id': {'name': 'SSN', 'value': '336-75-3391'}, 'picture': {'large': 'https://randomuser.me/api/portraits/men/55.jpg', 'medium': 'https://randomuser.me/api/portraits/med/men/55.jpg', 'thumbnail': 'https://randomuser.me/api/portraits/thumb/men/55.jpg'}, 'nat': 'US'}], 'info': {'seed': '02c240de3e22c8e5', 'results': 1, 'page': 1, 'version': '1.4'}}</msg>
<arg>${json_data}</arg>
<doc>Logs the given message with the given level.</doc>
<status status="PASS" start="2024-03-21T13:16:04.316966" elapsed="0.000207"/>
</kw>
<kw name="Dictionary Should Contain Key" owner="Collections">
<msg time="2024-03-21T13:16:04.317615" level="INFO">False</msg>
<arg>${json_data}</arg>
<arg>results</arg>
<doc>Fails if ``key`` is not found from ``dictionary``.</doc>
<status status="PASS" start="2024-03-21T13:16:04.317466" elapsed="0.000186"/>
</kw>
<kw name="Should Not Be Empty" owner="BuiltIn">
<msg time="2024-03-21T13:16:04.318121" level="INFO">Length is 2.</msg>
<arg>${json_data}</arg>
<doc>Verifies that the given item is not empty.</doc>
<status status="PASS" start="2024-03-21T13:16:04.317990" elapsed="0.000169"/>
</kw>
<kw name="Create List" owner="BuiltIn">
<msg time="2024-03-21T13:16:04.318593" level="INFO">${expected_keys} = ['gender', 'name', 'location', 'email', 'login']</msg>
<var>${expected_keys}</var>
<arg>gender</arg>
<arg>name</arg>
<arg>location</arg>
<arg>email</arg>
<arg>login</arg>
<doc>Returns a list containing given items.</doc>
<status status="PASS" start="2024-03-21T13:16:04.318448" elapsed="0.000168"/>
</kw>
<for flavor="IN">
<iter>
<kw name="Dictionary Should Contain Key" owner="Collections">
<msg time="2024-03-21T13:16:04.319579" level="INFO">False</msg>
<arg>${json_data['results'][0]}</arg>
<arg>${key}</arg>
<doc>Fails if ``key`` is not found from ``dictionary``.</doc>
<status status="PASS" start="2024-03-21T13:16:04.319182" elapsed="0.000436"/>
</kw>
<kw name="Log" owner="BuiltIn">
<msg time="2024-03-21T13:16:04.320284" level="INFO">{'gender': 'male', 'name': {'title': 'Mr', 'first': 'Ethan', 'last': 'Ford'}, 'location': {'street': {'number': 2891, 'name': 'Oak Ridge Ln'}, 'city': 'Topeka', 'state': 'Maryland', 'country': 'United States', 'postcode': 39070, 'coordinates': {'latitude': '84.5537', 'longitude': '-175.5650'}, 'timezone': {'offset': '+2:00', 'description': 'Kaliningrad, South Africa'}}, 'email': 'ethan.ford@example.com', 'login': {'uuid': '54849e65-75f1-4351-9575-c6a836178530', 'username': 'heavygoose822', 'password': 'first', 'salt': 'Dv0gpufu', 'md5': 'a352d1697993e2dd7331034a8497b18e', 'sha1': 'b419cf5ebbe08a4677dfc3319ef5727d4404afc9', 'sha256': '5c51b66f4121a85694d904c8e5bef70296c81a9b8950c32cb39e531ba74baf54'}, 'dob': {'date': '1968-04-21T16:20:33.164Z', 'age': 55}, 'registered': {'date': '2015-01-10T10:11:16.636Z', 'age': 9}, 'phone': '(340) 553-2085', 'cell': '(589) 579-3464', 'id': {'name': 'SSN', 'value': '336-75-3391'}, 'picture': {'large': 'https://randomuser.me/api/portraits/men/55.jpg', 'medium': 'https://randomuser.me/api/portraits/med/men/55.jpg', 'thumbnail': 'https://randomuser.me/api/portraits/thumb/men/55.jpg'}, 'nat': 'US'}</msg>
<arg>${json_data['results'][0]}</arg>
<doc>Logs the given message with the given level.</doc>
<status status="PASS" start="2024-03-21T13:16:04.319918" elapsed="0.000415"/>
</kw>
<kw name="Log" owner="BuiltIn">
<msg time="2024-03-21T13:16:04.320752" level="INFO">gender</msg>
<arg>${key}</arg>
<doc>Logs the given message with the given level.</doc>
<status status="PASS" start="2024-03-21T13:16:04.320625" elapsed="0.000165"/>
</kw>
<var name="${key}">gender</var>
<status status="PASS" start="2024-03-21T13:16:04.319059" elapsed="0.001955"/>
</iter>
<iter>
<kw name="Dictionary Should Contain Key" owner="Collections">
<msg time="2024-03-21T13:16:04.321696" level="INFO">False</msg>
<arg>${json_data['results'][0]}</arg>
<arg>${key}</arg>
<doc>Fails if ``key`` is not found from ``dictionary``.</doc>
<status status="PASS" start="2024-03-21T13:16:04.321321" elapsed="0.000413"/>
</kw>
<kw name="Log" owner="BuiltIn">
<msg time="2024-03-21T13:16:04.322433" level="INFO">{'gender': 'male', 'name': {'title': 'Mr', 'first': 'Ethan', 'last': 'Ford'}, 'location': {'street': {'number': 2891, 'name': 'Oak Ridge Ln'}, 'city': 'Topeka', 'state': 'Maryland', 'country': 'United States', 'postcode': 39070, 'coordinates': {'latitude': '84.5537', 'longitude': '-175.5650'}, 'timezone': {'offset': '+2:00', 'description': 'Kaliningrad, South Africa'}}, 'email': 'ethan.ford@example.com', 'login': {'uuid': '54849e65-75f1-4351-9575-c6a836178530', 'username': 'heavygoose822', 'password': 'first', 'salt': 'Dv0gpufu', 'md5': 'a352d1697993e2dd7331034a8497b18e', 'sha1': 'b419cf5ebbe08a4677dfc3319ef5727d4404afc9', 'sha256': '5c51b66f4121a85694d904c8e5bef70296c81a9b8950c32cb39e531ba74baf54'}, 'dob': {'date': '1968-04-21T16:20:33.164Z', 'age': 55}, 'registered': {'date': '2015-01-10T10:11:16.636Z', 'age': 9}, 'phone': '(340) 553-2085', 'cell': '(589) 579-3464', 'id': {'name': 'SSN', 'value': '336-75-3391'}, 'picture': {'large': 'https://randomuser.me/api/portraits/men/55.jpg', 'medium': 'https://randomuser.me/api/portraits/med/men/55.jpg', 'thumbnail': 'https://randomuser.me/api/portraits/thumb/men/55.jpg'}, 'nat': 'US'}</msg>
<arg>${json_data['results'][0]}</arg>
<doc>Logs the given message with the given level.</doc>
<status status="PASS" start="2024-03-21T13:16:04.322077" elapsed="0.000404"/>
</kw>
<kw name="Log" owner="BuiltIn">
<msg time="2024-03-21T13:16:04.322902" level="INFO">name</msg>
<arg>${key}</arg>
<doc>Logs the given message with the given level.</doc>
<status status="PASS" start="2024-03-21T13:16:04.322774" elapsed="0.000166"/>
</kw>
<var name="${key}">name</var>
<status status="PASS" start="2024-03-21T13:16:04.321201" elapsed="0.001963"/>
</iter>
<iter>
<kw name="Dictionary Should Contain Key" owner="Collections">
<msg time="2024-03-21T13:16:04.323841" level="INFO">False</msg>
<arg>${json_data['results'][0]}</arg>
<arg>${key}</arg>
<doc>Fails if ``key`` is not found from ``dictionary``.</doc>
<status status="PASS" start="2024-03-21T13:16:04.323463" elapsed="0.000416"/>
</kw>
<kw name="Log" owner="BuiltIn">
<msg time="2024-03-21T13:16:04.324529" level="INFO">{'gender': 'male', 'name': {'title': 'Mr', 'first': 'Ethan', 'last': 'Ford'}, 'location': {'street': {'number': 2891, 'name': 'Oak Ridge Ln'}, 'city': 'Topeka', 'state': 'Maryland', 'country': 'United States', 'postcode': 39070, 'coordinates': {'latitude': '84.5537', 'longitude': '-175.5650'}, 'timezone': {'offset': '+2:00', 'description': 'Kaliningrad, South Africa'}}, 'email': 'ethan.ford@example.com', 'login': {'uuid': '54849e65-75f1-4351-9575-c6a836178530', 'username': 'heavygoose822', 'password': 'first', 'salt': 'Dv0gpufu', 'md5': 'a352d1697993e2dd7331034a8497b18e', 'sha1': 'b419cf5ebbe08a4677dfc3319ef5727d4404afc9', 'sha256': '5c51b66f4121a85694d904c8e5bef70296c81a9b8950c32cb39e531ba74baf54'}, 'dob': {'date': '1968-04-21T16:20:33.164Z', 'age': 55}, 'registered': {'date': '2015-01-10T10:11:16.636Z', 'age': 9}, 'phone': '(340) 553-2085', 'cell': '(589) 579-3464', 'id': {'name': 'SSN', 'value': '336-75-3391'}, 'picture': {'large': 'https://randomuser.me/api/portraits/men/55.jpg', 'medium': 'https://randomuser.me/api/portraits/med/men/55.jpg', 'thumbnail': 'https://randomuser.me/api/portraits/thumb/men/55.jpg'}, 'nat': 'US'}</msg>
<arg>${json_data['results'][0]}</arg>
<doc>Logs the given message with the given level.</doc>
<status status="PASS" start="2024-03-21T13:16:04.324170" elapsed="0.000406"/>
</kw>
<kw name="Log" owner="BuiltIn">
<msg time="2024-03-21T13:16:04.325010" level="INFO">location</msg>
<arg>${key}</arg>
<doc>Logs the given message with the given level.</doc>
<status status="PASS" start="2024-03-21T13:16:04.324871" elapsed="0.000178"/>
</kw>
<var name="${key}">location</var>
<status status="PASS" start="2024-03-21T13:16:04.323353" elapsed="0.001909"/>
</iter>
<iter>
<kw name="Dictionary Should Contain Key" owner="Collections">
<msg time="2024-03-21T13:16:04.325962" level="INFO">False</msg>
<arg>${json_data['results'][0]}</arg>
<arg>${key}</arg>
<doc>Fails if ``key`` is not found from ``dictionary``.</doc>
<status status="PASS" start="2024-03-21T13:16:04.325542" elapsed="0.000459"/>
</kw>
<kw name="Log" owner="BuiltIn">
<msg time="2024-03-21T13:16:04.326662" level="INFO">{'gender': 'male', 'name': {'title': 'Mr', 'first': 'Ethan', 'last': 'Ford'}, 'location': {'street': {'number': 2891, 'name': 'Oak Ridge Ln'}, 'city': 'Topeka', 'state': 'Maryland', 'country': 'United States', 'postcode': 39070, 'coordinates': {'latitude': '84.5537', 'longitude': '-175.5650'}, 'timezone': {'offset': '+2:00', 'description': 'Kaliningrad, South Africa'}}, 'email': 'ethan.ford@example.com', 'login': {'uuid': '54849e65-75f1-4351-9575-c6a836178530', 'username': 'heavygoose822', 'password': 'first', 'salt': 'Dv0gpufu', 'md5': 'a352d1697993e2dd7331034a8497b18e', 'sha1': 'b419cf5ebbe08a4677dfc3319ef5727d4404afc9', 'sha256': '5c51b66f4121a85694d904c8e5bef70296c81a9b8950c32cb39e531ba74baf54'}, 'dob': {'date': '1968-04-21T16:20:33.164Z', 'age': 55}, 'registered': {'date': '2015-01-10T10:11:16.636Z', 'age': 9}, 'phone': '(340) 553-2085', 'cell': '(589) 579-3464', 'id': {'name': 'SSN', 'value': '336-75-3391'}, 'picture': {'large': 'https://randomuser.me/api/portraits/men/55.jpg', 'medium': 'https://randomuser.me/api/portraits/med/men/55.jpg', 'thumbnail': 'https://randomuser.me/api/portraits/thumb/men/55.jpg'}, 'nat': 'US'}</msg>
<arg>${json_data['results'][0]}</arg>
<doc>Logs the given message with the given level.</doc>
<status status="PASS" start="2024-03-21T13:16:04.326307" elapsed="0.000401"/>
</kw>
<kw name="Log" owner="BuiltIn">
<msg time="2024-03-21T13:16:04.327121" level="INFO">email</msg>
<arg>${key}</arg>
<doc>Logs the given message with the given level.</doc>
<status status="PASS" start="2024-03-21T13:16:04.326996" elapsed="0.000162"/>
</kw>
<var name="${key}">email</var>
<status status="PASS" start="2024-03-21T13:16:04.325434" elapsed="0.001936"/>
</iter>
<iter>
<kw name="Dictionary Should Contain Key" owner="Collections">
<msg time="2024-03-21T13:16:04.328036" level="INFO">False</msg>
<arg>${json_data['results'][0]}</arg>
<arg>${key}</arg>
<doc>Fails if ``key`` is not found from ``dictionary``.</doc>
<status status="PASS" start="2024-03-21T13:16:04.327648" elapsed="0.000424"/>
</kw>
<kw name="Log" owner="BuiltIn">
<msg time="2024-03-21T13:16:04.328706" level="INFO">{'gender': 'male', 'name': {'title': 'Mr', 'first': 'Ethan', 'last': 'Ford'}, 'location': {'street': {'number': 2891, 'name': 'Oak Ridge Ln'}, 'city': 'Topeka', 'state': 'Maryland', 'country': 'United States', 'postcode': 39070, 'coordinates': {'latitude': '84.5537', 'longitude': '-175.5650'}, 'timezone': {'offset': '+2:00', 'description': 'Kaliningrad, South Africa'}}, 'email': 'ethan.ford@example.com', 'login': {'uuid': '54849e65-75f1-4351-9575-c6a836178530', 'username': 'heavygoose822', 'password': 'first', 'salt': 'Dv0gpufu', 'md5': 'a352d1697993e2dd7331034a8497b18e', 'sha1': 'b419cf5ebbe08a4677dfc3319ef5727d4404afc9', 'sha256': '5c51b66f4121a85694d904c8e5bef70296c81a9b8950c32cb39e531ba74baf54'}, 'dob': {'date': '1968-04-21T16:20:33.164Z', 'age': 55}, 'registered': {'date': '2015-01-10T10:11:16.636Z', 'age': 9}, 'phone': '(340) 553-2085', 'cell': '(589) 579-3464', 'id': {'name': 'SSN', 'value': '336-75-3391'}, 'picture': {'large': 'https://randomuser.me/api/portraits/men/55.jpg', 'medium': 'https://randomuser.me/api/portraits/med/men/55.jpg', 'thumbnail': 'https://randomuser.me/api/portraits/thumb/men/55.jpg'}, 'nat': 'US'}</msg>
<arg>${json_data['results'][0]}</arg>
<doc>Logs the given message with the given level.</doc>
<status status="PASS" start="2024-03-21T13:16:04.328359" elapsed="0.000393"/>
</kw>
<kw name="Log" owner="BuiltIn">
<msg time="2024-03-21T13:16:04.329163" level="INFO">login</msg>
<arg>${key}</arg>
<doc>Logs the given message with the given level.</doc>
<status status="PASS" start="2024-03-21T13:16:04.329038" elapsed="0.000162"/>
</kw>
<var name="${key}">login</var>
<status status="PASS" start="2024-03-21T13:16:04.327541" elapsed="0.001872"/>
</iter>
<var>${key}</var>
<value>@{expected_keys}</value>
<status status="PASS" start="2024-03-21T13:16:04.318870" elapsed="0.010687"/>
</for>
<kw name="Create List" owner="BuiltIn">
<msg time="2024-03-21T13:16:04.329914" level="INFO">${expected_keysTwo} = ['username', 'password']</msg>
<var>${expected_keysTwo}</var>
<arg>username</arg>
<arg>password</arg>
<doc>Returns a list containing given items.</doc>
<status status="PASS" start="2024-03-21T13:16:04.329752" elapsed="0.000188"/>
</kw>
<for flavor="IN">
<iter>
<kw name="Dictionary Should Contain Key" owner="Collections">
<msg time="2024-03-21T13:16:04.330921" level="INFO">False</msg>
<arg>${json_data['results'][0]['login']}</arg>
<arg>${keyTwo}</arg>
<doc>Fails if ``key`` is not found from ``dictionary``.</doc>
<status status="PASS" start="2024-03-21T13:16:04.330435" elapsed="0.000524"/>
</kw>
<kw name="Dictionary Should Contain Key" owner="Collections">
<msg time="2024-03-21T13:16:04.331631" level="INFO">False</msg>
<arg>${json_data['results'][0]['login']}</arg>
<arg>${keyTwo}</arg>
<doc>Fails if ``key`` is not found from ``dictionary``.</doc>
<status status="PASS" start="2024-03-21T13:16:04.331256" elapsed="0.000413"/>
</kw>
<kw name="Log" owner="BuiltIn">
<msg time="2024-03-21T13:16:04.332086" level="INFO">username</msg>
<arg>${keyTwo}</arg>
<doc>Logs the given message with the given level.</doc>
<status status="PASS" start="2024-03-21T13:16:04.331959" elapsed="0.000165"/>
</kw>
<var name="${keyTwo}">username</var>
<status status="PASS" start="2024-03-21T13:16:04.330327" elapsed="0.002032"/>
</iter>
<iter>
<kw name="Dictionary Should Contain Key" owner="Collections">
<msg time="2024-03-21T13:16:04.333025" level="INFO">False</msg>
<arg>${json_data['results'][0]['login']}</arg>
<arg>${keyTwo}</arg>
<doc>Fails if ``key`` is not found from ``dictionary``.</doc>
<status status="PASS" start="2024-03-21T13:16:04.332647" elapsed="0.000416"/>
</kw>
<kw name="Dictionary Should Contain Key" owner="Collections">
<msg time="2024-03-21T13:16:04.333728" level="INFO">False</msg>
<arg>${json_data['results'][0]['login']}</arg>
<arg>${keyTwo}</arg>
<doc>Fails if ``key`` is not found from ``dictionary``.</doc>
<status status="PASS" start="2024-03-21T13:16:04.333351" elapsed="0.000414"/>
</kw>
<kw name="Log" owner="BuiltIn">
<msg time="2024-03-21T13:16:04.334207" level="INFO">password</msg>
<arg>${keyTwo}</arg>
<doc>Logs the given message with the given level.</doc>
<status status="PASS" start="2024-03-21T13:16:04.334081" elapsed="0.000164"/>
</kw>
<var name="${keyTwo}">password</var>
<status status="PASS" start="2024-03-21T13:16:04.332537" elapsed="0.001927"/>
</iter>
<var>${keyTwo}</var>
<value>@{expected_keysTwo}</value>
<status status="PASS" start="2024-03-21T13:16:04.330179" elapsed="0.004406"/>
</for>
<status status="PASS" start="2024-03-21T13:16:04.215595" elapsed="0.119128"/>
</kw>
<doc>Testa a estrutura da resposta da API.</doc>
<tag>testeEstruturaResposta</tag>
<status status="PASS" start="2024-03-21T13:16:04.215066" elapsed="0.119807"/>
</test>
<test id="s1-s1-t4" name="Validar tipos de dados" line="28">
<kw name="Teste de Tipos de Dados" owner="random-user-service">
<kw name="GET On Session" owner="RequestsLibrary">
<msg time="2024-03-21T13:16:04.433699" level="INFO">GET Request : url=https://randomuser.me/api 
 path_url=/api 
 headers={'User-Agent': 'python-requests/2.31.0', 'Accept-Encoding': 'gzip, deflate', 'Accept': '*/*', 'Connection': 'keep-alive'} 
 body=None 
 </msg>
<msg time="2024-03-21T13:16:04.433791" level="INFO">GET Response : url=https://randomuser.me/api 
 status=200, reason=OK 
 headers={'Date': 'Thu, 21 Mar 2024 13:16:04 GMT', 'Content-Type': 'application/json; charset=utf-8', 'Transfer-Encoding': 'chunked', 'Connection': 'keep-alive', 'X-Powered-By': 'Express', 'Access-Control-Allow-Origin': '*', 'Cache-Control': 'no-cache', 'ETag': 'W/"47c-nEy910alugoiDX5te+LoBfyR1qs"', 'Vary': 'Accept-Encoding', 'Content-Encoding': 'gzip', 'CF-Cache-Status': 'DYNAMIC', 'Report-To': '{"endpoints":[{"url":"https:\\/\\/a.nel.cloudflare.com\\/report\\/v4?s=IDccfjHhE1DrMsOIsbCEegdBLOCHOBpUqVFaOAwRoq35ZsxB6bELWajLGpGxONOTe0jZX6PFzFh6K0nUzDQ059TI7PxgR2B0QTS4QVpqK2%2FD%2FQiHnm0sh3X5JtUXYK91"}],"group":"cf-nel","max_age":604800}', 'NEL': '{"success_fraction":0,"report_to":"cf-nel","max_age":604800}', 'Server': 'cloudflare', 'CF-RAY': '867e36df1e5e2abd-LAX', 'alt-svc': 'h3=":443"; ma=86400'} 
 body={"results":[{"gender":"female","name":{"title":"Mrs","first":"Amy","last":"Lévesque"},"location":{"street":{"number":7886,"name":"College Ave"},"city":"Summerside","state":"Yukon","country":"Canada","postcode":"P7S 1K8","coordinates":{"latitude":"-66.6376","longitude":"24.3311"},"timezone":{"offset":"-3:30","description":"Newfoundland"}},"email":"amy.levesque@example.com","login":{"uuid":"1964c4df-85ca-42c3-902a-1db163a91736","username":"purplebird851","password":"buster1","salt":"wWOhWnfc","md5":"731cb1f534f025dfdda7547e4f429a38","sha1":"fbb0eaa14f331afebf954e4c6da8f56f30069f56","sha256":"766424af41d8672f444eba15f908f31335fdfe239435e9ff99023e9a46f6755f"},"dob":{"date":"1986-10-26T05:02:24.733Z","age":37},"registered":{"date":"2004-04-15T13:33:44.395Z","age":19},"phone":"F65 C41-4613","cell":"A43 Q08-1060","id":{"name":"SIN","value":"537089427"},"picture":{"large":"https://randomuser.me/api/portraits/women/39.jpg","medium":"https://randomuser.me/api/portraits/med/women/39.jpg","thumbnail":"https://randomuser.me/api/portraits/thumb/women/39.jpg"},"nat":"CA"}],"info":{"seed":"df7317f8378e889e","results":1,"page":1,"version":"1.4"}} 
 </msg>
<msg time="2024-03-21T13:16:04.433885" level="INFO">/opt/hostedtoolcache/Python/3.12.2/x64/lib/python3.12/site-packages/urllib3/connectionpool.py:1103: InsecureRequestWarning: Unverified HTTPS request is being made to host 'randomuser.me'. Adding certificate verification is strongly advised. See: https://urllib3.readthedocs.io/en/latest/advanced-usage.html#tls-warnings
  warnings.warn(</msg>
<msg time="2024-03-21T13:16:04.433995" level="INFO">${response} = &lt;Response [200]&gt;</msg>
<var>${response}</var>
<arg>consultarAPI</arg>
<arg>/api</arg>
<doc>Sends a GET request on a previously created HTTP Session.</doc>
<status status="PASS" start="2024-03-21T13:16:04.337281" elapsed="0.096756"/>
</kw>
<kw name="Set Variable" owner="BuiltIn">
<msg time="2024-03-21T13:16:04.435352" level="INFO">${json_data} = {'results': [{'gender': 'female', 'name': {'title': 'Mrs', 'first': 'Amy', 'last': 'Lévesque'}, 'location': {'street': {'number': 7886, 'name': 'College Ave'}, 'city': 'Summerside', 'state': 'Yukon', ...</msg>
<var>${json_data}</var>
<arg>${response.json()}</arg>
<doc>Returns the given values which can then be assigned to a variables.</doc>
<status status="PASS" start="2024-03-21T13:16:04.434682" elapsed="0.000699"/>
</kw>
<kw name="Log" owner="BuiltIn">
<msg time="2024-03-21T13:16:04.435853" level="INFO">{'results': [{'gender': 'female', 'name': {'title': 'Mrs', 'first': 'Amy', 'last': 'Lévesque'}, 'location': {'street': {'number': 7886, 'name': 'College Ave'}, 'city': 'Summerside', 'state': 'Yukon', 'country': 'Canada', 'postcode': 'P7S 1K8', 'coordinates': {'latitude': '-66.6376', 'longitude': '24.3311'}, 'timezone': {'offset': '-3:30', 'description': 'Newfoundland'}}, 'email': 'amy.levesque@example.com', 'login': {'uuid': '1964c4df-85ca-42c3-902a-1db163a91736', 'username': 'purplebird851', 'password': 'buster1', 'salt': 'wWOhWnfc', 'md5': '731cb1f534f025dfdda7547e4f429a38', 'sha1': 'fbb0eaa14f331afebf954e4c6da8f56f30069f56', 'sha256': '766424af41d8672f444eba15f908f31335fdfe239435e9ff99023e9a46f6755f'}, 'dob': {'date': '1986-10-26T05:02:24.733Z', 'age': 37}, 'registered': {'date': '2004-04-15T13:33:44.395Z', 'age': 19}, 'phone': 'F65 C41-4613', 'cell': 'A43 Q08-1060', 'id': {'name': 'SIN', 'value': '537089427'}, 'picture': {'large': 'https://randomuser.me/api/portraits/women/39.jpg', 'medium': 'https://randomuser.me/api/portraits/med/women/39.jpg', 'thumbnail': 'https://randomuser.me/api/portraits/thumb/women/39.jpg'}, 'nat': 'CA'}], 'info': {'seed': 'df7317f8378e889e', 'results': 1, 'page': 1, 'version': '1.4'}}</msg>
<arg>${json_data}</arg>
<doc>Logs the given message with the given level.</doc>
<status status="PASS" start="2024-03-21T13:16:04.435695" elapsed="0.000240"/>
</kw>
<kw name="Should Be String" owner="String">
<arg>${json_data['results'][0]['gender']}</arg>
<doc>Fails if the given ``item`` is not a string.</doc>
<status status="PASS" start="2024-03-21T13:16:04.436235" elapsed="0.000357"/>
</kw>
<kw name="Should Match Regexp" owner="BuiltIn">
<arg>${json_data['results'][0]['email']}</arg>
<arg>^[a-zA-Z0-9._%+-]+@[a-zA-Z0-9.-]+\.[a-zA-Z]{2,}$</arg>
<doc>Fails if ``string`` does not match ``pattern`` as a regular expression.</doc>
<status status="PASS" start="2024-03-21T13:16:04.436785" elapsed="0.000510"/>
</kw>
<kw name="Should Match Regexp" owner="BuiltIn">
<arg>${json_data['results'][0]['dob']['date']}</arg>
<arg>\\d{4}-\\d{2}-\\d{2}T\\d{2}:\\d{2}:\\d{2}\\.\\d{3}Z</arg>
<doc>Fails if ``string`` does not match ``pattern`` as a regular expression.</doc>
<status status="PASS" start="2024-03-21T13:16:04.437487" elapsed="0.000520"/>
</kw>
<kw name="Should Match Regexp" owner="BuiltIn">
<arg>${json_data['results'][0]['registered']['date']}</arg>
<arg>\\d{4}-\\d{2}-\\d{2}T\\d{2}:\\d{2}:\\d{2}\\.\\d{3}Z</arg>
<doc>Fails if ``string`` does not match ``pattern`` as a regular expression.</doc>
<status status="PASS" start="2024-03-21T13:16:04.438202" elapsed="0.000368"/>
</kw>
<kw name="Should Match Regexp" owner="BuiltIn">
<arg>${json_data['results'][0]['picture']['large']}</arg>
<arg>^https?://.*\.(?:png|jpe?g|gif|bmp)$</arg>
<doc>Fails if ``string`` does not match ``pattern`` as a regular expression.</doc>
<status status="PASS" start="2024-03-21T13:16:04.438754" elapsed="0.000456"/>
</kw>
<kw name="Should Match Regexp" owner="BuiltIn">
<arg>${json_data['results'][0]['picture']['medium']}</arg>
<arg>^https?://.*\.(?:png|jpe?g|gif|bmp)$</arg>
<doc>Fails if ``string`` does not match ``pattern`` as a regular expression.</doc>
<status status="PASS" start="2024-03-21T13:16:04.439396" elapsed="0.000361"/>
</kw>
<kw name="Should Match Regexp" owner="BuiltIn">
<arg>${json_data['results'][0]['picture']['thumbnail']}</arg>
<arg>^https?://.*\.(?:png|jpe?g|gif|bmp)$</arg>
<doc>Fails if ``string`` does not match ``pattern`` as a regular expression.</doc>
<status status="PASS" start="2024-03-21T13:16:04.439937" elapsed="0.000347"/>
</kw>
<kw name="Log" owner="BuiltIn">
<msg time="2024-03-21T13:16:04.440781" level="INFO">{'large': 'https://randomuser.me/api/portraits/women/39.jpg', 'medium': 'https://randomuser.me/api/portraits/med/women/39.jpg', 'thumbnail': 'https://randomuser.me/api/portraits/thumb/women/39.jpg'}</msg>
<arg>${json_data['results'][0]['picture']}</arg>
<doc>Logs the given message with the given level.</doc>
<status status="PASS" start="2024-03-21T13:16:04.440458" elapsed="0.000364"/>
</kw>
<status status="PASS" start="2024-03-21T13:16:04.337062" elapsed="0.104013"/>
</kw>
<kw name="Teste de Tipos de Dados - Postcode" owner="random-user-service">
<kw name="GET On Session" owner="RequestsLibrary">
<msg time="2024-03-21T13:16:04.535607" level="INFO">GET Request : url=https://randomuser.me/api 
 path_url=/api 
 headers={'User-Agent': 'python-requests/2.31.0', 'Accept-Encoding': 'gzip, deflate', 'Accept': '*/*', 'Connection': 'keep-alive'} 
 body=None 
 </msg>
<msg time="2024-03-21T13:16:04.535697" level="INFO">GET Response : url=https://randomuser.me/api 
 status=200, reason=OK 
 headers={'Date': 'Thu, 21 Mar 2024 13:16:04 GMT', 'Content-Type': 'application/json; charset=utf-8', 'Transfer-Encoding': 'chunked', 'Connection': 'keep-alive', 'X-Powered-By': 'Express', 'Access-Control-Allow-Origin': '*', 'Cache-Control': 'no-cache', 'ETag': 'W/"4a8-XUoCq8B4ENrnzvimfRrDj5iQSKY"', 'Vary': 'Accept-Encoding', 'Content-Encoding': 'gzip', 'CF-Cache-Status': 'DYNAMIC', 'Report-To': '{"endpoints":[{"url":"https:\\/\\/a.nel.cloudflare.com\\/report\\/v4?s=f%2FmKoTen73O5mp5TBJtCecE%2BaAyfQ1dOf5bLj6OVtHo2Be9Kj%2FGNc%2Bt6Gx0MZ%2FVG1h%2BJf7Q0ezNsLUZAO8mziRWd4J04poymXOPv0NkVkvNnCR7EiCjboOpPUK%2BUO5S7"}],"group":"cf-nel","max_age":604800}', 'NEL': '{"success_fraction":0,"report_to":"cf-nel","max_age":604800}', 'Server': 'cloudflare', 'CF-RAY': '867e36dfcf142abd-LAX', 'alt-svc': 'h3=":443"; ma=86400'} 
 body={"results":[{"gender":"male","name":{"title":"Mr","first":"William","last":"Dupuis"},"location":{"street":{"number":4665,"name":"Rue de Cuire"},"city":"Aulnay-sous-Bois","state":"Guadeloupe","country":"France","postcode":34653,"coordinates":{"latitude":"-21.3322","longitude":"-87.4696"},"timezone":{"offset":"+10:00","description":"Eastern Australia, Guam, Vladivostok"}},"email":"william.dupuis@example.com","login":{"uuid":"f4f77154-56f5-4326-829a-01086b16f6a5","username":"organicmouse142","password":"brooklyn","salt":"tx7vnixd","md5":"07d5c6bc66515ac98676c1d48ae91401","sha1":"1e25e7476e544ef614771975cc940423d73a0de2","sha256":"e55b056573827cc94299779f7a9768164b5892c9a7597add668c6abf7a336a82"},"dob":{"date":"1951-05-05T03:35:20.069Z","age":72},"registered":{"date":"2002-12-12T13:55:53.671Z","age":21},"phone":"02-60-39-46-39","cell":"06-68-27-38-29","id":{"name":"INSEE","value":"1510461446840 78"},"picture":{"large":"https://randomuser.me/api/portraits/men/55.jpg","medium":"https://randomuser.me/api/portraits/med/men/55.jpg","thumbnail":"https://randomuser.me/api/portraits/thumb/men/55.jpg"},"nat":"FR"}],"info":{"seed":"6e3703bdae8f0e03","results":1,"page":1,"version":"1.4"}} 
 </msg>
<msg time="2024-03-21T13:16:04.535798" level="INFO">/opt/hostedtoolcache/Python/3.12.2/x64/lib/python3.12/site-packages/urllib3/connectionpool.py:1103: InsecureRequestWarning: Unverified HTTPS request is being made to host 'randomuser.me'. Adding certificate verification is strongly advised. See: https://urllib3.readthedocs.io/en/latest/advanced-usage.html#tls-warnings
  warnings.warn(</msg>
<msg time="2024-03-21T13:16:04.535923" level="INFO">${response} = &lt;Response [200]&gt;</msg>
<var>${response}</var>
<arg>consultarAPI</arg>
<arg>/api</arg>
<doc>Sends a GET request on a previously created HTTP Session.</doc>
<status status="PASS" start="2024-03-21T13:16:04.441523" elapsed="0.094454"/>
</kw>
<kw name="Set Variable" owner="BuiltIn">
<msg time="2024-03-21T13:16:04.537348" level="INFO">${json_data} = {'results': [{'gender': 'male', 'name': {'title': 'Mr', 'first': 'William', 'last': 'Dupuis'}, 'location': {'street': {'number': 4665, 'name': 'Rue de Cuire'}, 'city': 'Aulnay-sous-Bois', 'state': 'Gu...</msg>
<var>${json_data}</var>
<arg>${response.json()}</arg>
<doc>Returns the given values which can then be assigned to a variables.</doc>
<status status="PASS" start="2024-03-21T13:16:04.536585" elapsed="0.000793"/>
</kw>
<kw name="Log" owner="BuiltIn">
<msg time="2024-03-21T13:16:04.537837" level="INFO">{'results': [{'gender': 'male', 'name': {'title': 'Mr', 'first': 'William', 'last': 'Dupuis'}, 'location': {'street': {'number': 4665, 'name': 'Rue de Cuire'}, 'city': 'Aulnay-sous-Bois', 'state': 'Guadeloupe', 'country': 'France', 'postcode': 34653, 'coordinates': {'latitude': '-21.3322', 'longitude': '-87.4696'}, 'timezone': {'offset': '+10:00', 'description': 'Eastern Australia, Guam, Vladivostok'}}, 'email': 'william.dupuis@example.com', 'login': {'uuid': 'f4f77154-56f5-4326-829a-01086b16f6a5', 'username': 'organicmouse142', 'password': 'brooklyn', 'salt': 'tx7vnixd', 'md5': '07d5c6bc66515ac98676c1d48ae91401', 'sha1': '1e25e7476e544ef614771975cc940423d73a0de2', 'sha256': 'e55b056573827cc94299779f7a9768164b5892c9a7597add668c6abf7a336a82'}, 'dob': {'date': '1951-05-05T03:35:20.069Z', 'age': 72}, 'registered': {'date': '2002-12-12T13:55:53.671Z', 'age': 21}, 'phone': '02-60-39-46-39', 'cell': '06-68-27-38-29', 'id': {'name': 'INSEE', 'value': '1510461446840 78'}, 'picture': {'large': 'https://randomuser.me/api/portraits/men/55.jpg', 'medium': 'https://randomuser.me/api/portraits/med/men/55.jpg', 'thumbnail': 'https://randomuser.me/api/portraits/thumb/men/55.jpg'}, 'nat': 'FR'}], 'info': {'seed': '6e3703bdae8f0e03', 'results': 1, 'page': 1, 'version': '1.4'}}</msg>
<arg>${json_data}</arg>
<doc>Logs the given message with the given level.</doc>
<status status="PASS" start="2024-03-21T13:16:04.537683" elapsed="0.000273"/>
</kw>
<kw name="Should Be Equal As Numbers" owner="BuiltIn">
<arg>${json_data['results'][0]['location']['postcode']}</arg>
<arg>${json_data['results'][0]['location']['postcode']}</arg>
<doc>Fails if objects are unequal after converting them to real numbers.</doc>
<status status="PASS" start="2024-03-21T13:16:04.538272" elapsed="0.000626"/>
</kw>
<kw name="Log" owner="BuiltIn">
<msg time="2024-03-21T13:16:04.539423" level="INFO">34653</msg>
<arg>${json_data['results'][0]['location']['postcode']}</arg>
<doc>Logs the given message with the given level.</doc>
<status status="PASS" start="2024-03-21T13:16:04.539088" elapsed="0.000376"/>
</kw>
<status status="PASS" start="2024-03-21T13:16:04.441293" elapsed="0.098423"/>
</kw>
<doc>Testa se os tipos de dados na resposta da API estão corretos.</doc>
<tag>testeTiposDados</tag>
<status status="PASS" start="2024-03-21T13:16:04.336626" elapsed="0.203254"/>
</test>
<test id="s1-s1-t5" name="Validar conteudo" line="35">
<kw name="Teste de Tipos de Conteudo" owner="random-user-service">
<kw name="GET On Session" owner="RequestsLibrary">
<msg time="2024-03-21T13:16:04.635406" level="INFO">GET Request : url=https://randomuser.me/api 
 path_url=/api 
 headers={'User-Agent': 'python-requests/2.31.0', 'Accept-Encoding': 'gzip, deflate', 'Accept': '*/*', 'Connection': 'keep-alive'} 
 body=None 
 </msg>
<msg time="2024-03-21T13:16:04.635512" level="INFO">GET Response : url=https://randomuser.me/api 
 status=200, reason=OK 
 headers={'Date': 'Thu, 21 Mar 2024 13:16:04 GMT', 'Content-Type': 'application/json; charset=utf-8', 'Transfer-Encoding': 'chunked', 'Connection': 'keep-alive', 'X-Powered-By': 'Express', 'Access-Control-Allow-Origin': '*', 'Cache-Control': 'no-cache', 'ETag': 'W/"48f-xeVdd2RnMQgDq4A39Y4f3yk1gvc"', 'Vary': 'Accept-Encoding', 'Content-Encoding': 'gzip', 'CF-Cache-Status': 'DYNAMIC', 'Report-To': '{"endpoints":[{"url":"https:\\/\\/a.nel.cloudflare.com\\/report\\/v4?s=JF8c8JyC3QLR5%2BLRAuUHF5KJOTWq%2Brl3x0SYdnClD68jtgHLEniILe7SXzRMz1JsK%2BroDaUqBRYaomw2T2dhYiG7qCgNu5j1wlx8NQ6qmx8p%2F%2F75p50CJFsjaldRfJtk"}],"group":"cf-nel","max_age":604800}', 'NEL': '{"success_fraction":0,"report_to":"cf-nel","max_age":604800}', 'Server': 'cloudflare', 'CF-RAY': '867e36e06fa92abd-LAX', 'alt-svc': 'h3=":443"; ma=86400'} 
 body={"results":[{"gender":"male","name":{"title":"Mr","first":"Dimitrije","last":"Nikolić"},"location":{"street":{"number":8975,"name":"Porodice Ristić"},"city":"Negotin","state":"Braničevo","country":"Serbia","postcode":46865,"coordinates":{"latitude":"61.9552","longitude":"-149.4862"},"timezone":{"offset":"-8:00","description":"Pacific Time (US &amp; Canada)"}},"email":"dimitrije.nikolic@example.com","login":{"uuid":"272eb806-8c05-4585-ba8b-2ba5b05059c1","username":"orangepeacock258","password":"patch","salt":"FWavwGup","md5":"c8040b4d0a9d23c4371741fa4976a347","sha1":"bdeb90dd1874d3ff363793955630be88597bc9be","sha256":"f7b0b49495914e515dd70ab99c40b1c14c3de56238c1c28852679c281ec82750"},"dob":{"date":"1985-12-25T20:03:28.542Z","age":38},"registered":{"date":"2015-11-28T11:11:12.984Z","age":8},"phone":"030-3035-711","cell":"064-4545-988","id":{"name":"SID","value":"828717275"},"picture":{"large":"https://randomuser.me/api/portraits/men/35.jpg","medium":"https://randomuser.me/api/portraits/med/men/35.jpg","thumbnail":"https://randomuser.me/api/portraits/thumb/men/35.jpg"},"nat":"RS"}],"info":{"seed":"8596b03719cde91e","results":1,"page":1,"version":"1.4"}} 
 </msg>
<msg time="2024-03-21T13:16:04.635598" level="INFO">/opt/hostedtoolcache/Python/3.12.2/x64/lib/python3.12/site-packages/urllib3/connectionpool.py:1103: InsecureRequestWarning: Unverified HTTPS request is being made to host 'randomuser.me'. Adding certificate verification is strongly advised. See: https://urllib3.readthedocs.io/en/latest/advanced-usage.html#tls-warnings
  warnings.warn(</msg>
<msg time="2024-03-21T13:16:04.635728" level="INFO">${response} = &lt;Response [200]&gt;</msg>
<var>${response}</var>
<arg>consultarAPI</arg>
<arg>/api</arg>
<doc>Sends a GET request on a previously created HTTP Session.</doc>
<status status="PASS" start="2024-03-21T13:16:04.542631" elapsed="0.093139"/>
</kw>
<kw name="Set Variable" owner="BuiltIn">
<msg time="2024-03-21T13:16:04.637229" level="INFO">${json_data} = {'results': [{'gender': 'male', 'name': {'title': 'Mr', 'first': 'Dimitrije', 'last': 'Nikolić'}, 'location': {'street': {'number': 8975, 'name': 'Porodice Ristić'}, 'city': 'Negotin', 'state': 'Brani...</msg>
<var>${json_data}</var>
<arg>${response.json()}</arg>
<doc>Returns the given values which can then be assigned to a variables.</doc>
<status status="PASS" start="2024-03-21T13:16:04.636497" elapsed="0.000763"/>
</kw>
<kw name="Set Variable" owner="BuiltIn">
<msg time="2024-03-21T13:16:04.637994" level="INFO">${name_title} = Mr</msg>
<var>${name_title}</var>
<arg>${json_data["results"][0]["name"]["title"]}</arg>
<doc>Returns the given values which can then be assigned to a variables.</doc>
<status status="PASS" start="2024-03-21T13:16:04.637570" elapsed="0.000450"/>
</kw>
<kw name="Create List" owner="BuiltIn">
<msg time="2024-03-21T13:16:04.638477" level="INFO">${allowed_titles} = ['Mr', 'Ms', 'Miss', 'Mrs', 'Madame', 'Monsieur']</msg>
<var>${allowed_titles}</var>
<arg>Mr</arg>
<arg>Ms</arg>
<arg>Miss</arg>
<arg>Mrs</arg>
<arg>Madame</arg>
<arg>Monsieur</arg>
<doc>Returns a list containing given items.</doc>
<status status="PASS" start="2024-03-21T13:16:04.638326" elapsed="0.000175"/>
</kw>
<kw name="List Should Contain Value" owner="Collections">
<msg time="2024-03-21T13:16:04.638972" level="INFO">False</msg>
<arg>${allowed_titles}</arg>
<arg>${name_title}</arg>
<doc>Fails if the ``value`` is not found from ``list``.</doc>
<status status="PASS" start="2024-03-21T13:16:04.638799" elapsed="0.000210"/>
</kw>
<kw name="Set Variable" owner="BuiltIn">
<msg time="2024-03-21T13:16:04.639678" level="INFO">${name_country} = RS</msg>
<var>${name_country}</var>
<arg>${json_data["results"][0]["nat"]}</arg>
<doc>Returns the given values which can then be assigned to a variables.</doc>
<status status="PASS" start="2024-03-21T13:16:04.639300" elapsed="0.000403"/>
</kw>
<kw name="Create List" owner="BuiltIn">
<msg time="2024-03-21T13:16:04.640614" level="INFO">${list_country} = ['AD', 'AE', 'AF', 'AG', 'AI', 'AL', 'AM', 'AO', 'AQ', 'AR', 'AS', 'AT', 'AU', 'AW', 'AX', 'AZ', 'BA', 'BB', 'BD', 'BE', 'BF', 'BG', 'BH', 'BI', 'BJ', 'BL', 'BM', 'BN', 'BO', 'BQ', 'BR', 'BS', 'BT', '...</msg>
<var>${list_country}</var>
<arg>AD</arg>
<arg>AE</arg>
<arg>AF</arg>
<arg>AG</arg>
<arg>AI</arg>
<arg>AL</arg>
<arg>AM</arg>
<arg>AO</arg>
<arg>AQ</arg>
<arg>AR</arg>
<arg>AS</arg>
<arg>AT</arg>
<arg>AU</arg>
<arg>AW</arg>
<arg>AX</arg>
<arg>AZ</arg>
<arg>BA</arg>
<arg>BB</arg>
<arg>BD</arg>
<arg>BE</arg>
<arg>BF</arg>
<arg>BG</arg>
<arg>BH</arg>
<arg>BI</arg>
<arg>BJ</arg>
<arg>BL</arg>
<arg>BM</arg>
<arg>BN</arg>
<arg>BO</arg>
<arg>BQ</arg>
<arg>BR</arg>
<arg>BS</arg>
<arg>BT</arg>
<arg>BV</arg>
<arg>BW</arg>
<arg>BY</arg>
<arg>BZ</arg>
<arg>CA</arg>
<arg>CC</arg>
<arg>CD</arg>
<arg>CF</arg>
<arg>CG</arg>
<arg>CH</arg>
<arg>CI</arg>
<arg>CK</arg>
<arg>CL</arg>
<arg>CM</arg>
<arg>CN</arg>
<arg>CO</arg>
<arg>CR</arg>
<arg>CU</arg>
<arg>CV</arg>
<arg>CW</arg>
<arg>CX</arg>
<arg>CY</arg>
<arg>CZ</arg>
<arg>DE</arg>
<arg>DJ</arg>
<arg>DK</arg>
<arg>DM</arg>
<arg>DO</arg>
<arg>DZ</arg>
<arg>EC</arg>
<arg>EE</arg>
<arg>EG</arg>
<arg>EH</arg>
<arg>ER</arg>
<arg>ES</arg>
<arg>ET</arg>
<arg>FI</arg>
<arg>FJ</arg>
<arg>FK</arg>
<arg>FM</arg>
<arg>FO</arg>
<arg>FR</arg>
<arg>GA</arg>
<arg>GB</arg>
<arg>GD</arg>
<arg>GE</arg>
<arg>GF</arg>
<arg>GG</arg>
<arg>GH</arg>
<arg>GI</arg>
<arg>GL</arg>
<arg>GM</arg>
<arg>GN</arg>
<arg>GP</arg>
<arg>GQ</arg>
<arg>GR</arg>
<arg>GS</arg>
<arg>GT</arg>
<arg>GU</arg>
<arg>GW</arg>
<arg>GY</arg>
<arg>HK</arg>
<arg>HM</arg>
<arg>HN</arg>
<arg>HR</arg>
<arg>HT</arg>
<arg>HU</arg>
<arg>ID</arg>
<arg>IE</arg>
<arg>IL</arg>
<arg>IM</arg>
<arg>IN</arg>
<arg>IO</arg>
<arg>IQ</arg>
<arg>IR</arg>
<arg>IS</arg>
<arg>IT</arg>
<arg>JE</arg>
<arg>JM</arg>
<arg>JO</arg>
<arg>JP</arg>
<arg>KE</arg>
<arg>KG</arg>
<arg>KH</arg>
<arg>KI</arg>
<arg>KM</arg>
<arg>KN</arg>
<arg>KP</arg>
<arg>KR</arg>
<arg>KW</arg>
<arg>KY</arg>
<arg>KZ</arg>
<arg>LA</arg>
<arg>LB</arg>
<arg>LC</arg>
<arg>LI</arg>
<arg>LK</arg>
<arg>LR</arg>
<arg>LS</arg>
<arg>LT</arg>
<arg>LU</arg>
<arg>LV</arg>
<arg>LY</arg>
<arg>MA</arg>
<arg>MC</arg>
<arg>MD</arg>
<arg>ME</arg>
<arg>MF</arg>
<arg>MG</arg>
<arg>MH</arg>
<arg>MK</arg>
<arg>ML</arg>
<arg>MM</arg>
<arg>MN</arg>
<arg>MO</arg>
<arg>MP</arg>
<arg>MQ</arg>
<arg>MR</arg>
<arg>MS</arg>
<arg>MT</arg>
<arg>MU</arg>
<arg>MV</arg>
<arg>MW</arg>
<arg>MX</arg>
<arg>MY</arg>
<arg>MZ</arg>
<arg>NA</arg>
<arg>NC</arg>
<arg>NE</arg>
<arg>NF</arg>
<arg>NG</arg>
<arg>NI</arg>
<arg>NL</arg>
<arg>NO</arg>
<arg>NP</arg>
<arg>NR</arg>
<arg>NU</arg>
<arg>NZ</arg>
<arg>OM</arg>
<arg>PA</arg>
<arg>PE</arg>
<arg>PF</arg>
<arg>PG</arg>
<arg>PH</arg>
<arg>PK</arg>
<arg>PL</arg>
<arg>PM</arg>
<arg>PN</arg>
<arg>PR</arg>
<arg>PS</arg>
<arg>PT</arg>
<arg>PW</arg>
<arg>PY</arg>
<arg>QA</arg>
<arg>RE</arg>
<arg>RO</arg>
<arg>RS</arg>
<arg>RU</arg>
<arg>RW</arg>
<arg>SA</arg>
<arg>SB</arg>
<arg>SC</arg>
<arg>SD</arg>
<arg>SE</arg>
<arg>SG</arg>
<arg>SH</arg>
<arg>SI</arg>
<arg>SJ</arg>
<arg>SK</arg>
<arg>SL</arg>
<arg>SM</arg>
<arg>SN</arg>
<arg>SO</arg>
<arg>SR</arg>
<arg>SS</arg>
<arg>ST</arg>
<arg>SV</arg>
<arg>SX</arg>
<arg>SY</arg>
<arg>SZ</arg>
<arg>TC</arg>
<arg>TD</arg>
<arg>TF</arg>
<arg>TG</arg>
<arg>TH</arg>
<arg>TJ</arg>
<arg>TK</arg>
<arg>TL</arg>
<arg>TM</arg>
<arg>TN</arg>
<arg>TO</arg>
<arg>TR</arg>
<arg>TT</arg>
<arg>TV</arg>
<arg>TW</arg>
<arg>TZ</arg>
<arg>UA</arg>
<arg>UG</arg>
<arg>UM</arg>
<arg>US</arg>
<arg>UY</arg>
<arg>UZ</arg>
<arg>VA</arg>
<arg>VC</arg>
<arg>VE</arg>
<arg>VG</arg>
<arg>VI</arg>
<arg>VN</arg>
<arg>VU</arg>
<arg>WF</arg>
<arg>WS</arg>
<arg>XK</arg>
<arg>YE</arg>
<arg>YT</arg>
<arg>ZA</arg>
<arg>ZM</arg>
<arg>ZW</arg>
<doc>Returns a list containing given items.</doc>
<status status="PASS" start="2024-03-21T13:16:04.640002" elapsed="0.000637"/>
</kw>
<kw name="List Should Contain Value" owner="Collections">
<msg time="2024-03-21T13:16:04.641629" level="INFO">False</msg>
<arg>${list_country}</arg>
<arg>${name_country}</arg>
<doc>Fails if the ``value`` is not found from ``list``.</doc>
<status status="PASS" start="2024-03-21T13:16:04.641424" elapsed="0.000243"/>
</kw>
<kw name="Run Keyword If" owner="BuiltIn">
<kw name="Should Be True" owner="BuiltIn">
<arg>${True}</arg>
<doc>Fails if the given condition is not true.</doc>
<status status="PASS" start="2024-03-21T13:16:04.642898" elapsed="0.000148"/>
</kw>
<arg>${json_data["results"][0]["location"]["coordinates"]["latitude"]} &gt;= -90 and ${json_data["results"][0]["location"]["coordinates"]["latitude"]} &lt;= 90</arg>
<arg>Should Be True</arg>
<arg>${True}</arg>
<doc>Runs the given keyword with the given arguments, if ``condition`` is true.</doc>
<status status="PASS" start="2024-03-21T13:16:04.642001" elapsed="0.001177"/>
</kw>
<kw name="Run Keyword If" owner="BuiltIn">
<kw name="Should Be True" owner="BuiltIn">
<arg>${True}</arg>
<doc>Fails if the given condition is not true.</doc>
<status status="PASS" start="2024-03-21T13:16:04.644062" elapsed="0.000141"/>
</kw>
<arg>${json_data["results"][0]["location"]["coordinates"]["longitude"]} &gt;= -180 and ${json_data["results"][0]["location"]["coordinates"]["longitude"]} &lt;= 180</arg>
<arg>Should Be True</arg>
<arg>${True}</arg>
<doc>Runs the given keyword with the given arguments, if ``condition`` is true.</doc>
<status status="PASS" start="2024-03-21T13:16:04.643363" elapsed="0.000966"/>
</kw>
<status status="PASS" start="2024-03-21T13:16:04.542272" elapsed="0.102188"/>
</kw>
<doc>Testa o conteúdo específico dos campos retornados pela API.</doc>
<tag>testeConteudo</tag>
<status status="PASS" start="2024-03-21T13:16:04.541605" elapsed="0.103008"/>
</test>
<status status="PASS" start="2024-03-21T13:16:03.596106" elapsed="1.050500"/>
</suite>
<status status="PASS" start="2024-03-21T13:16:03.582307" elapsed="1.069647"/>
</suite>
<statistics>
<total>
<stat pass="5" fail="0" skip="0">All Tests</stat>
</total>
<tag>
<stat pass="1" fail="0" skip="0">testeConteudo</stat>
<stat pass="1" fail="0" skip="0">testeEstruturaResposta</stat>
<stat pass="1" fail="0" skip="0">testeRequisicaoBasica</stat>
<stat pass="1" fail="0" skip="0">testeTiposDados</stat>
</tag>
<suite>
<stat pass="5" fail="0" skip="0" id="s1" name="Tests">Tests</stat>
<stat pass="5" fail="0" skip="0" id="s1-s1" name="Random-User-Test">Tests.Random-User-Test</stat>
</suite>
</statistics>
<errors>
<msg time="2024-03-21T13:16:03.905551" level="ERROR">Error in file '/home/runner/work/DesafioQAItauRogerioJordao/DesafioQAItauRogerioJordao/RamdonUser/config/base.robot' on line 8: Library '/home/runner/work/DesafioQAItauRogerioJordao/DesafioQAItauRogerioJordao/services/data/RandomUser.py' does not exist.</msg>
<msg time="2024-03-21T13:16:03.905737" level="ERROR">Error in file '/home/runner/work/DesafioQAItauRogerioJordao/DesafioQAItauRogerioJordao/RamdonUser/config/base.robot' on line 9: Resource file '/home/runner/work/DesafioQAItauRogerioJordao/DesafioQAItauRogerioJordao/services/api-RandomUser/random-user-service.robot' does not exist.</msg>
</errors>
</robot>
