<?xml version="1.0" encoding="UTF-8"?>
<robot generator="Robot 7.0 (Python 3.12.2 on linux)" generated="2024-03-23T23:12:53.325160" rpa="false" schemaversion="5">
<suite id="s1" name="Tests" source="/home/runner/work/DesafioQAItauRogerioJordao/DesafioQAItauRogerioJordao/RamdonUser/tests">
<suite id="s1-s1" name="Random-User-Test" source="/home/runner/work/DesafioQAItauRogerioJordao/DesafioQAItauRogerioJordao/RamdonUser/tests/random-user-test.robot">
<test id="s1-s1-t1" name="Conectar" line="13">
<kw name="Conectar API" owner="random-user-service">
<kw name="Create Session" owner="RequestsLibrary">
<msg time="2024-03-23T23:12:53.679811" level="INFO">Creating Session using : alias=consultarAPI, url=https://randomuser.me/, headers={},                     cookies={}, auth=None, timeout=None, proxies=None, verify=False,                     debug=0 </msg>
<arg>consultarAPI</arg>
<arg>${URL}</arg>
<doc>Create Session: create a HTTP session to a server</doc>
<status status="PASS" start="2024-03-23T23:12:53.679612" elapsed="0.000366"/>
</kw>
<status status="PASS" start="2024-03-23T23:12:53.678593" elapsed="0.001746"/>
</kw>
<status status="PASS" start="2024-03-23T23:12:53.678007" elapsed="0.002534"/>
</test>
<test id="s1-s1-t2" name="Validar retorno 200 e JSON Válido" line="16">
<kw name="Teste de Requisicao Basica" owner="random-user-service">
<kw name="GET On Session" owner="RequestsLibrary">
<msg time="2024-03-23T23:12:53.753327" level="INFO">GET Request : url=https://randomuser.me/api 
 path_url=/api 
 headers={'User-Agent': 'python-requests/2.31.0', 'Accept-Encoding': 'gzip, deflate', 'Accept': '*/*', 'Connection': 'keep-alive'} 
 body=None 
 </msg>
<msg time="2024-03-23T23:12:53.753456" level="INFO">GET Response : url=https://randomuser.me/api 
 status=200, reason=OK 
 headers={'Date': 'Sat, 23 Mar 2024 23:12:53 GMT', 'Content-Type': 'application/json; charset=utf-8', 'Transfer-Encoding': 'chunked', 'Connection': 'keep-alive', 'X-Powered-By': 'Express', 'Access-Control-Allow-Origin': '*', 'Cache-Control': 'no-cache', 'ETag': 'W/"48c-5L2+5NcHbK0uxM9ujCodsZ2e5wM"', 'Vary': 'Accept-Encoding', 'Content-Encoding': 'gzip', 'CF-Cache-Status': 'DYNAMIC', 'Report-To': '{"endpoints":[{"url":"https:\\/\\/a.nel.cloudflare.com\\/report\\/v4?s=8TyWm%2FI77m8Vqosc6c9oSAYCgIknkT5oEOfnVkQknJ49phaMM%2BIa5RqdopaZ9emHTbFxAc2aq6Fk%2Fuq61MsRDsUFTVOAL%2B6z3iAlmMi25e2nOVLd5mNVsYJEqZb991XQ"}],"group":"cf-nel","max_age":604800}', 'NEL': '{"success_fraction":0,"report_to":"cf-nel","max_age":604800}', 'Server': 'cloudflare', 'CF-RAY': '86921bdfcd9e3af4-IAD', 'alt-svc': 'h3=":443"; ma=86400'} 
 body={"results":[{"gender":"female","name":{"title":"Ms","first":"Violeta","last":"Santrač"},"location":{"street":{"number":4771,"name":"Avalska"},"city":"Kladovo","state":"Rasina","country":"Serbia","postcode":86446,"coordinates":{"latitude":"62.4423","longitude":"113.6288"},"timezone":{"offset":"+5:30","description":"Bombay, Calcutta, Madras, New Delhi"}},"email":"violeta.santrac@example.com","login":{"uuid":"eacb704b-d0a7-4a04-b2ae-bc509cbcab28","username":"whitepanda808","password":"pants","salt":"aPCOarTk","md5":"c16b1551d437f75611426ab0ce122124","sha1":"06c2ed3f84a7847775d74f769b24cfd4de8ca301","sha256":"784d0b23bc23b3d11a62b68cbdf1db0120da8a1fff97799e9b94cad5c50c9656"},"dob":{"date":"1964-12-04T09:03:39.005Z","age":59},"registered":{"date":"2002-06-22T13:42:22.909Z","age":21},"phone":"037-7671-558","cell":"068-5121-086","id":{"name":"SID","value":"706483920"},"picture":{"large":"https://randomuser.me/api/portraits/women/54.jpg","medium":"https://randomuser.me/api/portraits/med/women/54.jpg","thumbnail":"https://randomuser.me/api/portraits/thumb/women/54.jpg"},"nat":"RS"}],"info":{"seed":"6783ca47877a1754","results":1,"page":1,"version":"1.4"}} 
 </msg>
<msg time="2024-03-23T23:12:53.753565" level="INFO">/opt/hostedtoolcache/Python/3.12.2/x64/lib/python3.12/site-packages/urllib3/connectionpool.py:1103: InsecureRequestWarning: Unverified HTTPS request is being made to host 'randomuser.me'. Adding certificate verification is strongly advised. See: https://urllib3.readthedocs.io/en/latest/advanced-usage.html#tls-warnings
  warnings.warn(</msg>
<msg time="2024-03-23T23:12:53.753708" level="INFO">${response} = &lt;Response [200]&gt;</msg>
<var>${response}</var>
<arg>consultarAPI</arg>
<arg>/api</arg>
<doc>Sends a GET request on a previously created HTTP Session.</doc>
<status status="PASS" start="2024-03-23T23:12:53.683122" elapsed="0.070630"/>
</kw>
<kw name="Should Be Equal As Numbers" owner="BuiltIn">
<msg time="2024-03-23T23:12:53.754887" level="INFO">Argument types are:
&lt;class 'int'&gt;
&lt;class 'str'&gt;</msg>
<arg>${response.status_code}</arg>
<arg>200</arg>
<doc>Fails if objects are unequal after converting them to real numbers.</doc>
<status status="PASS" start="2024-03-23T23:12:53.754375" elapsed="0.000579"/>
</kw>
<kw name="Log" owner="BuiltIn">
<msg time="2024-03-23T23:12:53.755636" level="INFO">200</msg>
<arg>${response.status_code}</arg>
<doc>Logs the given message with the given level.</doc>
<status status="PASS" start="2024-03-23T23:12:53.755278" elapsed="0.000402"/>
</kw>
<kw name="Set Variable" owner="BuiltIn">
<msg time="2024-03-23T23:12:53.756460" level="INFO">${json_data} = {'results': [{'gender': 'female', 'name': {'title': 'Ms', 'first': 'Violeta', 'last': 'Santrač'}, 'location': {'street': {'number': 4771, 'name': 'Avalska'}, 'city': 'Kladovo', 'state': 'Rasina', 'cou...</msg>
<var>${json_data}</var>
<arg>${response.json()}</arg>
<doc>Returns the given values which can then be assigned to a variables.</doc>
<status status="PASS" start="2024-03-23T23:12:53.756014" elapsed="0.000476"/>
</kw>
<kw name="Dictionary Should Contain Key" owner="Collections">
<msg time="2024-03-23T23:12:53.756960" level="INFO">False</msg>
<arg>${json_data}</arg>
<arg>results</arg>
<doc>Fails if ``key`` is not found from ``dictionary``.</doc>
<status status="PASS" start="2024-03-23T23:12:53.756793" elapsed="0.000207"/>
</kw>
<status status="PASS" start="2024-03-23T23:12:53.682871" elapsed="0.074381"/>
</kw>
<doc>Testa se a API responde corretamente e retorna um objeto JSON válido.</doc>
<tag>testeRequisicaoBasica</tag>
<status status="PASS" start="2024-03-23T23:12:53.682401" elapsed="0.075033"/>
</test>
<test id="s1-s1-t3" name="Validar estrutura de resposta" line="22">
<kw name="Teste de Estrutura de Resposta" owner="random-user-service">
<kw name="GET On Session" owner="RequestsLibrary">
<msg time="2024-03-23T23:12:53.851300" level="INFO">GET Request : url=https://randomuser.me/api 
 path_url=/api 
 headers={'User-Agent': 'python-requests/2.31.0', 'Accept-Encoding': 'gzip, deflate', 'Accept': '*/*', 'Connection': 'keep-alive'} 
 body=None 
 </msg>
<msg time="2024-03-23T23:12:53.851392" level="INFO">GET Response : url=https://randomuser.me/api 
 status=200, reason=OK 
 headers={'Date': 'Sat, 23 Mar 2024 23:12:53 GMT', 'Content-Type': 'application/json; charset=utf-8', 'Transfer-Encoding': 'chunked', 'Connection': 'keep-alive', 'X-Powered-By': 'Express', 'Access-Control-Allow-Origin': '*', 'Cache-Control': 'no-cache', 'ETag': 'W/"4a3-sqYZ3TVOhZjrVVhXDMdhNfIFej4"', 'Vary': 'Accept-Encoding', 'Content-Encoding': 'gzip', 'CF-Cache-Status': 'DYNAMIC', 'Report-To': '{"endpoints":[{"url":"https:\\/\\/a.nel.cloudflare.com\\/report\\/v4?s=ml0o35CxqJrhHfIYd5hRgfn4H6jfzZWUd5Bfenw7H6M1FEx1LRho1DebwcAIkVpiT%2BYaz9MhgznQgI2zg6XrlKjIRUfTxukmMFMB%2Bt5AiYd45z7ZBlvj9FB8Ams2GxxN"}],"group":"cf-nel","max_age":604800}', 'NEL': '{"success_fraction":0,"report_to":"cf-nel","max_age":604800}', 'Server': 'cloudflare', 'CF-RAY': '86921be00dd93af4-IAD', 'alt-svc': 'h3=":443"; ma=86400'} 
 body={"results":[{"gender":"male","name":{"title":"Mr","first":"Hugo","last":"Calderón"},"location":{"street":{"number":5958,"name":"Calle Tonga"},"city":"Cuahuchichinola","state":"Quintana Roo","country":"Mexico","postcode":92862,"coordinates":{"latitude":"25.5975","longitude":"-125.4322"},"timezone":{"offset":"-4:00","description":"Atlantic Time (Canada), Caracas, La Paz"}},"email":"hugo.calderon@example.com","login":{"uuid":"624933be-b43d-4cb1-9f16-bcd33052bbd0","username":"biggorilla767","password":"virginia","salt":"SsoZWRef","md5":"5bcda5947ec0d184f8c155d71e2fddab","sha1":"b7d7c17984f5c9adfae165788c5d88bf36c40e9a","sha256":"33c41000e0e7b5eca0f3b6c1004da73372e1f03b2e5440cf71c5bbc864755820"},"dob":{"date":"1987-07-20T17:34:04.001Z","age":36},"registered":{"date":"2019-06-08T11:05:49.958Z","age":4},"phone":"(620) 316 7808","cell":"(605) 937 9432","id":{"name":"NSS","value":"39 05 75 6314 5"},"picture":{"large":"https://randomuser.me/api/portraits/men/23.jpg","medium":"https://randomuser.me/api/portraits/med/men/23.jpg","thumbnail":"https://randomuser.me/api/portraits/thumb/men/23.jpg"},"nat":"MX"}],"info":{"seed":"2dfe02ea3ca0bd60","results":1,"page":1,"version":"1.4"}} 
 </msg>
<msg time="2024-03-23T23:12:53.851512" level="INFO">/opt/hostedtoolcache/Python/3.12.2/x64/lib/python3.12/site-packages/urllib3/connectionpool.py:1103: InsecureRequestWarning: Unverified HTTPS request is being made to host 'randomuser.me'. Adding certificate verification is strongly advised. See: https://urllib3.readthedocs.io/en/latest/advanced-usage.html#tls-warnings
  warnings.warn(</msg>
<msg time="2024-03-23T23:12:53.851610" level="INFO">${response} = &lt;Response [200]&gt;</msg>
<var>${response}</var>
<arg>consultarAPI</arg>
<arg>/api</arg>
<doc>Sends a GET request on a previously created HTTP Session.</doc>
<status status="PASS" start="2024-03-23T23:12:53.760716" elapsed="0.090930"/>
</kw>
<kw name="Set Variable" owner="BuiltIn">
<msg time="2024-03-23T23:12:53.852521" level="INFO">${json_data} = {'results': [{'gender': 'male', 'name': {'title': 'Mr', 'first': 'Hugo', 'last': 'Calderón'}, 'location': {'street': {'number': 5958, 'name': 'Calle Tonga'}, 'city': 'Cuahuchichinola', 'state': 'Quint...</msg>
<var>${json_data}</var>
<arg>${response.json()}</arg>
<doc>Returns the given values which can then be assigned to a variables.</doc>
<status status="PASS" start="2024-03-23T23:12:53.852043" elapsed="0.000509"/>
</kw>
<kw name="Log" owner="BuiltIn">
<msg time="2024-03-23T23:12:53.853035" level="INFO">{'results': [{'gender': 'male', 'name': {'title': 'Mr', 'first': 'Hugo', 'last': 'Calderón'}, 'location': {'street': {'number': 5958, 'name': 'Calle Tonga'}, 'city': 'Cuahuchichinola', 'state': 'Quintana Roo', 'country': 'Mexico', 'postcode': 92862, 'coordinates': {'latitude': '25.5975', 'longitude': '-125.4322'}, 'timezone': {'offset': '-4:00', 'description': 'Atlantic Time (Canada), Caracas, La Paz'}}, 'email': 'hugo.calderon@example.com', 'login': {'uuid': '624933be-b43d-4cb1-9f16-bcd33052bbd0', 'username': 'biggorilla767', 'password': 'virginia', 'salt': 'SsoZWRef', 'md5': '5bcda5947ec0d184f8c155d71e2fddab', 'sha1': 'b7d7c17984f5c9adfae165788c5d88bf36c40e9a', 'sha256': '33c41000e0e7b5eca0f3b6c1004da73372e1f03b2e5440cf71c5bbc864755820'}, 'dob': {'date': '1987-07-20T17:34:04.001Z', 'age': 36}, 'registered': {'date': '2019-06-08T11:05:49.958Z', 'age': 4}, 'phone': '(620) 316 7808', 'cell': '(605) 937 9432', 'id': {'name': 'NSS', 'value': '39 05 75 6314 5'}, 'picture': {'large': 'https://randomuser.me/api/portraits/men/23.jpg', 'medium': 'https://randomuser.me/api/portraits/med/men/23.jpg', 'thumbnail': 'https://randomuser.me/api/portraits/thumb/men/23.jpg'}, 'nat': 'MX'}], 'info': {'seed': '2dfe02ea3ca0bd60', 'results': 1, 'page': 1, 'version': '1.4'}}</msg>
<arg>${json_data}</arg>
<doc>Logs the given message with the given level.</doc>
<status status="PASS" start="2024-03-23T23:12:53.852869" elapsed="0.000216"/>
</kw>
<kw name="Dictionary Should Contain Key" owner="Collections">
<msg time="2024-03-23T23:12:53.853546" level="INFO">False</msg>
<arg>${json_data}</arg>
<arg>results</arg>
<doc>Fails if ``key`` is not found from ``dictionary``.</doc>
<status status="PASS" start="2024-03-23T23:12:53.853391" elapsed="0.000193"/>
</kw>
<kw name="Should Not Be Empty" owner="BuiltIn">
<msg time="2024-03-23T23:12:53.854045" level="INFO">Length is 2.</msg>
<arg>${json_data}</arg>
<doc>Verifies that the given item is not empty.</doc>
<status status="PASS" start="2024-03-23T23:12:53.853881" elapsed="0.000209"/>
</kw>
<kw name="Create List" owner="BuiltIn">
<msg time="2024-03-23T23:12:53.854553" level="INFO">${expected_keys} = ['gender', 'name', 'location', 'email', 'login']</msg>
<var>${expected_keys}</var>
<arg>gender</arg>
<arg>name</arg>
<arg>location</arg>
<arg>email</arg>
<arg>login</arg>
<doc>Returns a list containing given items.</doc>
<status status="PASS" start="2024-03-23T23:12:53.854405" elapsed="0.000172"/>
</kw>
<for flavor="IN">
<iter>
<kw name="Dictionary Should Contain Key" owner="Collections">
<msg time="2024-03-23T23:12:53.855560" level="INFO">False</msg>
<arg>${json_data['results'][0]}</arg>
<arg>${key}</arg>
<doc>Fails if ``key`` is not found from ``dictionary``.</doc>
<status status="PASS" start="2024-03-23T23:12:53.855155" elapsed="0.000444"/>
</kw>
<kw name="Log" owner="BuiltIn">
<msg time="2024-03-23T23:12:53.856280" level="INFO">{'gender': 'male', 'name': {'title': 'Mr', 'first': 'Hugo', 'last': 'Calderón'}, 'location': {'street': {'number': 5958, 'name': 'Calle Tonga'}, 'city': 'Cuahuchichinola', 'state': 'Quintana Roo', 'country': 'Mexico', 'postcode': 92862, 'coordinates': {'latitude': '25.5975', 'longitude': '-125.4322'}, 'timezone': {'offset': '-4:00', 'description': 'Atlantic Time (Canada), Caracas, La Paz'}}, 'email': 'hugo.calderon@example.com', 'login': {'uuid': '624933be-b43d-4cb1-9f16-bcd33052bbd0', 'username': 'biggorilla767', 'password': 'virginia', 'salt': 'SsoZWRef', 'md5': '5bcda5947ec0d184f8c155d71e2fddab', 'sha1': 'b7d7c17984f5c9adfae165788c5d88bf36c40e9a', 'sha256': '33c41000e0e7b5eca0f3b6c1004da73372e1f03b2e5440cf71c5bbc864755820'}, 'dob': {'date': '1987-07-20T17:34:04.001Z', 'age': 36}, 'registered': {'date': '2019-06-08T11:05:49.958Z', 'age': 4}, 'phone': '(620) 316 7808', 'cell': '(605) 937 9432', 'id': {'name': 'NSS', 'value': '39 05 75 6314 5'}, 'picture': {'large': 'https://randomuser.me/api/portraits/men/23.jpg', 'medium': 'https://randomuser.me/api/portraits/med/men/23.jpg', 'thumbnail': 'https://randomuser.me/api/portraits/thumb/men/23.jpg'}, 'nat': 'MX'}</msg>
<arg>${json_data['results'][0]}</arg>
<doc>Logs the given message with the given level.</doc>
<status status="PASS" start="2024-03-23T23:12:53.855907" elapsed="0.000429"/>
</kw>
<kw name="Log" owner="BuiltIn">
<msg time="2024-03-23T23:12:53.856790" level="INFO">gender</msg>
<arg>${key}</arg>
<doc>Logs the given message with the given level.</doc>
<status status="PASS" start="2024-03-23T23:12:53.856645" elapsed="0.000184"/>
</kw>
<var name="${key}">gender</var>
<status status="PASS" start="2024-03-23T23:12:53.855025" elapsed="0.002030"/>
</iter>
<iter>
<kw name="Dictionary Should Contain Key" owner="Collections">
<msg time="2024-03-23T23:12:53.857751" level="INFO">False</msg>
<arg>${json_data['results'][0]}</arg>
<arg>${key}</arg>
<doc>Fails if ``key`` is not found from ``dictionary``.</doc>
<status status="PASS" start="2024-03-23T23:12:53.857360" elapsed="0.000429"/>
</kw>
<kw name="Log" owner="BuiltIn">
<msg time="2024-03-23T23:12:53.858520" level="INFO">{'gender': 'male', 'name': {'title': 'Mr', 'first': 'Hugo', 'last': 'Calderón'}, 'location': {'street': {'number': 5958, 'name': 'Calle Tonga'}, 'city': 'Cuahuchichinola', 'state': 'Quintana Roo', 'country': 'Mexico', 'postcode': 92862, 'coordinates': {'latitude': '25.5975', 'longitude': '-125.4322'}, 'timezone': {'offset': '-4:00', 'description': 'Atlantic Time (Canada), Caracas, La Paz'}}, 'email': 'hugo.calderon@example.com', 'login': {'uuid': '624933be-b43d-4cb1-9f16-bcd33052bbd0', 'username': 'biggorilla767', 'password': 'virginia', 'salt': 'SsoZWRef', 'md5': '5bcda5947ec0d184f8c155d71e2fddab', 'sha1': 'b7d7c17984f5c9adfae165788c5d88bf36c40e9a', 'sha256': '33c41000e0e7b5eca0f3b6c1004da73372e1f03b2e5440cf71c5bbc864755820'}, 'dob': {'date': '1987-07-20T17:34:04.001Z', 'age': 36}, 'registered': {'date': '2019-06-08T11:05:49.958Z', 'age': 4}, 'phone': '(620) 316 7808', 'cell': '(605) 937 9432', 'id': {'name': 'NSS', 'value': '39 05 75 6314 5'}, 'picture': {'large': 'https://randomuser.me/api/portraits/men/23.jpg', 'medium': 'https://randomuser.me/api/portraits/med/men/23.jpg', 'thumbnail': 'https://randomuser.me/api/portraits/thumb/men/23.jpg'}, 'nat': 'MX'}</msg>
<arg>${json_data['results'][0]}</arg>
<doc>Logs the given message with the given level.</doc>
<status status="PASS" start="2024-03-23T23:12:53.858145" elapsed="0.000425"/>
</kw>
<kw name="Log" owner="BuiltIn">
<msg time="2024-03-23T23:12:53.859001" level="INFO">name</msg>
<arg>${key}</arg>
<doc>Logs the given message with the given level.</doc>
<status status="PASS" start="2024-03-23T23:12:53.858873" elapsed="0.000168"/>
</kw>
<var name="${key}">name</var>
<status status="PASS" start="2024-03-23T23:12:53.857245" elapsed="0.002021"/>
</iter>
<iter>
<kw name="Dictionary Should Contain Key" owner="Collections">
<msg time="2024-03-23T23:12:53.859939" level="INFO">False</msg>
<arg>${json_data['results'][0]}</arg>
<arg>${key}</arg>
<doc>Fails if ``key`` is not found from ``dictionary``.</doc>
<status status="PASS" start="2024-03-23T23:12:53.859560" elapsed="0.000417"/>
</kw>
<kw name="Log" owner="BuiltIn">
<msg time="2024-03-23T23:12:53.860650" level="INFO">{'gender': 'male', 'name': {'title': 'Mr', 'first': 'Hugo', 'last': 'Calderón'}, 'location': {'street': {'number': 5958, 'name': 'Calle Tonga'}, 'city': 'Cuahuchichinola', 'state': 'Quintana Roo', 'country': 'Mexico', 'postcode': 92862, 'coordinates': {'latitude': '25.5975', 'longitude': '-125.4322'}, 'timezone': {'offset': '-4:00', 'description': 'Atlantic Time (Canada), Caracas, La Paz'}}, 'email': 'hugo.calderon@example.com', 'login': {'uuid': '624933be-b43d-4cb1-9f16-bcd33052bbd0', 'username': 'biggorilla767', 'password': 'virginia', 'salt': 'SsoZWRef', 'md5': '5bcda5947ec0d184f8c155d71e2fddab', 'sha1': 'b7d7c17984f5c9adfae165788c5d88bf36c40e9a', 'sha256': '33c41000e0e7b5eca0f3b6c1004da73372e1f03b2e5440cf71c5bbc864755820'}, 'dob': {'date': '1987-07-20T17:34:04.001Z', 'age': 36}, 'registered': {'date': '2019-06-08T11:05:49.958Z', 'age': 4}, 'phone': '(620) 316 7808', 'cell': '(605) 937 9432', 'id': {'name': 'NSS', 'value': '39 05 75 6314 5'}, 'picture': {'large': 'https://randomuser.me/api/portraits/men/23.jpg', 'medium': 'https://randomuser.me/api/portraits/med/men/23.jpg', 'thumbnail': 'https://randomuser.me/api/portraits/thumb/men/23.jpg'}, 'nat': 'MX'}</msg>
<arg>${json_data['results'][0]}</arg>
<doc>Logs the given message with the given level.</doc>
<status status="PASS" start="2024-03-23T23:12:53.860279" elapsed="0.000425"/>
</kw>
<kw name="Log" owner="BuiltIn">
<msg time="2024-03-23T23:12:53.861135" level="INFO">location</msg>
<arg>${key}</arg>
<doc>Logs the given message with the given level.</doc>
<status status="PASS" start="2024-03-23T23:12:53.861006" elapsed="0.000167"/>
</kw>
<var name="${key}">location</var>
<status status="PASS" start="2024-03-23T23:12:53.859448" elapsed="0.001942"/>
</iter>
<iter>
<kw name="Dictionary Should Contain Key" owner="Collections">
<msg time="2024-03-23T23:12:53.862080" level="INFO">False</msg>
<arg>${json_data['results'][0]}</arg>
<arg>${key}</arg>
<doc>Fails if ``key`` is not found from ``dictionary``.</doc>
<status status="PASS" start="2024-03-23T23:12:53.861673" elapsed="0.000452"/>
</kw>
<kw name="Log" owner="BuiltIn">
<msg time="2024-03-23T23:12:53.862804" level="INFO">{'gender': 'male', 'name': {'title': 'Mr', 'first': 'Hugo', 'last': 'Calderón'}, 'location': {'street': {'number': 5958, 'name': 'Calle Tonga'}, 'city': 'Cuahuchichinola', 'state': 'Quintana Roo', 'country': 'Mexico', 'postcode': 92862, 'coordinates': {'latitude': '25.5975', 'longitude': '-125.4322'}, 'timezone': {'offset': '-4:00', 'description': 'Atlantic Time (Canada), Caracas, La Paz'}}, 'email': 'hugo.calderon@example.com', 'login': {'uuid': '624933be-b43d-4cb1-9f16-bcd33052bbd0', 'username': 'biggorilla767', 'password': 'virginia', 'salt': 'SsoZWRef', 'md5': '5bcda5947ec0d184f8c155d71e2fddab', 'sha1': 'b7d7c17984f5c9adfae165788c5d88bf36c40e9a', 'sha256': '33c41000e0e7b5eca0f3b6c1004da73372e1f03b2e5440cf71c5bbc864755820'}, 'dob': {'date': '1987-07-20T17:34:04.001Z', 'age': 36}, 'registered': {'date': '2019-06-08T11:05:49.958Z', 'age': 4}, 'phone': '(620) 316 7808', 'cell': '(605) 937 9432', 'id': {'name': 'NSS', 'value': '39 05 75 6314 5'}, 'picture': {'large': 'https://randomuser.me/api/portraits/men/23.jpg', 'medium': 'https://randomuser.me/api/portraits/med/men/23.jpg', 'thumbnail': 'https://randomuser.me/api/portraits/thumb/men/23.jpg'}, 'nat': 'MX'}</msg>
<arg>${json_data['results'][0]}</arg>
<doc>Logs the given message with the given level.</doc>
<status status="PASS" start="2024-03-23T23:12:53.862428" elapsed="0.000426"/>
</kw>
<kw name="Log" owner="BuiltIn">
<msg time="2024-03-23T23:12:53.863283" level="INFO">email</msg>
<arg>${key}</arg>
<doc>Logs the given message with the given level.</doc>
<status status="PASS" start="2024-03-23T23:12:53.863154" elapsed="0.000168"/>
</kw>
<var name="${key}">email</var>
<status status="PASS" start="2024-03-23T23:12:53.861562" elapsed="0.001980"/>
</iter>
<iter>
<kw name="Dictionary Should Contain Key" owner="Collections">
<msg time="2024-03-23T23:12:53.864232" level="INFO">False</msg>
<arg>${json_data['results'][0]}</arg>
<arg>${key}</arg>
<doc>Fails if ``key`` is not found from ``dictionary``.</doc>
<status status="PASS" start="2024-03-23T23:12:53.863835" elapsed="0.000436"/>
</kw>
<kw name="Log" owner="BuiltIn">
<msg time="2024-03-23T23:12:53.864932" level="INFO">{'gender': 'male', 'name': {'title': 'Mr', 'first': 'Hugo', 'last': 'Calderón'}, 'location': {'street': {'number': 5958, 'name': 'Calle Tonga'}, 'city': 'Cuahuchichinola', 'state': 'Quintana Roo', 'country': 'Mexico', 'postcode': 92862, 'coordinates': {'latitude': '25.5975', 'longitude': '-125.4322'}, 'timezone': {'offset': '-4:00', 'description': 'Atlantic Time (Canada), Caracas, La Paz'}}, 'email': 'hugo.calderon@example.com', 'login': {'uuid': '624933be-b43d-4cb1-9f16-bcd33052bbd0', 'username': 'biggorilla767', 'password': 'virginia', 'salt': 'SsoZWRef', 'md5': '5bcda5947ec0d184f8c155d71e2fddab', 'sha1': 'b7d7c17984f5c9adfae165788c5d88bf36c40e9a', 'sha256': '33c41000e0e7b5eca0f3b6c1004da73372e1f03b2e5440cf71c5bbc864755820'}, 'dob': {'date': '1987-07-20T17:34:04.001Z', 'age': 36}, 'registered': {'date': '2019-06-08T11:05:49.958Z', 'age': 4}, 'phone': '(620) 316 7808', 'cell': '(605) 937 9432', 'id': {'name': 'NSS', 'value': '39 05 75 6314 5'}, 'picture': {'large': 'https://randomuser.me/api/portraits/men/23.jpg', 'medium': 'https://randomuser.me/api/portraits/med/men/23.jpg', 'thumbnail': 'https://randomuser.me/api/portraits/thumb/men/23.jpg'}, 'nat': 'MX'}</msg>
<arg>${json_data['results'][0]}</arg>
<doc>Logs the given message with the given level.</doc>
<status status="PASS" start="2024-03-23T23:12:53.864566" elapsed="0.000416"/>
</kw>
<kw name="Log" owner="BuiltIn">
<msg time="2024-03-23T23:12:53.865403" level="INFO">login</msg>
<arg>${key}</arg>
<doc>Logs the given message with the given level.</doc>
<status status="PASS" start="2024-03-23T23:12:53.865275" elapsed="0.000310"/>
</kw>
<var name="${key}">login</var>
<status status="PASS" start="2024-03-23T23:12:53.863719" elapsed="0.002095"/>
</iter>
<var>${key}</var>
<value>@{expected_keys}</value>
<status status="PASS" start="2024-03-23T23:12:53.854838" elapsed="0.011103"/>
</for>
<kw name="Create List" owner="BuiltIn">
<msg time="2024-03-23T23:12:53.866310" level="INFO">${expected_keysTwo} = ['username', 'password']</msg>
<var>${expected_keysTwo}</var>
<arg>username</arg>
<arg>password</arg>
<doc>Returns a list containing given items.</doc>
<status status="PASS" start="2024-03-23T23:12:53.866170" elapsed="0.000164"/>
</kw>
<for flavor="IN">
<iter>
<kw name="Dictionary Should Contain Key" owner="Collections">
<msg time="2024-03-23T23:12:53.867231" level="INFO">False</msg>
<arg>${json_data['results'][0]['login']}</arg>
<arg>${keyTwo}</arg>
<doc>Fails if ``key`` is not found from ``dictionary``.</doc>
<status status="PASS" start="2024-03-23T23:12:53.866848" elapsed="0.000421"/>
</kw>
<kw name="Dictionary Should Contain Key" owner="Collections">
<msg time="2024-03-23T23:12:53.867948" level="INFO">False</msg>
<arg>${json_data['results'][0]['login']}</arg>
<arg>${keyTwo}</arg>
<doc>Fails if ``key`` is not found from ``dictionary``.</doc>
<status status="PASS" start="2024-03-23T23:12:53.867570" elapsed="0.000416"/>
</kw>
<kw name="Log" owner="BuiltIn">
<msg time="2024-03-23T23:12:53.868406" level="INFO">username</msg>
<arg>${keyTwo}</arg>
<doc>Logs the given message with the given level.</doc>
<status status="PASS" start="2024-03-23T23:12:53.868278" elapsed="0.000166"/>
</kw>
<var name="${keyTwo}">username</var>
<status status="PASS" start="2024-03-23T23:12:53.866727" elapsed="0.001932"/>
</iter>
<iter>
<kw name="Dictionary Should Contain Key" owner="Collections">
<msg time="2024-03-23T23:12:53.869327" level="INFO">False</msg>
<arg>${json_data['results'][0]['login']}</arg>
<arg>${keyTwo}</arg>
<doc>Fails if ``key`` is not found from ``dictionary``.</doc>
<status status="PASS" start="2024-03-23T23:12:53.868944" elapsed="0.000420"/>
</kw>
<kw name="Dictionary Should Contain Key" owner="Collections">
<msg time="2024-03-23T23:12:53.870055" level="INFO">False</msg>
<arg>${json_data['results'][0]['login']}</arg>
<arg>${keyTwo}</arg>
<doc>Fails if ``key`` is not found from ``dictionary``.</doc>
<status status="PASS" start="2024-03-23T23:12:53.869661" elapsed="0.000432"/>
</kw>
<kw name="Log" owner="BuiltIn">
<msg time="2024-03-23T23:12:53.870523" level="INFO">password</msg>
<arg>${keyTwo}</arg>
<doc>Logs the given message with the given level.</doc>
<status status="PASS" start="2024-03-23T23:12:53.870395" elapsed="0.000165"/>
</kw>
<var name="${keyTwo}">password</var>
<status status="PASS" start="2024-03-23T23:12:53.868834" elapsed="0.001942"/>
</iter>
<var>${keyTwo}</var>
<value>@{expected_keysTwo}</value>
<status status="PASS" start="2024-03-23T23:12:53.866574" elapsed="0.004327"/>
</for>
<status status="PASS" start="2024-03-23T23:12:53.760404" elapsed="0.110639"/>
</kw>
<doc>Testa a estrutura da resposta da API.</doc>
<tag>testeEstruturaResposta</tag>
<status status="PASS" start="2024-03-23T23:12:53.759435" elapsed="0.111763"/>
</test>
<test id="s1-s1-t4" name="Validar tipos de dados" line="28">
<kw name="Teste de Tipos de Dados" owner="random-user-service">
<kw name="GET On Session" owner="RequestsLibrary">
<msg time="2024-03-23T23:12:53.952340" level="INFO">GET Request : url=https://randomuser.me/api 
 path_url=/api 
 headers={'User-Agent': 'python-requests/2.31.0', 'Accept-Encoding': 'gzip, deflate', 'Accept': '*/*', 'Connection': 'keep-alive'} 
 body=None 
 </msg>
<msg time="2024-03-23T23:12:53.952440" level="INFO">GET Response : url=https://randomuser.me/api 
 status=200, reason=OK 
 headers={'Date': 'Sat, 23 Mar 2024 23:12:53 GMT', 'Content-Type': 'application/json; charset=utf-8', 'Transfer-Encoding': 'chunked', 'Connection': 'keep-alive', 'X-Powered-By': 'Express', 'Access-Control-Allow-Origin': '*', 'Cache-Control': 'no-cache', 'ETag': 'W/"49b-C5hz7ORXzAQNi339aFJsaauM+V8"', 'Vary': 'Accept-Encoding', 'Content-Encoding': 'gzip', 'CF-Cache-Status': 'DYNAMIC', 'Report-To': '{"endpoints":[{"url":"https:\\/\\/a.nel.cloudflare.com\\/report\\/v4?s=tutcNw1QD8XzxXiKPb3FNjEmLBbkA0W%2BVnaLKW1SzL7FKebaKCxSW3m2aFX1w3WZ2IdtGe39fKIQSi1y032Y8hDbhVEdJMFPqbI1PyOub0R%2FWbmxybAgeSekFfEt2Kvd"}],"group":"cf-nel","max_age":604800}', 'NEL': '{"success_fraction":0,"report_to":"cf-nel","max_age":604800}', 'Server': 'cloudflare', 'CF-RAY': '86921be0be993af4-IAD', 'alt-svc': 'h3=":443"; ma=86400'} 
 body={"results":[{"gender":"female","name":{"title":"Mrs","first":"Shraddha","last":"Thampy"},"location":{"street":{"number":2111,"name":"S.A Rd"},"city":"Kalyan-Dombivli","state":"Telangana","country":"India","postcode":87147,"coordinates":{"latitude":"5.1648","longitude":"83.3049"},"timezone":{"offset":"+3:00","description":"Baghdad, Riyadh, Moscow, St. Petersburg"}},"email":"shraddha.thampy@example.com","login":{"uuid":"cf983c7e-d6cc-419a-bfe3-6822fd404625","username":"browngorilla578","password":"truck1","salt":"zWVgLOR7","md5":"9e3c5b3b1b68b47f5222ee4e90c8a963","sha1":"b0002b85b499f4509594def19086aca7b515ec24","sha256":"a149c9c1dab5cabbc35b56ac968cd451e64adccd4980205efaa751e0ee366175"},"dob":{"date":"1953-04-17T23:21:59.214Z","age":70},"registered":{"date":"2004-12-14T09:37:26.636Z","age":19},"phone":"9202413373","cell":"7757432090","id":{"name":"UIDAI","value":"425137132183"},"picture":{"large":"https://randomuser.me/api/portraits/women/92.jpg","medium":"https://randomuser.me/api/portraits/med/women/92.jpg","thumbnail":"https://randomuser.me/api/portraits/thumb/women/92.jpg"},"nat":"IN"}],"info":{"seed":"3fa3654322091085","results":1,"page":1,"version":"1.4"}} 
 </msg>
<msg time="2024-03-23T23:12:53.952516" level="INFO">/opt/hostedtoolcache/Python/3.12.2/x64/lib/python3.12/site-packages/urllib3/connectionpool.py:1103: InsecureRequestWarning: Unverified HTTPS request is being made to host 'randomuser.me'. Adding certificate verification is strongly advised. See: https://urllib3.readthedocs.io/en/latest/advanced-usage.html#tls-warnings
  warnings.warn(</msg>
<msg time="2024-03-23T23:12:53.952654" level="INFO">${response} = &lt;Response [200]&gt;</msg>
<var>${response}</var>
<arg>consultarAPI</arg>
<arg>/api</arg>
<doc>Sends a GET request on a previously created HTTP Session.</doc>
<status status="PASS" start="2024-03-23T23:12:53.873612" elapsed="0.079092"/>
</kw>
<kw name="Set Variable" owner="BuiltIn">
<msg time="2024-03-23T23:12:53.953940" level="INFO">${json_data} = {'results': [{'gender': 'female', 'name': {'title': 'Mrs', 'first': 'Shraddha', 'last': 'Thampy'}, 'location': {'street': {'number': 2111, 'name': 'S.A Rd'}, 'city': 'Kalyan-Dombivli', 'state': 'Telan...</msg>
<var>${json_data}</var>
<arg>${response.json()}</arg>
<doc>Returns the given values which can then be assigned to a variables.</doc>
<status status="PASS" start="2024-03-23T23:12:53.953355" elapsed="0.000613"/>
</kw>
<kw name="Log" owner="BuiltIn">
<msg time="2024-03-23T23:12:53.954498" level="INFO">{'results': [{'gender': 'female', 'name': {'title': 'Mrs', 'first': 'Shraddha', 'last': 'Thampy'}, 'location': {'street': {'number': 2111, 'name': 'S.A Rd'}, 'city': 'Kalyan-Dombivli', 'state': 'Telangana', 'country': 'India', 'postcode': 87147, 'coordinates': {'latitude': '5.1648', 'longitude': '83.3049'}, 'timezone': {'offset': '+3:00', 'description': 'Baghdad, Riyadh, Moscow, St. Petersburg'}}, 'email': 'shraddha.thampy@example.com', 'login': {'uuid': 'cf983c7e-d6cc-419a-bfe3-6822fd404625', 'username': 'browngorilla578', 'password': 'truck1', 'salt': 'zWVgLOR7', 'md5': '9e3c5b3b1b68b47f5222ee4e90c8a963', 'sha1': 'b0002b85b499f4509594def19086aca7b515ec24', 'sha256': 'a149c9c1dab5cabbc35b56ac968cd451e64adccd4980205efaa751e0ee366175'}, 'dob': {'date': '1953-04-17T23:21:59.214Z', 'age': 70}, 'registered': {'date': '2004-12-14T09:37:26.636Z', 'age': 19}, 'phone': '9202413373', 'cell': '7757432090', 'id': {'name': 'UIDAI', 'value': '425137132183'}, 'picture': {'large': 'https://randomuser.me/api/portraits/women/92.jpg', 'medium': 'https://randomuser.me/api/portraits/med/women/92.jpg', 'thumbnail': 'https://randomuser.me/api/portraits/thumb/women/92.jpg'}, 'nat': 'IN'}], 'info': {'seed': '3fa3654322091085', 'results': 1, 'page': 1, 'version': '1.4'}}</msg>
<arg>${json_data}</arg>
<doc>Logs the given message with the given level.</doc>
<status status="PASS" start="2024-03-23T23:12:53.954329" elapsed="0.000254"/>
</kw>
<kw name="Should Be String" owner="String">
<arg>${json_data['results'][0]['gender']}</arg>
<doc>Fails if the given ``item`` is not a string.</doc>
<status status="PASS" start="2024-03-23T23:12:53.954889" elapsed="0.000370"/>
</kw>
<kw name="Should Match Regexp" owner="BuiltIn">
<arg>${json_data['results'][0]['email']}</arg>
<arg>^[a-zA-Z0-9._%+-]+@[a-zA-Z0-9.-]+\.[a-zA-Z]{2,}$</arg>
<doc>Fails if ``string`` does not match ``pattern`` as a regular expression.</doc>
<status status="PASS" start="2024-03-23T23:12:53.955459" elapsed="0.000519"/>
</kw>
<kw name="Should Match Regexp" owner="BuiltIn">
<arg>${json_data['results'][0]['dob']['date']}</arg>
<arg>\\d{4}-\\d{2}-\\d{2}T\\d{2}:\\d{2}:\\d{2}\\.\\d{3}Z</arg>
<doc>Fails if ``string`` does not match ``pattern`` as a regular expression.</doc>
<status status="PASS" start="2024-03-23T23:12:53.956178" elapsed="0.000493"/>
</kw>
<kw name="Should Match Regexp" owner="BuiltIn">
<arg>${json_data['results'][0]['registered']['date']}</arg>
<arg>\\d{4}-\\d{2}-\\d{2}T\\d{2}:\\d{2}:\\d{2}\\.\\d{3}Z</arg>
<doc>Fails if ``string`` does not match ``pattern`` as a regular expression.</doc>
<status status="PASS" start="2024-03-23T23:12:53.956870" elapsed="0.000369"/>
</kw>
<kw name="Should Match Regexp" owner="BuiltIn">
<arg>${json_data['results'][0]['picture']['large']}</arg>
<arg>^https?://.*\.(?:png|jpe?g|gif|bmp)$</arg>
<doc>Fails if ``string`` does not match ``pattern`` as a regular expression.</doc>
<status status="PASS" start="2024-03-23T23:12:53.957426" elapsed="0.000456"/>
</kw>
<kw name="Should Match Regexp" owner="BuiltIn">
<arg>${json_data['results'][0]['picture']['medium']}</arg>
<arg>^https?://.*\.(?:png|jpe?g|gif|bmp)$</arg>
<doc>Fails if ``string`` does not match ``pattern`` as a regular expression.</doc>
<status status="PASS" start="2024-03-23T23:12:53.958098" elapsed="0.000376"/>
</kw>
<kw name="Should Match Regexp" owner="BuiltIn">
<arg>${json_data['results'][0]['picture']['thumbnail']}</arg>
<arg>^https?://.*\.(?:png|jpe?g|gif|bmp)$</arg>
<doc>Fails if ``string`` does not match ``pattern`` as a regular expression.</doc>
<status status="PASS" start="2024-03-23T23:12:53.958662" elapsed="0.000352"/>
</kw>
<kw name="Log" owner="BuiltIn">
<msg time="2024-03-23T23:12:53.959624" level="INFO">{'large': 'https://randomuser.me/api/portraits/women/92.jpg', 'medium': 'https://randomuser.me/api/portraits/med/women/92.jpg', 'thumbnail': 'https://randomuser.me/api/portraits/thumb/women/92.jpg'}</msg>
<arg>${json_data['results'][0]['picture']}</arg>
<doc>Logs the given message with the given level.</doc>
<status status="PASS" start="2024-03-23T23:12:53.959195" elapsed="0.000478"/>
</kw>
<status status="PASS" start="2024-03-23T23:12:53.873380" elapsed="0.086557"/>
</kw>
<kw name="Teste de Tipos de Dados - Postcode" owner="random-user-service">
<kw name="GET On Session" owner="RequestsLibrary">
<msg time="2024-03-23T23:12:54.051507" level="INFO">GET Request : url=https://randomuser.me/api 
 path_url=/api 
 headers={'User-Agent': 'python-requests/2.31.0', 'Accept-Encoding': 'gzip, deflate', 'Accept': '*/*', 'Connection': 'keep-alive'} 
 body=None 
 </msg>
<msg time="2024-03-23T23:12:54.051574" level="INFO">GET Response : url=https://randomuser.me/api 
 status=200, reason=OK 
 headers={'Date': 'Sat, 23 Mar 2024 23:12:54 GMT', 'Content-Type': 'application/json; charset=utf-8', 'Transfer-Encoding': 'chunked', 'Connection': 'keep-alive', 'X-Powered-By': 'Express', 'Access-Control-Allow-Origin': '*', 'Cache-Control': 'no-cache', 'ETag': 'W/"477-vxzdPNucbJY/qAEHQzyCLuk3jdo"', 'Vary': 'Accept-Encoding', 'Content-Encoding': 'gzip', 'CF-Cache-Status': 'DYNAMIC', 'Report-To': '{"endpoints":[{"url":"https:\\/\\/a.nel.cloudflare.com\\/report\\/v4?s=JepCJd99ViRBYJq142f3Ef%2BSNtOEDcnNuds8ITkDinQCNE821FWbXEj6IK2Cg3QmdcOssTrmRqNTLNjxN%2FGjdzEVRmTCjcSOnROskIWITZEyVFYzksc2q7KDRwuEWo64"}],"group":"cf-nel","max_age":604800}', 'NEL': '{"success_fraction":0,"report_to":"cf-nel","max_age":604800}', 'Server': 'cloudflare', 'CF-RAY': '86921be14fcf3af4-IAD', 'alt-svc': 'h3=":443"; ma=86400'} 
 body={"results":[{"gender":"male","name":{"title":"Mr","first":"Bob","last":"James"},"location":{"street":{"number":2429,"name":"Main Street"},"city":"Tullamore","state":"Limerick","country":"Ireland","postcode":79411,"coordinates":{"latitude":"-1.6256","longitude":"-34.8749"},"timezone":{"offset":"-8:00","description":"Pacific Time (US &amp; Canada)"}},"email":"bob.james@example.com","login":{"uuid":"17236f8c-66f3-4215-bc5e-7d871c00401b","username":"greentiger495","password":"sherri","salt":"yz9pkfwU","md5":"7a650ccdaabe70acc22a10435301bc82","sha1":"4b0dac8b322e16e4dc33e447c107d220f958a548","sha256":"ef0409832527268f056ba80ccbc8319a7ea7a21ede5abb2aa718779f38b2dc89"},"dob":{"date":"1992-08-26T03:20:12.801Z","age":31},"registered":{"date":"2013-03-31T14:37:01.751Z","age":10},"phone":"011-700-2007","cell":"081-955-2635","id":{"name":"PPS","value":"1637025T"},"picture":{"large":"https://randomuser.me/api/portraits/men/49.jpg","medium":"https://randomuser.me/api/portraits/med/men/49.jpg","thumbnail":"https://randomuser.me/api/portraits/thumb/men/49.jpg"},"nat":"IE"}],"info":{"seed":"1438b254d4c1fc2f","results":1,"page":1,"version":"1.4"}} 
 </msg>
<msg time="2024-03-23T23:12:54.051646" level="INFO">/opt/hostedtoolcache/Python/3.12.2/x64/lib/python3.12/site-packages/urllib3/connectionpool.py:1103: InsecureRequestWarning: Unverified HTTPS request is being made to host 'randomuser.me'. Adding certificate verification is strongly advised. See: https://urllib3.readthedocs.io/en/latest/advanced-usage.html#tls-warnings
  warnings.warn(</msg>
<msg time="2024-03-23T23:12:54.051742" level="INFO">${response} = &lt;Response [200]&gt;</msg>
<var>${response}</var>
<arg>consultarAPI</arg>
<arg>/api</arg>
<doc>Sends a GET request on a previously created HTTP Session.</doc>
<status status="PASS" start="2024-03-23T23:12:53.960591" elapsed="0.091193"/>
</kw>
<kw name="Set Variable" owner="BuiltIn">
<msg time="2024-03-23T23:12:54.052891" level="INFO">${json_data} = {'results': [{'gender': 'male', 'name': {'title': 'Mr', 'first': 'Bob', 'last': 'James'}, 'location': {'street': {'number': 2429, 'name': 'Main Street'}, 'city': 'Tullamore', 'state': 'Limerick', 'cou...</msg>
<var>${json_data}</var>
<arg>${response.json()}</arg>
<doc>Returns the given values which can then be assigned to a variables.</doc>
<status status="PASS" start="2024-03-23T23:12:54.052275" elapsed="0.000645"/>
</kw>
<kw name="Log" owner="BuiltIn">
<msg time="2024-03-23T23:12:54.053381" level="INFO">{'results': [{'gender': 'male', 'name': {'title': 'Mr', 'first': 'Bob', 'last': 'James'}, 'location': {'street': {'number': 2429, 'name': 'Main Street'}, 'city': 'Tullamore', 'state': 'Limerick', 'country': 'Ireland', 'postcode': 79411, 'coordinates': {'latitude': '-1.6256', 'longitude': '-34.8749'}, 'timezone': {'offset': '-8:00', 'description': 'Pacific Time (US &amp; Canada)'}}, 'email': 'bob.james@example.com', 'login': {'uuid': '17236f8c-66f3-4215-bc5e-7d871c00401b', 'username': 'greentiger495', 'password': 'sherri', 'salt': 'yz9pkfwU', 'md5': '7a650ccdaabe70acc22a10435301bc82', 'sha1': '4b0dac8b322e16e4dc33e447c107d220f958a548', 'sha256': 'ef0409832527268f056ba80ccbc8319a7ea7a21ede5abb2aa718779f38b2dc89'}, 'dob': {'date': '1992-08-26T03:20:12.801Z', 'age': 31}, 'registered': {'date': '2013-03-31T14:37:01.751Z', 'age': 10}, 'phone': '011-700-2007', 'cell': '081-955-2635', 'id': {'name': 'PPS', 'value': '1637025T'}, 'picture': {'large': 'https://randomuser.me/api/portraits/men/49.jpg', 'medium': 'https://randomuser.me/api/portraits/med/men/49.jpg', 'thumbnail': 'https://randomuser.me/api/portraits/thumb/men/49.jpg'}, 'nat': 'IE'}], 'info': {'seed': '1438b254d4c1fc2f', 'results': 1, 'page': 1, 'version': '1.4'}}</msg>
<arg>${json_data}</arg>
<doc>Logs the given message with the given level.</doc>
<status status="PASS" start="2024-03-23T23:12:54.053226" elapsed="0.000236"/>
</kw>
<kw name="Should Be Equal As Numbers" owner="BuiltIn">
<arg>${json_data['results'][0]['location']['postcode']}</arg>
<arg>${json_data['results'][0]['location']['postcode']}</arg>
<doc>Fails if objects are unequal after converting them to real numbers.</doc>
<status status="PASS" start="2024-03-23T23:12:54.053765" elapsed="0.000680"/>
</kw>
<kw name="Log" owner="BuiltIn">
<msg time="2024-03-23T23:12:54.054981" level="INFO">79411</msg>
<arg>${json_data['results'][0]['location']['postcode']}</arg>
<doc>Logs the given message with the given level.</doc>
<status status="PASS" start="2024-03-23T23:12:54.054639" elapsed="0.000383"/>
</kw>
<status status="PASS" start="2024-03-23T23:12:53.960162" elapsed="0.095114"/>
</kw>
<doc>Testa se os tipos de dados na resposta da API estão corretos.</doc>
<tag>testeTiposDados</tag>
<status status="PASS" start="2024-03-23T23:12:53.872939" elapsed="0.182506"/>
</test>
<test id="s1-s1-t5" name="Validar conteudo" line="35">
<kw name="Teste de Tipos de Conteudo" owner="random-user-service">
<kw name="GET On Session" owner="RequestsLibrary">
<msg time="2024-03-23T23:12:54.157673" level="INFO">GET Request : url=https://randomuser.me/api 
 path_url=/api 
 headers={'User-Agent': 'python-requests/2.31.0', 'Accept-Encoding': 'gzip, deflate', 'Accept': '*/*', 'Connection': 'keep-alive'} 
 body=None 
 </msg>
<msg time="2024-03-23T23:12:54.157769" level="INFO">GET Response : url=https://randomuser.me/api 
 status=200, reason=OK 
 headers={'Date': 'Sat, 23 Mar 2024 23:12:54 GMT', 'Content-Type': 'application/json; charset=utf-8', 'Transfer-Encoding': 'chunked', 'Connection': 'keep-alive', 'X-Powered-By': 'Express', 'Access-Control-Allow-Origin': '*', 'Cache-Control': 'no-cache', 'ETag': 'W/"494-dMxQLiwzxKgXDwRBSqUFo3DAIG8"', 'Vary': 'Accept-Encoding', 'Content-Encoding': 'gzip', 'CF-Cache-Status': 'DYNAMIC', 'Report-To': '{"endpoints":[{"url":"https:\\/\\/a.nel.cloudflare.com\\/report\\/v4?s=1tpqnWxHvUyPg149%2B1P42X5oEMcP2%2BkGtsVEpkvFErp7YlfDR0t%2BlZu5D1Vm24PVz1Nd3CTQfGPpcsP1dVFowYEuBE3trYmd8pLx3uNi54F8Y83U2qGQY52UHWNGo1x9"}],"group":"cf-nel","max_age":604800}', 'NEL': '{"success_fraction":0,"report_to":"cf-nel","max_age":604800}', 'Server': 'cloudflare', 'CF-RAY': '86921be1e8c43af4-IAD', 'alt-svc': 'h3=":443"; ma=86400'} 
 body={"results":[{"gender":"female","name":{"title":"Mrs","first":"Maëly","last":"Bourgeois"},"location":{"street":{"number":5366,"name":"Rue de L'Abbé-Patureau"},"city":"Rouen","state":"Yvelines","country":"France","postcode":22244,"coordinates":{"latitude":"-18.8267","longitude":"76.2761"},"timezone":{"offset":"+4:30","description":"Kabul"}},"email":"maely.bourgeois@example.com","login":{"uuid":"c17a89cf-2cbb-4da2-8c9d-99b0383139e8","username":"ticklishmeercat651","password":"misfit99","salt":"VSQ1PirY","md5":"b41f86f98f9120a11739cf17d3488dc7","sha1":"370a98958fb92b68f7fef0b7b6f3143ff9dcc498","sha256":"bcfac21a89645e4a25fe2869ae472c17ec546eea8803faca5f4e47e433394f82"},"dob":{"date":"1985-01-26T00:17:23.938Z","age":39},"registered":{"date":"2002-07-26T15:06:24.532Z","age":21},"phone":"03-21-26-85-59","cell":"06-82-81-75-78","id":{"name":"INSEE","value":"2850056568119 53"},"picture":{"large":"https://randomuser.me/api/portraits/women/24.jpg","medium":"https://randomuser.me/api/portraits/med/women/24.jpg","thumbnail":"https://randomuser.me/api/portraits/thumb/women/24.jpg"},"nat":"FR"}],"info":{"seed":"ceaa71d95658ceaf","results":1,"page":1,"version":"1.4"}} 
 </msg>
<msg time="2024-03-23T23:12:54.157851" level="INFO">/opt/hostedtoolcache/Python/3.12.2/x64/lib/python3.12/site-packages/urllib3/connectionpool.py:1103: InsecureRequestWarning: Unverified HTTPS request is being made to host 'randomuser.me'. Adding certificate verification is strongly advised. See: https://urllib3.readthedocs.io/en/latest/advanced-usage.html#tls-warnings
  warnings.warn(</msg>
<msg time="2024-03-23T23:12:54.157972" level="INFO">${response} = &lt;Response [200]&gt;</msg>
<var>${response}</var>
<arg>consultarAPI</arg>
<arg>/api</arg>
<doc>Sends a GET request on a previously created HTTP Session.</doc>
<status status="PASS" start="2024-03-23T23:12:54.057956" elapsed="0.100089"/>
</kw>
<kw name="Set Variable" owner="BuiltIn">
<msg time="2024-03-23T23:12:54.159009" level="INFO">${json_data} = {'results': [{'gender': 'female', 'name': {'title': 'Mrs', 'first': 'Maëly', 'last': 'Bourgeois'}, 'location': {'street': {'number': 5366, 'name': "Rue de L'Abbé-Patureau"}, 'city': 'Rouen', 'state': ...</msg>
<var>${json_data}</var>
<arg>${response.json()}</arg>
<doc>Returns the given values which can then be assigned to a variables.</doc>
<status status="PASS" start="2024-03-23T23:12:54.158500" elapsed="0.000540"/>
</kw>
<kw name="Set Variable" owner="BuiltIn">
<msg time="2024-03-23T23:12:54.159719" level="INFO">${name_title} = Mrs</msg>
<var>${name_title}</var>
<arg>${json_data["results"][0]["name"]["title"]}</arg>
<doc>Returns the given values which can then be assigned to a variables.</doc>
<status status="PASS" start="2024-03-23T23:12:54.159345" elapsed="0.000399"/>
</kw>
<kw name="Create List" owner="BuiltIn">
<msg time="2024-03-23T23:12:54.160193" level="INFO">${allowed_titles} = ['Mr', 'Ms', 'Miss', 'Mrs', 'Madame', 'Monsieur']</msg>
<var>${allowed_titles}</var>
<arg>Mr</arg>
<arg>Ms</arg>
<arg>Miss</arg>
<arg>Mrs</arg>
<arg>Madame</arg>
<arg>Monsieur</arg>
<doc>Returns a list containing given items.</doc>
<status status="PASS" start="2024-03-23T23:12:54.160044" elapsed="0.000173"/>
</kw>
<kw name="List Should Contain Value" owner="Collections">
<msg time="2024-03-23T23:12:54.160701" level="INFO">False</msg>
<arg>${allowed_titles}</arg>
<arg>${name_title}</arg>
<doc>Fails if the ``value`` is not found from ``list``.</doc>
<status status="PASS" start="2024-03-23T23:12:54.160519" elapsed="0.000219"/>
</kw>
<kw name="Set Variable" owner="BuiltIn">
<msg time="2024-03-23T23:12:54.161397" level="INFO">${name_country} = FR</msg>
<var>${name_country}</var>
<arg>${json_data["results"][0]["nat"]}</arg>
<doc>Returns the given values which can then be assigned to a variables.</doc>
<status status="PASS" start="2024-03-23T23:12:54.161025" elapsed="0.000397"/>
</kw>
<kw name="Create List" owner="BuiltIn">
<msg time="2024-03-23T23:12:54.162367" level="INFO">${list_country} = ['AD', 'AE', 'AF', 'AG', 'AI', 'AL', 'AM', 'AO', 'AQ', 'AR', 'AS', 'AT', 'AU', 'AW', 'AX', 'AZ', 'BA', 'BB', 'BD', 'BE', 'BF', 'BG', 'BH', 'BI', 'BJ', 'BL', 'BM', 'BN', 'BO', 'BQ', 'BR', 'BS', 'BT', '...</msg>
<var>${list_country}</var>
<arg>AD</arg>
<arg>AE</arg>
<arg>AF</arg>
<arg>AG</arg>
<arg>AI</arg>
<arg>AL</arg>
<arg>AM</arg>
<arg>AO</arg>
<arg>AQ</arg>
<arg>AR</arg>
<arg>AS</arg>
<arg>AT</arg>
<arg>AU</arg>
<arg>AW</arg>
<arg>AX</arg>
<arg>AZ</arg>
<arg>BA</arg>
<arg>BB</arg>
<arg>BD</arg>
<arg>BE</arg>
<arg>BF</arg>
<arg>BG</arg>
<arg>BH</arg>
<arg>BI</arg>
<arg>BJ</arg>
<arg>BL</arg>
<arg>BM</arg>
<arg>BN</arg>
<arg>BO</arg>
<arg>BQ</arg>
<arg>BR</arg>
<arg>BS</arg>
<arg>BT</arg>
<arg>BV</arg>
<arg>BW</arg>
<arg>BY</arg>
<arg>BZ</arg>
<arg>CA</arg>
<arg>CC</arg>
<arg>CD</arg>
<arg>CF</arg>
<arg>CG</arg>
<arg>CH</arg>
<arg>CI</arg>
<arg>CK</arg>
<arg>CL</arg>
<arg>CM</arg>
<arg>CN</arg>
<arg>CO</arg>
<arg>CR</arg>
<arg>CU</arg>
<arg>CV</arg>
<arg>CW</arg>
<arg>CX</arg>
<arg>CY</arg>
<arg>CZ</arg>
<arg>DE</arg>
<arg>DJ</arg>
<arg>DK</arg>
<arg>DM</arg>
<arg>DO</arg>
<arg>DZ</arg>
<arg>EC</arg>
<arg>EE</arg>
<arg>EG</arg>
<arg>EH</arg>
<arg>ER</arg>
<arg>ES</arg>
<arg>ET</arg>
<arg>FI</arg>
<arg>FJ</arg>
<arg>FK</arg>
<arg>FM</arg>
<arg>FO</arg>
<arg>FR</arg>
<arg>GA</arg>
<arg>GB</arg>
<arg>GD</arg>
<arg>GE</arg>
<arg>GF</arg>
<arg>GG</arg>
<arg>GH</arg>
<arg>GI</arg>
<arg>GL</arg>
<arg>GM</arg>
<arg>GN</arg>
<arg>GP</arg>
<arg>GQ</arg>
<arg>GR</arg>
<arg>GS</arg>
<arg>GT</arg>
<arg>GU</arg>
<arg>GW</arg>
<arg>GY</arg>
<arg>HK</arg>
<arg>HM</arg>
<arg>HN</arg>
<arg>HR</arg>
<arg>HT</arg>
<arg>HU</arg>
<arg>ID</arg>
<arg>IE</arg>
<arg>IL</arg>
<arg>IM</arg>
<arg>IN</arg>
<arg>IO</arg>
<arg>IQ</arg>
<arg>IR</arg>
<arg>IS</arg>
<arg>IT</arg>
<arg>JE</arg>
<arg>JM</arg>
<arg>JO</arg>
<arg>JP</arg>
<arg>KE</arg>
<arg>KG</arg>
<arg>KH</arg>
<arg>KI</arg>
<arg>KM</arg>
<arg>KN</arg>
<arg>KP</arg>
<arg>KR</arg>
<arg>KW</arg>
<arg>KY</arg>
<arg>KZ</arg>
<arg>LA</arg>
<arg>LB</arg>
<arg>LC</arg>
<arg>LI</arg>
<arg>LK</arg>
<arg>LR</arg>
<arg>LS</arg>
<arg>LT</arg>
<arg>LU</arg>
<arg>LV</arg>
<arg>LY</arg>
<arg>MA</arg>
<arg>MC</arg>
<arg>MD</arg>
<arg>ME</arg>
<arg>MF</arg>
<arg>MG</arg>
<arg>MH</arg>
<arg>MK</arg>
<arg>ML</arg>
<arg>MM</arg>
<arg>MN</arg>
<arg>MO</arg>
<arg>MP</arg>
<arg>MQ</arg>
<arg>MR</arg>
<arg>MS</arg>
<arg>MT</arg>
<arg>MU</arg>
<arg>MV</arg>
<arg>MW</arg>
<arg>MX</arg>
<arg>MY</arg>
<arg>MZ</arg>
<arg>NA</arg>
<arg>NC</arg>
<arg>NE</arg>
<arg>NF</arg>
<arg>NG</arg>
<arg>NI</arg>
<arg>NL</arg>
<arg>NO</arg>
<arg>NP</arg>
<arg>NR</arg>
<arg>NU</arg>
<arg>NZ</arg>
<arg>OM</arg>
<arg>PA</arg>
<arg>PE</arg>
<arg>PF</arg>
<arg>PG</arg>
<arg>PH</arg>
<arg>PK</arg>
<arg>PL</arg>
<arg>PM</arg>
<arg>PN</arg>
<arg>PR</arg>
<arg>PS</arg>
<arg>PT</arg>
<arg>PW</arg>
<arg>PY</arg>
<arg>QA</arg>
<arg>RE</arg>
<arg>RO</arg>
<arg>RS</arg>
<arg>RU</arg>
<arg>RW</arg>
<arg>SA</arg>
<arg>SB</arg>
<arg>SC</arg>
<arg>SD</arg>
<arg>SE</arg>
<arg>SG</arg>
<arg>SH</arg>
<arg>SI</arg>
<arg>SJ</arg>
<arg>SK</arg>
<arg>SL</arg>
<arg>SM</arg>
<arg>SN</arg>
<arg>SO</arg>
<arg>SR</arg>
<arg>SS</arg>
<arg>ST</arg>
<arg>SV</arg>
<arg>SX</arg>
<arg>SY</arg>
<arg>SZ</arg>
<arg>TC</arg>
<arg>TD</arg>
<arg>TF</arg>
<arg>TG</arg>
<arg>TH</arg>
<arg>TJ</arg>
<arg>TK</arg>
<arg>TL</arg>
<arg>TM</arg>
<arg>TN</arg>
<arg>TO</arg>
<arg>TR</arg>
<arg>TT</arg>
<arg>TV</arg>
<arg>TW</arg>
<arg>TZ</arg>
<arg>UA</arg>
<arg>UG</arg>
<arg>UM</arg>
<arg>US</arg>
<arg>UY</arg>
<arg>UZ</arg>
<arg>VA</arg>
<arg>VC</arg>
<arg>VE</arg>
<arg>VG</arg>
<arg>VI</arg>
<arg>VN</arg>
<arg>VU</arg>
<arg>WF</arg>
<arg>WS</arg>
<arg>XK</arg>
<arg>YE</arg>
<arg>YT</arg>
<arg>ZA</arg>
<arg>ZM</arg>
<arg>ZW</arg>
<doc>Returns a list containing given items.</doc>
<status status="PASS" start="2024-03-23T23:12:54.161726" elapsed="0.000668"/>
</kw>
<kw name="List Should Contain Value" owner="Collections">
<msg time="2024-03-23T23:12:54.163511" level="INFO">False</msg>
<arg>${list_country}</arg>
<arg>${name_country}</arg>
<doc>Fails if the ``value`` is not found from ``list``.</doc>
<status status="PASS" start="2024-03-23T23:12:54.163309" elapsed="0.000239"/>
</kw>
<kw name="Run Keyword If" owner="BuiltIn">
<kw name="Should Be True" owner="BuiltIn">
<arg>${True}</arg>
<doc>Fails if the given condition is not true.</doc>
<status status="PASS" start="2024-03-23T23:12:54.164636" elapsed="0.000145"/>
</kw>
<arg>${json_data["results"][0]["location"]["coordinates"]["latitude"]} &gt;= -90 and ${json_data["results"][0]["location"]["coordinates"]["latitude"]} &lt;= 90</arg>
<arg>Should Be True</arg>
<arg>${True}</arg>
<doc>Runs the given keyword with the given arguments, if ``condition`` is true.</doc>
<status status="PASS" start="2024-03-23T23:12:54.163869" elapsed="0.001042"/>
</kw>
<kw name="Run Keyword If" owner="BuiltIn">
<kw name="Should Be True" owner="BuiltIn">
<arg>${True}</arg>
<doc>Fails if the given condition is not true.</doc>
<status status="PASS" start="2024-03-23T23:12:54.165793" elapsed="0.000138"/>
</kw>
<arg>${json_data["results"][0]["location"]["coordinates"]["longitude"]} &gt;= -180 and ${json_data["results"][0]["location"]["coordinates"]["longitude"]} &lt;= 180</arg>
<arg>Should Be True</arg>
<arg>${True}</arg>
<doc>Runs the given keyword with the given arguments, if ``condition`` is true.</doc>
<status status="PASS" start="2024-03-23T23:12:54.165098" elapsed="0.000988"/>
</kw>
<status status="PASS" start="2024-03-23T23:12:54.057727" elapsed="0.108499"/>
</kw>
<doc>Testa o conteúdo específico dos campos retornados pela API.</doc>
<tag>testeConteudo</tag>
<status status="PASS" start="2024-03-23T23:12:54.057255" elapsed="0.109129"/>
</test>
<status status="PASS" start="2024-03-23T23:12:53.377747" elapsed="0.790537"/>
</suite>
<status status="PASS" start="2024-03-23T23:12:53.364044" elapsed="0.809560"/>
</suite>
<statistics>
<total>
<stat pass="5" fail="0" skip="0">All Tests</stat>
</total>
<tag>
<stat pass="1" fail="0" skip="0">testeConteudo</stat>
<stat pass="1" fail="0" skip="0">testeEstruturaResposta</stat>
<stat pass="1" fail="0" skip="0">testeRequisicaoBasica</stat>
<stat pass="1" fail="0" skip="0">testeTiposDados</stat>
</tag>
<suite>
<stat pass="5" fail="0" skip="0" id="s1" name="Tests">Tests</stat>
<stat pass="5" fail="0" skip="0" id="s1-s1" name="Random-User-Test">Tests.Random-User-Test</stat>
</suite>
</statistics>
<errors>
</errors>
</robot>
