<?xml version="1.0" encoding="UTF-8"?>
<robot generator="Robot 7.0.1 (Python 3.12.4 on linux)" generated="2024-06-20T15:16:54.007189" rpa="false" schemaversion="5">
<suite id="s1" name="Tests" source="/home/runner/work/ApiRandomUser/ApiRandomUser/RamdonUser/tests">
<suite id="s1-s1" name="Random-User-Test" source="/home/runner/work/ApiRandomUser/ApiRandomUser/RamdonUser/tests/random-user-test.robot">
<test id="s1-s1-t1" name="Conectar" line="13">
<kw name="Conectar API" owner="random-user-service">
<kw name="Create Session" owner="RequestsLibrary">
<msg time="2024-06-20T15:16:54.440722" level="INFO">Creating Session using : alias=consultarAPI, url=https://randomuser.me/, headers={},                     cookies={}, auth=None, timeout=None, proxies=None, verify=False,                     debug=0 </msg>
<arg>consultarAPI</arg>
<arg>${URL}</arg>
<doc>Create Session: create a HTTP session to a server</doc>
<status status="PASS" start="2024-06-20T15:16:54.440515" elapsed="0.000387"/>
</kw>
<status status="PASS" start="2024-06-20T15:16:54.439467" elapsed="0.001831"/>
</kw>
<status status="PASS" start="2024-06-20T15:16:54.438893" elapsed="0.002597"/>
</test>
<test id="s1-s1-t2" name="Validar retorno 200 e JSON Válido" line="16">
<kw name="Teste de Requisicao Basica" owner="random-user-service">
<kw name="GET On Session" owner="RequestsLibrary">
<msg time="2024-06-20T15:16:54.534259" level="INFO">GET Request : url=https://randomuser.me/api 
 path_url=/api 
 headers={'User-Agent': 'python-requests/2.32.3', 'Accept-Encoding': 'gzip, deflate', 'Accept': '*/*', 'Connection': 'keep-alive'} 
 body=None 
 </msg>
<msg time="2024-06-20T15:16:54.534413" level="INFO">GET Response : url=https://randomuser.me/api 
 status=200, reason=OK 
 headers={'Date': 'Thu, 20 Jun 2024 15:16:54 GMT', 'Content-Type': 'application/json; charset=utf-8', 'Transfer-Encoding': 'chunked', 'Connection': 'keep-alive', 'X-Powered-By': 'Express', 'Access-Control-Allow-Origin': '*', 'Cache-Control': 'no-cache', 'ETag': 'W/"4ac-BgixiiqwBvH9TU88epBxlurjoTU"', 'Vary': 'Accept-Encoding', 'Content-Encoding': 'gzip', 'CF-Cache-Status': 'DYNAMIC', 'Report-To': '{"endpoints":[{"url":"https:\\/\\/a.nel.cloudflare.com\\/report\\/v4?s=sqNrC7g8rBISrumUWHVRqpUBEoGDVCEL6hHpapEnfGa%2BRt51cgfof1uvuGRdAlHuRVwNzmuGbLuvbQveWx3QsfF%2B6HRyHV2xqbv4ZmlZmtrwWZrDyoKBurEUwykana%2FI"}],"group":"cf-nel","max_age":604800}', 'NEL': '{"success_fraction":0,"report_to":"cf-nel","max_age":604800}', 'Server': 'cloudflare', 'CF-RAY': '896cb9008e27e258-ORD', 'alt-svc': 'h3=":443"; ma=86400'} 
 body={"results":[{"gender":"female","name":{"title":"Ms","first":"Barbara","last":"Coleman"},"location":{"street":{"number":7760,"name":"Stanley Road"},"city":"St Albans","state":"Greater Manchester","country":"United Kingdom","postcode":"IR3E 3HP","coordinates":{"latitude":"-8.7116","longitude":"91.9967"},"timezone":{"offset":"-8:00","description":"Pacific Time (US &amp; Canada)"}},"email":"barbara.coleman@example.com","login":{"uuid":"22a2ccc6-56ab-461d-9bb9-138853cc6980","username":"organicbutterfly323","password":"ranch","salt":"xQQyg2tR","md5":"324239df7b0236d7f3ea24306eb6fb15","sha1":"2d799a54315eb820ab0be2a5c857db042e4a7f60","sha256":"87393618fdbb2e46d4609e5dc58abefa1f8f4c47ab0a26e0e3a51010c23ff070"},"dob":{"date":"1975-01-02T17:13:21.891Z","age":49},"registered":{"date":"2013-01-15T17:09:23.602Z","age":11},"phone":"015395 45144","cell":"07383 808656","id":{"name":"NINO","value":"WA 75 27 35 Z"},"picture":{"large":"https://randomuser.me/api/portraits/women/30.jpg","medium":"https://randomuser.me/api/portraits/med/women/30.jpg","thumbnail":"https://randomuser.me/api/portraits/thumb/women/30.jpg"},"nat":"GB"}],"info":{"seed":"e8efb5a2ba54fd8e","results":1,"page":1,"version":"1.4"}} 
 </msg>
<msg time="2024-06-20T15:16:54.534498" level="INFO">/opt/hostedtoolcache/Python/3.12.4/x64/lib/python3.12/site-packages/urllib3/connectionpool.py:1099: InsecureRequestWarning: Unverified HTTPS request is being made to host 'randomuser.me'. Adding certificate verification is strongly advised. See: https://urllib3.readthedocs.io/en/latest/advanced-usage.html#tls-warnings
  warnings.warn(</msg>
<msg time="2024-06-20T15:16:54.534655" level="INFO">${response} = &lt;Response [200]&gt;</msg>
<var>${response}</var>
<arg>consultarAPI</arg>
<arg>/api</arg>
<doc>Sends a GET request on a previously created HTTP Session.</doc>
<status status="PASS" start="2024-06-20T15:16:54.444114" elapsed="0.090585"/>
</kw>
<kw name="Should Be Equal As Numbers" owner="BuiltIn">
<msg time="2024-06-20T15:16:54.535691" level="INFO">Argument types are:
&lt;class 'int'&gt;
&lt;class 'str'&gt;</msg>
<arg>${response.status_code}</arg>
<arg>200</arg>
<doc>Fails if objects are unequal after converting them to real numbers.</doc>
<status status="PASS" start="2024-06-20T15:16:54.535232" elapsed="0.000529"/>
</kw>
<kw name="Log" owner="BuiltIn">
<msg time="2024-06-20T15:16:54.536427" level="INFO">200</msg>
<arg>${response.status_code}</arg>
<doc>Logs the given message with the given level.</doc>
<status status="PASS" start="2024-06-20T15:16:54.536081" elapsed="0.000388"/>
</kw>
<kw name="Set Variable" owner="BuiltIn">
<msg time="2024-06-20T15:16:54.537237" level="INFO">${json_data} = {'results': [{'gender': 'female', 'name': {'title': 'Ms', 'first': 'Barbara', 'last': 'Coleman'}, 'location': {'street': {'number': 7760, 'name': 'Stanley Road'}, 'city': 'St Albans', 'state': 'Greate...</msg>
<var>${json_data}</var>
<arg>${response.json()}</arg>
<doc>Returns the given values which can then be assigned to a variables.</doc>
<status status="PASS" start="2024-06-20T15:16:54.536769" elapsed="0.000496"/>
</kw>
<kw name="Dictionary Should Contain Key" owner="Collections">
<arg>${json_data}</arg>
<arg>results</arg>
<doc>Fails if ``key`` is not found from ``dictionary``.</doc>
<status status="PASS" start="2024-06-20T15:16:54.537569" elapsed="0.000170"/>
</kw>
<status status="PASS" start="2024-06-20T15:16:54.443856" elapsed="0.094034"/>
</kw>
<doc>Testa se a API responde corretamente e retorna um objeto JSON válido.</doc>
<tag>testeRequisicaoBasica</tag>
<status status="PASS" start="2024-06-20T15:16:54.443401" elapsed="0.094665"/>
</test>
<test id="s1-s1-t3" name="Validar estrutura de resposta" line="22">
<kw name="Teste de Estrutura de Resposta" owner="random-user-service">
<kw name="GET On Session" owner="RequestsLibrary">
<msg time="2024-06-20T15:16:54.642335" level="INFO">GET Request : url=https://randomuser.me/api 
 path_url=/api 
 headers={'User-Agent': 'python-requests/2.32.3', 'Accept-Encoding': 'gzip, deflate', 'Accept': '*/*', 'Connection': 'keep-alive'} 
 body=None 
 </msg>
<msg time="2024-06-20T15:16:54.642445" level="INFO">GET Response : url=https://randomuser.me/api 
 status=200, reason=OK 
 headers={'Date': 'Thu, 20 Jun 2024 15:16:54 GMT', 'Content-Type': 'application/json; charset=utf-8', 'Transfer-Encoding': 'chunked', 'Connection': 'keep-alive', 'X-Powered-By': 'Express', 'Access-Control-Allow-Origin': '*', 'Cache-Control': 'no-cache', 'ETag': 'W/"484-nG47cDxZ/EqFXoCPLpTYUupCXKo"', 'Vary': 'Accept-Encoding', 'Content-Encoding': 'gzip', 'CF-Cache-Status': 'DYNAMIC', 'Report-To': '{"endpoints":[{"url":"https:\\/\\/a.nel.cloudflare.com\\/report\\/v4?s=VmmbefTFh9N7oFu4jfrwVS%2BZlxVTGL1k2zZ2QVWuQFTSOEZRcuKHe9qyqOWF%2BtruId8d4YKxnQi7Db3Q5OvEOgEyjS1VXnha65SQ%2FmcUzEi2vea67zlDLLS4HmGqFsdu"}],"group":"cf-nel","max_age":604800}', 'NEL': '{"success_fraction":0,"report_to":"cf-nel","max_age":604800}', 'Server': 'cloudflare', 'CF-RAY': '896cb900ee8de258-ORD', 'alt-svc': 'h3=":443"; ma=86400'} 
 body={"results":[{"gender":"female","name":{"title":"Miss","first":"Vicki","last":"Berry"},"location":{"street":{"number":8317,"name":"Dogwood Ave"},"city":"Lewiston","state":"Missouri","country":"United States","postcode":26912,"coordinates":{"latitude":"89.1702","longitude":"146.0697"},"timezone":{"offset":"-3:30","description":"Newfoundland"}},"email":"vicki.berry@example.com","login":{"uuid":"f125d277-3a8f-4fa2-bebd-c12a65ab130b","username":"tinyrabbit202","password":"pleasure","salt":"OG79NjQ5","md5":"17748ff38ac0f23ea3cfb2fee8b33e3f","sha1":"5ecc6ca4e20b86ed74eb540c43ac55965ac42d2f","sha256":"bf60ffc7f46b3c0f5da316f143a5ac5ea48913d1497bb6a0fd2a8cd1824c783a"},"dob":{"date":"1952-04-28T16:47:27.879Z","age":72},"registered":{"date":"2015-01-15T04:25:50.474Z","age":9},"phone":"(467) 220-7282","cell":"(554) 994-0947","id":{"name":"SSN","value":"014-61-0907"},"picture":{"large":"https://randomuser.me/api/portraits/women/37.jpg","medium":"https://randomuser.me/api/portraits/med/women/37.jpg","thumbnail":"https://randomuser.me/api/portraits/thumb/women/37.jpg"},"nat":"US"}],"info":{"seed":"ef0f6399f83bcb74","results":1,"page":1,"version":"1.4"}} 
 </msg>
<msg time="2024-06-20T15:16:54.642575" level="INFO">/opt/hostedtoolcache/Python/3.12.4/x64/lib/python3.12/site-packages/urllib3/connectionpool.py:1099: InsecureRequestWarning: Unverified HTTPS request is being made to host 'randomuser.me'. Adding certificate verification is strongly advised. See: https://urllib3.readthedocs.io/en/latest/advanced-usage.html#tls-warnings
  warnings.warn(</msg>
<msg time="2024-06-20T15:16:54.642715" level="INFO">${response} = &lt;Response [200]&gt;</msg>
<var>${response}</var>
<arg>consultarAPI</arg>
<arg>/api</arg>
<doc>Sends a GET request on a previously created HTTP Session.</doc>
<status status="PASS" start="2024-06-20T15:16:54.540731" elapsed="0.102025"/>
</kw>
<kw name="Set Variable" owner="BuiltIn">
<msg time="2024-06-20T15:16:54.643988" level="INFO">${json_data} = {'results': [{'gender': 'female', 'name': {'title': 'Miss', 'first': 'Vicki', 'last': 'Berry'}, 'location': {'street': {'number': 8317, 'name': 'Dogwood Ave'}, 'city': 'Lewiston', 'state': 'Missouri',...</msg>
<var>${json_data}</var>
<arg>${response.json()}</arg>
<doc>Returns the given values which can then be assigned to a variables.</doc>
<status status="PASS" start="2024-06-20T15:16:54.643408" elapsed="0.000609"/>
</kw>
<kw name="Log" owner="BuiltIn">
<msg time="2024-06-20T15:16:54.644513" level="INFO">{'results': [{'gender': 'female', 'name': {'title': 'Miss', 'first': 'Vicki', 'last': 'Berry'}, 'location': {'street': {'number': 8317, 'name': 'Dogwood Ave'}, 'city': 'Lewiston', 'state': 'Missouri', 'country': 'United States', 'postcode': 26912, 'coordinates': {'latitude': '89.1702', 'longitude': '146.0697'}, 'timezone': {'offset': '-3:30', 'description': 'Newfoundland'}}, 'email': 'vicki.berry@example.com', 'login': {'uuid': 'f125d277-3a8f-4fa2-bebd-c12a65ab130b', 'username': 'tinyrabbit202', 'password': 'pleasure', 'salt': 'OG79NjQ5', 'md5': '17748ff38ac0f23ea3cfb2fee8b33e3f', 'sha1': '5ecc6ca4e20b86ed74eb540c43ac55965ac42d2f', 'sha256': 'bf60ffc7f46b3c0f5da316f143a5ac5ea48913d1497bb6a0fd2a8cd1824c783a'}, 'dob': {'date': '1952-04-28T16:47:27.879Z', 'age': 72}, 'registered': {'date': '2015-01-15T04:25:50.474Z', 'age': 9}, 'phone': '(467) 220-7282', 'cell': '(554) 994-0947', 'id': {'name': 'SSN', 'value': '014-61-0907'}, 'picture': {'large': 'https://randomuser.me/api/portraits/women/37.jpg', 'medium': 'https://randomuser.me/api/portraits/med/women/37.jpg', 'thumbnail': 'https://randomuser.me/api/portraits/thumb/women/37.jpg'}, 'nat': 'US'}], 'info': {'seed': 'ef0f6399f83bcb74', 'results': 1, 'page': 1, 'version': '1.4'}}</msg>
<arg>${json_data}</arg>
<doc>Logs the given message with the given level.</doc>
<status status="PASS" start="2024-06-20T15:16:54.644338" elapsed="0.000225"/>
</kw>
<kw name="Dictionary Should Contain Key" owner="Collections">
<arg>${json_data}</arg>
<arg>results</arg>
<doc>Fails if ``key`` is not found from ``dictionary``.</doc>
<status status="PASS" start="2024-06-20T15:16:54.644866" elapsed="0.000160"/>
</kw>
<kw name="Should Not Be Empty" owner="BuiltIn">
<msg time="2024-06-20T15:16:54.645391" level="INFO">Length is 2.</msg>
<arg>${json_data}</arg>
<doc>Verifies that the given item is not empty.</doc>
<status status="PASS" start="2024-06-20T15:16:54.645259" elapsed="0.000171"/>
</kw>
<kw name="Create List" owner="BuiltIn">
<msg time="2024-06-20T15:16:54.646043" level="INFO">${expected_keys} = ['gender', 'name', 'location', 'email', 'login']</msg>
<var>${expected_keys}</var>
<arg>gender</arg>
<arg>name</arg>
<arg>location</arg>
<arg>email</arg>
<arg>login</arg>
<doc>Returns a list containing given items.</doc>
<status status="PASS" start="2024-06-20T15:16:54.645722" elapsed="0.000346"/>
</kw>
<for flavor="IN">
<iter>
<kw name="Dictionary Should Contain Key" owner="Collections">
<arg>${json_data['results'][0]}</arg>
<arg>${key}</arg>
<doc>Fails if ``key`` is not found from ``dictionary``.</doc>
<status status="PASS" start="2024-06-20T15:16:54.646682" elapsed="0.000414"/>
</kw>
<kw name="Log" owner="BuiltIn">
<msg time="2024-06-20T15:16:54.647650" level="INFO">{'gender': 'female', 'name': {'title': 'Miss', 'first': 'Vicki', 'last': 'Berry'}, 'location': {'street': {'number': 8317, 'name': 'Dogwood Ave'}, 'city': 'Lewiston', 'state': 'Missouri', 'country': 'United States', 'postcode': 26912, 'coordinates': {'latitude': '89.1702', 'longitude': '146.0697'}, 'timezone': {'offset': '-3:30', 'description': 'Newfoundland'}}, 'email': 'vicki.berry@example.com', 'login': {'uuid': 'f125d277-3a8f-4fa2-bebd-c12a65ab130b', 'username': 'tinyrabbit202', 'password': 'pleasure', 'salt': 'OG79NjQ5', 'md5': '17748ff38ac0f23ea3cfb2fee8b33e3f', 'sha1': '5ecc6ca4e20b86ed74eb540c43ac55965ac42d2f', 'sha256': 'bf60ffc7f46b3c0f5da316f143a5ac5ea48913d1497bb6a0fd2a8cd1824c783a'}, 'dob': {'date': '1952-04-28T16:47:27.879Z', 'age': 72}, 'registered': {'date': '2015-01-15T04:25:50.474Z', 'age': 9}, 'phone': '(467) 220-7282', 'cell': '(554) 994-0947', 'id': {'name': 'SSN', 'value': '014-61-0907'}, 'picture': {'large': 'https://randomuser.me/api/portraits/women/37.jpg', 'medium': 'https://randomuser.me/api/portraits/med/women/37.jpg', 'thumbnail': 'https://randomuser.me/api/portraits/thumb/women/37.jpg'}, 'nat': 'US'}</msg>
<arg>${json_data['results'][0]}</arg>
<doc>Logs the given message with the given level.</doc>
<status status="PASS" start="2024-06-20T15:16:54.647287" elapsed="0.000411"/>
</kw>
<kw name="Log" owner="BuiltIn">
<msg time="2024-06-20T15:16:54.648152" level="INFO">gender</msg>
<arg>${key}</arg>
<doc>Logs the given message with the given level.</doc>
<status status="PASS" start="2024-06-20T15:16:54.648006" elapsed="0.000185"/>
</kw>
<var name="${key}">gender</var>
<status status="PASS" start="2024-06-20T15:16:54.646555" elapsed="0.001856"/>
</iter>
<iter>
<kw name="Dictionary Should Contain Key" owner="Collections">
<arg>${json_data['results'][0]}</arg>
<arg>${key}</arg>
<doc>Fails if ``key`` is not found from ``dictionary``.</doc>
<status status="PASS" start="2024-06-20T15:16:54.648715" elapsed="0.000388"/>
</kw>
<kw name="Log" owner="BuiltIn">
<msg time="2024-06-20T15:16:54.649684" level="INFO">{'gender': 'female', 'name': {'title': 'Miss', 'first': 'Vicki', 'last': 'Berry'}, 'location': {'street': {'number': 8317, 'name': 'Dogwood Ave'}, 'city': 'Lewiston', 'state': 'Missouri', 'country': 'United States', 'postcode': 26912, 'coordinates': {'latitude': '89.1702', 'longitude': '146.0697'}, 'timezone': {'offset': '-3:30', 'description': 'Newfoundland'}}, 'email': 'vicki.berry@example.com', 'login': {'uuid': 'f125d277-3a8f-4fa2-bebd-c12a65ab130b', 'username': 'tinyrabbit202', 'password': 'pleasure', 'salt': 'OG79NjQ5', 'md5': '17748ff38ac0f23ea3cfb2fee8b33e3f', 'sha1': '5ecc6ca4e20b86ed74eb540c43ac55965ac42d2f', 'sha256': 'bf60ffc7f46b3c0f5da316f143a5ac5ea48913d1497bb6a0fd2a8cd1824c783a'}, 'dob': {'date': '1952-04-28T16:47:27.879Z', 'age': 72}, 'registered': {'date': '2015-01-15T04:25:50.474Z', 'age': 9}, 'phone': '(467) 220-7282', 'cell': '(554) 994-0947', 'id': {'name': 'SSN', 'value': '014-61-0907'}, 'picture': {'large': 'https://randomuser.me/api/portraits/women/37.jpg', 'medium': 'https://randomuser.me/api/portraits/med/women/37.jpg', 'thumbnail': 'https://randomuser.me/api/portraits/thumb/women/37.jpg'}, 'nat': 'US'}</msg>
<arg>${json_data['results'][0]}</arg>
<doc>Logs the given message with the given level.</doc>
<status status="PASS" start="2024-06-20T15:16:54.649329" elapsed="0.000437"/>
</kw>
<kw name="Log" owner="BuiltIn">
<msg time="2024-06-20T15:16:54.650192" level="INFO">name</msg>
<arg>${key}</arg>
<doc>Logs the given message with the given level.</doc>
<status status="PASS" start="2024-06-20T15:16:54.650064" elapsed="0.000165"/>
</kw>
<var name="${key}">name</var>
<status status="PASS" start="2024-06-20T15:16:54.648603" elapsed="0.001854"/>
</iter>
<iter>
<kw name="Dictionary Should Contain Key" owner="Collections">
<arg>${json_data['results'][0]}</arg>
<arg>${key}</arg>
<doc>Fails if ``key`` is not found from ``dictionary``.</doc>
<status status="PASS" start="2024-06-20T15:16:54.650760" elapsed="0.000391"/>
</kw>
<kw name="Log" owner="BuiltIn">
<msg time="2024-06-20T15:16:54.651691" level="INFO">{'gender': 'female', 'name': {'title': 'Miss', 'first': 'Vicki', 'last': 'Berry'}, 'location': {'street': {'number': 8317, 'name': 'Dogwood Ave'}, 'city': 'Lewiston', 'state': 'Missouri', 'country': 'United States', 'postcode': 26912, 'coordinates': {'latitude': '89.1702', 'longitude': '146.0697'}, 'timezone': {'offset': '-3:30', 'description': 'Newfoundland'}}, 'email': 'vicki.berry@example.com', 'login': {'uuid': 'f125d277-3a8f-4fa2-bebd-c12a65ab130b', 'username': 'tinyrabbit202', 'password': 'pleasure', 'salt': 'OG79NjQ5', 'md5': '17748ff38ac0f23ea3cfb2fee8b33e3f', 'sha1': '5ecc6ca4e20b86ed74eb540c43ac55965ac42d2f', 'sha256': 'bf60ffc7f46b3c0f5da316f143a5ac5ea48913d1497bb6a0fd2a8cd1824c783a'}, 'dob': {'date': '1952-04-28T16:47:27.879Z', 'age': 72}, 'registered': {'date': '2015-01-15T04:25:50.474Z', 'age': 9}, 'phone': '(467) 220-7282', 'cell': '(554) 994-0947', 'id': {'name': 'SSN', 'value': '014-61-0907'}, 'picture': {'large': 'https://randomuser.me/api/portraits/women/37.jpg', 'medium': 'https://randomuser.me/api/portraits/med/women/37.jpg', 'thumbnail': 'https://randomuser.me/api/portraits/thumb/women/37.jpg'}, 'nat': 'US'}</msg>
<arg>${json_data['results'][0]}</arg>
<doc>Logs the given message with the given level.</doc>
<status status="PASS" start="2024-06-20T15:16:54.651334" elapsed="0.000415"/>
</kw>
<kw name="Log" owner="BuiltIn">
<msg time="2024-06-20T15:16:54.652171" level="INFO">location</msg>
<arg>${key}</arg>
<doc>Logs the given message with the given level.</doc>
<status status="PASS" start="2024-06-20T15:16:54.652044" elapsed="0.000164"/>
</kw>
<var name="${key}">location</var>
<status status="PASS" start="2024-06-20T15:16:54.650634" elapsed="0.001790"/>
</iter>
<iter>
<kw name="Dictionary Should Contain Key" owner="Collections">
<arg>${json_data['results'][0]}</arg>
<arg>${key}</arg>
<doc>Fails if ``key`` is not found from ``dictionary``.</doc>
<status status="PASS" start="2024-06-20T15:16:54.652709" elapsed="0.000386"/>
</kw>
<kw name="Log" owner="BuiltIn">
<msg time="2024-06-20T15:16:54.653685" level="INFO">{'gender': 'female', 'name': {'title': 'Miss', 'first': 'Vicki', 'last': 'Berry'}, 'location': {'street': {'number': 8317, 'name': 'Dogwood Ave'}, 'city': 'Lewiston', 'state': 'Missouri', 'country': 'United States', 'postcode': 26912, 'coordinates': {'latitude': '89.1702', 'longitude': '146.0697'}, 'timezone': {'offset': '-3:30', 'description': 'Newfoundland'}}, 'email': 'vicki.berry@example.com', 'login': {'uuid': 'f125d277-3a8f-4fa2-bebd-c12a65ab130b', 'username': 'tinyrabbit202', 'password': 'pleasure', 'salt': 'OG79NjQ5', 'md5': '17748ff38ac0f23ea3cfb2fee8b33e3f', 'sha1': '5ecc6ca4e20b86ed74eb540c43ac55965ac42d2f', 'sha256': 'bf60ffc7f46b3c0f5da316f143a5ac5ea48913d1497bb6a0fd2a8cd1824c783a'}, 'dob': {'date': '1952-04-28T16:47:27.879Z', 'age': 72}, 'registered': {'date': '2015-01-15T04:25:50.474Z', 'age': 9}, 'phone': '(467) 220-7282', 'cell': '(554) 994-0947', 'id': {'name': 'SSN', 'value': '014-61-0907'}, 'picture': {'large': 'https://randomuser.me/api/portraits/women/37.jpg', 'medium': 'https://randomuser.me/api/portraits/med/women/37.jpg', 'thumbnail': 'https://randomuser.me/api/portraits/thumb/women/37.jpg'}, 'nat': 'US'}</msg>
<arg>${json_data['results'][0]}</arg>
<doc>Logs the given message with the given level.</doc>
<status status="PASS" start="2024-06-20T15:16:54.653327" elapsed="0.000410"/>
</kw>
<kw name="Log" owner="BuiltIn">
<msg time="2024-06-20T15:16:54.654159" level="INFO">email</msg>
<arg>${key}</arg>
<doc>Logs the given message with the given level.</doc>
<status status="PASS" start="2024-06-20T15:16:54.654033" elapsed="0.000164"/>
</kw>
<var name="${key}">email</var>
<status status="PASS" start="2024-06-20T15:16:54.652598" elapsed="0.001810"/>
</iter>
<iter>
<kw name="Dictionary Should Contain Key" owner="Collections">
<arg>${json_data['results'][0]}</arg>
<arg>${key}</arg>
<doc>Fails if ``key`` is not found from ``dictionary``.</doc>
<status status="PASS" start="2024-06-20T15:16:54.654687" elapsed="0.000427"/>
</kw>
<kw name="Log" owner="BuiltIn">
<msg time="2024-06-20T15:16:54.655639" level="INFO">{'gender': 'female', 'name': {'title': 'Miss', 'first': 'Vicki', 'last': 'Berry'}, 'location': {'street': {'number': 8317, 'name': 'Dogwood Ave'}, 'city': 'Lewiston', 'state': 'Missouri', 'country': 'United States', 'postcode': 26912, 'coordinates': {'latitude': '89.1702', 'longitude': '146.0697'}, 'timezone': {'offset': '-3:30', 'description': 'Newfoundland'}}, 'email': 'vicki.berry@example.com', 'login': {'uuid': 'f125d277-3a8f-4fa2-bebd-c12a65ab130b', 'username': 'tinyrabbit202', 'password': 'pleasure', 'salt': 'OG79NjQ5', 'md5': '17748ff38ac0f23ea3cfb2fee8b33e3f', 'sha1': '5ecc6ca4e20b86ed74eb540c43ac55965ac42d2f', 'sha256': 'bf60ffc7f46b3c0f5da316f143a5ac5ea48913d1497bb6a0fd2a8cd1824c783a'}, 'dob': {'date': '1952-04-28T16:47:27.879Z', 'age': 72}, 'registered': {'date': '2015-01-15T04:25:50.474Z', 'age': 9}, 'phone': '(467) 220-7282', 'cell': '(554) 994-0947', 'id': {'name': 'SSN', 'value': '014-61-0907'}, 'picture': {'large': 'https://randomuser.me/api/portraits/women/37.jpg', 'medium': 'https://randomuser.me/api/portraits/med/women/37.jpg', 'thumbnail': 'https://randomuser.me/api/portraits/thumb/women/37.jpg'}, 'nat': 'US'}</msg>
<arg>${json_data['results'][0]}</arg>
<doc>Logs the given message with the given level.</doc>
<status status="PASS" start="2024-06-20T15:16:54.655296" elapsed="0.000390"/>
</kw>
<kw name="Log" owner="BuiltIn">
<msg time="2024-06-20T15:16:54.656107" level="INFO">login</msg>
<arg>${key}</arg>
<doc>Logs the given message with the given level.</doc>
<status status="PASS" start="2024-06-20T15:16:54.655979" elapsed="0.000165"/>
</kw>
<var name="${key}">login</var>
<status status="PASS" start="2024-06-20T15:16:54.654582" elapsed="0.001776"/>
</iter>
<var>${key}</var>
<value>@{expected_keys}</value>
<status status="PASS" start="2024-06-20T15:16:54.646354" elapsed="0.010123"/>
</for>
<kw name="Create List" owner="BuiltIn">
<msg time="2024-06-20T15:16:54.656800" level="INFO">${expected_keysTwo} = ['username', 'password']</msg>
<var>${expected_keysTwo}</var>
<arg>username</arg>
<arg>password</arg>
<doc>Returns a list containing given items.</doc>
<status status="PASS" start="2024-06-20T15:16:54.656665" elapsed="0.000159"/>
</kw>
<for flavor="IN">
<iter>
<kw name="Dictionary Should Contain Key" owner="Collections">
<arg>${json_data['results'][0]['login']}</arg>
<arg>${keyTwo}</arg>
<doc>Fails if ``key`` is not found from ``dictionary``.</doc>
<status status="PASS" start="2024-06-20T15:16:54.657433" elapsed="0.000392"/>
</kw>
<kw name="Dictionary Should Contain Key" owner="Collections">
<arg>${json_data['results'][0]['login']}</arg>
<arg>${keyTwo}</arg>
<doc>Fails if ``key`` is not found from ``dictionary``.</doc>
<status status="PASS" start="2024-06-20T15:16:54.658026" elapsed="0.000371"/>
</kw>
<kw name="Log" owner="BuiltIn">
<msg time="2024-06-20T15:16:54.658695" level="INFO">username</msg>
<arg>${keyTwo}</arg>
<doc>Logs the given message with the given level.</doc>
<status status="PASS" start="2024-06-20T15:16:54.658574" elapsed="0.000158"/>
</kw>
<var name="${keyTwo}">username</var>
<status status="PASS" start="2024-06-20T15:16:54.657321" elapsed="0.001633"/>
</iter>
<iter>
<kw name="Dictionary Should Contain Key" owner="Collections">
<arg>${json_data['results'][0]['login']}</arg>
<arg>${keyTwo}</arg>
<doc>Fails if ``key`` is not found from ``dictionary``.</doc>
<status status="PASS" start="2024-06-20T15:16:54.659231" elapsed="0.000398"/>
</kw>
<kw name="Dictionary Should Contain Key" owner="Collections">
<arg>${json_data['results'][0]['login']}</arg>
<arg>${keyTwo}</arg>
<doc>Fails if ``key`` is not found from ``dictionary``.</doc>
<status status="PASS" start="2024-06-20T15:16:54.659807" elapsed="0.000382"/>
</kw>
<kw name="Log" owner="BuiltIn">
<msg time="2024-06-20T15:16:54.660495" level="INFO">password</msg>
<arg>${keyTwo}</arg>
<doc>Logs the given message with the given level.</doc>
<status status="PASS" start="2024-06-20T15:16:54.660373" elapsed="0.000158"/>
</kw>
<var name="${keyTwo}">password</var>
<status status="PASS" start="2024-06-20T15:16:54.659124" elapsed="0.001716"/>
</iter>
<var>${keyTwo}</var>
<value>@{expected_keysTwo}</value>
<status status="PASS" start="2024-06-20T15:16:54.657087" elapsed="0.003874"/>
</for>
<status status="PASS" start="2024-06-20T15:16:54.540494" elapsed="0.120611"/>
</kw>
<doc>Testa a estrutura da resposta da API.</doc>
<tag>testeEstruturaResposta</tag>
<status status="PASS" start="2024-06-20T15:16:54.539905" elapsed="0.121403"/>
</test>
<test id="s1-s1-t4" name="Validar tipos de dados" line="28">
<kw name="Teste de Tipos de Dados" owner="random-user-service">
<kw name="GET On Session" owner="RequestsLibrary">
<msg time="2024-06-20T15:16:54.741860" level="INFO">GET Request : url=https://randomuser.me/api 
 path_url=/api 
 headers={'User-Agent': 'python-requests/2.32.3', 'Accept-Encoding': 'gzip, deflate', 'Accept': '*/*', 'Connection': 'keep-alive'} 
 body=None 
 </msg>
<msg time="2024-06-20T15:16:54.741966" level="INFO">GET Response : url=https://randomuser.me/api 
 status=200, reason=OK 
 headers={'Date': 'Thu, 20 Jun 2024 15:16:54 GMT', 'Content-Type': 'application/json; charset=utf-8', 'Transfer-Encoding': 'chunked', 'Connection': 'keep-alive', 'X-Powered-By': 'Express', 'Access-Control-Allow-Origin': '*', 'Cache-Control': 'no-cache', 'ETag': 'W/"4a2-JCYHcE/tzcl+iXY3iPcPB/VOz60"', 'Vary': 'Accept-Encoding', 'Content-Encoding': 'gzip', 'CF-Cache-Status': 'DYNAMIC', 'Report-To': '{"endpoints":[{"url":"https:\\/\\/a.nel.cloudflare.com\\/report\\/v4?s=lIcSCi4BZuK2tC1PcRfUZvDpUTzAjMZQdE98INnAEaqP6rTVLa9bTV%2BAmWsIzBFOLfvVCxkSn1jYxDGW9KEAfnP6SbLu5yJbrOSQTj1mDMYP3gYTkW68%2BfNKyGVZ0%2BBF"}],"group":"cf-nel","max_age":604800}', 'NEL': '{"success_fraction":0,"report_to":"cf-nel","max_age":604800}', 'Server': 'cloudflare', 'CF-RAY': '896cb901bf31e258-ORD', 'alt-svc': 'h3=":443"; ma=86400'} 
 body={"results":[{"gender":"male","name":{"title":"Mr","first":"Claus-Dieter","last":"Lauer"},"location":{"street":{"number":6537,"name":"Amselweg"},"city":"Erlangen-Höchstadt","state":"Mecklenburg-Vorpommern","country":"Germany","postcode":88079,"coordinates":{"latitude":"-53.3914","longitude":"-7.5165"},"timezone":{"offset":"+7:00","description":"Bangkok, Hanoi, Jakarta"}},"email":"claus-dieter.lauer@example.com","login":{"uuid":"28da037d-a56a-4573-8594-fb348bace82a","username":"purplefish995","password":"films","salt":"NtAOtDma","md5":"6c02f486ed4561d3378b0732765f4b21","sha1":"df9e0b542de37b148012fc600771cf0962e91fbe","sha256":"05b445042a114d23baad31b66bad8537e950de7259f5d838c113b02d041d0ec6"},"dob":{"date":"1986-05-09T03:06:25.114Z","age":38},"registered":{"date":"2006-08-27T18:16:46.838Z","age":17},"phone":"0576-7951603","cell":"0179-6801248","id":{"name":"SVNR","value":"80 080586 L 149"},"picture":{"large":"https://randomuser.me/api/portraits/men/27.jpg","medium":"https://randomuser.me/api/portraits/med/men/27.jpg","thumbnail":"https://randomuser.me/api/portraits/thumb/men/27.jpg"},"nat":"DE"}],"info":{"seed":"88ae98870b034db0","results":1,"page":1,"version":"1.4"}} 
 </msg>
<msg time="2024-06-20T15:16:54.742048" level="INFO">/opt/hostedtoolcache/Python/3.12.4/x64/lib/python3.12/site-packages/urllib3/connectionpool.py:1099: InsecureRequestWarning: Unverified HTTPS request is being made to host 'randomuser.me'. Adding certificate verification is strongly advised. See: https://urllib3.readthedocs.io/en/latest/advanced-usage.html#tls-warnings
  warnings.warn(</msg>
<msg time="2024-06-20T15:16:54.742194" level="INFO">${response} = &lt;Response [200]&gt;</msg>
<var>${response}</var>
<arg>consultarAPI</arg>
<arg>/api</arg>
<doc>Sends a GET request on a previously created HTTP Session.</doc>
<status status="PASS" start="2024-06-20T15:16:54.663770" elapsed="0.078473"/>
</kw>
<kw name="Set Variable" owner="BuiltIn">
<msg time="2024-06-20T15:16:54.743520" level="INFO">${json_data} = {'results': [{'gender': 'male', 'name': {'title': 'Mr', 'first': 'Claus-Dieter', 'last': 'Lauer'}, 'location': {'street': {'number': 6537, 'name': 'Amselweg'}, 'city': 'Erlangen-Höchstadt', 'state': '...</msg>
<var>${json_data}</var>
<arg>${response.json()}</arg>
<doc>Returns the given values which can then be assigned to a variables.</doc>
<status status="PASS" start="2024-06-20T15:16:54.742901" elapsed="0.000652"/>
</kw>
<kw name="Log" owner="BuiltIn">
<msg time="2024-06-20T15:16:54.744061" level="INFO">{'results': [{'gender': 'male', 'name': {'title': 'Mr', 'first': 'Claus-Dieter', 'last': 'Lauer'}, 'location': {'street': {'number': 6537, 'name': 'Amselweg'}, 'city': 'Erlangen-Höchstadt', 'state': 'Mecklenburg-Vorpommern', 'country': 'Germany', 'postcode': 88079, 'coordinates': {'latitude': '-53.3914', 'longitude': '-7.5165'}, 'timezone': {'offset': '+7:00', 'description': 'Bangkok, Hanoi, Jakarta'}}, 'email': 'claus-dieter.lauer@example.com', 'login': {'uuid': '28da037d-a56a-4573-8594-fb348bace82a', 'username': 'purplefish995', 'password': 'films', 'salt': 'NtAOtDma', 'md5': '6c02f486ed4561d3378b0732765f4b21', 'sha1': 'df9e0b542de37b148012fc600771cf0962e91fbe', 'sha256': '05b445042a114d23baad31b66bad8537e950de7259f5d838c113b02d041d0ec6'}, 'dob': {'date': '1986-05-09T03:06:25.114Z', 'age': 38}, 'registered': {'date': '2006-08-27T18:16:46.838Z', 'age': 17}, 'phone': '0576-7951603', 'cell': '0179-6801248', 'id': {'name': 'SVNR', 'value': '80 080586 L 149'}, 'picture': {'large': 'https://randomuser.me/api/portraits/men/27.jpg', 'medium': 'https://randomuser.me/api/portraits/med/men/27.jpg', 'thumbnail': 'https://randomuser.me/api/portraits/thumb/men/27.jpg'}, 'nat': 'DE'}], 'info': {'seed': '88ae98870b034db0', 'results': 1, 'page': 1, 'version': '1.4'}}</msg>
<arg>${json_data}</arg>
<doc>Logs the given message with the given level.</doc>
<status status="PASS" start="2024-06-20T15:16:54.743902" elapsed="0.000209"/>
</kw>
<kw name="Should Be String" owner="String">
<arg>${json_data['results'][0]['gender']}</arg>
<doc>Fails if the given ``item`` is not a string.</doc>
<status status="PASS" start="2024-06-20T15:16:54.744401" elapsed="0.000367"/>
</kw>
<kw name="Should Match Regexp" owner="BuiltIn">
<arg>${json_data['results'][0]['email']}</arg>
<arg>^[a-zA-Z0-9._%+-]+@[a-zA-Z0-9.-]+\.[a-zA-Z]{2,}$</arg>
<doc>Fails if ``string`` does not match ``pattern`` as a regular expression.</doc>
<status status="PASS" start="2024-06-20T15:16:54.744953" elapsed="0.000581"/>
</kw>
<kw name="Should Match Regexp" owner="BuiltIn">
<arg>${json_data['results'][0]['dob']['date']}</arg>
<arg>\\d{4}-\\d{2}-\\d{2}T\\d{2}:\\d{2}:\\d{2}\\.\\d{3}Z</arg>
<doc>Fails if ``string`` does not match ``pattern`` as a regular expression.</doc>
<status status="PASS" start="2024-06-20T15:16:54.745769" elapsed="0.000496"/>
</kw>
<kw name="Should Match Regexp" owner="BuiltIn">
<arg>${json_data['results'][0]['registered']['date']}</arg>
<arg>\\d{4}-\\d{2}-\\d{2}T\\d{2}:\\d{2}:\\d{2}\\.\\d{3}Z</arg>
<doc>Fails if ``string`` does not match ``pattern`` as a regular expression.</doc>
<status status="PASS" start="2024-06-20T15:16:54.746457" elapsed="0.000378"/>
</kw>
<kw name="Should Match Regexp" owner="BuiltIn">
<arg>${json_data['results'][0]['picture']['large']}</arg>
<arg>^https?://.*\.(?:png|jpe?g|gif|bmp)$</arg>
<doc>Fails if ``string`` does not match ``pattern`` as a regular expression.</doc>
<status status="PASS" start="2024-06-20T15:16:54.747024" elapsed="0.000464"/>
</kw>
<kw name="Should Match Regexp" owner="BuiltIn">
<arg>${json_data['results'][0]['picture']['medium']}</arg>
<arg>^https?://.*\.(?:png|jpe?g|gif|bmp)$</arg>
<doc>Fails if ``string`` does not match ``pattern`` as a regular expression.</doc>
<status status="PASS" start="2024-06-20T15:16:54.747676" elapsed="0.000373"/>
</kw>
<kw name="Should Match Regexp" owner="BuiltIn">
<arg>${json_data['results'][0]['picture']['thumbnail']}</arg>
<arg>^https?://.*\.(?:png|jpe?g|gif|bmp)$</arg>
<doc>Fails if ``string`` does not match ``pattern`` as a regular expression.</doc>
<status status="PASS" start="2024-06-20T15:16:54.748234" elapsed="0.000349"/>
</kw>
<kw name="Log" owner="BuiltIn">
<msg time="2024-06-20T15:16:54.749084" level="INFO">{'large': 'https://randomuser.me/api/portraits/men/27.jpg', 'medium': 'https://randomuser.me/api/portraits/med/men/27.jpg', 'thumbnail': 'https://randomuser.me/api/portraits/thumb/men/27.jpg'}</msg>
<arg>${json_data['results'][0]['picture']}</arg>
<doc>Logs the given message with the given level.</doc>
<status status="PASS" start="2024-06-20T15:16:54.748763" elapsed="0.000390"/>
</kw>
<status status="PASS" start="2024-06-20T15:16:54.663545" elapsed="0.085871"/>
</kw>
<kw name="Teste de Tipos de Dados - Postcode" owner="random-user-service">
<kw name="GET On Session" owner="RequestsLibrary">
<msg time="2024-06-20T15:16:54.837819" level="INFO">GET Request : url=https://randomuser.me/api 
 path_url=/api 
 headers={'User-Agent': 'python-requests/2.32.3', 'Accept-Encoding': 'gzip, deflate', 'Accept': '*/*', 'Connection': 'keep-alive'} 
 body=None 
 </msg>
<msg time="2024-06-20T15:16:54.837921" level="INFO">GET Response : url=https://randomuser.me/api 
 status=200, reason=OK 
 headers={'Date': 'Thu, 20 Jun 2024 15:16:54 GMT', 'Content-Type': 'application/json; charset=utf-8', 'Transfer-Encoding': 'chunked', 'Connection': 'keep-alive', 'X-Powered-By': 'Express', 'Access-Control-Allow-Origin': '*', 'Cache-Control': 'no-cache', 'ETag': 'W/"476-m21yTKfC3sy6fpkQSfbYSuJmEkM"', 'Vary': 'Accept-Encoding', 'Content-Encoding': 'gzip', 'CF-Cache-Status': 'DYNAMIC', 'Report-To': '{"endpoints":[{"url":"https:\\/\\/a.nel.cloudflare.com\\/report\\/v4?s=kqynt83gb8yEjIUosBS8zsj4QiQij1vSpd9010%2FjF0A5IQs9KzbYKGwygwp8IQDuHZRXsAu6jccPNz4Wjw9MXLpgsr1HyOMaLMNTw0PX8ZOjBgZ1aAvAkNuN08ozQTA7"}],"group":"cf-nel","max_age":604800}', 'NEL': '{"success_fraction":0,"report_to":"cf-nel","max_age":604800}', 'Server': 'cloudflare', 'CF-RAY': '896cb9023fade258-ORD', 'alt-svc': 'h3=":443"; ma=86400'} 
 body={"results":[{"gender":"female","name":{"title":"Miss","first":"Andrea","last":"Madsen"},"location":{"street":{"number":4043,"name":"Egevangen"},"city":"Roskilde","state":"Sjælland","country":"Denmark","postcode":18710,"coordinates":{"latitude":"-46.4222","longitude":"69.5518"},"timezone":{"offset":"+9:30","description":"Adelaide, Darwin"}},"email":"andrea.madsen@example.com","login":{"uuid":"170e62ad-14b8-4c2a-bb02-44883122087c","username":"blackfish375","password":"99999","salt":"tTGViNBR","md5":"5c6b125fecba397f4d1f49d77b6ac12b","sha1":"6b1b1119d022eef88e2f9f22f8d58436a8aa15fe","sha256":"a3bbd4756474403d5aa1ee0a2d57f4278b1dc45c4aad55940c362d0a3db2e487"},"dob":{"date":"1976-01-06T15:06:57.142Z","age":48},"registered":{"date":"2012-07-23T23:39:19.419Z","age":11},"phone":"01105487","cell":"07068194","id":{"name":"CPR","value":"060176-4610"},"picture":{"large":"https://randomuser.me/api/portraits/women/21.jpg","medium":"https://randomuser.me/api/portraits/med/women/21.jpg","thumbnail":"https://randomuser.me/api/portraits/thumb/women/21.jpg"},"nat":"DK"}],"info":{"seed":"961b8d7837dc8d8c","results":1,"page":1,"version":"1.4"}} 
 </msg>
<msg time="2024-06-20T15:16:54.837998" level="INFO">/opt/hostedtoolcache/Python/3.12.4/x64/lib/python3.12/site-packages/urllib3/connectionpool.py:1099: InsecureRequestWarning: Unverified HTTPS request is being made to host 'randomuser.me'. Adding certificate verification is strongly advised. See: https://urllib3.readthedocs.io/en/latest/advanced-usage.html#tls-warnings
  warnings.warn(</msg>
<msg time="2024-06-20T15:16:54.838131" level="INFO">${response} = &lt;Response [200]&gt;</msg>
<var>${response}</var>
<arg>consultarAPI</arg>
<arg>/api</arg>
<doc>Sends a GET request on a previously created HTTP Session.</doc>
<status status="PASS" start="2024-06-20T15:16:54.749875" elapsed="0.088318"/>
</kw>
<kw name="Set Variable" owner="BuiltIn">
<msg time="2024-06-20T15:16:54.839466" level="INFO">${json_data} = {'results': [{'gender': 'female', 'name': {'title': 'Miss', 'first': 'Andrea', 'last': 'Madsen'}, 'location': {'street': {'number': 4043, 'name': 'Egevangen'}, 'city': 'Roskilde', 'state': 'Sjælland',...</msg>
<var>${json_data}</var>
<arg>${response.json()}</arg>
<doc>Returns the given values which can then be assigned to a variables.</doc>
<status status="PASS" start="2024-06-20T15:16:54.838857" elapsed="0.000640"/>
</kw>
<kw name="Log" owner="BuiltIn">
<msg time="2024-06-20T15:16:54.840025" level="INFO">{'results': [{'gender': 'female', 'name': {'title': 'Miss', 'first': 'Andrea', 'last': 'Madsen'}, 'location': {'street': {'number': 4043, 'name': 'Egevangen'}, 'city': 'Roskilde', 'state': 'Sjælland', 'country': 'Denmark', 'postcode': 18710, 'coordinates': {'latitude': '-46.4222', 'longitude': '69.5518'}, 'timezone': {'offset': '+9:30', 'description': 'Adelaide, Darwin'}}, 'email': 'andrea.madsen@example.com', 'login': {'uuid': '170e62ad-14b8-4c2a-bb02-44883122087c', 'username': 'blackfish375', 'password': '99999', 'salt': 'tTGViNBR', 'md5': '5c6b125fecba397f4d1f49d77b6ac12b', 'sha1': '6b1b1119d022eef88e2f9f22f8d58436a8aa15fe', 'sha256': 'a3bbd4756474403d5aa1ee0a2d57f4278b1dc45c4aad55940c362d0a3db2e487'}, 'dob': {'date': '1976-01-06T15:06:57.142Z', 'age': 48}, 'registered': {'date': '2012-07-23T23:39:19.419Z', 'age': 11}, 'phone': '01105487', 'cell': '07068194', 'id': {'name': 'CPR', 'value': '060176-4610'}, 'picture': {'large': 'https://randomuser.me/api/portraits/women/21.jpg', 'medium': 'https://randomuser.me/api/portraits/med/women/21.jpg', 'thumbnail': 'https://randomuser.me/api/portraits/thumb/women/21.jpg'}, 'nat': 'DK'}], 'info': {'seed': '961b8d7837dc8d8c', 'results': 1, 'page': 1, 'version': '1.4'}}</msg>
<arg>${json_data}</arg>
<doc>Logs the given message with the given level.</doc>
<status status="PASS" start="2024-06-20T15:16:54.839853" elapsed="0.000223"/>
</kw>
<kw name="Should Be Equal As Numbers" owner="BuiltIn">
<arg>${json_data['results'][0]['location']['postcode']}</arg>
<arg>${json_data['results'][0]['location']['postcode']}</arg>
<doc>Fails if objects are unequal after converting them to real numbers.</doc>
<status status="PASS" start="2024-06-20T15:16:54.840394" elapsed="0.000652"/>
</kw>
<kw name="Log" owner="BuiltIn">
<msg time="2024-06-20T15:16:54.841818" level="INFO">18710</msg>
<arg>${json_data['results'][0]['location']['postcode']}</arg>
<doc>Logs the given message with the given level.</doc>
<status status="PASS" start="2024-06-20T15:16:54.841285" elapsed="0.000576"/>
</kw>
<status status="PASS" start="2024-06-20T15:16:54.749649" elapsed="0.092537"/>
</kw>
<doc>Testa se os tipos de dados na resposta da API estão corretos.</doc>
<tag>testeTiposDados</tag>
<status status="PASS" start="2024-06-20T15:16:54.663093" elapsed="0.179267"/>
</test>
<test id="s1-s1-t5" name="Validar conteudo" line="35">
<kw name="Teste de Tipos de Conteudo" owner="random-user-service">
<kw name="GET On Session" owner="RequestsLibrary">
<msg time="2024-06-20T15:16:54.942422" level="INFO">GET Request : url=https://randomuser.me/api 
 path_url=/api 
 headers={'User-Agent': 'python-requests/2.32.3', 'Accept-Encoding': 'gzip, deflate', 'Accept': '*/*', 'Connection': 'keep-alive'} 
 body=None 
 </msg>
<msg time="2024-06-20T15:16:54.942510" level="INFO">GET Response : url=https://randomuser.me/api 
 status=200, reason=OK 
 headers={'Date': 'Thu, 20 Jun 2024 15:16:54 GMT', 'Content-Type': 'application/json; charset=utf-8', 'Transfer-Encoding': 'chunked', 'Connection': 'keep-alive', 'X-Powered-By': 'Express', 'Access-Control-Allow-Origin': '*', 'Cache-Control': 'no-cache', 'ETag': 'W/"468-Ut6OgGw5gRqDyuAC9jHA451M5fY"', 'Vary': 'Accept-Encoding', 'Content-Encoding': 'gzip', 'CF-Cache-Status': 'DYNAMIC', 'Report-To': '{"endpoints":[{"url":"https:\\/\\/a.nel.cloudflare.com\\/report\\/v4?s=zqiYW4dYAeSTEACfMR8f2VRH%2FkibQy%2BBYwt7nlRwzX3tocmO3UzJAuUrclczKrpt2MbJN3q7VPl4cwnqnIDONqiJTsSWfjWT4awIqUxYBdD8pcgkMoSL%2BSLBJeiPKDtu"}],"group":"cf-nel","max_age":604800}', 'NEL': '{"success_fraction":0,"report_to":"cf-nel","max_age":604800}', 'Server': 'cloudflare', 'CF-RAY': '896cb902d83de258-ORD', 'alt-svc': 'h3=":443"; ma=86400'} 
 body={"results":[{"gender":"female","name":{"title":"Mrs","first":"Buse","last":"Akay"},"location":{"street":{"number":6484,"name":"Tunalı Hilmi Cd"},"city":"Bilecik","state":"Karaman","country":"Turkey","postcode":36867,"coordinates":{"latitude":"64.2909","longitude":"63.5309"},"timezone":{"offset":"+3:30","description":"Tehran"}},"email":"buse.akay@example.com","login":{"uuid":"2079aa2d-4fff-410f-b5c2-bf367793fbac","username":"bluepeacock965","password":"sandra","salt":"907hb78v","md5":"72447185ab99e2746b43bb96c95efc36","sha1":"07138dc9dfe8aa9b218e06e25e5dca089b106ec3","sha256":"78ab26d9504e5522ca905d20a4f05c7044a78470a73dd86144248126a7446c6d"},"dob":{"date":"1957-05-17T16:53:37.846Z","age":67},"registered":{"date":"2010-03-30T13:58:11.993Z","age":14},"phone":"(451)-976-7689","cell":"(929)-662-8584","id":{"name":"","value":null},"picture":{"large":"https://randomuser.me/api/portraits/women/45.jpg","medium":"https://randomuser.me/api/portraits/med/women/45.jpg","thumbnail":"https://randomuser.me/api/portraits/thumb/women/45.jpg"},"nat":"TR"}],"info":{"seed":"db5e89538d27f9b1","results":1,"page":1,"version":"1.4"}} 
 </msg>
<msg time="2024-06-20T15:16:54.942589" level="INFO">/opt/hostedtoolcache/Python/3.12.4/x64/lib/python3.12/site-packages/urllib3/connectionpool.py:1099: InsecureRequestWarning: Unverified HTTPS request is being made to host 'randomuser.me'. Adding certificate verification is strongly advised. See: https://urllib3.readthedocs.io/en/latest/advanced-usage.html#tls-warnings
  warnings.warn(</msg>
<msg time="2024-06-20T15:16:54.942714" level="INFO">${response} = &lt;Response [200]&gt;</msg>
<var>${response}</var>
<arg>consultarAPI</arg>
<arg>/api</arg>
<doc>Sends a GET request on a previously created HTTP Session.</doc>
<status status="PASS" start="2024-06-20T15:16:54.844833" elapsed="0.097933"/>
</kw>
<kw name="Set Variable" owner="BuiltIn">
<msg time="2024-06-20T15:16:54.943897" level="INFO">${json_data} = {'results': [{'gender': 'female', 'name': {'title': 'Mrs', 'first': 'Buse', 'last': 'Akay'}, 'location': {'street': {'number': 6484, 'name': 'Tunalı Hilmi Cd'}, 'city': 'Bilecik', 'state': 'Karaman', ...</msg>
<var>${json_data}</var>
<arg>${response.json()}</arg>
<doc>Returns the given values which can then be assigned to a variables.</doc>
<status status="PASS" start="2024-06-20T15:16:54.943270" elapsed="0.000661"/>
</kw>
<kw name="Set Variable" owner="BuiltIn">
<msg time="2024-06-20T15:16:54.944653" level="INFO">${name_title} = Mrs</msg>
<var>${name_title}</var>
<arg>${json_data["results"][0]["name"]["title"]}</arg>
<doc>Returns the given values which can then be assigned to a variables.</doc>
<status status="PASS" start="2024-06-20T15:16:54.944263" elapsed="0.000417"/>
</kw>
<kw name="Create List" owner="BuiltIn">
<msg time="2024-06-20T15:16:54.945188" level="INFO">${allowed_titles} = ['Mr', 'Ms', 'Miss', 'Mrs', 'Madame', 'Monsieur']</msg>
<var>${allowed_titles}</var>
<arg>Mr</arg>
<arg>Ms</arg>
<arg>Miss</arg>
<arg>Mrs</arg>
<arg>Madame</arg>
<arg>Monsieur</arg>
<doc>Returns a list containing given items.</doc>
<status status="PASS" start="2024-06-20T15:16:54.944994" elapsed="0.000224"/>
</kw>
<kw name="List Should Contain Value" owner="Collections">
<arg>${allowed_titles}</arg>
<arg>${name_title}</arg>
<doc>Fails if the ``value`` is not found from ``list``.</doc>
<status status="PASS" start="2024-06-20T15:16:54.945534" elapsed="0.000182"/>
</kw>
<kw name="Set Variable" owner="BuiltIn">
<msg time="2024-06-20T15:16:54.946280" level="INFO">${name_country} = TR</msg>
<var>${name_country}</var>
<arg>${json_data["results"][0]["nat"]}</arg>
<doc>Returns the given values which can then be assigned to a variables.</doc>
<status status="PASS" start="2024-06-20T15:16:54.945900" elapsed="0.000407"/>
</kw>
<kw name="Create List" owner="BuiltIn">
<msg time="2024-06-20T15:16:54.947201" level="INFO">${list_country} = ['AD', 'AE', 'AF', 'AG', 'AI', 'AL', 'AM', 'AO', 'AQ', 'AR', 'AS', 'AT', 'AU', 'AW', 'AX', 'AZ', 'BA', 'BB', 'BD', 'BE', 'BF', 'BG', 'BH', 'BI', 'BJ', 'BL', 'BM', 'BN', 'BO', 'BQ', 'BR', 'BS', 'BT', '...</msg>
<var>${list_country}</var>
<arg>AD</arg>
<arg>AE</arg>
<arg>AF</arg>
<arg>AG</arg>
<arg>AI</arg>
<arg>AL</arg>
<arg>AM</arg>
<arg>AO</arg>
<arg>AQ</arg>
<arg>AR</arg>
<arg>AS</arg>
<arg>AT</arg>
<arg>AU</arg>
<arg>AW</arg>
<arg>AX</arg>
<arg>AZ</arg>
<arg>BA</arg>
<arg>BB</arg>
<arg>BD</arg>
<arg>BE</arg>
<arg>BF</arg>
<arg>BG</arg>
<arg>BH</arg>
<arg>BI</arg>
<arg>BJ</arg>
<arg>BL</arg>
<arg>BM</arg>
<arg>BN</arg>
<arg>BO</arg>
<arg>BQ</arg>
<arg>BR</arg>
<arg>BS</arg>
<arg>BT</arg>
<arg>BV</arg>
<arg>BW</arg>
<arg>BY</arg>
<arg>BZ</arg>
<arg>CA</arg>
<arg>CC</arg>
<arg>CD</arg>
<arg>CF</arg>
<arg>CG</arg>
<arg>CH</arg>
<arg>CI</arg>
<arg>CK</arg>
<arg>CL</arg>
<arg>CM</arg>
<arg>CN</arg>
<arg>CO</arg>
<arg>CR</arg>
<arg>CU</arg>
<arg>CV</arg>
<arg>CW</arg>
<arg>CX</arg>
<arg>CY</arg>
<arg>CZ</arg>
<arg>DE</arg>
<arg>DJ</arg>
<arg>DK</arg>
<arg>DM</arg>
<arg>DO</arg>
<arg>DZ</arg>
<arg>EC</arg>
<arg>EE</arg>
<arg>EG</arg>
<arg>EH</arg>
<arg>ER</arg>
<arg>ES</arg>
<arg>ET</arg>
<arg>FI</arg>
<arg>FJ</arg>
<arg>FK</arg>
<arg>FM</arg>
<arg>FO</arg>
<arg>FR</arg>
<arg>GA</arg>
<arg>GB</arg>
<arg>GD</arg>
<arg>GE</arg>
<arg>GF</arg>
<arg>GG</arg>
<arg>GH</arg>
<arg>GI</arg>
<arg>GL</arg>
<arg>GM</arg>
<arg>GN</arg>
<arg>GP</arg>
<arg>GQ</arg>
<arg>GR</arg>
<arg>GS</arg>
<arg>GT</arg>
<arg>GU</arg>
<arg>GW</arg>
<arg>GY</arg>
<arg>HK</arg>
<arg>HM</arg>
<arg>HN</arg>
<arg>HR</arg>
<arg>HT</arg>
<arg>HU</arg>
<arg>ID</arg>
<arg>IE</arg>
<arg>IL</arg>
<arg>IM</arg>
<arg>IN</arg>
<arg>IO</arg>
<arg>IQ</arg>
<arg>IR</arg>
<arg>IS</arg>
<arg>IT</arg>
<arg>JE</arg>
<arg>JM</arg>
<arg>JO</arg>
<arg>JP</arg>
<arg>KE</arg>
<arg>KG</arg>
<arg>KH</arg>
<arg>KI</arg>
<arg>KM</arg>
<arg>KN</arg>
<arg>KP</arg>
<arg>KR</arg>
<arg>KW</arg>
<arg>KY</arg>
<arg>KZ</arg>
<arg>LA</arg>
<arg>LB</arg>
<arg>LC</arg>
<arg>LI</arg>
<arg>LK</arg>
<arg>LR</arg>
<arg>LS</arg>
<arg>LT</arg>
<arg>LU</arg>
<arg>LV</arg>
<arg>LY</arg>
<arg>MA</arg>
<arg>MC</arg>
<arg>MD</arg>
<arg>ME</arg>
<arg>MF</arg>
<arg>MG</arg>
<arg>MH</arg>
<arg>MK</arg>
<arg>ML</arg>
<arg>MM</arg>
<arg>MN</arg>
<arg>MO</arg>
<arg>MP</arg>
<arg>MQ</arg>
<arg>MR</arg>
<arg>MS</arg>
<arg>MT</arg>
<arg>MU</arg>
<arg>MV</arg>
<arg>MW</arg>
<arg>MX</arg>
<arg>MY</arg>
<arg>MZ</arg>
<arg>NA</arg>
<arg>NC</arg>
<arg>NE</arg>
<arg>NF</arg>
<arg>NG</arg>
<arg>NI</arg>
<arg>NL</arg>
<arg>NO</arg>
<arg>NP</arg>
<arg>NR</arg>
<arg>NU</arg>
<arg>NZ</arg>
<arg>OM</arg>
<arg>PA</arg>
<arg>PE</arg>
<arg>PF</arg>
<arg>PG</arg>
<arg>PH</arg>
<arg>PK</arg>
<arg>PL</arg>
<arg>PM</arg>
<arg>PN</arg>
<arg>PR</arg>
<arg>PS</arg>
<arg>PT</arg>
<arg>PW</arg>
<arg>PY</arg>
<arg>QA</arg>
<arg>RE</arg>
<arg>RO</arg>
<arg>RS</arg>
<arg>RU</arg>
<arg>RW</arg>
<arg>SA</arg>
<arg>SB</arg>
<arg>SC</arg>
<arg>SD</arg>
<arg>SE</arg>
<arg>SG</arg>
<arg>SH</arg>
<arg>SI</arg>
<arg>SJ</arg>
<arg>SK</arg>
<arg>SL</arg>
<arg>SM</arg>
<arg>SN</arg>
<arg>SO</arg>
<arg>SR</arg>
<arg>SS</arg>
<arg>ST</arg>
<arg>SV</arg>
<arg>SX</arg>
<arg>SY</arg>
<arg>SZ</arg>
<arg>TC</arg>
<arg>TD</arg>
<arg>TF</arg>
<arg>TG</arg>
<arg>TH</arg>
<arg>TJ</arg>
<arg>TK</arg>
<arg>TL</arg>
<arg>TM</arg>
<arg>TN</arg>
<arg>TO</arg>
<arg>TR</arg>
<arg>TT</arg>
<arg>TV</arg>
<arg>TW</arg>
<arg>TZ</arg>
<arg>UA</arg>
<arg>UG</arg>
<arg>UM</arg>
<arg>US</arg>
<arg>UY</arg>
<arg>UZ</arg>
<arg>VA</arg>
<arg>VC</arg>
<arg>VE</arg>
<arg>VG</arg>
<arg>VI</arg>
<arg>VN</arg>
<arg>VU</arg>
<arg>WF</arg>
<arg>WS</arg>
<arg>XK</arg>
<arg>YE</arg>
<arg>YT</arg>
<arg>ZA</arg>
<arg>ZM</arg>
<arg>ZW</arg>
<doc>Returns a list containing given items.</doc>
<status status="PASS" start="2024-06-20T15:16:54.946599" elapsed="0.000629"/>
</kw>
<kw name="List Should Contain Value" owner="Collections">
<arg>${list_country}</arg>
<arg>${name_country}</arg>
<doc>Fails if the ``value`` is not found from ``list``.</doc>
<status status="PASS" start="2024-06-20T15:16:54.948025" elapsed="0.000207"/>
</kw>
<kw name="Run Keyword If" owner="BuiltIn">
<kw name="Should Be True" owner="BuiltIn">
<arg>${True}</arg>
<doc>Fails if the given condition is not true.</doc>
<status status="PASS" start="2024-06-20T15:16:54.949247" elapsed="0.000152"/>
</kw>
<arg>${json_data["results"][0]["location"]["coordinates"]["latitude"]} &gt;= -90 and ${json_data["results"][0]["location"]["coordinates"]["latitude"]} &lt;= 90</arg>
<arg>Should Be True</arg>
<arg>${True}</arg>
<doc>Runs the given keyword with the given arguments, if ``condition`` is true.</doc>
<status status="PASS" start="2024-06-20T15:16:54.948454" elapsed="0.001070"/>
</kw>
<kw name="Run Keyword If" owner="BuiltIn">
<kw name="Should Be True" owner="BuiltIn">
<arg>${True}</arg>
<doc>Fails if the given condition is not true.</doc>
<status status="PASS" start="2024-06-20T15:16:54.950404" elapsed="0.000246"/>
</kw>
<arg>${json_data["results"][0]["location"]["coordinates"]["longitude"]} &gt;= -180 and ${json_data["results"][0]["location"]["coordinates"]["longitude"]} &lt;= 180</arg>
<arg>Should Be True</arg>
<arg>${True}</arg>
<doc>Runs the given keyword with the given arguments, if ``condition`` is true.</doc>
<status status="PASS" start="2024-06-20T15:16:54.949712" elapsed="0.001077"/>
</kw>
<status status="PASS" start="2024-06-20T15:16:54.844603" elapsed="0.106318"/>
</kw>
<doc>Testa o conteúdo específico dos campos retornados pela API.</doc>
<tag>testeConteudo</tag>
<status status="PASS" start="2024-06-20T15:16:54.844141" elapsed="0.106927"/>
</test>
<status status="PASS" start="2024-06-20T15:16:54.067492" elapsed="0.885516"/>
</suite>
<status status="PASS" start="2024-06-20T15:16:54.052315" elapsed="0.905938"/>
</suite>
<statistics>
<total>
<stat pass="5" fail="0" skip="0">All Tests</stat>
</total>
<tag>
<stat pass="1" fail="0" skip="0">testeConteudo</stat>
<stat pass="1" fail="0" skip="0">testeEstruturaResposta</stat>
<stat pass="1" fail="0" skip="0">testeRequisicaoBasica</stat>
<stat pass="1" fail="0" skip="0">testeTiposDados</stat>
</tag>
<suite>
<stat pass="5" fail="0" skip="0" id="s1" name="Tests">Tests</stat>
<stat pass="5" fail="0" skip="0" id="s1-s1" name="Random-User-Test">Tests.Random-User-Test</stat>
</suite>
</statistics>
<errors>
</errors>
</robot>
