<?xml version="1.0" encoding="UTF-8"?>
<robot generator="Robot 7.0 (Python 3.12.2 on linux)" generated="2024-04-02T10:15:38.898482" rpa="false" schemaversion="5">
<suite id="s1" name="Tests" source="/home/runner/work/DesafioQAItauRogerioJordao/DesafioQAItauRogerioJordao/RamdonUser/tests">
<suite id="s1-s1" name="Random-User-Test" source="/home/runner/work/DesafioQAItauRogerioJordao/DesafioQAItauRogerioJordao/RamdonUser/tests/random-user-test.robot">
<test id="s1-s1-t1" name="Conectar" line="13">
<kw name="Conectar API" owner="random-user-service">
<kw name="Create Session" owner="RequestsLibrary">
<msg time="2024-04-02T10:15:39.272761" level="INFO">Creating Session using : alias=consultarAPI, url=https://randomuser.me/, headers={},                     cookies={}, auth=None, timeout=None, proxies=None, verify=False,                     debug=0 </msg>
<arg>consultarAPI</arg>
<arg>${URL}</arg>
<doc>Create Session: create a HTTP session to a server</doc>
<status status="PASS" start="2024-04-02T10:15:39.272526" elapsed="0.000438"/>
</kw>
<status status="PASS" start="2024-04-02T10:15:39.271530" elapsed="0.001838"/>
</kw>
<status status="PASS" start="2024-04-02T10:15:39.270926" elapsed="0.002668"/>
</test>
<test id="s1-s1-t2" name="Validar retorno 200 e JSON Válido" line="16">
<kw name="Teste de Requisicao Basica" owner="random-user-service">
<kw name="GET On Session" owner="RequestsLibrary">
<msg time="2024-04-02T10:15:39.394036" level="INFO">GET Request : url=https://randomuser.me/api 
 path_url=/api 
 headers={'User-Agent': 'python-requests/2.31.0', 'Accept-Encoding': 'gzip, deflate', 'Accept': '*/*', 'Connection': 'keep-alive'} 
 body=None 
 </msg>
<msg time="2024-04-02T10:15:39.394199" level="INFO">GET Response : url=https://randomuser.me/api 
 status=200, reason=OK 
 headers={'Date': 'Tue, 02 Apr 2024 10:15:39 GMT', 'Content-Type': 'application/json; charset=utf-8', 'Transfer-Encoding': 'chunked', 'Connection': 'keep-alive', 'X-Powered-By': 'Express', 'Access-Control-Allow-Origin': '*', 'Cache-Control': 'no-cache', 'ETag': 'W/"486-QEhrfCIoV6tmXz7hNbQtmoLF/ic"', 'Vary': 'Accept-Encoding', 'Content-Encoding': 'gzip', 'CF-Cache-Status': 'DYNAMIC', 'Report-To': '{"endpoints":[{"url":"https:\\/\\/a.nel.cloudflare.com\\/report\\/v4?s=V%2FlNU%2FntI0AdZmT5D5FX7t3maOKINCl6aCobMYfFtNVsEXkUeAjiWqSk7ia09zfBoZWC2q0p07NInyIwDp0QOvogQc70YqHWbLcb1SHKksg%2B3mQ6M1uRtFo16EltWsU3"}],"group":"cf-nel","max_age":604800}', 'NEL': '{"success_fraction":0,"report_to":"cf-nel","max_age":604800}', 'Server': 'cloudflare', 'CF-RAY': '86e00f16ab691584-SJC', 'alt-svc': 'h3=":443"; ma=86400'} 
 body={"results":[{"gender":"male","name":{"title":"Mr","first":"Quinn","last":"Walker"},"location":{"street":{"number":3536,"name":"Kahikatea Drive"},"city":"Hamilton","state":"West Coast","country":"New Zealand","postcode":86504,"coordinates":{"latitude":"51.1787","longitude":"-90.6051"},"timezone":{"offset":"+2:00","description":"Kaliningrad, South Africa"}},"email":"quinn.walker@example.com","login":{"uuid":"dc8564fd-de36-4c2d-979b-1862129a28d8","username":"organicpanda174","password":"housewifes","salt":"26pzVkYw","md5":"75134b24fbb068cfa806888400e01455","sha1":"a47880f14caf4b743fbead175ac8c28c95bc7795","sha256":"5613ed6f936e350438df450a7ed0d58f70608ae83b643711c4e8a7fc0d4a7d9e"},"dob":{"date":"1975-10-27T20:55:08.700Z","age":48},"registered":{"date":"2009-10-21T06:35:26.195Z","age":14},"phone":"(116)-615-8522","cell":"(195)-619-7090","id":{"name":"","value":null},"picture":{"large":"https://randomuser.me/api/portraits/men/18.jpg","medium":"https://randomuser.me/api/portraits/med/men/18.jpg","thumbnail":"https://randomuser.me/api/portraits/thumb/men/18.jpg"},"nat":"NZ"}],"info":{"seed":"fda04f8b0d275fda","results":1,"page":1,"version":"1.4"}} 
 </msg>
<msg time="2024-04-02T10:15:39.394317" level="INFO">/opt/hostedtoolcache/Python/3.12.2/x64/lib/python3.12/site-packages/urllib3/connectionpool.py:1103: InsecureRequestWarning: Unverified HTTPS request is being made to host 'randomuser.me'. Adding certificate verification is strongly advised. See: https://urllib3.readthedocs.io/en/latest/advanced-usage.html#tls-warnings
  warnings.warn(</msg>
<msg time="2024-04-02T10:15:39.394471" level="INFO">${response} = &lt;Response [200]&gt;</msg>
<var>${response}</var>
<arg>consultarAPI</arg>
<arg>/api</arg>
<doc>Sends a GET request on a previously created HTTP Session.</doc>
<status status="PASS" start="2024-04-02T10:15:39.276260" elapsed="0.118247"/>
</kw>
<kw name="Should Be Equal As Numbers" owner="BuiltIn">
<msg time="2024-04-02T10:15:39.395696" level="INFO">Argument types are:
&lt;class 'int'&gt;
&lt;class 'str'&gt;</msg>
<arg>${response.status_code}</arg>
<arg>200</arg>
<doc>Fails if objects are unequal after converting them to real numbers.</doc>
<status status="PASS" start="2024-04-02T10:15:39.395204" elapsed="0.000565"/>
</kw>
<kw name="Log" owner="BuiltIn">
<msg time="2024-04-02T10:15:39.396534" level="INFO">200</msg>
<arg>${response.status_code}</arg>
<doc>Logs the given message with the given level.</doc>
<status status="PASS" start="2024-04-02T10:15:39.396144" elapsed="0.000435"/>
</kw>
<kw name="Set Variable" owner="BuiltIn">
<msg time="2024-04-02T10:15:39.397410" level="INFO">${json_data} = {'results': [{'gender': 'male', 'name': {'title': 'Mr', 'first': 'Quinn', 'last': 'Walker'}, 'location': {'street': {'number': 3536, 'name': 'Kahikatea Drive'}, 'city': 'Hamilton', 'state': 'West Coas...</msg>
<var>${json_data}</var>
<arg>${response.json()}</arg>
<doc>Returns the given values which can then be assigned to a variables.</doc>
<status status="PASS" start="2024-04-02T10:15:39.396942" elapsed="0.000496"/>
</kw>
<kw name="Dictionary Should Contain Key" owner="Collections">
<msg time="2024-04-02T10:15:39.397959" level="INFO">False</msg>
<arg>${json_data}</arg>
<arg>results</arg>
<doc>Fails if ``key`` is not found from ``dictionary``.</doc>
<status status="PASS" start="2024-04-02T10:15:39.397773" elapsed="0.000227"/>
</kw>
<status status="PASS" start="2024-04-02T10:15:39.275994" elapsed="0.122281"/>
</kw>
<doc>Testa se a API responde corretamente e retorna um objeto JSON válido.</doc>
<tag>testeRequisicaoBasica</tag>
<status status="PASS" start="2024-04-02T10:15:39.275522" elapsed="0.122948"/>
</test>
<test id="s1-s1-t3" name="Validar estrutura de resposta" line="22">
<kw name="Teste de Estrutura de Resposta" owner="random-user-service">
<kw name="GET On Session" owner="RequestsLibrary">
<msg time="2024-04-02T10:15:39.493212" level="INFO">GET Request : url=https://randomuser.me/api 
 path_url=/api 
 headers={'User-Agent': 'python-requests/2.31.0', 'Accept-Encoding': 'gzip, deflate', 'Accept': '*/*', 'Connection': 'keep-alive'} 
 body=None 
 </msg>
<msg time="2024-04-02T10:15:39.493317" level="INFO">GET Response : url=https://randomuser.me/api 
 status=200, reason=OK 
 headers={'Date': 'Tue, 02 Apr 2024 10:15:39 GMT', 'Content-Type': 'application/json; charset=utf-8', 'Transfer-Encoding': 'chunked', 'Connection': 'keep-alive', 'X-Powered-By': 'Express', 'Access-Control-Allow-Origin': '*', 'Cache-Control': 'no-cache', 'ETag': 'W/"488-5TnBJPB3vkdXTPeZgoFO471H+ok"', 'Vary': 'Accept-Encoding', 'Content-Encoding': 'gzip', 'CF-Cache-Status': 'DYNAMIC', 'Report-To': '{"endpoints":[{"url":"https:\\/\\/a.nel.cloudflare.com\\/report\\/v4?s=pbiWWlU0ahMVzuT4Uq%2BBdaezES7MRxrV7ZfTyG0j2uC0f%2B6%2FI2S%2FASa0Cve1EiOMrmpRB843PKXG5cDzHTBYzXl0inlStg66TflvZhRtnw1cDGQsNJWiS%2FBXM%2B44lPYZ"}],"group":"cf-nel","max_age":604800}', 'NEL': '{"success_fraction":0,"report_to":"cf-nel","max_age":604800}', 'Server': 'cloudflare', 'CF-RAY': '86e00f174bd51584-SJC', 'alt-svc': 'h3=":443"; ma=86400'} 
 body={"results":[{"gender":"female","name":{"title":"Ms","first":"Hannah","last":"Anderson"},"location":{"street":{"number":3406,"name":"Northgate"},"city":"Hamilton","state":"Gisborne","country":"New Zealand","postcode":29493,"coordinates":{"latitude":"49.0535","longitude":"57.7700"},"timezone":{"offset":"-3:00","description":"Brazil, Buenos Aires, Georgetown"}},"email":"hannah.anderson@example.com","login":{"uuid":"50d55943-3e3b-442d-b08b-c13304c5d7cc","username":"sadrabbit182","password":"madcat","salt":"5pQtk2oc","md5":"0f3af252c39353d709854e68145b75bb","sha1":"d0176b32a16bbd5270c2f99471662431e830ab5a","sha256":"e58f28f879390ac4cf4b3aa662e0951de219e2f701c691ff9053c4cb0bb46be7"},"dob":{"date":"1958-06-11T03:09:36.273Z","age":65},"registered":{"date":"2006-09-10T11:09:17.595Z","age":17},"phone":"(373)-847-7228","cell":"(789)-596-8678","id":{"name":"","value":null},"picture":{"large":"https://randomuser.me/api/portraits/women/4.jpg","medium":"https://randomuser.me/api/portraits/med/women/4.jpg","thumbnail":"https://randomuser.me/api/portraits/thumb/women/4.jpg"},"nat":"NZ"}],"info":{"seed":"1fbb074cf33f42d9","results":1,"page":1,"version":"1.4"}} 
 </msg>
<msg time="2024-04-02T10:15:39.493450" level="INFO">/opt/hostedtoolcache/Python/3.12.2/x64/lib/python3.12/site-packages/urllib3/connectionpool.py:1103: InsecureRequestWarning: Unverified HTTPS request is being made to host 'randomuser.me'. Adding certificate verification is strongly advised. See: https://urllib3.readthedocs.io/en/latest/advanced-usage.html#tls-warnings
  warnings.warn(</msg>
<msg time="2024-04-02T10:15:39.493584" level="INFO">${response} = &lt;Response [200]&gt;</msg>
<var>${response}</var>
<arg>consultarAPI</arg>
<arg>/api</arg>
<doc>Sends a GET request on a previously created HTTP Session.</doc>
<status status="PASS" start="2024-04-02T10:15:39.401278" elapsed="0.092351"/>
</kw>
<kw name="Set Variable" owner="BuiltIn">
<msg time="2024-04-02T10:15:39.494784" level="INFO">${json_data} = {'results': [{'gender': 'female', 'name': {'title': 'Ms', 'first': 'Hannah', 'last': 'Anderson'}, 'location': {'street': {'number': 3406, 'name': 'Northgate'}, 'city': 'Hamilton', 'state': 'Gisborne',...</msg>
<var>${json_data}</var>
<arg>${response.json()}</arg>
<doc>Returns the given values which can then be assigned to a variables.</doc>
<status status="PASS" start="2024-04-02T10:15:39.494174" elapsed="0.000640"/>
</kw>
<kw name="Log" owner="BuiltIn">
<msg time="2024-04-02T10:15:39.495360" level="INFO">{'results': [{'gender': 'female', 'name': {'title': 'Ms', 'first': 'Hannah', 'last': 'Anderson'}, 'location': {'street': {'number': 3406, 'name': 'Northgate'}, 'city': 'Hamilton', 'state': 'Gisborne', 'country': 'New Zealand', 'postcode': 29493, 'coordinates': {'latitude': '49.0535', 'longitude': '57.7700'}, 'timezone': {'offset': '-3:00', 'description': 'Brazil, Buenos Aires, Georgetown'}}, 'email': 'hannah.anderson@example.com', 'login': {'uuid': '50d55943-3e3b-442d-b08b-c13304c5d7cc', 'username': 'sadrabbit182', 'password': 'madcat', 'salt': '5pQtk2oc', 'md5': '0f3af252c39353d709854e68145b75bb', 'sha1': 'd0176b32a16bbd5270c2f99471662431e830ab5a', 'sha256': 'e58f28f879390ac4cf4b3aa662e0951de219e2f701c691ff9053c4cb0bb46be7'}, 'dob': {'date': '1958-06-11T03:09:36.273Z', 'age': 65}, 'registered': {'date': '2006-09-10T11:09:17.595Z', 'age': 17}, 'phone': '(373)-847-7228', 'cell': '(789)-596-8678', 'id': {'name': '', 'value': None}, 'picture': {'large': 'https://randomuser.me/api/portraits/women/4.jpg', 'medium': 'https://randomuser.me/api/portraits/med/women/4.jpg', 'thumbnail': 'https://randomuser.me/api/portraits/thumb/women/4.jpg'}, 'nat': 'NZ'}], 'info': {'seed': '1fbb074cf33f42d9', 'results': 1, 'page': 1, 'version': '1.4'}}</msg>
<arg>${json_data}</arg>
<doc>Logs the given message with the given level.</doc>
<status status="PASS" start="2024-04-02T10:15:39.495174" elapsed="0.000240"/>
</kw>
<kw name="Dictionary Should Contain Key" owner="Collections">
<msg time="2024-04-02T10:15:39.495913" level="INFO">False</msg>
<arg>${json_data}</arg>
<arg>results</arg>
<doc>Fails if ``key`` is not found from ``dictionary``.</doc>
<status status="PASS" start="2024-04-02T10:15:39.495739" elapsed="0.000215"/>
</kw>
<kw name="Should Not Be Empty" owner="BuiltIn">
<msg time="2024-04-02T10:15:39.496413" level="INFO">Length is 2.</msg>
<arg>${json_data}</arg>
<doc>Verifies that the given item is not empty.</doc>
<status status="PASS" start="2024-04-02T10:15:39.496273" elapsed="0.000357"/>
</kw>
<kw name="Create List" owner="BuiltIn">
<msg time="2024-04-02T10:15:39.497098" level="INFO">${expected_keys} = ['gender', 'name', 'location', 'email', 'login']</msg>
<var>${expected_keys}</var>
<arg>gender</arg>
<arg>name</arg>
<arg>location</arg>
<arg>email</arg>
<arg>login</arg>
<doc>Returns a list containing given items.</doc>
<status status="PASS" start="2024-04-02T10:15:39.496939" elapsed="0.000188"/>
</kw>
<for flavor="IN">
<iter>
<kw name="Dictionary Should Contain Key" owner="Collections">
<msg time="2024-04-02T10:15:39.498168" level="INFO">False</msg>
<arg>${json_data['results'][0]}</arg>
<arg>${key}</arg>
<doc>Fails if ``key`` is not found from ``dictionary``.</doc>
<status status="PASS" start="2024-04-02T10:15:39.497740" elapsed="0.000468"/>
</kw>
<kw name="Log" owner="BuiltIn">
<msg time="2024-04-02T10:15:39.498949" level="INFO">{'gender': 'female', 'name': {'title': 'Ms', 'first': 'Hannah', 'last': 'Anderson'}, 'location': {'street': {'number': 3406, 'name': 'Northgate'}, 'city': 'Hamilton', 'state': 'Gisborne', 'country': 'New Zealand', 'postcode': 29493, 'coordinates': {'latitude': '49.0535', 'longitude': '57.7700'}, 'timezone': {'offset': '-3:00', 'description': 'Brazil, Buenos Aires, Georgetown'}}, 'email': 'hannah.anderson@example.com', 'login': {'uuid': '50d55943-3e3b-442d-b08b-c13304c5d7cc', 'username': 'sadrabbit182', 'password': 'madcat', 'salt': '5pQtk2oc', 'md5': '0f3af252c39353d709854e68145b75bb', 'sha1': 'd0176b32a16bbd5270c2f99471662431e830ab5a', 'sha256': 'e58f28f879390ac4cf4b3aa662e0951de219e2f701c691ff9053c4cb0bb46be7'}, 'dob': {'date': '1958-06-11T03:09:36.273Z', 'age': 65}, 'registered': {'date': '2006-09-10T11:09:17.595Z', 'age': 17}, 'phone': '(373)-847-7228', 'cell': '(789)-596-8678', 'id': {'name': '', 'value': None}, 'picture': {'large': 'https://randomuser.me/api/portraits/women/4.jpg', 'medium': 'https://randomuser.me/api/portraits/med/women/4.jpg', 'thumbnail': 'https://randomuser.me/api/portraits/thumb/women/4.jpg'}, 'nat': 'NZ'}</msg>
<arg>${json_data['results'][0]}</arg>
<doc>Logs the given message with the given level.</doc>
<status status="PASS" start="2024-04-02T10:15:39.498559" elapsed="0.000446"/>
</kw>
<kw name="Log" owner="BuiltIn">
<msg time="2024-04-02T10:15:39.499450" level="INFO">gender</msg>
<arg>${key}</arg>
<doc>Logs the given message with the given level.</doc>
<status status="PASS" start="2024-04-02T10:15:39.499310" elapsed="0.000179"/>
</kw>
<var name="${key}">gender</var>
<status status="PASS" start="2024-04-02T10:15:39.497610" elapsed="0.002103"/>
</iter>
<iter>
<kw name="Dictionary Should Contain Key" owner="Collections">
<msg time="2024-04-02T10:15:39.500432" level="INFO">False</msg>
<arg>${json_data['results'][0]}</arg>
<arg>${key}</arg>
<doc>Fails if ``key`` is not found from ``dictionary``.</doc>
<status status="PASS" start="2024-04-02T10:15:39.500031" elapsed="0.000440"/>
</kw>
<kw name="Log" owner="BuiltIn">
<msg time="2024-04-02T10:15:39.501194" level="INFO">{'gender': 'female', 'name': {'title': 'Ms', 'first': 'Hannah', 'last': 'Anderson'}, 'location': {'street': {'number': 3406, 'name': 'Northgate'}, 'city': 'Hamilton', 'state': 'Gisborne', 'country': 'New Zealand', 'postcode': 29493, 'coordinates': {'latitude': '49.0535', 'longitude': '57.7700'}, 'timezone': {'offset': '-3:00', 'description': 'Brazil, Buenos Aires, Georgetown'}}, 'email': 'hannah.anderson@example.com', 'login': {'uuid': '50d55943-3e3b-442d-b08b-c13304c5d7cc', 'username': 'sadrabbit182', 'password': 'madcat', 'salt': '5pQtk2oc', 'md5': '0f3af252c39353d709854e68145b75bb', 'sha1': 'd0176b32a16bbd5270c2f99471662431e830ab5a', 'sha256': 'e58f28f879390ac4cf4b3aa662e0951de219e2f701c691ff9053c4cb0bb46be7'}, 'dob': {'date': '1958-06-11T03:09:36.273Z', 'age': 65}, 'registered': {'date': '2006-09-10T11:09:17.595Z', 'age': 17}, 'phone': '(373)-847-7228', 'cell': '(789)-596-8678', 'id': {'name': '', 'value': None}, 'picture': {'large': 'https://randomuser.me/api/portraits/women/4.jpg', 'medium': 'https://randomuser.me/api/portraits/med/women/4.jpg', 'thumbnail': 'https://randomuser.me/api/portraits/thumb/women/4.jpg'}, 'nat': 'NZ'}</msg>
<arg>${json_data['results'][0]}</arg>
<doc>Logs the given message with the given level.</doc>
<status status="PASS" start="2024-04-02T10:15:39.500808" elapsed="0.000441"/>
</kw>
<kw name="Log" owner="BuiltIn">
<msg time="2024-04-02T10:15:39.501683" level="INFO">name</msg>
<arg>${key}</arg>
<doc>Logs the given message with the given level.</doc>
<status status="PASS" start="2024-04-02T10:15:39.501552" elapsed="0.000171"/>
</kw>
<var name="${key}">name</var>
<status status="PASS" start="2024-04-02T10:15:39.499909" elapsed="0.002046"/>
</iter>
<iter>
<kw name="Dictionary Should Contain Key" owner="Collections">
<msg time="2024-04-02T10:15:39.502694" level="INFO">False</msg>
<arg>${json_data['results'][0]}</arg>
<arg>${key}</arg>
<doc>Fails if ``key`` is not found from ``dictionary``.</doc>
<status status="PASS" start="2024-04-02T10:15:39.502264" elapsed="0.000471"/>
</kw>
<kw name="Log" owner="BuiltIn">
<msg time="2024-04-02T10:15:39.503424" level="INFO">{'gender': 'female', 'name': {'title': 'Ms', 'first': 'Hannah', 'last': 'Anderson'}, 'location': {'street': {'number': 3406, 'name': 'Northgate'}, 'city': 'Hamilton', 'state': 'Gisborne', 'country': 'New Zealand', 'postcode': 29493, 'coordinates': {'latitude': '49.0535', 'longitude': '57.7700'}, 'timezone': {'offset': '-3:00', 'description': 'Brazil, Buenos Aires, Georgetown'}}, 'email': 'hannah.anderson@example.com', 'login': {'uuid': '50d55943-3e3b-442d-b08b-c13304c5d7cc', 'username': 'sadrabbit182', 'password': 'madcat', 'salt': '5pQtk2oc', 'md5': '0f3af252c39353d709854e68145b75bb', 'sha1': 'd0176b32a16bbd5270c2f99471662431e830ab5a', 'sha256': 'e58f28f879390ac4cf4b3aa662e0951de219e2f701c691ff9053c4cb0bb46be7'}, 'dob': {'date': '1958-06-11T03:09:36.273Z', 'age': 65}, 'registered': {'date': '2006-09-10T11:09:17.595Z', 'age': 17}, 'phone': '(373)-847-7228', 'cell': '(789)-596-8678', 'id': {'name': '', 'value': None}, 'picture': {'large': 'https://randomuser.me/api/portraits/women/4.jpg', 'medium': 'https://randomuser.me/api/portraits/med/women/4.jpg', 'thumbnail': 'https://randomuser.me/api/portraits/thumb/women/4.jpg'}, 'nat': 'NZ'}</msg>
<arg>${json_data['results'][0]}</arg>
<doc>Logs the given message with the given level.</doc>
<status status="PASS" start="2024-04-02T10:15:39.503048" elapsed="0.000425"/>
</kw>
<kw name="Log" owner="BuiltIn">
<msg time="2024-04-02T10:15:39.503913" level="INFO">location</msg>
<arg>${key}</arg>
<doc>Logs the given message with the given level.</doc>
<status status="PASS" start="2024-04-02T10:15:39.503780" elapsed="0.000175"/>
</kw>
<var name="${key}">location</var>
<status status="PASS" start="2024-04-02T10:15:39.502146" elapsed="0.002036"/>
</iter>
<iter>
<kw name="Dictionary Should Contain Key" owner="Collections">
<msg time="2024-04-02T10:15:39.504872" level="INFO">False</msg>
<arg>${json_data['results'][0]}</arg>
<arg>${key}</arg>
<doc>Fails if ``key`` is not found from ``dictionary``.</doc>
<status status="PASS" start="2024-04-02T10:15:39.504480" elapsed="0.000435"/>
</kw>
<kw name="Log" owner="BuiltIn">
<msg time="2024-04-02T10:15:39.505602" level="INFO">{'gender': 'female', 'name': {'title': 'Ms', 'first': 'Hannah', 'last': 'Anderson'}, 'location': {'street': {'number': 3406, 'name': 'Northgate'}, 'city': 'Hamilton', 'state': 'Gisborne', 'country': 'New Zealand', 'postcode': 29493, 'coordinates': {'latitude': '49.0535', 'longitude': '57.7700'}, 'timezone': {'offset': '-3:00', 'description': 'Brazil, Buenos Aires, Georgetown'}}, 'email': 'hannah.anderson@example.com', 'login': {'uuid': '50d55943-3e3b-442d-b08b-c13304c5d7cc', 'username': 'sadrabbit182', 'password': 'madcat', 'salt': '5pQtk2oc', 'md5': '0f3af252c39353d709854e68145b75bb', 'sha1': 'd0176b32a16bbd5270c2f99471662431e830ab5a', 'sha256': 'e58f28f879390ac4cf4b3aa662e0951de219e2f701c691ff9053c4cb0bb46be7'}, 'dob': {'date': '1958-06-11T03:09:36.273Z', 'age': 65}, 'registered': {'date': '2006-09-10T11:09:17.595Z', 'age': 17}, 'phone': '(373)-847-7228', 'cell': '(789)-596-8678', 'id': {'name': '', 'value': None}, 'picture': {'large': 'https://randomuser.me/api/portraits/women/4.jpg', 'medium': 'https://randomuser.me/api/portraits/med/women/4.jpg', 'thumbnail': 'https://randomuser.me/api/portraits/thumb/women/4.jpg'}, 'nat': 'NZ'}</msg>
<arg>${json_data['results'][0]}</arg>
<doc>Logs the given message with the given level.</doc>
<status status="PASS" start="2024-04-02T10:15:39.505229" elapsed="0.000421"/>
</kw>
<kw name="Log" owner="BuiltIn">
<msg time="2024-04-02T10:15:39.506088" level="INFO">email</msg>
<arg>${key}</arg>
<doc>Logs the given message with the given level.</doc>
<status status="PASS" start="2024-04-02T10:15:39.505953" elapsed="0.000173"/>
</kw>
<var name="${key}">email</var>
<status status="PASS" start="2024-04-02T10:15:39.504363" elapsed="0.001986"/>
</iter>
<iter>
<kw name="Dictionary Should Contain Key" owner="Collections">
<msg time="2024-04-02T10:15:39.507075" level="INFO">False</msg>
<arg>${json_data['results'][0]}</arg>
<arg>${key}</arg>
<doc>Fails if ``key`` is not found from ``dictionary``.</doc>
<status status="PASS" start="2024-04-02T10:15:39.506667" elapsed="0.000446"/>
</kw>
<kw name="Log" owner="BuiltIn">
<msg time="2024-04-02T10:15:39.507789" level="INFO">{'gender': 'female', 'name': {'title': 'Ms', 'first': 'Hannah', 'last': 'Anderson'}, 'location': {'street': {'number': 3406, 'name': 'Northgate'}, 'city': 'Hamilton', 'state': 'Gisborne', 'country': 'New Zealand', 'postcode': 29493, 'coordinates': {'latitude': '49.0535', 'longitude': '57.7700'}, 'timezone': {'offset': '-3:00', 'description': 'Brazil, Buenos Aires, Georgetown'}}, 'email': 'hannah.anderson@example.com', 'login': {'uuid': '50d55943-3e3b-442d-b08b-c13304c5d7cc', 'username': 'sadrabbit182', 'password': 'madcat', 'salt': '5pQtk2oc', 'md5': '0f3af252c39353d709854e68145b75bb', 'sha1': 'd0176b32a16bbd5270c2f99471662431e830ab5a', 'sha256': 'e58f28f879390ac4cf4b3aa662e0951de219e2f701c691ff9053c4cb0bb46be7'}, 'dob': {'date': '1958-06-11T03:09:36.273Z', 'age': 65}, 'registered': {'date': '2006-09-10T11:09:17.595Z', 'age': 17}, 'phone': '(373)-847-7228', 'cell': '(789)-596-8678', 'id': {'name': '', 'value': None}, 'picture': {'large': 'https://randomuser.me/api/portraits/women/4.jpg', 'medium': 'https://randomuser.me/api/portraits/med/women/4.jpg', 'thumbnail': 'https://randomuser.me/api/portraits/thumb/women/4.jpg'}, 'nat': 'NZ'}</msg>
<arg>${json_data['results'][0]}</arg>
<doc>Logs the given message with the given level.</doc>
<status status="PASS" start="2024-04-02T10:15:39.507422" elapsed="0.000415"/>
</kw>
<kw name="Log" owner="BuiltIn">
<msg time="2024-04-02T10:15:39.508279" level="INFO">login</msg>
<arg>${key}</arg>
<doc>Logs the given message with the given level.</doc>
<status status="PASS" start="2024-04-02T10:15:39.508144" elapsed="0.000175"/>
</kw>
<var name="${key}">login</var>
<status status="PASS" start="2024-04-02T10:15:39.506547" elapsed="0.002030"/>
</iter>
<var>${key}</var>
<value>@{expected_keys}</value>
<status status="PASS" start="2024-04-02T10:15:39.497397" elapsed="0.011314"/>
</for>
<kw name="Create List" owner="BuiltIn">
<msg time="2024-04-02T10:15:39.509064" level="INFO">${expected_keysTwo} = ['username', 'password']</msg>
<var>${expected_keysTwo}</var>
<arg>username</arg>
<arg>password</arg>
<doc>Returns a list containing given items.</doc>
<status status="PASS" start="2024-04-02T10:15:39.508917" elapsed="0.000171"/>
</kw>
<for flavor="IN">
<iter>
<kw name="Dictionary Should Contain Key" owner="Collections">
<msg time="2024-04-02T10:15:39.510009" level="INFO">False</msg>
<arg>${json_data['results'][0]['login']}</arg>
<arg>${keyTwo}</arg>
<doc>Fails if ``key`` is not found from ``dictionary``.</doc>
<status status="PASS" start="2024-04-02T10:15:39.509610" elapsed="0.000438"/>
</kw>
<kw name="Dictionary Should Contain Key" owner="Collections">
<msg time="2024-04-02T10:15:39.510784" level="INFO">False</msg>
<arg>${json_data['results'][0]['login']}</arg>
<arg>${keyTwo}</arg>
<doc>Fails if ``key`` is not found from ``dictionary``.</doc>
<status status="PASS" start="2024-04-02T10:15:39.510351" elapsed="0.000473"/>
</kw>
<kw name="Log" owner="BuiltIn">
<msg time="2024-04-02T10:15:39.511255" level="INFO">username</msg>
<arg>${keyTwo}</arg>
<doc>Logs the given message with the given level.</doc>
<status status="PASS" start="2024-04-02T10:15:39.511123" elapsed="0.000171"/>
</kw>
<var name="${keyTwo}">username</var>
<status status="PASS" start="2024-04-02T10:15:39.509499" elapsed="0.002012"/>
</iter>
<iter>
<kw name="Dictionary Should Contain Key" owner="Collections">
<msg time="2024-04-02T10:15:39.512265" level="INFO">False</msg>
<arg>${json_data['results'][0]['login']}</arg>
<arg>${keyTwo}</arg>
<doc>Fails if ``key`` is not found from ``dictionary``.</doc>
<status status="PASS" start="2024-04-02T10:15:39.511799" elapsed="0.000506"/>
</kw>
<kw name="Dictionary Should Contain Key" owner="Collections">
<msg time="2024-04-02T10:15:39.512995" level="INFO">False</msg>
<arg>${json_data['results'][0]['login']}</arg>
<arg>${keyTwo}</arg>
<doc>Fails if ``key`` is not found from ``dictionary``.</doc>
<status status="PASS" start="2024-04-02T10:15:39.512607" elapsed="0.000428"/>
</kw>
<kw name="Log" owner="BuiltIn">
<msg time="2024-04-02T10:15:39.513474" level="INFO">password</msg>
<arg>${keyTwo}</arg>
<doc>Logs the given message with the given level.</doc>
<status status="PASS" start="2024-04-02T10:15:39.513343" elapsed="0.000170"/>
</kw>
<var name="${keyTwo}">password</var>
<status status="PASS" start="2024-04-02T10:15:39.511690" elapsed="0.002050"/>
</iter>
<var>${keyTwo}</var>
<value>@{expected_keysTwo}</value>
<status status="PASS" start="2024-04-02T10:15:39.509337" elapsed="0.004529"/>
</for>
<status status="PASS" start="2024-04-02T10:15:39.401012" elapsed="0.113004"/>
</kw>
<doc>Testa a estrutura da resposta da API.</doc>
<tag>testeEstruturaResposta</tag>
<status status="PASS" start="2024-04-02T10:15:39.400387" elapsed="0.113798"/>
</test>
<test id="s1-s1-t4" name="Validar tipos de dados" line="28">
<kw name="Teste de Tipos de Dados" owner="random-user-service">
<kw name="GET On Session" owner="RequestsLibrary">
<msg time="2024-04-02T10:15:39.600469" level="INFO">GET Request : url=https://randomuser.me/api 
 path_url=/api 
 headers={'User-Agent': 'python-requests/2.31.0', 'Accept-Encoding': 'gzip, deflate', 'Accept': '*/*', 'Connection': 'keep-alive'} 
 body=None 
 </msg>
<msg time="2024-04-02T10:15:39.600590" level="INFO">GET Response : url=https://randomuser.me/api 
 status=200, reason=OK 
 headers={'Date': 'Tue, 02 Apr 2024 10:15:39 GMT', 'Content-Type': 'application/json; charset=utf-8', 'Transfer-Encoding': 'chunked', 'Connection': 'keep-alive', 'X-Powered-By': 'Express', 'Access-Control-Allow-Origin': '*', 'Cache-Control': 'no-cache', 'ETag': 'W/"46f-q/vDMTOLucYH2tPnLPYejxEzndc"', 'Vary': 'Accept-Encoding', 'Content-Encoding': 'gzip', 'CF-Cache-Status': 'DYNAMIC', 'Report-To': '{"endpoints":[{"url":"https:\\/\\/a.nel.cloudflare.com\\/report\\/v4?s=mvs8Gejtr6jN5mDw8pgNEUykT6jcqMeEta82jk0mJAtyLX8ipUhdH4kZu%2Bj3A2CVHpsod478rdfo%2Fhcw5Lhiis2Inl6nwO%2FoH9ISuKyKyF1v0ftG97tB3fQpFiDnHS%2FR"}],"group":"cf-nel","max_age":604800}', 'NEL': '{"success_fraction":0,"report_to":"cf-nel","max_age":604800}', 'Server': 'cloudflare', 'CF-RAY': '86e00f180c461584-SJC', 'alt-svc': 'h3=":443"; ma=86400'} 
 body={"results":[{"gender":"male","name":{"title":"Mr","first":"Mattis","last":"Huse"},"location":{"street":{"number":43,"name":"Traktorveien"},"city":"Jansberg","state":"Bergen","country":"Norway","postcode":"9302","coordinates":{"latitude":"41.4181","longitude":"-140.4878"},"timezone":{"offset":"-1:00","description":"Azores, Cape Verde Islands"}},"email":"mattis.huse@example.com","login":{"uuid":"9560e518-ca97-4152-a347-2bdb22ce04e1","username":"brownkoala259","password":"coke","salt":"WNLChtjy","md5":"bfce47074da1a556ec835d0d7b49d502","sha1":"2b399c9b9b05f8b366f54ef16734a2a2549a4472","sha256":"b67579bb7f3e1d79b07812759486215402960ab144bcac48e69749cdc6e247b5"},"dob":{"date":"1986-06-16T16:07:24.585Z","age":37},"registered":{"date":"2019-08-23T14:29:41.328Z","age":4},"phone":"21790291","cell":"97882375","id":{"name":"FN","value":"16068619533"},"picture":{"large":"https://randomuser.me/api/portraits/men/70.jpg","medium":"https://randomuser.me/api/portraits/med/men/70.jpg","thumbnail":"https://randomuser.me/api/portraits/thumb/men/70.jpg"},"nat":"NO"}],"info":{"seed":"8212017ed1943333","results":1,"page":1,"version":"1.4"}} 
 </msg>
<msg time="2024-04-02T10:15:39.600675" level="INFO">/opt/hostedtoolcache/Python/3.12.2/x64/lib/python3.12/site-packages/urllib3/connectionpool.py:1103: InsecureRequestWarning: Unverified HTTPS request is being made to host 'randomuser.me'. Adding certificate verification is strongly advised. See: https://urllib3.readthedocs.io/en/latest/advanced-usage.html#tls-warnings
  warnings.warn(</msg>
<msg time="2024-04-02T10:15:39.600815" level="INFO">${response} = &lt;Response [200]&gt;</msg>
<var>${response}</var>
<arg>consultarAPI</arg>
<arg>/api</arg>
<doc>Sends a GET request on a previously created HTTP Session.</doc>
<status status="PASS" start="2024-04-02T10:15:39.516741" elapsed="0.084114"/>
</kw>
<kw name="Set Variable" owner="BuiltIn">
<msg time="2024-04-02T10:15:39.601996" level="INFO">${json_data} = {'results': [{'gender': 'male', 'name': {'title': 'Mr', 'first': 'Mattis', 'last': 'Huse'}, 'location': {'street': {'number': 43, 'name': 'Traktorveien'}, 'city': 'Jansberg', 'state': 'Bergen', 'count...</msg>
<var>${json_data}</var>
<arg>${response.json()}</arg>
<doc>Returns the given values which can then be assigned to a variables.</doc>
<status status="PASS" start="2024-04-02T10:15:39.601437" elapsed="0.000589"/>
</kw>
<kw name="Log" owner="BuiltIn">
<msg time="2024-04-02T10:15:39.602626" level="INFO">{'results': [{'gender': 'male', 'name': {'title': 'Mr', 'first': 'Mattis', 'last': 'Huse'}, 'location': {'street': {'number': 43, 'name': 'Traktorveien'}, 'city': 'Jansberg', 'state': 'Bergen', 'country': 'Norway', 'postcode': '9302', 'coordinates': {'latitude': '41.4181', 'longitude': '-140.4878'}, 'timezone': {'offset': '-1:00', 'description': 'Azores, Cape Verde Islands'}}, 'email': 'mattis.huse@example.com', 'login': {'uuid': '9560e518-ca97-4152-a347-2bdb22ce04e1', 'username': 'brownkoala259', 'password': 'coke', 'salt': 'WNLChtjy', 'md5': 'bfce47074da1a556ec835d0d7b49d502', 'sha1': '2b399c9b9b05f8b366f54ef16734a2a2549a4472', 'sha256': 'b67579bb7f3e1d79b07812759486215402960ab144bcac48e69749cdc6e247b5'}, 'dob': {'date': '1986-06-16T16:07:24.585Z', 'age': 37}, 'registered': {'date': '2019-08-23T14:29:41.328Z', 'age': 4}, 'phone': '21790291', 'cell': '97882375', 'id': {'name': 'FN', 'value': '16068619533'}, 'picture': {'large': 'https://randomuser.me/api/portraits/men/70.jpg', 'medium': 'https://randomuser.me/api/portraits/med/men/70.jpg', 'thumbnail': 'https://randomuser.me/api/portraits/thumb/men/70.jpg'}, 'nat': 'NO'}], 'info': {'seed': '8212017ed1943333', 'results': 1, 'page': 1, 'version': '1.4'}}</msg>
<arg>${json_data}</arg>
<doc>Logs the given message with the given level.</doc>
<status status="PASS" start="2024-04-02T10:15:39.602408" elapsed="0.000310"/>
</kw>
<kw name="Should Be String" owner="String">
<arg>${json_data['results'][0]['gender']}</arg>
<doc>Fails if the given ``item`` is not a string.</doc>
<status status="PASS" start="2024-04-02T10:15:39.603065" elapsed="0.000402"/>
</kw>
<kw name="Should Match Regexp" owner="BuiltIn">
<arg>${json_data['results'][0]['email']}</arg>
<arg>^[a-zA-Z0-9._%+-]+@[a-zA-Z0-9.-]+\.[a-zA-Z]{2,}$</arg>
<doc>Fails if ``string`` does not match ``pattern`` as a regular expression.</doc>
<status status="PASS" start="2024-04-02T10:15:39.603675" elapsed="0.000549"/>
</kw>
<kw name="Should Match Regexp" owner="BuiltIn">
<arg>${json_data['results'][0]['dob']['date']}</arg>
<arg>\\d{4}-\\d{2}-\\d{2}T\\d{2}:\\d{2}:\\d{2}\\.\\d{3}Z</arg>
<doc>Fails if ``string`` does not match ``pattern`` as a regular expression.</doc>
<status status="PASS" start="2024-04-02T10:15:39.604430" elapsed="0.000499"/>
</kw>
<kw name="Should Match Regexp" owner="BuiltIn">
<arg>${json_data['results'][0]['registered']['date']}</arg>
<arg>\\d{4}-\\d{2}-\\d{2}T\\d{2}:\\d{2}:\\d{2}\\.\\d{3}Z</arg>
<doc>Fails if ``string`` does not match ``pattern`` as a regular expression.</doc>
<status status="PASS" start="2024-04-02T10:15:39.605134" elapsed="0.000384"/>
</kw>
<kw name="Should Match Regexp" owner="BuiltIn">
<arg>${json_data['results'][0]['picture']['large']}</arg>
<arg>^https?://.*\.(?:png|jpe?g|gif|bmp)$</arg>
<doc>Fails if ``string`` does not match ``pattern`` as a regular expression.</doc>
<status status="PASS" start="2024-04-02T10:15:39.605709" elapsed="0.000466"/>
</kw>
<kw name="Should Match Regexp" owner="BuiltIn">
<arg>${json_data['results'][0]['picture']['medium']}</arg>
<arg>^https?://.*\.(?:png|jpe?g|gif|bmp)$</arg>
<doc>Fails if ``string`` does not match ``pattern`` as a regular expression.</doc>
<status status="PASS" start="2024-04-02T10:15:39.606366" elapsed="0.000384"/>
</kw>
<kw name="Should Match Regexp" owner="BuiltIn">
<arg>${json_data['results'][0]['picture']['thumbnail']}</arg>
<arg>^https?://.*\.(?:png|jpe?g|gif|bmp)$</arg>
<doc>Fails if ``string`` does not match ``pattern`` as a regular expression.</doc>
<status status="PASS" start="2024-04-02T10:15:39.606938" elapsed="0.000354"/>
</kw>
<kw name="Log" owner="BuiltIn">
<msg time="2024-04-02T10:15:39.607823" level="INFO">{'large': 'https://randomuser.me/api/portraits/men/70.jpg', 'medium': 'https://randomuser.me/api/portraits/med/men/70.jpg', 'thumbnail': 'https://randomuser.me/api/portraits/thumb/men/70.jpg'}</msg>
<arg>${json_data['results'][0]['picture']}</arg>
<doc>Logs the given message with the given level.</doc>
<status status="PASS" start="2024-04-02T10:15:39.607480" elapsed="0.000387"/>
</kw>
<status status="PASS" start="2024-04-02T10:15:39.516500" elapsed="0.091647"/>
</kw>
<kw name="Teste de Tipos de Dados - Postcode" owner="random-user-service">
<kw name="GET On Session" owner="RequestsLibrary">
<msg time="2024-04-02T10:15:39.702224" level="INFO">GET Request : url=https://randomuser.me/api 
 path_url=/api 
 headers={'User-Agent': 'python-requests/2.31.0', 'Accept-Encoding': 'gzip, deflate', 'Accept': '*/*', 'Connection': 'keep-alive'} 
 body=None 
 </msg>
<msg time="2024-04-02T10:15:39.702327" level="INFO">GET Response : url=https://randomuser.me/api 
 status=200, reason=OK 
 headers={'Date': 'Tue, 02 Apr 2024 10:15:39 GMT', 'Content-Type': 'application/json; charset=utf-8', 'Transfer-Encoding': 'chunked', 'Connection': 'keep-alive', 'X-Powered-By': 'Express', 'Access-Control-Allow-Origin': '*', 'Cache-Control': 'no-cache', 'ETag': 'W/"49e-Xl+dl0aO1fE1a/ctl79q2PjmA+Y"', 'Vary': 'Accept-Encoding', 'Content-Encoding': 'gzip', 'CF-Cache-Status': 'DYNAMIC', 'Report-To': '{"endpoints":[{"url":"https:\\/\\/a.nel.cloudflare.com\\/report\\/v4?s=X5%2BgQQCwl9vXwl49eYakK1wEhxd6InoH8iwo9zk9dUag%2FSeOdVv3OXNEiU5%2FJJA5TvpfbtlQYQltt8ycI4B8MQ3kbigqJT0jBLPx69WrW20S1q02mmORho80z%2BWd9kLR"}],"group":"cf-nel","max_age":604800}', 'NEL': '{"success_fraction":0,"report_to":"cf-nel","max_age":604800}', 'Server': 'cloudflare', 'CF-RAY': '86e00f189c971584-SJC', 'alt-svc': 'h3=":443"; ma=86400'} 
 body={"results":[{"gender":"female","name":{"title":"Miss","first":"غزل","last":"مرادی"},"location":{"street":{"number":2766,"name":"دکتر چمران"},"city":"خمینی‌شهر","state":"آذربایجان شرقی","country":"Iran","postcode":73740,"coordinates":{"latitude":"19.8227","longitude":"23.9633"},"timezone":{"offset":"-1:00","description":"Azores, Cape Verde Islands"}},"email":"gzl.mrdy@example.com","login":{"uuid":"89064460-ba2d-4de2-981b-a4ddcdc59285","username":"sadmouse327","password":"barney","salt":"OlZ26kMF","md5":"e2fd91807f9ce3a1f5024fa3627dc8b9","sha1":"ddd383f14da45423e7c58d7c9c8aaaa87c11717a","sha256":"141986d69da32d949f2e80a64902e4260252adb05fc9aa74a9e8b13a1d36af62"},"dob":{"date":"1992-09-13T16:45:23.922Z","age":31},"registered":{"date":"2019-08-06T15:57:49.132Z","age":4},"phone":"087-35153286","cell":"0932-257-8250","id":{"name":"","value":null},"picture":{"large":"https://randomuser.me/api/portraits/women/73.jpg","medium":"https://randomuser.me/api/portraits/med/women/73.jpg","thumbnail":"https://randomuser.me/api/portraits/thumb/women/73.jpg"},"nat":"IR"}],"info":{"seed":"dd02f7e1267fa10e","results":1,"page":1,"version":"1.4"}} 
 </msg>
<msg time="2024-04-02T10:15:39.702398" level="INFO">/opt/hostedtoolcache/Python/3.12.2/x64/lib/python3.12/site-packages/urllib3/connectionpool.py:1103: InsecureRequestWarning: Unverified HTTPS request is being made to host 'randomuser.me'. Adding certificate verification is strongly advised. See: https://urllib3.readthedocs.io/en/latest/advanced-usage.html#tls-warnings
  warnings.warn(</msg>
<msg time="2024-04-02T10:15:39.702549" level="INFO">${response} = &lt;Response [200]&gt;</msg>
<var>${response}</var>
<arg>consultarAPI</arg>
<arg>/api</arg>
<doc>Sends a GET request on a previously created HTTP Session.</doc>
<status status="PASS" start="2024-04-02T10:15:39.608654" elapsed="0.093939"/>
</kw>
<kw name="Set Variable" owner="BuiltIn">
<msg time="2024-04-02T10:15:39.703676" level="INFO">${json_data} = {'results': [{'gender': 'female', 'name': {'title': 'Miss', 'first': 'غزل', 'last': 'مرادی'}, 'location': {'street': {'number': 2766, 'name': 'دکتر چمران'}, 'city': 'خمینی\u200cشهر', 'state': 'آذربایج...</msg>
<var>${json_data}</var>
<arg>${response.json()}</arg>
<doc>Returns the given values which can then be assigned to a variables.</doc>
<status status="PASS" start="2024-04-02T10:15:39.703137" elapsed="0.000570"/>
</kw>
<kw name="Log" owner="BuiltIn">
<msg time="2024-04-02T10:15:39.704199" level="INFO">{'results': [{'gender': 'female', 'name': {'title': 'Miss', 'first': 'غزل', 'last': 'مرادی'}, 'location': {'street': {'number': 2766, 'name': 'دکتر چمران'}, 'city': 'خمینی\u200cشهر', 'state': 'آذربایجان شرقی', 'country': 'Iran', 'postcode': 73740, 'coordinates': {'latitude': '19.8227', 'longitude': '23.9633'}, 'timezone': {'offset': '-1:00', 'description': 'Azores, Cape Verde Islands'}}, 'email': 'gzl.mrdy@example.com', 'login': {'uuid': '89064460-ba2d-4de2-981b-a4ddcdc59285', 'username': 'sadmouse327', 'password': 'barney', 'salt': 'OlZ26kMF', 'md5': 'e2fd91807f9ce3a1f5024fa3627dc8b9', 'sha1': 'ddd383f14da45423e7c58d7c9c8aaaa87c11717a', 'sha256': '141986d69da32d949f2e80a64902e4260252adb05fc9aa74a9e8b13a1d36af62'}, 'dob': {'date': '1992-09-13T16:45:23.922Z', 'age': 31}, 'registered': {'date': '2019-08-06T15:57:49.132Z', 'age': 4}, 'phone': '087-35153286', 'cell': '0932-257-8250', 'id': {'name': '', 'value': None}, 'picture': {'large': 'https://randomuser.me/api/portraits/women/73.jpg', 'medium': 'https://randomuser.me/api/portraits/med/women/73.jpg', 'thumbnail': 'https://randomuser.me/api/portraits/thumb/women/73.jpg'}, 'nat': 'IR'}], 'info': {'seed': 'dd02f7e1267fa10e', 'results': 1, 'page': 1, 'version': '1.4'}}</msg>
<arg>${json_data}</arg>
<doc>Logs the given message with the given level.</doc>
<status status="PASS" start="2024-04-02T10:15:39.704025" elapsed="0.000261"/>
</kw>
<kw name="Should Be Equal As Numbers" owner="BuiltIn">
<arg>${json_data['results'][0]['location']['postcode']}</arg>
<arg>${json_data['results'][0]['location']['postcode']}</arg>
<doc>Fails if objects are unequal after converting them to real numbers.</doc>
<status status="PASS" start="2024-04-02T10:15:39.704780" elapsed="0.000628"/>
</kw>
<kw name="Log" owner="BuiltIn">
<msg time="2024-04-02T10:15:39.705936" level="INFO">73740</msg>
<arg>${json_data['results'][0]['location']['postcode']}</arg>
<doc>Logs the given message with the given level.</doc>
<status status="PASS" start="2024-04-02T10:15:39.705601" elapsed="0.000374"/>
</kw>
<status status="PASS" start="2024-04-02T10:15:39.608393" elapsed="0.097847"/>
</kw>
<doc>Testa se os tipos de dados na resposta da API estão corretos.</doc>
<tag>testeTiposDados</tag>
<status status="PASS" start="2024-04-02T10:15:39.516008" elapsed="0.190411"/>
</test>
<test id="s1-s1-t5" name="Validar conteudo" line="35">
<kw name="Teste de Tipos de Conteudo" owner="random-user-service">
<kw name="GET On Session" owner="RequestsLibrary">
<msg time="2024-04-02T10:15:39.799114" level="INFO">GET Request : url=https://randomuser.me/api 
 path_url=/api 
 headers={'User-Agent': 'python-requests/2.31.0', 'Accept-Encoding': 'gzip, deflate', 'Accept': '*/*', 'Connection': 'keep-alive'} 
 body=None 
 </msg>
<msg time="2024-04-02T10:15:39.799229" level="INFO">GET Response : url=https://randomuser.me/api 
 status=200, reason=OK 
 headers={'Date': 'Tue, 02 Apr 2024 10:15:39 GMT', 'Content-Type': 'application/json; charset=utf-8', 'Transfer-Encoding': 'chunked', 'Connection': 'keep-alive', 'X-Powered-By': 'Express', 'Access-Control-Allow-Origin': '*', 'Cache-Control': 'no-cache', 'ETag': 'W/"48e-TZRgjVMdIJN2zQ6jMtK9H9qBb28"', 'Vary': 'Accept-Encoding', 'Content-Encoding': 'gzip', 'CF-Cache-Status': 'DYNAMIC', 'Report-To': '{"endpoints":[{"url":"https:\\/\\/a.nel.cloudflare.com\\/report\\/v4?s=A5hx1AWyS7ZQNGkLe%2Fs7PcdRNBoNjTaowZf5RU9uDZDbrG%2B3RzbC%2FwUfdl96l4fTUdljyLknUe0rxWRWdFAyF1BVlAwtbWvxiWjyK903BEPg6WZ5z38euiFV0bII%2F429"}],"group":"cf-nel","max_age":604800}', 'NEL': '{"success_fraction":0,"report_to":"cf-nel","max_age":604800}', 'Server': 'cloudflare', 'CF-RAY': '86e00f193d061584-SJC', 'alt-svc': 'h3=":443"; ma=86400'} 
 body={"results":[{"gender":"male","name":{"title":"Mr","first":"Hajo","last":"Deckert"},"location":{"street":{"number":4409,"name":"Berliner Straße"},"city":"Weißwasser/O.L.","state":"Rheinland-Pfalz","country":"Germany","postcode":69530,"coordinates":{"latitude":"-50.4548","longitude":"-41.2813"},"timezone":{"offset":"+9:30","description":"Adelaide, Darwin"}},"email":"hajo.deckert@example.com","login":{"uuid":"52e71faa-6272-4dbe-82c4-218fd167d4c0","username":"smallfish238","password":"buceta","salt":"xjDjZT6a","md5":"1ae925d9e79eeeb92183436eb677d3e7","sha1":"118dfe2ac0a61c7e3c7f5e52c2ef38a3f1870a76","sha256":"394afee5a95191bd62e0ef124947b7ceae52eae988daa60e80306fb61d398154"},"dob":{"date":"1949-08-26T01:51:04.631Z","age":74},"registered":{"date":"2013-03-23T19:32:26.037Z","age":11},"phone":"0804-4827078","cell":"0173-3501185","id":{"name":"SVNR","value":"80 250849 D 354"},"picture":{"large":"https://randomuser.me/api/portraits/men/96.jpg","medium":"https://randomuser.me/api/portraits/med/men/96.jpg","thumbnail":"https://randomuser.me/api/portraits/thumb/men/96.jpg"},"nat":"DE"}],"info":{"seed":"1e05015166499369","results":1,"page":1,"version":"1.4"}} 
 </msg>
<msg time="2024-04-02T10:15:39.799312" level="INFO">/opt/hostedtoolcache/Python/3.12.2/x64/lib/python3.12/site-packages/urllib3/connectionpool.py:1103: InsecureRequestWarning: Unverified HTTPS request is being made to host 'randomuser.me'. Adding certificate verification is strongly advised. See: https://urllib3.readthedocs.io/en/latest/advanced-usage.html#tls-warnings
  warnings.warn(</msg>
<msg time="2024-04-02T10:15:39.799479" level="INFO">${response} = &lt;Response [200]&gt;</msg>
<var>${response}</var>
<arg>consultarAPI</arg>
<arg>/api</arg>
<doc>Sends a GET request on a previously created HTTP Session.</doc>
<status status="PASS" start="2024-04-02T10:15:39.709334" elapsed="0.090191"/>
</kw>
<kw name="Set Variable" owner="BuiltIn">
<msg time="2024-04-02T10:15:39.800592" level="INFO">${json_data} = {'results': [{'gender': 'male', 'name': {'title': 'Mr', 'first': 'Hajo', 'last': 'Deckert'}, 'location': {'street': {'number': 4409, 'name': 'Berliner Straße'}, 'city': 'Weißwasser/O.L.', 'state': 'Rh...</msg>
<var>${json_data}</var>
<arg>${response.json()}</arg>
<doc>Returns the given values which can then be assigned to a variables.</doc>
<status status="PASS" start="2024-04-02T10:15:39.800062" elapsed="0.000559"/>
</kw>
<kw name="Set Variable" owner="BuiltIn">
<msg time="2024-04-02T10:15:39.801352" level="INFO">${name_title} = Mr</msg>
<var>${name_title}</var>
<arg>${json_data["results"][0]["name"]["title"]}</arg>
<doc>Returns the given values which can then be assigned to a variables.</doc>
<status status="PASS" start="2024-04-02T10:15:39.800950" elapsed="0.000427"/>
</kw>
<kw name="Create List" owner="BuiltIn">
<msg time="2024-04-02T10:15:39.801831" level="INFO">${allowed_titles} = ['Mr', 'Ms', 'Miss', 'Mrs', 'Madame', 'Monsieur']</msg>
<var>${allowed_titles}</var>
<arg>Mr</arg>
<arg>Ms</arg>
<arg>Miss</arg>
<arg>Mrs</arg>
<arg>Madame</arg>
<arg>Monsieur</arg>
<doc>Returns a list containing given items.</doc>
<status status="PASS" start="2024-04-02T10:15:39.801681" elapsed="0.000174"/>
</kw>
<kw name="List Should Contain Value" owner="Collections">
<msg time="2024-04-02T10:15:39.802345" level="INFO">False</msg>
<arg>${allowed_titles}</arg>
<arg>${name_title}</arg>
<doc>Fails if the ``value`` is not found from ``list``.</doc>
<status status="PASS" start="2024-04-02T10:15:39.802167" elapsed="0.000221"/>
</kw>
<kw name="Set Variable" owner="BuiltIn">
<msg time="2024-04-02T10:15:39.803124" level="INFO">${name_country} = DE</msg>
<var>${name_country}</var>
<arg>${json_data["results"][0]["nat"]}</arg>
<doc>Returns the given values which can then be assigned to a variables.</doc>
<status status="PASS" start="2024-04-02T10:15:39.802737" elapsed="0.000412"/>
</kw>
<kw name="Create List" owner="BuiltIn">
<msg time="2024-04-02T10:15:39.804095" level="INFO">${list_country} = ['AD', 'AE', 'AF', 'AG', 'AI', 'AL', 'AM', 'AO', 'AQ', 'AR', 'AS', 'AT', 'AU', 'AW', 'AX', 'AZ', 'BA', 'BB', 'BD', 'BE', 'BF', 'BG', 'BH', 'BI', 'BJ', 'BL', 'BM', 'BN', 'BO', 'BQ', 'BR', 'BS', 'BT', '...</msg>
<var>${list_country}</var>
<arg>AD</arg>
<arg>AE</arg>
<arg>AF</arg>
<arg>AG</arg>
<arg>AI</arg>
<arg>AL</arg>
<arg>AM</arg>
<arg>AO</arg>
<arg>AQ</arg>
<arg>AR</arg>
<arg>AS</arg>
<arg>AT</arg>
<arg>AU</arg>
<arg>AW</arg>
<arg>AX</arg>
<arg>AZ</arg>
<arg>BA</arg>
<arg>BB</arg>
<arg>BD</arg>
<arg>BE</arg>
<arg>BF</arg>
<arg>BG</arg>
<arg>BH</arg>
<arg>BI</arg>
<arg>BJ</arg>
<arg>BL</arg>
<arg>BM</arg>
<arg>BN</arg>
<arg>BO</arg>
<arg>BQ</arg>
<arg>BR</arg>
<arg>BS</arg>
<arg>BT</arg>
<arg>BV</arg>
<arg>BW</arg>
<arg>BY</arg>
<arg>BZ</arg>
<arg>CA</arg>
<arg>CC</arg>
<arg>CD</arg>
<arg>CF</arg>
<arg>CG</arg>
<arg>CH</arg>
<arg>CI</arg>
<arg>CK</arg>
<arg>CL</arg>
<arg>CM</arg>
<arg>CN</arg>
<arg>CO</arg>
<arg>CR</arg>
<arg>CU</arg>
<arg>CV</arg>
<arg>CW</arg>
<arg>CX</arg>
<arg>CY</arg>
<arg>CZ</arg>
<arg>DE</arg>
<arg>DJ</arg>
<arg>DK</arg>
<arg>DM</arg>
<arg>DO</arg>
<arg>DZ</arg>
<arg>EC</arg>
<arg>EE</arg>
<arg>EG</arg>
<arg>EH</arg>
<arg>ER</arg>
<arg>ES</arg>
<arg>ET</arg>
<arg>FI</arg>
<arg>FJ</arg>
<arg>FK</arg>
<arg>FM</arg>
<arg>FO</arg>
<arg>FR</arg>
<arg>GA</arg>
<arg>GB</arg>
<arg>GD</arg>
<arg>GE</arg>
<arg>GF</arg>
<arg>GG</arg>
<arg>GH</arg>
<arg>GI</arg>
<arg>GL</arg>
<arg>GM</arg>
<arg>GN</arg>
<arg>GP</arg>
<arg>GQ</arg>
<arg>GR</arg>
<arg>GS</arg>
<arg>GT</arg>
<arg>GU</arg>
<arg>GW</arg>
<arg>GY</arg>
<arg>HK</arg>
<arg>HM</arg>
<arg>HN</arg>
<arg>HR</arg>
<arg>HT</arg>
<arg>HU</arg>
<arg>ID</arg>
<arg>IE</arg>
<arg>IL</arg>
<arg>IM</arg>
<arg>IN</arg>
<arg>IO</arg>
<arg>IQ</arg>
<arg>IR</arg>
<arg>IS</arg>
<arg>IT</arg>
<arg>JE</arg>
<arg>JM</arg>
<arg>JO</arg>
<arg>JP</arg>
<arg>KE</arg>
<arg>KG</arg>
<arg>KH</arg>
<arg>KI</arg>
<arg>KM</arg>
<arg>KN</arg>
<arg>KP</arg>
<arg>KR</arg>
<arg>KW</arg>
<arg>KY</arg>
<arg>KZ</arg>
<arg>LA</arg>
<arg>LB</arg>
<arg>LC</arg>
<arg>LI</arg>
<arg>LK</arg>
<arg>LR</arg>
<arg>LS</arg>
<arg>LT</arg>
<arg>LU</arg>
<arg>LV</arg>
<arg>LY</arg>
<arg>MA</arg>
<arg>MC</arg>
<arg>MD</arg>
<arg>ME</arg>
<arg>MF</arg>
<arg>MG</arg>
<arg>MH</arg>
<arg>MK</arg>
<arg>ML</arg>
<arg>MM</arg>
<arg>MN</arg>
<arg>MO</arg>
<arg>MP</arg>
<arg>MQ</arg>
<arg>MR</arg>
<arg>MS</arg>
<arg>MT</arg>
<arg>MU</arg>
<arg>MV</arg>
<arg>MW</arg>
<arg>MX</arg>
<arg>MY</arg>
<arg>MZ</arg>
<arg>NA</arg>
<arg>NC</arg>
<arg>NE</arg>
<arg>NF</arg>
<arg>NG</arg>
<arg>NI</arg>
<arg>NL</arg>
<arg>NO</arg>
<arg>NP</arg>
<arg>NR</arg>
<arg>NU</arg>
<arg>NZ</arg>
<arg>OM</arg>
<arg>PA</arg>
<arg>PE</arg>
<arg>PF</arg>
<arg>PG</arg>
<arg>PH</arg>
<arg>PK</arg>
<arg>PL</arg>
<arg>PM</arg>
<arg>PN</arg>
<arg>PR</arg>
<arg>PS</arg>
<arg>PT</arg>
<arg>PW</arg>
<arg>PY</arg>
<arg>QA</arg>
<arg>RE</arg>
<arg>RO</arg>
<arg>RS</arg>
<arg>RU</arg>
<arg>RW</arg>
<arg>SA</arg>
<arg>SB</arg>
<arg>SC</arg>
<arg>SD</arg>
<arg>SE</arg>
<arg>SG</arg>
<arg>SH</arg>
<arg>SI</arg>
<arg>SJ</arg>
<arg>SK</arg>
<arg>SL</arg>
<arg>SM</arg>
<arg>SN</arg>
<arg>SO</arg>
<arg>SR</arg>
<arg>SS</arg>
<arg>ST</arg>
<arg>SV</arg>
<arg>SX</arg>
<arg>SY</arg>
<arg>SZ</arg>
<arg>TC</arg>
<arg>TD</arg>
<arg>TF</arg>
<arg>TG</arg>
<arg>TH</arg>
<arg>TJ</arg>
<arg>TK</arg>
<arg>TL</arg>
<arg>TM</arg>
<arg>TN</arg>
<arg>TO</arg>
<arg>TR</arg>
<arg>TT</arg>
<arg>TV</arg>
<arg>TW</arg>
<arg>TZ</arg>
<arg>UA</arg>
<arg>UG</arg>
<arg>UM</arg>
<arg>US</arg>
<arg>UY</arg>
<arg>UZ</arg>
<arg>VA</arg>
<arg>VC</arg>
<arg>VE</arg>
<arg>VG</arg>
<arg>VI</arg>
<arg>VN</arg>
<arg>VU</arg>
<arg>WF</arg>
<arg>WS</arg>
<arg>XK</arg>
<arg>YE</arg>
<arg>YT</arg>
<arg>ZA</arg>
<arg>ZM</arg>
<arg>ZW</arg>
<doc>Returns a list containing given items.</doc>
<status status="PASS" start="2024-04-02T10:15:39.803458" elapsed="0.000671"/>
</kw>
<kw name="List Should Contain Value" owner="Collections">
<msg time="2024-04-02T10:15:39.805150" level="INFO">False</msg>
<arg>${list_country}</arg>
<arg>${name_country}</arg>
<doc>Fails if the ``value`` is not found from ``list``.</doc>
<status status="PASS" start="2024-04-02T10:15:39.804947" elapsed="0.000240"/>
</kw>
<kw name="Run Keyword If" owner="BuiltIn">
<kw name="Should Be True" owner="BuiltIn">
<arg>${True}</arg>
<doc>Fails if the given condition is not true.</doc>
<status status="PASS" start="2024-04-02T10:15:39.806280" elapsed="0.000290"/>
</kw>
<arg>${json_data["results"][0]["location"]["coordinates"]["latitude"]} &gt;= -90 and ${json_data["results"][0]["location"]["coordinates"]["latitude"]} &lt;= 90</arg>
<arg>Should Be True</arg>
<arg>${True}</arg>
<doc>Runs the given keyword with the given arguments, if ``condition`` is true.</doc>
<status status="PASS" start="2024-04-02T10:15:39.805515" elapsed="0.001194"/>
</kw>
<kw name="Run Keyword If" owner="BuiltIn">
<kw name="Should Be True" owner="BuiltIn">
<arg>${True}</arg>
<doc>Fails if the given condition is not true.</doc>
<status status="PASS" start="2024-04-02T10:15:39.807599" elapsed="0.000147"/>
</kw>
<arg>${json_data["results"][0]["location"]["coordinates"]["longitude"]} &gt;= -180 and ${json_data["results"][0]["location"]["coordinates"]["longitude"]} &lt;= 180</arg>
<arg>Should Be True</arg>
<arg>${True}</arg>
<doc>Runs the given keyword with the given arguments, if ``condition`` is true.</doc>
<status status="PASS" start="2024-04-02T10:15:39.806898" elapsed="0.000974"/>
</kw>
<status status="PASS" start="2024-04-02T10:15:39.708925" elapsed="0.099079"/>
</kw>
<doc>Testa o conteúdo específico dos campos retornados pela API.</doc>
<tag>testeConteudo</tag>
<status status="PASS" start="2024-04-02T10:15:39.708232" elapsed="0.099930"/>
</test>
<status status="PASS" start="2024-04-02T10:15:38.953700" elapsed="0.856388"/>
</suite>
<status status="PASS" start="2024-04-02T10:15:38.939469" elapsed="0.876059"/>
</suite>
<statistics>
<total>
<stat pass="5" fail="0" skip="0">All Tests</stat>
</total>
<tag>
<stat pass="1" fail="0" skip="0">testeConteudo</stat>
<stat pass="1" fail="0" skip="0">testeEstruturaResposta</stat>
<stat pass="1" fail="0" skip="0">testeRequisicaoBasica</stat>
<stat pass="1" fail="0" skip="0">testeTiposDados</stat>
</tag>
<suite>
<stat pass="5" fail="0" skip="0" id="s1" name="Tests">Tests</stat>
<stat pass="5" fail="0" skip="0" id="s1-s1" name="Random-User-Test">Tests.Random-User-Test</stat>
</suite>
</statistics>
<errors>
</errors>
</robot>
