<?xml version="1.0" encoding="UTF-8"?>
<robot generator="Robot 7.0 (Python 3.12.3 on linux)" generated="2024-05-27T10:16:04.966728" rpa="false" schemaversion="5">
<suite id="s1" name="Tests" source="/home/runner/work/ApiRandomUser/ApiRandomUser/RamdonUser/tests">
<suite id="s1-s1" name="Random-User-Test" source="/home/runner/work/ApiRandomUser/ApiRandomUser/RamdonUser/tests/random-user-test.robot">
<test id="s1-s1-t1" name="Conectar" line="13">
<kw name="Conectar API" owner="random-user-service">
<kw name="Create Session" owner="RequestsLibrary">
<msg time="2024-05-27T10:16:05.442162" level="INFO">Creating Session using : alias=consultarAPI, url=https://randomuser.me/, headers={},                     cookies={}, auth=None, timeout=None, proxies=None, verify=False,                     debug=0 </msg>
<arg>consultarAPI</arg>
<arg>${URL}</arg>
<doc>Create Session: create a HTTP session to a server</doc>
<status status="PASS" start="2024-05-27T10:16:05.441926" elapsed="0.000457"/>
</kw>
<status status="PASS" start="2024-05-27T10:16:05.440798" elapsed="0.001988"/>
</kw>
<status status="PASS" start="2024-05-27T10:16:05.440118" elapsed="0.002880"/>
</test>
<test id="s1-s1-t2" name="Validar retorno 200 e JSON Válido" line="16">
<kw name="Teste de Requisicao Basica" owner="random-user-service">
<kw name="GET On Session" owner="RequestsLibrary">
<msg time="2024-05-27T10:16:05.652647" level="INFO">GET Request : url=https://randomuser.me/api 
 path_url=/api 
 headers={'User-Agent': 'python-requests/2.32.2', 'Accept-Encoding': 'gzip, deflate', 'Accept': '*/*', 'Connection': 'keep-alive'} 
 body=None 
 </msg>
<msg time="2024-05-27T10:16:05.652809" level="INFO">GET Response : url=https://randomuser.me/api 
 status=200, reason=OK 
 headers={'Date': 'Mon, 27 May 2024 10:16:05 GMT', 'Content-Type': 'application/json; charset=utf-8', 'Transfer-Encoding': 'chunked', 'Connection': 'keep-alive', 'X-Powered-By': 'Express', 'Access-Control-Allow-Origin': '*', 'Cache-Control': 'no-cache', 'ETag': 'W/"46f-wC0F9ws1fcSxLQdWed8IICSaCE0"', 'Vary': 'Accept-Encoding', 'Content-Encoding': 'gzip', 'CF-Cache-Status': 'DYNAMIC', 'Report-To': '{"endpoints":[{"url":"https:\\/\\/a.nel.cloudflare.com\\/report\\/v4?s=Vhfb6ghoI8LzpyzruPu8kFkVaOmxdSYjcFnD3SrhbFE3tGRWtVBlsPSmLpmgxST9%2Boz%2FnhC0snyzsiU9zGy01FFyHoempHLY2cb262isUzEwoCrDt8CiRO5WnTaYjECD"}],"group":"cf-nel","max_age":604800}', 'NEL': '{"success_fraction":0,"report_to":"cf-nel","max_age":604800}', 'Server': 'cloudflare', 'CF-RAY': '88a53f5af92a2036-IAD', 'alt-svc': 'h3=":443"; ma=86400'} 
 body={"results":[{"gender":"male","name":{"title":"Mr","first":"Theodore","last":"Morris"},"location":{"street":{"number":6832,"name":"Ronwood Avenue"},"city":"Gisborne","state":"Gisborne","country":"New Zealand","postcode":68460,"coordinates":{"latitude":"55.6933","longitude":"-119.2523"},"timezone":{"offset":"-9:00","description":"Alaska"}},"email":"theodore.morris@example.com","login":{"uuid":"e81ac33a-0150-49aa-a07f-d5f33a1dc923","username":"lazyzebra831","password":"656565","salt":"cgvbLOQ4","md5":"ead339fad16659cab4ff279f0a917cc0","sha1":"c5d5a4d560c179f482e475e673d60114eef3c9ee","sha256":"64fde794e05c6a7f50d2c8db913d0fd74ddf82b2abfafbb196e2e5d7626dc41e"},"dob":{"date":"1962-12-06T15:13:16.610Z","age":61},"registered":{"date":"2021-11-29T10:10:30.463Z","age":2},"phone":"(260)-886-1271","cell":"(844)-243-0487","id":{"name":"","value":null},"picture":{"large":"https://randomuser.me/api/portraits/men/24.jpg","medium":"https://randomuser.me/api/portraits/med/men/24.jpg","thumbnail":"https://randomuser.me/api/portraits/thumb/men/24.jpg"},"nat":"NZ"}],"info":{"seed":"fd57c17653c59ed7","results":1,"page":1,"version":"1.4"}} 
 </msg>
<msg time="2024-05-27T10:16:05.652896" level="INFO">/opt/hostedtoolcache/Python/3.12.3/x64/lib/python3.12/site-packages/urllib3/connectionpool.py:1103: InsecureRequestWarning: Unverified HTTPS request is being made to host 'randomuser.me'. Adding certificate verification is strongly advised. See: https://urllib3.readthedocs.io/en/latest/advanced-usage.html#tls-warnings
  warnings.warn(</msg>
<msg time="2024-05-27T10:16:05.653040" level="INFO">${response} = &lt;Response [200]&gt;</msg>
<var>${response}</var>
<arg>consultarAPI</arg>
<arg>/api</arg>
<doc>Sends a GET request on a previously created HTTP Session.</doc>
<status status="PASS" start="2024-05-27T10:16:05.445872" elapsed="0.207212"/>
</kw>
<kw name="Should Be Equal As Numbers" owner="BuiltIn">
<msg time="2024-05-27T10:16:05.654129" level="INFO">Argument types are:
&lt;class 'int'&gt;
&lt;class 'str'&gt;</msg>
<arg>${response.status_code}</arg>
<arg>200</arg>
<doc>Fails if objects are unequal after converting them to real numbers.</doc>
<status status="PASS" start="2024-05-27T10:16:05.653666" elapsed="0.000531"/>
</kw>
<kw name="Log" owner="BuiltIn">
<msg time="2024-05-27T10:16:05.654893" level="INFO">200</msg>
<arg>${response.status_code}</arg>
<doc>Logs the given message with the given level.</doc>
<status status="PASS" start="2024-05-27T10:16:05.654539" elapsed="0.000402"/>
</kw>
<kw name="Set Variable" owner="BuiltIn">
<msg time="2024-05-27T10:16:05.655741" level="INFO">${json_data} = {'results': [{'gender': 'male', 'name': {'title': 'Mr', 'first': 'Theodore', 'last': 'Morris'}, 'location': {'street': {'number': 6832, 'name': 'Ronwood Avenue'}, 'city': 'Gisborne', 'state': 'Gisborn...</msg>
<var>${json_data}</var>
<arg>${response.json()}</arg>
<doc>Returns the given values which can then be assigned to a variables.</doc>
<status status="PASS" start="2024-05-27T10:16:05.655290" elapsed="0.000482"/>
</kw>
<kw name="Dictionary Should Contain Key" owner="Collections">
<msg time="2024-05-27T10:16:05.656253" level="INFO">False</msg>
<arg>${json_data}</arg>
<arg>results</arg>
<doc>Fails if ``key`` is not found from ``dictionary``.</doc>
<status status="PASS" start="2024-05-27T10:16:05.656082" elapsed="0.000211"/>
</kw>
<status status="PASS" start="2024-05-27T10:16:05.445599" elapsed="0.210962"/>
</kw>
<doc>Testa se a API responde corretamente e retorna um objeto JSON válido.</doc>
<tag>testeRequisicaoBasica</tag>
<status status="PASS" start="2024-05-27T10:16:05.445074" elapsed="0.211674"/>
</test>
<test id="s1-s1-t3" name="Validar estrutura de resposta" line="22">
<kw name="Teste de Estrutura de Resposta" owner="random-user-service">
<kw name="GET On Session" owner="RequestsLibrary">
<msg time="2024-05-27T10:16:05.731414" level="INFO">GET Request : url=https://randomuser.me/api 
 path_url=/api 
 headers={'User-Agent': 'python-requests/2.32.2', 'Accept-Encoding': 'gzip, deflate', 'Accept': '*/*', 'Connection': 'keep-alive'} 
 body=None 
 </msg>
<msg time="2024-05-27T10:16:05.731523" level="INFO">GET Response : url=https://randomuser.me/api 
 status=200, reason=OK 
 headers={'Date': 'Mon, 27 May 2024 10:16:05 GMT', 'Content-Type': 'application/json; charset=utf-8', 'Transfer-Encoding': 'chunked', 'Connection': 'keep-alive', 'X-Powered-By': 'Express', 'Access-Control-Allow-Origin': '*', 'Cache-Control': 'no-cache', 'ETag': 'W/"48c-SjWe3Y60h+ixCwUdkJTbk/QTo4g"', 'Vary': 'Accept-Encoding', 'Content-Encoding': 'gzip', 'CF-Cache-Status': 'DYNAMIC', 'Report-To': '{"endpoints":[{"url":"https:\\/\\/a.nel.cloudflare.com\\/report\\/v4?s=xWrB7kjzP9Y9BBfW88KMibOHCGGGeTR%2BeQBdK2AxemWUKx2x5%2FgSoC03hnVWyjapFmDbNUeLxXWEQK30V4lOcDc3qWOSqJ5BQE0j2oYhD0aN6rut6dgjva1wAK0ngMIo"}],"group":"cf-nel","max_age":604800}', 'NEL': '{"success_fraction":0,"report_to":"cf-nel","max_age":604800}', 'Server': 'cloudflare', 'CF-RAY': '88a53f5b698b2036-IAD', 'alt-svc': 'h3=":443"; ma=86400'} 
 body={"results":[{"gender":"female","name":{"title":"Miss","first":"Johanna","last":"Steinhauer"},"location":{"street":{"number":2802,"name":"Danziger Straße"},"city":"Lichtenau","state":"Bremen","country":"Germany","postcode":56999,"coordinates":{"latitude":"-49.7683","longitude":"111.9850"},"timezone":{"offset":"-9:00","description":"Alaska"}},"email":"johanna.steinhauer@example.com","login":{"uuid":"8d114384-8e80-4626-ae49-7de04eec87b8","username":"organickoala864","password":"drive","salt":"6IcyizN6","md5":"ee3775ce711b6bf9fee17ccc9d065a54","sha1":"dc1fac1e37c9c77e7bfec82d8d8d7ecc9e6fa3be","sha256":"058d756275c149e4dee036a0b9bb3a5e1b926784c67f8ab3c5e8b96b0c313d51"},"dob":{"date":"1997-03-23T08:51:48.939Z","age":27},"registered":{"date":"2002-10-16T18:31:12.845Z","age":21},"phone":"0997-5475241","cell":"0171-8774172","id":{"name":"SVNR","value":"62 230397 S 508"},"picture":{"large":"https://randomuser.me/api/portraits/women/26.jpg","medium":"https://randomuser.me/api/portraits/med/women/26.jpg","thumbnail":"https://randomuser.me/api/portraits/thumb/women/26.jpg"},"nat":"DE"}],"info":{"seed":"e3e880f87f5671ad","results":1,"page":1,"version":"1.4"}} 
 </msg>
<msg time="2024-05-27T10:16:05.731660" level="INFO">/opt/hostedtoolcache/Python/3.12.3/x64/lib/python3.12/site-packages/urllib3/connectionpool.py:1103: InsecureRequestWarning: Unverified HTTPS request is being made to host 'randomuser.me'. Adding certificate verification is strongly advised. See: https://urllib3.readthedocs.io/en/latest/advanced-usage.html#tls-warnings
  warnings.warn(</msg>
<msg time="2024-05-27T10:16:05.731789" level="INFO">${response} = &lt;Response [200]&gt;</msg>
<var>${response}</var>
<arg>consultarAPI</arg>
<arg>/api</arg>
<doc>Sends a GET request on a previously created HTTP Session.</doc>
<status status="PASS" start="2024-05-27T10:16:05.659712" elapsed="0.072126"/>
</kw>
<kw name="Set Variable" owner="BuiltIn">
<msg time="2024-05-27T10:16:05.732968" level="INFO">${json_data} = {'results': [{'gender': 'female', 'name': {'title': 'Miss', 'first': 'Johanna', 'last': 'Steinhauer'}, 'location': {'street': {'number': 2802, 'name': 'Danziger Straße'}, 'city': 'Lichtenau', 'state':...</msg>
<var>${json_data}</var>
<arg>${response.json()}</arg>
<doc>Returns the given values which can then be assigned to a variables.</doc>
<status status="PASS" start="2024-05-27T10:16:05.732396" elapsed="0.000604"/>
</kw>
<kw name="Log" owner="BuiltIn">
<msg time="2024-05-27T10:16:05.733546" level="INFO">{'results': [{'gender': 'female', 'name': {'title': 'Miss', 'first': 'Johanna', 'last': 'Steinhauer'}, 'location': {'street': {'number': 2802, 'name': 'Danziger Straße'}, 'city': 'Lichtenau', 'state': 'Bremen', 'country': 'Germany', 'postcode': 56999, 'coordinates': {'latitude': '-49.7683', 'longitude': '111.9850'}, 'timezone': {'offset': '-9:00', 'description': 'Alaska'}}, 'email': 'johanna.steinhauer@example.com', 'login': {'uuid': '8d114384-8e80-4626-ae49-7de04eec87b8', 'username': 'organickoala864', 'password': 'drive', 'salt': '6IcyizN6', 'md5': 'ee3775ce711b6bf9fee17ccc9d065a54', 'sha1': 'dc1fac1e37c9c77e7bfec82d8d8d7ecc9e6fa3be', 'sha256': '058d756275c149e4dee036a0b9bb3a5e1b926784c67f8ab3c5e8b96b0c313d51'}, 'dob': {'date': '1997-03-23T08:51:48.939Z', 'age': 27}, 'registered': {'date': '2002-10-16T18:31:12.845Z', 'age': 21}, 'phone': '0997-5475241', 'cell': '0171-8774172', 'id': {'name': 'SVNR', 'value': '62 230397 S 508'}, 'picture': {'large': 'https://randomuser.me/api/portraits/women/26.jpg', 'medium': 'https://randomuser.me/api/portraits/med/women/26.jpg', 'thumbnail': 'https://randomuser.me/api/portraits/thumb/women/26.jpg'}, 'nat': 'DE'}], 'info': {'seed': 'e3e880f87f5671ad', 'results': 1, 'page': 1, 'version': '1.4'}}</msg>
<arg>${json_data}</arg>
<doc>Logs the given message with the given level.</doc>
<status status="PASS" start="2024-05-27T10:16:05.733374" elapsed="0.000229"/>
</kw>
<kw name="Dictionary Should Contain Key" owner="Collections">
<msg time="2024-05-27T10:16:05.734071" level="INFO">False</msg>
<arg>${json_data}</arg>
<arg>results</arg>
<doc>Fails if ``key`` is not found from ``dictionary``.</doc>
<status status="PASS" start="2024-05-27T10:16:05.733909" elapsed="0.000201"/>
</kw>
<kw name="Should Not Be Empty" owner="BuiltIn">
<msg time="2024-05-27T10:16:05.734548" level="INFO">Length is 2.</msg>
<arg>${json_data}</arg>
<doc>Verifies that the given item is not empty.</doc>
<status status="PASS" start="2024-05-27T10:16:05.734412" elapsed="0.000175"/>
</kw>
<kw name="Create List" owner="BuiltIn">
<msg time="2024-05-27T10:16:05.735225" level="INFO">${expected_keys} = ['gender', 'name', 'location', 'email', 'login']</msg>
<var>${expected_keys}</var>
<arg>gender</arg>
<arg>name</arg>
<arg>location</arg>
<arg>email</arg>
<arg>login</arg>
<doc>Returns a list containing given items.</doc>
<status status="PASS" start="2024-05-27T10:16:05.734885" elapsed="0.000415"/>
</kw>
<for flavor="IN">
<iter>
<kw name="Dictionary Should Contain Key" owner="Collections">
<msg time="2024-05-27T10:16:05.736368" level="INFO">False</msg>
<arg>${json_data['results'][0]}</arg>
<arg>${key}</arg>
<doc>Fails if ``key`` is not found from ``dictionary``.</doc>
<status status="PASS" start="2024-05-27T10:16:05.735948" elapsed="0.000459"/>
</kw>
<kw name="Log" owner="BuiltIn">
<msg time="2024-05-27T10:16:05.737080" level="INFO">{'gender': 'female', 'name': {'title': 'Miss', 'first': 'Johanna', 'last': 'Steinhauer'}, 'location': {'street': {'number': 2802, 'name': 'Danziger Straße'}, 'city': 'Lichtenau', 'state': 'Bremen', 'country': 'Germany', 'postcode': 56999, 'coordinates': {'latitude': '-49.7683', 'longitude': '111.9850'}, 'timezone': {'offset': '-9:00', 'description': 'Alaska'}}, 'email': 'johanna.steinhauer@example.com', 'login': {'uuid': '8d114384-8e80-4626-ae49-7de04eec87b8', 'username': 'organickoala864', 'password': 'drive', 'salt': '6IcyizN6', 'md5': 'ee3775ce711b6bf9fee17ccc9d065a54', 'sha1': 'dc1fac1e37c9c77e7bfec82d8d8d7ecc9e6fa3be', 'sha256': '058d756275c149e4dee036a0b9bb3a5e1b926784c67f8ab3c5e8b96b0c313d51'}, 'dob': {'date': '1997-03-23T08:51:48.939Z', 'age': 27}, 'registered': {'date': '2002-10-16T18:31:12.845Z', 'age': 21}, 'phone': '0997-5475241', 'cell': '0171-8774172', 'id': {'name': 'SVNR', 'value': '62 230397 S 508'}, 'picture': {'large': 'https://randomuser.me/api/portraits/women/26.jpg', 'medium': 'https://randomuser.me/api/portraits/med/women/26.jpg', 'thumbnail': 'https://randomuser.me/api/portraits/thumb/women/26.jpg'}, 'nat': 'DE'}</msg>
<arg>${json_data['results'][0]}</arg>
<doc>Logs the given message with the given level.</doc>
<status status="PASS" start="2024-05-27T10:16:05.736714" elapsed="0.000418"/>
</kw>
<kw name="Log" owner="BuiltIn">
<msg time="2024-05-27T10:16:05.737562" level="INFO">gender</msg>
<arg>${key}</arg>
<doc>Logs the given message with the given level.</doc>
<status status="PASS" start="2024-05-27T10:16:05.737433" elapsed="0.000166"/>
</kw>
<var name="${key}">gender</var>
<status status="PASS" start="2024-05-27T10:16:05.735811" elapsed="0.002005"/>
</iter>
<iter>
<kw name="Dictionary Should Contain Key" owner="Collections">
<msg time="2024-05-27T10:16:05.738521" level="INFO">False</msg>
<arg>${json_data['results'][0]}</arg>
<arg>${key}</arg>
<doc>Fails if ``key`` is not found from ``dictionary``.</doc>
<status status="PASS" start="2024-05-27T10:16:05.738125" elapsed="0.000434"/>
</kw>
<kw name="Log" owner="BuiltIn">
<msg time="2024-05-27T10:16:05.739274" level="INFO">{'gender': 'female', 'name': {'title': 'Miss', 'first': 'Johanna', 'last': 'Steinhauer'}, 'location': {'street': {'number': 2802, 'name': 'Danziger Straße'}, 'city': 'Lichtenau', 'state': 'Bremen', 'country': 'Germany', 'postcode': 56999, 'coordinates': {'latitude': '-49.7683', 'longitude': '111.9850'}, 'timezone': {'offset': '-9:00', 'description': 'Alaska'}}, 'email': 'johanna.steinhauer@example.com', 'login': {'uuid': '8d114384-8e80-4626-ae49-7de04eec87b8', 'username': 'organickoala864', 'password': 'drive', 'salt': '6IcyizN6', 'md5': 'ee3775ce711b6bf9fee17ccc9d065a54', 'sha1': 'dc1fac1e37c9c77e7bfec82d8d8d7ecc9e6fa3be', 'sha256': '058d756275c149e4dee036a0b9bb3a5e1b926784c67f8ab3c5e8b96b0c313d51'}, 'dob': {'date': '1997-03-23T08:51:48.939Z', 'age': 27}, 'registered': {'date': '2002-10-16T18:31:12.845Z', 'age': 21}, 'phone': '0997-5475241', 'cell': '0171-8774172', 'id': {'name': 'SVNR', 'value': '62 230397 S 508'}, 'picture': {'large': 'https://randomuser.me/api/portraits/women/26.jpg', 'medium': 'https://randomuser.me/api/portraits/med/women/26.jpg', 'thumbnail': 'https://randomuser.me/api/portraits/thumb/women/26.jpg'}, 'nat': 'DE'}</msg>
<arg>${json_data['results'][0]}</arg>
<doc>Logs the given message with the given level.</doc>
<status status="PASS" start="2024-05-27T10:16:05.738890" elapsed="0.000449"/>
</kw>
<kw name="Log" owner="BuiltIn">
<msg time="2024-05-27T10:16:05.739772" level="INFO">name</msg>
<arg>${key}</arg>
<doc>Logs the given message with the given level.</doc>
<status status="PASS" start="2024-05-27T10:16:05.739643" elapsed="0.000170"/>
</kw>
<var name="${key}">name</var>
<status status="PASS" start="2024-05-27T10:16:05.738008" elapsed="0.002024"/>
</iter>
<iter>
<kw name="Dictionary Should Contain Key" owner="Collections">
<msg time="2024-05-27T10:16:05.740706" level="INFO">False</msg>
<arg>${json_data['results'][0]}</arg>
<arg>${key}</arg>
<doc>Fails if ``key`` is not found from ``dictionary``.</doc>
<status status="PASS" start="2024-05-27T10:16:05.740332" elapsed="0.000411"/>
</kw>
<kw name="Log" owner="BuiltIn">
<msg time="2024-05-27T10:16:05.741395" level="INFO">{'gender': 'female', 'name': {'title': 'Miss', 'first': 'Johanna', 'last': 'Steinhauer'}, 'location': {'street': {'number': 2802, 'name': 'Danziger Straße'}, 'city': 'Lichtenau', 'state': 'Bremen', 'country': 'Germany', 'postcode': 56999, 'coordinates': {'latitude': '-49.7683', 'longitude': '111.9850'}, 'timezone': {'offset': '-9:00', 'description': 'Alaska'}}, 'email': 'johanna.steinhauer@example.com', 'login': {'uuid': '8d114384-8e80-4626-ae49-7de04eec87b8', 'username': 'organickoala864', 'password': 'drive', 'salt': '6IcyizN6', 'md5': 'ee3775ce711b6bf9fee17ccc9d065a54', 'sha1': 'dc1fac1e37c9c77e7bfec82d8d8d7ecc9e6fa3be', 'sha256': '058d756275c149e4dee036a0b9bb3a5e1b926784c67f8ab3c5e8b96b0c313d51'}, 'dob': {'date': '1997-03-23T08:51:48.939Z', 'age': 27}, 'registered': {'date': '2002-10-16T18:31:12.845Z', 'age': 21}, 'phone': '0997-5475241', 'cell': '0171-8774172', 'id': {'name': 'SVNR', 'value': '62 230397 S 508'}, 'picture': {'large': 'https://randomuser.me/api/portraits/women/26.jpg', 'medium': 'https://randomuser.me/api/portraits/med/women/26.jpg', 'thumbnail': 'https://randomuser.me/api/portraits/thumb/women/26.jpg'}, 'nat': 'DE'}</msg>
<arg>${json_data['results'][0]}</arg>
<doc>Logs the given message with the given level.</doc>
<status status="PASS" start="2024-05-27T10:16:05.741038" elapsed="0.000407"/>
</kw>
<kw name="Log" owner="BuiltIn">
<msg time="2024-05-27T10:16:05.741872" level="INFO">location</msg>
<arg>${key}</arg>
<doc>Logs the given message with the given level.</doc>
<status status="PASS" start="2024-05-27T10:16:05.741747" elapsed="0.000163"/>
</kw>
<var name="${key}">location</var>
<status status="PASS" start="2024-05-27T10:16:05.740211" elapsed="0.001926"/>
</iter>
<iter>
<kw name="Dictionary Should Contain Key" owner="Collections">
<msg time="2024-05-27T10:16:05.742803" level="INFO">False</msg>
<arg>${json_data['results'][0]}</arg>
<arg>${key}</arg>
<doc>Fails if ``key`` is not found from ``dictionary``.</doc>
<status status="PASS" start="2024-05-27T10:16:05.742421" elapsed="0.000420"/>
</kw>
<kw name="Log" owner="BuiltIn">
<msg time="2024-05-27T10:16:05.743552" level="INFO">{'gender': 'female', 'name': {'title': 'Miss', 'first': 'Johanna', 'last': 'Steinhauer'}, 'location': {'street': {'number': 2802, 'name': 'Danziger Straße'}, 'city': 'Lichtenau', 'state': 'Bremen', 'country': 'Germany', 'postcode': 56999, 'coordinates': {'latitude': '-49.7683', 'longitude': '111.9850'}, 'timezone': {'offset': '-9:00', 'description': 'Alaska'}}, 'email': 'johanna.steinhauer@example.com', 'login': {'uuid': '8d114384-8e80-4626-ae49-7de04eec87b8', 'username': 'organickoala864', 'password': 'drive', 'salt': '6IcyizN6', 'md5': 'ee3775ce711b6bf9fee17ccc9d065a54', 'sha1': 'dc1fac1e37c9c77e7bfec82d8d8d7ecc9e6fa3be', 'sha256': '058d756275c149e4dee036a0b9bb3a5e1b926784c67f8ab3c5e8b96b0c313d51'}, 'dob': {'date': '1997-03-23T08:51:48.939Z', 'age': 27}, 'registered': {'date': '2002-10-16T18:31:12.845Z', 'age': 21}, 'phone': '0997-5475241', 'cell': '0171-8774172', 'id': {'name': 'SVNR', 'value': '62 230397 S 508'}, 'picture': {'large': 'https://randomuser.me/api/portraits/women/26.jpg', 'medium': 'https://randomuser.me/api/portraits/med/women/26.jpg', 'thumbnail': 'https://randomuser.me/api/portraits/thumb/women/26.jpg'}, 'nat': 'DE'}</msg>
<arg>${json_data['results'][0]}</arg>
<doc>Logs the given message with the given level.</doc>
<status status="PASS" start="2024-05-27T10:16:05.743138" elapsed="0.000476"/>
</kw>
<kw name="Log" owner="BuiltIn">
<msg time="2024-05-27T10:16:05.744051" level="INFO">email</msg>
<arg>${key}</arg>
<doc>Logs the given message with the given level.</doc>
<status status="PASS" start="2024-05-27T10:16:05.743922" elapsed="0.000167"/>
</kw>
<var name="${key}">email</var>
<status status="PASS" start="2024-05-27T10:16:05.742306" elapsed="0.002002"/>
</iter>
<iter>
<kw name="Dictionary Should Contain Key" owner="Collections">
<msg time="2024-05-27T10:16:05.744984" level="INFO">False</msg>
<arg>${json_data['results'][0]}</arg>
<arg>${key}</arg>
<doc>Fails if ``key`` is not found from ``dictionary``.</doc>
<status status="PASS" start="2024-05-27T10:16:05.744590" elapsed="0.000434"/>
</kw>
<kw name="Log" owner="BuiltIn">
<msg time="2024-05-27T10:16:05.745688" level="INFO">{'gender': 'female', 'name': {'title': 'Miss', 'first': 'Johanna', 'last': 'Steinhauer'}, 'location': {'street': {'number': 2802, 'name': 'Danziger Straße'}, 'city': 'Lichtenau', 'state': 'Bremen', 'country': 'Germany', 'postcode': 56999, 'coordinates': {'latitude': '-49.7683', 'longitude': '111.9850'}, 'timezone': {'offset': '-9:00', 'description': 'Alaska'}}, 'email': 'johanna.steinhauer@example.com', 'login': {'uuid': '8d114384-8e80-4626-ae49-7de04eec87b8', 'username': 'organickoala864', 'password': 'drive', 'salt': '6IcyizN6', 'md5': 'ee3775ce711b6bf9fee17ccc9d065a54', 'sha1': 'dc1fac1e37c9c77e7bfec82d8d8d7ecc9e6fa3be', 'sha256': '058d756275c149e4dee036a0b9bb3a5e1b926784c67f8ab3c5e8b96b0c313d51'}, 'dob': {'date': '1997-03-23T08:51:48.939Z', 'age': 27}, 'registered': {'date': '2002-10-16T18:31:12.845Z', 'age': 21}, 'phone': '0997-5475241', 'cell': '0171-8774172', 'id': {'name': 'SVNR', 'value': '62 230397 S 508'}, 'picture': {'large': 'https://randomuser.me/api/portraits/women/26.jpg', 'medium': 'https://randomuser.me/api/portraits/med/women/26.jpg', 'thumbnail': 'https://randomuser.me/api/portraits/thumb/women/26.jpg'}, 'nat': 'DE'}</msg>
<arg>${json_data['results'][0]}</arg>
<doc>Logs the given message with the given level.</doc>
<status status="PASS" start="2024-05-27T10:16:05.745321" elapsed="0.000426"/>
</kw>
<kw name="Log" owner="BuiltIn">
<msg time="2024-05-27T10:16:05.746177" level="INFO">login</msg>
<arg>${key}</arg>
<doc>Logs the given message with the given level.</doc>
<status status="PASS" start="2024-05-27T10:16:05.746049" elapsed="0.000167"/>
</kw>
<var name="${key}">login</var>
<status status="PASS" start="2024-05-27T10:16:05.744478" elapsed="0.001979"/>
</iter>
<var>${key}</var>
<value>@{expected_keys}</value>
<status status="PASS" start="2024-05-27T10:16:05.735596" elapsed="0.010986"/>
</for>
<kw name="Create List" owner="BuiltIn">
<msg time="2024-05-27T10:16:05.746950" level="INFO">${expected_keysTwo} = ['username', 'password']</msg>
<var>${expected_keysTwo}</var>
<arg>username</arg>
<arg>password</arg>
<doc>Returns a list containing given items.</doc>
<status status="PASS" start="2024-05-27T10:16:05.746788" elapsed="0.000195"/>
</kw>
<for flavor="IN">
<iter>
<kw name="Dictionary Should Contain Key" owner="Collections">
<msg time="2024-05-27T10:16:05.747955" level="INFO">False</msg>
<arg>${json_data['results'][0]['login']}</arg>
<arg>${keyTwo}</arg>
<doc>Fails if ``key`` is not found from ``dictionary``.</doc>
<status status="PASS" start="2024-05-27T10:16:05.747549" elapsed="0.000443"/>
</kw>
<kw name="Dictionary Should Contain Key" owner="Collections">
<msg time="2024-05-27T10:16:05.748722" level="INFO">False</msg>
<arg>${json_data['results'][0]['login']}</arg>
<arg>${keyTwo}</arg>
<doc>Fails if ``key`` is not found from ``dictionary``.</doc>
<status status="PASS" start="2024-05-27T10:16:05.748298" elapsed="0.000464"/>
</kw>
<kw name="Log" owner="BuiltIn">
<msg time="2024-05-27T10:16:05.749211" level="INFO">username</msg>
<arg>${keyTwo}</arg>
<doc>Logs the given message with the given level.</doc>
<status status="PASS" start="2024-05-27T10:16:05.749071" elapsed="0.000178"/>
</kw>
<var name="${keyTwo}">username</var>
<status status="PASS" start="2024-05-27T10:16:05.747421" elapsed="0.002048"/>
</iter>
<iter>
<kw name="Dictionary Should Contain Key" owner="Collections">
<msg time="2024-05-27T10:16:05.750141" level="INFO">False</msg>
<arg>${json_data['results'][0]['login']}</arg>
<arg>${keyTwo}</arg>
<doc>Fails if ``key`` is not found from ``dictionary``.</doc>
<status status="PASS" start="2024-05-27T10:16:05.749758" elapsed="0.000422"/>
</kw>
<kw name="Dictionary Should Contain Key" owner="Collections">
<msg time="2024-05-27T10:16:05.750975" level="INFO">False</msg>
<arg>${json_data['results'][0]['login']}</arg>
<arg>${keyTwo}</arg>
<doc>Fails if ``key`` is not found from ``dictionary``.</doc>
<status status="PASS" start="2024-05-27T10:16:05.750484" elapsed="0.000532"/>
</kw>
<kw name="Log" owner="BuiltIn">
<msg time="2024-05-27T10:16:05.751468" level="INFO">password</msg>
<arg>${keyTwo}</arg>
<doc>Logs the given message with the given level.</doc>
<status status="PASS" start="2024-05-27T10:16:05.751338" elapsed="0.000167"/>
</kw>
<var name="${keyTwo}">password</var>
<status status="PASS" start="2024-05-27T10:16:05.749643" elapsed="0.002079"/>
</iter>
<var>${keyTwo}</var>
<value>@{expected_keysTwo}</value>
<status status="PASS" start="2024-05-27T10:16:05.747233" elapsed="0.004609"/>
</for>
<status status="PASS" start="2024-05-27T10:16:05.659373" elapsed="0.092616"/>
</kw>
<doc>Testa a estrutura da resposta da API.</doc>
<tag>testeEstruturaResposta</tag>
<status status="PASS" start="2024-05-27T10:16:05.658579" elapsed="0.093575"/>
</test>
<test id="s1-s1-t4" name="Validar tipos de dados" line="28">
<kw name="Teste de Tipos de Dados" owner="random-user-service">
<kw name="GET On Session" owner="RequestsLibrary">
<msg time="2024-05-27T10:16:05.838349" level="INFO">GET Request : url=https://randomuser.me/api 
 path_url=/api 
 headers={'User-Agent': 'python-requests/2.32.2', 'Accept-Encoding': 'gzip, deflate', 'Accept': '*/*', 'Connection': 'keep-alive'} 
 body=None 
 </msg>
<msg time="2024-05-27T10:16:05.838458" level="INFO">GET Response : url=https://randomuser.me/api 
 status=200, reason=OK 
 headers={'Date': 'Mon, 27 May 2024 10:16:05 GMT', 'Content-Type': 'application/json; charset=utf-8', 'Transfer-Encoding': 'chunked', 'Connection': 'keep-alive', 'X-Powered-By': 'Express', 'Access-Control-Allow-Origin': '*', 'Cache-Control': 'no-cache', 'ETag': 'W/"480-YCq4xYut2wS/MfPsf1Bgln2jpZ4"', 'Vary': 'Accept-Encoding', 'Content-Encoding': 'gzip', 'CF-Cache-Status': 'DYNAMIC', 'Report-To': '{"endpoints":[{"url":"https:\\/\\/a.nel.cloudflare.com\\/report\\/v4?s=W0vmUm6DjcWXgncw%2FThUZeo%2FsKSudEMhYcX5IbdbMvoYiGF33sbVn5bEr%2Fb9KkGiWJ6Plz%2BLxYHAnNUOYLYThNuzwNXaLjDuZ41EWqgqf73FSEIDc6ME4OFYTVYhxcwx"}],"group":"cf-nel","max_age":604800}', 'NEL': '{"success_fraction":0,"report_to":"cf-nel","max_age":604800}', 'Server': 'cloudflare', 'CF-RAY': '88a53f5bfa082036-IAD', 'alt-svc': 'h3=":443"; ma=86400'} 
 body={"results":[{"gender":"male","name":{"title":"Mr","first":"Raul","last":"Garza"},"location":{"street":{"number":5642,"name":"Preston Rd"},"city":"Port Macquarie","state":"Tasmania","country":"Australia","postcode":360,"coordinates":{"latitude":"-89.4283","longitude":"-44.8791"},"timezone":{"offset":"+2:00","description":"Kaliningrad, South Africa"}},"email":"raul.garza@example.com","login":{"uuid":"c489aba8-918e-456b-9be6-7b94d2a41535","username":"tinygorilla505","password":"porsche9","salt":"IeI6vBQw","md5":"de5c3e3f25a3f7f3f040a8afa60d82c6","sha1":"c960fb18bc7c88fe76b7fd90acedd133b6748ccb","sha256":"6cc233b33555a5b2716076abd3035716f5aecbdf79046193436c7816f1f16de3"},"dob":{"date":"1986-09-03T08:08:21.118Z","age":37},"registered":{"date":"2014-07-17T19:50:25.810Z","age":9},"phone":"08-1620-3233","cell":"0446-374-856","id":{"name":"TFN","value":"484394344"},"picture":{"large":"https://randomuser.me/api/portraits/men/28.jpg","medium":"https://randomuser.me/api/portraits/med/men/28.jpg","thumbnail":"https://randomuser.me/api/portraits/thumb/men/28.jpg"},"nat":"AU"}],"info":{"seed":"d2060adf89020bed","results":1,"page":1,"version":"1.4"}} 
 </msg>
<msg time="2024-05-27T10:16:05.838540" level="INFO">/opt/hostedtoolcache/Python/3.12.3/x64/lib/python3.12/site-packages/urllib3/connectionpool.py:1103: InsecureRequestWarning: Unverified HTTPS request is being made to host 'randomuser.me'. Adding certificate verification is strongly advised. See: https://urllib3.readthedocs.io/en/latest/advanced-usage.html#tls-warnings
  warnings.warn(</msg>
<msg time="2024-05-27T10:16:05.838686" level="INFO">${response} = &lt;Response [200]&gt;</msg>
<var>${response}</var>
<arg>consultarAPI</arg>
<arg>/api</arg>
<doc>Sends a GET request on a previously created HTTP Session.</doc>
<status status="PASS" start="2024-05-27T10:16:05.754614" elapsed="0.084118"/>
</kw>
<kw name="Set Variable" owner="BuiltIn">
<msg time="2024-05-27T10:16:05.839911" level="INFO">${json_data} = {'results': [{'gender': 'male', 'name': {'title': 'Mr', 'first': 'Raul', 'last': 'Garza'}, 'location': {'street': {'number': 5642, 'name': 'Preston Rd'}, 'city': 'Port Macquarie', 'state': 'Tasmania',...</msg>
<var>${json_data}</var>
<arg>${response.json()}</arg>
<doc>Returns the given values which can then be assigned to a variables.</doc>
<status status="PASS" start="2024-05-27T10:16:05.839351" elapsed="0.000590"/>
</kw>
<kw name="Log" owner="BuiltIn">
<msg time="2024-05-27T10:16:05.840513" level="INFO">{'results': [{'gender': 'male', 'name': {'title': 'Mr', 'first': 'Raul', 'last': 'Garza'}, 'location': {'street': {'number': 5642, 'name': 'Preston Rd'}, 'city': 'Port Macquarie', 'state': 'Tasmania', 'country': 'Australia', 'postcode': 360, 'coordinates': {'latitude': '-89.4283', 'longitude': '-44.8791'}, 'timezone': {'offset': '+2:00', 'description': 'Kaliningrad, South Africa'}}, 'email': 'raul.garza@example.com', 'login': {'uuid': 'c489aba8-918e-456b-9be6-7b94d2a41535', 'username': 'tinygorilla505', 'password': 'porsche9', 'salt': 'IeI6vBQw', 'md5': 'de5c3e3f25a3f7f3f040a8afa60d82c6', 'sha1': 'c960fb18bc7c88fe76b7fd90acedd133b6748ccb', 'sha256': '6cc233b33555a5b2716076abd3035716f5aecbdf79046193436c7816f1f16de3'}, 'dob': {'date': '1986-09-03T08:08:21.118Z', 'age': 37}, 'registered': {'date': '2014-07-17T19:50:25.810Z', 'age': 9}, 'phone': '08-1620-3233', 'cell': '0446-374-856', 'id': {'name': 'TFN', 'value': '484394344'}, 'picture': {'large': 'https://randomuser.me/api/portraits/men/28.jpg', 'medium': 'https://randomuser.me/api/portraits/med/men/28.jpg', 'thumbnail': 'https://randomuser.me/api/portraits/thumb/men/28.jpg'}, 'nat': 'AU'}], 'info': {'seed': 'd2060adf89020bed', 'results': 1, 'page': 1, 'version': '1.4'}}</msg>
<arg>${json_data}</arg>
<doc>Logs the given message with the given level.</doc>
<status status="PASS" start="2024-05-27T10:16:05.840330" elapsed="0.000279"/>
</kw>
<kw name="Should Be String" owner="String">
<arg>${json_data['results'][0]['gender']}</arg>
<doc>Fails if the given ``item`` is not a string.</doc>
<status status="PASS" start="2024-05-27T10:16:05.840954" elapsed="0.000405"/>
</kw>
<kw name="Should Match Regexp" owner="BuiltIn">
<arg>${json_data['results'][0]['email']}</arg>
<arg>^[a-zA-Z0-9._%+-]+@[a-zA-Z0-9.-]+\.[a-zA-Z]{2,}$</arg>
<doc>Fails if ``string`` does not match ``pattern`` as a regular expression.</doc>
<status status="PASS" start="2024-05-27T10:16:05.841566" elapsed="0.000541"/>
</kw>
<kw name="Should Match Regexp" owner="BuiltIn">
<arg>${json_data['results'][0]['dob']['date']}</arg>
<arg>\\d{4}-\\d{2}-\\d{2}T\\d{2}:\\d{2}:\\d{2}\\.\\d{3}Z</arg>
<doc>Fails if ``string`` does not match ``pattern`` as a regular expression.</doc>
<status status="PASS" start="2024-05-27T10:16:05.842313" elapsed="0.000497"/>
</kw>
<kw name="Should Match Regexp" owner="BuiltIn">
<arg>${json_data['results'][0]['registered']['date']}</arg>
<arg>\\d{4}-\\d{2}-\\d{2}T\\d{2}:\\d{2}:\\d{2}\\.\\d{3}Z</arg>
<doc>Fails if ``string`` does not match ``pattern`` as a regular expression.</doc>
<status status="PASS" start="2024-05-27T10:16:05.843004" elapsed="0.000403"/>
</kw>
<kw name="Should Match Regexp" owner="BuiltIn">
<arg>${json_data['results'][0]['picture']['large']}</arg>
<arg>^https?://.*\.(?:png|jpe?g|gif|bmp)$</arg>
<doc>Fails if ``string`` does not match ``pattern`` as a regular expression.</doc>
<status status="PASS" start="2024-05-27T10:16:05.843605" elapsed="0.000461"/>
</kw>
<kw name="Should Match Regexp" owner="BuiltIn">
<arg>${json_data['results'][0]['picture']['medium']}</arg>
<arg>^https?://.*\.(?:png|jpe?g|gif|bmp)$</arg>
<doc>Fails if ``string`` does not match ``pattern`` as a regular expression.</doc>
<status status="PASS" start="2024-05-27T10:16:05.844258" elapsed="0.000354"/>
</kw>
<kw name="Should Match Regexp" owner="BuiltIn">
<arg>${json_data['results'][0]['picture']['thumbnail']}</arg>
<arg>^https?://.*\.(?:png|jpe?g|gif|bmp)$</arg>
<doc>Fails if ``string`` does not match ``pattern`` as a regular expression.</doc>
<status status="PASS" start="2024-05-27T10:16:05.844798" elapsed="0.000347"/>
</kw>
<kw name="Log" owner="BuiltIn">
<msg time="2024-05-27T10:16:05.845665" level="INFO">{'large': 'https://randomuser.me/api/portraits/men/28.jpg', 'medium': 'https://randomuser.me/api/portraits/med/men/28.jpg', 'thumbnail': 'https://randomuser.me/api/portraits/thumb/men/28.jpg'}</msg>
<arg>${json_data['results'][0]['picture']}</arg>
<doc>Logs the given message with the given level.</doc>
<status status="PASS" start="2024-05-27T10:16:05.845342" elapsed="0.000367"/>
</kw>
<status status="PASS" start="2024-05-27T10:16:05.754376" elapsed="0.091611"/>
</kw>
<kw name="Teste de Tipos de Dados - Postcode" owner="random-user-service">
<kw name="GET On Session" owner="RequestsLibrary">
<msg time="2024-05-27T10:16:05.941733" level="INFO">GET Request : url=https://randomuser.me/api 
 path_url=/api 
 headers={'User-Agent': 'python-requests/2.32.2', 'Accept-Encoding': 'gzip, deflate', 'Accept': '*/*', 'Connection': 'keep-alive'} 
 body=None 
 </msg>
<msg time="2024-05-27T10:16:05.941843" level="INFO">GET Response : url=https://randomuser.me/api 
 status=200, reason=OK 
 headers={'Date': 'Mon, 27 May 2024 10:16:05 GMT', 'Content-Type': 'application/json; charset=utf-8', 'Transfer-Encoding': 'chunked', 'Connection': 'keep-alive', 'X-Powered-By': 'Express', 'Access-Control-Allow-Origin': '*', 'Cache-Control': 'no-cache', 'ETag': 'W/"49d-ycfNZXzi1pqfVIjtndjuZeJ7pDE"', 'Vary': 'Accept-Encoding', 'Content-Encoding': 'gzip', 'CF-Cache-Status': 'DYNAMIC', 'Report-To': '{"endpoints":[{"url":"https:\\/\\/a.nel.cloudflare.com\\/report\\/v4?s=7YR0MObfiFYd15CYBNZSomixC%2Bl3lUQSXW4ljYm%2BHahrzMzjvYtHy1J3TENkdWL42thaUk7aCYAAPxI0p0seqQEL2v5RwFXECvXxdQ5SUM2DM6WPVbRJ3DMNLmdtExLk"}],"group":"cf-nel","max_age":604800}', 'NEL': '{"success_fraction":0,"report_to":"cf-nel","max_age":604800}', 'Server': 'cloudflare', 'CF-RAY': '88a53f5c9a802036-IAD', 'alt-svc': 'h3=":443"; ma=86400'} 
 body={"results":[{"gender":"male","name":{"title":"Mr","first":"Steve","last":"Fitzgerald"},"location":{"street":{"number":2308,"name":"Westmoreland Street"},"city":"Mullingar","state":"Roscommon","country":"Ireland","postcode":24113,"coordinates":{"latitude":"1.3153","longitude":"-133.2063"},"timezone":{"offset":"+5:00","description":"Ekaterinburg, Islamabad, Karachi, Tashkent"}},"email":"steve.fitzgerald@example.com","login":{"uuid":"e4a3fac2-3e04-422d-83e1-7817135f238a","username":"tinycat534","password":"cannabis","salt":"m6csliYH","md5":"05f31bc5d3abf43b0420a8e07278e8f6","sha1":"a78f4f3fae37451bc2882f79707f00630c731f2c","sha256":"e8cc6ab6be782b6f99cddc74ba6f0d3b72fdf3cbff771284aa1f08563aaa588f"},"dob":{"date":"1975-07-04T07:54:06.909Z","age":48},"registered":{"date":"2004-02-21T16:20:56.757Z","age":20},"phone":"011-239-1156","cell":"081-694-2883","id":{"name":"PPS","value":"7996941T"},"picture":{"large":"https://randomuser.me/api/portraits/men/49.jpg","medium":"https://randomuser.me/api/portraits/med/men/49.jpg","thumbnail":"https://randomuser.me/api/portraits/thumb/men/49.jpg"},"nat":"IE"}],"info":{"seed":"0de67875cfabdbac","results":1,"page":1,"version":"1.4"}} 
 </msg>
<msg time="2024-05-27T10:16:05.941920" level="INFO">/opt/hostedtoolcache/Python/3.12.3/x64/lib/python3.12/site-packages/urllib3/connectionpool.py:1103: InsecureRequestWarning: Unverified HTTPS request is being made to host 'randomuser.me'. Adding certificate verification is strongly advised. See: https://urllib3.readthedocs.io/en/latest/advanced-usage.html#tls-warnings
  warnings.warn(</msg>
<msg time="2024-05-27T10:16:05.942053" level="INFO">${response} = &lt;Response [200]&gt;</msg>
<var>${response}</var>
<arg>consultarAPI</arg>
<arg>/api</arg>
<doc>Sends a GET request on a previously created HTTP Session.</doc>
<status status="PASS" start="2024-05-27T10:16:05.846466" elapsed="0.095629"/>
</kw>
<kw name="Set Variable" owner="BuiltIn">
<msg time="2024-05-27T10:16:05.943209" level="INFO">${json_data} = {'results': [{'gender': 'male', 'name': {'title': 'Mr', 'first': 'Steve', 'last': 'Fitzgerald'}, 'location': {'street': {'number': 2308, 'name': 'Westmoreland Street'}, 'city': 'Mullingar', 'state': '...</msg>
<var>${json_data}</var>
<arg>${response.json()}</arg>
<doc>Returns the given values which can then be assigned to a variables.</doc>
<status status="PASS" start="2024-05-27T10:16:05.942662" elapsed="0.000609"/>
</kw>
<kw name="Log" owner="BuiltIn">
<msg time="2024-05-27T10:16:05.943777" level="INFO">{'results': [{'gender': 'male', 'name': {'title': 'Mr', 'first': 'Steve', 'last': 'Fitzgerald'}, 'location': {'street': {'number': 2308, 'name': 'Westmoreland Street'}, 'city': 'Mullingar', 'state': 'Roscommon', 'country': 'Ireland', 'postcode': 24113, 'coordinates': {'latitude': '1.3153', 'longitude': '-133.2063'}, 'timezone': {'offset': '+5:00', 'description': 'Ekaterinburg, Islamabad, Karachi, Tashkent'}}, 'email': 'steve.fitzgerald@example.com', 'login': {'uuid': 'e4a3fac2-3e04-422d-83e1-7817135f238a', 'username': 'tinycat534', 'password': 'cannabis', 'salt': 'm6csliYH', 'md5': '05f31bc5d3abf43b0420a8e07278e8f6', 'sha1': 'a78f4f3fae37451bc2882f79707f00630c731f2c', 'sha256': 'e8cc6ab6be782b6f99cddc74ba6f0d3b72fdf3cbff771284aa1f08563aaa588f'}, 'dob': {'date': '1975-07-04T07:54:06.909Z', 'age': 48}, 'registered': {'date': '2004-02-21T16:20:56.757Z', 'age': 20}, 'phone': '011-239-1156', 'cell': '081-694-2883', 'id': {'name': 'PPS', 'value': '7996941T'}, 'picture': {'large': 'https://randomuser.me/api/portraits/men/49.jpg', 'medium': 'https://randomuser.me/api/portraits/med/men/49.jpg', 'thumbnail': 'https://randomuser.me/api/portraits/thumb/men/49.jpg'}, 'nat': 'IE'}], 'info': {'seed': '0de67875cfabdbac', 'results': 1, 'page': 1, 'version': '1.4'}}</msg>
<arg>${json_data}</arg>
<doc>Logs the given message with the given level.</doc>
<status status="PASS" start="2024-05-27T10:16:05.943612" elapsed="0.000253"/>
</kw>
<kw name="Should Be Equal As Numbers" owner="BuiltIn">
<arg>${json_data['results'][0]['location']['postcode']}</arg>
<arg>${json_data['results'][0]['location']['postcode']}</arg>
<doc>Fails if objects are unequal after converting them to real numbers.</doc>
<status status="PASS" start="2024-05-27T10:16:05.944182" elapsed="0.000846"/>
</kw>
<kw name="Log" owner="BuiltIn">
<msg time="2024-05-27T10:16:05.945581" level="INFO">24113</msg>
<arg>${json_data['results'][0]['location']['postcode']}</arg>
<doc>Logs the given message with the given level.</doc>
<status status="PASS" start="2024-05-27T10:16:05.945233" elapsed="0.000390"/>
</kw>
<status status="PASS" start="2024-05-27T10:16:05.846221" elapsed="0.099668"/>
</kw>
<doc>Testa se os tipos de dados na resposta da API estão corretos.</doc>
<tag>testeTiposDados</tag>
<status status="PASS" start="2024-05-27T10:16:05.753900" elapsed="0.192167"/>
</test>
<test id="s1-s1-t5" name="Validar conteudo" line="35">
<kw name="Teste de Tipos de Conteudo" owner="random-user-service">
<kw name="GET On Session" owner="RequestsLibrary">
<msg time="2024-05-27T10:16:06.145128" level="INFO">GET Request : url=https://randomuser.me/api 
 path_url=/api 
 headers={'User-Agent': 'python-requests/2.32.2', 'Accept-Encoding': 'gzip, deflate', 'Accept': '*/*', 'Connection': 'keep-alive'} 
 body=None 
 </msg>
<msg time="2024-05-27T10:16:06.145234" level="INFO">GET Response : url=https://randomuser.me/api 
 status=200, reason=OK 
 headers={'Date': 'Mon, 27 May 2024 10:16:06 GMT', 'Content-Type': 'application/json; charset=utf-8', 'Transfer-Encoding': 'chunked', 'Connection': 'keep-alive', 'X-Powered-By': 'Express', 'Access-Control-Allow-Origin': '*', 'Cache-Control': 'no-cache', 'ETag': 'W/"486-vxUcYnHfmZJmzyScNI1p4ZD1yhU"', 'Vary': 'Accept-Encoding', 'Content-Encoding': 'gzip', 'CF-Cache-Status': 'DYNAMIC', 'Report-To': '{"endpoints":[{"url":"https:\\/\\/a.nel.cloudflare.com\\/report\\/v4?s=k47nA%2FJwIcGzSwc1GqQJIlWHw%2FEv%2BIAVg3lTgdNOyaqpeeOceE0kZlLQyohrjaNqz8Xbe9xBB%2FM8Ech1p7S4yynziXQ9Cj7q9QH3sW3V0yV4Yw%2FY4B4Gs0bihRR6s9rJ"}],"group":"cf-nel","max_age":604800}', 'NEL': '{"success_fraction":0,"report_to":"cf-nel","max_age":604800}', 'Server': 'cloudflare', 'CF-RAY': '88a53f5d3afd2036-IAD', 'alt-svc': 'h3=":443"; ma=86400'} 
 body={"results":[{"gender":"male","name":{"title":"Mr","first":"Vasilije","last":"Sekulić"},"location":{"street":{"number":5233,"name":"Tatjane Bošnjak"},"city":"Bečej","state":"Podunavlje","country":"Serbia","postcode":65569,"coordinates":{"latitude":"61.8833","longitude":"-78.7902"},"timezone":{"offset":"-12:00","description":"Eniwetok, Kwajalein"}},"email":"vasilije.sekulic@example.com","login":{"uuid":"da08d189-0914-416b-a179-8232827785ff","username":"heavymeercat594","password":"avatar","salt":"aJergzTO","md5":"33ba0b7cabf3e72d15a33e3a75934392","sha1":"8341211878963d3d8870087da26a2c21078e125a","sha256":"4bc2c268804edc4428eabe7313ea13495f063824e20c47f0a88c69b0dff4c6e7"},"dob":{"date":"1954-11-29T14:54:37.378Z","age":69},"registered":{"date":"2006-06-05T07:21:38.815Z","age":17},"phone":"021-4453-991","cell":"060-3602-540","id":{"name":"SID","value":"956838339"},"picture":{"large":"https://randomuser.me/api/portraits/men/17.jpg","medium":"https://randomuser.me/api/portraits/med/men/17.jpg","thumbnail":"https://randomuser.me/api/portraits/thumb/men/17.jpg"},"nat":"RS"}],"info":{"seed":"ae7a15f6992513c2","results":1,"page":1,"version":"1.4"}} 
 </msg>
<msg time="2024-05-27T10:16:06.145312" level="INFO">/opt/hostedtoolcache/Python/3.12.3/x64/lib/python3.12/site-packages/urllib3/connectionpool.py:1103: InsecureRequestWarning: Unverified HTTPS request is being made to host 'randomuser.me'. Adding certificate verification is strongly advised. See: https://urllib3.readthedocs.io/en/latest/advanced-usage.html#tls-warnings
  warnings.warn(</msg>
<msg time="2024-05-27T10:16:06.145436" level="INFO">${response} = &lt;Response [200]&gt;</msg>
<var>${response}</var>
<arg>consultarAPI</arg>
<arg>/api</arg>
<doc>Sends a GET request on a previously created HTTP Session.</doc>
<status status="PASS" start="2024-05-27T10:16:05.948972" elapsed="0.196494"/>
</kw>
<kw name="Set Variable" owner="BuiltIn">
<msg time="2024-05-27T10:16:06.146562" level="INFO">${json_data} = {'results': [{'gender': 'male', 'name': {'title': 'Mr', 'first': 'Vasilije', 'last': 'Sekulić'}, 'location': {'street': {'number': 5233, 'name': 'Tatjane Bošnjak'}, 'city': 'Bečej', 'state': 'Podunavl...</msg>
<var>${json_data}</var>
<arg>${response.json()}</arg>
<doc>Returns the given values which can then be assigned to a variables.</doc>
<status status="PASS" start="2024-05-27T10:16:06.146034" elapsed="0.000560"/>
</kw>
<kw name="Set Variable" owner="BuiltIn">
<msg time="2024-05-27T10:16:06.147373" level="INFO">${name_title} = Mr</msg>
<var>${name_title}</var>
<arg>${json_data["results"][0]["name"]["title"]}</arg>
<doc>Returns the given values which can then be assigned to a variables.</doc>
<status status="PASS" start="2024-05-27T10:16:06.146925" elapsed="0.000475"/>
</kw>
<kw name="Create List" owner="BuiltIn">
<msg time="2024-05-27T10:16:06.147867" level="INFO">${allowed_titles} = ['Mr', 'Ms', 'Miss', 'Mrs', 'Madame', 'Monsieur']</msg>
<var>${allowed_titles}</var>
<arg>Mr</arg>
<arg>Ms</arg>
<arg>Miss</arg>
<arg>Mrs</arg>
<arg>Madame</arg>
<arg>Monsieur</arg>
<doc>Returns a list containing given items.</doc>
<status status="PASS" start="2024-05-27T10:16:06.147708" elapsed="0.000184"/>
</kw>
<kw name="List Should Contain Value" owner="Collections">
<msg time="2024-05-27T10:16:06.148390" level="INFO">False</msg>
<arg>${allowed_titles}</arg>
<arg>${name_title}</arg>
<doc>Fails if the ``value`` is not found from ``list``.</doc>
<status status="PASS" start="2024-05-27T10:16:06.148201" elapsed="0.000226"/>
</kw>
<kw name="Set Variable" owner="BuiltIn">
<msg time="2024-05-27T10:16:06.149105" level="INFO">${name_country} = RS</msg>
<var>${name_country}</var>
<arg>${json_data["results"][0]["nat"]}</arg>
<doc>Returns the given values which can then be assigned to a variables.</doc>
<status status="PASS" start="2024-05-27T10:16:06.148723" elapsed="0.000408"/>
</kw>
<kw name="Create List" owner="BuiltIn">
<msg time="2024-05-27T10:16:06.150038" level="INFO">${list_country} = ['AD', 'AE', 'AF', 'AG', 'AI', 'AL', 'AM', 'AO', 'AQ', 'AR', 'AS', 'AT', 'AU', 'AW', 'AX', 'AZ', 'BA', 'BB', 'BD', 'BE', 'BF', 'BG', 'BH', 'BI', 'BJ', 'BL', 'BM', 'BN', 'BO', 'BQ', 'BR', 'BS', 'BT', '...</msg>
<var>${list_country}</var>
<arg>AD</arg>
<arg>AE</arg>
<arg>AF</arg>
<arg>AG</arg>
<arg>AI</arg>
<arg>AL</arg>
<arg>AM</arg>
<arg>AO</arg>
<arg>AQ</arg>
<arg>AR</arg>
<arg>AS</arg>
<arg>AT</arg>
<arg>AU</arg>
<arg>AW</arg>
<arg>AX</arg>
<arg>AZ</arg>
<arg>BA</arg>
<arg>BB</arg>
<arg>BD</arg>
<arg>BE</arg>
<arg>BF</arg>
<arg>BG</arg>
<arg>BH</arg>
<arg>BI</arg>
<arg>BJ</arg>
<arg>BL</arg>
<arg>BM</arg>
<arg>BN</arg>
<arg>BO</arg>
<arg>BQ</arg>
<arg>BR</arg>
<arg>BS</arg>
<arg>BT</arg>
<arg>BV</arg>
<arg>BW</arg>
<arg>BY</arg>
<arg>BZ</arg>
<arg>CA</arg>
<arg>CC</arg>
<arg>CD</arg>
<arg>CF</arg>
<arg>CG</arg>
<arg>CH</arg>
<arg>CI</arg>
<arg>CK</arg>
<arg>CL</arg>
<arg>CM</arg>
<arg>CN</arg>
<arg>CO</arg>
<arg>CR</arg>
<arg>CU</arg>
<arg>CV</arg>
<arg>CW</arg>
<arg>CX</arg>
<arg>CY</arg>
<arg>CZ</arg>
<arg>DE</arg>
<arg>DJ</arg>
<arg>DK</arg>
<arg>DM</arg>
<arg>DO</arg>
<arg>DZ</arg>
<arg>EC</arg>
<arg>EE</arg>
<arg>EG</arg>
<arg>EH</arg>
<arg>ER</arg>
<arg>ES</arg>
<arg>ET</arg>
<arg>FI</arg>
<arg>FJ</arg>
<arg>FK</arg>
<arg>FM</arg>
<arg>FO</arg>
<arg>FR</arg>
<arg>GA</arg>
<arg>GB</arg>
<arg>GD</arg>
<arg>GE</arg>
<arg>GF</arg>
<arg>GG</arg>
<arg>GH</arg>
<arg>GI</arg>
<arg>GL</arg>
<arg>GM</arg>
<arg>GN</arg>
<arg>GP</arg>
<arg>GQ</arg>
<arg>GR</arg>
<arg>GS</arg>
<arg>GT</arg>
<arg>GU</arg>
<arg>GW</arg>
<arg>GY</arg>
<arg>HK</arg>
<arg>HM</arg>
<arg>HN</arg>
<arg>HR</arg>
<arg>HT</arg>
<arg>HU</arg>
<arg>ID</arg>
<arg>IE</arg>
<arg>IL</arg>
<arg>IM</arg>
<arg>IN</arg>
<arg>IO</arg>
<arg>IQ</arg>
<arg>IR</arg>
<arg>IS</arg>
<arg>IT</arg>
<arg>JE</arg>
<arg>JM</arg>
<arg>JO</arg>
<arg>JP</arg>
<arg>KE</arg>
<arg>KG</arg>
<arg>KH</arg>
<arg>KI</arg>
<arg>KM</arg>
<arg>KN</arg>
<arg>KP</arg>
<arg>KR</arg>
<arg>KW</arg>
<arg>KY</arg>
<arg>KZ</arg>
<arg>LA</arg>
<arg>LB</arg>
<arg>LC</arg>
<arg>LI</arg>
<arg>LK</arg>
<arg>LR</arg>
<arg>LS</arg>
<arg>LT</arg>
<arg>LU</arg>
<arg>LV</arg>
<arg>LY</arg>
<arg>MA</arg>
<arg>MC</arg>
<arg>MD</arg>
<arg>ME</arg>
<arg>MF</arg>
<arg>MG</arg>
<arg>MH</arg>
<arg>MK</arg>
<arg>ML</arg>
<arg>MM</arg>
<arg>MN</arg>
<arg>MO</arg>
<arg>MP</arg>
<arg>MQ</arg>
<arg>MR</arg>
<arg>MS</arg>
<arg>MT</arg>
<arg>MU</arg>
<arg>MV</arg>
<arg>MW</arg>
<arg>MX</arg>
<arg>MY</arg>
<arg>MZ</arg>
<arg>NA</arg>
<arg>NC</arg>
<arg>NE</arg>
<arg>NF</arg>
<arg>NG</arg>
<arg>NI</arg>
<arg>NL</arg>
<arg>NO</arg>
<arg>NP</arg>
<arg>NR</arg>
<arg>NU</arg>
<arg>NZ</arg>
<arg>OM</arg>
<arg>PA</arg>
<arg>PE</arg>
<arg>PF</arg>
<arg>PG</arg>
<arg>PH</arg>
<arg>PK</arg>
<arg>PL</arg>
<arg>PM</arg>
<arg>PN</arg>
<arg>PR</arg>
<arg>PS</arg>
<arg>PT</arg>
<arg>PW</arg>
<arg>PY</arg>
<arg>QA</arg>
<arg>RE</arg>
<arg>RO</arg>
<arg>RS</arg>
<arg>RU</arg>
<arg>RW</arg>
<arg>SA</arg>
<arg>SB</arg>
<arg>SC</arg>
<arg>SD</arg>
<arg>SE</arg>
<arg>SG</arg>
<arg>SH</arg>
<arg>SI</arg>
<arg>SJ</arg>
<arg>SK</arg>
<arg>SL</arg>
<arg>SM</arg>
<arg>SN</arg>
<arg>SO</arg>
<arg>SR</arg>
<arg>SS</arg>
<arg>ST</arg>
<arg>SV</arg>
<arg>SX</arg>
<arg>SY</arg>
<arg>SZ</arg>
<arg>TC</arg>
<arg>TD</arg>
<arg>TF</arg>
<arg>TG</arg>
<arg>TH</arg>
<arg>TJ</arg>
<arg>TK</arg>
<arg>TL</arg>
<arg>TM</arg>
<arg>TN</arg>
<arg>TO</arg>
<arg>TR</arg>
<arg>TT</arg>
<arg>TV</arg>
<arg>TW</arg>
<arg>TZ</arg>
<arg>UA</arg>
<arg>UG</arg>
<arg>UM</arg>
<arg>US</arg>
<arg>UY</arg>
<arg>UZ</arg>
<arg>VA</arg>
<arg>VC</arg>
<arg>VE</arg>
<arg>VG</arg>
<arg>VI</arg>
<arg>VN</arg>
<arg>VU</arg>
<arg>WF</arg>
<arg>WS</arg>
<arg>XK</arg>
<arg>YE</arg>
<arg>YT</arg>
<arg>ZA</arg>
<arg>ZM</arg>
<arg>ZW</arg>
<doc>Returns a list containing given items.</doc>
<status status="PASS" start="2024-05-27T10:16:06.149442" elapsed="0.000621"/>
</kw>
<kw name="List Should Contain Value" owner="Collections">
<msg time="2024-05-27T10:16:06.151059" level="INFO">False</msg>
<arg>${list_country}</arg>
<arg>${name_country}</arg>
<doc>Fails if the ``value`` is not found from ``list``.</doc>
<status status="PASS" start="2024-05-27T10:16:06.150848" elapsed="0.000249"/>
</kw>
<kw name="Run Keyword If" owner="BuiltIn">
<kw name="Should Be True" owner="BuiltIn">
<arg>${True}</arg>
<doc>Fails if the given condition is not true.</doc>
<status status="PASS" start="2024-05-27T10:16:06.152215" elapsed="0.000153"/>
</kw>
<arg>${json_data["results"][0]["location"]["coordinates"]["latitude"]} &gt;= -90 and ${json_data["results"][0]["location"]["coordinates"]["latitude"]} &lt;= 90</arg>
<arg>Should Be True</arg>
<arg>${True}</arg>
<doc>Runs the given keyword with the given arguments, if ``condition`` is true.</doc>
<status status="PASS" start="2024-05-27T10:16:06.151436" elapsed="0.001060"/>
</kw>
<kw name="Run Keyword If" owner="BuiltIn">
<kw name="Should Be True" owner="BuiltIn">
<arg>${True}</arg>
<doc>Fails if the given condition is not true.</doc>
<status status="PASS" start="2024-05-27T10:16:06.153385" elapsed="0.000285"/>
</kw>
<arg>${json_data["results"][0]["location"]["coordinates"]["longitude"]} &gt;= -180 and ${json_data["results"][0]["location"]["coordinates"]["longitude"]} &lt;= 180</arg>
<arg>Should Be True</arg>
<arg>${True}</arg>
<doc>Runs the given keyword with the given arguments, if ``condition`` is true.</doc>
<status status="PASS" start="2024-05-27T10:16:06.152684" elapsed="0.001115"/>
</kw>
<status status="PASS" start="2024-05-27T10:16:05.948581" elapsed="0.205356"/>
</kw>
<doc>Testa o conteúdo específico dos campos retornados pela API.</doc>
<tag>testeConteudo</tag>
<status status="PASS" start="2024-05-27T10:16:05.947904" elapsed="0.206187"/>
</test>
<status status="PASS" start="2024-05-27T10:16:05.029394" elapsed="1.126805"/>
</suite>
<status status="PASS" start="2024-05-27T10:16:05.012727" elapsed="1.148848"/>
</suite>
<statistics>
<total>
<stat pass="5" fail="0" skip="0">All Tests</stat>
</total>
<tag>
<stat pass="1" fail="0" skip="0">testeConteudo</stat>
<stat pass="1" fail="0" skip="0">testeEstruturaResposta</stat>
<stat pass="1" fail="0" skip="0">testeRequisicaoBasica</stat>
<stat pass="1" fail="0" skip="0">testeTiposDados</stat>
</tag>
<suite>
<stat pass="5" fail="0" skip="0" id="s1" name="Tests">Tests</stat>
<stat pass="5" fail="0" skip="0" id="s1-s1" name="Random-User-Test">Tests.Random-User-Test</stat>
</suite>
</statistics>
<errors>
</errors>
</robot>
