<?xml version="1.0" encoding="UTF-8"?>
<robot generator="Robot 7.0 (Python 3.12.2 on linux)" generated="2024-04-07T21:12:50.768790" rpa="false" schemaversion="5">
<suite id="s1" name="Tests" source="/home/runner/work/DesafioQAItauRogerioJordao/DesafioQAItauRogerioJordao/RamdonUser/tests">
<suite id="s1-s1" name="Random-User-Test" source="/home/runner/work/DesafioQAItauRogerioJordao/DesafioQAItauRogerioJordao/RamdonUser/tests/random-user-test.robot">
<test id="s1-s1-t1" name="Conectar" line="13">
<kw name="Conectar API" owner="random-user-service">
<kw name="Create Session" owner="RequestsLibrary">
<msg time="2024-04-07T21:12:51.137170" level="INFO">Creating Session using : alias=consultarAPI, url=https://randomuser.me/, headers={},                     cookies={}, auth=None, timeout=None, proxies=None, verify=False,                     debug=0 </msg>
<arg>consultarAPI</arg>
<arg>${URL}</arg>
<doc>Create Session: create a HTTP session to a server</doc>
<status status="PASS" start="2024-04-07T21:12:51.136937" elapsed="0.000434"/>
</kw>
<status status="PASS" start="2024-04-07T21:12:51.135792" elapsed="0.001978"/>
</kw>
<status status="PASS" start="2024-04-07T21:12:51.135179" elapsed="0.002819"/>
</test>
<test id="s1-s1-t2" name="Validar retorno 200 e JSON Válido" line="16">
<kw name="Teste de Requisicao Basica" owner="random-user-service">
<kw name="GET On Session" owner="RequestsLibrary">
<msg time="2024-04-07T21:12:51.298417" level="INFO">GET Request : url=https://randomuser.me/api 
 path_url=/api 
 headers={'User-Agent': 'python-requests/2.31.0', 'Accept-Encoding': 'gzip, deflate', 'Accept': '*/*', 'Connection': 'keep-alive'} 
 body=None 
 </msg>
<msg time="2024-04-07T21:12:51.298571" level="INFO">GET Response : url=https://randomuser.me/api 
 status=200, reason=OK 
 headers={'Date': 'Sun, 07 Apr 2024 21:12:51 GMT', 'Content-Type': 'application/json; charset=utf-8', 'Transfer-Encoding': 'chunked', 'Connection': 'keep-alive', 'X-Powered-By': 'Express', 'Access-Control-Allow-Origin': '*', 'Cache-Control': 'no-cache', 'ETag': 'W/"46d-EiI8sTPVEtZ2R1UXq72rIB5PrqQ"', 'Vary': 'Accept-Encoding', 'Content-Encoding': 'gzip', 'CF-Cache-Status': 'DYNAMIC', 'Report-To': '{"endpoints":[{"url":"https:\\/\\/a.nel.cloudflare.com\\/report\\/v4?s=xsyiO0PU39%2Fxa%2B7GGbMHU%2BGx1M1n5zqJaI%2FlQqHObLPkZWGMuKnJIkSRGZxyVmnZy1h6HULWKYRpqkmWWMk3yuzPWUMzVB31qbXsNPXDxEQfs9MWBdjMAFdYMtFkz8Z6"}],"group":"cf-nel","max_age":604800}', 'NEL': '{"success_fraction":0,"report_to":"cf-nel","max_age":604800}', 'Server': 'cloudflare', 'CF-RAY': '870d04a80b012f56-LAX', 'alt-svc': 'h3=":443"; ma=86400'} 
 body={"results":[{"gender":"male","name":{"title":"Mr","first":"Ashton","last":"Jackson"},"location":{"street":{"number":455,"name":"Willis Street"},"city":"Wellington","state":"Otago","country":"New Zealand","postcode":19817,"coordinates":{"latitude":"49.6828","longitude":"-157.8747"},"timezone":{"offset":"-3:30","description":"Newfoundland"}},"email":"ashton.jackson@example.com","login":{"uuid":"2440fe91-917f-46cd-9313-464a07e248d3","username":"bigdog361","password":"carol","salt":"JgE9AVYx","md5":"78548c3caeee679e28b724b0714aa236","sha1":"3336c6c4831cbbee89dc190af65e4209c19fd18b","sha256":"faf454032d8f4d6f553bae7fea8ba6871d593bba508616c0ec68b0dce23412a1"},"dob":{"date":"1966-09-24T03:11:51.069Z","age":57},"registered":{"date":"2008-02-28T05:30:15.186Z","age":16},"phone":"(048)-135-8222","cell":"(343)-504-3052","id":{"name":"","value":null},"picture":{"large":"https://randomuser.me/api/portraits/men/62.jpg","medium":"https://randomuser.me/api/portraits/med/men/62.jpg","thumbnail":"https://randomuser.me/api/portraits/thumb/men/62.jpg"},"nat":"NZ"}],"info":{"seed":"2b0e9143474696c6","results":1,"page":1,"version":"1.4"}} 
 </msg>
<msg time="2024-04-07T21:12:51.298675" level="INFO">/opt/hostedtoolcache/Python/3.12.2/x64/lib/python3.12/site-packages/urllib3/connectionpool.py:1103: InsecureRequestWarning: Unverified HTTPS request is being made to host 'randomuser.me'. Adding certificate verification is strongly advised. See: https://urllib3.readthedocs.io/en/latest/advanced-usage.html#tls-warnings
  warnings.warn(</msg>
<msg time="2024-04-07T21:12:51.298866" level="INFO">${response} = &lt;Response [200]&gt;</msg>
<var>${response}</var>
<arg>consultarAPI</arg>
<arg>/api</arg>
<doc>Sends a GET request on a previously created HTTP Session.</doc>
<status status="PASS" start="2024-04-07T21:12:51.140826" elapsed="0.158074"/>
</kw>
<kw name="Should Be Equal As Numbers" owner="BuiltIn">
<msg time="2024-04-07T21:12:51.299952" level="INFO">Argument types are:
&lt;class 'int'&gt;
&lt;class 'str'&gt;</msg>
<arg>${response.status_code}</arg>
<arg>200</arg>
<doc>Fails if objects are unequal after converting them to real numbers.</doc>
<status status="PASS" start="2024-04-07T21:12:51.299488" elapsed="0.000536"/>
</kw>
<kw name="Log" owner="BuiltIn">
<msg time="2024-04-07T21:12:51.300717" level="INFO">200</msg>
<arg>${response.status_code}</arg>
<doc>Logs the given message with the given level.</doc>
<status status="PASS" start="2024-04-07T21:12:51.300348" elapsed="0.000413"/>
</kw>
<kw name="Set Variable" owner="BuiltIn">
<msg time="2024-04-07T21:12:51.301537" level="INFO">${json_data} = {'results': [{'gender': 'male', 'name': {'title': 'Mr', 'first': 'Ashton', 'last': 'Jackson'}, 'location': {'street': {'number': 455, 'name': 'Willis Street'}, 'city': 'Wellington', 'state': 'Otago', ...</msg>
<var>${json_data}</var>
<arg>${response.json()}</arg>
<doc>Returns the given values which can then be assigned to a variables.</doc>
<status status="PASS" start="2024-04-07T21:12:51.301096" elapsed="0.000469"/>
</kw>
<kw name="Dictionary Should Contain Key" owner="Collections">
<msg time="2024-04-07T21:12:51.302039" level="INFO">False</msg>
<arg>${json_data}</arg>
<arg>results</arg>
<doc>Fails if ``key`` is not found from ``dictionary``.</doc>
<status status="PASS" start="2024-04-07T21:12:51.301869" elapsed="0.000210"/>
</kw>
<status status="PASS" start="2024-04-07T21:12:51.140545" elapsed="0.161798"/>
</kw>
<doc>Testa se a API responde corretamente e retorna um objeto JSON válido.</doc>
<tag>testeRequisicaoBasica</tag>
<status status="PASS" start="2024-04-07T21:12:51.140016" elapsed="0.162520"/>
</test>
<test id="s1-s1-t3" name="Validar estrutura de resposta" line="22">
<kw name="Teste de Estrutura de Resposta" owner="random-user-service">
<kw name="GET On Session" owner="RequestsLibrary">
<msg time="2024-04-07T21:12:51.406863" level="INFO">GET Request : url=https://randomuser.me/api 
 path_url=/api 
 headers={'User-Agent': 'python-requests/2.31.0', 'Accept-Encoding': 'gzip, deflate', 'Accept': '*/*', 'Connection': 'keep-alive'} 
 body=None 
 </msg>
<msg time="2024-04-07T21:12:51.406978" level="INFO">GET Response : url=https://randomuser.me/api 
 status=200, reason=OK 
 headers={'Date': 'Sun, 07 Apr 2024 21:12:51 GMT', 'Content-Type': 'application/json; charset=utf-8', 'Transfer-Encoding': 'chunked', 'Connection': 'keep-alive', 'X-Powered-By': 'Express', 'Access-Control-Allow-Origin': '*', 'Cache-Control': 'no-cache', 'ETag': 'W/"496-AbbqMSBMv17gh+T9wpNYweNjsKc"', 'Vary': 'Accept-Encoding', 'Content-Encoding': 'gzip', 'CF-Cache-Status': 'DYNAMIC', 'Report-To': '{"endpoints":[{"url":"https:\\/\\/a.nel.cloudflare.com\\/report\\/v4?s=1j%2FUCHaWY%2Fo6ppwjQ7D6xy5HmralUiH9dL7CKfi3le402ekoEmwlYpZxnZHLP970RSY7BrnqCr8y9CO0FNQQ1ujC9%2Bs8e3IST%2FQTEHUC7e30HTwXflVlzZo7aPyjMpG0"}],"group":"cf-nel","max_age":604800}', 'NEL': '{"success_fraction":0,"report_to":"cf-nel","max_age":604800}', 'Server': 'cloudflare', 'CF-RAY': '870d04a8bbc12f56-LAX', 'alt-svc': 'h3=":443"; ma=86400'} 
 body={"results":[{"gender":"male","name":{"title":"Mr","first":"Charles","last":"Weaver"},"location":{"street":{"number":6857,"name":"Lakeview St"},"city":"Carrollton","state":"Alaska","country":"United States","postcode":40943,"coordinates":{"latitude":"84.3583","longitude":"-140.0210"},"timezone":{"offset":"-3:00","description":"Brazil, Buenos Aires, Georgetown"}},"email":"charles.weaver@example.com","login":{"uuid":"2f5a6205-6932-44f5-86e9-ca3d0ecfd577","username":"tinymeercat778","password":"gsxr750","salt":"zMnjt7vd","md5":"a3d4bd33443f2839a7b1e428159ae1bd","sha1":"10cee5e3eab668800828fc4b3723269c14790b3a","sha256":"e8164a2a40b5413d0e1e7a9b64ea80e6f8fde4047eb439d927cb924c2e7d4020"},"dob":{"date":"1981-02-06T15:45:00.562Z","age":43},"registered":{"date":"2006-01-14T18:36:33.674Z","age":18},"phone":"(297) 983-4443","cell":"(742) 625-3159","id":{"name":"SSN","value":"701-49-8111"},"picture":{"large":"https://randomuser.me/api/portraits/men/86.jpg","medium":"https://randomuser.me/api/portraits/med/men/86.jpg","thumbnail":"https://randomuser.me/api/portraits/thumb/men/86.jpg"},"nat":"US"}],"info":{"seed":"5e7990cc302ccf86","results":1,"page":1,"version":"1.4"}} 
 </msg>
<msg time="2024-04-07T21:12:51.407147" level="INFO">/opt/hostedtoolcache/Python/3.12.2/x64/lib/python3.12/site-packages/urllib3/connectionpool.py:1103: InsecureRequestWarning: Unverified HTTPS request is being made to host 'randomuser.me'. Adding certificate verification is strongly advised. See: https://urllib3.readthedocs.io/en/latest/advanced-usage.html#tls-warnings
  warnings.warn(</msg>
<msg time="2024-04-07T21:12:51.407315" level="INFO">${response} = &lt;Response [200]&gt;</msg>
<var>${response}</var>
<arg>consultarAPI</arg>
<arg>/api</arg>
<doc>Sends a GET request on a previously created HTTP Session.</doc>
<status status="PASS" start="2024-04-07T21:12:51.305469" elapsed="0.101910"/>
</kw>
<kw name="Set Variable" owner="BuiltIn">
<msg time="2024-04-07T21:12:51.408421" level="INFO">${json_data} = {'results': [{'gender': 'male', 'name': {'title': 'Mr', 'first': 'Charles', 'last': 'Weaver'}, 'location': {'street': {'number': 6857, 'name': 'Lakeview St'}, 'city': 'Carrollton', 'state': 'Alaska', ...</msg>
<var>${json_data}</var>
<arg>${response.json()}</arg>
<doc>Returns the given values which can then be assigned to a variables.</doc>
<status status="PASS" start="2024-04-07T21:12:51.407898" elapsed="0.000552"/>
</kw>
<kw name="Log" owner="BuiltIn">
<msg time="2024-04-07T21:12:51.408926" level="INFO">{'results': [{'gender': 'male', 'name': {'title': 'Mr', 'first': 'Charles', 'last': 'Weaver'}, 'location': {'street': {'number': 6857, 'name': 'Lakeview St'}, 'city': 'Carrollton', 'state': 'Alaska', 'country': 'United States', 'postcode': 40943, 'coordinates': {'latitude': '84.3583', 'longitude': '-140.0210'}, 'timezone': {'offset': '-3:00', 'description': 'Brazil, Buenos Aires, Georgetown'}}, 'email': 'charles.weaver@example.com', 'login': {'uuid': '2f5a6205-6932-44f5-86e9-ca3d0ecfd577', 'username': 'tinymeercat778', 'password': 'gsxr750', 'salt': 'zMnjt7vd', 'md5': 'a3d4bd33443f2839a7b1e428159ae1bd', 'sha1': '10cee5e3eab668800828fc4b3723269c14790b3a', 'sha256': 'e8164a2a40b5413d0e1e7a9b64ea80e6f8fde4047eb439d927cb924c2e7d4020'}, 'dob': {'date': '1981-02-06T15:45:00.562Z', 'age': 43}, 'registered': {'date': '2006-01-14T18:36:33.674Z', 'age': 18}, 'phone': '(297) 983-4443', 'cell': '(742) 625-3159', 'id': {'name': 'SSN', 'value': '701-49-8111'}, 'picture': {'large': 'https://randomuser.me/api/portraits/men/86.jpg', 'medium': 'https://randomuser.me/api/portraits/med/men/86.jpg', 'thumbnail': 'https://randomuser.me/api/portraits/thumb/men/86.jpg'}, 'nat': 'US'}], 'info': {'seed': '5e7990cc302ccf86', 'results': 1, 'page': 1, 'version': '1.4'}}</msg>
<arg>${json_data}</arg>
<doc>Logs the given message with the given level.</doc>
<status status="PASS" start="2024-04-07T21:12:51.408764" elapsed="0.000210"/>
</kw>
<kw name="Dictionary Should Contain Key" owner="Collections">
<msg time="2024-04-07T21:12:51.409428" level="INFO">False</msg>
<arg>${json_data}</arg>
<arg>results</arg>
<doc>Fails if ``key`` is not found from ``dictionary``.</doc>
<status status="PASS" start="2024-04-07T21:12:51.409269" elapsed="0.000196"/>
</kw>
<kw name="Should Not Be Empty" owner="BuiltIn">
<msg time="2024-04-07T21:12:51.409893" level="INFO">Length is 2.</msg>
<arg>${json_data}</arg>
<doc>Verifies that the given item is not empty.</doc>
<status status="PASS" start="2024-04-07T21:12:51.409761" elapsed="0.000171"/>
</kw>
<kw name="Create List" owner="BuiltIn">
<msg time="2024-04-07T21:12:51.410367" level="INFO">${expected_keys} = ['gender', 'name', 'location', 'email', 'login']</msg>
<var>${expected_keys}</var>
<arg>gender</arg>
<arg>name</arg>
<arg>location</arg>
<arg>email</arg>
<arg>login</arg>
<doc>Returns a list containing given items.</doc>
<status status="PASS" start="2024-04-07T21:12:51.410219" elapsed="0.000172"/>
</kw>
<for flavor="IN">
<iter>
<kw name="Dictionary Should Contain Key" owner="Collections">
<msg time="2024-04-07T21:12:51.411420" level="INFO">False</msg>
<arg>${json_data['results'][0]}</arg>
<arg>${key}</arg>
<doc>Fails if ``key`` is not found from ``dictionary``.</doc>
<status status="PASS" start="2024-04-07T21:12:51.411013" elapsed="0.000446"/>
</kw>
<kw name="Log" owner="BuiltIn">
<msg time="2024-04-07T21:12:51.412169" level="INFO">{'gender': 'male', 'name': {'title': 'Mr', 'first': 'Charles', 'last': 'Weaver'}, 'location': {'street': {'number': 6857, 'name': 'Lakeview St'}, 'city': 'Carrollton', 'state': 'Alaska', 'country': 'United States', 'postcode': 40943, 'coordinates': {'latitude': '84.3583', 'longitude': '-140.0210'}, 'timezone': {'offset': '-3:00', 'description': 'Brazil, Buenos Aires, Georgetown'}}, 'email': 'charles.weaver@example.com', 'login': {'uuid': '2f5a6205-6932-44f5-86e9-ca3d0ecfd577', 'username': 'tinymeercat778', 'password': 'gsxr750', 'salt': 'zMnjt7vd', 'md5': 'a3d4bd33443f2839a7b1e428159ae1bd', 'sha1': '10cee5e3eab668800828fc4b3723269c14790b3a', 'sha256': 'e8164a2a40b5413d0e1e7a9b64ea80e6f8fde4047eb439d927cb924c2e7d4020'}, 'dob': {'date': '1981-02-06T15:45:00.562Z', 'age': 43}, 'registered': {'date': '2006-01-14T18:36:33.674Z', 'age': 18}, 'phone': '(297) 983-4443', 'cell': '(742) 625-3159', 'id': {'name': 'SSN', 'value': '701-49-8111'}, 'picture': {'large': 'https://randomuser.me/api/portraits/men/86.jpg', 'medium': 'https://randomuser.me/api/portraits/med/men/86.jpg', 'thumbnail': 'https://randomuser.me/api/portraits/thumb/men/86.jpg'}, 'nat': 'US'}</msg>
<arg>${json_data['results'][0]}</arg>
<doc>Logs the given message with the given level.</doc>
<status status="PASS" start="2024-04-07T21:12:51.411796" elapsed="0.000421"/>
</kw>
<kw name="Log" owner="BuiltIn">
<msg time="2024-04-07T21:12:51.412646" level="INFO">gender</msg>
<arg>${key}</arg>
<doc>Logs the given message with the given level.</doc>
<status status="PASS" start="2024-04-07T21:12:51.412517" elapsed="0.000167"/>
</kw>
<var name="${key}">gender</var>
<status status="PASS" start="2024-04-07T21:12:51.410884" elapsed="0.002022"/>
</iter>
<iter>
<kw name="Dictionary Should Contain Key" owner="Collections">
<msg time="2024-04-07T21:12:51.413635" level="INFO">False</msg>
<arg>${json_data['results'][0]}</arg>
<arg>${key}</arg>
<doc>Fails if ``key`` is not found from ``dictionary``.</doc>
<status status="PASS" start="2024-04-07T21:12:51.413215" elapsed="0.000471"/>
</kw>
<kw name="Log" owner="BuiltIn">
<msg time="2024-04-07T21:12:51.414442" level="INFO">{'gender': 'male', 'name': {'title': 'Mr', 'first': 'Charles', 'last': 'Weaver'}, 'location': {'street': {'number': 6857, 'name': 'Lakeview St'}, 'city': 'Carrollton', 'state': 'Alaska', 'country': 'United States', 'postcode': 40943, 'coordinates': {'latitude': '84.3583', 'longitude': '-140.0210'}, 'timezone': {'offset': '-3:00', 'description': 'Brazil, Buenos Aires, Georgetown'}}, 'email': 'charles.weaver@example.com', 'login': {'uuid': '2f5a6205-6932-44f5-86e9-ca3d0ecfd577', 'username': 'tinymeercat778', 'password': 'gsxr750', 'salt': 'zMnjt7vd', 'md5': 'a3d4bd33443f2839a7b1e428159ae1bd', 'sha1': '10cee5e3eab668800828fc4b3723269c14790b3a', 'sha256': 'e8164a2a40b5413d0e1e7a9b64ea80e6f8fde4047eb439d927cb924c2e7d4020'}, 'dob': {'date': '1981-02-06T15:45:00.562Z', 'age': 43}, 'registered': {'date': '2006-01-14T18:36:33.674Z', 'age': 18}, 'phone': '(297) 983-4443', 'cell': '(742) 625-3159', 'id': {'name': 'SSN', 'value': '701-49-8111'}, 'picture': {'large': 'https://randomuser.me/api/portraits/men/86.jpg', 'medium': 'https://randomuser.me/api/portraits/med/men/86.jpg', 'thumbnail': 'https://randomuser.me/api/portraits/thumb/men/86.jpg'}, 'nat': 'US'}</msg>
<arg>${json_data['results'][0]}</arg>
<doc>Logs the given message with the given level.</doc>
<status status="PASS" start="2024-04-07T21:12:51.414053" elapsed="0.000439"/>
</kw>
<kw name="Log" owner="BuiltIn">
<msg time="2024-04-07T21:12:51.414969" level="INFO">name</msg>
<arg>${key}</arg>
<doc>Logs the given message with the given level.</doc>
<status status="PASS" start="2024-04-07T21:12:51.414829" elapsed="0.000181"/>
</kw>
<var name="${key}">name</var>
<status status="PASS" start="2024-04-07T21:12:51.413100" elapsed="0.002141"/>
</iter>
<iter>
<kw name="Dictionary Should Contain Key" owner="Collections">
<msg time="2024-04-07T21:12:51.416049" level="INFO">False</msg>
<arg>${json_data['results'][0]}</arg>
<arg>${key}</arg>
<doc>Fails if ``key`` is not found from ``dictionary``.</doc>
<status status="PASS" start="2024-04-07T21:12:51.415558" elapsed="0.000538"/>
</kw>
<kw name="Log" owner="BuiltIn">
<msg time="2024-04-07T21:12:51.416820" level="INFO">{'gender': 'male', 'name': {'title': 'Mr', 'first': 'Charles', 'last': 'Weaver'}, 'location': {'street': {'number': 6857, 'name': 'Lakeview St'}, 'city': 'Carrollton', 'state': 'Alaska', 'country': 'United States', 'postcode': 40943, 'coordinates': {'latitude': '84.3583', 'longitude': '-140.0210'}, 'timezone': {'offset': '-3:00', 'description': 'Brazil, Buenos Aires, Georgetown'}}, 'email': 'charles.weaver@example.com', 'login': {'uuid': '2f5a6205-6932-44f5-86e9-ca3d0ecfd577', 'username': 'tinymeercat778', 'password': 'gsxr750', 'salt': 'zMnjt7vd', 'md5': 'a3d4bd33443f2839a7b1e428159ae1bd', 'sha1': '10cee5e3eab668800828fc4b3723269c14790b3a', 'sha256': 'e8164a2a40b5413d0e1e7a9b64ea80e6f8fde4047eb439d927cb924c2e7d4020'}, 'dob': {'date': '1981-02-06T15:45:00.562Z', 'age': 43}, 'registered': {'date': '2006-01-14T18:36:33.674Z', 'age': 18}, 'phone': '(297) 983-4443', 'cell': '(742) 625-3159', 'id': {'name': 'SSN', 'value': '701-49-8111'}, 'picture': {'large': 'https://randomuser.me/api/portraits/men/86.jpg', 'medium': 'https://randomuser.me/api/portraits/med/men/86.jpg', 'thumbnail': 'https://randomuser.me/api/portraits/thumb/men/86.jpg'}, 'nat': 'US'}</msg>
<arg>${json_data['results'][0]}</arg>
<doc>Logs the given message with the given level.</doc>
<status status="PASS" start="2024-04-07T21:12:51.416426" elapsed="0.000450"/>
</kw>
<kw name="Log" owner="BuiltIn">
<msg time="2024-04-07T21:12:51.417327" level="INFO">location</msg>
<arg>${key}</arg>
<doc>Logs the given message with the given level.</doc>
<status status="PASS" start="2024-04-07T21:12:51.417191" elapsed="0.000177"/>
</kw>
<var name="${key}">location</var>
<status status="PASS" start="2024-04-07T21:12:51.415438" elapsed="0.002167"/>
</iter>
<iter>
<kw name="Dictionary Should Contain Key" owner="Collections">
<msg time="2024-04-07T21:12:51.418311" level="INFO">False</msg>
<arg>${json_data['results'][0]}</arg>
<arg>${key}</arg>
<doc>Fails if ``key`` is not found from ``dictionary``.</doc>
<status status="PASS" start="2024-04-07T21:12:51.417911" elapsed="0.000440"/>
</kw>
<kw name="Log" owner="BuiltIn">
<msg time="2024-04-07T21:12:51.419097" level="INFO">{'gender': 'male', 'name': {'title': 'Mr', 'first': 'Charles', 'last': 'Weaver'}, 'location': {'street': {'number': 6857, 'name': 'Lakeview St'}, 'city': 'Carrollton', 'state': 'Alaska', 'country': 'United States', 'postcode': 40943, 'coordinates': {'latitude': '84.3583', 'longitude': '-140.0210'}, 'timezone': {'offset': '-3:00', 'description': 'Brazil, Buenos Aires, Georgetown'}}, 'email': 'charles.weaver@example.com', 'login': {'uuid': '2f5a6205-6932-44f5-86e9-ca3d0ecfd577', 'username': 'tinymeercat778', 'password': 'gsxr750', 'salt': 'zMnjt7vd', 'md5': 'a3d4bd33443f2839a7b1e428159ae1bd', 'sha1': '10cee5e3eab668800828fc4b3723269c14790b3a', 'sha256': 'e8164a2a40b5413d0e1e7a9b64ea80e6f8fde4047eb439d927cb924c2e7d4020'}, 'dob': {'date': '1981-02-06T15:45:00.562Z', 'age': 43}, 'registered': {'date': '2006-01-14T18:36:33.674Z', 'age': 18}, 'phone': '(297) 983-4443', 'cell': '(742) 625-3159', 'id': {'name': 'SSN', 'value': '701-49-8111'}, 'picture': {'large': 'https://randomuser.me/api/portraits/men/86.jpg', 'medium': 'https://randomuser.me/api/portraits/med/men/86.jpg', 'thumbnail': 'https://randomuser.me/api/portraits/thumb/men/86.jpg'}, 'nat': 'US'}</msg>
<arg>${json_data['results'][0]}</arg>
<doc>Logs the given message with the given level.</doc>
<status status="PASS" start="2024-04-07T21:12:51.418669" elapsed="0.000479"/>
</kw>
<kw name="Log" owner="BuiltIn">
<msg time="2024-04-07T21:12:51.419599" level="INFO">email</msg>
<arg>${key}</arg>
<doc>Logs the given message with the given level.</doc>
<status status="PASS" start="2024-04-07T21:12:51.419462" elapsed="0.000177"/>
</kw>
<var name="${key}">email</var>
<status status="PASS" start="2024-04-07T21:12:51.417793" elapsed="0.002073"/>
</iter>
<iter>
<kw name="Dictionary Should Contain Key" owner="Collections">
<msg time="2024-04-07T21:12:51.420584" level="INFO">False</msg>
<arg>${json_data['results'][0]}</arg>
<arg>${key}</arg>
<doc>Fails if ``key`` is not found from ``dictionary``.</doc>
<status status="PASS" start="2024-04-07T21:12:51.420175" elapsed="0.000448"/>
</kw>
<kw name="Log" owner="BuiltIn">
<msg time="2024-04-07T21:12:51.421324" level="INFO">{'gender': 'male', 'name': {'title': 'Mr', 'first': 'Charles', 'last': 'Weaver'}, 'location': {'street': {'number': 6857, 'name': 'Lakeview St'}, 'city': 'Carrollton', 'state': 'Alaska', 'country': 'United States', 'postcode': 40943, 'coordinates': {'latitude': '84.3583', 'longitude': '-140.0210'}, 'timezone': {'offset': '-3:00', 'description': 'Brazil, Buenos Aires, Georgetown'}}, 'email': 'charles.weaver@example.com', 'login': {'uuid': '2f5a6205-6932-44f5-86e9-ca3d0ecfd577', 'username': 'tinymeercat778', 'password': 'gsxr750', 'salt': 'zMnjt7vd', 'md5': 'a3d4bd33443f2839a7b1e428159ae1bd', 'sha1': '10cee5e3eab668800828fc4b3723269c14790b3a', 'sha256': 'e8164a2a40b5413d0e1e7a9b64ea80e6f8fde4047eb439d927cb924c2e7d4020'}, 'dob': {'date': '1981-02-06T15:45:00.562Z', 'age': 43}, 'registered': {'date': '2006-01-14T18:36:33.674Z', 'age': 18}, 'phone': '(297) 983-4443', 'cell': '(742) 625-3159', 'id': {'name': 'SSN', 'value': '701-49-8111'}, 'picture': {'large': 'https://randomuser.me/api/portraits/men/86.jpg', 'medium': 'https://randomuser.me/api/portraits/med/men/86.jpg', 'thumbnail': 'https://randomuser.me/api/portraits/thumb/men/86.jpg'}, 'nat': 'US'}</msg>
<arg>${json_data['results'][0]}</arg>
<doc>Logs the given message with the given level.</doc>
<status status="PASS" start="2024-04-07T21:12:51.420934" elapsed="0.000439"/>
</kw>
<kw name="Log" owner="BuiltIn">
<msg time="2024-04-07T21:12:51.421822" level="INFO">login</msg>
<arg>${key}</arg>
<doc>Logs the given message with the given level.</doc>
<status status="PASS" start="2024-04-07T21:12:51.421686" elapsed="0.000288"/>
</kw>
<var name="${key}">login</var>
<status status="PASS" start="2024-04-07T21:12:51.420053" elapsed="0.002186"/>
</iter>
<var>${key}</var>
<value>@{expected_keys}</value>
<status status="PASS" start="2024-04-07T21:12:51.410652" elapsed="0.011728"/>
</for>
<kw name="Create List" owner="BuiltIn">
<msg time="2024-04-07T21:12:51.422742" level="INFO">${expected_keysTwo} = ['username', 'password']</msg>
<var>${expected_keysTwo}</var>
<arg>username</arg>
<arg>password</arg>
<doc>Returns a list containing given items.</doc>
<status status="PASS" start="2024-04-07T21:12:51.422592" elapsed="0.000175"/>
</kw>
<for flavor="IN">
<iter>
<kw name="Dictionary Should Contain Key" owner="Collections">
<msg time="2024-04-07T21:12:51.423769" level="INFO">False</msg>
<arg>${json_data['results'][0]['login']}</arg>
<arg>${keyTwo}</arg>
<doc>Fails if ``key`` is not found from ``dictionary``.</doc>
<status status="PASS" start="2024-04-07T21:12:51.423354" elapsed="0.000455"/>
</kw>
<kw name="Dictionary Should Contain Key" owner="Collections">
<msg time="2024-04-07T21:12:51.424526" level="INFO">False</msg>
<arg>${json_data['results'][0]['login']}</arg>
<arg>${keyTwo}</arg>
<doc>Fails if ``key`` is not found from ``dictionary``.</doc>
<status status="PASS" start="2024-04-07T21:12:51.424123" elapsed="0.000443"/>
</kw>
<kw name="Log" owner="BuiltIn">
<msg time="2024-04-07T21:12:51.425017" level="INFO">username</msg>
<arg>${keyTwo}</arg>
<doc>Logs the given message with the given level.</doc>
<status status="PASS" start="2024-04-07T21:12:51.424878" elapsed="0.000178"/>
</kw>
<var name="${keyTwo}">username</var>
<status status="PASS" start="2024-04-07T21:12:51.423234" elapsed="0.002049"/>
</iter>
<iter>
<kw name="Dictionary Should Contain Key" owner="Collections">
<msg time="2024-04-07T21:12:51.425991" level="INFO">False</msg>
<arg>${json_data['results'][0]['login']}</arg>
<arg>${keyTwo}</arg>
<doc>Fails if ``key`` is not found from ``dictionary``.</doc>
<status status="PASS" start="2024-04-07T21:12:51.425588" elapsed="0.000444"/>
</kw>
<kw name="Dictionary Should Contain Key" owner="Collections">
<msg time="2024-04-07T21:12:51.426751" level="INFO">False</msg>
<arg>${json_data['results'][0]['login']}</arg>
<arg>${keyTwo}</arg>
<doc>Fails if ``key`` is not found from ``dictionary``.</doc>
<status status="PASS" start="2024-04-07T21:12:51.426349" elapsed="0.000466"/>
</kw>
<kw name="Log" owner="BuiltIn">
<msg time="2024-04-07T21:12:51.427263" level="INFO">password</msg>
<arg>${keyTwo}</arg>
<doc>Logs the given message with the given level.</doc>
<status status="PASS" start="2024-04-07T21:12:51.427127" elapsed="0.000177"/>
</kw>
<var name="${keyTwo}">password</var>
<status status="PASS" start="2024-04-07T21:12:51.425470" elapsed="0.002060"/>
</iter>
<var>${keyTwo}</var>
<value>@{expected_keysTwo}</value>
<status status="PASS" start="2024-04-07T21:12:51.423067" elapsed="0.004595"/>
</for>
<status status="PASS" start="2024-04-07T21:12:51.305229" elapsed="0.122588"/>
</kw>
<doc>Testa a estrutura da resposta da API.</doc>
<tag>testeEstruturaResposta</tag>
<status status="PASS" start="2024-04-07T21:12:51.304477" elapsed="0.123516"/>
</test>
<test id="s1-s1-t4" name="Validar tipos de dados" line="28">
<kw name="Teste de Tipos de Dados" owner="random-user-service">
<kw name="GET On Session" owner="RequestsLibrary">
<msg time="2024-04-07T21:12:51.533573" level="INFO">GET Request : url=https://randomuser.me/api 
 path_url=/api 
 headers={'User-Agent': 'python-requests/2.31.0', 'Accept-Encoding': 'gzip, deflate', 'Accept': '*/*', 'Connection': 'keep-alive'} 
 body=None 
 </msg>
<msg time="2024-04-07T21:12:51.533673" level="INFO">GET Response : url=https://randomuser.me/api 
 status=200, reason=OK 
 headers={'Date': 'Sun, 07 Apr 2024 21:12:51 GMT', 'Content-Type': 'application/json; charset=utf-8', 'Transfer-Encoding': 'chunked', 'Connection': 'keep-alive', 'X-Powered-By': 'Express', 'Access-Control-Allow-Origin': '*', 'Cache-Control': 'no-cache', 'ETag': 'W/"492-cW8F08Qmj6i9gG8dum2zGWUgdiA"', 'Vary': 'Accept-Encoding', 'Content-Encoding': 'gzip', 'CF-Cache-Status': 'DYNAMIC', 'Report-To': '{"endpoints":[{"url":"https:\\/\\/a.nel.cloudflare.com\\/report\\/v4?s=vqwkrMtUcAR4n6WrPWBCVtNOGttRpJRJSAZrAWmxGt9%2FQyDnpUdTpUuhwrLkLF%2B600BFuJQT%2FVpnywmj9ZdI45P6M1mB%2BPjXk%2FT1nBY%2Bw3t4TcJ5ZABQwTcON3SmDXVo"}],"group":"cf-nel","max_age":604800}', 'NEL': '{"success_fraction":0,"report_to":"cf-nel","max_age":604800}', 'Server': 'cloudflare', 'CF-RAY': '870d04a97c962f56-LAX', 'alt-svc': 'h3=":443"; ma=86400'} 
 body={"results":[{"gender":"female","name":{"title":"Ms","first":"Nicoline","last":"Kristensen"},"location":{"street":{"number":8145,"name":"Poppel Alle"},"city":"Ulsted, Hals","state":"Sjælland","country":"Denmark","postcode":95170,"coordinates":{"latitude":"-39.2696","longitude":"7.1229"},"timezone":{"offset":"+4:00","description":"Abu Dhabi, Muscat, Baku, Tbilisi"}},"email":"nicoline.kristensen@example.com","login":{"uuid":"b6f9daeb-f12e-4dbc-8ced-260e1eb8cc04","username":"ticklishcat458","password":"tony","salt":"el32SVtU","md5":"a82531c55a28c5afebca04de4e1a97da","sha1":"92b5b9ebbb1fb1c50d9b3f24e560eccb4ca76aa6","sha256":"a1d53d2baa3ad67b350381695760a88c66bc9d354118d7692c598b3d0170f590"},"dob":{"date":"1945-11-05T15:43:19.727Z","age":78},"registered":{"date":"2020-02-01T15:38:16.856Z","age":4},"phone":"97577024","cell":"19034225","id":{"name":"CPR","value":"051145-0012"},"picture":{"large":"https://randomuser.me/api/portraits/women/7.jpg","medium":"https://randomuser.me/api/portraits/med/women/7.jpg","thumbnail":"https://randomuser.me/api/portraits/thumb/women/7.jpg"},"nat":"DK"}],"info":{"seed":"38f4e379c0545ec1","results":1,"page":1,"version":"1.4"}} 
 </msg>
<msg time="2024-04-07T21:12:51.533744" level="INFO">/opt/hostedtoolcache/Python/3.12.2/x64/lib/python3.12/site-packages/urllib3/connectionpool.py:1103: InsecureRequestWarning: Unverified HTTPS request is being made to host 'randomuser.me'. Adding certificate verification is strongly advised. See: https://urllib3.readthedocs.io/en/latest/advanced-usage.html#tls-warnings
  warnings.warn(</msg>
<msg time="2024-04-07T21:12:51.533889" level="INFO">${response} = &lt;Response [200]&gt;</msg>
<var>${response}</var>
<arg>consultarAPI</arg>
<arg>/api</arg>
<doc>Sends a GET request on a previously created HTTP Session.</doc>
<status status="PASS" start="2024-04-07T21:12:51.430657" elapsed="0.103274"/>
</kw>
<kw name="Set Variable" owner="BuiltIn">
<msg time="2024-04-07T21:12:51.535056" level="INFO">${json_data} = {'results': [{'gender': 'female', 'name': {'title': 'Ms', 'first': 'Nicoline', 'last': 'Kristensen'}, 'location': {'street': {'number': 8145, 'name': 'Poppel Alle'}, 'city': 'Ulsted, Hals', 'state': '...</msg>
<var>${json_data}</var>
<arg>${response.json()}</arg>
<doc>Returns the given values which can then be assigned to a variables.</doc>
<status status="PASS" start="2024-04-07T21:12:51.534472" elapsed="0.000613"/>
</kw>
<kw name="Log" owner="BuiltIn">
<msg time="2024-04-07T21:12:51.535586" level="INFO">{'results': [{'gender': 'female', 'name': {'title': 'Ms', 'first': 'Nicoline', 'last': 'Kristensen'}, 'location': {'street': {'number': 8145, 'name': 'Poppel Alle'}, 'city': 'Ulsted, Hals', 'state': 'Sjælland', 'country': 'Denmark', 'postcode': 95170, 'coordinates': {'latitude': '-39.2696', 'longitude': '7.1229'}, 'timezone': {'offset': '+4:00', 'description': 'Abu Dhabi, Muscat, Baku, Tbilisi'}}, 'email': 'nicoline.kristensen@example.com', 'login': {'uuid': 'b6f9daeb-f12e-4dbc-8ced-260e1eb8cc04', 'username': 'ticklishcat458', 'password': 'tony', 'salt': 'el32SVtU', 'md5': 'a82531c55a28c5afebca04de4e1a97da', 'sha1': '92b5b9ebbb1fb1c50d9b3f24e560eccb4ca76aa6', 'sha256': 'a1d53d2baa3ad67b350381695760a88c66bc9d354118d7692c598b3d0170f590'}, 'dob': {'date': '1945-11-05T15:43:19.727Z', 'age': 78}, 'registered': {'date': '2020-02-01T15:38:16.856Z', 'age': 4}, 'phone': '97577024', 'cell': '19034225', 'id': {'name': 'CPR', 'value': '051145-0012'}, 'picture': {'large': 'https://randomuser.me/api/portraits/women/7.jpg', 'medium': 'https://randomuser.me/api/portraits/med/women/7.jpg', 'thumbnail': 'https://randomuser.me/api/portraits/thumb/women/7.jpg'}, 'nat': 'DK'}], 'info': {'seed': '38f4e379c0545ec1', 'results': 1, 'page': 1, 'version': '1.4'}}</msg>
<arg>${json_data}</arg>
<doc>Logs the given message with the given level.</doc>
<status status="PASS" start="2024-04-07T21:12:51.535409" elapsed="0.000267"/>
</kw>
<kw name="Should Be String" owner="String">
<arg>${json_data['results'][0]['gender']}</arg>
<doc>Fails if the given ``item`` is not a string.</doc>
<status status="PASS" start="2024-04-07T21:12:51.535983" elapsed="0.000373"/>
</kw>
<kw name="Should Match Regexp" owner="BuiltIn">
<arg>${json_data['results'][0]['email']}</arg>
<arg>^[a-zA-Z0-9._%+-]+@[a-zA-Z0-9.-]+\.[a-zA-Z]{2,}$</arg>
<doc>Fails if ``string`` does not match ``pattern`` as a regular expression.</doc>
<status status="PASS" start="2024-04-07T21:12:51.536552" elapsed="0.000525"/>
</kw>
<kw name="Should Match Regexp" owner="BuiltIn">
<arg>${json_data['results'][0]['dob']['date']}</arg>
<arg>\\d{4}-\\d{2}-\\d{2}T\\d{2}:\\d{2}:\\d{2}\\.\\d{3}Z</arg>
<doc>Fails if ``string`` does not match ``pattern`` as a regular expression.</doc>
<status status="PASS" start="2024-04-07T21:12:51.537283" elapsed="0.000495"/>
</kw>
<kw name="Should Match Regexp" owner="BuiltIn">
<arg>${json_data['results'][0]['registered']['date']}</arg>
<arg>\\d{4}-\\d{2}-\\d{2}T\\d{2}:\\d{2}:\\d{2}\\.\\d{3}Z</arg>
<doc>Fails if ``string`` does not match ``pattern`` as a regular expression.</doc>
<status status="PASS" start="2024-04-07T21:12:51.537973" elapsed="0.000376"/>
</kw>
<kw name="Should Match Regexp" owner="BuiltIn">
<arg>${json_data['results'][0]['picture']['large']}</arg>
<arg>^https?://.*\.(?:png|jpe?g|gif|bmp)$</arg>
<doc>Fails if ``string`` does not match ``pattern`` as a regular expression.</doc>
<status status="PASS" start="2024-04-07T21:12:51.538536" elapsed="0.000483"/>
</kw>
<kw name="Should Match Regexp" owner="BuiltIn">
<arg>${json_data['results'][0]['picture']['medium']}</arg>
<arg>^https?://.*\.(?:png|jpe?g|gif|bmp)$</arg>
<doc>Fails if ``string`` does not match ``pattern`` as a regular expression.</doc>
<status status="PASS" start="2024-04-07T21:12:51.539213" elapsed="0.000357"/>
</kw>
<kw name="Should Match Regexp" owner="BuiltIn">
<arg>${json_data['results'][0]['picture']['thumbnail']}</arg>
<arg>^https?://.*\.(?:png|jpe?g|gif|bmp)$</arg>
<doc>Fails if ``string`` does not match ``pattern`` as a regular expression.</doc>
<status status="PASS" start="2024-04-07T21:12:51.539754" elapsed="0.000355"/>
</kw>
<kw name="Log" owner="BuiltIn">
<msg time="2024-04-07T21:12:51.540618" level="INFO">{'large': 'https://randomuser.me/api/portraits/women/7.jpg', 'medium': 'https://randomuser.me/api/portraits/med/women/7.jpg', 'thumbnail': 'https://randomuser.me/api/portraits/thumb/women/7.jpg'}</msg>
<arg>${json_data['results'][0]['picture']}</arg>
<doc>Logs the given message with the given level.</doc>
<status status="PASS" start="2024-04-07T21:12:51.540293" elapsed="0.000367"/>
</kw>
<status status="PASS" start="2024-04-07T21:12:51.430398" elapsed="0.110523"/>
</kw>
<kw name="Teste de Tipos de Dados - Postcode" owner="random-user-service">
<kw name="GET On Session" owner="RequestsLibrary">
<msg time="2024-04-07T21:12:51.648249" level="INFO">GET Request : url=https://randomuser.me/api 
 path_url=/api 
 headers={'User-Agent': 'python-requests/2.31.0', 'Accept-Encoding': 'gzip, deflate', 'Accept': '*/*', 'Connection': 'keep-alive'} 
 body=None 
 </msg>
<msg time="2024-04-07T21:12:51.648362" level="INFO">GET Response : url=https://randomuser.me/api 
 status=200, reason=OK 
 headers={'Date': 'Sun, 07 Apr 2024 21:12:51 GMT', 'Content-Type': 'application/json; charset=utf-8', 'Transfer-Encoding': 'chunked', 'Connection': 'keep-alive', 'X-Powered-By': 'Express', 'Access-Control-Allow-Origin': '*', 'Cache-Control': 'no-cache', 'ETag': 'W/"4a8-IVDG3C/o1YzS0oNHj68SO6jypHs"', 'Vary': 'Accept-Encoding', 'Content-Encoding': 'gzip', 'CF-Cache-Status': 'DYNAMIC', 'Report-To': '{"endpoints":[{"url":"https:\\/\\/a.nel.cloudflare.com\\/report\\/v4?s=8SaTG4pGWllRClmnnM3OCRvh88Yy2Fpc0JDwABVbX9V7rq5AubBvdk0IhI72if8dRam47o7q7ZY5kG0hNVH4G%2FQbV68Bk%2BnPpk13r%2BEC7OMFzrrSbsLphV8fGVkMrcqJ"}],"group":"cf-nel","max_age":604800}', 'NEL': '{"success_fraction":0,"report_to":"cf-nel","max_age":604800}', 'Server': 'cloudflare', 'CF-RAY': '870d04aa2d472f56-LAX', 'alt-svc': 'h3=":443"; ma=86400'} 
 body={"results":[{"gender":"female","name":{"title":"Mrs","first":"Enni","last":"Jarvi"},"location":{"street":{"number":8317,"name":"Verkatehtaankatu"},"city":"Juupajoki","state":"Southern Ostrobothnia","country":"Finland","postcode":97738,"coordinates":{"latitude":"-29.0077","longitude":"115.8803"},"timezone":{"offset":"+1:00","description":"Brussels, Copenhagen, Madrid, Paris"}},"email":"enni.jarvi@example.com","login":{"uuid":"4367df3c-fbcb-4f15-99cd-43fdb930d93c","username":"ticklishfish309","password":"shalom","salt":"UYS0hvZM","md5":"0e9b1c2b0a5af8eaaa9d578e87904286","sha1":"e95128e146db3cef18840f0b75d426bd148534fa","sha256":"bcce650685ef57f44e92435465ad30f5f274650d5bf0703f921ddf587d71ecb2"},"dob":{"date":"1998-11-23T20:21:57.263Z","age":25},"registered":{"date":"2019-10-03T01:54:00.618Z","age":4},"phone":"06-208-527","cell":"043-269-97-93","id":{"name":"HETU","value":"NaNNA262undefined"},"picture":{"large":"https://randomuser.me/api/portraits/women/68.jpg","medium":"https://randomuser.me/api/portraits/med/women/68.jpg","thumbnail":"https://randomuser.me/api/portraits/thumb/women/68.jpg"},"nat":"FI"}],"info":{"seed":"a7abc8f9eadf8cad","results":1,"page":1,"version":"1.4"}} 
 </msg>
<msg time="2024-04-07T21:12:51.648460" level="INFO">/opt/hostedtoolcache/Python/3.12.2/x64/lib/python3.12/site-packages/urllib3/connectionpool.py:1103: InsecureRequestWarning: Unverified HTTPS request is being made to host 'randomuser.me'. Adding certificate verification is strongly advised. See: https://urllib3.readthedocs.io/en/latest/advanced-usage.html#tls-warnings
  warnings.warn(</msg>
<msg time="2024-04-07T21:12:51.648627" level="INFO">${response} = &lt;Response [200]&gt;</msg>
<var>${response}</var>
<arg>consultarAPI</arg>
<arg>/api</arg>
<doc>Sends a GET request on a previously created HTTP Session.</doc>
<status status="PASS" start="2024-04-07T21:12:51.541534" elapsed="0.107145"/>
</kw>
<kw name="Set Variable" owner="BuiltIn">
<msg time="2024-04-07T21:12:51.649747" level="INFO">${json_data} = {'results': [{'gender': 'female', 'name': {'title': 'Mrs', 'first': 'Enni', 'last': 'Jarvi'}, 'location': {'street': {'number': 8317, 'name': 'Verkatehtaankatu'}, 'city': 'Juupajoki', 'state': 'Southe...</msg>
<var>${json_data}</var>
<arg>${response.json()}</arg>
<doc>Returns the given values which can then be assigned to a variables.</doc>
<status status="PASS" start="2024-04-07T21:12:51.649234" elapsed="0.000542"/>
</kw>
<kw name="Log" owner="BuiltIn">
<msg time="2024-04-07T21:12:51.650241" level="INFO">{'results': [{'gender': 'female', 'name': {'title': 'Mrs', 'first': 'Enni', 'last': 'Jarvi'}, 'location': {'street': {'number': 8317, 'name': 'Verkatehtaankatu'}, 'city': 'Juupajoki', 'state': 'Southern Ostrobothnia', 'country': 'Finland', 'postcode': 97738, 'coordinates': {'latitude': '-29.0077', 'longitude': '115.8803'}, 'timezone': {'offset': '+1:00', 'description': 'Brussels, Copenhagen, Madrid, Paris'}}, 'email': 'enni.jarvi@example.com', 'login': {'uuid': '4367df3c-fbcb-4f15-99cd-43fdb930d93c', 'username': 'ticklishfish309', 'password': 'shalom', 'salt': 'UYS0hvZM', 'md5': '0e9b1c2b0a5af8eaaa9d578e87904286', 'sha1': 'e95128e146db3cef18840f0b75d426bd148534fa', 'sha256': 'bcce650685ef57f44e92435465ad30f5f274650d5bf0703f921ddf587d71ecb2'}, 'dob': {'date': '1998-11-23T20:21:57.263Z', 'age': 25}, 'registered': {'date': '2019-10-03T01:54:00.618Z', 'age': 4}, 'phone': '06-208-527', 'cell': '043-269-97-93', 'id': {'name': 'HETU', 'value': 'NaNNA262undefined'}, 'picture': {'large': 'https://randomuser.me/api/portraits/women/68.jpg', 'medium': 'https://randomuser.me/api/portraits/med/women/68.jpg', 'thumbnail': 'https://randomuser.me/api/portraits/thumb/women/68.jpg'}, 'nat': 'FI'}], 'info': {'seed': 'a7abc8f9eadf8cad', 'results': 1, 'page': 1, 'version': '1.4'}}</msg>
<arg>${json_data}</arg>
<doc>Logs the given message with the given level.</doc>
<status status="PASS" start="2024-04-07T21:12:51.650085" elapsed="0.000236"/>
</kw>
<kw name="Should Be Equal As Numbers" owner="BuiltIn">
<arg>${json_data['results'][0]['location']['postcode']}</arg>
<arg>${json_data['results'][0]['location']['postcode']}</arg>
<doc>Fails if objects are unequal after converting them to real numbers.</doc>
<status status="PASS" start="2024-04-07T21:12:51.650625" elapsed="0.000681"/>
</kw>
<kw name="Log" owner="BuiltIn">
<msg time="2024-04-07T21:12:51.651834" level="INFO">97738</msg>
<arg>${json_data['results'][0]['location']['postcode']}</arg>
<doc>Logs the given message with the given level.</doc>
<status status="PASS" start="2024-04-07T21:12:51.651499" elapsed="0.000375"/>
</kw>
<status status="PASS" start="2024-04-07T21:12:51.541154" elapsed="0.110984"/>
</kw>
<doc>Testa se os tipos de dados na resposta da API estão corretos.</doc>
<tag>testeTiposDados</tag>
<status status="PASS" start="2024-04-07T21:12:51.429909" elapsed="0.222405"/>
</test>
<test id="s1-s1-t5" name="Validar conteudo" line="35">
<kw name="Teste de Tipos de Conteudo" owner="random-user-service">
<kw name="GET On Session" owner="RequestsLibrary">
<msg time="2024-04-07T21:12:51.969134" level="INFO">GET Request : url=https://randomuser.me/api 
 path_url=/api 
 headers={'User-Agent': 'python-requests/2.31.0', 'Accept-Encoding': 'gzip, deflate', 'Accept': '*/*', 'Connection': 'keep-alive'} 
 body=None 
 </msg>
<msg time="2024-04-07T21:12:51.969243" level="INFO">GET Response : url=https://randomuser.me/api 
 status=200, reason=OK 
 headers={'Date': 'Sun, 07 Apr 2024 21:12:51 GMT', 'Content-Type': 'application/json; charset=utf-8', 'Transfer-Encoding': 'chunked', 'Connection': 'keep-alive', 'X-Powered-By': 'Express', 'Access-Control-Allow-Origin': '*', 'Cache-Control': 'no-cache', 'ETag': 'W/"495-e6p/SiK7KpX6sFECgF/omenGfVw"', 'Vary': 'Accept-Encoding', 'Content-Encoding': 'gzip', 'CF-Cache-Status': 'DYNAMIC', 'Report-To': '{"endpoints":[{"url":"https:\\/\\/a.nel.cloudflare.com\\/report\\/v4?s=U2Z%2BVaafs52OvdOZn1fGbILE%2B8bjJMEecgQPJkiB2JhnTKeG6%2B7JtNFTREq0cWKbsEf7QFSxZ0TRvOgisrzIGoYvwmbq1OdAcq9mC4MjB55DnOs1HIcp8%2BKuzAXdPVG1"}],"group":"cf-nel","max_age":604800}', 'NEL': '{"success_fraction":0,"report_to":"cf-nel","max_age":604800}', 'Server': 'cloudflare', 'CF-RAY': '870d04aaee252f56-LAX', 'alt-svc': 'h3=":443"; ma=86400'} 
 body={"results":[{"gender":"female","name":{"title":"Ms","first":"Mary","last":"Fitzsimmons"},"location":{"street":{"number":2023,"name":"Richmond Park"},"city":"Youghal","state":"Cork City","country":"Ireland","postcode":38462,"coordinates":{"latitude":"-4.0750","longitude":"148.8688"},"timezone":{"offset":"+8:00","description":"Beijing, Perth, Singapore, Hong Kong"}},"email":"mary.fitzsimmons@example.com","login":{"uuid":"b4ed3af2-50ba-40d8-96fb-2d8c9c696936","username":"saddog842","password":"zzzzzzzz","salt":"cUPcZH2A","md5":"3a9e588a99466ae90d71a5056f997d2e","sha1":"c407b24560c22ebfd14a40931cfedc8fabc757d0","sha256":"e2c7734e06a841407f74372daa8c53091078accde7cece866552c8acb19ec30a"},"dob":{"date":"1976-02-14T07:13:18.958Z","age":48},"registered":{"date":"2018-06-04T14:40:40.752Z","age":5},"phone":"061-464-5241","cell":"081-418-5968","id":{"name":"PPS","value":"6397522T"},"picture":{"large":"https://randomuser.me/api/portraits/women/58.jpg","medium":"https://randomuser.me/api/portraits/med/women/58.jpg","thumbnail":"https://randomuser.me/api/portraits/thumb/women/58.jpg"},"nat":"IE"}],"info":{"seed":"dc6d259c00be618c","results":1,"page":1,"version":"1.4"}} 
 </msg>
<msg time="2024-04-07T21:12:51.969323" level="INFO">/opt/hostedtoolcache/Python/3.12.2/x64/lib/python3.12/site-packages/urllib3/connectionpool.py:1103: InsecureRequestWarning: Unverified HTTPS request is being made to host 'randomuser.me'. Adding certificate verification is strongly advised. See: https://urllib3.readthedocs.io/en/latest/advanced-usage.html#tls-warnings
  warnings.warn(</msg>
<msg time="2024-04-07T21:12:51.969467" level="INFO">${response} = &lt;Response [200]&gt;</msg>
<var>${response}</var>
<arg>consultarAPI</arg>
<arg>/api</arg>
<doc>Sends a GET request on a previously created HTTP Session.</doc>
<status status="PASS" start="2024-04-07T21:12:51.654760" elapsed="0.314750"/>
</kw>
<kw name="Set Variable" owner="BuiltIn">
<msg time="2024-04-07T21:12:51.970536" level="INFO">${json_data} = {'results': [{'gender': 'female', 'name': {'title': 'Ms', 'first': 'Mary', 'last': 'Fitzsimmons'}, 'location': {'street': {'number': 2023, 'name': 'Richmond Park'}, 'city': 'Youghal', 'state': 'Cork C...</msg>
<var>${json_data}</var>
<arg>${response.json()}</arg>
<doc>Returns the given values which can then be assigned to a variables.</doc>
<status status="PASS" start="2024-04-07T21:12:51.970012" elapsed="0.000552"/>
</kw>
<kw name="Set Variable" owner="BuiltIn">
<msg time="2024-04-07T21:12:51.971304" level="INFO">${name_title} = Ms</msg>
<var>${name_title}</var>
<arg>${json_data["results"][0]["name"]["title"]}</arg>
<doc>Returns the given values which can then be assigned to a variables.</doc>
<status status="PASS" start="2024-04-07T21:12:51.970917" elapsed="0.000412"/>
</kw>
<kw name="Create List" owner="BuiltIn">
<msg time="2024-04-07T21:12:51.971779" level="INFO">${allowed_titles} = ['Mr', 'Ms', 'Miss', 'Mrs', 'Madame', 'Monsieur']</msg>
<var>${allowed_titles}</var>
<arg>Mr</arg>
<arg>Ms</arg>
<arg>Miss</arg>
<arg>Mrs</arg>
<arg>Madame</arg>
<arg>Monsieur</arg>
<doc>Returns a list containing given items.</doc>
<status status="PASS" start="2024-04-07T21:12:51.971630" elapsed="0.000173"/>
</kw>
<kw name="List Should Contain Value" owner="Collections">
<msg time="2024-04-07T21:12:51.972283" level="INFO">False</msg>
<arg>${allowed_titles}</arg>
<arg>${name_title}</arg>
<doc>Fails if the ``value`` is not found from ``list``.</doc>
<status status="PASS" start="2024-04-07T21:12:51.972108" elapsed="0.000212"/>
</kw>
<kw name="Set Variable" owner="BuiltIn">
<msg time="2024-04-07T21:12:51.972993" level="INFO">${name_country} = IE</msg>
<var>${name_country}</var>
<arg>${json_data["results"][0]["nat"]}</arg>
<doc>Returns the given values which can then be assigned to a variables.</doc>
<status status="PASS" start="2024-04-07T21:12:51.972608" elapsed="0.000411"/>
</kw>
<kw name="Create List" owner="BuiltIn">
<msg time="2024-04-07T21:12:51.973928" level="INFO">${list_country} = ['AD', 'AE', 'AF', 'AG', 'AI', 'AL', 'AM', 'AO', 'AQ', 'AR', 'AS', 'AT', 'AU', 'AW', 'AX', 'AZ', 'BA', 'BB', 'BD', 'BE', 'BF', 'BG', 'BH', 'BI', 'BJ', 'BL', 'BM', 'BN', 'BO', 'BQ', 'BR', 'BS', 'BT', '...</msg>
<var>${list_country}</var>
<arg>AD</arg>
<arg>AE</arg>
<arg>AF</arg>
<arg>AG</arg>
<arg>AI</arg>
<arg>AL</arg>
<arg>AM</arg>
<arg>AO</arg>
<arg>AQ</arg>
<arg>AR</arg>
<arg>AS</arg>
<arg>AT</arg>
<arg>AU</arg>
<arg>AW</arg>
<arg>AX</arg>
<arg>AZ</arg>
<arg>BA</arg>
<arg>BB</arg>
<arg>BD</arg>
<arg>BE</arg>
<arg>BF</arg>
<arg>BG</arg>
<arg>BH</arg>
<arg>BI</arg>
<arg>BJ</arg>
<arg>BL</arg>
<arg>BM</arg>
<arg>BN</arg>
<arg>BO</arg>
<arg>BQ</arg>
<arg>BR</arg>
<arg>BS</arg>
<arg>BT</arg>
<arg>BV</arg>
<arg>BW</arg>
<arg>BY</arg>
<arg>BZ</arg>
<arg>CA</arg>
<arg>CC</arg>
<arg>CD</arg>
<arg>CF</arg>
<arg>CG</arg>
<arg>CH</arg>
<arg>CI</arg>
<arg>CK</arg>
<arg>CL</arg>
<arg>CM</arg>
<arg>CN</arg>
<arg>CO</arg>
<arg>CR</arg>
<arg>CU</arg>
<arg>CV</arg>
<arg>CW</arg>
<arg>CX</arg>
<arg>CY</arg>
<arg>CZ</arg>
<arg>DE</arg>
<arg>DJ</arg>
<arg>DK</arg>
<arg>DM</arg>
<arg>DO</arg>
<arg>DZ</arg>
<arg>EC</arg>
<arg>EE</arg>
<arg>EG</arg>
<arg>EH</arg>
<arg>ER</arg>
<arg>ES</arg>
<arg>ET</arg>
<arg>FI</arg>
<arg>FJ</arg>
<arg>FK</arg>
<arg>FM</arg>
<arg>FO</arg>
<arg>FR</arg>
<arg>GA</arg>
<arg>GB</arg>
<arg>GD</arg>
<arg>GE</arg>
<arg>GF</arg>
<arg>GG</arg>
<arg>GH</arg>
<arg>GI</arg>
<arg>GL</arg>
<arg>GM</arg>
<arg>GN</arg>
<arg>GP</arg>
<arg>GQ</arg>
<arg>GR</arg>
<arg>GS</arg>
<arg>GT</arg>
<arg>GU</arg>
<arg>GW</arg>
<arg>GY</arg>
<arg>HK</arg>
<arg>HM</arg>
<arg>HN</arg>
<arg>HR</arg>
<arg>HT</arg>
<arg>HU</arg>
<arg>ID</arg>
<arg>IE</arg>
<arg>IL</arg>
<arg>IM</arg>
<arg>IN</arg>
<arg>IO</arg>
<arg>IQ</arg>
<arg>IR</arg>
<arg>IS</arg>
<arg>IT</arg>
<arg>JE</arg>
<arg>JM</arg>
<arg>JO</arg>
<arg>JP</arg>
<arg>KE</arg>
<arg>KG</arg>
<arg>KH</arg>
<arg>KI</arg>
<arg>KM</arg>
<arg>KN</arg>
<arg>KP</arg>
<arg>KR</arg>
<arg>KW</arg>
<arg>KY</arg>
<arg>KZ</arg>
<arg>LA</arg>
<arg>LB</arg>
<arg>LC</arg>
<arg>LI</arg>
<arg>LK</arg>
<arg>LR</arg>
<arg>LS</arg>
<arg>LT</arg>
<arg>LU</arg>
<arg>LV</arg>
<arg>LY</arg>
<arg>MA</arg>
<arg>MC</arg>
<arg>MD</arg>
<arg>ME</arg>
<arg>MF</arg>
<arg>MG</arg>
<arg>MH</arg>
<arg>MK</arg>
<arg>ML</arg>
<arg>MM</arg>
<arg>MN</arg>
<arg>MO</arg>
<arg>MP</arg>
<arg>MQ</arg>
<arg>MR</arg>
<arg>MS</arg>
<arg>MT</arg>
<arg>MU</arg>
<arg>MV</arg>
<arg>MW</arg>
<arg>MX</arg>
<arg>MY</arg>
<arg>MZ</arg>
<arg>NA</arg>
<arg>NC</arg>
<arg>NE</arg>
<arg>NF</arg>
<arg>NG</arg>
<arg>NI</arg>
<arg>NL</arg>
<arg>NO</arg>
<arg>NP</arg>
<arg>NR</arg>
<arg>NU</arg>
<arg>NZ</arg>
<arg>OM</arg>
<arg>PA</arg>
<arg>PE</arg>
<arg>PF</arg>
<arg>PG</arg>
<arg>PH</arg>
<arg>PK</arg>
<arg>PL</arg>
<arg>PM</arg>
<arg>PN</arg>
<arg>PR</arg>
<arg>PS</arg>
<arg>PT</arg>
<arg>PW</arg>
<arg>PY</arg>
<arg>QA</arg>
<arg>RE</arg>
<arg>RO</arg>
<arg>RS</arg>
<arg>RU</arg>
<arg>RW</arg>
<arg>SA</arg>
<arg>SB</arg>
<arg>SC</arg>
<arg>SD</arg>
<arg>SE</arg>
<arg>SG</arg>
<arg>SH</arg>
<arg>SI</arg>
<arg>SJ</arg>
<arg>SK</arg>
<arg>SL</arg>
<arg>SM</arg>
<arg>SN</arg>
<arg>SO</arg>
<arg>SR</arg>
<arg>SS</arg>
<arg>ST</arg>
<arg>SV</arg>
<arg>SX</arg>
<arg>SY</arg>
<arg>SZ</arg>
<arg>TC</arg>
<arg>TD</arg>
<arg>TF</arg>
<arg>TG</arg>
<arg>TH</arg>
<arg>TJ</arg>
<arg>TK</arg>
<arg>TL</arg>
<arg>TM</arg>
<arg>TN</arg>
<arg>TO</arg>
<arg>TR</arg>
<arg>TT</arg>
<arg>TV</arg>
<arg>TW</arg>
<arg>TZ</arg>
<arg>UA</arg>
<arg>UG</arg>
<arg>UM</arg>
<arg>US</arg>
<arg>UY</arg>
<arg>UZ</arg>
<arg>VA</arg>
<arg>VC</arg>
<arg>VE</arg>
<arg>VG</arg>
<arg>VI</arg>
<arg>VN</arg>
<arg>VU</arg>
<arg>WF</arg>
<arg>WS</arg>
<arg>XK</arg>
<arg>YE</arg>
<arg>YT</arg>
<arg>ZA</arg>
<arg>ZM</arg>
<arg>ZW</arg>
<doc>Returns a list containing given items.</doc>
<status status="PASS" start="2024-04-07T21:12:51.973326" elapsed="0.000628"/>
</kw>
<kw name="List Should Contain Value" owner="Collections">
<msg time="2024-04-07T21:12:51.975120" level="INFO">False</msg>
<arg>${list_country}</arg>
<arg>${name_country}</arg>
<doc>Fails if the ``value`` is not found from ``list``.</doc>
<status status="PASS" start="2024-04-07T21:12:51.974913" elapsed="0.000255"/>
</kw>
<kw name="Run Keyword If" owner="BuiltIn">
<kw name="Should Be True" owner="BuiltIn">
<arg>${True}</arg>
<doc>Fails if the given condition is not true.</doc>
<status status="PASS" start="2024-04-07T21:12:51.976239" elapsed="0.000145"/>
</kw>
<arg>${json_data["results"][0]["location"]["coordinates"]["latitude"]} &gt;= -90 and ${json_data["results"][0]["location"]["coordinates"]["latitude"]} &lt;= 90</arg>
<arg>Should Be True</arg>
<arg>${True}</arg>
<doc>Runs the given keyword with the given arguments, if ``condition`` is true.</doc>
<status status="PASS" start="2024-04-07T21:12:51.975482" elapsed="0.001031"/>
</kw>
<kw name="Run Keyword If" owner="BuiltIn">
<kw name="Should Be True" owner="BuiltIn">
<arg>${True}</arg>
<doc>Fails if the given condition is not true.</doc>
<status status="PASS" start="2024-04-07T21:12:51.977399" elapsed="0.000164"/>
</kw>
<arg>${json_data["results"][0]["location"]["coordinates"]["longitude"]} &gt;= -180 and ${json_data["results"][0]["location"]["coordinates"]["longitude"]} &lt;= 180</arg>
<arg>Should Be True</arg>
<arg>${True}</arg>
<doc>Runs the given keyword with the given arguments, if ``condition`` is true.</doc>
<status status="PASS" start="2024-04-07T21:12:51.976696" elapsed="0.000995"/>
</kw>
<status status="PASS" start="2024-04-07T21:12:51.654533" elapsed="0.323292"/>
</kw>
<doc>Testa o conteúdo específico dos campos retornados pela API.</doc>
<tag>testeConteudo</tag>
<status status="PASS" start="2024-04-07T21:12:51.654064" elapsed="0.323918"/>
</test>
<status status="PASS" start="2024-04-07T21:12:50.822247" elapsed="1.157718"/>
</suite>
<status status="PASS" start="2024-04-07T21:12:50.808535" elapsed="1.176812"/>
</suite>
<statistics>
<total>
<stat pass="5" fail="0" skip="0">All Tests</stat>
</total>
<tag>
<stat pass="1" fail="0" skip="0">testeConteudo</stat>
<stat pass="1" fail="0" skip="0">testeEstruturaResposta</stat>
<stat pass="1" fail="0" skip="0">testeRequisicaoBasica</stat>
<stat pass="1" fail="0" skip="0">testeTiposDados</stat>
</tag>
<suite>
<stat pass="5" fail="0" skip="0" id="s1" name="Tests">Tests</stat>
<stat pass="5" fail="0" skip="0" id="s1-s1" name="Random-User-Test">Tests.Random-User-Test</stat>
</suite>
</statistics>
<errors>
</errors>
</robot>
