<?xml version="1.0" encoding="UTF-8"?>
<robot generator="Robot 7.0 (Python 3.12.2 on linux)" generated="2024-03-29T00:59:04.979455" rpa="false" schemaversion="5">
<suite id="s1" name="Tests" source="/home/runner/work/DesafioQAItauRogerioJordao/DesafioQAItauRogerioJordao/RamdonUser/tests">
<suite id="s1-s1" name="Random-User-Test" source="/home/runner/work/DesafioQAItauRogerioJordao/DesafioQAItauRogerioJordao/RamdonUser/tests/random-user-test.robot">
<test id="s1-s1-t1" name="Conectar" line="13">
<kw name="Conectar API" owner="random-user-service">
<kw name="Create Session" owner="RequestsLibrary">
<msg time="2024-03-29T00:59:05.326588" level="INFO">Creating Session using : alias=consultarAPI, url=https://randomuser.me/, headers={},                     cookies={}, auth=None, timeout=None, proxies=None, verify=False,                     debug=0 </msg>
<arg>consultarAPI</arg>
<arg>${URL}</arg>
<doc>Create Session: create a HTTP session to a server</doc>
<status status="PASS" start="2024-03-29T00:59:05.326374" elapsed="0.000372"/>
</kw>
<status status="PASS" start="2024-03-29T00:59:05.325410" elapsed="0.001676"/>
</kw>
<status status="PASS" start="2024-03-29T00:59:05.324916" elapsed="0.002371"/>
</test>
<test id="s1-s1-t2" name="Validar retorno 200 e JSON Válido" line="16">
<kw name="Teste de Requisicao Basica" owner="random-user-service">
<kw name="GET On Session" owner="RequestsLibrary">
<msg time="2024-03-29T00:59:05.721295" level="INFO">GET Request : url=https://randomuser.me/api 
 path_url=/api 
 headers={'User-Agent': 'python-requests/2.31.0', 'Accept-Encoding': 'gzip, deflate', 'Accept': '*/*', 'Connection': 'keep-alive'} 
 body=None 
 </msg>
<msg time="2024-03-29T00:59:05.721408" level="INFO">GET Response : url=https://randomuser.me/api 
 status=200, reason=OK 
 headers={'Date': 'Fri, 29 Mar 2024 00:59:05 GMT', 'Content-Type': 'application/json; charset=utf-8', 'Transfer-Encoding': 'chunked', 'Connection': 'keep-alive', 'X-Powered-By': 'Express', 'Access-Control-Allow-Origin': '*', 'Cache-Control': 'no-cache', 'ETag': 'W/"479-LJ0FsryCp9/oSNRXajpqU1uUYJs"', 'Vary': 'Accept-Encoding', 'Content-Encoding': 'gzip', 'CF-Cache-Status': 'DYNAMIC', 'Report-To': '{"endpoints":[{"url":"https:\\/\\/a.nel.cloudflare.com\\/report\\/v4?s=8GtbUMghQbP1TqxEbN%2Bo4OBCLbmraCn%2Bck5Z4xpg%2BQuxmhewPIK0CZYGDNY6OcTN0INLV405WV0JqEnIj9x5tUuo12%2FycnyVUwDB8ujp6W6J1eR4efr2NjH0Ydicj%2Bui"}],"group":"cf-nel","max_age":604800}', 'NEL': '{"success_fraction":0,"report_to":"cf-nel","max_age":604800}', 'Server': 'cloudflare', 'CF-RAY': '86bbea4e68573b20-IAD', 'alt-svc': 'h3=":443"; ma=86400'} 
 body={"results":[{"gender":"female","name":{"title":"Mrs","first":"Kaitlin","last":"Williams"},"location":{"street":{"number":5059,"name":"York Road"},"city":"Dunboyne","state":"Kilkenny","country":"Ireland","postcode":66119,"coordinates":{"latitude":"4.2755","longitude":"75.8324"},"timezone":{"offset":"+5:45","description":"Kathmandu"}},"email":"kaitlin.williams@example.com","login":{"uuid":"8f8c8f56-917b-4e3a-acfb-ededa87c278c","username":"silvertiger866","password":"verizon","salt":"eBT6oO5X","md5":"79f2a17e586e1538fddae28ae143d057","sha1":"901d1ecbe3e4ec106e7a59458d782390a17deff1","sha256":"e964ad344a473d2899dddd87df34ad6da64f9727cdc3022a4b09583db6e7fca4"},"dob":{"date":"1996-03-13T23:12:33.627Z","age":28},"registered":{"date":"2018-12-16T07:14:24.501Z","age":5},"phone":"041-481-4575","cell":"081-698-7713","id":{"name":"PPS","value":"5757133T"},"picture":{"large":"https://randomuser.me/api/portraits/women/65.jpg","medium":"https://randomuser.me/api/portraits/med/women/65.jpg","thumbnail":"https://randomuser.me/api/portraits/thumb/women/65.jpg"},"nat":"IE"}],"info":{"seed":"1134108fd96a9fbe","results":1,"page":1,"version":"1.4"}} 
 </msg>
<msg time="2024-03-29T00:59:05.721498" level="INFO">/opt/hostedtoolcache/Python/3.12.2/x64/lib/python3.12/site-packages/urllib3/connectionpool.py:1103: InsecureRequestWarning: Unverified HTTPS request is being made to host 'randomuser.me'. Adding certificate verification is strongly advised. See: https://urllib3.readthedocs.io/en/latest/advanced-usage.html#tls-warnings
  warnings.warn(</msg>
<msg time="2024-03-29T00:59:05.721633" level="INFO">${response} = &lt;Response [200]&gt;</msg>
<var>${response}</var>
<arg>consultarAPI</arg>
<arg>/api</arg>
<doc>Sends a GET request on a previously created HTTP Session.</doc>
<status status="PASS" start="2024-03-29T00:59:05.329839" elapsed="0.391837"/>
</kw>
<kw name="Should Be Equal As Numbers" owner="BuiltIn">
<msg time="2024-03-29T00:59:05.722550" level="INFO">Argument types are:
&lt;class 'int'&gt;
&lt;class 'str'&gt;</msg>
<arg>${response.status_code}</arg>
<arg>200</arg>
<doc>Fails if objects are unequal after converting them to real numbers.</doc>
<status status="PASS" start="2024-03-29T00:59:05.722083" elapsed="0.000531"/>
</kw>
<kw name="Log" owner="BuiltIn">
<msg time="2024-03-29T00:59:05.723307" level="INFO">200</msg>
<arg>${response.status_code}</arg>
<doc>Logs the given message with the given level.</doc>
<status status="PASS" start="2024-03-29T00:59:05.722954" elapsed="0.000396"/>
</kw>
<kw name="Set Variable" owner="BuiltIn">
<msg time="2024-03-29T00:59:05.724094" level="INFO">${json_data} = {'results': [{'gender': 'female', 'name': {'title': 'Mrs', 'first': 'Kaitlin', 'last': 'Williams'}, 'location': {'street': {'number': 5059, 'name': 'York Road'}, 'city': 'Dunboyne', 'state': 'Kilkenny...</msg>
<var>${json_data}</var>
<arg>${response.json()}</arg>
<doc>Returns the given values which can then be assigned to a variables.</doc>
<status status="PASS" start="2024-03-29T00:59:05.723669" elapsed="0.000453"/>
</kw>
<kw name="Dictionary Should Contain Key" owner="Collections">
<msg time="2024-03-29T00:59:05.724578" level="INFO">False</msg>
<arg>${json_data}</arg>
<arg>results</arg>
<doc>Fails if ``key`` is not found from ``dictionary``.</doc>
<status status="PASS" start="2024-03-29T00:59:05.724418" elapsed="0.000199"/>
</kw>
<status status="PASS" start="2024-03-29T00:59:05.329589" elapsed="0.395278"/>
</kw>
<doc>Testa se a API responde corretamente e retorna um objeto JSON válido.</doc>
<tag>testeRequisicaoBasica</tag>
<status status="PASS" start="2024-03-29T00:59:05.329125" elapsed="0.395914"/>
</test>
<test id="s1-s1-t3" name="Validar estrutura de resposta" line="22">
<kw name="Teste de Estrutura de Resposta" owner="random-user-service">
<kw name="GET On Session" owner="RequestsLibrary">
<msg time="2024-03-29T00:59:05.835556" level="INFO">GET Request : url=https://randomuser.me/api 
 path_url=/api 
 headers={'User-Agent': 'python-requests/2.31.0', 'Accept-Encoding': 'gzip, deflate', 'Accept': '*/*', 'Connection': 'keep-alive'} 
 body=None 
 </msg>
<msg time="2024-03-29T00:59:05.835646" level="INFO">GET Response : url=https://randomuser.me/api 
 status=200, reason=OK 
 headers={'Date': 'Fri, 29 Mar 2024 00:59:05 GMT', 'Content-Type': 'application/json; charset=utf-8', 'Transfer-Encoding': 'chunked', 'Connection': 'keep-alive', 'X-Powered-By': 'Express', 'Access-Control-Allow-Origin': '*', 'Cache-Control': 'no-cache', 'ETag': 'W/"488-1Bkzp+tsokFBZ4ZtQRstAj1g0Mw"', 'Vary': 'Accept-Encoding', 'Content-Encoding': 'gzip', 'CF-Cache-Status': 'DYNAMIC', 'Report-To': '{"endpoints":[{"url":"https:\\/\\/a.nel.cloudflare.com\\/report\\/v4?s=QUjsRo%2BNpU1QG9HAz7OvJJdc0X0aotJY2WL5RJ%2BKaK7wet%2FkjfVkERKMgtu0Lb9Fv0sEDwBVew9u6J2McuUf58u8D7qoEew7opgo1s40ZYqdF8EZ1eQD%2BSX6aqIUVC43"}],"group":"cf-nel","max_age":604800}', 'NEL': '{"success_fraction":0,"report_to":"cf-nel","max_age":604800}', 'Server': 'cloudflare', 'CF-RAY': '86bbea50cb9d3b20-IAD', 'alt-svc': 'h3=":443"; ma=86400'} 
 body={"results":[{"gender":"female","name":{"title":"Mrs","first":"Sara","last":"Christensen"},"location":{"street":{"number":9454,"name":"Humlehaven"},"city":"Odense Sv","state":"Sjælland","country":"Denmark","postcode":98150,"coordinates":{"latitude":"-45.3729","longitude":"10.2480"},"timezone":{"offset":"-8:00","description":"Pacific Time (US &amp; Canada)"}},"email":"sara.christensen@example.com","login":{"uuid":"c0a2f59b-f494-4b5b-9d4c-be04fa56f512","username":"silverpanda898","password":"dogg","salt":"pJtUwTeY","md5":"12df7a7a9c42895faf0e804f2147d9f9","sha1":"adbf0b745e532795a1418b343045d13861558858","sha256":"c84f6ab473de459c9e372b61cdccc112da638ae50e7f84bfbb9bc7f453d5cc2b"},"dob":{"date":"1944-09-09T12:09:52.865Z","age":79},"registered":{"date":"2008-05-13T15:42:53.968Z","age":15},"phone":"63493013","cell":"42702669","id":{"name":"CPR","value":"090944-0182"},"picture":{"large":"https://randomuser.me/api/portraits/women/93.jpg","medium":"https://randomuser.me/api/portraits/med/women/93.jpg","thumbnail":"https://randomuser.me/api/portraits/thumb/women/93.jpg"},"nat":"DK"}],"info":{"seed":"2126390d84d48296","results":1,"page":1,"version":"1.4"}} 
 </msg>
<msg time="2024-03-29T00:59:05.835784" level="INFO">/opt/hostedtoolcache/Python/3.12.2/x64/lib/python3.12/site-packages/urllib3/connectionpool.py:1103: InsecureRequestWarning: Unverified HTTPS request is being made to host 'randomuser.me'. Adding certificate verification is strongly advised. See: https://urllib3.readthedocs.io/en/latest/advanced-usage.html#tls-warnings
  warnings.warn(</msg>
<msg time="2024-03-29T00:59:05.835934" level="INFO">${response} = &lt;Response [200]&gt;</msg>
<var>${response}</var>
<arg>consultarAPI</arg>
<arg>/api</arg>
<doc>Sends a GET request on a previously created HTTP Session.</doc>
<status status="PASS" start="2024-03-29T00:59:05.728057" elapsed="0.107933"/>
</kw>
<kw name="Set Variable" owner="BuiltIn">
<msg time="2024-03-29T00:59:05.836854" level="INFO">${json_data} = {'results': [{'gender': 'female', 'name': {'title': 'Mrs', 'first': 'Sara', 'last': 'Christensen'}, 'location': {'street': {'number': 9454, 'name': 'Humlehaven'}, 'city': 'Odense Sv', 'state': 'Sjælla...</msg>
<var>${json_data}</var>
<arg>${response.json()}</arg>
<doc>Returns the given values which can then be assigned to a variables.</doc>
<status status="PASS" start="2024-03-29T00:59:05.836405" elapsed="0.000478"/>
</kw>
<kw name="Log" owner="BuiltIn">
<msg time="2024-03-29T00:59:05.837345" level="INFO">{'results': [{'gender': 'female', 'name': {'title': 'Mrs', 'first': 'Sara', 'last': 'Christensen'}, 'location': {'street': {'number': 9454, 'name': 'Humlehaven'}, 'city': 'Odense Sv', 'state': 'Sjælland', 'country': 'Denmark', 'postcode': 98150, 'coordinates': {'latitude': '-45.3729', 'longitude': '10.2480'}, 'timezone': {'offset': '-8:00', 'description': 'Pacific Time (US &amp; Canada)'}}, 'email': 'sara.christensen@example.com', 'login': {'uuid': 'c0a2f59b-f494-4b5b-9d4c-be04fa56f512', 'username': 'silverpanda898', 'password': 'dogg', 'salt': 'pJtUwTeY', 'md5': '12df7a7a9c42895faf0e804f2147d9f9', 'sha1': 'adbf0b745e532795a1418b343045d13861558858', 'sha256': 'c84f6ab473de459c9e372b61cdccc112da638ae50e7f84bfbb9bc7f453d5cc2b'}, 'dob': {'date': '1944-09-09T12:09:52.865Z', 'age': 79}, 'registered': {'date': '2008-05-13T15:42:53.968Z', 'age': 15}, 'phone': '63493013', 'cell': '42702669', 'id': {'name': 'CPR', 'value': '090944-0182'}, 'picture': {'large': 'https://randomuser.me/api/portraits/women/93.jpg', 'medium': 'https://randomuser.me/api/portraits/med/women/93.jpg', 'thumbnail': 'https://randomuser.me/api/portraits/thumb/women/93.jpg'}, 'nat': 'DK'}], 'info': {'seed': '2126390d84d48296', 'results': 1, 'page': 1, 'version': '1.4'}}</msg>
<arg>${json_data}</arg>
<doc>Logs the given message with the given level.</doc>
<status status="PASS" start="2024-03-29T00:59:05.837186" elapsed="0.000208"/>
</kw>
<kw name="Dictionary Should Contain Key" owner="Collections">
<msg time="2024-03-29T00:59:05.837859" level="INFO">False</msg>
<arg>${json_data}</arg>
<arg>results</arg>
<doc>Fails if ``key`` is not found from ``dictionary``.</doc>
<status status="PASS" start="2024-03-29T00:59:05.837698" elapsed="0.000199"/>
</kw>
<kw name="Should Not Be Empty" owner="BuiltIn">
<msg time="2024-03-29T00:59:05.838318" level="INFO">Length is 2.</msg>
<arg>${json_data}</arg>
<doc>Verifies that the given item is not empty.</doc>
<status status="PASS" start="2024-03-29T00:59:05.838185" elapsed="0.000170"/>
</kw>
<kw name="Create List" owner="BuiltIn">
<msg time="2024-03-29T00:59:05.838855" level="INFO">${expected_keys} = ['gender', 'name', 'location', 'email', 'login']</msg>
<var>${expected_keys}</var>
<arg>gender</arg>
<arg>name</arg>
<arg>location</arg>
<arg>email</arg>
<arg>login</arg>
<doc>Returns a list containing given items.</doc>
<status status="PASS" start="2024-03-29T00:59:05.838701" elapsed="0.000178"/>
</kw>
<for flavor="IN">
<iter>
<kw name="Dictionary Should Contain Key" owner="Collections">
<msg time="2024-03-29T00:59:05.839841" level="INFO">False</msg>
<arg>${json_data['results'][0]}</arg>
<arg>${key}</arg>
<doc>Fails if ``key`` is not found from ``dictionary``.</doc>
<status status="PASS" start="2024-03-29T00:59:05.839441" elapsed="0.000438"/>
</kw>
<kw name="Log" owner="BuiltIn">
<msg time="2024-03-29T00:59:05.840566" level="INFO">{'gender': 'female', 'name': {'title': 'Mrs', 'first': 'Sara', 'last': 'Christensen'}, 'location': {'street': {'number': 9454, 'name': 'Humlehaven'}, 'city': 'Odense Sv', 'state': 'Sjælland', 'country': 'Denmark', 'postcode': 98150, 'coordinates': {'latitude': '-45.3729', 'longitude': '10.2480'}, 'timezone': {'offset': '-8:00', 'description': 'Pacific Time (US &amp; Canada)'}}, 'email': 'sara.christensen@example.com', 'login': {'uuid': 'c0a2f59b-f494-4b5b-9d4c-be04fa56f512', 'username': 'silverpanda898', 'password': 'dogg', 'salt': 'pJtUwTeY', 'md5': '12df7a7a9c42895faf0e804f2147d9f9', 'sha1': 'adbf0b745e532795a1418b343045d13861558858', 'sha256': 'c84f6ab473de459c9e372b61cdccc112da638ae50e7f84bfbb9bc7f453d5cc2b'}, 'dob': {'date': '1944-09-09T12:09:52.865Z', 'age': 79}, 'registered': {'date': '2008-05-13T15:42:53.968Z', 'age': 15}, 'phone': '63493013', 'cell': '42702669', 'id': {'name': 'CPR', 'value': '090944-0182'}, 'picture': {'large': 'https://randomuser.me/api/portraits/women/93.jpg', 'medium': 'https://randomuser.me/api/portraits/med/women/93.jpg', 'thumbnail': 'https://randomuser.me/api/portraits/thumb/women/93.jpg'}, 'nat': 'DK'}</msg>
<arg>${json_data['results'][0]}</arg>
<doc>Logs the given message with the given level.</doc>
<status status="PASS" start="2024-03-29T00:59:05.840179" elapsed="0.000444"/>
</kw>
<kw name="Log" owner="BuiltIn">
<msg time="2024-03-29T00:59:05.841060" level="INFO">gender</msg>
<arg>${key}</arg>
<doc>Logs the given message with the given level.</doc>
<status status="PASS" start="2024-03-29T00:59:05.840932" elapsed="0.000166"/>
</kw>
<var name="${key}">gender</var>
<status status="PASS" start="2024-03-29T00:59:05.839317" elapsed="0.001999"/>
</iter>
<iter>
<kw name="Dictionary Should Contain Key" owner="Collections">
<msg time="2024-03-29T00:59:05.842002" level="INFO">False</msg>
<arg>${json_data['results'][0]}</arg>
<arg>${key}</arg>
<doc>Fails if ``key`` is not found from ``dictionary``.</doc>
<status status="PASS" start="2024-03-29T00:59:05.841617" elapsed="0.000422"/>
</kw>
<kw name="Log" owner="BuiltIn">
<msg time="2024-03-29T00:59:05.842749" level="INFO">{'gender': 'female', 'name': {'title': 'Mrs', 'first': 'Sara', 'last': 'Christensen'}, 'location': {'street': {'number': 9454, 'name': 'Humlehaven'}, 'city': 'Odense Sv', 'state': 'Sjælland', 'country': 'Denmark', 'postcode': 98150, 'coordinates': {'latitude': '-45.3729', 'longitude': '10.2480'}, 'timezone': {'offset': '-8:00', 'description': 'Pacific Time (US &amp; Canada)'}}, 'email': 'sara.christensen@example.com', 'login': {'uuid': 'c0a2f59b-f494-4b5b-9d4c-be04fa56f512', 'username': 'silverpanda898', 'password': 'dogg', 'salt': 'pJtUwTeY', 'md5': '12df7a7a9c42895faf0e804f2147d9f9', 'sha1': 'adbf0b745e532795a1418b343045d13861558858', 'sha256': 'c84f6ab473de459c9e372b61cdccc112da638ae50e7f84bfbb9bc7f453d5cc2b'}, 'dob': {'date': '1944-09-09T12:09:52.865Z', 'age': 79}, 'registered': {'date': '2008-05-13T15:42:53.968Z', 'age': 15}, 'phone': '63493013', 'cell': '42702669', 'id': {'name': 'CPR', 'value': '090944-0182'}, 'picture': {'large': 'https://randomuser.me/api/portraits/women/93.jpg', 'medium': 'https://randomuser.me/api/portraits/med/women/93.jpg', 'thumbnail': 'https://randomuser.me/api/portraits/thumb/women/93.jpg'}, 'nat': 'DK'}</msg>
<arg>${json_data['results'][0]}</arg>
<doc>Logs the given message with the given level.</doc>
<status status="PASS" start="2024-03-29T00:59:05.842365" elapsed="0.000434"/>
</kw>
<kw name="Log" owner="BuiltIn">
<msg time="2024-03-29T00:59:05.843372" level="INFO">name</msg>
<arg>${key}</arg>
<doc>Logs the given message with the given level.</doc>
<status status="PASS" start="2024-03-29T00:59:05.843180" elapsed="0.000231"/>
</kw>
<var name="${key}">name</var>
<status status="PASS" start="2024-03-29T00:59:05.841503" elapsed="0.002130"/>
</iter>
<iter>
<kw name="Dictionary Should Contain Key" owner="Collections">
<msg time="2024-03-29T00:59:05.844322" level="INFO">False</msg>
<arg>${json_data['results'][0]}</arg>
<arg>${key}</arg>
<doc>Fails if ``key`` is not found from ``dictionary``.</doc>
<status status="PASS" start="2024-03-29T00:59:05.843930" elapsed="0.000428"/>
</kw>
<kw name="Log" owner="BuiltIn">
<msg time="2024-03-29T00:59:05.845023" level="INFO">{'gender': 'female', 'name': {'title': 'Mrs', 'first': 'Sara', 'last': 'Christensen'}, 'location': {'street': {'number': 9454, 'name': 'Humlehaven'}, 'city': 'Odense Sv', 'state': 'Sjælland', 'country': 'Denmark', 'postcode': 98150, 'coordinates': {'latitude': '-45.3729', 'longitude': '10.2480'}, 'timezone': {'offset': '-8:00', 'description': 'Pacific Time (US &amp; Canada)'}}, 'email': 'sara.christensen@example.com', 'login': {'uuid': 'c0a2f59b-f494-4b5b-9d4c-be04fa56f512', 'username': 'silverpanda898', 'password': 'dogg', 'salt': 'pJtUwTeY', 'md5': '12df7a7a9c42895faf0e804f2147d9f9', 'sha1': 'adbf0b745e532795a1418b343045d13861558858', 'sha256': 'c84f6ab473de459c9e372b61cdccc112da638ae50e7f84bfbb9bc7f453d5cc2b'}, 'dob': {'date': '1944-09-09T12:09:52.865Z', 'age': 79}, 'registered': {'date': '2008-05-13T15:42:53.968Z', 'age': 15}, 'phone': '63493013', 'cell': '42702669', 'id': {'name': 'CPR', 'value': '090944-0182'}, 'picture': {'large': 'https://randomuser.me/api/portraits/women/93.jpg', 'medium': 'https://randomuser.me/api/portraits/med/women/93.jpg', 'thumbnail': 'https://randomuser.me/api/portraits/thumb/women/93.jpg'}, 'nat': 'DK'}</msg>
<arg>${json_data['results'][0]}</arg>
<doc>Logs the given message with the given level.</doc>
<status status="PASS" start="2024-03-29T00:59:05.844656" elapsed="0.000420"/>
</kw>
<kw name="Log" owner="BuiltIn">
<msg time="2024-03-29T00:59:05.845494" level="INFO">location</msg>
<arg>${key}</arg>
<doc>Logs the given message with the given level.</doc>
<status status="PASS" start="2024-03-29T00:59:05.845368" elapsed="0.000163"/>
</kw>
<var name="${key}">location</var>
<status status="PASS" start="2024-03-29T00:59:05.843815" elapsed="0.001928"/>
</iter>
<iter>
<kw name="Dictionary Should Contain Key" owner="Collections">
<msg time="2024-03-29T00:59:05.846427" level="INFO">False</msg>
<arg>${json_data['results'][0]}</arg>
<arg>${key}</arg>
<doc>Fails if ``key`` is not found from ``dictionary``.</doc>
<status status="PASS" start="2024-03-29T00:59:05.846028" elapsed="0.000452"/>
</kw>
<kw name="Log" owner="BuiltIn">
<msg time="2024-03-29T00:59:05.847145" level="INFO">{'gender': 'female', 'name': {'title': 'Mrs', 'first': 'Sara', 'last': 'Christensen'}, 'location': {'street': {'number': 9454, 'name': 'Humlehaven'}, 'city': 'Odense Sv', 'state': 'Sjælland', 'country': 'Denmark', 'postcode': 98150, 'coordinates': {'latitude': '-45.3729', 'longitude': '10.2480'}, 'timezone': {'offset': '-8:00', 'description': 'Pacific Time (US &amp; Canada)'}}, 'email': 'sara.christensen@example.com', 'login': {'uuid': 'c0a2f59b-f494-4b5b-9d4c-be04fa56f512', 'username': 'silverpanda898', 'password': 'dogg', 'salt': 'pJtUwTeY', 'md5': '12df7a7a9c42895faf0e804f2147d9f9', 'sha1': 'adbf0b745e532795a1418b343045d13861558858', 'sha256': 'c84f6ab473de459c9e372b61cdccc112da638ae50e7f84bfbb9bc7f453d5cc2b'}, 'dob': {'date': '1944-09-09T12:09:52.865Z', 'age': 79}, 'registered': {'date': '2008-05-13T15:42:53.968Z', 'age': 15}, 'phone': '63493013', 'cell': '42702669', 'id': {'name': 'CPR', 'value': '090944-0182'}, 'picture': {'large': 'https://randomuser.me/api/portraits/women/93.jpg', 'medium': 'https://randomuser.me/api/portraits/med/women/93.jpg', 'thumbnail': 'https://randomuser.me/api/portraits/thumb/women/93.jpg'}, 'nat': 'DK'}</msg>
<arg>${json_data['results'][0]}</arg>
<doc>Logs the given message with the given level.</doc>
<status status="PASS" start="2024-03-29T00:59:05.846787" elapsed="0.000409"/>
</kw>
<kw name="Log" owner="BuiltIn">
<msg time="2024-03-29T00:59:05.847614" level="INFO">email</msg>
<arg>${key}</arg>
<doc>Logs the given message with the given level.</doc>
<status status="PASS" start="2024-03-29T00:59:05.847488" elapsed="0.000162"/>
</kw>
<var name="${key}">email</var>
<status status="PASS" start="2024-03-29T00:59:05.845914" elapsed="0.001946"/>
</iter>
<iter>
<kw name="Dictionary Should Contain Key" owner="Collections">
<msg time="2024-03-29T00:59:05.848535" level="INFO">False</msg>
<arg>${json_data['results'][0]}</arg>
<arg>${key}</arg>
<doc>Fails if ``key`` is not found from ``dictionary``.</doc>
<status status="PASS" start="2024-03-29T00:59:05.848143" elapsed="0.000429"/>
</kw>
<kw name="Log" owner="BuiltIn">
<msg time="2024-03-29T00:59:05.849223" level="INFO">{'gender': 'female', 'name': {'title': 'Mrs', 'first': 'Sara', 'last': 'Christensen'}, 'location': {'street': {'number': 9454, 'name': 'Humlehaven'}, 'city': 'Odense Sv', 'state': 'Sjælland', 'country': 'Denmark', 'postcode': 98150, 'coordinates': {'latitude': '-45.3729', 'longitude': '10.2480'}, 'timezone': {'offset': '-8:00', 'description': 'Pacific Time (US &amp; Canada)'}}, 'email': 'sara.christensen@example.com', 'login': {'uuid': 'c0a2f59b-f494-4b5b-9d4c-be04fa56f512', 'username': 'silverpanda898', 'password': 'dogg', 'salt': 'pJtUwTeY', 'md5': '12df7a7a9c42895faf0e804f2147d9f9', 'sha1': 'adbf0b745e532795a1418b343045d13861558858', 'sha256': 'c84f6ab473de459c9e372b61cdccc112da638ae50e7f84bfbb9bc7f453d5cc2b'}, 'dob': {'date': '1944-09-09T12:09:52.865Z', 'age': 79}, 'registered': {'date': '2008-05-13T15:42:53.968Z', 'age': 15}, 'phone': '63493013', 'cell': '42702669', 'id': {'name': 'CPR', 'value': '090944-0182'}, 'picture': {'large': 'https://randomuser.me/api/portraits/women/93.jpg', 'medium': 'https://randomuser.me/api/portraits/med/women/93.jpg', 'thumbnail': 'https://randomuser.me/api/portraits/thumb/women/93.jpg'}, 'nat': 'DK'}</msg>
<arg>${json_data['results'][0]}</arg>
<doc>Logs the given message with the given level.</doc>
<status status="PASS" start="2024-03-29T00:59:05.848861" elapsed="0.000413"/>
</kw>
<kw name="Log" owner="BuiltIn">
<msg time="2024-03-29T00:59:05.849688" level="INFO">login</msg>
<arg>${key}</arg>
<doc>Logs the given message with the given level.</doc>
<status status="PASS" start="2024-03-29T00:59:05.849563" elapsed="0.000265"/>
</kw>
<var name="${key}">login</var>
<status status="PASS" start="2024-03-29T00:59:05.848030" elapsed="0.002039"/>
</iter>
<var>${key}</var>
<value>@{expected_keys}</value>
<status status="PASS" start="2024-03-29T00:59:05.839137" elapsed="0.011059"/>
</for>
<kw name="Create List" owner="BuiltIn">
<msg time="2024-03-29T00:59:05.850557" level="INFO">${expected_keysTwo} = ['username', 'password']</msg>
<var>${expected_keysTwo}</var>
<arg>username</arg>
<arg>password</arg>
<doc>Returns a list containing given items.</doc>
<status status="PASS" start="2024-03-29T00:59:05.850387" elapsed="0.000194"/>
</kw>
<for flavor="IN">
<iter>
<kw name="Dictionary Should Contain Key" owner="Collections">
<msg time="2024-03-29T00:59:05.851458" level="INFO">False</msg>
<arg>${json_data['results'][0]['login']}</arg>
<arg>${keyTwo}</arg>
<doc>Fails if ``key`` is not found from ``dictionary``.</doc>
<status status="PASS" start="2024-03-29T00:59:05.851075" elapsed="0.000420"/>
</kw>
<kw name="Dictionary Should Contain Key" owner="Collections">
<msg time="2024-03-29T00:59:05.852167" level="INFO">False</msg>
<arg>${json_data['results'][0]['login']}</arg>
<arg>${keyTwo}</arg>
<doc>Fails if ``key`` is not found from ``dictionary``.</doc>
<status status="PASS" start="2024-03-29T00:59:05.851792" elapsed="0.000411"/>
</kw>
<kw name="Log" owner="BuiltIn">
<msg time="2024-03-29T00:59:05.852619" level="INFO">username</msg>
<arg>${keyTwo}</arg>
<doc>Logs the given message with the given level.</doc>
<status status="PASS" start="2024-03-29T00:59:05.852493" elapsed="0.000161"/>
</kw>
<var name="${keyTwo}">username</var>
<status status="PASS" start="2024-03-29T00:59:05.850965" elapsed="0.001901"/>
</iter>
<iter>
<kw name="Dictionary Should Contain Key" owner="Collections">
<msg time="2024-03-29T00:59:05.853516" level="INFO">False</msg>
<arg>${json_data['results'][0]['login']}</arg>
<arg>${keyTwo}</arg>
<doc>Fails if ``key`` is not found from ``dictionary``.</doc>
<status status="PASS" start="2024-03-29T00:59:05.853145" elapsed="0.000407"/>
</kw>
<kw name="Dictionary Should Contain Key" owner="Collections">
<msg time="2024-03-29T00:59:05.854212" level="INFO">False</msg>
<arg>${json_data['results'][0]['login']}</arg>
<arg>${keyTwo}</arg>
<doc>Fails if ``key`` is not found from ``dictionary``.</doc>
<status status="PASS" start="2024-03-29T00:59:05.853838" elapsed="0.000411"/>
</kw>
<kw name="Log" owner="BuiltIn">
<msg time="2024-03-29T00:59:05.854701" level="INFO">password</msg>
<arg>${keyTwo}</arg>
<doc>Logs the given message with the given level.</doc>
<status status="PASS" start="2024-03-29T00:59:05.854571" elapsed="0.000169"/>
</kw>
<var name="${keyTwo}">password</var>
<status status="PASS" start="2024-03-29T00:59:05.853036" elapsed="0.001919"/>
</iter>
<var>${keyTwo}</var>
<value>@{expected_keysTwo}</value>
<status status="PASS" start="2024-03-29T00:59:05.850816" elapsed="0.004261"/>
</for>
<status status="PASS" start="2024-03-29T00:59:05.727724" elapsed="0.127488"/>
</kw>
<doc>Testa a estrutura da resposta da API.</doc>
<tag>testeEstruturaResposta</tag>
<status status="PASS" start="2024-03-29T00:59:05.726823" elapsed="0.128539"/>
</test>
<test id="s1-s1-t4" name="Validar tipos de dados" line="28">
<kw name="Teste de Tipos de Dados" owner="random-user-service">
<kw name="GET On Session" owner="RequestsLibrary">
<msg time="2024-03-29T00:59:05.902555" level="INFO">GET Request : url=https://randomuser.me/api 
 path_url=/api 
 headers={'User-Agent': 'python-requests/2.31.0', 'Accept-Encoding': 'gzip, deflate', 'Accept': '*/*', 'Connection': 'keep-alive'} 
 body=None 
 </msg>
<msg time="2024-03-29T00:59:05.902639" level="INFO">GET Response : url=https://randomuser.me/api 
 status=200, reason=OK 
 headers={'Date': 'Fri, 29 Mar 2024 00:59:05 GMT', 'Content-Type': 'application/json; charset=utf-8', 'Transfer-Encoding': 'chunked', 'Connection': 'keep-alive', 'X-Powered-By': 'Express', 'Access-Control-Allow-Origin': '*', 'Cache-Control': 'no-cache', 'ETag': 'W/"48f-kqx7dDn/DBhDScdVsqzxQOrU2cg"', 'Vary': 'Accept-Encoding', 'Content-Encoding': 'gzip', 'CF-Cache-Status': 'DYNAMIC', 'Report-To': '{"endpoints":[{"url":"https:\\/\\/a.nel.cloudflare.com\\/report\\/v4?s=v%2Bso0fjyq0uf3VNI6QGD4rvO8kh%2FbM7JLYTIPmHZVuhhtId5SQwidqaolL4TMhE2EnBm54rH0Gbq3TSV1JFUldscOUO6mBCl%2FXOyZQ34HC78YDK3NTh9BVHLkNGt1RFD"}],"group":"cf-nel","max_age":604800}', 'NEL': '{"success_fraction":0,"report_to":"cf-nel","max_age":604800}', 'Server': 'cloudflare', 'CF-RAY': '86bbea519cea3b20-IAD', 'alt-svc': 'h3=":443"; ma=86400'} 
 body={"results":[{"gender":"male","name":{"title":"Mr","first":"Lawrence","last":"Garrett"},"location":{"street":{"number":1972,"name":"Woodlawn Avenue"},"city":"Arklow","state":"Roscommon","country":"Ireland","postcode":33766,"coordinates":{"latitude":"-0.7837","longitude":"-144.7439"},"timezone":{"offset":"+4:00","description":"Abu Dhabi, Muscat, Baku, Tbilisi"}},"email":"lawrence.garrett@example.com","login":{"uuid":"9493f0b4-9c80-4589-ac94-742592538848","username":"organicfish506","password":"shrimp","salt":"JWIawHMN","md5":"6bc1bc78d81575fd1b74123633dc3eb7","sha1":"e03ef13227bd7a56e6ca27ab08d6e55d567d6988","sha256":"d93afc64b1e867828d2d412070bcbb2aeb5adaea8f5cf632824b03285618aafd"},"dob":{"date":"1962-01-07T12:25:45.485Z","age":62},"registered":{"date":"2005-03-29T06:22:37.954Z","age":18},"phone":"051-132-5525","cell":"081-993-9971","id":{"name":"PPS","value":"7242237T"},"picture":{"large":"https://randomuser.me/api/portraits/men/32.jpg","medium":"https://randomuser.me/api/portraits/med/men/32.jpg","thumbnail":"https://randomuser.me/api/portraits/thumb/men/32.jpg"},"nat":"IE"}],"info":{"seed":"a8264558fac52fad","results":1,"page":1,"version":"1.4"}} 
 </msg>
<msg time="2024-03-29T00:59:05.902707" level="INFO">/opt/hostedtoolcache/Python/3.12.2/x64/lib/python3.12/site-packages/urllib3/connectionpool.py:1103: InsecureRequestWarning: Unverified HTTPS request is being made to host 'randomuser.me'. Adding certificate verification is strongly advised. See: https://urllib3.readthedocs.io/en/latest/advanced-usage.html#tls-warnings
  warnings.warn(</msg>
<msg time="2024-03-29T00:59:05.902841" level="INFO">${response} = &lt;Response [200]&gt;</msg>
<var>${response}</var>
<arg>consultarAPI</arg>
<arg>/api</arg>
<doc>Sends a GET request on a previously created HTTP Session.</doc>
<status status="PASS" start="2024-03-29T00:59:05.857933" elapsed="0.044961"/>
</kw>
<kw name="Set Variable" owner="BuiltIn">
<msg time="2024-03-29T00:59:05.903810" level="INFO">${json_data} = {'results': [{'gender': 'male', 'name': {'title': 'Mr', 'first': 'Lawrence', 'last': 'Garrett'}, 'location': {'street': {'number': 1972, 'name': 'Woodlawn Avenue'}, 'city': 'Arklow', 'state': 'Roscomm...</msg>
<var>${json_data}</var>
<arg>${response.json()}</arg>
<doc>Returns the given values which can then be assigned to a variables.</doc>
<status status="PASS" start="2024-03-29T00:59:05.903378" elapsed="0.000460"/>
</kw>
<kw name="Log" owner="BuiltIn">
<msg time="2024-03-29T00:59:05.904297" level="INFO">{'results': [{'gender': 'male', 'name': {'title': 'Mr', 'first': 'Lawrence', 'last': 'Garrett'}, 'location': {'street': {'number': 1972, 'name': 'Woodlawn Avenue'}, 'city': 'Arklow', 'state': 'Roscommon', 'country': 'Ireland', 'postcode': 33766, 'coordinates': {'latitude': '-0.7837', 'longitude': '-144.7439'}, 'timezone': {'offset': '+4:00', 'description': 'Abu Dhabi, Muscat, Baku, Tbilisi'}}, 'email': 'lawrence.garrett@example.com', 'login': {'uuid': '9493f0b4-9c80-4589-ac94-742592538848', 'username': 'organicfish506', 'password': 'shrimp', 'salt': 'JWIawHMN', 'md5': '6bc1bc78d81575fd1b74123633dc3eb7', 'sha1': 'e03ef13227bd7a56e6ca27ab08d6e55d567d6988', 'sha256': 'd93afc64b1e867828d2d412070bcbb2aeb5adaea8f5cf632824b03285618aafd'}, 'dob': {'date': '1962-01-07T12:25:45.485Z', 'age': 62}, 'registered': {'date': '2005-03-29T06:22:37.954Z', 'age': 18}, 'phone': '051-132-5525', 'cell': '081-993-9971', 'id': {'name': 'PPS', 'value': '7242237T'}, 'picture': {'large': 'https://randomuser.me/api/portraits/men/32.jpg', 'medium': 'https://randomuser.me/api/portraits/med/men/32.jpg', 'thumbnail': 'https://randomuser.me/api/portraits/thumb/men/32.jpg'}, 'nat': 'IE'}], 'info': {'seed': 'a8264558fac52fad', 'results': 1, 'page': 1, 'version': '1.4'}}</msg>
<arg>${json_data}</arg>
<doc>Logs the given message with the given level.</doc>
<status status="PASS" start="2024-03-29T00:59:05.904147" elapsed="0.000228"/>
</kw>
<kw name="Should Be String" owner="String">
<arg>${json_data['results'][0]['gender']}</arg>
<doc>Fails if the given ``item`` is not a string.</doc>
<status status="PASS" start="2024-03-29T00:59:05.904685" elapsed="0.000357"/>
</kw>
<kw name="Should Match Regexp" owner="BuiltIn">
<arg>${json_data['results'][0]['email']}</arg>
<arg>^[a-zA-Z0-9._%+-]+@[a-zA-Z0-9.-]+\.[a-zA-Z]{2,}$</arg>
<doc>Fails if ``string`` does not match ``pattern`` as a regular expression.</doc>
<status status="PASS" start="2024-03-29T00:59:05.905234" elapsed="0.000505"/>
</kw>
<kw name="Should Match Regexp" owner="BuiltIn">
<arg>${json_data['results'][0]['dob']['date']}</arg>
<arg>\\d{4}-\\d{2}-\\d{2}T\\d{2}:\\d{2}:\\d{2}\\.\\d{3}Z</arg>
<doc>Fails if ``string`` does not match ``pattern`` as a regular expression.</doc>
<status status="PASS" start="2024-03-29T00:59:05.905936" elapsed="0.000519"/>
</kw>
<kw name="Should Match Regexp" owner="BuiltIn">
<arg>${json_data['results'][0]['registered']['date']}</arg>
<arg>\\d{4}-\\d{2}-\\d{2}T\\d{2}:\\d{2}:\\d{2}\\.\\d{3}Z</arg>
<doc>Fails if ``string`` does not match ``pattern`` as a regular expression.</doc>
<status status="PASS" start="2024-03-29T00:59:05.906659" elapsed="0.000373"/>
</kw>
<kw name="Should Match Regexp" owner="BuiltIn">
<arg>${json_data['results'][0]['picture']['large']}</arg>
<arg>^https?://.*\.(?:png|jpe?g|gif|bmp)$</arg>
<doc>Fails if ``string`` does not match ``pattern`` as a regular expression.</doc>
<status status="PASS" start="2024-03-29T00:59:05.907218" elapsed="0.000454"/>
</kw>
<kw name="Should Match Regexp" owner="BuiltIn">
<arg>${json_data['results'][0]['picture']['medium']}</arg>
<arg>^https?://.*\.(?:png|jpe?g|gif|bmp)$</arg>
<doc>Fails if ``string`` does not match ``pattern`` as a regular expression.</doc>
<status status="PASS" start="2024-03-29T00:59:05.907862" elapsed="0.000364"/>
</kw>
<kw name="Should Match Regexp" owner="BuiltIn">
<arg>${json_data['results'][0]['picture']['thumbnail']}</arg>
<arg>^https?://.*\.(?:png|jpe?g|gif|bmp)$</arg>
<doc>Fails if ``string`` does not match ``pattern`` as a regular expression.</doc>
<status status="PASS" start="2024-03-29T00:59:05.908411" elapsed="0.000383"/>
</kw>
<kw name="Log" owner="BuiltIn">
<msg time="2024-03-29T00:59:05.909491" level="INFO">{'large': 'https://randomuser.me/api/portraits/men/32.jpg', 'medium': 'https://randomuser.me/api/portraits/med/men/32.jpg', 'thumbnail': 'https://randomuser.me/api/portraits/thumb/men/32.jpg'}</msg>
<arg>${json_data['results'][0]['picture']}</arg>
<doc>Logs the given message with the given level.</doc>
<status status="PASS" start="2024-03-29T00:59:05.908978" elapsed="0.000577"/>
</kw>
<status status="PASS" start="2024-03-29T00:59:05.857713" elapsed="0.052134"/>
</kw>
<kw name="Teste de Tipos de Dados - Postcode" owner="random-user-service">
<kw name="GET On Session" owner="RequestsLibrary">
<msg time="2024-03-29T00:59:05.997738" level="INFO">GET Request : url=https://randomuser.me/api 
 path_url=/api 
 headers={'User-Agent': 'python-requests/2.31.0', 'Accept-Encoding': 'gzip, deflate', 'Accept': '*/*', 'Connection': 'keep-alive'} 
 body=None 
 </msg>
<msg time="2024-03-29T00:59:05.997823" level="INFO">GET Response : url=https://randomuser.me/api 
 status=200, reason=OK 
 headers={'Date': 'Fri, 29 Mar 2024 00:59:05 GMT', 'Content-Type': 'application/json; charset=utf-8', 'Transfer-Encoding': 'chunked', 'Connection': 'keep-alive', 'X-Powered-By': 'Express', 'Access-Control-Allow-Origin': '*', 'Cache-Control': 'no-cache', 'ETag': 'W/"477-TqDtr2nyrKqRCrVIBwjKpqLuudQ"', 'Vary': 'Accept-Encoding', 'Content-Encoding': 'gzip', 'CF-Cache-Status': 'DYNAMIC', 'Report-To': '{"endpoints":[{"url":"https:\\/\\/a.nel.cloudflare.com\\/report\\/v4?s=vKZRpZQ5V%2BMO8a7C5ZqSZGaEu6BSBB5z4nPBIFbId%2FNAskiYATUZdlFVUSpJziINgPyTtmFTjuht6w9DOtgFpV66WQrbcToVGTRWrfQo1E%2FCsav5S9WTifFzN755x7rv"}],"group":"cf-nel","max_age":604800}', 'NEL': '{"success_fraction":0,"report_to":"cf-nel","max_age":604800}', 'Server': 'cloudflare', 'CF-RAY': '86bbea51fd5a3b20-IAD', 'alt-svc': 'h3=":443"; ma=86400'} 
 body={"results":[{"gender":"female","name":{"title":"Ms","first":"Holly","last":"Thompson"},"location":{"street":{"number":1540,"name":"Marshland Road"},"city":"Christchurch","state":"Taranaki","country":"New Zealand","postcode":99560,"coordinates":{"latitude":"47.6518","longitude":"169.5943"},"timezone":{"offset":"+3:30","description":"Tehran"}},"email":"holly.thompson@example.com","login":{"uuid":"6bf9281b-fcaf-4c13-bdc2-bdfdcd412af2","username":"bigpanda848","password":"rusty1","salt":"WN7Xgo8Y","md5":"c7f59638de9e0be563e29889c512c181","sha1":"e5fcc4bfc59b31b594b24a84d469107245e3c719","sha256":"048f62dc5139e0fe1607e7208a7e1192c173b56ae436bffddbbbc75636d9a826"},"dob":{"date":"1998-01-16T09:29:32.135Z","age":26},"registered":{"date":"2019-10-07T03:45:10.177Z","age":4},"phone":"(821)-169-1641","cell":"(890)-900-0676","id":{"name":"","value":null},"picture":{"large":"https://randomuser.me/api/portraits/women/78.jpg","medium":"https://randomuser.me/api/portraits/med/women/78.jpg","thumbnail":"https://randomuser.me/api/portraits/thumb/women/78.jpg"},"nat":"NZ"}],"info":{"seed":"96aedf56f8046a33","results":1,"page":1,"version":"1.4"}} 
 </msg>
<msg time="2024-03-29T00:59:05.997906" level="INFO">/opt/hostedtoolcache/Python/3.12.2/x64/lib/python3.12/site-packages/urllib3/connectionpool.py:1103: InsecureRequestWarning: Unverified HTTPS request is being made to host 'randomuser.me'. Adding certificate verification is strongly advised. See: https://urllib3.readthedocs.io/en/latest/advanced-usage.html#tls-warnings
  warnings.warn(</msg>
<msg time="2024-03-29T00:59:05.998034" level="INFO">${response} = &lt;Response [200]&gt;</msg>
<var>${response}</var>
<arg>consultarAPI</arg>
<arg>/api</arg>
<doc>Sends a GET request on a previously created HTTP Session.</doc>
<status status="PASS" start="2024-03-29T00:59:05.910393" elapsed="0.087689"/>
</kw>
<kw name="Set Variable" owner="BuiltIn">
<msg time="2024-03-29T00:59:05.999236" level="INFO">${json_data} = {'results': [{'gender': 'female', 'name': {'title': 'Ms', 'first': 'Holly', 'last': 'Thompson'}, 'location': {'street': {'number': 1540, 'name': 'Marshland Road'}, 'city': 'Christchurch', 'state': 'Ta...</msg>
<var>${json_data}</var>
<arg>${response.json()}</arg>
<doc>Returns the given values which can then be assigned to a variables.</doc>
<status status="PASS" start="2024-03-29T00:59:05.998674" elapsed="0.000590"/>
</kw>
<kw name="Log" owner="BuiltIn">
<msg time="2024-03-29T00:59:05.999729" level="INFO">{'results': [{'gender': 'female', 'name': {'title': 'Ms', 'first': 'Holly', 'last': 'Thompson'}, 'location': {'street': {'number': 1540, 'name': 'Marshland Road'}, 'city': 'Christchurch', 'state': 'Taranaki', 'country': 'New Zealand', 'postcode': 99560, 'coordinates': {'latitude': '47.6518', 'longitude': '169.5943'}, 'timezone': {'offset': '+3:30', 'description': 'Tehran'}}, 'email': 'holly.thompson@example.com', 'login': {'uuid': '6bf9281b-fcaf-4c13-bdc2-bdfdcd412af2', 'username': 'bigpanda848', 'password': 'rusty1', 'salt': 'WN7Xgo8Y', 'md5': 'c7f59638de9e0be563e29889c512c181', 'sha1': 'e5fcc4bfc59b31b594b24a84d469107245e3c719', 'sha256': '048f62dc5139e0fe1607e7208a7e1192c173b56ae436bffddbbbc75636d9a826'}, 'dob': {'date': '1998-01-16T09:29:32.135Z', 'age': 26}, 'registered': {'date': '2019-10-07T03:45:10.177Z', 'age': 4}, 'phone': '(821)-169-1641', 'cell': '(890)-900-0676', 'id': {'name': '', 'value': None}, 'picture': {'large': 'https://randomuser.me/api/portraits/women/78.jpg', 'medium': 'https://randomuser.me/api/portraits/med/women/78.jpg', 'thumbnail': 'https://randomuser.me/api/portraits/thumb/women/78.jpg'}, 'nat': 'NZ'}], 'info': {'seed': '96aedf56f8046a33', 'results': 1, 'page': 1, 'version': '1.4'}}</msg>
<arg>${json_data}</arg>
<doc>Logs the given message with the given level.</doc>
<status status="PASS" start="2024-03-29T00:59:05.999575" elapsed="0.000231"/>
</kw>
<kw name="Should Be Equal As Numbers" owner="BuiltIn">
<arg>${json_data['results'][0]['location']['postcode']}</arg>
<arg>${json_data['results'][0]['location']['postcode']}</arg>
<doc>Fails if objects are unequal after converting them to real numbers.</doc>
<status status="PASS" start="2024-03-29T00:59:06.000103" elapsed="0.000620"/>
</kw>
<kw name="Log" owner="BuiltIn">
<msg time="2024-03-29T00:59:06.001245" level="INFO">99560</msg>
<arg>${json_data['results'][0]['location']['postcode']}</arg>
<doc>Logs the given message with the given level.</doc>
<status status="PASS" start="2024-03-29T00:59:06.000913" elapsed="0.000371"/>
</kw>
<status status="PASS" start="2024-03-29T00:59:05.910058" elapsed="0.091478"/>
</kw>
<doc>Testa se os tipos de dados na resposta da API estão corretos.</doc>
<tag>testeTiposDados</tag>
<status status="PASS" start="2024-03-29T00:59:05.857182" elapsed="0.144517"/>
</test>
<test id="s1-s1-t5" name="Validar conteudo" line="35">
<kw name="Teste de Tipos de Conteudo" owner="random-user-service">
<kw name="GET On Session" owner="RequestsLibrary">
<msg time="2024-03-29T00:59:06.100990" level="INFO">GET Request : url=https://randomuser.me/api 
 path_url=/api 
 headers={'User-Agent': 'python-requests/2.31.0', 'Accept-Encoding': 'gzip, deflate', 'Accept': '*/*', 'Connection': 'keep-alive'} 
 body=None 
 </msg>
<msg time="2024-03-29T00:59:06.101061" level="INFO">GET Response : url=https://randomuser.me/api 
 status=200, reason=OK 
 headers={'Date': 'Fri, 29 Mar 2024 00:59:06 GMT', 'Content-Type': 'application/json; charset=utf-8', 'Transfer-Encoding': 'chunked', 'Connection': 'keep-alive', 'X-Powered-By': 'Express', 'Access-Control-Allow-Origin': '*', 'Cache-Control': 'no-cache', 'ETag': 'W/"4af-AQ9+7bGSS+seqKvh7qGq/cSCUrs"', 'Vary': 'Accept-Encoding', 'Content-Encoding': 'gzip', 'CF-Cache-Status': 'DYNAMIC', 'Report-To': '{"endpoints":[{"url":"https:\\/\\/a.nel.cloudflare.com\\/report\\/v4?s=NF%2BFIdd1L3IyFESOrukpJ4Cdyh2DDeysz8%2FSkoh%2Bn6kAgsWQ%2FYi0udZ0bNTLCyYvNbuwcvc4jIespQXrebLQpzFA6Z718ohIW4hVzEWaDmOoH%2FIMV2BvqOrXjJJh54%2FR"}],"group":"cf-nel","max_age":604800}', 'NEL': '{"success_fraction":0,"report_to":"cf-nel","max_age":604800}', 'Server': 'cloudflare', 'CF-RAY': '86bbea528e0d3b20-IAD', 'alt-svc': 'h3=":443"; ma=86400'} 
 body={"results":[{"gender":"female","name":{"title":"Ms","first":"Lya","last":"Da Silva"},"location":{"street":{"number":533,"name":"Rue Dumenge"},"city":"Champigny-sur-Marne","state":"Tarn-et-Garonne","country":"France","postcode":19918,"coordinates":{"latitude":"-14.2335","longitude":"56.2770"},"timezone":{"offset":"-6:00","description":"Central Time (US &amp; Canada), Mexico City"}},"email":"lya.dasilva@example.com","login":{"uuid":"a2c30d3e-169d-4d31-a222-9e41fa2abdd5","username":"blackmeercat928","password":"brown","salt":"AL2Zpfjk","md5":"749c950f63ad5c2d5c79463019ea3d6c","sha1":"a5aeaa71f454bd04d49ea323650b3224921c3293","sha256":"84a4929ab5e47b81bb4abe9934100ab4578ddb5e1ab8fe62ba583d452bb8c7ac"},"dob":{"date":"1961-05-17T00:56:50.068Z","age":62},"registered":{"date":"2004-03-06T02:26:22.872Z","age":20},"phone":"04-16-78-83-13","cell":"06-33-45-50-50","id":{"name":"INSEE","value":"2610472293205 04"},"picture":{"large":"https://randomuser.me/api/portraits/women/94.jpg","medium":"https://randomuser.me/api/portraits/med/women/94.jpg","thumbnail":"https://randomuser.me/api/portraits/thumb/women/94.jpg"},"nat":"FR"}],"info":{"seed":"d6bd015399f4792f","results":1,"page":1,"version":"1.4"}} 
 </msg>
<msg time="2024-03-29T00:59:06.101118" level="INFO">/opt/hostedtoolcache/Python/3.12.2/x64/lib/python3.12/site-packages/urllib3/connectionpool.py:1103: InsecureRequestWarning: Unverified HTTPS request is being made to host 'randomuser.me'. Adding certificate verification is strongly advised. See: https://urllib3.readthedocs.io/en/latest/advanced-usage.html#tls-warnings
  warnings.warn(</msg>
<msg time="2024-03-29T00:59:06.101223" level="INFO">${response} = &lt;Response [200]&gt;</msg>
<var>${response}</var>
<arg>consultarAPI</arg>
<arg>/api</arg>
<doc>Sends a GET request on a previously created HTTP Session.</doc>
<status status="PASS" start="2024-03-29T00:59:06.004201" elapsed="0.097082"/>
</kw>
<kw name="Set Variable" owner="BuiltIn">
<msg time="2024-03-29T00:59:06.102304" level="INFO">${json_data} = {'results': [{'gender': 'female', 'name': {'title': 'Ms', 'first': 'Lya', 'last': 'Da Silva'}, 'location': {'street': {'number': 533, 'name': 'Rue Dumenge'}, 'city': 'Champigny-sur-Marne', 'state': 'T...</msg>
<var>${json_data}</var>
<arg>${response.json()}</arg>
<doc>Returns the given values which can then be assigned to a variables.</doc>
<status status="PASS" start="2024-03-29T00:59:06.101762" elapsed="0.000571"/>
</kw>
<kw name="Set Variable" owner="BuiltIn">
<msg time="2024-03-29T00:59:06.103071" level="INFO">${name_title} = Ms</msg>
<var>${name_title}</var>
<arg>${json_data["results"][0]["name"]["title"]}</arg>
<doc>Returns the given values which can then be assigned to a variables.</doc>
<status status="PASS" start="2024-03-29T00:59:06.102683" elapsed="0.000412"/>
</kw>
<kw name="Create List" owner="BuiltIn">
<msg time="2024-03-29T00:59:06.103551" level="INFO">${allowed_titles} = ['Mr', 'Ms', 'Miss', 'Mrs', 'Madame', 'Monsieur']</msg>
<var>${allowed_titles}</var>
<arg>Mr</arg>
<arg>Ms</arg>
<arg>Miss</arg>
<arg>Mrs</arg>
<arg>Madame</arg>
<arg>Monsieur</arg>
<doc>Returns a list containing given items.</doc>
<status status="PASS" start="2024-03-29T00:59:06.103400" elapsed="0.000175"/>
</kw>
<kw name="List Should Contain Value" owner="Collections">
<msg time="2024-03-29T00:59:06.104062" level="INFO">False</msg>
<arg>${allowed_titles}</arg>
<arg>${name_title}</arg>
<doc>Fails if the ``value`` is not found from ``list``.</doc>
<status status="PASS" start="2024-03-29T00:59:06.103883" elapsed="0.000218"/>
</kw>
<kw name="Set Variable" owner="BuiltIn">
<msg time="2024-03-29T00:59:06.104775" level="INFO">${name_country} = FR</msg>
<var>${name_country}</var>
<arg>${json_data["results"][0]["nat"]}</arg>
<doc>Returns the given values which can then be assigned to a variables.</doc>
<status status="PASS" start="2024-03-29T00:59:06.104392" elapsed="0.000408"/>
</kw>
<kw name="Create List" owner="BuiltIn">
<msg time="2024-03-29T00:59:06.105713" level="INFO">${list_country} = ['AD', 'AE', 'AF', 'AG', 'AI', 'AL', 'AM', 'AO', 'AQ', 'AR', 'AS', 'AT', 'AU', 'AW', 'AX', 'AZ', 'BA', 'BB', 'BD', 'BE', 'BF', 'BG', 'BH', 'BI', 'BJ', 'BL', 'BM', 'BN', 'BO', 'BQ', 'BR', 'BS', 'BT', '...</msg>
<var>${list_country}</var>
<arg>AD</arg>
<arg>AE</arg>
<arg>AF</arg>
<arg>AG</arg>
<arg>AI</arg>
<arg>AL</arg>
<arg>AM</arg>
<arg>AO</arg>
<arg>AQ</arg>
<arg>AR</arg>
<arg>AS</arg>
<arg>AT</arg>
<arg>AU</arg>
<arg>AW</arg>
<arg>AX</arg>
<arg>AZ</arg>
<arg>BA</arg>
<arg>BB</arg>
<arg>BD</arg>
<arg>BE</arg>
<arg>BF</arg>
<arg>BG</arg>
<arg>BH</arg>
<arg>BI</arg>
<arg>BJ</arg>
<arg>BL</arg>
<arg>BM</arg>
<arg>BN</arg>
<arg>BO</arg>
<arg>BQ</arg>
<arg>BR</arg>
<arg>BS</arg>
<arg>BT</arg>
<arg>BV</arg>
<arg>BW</arg>
<arg>BY</arg>
<arg>BZ</arg>
<arg>CA</arg>
<arg>CC</arg>
<arg>CD</arg>
<arg>CF</arg>
<arg>CG</arg>
<arg>CH</arg>
<arg>CI</arg>
<arg>CK</arg>
<arg>CL</arg>
<arg>CM</arg>
<arg>CN</arg>
<arg>CO</arg>
<arg>CR</arg>
<arg>CU</arg>
<arg>CV</arg>
<arg>CW</arg>
<arg>CX</arg>
<arg>CY</arg>
<arg>CZ</arg>
<arg>DE</arg>
<arg>DJ</arg>
<arg>DK</arg>
<arg>DM</arg>
<arg>DO</arg>
<arg>DZ</arg>
<arg>EC</arg>
<arg>EE</arg>
<arg>EG</arg>
<arg>EH</arg>
<arg>ER</arg>
<arg>ES</arg>
<arg>ET</arg>
<arg>FI</arg>
<arg>FJ</arg>
<arg>FK</arg>
<arg>FM</arg>
<arg>FO</arg>
<arg>FR</arg>
<arg>GA</arg>
<arg>GB</arg>
<arg>GD</arg>
<arg>GE</arg>
<arg>GF</arg>
<arg>GG</arg>
<arg>GH</arg>
<arg>GI</arg>
<arg>GL</arg>
<arg>GM</arg>
<arg>GN</arg>
<arg>GP</arg>
<arg>GQ</arg>
<arg>GR</arg>
<arg>GS</arg>
<arg>GT</arg>
<arg>GU</arg>
<arg>GW</arg>
<arg>GY</arg>
<arg>HK</arg>
<arg>HM</arg>
<arg>HN</arg>
<arg>HR</arg>
<arg>HT</arg>
<arg>HU</arg>
<arg>ID</arg>
<arg>IE</arg>
<arg>IL</arg>
<arg>IM</arg>
<arg>IN</arg>
<arg>IO</arg>
<arg>IQ</arg>
<arg>IR</arg>
<arg>IS</arg>
<arg>IT</arg>
<arg>JE</arg>
<arg>JM</arg>
<arg>JO</arg>
<arg>JP</arg>
<arg>KE</arg>
<arg>KG</arg>
<arg>KH</arg>
<arg>KI</arg>
<arg>KM</arg>
<arg>KN</arg>
<arg>KP</arg>
<arg>KR</arg>
<arg>KW</arg>
<arg>KY</arg>
<arg>KZ</arg>
<arg>LA</arg>
<arg>LB</arg>
<arg>LC</arg>
<arg>LI</arg>
<arg>LK</arg>
<arg>LR</arg>
<arg>LS</arg>
<arg>LT</arg>
<arg>LU</arg>
<arg>LV</arg>
<arg>LY</arg>
<arg>MA</arg>
<arg>MC</arg>
<arg>MD</arg>
<arg>ME</arg>
<arg>MF</arg>
<arg>MG</arg>
<arg>MH</arg>
<arg>MK</arg>
<arg>ML</arg>
<arg>MM</arg>
<arg>MN</arg>
<arg>MO</arg>
<arg>MP</arg>
<arg>MQ</arg>
<arg>MR</arg>
<arg>MS</arg>
<arg>MT</arg>
<arg>MU</arg>
<arg>MV</arg>
<arg>MW</arg>
<arg>MX</arg>
<arg>MY</arg>
<arg>MZ</arg>
<arg>NA</arg>
<arg>NC</arg>
<arg>NE</arg>
<arg>NF</arg>
<arg>NG</arg>
<arg>NI</arg>
<arg>NL</arg>
<arg>NO</arg>
<arg>NP</arg>
<arg>NR</arg>
<arg>NU</arg>
<arg>NZ</arg>
<arg>OM</arg>
<arg>PA</arg>
<arg>PE</arg>
<arg>PF</arg>
<arg>PG</arg>
<arg>PH</arg>
<arg>PK</arg>
<arg>PL</arg>
<arg>PM</arg>
<arg>PN</arg>
<arg>PR</arg>
<arg>PS</arg>
<arg>PT</arg>
<arg>PW</arg>
<arg>PY</arg>
<arg>QA</arg>
<arg>RE</arg>
<arg>RO</arg>
<arg>RS</arg>
<arg>RU</arg>
<arg>RW</arg>
<arg>SA</arg>
<arg>SB</arg>
<arg>SC</arg>
<arg>SD</arg>
<arg>SE</arg>
<arg>SG</arg>
<arg>SH</arg>
<arg>SI</arg>
<arg>SJ</arg>
<arg>SK</arg>
<arg>SL</arg>
<arg>SM</arg>
<arg>SN</arg>
<arg>SO</arg>
<arg>SR</arg>
<arg>SS</arg>
<arg>ST</arg>
<arg>SV</arg>
<arg>SX</arg>
<arg>SY</arg>
<arg>SZ</arg>
<arg>TC</arg>
<arg>TD</arg>
<arg>TF</arg>
<arg>TG</arg>
<arg>TH</arg>
<arg>TJ</arg>
<arg>TK</arg>
<arg>TL</arg>
<arg>TM</arg>
<arg>TN</arg>
<arg>TO</arg>
<arg>TR</arg>
<arg>TT</arg>
<arg>TV</arg>
<arg>TW</arg>
<arg>TZ</arg>
<arg>UA</arg>
<arg>UG</arg>
<arg>UM</arg>
<arg>US</arg>
<arg>UY</arg>
<arg>UZ</arg>
<arg>VA</arg>
<arg>VC</arg>
<arg>VE</arg>
<arg>VG</arg>
<arg>VI</arg>
<arg>VN</arg>
<arg>VU</arg>
<arg>WF</arg>
<arg>WS</arg>
<arg>XK</arg>
<arg>YE</arg>
<arg>YT</arg>
<arg>ZA</arg>
<arg>ZM</arg>
<arg>ZW</arg>
<doc>Returns a list containing given items.</doc>
<status status="PASS" start="2024-03-29T00:59:06.105107" elapsed="0.000632"/>
</kw>
<kw name="List Should Contain Value" owner="Collections">
<msg time="2024-03-29T00:59:06.106881" level="INFO">False</msg>
<arg>${list_country}</arg>
<arg>${name_country}</arg>
<doc>Fails if the ``value`` is not found from ``list``.</doc>
<status status="PASS" start="2024-03-29T00:59:06.106673" elapsed="0.000246"/>
</kw>
<kw name="Run Keyword If" owner="BuiltIn">
<kw name="Should Be True" owner="BuiltIn">
<arg>${True}</arg>
<doc>Fails if the given condition is not true.</doc>
<status status="PASS" start="2024-03-29T00:59:06.107985" elapsed="0.000146"/>
</kw>
<arg>${json_data["results"][0]["location"]["coordinates"]["latitude"]} &gt;= -90 and ${json_data["results"][0]["location"]["coordinates"]["latitude"]} &lt;= 90</arg>
<arg>Should Be True</arg>
<arg>${True}</arg>
<doc>Runs the given keyword with the given arguments, if ``condition`` is true.</doc>
<status status="PASS" start="2024-03-29T00:59:06.107231" elapsed="0.001030"/>
</kw>
<kw name="Run Keyword If" owner="BuiltIn">
<kw name="Should Be True" owner="BuiltIn">
<arg>${True}</arg>
<doc>Fails if the given condition is not true.</doc>
<status status="PASS" start="2024-03-29T00:59:06.109156" elapsed="0.000139"/>
</kw>
<arg>${json_data["results"][0]["location"]["coordinates"]["longitude"]} &gt;= -180 and ${json_data["results"][0]["location"]["coordinates"]["longitude"]} &lt;= 180</arg>
<arg>Should Be True</arg>
<arg>${True}</arg>
<doc>Runs the given keyword with the given arguments, if ``condition`` is true.</doc>
<status status="PASS" start="2024-03-29T00:59:06.108448" elapsed="0.000971"/>
</kw>
<status status="PASS" start="2024-03-29T00:59:06.003978" elapsed="0.105572"/>
</kw>
<doc>Testa o conteúdo específico dos campos retornados pela API.</doc>
<tag>testeConteudo</tag>
<status status="PASS" start="2024-03-29T00:59:06.003465" elapsed="0.106235"/>
</test>
<status status="PASS" start="2024-03-29T00:59:05.031152" elapsed="1.080485"/>
</suite>
<status status="PASS" start="2024-03-29T00:59:05.017600" elapsed="1.099334"/>
</suite>
<statistics>
<total>
<stat pass="5" fail="0" skip="0">All Tests</stat>
</total>
<tag>
<stat pass="1" fail="0" skip="0">testeConteudo</stat>
<stat pass="1" fail="0" skip="0">testeEstruturaResposta</stat>
<stat pass="1" fail="0" skip="0">testeRequisicaoBasica</stat>
<stat pass="1" fail="0" skip="0">testeTiposDados</stat>
</tag>
<suite>
<stat pass="5" fail="0" skip="0" id="s1" name="Tests">Tests</stat>
<stat pass="5" fail="0" skip="0" id="s1-s1" name="Random-User-Test">Tests.Random-User-Test</stat>
</suite>
</statistics>
<errors>
</errors>
</robot>
