<?xml version="1.0" encoding="UTF-8"?>
<robot generator="Robot 7.0 (Python 3.12.3 on linux)" generated="2024-05-18T02:26:41.298826" rpa="false" schemaversion="5">
<suite id="s1" name="Tests" source="/home/runner/work/DesafioQAItauRogerioJordao/DesafioQAItauRogerioJordao/RamdonUser/tests">
<suite id="s1-s1" name="Random-User-Test" source="/home/runner/work/DesafioQAItauRogerioJordao/DesafioQAItauRogerioJordao/RamdonUser/tests/random-user-test.robot">
<test id="s1-s1-t1" name="Conectar" line="13">
<kw name="Conectar API" owner="random-user-service">
<kw name="Create Session" owner="RequestsLibrary">
<msg time="2024-05-18T02:26:41.692439" level="INFO">Creating Session using : alias=consultarAPI, url=https://randomuser.me/, headers={},                     cookies={}, auth=None, timeout=None, proxies=None, verify=False,                     debug=0 </msg>
<arg>consultarAPI</arg>
<arg>${URL}</arg>
<doc>Create Session: create a HTTP session to a server</doc>
<status status="PASS" start="2024-05-18T02:26:41.692246" elapsed="0.000362"/>
</kw>
<status status="PASS" start="2024-05-18T02:26:41.691302" elapsed="0.001650"/>
</kw>
<status status="PASS" start="2024-05-18T02:26:41.690694" elapsed="0.002490"/>
</test>
<test id="s1-s1-t2" name="Validar retorno 200 e JSON Válido" line="16">
<kw name="Teste de Requisicao Basica" owner="random-user-service">
<kw name="GET On Session" owner="RequestsLibrary">
<msg time="2024-05-18T02:26:41.743242" level="INFO">GET Request : url=https://randomuser.me/api 
 path_url=/api 
 headers={'User-Agent': 'python-requests/2.31.0', 'Accept-Encoding': 'gzip, deflate', 'Accept': '*/*', 'Connection': 'keep-alive'} 
 body=None 
 </msg>
<msg time="2024-05-18T02:26:41.743399" level="INFO">GET Response : url=https://randomuser.me/api 
 status=200, reason=OK 
 headers={'Date': 'Sat, 18 May 2024 02:26:41 GMT', 'Content-Type': 'application/json; charset=utf-8', 'Transfer-Encoding': 'chunked', 'Connection': 'keep-alive', 'X-Powered-By': 'Express', 'Access-Control-Allow-Origin': '*', 'Cache-Control': 'no-cache', 'ETag': 'W/"480-FJQa4cmN/SZfIIN4OWZEKIzJq/U"', 'Vary': 'Accept-Encoding', 'Content-Encoding': 'gzip', 'CF-Cache-Status': 'DYNAMIC', 'Report-To': '{"endpoints":[{"url":"https:\\/\\/a.nel.cloudflare.com\\/report\\/v4?s=lsXBnhTQw%2FYoAfWArkpQwUfH%2BOrjEpR1MKVcMr%2BMi5BEnvfBmaD8I%2BgqG46NnB0a0fdHMOEPFVaVxpZoDDA26fhHSXdJRTcXWpSg0de3YqyIEWeTkCGeMUS2lKKktsI6"}],"group":"cf-nel","max_age":604800}', 'NEL': '{"success_fraction":0,"report_to":"cf-nel","max_age":604800}', 'Server': 'cloudflare', 'CF-RAY': '88586762bcc3206c-IAD', 'alt-svc': 'h3=":443"; ma=86400'} 
 body={"results":[{"gender":"male","name":{"title":"Mr","first":"Esat","last":"Topaloğlu"},"location":{"street":{"number":6829,"name":"Istiklal Cd"},"city":"Kilis","state":"Manisa","country":"Turkey","postcode":22766,"coordinates":{"latitude":"71.4966","longitude":"-129.0376"},"timezone":{"offset":"-4:00","description":"Atlantic Time (Canada), Caracas, La Paz"}},"email":"esat.topaloglu@example.com","login":{"uuid":"6c4a7f82-a29a-4644-8042-1d8f39fe7c6d","username":"crazydog210","password":"1967","salt":"PlJOyssc","md5":"1073498cf3acdb112bf3ec6a855cd3ff","sha1":"9210b38fcc490002acea074e5b7d6abb60f4588f","sha256":"5a93d15b695c756c1fc509b55ff7aa8660b231971d3bcb9e414e44aed358b730"},"dob":{"date":"1994-03-03T17:51:20.009Z","age":30},"registered":{"date":"2013-04-13T18:13:23.398Z","age":11},"phone":"(259)-847-4825","cell":"(500)-278-4591","id":{"name":"","value":null},"picture":{"large":"https://randomuser.me/api/portraits/men/97.jpg","medium":"https://randomuser.me/api/portraits/med/men/97.jpg","thumbnail":"https://randomuser.me/api/portraits/thumb/men/97.jpg"},"nat":"TR"}],"info":{"seed":"4545290efad60b55","results":1,"page":1,"version":"1.4"}} 
 </msg>
<msg time="2024-05-18T02:26:41.743499" level="INFO">/opt/hostedtoolcache/Python/3.12.3/x64/lib/python3.12/site-packages/urllib3/connectionpool.py:1103: InsecureRequestWarning: Unverified HTTPS request is being made to host 'randomuser.me'. Adding certificate verification is strongly advised. See: https://urllib3.readthedocs.io/en/latest/advanced-usage.html#tls-warnings
  warnings.warn(</msg>
<msg time="2024-05-18T02:26:41.743644" level="INFO">${response} = &lt;Response [200]&gt;</msg>
<var>${response}</var>
<arg>consultarAPI</arg>
<arg>/api</arg>
<doc>Sends a GET request on a previously created HTTP Session.</doc>
<status status="PASS" start="2024-05-18T02:26:41.695830" elapsed="0.047853"/>
</kw>
<kw name="Should Be Equal As Numbers" owner="BuiltIn">
<msg time="2024-05-18T02:26:41.744584" level="INFO">Argument types are:
&lt;class 'int'&gt;
&lt;class 'str'&gt;</msg>
<arg>${response.status_code}</arg>
<arg>200</arg>
<doc>Fails if objects are unequal after converting them to real numbers.</doc>
<status status="PASS" start="2024-05-18T02:26:41.744149" elapsed="0.000501"/>
</kw>
<kw name="Log" owner="BuiltIn">
<msg time="2024-05-18T02:26:41.745397" level="INFO">200</msg>
<arg>${response.status_code}</arg>
<doc>Logs the given message with the given level.</doc>
<status status="PASS" start="2024-05-18T02:26:41.745001" elapsed="0.000439"/>
</kw>
<kw name="Set Variable" owner="BuiltIn">
<msg time="2024-05-18T02:26:41.746214" level="INFO">${json_data} = {'results': [{'gender': 'male', 'name': {'title': 'Mr', 'first': 'Esat', 'last': 'Topaloğlu'}, 'location': {'street': {'number': 6829, 'name': 'Istiklal Cd'}, 'city': 'Kilis', 'state': 'Manisa', 'coun...</msg>
<var>${json_data}</var>
<arg>${response.json()}</arg>
<doc>Returns the given values which can then be assigned to a variables.</doc>
<status status="PASS" start="2024-05-18T02:26:41.745758" elapsed="0.000487"/>
</kw>
<kw name="Dictionary Should Contain Key" owner="Collections">
<msg time="2024-05-18T02:26:41.746722" level="INFO">False</msg>
<arg>${json_data}</arg>
<arg>results</arg>
<doc>Fails if ``key`` is not found from ``dictionary``.</doc>
<status status="PASS" start="2024-05-18T02:26:41.746554" elapsed="0.000215"/>
</kw>
<status status="PASS" start="2024-05-18T02:26:41.695588" elapsed="0.051443"/>
</kw>
<doc>Testa se a API responde corretamente e retorna um objeto JSON válido.</doc>
<tag>testeRequisicaoBasica</tag>
<status status="PASS" start="2024-05-18T02:26:41.695068" elapsed="0.052146"/>
</test>
<test id="s1-s1-t3" name="Validar estrutura de resposta" line="22">
<kw name="Teste de Estrutura de Resposta" owner="random-user-service">
<kw name="GET On Session" owner="RequestsLibrary">
<msg time="2024-05-18T02:26:41.842329" level="INFO">GET Request : url=https://randomuser.me/api 
 path_url=/api 
 headers={'User-Agent': 'python-requests/2.31.0', 'Accept-Encoding': 'gzip, deflate', 'Accept': '*/*', 'Connection': 'keep-alive'} 
 body=None 
 </msg>
<msg time="2024-05-18T02:26:41.842398" level="INFO">GET Response : url=https://randomuser.me/api 
 status=200, reason=OK 
 headers={'Date': 'Sat, 18 May 2024 02:26:41 GMT', 'Content-Type': 'application/json; charset=utf-8', 'Transfer-Encoding': 'chunked', 'Connection': 'keep-alive', 'X-Powered-By': 'Express', 'Access-Control-Allow-Origin': '*', 'Cache-Control': 'no-cache', 'ETag': 'W/"47c-Tk7D6jNJRWW9ID3wcyfLMCLcm40"', 'Vary': 'Accept-Encoding', 'Content-Encoding': 'gzip', 'CF-Cache-Status': 'DYNAMIC', 'Report-To': '{"endpoints":[{"url":"https:\\/\\/a.nel.cloudflare.com\\/report\\/v4?s=fV%2F%2FW3JihcW6zsRqT1aei7A0lv54MibOd8ysSMMUjcUdooQ4w54nUyPCxFI9AunSbJp89UxjiHFPXiHZ3EEk5XxvhALXbqZng2wsrPl3sQy2qjiltoiuefgGwjORAQWM"}],"group":"cf-nel","max_age":604800}', 'NEL': '{"success_fraction":0,"report_to":"cf-nel","max_age":604800}', 'Server': 'cloudflare', 'CF-RAY': '88586762fd0a206c-IAD', 'alt-svc': 'h3=":443"; ma=86400'} 
 body={"results":[{"gender":"female","name":{"title":"Miss","first":"Matilda","last":"Anderson"},"location":{"street":{"number":6031,"name":"Papanui Road"},"city":"Lower Hutt","state":"Wellington","country":"New Zealand","postcode":80382,"coordinates":{"latitude":"51.0311","longitude":"129.6008"},"timezone":{"offset":"-9:00","description":"Alaska"}},"email":"matilda.anderson@example.com","login":{"uuid":"a0019a6e-cc5c-4d4c-bfdc-0d7c4cb8e77a","username":"silverbird875","password":"sushi","salt":"UtX1rW70","md5":"ce64e069e9d4d99cce5db65f7bca8a66","sha1":"8d66e54d8f29e428ac3f5e3e879eb157d0aa3361","sha256":"5707aa1a978f8cf809e676b8f51d79508ed354f4d8f131877adf7a6158dea506"},"dob":{"date":"1971-11-17T08:42:34.206Z","age":52},"registered":{"date":"2018-07-16T23:59:09.705Z","age":5},"phone":"(775)-844-6495","cell":"(765)-566-0703","id":{"name":"","value":null},"picture":{"large":"https://randomuser.me/api/portraits/women/26.jpg","medium":"https://randomuser.me/api/portraits/med/women/26.jpg","thumbnail":"https://randomuser.me/api/portraits/thumb/women/26.jpg"},"nat":"NZ"}],"info":{"seed":"64e7ed8baea97655","results":1,"page":1,"version":"1.4"}} 
 </msg>
<msg time="2024-05-18T02:26:41.842493" level="INFO">/opt/hostedtoolcache/Python/3.12.3/x64/lib/python3.12/site-packages/urllib3/connectionpool.py:1103: InsecureRequestWarning: Unverified HTTPS request is being made to host 'randomuser.me'. Adding certificate verification is strongly advised. See: https://urllib3.readthedocs.io/en/latest/advanced-usage.html#tls-warnings
  warnings.warn(</msg>
<msg time="2024-05-18T02:26:41.842591" level="INFO">${response} = &lt;Response [200]&gt;</msg>
<var>${response}</var>
<arg>consultarAPI</arg>
<arg>/api</arg>
<doc>Sends a GET request on a previously created HTTP Session.</doc>
<status status="PASS" start="2024-05-18T02:26:41.749792" elapsed="0.092841"/>
</kw>
<kw name="Set Variable" owner="BuiltIn">
<msg time="2024-05-18T02:26:41.843638" level="INFO">${json_data} = {'results': [{'gender': 'female', 'name': {'title': 'Miss', 'first': 'Matilda', 'last': 'Anderson'}, 'location': {'street': {'number': 6031, 'name': 'Papanui Road'}, 'city': 'Lower Hutt', 'state': 'We...</msg>
<var>${json_data}</var>
<arg>${response.json()}</arg>
<doc>Returns the given values which can then be assigned to a variables.</doc>
<status status="PASS" start="2024-05-18T02:26:41.843088" elapsed="0.000579"/>
</kw>
<kw name="Log" owner="BuiltIn">
<msg time="2024-05-18T02:26:41.844143" level="INFO">{'results': [{'gender': 'female', 'name': {'title': 'Miss', 'first': 'Matilda', 'last': 'Anderson'}, 'location': {'street': {'number': 6031, 'name': 'Papanui Road'}, 'city': 'Lower Hutt', 'state': 'Wellington', 'country': 'New Zealand', 'postcode': 80382, 'coordinates': {'latitude': '51.0311', 'longitude': '129.6008'}, 'timezone': {'offset': '-9:00', 'description': 'Alaska'}}, 'email': 'matilda.anderson@example.com', 'login': {'uuid': 'a0019a6e-cc5c-4d4c-bfdc-0d7c4cb8e77a', 'username': 'silverbird875', 'password': 'sushi', 'salt': 'UtX1rW70', 'md5': 'ce64e069e9d4d99cce5db65f7bca8a66', 'sha1': '8d66e54d8f29e428ac3f5e3e879eb157d0aa3361', 'sha256': '5707aa1a978f8cf809e676b8f51d79508ed354f4d8f131877adf7a6158dea506'}, 'dob': {'date': '1971-11-17T08:42:34.206Z', 'age': 52}, 'registered': {'date': '2018-07-16T23:59:09.705Z', 'age': 5}, 'phone': '(775)-844-6495', 'cell': '(765)-566-0703', 'id': {'name': '', 'value': None}, 'picture': {'large': 'https://randomuser.me/api/portraits/women/26.jpg', 'medium': 'https://randomuser.me/api/portraits/med/women/26.jpg', 'thumbnail': 'https://randomuser.me/api/portraits/thumb/women/26.jpg'}, 'nat': 'NZ'}], 'info': {'seed': '64e7ed8baea97655', 'results': 1, 'page': 1, 'version': '1.4'}}</msg>
<arg>${json_data}</arg>
<doc>Logs the given message with the given level.</doc>
<status status="PASS" start="2024-05-18T02:26:41.843980" elapsed="0.000212"/>
</kw>
<kw name="Dictionary Should Contain Key" owner="Collections">
<msg time="2024-05-18T02:26:41.844649" level="INFO">False</msg>
<arg>${json_data}</arg>
<arg>results</arg>
<doc>Fails if ``key`` is not found from ``dictionary``.</doc>
<status status="PASS" start="2024-05-18T02:26:41.844491" elapsed="0.000196"/>
</kw>
<kw name="Should Not Be Empty" owner="BuiltIn">
<msg time="2024-05-18T02:26:41.845149" level="INFO">Length is 2.</msg>
<arg>${json_data}</arg>
<doc>Verifies that the given item is not empty.</doc>
<status status="PASS" start="2024-05-18T02:26:41.844981" elapsed="0.000210"/>
</kw>
<kw name="Create List" owner="BuiltIn">
<msg time="2024-05-18T02:26:41.845788" level="INFO">${expected_keys} = ['gender', 'name', 'location', 'email', 'login']</msg>
<var>${expected_keys}</var>
<arg>gender</arg>
<arg>name</arg>
<arg>location</arg>
<arg>email</arg>
<arg>login</arg>
<doc>Returns a list containing given items.</doc>
<status status="PASS" start="2024-05-18T02:26:41.845496" elapsed="0.000317"/>
</kw>
<for flavor="IN">
<iter>
<kw name="Dictionary Should Contain Key" owner="Collections">
<msg time="2024-05-18T02:26:41.846797" level="INFO">False</msg>
<arg>${json_data['results'][0]}</arg>
<arg>${key}</arg>
<doc>Fails if ``key`` is not found from ``dictionary``.</doc>
<status status="PASS" start="2024-05-18T02:26:41.846401" elapsed="0.000434"/>
</kw>
<kw name="Log" owner="BuiltIn">
<msg time="2024-05-18T02:26:41.847509" level="INFO">{'gender': 'female', 'name': {'title': 'Miss', 'first': 'Matilda', 'last': 'Anderson'}, 'location': {'street': {'number': 6031, 'name': 'Papanui Road'}, 'city': 'Lower Hutt', 'state': 'Wellington', 'country': 'New Zealand', 'postcode': 80382, 'coordinates': {'latitude': '51.0311', 'longitude': '129.6008'}, 'timezone': {'offset': '-9:00', 'description': 'Alaska'}}, 'email': 'matilda.anderson@example.com', 'login': {'uuid': 'a0019a6e-cc5c-4d4c-bfdc-0d7c4cb8e77a', 'username': 'silverbird875', 'password': 'sushi', 'salt': 'UtX1rW70', 'md5': 'ce64e069e9d4d99cce5db65f7bca8a66', 'sha1': '8d66e54d8f29e428ac3f5e3e879eb157d0aa3361', 'sha256': '5707aa1a978f8cf809e676b8f51d79508ed354f4d8f131877adf7a6158dea506'}, 'dob': {'date': '1971-11-17T08:42:34.206Z', 'age': 52}, 'registered': {'date': '2018-07-16T23:59:09.705Z', 'age': 5}, 'phone': '(775)-844-6495', 'cell': '(765)-566-0703', 'id': {'name': '', 'value': None}, 'picture': {'large': 'https://randomuser.me/api/portraits/women/26.jpg', 'medium': 'https://randomuser.me/api/portraits/med/women/26.jpg', 'thumbnail': 'https://randomuser.me/api/portraits/thumb/women/26.jpg'}, 'nat': 'NZ'}</msg>
<arg>${json_data['results'][0]}</arg>
<doc>Logs the given message with the given level.</doc>
<status status="PASS" start="2024-05-18T02:26:41.847134" elapsed="0.000438"/>
</kw>
<kw name="Log" owner="BuiltIn">
<msg time="2024-05-18T02:26:41.848011" level="INFO">gender</msg>
<arg>${key}</arg>
<doc>Logs the given message with the given level.</doc>
<status status="PASS" start="2024-05-18T02:26:41.847883" elapsed="0.000165"/>
</kw>
<var name="${key}">gender</var>
<status status="PASS" start="2024-05-18T02:26:41.846275" elapsed="0.001989"/>
</iter>
<iter>
<kw name="Dictionary Should Contain Key" owner="Collections">
<msg time="2024-05-18T02:26:41.848958" level="INFO">False</msg>
<arg>${json_data['results'][0]}</arg>
<arg>${key}</arg>
<doc>Fails if ``key`` is not found from ``dictionary``.</doc>
<status status="PASS" start="2024-05-18T02:26:41.848569" elapsed="0.000427"/>
</kw>
<kw name="Log" owner="BuiltIn">
<msg time="2024-05-18T02:26:41.849721" level="INFO">{'gender': 'female', 'name': {'title': 'Miss', 'first': 'Matilda', 'last': 'Anderson'}, 'location': {'street': {'number': 6031, 'name': 'Papanui Road'}, 'city': 'Lower Hutt', 'state': 'Wellington', 'country': 'New Zealand', 'postcode': 80382, 'coordinates': {'latitude': '51.0311', 'longitude': '129.6008'}, 'timezone': {'offset': '-9:00', 'description': 'Alaska'}}, 'email': 'matilda.anderson@example.com', 'login': {'uuid': 'a0019a6e-cc5c-4d4c-bfdc-0d7c4cb8e77a', 'username': 'silverbird875', 'password': 'sushi', 'salt': 'UtX1rW70', 'md5': 'ce64e069e9d4d99cce5db65f7bca8a66', 'sha1': '8d66e54d8f29e428ac3f5e3e879eb157d0aa3361', 'sha256': '5707aa1a978f8cf809e676b8f51d79508ed354f4d8f131877adf7a6158dea506'}, 'dob': {'date': '1971-11-17T08:42:34.206Z', 'age': 52}, 'registered': {'date': '2018-07-16T23:59:09.705Z', 'age': 5}, 'phone': '(775)-844-6495', 'cell': '(765)-566-0703', 'id': {'name': '', 'value': None}, 'picture': {'large': 'https://randomuser.me/api/portraits/women/26.jpg', 'medium': 'https://randomuser.me/api/portraits/med/women/26.jpg', 'thumbnail': 'https://randomuser.me/api/portraits/thumb/women/26.jpg'}, 'nat': 'NZ'}</msg>
<arg>${json_data['results'][0]}</arg>
<doc>Logs the given message with the given level.</doc>
<status status="PASS" start="2024-05-18T02:26:41.849359" elapsed="0.000412"/>
</kw>
<kw name="Log" owner="BuiltIn">
<msg time="2024-05-18T02:26:41.850197" level="INFO">name</msg>
<arg>${key}</arg>
<doc>Logs the given message with the given level.</doc>
<status status="PASS" start="2024-05-18T02:26:41.850070" elapsed="0.000164"/>
</kw>
<var name="${key}">name</var>
<status status="PASS" start="2024-05-18T02:26:41.848452" elapsed="0.001995"/>
</iter>
<iter>
<kw name="Dictionary Should Contain Key" owner="Collections">
<msg time="2024-05-18T02:26:41.851121" level="INFO">False</msg>
<arg>${json_data['results'][0]}</arg>
<arg>${key}</arg>
<doc>Fails if ``key`` is not found from ``dictionary``.</doc>
<status status="PASS" start="2024-05-18T02:26:41.850739" elapsed="0.000419"/>
</kw>
<kw name="Log" owner="BuiltIn">
<msg time="2024-05-18T02:26:41.851817" level="INFO">{'gender': 'female', 'name': {'title': 'Miss', 'first': 'Matilda', 'last': 'Anderson'}, 'location': {'street': {'number': 6031, 'name': 'Papanui Road'}, 'city': 'Lower Hutt', 'state': 'Wellington', 'country': 'New Zealand', 'postcode': 80382, 'coordinates': {'latitude': '51.0311', 'longitude': '129.6008'}, 'timezone': {'offset': '-9:00', 'description': 'Alaska'}}, 'email': 'matilda.anderson@example.com', 'login': {'uuid': 'a0019a6e-cc5c-4d4c-bfdc-0d7c4cb8e77a', 'username': 'silverbird875', 'password': 'sushi', 'salt': 'UtX1rW70', 'md5': 'ce64e069e9d4d99cce5db65f7bca8a66', 'sha1': '8d66e54d8f29e428ac3f5e3e879eb157d0aa3361', 'sha256': '5707aa1a978f8cf809e676b8f51d79508ed354f4d8f131877adf7a6158dea506'}, 'dob': {'date': '1971-11-17T08:42:34.206Z', 'age': 52}, 'registered': {'date': '2018-07-16T23:59:09.705Z', 'age': 5}, 'phone': '(775)-844-6495', 'cell': '(765)-566-0703', 'id': {'name': '', 'value': None}, 'picture': {'large': 'https://randomuser.me/api/portraits/women/26.jpg', 'medium': 'https://randomuser.me/api/portraits/med/women/26.jpg', 'thumbnail': 'https://randomuser.me/api/portraits/thumb/women/26.jpg'}, 'nat': 'NZ'}</msg>
<arg>${json_data['results'][0]}</arg>
<doc>Logs the given message with the given level.</doc>
<status status="PASS" start="2024-05-18T02:26:41.851464" elapsed="0.000403"/>
</kw>
<kw name="Log" owner="BuiltIn">
<msg time="2024-05-18T02:26:41.852286" level="INFO">location</msg>
<arg>${key}</arg>
<doc>Logs the given message with the given level.</doc>
<status status="PASS" start="2024-05-18T02:26:41.852161" elapsed="0.000162"/>
</kw>
<var name="${key}">location</var>
<status status="PASS" start="2024-05-18T02:26:41.850627" elapsed="0.001910"/>
</iter>
<iter>
<kw name="Dictionary Should Contain Key" owner="Collections">
<msg time="2024-05-18T02:26:41.853234" level="INFO">False</msg>
<arg>${json_data['results'][0]}</arg>
<arg>${key}</arg>
<doc>Fails if ``key`` is not found from ``dictionary``.</doc>
<status status="PASS" start="2024-05-18T02:26:41.852820" elapsed="0.000453"/>
</kw>
<kw name="Log" owner="BuiltIn">
<msg time="2024-05-18T02:26:41.853934" level="INFO">{'gender': 'female', 'name': {'title': 'Miss', 'first': 'Matilda', 'last': 'Anderson'}, 'location': {'street': {'number': 6031, 'name': 'Papanui Road'}, 'city': 'Lower Hutt', 'state': 'Wellington', 'country': 'New Zealand', 'postcode': 80382, 'coordinates': {'latitude': '51.0311', 'longitude': '129.6008'}, 'timezone': {'offset': '-9:00', 'description': 'Alaska'}}, 'email': 'matilda.anderson@example.com', 'login': {'uuid': 'a0019a6e-cc5c-4d4c-bfdc-0d7c4cb8e77a', 'username': 'silverbird875', 'password': 'sushi', 'salt': 'UtX1rW70', 'md5': 'ce64e069e9d4d99cce5db65f7bca8a66', 'sha1': '8d66e54d8f29e428ac3f5e3e879eb157d0aa3361', 'sha256': '5707aa1a978f8cf809e676b8f51d79508ed354f4d8f131877adf7a6158dea506'}, 'dob': {'date': '1971-11-17T08:42:34.206Z', 'age': 52}, 'registered': {'date': '2018-07-16T23:59:09.705Z', 'age': 5}, 'phone': '(775)-844-6495', 'cell': '(765)-566-0703', 'id': {'name': '', 'value': None}, 'picture': {'large': 'https://randomuser.me/api/portraits/women/26.jpg', 'medium': 'https://randomuser.me/api/portraits/med/women/26.jpg', 'thumbnail': 'https://randomuser.me/api/portraits/thumb/women/26.jpg'}, 'nat': 'NZ'}</msg>
<arg>${json_data['results'][0]}</arg>
<doc>Logs the given message with the given level.</doc>
<status status="PASS" start="2024-05-18T02:26:41.853572" elapsed="0.000411"/>
</kw>
<kw name="Log" owner="BuiltIn">
<msg time="2024-05-18T02:26:41.854402" level="INFO">email</msg>
<arg>${key}</arg>
<doc>Logs the given message with the given level.</doc>
<status status="PASS" start="2024-05-18T02:26:41.854274" elapsed="0.000166"/>
</kw>
<var name="${key}">email</var>
<status status="PASS" start="2024-05-18T02:26:41.852711" elapsed="0.001948"/>
</iter>
<iter>
<kw name="Dictionary Should Contain Key" owner="Collections">
<msg time="2024-05-18T02:26:41.855313" level="INFO">False</msg>
<arg>${json_data['results'][0]}</arg>
<arg>${key}</arg>
<doc>Fails if ``key`` is not found from ``dictionary``.</doc>
<status status="PASS" start="2024-05-18T02:26:41.854942" elapsed="0.000408"/>
</kw>
<kw name="Log" owner="BuiltIn">
<msg time="2024-05-18T02:26:41.856006" level="INFO">{'gender': 'female', 'name': {'title': 'Miss', 'first': 'Matilda', 'last': 'Anderson'}, 'location': {'street': {'number': 6031, 'name': 'Papanui Road'}, 'city': 'Lower Hutt', 'state': 'Wellington', 'country': 'New Zealand', 'postcode': 80382, 'coordinates': {'latitude': '51.0311', 'longitude': '129.6008'}, 'timezone': {'offset': '-9:00', 'description': 'Alaska'}}, 'email': 'matilda.anderson@example.com', 'login': {'uuid': 'a0019a6e-cc5c-4d4c-bfdc-0d7c4cb8e77a', 'username': 'silverbird875', 'password': 'sushi', 'salt': 'UtX1rW70', 'md5': 'ce64e069e9d4d99cce5db65f7bca8a66', 'sha1': '8d66e54d8f29e428ac3f5e3e879eb157d0aa3361', 'sha256': '5707aa1a978f8cf809e676b8f51d79508ed354f4d8f131877adf7a6158dea506'}, 'dob': {'date': '1971-11-17T08:42:34.206Z', 'age': 52}, 'registered': {'date': '2018-07-16T23:59:09.705Z', 'age': 5}, 'phone': '(775)-844-6495', 'cell': '(765)-566-0703', 'id': {'name': '', 'value': None}, 'picture': {'large': 'https://randomuser.me/api/portraits/women/26.jpg', 'medium': 'https://randomuser.me/api/portraits/med/women/26.jpg', 'thumbnail': 'https://randomuser.me/api/portraits/thumb/women/26.jpg'}, 'nat': 'NZ'}</msg>
<arg>${json_data['results'][0]}</arg>
<doc>Logs the given message with the given level.</doc>
<status status="PASS" start="2024-05-18T02:26:41.855644" elapsed="0.000410"/>
</kw>
<kw name="Log" owner="BuiltIn">
<msg time="2024-05-18T02:26:41.856479" level="INFO">login</msg>
<arg>${key}</arg>
<doc>Logs the given message with the given level.</doc>
<status status="PASS" start="2024-05-18T02:26:41.856353" elapsed="0.000163"/>
</kw>
<var name="${key}">login</var>
<status status="PASS" start="2024-05-18T02:26:41.854833" elapsed="0.001898"/>
</iter>
<var>${key}</var>
<value>@{expected_keys}</value>
<status status="PASS" start="2024-05-18T02:26:41.846085" elapsed="0.010793"/>
</for>
<kw name="Create List" owner="BuiltIn">
<msg time="2024-05-18T02:26:41.857255" level="INFO">${expected_keysTwo} = ['username', 'password']</msg>
<var>${expected_keysTwo}</var>
<arg>username</arg>
<arg>password</arg>
<doc>Returns a list containing given items.</doc>
<status status="PASS" start="2024-05-18T02:26:41.857112" elapsed="0.000167"/>
</kw>
<for flavor="IN">
<iter>
<kw name="Dictionary Should Contain Key" owner="Collections">
<msg time="2024-05-18T02:26:41.858175" level="INFO">False</msg>
<arg>${json_data['results'][0]['login']}</arg>
<arg>${keyTwo}</arg>
<doc>Fails if ``key`` is not found from ``dictionary``.</doc>
<status status="PASS" start="2024-05-18T02:26:41.857782" elapsed="0.000430"/>
</kw>
<kw name="Dictionary Should Contain Key" owner="Collections">
<msg time="2024-05-18T02:26:41.859083" level="INFO">False</msg>
<arg>${json_data['results'][0]['login']}</arg>
<arg>${keyTwo}</arg>
<doc>Fails if ``key`` is not found from ``dictionary``.</doc>
<status status="PASS" start="2024-05-18T02:26:41.858547" elapsed="0.000575"/>
</kw>
<kw name="Log" owner="BuiltIn">
<msg time="2024-05-18T02:26:41.859553" level="INFO">username</msg>
<arg>${keyTwo}</arg>
<doc>Logs the given message with the given level.</doc>
<status status="PASS" start="2024-05-18T02:26:41.859425" elapsed="0.000171"/>
</kw>
<var name="${keyTwo}">username</var>
<status status="PASS" start="2024-05-18T02:26:41.857671" elapsed="0.002142"/>
</iter>
<iter>
<kw name="Dictionary Should Contain Key" owner="Collections">
<msg time="2024-05-18T02:26:41.860481" level="INFO">False</msg>
<arg>${json_data['results'][0]['login']}</arg>
<arg>${keyTwo}</arg>
<doc>Fails if ``key`` is not found from ``dictionary``.</doc>
<status status="PASS" start="2024-05-18T02:26:41.860097" elapsed="0.000422"/>
</kw>
<kw name="Dictionary Should Contain Key" owner="Collections">
<msg time="2024-05-18T02:26:41.861333" level="INFO">False</msg>
<arg>${json_data['results'][0]['login']}</arg>
<arg>${keyTwo}</arg>
<doc>Fails if ``key`` is not found from ``dictionary``.</doc>
<status status="PASS" start="2024-05-18T02:26:41.860814" elapsed="0.000559"/>
</kw>
<kw name="Log" owner="BuiltIn">
<msg time="2024-05-18T02:26:41.861802" level="INFO">password</msg>
<arg>${keyTwo}</arg>
<doc>Logs the given message with the given level.</doc>
<status status="PASS" start="2024-05-18T02:26:41.861674" elapsed="0.000166"/>
</kw>
<var name="${keyTwo}">password</var>
<status status="PASS" start="2024-05-18T02:26:41.859986" elapsed="0.002071"/>
</iter>
<var>${keyTwo}</var>
<value>@{expected_keysTwo}</value>
<status status="PASS" start="2024-05-18T02:26:41.857516" elapsed="0.004663"/>
</for>
<status status="PASS" start="2024-05-18T02:26:41.749553" elapsed="0.112764"/>
</kw>
<doc>Testa a estrutura da resposta da API.</doc>
<tag>testeEstruturaResposta</tag>
<status status="PASS" start="2024-05-18T02:26:41.749026" elapsed="0.113442"/>
</test>
<test id="s1-s1-t4" name="Validar tipos de dados" line="28">
<kw name="Teste de Tipos de Dados" owner="random-user-service">
<kw name="GET On Session" owner="RequestsLibrary">
<msg time="2024-05-18T02:26:41.946372" level="INFO">GET Request : url=https://randomuser.me/api 
 path_url=/api 
 headers={'User-Agent': 'python-requests/2.31.0', 'Accept-Encoding': 'gzip, deflate', 'Accept': '*/*', 'Connection': 'keep-alive'} 
 body=None 
 </msg>
<msg time="2024-05-18T02:26:41.946449" level="INFO">GET Response : url=https://randomuser.me/api 
 status=200, reason=OK 
 headers={'Date': 'Sat, 18 May 2024 02:26:41 GMT', 'Content-Type': 'application/json; charset=utf-8', 'Transfer-Encoding': 'chunked', 'Connection': 'keep-alive', 'X-Powered-By': 'Express', 'Access-Control-Allow-Origin': '*', 'Cache-Control': 'no-cache', 'ETag': 'W/"47e-Uw4CM6AHLiLjEcC/69N9SzDX1d8"', 'Vary': 'Accept-Encoding', 'Content-Encoding': 'gzip', 'CF-Cache-Status': 'DYNAMIC', 'Report-To': '{"endpoints":[{"url":"https:\\/\\/a.nel.cloudflare.com\\/report\\/v4?s=xGLDwZqOreueelgGrLYDP8VBxSnCh4Xj8c2KThBd%2BP34KgbmYOrsNbV5nakc%2FUaKDrzQI87Zn6i3Ii2LmhOa9qTcG9L5O0SaJkXFHmSRwg2HEdk6qitWGTvk0%2Fa3FPeV"}],"group":"cf-nel","max_age":604800}', 'NEL': '{"success_fraction":0,"report_to":"cf-nel","max_age":604800}', 'Server': 'cloudflare', 'CF-RAY': '88586763add3206c-IAD', 'alt-svc': 'h3=":443"; ma=86400'} 
 body={"results":[{"gender":"male","name":{"title":"Mr","first":"Lucas","last":"Gill"},"location":{"street":{"number":361,"name":"Dundas Rd"},"city":"Belmont","state":"Newfoundland and Labrador","country":"Canada","postcode":"W1X 8Y2","coordinates":{"latitude":"-65.8325","longitude":"-48.7218"},"timezone":{"offset":"+9:30","description":"Adelaide, Darwin"}},"email":"lucas.gill@example.com","login":{"uuid":"95e0705c-6d51-4117-8f3d-41c73fd9d30a","username":"brownswan343","password":"vh5150","salt":"AZuegfBY","md5":"2c4f91a56f7a921c27c7921660c21fff","sha1":"d8f86d79a22a1f7174726d68990dd886057c509f","sha256":"c1ae612cbce92b1f266d592de4398997d6776caceae90718ca2814e8c3303f1e"},"dob":{"date":"1948-06-02T18:36:26.690Z","age":75},"registered":{"date":"2017-09-12T11:14:28.773Z","age":6},"phone":"F98 P82-0635","cell":"N75 O43-7959","id":{"name":"SIN","value":"164744773"},"picture":{"large":"https://randomuser.me/api/portraits/men/46.jpg","medium":"https://randomuser.me/api/portraits/med/men/46.jpg","thumbnail":"https://randomuser.me/api/portraits/thumb/men/46.jpg"},"nat":"CA"}],"info":{"seed":"73a48b327a80f569","results":1,"page":1,"version":"1.4"}} 
 </msg>
<msg time="2024-05-18T02:26:41.946515" level="INFO">/opt/hostedtoolcache/Python/3.12.3/x64/lib/python3.12/site-packages/urllib3/connectionpool.py:1103: InsecureRequestWarning: Unverified HTTPS request is being made to host 'randomuser.me'. Adding certificate verification is strongly advised. See: https://urllib3.readthedocs.io/en/latest/advanced-usage.html#tls-warnings
  warnings.warn(</msg>
<msg time="2024-05-18T02:26:41.946633" level="INFO">${response} = &lt;Response [200]&gt;</msg>
<var>${response}</var>
<arg>consultarAPI</arg>
<arg>/api</arg>
<doc>Sends a GET request on a previously created HTTP Session.</doc>
<status status="PASS" start="2024-05-18T02:26:41.864974" elapsed="0.081706"/>
</kw>
<kw name="Set Variable" owner="BuiltIn">
<msg time="2024-05-18T02:26:41.947701" level="INFO">${json_data} = {'results': [{'gender': 'male', 'name': {'title': 'Mr', 'first': 'Lucas', 'last': 'Gill'}, 'location': {'street': {'number': 361, 'name': 'Dundas Rd'}, 'city': 'Belmont', 'state': 'Newfoundland and La...</msg>
<var>${json_data}</var>
<arg>${response.json()}</arg>
<doc>Returns the given values which can then be assigned to a variables.</doc>
<status status="PASS" start="2024-05-18T02:26:41.947150" elapsed="0.000579"/>
</kw>
<kw name="Log" owner="BuiltIn">
<msg time="2024-05-18T02:26:41.948185" level="INFO">{'results': [{'gender': 'male', 'name': {'title': 'Mr', 'first': 'Lucas', 'last': 'Gill'}, 'location': {'street': {'number': 361, 'name': 'Dundas Rd'}, 'city': 'Belmont', 'state': 'Newfoundland and Labrador', 'country': 'Canada', 'postcode': 'W1X 8Y2', 'coordinates': {'latitude': '-65.8325', 'longitude': '-48.7218'}, 'timezone': {'offset': '+9:30', 'description': 'Adelaide, Darwin'}}, 'email': 'lucas.gill@example.com', 'login': {'uuid': '95e0705c-6d51-4117-8f3d-41c73fd9d30a', 'username': 'brownswan343', 'password': 'vh5150', 'salt': 'AZuegfBY', 'md5': '2c4f91a56f7a921c27c7921660c21fff', 'sha1': 'd8f86d79a22a1f7174726d68990dd886057c509f', 'sha256': 'c1ae612cbce92b1f266d592de4398997d6776caceae90718ca2814e8c3303f1e'}, 'dob': {'date': '1948-06-02T18:36:26.690Z', 'age': 75}, 'registered': {'date': '2017-09-12T11:14:28.773Z', 'age': 6}, 'phone': 'F98 P82-0635', 'cell': 'N75 O43-7959', 'id': {'name': 'SIN', 'value': '164744773'}, 'picture': {'large': 'https://randomuser.me/api/portraits/men/46.jpg', 'medium': 'https://randomuser.me/api/portraits/med/men/46.jpg', 'thumbnail': 'https://randomuser.me/api/portraits/thumb/men/46.jpg'}, 'nat': 'CA'}], 'info': {'seed': '73a48b327a80f569', 'results': 1, 'page': 1, 'version': '1.4'}}</msg>
<arg>${json_data}</arg>
<doc>Logs the given message with the given level.</doc>
<status status="PASS" start="2024-05-18T02:26:41.948037" elapsed="0.000227"/>
</kw>
<kw name="Should Be String" owner="String">
<arg>${json_data['results'][0]['gender']}</arg>
<doc>Fails if the given ``item`` is not a string.</doc>
<status status="PASS" start="2024-05-18T02:26:41.948562" elapsed="0.000361"/>
</kw>
<kw name="Should Match Regexp" owner="BuiltIn">
<arg>${json_data['results'][0]['email']}</arg>
<arg>^[a-zA-Z0-9._%+-]+@[a-zA-Z0-9.-]+\.[a-zA-Z]{2,}$</arg>
<doc>Fails if ``string`` does not match ``pattern`` as a regular expression.</doc>
<status status="PASS" start="2024-05-18T02:26:41.949156" elapsed="0.000511"/>
</kw>
<kw name="Should Match Regexp" owner="BuiltIn">
<arg>${json_data['results'][0]['dob']['date']}</arg>
<arg>\\d{4}-\\d{2}-\\d{2}T\\d{2}:\\d{2}:\\d{2}\\.\\d{3}Z</arg>
<doc>Fails if ``string`` does not match ``pattern`` as a regular expression.</doc>
<status status="PASS" start="2024-05-18T02:26:41.949864" elapsed="0.000480"/>
</kw>
<kw name="Should Match Regexp" owner="BuiltIn">
<arg>${json_data['results'][0]['registered']['date']}</arg>
<arg>\\d{4}-\\d{2}-\\d{2}T\\d{2}:\\d{2}:\\d{2}\\.\\d{3}Z</arg>
<doc>Fails if ``string`` does not match ``pattern`` as a regular expression.</doc>
<status status="PASS" start="2024-05-18T02:26:41.950537" elapsed="0.000372"/>
</kw>
<kw name="Should Match Regexp" owner="BuiltIn">
<arg>${json_data['results'][0]['picture']['large']}</arg>
<arg>^https?://.*\.(?:png|jpe?g|gif|bmp)$</arg>
<doc>Fails if ``string`` does not match ``pattern`` as a regular expression.</doc>
<status status="PASS" start="2024-05-18T02:26:41.951104" elapsed="0.000467"/>
</kw>
<kw name="Should Match Regexp" owner="BuiltIn">
<arg>${json_data['results'][0]['picture']['medium']}</arg>
<arg>^https?://.*\.(?:png|jpe?g|gif|bmp)$</arg>
<doc>Fails if ``string`` does not match ``pattern`` as a regular expression.</doc>
<status status="PASS" start="2024-05-18T02:26:41.951761" elapsed="0.000348"/>
</kw>
<kw name="Should Match Regexp" owner="BuiltIn">
<arg>${json_data['results'][0]['picture']['thumbnail']}</arg>
<arg>^https?://.*\.(?:png|jpe?g|gif|bmp)$</arg>
<doc>Fails if ``string`` does not match ``pattern`` as a regular expression.</doc>
<status status="PASS" start="2024-05-18T02:26:41.952302" elapsed="0.000356"/>
</kw>
<kw name="Log" owner="BuiltIn">
<msg time="2024-05-18T02:26:41.953196" level="INFO">{'large': 'https://randomuser.me/api/portraits/men/46.jpg', 'medium': 'https://randomuser.me/api/portraits/med/men/46.jpg', 'thumbnail': 'https://randomuser.me/api/portraits/thumb/men/46.jpg'}</msg>
<arg>${json_data['results'][0]['picture']}</arg>
<doc>Logs the given message with the given level.</doc>
<status status="PASS" start="2024-05-18T02:26:41.952842" elapsed="0.000398"/>
</kw>
<status status="PASS" start="2024-05-18T02:26:41.864749" elapsed="0.088747"/>
</kw>
<kw name="Teste de Tipos de Dados - Postcode" owner="random-user-service">
<kw name="GET On Session" owner="RequestsLibrary">
<msg time="2024-05-18T02:26:42.046731" level="INFO">GET Request : url=https://randomuser.me/api 
 path_url=/api 
 headers={'User-Agent': 'python-requests/2.31.0', 'Accept-Encoding': 'gzip, deflate', 'Accept': '*/*', 'Connection': 'keep-alive'} 
 body=None 
 </msg>
<msg time="2024-05-18T02:26:42.046794" level="INFO">GET Response : url=https://randomuser.me/api 
 status=200, reason=OK 
 headers={'Date': 'Sat, 18 May 2024 02:26:42 GMT', 'Content-Type': 'application/json; charset=utf-8', 'Transfer-Encoding': 'chunked', 'Connection': 'keep-alive', 'X-Powered-By': 'Express', 'Access-Control-Allow-Origin': '*', 'Cache-Control': 'no-cache', 'ETag': 'W/"462-8NnJNKWhscvSHgk+KccuxLtteUU"', 'Vary': 'Accept-Encoding', 'Content-Encoding': 'gzip', 'CF-Cache-Status': 'DYNAMIC', 'Report-To': '{"endpoints":[{"url":"https:\\/\\/a.nel.cloudflare.com\\/report\\/v4?s=T8RXh8R%2BZpgkCdVyQlBSssDFMejdjNKnNRFGGInLsYG1AVKaw6AcnmrtWVWVPAeH16n5pWGK%2BJqqT7cBGqtKj5K%2BtI10P4MWqmYQVSs2eSnsqHbQ4Cf5TeWfktfq3i7e"}],"group":"cf-nel","max_age":604800}', 'NEL': '{"success_fraction":0,"report_to":"cf-nel","max_age":604800}', 'Server': 'cloudflare', 'CF-RAY': '885867643e66206c-IAD', 'alt-svc': 'h3=":443"; ma=86400'} 
 body={"results":[{"gender":"male","name":{"title":"Mr","first":"Solan","last":"Lillevik"},"location":{"street":{"number":3103,"name":"Østbakken"},"city":"Åmli","state":"Akershus","country":"Norway","postcode":"0978","coordinates":{"latitude":"43.3518","longitude":"-133.5522"},"timezone":{"offset":"+3:30","description":"Tehran"}},"email":"solan.lillevik@example.com","login":{"uuid":"d794ff05-7a85-46ec-9bba-fa234da97aa6","username":"sadmouse983","password":"printer","salt":"CPGvz5Vw","md5":"6c6b7ea1548e0b0be9f5392cbeae1b63","sha1":"5da3c9805ae00c35c8e20c57e78a9c87f34c706b","sha256":"99b5f29613506f6b4d9e39e1568b32a48c8d86fd10c765f23c86c6473d5c99f7"},"dob":{"date":"1982-08-19T03:47:37.382Z","age":41},"registered":{"date":"2005-01-21T19:37:22.083Z","age":19},"phone":"38654663","cell":"94923971","id":{"name":"FN","value":"19088224976"},"picture":{"large":"https://randomuser.me/api/portraits/men/21.jpg","medium":"https://randomuser.me/api/portraits/med/men/21.jpg","thumbnail":"https://randomuser.me/api/portraits/thumb/men/21.jpg"},"nat":"NO"}],"info":{"seed":"a077a7608eb20a91","results":1,"page":1,"version":"1.4"}} 
 </msg>
<msg time="2024-05-18T02:26:42.046849" level="INFO">/opt/hostedtoolcache/Python/3.12.3/x64/lib/python3.12/site-packages/urllib3/connectionpool.py:1103: InsecureRequestWarning: Unverified HTTPS request is being made to host 'randomuser.me'. Adding certificate verification is strongly advised. See: https://urllib3.readthedocs.io/en/latest/advanced-usage.html#tls-warnings
  warnings.warn(</msg>
<msg time="2024-05-18T02:26:42.046932" level="INFO">${response} = &lt;Response [200]&gt;</msg>
<var>${response}</var>
<arg>consultarAPI</arg>
<arg>/api</arg>
<doc>Sends a GET request on a previously created HTTP Session.</doc>
<status status="PASS" start="2024-05-18T02:26:41.953930" elapsed="0.093041"/>
</kw>
<kw name="Set Variable" owner="BuiltIn">
<msg time="2024-05-18T02:26:42.047982" level="INFO">${json_data} = {'results': [{'gender': 'male', 'name': {'title': 'Mr', 'first': 'Solan', 'last': 'Lillevik'}, 'location': {'street': {'number': 3103, 'name': 'Østbakken'}, 'city': 'Åmli', 'state': 'Akershus', 'count...</msg>
<var>${json_data}</var>
<arg>${response.json()}</arg>
<doc>Returns the given values which can then be assigned to a variables.</doc>
<status status="PASS" start="2024-05-18T02:26:42.047418" elapsed="0.000593"/>
</kw>
<kw name="Log" owner="BuiltIn">
<msg time="2024-05-18T02:26:42.048471" level="INFO">{'results': [{'gender': 'male', 'name': {'title': 'Mr', 'first': 'Solan', 'last': 'Lillevik'}, 'location': {'street': {'number': 3103, 'name': 'Østbakken'}, 'city': 'Åmli', 'state': 'Akershus', 'country': 'Norway', 'postcode': '0978', 'coordinates': {'latitude': '43.3518', 'longitude': '-133.5522'}, 'timezone': {'offset': '+3:30', 'description': 'Tehran'}}, 'email': 'solan.lillevik@example.com', 'login': {'uuid': 'd794ff05-7a85-46ec-9bba-fa234da97aa6', 'username': 'sadmouse983', 'password': 'printer', 'salt': 'CPGvz5Vw', 'md5': '6c6b7ea1548e0b0be9f5392cbeae1b63', 'sha1': '5da3c9805ae00c35c8e20c57e78a9c87f34c706b', 'sha256': '99b5f29613506f6b4d9e39e1568b32a48c8d86fd10c765f23c86c6473d5c99f7'}, 'dob': {'date': '1982-08-19T03:47:37.382Z', 'age': 41}, 'registered': {'date': '2005-01-21T19:37:22.083Z', 'age': 19}, 'phone': '38654663', 'cell': '94923971', 'id': {'name': 'FN', 'value': '19088224976'}, 'picture': {'large': 'https://randomuser.me/api/portraits/men/21.jpg', 'medium': 'https://randomuser.me/api/portraits/med/men/21.jpg', 'thumbnail': 'https://randomuser.me/api/portraits/thumb/men/21.jpg'}, 'nat': 'NO'}], 'info': {'seed': 'a077a7608eb20a91', 'results': 1, 'page': 1, 'version': '1.4'}}</msg>
<arg>${json_data}</arg>
<doc>Logs the given message with the given level.</doc>
<status status="PASS" start="2024-05-18T02:26:42.048318" elapsed="0.000232"/>
</kw>
<kw name="Should Be Equal As Numbers" owner="BuiltIn">
<arg>${json_data['results'][0]['location']['postcode']}</arg>
<arg>${json_data['results'][0]['location']['postcode']}</arg>
<doc>Fails if objects are unequal after converting them to real numbers.</doc>
<status status="PASS" start="2024-05-18T02:26:42.048854" elapsed="0.000796"/>
</kw>
<kw name="Log" owner="BuiltIn">
<msg time="2024-05-18T02:26:42.050179" level="INFO">0978</msg>
<arg>${json_data['results'][0]['location']['postcode']}</arg>
<doc>Logs the given message with the given level.</doc>
<status status="PASS" start="2024-05-18T02:26:42.049847" elapsed="0.000373"/>
</kw>
<status status="PASS" start="2024-05-18T02:26:41.953711" elapsed="0.096769"/>
</kw>
<doc>Testa se os tipos de dados na resposta da API estão corretos.</doc>
<tag>testeTiposDados</tag>
<status status="PASS" start="2024-05-18T02:26:41.864220" elapsed="0.186430"/>
</test>
<test id="s1-s1-t5" name="Validar conteudo" line="35">
<kw name="Teste de Tipos de Conteudo" owner="random-user-service">
<kw name="GET On Session" owner="RequestsLibrary">
<msg time="2024-05-18T02:26:42.147927" level="INFO">GET Request : url=https://randomuser.me/api 
 path_url=/api 
 headers={'User-Agent': 'python-requests/2.31.0', 'Accept-Encoding': 'gzip, deflate', 'Accept': '*/*', 'Connection': 'keep-alive'} 
 body=None 
 </msg>
<msg time="2024-05-18T02:26:42.148006" level="INFO">GET Response : url=https://randomuser.me/api 
 status=200, reason=OK 
 headers={'Date': 'Sat, 18 May 2024 02:26:42 GMT', 'Content-Type': 'application/json; charset=utf-8', 'Transfer-Encoding': 'chunked', 'Connection': 'keep-alive', 'X-Powered-By': 'Express', 'Access-Control-Allow-Origin': '*', 'Cache-Control': 'no-cache', 'ETag': 'W/"487-8oYoxrimF8ujKrDbVL36GLBbaY8"', 'Vary': 'Accept-Encoding', 'Content-Encoding': 'gzip', 'CF-Cache-Status': 'DYNAMIC', 'Report-To': '{"endpoints":[{"url":"https:\\/\\/a.nel.cloudflare.com\\/report\\/v4?s=C%2FBuyoNFWUjtQOIuKKnNhr18f46dJYmGBtR4Mmbl%2FXUCjezzpylUupzspzKhHTeZtWxFcrkB0iutcCzCkOBkmuji%2Bn8mWQtoY%2F5uJRG8NsFhMNmzj9FN38dzxIFkP9Nf"}],"group":"cf-nel","max_age":604800}', 'NEL': '{"success_fraction":0,"report_to":"cf-nel","max_age":604800}', 'Server': 'cloudflare', 'CF-RAY': '88586764df49206c-IAD', 'alt-svc': 'h3=":443"; ma=86400'} 
 body={"results":[{"gender":"male","name":{"title":"Mr","first":"Pat","last":"Oliver"},"location":{"street":{"number":9697,"name":"The Grove"},"city":"Stevenage","state":"Central","country":"United Kingdom","postcode":"F7M 1BQ","coordinates":{"latitude":"-10.0221","longitude":"-144.5123"},"timezone":{"offset":"-1:00","description":"Azores, Cape Verde Islands"}},"email":"pat.oliver@example.com","login":{"uuid":"ba6fec14-720c-472c-bfd0-60bd0718bbb3","username":"smallbear462","password":"warrior","salt":"DkcWEkWm","md5":"567322917061f67fdc6f35e01970d326","sha1":"28ddf0cd05fa3ce2cc48a73af248ae5b9b4600c9","sha256":"c5c3c0715ce233697ee9a766c1cbaff45fa4f2a10df3fa651b100c9f4b3ef840"},"dob":{"date":"1944-09-19T17:23:59.258Z","age":79},"registered":{"date":"2017-02-21T22:35:41.160Z","age":7},"phone":"01041 57771","cell":"07253 051031","id":{"name":"NINO","value":"WJ 86 88 20 W"},"picture":{"large":"https://randomuser.me/api/portraits/men/82.jpg","medium":"https://randomuser.me/api/portraits/med/men/82.jpg","thumbnail":"https://randomuser.me/api/portraits/thumb/men/82.jpg"},"nat":"GB"}],"info":{"seed":"15fe4dac7a114f20","results":1,"page":1,"version":"1.4"}} 
 </msg>
<msg time="2024-05-18T02:26:42.148074" level="INFO">/opt/hostedtoolcache/Python/3.12.3/x64/lib/python3.12/site-packages/urllib3/connectionpool.py:1103: InsecureRequestWarning: Unverified HTTPS request is being made to host 'randomuser.me'. Adding certificate verification is strongly advised. See: https://urllib3.readthedocs.io/en/latest/advanced-usage.html#tls-warnings
  warnings.warn(</msg>
<msg time="2024-05-18T02:26:42.148184" level="INFO">${response} = &lt;Response [200]&gt;</msg>
<var>${response}</var>
<arg>consultarAPI</arg>
<arg>/api</arg>
<doc>Sends a GET request on a previously created HTTP Session.</doc>
<status status="PASS" start="2024-05-18T02:26:42.053235" elapsed="0.094999"/>
</kw>
<kw name="Set Variable" owner="BuiltIn">
<msg time="2024-05-18T02:26:42.149298" level="INFO">${json_data} = {'results': [{'gender': 'male', 'name': {'title': 'Mr', 'first': 'Pat', 'last': 'Oliver'}, 'location': {'street': {'number': 9697, 'name': 'The Grove'}, 'city': 'Stevenage', 'state': 'Central', 'count...</msg>
<var>${json_data}</var>
<arg>${response.json()}</arg>
<doc>Returns the given values which can then be assigned to a variables.</doc>
<status status="PASS" start="2024-05-18T02:26:42.148716" elapsed="0.000611"/>
</kw>
<kw name="Set Variable" owner="BuiltIn">
<msg time="2024-05-18T02:26:42.150013" level="INFO">${name_title} = Mr</msg>
<var>${name_title}</var>
<arg>${json_data["results"][0]["name"]["title"]}</arg>
<doc>Returns the given values which can then be assigned to a variables.</doc>
<status status="PASS" start="2024-05-18T02:26:42.149634" elapsed="0.000404"/>
</kw>
<kw name="Create List" owner="BuiltIn">
<msg time="2024-05-18T02:26:42.150486" level="INFO">${allowed_titles} = ['Mr', 'Ms', 'Miss', 'Mrs', 'Madame', 'Monsieur']</msg>
<var>${allowed_titles}</var>
<arg>Mr</arg>
<arg>Ms</arg>
<arg>Miss</arg>
<arg>Mrs</arg>
<arg>Madame</arg>
<arg>Monsieur</arg>
<doc>Returns a list containing given items.</doc>
<status status="PASS" start="2024-05-18T02:26:42.150339" elapsed="0.000172"/>
</kw>
<kw name="List Should Contain Value" owner="Collections">
<msg time="2024-05-18T02:26:42.150977" level="INFO">False</msg>
<arg>${allowed_titles}</arg>
<arg>${name_title}</arg>
<doc>Fails if the ``value`` is not found from ``list``.</doc>
<status status="PASS" start="2024-05-18T02:26:42.150805" elapsed="0.000208"/>
</kw>
<kw name="Set Variable" owner="BuiltIn">
<msg time="2024-05-18T02:26:42.151677" level="INFO">${name_country} = GB</msg>
<var>${name_country}</var>
<arg>${json_data["results"][0]["nat"]}</arg>
<doc>Returns the given values which can then be assigned to a variables.</doc>
<status status="PASS" start="2024-05-18T02:26:42.151304" elapsed="0.000399"/>
</kw>
<kw name="Create List" owner="BuiltIn">
<msg time="2024-05-18T02:26:42.152594" level="INFO">${list_country} = ['AD', 'AE', 'AF', 'AG', 'AI', 'AL', 'AM', 'AO', 'AQ', 'AR', 'AS', 'AT', 'AU', 'AW', 'AX', 'AZ', 'BA', 'BB', 'BD', 'BE', 'BF', 'BG', 'BH', 'BI', 'BJ', 'BL', 'BM', 'BN', 'BO', 'BQ', 'BR', 'BS', 'BT', '...</msg>
<var>${list_country}</var>
<arg>AD</arg>
<arg>AE</arg>
<arg>AF</arg>
<arg>AG</arg>
<arg>AI</arg>
<arg>AL</arg>
<arg>AM</arg>
<arg>AO</arg>
<arg>AQ</arg>
<arg>AR</arg>
<arg>AS</arg>
<arg>AT</arg>
<arg>AU</arg>
<arg>AW</arg>
<arg>AX</arg>
<arg>AZ</arg>
<arg>BA</arg>
<arg>BB</arg>
<arg>BD</arg>
<arg>BE</arg>
<arg>BF</arg>
<arg>BG</arg>
<arg>BH</arg>
<arg>BI</arg>
<arg>BJ</arg>
<arg>BL</arg>
<arg>BM</arg>
<arg>BN</arg>
<arg>BO</arg>
<arg>BQ</arg>
<arg>BR</arg>
<arg>BS</arg>
<arg>BT</arg>
<arg>BV</arg>
<arg>BW</arg>
<arg>BY</arg>
<arg>BZ</arg>
<arg>CA</arg>
<arg>CC</arg>
<arg>CD</arg>
<arg>CF</arg>
<arg>CG</arg>
<arg>CH</arg>
<arg>CI</arg>
<arg>CK</arg>
<arg>CL</arg>
<arg>CM</arg>
<arg>CN</arg>
<arg>CO</arg>
<arg>CR</arg>
<arg>CU</arg>
<arg>CV</arg>
<arg>CW</arg>
<arg>CX</arg>
<arg>CY</arg>
<arg>CZ</arg>
<arg>DE</arg>
<arg>DJ</arg>
<arg>DK</arg>
<arg>DM</arg>
<arg>DO</arg>
<arg>DZ</arg>
<arg>EC</arg>
<arg>EE</arg>
<arg>EG</arg>
<arg>EH</arg>
<arg>ER</arg>
<arg>ES</arg>
<arg>ET</arg>
<arg>FI</arg>
<arg>FJ</arg>
<arg>FK</arg>
<arg>FM</arg>
<arg>FO</arg>
<arg>FR</arg>
<arg>GA</arg>
<arg>GB</arg>
<arg>GD</arg>
<arg>GE</arg>
<arg>GF</arg>
<arg>GG</arg>
<arg>GH</arg>
<arg>GI</arg>
<arg>GL</arg>
<arg>GM</arg>
<arg>GN</arg>
<arg>GP</arg>
<arg>GQ</arg>
<arg>GR</arg>
<arg>GS</arg>
<arg>GT</arg>
<arg>GU</arg>
<arg>GW</arg>
<arg>GY</arg>
<arg>HK</arg>
<arg>HM</arg>
<arg>HN</arg>
<arg>HR</arg>
<arg>HT</arg>
<arg>HU</arg>
<arg>ID</arg>
<arg>IE</arg>
<arg>IL</arg>
<arg>IM</arg>
<arg>IN</arg>
<arg>IO</arg>
<arg>IQ</arg>
<arg>IR</arg>
<arg>IS</arg>
<arg>IT</arg>
<arg>JE</arg>
<arg>JM</arg>
<arg>JO</arg>
<arg>JP</arg>
<arg>KE</arg>
<arg>KG</arg>
<arg>KH</arg>
<arg>KI</arg>
<arg>KM</arg>
<arg>KN</arg>
<arg>KP</arg>
<arg>KR</arg>
<arg>KW</arg>
<arg>KY</arg>
<arg>KZ</arg>
<arg>LA</arg>
<arg>LB</arg>
<arg>LC</arg>
<arg>LI</arg>
<arg>LK</arg>
<arg>LR</arg>
<arg>LS</arg>
<arg>LT</arg>
<arg>LU</arg>
<arg>LV</arg>
<arg>LY</arg>
<arg>MA</arg>
<arg>MC</arg>
<arg>MD</arg>
<arg>ME</arg>
<arg>MF</arg>
<arg>MG</arg>
<arg>MH</arg>
<arg>MK</arg>
<arg>ML</arg>
<arg>MM</arg>
<arg>MN</arg>
<arg>MO</arg>
<arg>MP</arg>
<arg>MQ</arg>
<arg>MR</arg>
<arg>MS</arg>
<arg>MT</arg>
<arg>MU</arg>
<arg>MV</arg>
<arg>MW</arg>
<arg>MX</arg>
<arg>MY</arg>
<arg>MZ</arg>
<arg>NA</arg>
<arg>NC</arg>
<arg>NE</arg>
<arg>NF</arg>
<arg>NG</arg>
<arg>NI</arg>
<arg>NL</arg>
<arg>NO</arg>
<arg>NP</arg>
<arg>NR</arg>
<arg>NU</arg>
<arg>NZ</arg>
<arg>OM</arg>
<arg>PA</arg>
<arg>PE</arg>
<arg>PF</arg>
<arg>PG</arg>
<arg>PH</arg>
<arg>PK</arg>
<arg>PL</arg>
<arg>PM</arg>
<arg>PN</arg>
<arg>PR</arg>
<arg>PS</arg>
<arg>PT</arg>
<arg>PW</arg>
<arg>PY</arg>
<arg>QA</arg>
<arg>RE</arg>
<arg>RO</arg>
<arg>RS</arg>
<arg>RU</arg>
<arg>RW</arg>
<arg>SA</arg>
<arg>SB</arg>
<arg>SC</arg>
<arg>SD</arg>
<arg>SE</arg>
<arg>SG</arg>
<arg>SH</arg>
<arg>SI</arg>
<arg>SJ</arg>
<arg>SK</arg>
<arg>SL</arg>
<arg>SM</arg>
<arg>SN</arg>
<arg>SO</arg>
<arg>SR</arg>
<arg>SS</arg>
<arg>ST</arg>
<arg>SV</arg>
<arg>SX</arg>
<arg>SY</arg>
<arg>SZ</arg>
<arg>TC</arg>
<arg>TD</arg>
<arg>TF</arg>
<arg>TG</arg>
<arg>TH</arg>
<arg>TJ</arg>
<arg>TK</arg>
<arg>TL</arg>
<arg>TM</arg>
<arg>TN</arg>
<arg>TO</arg>
<arg>TR</arg>
<arg>TT</arg>
<arg>TV</arg>
<arg>TW</arg>
<arg>TZ</arg>
<arg>UA</arg>
<arg>UG</arg>
<arg>UM</arg>
<arg>US</arg>
<arg>UY</arg>
<arg>UZ</arg>
<arg>VA</arg>
<arg>VC</arg>
<arg>VE</arg>
<arg>VG</arg>
<arg>VI</arg>
<arg>VN</arg>
<arg>VU</arg>
<arg>WF</arg>
<arg>WS</arg>
<arg>XK</arg>
<arg>YE</arg>
<arg>YT</arg>
<arg>ZA</arg>
<arg>ZM</arg>
<arg>ZW</arg>
<doc>Returns a list containing given items.</doc>
<status status="PASS" start="2024-05-18T02:26:42.152003" elapsed="0.000616"/>
</kw>
<kw name="List Should Contain Value" owner="Collections">
<msg time="2024-05-18T02:26:42.153625" level="INFO">False</msg>
<arg>${list_country}</arg>
<arg>${name_country}</arg>
<doc>Fails if the ``value`` is not found from ``list``.</doc>
<status status="PASS" start="2024-05-18T02:26:42.153424" elapsed="0.000237"/>
</kw>
<kw name="Run Keyword If" owner="BuiltIn">
<kw name="Should Be True" owner="BuiltIn">
<arg>${True}</arg>
<doc>Fails if the given condition is not true.</doc>
<status status="PASS" start="2024-05-18T02:26:42.154711" elapsed="0.000141"/>
</kw>
<arg>${json_data["results"][0]["location"]["coordinates"]["latitude"]} &gt;= -90 and ${json_data["results"][0]["location"]["coordinates"]["latitude"]} &lt;= 90</arg>
<arg>Should Be True</arg>
<arg>${True}</arg>
<doc>Runs the given keyword with the given arguments, if ``condition`` is true.</doc>
<status status="PASS" start="2024-05-18T02:26:42.153973" elapsed="0.001004"/>
</kw>
<kw name="Run Keyword If" owner="BuiltIn">
<kw name="Should Be True" owner="BuiltIn">
<arg>${True}</arg>
<doc>Fails if the given condition is not true.</doc>
<status status="PASS" start="2024-05-18T02:26:42.155859" elapsed="0.000241"/>
</kw>
<arg>${json_data["results"][0]["location"]["coordinates"]["longitude"]} &gt;= -180 and ${json_data["results"][0]["location"]["coordinates"]["longitude"]} &lt;= 180</arg>
<arg>Should Be True</arg>
<arg>${True}</arg>
<doc>Runs the given keyword with the given arguments, if ``condition`` is true.</doc>
<status status="PASS" start="2024-05-18T02:26:42.155174" elapsed="0.001051"/>
</kw>
<status status="PASS" start="2024-05-18T02:26:42.052979" elapsed="0.103374"/>
</kw>
<doc>Testa o conteúdo específico dos campos retornados pela API.</doc>
<tag>testeConteudo</tag>
<status status="PASS" start="2024-05-18T02:26:42.052436" elapsed="0.104060"/>
</test>
<status status="PASS" start="2024-05-18T02:26:41.366319" elapsed="0.792166"/>
</suite>
<status status="PASS" start="2024-05-18T02:26:41.352620" elapsed="0.810964"/>
</suite>
<statistics>
<total>
<stat pass="5" fail="0" skip="0">All Tests</stat>
</total>
<tag>
<stat pass="1" fail="0" skip="0">testeConteudo</stat>
<stat pass="1" fail="0" skip="0">testeEstruturaResposta</stat>
<stat pass="1" fail="0" skip="0">testeRequisicaoBasica</stat>
<stat pass="1" fail="0" skip="0">testeTiposDados</stat>
</tag>
<suite>
<stat pass="5" fail="0" skip="0" id="s1" name="Tests">Tests</stat>
<stat pass="5" fail="0" skip="0" id="s1-s1" name="Random-User-Test">Tests.Random-User-Test</stat>
</suite>
</statistics>
<errors>
</errors>
</robot>
