<?xml version="1.0" encoding="UTF-8"?>
<robot generator="Robot 7.0.1 (Python 3.12.4 on linux)" generated="2024-06-29T21:13:52.919665" rpa="false" schemaversion="5">
<suite id="s1" name="Tests" source="/home/runner/work/ApiRandomUser/ApiRandomUser/RamdonUser/tests">
<suite id="s1-s1" name="Random-User-Test" source="/home/runner/work/ApiRandomUser/ApiRandomUser/RamdonUser/tests/random-user-test.robot">
<test id="s1-s1-t1" name="Conectar" line="13">
<kw name="Conectar API" owner="random-user-service">
<kw name="Create Session" owner="RequestsLibrary">
<msg time="2024-06-29T21:13:53.328504" level="INFO">Creating Session using : alias=consultarAPI, url=https://randomuser.me/, headers={},                     cookies={}, auth=None, timeout=None, proxies=None, verify=False,                     debug=0 </msg>
<arg>consultarAPI</arg>
<arg>${URL}</arg>
<doc>Create Session: create a HTTP session to a server</doc>
<status status="PASS" start="2024-06-29T21:13:53.328295" elapsed="0.000392"/>
</kw>
<status status="PASS" start="2024-06-29T21:13:53.327246" elapsed="0.001795"/>
</kw>
<status status="PASS" start="2024-06-29T21:13:53.326649" elapsed="0.002582"/>
</test>
<test id="s1-s1-t2" name="Validar retorno 200 e JSON Válido" line="16">
<kw name="Teste de Requisicao Basica" owner="random-user-service">
<kw name="GET On Session" owner="RequestsLibrary">
<msg time="2024-06-29T21:13:53.504141" level="INFO">GET Request : url=https://randomuser.me/api 
 path_url=/api 
 headers={'User-Agent': 'python-requests/2.32.3', 'Accept-Encoding': 'gzip, deflate', 'Accept': '*/*', 'Connection': 'keep-alive'} 
 body=None 
 </msg>
<msg time="2024-06-29T21:13:53.504318" level="INFO">GET Response : url=https://randomuser.me/api 
 status=200, reason=OK 
 headers={'Date': 'Sat, 29 Jun 2024 21:13:53 GMT', 'Content-Type': 'application/json; charset=utf-8', 'Transfer-Encoding': 'chunked', 'Connection': 'keep-alive', 'X-Powered-By': 'Express', 'Access-Control-Allow-Origin': '*', 'Cache-Control': 'no-cache', 'ETag': 'W/"497-J8VN6nRz3WUpE6c63nMMbPXI3Bg"', 'Vary': 'Accept-Encoding', 'Content-Encoding': 'gzip', 'CF-Cache-Status': 'DYNAMIC', 'Report-To': '{"endpoints":[{"url":"https:\\/\\/a.nel.cloudflare.com\\/report\\/v4?s=j7WUY8ZBB9KPjhghrx17T2GoH90KQnnFjwMk%2F22lhFGeoL3ISWNmouhdgJfFON4cxJ0X3YT%2BXoEVa3BRvegsb9T3zMxakMy7owS7MGUEC7biEWWJlGoXSI45G4TQ%2FEOG"}],"group":"cf-nel","max_age":604800}', 'NEL': '{"success_fraction":0,"report_to":"cf-nel","max_age":604800}', 'Server': 'cloudflare', 'CF-RAY': '89b8ec4d2beb29b8-IAD', 'alt-svc': 'h3=":443"; ma=86400'} 
 body={"results":[{"gender":"male","name":{"title":"Mr","first":"Ilhan","last":"Görg"},"location":{"street":{"number":1362,"name":"Im Winkel"},"city":"Worms","state":"Nordrhein-Westfalen","country":"Germany","postcode":45333,"coordinates":{"latitude":"-50.3977","longitude":"-175.2016"},"timezone":{"offset":"-5:00","description":"Eastern Time (US &amp; Canada), Bogota, Lima"}},"email":"ilhan.gorg@example.com","login":{"uuid":"74426f96-2773-46fc-a4f3-a19a4e897cc0","username":"yellowdog697","password":"cruiser","salt":"iBDpy7X4","md5":"9a7a45cce88223ba968fed5cc2b5f51b","sha1":"36189a2391a4389fb803f88fce9818747454c02a","sha256":"c0294d2457f25b112cfe6c9e691d18e8e194f7f31e51631e16d5e5a73be04925"},"dob":{"date":"1951-06-06T11:30:59.508Z","age":73},"registered":{"date":"2014-05-11T10:48:08.188Z","age":10},"phone":"0295-6477029","cell":"0175-1114647","id":{"name":"SVNR","value":"66 060651 G 168"},"picture":{"large":"https://randomuser.me/api/portraits/men/63.jpg","medium":"https://randomuser.me/api/portraits/med/men/63.jpg","thumbnail":"https://randomuser.me/api/portraits/thumb/men/63.jpg"},"nat":"DE"}],"info":{"seed":"d233743c207194f7","results":1,"page":1,"version":"1.4"}} 
 </msg>
<msg time="2024-06-29T21:13:53.504418" level="INFO">/opt/hostedtoolcache/Python/3.12.4/x64/lib/python3.12/site-packages/urllib3/connectionpool.py:1099: InsecureRequestWarning: Unverified HTTPS request is being made to host 'randomuser.me'. Adding certificate verification is strongly advised. See: https://urllib3.readthedocs.io/en/latest/advanced-usage.html#tls-warnings
  warnings.warn(</msg>
<msg time="2024-06-29T21:13:53.504599" level="INFO">${response} = &lt;Response [200]&gt;</msg>
<var>${response}</var>
<arg>consultarAPI</arg>
<arg>/api</arg>
<doc>Sends a GET request on a previously created HTTP Session.</doc>
<status status="PASS" start="2024-06-29T21:13:53.331952" elapsed="0.172695"/>
</kw>
<kw name="Should Be Equal As Numbers" owner="BuiltIn">
<msg time="2024-06-29T21:13:53.505638" level="INFO">Argument types are:
&lt;class 'int'&gt;
&lt;class 'str'&gt;</msg>
<arg>${response.status_code}</arg>
<arg>200</arg>
<doc>Fails if objects are unequal after converting them to real numbers.</doc>
<status status="PASS" start="2024-06-29T21:13:53.505177" elapsed="0.000525"/>
</kw>
<kw name="Log" owner="BuiltIn">
<msg time="2024-06-29T21:13:53.506376" level="INFO">200</msg>
<arg>${response.status_code}</arg>
<doc>Logs the given message with the given level.</doc>
<status status="PASS" start="2024-06-29T21:13:53.506026" elapsed="0.000399"/>
</kw>
<kw name="Set Variable" owner="BuiltIn">
<msg time="2024-06-29T21:13:53.507176" level="INFO">${json_data} = {'results': [{'gender': 'male', 'name': {'title': 'Mr', 'first': 'Ilhan', 'last': 'Görg'}, 'location': {'street': {'number': 1362, 'name': 'Im Winkel'}, 'city': 'Worms', 'state': 'Nordrhein-Westfalen'...</msg>
<var>${json_data}</var>
<arg>${response.json()}</arg>
<doc>Returns the given values which can then be assigned to a variables.</doc>
<status status="PASS" start="2024-06-29T21:13:53.506734" elapsed="0.000472"/>
</kw>
<kw name="Dictionary Should Contain Key" owner="Collections">
<arg>${json_data}</arg>
<arg>results</arg>
<doc>Fails if ``key`` is not found from ``dictionary``.</doc>
<status status="PASS" start="2024-06-29T21:13:53.507501" elapsed="0.000165"/>
</kw>
<status status="PASS" start="2024-06-29T21:13:53.331701" elapsed="0.176118"/>
</kw>
<doc>Testa se a API responde corretamente e retorna um objeto JSON válido.</doc>
<tag>testeRequisicaoBasica</tag>
<status status="PASS" start="2024-06-29T21:13:53.331110" elapsed="0.176889"/>
</test>
<test id="s1-s1-t3" name="Validar estrutura de resposta" line="22">
<kw name="Teste de Estrutura de Resposta" owner="random-user-service">
<kw name="GET On Session" owner="RequestsLibrary">
<msg time="2024-06-29T21:13:53.601092" level="INFO">GET Request : url=https://randomuser.me/api 
 path_url=/api 
 headers={'User-Agent': 'python-requests/2.32.3', 'Accept-Encoding': 'gzip, deflate', 'Accept': '*/*', 'Connection': 'keep-alive'} 
 body=None 
 </msg>
<msg time="2024-06-29T21:13:53.601183" level="INFO">GET Response : url=https://randomuser.me/api 
 status=200, reason=OK 
 headers={'Date': 'Sat, 29 Jun 2024 21:13:53 GMT', 'Content-Type': 'application/json; charset=utf-8', 'Transfer-Encoding': 'chunked', 'Connection': 'keep-alive', 'X-Powered-By': 'Express', 'Access-Control-Allow-Origin': '*', 'Cache-Control': 'no-cache', 'ETag': 'W/"48d-bbt9FD3Kl1nv1aqMRN9HeAXAaVg"', 'Vary': 'Accept-Encoding', 'Content-Encoding': 'gzip', 'CF-Cache-Status': 'DYNAMIC', 'Report-To': '{"endpoints":[{"url":"https:\\/\\/a.nel.cloudflare.com\\/report\\/v4?s=1kCPUSVYJUQCaNJ2pkTJpySgiPBAj9m6fmHnd7PpvI2f7VUmLdbIv%2BfUCL9FA3pUqH49yqQ1b3NoENUsjY%2FusAKnf5SxyeqFP0wR%2BTp7M3O%2ByODYmw4JsleQmb2KyZfo"}],"group":"cf-nel","max_age":604800}', 'NEL': '{"success_fraction":0,"report_to":"cf-nel","max_age":604800}', 'Server': 'cloudflare', 'CF-RAY': '89b8ec4d7c3929b8-IAD', 'alt-svc': 'h3=":443"; ma=86400'} 
 body={"results":[{"gender":"female","name":{"title":"Mrs","first":"Tonya","last":"Bailey"},"location":{"street":{"number":8636,"name":"Hillcrest Rd"},"city":"Oklahoma City","state":"New Mexico","country":"United States","postcode":77784,"coordinates":{"latitude":"83.5048","longitude":"89.5687"},"timezone":{"offset":"-10:00","description":"Hawaii"}},"email":"tonya.bailey@example.com","login":{"uuid":"f071d5a9-c750-4e10-b2c0-c1c3482df1ee","username":"beautifulrabbit178","password":"sanity72","salt":"Cta3gaEh","md5":"e8efcc86913d3a64b5790d44cdded8de","sha1":"0f2188f365de06bb65fdfa2ce5b3c3956fbb1c72","sha256":"9fb1be64e3d6f7a3b578529c0c639d57b9113c12112b2b1554061251f16c6e4b"},"dob":{"date":"1989-03-24T02:12:06.321Z","age":35},"registered":{"date":"2006-11-01T09:22:38.515Z","age":17},"phone":"(618) 908-8617","cell":"(409) 820-7257","id":{"name":"SSN","value":"085-52-5386"},"picture":{"large":"https://randomuser.me/api/portraits/women/28.jpg","medium":"https://randomuser.me/api/portraits/med/women/28.jpg","thumbnail":"https://randomuser.me/api/portraits/thumb/women/28.jpg"},"nat":"US"}],"info":{"seed":"37dce33e2c2f7516","results":1,"page":1,"version":"1.4"}} 
 </msg>
<msg time="2024-06-29T21:13:53.601301" level="INFO">/opt/hostedtoolcache/Python/3.12.4/x64/lib/python3.12/site-packages/urllib3/connectionpool.py:1099: InsecureRequestWarning: Unverified HTTPS request is being made to host 'randomuser.me'. Adding certificate verification is strongly advised. See: https://urllib3.readthedocs.io/en/latest/advanced-usage.html#tls-warnings
  warnings.warn(</msg>
<msg time="2024-06-29T21:13:53.601428" level="INFO">${response} = &lt;Response [200]&gt;</msg>
<var>${response}</var>
<arg>consultarAPI</arg>
<arg>/api</arg>
<doc>Sends a GET request on a previously created HTTP Session.</doc>
<status status="PASS" start="2024-06-29T21:13:53.510768" elapsed="0.090701"/>
</kw>
<kw name="Set Variable" owner="BuiltIn">
<msg time="2024-06-29T21:13:53.602638" level="INFO">${json_data} = {'results': [{'gender': 'female', 'name': {'title': 'Mrs', 'first': 'Tonya', 'last': 'Bailey'}, 'location': {'street': {'number': 8636, 'name': 'Hillcrest Rd'}, 'city': 'Oklahoma City', 'state': 'New ...</msg>
<var>${json_data}</var>
<arg>${response.json()}</arg>
<doc>Returns the given values which can then be assigned to a variables.</doc>
<status status="PASS" start="2024-06-29T21:13:53.602047" elapsed="0.000619"/>
</kw>
<kw name="Log" owner="BuiltIn">
<msg time="2024-06-29T21:13:53.603148" level="INFO">{'results': [{'gender': 'female', 'name': {'title': 'Mrs', 'first': 'Tonya', 'last': 'Bailey'}, 'location': {'street': {'number': 8636, 'name': 'Hillcrest Rd'}, 'city': 'Oklahoma City', 'state': 'New Mexico', 'country': 'United States', 'postcode': 77784, 'coordinates': {'latitude': '83.5048', 'longitude': '89.5687'}, 'timezone': {'offset': '-10:00', 'description': 'Hawaii'}}, 'email': 'tonya.bailey@example.com', 'login': {'uuid': 'f071d5a9-c750-4e10-b2c0-c1c3482df1ee', 'username': 'beautifulrabbit178', 'password': 'sanity72', 'salt': 'Cta3gaEh', 'md5': 'e8efcc86913d3a64b5790d44cdded8de', 'sha1': '0f2188f365de06bb65fdfa2ce5b3c3956fbb1c72', 'sha256': '9fb1be64e3d6f7a3b578529c0c639d57b9113c12112b2b1554061251f16c6e4b'}, 'dob': {'date': '1989-03-24T02:12:06.321Z', 'age': 35}, 'registered': {'date': '2006-11-01T09:22:38.515Z', 'age': 17}, 'phone': '(618) 908-8617', 'cell': '(409) 820-7257', 'id': {'name': 'SSN', 'value': '085-52-5386'}, 'picture': {'large': 'https://randomuser.me/api/portraits/women/28.jpg', 'medium': 'https://randomuser.me/api/portraits/med/women/28.jpg', 'thumbnail': 'https://randomuser.me/api/portraits/thumb/women/28.jpg'}, 'nat': 'US'}], 'info': {'seed': '37dce33e2c2f7516', 'results': 1, 'page': 1, 'version': '1.4'}}</msg>
<arg>${json_data}</arg>
<doc>Logs the given message with the given level.</doc>
<status status="PASS" start="2024-06-29T21:13:53.602986" elapsed="0.000221"/>
</kw>
<kw name="Dictionary Should Contain Key" owner="Collections">
<arg>${json_data}</arg>
<arg>results</arg>
<doc>Fails if ``key`` is not found from ``dictionary``.</doc>
<status status="PASS" start="2024-06-29T21:13:53.603500" elapsed="0.000158"/>
</kw>
<kw name="Should Not Be Empty" owner="BuiltIn">
<msg time="2024-06-29T21:13:53.603969" level="INFO">Length is 2.</msg>
<arg>${json_data}</arg>
<doc>Verifies that the given item is not empty.</doc>
<status status="PASS" start="2024-06-29T21:13:53.603839" elapsed="0.000173"/>
</kw>
<kw name="Create List" owner="BuiltIn">
<msg time="2024-06-29T21:13:53.604660" level="INFO">${expected_keys} = ['gender', 'name', 'location', 'email', 'login']</msg>
<var>${expected_keys}</var>
<arg>gender</arg>
<arg>name</arg>
<arg>location</arg>
<arg>email</arg>
<arg>login</arg>
<doc>Returns a list containing given items.</doc>
<status status="PASS" start="2024-06-29T21:13:53.604349" elapsed="0.000336"/>
</kw>
<for flavor="IN">
<iter>
<kw name="Dictionary Should Contain Key" owner="Collections">
<arg>${json_data['results'][0]}</arg>
<arg>${key}</arg>
<doc>Fails if ``key`` is not found from ``dictionary``.</doc>
<status status="PASS" start="2024-06-29T21:13:53.605277" elapsed="0.000395"/>
</kw>
<kw name="Log" owner="BuiltIn">
<msg time="2024-06-29T21:13:53.606237" level="INFO">{'gender': 'female', 'name': {'title': 'Mrs', 'first': 'Tonya', 'last': 'Bailey'}, 'location': {'street': {'number': 8636, 'name': 'Hillcrest Rd'}, 'city': 'Oklahoma City', 'state': 'New Mexico', 'country': 'United States', 'postcode': 77784, 'coordinates': {'latitude': '83.5048', 'longitude': '89.5687'}, 'timezone': {'offset': '-10:00', 'description': 'Hawaii'}}, 'email': 'tonya.bailey@example.com', 'login': {'uuid': 'f071d5a9-c750-4e10-b2c0-c1c3482df1ee', 'username': 'beautifulrabbit178', 'password': 'sanity72', 'salt': 'Cta3gaEh', 'md5': 'e8efcc86913d3a64b5790d44cdded8de', 'sha1': '0f2188f365de06bb65fdfa2ce5b3c3956fbb1c72', 'sha256': '9fb1be64e3d6f7a3b578529c0c639d57b9113c12112b2b1554061251f16c6e4b'}, 'dob': {'date': '1989-03-24T02:12:06.321Z', 'age': 35}, 'registered': {'date': '2006-11-01T09:22:38.515Z', 'age': 17}, 'phone': '(618) 908-8617', 'cell': '(409) 820-7257', 'id': {'name': 'SSN', 'value': '085-52-5386'}, 'picture': {'large': 'https://randomuser.me/api/portraits/women/28.jpg', 'medium': 'https://randomuser.me/api/portraits/med/women/28.jpg', 'thumbnail': 'https://randomuser.me/api/portraits/thumb/women/28.jpg'}, 'nat': 'US'}</msg>
<arg>${json_data['results'][0]}</arg>
<doc>Logs the given message with the given level.</doc>
<status status="PASS" start="2024-06-29T21:13:53.605862" elapsed="0.000423"/>
</kw>
<kw name="Log" owner="BuiltIn">
<msg time="2024-06-29T21:13:53.606725" level="INFO">gender</msg>
<arg>${key}</arg>
<doc>Logs the given message with the given level.</doc>
<status status="PASS" start="2024-06-29T21:13:53.606587" elapsed="0.000175"/>
</kw>
<var name="${key}">gender</var>
<status status="PASS" start="2024-06-29T21:13:53.605150" elapsed="0.001839"/>
</iter>
<iter>
<kw name="Dictionary Should Contain Key" owner="Collections">
<arg>${json_data['results'][0]}</arg>
<arg>${key}</arg>
<doc>Fails if ``key`` is not found from ``dictionary``.</doc>
<status status="PASS" start="2024-06-29T21:13:53.607288" elapsed="0.000391"/>
</kw>
<kw name="Log" owner="BuiltIn">
<msg time="2024-06-29T21:13:53.608239" level="INFO">{'gender': 'female', 'name': {'title': 'Mrs', 'first': 'Tonya', 'last': 'Bailey'}, 'location': {'street': {'number': 8636, 'name': 'Hillcrest Rd'}, 'city': 'Oklahoma City', 'state': 'New Mexico', 'country': 'United States', 'postcode': 77784, 'coordinates': {'latitude': '83.5048', 'longitude': '89.5687'}, 'timezone': {'offset': '-10:00', 'description': 'Hawaii'}}, 'email': 'tonya.bailey@example.com', 'login': {'uuid': 'f071d5a9-c750-4e10-b2c0-c1c3482df1ee', 'username': 'beautifulrabbit178', 'password': 'sanity72', 'salt': 'Cta3gaEh', 'md5': 'e8efcc86913d3a64b5790d44cdded8de', 'sha1': '0f2188f365de06bb65fdfa2ce5b3c3956fbb1c72', 'sha256': '9fb1be64e3d6f7a3b578529c0c639d57b9113c12112b2b1554061251f16c6e4b'}, 'dob': {'date': '1989-03-24T02:12:06.321Z', 'age': 35}, 'registered': {'date': '2006-11-01T09:22:38.515Z', 'age': 17}, 'phone': '(618) 908-8617', 'cell': '(409) 820-7257', 'id': {'name': 'SSN', 'value': '085-52-5386'}, 'picture': {'large': 'https://randomuser.me/api/portraits/women/28.jpg', 'medium': 'https://randomuser.me/api/portraits/med/women/28.jpg', 'thumbnail': 'https://randomuser.me/api/portraits/thumb/women/28.jpg'}, 'nat': 'US'}</msg>
<arg>${json_data['results'][0]}</arg>
<doc>Logs the given message with the given level.</doc>
<status status="PASS" start="2024-06-29T21:13:53.607860" elapsed="0.000461"/>
</kw>
<kw name="Log" owner="BuiltIn">
<msg time="2024-06-29T21:13:53.608751" level="INFO">name</msg>
<arg>${key}</arg>
<doc>Logs the given message with the given level.</doc>
<status status="PASS" start="2024-06-29T21:13:53.608621" elapsed="0.000168"/>
</kw>
<var name="${key}">name</var>
<status status="PASS" start="2024-06-29T21:13:53.607175" elapsed="0.001834"/>
</iter>
<iter>
<kw name="Dictionary Should Contain Key" owner="Collections">
<arg>${json_data['results'][0]}</arg>
<arg>${key}</arg>
<doc>Fails if ``key`` is not found from ``dictionary``.</doc>
<status status="PASS" start="2024-06-29T21:13:53.609294" elapsed="0.000380"/>
</kw>
<kw name="Log" owner="BuiltIn">
<msg time="2024-06-29T21:13:53.610216" level="INFO">{'gender': 'female', 'name': {'title': 'Mrs', 'first': 'Tonya', 'last': 'Bailey'}, 'location': {'street': {'number': 8636, 'name': 'Hillcrest Rd'}, 'city': 'Oklahoma City', 'state': 'New Mexico', 'country': 'United States', 'postcode': 77784, 'coordinates': {'latitude': '83.5048', 'longitude': '89.5687'}, 'timezone': {'offset': '-10:00', 'description': 'Hawaii'}}, 'email': 'tonya.bailey@example.com', 'login': {'uuid': 'f071d5a9-c750-4e10-b2c0-c1c3482df1ee', 'username': 'beautifulrabbit178', 'password': 'sanity72', 'salt': 'Cta3gaEh', 'md5': 'e8efcc86913d3a64b5790d44cdded8de', 'sha1': '0f2188f365de06bb65fdfa2ce5b3c3956fbb1c72', 'sha256': '9fb1be64e3d6f7a3b578529c0c639d57b9113c12112b2b1554061251f16c6e4b'}, 'dob': {'date': '1989-03-24T02:12:06.321Z', 'age': 35}, 'registered': {'date': '2006-11-01T09:22:38.515Z', 'age': 17}, 'phone': '(618) 908-8617', 'cell': '(409) 820-7257', 'id': {'name': 'SSN', 'value': '085-52-5386'}, 'picture': {'large': 'https://randomuser.me/api/portraits/women/28.jpg', 'medium': 'https://randomuser.me/api/portraits/med/women/28.jpg', 'thumbnail': 'https://randomuser.me/api/portraits/thumb/women/28.jpg'}, 'nat': 'US'}</msg>
<arg>${json_data['results'][0]}</arg>
<doc>Logs the given message with the given level.</doc>
<status status="PASS" start="2024-06-29T21:13:53.609857" elapsed="0.000406"/>
</kw>
<kw name="Log" owner="BuiltIn">
<msg time="2024-06-29T21:13:53.610697" level="INFO">location</msg>
<arg>${key}</arg>
<doc>Logs the given message with the given level.</doc>
<status status="PASS" start="2024-06-29T21:13:53.610561" elapsed="0.000174"/>
</kw>
<var name="${key}">location</var>
<status status="PASS" start="2024-06-29T21:13:53.609187" elapsed="0.001767"/>
</iter>
<iter>
<kw name="Dictionary Should Contain Key" owner="Collections">
<arg>${json_data['results'][0]}</arg>
<arg>${key}</arg>
<doc>Fails if ``key`` is not found from ``dictionary``.</doc>
<status status="PASS" start="2024-06-29T21:13:53.611233" elapsed="0.000401"/>
</kw>
<kw name="Log" owner="BuiltIn">
<msg time="2024-06-29T21:13:53.612196" level="INFO">{'gender': 'female', 'name': {'title': 'Mrs', 'first': 'Tonya', 'last': 'Bailey'}, 'location': {'street': {'number': 8636, 'name': 'Hillcrest Rd'}, 'city': 'Oklahoma City', 'state': 'New Mexico', 'country': 'United States', 'postcode': 77784, 'coordinates': {'latitude': '83.5048', 'longitude': '89.5687'}, 'timezone': {'offset': '-10:00', 'description': 'Hawaii'}}, 'email': 'tonya.bailey@example.com', 'login': {'uuid': 'f071d5a9-c750-4e10-b2c0-c1c3482df1ee', 'username': 'beautifulrabbit178', 'password': 'sanity72', 'salt': 'Cta3gaEh', 'md5': 'e8efcc86913d3a64b5790d44cdded8de', 'sha1': '0f2188f365de06bb65fdfa2ce5b3c3956fbb1c72', 'sha256': '9fb1be64e3d6f7a3b578529c0c639d57b9113c12112b2b1554061251f16c6e4b'}, 'dob': {'date': '1989-03-24T02:12:06.321Z', 'age': 35}, 'registered': {'date': '2006-11-01T09:22:38.515Z', 'age': 17}, 'phone': '(618) 908-8617', 'cell': '(409) 820-7257', 'id': {'name': 'SSN', 'value': '085-52-5386'}, 'picture': {'large': 'https://randomuser.me/api/portraits/women/28.jpg', 'medium': 'https://randomuser.me/api/portraits/med/women/28.jpg', 'thumbnail': 'https://randomuser.me/api/portraits/thumb/women/28.jpg'}, 'nat': 'US'}</msg>
<arg>${json_data['results'][0]}</arg>
<doc>Logs the given message with the given level.</doc>
<status status="PASS" start="2024-06-29T21:13:53.611818" elapsed="0.000426"/>
</kw>
<kw name="Log" owner="BuiltIn">
<msg time="2024-06-29T21:13:53.612677" level="INFO">email</msg>
<arg>${key}</arg>
<doc>Logs the given message with the given level.</doc>
<status status="PASS" start="2024-06-29T21:13:53.612550" elapsed="0.000170"/>
</kw>
<var name="${key}">email</var>
<status status="PASS" start="2024-06-29T21:13:53.611126" elapsed="0.001816"/>
</iter>
<iter>
<kw name="Dictionary Should Contain Key" owner="Collections">
<arg>${json_data['results'][0]}</arg>
<arg>${key}</arg>
<doc>Fails if ``key`` is not found from ``dictionary``.</doc>
<status status="PASS" start="2024-06-29T21:13:53.613231" elapsed="0.000391"/>
</kw>
<kw name="Log" owner="BuiltIn">
<msg time="2024-06-29T21:13:53.614153" level="INFO">{'gender': 'female', 'name': {'title': 'Mrs', 'first': 'Tonya', 'last': 'Bailey'}, 'location': {'street': {'number': 8636, 'name': 'Hillcrest Rd'}, 'city': 'Oklahoma City', 'state': 'New Mexico', 'country': 'United States', 'postcode': 77784, 'coordinates': {'latitude': '83.5048', 'longitude': '89.5687'}, 'timezone': {'offset': '-10:00', 'description': 'Hawaii'}}, 'email': 'tonya.bailey@example.com', 'login': {'uuid': 'f071d5a9-c750-4e10-b2c0-c1c3482df1ee', 'username': 'beautifulrabbit178', 'password': 'sanity72', 'salt': 'Cta3gaEh', 'md5': 'e8efcc86913d3a64b5790d44cdded8de', 'sha1': '0f2188f365de06bb65fdfa2ce5b3c3956fbb1c72', 'sha256': '9fb1be64e3d6f7a3b578529c0c639d57b9113c12112b2b1554061251f16c6e4b'}, 'dob': {'date': '1989-03-24T02:12:06.321Z', 'age': 35}, 'registered': {'date': '2006-11-01T09:22:38.515Z', 'age': 17}, 'phone': '(618) 908-8617', 'cell': '(409) 820-7257', 'id': {'name': 'SSN', 'value': '085-52-5386'}, 'picture': {'large': 'https://randomuser.me/api/portraits/women/28.jpg', 'medium': 'https://randomuser.me/api/portraits/med/women/28.jpg', 'thumbnail': 'https://randomuser.me/api/portraits/thumb/women/28.jpg'}, 'nat': 'US'}</msg>
<arg>${json_data['results'][0]}</arg>
<doc>Logs the given message with the given level.</doc>
<status status="PASS" start="2024-06-29T21:13:53.613802" elapsed="0.000397"/>
</kw>
<kw name="Log" owner="BuiltIn">
<msg time="2024-06-29T21:13:53.614616" level="INFO">login</msg>
<arg>${key}</arg>
<doc>Logs the given message with the given level.</doc>
<status status="PASS" start="2024-06-29T21:13:53.614489" elapsed="0.000164"/>
</kw>
<var name="${key}">login</var>
<status status="PASS" start="2024-06-29T21:13:53.613115" elapsed="0.001752"/>
</iter>
<var>${key}</var>
<value>@{expected_keys}</value>
<status status="PASS" start="2024-06-29T21:13:53.604952" elapsed="0.010033"/>
</for>
<kw name="Create List" owner="BuiltIn">
<msg time="2024-06-29T21:13:53.615316" level="INFO">${expected_keysTwo} = ['username', 'password']</msg>
<var>${expected_keysTwo}</var>
<arg>username</arg>
<arg>password</arg>
<doc>Returns a list containing given items.</doc>
<status status="PASS" start="2024-06-29T21:13:53.615175" elapsed="0.000193"/>
</kw>
<for flavor="IN">
<iter>
<kw name="Dictionary Should Contain Key" owner="Collections">
<arg>${json_data['results'][0]['login']}</arg>
<arg>${keyTwo}</arg>
<doc>Fails if ``key`` is not found from ``dictionary``.</doc>
<status status="PASS" start="2024-06-29T21:13:53.615875" elapsed="0.000425"/>
</kw>
<kw name="Dictionary Should Contain Key" owner="Collections">
<arg>${json_data['results'][0]['login']}</arg>
<arg>${keyTwo}</arg>
<doc>Fails if ``key`` is not found from ``dictionary``.</doc>
<status status="PASS" start="2024-06-29T21:13:53.616483" elapsed="0.000375"/>
</kw>
<kw name="Log" owner="BuiltIn">
<msg time="2024-06-29T21:13:53.617158" level="INFO">username</msg>
<arg>${keyTwo}</arg>
<doc>Logs the given message with the given level.</doc>
<status status="PASS" start="2024-06-29T21:13:53.617037" elapsed="0.000157"/>
</kw>
<var name="${keyTwo}">username</var>
<status status="PASS" start="2024-06-29T21:13:53.615767" elapsed="0.001669"/>
</iter>
<iter>
<kw name="Dictionary Should Contain Key" owner="Collections">
<arg>${json_data['results'][0]['login']}</arg>
<arg>${keyTwo}</arg>
<doc>Fails if ``key`` is not found from ``dictionary``.</doc>
<status status="PASS" start="2024-06-29T21:13:53.617724" elapsed="0.000382"/>
</kw>
<kw name="Dictionary Should Contain Key" owner="Collections">
<arg>${json_data['results'][0]['login']}</arg>
<arg>${keyTwo}</arg>
<doc>Fails if ``key`` is not found from ``dictionary``.</doc>
<status status="PASS" start="2024-06-29T21:13:53.618282" elapsed="0.000372"/>
</kw>
<kw name="Log" owner="BuiltIn">
<msg time="2024-06-29T21:13:53.618941" level="INFO">password</msg>
<arg>${keyTwo}</arg>
<doc>Logs the given message with the given level.</doc>
<status status="PASS" start="2024-06-29T21:13:53.618825" elapsed="0.000157"/>
</kw>
<var name="${keyTwo}">password</var>
<status status="PASS" start="2024-06-29T21:13:53.617618" elapsed="0.001673"/>
</iter>
<var>${keyTwo}</var>
<value>@{expected_keysTwo}</value>
<status status="PASS" start="2024-06-29T21:13:53.615612" elapsed="0.003801"/>
</for>
<status status="PASS" start="2024-06-29T21:13:53.510532" elapsed="0.109024"/>
</kw>
<doc>Testa a estrutura da resposta da API.</doc>
<tag>testeEstruturaResposta</tag>
<status status="PASS" start="2024-06-29T21:13:53.509919" elapsed="0.109795"/>
</test>
<test id="s1-s1-t4" name="Validar tipos de dados" line="28">
<kw name="Teste de Tipos de Dados" owner="random-user-service">
<kw name="GET On Session" owner="RequestsLibrary">
<msg time="2024-06-29T21:13:53.704751" level="INFO">GET Request : url=https://randomuser.me/api 
 path_url=/api 
 headers={'User-Agent': 'python-requests/2.32.3', 'Accept-Encoding': 'gzip, deflate', 'Accept': '*/*', 'Connection': 'keep-alive'} 
 body=None 
 </msg>
<msg time="2024-06-29T21:13:53.704855" level="INFO">GET Response : url=https://randomuser.me/api 
 status=200, reason=OK 
 headers={'Date': 'Sat, 29 Jun 2024 21:13:53 GMT', 'Content-Type': 'application/json; charset=utf-8', 'Transfer-Encoding': 'chunked', 'Connection': 'keep-alive', 'X-Powered-By': 'Express', 'Access-Control-Allow-Origin': '*', 'Cache-Control': 'no-cache', 'ETag': 'W/"485-HfDLjlJ1wrwZxI1BAQ3/biulj0I"', 'Vary': 'Accept-Encoding', 'Content-Encoding': 'gzip', 'CF-Cache-Status': 'DYNAMIC', 'Report-To': '{"endpoints":[{"url":"https:\\/\\/a.nel.cloudflare.com\\/report\\/v4?s=zfN7dAx1mNFQiVGqS0%2F5hNPssK5lRzQXOhAltMs7x%2FHUoMV2vOMPJRJTY6PzpU3bGjAcsPbisZSLseI2yUwQyHczuYch78EzDo56lCIzmpS70elNHbVQPxCb6aGSx36v"}],"group":"cf-nel","max_age":604800}', 'NEL': '{"success_fraction":0,"report_to":"cf-nel","max_age":604800}', 'Server': 'cloudflare', 'CF-RAY': '89b8ec4e2d2429b8-IAD', 'alt-svc': 'h3=":443"; ma=86400'} 
 body={"results":[{"gender":"female","name":{"title":"Mrs","first":"Lilly","last":"Stöber"},"location":{"street":{"number":5895,"name":"Mühlenstraße"},"city":"Schrozberg","state":"Sachsen","country":"Germany","postcode":27990,"coordinates":{"latitude":"-54.4573","longitude":"36.6696"},"timezone":{"offset":"+9:30","description":"Adelaide, Darwin"}},"email":"lilly.stober@example.com","login":{"uuid":"9e5e9bcc-34c7-495c-a6a1-0fce06f72035","username":"beautifulbird959","password":"nnnn","salt":"sWEKwXly","md5":"4f61acd80e855edd8da132585d58ccd7","sha1":"3409dcdcad0690830bdd9e67e54464a139bbe4ae","sha256":"8c6c752e66c92b91d9a1aa57124212ea5746967ca27b189bbc67e6c28d80f93f"},"dob":{"date":"1988-08-08T05:52:39.917Z","age":35},"registered":{"date":"2020-03-15T17:08:11.454Z","age":4},"phone":"0494-1023823","cell":"0179-3473473","id":{"name":"SVNR","value":"26 080888 S 729"},"picture":{"large":"https://randomuser.me/api/portraits/women/6.jpg","medium":"https://randomuser.me/api/portraits/med/women/6.jpg","thumbnail":"https://randomuser.me/api/portraits/thumb/women/6.jpg"},"nat":"DE"}],"info":{"seed":"3aa27c6864342a20","results":1,"page":1,"version":"1.4"}} 
 </msg>
<msg time="2024-06-29T21:13:53.704932" level="INFO">/opt/hostedtoolcache/Python/3.12.4/x64/lib/python3.12/site-packages/urllib3/connectionpool.py:1099: InsecureRequestWarning: Unverified HTTPS request is being made to host 'randomuser.me'. Adding certificate verification is strongly advised. See: https://urllib3.readthedocs.io/en/latest/advanced-usage.html#tls-warnings
  warnings.warn(</msg>
<msg time="2024-06-29T21:13:53.705063" level="INFO">${response} = &lt;Response [200]&gt;</msg>
<var>${response}</var>
<arg>consultarAPI</arg>
<arg>/api</arg>
<doc>Sends a GET request on a previously created HTTP Session.</doc>
<status status="PASS" start="2024-06-29T21:13:53.622357" elapsed="0.082747"/>
</kw>
<kw name="Set Variable" owner="BuiltIn">
<msg time="2024-06-29T21:13:53.706383" level="INFO">${json_data} = {'results': [{'gender': 'female', 'name': {'title': 'Mrs', 'first': 'Lilly', 'last': 'Stöber'}, 'location': {'street': {'number': 5895, 'name': 'Mühlenstraße'}, 'city': 'Schrozberg', 'state': 'Sachsen...</msg>
<var>${json_data}</var>
<arg>${response.json()}</arg>
<doc>Returns the given values which can then be assigned to a variables.</doc>
<status status="PASS" start="2024-06-29T21:13:53.705781" elapsed="0.000642"/>
</kw>
<kw name="Log" owner="BuiltIn">
<msg time="2024-06-29T21:13:53.706922" level="INFO">{'results': [{'gender': 'female', 'name': {'title': 'Mrs', 'first': 'Lilly', 'last': 'Stöber'}, 'location': {'street': {'number': 5895, 'name': 'Mühlenstraße'}, 'city': 'Schrozberg', 'state': 'Sachsen', 'country': 'Germany', 'postcode': 27990, 'coordinates': {'latitude': '-54.4573', 'longitude': '36.6696'}, 'timezone': {'offset': '+9:30', 'description': 'Adelaide, Darwin'}}, 'email': 'lilly.stober@example.com', 'login': {'uuid': '9e5e9bcc-34c7-495c-a6a1-0fce06f72035', 'username': 'beautifulbird959', 'password': 'nnnn', 'salt': 'sWEKwXly', 'md5': '4f61acd80e855edd8da132585d58ccd7', 'sha1': '3409dcdcad0690830bdd9e67e54464a139bbe4ae', 'sha256': '8c6c752e66c92b91d9a1aa57124212ea5746967ca27b189bbc67e6c28d80f93f'}, 'dob': {'date': '1988-08-08T05:52:39.917Z', 'age': 35}, 'registered': {'date': '2020-03-15T17:08:11.454Z', 'age': 4}, 'phone': '0494-1023823', 'cell': '0179-3473473', 'id': {'name': 'SVNR', 'value': '26 080888 S 729'}, 'picture': {'large': 'https://randomuser.me/api/portraits/women/6.jpg', 'medium': 'https://randomuser.me/api/portraits/med/women/6.jpg', 'thumbnail': 'https://randomuser.me/api/portraits/thumb/women/6.jpg'}, 'nat': 'DE'}], 'info': {'seed': '3aa27c6864342a20', 'results': 1, 'page': 1, 'version': '1.4'}}</msg>
<arg>${json_data}</arg>
<doc>Logs the given message with the given level.</doc>
<status status="PASS" start="2024-06-29T21:13:53.706752" elapsed="0.000221"/>
</kw>
<kw name="Should Be String" owner="String">
<arg>${json_data['results'][0]['gender']}</arg>
<doc>Fails if the given ``item`` is not a string.</doc>
<status status="PASS" start="2024-06-29T21:13:53.707275" elapsed="0.000366"/>
</kw>
<kw name="Should Match Regexp" owner="BuiltIn">
<arg>${json_data['results'][0]['email']}</arg>
<arg>^[a-zA-Z0-9._%+-]+@[a-zA-Z0-9.-]+\.[a-zA-Z]{2,}$</arg>
<doc>Fails if ``string`` does not match ``pattern`` as a regular expression.</doc>
<status status="PASS" start="2024-06-29T21:13:53.707839" elapsed="0.000561"/>
</kw>
<kw name="Should Match Regexp" owner="BuiltIn">
<arg>${json_data['results'][0]['dob']['date']}</arg>
<arg>\\d{4}-\\d{2}-\\d{2}T\\d{2}:\\d{2}:\\d{2}\\.\\d{3}Z</arg>
<doc>Fails if ``string`` does not match ``pattern`` as a regular expression.</doc>
<status status="PASS" start="2024-06-29T21:13:53.708636" elapsed="0.000494"/>
</kw>
<kw name="Should Match Regexp" owner="BuiltIn">
<arg>${json_data['results'][0]['registered']['date']}</arg>
<arg>\\d{4}-\\d{2}-\\d{2}T\\d{2}:\\d{2}:\\d{2}\\.\\d{3}Z</arg>
<doc>Fails if ``string`` does not match ``pattern`` as a regular expression.</doc>
<status status="PASS" start="2024-06-29T21:13:53.709319" elapsed="0.000365"/>
</kw>
<kw name="Should Match Regexp" owner="BuiltIn">
<arg>${json_data['results'][0]['picture']['large']}</arg>
<arg>^https?://.*\.(?:png|jpe?g|gif|bmp)$</arg>
<doc>Fails if ``string`` does not match ``pattern`` as a regular expression.</doc>
<status status="PASS" start="2024-06-29T21:13:53.709869" elapsed="0.000465"/>
</kw>
<kw name="Should Match Regexp" owner="BuiltIn">
<arg>${json_data['results'][0]['picture']['medium']}</arg>
<arg>^https?://.*\.(?:png|jpe?g|gif|bmp)$</arg>
<doc>Fails if ``string`` does not match ``pattern`` as a regular expression.</doc>
<status status="PASS" start="2024-06-29T21:13:53.710519" elapsed="0.000378"/>
</kw>
<kw name="Should Match Regexp" owner="BuiltIn">
<arg>${json_data['results'][0]['picture']['thumbnail']}</arg>
<arg>^https?://.*\.(?:png|jpe?g|gif|bmp)$</arg>
<doc>Fails if ``string`` does not match ``pattern`` as a regular expression.</doc>
<status status="PASS" start="2024-06-29T21:13:53.711080" elapsed="0.000353"/>
</kw>
<kw name="Log" owner="BuiltIn">
<msg time="2024-06-29T21:13:53.711948" level="INFO">{'large': 'https://randomuser.me/api/portraits/women/6.jpg', 'medium': 'https://randomuser.me/api/portraits/med/women/6.jpg', 'thumbnail': 'https://randomuser.me/api/portraits/thumb/women/6.jpg'}</msg>
<arg>${json_data['results'][0]['picture']}</arg>
<doc>Logs the given message with the given level.</doc>
<status status="PASS" start="2024-06-29T21:13:53.711617" elapsed="0.000380"/>
</kw>
<status status="PASS" start="2024-06-29T21:13:53.622130" elapsed="0.090183"/>
</kw>
<kw name="Teste de Tipos de Dados - Postcode" owner="random-user-service">
<kw name="GET On Session" owner="RequestsLibrary">
<msg time="2024-06-29T21:13:53.805115" level="INFO">GET Request : url=https://randomuser.me/api 
 path_url=/api 
 headers={'User-Agent': 'python-requests/2.32.3', 'Accept-Encoding': 'gzip, deflate', 'Accept': '*/*', 'Connection': 'keep-alive'} 
 body=None 
 </msg>
<msg time="2024-06-29T21:13:53.805215" level="INFO">GET Response : url=https://randomuser.me/api 
 status=200, reason=OK 
 headers={'Date': 'Sat, 29 Jun 2024 21:13:53 GMT', 'Content-Type': 'application/json; charset=utf-8', 'Transfer-Encoding': 'chunked', 'Connection': 'keep-alive', 'X-Powered-By': 'Express', 'Access-Control-Allow-Origin': '*', 'Cache-Control': 'no-cache', 'ETag': 'W/"494-MMJGgT6mTQHI8GLohh4bBYTwJgk"', 'Vary': 'Accept-Encoding', 'Content-Encoding': 'gzip', 'CF-Cache-Status': 'DYNAMIC', 'Report-To': '{"endpoints":[{"url":"https:\\/\\/a.nel.cloudflare.com\\/report\\/v4?s=5D6FVVXoLos%2FXBec1S%2Bm1BudeNQw8M2dyZAHgOqJTUqelPq6pdVOUqE5AQlpY7JER4C5r7eve2nQH8IB%2BP11WKfr5%2BVZs078bkUamE0Tuc0zQFbM33QE4Y6NpgvsQcUX"}],"group":"cf-nel","max_age":604800}', 'NEL': '{"success_fraction":0,"report_to":"cf-nel","max_age":604800}', 'Server': 'cloudflare', 'CF-RAY': '89b8ec4ebdd929b8-IAD', 'alt-svc': 'h3=":443"; ma=86400'} 
 body={"results":[{"gender":"male","name":{"title":"Mr","first":"Eugene","last":"Fox"},"location":{"street":{"number":3292,"name":"Wheeler Ridge Dr"},"city":"Port Macquarie","state":"Tasmania","country":"Australia","postcode":2171,"coordinates":{"latitude":"-85.9625","longitude":"-155.8885"},"timezone":{"offset":"+11:00","description":"Magadan, Solomon Islands, New Caledonia"}},"email":"eugene.fox@example.com","login":{"uuid":"54f5fab3-27f3-4a5d-a34f-65407af88f77","username":"goldenwolf443","password":"columbia","salt":"kC9oMu26","md5":"9990b696bbbbbe64670653df91063169","sha1":"5ea3aea9beb3aa5c58b6d50439c9339d6480688f","sha256":"906a88aee4c8f93c86e26e30c1d84f6257cf18a4f1fe9d91ece64b95a259695b"},"dob":{"date":"1963-08-24T13:18:07.287Z","age":60},"registered":{"date":"2008-05-06T20:10:00.199Z","age":16},"phone":"04-6955-9442","cell":"0473-542-175","id":{"name":"TFN","value":"949337569"},"picture":{"large":"https://randomuser.me/api/portraits/men/0.jpg","medium":"https://randomuser.me/api/portraits/med/men/0.jpg","thumbnail":"https://randomuser.me/api/portraits/thumb/men/0.jpg"},"nat":"AU"}],"info":{"seed":"56602544f9159c3a","results":1,"page":1,"version":"1.4"}} 
 </msg>
<msg time="2024-06-29T21:13:53.805286" level="INFO">/opt/hostedtoolcache/Python/3.12.4/x64/lib/python3.12/site-packages/urllib3/connectionpool.py:1099: InsecureRequestWarning: Unverified HTTPS request is being made to host 'randomuser.me'. Adding certificate verification is strongly advised. See: https://urllib3.readthedocs.io/en/latest/advanced-usage.html#tls-warnings
  warnings.warn(</msg>
<msg time="2024-06-29T21:13:53.805414" level="INFO">${response} = &lt;Response [200]&gt;</msg>
<var>${response}</var>
<arg>consultarAPI</arg>
<arg>/api</arg>
<doc>Sends a GET request on a previously created HTTP Session.</doc>
<status status="PASS" start="2024-06-29T21:13:53.712802" elapsed="0.092654"/>
</kw>
<kw name="Set Variable" owner="BuiltIn">
<msg time="2024-06-29T21:13:53.806659" level="INFO">${json_data} = {'results': [{'gender': 'male', 'name': {'title': 'Mr', 'first': 'Eugene', 'last': 'Fox'}, 'location': {'street': {'number': 3292, 'name': 'Wheeler Ridge Dr'}, 'city': 'Port Macquarie', 'state': 'Tasm...</msg>
<var>${json_data}</var>
<arg>${response.json()}</arg>
<doc>Returns the given values which can then be assigned to a variables.</doc>
<status status="PASS" start="2024-06-29T21:13:53.806093" elapsed="0.000596"/>
</kw>
<kw name="Log" owner="BuiltIn">
<msg time="2024-06-29T21:13:53.807163" level="INFO">{'results': [{'gender': 'male', 'name': {'title': 'Mr', 'first': 'Eugene', 'last': 'Fox'}, 'location': {'street': {'number': 3292, 'name': 'Wheeler Ridge Dr'}, 'city': 'Port Macquarie', 'state': 'Tasmania', 'country': 'Australia', 'postcode': 2171, 'coordinates': {'latitude': '-85.9625', 'longitude': '-155.8885'}, 'timezone': {'offset': '+11:00', 'description': 'Magadan, Solomon Islands, New Caledonia'}}, 'email': 'eugene.fox@example.com', 'login': {'uuid': '54f5fab3-27f3-4a5d-a34f-65407af88f77', 'username': 'goldenwolf443', 'password': 'columbia', 'salt': 'kC9oMu26', 'md5': '9990b696bbbbbe64670653df91063169', 'sha1': '5ea3aea9beb3aa5c58b6d50439c9339d6480688f', 'sha256': '906a88aee4c8f93c86e26e30c1d84f6257cf18a4f1fe9d91ece64b95a259695b'}, 'dob': {'date': '1963-08-24T13:18:07.287Z', 'age': 60}, 'registered': {'date': '2008-05-06T20:10:00.199Z', 'age': 16}, 'phone': '04-6955-9442', 'cell': '0473-542-175', 'id': {'name': 'TFN', 'value': '949337569'}, 'picture': {'large': 'https://randomuser.me/api/portraits/men/0.jpg', 'medium': 'https://randomuser.me/api/portraits/med/men/0.jpg', 'thumbnail': 'https://randomuser.me/api/portraits/thumb/men/0.jpg'}, 'nat': 'AU'}], 'info': {'seed': '56602544f9159c3a', 'results': 1, 'page': 1, 'version': '1.4'}}</msg>
<arg>${json_data}</arg>
<doc>Logs the given message with the given level.</doc>
<status status="PASS" start="2024-06-29T21:13:53.807005" elapsed="0.000205"/>
</kw>
<kw name="Should Be Equal As Numbers" owner="BuiltIn">
<arg>${json_data['results'][0]['location']['postcode']}</arg>
<arg>${json_data['results'][0]['location']['postcode']}</arg>
<doc>Fails if objects are unequal after converting them to real numbers.</doc>
<status status="PASS" start="2024-06-29T21:13:53.807510" elapsed="0.000681"/>
</kw>
<kw name="Log" owner="BuiltIn">
<msg time="2024-06-29T21:13:53.808910" level="INFO">2171</msg>
<arg>${json_data['results'][0]['location']['postcode']}</arg>
<doc>Logs the given message with the given level.</doc>
<status status="PASS" start="2024-06-29T21:13:53.808396" elapsed="0.000556"/>
</kw>
<status status="PASS" start="2024-06-29T21:13:53.712565" elapsed="0.096674"/>
</kw>
<doc>Testa se os tipos de dados na resposta da API estão corretos.</doc>
<tag>testeTiposDados</tag>
<status status="PASS" start="2024-06-29T21:13:53.621559" elapsed="0.187849"/>
</test>
<test id="s1-s1-t5" name="Validar conteudo" line="35">
<kw name="Teste de Tipos de Conteudo" owner="random-user-service">
<kw name="GET On Session" owner="RequestsLibrary">
<msg time="2024-06-29T21:13:53.906087" level="INFO">GET Request : url=https://randomuser.me/api 
 path_url=/api 
 headers={'User-Agent': 'python-requests/2.32.3', 'Accept-Encoding': 'gzip, deflate', 'Accept': '*/*', 'Connection': 'keep-alive'} 
 body=None 
 </msg>
<msg time="2024-06-29T21:13:53.906191" level="INFO">GET Response : url=https://randomuser.me/api 
 status=200, reason=OK 
 headers={'Date': 'Sat, 29 Jun 2024 21:13:53 GMT', 'Content-Type': 'application/json; charset=utf-8', 'Transfer-Encoding': 'chunked', 'Connection': 'keep-alive', 'X-Powered-By': 'Express', 'Access-Control-Allow-Origin': '*', 'Cache-Control': 'no-cache', 'ETag': 'W/"49c-e7nlFJByKdJRiVRMYINA38zfb/A"', 'Vary': 'Accept-Encoding', 'Content-Encoding': 'gzip', 'CF-Cache-Status': 'DYNAMIC', 'Report-To': '{"endpoints":[{"url":"https:\\/\\/a.nel.cloudflare.com\\/report\\/v4?s=S5BPaOByh%2FLz2egUQLSLe71uWHfXB%2B6TPg7W9LCc%2FSeFdtBDVgPLRXy1GpQuEhj0kcfpEAVepegCm7hDIfAhmQ8chbFhtddU%2FpnSjIW3VAaVu%2BwbMIxkKFPWuHdmvFha"}],"group":"cf-nel","max_age":604800}', 'NEL': '{"success_fraction":0,"report_to":"cf-nel","max_age":604800}', 'Server': 'cloudflare', 'CF-RAY': '89b8ec4f5e8e29b8-IAD', 'alt-svc': 'h3=":443"; ma=86400'} 
 body={"results":[{"gender":"female","name":{"title":"Miss","first":"Sofia","last":"Couri"},"location":{"street":{"number":6108,"name":"Myllypuronkatu"},"city":"Keminmaa","state":"Northern Ostrobothnia","country":"Finland","postcode":62186,"coordinates":{"latitude":"-21.7953","longitude":"16.5956"},"timezone":{"offset":"+2:00","description":"Kaliningrad, South Africa"}},"email":"sofia.couri@example.com","login":{"uuid":"e0189746-9908-476b-9baf-410b5bdbdcc0","username":"yellowfish184","password":"natalie","salt":"LcHEyU1T","md5":"2cf4dc5efd85f5c4a08d5c0f3cea8359","sha1":"22e868855151915e079fd926cff2578006b72fde","sha256":"142d4d6e989834b8502162c8932d008405ca72cad88d91c970dcbff39d59daaf"},"dob":{"date":"1945-02-04T06:26:52.639Z","age":79},"registered":{"date":"2016-02-08T20:05:00.308Z","age":8},"phone":"07-878-770","cell":"042-554-41-67","id":{"name":"HETU","value":"NaNNA820undefined"},"picture":{"large":"https://randomuser.me/api/portraits/women/35.jpg","medium":"https://randomuser.me/api/portraits/med/women/35.jpg","thumbnail":"https://randomuser.me/api/portraits/thumb/women/35.jpg"},"nat":"FI"}],"info":{"seed":"ec781412ea2cf4d5","results":1,"page":1,"version":"1.4"}} 
 </msg>
<msg time="2024-06-29T21:13:53.906262" level="INFO">/opt/hostedtoolcache/Python/3.12.4/x64/lib/python3.12/site-packages/urllib3/connectionpool.py:1099: InsecureRequestWarning: Unverified HTTPS request is being made to host 'randomuser.me'. Adding certificate verification is strongly advised. See: https://urllib3.readthedocs.io/en/latest/advanced-usage.html#tls-warnings
  warnings.warn(</msg>
<msg time="2024-06-29T21:13:53.906387" level="INFO">${response} = &lt;Response [200]&gt;</msg>
<var>${response}</var>
<arg>consultarAPI</arg>
<arg>/api</arg>
<doc>Sends a GET request on a previously created HTTP Session.</doc>
<status status="PASS" start="2024-06-29T21:13:53.811957" elapsed="0.094471"/>
</kw>
<kw name="Set Variable" owner="BuiltIn">
<msg time="2024-06-29T21:13:53.907639" level="INFO">${json_data} = {'results': [{'gender': 'female', 'name': {'title': 'Miss', 'first': 'Sofia', 'last': 'Couri'}, 'location': {'street': {'number': 6108, 'name': 'Myllypuronkatu'}, 'city': 'Keminmaa', 'state': 'Norther...</msg>
<var>${json_data}</var>
<arg>${response.json()}</arg>
<doc>Returns the given values which can then be assigned to a variables.</doc>
<status status="PASS" start="2024-06-29T21:13:53.907064" elapsed="0.000604"/>
</kw>
<kw name="Set Variable" owner="BuiltIn">
<msg time="2024-06-29T21:13:53.908422" level="INFO">${name_title} = Miss</msg>
<var>${name_title}</var>
<arg>${json_data["results"][0]["name"]["title"]}</arg>
<doc>Returns the given values which can then be assigned to a variables.</doc>
<status status="PASS" start="2024-06-29T21:13:53.907983" elapsed="0.000464"/>
</kw>
<kw name="Create List" owner="BuiltIn">
<msg time="2024-06-29T21:13:53.908896" level="INFO">${allowed_titles} = ['Mr', 'Ms', 'Miss', 'Mrs', 'Madame', 'Monsieur']</msg>
<var>${allowed_titles}</var>
<arg>Mr</arg>
<arg>Ms</arg>
<arg>Miss</arg>
<arg>Mrs</arg>
<arg>Madame</arg>
<arg>Monsieur</arg>
<doc>Returns a list containing given items.</doc>
<status status="PASS" start="2024-06-29T21:13:53.908746" elapsed="0.000174"/>
</kw>
<kw name="List Should Contain Value" owner="Collections">
<arg>${allowed_titles}</arg>
<arg>${name_title}</arg>
<doc>Fails if the ``value`` is not found from ``list``.</doc>
<status status="PASS" start="2024-06-29T21:13:53.909221" elapsed="0.000180"/>
</kw>
<kw name="Set Variable" owner="BuiltIn">
<msg time="2024-06-29T21:13:53.909961" level="INFO">${name_country} = FI</msg>
<var>${name_country}</var>
<arg>${json_data["results"][0]["nat"]}</arg>
<doc>Returns the given values which can then be assigned to a variables.</doc>
<status status="PASS" start="2024-06-29T21:13:53.909591" elapsed="0.000395"/>
</kw>
<kw name="Create List" owner="BuiltIn">
<msg time="2024-06-29T21:13:53.910891" level="INFO">${list_country} = ['AD', 'AE', 'AF', 'AG', 'AI', 'AL', 'AM', 'AO', 'AQ', 'AR', 'AS', 'AT', 'AU', 'AW', 'AX', 'AZ', 'BA', 'BB', 'BD', 'BE', 'BF', 'BG', 'BH', 'BI', 'BJ', 'BL', 'BM', 'BN', 'BO', 'BQ', 'BR', 'BS', 'BT', '...</msg>
<var>${list_country}</var>
<arg>AD</arg>
<arg>AE</arg>
<arg>AF</arg>
<arg>AG</arg>
<arg>AI</arg>
<arg>AL</arg>
<arg>AM</arg>
<arg>AO</arg>
<arg>AQ</arg>
<arg>AR</arg>
<arg>AS</arg>
<arg>AT</arg>
<arg>AU</arg>
<arg>AW</arg>
<arg>AX</arg>
<arg>AZ</arg>
<arg>BA</arg>
<arg>BB</arg>
<arg>BD</arg>
<arg>BE</arg>
<arg>BF</arg>
<arg>BG</arg>
<arg>BH</arg>
<arg>BI</arg>
<arg>BJ</arg>
<arg>BL</arg>
<arg>BM</arg>
<arg>BN</arg>
<arg>BO</arg>
<arg>BQ</arg>
<arg>BR</arg>
<arg>BS</arg>
<arg>BT</arg>
<arg>BV</arg>
<arg>BW</arg>
<arg>BY</arg>
<arg>BZ</arg>
<arg>CA</arg>
<arg>CC</arg>
<arg>CD</arg>
<arg>CF</arg>
<arg>CG</arg>
<arg>CH</arg>
<arg>CI</arg>
<arg>CK</arg>
<arg>CL</arg>
<arg>CM</arg>
<arg>CN</arg>
<arg>CO</arg>
<arg>CR</arg>
<arg>CU</arg>
<arg>CV</arg>
<arg>CW</arg>
<arg>CX</arg>
<arg>CY</arg>
<arg>CZ</arg>
<arg>DE</arg>
<arg>DJ</arg>
<arg>DK</arg>
<arg>DM</arg>
<arg>DO</arg>
<arg>DZ</arg>
<arg>EC</arg>
<arg>EE</arg>
<arg>EG</arg>
<arg>EH</arg>
<arg>ER</arg>
<arg>ES</arg>
<arg>ET</arg>
<arg>FI</arg>
<arg>FJ</arg>
<arg>FK</arg>
<arg>FM</arg>
<arg>FO</arg>
<arg>FR</arg>
<arg>GA</arg>
<arg>GB</arg>
<arg>GD</arg>
<arg>GE</arg>
<arg>GF</arg>
<arg>GG</arg>
<arg>GH</arg>
<arg>GI</arg>
<arg>GL</arg>
<arg>GM</arg>
<arg>GN</arg>
<arg>GP</arg>
<arg>GQ</arg>
<arg>GR</arg>
<arg>GS</arg>
<arg>GT</arg>
<arg>GU</arg>
<arg>GW</arg>
<arg>GY</arg>
<arg>HK</arg>
<arg>HM</arg>
<arg>HN</arg>
<arg>HR</arg>
<arg>HT</arg>
<arg>HU</arg>
<arg>ID</arg>
<arg>IE</arg>
<arg>IL</arg>
<arg>IM</arg>
<arg>IN</arg>
<arg>IO</arg>
<arg>IQ</arg>
<arg>IR</arg>
<arg>IS</arg>
<arg>IT</arg>
<arg>JE</arg>
<arg>JM</arg>
<arg>JO</arg>
<arg>JP</arg>
<arg>KE</arg>
<arg>KG</arg>
<arg>KH</arg>
<arg>KI</arg>
<arg>KM</arg>
<arg>KN</arg>
<arg>KP</arg>
<arg>KR</arg>
<arg>KW</arg>
<arg>KY</arg>
<arg>KZ</arg>
<arg>LA</arg>
<arg>LB</arg>
<arg>LC</arg>
<arg>LI</arg>
<arg>LK</arg>
<arg>LR</arg>
<arg>LS</arg>
<arg>LT</arg>
<arg>LU</arg>
<arg>LV</arg>
<arg>LY</arg>
<arg>MA</arg>
<arg>MC</arg>
<arg>MD</arg>
<arg>ME</arg>
<arg>MF</arg>
<arg>MG</arg>
<arg>MH</arg>
<arg>MK</arg>
<arg>ML</arg>
<arg>MM</arg>
<arg>MN</arg>
<arg>MO</arg>
<arg>MP</arg>
<arg>MQ</arg>
<arg>MR</arg>
<arg>MS</arg>
<arg>MT</arg>
<arg>MU</arg>
<arg>MV</arg>
<arg>MW</arg>
<arg>MX</arg>
<arg>MY</arg>
<arg>MZ</arg>
<arg>NA</arg>
<arg>NC</arg>
<arg>NE</arg>
<arg>NF</arg>
<arg>NG</arg>
<arg>NI</arg>
<arg>NL</arg>
<arg>NO</arg>
<arg>NP</arg>
<arg>NR</arg>
<arg>NU</arg>
<arg>NZ</arg>
<arg>OM</arg>
<arg>PA</arg>
<arg>PE</arg>
<arg>PF</arg>
<arg>PG</arg>
<arg>PH</arg>
<arg>PK</arg>
<arg>PL</arg>
<arg>PM</arg>
<arg>PN</arg>
<arg>PR</arg>
<arg>PS</arg>
<arg>PT</arg>
<arg>PW</arg>
<arg>PY</arg>
<arg>QA</arg>
<arg>RE</arg>
<arg>RO</arg>
<arg>RS</arg>
<arg>RU</arg>
<arg>RW</arg>
<arg>SA</arg>
<arg>SB</arg>
<arg>SC</arg>
<arg>SD</arg>
<arg>SE</arg>
<arg>SG</arg>
<arg>SH</arg>
<arg>SI</arg>
<arg>SJ</arg>
<arg>SK</arg>
<arg>SL</arg>
<arg>SM</arg>
<arg>SN</arg>
<arg>SO</arg>
<arg>SR</arg>
<arg>SS</arg>
<arg>ST</arg>
<arg>SV</arg>
<arg>SX</arg>
<arg>SY</arg>
<arg>SZ</arg>
<arg>TC</arg>
<arg>TD</arg>
<arg>TF</arg>
<arg>TG</arg>
<arg>TH</arg>
<arg>TJ</arg>
<arg>TK</arg>
<arg>TL</arg>
<arg>TM</arg>
<arg>TN</arg>
<arg>TO</arg>
<arg>TR</arg>
<arg>TT</arg>
<arg>TV</arg>
<arg>TW</arg>
<arg>TZ</arg>
<arg>UA</arg>
<arg>UG</arg>
<arg>UM</arg>
<arg>US</arg>
<arg>UY</arg>
<arg>UZ</arg>
<arg>VA</arg>
<arg>VC</arg>
<arg>VE</arg>
<arg>VG</arg>
<arg>VI</arg>
<arg>VN</arg>
<arg>VU</arg>
<arg>WF</arg>
<arg>WS</arg>
<arg>XK</arg>
<arg>YE</arg>
<arg>YT</arg>
<arg>ZA</arg>
<arg>ZM</arg>
<arg>ZW</arg>
<doc>Returns a list containing given items.</doc>
<status status="PASS" start="2024-06-29T21:13:53.910278" elapsed="0.000639"/>
</kw>
<kw name="List Should Contain Value" owner="Collections">
<arg>${list_country}</arg>
<arg>${name_country}</arg>
<doc>Fails if the ``value`` is not found from ``list``.</doc>
<status status="PASS" start="2024-06-29T21:13:53.911730" elapsed="0.000203"/>
</kw>
<kw name="Run Keyword If" owner="BuiltIn">
<kw name="Should Be True" owner="BuiltIn">
<arg>${True}</arg>
<doc>Fails if the given condition is not true.</doc>
<status status="PASS" start="2024-06-29T21:13:53.912919" elapsed="0.000142"/>
</kw>
<arg>${json_data["results"][0]["location"]["coordinates"]["latitude"]} &gt;= -90 and ${json_data["results"][0]["location"]["coordinates"]["latitude"]} &lt;= 90</arg>
<arg>Should Be True</arg>
<arg>${True}</arg>
<doc>Runs the given keyword with the given arguments, if ``condition`` is true.</doc>
<status status="PASS" start="2024-06-29T21:13:53.912157" elapsed="0.001028"/>
</kw>
<kw name="Run Keyword If" owner="BuiltIn">
<kw name="Should Be True" owner="BuiltIn">
<arg>${True}</arg>
<doc>Fails if the given condition is not true.</doc>
<status status="PASS" start="2024-06-29T21:13:53.914059" elapsed="0.000252"/>
</kw>
<arg>${json_data["results"][0]["location"]["coordinates"]["longitude"]} &gt;= -180 and ${json_data["results"][0]["location"]["coordinates"]["longitude"]} &lt;= 180</arg>
<arg>Should Be True</arg>
<arg>${True}</arg>
<doc>Runs the given keyword with the given arguments, if ``condition`` is true.</doc>
<status status="PASS" start="2024-06-29T21:13:53.913364" elapsed="0.001077"/>
</kw>
<status status="PASS" start="2024-06-29T21:13:53.811730" elapsed="0.102844"/>
</kw>
<doc>Testa o conteúdo específico dos campos retornados pela API.</doc>
<tag>testeConteudo</tag>
<status status="PASS" start="2024-06-29T21:13:53.811181" elapsed="0.103547"/>
</test>
<status status="PASS" start="2024-06-29T21:13:52.978467" elapsed="0.938316"/>
</suite>
<status status="PASS" start="2024-06-29T21:13:52.963861" elapsed="0.958111"/>
</suite>
<statistics>
<total>
<stat pass="5" fail="0" skip="0">All Tests</stat>
</total>
<tag>
<stat pass="1" fail="0" skip="0">testeConteudo</stat>
<stat pass="1" fail="0" skip="0">testeEstruturaResposta</stat>
<stat pass="1" fail="0" skip="0">testeRequisicaoBasica</stat>
<stat pass="1" fail="0" skip="0">testeTiposDados</stat>
</tag>
<suite>
<stat pass="5" fail="0" skip="0" id="s1" name="Tests">Tests</stat>
<stat pass="5" fail="0" skip="0" id="s1-s1" name="Random-User-Test">Tests.Random-User-Test</stat>
</suite>
</statistics>
<errors>
</errors>
</robot>
