<?xml version="1.0" encoding="UTF-8"?>
<robot generator="Robot 7.0 (Python 3.12.3 on linux)" generated="2024-05-13T19:11:28.330629" rpa="false" schemaversion="5">
<suite id="s1" name="Tests" source="/home/runner/work/DesafioQAItauRogerioJordao/DesafioQAItauRogerioJordao/RamdonUser/tests">
<suite id="s1-s1" name="Random-User-Test" source="/home/runner/work/DesafioQAItauRogerioJordao/DesafioQAItauRogerioJordao/RamdonUser/tests/random-user-test.robot">
<test id="s1-s1-t1" name="Conectar" line="13">
<kw name="Conectar API" owner="random-user-service">
<kw name="Create Session" owner="RequestsLibrary">
<msg time="2024-05-13T19:11:28.701463" level="INFO">Creating Session using : alias=consultarAPI, url=https://randomuser.me/, headers={},                     cookies={}, auth=None, timeout=None, proxies=None, verify=False,                     debug=0 </msg>
<arg>consultarAPI</arg>
<arg>${URL}</arg>
<doc>Create Session: create a HTTP session to a server</doc>
<status status="PASS" start="2024-05-13T19:11:28.701262" elapsed="0.000393"/>
</kw>
<status status="PASS" start="2024-05-13T19:11:28.700244" elapsed="0.001779"/>
</kw>
<status status="PASS" start="2024-05-13T19:11:28.699670" elapsed="0.002549"/>
</test>
<test id="s1-s1-t2" name="Validar retorno 200 e JSON Válido" line="16">
<kw name="Teste de Requisicao Basica" owner="random-user-service">
<kw name="GET On Session" owner="RequestsLibrary">
<msg time="2024-05-13T19:11:28.995762" level="INFO">GET Request : url=https://randomuser.me/api 
 path_url=/api 
 headers={'User-Agent': 'python-requests/2.31.0', 'Accept-Encoding': 'gzip, deflate', 'Accept': '*/*', 'Connection': 'keep-alive'} 
 body=None 
 </msg>
<msg time="2024-05-13T19:11:28.995936" level="INFO">GET Response : url=https://randomuser.me/api 
 status=200, reason=OK 
 headers={'Date': 'Mon, 13 May 2024 19:11:28 GMT', 'Content-Type': 'application/json; charset=utf-8', 'Transfer-Encoding': 'chunked', 'Connection': 'keep-alive', 'X-Powered-By': 'Express', 'Access-Control-Allow-Origin': '*', 'Cache-Control': 'no-cache', 'ETag': 'W/"4a5-n5QJLdacOlaZwAylj/GcMdSlhKc"', 'Vary': 'Accept-Encoding', 'Content-Encoding': 'gzip', 'CF-Cache-Status': 'DYNAMIC', 'Report-To': '{"endpoints":[{"url":"https:\\/\\/a.nel.cloudflare.com\\/report\\/v4?s=zOWIECHjsSzKOgG1QBnsX4sUBdrhS46m89CAzQtReDL2B%2ByxO7ftCf90W%2FTN6zeDYFp%2FvlV4Ifpqq1Q8l1IcKmpAMHhk7Ex1us7jjipz3FI1j1zWGmnNWj3wIVzEcNod"}],"group":"cf-nel","max_age":604800}', 'NEL': '{"success_fraction":0,"report_to":"cf-nel","max_age":604800}', 'Server': 'cloudflare', 'CF-RAY': '8834f45d8b8e5349-LAX', 'alt-svc': 'h3=":443"; ma=86400'} 
 body={"results":[{"gender":"male","name":{"title":"Mr","first":"Dwight","last":"Dixon"},"location":{"street":{"number":4967,"name":"Albert Road"},"city":"Chichester","state":"North Yorkshire","country":"United Kingdom","postcode":"FG2T 6RW","coordinates":{"latitude":"-7.8310","longitude":"-33.8094"},"timezone":{"offset":"+5:00","description":"Ekaterinburg, Islamabad, Karachi, Tashkent"}},"email":"dwight.dixon@example.com","login":{"uuid":"43b703a3-4dc0-4ceb-a385-5d84b5200ca1","username":"lazyfrog390","password":"chuck1","salt":"qYWaW6T5","md5":"c4bec933e5de045b8ab4b01cb8cbced0","sha1":"e426ea095ee6fab9e061e7bca501b20f7b0632a4","sha256":"a048d1b57948ea6e87728cb92d424394048acb2680bccad1487243d3aa616675"},"dob":{"date":"1991-09-18T05:43:02.047Z","age":32},"registered":{"date":"2013-06-18T05:11:36.944Z","age":10},"phone":"015396 82256","cell":"07950 236455","id":{"name":"NINO","value":"WL 69 19 00 D"},"picture":{"large":"https://randomuser.me/api/portraits/men/25.jpg","medium":"https://randomuser.me/api/portraits/med/men/25.jpg","thumbnail":"https://randomuser.me/api/portraits/thumb/men/25.jpg"},"nat":"GB"}],"info":{"seed":"baf1846e7931b8fc","results":1,"page":1,"version":"1.4"}} 
 </msg>
<msg time="2024-05-13T19:11:28.996028" level="INFO">/opt/hostedtoolcache/Python/3.12.3/x64/lib/python3.12/site-packages/urllib3/connectionpool.py:1103: InsecureRequestWarning: Unverified HTTPS request is being made to host 'randomuser.me'. Adding certificate verification is strongly advised. See: https://urllib3.readthedocs.io/en/latest/advanced-usage.html#tls-warnings
  warnings.warn(</msg>
<msg time="2024-05-13T19:11:28.996185" level="INFO">${response} = &lt;Response [200]&gt;</msg>
<var>${response}</var>
<arg>consultarAPI</arg>
<arg>/api</arg>
<doc>Sends a GET request on a previously created HTTP Session.</doc>
<status status="PASS" start="2024-05-13T19:11:28.704841" elapsed="0.291387"/>
</kw>
<kw name="Should Be Equal As Numbers" owner="BuiltIn">
<msg time="2024-05-13T19:11:28.997288" level="INFO">Argument types are:
&lt;class 'int'&gt;
&lt;class 'str'&gt;</msg>
<arg>${response.status_code}</arg>
<arg>200</arg>
<doc>Fails if objects are unequal after converting them to real numbers.</doc>
<status status="PASS" start="2024-05-13T19:11:28.996824" elapsed="0.000530"/>
</kw>
<kw name="Log" owner="BuiltIn">
<msg time="2024-05-13T19:11:28.998049" level="INFO">200</msg>
<arg>${response.status_code}</arg>
<doc>Logs the given message with the given level.</doc>
<status status="PASS" start="2024-05-13T19:11:28.997706" elapsed="0.000384"/>
</kw>
<kw name="Set Variable" owner="BuiltIn">
<msg time="2024-05-13T19:11:28.998822" level="INFO">${json_data} = {'results': [{'gender': 'male', 'name': {'title': 'Mr', 'first': 'Dwight', 'last': 'Dixon'}, 'location': {'street': {'number': 4967, 'name': 'Albert Road'}, 'city': 'Chichester', 'state': 'North Yorks...</msg>
<var>${json_data}</var>
<arg>${response.json()}</arg>
<doc>Returns the given values which can then be assigned to a variables.</doc>
<status status="PASS" start="2024-05-13T19:11:28.998390" elapsed="0.000460"/>
</kw>
<kw name="Dictionary Should Contain Key" owner="Collections">
<msg time="2024-05-13T19:11:28.999309" level="INFO">False</msg>
<arg>${json_data}</arg>
<arg>results</arg>
<doc>Fails if ``key`` is not found from ``dictionary``.</doc>
<status status="PASS" start="2024-05-13T19:11:28.999145" elapsed="0.000202"/>
</kw>
<status status="PASS" start="2024-05-13T19:11:28.704594" elapsed="0.295005"/>
</kw>
<doc>Testa se a API responde corretamente e retorna um objeto JSON válido.</doc>
<tag>testeRequisicaoBasica</tag>
<status status="PASS" start="2024-05-13T19:11:28.704094" elapsed="0.295684"/>
</test>
<test id="s1-s1-t3" name="Validar estrutura de resposta" line="22">
<kw name="Teste de Estrutura de Resposta" owner="random-user-service">
<kw name="GET On Session" owner="RequestsLibrary">
<msg time="2024-05-13T19:11:29.184996" level="INFO">GET Request : url=https://randomuser.me/api 
 path_url=/api 
 headers={'User-Agent': 'python-requests/2.31.0', 'Accept-Encoding': 'gzip, deflate', 'Accept': '*/*', 'Connection': 'keep-alive'} 
 body=None 
 </msg>
<msg time="2024-05-13T19:11:29.185101" level="INFO">GET Response : url=https://randomuser.me/api 
 status=200, reason=OK 
 headers={'Date': 'Mon, 13 May 2024 19:11:29 GMT', 'Content-Type': 'application/json; charset=utf-8', 'Transfer-Encoding': 'chunked', 'Connection': 'keep-alive', 'X-Powered-By': 'Express', 'Access-Control-Allow-Origin': '*', 'Cache-Control': 'no-cache', 'ETag': 'W/"498-b7bTMzMhgnzJW3r9cXk0VEHM+l0"', 'Vary': 'Accept-Encoding', 'Content-Encoding': 'gzip', 'CF-Cache-Status': 'DYNAMIC', 'Report-To': '{"endpoints":[{"url":"https:\\/\\/a.nel.cloudflare.com\\/report\\/v4?s=bDhWtZxep6HOThzryc5zzYz6QB8MTSN0DlfPV%2BwJFnFIwUibCebpuud97YxaWZMSmO7JHQH4gSkW87Wv0ntorUWjLOgFcP6V7TpbbrRMzyt2zO02Xd%2FCB3jieozikvkD"}],"group":"cf-nel","max_age":604800}', 'NEL': '{"success_fraction":0,"report_to":"cf-nel","max_age":604800}', 'Server': 'cloudflare', 'CF-RAY': '8834f45e4c5a5349-LAX', 'alt-svc': 'h3=":443"; ma=86400'} 
 body={"results":[{"gender":"male","name":{"title":"Mr","first":"Ken","last":"Ramos"},"location":{"street":{"number":5007,"name":"Park Lane"},"city":"Preston","state":"Norfolk","country":"United Kingdom","postcode":"GW8J 2UU","coordinates":{"latitude":"-7.1274","longitude":"-50.7670"},"timezone":{"offset":"0:00","description":"Western Europe Time, London, Lisbon, Casablanca"}},"email":"ken.ramos@example.com","login":{"uuid":"8b789aa7-4570-41d9-862e-bd8c86bf9073","username":"blackwolf771","password":"heather","salt":"qvCaeZKq","md5":"465b0ca932879f36974133204bc6ccf0","sha1":"2ef2b9a51cebcfb5d2a2cccfada8babfaac13016","sha256":"7a225136af58cf602a8bb52b68e6f337e1be2b835a4fc951fb586debf59748b5"},"dob":{"date":"1992-05-27T00:14:16.359Z","age":31},"registered":{"date":"2013-04-24T04:38:43.519Z","age":11},"phone":"017683 06678","cell":"07039 848585","id":{"name":"NINO","value":"XZ 65 81 01 N"},"picture":{"large":"https://randomuser.me/api/portraits/men/79.jpg","medium":"https://randomuser.me/api/portraits/med/men/79.jpg","thumbnail":"https://randomuser.me/api/portraits/thumb/men/79.jpg"},"nat":"GB"}],"info":{"seed":"58ddd7716b4fd0b2","results":1,"page":1,"version":"1.4"}} 
 </msg>
<msg time="2024-05-13T19:11:29.185224" level="INFO">/opt/hostedtoolcache/Python/3.12.3/x64/lib/python3.12/site-packages/urllib3/connectionpool.py:1103: InsecureRequestWarning: Unverified HTTPS request is being made to host 'randomuser.me'. Adding certificate verification is strongly advised. See: https://urllib3.readthedocs.io/en/latest/advanced-usage.html#tls-warnings
  warnings.warn(</msg>
<msg time="2024-05-13T19:11:29.185350" level="INFO">${response} = &lt;Response [200]&gt;</msg>
<var>${response}</var>
<arg>consultarAPI</arg>
<arg>/api</arg>
<doc>Sends a GET request on a previously created HTTP Session.</doc>
<status status="PASS" start="2024-05-13T19:11:29.002406" elapsed="0.182984"/>
</kw>
<kw name="Set Variable" owner="BuiltIn">
<msg time="2024-05-13T19:11:29.186399" level="INFO">${json_data} = {'results': [{'gender': 'male', 'name': {'title': 'Mr', 'first': 'Ken', 'last': 'Ramos'}, 'location': {'street': {'number': 5007, 'name': 'Park Lane'}, 'city': 'Preston', 'state': 'Norfolk', 'country'...</msg>
<var>${json_data}</var>
<arg>${response.json()}</arg>
<doc>Returns the given values which can then be assigned to a variables.</doc>
<status status="PASS" start="2024-05-13T19:11:29.185885" elapsed="0.000542"/>
</kw>
<kw name="Log" owner="BuiltIn">
<msg time="2024-05-13T19:11:29.186895" level="INFO">{'results': [{'gender': 'male', 'name': {'title': 'Mr', 'first': 'Ken', 'last': 'Ramos'}, 'location': {'street': {'number': 5007, 'name': 'Park Lane'}, 'city': 'Preston', 'state': 'Norfolk', 'country': 'United Kingdom', 'postcode': 'GW8J 2UU', 'coordinates': {'latitude': '-7.1274', 'longitude': '-50.7670'}, 'timezone': {'offset': '0:00', 'description': 'Western Europe Time, London, Lisbon, Casablanca'}}, 'email': 'ken.ramos@example.com', 'login': {'uuid': '8b789aa7-4570-41d9-862e-bd8c86bf9073', 'username': 'blackwolf771', 'password': 'heather', 'salt': 'qvCaeZKq', 'md5': '465b0ca932879f36974133204bc6ccf0', 'sha1': '2ef2b9a51cebcfb5d2a2cccfada8babfaac13016', 'sha256': '7a225136af58cf602a8bb52b68e6f337e1be2b835a4fc951fb586debf59748b5'}, 'dob': {'date': '1992-05-27T00:14:16.359Z', 'age': 31}, 'registered': {'date': '2013-04-24T04:38:43.519Z', 'age': 11}, 'phone': '017683 06678', 'cell': '07039 848585', 'id': {'name': 'NINO', 'value': 'XZ 65 81 01 N'}, 'picture': {'large': 'https://randomuser.me/api/portraits/men/79.jpg', 'medium': 'https://randomuser.me/api/portraits/med/men/79.jpg', 'thumbnail': 'https://randomuser.me/api/portraits/thumb/men/79.jpg'}, 'nat': 'GB'}], 'info': {'seed': '58ddd7716b4fd0b2', 'results': 1, 'page': 1, 'version': '1.4'}}</msg>
<arg>${json_data}</arg>
<doc>Logs the given message with the given level.</doc>
<status status="PASS" start="2024-05-13T19:11:29.186730" elapsed="0.000214"/>
</kw>
<kw name="Dictionary Should Contain Key" owner="Collections">
<msg time="2024-05-13T19:11:29.187396" level="INFO">False</msg>
<arg>${json_data}</arg>
<arg>results</arg>
<doc>Fails if ``key`` is not found from ``dictionary``.</doc>
<status status="PASS" start="2024-05-13T19:11:29.187240" elapsed="0.000193"/>
</kw>
<kw name="Should Not Be Empty" owner="BuiltIn">
<msg time="2024-05-13T19:11:29.187885" level="INFO">Length is 2.</msg>
<arg>${json_data}</arg>
<doc>Verifies that the given item is not empty.</doc>
<status status="PASS" start="2024-05-13T19:11:29.187728" elapsed="0.000195"/>
</kw>
<kw name="Create List" owner="BuiltIn">
<msg time="2024-05-13T19:11:29.188548" level="INFO">${expected_keys} = ['gender', 'name', 'location', 'email', 'login']</msg>
<var>${expected_keys}</var>
<arg>gender</arg>
<arg>name</arg>
<arg>location</arg>
<arg>email</arg>
<arg>login</arg>
<doc>Returns a list containing given items.</doc>
<status status="PASS" start="2024-05-13T19:11:29.188211" elapsed="0.000362"/>
</kw>
<for flavor="IN">
<iter>
<kw name="Dictionary Should Contain Key" owner="Collections">
<msg time="2024-05-13T19:11:29.189564" level="INFO">False</msg>
<arg>${json_data['results'][0]}</arg>
<arg>${key}</arg>
<doc>Fails if ``key`` is not found from ``dictionary``.</doc>
<status status="PASS" start="2024-05-13T19:11:29.189168" elapsed="0.000434"/>
</kw>
<kw name="Log" owner="BuiltIn">
<msg time="2024-05-13T19:11:29.190270" level="INFO">{'gender': 'male', 'name': {'title': 'Mr', 'first': 'Ken', 'last': 'Ramos'}, 'location': {'street': {'number': 5007, 'name': 'Park Lane'}, 'city': 'Preston', 'state': 'Norfolk', 'country': 'United Kingdom', 'postcode': 'GW8J 2UU', 'coordinates': {'latitude': '-7.1274', 'longitude': '-50.7670'}, 'timezone': {'offset': '0:00', 'description': 'Western Europe Time, London, Lisbon, Casablanca'}}, 'email': 'ken.ramos@example.com', 'login': {'uuid': '8b789aa7-4570-41d9-862e-bd8c86bf9073', 'username': 'blackwolf771', 'password': 'heather', 'salt': 'qvCaeZKq', 'md5': '465b0ca932879f36974133204bc6ccf0', 'sha1': '2ef2b9a51cebcfb5d2a2cccfada8babfaac13016', 'sha256': '7a225136af58cf602a8bb52b68e6f337e1be2b835a4fc951fb586debf59748b5'}, 'dob': {'date': '1992-05-27T00:14:16.359Z', 'age': 31}, 'registered': {'date': '2013-04-24T04:38:43.519Z', 'age': 11}, 'phone': '017683 06678', 'cell': '07039 848585', 'id': {'name': 'NINO', 'value': 'XZ 65 81 01 N'}, 'picture': {'large': 'https://randomuser.me/api/portraits/men/79.jpg', 'medium': 'https://randomuser.me/api/portraits/med/men/79.jpg', 'thumbnail': 'https://randomuser.me/api/portraits/thumb/men/79.jpg'}, 'nat': 'GB'}</msg>
<arg>${json_data['results'][0]}</arg>
<doc>Logs the given message with the given level.</doc>
<status status="PASS" start="2024-05-13T19:11:29.189904" elapsed="0.000413"/>
</kw>
<kw name="Log" owner="BuiltIn">
<msg time="2024-05-13T19:11:29.190735" level="INFO">gender</msg>
<arg>${key}</arg>
<doc>Logs the given message with the given level.</doc>
<status status="PASS" start="2024-05-13T19:11:29.190610" elapsed="0.000162"/>
</kw>
<var name="${key}">gender</var>
<status status="PASS" start="2024-05-13T19:11:29.189042" elapsed="0.001943"/>
</iter>
<iter>
<kw name="Dictionary Should Contain Key" owner="Collections">
<msg time="2024-05-13T19:11:29.191667" level="INFO">False</msg>
<arg>${json_data['results'][0]}</arg>
<arg>${key}</arg>
<doc>Fails if ``key`` is not found from ``dictionary``.</doc>
<status status="PASS" start="2024-05-13T19:11:29.191284" elapsed="0.000420"/>
</kw>
<kw name="Log" owner="BuiltIn">
<msg time="2024-05-13T19:11:29.192405" level="INFO">{'gender': 'male', 'name': {'title': 'Mr', 'first': 'Ken', 'last': 'Ramos'}, 'location': {'street': {'number': 5007, 'name': 'Park Lane'}, 'city': 'Preston', 'state': 'Norfolk', 'country': 'United Kingdom', 'postcode': 'GW8J 2UU', 'coordinates': {'latitude': '-7.1274', 'longitude': '-50.7670'}, 'timezone': {'offset': '0:00', 'description': 'Western Europe Time, London, Lisbon, Casablanca'}}, 'email': 'ken.ramos@example.com', 'login': {'uuid': '8b789aa7-4570-41d9-862e-bd8c86bf9073', 'username': 'blackwolf771', 'password': 'heather', 'salt': 'qvCaeZKq', 'md5': '465b0ca932879f36974133204bc6ccf0', 'sha1': '2ef2b9a51cebcfb5d2a2cccfada8babfaac13016', 'sha256': '7a225136af58cf602a8bb52b68e6f337e1be2b835a4fc951fb586debf59748b5'}, 'dob': {'date': '1992-05-27T00:14:16.359Z', 'age': 31}, 'registered': {'date': '2013-04-24T04:38:43.519Z', 'age': 11}, 'phone': '017683 06678', 'cell': '07039 848585', 'id': {'name': 'NINO', 'value': 'XZ 65 81 01 N'}, 'picture': {'large': 'https://randomuser.me/api/portraits/men/79.jpg', 'medium': 'https://randomuser.me/api/portraits/med/men/79.jpg', 'thumbnail': 'https://randomuser.me/api/portraits/thumb/men/79.jpg'}, 'nat': 'GB'}</msg>
<arg>${json_data['results'][0]}</arg>
<doc>Logs the given message with the given level.</doc>
<status status="PASS" start="2024-05-13T19:11:29.192024" elapsed="0.000429"/>
</kw>
<kw name="Log" owner="BuiltIn">
<msg time="2024-05-13T19:11:29.192872" level="INFO">name</msg>
<arg>${key}</arg>
<doc>Logs the given message with the given level.</doc>
<status status="PASS" start="2024-05-13T19:11:29.192748" elapsed="0.000160"/>
</kw>
<var name="${key}">name</var>
<status status="PASS" start="2024-05-13T19:11:29.191169" elapsed="0.001952"/>
</iter>
<iter>
<kw name="Dictionary Should Contain Key" owner="Collections">
<msg time="2024-05-13T19:11:29.193794" level="INFO">False</msg>
<arg>${json_data['results'][0]}</arg>
<arg>${key}</arg>
<doc>Fails if ``key`` is not found from ``dictionary``.</doc>
<status status="PASS" start="2024-05-13T19:11:29.193410" elapsed="0.000420"/>
</kw>
<kw name="Log" owner="BuiltIn">
<msg time="2024-05-13T19:11:29.194477" level="INFO">{'gender': 'male', 'name': {'title': 'Mr', 'first': 'Ken', 'last': 'Ramos'}, 'location': {'street': {'number': 5007, 'name': 'Park Lane'}, 'city': 'Preston', 'state': 'Norfolk', 'country': 'United Kingdom', 'postcode': 'GW8J 2UU', 'coordinates': {'latitude': '-7.1274', 'longitude': '-50.7670'}, 'timezone': {'offset': '0:00', 'description': 'Western Europe Time, London, Lisbon, Casablanca'}}, 'email': 'ken.ramos@example.com', 'login': {'uuid': '8b789aa7-4570-41d9-862e-bd8c86bf9073', 'username': 'blackwolf771', 'password': 'heather', 'salt': 'qvCaeZKq', 'md5': '465b0ca932879f36974133204bc6ccf0', 'sha1': '2ef2b9a51cebcfb5d2a2cccfada8babfaac13016', 'sha256': '7a225136af58cf602a8bb52b68e6f337e1be2b835a4fc951fb586debf59748b5'}, 'dob': {'date': '1992-05-27T00:14:16.359Z', 'age': 31}, 'registered': {'date': '2013-04-24T04:38:43.519Z', 'age': 11}, 'phone': '017683 06678', 'cell': '07039 848585', 'id': {'name': 'NINO', 'value': 'XZ 65 81 01 N'}, 'picture': {'large': 'https://randomuser.me/api/portraits/men/79.jpg', 'medium': 'https://randomuser.me/api/portraits/med/men/79.jpg', 'thumbnail': 'https://randomuser.me/api/portraits/thumb/men/79.jpg'}, 'nat': 'GB'}</msg>
<arg>${json_data['results'][0]}</arg>
<doc>Logs the given message with the given level.</doc>
<status status="PASS" start="2024-05-13T19:11:29.194123" elapsed="0.000400"/>
</kw>
<kw name="Log" owner="BuiltIn">
<msg time="2024-05-13T19:11:29.194970" level="INFO">location</msg>
<arg>${key}</arg>
<doc>Logs the given message with the given level.</doc>
<status status="PASS" start="2024-05-13T19:11:29.194847" elapsed="0.000161"/>
</kw>
<var name="${key}">location</var>
<status status="PASS" start="2024-05-13T19:11:29.193299" elapsed="0.001924"/>
</iter>
<iter>
<kw name="Dictionary Should Contain Key" owner="Collections">
<msg time="2024-05-13T19:11:29.195880" level="INFO">False</msg>
<arg>${json_data['results'][0]}</arg>
<arg>${key}</arg>
<doc>Fails if ``key`` is not found from ``dictionary``.</doc>
<status status="PASS" start="2024-05-13T19:11:29.195503" elapsed="0.000414"/>
</kw>
<kw name="Log" owner="BuiltIn">
<msg time="2024-05-13T19:11:29.196584" level="INFO">{'gender': 'male', 'name': {'title': 'Mr', 'first': 'Ken', 'last': 'Ramos'}, 'location': {'street': {'number': 5007, 'name': 'Park Lane'}, 'city': 'Preston', 'state': 'Norfolk', 'country': 'United Kingdom', 'postcode': 'GW8J 2UU', 'coordinates': {'latitude': '-7.1274', 'longitude': '-50.7670'}, 'timezone': {'offset': '0:00', 'description': 'Western Europe Time, London, Lisbon, Casablanca'}}, 'email': 'ken.ramos@example.com', 'login': {'uuid': '8b789aa7-4570-41d9-862e-bd8c86bf9073', 'username': 'blackwolf771', 'password': 'heather', 'salt': 'qvCaeZKq', 'md5': '465b0ca932879f36974133204bc6ccf0', 'sha1': '2ef2b9a51cebcfb5d2a2cccfada8babfaac13016', 'sha256': '7a225136af58cf602a8bb52b68e6f337e1be2b835a4fc951fb586debf59748b5'}, 'dob': {'date': '1992-05-27T00:14:16.359Z', 'age': 31}, 'registered': {'date': '2013-04-24T04:38:43.519Z', 'age': 11}, 'phone': '017683 06678', 'cell': '07039 848585', 'id': {'name': 'NINO', 'value': 'XZ 65 81 01 N'}, 'picture': {'large': 'https://randomuser.me/api/portraits/men/79.jpg', 'medium': 'https://randomuser.me/api/portraits/med/men/79.jpg', 'thumbnail': 'https://randomuser.me/api/portraits/thumb/men/79.jpg'}, 'nat': 'GB'}</msg>
<arg>${json_data['results'][0]}</arg>
<doc>Logs the given message with the given level.</doc>
<status status="PASS" start="2024-05-13T19:11:29.196210" elapsed="0.000421"/>
</kw>
<kw name="Log" owner="BuiltIn">
<msg time="2024-05-13T19:11:29.197054" level="INFO">email</msg>
<arg>${key}</arg>
<doc>Logs the given message with the given level.</doc>
<status status="PASS" start="2024-05-13T19:11:29.196929" elapsed="0.000163"/>
</kw>
<var name="${key}">email</var>
<status status="PASS" start="2024-05-13T19:11:29.195394" elapsed="0.001913"/>
</iter>
<iter>
<kw name="Dictionary Should Contain Key" owner="Collections">
<msg time="2024-05-13T19:11:29.197984" level="INFO">False</msg>
<arg>${json_data['results'][0]}</arg>
<arg>${key}</arg>
<doc>Fails if ``key`` is not found from ``dictionary``.</doc>
<status status="PASS" start="2024-05-13T19:11:29.197589" elapsed="0.000432"/>
</kw>
<kw name="Log" owner="BuiltIn">
<msg time="2024-05-13T19:11:29.198684" level="INFO">{'gender': 'male', 'name': {'title': 'Mr', 'first': 'Ken', 'last': 'Ramos'}, 'location': {'street': {'number': 5007, 'name': 'Park Lane'}, 'city': 'Preston', 'state': 'Norfolk', 'country': 'United Kingdom', 'postcode': 'GW8J 2UU', 'coordinates': {'latitude': '-7.1274', 'longitude': '-50.7670'}, 'timezone': {'offset': '0:00', 'description': 'Western Europe Time, London, Lisbon, Casablanca'}}, 'email': 'ken.ramos@example.com', 'login': {'uuid': '8b789aa7-4570-41d9-862e-bd8c86bf9073', 'username': 'blackwolf771', 'password': 'heather', 'salt': 'qvCaeZKq', 'md5': '465b0ca932879f36974133204bc6ccf0', 'sha1': '2ef2b9a51cebcfb5d2a2cccfada8babfaac13016', 'sha256': '7a225136af58cf602a8bb52b68e6f337e1be2b835a4fc951fb586debf59748b5'}, 'dob': {'date': '1992-05-27T00:14:16.359Z', 'age': 31}, 'registered': {'date': '2013-04-24T04:38:43.519Z', 'age': 11}, 'phone': '017683 06678', 'cell': '07039 848585', 'id': {'name': 'NINO', 'value': 'XZ 65 81 01 N'}, 'picture': {'large': 'https://randomuser.me/api/portraits/men/79.jpg', 'medium': 'https://randomuser.me/api/portraits/med/men/79.jpg', 'thumbnail': 'https://randomuser.me/api/portraits/thumb/men/79.jpg'}, 'nat': 'GB'}</msg>
<arg>${json_data['results'][0]}</arg>
<doc>Logs the given message with the given level.</doc>
<status status="PASS" start="2024-05-13T19:11:29.198325" elapsed="0.000405"/>
</kw>
<kw name="Log" owner="BuiltIn">
<msg time="2024-05-13T19:11:29.199144" level="INFO">login</msg>
<arg>${key}</arg>
<doc>Logs the given message with the given level.</doc>
<status status="PASS" start="2024-05-13T19:11:29.199019" elapsed="0.000162"/>
</kw>
<var name="${key}">login</var>
<status status="PASS" start="2024-05-13T19:11:29.197479" elapsed="0.001937"/>
</iter>
<var>${key}</var>
<value>@{expected_keys}</value>
<status status="PASS" start="2024-05-13T19:11:29.188845" elapsed="0.010695"/>
</for>
<kw name="Create List" owner="BuiltIn">
<msg time="2024-05-13T19:11:29.199865" level="INFO">${expected_keysTwo} = ['username', 'password']</msg>
<var>${expected_keysTwo}</var>
<arg>username</arg>
<arg>password</arg>
<doc>Returns a list containing given items.</doc>
<status status="PASS" start="2024-05-13T19:11:29.199729" elapsed="0.000159"/>
</kw>
<for flavor="IN">
<iter>
<kw name="Dictionary Should Contain Key" owner="Collections">
<msg time="2024-05-13T19:11:29.200819" level="INFO">False</msg>
<arg>${json_data['results'][0]['login']}</arg>
<arg>${keyTwo}</arg>
<doc>Fails if ``key`` is not found from ``dictionary``.</doc>
<status status="PASS" start="2024-05-13T19:11:29.200420" elapsed="0.000436"/>
</kw>
<kw name="Dictionary Should Contain Key" owner="Collections">
<msg time="2024-05-13T19:11:29.201532" level="INFO">False</msg>
<arg>${json_data['results'][0]['login']}</arg>
<arg>${keyTwo}</arg>
<doc>Fails if ``key`` is not found from ``dictionary``.</doc>
<status status="PASS" start="2024-05-13T19:11:29.201147" elapsed="0.000421"/>
</kw>
<kw name="Log" owner="BuiltIn">
<msg time="2024-05-13T19:11:29.201984" level="INFO">username</msg>
<arg>${keyTwo}</arg>
<doc>Logs the given message with the given level.</doc>
<status status="PASS" start="2024-05-13T19:11:29.201861" elapsed="0.000165"/>
</kw>
<var name="${keyTwo}">username</var>
<status status="PASS" start="2024-05-13T19:11:29.200280" elapsed="0.001962"/>
</iter>
<iter>
<kw name="Dictionary Should Contain Key" owner="Collections">
<msg time="2024-05-13T19:11:29.202907" level="INFO">False</msg>
<arg>${json_data['results'][0]['login']}</arg>
<arg>${keyTwo}</arg>
<doc>Fails if ``key`` is not found from ``dictionary``.</doc>
<status status="PASS" start="2024-05-13T19:11:29.202521" elapsed="0.000422"/>
</kw>
<kw name="Dictionary Should Contain Key" owner="Collections">
<msg time="2024-05-13T19:11:29.203718" level="INFO">False</msg>
<arg>${json_data['results'][0]['login']}</arg>
<arg>${keyTwo}</arg>
<doc>Fails if ``key`` is not found from ``dictionary``.</doc>
<status status="PASS" start="2024-05-13T19:11:29.203233" elapsed="0.000523"/>
</kw>
<kw name="Log" owner="BuiltIn">
<msg time="2024-05-13T19:11:29.204188" level="INFO">password</msg>
<arg>${keyTwo}</arg>
<doc>Logs the given message with the given level.</doc>
<status status="PASS" start="2024-05-13T19:11:29.204063" elapsed="0.000163"/>
</kw>
<var name="${keyTwo}">password</var>
<status status="PASS" start="2024-05-13T19:11:29.202413" elapsed="0.002065"/>
</iter>
<var>${keyTwo}</var>
<value>@{expected_keysTwo}</value>
<status status="PASS" start="2024-05-13T19:11:29.200126" elapsed="0.004474"/>
</for>
<status status="PASS" start="2024-05-13T19:11:29.002172" elapsed="0.202570"/>
</kw>
<doc>Testa a estrutura da resposta da API.</doc>
<tag>testeEstruturaResposta</tag>
<status status="PASS" start="2024-05-13T19:11:29.001641" elapsed="0.203261"/>
</test>
<test id="s1-s1-t4" name="Validar tipos de dados" line="28">
<kw name="Teste de Tipos de Dados" owner="random-user-service">
<kw name="GET On Session" owner="RequestsLibrary">
<msg time="2024-05-13T19:11:29.315560" level="INFO">GET Request : url=https://randomuser.me/api 
 path_url=/api 
 headers={'User-Agent': 'python-requests/2.31.0', 'Accept-Encoding': 'gzip, deflate', 'Accept': '*/*', 'Connection': 'keep-alive'} 
 body=None 
 </msg>
<msg time="2024-05-13T19:11:29.315668" level="INFO">GET Response : url=https://randomuser.me/api 
 status=200, reason=OK 
 headers={'Date': 'Mon, 13 May 2024 19:11:29 GMT', 'Content-Type': 'application/json; charset=utf-8', 'Transfer-Encoding': 'chunked', 'Connection': 'keep-alive', 'X-Powered-By': 'Express', 'Access-Control-Allow-Origin': '*', 'Cache-Control': 'no-cache', 'ETag': 'W/"49d-ILL2pR41sbVpXe5HPknDBpcVDNo"', 'Vary': 'Accept-Encoding', 'Content-Encoding': 'gzip', 'CF-Cache-Status': 'DYNAMIC', 'Report-To': '{"endpoints":[{"url":"https:\\/\\/a.nel.cloudflare.com\\/report\\/v4?s=H0ZoYGHXX22VArA5ZvjRkcAcyuXOpFsqKDQQbuTbg41gFvZpsusXY5xQVO%2BgE%2BBm0ITGPBaq4XJ7kBuKa9MhRdd9JZzCD4LZHyO9t%2Brmtgw0PbhzuDGeFKVZWOXNQmJO"}],"group":"cf-nel","max_age":604800}', 'NEL': '{"success_fraction":0,"report_to":"cf-nel","max_age":604800}', 'Server': 'cloudflare', 'CF-RAY': '8834f45f9d825349-LAX', 'alt-svc': 'h3=":443"; ma=86400'} 
 body={"results":[{"gender":"female","name":{"title":"Ms","first":"Zelal","last":"Maarleveld"},"location":{"street":{"number":8472,"name":"Beerdijk"},"city":"Blaricum","state":"Gelderland","country":"Netherlands","postcode":"1132 PK","coordinates":{"latitude":"31.2259","longitude":"153.8307"},"timezone":{"offset":"+1:00","description":"Brussels, Copenhagen, Madrid, Paris"}},"email":"zelal.maarleveld@example.com","login":{"uuid":"f7b7d115-643e-438a-a294-837dcdc6ddd7","username":"crazylion315","password":"mallory","salt":"tn5nFPPk","md5":"b533d3594c3a8edb75640227b457cfb6","sha1":"7c22e4f9b505744145b0a17193c1e1059b2b1d9b","sha256":"c386343024a8296e854cb0c55b97146d48c2255cdcd6a38855817929a7dddb96"},"dob":{"date":"1972-12-05T07:13:56.792Z","age":51},"registered":{"date":"2019-07-01T19:00:55.141Z","age":4},"phone":"(0675) 488501","cell":"(06) 29643580","id":{"name":"BSN","value":"60910807"},"picture":{"large":"https://randomuser.me/api/portraits/women/78.jpg","medium":"https://randomuser.me/api/portraits/med/women/78.jpg","thumbnail":"https://randomuser.me/api/portraits/thumb/women/78.jpg"},"nat":"NL"}],"info":{"seed":"fdf61a728c5183ad","results":1,"page":1,"version":"1.4"}} 
 </msg>
<msg time="2024-05-13T19:11:29.315747" level="INFO">/opt/hostedtoolcache/Python/3.12.3/x64/lib/python3.12/site-packages/urllib3/connectionpool.py:1103: InsecureRequestWarning: Unverified HTTPS request is being made to host 'randomuser.me'. Adding certificate verification is strongly advised. See: https://urllib3.readthedocs.io/en/latest/advanced-usage.html#tls-warnings
  warnings.warn(</msg>
<msg time="2024-05-13T19:11:29.315879" level="INFO">${response} = &lt;Response [200]&gt;</msg>
<var>${response}</var>
<arg>consultarAPI</arg>
<arg>/api</arg>
<doc>Sends a GET request on a previously created HTTP Session.</doc>
<status status="PASS" start="2024-05-13T19:11:29.207452" elapsed="0.108478"/>
</kw>
<kw name="Set Variable" owner="BuiltIn">
<msg time="2024-05-13T19:11:29.317020" level="INFO">${json_data} = {'results': [{'gender': 'female', 'name': {'title': 'Ms', 'first': 'Zelal', 'last': 'Maarleveld'}, 'location': {'street': {'number': 8472, 'name': 'Beerdijk'}, 'city': 'Blaricum', 'state': 'Gelderland...</msg>
<var>${json_data}</var>
<arg>${response.json()}</arg>
<doc>Returns the given values which can then be assigned to a variables.</doc>
<status status="PASS" start="2024-05-13T19:11:29.316502" elapsed="0.000546"/>
</kw>
<kw name="Log" owner="BuiltIn">
<msg time="2024-05-13T19:11:29.317509" level="INFO">{'results': [{'gender': 'female', 'name': {'title': 'Ms', 'first': 'Zelal', 'last': 'Maarleveld'}, 'location': {'street': {'number': 8472, 'name': 'Beerdijk'}, 'city': 'Blaricum', 'state': 'Gelderland', 'country': 'Netherlands', 'postcode': '1132 PK', 'coordinates': {'latitude': '31.2259', 'longitude': '153.8307'}, 'timezone': {'offset': '+1:00', 'description': 'Brussels, Copenhagen, Madrid, Paris'}}, 'email': 'zelal.maarleveld@example.com', 'login': {'uuid': 'f7b7d115-643e-438a-a294-837dcdc6ddd7', 'username': 'crazylion315', 'password': 'mallory', 'salt': 'tn5nFPPk', 'md5': 'b533d3594c3a8edb75640227b457cfb6', 'sha1': '7c22e4f9b505744145b0a17193c1e1059b2b1d9b', 'sha256': 'c386343024a8296e854cb0c55b97146d48c2255cdcd6a38855817929a7dddb96'}, 'dob': {'date': '1972-12-05T07:13:56.792Z', 'age': 51}, 'registered': {'date': '2019-07-01T19:00:55.141Z', 'age': 4}, 'phone': '(0675) 488501', 'cell': '(06) 29643580', 'id': {'name': 'BSN', 'value': '60910807'}, 'picture': {'large': 'https://randomuser.me/api/portraits/women/78.jpg', 'medium': 'https://randomuser.me/api/portraits/med/women/78.jpg', 'thumbnail': 'https://randomuser.me/api/portraits/thumb/women/78.jpg'}, 'nat': 'NL'}], 'info': {'seed': 'fdf61a728c5183ad', 'results': 1, 'page': 1, 'version': '1.4'}}</msg>
<arg>${json_data}</arg>
<doc>Logs the given message with the given level.</doc>
<status status="PASS" start="2024-05-13T19:11:29.317355" elapsed="0.000243"/>
</kw>
<kw name="Should Be String" owner="String">
<arg>${json_data['results'][0]['gender']}</arg>
<doc>Fails if the given ``item`` is not a string.</doc>
<status status="PASS" start="2024-05-13T19:11:29.317894" elapsed="0.000371"/>
</kw>
<kw name="Should Match Regexp" owner="BuiltIn">
<arg>${json_data['results'][0]['email']}</arg>
<arg>^[a-zA-Z0-9._%+-]+@[a-zA-Z0-9.-]+\.[a-zA-Z]{2,}$</arg>
<doc>Fails if ``string`` does not match ``pattern`` as a regular expression.</doc>
<status status="PASS" start="2024-05-13T19:11:29.318457" elapsed="0.000514"/>
</kw>
<kw name="Should Match Regexp" owner="BuiltIn">
<arg>${json_data['results'][0]['dob']['date']}</arg>
<arg>\\d{4}-\\d{2}-\\d{2}T\\d{2}:\\d{2}:\\d{2}\\.\\d{3}Z</arg>
<doc>Fails if ``string`` does not match ``pattern`` as a regular expression.</doc>
<status status="PASS" start="2024-05-13T19:11:29.319163" elapsed="0.000494"/>
</kw>
<kw name="Should Match Regexp" owner="BuiltIn">
<arg>${json_data['results'][0]['registered']['date']}</arg>
<arg>\\d{4}-\\d{2}-\\d{2}T\\d{2}:\\d{2}:\\d{2}\\.\\d{3}Z</arg>
<doc>Fails if ``string`` does not match ``pattern`` as a regular expression.</doc>
<status status="PASS" start="2024-05-13T19:11:29.319845" elapsed="0.000389"/>
</kw>
<kw name="Should Match Regexp" owner="BuiltIn">
<arg>${json_data['results'][0]['picture']['large']}</arg>
<arg>^https?://.*\.(?:png|jpe?g|gif|bmp)$</arg>
<doc>Fails if ``string`` does not match ``pattern`` as a regular expression.</doc>
<status status="PASS" start="2024-05-13T19:11:29.320455" elapsed="0.000458"/>
</kw>
<kw name="Should Match Regexp" owner="BuiltIn">
<arg>${json_data['results'][0]['picture']['medium']}</arg>
<arg>^https?://.*\.(?:png|jpe?g|gif|bmp)$</arg>
<doc>Fails if ``string`` does not match ``pattern`` as a regular expression.</doc>
<status status="PASS" start="2024-05-13T19:11:29.321100" elapsed="0.000350"/>
</kw>
<kw name="Should Match Regexp" owner="BuiltIn">
<arg>${json_data['results'][0]['picture']['thumbnail']}</arg>
<arg>^https?://.*\.(?:png|jpe?g|gif|bmp)$</arg>
<doc>Fails if ``string`` does not match ``pattern`` as a regular expression.</doc>
<status status="PASS" start="2024-05-13T19:11:29.321639" elapsed="0.000352"/>
</kw>
<kw name="Log" owner="BuiltIn">
<msg time="2024-05-13T19:11:29.322491" level="INFO">{'large': 'https://randomuser.me/api/portraits/women/78.jpg', 'medium': 'https://randomuser.me/api/portraits/med/women/78.jpg', 'thumbnail': 'https://randomuser.me/api/portraits/thumb/women/78.jpg'}</msg>
<arg>${json_data['results'][0]['picture']}</arg>
<doc>Logs the given message with the given level.</doc>
<status status="PASS" start="2024-05-13T19:11:29.322169" elapsed="0.000362"/>
</kw>
<status status="PASS" start="2024-05-13T19:11:29.207218" elapsed="0.115569"/>
</kw>
<kw name="Teste de Tipos de Dados - Postcode" owner="random-user-service">
<kw name="GET On Session" owner="RequestsLibrary">
<msg time="2024-05-13T19:11:29.428546" level="INFO">GET Request : url=https://randomuser.me/api 
 path_url=/api 
 headers={'User-Agent': 'python-requests/2.31.0', 'Accept-Encoding': 'gzip, deflate', 'Accept': '*/*', 'Connection': 'keep-alive'} 
 body=None 
 </msg>
<msg time="2024-05-13T19:11:29.428617" level="INFO">GET Response : url=https://randomuser.me/api 
 status=200, reason=OK 
 headers={'Date': 'Mon, 13 May 2024 19:11:29 GMT', 'Content-Type': 'application/json; charset=utf-8', 'Transfer-Encoding': 'chunked', 'Connection': 'keep-alive', 'X-Powered-By': 'Express', 'Access-Control-Allow-Origin': '*', 'Cache-Control': 'no-cache', 'ETag': 'W/"48e-wayT+xpTlItDbneOzrGjbwhvlHc"', 'Vary': 'Accept-Encoding', 'Content-Encoding': 'gzip', 'CF-Cache-Status': 'DYNAMIC', 'Report-To': '{"endpoints":[{"url":"https:\\/\\/a.nel.cloudflare.com\\/report\\/v4?s=FmES%2BDrd8ZR7JQ5QpVGuL0AY8ie3qavz2QQZrgebpGp9QmHPeaPxPbBdQ%2FIZvqBgKgMIU52%2FPiDN2KfS102WDm2jSC4%2FRXxWLED%2F6s2Wvix75XPyCngQ%2BItsvfTPh4qZ"}],"group":"cf-nel","max_age":604800}', 'NEL': '{"success_fraction":0,"report_to":"cf-nel","max_age":604800}', 'Server': 'cloudflare', 'CF-RAY': '8834f4604e5d5349-LAX', 'alt-svc': 'h3=":443"; ma=86400'} 
 body={"results":[{"gender":"female","name":{"title":"Miss","first":"Remedios","last":"Vázquez"},"location":{"street":{"number":5115,"name":"Calle del Pez"},"city":"Málaga","state":"La Rioja","country":"Spain","postcode":83309,"coordinates":{"latitude":"-30.2035","longitude":"4.3287"},"timezone":{"offset":"-1:00","description":"Azores, Cape Verde Islands"}},"email":"remedios.vazquez@example.com","login":{"uuid":"df268c8b-dfe4-4297-b169-9d8c574eeb6b","username":"organiclion870","password":"hal9000","salt":"04riLCTf","md5":"3730b697f0cae003605de91f71b4c1f8","sha1":"d44feaeb7cf158b3fd8c93d6dca97e21c0b8ad19","sha256":"4e39dd10ed74b53e7bad7d4882fea2195ee7f008f6f8db103bbeb063b07e8b4b"},"dob":{"date":"1976-03-05T02:31:51.304Z","age":48},"registered":{"date":"2018-05-28T02:47:53.195Z","age":5},"phone":"942-987-475","cell":"607-583-427","id":{"name":"DNI","value":"15522387-O"},"picture":{"large":"https://randomuser.me/api/portraits/women/30.jpg","medium":"https://randomuser.me/api/portraits/med/women/30.jpg","thumbnail":"https://randomuser.me/api/portraits/thumb/women/30.jpg"},"nat":"ES"}],"info":{"seed":"975d2ff825ca17d0","results":1,"page":1,"version":"1.4"}} 
 </msg>
<msg time="2024-05-13T19:11:29.428679" level="INFO">/opt/hostedtoolcache/Python/3.12.3/x64/lib/python3.12/site-packages/urllib3/connectionpool.py:1103: InsecureRequestWarning: Unverified HTTPS request is being made to host 'randomuser.me'. Adding certificate verification is strongly advised. See: https://urllib3.readthedocs.io/en/latest/advanced-usage.html#tls-warnings
  warnings.warn(</msg>
<msg time="2024-05-13T19:11:29.428770" level="INFO">${response} = &lt;Response [200]&gt;</msg>
<var>${response}</var>
<arg>consultarAPI</arg>
<arg>/api</arg>
<doc>Sends a GET request on a previously created HTTP Session.</doc>
<status status="PASS" start="2024-05-13T19:11:29.323249" elapsed="0.105545"/>
</kw>
<kw name="Set Variable" owner="BuiltIn">
<msg time="2024-05-13T19:11:29.429711" level="INFO">${json_data} = {'results': [{'gender': 'female', 'name': {'title': 'Miss', 'first': 'Remedios', 'last': 'Vázquez'}, 'location': {'street': {'number': 5115, 'name': 'Calle del Pez'}, 'city': 'Málaga', 'state': 'La Ri...</msg>
<var>${json_data}</var>
<arg>${response.json()}</arg>
<doc>Returns the given values which can then be assigned to a variables.</doc>
<status status="PASS" start="2024-05-13T19:11:29.429237" elapsed="0.000503"/>
</kw>
<kw name="Log" owner="BuiltIn">
<msg time="2024-05-13T19:11:29.430196" level="INFO">{'results': [{'gender': 'female', 'name': {'title': 'Miss', 'first': 'Remedios', 'last': 'Vázquez'}, 'location': {'street': {'number': 5115, 'name': 'Calle del Pez'}, 'city': 'Málaga', 'state': 'La Rioja', 'country': 'Spain', 'postcode': 83309, 'coordinates': {'latitude': '-30.2035', 'longitude': '4.3287'}, 'timezone': {'offset': '-1:00', 'description': 'Azores, Cape Verde Islands'}}, 'email': 'remedios.vazquez@example.com', 'login': {'uuid': 'df268c8b-dfe4-4297-b169-9d8c574eeb6b', 'username': 'organiclion870', 'password': 'hal9000', 'salt': '04riLCTf', 'md5': '3730b697f0cae003605de91f71b4c1f8', 'sha1': 'd44feaeb7cf158b3fd8c93d6dca97e21c0b8ad19', 'sha256': '4e39dd10ed74b53e7bad7d4882fea2195ee7f008f6f8db103bbeb063b07e8b4b'}, 'dob': {'date': '1976-03-05T02:31:51.304Z', 'age': 48}, 'registered': {'date': '2018-05-28T02:47:53.195Z', 'age': 5}, 'phone': '942-987-475', 'cell': '607-583-427', 'id': {'name': 'DNI', 'value': '15522387-O'}, 'picture': {'large': 'https://randomuser.me/api/portraits/women/30.jpg', 'medium': 'https://randomuser.me/api/portraits/med/women/30.jpg', 'thumbnail': 'https://randomuser.me/api/portraits/thumb/women/30.jpg'}, 'nat': 'ES'}], 'info': {'seed': '975d2ff825ca17d0', 'results': 1, 'page': 1, 'version': '1.4'}}</msg>
<arg>${json_data}</arg>
<doc>Logs the given message with the given level.</doc>
<status status="PASS" start="2024-05-13T19:11:29.430042" elapsed="0.000234"/>
</kw>
<kw name="Should Be Equal As Numbers" owner="BuiltIn">
<arg>${json_data['results'][0]['location']['postcode']}</arg>
<arg>${json_data['results'][0]['location']['postcode']}</arg>
<doc>Fails if objects are unequal after converting them to real numbers.</doc>
<status status="PASS" start="2024-05-13T19:11:29.430576" elapsed="0.000765"/>
</kw>
<kw name="Log" owner="BuiltIn">
<msg time="2024-05-13T19:11:29.431872" level="INFO">83309</msg>
<arg>${json_data['results'][0]['location']['postcode']}</arg>
<doc>Logs the given message with the given level.</doc>
<status status="PASS" start="2024-05-13T19:11:29.431540" elapsed="0.000370"/>
</kw>
<status status="PASS" start="2024-05-13T19:11:29.323019" elapsed="0.109141"/>
</kw>
<doc>Testa se os tipos de dados na resposta da API estão corretos.</doc>
<tag>testeTiposDados</tag>
<status status="PASS" start="2024-05-13T19:11:29.206740" elapsed="0.225605"/>
</test>
<test id="s1-s1-t5" name="Validar conteudo" line="35">
<kw name="Teste de Tipos de Conteudo" owner="random-user-service">
<kw name="GET On Session" owner="RequestsLibrary">
<msg time="2024-05-13T19:11:29.539504" level="INFO">GET Request : url=https://randomuser.me/api 
 path_url=/api 
 headers={'User-Agent': 'python-requests/2.31.0', 'Accept-Encoding': 'gzip, deflate', 'Accept': '*/*', 'Connection': 'keep-alive'} 
 body=None 
 </msg>
<msg time="2024-05-13T19:11:29.539623" level="INFO">GET Response : url=https://randomuser.me/api 
 status=200, reason=OK 
 headers={'Date': 'Mon, 13 May 2024 19:11:29 GMT', 'Content-Type': 'application/json; charset=utf-8', 'Transfer-Encoding': 'chunked', 'Connection': 'keep-alive', 'X-Powered-By': 'Express', 'Access-Control-Allow-Origin': '*', 'Cache-Control': 'no-cache', 'ETag': 'W/"4a1-at1f91+Dpg2KhEvEtGuqr2wEYsM"', 'Vary': 'Accept-Encoding', 'Content-Encoding': 'gzip', 'CF-Cache-Status': 'DYNAMIC', 'Report-To': '{"endpoints":[{"url":"https:\\/\\/a.nel.cloudflare.com\\/report\\/v4?s=o4PiM35Xe6%2B7M7z7g8dsCKxNDTv1WpXWe%2BKqqRHyw5kaxbtyZ%2BeYwg3cdYy6S21E%2BfVZkcBayMnJAr7t9gIC8ovaeBDOnxzbwd%2BYIxcdtI84j2Wu1%2BIdI2pMg1RXa7ap"}],"group":"cf-nel","max_age":604800}', 'NEL': '{"success_fraction":0,"report_to":"cf-nel","max_age":604800}', 'Server': 'cloudflare', 'CF-RAY': '8834f460ff125349-LAX', 'alt-svc': 'h3=":443"; ma=86400'} 
 body={"results":[{"gender":"female","name":{"title":"Mrs","first":"Sanja","last":"Jovanović"},"location":{"street":{"number":8937,"name":"Petra Drapšina"},"city":"Aleksinac","state":"North Bačka","country":"Serbia","postcode":17610,"coordinates":{"latitude":"62.5122","longitude":"50.4327"},"timezone":{"offset":"+8:00","description":"Beijing, Perth, Singapore, Hong Kong"}},"email":"sanja.jovanovic@example.com","login":{"uuid":"b47dea07-1e70-42a5-8837-6f78b652a16d","username":"heavygorilla955","password":"chillin","salt":"6EciNwaI","md5":"4645979beb43f9d292823b6621a3d5d1","sha1":"e911e33bd0fd9570a7bc8e63883d2d73037bf056","sha256":"65cd3b205ac2933c4df0ea866d4ff7a650441af9d3e2910555bbaffe74452054"},"dob":{"date":"1972-07-19T08:01:29.987Z","age":51},"registered":{"date":"2012-07-17T14:45:00.759Z","age":11},"phone":"023-1604-859","cell":"062-8777-484","id":{"name":"SID","value":"939523907"},"picture":{"large":"https://randomuser.me/api/portraits/women/66.jpg","medium":"https://randomuser.me/api/portraits/med/women/66.jpg","thumbnail":"https://randomuser.me/api/portraits/thumb/women/66.jpg"},"nat":"RS"}],"info":{"seed":"9579cd65e25c771d","results":1,"page":1,"version":"1.4"}} 
 </msg>
<msg time="2024-05-13T19:11:29.539703" level="INFO">/opt/hostedtoolcache/Python/3.12.3/x64/lib/python3.12/site-packages/urllib3/connectionpool.py:1103: InsecureRequestWarning: Unverified HTTPS request is being made to host 'randomuser.me'. Adding certificate verification is strongly advised. See: https://urllib3.readthedocs.io/en/latest/advanced-usage.html#tls-warnings
  warnings.warn(</msg>
<msg time="2024-05-13T19:11:29.539830" level="INFO">${response} = &lt;Response [200]&gt;</msg>
<var>${response}</var>
<arg>consultarAPI</arg>
<arg>/api</arg>
<doc>Sends a GET request on a previously created HTTP Session.</doc>
<status status="PASS" start="2024-05-13T19:11:29.434789" elapsed="0.105084"/>
</kw>
<kw name="Set Variable" owner="BuiltIn">
<msg time="2024-05-13T19:11:29.541026" level="INFO">${json_data} = {'results': [{'gender': 'female', 'name': {'title': 'Mrs', 'first': 'Sanja', 'last': 'Jovanović'}, 'location': {'street': {'number': 8937, 'name': 'Petra Drapšina'}, 'city': 'Aleksinac', 'state': 'Nor...</msg>
<var>${json_data}</var>
<arg>${response.json()}</arg>
<doc>Returns the given values which can then be assigned to a variables.</doc>
<status status="PASS" start="2024-05-13T19:11:29.540458" elapsed="0.000600"/>
</kw>
<kw name="Set Variable" owner="BuiltIn">
<msg time="2024-05-13T19:11:29.541855" level="INFO">${name_title} = Mrs</msg>
<var>${name_title}</var>
<arg>${json_data["results"][0]["name"]["title"]}</arg>
<doc>Returns the given values which can then be assigned to a variables.</doc>
<status status="PASS" start="2024-05-13T19:11:29.541424" elapsed="0.000457"/>
</kw>
<kw name="Create List" owner="BuiltIn">
<msg time="2024-05-13T19:11:29.542380" level="INFO">${allowed_titles} = ['Mr', 'Ms', 'Miss', 'Mrs', 'Madame', 'Monsieur']</msg>
<var>${allowed_titles}</var>
<arg>Mr</arg>
<arg>Ms</arg>
<arg>Miss</arg>
<arg>Mrs</arg>
<arg>Madame</arg>
<arg>Monsieur</arg>
<doc>Returns a list containing given items.</doc>
<status status="PASS" start="2024-05-13T19:11:29.542221" elapsed="0.000184"/>
</kw>
<kw name="List Should Contain Value" owner="Collections">
<msg time="2024-05-13T19:11:29.542899" level="INFO">False</msg>
<arg>${allowed_titles}</arg>
<arg>${name_title}</arg>
<doc>Fails if the ``value`` is not found from ``list``.</doc>
<status status="PASS" start="2024-05-13T19:11:29.542716" elapsed="0.000221"/>
</kw>
<kw name="Set Variable" owner="BuiltIn">
<msg time="2024-05-13T19:11:29.543636" level="INFO">${name_country} = RS</msg>
<var>${name_country}</var>
<arg>${json_data["results"][0]["nat"]}</arg>
<doc>Returns the given values which can then be assigned to a variables.</doc>
<status status="PASS" start="2024-05-13T19:11:29.543239" elapsed="0.000422"/>
</kw>
<kw name="Create List" owner="BuiltIn">
<msg time="2024-05-13T19:11:29.544577" level="INFO">${list_country} = ['AD', 'AE', 'AF', 'AG', 'AI', 'AL', 'AM', 'AO', 'AQ', 'AR', 'AS', 'AT', 'AU', 'AW', 'AX', 'AZ', 'BA', 'BB', 'BD', 'BE', 'BF', 'BG', 'BH', 'BI', 'BJ', 'BL', 'BM', 'BN', 'BO', 'BQ', 'BR', 'BS', 'BT', '...</msg>
<var>${list_country}</var>
<arg>AD</arg>
<arg>AE</arg>
<arg>AF</arg>
<arg>AG</arg>
<arg>AI</arg>
<arg>AL</arg>
<arg>AM</arg>
<arg>AO</arg>
<arg>AQ</arg>
<arg>AR</arg>
<arg>AS</arg>
<arg>AT</arg>
<arg>AU</arg>
<arg>AW</arg>
<arg>AX</arg>
<arg>AZ</arg>
<arg>BA</arg>
<arg>BB</arg>
<arg>BD</arg>
<arg>BE</arg>
<arg>BF</arg>
<arg>BG</arg>
<arg>BH</arg>
<arg>BI</arg>
<arg>BJ</arg>
<arg>BL</arg>
<arg>BM</arg>
<arg>BN</arg>
<arg>BO</arg>
<arg>BQ</arg>
<arg>BR</arg>
<arg>BS</arg>
<arg>BT</arg>
<arg>BV</arg>
<arg>BW</arg>
<arg>BY</arg>
<arg>BZ</arg>
<arg>CA</arg>
<arg>CC</arg>
<arg>CD</arg>
<arg>CF</arg>
<arg>CG</arg>
<arg>CH</arg>
<arg>CI</arg>
<arg>CK</arg>
<arg>CL</arg>
<arg>CM</arg>
<arg>CN</arg>
<arg>CO</arg>
<arg>CR</arg>
<arg>CU</arg>
<arg>CV</arg>
<arg>CW</arg>
<arg>CX</arg>
<arg>CY</arg>
<arg>CZ</arg>
<arg>DE</arg>
<arg>DJ</arg>
<arg>DK</arg>
<arg>DM</arg>
<arg>DO</arg>
<arg>DZ</arg>
<arg>EC</arg>
<arg>EE</arg>
<arg>EG</arg>
<arg>EH</arg>
<arg>ER</arg>
<arg>ES</arg>
<arg>ET</arg>
<arg>FI</arg>
<arg>FJ</arg>
<arg>FK</arg>
<arg>FM</arg>
<arg>FO</arg>
<arg>FR</arg>
<arg>GA</arg>
<arg>GB</arg>
<arg>GD</arg>
<arg>GE</arg>
<arg>GF</arg>
<arg>GG</arg>
<arg>GH</arg>
<arg>GI</arg>
<arg>GL</arg>
<arg>GM</arg>
<arg>GN</arg>
<arg>GP</arg>
<arg>GQ</arg>
<arg>GR</arg>
<arg>GS</arg>
<arg>GT</arg>
<arg>GU</arg>
<arg>GW</arg>
<arg>GY</arg>
<arg>HK</arg>
<arg>HM</arg>
<arg>HN</arg>
<arg>HR</arg>
<arg>HT</arg>
<arg>HU</arg>
<arg>ID</arg>
<arg>IE</arg>
<arg>IL</arg>
<arg>IM</arg>
<arg>IN</arg>
<arg>IO</arg>
<arg>IQ</arg>
<arg>IR</arg>
<arg>IS</arg>
<arg>IT</arg>
<arg>JE</arg>
<arg>JM</arg>
<arg>JO</arg>
<arg>JP</arg>
<arg>KE</arg>
<arg>KG</arg>
<arg>KH</arg>
<arg>KI</arg>
<arg>KM</arg>
<arg>KN</arg>
<arg>KP</arg>
<arg>KR</arg>
<arg>KW</arg>
<arg>KY</arg>
<arg>KZ</arg>
<arg>LA</arg>
<arg>LB</arg>
<arg>LC</arg>
<arg>LI</arg>
<arg>LK</arg>
<arg>LR</arg>
<arg>LS</arg>
<arg>LT</arg>
<arg>LU</arg>
<arg>LV</arg>
<arg>LY</arg>
<arg>MA</arg>
<arg>MC</arg>
<arg>MD</arg>
<arg>ME</arg>
<arg>MF</arg>
<arg>MG</arg>
<arg>MH</arg>
<arg>MK</arg>
<arg>ML</arg>
<arg>MM</arg>
<arg>MN</arg>
<arg>MO</arg>
<arg>MP</arg>
<arg>MQ</arg>
<arg>MR</arg>
<arg>MS</arg>
<arg>MT</arg>
<arg>MU</arg>
<arg>MV</arg>
<arg>MW</arg>
<arg>MX</arg>
<arg>MY</arg>
<arg>MZ</arg>
<arg>NA</arg>
<arg>NC</arg>
<arg>NE</arg>
<arg>NF</arg>
<arg>NG</arg>
<arg>NI</arg>
<arg>NL</arg>
<arg>NO</arg>
<arg>NP</arg>
<arg>NR</arg>
<arg>NU</arg>
<arg>NZ</arg>
<arg>OM</arg>
<arg>PA</arg>
<arg>PE</arg>
<arg>PF</arg>
<arg>PG</arg>
<arg>PH</arg>
<arg>PK</arg>
<arg>PL</arg>
<arg>PM</arg>
<arg>PN</arg>
<arg>PR</arg>
<arg>PS</arg>
<arg>PT</arg>
<arg>PW</arg>
<arg>PY</arg>
<arg>QA</arg>
<arg>RE</arg>
<arg>RO</arg>
<arg>RS</arg>
<arg>RU</arg>
<arg>RW</arg>
<arg>SA</arg>
<arg>SB</arg>
<arg>SC</arg>
<arg>SD</arg>
<arg>SE</arg>
<arg>SG</arg>
<arg>SH</arg>
<arg>SI</arg>
<arg>SJ</arg>
<arg>SK</arg>
<arg>SL</arg>
<arg>SM</arg>
<arg>SN</arg>
<arg>SO</arg>
<arg>SR</arg>
<arg>SS</arg>
<arg>ST</arg>
<arg>SV</arg>
<arg>SX</arg>
<arg>SY</arg>
<arg>SZ</arg>
<arg>TC</arg>
<arg>TD</arg>
<arg>TF</arg>
<arg>TG</arg>
<arg>TH</arg>
<arg>TJ</arg>
<arg>TK</arg>
<arg>TL</arg>
<arg>TM</arg>
<arg>TN</arg>
<arg>TO</arg>
<arg>TR</arg>
<arg>TT</arg>
<arg>TV</arg>
<arg>TW</arg>
<arg>TZ</arg>
<arg>UA</arg>
<arg>UG</arg>
<arg>UM</arg>
<arg>US</arg>
<arg>UY</arg>
<arg>UZ</arg>
<arg>VA</arg>
<arg>VC</arg>
<arg>VE</arg>
<arg>VG</arg>
<arg>VI</arg>
<arg>VN</arg>
<arg>VU</arg>
<arg>WF</arg>
<arg>WS</arg>
<arg>XK</arg>
<arg>YE</arg>
<arg>YT</arg>
<arg>ZA</arg>
<arg>ZM</arg>
<arg>ZW</arg>
<doc>Returns a list containing given items.</doc>
<status status="PASS" start="2024-05-13T19:11:29.543970" elapsed="0.000635"/>
</kw>
<kw name="List Should Contain Value" owner="Collections">
<msg time="2024-05-13T19:11:29.545630" level="INFO">False</msg>
<arg>${list_country}</arg>
<arg>${name_country}</arg>
<doc>Fails if the ``value`` is not found from ``list``.</doc>
<status status="PASS" start="2024-05-13T19:11:29.545413" elapsed="0.000255"/>
</kw>
<kw name="Run Keyword If" owner="BuiltIn">
<kw name="Should Be True" owner="BuiltIn">
<arg>${True}</arg>
<doc>Fails if the given condition is not true.</doc>
<status status="PASS" start="2024-05-13T19:11:29.546763" elapsed="0.000144"/>
</kw>
<arg>${json_data["results"][0]["location"]["coordinates"]["latitude"]} &gt;= -90 and ${json_data["results"][0]["location"]["coordinates"]["latitude"]} &lt;= 90</arg>
<arg>Should Be True</arg>
<arg>${True}</arg>
<doc>Runs the given keyword with the given arguments, if ``condition`` is true.</doc>
<status status="PASS" start="2024-05-13T19:11:29.545984" elapsed="0.001050"/>
</kw>
<kw name="Run Keyword If" owner="BuiltIn">
<kw name="Should Be True" owner="BuiltIn">
<arg>${True}</arg>
<doc>Fails if the given condition is not true.</doc>
<status status="PASS" start="2024-05-13T19:11:29.547944" elapsed="0.000261"/>
</kw>
<arg>${json_data["results"][0]["location"]["coordinates"]["longitude"]} &gt;= -180 and ${json_data["results"][0]["location"]["coordinates"]["longitude"]} &lt;= 180</arg>
<arg>Should Be True</arg>
<arg>${True}</arg>
<doc>Runs the given keyword with the given arguments, if ``condition`` is true.</doc>
<status status="PASS" start="2024-05-13T19:11:29.547223" elapsed="0.001134"/>
</kw>
<status status="PASS" start="2024-05-13T19:11:29.434565" elapsed="0.113934"/>
</kw>
<doc>Testa o conteúdo específico dos campos retornados pela API.</doc>
<tag>testeConteudo</tag>
<status status="PASS" start="2024-05-13T19:11:29.434116" elapsed="0.114540"/>
</test>
<status status="PASS" start="2024-05-13T19:11:28.389592" elapsed="1.161047"/>
</suite>
<status status="PASS" start="2024-05-13T19:11:28.375578" elapsed="1.180245"/>
</suite>
<statistics>
<total>
<stat pass="5" fail="0" skip="0">All Tests</stat>
</total>
<tag>
<stat pass="1" fail="0" skip="0">testeConteudo</stat>
<stat pass="1" fail="0" skip="0">testeEstruturaResposta</stat>
<stat pass="1" fail="0" skip="0">testeRequisicaoBasica</stat>
<stat pass="1" fail="0" skip="0">testeTiposDados</stat>
</tag>
<suite>
<stat pass="5" fail="0" skip="0" id="s1" name="Tests">Tests</stat>
<stat pass="5" fail="0" skip="0" id="s1-s1" name="Random-User-Test">Tests.Random-User-Test</stat>
</suite>
</statistics>
<errors>
</errors>
</robot>
