<?xml version="1.0" encoding="UTF-8"?>
<robot generator="Robot 7.0.1 (Python 3.12.4 on linux)" generated="2024-07-12T08:19:43.821071" rpa="false" schemaversion="5">
<suite id="s1" name="Tests" source="/home/runner/work/ApiRandomUser/ApiRandomUser/RamdonUser/tests">
<suite id="s1-s1" name="Random-User-Test" source="/home/runner/work/ApiRandomUser/ApiRandomUser/RamdonUser/tests/random-user-test.robot">
<test id="s1-s1-t1" name="Conectar" line="13">
<kw name="Conectar API" owner="random-user-service">
<kw name="Create Session" owner="RequestsLibrary">
<msg time="2024-07-12T08:19:44.225822" level="INFO">Creating Session using : alias=consultarAPI, url=https://randomuser.me/, headers={},                     cookies={}, auth=None, timeout=None, proxies=None, verify=False,                     debug=0 </msg>
<arg>consultarAPI</arg>
<arg>${URL}</arg>
<doc>Create Session: create a HTTP session to a server</doc>
<status status="PASS" start="2024-07-12T08:19:44.225622" elapsed="0.000375"/>
</kw>
<status status="PASS" start="2024-07-12T08:19:44.224647" elapsed="0.001704"/>
</kw>
<status status="PASS" start="2024-07-12T08:19:44.224062" elapsed="0.002536"/>
</test>
<test id="s1-s1-t2" name="Validar retorno 200 e JSON Válido" line="16">
<kw name="Teste de Requisicao Basica" owner="random-user-service">
<kw name="GET On Session" owner="RequestsLibrary">
<msg time="2024-07-12T08:19:44.307649" level="INFO">GET Request : url=https://randomuser.me/api 
 path_url=/api 
 headers={'User-Agent': 'python-requests/2.32.3', 'Accept-Encoding': 'gzip, deflate', 'Accept': '*/*', 'Connection': 'keep-alive'} 
 body=None 
 </msg>
<msg time="2024-07-12T08:19:44.307777" level="INFO">GET Response : url=https://randomuser.me/api 
 status=200, reason=OK 
 headers={'Date': 'Fri, 12 Jul 2024 08:19:44 GMT', 'Content-Type': 'application/json; charset=utf-8', 'Transfer-Encoding': 'chunked', 'Connection': 'keep-alive', 'X-Powered-By': 'Express', 'Access-Control-Allow-Origin': '*', 'Cache-Control': 'no-cache', 'ETag': 'W/"488-76cZQ4MH3/D793x/cJzm/H0gPZA"', 'Vary': 'Accept-Encoding', 'Content-Encoding': 'gzip', 'CF-Cache-Status': 'DYNAMIC', 'Report-To': '{"endpoints":[{"url":"https:\\/\\/a.nel.cloudflare.com\\/report\\/v4?s=vIaR22DCB3HdCVjyg62L7D7yTc0HXAqxbzppG4oUf7K2XVLSkXZoGVpD91ez9u7y%2B4%2B8u6YEXAlhNYim%2ByP0sh0DtG9ZecELW4ptVBD7lifk0orGYdnIT6TjpWBSlnZa"}],"group":"cf-nel","max_age":604800}', 'NEL': '{"success_fraction":0,"report_to":"cf-nel","max_age":604800}', 'Server': 'cloudflare', 'CF-RAY': '8a1f9c29ac8ae124-ORD', 'alt-svc': 'h3=":443"; ma=86400'} 
 body={"results":[{"gender":"male","name":{"title":"Mr","first":"Oliver","last":"Ambrose"},"location":{"street":{"number":9095,"name":"Pine Rd"},"city":"Havelock","state":"Yukon","country":"Canada","postcode":"S1J 2W2","coordinates":{"latitude":"-70.4046","longitude":"-45.3091"},"timezone":{"offset":"+9:00","description":"Tokyo, Seoul, Osaka, Sapporo, Yakutsk"}},"email":"oliver.ambrose@example.com","login":{"uuid":"b0eeb6ff-0659-48e3-b601-42283e27c55d","username":"angrybird337","password":"gatsby","salt":"cytLG4mC","md5":"61a071f4356fb87768c89cc189607d94","sha1":"70c37f478184a06dde0ced95119fc25816de8d9c","sha256":"316d86ab58cc5aaa0b397115170558a645b365676e20655680d356a88f99976e"},"dob":{"date":"1954-08-30T04:55:37.842Z","age":69},"registered":{"date":"2004-10-13T02:32:29.405Z","age":19},"phone":"G91 M73-3802","cell":"L00 C84-5508","id":{"name":"SIN","value":"304916521"},"picture":{"large":"https://randomuser.me/api/portraits/men/52.jpg","medium":"https://randomuser.me/api/portraits/med/men/52.jpg","thumbnail":"https://randomuser.me/api/portraits/thumb/men/52.jpg"},"nat":"CA"}],"info":{"seed":"7dca139d738ea34b","results":1,"page":1,"version":"1.4"}} 
 </msg>
<msg time="2024-07-12T08:19:44.307858" level="INFO">/opt/hostedtoolcache/Python/3.12.4/x64/lib/python3.12/site-packages/urllib3/connectionpool.py:1099: InsecureRequestWarning: Unverified HTTPS request is being made to host 'randomuser.me'. Adding certificate verification is strongly advised. See: https://urllib3.readthedocs.io/en/latest/advanced-usage.html#tls-warnings
  warnings.warn(</msg>
<msg time="2024-07-12T08:19:44.307998" level="INFO">${response} = &lt;Response [200]&gt;</msg>
<var>${response}</var>
<arg>consultarAPI</arg>
<arg>/api</arg>
<doc>Sends a GET request on a previously created HTTP Session.</doc>
<status status="PASS" start="2024-07-12T08:19:44.229189" elapsed="0.078856"/>
</kw>
<kw name="Should Be Equal As Numbers" owner="BuiltIn">
<msg time="2024-07-12T08:19:44.308952" level="INFO">Argument types are:
&lt;class 'int'&gt;
&lt;class 'str'&gt;</msg>
<arg>${response.status_code}</arg>
<arg>200</arg>
<doc>Fails if objects are unequal after converting them to real numbers.</doc>
<status status="PASS" start="2024-07-12T08:19:44.308523" elapsed="0.000510"/>
</kw>
<kw name="Log" owner="BuiltIn">
<msg time="2024-07-12T08:19:44.309846" level="INFO">200</msg>
<arg>${response.status_code}</arg>
<doc>Logs the given message with the given level.</doc>
<status status="PASS" start="2024-07-12T08:19:44.309368" elapsed="0.000540"/>
</kw>
<kw name="Set Variable" owner="BuiltIn">
<msg time="2024-07-12T08:19:44.311093" level="INFO">${json_data} = {'results': [{'gender': 'male', 'name': {'title': 'Mr', 'first': 'Oliver', 'last': 'Ambrose'}, 'location': {'street': {'number': 9095, 'name': 'Pine Rd'}, 'city': 'Havelock', 'state': 'Yukon', 'countr...</msg>
<var>${json_data}</var>
<arg>${response.json()}</arg>
<doc>Returns the given values which can then be assigned to a variables.</doc>
<status status="PASS" start="2024-07-12T08:19:44.310353" elapsed="0.000789"/>
</kw>
<kw name="Dictionary Should Contain Key" owner="Collections">
<arg>${json_data}</arg>
<arg>results</arg>
<doc>Fails if ``key`` is not found from ``dictionary``.</doc>
<status status="PASS" start="2024-07-12T08:19:44.311595" elapsed="0.000232"/>
</kw>
<status status="PASS" start="2024-07-12T08:19:44.228946" elapsed="0.083109"/>
</kw>
<doc>Testa se a API responde corretamente e retorna um objeto JSON válido.</doc>
<tag>testeRequisicaoBasica</tag>
<status status="PASS" start="2024-07-12T08:19:44.228508" elapsed="0.083847"/>
</test>
<test id="s1-s1-t3" name="Validar estrutura de resposta" line="22">
<kw name="Teste de Estrutura de Resposta" owner="random-user-service">
<kw name="GET On Session" owner="RequestsLibrary">
<msg time="2024-07-12T08:19:44.411354" level="INFO">GET Request : url=https://randomuser.me/api 
 path_url=/api 
 headers={'User-Agent': 'python-requests/2.32.3', 'Accept-Encoding': 'gzip, deflate', 'Accept': '*/*', 'Connection': 'keep-alive'} 
 body=None 
 </msg>
<msg time="2024-07-12T08:19:44.411472" level="INFO">GET Response : url=https://randomuser.me/api 
 status=200, reason=OK 
 headers={'Date': 'Fri, 12 Jul 2024 08:19:44 GMT', 'Content-Type': 'application/json; charset=utf-8', 'Transfer-Encoding': 'chunked', 'Connection': 'keep-alive', 'X-Powered-By': 'Express', 'Access-Control-Allow-Origin': '*', 'Cache-Control': 'no-cache', 'ETag': 'W/"482-+8B1AOSV9sEkCNXiE8HUaPReE7M"', 'Vary': 'Accept-Encoding', 'Content-Encoding': 'gzip', 'CF-Cache-Status': 'DYNAMIC', 'Report-To': '{"endpoints":[{"url":"https:\\/\\/a.nel.cloudflare.com\\/report\\/v4?s=XKr6IXkoOu3Ae340KwPl3oo85xwtHo6iqOW3Vxhk2p0ul5j9gbjFAWRnuAEg8dYpIOs0KwLg%2FdySW8EZqghHUp7rvlbOJjBdzBXRCjf3F153WJHOUkC4orzmyktEAFnq"}],"group":"cf-nel","max_age":604800}', 'NEL': '{"success_fraction":0,"report_to":"cf-nel","max_age":604800}', 'Server': 'cloudflare', 'CF-RAY': '8a1f9c29fcc2e124-ORD', 'alt-svc': 'h3=":443"; ma=86400'} 
 body={"results":[{"gender":"male","name":{"title":"Mr","first":"Richard","last":"Rise"},"location":{"street":{"number":5364,"name":"Ravnåsveien"},"city":"Vikersund","state":"Bergen","country":"Norway","postcode":"2653","coordinates":{"latitude":"42.5266","longitude":"-34.5729"},"timezone":{"offset":"+9:00","description":"Tokyo, Seoul, Osaka, Sapporo, Yakutsk"}},"email":"richard.rise@example.com","login":{"uuid":"cad8be1a-c660-4f82-8e7c-8288e3381f64","username":"heavypeacock595","password":"tammy","salt":"WABc9GlW","md5":"1e817af39de995d9ffd66b30c51113f5","sha1":"8e20a6d5b2cc22ef3e05c6cec1b47486cc2f8121","sha256":"9a9b8c4415f8dfdb4991248c8efdaabb44e24acbf7e6cd3530c97e0ab2750cfc"},"dob":{"date":"1955-01-18T13:23:19.391Z","age":69},"registered":{"date":"2013-07-02T14:00:42.912Z","age":11},"phone":"82151943","cell":"99189152","id":{"name":"FN","value":"18015527931"},"picture":{"large":"https://randomuser.me/api/portraits/men/53.jpg","medium":"https://randomuser.me/api/portraits/med/men/53.jpg","thumbnail":"https://randomuser.me/api/portraits/thumb/men/53.jpg"},"nat":"NO"}],"info":{"seed":"9334f93e14d5623a","results":1,"page":1,"version":"1.4"}} 
 </msg>
<msg time="2024-07-12T08:19:44.411608" level="INFO">/opt/hostedtoolcache/Python/3.12.4/x64/lib/python3.12/site-packages/urllib3/connectionpool.py:1099: InsecureRequestWarning: Unverified HTTPS request is being made to host 'randomuser.me'. Adding certificate verification is strongly advised. See: https://urllib3.readthedocs.io/en/latest/advanced-usage.html#tls-warnings
  warnings.warn(</msg>
<msg time="2024-07-12T08:19:44.411759" level="INFO">${response} = &lt;Response [200]&gt;</msg>
<var>${response}</var>
<arg>consultarAPI</arg>
<arg>/api</arg>
<doc>Sends a GET request on a previously created HTTP Session.</doc>
<status status="PASS" start="2024-07-12T08:19:44.316738" elapsed="0.095067"/>
</kw>
<kw name="Set Variable" owner="BuiltIn">
<msg time="2024-07-12T08:19:44.412865" level="INFO">${json_data} = {'results': [{'gender': 'male', 'name': {'title': 'Mr', 'first': 'Richard', 'last': 'Rise'}, 'location': {'street': {'number': 5364, 'name': 'Ravnåsveien'}, 'city': 'Vikersund', 'state': 'Bergen', 'co...</msg>
<var>${json_data}</var>
<arg>${response.json()}</arg>
<doc>Returns the given values which can then be assigned to a variables.</doc>
<status status="PASS" start="2024-07-12T08:19:44.412320" elapsed="0.000575"/>
</kw>
<kw name="Log" owner="BuiltIn">
<msg time="2024-07-12T08:19:44.413378" level="INFO">{'results': [{'gender': 'male', 'name': {'title': 'Mr', 'first': 'Richard', 'last': 'Rise'}, 'location': {'street': {'number': 5364, 'name': 'Ravnåsveien'}, 'city': 'Vikersund', 'state': 'Bergen', 'country': 'Norway', 'postcode': '2653', 'coordinates': {'latitude': '42.5266', 'longitude': '-34.5729'}, 'timezone': {'offset': '+9:00', 'description': 'Tokyo, Seoul, Osaka, Sapporo, Yakutsk'}}, 'email': 'richard.rise@example.com', 'login': {'uuid': 'cad8be1a-c660-4f82-8e7c-8288e3381f64', 'username': 'heavypeacock595', 'password': 'tammy', 'salt': 'WABc9GlW', 'md5': '1e817af39de995d9ffd66b30c51113f5', 'sha1': '8e20a6d5b2cc22ef3e05c6cec1b47486cc2f8121', 'sha256': '9a9b8c4415f8dfdb4991248c8efdaabb44e24acbf7e6cd3530c97e0ab2750cfc'}, 'dob': {'date': '1955-01-18T13:23:19.391Z', 'age': 69}, 'registered': {'date': '2013-07-02T14:00:42.912Z', 'age': 11}, 'phone': '82151943', 'cell': '99189152', 'id': {'name': 'FN', 'value': '18015527931'}, 'picture': {'large': 'https://randomuser.me/api/portraits/men/53.jpg', 'medium': 'https://randomuser.me/api/portraits/med/men/53.jpg', 'thumbnail': 'https://randomuser.me/api/portraits/thumb/men/53.jpg'}, 'nat': 'NO'}], 'info': {'seed': '9334f93e14d5623a', 'results': 1, 'page': 1, 'version': '1.4'}}</msg>
<arg>${json_data}</arg>
<doc>Logs the given message with the given level.</doc>
<status status="PASS" start="2024-07-12T08:19:44.413215" elapsed="0.000224"/>
</kw>
<kw name="Dictionary Should Contain Key" owner="Collections">
<arg>${json_data}</arg>
<arg>results</arg>
<doc>Fails if ``key`` is not found from ``dictionary``.</doc>
<status status="PASS" start="2024-07-12T08:19:44.413735" elapsed="0.000161"/>
</kw>
<kw name="Should Not Be Empty" owner="BuiltIn">
<msg time="2024-07-12T08:19:44.414210" level="INFO">Length is 2.</msg>
<arg>${json_data}</arg>
<doc>Verifies that the given item is not empty.</doc>
<status status="PASS" start="2024-07-12T08:19:44.414081" elapsed="0.000167"/>
</kw>
<kw name="Create List" owner="BuiltIn">
<msg time="2024-07-12T08:19:44.414837" level="INFO">${expected_keys} = ['gender', 'name', 'location', 'email', 'login']</msg>
<var>${expected_keys}</var>
<arg>gender</arg>
<arg>name</arg>
<arg>location</arg>
<arg>email</arg>
<arg>login</arg>
<doc>Returns a list containing given items.</doc>
<status status="PASS" start="2024-07-12T08:19:44.414531" elapsed="0.000330"/>
</kw>
<for flavor="IN">
<iter>
<kw name="Dictionary Should Contain Key" owner="Collections">
<arg>${json_data['results'][0]}</arg>
<arg>${key}</arg>
<doc>Fails if ``key`` is not found from ``dictionary``.</doc>
<status status="PASS" start="2024-07-12T08:19:44.415442" elapsed="0.000402"/>
</kw>
<kw name="Log" owner="BuiltIn">
<msg time="2024-07-12T08:19:44.416430" level="INFO">{'gender': 'male', 'name': {'title': 'Mr', 'first': 'Richard', 'last': 'Rise'}, 'location': {'street': {'number': 5364, 'name': 'Ravnåsveien'}, 'city': 'Vikersund', 'state': 'Bergen', 'country': 'Norway', 'postcode': '2653', 'coordinates': {'latitude': '42.5266', 'longitude': '-34.5729'}, 'timezone': {'offset': '+9:00', 'description': 'Tokyo, Seoul, Osaka, Sapporo, Yakutsk'}}, 'email': 'richard.rise@example.com', 'login': {'uuid': 'cad8be1a-c660-4f82-8e7c-8288e3381f64', 'username': 'heavypeacock595', 'password': 'tammy', 'salt': 'WABc9GlW', 'md5': '1e817af39de995d9ffd66b30c51113f5', 'sha1': '8e20a6d5b2cc22ef3e05c6cec1b47486cc2f8121', 'sha256': '9a9b8c4415f8dfdb4991248c8efdaabb44e24acbf7e6cd3530c97e0ab2750cfc'}, 'dob': {'date': '1955-01-18T13:23:19.391Z', 'age': 69}, 'registered': {'date': '2013-07-02T14:00:42.912Z', 'age': 11}, 'phone': '82151943', 'cell': '99189152', 'id': {'name': 'FN', 'value': '18015527931'}, 'picture': {'large': 'https://randomuser.me/api/portraits/men/53.jpg', 'medium': 'https://randomuser.me/api/portraits/med/men/53.jpg', 'thumbnail': 'https://randomuser.me/api/portraits/thumb/men/53.jpg'}, 'nat': 'NO'}</msg>
<arg>${json_data['results'][0]}</arg>
<doc>Logs the given message with the given level.</doc>
<status status="PASS" start="2024-07-12T08:19:44.416030" elapsed="0.000450"/>
</kw>
<kw name="Log" owner="BuiltIn">
<msg time="2024-07-12T08:19:44.416910" level="INFO">gender</msg>
<arg>${key}</arg>
<doc>Logs the given message with the given level.</doc>
<status status="PASS" start="2024-07-12T08:19:44.416784" elapsed="0.000164"/>
</kw>
<var name="${key}">gender</var>
<status status="PASS" start="2024-07-12T08:19:44.415318" elapsed="0.001845"/>
</iter>
<iter>
<kw name="Dictionary Should Contain Key" owner="Collections">
<arg>${json_data['results'][0]}</arg>
<arg>${key}</arg>
<doc>Fails if ``key`` is not found from ``dictionary``.</doc>
<status status="PASS" start="2024-07-12T08:19:44.417458" elapsed="0.000385"/>
</kw>
<kw name="Log" owner="BuiltIn">
<msg time="2024-07-12T08:19:44.418381" level="INFO">{'gender': 'male', 'name': {'title': 'Mr', 'first': 'Richard', 'last': 'Rise'}, 'location': {'street': {'number': 5364, 'name': 'Ravnåsveien'}, 'city': 'Vikersund', 'state': 'Bergen', 'country': 'Norway', 'postcode': '2653', 'coordinates': {'latitude': '42.5266', 'longitude': '-34.5729'}, 'timezone': {'offset': '+9:00', 'description': 'Tokyo, Seoul, Osaka, Sapporo, Yakutsk'}}, 'email': 'richard.rise@example.com', 'login': {'uuid': 'cad8be1a-c660-4f82-8e7c-8288e3381f64', 'username': 'heavypeacock595', 'password': 'tammy', 'salt': 'WABc9GlW', 'md5': '1e817af39de995d9ffd66b30c51113f5', 'sha1': '8e20a6d5b2cc22ef3e05c6cec1b47486cc2f8121', 'sha256': '9a9b8c4415f8dfdb4991248c8efdaabb44e24acbf7e6cd3530c97e0ab2750cfc'}, 'dob': {'date': '1955-01-18T13:23:19.391Z', 'age': 69}, 'registered': {'date': '2013-07-02T14:00:42.912Z', 'age': 11}, 'phone': '82151943', 'cell': '99189152', 'id': {'name': 'FN', 'value': '18015527931'}, 'picture': {'large': 'https://randomuser.me/api/portraits/men/53.jpg', 'medium': 'https://randomuser.me/api/portraits/med/men/53.jpg', 'thumbnail': 'https://randomuser.me/api/portraits/thumb/men/53.jpg'}, 'nat': 'NO'}</msg>
<arg>${json_data['results'][0]}</arg>
<doc>Logs the given message with the given level.</doc>
<status status="PASS" start="2024-07-12T08:19:44.418026" elapsed="0.000439"/>
</kw>
<kw name="Log" owner="BuiltIn">
<msg time="2024-07-12T08:19:44.418887" level="INFO">name</msg>
<arg>${key}</arg>
<doc>Logs the given message with the given level.</doc>
<status status="PASS" start="2024-07-12T08:19:44.418762" elapsed="0.000161"/>
</kw>
<var name="${key}">name</var>
<status status="PASS" start="2024-07-12T08:19:44.417347" elapsed="0.001787"/>
</iter>
<iter>
<kw name="Dictionary Should Contain Key" owner="Collections">
<arg>${json_data['results'][0]}</arg>
<arg>${key}</arg>
<doc>Fails if ``key`` is not found from ``dictionary``.</doc>
<status status="PASS" start="2024-07-12T08:19:44.419414" elapsed="0.000378"/>
</kw>
<kw name="Log" owner="BuiltIn">
<msg time="2024-07-12T08:19:44.420371" level="INFO">{'gender': 'male', 'name': {'title': 'Mr', 'first': 'Richard', 'last': 'Rise'}, 'location': {'street': {'number': 5364, 'name': 'Ravnåsveien'}, 'city': 'Vikersund', 'state': 'Bergen', 'country': 'Norway', 'postcode': '2653', 'coordinates': {'latitude': '42.5266', 'longitude': '-34.5729'}, 'timezone': {'offset': '+9:00', 'description': 'Tokyo, Seoul, Osaka, Sapporo, Yakutsk'}}, 'email': 'richard.rise@example.com', 'login': {'uuid': 'cad8be1a-c660-4f82-8e7c-8288e3381f64', 'username': 'heavypeacock595', 'password': 'tammy', 'salt': 'WABc9GlW', 'md5': '1e817af39de995d9ffd66b30c51113f5', 'sha1': '8e20a6d5b2cc22ef3e05c6cec1b47486cc2f8121', 'sha256': '9a9b8c4415f8dfdb4991248c8efdaabb44e24acbf7e6cd3530c97e0ab2750cfc'}, 'dob': {'date': '1955-01-18T13:23:19.391Z', 'age': 69}, 'registered': {'date': '2013-07-02T14:00:42.912Z', 'age': 11}, 'phone': '82151943', 'cell': '99189152', 'id': {'name': 'FN', 'value': '18015527931'}, 'picture': {'large': 'https://randomuser.me/api/portraits/men/53.jpg', 'medium': 'https://randomuser.me/api/portraits/med/men/53.jpg', 'thumbnail': 'https://randomuser.me/api/portraits/thumb/men/53.jpg'}, 'nat': 'NO'}</msg>
<arg>${json_data['results'][0]}</arg>
<doc>Logs the given message with the given level.</doc>
<status status="PASS" start="2024-07-12T08:19:44.419982" elapsed="0.000439"/>
</kw>
<kw name="Log" owner="BuiltIn">
<msg time="2024-07-12T08:19:44.420843" level="INFO">location</msg>
<arg>${key}</arg>
<doc>Logs the given message with the given level.</doc>
<status status="PASS" start="2024-07-12T08:19:44.420716" elapsed="0.000164"/>
</kw>
<var name="${key}">location</var>
<status status="PASS" start="2024-07-12T08:19:44.419307" elapsed="0.001789"/>
</iter>
<iter>
<kw name="Dictionary Should Contain Key" owner="Collections">
<arg>${json_data['results'][0]}</arg>
<arg>${key}</arg>
<doc>Fails if ``key`` is not found from ``dictionary``.</doc>
<status status="PASS" start="2024-07-12T08:19:44.421376" elapsed="0.000378"/>
</kw>
<kw name="Log" owner="BuiltIn">
<msg time="2024-07-12T08:19:44.422297" level="INFO">{'gender': 'male', 'name': {'title': 'Mr', 'first': 'Richard', 'last': 'Rise'}, 'location': {'street': {'number': 5364, 'name': 'Ravnåsveien'}, 'city': 'Vikersund', 'state': 'Bergen', 'country': 'Norway', 'postcode': '2653', 'coordinates': {'latitude': '42.5266', 'longitude': '-34.5729'}, 'timezone': {'offset': '+9:00', 'description': 'Tokyo, Seoul, Osaka, Sapporo, Yakutsk'}}, 'email': 'richard.rise@example.com', 'login': {'uuid': 'cad8be1a-c660-4f82-8e7c-8288e3381f64', 'username': 'heavypeacock595', 'password': 'tammy', 'salt': 'WABc9GlW', 'md5': '1e817af39de995d9ffd66b30c51113f5', 'sha1': '8e20a6d5b2cc22ef3e05c6cec1b47486cc2f8121', 'sha256': '9a9b8c4415f8dfdb4991248c8efdaabb44e24acbf7e6cd3530c97e0ab2750cfc'}, 'dob': {'date': '1955-01-18T13:23:19.391Z', 'age': 69}, 'registered': {'date': '2013-07-02T14:00:42.912Z', 'age': 11}, 'phone': '82151943', 'cell': '99189152', 'id': {'name': 'FN', 'value': '18015527931'}, 'picture': {'large': 'https://randomuser.me/api/portraits/men/53.jpg', 'medium': 'https://randomuser.me/api/portraits/med/men/53.jpg', 'thumbnail': 'https://randomuser.me/api/portraits/thumb/men/53.jpg'}, 'nat': 'NO'}</msg>
<arg>${json_data['results'][0]}</arg>
<doc>Logs the given message with the given level.</doc>
<status status="PASS" start="2024-07-12T08:19:44.421938" elapsed="0.000409"/>
</kw>
<kw name="Log" owner="BuiltIn">
<msg time="2024-07-12T08:19:44.422773" level="INFO">email</msg>
<arg>${key}</arg>
<doc>Logs the given message with the given level.</doc>
<status status="PASS" start="2024-07-12T08:19:44.422642" elapsed="0.000169"/>
</kw>
<var name="${key}">email</var>
<status status="PASS" start="2024-07-12T08:19:44.421264" elapsed="0.001757"/>
</iter>
<iter>
<kw name="Dictionary Should Contain Key" owner="Collections">
<arg>${json_data['results'][0]}</arg>
<arg>${key}</arg>
<doc>Fails if ``key`` is not found from ``dictionary``.</doc>
<status status="PASS" start="2024-07-12T08:19:44.423309" elapsed="0.000389"/>
</kw>
<kw name="Log" owner="BuiltIn">
<msg time="2024-07-12T08:19:44.424270" level="INFO">{'gender': 'male', 'name': {'title': 'Mr', 'first': 'Richard', 'last': 'Rise'}, 'location': {'street': {'number': 5364, 'name': 'Ravnåsveien'}, 'city': 'Vikersund', 'state': 'Bergen', 'country': 'Norway', 'postcode': '2653', 'coordinates': {'latitude': '42.5266', 'longitude': '-34.5729'}, 'timezone': {'offset': '+9:00', 'description': 'Tokyo, Seoul, Osaka, Sapporo, Yakutsk'}}, 'email': 'richard.rise@example.com', 'login': {'uuid': 'cad8be1a-c660-4f82-8e7c-8288e3381f64', 'username': 'heavypeacock595', 'password': 'tammy', 'salt': 'WABc9GlW', 'md5': '1e817af39de995d9ffd66b30c51113f5', 'sha1': '8e20a6d5b2cc22ef3e05c6cec1b47486cc2f8121', 'sha256': '9a9b8c4415f8dfdb4991248c8efdaabb44e24acbf7e6cd3530c97e0ab2750cfc'}, 'dob': {'date': '1955-01-18T13:23:19.391Z', 'age': 69}, 'registered': {'date': '2013-07-02T14:00:42.912Z', 'age': 11}, 'phone': '82151943', 'cell': '99189152', 'id': {'name': 'FN', 'value': '18015527931'}, 'picture': {'large': 'https://randomuser.me/api/portraits/men/53.jpg', 'medium': 'https://randomuser.me/api/portraits/med/men/53.jpg', 'thumbnail': 'https://randomuser.me/api/portraits/thumb/men/53.jpg'}, 'nat': 'NO'}</msg>
<arg>${json_data['results'][0]}</arg>
<doc>Logs the given message with the given level.</doc>
<status status="PASS" start="2024-07-12T08:19:44.423879" elapsed="0.000440"/>
</kw>
<kw name="Log" owner="BuiltIn">
<msg time="2024-07-12T08:19:44.424750" level="INFO">login</msg>
<arg>${key}</arg>
<doc>Logs the given message with the given level.</doc>
<status status="PASS" start="2024-07-12T08:19:44.424613" elapsed="0.000205"/>
</kw>
<var name="${key}">login</var>
<status status="PASS" start="2024-07-12T08:19:44.423190" elapsed="0.001889"/>
</iter>
<var>${key}</var>
<value>@{expected_keys}</value>
<status status="PASS" start="2024-07-12T08:19:44.415125" elapsed="0.010075"/>
</for>
<kw name="Create List" owner="BuiltIn">
<msg time="2024-07-12T08:19:44.425527" level="INFO">${expected_keysTwo} = ['username', 'password']</msg>
<var>${expected_keysTwo}</var>
<arg>username</arg>
<arg>password</arg>
<doc>Returns a list containing given items.</doc>
<status status="PASS" start="2024-07-12T08:19:44.425388" elapsed="0.000163"/>
</kw>
<for flavor="IN">
<iter>
<kw name="Dictionary Should Contain Key" owner="Collections">
<arg>${json_data['results'][0]['login']}</arg>
<arg>${keyTwo}</arg>
<doc>Fails if ``key`` is not found from ``dictionary``.</doc>
<status status="PASS" start="2024-07-12T08:19:44.426065" elapsed="0.000387"/>
</kw>
<kw name="Dictionary Should Contain Key" owner="Collections">
<arg>${json_data['results'][0]['login']}</arg>
<arg>${keyTwo}</arg>
<doc>Fails if ``key`` is not found from ``dictionary``.</doc>
<status status="PASS" start="2024-07-12T08:19:44.426634" elapsed="0.000365"/>
</kw>
<kw name="Log" owner="BuiltIn">
<msg time="2024-07-12T08:19:44.427300" level="INFO">username</msg>
<arg>${keyTwo}</arg>
<doc>Logs the given message with the given level.</doc>
<status status="PASS" start="2024-07-12T08:19:44.427180" elapsed="0.000157"/>
</kw>
<var name="${keyTwo}">username</var>
<status status="PASS" start="2024-07-12T08:19:44.425958" elapsed="0.001596"/>
</iter>
<iter>
<kw name="Dictionary Should Contain Key" owner="Collections">
<arg>${json_data['results'][0]['login']}</arg>
<arg>${keyTwo}</arg>
<doc>Fails if ``key`` is not found from ``dictionary``.</doc>
<status status="PASS" start="2024-07-12T08:19:44.427832" elapsed="0.000406"/>
</kw>
<kw name="Dictionary Should Contain Key" owner="Collections">
<arg>${json_data['results'][0]['login']}</arg>
<arg>${keyTwo}</arg>
<doc>Fails if ``key`` is not found from ``dictionary``.</doc>
<status status="PASS" start="2024-07-12T08:19:44.428418" elapsed="0.000367"/>
</kw>
<kw name="Log" owner="BuiltIn">
<msg time="2024-07-12T08:19:44.429076" level="INFO">password</msg>
<arg>${keyTwo}</arg>
<doc>Logs the given message with the given level.</doc>
<status status="PASS" start="2024-07-12T08:19:44.428959" elapsed="0.000160"/>
</kw>
<var name="${keyTwo}">password</var>
<status status="PASS" start="2024-07-12T08:19:44.427725" elapsed="0.001705"/>
</iter>
<var>${keyTwo}</var>
<value>@{expected_keysTwo}</value>
<status status="PASS" start="2024-07-12T08:19:44.425807" elapsed="0.003746"/>
</for>
<status status="PASS" start="2024-07-12T08:19:44.316370" elapsed="0.113324"/>
</kw>
<doc>Testa a estrutura da resposta da API.</doc>
<tag>testeEstruturaResposta</tag>
<status status="PASS" start="2024-07-12T08:19:44.315549" elapsed="0.114299"/>
</test>
<test id="s1-s1-t4" name="Validar tipos de dados" line="28">
<kw name="Teste de Tipos de Dados" owner="random-user-service">
<kw name="GET On Session" owner="RequestsLibrary">
<msg time="2024-07-12T08:19:44.537757" level="INFO">GET Request : url=https://randomuser.me/api 
 path_url=/api 
 headers={'User-Agent': 'python-requests/2.32.3', 'Accept-Encoding': 'gzip, deflate', 'Accept': '*/*', 'Connection': 'keep-alive'} 
 body=None 
 </msg>
<msg time="2024-07-12T08:19:44.537857" level="INFO">GET Response : url=https://randomuser.me/api 
 status=200, reason=OK 
 headers={'Date': 'Fri, 12 Jul 2024 08:19:44 GMT', 'Content-Type': 'application/json; charset=utf-8', 'Transfer-Encoding': 'chunked', 'Connection': 'keep-alive', 'X-Powered-By': 'Express', 'Access-Control-Allow-Origin': '*', 'Cache-Control': 'no-cache', 'ETag': 'W/"486-kKzgaTIR5Dv3Ex5spp7DX7Q+dYk"', 'Vary': 'Accept-Encoding', 'Content-Encoding': 'gzip', 'CF-Cache-Status': 'DYNAMIC', 'Report-To': '{"endpoints":[{"url":"https:\\/\\/a.nel.cloudflare.com\\/report\\/v4?s=C%2B6bbdeepUSrdns3X7nDaU%2BzhCSIi44SdvS0P1uJaIiSeaBbSRXofSGGz18jG5mZ78aRDcbb0DGNsMb0qjP6FXoCbxGqip7TxYbn7PvDph3%2F9RPQhjOxl3eeRYNQG3n9"}],"group":"cf-nel","max_age":604800}', 'NEL': '{"success_fraction":0,"report_to":"cf-nel","max_age":604800}', 'Server': 'cloudflare', 'CF-RAY': '8a1f9c2abd5be124-ORD', 'alt-svc': 'h3=":443"; ma=86400'} 
 body={"results":[{"gender":"male","name":{"title":"Mr","first":"Tom","last":"Daniels"},"location":{"street":{"number":1326,"name":"New Road"},"city":"Wakefield","state":"Cumbria","country":"United Kingdom","postcode":"ZY79 6FG","coordinates":{"latitude":"-12.2933","longitude":"-177.7615"},"timezone":{"offset":"-8:00","description":"Pacific Time (US &amp; Canada)"}},"email":"tom.daniels@example.com","login":{"uuid":"e3227e37-01e7-412f-ba70-f9e178d0a141","username":"heavybear960","password":"mylove","salt":"be3Dhi0R","md5":"1504d80783cf87fc97af4754a7cfcfd5","sha1":"fb89a293cd6f038a2a72b85b41cb835c740306cc","sha256":"61eedbd9893d04b4174e4e072fb51f6bbc246eed523be28fe947ac93db1ba766"},"dob":{"date":"1979-03-02T03:13:42.228Z","age":45},"registered":{"date":"2020-08-21T16:05:14.604Z","age":3},"phone":"017683 59354","cell":"07683 151509","id":{"name":"NINO","value":"SN 34 76 27 T"},"picture":{"large":"https://randomuser.me/api/portraits/men/9.jpg","medium":"https://randomuser.me/api/portraits/med/men/9.jpg","thumbnail":"https://randomuser.me/api/portraits/thumb/men/9.jpg"},"nat":"GB"}],"info":{"seed":"b34633590a16ea9d","results":1,"page":1,"version":"1.4"}} 
 </msg>
<msg time="2024-07-12T08:19:44.537931" level="INFO">/opt/hostedtoolcache/Python/3.12.4/x64/lib/python3.12/site-packages/urllib3/connectionpool.py:1099: InsecureRequestWarning: Unverified HTTPS request is being made to host 'randomuser.me'. Adding certificate verification is strongly advised. See: https://urllib3.readthedocs.io/en/latest/advanced-usage.html#tls-warnings
  warnings.warn(</msg>
<msg time="2024-07-12T08:19:44.538060" level="INFO">${response} = &lt;Response [200]&gt;</msg>
<var>${response}</var>
<arg>consultarAPI</arg>
<arg>/api</arg>
<doc>Sends a GET request on a previously created HTTP Session.</doc>
<status status="PASS" start="2024-07-12T08:19:44.432888" elapsed="0.105215"/>
</kw>
<kw name="Set Variable" owner="BuiltIn">
<msg time="2024-07-12T08:19:44.539376" level="INFO">${json_data} = {'results': [{'gender': 'male', 'name': {'title': 'Mr', 'first': 'Tom', 'last': 'Daniels'}, 'location': {'street': {'number': 1326, 'name': 'New Road'}, 'city': 'Wakefield', 'state': 'Cumbria', 'count...</msg>
<var>${json_data}</var>
<arg>${response.json()}</arg>
<doc>Returns the given values which can then be assigned to a variables.</doc>
<status status="PASS" start="2024-07-12T08:19:44.538755" elapsed="0.000651"/>
</kw>
<kw name="Log" owner="BuiltIn">
<msg time="2024-07-12T08:19:44.539886" level="INFO">{'results': [{'gender': 'male', 'name': {'title': 'Mr', 'first': 'Tom', 'last': 'Daniels'}, 'location': {'street': {'number': 1326, 'name': 'New Road'}, 'city': 'Wakefield', 'state': 'Cumbria', 'country': 'United Kingdom', 'postcode': 'ZY79 6FG', 'coordinates': {'latitude': '-12.2933', 'longitude': '-177.7615'}, 'timezone': {'offset': '-8:00', 'description': 'Pacific Time (US &amp; Canada)'}}, 'email': 'tom.daniels@example.com', 'login': {'uuid': 'e3227e37-01e7-412f-ba70-f9e178d0a141', 'username': 'heavybear960', 'password': 'mylove', 'salt': 'be3Dhi0R', 'md5': '1504d80783cf87fc97af4754a7cfcfd5', 'sha1': 'fb89a293cd6f038a2a72b85b41cb835c740306cc', 'sha256': '61eedbd9893d04b4174e4e072fb51f6bbc246eed523be28fe947ac93db1ba766'}, 'dob': {'date': '1979-03-02T03:13:42.228Z', 'age': 45}, 'registered': {'date': '2020-08-21T16:05:14.604Z', 'age': 3}, 'phone': '017683 59354', 'cell': '07683 151509', 'id': {'name': 'NINO', 'value': 'SN 34 76 27 T'}, 'picture': {'large': 'https://randomuser.me/api/portraits/men/9.jpg', 'medium': 'https://randomuser.me/api/portraits/med/men/9.jpg', 'thumbnail': 'https://randomuser.me/api/portraits/thumb/men/9.jpg'}, 'nat': 'GB'}], 'info': {'seed': 'b34633590a16ea9d', 'results': 1, 'page': 1, 'version': '1.4'}}</msg>
<arg>${json_data}</arg>
<doc>Logs the given message with the given level.</doc>
<status status="PASS" start="2024-07-12T08:19:44.539725" elapsed="0.000211"/>
</kw>
<kw name="Should Be String" owner="String">
<arg>${json_data['results'][0]['gender']}</arg>
<doc>Fails if the given ``item`` is not a string.</doc>
<status status="PASS" start="2024-07-12T08:19:44.540275" elapsed="0.000372"/>
</kw>
<kw name="Should Match Regexp" owner="BuiltIn">
<arg>${json_data['results'][0]['email']}</arg>
<arg>^[a-zA-Z0-9._%+-]+@[a-zA-Z0-9.-]+\.[a-zA-Z]{2,}$</arg>
<doc>Fails if ``string`` does not match ``pattern`` as a regular expression.</doc>
<status status="PASS" start="2024-07-12T08:19:44.540838" elapsed="0.000511"/>
</kw>
<kw name="Should Match Regexp" owner="BuiltIn">
<arg>${json_data['results'][0]['dob']['date']}</arg>
<arg>\\d{4}-\\d{2}-\\d{2}T\\d{2}:\\d{2}:\\d{2}\\.\\d{3}Z</arg>
<doc>Fails if ``string`` does not match ``pattern`` as a regular expression.</doc>
<status status="PASS" start="2024-07-12T08:19:44.541579" elapsed="0.000484"/>
</kw>
<kw name="Should Match Regexp" owner="BuiltIn">
<arg>${json_data['results'][0]['registered']['date']}</arg>
<arg>\\d{4}-\\d{2}-\\d{2}T\\d{2}:\\d{2}:\\d{2}\\.\\d{3}Z</arg>
<doc>Fails if ``string`` does not match ``pattern`` as a regular expression.</doc>
<status status="PASS" start="2024-07-12T08:19:44.542252" elapsed="0.000371"/>
</kw>
<kw name="Should Match Regexp" owner="BuiltIn">
<arg>${json_data['results'][0]['picture']['large']}</arg>
<arg>^https?://.*\.(?:png|jpe?g|gif|bmp)$</arg>
<doc>Fails if ``string`` does not match ``pattern`` as a regular expression.</doc>
<status status="PASS" start="2024-07-12T08:19:44.542806" elapsed="0.000461"/>
</kw>
<kw name="Should Match Regexp" owner="BuiltIn">
<arg>${json_data['results'][0]['picture']['medium']}</arg>
<arg>^https?://.*\.(?:png|jpe?g|gif|bmp)$</arg>
<doc>Fails if ``string`` does not match ``pattern`` as a regular expression.</doc>
<status status="PASS" start="2024-07-12T08:19:44.543459" elapsed="0.000357"/>
</kw>
<kw name="Should Match Regexp" owner="BuiltIn">
<arg>${json_data['results'][0]['picture']['thumbnail']}</arg>
<arg>^https?://.*\.(?:png|jpe?g|gif|bmp)$</arg>
<doc>Fails if ``string`` does not match ``pattern`` as a regular expression.</doc>
<status status="PASS" start="2024-07-12T08:19:44.543996" elapsed="0.000385"/>
</kw>
<kw name="Log" owner="BuiltIn">
<msg time="2024-07-12T08:19:44.544890" level="INFO">{'large': 'https://randomuser.me/api/portraits/men/9.jpg', 'medium': 'https://randomuser.me/api/portraits/med/men/9.jpg', 'thumbnail': 'https://randomuser.me/api/portraits/thumb/men/9.jpg'}</msg>
<arg>${json_data['results'][0]['picture']}</arg>
<doc>Logs the given message with the given level.</doc>
<status status="PASS" start="2024-07-12T08:19:44.544565" elapsed="0.000367"/>
</kw>
<status status="PASS" start="2024-07-12T08:19:44.432654" elapsed="0.112537"/>
</kw>
<kw name="Teste de Tipos de Dados - Postcode" owner="random-user-service">
<kw name="GET On Session" owner="RequestsLibrary">
<msg time="2024-07-12T08:19:44.615075" level="INFO">GET Request : url=https://randomuser.me/api 
 path_url=/api 
 headers={'User-Agent': 'python-requests/2.32.3', 'Accept-Encoding': 'gzip, deflate', 'Accept': '*/*', 'Connection': 'keep-alive'} 
 body=None 
 </msg>
<msg time="2024-07-12T08:19:44.615160" level="INFO">GET Response : url=https://randomuser.me/api 
 status=200, reason=OK 
 headers={'Date': 'Fri, 12 Jul 2024 08:19:44 GMT', 'Content-Type': 'application/json; charset=utf-8', 'Transfer-Encoding': 'chunked', 'Connection': 'keep-alive', 'X-Powered-By': 'Express', 'Access-Control-Allow-Origin': '*', 'Cache-Control': 'no-cache', 'ETag': 'W/"4b3-EnqPVskkF44LA75+K87X4d8CloI"', 'Vary': 'Accept-Encoding', 'Content-Encoding': 'gzip', 'CF-Cache-Status': 'DYNAMIC', 'Report-To': '{"endpoints":[{"url":"https:\\/\\/a.nel.cloudflare.com\\/report\\/v4?s=5i6PQ66LvqzzZj3VUln1EF52coO47D%2B91QNIRyaX4sQbsBFhFwrISAcy%2B71mD7PEbkIkWjZyQ7KNzYpPIqM6BYr5bD04Og9J%2BgEUKpwdoIwT318m24d05bfLI90wWeMh"}],"group":"cf-nel","max_age":604800}', 'NEL': '{"success_fraction":0,"report_to":"cf-nel","max_age":604800}', 'Server': 'cloudflare', 'CF-RAY': '8a1f9c2b6dcfe124-ORD', 'alt-svc': 'h3=":443"; ma=86400'} 
 body={"results":[{"gender":"female","name":{"title":"Mrs","first":"Josélia","last":"Costa"},"location":{"street":{"number":9006,"name":"Rua Duque de Caxias "},"city":"Teixeira de Freitas","state":"Amazonas","country":"Brazil","postcode":29745,"coordinates":{"latitude":"-76.9257","longitude":"63.1342"},"timezone":{"offset":"+5:00","description":"Ekaterinburg, Islamabad, Karachi, Tashkent"}},"email":"joselia.costa@example.com","login":{"uuid":"737ae5e2-3560-4587-ae6b-54a2fceea916","username":"sadfrog354","password":"guitar1","salt":"wybwIB44","md5":"698dfda729ca0ef7fb376b79282b164a","sha1":"bb58f51bbba449b526baa0afc8cde84d5c32887e","sha256":"c538a522a3fbfcbf131c735831663adfb105f31d3db68abc3b1186e1ceb48521"},"dob":{"date":"1982-11-23T18:51:12.828Z","age":41},"registered":{"date":"2005-08-07T05:20:44.199Z","age":18},"phone":"(78) 9660-4628","cell":"(60) 7825-7639","id":{"name":"CPF","value":"222.481.283-94"},"picture":{"large":"https://randomuser.me/api/portraits/women/93.jpg","medium":"https://randomuser.me/api/portraits/med/women/93.jpg","thumbnail":"https://randomuser.me/api/portraits/thumb/women/93.jpg"},"nat":"BR"}],"info":{"seed":"525180b5581dc6f6","results":1,"page":1,"version":"1.4"}} 
 </msg>
<msg time="2024-07-12T08:19:44.615225" level="INFO">/opt/hostedtoolcache/Python/3.12.4/x64/lib/python3.12/site-packages/urllib3/connectionpool.py:1099: InsecureRequestWarning: Unverified HTTPS request is being made to host 'randomuser.me'. Adding certificate verification is strongly advised. See: https://urllib3.readthedocs.io/en/latest/advanced-usage.html#tls-warnings
  warnings.warn(</msg>
<msg time="2024-07-12T08:19:44.615339" level="INFO">${response} = &lt;Response [200]&gt;</msg>
<var>${response}</var>
<arg>consultarAPI</arg>
<arg>/api</arg>
<doc>Sends a GET request on a previously created HTTP Session.</doc>
<status status="PASS" start="2024-07-12T08:19:44.545648" elapsed="0.069731"/>
</kw>
<kw name="Set Variable" owner="BuiltIn">
<msg time="2024-07-12T08:19:44.616565" level="INFO">${json_data} = {'results': [{'gender': 'female', 'name': {'title': 'Mrs', 'first': 'Josélia', 'last': 'Costa'}, 'location': {'street': {'number': 9006, 'name': 'Rua Duque de Caxias '}, 'city': 'Teixeira de Freitas',...</msg>
<var>${json_data}</var>
<arg>${response.json()}</arg>
<doc>Returns the given values which can then be assigned to a variables.</doc>
<status status="PASS" start="2024-07-12T08:19:44.615907" elapsed="0.000688"/>
</kw>
<kw name="Log" owner="BuiltIn">
<msg time="2024-07-12T08:19:44.617062" level="INFO">{'results': [{'gender': 'female', 'name': {'title': 'Mrs', 'first': 'Josélia', 'last': 'Costa'}, 'location': {'street': {'number': 9006, 'name': 'Rua Duque de Caxias '}, 'city': 'Teixeira de Freitas', 'state': 'Amazonas', 'country': 'Brazil', 'postcode': 29745, 'coordinates': {'latitude': '-76.9257', 'longitude': '63.1342'}, 'timezone': {'offset': '+5:00', 'description': 'Ekaterinburg, Islamabad, Karachi, Tashkent'}}, 'email': 'joselia.costa@example.com', 'login': {'uuid': '737ae5e2-3560-4587-ae6b-54a2fceea916', 'username': 'sadfrog354', 'password': 'guitar1', 'salt': 'wybwIB44', 'md5': '698dfda729ca0ef7fb376b79282b164a', 'sha1': 'bb58f51bbba449b526baa0afc8cde84d5c32887e', 'sha256': 'c538a522a3fbfcbf131c735831663adfb105f31d3db68abc3b1186e1ceb48521'}, 'dob': {'date': '1982-11-23T18:51:12.828Z', 'age': 41}, 'registered': {'date': '2005-08-07T05:20:44.199Z', 'age': 18}, 'phone': '(78) 9660-4628', 'cell': '(60) 7825-7639', 'id': {'name': 'CPF', 'value': '222.481.283-94'}, 'picture': {'large': 'https://randomuser.me/api/portraits/women/93.jpg', 'medium': 'https://randomuser.me/api/portraits/med/women/93.jpg', 'thumbnail': 'https://randomuser.me/api/portraits/thumb/women/93.jpg'}, 'nat': 'BR'}], 'info': {'seed': '525180b5581dc6f6', 'results': 1, 'page': 1, 'version': '1.4'}}</msg>
<arg>${json_data}</arg>
<doc>Logs the given message with the given level.</doc>
<status status="PASS" start="2024-07-12T08:19:44.616904" elapsed="0.000209"/>
</kw>
<kw name="Should Be Equal As Numbers" owner="BuiltIn">
<arg>${json_data['results'][0]['location']['postcode']}</arg>
<arg>${json_data['results'][0]['location']['postcode']}</arg>
<doc>Fails if objects are unequal after converting them to real numbers.</doc>
<status status="PASS" start="2024-07-12T08:19:44.617415" elapsed="0.000624"/>
</kw>
<kw name="Log" owner="BuiltIn">
<msg time="2024-07-12T08:19:44.618709" level="INFO">29745</msg>
<arg>${json_data['results'][0]['location']['postcode']}</arg>
<doc>Logs the given message with the given level.</doc>
<status status="PASS" start="2024-07-12T08:19:44.618227" elapsed="0.000523"/>
</kw>
<status status="PASS" start="2024-07-12T08:19:44.545422" elapsed="0.073608"/>
</kw>
<doc>Testa se os tipos de dados na resposta da API estão corretos.</doc>
<tag>testeTiposDados</tag>
<status status="PASS" start="2024-07-12T08:19:44.432118" elapsed="0.187081"/>
</test>
<test id="s1-s1-t5" name="Validar conteudo" line="35">
<kw name="Teste de Tipos de Conteudo" owner="random-user-service">
<kw name="GET On Session" owner="RequestsLibrary">
<msg time="2024-07-12T08:19:44.708377" level="INFO">GET Request : url=https://randomuser.me/api 
 path_url=/api 
 headers={'User-Agent': 'python-requests/2.32.3', 'Accept-Encoding': 'gzip, deflate', 'Accept': '*/*', 'Connection': 'keep-alive'} 
 body=None 
 </msg>
<msg time="2024-07-12T08:19:44.708469" level="INFO">GET Response : url=https://randomuser.me/api 
 status=200, reason=OK 
 headers={'Date': 'Fri, 12 Jul 2024 08:19:44 GMT', 'Content-Type': 'application/json; charset=utf-8', 'Transfer-Encoding': 'chunked', 'Connection': 'keep-alive', 'X-Powered-By': 'Express', 'Access-Control-Allow-Origin': '*', 'Cache-Control': 'no-cache', 'ETag': 'W/"49c-OjlbamtTfYCnZC0M0nK6+6WhcbY"', 'Vary': 'Accept-Encoding', 'Content-Encoding': 'gzip', 'CF-Cache-Status': 'DYNAMIC', 'Report-To': '{"endpoints":[{"url":"https:\\/\\/a.nel.cloudflare.com\\/report\\/v4?s=X5Bea%2BhIeXBEzTg05mcKVqWarEDeMrThQj%2Bng02yzi834%2BrLb7CasjLAT4X72NgzKTgts7Ag5%2BXy6QmmLusjC%2F4KUN4DOkcP3Eji9i3YASKaimGllEnSSQXWUHHgi9hZ"}],"group":"cf-nel","max_age":604800}', 'NEL': '{"success_fraction":0,"report_to":"cf-nel","max_age":604800}', 'Server': 'cloudflare', 'CF-RAY': '8a1f9c2bee1de124-ORD', 'alt-svc': 'h3=":443"; ma=86400'} 
 body={"results":[{"gender":"female","name":{"title":"Mrs","first":"Irma","last":"Wallace"},"location":{"street":{"number":313,"name":"Cherry St"},"city":"Nowra","state":"South Australia","country":"Australia","postcode":7580,"coordinates":{"latitude":"-89.5964","longitude":"74.0065"},"timezone":{"offset":"+5:00","description":"Ekaterinburg, Islamabad, Karachi, Tashkent"}},"email":"irma.wallace@example.com","login":{"uuid":"6e9b0198-85c3-4d09-975d-8495ee761d9f","username":"ticklishlion366","password":"f00tball","salt":"wXp3dKhD","md5":"40baccd9eb4e07ea815c2fc5edbe3e26","sha1":"5ce458e396d9c48991574c569f9710f1a3c5b744","sha256":"b98d46392946dc1bfea364b1f526d4a7250eae6637287857769e404d01eba406"},"dob":{"date":"1979-05-09T01:23:50.960Z","age":45},"registered":{"date":"2008-09-23T14:29:34.100Z","age":15},"phone":"08-4318-5958","cell":"0423-752-710","id":{"name":"TFN","value":"468816013"},"picture":{"large":"https://randomuser.me/api/portraits/women/88.jpg","medium":"https://randomuser.me/api/portraits/med/women/88.jpg","thumbnail":"https://randomuser.me/api/portraits/thumb/women/88.jpg"},"nat":"AU"}],"info":{"seed":"f8fec4e6d7dca3ad","results":1,"page":1,"version":"1.4"}} 
 </msg>
<msg time="2024-07-12T08:19:44.708537" level="INFO">/opt/hostedtoolcache/Python/3.12.4/x64/lib/python3.12/site-packages/urllib3/connectionpool.py:1099: InsecureRequestWarning: Unverified HTTPS request is being made to host 'randomuser.me'. Adding certificate verification is strongly advised. See: https://urllib3.readthedocs.io/en/latest/advanced-usage.html#tls-warnings
  warnings.warn(</msg>
<msg time="2024-07-12T08:19:44.708653" level="INFO">${response} = &lt;Response [200]&gt;</msg>
<var>${response}</var>
<arg>consultarAPI</arg>
<arg>/api</arg>
<doc>Sends a GET request on a previously created HTTP Session.</doc>
<status status="PASS" start="2024-07-12T08:19:44.621783" elapsed="0.086910"/>
</kw>
<kw name="Set Variable" owner="BuiltIn">
<msg time="2024-07-12T08:19:44.709879" level="INFO">${json_data} = {'results': [{'gender': 'female', 'name': {'title': 'Mrs', 'first': 'Irma', 'last': 'Wallace'}, 'location': {'street': {'number': 313, 'name': 'Cherry St'}, 'city': 'Nowra', 'state': 'South Australia'...</msg>
<var>${json_data}</var>
<arg>${response.json()}</arg>
<doc>Returns the given values which can then be assigned to a variables.</doc>
<status status="PASS" start="2024-07-12T08:19:44.709314" elapsed="0.000594"/>
</kw>
<kw name="Set Variable" owner="BuiltIn">
<msg time="2024-07-12T08:19:44.710593" level="INFO">${name_title} = Mrs</msg>
<var>${name_title}</var>
<arg>${json_data["results"][0]["name"]["title"]}</arg>
<doc>Returns the given values which can then be assigned to a variables.</doc>
<status status="PASS" start="2024-07-12T08:19:44.710210" elapsed="0.000408"/>
</kw>
<kw name="Create List" owner="BuiltIn">
<msg time="2024-07-12T08:19:44.711049" level="INFO">${allowed_titles} = ['Mr', 'Ms', 'Miss', 'Mrs', 'Madame', 'Monsieur']</msg>
<var>${allowed_titles}</var>
<arg>Mr</arg>
<arg>Ms</arg>
<arg>Miss</arg>
<arg>Mrs</arg>
<arg>Madame</arg>
<arg>Monsieur</arg>
<doc>Returns a list containing given items.</doc>
<status status="PASS" start="2024-07-12T08:19:44.710905" elapsed="0.000167"/>
</kw>
<kw name="List Should Contain Value" owner="Collections">
<arg>${allowed_titles}</arg>
<arg>${name_title}</arg>
<doc>Fails if the ``value`` is not found from ``list``.</doc>
<status status="PASS" start="2024-07-12T08:19:44.711369" elapsed="0.000173"/>
</kw>
<kw name="Set Variable" owner="BuiltIn">
<msg time="2024-07-12T08:19:44.712108" level="INFO">${name_country} = AU</msg>
<var>${name_country}</var>
<arg>${json_data["results"][0]["nat"]}</arg>
<doc>Returns the given values which can then be assigned to a variables.</doc>
<status status="PASS" start="2024-07-12T08:19:44.711715" elapsed="0.000423"/>
</kw>
<kw name="Create List" owner="BuiltIn">
<msg time="2024-07-12T08:19:44.713023" level="INFO">${list_country} = ['AD', 'AE', 'AF', 'AG', 'AI', 'AL', 'AM', 'AO', 'AQ', 'AR', 'AS', 'AT', 'AU', 'AW', 'AX', 'AZ', 'BA', 'BB', 'BD', 'BE', 'BF', 'BG', 'BH', 'BI', 'BJ', 'BL', 'BM', 'BN', 'BO', 'BQ', 'BR', 'BS', 'BT', '...</msg>
<var>${list_country}</var>
<arg>AD</arg>
<arg>AE</arg>
<arg>AF</arg>
<arg>AG</arg>
<arg>AI</arg>
<arg>AL</arg>
<arg>AM</arg>
<arg>AO</arg>
<arg>AQ</arg>
<arg>AR</arg>
<arg>AS</arg>
<arg>AT</arg>
<arg>AU</arg>
<arg>AW</arg>
<arg>AX</arg>
<arg>AZ</arg>
<arg>BA</arg>
<arg>BB</arg>
<arg>BD</arg>
<arg>BE</arg>
<arg>BF</arg>
<arg>BG</arg>
<arg>BH</arg>
<arg>BI</arg>
<arg>BJ</arg>
<arg>BL</arg>
<arg>BM</arg>
<arg>BN</arg>
<arg>BO</arg>
<arg>BQ</arg>
<arg>BR</arg>
<arg>BS</arg>
<arg>BT</arg>
<arg>BV</arg>
<arg>BW</arg>
<arg>BY</arg>
<arg>BZ</arg>
<arg>CA</arg>
<arg>CC</arg>
<arg>CD</arg>
<arg>CF</arg>
<arg>CG</arg>
<arg>CH</arg>
<arg>CI</arg>
<arg>CK</arg>
<arg>CL</arg>
<arg>CM</arg>
<arg>CN</arg>
<arg>CO</arg>
<arg>CR</arg>
<arg>CU</arg>
<arg>CV</arg>
<arg>CW</arg>
<arg>CX</arg>
<arg>CY</arg>
<arg>CZ</arg>
<arg>DE</arg>
<arg>DJ</arg>
<arg>DK</arg>
<arg>DM</arg>
<arg>DO</arg>
<arg>DZ</arg>
<arg>EC</arg>
<arg>EE</arg>
<arg>EG</arg>
<arg>EH</arg>
<arg>ER</arg>
<arg>ES</arg>
<arg>ET</arg>
<arg>FI</arg>
<arg>FJ</arg>
<arg>FK</arg>
<arg>FM</arg>
<arg>FO</arg>
<arg>FR</arg>
<arg>GA</arg>
<arg>GB</arg>
<arg>GD</arg>
<arg>GE</arg>
<arg>GF</arg>
<arg>GG</arg>
<arg>GH</arg>
<arg>GI</arg>
<arg>GL</arg>
<arg>GM</arg>
<arg>GN</arg>
<arg>GP</arg>
<arg>GQ</arg>
<arg>GR</arg>
<arg>GS</arg>
<arg>GT</arg>
<arg>GU</arg>
<arg>GW</arg>
<arg>GY</arg>
<arg>HK</arg>
<arg>HM</arg>
<arg>HN</arg>
<arg>HR</arg>
<arg>HT</arg>
<arg>HU</arg>
<arg>ID</arg>
<arg>IE</arg>
<arg>IL</arg>
<arg>IM</arg>
<arg>IN</arg>
<arg>IO</arg>
<arg>IQ</arg>
<arg>IR</arg>
<arg>IS</arg>
<arg>IT</arg>
<arg>JE</arg>
<arg>JM</arg>
<arg>JO</arg>
<arg>JP</arg>
<arg>KE</arg>
<arg>KG</arg>
<arg>KH</arg>
<arg>KI</arg>
<arg>KM</arg>
<arg>KN</arg>
<arg>KP</arg>
<arg>KR</arg>
<arg>KW</arg>
<arg>KY</arg>
<arg>KZ</arg>
<arg>LA</arg>
<arg>LB</arg>
<arg>LC</arg>
<arg>LI</arg>
<arg>LK</arg>
<arg>LR</arg>
<arg>LS</arg>
<arg>LT</arg>
<arg>LU</arg>
<arg>LV</arg>
<arg>LY</arg>
<arg>MA</arg>
<arg>MC</arg>
<arg>MD</arg>
<arg>ME</arg>
<arg>MF</arg>
<arg>MG</arg>
<arg>MH</arg>
<arg>MK</arg>
<arg>ML</arg>
<arg>MM</arg>
<arg>MN</arg>
<arg>MO</arg>
<arg>MP</arg>
<arg>MQ</arg>
<arg>MR</arg>
<arg>MS</arg>
<arg>MT</arg>
<arg>MU</arg>
<arg>MV</arg>
<arg>MW</arg>
<arg>MX</arg>
<arg>MY</arg>
<arg>MZ</arg>
<arg>NA</arg>
<arg>NC</arg>
<arg>NE</arg>
<arg>NF</arg>
<arg>NG</arg>
<arg>NI</arg>
<arg>NL</arg>
<arg>NO</arg>
<arg>NP</arg>
<arg>NR</arg>
<arg>NU</arg>
<arg>NZ</arg>
<arg>OM</arg>
<arg>PA</arg>
<arg>PE</arg>
<arg>PF</arg>
<arg>PG</arg>
<arg>PH</arg>
<arg>PK</arg>
<arg>PL</arg>
<arg>PM</arg>
<arg>PN</arg>
<arg>PR</arg>
<arg>PS</arg>
<arg>PT</arg>
<arg>PW</arg>
<arg>PY</arg>
<arg>QA</arg>
<arg>RE</arg>
<arg>RO</arg>
<arg>RS</arg>
<arg>RU</arg>
<arg>RW</arg>
<arg>SA</arg>
<arg>SB</arg>
<arg>SC</arg>
<arg>SD</arg>
<arg>SE</arg>
<arg>SG</arg>
<arg>SH</arg>
<arg>SI</arg>
<arg>SJ</arg>
<arg>SK</arg>
<arg>SL</arg>
<arg>SM</arg>
<arg>SN</arg>
<arg>SO</arg>
<arg>SR</arg>
<arg>SS</arg>
<arg>ST</arg>
<arg>SV</arg>
<arg>SX</arg>
<arg>SY</arg>
<arg>SZ</arg>
<arg>TC</arg>
<arg>TD</arg>
<arg>TF</arg>
<arg>TG</arg>
<arg>TH</arg>
<arg>TJ</arg>
<arg>TK</arg>
<arg>TL</arg>
<arg>TM</arg>
<arg>TN</arg>
<arg>TO</arg>
<arg>TR</arg>
<arg>TT</arg>
<arg>TV</arg>
<arg>TW</arg>
<arg>TZ</arg>
<arg>UA</arg>
<arg>UG</arg>
<arg>UM</arg>
<arg>US</arg>
<arg>UY</arg>
<arg>UZ</arg>
<arg>VA</arg>
<arg>VC</arg>
<arg>VE</arg>
<arg>VG</arg>
<arg>VI</arg>
<arg>VN</arg>
<arg>VU</arg>
<arg>WF</arg>
<arg>WS</arg>
<arg>XK</arg>
<arg>YE</arg>
<arg>YT</arg>
<arg>ZA</arg>
<arg>ZM</arg>
<arg>ZW</arg>
<doc>Returns a list containing given items.</doc>
<status status="PASS" start="2024-07-12T08:19:44.712437" elapsed="0.000611"/>
</kw>
<kw name="List Should Contain Value" owner="Collections">
<arg>${list_country}</arg>
<arg>${name_country}</arg>
<doc>Fails if the ``value`` is not found from ``list``.</doc>
<status status="PASS" start="2024-07-12T08:19:44.713833" elapsed="0.000199"/>
</kw>
<kw name="Run Keyword If" owner="BuiltIn">
<kw name="Should Be True" owner="BuiltIn">
<arg>${True}</arg>
<doc>Fails if the given condition is not true.</doc>
<status status="PASS" start="2024-07-12T08:19:44.714954" elapsed="0.000139"/>
</kw>
<arg>${json_data["results"][0]["location"]["coordinates"]["latitude"]} &gt;= -90 and ${json_data["results"][0]["location"]["coordinates"]["latitude"]} &lt;= 90</arg>
<arg>Should Be True</arg>
<arg>${True}</arg>
<doc>Runs the given keyword with the given arguments, if ``condition`` is true.</doc>
<status status="PASS" start="2024-07-12T08:19:44.714223" elapsed="0.000992"/>
</kw>
<kw name="Run Keyword If" owner="BuiltIn">
<kw name="Should Be True" owner="BuiltIn">
<arg>${True}</arg>
<doc>Fails if the given condition is not true.</doc>
<status status="PASS" start="2024-07-12T08:19:44.716116" elapsed="0.000242"/>
</kw>
<arg>${json_data["results"][0]["location"]["coordinates"]["longitude"]} &gt;= -180 and ${json_data["results"][0]["location"]["coordinates"]["longitude"]} &lt;= 180</arg>
<arg>Should Be True</arg>
<arg>${True}</arg>
<doc>Runs the given keyword with the given arguments, if ``condition`` is true.</doc>
<status status="PASS" start="2024-07-12T08:19:44.715398" elapsed="0.001087"/>
</kw>
<status status="PASS" start="2024-07-12T08:19:44.621559" elapsed="0.095056"/>
</kw>
<doc>Testa o conteúdo específico dos campos retornados pela API.</doc>
<tag>testeConteudo</tag>
<status status="PASS" start="2024-07-12T08:19:44.621043" elapsed="0.095723"/>
</test>
<status status="PASS" start="2024-07-12T08:19:43.879883" elapsed="0.838864"/>
</suite>
<status status="PASS" start="2024-07-12T08:19:43.865676" elapsed="0.858156"/>
</suite>
<statistics>
<total>
<stat pass="5" fail="0" skip="0">All Tests</stat>
</total>
<tag>
<stat pass="1" fail="0" skip="0">testeConteudo</stat>
<stat pass="1" fail="0" skip="0">testeEstruturaResposta</stat>
<stat pass="1" fail="0" skip="0">testeRequisicaoBasica</stat>
<stat pass="1" fail="0" skip="0">testeTiposDados</stat>
</tag>
<suite>
<stat pass="5" fail="0" skip="0" id="s1" name="Tests">Tests</stat>
<stat pass="5" fail="0" skip="0" id="s1-s1" name="Random-User-Test">Tests.Random-User-Test</stat>
</suite>
</statistics>
<errors>
</errors>
</robot>
