<?xml version="1.0" encoding="UTF-8"?>
<robot generator="Robot 7.0.1 (Python 3.12.4 on linux)" generated="2024-07-11T11:13:32.866069" rpa="false" schemaversion="5">
<suite id="s1" name="Tests" source="/home/runner/work/ApiRandomUser/ApiRandomUser/RamdonUser/tests">
<suite id="s1-s1" name="Random-User-Test" source="/home/runner/work/ApiRandomUser/ApiRandomUser/RamdonUser/tests/random-user-test.robot">
<test id="s1-s1-t1" name="Conectar" line="13">
<kw name="Conectar API" owner="random-user-service">
<kw name="Create Session" owner="RequestsLibrary">
<msg time="2024-07-11T11:13:33.250900" level="INFO">Creating Session using : alias=consultarAPI, url=https://randomuser.me/, headers={},                     cookies={}, auth=None, timeout=None, proxies=None, verify=False,                     debug=0 </msg>
<arg>consultarAPI</arg>
<arg>${URL}</arg>
<doc>Create Session: create a HTTP session to a server</doc>
<status status="PASS" start="2024-07-11T11:13:33.250707" elapsed="0.000355"/>
</kw>
<status status="PASS" start="2024-07-11T11:13:33.249799" elapsed="0.001599"/>
</kw>
<status status="PASS" start="2024-07-11T11:13:33.249228" elapsed="0.002357"/>
</test>
<test id="s1-s1-t2" name="Validar retorno 200 e JSON Válido" line="16">
<kw name="Teste de Requisicao Basica" owner="random-user-service">
<kw name="GET On Session" owner="RequestsLibrary">
<msg time="2024-07-11T11:13:33.432119" level="INFO">GET Request : url=https://randomuser.me/api 
 path_url=/api 
 headers={'User-Agent': 'python-requests/2.32.3', 'Accept-Encoding': 'gzip, deflate', 'Accept': '*/*', 'Connection': 'keep-alive'} 
 body=None 
 </msg>
<msg time="2024-07-11T11:13:33.432266" level="INFO">GET Response : url=https://randomuser.me/api 
 status=200, reason=OK 
 headers={'Date': 'Thu, 11 Jul 2024 11:13:33 GMT', 'Content-Type': 'application/json; charset=utf-8', 'Transfer-Encoding': 'chunked', 'Connection': 'keep-alive', 'X-Powered-By': 'Express', 'Access-Control-Allow-Origin': '*', 'Cache-Control': 'no-cache', 'ETag': 'W/"478-NnRpA6jAcbGC9hXqd0ZU4bmBF6g"', 'Vary': 'Accept-Encoding', 'Content-Encoding': 'gzip', 'CF-Cache-Status': 'DYNAMIC', 'Report-To': '{"endpoints":[{"url":"https:\\/\\/a.nel.cloudflare.com\\/report\\/v4?s=jaoplENhOMqzN0CFlXvmMdpT035t5J%2B8jo1Go8cMezru9Gj%2BtSkL3MJMYjHli4bKd7vzCh74EIIqZg6YoeqvRG972GCbw2FSanSpoPYvO%2FcrUMADvuHzbvX9k7roVTkX"}],"group":"cf-nel","max_age":604800}', 'NEL': '{"success_fraction":0,"report_to":"cf-nel","max_age":604800}', 'Server': 'cloudflare', 'CF-RAY': '8a185d67b8133b3c-IAD', 'alt-svc': 'h3=":443"; ma=86400'} 
 body={"results":[{"gender":"male","name":{"title":"Mr","first":"Rogér","last":"Liu"},"location":{"street":{"number":1739,"name":"Fluytstraat"},"city":"Hoornaar","state":"Drenthe","country":"Netherlands","postcode":"0872 CT","coordinates":{"latitude":"37.1545","longitude":"-100.8218"},"timezone":{"offset":"-2:00","description":"Mid-Atlantic"}},"email":"roger.liu@example.com","login":{"uuid":"c7628504-d920-4d4e-b1dc-689a7e96c608","username":"ticklishrabbit492","password":"balance","salt":"2Lkc1s67","md5":"1fff6e01e7df836f3b3631452fc1169d","sha1":"74b844b606ce4f75e83d42b00909e98cf06a22e2","sha256":"922fd68b4fd322ec883bc4229e5e177f5e0f80ae3d7c4bb0c3877b5675dc8553"},"dob":{"date":"1974-06-22T10:39:26.807Z","age":50},"registered":{"date":"2013-11-10T18:24:08.326Z","age":10},"phone":"(048) 5474053","cell":"(06) 45577951","id":{"name":"BSN","value":"79798705"},"picture":{"large":"https://randomuser.me/api/portraits/men/67.jpg","medium":"https://randomuser.me/api/portraits/med/men/67.jpg","thumbnail":"https://randomuser.me/api/portraits/thumb/men/67.jpg"},"nat":"NL"}],"info":{"seed":"7ef1e9950540b363","results":1,"page":1,"version":"1.4"}} 
 </msg>
<msg time="2024-07-11T11:13:33.432366" level="INFO">/opt/hostedtoolcache/Python/3.12.4/x64/lib/python3.12/site-packages/urllib3/connectionpool.py:1099: InsecureRequestWarning: Unverified HTTPS request is being made to host 'randomuser.me'. Adding certificate verification is strongly advised. See: https://urllib3.readthedocs.io/en/latest/advanced-usage.html#tls-warnings
  warnings.warn(</msg>
<msg time="2024-07-11T11:13:33.432545" level="INFO">${response} = &lt;Response [200]&gt;</msg>
<var>${response}</var>
<arg>consultarAPI</arg>
<arg>/api</arg>
<doc>Sends a GET request on a previously created HTTP Session.</doc>
<status status="PASS" start="2024-07-11T11:13:33.254232" elapsed="0.178358"/>
</kw>
<kw name="Should Be Equal As Numbers" owner="BuiltIn">
<msg time="2024-07-11T11:13:33.433460" level="INFO">Argument types are:
&lt;class 'int'&gt;
&lt;class 'str'&gt;</msg>
<arg>${response.status_code}</arg>
<arg>200</arg>
<doc>Fails if objects are unequal after converting them to real numbers.</doc>
<status status="PASS" start="2024-07-11T11:13:33.433007" elapsed="0.000518"/>
</kw>
<kw name="Log" owner="BuiltIn">
<msg time="2024-07-11T11:13:33.434199" level="INFO">200</msg>
<arg>${response.status_code}</arg>
<doc>Logs the given message with the given level.</doc>
<status status="PASS" start="2024-07-11T11:13:33.433850" elapsed="0.000393"/>
</kw>
<kw name="Set Variable" owner="BuiltIn">
<msg time="2024-07-11T11:13:33.434993" level="INFO">${json_data} = {'results': [{'gender': 'male', 'name': {'title': 'Mr', 'first': 'Rogér', 'last': 'Liu'}, 'location': {'street': {'number': 1739, 'name': 'Fluytstraat'}, 'city': 'Hoornaar', 'state': 'Drenthe', 'count...</msg>
<var>${json_data}</var>
<arg>${response.json()}</arg>
<doc>Returns the given values which can then be assigned to a variables.</doc>
<status status="PASS" start="2024-07-11T11:13:33.434550" elapsed="0.000473"/>
</kw>
<kw name="Dictionary Should Contain Key" owner="Collections">
<arg>${json_data}</arg>
<arg>results</arg>
<doc>Fails if ``key`` is not found from ``dictionary``.</doc>
<status status="PASS" start="2024-07-11T11:13:33.435322" elapsed="0.000170"/>
</kw>
<status status="PASS" start="2024-07-11T11:13:33.253986" elapsed="0.181653"/>
</kw>
<doc>Testa se a API responde corretamente e retorna um objeto JSON válido.</doc>
<tag>testeRequisicaoBasica</tag>
<status status="PASS" start="2024-07-11T11:13:33.253483" elapsed="0.182324"/>
</test>
<test id="s1-s1-t3" name="Validar estrutura de resposta" line="22">
<kw name="Teste de Estrutura de Resposta" owner="random-user-service">
<kw name="GET On Session" owner="RequestsLibrary">
<msg time="2024-07-11T11:13:33.530492" level="INFO">GET Request : url=https://randomuser.me/api 
 path_url=/api 
 headers={'User-Agent': 'python-requests/2.32.3', 'Accept-Encoding': 'gzip, deflate', 'Accept': '*/*', 'Connection': 'keep-alive'} 
 body=None 
 </msg>
<msg time="2024-07-11T11:13:33.530560" level="INFO">GET Response : url=https://randomuser.me/api 
 status=200, reason=OK 
 headers={'Date': 'Thu, 11 Jul 2024 11:13:33 GMT', 'Content-Type': 'application/json; charset=utf-8', 'Transfer-Encoding': 'chunked', 'Connection': 'keep-alive', 'X-Powered-By': 'Express', 'Access-Control-Allow-Origin': '*', 'Cache-Control': 'no-cache', 'ETag': 'W/"48c-cf76v+oUpOV6RN9CLrf9ssfwLZI"', 'Vary': 'Accept-Encoding', 'Content-Encoding': 'gzip', 'CF-Cache-Status': 'DYNAMIC', 'Report-To': '{"endpoints":[{"url":"https:\\/\\/a.nel.cloudflare.com\\/report\\/v4?s=o6dkbEcr1vVEjCPZDJtHsUidbHNv3zNHfGJTZ%2Fq0jLQOcfBTaC9IdSHSIbvBXf825LM%2B6txwl%2FffWHX1SGV%2Fadmo0TeJCbDQ2vOI%2BJtq41qsLwFIH0gSXCtdhha27Fob"}],"group":"cf-nel","max_age":604800}', 'NEL': '{"success_fraction":0,"report_to":"cf-nel","max_age":604800}', 'Server': 'cloudflare', 'CF-RAY': '8a185d68084e3b3c-IAD', 'alt-svc': 'h3=":443"; ma=86400'} 
 body={"results":[{"gender":"male","name":{"title":"Mr","first":"Viraj","last":"Jain"},"location":{"street":{"number":4357,"name":"Chimanlal Girdharlal Rd"},"city":"Bhagalpur","state":"Rajasthan","country":"India","postcode":94080,"coordinates":{"latitude":"7.9460","longitude":"-10.1236"},"timezone":{"offset":"+10:00","description":"Eastern Australia, Guam, Vladivostok"}},"email":"viraj.jain@example.com","login":{"uuid":"f5e622ce-822e-4c1b-808f-4670534e6fdc","username":"orangezebra364","password":"1021","salt":"Hhh4UeRX","md5":"b7538d9c76611398a8b7c216d882f1cb","sha1":"929164b2a344c60a6202a6a0ec82891f131fd8f8","sha256":"cf4440e59b825c1ef5a93563eb7774e81444bb4b47351e72cf3e24421cf55d50"},"dob":{"date":"1969-02-04T21:36:40.107Z","age":55},"registered":{"date":"2011-08-09T13:23:26.408Z","age":12},"phone":"8229398754","cell":"7091335630","id":{"name":"UIDAI","value":"771484939634"},"picture":{"large":"https://randomuser.me/api/portraits/men/3.jpg","medium":"https://randomuser.me/api/portraits/med/men/3.jpg","thumbnail":"https://randomuser.me/api/portraits/thumb/men/3.jpg"},"nat":"IN"}],"info":{"seed":"ca826a72e0e035ee","results":1,"page":1,"version":"1.4"}} 
 </msg>
<msg time="2024-07-11T11:13:33.530656" level="INFO">/opt/hostedtoolcache/Python/3.12.4/x64/lib/python3.12/site-packages/urllib3/connectionpool.py:1099: InsecureRequestWarning: Unverified HTTPS request is being made to host 'randomuser.me'. Adding certificate verification is strongly advised. See: https://urllib3.readthedocs.io/en/latest/advanced-usage.html#tls-warnings
  warnings.warn(</msg>
<msg time="2024-07-11T11:13:33.530768" level="INFO">${response} = &lt;Response [200]&gt;</msg>
<var>${response}</var>
<arg>consultarAPI</arg>
<arg>/api</arg>
<doc>Sends a GET request on a previously created HTTP Session.</doc>
<status status="PASS" start="2024-07-11T11:13:33.438442" elapsed="0.092371"/>
</kw>
<kw name="Set Variable" owner="BuiltIn">
<msg time="2024-07-11T11:13:33.531632" level="INFO">${json_data} = {'results': [{'gender': 'male', 'name': {'title': 'Mr', 'first': 'Viraj', 'last': 'Jain'}, 'location': {'street': {'number': 4357, 'name': 'Chimanlal Girdharlal Rd'}, 'city': 'Bhagalpur', 'state': 'Ra...</msg>
<var>${json_data}</var>
<arg>${response.json()}</arg>
<doc>Returns the given values which can then be assigned to a variables.</doc>
<status status="PASS" start="2024-07-11T11:13:33.531189" elapsed="0.000472"/>
</kw>
<kw name="Log" owner="BuiltIn">
<msg time="2024-07-11T11:13:33.532129" level="INFO">{'results': [{'gender': 'male', 'name': {'title': 'Mr', 'first': 'Viraj', 'last': 'Jain'}, 'location': {'street': {'number': 4357, 'name': 'Chimanlal Girdharlal Rd'}, 'city': 'Bhagalpur', 'state': 'Rajasthan', 'country': 'India', 'postcode': 94080, 'coordinates': {'latitude': '7.9460', 'longitude': '-10.1236'}, 'timezone': {'offset': '+10:00', 'description': 'Eastern Australia, Guam, Vladivostok'}}, 'email': 'viraj.jain@example.com', 'login': {'uuid': 'f5e622ce-822e-4c1b-808f-4670534e6fdc', 'username': 'orangezebra364', 'password': '1021', 'salt': 'Hhh4UeRX', 'md5': 'b7538d9c76611398a8b7c216d882f1cb', 'sha1': '929164b2a344c60a6202a6a0ec82891f131fd8f8', 'sha256': 'cf4440e59b825c1ef5a93563eb7774e81444bb4b47351e72cf3e24421cf55d50'}, 'dob': {'date': '1969-02-04T21:36:40.107Z', 'age': 55}, 'registered': {'date': '2011-08-09T13:23:26.408Z', 'age': 12}, 'phone': '8229398754', 'cell': '7091335630', 'id': {'name': 'UIDAI', 'value': '771484939634'}, 'picture': {'large': 'https://randomuser.me/api/portraits/men/3.jpg', 'medium': 'https://randomuser.me/api/portraits/med/men/3.jpg', 'thumbnail': 'https://randomuser.me/api/portraits/thumb/men/3.jpg'}, 'nat': 'IN'}], 'info': {'seed': 'ca826a72e0e035ee', 'results': 1, 'page': 1, 'version': '1.4'}}</msg>
<arg>${json_data}</arg>
<doc>Logs the given message with the given level.</doc>
<status status="PASS" start="2024-07-11T11:13:33.531972" elapsed="0.000208"/>
</kw>
<kw name="Dictionary Should Contain Key" owner="Collections">
<arg>${json_data}</arg>
<arg>results</arg>
<doc>Fails if ``key`` is not found from ``dictionary``.</doc>
<status status="PASS" start="2024-07-11T11:13:33.532476" elapsed="0.000159"/>
</kw>
<kw name="Should Not Be Empty" owner="BuiltIn">
<msg time="2024-07-11T11:13:33.532950" level="INFO">Length is 2.</msg>
<arg>${json_data}</arg>
<doc>Verifies that the given item is not empty.</doc>
<status status="PASS" start="2024-07-11T11:13:33.532821" elapsed="0.000169"/>
</kw>
<kw name="Create List" owner="BuiltIn">
<msg time="2024-07-11T11:13:33.533609" level="INFO">${expected_keys} = ['gender', 'name', 'location', 'email', 'login']</msg>
<var>${expected_keys}</var>
<arg>gender</arg>
<arg>name</arg>
<arg>location</arg>
<arg>email</arg>
<arg>login</arg>
<doc>Returns a list containing given items.</doc>
<status status="PASS" start="2024-07-11T11:13:33.533332" elapsed="0.000303"/>
</kw>
<for flavor="IN">
<iter>
<kw name="Dictionary Should Contain Key" owner="Collections">
<arg>${json_data['results'][0]}</arg>
<arg>${key}</arg>
<doc>Fails if ``key`` is not found from ``dictionary``.</doc>
<status status="PASS" start="2024-07-11T11:13:33.534210" elapsed="0.000402"/>
</kw>
<kw name="Log" owner="BuiltIn">
<msg time="2024-07-11T11:13:33.535161" level="INFO">{'gender': 'male', 'name': {'title': 'Mr', 'first': 'Viraj', 'last': 'Jain'}, 'location': {'street': {'number': 4357, 'name': 'Chimanlal Girdharlal Rd'}, 'city': 'Bhagalpur', 'state': 'Rajasthan', 'country': 'India', 'postcode': 94080, 'coordinates': {'latitude': '7.9460', 'longitude': '-10.1236'}, 'timezone': {'offset': '+10:00', 'description': 'Eastern Australia, Guam, Vladivostok'}}, 'email': 'viraj.jain@example.com', 'login': {'uuid': 'f5e622ce-822e-4c1b-808f-4670534e6fdc', 'username': 'orangezebra364', 'password': '1021', 'salt': 'Hhh4UeRX', 'md5': 'b7538d9c76611398a8b7c216d882f1cb', 'sha1': '929164b2a344c60a6202a6a0ec82891f131fd8f8', 'sha256': 'cf4440e59b825c1ef5a93563eb7774e81444bb4b47351e72cf3e24421cf55d50'}, 'dob': {'date': '1969-02-04T21:36:40.107Z', 'age': 55}, 'registered': {'date': '2011-08-09T13:23:26.408Z', 'age': 12}, 'phone': '8229398754', 'cell': '7091335630', 'id': {'name': 'UIDAI', 'value': '771484939634'}, 'picture': {'large': 'https://randomuser.me/api/portraits/men/3.jpg', 'medium': 'https://randomuser.me/api/portraits/med/men/3.jpg', 'thumbnail': 'https://randomuser.me/api/portraits/thumb/men/3.jpg'}, 'nat': 'IN'}</msg>
<arg>${json_data['results'][0]}</arg>
<doc>Logs the given message with the given level.</doc>
<status status="PASS" start="2024-07-11T11:13:33.534800" elapsed="0.000413"/>
</kw>
<kw name="Log" owner="BuiltIn">
<msg time="2024-07-11T11:13:33.535646" level="INFO">gender</msg>
<arg>${key}</arg>
<doc>Logs the given message with the given level.</doc>
<status status="PASS" start="2024-07-11T11:13:33.535516" elapsed="0.000170"/>
</kw>
<var name="${key}">gender</var>
<status status="PASS" start="2024-07-11T11:13:33.534087" elapsed="0.001817"/>
</iter>
<iter>
<kw name="Dictionary Should Contain Key" owner="Collections">
<arg>${json_data['results'][0]}</arg>
<arg>${key}</arg>
<doc>Fails if ``key`` is not found from ``dictionary``.</doc>
<status status="PASS" start="2024-07-11T11:13:33.536202" elapsed="0.000387"/>
</kw>
<kw name="Log" owner="BuiltIn">
<msg time="2024-07-11T11:13:33.537146" level="INFO">{'gender': 'male', 'name': {'title': 'Mr', 'first': 'Viraj', 'last': 'Jain'}, 'location': {'street': {'number': 4357, 'name': 'Chimanlal Girdharlal Rd'}, 'city': 'Bhagalpur', 'state': 'Rajasthan', 'country': 'India', 'postcode': 94080, 'coordinates': {'latitude': '7.9460', 'longitude': '-10.1236'}, 'timezone': {'offset': '+10:00', 'description': 'Eastern Australia, Guam, Vladivostok'}}, 'email': 'viraj.jain@example.com', 'login': {'uuid': 'f5e622ce-822e-4c1b-808f-4670534e6fdc', 'username': 'orangezebra364', 'password': '1021', 'salt': 'Hhh4UeRX', 'md5': 'b7538d9c76611398a8b7c216d882f1cb', 'sha1': '929164b2a344c60a6202a6a0ec82891f131fd8f8', 'sha256': 'cf4440e59b825c1ef5a93563eb7774e81444bb4b47351e72cf3e24421cf55d50'}, 'dob': {'date': '1969-02-04T21:36:40.107Z', 'age': 55}, 'registered': {'date': '2011-08-09T13:23:26.408Z', 'age': 12}, 'phone': '8229398754', 'cell': '7091335630', 'id': {'name': 'UIDAI', 'value': '771484939634'}, 'picture': {'large': 'https://randomuser.me/api/portraits/men/3.jpg', 'medium': 'https://randomuser.me/api/portraits/med/men/3.jpg', 'thumbnail': 'https://randomuser.me/api/portraits/thumb/men/3.jpg'}, 'nat': 'IN'}</msg>
<arg>${json_data['results'][0]}</arg>
<doc>Logs the given message with the given level.</doc>
<status status="PASS" start="2024-07-11T11:13:33.536771" elapsed="0.000470"/>
</kw>
<kw name="Log" owner="BuiltIn">
<msg time="2024-07-11T11:13:33.537676" level="INFO">name</msg>
<arg>${key}</arg>
<doc>Logs the given message with the given level.</doc>
<status status="PASS" start="2024-07-11T11:13:33.537546" elapsed="0.000169"/>
</kw>
<var name="${key}">name</var>
<status status="PASS" start="2024-07-11T11:13:33.536090" elapsed="0.001842"/>
</iter>
<iter>
<kw name="Dictionary Should Contain Key" owner="Collections">
<arg>${json_data['results'][0]}</arg>
<arg>${key}</arg>
<doc>Fails if ``key`` is not found from ``dictionary``.</doc>
<status status="PASS" start="2024-07-11T11:13:33.538220" elapsed="0.000382"/>
</kw>
<kw name="Log" owner="BuiltIn">
<msg time="2024-07-11T11:13:33.539137" level="INFO">{'gender': 'male', 'name': {'title': 'Mr', 'first': 'Viraj', 'last': 'Jain'}, 'location': {'street': {'number': 4357, 'name': 'Chimanlal Girdharlal Rd'}, 'city': 'Bhagalpur', 'state': 'Rajasthan', 'country': 'India', 'postcode': 94080, 'coordinates': {'latitude': '7.9460', 'longitude': '-10.1236'}, 'timezone': {'offset': '+10:00', 'description': 'Eastern Australia, Guam, Vladivostok'}}, 'email': 'viraj.jain@example.com', 'login': {'uuid': 'f5e622ce-822e-4c1b-808f-4670534e6fdc', 'username': 'orangezebra364', 'password': '1021', 'salt': 'Hhh4UeRX', 'md5': 'b7538d9c76611398a8b7c216d882f1cb', 'sha1': '929164b2a344c60a6202a6a0ec82891f131fd8f8', 'sha256': 'cf4440e59b825c1ef5a93563eb7774e81444bb4b47351e72cf3e24421cf55d50'}, 'dob': {'date': '1969-02-04T21:36:40.107Z', 'age': 55}, 'registered': {'date': '2011-08-09T13:23:26.408Z', 'age': 12}, 'phone': '8229398754', 'cell': '7091335630', 'id': {'name': 'UIDAI', 'value': '771484939634'}, 'picture': {'large': 'https://randomuser.me/api/portraits/men/3.jpg', 'medium': 'https://randomuser.me/api/portraits/med/men/3.jpg', 'thumbnail': 'https://randomuser.me/api/portraits/thumb/men/3.jpg'}, 'nat': 'IN'}</msg>
<arg>${json_data['results'][0]}</arg>
<doc>Logs the given message with the given level.</doc>
<status status="PASS" start="2024-07-11T11:13:33.538786" elapsed="0.000402"/>
</kw>
<kw name="Log" owner="BuiltIn">
<msg time="2024-07-11T11:13:33.539611" level="INFO">location</msg>
<arg>${key}</arg>
<doc>Logs the given message with the given level.</doc>
<status status="PASS" start="2024-07-11T11:13:33.539484" elapsed="0.000165"/>
</kw>
<var name="${key}">location</var>
<status status="PASS" start="2024-07-11T11:13:33.538111" elapsed="0.001755"/>
</iter>
<iter>
<kw name="Dictionary Should Contain Key" owner="Collections">
<arg>${json_data['results'][0]}</arg>
<arg>${key}</arg>
<doc>Fails if ``key`` is not found from ``dictionary``.</doc>
<status status="PASS" start="2024-07-11T11:13:33.540148" elapsed="0.000382"/>
</kw>
<kw name="Log" owner="BuiltIn">
<msg time="2024-07-11T11:13:33.541071" level="INFO">{'gender': 'male', 'name': {'title': 'Mr', 'first': 'Viraj', 'last': 'Jain'}, 'location': {'street': {'number': 4357, 'name': 'Chimanlal Girdharlal Rd'}, 'city': 'Bhagalpur', 'state': 'Rajasthan', 'country': 'India', 'postcode': 94080, 'coordinates': {'latitude': '7.9460', 'longitude': '-10.1236'}, 'timezone': {'offset': '+10:00', 'description': 'Eastern Australia, Guam, Vladivostok'}}, 'email': 'viraj.jain@example.com', 'login': {'uuid': 'f5e622ce-822e-4c1b-808f-4670534e6fdc', 'username': 'orangezebra364', 'password': '1021', 'salt': 'Hhh4UeRX', 'md5': 'b7538d9c76611398a8b7c216d882f1cb', 'sha1': '929164b2a344c60a6202a6a0ec82891f131fd8f8', 'sha256': 'cf4440e59b825c1ef5a93563eb7774e81444bb4b47351e72cf3e24421cf55d50'}, 'dob': {'date': '1969-02-04T21:36:40.107Z', 'age': 55}, 'registered': {'date': '2011-08-09T13:23:26.408Z', 'age': 12}, 'phone': '8229398754', 'cell': '7091335630', 'id': {'name': 'UIDAI', 'value': '771484939634'}, 'picture': {'large': 'https://randomuser.me/api/portraits/men/3.jpg', 'medium': 'https://randomuser.me/api/portraits/med/men/3.jpg', 'thumbnail': 'https://randomuser.me/api/portraits/thumb/men/3.jpg'}, 'nat': 'IN'}</msg>
<arg>${json_data['results'][0]}</arg>
<doc>Logs the given message with the given level.</doc>
<status status="PASS" start="2024-07-11T11:13:33.540720" elapsed="0.000433"/>
</kw>
<kw name="Log" owner="BuiltIn">
<msg time="2024-07-11T11:13:33.541593" level="INFO">email</msg>
<arg>${key}</arg>
<doc>Logs the given message with the given level.</doc>
<status status="PASS" start="2024-07-11T11:13:33.541461" elapsed="0.000170"/>
</kw>
<var name="${key}">email</var>
<status status="PASS" start="2024-07-11T11:13:33.540037" elapsed="0.001806"/>
</iter>
<iter>
<kw name="Dictionary Should Contain Key" owner="Collections">
<arg>${json_data['results'][0]}</arg>
<arg>${key}</arg>
<doc>Fails if ``key`` is not found from ``dictionary``.</doc>
<status status="PASS" start="2024-07-11T11:13:33.542126" elapsed="0.000381"/>
</kw>
<kw name="Log" owner="BuiltIn">
<msg time="2024-07-11T11:13:33.543029" level="INFO">{'gender': 'male', 'name': {'title': 'Mr', 'first': 'Viraj', 'last': 'Jain'}, 'location': {'street': {'number': 4357, 'name': 'Chimanlal Girdharlal Rd'}, 'city': 'Bhagalpur', 'state': 'Rajasthan', 'country': 'India', 'postcode': 94080, 'coordinates': {'latitude': '7.9460', 'longitude': '-10.1236'}, 'timezone': {'offset': '+10:00', 'description': 'Eastern Australia, Guam, Vladivostok'}}, 'email': 'viraj.jain@example.com', 'login': {'uuid': 'f5e622ce-822e-4c1b-808f-4670534e6fdc', 'username': 'orangezebra364', 'password': '1021', 'salt': 'Hhh4UeRX', 'md5': 'b7538d9c76611398a8b7c216d882f1cb', 'sha1': '929164b2a344c60a6202a6a0ec82891f131fd8f8', 'sha256': 'cf4440e59b825c1ef5a93563eb7774e81444bb4b47351e72cf3e24421cf55d50'}, 'dob': {'date': '1969-02-04T21:36:40.107Z', 'age': 55}, 'registered': {'date': '2011-08-09T13:23:26.408Z', 'age': 12}, 'phone': '8229398754', 'cell': '7091335630', 'id': {'name': 'UIDAI', 'value': '771484939634'}, 'picture': {'large': 'https://randomuser.me/api/portraits/men/3.jpg', 'medium': 'https://randomuser.me/api/portraits/med/men/3.jpg', 'thumbnail': 'https://randomuser.me/api/portraits/thumb/men/3.jpg'}, 'nat': 'IN'}</msg>
<arg>${json_data['results'][0]}</arg>
<doc>Logs the given message with the given level.</doc>
<status status="PASS" start="2024-07-11T11:13:33.542687" elapsed="0.000393"/>
</kw>
<kw name="Log" owner="BuiltIn">
<msg time="2024-07-11T11:13:33.543497" level="INFO">login</msg>
<arg>${key}</arg>
<doc>Logs the given message with the given level.</doc>
<status status="PASS" start="2024-07-11T11:13:33.543371" elapsed="0.000164"/>
</kw>
<var name="${key}">login</var>
<status status="PASS" start="2024-07-11T11:13:33.542014" elapsed="0.001732"/>
</iter>
<var>${key}</var>
<value>@{expected_keys}</value>
<status status="PASS" start="2024-07-11T11:13:33.533902" elapsed="0.009965"/>
</for>
<kw name="Create List" owner="BuiltIn">
<msg time="2024-07-11T11:13:33.544195" level="INFO">${expected_keysTwo} = ['username', 'password']</msg>
<var>${expected_keysTwo}</var>
<arg>username</arg>
<arg>password</arg>
<doc>Returns a list containing given items.</doc>
<status status="PASS" start="2024-07-11T11:13:33.544056" elapsed="0.000191"/>
</kw>
<for flavor="IN">
<iter>
<kw name="Dictionary Should Contain Key" owner="Collections">
<arg>${json_data['results'][0]['login']}</arg>
<arg>${keyTwo}</arg>
<doc>Fails if ``key`` is not found from ``dictionary``.</doc>
<status status="PASS" start="2024-07-11T11:13:33.544748" elapsed="0.000415"/>
</kw>
<kw name="Dictionary Should Contain Key" owner="Collections">
<arg>${json_data['results'][0]['login']}</arg>
<arg>${keyTwo}</arg>
<doc>Fails if ``key`` is not found from ``dictionary``.</doc>
<status status="PASS" start="2024-07-11T11:13:33.545354" elapsed="0.000372"/>
</kw>
<kw name="Log" owner="BuiltIn">
<msg time="2024-07-11T11:13:33.546027" level="INFO">username</msg>
<arg>${keyTwo}</arg>
<doc>Logs the given message with the given level.</doc>
<status status="PASS" start="2024-07-11T11:13:33.545907" elapsed="0.000158"/>
</kw>
<var name="${keyTwo}">username</var>
<status status="PASS" start="2024-07-11T11:13:33.544643" elapsed="0.001650"/>
</iter>
<iter>
<kw name="Dictionary Should Contain Key" owner="Collections">
<arg>${json_data['results'][0]['login']}</arg>
<arg>${keyTwo}</arg>
<doc>Fails if ``key`` is not found from ``dictionary``.</doc>
<status status="PASS" start="2024-07-11T11:13:33.546570" elapsed="0.000389"/>
</kw>
<kw name="Dictionary Should Contain Key" owner="Collections">
<arg>${json_data['results'][0]['login']}</arg>
<arg>${keyTwo}</arg>
<doc>Fails if ``key`` is not found from ``dictionary``.</doc>
<status status="PASS" start="2024-07-11T11:13:33.547145" elapsed="0.000371"/>
</kw>
<kw name="Log" owner="BuiltIn">
<msg time="2024-07-11T11:13:33.547808" level="INFO">password</msg>
<arg>${keyTwo}</arg>
<doc>Logs the given message with the given level.</doc>
<status status="PASS" start="2024-07-11T11:13:33.547689" elapsed="0.000160"/>
</kw>
<var name="${keyTwo}">password</var>
<status status="PASS" start="2024-07-11T11:13:33.546465" elapsed="0.001694"/>
</iter>
<var>${keyTwo}</var>
<value>@{expected_keysTwo}</value>
<status status="PASS" start="2024-07-11T11:13:33.544491" elapsed="0.003790"/>
</for>
<status status="PASS" start="2024-07-11T11:13:33.438211" elapsed="0.110205"/>
</kw>
<doc>Testa a estrutura da resposta da API.</doc>
<tag>testeEstruturaResposta</tag>
<status status="PASS" start="2024-07-11T11:13:33.437657" elapsed="0.110901"/>
</test>
<test id="s1-s1-t4" name="Validar tipos de dados" line="28">
<kw name="Teste de Tipos de Dados" owner="random-user-service">
<kw name="GET On Session" owner="RequestsLibrary">
<msg time="2024-07-11T11:13:33.636905" level="INFO">GET Request : url=https://randomuser.me/api 
 path_url=/api 
 headers={'User-Agent': 'python-requests/2.32.3', 'Accept-Encoding': 'gzip, deflate', 'Accept': '*/*', 'Connection': 'keep-alive'} 
 body=None 
 </msg>
<msg time="2024-07-11T11:13:33.636995" level="INFO">GET Response : url=https://randomuser.me/api 
 status=200, reason=OK 
 headers={'Date': 'Thu, 11 Jul 2024 11:13:33 GMT', 'Content-Type': 'application/json; charset=utf-8', 'Transfer-Encoding': 'chunked', 'Connection': 'keep-alive', 'X-Powered-By': 'Express', 'Access-Control-Allow-Origin': '*', 'Cache-Control': 'no-cache', 'ETag': 'W/"4af-+Oa5oRFIXXma8X9OCl0kDegSEzo"', 'Vary': 'Accept-Encoding', 'Content-Encoding': 'gzip', 'CF-Cache-Status': 'DYNAMIC', 'Report-To': '{"endpoints":[{"url":"https:\\/\\/a.nel.cloudflare.com\\/report\\/v4?s=26CU5Sr0cFXfSKfUkfNqwYMcbZ5jrWDUu3k%2FdPXlXuxqoL3RxxAB1aMe%2BEcHLU6fCGnDEEVm6sXh3f8WiPeIS3EhLtn%2BmKJn2b400Jtf%2FNlh6Vxq8arPcjaCmjyZBRBw"}],"group":"cf-nel","max_age":604800}', 'NEL': '{"success_fraction":0,"report_to":"cf-nel","max_age":604800}', 'Server': 'cloudflare', 'CF-RAY': '8a185d68b8e83b3c-IAD', 'alt-svc': 'h3=":443"; ma=86400'} 
 body={"results":[{"gender":"female","name":{"title":"Mrs","first":"Alejandra","last":"Sáez"},"location":{"street":{"number":5168,"name":"Calle Nebrija"},"city":"Las Palmas de Gran Canaria","state":"Melilla","country":"Spain","postcode":16012,"coordinates":{"latitude":"-32.7863","longitude":"128.0289"},"timezone":{"offset":"0:00","description":"Western Europe Time, London, Lisbon, Casablanca"}},"email":"alejandra.saez@example.com","login":{"uuid":"0d778e7d-1fdf-4914-9866-844fd31399dc","username":"greenlion360","password":"grendel","salt":"929JfrvF","md5":"bc58c2925e979923dd66401c2781c5cf","sha1":"c485fc99fd4edc2549f0c77f9ce642793ae3c7cf","sha256":"4483d57fdd0e6ef0614f5dba0414662b8ffe540f4b4f3670349df2518f4aa6f0"},"dob":{"date":"1959-01-17T05:10:20.290Z","age":65},"registered":{"date":"2021-05-09T07:48:52.128Z","age":3},"phone":"920-265-873","cell":"619-223-467","id":{"name":"DNI","value":"99701664-F"},"picture":{"large":"https://randomuser.me/api/portraits/women/80.jpg","medium":"https://randomuser.me/api/portraits/med/women/80.jpg","thumbnail":"https://randomuser.me/api/portraits/thumb/women/80.jpg"},"nat":"ES"}],"info":{"seed":"25bdbf6eda47a927","results":1,"page":1,"version":"1.4"}} 
 </msg>
<msg time="2024-07-11T11:13:33.637072" level="INFO">/opt/hostedtoolcache/Python/3.12.4/x64/lib/python3.12/site-packages/urllib3/connectionpool.py:1099: InsecureRequestWarning: Unverified HTTPS request is being made to host 'randomuser.me'. Adding certificate verification is strongly advised. See: https://urllib3.readthedocs.io/en/latest/advanced-usage.html#tls-warnings
  warnings.warn(</msg>
<msg time="2024-07-11T11:13:33.637209" level="INFO">${response} = &lt;Response [200]&gt;</msg>
<var>${response}</var>
<arg>consultarAPI</arg>
<arg>/api</arg>
<doc>Sends a GET request on a previously created HTTP Session.</doc>
<status status="PASS" start="2024-07-11T11:13:33.551118" elapsed="0.086132"/>
</kw>
<kw name="Set Variable" owner="BuiltIn">
<msg time="2024-07-11T11:13:33.638238" level="INFO">${json_data} = {'results': [{'gender': 'female', 'name': {'title': 'Mrs', 'first': 'Alejandra', 'last': 'Sáez'}, 'location': {'street': {'number': 5168, 'name': 'Calle Nebrija'}, 'city': 'Las Palmas de Gran Canaria'...</msg>
<var>${json_data}</var>
<arg>${response.json()}</arg>
<doc>Returns the given values which can then be assigned to a variables.</doc>
<status status="PASS" start="2024-07-11T11:13:33.637697" elapsed="0.000573"/>
</kw>
<kw name="Log" owner="BuiltIn">
<msg time="2024-07-11T11:13:33.638738" level="INFO">{'results': [{'gender': 'female', 'name': {'title': 'Mrs', 'first': 'Alejandra', 'last': 'Sáez'}, 'location': {'street': {'number': 5168, 'name': 'Calle Nebrija'}, 'city': 'Las Palmas de Gran Canaria', 'state': 'Melilla', 'country': 'Spain', 'postcode': 16012, 'coordinates': {'latitude': '-32.7863', 'longitude': '128.0289'}, 'timezone': {'offset': '0:00', 'description': 'Western Europe Time, London, Lisbon, Casablanca'}}, 'email': 'alejandra.saez@example.com', 'login': {'uuid': '0d778e7d-1fdf-4914-9866-844fd31399dc', 'username': 'greenlion360', 'password': 'grendel', 'salt': '929JfrvF', 'md5': 'bc58c2925e979923dd66401c2781c5cf', 'sha1': 'c485fc99fd4edc2549f0c77f9ce642793ae3c7cf', 'sha256': '4483d57fdd0e6ef0614f5dba0414662b8ffe540f4b4f3670349df2518f4aa6f0'}, 'dob': {'date': '1959-01-17T05:10:20.290Z', 'age': 65}, 'registered': {'date': '2021-05-09T07:48:52.128Z', 'age': 3}, 'phone': '920-265-873', 'cell': '619-223-467', 'id': {'name': 'DNI', 'value': '99701664-F'}, 'picture': {'large': 'https://randomuser.me/api/portraits/women/80.jpg', 'medium': 'https://randomuser.me/api/portraits/med/women/80.jpg', 'thumbnail': 'https://randomuser.me/api/portraits/thumb/women/80.jpg'}, 'nat': 'ES'}], 'info': {'seed': '25bdbf6eda47a927', 'results': 1, 'page': 1, 'version': '1.4'}}</msg>
<arg>${json_data}</arg>
<doc>Logs the given message with the given level.</doc>
<status status="PASS" start="2024-07-11T11:13:33.638581" elapsed="0.000208"/>
</kw>
<kw name="Should Be String" owner="String">
<arg>${json_data['results'][0]['gender']}</arg>
<doc>Fails if the given ``item`` is not a string.</doc>
<status status="PASS" start="2024-07-11T11:13:33.639086" elapsed="0.000361"/>
</kw>
<kw name="Should Match Regexp" owner="BuiltIn">
<arg>${json_data['results'][0]['email']}</arg>
<arg>^[a-zA-Z0-9._%+-]+@[a-zA-Z0-9.-]+\.[a-zA-Z]{2,}$</arg>
<doc>Fails if ``string`` does not match ``pattern`` as a regular expression.</doc>
<status status="PASS" start="2024-07-11T11:13:33.639639" elapsed="0.000543"/>
</kw>
<kw name="Should Match Regexp" owner="BuiltIn">
<arg>${json_data['results'][0]['dob']['date']}</arg>
<arg>\\d{4}-\\d{2}-\\d{2}T\\d{2}:\\d{2}:\\d{2}\\.\\d{3}Z</arg>
<doc>Fails if ``string`` does not match ``pattern`` as a regular expression.</doc>
<status status="PASS" start="2024-07-11T11:13:33.640381" elapsed="0.000494"/>
</kw>
<kw name="Should Match Regexp" owner="BuiltIn">
<arg>${json_data['results'][0]['registered']['date']}</arg>
<arg>\\d{4}-\\d{2}-\\d{2}T\\d{2}:\\d{2}:\\d{2}\\.\\d{3}Z</arg>
<doc>Fails if ``string`` does not match ``pattern`` as a regular expression.</doc>
<status status="PASS" start="2024-07-11T11:13:33.641065" elapsed="0.000411"/>
</kw>
<kw name="Should Match Regexp" owner="BuiltIn">
<arg>${json_data['results'][0]['picture']['large']}</arg>
<arg>^https?://.*\.(?:png|jpe?g|gif|bmp)$</arg>
<doc>Fails if ``string`` does not match ``pattern`` as a regular expression.</doc>
<status status="PASS" start="2024-07-11T11:13:33.641665" elapsed="0.000460"/>
</kw>
<kw name="Should Match Regexp" owner="BuiltIn">
<arg>${json_data['results'][0]['picture']['medium']}</arg>
<arg>^https?://.*\.(?:png|jpe?g|gif|bmp)$</arg>
<doc>Fails if ``string`` does not match ``pattern`` as a regular expression.</doc>
<status status="PASS" start="2024-07-11T11:13:33.642311" elapsed="0.000353"/>
</kw>
<kw name="Should Match Regexp" owner="BuiltIn">
<arg>${json_data['results'][0]['picture']['thumbnail']}</arg>
<arg>^https?://.*\.(?:png|jpe?g|gif|bmp)$</arg>
<doc>Fails if ``string`` does not match ``pattern`` as a regular expression.</doc>
<status status="PASS" start="2024-07-11T11:13:33.642847" elapsed="0.000347"/>
</kw>
<kw name="Log" owner="BuiltIn">
<msg time="2024-07-11T11:13:33.643707" level="INFO">{'large': 'https://randomuser.me/api/portraits/women/80.jpg', 'medium': 'https://randomuser.me/api/portraits/med/women/80.jpg', 'thumbnail': 'https://randomuser.me/api/portraits/thumb/women/80.jpg'}</msg>
<arg>${json_data['results'][0]['picture']}</arg>
<doc>Logs the given message with the given level.</doc>
<status status="PASS" start="2024-07-11T11:13:33.643376" elapsed="0.000374"/>
</kw>
<status status="PASS" start="2024-07-11T11:13:33.550899" elapsed="0.093104"/>
</kw>
<kw name="Teste de Tipos de Dados - Postcode" owner="random-user-service">
<kw name="GET On Session" owner="RequestsLibrary">
<msg time="2024-07-11T11:13:33.730146" level="INFO">GET Request : url=https://randomuser.me/api 
 path_url=/api 
 headers={'User-Agent': 'python-requests/2.32.3', 'Accept-Encoding': 'gzip, deflate', 'Accept': '*/*', 'Connection': 'keep-alive'} 
 body=None 
 </msg>
<msg time="2024-07-11T11:13:33.730211" level="INFO">GET Response : url=https://randomuser.me/api 
 status=200, reason=OK 
 headers={'Date': 'Thu, 11 Jul 2024 11:13:33 GMT', 'Content-Type': 'application/json; charset=utf-8', 'Transfer-Encoding': 'chunked', 'Connection': 'keep-alive', 'X-Powered-By': 'Express', 'Access-Control-Allow-Origin': '*', 'Cache-Control': 'no-cache', 'ETag': 'W/"494-ngjzBie1AgYcwBvQ95c5ue/fuPQ"', 'Vary': 'Accept-Encoding', 'Content-Encoding': 'gzip', 'CF-Cache-Status': 'DYNAMIC', 'Report-To': '{"endpoints":[{"url":"https:\\/\\/a.nel.cloudflare.com\\/report\\/v4?s=N0%2FYQuDpkSPCNPWVcPokp%2F664P3BRMlL8SBmIEuPAyCKuzoTvLK%2F5WBtXkifrmpQcn%2FfTngD26SKjMkRdOhScqm5zmAg1pTkXW9TUpBp00gem3x1q%2Ftnjyp95v8qtZSU"}],"group":"cf-nel","max_age":604800}', 'NEL': '{"success_fraction":0,"report_to":"cf-nel","max_age":604800}', 'Server': 'cloudflare', 'CF-RAY': '8a185d6949663b3c-IAD', 'alt-svc': 'h3=":443"; ma=86400'} 
 body={"results":[{"gender":"male","name":{"title":"Mr","first":"Antoine","last":"Muller"},"location":{"street":{"number":4164,"name":"Boulevard de Balmont"},"city":"Limoges","state":"Hautes-Pyrénées","country":"France","postcode":47026,"coordinates":{"latitude":"-13.0213","longitude":"-48.8644"},"timezone":{"offset":"-12:00","description":"Eniwetok, Kwajalein"}},"email":"antoine.muller@example.com","login":{"uuid":"1b062676-0e11-4021-a52a-b5b0ebb8318b","username":"blackmouse746","password":"floyd","salt":"d4hgaidP","md5":"5e5e3c26ff659320d815e55d5eda3d2e","sha1":"9f6bce4bc90eea559bfa9f7a0c8d165b891fb50c","sha256":"356810fb477b0d72638d830526f835da32447123df28ed7f6c7dff064ec1d27d"},"dob":{"date":"1965-10-02T04:38:44.056Z","age":58},"registered":{"date":"2017-01-10T12:15:03.407Z","age":7},"phone":"05-76-52-05-64","cell":"06-86-56-56-38","id":{"name":"INSEE","value":"1650997792171 41"},"picture":{"large":"https://randomuser.me/api/portraits/men/2.jpg","medium":"https://randomuser.me/api/portraits/med/men/2.jpg","thumbnail":"https://randomuser.me/api/portraits/thumb/men/2.jpg"},"nat":"FR"}],"info":{"seed":"3eabc90545481f7b","results":1,"page":1,"version":"1.4"}} 
 </msg>
<msg time="2024-07-11T11:13:33.730268" level="INFO">/opt/hostedtoolcache/Python/3.12.4/x64/lib/python3.12/site-packages/urllib3/connectionpool.py:1099: InsecureRequestWarning: Unverified HTTPS request is being made to host 'randomuser.me'. Adding certificate verification is strongly advised. See: https://urllib3.readthedocs.io/en/latest/advanced-usage.html#tls-warnings
  warnings.warn(</msg>
<msg time="2024-07-11T11:13:33.730356" level="INFO">${response} = &lt;Response [200]&gt;</msg>
<var>${response}</var>
<arg>consultarAPI</arg>
<arg>/api</arg>
<doc>Sends a GET request on a previously created HTTP Session.</doc>
<status status="PASS" start="2024-07-11T11:13:33.644426" elapsed="0.085974"/>
</kw>
<kw name="Set Variable" owner="BuiltIn">
<msg time="2024-07-11T11:13:33.731432" level="INFO">${json_data} = {'results': [{'gender': 'male', 'name': {'title': 'Mr', 'first': 'Antoine', 'last': 'Muller'}, 'location': {'street': {'number': 4164, 'name': 'Boulevard de Balmont'}, 'city': 'Limoges', 'state': 'Hau...</msg>
<var>${json_data}</var>
<arg>${response.json()}</arg>
<doc>Returns the given values which can then be assigned to a variables.</doc>
<status status="PASS" start="2024-07-11T11:13:33.730852" elapsed="0.000610"/>
</kw>
<kw name="Log" owner="BuiltIn">
<msg time="2024-07-11T11:13:33.731936" level="INFO">{'results': [{'gender': 'male', 'name': {'title': 'Mr', 'first': 'Antoine', 'last': 'Muller'}, 'location': {'street': {'number': 4164, 'name': 'Boulevard de Balmont'}, 'city': 'Limoges', 'state': 'Hautes-Pyrénées', 'country': 'France', 'postcode': 47026, 'coordinates': {'latitude': '-13.0213', 'longitude': '-48.8644'}, 'timezone': {'offset': '-12:00', 'description': 'Eniwetok, Kwajalein'}}, 'email': 'antoine.muller@example.com', 'login': {'uuid': '1b062676-0e11-4021-a52a-b5b0ebb8318b', 'username': 'blackmouse746', 'password': 'floyd', 'salt': 'd4hgaidP', 'md5': '5e5e3c26ff659320d815e55d5eda3d2e', 'sha1': '9f6bce4bc90eea559bfa9f7a0c8d165b891fb50c', 'sha256': '356810fb477b0d72638d830526f835da32447123df28ed7f6c7dff064ec1d27d'}, 'dob': {'date': '1965-10-02T04:38:44.056Z', 'age': 58}, 'registered': {'date': '2017-01-10T12:15:03.407Z', 'age': 7}, 'phone': '05-76-52-05-64', 'cell': '06-86-56-56-38', 'id': {'name': 'INSEE', 'value': '1650997792171 41'}, 'picture': {'large': 'https://randomuser.me/api/portraits/men/2.jpg', 'medium': 'https://randomuser.me/api/portraits/med/men/2.jpg', 'thumbnail': 'https://randomuser.me/api/portraits/thumb/men/2.jpg'}, 'nat': 'FR'}], 'info': {'seed': '3eabc90545481f7b', 'results': 1, 'page': 1, 'version': '1.4'}}</msg>
<arg>${json_data}</arg>
<doc>Logs the given message with the given level.</doc>
<status status="PASS" start="2024-07-11T11:13:33.731775" elapsed="0.000213"/>
</kw>
<kw name="Should Be Equal As Numbers" owner="BuiltIn">
<arg>${json_data['results'][0]['location']['postcode']}</arg>
<arg>${json_data['results'][0]['location']['postcode']}</arg>
<doc>Fails if objects are unequal after converting them to real numbers.</doc>
<status status="PASS" start="2024-07-11T11:13:33.732280" elapsed="0.000625"/>
</kw>
<kw name="Log" owner="BuiltIn">
<msg time="2024-07-11T11:13:33.733606" level="INFO">47026</msg>
<arg>${json_data['results'][0]['location']['postcode']}</arg>
<doc>Logs the given message with the given level.</doc>
<status status="PASS" start="2024-07-11T11:13:33.733094" elapsed="0.000588"/>
</kw>
<status status="PASS" start="2024-07-11T11:13:33.644211" elapsed="0.089732"/>
</kw>
<doc>Testa se os tipos de dados na resposta da API estão corretos.</doc>
<tag>testeTiposDados</tag>
<status status="PASS" start="2024-07-11T11:13:33.550379" elapsed="0.183723"/>
</test>
<test id="s1-s1-t5" name="Validar conteudo" line="35">
<kw name="Teste de Tipos de Conteudo" owner="random-user-service">
<kw name="GET On Session" owner="RequestsLibrary">
<msg time="2024-07-11T11:13:33.828809" level="INFO">GET Request : url=https://randomuser.me/api 
 path_url=/api 
 headers={'User-Agent': 'python-requests/2.32.3', 'Accept-Encoding': 'gzip, deflate', 'Accept': '*/*', 'Connection': 'keep-alive'} 
 body=None 
 </msg>
<msg time="2024-07-11T11:13:33.828896" level="INFO">GET Response : url=https://randomuser.me/api 
 status=200, reason=OK 
 headers={'Date': 'Thu, 11 Jul 2024 11:13:33 GMT', 'Content-Type': 'application/json; charset=utf-8', 'Transfer-Encoding': 'chunked', 'Connection': 'keep-alive', 'X-Powered-By': 'Express', 'Access-Control-Allow-Origin': '*', 'Cache-Control': 'no-cache', 'ETag': 'W/"4a0-uWAldrNaB6JZ3W4hEDmuyJqzfRM"', 'Vary': 'Accept-Encoding', 'Content-Encoding': 'gzip', 'CF-Cache-Status': 'DYNAMIC', 'Report-To': '{"endpoints":[{"url":"https:\\/\\/a.nel.cloudflare.com\\/report\\/v4?s=1hPiJWXDPk4k%2F4ErQtdDWYnV44iV3CGWMw0gD%2B%2FJBRS%2BOcZAA4Y37CmbUpS61XkJzpN%2FqDq3JI56Q5OQIxIILR6xkV8jFGTEqQe4ruYm3CxPX0kKECG4vsgOigYtExjs"}],"group":"cf-nel","max_age":604800}', 'NEL': '{"success_fraction":0,"report_to":"cf-nel","max_age":604800}', 'Server': 'cloudflare', 'CF-RAY': '8a185d69d9e33b3c-IAD', 'alt-svc': 'h3=":443"; ma=86400'} 
 body={"results":[{"gender":"male","name":{"title":"Mr","first":"Ryan","last":"Moreau"},"location":{"street":{"number":7099,"name":"Rue de L'Abbé-Roger-Derry"},"city":"Le Mans","state":"Rhône","country":"France","postcode":88972,"coordinates":{"latitude":"-18.9561","longitude":"-94.5320"},"timezone":{"offset":"+1:00","description":"Brussels, Copenhagen, Madrid, Paris"}},"email":"ryan.moreau@example.com","login":{"uuid":"db7b96ce-0a89-47f9-9d13-3478d3384449","username":"beautifulduck284","password":"sunset","salt":"aOGMD7Jh","md5":"fc63c17c54b3055db8df5316b1da33ba","sha1":"bfdd73cf545625c04dbd246d354fd33fd150c01f","sha256":"c243e05a23aa784d6953eaf78914151691f8119930f18953c09cf790ee0c3c7f"},"dob":{"date":"1959-12-14T05:35:23.085Z","age":64},"registered":{"date":"2011-06-11T22:29:51.276Z","age":13},"phone":"05-12-52-22-64","cell":"06-68-24-32-44","id":{"name":"INSEE","value":"1591141742186 66"},"picture":{"large":"https://randomuser.me/api/portraits/men/50.jpg","medium":"https://randomuser.me/api/portraits/med/men/50.jpg","thumbnail":"https://randomuser.me/api/portraits/thumb/men/50.jpg"},"nat":"FR"}],"info":{"seed":"abd70aad2e006c0a","results":1,"page":1,"version":"1.4"}} 
 </msg>
<msg time="2024-07-11T11:13:33.828971" level="INFO">/opt/hostedtoolcache/Python/3.12.4/x64/lib/python3.12/site-packages/urllib3/connectionpool.py:1099: InsecureRequestWarning: Unverified HTTPS request is being made to host 'randomuser.me'. Adding certificate verification is strongly advised. See: https://urllib3.readthedocs.io/en/latest/advanced-usage.html#tls-warnings
  warnings.warn(</msg>
<msg time="2024-07-11T11:13:33.829087" level="INFO">${response} = &lt;Response [200]&gt;</msg>
<var>${response}</var>
<arg>consultarAPI</arg>
<arg>/api</arg>
<doc>Sends a GET request on a previously created HTTP Session.</doc>
<status status="PASS" start="2024-07-11T11:13:33.737292" elapsed="0.091862"/>
</kw>
<kw name="Set Variable" owner="BuiltIn">
<msg time="2024-07-11T11:13:33.829998" level="INFO">${json_data} = {'results': [{'gender': 'male', 'name': {'title': 'Mr', 'first': 'Ryan', 'last': 'Moreau'}, 'location': {'street': {'number': 7099, 'name': "Rue de L'Abbé-Roger-Derry"}, 'city': 'Le Mans', 'state': 'R...</msg>
<var>${json_data}</var>
<arg>${response.json()}</arg>
<doc>Returns the given values which can then be assigned to a variables.</doc>
<status status="PASS" start="2024-07-11T11:13:33.829563" elapsed="0.000464"/>
</kw>
<kw name="Set Variable" owner="BuiltIn">
<msg time="2024-07-11T11:13:33.830701" level="INFO">${name_title} = Mr</msg>
<var>${name_title}</var>
<arg>${json_data["results"][0]["name"]["title"]}</arg>
<doc>Returns the given values which can then be assigned to a variables.</doc>
<status status="PASS" start="2024-07-11T11:13:33.830326" elapsed="0.000400"/>
</kw>
<kw name="Create List" owner="BuiltIn">
<msg time="2024-07-11T11:13:33.831162" level="INFO">${allowed_titles} = ['Mr', 'Ms', 'Miss', 'Mrs', 'Madame', 'Monsieur']</msg>
<var>${allowed_titles}</var>
<arg>Mr</arg>
<arg>Ms</arg>
<arg>Miss</arg>
<arg>Mrs</arg>
<arg>Madame</arg>
<arg>Monsieur</arg>
<doc>Returns a list containing given items.</doc>
<status status="PASS" start="2024-07-11T11:13:33.831017" elapsed="0.000169"/>
</kw>
<kw name="List Should Contain Value" owner="Collections">
<arg>${allowed_titles}</arg>
<arg>${name_title}</arg>
<doc>Fails if the ``value`` is not found from ``list``.</doc>
<status status="PASS" start="2024-07-11T11:13:33.831481" elapsed="0.000167"/>
</kw>
<kw name="Set Variable" owner="BuiltIn">
<msg time="2024-07-11T11:13:33.832185" level="INFO">${name_country} = FR</msg>
<var>${name_country}</var>
<arg>${json_data["results"][0]["nat"]}</arg>
<doc>Returns the given values which can then be assigned to a variables.</doc>
<status status="PASS" start="2024-07-11T11:13:33.831821" elapsed="0.000388"/>
</kw>
<kw name="Create List" owner="BuiltIn">
<msg time="2024-07-11T11:13:33.833082" level="INFO">${list_country} = ['AD', 'AE', 'AF', 'AG', 'AI', 'AL', 'AM', 'AO', 'AQ', 'AR', 'AS', 'AT', 'AU', 'AW', 'AX', 'AZ', 'BA', 'BB', 'BD', 'BE', 'BF', 'BG', 'BH', 'BI', 'BJ', 'BL', 'BM', 'BN', 'BO', 'BQ', 'BR', 'BS', 'BT', '...</msg>
<var>${list_country}</var>
<arg>AD</arg>
<arg>AE</arg>
<arg>AF</arg>
<arg>AG</arg>
<arg>AI</arg>
<arg>AL</arg>
<arg>AM</arg>
<arg>AO</arg>
<arg>AQ</arg>
<arg>AR</arg>
<arg>AS</arg>
<arg>AT</arg>
<arg>AU</arg>
<arg>AW</arg>
<arg>AX</arg>
<arg>AZ</arg>
<arg>BA</arg>
<arg>BB</arg>
<arg>BD</arg>
<arg>BE</arg>
<arg>BF</arg>
<arg>BG</arg>
<arg>BH</arg>
<arg>BI</arg>
<arg>BJ</arg>
<arg>BL</arg>
<arg>BM</arg>
<arg>BN</arg>
<arg>BO</arg>
<arg>BQ</arg>
<arg>BR</arg>
<arg>BS</arg>
<arg>BT</arg>
<arg>BV</arg>
<arg>BW</arg>
<arg>BY</arg>
<arg>BZ</arg>
<arg>CA</arg>
<arg>CC</arg>
<arg>CD</arg>
<arg>CF</arg>
<arg>CG</arg>
<arg>CH</arg>
<arg>CI</arg>
<arg>CK</arg>
<arg>CL</arg>
<arg>CM</arg>
<arg>CN</arg>
<arg>CO</arg>
<arg>CR</arg>
<arg>CU</arg>
<arg>CV</arg>
<arg>CW</arg>
<arg>CX</arg>
<arg>CY</arg>
<arg>CZ</arg>
<arg>DE</arg>
<arg>DJ</arg>
<arg>DK</arg>
<arg>DM</arg>
<arg>DO</arg>
<arg>DZ</arg>
<arg>EC</arg>
<arg>EE</arg>
<arg>EG</arg>
<arg>EH</arg>
<arg>ER</arg>
<arg>ES</arg>
<arg>ET</arg>
<arg>FI</arg>
<arg>FJ</arg>
<arg>FK</arg>
<arg>FM</arg>
<arg>FO</arg>
<arg>FR</arg>
<arg>GA</arg>
<arg>GB</arg>
<arg>GD</arg>
<arg>GE</arg>
<arg>GF</arg>
<arg>GG</arg>
<arg>GH</arg>
<arg>GI</arg>
<arg>GL</arg>
<arg>GM</arg>
<arg>GN</arg>
<arg>GP</arg>
<arg>GQ</arg>
<arg>GR</arg>
<arg>GS</arg>
<arg>GT</arg>
<arg>GU</arg>
<arg>GW</arg>
<arg>GY</arg>
<arg>HK</arg>
<arg>HM</arg>
<arg>HN</arg>
<arg>HR</arg>
<arg>HT</arg>
<arg>HU</arg>
<arg>ID</arg>
<arg>IE</arg>
<arg>IL</arg>
<arg>IM</arg>
<arg>IN</arg>
<arg>IO</arg>
<arg>IQ</arg>
<arg>IR</arg>
<arg>IS</arg>
<arg>IT</arg>
<arg>JE</arg>
<arg>JM</arg>
<arg>JO</arg>
<arg>JP</arg>
<arg>KE</arg>
<arg>KG</arg>
<arg>KH</arg>
<arg>KI</arg>
<arg>KM</arg>
<arg>KN</arg>
<arg>KP</arg>
<arg>KR</arg>
<arg>KW</arg>
<arg>KY</arg>
<arg>KZ</arg>
<arg>LA</arg>
<arg>LB</arg>
<arg>LC</arg>
<arg>LI</arg>
<arg>LK</arg>
<arg>LR</arg>
<arg>LS</arg>
<arg>LT</arg>
<arg>LU</arg>
<arg>LV</arg>
<arg>LY</arg>
<arg>MA</arg>
<arg>MC</arg>
<arg>MD</arg>
<arg>ME</arg>
<arg>MF</arg>
<arg>MG</arg>
<arg>MH</arg>
<arg>MK</arg>
<arg>ML</arg>
<arg>MM</arg>
<arg>MN</arg>
<arg>MO</arg>
<arg>MP</arg>
<arg>MQ</arg>
<arg>MR</arg>
<arg>MS</arg>
<arg>MT</arg>
<arg>MU</arg>
<arg>MV</arg>
<arg>MW</arg>
<arg>MX</arg>
<arg>MY</arg>
<arg>MZ</arg>
<arg>NA</arg>
<arg>NC</arg>
<arg>NE</arg>
<arg>NF</arg>
<arg>NG</arg>
<arg>NI</arg>
<arg>NL</arg>
<arg>NO</arg>
<arg>NP</arg>
<arg>NR</arg>
<arg>NU</arg>
<arg>NZ</arg>
<arg>OM</arg>
<arg>PA</arg>
<arg>PE</arg>
<arg>PF</arg>
<arg>PG</arg>
<arg>PH</arg>
<arg>PK</arg>
<arg>PL</arg>
<arg>PM</arg>
<arg>PN</arg>
<arg>PR</arg>
<arg>PS</arg>
<arg>PT</arg>
<arg>PW</arg>
<arg>PY</arg>
<arg>QA</arg>
<arg>RE</arg>
<arg>RO</arg>
<arg>RS</arg>
<arg>RU</arg>
<arg>RW</arg>
<arg>SA</arg>
<arg>SB</arg>
<arg>SC</arg>
<arg>SD</arg>
<arg>SE</arg>
<arg>SG</arg>
<arg>SH</arg>
<arg>SI</arg>
<arg>SJ</arg>
<arg>SK</arg>
<arg>SL</arg>
<arg>SM</arg>
<arg>SN</arg>
<arg>SO</arg>
<arg>SR</arg>
<arg>SS</arg>
<arg>ST</arg>
<arg>SV</arg>
<arg>SX</arg>
<arg>SY</arg>
<arg>SZ</arg>
<arg>TC</arg>
<arg>TD</arg>
<arg>TF</arg>
<arg>TG</arg>
<arg>TH</arg>
<arg>TJ</arg>
<arg>TK</arg>
<arg>TL</arg>
<arg>TM</arg>
<arg>TN</arg>
<arg>TO</arg>
<arg>TR</arg>
<arg>TT</arg>
<arg>TV</arg>
<arg>TW</arg>
<arg>TZ</arg>
<arg>UA</arg>
<arg>UG</arg>
<arg>UM</arg>
<arg>US</arg>
<arg>UY</arg>
<arg>UZ</arg>
<arg>VA</arg>
<arg>VC</arg>
<arg>VE</arg>
<arg>VG</arg>
<arg>VI</arg>
<arg>VN</arg>
<arg>VU</arg>
<arg>WF</arg>
<arg>WS</arg>
<arg>XK</arg>
<arg>YE</arg>
<arg>YT</arg>
<arg>ZA</arg>
<arg>ZM</arg>
<arg>ZW</arg>
<doc>Returns a list containing given items.</doc>
<status status="PASS" start="2024-07-11T11:13:33.832495" elapsed="0.000640"/>
</kw>
<kw name="List Should Contain Value" owner="Collections">
<arg>${list_country}</arg>
<arg>${name_country}</arg>
<doc>Fails if the ``value`` is not found from ``list``.</doc>
<status status="PASS" start="2024-07-11T11:13:33.833935" elapsed="0.000200"/>
</kw>
<kw name="Run Keyword If" owner="BuiltIn">
<kw name="Should Be True" owner="BuiltIn">
<arg>${True}</arg>
<doc>Fails if the given condition is not true.</doc>
<status status="PASS" start="2024-07-11T11:13:33.835047" elapsed="0.000140"/>
</kw>
<arg>${json_data["results"][0]["location"]["coordinates"]["latitude"]} &gt;= -90 and ${json_data["results"][0]["location"]["coordinates"]["latitude"]} &lt;= 90</arg>
<arg>Should Be True</arg>
<arg>${True}</arg>
<doc>Runs the given keyword with the given arguments, if ``condition`` is true.</doc>
<status status="PASS" start="2024-07-11T11:13:33.834324" elapsed="0.000986"/>
</kw>
<kw name="Run Keyword If" owner="BuiltIn">
<kw name="Should Be True" owner="BuiltIn">
<arg>${True}</arg>
<doc>Fails if the given condition is not true.</doc>
<status status="PASS" start="2024-07-11T11:13:33.836173" elapsed="0.000225"/>
</kw>
<arg>${json_data["results"][0]["location"]["coordinates"]["longitude"]} &gt;= -180 and ${json_data["results"][0]["location"]["coordinates"]["longitude"]} &lt;= 180</arg>
<arg>Should Be True</arg>
<arg>${True}</arg>
<doc>Runs the given keyword with the given arguments, if ``condition`` is true.</doc>
<status status="PASS" start="2024-07-11T11:13:33.835486" elapsed="0.001040"/>
</kw>
<status status="PASS" start="2024-07-11T11:13:33.736895" elapsed="0.099758"/>
</kw>
<doc>Testa o conteúdo específico dos campos retornados pela API.</doc>
<tag>testeConteudo</tag>
<status status="PASS" start="2024-07-11T11:13:33.736233" elapsed="0.100556"/>
</test>
<status status="PASS" start="2024-07-11T11:13:32.923957" elapsed="0.914767"/>
</suite>
<status status="PASS" start="2024-07-11T11:13:32.909787" elapsed="0.933913"/>
</suite>
<statistics>
<total>
<stat pass="5" fail="0" skip="0">All Tests</stat>
</total>
<tag>
<stat pass="1" fail="0" skip="0">testeConteudo</stat>
<stat pass="1" fail="0" skip="0">testeEstruturaResposta</stat>
<stat pass="1" fail="0" skip="0">testeRequisicaoBasica</stat>
<stat pass="1" fail="0" skip="0">testeTiposDados</stat>
</tag>
<suite>
<stat pass="5" fail="0" skip="0" id="s1" name="Tests">Tests</stat>
<stat pass="5" fail="0" skip="0" id="s1-s1" name="Random-User-Test">Tests.Random-User-Test</stat>
</suite>
</statistics>
<errors>
</errors>
</robot>
