<?xml version="1.0" encoding="UTF-8"?>
<robot generator="Robot 7.0 (Python 3.12.3 on linux)" generated="2024-05-04T18:16:59.693016" rpa="false" schemaversion="5">
<suite id="s1" name="Tests" source="/home/runner/work/DesafioQAItauRogerioJordao/DesafioQAItauRogerioJordao/RamdonUser/tests">
<suite id="s1-s1" name="Random-User-Test" source="/home/runner/work/DesafioQAItauRogerioJordao/DesafioQAItauRogerioJordao/RamdonUser/tests/random-user-test.robot">
<test id="s1-s1-t1" name="Conectar" line="13">
<kw name="Conectar API" owner="random-user-service">
<kw name="Create Session" owner="RequestsLibrary">
<msg time="2024-05-04T18:17:00.081867" level="INFO">Creating Session using : alias=consultarAPI, url=https://randomuser.me/, headers={},                     cookies={}, auth=None, timeout=None, proxies=None, verify=False,                     debug=0 </msg>
<arg>consultarAPI</arg>
<arg>${URL}</arg>
<doc>Create Session: create a HTTP session to a server</doc>
<status status="PASS" start="2024-05-04T18:17:00.081652" elapsed="0.000433"/>
</kw>
<status status="PASS" start="2024-05-04T18:17:00.080592" elapsed="0.001880"/>
</kw>
<status status="PASS" start="2024-05-04T18:17:00.079897" elapsed="0.002771"/>
</test>
<test id="s1-s1-t2" name="Validar retorno 200 e JSON Válido" line="16">
<kw name="Teste de Requisicao Basica" owner="random-user-service">
<kw name="GET On Session" owner="RequestsLibrary">
<msg time="2024-05-04T18:17:00.308306" level="INFO">GET Request : url=https://randomuser.me/api 
 path_url=/api 
 headers={'User-Agent': 'python-requests/2.31.0', 'Accept-Encoding': 'gzip, deflate', 'Accept': '*/*', 'Connection': 'keep-alive'} 
 body=None 
 </msg>
<msg time="2024-05-04T18:17:00.308464" level="INFO">GET Response : url=https://randomuser.me/api 
 status=200, reason=OK 
 headers={'Date': 'Sat, 04 May 2024 18:17:00 GMT', 'Content-Type': 'application/json; charset=utf-8', 'Transfer-Encoding': 'chunked', 'Connection': 'keep-alive', 'X-Powered-By': 'Express', 'Access-Control-Allow-Origin': '*', 'Cache-Control': 'no-cache', 'ETag': 'W/"485-RsUAIftEIec2PZXNdtYN/BQuI0Q"', 'Vary': 'Accept-Encoding', 'Content-Encoding': 'gzip', 'CF-Cache-Status': 'DYNAMIC', 'Report-To': '{"endpoints":[{"url":"https:\\/\\/a.nel.cloudflare.com\\/report\\/v4?s=mVMxXdvB7GSOtIz86RhvtjEHUSkLCzTPIH8CRoVO5m9gwOwCD3d7DHmZV%2BWecjXNKSFYpD7JqszwxigY0PRYKT67U5B1dLSdcqW01xRtPGL2rFBQkJGFDscGutMddmFV"}],"group":"cf-nel","max_age":604800}', 'NEL': '{"success_fraction":0,"report_to":"cf-nel","max_age":604800}', 'Server': 'cloudflare', 'CF-RAY': '87ea7c30adf338fe-IAD', 'alt-svc': 'h3=":443"; ma=86400'} 
 body={"results":[{"gender":"female","name":{"title":"Mrs","first":"Isabella","last":"Myers"},"location":{"street":{"number":3647,"name":"Spring Hill Rd"},"city":"Toowoomba","state":"New South Wales","country":"Australia","postcode":9106,"coordinates":{"latitude":"-89.3328","longitude":"145.8688"},"timezone":{"offset":"+3:30","description":"Tehran"}},"email":"isabella.myers@example.com","login":{"uuid":"6a795cd2-5f6e-41ac-a202-b85232e68c0b","username":"blackostrich593","password":"135790","salt":"0A3hNW5i","md5":"42ed3513206aafe8256b18f3692424f9","sha1":"80e856eaff16a1588a08cffd3dc93732f7b9af46","sha256":"f24f101ff5c12ae70f621a54c257b3f54be4ea2e466bd548f3e92fec287ae290"},"dob":{"date":"1965-09-05T05:12:08.010Z","age":58},"registered":{"date":"2005-11-12T02:11:53.718Z","age":18},"phone":"01-9458-0770","cell":"0484-179-634","id":{"name":"TFN","value":"229872974"},"picture":{"large":"https://randomuser.me/api/portraits/women/19.jpg","medium":"https://randomuser.me/api/portraits/med/women/19.jpg","thumbnail":"https://randomuser.me/api/portraits/thumb/women/19.jpg"},"nat":"AU"}],"info":{"seed":"704c8c437741376a","results":1,"page":1,"version":"1.4"}} 
 </msg>
<msg time="2024-05-04T18:17:00.308546" level="INFO">/opt/hostedtoolcache/Python/3.12.3/x64/lib/python3.12/site-packages/urllib3/connectionpool.py:1103: InsecureRequestWarning: Unverified HTTPS request is being made to host 'randomuser.me'. Adding certificate verification is strongly advised. See: https://urllib3.readthedocs.io/en/latest/advanced-usage.html#tls-warnings
  warnings.warn(</msg>
<msg time="2024-05-04T18:17:00.308699" level="INFO">${response} = &lt;Response [200]&gt;</msg>
<var>${response}</var>
<arg>consultarAPI</arg>
<arg>/api</arg>
<doc>Sends a GET request on a previously created HTTP Session.</doc>
<status status="PASS" start="2024-05-04T18:17:00.085548" elapsed="0.223194"/>
</kw>
<kw name="Should Be Equal As Numbers" owner="BuiltIn">
<msg time="2024-05-04T18:17:00.309791" level="INFO">Argument types are:
&lt;class 'int'&gt;
&lt;class 'str'&gt;</msg>
<arg>${response.status_code}</arg>
<arg>200</arg>
<doc>Fails if objects are unequal after converting them to real numbers.</doc>
<status status="PASS" start="2024-05-04T18:17:00.309327" elapsed="0.000530"/>
</kw>
<kw name="Log" owner="BuiltIn">
<msg time="2024-05-04T18:17:00.310559" level="INFO">200</msg>
<arg>${response.status_code}</arg>
<doc>Logs the given message with the given level.</doc>
<status status="PASS" start="2024-05-04T18:17:00.310210" elapsed="0.000391"/>
</kw>
<kw name="Set Variable" owner="BuiltIn">
<msg time="2024-05-04T18:17:00.311339" level="INFO">${json_data} = {'results': [{'gender': 'female', 'name': {'title': 'Mrs', 'first': 'Isabella', 'last': 'Myers'}, 'location': {'street': {'number': 3647, 'name': 'Spring Hill Rd'}, 'city': 'Toowoomba', 'state': 'New ...</msg>
<var>${json_data}</var>
<arg>${response.json()}</arg>
<doc>Returns the given values which can then be assigned to a variables.</doc>
<status status="PASS" start="2024-05-04T18:17:00.310903" elapsed="0.000464"/>
</kw>
<kw name="Dictionary Should Contain Key" owner="Collections">
<msg time="2024-05-04T18:17:00.311877" level="INFO">False</msg>
<arg>${json_data}</arg>
<arg>results</arg>
<doc>Fails if ``key`` is not found from ``dictionary``.</doc>
<status status="PASS" start="2024-05-04T18:17:00.311663" elapsed="0.000255"/>
</kw>
<status status="PASS" start="2024-05-04T18:17:00.085277" elapsed="0.226901"/>
</kw>
<doc>Testa se a API responde corretamente e retorna um objeto JSON válido.</doc>
<tag>testeRequisicaoBasica</tag>
<status status="PASS" start="2024-05-04T18:17:00.084665" elapsed="0.227698"/>
</test>
<test id="s1-s1-t3" name="Validar estrutura de resposta" line="22">
<kw name="Teste de Estrutura de Resposta" owner="random-user-service">
<kw name="GET On Session" owner="RequestsLibrary">
<msg time="2024-05-04T18:17:00.418452" level="INFO">GET Request : url=https://randomuser.me/api 
 path_url=/api 
 headers={'User-Agent': 'python-requests/2.31.0', 'Accept-Encoding': 'gzip, deflate', 'Accept': '*/*', 'Connection': 'keep-alive'} 
 body=None 
 </msg>
<msg time="2024-05-04T18:17:00.418554" level="INFO">GET Response : url=https://randomuser.me/api 
 status=200, reason=OK 
 headers={'Date': 'Sat, 04 May 2024 18:17:00 GMT', 'Content-Type': 'application/json; charset=utf-8', 'Transfer-Encoding': 'chunked', 'Connection': 'keep-alive', 'X-Powered-By': 'Express', 'Access-Control-Allow-Origin': '*', 'Cache-Control': 'no-cache', 'ETag': 'W/"492-hkSr3TqmABf55tzxhiRs1bAJpYE"', 'Vary': 'Accept-Encoding', 'Content-Encoding': 'gzip', 'CF-Cache-Status': 'DYNAMIC', 'Report-To': '{"endpoints":[{"url":"https:\\/\\/a.nel.cloudflare.com\\/report\\/v4?s=Eh%2FsmedM9IE3D2kWUPtNkTbypssd7aOgV7ppFPdLLhUxDwllN%2FURsG1Ddfp8m7ygcWNDpw66Zbpi8o4OWTylSSYW1Bw%2Fm1D9OSLJX1dFlsOHoICNEGjFdymdUQc9t%2BNL"}],"group":"cf-nel","max_age":604800}', 'NEL': '{"success_fraction":0,"report_to":"cf-nel","max_age":604800}', 'Server': 'cloudflare', 'CF-RAY': '87ea7c30fe4338fe-IAD', 'alt-svc': 'h3=":443"; ma=86400'} 
 body={"results":[{"gender":"male","name":{"title":"Mr","first":"Álvaro","last":"Román"},"location":{"street":{"number":2670,"name":"Avenida del Planetario"},"city":"Elche","state":"Galicia","country":"Spain","postcode":61520,"coordinates":{"latitude":"-33.3875","longitude":"-62.4886"},"timezone":{"offset":"-4:00","description":"Atlantic Time (Canada), Caracas, La Paz"}},"email":"alvaro.roman@example.com","login":{"uuid":"1c4423a9-2de3-4d6b-9b2c-7b4855b0f822","username":"blackrabbit510","password":"quartz","salt":"h16n2yTJ","md5":"9dd59344434d16179eabd4b0a69d3dc8","sha1":"e33a00147440fa94420858e39142e4ca54bc262f","sha256":"0a570ec2b78b886e89f2b33da569b97f2980d49a4f8c663a7ca370da040fad73"},"dob":{"date":"1985-12-12T08:31:34.015Z","age":38},"registered":{"date":"2007-04-14T10:08:30.357Z","age":17},"phone":"933-709-511","cell":"635-093-092","id":{"name":"DNI","value":"78355056-V"},"picture":{"large":"https://randomuser.me/api/portraits/men/52.jpg","medium":"https://randomuser.me/api/portraits/med/men/52.jpg","thumbnail":"https://randomuser.me/api/portraits/thumb/men/52.jpg"},"nat":"ES"}],"info":{"seed":"6ea739b06b01a1ba","results":1,"page":1,"version":"1.4"}} 
 </msg>
<msg time="2024-05-04T18:17:00.418676" level="INFO">/opt/hostedtoolcache/Python/3.12.3/x64/lib/python3.12/site-packages/urllib3/connectionpool.py:1103: InsecureRequestWarning: Unverified HTTPS request is being made to host 'randomuser.me'. Adding certificate verification is strongly advised. See: https://urllib3.readthedocs.io/en/latest/advanced-usage.html#tls-warnings
  warnings.warn(</msg>
<msg time="2024-05-04T18:17:00.418816" level="INFO">${response} = &lt;Response [200]&gt;</msg>
<var>${response}</var>
<arg>consultarAPI</arg>
<arg>/api</arg>
<doc>Sends a GET request on a previously created HTTP Session.</doc>
<status status="PASS" start="2024-05-04T18:17:00.314971" elapsed="0.103885"/>
</kw>
<kw name="Set Variable" owner="BuiltIn">
<msg time="2024-05-04T18:17:00.420044" level="INFO">${json_data} = {'results': [{'gender': 'male', 'name': {'title': 'Mr', 'first': 'Álvaro', 'last': 'Román'}, 'location': {'street': {'number': 2670, 'name': 'Avenida del Planetario'}, 'city': 'Elche', 'state': 'Galic...</msg>
<var>${json_data}</var>
<arg>${response.json()}</arg>
<doc>Returns the given values which can then be assigned to a variables.</doc>
<status status="PASS" start="2024-05-04T18:17:00.419461" elapsed="0.000613"/>
</kw>
<kw name="Log" owner="BuiltIn">
<msg time="2024-05-04T18:17:00.420554" level="INFO">{'results': [{'gender': 'male', 'name': {'title': 'Mr', 'first': 'Álvaro', 'last': 'Román'}, 'location': {'street': {'number': 2670, 'name': 'Avenida del Planetario'}, 'city': 'Elche', 'state': 'Galicia', 'country': 'Spain', 'postcode': 61520, 'coordinates': {'latitude': '-33.3875', 'longitude': '-62.4886'}, 'timezone': {'offset': '-4:00', 'description': 'Atlantic Time (Canada), Caracas, La Paz'}}, 'email': 'alvaro.roman@example.com', 'login': {'uuid': '1c4423a9-2de3-4d6b-9b2c-7b4855b0f822', 'username': 'blackrabbit510', 'password': 'quartz', 'salt': 'h16n2yTJ', 'md5': '9dd59344434d16179eabd4b0a69d3dc8', 'sha1': 'e33a00147440fa94420858e39142e4ca54bc262f', 'sha256': '0a570ec2b78b886e89f2b33da569b97f2980d49a4f8c663a7ca370da040fad73'}, 'dob': {'date': '1985-12-12T08:31:34.015Z', 'age': 38}, 'registered': {'date': '2007-04-14T10:08:30.357Z', 'age': 17}, 'phone': '933-709-511', 'cell': '635-093-092', 'id': {'name': 'DNI', 'value': '78355056-V'}, 'picture': {'large': 'https://randomuser.me/api/portraits/men/52.jpg', 'medium': 'https://randomuser.me/api/portraits/med/men/52.jpg', 'thumbnail': 'https://randomuser.me/api/portraits/thumb/men/52.jpg'}, 'nat': 'ES'}], 'info': {'seed': '6ea739b06b01a1ba', 'results': 1, 'page': 1, 'version': '1.4'}}</msg>
<arg>${json_data}</arg>
<doc>Logs the given message with the given level.</doc>
<status status="PASS" start="2024-05-04T18:17:00.420386" elapsed="0.000218"/>
</kw>
<kw name="Dictionary Should Contain Key" owner="Collections">
<msg time="2024-05-04T18:17:00.421051" level="INFO">False</msg>
<arg>${json_data}</arg>
<arg>results</arg>
<doc>Fails if ``key`` is not found from ``dictionary``.</doc>
<status status="PASS" start="2024-05-04T18:17:00.420898" elapsed="0.000189"/>
</kw>
<kw name="Should Not Be Empty" owner="BuiltIn">
<msg time="2024-05-04T18:17:00.421500" level="INFO">Length is 2.</msg>
<arg>${json_data}</arg>
<doc>Verifies that the given item is not empty.</doc>
<status status="PASS" start="2024-05-04T18:17:00.421371" elapsed="0.000165"/>
</kw>
<kw name="Create List" owner="BuiltIn">
<msg time="2024-05-04T18:17:00.422138" level="INFO">${expected_keys} = ['gender', 'name', 'location', 'email', 'login']</msg>
<var>${expected_keys}</var>
<arg>gender</arg>
<arg>name</arg>
<arg>location</arg>
<arg>email</arg>
<arg>login</arg>
<doc>Returns a list containing given items.</doc>
<status status="PASS" start="2024-05-04T18:17:00.421826" elapsed="0.000337"/>
</kw>
<for flavor="IN">
<iter>
<kw name="Dictionary Should Contain Key" owner="Collections">
<msg time="2024-05-04T18:17:00.423152" level="INFO">False</msg>
<arg>${json_data['results'][0]}</arg>
<arg>${key}</arg>
<doc>Fails if ``key`` is not found from ``dictionary``.</doc>
<status status="PASS" start="2024-05-04T18:17:00.422747" elapsed="0.000442"/>
</kw>
<kw name="Log" owner="BuiltIn">
<msg time="2024-05-04T18:17:00.423868" level="INFO">{'gender': 'male', 'name': {'title': 'Mr', 'first': 'Álvaro', 'last': 'Román'}, 'location': {'street': {'number': 2670, 'name': 'Avenida del Planetario'}, 'city': 'Elche', 'state': 'Galicia', 'country': 'Spain', 'postcode': 61520, 'coordinates': {'latitude': '-33.3875', 'longitude': '-62.4886'}, 'timezone': {'offset': '-4:00', 'description': 'Atlantic Time (Canada), Caracas, La Paz'}}, 'email': 'alvaro.roman@example.com', 'login': {'uuid': '1c4423a9-2de3-4d6b-9b2c-7b4855b0f822', 'username': 'blackrabbit510', 'password': 'quartz', 'salt': 'h16n2yTJ', 'md5': '9dd59344434d16179eabd4b0a69d3dc8', 'sha1': 'e33a00147440fa94420858e39142e4ca54bc262f', 'sha256': '0a570ec2b78b886e89f2b33da569b97f2980d49a4f8c663a7ca370da040fad73'}, 'dob': {'date': '1985-12-12T08:31:34.015Z', 'age': 38}, 'registered': {'date': '2007-04-14T10:08:30.357Z', 'age': 17}, 'phone': '933-709-511', 'cell': '635-093-092', 'id': {'name': 'DNI', 'value': '78355056-V'}, 'picture': {'large': 'https://randomuser.me/api/portraits/men/52.jpg', 'medium': 'https://randomuser.me/api/portraits/med/men/52.jpg', 'thumbnail': 'https://randomuser.me/api/portraits/thumb/men/52.jpg'}, 'nat': 'ES'}</msg>
<arg>${json_data['results'][0]}</arg>
<doc>Logs the given message with the given level.</doc>
<status status="PASS" start="2024-05-04T18:17:00.423479" elapsed="0.000439"/>
</kw>
<kw name="Log" owner="BuiltIn">
<msg time="2024-05-04T18:17:00.424342" level="INFO">gender</msg>
<arg>${key}</arg>
<doc>Logs the given message with the given level.</doc>
<status status="PASS" start="2024-05-04T18:17:00.424216" elapsed="0.000162"/>
</kw>
<var name="${key}">gender</var>
<status status="PASS" start="2024-05-04T18:17:00.422623" elapsed="0.001963"/>
</iter>
<iter>
<kw name="Dictionary Should Contain Key" owner="Collections">
<msg time="2024-05-04T18:17:00.425268" level="INFO">False</msg>
<arg>${json_data['results'][0]}</arg>
<arg>${key}</arg>
<doc>Fails if ``key`` is not found from ``dictionary``.</doc>
<status status="PASS" start="2024-05-04T18:17:00.424882" elapsed="0.000422"/>
</kw>
<kw name="Log" owner="BuiltIn">
<msg time="2024-05-04T18:17:00.425983" level="INFO">{'gender': 'male', 'name': {'title': 'Mr', 'first': 'Álvaro', 'last': 'Román'}, 'location': {'street': {'number': 2670, 'name': 'Avenida del Planetario'}, 'city': 'Elche', 'state': 'Galicia', 'country': 'Spain', 'postcode': 61520, 'coordinates': {'latitude': '-33.3875', 'longitude': '-62.4886'}, 'timezone': {'offset': '-4:00', 'description': 'Atlantic Time (Canada), Caracas, La Paz'}}, 'email': 'alvaro.roman@example.com', 'login': {'uuid': '1c4423a9-2de3-4d6b-9b2c-7b4855b0f822', 'username': 'blackrabbit510', 'password': 'quartz', 'salt': 'h16n2yTJ', 'md5': '9dd59344434d16179eabd4b0a69d3dc8', 'sha1': 'e33a00147440fa94420858e39142e4ca54bc262f', 'sha256': '0a570ec2b78b886e89f2b33da569b97f2980d49a4f8c663a7ca370da040fad73'}, 'dob': {'date': '1985-12-12T08:31:34.015Z', 'age': 38}, 'registered': {'date': '2007-04-14T10:08:30.357Z', 'age': 17}, 'phone': '933-709-511', 'cell': '635-093-092', 'id': {'name': 'DNI', 'value': '78355056-V'}, 'picture': {'large': 'https://randomuser.me/api/portraits/men/52.jpg', 'medium': 'https://randomuser.me/api/portraits/med/men/52.jpg', 'thumbnail': 'https://randomuser.me/api/portraits/thumb/men/52.jpg'}, 'nat': 'ES'}</msg>
<arg>${json_data['results'][0]}</arg>
<doc>Logs the given message with the given level.</doc>
<status status="PASS" start="2024-05-04T18:17:00.425622" elapsed="0.000410"/>
</kw>
<kw name="Log" owner="BuiltIn">
<msg time="2024-05-04T18:17:00.426449" level="INFO">name</msg>
<arg>${key}</arg>
<doc>Logs the given message with the given level.</doc>
<status status="PASS" start="2024-05-04T18:17:00.426325" elapsed="0.000160"/>
</kw>
<var name="${key}">name</var>
<status status="PASS" start="2024-05-04T18:17:00.424768" elapsed="0.001926"/>
</iter>
<iter>
<kw name="Dictionary Should Contain Key" owner="Collections">
<msg time="2024-05-04T18:17:00.427354" level="INFO">False</msg>
<arg>${json_data['results'][0]}</arg>
<arg>${key}</arg>
<doc>Fails if ``key`` is not found from ``dictionary``.</doc>
<status status="PASS" start="2024-05-04T18:17:00.426977" elapsed="0.000412"/>
</kw>
<kw name="Log" owner="BuiltIn">
<msg time="2024-05-04T18:17:00.428080" level="INFO">{'gender': 'male', 'name': {'title': 'Mr', 'first': 'Álvaro', 'last': 'Román'}, 'location': {'street': {'number': 2670, 'name': 'Avenida del Planetario'}, 'city': 'Elche', 'state': 'Galicia', 'country': 'Spain', 'postcode': 61520, 'coordinates': {'latitude': '-33.3875', 'longitude': '-62.4886'}, 'timezone': {'offset': '-4:00', 'description': 'Atlantic Time (Canada), Caracas, La Paz'}}, 'email': 'alvaro.roman@example.com', 'login': {'uuid': '1c4423a9-2de3-4d6b-9b2c-7b4855b0f822', 'username': 'blackrabbit510', 'password': 'quartz', 'salt': 'h16n2yTJ', 'md5': '9dd59344434d16179eabd4b0a69d3dc8', 'sha1': 'e33a00147440fa94420858e39142e4ca54bc262f', 'sha256': '0a570ec2b78b886e89f2b33da569b97f2980d49a4f8c663a7ca370da040fad73'}, 'dob': {'date': '1985-12-12T08:31:34.015Z', 'age': 38}, 'registered': {'date': '2007-04-14T10:08:30.357Z', 'age': 17}, 'phone': '933-709-511', 'cell': '635-093-092', 'id': {'name': 'DNI', 'value': '78355056-V'}, 'picture': {'large': 'https://randomuser.me/api/portraits/men/52.jpg', 'medium': 'https://randomuser.me/api/portraits/med/men/52.jpg', 'thumbnail': 'https://randomuser.me/api/portraits/thumb/men/52.jpg'}, 'nat': 'ES'}</msg>
<arg>${json_data['results'][0]}</arg>
<doc>Logs the given message with the given level.</doc>
<status status="PASS" start="2024-05-04T18:17:00.427683" elapsed="0.000445"/>
</kw>
<kw name="Log" owner="BuiltIn">
<msg time="2024-05-04T18:17:00.428549" level="INFO">location</msg>
<arg>${key}</arg>
<doc>Logs the given message with the given level.</doc>
<status status="PASS" start="2024-05-04T18:17:00.428425" elapsed="0.000161"/>
</kw>
<var name="${key}">location</var>
<status status="PASS" start="2024-05-04T18:17:00.426867" elapsed="0.001934"/>
</iter>
<iter>
<kw name="Dictionary Should Contain Key" owner="Collections">
<msg time="2024-05-04T18:17:00.429452" level="INFO">False</msg>
<arg>${json_data['results'][0]}</arg>
<arg>${key}</arg>
<doc>Fails if ``key`` is not found from ``dictionary``.</doc>
<status status="PASS" start="2024-05-04T18:17:00.429078" elapsed="0.000410"/>
</kw>
<kw name="Log" owner="BuiltIn">
<msg time="2024-05-04T18:17:00.430137" level="INFO">{'gender': 'male', 'name': {'title': 'Mr', 'first': 'Álvaro', 'last': 'Román'}, 'location': {'street': {'number': 2670, 'name': 'Avenida del Planetario'}, 'city': 'Elche', 'state': 'Galicia', 'country': 'Spain', 'postcode': 61520, 'coordinates': {'latitude': '-33.3875', 'longitude': '-62.4886'}, 'timezone': {'offset': '-4:00', 'description': 'Atlantic Time (Canada), Caracas, La Paz'}}, 'email': 'alvaro.roman@example.com', 'login': {'uuid': '1c4423a9-2de3-4d6b-9b2c-7b4855b0f822', 'username': 'blackrabbit510', 'password': 'quartz', 'salt': 'h16n2yTJ', 'md5': '9dd59344434d16179eabd4b0a69d3dc8', 'sha1': 'e33a00147440fa94420858e39142e4ca54bc262f', 'sha256': '0a570ec2b78b886e89f2b33da569b97f2980d49a4f8c663a7ca370da040fad73'}, 'dob': {'date': '1985-12-12T08:31:34.015Z', 'age': 38}, 'registered': {'date': '2007-04-14T10:08:30.357Z', 'age': 17}, 'phone': '933-709-511', 'cell': '635-093-092', 'id': {'name': 'DNI', 'value': '78355056-V'}, 'picture': {'large': 'https://randomuser.me/api/portraits/men/52.jpg', 'medium': 'https://randomuser.me/api/portraits/med/men/52.jpg', 'thumbnail': 'https://randomuser.me/api/portraits/thumb/men/52.jpg'}, 'nat': 'ES'}</msg>
<arg>${json_data['results'][0]}</arg>
<doc>Logs the given message with the given level.</doc>
<status status="PASS" start="2024-05-04T18:17:00.429782" elapsed="0.000403"/>
</kw>
<kw name="Log" owner="BuiltIn">
<msg time="2024-05-04T18:17:00.430604" level="INFO">email</msg>
<arg>${key}</arg>
<doc>Logs the given message with the given level.</doc>
<status status="PASS" start="2024-05-04T18:17:00.430481" elapsed="0.000159"/>
</kw>
<var name="${key}">email</var>
<status status="PASS" start="2024-05-04T18:17:00.428969" elapsed="0.001883"/>
</iter>
<iter>
<kw name="Dictionary Should Contain Key" owner="Collections">
<msg time="2024-05-04T18:17:00.431502" level="INFO">False</msg>
<arg>${json_data['results'][0]}</arg>
<arg>${key}</arg>
<doc>Fails if ``key`` is not found from ``dictionary``.</doc>
<status status="PASS" start="2024-05-04T18:17:00.431127" elapsed="0.000411"/>
</kw>
<kw name="Log" owner="BuiltIn">
<msg time="2024-05-04T18:17:00.432221" level="INFO">{'gender': 'male', 'name': {'title': 'Mr', 'first': 'Álvaro', 'last': 'Román'}, 'location': {'street': {'number': 2670, 'name': 'Avenida del Planetario'}, 'city': 'Elche', 'state': 'Galicia', 'country': 'Spain', 'postcode': 61520, 'coordinates': {'latitude': '-33.3875', 'longitude': '-62.4886'}, 'timezone': {'offset': '-4:00', 'description': 'Atlantic Time (Canada), Caracas, La Paz'}}, 'email': 'alvaro.roman@example.com', 'login': {'uuid': '1c4423a9-2de3-4d6b-9b2c-7b4855b0f822', 'username': 'blackrabbit510', 'password': 'quartz', 'salt': 'h16n2yTJ', 'md5': '9dd59344434d16179eabd4b0a69d3dc8', 'sha1': 'e33a00147440fa94420858e39142e4ca54bc262f', 'sha256': '0a570ec2b78b886e89f2b33da569b97f2980d49a4f8c663a7ca370da040fad73'}, 'dob': {'date': '1985-12-12T08:31:34.015Z', 'age': 38}, 'registered': {'date': '2007-04-14T10:08:30.357Z', 'age': 17}, 'phone': '933-709-511', 'cell': '635-093-092', 'id': {'name': 'DNI', 'value': '78355056-V'}, 'picture': {'large': 'https://randomuser.me/api/portraits/men/52.jpg', 'medium': 'https://randomuser.me/api/portraits/med/men/52.jpg', 'thumbnail': 'https://randomuser.me/api/portraits/thumb/men/52.jpg'}, 'nat': 'ES'}</msg>
<arg>${json_data['results'][0]}</arg>
<doc>Logs the given message with the given level.</doc>
<status status="PASS" start="2024-05-04T18:17:00.431854" elapsed="0.000415"/>
</kw>
<kw name="Log" owner="BuiltIn">
<msg time="2024-05-04T18:17:00.432689" level="INFO">login</msg>
<arg>${key}</arg>
<doc>Logs the given message with the given level.</doc>
<status status="PASS" start="2024-05-04T18:17:00.432565" elapsed="0.000162"/>
</kw>
<var name="${key}">login</var>
<status status="PASS" start="2024-05-04T18:17:00.431019" elapsed="0.001945"/>
</iter>
<var>${key}</var>
<value>@{expected_keys}</value>
<status status="PASS" start="2024-05-04T18:17:00.422428" elapsed="0.010658"/>
</for>
<kw name="Create List" owner="BuiltIn">
<msg time="2024-05-04T18:17:00.433411" level="INFO">${expected_keysTwo} = ['username', 'password']</msg>
<var>${expected_keysTwo}</var>
<arg>username</arg>
<arg>password</arg>
<doc>Returns a list containing given items.</doc>
<status status="PASS" start="2024-05-04T18:17:00.433277" elapsed="0.000157"/>
</kw>
<for flavor="IN">
<iter>
<kw name="Dictionary Should Contain Key" owner="Collections">
<msg time="2024-05-04T18:17:00.434305" level="INFO">False</msg>
<arg>${json_data['results'][0]['login']}</arg>
<arg>${keyTwo}</arg>
<doc>Fails if ``key`` is not found from ``dictionary``.</doc>
<status status="PASS" start="2024-05-04T18:17:00.433923" elapsed="0.000419"/>
</kw>
<kw name="Dictionary Should Contain Key" owner="Collections">
<msg time="2024-05-04T18:17:00.435004" level="INFO">False</msg>
<arg>${json_data['results'][0]['login']}</arg>
<arg>${keyTwo}</arg>
<doc>Fails if ``key`` is not found from ``dictionary``.</doc>
<status status="PASS" start="2024-05-04T18:17:00.434630" elapsed="0.000411"/>
</kw>
<kw name="Log" owner="BuiltIn">
<msg time="2024-05-04T18:17:00.435451" level="INFO">username</msg>
<arg>${keyTwo}</arg>
<doc>Logs the given message with the given level.</doc>
<status status="PASS" start="2024-05-04T18:17:00.435326" elapsed="0.000167"/>
</kw>
<var name="${keyTwo}">username</var>
<status status="PASS" start="2024-05-04T18:17:00.433815" elapsed="0.001890"/>
</iter>
<iter>
<kw name="Dictionary Should Contain Key" owner="Collections">
<msg time="2024-05-04T18:17:00.436405" level="INFO">False</msg>
<arg>${json_data['results'][0]['login']}</arg>
<arg>${keyTwo}</arg>
<doc>Fails if ``key`` is not found from ``dictionary``.</doc>
<status status="PASS" start="2024-05-04T18:17:00.436024" elapsed="0.000419"/>
</kw>
<kw name="Dictionary Should Contain Key" owner="Collections">
<msg time="2024-05-04T18:17:00.437194" level="INFO">False</msg>
<arg>${json_data['results'][0]['login']}</arg>
<arg>${keyTwo}</arg>
<doc>Fails if ``key`` is not found from ``dictionary``.</doc>
<status status="PASS" start="2024-05-04T18:17:00.436732" elapsed="0.000500"/>
</kw>
<kw name="Log" owner="BuiltIn">
<msg time="2024-05-04T18:17:00.437650" level="INFO">password</msg>
<arg>${keyTwo}</arg>
<doc>Logs the given message with the given level.</doc>
<status status="PASS" start="2024-05-04T18:17:00.437524" elapsed="0.000170"/>
</kw>
<var name="${keyTwo}">password</var>
<status status="PASS" start="2024-05-04T18:17:00.435913" elapsed="0.001998"/>
</iter>
<var>${keyTwo}</var>
<value>@{expected_keysTwo}</value>
<status status="PASS" start="2024-05-04T18:17:00.433667" elapsed="0.004364"/>
</for>
<status status="PASS" start="2024-05-04T18:17:00.314735" elapsed="0.123437"/>
</kw>
<doc>Testa a estrutura da resposta da API.</doc>
<tag>testeEstruturaResposta</tag>
<status status="PASS" start="2024-05-04T18:17:00.314211" elapsed="0.124116"/>
</test>
<test id="s1-s1-t4" name="Validar tipos de dados" line="28">
<kw name="Teste de Tipos de Dados" owner="random-user-service">
<kw name="GET On Session" owner="RequestsLibrary">
<msg time="2024-05-04T18:17:00.534683" level="INFO">GET Request : url=https://randomuser.me/api 
 path_url=/api 
 headers={'User-Agent': 'python-requests/2.31.0', 'Accept-Encoding': 'gzip, deflate', 'Accept': '*/*', 'Connection': 'keep-alive'} 
 body=None 
 </msg>
<msg time="2024-05-04T18:17:00.534785" level="INFO">GET Response : url=https://randomuser.me/api 
 status=200, reason=OK 
 headers={'Date': 'Sat, 04 May 2024 18:17:00 GMT', 'Content-Type': 'application/json; charset=utf-8', 'Transfer-Encoding': 'chunked', 'Connection': 'keep-alive', 'X-Powered-By': 'Express', 'Access-Control-Allow-Origin': '*', 'Cache-Control': 'no-cache', 'ETag': 'W/"49e-N2mvRgF9qwC4iT+OqkqRr/CAgdw"', 'Vary': 'Accept-Encoding', 'Content-Encoding': 'gzip', 'CF-Cache-Status': 'DYNAMIC', 'Report-To': '{"endpoints":[{"url":"https:\\/\\/a.nel.cloudflare.com\\/report\\/v4?s=Ga6zBdHlw4eyT6w4F%2BeimHfGgxVYX9Kq5UhZzyTPWSyLVJgsd9ZqXOc3sN2zVry5nVb22QetJ47x%2B%2BvtPTSDmFpMH5HhmOrbvkxCziRh00w581z%2BmWtbGF6kr75LW6Za"}],"group":"cf-nel","max_age":604800}', 'NEL': '{"success_fraction":0,"report_to":"cf-nel","max_age":604800}', 'Server': 'cloudflare', 'CF-RAY': '87ea7c31cf4338fe-IAD', 'alt-svc': 'h3=":443"; ma=86400'} 
 body={"results":[{"gender":"female","name":{"title":"Mademoiselle","first":"Elisabeth","last":"Legrand"},"location":{"street":{"number":2007,"name":"Rue de Gerland"},"city":"Founex","state":"Zug","country":"Switzerland","postcode":5988,"coordinates":{"latitude":"-62.5641","longitude":"142.3383"},"timezone":{"offset":"+7:00","description":"Bangkok, Hanoi, Jakarta"}},"email":"elisabeth.legrand@example.com","login":{"uuid":"48dd384f-6f20-4dc2-90cb-fbb3248e162d","username":"silverzebra732","password":"shui","salt":"7kcZWiwb","md5":"7ed93ffc14621d495f139d44cbee0641","sha1":"ae2f34a4fba934547f5b2147d72364d12ce4fd80","sha256":"197844726a5ef09f7cc376000c277f9fc99c49a09efe160f0ea602d2889f3dc8"},"dob":{"date":"1985-05-31T08:06:11.511Z","age":38},"registered":{"date":"2006-09-22T15:41:01.634Z","age":17},"phone":"079 141 84 22","cell":"076 219 38 56","id":{"name":"AVS","value":"756.2584.6704.05"},"picture":{"large":"https://randomuser.me/api/portraits/women/16.jpg","medium":"https://randomuser.me/api/portraits/med/women/16.jpg","thumbnail":"https://randomuser.me/api/portraits/thumb/women/16.jpg"},"nat":"CH"}],"info":{"seed":"2e5bbd781306f1b9","results":1,"page":1,"version":"1.4"}} 
 </msg>
<msg time="2024-05-04T18:17:00.534856" level="INFO">/opt/hostedtoolcache/Python/3.12.3/x64/lib/python3.12/site-packages/urllib3/connectionpool.py:1103: InsecureRequestWarning: Unverified HTTPS request is being made to host 'randomuser.me'. Adding certificate verification is strongly advised. See: https://urllib3.readthedocs.io/en/latest/advanced-usage.html#tls-warnings
  warnings.warn(</msg>
<msg time="2024-05-04T18:17:00.534979" level="INFO">${response} = &lt;Response [200]&gt;</msg>
<var>${response}</var>
<arg>consultarAPI</arg>
<arg>/api</arg>
<doc>Sends a GET request on a previously created HTTP Session.</doc>
<status status="PASS" start="2024-05-04T18:17:00.440865" elapsed="0.094153"/>
</kw>
<kw name="Set Variable" owner="BuiltIn">
<msg time="2024-05-04T18:17:00.536342" level="INFO">${json_data} = {'results': [{'gender': 'female', 'name': {'title': 'Mademoiselle', 'first': 'Elisabeth', 'last': 'Legrand'}, 'location': {'street': {'number': 2007, 'name': 'Rue de Gerland'}, 'city': 'Founex', 'stat...</msg>
<var>${json_data}</var>
<arg>${response.json()}</arg>
<doc>Returns the given values which can then be assigned to a variables.</doc>
<status status="PASS" start="2024-05-04T18:17:00.535672" elapsed="0.000699"/>
</kw>
<kw name="Log" owner="BuiltIn">
<msg time="2024-05-04T18:17:00.536911" level="INFO">{'results': [{'gender': 'female', 'name': {'title': 'Mademoiselle', 'first': 'Elisabeth', 'last': 'Legrand'}, 'location': {'street': {'number': 2007, 'name': 'Rue de Gerland'}, 'city': 'Founex', 'state': 'Zug', 'country': 'Switzerland', 'postcode': 5988, 'coordinates': {'latitude': '-62.5641', 'longitude': '142.3383'}, 'timezone': {'offset': '+7:00', 'description': 'Bangkok, Hanoi, Jakarta'}}, 'email': 'elisabeth.legrand@example.com', 'login': {'uuid': '48dd384f-6f20-4dc2-90cb-fbb3248e162d', 'username': 'silverzebra732', 'password': 'shui', 'salt': '7kcZWiwb', 'md5': '7ed93ffc14621d495f139d44cbee0641', 'sha1': 'ae2f34a4fba934547f5b2147d72364d12ce4fd80', 'sha256': '197844726a5ef09f7cc376000c277f9fc99c49a09efe160f0ea602d2889f3dc8'}, 'dob': {'date': '1985-05-31T08:06:11.511Z', 'age': 38}, 'registered': {'date': '2006-09-22T15:41:01.634Z', 'age': 17}, 'phone': '079 141 84 22', 'cell': '076 219 38 56', 'id': {'name': 'AVS', 'value': '756.2584.6704.05'}, 'picture': {'large': 'https://randomuser.me/api/portraits/women/16.jpg', 'medium': 'https://randomuser.me/api/portraits/med/women/16.jpg', 'thumbnail': 'https://randomuser.me/api/portraits/thumb/women/16.jpg'}, 'nat': 'CH'}], 'info': {'seed': '2e5bbd781306f1b9', 'results': 1, 'page': 1, 'version': '1.4'}}</msg>
<arg>${json_data}</arg>
<doc>Logs the given message with the given level.</doc>
<status status="PASS" start="2024-05-04T18:17:00.536738" elapsed="0.000260"/>
</kw>
<kw name="Should Be String" owner="String">
<arg>${json_data['results'][0]['gender']}</arg>
<doc>Fails if the given ``item`` is not a string.</doc>
<status status="PASS" start="2024-05-04T18:17:00.537320" elapsed="0.000388"/>
</kw>
<kw name="Should Match Regexp" owner="BuiltIn">
<arg>${json_data['results'][0]['email']}</arg>
<arg>^[a-zA-Z0-9._%+-]+@[a-zA-Z0-9.-]+\.[a-zA-Z]{2,}$</arg>
<doc>Fails if ``string`` does not match ``pattern`` as a regular expression.</doc>
<status status="PASS" start="2024-05-04T18:17:00.537915" elapsed="0.000528"/>
</kw>
<kw name="Should Match Regexp" owner="BuiltIn">
<arg>${json_data['results'][0]['dob']['date']}</arg>
<arg>\\d{4}-\\d{2}-\\d{2}T\\d{2}:\\d{2}:\\d{2}\\.\\d{3}Z</arg>
<doc>Fails if ``string`` does not match ``pattern`` as a regular expression.</doc>
<status status="PASS" start="2024-05-04T18:17:00.538641" elapsed="0.000498"/>
</kw>
<kw name="Should Match Regexp" owner="BuiltIn">
<arg>${json_data['results'][0]['registered']['date']}</arg>
<arg>\\d{4}-\\d{2}-\\d{2}T\\d{2}:\\d{2}:\\d{2}\\.\\d{3}Z</arg>
<doc>Fails if ``string`` does not match ``pattern`` as a regular expression.</doc>
<status status="PASS" start="2024-05-04T18:17:00.539332" elapsed="0.000383"/>
</kw>
<kw name="Should Match Regexp" owner="BuiltIn">
<arg>${json_data['results'][0]['picture']['large']}</arg>
<arg>^https?://.*\.(?:png|jpe?g|gif|bmp)$</arg>
<doc>Fails if ``string`` does not match ``pattern`` as a regular expression.</doc>
<status status="PASS" start="2024-05-04T18:17:00.539939" elapsed="0.000465"/>
</kw>
<kw name="Should Match Regexp" owner="BuiltIn">
<arg>${json_data['results'][0]['picture']['medium']}</arg>
<arg>^https?://.*\.(?:png|jpe?g|gif|bmp)$</arg>
<doc>Fails if ``string`` does not match ``pattern`` as a regular expression.</doc>
<status status="PASS" start="2024-05-04T18:17:00.540591" elapsed="0.000352"/>
</kw>
<kw name="Should Match Regexp" owner="BuiltIn">
<arg>${json_data['results'][0]['picture']['thumbnail']}</arg>
<arg>^https?://.*\.(?:png|jpe?g|gif|bmp)$</arg>
<doc>Fails if ``string`` does not match ``pattern`` as a regular expression.</doc>
<status status="PASS" start="2024-05-04T18:17:00.541129" elapsed="0.000348"/>
</kw>
<kw name="Log" owner="BuiltIn">
<msg time="2024-05-04T18:17:00.541973" level="INFO">{'large': 'https://randomuser.me/api/portraits/women/16.jpg', 'medium': 'https://randomuser.me/api/portraits/med/women/16.jpg', 'thumbnail': 'https://randomuser.me/api/portraits/thumb/women/16.jpg'}</msg>
<arg>${json_data['results'][0]['picture']}</arg>
<doc>Logs the given message with the given level.</doc>
<status status="PASS" start="2024-05-04T18:17:00.541654" elapsed="0.000359"/>
</kw>
<status status="PASS" start="2024-05-04T18:17:00.440637" elapsed="0.101637"/>
</kw>
<kw name="Teste de Tipos de Dados - Postcode" owner="random-user-service">
<kw name="GET On Session" owner="RequestsLibrary">
<msg time="2024-05-04T18:17:00.607381" level="INFO">GET Request : url=https://randomuser.me/api 
 path_url=/api 
 headers={'User-Agent': 'python-requests/2.31.0', 'Accept-Encoding': 'gzip, deflate', 'Accept': '*/*', 'Connection': 'keep-alive'} 
 body=None 
 </msg>
<msg time="2024-05-04T18:17:00.607494" level="INFO">GET Response : url=https://randomuser.me/api 
 status=200, reason=OK 
 headers={'Date': 'Sat, 04 May 2024 18:17:00 GMT', 'Content-Type': 'application/json; charset=utf-8', 'Transfer-Encoding': 'chunked', 'Connection': 'keep-alive', 'X-Powered-By': 'Express', 'Access-Control-Allow-Origin': '*', 'Cache-Control': 'no-cache', 'ETag': 'W/"484-I2F2jKsDKR4oiO0ge7T4pe7kJ2w"', 'Vary': 'Accept-Encoding', 'Content-Encoding': 'gzip', 'CF-Cache-Status': 'DYNAMIC', 'Report-To': '{"endpoints":[{"url":"https:\\/\\/a.nel.cloudflare.com\\/report\\/v4?s=NM92hezJ52aKGoUUo6hq6jCYYR%2BLYL4xBiStDEJVcU6SNhpsk6%2BJHjYG0CPP1MbCOuqleftBBkCUmZtZtOL0Aq4KoeZvJayQLlEG%2FNk2ZEr74MIshMf02AxGh%2FjJIWjX"}],"group":"cf-nel","max_age":604800}', 'NEL': '{"success_fraction":0,"report_to":"cf-nel","max_age":604800}', 'Server': 'cloudflare', 'CF-RAY': '87ea7c326ff438fe-IAD', 'alt-svc': 'h3=":443"; ma=86400'} 
 body={"results":[{"gender":"male","name":{"title":"Mr","first":"Mikkel","last":"Nielsen"},"location":{"street":{"number":2362,"name":"Toftegårdsvej"},"city":"Pandrup","state":"Midtjylland","country":"Denmark","postcode":83802,"coordinates":{"latitude":"-39.3698","longitude":"-38.2777"},"timezone":{"offset":"+9:00","description":"Tokyo, Seoul, Osaka, Sapporo, Yakutsk"}},"email":"mikkel.nielsen@example.com","login":{"uuid":"99e3d95d-7b96-46bd-b41d-6d91342d50e5","username":"bigswan450","password":"dome","salt":"DULAAR1T","md5":"ba4b40dfcd70d902f5ca776f6e111351","sha1":"66770f8e6b7ced6bf413af715fc3a66f6ff2d194","sha256":"68f828a80503ca4f515f4d023c67f96a9c32bc4cfa272eaf1acc96caeec81e42"},"dob":{"date":"1991-03-09T20:13:03.256Z","age":33},"registered":{"date":"2013-09-09T18:33:06.881Z","age":10},"phone":"13183093","cell":"86038090","id":{"name":"CPR","value":"090391-1610"},"picture":{"large":"https://randomuser.me/api/portraits/men/7.jpg","medium":"https://randomuser.me/api/portraits/med/men/7.jpg","thumbnail":"https://randomuser.me/api/portraits/thumb/men/7.jpg"},"nat":"DK"}],"info":{"seed":"c181daabf978d058","results":1,"page":1,"version":"1.4"}} 
 </msg>
<msg time="2024-05-04T18:17:00.607580" level="INFO">/opt/hostedtoolcache/Python/3.12.3/x64/lib/python3.12/site-packages/urllib3/connectionpool.py:1103: InsecureRequestWarning: Unverified HTTPS request is being made to host 'randomuser.me'. Adding certificate verification is strongly advised. See: https://urllib3.readthedocs.io/en/latest/advanced-usage.html#tls-warnings
  warnings.warn(</msg>
<msg time="2024-05-04T18:17:00.607726" level="INFO">${response} = &lt;Response [200]&gt;</msg>
<var>${response}</var>
<arg>consultarAPI</arg>
<arg>/api</arg>
<doc>Sends a GET request on a previously created HTTP Session.</doc>
<status status="PASS" start="2024-05-04T18:17:00.542738" elapsed="0.065061"/>
</kw>
<kw name="Set Variable" owner="BuiltIn">
<msg time="2024-05-04T18:17:00.609114" level="INFO">${json_data} = {'results': [{'gender': 'male', 'name': {'title': 'Mr', 'first': 'Mikkel', 'last': 'Nielsen'}, 'location': {'street': {'number': 2362, 'name': 'Toftegårdsvej'}, 'city': 'Pandrup', 'state': 'Midtjyllan...</msg>
<var>${json_data}</var>
<arg>${response.json()}</arg>
<doc>Returns the given values which can then be assigned to a variables.</doc>
<status status="PASS" start="2024-05-04T18:17:00.608508" elapsed="0.000635"/>
</kw>
<kw name="Log" owner="BuiltIn">
<msg time="2024-05-04T18:17:00.609657" level="INFO">{'results': [{'gender': 'male', 'name': {'title': 'Mr', 'first': 'Mikkel', 'last': 'Nielsen'}, 'location': {'street': {'number': 2362, 'name': 'Toftegårdsvej'}, 'city': 'Pandrup', 'state': 'Midtjylland', 'country': 'Denmark', 'postcode': 83802, 'coordinates': {'latitude': '-39.3698', 'longitude': '-38.2777'}, 'timezone': {'offset': '+9:00', 'description': 'Tokyo, Seoul, Osaka, Sapporo, Yakutsk'}}, 'email': 'mikkel.nielsen@example.com', 'login': {'uuid': '99e3d95d-7b96-46bd-b41d-6d91342d50e5', 'username': 'bigswan450', 'password': 'dome', 'salt': 'DULAAR1T', 'md5': 'ba4b40dfcd70d902f5ca776f6e111351', 'sha1': '66770f8e6b7ced6bf413af715fc3a66f6ff2d194', 'sha256': '68f828a80503ca4f515f4d023c67f96a9c32bc4cfa272eaf1acc96caeec81e42'}, 'dob': {'date': '1991-03-09T20:13:03.256Z', 'age': 33}, 'registered': {'date': '2013-09-09T18:33:06.881Z', 'age': 10}, 'phone': '13183093', 'cell': '86038090', 'id': {'name': 'CPR', 'value': '090391-1610'}, 'picture': {'large': 'https://randomuser.me/api/portraits/men/7.jpg', 'medium': 'https://randomuser.me/api/portraits/med/men/7.jpg', 'thumbnail': 'https://randomuser.me/api/portraits/thumb/men/7.jpg'}, 'nat': 'DK'}], 'info': {'seed': 'c181daabf978d058', 'results': 1, 'page': 1, 'version': '1.4'}}</msg>
<arg>${json_data}</arg>
<doc>Logs the given message with the given level.</doc>
<status status="PASS" start="2024-05-04T18:17:00.609487" elapsed="0.000256"/>
</kw>
<kw name="Should Be Equal As Numbers" owner="BuiltIn">
<arg>${json_data['results'][0]['location']['postcode']}</arg>
<arg>${json_data['results'][0]['location']['postcode']}</arg>
<doc>Fails if objects are unequal after converting them to real numbers.</doc>
<status status="PASS" start="2024-05-04T18:17:00.610058" elapsed="0.000822"/>
</kw>
<kw name="Log" owner="BuiltIn">
<msg time="2024-05-04T18:17:00.611430" level="INFO">83802</msg>
<arg>${json_data['results'][0]['location']['postcode']}</arg>
<doc>Logs the given message with the given level.</doc>
<status status="PASS" start="2024-05-04T18:17:00.611079" elapsed="0.000392"/>
</kw>
<status status="PASS" start="2024-05-04T18:17:00.542507" elapsed="0.069221"/>
</kw>
<doc>Testa se os tipos de dados na resposta da API estão corretos.</doc>
<tag>testeTiposDados</tag>
<status status="PASS" start="2024-05-04T18:17:00.440161" elapsed="0.171786"/>
</test>
<test id="s1-s1-t5" name="Validar conteudo" line="35">
<kw name="Teste de Tipos de Conteudo" owner="random-user-service">
<kw name="GET On Session" owner="RequestsLibrary">
<msg time="2024-05-04T18:17:00.710565" level="INFO">GET Request : url=https://randomuser.me/api 
 path_url=/api 
 headers={'User-Agent': 'python-requests/2.31.0', 'Accept-Encoding': 'gzip, deflate', 'Accept': '*/*', 'Connection': 'keep-alive'} 
 body=None 
 </msg>
<msg time="2024-05-04T18:17:00.710682" level="INFO">GET Response : url=https://randomuser.me/api 
 status=200, reason=OK 
 headers={'Date': 'Sat, 04 May 2024 18:17:00 GMT', 'Content-Type': 'application/json; charset=utf-8', 'Transfer-Encoding': 'chunked', 'Connection': 'keep-alive', 'X-Powered-By': 'Express', 'Access-Control-Allow-Origin': '*', 'Cache-Control': 'no-cache', 'ETag': 'W/"4a7-3St9rkmTstagxwrQhxQ00St3HGU"', 'Vary': 'Accept-Encoding', 'Content-Encoding': 'gzip', 'CF-Cache-Status': 'DYNAMIC', 'Report-To': '{"endpoints":[{"url":"https:\\/\\/a.nel.cloudflare.com\\/report\\/v4?s=W4TBdPNfvTwHdQxTQldD8K9ct%2F3qRpEosTz60eOgUTIoNKl%2B1DazUspZqtbC45CgS8gqbsRm5%2BRj4cDfy7xR97F4jMqV%2B9ZziPedJS2b%2BjPgWxAWZqxxxkeU9HU7V0ge"}],"group":"cf-nel","max_age":604800}', 'NEL': '{"success_fraction":0,"report_to":"cf-nel","max_age":604800}', 'Server': 'cloudflare', 'CF-RAY': '87ea7c32d87438fe-IAD', 'alt-svc': 'h3=":443"; ma=86400'} 
 body={"results":[{"gender":"female","name":{"title":"Miss","first":"Eevi","last":"Hiltunen"},"location":{"street":{"number":304,"name":"Mechelininkatu"},"city":"Kangasala","state":"Southern Ostrobothnia","country":"Finland","postcode":49217,"coordinates":{"latitude":"-28.4101","longitude":"5.5612"},"timezone":{"offset":"+10:00","description":"Eastern Australia, Guam, Vladivostok"}},"email":"eevi.hiltunen@example.com","login":{"uuid":"122f063c-64e3-4f80-8751-02c68822b0d3","username":"bigbear245","password":"felix","salt":"p6o9FcrC","md5":"5d857ccd8df163ed8cbe650ed279e117","sha1":"539f8c3fb6d85043ba58066cedecbb601d8c9961","sha256":"4d1871540e82a540cede97bbd2222be9a09aa5742be3f3f1ff79671a9bd17950"},"dob":{"date":"1990-07-04T13:51:46.241Z","age":33},"registered":{"date":"2010-10-07T22:36:23.702Z","age":13},"phone":"06-117-082","cell":"049-959-70-30","id":{"name":"HETU","value":"NaNNA996undefined"},"picture":{"large":"https://randomuser.me/api/portraits/women/52.jpg","medium":"https://randomuser.me/api/portraits/med/women/52.jpg","thumbnail":"https://randomuser.me/api/portraits/thumb/women/52.jpg"},"nat":"FI"}],"info":{"seed":"21155e8c97e2641b","results":1,"page":1,"version":"1.4"}} 
 </msg>
<msg time="2024-05-04T18:17:00.710764" level="INFO">/opt/hostedtoolcache/Python/3.12.3/x64/lib/python3.12/site-packages/urllib3/connectionpool.py:1103: InsecureRequestWarning: Unverified HTTPS request is being made to host 'randomuser.me'. Adding certificate verification is strongly advised. See: https://urllib3.readthedocs.io/en/latest/advanced-usage.html#tls-warnings
  warnings.warn(</msg>
<msg time="2024-05-04T18:17:00.710888" level="INFO">${response} = &lt;Response [200]&gt;</msg>
<var>${response}</var>
<arg>consultarAPI</arg>
<arg>/api</arg>
<doc>Sends a GET request on a previously created HTTP Session.</doc>
<status status="PASS" start="2024-05-04T18:17:00.615003" elapsed="0.095927"/>
</kw>
<kw name="Set Variable" owner="BuiltIn">
<msg time="2024-05-04T18:17:00.712076" level="INFO">${json_data} = {'results': [{'gender': 'female', 'name': {'title': 'Miss', 'first': 'Eevi', 'last': 'Hiltunen'}, 'location': {'street': {'number': 304, 'name': 'Mechelininkatu'}, 'city': 'Kangasala', 'state': 'South...</msg>
<var>${json_data}</var>
<arg>${response.json()}</arg>
<doc>Returns the given values which can then be assigned to a variables.</doc>
<status status="PASS" start="2024-05-04T18:17:00.711468" elapsed="0.000638"/>
</kw>
<kw name="Set Variable" owner="BuiltIn">
<msg time="2024-05-04T18:17:00.712878" level="INFO">${name_title} = Miss</msg>
<var>${name_title}</var>
<arg>${json_data["results"][0]["name"]["title"]}</arg>
<doc>Returns the given values which can then be assigned to a variables.</doc>
<status status="PASS" start="2024-05-04T18:17:00.712467" elapsed="0.000437"/>
</kw>
<kw name="Create List" owner="BuiltIn">
<msg time="2024-05-04T18:17:00.713378" level="INFO">${allowed_titles} = ['Mr', 'Ms', 'Miss', 'Mrs', 'Madame', 'Monsieur']</msg>
<var>${allowed_titles}</var>
<arg>Mr</arg>
<arg>Ms</arg>
<arg>Miss</arg>
<arg>Mrs</arg>
<arg>Madame</arg>
<arg>Monsieur</arg>
<doc>Returns a list containing given items.</doc>
<status status="PASS" start="2024-05-04T18:17:00.713226" elapsed="0.000177"/>
</kw>
<kw name="List Should Contain Value" owner="Collections">
<msg time="2024-05-04T18:17:00.713884" level="INFO">False</msg>
<arg>${allowed_titles}</arg>
<arg>${name_title}</arg>
<doc>Fails if the ``value`` is not found from ``list``.</doc>
<status status="PASS" start="2024-05-04T18:17:00.713707" elapsed="0.000216"/>
</kw>
<kw name="Set Variable" owner="BuiltIn">
<msg time="2024-05-04T18:17:00.714606" level="INFO">${name_country} = FI</msg>
<var>${name_country}</var>
<arg>${json_data["results"][0]["nat"]}</arg>
<doc>Returns the given values which can then be assigned to a variables.</doc>
<status status="PASS" start="2024-05-04T18:17:00.714216" elapsed="0.000415"/>
</kw>
<kw name="Create List" owner="BuiltIn">
<msg time="2024-05-04T18:17:00.715517" level="INFO">${list_country} = ['AD', 'AE', 'AF', 'AG', 'AI', 'AL', 'AM', 'AO', 'AQ', 'AR', 'AS', 'AT', 'AU', 'AW', 'AX', 'AZ', 'BA', 'BB', 'BD', 'BE', 'BF', 'BG', 'BH', 'BI', 'BJ', 'BL', 'BM', 'BN', 'BO', 'BQ', 'BR', 'BS', 'BT', '...</msg>
<var>${list_country}</var>
<arg>AD</arg>
<arg>AE</arg>
<arg>AF</arg>
<arg>AG</arg>
<arg>AI</arg>
<arg>AL</arg>
<arg>AM</arg>
<arg>AO</arg>
<arg>AQ</arg>
<arg>AR</arg>
<arg>AS</arg>
<arg>AT</arg>
<arg>AU</arg>
<arg>AW</arg>
<arg>AX</arg>
<arg>AZ</arg>
<arg>BA</arg>
<arg>BB</arg>
<arg>BD</arg>
<arg>BE</arg>
<arg>BF</arg>
<arg>BG</arg>
<arg>BH</arg>
<arg>BI</arg>
<arg>BJ</arg>
<arg>BL</arg>
<arg>BM</arg>
<arg>BN</arg>
<arg>BO</arg>
<arg>BQ</arg>
<arg>BR</arg>
<arg>BS</arg>
<arg>BT</arg>
<arg>BV</arg>
<arg>BW</arg>
<arg>BY</arg>
<arg>BZ</arg>
<arg>CA</arg>
<arg>CC</arg>
<arg>CD</arg>
<arg>CF</arg>
<arg>CG</arg>
<arg>CH</arg>
<arg>CI</arg>
<arg>CK</arg>
<arg>CL</arg>
<arg>CM</arg>
<arg>CN</arg>
<arg>CO</arg>
<arg>CR</arg>
<arg>CU</arg>
<arg>CV</arg>
<arg>CW</arg>
<arg>CX</arg>
<arg>CY</arg>
<arg>CZ</arg>
<arg>DE</arg>
<arg>DJ</arg>
<arg>DK</arg>
<arg>DM</arg>
<arg>DO</arg>
<arg>DZ</arg>
<arg>EC</arg>
<arg>EE</arg>
<arg>EG</arg>
<arg>EH</arg>
<arg>ER</arg>
<arg>ES</arg>
<arg>ET</arg>
<arg>FI</arg>
<arg>FJ</arg>
<arg>FK</arg>
<arg>FM</arg>
<arg>FO</arg>
<arg>FR</arg>
<arg>GA</arg>
<arg>GB</arg>
<arg>GD</arg>
<arg>GE</arg>
<arg>GF</arg>
<arg>GG</arg>
<arg>GH</arg>
<arg>GI</arg>
<arg>GL</arg>
<arg>GM</arg>
<arg>GN</arg>
<arg>GP</arg>
<arg>GQ</arg>
<arg>GR</arg>
<arg>GS</arg>
<arg>GT</arg>
<arg>GU</arg>
<arg>GW</arg>
<arg>GY</arg>
<arg>HK</arg>
<arg>HM</arg>
<arg>HN</arg>
<arg>HR</arg>
<arg>HT</arg>
<arg>HU</arg>
<arg>ID</arg>
<arg>IE</arg>
<arg>IL</arg>
<arg>IM</arg>
<arg>IN</arg>
<arg>IO</arg>
<arg>IQ</arg>
<arg>IR</arg>
<arg>IS</arg>
<arg>IT</arg>
<arg>JE</arg>
<arg>JM</arg>
<arg>JO</arg>
<arg>JP</arg>
<arg>KE</arg>
<arg>KG</arg>
<arg>KH</arg>
<arg>KI</arg>
<arg>KM</arg>
<arg>KN</arg>
<arg>KP</arg>
<arg>KR</arg>
<arg>KW</arg>
<arg>KY</arg>
<arg>KZ</arg>
<arg>LA</arg>
<arg>LB</arg>
<arg>LC</arg>
<arg>LI</arg>
<arg>LK</arg>
<arg>LR</arg>
<arg>LS</arg>
<arg>LT</arg>
<arg>LU</arg>
<arg>LV</arg>
<arg>LY</arg>
<arg>MA</arg>
<arg>MC</arg>
<arg>MD</arg>
<arg>ME</arg>
<arg>MF</arg>
<arg>MG</arg>
<arg>MH</arg>
<arg>MK</arg>
<arg>ML</arg>
<arg>MM</arg>
<arg>MN</arg>
<arg>MO</arg>
<arg>MP</arg>
<arg>MQ</arg>
<arg>MR</arg>
<arg>MS</arg>
<arg>MT</arg>
<arg>MU</arg>
<arg>MV</arg>
<arg>MW</arg>
<arg>MX</arg>
<arg>MY</arg>
<arg>MZ</arg>
<arg>NA</arg>
<arg>NC</arg>
<arg>NE</arg>
<arg>NF</arg>
<arg>NG</arg>
<arg>NI</arg>
<arg>NL</arg>
<arg>NO</arg>
<arg>NP</arg>
<arg>NR</arg>
<arg>NU</arg>
<arg>NZ</arg>
<arg>OM</arg>
<arg>PA</arg>
<arg>PE</arg>
<arg>PF</arg>
<arg>PG</arg>
<arg>PH</arg>
<arg>PK</arg>
<arg>PL</arg>
<arg>PM</arg>
<arg>PN</arg>
<arg>PR</arg>
<arg>PS</arg>
<arg>PT</arg>
<arg>PW</arg>
<arg>PY</arg>
<arg>QA</arg>
<arg>RE</arg>
<arg>RO</arg>
<arg>RS</arg>
<arg>RU</arg>
<arg>RW</arg>
<arg>SA</arg>
<arg>SB</arg>
<arg>SC</arg>
<arg>SD</arg>
<arg>SE</arg>
<arg>SG</arg>
<arg>SH</arg>
<arg>SI</arg>
<arg>SJ</arg>
<arg>SK</arg>
<arg>SL</arg>
<arg>SM</arg>
<arg>SN</arg>
<arg>SO</arg>
<arg>SR</arg>
<arg>SS</arg>
<arg>ST</arg>
<arg>SV</arg>
<arg>SX</arg>
<arg>SY</arg>
<arg>SZ</arg>
<arg>TC</arg>
<arg>TD</arg>
<arg>TF</arg>
<arg>TG</arg>
<arg>TH</arg>
<arg>TJ</arg>
<arg>TK</arg>
<arg>TL</arg>
<arg>TM</arg>
<arg>TN</arg>
<arg>TO</arg>
<arg>TR</arg>
<arg>TT</arg>
<arg>TV</arg>
<arg>TW</arg>
<arg>TZ</arg>
<arg>UA</arg>
<arg>UG</arg>
<arg>UM</arg>
<arg>US</arg>
<arg>UY</arg>
<arg>UZ</arg>
<arg>VA</arg>
<arg>VC</arg>
<arg>VE</arg>
<arg>VG</arg>
<arg>VI</arg>
<arg>VN</arg>
<arg>VU</arg>
<arg>WF</arg>
<arg>WS</arg>
<arg>XK</arg>
<arg>YE</arg>
<arg>YT</arg>
<arg>ZA</arg>
<arg>ZM</arg>
<arg>ZW</arg>
<doc>Returns a list containing given items.</doc>
<status status="PASS" start="2024-05-04T18:17:00.714934" elapsed="0.000609"/>
</kw>
<kw name="List Should Contain Value" owner="Collections">
<msg time="2024-05-04T18:17:00.716557" level="INFO">False</msg>
<arg>${list_country}</arg>
<arg>${name_country}</arg>
<doc>Fails if the ``value`` is not found from ``list``.</doc>
<status status="PASS" start="2024-05-04T18:17:00.716354" elapsed="0.000241"/>
</kw>
<kw name="Run Keyword If" owner="BuiltIn">
<kw name="Should Be True" owner="BuiltIn">
<arg>${True}</arg>
<doc>Fails if the given condition is not true.</doc>
<status status="PASS" start="2024-05-04T18:17:00.717677" elapsed="0.000145"/>
</kw>
<arg>${json_data["results"][0]["location"]["coordinates"]["latitude"]} &gt;= -90 and ${json_data["results"][0]["location"]["coordinates"]["latitude"]} &lt;= 90</arg>
<arg>Should Be True</arg>
<arg>${True}</arg>
<doc>Runs the given keyword with the given arguments, if ``condition`` is true.</doc>
<status status="PASS" start="2024-05-04T18:17:00.716910" elapsed="0.001040"/>
</kw>
<kw name="Run Keyword If" owner="BuiltIn">
<kw name="Should Be True" owner="BuiltIn">
<arg>${True}</arg>
<doc>Fails if the given condition is not true.</doc>
<status status="PASS" start="2024-05-04T18:17:00.718831" elapsed="0.000261"/>
</kw>
<arg>${json_data["results"][0]["location"]["coordinates"]["longitude"]} &gt;= -180 and ${json_data["results"][0]["location"]["coordinates"]["longitude"]} &lt;= 180</arg>
<arg>Should Be True</arg>
<arg>${True}</arg>
<doc>Runs the given keyword with the given arguments, if ``condition`` is true.</doc>
<status status="PASS" start="2024-05-04T18:17:00.718136" elapsed="0.001083"/>
</kw>
<status status="PASS" start="2024-05-04T18:17:00.614618" elapsed="0.104736"/>
</kw>
<doc>Testa o conteúdo específico dos campos retornados pela API.</doc>
<tag>testeConteudo</tag>
<status status="PASS" start="2024-05-04T18:17:00.613889" elapsed="0.105628"/>
</test>
<status status="PASS" start="2024-05-04T18:16:59.751852" elapsed="0.969690"/>
</suite>
<status status="PASS" start="2024-05-04T18:16:59.738084" elapsed="0.988596"/>
</suite>
<statistics>
<total>
<stat pass="5" fail="0" skip="0">All Tests</stat>
</total>
<tag>
<stat pass="1" fail="0" skip="0">testeConteudo</stat>
<stat pass="1" fail="0" skip="0">testeEstruturaResposta</stat>
<stat pass="1" fail="0" skip="0">testeRequisicaoBasica</stat>
<stat pass="1" fail="0" skip="0">testeTiposDados</stat>
</tag>
<suite>
<stat pass="5" fail="0" skip="0" id="s1" name="Tests">Tests</stat>
<stat pass="5" fail="0" skip="0" id="s1-s1" name="Random-User-Test">Tests.Random-User-Test</stat>
</suite>
</statistics>
<errors>
</errors>
</robot>
