<?xml version="1.0" encoding="UTF-8"?>
<robot generator="Robot 7.0 (Python 3.12.3 on linux)" generated="2024-05-11T21:13:05.245467" rpa="false" schemaversion="5">
<suite id="s1" name="Tests" source="/home/runner/work/DesafioQAItauRogerioJordao/DesafioQAItauRogerioJordao/RamdonUser/tests">
<suite id="s1-s1" name="Random-User-Test" source="/home/runner/work/DesafioQAItauRogerioJordao/DesafioQAItauRogerioJordao/RamdonUser/tests/random-user-test.robot">
<test id="s1-s1-t1" name="Conectar" line="13">
<kw name="Conectar API" owner="random-user-service">
<kw name="Create Session" owner="RequestsLibrary">
<msg time="2024-05-11T21:13:05.610580" level="INFO">Creating Session using : alias=consultarAPI, url=https://randomuser.me/, headers={},                     cookies={}, auth=None, timeout=None, proxies=None, verify=False,                     debug=0 </msg>
<arg>consultarAPI</arg>
<arg>${URL}</arg>
<doc>Create Session: create a HTTP session to a server</doc>
<status status="PASS" start="2024-05-11T21:13:05.610388" elapsed="0.000377"/>
</kw>
<status status="PASS" start="2024-05-11T21:13:05.609475" elapsed="0.001622"/>
</kw>
<status status="PASS" start="2024-05-11T21:13:05.608962" elapsed="0.002327"/>
</test>
<test id="s1-s1-t2" name="Validar retorno 200 e JSON Válido" line="16">
<kw name="Teste de Requisicao Basica" owner="random-user-service">
<kw name="GET On Session" owner="RequestsLibrary">
<msg time="2024-05-11T21:13:06.457851" level="INFO">GET Request : url=https://randomuser.me/api 
 path_url=/api 
 headers={'User-Agent': 'python-requests/2.31.0', 'Accept-Encoding': 'gzip, deflate', 'Accept': '*/*', 'Connection': 'keep-alive'} 
 body=None 
 </msg>
<msg time="2024-05-11T21:13:06.458008" level="INFO">GET Response : url=https://randomuser.me/api 
 status=200, reason=OK 
 headers={'Date': 'Sat, 11 May 2024 21:13:06 GMT', 'Content-Type': 'application/json; charset=utf-8', 'Transfer-Encoding': 'chunked', 'Connection': 'keep-alive', 'X-Powered-By': 'Express', 'Access-Control-Allow-Origin': '*', 'Cache-Control': 'no-cache', 'ETag': 'W/"4a9-3Nied1UDDloEqcsriGKjqZWhv/Q"', 'Vary': 'Accept-Encoding', 'Content-Encoding': 'gzip', 'CF-Cache-Status': 'DYNAMIC', 'Report-To': '{"endpoints":[{"url":"https:\\/\\/a.nel.cloudflare.com\\/report\\/v4?s=cGwVXbYN%2BRFUG1QeeajYFzsOrsKt5%2FwXnrjrSbss3yMzSt203CUkqB8xaW%2Bk%2BnTPV1MzkoRjVnFFg%2BF%2Faa0kxnqzimPKeOjkCEB2tzCXSIfLymtDAayWeAa1e8hrjbuz"}],"group":"cf-nel","max_age":604800}', 'NEL': '{"success_fraction":0,"report_to":"cf-nel","max_age":604800}', 'Server': 'cloudflare', 'CF-RAY': '88252bc2ffa338aa-IAD', 'alt-svc': 'h3=":443"; ma=86400'} 
 body={"results":[{"gender":"female","name":{"title":"Ms","first":"یلدا","last":"رضایی"},"location":{"street":{"number":9767,"name":"میدان ولیعصر (عج)"},"city":"خمینی‌شهر","state":"گلستان","country":"Iran","postcode":37631,"coordinates":{"latitude":"14.5718","longitude":"42.0113"},"timezone":{"offset":"+5:30","description":"Bombay, Calcutta, Madras, New Delhi"}},"email":"yld.rdyy@example.com","login":{"uuid":"f3dbfc5e-4dea-4dc8-8587-1778d786da48","username":"lazybutterfly496","password":"kaylee","salt":"Z4N1XFaw","md5":"2ac70ca55e090194f6cf4927606ae9b9","sha1":"d3caed8f812aeeb967f2c97104920362983c785f","sha256":"22c3e1c9ddbdbb0baf5321fbc0dadff3edda900e7dcc3f60c5cb22b4b71b8b8b"},"dob":{"date":"1970-10-06T03:09:05.402Z","age":53},"registered":{"date":"2012-11-28T07:22:58.261Z","age":11},"phone":"045-48625379","cell":"0924-974-0987","id":{"name":"","value":null},"picture":{"large":"https://randomuser.me/api/portraits/women/84.jpg","medium":"https://randomuser.me/api/portraits/med/women/84.jpg","thumbnail":"https://randomuser.me/api/portraits/thumb/women/84.jpg"},"nat":"IR"}],"info":{"seed":"b1eb16495f79b365","results":1,"page":1,"version":"1.4"}} 
 </msg>
<msg time="2024-05-11T21:13:06.458093" level="INFO">/opt/hostedtoolcache/Python/3.12.3/x64/lib/python3.12/site-packages/urllib3/connectionpool.py:1103: InsecureRequestWarning: Unverified HTTPS request is being made to host 'randomuser.me'. Adding certificate verification is strongly advised. See: https://urllib3.readthedocs.io/en/latest/advanced-usage.html#tls-warnings
  warnings.warn(</msg>
<msg time="2024-05-11T21:13:06.458225" level="INFO">${response} = &lt;Response [200]&gt;</msg>
<var>${response}</var>
<arg>consultarAPI</arg>
<arg>/api</arg>
<doc>Sends a GET request on a previously created HTTP Session.</doc>
<status status="PASS" start="2024-05-11T21:13:05.613848" elapsed="0.844419"/>
</kw>
<kw name="Should Be Equal As Numbers" owner="BuiltIn">
<msg time="2024-05-11T21:13:06.459294" level="INFO">Argument types are:
&lt;class 'int'&gt;
&lt;class 'str'&gt;</msg>
<arg>${response.status_code}</arg>
<arg>200</arg>
<doc>Fails if objects are unequal after converting them to real numbers.</doc>
<status status="PASS" start="2024-05-11T21:13:06.458828" elapsed="0.000532"/>
</kw>
<kw name="Log" owner="BuiltIn">
<msg time="2024-05-11T21:13:06.460031" level="INFO">200</msg>
<arg>${response.status_code}</arg>
<doc>Logs the given message with the given level.</doc>
<status status="PASS" start="2024-05-11T21:13:06.459686" elapsed="0.000385"/>
</kw>
<kw name="Set Variable" owner="BuiltIn">
<msg time="2024-05-11T21:13:06.460821" level="INFO">${json_data} = {'results': [{'gender': 'female', 'name': {'title': 'Ms', 'first': 'یلدا', 'last': 'رضایی'}, 'location': {'street': {'number': 9767, 'name': 'میدان ولیعصر (عج)'}, 'city': 'خمینی\u200cشهر', 'state': 'گ...</msg>
<var>${json_data}</var>
<arg>${response.json()}</arg>
<doc>Returns the given values which can then be assigned to a variables.</doc>
<status status="PASS" start="2024-05-11T21:13:06.460367" elapsed="0.000485"/>
</kw>
<kw name="Dictionary Should Contain Key" owner="Collections">
<msg time="2024-05-11T21:13:06.461318" level="INFO">False</msg>
<arg>${json_data}</arg>
<arg>results</arg>
<doc>Fails if ``key`` is not found from ``dictionary``.</doc>
<status status="PASS" start="2024-05-11T21:13:06.461153" elapsed="0.000203"/>
</kw>
<status status="PASS" start="2024-05-11T21:13:05.613609" elapsed="0.847998"/>
</kw>
<doc>Testa se a API responde corretamente e retorna um objeto JSON válido.</doc>
<tag>testeRequisicaoBasica</tag>
<status status="PASS" start="2024-05-11T21:13:05.613158" elapsed="0.848644"/>
</test>
<test id="s1-s1-t3" name="Validar estrutura de resposta" line="22">
<kw name="Teste de Estrutura de Resposta" owner="random-user-service">
<kw name="GET On Session" owner="RequestsLibrary">
<msg time="2024-05-11T21:13:07.477838" level="INFO">GET Request : url=https://randomuser.me/api 
 path_url=/api 
 headers={'User-Agent': 'python-requests/2.31.0', 'Accept-Encoding': 'gzip, deflate', 'Accept': '*/*', 'Connection': 'keep-alive'} 
 body=None 
 </msg>
<msg time="2024-05-11T21:13:07.477966" level="INFO">GET Response : url=https://randomuser.me/api 
 status=200, reason=OK 
 headers={'Date': 'Sat, 11 May 2024 21:13:07 GMT', 'Content-Type': 'application/json; charset=utf-8', 'Transfer-Encoding': 'chunked', 'Connection': 'keep-alive', 'X-Powered-By': 'Express', 'Access-Control-Allow-Origin': '*', 'Cache-Control': 'no-cache', 'ETag': 'W/"496-xnCKevpFXjT4rCj8aM/mABQgmsA"', 'Vary': 'Accept-Encoding', 'Content-Encoding': 'gzip', 'CF-Cache-Status': 'DYNAMIC', 'Report-To': '{"endpoints":[{"url":"https:\\/\\/a.nel.cloudflare.com\\/report\\/v4?s=0M9z3jBPlE2SPLbtG8SX99coVFj3SYBbq1ToD2tPAxDGWe1QBF%2FKuWV2asYCZexFIwRhHqPVJSAwZJbHZe6jd09I1hLhtjtX%2FVyAXSS6dmMcaPvoni9cnr0veK9hSs0l"}],"group":"cf-nel","max_age":604800}', 'NEL': '{"success_fraction":0,"report_to":"cf-nel","max_age":604800}', 'Server': 'cloudflare', 'CF-RAY': '88252bc76cd738aa-IAD', 'alt-svc': 'h3=":443"; ma=86400'} 
 body={"results":[{"gender":"female","name":{"title":"Ms","first":"Famke","last":"Roersma"},"location":{"street":{"number":5922,"name":"Joseph Poelaertstraat"},"city":"Ederveen","state":"Noord-Holland","country":"Netherlands","postcode":"7355 DC","coordinates":{"latitude":"36.1798","longitude":"12.7916"},"timezone":{"offset":"+9:30","description":"Adelaide, Darwin"}},"email":"famke.roersma@example.com","login":{"uuid":"49be9d3a-af11-4292-b2dd-264bf7471c16","username":"ticklishdog463","password":"specialk","salt":"7ggiKi9k","md5":"a9ae38647ec4e4c780e0bccae5f8c731","sha1":"8442ae32b016ff0c365794eb3175f70441e7ee02","sha256":"ec41e3f58ca13d42a3225ce1d6e00569bee7fff77e585f863d782cf1bc9f83ae"},"dob":{"date":"1960-01-27T13:15:45.745Z","age":64},"registered":{"date":"2016-03-26T20:40:48.570Z","age":8},"phone":"(042) 4180457","cell":"(06) 32282053","id":{"name":"BSN","value":"84665837"},"picture":{"large":"https://randomuser.me/api/portraits/women/91.jpg","medium":"https://randomuser.me/api/portraits/med/women/91.jpg","thumbnail":"https://randomuser.me/api/portraits/thumb/women/91.jpg"},"nat":"NL"}],"info":{"seed":"001d8a9c76df20cf","results":1,"page":1,"version":"1.4"}} 
 </msg>
<msg time="2024-05-11T21:13:07.478129" level="INFO">/opt/hostedtoolcache/Python/3.12.3/x64/lib/python3.12/site-packages/urllib3/connectionpool.py:1103: InsecureRequestWarning: Unverified HTTPS request is being made to host 'randomuser.me'. Adding certificate verification is strongly advised. See: https://urllib3.readthedocs.io/en/latest/advanced-usage.html#tls-warnings
  warnings.warn(</msg>
<msg time="2024-05-11T21:13:07.478289" level="INFO">${response} = &lt;Response [200]&gt;</msg>
<var>${response}</var>
<arg>consultarAPI</arg>
<arg>/api</arg>
<doc>Sends a GET request on a previously created HTTP Session.</doc>
<status status="PASS" start="2024-05-11T21:13:06.464544" elapsed="1.013799"/>
</kw>
<kw name="Set Variable" owner="BuiltIn">
<msg time="2024-05-11T21:13:07.479584" level="INFO">${json_data} = {'results': [{'gender': 'female', 'name': {'title': 'Ms', 'first': 'Famke', 'last': 'Roersma'}, 'location': {'street': {'number': 5922, 'name': 'Joseph Poelaertstraat'}, 'city': 'Ederveen', 'state': '...</msg>
<var>${json_data}</var>
<arg>${response.json()}</arg>
<doc>Returns the given values which can then be assigned to a variables.</doc>
<status status="PASS" start="2024-05-11T21:13:07.478985" elapsed="0.000628"/>
</kw>
<kw name="Log" owner="BuiltIn">
<msg time="2024-05-11T21:13:07.480092" level="INFO">{'results': [{'gender': 'female', 'name': {'title': 'Ms', 'first': 'Famke', 'last': 'Roersma'}, 'location': {'street': {'number': 5922, 'name': 'Joseph Poelaertstraat'}, 'city': 'Ederveen', 'state': 'Noord-Holland', 'country': 'Netherlands', 'postcode': '7355 DC', 'coordinates': {'latitude': '36.1798', 'longitude': '12.7916'}, 'timezone': {'offset': '+9:30', 'description': 'Adelaide, Darwin'}}, 'email': 'famke.roersma@example.com', 'login': {'uuid': '49be9d3a-af11-4292-b2dd-264bf7471c16', 'username': 'ticklishdog463', 'password': 'specialk', 'salt': '7ggiKi9k', 'md5': 'a9ae38647ec4e4c780e0bccae5f8c731', 'sha1': '8442ae32b016ff0c365794eb3175f70441e7ee02', 'sha256': 'ec41e3f58ca13d42a3225ce1d6e00569bee7fff77e585f863d782cf1bc9f83ae'}, 'dob': {'date': '1960-01-27T13:15:45.745Z', 'age': 64}, 'registered': {'date': '2016-03-26T20:40:48.570Z', 'age': 8}, 'phone': '(042) 4180457', 'cell': '(06) 32282053', 'id': {'name': 'BSN', 'value': '84665837'}, 'picture': {'large': 'https://randomuser.me/api/portraits/women/91.jpg', 'medium': 'https://randomuser.me/api/portraits/med/women/91.jpg', 'thumbnail': 'https://randomuser.me/api/portraits/thumb/women/91.jpg'}, 'nat': 'NL'}], 'info': {'seed': '001d8a9c76df20cf', 'results': 1, 'page': 1, 'version': '1.4'}}</msg>
<arg>${json_data}</arg>
<doc>Logs the given message with the given level.</doc>
<status status="PASS" start="2024-05-11T21:13:07.479927" elapsed="0.000214"/>
</kw>
<kw name="Dictionary Should Contain Key" owner="Collections">
<msg time="2024-05-11T21:13:07.480594" level="INFO">False</msg>
<arg>${json_data}</arg>
<arg>results</arg>
<doc>Fails if ``key`` is not found from ``dictionary``.</doc>
<status status="PASS" start="2024-05-11T21:13:07.480439" elapsed="0.000191"/>
</kw>
<kw name="Should Not Be Empty" owner="BuiltIn">
<msg time="2024-05-11T21:13:07.481048" level="INFO">Length is 2.</msg>
<arg>${json_data}</arg>
<doc>Verifies that the given item is not empty.</doc>
<status status="PASS" start="2024-05-11T21:13:07.480917" elapsed="0.000168"/>
</kw>
<kw name="Create List" owner="BuiltIn">
<msg time="2024-05-11T21:13:07.481676" level="INFO">${expected_keys} = ['gender', 'name', 'location', 'email', 'login']</msg>
<var>${expected_keys}</var>
<arg>gender</arg>
<arg>name</arg>
<arg>location</arg>
<arg>email</arg>
<arg>login</arg>
<doc>Returns a list containing given items.</doc>
<status status="PASS" start="2024-05-11T21:13:07.481367" elapsed="0.000334"/>
</kw>
<for flavor="IN">
<iter>
<kw name="Dictionary Should Contain Key" owner="Collections">
<msg time="2024-05-11T21:13:07.482711" level="INFO">False</msg>
<arg>${json_data['results'][0]}</arg>
<arg>${key}</arg>
<doc>Fails if ``key`` is not found from ``dictionary``.</doc>
<status status="PASS" start="2024-05-11T21:13:07.482285" elapsed="0.000467"/>
</kw>
<kw name="Log" owner="BuiltIn">
<msg time="2024-05-11T21:13:07.483424" level="INFO">{'gender': 'female', 'name': {'title': 'Ms', 'first': 'Famke', 'last': 'Roersma'}, 'location': {'street': {'number': 5922, 'name': 'Joseph Poelaertstraat'}, 'city': 'Ederveen', 'state': 'Noord-Holland', 'country': 'Netherlands', 'postcode': '7355 DC', 'coordinates': {'latitude': '36.1798', 'longitude': '12.7916'}, 'timezone': {'offset': '+9:30', 'description': 'Adelaide, Darwin'}}, 'email': 'famke.roersma@example.com', 'login': {'uuid': '49be9d3a-af11-4292-b2dd-264bf7471c16', 'username': 'ticklishdog463', 'password': 'specialk', 'salt': '7ggiKi9k', 'md5': 'a9ae38647ec4e4c780e0bccae5f8c731', 'sha1': '8442ae32b016ff0c365794eb3175f70441e7ee02', 'sha256': 'ec41e3f58ca13d42a3225ce1d6e00569bee7fff77e585f863d782cf1bc9f83ae'}, 'dob': {'date': '1960-01-27T13:15:45.745Z', 'age': 64}, 'registered': {'date': '2016-03-26T20:40:48.570Z', 'age': 8}, 'phone': '(042) 4180457', 'cell': '(06) 32282053', 'id': {'name': 'BSN', 'value': '84665837'}, 'picture': {'large': 'https://randomuser.me/api/portraits/women/91.jpg', 'medium': 'https://randomuser.me/api/portraits/med/women/91.jpg', 'thumbnail': 'https://randomuser.me/api/portraits/thumb/women/91.jpg'}, 'nat': 'NL'}</msg>
<arg>${json_data['results'][0]}</arg>
<doc>Logs the given message with the given level.</doc>
<status status="PASS" start="2024-05-11T21:13:07.483064" elapsed="0.000408"/>
</kw>
<kw name="Log" owner="BuiltIn">
<msg time="2024-05-11T21:13:07.483892" level="INFO">gender</msg>
<arg>${key}</arg>
<doc>Logs the given message with the given level.</doc>
<status status="PASS" start="2024-05-11T21:13:07.483767" elapsed="0.000162"/>
</kw>
<var name="${key}">gender</var>
<status status="PASS" start="2024-05-11T21:13:07.482160" elapsed="0.001980"/>
</iter>
<iter>
<kw name="Dictionary Should Contain Key" owner="Collections">
<msg time="2024-05-11T21:13:07.484821" level="INFO">False</msg>
<arg>${json_data['results'][0]}</arg>
<arg>${key}</arg>
<doc>Fails if ``key`` is not found from ``dictionary``.</doc>
<status status="PASS" start="2024-05-11T21:13:07.484435" elapsed="0.000423"/>
</kw>
<kw name="Log" owner="BuiltIn">
<msg time="2024-05-11T21:13:07.485531" level="INFO">{'gender': 'female', 'name': {'title': 'Ms', 'first': 'Famke', 'last': 'Roersma'}, 'location': {'street': {'number': 5922, 'name': 'Joseph Poelaertstraat'}, 'city': 'Ederveen', 'state': 'Noord-Holland', 'country': 'Netherlands', 'postcode': '7355 DC', 'coordinates': {'latitude': '36.1798', 'longitude': '12.7916'}, 'timezone': {'offset': '+9:30', 'description': 'Adelaide, Darwin'}}, 'email': 'famke.roersma@example.com', 'login': {'uuid': '49be9d3a-af11-4292-b2dd-264bf7471c16', 'username': 'ticklishdog463', 'password': 'specialk', 'salt': '7ggiKi9k', 'md5': 'a9ae38647ec4e4c780e0bccae5f8c731', 'sha1': '8442ae32b016ff0c365794eb3175f70441e7ee02', 'sha256': 'ec41e3f58ca13d42a3225ce1d6e00569bee7fff77e585f863d782cf1bc9f83ae'}, 'dob': {'date': '1960-01-27T13:15:45.745Z', 'age': 64}, 'registered': {'date': '2016-03-26T20:40:48.570Z', 'age': 8}, 'phone': '(042) 4180457', 'cell': '(06) 32282053', 'id': {'name': 'BSN', 'value': '84665837'}, 'picture': {'large': 'https://randomuser.me/api/portraits/women/91.jpg', 'medium': 'https://randomuser.me/api/portraits/med/women/91.jpg', 'thumbnail': 'https://randomuser.me/api/portraits/thumb/women/91.jpg'}, 'nat': 'NL'}</msg>
<arg>${json_data['results'][0]}</arg>
<doc>Logs the given message with the given level.</doc>
<status status="PASS" start="2024-05-11T21:13:07.485173" elapsed="0.000406"/>
</kw>
<kw name="Log" owner="BuiltIn">
<msg time="2024-05-11T21:13:07.485994" level="INFO">name</msg>
<arg>${key}</arg>
<doc>Logs the given message with the given level.</doc>
<status status="PASS" start="2024-05-11T21:13:07.485870" elapsed="0.000161"/>
</kw>
<var name="${key}">name</var>
<status status="PASS" start="2024-05-11T21:13:07.484323" elapsed="0.001920"/>
</iter>
<iter>
<kw name="Dictionary Should Contain Key" owner="Collections">
<msg time="2024-05-11T21:13:07.486942" level="INFO">False</msg>
<arg>${json_data['results'][0]}</arg>
<arg>${key}</arg>
<doc>Fails if ``key`` is not found from ``dictionary``.</doc>
<status status="PASS" start="2024-05-11T21:13:07.486528" elapsed="0.000452"/>
</kw>
<kw name="Log" owner="BuiltIn">
<msg time="2024-05-11T21:13:07.487646" level="INFO">{'gender': 'female', 'name': {'title': 'Ms', 'first': 'Famke', 'last': 'Roersma'}, 'location': {'street': {'number': 5922, 'name': 'Joseph Poelaertstraat'}, 'city': 'Ederveen', 'state': 'Noord-Holland', 'country': 'Netherlands', 'postcode': '7355 DC', 'coordinates': {'latitude': '36.1798', 'longitude': '12.7916'}, 'timezone': {'offset': '+9:30', 'description': 'Adelaide, Darwin'}}, 'email': 'famke.roersma@example.com', 'login': {'uuid': '49be9d3a-af11-4292-b2dd-264bf7471c16', 'username': 'ticklishdog463', 'password': 'specialk', 'salt': '7ggiKi9k', 'md5': 'a9ae38647ec4e4c780e0bccae5f8c731', 'sha1': '8442ae32b016ff0c365794eb3175f70441e7ee02', 'sha256': 'ec41e3f58ca13d42a3225ce1d6e00569bee7fff77e585f863d782cf1bc9f83ae'}, 'dob': {'date': '1960-01-27T13:15:45.745Z', 'age': 64}, 'registered': {'date': '2016-03-26T20:40:48.570Z', 'age': 8}, 'phone': '(042) 4180457', 'cell': '(06) 32282053', 'id': {'name': 'BSN', 'value': '84665837'}, 'picture': {'large': 'https://randomuser.me/api/portraits/women/91.jpg', 'medium': 'https://randomuser.me/api/portraits/med/women/91.jpg', 'thumbnail': 'https://randomuser.me/api/portraits/thumb/women/91.jpg'}, 'nat': 'NL'}</msg>
<arg>${json_data['results'][0]}</arg>
<doc>Logs the given message with the given level.</doc>
<status status="PASS" start="2024-05-11T21:13:07.487290" elapsed="0.000403"/>
</kw>
<kw name="Log" owner="BuiltIn">
<msg time="2024-05-11T21:13:07.488105" level="INFO">location</msg>
<arg>${key}</arg>
<doc>Logs the given message with the given level.</doc>
<status status="PASS" start="2024-05-11T21:13:07.487981" elapsed="0.000161"/>
</kw>
<var name="${key}">location</var>
<status status="PASS" start="2024-05-11T21:13:07.486417" elapsed="0.001935"/>
</iter>
<iter>
<kw name="Dictionary Should Contain Key" owner="Collections">
<msg time="2024-05-11T21:13:07.489009" level="INFO">False</msg>
<arg>${json_data['results'][0]}</arg>
<arg>${key}</arg>
<doc>Fails if ``key`` is not found from ``dictionary``.</doc>
<status status="PASS" start="2024-05-11T21:13:07.488631" elapsed="0.000414"/>
</kw>
<kw name="Log" owner="BuiltIn">
<msg time="2024-05-11T21:13:07.489702" level="INFO">{'gender': 'female', 'name': {'title': 'Ms', 'first': 'Famke', 'last': 'Roersma'}, 'location': {'street': {'number': 5922, 'name': 'Joseph Poelaertstraat'}, 'city': 'Ederveen', 'state': 'Noord-Holland', 'country': 'Netherlands', 'postcode': '7355 DC', 'coordinates': {'latitude': '36.1798', 'longitude': '12.7916'}, 'timezone': {'offset': '+9:30', 'description': 'Adelaide, Darwin'}}, 'email': 'famke.roersma@example.com', 'login': {'uuid': '49be9d3a-af11-4292-b2dd-264bf7471c16', 'username': 'ticklishdog463', 'password': 'specialk', 'salt': '7ggiKi9k', 'md5': 'a9ae38647ec4e4c780e0bccae5f8c731', 'sha1': '8442ae32b016ff0c365794eb3175f70441e7ee02', 'sha256': 'ec41e3f58ca13d42a3225ce1d6e00569bee7fff77e585f863d782cf1bc9f83ae'}, 'dob': {'date': '1960-01-27T13:15:45.745Z', 'age': 64}, 'registered': {'date': '2016-03-26T20:40:48.570Z', 'age': 8}, 'phone': '(042) 4180457', 'cell': '(06) 32282053', 'id': {'name': 'BSN', 'value': '84665837'}, 'picture': {'large': 'https://randomuser.me/api/portraits/women/91.jpg', 'medium': 'https://randomuser.me/api/portraits/med/women/91.jpg', 'thumbnail': 'https://randomuser.me/api/portraits/thumb/women/91.jpg'}, 'nat': 'NL'}</msg>
<arg>${json_data['results'][0]}</arg>
<doc>Logs the given message with the given level.</doc>
<status status="PASS" start="2024-05-11T21:13:07.489338" elapsed="0.000412"/>
</kw>
<kw name="Log" owner="BuiltIn">
<msg time="2024-05-11T21:13:07.490162" level="INFO">email</msg>
<arg>${key}</arg>
<doc>Logs the given message with the given level.</doc>
<status status="PASS" start="2024-05-11T21:13:07.490038" elapsed="0.000160"/>
</kw>
<var name="${key}">email</var>
<status status="PASS" start="2024-05-11T21:13:07.488523" elapsed="0.001889"/>
</iter>
<iter>
<kw name="Dictionary Should Contain Key" owner="Collections">
<msg time="2024-05-11T21:13:07.491104" level="INFO">False</msg>
<arg>${json_data['results'][0]}</arg>
<arg>${key}</arg>
<doc>Fails if ``key`` is not found from ``dictionary``.</doc>
<status status="PASS" start="2024-05-11T21:13:07.490718" elapsed="0.000423"/>
</kw>
<kw name="Log" owner="BuiltIn">
<msg time="2024-05-11T21:13:07.491788" level="INFO">{'gender': 'female', 'name': {'title': 'Ms', 'first': 'Famke', 'last': 'Roersma'}, 'location': {'street': {'number': 5922, 'name': 'Joseph Poelaertstraat'}, 'city': 'Ederveen', 'state': 'Noord-Holland', 'country': 'Netherlands', 'postcode': '7355 DC', 'coordinates': {'latitude': '36.1798', 'longitude': '12.7916'}, 'timezone': {'offset': '+9:30', 'description': 'Adelaide, Darwin'}}, 'email': 'famke.roersma@example.com', 'login': {'uuid': '49be9d3a-af11-4292-b2dd-264bf7471c16', 'username': 'ticklishdog463', 'password': 'specialk', 'salt': '7ggiKi9k', 'md5': 'a9ae38647ec4e4c780e0bccae5f8c731', 'sha1': '8442ae32b016ff0c365794eb3175f70441e7ee02', 'sha256': 'ec41e3f58ca13d42a3225ce1d6e00569bee7fff77e585f863d782cf1bc9f83ae'}, 'dob': {'date': '1960-01-27T13:15:45.745Z', 'age': 64}, 'registered': {'date': '2016-03-26T20:40:48.570Z', 'age': 8}, 'phone': '(042) 4180457', 'cell': '(06) 32282053', 'id': {'name': 'BSN', 'value': '84665837'}, 'picture': {'large': 'https://randomuser.me/api/portraits/women/91.jpg', 'medium': 'https://randomuser.me/api/portraits/med/women/91.jpg', 'thumbnail': 'https://randomuser.me/api/portraits/thumb/women/91.jpg'}, 'nat': 'NL'}</msg>
<arg>${json_data['results'][0]}</arg>
<doc>Logs the given message with the given level.</doc>
<status status="PASS" start="2024-05-11T21:13:07.491427" elapsed="0.000408"/>
</kw>
<kw name="Log" owner="BuiltIn">
<msg time="2024-05-11T21:13:07.492250" level="INFO">login</msg>
<arg>${key}</arg>
<doc>Logs the given message with the given level.</doc>
<status status="PASS" start="2024-05-11T21:13:07.492125" elapsed="0.000163"/>
</kw>
<var name="${key}">login</var>
<status status="PASS" start="2024-05-11T21:13:07.490580" elapsed="0.001942"/>
</iter>
<var>${key}</var>
<value>@{expected_keys}</value>
<status status="PASS" start="2024-05-11T21:13:07.481965" elapsed="0.010682"/>
</for>
<kw name="Create List" owner="BuiltIn">
<msg time="2024-05-11T21:13:07.492971" level="INFO">${expected_keysTwo} = ['username', 'password']</msg>
<var>${expected_keysTwo}</var>
<arg>username</arg>
<arg>password</arg>
<doc>Returns a list containing given items.</doc>
<status status="PASS" start="2024-05-11T21:13:07.492837" elapsed="0.000158"/>
</kw>
<for flavor="IN">
<iter>
<kw name="Dictionary Should Contain Key" owner="Collections">
<msg time="2024-05-11T21:13:07.493886" level="INFO">False</msg>
<arg>${json_data['results'][0]['login']}</arg>
<arg>${keyTwo}</arg>
<doc>Fails if ``key`` is not found from ``dictionary``.</doc>
<status status="PASS" start="2024-05-11T21:13:07.493496" elapsed="0.000427"/>
</kw>
<kw name="Dictionary Should Contain Key" owner="Collections">
<msg time="2024-05-11T21:13:07.494589" level="INFO">False</msg>
<arg>${json_data['results'][0]['login']}</arg>
<arg>${keyTwo}</arg>
<doc>Fails if ``key`` is not found from ``dictionary``.</doc>
<status status="PASS" start="2024-05-11T21:13:07.494213" elapsed="0.000413"/>
</kw>
<kw name="Log" owner="BuiltIn">
<msg time="2024-05-11T21:13:07.495083" level="INFO">username</msg>
<arg>${keyTwo}</arg>
<doc>Logs the given message with the given level.</doc>
<status status="PASS" start="2024-05-11T21:13:07.494958" elapsed="0.000168"/>
</kw>
<var name="${keyTwo}">username</var>
<status status="PASS" start="2024-05-11T21:13:07.493388" elapsed="0.001954"/>
</iter>
<iter>
<kw name="Dictionary Should Contain Key" owner="Collections">
<msg time="2024-05-11T21:13:07.496004" level="INFO">False</msg>
<arg>${json_data['results'][0]['login']}</arg>
<arg>${keyTwo}</arg>
<doc>Fails if ``key`` is not found from ``dictionary``.</doc>
<status status="PASS" start="2024-05-11T21:13:07.495623" elapsed="0.000418"/>
</kw>
<kw name="Dictionary Should Contain Key" owner="Collections">
<msg time="2024-05-11T21:13:07.496792" level="INFO">False</msg>
<arg>${json_data['results'][0]['login']}</arg>
<arg>${keyTwo}</arg>
<doc>Fails if ``key`` is not found from ``dictionary``.</doc>
<status status="PASS" start="2024-05-11T21:13:07.496329" elapsed="0.000501"/>
</kw>
<kw name="Log" owner="BuiltIn">
<msg time="2024-05-11T21:13:07.497246" level="INFO">password</msg>
<arg>${keyTwo}</arg>
<doc>Logs the given message with the given level.</doc>
<status status="PASS" start="2024-05-11T21:13:07.497120" elapsed="0.000164"/>
</kw>
<var name="${keyTwo}">password</var>
<status status="PASS" start="2024-05-11T21:13:07.495513" elapsed="0.001985"/>
</iter>
<var>${keyTwo}</var>
<value>@{expected_keysTwo}</value>
<status status="PASS" start="2024-05-11T21:13:07.493229" elapsed="0.004389"/>
</for>
<status status="PASS" start="2024-05-11T21:13:06.464269" elapsed="1.033489"/>
</kw>
<doc>Testa a estrutura da resposta da API.</doc>
<tag>testeEstruturaResposta</tag>
<status status="PASS" start="2024-05-11T21:13:06.463675" elapsed="1.034241"/>
</test>
<test id="s1-s1-t4" name="Validar tipos de dados" line="28">
<kw name="Teste de Tipos de Dados" owner="random-user-service">
<kw name="GET On Session" owner="RequestsLibrary">
<msg time="2024-05-11T21:13:07.730914" level="INFO">GET Request : url=https://randomuser.me/api 
 path_url=/api 
 headers={'User-Agent': 'python-requests/2.31.0', 'Accept-Encoding': 'gzip, deflate', 'Accept': '*/*', 'Connection': 'keep-alive'} 
 body=None 
 </msg>
<msg time="2024-05-11T21:13:07.731011" level="INFO">GET Response : url=https://randomuser.me/api 
 status=200, reason=OK 
 headers={'Date': 'Sat, 11 May 2024 21:13:07 GMT', 'Content-Type': 'application/json; charset=utf-8', 'Transfer-Encoding': 'chunked', 'Connection': 'keep-alive', 'X-Powered-By': 'Express', 'Access-Control-Allow-Origin': '*', 'Cache-Control': 'no-cache', 'ETag': 'W/"49b-na3vXbdhRXcVjB/8HjjafdzPLFY"', 'Vary': 'Accept-Encoding', 'Content-Encoding': 'gzip', 'CF-Cache-Status': 'DYNAMIC', 'Report-To': '{"endpoints":[{"url":"https:\\/\\/a.nel.cloudflare.com\\/report\\/v4?s=xN5bJ1mmJ1X9Gc9e%2FoMDbAqRndPYX9ivc2sEOB8%2FWFouEEjs6j2QNktwbPV91sFpuQWiR%2FkAkiNnLXnxnV8c5KFG81bm7sysyQT4w6MQm32VHXR2d7GX2rzcRe9UFv9U"}],"group":"cf-nel","max_age":604800}', 'NEL': '{"success_fraction":0,"report_to":"cf-nel","max_age":604800}', 'Server': 'cloudflare', 'CF-RAY': '88252bcdec8838aa-IAD', 'alt-svc': 'h3=":443"; ma=86400'} 
 body={"results":[{"gender":"male","name":{"title":"Mr","first":"Jonathan","last":"Reed"},"location":{"street":{"number":6385,"name":"The Grove"},"city":"St Davids","state":"Herefordshire","country":"United Kingdom","postcode":"ZW29 8AW","coordinates":{"latitude":"-8.3807","longitude":"-169.1596"},"timezone":{"offset":"+4:00","description":"Abu Dhabi, Muscat, Baku, Tbilisi"}},"email":"jonathan.reed@example.com","login":{"uuid":"8b9aed70-9a21-40cf-887e-8e0fca8c7660","username":"heavytiger582","password":"lucas1","salt":"IPhgaU8b","md5":"2b772a098c2d12b9b9c24d0c1c15305b","sha1":"83e0ee81ed874b435a9df43d290e76b515375ca0","sha256":"4a90ab481867c474a0abebf0872f29e89344ff86b5a23d588f022391073ad406"},"dob":{"date":"1995-11-20T17:59:48.489Z","age":28},"registered":{"date":"2003-03-30T10:16:58.246Z","age":21},"phone":"015394 07940","cell":"07143 177761","id":{"name":"NINO","value":"OK 90 36 80 X"},"picture":{"large":"https://randomuser.me/api/portraits/men/98.jpg","medium":"https://randomuser.me/api/portraits/med/men/98.jpg","thumbnail":"https://randomuser.me/api/portraits/thumb/men/98.jpg"},"nat":"GB"}],"info":{"seed":"8ccb19d1d8efc142","results":1,"page":1,"version":"1.4"}} 
 </msg>
<msg time="2024-05-11T21:13:07.731080" level="INFO">/opt/hostedtoolcache/Python/3.12.3/x64/lib/python3.12/site-packages/urllib3/connectionpool.py:1103: InsecureRequestWarning: Unverified HTTPS request is being made to host 'randomuser.me'. Adding certificate verification is strongly advised. See: https://urllib3.readthedocs.io/en/latest/advanced-usage.html#tls-warnings
  warnings.warn(</msg>
<msg time="2024-05-11T21:13:07.731200" level="INFO">${response} = &lt;Response [200]&gt;</msg>
<var>${response}</var>
<arg>consultarAPI</arg>
<arg>/api</arg>
<doc>Sends a GET request on a previously created HTTP Session.</doc>
<status status="PASS" start="2024-05-11T21:13:07.500501" elapsed="0.230738"/>
</kw>
<kw name="Set Variable" owner="BuiltIn">
<msg time="2024-05-11T21:13:07.732385" level="INFO">${json_data} = {'results': [{'gender': 'male', 'name': {'title': 'Mr', 'first': 'Jonathan', 'last': 'Reed'}, 'location': {'street': {'number': 6385, 'name': 'The Grove'}, 'city': 'St Davids', 'state': 'Herefordshire...</msg>
<var>${json_data}</var>
<arg>${response.json()}</arg>
<doc>Returns the given values which can then be assigned to a variables.</doc>
<status status="PASS" start="2024-05-11T21:13:07.731841" elapsed="0.000572"/>
</kw>
<kw name="Log" owner="BuiltIn">
<msg time="2024-05-11T21:13:07.732872" level="INFO">{'results': [{'gender': 'male', 'name': {'title': 'Mr', 'first': 'Jonathan', 'last': 'Reed'}, 'location': {'street': {'number': 6385, 'name': 'The Grove'}, 'city': 'St Davids', 'state': 'Herefordshire', 'country': 'United Kingdom', 'postcode': 'ZW29 8AW', 'coordinates': {'latitude': '-8.3807', 'longitude': '-169.1596'}, 'timezone': {'offset': '+4:00', 'description': 'Abu Dhabi, Muscat, Baku, Tbilisi'}}, 'email': 'jonathan.reed@example.com', 'login': {'uuid': '8b9aed70-9a21-40cf-887e-8e0fca8c7660', 'username': 'heavytiger582', 'password': 'lucas1', 'salt': 'IPhgaU8b', 'md5': '2b772a098c2d12b9b9c24d0c1c15305b', 'sha1': '83e0ee81ed874b435a9df43d290e76b515375ca0', 'sha256': '4a90ab481867c474a0abebf0872f29e89344ff86b5a23d588f022391073ad406'}, 'dob': {'date': '1995-11-20T17:59:48.489Z', 'age': 28}, 'registered': {'date': '2003-03-30T10:16:58.246Z', 'age': 21}, 'phone': '015394 07940', 'cell': '07143 177761', 'id': {'name': 'NINO', 'value': 'OK 90 36 80 X'}, 'picture': {'large': 'https://randomuser.me/api/portraits/men/98.jpg', 'medium': 'https://randomuser.me/api/portraits/med/men/98.jpg', 'thumbnail': 'https://randomuser.me/api/portraits/thumb/men/98.jpg'}, 'nat': 'GB'}], 'info': {'seed': '8ccb19d1d8efc142', 'results': 1, 'page': 1, 'version': '1.4'}}</msg>
<arg>${json_data}</arg>
<doc>Logs the given message with the given level.</doc>
<status status="PASS" start="2024-05-11T21:13:07.732713" elapsed="0.000243"/>
</kw>
<kw name="Should Be String" owner="String">
<arg>${json_data['results'][0]['gender']}</arg>
<doc>Fails if the given ``item`` is not a string.</doc>
<status status="PASS" start="2024-05-11T21:13:07.733251" elapsed="0.000360"/>
</kw>
<kw name="Should Match Regexp" owner="BuiltIn">
<arg>${json_data['results'][0]['email']}</arg>
<arg>^[a-zA-Z0-9._%+-]+@[a-zA-Z0-9.-]+\.[a-zA-Z]{2,}$</arg>
<doc>Fails if ``string`` does not match ``pattern`` as a regular expression.</doc>
<status status="PASS" start="2024-05-11T21:13:07.733802" elapsed="0.000508"/>
</kw>
<kw name="Should Match Regexp" owner="BuiltIn">
<arg>${json_data['results'][0]['dob']['date']}</arg>
<arg>\\d{4}-\\d{2}-\\d{2}T\\d{2}:\\d{2}:\\d{2}\\.\\d{3}Z</arg>
<doc>Fails if ``string`` does not match ``pattern`` as a regular expression.</doc>
<status status="PASS" start="2024-05-11T21:13:07.734502" elapsed="0.000593"/>
</kw>
<kw name="Should Match Regexp" owner="BuiltIn">
<arg>${json_data['results'][0]['registered']['date']}</arg>
<arg>\\d{4}-\\d{2}-\\d{2}T\\d{2}:\\d{2}:\\d{2}\\.\\d{3}Z</arg>
<doc>Fails if ``string`` does not match ``pattern`` as a regular expression.</doc>
<status status="PASS" start="2024-05-11T21:13:07.735292" elapsed="0.000373"/>
</kw>
<kw name="Should Match Regexp" owner="BuiltIn">
<arg>${json_data['results'][0]['picture']['large']}</arg>
<arg>^https?://.*\.(?:png|jpe?g|gif|bmp)$</arg>
<doc>Fails if ``string`` does not match ``pattern`` as a regular expression.</doc>
<status status="PASS" start="2024-05-11T21:13:07.735854" elapsed="0.000453"/>
</kw>
<kw name="Should Match Regexp" owner="BuiltIn">
<arg>${json_data['results'][0]['picture']['medium']}</arg>
<arg>^https?://.*\.(?:png|jpe?g|gif|bmp)$</arg>
<doc>Fails if ``string`` does not match ``pattern`` as a regular expression.</doc>
<status status="PASS" start="2024-05-11T21:13:07.736496" elapsed="0.000351"/>
</kw>
<kw name="Should Match Regexp" owner="BuiltIn">
<arg>${json_data['results'][0]['picture']['thumbnail']}</arg>
<arg>^https?://.*\.(?:png|jpe?g|gif|bmp)$</arg>
<doc>Fails if ``string`` does not match ``pattern`` as a regular expression.</doc>
<status status="PASS" start="2024-05-11T21:13:07.737036" elapsed="0.000368"/>
</kw>
<kw name="Log" owner="BuiltIn">
<msg time="2024-05-11T21:13:07.737901" level="INFO">{'large': 'https://randomuser.me/api/portraits/men/98.jpg', 'medium': 'https://randomuser.me/api/portraits/med/men/98.jpg', 'thumbnail': 'https://randomuser.me/api/portraits/thumb/men/98.jpg'}</msg>
<arg>${json_data['results'][0]['picture']}</arg>
<doc>Logs the given message with the given level.</doc>
<status status="PASS" start="2024-05-11T21:13:07.737583" elapsed="0.000358"/>
</kw>
<status status="PASS" start="2024-05-11T21:13:07.500275" elapsed="0.237917"/>
</kw>
<kw name="Teste de Tipos de Dados - Postcode" owner="random-user-service">
<kw name="GET On Session" owner="RequestsLibrary">
<msg time="2024-05-11T21:13:07.791842" level="INFO">GET Request : url=https://randomuser.me/api 
 path_url=/api 
 headers={'User-Agent': 'python-requests/2.31.0', 'Accept-Encoding': 'gzip, deflate', 'Accept': '*/*', 'Connection': 'keep-alive'} 
 body=None 
 </msg>
<msg time="2024-05-11T21:13:07.791920" level="INFO">GET Response : url=https://randomuser.me/api 
 status=200, reason=OK 
 headers={'Date': 'Sat, 11 May 2024 21:13:07 GMT', 'Content-Type': 'application/json; charset=utf-8', 'Transfer-Encoding': 'chunked', 'Connection': 'keep-alive', 'X-Powered-By': 'Express', 'Access-Control-Allow-Origin': '*', 'Cache-Control': 'no-cache', 'ETag': 'W/"47d-unYcnACmsuQmdl/t3zLirjv2Wxc"', 'Vary': 'Accept-Encoding', 'Content-Encoding': 'gzip', 'CF-Cache-Status': 'DYNAMIC', 'Report-To': '{"endpoints":[{"url":"https:\\/\\/a.nel.cloudflare.com\\/report\\/v4?s=jqwaBiBwK90VOSCBuk8YHNmD9XPFLjTkzZcX8tIQr7IIY8WFXeHkVh4a81mGIAV4m4zZ94zrzCSOitO1GI%2F0t4uBNlVDAUH8JpmlCe%2FFG2guv1H0AH0uPx58p0sw62yd"}],"group":"cf-nel","max_age":604800}', 'NEL': '{"success_fraction":0,"report_to":"cf-nel","max_age":604800}', 'Server': 'cloudflare', 'CF-RAY': '88252bcf6ee538aa-IAD', 'alt-svc': 'h3=":443"; ma=86400'} 
 body={"results":[{"gender":"female","name":{"title":"Ms","first":"Taimara","last":"da Rosa"},"location":{"street":{"number":698,"name":"Rua Bela Vista "},"city":"Jundiaí","state":"Acre","country":"Brazil","postcode":69600,"coordinates":{"latitude":"-75.1159","longitude":"26.1748"},"timezone":{"offset":"+4:30","description":"Kabul"}},"email":"taimara.darosa@example.com","login":{"uuid":"e5fa1270-a6be-4325-98b5-e9212fabe052","username":"goldentiger649","password":"pigpen","salt":"xS6nluwG","md5":"c91c82c4291bce400a49c93436339556","sha1":"2d9d683328351cc95f52c78e859d847f3494e148","sha256":"c42ce0554a923308d790421239838db5fe2af10d2f417c939b67172c1d9fa83d"},"dob":{"date":"1952-08-30T03:36:26.451Z","age":71},"registered":{"date":"2004-08-04T06:38:53.070Z","age":19},"phone":"(96) 6903-1037","cell":"(22) 2787-2238","id":{"name":"CPF","value":"554.724.787-92"},"picture":{"large":"https://randomuser.me/api/portraits/women/15.jpg","medium":"https://randomuser.me/api/portraits/med/women/15.jpg","thumbnail":"https://randomuser.me/api/portraits/thumb/women/15.jpg"},"nat":"BR"}],"info":{"seed":"6dc6a8eb8aa7e408","results":1,"page":1,"version":"1.4"}} 
 </msg>
<msg time="2024-05-11T21:13:07.791980" level="INFO">/opt/hostedtoolcache/Python/3.12.3/x64/lib/python3.12/site-packages/urllib3/connectionpool.py:1103: InsecureRequestWarning: Unverified HTTPS request is being made to host 'randomuser.me'. Adding certificate verification is strongly advised. See: https://urllib3.readthedocs.io/en/latest/advanced-usage.html#tls-warnings
  warnings.warn(</msg>
<msg time="2024-05-11T21:13:07.792065" level="INFO">${response} = &lt;Response [200]&gt;</msg>
<var>${response}</var>
<arg>consultarAPI</arg>
<arg>/api</arg>
<doc>Sends a GET request on a previously created HTTP Session.</doc>
<status status="PASS" start="2024-05-11T21:13:07.738642" elapsed="0.053462"/>
</kw>
<kw name="Set Variable" owner="BuiltIn">
<msg time="2024-05-11T21:13:07.793106" level="INFO">${json_data} = {'results': [{'gender': 'female', 'name': {'title': 'Ms', 'first': 'Taimara', 'last': 'da Rosa'}, 'location': {'street': {'number': 698, 'name': 'Rua Bela Vista '}, 'city': 'Jundiaí', 'state': 'Acre',...</msg>
<var>${json_data}</var>
<arg>${response.json()}</arg>
<doc>Returns the given values which can then be assigned to a variables.</doc>
<status status="PASS" start="2024-05-11T21:13:07.792545" elapsed="0.000590"/>
</kw>
<kw name="Log" owner="BuiltIn">
<msg time="2024-05-11T21:13:07.793588" level="INFO">{'results': [{'gender': 'female', 'name': {'title': 'Ms', 'first': 'Taimara', 'last': 'da Rosa'}, 'location': {'street': {'number': 698, 'name': 'Rua Bela Vista '}, 'city': 'Jundiaí', 'state': 'Acre', 'country': 'Brazil', 'postcode': 69600, 'coordinates': {'latitude': '-75.1159', 'longitude': '26.1748'}, 'timezone': {'offset': '+4:30', 'description': 'Kabul'}}, 'email': 'taimara.darosa@example.com', 'login': {'uuid': 'e5fa1270-a6be-4325-98b5-e9212fabe052', 'username': 'goldentiger649', 'password': 'pigpen', 'salt': 'xS6nluwG', 'md5': 'c91c82c4291bce400a49c93436339556', 'sha1': '2d9d683328351cc95f52c78e859d847f3494e148', 'sha256': 'c42ce0554a923308d790421239838db5fe2af10d2f417c939b67172c1d9fa83d'}, 'dob': {'date': '1952-08-30T03:36:26.451Z', 'age': 71}, 'registered': {'date': '2004-08-04T06:38:53.070Z', 'age': 19}, 'phone': '(96) 6903-1037', 'cell': '(22) 2787-2238', 'id': {'name': 'CPF', 'value': '554.724.787-92'}, 'picture': {'large': 'https://randomuser.me/api/portraits/women/15.jpg', 'medium': 'https://randomuser.me/api/portraits/med/women/15.jpg', 'thumbnail': 'https://randomuser.me/api/portraits/thumb/women/15.jpg'}, 'nat': 'BR'}], 'info': {'seed': '6dc6a8eb8aa7e408', 'results': 1, 'page': 1, 'version': '1.4'}}</msg>
<arg>${json_data}</arg>
<doc>Logs the given message with the given level.</doc>
<status status="PASS" start="2024-05-11T21:13:07.793437" elapsed="0.000229"/>
</kw>
<kw name="Should Be Equal As Numbers" owner="BuiltIn">
<arg>${json_data['results'][0]['location']['postcode']}</arg>
<arg>${json_data['results'][0]['location']['postcode']}</arg>
<doc>Fails if objects are unequal after converting them to real numbers.</doc>
<status status="PASS" start="2024-05-11T21:13:07.793964" elapsed="0.000785"/>
</kw>
<kw name="Log" owner="BuiltIn">
<msg time="2024-05-11T21:13:07.795288" level="INFO">69600</msg>
<arg>${json_data['results'][0]['location']['postcode']}</arg>
<doc>Logs the given message with the given level.</doc>
<status status="PASS" start="2024-05-11T21:13:07.794952" elapsed="0.000377"/>
</kw>
<status status="PASS" start="2024-05-11T21:13:07.738416" elapsed="0.057160"/>
</kw>
<doc>Testa se os tipos de dados na resposta da API estão corretos.</doc>
<tag>testeTiposDados</tag>
<status status="PASS" start="2024-05-11T21:13:07.499740" elapsed="0.295996"/>
</test>
<test id="s1-s1-t5" name="Validar conteudo" line="35">
<kw name="Teste de Tipos de Conteudo" owner="random-user-service">
<kw name="GET On Session" owner="RequestsLibrary">
<msg time="2024-05-11T21:13:07.898090" level="INFO">GET Request : url=https://randomuser.me/api 
 path_url=/api 
 headers={'User-Agent': 'python-requests/2.31.0', 'Accept-Encoding': 'gzip, deflate', 'Accept': '*/*', 'Connection': 'keep-alive'} 
 body=None 
 </msg>
<msg time="2024-05-11T21:13:07.898172" level="INFO">GET Response : url=https://randomuser.me/api 
 status=200, reason=OK 
 headers={'Date': 'Sat, 11 May 2024 21:13:07 GMT', 'Content-Type': 'application/json; charset=utf-8', 'Transfer-Encoding': 'chunked', 'Connection': 'keep-alive', 'X-Powered-By': 'Express', 'Access-Control-Allow-Origin': '*', 'Cache-Control': 'no-cache', 'ETag': 'W/"487-VKRN9n7MeFs2i/G9NPB7HMx38wA"', 'Vary': 'Accept-Encoding', 'Content-Encoding': 'gzip', 'CF-Cache-Status': 'DYNAMIC', 'Report-To': '{"endpoints":[{"url":"https:\\/\\/a.nel.cloudflare.com\\/report\\/v4?s=OTF7YZSLpmpgiZSpF%2FJutHO%2F%2BfPimbLoPnUAba5YfJtGdKLagQ2Y3Sy%2FxDgxbIUwgHT6A5phCELyJoJafrzIc02uo31o0RL3MYT2S%2F%2BMzJUVpHBhMEzt39RkcLSNmbYk"}],"group":"cf-nel","max_age":604800}', 'NEL': '{"success_fraction":0,"report_to":"cf-nel","max_age":604800}', 'Server': 'cloudflare', 'CF-RAY': '88252bcfcf3f38aa-IAD', 'alt-svc': 'h3=":443"; ma=86400'} 
 body={"results":[{"gender":"male","name":{"title":"Mr","first":"Cody","last":"Dean"},"location":{"street":{"number":1630,"name":"Fairview Road"},"city":"Salisbury","state":"Dyfed","country":"United Kingdom","postcode":"YO32 1XN","coordinates":{"latitude":"-9.0936","longitude":"-120.0897"},"timezone":{"offset":"-1:00","description":"Azores, Cape Verde Islands"}},"email":"cody.dean@example.com","login":{"uuid":"33622b55-c711-44cc-8ba7-fa2328e849ac","username":"redkoala978","password":"rachel","salt":"YDhfqXYG","md5":"ae73d03713c7aec515483dc2cdcd5b09","sha1":"1b7a0ab1ea0901a3579f467bdbb9746f54d9929d","sha256":"0f43cd64191e2b7b121363e7c0d154c57617c5b5a94323934e847386c8407c3b"},"dob":{"date":"1980-06-02T20:33:43.962Z","age":43},"registered":{"date":"2005-01-24T13:02:15.196Z","age":19},"phone":"015395 82729","cell":"07483 000657","id":{"name":"NINO","value":"SJ 06 34 26 K"},"picture":{"large":"https://randomuser.me/api/portraits/men/22.jpg","medium":"https://randomuser.me/api/portraits/med/men/22.jpg","thumbnail":"https://randomuser.me/api/portraits/thumb/men/22.jpg"},"nat":"GB"}],"info":{"seed":"187c571daaa6b868","results":1,"page":1,"version":"1.4"}} 
 </msg>
<msg time="2024-05-11T21:13:07.898231" level="INFO">/opt/hostedtoolcache/Python/3.12.3/x64/lib/python3.12/site-packages/urllib3/connectionpool.py:1103: InsecureRequestWarning: Unverified HTTPS request is being made to host 'randomuser.me'. Adding certificate verification is strongly advised. See: https://urllib3.readthedocs.io/en/latest/advanced-usage.html#tls-warnings
  warnings.warn(</msg>
<msg time="2024-05-11T21:13:07.898314" level="INFO">${response} = &lt;Response [200]&gt;</msg>
<var>${response}</var>
<arg>consultarAPI</arg>
<arg>/api</arg>
<doc>Sends a GET request on a previously created HTTP Session.</doc>
<status status="PASS" start="2024-05-11T21:13:07.798184" elapsed="0.100170"/>
</kw>
<kw name="Set Variable" owner="BuiltIn">
<msg time="2024-05-11T21:13:07.899367" level="INFO">${json_data} = {'results': [{'gender': 'male', 'name': {'title': 'Mr', 'first': 'Cody', 'last': 'Dean'}, 'location': {'street': {'number': 1630, 'name': 'Fairview Road'}, 'city': 'Salisbury', 'state': 'Dyfed', 'coun...</msg>
<var>${json_data}</var>
<arg>${response.json()}</arg>
<doc>Returns the given values which can then be assigned to a variables.</doc>
<status status="PASS" start="2024-05-11T21:13:07.898828" elapsed="0.000568"/>
</kw>
<kw name="Set Variable" owner="BuiltIn">
<msg time="2024-05-11T21:13:07.900093" level="INFO">${name_title} = Mr</msg>
<var>${name_title}</var>
<arg>${json_data["results"][0]["name"]["title"]}</arg>
<doc>Returns the given values which can then be assigned to a variables.</doc>
<status status="PASS" start="2024-05-11T21:13:07.899715" elapsed="0.000403"/>
</kw>
<kw name="Create List" owner="BuiltIn">
<msg time="2024-05-11T21:13:07.900561" level="INFO">${allowed_titles} = ['Mr', 'Ms', 'Miss', 'Mrs', 'Madame', 'Monsieur']</msg>
<var>${allowed_titles}</var>
<arg>Mr</arg>
<arg>Ms</arg>
<arg>Miss</arg>
<arg>Mrs</arg>
<arg>Madame</arg>
<arg>Monsieur</arg>
<doc>Returns a list containing given items.</doc>
<status status="PASS" start="2024-05-11T21:13:07.900414" elapsed="0.000172"/>
</kw>
<kw name="List Should Contain Value" owner="Collections">
<msg time="2024-05-11T21:13:07.901051" level="INFO">False</msg>
<arg>${allowed_titles}</arg>
<arg>${name_title}</arg>
<doc>Fails if the ``value`` is not found from ``list``.</doc>
<status status="PASS" start="2024-05-11T21:13:07.900880" elapsed="0.000207"/>
</kw>
<kw name="Set Variable" owner="BuiltIn">
<msg time="2024-05-11T21:13:07.901749" level="INFO">${name_country} = GB</msg>
<var>${name_country}</var>
<arg>${json_data["results"][0]["nat"]}</arg>
<doc>Returns the given values which can then be assigned to a variables.</doc>
<status status="PASS" start="2024-05-11T21:13:07.901372" elapsed="0.000402"/>
</kw>
<kw name="Create List" owner="BuiltIn">
<msg time="2024-05-11T21:13:07.902645" level="INFO">${list_country} = ['AD', 'AE', 'AF', 'AG', 'AI', 'AL', 'AM', 'AO', 'AQ', 'AR', 'AS', 'AT', 'AU', 'AW', 'AX', 'AZ', 'BA', 'BB', 'BD', 'BE', 'BF', 'BG', 'BH', 'BI', 'BJ', 'BL', 'BM', 'BN', 'BO', 'BQ', 'BR', 'BS', 'BT', '...</msg>
<var>${list_country}</var>
<arg>AD</arg>
<arg>AE</arg>
<arg>AF</arg>
<arg>AG</arg>
<arg>AI</arg>
<arg>AL</arg>
<arg>AM</arg>
<arg>AO</arg>
<arg>AQ</arg>
<arg>AR</arg>
<arg>AS</arg>
<arg>AT</arg>
<arg>AU</arg>
<arg>AW</arg>
<arg>AX</arg>
<arg>AZ</arg>
<arg>BA</arg>
<arg>BB</arg>
<arg>BD</arg>
<arg>BE</arg>
<arg>BF</arg>
<arg>BG</arg>
<arg>BH</arg>
<arg>BI</arg>
<arg>BJ</arg>
<arg>BL</arg>
<arg>BM</arg>
<arg>BN</arg>
<arg>BO</arg>
<arg>BQ</arg>
<arg>BR</arg>
<arg>BS</arg>
<arg>BT</arg>
<arg>BV</arg>
<arg>BW</arg>
<arg>BY</arg>
<arg>BZ</arg>
<arg>CA</arg>
<arg>CC</arg>
<arg>CD</arg>
<arg>CF</arg>
<arg>CG</arg>
<arg>CH</arg>
<arg>CI</arg>
<arg>CK</arg>
<arg>CL</arg>
<arg>CM</arg>
<arg>CN</arg>
<arg>CO</arg>
<arg>CR</arg>
<arg>CU</arg>
<arg>CV</arg>
<arg>CW</arg>
<arg>CX</arg>
<arg>CY</arg>
<arg>CZ</arg>
<arg>DE</arg>
<arg>DJ</arg>
<arg>DK</arg>
<arg>DM</arg>
<arg>DO</arg>
<arg>DZ</arg>
<arg>EC</arg>
<arg>EE</arg>
<arg>EG</arg>
<arg>EH</arg>
<arg>ER</arg>
<arg>ES</arg>
<arg>ET</arg>
<arg>FI</arg>
<arg>FJ</arg>
<arg>FK</arg>
<arg>FM</arg>
<arg>FO</arg>
<arg>FR</arg>
<arg>GA</arg>
<arg>GB</arg>
<arg>GD</arg>
<arg>GE</arg>
<arg>GF</arg>
<arg>GG</arg>
<arg>GH</arg>
<arg>GI</arg>
<arg>GL</arg>
<arg>GM</arg>
<arg>GN</arg>
<arg>GP</arg>
<arg>GQ</arg>
<arg>GR</arg>
<arg>GS</arg>
<arg>GT</arg>
<arg>GU</arg>
<arg>GW</arg>
<arg>GY</arg>
<arg>HK</arg>
<arg>HM</arg>
<arg>HN</arg>
<arg>HR</arg>
<arg>HT</arg>
<arg>HU</arg>
<arg>ID</arg>
<arg>IE</arg>
<arg>IL</arg>
<arg>IM</arg>
<arg>IN</arg>
<arg>IO</arg>
<arg>IQ</arg>
<arg>IR</arg>
<arg>IS</arg>
<arg>IT</arg>
<arg>JE</arg>
<arg>JM</arg>
<arg>JO</arg>
<arg>JP</arg>
<arg>KE</arg>
<arg>KG</arg>
<arg>KH</arg>
<arg>KI</arg>
<arg>KM</arg>
<arg>KN</arg>
<arg>KP</arg>
<arg>KR</arg>
<arg>KW</arg>
<arg>KY</arg>
<arg>KZ</arg>
<arg>LA</arg>
<arg>LB</arg>
<arg>LC</arg>
<arg>LI</arg>
<arg>LK</arg>
<arg>LR</arg>
<arg>LS</arg>
<arg>LT</arg>
<arg>LU</arg>
<arg>LV</arg>
<arg>LY</arg>
<arg>MA</arg>
<arg>MC</arg>
<arg>MD</arg>
<arg>ME</arg>
<arg>MF</arg>
<arg>MG</arg>
<arg>MH</arg>
<arg>MK</arg>
<arg>ML</arg>
<arg>MM</arg>
<arg>MN</arg>
<arg>MO</arg>
<arg>MP</arg>
<arg>MQ</arg>
<arg>MR</arg>
<arg>MS</arg>
<arg>MT</arg>
<arg>MU</arg>
<arg>MV</arg>
<arg>MW</arg>
<arg>MX</arg>
<arg>MY</arg>
<arg>MZ</arg>
<arg>NA</arg>
<arg>NC</arg>
<arg>NE</arg>
<arg>NF</arg>
<arg>NG</arg>
<arg>NI</arg>
<arg>NL</arg>
<arg>NO</arg>
<arg>NP</arg>
<arg>NR</arg>
<arg>NU</arg>
<arg>NZ</arg>
<arg>OM</arg>
<arg>PA</arg>
<arg>PE</arg>
<arg>PF</arg>
<arg>PG</arg>
<arg>PH</arg>
<arg>PK</arg>
<arg>PL</arg>
<arg>PM</arg>
<arg>PN</arg>
<arg>PR</arg>
<arg>PS</arg>
<arg>PT</arg>
<arg>PW</arg>
<arg>PY</arg>
<arg>QA</arg>
<arg>RE</arg>
<arg>RO</arg>
<arg>RS</arg>
<arg>RU</arg>
<arg>RW</arg>
<arg>SA</arg>
<arg>SB</arg>
<arg>SC</arg>
<arg>SD</arg>
<arg>SE</arg>
<arg>SG</arg>
<arg>SH</arg>
<arg>SI</arg>
<arg>SJ</arg>
<arg>SK</arg>
<arg>SL</arg>
<arg>SM</arg>
<arg>SN</arg>
<arg>SO</arg>
<arg>SR</arg>
<arg>SS</arg>
<arg>ST</arg>
<arg>SV</arg>
<arg>SX</arg>
<arg>SY</arg>
<arg>SZ</arg>
<arg>TC</arg>
<arg>TD</arg>
<arg>TF</arg>
<arg>TG</arg>
<arg>TH</arg>
<arg>TJ</arg>
<arg>TK</arg>
<arg>TL</arg>
<arg>TM</arg>
<arg>TN</arg>
<arg>TO</arg>
<arg>TR</arg>
<arg>TT</arg>
<arg>TV</arg>
<arg>TW</arg>
<arg>TZ</arg>
<arg>UA</arg>
<arg>UG</arg>
<arg>UM</arg>
<arg>US</arg>
<arg>UY</arg>
<arg>UZ</arg>
<arg>VA</arg>
<arg>VC</arg>
<arg>VE</arg>
<arg>VG</arg>
<arg>VI</arg>
<arg>VN</arg>
<arg>VU</arg>
<arg>WF</arg>
<arg>WS</arg>
<arg>XK</arg>
<arg>YE</arg>
<arg>YT</arg>
<arg>ZA</arg>
<arg>ZM</arg>
<arg>ZW</arg>
<doc>Returns a list containing given items.</doc>
<status status="PASS" start="2024-05-11T21:13:07.902068" elapsed="0.000633"/>
</kw>
<kw name="List Should Contain Value" owner="Collections">
<msg time="2024-05-11T21:13:07.903697" level="INFO">False</msg>
<arg>${list_country}</arg>
<arg>${name_country}</arg>
<doc>Fails if the ``value`` is not found from ``list``.</doc>
<status status="PASS" start="2024-05-11T21:13:07.903500" elapsed="0.000233"/>
</kw>
<kw name="Run Keyword If" owner="BuiltIn">
<kw name="Should Be True" owner="BuiltIn">
<arg>${True}</arg>
<doc>Fails if the given condition is not true.</doc>
<status status="PASS" start="2024-05-11T21:13:07.904784" elapsed="0.000142"/>
</kw>
<arg>${json_data["results"][0]["location"]["coordinates"]["latitude"]} &gt;= -90 and ${json_data["results"][0]["location"]["coordinates"]["latitude"]} &lt;= 90</arg>
<arg>Should Be True</arg>
<arg>${True}</arg>
<doc>Runs the given keyword with the given arguments, if ``condition`` is true.</doc>
<status status="PASS" start="2024-05-11T21:13:07.904040" elapsed="0.001013"/>
</kw>
<kw name="Run Keyword If" owner="BuiltIn">
<kw name="Should Be True" owner="BuiltIn">
<arg>${True}</arg>
<doc>Fails if the given condition is not true.</doc>
<status status="PASS" start="2024-05-11T21:13:07.905930" elapsed="0.000236"/>
</kw>
<arg>${json_data["results"][0]["location"]["coordinates"]["longitude"]} &gt;= -180 and ${json_data["results"][0]["location"]["coordinates"]["longitude"]} &lt;= 180</arg>
<arg>Should Be True</arg>
<arg>${True}</arg>
<doc>Runs the given keyword with the given arguments, if ``condition`` is true.</doc>
<status status="PASS" start="2024-05-11T21:13:07.905240" elapsed="0.001049"/>
</kw>
<status status="PASS" start="2024-05-11T21:13:07.797966" elapsed="0.108449"/>
</kw>
<doc>Testa o conteúdo específico dos campos retornados pela API.</doc>
<tag>testeConteudo</tag>
<status status="PASS" start="2024-05-11T21:13:07.797455" elapsed="0.109100"/>
</test>
<status status="PASS" start="2024-05-11T21:13:05.304074" elapsed="2.604436"/>
</suite>
<status status="PASS" start="2024-05-11T21:13:05.290531" elapsed="2.623095"/>
</suite>
<statistics>
<total>
<stat pass="5" fail="0" skip="0">All Tests</stat>
</total>
<tag>
<stat pass="1" fail="0" skip="0">testeConteudo</stat>
<stat pass="1" fail="0" skip="0">testeEstruturaResposta</stat>
<stat pass="1" fail="0" skip="0">testeRequisicaoBasica</stat>
<stat pass="1" fail="0" skip="0">testeTiposDados</stat>
</tag>
<suite>
<stat pass="5" fail="0" skip="0" id="s1" name="Tests">Tests</stat>
<stat pass="5" fail="0" skip="0" id="s1-s1" name="Random-User-Test">Tests.Random-User-Test</stat>
</suite>
</statistics>
<errors>
</errors>
</robot>
