<?xml version="1.0" encoding="UTF-8"?>
<robot generator="Robot 7.0.1 (Python 3.12.4 on linux)" generated="2024-07-08T02:33:30.312368" rpa="false" schemaversion="5">
<suite id="s1" name="Tests" source="/home/runner/work/ApiRandomUser/ApiRandomUser/RamdonUser/tests">
<suite id="s1-s1" name="Random-User-Test" source="/home/runner/work/ApiRandomUser/ApiRandomUser/RamdonUser/tests/random-user-test.robot">
<test id="s1-s1-t1" name="Conectar" line="13">
<kw name="Conectar API" owner="random-user-service">
<kw name="Create Session" owner="RequestsLibrary">
<msg time="2024-07-08T02:33:30.701691" level="INFO">Creating Session using : alias=consultarAPI, url=https://randomuser.me/, headers={},                     cookies={}, auth=None, timeout=None, proxies=None, verify=False,                     debug=0 </msg>
<arg>consultarAPI</arg>
<arg>${URL}</arg>
<doc>Create Session: create a HTTP session to a server</doc>
<status status="PASS" start="2024-07-08T02:33:30.701459" elapsed="0.000404"/>
</kw>
<status status="PASS" start="2024-07-08T02:33:30.700535" elapsed="0.001676"/>
</kw>
<status status="PASS" start="2024-07-08T02:33:30.700016" elapsed="0.002388"/>
</test>
<test id="s1-s1-t2" name="Validar retorno 200 e JSON Válido" line="16">
<kw name="Teste de Requisicao Basica" owner="random-user-service">
<kw name="GET On Session" owner="RequestsLibrary">
<msg time="2024-07-08T02:33:31.404352" level="INFO">GET Request : url=https://randomuser.me/api 
 path_url=/api 
 headers={'User-Agent': 'python-requests/2.32.3', 'Accept-Encoding': 'gzip, deflate', 'Accept': '*/*', 'Connection': 'keep-alive'} 
 body=None 
 </msg>
<msg time="2024-07-08T02:33:31.404502" level="INFO">GET Response : url=https://randomuser.me/api 
 status=200, reason=OK 
 headers={'Date': 'Mon, 08 Jul 2024 02:33:31 GMT', 'Content-Type': 'application/json; charset=utf-8', 'Transfer-Encoding': 'chunked', 'Connection': 'keep-alive', 'X-Powered-By': 'Express', 'Access-Control-Allow-Origin': '*', 'Cache-Control': 'no-cache', 'ETag': 'W/"490-JrpZYYndlTjeKuTUfaRvY6Kz5E4"', 'Vary': 'Accept-Encoding', 'Content-Encoding': 'gzip', 'CF-Cache-Status': 'DYNAMIC', 'Report-To': '{"endpoints":[{"url":"https:\\/\\/a.nel.cloudflare.com\\/report\\/v4?s=3qKrZMYvjSwUlpAz6w6lN68kqVGXhWrZryAgseUNKjtFjE%2FSkYN7ncW6Fxbp79rBz3pJiNYUE77taSrxH6DhM8C705UQv%2BtRP9J%2FAk0kVeczpcgBwsJD6eGQcOP0cLd7"}],"group":"cf-nel","max_age":604800}', 'NEL': '{"success_fraction":0,"report_to":"cf-nel","max_age":604800}', 'Server': 'cloudflare', 'CF-RAY': '89fcab7fcdac820c-IAD', 'alt-svc': 'h3=":443"; ma=86400'} 
 body={"results":[{"gender":"male","name":{"title":"Mr","first":"Terry","last":"Long"},"location":{"street":{"number":2063,"name":"Fairview Road"},"city":"Birmingham","state":"Bedfordshire","country":"United Kingdom","postcode":"GO08 4RL","coordinates":{"latitude":"-12.8558","longitude":"-177.4469"},"timezone":{"offset":"+2:00","description":"Kaliningrad, South Africa"}},"email":"terry.long@example.com","login":{"uuid":"e883210c-ba2c-40b4-8f6e-2390190719c1","username":"happytiger218","password":"vipers","salt":"TNjVaSqH","md5":"adc02c834aec181d77ca84ce6e46b574","sha1":"7112be918d76b2404c10ff3f236234c96d3ea858","sha256":"48e9fc2aa984f11c3e32140e5012749e50ec4b10942f0ffe819356085da40dd4"},"dob":{"date":"1957-12-19T19:55:41.984Z","age":66},"registered":{"date":"2013-07-29T11:37:01.187Z","age":10},"phone":"015242 11029","cell":"07479 518543","id":{"name":"NINO","value":"BE 13 40 62 H"},"picture":{"large":"https://randomuser.me/api/portraits/men/5.jpg","medium":"https://randomuser.me/api/portraits/med/men/5.jpg","thumbnail":"https://randomuser.me/api/portraits/thumb/men/5.jpg"},"nat":"GB"}],"info":{"seed":"108fff9a8dfd40ee","results":1,"page":1,"version":"1.4"}} 
 </msg>
<msg time="2024-07-08T02:33:31.404580" level="INFO">/opt/hostedtoolcache/Python/3.12.4/x64/lib/python3.12/site-packages/urllib3/connectionpool.py:1099: InsecureRequestWarning: Unverified HTTPS request is being made to host 'randomuser.me'. Adding certificate verification is strongly advised. See: https://urllib3.readthedocs.io/en/latest/advanced-usage.html#tls-warnings
  warnings.warn(</msg>
<msg time="2024-07-08T02:33:31.404742" level="INFO">${response} = &lt;Response [200]&gt;</msg>
<var>${response}</var>
<arg>consultarAPI</arg>
<arg>/api</arg>
<doc>Sends a GET request on a previously created HTTP Session.</doc>
<status status="PASS" start="2024-07-08T02:33:30.704975" elapsed="0.699815"/>
</kw>
<kw name="Should Be Equal As Numbers" owner="BuiltIn">
<msg time="2024-07-08T02:33:31.405805" level="INFO">Argument types are:
&lt;class 'int'&gt;
&lt;class 'str'&gt;</msg>
<arg>${response.status_code}</arg>
<arg>200</arg>
<doc>Fails if objects are unequal after converting them to real numbers.</doc>
<status status="PASS" start="2024-07-08T02:33:31.405303" elapsed="0.000568"/>
</kw>
<kw name="Log" owner="BuiltIn">
<msg time="2024-07-08T02:33:31.406525" level="INFO">200</msg>
<arg>${response.status_code}</arg>
<doc>Logs the given message with the given level.</doc>
<status status="PASS" start="2024-07-08T02:33:31.406184" elapsed="0.000382"/>
</kw>
<kw name="Set Variable" owner="BuiltIn">
<msg time="2024-07-08T02:33:31.407292" level="INFO">${json_data} = {'results': [{'gender': 'male', 'name': {'title': 'Mr', 'first': 'Terry', 'last': 'Long'}, 'location': {'street': {'number': 2063, 'name': 'Fairview Road'}, 'city': 'Birmingham', 'state': 'Bedfordshir...</msg>
<var>${json_data}</var>
<arg>${response.json()}</arg>
<doc>Returns the given values which can then be assigned to a variables.</doc>
<status status="PASS" start="2024-07-08T02:33:31.406861" elapsed="0.000461"/>
</kw>
<kw name="Dictionary Should Contain Key" owner="Collections">
<arg>${json_data}</arg>
<arg>results</arg>
<doc>Fails if ``key`` is not found from ``dictionary``.</doc>
<status status="PASS" start="2024-07-08T02:33:31.407610" elapsed="0.000160"/>
</kw>
<status status="PASS" start="2024-07-08T02:33:30.704733" elapsed="0.703186"/>
</kw>
<doc>Testa se a API responde corretamente e retorna um objeto JSON válido.</doc>
<tag>testeRequisicaoBasica</tag>
<status status="PASS" start="2024-07-08T02:33:30.704278" elapsed="0.703813"/>
</test>
<test id="s1-s1-t3" name="Validar estrutura de resposta" line="22">
<kw name="Teste de Estrutura de Resposta" owner="random-user-service">
<kw name="GET On Session" owner="RequestsLibrary">
<msg time="2024-07-08T02:33:31.507872" level="INFO">GET Request : url=https://randomuser.me/api 
 path_url=/api 
 headers={'User-Agent': 'python-requests/2.32.3', 'Accept-Encoding': 'gzip, deflate', 'Accept': '*/*', 'Connection': 'keep-alive'} 
 body=None 
 </msg>
<msg time="2024-07-08T02:33:31.507949" level="INFO">GET Response : url=https://randomuser.me/api 
 status=200, reason=OK 
 headers={'Date': 'Mon, 08 Jul 2024 02:33:31 GMT', 'Content-Type': 'application/json; charset=utf-8', 'Transfer-Encoding': 'chunked', 'Connection': 'keep-alive', 'X-Powered-By': 'Express', 'Access-Control-Allow-Origin': '*', 'Cache-Control': 'no-cache', 'ETag': 'W/"487-aEjc5ZD6IEwslIdJXBWsFMz4+cI"', 'Vary': 'Accept-Encoding', 'Content-Encoding': 'gzip', 'CF-Cache-Status': 'DYNAMIC', 'Report-To': '{"endpoints":[{"url":"https:\\/\\/a.nel.cloudflare.com\\/report\\/v4?s=H9RhKzj0b1hElEwmnMpsTTgckf2uX48wzCYJDrd4Qrv2k1IUt9xJLC40DWCbojysjIAG5bjErV6oeeY3A1H8eGhkOsVMlEZG3N7fjDqu%2B6PaxrVvmPuBTPg41cE3SC4V"}],"group":"cf-nel","max_age":604800}', 'NEL': '{"success_fraction":0,"report_to":"cf-nel","max_age":604800}', 'Server': 'cloudflare', 'CF-RAY': '89fcab8359bb820c-IAD', 'alt-svc': 'h3=":443"; ma=86400'} 
 body={"results":[{"gender":"female","name":{"title":"Mrs","first":"Vera","last":"West"},"location":{"street":{"number":2907,"name":"Pockrus Page Rd"},"city":"Mildura","state":"Victoria","country":"Australia","postcode":5601,"coordinates":{"latitude":"-86.4790","longitude":"61.5114"},"timezone":{"offset":"+4:00","description":"Abu Dhabi, Muscat, Baku, Tbilisi"}},"email":"vera.west@example.com","login":{"uuid":"ff794a9c-6ff3-4255-be06-d5bc9deb6307","username":"happysnake396","password":"0911","salt":"79mlwxD6","md5":"b7b2e581b9b1af9702eed41f24e6eb49","sha1":"015bb4b69555a9963da33efb2cb5c23854c9b8e2","sha256":"50fedbd8fa5cc966222d4a1c7bd9659d64c3cde63d6850cdff8fb17066014ed3"},"dob":{"date":"1985-09-26T22:07:19.442Z","age":38},"registered":{"date":"2018-06-28T04:50:29.614Z","age":6},"phone":"08-9742-0470","cell":"0492-524-649","id":{"name":"TFN","value":"355176700"},"picture":{"large":"https://randomuser.me/api/portraits/women/56.jpg","medium":"https://randomuser.me/api/portraits/med/women/56.jpg","thumbnail":"https://randomuser.me/api/portraits/thumb/women/56.jpg"},"nat":"AU"}],"info":{"seed":"8ea1c72339d2f952","results":1,"page":1,"version":"1.4"}} 
 </msg>
<msg time="2024-07-08T02:33:31.508069" level="INFO">/opt/hostedtoolcache/Python/3.12.4/x64/lib/python3.12/site-packages/urllib3/connectionpool.py:1099: InsecureRequestWarning: Unverified HTTPS request is being made to host 'randomuser.me'. Adding certificate verification is strongly advised. See: https://urllib3.readthedocs.io/en/latest/advanced-usage.html#tls-warnings
  warnings.warn(</msg>
<msg time="2024-07-08T02:33:31.508203" level="INFO">${response} = &lt;Response [200]&gt;</msg>
<var>${response}</var>
<arg>consultarAPI</arg>
<arg>/api</arg>
<doc>Sends a GET request on a previously created HTTP Session.</doc>
<status status="PASS" start="2024-07-08T02:33:31.410793" elapsed="0.097464"/>
</kw>
<kw name="Set Variable" owner="BuiltIn">
<msg time="2024-07-08T02:33:31.509240" level="INFO">${json_data} = {'results': [{'gender': 'female', 'name': {'title': 'Mrs', 'first': 'Vera', 'last': 'West'}, 'location': {'street': {'number': 2907, 'name': 'Pockrus Page Rd'}, 'city': 'Mildura', 'state': 'Victoria',...</msg>
<var>${json_data}</var>
<arg>${response.json()}</arg>
<doc>Returns the given values which can then be assigned to a variables.</doc>
<status status="PASS" start="2024-07-08T02:33:31.508709" elapsed="0.000558"/>
</kw>
<kw name="Log" owner="BuiltIn">
<msg time="2024-07-08T02:33:31.509768" level="INFO">{'results': [{'gender': 'female', 'name': {'title': 'Mrs', 'first': 'Vera', 'last': 'West'}, 'location': {'street': {'number': 2907, 'name': 'Pockrus Page Rd'}, 'city': 'Mildura', 'state': 'Victoria', 'country': 'Australia', 'postcode': 5601, 'coordinates': {'latitude': '-86.4790', 'longitude': '61.5114'}, 'timezone': {'offset': '+4:00', 'description': 'Abu Dhabi, Muscat, Baku, Tbilisi'}}, 'email': 'vera.west@example.com', 'login': {'uuid': 'ff794a9c-6ff3-4255-be06-d5bc9deb6307', 'username': 'happysnake396', 'password': '0911', 'salt': '79mlwxD6', 'md5': 'b7b2e581b9b1af9702eed41f24e6eb49', 'sha1': '015bb4b69555a9963da33efb2cb5c23854c9b8e2', 'sha256': '50fedbd8fa5cc966222d4a1c7bd9659d64c3cde63d6850cdff8fb17066014ed3'}, 'dob': {'date': '1985-09-26T22:07:19.442Z', 'age': 38}, 'registered': {'date': '2018-06-28T04:50:29.614Z', 'age': 6}, 'phone': '08-9742-0470', 'cell': '0492-524-649', 'id': {'name': 'TFN', 'value': '355176700'}, 'picture': {'large': 'https://randomuser.me/api/portraits/women/56.jpg', 'medium': 'https://randomuser.me/api/portraits/med/women/56.jpg', 'thumbnail': 'https://randomuser.me/api/portraits/thumb/women/56.jpg'}, 'nat': 'AU'}], 'info': {'seed': '8ea1c72339d2f952', 'results': 1, 'page': 1, 'version': '1.4'}}</msg>
<arg>${json_data}</arg>
<doc>Logs the given message with the given level.</doc>
<status status="PASS" start="2024-07-08T02:33:31.509604" elapsed="0.000212"/>
</kw>
<kw name="Dictionary Should Contain Key" owner="Collections">
<arg>${json_data}</arg>
<arg>results</arg>
<doc>Fails if ``key`` is not found from ``dictionary``.</doc>
<status status="PASS" start="2024-07-08T02:33:31.510103" elapsed="0.000155"/>
</kw>
<kw name="Should Not Be Empty" owner="BuiltIn">
<msg time="2024-07-08T02:33:31.510567" level="INFO">Length is 2.</msg>
<arg>${json_data}</arg>
<doc>Verifies that the given item is not empty.</doc>
<status status="PASS" start="2024-07-08T02:33:31.510438" elapsed="0.000167"/>
</kw>
<kw name="Create List" owner="BuiltIn">
<msg time="2024-07-08T02:33:31.511040" level="INFO">${expected_keys} = ['gender', 'name', 'location', 'email', 'login']</msg>
<var>${expected_keys}</var>
<arg>gender</arg>
<arg>name</arg>
<arg>location</arg>
<arg>email</arg>
<arg>login</arg>
<doc>Returns a list containing given items.</doc>
<status status="PASS" start="2024-07-08T02:33:31.510894" elapsed="0.000169"/>
</kw>
<for flavor="IN">
<iter>
<kw name="Dictionary Should Contain Key" owner="Collections">
<arg>${json_data['results'][0]}</arg>
<arg>${key}</arg>
<doc>Fails if ``key`` is not found from ``dictionary``.</doc>
<status status="PASS" start="2024-07-08T02:33:31.511745" elapsed="0.000387"/>
</kw>
<kw name="Log" owner="BuiltIn">
<msg time="2024-07-08T02:33:31.512682" level="INFO">{'gender': 'female', 'name': {'title': 'Mrs', 'first': 'Vera', 'last': 'West'}, 'location': {'street': {'number': 2907, 'name': 'Pockrus Page Rd'}, 'city': 'Mildura', 'state': 'Victoria', 'country': 'Australia', 'postcode': 5601, 'coordinates': {'latitude': '-86.4790', 'longitude': '61.5114'}, 'timezone': {'offset': '+4:00', 'description': 'Abu Dhabi, Muscat, Baku, Tbilisi'}}, 'email': 'vera.west@example.com', 'login': {'uuid': 'ff794a9c-6ff3-4255-be06-d5bc9deb6307', 'username': 'happysnake396', 'password': '0911', 'salt': '79mlwxD6', 'md5': 'b7b2e581b9b1af9702eed41f24e6eb49', 'sha1': '015bb4b69555a9963da33efb2cb5c23854c9b8e2', 'sha256': '50fedbd8fa5cc966222d4a1c7bd9659d64c3cde63d6850cdff8fb17066014ed3'}, 'dob': {'date': '1985-09-26T22:07:19.442Z', 'age': 38}, 'registered': {'date': '2018-06-28T04:50:29.614Z', 'age': 6}, 'phone': '08-9742-0470', 'cell': '0492-524-649', 'id': {'name': 'TFN', 'value': '355176700'}, 'picture': {'large': 'https://randomuser.me/api/portraits/women/56.jpg', 'medium': 'https://randomuser.me/api/portraits/med/women/56.jpg', 'thumbnail': 'https://randomuser.me/api/portraits/thumb/women/56.jpg'}, 'nat': 'AU'}</msg>
<arg>${json_data['results'][0]}</arg>
<doc>Logs the given message with the given level.</doc>
<status status="PASS" start="2024-07-08T02:33:31.512320" elapsed="0.000410"/>
</kw>
<kw name="Log" owner="BuiltIn">
<msg time="2024-07-08T02:33:31.513142" level="INFO">gender</msg>
<arg>${key}</arg>
<doc>Logs the given message with the given level.</doc>
<status status="PASS" start="2024-07-08T02:33:31.513019" elapsed="0.000160"/>
</kw>
<var name="${key}">gender</var>
<status status="PASS" start="2024-07-08T02:33:31.511625" elapsed="0.001765"/>
</iter>
<iter>
<kw name="Dictionary Should Contain Key" owner="Collections">
<arg>${json_data['results'][0]}</arg>
<arg>${key}</arg>
<doc>Fails if ``key`` is not found from ``dictionary``.</doc>
<status status="PASS" start="2024-07-08T02:33:31.513733" elapsed="0.000383"/>
</kw>
<kw name="Log" owner="BuiltIn">
<msg time="2024-07-08T02:33:31.514637" level="INFO">{'gender': 'female', 'name': {'title': 'Mrs', 'first': 'Vera', 'last': 'West'}, 'location': {'street': {'number': 2907, 'name': 'Pockrus Page Rd'}, 'city': 'Mildura', 'state': 'Victoria', 'country': 'Australia', 'postcode': 5601, 'coordinates': {'latitude': '-86.4790', 'longitude': '61.5114'}, 'timezone': {'offset': '+4:00', 'description': 'Abu Dhabi, Muscat, Baku, Tbilisi'}}, 'email': 'vera.west@example.com', 'login': {'uuid': 'ff794a9c-6ff3-4255-be06-d5bc9deb6307', 'username': 'happysnake396', 'password': '0911', 'salt': '79mlwxD6', 'md5': 'b7b2e581b9b1af9702eed41f24e6eb49', 'sha1': '015bb4b69555a9963da33efb2cb5c23854c9b8e2', 'sha256': '50fedbd8fa5cc966222d4a1c7bd9659d64c3cde63d6850cdff8fb17066014ed3'}, 'dob': {'date': '1985-09-26T22:07:19.442Z', 'age': 38}, 'registered': {'date': '2018-06-28T04:50:29.614Z', 'age': 6}, 'phone': '08-9742-0470', 'cell': '0492-524-649', 'id': {'name': 'TFN', 'value': '355176700'}, 'picture': {'large': 'https://randomuser.me/api/portraits/women/56.jpg', 'medium': 'https://randomuser.me/api/portraits/med/women/56.jpg', 'thumbnail': 'https://randomuser.me/api/portraits/thumb/women/56.jpg'}, 'nat': 'AU'}</msg>
<arg>${json_data['results'][0]}</arg>
<doc>Logs the given message with the given level.</doc>
<status status="PASS" start="2024-07-08T02:33:31.514295" elapsed="0.000423"/>
</kw>
<kw name="Log" owner="BuiltIn">
<msg time="2024-07-08T02:33:31.515136" level="INFO">name</msg>
<arg>${key}</arg>
<doc>Logs the given message with the given level.</doc>
<status status="PASS" start="2024-07-08T02:33:31.515010" elapsed="0.000162"/>
</kw>
<var name="${key}">name</var>
<status status="PASS" start="2024-07-08T02:33:31.513605" elapsed="0.001779"/>
</iter>
<iter>
<kw name="Dictionary Should Contain Key" owner="Collections">
<arg>${json_data['results'][0]}</arg>
<arg>${key}</arg>
<doc>Fails if ``key`` is not found from ``dictionary``.</doc>
<status status="PASS" start="2024-07-08T02:33:31.515665" elapsed="0.000370"/>
</kw>
<kw name="Log" owner="BuiltIn">
<msg time="2024-07-08T02:33:31.516554" level="INFO">{'gender': 'female', 'name': {'title': 'Mrs', 'first': 'Vera', 'last': 'West'}, 'location': {'street': {'number': 2907, 'name': 'Pockrus Page Rd'}, 'city': 'Mildura', 'state': 'Victoria', 'country': 'Australia', 'postcode': 5601, 'coordinates': {'latitude': '-86.4790', 'longitude': '61.5114'}, 'timezone': {'offset': '+4:00', 'description': 'Abu Dhabi, Muscat, Baku, Tbilisi'}}, 'email': 'vera.west@example.com', 'login': {'uuid': 'ff794a9c-6ff3-4255-be06-d5bc9deb6307', 'username': 'happysnake396', 'password': '0911', 'salt': '79mlwxD6', 'md5': 'b7b2e581b9b1af9702eed41f24e6eb49', 'sha1': '015bb4b69555a9963da33efb2cb5c23854c9b8e2', 'sha256': '50fedbd8fa5cc966222d4a1c7bd9659d64c3cde63d6850cdff8fb17066014ed3'}, 'dob': {'date': '1985-09-26T22:07:19.442Z', 'age': 38}, 'registered': {'date': '2018-06-28T04:50:29.614Z', 'age': 6}, 'phone': '08-9742-0470', 'cell': '0492-524-649', 'id': {'name': 'TFN', 'value': '355176700'}, 'picture': {'large': 'https://randomuser.me/api/portraits/women/56.jpg', 'medium': 'https://randomuser.me/api/portraits/med/women/56.jpg', 'thumbnail': 'https://randomuser.me/api/portraits/thumb/women/56.jpg'}, 'nat': 'AU'}</msg>
<arg>${json_data['results'][0]}</arg>
<doc>Logs the given message with the given level.</doc>
<status status="PASS" start="2024-07-08T02:33:31.516212" elapsed="0.000389"/>
</kw>
<kw name="Log" owner="BuiltIn">
<msg time="2024-07-08T02:33:31.517018" level="INFO">location</msg>
<arg>${key}</arg>
<doc>Logs the given message with the given level.</doc>
<status status="PASS" start="2024-07-08T02:33:31.516891" elapsed="0.000164"/>
</kw>
<var name="${key}">location</var>
<status status="PASS" start="2024-07-08T02:33:31.515559" elapsed="0.001709"/>
</iter>
<iter>
<kw name="Dictionary Should Contain Key" owner="Collections">
<arg>${json_data['results'][0]}</arg>
<arg>${key}</arg>
<doc>Fails if ``key`` is not found from ``dictionary``.</doc>
<status status="PASS" start="2024-07-08T02:33:31.517581" elapsed="0.000411"/>
</kw>
<kw name="Log" owner="BuiltIn">
<msg time="2024-07-08T02:33:31.518519" level="INFO">{'gender': 'female', 'name': {'title': 'Mrs', 'first': 'Vera', 'last': 'West'}, 'location': {'street': {'number': 2907, 'name': 'Pockrus Page Rd'}, 'city': 'Mildura', 'state': 'Victoria', 'country': 'Australia', 'postcode': 5601, 'coordinates': {'latitude': '-86.4790', 'longitude': '61.5114'}, 'timezone': {'offset': '+4:00', 'description': 'Abu Dhabi, Muscat, Baku, Tbilisi'}}, 'email': 'vera.west@example.com', 'login': {'uuid': 'ff794a9c-6ff3-4255-be06-d5bc9deb6307', 'username': 'happysnake396', 'password': '0911', 'salt': '79mlwxD6', 'md5': 'b7b2e581b9b1af9702eed41f24e6eb49', 'sha1': '015bb4b69555a9963da33efb2cb5c23854c9b8e2', 'sha256': '50fedbd8fa5cc966222d4a1c7bd9659d64c3cde63d6850cdff8fb17066014ed3'}, 'dob': {'date': '1985-09-26T22:07:19.442Z', 'age': 38}, 'registered': {'date': '2018-06-28T04:50:29.614Z', 'age': 6}, 'phone': '08-9742-0470', 'cell': '0492-524-649', 'id': {'name': 'TFN', 'value': '355176700'}, 'picture': {'large': 'https://randomuser.me/api/portraits/women/56.jpg', 'medium': 'https://randomuser.me/api/portraits/med/women/56.jpg', 'thumbnail': 'https://randomuser.me/api/portraits/thumb/women/56.jpg'}, 'nat': 'AU'}</msg>
<arg>${json_data['results'][0]}</arg>
<doc>Logs the given message with the given level.</doc>
<status status="PASS" start="2024-07-08T02:33:31.518172" elapsed="0.000394"/>
</kw>
<kw name="Log" owner="BuiltIn">
<msg time="2024-07-08T02:33:31.518987" level="INFO">email</msg>
<arg>${key}</arg>
<doc>Logs the given message with the given level.</doc>
<status status="PASS" start="2024-07-08T02:33:31.518862" elapsed="0.000163"/>
</kw>
<var name="${key}">email</var>
<status status="PASS" start="2024-07-08T02:33:31.517436" elapsed="0.001799"/>
</iter>
<iter>
<kw name="Dictionary Should Contain Key" owner="Collections">
<arg>${json_data['results'][0]}</arg>
<arg>${key}</arg>
<doc>Fails if ``key`` is not found from ``dictionary``.</doc>
<status status="PASS" start="2024-07-08T02:33:31.519508" elapsed="0.000383"/>
</kw>
<kw name="Log" owner="BuiltIn">
<msg time="2024-07-08T02:33:31.520420" level="INFO">{'gender': 'female', 'name': {'title': 'Mrs', 'first': 'Vera', 'last': 'West'}, 'location': {'street': {'number': 2907, 'name': 'Pockrus Page Rd'}, 'city': 'Mildura', 'state': 'Victoria', 'country': 'Australia', 'postcode': 5601, 'coordinates': {'latitude': '-86.4790', 'longitude': '61.5114'}, 'timezone': {'offset': '+4:00', 'description': 'Abu Dhabi, Muscat, Baku, Tbilisi'}}, 'email': 'vera.west@example.com', 'login': {'uuid': 'ff794a9c-6ff3-4255-be06-d5bc9deb6307', 'username': 'happysnake396', 'password': '0911', 'salt': '79mlwxD6', 'md5': 'b7b2e581b9b1af9702eed41f24e6eb49', 'sha1': '015bb4b69555a9963da33efb2cb5c23854c9b8e2', 'sha256': '50fedbd8fa5cc966222d4a1c7bd9659d64c3cde63d6850cdff8fb17066014ed3'}, 'dob': {'date': '1985-09-26T22:07:19.442Z', 'age': 38}, 'registered': {'date': '2018-06-28T04:50:29.614Z', 'age': 6}, 'phone': '08-9742-0470', 'cell': '0492-524-649', 'id': {'name': 'TFN', 'value': '355176700'}, 'picture': {'large': 'https://randomuser.me/api/portraits/women/56.jpg', 'medium': 'https://randomuser.me/api/portraits/med/women/56.jpg', 'thumbnail': 'https://randomuser.me/api/portraits/thumb/women/56.jpg'}, 'nat': 'AU'}</msg>
<arg>${json_data['results'][0]}</arg>
<doc>Logs the given message with the given level.</doc>
<status status="PASS" start="2024-07-08T02:33:31.520069" elapsed="0.000399"/>
</kw>
<kw name="Log" owner="BuiltIn">
<msg time="2024-07-08T02:33:31.520923" level="INFO">login</msg>
<arg>${key}</arg>
<doc>Logs the given message with the given level.</doc>
<status status="PASS" start="2024-07-08T02:33:31.520791" elapsed="0.000179"/>
</kw>
<var name="${key}">login</var>
<status status="PASS" start="2024-07-08T02:33:31.519402" elapsed="0.001800"/>
</iter>
<var>${key}</var>
<value>@{expected_keys}</value>
<status status="PASS" start="2024-07-08T02:33:31.511443" elapsed="0.009879"/>
</for>
<kw name="Create List" owner="BuiltIn">
<msg time="2024-07-08T02:33:31.521730" level="INFO">${expected_keysTwo} = ['username', 'password']</msg>
<var>${expected_keysTwo}</var>
<arg>username</arg>
<arg>password</arg>
<doc>Returns a list containing given items.</doc>
<status status="PASS" start="2024-07-08T02:33:31.521511" elapsed="0.000259"/>
</kw>
<for flavor="IN">
<iter>
<kw name="Dictionary Should Contain Key" owner="Collections">
<arg>${json_data['results'][0]['login']}</arg>
<arg>${keyTwo}</arg>
<doc>Fails if ``key`` is not found from ``dictionary``.</doc>
<status status="PASS" start="2024-07-08T02:33:31.522491" elapsed="0.000498"/>
</kw>
<kw name="Dictionary Should Contain Key" owner="Collections">
<arg>${json_data['results'][0]['login']}</arg>
<arg>${keyTwo}</arg>
<doc>Fails if ``key`` is not found from ``dictionary``.</doc>
<status status="PASS" start="2024-07-08T02:33:31.523229" elapsed="0.000514"/>
</kw>
<kw name="Log" owner="BuiltIn">
<msg time="2024-07-08T02:33:31.524134" level="INFO">username</msg>
<arg>${keyTwo}</arg>
<doc>Logs the given message with the given level.</doc>
<status status="PASS" start="2024-07-08T02:33:31.523978" elapsed="0.000204"/>
</kw>
<var name="${keyTwo}">username</var>
<status status="PASS" start="2024-07-08T02:33:31.522355" elapsed="0.002102"/>
</iter>
<iter>
<kw name="Dictionary Should Contain Key" owner="Collections">
<arg>${json_data['results'][0]['login']}</arg>
<arg>${keyTwo}</arg>
<doc>Fails if ``key`` is not found from ``dictionary``.</doc>
<status status="PASS" start="2024-07-08T02:33:31.524799" elapsed="0.000382"/>
</kw>
<kw name="Dictionary Should Contain Key" owner="Collections">
<arg>${json_data['results'][0]['login']}</arg>
<arg>${keyTwo}</arg>
<doc>Fails if ``key`` is not found from ``dictionary``.</doc>
<status status="PASS" start="2024-07-08T02:33:31.525360" elapsed="0.000413"/>
</kw>
<kw name="Log" owner="BuiltIn">
<msg time="2024-07-08T02:33:31.526077" level="INFO">password</msg>
<arg>${keyTwo}</arg>
<doc>Logs the given message with the given level.</doc>
<status status="PASS" start="2024-07-08T02:33:31.525956" elapsed="0.000163"/>
</kw>
<var name="${keyTwo}">password</var>
<status status="PASS" start="2024-07-08T02:33:31.524683" elapsed="0.001661"/>
</iter>
<var>${keyTwo}</var>
<value>@{expected_keysTwo}</value>
<status status="PASS" start="2024-07-08T02:33:31.522161" elapsed="0.004304"/>
</for>
<status status="PASS" start="2024-07-08T02:33:31.410566" elapsed="0.116035"/>
</kw>
<doc>Testa a estrutura da resposta da API.</doc>
<tag>testeEstruturaResposta</tag>
<status status="PASS" start="2024-07-08T02:33:31.409965" elapsed="0.116782"/>
</test>
<test id="s1-s1-t4" name="Validar tipos de dados" line="28">
<kw name="Teste de Tipos de Dados" owner="random-user-service">
<kw name="GET On Session" owner="RequestsLibrary">
<msg time="2024-07-08T02:33:31.578341" level="INFO">GET Request : url=https://randomuser.me/api 
 path_url=/api 
 headers={'User-Agent': 'python-requests/2.32.3', 'Accept-Encoding': 'gzip, deflate', 'Accept': '*/*', 'Connection': 'keep-alive'} 
 body=None 
 </msg>
<msg time="2024-07-08T02:33:31.578415" level="INFO">GET Response : url=https://randomuser.me/api 
 status=200, reason=OK 
 headers={'Date': 'Mon, 08 Jul 2024 02:33:31 GMT', 'Content-Type': 'application/json; charset=utf-8', 'Transfer-Encoding': 'chunked', 'Connection': 'keep-alive', 'X-Powered-By': 'Express', 'Access-Control-Allow-Origin': '*', 'Cache-Control': 'no-cache', 'ETag': 'W/"474-v0q004zy0ER25jDruiqh9D560Y0"', 'Vary': 'Accept-Encoding', 'Content-Encoding': 'gzip', 'CF-Cache-Status': 'DYNAMIC', 'Report-To': '{"endpoints":[{"url":"https:\\/\\/a.nel.cloudflare.com\\/report\\/v4?s=MBXg4ZXcAzuwS6hUta%2FyGy5D0m3B7tWTKcuFiDbhDyN4u3ohE2GjBQkp3uZzMROULn5PT%2FT2EojdZc46HjCWykvPHhs2z%2FJGDOA5H9FRI6vDLKQLr%2FDBDVize%2BQYz1Bj"}],"group":"cf-nel","max_age":604800}', 'NEL': '{"success_fraction":0,"report_to":"cf-nel","max_age":604800}', 'Server': 'cloudflare', 'CF-RAY': '89fcab841a93820c-IAD', 'alt-svc': 'h3=":443"; ma=86400'} 
 body={"results":[{"gender":"female","name":{"title":"Ms","first":"Ege","last":"Fahri"},"location":{"street":{"number":5780,"name":"Anafartalar Cd"},"city":"Kilis","state":"Erzurum","country":"Turkey","postcode":86902,"coordinates":{"latitude":"65.3237","longitude":"118.4940"},"timezone":{"offset":"+2:00","description":"Kaliningrad, South Africa"}},"email":"ege.fahri@example.com","login":{"uuid":"46f891f4-dbc1-45b2-9ed8-0cc0e08ae10b","username":"lazybird784","password":"smokie","salt":"QXewTiu4","md5":"04c112156acb97a30340d6e01ce68a03","sha1":"2485e8dfd8e8ce1f0e21f4f0c17b5b80a18e4d84","sha256":"2043ef37c78683859275c742c0403e14eefbfa77df2efffd5cf9f3d7be58b1fc"},"dob":{"date":"1990-07-28T12:24:10.614Z","age":33},"registered":{"date":"2002-09-18T22:12:30.762Z","age":21},"phone":"(056)-910-7647","cell":"(139)-674-4546","id":{"name":"","value":null},"picture":{"large":"https://randomuser.me/api/portraits/women/88.jpg","medium":"https://randomuser.me/api/portraits/med/women/88.jpg","thumbnail":"https://randomuser.me/api/portraits/thumb/women/88.jpg"},"nat":"TR"}],"info":{"seed":"8c119777afc86c46","results":1,"page":1,"version":"1.4"}} 
 </msg>
<msg time="2024-07-08T02:33:31.578481" level="INFO">/opt/hostedtoolcache/Python/3.12.4/x64/lib/python3.12/site-packages/urllib3/connectionpool.py:1099: InsecureRequestWarning: Unverified HTTPS request is being made to host 'randomuser.me'. Adding certificate verification is strongly advised. See: https://urllib3.readthedocs.io/en/latest/advanced-usage.html#tls-warnings
  warnings.warn(</msg>
<msg time="2024-07-08T02:33:31.578581" level="INFO">${response} = &lt;Response [200]&gt;</msg>
<var>${response}</var>
<arg>consultarAPI</arg>
<arg>/api</arg>
<doc>Sends a GET request on a previously created HTTP Session.</doc>
<status status="PASS" start="2024-07-08T02:33:31.529182" elapsed="0.049437"/>
</kw>
<kw name="Set Variable" owner="BuiltIn">
<msg time="2024-07-08T02:33:31.579439" level="INFO">${json_data} = {'results': [{'gender': 'female', 'name': {'title': 'Ms', 'first': 'Ege', 'last': 'Fahri'}, 'location': {'street': {'number': 5780, 'name': 'Anafartalar Cd'}, 'city': 'Kilis', 'state': 'Erzurum', 'cou...</msg>
<var>${json_data}</var>
<arg>${response.json()}</arg>
<doc>Returns the given values which can then be assigned to a variables.</doc>
<status status="PASS" start="2024-07-08T02:33:31.578997" elapsed="0.000471"/>
</kw>
<kw name="Log" owner="BuiltIn">
<msg time="2024-07-08T02:33:31.579925" level="INFO">{'results': [{'gender': 'female', 'name': {'title': 'Ms', 'first': 'Ege', 'last': 'Fahri'}, 'location': {'street': {'number': 5780, 'name': 'Anafartalar Cd'}, 'city': 'Kilis', 'state': 'Erzurum', 'country': 'Turkey', 'postcode': 86902, 'coordinates': {'latitude': '65.3237', 'longitude': '118.4940'}, 'timezone': {'offset': '+2:00', 'description': 'Kaliningrad, South Africa'}}, 'email': 'ege.fahri@example.com', 'login': {'uuid': '46f891f4-dbc1-45b2-9ed8-0cc0e08ae10b', 'username': 'lazybird784', 'password': 'smokie', 'salt': 'QXewTiu4', 'md5': '04c112156acb97a30340d6e01ce68a03', 'sha1': '2485e8dfd8e8ce1f0e21f4f0c17b5b80a18e4d84', 'sha256': '2043ef37c78683859275c742c0403e14eefbfa77df2efffd5cf9f3d7be58b1fc'}, 'dob': {'date': '1990-07-28T12:24:10.614Z', 'age': 33}, 'registered': {'date': '2002-09-18T22:12:30.762Z', 'age': 21}, 'phone': '(056)-910-7647', 'cell': '(139)-674-4546', 'id': {'name': '', 'value': None}, 'picture': {'large': 'https://randomuser.me/api/portraits/women/88.jpg', 'medium': 'https://randomuser.me/api/portraits/med/women/88.jpg', 'thumbnail': 'https://randomuser.me/api/portraits/thumb/women/88.jpg'}, 'nat': 'TR'}], 'info': {'seed': '8c119777afc86c46', 'results': 1, 'page': 1, 'version': '1.4'}}</msg>
<arg>${json_data}</arg>
<doc>Logs the given message with the given level.</doc>
<status status="PASS" start="2024-07-08T02:33:31.579776" elapsed="0.000195"/>
</kw>
<kw name="Should Be String" owner="String">
<arg>${json_data['results'][0]['gender']}</arg>
<doc>Fails if the given ``item`` is not a string.</doc>
<status status="PASS" start="2024-07-08T02:33:31.580256" elapsed="0.000361"/>
</kw>
<kw name="Should Match Regexp" owner="BuiltIn">
<arg>${json_data['results'][0]['email']}</arg>
<arg>^[a-zA-Z0-9._%+-]+@[a-zA-Z0-9.-]+\.[a-zA-Z]{2,}$</arg>
<doc>Fails if ``string`` does not match ``pattern`` as a regular expression.</doc>
<status status="PASS" start="2024-07-08T02:33:31.580802" elapsed="0.000512"/>
</kw>
<kw name="Should Match Regexp" owner="BuiltIn">
<arg>${json_data['results'][0]['dob']['date']}</arg>
<arg>\\d{4}-\\d{2}-\\d{2}T\\d{2}:\\d{2}:\\d{2}\\.\\d{3}Z</arg>
<doc>Fails if ``string`` does not match ``pattern`` as a regular expression.</doc>
<status status="PASS" start="2024-07-08T02:33:31.581578" elapsed="0.000502"/>
</kw>
<kw name="Should Match Regexp" owner="BuiltIn">
<arg>${json_data['results'][0]['registered']['date']}</arg>
<arg>\\d{4}-\\d{2}-\\d{2}T\\d{2}:\\d{2}:\\d{2}\\.\\d{3}Z</arg>
<doc>Fails if ``string`` does not match ``pattern`` as a regular expression.</doc>
<status status="PASS" start="2024-07-08T02:33:31.582272" elapsed="0.000365"/>
</kw>
<kw name="Should Match Regexp" owner="BuiltIn">
<arg>${json_data['results'][0]['picture']['large']}</arg>
<arg>^https?://.*\.(?:png|jpe?g|gif|bmp)$</arg>
<doc>Fails if ``string`` does not match ``pattern`` as a regular expression.</doc>
<status status="PASS" start="2024-07-08T02:33:31.582819" elapsed="0.000450"/>
</kw>
<kw name="Should Match Regexp" owner="BuiltIn">
<arg>${json_data['results'][0]['picture']['medium']}</arg>
<arg>^https?://.*\.(?:png|jpe?g|gif|bmp)$</arg>
<doc>Fails if ``string`` does not match ``pattern`` as a regular expression.</doc>
<status status="PASS" start="2024-07-08T02:33:31.583453" elapsed="0.000355"/>
</kw>
<kw name="Should Match Regexp" owner="BuiltIn">
<arg>${json_data['results'][0]['picture']['thumbnail']}</arg>
<arg>^https?://.*\.(?:png|jpe?g|gif|bmp)$</arg>
<doc>Fails if ``string`` does not match ``pattern`` as a regular expression.</doc>
<status status="PASS" start="2024-07-08T02:33:31.583988" elapsed="0.000353"/>
</kw>
<kw name="Log" owner="BuiltIn">
<msg time="2024-07-08T02:33:31.584853" level="INFO">{'large': 'https://randomuser.me/api/portraits/women/88.jpg', 'medium': 'https://randomuser.me/api/portraits/med/women/88.jpg', 'thumbnail': 'https://randomuser.me/api/portraits/thumb/women/88.jpg'}</msg>
<arg>${json_data['results'][0]['picture']}</arg>
<doc>Logs the given message with the given level.</doc>
<status status="PASS" start="2024-07-08T02:33:31.584528" elapsed="0.000367"/>
</kw>
<status status="PASS" start="2024-07-08T02:33:31.528966" elapsed="0.056180"/>
</kw>
<kw name="Teste de Tipos de Dados - Postcode" owner="random-user-service">
<kw name="GET On Session" owner="RequestsLibrary">
<msg time="2024-07-08T02:33:31.665813" level="INFO">GET Request : url=https://randomuser.me/api 
 path_url=/api 
 headers={'User-Agent': 'python-requests/2.32.3', 'Accept-Encoding': 'gzip, deflate', 'Accept': '*/*', 'Connection': 'keep-alive'} 
 body=None 
 </msg>
<msg time="2024-07-08T02:33:31.665888" level="INFO">GET Response : url=https://randomuser.me/api 
 status=200, reason=OK 
 headers={'Date': 'Mon, 08 Jul 2024 02:33:31 GMT', 'Content-Type': 'application/json; charset=utf-8', 'Transfer-Encoding': 'chunked', 'Connection': 'keep-alive', 'X-Powered-By': 'Express', 'Access-Control-Allow-Origin': '*', 'Cache-Control': 'no-cache', 'ETag': 'W/"4a8-LxlwENyCuyO4xz9rBuc13W6cdN4"', 'Vary': 'Accept-Encoding', 'Content-Encoding': 'gzip', 'CF-Cache-Status': 'DYNAMIC', 'Report-To': '{"endpoints":[{"url":"https:\\/\\/a.nel.cloudflare.com\\/report\\/v4?s=5hdDXcmWaAlcxYfPoW%2F3MM%2FXZa5luzsmfNnvMLLQuh6%2FS62loy64Zazc5s3sbatiYZobVx%2FartSw%2BCw5OTJLvxoyxPiLKK52zntTi5%2FRaG19N5t%2Fmu15fMBrua5vfdqU"}],"group":"cf-nel","max_age":604800}', 'NEL': '{"success_fraction":0,"report_to":"cf-nel","max_age":604800}', 'Server': 'cloudflare', 'CF-RAY': '89fcab847b14820c-IAD', 'alt-svc': 'h3=":443"; ma=86400'} 
 body={"results":[{"gender":"female","name":{"title":"Mrs","first":"غزل","last":"رضاییان"},"location":{"street":{"number":7838,"name":"استاد نجات‌اللهی"},"city":"خوی","state":"خراسان رضوی","country":"Iran","postcode":16537,"coordinates":{"latitude":"13.4408","longitude":"12.3698"},"timezone":{"offset":"+4:00","description":"Abu Dhabi, Muscat, Baku, Tbilisi"}},"email":"gzl.rdyyn@example.com","login":{"uuid":"8399c165-1e85-480c-ac3e-9986c35a78b2","username":"tinymeercat653","password":"chewbacc","salt":"5ItHcXPU","md5":"79529087ab82cd5425f9b1c48d514352","sha1":"032cced3972ae5a0b8fd5ce60a7775fa32de7af6","sha256":"a6524aa0ee128155ae7cbc484db7021811edc188000c2313ac812a4d3d44395a"},"dob":{"date":"1975-04-01T12:24:57.287Z","age":49},"registered":{"date":"2010-01-30T04:56:26.615Z","age":14},"phone":"023-64561800","cell":"0908-919-6505","id":{"name":"","value":null},"picture":{"large":"https://randomuser.me/api/portraits/women/77.jpg","medium":"https://randomuser.me/api/portraits/med/women/77.jpg","thumbnail":"https://randomuser.me/api/portraits/thumb/women/77.jpg"},"nat":"IR"}],"info":{"seed":"dceae6dd30e31f2b","results":1,"page":1,"version":"1.4"}} 
 </msg>
<msg time="2024-07-08T02:33:31.665949" level="INFO">/opt/hostedtoolcache/Python/3.12.4/x64/lib/python3.12/site-packages/urllib3/connectionpool.py:1099: InsecureRequestWarning: Unverified HTTPS request is being made to host 'randomuser.me'. Adding certificate verification is strongly advised. See: https://urllib3.readthedocs.io/en/latest/advanced-usage.html#tls-warnings
  warnings.warn(</msg>
<msg time="2024-07-08T02:33:31.666032" level="INFO">${response} = &lt;Response [200]&gt;</msg>
<var>${response}</var>
<arg>consultarAPI</arg>
<arg>/api</arg>
<doc>Sends a GET request on a previously created HTTP Session.</doc>
<status status="PASS" start="2024-07-08T02:33:31.585622" elapsed="0.080439"/>
</kw>
<kw name="Set Variable" owner="BuiltIn">
<msg time="2024-07-08T02:33:31.666903" level="INFO">${json_data} = {'results': [{'gender': 'female', 'name': {'title': 'Mrs', 'first': 'غزل', 'last': 'رضاییان'}, 'location': {'street': {'number': 7838, 'name': 'استاد نجات\u200cاللهی'}, 'city': 'خوی', 'state': 'خراسان...</msg>
<var>${json_data}</var>
<arg>${response.json()}</arg>
<doc>Returns the given values which can then be assigned to a variables.</doc>
<status status="PASS" start="2024-07-08T02:33:31.666444" elapsed="0.000490"/>
</kw>
<kw name="Log" owner="BuiltIn">
<msg time="2024-07-08T02:33:31.667392" level="INFO">{'results': [{'gender': 'female', 'name': {'title': 'Mrs', 'first': 'غزل', 'last': 'رضاییان'}, 'location': {'street': {'number': 7838, 'name': 'استاد نجات\u200cاللهی'}, 'city': 'خوی', 'state': 'خراسان رضوی', 'country': 'Iran', 'postcode': 16537, 'coordinates': {'latitude': '13.4408', 'longitude': '12.3698'}, 'timezone': {'offset': '+4:00', 'description': 'Abu Dhabi, Muscat, Baku, Tbilisi'}}, 'email': 'gzl.rdyyn@example.com', 'login': {'uuid': '8399c165-1e85-480c-ac3e-9986c35a78b2', 'username': 'tinymeercat653', 'password': 'chewbacc', 'salt': '5ItHcXPU', 'md5': '79529087ab82cd5425f9b1c48d514352', 'sha1': '032cced3972ae5a0b8fd5ce60a7775fa32de7af6', 'sha256': 'a6524aa0ee128155ae7cbc484db7021811edc188000c2313ac812a4d3d44395a'}, 'dob': {'date': '1975-04-01T12:24:57.287Z', 'age': 49}, 'registered': {'date': '2010-01-30T04:56:26.615Z', 'age': 14}, 'phone': '023-64561800', 'cell': '0908-919-6505', 'id': {'name': '', 'value': None}, 'picture': {'large': 'https://randomuser.me/api/portraits/women/77.jpg', 'medium': 'https://randomuser.me/api/portraits/med/women/77.jpg', 'thumbnail': 'https://randomuser.me/api/portraits/thumb/women/77.jpg'}, 'nat': 'IR'}], 'info': {'seed': 'dceae6dd30e31f2b', 'results': 1, 'page': 1, 'version': '1.4'}}</msg>
<arg>${json_data}</arg>
<doc>Logs the given message with the given level.</doc>
<status status="PASS" start="2024-07-08T02:33:31.667237" elapsed="0.000205"/>
</kw>
<kw name="Should Be Equal As Numbers" owner="BuiltIn">
<arg>${json_data['results'][0]['location']['postcode']}</arg>
<arg>${json_data['results'][0]['location']['postcode']}</arg>
<doc>Fails if objects are unequal after converting them to real numbers.</doc>
<status status="PASS" start="2024-07-08T02:33:31.667733" elapsed="0.000620"/>
</kw>
<kw name="Log" owner="BuiltIn">
<msg time="2024-07-08T02:33:31.668882" level="INFO">16537</msg>
<arg>${json_data['results'][0]['location']['postcode']}</arg>
<doc>Logs the given message with the given level.</doc>
<status status="PASS" start="2024-07-08T02:33:31.668547" elapsed="0.000375"/>
</kw>
<status status="PASS" start="2024-07-08T02:33:31.585384" elapsed="0.083812"/>
</kw>
<doc>Testa se os tipos de dados na resposta da API estão corretos.</doc>
<tag>testeTiposDados</tag>
<status status="PASS" start="2024-07-08T02:33:31.528461" elapsed="0.140892"/>
</test>
<test id="s1-s1-t5" name="Validar conteudo" line="35">
<kw name="Teste de Tipos de Conteudo" owner="random-user-service">
<kw name="GET On Session" owner="RequestsLibrary">
<msg time="2024-07-08T02:33:31.760650" level="INFO">GET Request : url=https://randomuser.me/api 
 path_url=/api 
 headers={'User-Agent': 'python-requests/2.32.3', 'Accept-Encoding': 'gzip, deflate', 'Accept': '*/*', 'Connection': 'keep-alive'} 
 body=None 
 </msg>
<msg time="2024-07-08T02:33:31.760730" level="INFO">GET Response : url=https://randomuser.me/api 
 status=200, reason=OK 
 headers={'Date': 'Mon, 08 Jul 2024 02:33:31 GMT', 'Content-Type': 'application/json; charset=utf-8', 'Transfer-Encoding': 'chunked', 'Connection': 'keep-alive', 'X-Powered-By': 'Express', 'Access-Control-Allow-Origin': '*', 'Cache-Control': 'no-cache', 'ETag': 'W/"49c-zACQX8hQmkWjFKPB+QbKvFjR0VA"', 'Vary': 'Accept-Encoding', 'Content-Encoding': 'gzip', 'CF-Cache-Status': 'DYNAMIC', 'Report-To': '{"endpoints":[{"url":"https:\\/\\/a.nel.cloudflare.com\\/report\\/v4?s=HEZEsS9fkA%2Bj0OWrhQtcis%2BuMR%2FP88%2BZ9cKi7JWuAjvFw41dsfGn5FIQymO%2F7CCGkNkWZiygIKaFIwim6mfQIBhwFoX9t8N1tDio%2BAdG7TwQ5giVNvOLko75MfAEHq%2Fm"}],"group":"cf-nel","max_age":604800}', 'NEL': '{"success_fraction":0,"report_to":"cf-nel","max_age":604800}', 'Server': 'cloudflare', 'CF-RAY': '89fcab84fbb4820c-IAD', 'alt-svc': 'h3=":443"; ma=86400'} 
 body={"results":[{"gender":"male","name":{"title":"Mr","first":"Ian","last":"Gomes"},"location":{"street":{"number":9695,"name":"Rua Espirito Santo "},"city":"Bragança Paulista","state":"Maranhão","country":"Brazil","postcode":66513,"coordinates":{"latitude":"-77.1021","longitude":"-91.2068"},"timezone":{"offset":"+8:00","description":"Beijing, Perth, Singapore, Hong Kong"}},"email":"ian.gomes@example.com","login":{"uuid":"77df525a-9f47-4b58-8a50-6d272c81c73f","username":"greenbear468","password":"nomore","salt":"J7rERvHV","md5":"5445634591770a168452f7752062a487","sha1":"db041cae3c92160949810b54449bb49e2c0beff0","sha256":"4fab17e470d3a744c01379527a80e7d99dc0af557a6db4ff273b1410cb129c54"},"dob":{"date":"1994-02-03T11:09:31.492Z","age":30},"registered":{"date":"2005-05-18T16:15:22.828Z","age":19},"phone":"(18) 5084-1999","cell":"(43) 9794-9058","id":{"name":"CPF","value":"666.026.521-36"},"picture":{"large":"https://randomuser.me/api/portraits/men/49.jpg","medium":"https://randomuser.me/api/portraits/med/men/49.jpg","thumbnail":"https://randomuser.me/api/portraits/thumb/men/49.jpg"},"nat":"BR"}],"info":{"seed":"17c7937aec271ea0","results":1,"page":1,"version":"1.4"}} 
 </msg>
<msg time="2024-07-08T02:33:31.760817" level="INFO">/opt/hostedtoolcache/Python/3.12.4/x64/lib/python3.12/site-packages/urllib3/connectionpool.py:1099: InsecureRequestWarning: Unverified HTTPS request is being made to host 'randomuser.me'. Adding certificate verification is strongly advised. See: https://urllib3.readthedocs.io/en/latest/advanced-usage.html#tls-warnings
  warnings.warn(</msg>
<msg time="2024-07-08T02:33:31.760923" level="INFO">${response} = &lt;Response [200]&gt;</msg>
<var>${response}</var>
<arg>consultarAPI</arg>
<arg>/api</arg>
<doc>Sends a GET request on a previously created HTTP Session.</doc>
<status status="PASS" start="2024-07-08T02:33:31.671950" elapsed="0.089013"/>
</kw>
<kw name="Set Variable" owner="BuiltIn">
<msg time="2024-07-08T02:33:31.761860" level="INFO">${json_data} = {'results': [{'gender': 'male', 'name': {'title': 'Mr', 'first': 'Ian', 'last': 'Gomes'}, 'location': {'street': {'number': 9695, 'name': 'Rua Espirito Santo '}, 'city': 'Bragança Paulista', 'state': ...</msg>
<var>${json_data}</var>
<arg>${response.json()}</arg>
<doc>Returns the given values which can then be assigned to a variables.</doc>
<status status="PASS" start="2024-07-08T02:33:31.761363" elapsed="0.000527"/>
</kw>
<kw name="Set Variable" owner="BuiltIn">
<msg time="2024-07-08T02:33:31.762568" level="INFO">${name_title} = Mr</msg>
<var>${name_title}</var>
<arg>${json_data["results"][0]["name"]["title"]}</arg>
<doc>Returns the given values which can then be assigned to a variables.</doc>
<status status="PASS" start="2024-07-08T02:33:31.762193" elapsed="0.000401"/>
</kw>
<kw name="Create List" owner="BuiltIn">
<msg time="2024-07-08T02:33:31.763037" level="INFO">${allowed_titles} = ['Mr', 'Ms', 'Miss', 'Mrs', 'Madame', 'Monsieur']</msg>
<var>${allowed_titles}</var>
<arg>Mr</arg>
<arg>Ms</arg>
<arg>Miss</arg>
<arg>Mrs</arg>
<arg>Madame</arg>
<arg>Monsieur</arg>
<doc>Returns a list containing given items.</doc>
<status status="PASS" start="2024-07-08T02:33:31.762889" elapsed="0.000173"/>
</kw>
<kw name="List Should Contain Value" owner="Collections">
<arg>${allowed_titles}</arg>
<arg>${name_title}</arg>
<doc>Fails if the ``value`` is not found from ``list``.</doc>
<status status="PASS" start="2024-07-08T02:33:31.763357" elapsed="0.000172"/>
</kw>
<kw name="Set Variable" owner="BuiltIn">
<msg time="2024-07-08T02:33:31.764068" level="INFO">${name_country} = BR</msg>
<var>${name_country}</var>
<arg>${json_data["results"][0]["nat"]}</arg>
<doc>Returns the given values which can then be assigned to a variables.</doc>
<status status="PASS" start="2024-07-08T02:33:31.763706" elapsed="0.000387"/>
</kw>
<kw name="Create List" owner="BuiltIn">
<msg time="2024-07-08T02:33:31.764965" level="INFO">${list_country} = ['AD', 'AE', 'AF', 'AG', 'AI', 'AL', 'AM', 'AO', 'AQ', 'AR', 'AS', 'AT', 'AU', 'AW', 'AX', 'AZ', 'BA', 'BB', 'BD', 'BE', 'BF', 'BG', 'BH', 'BI', 'BJ', 'BL', 'BM', 'BN', 'BO', 'BQ', 'BR', 'BS', 'BT', '...</msg>
<var>${list_country}</var>
<arg>AD</arg>
<arg>AE</arg>
<arg>AF</arg>
<arg>AG</arg>
<arg>AI</arg>
<arg>AL</arg>
<arg>AM</arg>
<arg>AO</arg>
<arg>AQ</arg>
<arg>AR</arg>
<arg>AS</arg>
<arg>AT</arg>
<arg>AU</arg>
<arg>AW</arg>
<arg>AX</arg>
<arg>AZ</arg>
<arg>BA</arg>
<arg>BB</arg>
<arg>BD</arg>
<arg>BE</arg>
<arg>BF</arg>
<arg>BG</arg>
<arg>BH</arg>
<arg>BI</arg>
<arg>BJ</arg>
<arg>BL</arg>
<arg>BM</arg>
<arg>BN</arg>
<arg>BO</arg>
<arg>BQ</arg>
<arg>BR</arg>
<arg>BS</arg>
<arg>BT</arg>
<arg>BV</arg>
<arg>BW</arg>
<arg>BY</arg>
<arg>BZ</arg>
<arg>CA</arg>
<arg>CC</arg>
<arg>CD</arg>
<arg>CF</arg>
<arg>CG</arg>
<arg>CH</arg>
<arg>CI</arg>
<arg>CK</arg>
<arg>CL</arg>
<arg>CM</arg>
<arg>CN</arg>
<arg>CO</arg>
<arg>CR</arg>
<arg>CU</arg>
<arg>CV</arg>
<arg>CW</arg>
<arg>CX</arg>
<arg>CY</arg>
<arg>CZ</arg>
<arg>DE</arg>
<arg>DJ</arg>
<arg>DK</arg>
<arg>DM</arg>
<arg>DO</arg>
<arg>DZ</arg>
<arg>EC</arg>
<arg>EE</arg>
<arg>EG</arg>
<arg>EH</arg>
<arg>ER</arg>
<arg>ES</arg>
<arg>ET</arg>
<arg>FI</arg>
<arg>FJ</arg>
<arg>FK</arg>
<arg>FM</arg>
<arg>FO</arg>
<arg>FR</arg>
<arg>GA</arg>
<arg>GB</arg>
<arg>GD</arg>
<arg>GE</arg>
<arg>GF</arg>
<arg>GG</arg>
<arg>GH</arg>
<arg>GI</arg>
<arg>GL</arg>
<arg>GM</arg>
<arg>GN</arg>
<arg>GP</arg>
<arg>GQ</arg>
<arg>GR</arg>
<arg>GS</arg>
<arg>GT</arg>
<arg>GU</arg>
<arg>GW</arg>
<arg>GY</arg>
<arg>HK</arg>
<arg>HM</arg>
<arg>HN</arg>
<arg>HR</arg>
<arg>HT</arg>
<arg>HU</arg>
<arg>ID</arg>
<arg>IE</arg>
<arg>IL</arg>
<arg>IM</arg>
<arg>IN</arg>
<arg>IO</arg>
<arg>IQ</arg>
<arg>IR</arg>
<arg>IS</arg>
<arg>IT</arg>
<arg>JE</arg>
<arg>JM</arg>
<arg>JO</arg>
<arg>JP</arg>
<arg>KE</arg>
<arg>KG</arg>
<arg>KH</arg>
<arg>KI</arg>
<arg>KM</arg>
<arg>KN</arg>
<arg>KP</arg>
<arg>KR</arg>
<arg>KW</arg>
<arg>KY</arg>
<arg>KZ</arg>
<arg>LA</arg>
<arg>LB</arg>
<arg>LC</arg>
<arg>LI</arg>
<arg>LK</arg>
<arg>LR</arg>
<arg>LS</arg>
<arg>LT</arg>
<arg>LU</arg>
<arg>LV</arg>
<arg>LY</arg>
<arg>MA</arg>
<arg>MC</arg>
<arg>MD</arg>
<arg>ME</arg>
<arg>MF</arg>
<arg>MG</arg>
<arg>MH</arg>
<arg>MK</arg>
<arg>ML</arg>
<arg>MM</arg>
<arg>MN</arg>
<arg>MO</arg>
<arg>MP</arg>
<arg>MQ</arg>
<arg>MR</arg>
<arg>MS</arg>
<arg>MT</arg>
<arg>MU</arg>
<arg>MV</arg>
<arg>MW</arg>
<arg>MX</arg>
<arg>MY</arg>
<arg>MZ</arg>
<arg>NA</arg>
<arg>NC</arg>
<arg>NE</arg>
<arg>NF</arg>
<arg>NG</arg>
<arg>NI</arg>
<arg>NL</arg>
<arg>NO</arg>
<arg>NP</arg>
<arg>NR</arg>
<arg>NU</arg>
<arg>NZ</arg>
<arg>OM</arg>
<arg>PA</arg>
<arg>PE</arg>
<arg>PF</arg>
<arg>PG</arg>
<arg>PH</arg>
<arg>PK</arg>
<arg>PL</arg>
<arg>PM</arg>
<arg>PN</arg>
<arg>PR</arg>
<arg>PS</arg>
<arg>PT</arg>
<arg>PW</arg>
<arg>PY</arg>
<arg>QA</arg>
<arg>RE</arg>
<arg>RO</arg>
<arg>RS</arg>
<arg>RU</arg>
<arg>RW</arg>
<arg>SA</arg>
<arg>SB</arg>
<arg>SC</arg>
<arg>SD</arg>
<arg>SE</arg>
<arg>SG</arg>
<arg>SH</arg>
<arg>SI</arg>
<arg>SJ</arg>
<arg>SK</arg>
<arg>SL</arg>
<arg>SM</arg>
<arg>SN</arg>
<arg>SO</arg>
<arg>SR</arg>
<arg>SS</arg>
<arg>ST</arg>
<arg>SV</arg>
<arg>SX</arg>
<arg>SY</arg>
<arg>SZ</arg>
<arg>TC</arg>
<arg>TD</arg>
<arg>TF</arg>
<arg>TG</arg>
<arg>TH</arg>
<arg>TJ</arg>
<arg>TK</arg>
<arg>TL</arg>
<arg>TM</arg>
<arg>TN</arg>
<arg>TO</arg>
<arg>TR</arg>
<arg>TT</arg>
<arg>TV</arg>
<arg>TW</arg>
<arg>TZ</arg>
<arg>UA</arg>
<arg>UG</arg>
<arg>UM</arg>
<arg>US</arg>
<arg>UY</arg>
<arg>UZ</arg>
<arg>VA</arg>
<arg>VC</arg>
<arg>VE</arg>
<arg>VG</arg>
<arg>VI</arg>
<arg>VN</arg>
<arg>VU</arg>
<arg>WF</arg>
<arg>WS</arg>
<arg>XK</arg>
<arg>YE</arg>
<arg>YT</arg>
<arg>ZA</arg>
<arg>ZM</arg>
<arg>ZW</arg>
<doc>Returns a list containing given items.</doc>
<status status="PASS" start="2024-07-08T02:33:31.764378" elapsed="0.000612"/>
</kw>
<kw name="List Should Contain Value" owner="Collections">
<arg>${list_country}</arg>
<arg>${name_country}</arg>
<doc>Fails if the ``value`` is not found from ``list``.</doc>
<status status="PASS" start="2024-07-08T02:33:31.765811" elapsed="0.000203"/>
</kw>
<kw name="Run Keyword If" owner="BuiltIn">
<kw name="Should Be True" owner="BuiltIn">
<arg>${True}</arg>
<doc>Fails if the given condition is not true.</doc>
<status status="PASS" start="2024-07-08T02:33:31.766936" elapsed="0.000140"/>
</kw>
<arg>${json_data["results"][0]["location"]["coordinates"]["latitude"]} &gt;= -90 and ${json_data["results"][0]["location"]["coordinates"]["latitude"]} &lt;= 90</arg>
<arg>Should Be True</arg>
<arg>${True}</arg>
<doc>Runs the given keyword with the given arguments, if ``condition`` is true.</doc>
<status status="PASS" start="2024-07-08T02:33:31.766210" elapsed="0.000991"/>
</kw>
<kw name="Run Keyword If" owner="BuiltIn">
<kw name="Should Be True" owner="BuiltIn">
<arg>${True}</arg>
<doc>Fails if the given condition is not true.</doc>
<status status="PASS" start="2024-07-08T02:33:31.768062" elapsed="0.000136"/>
</kw>
<arg>${json_data["results"][0]["location"]["coordinates"]["longitude"]} &gt;= -180 and ${json_data["results"][0]["location"]["coordinates"]["longitude"]} &lt;= 180</arg>
<arg>Should Be True</arg>
<arg>${True}</arg>
<doc>Runs the given keyword with the given arguments, if ``condition`` is true.</doc>
<status status="PASS" start="2024-07-08T02:33:31.767379" elapsed="0.000943"/>
</kw>
<status status="PASS" start="2024-07-08T02:33:31.671607" elapsed="0.096844"/>
</kw>
<doc>Testa o conteúdo específico dos campos retornados pela API.</doc>
<tag>testeConteudo</tag>
<status status="PASS" start="2024-07-08T02:33:31.671148" elapsed="0.097447"/>
</test>
<status status="PASS" start="2024-07-08T02:33:30.370583" elapsed="1.400018"/>
</suite>
<status status="PASS" start="2024-07-08T02:33:30.356226" elapsed="1.419417"/>
</suite>
<statistics>
<total>
<stat pass="5" fail="0" skip="0">All Tests</stat>
</total>
<tag>
<stat pass="1" fail="0" skip="0">testeConteudo</stat>
<stat pass="1" fail="0" skip="0">testeEstruturaResposta</stat>
<stat pass="1" fail="0" skip="0">testeRequisicaoBasica</stat>
<stat pass="1" fail="0" skip="0">testeTiposDados</stat>
</tag>
<suite>
<stat pass="5" fail="0" skip="0" id="s1" name="Tests">Tests</stat>
<stat pass="5" fail="0" skip="0" id="s1-s1" name="Random-User-Test">Tests.Random-User-Test</stat>
</suite>
</statistics>
<errors>
</errors>
</robot>
